# TPCDS-Q23-1 First of two queries.
# start query 23 in stream 0 using template query23.tpl using seed 45104480
with frequent_ss_items as
 (select substr(i_item_desc,1,30) itemdesc,i_item_sk item_sk,d_date solddate,count(*) cnt
  from store_sales
      ,date_dim
      ,item
  where ss_sold_date_sk = d_date_sk
    and ss_item_sk = i_item_sk
    and d_year in (2000,2000+1,2000+2,2000+3)
  group by substr(i_item_desc,1,30),i_item_sk,d_date
  having count(*) >4),
 max_store_sales as
 (select max(csales) tpcds_cmax
  from (select c_customer_sk,sum(ss_quantity*ss_sales_price) csales
        from store_sales
            ,customer
            ,date_dim
        where ss_customer_sk = c_customer_sk
         and ss_sold_date_sk = d_date_sk
         and d_year in (2000,2000+1,2000+2,2000+3)
        group by c_customer_sk) x),
 best_ss_customer as
 (select c_customer_sk,sum(ss_quantity*ss_sales_price) ssales
  from store_sales
      ,customer
  where ss_customer_sk = c_customer_sk
  group by c_customer_sk
  having sum(ss_quantity*ss_sales_price) > (95/100.0) * (select
  *
from
 max_store_sales))
  select  sum(sales)
 from (select cs_quantity*cs_list_price sales
       from catalog_sales
           ,date_dim
       where d_year = 2000
         and d_moy = 5
         and cs_sold_date_sk = d_date_sk
         and cs_item_sk in (select item_sk from frequent_ss_items)
         and cs_bill_customer_sk in (select c_customer_sk from best_ss_customer)
      union all
      select ws_quantity*ws_list_price sales
       from web_sales
           ,date_dim
       where d_year = 2000
         and d_moy = 5
         and ws_sold_date_sk = d_date_sk
         and ws_item_sk in (select item_sk from frequent_ss_items)
         and ws_bill_customer_sk in (select c_customer_sk from best_ss_customer)) y
 limit 100;
---- PLAN
Max Per-Host Resource Reservation: Memory=301.31MB Threads=1
Per-Host Resource Estimates: Memory=69.83GB
F00:PLAN FRAGMENT [UNPARTITIONED] hosts=1 instances=1
|  Per-Instance Resources: mem-estimate=69.83GB mem-reservation=301.31MB thread-reservation=1 runtime-filters-memory=70.00MB
|  max-parallelism=1 segment-costs=[48663212322, 207415777, 7394305285, 9711133854, 2100000, 48663212322, 207415777, 7394305285, 9711133854, 2100000, 722596118, 0]
PLAN-ROOT SINK
|  output exprs: sum(sales)
|  mem-estimate=0B mem-reservation=0B thread-reservation=0 cost=0
|
49:AGGREGATE [FINALIZE]
|  output: sum(sales)
|  limit: 100
|  mem-estimate=16.00KB mem-reservation=0B spill-buffer=2.00MB thread-reservation=0
|  tuple-ids=46 row-size=16B cardinality=1 cost=24600191
|  in pipelines: 49(GETNEXT), 01(OPEN), 25(OPEN)
|
00:UNION
|  mem-estimate=0B mem-reservation=0B thread-reservation=0
|  tuple-ids=44 row-size=8B cardinality=351.43M cost=17944082
|  in pipelines: 01(GETNEXT), 25(GETNEXT)
|
|--48:HASH JOIN [LEFT SEMI JOIN]
|  |  hash predicates: ws_bill_customer_sk = c_customer_sk
|  |  runtime filters: RF017[min_max] <- c_customer_sk
|  |  mem-estimate=1.76GB mem-reservation=34.00MB spill-buffer=2.00MB thread-reservation=0
|  |  tuple-ids=22,23 row-size=32B cardinality=117.63M cost=84103382
|  |  in pipelines: 25(GETNEXT), 36(OPEN)
|  |
|  |--44:NESTED LOOP JOIN [INNER JOIN]
|  |  |  predicates: sum(ss_quantity * ss_sales_price) > CAST(0.950000 AS DECIMAL(10,6)) * max(csales)
|  |  |  mem-estimate=16B mem-reservation=0B thread-reservation=0
|  |  |  tuple-ids=32,39 row-size=36B cardinality=30.00M cost=6147000
|  |  |  in pipelines: 36(GETNEXT), 43(OPEN)
|  |  |
|  |  |--43:AGGREGATE [FINALIZE]
|  |  |  |  output: max(sum(ss_quantity * ss_sales_price))
|  |  |  |  mem-estimate=16.00KB mem-reservation=0B spill-buffer=2.00MB thread-reservation=0
|  |  |  |  tuple-ids=39 row-size=16B cardinality=1 cost=2100000
|  |  |  |  in pipelines: 43(GETNEXT), 42(OPEN)
|  |  |  |
|  |  |  42:AGGREGATE [FINALIZE]
|  |  |  |  output: sum(CAST(ss_quantity AS DECIMAL(10,0)) * ss_sales_price)
|  |  |  |  group by: c_customer_sk
|  |  |  |  mem-estimate=915.53MB mem-reservation=34.00MB spill-buffer=2.00MB thread-reservation=0
|  |  |  |  tuple-ids=37 row-size=20B cardinality=30.00M cost=1974567981
|  |  |  |  in pipelines: 42(GETNEXT), 37(OPEN)
|  |  |  |
|  |  |  41:HASH JOIN [INNER JOIN]
|  |  |  |  hash predicates: ss_customer_sk = c_customer_sk
|  |  |  |  fk/pk conjuncts: ss_customer_sk = c_customer_sk
|  |  |  |  runtime filters: RF028[bloom] <- c_customer_sk, RF029[min_max] <- c_customer_sk
|  |  |  |  mem-estimate=882.44MB mem-reservation=34.00MB spill-buffer=2.00MB thread-reservation=0
|  |  |  |  tuple-ids=34,36,35 row-size=28B cardinality=6.48G cost=3016317151
|  |  |  |  in pipelines: 37(GETNEXT), 38(OPEN)
|  |  |  |
|  |  |  |--38:SCAN HDFS [tpcds_partitioned_parquet_snap.customer]
|  |  |  |     HDFS partitions=1/1 files=1 size=5.49MB
|  |  |  |     stored statistics:
|  |  |  |       table: rows=30.00M size=1.55GB
|  |  |  |       columns: all
|  |  |  |     extrapolated-rows=disabled max-scan-range-rows=3.10M
|  |  |  |     mem-estimate=16.00MB mem-reservation=1.00MB thread-reservation=0
|  |  |  |     tuple-ids=35 row-size=4B cardinality=30.00M cost=1728000
|  |  |  |     in pipelines: 38(GETNEXT)
|  |  |  |
|  |  |  40:HASH JOIN [INNER JOIN]
|  |  |  |  hash predicates: ss_sold_date_sk = d_date_sk
|  |  |  |  fk/pk conjuncts: ss_sold_date_sk = d_date_sk
|  |  |  |  runtime filters: RF030[bloom] <- d_date_sk
|  |  |  |  mem-estimate=1.94MB mem-reservation=1.94MB spill-buffer=64.00KB thread-reservation=0
|  |  |  |  tuple-ids=34,36 row-size=24B cardinality=7.06G cost=3091292145
|  |  |  |  in pipelines: 37(GETNEXT), 39(OPEN)
|  |  |  |
|  |  |  |--39:SCAN HDFS [tpcds_partitioned_parquet_snap.date_dim]
|  |  |  |     HDFS partitions=1/1 files=1 size=2.17MB
|  |  |  |     predicates: d_year IN (CAST(2000 AS INT), CAST(2001 AS INT), CAST(2002 AS INT), CAST(2003 AS INT))
|  |  |  |     stored statistics:
|  |  |  |       table: rows=73.05K size=2.17MB
|  |  |  |       columns: all
|  |  |  |     extrapolated-rows=disabled max-scan-range-rows=73.05K
|  |  |  |     parquet statistics predicates: d_year IN (CAST(2000 AS INT), CAST(2001 AS INT), CAST(2002 AS INT), CAST(2003 AS INT))
|  |  |  |     parquet dictionary predicates: d_year IN (CAST(2000 AS INT), CAST(2001 AS INT), CAST(2002 AS INT), CAST(2003 AS INT))
|  |  |  |     mem-estimate=16.00MB mem-reservation=512.00KB thread-reservation=0
|  |  |  |     tuple-ids=36 row-size=8B cardinality=1.49K cost=10467
|  |  |  |     in pipelines: 39(GETNEXT)
|  |  |  |
|  |  |  37:SCAN HDFS [tpcds_partitioned_parquet_snap.store_sales]
|  |  |     HDFS partitions=1824/1824 files=1824 size=199.33MB
|  |  |     runtime filters: RF029[min_max] -> ss_customer_sk, RF030[bloom] -> ss_sold_date_sk, RF028[bloom] -> ss_customer_sk
|  |  |     stored statistics:
|  |  |       table: rows=8.64G size=389.90GB
|  |  |       partitions: 1824/1824 rows=8.64G
|  |  |       columns: all
|  |  |     extrapolated-rows=disabled max-scan-range-rows=390.22M est-scan-range=1491(filtered from 1824)
|  |  |     mem-estimate=16.00MB mem-reservation=8.00MB thread-reservation=0
|  |  |     tuple-ids=34 row-size=16B cardinality=7.06G(filtered from 8.64G) cost=1627218110
|  |  |     in pipelines: 37(GETNEXT)
|  |  |
|  |  36:AGGREGATE [FINALIZE]
|  |  |  output: sum(CAST(ss_quantity AS DECIMAL(10,0)) * ss_sales_price)
|  |  |  group by: c_customer_sk
|  |  |  mem-estimate=915.53MB mem-reservation=34.00MB spill-buffer=2.00MB thread-reservation=0
|  |  |  tuple-ids=32 row-size=20B cardinality=30.00M cost=2398099308
|  |  |  in pipelines: 36(GETNEXT), 33(OPEN)
|  |  |
|  |  35:HASH JOIN [INNER JOIN]
|  |  |  hash predicates: ss_customer_sk = c_customer_sk
|  |  |  fk/pk conjuncts: ss_customer_sk = c_customer_sk
|  |  |  runtime filters: RF026[bloom] <- c_customer_sk, RF027[min_max] <- c_customer_sk
|  |  |  mem-estimate=882.44MB mem-reservation=34.00MB spill-buffer=2.00MB thread-reservation=0
|  |  |  tuple-ids=30,31 row-size=16B cardinality=7.93G cost=3501497176
|  |  |  in pipelines: 33(GETNEXT), 34(OPEN)
|  |  |
|  |  |--34:SCAN HDFS [tpcds_partitioned_parquet_snap.customer]
|  |  |     HDFS partitions=1/1 files=1 size=5.49MB
|  |  |     stored statistics:
|  |  |       table: rows=30.00M size=1.55GB
|  |  |       columns: all
|  |  |     extrapolated-rows=disabled max-scan-range-rows=3.10M
|  |  |     mem-estimate=16.00MB mem-reservation=1.00MB thread-reservation=0
|  |  |     tuple-ids=31 row-size=4B cardinality=30.00M cost=1728000
|  |  |     in pipelines: 34(GETNEXT)
|  |  |
|  |  33:SCAN HDFS [tpcds_partitioned_parquet_snap.store_sales]
|  |     HDFS partitions=1824/1824 files=1824 size=199.33MB
|  |     runtime filters: RF027[min_max] -> ss_customer_sk, RF026[bloom] -> ss_customer_sk
|  |     stored statistics:
|  |       table: rows=8.64G size=389.90GB
|  |       partitions: 1824/1824 rows=8.64G
|  |       columns: all
|  |     extrapolated-rows=disabled max-scan-range-rows=390.22M
|  |     mem-estimate=16.00MB mem-reservation=8.00MB thread-reservation=0
|  |     tuple-ids=30 row-size=12B cardinality=7.93G(filtered from 8.64G) cost=1492980801
|  |     in pipelines: 33(GETNEXT)
|  |
|  47:HASH JOIN [LEFT SEMI JOIN]
|  |  hash predicates: ws_item_sk = i_item_sk
|  |  runtime filters: RF019[min_max] <- i_item_sk
|  |  mem-estimate=17.00MB mem-reservation=17.00MB spill-buffer=1.00MB thread-reservation=0
|  |  tuple-ids=22,23 row-size=32B cardinality=127.83M cost=56327115
|  |  in pipelines: 25(GETNEXT), 46(OPEN)
|  |
|  |--46:AGGREGATE [FINALIZE]
|  |  |  group by: i_item_sk
|  |  |  mem-estimate=10.00MB mem-reservation=8.50MB spill-buffer=512.00KB thread-reservation=0
|  |  |  tuple-ids=68 row-size=4B cardinality=360.00K cost=207415777
|  |  |  in pipelines: 46(GETNEXT), 32(OPEN)
|  |  |
|  |  32:AGGREGATE [FINALIZE]
|  |  |  output: count(*)
|  |  |  group by: substr(i_item_desc, CAST(1 AS BIGINT), CAST(30 AS BIGINT)), i_item_sk, d_date
|  |  |  having: count(*) > CAST(4 AS BIGINT)
|  |  |  mem-estimate=66.12GB mem-reservation=34.00MB spill-buffer=2.00MB thread-reservation=0
|  |  |  tuple-ids=27 row-size=28B cardinality=705.90M cost=41666743099
|  |  |  in pipelines: 32(GETNEXT), 27(OPEN)
|  |  |
|  |  31:HASH JOIN [INNER JOIN]
|  |  |  hash predicates: ss_item_sk = i_item_sk
|  |  |  fk/pk conjuncts: ss_item_sk = i_item_sk
|  |  |  runtime filters: RF023[min_max] <- i_item_sk
|  |  |  mem-estimate=52.03MB mem-reservation=34.00MB spill-buffer=2.00MB thread-reservation=0
|  |  |  tuple-ids=24,25,26 row-size=137B cardinality=7.06G cost=3091011105
|  |  |  in pipelines: 27(GETNEXT), 29(OPEN)
|  |  |
|  |  |--29:SCAN HDFS [tpcds_partitioned_parquet_snap.item]
|  |  |     HDFS partitions=1/1 files=1 size=1.73MB
|  |  |     stored statistics:
|  |  |       table: rows=360.00K size=33.54MB
|  |  |       columns: all
|  |  |     extrapolated-rows=disabled max-scan-range-rows=101.54K
|  |  |     mem-estimate=16.00MB mem-reservation=512.00KB thread-reservation=0
|  |  |     tuple-ids=26 row-size=117B cardinality=360.00K cost=542243
|  |  |     in pipelines: 29(GETNEXT)
|  |  |
|  |  30:HASH JOIN [INNER JOIN]
|  |  |  hash predicates: ss_sold_date_sk = d_date_sk
|  |  |  fk/pk conjuncts: ss_sold_date_sk = d_date_sk
|  |  |  runtime filters: RF024[bloom] <- d_date_sk
|  |  |  mem-estimate=1.94MB mem-reservation=1.94MB spill-buffer=64.00KB thread-reservation=0
|  |  |  tuple-ids=24,25 row-size=20B cardinality=7.06G cost=3091292145
|  |  |  in pipelines: 27(GETNEXT), 28(OPEN)
|  |  |
|  |  |--28:SCAN HDFS [tpcds_partitioned_parquet_snap.date_dim]
|  |  |     HDFS partitions=1/1 files=1 size=2.17MB
|  |  |     predicates: d_year IN (CAST(2000 AS INT), CAST(2001 AS INT), CAST(2002 AS INT), CAST(2003 AS INT))
|  |  |     stored statistics:
|  |  |       table: rows=73.05K size=2.17MB
|  |  |       columns: all
|  |  |     extrapolated-rows=disabled max-scan-range-rows=73.05K
|  |  |     parquet statistics predicates: d_year IN (CAST(2000 AS INT), CAST(2001 AS INT), CAST(2002 AS INT), CAST(2003 AS INT))
|  |  |     parquet dictionary predicates: d_year IN (CAST(2000 AS INT), CAST(2001 AS INT), CAST(2002 AS INT), CAST(2003 AS INT))
|  |  |     mem-estimate=16.00MB mem-reservation=1.00MB thread-reservation=0
|  |  |     tuple-ids=25 row-size=12B cardinality=1.49K cost=14675
|  |  |     in pipelines: 28(GETNEXT)
|  |  |
|  |  27:SCAN HDFS [tpcds_partitioned_parquet_snap.store_sales]
|  |     HDFS partitions=1824/1824 files=1824 size=199.33MB
|  |     runtime filters: RF023[min_max] -> ss_item_sk, RF024[bloom] -> ss_sold_date_sk
|  |     stored statistics:
|  |       table: rows=8.64G size=389.90GB
|  |       partitions: 1824/1824 rows=8.64G
|  |       columns: all
|  |     extrapolated-rows=disabled max-scan-range-rows=390.22M est-scan-range=1491(filtered from 1824)
|  |     mem-estimate=16.00MB mem-reservation=4.00MB thread-reservation=0
|  |     tuple-ids=24 row-size=8B cardinality=7.06G(filtered from 8.64G) cost=813609055
|  |     in pipelines: 27(GETNEXT)
|  |
|  45:HASH JOIN [INNER JOIN]
|  |  hash predicates: ws_sold_date_sk = d_date_sk
|  |  fk/pk conjuncts: ws_sold_date_sk = d_date_sk
|  |  runtime filters: RF020[bloom] <- d_date_sk
|  |  mem-estimate=1.94MB mem-reservation=1.94MB spill-buffer=64.00KB thread-reservation=0
|  |  tuple-ids=22,23 row-size=32B cardinality=127.89M cost=55978804
|  |  in pipelines: 25(GETNEXT), 26(OPEN)
|  |
|  |--26:SCAN HDFS [tpcds_partitioned_parquet_snap.date_dim]
|  |     HDFS partitions=1/1 files=1 size=2.17MB
|  |     predicates: d_year = CAST(2000 AS INT), d_moy = CAST(5 AS INT)
|  |     stored statistics:
|  |       table: rows=73.05K size=2.17MB
|  |       columns: all
|  |     extrapolated-rows=disabled max-scan-range-rows=73.05K
|  |     parquet statistics predicates: d_year = CAST(2000 AS INT), d_moy = CAST(5 AS INT)
|  |     parquet dictionary predicates: d_year = CAST(2000 AS INT), d_moy = CAST(5 AS INT)
|  |     mem-estimate=16.00MB mem-reservation=512.00KB thread-reservation=0
|  |     tuple-ids=23 row-size=12B cardinality=108 cost=16728
|  |     in pipelines: 26(GETNEXT)
|  |
|  25:SCAN HDFS [tpcds_partitioned_parquet_snap.web_sales]
|     HDFS partitions=1824/1824 files=1824 size=84.18MB
|     runtime filters: RF017[min_max] -> ws_bill_customer_sk, RF019[min_max] -> ws_item_sk, RF020[bloom] -> ws_sold_date_sk
|     stored statistics:
|       table: rows=2.16G size=145.75GB
|       partitions: 1824/1824 rows=2.16G
|       columns: all
|     extrapolated-rows=disabled max-scan-range-rows=3.37M est-scan-range=109(filtered from 1824)
|     mem-estimate=16.00MB mem-reservation=128.00KB thread-reservation=0
|     tuple-ids=22 row-size=20B cardinality=127.89M(filtered from 2.16G) cost=36833138
|     in pipelines: 25(GETNEXT)
|
24:HASH JOIN [LEFT SEMI JOIN]
|  hash predicates: cs_bill_customer_sk = c_customer_sk
|  runtime filters: RF001[min_max] <- c_customer_sk
|  mem-estimate=1.76GB mem-reservation=34.00MB spill-buffer=2.00MB thread-reservation=0
|  tuple-ids=0,1 row-size=32B cardinality=233.80M cost=137691776
|  in pipelines: 01(GETNEXT), 12(OPEN)
|
|--20:NESTED LOOP JOIN [INNER JOIN]
|  |  predicates: sum(ss_quantity * ss_sales_price) > CAST(0.950000 AS DECIMAL(10,6)) * max(csales)
|  |  mem-estimate=16B mem-reservation=0B thread-reservation=0
|  |  tuple-ids=10,17 row-size=36B cardinality=30.00M cost=6147000
|  |  in pipelines: 12(GETNEXT), 19(OPEN)
|  |
|  |--19:AGGREGATE [FINALIZE]
|  |  |  output: max(sum(ss_quantity * ss_sales_price))
|  |  |  mem-estimate=16.00KB mem-reservation=0B spill-buffer=2.00MB thread-reservation=0
|  |  |  tuple-ids=17 row-size=16B cardinality=1 cost=2100000
|  |  |  in pipelines: 19(GETNEXT), 18(OPEN)
|  |  |
|  |  18:AGGREGATE [FINALIZE]
|  |  |  output: sum(CAST(ss_quantity AS DECIMAL(10,0)) * ss_sales_price)
|  |  |  group by: c_customer_sk
|  |  |  mem-estimate=915.53MB mem-reservation=34.00MB spill-buffer=2.00MB thread-reservation=0
|  |  |  tuple-ids=15 row-size=20B cardinality=30.00M cost=1974567981
|  |  |  in pipelines: 18(GETNEXT), 13(OPEN)
|  |  |
|  |  17:HASH JOIN [INNER JOIN]
|  |  |  hash predicates: ss_customer_sk = c_customer_sk
|  |  |  fk/pk conjuncts: ss_customer_sk = c_customer_sk
|  |  |  runtime filters: RF012[bloom] <- c_customer_sk, RF013[min_max] <- c_customer_sk
|  |  |  mem-estimate=882.44MB mem-reservation=34.00MB spill-buffer=2.00MB thread-reservation=0
|  |  |  tuple-ids=12,14,13 row-size=28B cardinality=6.48G cost=3016317151
|  |  |  in pipelines: 13(GETNEXT), 14(OPEN)
|  |  |
|  |  |--14:SCAN HDFS [tpcds_partitioned_parquet_snap.customer]
|  |  |     HDFS partitions=1/1 files=1 size=5.49MB
|  |  |     stored statistics:
|  |  |       table: rows=30.00M size=1.55GB
|  |  |       columns: all
|  |  |     extrapolated-rows=disabled max-scan-range-rows=3.10M
|  |  |     mem-estimate=16.00MB mem-reservation=1.00MB thread-reservation=0
|  |  |     tuple-ids=13 row-size=4B cardinality=30.00M cost=1728000
|  |  |     in pipelines: 14(GETNEXT)
|  |  |
|  |  16:HASH JOIN [INNER JOIN]
|  |  |  hash predicates: ss_sold_date_sk = d_date_sk
|  |  |  fk/pk conjuncts: ss_sold_date_sk = d_date_sk
|  |  |  runtime filters: RF014[bloom] <- d_date_sk
|  |  |  mem-estimate=1.94MB mem-reservation=1.94MB spill-buffer=64.00KB thread-reservation=0
|  |  |  tuple-ids=12,14 row-size=24B cardinality=7.06G cost=3091292145
|  |  |  in pipelines: 13(GETNEXT), 15(OPEN)
|  |  |
|  |  |--15:SCAN HDFS [tpcds_partitioned_parquet_snap.date_dim]
|  |  |     HDFS partitions=1/1 files=1 size=2.17MB
|  |  |     predicates: d_year IN (CAST(2000 AS INT), CAST(2001 AS INT), CAST(2002 AS INT), CAST(2003 AS INT))
|  |  |     stored statistics:
|  |  |       table: rows=73.05K size=2.17MB
|  |  |       columns: all
|  |  |     extrapolated-rows=disabled max-scan-range-rows=73.05K
|  |  |     parquet statistics predicates: d_year IN (CAST(2000 AS INT), CAST(2001 AS INT), CAST(2002 AS INT), CAST(2003 AS INT))
|  |  |     parquet dictionary predicates: d_year IN (CAST(2000 AS INT), CAST(2001 AS INT), CAST(2002 AS INT), CAST(2003 AS INT))
|  |  |     mem-estimate=16.00MB mem-reservation=512.00KB thread-reservation=0
|  |  |     tuple-ids=14 row-size=8B cardinality=1.49K cost=10467
|  |  |     in pipelines: 15(GETNEXT)
|  |  |
|  |  13:SCAN HDFS [tpcds_partitioned_parquet_snap.store_sales]
|  |     HDFS partitions=1824/1824 files=1824 size=199.33MB
|  |     runtime filters: RF013[min_max] -> ss_customer_sk, RF014[bloom] -> ss_sold_date_sk, RF012[bloom] -> ss_customer_sk
|  |     stored statistics:
|  |       table: rows=8.64G size=389.90GB
|  |       partitions: 1824/1824 rows=8.64G
|  |       columns: all
|  |     extrapolated-rows=disabled max-scan-range-rows=390.22M est-scan-range=1491(filtered from 1824)
|  |     mem-estimate=16.00MB mem-reservation=8.00MB thread-reservation=0
|  |     tuple-ids=12 row-size=16B cardinality=7.06G(filtered from 8.64G) cost=1627218110
|  |     in pipelines: 13(GETNEXT)
|  |
|  12:AGGREGATE [FINALIZE]
|  |  output: sum(CAST(ss_quantity AS DECIMAL(10,0)) * ss_sales_price)
|  |  group by: c_customer_sk
|  |  mem-estimate=915.53MB mem-reservation=34.00MB spill-buffer=2.00MB thread-reservation=0
|  |  tuple-ids=10 row-size=20B cardinality=30.00M cost=2398099308
|  |  in pipelines: 12(GETNEXT), 09(OPEN)
|  |
|  11:HASH JOIN [INNER JOIN]
|  |  hash predicates: ss_customer_sk = c_customer_sk
|  |  fk/pk conjuncts: ss_customer_sk = c_customer_sk
|  |  runtime filters: RF010[bloom] <- c_customer_sk, RF011[min_max] <- c_customer_sk
|  |  mem-estimate=882.44MB mem-reservation=34.00MB spill-buffer=2.00MB thread-reservation=0
|  |  tuple-ids=8,9 row-size=16B cardinality=7.93G cost=3501497176
|  |  in pipelines: 09(GETNEXT), 10(OPEN)
|  |
|  |--10:SCAN HDFS [tpcds_partitioned_parquet_snap.customer]
|  |     HDFS partitions=1/1 files=1 size=5.49MB
|  |     stored statistics:
|  |       table: rows=30.00M size=1.55GB
|  |       columns: all
|  |     extrapolated-rows=disabled max-scan-range-rows=3.10M
|  |     mem-estimate=16.00MB mem-reservation=1.00MB thread-reservation=0
|  |     tuple-ids=9 row-size=4B cardinality=30.00M cost=1728000
|  |     in pipelines: 10(GETNEXT)
|  |
|  09:SCAN HDFS [tpcds_partitioned_parquet_snap.store_sales]
|     HDFS partitions=1824/1824 files=1824 size=199.33MB
|     runtime filters: RF011[min_max] -> ss_customer_sk, RF010[bloom] -> ss_customer_sk
|     stored statistics:
|       table: rows=8.64G size=389.90GB
|       partitions: 1824/1824 rows=8.64G
|       columns: all
|     extrapolated-rows=disabled max-scan-range-rows=390.22M
|     mem-estimate=16.00MB mem-reservation=8.00MB thread-reservation=0
|     tuple-ids=8 row-size=12B cardinality=7.93G(filtered from 8.64G) cost=1492980801
|     in pipelines: 09(GETNEXT)
|
23:HASH JOIN [LEFT SEMI JOIN]
|  hash predicates: cs_item_sk = i_item_sk
|  runtime filters: RF003[min_max] <- i_item_sk
|  mem-estimate=17.00MB mem-reservation=17.00MB spill-buffer=1.00MB thread-reservation=0
|  tuple-ids=0,1 row-size=32B cardinality=254.69M cost=111869966
|  in pipelines: 01(GETNEXT), 22(OPEN)
|
|--22:AGGREGATE [FINALIZE]
|  |  group by: i_item_sk
|  |  mem-estimate=10.00MB mem-reservation=8.50MB spill-buffer=512.00KB thread-reservation=0
|  |  tuple-ids=57 row-size=4B cardinality=360.00K cost=207415777
|  |  in pipelines: 22(GETNEXT), 08(OPEN)
|  |
|  08:AGGREGATE [FINALIZE]
|  |  output: count(*)
|  |  group by: substr(i_item_desc, CAST(1 AS BIGINT), CAST(30 AS BIGINT)), i_item_sk, d_date
|  |  having: count(*) > CAST(4 AS BIGINT)
|  |  mem-estimate=66.12GB mem-reservation=34.00MB spill-buffer=2.00MB thread-reservation=0
|  |  tuple-ids=5 row-size=28B cardinality=705.90M cost=41666743099
|  |  in pipelines: 08(GETNEXT), 03(OPEN)
|  |
|  07:HASH JOIN [INNER JOIN]
|  |  hash predicates: ss_item_sk = i_item_sk
|  |  fk/pk conjuncts: ss_item_sk = i_item_sk
|  |  runtime filters: RF007[min_max] <- i_item_sk
|  |  mem-estimate=52.03MB mem-reservation=34.00MB spill-buffer=2.00MB thread-reservation=0
|  |  tuple-ids=2,3,4 row-size=137B cardinality=7.06G cost=3091011105
|  |  in pipelines: 03(GETNEXT), 05(OPEN)
|  |
|  |--05:SCAN HDFS [tpcds_partitioned_parquet_snap.item]
|  |     HDFS partitions=1/1 files=1 size=1.73MB
|  |     stored statistics:
|  |       table: rows=360.00K size=33.54MB
|  |       columns: all
|  |     extrapolated-rows=disabled max-scan-range-rows=101.54K
|  |     mem-estimate=16.00MB mem-reservation=512.00KB thread-reservation=0
|  |     tuple-ids=4 row-size=117B cardinality=360.00K cost=542243
|  |     in pipelines: 05(GETNEXT)
|  |
|  06:HASH JOIN [INNER JOIN]
|  |  hash predicates: ss_sold_date_sk = d_date_sk
|  |  fk/pk conjuncts: ss_sold_date_sk = d_date_sk
|  |  runtime filters: RF008[bloom] <- d_date_sk
|  |  mem-estimate=1.94MB mem-reservation=1.94MB spill-buffer=64.00KB thread-reservation=0
|  |  tuple-ids=2,3 row-size=20B cardinality=7.06G cost=3091292145
|  |  in pipelines: 03(GETNEXT), 04(OPEN)
|  |
|  |--04:SCAN HDFS [tpcds_partitioned_parquet_snap.date_dim]
|  |     HDFS partitions=1/1 files=1 size=2.17MB
|  |     predicates: d_year IN (CAST(2000 AS INT), CAST(2001 AS INT), CAST(2002 AS INT), CAST(2003 AS INT))
|  |     stored statistics:
|  |       table: rows=73.05K size=2.17MB
|  |       columns: all
|  |     extrapolated-rows=disabled max-scan-range-rows=73.05K
|  |     parquet statistics predicates: d_year IN (CAST(2000 AS INT), CAST(2001 AS INT), CAST(2002 AS INT), CAST(2003 AS INT))
|  |     parquet dictionary predicates: d_year IN (CAST(2000 AS INT), CAST(2001 AS INT), CAST(2002 AS INT), CAST(2003 AS INT))
|  |     mem-estimate=16.00MB mem-reservation=1.00MB thread-reservation=0
|  |     tuple-ids=3 row-size=12B cardinality=1.49K cost=14675
|  |     in pipelines: 04(GETNEXT)
|  |
|  03:SCAN HDFS [tpcds_partitioned_parquet_snap.store_sales]
|     HDFS partitions=1824/1824 files=1824 size=199.33MB
|     runtime filters: RF007[min_max] -> ss_item_sk, RF008[bloom] -> ss_sold_date_sk
|     stored statistics:
|       table: rows=8.64G size=389.90GB
|       partitions: 1824/1824 rows=8.64G
|       columns: all
|     extrapolated-rows=disabled max-scan-range-rows=390.22M est-scan-range=1491(filtered from 1824)
|     mem-estimate=16.00MB mem-reservation=4.00MB thread-reservation=0
|     tuple-ids=2 row-size=8B cardinality=7.06G(filtered from 8.64G) cost=813609055
|     in pipelines: 03(GETNEXT)
|
21:HASH JOIN [INNER JOIN]
|  hash predicates: cs_sold_date_sk = d_date_sk
|  fk/pk conjuncts: cs_sold_date_sk = d_date_sk
|  runtime filters: RF004[bloom] <- d_date_sk
|  mem-estimate=1.94MB mem-reservation=1.94MB spill-buffer=64.00KB thread-reservation=0
|  tuple-ids=0,1 row-size=32B cardinality=254.82M cost=111533149
|  in pipelines: 01(GETNEXT), 02(OPEN)
|
|--02:SCAN HDFS [tpcds_partitioned_parquet_snap.date_dim]
|     HDFS partitions=1/1 files=1 size=2.17MB
|     predicates: d_year = CAST(2000 AS INT), d_moy = CAST(5 AS INT)
|     stored statistics:
|       table: rows=73.05K size=2.17MB
|       columns: all
|     extrapolated-rows=disabled max-scan-range-rows=73.05K
|     parquet statistics predicates: d_year = CAST(2000 AS INT), d_moy = CAST(5 AS INT)
|     parquet dictionary predicates: d_year = CAST(2000 AS INT), d_moy = CAST(5 AS INT)
|     mem-estimate=16.00MB mem-reservation=512.00KB thread-reservation=0
|     tuple-ids=1 row-size=12B cardinality=108 cost=16728
|     in pipelines: 02(GETNEXT)
|
01:SCAN HDFS [tpcds_partitioned_parquet_snap.catalog_sales]
   HDFS partitions=1831/1831 files=1831 size=150.82MB
   runtime filters: RF001[min_max] -> cs_bill_customer_sk, RF003[min_max] -> cs_item_sk, RF004[bloom] -> cs_sold_date_sk
   stored statistics:
     table: rows=4.32G size=280.96GB
     partitions: 1831/1831 rows=4.32G
     columns: all
   extrapolated-rows=disabled max-scan-range-rows=21.52M est-scan-range=109(filtered from 1831)
   mem-estimate=16.00MB mem-reservation=1.00MB thread-reservation=0
   tuple-ids=0 row-size=20B cardinality=254.82M(filtered from 4.32G) cost=73387059
   in pipelines: 01(GETNEXT)
---- DISTRIBUTEDPLAN
Max Per-Host Resource Reservation: Memory=7.82GB Threads=181
Per-Host Resource Estimates: Memory=93.28GB
F31:PLAN FRAGMENT [UNPARTITIONED] hosts=1 instances=1
|  Per-Instance Resources: mem-estimate=32.00KB mem-reservation=0B thread-reservation=1
|  max-parallelism=1 segment-costs=[0, 0] cpu-comparison-result=742 [max(1 (self) vs 742 (sum children))]
PLAN-ROOT SINK
|  output exprs: sum(sales)
|  mem-estimate=0B mem-reservation=0B thread-reservation=0 cost=0
|
89:AGGREGATE [FINALIZE]
|  output: sum:merge(sales)
|  limit: 100
|  mem-estimate=16.00KB mem-reservation=0B spill-buffer=2.00MB thread-reservation=0
|  tuple-ids=46 row-size=16B cardinality=1 cost=0
|  in pipelines: 89(GETNEXT), 49(OPEN)
|
88:EXCHANGE [UNPARTITIONED]
|  mem-estimate=16.00KB mem-reservation=0B thread-reservation=0
|  tuple-ids=46 row-size=16B cardinality=1 cost=0
|  in pipelines: 49(GETNEXT)
|
F30:PLAN FRAGMENT [RANDOM] hosts=10 instances=109 (adjusted from 120)
Per-Instance Resources: mem-estimate=14.27MB mem-reservation=0B thread-reservation=1
max-parallelism=109 segment-costs=[317220421, 1] cpu-comparison-result=742 [max(278 (self) vs 742 (sum children))]
49:AGGREGATE
|  output: sum(sales)
|  mem-estimate=16.00KB mem-reservation=0B spill-buffer=2.00MB thread-reservation=0
|  tuple-ids=46 row-size=16B cardinality=1 cost=24600191
|  in pipelines: 49(GETNEXT), 01(OPEN), 25(OPEN)
|
00:UNION
|  mem-estimate=0B mem-reservation=0B thread-reservation=0
|  tuple-ids=44 row-size=8B cardinality=351.43M cost=17944082
|  in pipelines: 01(GETNEXT), 25(GETNEXT)
|
|--48:HASH JOIN [LEFT SEMI JOIN, PARTITIONED]
|  |  hash-table-id=05
|  |  hash predicates: ws_bill_customer_sk = c_customer_sk
|  |  mem-estimate=0B mem-reservation=0B spill-buffer=2.00MB thread-reservation=0
|  |  tuple-ids=22,23 row-size=32B cardinality=117.63M cost=54103382
|  |  in pipelines: 25(GETNEXT), 79(OPEN)
|  |
|  |--F37:PLAN FRAGMENT [RANDOM] hosts=10 instances=109 (adjusted from 120)
|  |  |  Per-Instance Resources: mem-estimate=51.00MB mem-reservation=51.00MB thread-reservation=1
|  |  |  max-parallelism=109 segment-costs=[92758934, 36147000] cpu-comparison-result=240 [max(109 (self) vs 240 (sum children))]
|  |  JOIN BUILD
|  |  |  join-table-id=05 plan-id=06 cohort-id=01
|  |  |  build expressions: c_customer_sk
|  |  |  runtime filters: RF017[min_max] <- c_customer_sk
|  |  |  mem-estimate=34.00MB mem-reservation=34.00MB spill-buffer=2.00MB thread-reservation=0 cost=30000000
|  |  |
|  |  44:NESTED LOOP JOIN [INNER JOIN, BROADCAST]
|  |  |  join table id: 06
|  |  |  predicates: sum(ss_quantity * ss_sales_price) > CAST(0.950000 AS DECIMAL(10,6)) * max(csales)
|  |  |  mem-estimate=0B mem-reservation=0B thread-reservation=0
|  |  |  tuple-ids=32,39 row-size=36B cardinality=30.00M cost=6147000
|  |  |  in pipelines: 79(GETNEXT), 85(OPEN)
|  |  |
|  |  |--F38:PLAN FRAGMENT [RANDOM] hosts=10 instances=10
|  |  |  |  Per-Instance Resources: mem-estimate=16.02KB mem-reservation=0B thread-reservation=1
|  |  |  |  max-parallelism=10 segment-costs=[0] cpu-comparison-result=120 [max(10 (self) vs 120 (sum children))]
|  |  |  JOIN BUILD
|  |  |  |  join-table-id=06 plan-id=07 cohort-id=04
|  |  |  |  mem-estimate=16B mem-reservation=0B thread-reservation=0 cost=0
|  |  |  |
|  |  |  86:EXCHANGE [BROADCAST]
|  |  |  |  mem-estimate=16.00KB mem-reservation=0B thread-reservation=0
|  |  |  |  tuple-ids=39 row-size=16B cardinality=1 cost=0
|  |  |  |  in pipelines: 85(GETNEXT)
|  |  |  |
|  |  |  F29:PLAN FRAGMENT [UNPARTITIONED] hosts=1 instances=1
|  |  |  Per-Instance Resources: mem-estimate=96.00KB mem-reservation=0B thread-reservation=1
|  |  |  max-parallelism=1 segment-costs=[0, 0] cpu-comparison-result=120 [max(1 (self) vs 120 (sum children))]
|  |  |  85:AGGREGATE [FINALIZE]
|  |  |  |  output: max:merge(csales)
|  |  |  |  mem-estimate=16.00KB mem-reservation=0B spill-buffer=2.00MB thread-reservation=0
|  |  |  |  tuple-ids=39 row-size=16B cardinality=1 cost=0
|  |  |  |  in pipelines: 85(GETNEXT), 43(OPEN)
|  |  |  |
|  |  |  84:EXCHANGE [UNPARTITIONED]
|  |  |  |  mem-estimate=16.00KB mem-reservation=0B thread-reservation=0
|  |  |  |  tuple-ids=39 row-size=16B cardinality=1 cost=0
|  |  |  |  in pipelines: 43(GETNEXT)
|  |  |  |
|  |  |  F28:PLAN FRAGMENT [HASH(c_customer_sk)] hosts=10 instances=10 (adjusted from 120)
|  |  |  Per-Instance Resources: mem-estimate=104.37MB mem-reservation=34.00MB thread-reservation=1
|  |  |  max-parallelism=10 segment-costs=[92758934, 2100000, 1] cpu-comparison-result=120 [max(10 (self) vs 120 (sum children))]
|  |  |  43:AGGREGATE
|  |  |  |  output: max(sum(ss_quantity * ss_sales_price))
|  |  |  |  mem-estimate=16.00KB mem-reservation=0B spill-buffer=2.00MB thread-reservation=0
|  |  |  |  tuple-ids=39 row-size=16B cardinality=1 cost=2100000
|  |  |  |  in pipelines: 43(GETNEXT), 83(OPEN)
|  |  |  |
|  |  |  83:AGGREGATE [FINALIZE]
|  |  |  |  output: sum:merge(ss_quantity * ss_sales_price)
|  |  |  |  group by: c_customer_sk
|  |  |  |  mem-estimate=91.55MB mem-reservation=34.00MB spill-buffer=2.00MB thread-reservation=0
|  |  |  |  tuple-ids=37 row-size=20B cardinality=30.00M cost=86665934
|  |  |  |  in pipelines: 83(GETNEXT), 37(OPEN)
|  |  |  |
|  |  |  82:EXCHANGE [HASH(c_customer_sk)]
|  |  |  |  mem-estimate=12.81MB mem-reservation=0B thread-reservation=0
|  |  |  |  tuple-ids=37 row-size=20B cardinality=30.00M cost=6093000
|  |  |  |  in pipelines: 37(GETNEXT)
|  |  |  |
|  |  |  F25:PLAN FRAGMENT [RANDOM] hosts=10 instances=120
|  |  |  Per-Host Shared Resources: mem-estimate=17.00MB mem-reservation=17.00MB thread-reservation=0 runtime-filters-memory=17.00MB
|  |  |  Per-Instance Resources: mem-estimate=932.46MB mem-reservation=42.00MB thread-reservation=1
|  |  |  max-parallelism=1491 segment-costs=[17437017588, 54096000] cpu-comparison-result=120 [max(120 (self) vs 31 (sum children))]
|  |  |  42:AGGREGATE [STREAMING]
|  |  |  |  output: sum(CAST(ss_quantity AS DECIMAL(10,0)) * ss_sales_price)
|  |  |  |  group by: c_customer_sk
|  |  |  |  mem-estimate=915.53MB mem-reservation=34.00MB spill-buffer=2.00MB thread-reservation=0
|  |  |  |  tuple-ids=37 row-size=20B cardinality=30.00M cost=9732191673
|  |  |  |  in pipelines: 37(GETNEXT)
|  |  |  |
|  |  |  41:HASH JOIN [INNER JOIN, BROADCAST]
|  |  |  |  hash-table-id=07
|  |  |  |  hash predicates: ss_customer_sk = c_customer_sk
|  |  |  |  fk/pk conjuncts: ss_customer_sk = c_customer_sk
|  |  |  |  mem-estimate=0B mem-reservation=0B spill-buffer=2.00MB thread-reservation=0
|  |  |  |  tuple-ids=34,36,35 row-size=28B cardinality=6.48G cost=2986317151
|  |  |  |  in pipelines: 37(GETNEXT), 38(OPEN)
|  |  |  |
|  |  |  |--F39:PLAN FRAGMENT [RANDOM] hosts=10 instances=10
|  |  |  |  |  Per-Instance Resources: mem-estimate=908.52MB mem-reservation=424.00MB thread-reservation=1 runtime-filters-memory=16.00MB
|  |  |  |  |  max-parallelism=10 segment-costs=[69869990]
|  |  |  |  JOIN BUILD
|  |  |  |  |  join-table-id=07 plan-id=08 cohort-id=05
|  |  |  |  |  build expressions: c_customer_sk
|  |  |  |  |  runtime filters: RF028[bloom] <- c_customer_sk, RF029[min_max] <- c_customer_sk
|  |  |  |  |  mem-estimate=882.44MB mem-reservation=408.00MB spill-buffer=2.00MB thread-reservation=0 cost=30000000
|  |  |  |  |
|  |  |  |  81:EXCHANGE [BROADCAST]
|  |  |  |  |  mem-estimate=10.08MB mem-reservation=0B thread-reservation=0
|  |  |  |  |  tuple-ids=35 row-size=4B cardinality=30.00M cost=39869990
|  |  |  |  |  in pipelines: 38(GETNEXT)
|  |  |  |  |
|  |  |  |  F27:PLAN FRAGMENT [RANDOM] hosts=10 instances=10
|  |  |  |  Per-Instance Resources: mem-estimate=16.03MB mem-reservation=1.00MB thread-reservation=1
|  |  |  |  max-parallelism=10 segment-costs=[2700000]
|  |  |  |  38:SCAN HDFS [tpcds_partitioned_parquet_snap.customer, RANDOM]
|  |  |  |     HDFS partitions=1/1 files=1 size=5.49MB
|  |  |  |     stored statistics:
|  |  |  |       table: rows=30.00M size=1.55GB
|  |  |  |       columns: all
|  |  |  |     extrapolated-rows=disabled max-scan-range-rows=3.10M
|  |  |  |     mem-estimate=16.00MB mem-reservation=1.00MB thread-reservation=0
|  |  |  |     tuple-ids=35 row-size=4B cardinality=30.00M cost=1728000
|  |  |  |     in pipelines: 38(GETNEXT)
|  |  |  |
|  |  |  40:HASH JOIN [INNER JOIN, BROADCAST]
|  |  |  |  hash-table-id=08
|  |  |  |  hash predicates: ss_sold_date_sk = d_date_sk
|  |  |  |  fk/pk conjuncts: ss_sold_date_sk = d_date_sk
|  |  |  |  mem-estimate=0B mem-reservation=0B spill-buffer=64.00KB thread-reservation=0
|  |  |  |  tuple-ids=34,36 row-size=24B cardinality=7.06G cost=3091290654
|  |  |  |  in pipelines: 37(GETNEXT), 39(OPEN)
|  |  |  |
|  |  |  |--F40:PLAN FRAGMENT [RANDOM] hosts=10 instances=10
|  |  |  |  |  Per-Instance Resources: mem-estimate=24.27MB mem-reservation=24.25MB thread-reservation=1 runtime-filters-memory=1.00MB
|  |  |  |  |  max-parallelism=10 segment-costs=[3471]
|  |  |  |  JOIN BUILD
|  |  |  |  |  join-table-id=08 plan-id=09 cohort-id=05
|  |  |  |  |  build expressions: d_date_sk
|  |  |  |  |  runtime filters: RF030[bloom] <- d_date_sk
|  |  |  |  |  mem-estimate=23.25MB mem-reservation=23.25MB spill-buffer=64.00KB thread-reservation=0 cost=1491
|  |  |  |  |
|  |  |  |  80:EXCHANGE [BROADCAST]
|  |  |  |  |  mem-estimate=23.65KB mem-reservation=0B thread-reservation=0
|  |  |  |  |  tuple-ids=36 row-size=8B cardinality=1.49K cost=1980
|  |  |  |  |  in pipelines: 39(GETNEXT)
|  |  |  |  |
|  |  |  |  F26:PLAN FRAGMENT [RANDOM] hosts=1 instances=1
|  |  |  |  Per-Instance Resources: mem-estimate=16.05MB mem-reservation=512.00KB thread-reservation=1
|  |  |  |  max-parallelism=1 segment-costs=[10531]
|  |  |  |  39:SCAN HDFS [tpcds_partitioned_parquet_snap.date_dim, RANDOM]
|  |  |  |     HDFS partitions=1/1 files=1 size=2.17MB
|  |  |  |     predicates: d_year IN (CAST(2000 AS INT), CAST(2001 AS INT), CAST(2002 AS INT), CAST(2003 AS INT))
|  |  |  |     stored statistics:
|  |  |  |       table: rows=73.05K size=2.17MB
|  |  |  |       columns: all
|  |  |  |     extrapolated-rows=disabled max-scan-range-rows=73.05K
|  |  |  |     parquet statistics predicates: d_year IN (CAST(2000 AS INT), CAST(2001 AS INT), CAST(2002 AS INT), CAST(2003 AS INT))
|  |  |  |     parquet dictionary predicates: d_year IN (CAST(2000 AS INT), CAST(2001 AS INT), CAST(2002 AS INT), CAST(2003 AS INT))
|  |  |  |     mem-estimate=16.00MB mem-reservation=512.00KB thread-reservation=0
|  |  |  |     tuple-ids=36 row-size=8B cardinality=1.49K cost=10467
|  |  |  |     in pipelines: 39(GETNEXT)
|  |  |  |
|  |  |  37:SCAN HDFS [tpcds_partitioned_parquet_snap.store_sales, RANDOM]
|  |  |     HDFS partitions=1824/1824 files=1824 size=199.33MB
|  |  |     runtime filters: RF029[min_max] -> ss_customer_sk, RF030[bloom] -> ss_sold_date_sk, RF028[bloom] -> ss_customer_sk
|  |  |     stored statistics:
|  |  |       table: rows=8.64G size=389.90GB
|  |  |       partitions: 1824/1824 rows=8.64G
|  |  |       columns: all
|  |  |     extrapolated-rows=disabled max-scan-range-rows=390.22M est-scan-range=1491(filtered from 1824)
|  |  |     mem-estimate=16.00MB mem-reservation=8.00MB thread-reservation=0
|  |  |     tuple-ids=34 row-size=16B cardinality=7.06G(filtered from 8.64G) cost=1627218110
|  |  |     in pipelines: 37(GETNEXT)
|  |  |
|  |  79:AGGREGATE [FINALIZE]
|  |  |  output: sum:merge(ss_quantity * ss_sales_price)
|  |  |  group by: c_customer_sk
|  |  |  mem-estimate=17.00MB mem-reservation=17.00MB spill-buffer=1.00MB thread-reservation=0
|  |  |  tuple-ids=32 row-size=20B cardinality=30.00M cost=86665934
|  |  |  in pipelines: 79(GETNEXT), 33(OPEN)
|  |  |
|  |  78:EXCHANGE [HASH(c_customer_sk)]
|  |  |  mem-estimate=12.81MB mem-reservation=0B thread-reservation=0
|  |  |  tuple-ids=32 row-size=20B cardinality=30.00M cost=6093000
|  |  |  in pipelines: 33(GETNEXT)
|  |  |
|  |  F22:PLAN FRAGMENT [RANDOM] hosts=10 instances=120
|  |  Per-Host Shared Resources: mem-estimate=16.00MB mem-reservation=16.00MB thread-reservation=0 runtime-filters-memory=16.00MB
|  |  Per-Instance Resources: mem-estimate=941.75MB mem-reservation=42.00MB thread-reservation=1
|  |  max-parallelism=1570 segment-costs=[15633529144, 54096000] cpu-comparison-result=120 [max(120 (self) vs 20 (sum children))]
|  |  36:AGGREGATE [STREAMING]
|  |  |  output: sum(CAST(ss_quantity AS DECIMAL(10,0)) * ss_sales_price)
|  |  |  group by: c_customer_sk
|  |  |  mem-estimate=915.53MB mem-reservation=34.00MB spill-buffer=2.00MB thread-reservation=0
|  |  |  tuple-ids=32 row-size=20B cardinality=30.00M cost=10669051167
|  |  |  in pipelines: 33(GETNEXT)
|  |  |
|  |  35:HASH JOIN [INNER JOIN, BROADCAST]
|  |  |  hash-table-id=09
|  |  |  hash predicates: ss_customer_sk = c_customer_sk
|  |  |  fk/pk conjuncts: ss_customer_sk = c_customer_sk
|  |  |  mem-estimate=0B mem-reservation=0B spill-buffer=2.00MB thread-reservation=0
|  |  |  tuple-ids=30,31 row-size=16B cardinality=7.93G cost=3471497176
|  |  |  in pipelines: 33(GETNEXT), 34(OPEN)
|  |  |
|  |  |--F41:PLAN FRAGMENT [RANDOM] hosts=10 instances=10
|  |  |  |  Per-Instance Resources: mem-estimate=908.52MB mem-reservation=424.00MB thread-reservation=1 runtime-filters-memory=16.00MB
|  |  |  |  max-parallelism=10 segment-costs=[69869990]
|  |  |  JOIN BUILD
|  |  |  |  join-table-id=09 plan-id=10 cohort-id=04
|  |  |  |  build expressions: c_customer_sk
|  |  |  |  runtime filters: RF026[bloom] <- c_customer_sk, RF027[min_max] <- c_customer_sk
|  |  |  |  mem-estimate=882.44MB mem-reservation=408.00MB spill-buffer=2.00MB thread-reservation=0 cost=30000000
|  |  |  |
|  |  |  77:EXCHANGE [BROADCAST]
|  |  |  |  mem-estimate=10.08MB mem-reservation=0B thread-reservation=0
|  |  |  |  tuple-ids=31 row-size=4B cardinality=30.00M cost=39869990
|  |  |  |  in pipelines: 34(GETNEXT)
|  |  |  |
|  |  |  F23:PLAN FRAGMENT [RANDOM] hosts=10 instances=10
|  |  |  Per-Instance Resources: mem-estimate=16.03MB mem-reservation=1.00MB thread-reservation=1
|  |  |  max-parallelism=10 segment-costs=[2700000]
|  |  |  34:SCAN HDFS [tpcds_partitioned_parquet_snap.customer, RANDOM]
|  |  |     HDFS partitions=1/1 files=1 size=5.49MB
|  |  |     stored statistics:
|  |  |       table: rows=30.00M size=1.55GB
|  |  |       columns: all
|  |  |     extrapolated-rows=disabled max-scan-range-rows=3.10M
|  |  |     mem-estimate=16.00MB mem-reservation=1.00MB thread-reservation=0
|  |  |     tuple-ids=31 row-size=4B cardinality=30.00M cost=1728000
|  |  |     in pipelines: 34(GETNEXT)
|  |  |
|  |  33:SCAN HDFS [tpcds_partitioned_parquet_snap.store_sales, RANDOM]
|  |     HDFS partitions=1824/1824 files=1824 size=199.33MB
|  |     runtime filters: RF027[min_max] -> ss_customer_sk, RF026[bloom] -> ss_customer_sk
|  |     stored statistics:
|  |       table: rows=8.64G size=389.90GB
|  |       partitions: 1824/1824 rows=8.64G
|  |       columns: all
|  |     extrapolated-rows=disabled max-scan-range-rows=390.22M
|  |     mem-estimate=16.00MB mem-reservation=8.00MB thread-reservation=0
|  |     tuple-ids=30 row-size=12B cardinality=7.93G(filtered from 8.64G) cost=1492980801
|  |     in pipelines: 33(GETNEXT)
|  |
|  87:EXCHANGE [HASH(ws_bill_customer_sk)]
|  |  mem-estimate=12.34MB mem-reservation=0B thread-reservation=0
|  |  tuple-ids=22,23 row-size=32B cardinality=127.83M cost=37722316
|  |  in pipelines: 25(GETNEXT)
|  |
|  F15:PLAN FRAGMENT [RANDOM] hosts=10 instances=60 (adjusted from 120)
|  Per-Host Shared Resources: mem-estimate=1.00MB mem-reservation=1.00MB thread-reservation=0 runtime-filters-memory=1.00MB
|  Per-Instance Resources: mem-estimate=33.03MB mem-reservation=128.00KB thread-reservation=1
|  max-parallelism=60 segment-costs=[543923728]
|  47:HASH JOIN [LEFT SEMI JOIN, BROADCAST]
|  |  hash-table-id=14
|  |  hash predicates: ws_item_sk = i_item_sk
|  |  mem-estimate=0B mem-reservation=0B spill-buffer=1.00MB thread-reservation=0
|  |  tuple-ids=22,23 row-size=32B cardinality=127.83M cost=55967115
|  |  in pipelines: 25(GETNEXT), 75(OPEN)
|  |
|  |--F46:PLAN FRAGMENT [RANDOM] hosts=10 instances=10
|  |  |  Per-Instance Resources: mem-estimate=103.45MB mem-reservation=102.00MB thread-reservation=1
|  |  |  max-parallelism=10 segment-costs=[838440] cpu-comparison-result=120 [max(10 (self) vs 120 (sum children))]
|  |  JOIN BUILD
|  |  |  join-table-id=14 plan-id=15 cohort-id=01
|  |  |  build expressions: i_item_sk
|  |  |  runtime filters: RF019[min_max] <- i_item_sk
|  |  |  mem-estimate=102.00MB mem-reservation=102.00MB spill-buffer=1.00MB thread-reservation=0 cost=360000
|  |  |
|  |  76:EXCHANGE [BROADCAST]
|  |  |  mem-estimate=1.45MB mem-reservation=0B thread-reservation=0
|  |  |  tuple-ids=68 row-size=4B cardinality=360.00K cost=478440
|  |  |  in pipelines: 75(GETNEXT)
|  |  |
|  |  F21:PLAN FRAGMENT [HASH(i_item_sk)] hosts=10 instances=10 (adjusted from 120)
|  |  Per-Instance Resources: mem-estimate=11.07MB mem-reservation=1.94MB thread-reservation=1
|  |  max-parallelism=10 segment-costs=[1086444, 11664] cpu-comparison-result=120 [max(10 (self) vs 120 (sum children))]
|  |  75:AGGREGATE [FINALIZE]
|  |  |  group by: i_item_sk
|  |  |  mem-estimate=10.00MB mem-reservation=1.94MB spill-buffer=64.00KB thread-reservation=0
|  |  |  tuple-ids=68 row-size=4B cardinality=360.00K cost=1039824
|  |  |  in pipelines: 75(GETNEXT), 73(OPEN)
|  |  |
|  |  74:EXCHANGE [HASH(i_item_sk)]
|  |  |  mem-estimate=1.07MB mem-reservation=0B thread-reservation=0
|  |  |  tuple-ids=68 row-size=4B cardinality=360.00K cost=46620
|  |  |  in pipelines: 73(GETNEXT)
|  |  |
|  |  F20:PLAN FRAGMENT [HASH(substr(i_item_desc, 1, 30),i_item_sk,d_date)] hosts=10 instances=120
|  |  Per-Instance Resources: mem-estimate=968.75MB mem-reservation=36.00MB thread-reservation=1
|  |  max-parallelism=4340 segment-costs=[43360208973, 319107912, 278208] cpu-comparison-result=120 [max(120 (self) vs 120 (sum children))]
|  |  46:AGGREGATE [STREAMING]
|  |  |  group by: i_item_sk
|  |  |  mem-estimate=10.00MB mem-reservation=2.00MB spill-buffer=64.00KB thread-reservation=0
|  |  |  tuple-ids=68 row-size=4B cardinality=360.00K cost=319107912
|  |  |  in pipelines: 73(GETNEXT)
|  |  |
|  |  73:AGGREGATE [FINALIZE]
|  |  |  output: count:merge(*)
|  |  |  group by: substr(i_item_desc, 1, 30), i_item_sk, d_date
|  |  |  having: count(*) > CAST(4 AS BIGINT)
|  |  |  mem-estimate=945.00MB mem-reservation=34.00MB spill-buffer=2.00MB thread-reservation=0
|  |  |  tuple-ids=27 row-size=28B cardinality=705.90M cost=41666743099
|  |  |  in pipelines: 73(GETNEXT), 27(OPEN)
|  |  |
|  |  72:EXCHANGE [HASH(substr(i_item_desc, 1, 30),i_item_sk,d_date)]
|  |  |  mem-estimate=13.75MB mem-reservation=0B thread-reservation=0
|  |  |  tuple-ids=27 row-size=28B cardinality=7.06G cost=1693465874
|  |  |  in pipelines: 27(GETNEXT)
|  |  |
|  |  F17:PLAN FRAGMENT [RANDOM] hosts=10 instances=120
|  |  Per-Host Shared Resources: mem-estimate=1.00MB mem-reservation=1.00MB thread-reservation=0 runtime-filters-memory=1.00MB
|  |  Per-Instance Resources: mem-estimate=835.75MB mem-reservation=38.00MB thread-reservation=1
|  |  max-parallelism=1491 segment-costs=[48662293913, 16365699387] cpu-comparison-result=120 [max(120 (self) vs 25 (sum children))]
|  |  32:AGGREGATE [STREAMING]
|  |  |  output: count(*)
|  |  |  group by: substr(i_item_desc, CAST(1 AS BIGINT), CAST(30 AS BIGINT)), i_item_sk, d_date
|  |  |  mem-estimate=804.75MB mem-reservation=34.00MB spill-buffer=2.00MB thread-reservation=0
|  |  |  tuple-ids=27 row-size=28B cardinality=7.06G cost=41666743099
|  |  |  in pipelines: 27(GETNEXT)
|  |  |
|  |  31:HASH JOIN [INNER JOIN, BROADCAST]
|  |  |  hash-table-id=15
|  |  |  hash predicates: ss_item_sk = i_item_sk
|  |  |  fk/pk conjuncts: ss_item_sk = i_item_sk
|  |  |  mem-estimate=0B mem-reservation=0B spill-buffer=2.00MB thread-reservation=0
|  |  |  tuple-ids=24,25,26 row-size=137B cardinality=7.06G cost=3090651105
|  |  |  in pipelines: 27(GETNEXT), 29(OPEN)
|  |  |
|  |  |--F47:PLAN FRAGMENT [RANDOM] hosts=10 instances=10
|  |  |  |  Per-Instance Resources: mem-estimate=418.47MB mem-reservation=408.00MB thread-reservation=1
|  |  |  |  max-parallelism=10 segment-costs=[838440]
|  |  |  JOIN BUILD
|  |  |  |  join-table-id=15 plan-id=16 cohort-id=07
|  |  |  |  build expressions: i_item_sk
|  |  |  |  runtime filters: RF023[min_max] <- i_item_sk
|  |  |  |  mem-estimate=408.00MB mem-reservation=408.00MB spill-buffer=2.00MB thread-reservation=0 cost=360000
|  |  |  |
|  |  |  71:EXCHANGE [BROADCAST]
|  |  |  |  mem-estimate=10.47MB mem-reservation=0B thread-reservation=0
|  |  |  |  tuple-ids=26 row-size=117B cardinality=360.00K cost=478440
|  |  |  |  in pipelines: 29(GETNEXT)
|  |  |  |
|  |  |  F19:PLAN FRAGMENT [RANDOM] hosts=4 instances=4
|  |  |  Per-Instance Resources: mem-estimate=16.47MB mem-reservation=512.00KB thread-reservation=1
|  |  |  max-parallelism=4 segment-costs=[663353]
|  |  |  29:SCAN HDFS [tpcds_partitioned_parquet_snap.item, RANDOM]
|  |  |     HDFS partitions=1/1 files=1 size=1.73MB
|  |  |     stored statistics:
|  |  |       table: rows=360.00K size=33.54MB
|  |  |       columns: all
|  |  |     extrapolated-rows=disabled max-scan-range-rows=101.54K
|  |  |     mem-estimate=16.00MB mem-reservation=512.00KB thread-reservation=0
|  |  |     tuple-ids=26 row-size=117B cardinality=360.00K cost=542243
|  |  |     in pipelines: 29(GETNEXT)
|  |  |
|  |  30:HASH JOIN [INNER JOIN, BROADCAST]
|  |  |  hash-table-id=16
|  |  |  hash predicates: ss_sold_date_sk = d_date_sk
|  |  |  fk/pk conjuncts: ss_sold_date_sk = d_date_sk
|  |  |  mem-estimate=0B mem-reservation=0B spill-buffer=64.00KB thread-reservation=0
|  |  |  tuple-ids=24,25 row-size=20B cardinality=7.06G cost=3091290654
|  |  |  in pipelines: 27(GETNEXT), 28(OPEN)
|  |  |
|  |  |--F48:PLAN FRAGMENT [RANDOM] hosts=10 instances=10
|  |  |  |  Per-Instance Resources: mem-estimate=24.28MB mem-reservation=24.25MB thread-reservation=1 runtime-filters-memory=1.00MB
|  |  |  |  max-parallelism=10 segment-costs=[3471]
|  |  |  JOIN BUILD
|  |  |  |  join-table-id=16 plan-id=17 cohort-id=07
|  |  |  |  build expressions: d_date_sk
|  |  |  |  runtime filters: RF024[bloom] <- d_date_sk
|  |  |  |  mem-estimate=23.25MB mem-reservation=23.25MB spill-buffer=64.00KB thread-reservation=0 cost=1491
|  |  |  |
|  |  |  70:EXCHANGE [BROADCAST]
|  |  |  |  mem-estimate=33.47KB mem-reservation=0B thread-reservation=0
|  |  |  |  tuple-ids=25 row-size=12B cardinality=1.49K cost=1980
|  |  |  |  in pipelines: 28(GETNEXT)
|  |  |  |
|  |  |  F18:PLAN FRAGMENT [RANDOM] hosts=1 instances=1
|  |  |  Per-Instance Resources: mem-estimate=16.06MB mem-reservation=1.00MB thread-reservation=1
|  |  |  max-parallelism=1 segment-costs=[14755]
|  |  |  28:SCAN HDFS [tpcds_partitioned_parquet_snap.date_dim, RANDOM]
|  |  |     HDFS partitions=1/1 files=1 size=2.17MB
|  |  |     predicates: d_year IN (CAST(2000 AS INT), CAST(2001 AS INT), CAST(2002 AS INT), CAST(2003 AS INT))
|  |  |     stored statistics:
|  |  |       table: rows=73.05K size=2.17MB
|  |  |       columns: all
|  |  |     extrapolated-rows=disabled max-scan-range-rows=73.05K
|  |  |     parquet statistics predicates: d_year IN (CAST(2000 AS INT), CAST(2001 AS INT), CAST(2002 AS INT), CAST(2003 AS INT))
|  |  |     parquet dictionary predicates: d_year IN (CAST(2000 AS INT), CAST(2001 AS INT), CAST(2002 AS INT), CAST(2003 AS INT))
|  |  |     mem-estimate=16.00MB mem-reservation=1.00MB thread-reservation=0
|  |  |     tuple-ids=25 row-size=12B cardinality=1.49K cost=14675
|  |  |     in pipelines: 28(GETNEXT)
|  |  |
|  |  27:SCAN HDFS [tpcds_partitioned_parquet_snap.store_sales, RANDOM]
|  |     HDFS partitions=1824/1824 files=1824 size=199.33MB
|  |     runtime filters: RF023[min_max] -> ss_item_sk, RF024[bloom] -> ss_sold_date_sk
|  |     stored statistics:
|  |       table: rows=8.64G size=389.90GB
|  |       partitions: 1824/1824 rows=8.64G
|  |       columns: all
|  |     extrapolated-rows=disabled max-scan-range-rows=390.22M est-scan-range=1491(filtered from 1824)
|  |     mem-estimate=16.00MB mem-reservation=4.00MB thread-reservation=0
|  |     tuple-ids=24 row-size=8B cardinality=7.06G(filtered from 8.64G) cost=813609055
|  |     in pipelines: 27(GETNEXT)
|  |
|  45:HASH JOIN [INNER JOIN, BROADCAST]
|  |  hash-table-id=17
|  |  hash predicates: ws_sold_date_sk = d_date_sk
|  |  fk/pk conjuncts: ws_sold_date_sk = d_date_sk
|  |  mem-estimate=0B mem-reservation=0B spill-buffer=64.00KB thread-reservation=0
|  |  tuple-ids=22,23 row-size=32B cardinality=127.89M cost=55978696
|  |  in pipelines: 25(GETNEXT), 26(OPEN)
|  |
|  |--F49:PLAN FRAGMENT [RANDOM] hosts=10 instances=10
|  |  |  Per-Instance Resources: mem-estimate=12.64MB mem-reservation=12.62MB thread-reservation=1 runtime-filters-memory=1.00MB
|  |  |  max-parallelism=10 segment-costs=[248]
|  |  JOIN BUILD
|  |  |  join-table-id=17 plan-id=18 cohort-id=01
|  |  |  build expressions: d_date_sk
|  |  |  runtime filters: RF020[bloom] <- d_date_sk
|  |  |  mem-estimate=11.62MB mem-reservation=11.62MB spill-buffer=64.00KB thread-reservation=0 cost=108
|  |  |
|  |  69:EXCHANGE [BROADCAST]
|  |  |  mem-estimate=16.00KB mem-reservation=0B thread-reservation=0
|  |  |  tuple-ids=23 row-size=12B cardinality=108 cost=140
|  |  |  in pipelines: 26(GETNEXT)
|  |  |
|  |  F16:PLAN FRAGMENT [RANDOM] hosts=1 instances=1
|  |  Per-Instance Resources: mem-estimate=16.06MB mem-reservation=512.00KB thread-reservation=1
|  |  max-parallelism=1 segment-costs=[16733]
|  |  26:SCAN HDFS [tpcds_partitioned_parquet_snap.date_dim, RANDOM]
|  |     HDFS partitions=1/1 files=1 size=2.17MB
|  |     predicates: d_year = CAST(2000 AS INT), d_moy = CAST(5 AS INT)
|  |     stored statistics:
|  |       table: rows=73.05K size=2.17MB
|  |       columns: all
|  |     extrapolated-rows=disabled max-scan-range-rows=73.05K
|  |     parquet statistics predicates: d_year = CAST(2000 AS INT), d_moy = CAST(5 AS INT)
|  |     parquet dictionary predicates: d_year = CAST(2000 AS INT), d_moy = CAST(5 AS INT)
|  |     mem-estimate=16.00MB mem-reservation=512.00KB thread-reservation=0
|  |     tuple-ids=23 row-size=12B cardinality=108 cost=16728
|  |     in pipelines: 26(GETNEXT)
|  |
|  25:SCAN HDFS [tpcds_partitioned_parquet_snap.web_sales, RANDOM]
|     HDFS partitions=1824/1824 files=1824 size=84.18MB
|     runtime filters: RF017[min_max] -> ws_bill_customer_sk, RF019[min_max] -> ws_item_sk, RF020[bloom] -> ws_sold_date_sk
|     stored statistics:
|       table: rows=2.16G size=145.75GB
|       partitions: 1824/1824 rows=2.16G
|       columns: all
|     extrapolated-rows=disabled max-scan-range-rows=3.37M est-scan-range=109(filtered from 1824)
|     mem-estimate=16.00MB mem-reservation=128.00KB thread-reservation=0
|     tuple-ids=22 row-size=20B cardinality=127.89M(filtered from 2.16G) cost=36833138
|     in pipelines: 25(GETNEXT)
|
24:HASH JOIN [LEFT SEMI JOIN, PARTITIONED]
|  hash-table-id=00
|  hash predicates: cs_bill_customer_sk = c_customer_sk
|  mem-estimate=0B mem-reservation=0B spill-buffer=2.00MB thread-reservation=0
|  tuple-ids=0,1 row-size=32B cardinality=233.80M cost=107691776
|  in pipelines: 01(GETNEXT), 60(OPEN)
|
|--F32:PLAN FRAGMENT [RANDOM] hosts=10 instances=109 (adjusted from 120)
|  |  Per-Instance Resources: mem-estimate=51.00MB mem-reservation=51.00MB thread-reservation=1
|  |  max-parallelism=109 segment-costs=[92758934, 36147000] cpu-comparison-result=240 [max(109 (self) vs 240 (sum children))]
|  JOIN BUILD
|  |  join-table-id=00 plan-id=01 cohort-id=01
|  |  build expressions: c_customer_sk
|  |  runtime filters: RF001[min_max] <- c_customer_sk
|  |  mem-estimate=34.00MB mem-reservation=34.00MB spill-buffer=2.00MB thread-reservation=0 cost=30000000
|  |
|  20:NESTED LOOP JOIN [INNER JOIN, BROADCAST]
|  |  join table id: 01
|  |  predicates: sum(ss_quantity * ss_sales_price) > CAST(0.950000 AS DECIMAL(10,6)) * max(csales)
|  |  mem-estimate=0B mem-reservation=0B thread-reservation=0
|  |  tuple-ids=10,17 row-size=36B cardinality=30.00M cost=6147000
|  |  in pipelines: 60(GETNEXT), 66(OPEN)
|  |
|  |--F33:PLAN FRAGMENT [RANDOM] hosts=10 instances=10
|  |  |  Per-Instance Resources: mem-estimate=16.02KB mem-reservation=0B thread-reservation=1
|  |  |  max-parallelism=10 segment-costs=[0] cpu-comparison-result=120 [max(10 (self) vs 120 (sum children))]
|  |  JOIN BUILD
|  |  |  join-table-id=01 plan-id=02 cohort-id=02
|  |  |  mem-estimate=16B mem-reservation=0B thread-reservation=0 cost=0
|  |  |
|  |  67:EXCHANGE [BROADCAST]
|  |  |  mem-estimate=16.00KB mem-reservation=0B thread-reservation=0
|  |  |  tuple-ids=17 row-size=16B cardinality=1 cost=0
|  |  |  in pipelines: 66(GETNEXT)
|  |  |
|  |  F14:PLAN FRAGMENT [UNPARTITIONED] hosts=1 instances=1
|  |  Per-Instance Resources: mem-estimate=96.00KB mem-reservation=0B thread-reservation=1
|  |  max-parallelism=1 segment-costs=[0, 0] cpu-comparison-result=120 [max(1 (self) vs 120 (sum children))]
|  |  66:AGGREGATE [FINALIZE]
|  |  |  output: max:merge(csales)
|  |  |  mem-estimate=16.00KB mem-reservation=0B spill-buffer=2.00MB thread-reservation=0
|  |  |  tuple-ids=17 row-size=16B cardinality=1 cost=0
|  |  |  in pipelines: 66(GETNEXT), 19(OPEN)
|  |  |
|  |  65:EXCHANGE [UNPARTITIONED]
|  |  |  mem-estimate=16.00KB mem-reservation=0B thread-reservation=0
|  |  |  tuple-ids=17 row-size=16B cardinality=1 cost=0
|  |  |  in pipelines: 19(GETNEXT)
|  |  |
|  |  F13:PLAN FRAGMENT [HASH(c_customer_sk)] hosts=10 instances=10 (adjusted from 120)
|  |  Per-Instance Resources: mem-estimate=104.37MB mem-reservation=34.00MB thread-reservation=1
|  |  max-parallelism=10 segment-costs=[92758934, 2100000, 1] cpu-comparison-result=120 [max(10 (self) vs 120 (sum children))]
|  |  19:AGGREGATE
|  |  |  output: max(sum(ss_quantity * ss_sales_price))
|  |  |  mem-estimate=16.00KB mem-reservation=0B spill-buffer=2.00MB thread-reservation=0
|  |  |  tuple-ids=17 row-size=16B cardinality=1 cost=2100000
|  |  |  in pipelines: 19(GETNEXT), 64(OPEN)
|  |  |
|  |  64:AGGREGATE [FINALIZE]
|  |  |  output: sum:merge(ss_quantity * ss_sales_price)
|  |  |  group by: c_customer_sk
|  |  |  mem-estimate=91.55MB mem-reservation=34.00MB spill-buffer=2.00MB thread-reservation=0
|  |  |  tuple-ids=15 row-size=20B cardinality=30.00M cost=86665934
|  |  |  in pipelines: 64(GETNEXT), 13(OPEN)
|  |  |
|  |  63:EXCHANGE [HASH(c_customer_sk)]
|  |  |  mem-estimate=12.81MB mem-reservation=0B thread-reservation=0
|  |  |  tuple-ids=15 row-size=20B cardinality=30.00M cost=6093000
|  |  |  in pipelines: 13(GETNEXT)
|  |  |
|  |  F10:PLAN FRAGMENT [RANDOM] hosts=10 instances=120
|  |  Per-Host Shared Resources: mem-estimate=17.00MB mem-reservation=17.00MB thread-reservation=0 runtime-filters-memory=17.00MB
|  |  Per-Instance Resources: mem-estimate=932.46MB mem-reservation=42.00MB thread-reservation=1
|  |  max-parallelism=1491 segment-costs=[17437017588, 54096000] cpu-comparison-result=120 [max(120 (self) vs 31 (sum children))]
|  |  18:AGGREGATE [STREAMING]
|  |  |  output: sum(CAST(ss_quantity AS DECIMAL(10,0)) * ss_sales_price)
|  |  |  group by: c_customer_sk
|  |  |  mem-estimate=915.53MB mem-reservation=34.00MB spill-buffer=2.00MB thread-reservation=0
|  |  |  tuple-ids=15 row-size=20B cardinality=30.00M cost=9732191673
|  |  |  in pipelines: 13(GETNEXT)
|  |  |
|  |  17:HASH JOIN [INNER JOIN, BROADCAST]
|  |  |  hash-table-id=02
|  |  |  hash predicates: ss_customer_sk = c_customer_sk
|  |  |  fk/pk conjuncts: ss_customer_sk = c_customer_sk
|  |  |  mem-estimate=0B mem-reservation=0B spill-buffer=2.00MB thread-reservation=0
|  |  |  tuple-ids=12,14,13 row-size=28B cardinality=6.48G cost=2986317151
|  |  |  in pipelines: 13(GETNEXT), 14(OPEN)
|  |  |
|  |  |--F34:PLAN FRAGMENT [RANDOM] hosts=10 instances=10
|  |  |  |  Per-Instance Resources: mem-estimate=908.52MB mem-reservation=424.00MB thread-reservation=1 runtime-filters-memory=16.00MB
|  |  |  |  max-parallelism=10 segment-costs=[69869990]
|  |  |  JOIN BUILD
|  |  |  |  join-table-id=02 plan-id=03 cohort-id=03
|  |  |  |  build expressions: c_customer_sk
|  |  |  |  runtime filters: RF012[bloom] <- c_customer_sk, RF013[min_max] <- c_customer_sk
|  |  |  |  mem-estimate=882.44MB mem-reservation=408.00MB spill-buffer=2.00MB thread-reservation=0 cost=30000000
|  |  |  |
|  |  |  62:EXCHANGE [BROADCAST]
|  |  |  |  mem-estimate=10.08MB mem-reservation=0B thread-reservation=0
|  |  |  |  tuple-ids=13 row-size=4B cardinality=30.00M cost=39869990
|  |  |  |  in pipelines: 14(GETNEXT)
|  |  |  |
|  |  |  F12:PLAN FRAGMENT [RANDOM] hosts=10 instances=10
|  |  |  Per-Instance Resources: mem-estimate=16.03MB mem-reservation=1.00MB thread-reservation=1
|  |  |  max-parallelism=10 segment-costs=[2700000]
|  |  |  14:SCAN HDFS [tpcds_partitioned_parquet_snap.customer, RANDOM]
|  |  |     HDFS partitions=1/1 files=1 size=5.49MB
|  |  |     stored statistics:
|  |  |       table: rows=30.00M size=1.55GB
|  |  |       columns: all
|  |  |     extrapolated-rows=disabled max-scan-range-rows=3.10M
|  |  |     mem-estimate=16.00MB mem-reservation=1.00MB thread-reservation=0
|  |  |     tuple-ids=13 row-size=4B cardinality=30.00M cost=1728000
|  |  |     in pipelines: 14(GETNEXT)
|  |  |
|  |  16:HASH JOIN [INNER JOIN, BROADCAST]
|  |  |  hash-table-id=03
|  |  |  hash predicates: ss_sold_date_sk = d_date_sk
|  |  |  fk/pk conjuncts: ss_sold_date_sk = d_date_sk
|  |  |  mem-estimate=0B mem-reservation=0B spill-buffer=64.00KB thread-reservation=0
|  |  |  tuple-ids=12,14 row-size=24B cardinality=7.06G cost=3091290654
|  |  |  in pipelines: 13(GETNEXT), 15(OPEN)
|  |  |
|  |  |--F35:PLAN FRAGMENT [RANDOM] hosts=10 instances=10
|  |  |  |  Per-Instance Resources: mem-estimate=24.27MB mem-reservation=24.25MB thread-reservation=1 runtime-filters-memory=1.00MB
|  |  |  |  max-parallelism=10 segment-costs=[3471]
|  |  |  JOIN BUILD
|  |  |  |  join-table-id=03 plan-id=04 cohort-id=03
|  |  |  |  build expressions: d_date_sk
|  |  |  |  runtime filters: RF014[bloom] <- d_date_sk
|  |  |  |  mem-estimate=23.25MB mem-reservation=23.25MB spill-buffer=64.00KB thread-reservation=0 cost=1491
|  |  |  |
|  |  |  61:EXCHANGE [BROADCAST]
|  |  |  |  mem-estimate=23.65KB mem-reservation=0B thread-reservation=0
|  |  |  |  tuple-ids=14 row-size=8B cardinality=1.49K cost=1980
|  |  |  |  in pipelines: 15(GETNEXT)
|  |  |  |
|  |  |  F11:PLAN FRAGMENT [RANDOM] hosts=1 instances=1
|  |  |  Per-Instance Resources: mem-estimate=16.05MB mem-reservation=512.00KB thread-reservation=1
|  |  |  max-parallelism=1 segment-costs=[10531]
|  |  |  15:SCAN HDFS [tpcds_partitioned_parquet_snap.date_dim, RANDOM]
|  |  |     HDFS partitions=1/1 files=1 size=2.17MB
|  |  |     predicates: d_year IN (CAST(2000 AS INT), CAST(2001 AS INT), CAST(2002 AS INT), CAST(2003 AS INT))
|  |  |     stored statistics:
|  |  |       table: rows=73.05K size=2.17MB
|  |  |       columns: all
|  |  |     extrapolated-rows=disabled max-scan-range-rows=73.05K
|  |  |     parquet statistics predicates: d_year IN (CAST(2000 AS INT), CAST(2001 AS INT), CAST(2002 AS INT), CAST(2003 AS INT))
|  |  |     parquet dictionary predicates: d_year IN (CAST(2000 AS INT), CAST(2001 AS INT), CAST(2002 AS INT), CAST(2003 AS INT))
|  |  |     mem-estimate=16.00MB mem-reservation=512.00KB thread-reservation=0
|  |  |     tuple-ids=14 row-size=8B cardinality=1.49K cost=10467
|  |  |     in pipelines: 15(GETNEXT)
|  |  |
|  |  13:SCAN HDFS [tpcds_partitioned_parquet_snap.store_sales, RANDOM]
|  |     HDFS partitions=1824/1824 files=1824 size=199.33MB
|  |     runtime filters: RF013[min_max] -> ss_customer_sk, RF014[bloom] -> ss_sold_date_sk, RF012[bloom] -> ss_customer_sk
|  |     stored statistics:
|  |       table: rows=8.64G size=389.90GB
|  |       partitions: 1824/1824 rows=8.64G
|  |       columns: all
|  |     extrapolated-rows=disabled max-scan-range-rows=390.22M est-scan-range=1491(filtered from 1824)
|  |     mem-estimate=16.00MB mem-reservation=8.00MB thread-reservation=0
|  |     tuple-ids=12 row-size=16B cardinality=7.06G(filtered from 8.64G) cost=1627218110
|  |     in pipelines: 13(GETNEXT)
|  |
|  60:AGGREGATE [FINALIZE]
|  |  output: sum:merge(ss_quantity * ss_sales_price)
|  |  group by: c_customer_sk
|  |  mem-estimate=17.00MB mem-reservation=17.00MB spill-buffer=1.00MB thread-reservation=0
|  |  tuple-ids=10 row-size=20B cardinality=30.00M cost=86665934
|  |  in pipelines: 60(GETNEXT), 09(OPEN)
|  |
|  59:EXCHANGE [HASH(c_customer_sk)]
|  |  mem-estimate=12.81MB mem-reservation=0B thread-reservation=0
|  |  tuple-ids=10 row-size=20B cardinality=30.00M cost=6093000
|  |  in pipelines: 09(GETNEXT)
|  |
|  F07:PLAN FRAGMENT [RANDOM] hosts=10 instances=120
|  Per-Host Shared Resources: mem-estimate=16.00MB mem-reservation=16.00MB thread-reservation=0 runtime-filters-memory=16.00MB
|  Per-Instance Resources: mem-estimate=941.75MB mem-reservation=42.00MB thread-reservation=1
|  max-parallelism=1570 segment-costs=[15633529144, 54096000] cpu-comparison-result=120 [max(120 (self) vs 20 (sum children))]
|  12:AGGREGATE [STREAMING]
|  |  output: sum(CAST(ss_quantity AS DECIMAL(10,0)) * ss_sales_price)
|  |  group by: c_customer_sk
|  |  mem-estimate=915.53MB mem-reservation=34.00MB spill-buffer=2.00MB thread-reservation=0
|  |  tuple-ids=10 row-size=20B cardinality=30.00M cost=10669051167
|  |  in pipelines: 09(GETNEXT)
|  |
|  11:HASH JOIN [INNER JOIN, BROADCAST]
|  |  hash-table-id=04
|  |  hash predicates: ss_customer_sk = c_customer_sk
|  |  fk/pk conjuncts: ss_customer_sk = c_customer_sk
|  |  mem-estimate=0B mem-reservation=0B spill-buffer=2.00MB thread-reservation=0
|  |  tuple-ids=8,9 row-size=16B cardinality=7.93G cost=3471497176
|  |  in pipelines: 09(GETNEXT), 10(OPEN)
|  |
|  |--F36:PLAN FRAGMENT [RANDOM] hosts=10 instances=10
|  |  |  Per-Instance Resources: mem-estimate=908.52MB mem-reservation=424.00MB thread-reservation=1 runtime-filters-memory=16.00MB
|  |  |  max-parallelism=10 segment-costs=[69869990]
|  |  JOIN BUILD
|  |  |  join-table-id=04 plan-id=05 cohort-id=02
|  |  |  build expressions: c_customer_sk
|  |  |  runtime filters: RF010[bloom] <- c_customer_sk, RF011[min_max] <- c_customer_sk
|  |  |  mem-estimate=882.44MB mem-reservation=408.00MB spill-buffer=2.00MB thread-reservation=0 cost=30000000
|  |  |
|  |  58:EXCHANGE [BROADCAST]
|  |  |  mem-estimate=10.08MB mem-reservation=0B thread-reservation=0
|  |  |  tuple-ids=9 row-size=4B cardinality=30.00M cost=39869990
|  |  |  in pipelines: 10(GETNEXT)
|  |  |
|  |  F08:PLAN FRAGMENT [RANDOM] hosts=10 instances=10
|  |  Per-Instance Resources: mem-estimate=16.03MB mem-reservation=1.00MB thread-reservation=1
|  |  max-parallelism=10 segment-costs=[2700000]
|  |  10:SCAN HDFS [tpcds_partitioned_parquet_snap.customer, RANDOM]
|  |     HDFS partitions=1/1 files=1 size=5.49MB
|  |     stored statistics:
|  |       table: rows=30.00M size=1.55GB
|  |       columns: all
|  |     extrapolated-rows=disabled max-scan-range-rows=3.10M
|  |     mem-estimate=16.00MB mem-reservation=1.00MB thread-reservation=0
|  |     tuple-ids=9 row-size=4B cardinality=30.00M cost=1728000
|  |     in pipelines: 10(GETNEXT)
|  |
|  09:SCAN HDFS [tpcds_partitioned_parquet_snap.store_sales, RANDOM]
|     HDFS partitions=1824/1824 files=1824 size=199.33MB
|     runtime filters: RF011[min_max] -> ss_customer_sk, RF010[bloom] -> ss_customer_sk
|     stored statistics:
|       table: rows=8.64G size=389.90GB
|       partitions: 1824/1824 rows=8.64G
|       columns: all
|     extrapolated-rows=disabled max-scan-range-rows=390.22M
|     mem-estimate=16.00MB mem-reservation=8.00MB thread-reservation=0
|     tuple-ids=8 row-size=12B cardinality=7.93G(filtered from 8.64G) cost=1492980801
|     in pipelines: 09(GETNEXT)
|
68:EXCHANGE [HASH(cs_bill_customer_sk)]
|  mem-estimate=14.26MB mem-reservation=0B thread-reservation=0
|  tuple-ids=0,1 row-size=32B cardinality=254.69M cost=75158674
|  in pipelines: 01(GETNEXT)
|
F00:PLAN FRAGMENT [RANDOM] hosts=10 instances=109 (adjusted from 120)
Per-Host Shared Resources: mem-estimate=1.00MB mem-reservation=1.00MB thread-reservation=0 runtime-filters-memory=1.00MB
Per-Instance Resources: mem-estimate=33.03MB mem-reservation=1.00MB thread-reservation=1
max-parallelism=109 segment-costs=[1083724189]
23:HASH JOIN [LEFT SEMI JOIN, BROADCAST]
|  hash-table-id=10
|  hash predicates: cs_item_sk = i_item_sk
|  mem-estimate=0B mem-reservation=0B spill-buffer=1.00MB thread-reservation=0
|  tuple-ids=0,1 row-size=32B cardinality=254.69M cost=111509966
|  in pipelines: 01(GETNEXT), 56(OPEN)
|
|--F42:PLAN FRAGMENT [RANDOM] hosts=10 instances=10
|  |  Per-Instance Resources: mem-estimate=188.45MB mem-reservation=187.00MB thread-reservation=1
|  |  max-parallelism=10 segment-costs=[838440] cpu-comparison-result=120 [max(10 (self) vs 120 (sum children))]
|  JOIN BUILD
|  |  join-table-id=10 plan-id=11 cohort-id=01
|  |  build expressions: i_item_sk
|  |  runtime filters: RF003[min_max] <- i_item_sk
|  |  mem-estimate=187.00MB mem-reservation=187.00MB spill-buffer=1.00MB thread-reservation=0 cost=360000
|  |
|  57:EXCHANGE [BROADCAST]
|  |  mem-estimate=1.45MB mem-reservation=0B thread-reservation=0
|  |  tuple-ids=57 row-size=4B cardinality=360.00K cost=478440
|  |  in pipelines: 56(GETNEXT)
|  |
|  F06:PLAN FRAGMENT [HASH(i_item_sk)] hosts=10 instances=10 (adjusted from 120)
|  Per-Instance Resources: mem-estimate=11.07MB mem-reservation=1.94MB thread-reservation=1
|  max-parallelism=10 segment-costs=[1086444, 11664] cpu-comparison-result=120 [max(10 (self) vs 120 (sum children))]
|  56:AGGREGATE [FINALIZE]
|  |  group by: i_item_sk
|  |  mem-estimate=10.00MB mem-reservation=1.94MB spill-buffer=64.00KB thread-reservation=0
|  |  tuple-ids=57 row-size=4B cardinality=360.00K cost=1039824
|  |  in pipelines: 56(GETNEXT), 54(OPEN)
|  |
|  55:EXCHANGE [HASH(i_item_sk)]
|  |  mem-estimate=1.07MB mem-reservation=0B thread-reservation=0
|  |  tuple-ids=57 row-size=4B cardinality=360.00K cost=46620
|  |  in pipelines: 54(GETNEXT)
|  |
|  F05:PLAN FRAGMENT [HASH(substr(i_item_desc, 1, 30),i_item_sk,d_date)] hosts=10 instances=120
|  Per-Instance Resources: mem-estimate=968.75MB mem-reservation=36.00MB thread-reservation=1
|  max-parallelism=4340 segment-costs=[43360208973, 319107912, 278208] cpu-comparison-result=120 [max(120 (self) vs 120 (sum children))]
|  22:AGGREGATE [STREAMING]
|  |  group by: i_item_sk
|  |  mem-estimate=10.00MB mem-reservation=2.00MB spill-buffer=64.00KB thread-reservation=0
|  |  tuple-ids=57 row-size=4B cardinality=360.00K cost=319107912
|  |  in pipelines: 54(GETNEXT)
|  |
|  54:AGGREGATE [FINALIZE]
|  |  output: count:merge(*)
|  |  group by: substr(i_item_desc, 1, 30), i_item_sk, d_date
|  |  having: count(*) > CAST(4 AS BIGINT)
|  |  mem-estimate=945.00MB mem-reservation=34.00MB spill-buffer=2.00MB thread-reservation=0
|  |  tuple-ids=5 row-size=28B cardinality=705.90M cost=41666743099
|  |  in pipelines: 54(GETNEXT), 03(OPEN)
|  |
|  53:EXCHANGE [HASH(substr(i_item_desc, 1, 30),i_item_sk,d_date)]
|  |  mem-estimate=13.75MB mem-reservation=0B thread-reservation=0
|  |  tuple-ids=5 row-size=28B cardinality=7.06G cost=1693465874
|  |  in pipelines: 03(GETNEXT)
|  |
|  F02:PLAN FRAGMENT [RANDOM] hosts=10 instances=120
|  Per-Host Shared Resources: mem-estimate=1.00MB mem-reservation=1.00MB thread-reservation=0 runtime-filters-memory=1.00MB
|  Per-Instance Resources: mem-estimate=835.75MB mem-reservation=38.00MB thread-reservation=1
|  max-parallelism=1491 segment-costs=[48662293913, 16365699387] cpu-comparison-result=120 [max(120 (self) vs 25 (sum children))]
|  08:AGGREGATE [STREAMING]
|  |  output: count(*)
|  |  group by: substr(i_item_desc, CAST(1 AS BIGINT), CAST(30 AS BIGINT)), i_item_sk, d_date
|  |  mem-estimate=804.75MB mem-reservation=34.00MB spill-buffer=2.00MB thread-reservation=0
|  |  tuple-ids=5 row-size=28B cardinality=7.06G cost=41666743099
|  |  in pipelines: 03(GETNEXT)
|  |
|  07:HASH JOIN [INNER JOIN, BROADCAST]
|  |  hash-table-id=11
|  |  hash predicates: ss_item_sk = i_item_sk
|  |  fk/pk conjuncts: ss_item_sk = i_item_sk
|  |  mem-estimate=0B mem-reservation=0B spill-buffer=2.00MB thread-reservation=0
|  |  tuple-ids=2,3,4 row-size=137B cardinality=7.06G cost=3090651105
|  |  in pipelines: 03(GETNEXT), 05(OPEN)
|  |
|  |--F43:PLAN FRAGMENT [RANDOM] hosts=10 instances=10
|  |  |  Per-Instance Resources: mem-estimate=418.47MB mem-reservation=408.00MB thread-reservation=1
|  |  |  max-parallelism=10 segment-costs=[838440]
|  |  JOIN BUILD
|  |  |  join-table-id=11 plan-id=12 cohort-id=06
|  |  |  build expressions: i_item_sk
|  |  |  runtime filters: RF007[min_max] <- i_item_sk
|  |  |  mem-estimate=408.00MB mem-reservation=408.00MB spill-buffer=2.00MB thread-reservation=0 cost=360000
|  |  |
|  |  52:EXCHANGE [BROADCAST]
|  |  |  mem-estimate=10.47MB mem-reservation=0B thread-reservation=0
|  |  |  tuple-ids=4 row-size=117B cardinality=360.00K cost=478440
|  |  |  in pipelines: 05(GETNEXT)
|  |  |
|  |  F04:PLAN FRAGMENT [RANDOM] hosts=4 instances=4
|  |  Per-Instance Resources: mem-estimate=16.47MB mem-reservation=512.00KB thread-reservation=1
|  |  max-parallelism=4 segment-costs=[663353]
|  |  05:SCAN HDFS [tpcds_partitioned_parquet_snap.item, RANDOM]
|  |     HDFS partitions=1/1 files=1 size=1.73MB
|  |     stored statistics:
|  |       table: rows=360.00K size=33.54MB
|  |       columns: all
|  |     extrapolated-rows=disabled max-scan-range-rows=101.54K
|  |     mem-estimate=16.00MB mem-reservation=512.00KB thread-reservation=0
|  |     tuple-ids=4 row-size=117B cardinality=360.00K cost=542243
|  |     in pipelines: 05(GETNEXT)
|  |
|  06:HASH JOIN [INNER JOIN, BROADCAST]
|  |  hash-table-id=12
|  |  hash predicates: ss_sold_date_sk = d_date_sk
|  |  fk/pk conjuncts: ss_sold_date_sk = d_date_sk
|  |  mem-estimate=0B mem-reservation=0B spill-buffer=64.00KB thread-reservation=0
|  |  tuple-ids=2,3 row-size=20B cardinality=7.06G cost=3091290654
|  |  in pipelines: 03(GETNEXT), 04(OPEN)
|  |
|  |--F44:PLAN FRAGMENT [RANDOM] hosts=10 instances=10
|  |  |  Per-Instance Resources: mem-estimate=24.28MB mem-reservation=24.25MB thread-reservation=1 runtime-filters-memory=1.00MB
|  |  |  max-parallelism=10 segment-costs=[3471]
|  |  JOIN BUILD
|  |  |  join-table-id=12 plan-id=13 cohort-id=06
|  |  |  build expressions: d_date_sk
|  |  |  runtime filters: RF008[bloom] <- d_date_sk
|  |  |  mem-estimate=23.25MB mem-reservation=23.25MB spill-buffer=64.00KB thread-reservation=0 cost=1491
|  |  |
|  |  51:EXCHANGE [BROADCAST]
|  |  |  mem-estimate=33.47KB mem-reservation=0B thread-reservation=0
|  |  |  tuple-ids=3 row-size=12B cardinality=1.49K cost=1980
|  |  |  in pipelines: 04(GETNEXT)
|  |  |
|  |  F03:PLAN FRAGMENT [RANDOM] hosts=1 instances=1
|  |  Per-Instance Resources: mem-estimate=16.06MB mem-reservation=1.00MB thread-reservation=1
|  |  max-parallelism=1 segment-costs=[14755]
|  |  04:SCAN HDFS [tpcds_partitioned_parquet_snap.date_dim, RANDOM]
|  |     HDFS partitions=1/1 files=1 size=2.17MB
|  |     predicates: d_year IN (CAST(2000 AS INT), CAST(2001 AS INT), CAST(2002 AS INT), CAST(2003 AS INT))
|  |     stored statistics:
|  |       table: rows=73.05K size=2.17MB
|  |       columns: all
|  |     extrapolated-rows=disabled max-scan-range-rows=73.05K
|  |     parquet statistics predicates: d_year IN (CAST(2000 AS INT), CAST(2001 AS INT), CAST(2002 AS INT), CAST(2003 AS INT))
|  |     parquet dictionary predicates: d_year IN (CAST(2000 AS INT), CAST(2001 AS INT), CAST(2002 AS INT), CAST(2003 AS INT))
|  |     mem-estimate=16.00MB mem-reservation=1.00MB thread-reservation=0
|  |     tuple-ids=3 row-size=12B cardinality=1.49K cost=14675
|  |     in pipelines: 04(GETNEXT)
|  |
|  03:SCAN HDFS [tpcds_partitioned_parquet_snap.store_sales, RANDOM]
|     HDFS partitions=1824/1824 files=1824 size=199.33MB
|     runtime filters: RF007[min_max] -> ss_item_sk, RF008[bloom] -> ss_sold_date_sk
|     stored statistics:
|       table: rows=8.64G size=389.90GB
|       partitions: 1824/1824 rows=8.64G
|       columns: all
|     extrapolated-rows=disabled max-scan-range-rows=390.22M est-scan-range=1491(filtered from 1824)
|     mem-estimate=16.00MB mem-reservation=4.00MB thread-reservation=0
|     tuple-ids=2 row-size=8B cardinality=7.06G(filtered from 8.64G) cost=813609055
|     in pipelines: 03(GETNEXT)
|
21:HASH JOIN [INNER JOIN, BROADCAST]
|  hash-table-id=13
|  hash predicates: cs_sold_date_sk = d_date_sk
|  fk/pk conjuncts: cs_sold_date_sk = d_date_sk
|  mem-estimate=0B mem-reservation=0B spill-buffer=64.00KB thread-reservation=0
|  tuple-ids=0,1 row-size=32B cardinality=254.82M cost=111533041
|  in pipelines: 01(GETNEXT), 02(OPEN)
|
|--F45:PLAN FRAGMENT [RANDOM] hosts=10 instances=10
|  |  Per-Instance Resources: mem-estimate=22.33MB mem-reservation=22.31MB thread-reservation=1 runtime-filters-memory=1.00MB
|  |  max-parallelism=10 segment-costs=[248]
|  JOIN BUILD
|  |  join-table-id=13 plan-id=14 cohort-id=01
|  |  build expressions: d_date_sk
|  |  runtime filters: RF004[bloom] <- d_date_sk
|  |  mem-estimate=21.31MB mem-reservation=21.31MB spill-buffer=64.00KB thread-reservation=0 cost=108
|  |
|  50:EXCHANGE [BROADCAST]
|  |  mem-estimate=16.00KB mem-reservation=0B thread-reservation=0
|  |  tuple-ids=1 row-size=12B cardinality=108 cost=140
|  |  in pipelines: 02(GETNEXT)
|  |
|  F01:PLAN FRAGMENT [RANDOM] hosts=1 instances=1
|  Per-Instance Resources: mem-estimate=16.06MB mem-reservation=512.00KB thread-reservation=1
|  max-parallelism=1 segment-costs=[16733]
|  02:SCAN HDFS [tpcds_partitioned_parquet_snap.date_dim, RANDOM]
|     HDFS partitions=1/1 files=1 size=2.17MB
|     predicates: d_year = CAST(2000 AS INT), d_moy = CAST(5 AS INT)
|     stored statistics:
|       table: rows=73.05K size=2.17MB
|       columns: all
|     extrapolated-rows=disabled max-scan-range-rows=73.05K
|     parquet statistics predicates: d_year = CAST(2000 AS INT), d_moy = CAST(5 AS INT)
|     parquet dictionary predicates: d_year = CAST(2000 AS INT), d_moy = CAST(5 AS INT)
|     mem-estimate=16.00MB mem-reservation=512.00KB thread-reservation=0
|     tuple-ids=1 row-size=12B cardinality=108 cost=16728
|     in pipelines: 02(GETNEXT)
|
01:SCAN HDFS [tpcds_partitioned_parquet_snap.catalog_sales, RANDOM]
   HDFS partitions=1831/1831 files=1831 size=150.82MB
   runtime filters: RF001[min_max] -> cs_bill_customer_sk, RF003[min_max] -> cs_item_sk, RF004[bloom] -> cs_sold_date_sk
   stored statistics:
     table: rows=4.32G size=280.96GB
     partitions: 1831/1831 rows=4.32G
     columns: all
   extrapolated-rows=disabled max-scan-range-rows=21.52M est-scan-range=109(filtered from 1831)
   mem-estimate=16.00MB mem-reservation=1.00MB thread-reservation=0
   tuple-ids=0 row-size=20B cardinality=254.82M(filtered from 4.32G) cost=73387059
   in pipelines: 01(GETNEXT)
---- PARALLELPLANS
Max Per-Host Resource Reservation: Memory=7.82GB Threads=181
Per-Host Resource Estimates: Memory=93.28GB
F31:PLAN FRAGMENT [UNPARTITIONED] hosts=1 instances=1
|  Per-Instance Resources: mem-estimate=32.00KB mem-reservation=0B thread-reservation=1
|  max-parallelism=1 segment-costs=[0, 0] cpu-comparison-result=742 [max(1 (self) vs 742 (sum children))]
PLAN-ROOT SINK
|  output exprs: sum(sales)
|  mem-estimate=0B mem-reservation=0B thread-reservation=0 cost=0
|
89:AGGREGATE [FINALIZE]
|  output: sum:merge(sales)
|  limit: 100
|  mem-estimate=16.00KB mem-reservation=0B spill-buffer=2.00MB thread-reservation=0
|  tuple-ids=46 row-size=16B cardinality=1 cost=0
|  in pipelines: 89(GETNEXT), 49(OPEN)
|
88:EXCHANGE [UNPARTITIONED]
|  mem-estimate=16.00KB mem-reservation=0B thread-reservation=0
|  tuple-ids=46 row-size=16B cardinality=1 cost=0
|  in pipelines: 49(GETNEXT)
|
F30:PLAN FRAGMENT [RANDOM] hosts=10 instances=109 (adjusted from 120)
Per-Instance Resources: mem-estimate=14.27MB mem-reservation=0B thread-reservation=1
max-parallelism=109 segment-costs=[317220421, 1] cpu-comparison-result=742 [max(278 (self) vs 742 (sum children))]
49:AGGREGATE
|  output: sum(sales)
|  mem-estimate=16.00KB mem-reservation=0B spill-buffer=2.00MB thread-reservation=0
|  tuple-ids=46 row-size=16B cardinality=1 cost=24600191
|  in pipelines: 49(GETNEXT), 01(OPEN), 25(OPEN)
|
00:UNION
|  mem-estimate=0B mem-reservation=0B thread-reservation=0
|  tuple-ids=44 row-size=8B cardinality=351.43M cost=17944082
|  in pipelines: 01(GETNEXT), 25(GETNEXT)
|
|--48:HASH JOIN [LEFT SEMI JOIN, PARTITIONED]
|  |  hash-table-id=05
|  |  hash predicates: ws_bill_customer_sk = c_customer_sk
|  |  mem-estimate=0B mem-reservation=0B spill-buffer=2.00MB thread-reservation=0
|  |  tuple-ids=22,23 row-size=32B cardinality=117.63M cost=54103382
|  |  in pipelines: 25(GETNEXT), 79(OPEN)
|  |
|  |--F37:PLAN FRAGMENT [RANDOM] hosts=10 instances=109 (adjusted from 120)
|  |  |  Per-Instance Resources: mem-estimate=51.00MB mem-reservation=51.00MB thread-reservation=1
|  |  |  max-parallelism=109 segment-costs=[92758934, 36147000] cpu-comparison-result=240 [max(109 (self) vs 240 (sum children))]
|  |  JOIN BUILD
|  |  |  join-table-id=05 plan-id=06 cohort-id=01
|  |  |  build expressions: c_customer_sk
|  |  |  runtime filters: RF017[min_max] <- c_customer_sk
|  |  |  mem-estimate=34.00MB mem-reservation=34.00MB spill-buffer=2.00MB thread-reservation=0 cost=30000000
|  |  |
|  |  44:NESTED LOOP JOIN [INNER JOIN, BROADCAST]
|  |  |  join table id: 06
|  |  |  predicates: sum(ss_quantity * ss_sales_price) > CAST(0.950000 AS DECIMAL(10,6)) * max(csales)
|  |  |  mem-estimate=0B mem-reservation=0B thread-reservation=0
|  |  |  tuple-ids=32,39 row-size=36B cardinality=30.00M cost=6147000
|  |  |  in pipelines: 79(GETNEXT), 85(OPEN)
|  |  |
|  |  |--F38:PLAN FRAGMENT [RANDOM] hosts=10 instances=10
|  |  |  |  Per-Instance Resources: mem-estimate=16.02KB mem-reservation=0B thread-reservation=1
|  |  |  |  max-parallelism=10 segment-costs=[0] cpu-comparison-result=120 [max(10 (self) vs 120 (sum children))]
|  |  |  JOIN BUILD
|  |  |  |  join-table-id=06 plan-id=07 cohort-id=04
|  |  |  |  mem-estimate=16B mem-reservation=0B thread-reservation=0 cost=0
|  |  |  |
|  |  |  86:EXCHANGE [BROADCAST]
|  |  |  |  mem-estimate=16.00KB mem-reservation=0B thread-reservation=0
|  |  |  |  tuple-ids=39 row-size=16B cardinality=1 cost=0
|  |  |  |  in pipelines: 85(GETNEXT)
|  |  |  |
|  |  |  F29:PLAN FRAGMENT [UNPARTITIONED] hosts=1 instances=1
|  |  |  Per-Instance Resources: mem-estimate=96.00KB mem-reservation=0B thread-reservation=1
|  |  |  max-parallelism=1 segment-costs=[0, 0] cpu-comparison-result=120 [max(1 (self) vs 120 (sum children))]
|  |  |  85:AGGREGATE [FINALIZE]
|  |  |  |  output: max:merge(csales)
|  |  |  |  mem-estimate=16.00KB mem-reservation=0B spill-buffer=2.00MB thread-reservation=0
|  |  |  |  tuple-ids=39 row-size=16B cardinality=1 cost=0
|  |  |  |  in pipelines: 85(GETNEXT), 43(OPEN)
|  |  |  |
|  |  |  84:EXCHANGE [UNPARTITIONED]
|  |  |  |  mem-estimate=16.00KB mem-reservation=0B thread-reservation=0
|  |  |  |  tuple-ids=39 row-size=16B cardinality=1 cost=0
|  |  |  |  in pipelines: 43(GETNEXT)
|  |  |  |
|  |  |  F28:PLAN FRAGMENT [HASH(c_customer_sk)] hosts=10 instances=10 (adjusted from 120)
|  |  |  Per-Instance Resources: mem-estimate=104.37MB mem-reservation=34.00MB thread-reservation=1
|  |  |  max-parallelism=10 segment-costs=[92758934, 2100000, 1] cpu-comparison-result=120 [max(10 (self) vs 120 (sum children))]
|  |  |  43:AGGREGATE
|  |  |  |  output: max(sum(ss_quantity * ss_sales_price))
|  |  |  |  mem-estimate=16.00KB mem-reservation=0B spill-buffer=2.00MB thread-reservation=0
|  |  |  |  tuple-ids=39 row-size=16B cardinality=1 cost=2100000
|  |  |  |  in pipelines: 43(GETNEXT), 83(OPEN)
|  |  |  |
|  |  |  83:AGGREGATE [FINALIZE]
|  |  |  |  output: sum:merge(ss_quantity * ss_sales_price)
|  |  |  |  group by: c_customer_sk
|  |  |  |  mem-estimate=91.55MB mem-reservation=34.00MB spill-buffer=2.00MB thread-reservation=0
|  |  |  |  tuple-ids=37 row-size=20B cardinality=30.00M cost=86665934
|  |  |  |  in pipelines: 83(GETNEXT), 37(OPEN)
|  |  |  |
|  |  |  82:EXCHANGE [HASH(c_customer_sk)]
|  |  |  |  mem-estimate=12.81MB mem-reservation=0B thread-reservation=0
|  |  |  |  tuple-ids=37 row-size=20B cardinality=30.00M cost=6093000
|  |  |  |  in pipelines: 37(GETNEXT)
|  |  |  |
|  |  |  F25:PLAN FRAGMENT [RANDOM] hosts=10 instances=120
|  |  |  Per-Host Shared Resources: mem-estimate=17.00MB mem-reservation=17.00MB thread-reservation=0 runtime-filters-memory=17.00MB
|  |  |  Per-Instance Resources: mem-estimate=932.46MB mem-reservation=42.00MB thread-reservation=1
|  |  |  max-parallelism=1491 segment-costs=[17437017588, 54096000] cpu-comparison-result=120 [max(120 (self) vs 31 (sum children))]
|  |  |  42:AGGREGATE [STREAMING]
|  |  |  |  output: sum(CAST(ss_quantity AS DECIMAL(10,0)) * ss_sales_price)
|  |  |  |  group by: c_customer_sk
|  |  |  |  mem-estimate=915.53MB mem-reservation=34.00MB spill-buffer=2.00MB thread-reservation=0
|  |  |  |  tuple-ids=37 row-size=20B cardinality=30.00M cost=9732191673
|  |  |  |  in pipelines: 37(GETNEXT)
|  |  |  |
|  |  |  41:HASH JOIN [INNER JOIN, BROADCAST]
|  |  |  |  hash-table-id=07
|  |  |  |  hash predicates: ss_customer_sk = c_customer_sk
|  |  |  |  fk/pk conjuncts: ss_customer_sk = c_customer_sk
|  |  |  |  mem-estimate=0B mem-reservation=0B spill-buffer=2.00MB thread-reservation=0
|  |  |  |  tuple-ids=34,36,35 row-size=28B cardinality=6.48G cost=2986317151
|  |  |  |  in pipelines: 37(GETNEXT), 38(OPEN)
|  |  |  |
|  |  |  |--F39:PLAN FRAGMENT [RANDOM] hosts=10 instances=10
|  |  |  |  |  Per-Instance Resources: mem-estimate=908.52MB mem-reservation=424.00MB thread-reservation=1 runtime-filters-memory=16.00MB
|  |  |  |  |  max-parallelism=10 segment-costs=[69869990]
|  |  |  |  JOIN BUILD
|  |  |  |  |  join-table-id=07 plan-id=08 cohort-id=05
|  |  |  |  |  build expressions: c_customer_sk
|  |  |  |  |  runtime filters: RF028[bloom] <- c_customer_sk, RF029[min_max] <- c_customer_sk
|  |  |  |  |  mem-estimate=882.44MB mem-reservation=408.00MB spill-buffer=2.00MB thread-reservation=0 cost=30000000
|  |  |  |  |
|  |  |  |  81:EXCHANGE [BROADCAST]
|  |  |  |  |  mem-estimate=10.08MB mem-reservation=0B thread-reservation=0
|  |  |  |  |  tuple-ids=35 row-size=4B cardinality=30.00M cost=39869990
|  |  |  |  |  in pipelines: 38(GETNEXT)
|  |  |  |  |
|  |  |  |  F27:PLAN FRAGMENT [RANDOM] hosts=10 instances=10
|  |  |  |  Per-Instance Resources: mem-estimate=16.03MB mem-reservation=1.00MB thread-reservation=1
|  |  |  |  max-parallelism=10 segment-costs=[2700000]
|  |  |  |  38:SCAN HDFS [tpcds_partitioned_parquet_snap.customer, RANDOM]
|  |  |  |     HDFS partitions=1/1 files=1 size=5.49MB
|  |  |  |     stored statistics:
|  |  |  |       table: rows=30.00M size=1.55GB
|  |  |  |       columns: all
|  |  |  |     extrapolated-rows=disabled max-scan-range-rows=3.10M
|  |  |  |     mem-estimate=16.00MB mem-reservation=1.00MB thread-reservation=0
|  |  |  |     tuple-ids=35 row-size=4B cardinality=30.00M cost=1728000
|  |  |  |     in pipelines: 38(GETNEXT)
|  |  |  |
|  |  |  40:HASH JOIN [INNER JOIN, BROADCAST]
|  |  |  |  hash-table-id=08
|  |  |  |  hash predicates: ss_sold_date_sk = d_date_sk
|  |  |  |  fk/pk conjuncts: ss_sold_date_sk = d_date_sk
|  |  |  |  mem-estimate=0B mem-reservation=0B spill-buffer=64.00KB thread-reservation=0
|  |  |  |  tuple-ids=34,36 row-size=24B cardinality=7.06G cost=3091290654
|  |  |  |  in pipelines: 37(GETNEXT), 39(OPEN)
|  |  |  |
|  |  |  |--F40:PLAN FRAGMENT [RANDOM] hosts=10 instances=10
|  |  |  |  |  Per-Instance Resources: mem-estimate=24.27MB mem-reservation=24.25MB thread-reservation=1 runtime-filters-memory=1.00MB
|  |  |  |  |  max-parallelism=10 segment-costs=[3471]
|  |  |  |  JOIN BUILD
|  |  |  |  |  join-table-id=08 plan-id=09 cohort-id=05
|  |  |  |  |  build expressions: d_date_sk
|  |  |  |  |  runtime filters: RF030[bloom] <- d_date_sk
|  |  |  |  |  mem-estimate=23.25MB mem-reservation=23.25MB spill-buffer=64.00KB thread-reservation=0 cost=1491
|  |  |  |  |
|  |  |  |  80:EXCHANGE [BROADCAST]
|  |  |  |  |  mem-estimate=23.65KB mem-reservation=0B thread-reservation=0
|  |  |  |  |  tuple-ids=36 row-size=8B cardinality=1.49K cost=1980
|  |  |  |  |  in pipelines: 39(GETNEXT)
|  |  |  |  |
|  |  |  |  F26:PLAN FRAGMENT [RANDOM] hosts=1 instances=1
|  |  |  |  Per-Instance Resources: mem-estimate=16.05MB mem-reservation=512.00KB thread-reservation=1
|  |  |  |  max-parallelism=1 segment-costs=[10531]
|  |  |  |  39:SCAN HDFS [tpcds_partitioned_parquet_snap.date_dim, RANDOM]
|  |  |  |     HDFS partitions=1/1 files=1 size=2.17MB
|  |  |  |     predicates: d_year IN (CAST(2000 AS INT), CAST(2001 AS INT), CAST(2002 AS INT), CAST(2003 AS INT))
|  |  |  |     stored statistics:
|  |  |  |       table: rows=73.05K size=2.17MB
|  |  |  |       columns: all
|  |  |  |     extrapolated-rows=disabled max-scan-range-rows=73.05K
|  |  |  |     parquet statistics predicates: d_year IN (CAST(2000 AS INT), CAST(2001 AS INT), CAST(2002 AS INT), CAST(2003 AS INT))
|  |  |  |     parquet dictionary predicates: d_year IN (CAST(2000 AS INT), CAST(2001 AS INT), CAST(2002 AS INT), CAST(2003 AS INT))
|  |  |  |     mem-estimate=16.00MB mem-reservation=512.00KB thread-reservation=0
|  |  |  |     tuple-ids=36 row-size=8B cardinality=1.49K cost=10467
|  |  |  |     in pipelines: 39(GETNEXT)
|  |  |  |
|  |  |  37:SCAN HDFS [tpcds_partitioned_parquet_snap.store_sales, RANDOM]
|  |  |     HDFS partitions=1824/1824 files=1824 size=199.33MB
|  |  |     runtime filters: RF029[min_max] -> ss_customer_sk, RF030[bloom] -> ss_sold_date_sk, RF028[bloom] -> ss_customer_sk
|  |  |     stored statistics:
|  |  |       table: rows=8.64G size=389.90GB
|  |  |       partitions: 1824/1824 rows=8.64G
|  |  |       columns: all
|  |  |     extrapolated-rows=disabled max-scan-range-rows=390.22M est-scan-range=1491(filtered from 1824)
|  |  |     mem-estimate=16.00MB mem-reservation=8.00MB thread-reservation=0
|  |  |     tuple-ids=34 row-size=16B cardinality=7.06G(filtered from 8.64G) cost=1627218110
|  |  |     in pipelines: 37(GETNEXT)
|  |  |
|  |  79:AGGREGATE [FINALIZE]
|  |  |  output: sum:merge(ss_quantity * ss_sales_price)
|  |  |  group by: c_customer_sk
|  |  |  mem-estimate=17.00MB mem-reservation=17.00MB spill-buffer=1.00MB thread-reservation=0
|  |  |  tuple-ids=32 row-size=20B cardinality=30.00M cost=86665934
|  |  |  in pipelines: 79(GETNEXT), 33(OPEN)
|  |  |
|  |  78:EXCHANGE [HASH(c_customer_sk)]
|  |  |  mem-estimate=12.81MB mem-reservation=0B thread-reservation=0
|  |  |  tuple-ids=32 row-size=20B cardinality=30.00M cost=6093000
|  |  |  in pipelines: 33(GETNEXT)
|  |  |
|  |  F22:PLAN FRAGMENT [RANDOM] hosts=10 instances=120
|  |  Per-Host Shared Resources: mem-estimate=16.00MB mem-reservation=16.00MB thread-reservation=0 runtime-filters-memory=16.00MB
|  |  Per-Instance Resources: mem-estimate=941.75MB mem-reservation=42.00MB thread-reservation=1
|  |  max-parallelism=1570 segment-costs=[15633529144, 54096000] cpu-comparison-result=120 [max(120 (self) vs 20 (sum children))]
|  |  36:AGGREGATE [STREAMING]
|  |  |  output: sum(CAST(ss_quantity AS DECIMAL(10,0)) * ss_sales_price)
|  |  |  group by: c_customer_sk
|  |  |  mem-estimate=915.53MB mem-reservation=34.00MB spill-buffer=2.00MB thread-reservation=0
|  |  |  tuple-ids=32 row-size=20B cardinality=30.00M cost=10669051167
|  |  |  in pipelines: 33(GETNEXT)
|  |  |
|  |  35:HASH JOIN [INNER JOIN, BROADCAST]
|  |  |  hash-table-id=09
|  |  |  hash predicates: ss_customer_sk = c_customer_sk
|  |  |  fk/pk conjuncts: ss_customer_sk = c_customer_sk
|  |  |  mem-estimate=0B mem-reservation=0B spill-buffer=2.00MB thread-reservation=0
|  |  |  tuple-ids=30,31 row-size=16B cardinality=7.93G cost=3471497176
|  |  |  in pipelines: 33(GETNEXT), 34(OPEN)
|  |  |
|  |  |--F41:PLAN FRAGMENT [RANDOM] hosts=10 instances=10
|  |  |  |  Per-Instance Resources: mem-estimate=908.52MB mem-reservation=424.00MB thread-reservation=1 runtime-filters-memory=16.00MB
|  |  |  |  max-parallelism=10 segment-costs=[69869990]
|  |  |  JOIN BUILD
|  |  |  |  join-table-id=09 plan-id=10 cohort-id=04
|  |  |  |  build expressions: c_customer_sk
|  |  |  |  runtime filters: RF026[bloom] <- c_customer_sk, RF027[min_max] <- c_customer_sk
|  |  |  |  mem-estimate=882.44MB mem-reservation=408.00MB spill-buffer=2.00MB thread-reservation=0 cost=30000000
|  |  |  |
|  |  |  77:EXCHANGE [BROADCAST]
|  |  |  |  mem-estimate=10.08MB mem-reservation=0B thread-reservation=0
|  |  |  |  tuple-ids=31 row-size=4B cardinality=30.00M cost=39869990
|  |  |  |  in pipelines: 34(GETNEXT)
|  |  |  |
|  |  |  F23:PLAN FRAGMENT [RANDOM] hosts=10 instances=10
|  |  |  Per-Instance Resources: mem-estimate=16.03MB mem-reservation=1.00MB thread-reservation=1
|  |  |  max-parallelism=10 segment-costs=[2700000]
|  |  |  34:SCAN HDFS [tpcds_partitioned_parquet_snap.customer, RANDOM]
|  |  |     HDFS partitions=1/1 files=1 size=5.49MB
|  |  |     stored statistics:
|  |  |       table: rows=30.00M size=1.55GB
|  |  |       columns: all
|  |  |     extrapolated-rows=disabled max-scan-range-rows=3.10M
|  |  |     mem-estimate=16.00MB mem-reservation=1.00MB thread-reservation=0
|  |  |     tuple-ids=31 row-size=4B cardinality=30.00M cost=1728000
|  |  |     in pipelines: 34(GETNEXT)
|  |  |
|  |  33:SCAN HDFS [tpcds_partitioned_parquet_snap.store_sales, RANDOM]
|  |     HDFS partitions=1824/1824 files=1824 size=199.33MB
|  |     runtime filters: RF027[min_max] -> ss_customer_sk, RF026[bloom] -> ss_customer_sk
|  |     stored statistics:
|  |       table: rows=8.64G size=389.90GB
|  |       partitions: 1824/1824 rows=8.64G
|  |       columns: all
|  |     extrapolated-rows=disabled max-scan-range-rows=390.22M
|  |     mem-estimate=16.00MB mem-reservation=8.00MB thread-reservation=0
|  |     tuple-ids=30 row-size=12B cardinality=7.93G(filtered from 8.64G) cost=1492980801
|  |     in pipelines: 33(GETNEXT)
|  |
|  87:EXCHANGE [HASH(ws_bill_customer_sk)]
|  |  mem-estimate=12.34MB mem-reservation=0B thread-reservation=0
|  |  tuple-ids=22,23 row-size=32B cardinality=127.83M cost=37722316
|  |  in pipelines: 25(GETNEXT)
|  |
|  F15:PLAN FRAGMENT [RANDOM] hosts=10 instances=60 (adjusted from 120)
|  Per-Host Shared Resources: mem-estimate=1.00MB mem-reservation=1.00MB thread-reservation=0 runtime-filters-memory=1.00MB
|  Per-Instance Resources: mem-estimate=33.03MB mem-reservation=128.00KB thread-reservation=1
|  max-parallelism=60 segment-costs=[543923728]
|  47:HASH JOIN [LEFT SEMI JOIN, BROADCAST]
|  |  hash-table-id=14
|  |  hash predicates: ws_item_sk = i_item_sk
|  |  mem-estimate=0B mem-reservation=0B spill-buffer=1.00MB thread-reservation=0
|  |  tuple-ids=22,23 row-size=32B cardinality=127.83M cost=55967115
|  |  in pipelines: 25(GETNEXT), 75(OPEN)
|  |
|  |--F46:PLAN FRAGMENT [RANDOM] hosts=10 instances=10
|  |  |  Per-Instance Resources: mem-estimate=103.45MB mem-reservation=102.00MB thread-reservation=1
|  |  |  max-parallelism=10 segment-costs=[838440] cpu-comparison-result=120 [max(10 (self) vs 120 (sum children))]
|  |  JOIN BUILD
|  |  |  join-table-id=14 plan-id=15 cohort-id=01
|  |  |  build expressions: i_item_sk
|  |  |  runtime filters: RF019[min_max] <- i_item_sk
|  |  |  mem-estimate=102.00MB mem-reservation=102.00MB spill-buffer=1.00MB thread-reservation=0 cost=360000
|  |  |
|  |  76:EXCHANGE [BROADCAST]
|  |  |  mem-estimate=1.45MB mem-reservation=0B thread-reservation=0
|  |  |  tuple-ids=68 row-size=4B cardinality=360.00K cost=478440
|  |  |  in pipelines: 75(GETNEXT)
|  |  |
|  |  F21:PLAN FRAGMENT [HASH(i_item_sk)] hosts=10 instances=10 (adjusted from 120)
|  |  Per-Instance Resources: mem-estimate=11.07MB mem-reservation=1.94MB thread-reservation=1
|  |  max-parallelism=10 segment-costs=[1086444, 11664] cpu-comparison-result=120 [max(10 (self) vs 120 (sum children))]
|  |  75:AGGREGATE [FINALIZE]
|  |  |  group by: i_item_sk
|  |  |  mem-estimate=10.00MB mem-reservation=1.94MB spill-buffer=64.00KB thread-reservation=0
|  |  |  tuple-ids=68 row-size=4B cardinality=360.00K cost=1039824
|  |  |  in pipelines: 75(GETNEXT), 73(OPEN)
|  |  |
|  |  74:EXCHANGE [HASH(i_item_sk)]
|  |  |  mem-estimate=1.07MB mem-reservation=0B thread-reservation=0
|  |  |  tuple-ids=68 row-size=4B cardinality=360.00K cost=46620
|  |  |  in pipelines: 73(GETNEXT)
|  |  |
|  |  F20:PLAN FRAGMENT [HASH(substr(i_item_desc, 1, 30),i_item_sk,d_date)] hosts=10 instances=120
|  |  Per-Instance Resources: mem-estimate=968.75MB mem-reservation=36.00MB thread-reservation=1
|  |  max-parallelism=4340 segment-costs=[43360208973, 319107912, 278208] cpu-comparison-result=120 [max(120 (self) vs 120 (sum children))]
|  |  46:AGGREGATE [STREAMING]
|  |  |  group by: i_item_sk
|  |  |  mem-estimate=10.00MB mem-reservation=2.00MB spill-buffer=64.00KB thread-reservation=0
|  |  |  tuple-ids=68 row-size=4B cardinality=360.00K cost=319107912
|  |  |  in pipelines: 73(GETNEXT)
|  |  |
|  |  73:AGGREGATE [FINALIZE]
|  |  |  output: count:merge(*)
|  |  |  group by: substr(i_item_desc, 1, 30), i_item_sk, d_date
|  |  |  having: count(*) > CAST(4 AS BIGINT)
|  |  |  mem-estimate=945.00MB mem-reservation=34.00MB spill-buffer=2.00MB thread-reservation=0
|  |  |  tuple-ids=27 row-size=28B cardinality=705.90M cost=41666743099
|  |  |  in pipelines: 73(GETNEXT), 27(OPEN)
|  |  |
|  |  72:EXCHANGE [HASH(substr(i_item_desc, 1, 30),i_item_sk,d_date)]
|  |  |  mem-estimate=13.75MB mem-reservation=0B thread-reservation=0
|  |  |  tuple-ids=27 row-size=28B cardinality=7.06G cost=1693465874
|  |  |  in pipelines: 27(GETNEXT)
|  |  |
|  |  F17:PLAN FRAGMENT [RANDOM] hosts=10 instances=120
|  |  Per-Host Shared Resources: mem-estimate=1.00MB mem-reservation=1.00MB thread-reservation=0 runtime-filters-memory=1.00MB
|  |  Per-Instance Resources: mem-estimate=835.75MB mem-reservation=38.00MB thread-reservation=1
|  |  max-parallelism=1491 segment-costs=[48662293913, 16365699387] cpu-comparison-result=120 [max(120 (self) vs 25 (sum children))]
|  |  32:AGGREGATE [STREAMING]
|  |  |  output: count(*)
|  |  |  group by: substr(i_item_desc, CAST(1 AS BIGINT), CAST(30 AS BIGINT)), i_item_sk, d_date
|  |  |  mem-estimate=804.75MB mem-reservation=34.00MB spill-buffer=2.00MB thread-reservation=0
|  |  |  tuple-ids=27 row-size=28B cardinality=7.06G cost=41666743099
|  |  |  in pipelines: 27(GETNEXT)
|  |  |
|  |  31:HASH JOIN [INNER JOIN, BROADCAST]
|  |  |  hash-table-id=15
|  |  |  hash predicates: ss_item_sk = i_item_sk
|  |  |  fk/pk conjuncts: ss_item_sk = i_item_sk
|  |  |  mem-estimate=0B mem-reservation=0B spill-buffer=2.00MB thread-reservation=0
|  |  |  tuple-ids=24,25,26 row-size=137B cardinality=7.06G cost=3090651105
|  |  |  in pipelines: 27(GETNEXT), 29(OPEN)
|  |  |
|  |  |--F47:PLAN FRAGMENT [RANDOM] hosts=10 instances=10
|  |  |  |  Per-Instance Resources: mem-estimate=418.47MB mem-reservation=408.00MB thread-reservation=1
|  |  |  |  max-parallelism=10 segment-costs=[838440]
|  |  |  JOIN BUILD
|  |  |  |  join-table-id=15 plan-id=16 cohort-id=07
|  |  |  |  build expressions: i_item_sk
|  |  |  |  runtime filters: RF023[min_max] <- i_item_sk
|  |  |  |  mem-estimate=408.00MB mem-reservation=408.00MB spill-buffer=2.00MB thread-reservation=0 cost=360000
|  |  |  |
|  |  |  71:EXCHANGE [BROADCAST]
|  |  |  |  mem-estimate=10.47MB mem-reservation=0B thread-reservation=0
|  |  |  |  tuple-ids=26 row-size=117B cardinality=360.00K cost=478440
|  |  |  |  in pipelines: 29(GETNEXT)
|  |  |  |
|  |  |  F19:PLAN FRAGMENT [RANDOM] hosts=4 instances=4
|  |  |  Per-Instance Resources: mem-estimate=16.47MB mem-reservation=512.00KB thread-reservation=1
|  |  |  max-parallelism=4 segment-costs=[663353]
|  |  |  29:SCAN HDFS [tpcds_partitioned_parquet_snap.item, RANDOM]
|  |  |     HDFS partitions=1/1 files=1 size=1.73MB
|  |  |     stored statistics:
|  |  |       table: rows=360.00K size=33.54MB
|  |  |       columns: all
|  |  |     extrapolated-rows=disabled max-scan-range-rows=101.54K
|  |  |     mem-estimate=16.00MB mem-reservation=512.00KB thread-reservation=0
|  |  |     tuple-ids=26 row-size=117B cardinality=360.00K cost=542243
|  |  |     in pipelines: 29(GETNEXT)
|  |  |
|  |  30:HASH JOIN [INNER JOIN, BROADCAST]
|  |  |  hash-table-id=16
|  |  |  hash predicates: ss_sold_date_sk = d_date_sk
|  |  |  fk/pk conjuncts: ss_sold_date_sk = d_date_sk
|  |  |  mem-estimate=0B mem-reservation=0B spill-buffer=64.00KB thread-reservation=0
|  |  |  tuple-ids=24,25 row-size=20B cardinality=7.06G cost=3091290654
|  |  |  in pipelines: 27(GETNEXT), 28(OPEN)
|  |  |
|  |  |--F48:PLAN FRAGMENT [RANDOM] hosts=10 instances=10
|  |  |  |  Per-Instance Resources: mem-estimate=24.28MB mem-reservation=24.25MB thread-reservation=1 runtime-filters-memory=1.00MB
|  |  |  |  max-parallelism=10 segment-costs=[3471]
|  |  |  JOIN BUILD
|  |  |  |  join-table-id=16 plan-id=17 cohort-id=07
|  |  |  |  build expressions: d_date_sk
|  |  |  |  runtime filters: RF024[bloom] <- d_date_sk
|  |  |  |  mem-estimate=23.25MB mem-reservation=23.25MB spill-buffer=64.00KB thread-reservation=0 cost=1491
|  |  |  |
|  |  |  70:EXCHANGE [BROADCAST]
|  |  |  |  mem-estimate=33.47KB mem-reservation=0B thread-reservation=0
|  |  |  |  tuple-ids=25 row-size=12B cardinality=1.49K cost=1980
|  |  |  |  in pipelines: 28(GETNEXT)
|  |  |  |
|  |  |  F18:PLAN FRAGMENT [RANDOM] hosts=1 instances=1
|  |  |  Per-Instance Resources: mem-estimate=16.06MB mem-reservation=1.00MB thread-reservation=1
|  |  |  max-parallelism=1 segment-costs=[14755]
|  |  |  28:SCAN HDFS [tpcds_partitioned_parquet_snap.date_dim, RANDOM]
|  |  |     HDFS partitions=1/1 files=1 size=2.17MB
|  |  |     predicates: d_year IN (CAST(2000 AS INT), CAST(2001 AS INT), CAST(2002 AS INT), CAST(2003 AS INT))
|  |  |     stored statistics:
|  |  |       table: rows=73.05K size=2.17MB
|  |  |       columns: all
|  |  |     extrapolated-rows=disabled max-scan-range-rows=73.05K
|  |  |     parquet statistics predicates: d_year IN (CAST(2000 AS INT), CAST(2001 AS INT), CAST(2002 AS INT), CAST(2003 AS INT))
|  |  |     parquet dictionary predicates: d_year IN (CAST(2000 AS INT), CAST(2001 AS INT), CAST(2002 AS INT), CAST(2003 AS INT))
|  |  |     mem-estimate=16.00MB mem-reservation=1.00MB thread-reservation=0
|  |  |     tuple-ids=25 row-size=12B cardinality=1.49K cost=14675
|  |  |     in pipelines: 28(GETNEXT)
|  |  |
|  |  27:SCAN HDFS [tpcds_partitioned_parquet_snap.store_sales, RANDOM]
|  |     HDFS partitions=1824/1824 files=1824 size=199.33MB
|  |     runtime filters: RF023[min_max] -> ss_item_sk, RF024[bloom] -> ss_sold_date_sk
|  |     stored statistics:
|  |       table: rows=8.64G size=389.90GB
|  |       partitions: 1824/1824 rows=8.64G
|  |       columns: all
|  |     extrapolated-rows=disabled max-scan-range-rows=390.22M est-scan-range=1491(filtered from 1824)
|  |     mem-estimate=16.00MB mem-reservation=4.00MB thread-reservation=0
|  |     tuple-ids=24 row-size=8B cardinality=7.06G(filtered from 8.64G) cost=813609055
|  |     in pipelines: 27(GETNEXT)
|  |
|  45:HASH JOIN [INNER JOIN, BROADCAST]
|  |  hash-table-id=17
|  |  hash predicates: ws_sold_date_sk = d_date_sk
|  |  fk/pk conjuncts: ws_sold_date_sk = d_date_sk
|  |  mem-estimate=0B mem-reservation=0B spill-buffer=64.00KB thread-reservation=0
|  |  tuple-ids=22,23 row-size=32B cardinality=127.89M cost=55978696
|  |  in pipelines: 25(GETNEXT), 26(OPEN)
|  |
|  |--F49:PLAN FRAGMENT [RANDOM] hosts=10 instances=10
|  |  |  Per-Instance Resources: mem-estimate=12.64MB mem-reservation=12.62MB thread-reservation=1 runtime-filters-memory=1.00MB
|  |  |  max-parallelism=10 segment-costs=[248]
|  |  JOIN BUILD
|  |  |  join-table-id=17 plan-id=18 cohort-id=01
|  |  |  build expressions: d_date_sk
|  |  |  runtime filters: RF020[bloom] <- d_date_sk
|  |  |  mem-estimate=11.62MB mem-reservation=11.62MB spill-buffer=64.00KB thread-reservation=0 cost=108
|  |  |
|  |  69:EXCHANGE [BROADCAST]
|  |  |  mem-estimate=16.00KB mem-reservation=0B thread-reservation=0
|  |  |  tuple-ids=23 row-size=12B cardinality=108 cost=140
|  |  |  in pipelines: 26(GETNEXT)
|  |  |
|  |  F16:PLAN FRAGMENT [RANDOM] hosts=1 instances=1
|  |  Per-Instance Resources: mem-estimate=16.06MB mem-reservation=512.00KB thread-reservation=1
|  |  max-parallelism=1 segment-costs=[16733]
|  |  26:SCAN HDFS [tpcds_partitioned_parquet_snap.date_dim, RANDOM]
|  |     HDFS partitions=1/1 files=1 size=2.17MB
|  |     predicates: d_year = CAST(2000 AS INT), d_moy = CAST(5 AS INT)
|  |     stored statistics:
|  |       table: rows=73.05K size=2.17MB
|  |       columns: all
|  |     extrapolated-rows=disabled max-scan-range-rows=73.05K
|  |     parquet statistics predicates: d_year = CAST(2000 AS INT), d_moy = CAST(5 AS INT)
|  |     parquet dictionary predicates: d_year = CAST(2000 AS INT), d_moy = CAST(5 AS INT)
|  |     mem-estimate=16.00MB mem-reservation=512.00KB thread-reservation=0
|  |     tuple-ids=23 row-size=12B cardinality=108 cost=16728
|  |     in pipelines: 26(GETNEXT)
|  |
|  25:SCAN HDFS [tpcds_partitioned_parquet_snap.web_sales, RANDOM]
|     HDFS partitions=1824/1824 files=1824 size=84.18MB
|     runtime filters: RF017[min_max] -> ws_bill_customer_sk, RF019[min_max] -> ws_item_sk, RF020[bloom] -> ws_sold_date_sk
|     stored statistics:
|       table: rows=2.16G size=145.75GB
|       partitions: 1824/1824 rows=2.16G
|       columns: all
|     extrapolated-rows=disabled max-scan-range-rows=3.37M est-scan-range=109(filtered from 1824)
|     mem-estimate=16.00MB mem-reservation=128.00KB thread-reservation=0
|     tuple-ids=22 row-size=20B cardinality=127.89M(filtered from 2.16G) cost=36833138
|     in pipelines: 25(GETNEXT)
|
24:HASH JOIN [LEFT SEMI JOIN, PARTITIONED]
|  hash-table-id=00
|  hash predicates: cs_bill_customer_sk = c_customer_sk
|  mem-estimate=0B mem-reservation=0B spill-buffer=2.00MB thread-reservation=0
|  tuple-ids=0,1 row-size=32B cardinality=233.80M cost=107691776
|  in pipelines: 01(GETNEXT), 60(OPEN)
|
|--F32:PLAN FRAGMENT [RANDOM] hosts=10 instances=109 (adjusted from 120)
|  |  Per-Instance Resources: mem-estimate=51.00MB mem-reservation=51.00MB thread-reservation=1
|  |  max-parallelism=109 segment-costs=[92758934, 36147000] cpu-comparison-result=240 [max(109 (self) vs 240 (sum children))]
|  JOIN BUILD
|  |  join-table-id=00 plan-id=01 cohort-id=01
|  |  build expressions: c_customer_sk
|  |  runtime filters: RF001[min_max] <- c_customer_sk
|  |  mem-estimate=34.00MB mem-reservation=34.00MB spill-buffer=2.00MB thread-reservation=0 cost=30000000
|  |
|  20:NESTED LOOP JOIN [INNER JOIN, BROADCAST]
|  |  join table id: 01
|  |  predicates: sum(ss_quantity * ss_sales_price) > CAST(0.950000 AS DECIMAL(10,6)) * max(csales)
|  |  mem-estimate=0B mem-reservation=0B thread-reservation=0
|  |  tuple-ids=10,17 row-size=36B cardinality=30.00M cost=6147000
|  |  in pipelines: 60(GETNEXT), 66(OPEN)
|  |
|  |--F33:PLAN FRAGMENT [RANDOM] hosts=10 instances=10
|  |  |  Per-Instance Resources: mem-estimate=16.02KB mem-reservation=0B thread-reservation=1
|  |  |  max-parallelism=10 segment-costs=[0] cpu-comparison-result=120 [max(10 (self) vs 120 (sum children))]
|  |  JOIN BUILD
|  |  |  join-table-id=01 plan-id=02 cohort-id=02
|  |  |  mem-estimate=16B mem-reservation=0B thread-reservation=0 cost=0
|  |  |
|  |  67:EXCHANGE [BROADCAST]
|  |  |  mem-estimate=16.00KB mem-reservation=0B thread-reservation=0
|  |  |  tuple-ids=17 row-size=16B cardinality=1 cost=0
|  |  |  in pipelines: 66(GETNEXT)
|  |  |
|  |  F14:PLAN FRAGMENT [UNPARTITIONED] hosts=1 instances=1
|  |  Per-Instance Resources: mem-estimate=96.00KB mem-reservation=0B thread-reservation=1
|  |  max-parallelism=1 segment-costs=[0, 0] cpu-comparison-result=120 [max(1 (self) vs 120 (sum children))]
|  |  66:AGGREGATE [FINALIZE]
|  |  |  output: max:merge(csales)
|  |  |  mem-estimate=16.00KB mem-reservation=0B spill-buffer=2.00MB thread-reservation=0
|  |  |  tuple-ids=17 row-size=16B cardinality=1 cost=0
|  |  |  in pipelines: 66(GETNEXT), 19(OPEN)
|  |  |
|  |  65:EXCHANGE [UNPARTITIONED]
|  |  |  mem-estimate=16.00KB mem-reservation=0B thread-reservation=0
|  |  |  tuple-ids=17 row-size=16B cardinality=1 cost=0
|  |  |  in pipelines: 19(GETNEXT)
|  |  |
|  |  F13:PLAN FRAGMENT [HASH(c_customer_sk)] hosts=10 instances=10 (adjusted from 120)
|  |  Per-Instance Resources: mem-estimate=104.37MB mem-reservation=34.00MB thread-reservation=1
|  |  max-parallelism=10 segment-costs=[92758934, 2100000, 1] cpu-comparison-result=120 [max(10 (self) vs 120 (sum children))]
|  |  19:AGGREGATE
|  |  |  output: max(sum(ss_quantity * ss_sales_price))
|  |  |  mem-estimate=16.00KB mem-reservation=0B spill-buffer=2.00MB thread-reservation=0
|  |  |  tuple-ids=17 row-size=16B cardinality=1 cost=2100000
|  |  |  in pipelines: 19(GETNEXT), 64(OPEN)
|  |  |
|  |  64:AGGREGATE [FINALIZE]
|  |  |  output: sum:merge(ss_quantity * ss_sales_price)
|  |  |  group by: c_customer_sk
|  |  |  mem-estimate=91.55MB mem-reservation=34.00MB spill-buffer=2.00MB thread-reservation=0
|  |  |  tuple-ids=15 row-size=20B cardinality=30.00M cost=86665934
|  |  |  in pipelines: 64(GETNEXT), 13(OPEN)
|  |  |
|  |  63:EXCHANGE [HASH(c_customer_sk)]
|  |  |  mem-estimate=12.81MB mem-reservation=0B thread-reservation=0
|  |  |  tuple-ids=15 row-size=20B cardinality=30.00M cost=6093000
|  |  |  in pipelines: 13(GETNEXT)
|  |  |
|  |  F10:PLAN FRAGMENT [RANDOM] hosts=10 instances=120
|  |  Per-Host Shared Resources: mem-estimate=17.00MB mem-reservation=17.00MB thread-reservation=0 runtime-filters-memory=17.00MB
|  |  Per-Instance Resources: mem-estimate=932.46MB mem-reservation=42.00MB thread-reservation=1
|  |  max-parallelism=1491 segment-costs=[17437017588, 54096000] cpu-comparison-result=120 [max(120 (self) vs 31 (sum children))]
|  |  18:AGGREGATE [STREAMING]
|  |  |  output: sum(CAST(ss_quantity AS DECIMAL(10,0)) * ss_sales_price)
|  |  |  group by: c_customer_sk
|  |  |  mem-estimate=915.53MB mem-reservation=34.00MB spill-buffer=2.00MB thread-reservation=0
|  |  |  tuple-ids=15 row-size=20B cardinality=30.00M cost=9732191673
|  |  |  in pipelines: 13(GETNEXT)
|  |  |
|  |  17:HASH JOIN [INNER JOIN, BROADCAST]
|  |  |  hash-table-id=02
|  |  |  hash predicates: ss_customer_sk = c_customer_sk
|  |  |  fk/pk conjuncts: ss_customer_sk = c_customer_sk
|  |  |  mem-estimate=0B mem-reservation=0B spill-buffer=2.00MB thread-reservation=0
|  |  |  tuple-ids=12,14,13 row-size=28B cardinality=6.48G cost=2986317151
|  |  |  in pipelines: 13(GETNEXT), 14(OPEN)
|  |  |
|  |  |--F34:PLAN FRAGMENT [RANDOM] hosts=10 instances=10
|  |  |  |  Per-Instance Resources: mem-estimate=908.52MB mem-reservation=424.00MB thread-reservation=1 runtime-filters-memory=16.00MB
|  |  |  |  max-parallelism=10 segment-costs=[69869990]
|  |  |  JOIN BUILD
|  |  |  |  join-table-id=02 plan-id=03 cohort-id=03
|  |  |  |  build expressions: c_customer_sk
|  |  |  |  runtime filters: RF012[bloom] <- c_customer_sk, RF013[min_max] <- c_customer_sk
|  |  |  |  mem-estimate=882.44MB mem-reservation=408.00MB spill-buffer=2.00MB thread-reservation=0 cost=30000000
|  |  |  |
|  |  |  62:EXCHANGE [BROADCAST]
|  |  |  |  mem-estimate=10.08MB mem-reservation=0B thread-reservation=0
|  |  |  |  tuple-ids=13 row-size=4B cardinality=30.00M cost=39869990
|  |  |  |  in pipelines: 14(GETNEXT)
|  |  |  |
|  |  |  F12:PLAN FRAGMENT [RANDOM] hosts=10 instances=10
|  |  |  Per-Instance Resources: mem-estimate=16.03MB mem-reservation=1.00MB thread-reservation=1
|  |  |  max-parallelism=10 segment-costs=[2700000]
|  |  |  14:SCAN HDFS [tpcds_partitioned_parquet_snap.customer, RANDOM]
|  |  |     HDFS partitions=1/1 files=1 size=5.49MB
|  |  |     stored statistics:
|  |  |       table: rows=30.00M size=1.55GB
|  |  |       columns: all
|  |  |     extrapolated-rows=disabled max-scan-range-rows=3.10M
|  |  |     mem-estimate=16.00MB mem-reservation=1.00MB thread-reservation=0
|  |  |     tuple-ids=13 row-size=4B cardinality=30.00M cost=1728000
|  |  |     in pipelines: 14(GETNEXT)
|  |  |
|  |  16:HASH JOIN [INNER JOIN, BROADCAST]
|  |  |  hash-table-id=03
|  |  |  hash predicates: ss_sold_date_sk = d_date_sk
|  |  |  fk/pk conjuncts: ss_sold_date_sk = d_date_sk
|  |  |  mem-estimate=0B mem-reservation=0B spill-buffer=64.00KB thread-reservation=0
|  |  |  tuple-ids=12,14 row-size=24B cardinality=7.06G cost=3091290654
|  |  |  in pipelines: 13(GETNEXT), 15(OPEN)
|  |  |
|  |  |--F35:PLAN FRAGMENT [RANDOM] hosts=10 instances=10
|  |  |  |  Per-Instance Resources: mem-estimate=24.27MB mem-reservation=24.25MB thread-reservation=1 runtime-filters-memory=1.00MB
|  |  |  |  max-parallelism=10 segment-costs=[3471]
|  |  |  JOIN BUILD
|  |  |  |  join-table-id=03 plan-id=04 cohort-id=03
|  |  |  |  build expressions: d_date_sk
|  |  |  |  runtime filters: RF014[bloom] <- d_date_sk
|  |  |  |  mem-estimate=23.25MB mem-reservation=23.25MB spill-buffer=64.00KB thread-reservation=0 cost=1491
|  |  |  |
|  |  |  61:EXCHANGE [BROADCAST]
|  |  |  |  mem-estimate=23.65KB mem-reservation=0B thread-reservation=0
|  |  |  |  tuple-ids=14 row-size=8B cardinality=1.49K cost=1980
|  |  |  |  in pipelines: 15(GETNEXT)
|  |  |  |
|  |  |  F11:PLAN FRAGMENT [RANDOM] hosts=1 instances=1
|  |  |  Per-Instance Resources: mem-estimate=16.05MB mem-reservation=512.00KB thread-reservation=1
|  |  |  max-parallelism=1 segment-costs=[10531]
|  |  |  15:SCAN HDFS [tpcds_partitioned_parquet_snap.date_dim, RANDOM]
|  |  |     HDFS partitions=1/1 files=1 size=2.17MB
|  |  |     predicates: d_year IN (CAST(2000 AS INT), CAST(2001 AS INT), CAST(2002 AS INT), CAST(2003 AS INT))
|  |  |     stored statistics:
|  |  |       table: rows=73.05K size=2.17MB
|  |  |       columns: all
|  |  |     extrapolated-rows=disabled max-scan-range-rows=73.05K
|  |  |     parquet statistics predicates: d_year IN (CAST(2000 AS INT), CAST(2001 AS INT), CAST(2002 AS INT), CAST(2003 AS INT))
|  |  |     parquet dictionary predicates: d_year IN (CAST(2000 AS INT), CAST(2001 AS INT), CAST(2002 AS INT), CAST(2003 AS INT))
|  |  |     mem-estimate=16.00MB mem-reservation=512.00KB thread-reservation=0
|  |  |     tuple-ids=14 row-size=8B cardinality=1.49K cost=10467
|  |  |     in pipelines: 15(GETNEXT)
|  |  |
|  |  13:SCAN HDFS [tpcds_partitioned_parquet_snap.store_sales, RANDOM]
|  |     HDFS partitions=1824/1824 files=1824 size=199.33MB
|  |     runtime filters: RF013[min_max] -> ss_customer_sk, RF014[bloom] -> ss_sold_date_sk, RF012[bloom] -> ss_customer_sk
|  |     stored statistics:
|  |       table: rows=8.64G size=389.90GB
|  |       partitions: 1824/1824 rows=8.64G
|  |       columns: all
|  |     extrapolated-rows=disabled max-scan-range-rows=390.22M est-scan-range=1491(filtered from 1824)
|  |     mem-estimate=16.00MB mem-reservation=8.00MB thread-reservation=0
|  |     tuple-ids=12 row-size=16B cardinality=7.06G(filtered from 8.64G) cost=1627218110
|  |     in pipelines: 13(GETNEXT)
|  |
|  60:AGGREGATE [FINALIZE]
|  |  output: sum:merge(ss_quantity * ss_sales_price)
|  |  group by: c_customer_sk
|  |  mem-estimate=17.00MB mem-reservation=17.00MB spill-buffer=1.00MB thread-reservation=0
|  |  tuple-ids=10 row-size=20B cardinality=30.00M cost=86665934
|  |  in pipelines: 60(GETNEXT), 09(OPEN)
|  |
|  59:EXCHANGE [HASH(c_customer_sk)]
|  |  mem-estimate=12.81MB mem-reservation=0B thread-reservation=0
|  |  tuple-ids=10 row-size=20B cardinality=30.00M cost=6093000
|  |  in pipelines: 09(GETNEXT)
|  |
|  F07:PLAN FRAGMENT [RANDOM] hosts=10 instances=120
|  Per-Host Shared Resources: mem-estimate=16.00MB mem-reservation=16.00MB thread-reservation=0 runtime-filters-memory=16.00MB
|  Per-Instance Resources: mem-estimate=941.75MB mem-reservation=42.00MB thread-reservation=1
|  max-parallelism=1570 segment-costs=[15633529144, 54096000] cpu-comparison-result=120 [max(120 (self) vs 20 (sum children))]
|  12:AGGREGATE [STREAMING]
|  |  output: sum(CAST(ss_quantity AS DECIMAL(10,0)) * ss_sales_price)
|  |  group by: c_customer_sk
|  |  mem-estimate=915.53MB mem-reservation=34.00MB spill-buffer=2.00MB thread-reservation=0
|  |  tuple-ids=10 row-size=20B cardinality=30.00M cost=10669051167
|  |  in pipelines: 09(GETNEXT)
|  |
|  11:HASH JOIN [INNER JOIN, BROADCAST]
|  |  hash-table-id=04
|  |  hash predicates: ss_customer_sk = c_customer_sk
|  |  fk/pk conjuncts: ss_customer_sk = c_customer_sk
|  |  mem-estimate=0B mem-reservation=0B spill-buffer=2.00MB thread-reservation=0
|  |  tuple-ids=8,9 row-size=16B cardinality=7.93G cost=3471497176
|  |  in pipelines: 09(GETNEXT), 10(OPEN)
|  |
|  |--F36:PLAN FRAGMENT [RANDOM] hosts=10 instances=10
|  |  |  Per-Instance Resources: mem-estimate=908.52MB mem-reservation=424.00MB thread-reservation=1 runtime-filters-memory=16.00MB
|  |  |  max-parallelism=10 segment-costs=[69869990]
|  |  JOIN BUILD
|  |  |  join-table-id=04 plan-id=05 cohort-id=02
|  |  |  build expressions: c_customer_sk
|  |  |  runtime filters: RF010[bloom] <- c_customer_sk, RF011[min_max] <- c_customer_sk
|  |  |  mem-estimate=882.44MB mem-reservation=408.00MB spill-buffer=2.00MB thread-reservation=0 cost=30000000
|  |  |
|  |  58:EXCHANGE [BROADCAST]
|  |  |  mem-estimate=10.08MB mem-reservation=0B thread-reservation=0
|  |  |  tuple-ids=9 row-size=4B cardinality=30.00M cost=39869990
|  |  |  in pipelines: 10(GETNEXT)
|  |  |
|  |  F08:PLAN FRAGMENT [RANDOM] hosts=10 instances=10
|  |  Per-Instance Resources: mem-estimate=16.03MB mem-reservation=1.00MB thread-reservation=1
|  |  max-parallelism=10 segment-costs=[2700000]
|  |  10:SCAN HDFS [tpcds_partitioned_parquet_snap.customer, RANDOM]
|  |     HDFS partitions=1/1 files=1 size=5.49MB
|  |     stored statistics:
|  |       table: rows=30.00M size=1.55GB
|  |       columns: all
|  |     extrapolated-rows=disabled max-scan-range-rows=3.10M
|  |     mem-estimate=16.00MB mem-reservation=1.00MB thread-reservation=0
|  |     tuple-ids=9 row-size=4B cardinality=30.00M cost=1728000
|  |     in pipelines: 10(GETNEXT)
|  |
|  09:SCAN HDFS [tpcds_partitioned_parquet_snap.store_sales, RANDOM]
|     HDFS partitions=1824/1824 files=1824 size=199.33MB
|     runtime filters: RF011[min_max] -> ss_customer_sk, RF010[bloom] -> ss_customer_sk
|     stored statistics:
|       table: rows=8.64G size=389.90GB
|       partitions: 1824/1824 rows=8.64G
|       columns: all
|     extrapolated-rows=disabled max-scan-range-rows=390.22M
|     mem-estimate=16.00MB mem-reservation=8.00MB thread-reservation=0
|     tuple-ids=8 row-size=12B cardinality=7.93G(filtered from 8.64G) cost=1492980801
|     in pipelines: 09(GETNEXT)
|
68:EXCHANGE [HASH(cs_bill_customer_sk)]
|  mem-estimate=14.26MB mem-reservation=0B thread-reservation=0
|  tuple-ids=0,1 row-size=32B cardinality=254.69M cost=75158674
|  in pipelines: 01(GETNEXT)
|
F00:PLAN FRAGMENT [RANDOM] hosts=10 instances=109 (adjusted from 120)
Per-Host Shared Resources: mem-estimate=1.00MB mem-reservation=1.00MB thread-reservation=0 runtime-filters-memory=1.00MB
Per-Instance Resources: mem-estimate=33.03MB mem-reservation=1.00MB thread-reservation=1
max-parallelism=109 segment-costs=[1083724189]
23:HASH JOIN [LEFT SEMI JOIN, BROADCAST]
|  hash-table-id=10
|  hash predicates: cs_item_sk = i_item_sk
|  mem-estimate=0B mem-reservation=0B spill-buffer=1.00MB thread-reservation=0
|  tuple-ids=0,1 row-size=32B cardinality=254.69M cost=111509966
|  in pipelines: 01(GETNEXT), 56(OPEN)
|
|--F42:PLAN FRAGMENT [RANDOM] hosts=10 instances=10
|  |  Per-Instance Resources: mem-estimate=188.45MB mem-reservation=187.00MB thread-reservation=1
|  |  max-parallelism=10 segment-costs=[838440] cpu-comparison-result=120 [max(10 (self) vs 120 (sum children))]
|  JOIN BUILD
|  |  join-table-id=10 plan-id=11 cohort-id=01
|  |  build expressions: i_item_sk
|  |  runtime filters: RF003[min_max] <- i_item_sk
|  |  mem-estimate=187.00MB mem-reservation=187.00MB spill-buffer=1.00MB thread-reservation=0 cost=360000
|  |
|  57:EXCHANGE [BROADCAST]
|  |  mem-estimate=1.45MB mem-reservation=0B thread-reservation=0
|  |  tuple-ids=57 row-size=4B cardinality=360.00K cost=478440
|  |  in pipelines: 56(GETNEXT)
|  |
|  F06:PLAN FRAGMENT [HASH(i_item_sk)] hosts=10 instances=10 (adjusted from 120)
|  Per-Instance Resources: mem-estimate=11.07MB mem-reservation=1.94MB thread-reservation=1
|  max-parallelism=10 segment-costs=[1086444, 11664] cpu-comparison-result=120 [max(10 (self) vs 120 (sum children))]
|  56:AGGREGATE [FINALIZE]
|  |  group by: i_item_sk
|  |  mem-estimate=10.00MB mem-reservation=1.94MB spill-buffer=64.00KB thread-reservation=0
|  |  tuple-ids=57 row-size=4B cardinality=360.00K cost=1039824
|  |  in pipelines: 56(GETNEXT), 54(OPEN)
|  |
|  55:EXCHANGE [HASH(i_item_sk)]
|  |  mem-estimate=1.07MB mem-reservation=0B thread-reservation=0
|  |  tuple-ids=57 row-size=4B cardinality=360.00K cost=46620
|  |  in pipelines: 54(GETNEXT)
|  |
|  F05:PLAN FRAGMENT [HASH(substr(i_item_desc, 1, 30),i_item_sk,d_date)] hosts=10 instances=120
|  Per-Instance Resources: mem-estimate=968.75MB mem-reservation=36.00MB thread-reservation=1
|  max-parallelism=4340 segment-costs=[43360208973, 319107912, 278208] cpu-comparison-result=120 [max(120 (self) vs 120 (sum children))]
|  22:AGGREGATE [STREAMING]
|  |  group by: i_item_sk
|  |  mem-estimate=10.00MB mem-reservation=2.00MB spill-buffer=64.00KB thread-reservation=0
|  |  tuple-ids=57 row-size=4B cardinality=360.00K cost=319107912
|  |  in pipelines: 54(GETNEXT)
|  |
|  54:AGGREGATE [FINALIZE]
|  |  output: count:merge(*)
|  |  group by: substr(i_item_desc, 1, 30), i_item_sk, d_date
|  |  having: count(*) > CAST(4 AS BIGINT)
|  |  mem-estimate=945.00MB mem-reservation=34.00MB spill-buffer=2.00MB thread-reservation=0
|  |  tuple-ids=5 row-size=28B cardinality=705.90M cost=41666743099
|  |  in pipelines: 54(GETNEXT), 03(OPEN)
|  |
|  53:EXCHANGE [HASH(substr(i_item_desc, 1, 30),i_item_sk,d_date)]
|  |  mem-estimate=13.75MB mem-reservation=0B thread-reservation=0
|  |  tuple-ids=5 row-size=28B cardinality=7.06G cost=1693465874
|  |  in pipelines: 03(GETNEXT)
|  |
|  F02:PLAN FRAGMENT [RANDOM] hosts=10 instances=120
|  Per-Host Shared Resources: mem-estimate=1.00MB mem-reservation=1.00MB thread-reservation=0 runtime-filters-memory=1.00MB
|  Per-Instance Resources: mem-estimate=835.75MB mem-reservation=38.00MB thread-reservation=1
|  max-parallelism=1491 segment-costs=[48662293913, 16365699387] cpu-comparison-result=120 [max(120 (self) vs 25 (sum children))]
|  08:AGGREGATE [STREAMING]
|  |  output: count(*)
|  |  group by: substr(i_item_desc, CAST(1 AS BIGINT), CAST(30 AS BIGINT)), i_item_sk, d_date
|  |  mem-estimate=804.75MB mem-reservation=34.00MB spill-buffer=2.00MB thread-reservation=0
|  |  tuple-ids=5 row-size=28B cardinality=7.06G cost=41666743099
|  |  in pipelines: 03(GETNEXT)
|  |
|  07:HASH JOIN [INNER JOIN, BROADCAST]
|  |  hash-table-id=11
|  |  hash predicates: ss_item_sk = i_item_sk
|  |  fk/pk conjuncts: ss_item_sk = i_item_sk
|  |  mem-estimate=0B mem-reservation=0B spill-buffer=2.00MB thread-reservation=0
|  |  tuple-ids=2,3,4 row-size=137B cardinality=7.06G cost=3090651105
|  |  in pipelines: 03(GETNEXT), 05(OPEN)
|  |
|  |--F43:PLAN FRAGMENT [RANDOM] hosts=10 instances=10
|  |  |  Per-Instance Resources: mem-estimate=418.47MB mem-reservation=408.00MB thread-reservation=1
|  |  |  max-parallelism=10 segment-costs=[838440]
|  |  JOIN BUILD
|  |  |  join-table-id=11 plan-id=12 cohort-id=06
|  |  |  build expressions: i_item_sk
|  |  |  runtime filters: RF007[min_max] <- i_item_sk
|  |  |  mem-estimate=408.00MB mem-reservation=408.00MB spill-buffer=2.00MB thread-reservation=0 cost=360000
|  |  |
|  |  52:EXCHANGE [BROADCAST]
|  |  |  mem-estimate=10.47MB mem-reservation=0B thread-reservation=0
|  |  |  tuple-ids=4 row-size=117B cardinality=360.00K cost=478440
|  |  |  in pipelines: 05(GETNEXT)
|  |  |
|  |  F04:PLAN FRAGMENT [RANDOM] hosts=4 instances=4
|  |  Per-Instance Resources: mem-estimate=16.47MB mem-reservation=512.00KB thread-reservation=1
|  |  max-parallelism=4 segment-costs=[663353]
|  |  05:SCAN HDFS [tpcds_partitioned_parquet_snap.item, RANDOM]
|  |     HDFS partitions=1/1 files=1 size=1.73MB
|  |     stored statistics:
|  |       table: rows=360.00K size=33.54MB
|  |       columns: all
|  |     extrapolated-rows=disabled max-scan-range-rows=101.54K
|  |     mem-estimate=16.00MB mem-reservation=512.00KB thread-reservation=0
|  |     tuple-ids=4 row-size=117B cardinality=360.00K cost=542243
|  |     in pipelines: 05(GETNEXT)
|  |
|  06:HASH JOIN [INNER JOIN, BROADCAST]
|  |  hash-table-id=12
|  |  hash predicates: ss_sold_date_sk = d_date_sk
|  |  fk/pk conjuncts: ss_sold_date_sk = d_date_sk
|  |  mem-estimate=0B mem-reservation=0B spill-buffer=64.00KB thread-reservation=0
|  |  tuple-ids=2,3 row-size=20B cardinality=7.06G cost=3091290654
|  |  in pipelines: 03(GETNEXT), 04(OPEN)
|  |
|  |--F44:PLAN FRAGMENT [RANDOM] hosts=10 instances=10
|  |  |  Per-Instance Resources: mem-estimate=24.28MB mem-reservation=24.25MB thread-reservation=1 runtime-filters-memory=1.00MB
|  |  |  max-parallelism=10 segment-costs=[3471]
|  |  JOIN BUILD
|  |  |  join-table-id=12 plan-id=13 cohort-id=06
|  |  |  build expressions: d_date_sk
|  |  |  runtime filters: RF008[bloom] <- d_date_sk
|  |  |  mem-estimate=23.25MB mem-reservation=23.25MB spill-buffer=64.00KB thread-reservation=0 cost=1491
|  |  |
|  |  51:EXCHANGE [BROADCAST]
|  |  |  mem-estimate=33.47KB mem-reservation=0B thread-reservation=0
|  |  |  tuple-ids=3 row-size=12B cardinality=1.49K cost=1980
|  |  |  in pipelines: 04(GETNEXT)
|  |  |
|  |  F03:PLAN FRAGMENT [RANDOM] hosts=1 instances=1
|  |  Per-Instance Resources: mem-estimate=16.06MB mem-reservation=1.00MB thread-reservation=1
|  |  max-parallelism=1 segment-costs=[14755]
|  |  04:SCAN HDFS [tpcds_partitioned_parquet_snap.date_dim, RANDOM]
|  |     HDFS partitions=1/1 files=1 size=2.17MB
|  |     predicates: d_year IN (CAST(2000 AS INT), CAST(2001 AS INT), CAST(2002 AS INT), CAST(2003 AS INT))
|  |     stored statistics:
|  |       table: rows=73.05K size=2.17MB
|  |       columns: all
|  |     extrapolated-rows=disabled max-scan-range-rows=73.05K
|  |     parquet statistics predicates: d_year IN (CAST(2000 AS INT), CAST(2001 AS INT), CAST(2002 AS INT), CAST(2003 AS INT))
|  |     parquet dictionary predicates: d_year IN (CAST(2000 AS INT), CAST(2001 AS INT), CAST(2002 AS INT), CAST(2003 AS INT))
|  |     mem-estimate=16.00MB mem-reservation=1.00MB thread-reservation=0
|  |     tuple-ids=3 row-size=12B cardinality=1.49K cost=14675
|  |     in pipelines: 04(GETNEXT)
|  |
|  03:SCAN HDFS [tpcds_partitioned_parquet_snap.store_sales, RANDOM]
|     HDFS partitions=1824/1824 files=1824 size=199.33MB
|     runtime filters: RF007[min_max] -> ss_item_sk, RF008[bloom] -> ss_sold_date_sk
|     stored statistics:
|       table: rows=8.64G size=389.90GB
|       partitions: 1824/1824 rows=8.64G
|       columns: all
|     extrapolated-rows=disabled max-scan-range-rows=390.22M est-scan-range=1491(filtered from 1824)
|     mem-estimate=16.00MB mem-reservation=4.00MB thread-reservation=0
|     tuple-ids=2 row-size=8B cardinality=7.06G(filtered from 8.64G) cost=813609055
|     in pipelines: 03(GETNEXT)
|
21:HASH JOIN [INNER JOIN, BROADCAST]
|  hash-table-id=13
|  hash predicates: cs_sold_date_sk = d_date_sk
|  fk/pk conjuncts: cs_sold_date_sk = d_date_sk
|  mem-estimate=0B mem-reservation=0B spill-buffer=64.00KB thread-reservation=0
|  tuple-ids=0,1 row-size=32B cardinality=254.82M cost=111533041
|  in pipelines: 01(GETNEXT), 02(OPEN)
|
|--F45:PLAN FRAGMENT [RANDOM] hosts=10 instances=10
|  |  Per-Instance Resources: mem-estimate=22.33MB mem-reservation=22.31MB thread-reservation=1 runtime-filters-memory=1.00MB
|  |  max-parallelism=10 segment-costs=[248]
|  JOIN BUILD
|  |  join-table-id=13 plan-id=14 cohort-id=01
|  |  build expressions: d_date_sk
|  |  runtime filters: RF004[bloom] <- d_date_sk
|  |  mem-estimate=21.31MB mem-reservation=21.31MB spill-buffer=64.00KB thread-reservation=0 cost=108
|  |
|  50:EXCHANGE [BROADCAST]
|  |  mem-estimate=16.00KB mem-reservation=0B thread-reservation=0
|  |  tuple-ids=1 row-size=12B cardinality=108 cost=140
|  |  in pipelines: 02(GETNEXT)
|  |
|  F01:PLAN FRAGMENT [RANDOM] hosts=1 instances=1
|  Per-Instance Resources: mem-estimate=16.06MB mem-reservation=512.00KB thread-reservation=1
|  max-parallelism=1 segment-costs=[16733]
|  02:SCAN HDFS [tpcds_partitioned_parquet_snap.date_dim, RANDOM]
|     HDFS partitions=1/1 files=1 size=2.17MB
|     predicates: d_year = CAST(2000 AS INT), d_moy = CAST(5 AS INT)
|     stored statistics:
|       table: rows=73.05K size=2.17MB
|       columns: all
|     extrapolated-rows=disabled max-scan-range-rows=73.05K
|     parquet statistics predicates: d_year = CAST(2000 AS INT), d_moy = CAST(5 AS INT)
|     parquet dictionary predicates: d_year = CAST(2000 AS INT), d_moy = CAST(5 AS INT)
|     mem-estimate=16.00MB mem-reservation=512.00KB thread-reservation=0
|     tuple-ids=1 row-size=12B cardinality=108 cost=16728
|     in pipelines: 02(GETNEXT)
|
01:SCAN HDFS [tpcds_partitioned_parquet_snap.catalog_sales, RANDOM]
   HDFS partitions=1831/1831 files=1831 size=150.82MB
   runtime filters: RF001[min_max] -> cs_bill_customer_sk, RF003[min_max] -> cs_item_sk, RF004[bloom] -> cs_sold_date_sk
   stored statistics:
     table: rows=4.32G size=280.96GB
     partitions: 1831/1831 rows=4.32G
     columns: all
   extrapolated-rows=disabled max-scan-range-rows=21.52M est-scan-range=109(filtered from 1831)
   mem-estimate=16.00MB mem-reservation=1.00MB thread-reservation=0
   tuple-ids=0 row-size=20B cardinality=254.82M(filtered from 4.32G) cost=73387059
   in pipelines: 01(GETNEXT)
====
