# TPCDS-Q61
# start query 61 in stream 0 using template query61.tpl using seed 789351448
select  promotions,total,cast(promotions as decimal(15,4))/cast(total as decimal(15,4))*100
from
  (select sum(ss_ext_sales_price) promotions
   from  store_sales
        ,store
        ,promotion
        ,date_dim
        ,customer
        ,customer_address
        ,item
   where ss_sold_date_sk = d_date_sk
   and   ss_store_sk = s_store_sk
   and   ss_promo_sk = p_promo_sk
   and   ss_customer_sk= c_customer_sk
   and   ca_address_sk = c_current_addr_sk
   and   ss_item_sk = i_item_sk
   and   ca_gmt_offset = -7
   and   i_category = 'Electronics'
   and   (p_channel_dmail = 'Y' or p_channel_email = 'Y' or p_channel_tv = 'Y')
   and   s_gmt_offset = -7
   and   d_year = 2001
   and   d_moy  = 11) promotional_sales,
  (select sum(ss_ext_sales_price) total
   from  store_sales
        ,store
        ,date_dim
        ,customer
        ,customer_address
        ,item
   where ss_sold_date_sk = d_date_sk
   and   ss_store_sk = s_store_sk
   and   ss_customer_sk= c_customer_sk
   and   ca_address_sk = c_current_addr_sk
   and   ss_item_sk = i_item_sk
   and   ca_gmt_offset = -7
   and   i_category = 'Electronics'
   and   s_gmt_offset = -7
   and   d_year = 2001
   and   d_moy  = 11) all_sales
order by promotions, total
limit 100;

# end query 61 in stream 0 using template query61.tpl
---- PLAN
Max Per-Host Resource Reservation: Memory=213.75MB Threads=1
Per-Host Resource Estimates: Memory=2.34GB
F00:PLAN FRAGMENT [UNPARTITIONED] hosts=1 instances=1
|  Per-Instance Resources: mem-estimate=2.34GB mem-reservation=213.75MB thread-reservation=1 runtime-filters-memory=42.00MB
|  max-parallelism=1 segment-costs=[616887452, 585545759, 0, 3]
PLAN-ROOT SINK
|  output exprs: promotions, total, CAST(promotions AS DECIMAL(15,4)) / CAST(total AS DECIMAL(15,4)) * CAST(100 AS DECIMAL(3,0))
|  mem-estimate=4.00MB mem-reservation=4.00MB spill-buffer=2.00MB thread-reservation=0 cost=3
|
27:TOP-N [LIMIT=100]
|  order by: promotions ASC, total ASC
|  mem-estimate=32B mem-reservation=0B thread-reservation=0
|  tuple-ids=17 row-size=32B cardinality=1 cost=0
|  in pipelines: 27(GETNEXT), 13(OPEN)
|
26:NESTED LOOP JOIN [CROSS JOIN]
|  mem-estimate=16B mem-reservation=0B thread-reservation=0
|  tuple-ids=7,15 row-size=32B cardinality=1 cost=0
|  in pipelines: 13(GETNEXT), 25(OPEN)
|
|--25:AGGREGATE [FINALIZE]
|  |  output: sum(ss_ext_sales_price)
|  |  mem-estimate=16.00KB mem-reservation=0B spill-buffer=2.00MB thread-reservation=0
|  |  tuple-ids=15 row-size=16B cardinality=1 cost=299532
|  |  in pipelines: 25(GETNEXT), 14(OPEN)
|  |
|  24:HASH JOIN [INNER JOIN]
|  |  hash predicates: c_current_addr_sk = ca_address_sk
|  |  fk/pk conjuncts: c_current_addr_sk = ca_address_sk
|  |  runtime filters: RF012[bloom] <- ca_address_sk, RF013[min_max] <- ca_address_sk
|  |  mem-estimate=66.50MB mem-reservation=34.00MB spill-buffer=2.00MB thread-reservation=0
|  |  tuple-ids=9,11,14,10,12,13 row-size=78B cardinality=4.28M cost=9238778
|  |  in pipelines: 14(GETNEXT), 18(OPEN)
|  |
|  |--18:SCAN HDFS [tpcds_partitioned_parquet_snap.customer_address]
|  |     HDFS partitions=1/1 files=1 size=1.16MB
|  |     predicates: ca_gmt_offset = CAST(-7 AS DECIMAL(3,0))
|  |     stored statistics:
|  |       table: rows=15.00M size=307.36MB
|  |       columns: all
|  |     extrapolated-rows=disabled max-scan-range-rows=1.58M
|  |     parquet statistics predicates: ca_gmt_offset = CAST(-7 AS DECIMAL(3,0))
|  |     parquet dictionary predicates: ca_gmt_offset = CAST(-7 AS DECIMAL(3,0))
|  |     mem-estimate=16.00MB mem-reservation=128.00KB thread-reservation=0
|  |     tuple-ids=13 row-size=8B cardinality=2.43M cost=2149500
|  |     in pipelines: 18(GETNEXT)
|  |
|  23:HASH JOIN [INNER JOIN]
|  |  hash predicates: ss_customer_sk = c_customer_sk
|  |  fk/pk conjuncts: ss_customer_sk = c_customer_sk
|  |  runtime filters: RF014[bloom] <- c_customer_sk, RF015[min_max] <- c_customer_sk
|  |  mem-estimate=996.88MB mem-reservation=34.00MB spill-buffer=2.00MB thread-reservation=0
|  |  tuple-ids=9,11,14,10,12 row-size=70B cardinality=23.54M cost=40843649
|  |  in pipelines: 14(GETNEXT), 17(OPEN)
|  |
|  |--17:SCAN HDFS [tpcds_partitioned_parquet_snap.customer]
|  |     HDFS partitions=1/1 files=1 size=5.49MB
|  |     runtime filters: RF013[min_max] -> c_current_addr_sk, RF012[bloom] -> c_current_addr_sk
|  |     stored statistics:
|  |       table: rows=30.00M size=1.55GB
|  |       columns: all
|  |     extrapolated-rows=disabled max-scan-range-rows=3.10M
|  |     mem-estimate=16.00MB mem-reservation=1.00MB thread-reservation=0
|  |     tuple-ids=12 row-size=8B cardinality=30.00M cost=3456000
|  |     in pipelines: 17(GETNEXT)
|  |
|  22:HASH JOIN [INNER JOIN]
|  |  hash predicates: ss_store_sk = s_store_sk
|  |  fk/pk conjuncts: ss_store_sk = s_store_sk
|  |  runtime filters: RF016[bloom] <- s_store_sk, RF017[min_max] <- s_store_sk
|  |  mem-estimate=1.94MB mem-reservation=1.94MB spill-buffer=64.00KB thread-reservation=0
|  |  tuple-ids=9,11,14,10 row-size=62B cardinality=25.65M cost=17731588
|  |  in pipelines: 14(GETNEXT), 15(OPEN)
|  |
|  |--15:SCAN HDFS [tpcds_partitioned_parquet_snap.store]
|  |     HDFS partitions=1/1 files=1 size=9.81KB
|  |     predicates: s_gmt_offset = CAST(-7 AS DECIMAL(3,0))
|  |     stored statistics:
|  |       table: rows=1.35K size=119.76KB
|  |       columns: all
|  |     extrapolated-rows=disabled max-scan-range-rows=1.35K
|  |     parquet statistics predicates: s_gmt_offset = CAST(-7 AS DECIMAL(3,0))
|  |     parquet dictionary predicates: s_gmt_offset = CAST(-7 AS DECIMAL(3,0))
|  |     mem-estimate=16.00MB mem-reservation=16.00KB thread-reservation=0
|  |     tuple-ids=10 row-size=8B cardinality=336 cost=193
|  |     in pipelines: 15(GETNEXT)
|  |
|  21:HASH JOIN [INNER JOIN]
|  |  hash predicates: ss_item_sk = i_item_sk
|  |  fk/pk conjuncts: ss_item_sk = i_item_sk
|  |  runtime filters: RF018[bloom] <- i_item_sk, RF019[min_max] <- i_item_sk
|  |  mem-estimate=2.88MB mem-reservation=2.88MB spill-buffer=128.00KB thread-reservation=0
|  |  tuple-ids=9,11,14 row-size=54B cardinality=51.01M cost=140498163
|  |  in pipelines: 14(GETNEXT), 19(OPEN)
|  |
|  |--19:SCAN HDFS [tpcds_partitioned_parquet_snap.item]
|  |     HDFS partitions=1/1 files=1 size=1.73MB
|  |     predicates: i_category = 'Electronics'
|  |     stored statistics:
|  |       table: rows=360.00K size=33.54MB
|  |       columns: all
|  |     extrapolated-rows=disabled max-scan-range-rows=101.54K
|  |     parquet statistics predicates: i_category = 'Electronics'
|  |     parquet dictionary predicates: i_category = 'Electronics'
|  |     mem-estimate=16.00MB mem-reservation=512.00KB thread-reservation=0
|  |     tuple-ids=14 row-size=22B cardinality=35.91K cost=61463
|  |     in pipelines: 19(GETNEXT)
|  |
|  20:HASH JOIN [INNER JOIN]
|  |  hash predicates: ss_sold_date_sk = d_date_sk
|  |  fk/pk conjuncts: ss_sold_date_sk = d_date_sk
|  |  runtime filters: RF020[bloom] <- d_date_sk
|  |  mem-estimate=1.94MB mem-reservation=1.94MB spill-buffer=64.00KB thread-reservation=0
|  |  tuple-ids=9,11 row-size=32B cardinality=511.58M cost=223916534
|  |  in pipelines: 14(GETNEXT), 16(OPEN)
|  |
|  |--16:SCAN HDFS [tpcds_partitioned_parquet_snap.date_dim]
|  |     HDFS partitions=1/1 files=1 size=2.17MB
|  |     predicates: d_year = CAST(2001 AS INT), d_moy = CAST(11 AS INT)
|  |     stored statistics:
|  |       table: rows=73.05K size=2.17MB
|  |       columns: all
|  |     extrapolated-rows=disabled max-scan-range-rows=73.05K
|  |     parquet statistics predicates: d_year = CAST(2001 AS INT), d_moy = CAST(11 AS INT)
|  |     parquet dictionary predicates: d_year = CAST(2001 AS INT), d_moy = CAST(11 AS INT)
|  |     mem-estimate=16.00MB mem-reservation=512.00KB thread-reservation=0
|  |     tuple-ids=11 row-size=12B cardinality=108 cost=16728
|  |     in pipelines: 16(GETNEXT)
|  |
|  14:SCAN HDFS [tpcds_partitioned_parquet_snap.store_sales]
|     HDFS partitions=1824/1824 files=1824 size=199.33MB
|     runtime filters: RF019[min_max] -> ss_item_sk, RF017[min_max] -> ss_store_sk, RF015[min_max] -> ss_customer_sk, RF020[bloom] -> ss_sold_date_sk, RF018[bloom] -> ss_item_sk, RF016[bloom] -> ss_store_sk, RF014[bloom] -> ss_customer_sk
|     stored statistics:
|       table: rows=8.64G size=389.90GB
|       partitions: 1824/1824 rows=8.64G
|       columns: all
|     extrapolated-rows=disabled max-scan-range-rows=390.22M est-scan-range=109(filtered from 1824)
|     mem-estimate=16.00MB mem-reservation=8.00MB thread-reservation=0
|     tuple-ids=9 row-size=20B cardinality=511.58M(filtered from 8.64G) cost=147333631
|     in pipelines: 14(GETNEXT)
|
13:AGGREGATE [FINALIZE]
|  output: sum(ss_ext_sales_price)
|  mem-estimate=16.00KB mem-reservation=0B spill-buffer=2.00MB thread-reservation=0
|  tuple-ids=7 row-size=16B cardinality=1 cost=299532
|  in pipelines: 13(GETNEXT), 00(OPEN)
|
12:HASH JOIN [INNER JOIN]
|  hash predicates: ss_promo_sk = p_promo_sk
|  fk/pk conjuncts: ss_promo_sk = p_promo_sk
|  runtime filters: RF001[min_max] <- p_promo_sk
|  mem-estimate=1.94MB mem-reservation=1.94MB spill-buffer=64.00KB thread-reservation=0
|  tuple-ids=0,3,6,1,4,5,2 row-size=125B cardinality=4.28M cost=1874734
|  in pipelines: 00(GETNEXT), 02(OPEN)
|
|--02:SCAN HDFS [tpcds_partitioned_parquet_snap.promotion]
|     HDFS partitions=1/1 files=1 size=23.20KB
|     predicates: (p_channel_dmail = 'Y' OR p_channel_email = 'Y' OR p_channel_tv = 'Y')
|     stored statistics:
|       table: rows=1.80K size=100.50KB
|       columns: all
|     extrapolated-rows=disabled max-scan-range-rows=1.80K
|     mem-estimate=16.00MB mem-reservation=32.00KB thread-reservation=0
|     tuple-ids=2 row-size=43B cardinality=1.80K cost=232
|     in pipelines: 02(GETNEXT)
|
11:HASH JOIN [INNER JOIN]
|  hash predicates: c_current_addr_sk = ca_address_sk
|  fk/pk conjuncts: c_current_addr_sk = ca_address_sk
|  runtime filters: RF002[bloom] <- ca_address_sk, RF003[min_max] <- ca_address_sk
|  mem-estimate=66.50MB mem-reservation=34.00MB spill-buffer=2.00MB thread-reservation=0
|  tuple-ids=0,3,6,1,4,5 row-size=82B cardinality=4.28M cost=9238778
|  in pipelines: 00(GETNEXT), 05(OPEN)
|
|--05:SCAN HDFS [tpcds_partitioned_parquet_snap.customer_address]
|     HDFS partitions=1/1 files=1 size=1.16MB
|     predicates: ca_gmt_offset = CAST(-7 AS DECIMAL(3,0))
|     stored statistics:
|       table: rows=15.00M size=307.36MB
|       columns: all
|     extrapolated-rows=disabled max-scan-range-rows=1.58M
|     parquet statistics predicates: ca_gmt_offset = CAST(-7 AS DECIMAL(3,0))
|     parquet dictionary predicates: ca_gmt_offset = CAST(-7 AS DECIMAL(3,0))
|     mem-estimate=16.00MB mem-reservation=128.00KB thread-reservation=0
|     tuple-ids=5 row-size=8B cardinality=2.43M cost=2149500
|     in pipelines: 05(GETNEXT)
|
10:HASH JOIN [INNER JOIN]
|  hash predicates: ss_customer_sk = c_customer_sk
|  fk/pk conjuncts: ss_customer_sk = c_customer_sk
|  runtime filters: RF004[bloom] <- c_customer_sk, RF005[min_max] <- c_customer_sk
|  mem-estimate=996.88MB mem-reservation=34.00MB spill-buffer=2.00MB thread-reservation=0
|  tuple-ids=0,3,6,1,4 row-size=74B cardinality=23.54M cost=40843649
|  in pipelines: 00(GETNEXT), 04(OPEN)
|
|--04:SCAN HDFS [tpcds_partitioned_parquet_snap.customer]
|     HDFS partitions=1/1 files=1 size=5.49MB
|     runtime filters: RF003[min_max] -> c_current_addr_sk, RF002[bloom] -> c_current_addr_sk
|     stored statistics:
|       table: rows=30.00M size=1.55GB
|       columns: all
|     extrapolated-rows=disabled max-scan-range-rows=3.10M
|     mem-estimate=16.00MB mem-reservation=1.00MB thread-reservation=0
|     tuple-ids=4 row-size=8B cardinality=30.00M cost=3456000
|     in pipelines: 04(GETNEXT)
|
09:HASH JOIN [INNER JOIN]
|  hash predicates: ss_store_sk = s_store_sk
|  fk/pk conjuncts: ss_store_sk = s_store_sk
|  runtime filters: RF006[bloom] <- s_store_sk, RF007[min_max] <- s_store_sk
|  mem-estimate=1.94MB mem-reservation=1.94MB spill-buffer=64.00KB thread-reservation=0
|  tuple-ids=0,3,6,1 row-size=66B cardinality=25.65M cost=17731588
|  in pipelines: 00(GETNEXT), 01(OPEN)
|
|--01:SCAN HDFS [tpcds_partitioned_parquet_snap.store]
|     HDFS partitions=1/1 files=1 size=9.81KB
|     predicates: s_gmt_offset = CAST(-7 AS DECIMAL(3,0))
|     stored statistics:
|       table: rows=1.35K size=119.76KB
|       columns: all
|     extrapolated-rows=disabled max-scan-range-rows=1.35K
|     parquet statistics predicates: s_gmt_offset = CAST(-7 AS DECIMAL(3,0))
|     parquet dictionary predicates: s_gmt_offset = CAST(-7 AS DECIMAL(3,0))
|     mem-estimate=16.00MB mem-reservation=16.00KB thread-reservation=0
|     tuple-ids=1 row-size=8B cardinality=336 cost=193
|     in pipelines: 01(GETNEXT)
|
08:HASH JOIN [INNER JOIN]
|  hash predicates: ss_item_sk = i_item_sk
|  fk/pk conjuncts: ss_item_sk = i_item_sk
|  runtime filters: RF008[bloom] <- i_item_sk, RF009[min_max] <- i_item_sk
|  mem-estimate=2.88MB mem-reservation=2.88MB spill-buffer=128.00KB thread-reservation=0
|  tuple-ids=0,3,6 row-size=58B cardinality=51.01M cost=140498163
|  in pipelines: 00(GETNEXT), 06(OPEN)
|
|--06:SCAN HDFS [tpcds_partitioned_parquet_snap.item]
|     HDFS partitions=1/1 files=1 size=1.73MB
|     predicates: i_category = 'Electronics'
|     stored statistics:
|       table: rows=360.00K size=33.54MB
|       columns: all
|     extrapolated-rows=disabled max-scan-range-rows=101.54K
|     parquet statistics predicates: i_category = 'Electronics'
|     parquet dictionary predicates: i_category = 'Electronics'
|     mem-estimate=16.00MB mem-reservation=512.00KB thread-reservation=0
|     tuple-ids=6 row-size=22B cardinality=35.91K cost=61463
|     in pipelines: 06(GETNEXT)
|
07:HASH JOIN [INNER JOIN]
|  hash predicates: ss_sold_date_sk = d_date_sk
|  fk/pk conjuncts: ss_sold_date_sk = d_date_sk
|  runtime filters: RF010[bloom] <- d_date_sk
|  mem-estimate=1.94MB mem-reservation=1.94MB spill-buffer=64.00KB thread-reservation=0
|  tuple-ids=0,3 row-size=36B cardinality=511.58M cost=223916534
|  in pipelines: 00(GETNEXT), 03(OPEN)
|
|--03:SCAN HDFS [tpcds_partitioned_parquet_snap.date_dim]
|     HDFS partitions=1/1 files=1 size=2.17MB
|     predicates: d_year = CAST(2001 AS INT), d_moy = CAST(11 AS INT)
|     stored statistics:
|       table: rows=73.05K size=2.17MB
|       columns: all
|     extrapolated-rows=disabled max-scan-range-rows=73.05K
|     parquet statistics predicates: d_year = CAST(2001 AS INT), d_moy = CAST(11 AS INT)
|     parquet dictionary predicates: d_year = CAST(2001 AS INT), d_moy = CAST(11 AS INT)
|     mem-estimate=16.00MB mem-reservation=512.00KB thread-reservation=0
|     tuple-ids=3 row-size=12B cardinality=108 cost=16728
|     in pipelines: 03(GETNEXT)
|
00:SCAN HDFS [tpcds_partitioned_parquet_snap.store_sales]
   HDFS partitions=1824/1824 files=1824 size=199.33MB
   runtime filters: RF009[min_max] -> ss_item_sk, RF007[min_max] -> ss_store_sk, RF005[min_max] -> ss_customer_sk, RF001[min_max] -> ss_promo_sk, RF010[bloom] -> ss_sold_date_sk, RF008[bloom] -> ss_item_sk, RF006[bloom] -> ss_store_sk, RF004[bloom] -> ss_customer_sk
   stored statistics:
     table: rows=8.64G size=389.90GB
     partitions: 1824/1824 rows=8.64G
     columns: all
   extrapolated-rows=disabled max-scan-range-rows=390.22M est-scan-range=109(filtered from 1824)
   mem-estimate=16.00MB mem-reservation=8.00MB thread-reservation=0
   tuple-ids=0 row-size=24B cardinality=511.58M(filtered from 8.64G) cost=176800358
   in pipelines: 00(GETNEXT)
---- DISTRIBUTEDPLAN
Max Per-Host Resource Reservation: Memory=451.50MB Threads=42
Per-Host Resource Estimates: Memory=1.04GB
F08:PLAN FRAGMENT [UNPARTITIONED] hosts=1 instances=1
|  Per-Instance Resources: mem-estimate=4.00MB mem-reservation=4.00MB thread-reservation=1
|  max-parallelism=1 segment-costs=[0, 0, 3] cpu-comparison-result=170 [max(1 (self) vs 170 (sum children))]
PLAN-ROOT SINK
|  output exprs: promotions, total, CAST(promotions AS DECIMAL(15,4)) / CAST(total AS DECIMAL(15,4)) * CAST(100 AS DECIMAL(3,0))
|  mem-estimate=4.00MB mem-reservation=4.00MB spill-buffer=2.00MB thread-reservation=0 cost=3
|
27:TOP-N [LIMIT=100]
|  order by: promotions ASC, total ASC
|  mem-estimate=32B mem-reservation=0B thread-reservation=0
|  tuple-ids=17 row-size=32B cardinality=1 cost=0
|  in pipelines: 27(GETNEXT), 36(OPEN)
|
26:NESTED LOOP JOIN [CROSS JOIN, BROADCAST]
|  join table id: 00
|  mem-estimate=0B mem-reservation=0B thread-reservation=0
|  tuple-ids=7,15 row-size=32B cardinality=1 cost=0
|  in pipelines: 36(GETNEXT), 44(OPEN)
|
|--F17:PLAN FRAGMENT [UNPARTITIONED] hosts=1 instances=1
|  |  Per-Instance Resources: mem-estimate=16.02KB mem-reservation=0B thread-reservation=1
|  |  max-parallelism=1 segment-costs=[0] cpu-comparison-result=80 [max(1 (self) vs 80 (sum children))]
|  JOIN BUILD
|  |  join-table-id=00 plan-id=01 cohort-id=01
|  |  mem-estimate=16B mem-reservation=0B thread-reservation=0 cost=0
|  |
|  45:EXCHANGE [UNPARTITIONED]
|  |  mem-estimate=16.00KB mem-reservation=0B thread-reservation=0
|  |  tuple-ids=15 row-size=16B cardinality=1 cost=0
|  |  in pipelines: 44(GETNEXT)
|  |
|  F16:PLAN FRAGMENT [UNPARTITIONED] hosts=1 instances=1
|  Per-Instance Resources: mem-estimate=96.00KB mem-reservation=0B thread-reservation=1
|  max-parallelism=1 segment-costs=[0, 1] cpu-comparison-result=80 [max(1 (self) vs 80 (sum children))]
|  44:AGGREGATE [FINALIZE]
|  |  output: sum:merge(ss_ext_sales_price)
|  |  mem-estimate=16.00KB mem-reservation=0B spill-buffer=2.00MB thread-reservation=0
|  |  tuple-ids=15 row-size=16B cardinality=1 cost=0
|  |  in pipelines: 44(GETNEXT), 25(OPEN)
|  |
|  43:EXCHANGE [UNPARTITIONED]
|  |  mem-estimate=16.00KB mem-reservation=0B thread-reservation=0
|  |  tuple-ids=15 row-size=16B cardinality=1 cost=0
|  |  in pipelines: 25(GETNEXT)
|  |
|  F14:PLAN FRAGMENT [HASH(ss_customer_sk)] hosts=10 instances=10 (adjusted from 120)
|  Per-Instance Resources: mem-estimate=15.34MB mem-reservation=0B thread-reservation=1
|  max-parallelism=10 segment-costs=[30940044, 1] cpu-comparison-result=80 [max(80 (self) vs 76 (sum children))]
|  25:AGGREGATE
|  |  output: sum(ss_ext_sales_price)
|  |  mem-estimate=16.00KB mem-reservation=0B spill-buffer=2.00MB thread-reservation=0
|  |  tuple-ids=15 row-size=16B cardinality=1 cost=299532
|  |  in pipelines: 25(GETNEXT), 14(OPEN)
|  |
|  24:HASH JOIN [INNER JOIN, BROADCAST]
|  |  hash-table-id=01
|  |  hash predicates: c_current_addr_sk = ca_address_sk
|  |  fk/pk conjuncts: c_current_addr_sk = ca_address_sk
|  |  mem-estimate=0B mem-reservation=0B spill-buffer=2.00MB thread-reservation=0
|  |  tuple-ids=9,11,14,10,12,13 row-size=78B cardinality=4.28M cost=6813735
|  |  in pipelines: 14(GETNEXT), 18(OPEN)
|  |
|  |--F18:PLAN FRAGMENT [HASH(ss_customer_sk)] hosts=10 instances=10
|  |  |  Per-Instance Resources: mem-estimate=78.62MB mem-reservation=36.00MB thread-reservation=1 runtime-filters-memory=2.00MB
|  |  |  max-parallelism=10 segment-costs=[5647923]
|  |  JOIN BUILD
|  |  |  join-table-id=01 plan-id=02 cohort-id=02
|  |  |  build expressions: ca_address_sk
|  |  |  runtime filters: RF012[bloom] <- ca_address_sk, RF013[min_max] <- ca_address_sk
|  |  |  mem-estimate=66.50MB mem-reservation=34.00MB spill-buffer=2.00MB thread-reservation=0 cost=2425043
|  |  |
|  |  42:EXCHANGE [BROADCAST]
|  |  |  mem-estimate=10.12MB mem-reservation=0B thread-reservation=0
|  |  |  tuple-ids=13 row-size=8B cardinality=2.43M cost=3222880
|  |  |  in pipelines: 18(GETNEXT)
|  |  |
|  |  F15:PLAN FRAGMENT [RANDOM] hosts=10 instances=10
|  |  Per-Instance Resources: mem-estimate=16.05MB mem-reservation=128.00KB thread-reservation=1
|  |  max-parallelism=10 segment-costs=[2254261]
|  |  18:SCAN HDFS [tpcds_partitioned_parquet_snap.customer_address, RANDOM]
|  |     HDFS partitions=1/1 files=1 size=1.16MB
|  |     predicates: ca_gmt_offset = CAST(-7 AS DECIMAL(3,0))
|  |     stored statistics:
|  |       table: rows=15.00M size=307.36MB
|  |       columns: all
|  |     extrapolated-rows=disabled max-scan-range-rows=1.58M
|  |     parquet statistics predicates: ca_gmt_offset = CAST(-7 AS DECIMAL(3,0))
|  |     parquet dictionary predicates: ca_gmt_offset = CAST(-7 AS DECIMAL(3,0))
|  |     mem-estimate=16.00MB mem-reservation=128.00KB thread-reservation=0
|  |     tuple-ids=13 row-size=8B cardinality=2.43M cost=2149500
|  |     in pipelines: 18(GETNEXT)
|  |
|  23:HASH JOIN [INNER JOIN, PARTITIONED]
|  |  hash-table-id=02
|  |  hash predicates: ss_customer_sk = c_customer_sk
|  |  fk/pk conjuncts: ss_customer_sk = c_customer_sk
|  |  mem-estimate=0B mem-reservation=0B spill-buffer=2.00MB thread-reservation=0
|  |  tuple-ids=9,11,14,10,12 row-size=70B cardinality=23.54M cost=10843649
|  |  in pipelines: 14(GETNEXT), 17(OPEN)
|  |
|  |--F19:PLAN FRAGMENT [HASH(ss_customer_sk)] hosts=10 instances=10 (adjusted from 120)
|  |  |  Per-Instance Resources: mem-estimate=125.81MB mem-reservation=50.00MB thread-reservation=1 runtime-filters-memory=16.00MB
|  |  |  max-parallelism=10 segment-costs=[34437000]
|  |  JOIN BUILD
|  |  |  join-table-id=02 plan-id=03 cohort-id=02
|  |  |  build expressions: c_customer_sk
|  |  |  runtime filters: RF014[bloom] <- c_customer_sk, RF015[min_max] <- c_customer_sk
|  |  |  mem-estimate=99.69MB mem-reservation=34.00MB spill-buffer=2.00MB thread-reservation=0 cost=30000000
|  |  |
|  |  41:EXCHANGE [HASH(c_customer_sk)]
|  |  |  mem-estimate=10.12MB mem-reservation=0B thread-reservation=0
|  |  |  tuple-ids=12 row-size=8B cardinality=30.00M cost=4437000
|  |  |  in pipelines: 17(GETNEXT)
|  |  |
|  |  F13:PLAN FRAGMENT [RANDOM] hosts=10 instances=10
|  |  Per-Host Shared Resources: mem-estimate=2.00MB mem-reservation=2.00MB thread-reservation=0 runtime-filters-memory=2.00MB
|  |  Per-Instance Resources: mem-estimate=16.47MB mem-reservation=1.00MB thread-reservation=1
|  |  max-parallelism=10 segment-costs=[34368000]
|  |  17:SCAN HDFS [tpcds_partitioned_parquet_snap.customer, RANDOM]
|  |     HDFS partitions=1/1 files=1 size=5.49MB
|  |     runtime filters: RF013[min_max] -> c_current_addr_sk, RF012[bloom] -> c_current_addr_sk
|  |     stored statistics:
|  |       table: rows=30.00M size=1.55GB
|  |       columns: all
|  |     extrapolated-rows=disabled max-scan-range-rows=3.10M
|  |     mem-estimate=16.00MB mem-reservation=1.00MB thread-reservation=0
|  |     tuple-ids=12 row-size=8B cardinality=30.00M cost=3456000
|  |     in pipelines: 17(GETNEXT)
|  |
|  40:EXCHANGE [HASH(ss_customer_sk)]
|  |  mem-estimate=15.33MB mem-reservation=0B thread-reservation=0
|  |  tuple-ids=9,11,14,10 row-size=62B cardinality=25.65M cost=12983128
|  |  in pipelines: 14(GETNEXT)
|  |
|  F09:PLAN FRAGMENT [RANDOM] hosts=10 instances=70 (adjusted from 120)
|  Per-Host Shared Resources: mem-estimate=19.00MB mem-reservation=19.00MB thread-reservation=0 runtime-filters-memory=19.00MB
|  Per-Instance Resources: mem-estimate=19.04MB mem-reservation=8.00MB thread-reservation=1
|  max-parallelism=70 segment-costs=[684531424]
|  22:HASH JOIN [INNER JOIN, BROADCAST]
|  |  hash-table-id=03
|  |  hash predicates: ss_store_sk = s_store_sk
|  |  fk/pk conjuncts: ss_store_sk = s_store_sk
|  |  mem-estimate=0B mem-reservation=0B spill-buffer=64.00KB thread-reservation=0
|  |  tuple-ids=9,11,14,10 row-size=62B cardinality=25.65M cost=17731252
|  |  in pipelines: 14(GETNEXT), 15(OPEN)
|  |
|  |--F20:PLAN FRAGMENT [RANDOM] hosts=10 instances=10
|  |  |  Per-Instance Resources: mem-estimate=14.58MB mem-reservation=14.56MB thread-reservation=1 runtime-filters-memory=1.00MB
|  |  |  max-parallelism=10 segment-costs=[776]
|  |  JOIN BUILD
|  |  |  join-table-id=03 plan-id=04 cohort-id=02
|  |  |  build expressions: s_store_sk
|  |  |  runtime filters: RF016[bloom] <- s_store_sk, RF017[min_max] <- s_store_sk
|  |  |  mem-estimate=13.56MB mem-reservation=13.56MB spill-buffer=64.00KB thread-reservation=0 cost=336
|  |  |
|  |  39:EXCHANGE [BROADCAST]
|  |  |  mem-estimate=16.00KB mem-reservation=0B thread-reservation=0
|  |  |  tuple-ids=10 row-size=8B cardinality=336 cost=440
|  |  |  in pipelines: 15(GETNEXT)
|  |  |
|  |  F12:PLAN FRAGMENT [RANDOM] hosts=1 instances=1
|  |  Per-Instance Resources: mem-estimate=16.05MB mem-reservation=16.00KB thread-reservation=1
|  |  max-parallelism=1 segment-costs=[207]
|  |  15:SCAN HDFS [tpcds_partitioned_parquet_snap.store, RANDOM]
|  |     HDFS partitions=1/1 files=1 size=9.81KB
|  |     predicates: s_gmt_offset = CAST(-7 AS DECIMAL(3,0))
|  |     stored statistics:
|  |       table: rows=1.35K size=119.76KB
|  |       columns: all
|  |     extrapolated-rows=disabled max-scan-range-rows=1.35K
|  |     parquet statistics predicates: s_gmt_offset = CAST(-7 AS DECIMAL(3,0))
|  |     parquet dictionary predicates: s_gmt_offset = CAST(-7 AS DECIMAL(3,0))
|  |     mem-estimate=16.00MB mem-reservation=16.00KB thread-reservation=0
|  |     tuple-ids=10 row-size=8B cardinality=336 cost=193
|  |     in pipelines: 15(GETNEXT)
|  |
|  21:HASH JOIN [INNER JOIN, BROADCAST]
|  |  hash-table-id=04
|  |  hash predicates: ss_item_sk = i_item_sk
|  |  fk/pk conjuncts: ss_item_sk = i_item_sk
|  |  mem-estimate=0B mem-reservation=0B spill-buffer=128.00KB thread-reservation=0
|  |  tuple-ids=9,11,14 row-size=54B cardinality=51.01M cost=140462248
|  |  in pipelines: 14(GETNEXT), 19(OPEN)
|  |
|  |--F21:PLAN FRAGMENT [RANDOM] hosts=10 instances=10
|  |  |  Per-Instance Resources: mem-estimate=21.98MB mem-reservation=21.12MB thread-reservation=1 runtime-filters-memory=1.00MB
|  |  |  max-parallelism=10 segment-costs=[83645]
|  |  JOIN BUILD
|  |  |  join-table-id=04 plan-id=05 cohort-id=02
|  |  |  build expressions: i_item_sk
|  |  |  runtime filters: RF018[bloom] <- i_item_sk, RF019[min_max] <- i_item_sk
|  |  |  mem-estimate=20.12MB mem-reservation=20.12MB spill-buffer=128.00KB thread-reservation=0 cost=35915
|  |  |
|  |  38:EXCHANGE [BROADCAST]
|  |  |  mem-estimate=871.90KB mem-reservation=0B thread-reservation=0
|  |  |  tuple-ids=14 row-size=22B cardinality=35.91K cost=47730
|  |  |  in pipelines: 19(GETNEXT)
|  |  |
|  |  F11:PLAN FRAGMENT [RANDOM] hosts=4 instances=4
|  |  Per-Instance Resources: mem-estimate=16.10MB mem-reservation=512.00KB thread-reservation=1
|  |  max-parallelism=4 segment-costs=[64362]
|  |  19:SCAN HDFS [tpcds_partitioned_parquet_snap.item, RANDOM]
|  |     HDFS partitions=1/1 files=1 size=1.73MB
|  |     predicates: i_category = 'Electronics'
|  |     stored statistics:
|  |       table: rows=360.00K size=33.54MB
|  |       columns: all
|  |     extrapolated-rows=disabled max-scan-range-rows=101.54K
|  |     parquet statistics predicates: i_category = 'Electronics'
|  |     parquet dictionary predicates: i_category = 'Electronics'
|  |     mem-estimate=16.00MB mem-reservation=512.00KB thread-reservation=0
|  |     tuple-ids=14 row-size=22B cardinality=35.91K cost=61463
|  |     in pipelines: 19(GETNEXT)
|  |
|  20:HASH JOIN [INNER JOIN, BROADCAST]
|  |  hash-table-id=05
|  |  hash predicates: ss_sold_date_sk = d_date_sk
|  |  fk/pk conjuncts: ss_sold_date_sk = d_date_sk
|  |  mem-estimate=0B mem-reservation=0B spill-buffer=64.00KB thread-reservation=0
|  |  tuple-ids=9,11 row-size=32B cardinality=511.58M cost=223916426
|  |  in pipelines: 14(GETNEXT), 16(OPEN)
|  |
|  |--F22:PLAN FRAGMENT [RANDOM] hosts=10 instances=10
|  |  |  Per-Instance Resources: mem-estimate=14.58MB mem-reservation=14.56MB thread-reservation=1 runtime-filters-memory=1.00MB
|  |  |  max-parallelism=10 segment-costs=[248]
|  |  JOIN BUILD
|  |  |  join-table-id=05 plan-id=06 cohort-id=02
|  |  |  build expressions: d_date_sk
|  |  |  runtime filters: RF020[bloom] <- d_date_sk
|  |  |  mem-estimate=13.56MB mem-reservation=13.56MB spill-buffer=64.00KB thread-reservation=0 cost=108
|  |  |
|  |  37:EXCHANGE [BROADCAST]
|  |  |  mem-estimate=16.00KB mem-reservation=0B thread-reservation=0
|  |  |  tuple-ids=11 row-size=12B cardinality=108 cost=140
|  |  |  in pipelines: 16(GETNEXT)
|  |  |
|  |  F10:PLAN FRAGMENT [RANDOM] hosts=1 instances=1
|  |  Per-Instance Resources: mem-estimate=16.06MB mem-reservation=512.00KB thread-reservation=1
|  |  max-parallelism=1 segment-costs=[16733]
|  |  16:SCAN HDFS [tpcds_partitioned_parquet_snap.date_dim, RANDOM]
|  |     HDFS partitions=1/1 files=1 size=2.17MB
|  |     predicates: d_year = CAST(2001 AS INT), d_moy = CAST(11 AS INT)
|  |     stored statistics:
|  |       table: rows=73.05K size=2.17MB
|  |       columns: all
|  |     extrapolated-rows=disabled max-scan-range-rows=73.05K
|  |     parquet statistics predicates: d_year = CAST(2001 AS INT), d_moy = CAST(11 AS INT)
|  |     parquet dictionary predicates: d_year = CAST(2001 AS INT), d_moy = CAST(11 AS INT)
|  |     mem-estimate=16.00MB mem-reservation=512.00KB thread-reservation=0
|  |     tuple-ids=11 row-size=12B cardinality=108 cost=16728
|  |     in pipelines: 16(GETNEXT)
|  |
|  14:SCAN HDFS [tpcds_partitioned_parquet_snap.store_sales, RANDOM]
|     HDFS partitions=1824/1824 files=1824 size=199.33MB
|     runtime filters: RF019[min_max] -> ss_item_sk, RF017[min_max] -> ss_store_sk, RF015[min_max] -> ss_customer_sk, RF020[bloom] -> ss_sold_date_sk, RF018[bloom] -> ss_item_sk, RF016[bloom] -> ss_store_sk, RF014[bloom] -> ss_customer_sk
|     stored statistics:
|       table: rows=8.64G size=389.90GB
|       partitions: 1824/1824 rows=8.64G
|       columns: all
|     extrapolated-rows=disabled max-scan-range-rows=390.22M est-scan-range=109(filtered from 1824)
|     mem-estimate=16.00MB mem-reservation=8.00MB thread-reservation=0
|     tuple-ids=9 row-size=20B cardinality=511.58M(filtered from 8.64G) cost=147333631
|     in pipelines: 14(GETNEXT)
|
36:AGGREGATE [FINALIZE]
|  output: sum:merge(ss_ext_sales_price)
|  mem-estimate=16.00KB mem-reservation=0B spill-buffer=2.00MB thread-reservation=0
|  tuple-ids=7 row-size=16B cardinality=1 cost=0
|  in pipelines: 36(GETNEXT), 13(OPEN)
|
35:EXCHANGE [UNPARTITIONED]
|  mem-estimate=16.00KB mem-reservation=0B thread-reservation=0
|  tuple-ids=7 row-size=16B cardinality=1 cost=0
|  in pipelines: 13(GETNEXT)
|
F05:PLAN FRAGMENT [HASH(ss_customer_sk)] hosts=10 instances=10 (adjusted from 120)
Per-Instance Resources: mem-estimate=16.41MB mem-reservation=0B thread-reservation=1
max-parallelism=10 segment-costs=[33284846, 1] cpu-comparison-result=90 [max(90 (self) vs 87 (sum children))]
13:AGGREGATE
|  output: sum(ss_ext_sales_price)
|  mem-estimate=16.00KB mem-reservation=0B spill-buffer=2.00MB thread-reservation=0
|  tuple-ids=7 row-size=16B cardinality=1 cost=299532
|  in pipelines: 13(GETNEXT), 00(OPEN)
|
12:HASH JOIN [INNER JOIN, BROADCAST]
|  hash-table-id=06
|  hash predicates: ss_promo_sk = p_promo_sk
|  fk/pk conjuncts: ss_promo_sk = p_promo_sk
|  mem-estimate=0B mem-reservation=0B spill-buffer=64.00KB thread-reservation=0
|  tuple-ids=0,3,6,1,4,5,2 row-size=125B cardinality=4.28M cost=1872934
|  in pipelines: 00(GETNEXT), 02(OPEN)
|
|--F23:PLAN FRAGMENT [HASH(ss_customer_sk)] hosts=10 instances=10
|  |  Per-Instance Resources: mem-estimate=2.06MB mem-reservation=1.94MB thread-reservation=1
|  |  max-parallelism=10 segment-costs=[4190]
|  JOIN BUILD
|  |  join-table-id=06 plan-id=07 cohort-id=01
|  |  build expressions: p_promo_sk
|  |  runtime filters: RF001[min_max] <- p_promo_sk
|  |  mem-estimate=1.94MB mem-reservation=1.94MB spill-buffer=64.00KB thread-reservation=0 cost=1800
|  |
|  34:EXCHANGE [BROADCAST]
|  |  mem-estimate=122.59KB mem-reservation=0B thread-reservation=0
|  |  tuple-ids=2 row-size=43B cardinality=1.80K cost=2390
|  |  in pipelines: 02(GETNEXT)
|  |
|  F07:PLAN FRAGMENT [RANDOM] hosts=1 instances=1
|  Per-Instance Resources: mem-estimate=16.18MB mem-reservation=32.00KB thread-reservation=1
|  max-parallelism=1 segment-costs=[479]
|  02:SCAN HDFS [tpcds_partitioned_parquet_snap.promotion, RANDOM]
|     HDFS partitions=1/1 files=1 size=23.20KB
|     predicates: (p_channel_dmail = 'Y' OR p_channel_email = 'Y' OR p_channel_tv = 'Y')
|     stored statistics:
|       table: rows=1.80K size=100.50KB
|       columns: all
|     extrapolated-rows=disabled max-scan-range-rows=1.80K
|     mem-estimate=16.00MB mem-reservation=32.00KB thread-reservation=0
|     tuple-ids=2 row-size=43B cardinality=1.80K cost=232
|     in pipelines: 02(GETNEXT)
|
11:HASH JOIN [INNER JOIN, BROADCAST]
|  hash-table-id=07
|  hash predicates: c_current_addr_sk = ca_address_sk
|  fk/pk conjuncts: c_current_addr_sk = ca_address_sk
|  mem-estimate=0B mem-reservation=0B spill-buffer=2.00MB thread-reservation=0
|  tuple-ids=0,3,6,1,4,5 row-size=82B cardinality=4.28M cost=6813735
|  in pipelines: 00(GETNEXT), 05(OPEN)
|
|--F24:PLAN FRAGMENT [HASH(ss_customer_sk)] hosts=10 instances=10
|  |  Per-Instance Resources: mem-estimate=78.62MB mem-reservation=36.00MB thread-reservation=1 runtime-filters-memory=2.00MB
|  |  max-parallelism=10 segment-costs=[5647923]
|  JOIN BUILD
|  |  join-table-id=07 plan-id=08 cohort-id=01
|  |  build expressions: ca_address_sk
|  |  runtime filters: RF002[bloom] <- ca_address_sk, RF003[min_max] <- ca_address_sk
|  |  mem-estimate=66.50MB mem-reservation=34.00MB spill-buffer=2.00MB thread-reservation=0 cost=2425043
|  |
|  33:EXCHANGE [BROADCAST]
|  |  mem-estimate=10.12MB mem-reservation=0B thread-reservation=0
|  |  tuple-ids=5 row-size=8B cardinality=2.43M cost=3222880
|  |  in pipelines: 05(GETNEXT)
|  |
|  F06:PLAN FRAGMENT [RANDOM] hosts=10 instances=10
|  Per-Instance Resources: mem-estimate=16.05MB mem-reservation=128.00KB thread-reservation=1
|  max-parallelism=10 segment-costs=[2254261]
|  05:SCAN HDFS [tpcds_partitioned_parquet_snap.customer_address, RANDOM]
|     HDFS partitions=1/1 files=1 size=1.16MB
|     predicates: ca_gmt_offset = CAST(-7 AS DECIMAL(3,0))
|     stored statistics:
|       table: rows=15.00M size=307.36MB
|       columns: all
|     extrapolated-rows=disabled max-scan-range-rows=1.58M
|     parquet statistics predicates: ca_gmt_offset = CAST(-7 AS DECIMAL(3,0))
|     parquet dictionary predicates: ca_gmt_offset = CAST(-7 AS DECIMAL(3,0))
|     mem-estimate=16.00MB mem-reservation=128.00KB thread-reservation=0
|     tuple-ids=5 row-size=8B cardinality=2.43M cost=2149500
|     in pipelines: 05(GETNEXT)
|
10:HASH JOIN [INNER JOIN, PARTITIONED]
|  hash-table-id=08
|  hash predicates: ss_customer_sk = c_customer_sk
|  fk/pk conjuncts: ss_customer_sk = c_customer_sk
|  mem-estimate=0B mem-reservation=0B spill-buffer=2.00MB thread-reservation=0
|  tuple-ids=0,3,6,1,4 row-size=74B cardinality=23.54M cost=10843649
|  in pipelines: 00(GETNEXT), 04(OPEN)
|
|--F25:PLAN FRAGMENT [HASH(ss_customer_sk)] hosts=10 instances=10 (adjusted from 120)
|  |  Per-Instance Resources: mem-estimate=125.81MB mem-reservation=50.00MB thread-reservation=1 runtime-filters-memory=16.00MB
|  |  max-parallelism=10 segment-costs=[34437000]
|  JOIN BUILD
|  |  join-table-id=08 plan-id=09 cohort-id=01
|  |  build expressions: c_customer_sk
|  |  runtime filters: RF004[bloom] <- c_customer_sk, RF005[min_max] <- c_customer_sk
|  |  mem-estimate=99.69MB mem-reservation=34.00MB spill-buffer=2.00MB thread-reservation=0 cost=30000000
|  |
|  32:EXCHANGE [HASH(c_customer_sk)]
|  |  mem-estimate=10.12MB mem-reservation=0B thread-reservation=0
|  |  tuple-ids=4 row-size=8B cardinality=30.00M cost=4437000
|  |  in pipelines: 04(GETNEXT)
|  |
|  F04:PLAN FRAGMENT [RANDOM] hosts=10 instances=10
|  Per-Host Shared Resources: mem-estimate=2.00MB mem-reservation=2.00MB thread-reservation=0 runtime-filters-memory=2.00MB
|  Per-Instance Resources: mem-estimate=16.47MB mem-reservation=1.00MB thread-reservation=1
|  max-parallelism=10 segment-costs=[34368000]
|  04:SCAN HDFS [tpcds_partitioned_parquet_snap.customer, RANDOM]
|     HDFS partitions=1/1 files=1 size=5.49MB
|     runtime filters: RF003[min_max] -> c_current_addr_sk, RF002[bloom] -> c_current_addr_sk
|     stored statistics:
|       table: rows=30.00M size=1.55GB
|       columns: all
|     extrapolated-rows=disabled max-scan-range-rows=3.10M
|     mem-estimate=16.00MB mem-reservation=1.00MB thread-reservation=0
|     tuple-ids=4 row-size=8B cardinality=30.00M cost=3456000
|     in pipelines: 04(GETNEXT)
|
31:EXCHANGE [HASH(ss_customer_sk)]
|  mem-estimate=16.40MB mem-reservation=0B thread-reservation=0
|  tuple-ids=0,3,6,1 row-size=66B cardinality=25.65M cost=13454996
|  in pipelines: 00(GETNEXT)
|
F00:PLAN FRAGMENT [RANDOM] hosts=10 instances=80 (adjusted from 120)
Per-Host Shared Resources: mem-estimate=19.00MB mem-reservation=19.00MB thread-reservation=0 runtime-filters-memory=19.00MB
Per-Instance Resources: mem-estimate=19.20MB mem-reservation=8.00MB thread-reservation=1
max-parallelism=80 segment-costs=[720604305]
09:HASH JOIN [INNER JOIN, BROADCAST]
|  hash-table-id=09
|  hash predicates: ss_store_sk = s_store_sk
|  fk/pk conjuncts: ss_store_sk = s_store_sk
|  mem-estimate=0B mem-reservation=0B spill-buffer=64.00KB thread-reservation=0
|  tuple-ids=0,3,6,1 row-size=66B cardinality=25.65M cost=17731252
|  in pipelines: 00(GETNEXT), 01(OPEN)
|
|--F26:PLAN FRAGMENT [RANDOM] hosts=10 instances=10
|  |  Per-Instance Resources: mem-estimate=16.52MB mem-reservation=16.50MB thread-reservation=1 runtime-filters-memory=1.00MB
|  |  max-parallelism=10 segment-costs=[776]
|  JOIN BUILD
|  |  join-table-id=09 plan-id=10 cohort-id=01
|  |  build expressions: s_store_sk
|  |  runtime filters: RF006[bloom] <- s_store_sk, RF007[min_max] <- s_store_sk
|  |  mem-estimate=15.50MB mem-reservation=15.50MB spill-buffer=64.00KB thread-reservation=0 cost=336
|  |
|  30:EXCHANGE [BROADCAST]
|  |  mem-estimate=16.00KB mem-reservation=0B thread-reservation=0
|  |  tuple-ids=1 row-size=8B cardinality=336 cost=440
|  |  in pipelines: 01(GETNEXT)
|  |
|  F03:PLAN FRAGMENT [RANDOM] hosts=1 instances=1
|  Per-Instance Resources: mem-estimate=16.05MB mem-reservation=16.00KB thread-reservation=1
|  max-parallelism=1 segment-costs=[207]
|  01:SCAN HDFS [tpcds_partitioned_parquet_snap.store, RANDOM]
|     HDFS partitions=1/1 files=1 size=9.81KB
|     predicates: s_gmt_offset = CAST(-7 AS DECIMAL(3,0))
|     stored statistics:
|       table: rows=1.35K size=119.76KB
|       columns: all
|     extrapolated-rows=disabled max-scan-range-rows=1.35K
|     parquet statistics predicates: s_gmt_offset = CAST(-7 AS DECIMAL(3,0))
|     parquet dictionary predicates: s_gmt_offset = CAST(-7 AS DECIMAL(3,0))
|     mem-estimate=16.00MB mem-reservation=16.00KB thread-reservation=0
|     tuple-ids=1 row-size=8B cardinality=336 cost=193
|     in pipelines: 01(GETNEXT)
|
08:HASH JOIN [INNER JOIN, BROADCAST]
|  hash-table-id=10
|  hash predicates: ss_item_sk = i_item_sk
|  fk/pk conjuncts: ss_item_sk = i_item_sk
|  mem-estimate=0B mem-reservation=0B spill-buffer=128.00KB thread-reservation=0
|  tuple-ids=0,3,6 row-size=58B cardinality=51.01M cost=140462248
|  in pipelines: 00(GETNEXT), 06(OPEN)
|
|--F27:PLAN FRAGMENT [RANDOM] hosts=10 instances=10
|  |  Per-Instance Resources: mem-estimate=24.85MB mem-reservation=24.00MB thread-reservation=1 runtime-filters-memory=1.00MB
|  |  max-parallelism=10 segment-costs=[83645]
|  JOIN BUILD
|  |  join-table-id=10 plan-id=11 cohort-id=01
|  |  build expressions: i_item_sk
|  |  runtime filters: RF008[bloom] <- i_item_sk, RF009[min_max] <- i_item_sk
|  |  mem-estimate=23.00MB mem-reservation=23.00MB spill-buffer=128.00KB thread-reservation=0 cost=35915
|  |
|  29:EXCHANGE [BROADCAST]
|  |  mem-estimate=871.90KB mem-reservation=0B thread-reservation=0
|  |  tuple-ids=6 row-size=22B cardinality=35.91K cost=47730
|  |  in pipelines: 06(GETNEXT)
|  |
|  F02:PLAN FRAGMENT [RANDOM] hosts=4 instances=4
|  Per-Instance Resources: mem-estimate=16.10MB mem-reservation=512.00KB thread-reservation=1
|  max-parallelism=4 segment-costs=[64362]
|  06:SCAN HDFS [tpcds_partitioned_parquet_snap.item, RANDOM]
|     HDFS partitions=1/1 files=1 size=1.73MB
|     predicates: i_category = 'Electronics'
|     stored statistics:
|       table: rows=360.00K size=33.54MB
|       columns: all
|     extrapolated-rows=disabled max-scan-range-rows=101.54K
|     parquet statistics predicates: i_category = 'Electronics'
|     parquet dictionary predicates: i_category = 'Electronics'
|     mem-estimate=16.00MB mem-reservation=512.00KB thread-reservation=0
|     tuple-ids=6 row-size=22B cardinality=35.91K cost=61463
|     in pipelines: 06(GETNEXT)
|
07:HASH JOIN [INNER JOIN, BROADCAST]
|  hash-table-id=11
|  hash predicates: ss_sold_date_sk = d_date_sk
|  fk/pk conjuncts: ss_sold_date_sk = d_date_sk
|  mem-estimate=0B mem-reservation=0B spill-buffer=64.00KB thread-reservation=0
|  tuple-ids=0,3 row-size=36B cardinality=511.58M cost=223916426
|  in pipelines: 00(GETNEXT), 03(OPEN)
|
|--F28:PLAN FRAGMENT [RANDOM] hosts=10 instances=10
|  |  Per-Instance Resources: mem-estimate=16.52MB mem-reservation=16.50MB thread-reservation=1 runtime-filters-memory=1.00MB
|  |  max-parallelism=10 segment-costs=[248]
|  JOIN BUILD
|  |  join-table-id=11 plan-id=12 cohort-id=01
|  |  build expressions: d_date_sk
|  |  runtime filters: RF010[bloom] <- d_date_sk
|  |  mem-estimate=15.50MB mem-reservation=15.50MB spill-buffer=64.00KB thread-reservation=0 cost=108
|  |
|  28:EXCHANGE [BROADCAST]
|  |  mem-estimate=16.00KB mem-reservation=0B thread-reservation=0
|  |  tuple-ids=3 row-size=12B cardinality=108 cost=140
|  |  in pipelines: 03(GETNEXT)
|  |
|  F01:PLAN FRAGMENT [RANDOM] hosts=1 instances=1
|  Per-Instance Resources: mem-estimate=16.06MB mem-reservation=512.00KB thread-reservation=1
|  max-parallelism=1 segment-costs=[16733]
|  03:SCAN HDFS [tpcds_partitioned_parquet_snap.date_dim, RANDOM]
|     HDFS partitions=1/1 files=1 size=2.17MB
|     predicates: d_year = CAST(2001 AS INT), d_moy = CAST(11 AS INT)
|     stored statistics:
|       table: rows=73.05K size=2.17MB
|       columns: all
|     extrapolated-rows=disabled max-scan-range-rows=73.05K
|     parquet statistics predicates: d_year = CAST(2001 AS INT), d_moy = CAST(11 AS INT)
|     parquet dictionary predicates: d_year = CAST(2001 AS INT), d_moy = CAST(11 AS INT)
|     mem-estimate=16.00MB mem-reservation=512.00KB thread-reservation=0
|     tuple-ids=3 row-size=12B cardinality=108 cost=16728
|     in pipelines: 03(GETNEXT)
|
00:SCAN HDFS [tpcds_partitioned_parquet_snap.store_sales, RANDOM]
   HDFS partitions=1824/1824 files=1824 size=199.33MB
   runtime filters: RF009[min_max] -> ss_item_sk, RF007[min_max] -> ss_store_sk, RF005[min_max] -> ss_customer_sk, RF001[min_max] -> ss_promo_sk, RF010[bloom] -> ss_sold_date_sk, RF008[bloom] -> ss_item_sk, RF006[bloom] -> ss_store_sk, RF004[bloom] -> ss_customer_sk
   stored statistics:
     table: rows=8.64G size=389.90GB
     partitions: 1824/1824 rows=8.64G
     columns: all
   extrapolated-rows=disabled max-scan-range-rows=390.22M est-scan-range=109(filtered from 1824)
   mem-estimate=16.00MB mem-reservation=8.00MB thread-reservation=0
   tuple-ids=0 row-size=24B cardinality=511.58M(filtered from 8.64G) cost=176800358
   in pipelines: 00(GETNEXT)
---- PARALLELPLANS
Max Per-Host Resource Reservation: Memory=451.50MB Threads=42
Per-Host Resource Estimates: Memory=1.04GB
F08:PLAN FRAGMENT [UNPARTITIONED] hosts=1 instances=1
|  Per-Instance Resources: mem-estimate=4.00MB mem-reservation=4.00MB thread-reservation=1
|  max-parallelism=1 segment-costs=[0, 0, 3] cpu-comparison-result=170 [max(1 (self) vs 170 (sum children))]
PLAN-ROOT SINK
|  output exprs: promotions, total, CAST(promotions AS DECIMAL(15,4)) / CAST(total AS DECIMAL(15,4)) * CAST(100 AS DECIMAL(3,0))
|  mem-estimate=4.00MB mem-reservation=4.00MB spill-buffer=2.00MB thread-reservation=0 cost=3
|
27:TOP-N [LIMIT=100]
|  order by: promotions ASC, total ASC
|  mem-estimate=32B mem-reservation=0B thread-reservation=0
|  tuple-ids=17 row-size=32B cardinality=1 cost=0
|  in pipelines: 27(GETNEXT), 36(OPEN)
|
26:NESTED LOOP JOIN [CROSS JOIN, BROADCAST]
|  join table id: 00
|  mem-estimate=0B mem-reservation=0B thread-reservation=0
|  tuple-ids=7,15 row-size=32B cardinality=1 cost=0
|  in pipelines: 36(GETNEXT), 44(OPEN)
|
|--F17:PLAN FRAGMENT [UNPARTITIONED] hosts=1 instances=1
|  |  Per-Instance Resources: mem-estimate=16.02KB mem-reservation=0B thread-reservation=1
|  |  max-parallelism=1 segment-costs=[0] cpu-comparison-result=80 [max(1 (self) vs 80 (sum children))]
|  JOIN BUILD
|  |  join-table-id=00 plan-id=01 cohort-id=01
|  |  mem-estimate=16B mem-reservation=0B thread-reservation=0 cost=0
|  |
|  45:EXCHANGE [UNPARTITIONED]
|  |  mem-estimate=16.00KB mem-reservation=0B thread-reservation=0
|  |  tuple-ids=15 row-size=16B cardinality=1 cost=0
|  |  in pipelines: 44(GETNEXT)
|  |
|  F16:PLAN FRAGMENT [UNPARTITIONED] hosts=1 instances=1
|  Per-Instance Resources: mem-estimate=96.00KB mem-reservation=0B thread-reservation=1
|  max-parallelism=1 segment-costs=[0, 1] cpu-comparison-result=80 [max(1 (self) vs 80 (sum children))]
|  44:AGGREGATE [FINALIZE]
|  |  output: sum:merge(ss_ext_sales_price)
|  |  mem-estimate=16.00KB mem-reservation=0B spill-buffer=2.00MB thread-reservation=0
|  |  tuple-ids=15 row-size=16B cardinality=1 cost=0
|  |  in pipelines: 44(GETNEXT), 25(OPEN)
|  |
|  43:EXCHANGE [UNPARTITIONED]
|  |  mem-estimate=16.00KB mem-reservation=0B thread-reservation=0
|  |  tuple-ids=15 row-size=16B cardinality=1 cost=0
|  |  in pipelines: 25(GETNEXT)
|  |
|  F14:PLAN FRAGMENT [HASH(ss_customer_sk)] hosts=10 instances=10 (adjusted from 120)
|  Per-Instance Resources: mem-estimate=15.34MB mem-reservation=0B thread-reservation=1
|  max-parallelism=10 segment-costs=[30940044, 1] cpu-comparison-result=80 [max(80 (self) vs 76 (sum children))]
|  25:AGGREGATE
|  |  output: sum(ss_ext_sales_price)
|  |  mem-estimate=16.00KB mem-reservation=0B spill-buffer=2.00MB thread-reservation=0
|  |  tuple-ids=15 row-size=16B cardinality=1 cost=299532
|  |  in pipelines: 25(GETNEXT), 14(OPEN)
|  |
|  24:HASH JOIN [INNER JOIN, BROADCAST]
|  |  hash-table-id=01
|  |  hash predicates: c_current_addr_sk = ca_address_sk
|  |  fk/pk conjuncts: c_current_addr_sk = ca_address_sk
|  |  mem-estimate=0B mem-reservation=0B spill-buffer=2.00MB thread-reservation=0
|  |  tuple-ids=9,11,14,10,12,13 row-size=78B cardinality=4.28M cost=6813735
|  |  in pipelines: 14(GETNEXT), 18(OPEN)
|  |
|  |--F18:PLAN FRAGMENT [HASH(ss_customer_sk)] hosts=10 instances=10
|  |  |  Per-Instance Resources: mem-estimate=78.62MB mem-reservation=36.00MB thread-reservation=1 runtime-filters-memory=2.00MB
|  |  |  max-parallelism=10 segment-costs=[5647923]
|  |  JOIN BUILD
|  |  |  join-table-id=01 plan-id=02 cohort-id=02
|  |  |  build expressions: ca_address_sk
|  |  |  runtime filters: RF012[bloom] <- ca_address_sk, RF013[min_max] <- ca_address_sk
|  |  |  mem-estimate=66.50MB mem-reservation=34.00MB spill-buffer=2.00MB thread-reservation=0 cost=2425043
|  |  |
|  |  42:EXCHANGE [BROADCAST]
|  |  |  mem-estimate=10.12MB mem-reservation=0B thread-reservation=0
|  |  |  tuple-ids=13 row-size=8B cardinality=2.43M cost=3222880
|  |  |  in pipelines: 18(GETNEXT)
|  |  |
|  |  F15:PLAN FRAGMENT [RANDOM] hosts=10 instances=10
|  |  Per-Instance Resources: mem-estimate=16.05MB mem-reservation=128.00KB thread-reservation=1
|  |  max-parallelism=10 segment-costs=[2254261]
|  |  18:SCAN HDFS [tpcds_partitioned_parquet_snap.customer_address, RANDOM]
|  |     HDFS partitions=1/1 files=1 size=1.16MB
|  |     predicates: ca_gmt_offset = CAST(-7 AS DECIMAL(3,0))
|  |     stored statistics:
|  |       table: rows=15.00M size=307.36MB
|  |       columns: all
|  |     extrapolated-rows=disabled max-scan-range-rows=1.58M
|  |     parquet statistics predicates: ca_gmt_offset = CAST(-7 AS DECIMAL(3,0))
|  |     parquet dictionary predicates: ca_gmt_offset = CAST(-7 AS DECIMAL(3,0))
|  |     mem-estimate=16.00MB mem-reservation=128.00KB thread-reservation=0
|  |     tuple-ids=13 row-size=8B cardinality=2.43M cost=2149500
|  |     in pipelines: 18(GETNEXT)
|  |
|  23:HASH JOIN [INNER JOIN, PARTITIONED]
|  |  hash-table-id=02
|  |  hash predicates: ss_customer_sk = c_customer_sk
|  |  fk/pk conjuncts: ss_customer_sk = c_customer_sk
|  |  mem-estimate=0B mem-reservation=0B spill-buffer=2.00MB thread-reservation=0
|  |  tuple-ids=9,11,14,10,12 row-size=70B cardinality=23.54M cost=10843649
|  |  in pipelines: 14(GETNEXT), 17(OPEN)
|  |
|  |--F19:PLAN FRAGMENT [HASH(ss_customer_sk)] hosts=10 instances=10 (adjusted from 120)
|  |  |  Per-Instance Resources: mem-estimate=125.81MB mem-reservation=50.00MB thread-reservation=1 runtime-filters-memory=16.00MB
|  |  |  max-parallelism=10 segment-costs=[34437000]
|  |  JOIN BUILD
|  |  |  join-table-id=02 plan-id=03 cohort-id=02
|  |  |  build expressions: c_customer_sk
|  |  |  runtime filters: RF014[bloom] <- c_customer_sk, RF015[min_max] <- c_customer_sk
|  |  |  mem-estimate=99.69MB mem-reservation=34.00MB spill-buffer=2.00MB thread-reservation=0 cost=30000000
|  |  |
|  |  41:EXCHANGE [HASH(c_customer_sk)]
|  |  |  mem-estimate=10.12MB mem-reservation=0B thread-reservation=0
|  |  |  tuple-ids=12 row-size=8B cardinality=30.00M cost=4437000
|  |  |  in pipelines: 17(GETNEXT)
|  |  |
|  |  F13:PLAN FRAGMENT [RANDOM] hosts=10 instances=10
|  |  Per-Host Shared Resources: mem-estimate=2.00MB mem-reservation=2.00MB thread-reservation=0 runtime-filters-memory=2.00MB
|  |  Per-Instance Resources: mem-estimate=16.47MB mem-reservation=1.00MB thread-reservation=1
|  |  max-parallelism=10 segment-costs=[34368000]
|  |  17:SCAN HDFS [tpcds_partitioned_parquet_snap.customer, RANDOM]
|  |     HDFS partitions=1/1 files=1 size=5.49MB
|  |     runtime filters: RF013[min_max] -> c_current_addr_sk, RF012[bloom] -> c_current_addr_sk
|  |     stored statistics:
|  |       table: rows=30.00M size=1.55GB
|  |       columns: all
|  |     extrapolated-rows=disabled max-scan-range-rows=3.10M
|  |     mem-estimate=16.00MB mem-reservation=1.00MB thread-reservation=0
|  |     tuple-ids=12 row-size=8B cardinality=30.00M cost=3456000
|  |     in pipelines: 17(GETNEXT)
|  |
|  40:EXCHANGE [HASH(ss_customer_sk)]
|  |  mem-estimate=15.33MB mem-reservation=0B thread-reservation=0
|  |  tuple-ids=9,11,14,10 row-size=62B cardinality=25.65M cost=12983128
|  |  in pipelines: 14(GETNEXT)
|  |
|  F09:PLAN FRAGMENT [RANDOM] hosts=10 instances=70 (adjusted from 120)
|  Per-Host Shared Resources: mem-estimate=19.00MB mem-reservation=19.00MB thread-reservation=0 runtime-filters-memory=19.00MB
|  Per-Instance Resources: mem-estimate=19.04MB mem-reservation=8.00MB thread-reservation=1
|  max-parallelism=70 segment-costs=[684531424]
|  22:HASH JOIN [INNER JOIN, BROADCAST]
|  |  hash-table-id=03
|  |  hash predicates: ss_store_sk = s_store_sk
|  |  fk/pk conjuncts: ss_store_sk = s_store_sk
|  |  mem-estimate=0B mem-reservation=0B spill-buffer=64.00KB thread-reservation=0
|  |  tuple-ids=9,11,14,10 row-size=62B cardinality=25.65M cost=17731252
|  |  in pipelines: 14(GETNEXT), 15(OPEN)
|  |
|  |--F20:PLAN FRAGMENT [RANDOM] hosts=10 instances=10
|  |  |  Per-Instance Resources: mem-estimate=14.58MB mem-reservation=14.56MB thread-reservation=1 runtime-filters-memory=1.00MB
|  |  |  max-parallelism=10 segment-costs=[776]
|  |  JOIN BUILD
|  |  |  join-table-id=03 plan-id=04 cohort-id=02
|  |  |  build expressions: s_store_sk
|  |  |  runtime filters: RF016[bloom] <- s_store_sk, RF017[min_max] <- s_store_sk
|  |  |  mem-estimate=13.56MB mem-reservation=13.56MB spill-buffer=64.00KB thread-reservation=0 cost=336
|  |  |
|  |  39:EXCHANGE [BROADCAST]
|  |  |  mem-estimate=16.00KB mem-reservation=0B thread-reservation=0
|  |  |  tuple-ids=10 row-size=8B cardinality=336 cost=440
|  |  |  in pipelines: 15(GETNEXT)
|  |  |
|  |  F12:PLAN FRAGMENT [RANDOM] hosts=1 instances=1
|  |  Per-Instance Resources: mem-estimate=16.05MB mem-reservation=16.00KB thread-reservation=1
|  |  max-parallelism=1 segment-costs=[207]
|  |  15:SCAN HDFS [tpcds_partitioned_parquet_snap.store, RANDOM]
|  |     HDFS partitions=1/1 files=1 size=9.81KB
|  |     predicates: s_gmt_offset = CAST(-7 AS DECIMAL(3,0))
|  |     stored statistics:
|  |       table: rows=1.35K size=119.76KB
|  |       columns: all
|  |     extrapolated-rows=disabled max-scan-range-rows=1.35K
|  |     parquet statistics predicates: s_gmt_offset = CAST(-7 AS DECIMAL(3,0))
|  |     parquet dictionary predicates: s_gmt_offset = CAST(-7 AS DECIMAL(3,0))
|  |     mem-estimate=16.00MB mem-reservation=16.00KB thread-reservation=0
|  |     tuple-ids=10 row-size=8B cardinality=336 cost=193
|  |     in pipelines: 15(GETNEXT)
|  |
|  21:HASH JOIN [INNER JOIN, BROADCAST]
|  |  hash-table-id=04
|  |  hash predicates: ss_item_sk = i_item_sk
|  |  fk/pk conjuncts: ss_item_sk = i_item_sk
|  |  mem-estimate=0B mem-reservation=0B spill-buffer=128.00KB thread-reservation=0
|  |  tuple-ids=9,11,14 row-size=54B cardinality=51.01M cost=140462248
|  |  in pipelines: 14(GETNEXT), 19(OPEN)
|  |
|  |--F21:PLAN FRAGMENT [RANDOM] hosts=10 instances=10
|  |  |  Per-Instance Resources: mem-estimate=21.98MB mem-reservation=21.12MB thread-reservation=1 runtime-filters-memory=1.00MB
|  |  |  max-parallelism=10 segment-costs=[83645]
|  |  JOIN BUILD
|  |  |  join-table-id=04 plan-id=05 cohort-id=02
|  |  |  build expressions: i_item_sk
|  |  |  runtime filters: RF018[bloom] <- i_item_sk, RF019[min_max] <- i_item_sk
|  |  |  mem-estimate=20.12MB mem-reservation=20.12MB spill-buffer=128.00KB thread-reservation=0 cost=35915
|  |  |
|  |  38:EXCHANGE [BROADCAST]
|  |  |  mem-estimate=871.90KB mem-reservation=0B thread-reservation=0
|  |  |  tuple-ids=14 row-size=22B cardinality=35.91K cost=47730
|  |  |  in pipelines: 19(GETNEXT)
|  |  |
|  |  F11:PLAN FRAGMENT [RANDOM] hosts=4 instances=4
|  |  Per-Instance Resources: mem-estimate=16.10MB mem-reservation=512.00KB thread-reservation=1
|  |  max-parallelism=4 segment-costs=[64362]
|  |  19:SCAN HDFS [tpcds_partitioned_parquet_snap.item, RANDOM]
|  |     HDFS partitions=1/1 files=1 size=1.73MB
|  |     predicates: i_category = 'Electronics'
|  |     stored statistics:
|  |       table: rows=360.00K size=33.54MB
|  |       columns: all
|  |     extrapolated-rows=disabled max-scan-range-rows=101.54K
|  |     parquet statistics predicates: i_category = 'Electronics'
|  |     parquet dictionary predicates: i_category = 'Electronics'
|  |     mem-estimate=16.00MB mem-reservation=512.00KB thread-reservation=0
|  |     tuple-ids=14 row-size=22B cardinality=35.91K cost=61463
|  |     in pipelines: 19(GETNEXT)
|  |
|  20:HASH JOIN [INNER JOIN, BROADCAST]
|  |  hash-table-id=05
|  |  hash predicates: ss_sold_date_sk = d_date_sk
|  |  fk/pk conjuncts: ss_sold_date_sk = d_date_sk
|  |  mem-estimate=0B mem-reservation=0B spill-buffer=64.00KB thread-reservation=0
|  |  tuple-ids=9,11 row-size=32B cardinality=511.58M cost=223916426
|  |  in pipelines: 14(GETNEXT), 16(OPEN)
|  |
|  |--F22:PLAN FRAGMENT [RANDOM] hosts=10 instances=10
|  |  |  Per-Instance Resources: mem-estimate=14.58MB mem-reservation=14.56MB thread-reservation=1 runtime-filters-memory=1.00MB
|  |  |  max-parallelism=10 segment-costs=[248]
|  |  JOIN BUILD
|  |  |  join-table-id=05 plan-id=06 cohort-id=02
|  |  |  build expressions: d_date_sk
|  |  |  runtime filters: RF020[bloom] <- d_date_sk
|  |  |  mem-estimate=13.56MB mem-reservation=13.56MB spill-buffer=64.00KB thread-reservation=0 cost=108
|  |  |
|  |  37:EXCHANGE [BROADCAST]
|  |  |  mem-estimate=16.00KB mem-reservation=0B thread-reservation=0
|  |  |  tuple-ids=11 row-size=12B cardinality=108 cost=140
|  |  |  in pipelines: 16(GETNEXT)
|  |  |
|  |  F10:PLAN FRAGMENT [RANDOM] hosts=1 instances=1
|  |  Per-Instance Resources: mem-estimate=16.06MB mem-reservation=512.00KB thread-reservation=1
|  |  max-parallelism=1 segment-costs=[16733]
|  |  16:SCAN HDFS [tpcds_partitioned_parquet_snap.date_dim, RANDOM]
|  |     HDFS partitions=1/1 files=1 size=2.17MB
|  |     predicates: d_year = CAST(2001 AS INT), d_moy = CAST(11 AS INT)
|  |     stored statistics:
|  |       table: rows=73.05K size=2.17MB
|  |       columns: all
|  |     extrapolated-rows=disabled max-scan-range-rows=73.05K
|  |     parquet statistics predicates: d_year = CAST(2001 AS INT), d_moy = CAST(11 AS INT)
|  |     parquet dictionary predicates: d_year = CAST(2001 AS INT), d_moy = CAST(11 AS INT)
|  |     mem-estimate=16.00MB mem-reservation=512.00KB thread-reservation=0
|  |     tuple-ids=11 row-size=12B cardinality=108 cost=16728
|  |     in pipelines: 16(GETNEXT)
|  |
|  14:SCAN HDFS [tpcds_partitioned_parquet_snap.store_sales, RANDOM]
|     HDFS partitions=1824/1824 files=1824 size=199.33MB
|     runtime filters: RF019[min_max] -> ss_item_sk, RF017[min_max] -> ss_store_sk, RF015[min_max] -> ss_customer_sk, RF020[bloom] -> ss_sold_date_sk, RF018[bloom] -> ss_item_sk, RF016[bloom] -> ss_store_sk, RF014[bloom] -> ss_customer_sk
|     stored statistics:
|       table: rows=8.64G size=389.90GB
|       partitions: 1824/1824 rows=8.64G
|       columns: all
|     extrapolated-rows=disabled max-scan-range-rows=390.22M est-scan-range=109(filtered from 1824)
|     mem-estimate=16.00MB mem-reservation=8.00MB thread-reservation=0
|     tuple-ids=9 row-size=20B cardinality=511.58M(filtered from 8.64G) cost=147333631
|     in pipelines: 14(GETNEXT)
|
36:AGGREGATE [FINALIZE]
|  output: sum:merge(ss_ext_sales_price)
|  mem-estimate=16.00KB mem-reservation=0B spill-buffer=2.00MB thread-reservation=0
|  tuple-ids=7 row-size=16B cardinality=1 cost=0
|  in pipelines: 36(GETNEXT), 13(OPEN)
|
35:EXCHANGE [UNPARTITIONED]
|  mem-estimate=16.00KB mem-reservation=0B thread-reservation=0
|  tuple-ids=7 row-size=16B cardinality=1 cost=0
|  in pipelines: 13(GETNEXT)
|
F05:PLAN FRAGMENT [HASH(ss_customer_sk)] hosts=10 instances=10 (adjusted from 120)
Per-Instance Resources: mem-estimate=16.41MB mem-reservation=0B thread-reservation=1
max-parallelism=10 segment-costs=[33284846, 1] cpu-comparison-result=90 [max(90 (self) vs 87 (sum children))]
13:AGGREGATE
|  output: sum(ss_ext_sales_price)
|  mem-estimate=16.00KB mem-reservation=0B spill-buffer=2.00MB thread-reservation=0
|  tuple-ids=7 row-size=16B cardinality=1 cost=299532
|  in pipelines: 13(GETNEXT), 00(OPEN)
|
12:HASH JOIN [INNER JOIN, BROADCAST]
|  hash-table-id=06
|  hash predicates: ss_promo_sk = p_promo_sk
|  fk/pk conjuncts: ss_promo_sk = p_promo_sk
|  mem-estimate=0B mem-reservation=0B spill-buffer=64.00KB thread-reservation=0
|  tuple-ids=0,3,6,1,4,5,2 row-size=125B cardinality=4.28M cost=1872934
|  in pipelines: 00(GETNEXT), 02(OPEN)
|
|--F23:PLAN FRAGMENT [HASH(ss_customer_sk)] hosts=10 instances=10
|  |  Per-Instance Resources: mem-estimate=2.06MB mem-reservation=1.94MB thread-reservation=1
|  |  max-parallelism=10 segment-costs=[4190]
|  JOIN BUILD
|  |  join-table-id=06 plan-id=07 cohort-id=01
|  |  build expressions: p_promo_sk
|  |  runtime filters: RF001[min_max] <- p_promo_sk
|  |  mem-estimate=1.94MB mem-reservation=1.94MB spill-buffer=64.00KB thread-reservation=0 cost=1800
|  |
|  34:EXCHANGE [BROADCAST]
|  |  mem-estimate=122.59KB mem-reservation=0B thread-reservation=0
|  |  tuple-ids=2 row-size=43B cardinality=1.80K cost=2390
|  |  in pipelines: 02(GETNEXT)
|  |
|  F07:PLAN FRAGMENT [RANDOM] hosts=1 instances=1
|  Per-Instance Resources: mem-estimate=16.18MB mem-reservation=32.00KB thread-reservation=1
|  max-parallelism=1 segment-costs=[479]
|  02:SCAN HDFS [tpcds_partitioned_parquet_snap.promotion, RANDOM]
|     HDFS partitions=1/1 files=1 size=23.20KB
|     predicates: (p_channel_dmail = 'Y' OR p_channel_email = 'Y' OR p_channel_tv = 'Y')
|     stored statistics:
|       table: rows=1.80K size=100.50KB
|       columns: all
|     extrapolated-rows=disabled max-scan-range-rows=1.80K
|     mem-estimate=16.00MB mem-reservation=32.00KB thread-reservation=0
|     tuple-ids=2 row-size=43B cardinality=1.80K cost=232
|     in pipelines: 02(GETNEXT)
|
11:HASH JOIN [INNER JOIN, BROADCAST]
|  hash-table-id=07
|  hash predicates: c_current_addr_sk = ca_address_sk
|  fk/pk conjuncts: c_current_addr_sk = ca_address_sk
|  mem-estimate=0B mem-reservation=0B spill-buffer=2.00MB thread-reservation=0
|  tuple-ids=0,3,6,1,4,5 row-size=82B cardinality=4.28M cost=6813735
|  in pipelines: 00(GETNEXT), 05(OPEN)
|
|--F24:PLAN FRAGMENT [HASH(ss_customer_sk)] hosts=10 instances=10
|  |  Per-Instance Resources: mem-estimate=78.62MB mem-reservation=36.00MB thread-reservation=1 runtime-filters-memory=2.00MB
|  |  max-parallelism=10 segment-costs=[5647923]
|  JOIN BUILD
|  |  join-table-id=07 plan-id=08 cohort-id=01
|  |  build expressions: ca_address_sk
|  |  runtime filters: RF002[bloom] <- ca_address_sk, RF003[min_max] <- ca_address_sk
|  |  mem-estimate=66.50MB mem-reservation=34.00MB spill-buffer=2.00MB thread-reservation=0 cost=2425043
|  |
|  33:EXCHANGE [BROADCAST]
|  |  mem-estimate=10.12MB mem-reservation=0B thread-reservation=0
|  |  tuple-ids=5 row-size=8B cardinality=2.43M cost=3222880
|  |  in pipelines: 05(GETNEXT)
|  |
|  F06:PLAN FRAGMENT [RANDOM] hosts=10 instances=10
|  Per-Instance Resources: mem-estimate=16.05MB mem-reservation=128.00KB thread-reservation=1
|  max-parallelism=10 segment-costs=[2254261]
|  05:SCAN HDFS [tpcds_partitioned_parquet_snap.customer_address, RANDOM]
|     HDFS partitions=1/1 files=1 size=1.16MB
|     predicates: ca_gmt_offset = CAST(-7 AS DECIMAL(3,0))
|     stored statistics:
|       table: rows=15.00M size=307.36MB
|       columns: all
|     extrapolated-rows=disabled max-scan-range-rows=1.58M
|     parquet statistics predicates: ca_gmt_offset = CAST(-7 AS DECIMAL(3,0))
|     parquet dictionary predicates: ca_gmt_offset = CAST(-7 AS DECIMAL(3,0))
|     mem-estimate=16.00MB mem-reservation=128.00KB thread-reservation=0
|     tuple-ids=5 row-size=8B cardinality=2.43M cost=2149500
|     in pipelines: 05(GETNEXT)
|
10:HASH JOIN [INNER JOIN, PARTITIONED]
|  hash-table-id=08
|  hash predicates: ss_customer_sk = c_customer_sk
|  fk/pk conjuncts: ss_customer_sk = c_customer_sk
|  mem-estimate=0B mem-reservation=0B spill-buffer=2.00MB thread-reservation=0
|  tuple-ids=0,3,6,1,4 row-size=74B cardinality=23.54M cost=10843649
|  in pipelines: 00(GETNEXT), 04(OPEN)
|
|--F25:PLAN FRAGMENT [HASH(ss_customer_sk)] hosts=10 instances=10 (adjusted from 120)
|  |  Per-Instance Resources: mem-estimate=125.81MB mem-reservation=50.00MB thread-reservation=1 runtime-filters-memory=16.00MB
|  |  max-parallelism=10 segment-costs=[34437000]
|  JOIN BUILD
|  |  join-table-id=08 plan-id=09 cohort-id=01
|  |  build expressions: c_customer_sk
|  |  runtime filters: RF004[bloom] <- c_customer_sk, RF005[min_max] <- c_customer_sk
|  |  mem-estimate=99.69MB mem-reservation=34.00MB spill-buffer=2.00MB thread-reservation=0 cost=30000000
|  |
|  32:EXCHANGE [HASH(c_customer_sk)]
|  |  mem-estimate=10.12MB mem-reservation=0B thread-reservation=0
|  |  tuple-ids=4 row-size=8B cardinality=30.00M cost=4437000
|  |  in pipelines: 04(GETNEXT)
|  |
|  F04:PLAN FRAGMENT [RANDOM] hosts=10 instances=10
|  Per-Host Shared Resources: mem-estimate=2.00MB mem-reservation=2.00MB thread-reservation=0 runtime-filters-memory=2.00MB
|  Per-Instance Resources: mem-estimate=16.47MB mem-reservation=1.00MB thread-reservation=1
|  max-parallelism=10 segment-costs=[34368000]
|  04:SCAN HDFS [tpcds_partitioned_parquet_snap.customer, RANDOM]
|     HDFS partitions=1/1 files=1 size=5.49MB
|     runtime filters: RF003[min_max] -> c_current_addr_sk, RF002[bloom] -> c_current_addr_sk
|     stored statistics:
|       table: rows=30.00M size=1.55GB
|       columns: all
|     extrapolated-rows=disabled max-scan-range-rows=3.10M
|     mem-estimate=16.00MB mem-reservation=1.00MB thread-reservation=0
|     tuple-ids=4 row-size=8B cardinality=30.00M cost=3456000
|     in pipelines: 04(GETNEXT)
|
31:EXCHANGE [HASH(ss_customer_sk)]
|  mem-estimate=16.40MB mem-reservation=0B thread-reservation=0
|  tuple-ids=0,3,6,1 row-size=66B cardinality=25.65M cost=13454996
|  in pipelines: 00(GETNEXT)
|
F00:PLAN FRAGMENT [RANDOM] hosts=10 instances=80 (adjusted from 120)
Per-Host Shared Resources: mem-estimate=19.00MB mem-reservation=19.00MB thread-reservation=0 runtime-filters-memory=19.00MB
Per-Instance Resources: mem-estimate=19.20MB mem-reservation=8.00MB thread-reservation=1
max-parallelism=80 segment-costs=[720604305]
09:HASH JOIN [INNER JOIN, BROADCAST]
|  hash-table-id=09
|  hash predicates: ss_store_sk = s_store_sk
|  fk/pk conjuncts: ss_store_sk = s_store_sk
|  mem-estimate=0B mem-reservation=0B spill-buffer=64.00KB thread-reservation=0
|  tuple-ids=0,3,6,1 row-size=66B cardinality=25.65M cost=17731252
|  in pipelines: 00(GETNEXT), 01(OPEN)
|
|--F26:PLAN FRAGMENT [RANDOM] hosts=10 instances=10
|  |  Per-Instance Resources: mem-estimate=16.52MB mem-reservation=16.50MB thread-reservation=1 runtime-filters-memory=1.00MB
|  |  max-parallelism=10 segment-costs=[776]
|  JOIN BUILD
|  |  join-table-id=09 plan-id=10 cohort-id=01
|  |  build expressions: s_store_sk
|  |  runtime filters: RF006[bloom] <- s_store_sk, RF007[min_max] <- s_store_sk
|  |  mem-estimate=15.50MB mem-reservation=15.50MB spill-buffer=64.00KB thread-reservation=0 cost=336
|  |
|  30:EXCHANGE [BROADCAST]
|  |  mem-estimate=16.00KB mem-reservation=0B thread-reservation=0
|  |  tuple-ids=1 row-size=8B cardinality=336 cost=440
|  |  in pipelines: 01(GETNEXT)
|  |
|  F03:PLAN FRAGMENT [RANDOM] hosts=1 instances=1
|  Per-Instance Resources: mem-estimate=16.05MB mem-reservation=16.00KB thread-reservation=1
|  max-parallelism=1 segment-costs=[207]
|  01:SCAN HDFS [tpcds_partitioned_parquet_snap.store, RANDOM]
|     HDFS partitions=1/1 files=1 size=9.81KB
|     predicates: s_gmt_offset = CAST(-7 AS DECIMAL(3,0))
|     stored statistics:
|       table: rows=1.35K size=119.76KB
|       columns: all
|     extrapolated-rows=disabled max-scan-range-rows=1.35K
|     parquet statistics predicates: s_gmt_offset = CAST(-7 AS DECIMAL(3,0))
|     parquet dictionary predicates: s_gmt_offset = CAST(-7 AS DECIMAL(3,0))
|     mem-estimate=16.00MB mem-reservation=16.00KB thread-reservation=0
|     tuple-ids=1 row-size=8B cardinality=336 cost=193
|     in pipelines: 01(GETNEXT)
|
08:HASH JOIN [INNER JOIN, BROADCAST]
|  hash-table-id=10
|  hash predicates: ss_item_sk = i_item_sk
|  fk/pk conjuncts: ss_item_sk = i_item_sk
|  mem-estimate=0B mem-reservation=0B spill-buffer=128.00KB thread-reservation=0
|  tuple-ids=0,3,6 row-size=58B cardinality=51.01M cost=140462248
|  in pipelines: 00(GETNEXT), 06(OPEN)
|
|--F27:PLAN FRAGMENT [RANDOM] hosts=10 instances=10
|  |  Per-Instance Resources: mem-estimate=24.85MB mem-reservation=24.00MB thread-reservation=1 runtime-filters-memory=1.00MB
|  |  max-parallelism=10 segment-costs=[83645]
|  JOIN BUILD
|  |  join-table-id=10 plan-id=11 cohort-id=01
|  |  build expressions: i_item_sk
|  |  runtime filters: RF008[bloom] <- i_item_sk, RF009[min_max] <- i_item_sk
|  |  mem-estimate=23.00MB mem-reservation=23.00MB spill-buffer=128.00KB thread-reservation=0 cost=35915
|  |
|  29:EXCHANGE [BROADCAST]
|  |  mem-estimate=871.90KB mem-reservation=0B thread-reservation=0
|  |  tuple-ids=6 row-size=22B cardinality=35.91K cost=47730
|  |  in pipelines: 06(GETNEXT)
|  |
|  F02:PLAN FRAGMENT [RANDOM] hosts=4 instances=4
|  Per-Instance Resources: mem-estimate=16.10MB mem-reservation=512.00KB thread-reservation=1
|  max-parallelism=4 segment-costs=[64362]
|  06:SCAN HDFS [tpcds_partitioned_parquet_snap.item, RANDOM]
|     HDFS partitions=1/1 files=1 size=1.73MB
|     predicates: i_category = 'Electronics'
|     stored statistics:
|       table: rows=360.00K size=33.54MB
|       columns: all
|     extrapolated-rows=disabled max-scan-range-rows=101.54K
|     parquet statistics predicates: i_category = 'Electronics'
|     parquet dictionary predicates: i_category = 'Electronics'
|     mem-estimate=16.00MB mem-reservation=512.00KB thread-reservation=0
|     tuple-ids=6 row-size=22B cardinality=35.91K cost=61463
|     in pipelines: 06(GETNEXT)
|
07:HASH JOIN [INNER JOIN, BROADCAST]
|  hash-table-id=11
|  hash predicates: ss_sold_date_sk = d_date_sk
|  fk/pk conjuncts: ss_sold_date_sk = d_date_sk
|  mem-estimate=0B mem-reservation=0B spill-buffer=64.00KB thread-reservation=0
|  tuple-ids=0,3 row-size=36B cardinality=511.58M cost=223916426
|  in pipelines: 00(GETNEXT), 03(OPEN)
|
|--F28:PLAN FRAGMENT [RANDOM] hosts=10 instances=10
|  |  Per-Instance Resources: mem-estimate=16.52MB mem-reservation=16.50MB thread-reservation=1 runtime-filters-memory=1.00MB
|  |  max-parallelism=10 segment-costs=[248]
|  JOIN BUILD
|  |  join-table-id=11 plan-id=12 cohort-id=01
|  |  build expressions: d_date_sk
|  |  runtime filters: RF010[bloom] <- d_date_sk
|  |  mem-estimate=15.50MB mem-reservation=15.50MB spill-buffer=64.00KB thread-reservation=0 cost=108
|  |
|  28:EXCHANGE [BROADCAST]
|  |  mem-estimate=16.00KB mem-reservation=0B thread-reservation=0
|  |  tuple-ids=3 row-size=12B cardinality=108 cost=140
|  |  in pipelines: 03(GETNEXT)
|  |
|  F01:PLAN FRAGMENT [RANDOM] hosts=1 instances=1
|  Per-Instance Resources: mem-estimate=16.06MB mem-reservation=512.00KB thread-reservation=1
|  max-parallelism=1 segment-costs=[16733]
|  03:SCAN HDFS [tpcds_partitioned_parquet_snap.date_dim, RANDOM]
|     HDFS partitions=1/1 files=1 size=2.17MB
|     predicates: d_year = CAST(2001 AS INT), d_moy = CAST(11 AS INT)
|     stored statistics:
|       table: rows=73.05K size=2.17MB
|       columns: all
|     extrapolated-rows=disabled max-scan-range-rows=73.05K
|     parquet statistics predicates: d_year = CAST(2001 AS INT), d_moy = CAST(11 AS INT)
|     parquet dictionary predicates: d_year = CAST(2001 AS INT), d_moy = CAST(11 AS INT)
|     mem-estimate=16.00MB mem-reservation=512.00KB thread-reservation=0
|     tuple-ids=3 row-size=12B cardinality=108 cost=16728
|     in pipelines: 03(GETNEXT)
|
00:SCAN HDFS [tpcds_partitioned_parquet_snap.store_sales, RANDOM]
   HDFS partitions=1824/1824 files=1824 size=199.33MB
   runtime filters: RF009[min_max] -> ss_item_sk, RF007[min_max] -> ss_store_sk, RF005[min_max] -> ss_customer_sk, RF001[min_max] -> ss_promo_sk, RF010[bloom] -> ss_sold_date_sk, RF008[bloom] -> ss_item_sk, RF006[bloom] -> ss_store_sk, RF004[bloom] -> ss_customer_sk
   stored statistics:
     table: rows=8.64G size=389.90GB
     partitions: 1824/1824 rows=8.64G
     columns: all
   extrapolated-rows=disabled max-scan-range-rows=390.22M est-scan-range=109(filtered from 1824)
   mem-estimate=16.00MB mem-reservation=8.00MB thread-reservation=0
   tuple-ids=0 row-size=24B cardinality=511.58M(filtered from 8.64G) cost=176800358
   in pipelines: 00(GETNEXT)
====
