# TPCDS-Q35a variant of q35 without multiple subqueries in OR predicate
# start query 35 in stream 0 using template query35a.tpl using seed 883524323
select
  ca_state,
  cd_gender,
  cd_marital_status,
  cd_dep_count,
  count(*) cnt1,
  stddev_samp(cd_dep_count),
  stddev_samp(cd_dep_count),
  min(cd_dep_count),
  cd_dep_employed_count,
  count(*) cnt2,
  stddev_samp(cd_dep_employed_count),
  stddev_samp(cd_dep_employed_count),
  min(cd_dep_employed_count),
  cd_dep_college_count,
  count(*) cnt3,
  stddev_samp(cd_dep_college_count),
  stddev_samp(cd_dep_college_count),
  min(cd_dep_college_count)
 from
  customer c,customer_address ca,customer_demographics
 where
  c.c_current_addr_sk = ca.ca_address_sk and
  cd_demo_sk = c.c_current_cdemo_sk and
  exists (select *
          from store_sales,date_dim
          where c.c_customer_sk = ss_customer_sk and
                ss_sold_date_sk = d_date_sk and
                d_year = 2002 and
                d_qoy < 4) and
   exists (select * from
	   (select ws_bill_customer_sk customsk
            from web_sales,date_dim
            where
                  ws_sold_date_sk = d_date_sk and
                  d_year = 2002 and
                  d_qoy < 4
	    union all
    	    select cs_ship_customer_sk customsk
            from catalog_sales,date_dim
            where
                  cs_sold_date_sk = d_date_sk and
                  d_year = 2002 and
                  d_qoy < 4)x
           where x.customsk = c.c_customer_sk)
 group by ca_state,
          cd_gender,
          cd_marital_status,
          cd_dep_count,
          cd_dep_employed_count,
          cd_dep_college_count
 order by ca_state,
          cd_gender,
          cd_marital_status,
          cd_dep_count,
          cd_dep_employed_count,
          cd_dep_college_count
 limit 100;

# end query 35 in stream 0 using template query35a.tpl
---- PLAN
Max Per-Host Resource Reservation: Memory=259.12MB Threads=1
Per-Host Resource Estimates: Memory=4.92GB
F00:PLAN FRAGMENT [UNPARTITIONED] hosts=1 instances=1
|  Per-Instance Resources: mem-estimate=4.92GB mem-reservation=259.12MB thread-reservation=1 runtime-filters-memory=53.00MB
|  max-parallelism=1 segment-costs=[557752545, 539500539, 227697155, 1717703, 1800]
PLAN-ROOT SINK
|  output exprs: ca_state, cd_gender, cd_marital_status, cd_dep_count, count(*), stddev_samp(cd_dep_count), stddev_samp(cd_dep_count), min(cd_dep_count), cd_dep_employed_count, count(*), stddev_samp(cd_dep_employed_count), stddev_samp(cd_dep_employed_count), min(cd_dep_employed_count), cd_dep_college_count, count(*), stddev_samp(cd_dep_college_count), stddev_samp(cd_dep_college_count), min(cd_dep_college_count)
|  mem-estimate=4.00MB mem-reservation=4.00MB spill-buffer=2.00MB thread-reservation=0 cost=1800
|
20:TOP-N [LIMIT=100]
|  order by: ca_state ASC, cd_gender ASC, cd_marital_status ASC, cd_dep_count ASC, cd_dep_employed_count ASC, cd_dep_college_count ASC
|  mem-estimate=9.38KB mem-reservation=0B thread-reservation=0
|  tuple-ids=15 row-size=96B cardinality=100 cost=1717703
|  in pipelines: 20(GETNEXT), 19(OPEN)
|
19:AGGREGATE [FINALIZE]
|  output: count(*), stddev_samp(cd_dep_count), min(cd_dep_count), stddev_samp(cd_dep_employed_count), min(cd_dep_employed_count), stddev_samp(cd_dep_college_count), min(cd_dep_college_count)
|  group by: ca_state, cd_gender, cd_marital_status, cd_dep_count, cd_dep_employed_count, cd_dep_college_count
|  mem-estimate=34.00MB mem-reservation=34.00MB spill-buffer=2.00MB thread-reservation=0
|  tuple-ids=14 row-size=96B cardinality=174.93K cost=53956156
|  in pipelines: 19(GETNEXT), 00(OPEN)
|
18:HASH JOIN [LEFT SEMI JOIN]
|  hash predicates: c.c_customer_sk = customsk
|  runtime filters: RF000[bloom] <- customsk, RF001[min_max] <- customsk
|  mem-estimate=1.74GB mem-reservation=34.00MB spill-buffer=2.00MB thread-reservation=0
|  tuple-ids=0,2,1 row-size=72B cardinality=29.63M cost=78250953
|  in pipelines: 00(GETNEXT), 17(OPEN)
|
|--17:AGGREGATE [FINALIZE]
|  |  group by: customsk
|  |  mem-estimate=996.10MB mem-reservation=34.00MB spill-buffer=2.00MB thread-reservation=0
|  |  tuple-ids=26 row-size=4B cardinality=65.28M cost=292226052
|  |  in pipelines: 17(GETNEXT), 07(OPEN), 10(OPEN)
|  |
|  06:UNION
|  |  mem-estimate=0B mem-reservation=0B thread-reservation=0
|  |  tuple-ids=10 row-size=4B cardinality=418.15M cost=16048406
|  |  in pipelines: 07(GETNEXT), 10(GETNEXT)
|  |
|  |--12:HASH JOIN [INNER JOIN]
|  |  |  hash predicates: cs_sold_date_sk = d_date_sk
|  |  |  fk/pk conjuncts: cs_sold_date_sk = d_date_sk
|  |  |  runtime filters: RF012[bloom] <- d_date_sk
|  |  |  mem-estimate=1.94MB mem-reservation=1.94MB spill-buffer=64.00KB thread-reservation=0
|  |  |  tuple-ids=8,9 row-size=20B cardinality=278.41M cost=121860292
|  |  |  in pipelines: 10(GETNEXT), 11(OPEN)
|  |  |
|  |  |--11:SCAN HDFS [tpcds_partitioned_parquet_snap.date_dim]
|  |  |     HDFS partitions=1/1 files=1 size=2.17MB
|  |  |     predicates: d_year = CAST(2002 AS INT), d_qoy < CAST(4 AS INT)
|  |  |     stored statistics:
|  |  |       table: rows=73.05K size=2.17MB
|  |  |       columns: all
|  |  |     extrapolated-rows=disabled max-scan-range-rows=73.05K
|  |  |     parquet statistics predicates: d_year = CAST(2002 AS INT), d_qoy < CAST(4 AS INT)
|  |  |     parquet dictionary predicates: d_year = CAST(2002 AS INT), d_qoy < CAST(4 AS INT)
|  |  |     mem-estimate=16.00MB mem-reservation=512.00KB thread-reservation=0
|  |  |     tuple-ids=9 row-size=12B cardinality=118 cost=16728
|  |  |     in pipelines: 11(GETNEXT)
|  |  |
|  |  10:SCAN HDFS [tpcds_partitioned_parquet_snap.catalog_sales]
|  |     HDFS partitions=1831/1831 files=1831 size=150.82MB
|  |     runtime filters: RF012[bloom] -> cs_sold_date_sk
|  |     stored statistics:
|  |       table: rows=4.32G size=280.96GB
|  |       partitions: 1831/1831 rows=4.32G
|  |       columns: all
|  |     extrapolated-rows=disabled max-scan-range-rows=21.52M est-scan-range=118(filtered from 1831)
|  |     mem-estimate=16.00MB mem-reservation=1.00MB thread-reservation=0
|  |     tuple-ids=8 row-size=8B cardinality=278.41M(filtered from 4.32G) cost=32072862
|  |     in pipelines: 10(GETNEXT)
|  |
|  09:HASH JOIN [INNER JOIN]
|  |  hash predicates: ws_sold_date_sk = d_date_sk
|  |  fk/pk conjuncts: ws_sold_date_sk = d_date_sk
|  |  runtime filters: RF010[bloom] <- d_date_sk
|  |  mem-estimate=1.94MB mem-reservation=1.94MB spill-buffer=64.00KB thread-reservation=0
|  |  tuple-ids=6,7 row-size=20B cardinality=139.73M cost=61162026
|  |  in pipelines: 07(GETNEXT), 08(OPEN)
|  |
|  |--08:SCAN HDFS [tpcds_partitioned_parquet_snap.date_dim]
|  |     HDFS partitions=1/1 files=1 size=2.17MB
|  |     predicates: d_year = CAST(2002 AS INT), d_qoy < CAST(4 AS INT)
|  |     stored statistics:
|  |       table: rows=73.05K size=2.17MB
|  |       columns: all
|  |     extrapolated-rows=disabled max-scan-range-rows=73.05K
|  |     parquet statistics predicates: d_year = CAST(2002 AS INT), d_qoy < CAST(4 AS INT)
|  |     parquet dictionary predicates: d_year = CAST(2002 AS INT), d_qoy < CAST(4 AS INT)
|  |     mem-estimate=16.00MB mem-reservation=512.00KB thread-reservation=0
|  |     tuple-ids=7 row-size=12B cardinality=118 cost=16728
|  |     in pipelines: 08(GETNEXT)
|  |
|  07:SCAN HDFS [tpcds_partitioned_parquet_snap.web_sales]
|     HDFS partitions=1824/1824 files=1824 size=84.18MB
|     runtime filters: RF010[bloom] -> ws_sold_date_sk
|     stored statistics:
|       table: rows=2.16G size=145.75GB
|       partitions: 1824/1824 rows=2.16G
|       columns: all
|     extrapolated-rows=disabled max-scan-range-rows=3.37M est-scan-range=119(filtered from 1824)
|     mem-estimate=16.00MB mem-reservation=128.00KB thread-reservation=0
|     tuple-ids=6 row-size=8B cardinality=139.73M(filtered from 2.16G) cost=16097445
|     in pipelines: 07(GETNEXT)
|
16:HASH JOIN [LEFT SEMI JOIN]
|  hash predicates: c.c_customer_sk = tpcds_partitioned_parquet_snap.store_sales.ss_customer_sk
|  runtime filters: RF002[bloom] <- tpcds_partitioned_parquet_snap.store_sales.ss_customer_sk, RF003[min_max] <- tpcds_partitioned_parquet_snap.store_sales.ss_customer_sk
|  mem-estimate=892.67MB mem-reservation=34.00MB spill-buffer=2.00MB thread-reservation=0
|  tuple-ids=0,2,1 row-size=72B cardinality=29.63M cost=45650931
|  in pipelines: 00(GETNEXT), 15(OPEN)
|
|--15:AGGREGATE [FINALIZE]
|  |  group by: tpcds_partitioned_parquet_snap.store_sales.ss_customer_sk
|  |  mem-estimate=498.67MB mem-reservation=34.00MB spill-buffer=2.00MB thread-reservation=0
|  |  tuple-ids=25 row-size=4B cardinality=32.68M cost=248696018
|  |  in pipelines: 15(GETNEXT), 03(OPEN)
|  |
|  05:HASH JOIN [INNER JOIN]
|  |  hash predicates: ss_sold_date_sk = d_date_sk
|  |  fk/pk conjuncts: ss_sold_date_sk = d_date_sk
|  |  runtime filters: RF008[bloom] <- d_date_sk
|  |  mem-estimate=1.94MB mem-reservation=1.94MB spill-buffer=64.00KB thread-reservation=0
|  |  tuple-ids=3,4 row-size=20B cardinality=558.94M cost=244649546
|  |  in pipelines: 03(GETNEXT), 04(OPEN)
|  |
|  |--04:SCAN HDFS [tpcds_partitioned_parquet_snap.date_dim]
|  |     HDFS partitions=1/1 files=1 size=2.17MB
|  |     predicates: d_year = CAST(2002 AS INT), d_qoy < CAST(4 AS INT)
|  |     stored statistics:
|  |       table: rows=73.05K size=2.17MB
|  |       columns: all
|  |     extrapolated-rows=disabled max-scan-range-rows=73.05K
|  |     parquet statistics predicates: d_year = CAST(2002 AS INT), d_qoy < CAST(4 AS INT)
|  |     parquet dictionary predicates: d_year = CAST(2002 AS INT), d_qoy < CAST(4 AS INT)
|  |     mem-estimate=16.00MB mem-reservation=512.00KB thread-reservation=0
|  |     tuple-ids=4 row-size=12B cardinality=118 cost=16728
|  |     in pipelines: 04(GETNEXT)
|  |
|  03:SCAN HDFS [tpcds_partitioned_parquet_snap.store_sales]
|     HDFS partitions=1824/1824 files=1824 size=199.33MB
|     runtime filters: RF001[min_max] -> tpcds_partitioned_parquet_snap.store_sales.ss_customer_sk, RF008[bloom] -> ss_sold_date_sk, RF000[bloom] -> tpcds_partitioned_parquet_snap.store_sales.ss_customer_sk
|     stored statistics:
|       table: rows=8.64G size=389.90GB
|       partitions: 1824/1824 rows=8.64G
|       columns: all
|     extrapolated-rows=disabled max-scan-range-rows=390.22M est-scan-range=119(filtered from 1824)
|     mem-estimate=16.00MB mem-reservation=4.00MB thread-reservation=0
|     tuple-ids=3 row-size=8B cardinality=558.94M(filtered from 8.64G) cost=64390253
|     in pipelines: 03(GETNEXT)
|
14:HASH JOIN [INNER JOIN]
|  hash predicates: c.c_current_addr_sk = ca.ca_address_sk
|  fk/pk conjuncts: c.c_current_addr_sk = ca.ca_address_sk
|  runtime filters: RF004[bloom] <- ca.ca_address_sk, RF005[min_max] <- ca.ca_address_sk
|  mem-estimate=641.49MB mem-reservation=34.00MB spill-buffer=2.00MB thread-reservation=0
|  tuple-ids=0,2,1 row-size=72B cardinality=29.63M cost=27970222
|  in pipelines: 00(GETNEXT), 01(OPEN)
|
|--01:SCAN HDFS [tpcds_partitioned_parquet_snap.customer_address ca]
|     HDFS partitions=1/1 files=1 size=1.16MB
|     stored statistics:
|       table: rows=15.00M size=307.36MB
|       columns: all
|     extrapolated-rows=disabled max-scan-range-rows=1.58M
|     mem-estimate=16.00MB mem-reservation=128.00KB thread-reservation=0
|     tuple-ids=1 row-size=18B cardinality=15.00M cost=1296000
|     in pipelines: 01(GETNEXT)
|
13:HASH JOIN [INNER JOIN]
|  hash predicates: c.c_current_cdemo_sk = cd_demo_sk
|  fk/pk conjuncts: c.c_current_cdemo_sk = cd_demo_sk
|  runtime filters: RF006[bloom] <- cd_demo_sk, RF007[min_max] <- cd_demo_sk
|  mem-estimate=124.94MB mem-reservation=34.00MB spill-buffer=2.00MB thread-reservation=0
|  tuple-ids=0,2 row-size=54B cardinality=29.63M cost=14891022
|  in pipelines: 00(GETNEXT), 02(OPEN)
|
|--02:SCAN HDFS [tpcds_partitioned_parquet_snap.customer_demographics]
|     HDFS partitions=1/1 files=1 size=7.49MB
|     stored statistics:
|       table: rows=1.92M size=11.15MB
|       columns: all
|     extrapolated-rows=disabled max-scan-range-rows=197.97K
|     mem-estimate=16.00MB mem-reservation=1.00MB thread-reservation=0
|     tuple-ids=2 row-size=42B cardinality=1.92M cost=497871
|     in pipelines: 02(GETNEXT)
|
00:SCAN HDFS [tpcds_partitioned_parquet_snap.customer c]
   HDFS partitions=1/1 files=1 size=5.49MB
   runtime filters: RF007[min_max] -> c.c_current_cdemo_sk, RF001[min_max] -> c.c_customer_sk, RF003[min_max] -> c.c_customer_sk, RF005[min_max] -> c.c_current_addr_sk, RF006[bloom] -> c.c_current_cdemo_sk, RF000[bloom] -> c.c_customer_sk, RF002[bloom] -> c.c_customer_sk, RF004[bloom] -> c.c_current_addr_sk
   stored statistics:
     table: rows=30.00M size=1.55GB
     columns: all
   extrapolated-rows=disabled max-scan-range-rows=3.10M
   mem-estimate=16.00MB mem-reservation=1.00MB thread-reservation=0
   tuple-ids=0 row-size=12B cardinality=29.63M(filtered from 30.00M) cost=5184000
   in pipelines: 00(GETNEXT)
---- DISTRIBUTEDPLAN
Max Per-Host Resource Reservation: Memory=1.57GB Threads=51
Per-Host Resource Estimates: Memory=2.63GB
F15:PLAN FRAGMENT [UNPARTITIONED] hosts=1 instances=1
|  Per-Instance Resources: mem-estimate=4.10MB mem-reservation=4.00MB thread-reservation=1
|  max-parallelism=1 segment-costs=[1844] cpu-comparison-result=308 [max(1 (self) vs 308 (sum children))]
PLAN-ROOT SINK
|  output exprs: ca_state, cd_gender, cd_marital_status, cd_dep_count, count(*), stddev_samp(cd_dep_count), stddev_samp(cd_dep_count), min(cd_dep_count), cd_dep_employed_count, count(*), stddev_samp(cd_dep_employed_count), stddev_samp(cd_dep_employed_count), min(cd_dep_employed_count), cd_dep_college_count, count(*), stddev_samp(cd_dep_college_count), stddev_samp(cd_dep_college_count), min(cd_dep_college_count)
|  mem-estimate=4.00MB mem-reservation=4.00MB spill-buffer=2.00MB thread-reservation=0 cost=1800
|
35:MERGING-EXCHANGE [UNPARTITIONED]
|  order by: ca_state ASC, cd_gender ASC, cd_marital_status ASC, cd_dep_count ASC, cd_dep_employed_count ASC, cd_dep_college_count ASC
|  limit: 100
|  mem-estimate=98.59KB mem-reservation=0B thread-reservation=0
|  tuple-ids=15 row-size=96B cardinality=100 cost=44
|  in pipelines: 20(GETNEXT)
|
F14:PLAN FRAGMENT [HASH(ca_state,cd_gender,cd_marital_status,cd_dep_count,cd_dep_employed_count,cd_dep_college_count)] hosts=10 instances=10
Per-Instance Resources: mem-estimate=13.55MB mem-reservation=2.88MB thread-reservation=1
max-parallelism=10 segment-costs=[1202695, 1717703, 282] cpu-comparison-result=308 [max(10 (self) vs 308 (sum children))]
20:TOP-N [LIMIT=100]
|  order by: ca_state ASC, cd_gender ASC, cd_marital_status ASC, cd_dep_count ASC, cd_dep_employed_count ASC, cd_dep_college_count ASC
|  mem-estimate=9.38KB mem-reservation=0B thread-reservation=0
|  tuple-ids=15 row-size=96B cardinality=100 cost=1717703
|  in pipelines: 20(GETNEXT), 34(OPEN)
|
34:AGGREGATE [FINALIZE]
|  output: count:merge(*), stddev_samp:merge(cd_dep_count), min:merge(cd_dep_count), stddev_samp:merge(cd_dep_employed_count), min:merge(cd_dep_employed_count), stddev_samp:merge(cd_dep_college_count), min:merge(cd_dep_college_count)
|  group by: ca_state, cd_gender, cd_marital_status, cd_dep_count, cd_dep_employed_count, cd_dep_college_count
|  mem-estimate=10.00MB mem-reservation=2.88MB spill-buffer=128.00KB thread-reservation=0
|  tuple-ids=14 row-size=96B cardinality=174.93K cost=1106012
|  in pipelines: 34(GETNEXT), 00(OPEN)
|
33:EXCHANGE [HASH(ca_state,cd_gender,cd_marital_status,cd_dep_count,cd_dep_employed_count,cd_dep_college_count)]
|  mem-estimate=3.55MB mem-reservation=0B thread-reservation=0
|  tuple-ids=13 row-size=96B cardinality=174.93K cost=96683
|  in pipelines: 00(GETNEXT)
|
F07:PLAN FRAGMENT [HASH(tpcds_partitioned_parquet_snap.store_sales.ss_customer_sk)] hosts=10 instances=20 (adjusted from 10)
Per-Instance Resources: mem-estimate=50.37MB mem-reservation=34.00MB thread-reservation=1
max-parallelism=20 segment-costs=[102313632, 1171611] cpu-comparison-result=308 [max(80 (self) vs 308 (sum children))]
19:AGGREGATE [STREAMING]
|  output: count(*), stddev_samp(cd_dep_count), min(cd_dep_count), stddev_samp(cd_dep_employed_count), min(cd_dep_employed_count), stddev_samp(cd_dep_college_count), min(cd_dep_college_count)
|  group by: ca_state, cd_gender, cd_marital_status, cd_dep_count, cd_dep_employed_count, cd_dep_college_count
|  mem-estimate=34.00MB mem-reservation=34.00MB spill-buffer=2.00MB thread-reservation=0
|  tuple-ids=13 row-size=96B cardinality=174.93K cost=61085690
|  in pipelines: 00(GETNEXT)
|
18:HASH JOIN [LEFT SEMI JOIN, PARTITIONED]
|  hash-table-id=00
|  hash predicates: c.c_customer_sk = customsk
|  mem-estimate=0B mem-reservation=0B spill-buffer=2.00MB thread-reservation=0
|  tuple-ids=0,2,1 row-size=72B cardinality=29.63M cost=12970222
|  in pipelines: 00(GETNEXT), 32(OPEN)
|
|--F16:PLAN FRAGMENT [HASH(tpcds_partitioned_parquet_snap.store_sales.ss_customer_sk)] hosts=10 instances=20 (adjusted from 10)
|  |  Per-Instance Resources: mem-estimate=155.06MB mem-reservation=84.00MB thread-reservation=1 runtime-filters-memory=16.00MB
|  |  max-parallelism=20 segment-costs=[189515110, 65280731] cpu-comparison-result=119 [max(20 (self) vs 119 (sum children))]
|  JOIN BUILD
|  |  join-table-id=00 plan-id=01 cohort-id=01
|  |  build expressions: customsk
|  |  runtime filters: RF000[bloom] <- customsk, RF001[min_max] <- customsk
|  |  mem-estimate=89.25MB mem-reservation=34.00MB spill-buffer=2.00MB thread-reservation=0 cost=65280731
|  |
|  32:AGGREGATE [FINALIZE]
|  |  group by: customsk
|  |  mem-estimate=49.81MB mem-reservation=34.00MB spill-buffer=2.00MB thread-reservation=0
|  |  tuple-ids=26 row-size=4B cardinality=65.28M cost=181061256
|  |  in pipelines: 32(GETNEXT), 07(OPEN), 10(OPEN)
|  |
|  31:EXCHANGE [HASH(customsk)]
|  |  mem-estimate=10.93MB mem-reservation=0B thread-reservation=0
|  |  tuple-ids=26 row-size=4B cardinality=65.28M cost=8453854
|  |  in pipelines: 07(GETNEXT), 10(GETNEXT)
|  |
|  F12:PLAN FRAGMENT [RANDOM] hosts=10 instances=119 (adjusted from 120)
|  Per-Host Shared Resources: mem-estimate=2.00MB mem-reservation=2.00MB thread-reservation=0 runtime-filters-memory=2.00MB
|  Per-Instance Resources: mem-estimate=56.84MB mem-reservation=35.00MB thread-reservation=1
|  max-parallelism=119 segment-costs=[1431150834, 50448948] cpu-comparison-result=119 [max(119 (self) vs 22 (sum children))]
|  17:AGGREGATE [STREAMING]
|  |  group by: customsk
|  |  mem-estimate=40.21MB mem-reservation=34.00MB spill-buffer=2.00MB thread-reservation=0
|  |  tuple-ids=26 row-size=4B cardinality=65.28M cost=1183910039
|  |  in pipelines: 07(GETNEXT), 10(GETNEXT)
|  |
|  06:UNION
|  |  mem-estimate=0B mem-reservation=0B thread-reservation=0
|  |  tuple-ids=10 row-size=4B cardinality=418.15M cost=16048406
|  |  in pipelines: 07(GETNEXT), 10(GETNEXT)
|  |
|  |--12:HASH JOIN [INNER JOIN, BROADCAST]
|  |  |  hash-table-id=02
|  |  |  hash predicates: cs_sold_date_sk = d_date_sk
|  |  |  fk/pk conjuncts: cs_sold_date_sk = d_date_sk
|  |  |  mem-estimate=0B mem-reservation=0B spill-buffer=64.00KB thread-reservation=0
|  |  |  tuple-ids=8,9 row-size=20B cardinality=278.41M cost=121860174
|  |  |  in pipelines: 10(GETNEXT), 11(OPEN)
|  |  |
|  |  |--F18:PLAN FRAGMENT [RANDOM] hosts=10 instances=10
|  |  |  |  Per-Instance Resources: mem-estimate=24.27MB mem-reservation=24.25MB thread-reservation=1 runtime-filters-memory=1.00MB
|  |  |  |  max-parallelism=10 segment-costs=[268]
|  |  |  JOIN BUILD
|  |  |  |  join-table-id=02 plan-id=03 cohort-id=02
|  |  |  |  build expressions: d_date_sk
|  |  |  |  runtime filters: RF012[bloom] <- d_date_sk
|  |  |  |  mem-estimate=23.25MB mem-reservation=23.25MB spill-buffer=64.00KB thread-reservation=0 cost=118
|  |  |  |
|  |  |  30:EXCHANGE [BROADCAST]
|  |  |  |  mem-estimate=16.00KB mem-reservation=0B thread-reservation=0
|  |  |  |  tuple-ids=9 row-size=12B cardinality=118 cost=150
|  |  |  |  in pipelines: 11(GETNEXT)
|  |  |  |
|  |  |  F11:PLAN FRAGMENT [RANDOM] hosts=1 instances=1
|  |  |  Per-Instance Resources: mem-estimate=16.06MB mem-reservation=512.00KB thread-reservation=1
|  |  |  max-parallelism=1 segment-costs=[16734]
|  |  |  11:SCAN HDFS [tpcds_partitioned_parquet_snap.date_dim, RANDOM]
|  |  |     HDFS partitions=1/1 files=1 size=2.17MB
|  |  |     predicates: d_year = CAST(2002 AS INT), d_qoy < CAST(4 AS INT)
|  |  |     stored statistics:
|  |  |       table: rows=73.05K size=2.17MB
|  |  |       columns: all
|  |  |     extrapolated-rows=disabled max-scan-range-rows=73.05K
|  |  |     parquet statistics predicates: d_year = CAST(2002 AS INT), d_qoy < CAST(4 AS INT)
|  |  |     parquet dictionary predicates: d_year = CAST(2002 AS INT), d_qoy < CAST(4 AS INT)
|  |  |     mem-estimate=16.00MB mem-reservation=512.00KB thread-reservation=0
|  |  |     tuple-ids=9 row-size=12B cardinality=118 cost=16728
|  |  |     in pipelines: 11(GETNEXT)
|  |  |
|  |  10:SCAN HDFS [tpcds_partitioned_parquet_snap.catalog_sales, RANDOM]
|  |     HDFS partitions=1831/1831 files=1831 size=150.82MB
|  |     runtime filters: RF012[bloom] -> cs_sold_date_sk
|  |     stored statistics:
|  |       table: rows=4.32G size=280.96GB
|  |       partitions: 1831/1831 rows=4.32G
|  |       columns: all
|  |     extrapolated-rows=disabled max-scan-range-rows=21.52M est-scan-range=118(filtered from 1831)
|  |     mem-estimate=16.00MB mem-reservation=1.00MB thread-reservation=0
|  |     tuple-ids=8 row-size=8B cardinality=278.41M(filtered from 4.32G) cost=32072862
|  |     in pipelines: 10(GETNEXT)
|  |
|  09:HASH JOIN [INNER JOIN, BROADCAST]
|  |  hash-table-id=01
|  |  hash predicates: ws_sold_date_sk = d_date_sk
|  |  fk/pk conjuncts: ws_sold_date_sk = d_date_sk
|  |  mem-estimate=0B mem-reservation=0B spill-buffer=64.00KB thread-reservation=0
|  |  tuple-ids=6,7 row-size=20B cardinality=139.73M cost=61161908
|  |  in pipelines: 07(GETNEXT), 08(OPEN)
|  |
|  |--F17:PLAN FRAGMENT [RANDOM] hosts=10 instances=10
|  |  |  Per-Instance Resources: mem-estimate=24.27MB mem-reservation=24.25MB thread-reservation=1 runtime-filters-memory=1.00MB
|  |  |  max-parallelism=10 segment-costs=[268]
|  |  JOIN BUILD
|  |  |  join-table-id=01 plan-id=02 cohort-id=02
|  |  |  build expressions: d_date_sk
|  |  |  runtime filters: RF010[bloom] <- d_date_sk
|  |  |  mem-estimate=23.25MB mem-reservation=23.25MB spill-buffer=64.00KB thread-reservation=0 cost=118
|  |  |
|  |  29:EXCHANGE [BROADCAST]
|  |  |  mem-estimate=16.00KB mem-reservation=0B thread-reservation=0
|  |  |  tuple-ids=7 row-size=12B cardinality=118 cost=150
|  |  |  in pipelines: 08(GETNEXT)
|  |  |
|  |  F09:PLAN FRAGMENT [RANDOM] hosts=1 instances=1
|  |  Per-Instance Resources: mem-estimate=16.06MB mem-reservation=512.00KB thread-reservation=1
|  |  max-parallelism=1 segment-costs=[16734]
|  |  08:SCAN HDFS [tpcds_partitioned_parquet_snap.date_dim, RANDOM]
|  |     HDFS partitions=1/1 files=1 size=2.17MB
|  |     predicates: d_year = CAST(2002 AS INT), d_qoy < CAST(4 AS INT)
|  |     stored statistics:
|  |       table: rows=73.05K size=2.17MB
|  |       columns: all
|  |     extrapolated-rows=disabled max-scan-range-rows=73.05K
|  |     parquet statistics predicates: d_year = CAST(2002 AS INT), d_qoy < CAST(4 AS INT)
|  |     parquet dictionary predicates: d_year = CAST(2002 AS INT), d_qoy < CAST(4 AS INT)
|  |     mem-estimate=16.00MB mem-reservation=512.00KB thread-reservation=0
|  |     tuple-ids=7 row-size=12B cardinality=118 cost=16728
|  |     in pipelines: 08(GETNEXT)
|  |
|  07:SCAN HDFS [tpcds_partitioned_parquet_snap.web_sales, RANDOM]
|     HDFS partitions=1824/1824 files=1824 size=84.18MB
|     runtime filters: RF010[bloom] -> ws_sold_date_sk
|     stored statistics:
|       table: rows=2.16G size=145.75GB
|       partitions: 1824/1824 rows=2.16G
|       columns: all
|     extrapolated-rows=disabled max-scan-range-rows=3.37M est-scan-range=119(filtered from 1824)
|     mem-estimate=16.00MB mem-reservation=128.00KB thread-reservation=0
|     tuple-ids=6 row-size=8B cardinality=139.73M(filtered from 2.16G) cost=16097445
|     in pipelines: 07(GETNEXT)
|
16:HASH JOIN [LEFT SEMI JOIN, PARTITIONED]
|  hash-table-id=03
|  hash predicates: c.c_customer_sk = tpcds_partitioned_parquet_snap.store_sales.ss_customer_sk
|  mem-estimate=0B mem-reservation=0B spill-buffer=2.00MB thread-reservation=0
|  tuple-ids=0,2,1 row-size=72B cardinality=29.63M cost=12970222
|  in pipelines: 00(GETNEXT), 27(OPEN)
|
|--F19:PLAN FRAGMENT [HASH(tpcds_partitioned_parquet_snap.store_sales.ss_customer_sk)] hosts=10 instances=20 (adjusted from 10)
|  |  Per-Instance Resources: mem-estimate=94.63MB mem-reservation=84.00MB thread-reservation=1 runtime-filters-memory=16.00MB
|  |  max-parallelism=20 segment-costs=[94874656, 32680709] cpu-comparison-result=119 [max(20 (self) vs 119 (sum children))]
|  JOIN BUILD
|  |  join-table-id=03 plan-id=04 cohort-id=01
|  |  build expressions: tpcds_partitioned_parquet_snap.store_sales.ss_customer_sk
|  |  runtime filters: RF002[bloom] <- tpcds_partitioned_parquet_snap.store_sales.ss_customer_sk, RF003[min_max] <- tpcds_partitioned_parquet_snap.store_sales.ss_customer_sk
|  |  mem-estimate=44.63MB mem-reservation=34.00MB spill-buffer=2.00MB thread-reservation=0 cost=32680709
|  |
|  27:AGGREGATE [FINALIZE]
|  |  group by: tpcds_partitioned_parquet_snap.store_sales.ss_customer_sk
|  |  mem-estimate=34.00MB mem-reservation=34.00MB spill-buffer=2.00MB thread-reservation=0
|  |  tuple-ids=25 row-size=4B cardinality=32.68M cost=90642505
|  |  in pipelines: 27(GETNEXT), 03(OPEN)
|  |
|  26:EXCHANGE [HASH(tpcds_partitioned_parquet_snap.store_sales.ss_customer_sk)]
|  |  mem-estimate=10.93MB mem-reservation=0B thread-reservation=0
|  |  tuple-ids=25 row-size=4B cardinality=32.68M cost=4232151
|  |  in pipelines: 03(GETNEXT)
|  |
|  F05:PLAN FRAGMENT [RANDOM] hosts=10 instances=119 (adjusted from 120)
|  Per-Host Shared Resources: mem-estimate=17.00MB mem-reservation=17.00MB thread-reservation=0 runtime-filters-memory=17.00MB
|  Per-Instance Resources: mem-estimate=70.38MB mem-reservation=38.00MB thread-reservation=1
|  max-parallelism=119 segment-costs=[1830719800, 25255651] cpu-comparison-result=119 [max(119 (self) vs 11 (sum children))]
|  15:AGGREGATE [STREAMING]
|  |  group by: tpcds_partitioned_parquet_snap.store_sales.ss_customer_sk
|  |  mem-estimate=53.75MB mem-reservation=34.00MB spill-buffer=2.00MB thread-reservation=0
|  |  tuple-ids=25 row-size=4B cardinality=32.68M cost=1521680119
|  |  in pipelines: 03(GETNEXT)
|  |
|  05:HASH JOIN [INNER JOIN, BROADCAST]
|  |  hash-table-id=04
|  |  hash predicates: ss_sold_date_sk = d_date_sk
|  |  fk/pk conjuncts: ss_sold_date_sk = d_date_sk
|  |  mem-estimate=0B mem-reservation=0B spill-buffer=64.00KB thread-reservation=0
|  |  tuple-ids=3,4 row-size=20B cardinality=558.94M cost=244649428
|  |  in pipelines: 03(GETNEXT), 04(OPEN)
|  |
|  |--F20:PLAN FRAGMENT [RANDOM] hosts=10 instances=10
|  |  |  Per-Instance Resources: mem-estimate=24.27MB mem-reservation=24.25MB thread-reservation=1 runtime-filters-memory=1.00MB
|  |  |  max-parallelism=10 segment-costs=[268]
|  |  JOIN BUILD
|  |  |  join-table-id=04 plan-id=05 cohort-id=03
|  |  |  build expressions: d_date_sk
|  |  |  runtime filters: RF008[bloom] <- d_date_sk
|  |  |  mem-estimate=23.25MB mem-reservation=23.25MB spill-buffer=64.00KB thread-reservation=0 cost=118
|  |  |
|  |  25:EXCHANGE [BROADCAST]
|  |  |  mem-estimate=16.00KB mem-reservation=0B thread-reservation=0
|  |  |  tuple-ids=4 row-size=12B cardinality=118 cost=150
|  |  |  in pipelines: 04(GETNEXT)
|  |  |
|  |  F06:PLAN FRAGMENT [RANDOM] hosts=1 instances=1
|  |  Per-Instance Resources: mem-estimate=16.06MB mem-reservation=512.00KB thread-reservation=1
|  |  max-parallelism=1 segment-costs=[16734]
|  |  04:SCAN HDFS [tpcds_partitioned_parquet_snap.date_dim, RANDOM]
|  |     HDFS partitions=1/1 files=1 size=2.17MB
|  |     predicates: d_year = CAST(2002 AS INT), d_qoy < CAST(4 AS INT)
|  |     stored statistics:
|  |       table: rows=73.05K size=2.17MB
|  |       columns: all
|  |     extrapolated-rows=disabled max-scan-range-rows=73.05K
|  |     parquet statistics predicates: d_year = CAST(2002 AS INT), d_qoy < CAST(4 AS INT)
|  |     parquet dictionary predicates: d_year = CAST(2002 AS INT), d_qoy < CAST(4 AS INT)
|  |     mem-estimate=16.00MB mem-reservation=512.00KB thread-reservation=0
|  |     tuple-ids=4 row-size=12B cardinality=118 cost=16728
|  |     in pipelines: 04(GETNEXT)
|  |
|  03:SCAN HDFS [tpcds_partitioned_parquet_snap.store_sales, RANDOM]
|     HDFS partitions=1824/1824 files=1824 size=199.33MB
|     runtime filters: RF001[min_max] -> tpcds_partitioned_parquet_snap.store_sales.ss_customer_sk, RF008[bloom] -> ss_sold_date_sk, RF000[bloom] -> tpcds_partitioned_parquet_snap.store_sales.ss_customer_sk
|     stored statistics:
|       table: rows=8.64G size=389.90GB
|       partitions: 1824/1824 rows=8.64G
|       columns: all
|     extrapolated-rows=disabled max-scan-range-rows=390.22M est-scan-range=119(filtered from 1824)
|     mem-estimate=16.00MB mem-reservation=4.00MB thread-reservation=0
|     tuple-ids=3 row-size=8B cardinality=558.94M(filtered from 8.64G) cost=64390253
|     in pipelines: 03(GETNEXT)
|
28:EXCHANGE [HASH(c.c_customer_sk)]
|  mem-estimate=12.46MB mem-reservation=0B thread-reservation=0
|  tuple-ids=0,2,1 row-size=72B cardinality=29.63M cost=15287498
|  in pipelines: 00(GETNEXT)
|
F04:PLAN FRAGMENT [HASH(c.c_current_addr_sk)] hosts=10 instances=30 (adjusted from 10)
Per-Instance Resources: mem-estimate=17.77MB mem-reservation=0B thread-reservation=1
max-parallelism=30 segment-costs=[207914713]
14:HASH JOIN [INNER JOIN, PARTITIONED]
|  hash-table-id=05
|  hash predicates: c.c_current_addr_sk = ca.ca_address_sk
|  fk/pk conjuncts: c.c_current_addr_sk = ca.ca_address_sk
|  mem-estimate=0B mem-reservation=0B spill-buffer=2.00MB thread-reservation=0
|  tuple-ids=0,2,1 row-size=72B cardinality=29.63M cost=12970222
|  in pipelines: 00(GETNEXT), 01(OPEN)
|
|--F21:PLAN FRAGMENT [HASH(c.c_current_addr_sk)] hosts=10 instances=30 (adjusted from 10)
|  |  Per-Instance Resources: mem-estimate=60.21MB mem-reservation=50.00MB thread-reservation=1 runtime-filters-memory=16.00MB
|  |  max-parallelism=30 segment-costs=[17908500]
|  JOIN BUILD
|  |  join-table-id=05 plan-id=06 cohort-id=01
|  |  build expressions: ca.ca_address_sk
|  |  runtime filters: RF004[bloom] <- ca.ca_address_sk, RF005[min_max] <- ca.ca_address_sk
|  |  mem-estimate=34.00MB mem-reservation=34.00MB spill-buffer=2.00MB thread-reservation=0 cost=15000000
|  |
|  24:EXCHANGE [HASH(ca.ca_address_sk)]
|  |  mem-estimate=10.21MB mem-reservation=0B thread-reservation=0
|  |  tuple-ids=1 row-size=18B cardinality=15.00M cost=2908500
|  |  in pipelines: 01(GETNEXT)
|  |
|  F03:PLAN FRAGMENT [RANDOM] hosts=10 instances=10
|  Per-Instance Resources: mem-estimate=18.58MB mem-reservation=128.00KB thread-reservation=1
|  max-parallelism=10 segment-costs=[26412000]
|  01:SCAN HDFS [tpcds_partitioned_parquet_snap.customer_address ca, RANDOM]
|     HDFS partitions=1/1 files=1 size=1.16MB
|     stored statistics:
|       table: rows=15.00M size=307.36MB
|       columns: all
|     extrapolated-rows=disabled max-scan-range-rows=1.58M
|     mem-estimate=16.00MB mem-reservation=128.00KB thread-reservation=0
|     tuple-ids=1 row-size=18B cardinality=15.00M cost=1296000
|     in pipelines: 01(GETNEXT)
|
23:EXCHANGE [HASH(c.c_current_addr_sk)]
|  mem-estimate=11.21MB mem-reservation=0B thread-reservation=0
|  tuple-ids=0,2 row-size=54B cardinality=29.63M cost=11743429
|  in pipelines: 00(GETNEXT)
|
F02:PLAN FRAGMENT [HASH(c.c_current_cdemo_sk)] hosts=10 instances=20 (adjusted from 10)
Per-Instance Resources: mem-estimate=17.42MB mem-reservation=0B thread-reservation=1
max-parallelism=20 segment-costs=[151482243]
13:HASH JOIN [INNER JOIN, PARTITIONED]
|  hash-table-id=06
|  hash predicates: c.c_current_cdemo_sk = cd_demo_sk
|  fk/pk conjuncts: c.c_current_cdemo_sk = cd_demo_sk
|  mem-estimate=0B mem-reservation=0B spill-buffer=512.00KB thread-reservation=0
|  tuple-ids=0,2 row-size=54B cardinality=29.63M cost=12970222
|  in pipelines: 00(GETNEXT), 02(OPEN)
|
|--F22:PLAN FRAGMENT [HASH(c.c_current_cdemo_sk)] hosts=10 instances=20 (adjusted from 10)
|  |  Per-Instance Resources: mem-estimate=18.64MB mem-reservation=10.50MB thread-reservation=1 runtime-filters-memory=2.00MB
|  |  max-parallelism=20 segment-costs=[2505299]
|  JOIN BUILD
|  |  join-table-id=06 plan-id=07 cohort-id=01
|  |  build expressions: cd_demo_sk
|  |  runtime filters: RF006[bloom] <- cd_demo_sk, RF007[min_max] <- cd_demo_sk
|  |  mem-estimate=8.50MB mem-reservation=8.50MB spill-buffer=512.00KB thread-reservation=0 cost=1920800
|  |
|  22:EXCHANGE [HASH(cd_demo_sk)]
|  |  mem-estimate=8.14MB mem-reservation=0B thread-reservation=0
|  |  tuple-ids=2 row-size=42B cardinality=1.92M cost=584499
|  |  in pipelines: 02(GETNEXT)
|  |
|  F01:PLAN FRAGMENT [RANDOM] hosts=10 instances=10
|  Per-Instance Resources: mem-estimate=19.59MB mem-reservation=1.00MB thread-reservation=1
|  max-parallelism=10 segment-costs=[6682847]
|  02:SCAN HDFS [tpcds_partitioned_parquet_snap.customer_demographics, RANDOM]
|     HDFS partitions=1/1 files=1 size=7.49MB
|     stored statistics:
|       table: rows=1.92M size=11.15MB
|       columns: all
|     extrapolated-rows=disabled max-scan-range-rows=197.97K
|     mem-estimate=16.00MB mem-reservation=1.00MB thread-reservation=0
|     tuple-ids=2 row-size=42B cardinality=1.92M cost=497871
|     in pipelines: 02(GETNEXT)
|
21:EXCHANGE [HASH(c.c_current_cdemo_sk)]
|  mem-estimate=10.16MB mem-reservation=0B thread-reservation=0
|  tuple-ids=0 row-size=12B cardinality=29.63M(filtered from 30.00M) cost=4927914
|  in pipelines: 00(GETNEXT)
|
F00:PLAN FRAGMENT [RANDOM] hosts=10 instances=10
Per-Host Shared Resources: mem-estimate=50.00MB mem-reservation=50.00MB thread-reservation=0 runtime-filters-memory=50.00MB
Per-Instance Resources: mem-estimate=17.25MB mem-reservation=1.00MB thread-reservation=1
max-parallelism=10 segment-costs=[43350887]
00:SCAN HDFS [tpcds_partitioned_parquet_snap.customer c, RANDOM]
   HDFS partitions=1/1 files=1 size=5.49MB
   runtime filters: RF007[min_max] -> c.c_current_cdemo_sk, RF001[min_max] -> c.c_customer_sk, RF003[min_max] -> c.c_customer_sk, RF005[min_max] -> c.c_current_addr_sk, RF006[bloom] -> c.c_current_cdemo_sk, RF000[bloom] -> c.c_customer_sk, RF002[bloom] -> c.c_customer_sk, RF004[bloom] -> c.c_current_addr_sk
   stored statistics:
     table: rows=30.00M size=1.55GB
     columns: all
   extrapolated-rows=disabled max-scan-range-rows=3.10M
   mem-estimate=16.00MB mem-reservation=1.00MB thread-reservation=0
   tuple-ids=0 row-size=12B cardinality=29.63M(filtered from 30.00M) cost=5184000
   in pipelines: 00(GETNEXT)
---- PARALLELPLANS
Max Per-Host Resource Reservation: Memory=1.57GB Threads=51
Per-Host Resource Estimates: Memory=2.63GB
F15:PLAN FRAGMENT [UNPARTITIONED] hosts=1 instances=1
|  Per-Instance Resources: mem-estimate=4.10MB mem-reservation=4.00MB thread-reservation=1
|  max-parallelism=1 segment-costs=[1844] cpu-comparison-result=308 [max(1 (self) vs 308 (sum children))]
PLAN-ROOT SINK
|  output exprs: ca_state, cd_gender, cd_marital_status, cd_dep_count, count(*), stddev_samp(cd_dep_count), stddev_samp(cd_dep_count), min(cd_dep_count), cd_dep_employed_count, count(*), stddev_samp(cd_dep_employed_count), stddev_samp(cd_dep_employed_count), min(cd_dep_employed_count), cd_dep_college_count, count(*), stddev_samp(cd_dep_college_count), stddev_samp(cd_dep_college_count), min(cd_dep_college_count)
|  mem-estimate=4.00MB mem-reservation=4.00MB spill-buffer=2.00MB thread-reservation=0 cost=1800
|
35:MERGING-EXCHANGE [UNPARTITIONED]
|  order by: ca_state ASC, cd_gender ASC, cd_marital_status ASC, cd_dep_count ASC, cd_dep_employed_count ASC, cd_dep_college_count ASC
|  limit: 100
|  mem-estimate=98.59KB mem-reservation=0B thread-reservation=0
|  tuple-ids=15 row-size=96B cardinality=100 cost=44
|  in pipelines: 20(GETNEXT)
|
F14:PLAN FRAGMENT [HASH(ca_state,cd_gender,cd_marital_status,cd_dep_count,cd_dep_employed_count,cd_dep_college_count)] hosts=10 instances=10
Per-Instance Resources: mem-estimate=13.55MB mem-reservation=2.88MB thread-reservation=1
max-parallelism=10 segment-costs=[1202695, 1717703, 282] cpu-comparison-result=308 [max(10 (self) vs 308 (sum children))]
20:TOP-N [LIMIT=100]
|  order by: ca_state ASC, cd_gender ASC, cd_marital_status ASC, cd_dep_count ASC, cd_dep_employed_count ASC, cd_dep_college_count ASC
|  mem-estimate=9.38KB mem-reservation=0B thread-reservation=0
|  tuple-ids=15 row-size=96B cardinality=100 cost=1717703
|  in pipelines: 20(GETNEXT), 34(OPEN)
|
34:AGGREGATE [FINALIZE]
|  output: count:merge(*), stddev_samp:merge(cd_dep_count), min:merge(cd_dep_count), stddev_samp:merge(cd_dep_employed_count), min:merge(cd_dep_employed_count), stddev_samp:merge(cd_dep_college_count), min:merge(cd_dep_college_count)
|  group by: ca_state, cd_gender, cd_marital_status, cd_dep_count, cd_dep_employed_count, cd_dep_college_count
|  mem-estimate=10.00MB mem-reservation=2.88MB spill-buffer=128.00KB thread-reservation=0
|  tuple-ids=14 row-size=96B cardinality=174.93K cost=1106012
|  in pipelines: 34(GETNEXT), 00(OPEN)
|
33:EXCHANGE [HASH(ca_state,cd_gender,cd_marital_status,cd_dep_count,cd_dep_employed_count,cd_dep_college_count)]
|  mem-estimate=3.55MB mem-reservation=0B thread-reservation=0
|  tuple-ids=13 row-size=96B cardinality=174.93K cost=96683
|  in pipelines: 00(GETNEXT)
|
F07:PLAN FRAGMENT [HASH(tpcds_partitioned_parquet_snap.store_sales.ss_customer_sk)] hosts=10 instances=20 (adjusted from 10)
Per-Instance Resources: mem-estimate=50.37MB mem-reservation=34.00MB thread-reservation=1
max-parallelism=20 segment-costs=[102313632, 1171611] cpu-comparison-result=308 [max(80 (self) vs 308 (sum children))]
19:AGGREGATE [STREAMING]
|  output: count(*), stddev_samp(cd_dep_count), min(cd_dep_count), stddev_samp(cd_dep_employed_count), min(cd_dep_employed_count), stddev_samp(cd_dep_college_count), min(cd_dep_college_count)
|  group by: ca_state, cd_gender, cd_marital_status, cd_dep_count, cd_dep_employed_count, cd_dep_college_count
|  mem-estimate=34.00MB mem-reservation=34.00MB spill-buffer=2.00MB thread-reservation=0
|  tuple-ids=13 row-size=96B cardinality=174.93K cost=61085690
|  in pipelines: 00(GETNEXT)
|
18:HASH JOIN [LEFT SEMI JOIN, PARTITIONED]
|  hash-table-id=00
|  hash predicates: c.c_customer_sk = customsk
|  mem-estimate=0B mem-reservation=0B spill-buffer=2.00MB thread-reservation=0
|  tuple-ids=0,2,1 row-size=72B cardinality=29.63M cost=12970222
|  in pipelines: 00(GETNEXT), 32(OPEN)
|
|--F16:PLAN FRAGMENT [HASH(tpcds_partitioned_parquet_snap.store_sales.ss_customer_sk)] hosts=10 instances=20 (adjusted from 10)
|  |  Per-Instance Resources: mem-estimate=155.06MB mem-reservation=84.00MB thread-reservation=1 runtime-filters-memory=16.00MB
|  |  max-parallelism=20 segment-costs=[189515110, 65280731] cpu-comparison-result=119 [max(20 (self) vs 119 (sum children))]
|  JOIN BUILD
|  |  join-table-id=00 plan-id=01 cohort-id=01
|  |  build expressions: customsk
|  |  runtime filters: RF000[bloom] <- customsk, RF001[min_max] <- customsk
|  |  mem-estimate=89.25MB mem-reservation=34.00MB spill-buffer=2.00MB thread-reservation=0 cost=65280731
|  |
|  32:AGGREGATE [FINALIZE]
|  |  group by: customsk
|  |  mem-estimate=49.81MB mem-reservation=34.00MB spill-buffer=2.00MB thread-reservation=0
|  |  tuple-ids=26 row-size=4B cardinality=65.28M cost=181061256
|  |  in pipelines: 32(GETNEXT), 07(OPEN), 10(OPEN)
|  |
|  31:EXCHANGE [HASH(customsk)]
|  |  mem-estimate=10.93MB mem-reservation=0B thread-reservation=0
|  |  tuple-ids=26 row-size=4B cardinality=65.28M cost=8453854
|  |  in pipelines: 07(GETNEXT), 10(GETNEXT)
|  |
|  F12:PLAN FRAGMENT [RANDOM] hosts=10 instances=119 (adjusted from 120)
|  Per-Host Shared Resources: mem-estimate=2.00MB mem-reservation=2.00MB thread-reservation=0 runtime-filters-memory=2.00MB
|  Per-Instance Resources: mem-estimate=56.84MB mem-reservation=35.00MB thread-reservation=1
|  max-parallelism=119 segment-costs=[1431150834, 50448948] cpu-comparison-result=119 [max(119 (self) vs 22 (sum children))]
|  17:AGGREGATE [STREAMING]
|  |  group by: customsk
|  |  mem-estimate=40.21MB mem-reservation=34.00MB spill-buffer=2.00MB thread-reservation=0
|  |  tuple-ids=26 row-size=4B cardinality=65.28M cost=1183910039
|  |  in pipelines: 07(GETNEXT), 10(GETNEXT)
|  |
|  06:UNION
|  |  mem-estimate=0B mem-reservation=0B thread-reservation=0
|  |  tuple-ids=10 row-size=4B cardinality=418.15M cost=16048406
|  |  in pipelines: 07(GETNEXT), 10(GETNEXT)
|  |
|  |--12:HASH JOIN [INNER JOIN, BROADCAST]
|  |  |  hash-table-id=02
|  |  |  hash predicates: cs_sold_date_sk = d_date_sk
|  |  |  fk/pk conjuncts: cs_sold_date_sk = d_date_sk
|  |  |  mem-estimate=0B mem-reservation=0B spill-buffer=64.00KB thread-reservation=0
|  |  |  tuple-ids=8,9 row-size=20B cardinality=278.41M cost=121860174
|  |  |  in pipelines: 10(GETNEXT), 11(OPEN)
|  |  |
|  |  |--F18:PLAN FRAGMENT [RANDOM] hosts=10 instances=10
|  |  |  |  Per-Instance Resources: mem-estimate=24.27MB mem-reservation=24.25MB thread-reservation=1 runtime-filters-memory=1.00MB
|  |  |  |  max-parallelism=10 segment-costs=[268]
|  |  |  JOIN BUILD
|  |  |  |  join-table-id=02 plan-id=03 cohort-id=02
|  |  |  |  build expressions: d_date_sk
|  |  |  |  runtime filters: RF012[bloom] <- d_date_sk
|  |  |  |  mem-estimate=23.25MB mem-reservation=23.25MB spill-buffer=64.00KB thread-reservation=0 cost=118
|  |  |  |
|  |  |  30:EXCHANGE [BROADCAST]
|  |  |  |  mem-estimate=16.00KB mem-reservation=0B thread-reservation=0
|  |  |  |  tuple-ids=9 row-size=12B cardinality=118 cost=150
|  |  |  |  in pipelines: 11(GETNEXT)
|  |  |  |
|  |  |  F11:PLAN FRAGMENT [RANDOM] hosts=1 instances=1
|  |  |  Per-Instance Resources: mem-estimate=16.06MB mem-reservation=512.00KB thread-reservation=1
|  |  |  max-parallelism=1 segment-costs=[16734]
|  |  |  11:SCAN HDFS [tpcds_partitioned_parquet_snap.date_dim, RANDOM]
|  |  |     HDFS partitions=1/1 files=1 size=2.17MB
|  |  |     predicates: d_year = CAST(2002 AS INT), d_qoy < CAST(4 AS INT)
|  |  |     stored statistics:
|  |  |       table: rows=73.05K size=2.17MB
|  |  |       columns: all
|  |  |     extrapolated-rows=disabled max-scan-range-rows=73.05K
|  |  |     parquet statistics predicates: d_year = CAST(2002 AS INT), d_qoy < CAST(4 AS INT)
|  |  |     parquet dictionary predicates: d_year = CAST(2002 AS INT), d_qoy < CAST(4 AS INT)
|  |  |     mem-estimate=16.00MB mem-reservation=512.00KB thread-reservation=0
|  |  |     tuple-ids=9 row-size=12B cardinality=118 cost=16728
|  |  |     in pipelines: 11(GETNEXT)
|  |  |
|  |  10:SCAN HDFS [tpcds_partitioned_parquet_snap.catalog_sales, RANDOM]
|  |     HDFS partitions=1831/1831 files=1831 size=150.82MB
|  |     runtime filters: RF012[bloom] -> cs_sold_date_sk
|  |     stored statistics:
|  |       table: rows=4.32G size=280.96GB
|  |       partitions: 1831/1831 rows=4.32G
|  |       columns: all
|  |     extrapolated-rows=disabled max-scan-range-rows=21.52M est-scan-range=118(filtered from 1831)
|  |     mem-estimate=16.00MB mem-reservation=1.00MB thread-reservation=0
|  |     tuple-ids=8 row-size=8B cardinality=278.41M(filtered from 4.32G) cost=32072862
|  |     in pipelines: 10(GETNEXT)
|  |
|  09:HASH JOIN [INNER JOIN, BROADCAST]
|  |  hash-table-id=01
|  |  hash predicates: ws_sold_date_sk = d_date_sk
|  |  fk/pk conjuncts: ws_sold_date_sk = d_date_sk
|  |  mem-estimate=0B mem-reservation=0B spill-buffer=64.00KB thread-reservation=0
|  |  tuple-ids=6,7 row-size=20B cardinality=139.73M cost=61161908
|  |  in pipelines: 07(GETNEXT), 08(OPEN)
|  |
|  |--F17:PLAN FRAGMENT [RANDOM] hosts=10 instances=10
|  |  |  Per-Instance Resources: mem-estimate=24.27MB mem-reservation=24.25MB thread-reservation=1 runtime-filters-memory=1.00MB
|  |  |  max-parallelism=10 segment-costs=[268]
|  |  JOIN BUILD
|  |  |  join-table-id=01 plan-id=02 cohort-id=02
|  |  |  build expressions: d_date_sk
|  |  |  runtime filters: RF010[bloom] <- d_date_sk
|  |  |  mem-estimate=23.25MB mem-reservation=23.25MB spill-buffer=64.00KB thread-reservation=0 cost=118
|  |  |
|  |  29:EXCHANGE [BROADCAST]
|  |  |  mem-estimate=16.00KB mem-reservation=0B thread-reservation=0
|  |  |  tuple-ids=7 row-size=12B cardinality=118 cost=150
|  |  |  in pipelines: 08(GETNEXT)
|  |  |
|  |  F09:PLAN FRAGMENT [RANDOM] hosts=1 instances=1
|  |  Per-Instance Resources: mem-estimate=16.06MB mem-reservation=512.00KB thread-reservation=1
|  |  max-parallelism=1 segment-costs=[16734]
|  |  08:SCAN HDFS [tpcds_partitioned_parquet_snap.date_dim, RANDOM]
|  |     HDFS partitions=1/1 files=1 size=2.17MB
|  |     predicates: d_year = CAST(2002 AS INT), d_qoy < CAST(4 AS INT)
|  |     stored statistics:
|  |       table: rows=73.05K size=2.17MB
|  |       columns: all
|  |     extrapolated-rows=disabled max-scan-range-rows=73.05K
|  |     parquet statistics predicates: d_year = CAST(2002 AS INT), d_qoy < CAST(4 AS INT)
|  |     parquet dictionary predicates: d_year = CAST(2002 AS INT), d_qoy < CAST(4 AS INT)
|  |     mem-estimate=16.00MB mem-reservation=512.00KB thread-reservation=0
|  |     tuple-ids=7 row-size=12B cardinality=118 cost=16728
|  |     in pipelines: 08(GETNEXT)
|  |
|  07:SCAN HDFS [tpcds_partitioned_parquet_snap.web_sales, RANDOM]
|     HDFS partitions=1824/1824 files=1824 size=84.18MB
|     runtime filters: RF010[bloom] -> ws_sold_date_sk
|     stored statistics:
|       table: rows=2.16G size=145.75GB
|       partitions: 1824/1824 rows=2.16G
|       columns: all
|     extrapolated-rows=disabled max-scan-range-rows=3.37M est-scan-range=119(filtered from 1824)
|     mem-estimate=16.00MB mem-reservation=128.00KB thread-reservation=0
|     tuple-ids=6 row-size=8B cardinality=139.73M(filtered from 2.16G) cost=16097445
|     in pipelines: 07(GETNEXT)
|
16:HASH JOIN [LEFT SEMI JOIN, PARTITIONED]
|  hash-table-id=03
|  hash predicates: c.c_customer_sk = tpcds_partitioned_parquet_snap.store_sales.ss_customer_sk
|  mem-estimate=0B mem-reservation=0B spill-buffer=2.00MB thread-reservation=0
|  tuple-ids=0,2,1 row-size=72B cardinality=29.63M cost=12970222
|  in pipelines: 00(GETNEXT), 27(OPEN)
|
|--F19:PLAN FRAGMENT [HASH(tpcds_partitioned_parquet_snap.store_sales.ss_customer_sk)] hosts=10 instances=20 (adjusted from 10)
|  |  Per-Instance Resources: mem-estimate=94.63MB mem-reservation=84.00MB thread-reservation=1 runtime-filters-memory=16.00MB
|  |  max-parallelism=20 segment-costs=[94874656, 32680709] cpu-comparison-result=119 [max(20 (self) vs 119 (sum children))]
|  JOIN BUILD
|  |  join-table-id=03 plan-id=04 cohort-id=01
|  |  build expressions: tpcds_partitioned_parquet_snap.store_sales.ss_customer_sk
|  |  runtime filters: RF002[bloom] <- tpcds_partitioned_parquet_snap.store_sales.ss_customer_sk, RF003[min_max] <- tpcds_partitioned_parquet_snap.store_sales.ss_customer_sk
|  |  mem-estimate=44.63MB mem-reservation=34.00MB spill-buffer=2.00MB thread-reservation=0 cost=32680709
|  |
|  27:AGGREGATE [FINALIZE]
|  |  group by: tpcds_partitioned_parquet_snap.store_sales.ss_customer_sk
|  |  mem-estimate=34.00MB mem-reservation=34.00MB spill-buffer=2.00MB thread-reservation=0
|  |  tuple-ids=25 row-size=4B cardinality=32.68M cost=90642505
|  |  in pipelines: 27(GETNEXT), 03(OPEN)
|  |
|  26:EXCHANGE [HASH(tpcds_partitioned_parquet_snap.store_sales.ss_customer_sk)]
|  |  mem-estimate=10.93MB mem-reservation=0B thread-reservation=0
|  |  tuple-ids=25 row-size=4B cardinality=32.68M cost=4232151
|  |  in pipelines: 03(GETNEXT)
|  |
|  F05:PLAN FRAGMENT [RANDOM] hosts=10 instances=119 (adjusted from 120)
|  Per-Host Shared Resources: mem-estimate=17.00MB mem-reservation=17.00MB thread-reservation=0 runtime-filters-memory=17.00MB
|  Per-Instance Resources: mem-estimate=70.38MB mem-reservation=38.00MB thread-reservation=1
|  max-parallelism=119 segment-costs=[1830719800, 25255651] cpu-comparison-result=119 [max(119 (self) vs 11 (sum children))]
|  15:AGGREGATE [STREAMING]
|  |  group by: tpcds_partitioned_parquet_snap.store_sales.ss_customer_sk
|  |  mem-estimate=53.75MB mem-reservation=34.00MB spill-buffer=2.00MB thread-reservation=0
|  |  tuple-ids=25 row-size=4B cardinality=32.68M cost=1521680119
|  |  in pipelines: 03(GETNEXT)
|  |
|  05:HASH JOIN [INNER JOIN, BROADCAST]
|  |  hash-table-id=04
|  |  hash predicates: ss_sold_date_sk = d_date_sk
|  |  fk/pk conjuncts: ss_sold_date_sk = d_date_sk
|  |  mem-estimate=0B mem-reservation=0B spill-buffer=64.00KB thread-reservation=0
|  |  tuple-ids=3,4 row-size=20B cardinality=558.94M cost=244649428
|  |  in pipelines: 03(GETNEXT), 04(OPEN)
|  |
|  |--F20:PLAN FRAGMENT [RANDOM] hosts=10 instances=10
|  |  |  Per-Instance Resources: mem-estimate=24.27MB mem-reservation=24.25MB thread-reservation=1 runtime-filters-memory=1.00MB
|  |  |  max-parallelism=10 segment-costs=[268]
|  |  JOIN BUILD
|  |  |  join-table-id=04 plan-id=05 cohort-id=03
|  |  |  build expressions: d_date_sk
|  |  |  runtime filters: RF008[bloom] <- d_date_sk
|  |  |  mem-estimate=23.25MB mem-reservation=23.25MB spill-buffer=64.00KB thread-reservation=0 cost=118
|  |  |
|  |  25:EXCHANGE [BROADCAST]
|  |  |  mem-estimate=16.00KB mem-reservation=0B thread-reservation=0
|  |  |  tuple-ids=4 row-size=12B cardinality=118 cost=150
|  |  |  in pipelines: 04(GETNEXT)
|  |  |
|  |  F06:PLAN FRAGMENT [RANDOM] hosts=1 instances=1
|  |  Per-Instance Resources: mem-estimate=16.06MB mem-reservation=512.00KB thread-reservation=1
|  |  max-parallelism=1 segment-costs=[16734]
|  |  04:SCAN HDFS [tpcds_partitioned_parquet_snap.date_dim, RANDOM]
|  |     HDFS partitions=1/1 files=1 size=2.17MB
|  |     predicates: d_year = CAST(2002 AS INT), d_qoy < CAST(4 AS INT)
|  |     stored statistics:
|  |       table: rows=73.05K size=2.17MB
|  |       columns: all
|  |     extrapolated-rows=disabled max-scan-range-rows=73.05K
|  |     parquet statistics predicates: d_year = CAST(2002 AS INT), d_qoy < CAST(4 AS INT)
|  |     parquet dictionary predicates: d_year = CAST(2002 AS INT), d_qoy < CAST(4 AS INT)
|  |     mem-estimate=16.00MB mem-reservation=512.00KB thread-reservation=0
|  |     tuple-ids=4 row-size=12B cardinality=118 cost=16728
|  |     in pipelines: 04(GETNEXT)
|  |
|  03:SCAN HDFS [tpcds_partitioned_parquet_snap.store_sales, RANDOM]
|     HDFS partitions=1824/1824 files=1824 size=199.33MB
|     runtime filters: RF001[min_max] -> tpcds_partitioned_parquet_snap.store_sales.ss_customer_sk, RF008[bloom] -> ss_sold_date_sk, RF000[bloom] -> tpcds_partitioned_parquet_snap.store_sales.ss_customer_sk
|     stored statistics:
|       table: rows=8.64G size=389.90GB
|       partitions: 1824/1824 rows=8.64G
|       columns: all
|     extrapolated-rows=disabled max-scan-range-rows=390.22M est-scan-range=119(filtered from 1824)
|     mem-estimate=16.00MB mem-reservation=4.00MB thread-reservation=0
|     tuple-ids=3 row-size=8B cardinality=558.94M(filtered from 8.64G) cost=64390253
|     in pipelines: 03(GETNEXT)
|
28:EXCHANGE [HASH(c.c_customer_sk)]
|  mem-estimate=12.46MB mem-reservation=0B thread-reservation=0
|  tuple-ids=0,2,1 row-size=72B cardinality=29.63M cost=15287498
|  in pipelines: 00(GETNEXT)
|
F04:PLAN FRAGMENT [HASH(c.c_current_addr_sk)] hosts=10 instances=30 (adjusted from 10)
Per-Instance Resources: mem-estimate=17.77MB mem-reservation=0B thread-reservation=1
max-parallelism=30 segment-costs=[207914713]
14:HASH JOIN [INNER JOIN, PARTITIONED]
|  hash-table-id=05
|  hash predicates: c.c_current_addr_sk = ca.ca_address_sk
|  fk/pk conjuncts: c.c_current_addr_sk = ca.ca_address_sk
|  mem-estimate=0B mem-reservation=0B spill-buffer=2.00MB thread-reservation=0
|  tuple-ids=0,2,1 row-size=72B cardinality=29.63M cost=12970222
|  in pipelines: 00(GETNEXT), 01(OPEN)
|
|--F21:PLAN FRAGMENT [HASH(c.c_current_addr_sk)] hosts=10 instances=30 (adjusted from 10)
|  |  Per-Instance Resources: mem-estimate=60.21MB mem-reservation=50.00MB thread-reservation=1 runtime-filters-memory=16.00MB
|  |  max-parallelism=30 segment-costs=[17908500]
|  JOIN BUILD
|  |  join-table-id=05 plan-id=06 cohort-id=01
|  |  build expressions: ca.ca_address_sk
|  |  runtime filters: RF004[bloom] <- ca.ca_address_sk, RF005[min_max] <- ca.ca_address_sk
|  |  mem-estimate=34.00MB mem-reservation=34.00MB spill-buffer=2.00MB thread-reservation=0 cost=15000000
|  |
|  24:EXCHANGE [HASH(ca.ca_address_sk)]
|  |  mem-estimate=10.21MB mem-reservation=0B thread-reservation=0
|  |  tuple-ids=1 row-size=18B cardinality=15.00M cost=2908500
|  |  in pipelines: 01(GETNEXT)
|  |
|  F03:PLAN FRAGMENT [RANDOM] hosts=10 instances=10
|  Per-Instance Resources: mem-estimate=18.58MB mem-reservation=128.00KB thread-reservation=1
|  max-parallelism=10 segment-costs=[26412000]
|  01:SCAN HDFS [tpcds_partitioned_parquet_snap.customer_address ca, RANDOM]
|     HDFS partitions=1/1 files=1 size=1.16MB
|     stored statistics:
|       table: rows=15.00M size=307.36MB
|       columns: all
|     extrapolated-rows=disabled max-scan-range-rows=1.58M
|     mem-estimate=16.00MB mem-reservation=128.00KB thread-reservation=0
|     tuple-ids=1 row-size=18B cardinality=15.00M cost=1296000
|     in pipelines: 01(GETNEXT)
|
23:EXCHANGE [HASH(c.c_current_addr_sk)]
|  mem-estimate=11.21MB mem-reservation=0B thread-reservation=0
|  tuple-ids=0,2 row-size=54B cardinality=29.63M cost=11743429
|  in pipelines: 00(GETNEXT)
|
F02:PLAN FRAGMENT [HASH(c.c_current_cdemo_sk)] hosts=10 instances=20 (adjusted from 10)
Per-Instance Resources: mem-estimate=17.42MB mem-reservation=0B thread-reservation=1
max-parallelism=20 segment-costs=[151482243]
13:HASH JOIN [INNER JOIN, PARTITIONED]
|  hash-table-id=06
|  hash predicates: c.c_current_cdemo_sk = cd_demo_sk
|  fk/pk conjuncts: c.c_current_cdemo_sk = cd_demo_sk
|  mem-estimate=0B mem-reservation=0B spill-buffer=512.00KB thread-reservation=0
|  tuple-ids=0,2 row-size=54B cardinality=29.63M cost=12970222
|  in pipelines: 00(GETNEXT), 02(OPEN)
|
|--F22:PLAN FRAGMENT [HASH(c.c_current_cdemo_sk)] hosts=10 instances=20 (adjusted from 10)
|  |  Per-Instance Resources: mem-estimate=18.64MB mem-reservation=10.50MB thread-reservation=1 runtime-filters-memory=2.00MB
|  |  max-parallelism=20 segment-costs=[2505299]
|  JOIN BUILD
|  |  join-table-id=06 plan-id=07 cohort-id=01
|  |  build expressions: cd_demo_sk
|  |  runtime filters: RF006[bloom] <- cd_demo_sk, RF007[min_max] <- cd_demo_sk
|  |  mem-estimate=8.50MB mem-reservation=8.50MB spill-buffer=512.00KB thread-reservation=0 cost=1920800
|  |
|  22:EXCHANGE [HASH(cd_demo_sk)]
|  |  mem-estimate=8.14MB mem-reservation=0B thread-reservation=0
|  |  tuple-ids=2 row-size=42B cardinality=1.92M cost=584499
|  |  in pipelines: 02(GETNEXT)
|  |
|  F01:PLAN FRAGMENT [RANDOM] hosts=10 instances=10
|  Per-Instance Resources: mem-estimate=19.59MB mem-reservation=1.00MB thread-reservation=1
|  max-parallelism=10 segment-costs=[6682847]
|  02:SCAN HDFS [tpcds_partitioned_parquet_snap.customer_demographics, RANDOM]
|     HDFS partitions=1/1 files=1 size=7.49MB
|     stored statistics:
|       table: rows=1.92M size=11.15MB
|       columns: all
|     extrapolated-rows=disabled max-scan-range-rows=197.97K
|     mem-estimate=16.00MB mem-reservation=1.00MB thread-reservation=0
|     tuple-ids=2 row-size=42B cardinality=1.92M cost=497871
|     in pipelines: 02(GETNEXT)
|
21:EXCHANGE [HASH(c.c_current_cdemo_sk)]
|  mem-estimate=10.16MB mem-reservation=0B thread-reservation=0
|  tuple-ids=0 row-size=12B cardinality=29.63M(filtered from 30.00M) cost=4927914
|  in pipelines: 00(GETNEXT)
|
F00:PLAN FRAGMENT [RANDOM] hosts=10 instances=10
Per-Host Shared Resources: mem-estimate=50.00MB mem-reservation=50.00MB thread-reservation=0 runtime-filters-memory=50.00MB
Per-Instance Resources: mem-estimate=17.25MB mem-reservation=1.00MB thread-reservation=1
max-parallelism=10 segment-costs=[43350887]
00:SCAN HDFS [tpcds_partitioned_parquet_snap.customer c, RANDOM]
   HDFS partitions=1/1 files=1 size=5.49MB
   runtime filters: RF007[min_max] -> c.c_current_cdemo_sk, RF001[min_max] -> c.c_customer_sk, RF003[min_max] -> c.c_customer_sk, RF005[min_max] -> c.c_current_addr_sk, RF006[bloom] -> c.c_current_cdemo_sk, RF000[bloom] -> c.c_customer_sk, RF002[bloom] -> c.c_customer_sk, RF004[bloom] -> c.c_current_addr_sk
   stored statistics:
     table: rows=30.00M size=1.55GB
     columns: all
   extrapolated-rows=disabled max-scan-range-rows=3.10M
   mem-estimate=16.00MB mem-reservation=1.00MB thread-reservation=0
   tuple-ids=0 row-size=12B cardinality=29.63M(filtered from 30.00M) cost=5184000
   in pipelines: 00(GETNEXT)
====
