# TPCDS-Q79
# start query 79 in stream 0 using template query79.tpl using seed 1200695760
select
  c_last_name,c_first_name,substr(s_city,1,30),ss_ticket_number,amt,profit
  from
   (select ss_ticket_number
          ,ss_customer_sk
          ,store.s_city
          ,sum(ss_coupon_amt) amt
          ,sum(ss_net_profit) profit
    from store_sales,date_dim,store,household_demographics
    where store_sales.ss_sold_date_sk = date_dim.d_date_sk
    and store_sales.ss_store_sk = store.s_store_sk
    and store_sales.ss_hdemo_sk = household_demographics.hd_demo_sk
    and (household_demographics.hd_dep_count = 0 or household_demographics.hd_vehicle_count > 0)
    and date_dim.d_dow = 1
    and date_dim.d_year in (2000,2000+1,2000+2)
    and store.s_number_employees between 200 and 295
    group by ss_ticket_number,ss_customer_sk,ss_addr_sk,store.s_city) ms,customer
    where ss_customer_sk = c_customer_sk
 order by c_last_name,c_first_name,substr(s_city,1,30), profit
limit 100;

# end query 79 in stream 0 using template query79.tpl
---- PLAN
Max Per-Host Resource Reservation: Memory=101.81MB Threads=1
Per-Host Resource Estimates: Memory=4.91GB
F00:PLAN FRAGMENT [UNPARTITIONED] hosts=1 instances=1
|  Per-Instance Resources: mem-estimate=4.91GB mem-reservation=101.81MB thread-reservation=1 runtime-filters-memory=19.00MB
|  max-parallelism=1 segment-costs=[1609557221, 567063606, 600]
PLAN-ROOT SINK
|  output exprs: c_last_name, c_first_name, substr(s_city, 1, 30), ss_ticket_number, amt, profit
|  mem-estimate=4.00MB mem-reservation=4.00MB spill-buffer=2.00MB thread-reservation=0 cost=600
|
10:TOP-N [LIMIT=100]
|  order by: c_last_name ASC, c_first_name ASC, substr(s_city, 1, 30) ASC, profit ASC
|  materialized: substr(s_city, 1, 30)
|  mem-estimate=8.59KB mem-reservation=0B thread-reservation=0
|  tuple-ids=7 row-size=88B cardinality=100 cost=513460851
|  in pipelines: 10(GETNEXT), 07(OPEN)
|
09:HASH JOIN [INNER JOIN]
|  hash predicates: ss_customer_sk = c_customer_sk
|  fk/pk conjuncts: ss_customer_sk = c_customer_sk
|  runtime filters: RF000[bloom] <- c_customer_sk, RF001[min_max] <- c_customer_sk
|  mem-estimate=1.87GB mem-reservation=34.00MB spill-buffer=2.00MB thread-reservation=0
|  tuple-ids=4,6 row-size=109B cardinality=36.27M cost=46704822
|  in pipelines: 07(GETNEXT), 08(OPEN)
|
|--08:SCAN HDFS [tpcds_partitioned_parquet_snap.customer]
|     HDFS partitions=1/1 files=1 size=5.49MB
|     stored statistics:
|       table: rows=30.00M size=1.55GB
|       columns: all
|     extrapolated-rows=disabled max-scan-range-rows=3.10M
|     mem-estimate=16.00MB mem-reservation=1.00MB thread-reservation=0
|     tuple-ids=6 row-size=40B cardinality=30.00M cost=6897933
|     in pipelines: 08(GETNEXT)
|
07:AGGREGATE [FINALIZE]
|  output: sum(ss_coupon_amt), sum(ss_net_profit)
|  group by: ss_ticket_number, ss_customer_sk, ss_addr_sk, store.s_city
|  mem-estimate=2.98GB mem-reservation=34.00MB spill-buffer=2.00MB thread-reservation=0
|  tuple-ids=4 row-size=69B cardinality=39.51M cost=235956886
|  in pipelines: 07(GETNEXT), 00(OPEN)
|
06:HASH JOIN [INNER JOIN]
|  hash predicates: store_sales.ss_sold_date_sk = date_dim.d_date_sk
|  fk/pk conjuncts: store_sales.ss_sold_date_sk = date_dim.d_date_sk
|  runtime filters: RF002[bloom] <- date_dim.d_date_sk
|  mem-estimate=1.94MB mem-reservation=1.94MB spill-buffer=64.00KB thread-reservation=0
|  tuple-ids=0,3,2,1 row-size=89B cardinality=39.51M cost=50854949
|  in pipelines: 00(GETNEXT), 01(OPEN)
|
|--01:SCAN HDFS [tpcds_partitioned_parquet_snap.date_dim]
|     HDFS partitions=1/1 files=1 size=2.17MB
|     predicates: date_dim.d_dow = CAST(1 AS INT), date_dim.d_year IN (CAST(2000 AS INT), CAST(2001 AS INT), CAST(2002 AS INT))
|     stored statistics:
|       table: rows=73.05K size=2.17MB
|       columns: all
|     extrapolated-rows=disabled max-scan-range-rows=73.05K
|     parquet statistics predicates: date_dim.d_dow = CAST(1 AS INT), date_dim.d_year IN (CAST(2000 AS INT), CAST(2001 AS INT), CAST(2002 AS INT))
|     parquet dictionary predicates: date_dim.d_dow = CAST(1 AS INT), date_dim.d_year IN (CAST(2000 AS INT), CAST(2001 AS INT), CAST(2002 AS INT))
|     mem-estimate=16.00MB mem-reservation=512.00KB thread-reservation=0
|     tuple-ids=1 row-size=12B cardinality=423 cost=16728
|     in pipelines: 01(GETNEXT)
|
05:HASH JOIN [INNER JOIN]
|  hash predicates: store_sales.ss_store_sk = store.s_store_sk
|  fk/pk conjuncts: store_sales.ss_store_sk = store.s_store_sk
|  runtime filters: RF004[bloom] <- store.s_store_sk, RF005[min_max] <- store.s_store_sk
|  mem-estimate=1.94MB mem-reservation=1.94MB spill-buffer=64.00KB thread-reservation=0
|  tuple-ids=0,3,2 row-size=77B cardinality=170.35M cost=81036166
|  in pipelines: 00(GETNEXT), 02(OPEN)
|
|--02:SCAN HDFS [tpcds_partitioned_parquet_snap.store]
|     HDFS partitions=1/1 files=1 size=9.81KB
|     predicates: store.s_number_employees <= CAST(295 AS INT), store.s_number_employees >= CAST(200 AS INT)
|     stored statistics:
|       table: rows=1.35K size=119.76KB
|       columns: all
|     extrapolated-rows=disabled max-scan-range-rows=1.35K
|     parquet statistics predicates: store.s_number_employees <= CAST(295 AS INT), store.s_number_employees >= CAST(200 AS INT)
|     parquet dictionary predicates: store.s_number_employees <= CAST(295 AS INT), store.s_number_employees >= CAST(200 AS INT)
|     mem-estimate=16.00MB mem-reservation=24.00KB thread-reservation=0
|     tuple-ids=2 row-size=29B cardinality=135 cost=408
|     in pipelines: 02(GETNEXT)
|
04:HASH JOIN [INNER JOIN]
|  hash predicates: store_sales.ss_hdemo_sk = household_demographics.hd_demo_sk
|  fk/pk conjuncts: store_sales.ss_hdemo_sk = household_demographics.hd_demo_sk
|  runtime filters: RF006[bloom] <- household_demographics.hd_demo_sk, RF007[min_max] <- household_demographics.hd_demo_sk
|  mem-estimate=1.94MB mem-reservation=1.94MB spill-buffer=64.00KB thread-reservation=0
|  tuple-ids=0,3 row-size=48B cardinality=195.59M(filtered from 843.38M) cost=202988535
|  in pipelines: 00(GETNEXT), 03(OPEN)
|
|--03:SCAN HDFS [tpcds_partitioned_parquet_snap.household_demographics]
|     HDFS partitions=1/1 files=1 size=41.69KB
|     predicates: (household_demographics.hd_dep_count = CAST(0 AS INT) OR household_demographics.hd_vehicle_count > CAST(0 AS INT))
|     stored statistics:
|       table: rows=7.20K size=41.69KB
|       columns: all
|     extrapolated-rows=disabled max-scan-range-rows=7.20K
|     mem-estimate=16.00MB mem-reservation=64.00KB thread-reservation=0
|     tuple-ids=3 row-size=12B cardinality=720 cost=1446
|     in pipelines: 03(GETNEXT)
|
00:SCAN HDFS [tpcds_partitioned_parquet_snap.store_sales]
   HDFS partitions=1824/1824 files=1824 size=199.33MB
   runtime filters: RF001[min_max] -> tpcds_partitioned_parquet_snap.store_sales.ss_customer_sk, RF005[min_max] -> store_sales.ss_store_sk, RF007[min_max] -> store_sales.ss_hdemo_sk, RF000[bloom] -> tpcds_partitioned_parquet_snap.store_sales.ss_customer_sk, RF002[bloom] -> store_sales.ss_sold_date_sk, RF004[bloom] -> store_sales.ss_store_sk, RF006[bloom] -> store_sales.ss_hdemo_sk
   stored statistics:
     table: rows=8.64G size=389.90GB
     partitions: 1824/1824 rows=8.64G
     columns: all
   extrapolated-rows=disabled max-scan-range-rows=390.22M est-scan-range=424(filtered from 1824)
   mem-estimate=16.00MB mem-reservation=8.00MB thread-reservation=0
   tuple-ids=0 row-size=36B cardinality=195.59M(filtered from 8.64G) cost=1038702103
   in pipelines: 00(GETNEXT)
---- DISTRIBUTEDPLAN
Max Per-Host Resource Reservation: Memory=1003.34MB Threads=35
Per-Host Resource Estimates: Memory=1.63GB
F07:PLAN FRAGMENT [UNPARTITIONED] hosts=1 instances=1
|  Per-Instance Resources: mem-estimate=4.53MB mem-reservation=4.00MB thread-reservation=1
|  max-parallelism=1 segment-costs=[642] cpu-comparison-result=190 [max(1 (self) vs 190 (sum children))]
PLAN-ROOT SINK
|  output exprs: c_last_name, c_first_name, substr(s_city, 1, 30), ss_ticket_number, amt, profit
|  mem-estimate=4.00MB mem-reservation=4.00MB spill-buffer=2.00MB thread-reservation=0 cost=600
|
18:MERGING-EXCHANGE [UNPARTITIONED]
|  order by: c_last_name ASC, c_first_name ASC, substr(s_city, 1, 30) ASC, profit ASC
|  limit: 100
|  mem-estimate=539.75KB mem-reservation=0B thread-reservation=0
|  tuple-ids=7 row-size=88B cardinality=100 cost=42
|  in pipelines: 10(GETNEXT)
|
F06:PLAN FRAGMENT [HASH(ss_customer_sk)] hosts=10 instances=60 (adjusted from 120)
Per-Instance Resources: mem-estimate=12.15MB mem-reservation=0B thread-reservation=1
max-parallelism=60 segment-costs=[547111865, 261] cpu-comparison-result=190 [max(60 (self) vs 190 (sum children))]
10:TOP-N [LIMIT=100]
|  order by: c_last_name ASC, c_first_name ASC, substr(s_city, 1, 30) ASC, profit ASC
|  materialized: substr(s_city, 1, 30)
|  mem-estimate=8.59KB mem-reservation=0B thread-reservation=0
|  tuple-ids=7 row-size=88B cardinality=100 cost=513460851
|  in pipelines: 10(GETNEXT), 15(OPEN)
|
09:HASH JOIN [INNER JOIN, PARTITIONED]
|  hash-table-id=00
|  hash predicates: ss_customer_sk = c_customer_sk
|  fk/pk conjuncts: ss_customer_sk = c_customer_sk
|  mem-estimate=0B mem-reservation=0B spill-buffer=2.00MB thread-reservation=0
|  tuple-ids=4,6 row-size=109B cardinality=36.27M cost=16704822
|  in pipelines: 15(GETNEXT), 08(OPEN)
|
|--F08:PLAN FRAGMENT [HASH(ss_customer_sk)] hosts=10 instances=60 (adjusted from 120)
|  |  Per-Instance Resources: mem-estimate=60.43MB mem-reservation=50.00MB thread-reservation=1 runtime-filters-memory=16.00MB
|  |  max-parallelism=60 segment-costs=[38848506]
|  JOIN BUILD
|  |  join-table-id=00 plan-id=01 cohort-id=01
|  |  build expressions: c_customer_sk
|  |  runtime filters: RF000[bloom] <- c_customer_sk, RF001[min_max] <- c_customer_sk
|  |  mem-estimate=34.00MB mem-reservation=34.00MB spill-buffer=2.00MB thread-reservation=0 cost=30000000
|  |
|  17:EXCHANGE [HASH(c_customer_sk)]
|  |  mem-estimate=10.43MB mem-reservation=0B thread-reservation=0
|  |  tuple-ids=6 row-size=40B cardinality=30.00M cost=8848506
|  |  in pipelines: 08(GETNEXT)
|  |
|  F05:PLAN FRAGMENT [RANDOM] hosts=10 instances=10
|  Per-Instance Resources: mem-estimate=26.30MB mem-reservation=1.00MB thread-reservation=1
|  max-parallelism=10 segment-costs=[99571022]
|  08:SCAN HDFS [tpcds_partitioned_parquet_snap.customer, RANDOM]
|     HDFS partitions=1/1 files=1 size=5.49MB
|     stored statistics:
|       table: rows=30.00M size=1.55GB
|       columns: all
|     extrapolated-rows=disabled max-scan-range-rows=3.10M
|     mem-estimate=16.00MB mem-reservation=1.00MB thread-reservation=0
|     tuple-ids=6 row-size=40B cardinality=30.00M cost=6897933
|     in pipelines: 08(GETNEXT)
|
16:EXCHANGE [HASH(ss_customer_sk)]
|  mem-estimate=12.14MB mem-reservation=0B thread-reservation=0
|  tuple-ids=4 row-size=69B cardinality=39.51M cost=16946192
|  in pipelines: 15(GETNEXT)
|
F04:PLAN FRAGMENT [HASH(ss_ticket_number,ss_customer_sk,ss_addr_sk,store.s_city)] hosts=10 instances=30 (adjusted from 120)
Per-Instance Resources: mem-estimate=120.41MB mem-reservation=34.00MB thread-reservation=1
max-parallelism=30 segment-costs=[252903078, 196151963] cpu-comparison-result=120 [max(30 (self) vs 120 (sum children))]
15:AGGREGATE [FINALIZE]
|  output: sum:merge(ss_coupon_amt), sum:merge(ss_net_profit)
|  group by: ss_ticket_number, ss_customer_sk, ss_addr_sk, store.s_city
|  mem-estimate=101.85MB mem-reservation=34.00MB spill-buffer=2.00MB thread-reservation=0
|  tuple-ids=4 row-size=69B cardinality=39.51M cost=235956886
|  in pipelines: 15(GETNEXT), 00(OPEN)
|
14:EXCHANGE [HASH(ss_ticket_number,ss_customer_sk,ss_addr_sk,store.s_city)]
|  mem-estimate=18.57MB mem-reservation=0B thread-reservation=0
|  tuple-ids=4 row-size=69B cardinality=39.51M cost=16946192
|  in pipelines: 00(GETNEXT)
|
F00:PLAN FRAGMENT [RANDOM] hosts=10 instances=120
Per-Host Shared Resources: mem-estimate=19.00MB mem-reservation=19.00MB thread-reservation=0 runtime-filters-memory=19.00MB
Per-Instance Resources: mem-estimate=58.57MB mem-reservation=42.00MB thread-reservation=1
max-parallelism=170 segment-costs=[1609537361, 196151963] cpu-comparison-result=120 [max(120 (self) vs 33 (sum children))]
07:AGGREGATE [STREAMING]
|  output: sum(ss_coupon_amt), sum(ss_net_profit)
|  group by: ss_ticket_number, ss_customer_sk, ss_addr_sk, store.s_city
|  mem-estimate=34.00MB mem-reservation=34.00MB spill-buffer=2.00MB thread-reservation=0
|  tuple-ids=4 row-size=69B cardinality=39.51M cost=235956886
|  in pipelines: 00(GETNEXT)
|
06:HASH JOIN [INNER JOIN, BROADCAST]
|  hash-table-id=01
|  hash predicates: store_sales.ss_sold_date_sk = date_dim.d_date_sk
|  fk/pk conjuncts: store_sales.ss_sold_date_sk = date_dim.d_date_sk
|  mem-estimate=0B mem-reservation=0B spill-buffer=64.00KB thread-reservation=0
|  tuple-ids=0,3,2,1 row-size=89B cardinality=39.51M cost=50854526
|  in pipelines: 00(GETNEXT), 01(OPEN)
|
|--F09:PLAN FRAGMENT [RANDOM] hosts=10 instances=10
|  |  Per-Instance Resources: mem-estimate=24.27MB mem-reservation=24.25MB thread-reservation=1 runtime-filters-memory=1.00MB
|  |  max-parallelism=10 segment-costs=[983]
|  JOIN BUILD
|  |  join-table-id=01 plan-id=02 cohort-id=01
|  |  build expressions: date_dim.d_date_sk
|  |  runtime filters: RF002[bloom] <- date_dim.d_date_sk
|  |  mem-estimate=23.25MB mem-reservation=23.25MB spill-buffer=64.00KB thread-reservation=0 cost=423
|  |
|  13:EXCHANGE [BROADCAST]
|  |  mem-estimate=16.00KB mem-reservation=0B thread-reservation=0
|  |  tuple-ids=1 row-size=12B cardinality=423 cost=560
|  |  in pipelines: 01(GETNEXT)
|  |
|  F03:PLAN FRAGMENT [RANDOM] hosts=1 instances=1
|  Per-Instance Resources: mem-estimate=16.06MB mem-reservation=512.00KB thread-reservation=1
|  max-parallelism=1 segment-costs=[16750]
|  01:SCAN HDFS [tpcds_partitioned_parquet_snap.date_dim, RANDOM]
|     HDFS partitions=1/1 files=1 size=2.17MB
|     predicates: date_dim.d_dow = CAST(1 AS INT), date_dim.d_year IN (CAST(2000 AS INT), CAST(2001 AS INT), CAST(2002 AS INT))
|     stored statistics:
|       table: rows=73.05K size=2.17MB
|       columns: all
|     extrapolated-rows=disabled max-scan-range-rows=73.05K
|     parquet statistics predicates: date_dim.d_dow = CAST(1 AS INT), date_dim.d_year IN (CAST(2000 AS INT), CAST(2001 AS INT), CAST(2002 AS INT))
|     parquet dictionary predicates: date_dim.d_dow = CAST(1 AS INT), date_dim.d_year IN (CAST(2000 AS INT), CAST(2001 AS INT), CAST(2002 AS INT))
|     mem-estimate=16.00MB mem-reservation=512.00KB thread-reservation=0
|     tuple-ids=1 row-size=12B cardinality=423 cost=16728
|     in pipelines: 01(GETNEXT)
|
05:HASH JOIN [INNER JOIN, BROADCAST]
|  hash-table-id=02
|  hash predicates: store_sales.ss_store_sk = store.s_store_sk
|  fk/pk conjuncts: store_sales.ss_store_sk = store.s_store_sk
|  mem-estimate=0B mem-reservation=0B spill-buffer=64.00KB thread-reservation=0
|  tuple-ids=0,3,2 row-size=77B cardinality=170.35M cost=81036031
|  in pipelines: 00(GETNEXT), 02(OPEN)
|
|--F10:PLAN FRAGMENT [RANDOM] hosts=10 instances=10
|  |  Per-Instance Resources: mem-estimate=24.27MB mem-reservation=24.25MB thread-reservation=1 runtime-filters-memory=1.00MB
|  |  max-parallelism=10 segment-costs=[305]
|  JOIN BUILD
|  |  join-table-id=02 plan-id=03 cohort-id=01
|  |  build expressions: store.s_store_sk
|  |  runtime filters: RF004[bloom] <- store.s_store_sk, RF005[min_max] <- store.s_store_sk
|  |  mem-estimate=23.25MB mem-reservation=23.25MB spill-buffer=64.00KB thread-reservation=0 cost=135
|  |
|  12:EXCHANGE [BROADCAST]
|  |  mem-estimate=16.00KB mem-reservation=0B thread-reservation=0
|  |  tuple-ids=2 row-size=29B cardinality=135 cost=170
|  |  in pipelines: 02(GETNEXT)
|  |
|  F02:PLAN FRAGMENT [RANDOM] hosts=1 instances=1
|  Per-Instance Resources: mem-estimate=16.13MB mem-reservation=24.00KB thread-reservation=1
|  max-parallelism=1 segment-costs=[421]
|  02:SCAN HDFS [tpcds_partitioned_parquet_snap.store, RANDOM]
|     HDFS partitions=1/1 files=1 size=9.81KB
|     predicates: store.s_number_employees <= CAST(295 AS INT), store.s_number_employees >= CAST(200 AS INT)
|     stored statistics:
|       table: rows=1.35K size=119.76KB
|       columns: all
|     extrapolated-rows=disabled max-scan-range-rows=1.35K
|     parquet statistics predicates: store.s_number_employees <= CAST(295 AS INT), store.s_number_employees >= CAST(200 AS INT)
|     parquet dictionary predicates: store.s_number_employees <= CAST(295 AS INT), store.s_number_employees >= CAST(200 AS INT)
|     mem-estimate=16.00MB mem-reservation=24.00KB thread-reservation=0
|     tuple-ids=2 row-size=29B cardinality=135 cost=408
|     in pipelines: 02(GETNEXT)
|
04:HASH JOIN [INNER JOIN, BROADCAST]
|  hash-table-id=03
|  hash predicates: store_sales.ss_hdemo_sk = household_demographics.hd_demo_sk
|  fk/pk conjuncts: store_sales.ss_hdemo_sk = household_demographics.hd_demo_sk
|  mem-estimate=0B mem-reservation=0B spill-buffer=64.00KB thread-reservation=0
|  tuple-ids=0,3 row-size=48B cardinality=195.59M(filtered from 843.38M) cost=202987815
|  in pipelines: 00(GETNEXT), 03(OPEN)
|
|--F11:PLAN FRAGMENT [RANDOM] hosts=10 instances=10
|  |  Per-Instance Resources: mem-estimate=24.27MB mem-reservation=24.25MB thread-reservation=1 runtime-filters-memory=1.00MB
|  |  max-parallelism=10 segment-costs=[1670]
|  JOIN BUILD
|  |  join-table-id=03 plan-id=04 cohort-id=01
|  |  build expressions: household_demographics.hd_demo_sk
|  |  runtime filters: RF006[bloom] <- household_demographics.hd_demo_sk, RF007[min_max] <- household_demographics.hd_demo_sk
|  |  mem-estimate=23.25MB mem-reservation=23.25MB spill-buffer=64.00KB thread-reservation=0 cost=720
|  |
|  11:EXCHANGE [BROADCAST]
|  |  mem-estimate=19.69KB mem-reservation=0B thread-reservation=0
|  |  tuple-ids=3 row-size=12B cardinality=720 cost=950
|  |  in pipelines: 03(GETNEXT)
|  |
|  F01:PLAN FRAGMENT [RANDOM] hosts=1 instances=1
|  Per-Instance Resources: mem-estimate=16.06MB mem-reservation=64.00KB thread-reservation=1
|  max-parallelism=1 segment-costs=[1484]
|  03:SCAN HDFS [tpcds_partitioned_parquet_snap.household_demographics, RANDOM]
|     HDFS partitions=1/1 files=1 size=41.69KB
|     predicates: (household_demographics.hd_dep_count = CAST(0 AS INT) OR household_demographics.hd_vehicle_count > CAST(0 AS INT))
|     stored statistics:
|       table: rows=7.20K size=41.69KB
|       columns: all
|     extrapolated-rows=disabled max-scan-range-rows=7.20K
|     mem-estimate=16.00MB mem-reservation=64.00KB thread-reservation=0
|     tuple-ids=3 row-size=12B cardinality=720 cost=1446
|     in pipelines: 03(GETNEXT)
|
00:SCAN HDFS [tpcds_partitioned_parquet_snap.store_sales, RANDOM]
   HDFS partitions=1824/1824 files=1824 size=199.33MB
   runtime filters: RF001[min_max] -> tpcds_partitioned_parquet_snap.store_sales.ss_customer_sk, RF005[min_max] -> store_sales.ss_store_sk, RF007[min_max] -> store_sales.ss_hdemo_sk, RF000[bloom] -> tpcds_partitioned_parquet_snap.store_sales.ss_customer_sk, RF002[bloom] -> store_sales.ss_sold_date_sk, RF004[bloom] -> store_sales.ss_store_sk, RF006[bloom] -> store_sales.ss_hdemo_sk
   stored statistics:
     table: rows=8.64G size=389.90GB
     partitions: 1824/1824 rows=8.64G
     columns: all
   extrapolated-rows=disabled max-scan-range-rows=390.22M est-scan-range=424(filtered from 1824)
   mem-estimate=16.00MB mem-reservation=8.00MB thread-reservation=0
   tuple-ids=0 row-size=36B cardinality=195.59M(filtered from 8.64G) cost=1038702103
   in pipelines: 00(GETNEXT)
---- PARALLELPLANS
Max Per-Host Resource Reservation: Memory=1003.34MB Threads=35
Per-Host Resource Estimates: Memory=1.63GB
F07:PLAN FRAGMENT [UNPARTITIONED] hosts=1 instances=1
|  Per-Instance Resources: mem-estimate=4.53MB mem-reservation=4.00MB thread-reservation=1
|  max-parallelism=1 segment-costs=[642] cpu-comparison-result=190 [max(1 (self) vs 190 (sum children))]
PLAN-ROOT SINK
|  output exprs: c_last_name, c_first_name, substr(s_city, 1, 30), ss_ticket_number, amt, profit
|  mem-estimate=4.00MB mem-reservation=4.00MB spill-buffer=2.00MB thread-reservation=0 cost=600
|
18:MERGING-EXCHANGE [UNPARTITIONED]
|  order by: c_last_name ASC, c_first_name ASC, substr(s_city, 1, 30) ASC, profit ASC
|  limit: 100
|  mem-estimate=539.75KB mem-reservation=0B thread-reservation=0
|  tuple-ids=7 row-size=88B cardinality=100 cost=42
|  in pipelines: 10(GETNEXT)
|
F06:PLAN FRAGMENT [HASH(ss_customer_sk)] hosts=10 instances=60 (adjusted from 120)
Per-Instance Resources: mem-estimate=12.15MB mem-reservation=0B thread-reservation=1
max-parallelism=60 segment-costs=[547111865, 261] cpu-comparison-result=190 [max(60 (self) vs 190 (sum children))]
10:TOP-N [LIMIT=100]
|  order by: c_last_name ASC, c_first_name ASC, substr(s_city, 1, 30) ASC, profit ASC
|  materialized: substr(s_city, 1, 30)
|  mem-estimate=8.59KB mem-reservation=0B thread-reservation=0
|  tuple-ids=7 row-size=88B cardinality=100 cost=513460851
|  in pipelines: 10(GETNEXT), 15(OPEN)
|
09:HASH JOIN [INNER JOIN, PARTITIONED]
|  hash-table-id=00
|  hash predicates: ss_customer_sk = c_customer_sk
|  fk/pk conjuncts: ss_customer_sk = c_customer_sk
|  mem-estimate=0B mem-reservation=0B spill-buffer=2.00MB thread-reservation=0
|  tuple-ids=4,6 row-size=109B cardinality=36.27M cost=16704822
|  in pipelines: 15(GETNEXT), 08(OPEN)
|
|--F08:PLAN FRAGMENT [HASH(ss_customer_sk)] hosts=10 instances=60 (adjusted from 120)
|  |  Per-Instance Resources: mem-estimate=60.43MB mem-reservation=50.00MB thread-reservation=1 runtime-filters-memory=16.00MB
|  |  max-parallelism=60 segment-costs=[38848506]
|  JOIN BUILD
|  |  join-table-id=00 plan-id=01 cohort-id=01
|  |  build expressions: c_customer_sk
|  |  runtime filters: RF000[bloom] <- c_customer_sk, RF001[min_max] <- c_customer_sk
|  |  mem-estimate=34.00MB mem-reservation=34.00MB spill-buffer=2.00MB thread-reservation=0 cost=30000000
|  |
|  17:EXCHANGE [HASH(c_customer_sk)]
|  |  mem-estimate=10.43MB mem-reservation=0B thread-reservation=0
|  |  tuple-ids=6 row-size=40B cardinality=30.00M cost=8848506
|  |  in pipelines: 08(GETNEXT)
|  |
|  F05:PLAN FRAGMENT [RANDOM] hosts=10 instances=10
|  Per-Instance Resources: mem-estimate=26.30MB mem-reservation=1.00MB thread-reservation=1
|  max-parallelism=10 segment-costs=[99571022]
|  08:SCAN HDFS [tpcds_partitioned_parquet_snap.customer, RANDOM]
|     HDFS partitions=1/1 files=1 size=5.49MB
|     stored statistics:
|       table: rows=30.00M size=1.55GB
|       columns: all
|     extrapolated-rows=disabled max-scan-range-rows=3.10M
|     mem-estimate=16.00MB mem-reservation=1.00MB thread-reservation=0
|     tuple-ids=6 row-size=40B cardinality=30.00M cost=6897933
|     in pipelines: 08(GETNEXT)
|
16:EXCHANGE [HASH(ss_customer_sk)]
|  mem-estimate=12.14MB mem-reservation=0B thread-reservation=0
|  tuple-ids=4 row-size=69B cardinality=39.51M cost=16946192
|  in pipelines: 15(GETNEXT)
|
F04:PLAN FRAGMENT [HASH(ss_ticket_number,ss_customer_sk,ss_addr_sk,store.s_city)] hosts=10 instances=30 (adjusted from 120)
Per-Instance Resources: mem-estimate=120.41MB mem-reservation=34.00MB thread-reservation=1
max-parallelism=30 segment-costs=[252903078, 196151963] cpu-comparison-result=120 [max(30 (self) vs 120 (sum children))]
15:AGGREGATE [FINALIZE]
|  output: sum:merge(ss_coupon_amt), sum:merge(ss_net_profit)
|  group by: ss_ticket_number, ss_customer_sk, ss_addr_sk, store.s_city
|  mem-estimate=101.85MB mem-reservation=34.00MB spill-buffer=2.00MB thread-reservation=0
|  tuple-ids=4 row-size=69B cardinality=39.51M cost=235956886
|  in pipelines: 15(GETNEXT), 00(OPEN)
|
14:EXCHANGE [HASH(ss_ticket_number,ss_customer_sk,ss_addr_sk,store.s_city)]
|  mem-estimate=18.57MB mem-reservation=0B thread-reservation=0
|  tuple-ids=4 row-size=69B cardinality=39.51M cost=16946192
|  in pipelines: 00(GETNEXT)
|
F00:PLAN FRAGMENT [RANDOM] hosts=10 instances=120
Per-Host Shared Resources: mem-estimate=19.00MB mem-reservation=19.00MB thread-reservation=0 runtime-filters-memory=19.00MB
Per-Instance Resources: mem-estimate=58.57MB mem-reservation=42.00MB thread-reservation=1
max-parallelism=170 segment-costs=[1609537361, 196151963] cpu-comparison-result=120 [max(120 (self) vs 33 (sum children))]
07:AGGREGATE [STREAMING]
|  output: sum(ss_coupon_amt), sum(ss_net_profit)
|  group by: ss_ticket_number, ss_customer_sk, ss_addr_sk, store.s_city
|  mem-estimate=34.00MB mem-reservation=34.00MB spill-buffer=2.00MB thread-reservation=0
|  tuple-ids=4 row-size=69B cardinality=39.51M cost=235956886
|  in pipelines: 00(GETNEXT)
|
06:HASH JOIN [INNER JOIN, BROADCAST]
|  hash-table-id=01
|  hash predicates: store_sales.ss_sold_date_sk = date_dim.d_date_sk
|  fk/pk conjuncts: store_sales.ss_sold_date_sk = date_dim.d_date_sk
|  mem-estimate=0B mem-reservation=0B spill-buffer=64.00KB thread-reservation=0
|  tuple-ids=0,3,2,1 row-size=89B cardinality=39.51M cost=50854526
|  in pipelines: 00(GETNEXT), 01(OPEN)
|
|--F09:PLAN FRAGMENT [RANDOM] hosts=10 instances=10
|  |  Per-Instance Resources: mem-estimate=24.27MB mem-reservation=24.25MB thread-reservation=1 runtime-filters-memory=1.00MB
|  |  max-parallelism=10 segment-costs=[983]
|  JOIN BUILD
|  |  join-table-id=01 plan-id=02 cohort-id=01
|  |  build expressions: date_dim.d_date_sk
|  |  runtime filters: RF002[bloom] <- date_dim.d_date_sk
|  |  mem-estimate=23.25MB mem-reservation=23.25MB spill-buffer=64.00KB thread-reservation=0 cost=423
|  |
|  13:EXCHANGE [BROADCAST]
|  |  mem-estimate=16.00KB mem-reservation=0B thread-reservation=0
|  |  tuple-ids=1 row-size=12B cardinality=423 cost=560
|  |  in pipelines: 01(GETNEXT)
|  |
|  F03:PLAN FRAGMENT [RANDOM] hosts=1 instances=1
|  Per-Instance Resources: mem-estimate=16.06MB mem-reservation=512.00KB thread-reservation=1
|  max-parallelism=1 segment-costs=[16750]
|  01:SCAN HDFS [tpcds_partitioned_parquet_snap.date_dim, RANDOM]
|     HDFS partitions=1/1 files=1 size=2.17MB
|     predicates: date_dim.d_dow = CAST(1 AS INT), date_dim.d_year IN (CAST(2000 AS INT), CAST(2001 AS INT), CAST(2002 AS INT))
|     stored statistics:
|       table: rows=73.05K size=2.17MB
|       columns: all
|     extrapolated-rows=disabled max-scan-range-rows=73.05K
|     parquet statistics predicates: date_dim.d_dow = CAST(1 AS INT), date_dim.d_year IN (CAST(2000 AS INT), CAST(2001 AS INT), CAST(2002 AS INT))
|     parquet dictionary predicates: date_dim.d_dow = CAST(1 AS INT), date_dim.d_year IN (CAST(2000 AS INT), CAST(2001 AS INT), CAST(2002 AS INT))
|     mem-estimate=16.00MB mem-reservation=512.00KB thread-reservation=0
|     tuple-ids=1 row-size=12B cardinality=423 cost=16728
|     in pipelines: 01(GETNEXT)
|
05:HASH JOIN [INNER JOIN, BROADCAST]
|  hash-table-id=02
|  hash predicates: store_sales.ss_store_sk = store.s_store_sk
|  fk/pk conjuncts: store_sales.ss_store_sk = store.s_store_sk
|  mem-estimate=0B mem-reservation=0B spill-buffer=64.00KB thread-reservation=0
|  tuple-ids=0,3,2 row-size=77B cardinality=170.35M cost=81036031
|  in pipelines: 00(GETNEXT), 02(OPEN)
|
|--F10:PLAN FRAGMENT [RANDOM] hosts=10 instances=10
|  |  Per-Instance Resources: mem-estimate=24.27MB mem-reservation=24.25MB thread-reservation=1 runtime-filters-memory=1.00MB
|  |  max-parallelism=10 segment-costs=[305]
|  JOIN BUILD
|  |  join-table-id=02 plan-id=03 cohort-id=01
|  |  build expressions: store.s_store_sk
|  |  runtime filters: RF004[bloom] <- store.s_store_sk, RF005[min_max] <- store.s_store_sk
|  |  mem-estimate=23.25MB mem-reservation=23.25MB spill-buffer=64.00KB thread-reservation=0 cost=135
|  |
|  12:EXCHANGE [BROADCAST]
|  |  mem-estimate=16.00KB mem-reservation=0B thread-reservation=0
|  |  tuple-ids=2 row-size=29B cardinality=135 cost=170
|  |  in pipelines: 02(GETNEXT)
|  |
|  F02:PLAN FRAGMENT [RANDOM] hosts=1 instances=1
|  Per-Instance Resources: mem-estimate=16.13MB mem-reservation=24.00KB thread-reservation=1
|  max-parallelism=1 segment-costs=[421]
|  02:SCAN HDFS [tpcds_partitioned_parquet_snap.store, RANDOM]
|     HDFS partitions=1/1 files=1 size=9.81KB
|     predicates: store.s_number_employees <= CAST(295 AS INT), store.s_number_employees >= CAST(200 AS INT)
|     stored statistics:
|       table: rows=1.35K size=119.76KB
|       columns: all
|     extrapolated-rows=disabled max-scan-range-rows=1.35K
|     parquet statistics predicates: store.s_number_employees <= CAST(295 AS INT), store.s_number_employees >= CAST(200 AS INT)
|     parquet dictionary predicates: store.s_number_employees <= CAST(295 AS INT), store.s_number_employees >= CAST(200 AS INT)
|     mem-estimate=16.00MB mem-reservation=24.00KB thread-reservation=0
|     tuple-ids=2 row-size=29B cardinality=135 cost=408
|     in pipelines: 02(GETNEXT)
|
04:HASH JOIN [INNER JOIN, BROADCAST]
|  hash-table-id=03
|  hash predicates: store_sales.ss_hdemo_sk = household_demographics.hd_demo_sk
|  fk/pk conjuncts: store_sales.ss_hdemo_sk = household_demographics.hd_demo_sk
|  mem-estimate=0B mem-reservation=0B spill-buffer=64.00KB thread-reservation=0
|  tuple-ids=0,3 row-size=48B cardinality=195.59M(filtered from 843.38M) cost=202987815
|  in pipelines: 00(GETNEXT), 03(OPEN)
|
|--F11:PLAN FRAGMENT [RANDOM] hosts=10 instances=10
|  |  Per-Instance Resources: mem-estimate=24.27MB mem-reservation=24.25MB thread-reservation=1 runtime-filters-memory=1.00MB
|  |  max-parallelism=10 segment-costs=[1670]
|  JOIN BUILD
|  |  join-table-id=03 plan-id=04 cohort-id=01
|  |  build expressions: household_demographics.hd_demo_sk
|  |  runtime filters: RF006[bloom] <- household_demographics.hd_demo_sk, RF007[min_max] <- household_demographics.hd_demo_sk
|  |  mem-estimate=23.25MB mem-reservation=23.25MB spill-buffer=64.00KB thread-reservation=0 cost=720
|  |
|  11:EXCHANGE [BROADCAST]
|  |  mem-estimate=19.69KB mem-reservation=0B thread-reservation=0
|  |  tuple-ids=3 row-size=12B cardinality=720 cost=950
|  |  in pipelines: 03(GETNEXT)
|  |
|  F01:PLAN FRAGMENT [RANDOM] hosts=1 instances=1
|  Per-Instance Resources: mem-estimate=16.06MB mem-reservation=64.00KB thread-reservation=1
|  max-parallelism=1 segment-costs=[1484]
|  03:SCAN HDFS [tpcds_partitioned_parquet_snap.household_demographics, RANDOM]
|     HDFS partitions=1/1 files=1 size=41.69KB
|     predicates: (household_demographics.hd_dep_count = CAST(0 AS INT) OR household_demographics.hd_vehicle_count > CAST(0 AS INT))
|     stored statistics:
|       table: rows=7.20K size=41.69KB
|       columns: all
|     extrapolated-rows=disabled max-scan-range-rows=7.20K
|     mem-estimate=16.00MB mem-reservation=64.00KB thread-reservation=0
|     tuple-ids=3 row-size=12B cardinality=720 cost=1446
|     in pipelines: 03(GETNEXT)
|
00:SCAN HDFS [tpcds_partitioned_parquet_snap.store_sales, RANDOM]
   HDFS partitions=1824/1824 files=1824 size=199.33MB
   runtime filters: RF001[min_max] -> tpcds_partitioned_parquet_snap.store_sales.ss_customer_sk, RF005[min_max] -> store_sales.ss_store_sk, RF007[min_max] -> store_sales.ss_hdemo_sk, RF000[bloom] -> tpcds_partitioned_parquet_snap.store_sales.ss_customer_sk, RF002[bloom] -> store_sales.ss_sold_date_sk, RF004[bloom] -> store_sales.ss_store_sk, RF006[bloom] -> store_sales.ss_hdemo_sk
   stored statistics:
     table: rows=8.64G size=389.90GB
     partitions: 1824/1824 rows=8.64G
     columns: all
   extrapolated-rows=disabled max-scan-range-rows=390.22M est-scan-range=424(filtered from 1824)
   mem-estimate=16.00MB mem-reservation=8.00MB thread-reservation=0
   tuple-ids=0 row-size=36B cardinality=195.59M(filtered from 8.64G) cost=1038702103
   in pipelines: 00(GETNEXT)
====
