# TPCDS-Q78
# start query 78 in stream 0 using template query78.tpl using seed 722125494
with ws as
  (select d_year AS ws_sold_year, ws_item_sk,
    ws_bill_customer_sk ws_customer_sk,
    sum(ws_quantity) ws_qty,
    sum(ws_wholesale_cost) ws_wc,
    sum(ws_sales_price) ws_sp
   from web_sales
   left join web_returns on wr_order_number=ws_order_number and ws_item_sk=wr_item_sk
   join date_dim on ws_sold_date_sk = d_date_sk
   where wr_order_number is null
   group by d_year, ws_item_sk, ws_bill_customer_sk
   ),
cs as
  (select d_year AS cs_sold_year, cs_item_sk,
    cs_bill_customer_sk cs_customer_sk,
    sum(cs_quantity) cs_qty,
    sum(cs_wholesale_cost) cs_wc,
    sum(cs_sales_price) cs_sp
   from catalog_sales
   left join catalog_returns on cr_order_number=cs_order_number and cs_item_sk=cr_item_sk
   join date_dim on cs_sold_date_sk = d_date_sk
   where cr_order_number is null
   group by d_year, cs_item_sk, cs_bill_customer_sk
   ),
ss as
  (select d_year AS ss_sold_year, ss_item_sk,
    ss_customer_sk,
    sum(ss_quantity) ss_qty,
    sum(ss_wholesale_cost) ss_wc,
    sum(ss_sales_price) ss_sp
   from store_sales
   left join store_returns on sr_ticket_number=ss_ticket_number and ss_item_sk=sr_item_sk
   join date_dim on ss_sold_date_sk = d_date_sk
   where sr_ticket_number is null
   group by d_year, ss_item_sk, ss_customer_sk
   )
 select
ss_sold_year, ss_item_sk, ss_customer_sk,
round(ss_qty/(coalesce(ws_qty,0)+coalesce(cs_qty,0)),2) ratio,
ss_qty store_qty, ss_wc store_wholesale_cost, ss_sp store_sales_price,
coalesce(ws_qty,0)+coalesce(cs_qty,0) other_chan_qty,
coalesce(ws_wc,0)+coalesce(cs_wc,0) other_chan_wholesale_cost,
coalesce(ws_sp,0)+coalesce(cs_sp,0) other_chan_sales_price
from ss
left join ws on (ws_sold_year=ss_sold_year and ws_item_sk=ss_item_sk and ws_customer_sk=ss_customer_sk)
left join cs on (cs_sold_year=ss_sold_year and cs_item_sk=ss_item_sk and cs_customer_sk=ss_customer_sk)
where (coalesce(ws_qty,0)>0 or coalesce(cs_qty, 0)>0) and ss_sold_year=2002
order by
  ss_sold_year, ss_item_sk, ss_customer_sk,
  ss_qty desc, ss_wc desc, ss_sp desc,
  other_chan_qty,
  other_chan_wholesale_cost,
  other_chan_sales_price,
  ratio
limit 100;

# end query 78 in stream 0 using template query78.tpl
---- PLAN
Max Per-Host Resource Reservation: Memory=241.94MB Threads=1
Per-Host Resource Estimates: Memory=109.38GB
F00:PLAN FRAGMENT [UNPARTITIONED] hosts=1 instances=1
|  Per-Instance Resources: mem-estimate=109.38GB mem-reservation=241.94MB thread-reservation=1 runtime-filters-memory=23.00MB
|  max-parallelism=1 segment-costs=[3823933522, 15295780314, 7623795314, 477749380, 1000]
PLAN-ROOT SINK
|  output exprs: ss_sold_year, ss_item_sk, ss_customer_sk, round(ss_qty / (coalesce(ws_qty, 0) + coalesce(cs_qty, 0)), 2), ss_qty, ss_wc, ss_sp, coalesce(ws_qty, 0) + coalesce(cs_qty, 0), coalesce(ws_wc, 0) + coalesce(cs_wc, 0), coalesce(ws_sp, 0) + coalesce(cs_sp, 0)
|  mem-estimate=4.00MB mem-reservation=4.00MB spill-buffer=2.00MB thread-reservation=0 cost=1000
|
20:TOP-N [LIMIT=100]
|  order by: ss_sold_year ASC, ss_item_sk ASC, ss_customer_sk ASC, ss_qty DESC, ss_wc DESC, ss_sp DESC, coalesce(ws_qty, 0) + coalesce(cs_qty, 0) ASC, coalesce(ws_wc, 0) + coalesce(cs_wc, 0) ASC, coalesce(ws_sp, 0) + coalesce(cs_sp, 0) ASC, round(ss_qty / (coalesce(ws_qty, 0) + coalesce(cs_qty, 0)), 2) ASC
|  materialized: coalesce(ws_qty, 0) + coalesce(cs_qty, 0), coalesce(ws_wc, 0) + coalesce(cs_wc, 0), coalesce(ws_sp, 0) + coalesce(cs_sp, 0), round(ss_qty / (coalesce(ws_qty, 0) + coalesce(cs_qty, 0)), 2)
|  mem-estimate=9.77KB mem-reservation=0B thread-reservation=0
|  tuple-ids=15 row-size=100B cardinality=100 cost=117421332
|  in pipelines: 20(GETNEXT), 17(OPEN)
|
19:HASH JOIN [RIGHT OUTER JOIN]
|  hash predicates: d_year = d_year, cs_bill_customer_sk = ss_customer_sk, cs_item_sk = ss_item_sk
|  fk/pk conjuncts: cs_bill_customer_sk = ss_customer_sk, cs_item_sk = ss_item_sk
|  other predicates: (coalesce(sum(ws_quantity), CAST(0 AS BIGINT)) > CAST(0 AS BIGINT) OR coalesce(sum(cs_quantity), CAST(0 AS BIGINT)) > CAST(0 AS BIGINT))
|  runtime filters: RF000[bloom] <- d_year, RF001[bloom] <- ss_customer_sk, RF002[bloom] <- ss_item_sk, RF004[min_max] <- ss_customer_sk, RF005[min_max] <- ss_item_sk
|  mem-estimate=1.06GB mem-reservation=34.00MB spill-buffer=2.00MB thread-reservation=0
|  tuple-ids=13N,8N,3 row-size=156B cardinality=9.01M cost=236383130
|  in pipelines: 17(GETNEXT), 11(OPEN)
|
|--18:HASH JOIN [RIGHT OUTER JOIN]
|  |  hash predicates: d_year = d_year, ws_bill_customer_sk = ss_customer_sk, ws_item_sk = ss_item_sk
|  |  fk/pk conjuncts: ws_bill_customer_sk = ss_customer_sk, ws_item_sk = ss_item_sk
|  |  runtime filters: RF008[bloom] <- d_year, RF009[bloom] <- ss_customer_sk, RF010[bloom] <- ss_item_sk, RF012[min_max] <- ss_customer_sk, RF013[min_max] <- ss_item_sk
|  |  mem-estimate=639.04MB mem-reservation=34.00MB spill-buffer=2.00MB thread-reservation=0
|  |  tuple-ids=8N,3 row-size=104B cardinality=9.01M cost=123944918
|  |  in pipelines: 11(GETNEXT), 05(OPEN)
|  |
|  |--05:AGGREGATE [FINALIZE]
|  |  |  output: sum(CAST(ss_quantity AS BIGINT)), sum(ss_wholesale_cost), sum(ss_sales_price)
|  |  |  group by: d_year, ss_item_sk, ss_customer_sk
|  |  |  having: d_year = CAST(2002 AS INT)
|  |  |  mem-estimate=27.79GB mem-reservation=34.00MB spill-buffer=2.00MB thread-reservation=0
|  |  |  tuple-ids=3 row-size=52B cardinality=9.01M cost=10676240027
|  |  |  in pipelines: 05(GETNEXT), 00(OPEN)
|  |  |
|  |  04:HASH JOIN [INNER JOIN]
|  |  |  hash predicates: ss_sold_date_sk = d_date_sk
|  |  |  fk/pk conjuncts: ss_sold_date_sk = d_date_sk
|  |  |  runtime filters: RF016[bloom] <- d_date_sk
|  |  |  mem-estimate=1.94MB mem-reservation=1.94MB spill-buffer=64.00KB thread-reservation=0
|  |  |  tuple-ids=0,1N,2 row-size=52B cardinality=1.77G cost=773341361
|  |  |  in pipelines: 00(GETNEXT), 02(OPEN)
|  |  |
|  |  |--02:SCAN HDFS [tpcds_partitioned_parquet_snap.date_dim]
|  |  |     HDFS partitions=1/1 files=1 size=2.17MB
|  |  |     predicates: tpcds_partitioned_parquet_snap.date_dim.d_year = CAST(2002 AS INT)
|  |  |     stored statistics:
|  |  |       table: rows=73.05K size=2.17MB
|  |  |       columns: all
|  |  |     extrapolated-rows=disabled max-scan-range-rows=73.05K
|  |  |     parquet statistics predicates: tpcds_partitioned_parquet_snap.date_dim.d_year = CAST(2002 AS INT)
|  |  |     parquet dictionary predicates: tpcds_partitioned_parquet_snap.date_dim.d_year = CAST(2002 AS INT)
|  |  |     mem-estimate=16.00MB mem-reservation=512.00KB thread-reservation=0
|  |  |     tuple-ids=2 row-size=8B cardinality=373 cost=10467
|  |  |     in pipelines: 02(GETNEXT)
|  |  |
|  |  03:HASH JOIN [LEFT OUTER JOIN]
|  |  |  hash predicates: ss_item_sk = sr_item_sk, ss_ticket_number = sr_ticket_number
|  |  |  fk/pk conjuncts: ss_item_sk = sr_item_sk, ss_ticket_number = sr_ticket_number
|  |  |  other predicates: sr_ticket_number IS NULL
|  |  |  mem-estimate=33.66GB mem-reservation=34.00MB spill-buffer=2.00MB thread-reservation=0
|  |  |  tuple-ids=0,1N row-size=44B cardinality=1.77G(filtered from 8.64G) cost=2882736489
|  |  |  in pipelines: 00(GETNEXT), 01(OPEN)
|  |  |
|  |  |--01:SCAN HDFS [tpcds_partitioned_parquet_snap.store_returns]
|  |  |     HDFS partitions=2004/2004 files=2004 size=33.63MB
|  |  |     stored statistics:
|  |  |       table: rows=863.99M size=48.14GB
|  |  |       partitions: 2004/2004 rows=863.99M
|  |  |       columns: all
|  |  |     extrapolated-rows=disabled max-scan-range-rows=30.09M
|  |  |     mem-estimate=16.00MB mem-reservation=512.00KB thread-reservation=0
|  |  |     tuple-ids=1 row-size=12B cardinality=863.99M cost=149297235
|  |  |     in pipelines: 01(GETNEXT)
|  |  |
|  |  00:SCAN HDFS [tpcds_partitioned_parquet_snap.store_sales]
|  |     HDFS partitions=1824/1824 files=1824 size=199.33MB
|  |     runtime filters: RF016[bloom] -> ss_sold_date_sk
|  |     stored statistics:
|  |       table: rows=8.64G size=389.90GB
|  |       partitions: 1824/1824 rows=8.64G
|  |       columns: all
|  |     extrapolated-rows=disabled max-scan-range-rows=390.22M est-scan-range=374(filtered from 1824)
|  |     mem-estimate=16.00MB mem-reservation=8.00MB thread-reservation=0
|  |     tuple-ids=0 row-size=32B cardinality=1.77G(filtered from 8.64G) cost=814154735
|  |     in pipelines: 00(GETNEXT)
|  |
|  11:AGGREGATE [FINALIZE]
|  |  output: sum(CAST(ws_quantity AS BIGINT)), sum(ws_wholesale_cost), sum(ws_sales_price)
|  |  group by: d_year, ws_item_sk, ws_bill_customer_sk
|  |  mem-estimate=8.04GB mem-reservation=34.00MB spill-buffer=2.00MB thread-reservation=0
|  |  tuple-ids=8 row-size=52B cardinality=441.70M cost=2669040445
|  |  in pipelines: 11(GETNEXT), 06(OPEN)
|  |
|  10:HASH JOIN [INNER JOIN]
|  |  hash predicates: ws_sold_date_sk = d_date_sk
|  |  fk/pk conjuncts: ws_sold_date_sk = d_date_sk
|  |  runtime filters: RF014[bloom] <- d_date_sk
|  |  mem-estimate=1.94MB mem-reservation=1.94MB spill-buffer=64.00KB thread-reservation=0
|  |  tuple-ids=5,6N,7 row-size=52B cardinality=441.70M cost=193334203
|  |  in pipelines: 06(GETNEXT), 08(OPEN)
|  |
|  |--08:SCAN HDFS [tpcds_partitioned_parquet_snap.date_dim]
|  |     HDFS partitions=1/1 files=1 size=2.17MB
|  |     predicates: tpcds_partitioned_parquet_snap.date_dim.d_year = CAST(2002 AS INT)
|  |     runtime filters: RF008[bloom] -> tpcds_partitioned_parquet_snap.date_dim.d_year
|  |     stored statistics:
|  |       table: rows=73.05K size=2.17MB
|  |       columns: all
|  |     extrapolated-rows=disabled max-scan-range-rows=73.05K
|  |     parquet statistics predicates: tpcds_partitioned_parquet_snap.date_dim.d_year = CAST(2002 AS INT)
|  |     parquet dictionary predicates: tpcds_partitioned_parquet_snap.date_dim.d_year = CAST(2002 AS INT)
|  |     mem-estimate=16.00MB mem-reservation=512.00KB thread-reservation=0
|  |     tuple-ids=7 row-size=8B cardinality=373 cost=10467
|  |     in pipelines: 08(GETNEXT)
|  |
|  09:HASH JOIN [LEFT OUTER JOIN]
|  |  hash predicates: ws_item_sk = wr_item_sk, ws_order_number = wr_order_number
|  |  fk/pk conjuncts: ws_item_sk = wr_item_sk, ws_order_number = wr_order_number
|  |  other predicates: wr_order_number IS NULL
|  |  mem-estimate=8.41GB mem-reservation=34.00MB spill-buffer=2.00MB thread-reservation=0
|  |  tuple-ids=5,6N row-size=44B cardinality=441.70M(filtered from 2.16G) cost=720685951
|  |  in pipelines: 06(GETNEXT), 07(OPEN)
|  |
|  |--07:SCAN HDFS [tpcds_partitioned_parquet_snap.web_returns]
|  |     HDFS partitions=2114/2114 files=2114 size=20.70MB
|  |     runtime filters: RF013[min_max] -> tpcds_partitioned_parquet_snap.web_returns.wr_item_sk, RF010[bloom] -> tpcds_partitioned_parquet_snap.web_returns.wr_item_sk
|  |     stored statistics:
|  |       table: rows=216.00M size=16.74GB
|  |       partitions: 2114/2114 rows=216.00M
|  |       columns: all
|  |     extrapolated-rows=disabled max-scan-range-rows=9.41M
|  |     mem-estimate=16.00MB mem-reservation=256.00KB thread-reservation=0
|  |     tuple-ids=6 row-size=12B cardinality=216.00M cost=37325264
|  |     in pipelines: 07(GETNEXT)
|  |
|  06:SCAN HDFS [tpcds_partitioned_parquet_snap.web_sales]
|     HDFS partitions=1824/1824 files=1824 size=84.18MB
|     runtime filters: RF012[min_max] -> tpcds_partitioned_parquet_snap.web_sales.ws_bill_customer_sk, RF013[min_max] -> tpcds_partitioned_parquet_snap.web_sales.ws_item_sk, RF009[bloom] -> tpcds_partitioned_parquet_snap.web_sales.ws_bill_customer_sk, RF010[bloom] -> tpcds_partitioned_parquet_snap.web_sales.ws_item_sk, RF014[bloom] -> ws_sold_date_sk
|     stored statistics:
|       table: rows=2.16G size=145.75GB
|       partitions: 1824/1824 rows=2.16G
|       columns: all
|     extrapolated-rows=disabled max-scan-range-rows=3.37M est-scan-range=374(filtered from 1824)
|     mem-estimate=16.00MB mem-reservation=128.00KB thread-reservation=0
|     tuple-ids=5 row-size=32B cardinality=441.70M(filtered from 2.16G) cost=203537192
|     in pipelines: 06(GETNEXT)
|
17:AGGREGATE [FINALIZE]
|  output: sum(CAST(cs_quantity AS BIGINT)), sum(cs_wholesale_cost), sum(cs_sales_price)
|  group by: d_year, cs_item_sk, cs_bill_customer_sk
|  mem-estimate=14.57GB mem-reservation=34.00MB spill-buffer=2.00MB thread-reservation=0
|  tuple-ids=13 row-size=52B cardinality=880.06M cost=5317848006
|  in pipelines: 17(GETNEXT), 12(OPEN)
|
16:HASH JOIN [INNER JOIN]
|  hash predicates: cs_sold_date_sk = d_date_sk
|  fk/pk conjuncts: cs_sold_date_sk = d_date_sk
|  runtime filters: RF006[bloom] <- d_date_sk
|  mem-estimate=1.94MB mem-reservation=1.94MB spill-buffer=64.00KB thread-reservation=0
|  tuple-ids=10,11N,12 row-size=52B cardinality=880.06M cost=385202450
|  in pipelines: 12(GETNEXT), 14(OPEN)
|
|--14:SCAN HDFS [tpcds_partitioned_parquet_snap.date_dim]
|     HDFS partitions=1/1 files=1 size=2.17MB
|     predicates: tpcds_partitioned_parquet_snap.date_dim.d_year = CAST(2002 AS INT)
|     runtime filters: RF000[bloom] -> tpcds_partitioned_parquet_snap.date_dim.d_year
|     stored statistics:
|       table: rows=73.05K size=2.17MB
|       columns: all
|     extrapolated-rows=disabled max-scan-range-rows=73.05K
|     parquet statistics predicates: tpcds_partitioned_parquet_snap.date_dim.d_year = CAST(2002 AS INT)
|     parquet dictionary predicates: tpcds_partitioned_parquet_snap.date_dim.d_year = CAST(2002 AS INT)
|     mem-estimate=16.00MB mem-reservation=512.00KB thread-reservation=0
|     tuple-ids=12 row-size=8B cardinality=373 cost=10467
|     in pipelines: 14(GETNEXT)
|
15:HASH JOIN [LEFT OUTER JOIN]
|  hash predicates: cs_item_sk = cr_item_sk, cs_order_number = cr_order_number
|  fk/pk conjuncts: cs_item_sk = cr_item_sk, cs_order_number = cr_order_number
|  other predicates: cr_order_number IS NULL
|  mem-estimate=16.83GB mem-reservation=34.00MB spill-buffer=2.00MB thread-reservation=0
|  tuple-ids=10,11N row-size=44B cardinality=880.06M(filtered from 4.32G) cost=1440550402
|  in pipelines: 12(GETNEXT), 13(OPEN)
|
|--13:SCAN HDFS [tpcds_partitioned_parquet_snap.catalog_returns]
|     HDFS partitions=2060/2060 files=2060 size=30.47MB
|     runtime filters: RF005[min_max] -> tpcds_partitioned_parquet_snap.catalog_returns.cr_item_sk, RF002[bloom] -> tpcds_partitioned_parquet_snap.catalog_returns.cr_item_sk
|     stored statistics:
|       table: rows=432.02M size=32.77GB
|       partitions: 2060/2060 rows=432.02M
|       columns: all
|     extrapolated-rows=disabled max-scan-range-rows=416.82K
|     mem-estimate=16.00MB mem-reservation=32.00KB thread-reservation=0
|     tuple-ids=11 row-size=12B cardinality=432.02M cost=74652536
|     in pipelines: 13(GETNEXT)
|
12:SCAN HDFS [tpcds_partitioned_parquet_snap.catalog_sales]
   HDFS partitions=1831/1831 files=1831 size=150.82MB
   runtime filters: RF004[min_max] -> tpcds_partitioned_parquet_snap.catalog_sales.cs_bill_customer_sk, RF005[min_max] -> tpcds_partitioned_parquet_snap.catalog_sales.cs_item_sk, RF001[bloom] -> tpcds_partitioned_parquet_snap.catalog_sales.cs_bill_customer_sk, RF002[bloom] -> tpcds_partitioned_parquet_snap.catalog_sales.cs_item_sk, RF006[bloom] -> cs_sold_date_sk
   stored statistics:
     table: rows=4.32G size=280.96GB
     partitions: 1831/1831 rows=4.32G
     columns: all
   extrapolated-rows=disabled max-scan-range-rows=21.52M est-scan-range=374(filtered from 1831)
   mem-estimate=16.00MB mem-reservation=1.00MB thread-reservation=0
   tuple-ids=10 row-size=32B cardinality=880.06M(filtered from 4.32G) cost=405531453
   in pipelines: 12(GETNEXT)
---- DISTRIBUTEDPLAN
Max Per-Host Resource Reservation: Memory=4.33GB Threads=110
Per-Host Resource Estimates: Memory=94.96GB
F12:PLAN FRAGMENT [UNPARTITIONED] hosts=1 instances=1
|  Per-Instance Resources: mem-estimate=5.19MB mem-reservation=4.00MB thread-reservation=1
|  max-parallelism=1 segment-costs=[1045] cpu-comparison-result=360 [max(1 (self) vs 360 (sum children))]
PLAN-ROOT SINK
|  output exprs: ss_sold_year, ss_item_sk, ss_customer_sk, round(ss_qty / (coalesce(ws_qty, 0) + coalesce(cs_qty, 0)), 2), ss_qty, ss_wc, ss_sp, coalesce(ws_qty, 0) + coalesce(cs_qty, 0), coalesce(ws_wc, 0) + coalesce(cs_wc, 0), coalesce(ws_sp, 0) + coalesce(cs_sp, 0)
|  mem-estimate=4.00MB mem-reservation=4.00MB spill-buffer=2.00MB thread-reservation=0 cost=1000
|
35:MERGING-EXCHANGE [UNPARTITIONED]
|  order by: ss_sold_year ASC, ss_item_sk ASC, ss_customer_sk ASC, ss_qty DESC, ss_wc DESC, ss_sp DESC, coalesce(ws_qty, 0) + coalesce(cs_qty, 0) ASC, coalesce(ws_wc, 0) + coalesce(cs_wc, 0) ASC, coalesce(ws_sp, 0) + coalesce(cs_sp, 0) ASC, round(ss_qty / (coalesce(ws_qty, 0) + coalesce(cs_qty, 0)), 2) ASC
|  limit: 100
|  mem-estimate=1.19MB mem-reservation=0B thread-reservation=0
|  tuple-ids=15 row-size=100B cardinality=100 cost=45
|  in pipelines: 20(GETNEXT)
|
F03:PLAN FRAGMENT [HASH(d_year,cs_item_sk,cs_bill_customer_sk)] hosts=10 instances=120
Per-Instance Resources: mem-estimate=464.18MB mem-reservation=34.00MB thread-reservation=1
max-parallelism=570 segment-costs=[5626132876, 344790029, 293] cpu-comparison-result=360 [max(120 (self) vs 360 (sum children))]
20:TOP-N [LIMIT=100]
|  order by: ss_sold_year ASC, ss_item_sk ASC, ss_customer_sk ASC, ss_qty DESC, ss_wc DESC, ss_sp DESC, coalesce(ws_qty, 0) + coalesce(cs_qty, 0) ASC, coalesce(ws_wc, 0) + coalesce(cs_wc, 0) ASC, coalesce(ws_sp, 0) + coalesce(cs_sp, 0) ASC, round(ss_qty / (coalesce(ws_qty, 0) + coalesce(cs_qty, 0)), 2) ASC
|  materialized: coalesce(ws_qty, 0) + coalesce(cs_qty, 0), coalesce(ws_wc, 0) + coalesce(cs_wc, 0), coalesce(ws_sp, 0) + coalesce(cs_sp, 0), round(ss_qty / (coalesce(ws_qty, 0) + coalesce(cs_qty, 0)), 2)
|  mem-estimate=9.77KB mem-reservation=0B thread-reservation=0
|  tuple-ids=15 row-size=100B cardinality=100 cost=117421332
|  in pipelines: 20(GETNEXT), 24(OPEN)
|
19:HASH JOIN [RIGHT OUTER JOIN, PARTITIONED]
|  hash-table-id=00
|  hash predicates: d_year = d_year, cs_bill_customer_sk = ss_customer_sk, cs_item_sk = ss_item_sk
|  fk/pk conjuncts: cs_bill_customer_sk = ss_customer_sk, cs_item_sk = ss_item_sk
|  other predicates: (coalesce(sum(ws_quantity), CAST(0 AS BIGINT)) > CAST(0 AS BIGINT) OR coalesce(sum(cs_quantity), CAST(0 AS BIGINT)) > CAST(0 AS BIGINT))
|  mem-estimate=0B mem-reservation=0B spill-buffer=1.00MB thread-reservation=0
|  tuple-ids=13N,8N,3 row-size=156B cardinality=9.01M cost=227368697
|  in pipelines: 24(GETNEXT), 28(OPEN)
|
|--F13:PLAN FRAGMENT [HASH(d_year,cs_item_sk,cs_bill_customer_sk)] hosts=10 instances=120
|  |  Per-Instance Resources: mem-estimate=50.12MB mem-reservation=27.00MB thread-reservation=1 runtime-filters-memory=10.00MB
|  |  max-parallelism=570 segment-costs=[14660172] cpu-comparison-result=240 [max(120 (self) vs 240 (sum children))]
|  JOIN BUILD
|  |  join-table-id=00 plan-id=01 cohort-id=01
|  |  build expressions: d_year, ss_customer_sk, ss_item_sk
|  |  runtime filters: RF000[bloom] <- d_year, RF001[bloom] <- ss_customer_sk, RF002[bloom] <- ss_item_sk, RF004[min_max] <- ss_customer_sk, RF005[min_max] <- ss_item_sk
|  |  mem-estimate=17.00MB mem-reservation=17.00MB spill-buffer=1.00MB thread-reservation=0 cost=9014433
|  |
|  34:EXCHANGE [HASH(d_year,ss_item_sk,ss_customer_sk)]
|  |  mem-estimate=23.12MB mem-reservation=0B thread-reservation=0
|  |  tuple-ids=8N,3 row-size=104B cardinality=9.01M cost=5645739
|  |  in pipelines: 28(GETNEXT)
|  |
|  F07:PLAN FRAGMENT [HASH(d_year,ws_item_sk,ws_bill_customer_sk)] hosts=10 instances=120
|  Per-Instance Resources: mem-estimate=277.16MB mem-reservation=34.00MB thread-reservation=1
|  max-parallelism=290 segment-costs=[2823769347, 184594023] cpu-comparison-result=240 [max(120 (self) vs 240 (sum children))]
|  18:HASH JOIN [RIGHT OUTER JOIN, PARTITIONED]
|  |  hash-table-id=01
|  |  hash predicates: d_year = d_year, ws_bill_customer_sk = ss_customer_sk, ws_item_sk = ss_item_sk
|  |  fk/pk conjuncts: ws_bill_customer_sk = ss_customer_sk, ws_item_sk = ss_item_sk
|  |  mem-estimate=0B mem-reservation=0B spill-buffer=512.00KB thread-reservation=0
|  |  tuple-ids=8N,3 row-size=104B cardinality=9.01M cost=114930485
|  |  in pipelines: 28(GETNEXT), 32(OPEN)
|  |
|  |--F14:PLAN FRAGMENT [HASH(d_year,ws_item_sk,ws_bill_customer_sk)] hosts=10 instances=120
|  |  |  Per-Instance Resources: mem-estimate=35.06MB mem-reservation=18.50MB thread-reservation=1 runtime-filters-memory=10.00MB
|  |  |  max-parallelism=290 segment-costs=[12172188] cpu-comparison-result=120 [max(120 (self) vs 120 (sum children))]
|  |  JOIN BUILD
|  |  |  join-table-id=01 plan-id=02 cohort-id=02
|  |  |  build expressions: d_year, ss_customer_sk, ss_item_sk
|  |  |  runtime filters: RF008[bloom] <- d_year, RF009[bloom] <- ss_customer_sk, RF010[bloom] <- ss_item_sk, RF012[min_max] <- ss_customer_sk, RF013[min_max] <- ss_item_sk
|  |  |  mem-estimate=8.50MB mem-reservation=8.50MB spill-buffer=512.00KB thread-reservation=0 cost=9014433
|  |  |
|  |  33:EXCHANGE [HASH(d_year,ss_item_sk,ss_customer_sk)]
|  |  |  mem-estimate=16.56MB mem-reservation=0B thread-reservation=0
|  |  |  tuple-ids=3 row-size=52B cardinality=9.01M cost=3157755
|  |  |  in pipelines: 32(GETNEXT)
|  |  |
|  |  F11:PLAN FRAGMENT [HASH(d_year,ss_item_sk,ss_customer_sk)] hosts=10 instances=120
|  |  Per-Instance Resources: mem-estimate=924.91MB mem-reservation=34.00MB thread-reservation=1
|  |  max-parallelism=1130 segment-costs=[11295160174, 34831769] cpu-comparison-result=120 [max(120 (self) vs 120 (sum children))]
|  |  32:AGGREGATE [FINALIZE]
|  |  |  output: sum:merge(ss_quantity), sum:merge(ss_wholesale_cost), sum:merge(ss_sales_price)
|  |  |  group by: d_year, ss_item_sk, ss_customer_sk
|  |  |  having: d_year = CAST(2002 AS INT)
|  |  |  mem-estimate=898.66MB mem-reservation=34.00MB spill-buffer=2.00MB thread-reservation=0
|  |  |  tuple-ids=3 row-size=52B cardinality=9.01M cost=10676240027
|  |  |  in pipelines: 32(GETNEXT), 00(OPEN)
|  |  |
|  |  31:EXCHANGE [HASH(d_year,ss_item_sk,ss_customer_sk)]
|  |  |  mem-estimate=16.56MB mem-reservation=0B thread-reservation=0
|  |  |  tuple-ids=3 row-size=52B cardinality=1.77G cost=618920147
|  |  |  in pipelines: 00(GETNEXT)
|  |  |
|  |  F08:PLAN FRAGMENT [RANDOM] hosts=10 instances=120
|  |  Per-Host Shared Resources: mem-estimate=1.00MB mem-reservation=1.00MB thread-reservation=0 runtime-filters-memory=1.00MB
|  |  Per-Instance Resources: mem-estimate=716.24MB mem-reservation=42.00MB thread-reservation=1
|  |  max-parallelism=374 segment-costs=[14282483607, 6827026687] cpu-comparison-result=120 [max(120 (self) vs 41 (sum children))]
|  |  05:AGGREGATE [STREAMING]
|  |  |  output: sum(CAST(ss_quantity AS BIGINT)), sum(ss_wholesale_cost), sum(ss_sales_price)
|  |  |  group by: d_year, ss_item_sk, ss_customer_sk
|  |  |  mem-estimate=673.99MB mem-reservation=34.00MB spill-buffer=2.00MB thread-reservation=0
|  |  |  tuple-ids=3 row-size=52B cardinality=1.77G cost=10676240027
|  |  |  in pipelines: 00(GETNEXT)
|  |  |
|  |  04:HASH JOIN [INNER JOIN, BROADCAST]
|  |  |  hash-table-id=02
|  |  |  hash predicates: ss_sold_date_sk = d_date_sk
|  |  |  fk/pk conjuncts: ss_sold_date_sk = d_date_sk
|  |  |  mem-estimate=0B mem-reservation=0B spill-buffer=64.00KB thread-reservation=0
|  |  |  tuple-ids=0,1N,2 row-size=52B cardinality=1.77G cost=773340988
|  |  |  in pipelines: 00(GETNEXT), 02(OPEN)
|  |  |
|  |  |--F15:PLAN FRAGMENT [RANDOM] hosts=10 instances=10
|  |  |  |  Per-Instance Resources: mem-estimate=24.27MB mem-reservation=24.25MB thread-reservation=1 runtime-filters-memory=1.00MB
|  |  |  |  max-parallelism=10 segment-costs=[863]
|  |  |  JOIN BUILD
|  |  |  |  join-table-id=02 plan-id=03 cohort-id=03
|  |  |  |  build expressions: d_date_sk
|  |  |  |  runtime filters: RF016[bloom] <- d_date_sk
|  |  |  |  mem-estimate=23.25MB mem-reservation=23.25MB spill-buffer=64.00KB thread-reservation=0 cost=373
|  |  |  |
|  |  |  30:EXCHANGE [BROADCAST]
|  |  |  |  mem-estimate=16.00KB mem-reservation=0B thread-reservation=0
|  |  |  |  tuple-ids=2 row-size=8B cardinality=373 cost=490
|  |  |  |  in pipelines: 02(GETNEXT)
|  |  |  |
|  |  |  F10:PLAN FRAGMENT [RANDOM] hosts=1 instances=1
|  |  |  Per-Instance Resources: mem-estimate=16.05MB mem-reservation=512.00KB thread-reservation=1
|  |  |  max-parallelism=1 segment-costs=[10483]
|  |  |  02:SCAN HDFS [tpcds_partitioned_parquet_snap.date_dim, RANDOM]
|  |  |     HDFS partitions=1/1 files=1 size=2.17MB
|  |  |     predicates: tpcds_partitioned_parquet_snap.date_dim.d_year = CAST(2002 AS INT)
|  |  |     stored statistics:
|  |  |       table: rows=73.05K size=2.17MB
|  |  |       columns: all
|  |  |     extrapolated-rows=disabled max-scan-range-rows=73.05K
|  |  |     parquet statistics predicates: tpcds_partitioned_parquet_snap.date_dim.d_year = CAST(2002 AS INT)
|  |  |     parquet dictionary predicates: tpcds_partitioned_parquet_snap.date_dim.d_year = CAST(2002 AS INT)
|  |  |     mem-estimate=16.00MB mem-reservation=512.00KB thread-reservation=0
|  |  |     tuple-ids=2 row-size=8B cardinality=373 cost=10467
|  |  |     in pipelines: 02(GETNEXT)
|  |  |
|  |  03:HASH JOIN [LEFT OUTER JOIN, BROADCAST]
|  |  |  hash-table-id=03
|  |  |  hash predicates: ss_item_sk = sr_item_sk, ss_ticket_number = sr_ticket_number
|  |  |  fk/pk conjuncts: ss_item_sk = sr_item_sk, ss_ticket_number = sr_ticket_number
|  |  |  other predicates: sr_ticket_number IS NULL
|  |  |  mem-estimate=0B mem-reservation=0B spill-buffer=2.00MB thread-reservation=0
|  |  |  tuple-ids=0,1N row-size=44B cardinality=1.77G(filtered from 8.64G) cost=2018747857
|  |  |  in pipelines: 00(GETNEXT), 01(OPEN)
|  |  |
|  |  |--F16:PLAN FRAGMENT [RANDOM] hosts=10 instances=10
|  |  |  |  Per-Instance Resources: mem-estimate=33.67GB mem-reservation=408.00MB thread-reservation=1
|  |  |  |  max-parallelism=10 segment-costs=[2012229522]
|  |  |  JOIN BUILD
|  |  |  |  join-table-id=03 plan-id=04 cohort-id=03
|  |  |  |  build expressions: sr_item_sk, sr_ticket_number
|  |  |  |  mem-estimate=33.66GB mem-reservation=408.00MB spill-buffer=2.00MB thread-reservation=0 cost=863988632
|  |  |  |
|  |  |  29:EXCHANGE [BROADCAST]
|  |  |  |  mem-estimate=10.31MB mem-reservation=0B thread-reservation=0
|  |  |  |  tuple-ids=1 row-size=12B cardinality=863.99M cost=1148240890
|  |  |  |  in pipelines: 01(GETNEXT)
|  |  |  |
|  |  |  F09:PLAN FRAGMENT [RANDOM] hosts=10 instances=20 (adjusted from 120)
|  |  |  Per-Instance Resources: mem-estimate=16.06MB mem-reservation=512.00KB thread-reservation=1
|  |  |  max-parallelism=20 segment-costs=[195952621]
|  |  |  01:SCAN HDFS [tpcds_partitioned_parquet_snap.store_returns, RANDOM]
|  |  |     HDFS partitions=2004/2004 files=2004 size=33.63MB
|  |  |     stored statistics:
|  |  |       table: rows=863.99M size=48.14GB
|  |  |       partitions: 2004/2004 rows=863.99M
|  |  |       columns: all
|  |  |     extrapolated-rows=disabled max-scan-range-rows=30.09M
|  |  |     mem-estimate=16.00MB mem-reservation=512.00KB thread-reservation=0
|  |  |     tuple-ids=1 row-size=12B cardinality=863.99M cost=149297235
|  |  |     in pipelines: 01(GETNEXT)
|  |  |
|  |  00:SCAN HDFS [tpcds_partitioned_parquet_snap.store_sales, RANDOM]
|  |     HDFS partitions=1824/1824 files=1824 size=199.33MB
|  |     runtime filters: RF016[bloom] -> ss_sold_date_sk
|  |     stored statistics:
|  |       table: rows=8.64G size=389.90GB
|  |       partitions: 1824/1824 rows=8.64G
|  |       columns: all
|  |     extrapolated-rows=disabled max-scan-range-rows=390.22M est-scan-range=374(filtered from 1824)
|  |     mem-estimate=16.00MB mem-reservation=8.00MB thread-reservation=0
|  |     tuple-ids=0 row-size=32B cardinality=1.77G(filtered from 8.64G) cost=814154735
|  |     in pipelines: 00(GETNEXT)
|  |
|  28:AGGREGATE [FINALIZE]
|  |  output: sum:merge(ws_quantity), sum:merge(ws_wholesale_cost), sum:merge(ws_sales_price)
|  |  group by: d_year, ws_item_sk, ws_bill_customer_sk
|  |  mem-estimate=224.66MB mem-reservation=34.00MB spill-buffer=2.00MB thread-reservation=0
|  |  tuple-ids=8 row-size=52B cardinality=441.70M cost=2669040445
|  |  in pipelines: 28(GETNEXT), 06(OPEN)
|  |
|  27:EXCHANGE [HASH(d_year,ws_item_sk,ws_bill_customer_sk)]
|  |  mem-estimate=16.56MB mem-reservation=0B thread-reservation=0
|  |  tuple-ids=8 row-size=52B cardinality=441.70M cost=154728902
|  |  in pipelines: 06(GETNEXT)
|  |
|  F04:PLAN FRAGMENT [RANDOM] hosts=10 instances=120
|  Per-Host Shared Resources: mem-estimate=10.00MB mem-reservation=10.00MB thread-reservation=0 runtime-filters-memory=10.00MB
|  Per-Instance Resources: mem-estimate=210.75MB mem-reservation=34.12MB thread-reservation=1
|  max-parallelism=360 segment-costs=[3570594732, 1706744163] cpu-comparison-result=120 [max(120 (self) vs 31 (sum children))]
|  11:AGGREGATE [STREAMING]
|  |  output: sum(CAST(ws_quantity AS BIGINT)), sum(ws_wholesale_cost), sum(ws_sales_price)
|  |  group by: d_year, ws_item_sk, ws_bill_customer_sk
|  |  mem-estimate=168.50MB mem-reservation=34.00MB spill-buffer=2.00MB thread-reservation=0
|  |  tuple-ids=8 row-size=52B cardinality=441.70M cost=2669040445
|  |  in pipelines: 06(GETNEXT)
|  |
|  10:HASH JOIN [INNER JOIN, BROADCAST]
|  |  hash-table-id=04
|  |  hash predicates: ws_sold_date_sk = d_date_sk
|  |  fk/pk conjuncts: ws_sold_date_sk = d_date_sk
|  |  mem-estimate=0B mem-reservation=0B spill-buffer=64.00KB thread-reservation=0
|  |  tuple-ids=5,6N,7 row-size=52B cardinality=441.70M cost=193333830
|  |  in pipelines: 06(GETNEXT), 08(OPEN)
|  |
|  |--F17:PLAN FRAGMENT [RANDOM] hosts=10 instances=10
|  |  |  Per-Instance Resources: mem-estimate=24.27MB mem-reservation=24.25MB thread-reservation=1 runtime-filters-memory=1.00MB
|  |  |  max-parallelism=10 segment-costs=[863]
|  |  JOIN BUILD
|  |  |  join-table-id=04 plan-id=05 cohort-id=02
|  |  |  build expressions: d_date_sk
|  |  |  runtime filters: RF014[bloom] <- d_date_sk
|  |  |  mem-estimate=23.25MB mem-reservation=23.25MB spill-buffer=64.00KB thread-reservation=0 cost=373
|  |  |
|  |  26:EXCHANGE [BROADCAST]
|  |  |  mem-estimate=16.00KB mem-reservation=0B thread-reservation=0
|  |  |  tuple-ids=7 row-size=8B cardinality=373 cost=490
|  |  |  in pipelines: 08(GETNEXT)
|  |  |
|  |  F06:PLAN FRAGMENT [RANDOM] hosts=1 instances=1
|  |  Per-Host Shared Resources: mem-estimate=1.00MB mem-reservation=1.00MB thread-reservation=0 runtime-filters-memory=1.00MB
|  |  Per-Instance Resources: mem-estimate=16.05MB mem-reservation=512.00KB thread-reservation=1
|  |  max-parallelism=1 segment-costs=[10483]
|  |  08:SCAN HDFS [tpcds_partitioned_parquet_snap.date_dim, RANDOM]
|  |     HDFS partitions=1/1 files=1 size=2.17MB
|  |     predicates: tpcds_partitioned_parquet_snap.date_dim.d_year = CAST(2002 AS INT)
|  |     runtime filters: RF008[bloom] -> tpcds_partitioned_parquet_snap.date_dim.d_year
|  |     stored statistics:
|  |       table: rows=73.05K size=2.17MB
|  |       columns: all
|  |     extrapolated-rows=disabled max-scan-range-rows=73.05K
|  |     parquet statistics predicates: tpcds_partitioned_parquet_snap.date_dim.d_year = CAST(2002 AS INT)
|  |     parquet dictionary predicates: tpcds_partitioned_parquet_snap.date_dim.d_year = CAST(2002 AS INT)
|  |     mem-estimate=16.00MB mem-reservation=512.00KB thread-reservation=0
|  |     tuple-ids=7 row-size=8B cardinality=373 cost=10467
|  |     in pipelines: 08(GETNEXT)
|  |
|  09:HASH JOIN [LEFT OUTER JOIN, BROADCAST]
|  |  hash-table-id=05
|  |  hash predicates: ws_item_sk = wr_item_sk, ws_order_number = wr_order_number
|  |  fk/pk conjuncts: ws_item_sk = wr_item_sk, ws_order_number = wr_order_number
|  |  other predicates: wr_order_number IS NULL
|  |  mem-estimate=0B mem-reservation=0B spill-buffer=2.00MB thread-reservation=0
|  |  tuple-ids=5,6N row-size=44B cardinality=441.70M(filtered from 2.16G) cost=504683265
|  |  in pipelines: 06(GETNEXT), 07(OPEN)
|  |
|  |--F18:PLAN FRAGMENT [RANDOM] hosts=10 instances=10
|  |  |  Per-Instance Resources: mem-estimate=8.42GB mem-reservation=408.00MB thread-reservation=1
|  |  |  max-parallelism=10 segment-costs=[503070246]
|  |  JOIN BUILD
|  |  |  join-table-id=05 plan-id=06 cohort-id=02
|  |  |  build expressions: wr_item_sk, wr_order_number
|  |  |  mem-estimate=8.41GB mem-reservation=408.00MB spill-buffer=2.00MB thread-reservation=0 cost=216002686
|  |  |
|  |  25:EXCHANGE [BROADCAST]
|  |  |  mem-estimate=10.16MB mem-reservation=0B thread-reservation=0
|  |  |  tuple-ids=6 row-size=12B cardinality=216.00M cost=287067560
|  |  |  in pipelines: 07(GETNEXT)
|  |  |
|  |  F05:PLAN FRAGMENT [RANDOM] hosts=10 instances=10 (adjusted from 120)
|  |  Per-Host Shared Resources: mem-estimate=1.00MB mem-reservation=1.00MB thread-reservation=0 runtime-filters-memory=1.00MB
|  |  Per-Instance Resources: mem-estimate=16.06MB mem-reservation=256.00KB thread-reservation=1
|  |  max-parallelism=10 segment-costs=[48989409]
|  |  07:SCAN HDFS [tpcds_partitioned_parquet_snap.web_returns, RANDOM]
|  |     HDFS partitions=2114/2114 files=2114 size=20.70MB
|  |     runtime filters: RF013[min_max] -> tpcds_partitioned_parquet_snap.web_returns.wr_item_sk, RF010[bloom] -> tpcds_partitioned_parquet_snap.web_returns.wr_item_sk
|  |     stored statistics:
|  |       table: rows=216.00M size=16.74GB
|  |       partitions: 2114/2114 rows=216.00M
|  |       columns: all
|  |     extrapolated-rows=disabled max-scan-range-rows=9.41M
|  |     mem-estimate=16.00MB mem-reservation=256.00KB thread-reservation=0
|  |     tuple-ids=6 row-size=12B cardinality=216.00M cost=37325264
|  |     in pipelines: 07(GETNEXT)
|  |
|  06:SCAN HDFS [tpcds_partitioned_parquet_snap.web_sales, RANDOM]
|     HDFS partitions=1824/1824 files=1824 size=84.18MB
|     runtime filters: RF012[min_max] -> tpcds_partitioned_parquet_snap.web_sales.ws_bill_customer_sk, RF013[min_max] -> tpcds_partitioned_parquet_snap.web_sales.ws_item_sk, RF009[bloom] -> tpcds_partitioned_parquet_snap.web_sales.ws_bill_customer_sk, RF010[bloom] -> tpcds_partitioned_parquet_snap.web_sales.ws_item_sk, RF014[bloom] -> ws_sold_date_sk
|     stored statistics:
|       table: rows=2.16G size=145.75GB
|       partitions: 1824/1824 rows=2.16G
|       columns: all
|     extrapolated-rows=disabled max-scan-range-rows=3.37M est-scan-range=374(filtered from 1824)
|     mem-estimate=16.00MB mem-reservation=128.00KB thread-reservation=0
|     tuple-ids=5 row-size=32B cardinality=441.70M(filtered from 2.16G) cost=203537192
|     in pipelines: 06(GETNEXT)
|
24:AGGREGATE [FINALIZE]
|  output: sum:merge(cs_quantity), sum:merge(cs_wholesale_cost), sum:merge(cs_sales_price)
|  group by: d_year, cs_item_sk, cs_bill_customer_sk
|  mem-estimate=447.62MB mem-reservation=34.00MB spill-buffer=2.00MB thread-reservation=0
|  tuple-ids=13 row-size=52B cardinality=880.06M cost=5317848006
|  in pipelines: 24(GETNEXT), 12(OPEN)
|
23:EXCHANGE [HASH(d_year,cs_item_sk,cs_bill_customer_sk)]
|  mem-estimate=16.56MB mem-reservation=0B thread-reservation=0
|  tuple-ids=13 row-size=52B cardinality=880.06M cost=308284870
|  in pipelines: 12(GETNEXT)
|
F00:PLAN FRAGMENT [RANDOM] hosts=10 instances=120
Per-Host Shared Resources: mem-estimate=10.00MB mem-reservation=10.00MB thread-reservation=0 runtime-filters-memory=10.00MB
Per-Instance Resources: mem-estimate=377.97MB mem-reservation=35.00MB thread-reservation=1
max-parallelism=374 segment-costs=[7117114947, 3400550209] cpu-comparison-result=120 [max(120 (self) vs 31 (sum children))]
17:AGGREGATE [STREAMING]
|  output: sum(CAST(cs_quantity AS BIGINT)), sum(cs_wholesale_cost), sum(cs_sales_price)
|  group by: d_year, cs_item_sk, cs_bill_customer_sk
|  mem-estimate=335.72MB mem-reservation=34.00MB spill-buffer=2.00MB thread-reservation=0
|  tuple-ids=13 row-size=52B cardinality=880.06M cost=5317848006
|  in pipelines: 12(GETNEXT)
|
16:HASH JOIN [INNER JOIN, BROADCAST]
|  hash-table-id=06
|  hash predicates: cs_sold_date_sk = d_date_sk
|  fk/pk conjuncts: cs_sold_date_sk = d_date_sk
|  mem-estimate=0B mem-reservation=0B spill-buffer=64.00KB thread-reservation=0
|  tuple-ids=10,11N,12 row-size=52B cardinality=880.06M cost=385202077
|  in pipelines: 12(GETNEXT), 14(OPEN)
|
|--F19:PLAN FRAGMENT [RANDOM] hosts=10 instances=10
|  |  Per-Instance Resources: mem-estimate=24.27MB mem-reservation=24.25MB thread-reservation=1 runtime-filters-memory=1.00MB
|  |  max-parallelism=10 segment-costs=[863]
|  JOIN BUILD
|  |  join-table-id=06 plan-id=07 cohort-id=01
|  |  build expressions: d_date_sk
|  |  runtime filters: RF006[bloom] <- d_date_sk
|  |  mem-estimate=23.25MB mem-reservation=23.25MB spill-buffer=64.00KB thread-reservation=0 cost=373
|  |
|  22:EXCHANGE [BROADCAST]
|  |  mem-estimate=16.00KB mem-reservation=0B thread-reservation=0
|  |  tuple-ids=12 row-size=8B cardinality=373 cost=490
|  |  in pipelines: 14(GETNEXT)
|  |
|  F02:PLAN FRAGMENT [RANDOM] hosts=1 instances=1
|  Per-Host Shared Resources: mem-estimate=1.00MB mem-reservation=1.00MB thread-reservation=0 runtime-filters-memory=1.00MB
|  Per-Instance Resources: mem-estimate=16.05MB mem-reservation=512.00KB thread-reservation=1
|  max-parallelism=1 segment-costs=[10483]
|  14:SCAN HDFS [tpcds_partitioned_parquet_snap.date_dim, RANDOM]
|     HDFS partitions=1/1 files=1 size=2.17MB
|     predicates: tpcds_partitioned_parquet_snap.date_dim.d_year = CAST(2002 AS INT)
|     runtime filters: RF000[bloom] -> tpcds_partitioned_parquet_snap.date_dim.d_year
|     stored statistics:
|       table: rows=73.05K size=2.17MB
|       columns: all
|     extrapolated-rows=disabled max-scan-range-rows=73.05K
|     parquet statistics predicates: tpcds_partitioned_parquet_snap.date_dim.d_year = CAST(2002 AS INT)
|     parquet dictionary predicates: tpcds_partitioned_parquet_snap.date_dim.d_year = CAST(2002 AS INT)
|     mem-estimate=16.00MB mem-reservation=512.00KB thread-reservation=0
|     tuple-ids=12 row-size=8B cardinality=373 cost=10467
|     in pipelines: 14(GETNEXT)
|
15:HASH JOIN [LEFT OUTER JOIN, BROADCAST]
|  hash-table-id=07
|  hash predicates: cs_item_sk = cr_item_sk, cs_order_number = cr_order_number
|  fk/pk conjuncts: cs_item_sk = cr_item_sk, cs_order_number = cr_order_number
|  other predicates: cr_order_number IS NULL
|  mem-estimate=0B mem-reservation=0B spill-buffer=2.00MB thread-reservation=0
|  tuple-ids=10,11N row-size=44B cardinality=880.06M(filtered from 4.32G) cost=1008533411
|  in pipelines: 12(GETNEXT), 13(OPEN)
|
|--F20:PLAN FRAGMENT [RANDOM] hosts=10 instances=10
|  |  Per-Instance Resources: mem-estimate=16.84GB mem-reservation=408.00MB thread-reservation=1
|  |  max-parallelism=10 segment-costs=[1006167571]
|  JOIN BUILD
|  |  join-table-id=07 plan-id=08 cohort-id=01
|  |  build expressions: cr_item_sk, cr_order_number
|  |  mem-estimate=16.83GB mem-reservation=408.00MB spill-buffer=2.00MB thread-reservation=0 cost=432016991
|  |
|  21:EXCHANGE [BROADCAST]
|  |  mem-estimate=10.16MB mem-reservation=0B thread-reservation=0
|  |  tuple-ids=11 row-size=12B cardinality=432.02M cost=574150580
|  |  in pipelines: 13(GETNEXT)
|  |
|  F01:PLAN FRAGMENT [RANDOM] hosts=10 instances=10 (adjusted from 120)
|  Per-Host Shared Resources: mem-estimate=1.00MB mem-reservation=1.00MB thread-reservation=0 runtime-filters-memory=1.00MB
|  Per-Instance Resources: mem-estimate=16.06MB mem-reservation=32.00KB thread-reservation=1
|  max-parallelism=10 segment-costs=[97981453]
|  13:SCAN HDFS [tpcds_partitioned_parquet_snap.catalog_returns, RANDOM]
|     HDFS partitions=2060/2060 files=2060 size=30.47MB
|     runtime filters: RF005[min_max] -> tpcds_partitioned_parquet_snap.catalog_returns.cr_item_sk, RF002[bloom] -> tpcds_partitioned_parquet_snap.catalog_returns.cr_item_sk
|     stored statistics:
|       table: rows=432.02M size=32.77GB
|       partitions: 2060/2060 rows=432.02M
|       columns: all
|     extrapolated-rows=disabled max-scan-range-rows=416.82K
|     mem-estimate=16.00MB mem-reservation=32.00KB thread-reservation=0
|     tuple-ids=11 row-size=12B cardinality=432.02M cost=74652536
|     in pipelines: 13(GETNEXT)
|
12:SCAN HDFS [tpcds_partitioned_parquet_snap.catalog_sales, RANDOM]
   HDFS partitions=1831/1831 files=1831 size=150.82MB
   runtime filters: RF004[min_max] -> tpcds_partitioned_parquet_snap.catalog_sales.cs_bill_customer_sk, RF005[min_max] -> tpcds_partitioned_parquet_snap.catalog_sales.cs_item_sk, RF001[bloom] -> tpcds_partitioned_parquet_snap.catalog_sales.cs_bill_customer_sk, RF002[bloom] -> tpcds_partitioned_parquet_snap.catalog_sales.cs_item_sk, RF006[bloom] -> cs_sold_date_sk
   stored statistics:
     table: rows=4.32G size=280.96GB
     partitions: 1831/1831 rows=4.32G
     columns: all
   extrapolated-rows=disabled max-scan-range-rows=21.52M est-scan-range=374(filtered from 1831)
   mem-estimate=16.00MB mem-reservation=1.00MB thread-reservation=0
   tuple-ids=10 row-size=32B cardinality=880.06M(filtered from 4.32G) cost=405531453
   in pipelines: 12(GETNEXT)
---- PARALLELPLANS
Max Per-Host Resource Reservation: Memory=4.33GB Threads=198
Per-Host Resource Estimates: Memory=43.87GB
F15:PLAN FRAGMENT [UNPARTITIONED] hosts=1 instances=1
|  Per-Instance Resources: mem-estimate=5.19MB mem-reservation=4.00MB thread-reservation=1
|  max-parallelism=1 segment-costs=[1045] cpu-comparison-result=731 [max(1 (self) vs 731 (sum children))]
PLAN-ROOT SINK
|  output exprs: ss_sold_year, ss_item_sk, ss_customer_sk, round(ss_qty / (coalesce(ws_qty, 0) + coalesce(cs_qty, 0)), 2), ss_qty, ss_wc, ss_sp, coalesce(ws_qty, 0) + coalesce(cs_qty, 0), coalesce(ws_wc, 0) + coalesce(cs_wc, 0), coalesce(ws_sp, 0) + coalesce(cs_sp, 0)
|  mem-estimate=4.00MB mem-reservation=4.00MB spill-buffer=2.00MB thread-reservation=0 cost=1000
|
38:MERGING-EXCHANGE [UNPARTITIONED]
|  order by: ss_sold_year ASC, ss_item_sk ASC, ss_customer_sk ASC, ss_qty DESC, ss_wc DESC, ss_sp DESC, coalesce(ws_qty, 0) + coalesce(cs_qty, 0) ASC, coalesce(ws_wc, 0) + coalesce(cs_wc, 0) ASC, coalesce(ws_sp, 0) + coalesce(cs_sp, 0) ASC, round(ss_qty / (coalesce(ws_qty, 0) + coalesce(cs_qty, 0)), 2) ASC
|  limit: 100
|  mem-estimate=1.19MB mem-reservation=0B thread-reservation=0
|  tuple-ids=15 row-size=100B cardinality=100 cost=45
|  in pipelines: 20(GETNEXT)
|
F04:PLAN FRAGMENT [HASH(d_year,cs_item_sk,cs_bill_customer_sk)] hosts=10 instances=120
Per-Instance Resources: mem-estimate=464.18MB mem-reservation=34.00MB thread-reservation=1
max-parallelism=570 segment-costs=[5626132876, 344790029, 293] cpu-comparison-result=731 [max(120 (self) vs 731 (sum children))]
20:TOP-N [LIMIT=100]
|  order by: ss_sold_year ASC, ss_item_sk ASC, ss_customer_sk ASC, ss_qty DESC, ss_wc DESC, ss_sp DESC, coalesce(ws_qty, 0) + coalesce(cs_qty, 0) ASC, coalesce(ws_wc, 0) + coalesce(cs_wc, 0) ASC, coalesce(ws_sp, 0) + coalesce(cs_sp, 0) ASC, round(ss_qty / (coalesce(ws_qty, 0) + coalesce(cs_qty, 0)), 2) ASC
|  materialized: coalesce(ws_qty, 0) + coalesce(cs_qty, 0), coalesce(ws_wc, 0) + coalesce(cs_wc, 0), coalesce(ws_sp, 0) + coalesce(cs_sp, 0), round(ss_qty / (coalesce(ws_qty, 0) + coalesce(cs_qty, 0)), 2)
|  mem-estimate=9.77KB mem-reservation=0B thread-reservation=0
|  tuple-ids=15 row-size=100B cardinality=100 cost=117421332
|  in pipelines: 20(GETNEXT), 25(OPEN)
|
19:HASH JOIN [RIGHT OUTER JOIN, PARTITIONED]
|  hash-table-id=00
|  hash predicates: d_year = d_year, cs_bill_customer_sk = ss_customer_sk, cs_item_sk = ss_item_sk
|  fk/pk conjuncts: cs_bill_customer_sk = ss_customer_sk, cs_item_sk = ss_item_sk
|  other predicates: (coalesce(sum(ws_quantity), CAST(0 AS BIGINT)) > CAST(0 AS BIGINT) OR coalesce(sum(cs_quantity), CAST(0 AS BIGINT)) > CAST(0 AS BIGINT))
|  mem-estimate=0B mem-reservation=0B spill-buffer=1.00MB thread-reservation=0
|  tuple-ids=13N,8N,3 row-size=156B cardinality=9.01M cost=227368697
|  in pipelines: 25(GETNEXT), 30(OPEN)
|
|--F16:PLAN FRAGMENT [HASH(d_year,cs_item_sk,cs_bill_customer_sk)] hosts=10 instances=120
|  |  Per-Instance Resources: mem-estimate=50.12MB mem-reservation=27.00MB thread-reservation=1 runtime-filters-memory=10.00MB
|  |  max-parallelism=570 segment-costs=[14660172] cpu-comparison-result=491 [max(120 (self) vs 491 (sum children))]
|  JOIN BUILD
|  |  join-table-id=00 plan-id=01 cohort-id=01
|  |  build expressions: d_year, ss_customer_sk, ss_item_sk
|  |  runtime filters: RF000[bloom] <- d_year, RF001[bloom] <- ss_customer_sk, RF002[bloom] <- ss_item_sk, RF004[min_max] <- ss_customer_sk, RF005[min_max] <- ss_item_sk
|  |  mem-estimate=17.00MB mem-reservation=17.00MB spill-buffer=1.00MB thread-reservation=0 cost=9014433
|  |
|  37:EXCHANGE [HASH(d_year,ss_item_sk,ss_customer_sk)]
|  |  mem-estimate=23.12MB mem-reservation=0B thread-reservation=0
|  |  tuple-ids=8N,3 row-size=104B cardinality=9.01M cost=5645739
|  |  in pipelines: 30(GETNEXT)
|  |
|  F09:PLAN FRAGMENT [HASH(d_year,ws_item_sk,ws_bill_customer_sk)] hosts=10 instances=120
|  Per-Instance Resources: mem-estimate=277.16MB mem-reservation=34.00MB thread-reservation=1
|  max-parallelism=290 segment-costs=[2823769347, 184594023] cpu-comparison-result=491 [max(120 (self) vs 491 (sum children))]
|  18:HASH JOIN [RIGHT OUTER JOIN, PARTITIONED]
|  |  hash-table-id=01
|  |  hash predicates: d_year = d_year, ws_bill_customer_sk = ss_customer_sk, ws_item_sk = ss_item_sk
|  |  fk/pk conjuncts: ws_bill_customer_sk = ss_customer_sk, ws_item_sk = ss_item_sk
|  |  mem-estimate=0B mem-reservation=0B spill-buffer=512.00KB thread-reservation=0
|  |  tuple-ids=8N,3 row-size=104B cardinality=9.01M cost=114930485
|  |  in pipelines: 30(GETNEXT), 35(OPEN)
|  |
|  |--F17:PLAN FRAGMENT [HASH(d_year,ws_item_sk,ws_bill_customer_sk)] hosts=10 instances=120
|  |  |  Per-Instance Resources: mem-estimate=35.06MB mem-reservation=18.50MB thread-reservation=1 runtime-filters-memory=10.00MB
|  |  |  max-parallelism=290 segment-costs=[12172188] cpu-comparison-result=251 [max(120 (self) vs 251 (sum children))]
|  |  JOIN BUILD
|  |  |  join-table-id=01 plan-id=02 cohort-id=02
|  |  |  build expressions: d_year, ss_customer_sk, ss_item_sk
|  |  |  runtime filters: RF008[bloom] <- d_year, RF009[bloom] <- ss_customer_sk, RF010[bloom] <- ss_item_sk, RF012[min_max] <- ss_customer_sk, RF013[min_max] <- ss_item_sk
|  |  |  mem-estimate=8.50MB mem-reservation=8.50MB spill-buffer=512.00KB thread-reservation=0 cost=9014433
|  |  |
|  |  36:EXCHANGE [HASH(d_year,ss_item_sk,ss_customer_sk)]
|  |  |  mem-estimate=16.56MB mem-reservation=0B thread-reservation=0
|  |  |  tuple-ids=3 row-size=52B cardinality=9.01M cost=3157755
|  |  |  in pipelines: 35(GETNEXT)
|  |  |
|  |  F14:PLAN FRAGMENT [HASH(d_year,ss_item_sk,ss_customer_sk)] hosts=10 instances=120
|  |  Per-Instance Resources: mem-estimate=924.91MB mem-reservation=34.00MB thread-reservation=1
|  |  max-parallelism=1130 segment-costs=[11295160174, 34831769] cpu-comparison-result=251 [max(120 (self) vs 251 (sum children))]
|  |  35:AGGREGATE [FINALIZE]
|  |  |  output: sum:merge(ss_quantity), sum:merge(ss_wholesale_cost), sum:merge(ss_sales_price)
|  |  |  group by: d_year, ss_item_sk, ss_customer_sk
|  |  |  having: d_year = CAST(2002 AS INT)
|  |  |  mem-estimate=898.66MB mem-reservation=34.00MB spill-buffer=2.00MB thread-reservation=0
|  |  |  tuple-ids=3 row-size=52B cardinality=9.01M cost=10676240027
|  |  |  in pipelines: 35(GETNEXT), 00(OPEN)
|  |  |
|  |  34:EXCHANGE [HASH(d_year,ss_item_sk,ss_customer_sk)]
|  |  |  mem-estimate=16.56MB mem-reservation=0B thread-reservation=0
|  |  |  tuple-ids=3 row-size=52B cardinality=1.77G cost=618920147
|  |  |  in pipelines: 00(GETNEXT)
|  |  |
|  |  F12:PLAN FRAGMENT [HASH(ss_item_sk,ss_ticket_number)] hosts=10 instances=120
|  |  Per-Instance Resources: mem-estimate=714.46MB mem-reservation=34.00MB thread-reservation=1
|  |  max-parallelism=1400 segment-costs=[13924700764, 6827026687] cpu-comparison-result=251 [max(240 (self) vs 251 (sum children))]
|  |  05:AGGREGATE [STREAMING]
|  |  |  output: sum(CAST(ss_quantity AS BIGINT)), sum(ss_wholesale_cost), sum(ss_sales_price)
|  |  |  group by: d_year, ss_item_sk, ss_customer_sk
|  |  |  mem-estimate=673.99MB mem-reservation=34.00MB spill-buffer=2.00MB thread-reservation=0
|  |  |  tuple-ids=3 row-size=52B cardinality=1.77G cost=10676240027
|  |  |  in pipelines: 00(GETNEXT)
|  |  |
|  |  04:HASH JOIN [INNER JOIN, BROADCAST]
|  |  |  hash-table-id=02
|  |  |  hash predicates: ss_sold_date_sk = d_date_sk
|  |  |  fk/pk conjuncts: ss_sold_date_sk = d_date_sk
|  |  |  mem-estimate=0B mem-reservation=0B spill-buffer=64.00KB thread-reservation=0
|  |  |  tuple-ids=0,1N,2 row-size=52B cardinality=1.77G cost=773340988
|  |  |  in pipelines: 00(GETNEXT), 02(OPEN)
|  |  |
|  |  |--F18:PLAN FRAGMENT [HASH(ss_item_sk,ss_ticket_number)] hosts=10 instances=10
|  |  |  |  Per-Instance Resources: mem-estimate=24.27MB mem-reservation=24.25MB thread-reservation=1 runtime-filters-memory=1.00MB
|  |  |  |  max-parallelism=10 segment-costs=[863]
|  |  |  JOIN BUILD
|  |  |  |  join-table-id=02 plan-id=03 cohort-id=03
|  |  |  |  build expressions: d_date_sk
|  |  |  |  runtime filters: RF016[bloom] <- d_date_sk
|  |  |  |  mem-estimate=23.25MB mem-reservation=23.25MB spill-buffer=64.00KB thread-reservation=0 cost=373
|  |  |  |
|  |  |  33:EXCHANGE [BROADCAST]
|  |  |  |  mem-estimate=16.00KB mem-reservation=0B thread-reservation=0
|  |  |  |  tuple-ids=2 row-size=8B cardinality=373 cost=490
|  |  |  |  in pipelines: 02(GETNEXT)
|  |  |  |
|  |  |  F13:PLAN FRAGMENT [RANDOM] hosts=1 instances=1
|  |  |  Per-Instance Resources: mem-estimate=16.05MB mem-reservation=512.00KB thread-reservation=1
|  |  |  max-parallelism=1 segment-costs=[10483]
|  |  |  02:SCAN HDFS [tpcds_partitioned_parquet_snap.date_dim, RANDOM]
|  |  |     HDFS partitions=1/1 files=1 size=2.17MB
|  |  |     predicates: tpcds_partitioned_parquet_snap.date_dim.d_year = CAST(2002 AS INT)
|  |  |     stored statistics:
|  |  |       table: rows=73.05K size=2.17MB
|  |  |       columns: all
|  |  |     extrapolated-rows=disabled max-scan-range-rows=73.05K
|  |  |     parquet statistics predicates: tpcds_partitioned_parquet_snap.date_dim.d_year = CAST(2002 AS INT)
|  |  |     parquet dictionary predicates: tpcds_partitioned_parquet_snap.date_dim.d_year = CAST(2002 AS INT)
|  |  |     mem-estimate=16.00MB mem-reservation=512.00KB thread-reservation=0
|  |  |     tuple-ids=2 row-size=8B cardinality=373 cost=10467
|  |  |     in pipelines: 02(GETNEXT)
|  |  |
|  |  03:HASH JOIN [LEFT OUTER JOIN, PARTITIONED]
|  |  |  hash-table-id=03
|  |  |  hash predicates: ss_item_sk = sr_item_sk, ss_ticket_number = sr_ticket_number
|  |  |  fk/pk conjuncts: ss_item_sk = sr_item_sk, ss_ticket_number = sr_ticket_number
|  |  |  other predicates: sr_ticket_number IS NULL
|  |  |  mem-estimate=0B mem-reservation=0B spill-buffer=2.00MB thread-reservation=0
|  |  |  tuple-ids=0,1N row-size=44B cardinality=1.77G(filtered from 8.64G) cost=2018747857
|  |  |  in pipelines: 00(GETNEXT), 01(OPEN)
|  |  |
|  |  |--F19:PLAN FRAGMENT [HASH(ss_item_sk,ss_ticket_number)] hosts=10 instances=120
|  |  |  |  Per-Instance Resources: mem-estimate=299.07MB mem-reservation=34.00MB thread-reservation=1
|  |  |  |  max-parallelism=1400 segment-costs=[1007669941]
|  |  |  JOIN BUILD
|  |  |  |  join-table-id=03 plan-id=04 cohort-id=03
|  |  |  |  build expressions: sr_item_sk, sr_ticket_number
|  |  |  |  mem-estimate=287.20MB mem-reservation=34.00MB spill-buffer=2.00MB thread-reservation=0 cost=863988632
|  |  |  |
|  |  |  32:EXCHANGE [HASH(sr_item_sk,sr_ticket_number)]
|  |  |  |  mem-estimate=11.88MB mem-reservation=0B thread-reservation=0
|  |  |  |  tuple-ids=1 row-size=12B cardinality=863.99M cost=143681309
|  |  |  |  in pipelines: 01(GETNEXT)
|  |  |  |
|  |  |  F11:PLAN FRAGMENT [RANDOM] hosts=10 instances=120
|  |  |  Per-Instance Resources: mem-estimate=23.50MB mem-reservation=512.00KB thread-reservation=1
|  |  |  max-parallelism=130 segment-costs=[1262114593]
|  |  |  01:SCAN HDFS [tpcds_partitioned_parquet_snap.store_returns, RANDOM]
|  |  |     HDFS partitions=2004/2004 files=2004 size=33.63MB
|  |  |     stored statistics:
|  |  |       table: rows=863.99M size=48.14GB
|  |  |       partitions: 2004/2004 rows=863.99M
|  |  |       columns: all
|  |  |     extrapolated-rows=disabled max-scan-range-rows=30.09M
|  |  |     mem-estimate=16.00MB mem-reservation=512.00KB thread-reservation=0
|  |  |     tuple-ids=1 row-size=12B cardinality=863.99M cost=149297235
|  |  |     in pipelines: 01(GETNEXT)
|  |  |
|  |  31:EXCHANGE [HASH(ss_item_sk,ss_ticket_number)]
|  |  |  mem-estimate=14.22MB mem-reservation=0B thread-reservation=0
|  |  |  tuple-ids=0 row-size=32B cardinality=1.77G(filtered from 8.64G) cost=456371892
|  |  |  in pipelines: 00(GETNEXT)
|  |  |
|  |  F10:PLAN FRAGMENT [RANDOM] hosts=10 instances=120
|  |  Per-Host Shared Resources: mem-estimate=1.00MB mem-reservation=1.00MB thread-reservation=0 runtime-filters-memory=1.00MB
|  |  Per-Instance Resources: mem-estimate=32.88MB mem-reservation=8.00MB thread-reservation=1
|  |  max-parallelism=374 segment-costs=[5365505860]
|  |  00:SCAN HDFS [tpcds_partitioned_parquet_snap.store_sales, RANDOM]
|  |     HDFS partitions=1824/1824 files=1824 size=199.33MB
|  |     runtime filters: RF016[bloom] -> ss_sold_date_sk
|  |     stored statistics:
|  |       table: rows=8.64G size=389.90GB
|  |       partitions: 1824/1824 rows=8.64G
|  |       columns: all
|  |     extrapolated-rows=disabled max-scan-range-rows=390.22M est-scan-range=374(filtered from 1824)
|  |     mem-estimate=16.00MB mem-reservation=8.00MB thread-reservation=0
|  |     tuple-ids=0 row-size=32B cardinality=1.77G(filtered from 8.64G) cost=814154735
|  |     in pipelines: 00(GETNEXT)
|  |
|  30:AGGREGATE [FINALIZE]
|  |  output: sum:merge(ws_quantity), sum:merge(ws_wholesale_cost), sum:merge(ws_sales_price)
|  |  group by: d_year, ws_item_sk, ws_bill_customer_sk
|  |  mem-estimate=224.66MB mem-reservation=34.00MB spill-buffer=2.00MB thread-reservation=0
|  |  tuple-ids=8 row-size=52B cardinality=441.70M cost=2669040445
|  |  in pipelines: 30(GETNEXT), 06(OPEN)
|  |
|  29:EXCHANGE [HASH(d_year,ws_item_sk,ws_bill_customer_sk)]
|  |  mem-estimate=16.56MB mem-reservation=0B thread-reservation=0
|  |  tuple-ids=8 row-size=52B cardinality=441.70M cost=154728902
|  |  in pipelines: 06(GETNEXT)
|  |
|  F07:PLAN FRAGMENT [HASH(ws_item_sk,ws_order_number)] hosts=10 instances=120
|  Per-Instance Resources: mem-estimate=208.97MB mem-reservation=34.00MB thread-reservation=1
|  max-parallelism=350 segment-costs=[3481149677, 1706744163] cpu-comparison-result=240 [max(240 (self) vs 171 (sum children))]
|  11:AGGREGATE [STREAMING]
|  |  output: sum(CAST(ws_quantity AS BIGINT)), sum(ws_wholesale_cost), sum(ws_sales_price)
|  |  group by: d_year, ws_item_sk, ws_bill_customer_sk
|  |  mem-estimate=168.50MB mem-reservation=34.00MB spill-buffer=2.00MB thread-reservation=0
|  |  tuple-ids=8 row-size=52B cardinality=441.70M cost=2669040445
|  |  in pipelines: 06(GETNEXT)
|  |
|  10:HASH JOIN [INNER JOIN, BROADCAST]
|  |  hash-table-id=04
|  |  hash predicates: ws_sold_date_sk = d_date_sk
|  |  fk/pk conjuncts: ws_sold_date_sk = d_date_sk
|  |  mem-estimate=0B mem-reservation=0B spill-buffer=64.00KB thread-reservation=0
|  |  tuple-ids=5,6N,7 row-size=52B cardinality=441.70M cost=193333830
|  |  in pipelines: 06(GETNEXT), 08(OPEN)
|  |
|  |--F20:PLAN FRAGMENT [HASH(ws_item_sk,ws_order_number)] hosts=10 instances=10
|  |  |  Per-Instance Resources: mem-estimate=24.27MB mem-reservation=24.25MB thread-reservation=1 runtime-filters-memory=1.00MB
|  |  |  max-parallelism=10 segment-costs=[863]
|  |  JOIN BUILD
|  |  |  join-table-id=04 plan-id=05 cohort-id=02
|  |  |  build expressions: d_date_sk
|  |  |  runtime filters: RF014[bloom] <- d_date_sk
|  |  |  mem-estimate=23.25MB mem-reservation=23.25MB spill-buffer=64.00KB thread-reservation=0 cost=373
|  |  |
|  |  28:EXCHANGE [BROADCAST]
|  |  |  mem-estimate=16.00KB mem-reservation=0B thread-reservation=0
|  |  |  tuple-ids=7 row-size=8B cardinality=373 cost=490
|  |  |  in pipelines: 08(GETNEXT)
|  |  |
|  |  F08:PLAN FRAGMENT [RANDOM] hosts=1 instances=1
|  |  Per-Host Shared Resources: mem-estimate=1.00MB mem-reservation=1.00MB thread-reservation=0 runtime-filters-memory=1.00MB
|  |  Per-Instance Resources: mem-estimate=16.05MB mem-reservation=512.00KB thread-reservation=1
|  |  max-parallelism=1 segment-costs=[10483]
|  |  08:SCAN HDFS [tpcds_partitioned_parquet_snap.date_dim, RANDOM]
|  |     HDFS partitions=1/1 files=1 size=2.17MB
|  |     predicates: tpcds_partitioned_parquet_snap.date_dim.d_year = CAST(2002 AS INT)
|  |     runtime filters: RF008[bloom] -> tpcds_partitioned_parquet_snap.date_dim.d_year
|  |     stored statistics:
|  |       table: rows=73.05K size=2.17MB
|  |       columns: all
|  |     extrapolated-rows=disabled max-scan-range-rows=73.05K
|  |     parquet statistics predicates: tpcds_partitioned_parquet_snap.date_dim.d_year = CAST(2002 AS INT)
|  |     parquet dictionary predicates: tpcds_partitioned_parquet_snap.date_dim.d_year = CAST(2002 AS INT)
|  |     mem-estimate=16.00MB mem-reservation=512.00KB thread-reservation=0
|  |     tuple-ids=7 row-size=8B cardinality=373 cost=10467
|  |     in pipelines: 08(GETNEXT)
|  |
|  09:HASH JOIN [LEFT OUTER JOIN, PARTITIONED]
|  |  hash-table-id=05
|  |  hash predicates: ws_item_sk = wr_item_sk, ws_order_number = wr_order_number
|  |  fk/pk conjuncts: ws_item_sk = wr_item_sk, ws_order_number = wr_order_number
|  |  other predicates: wr_order_number IS NULL
|  |  mem-estimate=0B mem-reservation=0B spill-buffer=2.00MB thread-reservation=0
|  |  tuple-ids=5,6N row-size=44B cardinality=441.70M(filtered from 2.16G) cost=504683265
|  |  in pipelines: 06(GETNEXT), 07(OPEN)
|  |
|  |--F21:PLAN FRAGMENT [HASH(ws_item_sk,ws_order_number)] hosts=10 instances=120
|  |  |  Per-Instance Resources: mem-estimate=82.42MB mem-reservation=34.00MB thread-reservation=1
|  |  |  max-parallelism=350 segment-costs=[251923932]
|  |  JOIN BUILD
|  |  |  join-table-id=05 plan-id=06 cohort-id=02
|  |  |  build expressions: wr_item_sk, wr_order_number
|  |  |  mem-estimate=71.80MB mem-reservation=34.00MB spill-buffer=2.00MB thread-reservation=0 cost=216002686
|  |  |
|  |  27:EXCHANGE [HASH(wr_item_sk,wr_order_number)]
|  |  |  mem-estimate=10.62MB mem-reservation=0B thread-reservation=0
|  |  |  tuple-ids=6 row-size=12B cardinality=216.00M cost=35921246
|  |  |  in pipelines: 07(GETNEXT)
|  |  |
|  |  F06:PLAN FRAGMENT [RANDOM] hosts=10 instances=40 (adjusted from 120)
|  |  Per-Host Shared Resources: mem-estimate=1.00MB mem-reservation=1.00MB thread-reservation=0 runtime-filters-memory=1.00MB
|  |  Per-Instance Resources: mem-estimate=23.50MB mem-reservation=256.00KB thread-reservation=1
|  |  max-parallelism=40 segment-costs=[315536723]
|  |  07:SCAN HDFS [tpcds_partitioned_parquet_snap.web_returns, RANDOM]
|  |     HDFS partitions=2114/2114 files=2114 size=20.70MB
|  |     runtime filters: RF013[min_max] -> tpcds_partitioned_parquet_snap.web_returns.wr_item_sk, RF010[bloom] -> tpcds_partitioned_parquet_snap.web_returns.wr_item_sk
|  |     stored statistics:
|  |       table: rows=216.00M size=16.74GB
|  |       partitions: 2114/2114 rows=216.00M
|  |       columns: all
|  |     extrapolated-rows=disabled max-scan-range-rows=9.41M
|  |     mem-estimate=16.00MB mem-reservation=256.00KB thread-reservation=0
|  |     tuple-ids=6 row-size=12B cardinality=216.00M cost=37325264
|  |     in pipelines: 07(GETNEXT)
|  |
|  26:EXCHANGE [HASH(ws_item_sk,ws_order_number)]
|  |  mem-estimate=14.22MB mem-reservation=0B thread-reservation=0
|  |  tuple-ids=5 row-size=32B cardinality=441.70M(filtered from 2.16G) cost=114092137
|  |  in pipelines: 06(GETNEXT)
|  |
|  F05:PLAN FRAGMENT [RANDOM] hosts=10 instances=120
|  Per-Host Shared Resources: mem-estimate=10.00MB mem-reservation=10.00MB thread-reservation=0 runtime-filters-memory=10.00MB
|  Per-Instance Resources: mem-estimate=32.88MB mem-reservation=128.00KB thread-reservation=1
|  max-parallelism=140 segment-costs=[1341366634]
|  06:SCAN HDFS [tpcds_partitioned_parquet_snap.web_sales, RANDOM]
|     HDFS partitions=1824/1824 files=1824 size=84.18MB
|     runtime filters: RF012[min_max] -> tpcds_partitioned_parquet_snap.web_sales.ws_bill_customer_sk, RF013[min_max] -> tpcds_partitioned_parquet_snap.web_sales.ws_item_sk, RF009[bloom] -> tpcds_partitioned_parquet_snap.web_sales.ws_bill_customer_sk, RF010[bloom] -> tpcds_partitioned_parquet_snap.web_sales.ws_item_sk, RF014[bloom] -> ws_sold_date_sk
|     stored statistics:
|       table: rows=2.16G size=145.75GB
|       partitions: 1824/1824 rows=2.16G
|       columns: all
|     extrapolated-rows=disabled max-scan-range-rows=3.37M est-scan-range=374(filtered from 1824)
|     mem-estimate=16.00MB mem-reservation=128.00KB thread-reservation=0
|     tuple-ids=5 row-size=32B cardinality=441.70M(filtered from 2.16G) cost=203537192
|     in pipelines: 06(GETNEXT)
|
25:AGGREGATE [FINALIZE]
|  output: sum:merge(cs_quantity), sum:merge(cs_wholesale_cost), sum:merge(cs_sales_price)
|  group by: d_year, cs_item_sk, cs_bill_customer_sk
|  mem-estimate=447.62MB mem-reservation=34.00MB spill-buffer=2.00MB thread-reservation=0
|  tuple-ids=13 row-size=52B cardinality=880.06M cost=5317848006
|  in pipelines: 25(GETNEXT), 12(OPEN)
|
24:EXCHANGE [HASH(d_year,cs_item_sk,cs_bill_customer_sk)]
|  mem-estimate=16.56MB mem-reservation=0B thread-reservation=0
|  tuple-ids=13 row-size=52B cardinality=880.06M cost=308284870
|  in pipelines: 12(GETNEXT)
|
F02:PLAN FRAGMENT [HASH(cs_item_sk,cs_order_number)] hosts=10 instances=120
Per-Instance Resources: mem-estimate=376.18MB mem-reservation=34.00MB thread-reservation=1
max-parallelism=700 segment-costs=[6938902882, 3400550209] cpu-comparison-result=240 [max(240 (self) vs 201 (sum children))]
17:AGGREGATE [STREAMING]
|  output: sum(CAST(cs_quantity AS BIGINT)), sum(cs_wholesale_cost), sum(cs_sales_price)
|  group by: d_year, cs_item_sk, cs_bill_customer_sk
|  mem-estimate=335.72MB mem-reservation=34.00MB spill-buffer=2.00MB thread-reservation=0
|  tuple-ids=13 row-size=52B cardinality=880.06M cost=5317848006
|  in pipelines: 12(GETNEXT)
|
16:HASH JOIN [INNER JOIN, BROADCAST]
|  hash-table-id=06
|  hash predicates: cs_sold_date_sk = d_date_sk
|  fk/pk conjuncts: cs_sold_date_sk = d_date_sk
|  mem-estimate=0B mem-reservation=0B spill-buffer=64.00KB thread-reservation=0
|  tuple-ids=10,11N,12 row-size=52B cardinality=880.06M cost=385202077
|  in pipelines: 12(GETNEXT), 14(OPEN)
|
|--F22:PLAN FRAGMENT [HASH(cs_item_sk,cs_order_number)] hosts=10 instances=10
|  |  Per-Instance Resources: mem-estimate=24.27MB mem-reservation=24.25MB thread-reservation=1 runtime-filters-memory=1.00MB
|  |  max-parallelism=10 segment-costs=[863]
|  JOIN BUILD
|  |  join-table-id=06 plan-id=07 cohort-id=01
|  |  build expressions: d_date_sk
|  |  runtime filters: RF006[bloom] <- d_date_sk
|  |  mem-estimate=23.25MB mem-reservation=23.25MB spill-buffer=64.00KB thread-reservation=0 cost=373
|  |
|  23:EXCHANGE [BROADCAST]
|  |  mem-estimate=16.00KB mem-reservation=0B thread-reservation=0
|  |  tuple-ids=12 row-size=8B cardinality=373 cost=490
|  |  in pipelines: 14(GETNEXT)
|  |
|  F03:PLAN FRAGMENT [RANDOM] hosts=1 instances=1
|  Per-Host Shared Resources: mem-estimate=1.00MB mem-reservation=1.00MB thread-reservation=0 runtime-filters-memory=1.00MB
|  Per-Instance Resources: mem-estimate=16.05MB mem-reservation=512.00KB thread-reservation=1
|  max-parallelism=1 segment-costs=[10483]
|  14:SCAN HDFS [tpcds_partitioned_parquet_snap.date_dim, RANDOM]
|     HDFS partitions=1/1 files=1 size=2.17MB
|     predicates: tpcds_partitioned_parquet_snap.date_dim.d_year = CAST(2002 AS INT)
|     runtime filters: RF000[bloom] -> tpcds_partitioned_parquet_snap.date_dim.d_year
|     stored statistics:
|       table: rows=73.05K size=2.17MB
|       columns: all
|     extrapolated-rows=disabled max-scan-range-rows=73.05K
|     parquet statistics predicates: tpcds_partitioned_parquet_snap.date_dim.d_year = CAST(2002 AS INT)
|     parquet dictionary predicates: tpcds_partitioned_parquet_snap.date_dim.d_year = CAST(2002 AS INT)
|     mem-estimate=16.00MB mem-reservation=512.00KB thread-reservation=0
|     tuple-ids=12 row-size=8B cardinality=373 cost=10467
|     in pipelines: 14(GETNEXT)
|
15:HASH JOIN [LEFT OUTER JOIN, PARTITIONED]
|  hash-table-id=07
|  hash predicates: cs_item_sk = cr_item_sk, cs_order_number = cr_order_number
|  fk/pk conjuncts: cs_item_sk = cr_item_sk, cs_order_number = cr_order_number
|  other predicates: cr_order_number IS NULL
|  mem-estimate=0B mem-reservation=0B spill-buffer=2.00MB thread-reservation=0
|  tuple-ids=10,11N row-size=44B cardinality=880.06M(filtered from 4.32G) cost=1008533411
|  in pipelines: 12(GETNEXT), 13(OPEN)
|
|--F23:PLAN FRAGMENT [HASH(cs_item_sk,cs_order_number)] hosts=10 instances=120
|  |  Per-Instance Resources: mem-estimate=154.69MB mem-reservation=34.00MB thread-reservation=1
|  |  max-parallelism=700 segment-costs=[503861416]
|  JOIN BUILD
|  |  join-table-id=07 plan-id=08 cohort-id=01
|  |  build expressions: cr_item_sk, cr_order_number
|  |  mem-estimate=143.60MB mem-reservation=34.00MB spill-buffer=2.00MB thread-reservation=0 cost=432016991
|  |
|  22:EXCHANGE [HASH(cr_item_sk,cr_order_number)]
|  |  mem-estimate=11.09MB mem-reservation=0B thread-reservation=0
|  |  tuple-ids=11 row-size=12B cardinality=432.02M cost=71844425
|  |  in pipelines: 13(GETNEXT)
|  |
|  F01:PLAN FRAGMENT [RANDOM] hosts=10 instances=70 (adjusted from 120)
|  Per-Host Shared Resources: mem-estimate=1.00MB mem-reservation=1.00MB thread-reservation=0 runtime-filters-memory=1.00MB
|  Per-Instance Resources: mem-estimate=23.50MB mem-reservation=32.00KB thread-reservation=1
|  max-parallelism=70 segment-costs=[631090420]
|  13:SCAN HDFS [tpcds_partitioned_parquet_snap.catalog_returns, RANDOM]
|     HDFS partitions=2060/2060 files=2060 size=30.47MB
|     runtime filters: RF005[min_max] -> tpcds_partitioned_parquet_snap.catalog_returns.cr_item_sk, RF002[bloom] -> tpcds_partitioned_parquet_snap.catalog_returns.cr_item_sk
|     stored statistics:
|       table: rows=432.02M size=32.77GB
|       partitions: 2060/2060 rows=432.02M
|       columns: all
|     extrapolated-rows=disabled max-scan-range-rows=416.82K
|     mem-estimate=16.00MB mem-reservation=32.00KB thread-reservation=0
|     tuple-ids=11 row-size=12B cardinality=432.02M cost=74652536
|     in pipelines: 13(GETNEXT)
|
21:EXCHANGE [HASH(cs_item_sk,cs_order_number)]
|  mem-estimate=14.22MB mem-reservation=0B thread-reservation=0
|  tuple-ids=10 row-size=32B cardinality=880.06M(filtered from 4.32G) cost=227319388
|  in pipelines: 12(GETNEXT)
|
F00:PLAN FRAGMENT [RANDOM] hosts=10 instances=120
Per-Host Shared Resources: mem-estimate=10.00MB mem-reservation=10.00MB thread-reservation=0 runtime-filters-memory=10.00MB
Per-Instance Resources: mem-estimate=32.88MB mem-reservation=1.00MB thread-reservation=1
max-parallelism=270 segment-costs=[2672564925]
12:SCAN HDFS [tpcds_partitioned_parquet_snap.catalog_sales, RANDOM]
   HDFS partitions=1831/1831 files=1831 size=150.82MB
   runtime filters: RF004[min_max] -> tpcds_partitioned_parquet_snap.catalog_sales.cs_bill_customer_sk, RF005[min_max] -> tpcds_partitioned_parquet_snap.catalog_sales.cs_item_sk, RF001[bloom] -> tpcds_partitioned_parquet_snap.catalog_sales.cs_bill_customer_sk, RF002[bloom] -> tpcds_partitioned_parquet_snap.catalog_sales.cs_item_sk, RF006[bloom] -> cs_sold_date_sk
   stored statistics:
     table: rows=4.32G size=280.96GB
     partitions: 1831/1831 rows=4.32G
     columns: all
   extrapolated-rows=disabled max-scan-range-rows=21.52M est-scan-range=374(filtered from 1831)
   mem-estimate=16.00MB mem-reservation=1.00MB thread-reservation=0
   tuple-ids=10 row-size=32B cardinality=880.06M(filtered from 4.32G) cost=405531453
   in pipelines: 12(GETNEXT)
====
