# TPCDS-Q24-1 first of two queries
# start query 24 in stream 0 using template query24.tpl using seed 939102239
with ssales as
(select c_last_name
      ,c_first_name
      ,s_store_name
      ,ca_state
      ,s_state
      ,i_color
      ,i_current_price
      ,i_manager_id
      ,i_units
      ,i_size
      ,sum(ss_net_paid) netpaid
from store_sales
    ,store_returns
    ,store
    ,item
    ,customer
    ,customer_address
where ss_ticket_number = sr_ticket_number
  and ss_item_sk = sr_item_sk
  and ss_customer_sk = c_customer_sk
  and ss_item_sk = i_item_sk
  and ss_store_sk = s_store_sk
  and c_current_addr_sk = ca_address_sk
  and c_birth_country <> upper(ca_country)
  and s_zip = ca_zip
and s_market_id=10
group by c_last_name
        ,c_first_name
        ,s_store_name
        ,ca_state
        ,s_state
        ,i_color
        ,i_current_price
        ,i_manager_id
        ,i_units
        ,i_size)
select c_last_name
      ,c_first_name
      ,s_store_name
      ,sum(netpaid) paid
from ssales
where i_color = 'navy'
group by c_last_name
        ,c_first_name
        ,s_store_name
having sum(netpaid) > (select 0.05*avg(netpaid)
                                 from ssales)
order by c_last_name
        ,c_first_name
        ,s_store_name
;
---- PLAN
Max Per-Host Resource Reservation: Memory=386.44MB Threads=1
Per-Host Resource Estimates: Memory=45.50GB
F00:PLAN FRAGMENT [UNPARTITIONED] hosts=1 instances=1
|  Per-Instance Resources: mem-estimate=45.50GB mem-reservation=386.44MB thread-reservation=1 runtime-filters-memory=70.00MB
|  max-parallelism=1 segment-costs=[3377451356, 70632335, 13483169990, 77261318, 42670965, 47865236]
PLAN-ROOT SINK
|  output exprs: $c$1, $c$2, $c$3, $c$4
|  mem-estimate=100.00MB mem-reservation=4.00MB spill-buffer=2.00MB thread-reservation=0 cost=47865236
|
27:SORT
|  order by: $c$1 ASC, $c$2 ASC, $c$3 ASC
|  mem-estimate=774.94MB mem-reservation=12.00MB spill-buffer=2.00MB thread-reservation=0
|  tuple-ids=21 row-size=68B cardinality=11.97M cost=40219069
|  in pipelines: 27(GETNEXT), 12(OPEN)
|
26:NESTED LOOP JOIN [INNER JOIN]
|  predicates: sum(netpaid) > CAST(0.05 AS DECIMAL(2,2)) * avg(netpaid)
|  mem-estimate=16B mem-reservation=0B thread-reservation=0
|  tuple-ids=8,19 row-size=84B cardinality=11.97M cost=2451896
|  in pipelines: 12(GETNEXT), 25(OPEN)
|
|--25:AGGREGATE [FINALIZE]
|  |  output: avg(sum(ss_net_paid))
|  |  mem-estimate=16.00KB mem-reservation=0B spill-buffer=2.00MB thread-reservation=0
|  |  tuple-ids=19 row-size=16B cardinality=1 cost=77261318
|  |  in pipelines: 25(GETNEXT), 24(OPEN)
|  |
|  24:AGGREGATE [FINALIZE]
|  |  output: sum(ss_net_paid)
|  |  group by: c_last_name, c_first_name, s_store_name, ca_state, s_state, i_color, i_current_price, i_manager_id, i_units, i_size
|  |  mem-estimate=851.88MB mem-reservation=34.00MB spill-buffer=2.00MB thread-reservation=0
|  |  tuple-ids=16 row-size=154B cardinality=1.10G cost=6514895149
|  |  in pipelines: 24(GETNEXT), 13(OPEN)
|  |
|  23:HASH JOIN [INNER JOIN]
|  |  hash predicates: c_current_addr_sk = ca_address_sk, s_zip = ca_zip
|  |  fk/pk conjuncts: c_current_addr_sk = ca_address_sk
|  |  other predicates: c_birth_country != upper(ca_country)
|  |  runtime filters: RF016[min_max] <- ca_address_sk, RF017[min_max] <- ca_zip
|  |  mem-estimate=1.21GB mem-reservation=34.00MB spill-buffer=2.00MB thread-reservation=0
|  |  tuple-ids=10,12,11,14,13,15 row-size=278B cardinality=1.10G cost=498103989
|  |  in pipelines: 13(GETNEXT), 18(OPEN)
|  |
|  |--18:SCAN HDFS [tpcds_partitioned_parquet_snap.customer_address]
|  |     HDFS partitions=1/1 files=1 size=1.16MB
|  |     stored statistics:
|  |       table: rows=15.00M size=307.36MB
|  |       columns: all
|  |     extrapolated-rows=disabled max-scan-range-rows=1.58M
|  |     mem-estimate=16.00MB mem-reservation=128.00KB thread-reservation=0
|  |     tuple-ids=15 row-size=60B cardinality=15.00M cost=5184000
|  |     in pipelines: 18(GETNEXT)
|  |
|  22:HASH JOIN [INNER JOIN]
|  |  hash predicates: ss_item_sk = i_item_sk
|  |  fk/pk conjuncts: ss_item_sk = i_item_sk
|  |  runtime filters: RF018[bloom] <- i_item_sk, RF019[min_max] <- i_item_sk
|  |  mem-estimate=34.00MB mem-reservation=34.00MB spill-buffer=2.00MB thread-reservation=0
|  |  tuple-ids=10,12,11,14,13 row-size=218B cardinality=1.10G cost=483605542
|  |  in pipelines: 13(GETNEXT), 16(OPEN)
|  |
|  |--16:SCAN HDFS [tpcds_partitioned_parquet_snap.item]
|  |     HDFS partitions=1/1 files=1 size=1.73MB
|  |     stored statistics:
|  |       table: rows=360.00K size=33.54MB
|  |       columns: all
|  |     extrapolated-rows=disabled max-scan-range-rows=101.54K
|  |     mem-estimate=16.00MB mem-reservation=512.00KB thread-reservation=0
|  |     tuple-ids=13 row-size=62B cardinality=360.00K cost=134280
|  |     in pipelines: 16(GETNEXT)
|  |
|  21:HASH JOIN [INNER JOIN]
|  |  hash predicates: ss_customer_sk = c_customer_sk
|  |  fk/pk conjuncts: ss_customer_sk = c_customer_sk
|  |  runtime filters: RF020[bloom] <- c_customer_sk, RF021[min_max] <- c_customer_sk
|  |  mem-estimate=2.56GB mem-reservation=34.00MB spill-buffer=2.00MB thread-reservation=0
|  |  tuple-ids=10,12,11,14 row-size=156B cardinality=1.10G cost=538655821
|  |  in pipelines: 13(GETNEXT), 17(OPEN)
|  |
|  |--17:SCAN HDFS [tpcds_partitioned_parquet_snap.customer]
|  |     HDFS partitions=1/1 files=1 size=5.49MB
|  |     runtime filters: RF016[min_max] -> c_current_addr_sk
|  |     stored statistics:
|  |       table: rows=30.00M size=1.55GB
|  |       columns: all
|  |     extrapolated-rows=disabled max-scan-range-rows=3.10M
|  |     mem-estimate=16.00MB mem-reservation=1.00MB thread-reservation=0
|  |     tuple-ids=14 row-size=65B cardinality=30.00M cost=12388903
|  |     in pipelines: 17(GETNEXT)
|  |
|  20:HASH JOIN [INNER JOIN]
|  |  hash predicates: ss_item_sk = sr_item_sk, ss_ticket_number = sr_ticket_number
|  |  fk/pk conjuncts: ss_item_sk = sr_item_sk, ss_ticket_number = sr_ticket_number
|  |  runtime filters: RF022[bloom] <- sr_item_sk, RF023[bloom] <- sr_ticket_number, RF024[min_max] <- sr_item_sk, RF025[min_max] <- sr_ticket_number
|  |  mem-estimate=33.66GB mem-reservation=34.00MB spill-buffer=2.00MB thread-reservation=0
|  |  tuple-ids=10,12,11 row-size=91B cardinality=1.20G cost=1526289826
|  |  in pipelines: 13(GETNEXT), 14(OPEN)
|  |
|  |--14:SCAN HDFS [tpcds_partitioned_parquet_snap.store_returns]
|  |     HDFS partitions=2004/2004 files=2004 size=33.63MB
|  |     runtime filters: RF019[min_max] -> tpcds_partitioned_parquet_snap.store_returns.sr_item_sk, RF018[bloom] -> tpcds_partitioned_parquet_snap.store_returns.sr_item_sk
|  |     stored statistics:
|  |       table: rows=863.99M size=48.14GB
|  |       partitions: 2004/2004 rows=863.99M
|  |       columns: all
|  |     extrapolated-rows=disabled max-scan-range-rows=30.09M
|  |     mem-estimate=16.00MB mem-reservation=512.00KB thread-reservation=0
|  |     tuple-ids=11 row-size=12B cardinality=863.99M cost=149297235
|  |     in pipelines: 14(GETNEXT)
|  |
|  19:HASH JOIN [INNER JOIN]
|  |  hash predicates: ss_store_sk = s_store_sk
|  |  fk/pk conjuncts: ss_store_sk = s_store_sk
|  |  runtime filters: RF026[bloom] <- s_store_sk, RF027[min_max] <- s_store_sk
|  |  mem-estimate=1.94MB mem-reservation=1.94MB spill-buffer=64.00KB thread-reservation=0
|  |  tuple-ids=10,12 row-size=79B cardinality=1.73G cost=768653237
|  |  in pipelines: 13(GETNEXT), 15(OPEN)
|  |
|  |--15:SCAN HDFS [tpcds_partitioned_parquet_snap.store]
|  |     HDFS partitions=1/1 files=1 size=9.81KB
|  |     predicates: s_market_id = CAST(10 AS INT)
|  |     runtime filters: RF017[min_max] -> s_zip
|  |     stored statistics:
|  |       table: rows=1.35K size=119.76KB
|  |       columns: all
|  |     extrapolated-rows=disabled max-scan-range-rows=1.35K
|  |     parquet statistics predicates: s_market_id = CAST(10 AS INT)
|  |     parquet dictionary predicates: s_market_id = CAST(10 AS INT)
|  |     mem-estimate=16.00MB mem-reservation=40.00KB thread-reservation=0
|  |     tuple-ids=12 row-size=55B cardinality=134 cost=406
|  |     in pipelines: 15(GETNEXT)
|  |
|  13:SCAN HDFS [tpcds_partitioned_parquet_snap.store_sales]
|     HDFS partitions=1824/1824 files=1824 size=199.33MB
|     runtime filters: RF027[min_max] -> ss_store_sk, RF024[min_max] -> ss_item_sk, RF025[min_max] -> ss_ticket_number, RF021[min_max] -> ss_customer_sk, RF019[min_max] -> ss_item_sk, RF026[bloom] -> ss_store_sk, RF022[bloom] -> ss_item_sk, RF023[bloom] -> ss_ticket_number, RF020[bloom] -> ss_customer_sk, RF018[bloom] -> ss_item_sk
|     stored statistics:
|       table: rows=8.64G size=389.90GB
|       partitions: 1824/1824 rows=8.64G
|       columns: all
|     extrapolated-rows=disabled max-scan-range-rows=390.22M
|     mem-estimate=16.00MB mem-reservation=8.00MB thread-reservation=0
|     tuple-ids=10 row-size=24B cardinality=1.77G(filtered from 8.64G) cost=2985961602
|     in pipelines: 13(GETNEXT)
|
12:AGGREGATE [FINALIZE]
|  output: sum(sum(ss_net_paid))
|  group by: c_last_name, c_first_name, s_store_name
|  mem-estimate=611.97MB mem-reservation=34.00MB spill-buffer=2.00MB thread-reservation=0
|  tuple-ids=8 row-size=68B cardinality=11.97M cost=70632335
|  in pipelines: 12(GETNEXT), 11(OPEN)
|
11:AGGREGATE [FINALIZE]
|  output: sum(ss_net_paid)
|  group by: c_last_name, c_first_name, s_store_name, ca_state, s_state, i_color, i_current_price, i_manager_id, i_units, i_size
|  mem-estimate=514.70MB mem-reservation=34.00MB spill-buffer=2.00MB thread-reservation=0
|  tuple-ids=6 row-size=154B cardinality=11.97M cost=70632335
|  in pipelines: 11(GETNEXT), 01(OPEN)
|
10:HASH JOIN [INNER JOIN]
|  hash predicates: c_current_addr_sk = ca_address_sk, s_zip = ca_zip
|  fk/pk conjuncts: c_current_addr_sk = ca_address_sk
|  other predicates: c_birth_country != upper(ca_country)
|  runtime filters: RF002[min_max] <- ca_address_sk, RF003[min_max] <- ca_zip
|  mem-estimate=1.21GB mem-reservation=34.00MB spill-buffer=2.00MB thread-reservation=0
|  tuple-ids=1,0,3,2,4,5 row-size=278B cardinality=11.97M cost=20237653
|  in pipelines: 01(GETNEXT), 05(OPEN)
|
|--05:SCAN HDFS [tpcds_partitioned_parquet_snap.customer_address]
|     HDFS partitions=1/1 files=1 size=1.16MB
|     stored statistics:
|       table: rows=15.00M size=307.36MB
|       columns: all
|     extrapolated-rows=disabled max-scan-range-rows=1.58M
|     mem-estimate=16.00MB mem-reservation=128.00KB thread-reservation=0
|     tuple-ids=5 row-size=60B cardinality=15.00M cost=5184000
|     in pipelines: 05(GETNEXT)
|
09:HASH JOIN [INNER JOIN]
|  hash predicates: ss_customer_sk = c_customer_sk
|  fk/pk conjuncts: ss_customer_sk = c_customer_sk
|  runtime filters: RF004[bloom] <- c_customer_sk, RF005[min_max] <- c_customer_sk
|  mem-estimate=2.56GB mem-reservation=34.00MB spill-buffer=2.00MB thread-reservation=0
|  tuple-ids=1,0,3,2,4 row-size=218B cardinality=11.97M cost=35511921
|  in pipelines: 01(GETNEXT), 04(OPEN)
|
|--04:SCAN HDFS [tpcds_partitioned_parquet_snap.customer]
|     HDFS partitions=1/1 files=1 size=5.49MB
|     runtime filters: RF002[min_max] -> c_current_addr_sk
|     stored statistics:
|       table: rows=30.00M size=1.55GB
|       columns: all
|     extrapolated-rows=disabled max-scan-range-rows=3.10M
|     mem-estimate=16.00MB mem-reservation=1.00MB thread-reservation=0
|     tuple-ids=4 row-size=65B cardinality=30.00M cost=12388903
|     in pipelines: 04(GETNEXT)
|
08:HASH JOIN [INNER JOIN]
|  hash predicates: sr_item_sk = ss_item_sk, sr_ticket_number = ss_ticket_number
|  fk/pk conjuncts: sr_item_sk = ss_item_sk, sr_ticket_number = ss_ticket_number
|  runtime filters: RF006[bloom] <- ss_item_sk, RF007[bloom] <- ss_ticket_number, RF008[min_max] <- ss_item_sk, RF009[min_max] <- ss_ticket_number
|  mem-estimate=2.84GB mem-reservation=34.00MB spill-buffer=2.00MB thread-reservation=0
|  tuple-ids=1,0,3,2 row-size=153B cardinality=13.04M cost=29693409
|  in pipelines: 01(GETNEXT), 00(OPEN)
|
|--07:HASH JOIN [INNER JOIN]
|  |  hash predicates: ss_store_sk = s_store_sk
|  |  fk/pk conjuncts: ss_store_sk = s_store_sk
|  |  runtime filters: RF010[bloom] <- s_store_sk, RF011[min_max] <- s_store_sk
|  |  mem-estimate=1.94MB mem-reservation=1.94MB spill-buffer=64.00KB thread-reservation=0
|  |  tuple-ids=0,3,2 row-size=141B cardinality=18.77M cost=27416156
|  |  in pipelines: 00(GETNEXT), 02(OPEN)
|  |
|  |--02:SCAN HDFS [tpcds_partitioned_parquet_snap.store]
|  |     HDFS partitions=1/1 files=1 size=9.81KB
|  |     predicates: s_market_id = CAST(10 AS INT)
|  |     runtime filters: RF003[min_max] -> s_zip
|  |     stored statistics:
|  |       table: rows=1.35K size=119.76KB
|  |       columns: all
|  |     extrapolated-rows=disabled max-scan-range-rows=1.35K
|  |     parquet statistics predicates: s_market_id = CAST(10 AS INT)
|  |     parquet dictionary predicates: s_market_id = CAST(10 AS INT)
|  |     mem-estimate=16.00MB mem-reservation=40.00KB thread-reservation=0
|  |     tuple-ids=2 row-size=55B cardinality=134 cost=406
|  |     in pipelines: 02(GETNEXT)
|  |
|  06:HASH JOIN [INNER JOIN]
|  |  hash predicates: ss_item_sk = i_item_sk
|  |  fk/pk conjuncts: ss_item_sk = i_item_sk
|  |  runtime filters: RF012[bloom] <- i_item_sk, RF013[min_max] <- i_item_sk
|  |  mem-estimate=1.94MB mem-reservation=1.94MB spill-buffer=64.00KB thread-reservation=0
|  |  tuple-ids=0,3 row-size=86B cardinality=93.62M(filtered from 93.62M) cost=40983340
|  |  in pipelines: 00(GETNEXT), 03(OPEN)
|  |
|  |--03:SCAN HDFS [tpcds_partitioned_parquet_snap.item]
|  |     HDFS partitions=1/1 files=1 size=1.73MB
|  |     predicates: tpcds_partitioned_parquet_snap.item.i_color = 'navy'
|  |     stored statistics:
|  |       table: rows=360.00K size=33.54MB
|  |       columns: all
|  |     extrapolated-rows=disabled max-scan-range-rows=101.54K
|  |     parquet statistics predicates: tpcds_partitioned_parquet_snap.item.i_color = 'navy'
|  |     parquet dictionary predicates: tpcds_partitioned_parquet_snap.item.i_color = 'navy'
|  |     mem-estimate=16.00MB mem-reservation=512.00KB thread-reservation=0
|  |     tuple-ids=3 row-size=62B cardinality=3.90K cost=144396
|  |     in pipelines: 03(GETNEXT)
|  |
|  00:SCAN HDFS [tpcds_partitioned_parquet_snap.store_sales]
|     HDFS partitions=1824/1824 files=1824 size=199.33MB
|     runtime filters: RF013[min_max] -> ss_item_sk, RF011[min_max] -> ss_store_sk, RF005[min_max] -> ss_customer_sk, RF012[bloom] -> ss_item_sk, RF010[bloom] -> ss_store_sk, RF004[bloom] -> ss_customer_sk
|     stored statistics:
|       table: rows=8.64G size=389.90GB
|       partitions: 1824/1824 rows=8.64G
|       columns: all
|     extrapolated-rows=disabled max-scan-range-rows=390.22M
|     mem-estimate=16.00MB mem-reservation=8.00MB thread-reservation=0
|     tuple-ids=0 row-size=24B cardinality=93.62M(filtered from 8.64G) cost=2985961602
|     in pipelines: 00(GETNEXT)
|
01:SCAN HDFS [tpcds_partitioned_parquet_snap.store_returns]
   HDFS partitions=2004/2004 files=2004 size=33.63MB
   runtime filters: RF008[min_max] -> sr_item_sk, RF009[min_max] -> sr_ticket_number, RF006[bloom] -> sr_item_sk, RF007[bloom] -> sr_ticket_number
   stored statistics:
     table: rows=863.99M size=48.14GB
     partitions: 2004/2004 rows=863.99M
     columns: all
   extrapolated-rows=disabled max-scan-range-rows=30.09M
   mem-estimate=16.00MB mem-reservation=512.00KB thread-reservation=0
   tuple-ids=1 row-size=12B cardinality=33.37M(filtered from 863.99M) cost=149297235
   in pipelines: 01(GETNEXT)
---- DISTRIBUTEDPLAN
Max Per-Host Resource Reservation: Memory=2.81GB Threads=94
Per-Host Resource Estimates: Memory=20.19GB
F20:PLAN FRAGMENT [UNPARTITIONED] hosts=1 instances=1
|  Per-Instance Resources: mem-estimate=178.20MB mem-reservation=4.00MB thread-reservation=1
|  max-parallelism=1 segment-costs=[52516691] cpu-comparison-result=475 [max(1 (self) vs 475 (sum children))]
PLAN-ROOT SINK
|  output exprs: $c$1, $c$2, $c$3, $c$4
|  mem-estimate=100.00MB mem-reservation=4.00MB spill-buffer=2.00MB thread-reservation=0 cost=47865236
|
51:MERGING-EXCHANGE [UNPARTITIONED]
|  order by: $c$1 ASC, $c$2 ASC, $c$3 ASC
|  mem-estimate=78.20MB mem-reservation=0B thread-reservation=0
|  tuple-ids=21 row-size=68B cardinality=11.97M cost=4651455
|  in pipelines: 27(GETNEXT)
|
F10:PLAN FRAGMENT [HASH(c_last_name,c_first_name,s_store_name)] hosts=10 instances=10 (adjusted from 120)
Per-Instance Resources: mem-estimate=168.68MB mem-reservation=46.00MB thread-reservation=1
max-parallelism=10 segment-costs=[75699697, 42670965, 25050821] cpu-comparison-result=475 [max(10 (self) vs 475 (sum children))]
27:SORT
|  order by: $c$1 ASC, $c$2 ASC, $c$3 ASC
|  mem-estimate=77.49MB mem-reservation=12.00MB spill-buffer=2.00MB thread-reservation=0
|  tuple-ids=21 row-size=68B cardinality=11.97M cost=40219069
|  in pipelines: 27(GETNEXT), 39(OPEN)
|
26:NESTED LOOP JOIN [INNER JOIN, BROADCAST]
|  join table id: 00
|  predicates: sum(netpaid) > CAST(0.05 AS DECIMAL(2,2)) * avg(netpaid)
|  mem-estimate=0B mem-reservation=0B thread-reservation=0
|  tuple-ids=8,19 row-size=84B cardinality=11.97M cost=2451896
|  in pipelines: 39(GETNEXT), 49(OPEN)
|
|--F21:PLAN FRAGMENT [HASH(c_last_name,c_first_name,s_store_name)] hosts=10 instances=10
|  |  Per-Instance Resources: mem-estimate=16.02KB mem-reservation=0B thread-reservation=1
|  |  max-parallelism=10 segment-costs=[0] cpu-comparison-result=285 [max(10 (self) vs 285 (sum children))]
|  JOIN BUILD
|  |  join-table-id=00 plan-id=01 cohort-id=01
|  |  mem-estimate=16B mem-reservation=0B thread-reservation=0 cost=0
|  |
|  50:EXCHANGE [BROADCAST]
|  |  mem-estimate=16.00KB mem-reservation=0B thread-reservation=0
|  |  tuple-ids=19 row-size=16B cardinality=1 cost=0
|  |  in pipelines: 49(GETNEXT)
|  |
|  F19:PLAN FRAGMENT [UNPARTITIONED] hosts=1 instances=1
|  Per-Instance Resources: mem-estimate=96.00KB mem-reservation=0B thread-reservation=1
|  max-parallelism=1 segment-costs=[0, 0] cpu-comparison-result=285 [max(1 (self) vs 285 (sum children))]
|  49:AGGREGATE [FINALIZE]
|  |  output: avg:merge(netpaid)
|  |  mem-estimate=16.00KB mem-reservation=0B spill-buffer=2.00MB thread-reservation=0
|  |  tuple-ids=19 row-size=16B cardinality=1 cost=0
|  |  in pipelines: 49(GETNEXT), 25(OPEN)
|  |
|  48:EXCHANGE [UNPARTITIONED]
|  |  mem-estimate=16.00KB mem-reservation=0B thread-reservation=0
|  |  tuple-ids=18 row-size=16B cardinality=1 cost=0
|  |  in pipelines: 25(GETNEXT)
|  |
|  F18:PLAN FRAGMENT [HASH(c_last_name,c_first_name,s_store_name,ca_state,s_state,i_color,i_current_price,i_manager_id,i_units,i_size)] hosts=10 instances=70 (adjusted from 120)
|  Per-Instance Resources: mem-estimate=541.28MB mem-reservation=34.00MB thread-reservation=1
|  max-parallelism=750 segment-costs=[7418435974, 77261318, 1] cpu-comparison-result=285 [max(70 (self) vs 285 (sum children))]
|  25:AGGREGATE
|  |  output: avg(sum(ss_net_paid))
|  |  mem-estimate=16.00KB mem-reservation=0B spill-buffer=2.00MB thread-reservation=0
|  |  tuple-ids=18 row-size=16B cardinality=1 cost=77261318
|  |  in pipelines: 25(GETNEXT), 47(OPEN)
|  |
|  47:AGGREGATE [FINALIZE]
|  |  output: sum:merge(ss_net_paid)
|  |  group by: c_last_name, c_first_name, s_store_name, ca_state, s_state, i_color, i_current_price, i_manager_id, i_units, i_size
|  |  mem-estimate=515.87MB mem-reservation=34.00MB spill-buffer=2.00MB thread-reservation=0
|  |  tuple-ids=16 row-size=154B cardinality=1.10G cost=6514895149
|  |  in pipelines: 47(GETNEXT), 13(OPEN)
|  |
|  46:EXCHANGE [HASH(c_last_name,c_first_name,s_store_name,ca_state,s_state,i_color,i_current_price,i_manager_id,i_units,i_size)]
|  |  mem-estimate=25.41MB mem-reservation=0B thread-reservation=0
|  |  tuple-ids=16 row-size=154B cardinality=1.10G cost=903540825
|  |  in pipelines: 13(GETNEXT)
|  |
|  F14:PLAN FRAGMENT [HASH(ss_item_sk,ss_ticket_number)] hosts=10 instances=100 (adjusted from 120)
|  Per-Instance Resources: mem-estimate=576.90MB mem-reservation=34.00MB thread-reservation=1
|  max-parallelism=1160 segment-costs=[9537419439, 11501468359] cpu-comparison-result=285 [max(220 (self) vs 285 (sum children))]
|  24:AGGREGATE [STREAMING]
|  |  output: sum(ss_net_paid)
|  |  group by: c_last_name, c_first_name, s_store_name, ca_state, s_state, i_color, i_current_price, i_manager_id, i_units, i_size
|  |  mem-estimate=513.56MB mem-reservation=34.00MB spill-buffer=2.00MB thread-reservation=0
|  |  tuple-ids=16 row-size=154B cardinality=1.10G cost=6514895149
|  |  in pipelines: 13(GETNEXT)
|  |
|  23:HASH JOIN [INNER JOIN, BROADCAST]
|  |  hash-table-id=01
|  |  hash predicates: c_current_addr_sk = ca_address_sk, s_zip = ca_zip
|  |  fk/pk conjuncts: c_current_addr_sk = ca_address_sk
|  |  other predicates: c_birth_country != upper(ca_country)
|  |  mem-estimate=0B mem-reservation=0B spill-buffer=2.00MB thread-reservation=0
|  |  tuple-ids=10,12,11,14,13,15 row-size=278B cardinality=1.10G cost=483103989
|  |  in pipelines: 13(GETNEXT), 18(OPEN)
|  |
|  |--F22:PLAN FRAGMENT [HASH(ss_item_sk,ss_ticket_number)] hosts=10 instances=10
|  |  |  Per-Instance Resources: mem-estimate=1.22GB mem-reservation=340.00MB thread-reservation=1
|  |  |  max-parallelism=10 segment-costs=[34934990]
|  |  JOIN BUILD
|  |  |  join-table-id=01 plan-id=02 cohort-id=02
|  |  |  build expressions: ca_address_sk, ca_zip
|  |  |  runtime filters: RF016[min_max] <- ca_address_sk, RF017[min_max] <- ca_zip
|  |  |  mem-estimate=1.21GB mem-reservation=340.00MB spill-buffer=2.00MB thread-reservation=0 cost=15000000
|  |  |
|  |  45:EXCHANGE [BROADCAST]
|  |  |  mem-estimate=10.62MB mem-reservation=0B thread-reservation=0
|  |  |  tuple-ids=15 row-size=60B cardinality=15.00M cost=19934990
|  |  |  in pipelines: 18(GETNEXT)
|  |  |
|  |  F17:PLAN FRAGMENT [RANDOM] hosts=10 instances=10
|  |  Per-Instance Resources: mem-estimate=16.25MB mem-reservation=128.00KB thread-reservation=1
|  |  max-parallelism=10 segment-costs=[7938000]
|  |  18:SCAN HDFS [tpcds_partitioned_parquet_snap.customer_address, RANDOM]
|  |     HDFS partitions=1/1 files=1 size=1.16MB
|  |     stored statistics:
|  |       table: rows=15.00M size=307.36MB
|  |       columns: all
|  |     extrapolated-rows=disabled max-scan-range-rows=1.58M
|  |     mem-estimate=16.00MB mem-reservation=128.00KB thread-reservation=0
|  |     tuple-ids=15 row-size=60B cardinality=15.00M cost=5184000
|  |     in pipelines: 18(GETNEXT)
|  |
|  22:HASH JOIN [INNER JOIN, BROADCAST]
|  |  hash-table-id=02
|  |  hash predicates: ss_item_sk = i_item_sk
|  |  fk/pk conjuncts: ss_item_sk = i_item_sk
|  |  mem-estimate=0B mem-reservation=0B spill-buffer=2.00MB thread-reservation=0
|  |  tuple-ids=10,12,11,14,13 row-size=218B cardinality=1.10G cost=483245542
|  |  in pipelines: 13(GETNEXT), 16(OPEN)
|  |
|  |--F23:PLAN FRAGMENT [HASH(ss_item_sk,ss_ticket_number)] hosts=10 instances=10
|  |  |  Per-Instance Resources: mem-estimate=351.26MB mem-reservation=341.00MB thread-reservation=1 runtime-filters-memory=1.00MB
|  |  |  max-parallelism=10 segment-costs=[838440]
|  |  JOIN BUILD
|  |  |  join-table-id=02 plan-id=03 cohort-id=02
|  |  |  build expressions: i_item_sk
|  |  |  runtime filters: RF018[bloom] <- i_item_sk, RF019[min_max] <- i_item_sk
|  |  |  mem-estimate=340.00MB mem-reservation=340.00MB spill-buffer=2.00MB thread-reservation=0 cost=360000
|  |  |
|  |  44:EXCHANGE [BROADCAST]
|  |  |  mem-estimate=10.26MB mem-reservation=0B thread-reservation=0
|  |  |  tuple-ids=13 row-size=62B cardinality=360.00K cost=478440
|  |  |  in pipelines: 16(GETNEXT)
|  |  |
|  |  F16:PLAN FRAGMENT [RANDOM] hosts=4 instances=4
|  |  Per-Instance Resources: mem-estimate=16.26MB mem-reservation=512.00KB thread-reservation=1
|  |  max-parallelism=4 segment-costs=[202225]
|  |  16:SCAN HDFS [tpcds_partitioned_parquet_snap.item, RANDOM]
|  |     HDFS partitions=1/1 files=1 size=1.73MB
|  |     stored statistics:
|  |       table: rows=360.00K size=33.54MB
|  |       columns: all
|  |     extrapolated-rows=disabled max-scan-range-rows=101.54K
|  |     mem-estimate=16.00MB mem-reservation=512.00KB thread-reservation=0
|  |     tuple-ids=13 row-size=62B cardinality=360.00K cost=134280
|  |     in pipelines: 16(GETNEXT)
|  |
|  21:HASH JOIN [INNER JOIN, BROADCAST]
|  |  hash-table-id=03
|  |  hash predicates: ss_customer_sk = c_customer_sk
|  |  fk/pk conjuncts: ss_customer_sk = c_customer_sk
|  |  mem-estimate=0B mem-reservation=0B spill-buffer=2.00MB thread-reservation=0
|  |  tuple-ids=10,12,11,14 row-size=156B cardinality=1.10G cost=508655821
|  |  in pipelines: 13(GETNEXT), 17(OPEN)
|  |
|  |--F24:PLAN FRAGMENT [HASH(ss_item_sk,ss_ticket_number)] hosts=10 instances=10
|  |  |  Per-Instance Resources: mem-estimate=2.58GB mem-reservation=356.00MB thread-reservation=1 runtime-filters-memory=16.00MB
|  |  |  max-parallelism=10 segment-costs=[69869990]
|  |  JOIN BUILD
|  |  |  join-table-id=03 plan-id=04 cohort-id=02
|  |  |  build expressions: c_customer_sk
|  |  |  runtime filters: RF020[bloom] <- c_customer_sk, RF021[min_max] <- c_customer_sk
|  |  |  mem-estimate=2.56GB mem-reservation=340.00MB spill-buffer=2.00MB thread-reservation=0 cost=30000000
|  |  |
|  |  43:EXCHANGE [BROADCAST]
|  |  |  mem-estimate=10.67MB mem-reservation=0B thread-reservation=0
|  |  |  tuple-ids=14 row-size=65B cardinality=30.00M cost=39869990
|  |  |  in pipelines: 17(GETNEXT)
|  |  |
|  |  F15:PLAN FRAGMENT [RANDOM] hosts=10 instances=10
|  |  Per-Instance Resources: mem-estimate=16.27MB mem-reservation=1.00MB thread-reservation=1
|  |  max-parallelism=10 segment-costs=[18275822]
|  |  17:SCAN HDFS [tpcds_partitioned_parquet_snap.customer, RANDOM]
|  |     HDFS partitions=1/1 files=1 size=5.49MB
|  |     runtime filters: RF016[min_max] -> c_current_addr_sk
|  |     stored statistics:
|  |       table: rows=30.00M size=1.55GB
|  |       columns: all
|  |     extrapolated-rows=disabled max-scan-range-rows=3.10M
|  |     mem-estimate=16.00MB mem-reservation=1.00MB thread-reservation=0
|  |     tuple-ids=14 row-size=65B cardinality=30.00M cost=12388903
|  |     in pipelines: 17(GETNEXT)
|  |
|  20:HASH JOIN [INNER JOIN, PARTITIONED]
|  |  hash-table-id=04
|  |  hash predicates: ss_item_sk = sr_item_sk, ss_ticket_number = sr_ticket_number
|  |  fk/pk conjuncts: ss_item_sk = sr_item_sk, ss_ticket_number = sr_ticket_number
|  |  mem-estimate=0B mem-reservation=0B spill-buffer=2.00MB thread-reservation=0
|  |  tuple-ids=10,12,11 row-size=91B cardinality=1.20G cost=662301194
|  |  in pipelines: 13(GETNEXT), 14(OPEN)
|  |
|  |--F25:PLAN FRAGMENT [HASH(ss_item_sk,ss_ticket_number)] hosts=10 instances=100 (adjusted from 120)
|  |  |  Per-Instance Resources: mem-estimate=373.51MB mem-reservation=51.00MB thread-reservation=1 runtime-filters-memory=17.00MB
|  |  |  max-parallelism=1160 segment-costs=[1007669941]
|  |  JOIN BUILD
|  |  |  join-table-id=04 plan-id=05 cohort-id=02
|  |  |  build expressions: sr_item_sk, sr_ticket_number
|  |  |  runtime filters: RF022[bloom] <- sr_item_sk, RF023[bloom] <- sr_ticket_number, RF024[min_max] <- sr_item_sk, RF025[min_max] <- sr_ticket_number
|  |  |  mem-estimate=344.64MB mem-reservation=34.00MB spill-buffer=2.00MB thread-reservation=0 cost=863988632
|  |  |
|  |  42:EXCHANGE [HASH(sr_item_sk,sr_ticket_number)]
|  |  |  mem-estimate=11.88MB mem-reservation=0B thread-reservation=0
|  |  |  tuple-ids=11 row-size=12B cardinality=863.99M cost=143681309
|  |  |  in pipelines: 14(GETNEXT)
|  |  |
|  |  F13:PLAN FRAGMENT [RANDOM] hosts=10 instances=120
|  |  Per-Host Shared Resources: mem-estimate=1.00MB mem-reservation=1.00MB thread-reservation=0 runtime-filters-memory=1.00MB
|  |  Per-Instance Resources: mem-estimate=22.25MB mem-reservation=512.00KB thread-reservation=1
|  |  max-parallelism=130 segment-costs=[1262114593]
|  |  14:SCAN HDFS [tpcds_partitioned_parquet_snap.store_returns, RANDOM]
|  |     HDFS partitions=2004/2004 files=2004 size=33.63MB
|  |     runtime filters: RF019[min_max] -> tpcds_partitioned_parquet_snap.store_returns.sr_item_sk, RF018[bloom] -> tpcds_partitioned_parquet_snap.store_returns.sr_item_sk
|  |     stored statistics:
|  |       table: rows=863.99M size=48.14GB
|  |       partitions: 2004/2004 rows=863.99M
|  |       columns: all
|  |     extrapolated-rows=disabled max-scan-range-rows=30.09M
|  |     mem-estimate=16.00MB mem-reservation=512.00KB thread-reservation=0
|  |     tuple-ids=11 row-size=12B cardinality=863.99M cost=149297235
|  |     in pipelines: 14(GETNEXT)
|  |
|  41:EXCHANGE [HASH(ss_item_sk,ss_ticket_number)]
|  |  mem-estimate=20.19MB mem-reservation=0B thread-reservation=0
|  |  tuple-ids=10,12 row-size=79B cardinality=1.73G cost=885217744
|  |  in pipelines: 13(GETNEXT)
|  |
|  F11:PLAN FRAGMENT [RANDOM] hosts=10 instances=120
|  Per-Host Shared Resources: mem-estimate=35.00MB mem-reservation=35.00MB thread-reservation=0 runtime-filters-memory=35.00MB
|  Per-Instance Resources: mem-estimate=49.96MB mem-reservation=8.00MB thread-reservation=1
|  max-parallelism=1440 segment-costs=[14345766064]
|  19:HASH JOIN [INNER JOIN, BROADCAST]
|  |  hash-table-id=05
|  |  hash predicates: ss_store_sk = s_store_sk
|  |  fk/pk conjuncts: ss_store_sk = s_store_sk
|  |  mem-estimate=0B mem-reservation=0B spill-buffer=64.00KB thread-reservation=0
|  |  tuple-ids=10,12 row-size=79B cardinality=1.73G cost=768653103
|  |  in pipelines: 13(GETNEXT), 15(OPEN)
|  |
|  |--F26:PLAN FRAGMENT [RANDOM] hosts=10 instances=10
|  |  |  Per-Instance Resources: mem-estimate=24.27MB mem-reservation=24.25MB thread-reservation=1 runtime-filters-memory=1.00MB
|  |  |  max-parallelism=10 segment-costs=[304]
|  |  JOIN BUILD
|  |  |  join-table-id=05 plan-id=06 cohort-id=02
|  |  |  build expressions: s_store_sk
|  |  |  runtime filters: RF026[bloom] <- s_store_sk, RF027[min_max] <- s_store_sk
|  |  |  mem-estimate=23.25MB mem-reservation=23.25MB spill-buffer=64.00KB thread-reservation=0 cost=134
|  |  |
|  |  40:EXCHANGE [BROADCAST]
|  |  |  mem-estimate=16.00KB mem-reservation=0B thread-reservation=0
|  |  |  tuple-ids=12 row-size=55B cardinality=134 cost=170
|  |  |  in pipelines: 15(GETNEXT)
|  |  |
|  |  F12:PLAN FRAGMENT [RANDOM] hosts=1 instances=1
|  |  Per-Instance Resources: mem-estimate=16.23MB mem-reservation=40.00KB thread-reservation=1
|  |  max-parallelism=1 segment-costs=[428]
|  |  15:SCAN HDFS [tpcds_partitioned_parquet_snap.store, RANDOM]
|  |     HDFS partitions=1/1 files=1 size=9.81KB
|  |     predicates: s_market_id = CAST(10 AS INT)
|  |     runtime filters: RF017[min_max] -> s_zip
|  |     stored statistics:
|  |       table: rows=1.35K size=119.76KB
|  |       columns: all
|  |     extrapolated-rows=disabled max-scan-range-rows=1.35K
|  |     parquet statistics predicates: s_market_id = CAST(10 AS INT)
|  |     parquet dictionary predicates: s_market_id = CAST(10 AS INT)
|  |     mem-estimate=16.00MB mem-reservation=40.00KB thread-reservation=0
|  |     tuple-ids=12 row-size=55B cardinality=134 cost=406
|  |     in pipelines: 15(GETNEXT)
|  |
|  13:SCAN HDFS [tpcds_partitioned_parquet_snap.store_sales, RANDOM]
|     HDFS partitions=1824/1824 files=1824 size=199.33MB
|     runtime filters: RF027[min_max] -> ss_store_sk, RF024[min_max] -> ss_item_sk, RF025[min_max] -> ss_ticket_number, RF021[min_max] -> ss_customer_sk, RF019[min_max] -> ss_item_sk, RF026[bloom] -> ss_store_sk, RF022[bloom] -> ss_item_sk, RF023[bloom] -> ss_ticket_number, RF020[bloom] -> ss_customer_sk, RF018[bloom] -> ss_item_sk
|     stored statistics:
|       table: rows=8.64G size=389.90GB
|       partitions: 1824/1824 rows=8.64G
|       columns: all
|     extrapolated-rows=disabled max-scan-range-rows=390.22M
|     mem-estimate=16.00MB mem-reservation=8.00MB thread-reservation=0
|     tuple-ids=10 row-size=24B cardinality=1.77G(filtered from 8.64G) cost=2985961602
|     in pipelines: 13(GETNEXT)
|
39:AGGREGATE [FINALIZE]
|  output: sum:merge(netpaid)
|  group by: c_last_name, c_first_name, s_store_name
|  mem-estimate=91.19MB mem-reservation=34.00MB spill-buffer=2.00MB thread-reservation=0
|  tuple-ids=8 row-size=68B cardinality=11.97M cost=70632335
|  in pipelines: 39(GETNEXT), 37(OPEN)
|
38:EXCHANGE [HASH(c_last_name,c_first_name,s_store_name)]
|  mem-estimate=10.70MB mem-reservation=0B thread-reservation=0
|  tuple-ids=8 row-size=68B cardinality=11.97M cost=5067362
|  in pipelines: 37(GETNEXT)
|
F09:PLAN FRAGMENT [HASH(c_last_name,c_first_name,s_store_name,ca_state,s_state,i_color,i_current_price,i_manager_id,i_units,i_size)] hosts=10 instances=10 (adjusted from 120)
Per-Instance Resources: mem-estimate=270.69MB mem-reservation=68.00MB thread-reservation=1
max-parallelism=10 segment-costs=[80428225, 70632335, 58495720] cpu-comparison-result=190 [max(10 (self) vs 190 (sum children))]
12:AGGREGATE [STREAMING]
|  output: sum(sum(ss_net_paid))
|  group by: c_last_name, c_first_name, s_store_name
|  mem-estimate=68.39MB mem-reservation=34.00MB spill-buffer=2.00MB thread-reservation=0
|  tuple-ids=8 row-size=68B cardinality=11.97M cost=70632335
|  in pipelines: 37(GETNEXT)
|
37:AGGREGATE [FINALIZE]
|  output: sum:merge(ss_net_paid)
|  group by: c_last_name, c_first_name, s_store_name, ca_state, s_state, i_color, i_current_price, i_manager_id, i_units, i_size
|  mem-estimate=189.22MB mem-reservation=34.00MB spill-buffer=2.00MB thread-reservation=0
|  tuple-ids=6 row-size=154B cardinality=11.97M cost=70632335
|  in pipelines: 37(GETNEXT), 01(OPEN)
|
36:EXCHANGE [HASH(c_last_name,c_first_name,s_store_name,ca_state,s_state,i_color,i_current_price,i_manager_id,i_units,i_size)]
|  mem-estimate=13.08MB mem-reservation=0B thread-reservation=0
|  tuple-ids=6 row-size=154B cardinality=11.97M cost=9795890
|  in pipelines: 01(GETNEXT)
|
F08:PLAN FRAGMENT [HASH(c_current_addr_sk,s_zip)] hosts=10 instances=20 (adjusted from 120)
Per-Instance Resources: mem-estimate=91.76MB mem-reservation=34.00MB thread-reservation=1
max-parallelism=20 segment-costs=[90934267, 124695110] cpu-comparison-result=190 [max(70 (self) vs 190 (sum children))]
11:AGGREGATE [STREAMING]
|  output: sum(ss_net_paid)
|  group by: c_last_name, c_first_name, s_store_name, ca_state, s_state, i_color, i_current_price, i_manager_id, i_units, i_size
|  mem-estimate=70.96MB mem-reservation=34.00MB spill-buffer=2.00MB thread-reservation=0
|  tuple-ids=6 row-size=154B cardinality=11.97M cost=70632335
|  in pipelines: 01(GETNEXT)
|
10:HASH JOIN [INNER JOIN, PARTITIONED]
|  hash-table-id=06
|  hash predicates: c_current_addr_sk = ca_address_sk, s_zip = ca_zip
|  fk/pk conjuncts: c_current_addr_sk = ca_address_sk
|  other predicates: c_birth_country != upper(ca_country)
|  mem-estimate=0B mem-reservation=0B spill-buffer=2.00MB thread-reservation=0
|  tuple-ids=1,0,3,2,4,5 row-size=278B cardinality=11.97M cost=5237653
|  in pipelines: 01(GETNEXT), 05(OPEN)
|
|--F27:PLAN FRAGMENT [HASH(c_current_addr_sk,s_zip)] hosts=10 instances=20 (adjusted from 120)
|  |  Per-Instance Resources: mem-estimate=72.74MB mem-reservation=34.00MB thread-reservation=1
|  |  max-parallelism=20 segment-costs=[20806500]
|  JOIN BUILD
|  |  join-table-id=06 plan-id=07 cohort-id=01
|  |  build expressions: ca_address_sk, ca_zip
|  |  runtime filters: RF002[min_max] <- ca_address_sk, RF003[min_max] <- ca_zip
|  |  mem-estimate=62.12MB mem-reservation=34.00MB spill-buffer=2.00MB thread-reservation=0 cost=15000000
|  |
|  35:EXCHANGE [HASH(ca_address_sk,ca_zip)]
|  |  mem-estimate=10.62MB mem-reservation=0B thread-reservation=0
|  |  tuple-ids=5 row-size=60B cardinality=15.00M cost=5806500
|  |  in pipelines: 05(GETNEXT)
|  |
|  F07:PLAN FRAGMENT [RANDOM] hosts=10 instances=10
|  Per-Instance Resources: mem-estimate=21.00MB mem-reservation=128.00KB thread-reservation=1
|  max-parallelism=10 segment-costs=[70872000]
|  05:SCAN HDFS [tpcds_partitioned_parquet_snap.customer_address, RANDOM]
|     HDFS partitions=1/1 files=1 size=1.16MB
|     stored statistics:
|       table: rows=15.00M size=307.36MB
|       columns: all
|     extrapolated-rows=disabled max-scan-range-rows=1.58M
|     mem-estimate=16.00MB mem-reservation=128.00KB thread-reservation=0
|     tuple-ids=5 row-size=60B cardinality=15.00M cost=5184000
|     in pipelines: 05(GETNEXT)
|
34:EXCHANGE [HASH(c_current_addr_sk,s_zip)]
|  mem-estimate=14.64MB mem-reservation=0B thread-reservation=0
|  tuple-ids=1,0,3,2,4 row-size=218B cardinality=11.97M cost=15064279
|  in pipelines: 01(GETNEXT)
|
F06:PLAN FRAGMENT [HASH(ss_customer_sk)] hosts=10 instances=20 (adjusted from 120)
Per-Instance Resources: mem-estimate=30.21MB mem-reservation=0B thread-reservation=1
max-parallelism=30 segment-costs=[216016822]
09:HASH JOIN [INNER JOIN, PARTITIONED]
|  hash-table-id=07
|  hash predicates: ss_customer_sk = c_customer_sk
|  fk/pk conjuncts: ss_customer_sk = c_customer_sk
|  mem-estimate=0B mem-reservation=0B spill-buffer=2.00MB thread-reservation=0
|  tuple-ids=1,0,3,2,4 row-size=218B cardinality=11.97M cost=5511921
|  in pipelines: 01(GETNEXT), 04(OPEN)
|
|--F28:PLAN FRAGMENT [HASH(ss_customer_sk)] hosts=10 instances=20 (adjusted from 120)
|  |  Per-Instance Resources: mem-estimate=157.59MB mem-reservation=50.00MB thread-reservation=1 runtime-filters-memory=16.00MB
|  |  max-parallelism=30 segment-costs=[42258566]
|  JOIN BUILD
|  |  join-table-id=07 plan-id=08 cohort-id=01
|  |  build expressions: c_customer_sk
|  |  runtime filters: RF004[bloom] <- c_customer_sk, RF005[min_max] <- c_customer_sk
|  |  mem-estimate=130.92MB mem-reservation=34.00MB spill-buffer=2.00MB thread-reservation=0 cost=30000000
|  |
|  33:EXCHANGE [HASH(c_customer_sk)]
|  |  mem-estimate=10.67MB mem-reservation=0B thread-reservation=0
|  |  tuple-ids=4 row-size=65B cardinality=30.00M cost=12258566
|  |  in pipelines: 04(GETNEXT)
|  |
|  F05:PLAN FRAGMENT [RANDOM] hosts=10 instances=10
|  Per-Instance Resources: mem-estimate=21.37MB mem-reservation=1.00MB thread-reservation=1
|  max-parallelism=10 segment-costs=[152802831]
|  04:SCAN HDFS [tpcds_partitioned_parquet_snap.customer, RANDOM]
|     HDFS partitions=1/1 files=1 size=5.49MB
|     runtime filters: RF002[min_max] -> c_current_addr_sk
|     stored statistics:
|       table: rows=30.00M size=1.55GB
|       columns: all
|     extrapolated-rows=disabled max-scan-range-rows=3.10M
|     mem-estimate=16.00MB mem-reservation=1.00MB thread-reservation=0
|     tuple-ids=4 row-size=65B cardinality=30.00M cost=12388903
|     in pipelines: 04(GETNEXT)
|
32:EXCHANGE [HASH(ss_customer_sk)]
|  mem-estimate=11.65MB mem-reservation=0B thread-reservation=0
|  tuple-ids=1,0,3,2 row-size=153B cardinality=13.04M cost=12052336
|  in pipelines: 01(GETNEXT)
|
F04:PLAN FRAGMENT [HASH(sr_item_sk,sr_ticket_number)] hosts=10 instances=10 (adjusted from 120)
Per-Instance Resources: mem-estimate=23.50MB mem-reservation=0B thread-reservation=1
max-parallelism=20 segment-costs=[171645227]
08:HASH JOIN [INNER JOIN, PARTITIONED]
|  hash-table-id=08
|  hash predicates: sr_item_sk = ss_item_sk, sr_ticket_number = ss_ticket_number
|  fk/pk conjuncts: sr_item_sk = ss_item_sk, sr_ticket_number = ss_ticket_number
|  mem-estimate=0B mem-reservation=0B spill-buffer=2.00MB thread-reservation=0
|  tuple-ids=1,0,3,2 row-size=153B cardinality=13.04M cost=10922206
|  in pipelines: 01(GETNEXT), 00(OPEN)
|
|--F29:PLAN FRAGMENT [HASH(sr_item_sk,sr_ticket_number)] hosts=10 instances=10 (adjusted from 120)
|  |  Per-Instance Resources: mem-estimate=335.44MB mem-reservation=51.00MB thread-reservation=1 runtime-filters-memory=17.00MB
|  |  max-parallelism=20 segment-costs=[34399586] cpu-comparison-result=130 [max(130 (self) vs 25 (sum children))]
|  JOIN BUILD
|  |  join-table-id=08 plan-id=09 cohort-id=01
|  |  build expressions: ss_item_sk, ss_ticket_number
|  |  runtime filters: RF006[bloom] <- ss_item_sk, RF007[bloom] <- ss_ticket_number, RF008[min_max] <- ss_item_sk, RF009[min_max] <- ss_ticket_number
|  |  mem-estimate=290.53MB mem-reservation=34.00MB spill-buffer=2.00MB thread-reservation=0 cost=18771203
|  |
|  31:EXCHANGE [HASH(ss_item_sk,ss_ticket_number)]
|  |  mem-estimate=27.91MB mem-reservation=0B thread-reservation=0
|  |  tuple-ids=0,3,2 row-size=141B cardinality=18.77M cost=15628383
|  |  in pipelines: 00(GETNEXT)
|  |
|  F01:PLAN FRAGMENT [RANDOM] hosts=10 instances=120
|  Per-Host Shared Resources: mem-estimate=18.00MB mem-reservation=18.00MB thread-reservation=0 runtime-filters-memory=18.00MB
|  Per-Instance Resources: mem-estimate=21.97MB mem-reservation=8.00MB thread-reservation=1
|  max-parallelism=330 segment-costs=[3253628617]
|  07:HASH JOIN [INNER JOIN, BROADCAST]
|  |  hash-table-id=09
|  |  hash predicates: ss_store_sk = s_store_sk
|  |  fk/pk conjuncts: ss_store_sk = s_store_sk
|  |  mem-estimate=0B mem-reservation=0B spill-buffer=64.00KB thread-reservation=0
|  |  tuple-ids=0,3,2 row-size=141B cardinality=18.77M cost=27416022
|  |  in pipelines: 00(GETNEXT), 02(OPEN)
|  |
|  |--F30:PLAN FRAGMENT [RANDOM] hosts=10 instances=10
|  |  |  Per-Instance Resources: mem-estimate=24.27MB mem-reservation=24.25MB thread-reservation=1 runtime-filters-memory=1.00MB
|  |  |  max-parallelism=10 segment-costs=[304]
|  |  JOIN BUILD
|  |  |  join-table-id=09 plan-id=10 cohort-id=03
|  |  |  build expressions: s_store_sk
|  |  |  runtime filters: RF010[bloom] <- s_store_sk, RF011[min_max] <- s_store_sk
|  |  |  mem-estimate=23.25MB mem-reservation=23.25MB spill-buffer=64.00KB thread-reservation=0 cost=134
|  |  |
|  |  29:EXCHANGE [BROADCAST]
|  |  |  mem-estimate=16.00KB mem-reservation=0B thread-reservation=0
|  |  |  tuple-ids=2 row-size=55B cardinality=134 cost=170
|  |  |  in pipelines: 02(GETNEXT)
|  |  |
|  |  F03:PLAN FRAGMENT [RANDOM] hosts=1 instances=1
|  |  Per-Instance Resources: mem-estimate=16.23MB mem-reservation=40.00KB thread-reservation=1
|  |  max-parallelism=1 segment-costs=[428]
|  |  02:SCAN HDFS [tpcds_partitioned_parquet_snap.store, RANDOM]
|  |     HDFS partitions=1/1 files=1 size=9.81KB
|  |     predicates: s_market_id = CAST(10 AS INT)
|  |     runtime filters: RF003[min_max] -> s_zip
|  |     stored statistics:
|  |       table: rows=1.35K size=119.76KB
|  |       columns: all
|  |     extrapolated-rows=disabled max-scan-range-rows=1.35K
|  |     parquet statistics predicates: s_market_id = CAST(10 AS INT)
|  |     parquet dictionary predicates: s_market_id = CAST(10 AS INT)
|  |     mem-estimate=16.00MB mem-reservation=40.00KB thread-reservation=0
|  |     tuple-ids=2 row-size=55B cardinality=134 cost=406
|  |     in pipelines: 02(GETNEXT)
|  |
|  06:HASH JOIN [INNER JOIN, BROADCAST]
|  |  hash-table-id=10
|  |  hash predicates: ss_item_sk = i_item_sk
|  |  fk/pk conjuncts: ss_item_sk = i_item_sk
|  |  mem-estimate=0B mem-reservation=0B spill-buffer=64.00KB thread-reservation=0
|  |  tuple-ids=0,3 row-size=86B cardinality=93.62M(filtered from 93.62M) cost=40979437
|  |  in pipelines: 00(GETNEXT), 03(OPEN)
|  |
|  |--F31:PLAN FRAGMENT [RANDOM] hosts=10 instances=10
|  |  |  Per-Instance Resources: mem-estimate=24.74MB mem-reservation=24.25MB thread-reservation=1 runtime-filters-memory=1.00MB
|  |  |  max-parallelism=10 segment-costs=[9083]
|  |  JOIN BUILD
|  |  |  join-table-id=10 plan-id=11 cohort-id=03
|  |  |  build expressions: i_item_sk
|  |  |  runtime filters: RF012[bloom] <- i_item_sk, RF013[min_max] <- i_item_sk
|  |  |  mem-estimate=23.25MB mem-reservation=23.25MB spill-buffer=64.00KB thread-reservation=0 cost=3903
|  |  |
|  |  28:EXCHANGE [BROADCAST]
|  |  |  mem-estimate=499.56KB mem-reservation=0B thread-reservation=0
|  |  |  tuple-ids=3 row-size=62B cardinality=3.90K cost=5180
|  |  |  in pipelines: 03(GETNEXT)
|  |  |
|  |  F02:PLAN FRAGMENT [RANDOM] hosts=4 instances=4
|  |  Per-Instance Resources: mem-estimate=16.26MB mem-reservation=512.00KB thread-reservation=1
|  |  max-parallelism=4 segment-costs=[145132]
|  |  03:SCAN HDFS [tpcds_partitioned_parquet_snap.item, RANDOM]
|  |     HDFS partitions=1/1 files=1 size=1.73MB
|  |     predicates: tpcds_partitioned_parquet_snap.item.i_color = 'navy'
|  |     stored statistics:
|  |       table: rows=360.00K size=33.54MB
|  |       columns: all
|  |     extrapolated-rows=disabled max-scan-range-rows=101.54K
|  |     parquet statistics predicates: tpcds_partitioned_parquet_snap.item.i_color = 'navy'
|  |     parquet dictionary predicates: tpcds_partitioned_parquet_snap.item.i_color = 'navy'
|  |     mem-estimate=16.00MB mem-reservation=512.00KB thread-reservation=0
|  |     tuple-ids=3 row-size=62B cardinality=3.90K cost=144396
|  |     in pipelines: 03(GETNEXT)
|  |
|  00:SCAN HDFS [tpcds_partitioned_parquet_snap.store_sales, RANDOM]
|     HDFS partitions=1824/1824 files=1824 size=199.33MB
|     runtime filters: RF013[min_max] -> ss_item_sk, RF011[min_max] -> ss_store_sk, RF005[min_max] -> ss_customer_sk, RF012[bloom] -> ss_item_sk, RF010[bloom] -> ss_store_sk, RF004[bloom] -> ss_customer_sk
|     stored statistics:
|       table: rows=8.64G size=389.90GB
|       partitions: 1824/1824 rows=8.64G
|       columns: all
|     extrapolated-rows=disabled max-scan-range-rows=390.22M
|     mem-estimate=16.00MB mem-reservation=8.00MB thread-reservation=0
|     tuple-ids=0 row-size=24B cardinality=93.62M(filtered from 8.64G) cost=2985961602
|     in pipelines: 00(GETNEXT)
|
30:EXCHANGE [HASH(sr_item_sk,sr_ticket_number)]
|  mem-estimate=10.31MB mem-reservation=0B thread-reservation=0
|  tuple-ids=1 row-size=12B cardinality=33.37M(filtered from 863.99M) cost=5549920
|  in pipelines: 01(GETNEXT)
|
F00:PLAN FRAGMENT [RANDOM] hosts=10 instances=20 (adjusted from 120)
Per-Host Shared Resources: mem-estimate=17.00MB mem-reservation=17.00MB thread-reservation=0 runtime-filters-memory=17.00MB
Per-Instance Resources: mem-estimate=16.62MB mem-reservation=512.00KB thread-reservation=1
max-parallelism=20 segment-costs=[192281583]
01:SCAN HDFS [tpcds_partitioned_parquet_snap.store_returns, RANDOM]
   HDFS partitions=2004/2004 files=2004 size=33.63MB
   runtime filters: RF008[min_max] -> sr_item_sk, RF009[min_max] -> sr_ticket_number, RF006[bloom] -> sr_item_sk, RF007[bloom] -> sr_ticket_number
   stored statistics:
     table: rows=863.99M size=48.14GB
     partitions: 2004/2004 rows=863.99M
     columns: all
   extrapolated-rows=disabled max-scan-range-rows=30.09M
   mem-estimate=16.00MB mem-reservation=512.00KB thread-reservation=0
   tuple-ids=1 row-size=12B cardinality=33.37M(filtered from 863.99M) cost=149297235
   in pipelines: 01(GETNEXT)
---- PARALLELPLANS
Max Per-Host Resource Reservation: Memory=2.81GB Threads=94
Per-Host Resource Estimates: Memory=20.19GB
F20:PLAN FRAGMENT [UNPARTITIONED] hosts=1 instances=1
|  Per-Instance Resources: mem-estimate=178.20MB mem-reservation=4.00MB thread-reservation=1
|  max-parallelism=1 segment-costs=[52516691] cpu-comparison-result=475 [max(1 (self) vs 475 (sum children))]
PLAN-ROOT SINK
|  output exprs: $c$1, $c$2, $c$3, $c$4
|  mem-estimate=100.00MB mem-reservation=4.00MB spill-buffer=2.00MB thread-reservation=0 cost=47865236
|
51:MERGING-EXCHANGE [UNPARTITIONED]
|  order by: $c$1 ASC, $c$2 ASC, $c$3 ASC
|  mem-estimate=78.20MB mem-reservation=0B thread-reservation=0
|  tuple-ids=21 row-size=68B cardinality=11.97M cost=4651455
|  in pipelines: 27(GETNEXT)
|
F10:PLAN FRAGMENT [HASH(c_last_name,c_first_name,s_store_name)] hosts=10 instances=10 (adjusted from 120)
Per-Instance Resources: mem-estimate=168.68MB mem-reservation=46.00MB thread-reservation=1
max-parallelism=10 segment-costs=[75699697, 42670965, 25050821] cpu-comparison-result=475 [max(10 (self) vs 475 (sum children))]
27:SORT
|  order by: $c$1 ASC, $c$2 ASC, $c$3 ASC
|  mem-estimate=77.49MB mem-reservation=12.00MB spill-buffer=2.00MB thread-reservation=0
|  tuple-ids=21 row-size=68B cardinality=11.97M cost=40219069
|  in pipelines: 27(GETNEXT), 39(OPEN)
|
26:NESTED LOOP JOIN [INNER JOIN, BROADCAST]
|  join table id: 00
|  predicates: sum(netpaid) > CAST(0.05 AS DECIMAL(2,2)) * avg(netpaid)
|  mem-estimate=0B mem-reservation=0B thread-reservation=0
|  tuple-ids=8,19 row-size=84B cardinality=11.97M cost=2451896
|  in pipelines: 39(GETNEXT), 49(OPEN)
|
|--F21:PLAN FRAGMENT [HASH(c_last_name,c_first_name,s_store_name)] hosts=10 instances=10
|  |  Per-Instance Resources: mem-estimate=16.02KB mem-reservation=0B thread-reservation=1
|  |  max-parallelism=10 segment-costs=[0] cpu-comparison-result=285 [max(10 (self) vs 285 (sum children))]
|  JOIN BUILD
|  |  join-table-id=00 plan-id=01 cohort-id=01
|  |  mem-estimate=16B mem-reservation=0B thread-reservation=0 cost=0
|  |
|  50:EXCHANGE [BROADCAST]
|  |  mem-estimate=16.00KB mem-reservation=0B thread-reservation=0
|  |  tuple-ids=19 row-size=16B cardinality=1 cost=0
|  |  in pipelines: 49(GETNEXT)
|  |
|  F19:PLAN FRAGMENT [UNPARTITIONED] hosts=1 instances=1
|  Per-Instance Resources: mem-estimate=96.00KB mem-reservation=0B thread-reservation=1
|  max-parallelism=1 segment-costs=[0, 0] cpu-comparison-result=285 [max(1 (self) vs 285 (sum children))]
|  49:AGGREGATE [FINALIZE]
|  |  output: avg:merge(netpaid)
|  |  mem-estimate=16.00KB mem-reservation=0B spill-buffer=2.00MB thread-reservation=0
|  |  tuple-ids=19 row-size=16B cardinality=1 cost=0
|  |  in pipelines: 49(GETNEXT), 25(OPEN)
|  |
|  48:EXCHANGE [UNPARTITIONED]
|  |  mem-estimate=16.00KB mem-reservation=0B thread-reservation=0
|  |  tuple-ids=18 row-size=16B cardinality=1 cost=0
|  |  in pipelines: 25(GETNEXT)
|  |
|  F18:PLAN FRAGMENT [HASH(c_last_name,c_first_name,s_store_name,ca_state,s_state,i_color,i_current_price,i_manager_id,i_units,i_size)] hosts=10 instances=70 (adjusted from 120)
|  Per-Instance Resources: mem-estimate=541.28MB mem-reservation=34.00MB thread-reservation=1
|  max-parallelism=750 segment-costs=[7418435974, 77261318, 1] cpu-comparison-result=285 [max(70 (self) vs 285 (sum children))]
|  25:AGGREGATE
|  |  output: avg(sum(ss_net_paid))
|  |  mem-estimate=16.00KB mem-reservation=0B spill-buffer=2.00MB thread-reservation=0
|  |  tuple-ids=18 row-size=16B cardinality=1 cost=77261318
|  |  in pipelines: 25(GETNEXT), 47(OPEN)
|  |
|  47:AGGREGATE [FINALIZE]
|  |  output: sum:merge(ss_net_paid)
|  |  group by: c_last_name, c_first_name, s_store_name, ca_state, s_state, i_color, i_current_price, i_manager_id, i_units, i_size
|  |  mem-estimate=515.87MB mem-reservation=34.00MB spill-buffer=2.00MB thread-reservation=0
|  |  tuple-ids=16 row-size=154B cardinality=1.10G cost=6514895149
|  |  in pipelines: 47(GETNEXT), 13(OPEN)
|  |
|  46:EXCHANGE [HASH(c_last_name,c_first_name,s_store_name,ca_state,s_state,i_color,i_current_price,i_manager_id,i_units,i_size)]
|  |  mem-estimate=25.41MB mem-reservation=0B thread-reservation=0
|  |  tuple-ids=16 row-size=154B cardinality=1.10G cost=903540825
|  |  in pipelines: 13(GETNEXT)
|  |
|  F14:PLAN FRAGMENT [HASH(ss_item_sk,ss_ticket_number)] hosts=10 instances=100 (adjusted from 120)
|  Per-Instance Resources: mem-estimate=576.90MB mem-reservation=34.00MB thread-reservation=1
|  max-parallelism=1160 segment-costs=[9537419439, 11501468359] cpu-comparison-result=285 [max(220 (self) vs 285 (sum children))]
|  24:AGGREGATE [STREAMING]
|  |  output: sum(ss_net_paid)
|  |  group by: c_last_name, c_first_name, s_store_name, ca_state, s_state, i_color, i_current_price, i_manager_id, i_units, i_size
|  |  mem-estimate=513.56MB mem-reservation=34.00MB spill-buffer=2.00MB thread-reservation=0
|  |  tuple-ids=16 row-size=154B cardinality=1.10G cost=6514895149
|  |  in pipelines: 13(GETNEXT)
|  |
|  23:HASH JOIN [INNER JOIN, BROADCAST]
|  |  hash-table-id=01
|  |  hash predicates: c_current_addr_sk = ca_address_sk, s_zip = ca_zip
|  |  fk/pk conjuncts: c_current_addr_sk = ca_address_sk
|  |  other predicates: c_birth_country != upper(ca_country)
|  |  mem-estimate=0B mem-reservation=0B spill-buffer=2.00MB thread-reservation=0
|  |  tuple-ids=10,12,11,14,13,15 row-size=278B cardinality=1.10G cost=483103989
|  |  in pipelines: 13(GETNEXT), 18(OPEN)
|  |
|  |--F22:PLAN FRAGMENT [HASH(ss_item_sk,ss_ticket_number)] hosts=10 instances=10
|  |  |  Per-Instance Resources: mem-estimate=1.22GB mem-reservation=340.00MB thread-reservation=1
|  |  |  max-parallelism=10 segment-costs=[34934990]
|  |  JOIN BUILD
|  |  |  join-table-id=01 plan-id=02 cohort-id=02
|  |  |  build expressions: ca_address_sk, ca_zip
|  |  |  runtime filters: RF016[min_max] <- ca_address_sk, RF017[min_max] <- ca_zip
|  |  |  mem-estimate=1.21GB mem-reservation=340.00MB spill-buffer=2.00MB thread-reservation=0 cost=15000000
|  |  |
|  |  45:EXCHANGE [BROADCAST]
|  |  |  mem-estimate=10.62MB mem-reservation=0B thread-reservation=0
|  |  |  tuple-ids=15 row-size=60B cardinality=15.00M cost=19934990
|  |  |  in pipelines: 18(GETNEXT)
|  |  |
|  |  F17:PLAN FRAGMENT [RANDOM] hosts=10 instances=10
|  |  Per-Instance Resources: mem-estimate=16.25MB mem-reservation=128.00KB thread-reservation=1
|  |  max-parallelism=10 segment-costs=[7938000]
|  |  18:SCAN HDFS [tpcds_partitioned_parquet_snap.customer_address, RANDOM]
|  |     HDFS partitions=1/1 files=1 size=1.16MB
|  |     stored statistics:
|  |       table: rows=15.00M size=307.36MB
|  |       columns: all
|  |     extrapolated-rows=disabled max-scan-range-rows=1.58M
|  |     mem-estimate=16.00MB mem-reservation=128.00KB thread-reservation=0
|  |     tuple-ids=15 row-size=60B cardinality=15.00M cost=5184000
|  |     in pipelines: 18(GETNEXT)
|  |
|  22:HASH JOIN [INNER JOIN, BROADCAST]
|  |  hash-table-id=02
|  |  hash predicates: ss_item_sk = i_item_sk
|  |  fk/pk conjuncts: ss_item_sk = i_item_sk
|  |  mem-estimate=0B mem-reservation=0B spill-buffer=2.00MB thread-reservation=0
|  |  tuple-ids=10,12,11,14,13 row-size=218B cardinality=1.10G cost=483245542
|  |  in pipelines: 13(GETNEXT), 16(OPEN)
|  |
|  |--F23:PLAN FRAGMENT [HASH(ss_item_sk,ss_ticket_number)] hosts=10 instances=10
|  |  |  Per-Instance Resources: mem-estimate=351.26MB mem-reservation=341.00MB thread-reservation=1 runtime-filters-memory=1.00MB
|  |  |  max-parallelism=10 segment-costs=[838440]
|  |  JOIN BUILD
|  |  |  join-table-id=02 plan-id=03 cohort-id=02
|  |  |  build expressions: i_item_sk
|  |  |  runtime filters: RF018[bloom] <- i_item_sk, RF019[min_max] <- i_item_sk
|  |  |  mem-estimate=340.00MB mem-reservation=340.00MB spill-buffer=2.00MB thread-reservation=0 cost=360000
|  |  |
|  |  44:EXCHANGE [BROADCAST]
|  |  |  mem-estimate=10.26MB mem-reservation=0B thread-reservation=0
|  |  |  tuple-ids=13 row-size=62B cardinality=360.00K cost=478440
|  |  |  in pipelines: 16(GETNEXT)
|  |  |
|  |  F16:PLAN FRAGMENT [RANDOM] hosts=4 instances=4
|  |  Per-Instance Resources: mem-estimate=16.26MB mem-reservation=512.00KB thread-reservation=1
|  |  max-parallelism=4 segment-costs=[202225]
|  |  16:SCAN HDFS [tpcds_partitioned_parquet_snap.item, RANDOM]
|  |     HDFS partitions=1/1 files=1 size=1.73MB
|  |     stored statistics:
|  |       table: rows=360.00K size=33.54MB
|  |       columns: all
|  |     extrapolated-rows=disabled max-scan-range-rows=101.54K
|  |     mem-estimate=16.00MB mem-reservation=512.00KB thread-reservation=0
|  |     tuple-ids=13 row-size=62B cardinality=360.00K cost=134280
|  |     in pipelines: 16(GETNEXT)
|  |
|  21:HASH JOIN [INNER JOIN, BROADCAST]
|  |  hash-table-id=03
|  |  hash predicates: ss_customer_sk = c_customer_sk
|  |  fk/pk conjuncts: ss_customer_sk = c_customer_sk
|  |  mem-estimate=0B mem-reservation=0B spill-buffer=2.00MB thread-reservation=0
|  |  tuple-ids=10,12,11,14 row-size=156B cardinality=1.10G cost=508655821
|  |  in pipelines: 13(GETNEXT), 17(OPEN)
|  |
|  |--F24:PLAN FRAGMENT [HASH(ss_item_sk,ss_ticket_number)] hosts=10 instances=10
|  |  |  Per-Instance Resources: mem-estimate=2.58GB mem-reservation=356.00MB thread-reservation=1 runtime-filters-memory=16.00MB
|  |  |  max-parallelism=10 segment-costs=[69869990]
|  |  JOIN BUILD
|  |  |  join-table-id=03 plan-id=04 cohort-id=02
|  |  |  build expressions: c_customer_sk
|  |  |  runtime filters: RF020[bloom] <- c_customer_sk, RF021[min_max] <- c_customer_sk
|  |  |  mem-estimate=2.56GB mem-reservation=340.00MB spill-buffer=2.00MB thread-reservation=0 cost=30000000
|  |  |
|  |  43:EXCHANGE [BROADCAST]
|  |  |  mem-estimate=10.67MB mem-reservation=0B thread-reservation=0
|  |  |  tuple-ids=14 row-size=65B cardinality=30.00M cost=39869990
|  |  |  in pipelines: 17(GETNEXT)
|  |  |
|  |  F15:PLAN FRAGMENT [RANDOM] hosts=10 instances=10
|  |  Per-Instance Resources: mem-estimate=16.27MB mem-reservation=1.00MB thread-reservation=1
|  |  max-parallelism=10 segment-costs=[18275822]
|  |  17:SCAN HDFS [tpcds_partitioned_parquet_snap.customer, RANDOM]
|  |     HDFS partitions=1/1 files=1 size=5.49MB
|  |     runtime filters: RF016[min_max] -> c_current_addr_sk
|  |     stored statistics:
|  |       table: rows=30.00M size=1.55GB
|  |       columns: all
|  |     extrapolated-rows=disabled max-scan-range-rows=3.10M
|  |     mem-estimate=16.00MB mem-reservation=1.00MB thread-reservation=0
|  |     tuple-ids=14 row-size=65B cardinality=30.00M cost=12388903
|  |     in pipelines: 17(GETNEXT)
|  |
|  20:HASH JOIN [INNER JOIN, PARTITIONED]
|  |  hash-table-id=04
|  |  hash predicates: ss_item_sk = sr_item_sk, ss_ticket_number = sr_ticket_number
|  |  fk/pk conjuncts: ss_item_sk = sr_item_sk, ss_ticket_number = sr_ticket_number
|  |  mem-estimate=0B mem-reservation=0B spill-buffer=2.00MB thread-reservation=0
|  |  tuple-ids=10,12,11 row-size=91B cardinality=1.20G cost=662301194
|  |  in pipelines: 13(GETNEXT), 14(OPEN)
|  |
|  |--F25:PLAN FRAGMENT [HASH(ss_item_sk,ss_ticket_number)] hosts=10 instances=100 (adjusted from 120)
|  |  |  Per-Instance Resources: mem-estimate=373.51MB mem-reservation=51.00MB thread-reservation=1 runtime-filters-memory=17.00MB
|  |  |  max-parallelism=1160 segment-costs=[1007669941]
|  |  JOIN BUILD
|  |  |  join-table-id=04 plan-id=05 cohort-id=02
|  |  |  build expressions: sr_item_sk, sr_ticket_number
|  |  |  runtime filters: RF022[bloom] <- sr_item_sk, RF023[bloom] <- sr_ticket_number, RF024[min_max] <- sr_item_sk, RF025[min_max] <- sr_ticket_number
|  |  |  mem-estimate=344.64MB mem-reservation=34.00MB spill-buffer=2.00MB thread-reservation=0 cost=863988632
|  |  |
|  |  42:EXCHANGE [HASH(sr_item_sk,sr_ticket_number)]
|  |  |  mem-estimate=11.88MB mem-reservation=0B thread-reservation=0
|  |  |  tuple-ids=11 row-size=12B cardinality=863.99M cost=143681309
|  |  |  in pipelines: 14(GETNEXT)
|  |  |
|  |  F13:PLAN FRAGMENT [RANDOM] hosts=10 instances=120
|  |  Per-Host Shared Resources: mem-estimate=1.00MB mem-reservation=1.00MB thread-reservation=0 runtime-filters-memory=1.00MB
|  |  Per-Instance Resources: mem-estimate=22.25MB mem-reservation=512.00KB thread-reservation=1
|  |  max-parallelism=130 segment-costs=[1262114593]
|  |  14:SCAN HDFS [tpcds_partitioned_parquet_snap.store_returns, RANDOM]
|  |     HDFS partitions=2004/2004 files=2004 size=33.63MB
|  |     runtime filters: RF019[min_max] -> tpcds_partitioned_parquet_snap.store_returns.sr_item_sk, RF018[bloom] -> tpcds_partitioned_parquet_snap.store_returns.sr_item_sk
|  |     stored statistics:
|  |       table: rows=863.99M size=48.14GB
|  |       partitions: 2004/2004 rows=863.99M
|  |       columns: all
|  |     extrapolated-rows=disabled max-scan-range-rows=30.09M
|  |     mem-estimate=16.00MB mem-reservation=512.00KB thread-reservation=0
|  |     tuple-ids=11 row-size=12B cardinality=863.99M cost=149297235
|  |     in pipelines: 14(GETNEXT)
|  |
|  41:EXCHANGE [HASH(ss_item_sk,ss_ticket_number)]
|  |  mem-estimate=20.19MB mem-reservation=0B thread-reservation=0
|  |  tuple-ids=10,12 row-size=79B cardinality=1.73G cost=885217744
|  |  in pipelines: 13(GETNEXT)
|  |
|  F11:PLAN FRAGMENT [RANDOM] hosts=10 instances=120
|  Per-Host Shared Resources: mem-estimate=35.00MB mem-reservation=35.00MB thread-reservation=0 runtime-filters-memory=35.00MB
|  Per-Instance Resources: mem-estimate=49.96MB mem-reservation=8.00MB thread-reservation=1
|  max-parallelism=1440 segment-costs=[14345766064]
|  19:HASH JOIN [INNER JOIN, BROADCAST]
|  |  hash-table-id=05
|  |  hash predicates: ss_store_sk = s_store_sk
|  |  fk/pk conjuncts: ss_store_sk = s_store_sk
|  |  mem-estimate=0B mem-reservation=0B spill-buffer=64.00KB thread-reservation=0
|  |  tuple-ids=10,12 row-size=79B cardinality=1.73G cost=768653103
|  |  in pipelines: 13(GETNEXT), 15(OPEN)
|  |
|  |--F26:PLAN FRAGMENT [RANDOM] hosts=10 instances=10
|  |  |  Per-Instance Resources: mem-estimate=24.27MB mem-reservation=24.25MB thread-reservation=1 runtime-filters-memory=1.00MB
|  |  |  max-parallelism=10 segment-costs=[304]
|  |  JOIN BUILD
|  |  |  join-table-id=05 plan-id=06 cohort-id=02
|  |  |  build expressions: s_store_sk
|  |  |  runtime filters: RF026[bloom] <- s_store_sk, RF027[min_max] <- s_store_sk
|  |  |  mem-estimate=23.25MB mem-reservation=23.25MB spill-buffer=64.00KB thread-reservation=0 cost=134
|  |  |
|  |  40:EXCHANGE [BROADCAST]
|  |  |  mem-estimate=16.00KB mem-reservation=0B thread-reservation=0
|  |  |  tuple-ids=12 row-size=55B cardinality=134 cost=170
|  |  |  in pipelines: 15(GETNEXT)
|  |  |
|  |  F12:PLAN FRAGMENT [RANDOM] hosts=1 instances=1
|  |  Per-Instance Resources: mem-estimate=16.23MB mem-reservation=40.00KB thread-reservation=1
|  |  max-parallelism=1 segment-costs=[428]
|  |  15:SCAN HDFS [tpcds_partitioned_parquet_snap.store, RANDOM]
|  |     HDFS partitions=1/1 files=1 size=9.81KB
|  |     predicates: s_market_id = CAST(10 AS INT)
|  |     runtime filters: RF017[min_max] -> s_zip
|  |     stored statistics:
|  |       table: rows=1.35K size=119.76KB
|  |       columns: all
|  |     extrapolated-rows=disabled max-scan-range-rows=1.35K
|  |     parquet statistics predicates: s_market_id = CAST(10 AS INT)
|  |     parquet dictionary predicates: s_market_id = CAST(10 AS INT)
|  |     mem-estimate=16.00MB mem-reservation=40.00KB thread-reservation=0
|  |     tuple-ids=12 row-size=55B cardinality=134 cost=406
|  |     in pipelines: 15(GETNEXT)
|  |
|  13:SCAN HDFS [tpcds_partitioned_parquet_snap.store_sales, RANDOM]
|     HDFS partitions=1824/1824 files=1824 size=199.33MB
|     runtime filters: RF027[min_max] -> ss_store_sk, RF024[min_max] -> ss_item_sk, RF025[min_max] -> ss_ticket_number, RF021[min_max] -> ss_customer_sk, RF019[min_max] -> ss_item_sk, RF026[bloom] -> ss_store_sk, RF022[bloom] -> ss_item_sk, RF023[bloom] -> ss_ticket_number, RF020[bloom] -> ss_customer_sk, RF018[bloom] -> ss_item_sk
|     stored statistics:
|       table: rows=8.64G size=389.90GB
|       partitions: 1824/1824 rows=8.64G
|       columns: all
|     extrapolated-rows=disabled max-scan-range-rows=390.22M
|     mem-estimate=16.00MB mem-reservation=8.00MB thread-reservation=0
|     tuple-ids=10 row-size=24B cardinality=1.77G(filtered from 8.64G) cost=2985961602
|     in pipelines: 13(GETNEXT)
|
39:AGGREGATE [FINALIZE]
|  output: sum:merge(netpaid)
|  group by: c_last_name, c_first_name, s_store_name
|  mem-estimate=91.19MB mem-reservation=34.00MB spill-buffer=2.00MB thread-reservation=0
|  tuple-ids=8 row-size=68B cardinality=11.97M cost=70632335
|  in pipelines: 39(GETNEXT), 37(OPEN)
|
38:EXCHANGE [HASH(c_last_name,c_first_name,s_store_name)]
|  mem-estimate=10.70MB mem-reservation=0B thread-reservation=0
|  tuple-ids=8 row-size=68B cardinality=11.97M cost=5067362
|  in pipelines: 37(GETNEXT)
|
F09:PLAN FRAGMENT [HASH(c_last_name,c_first_name,s_store_name,ca_state,s_state,i_color,i_current_price,i_manager_id,i_units,i_size)] hosts=10 instances=10 (adjusted from 120)
Per-Instance Resources: mem-estimate=270.69MB mem-reservation=68.00MB thread-reservation=1
max-parallelism=10 segment-costs=[80428225, 70632335, 58495720] cpu-comparison-result=190 [max(10 (self) vs 190 (sum children))]
12:AGGREGATE [STREAMING]
|  output: sum(sum(ss_net_paid))
|  group by: c_last_name, c_first_name, s_store_name
|  mem-estimate=68.39MB mem-reservation=34.00MB spill-buffer=2.00MB thread-reservation=0
|  tuple-ids=8 row-size=68B cardinality=11.97M cost=70632335
|  in pipelines: 37(GETNEXT)
|
37:AGGREGATE [FINALIZE]
|  output: sum:merge(ss_net_paid)
|  group by: c_last_name, c_first_name, s_store_name, ca_state, s_state, i_color, i_current_price, i_manager_id, i_units, i_size
|  mem-estimate=189.22MB mem-reservation=34.00MB spill-buffer=2.00MB thread-reservation=0
|  tuple-ids=6 row-size=154B cardinality=11.97M cost=70632335
|  in pipelines: 37(GETNEXT), 01(OPEN)
|
36:EXCHANGE [HASH(c_last_name,c_first_name,s_store_name,ca_state,s_state,i_color,i_current_price,i_manager_id,i_units,i_size)]
|  mem-estimate=13.08MB mem-reservation=0B thread-reservation=0
|  tuple-ids=6 row-size=154B cardinality=11.97M cost=9795890
|  in pipelines: 01(GETNEXT)
|
F08:PLAN FRAGMENT [HASH(c_current_addr_sk,s_zip)] hosts=10 instances=20 (adjusted from 120)
Per-Instance Resources: mem-estimate=91.76MB mem-reservation=34.00MB thread-reservation=1
max-parallelism=20 segment-costs=[90934267, 124695110] cpu-comparison-result=190 [max(70 (self) vs 190 (sum children))]
11:AGGREGATE [STREAMING]
|  output: sum(ss_net_paid)
|  group by: c_last_name, c_first_name, s_store_name, ca_state, s_state, i_color, i_current_price, i_manager_id, i_units, i_size
|  mem-estimate=70.96MB mem-reservation=34.00MB spill-buffer=2.00MB thread-reservation=0
|  tuple-ids=6 row-size=154B cardinality=11.97M cost=70632335
|  in pipelines: 01(GETNEXT)
|
10:HASH JOIN [INNER JOIN, PARTITIONED]
|  hash-table-id=06
|  hash predicates: c_current_addr_sk = ca_address_sk, s_zip = ca_zip
|  fk/pk conjuncts: c_current_addr_sk = ca_address_sk
|  other predicates: c_birth_country != upper(ca_country)
|  mem-estimate=0B mem-reservation=0B spill-buffer=2.00MB thread-reservation=0
|  tuple-ids=1,0,3,2,4,5 row-size=278B cardinality=11.97M cost=5237653
|  in pipelines: 01(GETNEXT), 05(OPEN)
|
|--F27:PLAN FRAGMENT [HASH(c_current_addr_sk,s_zip)] hosts=10 instances=20 (adjusted from 120)
|  |  Per-Instance Resources: mem-estimate=72.74MB mem-reservation=34.00MB thread-reservation=1
|  |  max-parallelism=20 segment-costs=[20806500]
|  JOIN BUILD
|  |  join-table-id=06 plan-id=07 cohort-id=01
|  |  build expressions: ca_address_sk, ca_zip
|  |  runtime filters: RF002[min_max] <- ca_address_sk, RF003[min_max] <- ca_zip
|  |  mem-estimate=62.12MB mem-reservation=34.00MB spill-buffer=2.00MB thread-reservation=0 cost=15000000
|  |
|  35:EXCHANGE [HASH(ca_address_sk,ca_zip)]
|  |  mem-estimate=10.62MB mem-reservation=0B thread-reservation=0
|  |  tuple-ids=5 row-size=60B cardinality=15.00M cost=5806500
|  |  in pipelines: 05(GETNEXT)
|  |
|  F07:PLAN FRAGMENT [RANDOM] hosts=10 instances=10
|  Per-Instance Resources: mem-estimate=21.00MB mem-reservation=128.00KB thread-reservation=1
|  max-parallelism=10 segment-costs=[70872000]
|  05:SCAN HDFS [tpcds_partitioned_parquet_snap.customer_address, RANDOM]
|     HDFS partitions=1/1 files=1 size=1.16MB
|     stored statistics:
|       table: rows=15.00M size=307.36MB
|       columns: all
|     extrapolated-rows=disabled max-scan-range-rows=1.58M
|     mem-estimate=16.00MB mem-reservation=128.00KB thread-reservation=0
|     tuple-ids=5 row-size=60B cardinality=15.00M cost=5184000
|     in pipelines: 05(GETNEXT)
|
34:EXCHANGE [HASH(c_current_addr_sk,s_zip)]
|  mem-estimate=14.64MB mem-reservation=0B thread-reservation=0
|  tuple-ids=1,0,3,2,4 row-size=218B cardinality=11.97M cost=15064279
|  in pipelines: 01(GETNEXT)
|
F06:PLAN FRAGMENT [HASH(ss_customer_sk)] hosts=10 instances=20 (adjusted from 120)
Per-Instance Resources: mem-estimate=30.21MB mem-reservation=0B thread-reservation=1
max-parallelism=30 segment-costs=[216016822]
09:HASH JOIN [INNER JOIN, PARTITIONED]
|  hash-table-id=07
|  hash predicates: ss_customer_sk = c_customer_sk
|  fk/pk conjuncts: ss_customer_sk = c_customer_sk
|  mem-estimate=0B mem-reservation=0B spill-buffer=2.00MB thread-reservation=0
|  tuple-ids=1,0,3,2,4 row-size=218B cardinality=11.97M cost=5511921
|  in pipelines: 01(GETNEXT), 04(OPEN)
|
|--F28:PLAN FRAGMENT [HASH(ss_customer_sk)] hosts=10 instances=20 (adjusted from 120)
|  |  Per-Instance Resources: mem-estimate=157.59MB mem-reservation=50.00MB thread-reservation=1 runtime-filters-memory=16.00MB
|  |  max-parallelism=30 segment-costs=[42258566]
|  JOIN BUILD
|  |  join-table-id=07 plan-id=08 cohort-id=01
|  |  build expressions: c_customer_sk
|  |  runtime filters: RF004[bloom] <- c_customer_sk, RF005[min_max] <- c_customer_sk
|  |  mem-estimate=130.92MB mem-reservation=34.00MB spill-buffer=2.00MB thread-reservation=0 cost=30000000
|  |
|  33:EXCHANGE [HASH(c_customer_sk)]
|  |  mem-estimate=10.67MB mem-reservation=0B thread-reservation=0
|  |  tuple-ids=4 row-size=65B cardinality=30.00M cost=12258566
|  |  in pipelines: 04(GETNEXT)
|  |
|  F05:PLAN FRAGMENT [RANDOM] hosts=10 instances=10
|  Per-Instance Resources: mem-estimate=21.37MB mem-reservation=1.00MB thread-reservation=1
|  max-parallelism=10 segment-costs=[152802831]
|  04:SCAN HDFS [tpcds_partitioned_parquet_snap.customer, RANDOM]
|     HDFS partitions=1/1 files=1 size=5.49MB
|     runtime filters: RF002[min_max] -> c_current_addr_sk
|     stored statistics:
|       table: rows=30.00M size=1.55GB
|       columns: all
|     extrapolated-rows=disabled max-scan-range-rows=3.10M
|     mem-estimate=16.00MB mem-reservation=1.00MB thread-reservation=0
|     tuple-ids=4 row-size=65B cardinality=30.00M cost=12388903
|     in pipelines: 04(GETNEXT)
|
32:EXCHANGE [HASH(ss_customer_sk)]
|  mem-estimate=11.65MB mem-reservation=0B thread-reservation=0
|  tuple-ids=1,0,3,2 row-size=153B cardinality=13.04M cost=12052336
|  in pipelines: 01(GETNEXT)
|
F04:PLAN FRAGMENT [HASH(sr_item_sk,sr_ticket_number)] hosts=10 instances=10 (adjusted from 120)
Per-Instance Resources: mem-estimate=23.50MB mem-reservation=0B thread-reservation=1
max-parallelism=20 segment-costs=[171645227]
08:HASH JOIN [INNER JOIN, PARTITIONED]
|  hash-table-id=08
|  hash predicates: sr_item_sk = ss_item_sk, sr_ticket_number = ss_ticket_number
|  fk/pk conjuncts: sr_item_sk = ss_item_sk, sr_ticket_number = ss_ticket_number
|  mem-estimate=0B mem-reservation=0B spill-buffer=2.00MB thread-reservation=0
|  tuple-ids=1,0,3,2 row-size=153B cardinality=13.04M cost=10922206
|  in pipelines: 01(GETNEXT), 00(OPEN)
|
|--F29:PLAN FRAGMENT [HASH(sr_item_sk,sr_ticket_number)] hosts=10 instances=10 (adjusted from 120)
|  |  Per-Instance Resources: mem-estimate=335.44MB mem-reservation=51.00MB thread-reservation=1 runtime-filters-memory=17.00MB
|  |  max-parallelism=20 segment-costs=[34399586] cpu-comparison-result=130 [max(130 (self) vs 25 (sum children))]
|  JOIN BUILD
|  |  join-table-id=08 plan-id=09 cohort-id=01
|  |  build expressions: ss_item_sk, ss_ticket_number
|  |  runtime filters: RF006[bloom] <- ss_item_sk, RF007[bloom] <- ss_ticket_number, RF008[min_max] <- ss_item_sk, RF009[min_max] <- ss_ticket_number
|  |  mem-estimate=290.53MB mem-reservation=34.00MB spill-buffer=2.00MB thread-reservation=0 cost=18771203
|  |
|  31:EXCHANGE [HASH(ss_item_sk,ss_ticket_number)]
|  |  mem-estimate=27.91MB mem-reservation=0B thread-reservation=0
|  |  tuple-ids=0,3,2 row-size=141B cardinality=18.77M cost=15628383
|  |  in pipelines: 00(GETNEXT)
|  |
|  F01:PLAN FRAGMENT [RANDOM] hosts=10 instances=120
|  Per-Host Shared Resources: mem-estimate=18.00MB mem-reservation=18.00MB thread-reservation=0 runtime-filters-memory=18.00MB
|  Per-Instance Resources: mem-estimate=21.97MB mem-reservation=8.00MB thread-reservation=1
|  max-parallelism=330 segment-costs=[3253628617]
|  07:HASH JOIN [INNER JOIN, BROADCAST]
|  |  hash-table-id=09
|  |  hash predicates: ss_store_sk = s_store_sk
|  |  fk/pk conjuncts: ss_store_sk = s_store_sk
|  |  mem-estimate=0B mem-reservation=0B spill-buffer=64.00KB thread-reservation=0
|  |  tuple-ids=0,3,2 row-size=141B cardinality=18.77M cost=27416022
|  |  in pipelines: 00(GETNEXT), 02(OPEN)
|  |
|  |--F30:PLAN FRAGMENT [RANDOM] hosts=10 instances=10
|  |  |  Per-Instance Resources: mem-estimate=24.27MB mem-reservation=24.25MB thread-reservation=1 runtime-filters-memory=1.00MB
|  |  |  max-parallelism=10 segment-costs=[304]
|  |  JOIN BUILD
|  |  |  join-table-id=09 plan-id=10 cohort-id=03
|  |  |  build expressions: s_store_sk
|  |  |  runtime filters: RF010[bloom] <- s_store_sk, RF011[min_max] <- s_store_sk
|  |  |  mem-estimate=23.25MB mem-reservation=23.25MB spill-buffer=64.00KB thread-reservation=0 cost=134
|  |  |
|  |  29:EXCHANGE [BROADCAST]
|  |  |  mem-estimate=16.00KB mem-reservation=0B thread-reservation=0
|  |  |  tuple-ids=2 row-size=55B cardinality=134 cost=170
|  |  |  in pipelines: 02(GETNEXT)
|  |  |
|  |  F03:PLAN FRAGMENT [RANDOM] hosts=1 instances=1
|  |  Per-Instance Resources: mem-estimate=16.23MB mem-reservation=40.00KB thread-reservation=1
|  |  max-parallelism=1 segment-costs=[428]
|  |  02:SCAN HDFS [tpcds_partitioned_parquet_snap.store, RANDOM]
|  |     HDFS partitions=1/1 files=1 size=9.81KB
|  |     predicates: s_market_id = CAST(10 AS INT)
|  |     runtime filters: RF003[min_max] -> s_zip
|  |     stored statistics:
|  |       table: rows=1.35K size=119.76KB
|  |       columns: all
|  |     extrapolated-rows=disabled max-scan-range-rows=1.35K
|  |     parquet statistics predicates: s_market_id = CAST(10 AS INT)
|  |     parquet dictionary predicates: s_market_id = CAST(10 AS INT)
|  |     mem-estimate=16.00MB mem-reservation=40.00KB thread-reservation=0
|  |     tuple-ids=2 row-size=55B cardinality=134 cost=406
|  |     in pipelines: 02(GETNEXT)
|  |
|  06:HASH JOIN [INNER JOIN, BROADCAST]
|  |  hash-table-id=10
|  |  hash predicates: ss_item_sk = i_item_sk
|  |  fk/pk conjuncts: ss_item_sk = i_item_sk
|  |  mem-estimate=0B mem-reservation=0B spill-buffer=64.00KB thread-reservation=0
|  |  tuple-ids=0,3 row-size=86B cardinality=93.62M(filtered from 93.62M) cost=40979437
|  |  in pipelines: 00(GETNEXT), 03(OPEN)
|  |
|  |--F31:PLAN FRAGMENT [RANDOM] hosts=10 instances=10
|  |  |  Per-Instance Resources: mem-estimate=24.74MB mem-reservation=24.25MB thread-reservation=1 runtime-filters-memory=1.00MB
|  |  |  max-parallelism=10 segment-costs=[9083]
|  |  JOIN BUILD
|  |  |  join-table-id=10 plan-id=11 cohort-id=03
|  |  |  build expressions: i_item_sk
|  |  |  runtime filters: RF012[bloom] <- i_item_sk, RF013[min_max] <- i_item_sk
|  |  |  mem-estimate=23.25MB mem-reservation=23.25MB spill-buffer=64.00KB thread-reservation=0 cost=3903
|  |  |
|  |  28:EXCHANGE [BROADCAST]
|  |  |  mem-estimate=499.56KB mem-reservation=0B thread-reservation=0
|  |  |  tuple-ids=3 row-size=62B cardinality=3.90K cost=5180
|  |  |  in pipelines: 03(GETNEXT)
|  |  |
|  |  F02:PLAN FRAGMENT [RANDOM] hosts=4 instances=4
|  |  Per-Instance Resources: mem-estimate=16.26MB mem-reservation=512.00KB thread-reservation=1
|  |  max-parallelism=4 segment-costs=[145132]
|  |  03:SCAN HDFS [tpcds_partitioned_parquet_snap.item, RANDOM]
|  |     HDFS partitions=1/1 files=1 size=1.73MB
|  |     predicates: tpcds_partitioned_parquet_snap.item.i_color = 'navy'
|  |     stored statistics:
|  |       table: rows=360.00K size=33.54MB
|  |       columns: all
|  |     extrapolated-rows=disabled max-scan-range-rows=101.54K
|  |     parquet statistics predicates: tpcds_partitioned_parquet_snap.item.i_color = 'navy'
|  |     parquet dictionary predicates: tpcds_partitioned_parquet_snap.item.i_color = 'navy'
|  |     mem-estimate=16.00MB mem-reservation=512.00KB thread-reservation=0
|  |     tuple-ids=3 row-size=62B cardinality=3.90K cost=144396
|  |     in pipelines: 03(GETNEXT)
|  |
|  00:SCAN HDFS [tpcds_partitioned_parquet_snap.store_sales, RANDOM]
|     HDFS partitions=1824/1824 files=1824 size=199.33MB
|     runtime filters: RF013[min_max] -> ss_item_sk, RF011[min_max] -> ss_store_sk, RF005[min_max] -> ss_customer_sk, RF012[bloom] -> ss_item_sk, RF010[bloom] -> ss_store_sk, RF004[bloom] -> ss_customer_sk
|     stored statistics:
|       table: rows=8.64G size=389.90GB
|       partitions: 1824/1824 rows=8.64G
|       columns: all
|     extrapolated-rows=disabled max-scan-range-rows=390.22M
|     mem-estimate=16.00MB mem-reservation=8.00MB thread-reservation=0
|     tuple-ids=0 row-size=24B cardinality=93.62M(filtered from 8.64G) cost=2985961602
|     in pipelines: 00(GETNEXT)
|
30:EXCHANGE [HASH(sr_item_sk,sr_ticket_number)]
|  mem-estimate=10.31MB mem-reservation=0B thread-reservation=0
|  tuple-ids=1 row-size=12B cardinality=33.37M(filtered from 863.99M) cost=5549920
|  in pipelines: 01(GETNEXT)
|
F00:PLAN FRAGMENT [RANDOM] hosts=10 instances=20 (adjusted from 120)
Per-Host Shared Resources: mem-estimate=17.00MB mem-reservation=17.00MB thread-reservation=0 runtime-filters-memory=17.00MB
Per-Instance Resources: mem-estimate=16.62MB mem-reservation=512.00KB thread-reservation=1
max-parallelism=20 segment-costs=[192281583]
01:SCAN HDFS [tpcds_partitioned_parquet_snap.store_returns, RANDOM]
   HDFS partitions=2004/2004 files=2004 size=33.63MB
   runtime filters: RF008[min_max] -> sr_item_sk, RF009[min_max] -> sr_ticket_number, RF006[bloom] -> sr_item_sk, RF007[bloom] -> sr_ticket_number
   stored statistics:
     table: rows=863.99M size=48.14GB
     partitions: 2004/2004 rows=863.99M
     columns: all
   extrapolated-rows=disabled max-scan-range-rows=30.09M
   mem-estimate=16.00MB mem-reservation=512.00KB thread-reservation=0
   tuple-ids=1 row-size=12B cardinality=33.37M(filtered from 863.99M) cost=149297235
   in pipelines: 01(GETNEXT)
====
