# TPCDS-Q29
# start query 29 in stream 0 using template query29.tpl using seed 2062354155
select
     i_item_id
    ,i_item_desc
    ,s_store_id
    ,s_store_name
    ,stddev_samp(ss_quantity)        as store_sales_quantity
    ,stddev_samp(sr_return_quantity) as store_returns_quantity
    ,stddev_samp(cs_quantity)        as catalog_sales_quantity
 from
    store_sales
   ,store_returns
   ,catalog_sales
   ,date_dim             d1
   ,date_dim             d2
   ,date_dim             d3
   ,store
   ,item
 where
     d1.d_moy               = 4
 and d1.d_year              = 1998
 and d1.d_date_sk           = ss_sold_date_sk
 and i_item_sk              = ss_item_sk
 and s_store_sk             = ss_store_sk
 and ss_customer_sk         = sr_customer_sk
 and ss_item_sk             = sr_item_sk
 and ss_ticket_number       = sr_ticket_number
 and sr_returned_date_sk    = d2.d_date_sk
 and d2.d_moy               between 4 and  4 + 3
 and d2.d_year              = 1998
 and sr_customer_sk         = cs_bill_customer_sk
 and sr_item_sk             = cs_item_sk
 and cs_sold_date_sk        = d3.d_date_sk
 and d3.d_year              in (1998,1998+1,1998+2)
 group by
    i_item_id
   ,i_item_desc
   ,s_store_id
   ,s_store_name
 order by
    i_item_id
   ,i_item_desc
   ,s_store_id
   ,s_store_name
 limit 100;

# end query 29 in stream 0 using template query29.tpl
---- PLAN
Max Per-Host Resource Reservation: Memory=164.84MB Threads=1
Per-Host Resource Estimates: Memory=35.91GB
F00:PLAN FRAGMENT [UNPARTITIONED] hosts=1 instances=1
|  Per-Instance Resources: mem-estimate=35.91GB mem-reservation=164.84MB thread-reservation=1 runtime-filters-memory=55.00MB
|  max-parallelism=1 segment-costs=[2219515768, 169907657, 700]
PLAN-ROOT SINK
|  output exprs: i_item_id, i_item_desc, s_store_id, s_store_name, stddev_samp(ss_quantity), stddev_samp(sr_return_quantity), stddev_samp(cs_quantity)
|  mem-estimate=4.00MB mem-reservation=4.00MB spill-buffer=2.00MB thread-reservation=0 cost=700
|
16:TOP-N [LIMIT=100]
|  order by: i_item_id ASC, i_item_desc ASC, s_store_id ASC, s_store_name ASC
|  mem-estimate=20.37KB mem-reservation=0B thread-reservation=0
|  tuple-ids=10 row-size=209B cardinality=100 cost=169907657
|  in pipelines: 16(GETNEXT), 15(OPEN)
|
15:AGGREGATE [FINALIZE]
|  output: stddev_samp(ss_quantity), stddev_samp(sr_return_quantity), stddev_samp(cs_quantity)
|  group by: i_item_id, i_item_desc, s_store_id, s_store_name
|  mem-estimate=783.63MB mem-reservation=34.00MB spill-buffer=2.00MB thread-reservation=0
|  tuple-ids=9 row-size=209B cardinality=12.77M cost=77142218
|  in pipelines: 15(GETNEXT), 02(OPEN)
|
14:HASH JOIN [INNER JOIN]
|  hash predicates: ss_store_sk = s_store_sk
|  fk/pk conjuncts: ss_store_sk = s_store_sk
|  runtime filters: RF000[bloom] <- s_store_sk, RF001[min_max] <- s_store_sk
|  mem-estimate=1.94MB mem-reservation=1.94MB spill-buffer=64.00KB thread-reservation=0
|  tuple-ids=2,1,0,3,4,7,5,6 row-size=293B cardinality=12.77M cost=5589201
|  in pipelines: 02(GETNEXT), 06(OPEN)
|
|--06:SCAN HDFS [tpcds_partitioned_parquet_snap.store]
|     HDFS partitions=1/1 files=1 size=9.81KB
|     stored statistics:
|       table: rows=1.35K size=119.76KB
|       columns: all
|     extrapolated-rows=disabled max-scan-range-rows=1.35K
|     mem-estimate=16.00MB mem-reservation=24.00KB thread-reservation=0
|     tuple-ids=6 row-size=48B cardinality=1.35K cost=465
|     in pipelines: 06(GETNEXT)
|
13:HASH JOIN [INNER JOIN]
|  hash predicates: cs_sold_date_sk = d3.d_date_sk
|  fk/pk conjuncts: cs_sold_date_sk = d3.d_date_sk
|  runtime filters: RF002[bloom] <- d3.d_date_sk
|  mem-estimate=1.94MB mem-reservation=1.94MB spill-buffer=64.00KB thread-reservation=0
|  tuple-ids=2,1,0,3,4,7,5 row-size=245B cardinality=12.77M cost=7677319
|  in pipelines: 02(GETNEXT), 05(OPEN)
|
|--05:SCAN HDFS [tpcds_partitioned_parquet_snap.date_dim d3]
|     HDFS partitions=1/1 files=1 size=2.17MB
|     predicates: d3.d_year IN (CAST(1998 AS INT), CAST(1999 AS INT), CAST(2000 AS INT))
|     stored statistics:
|       table: rows=73.05K size=2.17MB
|       columns: all
|     extrapolated-rows=disabled max-scan-range-rows=73.05K
|     parquet statistics predicates: d3.d_year IN (CAST(1998 AS INT), CAST(1999 AS INT), CAST(2000 AS INT))
|     parquet dictionary predicates: d3.d_year IN (CAST(1998 AS INT), CAST(1999 AS INT), CAST(2000 AS INT))
|     mem-estimate=16.00MB mem-reservation=512.00KB thread-reservation=0
|     tuple-ids=5 row-size=8B cardinality=1.12K cost=10467
|     in pipelines: 05(GETNEXT)
|
12:HASH JOIN [INNER JOIN]
|  hash predicates: cs_bill_customer_sk = sr_customer_sk, cs_item_sk = sr_item_sk
|  fk/pk conjuncts: cs_bill_customer_sk = sr_customer_sk, cs_item_sk = sr_item_sk
|  runtime filters: RF004[bloom] <- sr_customer_sk, RF005[bloom] <- sr_item_sk, RF006[min_max] <- sr_customer_sk, RF007[min_max] <- sr_item_sk
|  mem-estimate=4.67GB mem-reservation=34.00MB spill-buffer=2.00MB thread-reservation=0
|  tuple-ids=2,1,0,3,4,7 row-size=237B cardinality=20.91M cost=457565007
|  in pipelines: 02(GETNEXT), 01(OPEN)
|
|--11:HASH JOIN [INNER JOIN]
|  |  hash predicates: ss_item_sk = i_item_sk
|  |  fk/pk conjuncts: ss_item_sk = i_item_sk
|  |  runtime filters: RF008[bloom] <- i_item_sk, RF009[min_max] <- i_item_sk
|  |  mem-estimate=61.64MB mem-reservation=34.00MB spill-buffer=2.00MB thread-reservation=0
|  |  tuple-ids=1,0,3,4,7 row-size=221B cardinality=20.91M cost=9514163
|  |  in pipelines: 01(GETNEXT), 07(OPEN)
|  |
|  |--07:SCAN HDFS [tpcds_partitioned_parquet_snap.item]
|  |     HDFS partitions=1/1 files=1 size=1.73MB
|  |     stored statistics:
|  |       table: rows=360.00K size=33.54MB
|  |       columns: all
|  |     extrapolated-rows=disabled max-scan-range-rows=101.54K
|  |     mem-estimate=16.00MB mem-reservation=512.00KB thread-reservation=0
|  |     tuple-ids=7 row-size=145B cardinality=360.00K cost=625187
|  |     in pipelines: 07(GETNEXT)
|  |
|  10:HASH JOIN [INNER JOIN]
|  |  hash predicates: sr_returned_date_sk = d2.d_date_sk
|  |  fk/pk conjuncts: sr_returned_date_sk = d2.d_date_sk
|  |  runtime filters: RF010[bloom] <- d2.d_date_sk
|  |  mem-estimate=1.94MB mem-reservation=1.94MB spill-buffer=64.00KB thread-reservation=0
|  |  tuple-ids=1,0,3,4 row-size=76B cardinality=20.92M cost=16839636
|  |  in pipelines: 01(GETNEXT), 04(OPEN)
|  |
|  |--04:SCAN HDFS [tpcds_partitioned_parquet_snap.date_dim d2]
|  |     HDFS partitions=1/1 files=1 size=2.17MB
|  |     predicates: d2.d_year = CAST(1998 AS INT), d2.d_moy <= CAST(7 AS INT), d2.d_moy >= CAST(4 AS INT)
|  |     stored statistics:
|  |       table: rows=73.05K size=2.17MB
|  |       columns: all
|  |     extrapolated-rows=disabled max-scan-range-rows=73.05K
|  |     parquet statistics predicates: d2.d_year = CAST(1998 AS INT), d2.d_moy <= CAST(7 AS INT), d2.d_moy >= CAST(4 AS INT)
|  |     parquet dictionary predicates: d2.d_year = CAST(1998 AS INT), d2.d_moy <= CAST(7 AS INT), d2.d_moy >= CAST(4 AS INT)
|  |     mem-estimate=16.00MB mem-reservation=512.00KB thread-reservation=0
|  |     tuple-ids=4 row-size=12B cardinality=118 cost=18780
|  |     in pipelines: 04(GETNEXT)
|  |
|  09:HASH JOIN [INNER JOIN]
|  |  hash predicates: sr_customer_sk = ss_customer_sk, sr_item_sk = ss_item_sk, sr_ticket_number = ss_ticket_number
|  |  fk/pk conjuncts: sr_customer_sk = ss_customer_sk, sr_item_sk = ss_item_sk, sr_ticket_number = ss_ticket_number
|  |  runtime filters: RF012[bloom] <- ss_customer_sk, RF013[bloom] <- ss_item_sk, RF014[bloom] <- ss_ticket_number, RF015[min_max] <- ss_customer_sk, RF016[min_max] <- ss_item_sk, RF017[min_max] <- ss_ticket_number
|  |  mem-estimate=31.06GB mem-reservation=34.00MB spill-buffer=2.00MB thread-reservation=0
|  |  tuple-ids=1,0,3 row-size=64B cardinality=50.87M(filtered from 355.26M) cost=588997497
|  |  in pipelines: 01(GETNEXT), 00(OPEN)
|  |
|  |--08:HASH JOIN [INNER JOIN]
|  |  |  hash predicates: ss_sold_date_sk = d1.d_date_sk
|  |  |  fk/pk conjuncts: ss_sold_date_sk = d1.d_date_sk
|  |  |  runtime filters: RF018[bloom] <- d1.d_date_sk
|  |  |  mem-estimate=1.94MB mem-reservation=1.94MB spill-buffer=64.00KB thread-reservation=0
|  |  |  tuple-ids=0,3 row-size=40B cardinality=511.58M cost=223916534
|  |  |  in pipelines: 00(GETNEXT), 03(OPEN)
|  |  |
|  |  |--03:SCAN HDFS [tpcds_partitioned_parquet_snap.date_dim d1]
|  |  |     HDFS partitions=1/1 files=1 size=2.17MB
|  |  |     predicates: d1.d_year = CAST(1998 AS INT), d1.d_moy = CAST(4 AS INT)
|  |  |     stored statistics:
|  |  |       table: rows=73.05K size=2.17MB
|  |  |       columns: all
|  |  |     extrapolated-rows=disabled max-scan-range-rows=73.05K
|  |  |     parquet statistics predicates: d1.d_year = CAST(1998 AS INT), d1.d_moy = CAST(4 AS INT)
|  |  |     parquet dictionary predicates: d1.d_year = CAST(1998 AS INT), d1.d_moy = CAST(4 AS INT)
|  |  |     mem-estimate=16.00MB mem-reservation=512.00KB thread-reservation=0
|  |  |     tuple-ids=3 row-size=12B cardinality=108 cost=16728
|  |  |     in pipelines: 03(GETNEXT)
|  |  |
|  |  00:SCAN HDFS [tpcds_partitioned_parquet_snap.store_sales]
|  |     HDFS partitions=1824/1824 files=1824 size=199.33MB
|  |     runtime filters: RF009[min_max] -> ss_item_sk, RF001[min_max] -> ss_store_sk, RF018[bloom] -> ss_sold_date_sk, RF008[bloom] -> ss_item_sk, RF000[bloom] -> ss_store_sk
|  |     stored statistics:
|  |       table: rows=8.64G size=389.90GB
|  |       partitions: 1824/1824 rows=8.64G
|  |       columns: all
|  |     extrapolated-rows=disabled max-scan-range-rows=390.22M est-scan-range=109(filtered from 1824)
|  |     mem-estimate=16.00MB mem-reservation=8.00MB thread-reservation=0
|  |     tuple-ids=0 row-size=28B cardinality=511.58M(filtered from 8.64G) cost=206267084
|  |     in pipelines: 00(GETNEXT)
|  |
|  01:SCAN HDFS [tpcds_partitioned_parquet_snap.store_returns]
|     HDFS partitions=2004/2004 files=2004 size=33.63MB
|     runtime filters: RF015[min_max] -> sr_customer_sk, RF016[min_max] -> sr_item_sk, RF017[min_max] -> sr_ticket_number, RF009[min_max] -> tpcds_partitioned_parquet_snap.store_returns.sr_item_sk, RF010[bloom] -> sr_returned_date_sk, RF012[bloom] -> sr_customer_sk, RF013[bloom] -> sr_item_sk, RF014[bloom] -> sr_ticket_number, RF008[bloom] -> tpcds_partitioned_parquet_snap.store_returns.sr_item_sk
|     stored statistics:
|       table: rows=863.99M size=48.14GB
|       partitions: 2004/2004 rows=863.99M
|       columns: all
|     extrapolated-rows=disabled max-scan-range-rows=30.09M est-scan-range=118(filtered from 2004)
|     mem-estimate=16.00MB mem-reservation=512.00KB thread-reservation=0
|     tuple-ids=1 row-size=24B cardinality=50.87M(filtered from 863.99M) cost=17581910
|     in pipelines: 01(GETNEXT)
|
02:SCAN HDFS [tpcds_partitioned_parquet_snap.catalog_sales]
   HDFS partitions=1831/1831 files=1831 size=150.82MB
   runtime filters: RF006[min_max] -> cs_bill_customer_sk, RF007[min_max] -> cs_item_sk, RF004[bloom] -> cs_bill_customer_sk, RF005[bloom] -> cs_item_sk, RF002[bloom] -> cs_sold_date_sk
   stored statistics:
     table: rows=4.32G size=280.96GB
     partitions: 1831/1831 rows=4.32G
     columns: all
   extrapolated-rows=disabled max-scan-range-rows=21.52M est-scan-range=1118(filtered from 1831)
   mem-estimate=16.00MB mem-reservation=1.00MB thread-reservation=0
   tuple-ids=2 row-size=16B cardinality=1.69G(filtered from 4.32G) cost=607753572
   in pipelines: 02(GETNEXT)
---- DISTRIBUTEDPLAN
Max Per-Host Resource Reservation: Memory=729.84MB Threads=48
Per-Host Resource Estimates: Memory=5.13GB
F11:PLAN FRAGMENT [UNPARTITIONED] hosts=1 instances=1
|  Per-Instance Resources: mem-estimate=4.41MB mem-reservation=4.00MB thread-reservation=1
|  max-parallelism=1 segment-costs=[766] cpu-comparison-result=176 [max(1 (self) vs 176 (sum children))]
PLAN-ROOT SINK
|  output exprs: i_item_id, i_item_desc, s_store_id, s_store_name, stddev_samp(ss_quantity), stddev_samp(sr_return_quantity), stddev_samp(cs_quantity)
|  mem-estimate=4.00MB mem-reservation=4.00MB spill-buffer=2.00MB thread-reservation=0 cost=700
|
28:MERGING-EXCHANGE [UNPARTITIONED]
|  order by: i_item_id ASC, i_item_desc ASC, s_store_id ASC, s_store_name ASC
|  limit: 100
|  mem-estimate=417.15KB mem-reservation=0B thread-reservation=0
|  tuple-ids=10 row-size=209B cardinality=100 cost=66
|  in pipelines: 16(GETNEXT)
|
F10:PLAN FRAGMENT [HASH(i_item_id,i_item_desc,s_store_id,s_store_name)] hosts=10 instances=20 (adjusted from 120)
Per-Instance Resources: mem-estimate=150.48MB mem-reservation=34.00MB thread-reservation=1
max-parallelism=20 segment-costs=[90807070, 169907657, 577] cpu-comparison-result=176 [max(20 (self) vs 176 (sum children))]
16:TOP-N [LIMIT=100]
|  order by: i_item_id ASC, i_item_desc ASC, s_store_id ASC, s_store_name ASC
|  mem-estimate=20.37KB mem-reservation=0B thread-reservation=0
|  tuple-ids=10 row-size=209B cardinality=100 cost=169907657
|  in pipelines: 16(GETNEXT), 27(OPEN)
|
27:AGGREGATE [FINALIZE]
|  output: stddev_samp:merge(ss_quantity), stddev_samp:merge(sr_return_quantity), stddev_samp:merge(cs_quantity)
|  group by: i_item_id, i_item_desc, s_store_id, s_store_name
|  mem-estimate=134.25MB mem-reservation=34.00MB spill-buffer=2.00MB thread-reservation=0
|  tuple-ids=9 row-size=209B cardinality=12.77M cost=77142218
|  in pipelines: 27(GETNEXT), 02(OPEN)
|
26:EXCHANGE [HASH(i_item_id,i_item_desc,s_store_id,s_store_name)]
|  mem-estimate=16.23MB mem-reservation=0B thread-reservation=0
|  tuple-ids=8 row-size=209B cardinality=12.77M cost=13664852
|  in pipelines: 02(GETNEXT)
|
F07:PLAN FRAGMENT [HASH(cs_bill_customer_sk,cs_item_sk)] hosts=10 instances=30 (adjusted from 120)
Per-Instance Resources: mem-estimate=96.07MB mem-reservation=34.00MB thread-reservation=1
max-parallelism=90 segment-costs=[838762120, 178028327] cpu-comparison-result=176 [max(150 (self) vs 176 (sum children))]
15:AGGREGATE [STREAMING]
|  output: stddev_samp(ss_quantity), stddev_samp(sr_return_quantity), stddev_samp(cs_quantity)
|  group by: i_item_id, i_item_desc, s_store_id, s_store_name
|  mem-estimate=67.13MB mem-reservation=34.00MB spill-buffer=2.00MB thread-reservation=0
|  tuple-ids=8 row-size=209B cardinality=12.77M cost=77142218
|  in pipelines: 02(GETNEXT)
|
14:HASH JOIN [INNER JOIN, BROADCAST]
|  hash-table-id=00
|  hash predicates: ss_store_sk = s_store_sk
|  fk/pk conjuncts: ss_store_sk = s_store_sk
|  mem-estimate=0B mem-reservation=0B spill-buffer=64.00KB thread-reservation=0
|  tuple-ids=2,1,0,3,4,7,5,6 row-size=293B cardinality=12.77M cost=5587851
|  in pipelines: 02(GETNEXT), 06(OPEN)
|
|--F12:PLAN FRAGMENT [HASH(cs_bill_customer_sk,cs_item_sk)] hosts=10 instances=10
|  |  Per-Instance Resources: mem-estimate=6.92MB mem-reservation=6.81MB thread-reservation=1 runtime-filters-memory=1.00MB
|  |  max-parallelism=10 segment-costs=[3140]
|  JOIN BUILD
|  |  join-table-id=00 plan-id=01 cohort-id=01
|  |  build expressions: s_store_sk
|  |  runtime filters: RF000[bloom] <- s_store_sk, RF001[min_max] <- s_store_sk
|  |  mem-estimate=5.81MB mem-reservation=5.81MB spill-buffer=64.00KB thread-reservation=0 cost=1350
|  |
|  25:EXCHANGE [BROADCAST]
|  |  mem-estimate=115.14KB mem-reservation=0B thread-reservation=0
|  |  tuple-ids=6 row-size=48B cardinality=1.35K cost=1790
|  |  in pipelines: 06(GETNEXT)
|  |
|  F09:PLAN FRAGMENT [RANDOM] hosts=1 instances=1
|  Per-Instance Resources: mem-estimate=16.20MB mem-reservation=24.00KB thread-reservation=1
|  max-parallelism=1 segment-costs=[668]
|  06:SCAN HDFS [tpcds_partitioned_parquet_snap.store, RANDOM]
|     HDFS partitions=1/1 files=1 size=9.81KB
|     stored statistics:
|       table: rows=1.35K size=119.76KB
|       columns: all
|     extrapolated-rows=disabled max-scan-range-rows=1.35K
|     mem-estimate=16.00MB mem-reservation=24.00KB thread-reservation=0
|     tuple-ids=6 row-size=48B cardinality=1.35K cost=465
|     in pipelines: 06(GETNEXT)
|
13:HASH JOIN [INNER JOIN, BROADCAST]
|  hash-table-id=01
|  hash predicates: cs_sold_date_sk = d3.d_date_sk
|  fk/pk conjuncts: cs_sold_date_sk = d3.d_date_sk
|  mem-estimate=0B mem-reservation=0B spill-buffer=64.00KB thread-reservation=0
|  tuple-ids=2,1,0,3,4,7,5 row-size=245B cardinality=12.77M cost=7676201
|  in pipelines: 02(GETNEXT), 05(OPEN)
|
|--F13:PLAN FRAGMENT [HASH(cs_bill_customer_sk,cs_item_sk)] hosts=10 instances=10
|  |  Per-Instance Resources: mem-estimate=6.83MB mem-reservation=6.81MB thread-reservation=1 runtime-filters-memory=1.00MB
|  |  max-parallelism=10 segment-costs=[2598]
|  JOIN BUILD
|  |  join-table-id=01 plan-id=02 cohort-id=01
|  |  build expressions: d3.d_date_sk
|  |  runtime filters: RF002[bloom] <- d3.d_date_sk
|  |  mem-estimate=5.81MB mem-reservation=5.81MB spill-buffer=64.00KB thread-reservation=0 cost=1118
|  |
|  24:EXCHANGE [BROADCAST]
|  |  mem-estimate=20.73KB mem-reservation=0B thread-reservation=0
|  |  tuple-ids=5 row-size=8B cardinality=1.12K cost=1480
|  |  in pipelines: 05(GETNEXT)
|  |
|  F08:PLAN FRAGMENT [RANDOM] hosts=1 instances=1
|  Per-Instance Resources: mem-estimate=16.05MB mem-reservation=512.00KB thread-reservation=1
|  max-parallelism=1 segment-costs=[10515]
|  05:SCAN HDFS [tpcds_partitioned_parquet_snap.date_dim d3, RANDOM]
|     HDFS partitions=1/1 files=1 size=2.17MB
|     predicates: d3.d_year IN (CAST(1998 AS INT), CAST(1999 AS INT), CAST(2000 AS INT))
|     stored statistics:
|       table: rows=73.05K size=2.17MB
|       columns: all
|     extrapolated-rows=disabled max-scan-range-rows=73.05K
|     parquet statistics predicates: d3.d_year IN (CAST(1998 AS INT), CAST(1999 AS INT), CAST(2000 AS INT))
|     parquet dictionary predicates: d3.d_year IN (CAST(1998 AS INT), CAST(1999 AS INT), CAST(2000 AS INT))
|     mem-estimate=16.00MB mem-reservation=512.00KB thread-reservation=0
|     tuple-ids=5 row-size=8B cardinality=1.12K cost=10467
|     in pipelines: 05(GETNEXT)
|
12:HASH JOIN [INNER JOIN, PARTITIONED]
|  hash-table-id=02
|  hash predicates: cs_bill_customer_sk = sr_customer_sk, cs_item_sk = sr_item_sk
|  fk/pk conjuncts: cs_bill_customer_sk = sr_customer_sk, cs_item_sk = sr_item_sk
|  mem-estimate=0B mem-reservation=0B spill-buffer=2.00MB thread-reservation=0
|  tuple-ids=2,1,0,3,4,7 row-size=237B cardinality=20.91M cost=436656892
|  in pipelines: 02(GETNEXT), 01(OPEN)
|
|--F14:PLAN FRAGMENT [HASH(cs_bill_customer_sk,cs_item_sk)] hosts=10 instances=30 (adjusted from 120)
|  |  Per-Instance Resources: mem-estimate=191.12MB mem-reservation=51.00MB thread-reservation=1 runtime-filters-memory=17.00MB
|  |  max-parallelism=90 segment-costs=[47525353] cpu-comparison-result=154 [max(70 (self) vs 154 (sum children))]
|  JOIN BUILD
|  |  join-table-id=02 plan-id=03 cohort-id=01
|  |  build expressions: sr_customer_sk, sr_item_sk
|  |  runtime filters: RF004[bloom] <- sr_customer_sk, RF005[bloom] <- sr_item_sk, RF006[min_max] <- sr_customer_sk, RF007[min_max] <- sr_item_sk
|  |  mem-estimate=159.42MB mem-reservation=34.00MB spill-buffer=2.00MB thread-reservation=0 cost=20908115
|  |
|  23:EXCHANGE [HASH(sr_customer_sk,sr_item_sk)]
|  |  mem-estimate=14.70MB mem-reservation=0B thread-reservation=0
|  |  tuple-ids=1,0,3,4,7 row-size=221B cardinality=20.91M cost=26617238
|  |  in pipelines: 01(GETNEXT)
|  |
|  F04:PLAN FRAGMENT [HASH(sr_customer_sk,sr_item_sk,sr_ticket_number)] hosts=10 instances=20 (adjusted from 120)
|  Per-Instance Resources: mem-estimate=38.74MB mem-reservation=0B thread-reservation=1
|  max-parallelism=50 segment-costs=[465577282]
|  11:HASH JOIN [INNER JOIN, BROADCAST]
|  |  hash-table-id=03
|  |  hash predicates: ss_item_sk = i_item_sk
|  |  fk/pk conjuncts: ss_item_sk = i_item_sk
|  |  mem-estimate=0B mem-reservation=0B spill-buffer=2.00MB thread-reservation=0
|  |  tuple-ids=1,0,3,4,7 row-size=221B cardinality=20.91M cost=9154163
|  |  in pipelines: 01(GETNEXT), 07(OPEN)
|  |
|  |--F15:PLAN FRAGMENT [HASH(sr_customer_sk,sr_item_sk,sr_ticket_number)] hosts=10 instances=10
|  |  |  Per-Instance Resources: mem-estimate=79.58MB mem-reservation=69.00MB thread-reservation=1 runtime-filters-memory=1.00MB
|  |  |  max-parallelism=10 segment-costs=[838440]
|  |  JOIN BUILD
|  |  |  join-table-id=03 plan-id=04 cohort-id=02
|  |  |  build expressions: i_item_sk
|  |  |  runtime filters: RF008[bloom] <- i_item_sk, RF009[min_max] <- i_item_sk
|  |  |  mem-estimate=68.00MB mem-reservation=68.00MB spill-buffer=2.00MB thread-reservation=0 cost=360000
|  |  |
|  |  21:EXCHANGE [BROADCAST]
|  |  |  mem-estimate=10.58MB mem-reservation=0B thread-reservation=0
|  |  |  tuple-ids=7 row-size=145B cardinality=360.00K cost=478440
|  |  |  in pipelines: 07(GETNEXT)
|  |  |
|  |  F06:PLAN FRAGMENT [RANDOM] hosts=4 instances=4
|  |  Per-Instance Resources: mem-estimate=16.58MB mem-reservation=512.00KB thread-reservation=1
|  |  max-parallelism=4 segment-costs=[773513]
|  |  07:SCAN HDFS [tpcds_partitioned_parquet_snap.item, RANDOM]
|  |     HDFS partitions=1/1 files=1 size=1.73MB
|  |     stored statistics:
|  |       table: rows=360.00K size=33.54MB
|  |       columns: all
|  |     extrapolated-rows=disabled max-scan-range-rows=101.54K
|  |     mem-estimate=16.00MB mem-reservation=512.00KB thread-reservation=0
|  |     tuple-ids=7 row-size=145B cardinality=360.00K cost=625187
|  |     in pipelines: 07(GETNEXT)
|  |
|  10:HASH JOIN [INNER JOIN, BROADCAST]
|  |  hash-table-id=04
|  |  hash predicates: sr_returned_date_sk = d2.d_date_sk
|  |  fk/pk conjuncts: sr_returned_date_sk = d2.d_date_sk
|  |  mem-estimate=0B mem-reservation=0B spill-buffer=64.00KB thread-reservation=0
|  |  tuple-ids=1,0,3,4 row-size=76B cardinality=20.92M cost=16839518
|  |  in pipelines: 01(GETNEXT), 04(OPEN)
|  |
|  |--F16:PLAN FRAGMENT [HASH(sr_customer_sk,sr_item_sk,sr_ticket_number)] hosts=10 instances=10
|  |  |  Per-Instance Resources: mem-estimate=4.89MB mem-reservation=4.88MB thread-reservation=1 runtime-filters-memory=1.00MB
|  |  |  max-parallelism=10 segment-costs=[268]
|  |  JOIN BUILD
|  |  |  join-table-id=04 plan-id=05 cohort-id=02
|  |  |  build expressions: d2.d_date_sk
|  |  |  runtime filters: RF010[bloom] <- d2.d_date_sk
|  |  |  mem-estimate=3.88MB mem-reservation=3.88MB spill-buffer=64.00KB thread-reservation=0 cost=118
|  |  |
|  |  20:EXCHANGE [BROADCAST]
|  |  |  mem-estimate=16.00KB mem-reservation=0B thread-reservation=0
|  |  |  tuple-ids=4 row-size=12B cardinality=118 cost=150
|  |  |  in pipelines: 04(GETNEXT)
|  |  |
|  |  F05:PLAN FRAGMENT [RANDOM] hosts=1 instances=1
|  |  Per-Instance Resources: mem-estimate=16.06MB mem-reservation=512.00KB thread-reservation=1
|  |  max-parallelism=1 segment-costs=[18786]
|  |  04:SCAN HDFS [tpcds_partitioned_parquet_snap.date_dim d2, RANDOM]
|  |     HDFS partitions=1/1 files=1 size=2.17MB
|  |     predicates: d2.d_year = CAST(1998 AS INT), d2.d_moy <= CAST(7 AS INT), d2.d_moy >= CAST(4 AS INT)
|  |     stored statistics:
|  |       table: rows=73.05K size=2.17MB
|  |       columns: all
|  |     extrapolated-rows=disabled max-scan-range-rows=73.05K
|  |     parquet statistics predicates: d2.d_year = CAST(1998 AS INT), d2.d_moy <= CAST(7 AS INT), d2.d_moy >= CAST(4 AS INT)
|  |     parquet dictionary predicates: d2.d_year = CAST(1998 AS INT), d2.d_moy <= CAST(7 AS INT), d2.d_moy >= CAST(4 AS INT)
|  |     mem-estimate=16.00MB mem-reservation=512.00KB thread-reservation=0
|  |     tuple-ids=4 row-size=12B cardinality=118 cost=18780
|  |     in pipelines: 04(GETNEXT)
|  |
|  09:HASH JOIN [INNER JOIN, PARTITIONED]
|  |  hash-table-id=05
|  |  hash predicates: sr_customer_sk = ss_customer_sk, sr_item_sk = ss_item_sk, sr_ticket_number = ss_ticket_number
|  |  fk/pk conjuncts: sr_customer_sk = ss_customer_sk, sr_item_sk = ss_item_sk, sr_ticket_number = ss_ticket_number
|  |  mem-estimate=0B mem-reservation=0B spill-buffer=2.00MB thread-reservation=0
|  |  tuple-ids=1,0,3 row-size=64B cardinality=50.87M(filtered from 355.26M) cost=77422386
|  |  in pipelines: 01(GETNEXT), 00(OPEN)
|  |
|  |--F17:PLAN FRAGMENT [HASH(sr_customer_sk,sr_item_sk,sr_ticket_number)] hosts=10 instances=20 (adjusted from 120)
|  |  |  Per-Instance Resources: mem-estimate=1.60GB mem-reservation=67.00MB thread-reservation=1 runtime-filters-memory=33.00MB
|  |  |  max-parallelism=50 segment-costs=[681366890] cpu-comparison-result=129 [max(129 (self) vs 11 (sum children))]
|  |  JOIN BUILD
|  |  |  join-table-id=05 plan-id=06 cohort-id=02
|  |  |  build expressions: ss_customer_sk, ss_item_sk, ss_ticket_number
|  |  |  runtime filters: RF012[bloom] <- ss_customer_sk, RF013[bloom] <- ss_item_sk, RF014[bloom] <- ss_ticket_number, RF015[min_max] <- ss_customer_sk, RF016[min_max] <- ss_item_sk, RF017[min_max] <- ss_ticket_number
|  |  |  mem-estimate=1.55GB mem-reservation=34.00MB spill-buffer=2.00MB thread-reservation=0 cost=511575111
|  |  |
|  |  19:EXCHANGE [HASH(ss_customer_sk,ss_item_sk,ss_ticket_number)]
|  |  |  mem-estimate=15.11MB mem-reservation=0B thread-reservation=0
|  |  |  tuple-ids=0,3 row-size=40B cardinality=511.58M cost=169791779
|  |  |  in pipelines: 00(GETNEXT)
|  |  |
|  |  F02:PLAN FRAGMENT [RANDOM] hosts=10 instances=109 (adjusted from 120)
|  |  Per-Host Shared Resources: mem-estimate=3.00MB mem-reservation=3.00MB thread-reservation=0 runtime-filters-memory=3.00MB
|  |  Per-Instance Resources: mem-estimate=19.75MB mem-reservation=8.00MB thread-reservation=1
|  |  max-parallelism=109 segment-costs=[2275127990]
|  |  08:HASH JOIN [INNER JOIN, BROADCAST]
|  |  |  hash-table-id=06
|  |  |  hash predicates: ss_sold_date_sk = d1.d_date_sk
|  |  |  fk/pk conjuncts: ss_sold_date_sk = d1.d_date_sk
|  |  |  mem-estimate=0B mem-reservation=0B spill-buffer=64.00KB thread-reservation=0
|  |  |  tuple-ids=0,3 row-size=40B cardinality=511.58M cost=223916426
|  |  |  in pipelines: 00(GETNEXT), 03(OPEN)
|  |  |
|  |  |--F18:PLAN FRAGMENT [RANDOM] hosts=10 instances=10
|  |  |  |  Per-Instance Resources: mem-estimate=22.33MB mem-reservation=22.31MB thread-reservation=1 runtime-filters-memory=1.00MB
|  |  |  |  max-parallelism=10 segment-costs=[248]
|  |  |  JOIN BUILD
|  |  |  |  join-table-id=06 plan-id=07 cohort-id=03
|  |  |  |  build expressions: d1.d_date_sk
|  |  |  |  runtime filters: RF018[bloom] <- d1.d_date_sk
|  |  |  |  mem-estimate=21.31MB mem-reservation=21.31MB spill-buffer=64.00KB thread-reservation=0 cost=108
|  |  |  |
|  |  |  17:EXCHANGE [BROADCAST]
|  |  |  |  mem-estimate=16.00KB mem-reservation=0B thread-reservation=0
|  |  |  |  tuple-ids=3 row-size=12B cardinality=108 cost=140
|  |  |  |  in pipelines: 03(GETNEXT)
|  |  |  |
|  |  |  F03:PLAN FRAGMENT [RANDOM] hosts=1 instances=1
|  |  |  Per-Instance Resources: mem-estimate=16.06MB mem-reservation=512.00KB thread-reservation=1
|  |  |  max-parallelism=1 segment-costs=[16733]
|  |  |  03:SCAN HDFS [tpcds_partitioned_parquet_snap.date_dim d1, RANDOM]
|  |  |     HDFS partitions=1/1 files=1 size=2.17MB
|  |  |     predicates: d1.d_year = CAST(1998 AS INT), d1.d_moy = CAST(4 AS INT)
|  |  |     stored statistics:
|  |  |       table: rows=73.05K size=2.17MB
|  |  |       columns: all
|  |  |     extrapolated-rows=disabled max-scan-range-rows=73.05K
|  |  |     parquet statistics predicates: d1.d_year = CAST(1998 AS INT), d1.d_moy = CAST(4 AS INT)
|  |  |     parquet dictionary predicates: d1.d_year = CAST(1998 AS INT), d1.d_moy = CAST(4 AS INT)
|  |  |     mem-estimate=16.00MB mem-reservation=512.00KB thread-reservation=0
|  |  |     tuple-ids=3 row-size=12B cardinality=108 cost=16728
|  |  |     in pipelines: 03(GETNEXT)
|  |  |
|  |  00:SCAN HDFS [tpcds_partitioned_parquet_snap.store_sales, RANDOM]
|  |     HDFS partitions=1824/1824 files=1824 size=199.33MB
|  |     runtime filters: RF009[min_max] -> ss_item_sk, RF001[min_max] -> ss_store_sk, RF018[bloom] -> ss_sold_date_sk, RF008[bloom] -> ss_item_sk, RF000[bloom] -> ss_store_sk
|  |     stored statistics:
|  |       table: rows=8.64G size=389.90GB
|  |       partitions: 1824/1824 rows=8.64G
|  |       columns: all
|  |     extrapolated-rows=disabled max-scan-range-rows=390.22M est-scan-range=109(filtered from 1824)
|  |     mem-estimate=16.00MB mem-reservation=8.00MB thread-reservation=0
|  |     tuple-ids=0 row-size=28B cardinality=511.58M(filtered from 8.64G) cost=206267084
|  |     in pipelines: 00(GETNEXT)
|  |
|  18:EXCHANGE [HASH(sr_customer_sk,sr_item_sk,sr_ticket_number)]
|  |  mem-estimate=10.55MB mem-reservation=0B thread-reservation=0
|  |  tuple-ids=1 row-size=24B cardinality=50.87M(filtered from 863.99M) cost=11268498
|  |  in pipelines: 01(GETNEXT)
|  |
|  F01:PLAN FRAGMENT [RANDOM] hosts=10 instances=20 (adjusted from 120)
|  Per-Host Shared Resources: mem-estimate=35.00MB mem-reservation=35.00MB thread-reservation=0 runtime-filters-memory=35.00MB
|  Per-Instance Resources: mem-estimate=18.19MB mem-reservation=512.00KB thread-reservation=1
|  max-parallelism=20 segment-costs=[122422189]
|  01:SCAN HDFS [tpcds_partitioned_parquet_snap.store_returns, RANDOM]
|     HDFS partitions=2004/2004 files=2004 size=33.63MB
|     runtime filters: RF015[min_max] -> sr_customer_sk, RF016[min_max] -> sr_item_sk, RF017[min_max] -> sr_ticket_number, RF009[min_max] -> tpcds_partitioned_parquet_snap.store_returns.sr_item_sk, RF010[bloom] -> sr_returned_date_sk, RF012[bloom] -> sr_customer_sk, RF013[bloom] -> sr_item_sk, RF014[bloom] -> sr_ticket_number, RF008[bloom] -> tpcds_partitioned_parquet_snap.store_returns.sr_item_sk
|     stored statistics:
|       table: rows=863.99M size=48.14GB
|       partitions: 2004/2004 rows=863.99M
|       columns: all
|     extrapolated-rows=disabled max-scan-range-rows=30.09M est-scan-range=118(filtered from 2004)
|     mem-estimate=16.00MB mem-reservation=512.00KB thread-reservation=0
|     tuple-ids=1 row-size=24B cardinality=50.87M(filtered from 863.99M) cost=17581910
|     in pipelines: 01(GETNEXT)
|
22:EXCHANGE [HASH(cs_bill_customer_sk,cs_item_sk)]
|  mem-estimate=12.34MB mem-reservation=0B thread-reservation=0
|  tuple-ids=2 row-size=16B cardinality=1.69G(filtered from 4.32G) cost=311698958
|  in pipelines: 02(GETNEXT)
|
F00:PLAN FRAGMENT [RANDOM] hosts=10 instances=120
Per-Host Shared Resources: mem-estimate=18.00MB mem-reservation=18.00MB thread-reservation=0 runtime-filters-memory=18.00MB
Per-Instance Resources: mem-estimate=18.34MB mem-reservation=1.00MB thread-reservation=1
max-parallelism=330 segment-costs=[3216101759]
02:SCAN HDFS [tpcds_partitioned_parquet_snap.catalog_sales, RANDOM]
   HDFS partitions=1831/1831 files=1831 size=150.82MB
   runtime filters: RF006[min_max] -> cs_bill_customer_sk, RF007[min_max] -> cs_item_sk, RF004[bloom] -> cs_bill_customer_sk, RF005[bloom] -> cs_item_sk, RF002[bloom] -> cs_sold_date_sk
   stored statistics:
     table: rows=4.32G size=280.96GB
     partitions: 1831/1831 rows=4.32G
     columns: all
   extrapolated-rows=disabled max-scan-range-rows=21.52M est-scan-range=1118(filtered from 1831)
   mem-estimate=16.00MB mem-reservation=1.00MB thread-reservation=0
   tuple-ids=2 row-size=16B cardinality=1.69G(filtered from 4.32G) cost=607753572
   in pipelines: 02(GETNEXT)
---- PARALLELPLANS
Max Per-Host Resource Reservation: Memory=692.27MB Threads=51
Per-Host Resource Estimates: Memory=5.14GB
F12:PLAN FRAGMENT [UNPARTITIONED] hosts=1 instances=1
|  Per-Instance Resources: mem-estimate=4.41MB mem-reservation=4.00MB thread-reservation=1
|  max-parallelism=1 segment-costs=[766] cpu-comparison-result=176 [max(1 (self) vs 176 (sum children))]
PLAN-ROOT SINK
|  output exprs: i_item_id, i_item_desc, s_store_id, s_store_name, stddev_samp(ss_quantity), stddev_samp(sr_return_quantity), stddev_samp(cs_quantity)
|  mem-estimate=4.00MB mem-reservation=4.00MB spill-buffer=2.00MB thread-reservation=0 cost=700
|
29:MERGING-EXCHANGE [UNPARTITIONED]
|  order by: i_item_id ASC, i_item_desc ASC, s_store_id ASC, s_store_name ASC
|  limit: 100
|  mem-estimate=417.15KB mem-reservation=0B thread-reservation=0
|  tuple-ids=10 row-size=209B cardinality=100 cost=66
|  in pipelines: 16(GETNEXT)
|
F11:PLAN FRAGMENT [HASH(i_item_id,i_item_desc,s_store_id,s_store_name)] hosts=10 instances=20 (adjusted from 120)
Per-Instance Resources: mem-estimate=152.55MB mem-reservation=34.00MB thread-reservation=1
max-parallelism=20 segment-costs=[90807070, 169907657, 577] cpu-comparison-result=176 [max(20 (self) vs 176 (sum children))]
16:TOP-N [LIMIT=100]
|  order by: i_item_id ASC, i_item_desc ASC, s_store_id ASC, s_store_name ASC
|  mem-estimate=20.37KB mem-reservation=0B thread-reservation=0
|  tuple-ids=10 row-size=209B cardinality=100 cost=169907657
|  in pipelines: 16(GETNEXT), 28(OPEN)
|
28:AGGREGATE [FINALIZE]
|  output: stddev_samp:merge(ss_quantity), stddev_samp:merge(sr_return_quantity), stddev_samp:merge(cs_quantity)
|  group by: i_item_id, i_item_desc, s_store_id, s_store_name
|  mem-estimate=134.25MB mem-reservation=34.00MB spill-buffer=2.00MB thread-reservation=0
|  tuple-ids=9 row-size=209B cardinality=12.77M cost=77142218
|  in pipelines: 28(GETNEXT), 02(OPEN)
|
27:EXCHANGE [HASH(i_item_id,i_item_desc,s_store_id,s_store_name)]
|  mem-estimate=18.30MB mem-reservation=0B thread-reservation=0
|  tuple-ids=8 row-size=209B cardinality=12.77M cost=13664852
|  in pipelines: 02(GETNEXT)
|
F08:PLAN FRAGMENT [HASH(cs_bill_customer_sk,cs_item_sk)] hosts=10 instances=40 (adjusted from 120)
Per-Instance Resources: mem-estimate=79.29MB mem-reservation=34.00MB thread-reservation=1
max-parallelism=130 segment-costs=[1258000705, 178028327] cpu-comparison-result=176 [max(160 (self) vs 176 (sum children))]
15:AGGREGATE [STREAMING]
|  output: stddev_samp(ss_quantity), stddev_samp(sr_return_quantity), stddev_samp(cs_quantity)
|  group by: i_item_id, i_item_desc, s_store_id, s_store_name
|  mem-estimate=50.34MB mem-reservation=34.00MB spill-buffer=2.00MB thread-reservation=0
|  tuple-ids=8 row-size=209B cardinality=12.77M cost=77142218
|  in pipelines: 02(GETNEXT)
|
14:HASH JOIN [INNER JOIN, BROADCAST]
|  hash-table-id=00
|  hash predicates: ss_store_sk = s_store_sk
|  fk/pk conjuncts: ss_store_sk = s_store_sk
|  mem-estimate=0B mem-reservation=0B spill-buffer=64.00KB thread-reservation=0
|  tuple-ids=2,1,0,3,4,7,5,6 row-size=293B cardinality=12.77M cost=5587851
|  in pipelines: 02(GETNEXT), 06(OPEN)
|
|--F13:PLAN FRAGMENT [HASH(cs_bill_customer_sk,cs_item_sk)] hosts=10 instances=10
|  |  Per-Instance Resources: mem-estimate=8.86MB mem-reservation=8.75MB thread-reservation=1 runtime-filters-memory=1.00MB
|  |  max-parallelism=10 segment-costs=[3140]
|  JOIN BUILD
|  |  join-table-id=00 plan-id=01 cohort-id=01
|  |  build expressions: s_store_sk
|  |  runtime filters: RF000[bloom] <- s_store_sk, RF001[min_max] <- s_store_sk
|  |  mem-estimate=7.75MB mem-reservation=7.75MB spill-buffer=64.00KB thread-reservation=0 cost=1350
|  |
|  26:EXCHANGE [BROADCAST]
|  |  mem-estimate=115.14KB mem-reservation=0B thread-reservation=0
|  |  tuple-ids=6 row-size=48B cardinality=1.35K cost=1790
|  |  in pipelines: 06(GETNEXT)
|  |
|  F10:PLAN FRAGMENT [RANDOM] hosts=1 instances=1
|  Per-Instance Resources: mem-estimate=16.20MB mem-reservation=24.00KB thread-reservation=1
|  max-parallelism=1 segment-costs=[668]
|  06:SCAN HDFS [tpcds_partitioned_parquet_snap.store, RANDOM]
|     HDFS partitions=1/1 files=1 size=9.81KB
|     stored statistics:
|       table: rows=1.35K size=119.76KB
|       columns: all
|     extrapolated-rows=disabled max-scan-range-rows=1.35K
|     mem-estimate=16.00MB mem-reservation=24.00KB thread-reservation=0
|     tuple-ids=6 row-size=48B cardinality=1.35K cost=465
|     in pipelines: 06(GETNEXT)
|
13:HASH JOIN [INNER JOIN, BROADCAST]
|  hash-table-id=01
|  hash predicates: cs_sold_date_sk = d3.d_date_sk
|  fk/pk conjuncts: cs_sold_date_sk = d3.d_date_sk
|  mem-estimate=0B mem-reservation=0B spill-buffer=64.00KB thread-reservation=0
|  tuple-ids=2,1,0,3,4,7,5 row-size=245B cardinality=12.77M cost=7676201
|  in pipelines: 02(GETNEXT), 05(OPEN)
|
|--F14:PLAN FRAGMENT [HASH(cs_bill_customer_sk,cs_item_sk)] hosts=10 instances=10
|  |  Per-Instance Resources: mem-estimate=8.77MB mem-reservation=8.75MB thread-reservation=1 runtime-filters-memory=1.00MB
|  |  max-parallelism=10 segment-costs=[2598]
|  JOIN BUILD
|  |  join-table-id=01 plan-id=02 cohort-id=01
|  |  build expressions: d3.d_date_sk
|  |  runtime filters: RF002[bloom] <- d3.d_date_sk
|  |  mem-estimate=7.75MB mem-reservation=7.75MB spill-buffer=64.00KB thread-reservation=0 cost=1118
|  |
|  25:EXCHANGE [BROADCAST]
|  |  mem-estimate=20.73KB mem-reservation=0B thread-reservation=0
|  |  tuple-ids=5 row-size=8B cardinality=1.12K cost=1480
|  |  in pipelines: 05(GETNEXT)
|  |
|  F09:PLAN FRAGMENT [RANDOM] hosts=1 instances=1
|  Per-Instance Resources: mem-estimate=16.05MB mem-reservation=512.00KB thread-reservation=1
|  max-parallelism=1 segment-costs=[10515]
|  05:SCAN HDFS [tpcds_partitioned_parquet_snap.date_dim d3, RANDOM]
|     HDFS partitions=1/1 files=1 size=2.17MB
|     predicates: d3.d_year IN (CAST(1998 AS INT), CAST(1999 AS INT), CAST(2000 AS INT))
|     stored statistics:
|       table: rows=73.05K size=2.17MB
|       columns: all
|     extrapolated-rows=disabled max-scan-range-rows=73.05K
|     parquet statistics predicates: d3.d_year IN (CAST(1998 AS INT), CAST(1999 AS INT), CAST(2000 AS INT))
|     parquet dictionary predicates: d3.d_year IN (CAST(1998 AS INT), CAST(1999 AS INT), CAST(2000 AS INT))
|     mem-estimate=16.00MB mem-reservation=512.00KB thread-reservation=0
|     tuple-ids=5 row-size=8B cardinality=1.12K cost=10467
|     in pipelines: 05(GETNEXT)
|
12:HASH JOIN [INNER JOIN, PARTITIONED]
|  hash-table-id=02
|  hash predicates: cs_bill_customer_sk = sr_customer_sk, cs_item_sk = sr_item_sk
|  fk/pk conjuncts: cs_bill_customer_sk = sr_customer_sk, cs_item_sk = sr_item_sk
|  mem-estimate=0B mem-reservation=0B spill-buffer=2.00MB thread-reservation=0
|  tuple-ids=2,1,0,3,4,7 row-size=237B cardinality=20.91M cost=680389206
|  in pipelines: 02(GETNEXT), 01(OPEN)
|
|--F15:PLAN FRAGMENT [HASH(cs_bill_customer_sk,cs_item_sk)] hosts=10 instances=40 (adjusted from 120)
|  |  Per-Instance Resources: mem-estimate=151.27MB mem-reservation=51.00MB thread-reservation=1 runtime-filters-memory=17.00MB
|  |  max-parallelism=130 segment-costs=[47525353] cpu-comparison-result=154 [max(90 (self) vs 154 (sum children))]
|  JOIN BUILD
|  |  join-table-id=02 plan-id=03 cohort-id=01
|  |  build expressions: sr_customer_sk, sr_item_sk
|  |  runtime filters: RF004[bloom] <- sr_customer_sk, RF005[bloom] <- sr_item_sk, RF006[min_max] <- sr_customer_sk, RF007[min_max] <- sr_item_sk
|  |  mem-estimate=119.57MB mem-reservation=34.00MB spill-buffer=2.00MB thread-reservation=0 cost=20908115
|  |
|  24:EXCHANGE [HASH(sr_customer_sk,sr_item_sk)]
|  |  mem-estimate=14.70MB mem-reservation=0B thread-reservation=0
|  |  tuple-ids=1,0,3,4,7 row-size=221B cardinality=20.91M cost=26617238
|  |  in pipelines: 01(GETNEXT)
|  |
|  F07:PLAN FRAGMENT [HASH(ss_item_sk)] hosts=10 instances=20 (adjusted from 120)
|  Per-Instance Resources: mem-estimate=48.49MB mem-reservation=0B thread-reservation=1
|  max-parallelism=40 segment-costs=[371993474]
|  11:HASH JOIN [INNER JOIN, PARTITIONED]
|  |  hash-table-id=03
|  |  hash predicates: ss_item_sk = i_item_sk
|  |  fk/pk conjuncts: ss_item_sk = i_item_sk
|  |  mem-estimate=0B mem-reservation=0B spill-buffer=256.00KB thread-reservation=0
|  |  tuple-ids=1,0,3,4,7 row-size=221B cardinality=20.91M cost=9154163
|  |  in pipelines: 01(GETNEXT), 07(OPEN)
|  |
|  |--F16:PLAN FRAGMENT [HASH(ss_item_sk)] hosts=10 instances=20 (adjusted from 120)
|  |  |  Per-Instance Resources: mem-estimate=16.33MB mem-reservation=5.75MB thread-reservation=1 runtime-filters-memory=1.00MB
|  |  |  max-parallelism=40 segment-costs=[639452]
|  |  JOIN BUILD
|  |  |  join-table-id=03 plan-id=04 cohort-id=02
|  |  |  build expressions: i_item_sk
|  |  |  runtime filters: RF008[bloom] <- i_item_sk, RF009[min_max] <- i_item_sk
|  |  |  mem-estimate=4.75MB mem-reservation=4.75MB spill-buffer=256.00KB thread-reservation=0 cost=360000
|  |  |
|  |  22:EXCHANGE [HASH(i_item_sk)]
|  |  |  mem-estimate=10.58MB mem-reservation=0B thread-reservation=0
|  |  |  tuple-ids=7 row-size=145B cardinality=360.00K cost=279452
|  |  |  in pipelines: 07(GETNEXT)
|  |  |
|  |  F06:PLAN FRAGMENT [RANDOM] hosts=4 instances=4
|  |  Per-Instance Resources: mem-estimate=27.61MB mem-reservation=512.00KB thread-reservation=1
|  |  max-parallelism=4 segment-costs=[4163054]
|  |  07:SCAN HDFS [tpcds_partitioned_parquet_snap.item, RANDOM]
|  |     HDFS partitions=1/1 files=1 size=1.73MB
|  |     stored statistics:
|  |       table: rows=360.00K size=33.54MB
|  |       columns: all
|  |     extrapolated-rows=disabled max-scan-range-rows=101.54K
|  |     mem-estimate=16.00MB mem-reservation=512.00KB thread-reservation=0
|  |     tuple-ids=7 row-size=145B cardinality=360.00K cost=625187
|  |     in pipelines: 07(GETNEXT)
|  |
|  21:EXCHANGE [HASH(ss_item_sk)]
|  |  mem-estimate=10.90MB mem-reservation=0B thread-reservation=0
|  |  tuple-ids=1,0,3,4 row-size=76B cardinality=20.92M cost=11946594
|  |  in pipelines: 01(GETNEXT)
|  |
|  F04:PLAN FRAGMENT [HASH(sr_customer_sk,sr_item_sk,sr_ticket_number)] hosts=10 instances=10 (adjusted from 120)
|  Per-Instance Resources: mem-estimate=17.73MB mem-reservation=0B thread-reservation=1
|  max-parallelism=30 segment-costs=[251023233]
|  10:HASH JOIN [INNER JOIN, BROADCAST]
|  |  hash-table-id=04
|  |  hash predicates: sr_returned_date_sk = d2.d_date_sk
|  |  fk/pk conjuncts: sr_returned_date_sk = d2.d_date_sk
|  |  mem-estimate=0B mem-reservation=0B spill-buffer=64.00KB thread-reservation=0
|  |  tuple-ids=1,0,3,4 row-size=76B cardinality=20.92M cost=16839518
|  |  in pipelines: 01(GETNEXT), 04(OPEN)
|  |
|  |--F17:PLAN FRAGMENT [HASH(sr_customer_sk,sr_item_sk,sr_ticket_number)] hosts=10 instances=10
|  |  |  Per-Instance Resources: mem-estimate=2.95MB mem-reservation=2.94MB thread-reservation=1 runtime-filters-memory=1.00MB
|  |  |  max-parallelism=10 segment-costs=[268]
|  |  JOIN BUILD
|  |  |  join-table-id=04 plan-id=05 cohort-id=02
|  |  |  build expressions: d2.d_date_sk
|  |  |  runtime filters: RF010[bloom] <- d2.d_date_sk
|  |  |  mem-estimate=1.94MB mem-reservation=1.94MB spill-buffer=64.00KB thread-reservation=0 cost=118
|  |  |
|  |  20:EXCHANGE [BROADCAST]
|  |  |  mem-estimate=16.00KB mem-reservation=0B thread-reservation=0
|  |  |  tuple-ids=4 row-size=12B cardinality=118 cost=150
|  |  |  in pipelines: 04(GETNEXT)
|  |  |
|  |  F05:PLAN FRAGMENT [RANDOM] hosts=1 instances=1
|  |  Per-Instance Resources: mem-estimate=16.06MB mem-reservation=512.00KB thread-reservation=1
|  |  max-parallelism=1 segment-costs=[18786]
|  |  04:SCAN HDFS [tpcds_partitioned_parquet_snap.date_dim d2, RANDOM]
|  |     HDFS partitions=1/1 files=1 size=2.17MB
|  |     predicates: d2.d_year = CAST(1998 AS INT), d2.d_moy <= CAST(7 AS INT), d2.d_moy >= CAST(4 AS INT)
|  |     stored statistics:
|  |       table: rows=73.05K size=2.17MB
|  |       columns: all
|  |     extrapolated-rows=disabled max-scan-range-rows=73.05K
|  |     parquet statistics predicates: d2.d_year = CAST(1998 AS INT), d2.d_moy <= CAST(7 AS INT), d2.d_moy >= CAST(4 AS INT)
|  |     parquet dictionary predicates: d2.d_year = CAST(1998 AS INT), d2.d_moy <= CAST(7 AS INT), d2.d_moy >= CAST(4 AS INT)
|  |     mem-estimate=16.00MB mem-reservation=512.00KB thread-reservation=0
|  |     tuple-ids=4 row-size=12B cardinality=118 cost=18780
|  |     in pipelines: 04(GETNEXT)
|  |
|  09:HASH JOIN [INNER JOIN, PARTITIONED]
|  |  hash-table-id=05
|  |  hash predicates: sr_customer_sk = ss_customer_sk, sr_item_sk = ss_item_sk, sr_ticket_number = ss_ticket_number
|  |  fk/pk conjuncts: sr_customer_sk = ss_customer_sk, sr_item_sk = ss_item_sk, sr_ticket_number = ss_ticket_number
|  |  mem-estimate=0B mem-reservation=0B spill-buffer=2.00MB thread-reservation=0
|  |  tuple-ids=1,0,3 row-size=64B cardinality=50.87M(filtered from 355.26M) cost=77422386
|  |  in pipelines: 01(GETNEXT), 00(OPEN)
|  |
|  |--F18:PLAN FRAGMENT [HASH(sr_customer_sk,sr_item_sk,sr_ticket_number)] hosts=10 instances=10 (adjusted from 120)
|  |  |  Per-Instance Resources: mem-estimate=3.15GB mem-reservation=67.00MB thread-reservation=1 runtime-filters-memory=33.00MB
|  |  |  max-parallelism=30 segment-costs=[681366890] cpu-comparison-result=119 [max(119 (self) vs 11 (sum children))]
|  |  JOIN BUILD
|  |  |  join-table-id=05 plan-id=06 cohort-id=02
|  |  |  build expressions: ss_customer_sk, ss_item_sk, ss_ticket_number
|  |  |  runtime filters: RF012[bloom] <- ss_customer_sk, RF013[bloom] <- ss_item_sk, RF014[bloom] <- ss_ticket_number, RF015[min_max] <- ss_customer_sk, RF016[min_max] <- ss_item_sk, RF017[min_max] <- ss_ticket_number
|  |  |  mem-estimate=3.11GB mem-reservation=34.00MB spill-buffer=2.00MB thread-reservation=0 cost=511575111
|  |  |
|  |  19:EXCHANGE [HASH(ss_customer_sk,ss_item_sk,ss_ticket_number)]
|  |  |  mem-estimate=15.11MB mem-reservation=0B thread-reservation=0
|  |  |  tuple-ids=0,3 row-size=40B cardinality=511.58M cost=169791779
|  |  |  in pipelines: 00(GETNEXT)
|  |  |
|  |  F02:PLAN FRAGMENT [RANDOM] hosts=10 instances=109 (adjusted from 120)
|  |  Per-Host Shared Resources: mem-estimate=3.00MB mem-reservation=3.00MB thread-reservation=0 runtime-filters-memory=3.00MB
|  |  Per-Instance Resources: mem-estimate=17.88MB mem-reservation=8.00MB thread-reservation=1
|  |  max-parallelism=109 segment-costs=[2275127990]
|  |  08:HASH JOIN [INNER JOIN, BROADCAST]
|  |  |  hash-table-id=06
|  |  |  hash predicates: ss_sold_date_sk = d1.d_date_sk
|  |  |  fk/pk conjuncts: ss_sold_date_sk = d1.d_date_sk
|  |  |  mem-estimate=0B mem-reservation=0B spill-buffer=64.00KB thread-reservation=0
|  |  |  tuple-ids=0,3 row-size=40B cardinality=511.58M cost=223916426
|  |  |  in pipelines: 00(GETNEXT), 03(OPEN)
|  |  |
|  |  |--F19:PLAN FRAGMENT [RANDOM] hosts=10 instances=10
|  |  |  |  Per-Instance Resources: mem-estimate=22.33MB mem-reservation=22.31MB thread-reservation=1 runtime-filters-memory=1.00MB
|  |  |  |  max-parallelism=10 segment-costs=[248]
|  |  |  JOIN BUILD
|  |  |  |  join-table-id=06 plan-id=07 cohort-id=03
|  |  |  |  build expressions: d1.d_date_sk
|  |  |  |  runtime filters: RF018[bloom] <- d1.d_date_sk
|  |  |  |  mem-estimate=21.31MB mem-reservation=21.31MB spill-buffer=64.00KB thread-reservation=0 cost=108
|  |  |  |
|  |  |  17:EXCHANGE [BROADCAST]
|  |  |  |  mem-estimate=16.00KB mem-reservation=0B thread-reservation=0
|  |  |  |  tuple-ids=3 row-size=12B cardinality=108 cost=140
|  |  |  |  in pipelines: 03(GETNEXT)
|  |  |  |
|  |  |  F03:PLAN FRAGMENT [RANDOM] hosts=1 instances=1
|  |  |  Per-Instance Resources: mem-estimate=16.06MB mem-reservation=512.00KB thread-reservation=1
|  |  |  max-parallelism=1 segment-costs=[16733]
|  |  |  03:SCAN HDFS [tpcds_partitioned_parquet_snap.date_dim d1, RANDOM]
|  |  |     HDFS partitions=1/1 files=1 size=2.17MB
|  |  |     predicates: d1.d_year = CAST(1998 AS INT), d1.d_moy = CAST(4 AS INT)
|  |  |     stored statistics:
|  |  |       table: rows=73.05K size=2.17MB
|  |  |       columns: all
|  |  |     extrapolated-rows=disabled max-scan-range-rows=73.05K
|  |  |     parquet statistics predicates: d1.d_year = CAST(1998 AS INT), d1.d_moy = CAST(4 AS INT)
|  |  |     parquet dictionary predicates: d1.d_year = CAST(1998 AS INT), d1.d_moy = CAST(4 AS INT)
|  |  |     mem-estimate=16.00MB mem-reservation=512.00KB thread-reservation=0
|  |  |     tuple-ids=3 row-size=12B cardinality=108 cost=16728
|  |  |     in pipelines: 03(GETNEXT)
|  |  |
|  |  00:SCAN HDFS [tpcds_partitioned_parquet_snap.store_sales, RANDOM]
|  |     HDFS partitions=1824/1824 files=1824 size=199.33MB
|  |     runtime filters: RF009[min_max] -> ss_item_sk, RF001[min_max] -> ss_store_sk, RF018[bloom] -> ss_sold_date_sk, RF008[bloom] -> ss_item_sk, RF000[bloom] -> ss_store_sk
|  |     stored statistics:
|  |       table: rows=8.64G size=389.90GB
|  |       partitions: 1824/1824 rows=8.64G
|  |       columns: all
|  |     extrapolated-rows=disabled max-scan-range-rows=390.22M est-scan-range=109(filtered from 1824)
|  |     mem-estimate=16.00MB mem-reservation=8.00MB thread-reservation=0
|  |     tuple-ids=0 row-size=28B cardinality=511.58M(filtered from 8.64G) cost=206267084
|  |     in pipelines: 00(GETNEXT)
|  |
|  18:EXCHANGE [HASH(sr_customer_sk,sr_item_sk,sr_ticket_number)]
|  |  mem-estimate=10.55MB mem-reservation=0B thread-reservation=0
|  |  tuple-ids=1 row-size=24B cardinality=50.87M(filtered from 863.99M) cost=11268498
|  |  in pipelines: 01(GETNEXT)
|  |
|  F01:PLAN FRAGMENT [RANDOM] hosts=10 instances=20 (adjusted from 120)
|  Per-Host Shared Resources: mem-estimate=35.00MB mem-reservation=35.00MB thread-reservation=0 runtime-filters-memory=35.00MB
|  Per-Instance Resources: mem-estimate=17.09MB mem-reservation=512.00KB thread-reservation=1
|  max-parallelism=20 segment-costs=[122422189]
|  01:SCAN HDFS [tpcds_partitioned_parquet_snap.store_returns, RANDOM]
|     HDFS partitions=2004/2004 files=2004 size=33.63MB
|     runtime filters: RF015[min_max] -> sr_customer_sk, RF016[min_max] -> sr_item_sk, RF017[min_max] -> sr_ticket_number, RF009[min_max] -> tpcds_partitioned_parquet_snap.store_returns.sr_item_sk, RF010[bloom] -> sr_returned_date_sk, RF012[bloom] -> sr_customer_sk, RF013[bloom] -> sr_item_sk, RF014[bloom] -> sr_ticket_number, RF008[bloom] -> tpcds_partitioned_parquet_snap.store_returns.sr_item_sk
|     stored statistics:
|       table: rows=863.99M size=48.14GB
|       partitions: 2004/2004 rows=863.99M
|       columns: all
|     extrapolated-rows=disabled max-scan-range-rows=30.09M est-scan-range=118(filtered from 2004)
|     mem-estimate=16.00MB mem-reservation=512.00KB thread-reservation=0
|     tuple-ids=1 row-size=24B cardinality=50.87M(filtered from 863.99M) cost=17581910
|     in pipelines: 01(GETNEXT)
|
23:EXCHANGE [HASH(cs_bill_customer_sk,cs_item_sk)]
|  mem-estimate=12.34MB mem-reservation=0B thread-reservation=0
|  tuple-ids=2 row-size=16B cardinality=2.64G(filtered from 4.32G) cost=487205229
|  in pipelines: 02(GETNEXT)
|
F00:PLAN FRAGMENT [RANDOM] hosts=10 instances=120
Per-Host Shared Resources: mem-estimate=18.00MB mem-reservation=18.00MB thread-reservation=0 runtime-filters-memory=18.00MB
Per-Instance Resources: mem-estimate=19.12MB mem-reservation=1.00MB thread-reservation=1
max-parallelism=470 segment-costs=[4684767119]
02:SCAN HDFS [tpcds_partitioned_parquet_snap.catalog_sales, RANDOM]
   HDFS partitions=1831/1831 files=1831 size=150.82MB
   runtime filters: RF006[min_max] -> cs_bill_customer_sk, RF007[min_max] -> cs_item_sk, RF004[bloom] -> cs_bill_customer_sk, RF005[bloom] -> cs_item_sk, RF002[bloom] -> cs_sold_date_sk
   stored statistics:
     table: rows=4.32G size=280.96GB
     partitions: 1831/1831 rows=4.32G
     columns: all
   extrapolated-rows=disabled max-scan-range-rows=21.52M est-scan-range=1118(filtered from 1831)
   mem-estimate=16.00MB mem-reservation=1.00MB thread-reservation=0
   tuple-ids=2 row-size=16B cardinality=2.64G(filtered from 4.32G) cost=607753572
   in pipelines: 02(GETNEXT)
====
