# TPCDS-Q17
# start query 17 in stream 0 using template query17.tpl using seed 766769681
select  i_item_id
       ,i_item_desc
       ,s_state
       ,count(ss_quantity) as store_sales_quantitycount
       ,avg(ss_quantity) as store_sales_quantityave
       ,stddev_samp(ss_quantity) as store_sales_quantitystdev
       ,stddev_samp(ss_quantity)/avg(ss_quantity) as store_sales_quantitycov
       ,count(sr_return_quantity) as store_returns_quantitycount
       ,avg(sr_return_quantity) as store_returns_quantityave
       ,stddev_samp(sr_return_quantity) as store_returns_quantitystdev
       ,stddev_samp(sr_return_quantity)/avg(sr_return_quantity) as store_returns_quantitycov
       ,count(cs_quantity) as catalog_sales_quantitycount ,avg(cs_quantity) as catalog_sales_quantityave
       ,stddev_samp(cs_quantity) as catalog_sales_quantitystdev
       ,stddev_samp(cs_quantity)/avg(cs_quantity) as catalog_sales_quantitycov
 from store_sales
     ,store_returns
     ,catalog_sales
     ,date_dim d1
     ,date_dim d2
     ,date_dim d3
     ,store
     ,item
 where d1.d_quarter_name = '1999Q1'
   and d1.d_date_sk = ss_sold_date_sk
   and i_item_sk = ss_item_sk
   and s_store_sk = ss_store_sk
   and ss_customer_sk = sr_customer_sk
   and ss_item_sk = sr_item_sk
   and ss_ticket_number = sr_ticket_number
   and sr_returned_date_sk = d2.d_date_sk
   and d2.d_quarter_name in ('1999Q1','1999Q2','1999Q3')
   and sr_customer_sk = cs_bill_customer_sk
   and sr_item_sk = cs_item_sk
   and cs_sold_date_sk = d3.d_date_sk
   and d3.d_quarter_name in ('1999Q1','1999Q2','1999Q3')
 group by i_item_id
         ,i_item_desc
         ,s_state
 order by i_item_id
         ,i_item_desc
         ,s_state
limit 100;

# end query 17 in stream 0 using template query17.tpl
---- PLAN
Max Per-Host Resource Reservation: Memory=174.27MB Threads=1
Per-Host Resource Estimates: Memory=53.38GB
F00:PLAN FRAGMENT [UNPARTITIONED] hosts=1 instances=1
|  Per-Instance Resources: mem-estimate=53.38GB mem-reservation=174.27MB thread-reservation=1 runtime-filters-memory=55.00MB
|  max-parallelism=1 segment-costs=[2208150340, 77209102, 1500]
PLAN-ROOT SINK
|  output exprs: i_item_id, i_item_desc, s_state, count(ss_quantity), avg(ss_quantity), stddev_samp(ss_quantity), stddev_samp(ss_quantity) / avg(ss_quantity), count(sr_return_quantity), avg(sr_return_quantity), stddev_samp(sr_return_quantity), stddev_samp(sr_return_quantity) / avg(sr_return_quantity), count(cs_quantity), avg(cs_quantity), stddev_samp(cs_quantity), stddev_samp(cs_quantity) / avg(cs_quantity)
|  mem-estimate=4.00MB mem-reservation=4.00MB spill-buffer=2.00MB thread-reservation=0 cost=1500
|
16:TOP-N [LIMIT=100]
|  order by: i_item_id ASC, i_item_desc ASC, s_state ASC
|  mem-estimate=22.13KB mem-reservation=0B thread-reservation=0
|  tuple-ids=10 row-size=227B cardinality=100 cost=77209102
|  in pipelines: 16(GETNEXT), 15(OPEN)
|
15:AGGREGATE [FINALIZE]
|  output: count(ss_quantity), avg(CAST(ss_quantity AS BIGINT)), stddev_samp(ss_quantity), count(sr_return_quantity), avg(CAST(sr_return_quantity AS BIGINT)), stddev_samp(sr_return_quantity), count(cs_quantity), avg(CAST(cs_quantity AS BIGINT)), stddev_samp(cs_quantity)
|  group by: i_item_id, i_item_desc, s_state
|  mem-estimate=729.70MB mem-reservation=34.00MB spill-buffer=2.00MB thread-reservation=0
|  tuple-ids=9 row-size=227B cardinality=6.08M cost=39273052
|  in pipelines: 15(GETNEXT), 02(OPEN)
|
14:HASH JOIN [INNER JOIN]
|  hash predicates: ss_store_sk = s_store_sk
|  fk/pk conjuncts: ss_store_sk = s_store_sk
|  runtime filters: RF000[bloom] <- s_store_sk, RF001[min_max] <- s_store_sk
|  mem-estimate=1.94MB mem-reservation=1.94MB spill-buffer=64.00KB thread-reservation=0
|  tuple-ids=2,0,3,1,4,7,5,6 row-size=297B cardinality=6.08M cost=2661241
|  in pipelines: 02(GETNEXT), 06(OPEN)
|
|--06:SCAN HDFS [tpcds_partitioned_parquet_snap.store]
|     HDFS partitions=1/1 files=1 size=9.81KB
|     stored statistics:
|       table: rows=1.35K size=119.76KB
|       columns: all
|     extrapolated-rows=disabled max-scan-range-rows=1.35K
|     mem-estimate=16.00MB mem-reservation=16.00KB thread-reservation=0
|     tuple-ids=6 row-size=18B cardinality=1.35K cost=116
|     in pipelines: 06(GETNEXT)
|
13:HASH JOIN [INNER JOIN]
|  hash predicates: cs_sold_date_sk = d3.d_date_sk
|  fk/pk conjuncts: cs_sold_date_sk = d3.d_date_sk
|  runtime filters: RF002[bloom] <- d3.d_date_sk
|  mem-estimate=1.94MB mem-reservation=1.94MB spill-buffer=64.00KB thread-reservation=0
|  tuple-ids=2,0,3,1,4,7,5 row-size=279B cardinality=6.08M cost=11555852
|  in pipelines: 02(GETNEXT), 05(OPEN)
|
|--05:SCAN HDFS [tpcds_partitioned_parquet_snap.date_dim d3]
|     HDFS partitions=1/1 files=1 size=2.17MB
|     predicates: d3.d_quarter_name IN ('1999Q1', '1999Q2', '1999Q3')
|     stored statistics:
|       table: rows=73.05K size=2.17MB
|       columns: all
|     extrapolated-rows=disabled max-scan-range-rows=73.05K
|     parquet statistics predicates: d3.d_quarter_name IN ('1999Q1', '1999Q2', '1999Q3')
|     parquet dictionary predicates: d3.d_quarter_name IN ('1999Q1', '1999Q2', '1999Q3')
|     mem-estimate=16.00MB mem-reservation=512.00KB thread-reservation=0
|     tuple-ids=5 row-size=22B cardinality=273 cost=12571
|     in pipelines: 05(GETNEXT)
|
12:HASH JOIN [INNER JOIN]
|  hash predicates: cs_bill_customer_sk = sr_customer_sk, cs_item_sk = sr_item_sk
|  fk/pk conjuncts: cs_bill_customer_sk = sr_customer_sk, cs_item_sk = sr_item_sk
|  runtime filters: RF004[bloom] <- sr_customer_sk, RF005[bloom] <- sr_item_sk, RF006[min_max] <- sr_customer_sk, RF007[min_max] <- sr_item_sk
|  mem-estimate=9.88GB mem-reservation=34.00MB spill-buffer=2.00MB thread-reservation=0
|  tuple-ids=2,0,3,1,4,7 row-size=257B cardinality=40.76M cost=213359818
|  in pipelines: 02(GETNEXT), 00(OPEN)
|
|--11:HASH JOIN [INNER JOIN]
|  |  hash predicates: ss_item_sk = i_item_sk
|  |  fk/pk conjuncts: ss_item_sk = i_item_sk
|  |  runtime filters: RF008[bloom] <- i_item_sk, RF009[min_max] <- i_item_sk
|  |  mem-estimate=61.64MB mem-reservation=34.00MB spill-buffer=2.00MB thread-reservation=0
|  |  tuple-ids=0,3,1,4,7 row-size=241B cardinality=40.76M cost=18205015
|  |  in pipelines: 00(GETNEXT), 07(OPEN)
|  |
|  |--07:SCAN HDFS [tpcds_partitioned_parquet_snap.item]
|  |     HDFS partitions=1/1 files=1 size=1.73MB
|  |     stored statistics:
|  |       table: rows=360.00K size=33.54MB
|  |       columns: all
|  |     extrapolated-rows=disabled max-scan-range-rows=101.54K
|  |     mem-estimate=16.00MB mem-reservation=512.00KB thread-reservation=0
|  |     tuple-ids=7 row-size=145B cardinality=360.00K cost=625187
|  |     in pipelines: 07(GETNEXT)
|  |
|  10:HASH JOIN [INNER JOIN]
|  |  hash predicates: sr_returned_date_sk = d2.d_date_sk
|  |  fk/pk conjuncts: sr_returned_date_sk = d2.d_date_sk
|  |  runtime filters: RF010[bloom] <- d2.d_date_sk
|  |  mem-estimate=1.94MB mem-reservation=1.94MB spill-buffer=64.00KB thread-reservation=0
|  |  tuple-ids=0,3,1,4 row-size=96B cardinality=40.78M cost=84170126
|  |  in pipelines: 00(GETNEXT), 04(OPEN)
|  |
|  |--04:SCAN HDFS [tpcds_partitioned_parquet_snap.date_dim d2]
|  |     HDFS partitions=1/1 files=1 size=2.17MB
|  |     predicates: d2.d_quarter_name IN ('1999Q1', '1999Q2', '1999Q3')
|  |     stored statistics:
|  |       table: rows=73.05K size=2.17MB
|  |       columns: all
|  |     extrapolated-rows=disabled max-scan-range-rows=73.05K
|  |     parquet statistics predicates: d2.d_quarter_name IN ('1999Q1', '1999Q2', '1999Q3')
|  |     parquet dictionary predicates: d2.d_quarter_name IN ('1999Q1', '1999Q2', '1999Q3')
|  |     mem-estimate=16.00MB mem-reservation=512.00KB thread-reservation=0
|  |     tuple-ids=4 row-size=22B cardinality=273 cost=12571
|  |     in pipelines: 04(GETNEXT)
|  |
|  09:HASH JOIN [INNER JOIN]
|  |  hash predicates: ss_customer_sk = sr_customer_sk, ss_item_sk = sr_item_sk, ss_ticket_number = sr_ticket_number
|  |  fk/pk conjuncts: ss_customer_sk = sr_customer_sk, ss_item_sk = sr_item_sk, ss_ticket_number = sr_ticket_number
|  |  runtime filters: RF012[bloom] <- sr_customer_sk, RF013[bloom] <- sr_item_sk, RF014[bloom] <- sr_ticket_number, RF015[min_max] <- sr_customer_sk, RF016[min_max] <- sr_item_sk, RF017[min_max] <- sr_ticket_number
|  |  mem-estimate=43.31GB mem-reservation=34.00MB spill-buffer=2.00MB thread-reservation=0
|  |  tuple-ids=0,3,1 row-size=74B cardinality=299.34M cost=1028793278
|  |  in pipelines: 00(GETNEXT), 01(OPEN)
|  |
|  |--01:SCAN HDFS [tpcds_partitioned_parquet_snap.store_returns]
|  |     HDFS partitions=2004/2004 files=2004 size=33.63MB
|  |     runtime filters: RF009[min_max] -> tpcds_partitioned_parquet_snap.store_returns.sr_item_sk, RF010[bloom] -> sr_returned_date_sk, RF008[bloom] -> tpcds_partitioned_parquet_snap.store_returns.sr_item_sk
|  |     stored statistics:
|  |       table: rows=863.99M size=48.14GB
|  |       partitions: 2004/2004 rows=863.99M
|  |       columns: all
|  |     extrapolated-rows=disabled max-scan-range-rows=30.09M
|  |     mem-estimate=16.00MB mem-reservation=512.00KB thread-reservation=0
|  |     tuple-ids=1 row-size=24B cardinality=863.99M cost=298594471
|  |     in pipelines: 01(GETNEXT)
|  |
|  08:HASH JOIN [INNER JOIN]
|  |  hash predicates: ss_sold_date_sk = d1.d_date_sk
|  |  fk/pk conjuncts: ss_sold_date_sk = d1.d_date_sk
|  |  runtime filters: RF018[bloom] <- d1.d_date_sk
|  |  mem-estimate=1.94MB mem-reservation=1.94MB spill-buffer=64.00KB thread-reservation=0
|  |  tuple-ids=0,3 row-size=50B cardinality=431.05M cost=188670412
|  |  in pipelines: 00(GETNEXT), 03(OPEN)
|  |
|  |--03:SCAN HDFS [tpcds_partitioned_parquet_snap.date_dim d1]
|  |     HDFS partitions=1/1 files=1 size=2.17MB
|  |     predicates: d1.d_quarter_name = '1999Q1'
|  |     stored statistics:
|  |       table: rows=73.05K size=2.17MB
|  |       columns: all
|  |     extrapolated-rows=disabled max-scan-range-rows=73.05K
|  |     parquet statistics predicates: d1.d_quarter_name = '1999Q1'
|  |     parquet dictionary predicates: d1.d_quarter_name = '1999Q1'
|  |     mem-estimate=16.00MB mem-reservation=512.00KB thread-reservation=0
|  |     tuple-ids=3 row-size=22B cardinality=91 cost=12571
|  |     in pipelines: 03(GETNEXT)
|  |
|  00:SCAN HDFS [tpcds_partitioned_parquet_snap.store_sales]
|     HDFS partitions=1824/1824 files=1824 size=199.33MB
|     runtime filters: RF015[min_max] -> ss_customer_sk, RF016[min_max] -> ss_item_sk, RF017[min_max] -> ss_ticket_number, RF009[min_max] -> ss_item_sk, RF001[min_max] -> ss_store_sk, RF018[bloom] -> ss_sold_date_sk, RF012[bloom] -> ss_customer_sk, RF013[bloom] -> ss_item_sk, RF014[bloom] -> ss_ticket_number, RF008[bloom] -> ss_item_sk, RF000[bloom] -> ss_store_sk
|     stored statistics:
|       table: rows=8.64G size=389.90GB
|       partitions: 1824/1824 rows=8.64G
|       columns: all
|     extrapolated-rows=disabled max-scan-range-rows=390.22M est-scan-range=91(filtered from 1824)
|     mem-estimate=16.00MB mem-reservation=8.00MB thread-reservation=0
|     tuple-ids=0 row-size=28B cardinality=431.05M(filtered from 8.64G) cost=173799117
|     in pipelines: 00(GETNEXT)
|
02:SCAN HDFS [tpcds_partitioned_parquet_snap.catalog_sales]
   HDFS partitions=1831/1831 files=1831 size=150.82MB
   runtime filters: RF006[min_max] -> cs_bill_customer_sk, RF007[min_max] -> cs_item_sk, RF004[bloom] -> cs_bill_customer_sk, RF005[bloom] -> cs_item_sk, RF002[bloom] -> cs_sold_date_sk
   stored statistics:
     table: rows=4.32G size=280.96GB
     partitions: 1831/1831 rows=4.32G
     columns: all
   extrapolated-rows=disabled max-scan-range-rows=21.52M est-scan-range=274(filtered from 1831)
   mem-estimate=16.00MB mem-reservation=1.00MB thread-reservation=0
   tuple-ids=2 row-size=16B cardinality=644.12M(filtered from 4.32G) cost=148404942
   in pipelines: 02(GETNEXT)
---- DISTRIBUTEDPLAN
Max Per-Host Resource Reservation: Memory=821.95MB Threads=58
Per-Host Resource Estimates: Memory=7.04GB
F11:PLAN FRAGMENT [UNPARTITIONED] hosts=1 instances=1
|  Per-Instance Resources: mem-estimate=4.22MB mem-reservation=4.00MB thread-reservation=1
|  max-parallelism=1 segment-costs=[1570] cpu-comparison-result=228 [max(1 (self) vs 228 (sum children))]
PLAN-ROOT SINK
|  output exprs: i_item_id, i_item_desc, s_state, count(ss_quantity), avg(ss_quantity), stddev_samp(ss_quantity), stddev_samp(ss_quantity) / avg(ss_quantity), count(sr_return_quantity), avg(sr_return_quantity), stddev_samp(sr_return_quantity), stddev_samp(sr_return_quantity) / avg(sr_return_quantity), count(cs_quantity), avg(cs_quantity), stddev_samp(cs_quantity), stddev_samp(cs_quantity) / avg(cs_quantity)
|  mem-estimate=4.00MB mem-reservation=4.00MB spill-buffer=2.00MB thread-reservation=0 cost=1500
|
28:MERGING-EXCHANGE [UNPARTITIONED]
|  order by: i_item_id ASC, i_item_desc ASC, s_state ASC
|  limit: 100
|  mem-estimate=227.41KB mem-reservation=0B thread-reservation=0
|  tuple-ids=10 row-size=227B cardinality=100 cost=70
|  in pipelines: 16(GETNEXT)
|
F10:PLAN FRAGMENT [HASH(i_item_id,i_item_desc,s_state)] hosts=10 instances=10 (adjusted from 120)
Per-Instance Resources: mem-estimate=150.53MB mem-reservation=34.00MB thread-reservation=1
max-parallelism=10 segment-costs=[46282584, 77209102, 625] cpu-comparison-result=228 [max(10 (self) vs 228 (sum children))]
16:TOP-N [LIMIT=100]
|  order by: i_item_id ASC, i_item_desc ASC, s_state ASC
|  mem-estimate=22.13KB mem-reservation=0B thread-reservation=0
|  tuple-ids=10 row-size=227B cardinality=100 cost=77209102
|  in pipelines: 16(GETNEXT), 27(OPEN)
|
27:AGGREGATE [FINALIZE]
|  output: count:merge(ss_quantity), avg:merge(ss_quantity), stddev_samp:merge(ss_quantity), count:merge(sr_return_quantity), avg:merge(sr_return_quantity), stddev_samp:merge(sr_return_quantity), count:merge(cs_quantity), avg:merge(cs_quantity), stddev_samp:merge(cs_quantity)
|  group by: i_item_id, i_item_desc, s_state
|  mem-estimate=138.28MB mem-reservation=34.00MB spill-buffer=2.00MB thread-reservation=0
|  tuple-ids=9 row-size=227B cardinality=6.08M cost=39273052
|  in pipelines: 27(GETNEXT), 02(OPEN)
|
26:EXCHANGE [HASH(i_item_id,i_item_desc,s_state)]
|  mem-estimate=12.25MB mem-reservation=0B thread-reservation=0
|  tuple-ids=8 row-size=227B cardinality=6.08M cost=7009532
|  in pipelines: 02(GETNEXT)
|
F07:PLAN FRAGMENT [HASH(cs_bill_customer_sk,cs_item_sk)] hosts=10 instances=10 (adjusted from 120)
Per-Instance Resources: mem-estimate=125.06MB mem-reservation=34.00MB thread-reservation=1
max-parallelism=40 segment-costs=[345059032, 91812192] cpu-comparison-result=228 [max(130 (self) vs 228 (sum children))]
15:AGGREGATE [STREAMING]
|  output: count(ss_quantity), avg(CAST(ss_quantity AS BIGINT)), stddev_samp(ss_quantity), count(sr_return_quantity), avg(CAST(sr_return_quantity AS BIGINT)), stddev_samp(sr_return_quantity), count(cs_quantity), avg(CAST(cs_quantity AS BIGINT)), stddev_samp(cs_quantity)
|  group by: i_item_id, i_item_desc, s_state
|  mem-estimate=103.71MB mem-reservation=34.00MB spill-buffer=2.00MB thread-reservation=0
|  tuple-ids=8 row-size=227B cardinality=6.08M cost=39273052
|  in pipelines: 02(GETNEXT)
|
14:HASH JOIN [INNER JOIN, BROADCAST]
|  hash-table-id=00
|  hash predicates: ss_store_sk = s_store_sk
|  fk/pk conjuncts: ss_store_sk = s_store_sk
|  mem-estimate=0B mem-reservation=0B spill-buffer=64.00KB thread-reservation=0
|  tuple-ids=2,0,3,1,4,7,5,6 row-size=297B cardinality=6.08M cost=2659891
|  in pipelines: 02(GETNEXT), 06(OPEN)
|
|--F12:PLAN FRAGMENT [HASH(cs_bill_customer_sk,cs_item_sk)] hosts=10 instances=10
|  |  Per-Instance Resources: mem-estimate=2.98MB mem-reservation=2.94MB thread-reservation=1 runtime-filters-memory=1.00MB
|  |  max-parallelism=10 segment-costs=[3140]
|  JOIN BUILD
|  |  join-table-id=00 plan-id=01 cohort-id=01
|  |  build expressions: s_store_sk
|  |  runtime filters: RF000[bloom] <- s_store_sk, RF001[min_max] <- s_store_sk
|  |  mem-estimate=1.94MB mem-reservation=1.94MB spill-buffer=64.00KB thread-reservation=0 cost=1350
|  |
|  25:EXCHANGE [BROADCAST]
|  |  mem-estimate=45.73KB mem-reservation=0B thread-reservation=0
|  |  tuple-ids=6 row-size=18B cardinality=1.35K cost=1790
|  |  in pipelines: 06(GETNEXT)
|  |
|  F09:PLAN FRAGMENT [RANDOM] hosts=1 instances=1
|  Per-Instance Resources: mem-estimate=16.09MB mem-reservation=16.00KB thread-reservation=1
|  max-parallelism=1 segment-costs=[210]
|  06:SCAN HDFS [tpcds_partitioned_parquet_snap.store, RANDOM]
|     HDFS partitions=1/1 files=1 size=9.81KB
|     stored statistics:
|       table: rows=1.35K size=119.76KB
|       columns: all
|     extrapolated-rows=disabled max-scan-range-rows=1.35K
|     mem-estimate=16.00MB mem-reservation=16.00KB thread-reservation=0
|     tuple-ids=6 row-size=18B cardinality=1.35K cost=116
|     in pipelines: 06(GETNEXT)
|
13:HASH JOIN [INNER JOIN, BROADCAST]
|  hash-table-id=01
|  hash predicates: cs_sold_date_sk = d3.d_date_sk
|  fk/pk conjuncts: cs_sold_date_sk = d3.d_date_sk
|  mem-estimate=0B mem-reservation=0B spill-buffer=64.00KB thread-reservation=0
|  tuple-ids=2,0,3,1,4,7,5 row-size=279B cardinality=6.08M cost=11555579
|  in pipelines: 02(GETNEXT), 05(OPEN)
|
|--F13:PLAN FRAGMENT [HASH(cs_bill_customer_sk,cs_item_sk)] hosts=10 instances=10
|  |  Per-Instance Resources: mem-estimate=2.95MB mem-reservation=2.94MB thread-reservation=1 runtime-filters-memory=1.00MB
|  |  max-parallelism=10 segment-costs=[633]
|  JOIN BUILD
|  |  join-table-id=01 plan-id=02 cohort-id=01
|  |  build expressions: d3.d_date_sk
|  |  runtime filters: RF002[bloom] <- d3.d_date_sk
|  |  mem-estimate=1.94MB mem-reservation=1.94MB spill-buffer=64.00KB thread-reservation=0 cost=273
|  |
|  24:EXCHANGE [BROADCAST]
|  |  mem-estimate=16.00KB mem-reservation=0B thread-reservation=0
|  |  tuple-ids=5 row-size=22B cardinality=273 cost=360
|  |  in pipelines: 05(GETNEXT)
|  |
|  F08:PLAN FRAGMENT [RANDOM] hosts=1 instances=1
|  Per-Instance Resources: mem-estimate=16.10MB mem-reservation=512.00KB thread-reservation=1
|  max-parallelism=1 segment-costs=[12593]
|  05:SCAN HDFS [tpcds_partitioned_parquet_snap.date_dim d3, RANDOM]
|     HDFS partitions=1/1 files=1 size=2.17MB
|     predicates: d3.d_quarter_name IN ('1999Q1', '1999Q2', '1999Q3')
|     stored statistics:
|       table: rows=73.05K size=2.17MB
|       columns: all
|     extrapolated-rows=disabled max-scan-range-rows=73.05K
|     parquet statistics predicates: d3.d_quarter_name IN ('1999Q1', '1999Q2', '1999Q3')
|     parquet dictionary predicates: d3.d_quarter_name IN ('1999Q1', '1999Q2', '1999Q3')
|     mem-estimate=16.00MB mem-reservation=512.00KB thread-reservation=0
|     tuple-ids=5 row-size=22B cardinality=273 cost=12571
|     in pipelines: 05(GETNEXT)
|
12:HASH JOIN [INNER JOIN, PARTITIONED]
|  hash-table-id=02
|  hash predicates: cs_bill_customer_sk = sr_customer_sk, cs_item_sk = sr_item_sk
|  fk/pk conjuncts: cs_bill_customer_sk = sr_customer_sk, cs_item_sk = sr_item_sk
|  mem-estimate=0B mem-reservation=0B spill-buffer=2.00MB thread-reservation=0
|  tuple-ids=2,0,3,1,4,7 row-size=257B cardinality=40.76M cost=172601792
|  in pipelines: 02(GETNEXT), 00(OPEN)
|
|--F14:PLAN FRAGMENT [HASH(cs_bill_customer_sk,cs_item_sk)] hosts=10 instances=10 (adjusted from 120)
|  |  Per-Instance Resources: mem-estimate=1.03GB mem-reservation=51.00MB thread-reservation=1 runtime-filters-memory=17.00MB
|  |  max-parallelism=40 segment-costs=[96395086] cpu-comparison-result=206 [max(151 (self) vs 206 (sum children))]
|  JOIN BUILD
|  |  join-table-id=02 plan-id=03 cohort-id=01
|  |  build expressions: sr_customer_sk, sr_item_sk
|  |  runtime filters: RF004[bloom] <- sr_customer_sk, RF005[bloom] <- sr_item_sk, RF006[min_max] <- sr_customer_sk, RF007[min_max] <- sr_item_sk
|  |  mem-estimate=1012.01MB mem-reservation=34.00MB spill-buffer=2.00MB thread-reservation=0 cost=40758026
|  |
|  23:EXCHANGE [HASH(sr_customer_sk,sr_item_sk)]
|  |  mem-estimate=22.72MB mem-reservation=0B thread-reservation=0
|  |  tuple-ids=0,3,1,4,7 row-size=241B cardinality=40.76M cost=55637060
|  |  in pipelines: 00(GETNEXT)
|  |
|  F04:PLAN FRAGMENT [HASH(ss_customer_sk,ss_item_sk,ss_ticket_number)] hosts=10 instances=50 (adjusted from 120)
|  Per-Instance Resources: mem-estimate=25.33MB mem-reservation=0B thread-reservation=1
|  max-parallelism=120 segment-costs=[1166235430]
|  11:HASH JOIN [INNER JOIN, BROADCAST]
|  |  hash-table-id=03
|  |  hash predicates: ss_item_sk = i_item_sk
|  |  fk/pk conjuncts: ss_item_sk = i_item_sk
|  |  mem-estimate=0B mem-reservation=0B spill-buffer=2.00MB thread-reservation=0
|  |  tuple-ids=0,3,1,4,7 row-size=241B cardinality=40.76M cost=17845015
|  |  in pipelines: 00(GETNEXT), 07(OPEN)
|  |
|  |--F15:PLAN FRAGMENT [HASH(ss_customer_sk,ss_item_sk,ss_ticket_number)] hosts=10 instances=10
|  |  |  Per-Instance Resources: mem-estimate=181.58MB mem-reservation=171.00MB thread-reservation=1 runtime-filters-memory=1.00MB
|  |  |  max-parallelism=10 segment-costs=[838440]
|  |  JOIN BUILD
|  |  |  join-table-id=03 plan-id=04 cohort-id=02
|  |  |  build expressions: i_item_sk
|  |  |  runtime filters: RF008[bloom] <- i_item_sk, RF009[min_max] <- i_item_sk
|  |  |  mem-estimate=170.00MB mem-reservation=170.00MB spill-buffer=2.00MB thread-reservation=0 cost=360000
|  |  |
|  |  21:EXCHANGE [BROADCAST]
|  |  |  mem-estimate=10.58MB mem-reservation=0B thread-reservation=0
|  |  |  tuple-ids=7 row-size=145B cardinality=360.00K cost=478440
|  |  |  in pipelines: 07(GETNEXT)
|  |  |
|  |  F06:PLAN FRAGMENT [RANDOM] hosts=4 instances=4
|  |  Per-Instance Resources: mem-estimate=16.58MB mem-reservation=512.00KB thread-reservation=1
|  |  max-parallelism=4 segment-costs=[773513]
|  |  07:SCAN HDFS [tpcds_partitioned_parquet_snap.item, RANDOM]
|  |     HDFS partitions=1/1 files=1 size=1.73MB
|  |     stored statistics:
|  |       table: rows=360.00K size=33.54MB
|  |       columns: all
|  |     extrapolated-rows=disabled max-scan-range-rows=101.54K
|  |     mem-estimate=16.00MB mem-reservation=512.00KB thread-reservation=0
|  |     tuple-ids=7 row-size=145B cardinality=360.00K cost=625187
|  |     in pipelines: 07(GETNEXT)
|  |
|  10:HASH JOIN [INNER JOIN, BROADCAST]
|  |  hash-table-id=04
|  |  hash predicates: sr_returned_date_sk = d2.d_date_sk
|  |  fk/pk conjuncts: sr_returned_date_sk = d2.d_date_sk
|  |  mem-estimate=0B mem-reservation=0B spill-buffer=64.00KB thread-reservation=0
|  |  tuple-ids=0,3,1,4 row-size=96B cardinality=40.78M cost=84169853
|  |  in pipelines: 00(GETNEXT), 04(OPEN)
|  |
|  |--F16:PLAN FRAGMENT [HASH(ss_customer_sk,ss_item_sk,ss_ticket_number)] hosts=10 instances=10
|  |  |  Per-Instance Resources: mem-estimate=10.70MB mem-reservation=10.69MB thread-reservation=1 runtime-filters-memory=1.00MB
|  |  |  max-parallelism=10 segment-costs=[633]
|  |  JOIN BUILD
|  |  |  join-table-id=04 plan-id=05 cohort-id=02
|  |  |  build expressions: d2.d_date_sk
|  |  |  runtime filters: RF010[bloom] <- d2.d_date_sk
|  |  |  mem-estimate=9.69MB mem-reservation=9.69MB spill-buffer=64.00KB thread-reservation=0 cost=273
|  |  |
|  |  20:EXCHANGE [BROADCAST]
|  |  |  mem-estimate=16.00KB mem-reservation=0B thread-reservation=0
|  |  |  tuple-ids=4 row-size=22B cardinality=273 cost=360
|  |  |  in pipelines: 04(GETNEXT)
|  |  |
|  |  F05:PLAN FRAGMENT [RANDOM] hosts=1 instances=1
|  |  Per-Instance Resources: mem-estimate=16.10MB mem-reservation=512.00KB thread-reservation=1
|  |  max-parallelism=1 segment-costs=[12593]
|  |  04:SCAN HDFS [tpcds_partitioned_parquet_snap.date_dim d2, RANDOM]
|  |     HDFS partitions=1/1 files=1 size=2.17MB
|  |     predicates: d2.d_quarter_name IN ('1999Q1', '1999Q2', '1999Q3')
|  |     stored statistics:
|  |       table: rows=73.05K size=2.17MB
|  |       columns: all
|  |     extrapolated-rows=disabled max-scan-range-rows=73.05K
|  |     parquet statistics predicates: d2.d_quarter_name IN ('1999Q1', '1999Q2', '1999Q3')
|  |     parquet dictionary predicates: d2.d_quarter_name IN ('1999Q1', '1999Q2', '1999Q3')
|  |     mem-estimate=16.00MB mem-reservation=512.00KB thread-reservation=0
|  |     tuple-ids=4 row-size=22B cardinality=273 cost=12571
|  |     in pipelines: 04(GETNEXT)
|  |
|  09:HASH JOIN [INNER JOIN, PARTITIONED]
|  |  hash-table-id=05
|  |  hash predicates: ss_customer_sk = sr_customer_sk, ss_item_sk = sr_item_sk, ss_ticket_number = sr_ticket_number
|  |  fk/pk conjuncts: ss_customer_sk = sr_customer_sk, ss_item_sk = sr_item_sk, ss_ticket_number = sr_ticket_number
|  |  mem-estimate=0B mem-reservation=0B spill-buffer=2.00MB thread-reservation=0
|  |  tuple-ids=0,3,1 row-size=74B cardinality=299.34M cost=164804646
|  |  in pipelines: 00(GETNEXT), 01(OPEN)
|  |
|  |--F17:PLAN FRAGMENT [HASH(ss_customer_sk,ss_item_sk,ss_ticket_number)] hosts=10 instances=50 (adjusted from 120)
|  |  |  Per-Instance Resources: mem-estimate=933.30MB mem-reservation=67.00MB thread-reservation=1 runtime-filters-memory=33.00MB
|  |  |  max-parallelism=120 segment-costs=[1055362113]
|  |  JOIN BUILD
|  |  |  join-table-id=05 plan-id=06 cohort-id=02
|  |  |  build expressions: sr_customer_sk, sr_item_sk, sr_ticket_number
|  |  |  runtime filters: RF012[bloom] <- sr_customer_sk, RF013[bloom] <- sr_item_sk, RF014[bloom] <- sr_ticket_number, RF015[min_max] <- sr_customer_sk, RF016[min_max] <- sr_item_sk, RF017[min_max] <- sr_ticket_number
|  |  |  mem-estimate=887.02MB mem-reservation=34.00MB spill-buffer=2.00MB thread-reservation=0 cost=863988632
|  |  |
|  |  19:EXCHANGE [HASH(sr_customer_sk,sr_item_sk,sr_ticket_number)]
|  |  |  mem-estimate=13.28MB mem-reservation=0B thread-reservation=0
|  |  |  tuple-ids=1 row-size=24B cardinality=863.99M cost=191373481
|  |  |  in pipelines: 01(GETNEXT)
|  |  |
|  |  F03:PLAN FRAGMENT [RANDOM] hosts=10 instances=120
|  |  Per-Host Shared Resources: mem-estimate=2.00MB mem-reservation=2.00MB thread-reservation=0 runtime-filters-memory=2.00MB
|  |  Per-Instance Resources: mem-estimate=21.47MB mem-reservation=512.00KB thread-reservation=1
|  |  max-parallelism=210 segment-costs=[2079102243]
|  |  01:SCAN HDFS [tpcds_partitioned_parquet_snap.store_returns, RANDOM]
|  |     HDFS partitions=2004/2004 files=2004 size=33.63MB
|  |     runtime filters: RF009[min_max] -> tpcds_partitioned_parquet_snap.store_returns.sr_item_sk, RF010[bloom] -> sr_returned_date_sk, RF008[bloom] -> tpcds_partitioned_parquet_snap.store_returns.sr_item_sk
|  |     stored statistics:
|  |       table: rows=863.99M size=48.14GB
|  |       partitions: 2004/2004 rows=863.99M
|  |       columns: all
|  |     extrapolated-rows=disabled max-scan-range-rows=30.09M
|  |     mem-estimate=16.00MB mem-reservation=512.00KB thread-reservation=0
|  |     tuple-ids=1 row-size=24B cardinality=863.99M cost=298594471
|  |     in pipelines: 01(GETNEXT)
|  |
|  18:EXCHANGE [HASH(ss_customer_sk,ss_item_sk,ss_ticket_number)]
|  |  mem-estimate=15.15MB mem-reservation=0B thread-reservation=0
|  |  tuple-ids=0,3 row-size=50B cardinality=431.05M cost=162893567
|  |  in pipelines: 00(GETNEXT)
|  |
|  F01:PLAN FRAGMENT [RANDOM] hosts=10 instances=91 (adjusted from 120)
|  Per-Host Shared Resources: mem-estimate=36.00MB mem-reservation=36.00MB thread-reservation=0 runtime-filters-memory=36.00MB
|  Per-Instance Resources: mem-estimate=27.33MB mem-reservation=8.00MB thread-reservation=1
|  max-parallelism=91 segment-costs=[2194601803]
|  08:HASH JOIN [INNER JOIN, BROADCAST]
|  |  hash-table-id=06
|  |  hash predicates: ss_sold_date_sk = d1.d_date_sk
|  |  fk/pk conjuncts: ss_sold_date_sk = d1.d_date_sk
|  |  mem-estimate=0B mem-reservation=0B spill-buffer=64.00KB thread-reservation=0
|  |  tuple-ids=0,3 row-size=50B cardinality=431.05M cost=188670321
|  |  in pipelines: 00(GETNEXT), 03(OPEN)
|  |
|  |--F18:PLAN FRAGMENT [RANDOM] hosts=10 instances=10
|  |  |  Per-Instance Resources: mem-estimate=20.39MB mem-reservation=20.38MB thread-reservation=1 runtime-filters-memory=1.00MB
|  |  |  max-parallelism=10 segment-costs=[211]
|  |  JOIN BUILD
|  |  |  join-table-id=06 plan-id=07 cohort-id=02
|  |  |  build expressions: d1.d_date_sk
|  |  |  runtime filters: RF018[bloom] <- d1.d_date_sk
|  |  |  mem-estimate=19.38MB mem-reservation=19.38MB spill-buffer=64.00KB thread-reservation=0 cost=91
|  |  |
|  |  17:EXCHANGE [BROADCAST]
|  |  |  mem-estimate=16.00KB mem-reservation=0B thread-reservation=0
|  |  |  tuple-ids=3 row-size=22B cardinality=91 cost=120
|  |  |  in pipelines: 03(GETNEXT)
|  |  |
|  |  F02:PLAN FRAGMENT [RANDOM] hosts=1 instances=1
|  |  Per-Instance Resources: mem-estimate=16.10MB mem-reservation=512.00KB thread-reservation=1
|  |  max-parallelism=1 segment-costs=[12578]
|  |  03:SCAN HDFS [tpcds_partitioned_parquet_snap.date_dim d1, RANDOM]
|  |     HDFS partitions=1/1 files=1 size=2.17MB
|  |     predicates: d1.d_quarter_name = '1999Q1'
|  |     stored statistics:
|  |       table: rows=73.05K size=2.17MB
|  |       columns: all
|  |     extrapolated-rows=disabled max-scan-range-rows=73.05K
|  |     parquet statistics predicates: d1.d_quarter_name = '1999Q1'
|  |     parquet dictionary predicates: d1.d_quarter_name = '1999Q1'
|  |     mem-estimate=16.00MB mem-reservation=512.00KB thread-reservation=0
|  |     tuple-ids=3 row-size=22B cardinality=91 cost=12571
|  |     in pipelines: 03(GETNEXT)
|  |
|  00:SCAN HDFS [tpcds_partitioned_parquet_snap.store_sales, RANDOM]
|     HDFS partitions=1824/1824 files=1824 size=199.33MB
|     runtime filters: RF015[min_max] -> ss_customer_sk, RF016[min_max] -> ss_item_sk, RF017[min_max] -> ss_ticket_number, RF009[min_max] -> ss_item_sk, RF001[min_max] -> ss_store_sk, RF018[bloom] -> ss_sold_date_sk, RF012[bloom] -> ss_customer_sk, RF013[bloom] -> ss_item_sk, RF014[bloom] -> ss_ticket_number, RF008[bloom] -> ss_item_sk, RF000[bloom] -> ss_store_sk
|     stored statistics:
|       table: rows=8.64G size=389.90GB
|       partitions: 1824/1824 rows=8.64G
|       columns: all
|     extrapolated-rows=disabled max-scan-range-rows=390.22M est-scan-range=91(filtered from 1824)
|     mem-estimate=16.00MB mem-reservation=8.00MB thread-reservation=0
|     tuple-ids=0 row-size=28B cardinality=431.05M(filtered from 8.64G) cost=173799117
|     in pipelines: 00(GETNEXT)
|
22:EXCHANGE [HASH(cs_bill_customer_sk,cs_item_sk)]
|  mem-estimate=12.34MB mem-reservation=0B thread-reservation=0
|  tuple-ids=2 row-size=16B cardinality=644.12M(filtered from 4.32G) cost=118968718
|  in pipelines: 02(GETNEXT)
|
F00:PLAN FRAGMENT [RANDOM] hosts=10 instances=120
Per-Host Shared Resources: mem-estimate=18.00MB mem-reservation=18.00MB thread-reservation=0 runtime-filters-memory=18.00MB
Per-Instance Resources: mem-estimate=16.78MB mem-reservation=1.00MB thread-reservation=1
max-parallelism=120 segment-costs=[1143954761]
02:SCAN HDFS [tpcds_partitioned_parquet_snap.catalog_sales, RANDOM]
   HDFS partitions=1831/1831 files=1831 size=150.82MB
   runtime filters: RF006[min_max] -> cs_bill_customer_sk, RF007[min_max] -> cs_item_sk, RF004[bloom] -> cs_bill_customer_sk, RF005[bloom] -> cs_item_sk, RF002[bloom] -> cs_sold_date_sk
   stored statistics:
     table: rows=4.32G size=280.96GB
     partitions: 1831/1831 rows=4.32G
     columns: all
   extrapolated-rows=disabled max-scan-range-rows=21.52M est-scan-range=274(filtered from 1831)
   mem-estimate=16.00MB mem-reservation=1.00MB thread-reservation=0
   tuple-ids=2 row-size=16B cardinality=644.12M(filtered from 4.32G) cost=148404942
   in pipelines: 02(GETNEXT)
---- PARALLELPLANS
Max Per-Host Resource Reservation: Memory=821.95MB Threads=58
Per-Host Resource Estimates: Memory=7.04GB
F11:PLAN FRAGMENT [UNPARTITIONED] hosts=1 instances=1
|  Per-Instance Resources: mem-estimate=4.22MB mem-reservation=4.00MB thread-reservation=1
|  max-parallelism=1 segment-costs=[1570] cpu-comparison-result=228 [max(1 (self) vs 228 (sum children))]
PLAN-ROOT SINK
|  output exprs: i_item_id, i_item_desc, s_state, count(ss_quantity), avg(ss_quantity), stddev_samp(ss_quantity), stddev_samp(ss_quantity) / avg(ss_quantity), count(sr_return_quantity), avg(sr_return_quantity), stddev_samp(sr_return_quantity), stddev_samp(sr_return_quantity) / avg(sr_return_quantity), count(cs_quantity), avg(cs_quantity), stddev_samp(cs_quantity), stddev_samp(cs_quantity) / avg(cs_quantity)
|  mem-estimate=4.00MB mem-reservation=4.00MB spill-buffer=2.00MB thread-reservation=0 cost=1500
|
28:MERGING-EXCHANGE [UNPARTITIONED]
|  order by: i_item_id ASC, i_item_desc ASC, s_state ASC
|  limit: 100
|  mem-estimate=227.41KB mem-reservation=0B thread-reservation=0
|  tuple-ids=10 row-size=227B cardinality=100 cost=70
|  in pipelines: 16(GETNEXT)
|
F10:PLAN FRAGMENT [HASH(i_item_id,i_item_desc,s_state)] hosts=10 instances=10 (adjusted from 120)
Per-Instance Resources: mem-estimate=150.53MB mem-reservation=34.00MB thread-reservation=1
max-parallelism=10 segment-costs=[46282584, 77209102, 625] cpu-comparison-result=228 [max(10 (self) vs 228 (sum children))]
16:TOP-N [LIMIT=100]
|  order by: i_item_id ASC, i_item_desc ASC, s_state ASC
|  mem-estimate=22.13KB mem-reservation=0B thread-reservation=0
|  tuple-ids=10 row-size=227B cardinality=100 cost=77209102
|  in pipelines: 16(GETNEXT), 27(OPEN)
|
27:AGGREGATE [FINALIZE]
|  output: count:merge(ss_quantity), avg:merge(ss_quantity), stddev_samp:merge(ss_quantity), count:merge(sr_return_quantity), avg:merge(sr_return_quantity), stddev_samp:merge(sr_return_quantity), count:merge(cs_quantity), avg:merge(cs_quantity), stddev_samp:merge(cs_quantity)
|  group by: i_item_id, i_item_desc, s_state
|  mem-estimate=138.28MB mem-reservation=34.00MB spill-buffer=2.00MB thread-reservation=0
|  tuple-ids=9 row-size=227B cardinality=6.08M cost=39273052
|  in pipelines: 27(GETNEXT), 02(OPEN)
|
26:EXCHANGE [HASH(i_item_id,i_item_desc,s_state)]
|  mem-estimate=12.25MB mem-reservation=0B thread-reservation=0
|  tuple-ids=8 row-size=227B cardinality=6.08M cost=7009532
|  in pipelines: 02(GETNEXT)
|
F07:PLAN FRAGMENT [HASH(cs_bill_customer_sk,cs_item_sk)] hosts=10 instances=10 (adjusted from 120)
Per-Instance Resources: mem-estimate=125.06MB mem-reservation=34.00MB thread-reservation=1
max-parallelism=40 segment-costs=[345059032, 91812192] cpu-comparison-result=228 [max(130 (self) vs 228 (sum children))]
15:AGGREGATE [STREAMING]
|  output: count(ss_quantity), avg(CAST(ss_quantity AS BIGINT)), stddev_samp(ss_quantity), count(sr_return_quantity), avg(CAST(sr_return_quantity AS BIGINT)), stddev_samp(sr_return_quantity), count(cs_quantity), avg(CAST(cs_quantity AS BIGINT)), stddev_samp(cs_quantity)
|  group by: i_item_id, i_item_desc, s_state
|  mem-estimate=103.71MB mem-reservation=34.00MB spill-buffer=2.00MB thread-reservation=0
|  tuple-ids=8 row-size=227B cardinality=6.08M cost=39273052
|  in pipelines: 02(GETNEXT)
|
14:HASH JOIN [INNER JOIN, BROADCAST]
|  hash-table-id=00
|  hash predicates: ss_store_sk = s_store_sk
|  fk/pk conjuncts: ss_store_sk = s_store_sk
|  mem-estimate=0B mem-reservation=0B spill-buffer=64.00KB thread-reservation=0
|  tuple-ids=2,0,3,1,4,7,5,6 row-size=297B cardinality=6.08M cost=2659891
|  in pipelines: 02(GETNEXT), 06(OPEN)
|
|--F12:PLAN FRAGMENT [HASH(cs_bill_customer_sk,cs_item_sk)] hosts=10 instances=10
|  |  Per-Instance Resources: mem-estimate=2.98MB mem-reservation=2.94MB thread-reservation=1 runtime-filters-memory=1.00MB
|  |  max-parallelism=10 segment-costs=[3140]
|  JOIN BUILD
|  |  join-table-id=00 plan-id=01 cohort-id=01
|  |  build expressions: s_store_sk
|  |  runtime filters: RF000[bloom] <- s_store_sk, RF001[min_max] <- s_store_sk
|  |  mem-estimate=1.94MB mem-reservation=1.94MB spill-buffer=64.00KB thread-reservation=0 cost=1350
|  |
|  25:EXCHANGE [BROADCAST]
|  |  mem-estimate=45.73KB mem-reservation=0B thread-reservation=0
|  |  tuple-ids=6 row-size=18B cardinality=1.35K cost=1790
|  |  in pipelines: 06(GETNEXT)
|  |
|  F09:PLAN FRAGMENT [RANDOM] hosts=1 instances=1
|  Per-Instance Resources: mem-estimate=16.09MB mem-reservation=16.00KB thread-reservation=1
|  max-parallelism=1 segment-costs=[210]
|  06:SCAN HDFS [tpcds_partitioned_parquet_snap.store, RANDOM]
|     HDFS partitions=1/1 files=1 size=9.81KB
|     stored statistics:
|       table: rows=1.35K size=119.76KB
|       columns: all
|     extrapolated-rows=disabled max-scan-range-rows=1.35K
|     mem-estimate=16.00MB mem-reservation=16.00KB thread-reservation=0
|     tuple-ids=6 row-size=18B cardinality=1.35K cost=116
|     in pipelines: 06(GETNEXT)
|
13:HASH JOIN [INNER JOIN, BROADCAST]
|  hash-table-id=01
|  hash predicates: cs_sold_date_sk = d3.d_date_sk
|  fk/pk conjuncts: cs_sold_date_sk = d3.d_date_sk
|  mem-estimate=0B mem-reservation=0B spill-buffer=64.00KB thread-reservation=0
|  tuple-ids=2,0,3,1,4,7,5 row-size=279B cardinality=6.08M cost=11555579
|  in pipelines: 02(GETNEXT), 05(OPEN)
|
|--F13:PLAN FRAGMENT [HASH(cs_bill_customer_sk,cs_item_sk)] hosts=10 instances=10
|  |  Per-Instance Resources: mem-estimate=2.95MB mem-reservation=2.94MB thread-reservation=1 runtime-filters-memory=1.00MB
|  |  max-parallelism=10 segment-costs=[633]
|  JOIN BUILD
|  |  join-table-id=01 plan-id=02 cohort-id=01
|  |  build expressions: d3.d_date_sk
|  |  runtime filters: RF002[bloom] <- d3.d_date_sk
|  |  mem-estimate=1.94MB mem-reservation=1.94MB spill-buffer=64.00KB thread-reservation=0 cost=273
|  |
|  24:EXCHANGE [BROADCAST]
|  |  mem-estimate=16.00KB mem-reservation=0B thread-reservation=0
|  |  tuple-ids=5 row-size=22B cardinality=273 cost=360
|  |  in pipelines: 05(GETNEXT)
|  |
|  F08:PLAN FRAGMENT [RANDOM] hosts=1 instances=1
|  Per-Instance Resources: mem-estimate=16.10MB mem-reservation=512.00KB thread-reservation=1
|  max-parallelism=1 segment-costs=[12593]
|  05:SCAN HDFS [tpcds_partitioned_parquet_snap.date_dim d3, RANDOM]
|     HDFS partitions=1/1 files=1 size=2.17MB
|     predicates: d3.d_quarter_name IN ('1999Q1', '1999Q2', '1999Q3')
|     stored statistics:
|       table: rows=73.05K size=2.17MB
|       columns: all
|     extrapolated-rows=disabled max-scan-range-rows=73.05K
|     parquet statistics predicates: d3.d_quarter_name IN ('1999Q1', '1999Q2', '1999Q3')
|     parquet dictionary predicates: d3.d_quarter_name IN ('1999Q1', '1999Q2', '1999Q3')
|     mem-estimate=16.00MB mem-reservation=512.00KB thread-reservation=0
|     tuple-ids=5 row-size=22B cardinality=273 cost=12571
|     in pipelines: 05(GETNEXT)
|
12:HASH JOIN [INNER JOIN, PARTITIONED]
|  hash-table-id=02
|  hash predicates: cs_bill_customer_sk = sr_customer_sk, cs_item_sk = sr_item_sk
|  fk/pk conjuncts: cs_bill_customer_sk = sr_customer_sk, cs_item_sk = sr_item_sk
|  mem-estimate=0B mem-reservation=0B spill-buffer=2.00MB thread-reservation=0
|  tuple-ids=2,0,3,1,4,7 row-size=257B cardinality=40.76M cost=172601792
|  in pipelines: 02(GETNEXT), 00(OPEN)
|
|--F14:PLAN FRAGMENT [HASH(cs_bill_customer_sk,cs_item_sk)] hosts=10 instances=10 (adjusted from 120)
|  |  Per-Instance Resources: mem-estimate=1.03GB mem-reservation=51.00MB thread-reservation=1 runtime-filters-memory=17.00MB
|  |  max-parallelism=40 segment-costs=[96395086] cpu-comparison-result=206 [max(151 (self) vs 206 (sum children))]
|  JOIN BUILD
|  |  join-table-id=02 plan-id=03 cohort-id=01
|  |  build expressions: sr_customer_sk, sr_item_sk
|  |  runtime filters: RF004[bloom] <- sr_customer_sk, RF005[bloom] <- sr_item_sk, RF006[min_max] <- sr_customer_sk, RF007[min_max] <- sr_item_sk
|  |  mem-estimate=1012.01MB mem-reservation=34.00MB spill-buffer=2.00MB thread-reservation=0 cost=40758026
|  |
|  23:EXCHANGE [HASH(sr_customer_sk,sr_item_sk)]
|  |  mem-estimate=22.72MB mem-reservation=0B thread-reservation=0
|  |  tuple-ids=0,3,1,4,7 row-size=241B cardinality=40.76M cost=55637060
|  |  in pipelines: 00(GETNEXT)
|  |
|  F04:PLAN FRAGMENT [HASH(ss_customer_sk,ss_item_sk,ss_ticket_number)] hosts=10 instances=50 (adjusted from 120)
|  Per-Instance Resources: mem-estimate=25.33MB mem-reservation=0B thread-reservation=1
|  max-parallelism=120 segment-costs=[1166235430]
|  11:HASH JOIN [INNER JOIN, BROADCAST]
|  |  hash-table-id=03
|  |  hash predicates: ss_item_sk = i_item_sk
|  |  fk/pk conjuncts: ss_item_sk = i_item_sk
|  |  mem-estimate=0B mem-reservation=0B spill-buffer=2.00MB thread-reservation=0
|  |  tuple-ids=0,3,1,4,7 row-size=241B cardinality=40.76M cost=17845015
|  |  in pipelines: 00(GETNEXT), 07(OPEN)
|  |
|  |--F15:PLAN FRAGMENT [HASH(ss_customer_sk,ss_item_sk,ss_ticket_number)] hosts=10 instances=10
|  |  |  Per-Instance Resources: mem-estimate=181.58MB mem-reservation=171.00MB thread-reservation=1 runtime-filters-memory=1.00MB
|  |  |  max-parallelism=10 segment-costs=[838440]
|  |  JOIN BUILD
|  |  |  join-table-id=03 plan-id=04 cohort-id=02
|  |  |  build expressions: i_item_sk
|  |  |  runtime filters: RF008[bloom] <- i_item_sk, RF009[min_max] <- i_item_sk
|  |  |  mem-estimate=170.00MB mem-reservation=170.00MB spill-buffer=2.00MB thread-reservation=0 cost=360000
|  |  |
|  |  21:EXCHANGE [BROADCAST]
|  |  |  mem-estimate=10.58MB mem-reservation=0B thread-reservation=0
|  |  |  tuple-ids=7 row-size=145B cardinality=360.00K cost=478440
|  |  |  in pipelines: 07(GETNEXT)
|  |  |
|  |  F06:PLAN FRAGMENT [RANDOM] hosts=4 instances=4
|  |  Per-Instance Resources: mem-estimate=16.58MB mem-reservation=512.00KB thread-reservation=1
|  |  max-parallelism=4 segment-costs=[773513]
|  |  07:SCAN HDFS [tpcds_partitioned_parquet_snap.item, RANDOM]
|  |     HDFS partitions=1/1 files=1 size=1.73MB
|  |     stored statistics:
|  |       table: rows=360.00K size=33.54MB
|  |       columns: all
|  |     extrapolated-rows=disabled max-scan-range-rows=101.54K
|  |     mem-estimate=16.00MB mem-reservation=512.00KB thread-reservation=0
|  |     tuple-ids=7 row-size=145B cardinality=360.00K cost=625187
|  |     in pipelines: 07(GETNEXT)
|  |
|  10:HASH JOIN [INNER JOIN, BROADCAST]
|  |  hash-table-id=04
|  |  hash predicates: sr_returned_date_sk = d2.d_date_sk
|  |  fk/pk conjuncts: sr_returned_date_sk = d2.d_date_sk
|  |  mem-estimate=0B mem-reservation=0B spill-buffer=64.00KB thread-reservation=0
|  |  tuple-ids=0,3,1,4 row-size=96B cardinality=40.78M cost=84169853
|  |  in pipelines: 00(GETNEXT), 04(OPEN)
|  |
|  |--F16:PLAN FRAGMENT [HASH(ss_customer_sk,ss_item_sk,ss_ticket_number)] hosts=10 instances=10
|  |  |  Per-Instance Resources: mem-estimate=10.70MB mem-reservation=10.69MB thread-reservation=1 runtime-filters-memory=1.00MB
|  |  |  max-parallelism=10 segment-costs=[633]
|  |  JOIN BUILD
|  |  |  join-table-id=04 plan-id=05 cohort-id=02
|  |  |  build expressions: d2.d_date_sk
|  |  |  runtime filters: RF010[bloom] <- d2.d_date_sk
|  |  |  mem-estimate=9.69MB mem-reservation=9.69MB spill-buffer=64.00KB thread-reservation=0 cost=273
|  |  |
|  |  20:EXCHANGE [BROADCAST]
|  |  |  mem-estimate=16.00KB mem-reservation=0B thread-reservation=0
|  |  |  tuple-ids=4 row-size=22B cardinality=273 cost=360
|  |  |  in pipelines: 04(GETNEXT)
|  |  |
|  |  F05:PLAN FRAGMENT [RANDOM] hosts=1 instances=1
|  |  Per-Instance Resources: mem-estimate=16.10MB mem-reservation=512.00KB thread-reservation=1
|  |  max-parallelism=1 segment-costs=[12593]
|  |  04:SCAN HDFS [tpcds_partitioned_parquet_snap.date_dim d2, RANDOM]
|  |     HDFS partitions=1/1 files=1 size=2.17MB
|  |     predicates: d2.d_quarter_name IN ('1999Q1', '1999Q2', '1999Q3')
|  |     stored statistics:
|  |       table: rows=73.05K size=2.17MB
|  |       columns: all
|  |     extrapolated-rows=disabled max-scan-range-rows=73.05K
|  |     parquet statistics predicates: d2.d_quarter_name IN ('1999Q1', '1999Q2', '1999Q3')
|  |     parquet dictionary predicates: d2.d_quarter_name IN ('1999Q1', '1999Q2', '1999Q3')
|  |     mem-estimate=16.00MB mem-reservation=512.00KB thread-reservation=0
|  |     tuple-ids=4 row-size=22B cardinality=273 cost=12571
|  |     in pipelines: 04(GETNEXT)
|  |
|  09:HASH JOIN [INNER JOIN, PARTITIONED]
|  |  hash-table-id=05
|  |  hash predicates: ss_customer_sk = sr_customer_sk, ss_item_sk = sr_item_sk, ss_ticket_number = sr_ticket_number
|  |  fk/pk conjuncts: ss_customer_sk = sr_customer_sk, ss_item_sk = sr_item_sk, ss_ticket_number = sr_ticket_number
|  |  mem-estimate=0B mem-reservation=0B spill-buffer=2.00MB thread-reservation=0
|  |  tuple-ids=0,3,1 row-size=74B cardinality=299.34M cost=164804646
|  |  in pipelines: 00(GETNEXT), 01(OPEN)
|  |
|  |--F17:PLAN FRAGMENT [HASH(ss_customer_sk,ss_item_sk,ss_ticket_number)] hosts=10 instances=50 (adjusted from 120)
|  |  |  Per-Instance Resources: mem-estimate=933.30MB mem-reservation=67.00MB thread-reservation=1 runtime-filters-memory=33.00MB
|  |  |  max-parallelism=120 segment-costs=[1055362113]
|  |  JOIN BUILD
|  |  |  join-table-id=05 plan-id=06 cohort-id=02
|  |  |  build expressions: sr_customer_sk, sr_item_sk, sr_ticket_number
|  |  |  runtime filters: RF012[bloom] <- sr_customer_sk, RF013[bloom] <- sr_item_sk, RF014[bloom] <- sr_ticket_number, RF015[min_max] <- sr_customer_sk, RF016[min_max] <- sr_item_sk, RF017[min_max] <- sr_ticket_number
|  |  |  mem-estimate=887.02MB mem-reservation=34.00MB spill-buffer=2.00MB thread-reservation=0 cost=863988632
|  |  |
|  |  19:EXCHANGE [HASH(sr_customer_sk,sr_item_sk,sr_ticket_number)]
|  |  |  mem-estimate=13.28MB mem-reservation=0B thread-reservation=0
|  |  |  tuple-ids=1 row-size=24B cardinality=863.99M cost=191373481
|  |  |  in pipelines: 01(GETNEXT)
|  |  |
|  |  F03:PLAN FRAGMENT [RANDOM] hosts=10 instances=120
|  |  Per-Host Shared Resources: mem-estimate=2.00MB mem-reservation=2.00MB thread-reservation=0 runtime-filters-memory=2.00MB
|  |  Per-Instance Resources: mem-estimate=21.47MB mem-reservation=512.00KB thread-reservation=1
|  |  max-parallelism=210 segment-costs=[2079102243]
|  |  01:SCAN HDFS [tpcds_partitioned_parquet_snap.store_returns, RANDOM]
|  |     HDFS partitions=2004/2004 files=2004 size=33.63MB
|  |     runtime filters: RF009[min_max] -> tpcds_partitioned_parquet_snap.store_returns.sr_item_sk, RF010[bloom] -> sr_returned_date_sk, RF008[bloom] -> tpcds_partitioned_parquet_snap.store_returns.sr_item_sk
|  |     stored statistics:
|  |       table: rows=863.99M size=48.14GB
|  |       partitions: 2004/2004 rows=863.99M
|  |       columns: all
|  |     extrapolated-rows=disabled max-scan-range-rows=30.09M
|  |     mem-estimate=16.00MB mem-reservation=512.00KB thread-reservation=0
|  |     tuple-ids=1 row-size=24B cardinality=863.99M cost=298594471
|  |     in pipelines: 01(GETNEXT)
|  |
|  18:EXCHANGE [HASH(ss_customer_sk,ss_item_sk,ss_ticket_number)]
|  |  mem-estimate=15.15MB mem-reservation=0B thread-reservation=0
|  |  tuple-ids=0,3 row-size=50B cardinality=431.05M cost=162893567
|  |  in pipelines: 00(GETNEXT)
|  |
|  F01:PLAN FRAGMENT [RANDOM] hosts=10 instances=91 (adjusted from 120)
|  Per-Host Shared Resources: mem-estimate=36.00MB mem-reservation=36.00MB thread-reservation=0 runtime-filters-memory=36.00MB
|  Per-Instance Resources: mem-estimate=27.33MB mem-reservation=8.00MB thread-reservation=1
|  max-parallelism=91 segment-costs=[2194601803]
|  08:HASH JOIN [INNER JOIN, BROADCAST]
|  |  hash-table-id=06
|  |  hash predicates: ss_sold_date_sk = d1.d_date_sk
|  |  fk/pk conjuncts: ss_sold_date_sk = d1.d_date_sk
|  |  mem-estimate=0B mem-reservation=0B spill-buffer=64.00KB thread-reservation=0
|  |  tuple-ids=0,3 row-size=50B cardinality=431.05M cost=188670321
|  |  in pipelines: 00(GETNEXT), 03(OPEN)
|  |
|  |--F18:PLAN FRAGMENT [RANDOM] hosts=10 instances=10
|  |  |  Per-Instance Resources: mem-estimate=20.39MB mem-reservation=20.38MB thread-reservation=1 runtime-filters-memory=1.00MB
|  |  |  max-parallelism=10 segment-costs=[211]
|  |  JOIN BUILD
|  |  |  join-table-id=06 plan-id=07 cohort-id=02
|  |  |  build expressions: d1.d_date_sk
|  |  |  runtime filters: RF018[bloom] <- d1.d_date_sk
|  |  |  mem-estimate=19.38MB mem-reservation=19.38MB spill-buffer=64.00KB thread-reservation=0 cost=91
|  |  |
|  |  17:EXCHANGE [BROADCAST]
|  |  |  mem-estimate=16.00KB mem-reservation=0B thread-reservation=0
|  |  |  tuple-ids=3 row-size=22B cardinality=91 cost=120
|  |  |  in pipelines: 03(GETNEXT)
|  |  |
|  |  F02:PLAN FRAGMENT [RANDOM] hosts=1 instances=1
|  |  Per-Instance Resources: mem-estimate=16.10MB mem-reservation=512.00KB thread-reservation=1
|  |  max-parallelism=1 segment-costs=[12578]
|  |  03:SCAN HDFS [tpcds_partitioned_parquet_snap.date_dim d1, RANDOM]
|  |     HDFS partitions=1/1 files=1 size=2.17MB
|  |     predicates: d1.d_quarter_name = '1999Q1'
|  |     stored statistics:
|  |       table: rows=73.05K size=2.17MB
|  |       columns: all
|  |     extrapolated-rows=disabled max-scan-range-rows=73.05K
|  |     parquet statistics predicates: d1.d_quarter_name = '1999Q1'
|  |     parquet dictionary predicates: d1.d_quarter_name = '1999Q1'
|  |     mem-estimate=16.00MB mem-reservation=512.00KB thread-reservation=0
|  |     tuple-ids=3 row-size=22B cardinality=91 cost=12571
|  |     in pipelines: 03(GETNEXT)
|  |
|  00:SCAN HDFS [tpcds_partitioned_parquet_snap.store_sales, RANDOM]
|     HDFS partitions=1824/1824 files=1824 size=199.33MB
|     runtime filters: RF015[min_max] -> ss_customer_sk, RF016[min_max] -> ss_item_sk, RF017[min_max] -> ss_ticket_number, RF009[min_max] -> ss_item_sk, RF001[min_max] -> ss_store_sk, RF018[bloom] -> ss_sold_date_sk, RF012[bloom] -> ss_customer_sk, RF013[bloom] -> ss_item_sk, RF014[bloom] -> ss_ticket_number, RF008[bloom] -> ss_item_sk, RF000[bloom] -> ss_store_sk
|     stored statistics:
|       table: rows=8.64G size=389.90GB
|       partitions: 1824/1824 rows=8.64G
|       columns: all
|     extrapolated-rows=disabled max-scan-range-rows=390.22M est-scan-range=91(filtered from 1824)
|     mem-estimate=16.00MB mem-reservation=8.00MB thread-reservation=0
|     tuple-ids=0 row-size=28B cardinality=431.05M(filtered from 8.64G) cost=173799117
|     in pipelines: 00(GETNEXT)
|
22:EXCHANGE [HASH(cs_bill_customer_sk,cs_item_sk)]
|  mem-estimate=12.34MB mem-reservation=0B thread-reservation=0
|  tuple-ids=2 row-size=16B cardinality=644.12M(filtered from 4.32G) cost=118968718
|  in pipelines: 02(GETNEXT)
|
F00:PLAN FRAGMENT [RANDOM] hosts=10 instances=120
Per-Host Shared Resources: mem-estimate=18.00MB mem-reservation=18.00MB thread-reservation=0 runtime-filters-memory=18.00MB
Per-Instance Resources: mem-estimate=16.78MB mem-reservation=1.00MB thread-reservation=1
max-parallelism=120 segment-costs=[1143954761]
02:SCAN HDFS [tpcds_partitioned_parquet_snap.catalog_sales, RANDOM]
   HDFS partitions=1831/1831 files=1831 size=150.82MB
   runtime filters: RF006[min_max] -> cs_bill_customer_sk, RF007[min_max] -> cs_item_sk, RF004[bloom] -> cs_bill_customer_sk, RF005[bloom] -> cs_item_sk, RF002[bloom] -> cs_sold_date_sk
   stored statistics:
     table: rows=4.32G size=280.96GB
     partitions: 1831/1831 rows=4.32G
     columns: all
   extrapolated-rows=disabled max-scan-range-rows=21.52M est-scan-range=274(filtered from 1831)
   mem-estimate=16.00MB mem-reservation=1.00MB thread-reservation=0
   tuple-ids=2 row-size=16B cardinality=644.12M(filtered from 4.32G) cost=148404942
   in pipelines: 02(GETNEXT)
====
