# TPCDS-Q44
# start query 44 in stream 0 using template query44.tpl using seed 1374084783
select  asceding.rnk, i1.i_product_name best_performing, i2.i_product_name worst_performing
from(select *
     from (select item_sk,rank() over (order by rank_col asc) rnk
           from (select ss_item_sk item_sk,avg(ss_net_profit) rank_col
                 from store_sales ss1
                 where ss_store_sk = 457
                 group by ss_item_sk
                 having avg(ss_net_profit) > 0.9*(select avg(ss_net_profit) rank_col
                                                  from store_sales
                                                  where ss_store_sk = 457
                                                    and ss_addr_sk is null
                                                  group by ss_store_sk))V1)V11
     where rnk  < 11) asceding,
    (select *
     from (select item_sk,rank() over (order by rank_col desc) rnk
           from (select ss_item_sk item_sk,avg(ss_net_profit) rank_col
                 from store_sales ss1
                 where ss_store_sk = 457
                 group by ss_item_sk
                 having avg(ss_net_profit) > 0.9*(select avg(ss_net_profit) rank_col
                                                  from store_sales
                                                  where ss_store_sk = 457
                                                    and ss_addr_sk is null
                                                  group by ss_store_sk))V2)V21
     where rnk  < 11) descending,
item i1,
item i2
where asceding.rnk = descending.rnk
  and i1.i_item_sk=asceding.item_sk
  and i2.i_item_sk=descending.item_sk
order by asceding.rnk
limit 100;

# end query 44 in stream 0 using template query44.tpl
---- PLAN
Max Per-Host Resource Reservation: Memory=80.88MB Threads=1
Per-Host Resource Estimates: Memory=160MB
F00:PLAN FRAGMENT [UNPARTITIONED] hosts=1 instances=1
|  Per-Instance Resources: mem-estimate=160.00MB mem-reservation=80.88MB thread-reservation=1 runtime-filters-memory=2.00MB
|  max-parallelism=1 segment-costs=[1740398015, 1979330886, 0, 3822129, 1740398015, 1979330886, 0, 3822129, 278496, 30]
PLAN-ROOT SINK
|  output exprs: rnk, i_product_name, i_product_name
|  mem-estimate=4.00MB mem-reservation=4.00MB spill-buffer=2.00MB thread-reservation=0 cost=30
|
23:TOP-N [LIMIT=100]
|  order by: rnk ASC
|  mem-estimate=778B mem-reservation=0B thread-reservation=0
|  tuple-ids=28 row-size=78B cardinality=10 cost=18
|  in pipelines: 23(GETNEXT), 19(OPEN)
|
22:HASH JOIN [INNER JOIN]
|  hash predicates: i2.i_item_sk = ss_item_sk
|  fk/pk conjuncts: i2.i_item_sk = ss_item_sk
|  runtime filters: RF000[bloom] <- ss_item_sk, RF001[min_max] <- ss_item_sk
|  mem-estimate=1.94MB mem-reservation=1.94MB spill-buffer=64.00KB thread-reservation=0
|  tuple-ids=27,26,33,32,39,38 row-size=142B cardinality=10 cost=14
|  in pipelines: 19(GETNEXT), 18(OPEN)
|
|--21:HASH JOIN [INNER JOIN]
|  |  hash predicates: rank() = rank()
|  |  fk/pk conjuncts: assumed fk/pk
|  |  mem-estimate=1.94MB mem-reservation=1.94MB spill-buffer=64.00KB thread-reservation=0
|  |  tuple-ids=26,33,32,39,38 row-size=103B cardinality=10 cost=14
|  |  in pipelines: 18(GETNEXT), 15(OPEN)
|  |
|  |--17:SELECT
|  |  |  predicates: rank() < CAST(11 AS BIGINT)
|  |  |  mem-estimate=0B mem-reservation=0B thread-reservation=0
|  |  |  tuple-ids=39,38 row-size=32B cardinality=10 cost=10
|  |  |  in pipelines: 15(GETNEXT)
|  |  |
|  |  16:ANALYTIC
|  |  |  functions: rank()
|  |  |  order by: avg(ss_net_profit) DESC
|  |  |  window: RANGE BETWEEN UNBOUNDED PRECEDING AND CURRENT ROW
|  |  |  mem-estimate=4.00MB mem-reservation=4.00MB spill-buffer=2.00MB thread-reservation=0
|  |  |  tuple-ids=39,38 row-size=32B cardinality=10 cost=10
|  |  |  in pipelines: 15(GETNEXT)
|  |  |
|  |  15:TOP-N
|  |  |  order by: avg(ss_net_profit) DESC
|  |  |  limit with ties: 10
|  |  |  source expr: rank() < CAST(11 AS BIGINT)
|  |  |  mem-estimate=240B mem-reservation=0B thread-reservation=0
|  |  |  tuple-ids=39 row-size=24B cardinality=10 cost=3748329
|  |  |  in pipelines: 15(GETNEXT), 10(OPEN)
|  |  |
|  |  14:NESTED LOOP JOIN [INNER JOIN]
|  |  |  predicates: avg(ss_net_profit) > CAST(0.9 AS DECIMAL(1,1)) * avg(ss_net_profit)
|  |  |  mem-estimate=12B mem-reservation=0B thread-reservation=0
|  |  |  tuple-ids=15,19 row-size=24B cardinality=360.18K cost=73800
|  |  |  in pipelines: 10(GETNEXT), 13(OPEN)
|  |  |
|  |  |--13:CARDINALITY CHECK
|  |  |  |  limit: 1
|  |  |  |  mem-estimate=0B mem-reservation=0B thread-reservation=0
|  |  |  |  tuple-ids=19 row-size=12B cardinality=1 cost=0
|  |  |  |  in pipelines: 13(GETNEXT), 12(OPEN)
|  |  |  |
|  |  |  12:AGGREGATE [FINALIZE]
|  |  |  |  output: avg(ss_net_profit)
|  |  |  |  group by: ss_store_sk
|  |  |  |  limit: 2
|  |  |  |  mem-estimate=10.00MB mem-reservation=1.94MB spill-buffer=64.00KB thread-reservation=0
|  |  |  |  tuple-ids=19 row-size=12B cardinality=2 cost=785727
|  |  |  |  in pipelines: 12(GETNEXT), 11(OPEN)
|  |  |  |
|  |  |  11:SCAN HDFS [tpcds_partitioned_parquet_snap.store_sales]
|  |  |     HDFS partitions=1824/1824 files=1824 size=199.33MB
|  |  |     predicates: ss_addr_sk IS NULL, ss_store_sk = CAST(457 AS INT)
|  |  |     stored statistics:
|  |  |       table: rows=8.64G size=389.90GB
|  |  |       partitions: 1824/1824 rows=8.64G
|  |  |       columns: all
|  |  |     extrapolated-rows=disabled max-scan-range-rows=390.22M
|  |  |     parquet statistics predicates: ss_store_sk = CAST(457 AS INT)
|  |  |     parquet dictionary predicates: ss_store_sk = CAST(457 AS INT)
|  |  |     mem-estimate=16.00MB mem-reservation=8.00MB thread-reservation=0
|  |  |     tuple-ids=17 row-size=12B cardinality=2.68M cost=1978545159
|  |  |     in pipelines: 11(GETNEXT)
|  |  |
|  |  10:AGGREGATE [FINALIZE]
|  |  |  output: avg(ss_net_profit)
|  |  |  group by: ss_item_sk
|  |  |  mem-estimate=17.00MB mem-reservation=17.00MB spill-buffer=1.00MB thread-reservation=0
|  |  |  tuple-ids=15 row-size=12B cardinality=360.18K cost=4635035
|  |  |  in pipelines: 10(GETNEXT), 09(OPEN)
|  |  |
|  |  09:SCAN HDFS [tpcds_partitioned_parquet_snap.store_sales ss1]
|  |     HDFS partitions=1824/1824 files=1824 size=199.33MB
|  |     predicates: ss_store_sk = CAST(457 AS INT)
|  |     stored statistics:
|  |       table: rows=8.64G size=389.90GB
|  |       partitions: 1824/1824 rows=8.64G
|  |       columns: all
|  |     extrapolated-rows=disabled max-scan-range-rows=390.22M
|  |     parquet statistics predicates: ss_store_sk = CAST(457 AS INT)
|  |     parquet dictionary predicates: ss_store_sk = CAST(457 AS INT)
|  |     mem-estimate=16.00MB mem-reservation=8.00MB thread-reservation=0
|  |     tuple-ids=13 row-size=12B cardinality=12.64M cost=1735762980
|  |     in pipelines: 09(GETNEXT)
|  |
|  20:HASH JOIN [INNER JOIN]
|  |  hash predicates: i1.i_item_sk = ss_item_sk
|  |  fk/pk conjuncts: none
|  |  runtime filters: RF002[bloom] <- ss_item_sk, RF003[min_max] <- ss_item_sk
|  |  mem-estimate=1.94MB mem-reservation=1.94MB spill-buffer=64.00KB thread-reservation=0
|  |  tuple-ids=26,33,32 row-size=71B cardinality=10 cost=14
|  |  in pipelines: 18(GETNEXT), 06(OPEN)
|  |
|  |--08:SELECT
|  |  |  predicates: rank() < CAST(11 AS BIGINT)
|  |  |  mem-estimate=0B mem-reservation=0B thread-reservation=0
|  |  |  tuple-ids=33,32 row-size=32B cardinality=10 cost=10
|  |  |  in pipelines: 06(GETNEXT)
|  |  |
|  |  07:ANALYTIC
|  |  |  functions: rank()
|  |  |  order by: avg(ss_net_profit) ASC
|  |  |  window: RANGE BETWEEN UNBOUNDED PRECEDING AND CURRENT ROW
|  |  |  mem-estimate=4.00MB mem-reservation=4.00MB spill-buffer=2.00MB thread-reservation=0
|  |  |  tuple-ids=33,32 row-size=32B cardinality=10 cost=10
|  |  |  in pipelines: 06(GETNEXT)
|  |  |
|  |  06:TOP-N
|  |  |  order by: avg(ss_net_profit) ASC
|  |  |  limit with ties: 10
|  |  |  source expr: rank() < CAST(11 AS BIGINT)
|  |  |  mem-estimate=240B mem-reservation=0B thread-reservation=0
|  |  |  tuple-ids=33 row-size=24B cardinality=10 cost=3748329
|  |  |  in pipelines: 06(GETNEXT), 01(OPEN)
|  |  |
|  |  05:NESTED LOOP JOIN [INNER JOIN]
|  |  |  predicates: avg(ss_net_profit) > CAST(0.9 AS DECIMAL(1,1)) * avg(ss_net_profit)
|  |  |  mem-estimate=12B mem-reservation=0B thread-reservation=0
|  |  |  tuple-ids=2,6 row-size=24B cardinality=360.18K cost=73800
|  |  |  in pipelines: 01(GETNEXT), 04(OPEN)
|  |  |
|  |  |--04:CARDINALITY CHECK
|  |  |  |  limit: 1
|  |  |  |  mem-estimate=0B mem-reservation=0B thread-reservation=0
|  |  |  |  tuple-ids=6 row-size=12B cardinality=1 cost=0
|  |  |  |  in pipelines: 04(GETNEXT), 03(OPEN)
|  |  |  |
|  |  |  03:AGGREGATE [FINALIZE]
|  |  |  |  output: avg(ss_net_profit)
|  |  |  |  group by: ss_store_sk
|  |  |  |  limit: 2
|  |  |  |  mem-estimate=10.00MB mem-reservation=1.94MB spill-buffer=64.00KB thread-reservation=0
|  |  |  |  tuple-ids=6 row-size=12B cardinality=2 cost=785727
|  |  |  |  in pipelines: 03(GETNEXT), 02(OPEN)
|  |  |  |
|  |  |  02:SCAN HDFS [tpcds_partitioned_parquet_snap.store_sales]
|  |  |     HDFS partitions=1824/1824 files=1824 size=199.33MB
|  |  |     predicates: ss_addr_sk IS NULL, ss_store_sk = CAST(457 AS INT)
|  |  |     stored statistics:
|  |  |       table: rows=8.64G size=389.90GB
|  |  |       partitions: 1824/1824 rows=8.64G
|  |  |       columns: all
|  |  |     extrapolated-rows=disabled max-scan-range-rows=390.22M
|  |  |     parquet statistics predicates: ss_store_sk = CAST(457 AS INT)
|  |  |     parquet dictionary predicates: ss_store_sk = CAST(457 AS INT)
|  |  |     mem-estimate=16.00MB mem-reservation=8.00MB thread-reservation=0
|  |  |     tuple-ids=4 row-size=12B cardinality=2.68M cost=1978545159
|  |  |     in pipelines: 02(GETNEXT)
|  |  |
|  |  01:AGGREGATE [FINALIZE]
|  |  |  output: avg(ss_net_profit)
|  |  |  group by: ss_item_sk
|  |  |  mem-estimate=17.00MB mem-reservation=17.00MB spill-buffer=1.00MB thread-reservation=0
|  |  |  tuple-ids=2 row-size=12B cardinality=360.18K cost=4635035
|  |  |  in pipelines: 01(GETNEXT), 00(OPEN)
|  |  |
|  |  00:SCAN HDFS [tpcds_partitioned_parquet_snap.store_sales ss1]
|  |     HDFS partitions=1824/1824 files=1824 size=199.33MB
|  |     predicates: ss_store_sk = CAST(457 AS INT)
|  |     stored statistics:
|  |       table: rows=8.64G size=389.90GB
|  |       partitions: 1824/1824 rows=8.64G
|  |       columns: all
|  |     extrapolated-rows=disabled max-scan-range-rows=390.22M
|  |     parquet statistics predicates: ss_store_sk = CAST(457 AS INT)
|  |     parquet dictionary predicates: ss_store_sk = CAST(457 AS INT)
|  |     mem-estimate=16.00MB mem-reservation=8.00MB thread-reservation=0
|  |     tuple-ids=0 row-size=12B cardinality=12.64M cost=1735762980
|  |     in pipelines: 00(GETNEXT)
|  |
|  18:SCAN HDFS [tpcds_partitioned_parquet_snap.item i1]
|     HDFS partitions=1/1 files=1 size=1.73MB
|     runtime filters: RF003[min_max] -> i1.i_item_sk, RF002[bloom] -> i1.i_item_sk
|     stored statistics:
|       table: rows=360.00K size=33.54MB
|       columns: all
|     extrapolated-rows=disabled max-scan-range-rows=101.54K
|     mem-estimate=16.00MB mem-reservation=512.00KB thread-reservation=0
|     tuple-ids=26 row-size=39B cardinality=10(filtered from 360.00K) cost=139198
|     in pipelines: 18(GETNEXT)
|
19:SCAN HDFS [tpcds_partitioned_parquet_snap.item i2]
   HDFS partitions=1/1 files=1 size=1.73MB
   runtime filters: RF001[min_max] -> i2.i_item_sk, RF000[bloom] -> i2.i_item_sk
   stored statistics:
     table: rows=360.00K size=33.54MB
     columns: all
   extrapolated-rows=disabled max-scan-range-rows=101.54K
   mem-estimate=16.00MB mem-reservation=512.00KB thread-reservation=0
   tuple-ids=27 row-size=39B cardinality=10(filtered from 360.00K) cost=139198
   in pipelines: 19(GETNEXT)
---- DISTRIBUTEDPLAN
Max Per-Host Resource Reservation: Memory=534.56MB Threads=64
Per-Host Resource Estimates: Memory=1.35GB
F14:PLAN FRAGMENT [UNPARTITIONED] hosts=1 instances=1
|  Per-Instance Resources: mem-estimate=4.02MB mem-reservation=4.00MB thread-reservation=1
|  max-parallelism=1 segment-costs=[34] cpu-comparison-result=480 [max(1 (self) vs 480 (sum children))]
PLAN-ROOT SINK
|  output exprs: rnk, i_product_name, i_product_name
|  mem-estimate=4.00MB mem-reservation=4.00MB spill-buffer=2.00MB thread-reservation=0 cost=30
|
43:MERGING-EXCHANGE [UNPARTITIONED]
|  order by: rnk ASC
|  limit: 100
|  mem-estimate=16.00KB mem-reservation=0B thread-reservation=0
|  tuple-ids=28 row-size=78B cardinality=10 cost=4
|  in pipelines: 23(GETNEXT)
|
F00:PLAN FRAGMENT [RANDOM] hosts=4 instances=4
Per-Host Shared Resources: mem-estimate=1.00MB mem-reservation=1.00MB thread-reservation=0 runtime-filters-memory=1.00MB
Per-Instance Resources: mem-estimate=16.00MB mem-reservation=512.00KB thread-reservation=1
max-parallelism=4 segment-costs=[231557, 23] cpu-comparison-result=480 [max(4 (self) vs 480 (sum children))]
23:TOP-N [LIMIT=100]
|  order by: rnk ASC
|  mem-estimate=778B mem-reservation=0B thread-reservation=0
|  tuple-ids=28 row-size=78B cardinality=10 cost=18
|  in pipelines: 23(GETNEXT), 19(OPEN)
|
22:HASH JOIN [INNER JOIN, BROADCAST]
|  hash-table-id=00
|  hash predicates: i2.i_item_sk = ss_item_sk
|  fk/pk conjuncts: i2.i_item_sk = ss_item_sk
|  mem-estimate=0B mem-reservation=0B spill-buffer=64.00KB thread-reservation=0
|  tuple-ids=27,39,38,26,33,32 row-size=142B cardinality=10 cost=92341
|  in pipelines: 19(GETNEXT), 31(OPEN)
|
|--F15:PLAN FRAGMENT [RANDOM] hosts=4 instances=4
|  |  Per-Instance Resources: mem-estimate=2.95MB mem-reservation=2.94MB thread-reservation=1 runtime-filters-memory=1.00MB
|  |  max-parallelism=4 segment-costs=[14] cpu-comparison-result=480 [max(4 (self) vs 480 (sum children))]
|  JOIN BUILD
|  |  join-table-id=00 plan-id=01 cohort-id=01
|  |  build expressions: ss_item_sk
|  |  runtime filters: RF000[bloom] <- ss_item_sk, RF001[min_max] <- ss_item_sk
|  |  mem-estimate=1.94MB mem-reservation=1.94MB spill-buffer=64.00KB thread-reservation=0 cost=10
|  |
|  42:EXCHANGE [BROADCAST]
|  |  mem-estimate=16.00KB mem-reservation=0B thread-reservation=0
|  |  tuple-ids=39,38,26,33,32 row-size=103B cardinality=10 cost=4
|  |  in pipelines: 31(GETNEXT)
|  |
|  F06:PLAN FRAGMENT [UNPARTITIONED] hosts=1 instances=1
|  Per-Instance Resources: mem-estimate=4.48MB mem-reservation=4.00MB thread-reservation=1
|  max-parallelism=1 segment-costs=[20, 27] cpu-comparison-result=480 [max(1 (self) vs 480 (sum children))]
|  21:HASH JOIN [INNER JOIN, BROADCAST]
|  |  hash-table-id=01
|  |  hash predicates: rank() = rank()
|  |  fk/pk conjuncts: assumed fk/pk
|  |  mem-estimate=0B mem-reservation=0B spill-buffer=64.00KB thread-reservation=0
|  |  tuple-ids=39,38,26,33,32 row-size=103B cardinality=10 cost=4
|  |  in pipelines: 31(GETNEXT), 18(OPEN)
|  |
|  |--F16:PLAN FRAGMENT [UNPARTITIONED] hosts=1 instances=1
|  |  |  Per-Instance Resources: mem-estimate=1.95MB mem-reservation=1.94MB thread-reservation=1
|  |  |  max-parallelism=1 segment-costs=[15] cpu-comparison-result=240 [max(5 (self) vs 240 (sum children))]
|  |  JOIN BUILD
|  |  |  join-table-id=01 plan-id=02 cohort-id=02
|  |  |  build expressions: rank()
|  |  |  mem-estimate=1.94MB mem-reservation=1.94MB spill-buffer=64.00KB thread-reservation=0 cost=10
|  |  |
|  |  41:EXCHANGE [UNPARTITIONED]
|  |  |  mem-estimate=16.00KB mem-reservation=0B thread-reservation=0
|  |  |  tuple-ids=26,33,32 row-size=71B cardinality=10 cost=5
|  |  |  in pipelines: 18(GETNEXT)
|  |  |
|  |  F07:PLAN FRAGMENT [RANDOM] hosts=4 instances=4
|  |  Per-Host Shared Resources: mem-estimate=1.00MB mem-reservation=1.00MB thread-reservation=0 runtime-filters-memory=1.00MB
|  |  Per-Instance Resources: mem-estimate=16.32MB mem-reservation=512.00KB thread-reservation=1
|  |  max-parallelism=4 segment-costs=[231600]
|  |  20:HASH JOIN [INNER JOIN, BROADCAST]
|  |  |  hash-table-id=02
|  |  |  hash predicates: i1.i_item_sk = ss_item_sk
|  |  |  fk/pk conjuncts: none
|  |  |  mem-estimate=0B mem-reservation=0B spill-buffer=64.00KB thread-reservation=0
|  |  |  tuple-ids=26,33,32 row-size=71B cardinality=10 cost=92341
|  |  |  in pipelines: 18(GETNEXT), 39(OPEN)
|  |  |
|  |  |--F17:PLAN FRAGMENT [RANDOM] hosts=4 instances=4
|  |  |  |  Per-Instance Resources: mem-estimate=2.95MB mem-reservation=2.94MB thread-reservation=1 runtime-filters-memory=1.00MB
|  |  |  |  max-parallelism=4 segment-costs=[14] cpu-comparison-result=240 [max(4 (self) vs 240 (sum children))]
|  |  |  JOIN BUILD
|  |  |  |  join-table-id=02 plan-id=03 cohort-id=03
|  |  |  |  build expressions: ss_item_sk
|  |  |  |  runtime filters: RF002[bloom] <- ss_item_sk, RF003[min_max] <- ss_item_sk
|  |  |  |  mem-estimate=1.94MB mem-reservation=1.94MB spill-buffer=64.00KB thread-reservation=0 cost=10
|  |  |  |
|  |  |  40:EXCHANGE [BROADCAST]
|  |  |  |  mem-estimate=16.00KB mem-reservation=0B thread-reservation=0
|  |  |  |  tuple-ids=33,32 row-size=32B cardinality=10 cost=4
|  |  |  |  in pipelines: 39(GETNEXT)
|  |  |  |
|  |  |  F13:PLAN FRAGMENT [UNPARTITIONED] hosts=1 instances=1
|  |  |  Per-Instance Resources: mem-estimate=4.16MB mem-reservation=4.00MB thread-reservation=1
|  |  |  max-parallelism=1 segment-costs=[20, 21] cpu-comparison-result=240 [max(1 (self) vs 240 (sum children))]
|  |  |  08:SELECT
|  |  |  |  predicates: rank() < CAST(11 AS BIGINT)
|  |  |  |  mem-estimate=0B mem-reservation=0B thread-reservation=0
|  |  |  |  tuple-ids=33,32 row-size=32B cardinality=10 cost=10
|  |  |  |  in pipelines: 39(GETNEXT)
|  |  |  |
|  |  |  07:ANALYTIC
|  |  |  |  functions: rank()
|  |  |  |  order by: avg(ss_net_profit) ASC
|  |  |  |  window: RANGE BETWEEN UNBOUNDED PRECEDING AND CURRENT ROW
|  |  |  |  mem-estimate=4.00MB mem-reservation=4.00MB spill-buffer=2.00MB thread-reservation=0
|  |  |  |  tuple-ids=33,32 row-size=32B cardinality=10 cost=10
|  |  |  |  in pipelines: 39(GETNEXT)
|  |  |  |
|  |  |  39:TOP-N
|  |  |  |  order by: avg(ss_net_profit) ASC
|  |  |  |  limit with ties: 10
|  |  |  |  mem-estimate=240B mem-reservation=0B thread-reservation=0
|  |  |  |  tuple-ids=33 row-size=24B cardinality=10 cost=18
|  |  |  |  in pipelines: 39(GETNEXT), 06(OPEN)
|  |  |  |
|  |  |  38:EXCHANGE [UNPARTITIONED]
|  |  |  |  mem-estimate=16.00KB mem-reservation=0B thread-reservation=0
|  |  |  |  tuple-ids=33 row-size=24B cardinality=10 cost=2
|  |  |  |  in pipelines: 06(GETNEXT)
|  |  |  |
|  |  |  F09:PLAN FRAGMENT [HASH(ss_item_sk)] hosts=10 instances=10 (adjusted from 120)
|  |  |  Per-Instance Resources: mem-estimate=12.29MB mem-reservation=1.94MB thread-reservation=1
|  |  |  max-parallelism=10 segment-costs=[1100400, 3822129, 20] cpu-comparison-result=240 [max(10 (self) vs 240 (sum children))]
|  |  |  06:TOP-N
|  |  |  |  order by: avg(ss_net_profit) ASC
|  |  |  |  limit with ties: 10
|  |  |  |  source expr: rank() < CAST(11 AS BIGINT)
|  |  |  |  mem-estimate=240B mem-reservation=0B thread-reservation=0
|  |  |  |  tuple-ids=33 row-size=24B cardinality=10 cost=3748329
|  |  |  |  in pipelines: 06(GETNEXT), 33(OPEN)
|  |  |  |
|  |  |  05:NESTED LOOP JOIN [INNER JOIN, BROADCAST]
|  |  |  |  join table id: 03
|  |  |  |  predicates: avg(ss_net_profit) > CAST(0.9 AS DECIMAL(1,1)) * avg(ss_net_profit)
|  |  |  |  mem-estimate=0B mem-reservation=0B thread-reservation=0
|  |  |  |  tuple-ids=2,6 row-size=24B cardinality=360.18K cost=73800
|  |  |  |  in pipelines: 33(GETNEXT), 04(OPEN)
|  |  |  |
|  |  |  |--F18:PLAN FRAGMENT [HASH(ss_item_sk)] hosts=10 instances=10
|  |  |  |  |  Per-Instance Resources: mem-estimate=16.01KB mem-reservation=0B thread-reservation=1
|  |  |  |  |  max-parallelism=10 segment-costs=[0] cpu-comparison-result=120 [max(10 (self) vs 120 (sum children))]
|  |  |  |  JOIN BUILD
|  |  |  |  |  join-table-id=03 plan-id=04 cohort-id=04
|  |  |  |  |  mem-estimate=12B mem-reservation=0B thread-reservation=0 cost=0
|  |  |  |  |
|  |  |  |  37:EXCHANGE [BROADCAST]
|  |  |  |  |  mem-estimate=16.00KB mem-reservation=0B thread-reservation=0
|  |  |  |  |  tuple-ids=6 row-size=12B cardinality=1 cost=0
|  |  |  |  |  in pipelines: 04(GETNEXT)
|  |  |  |  |
|  |  |  |  F12:PLAN FRAGMENT [UNPARTITIONED] hosts=1 instances=1
|  |  |  |  Per-Instance Resources: mem-estimate=64.00KB mem-reservation=0B thread-reservation=1
|  |  |  |  max-parallelism=1 segment-costs=[0, 0] cpu-comparison-result=120 [max(1 (self) vs 120 (sum children))]
|  |  |  |  04:CARDINALITY CHECK
|  |  |  |  |  limit: 1
|  |  |  |  |  mem-estimate=0B mem-reservation=0B thread-reservation=0
|  |  |  |  |  tuple-ids=6 row-size=12B cardinality=1 cost=0
|  |  |  |  |  in pipelines: 04(GETNEXT), 35(OPEN)
|  |  |  |  |
|  |  |  |  36:EXCHANGE [UNPARTITIONED]
|  |  |  |  |  limit: 2
|  |  |  |  |  mem-estimate=16.00KB mem-reservation=0B thread-reservation=0
|  |  |  |  |  tuple-ids=6 row-size=12B cardinality=2 cost=0
|  |  |  |  |  in pipelines: 35(GETNEXT)
|  |  |  |  |
|  |  |  |  F11:PLAN FRAGMENT [HASH(ss_store_sk)] hosts=10 instances=10 (adjusted from 120)
|  |  |  |  Per-Instance Resources: mem-estimate=11.20MB mem-reservation=1.94MB thread-reservation=1
|  |  |  |  max-parallelism=10 segment-costs=[1863, 2] cpu-comparison-result=120 [max(10 (self) vs 120 (sum children))]
|  |  |  |  35:AGGREGATE [FINALIZE]
|  |  |  |  |  output: avg:merge(ss_net_profit)
|  |  |  |  |  group by: ss_store_sk
|  |  |  |  |  limit: 2
|  |  |  |  |  mem-estimate=10.00MB mem-reservation=1.94MB spill-buffer=64.00KB thread-reservation=0
|  |  |  |  |  tuple-ids=6 row-size=12B cardinality=2 cost=1755
|  |  |  |  |  in pipelines: 35(GETNEXT), 02(OPEN)
|  |  |  |  |
|  |  |  |  34:EXCHANGE [HASH(ss_store_sk)]
|  |  |  |  |  mem-estimate=1.20MB mem-reservation=0B thread-reservation=0
|  |  |  |  |  tuple-ids=5 row-size=12B cardinality=653 cost=108
|  |  |  |  |  in pipelines: 02(GETNEXT)
|  |  |  |  |
|  |  |  |  F10:PLAN FRAGMENT [RANDOM] hosts=10 instances=120
|  |  |  |  Per-Instance Resources: mem-estimate=26.62MB mem-reservation=10.00MB thread-reservation=1
|  |  |  |  max-parallelism=200 segment-costs=[1979533171, 841]
|  |  |  |  03:AGGREGATE [STREAMING]
|  |  |  |  |  output: avg(ss_net_profit)
|  |  |  |  |  group by: ss_store_sk
|  |  |  |  |  mem-estimate=10.00MB mem-reservation=2.00MB spill-buffer=64.00KB thread-reservation=0
|  |  |  |  |  tuple-ids=5 row-size=12B cardinality=653 cost=988012
|  |  |  |  |  in pipelines: 02(GETNEXT)
|  |  |  |  |
|  |  |  |  02:SCAN HDFS [tpcds_partitioned_parquet_snap.store_sales, RANDOM]
|  |  |  |     HDFS partitions=1824/1824 files=1824 size=199.33MB
|  |  |  |     predicates: ss_addr_sk IS NULL, ss_store_sk = CAST(457 AS INT)
|  |  |  |     stored statistics:
|  |  |  |       table: rows=8.64G size=389.90GB
|  |  |  |       partitions: 1824/1824 rows=8.64G
|  |  |  |       columns: all
|  |  |  |     extrapolated-rows=disabled max-scan-range-rows=390.22M
|  |  |  |     parquet statistics predicates: ss_store_sk = CAST(457 AS INT)
|  |  |  |     parquet dictionary predicates: ss_store_sk = CAST(457 AS INT)
|  |  |  |     mem-estimate=16.00MB mem-reservation=8.00MB thread-reservation=0
|  |  |  |     tuple-ids=4 row-size=12B cardinality=2.68M cost=1978545159
|  |  |  |     in pipelines: 02(GETNEXT)
|  |  |  |
|  |  |  33:AGGREGATE [FINALIZE]
|  |  |  |  output: avg:merge(ss_net_profit)
|  |  |  |  group by: ss_item_sk
|  |  |  |  mem-estimate=10.00MB mem-reservation=1.94MB spill-buffer=64.00KB thread-reservation=0
|  |  |  |  tuple-ids=2 row-size=12B cardinality=360.18K cost=1040503
|  |  |  |  in pipelines: 33(GETNEXT), 00(OPEN)
|  |  |  |
|  |  |  32:EXCHANGE [HASH(ss_item_sk)]
|  |  |  |  mem-estimate=2.29MB mem-reservation=0B thread-reservation=0
|  |  |  |  tuple-ids=1 row-size=12B cardinality=360.18K cost=59897
|  |  |  |  in pipelines: 00(GETNEXT)
|  |  |  |
|  |  |  F08:PLAN FRAGMENT [RANDOM] hosts=10 instances=120
|  |  |  Per-Instance Resources: mem-estimate=26.62MB mem-reservation=11.00MB thread-reservation=1
|  |  |  max-parallelism=180 segment-costs=[1768024378, 463911]
|  |  |  01:AGGREGATE [STREAMING]
|  |  |  |  output: avg(ss_net_profit)
|  |  |  |  group by: ss_item_sk
|  |  |  |  mem-estimate=10.00MB mem-reservation=3.00MB spill-buffer=128.00KB thread-reservation=0
|  |  |  |  tuple-ids=1 row-size=12B cardinality=360.18K cost=32261398
|  |  |  |  in pipelines: 00(GETNEXT)
|  |  |  |
|  |  |  00:SCAN HDFS [tpcds_partitioned_parquet_snap.store_sales ss1, RANDOM]
|  |  |     HDFS partitions=1824/1824 files=1824 size=199.33MB
|  |  |     predicates: ss_store_sk = CAST(457 AS INT)
|  |  |     stored statistics:
|  |  |       table: rows=8.64G size=389.90GB
|  |  |       partitions: 1824/1824 rows=8.64G
|  |  |       columns: all
|  |  |     extrapolated-rows=disabled max-scan-range-rows=390.22M
|  |  |     parquet statistics predicates: ss_store_sk = CAST(457 AS INT)
|  |  |     parquet dictionary predicates: ss_store_sk = CAST(457 AS INT)
|  |  |     mem-estimate=16.00MB mem-reservation=8.00MB thread-reservation=0
|  |  |     tuple-ids=0 row-size=12B cardinality=12.64M cost=1735762980
|  |  |     in pipelines: 00(GETNEXT)
|  |  |
|  |  18:SCAN HDFS [tpcds_partitioned_parquet_snap.item i1, RANDOM]
|  |     HDFS partitions=1/1 files=1 size=1.73MB
|  |     runtime filters: RF003[min_max] -> i1.i_item_sk, RF002[bloom] -> i1.i_item_sk
|  |     stored statistics:
|  |       table: rows=360.00K size=33.54MB
|  |       columns: all
|  |     extrapolated-rows=disabled max-scan-range-rows=101.54K
|  |     mem-estimate=16.00MB mem-reservation=512.00KB thread-reservation=0
|  |     tuple-ids=26 row-size=39B cardinality=360.00K cost=139198
|  |     in pipelines: 18(GETNEXT)
|  |
|  17:SELECT
|  |  predicates: rank() < CAST(11 AS BIGINT)
|  |  mem-estimate=0B mem-reservation=0B thread-reservation=0
|  |  tuple-ids=39,38 row-size=32B cardinality=10 cost=10
|  |  in pipelines: 31(GETNEXT)
|  |
|  16:ANALYTIC
|  |  functions: rank()
|  |  order by: avg(ss_net_profit) DESC
|  |  window: RANGE BETWEEN UNBOUNDED PRECEDING AND CURRENT ROW
|  |  mem-estimate=4.00MB mem-reservation=4.00MB spill-buffer=2.00MB thread-reservation=0
|  |  tuple-ids=39,38 row-size=32B cardinality=10 cost=10
|  |  in pipelines: 31(GETNEXT)
|  |
|  31:TOP-N
|  |  order by: avg(ss_net_profit) DESC
|  |  limit with ties: 10
|  |  mem-estimate=240B mem-reservation=0B thread-reservation=0
|  |  tuple-ids=39 row-size=24B cardinality=10 cost=18
|  |  in pipelines: 31(GETNEXT), 15(OPEN)
|  |
|  30:EXCHANGE [UNPARTITIONED]
|  |  mem-estimate=16.00KB mem-reservation=0B thread-reservation=0
|  |  tuple-ids=39 row-size=24B cardinality=10 cost=2
|  |  in pipelines: 15(GETNEXT)
|  |
|  F02:PLAN FRAGMENT [HASH(ss_item_sk)] hosts=10 instances=10 (adjusted from 120)
|  Per-Instance Resources: mem-estimate=12.29MB mem-reservation=1.94MB thread-reservation=1
|  max-parallelism=10 segment-costs=[1100400, 3822129, 20] cpu-comparison-result=240 [max(10 (self) vs 240 (sum children))]
|  15:TOP-N
|  |  order by: avg(ss_net_profit) DESC
|  |  limit with ties: 10
|  |  source expr: rank() < CAST(11 AS BIGINT)
|  |  mem-estimate=240B mem-reservation=0B thread-reservation=0
|  |  tuple-ids=39 row-size=24B cardinality=10 cost=3748329
|  |  in pipelines: 15(GETNEXT), 25(OPEN)
|  |
|  14:NESTED LOOP JOIN [INNER JOIN, BROADCAST]
|  |  join table id: 04
|  |  predicates: avg(ss_net_profit) > CAST(0.9 AS DECIMAL(1,1)) * avg(ss_net_profit)
|  |  mem-estimate=0B mem-reservation=0B thread-reservation=0
|  |  tuple-ids=15,19 row-size=24B cardinality=360.18K cost=73800
|  |  in pipelines: 25(GETNEXT), 13(OPEN)
|  |
|  |--F19:PLAN FRAGMENT [HASH(ss_item_sk)] hosts=10 instances=10
|  |  |  Per-Instance Resources: mem-estimate=16.01KB mem-reservation=0B thread-reservation=1
|  |  |  max-parallelism=10 segment-costs=[0] cpu-comparison-result=120 [max(10 (self) vs 120 (sum children))]
|  |  JOIN BUILD
|  |  |  join-table-id=04 plan-id=05 cohort-id=02
|  |  |  mem-estimate=12B mem-reservation=0B thread-reservation=0 cost=0
|  |  |
|  |  29:EXCHANGE [BROADCAST]
|  |  |  mem-estimate=16.00KB mem-reservation=0B thread-reservation=0
|  |  |  tuple-ids=19 row-size=12B cardinality=1 cost=0
|  |  |  in pipelines: 13(GETNEXT)
|  |  |
|  |  F05:PLAN FRAGMENT [UNPARTITIONED] hosts=1 instances=1
|  |  Per-Instance Resources: mem-estimate=64.00KB mem-reservation=0B thread-reservation=1
|  |  max-parallelism=1 segment-costs=[0, 0] cpu-comparison-result=120 [max(1 (self) vs 120 (sum children))]
|  |  13:CARDINALITY CHECK
|  |  |  limit: 1
|  |  |  mem-estimate=0B mem-reservation=0B thread-reservation=0
|  |  |  tuple-ids=19 row-size=12B cardinality=1 cost=0
|  |  |  in pipelines: 13(GETNEXT), 27(OPEN)
|  |  |
|  |  28:EXCHANGE [UNPARTITIONED]
|  |  |  limit: 2
|  |  |  mem-estimate=16.00KB mem-reservation=0B thread-reservation=0
|  |  |  tuple-ids=19 row-size=12B cardinality=2 cost=0
|  |  |  in pipelines: 27(GETNEXT)
|  |  |
|  |  F04:PLAN FRAGMENT [HASH(ss_store_sk)] hosts=10 instances=10 (adjusted from 120)
|  |  Per-Instance Resources: mem-estimate=11.20MB mem-reservation=1.94MB thread-reservation=1
|  |  max-parallelism=10 segment-costs=[1863, 2] cpu-comparison-result=120 [max(10 (self) vs 120 (sum children))]
|  |  27:AGGREGATE [FINALIZE]
|  |  |  output: avg:merge(ss_net_profit)
|  |  |  group by: ss_store_sk
|  |  |  limit: 2
|  |  |  mem-estimate=10.00MB mem-reservation=1.94MB spill-buffer=64.00KB thread-reservation=0
|  |  |  tuple-ids=19 row-size=12B cardinality=2 cost=1755
|  |  |  in pipelines: 27(GETNEXT), 11(OPEN)
|  |  |
|  |  26:EXCHANGE [HASH(ss_store_sk)]
|  |  |  mem-estimate=1.20MB mem-reservation=0B thread-reservation=0
|  |  |  tuple-ids=18 row-size=12B cardinality=653 cost=108
|  |  |  in pipelines: 11(GETNEXT)
|  |  |
|  |  F03:PLAN FRAGMENT [RANDOM] hosts=10 instances=120
|  |  Per-Instance Resources: mem-estimate=26.62MB mem-reservation=10.00MB thread-reservation=1
|  |  max-parallelism=200 segment-costs=[1979533171, 841]
|  |  12:AGGREGATE [STREAMING]
|  |  |  output: avg(ss_net_profit)
|  |  |  group by: ss_store_sk
|  |  |  mem-estimate=10.00MB mem-reservation=2.00MB spill-buffer=64.00KB thread-reservation=0
|  |  |  tuple-ids=18 row-size=12B cardinality=653 cost=988012
|  |  |  in pipelines: 11(GETNEXT)
|  |  |
|  |  11:SCAN HDFS [tpcds_partitioned_parquet_snap.store_sales, RANDOM]
|  |     HDFS partitions=1824/1824 files=1824 size=199.33MB
|  |     predicates: ss_addr_sk IS NULL, ss_store_sk = CAST(457 AS INT)
|  |     stored statistics:
|  |       table: rows=8.64G size=389.90GB
|  |       partitions: 1824/1824 rows=8.64G
|  |       columns: all
|  |     extrapolated-rows=disabled max-scan-range-rows=390.22M
|  |     parquet statistics predicates: ss_store_sk = CAST(457 AS INT)
|  |     parquet dictionary predicates: ss_store_sk = CAST(457 AS INT)
|  |     mem-estimate=16.00MB mem-reservation=8.00MB thread-reservation=0
|  |     tuple-ids=17 row-size=12B cardinality=2.68M cost=1978545159
|  |     in pipelines: 11(GETNEXT)
|  |
|  25:AGGREGATE [FINALIZE]
|  |  output: avg:merge(ss_net_profit)
|  |  group by: ss_item_sk
|  |  mem-estimate=10.00MB mem-reservation=1.94MB spill-buffer=64.00KB thread-reservation=0
|  |  tuple-ids=15 row-size=12B cardinality=360.18K cost=1040503
|  |  in pipelines: 25(GETNEXT), 09(OPEN)
|  |
|  24:EXCHANGE [HASH(ss_item_sk)]
|  |  mem-estimate=2.29MB mem-reservation=0B thread-reservation=0
|  |  tuple-ids=14 row-size=12B cardinality=360.18K cost=59897
|  |  in pipelines: 09(GETNEXT)
|  |
|  F01:PLAN FRAGMENT [RANDOM] hosts=10 instances=120
|  Per-Instance Resources: mem-estimate=26.62MB mem-reservation=11.00MB thread-reservation=1
|  max-parallelism=180 segment-costs=[1768024378, 463911]
|  10:AGGREGATE [STREAMING]
|  |  output: avg(ss_net_profit)
|  |  group by: ss_item_sk
|  |  mem-estimate=10.00MB mem-reservation=3.00MB spill-buffer=128.00KB thread-reservation=0
|  |  tuple-ids=14 row-size=12B cardinality=360.18K cost=32261398
|  |  in pipelines: 09(GETNEXT)
|  |
|  09:SCAN HDFS [tpcds_partitioned_parquet_snap.store_sales ss1, RANDOM]
|     HDFS partitions=1824/1824 files=1824 size=199.33MB
|     predicates: ss_store_sk = CAST(457 AS INT)
|     stored statistics:
|       table: rows=8.64G size=389.90GB
|       partitions: 1824/1824 rows=8.64G
|       columns: all
|     extrapolated-rows=disabled max-scan-range-rows=390.22M
|     parquet statistics predicates: ss_store_sk = CAST(457 AS INT)
|     parquet dictionary predicates: ss_store_sk = CAST(457 AS INT)
|     mem-estimate=16.00MB mem-reservation=8.00MB thread-reservation=0
|     tuple-ids=13 row-size=12B cardinality=12.64M cost=1735762980
|     in pipelines: 09(GETNEXT)
|
19:SCAN HDFS [tpcds_partitioned_parquet_snap.item i2, RANDOM]
   HDFS partitions=1/1 files=1 size=1.73MB
   runtime filters: RF001[min_max] -> i2.i_item_sk, RF000[bloom] -> i2.i_item_sk
   stored statistics:
     table: rows=360.00K size=33.54MB
     columns: all
   extrapolated-rows=disabled max-scan-range-rows=101.54K
   mem-estimate=16.00MB mem-reservation=512.00KB thread-reservation=0
   tuple-ids=27 row-size=39B cardinality=360.00K cost=139198
   in pipelines: 19(GETNEXT)
---- PARALLELPLANS
Max Per-Host Resource Reservation: Memory=534.56MB Threads=65
Per-Host Resource Estimates: Memory=1.35GB
F15:PLAN FRAGMENT [UNPARTITIONED] hosts=1 instances=1
|  Per-Instance Resources: mem-estimate=4.02MB mem-reservation=4.00MB thread-reservation=1
|  max-parallelism=1 segment-costs=[34] cpu-comparison-result=480 [max(1 (self) vs 480 (sum children))]
PLAN-ROOT SINK
|  output exprs: rnk, i_product_name, i_product_name
|  mem-estimate=4.00MB mem-reservation=4.00MB spill-buffer=2.00MB thread-reservation=0 cost=30
|
44:MERGING-EXCHANGE [UNPARTITIONED]
|  order by: rnk ASC
|  limit: 100
|  mem-estimate=16.00KB mem-reservation=0B thread-reservation=0
|  tuple-ids=28 row-size=78B cardinality=10 cost=4
|  in pipelines: 23(GETNEXT)
|
F00:PLAN FRAGMENT [RANDOM] hosts=4 instances=4
Per-Host Shared Resources: mem-estimate=1.00MB mem-reservation=1.00MB thread-reservation=0 runtime-filters-memory=1.00MB
Per-Instance Resources: mem-estimate=16.00MB mem-reservation=512.00KB thread-reservation=1
max-parallelism=4 segment-costs=[231557, 23] cpu-comparison-result=480 [max(4 (self) vs 480 (sum children))]
23:TOP-N [LIMIT=100]
|  order by: rnk ASC
|  mem-estimate=778B mem-reservation=0B thread-reservation=0
|  tuple-ids=28 row-size=78B cardinality=10 cost=18
|  in pipelines: 23(GETNEXT), 19(OPEN)
|
22:HASH JOIN [INNER JOIN, BROADCAST]
|  hash-table-id=00
|  hash predicates: i2.i_item_sk = ss_item_sk
|  fk/pk conjuncts: i2.i_item_sk = ss_item_sk
|  mem-estimate=0B mem-reservation=0B spill-buffer=64.00KB thread-reservation=0
|  tuple-ids=27,39,38,26,33,32 row-size=142B cardinality=10 cost=92341
|  in pipelines: 19(GETNEXT), 31(OPEN)
|
|--F16:PLAN FRAGMENT [RANDOM] hosts=4 instances=4
|  |  Per-Instance Resources: mem-estimate=2.95MB mem-reservation=2.94MB thread-reservation=1 runtime-filters-memory=1.00MB
|  |  max-parallelism=4 segment-costs=[14] cpu-comparison-result=480 [max(14 (self) vs 480 (sum children))]
|  JOIN BUILD
|  |  join-table-id=00 plan-id=01 cohort-id=01
|  |  build expressions: ss_item_sk
|  |  runtime filters: RF000[bloom] <- ss_item_sk, RF001[min_max] <- ss_item_sk
|  |  mem-estimate=1.94MB mem-reservation=1.94MB spill-buffer=64.00KB thread-reservation=0 cost=10
|  |
|  43:EXCHANGE [BROADCAST]
|  |  mem-estimate=16.00KB mem-reservation=0B thread-reservation=0
|  |  tuple-ids=39,38,26,33,32 row-size=103B cardinality=10 cost=4
|  |  in pipelines: 31(GETNEXT)
|  |
|  F14:PLAN FRAGMENT [HASH(rank())] hosts=10 instances=10 (adjusted from 120)
|  Per-Instance Resources: mem-estimate=507.41KB mem-reservation=0B thread-reservation=1
|  max-parallelism=10 segment-costs=[9]
|  21:HASH JOIN [INNER JOIN, PARTITIONED]
|  |  hash-table-id=01
|  |  hash predicates: rank() = rank()
|  |  fk/pk conjuncts: assumed fk/pk
|  |  mem-estimate=0B mem-reservation=0B spill-buffer=64.00KB thread-reservation=0
|  |  tuple-ids=39,38,26,33,32 row-size=103B cardinality=10 cost=4
|  |  in pipelines: 31(GETNEXT), 18(OPEN)
|  |
|  |--F17:PLAN FRAGMENT [HASH(rank())] hosts=10 instances=10 (adjusted from 120)
|  |  |  Per-Instance Resources: mem-estimate=1.95MB mem-reservation=1.94MB thread-reservation=1
|  |  |  max-parallelism=10 segment-costs=[15] cpu-comparison-result=240 [max(14 (self) vs 240 (sum children))]
|  |  JOIN BUILD
|  |  |  join-table-id=01 plan-id=02 cohort-id=02
|  |  |  build expressions: rank()
|  |  |  mem-estimate=1.94MB mem-reservation=1.94MB spill-buffer=64.00KB thread-reservation=0 cost=10
|  |  |
|  |  42:EXCHANGE [HASH(rank())]
|  |  |  mem-estimate=16.00KB mem-reservation=0B thread-reservation=0
|  |  |  tuple-ids=26,33,32 row-size=71B cardinality=10 cost=5
|  |  |  in pipelines: 18(GETNEXT)
|  |  |
|  |  F07:PLAN FRAGMENT [RANDOM] hosts=4 instances=4
|  |  Per-Host Shared Resources: mem-estimate=1.00MB mem-reservation=1.00MB thread-reservation=0 runtime-filters-memory=1.00MB
|  |  Per-Instance Resources: mem-estimate=19.24MB mem-reservation=512.00KB thread-reservation=1
|  |  max-parallelism=4 segment-costs=[231600]
|  |  20:HASH JOIN [INNER JOIN, BROADCAST]
|  |  |  hash-table-id=02
|  |  |  hash predicates: i1.i_item_sk = ss_item_sk
|  |  |  fk/pk conjuncts: none
|  |  |  mem-estimate=0B mem-reservation=0B spill-buffer=64.00KB thread-reservation=0
|  |  |  tuple-ids=26,33,32 row-size=71B cardinality=10 cost=92341
|  |  |  in pipelines: 18(GETNEXT), 39(OPEN)
|  |  |
|  |  |--F18:PLAN FRAGMENT [RANDOM] hosts=4 instances=4
|  |  |  |  Per-Instance Resources: mem-estimate=2.95MB mem-reservation=2.94MB thread-reservation=1 runtime-filters-memory=1.00MB
|  |  |  |  max-parallelism=4 segment-costs=[14] cpu-comparison-result=240 [max(4 (self) vs 240 (sum children))]
|  |  |  JOIN BUILD
|  |  |  |  join-table-id=02 plan-id=03 cohort-id=03
|  |  |  |  build expressions: ss_item_sk
|  |  |  |  runtime filters: RF002[bloom] <- ss_item_sk, RF003[min_max] <- ss_item_sk
|  |  |  |  mem-estimate=1.94MB mem-reservation=1.94MB spill-buffer=64.00KB thread-reservation=0 cost=10
|  |  |  |
|  |  |  40:EXCHANGE [BROADCAST]
|  |  |  |  mem-estimate=16.00KB mem-reservation=0B thread-reservation=0
|  |  |  |  tuple-ids=33,32 row-size=32B cardinality=10 cost=4
|  |  |  |  in pipelines: 39(GETNEXT)
|  |  |  |
|  |  |  F13:PLAN FRAGMENT [UNPARTITIONED] hosts=1 instances=1
|  |  |  Per-Instance Resources: mem-estimate=4.16MB mem-reservation=4.00MB thread-reservation=1
|  |  |  max-parallelism=1 segment-costs=[20, 21] cpu-comparison-result=240 [max(1 (self) vs 240 (sum children))]
|  |  |  08:SELECT
|  |  |  |  predicates: rank() < CAST(11 AS BIGINT)
|  |  |  |  mem-estimate=0B mem-reservation=0B thread-reservation=0
|  |  |  |  tuple-ids=33,32 row-size=32B cardinality=10 cost=10
|  |  |  |  in pipelines: 39(GETNEXT)
|  |  |  |
|  |  |  07:ANALYTIC
|  |  |  |  functions: rank()
|  |  |  |  order by: avg(ss_net_profit) ASC
|  |  |  |  window: RANGE BETWEEN UNBOUNDED PRECEDING AND CURRENT ROW
|  |  |  |  mem-estimate=4.00MB mem-reservation=4.00MB spill-buffer=2.00MB thread-reservation=0
|  |  |  |  tuple-ids=33,32 row-size=32B cardinality=10 cost=10
|  |  |  |  in pipelines: 39(GETNEXT)
|  |  |  |
|  |  |  39:TOP-N
|  |  |  |  order by: avg(ss_net_profit) ASC
|  |  |  |  limit with ties: 10
|  |  |  |  mem-estimate=240B mem-reservation=0B thread-reservation=0
|  |  |  |  tuple-ids=33 row-size=24B cardinality=10 cost=18
|  |  |  |  in pipelines: 39(GETNEXT), 06(OPEN)
|  |  |  |
|  |  |  38:EXCHANGE [UNPARTITIONED]
|  |  |  |  mem-estimate=16.00KB mem-reservation=0B thread-reservation=0
|  |  |  |  tuple-ids=33 row-size=24B cardinality=10 cost=2
|  |  |  |  in pipelines: 06(GETNEXT)
|  |  |  |
|  |  |  F09:PLAN FRAGMENT [HASH(ss_item_sk)] hosts=10 instances=10 (adjusted from 120)
|  |  |  Per-Instance Resources: mem-estimate=12.29MB mem-reservation=1.94MB thread-reservation=1
|  |  |  max-parallelism=10 segment-costs=[1100400, 3822129, 20] cpu-comparison-result=240 [max(10 (self) vs 240 (sum children))]
|  |  |  06:TOP-N
|  |  |  |  order by: avg(ss_net_profit) ASC
|  |  |  |  limit with ties: 10
|  |  |  |  source expr: rank() < CAST(11 AS BIGINT)
|  |  |  |  mem-estimate=240B mem-reservation=0B thread-reservation=0
|  |  |  |  tuple-ids=33 row-size=24B cardinality=10 cost=3748329
|  |  |  |  in pipelines: 06(GETNEXT), 33(OPEN)
|  |  |  |
|  |  |  05:NESTED LOOP JOIN [INNER JOIN, BROADCAST]
|  |  |  |  join table id: 03
|  |  |  |  predicates: avg(ss_net_profit) > CAST(0.9 AS DECIMAL(1,1)) * avg(ss_net_profit)
|  |  |  |  mem-estimate=0B mem-reservation=0B thread-reservation=0
|  |  |  |  tuple-ids=2,6 row-size=24B cardinality=360.18K cost=73800
|  |  |  |  in pipelines: 33(GETNEXT), 04(OPEN)
|  |  |  |
|  |  |  |--F19:PLAN FRAGMENT [HASH(ss_item_sk)] hosts=10 instances=10
|  |  |  |  |  Per-Instance Resources: mem-estimate=16.01KB mem-reservation=0B thread-reservation=1
|  |  |  |  |  max-parallelism=10 segment-costs=[0] cpu-comparison-result=120 [max(10 (self) vs 120 (sum children))]
|  |  |  |  JOIN BUILD
|  |  |  |  |  join-table-id=03 plan-id=04 cohort-id=04
|  |  |  |  |  mem-estimate=12B mem-reservation=0B thread-reservation=0 cost=0
|  |  |  |  |
|  |  |  |  37:EXCHANGE [BROADCAST]
|  |  |  |  |  mem-estimate=16.00KB mem-reservation=0B thread-reservation=0
|  |  |  |  |  tuple-ids=6 row-size=12B cardinality=1 cost=0
|  |  |  |  |  in pipelines: 04(GETNEXT)
|  |  |  |  |
|  |  |  |  F12:PLAN FRAGMENT [UNPARTITIONED] hosts=1 instances=1
|  |  |  |  Per-Instance Resources: mem-estimate=64.00KB mem-reservation=0B thread-reservation=1
|  |  |  |  max-parallelism=1 segment-costs=[0, 0] cpu-comparison-result=120 [max(1 (self) vs 120 (sum children))]
|  |  |  |  04:CARDINALITY CHECK
|  |  |  |  |  limit: 1
|  |  |  |  |  mem-estimate=0B mem-reservation=0B thread-reservation=0
|  |  |  |  |  tuple-ids=6 row-size=12B cardinality=1 cost=0
|  |  |  |  |  in pipelines: 04(GETNEXT), 35(OPEN)
|  |  |  |  |
|  |  |  |  36:EXCHANGE [UNPARTITIONED]
|  |  |  |  |  limit: 2
|  |  |  |  |  mem-estimate=16.00KB mem-reservation=0B thread-reservation=0
|  |  |  |  |  tuple-ids=6 row-size=12B cardinality=2 cost=0
|  |  |  |  |  in pipelines: 35(GETNEXT)
|  |  |  |  |
|  |  |  |  F11:PLAN FRAGMENT [HASH(ss_store_sk)] hosts=10 instances=10 (adjusted from 120)
|  |  |  |  Per-Instance Resources: mem-estimate=11.20MB mem-reservation=1.94MB thread-reservation=1
|  |  |  |  max-parallelism=10 segment-costs=[1863, 2] cpu-comparison-result=120 [max(10 (self) vs 120 (sum children))]
|  |  |  |  35:AGGREGATE [FINALIZE]
|  |  |  |  |  output: avg:merge(ss_net_profit)
|  |  |  |  |  group by: ss_store_sk
|  |  |  |  |  limit: 2
|  |  |  |  |  mem-estimate=10.00MB mem-reservation=1.94MB spill-buffer=64.00KB thread-reservation=0
|  |  |  |  |  tuple-ids=6 row-size=12B cardinality=2 cost=1755
|  |  |  |  |  in pipelines: 35(GETNEXT), 02(OPEN)
|  |  |  |  |
|  |  |  |  34:EXCHANGE [HASH(ss_store_sk)]
|  |  |  |  |  mem-estimate=1.20MB mem-reservation=0B thread-reservation=0
|  |  |  |  |  tuple-ids=5 row-size=12B cardinality=653 cost=108
|  |  |  |  |  in pipelines: 02(GETNEXT)
|  |  |  |  |
|  |  |  |  F10:PLAN FRAGMENT [RANDOM] hosts=10 instances=120
|  |  |  |  Per-Instance Resources: mem-estimate=26.62MB mem-reservation=10.00MB thread-reservation=1
|  |  |  |  max-parallelism=200 segment-costs=[1979533171, 841]
|  |  |  |  03:AGGREGATE [STREAMING]
|  |  |  |  |  output: avg(ss_net_profit)
|  |  |  |  |  group by: ss_store_sk
|  |  |  |  |  mem-estimate=10.00MB mem-reservation=2.00MB spill-buffer=64.00KB thread-reservation=0
|  |  |  |  |  tuple-ids=5 row-size=12B cardinality=653 cost=988012
|  |  |  |  |  in pipelines: 02(GETNEXT)
|  |  |  |  |
|  |  |  |  02:SCAN HDFS [tpcds_partitioned_parquet_snap.store_sales, RANDOM]
|  |  |  |     HDFS partitions=1824/1824 files=1824 size=199.33MB
|  |  |  |     predicates: ss_addr_sk IS NULL, ss_store_sk = CAST(457 AS INT)
|  |  |  |     stored statistics:
|  |  |  |       table: rows=8.64G size=389.90GB
|  |  |  |       partitions: 1824/1824 rows=8.64G
|  |  |  |       columns: all
|  |  |  |     extrapolated-rows=disabled max-scan-range-rows=390.22M
|  |  |  |     parquet statistics predicates: ss_store_sk = CAST(457 AS INT)
|  |  |  |     parquet dictionary predicates: ss_store_sk = CAST(457 AS INT)
|  |  |  |     mem-estimate=16.00MB mem-reservation=8.00MB thread-reservation=0
|  |  |  |     tuple-ids=4 row-size=12B cardinality=2.68M cost=1978545159
|  |  |  |     in pipelines: 02(GETNEXT)
|  |  |  |
|  |  |  33:AGGREGATE [FINALIZE]
|  |  |  |  output: avg:merge(ss_net_profit)
|  |  |  |  group by: ss_item_sk
|  |  |  |  mem-estimate=10.00MB mem-reservation=1.94MB spill-buffer=64.00KB thread-reservation=0
|  |  |  |  tuple-ids=2 row-size=12B cardinality=360.18K cost=1040503
|  |  |  |  in pipelines: 33(GETNEXT), 00(OPEN)
|  |  |  |
|  |  |  32:EXCHANGE [HASH(ss_item_sk)]
|  |  |  |  mem-estimate=2.29MB mem-reservation=0B thread-reservation=0
|  |  |  |  tuple-ids=1 row-size=12B cardinality=360.18K cost=59897
|  |  |  |  in pipelines: 00(GETNEXT)
|  |  |  |
|  |  |  F08:PLAN FRAGMENT [RANDOM] hosts=10 instances=120
|  |  |  Per-Instance Resources: mem-estimate=26.62MB mem-reservation=11.00MB thread-reservation=1
|  |  |  max-parallelism=180 segment-costs=[1768024378, 463911]
|  |  |  01:AGGREGATE [STREAMING]
|  |  |  |  output: avg(ss_net_profit)
|  |  |  |  group by: ss_item_sk
|  |  |  |  mem-estimate=10.00MB mem-reservation=3.00MB spill-buffer=128.00KB thread-reservation=0
|  |  |  |  tuple-ids=1 row-size=12B cardinality=360.18K cost=32261398
|  |  |  |  in pipelines: 00(GETNEXT)
|  |  |  |
|  |  |  00:SCAN HDFS [tpcds_partitioned_parquet_snap.store_sales ss1, RANDOM]
|  |  |     HDFS partitions=1824/1824 files=1824 size=199.33MB
|  |  |     predicates: ss_store_sk = CAST(457 AS INT)
|  |  |     stored statistics:
|  |  |       table: rows=8.64G size=389.90GB
|  |  |       partitions: 1824/1824 rows=8.64G
|  |  |       columns: all
|  |  |     extrapolated-rows=disabled max-scan-range-rows=390.22M
|  |  |     parquet statistics predicates: ss_store_sk = CAST(457 AS INT)
|  |  |     parquet dictionary predicates: ss_store_sk = CAST(457 AS INT)
|  |  |     mem-estimate=16.00MB mem-reservation=8.00MB thread-reservation=0
|  |  |     tuple-ids=0 row-size=12B cardinality=12.64M cost=1735762980
|  |  |     in pipelines: 00(GETNEXT)
|  |  |
|  |  18:SCAN HDFS [tpcds_partitioned_parquet_snap.item i1, RANDOM]
|  |     HDFS partitions=1/1 files=1 size=1.73MB
|  |     runtime filters: RF003[min_max] -> i1.i_item_sk, RF002[bloom] -> i1.i_item_sk
|  |     stored statistics:
|  |       table: rows=360.00K size=33.54MB
|  |       columns: all
|  |     extrapolated-rows=disabled max-scan-range-rows=101.54K
|  |     mem-estimate=16.00MB mem-reservation=512.00KB thread-reservation=0
|  |     tuple-ids=26 row-size=39B cardinality=360.00K cost=139198
|  |     in pipelines: 18(GETNEXT)
|  |
|  41:EXCHANGE [HASH(rank())]
|  |  mem-estimate=16.00KB mem-reservation=0B thread-reservation=0
|  |  tuple-ids=39,38 row-size=32B cardinality=10 cost=2
|  |  in pipelines: 31(GETNEXT)
|  |
|  F06:PLAN FRAGMENT [UNPARTITIONED] hosts=1 instances=1
|  Per-Instance Resources: mem-estimate=5.56MB mem-reservation=4.00MB thread-reservation=1
|  max-parallelism=1 segment-costs=[20, 50] cpu-comparison-result=240 [max(1 (self) vs 240 (sum children))]
|  17:SELECT
|  |  predicates: rank() < CAST(11 AS BIGINT)
|  |  mem-estimate=0B mem-reservation=0B thread-reservation=0
|  |  tuple-ids=39,38 row-size=32B cardinality=10 cost=10
|  |  in pipelines: 31(GETNEXT)
|  |
|  16:ANALYTIC
|  |  functions: rank()
|  |  order by: avg(ss_net_profit) DESC
|  |  window: RANGE BETWEEN UNBOUNDED PRECEDING AND CURRENT ROW
|  |  mem-estimate=4.00MB mem-reservation=4.00MB spill-buffer=2.00MB thread-reservation=0
|  |  tuple-ids=39,38 row-size=32B cardinality=10 cost=10
|  |  in pipelines: 31(GETNEXT)
|  |
|  31:TOP-N
|  |  order by: avg(ss_net_profit) DESC
|  |  limit with ties: 10
|  |  mem-estimate=240B mem-reservation=0B thread-reservation=0
|  |  tuple-ids=39 row-size=24B cardinality=10 cost=18
|  |  in pipelines: 31(GETNEXT), 15(OPEN)
|  |
|  30:EXCHANGE [UNPARTITIONED]
|  |  mem-estimate=16.00KB mem-reservation=0B thread-reservation=0
|  |  tuple-ids=39 row-size=24B cardinality=10 cost=2
|  |  in pipelines: 15(GETNEXT)
|  |
|  F02:PLAN FRAGMENT [HASH(ss_item_sk)] hosts=10 instances=10 (adjusted from 120)
|  Per-Instance Resources: mem-estimate=12.29MB mem-reservation=1.94MB thread-reservation=1
|  max-parallelism=10 segment-costs=[1100400, 3822129, 20] cpu-comparison-result=240 [max(10 (self) vs 240 (sum children))]
|  15:TOP-N
|  |  order by: avg(ss_net_profit) DESC
|  |  limit with ties: 10
|  |  source expr: rank() < CAST(11 AS BIGINT)
|  |  mem-estimate=240B mem-reservation=0B thread-reservation=0
|  |  tuple-ids=39 row-size=24B cardinality=10 cost=3748329
|  |  in pipelines: 15(GETNEXT), 25(OPEN)
|  |
|  14:NESTED LOOP JOIN [INNER JOIN, BROADCAST]
|  |  join table id: 04
|  |  predicates: avg(ss_net_profit) > CAST(0.9 AS DECIMAL(1,1)) * avg(ss_net_profit)
|  |  mem-estimate=0B mem-reservation=0B thread-reservation=0
|  |  tuple-ids=15,19 row-size=24B cardinality=360.18K cost=73800
|  |  in pipelines: 25(GETNEXT), 13(OPEN)
|  |
|  |--F20:PLAN FRAGMENT [HASH(ss_item_sk)] hosts=10 instances=10
|  |  |  Per-Instance Resources: mem-estimate=16.01KB mem-reservation=0B thread-reservation=1
|  |  |  max-parallelism=10 segment-costs=[0] cpu-comparison-result=120 [max(10 (self) vs 120 (sum children))]
|  |  JOIN BUILD
|  |  |  join-table-id=04 plan-id=05 cohort-id=02
|  |  |  mem-estimate=12B mem-reservation=0B thread-reservation=0 cost=0
|  |  |
|  |  29:EXCHANGE [BROADCAST]
|  |  |  mem-estimate=16.00KB mem-reservation=0B thread-reservation=0
|  |  |  tuple-ids=19 row-size=12B cardinality=1 cost=0
|  |  |  in pipelines: 13(GETNEXT)
|  |  |
|  |  F05:PLAN FRAGMENT [UNPARTITIONED] hosts=1 instances=1
|  |  Per-Instance Resources: mem-estimate=64.00KB mem-reservation=0B thread-reservation=1
|  |  max-parallelism=1 segment-costs=[0, 0] cpu-comparison-result=120 [max(1 (self) vs 120 (sum children))]
|  |  13:CARDINALITY CHECK
|  |  |  limit: 1
|  |  |  mem-estimate=0B mem-reservation=0B thread-reservation=0
|  |  |  tuple-ids=19 row-size=12B cardinality=1 cost=0
|  |  |  in pipelines: 13(GETNEXT), 27(OPEN)
|  |  |
|  |  28:EXCHANGE [UNPARTITIONED]
|  |  |  limit: 2
|  |  |  mem-estimate=16.00KB mem-reservation=0B thread-reservation=0
|  |  |  tuple-ids=19 row-size=12B cardinality=2 cost=0
|  |  |  in pipelines: 27(GETNEXT)
|  |  |
|  |  F04:PLAN FRAGMENT [HASH(ss_store_sk)] hosts=10 instances=10 (adjusted from 120)
|  |  Per-Instance Resources: mem-estimate=11.20MB mem-reservation=1.94MB thread-reservation=1
|  |  max-parallelism=10 segment-costs=[1863, 2] cpu-comparison-result=120 [max(10 (self) vs 120 (sum children))]
|  |  27:AGGREGATE [FINALIZE]
|  |  |  output: avg:merge(ss_net_profit)
|  |  |  group by: ss_store_sk
|  |  |  limit: 2
|  |  |  mem-estimate=10.00MB mem-reservation=1.94MB spill-buffer=64.00KB thread-reservation=0
|  |  |  tuple-ids=19 row-size=12B cardinality=2 cost=1755
|  |  |  in pipelines: 27(GETNEXT), 11(OPEN)
|  |  |
|  |  26:EXCHANGE [HASH(ss_store_sk)]
|  |  |  mem-estimate=1.20MB mem-reservation=0B thread-reservation=0
|  |  |  tuple-ids=18 row-size=12B cardinality=653 cost=108
|  |  |  in pipelines: 11(GETNEXT)
|  |  |
|  |  F03:PLAN FRAGMENT [RANDOM] hosts=10 instances=120
|  |  Per-Instance Resources: mem-estimate=26.62MB mem-reservation=10.00MB thread-reservation=1
|  |  max-parallelism=200 segment-costs=[1979533171, 841]
|  |  12:AGGREGATE [STREAMING]
|  |  |  output: avg(ss_net_profit)
|  |  |  group by: ss_store_sk
|  |  |  mem-estimate=10.00MB mem-reservation=2.00MB spill-buffer=64.00KB thread-reservation=0
|  |  |  tuple-ids=18 row-size=12B cardinality=653 cost=988012
|  |  |  in pipelines: 11(GETNEXT)
|  |  |
|  |  11:SCAN HDFS [tpcds_partitioned_parquet_snap.store_sales, RANDOM]
|  |     HDFS partitions=1824/1824 files=1824 size=199.33MB
|  |     predicates: ss_addr_sk IS NULL, ss_store_sk = CAST(457 AS INT)
|  |     stored statistics:
|  |       table: rows=8.64G size=389.90GB
|  |       partitions: 1824/1824 rows=8.64G
|  |       columns: all
|  |     extrapolated-rows=disabled max-scan-range-rows=390.22M
|  |     parquet statistics predicates: ss_store_sk = CAST(457 AS INT)
|  |     parquet dictionary predicates: ss_store_sk = CAST(457 AS INT)
|  |     mem-estimate=16.00MB mem-reservation=8.00MB thread-reservation=0
|  |     tuple-ids=17 row-size=12B cardinality=2.68M cost=1978545159
|  |     in pipelines: 11(GETNEXT)
|  |
|  25:AGGREGATE [FINALIZE]
|  |  output: avg:merge(ss_net_profit)
|  |  group by: ss_item_sk
|  |  mem-estimate=10.00MB mem-reservation=1.94MB spill-buffer=64.00KB thread-reservation=0
|  |  tuple-ids=15 row-size=12B cardinality=360.18K cost=1040503
|  |  in pipelines: 25(GETNEXT), 09(OPEN)
|  |
|  24:EXCHANGE [HASH(ss_item_sk)]
|  |  mem-estimate=2.29MB mem-reservation=0B thread-reservation=0
|  |  tuple-ids=14 row-size=12B cardinality=360.18K cost=59897
|  |  in pipelines: 09(GETNEXT)
|  |
|  F01:PLAN FRAGMENT [RANDOM] hosts=10 instances=120
|  Per-Instance Resources: mem-estimate=26.62MB mem-reservation=11.00MB thread-reservation=1
|  max-parallelism=180 segment-costs=[1768024378, 463911]
|  10:AGGREGATE [STREAMING]
|  |  output: avg(ss_net_profit)
|  |  group by: ss_item_sk
|  |  mem-estimate=10.00MB mem-reservation=3.00MB spill-buffer=128.00KB thread-reservation=0
|  |  tuple-ids=14 row-size=12B cardinality=360.18K cost=32261398
|  |  in pipelines: 09(GETNEXT)
|  |
|  09:SCAN HDFS [tpcds_partitioned_parquet_snap.store_sales ss1, RANDOM]
|     HDFS partitions=1824/1824 files=1824 size=199.33MB
|     predicates: ss_store_sk = CAST(457 AS INT)
|     stored statistics:
|       table: rows=8.64G size=389.90GB
|       partitions: 1824/1824 rows=8.64G
|       columns: all
|     extrapolated-rows=disabled max-scan-range-rows=390.22M
|     parquet statistics predicates: ss_store_sk = CAST(457 AS INT)
|     parquet dictionary predicates: ss_store_sk = CAST(457 AS INT)
|     mem-estimate=16.00MB mem-reservation=8.00MB thread-reservation=0
|     tuple-ids=13 row-size=12B cardinality=12.64M cost=1735762980
|     in pipelines: 09(GETNEXT)
|
19:SCAN HDFS [tpcds_partitioned_parquet_snap.item i2, RANDOM]
   HDFS partitions=1/1 files=1 size=1.73MB
   runtime filters: RF001[min_max] -> i2.i_item_sk, RF000[bloom] -> i2.i_item_sk
   stored statistics:
     table: rows=360.00K size=33.54MB
     columns: all
   extrapolated-rows=disabled max-scan-range-rows=101.54K
   mem-estimate=16.00MB mem-reservation=512.00KB thread-reservation=0
   tuple-ids=27 row-size=39B cardinality=360.00K cost=139198
   in pipelines: 19(GETNEXT)
====
