# TPCDS-Q33
# start query 33 in stream 0 using template query33.tpl using seed 2066617206
with ss as (
 select
          i_manufact_id,sum(ss_ext_sales_price) total_sales
 from
 	store_sales,
 	date_dim,
         customer_address,
         item
 where
         i_manufact_id in (select
  i_manufact_id
from
 item
where i_category in ('Electronics'))
 and     ss_item_sk              = i_item_sk
 and     ss_sold_date_sk         = d_date_sk
 and     d_year                  = 1999
 and     d_moy                   = 2
 and     ss_addr_sk              = ca_address_sk
 and     ca_gmt_offset           = -6
 group by i_manufact_id),
 cs as (
 select
          i_manufact_id,sum(cs_ext_sales_price) total_sales
 from
 	catalog_sales,
 	date_dim,
         customer_address,
         item
 where
         i_manufact_id               in (select
  i_manufact_id
from
 item
where i_category in ('Electronics'))
 and     cs_item_sk              = i_item_sk
 and     cs_sold_date_sk         = d_date_sk
 and     d_year                  = 1999
 and     d_moy                   = 2
 and     cs_bill_addr_sk         = ca_address_sk
 and     ca_gmt_offset           = -6
 group by i_manufact_id),
 ws as (
 select
          i_manufact_id,sum(ws_ext_sales_price) total_sales
 from
 	web_sales,
 	date_dim,
         customer_address,
         item
 where
         i_manufact_id               in (select
  i_manufact_id
from
 item
where i_category in ('Electronics'))
 and     ws_item_sk              = i_item_sk
 and     ws_sold_date_sk         = d_date_sk
 and     d_year                  = 1999
 and     d_moy                   = 2
 and     ws_bill_addr_sk         = ca_address_sk
 and     ca_gmt_offset           = -6
 group by i_manufact_id)
  select  i_manufact_id ,sum(total_sales) total_sales
 from  (select * from ss
        union all
        select * from cs
        union all
        select * from ws) tmp1
 group by i_manufact_id
 order by total_sales
limit 100;

# end query 33 in stream 0 using template query33.tpl
---- PLAN
Max Per-Host Resource Reservation: Memory=80.88MB Threads=1
Per-Host Resource Estimates: Memory=198MB
F00:PLAN FRAGMENT [UNPARTITIONED] hosts=1 instances=1
|  Per-Instance Resources: mem-estimate=198.44MB mem-reservation=80.88MB thread-reservation=1 runtime-filters-memory=13.00MB
|  max-parallelism=1 segment-costs=[74488, 585921296, 74488, 294355741, 74488, 150226486, 3464, 5342, 200]
PLAN-ROOT SINK
|  output exprs: i_manufact_id, sum(total_sales)
|  mem-estimate=4.00MB mem-reservation=4.00MB spill-buffer=2.00MB thread-reservation=0 cost=200
|
35:TOP-N [LIMIT=100]
|  order by: sum(total_sales) ASC
|  mem-estimate=1.95KB mem-reservation=0B thread-reservation=0
|  tuple-ids=27 row-size=20B cardinality=100 cost=5342
|  in pipelines: 35(GETNEXT), 34(OPEN)
|
34:AGGREGATE [FINALIZE]
|  output: sum(total_sales)
|  group by: i_manufact_id
|  mem-estimate=10.00MB mem-reservation=1.94MB spill-buffer=64.00KB thread-reservation=0
|  tuple-ids=26 row-size=20B cardinality=957 cost=3209
|  in pipelines: 34(GETNEXT), 11(OPEN), 22(OPEN), 33(OPEN)
|
00:UNION
|  mem-estimate=0B mem-reservation=0B thread-reservation=0
|  tuple-ids=24 row-size=20B cardinality=2.87K cost=255
|  in pipelines: 11(GETNEXT), 22(GETNEXT), 33(GETNEXT)
|
|--33:AGGREGATE [FINALIZE]
|  |  output: sum(ws_ext_sales_price)
|  |  group by: i_manufact_id
|  |  mem-estimate=10.00MB mem-reservation=1.94MB spill-buffer=64.00KB thread-reservation=0
|  |  tuple-ids=22 row-size=20B cardinality=957 cost=5851213
|  |  in pipelines: 33(GETNEXT), 23(OPEN)
|  |
|  32:HASH JOIN [LEFT SEMI JOIN]
|  |  hash predicates: i_manufact_id = tpcds_partitioned_parquet_snap.item.i_manufact_id
|  |  runtime filters: RF017[min_max] <- tpcds_partitioned_parquet_snap.item.i_manufact_id
|  |  mem-estimate=1.94MB mem-reservation=1.94MB spill-buffer=64.00KB thread-reservation=0
|  |  tuple-ids=16,17,18,19 row-size=44B cardinality=20.00M cost=8753039
|  |  in pipelines: 23(GETNEXT), 31(OPEN)
|  |
|  |--31:AGGREGATE [FINALIZE]
|  |  |  group by: tpcds_partitioned_parquet_snap.item.i_manufact_id
|  |  |  mem-estimate=10.00MB mem-reservation=1.94MB spill-buffer=64.00KB thread-reservation=0
|  |  |  tuple-ids=45 row-size=4B cardinality=957 cost=13025
|  |  |  in pipelines: 31(GETNEXT), 27(OPEN)
|  |  |
|  |  27:SCAN HDFS [tpcds_partitioned_parquet_snap.item]
|  |     HDFS partitions=1/1 files=1 size=1.73MB
|  |     predicates: i_category IN ('Electronics')
|  |     stored statistics:
|  |       table: rows=360.00K size=33.54MB
|  |       columns: all
|  |     extrapolated-rows=disabled max-scan-range-rows=101.54K
|  |     parquet statistics predicates: i_category IN ('Electronics')
|  |     parquet dictionary predicates: i_category IN ('Electronics')
|  |     mem-estimate=16.00MB mem-reservation=256.00KB thread-reservation=0
|  |     tuple-ids=20 row-size=22B cardinality=36.00K cost=61463
|  |     in pipelines: 27(GETNEXT)
|  |
|  30:HASH JOIN [INNER JOIN]
|  |  hash predicates: ws_item_sk = i_item_sk
|  |  fk/pk conjuncts: ws_item_sk = i_item_sk
|  |  runtime filters: RF018[bloom] <- i_item_sk, RF019[min_max] <- i_item_sk
|  |  mem-estimate=17.00MB mem-reservation=17.00MB spill-buffer=1.00MB thread-reservation=0
|  |  tuple-ids=16,17,18,19 row-size=44B cardinality=20.00M cost=9114646
|  |  in pipelines: 23(GETNEXT), 26(OPEN)
|  |
|  |--26:SCAN HDFS [tpcds_partitioned_parquet_snap.item]
|  |     HDFS partitions=1/1 files=1 size=1.73MB
|  |     runtime filters: RF017[min_max] -> i_manufact_id
|  |     stored statistics:
|  |       table: rows=360.00K size=33.54MB
|  |       columns: all
|  |     extrapolated-rows=disabled max-scan-range-rows=101.54K
|  |     mem-estimate=16.00MB mem-reservation=512.00KB thread-reservation=0
|  |     tuple-ids=19 row-size=8B cardinality=360.00K cost=41472
|  |     in pipelines: 26(GETNEXT)
|  |
|  29:HASH JOIN [INNER JOIN]
|  |  hash predicates: ws_bill_addr_sk = ca_address_sk
|  |  fk/pk conjuncts: ws_bill_addr_sk = ca_address_sk
|  |  runtime filters: RF020[bloom] <- ca_address_sk, RF021[min_max] <- ca_address_sk
|  |  mem-estimate=66.50MB mem-reservation=34.00MB spill-buffer=2.00MB thread-reservation=0
|  |  tuple-ids=16,17,18 row-size=36B cardinality=20.01M cost=38854574
|  |  in pipelines: 23(GETNEXT), 25(OPEN)
|  |
|  |--25:SCAN HDFS [tpcds_partitioned_parquet_snap.customer_address]
|  |     HDFS partitions=1/1 files=1 size=1.16MB
|  |     predicates: ca_gmt_offset = CAST(-6 AS DECIMAL(3,0))
|  |     stored statistics:
|  |       table: rows=15.00M size=307.36MB
|  |       columns: all
|  |     extrapolated-rows=disabled max-scan-range-rows=1.58M
|  |     parquet statistics predicates: ca_gmt_offset = CAST(-6 AS DECIMAL(3,0))
|  |     parquet dictionary predicates: ca_gmt_offset = CAST(-6 AS DECIMAL(3,0))
|  |     mem-estimate=16.00MB mem-reservation=128.00KB thread-reservation=0
|  |     tuple-ids=18 row-size=8B cardinality=2.43M cost=2149500
|  |     in pipelines: 25(GETNEXT)
|  |
|  28:HASH JOIN [INNER JOIN]
|  |  hash predicates: ws_sold_date_sk = d_date_sk
|  |  fk/pk conjuncts: ws_sold_date_sk = d_date_sk
|  |  runtime filters: RF022[bloom] <- d_date_sk
|  |  mem-estimate=1.94MB mem-reservation=1.94MB spill-buffer=64.00KB thread-reservation=0
|  |  tuple-ids=16,17 row-size=28B cardinality=127.89M cost=55978804
|  |  in pipelines: 23(GETNEXT), 24(OPEN)
|  |
|  |--24:SCAN HDFS [tpcds_partitioned_parquet_snap.date_dim]
|  |     HDFS partitions=1/1 files=1 size=2.17MB
|  |     predicates: d_year = CAST(1999 AS INT), d_moy = CAST(2 AS INT)
|  |     stored statistics:
|  |       table: rows=73.05K size=2.17MB
|  |       columns: all
|  |     extrapolated-rows=disabled max-scan-range-rows=73.05K
|  |     parquet statistics predicates: d_year = CAST(1999 AS INT), d_moy = CAST(2 AS INT)
|  |     parquet dictionary predicates: d_year = CAST(1999 AS INT), d_moy = CAST(2 AS INT)
|  |     mem-estimate=16.00MB mem-reservation=512.00KB thread-reservation=0
|  |     tuple-ids=17 row-size=12B cardinality=108 cost=16728
|  |     in pipelines: 24(GETNEXT)
|  |
|  23:SCAN HDFS [tpcds_partitioned_parquet_snap.web_sales]
|     HDFS partitions=1824/1824 files=1824 size=84.18MB
|     runtime filters: RF021[min_max] -> ws_bill_addr_sk, RF019[min_max] -> ws_item_sk, RF022[bloom] -> ws_sold_date_sk, RF020[bloom] -> ws_bill_addr_sk, RF018[bloom] -> ws_item_sk
|     stored statistics:
|       table: rows=2.16G size=145.75GB
|       partitions: 1824/1824 rows=2.16G
|       columns: all
|     extrapolated-rows=disabled max-scan-range-rows=3.37M est-scan-range=109(filtered from 1824)
|     mem-estimate=16.00MB mem-reservation=128.00KB thread-reservation=0
|     tuple-ids=16 row-size=16B cardinality=127.89M(filtered from 2.16G) cost=29466510
|     in pipelines: 23(GETNEXT)
|
|--22:AGGREGATE [FINALIZE]
|  |  output: sum(cs_ext_sales_price)
|  |  group by: i_manufact_id
|  |  mem-estimate=10.00MB mem-reservation=1.94MB spill-buffer=64.00KB thread-reservation=0
|  |  tuple-ids=14 row-size=20B cardinality=957 cost=11655595
|  |  in pipelines: 22(GETNEXT), 12(OPEN)
|  |
|  21:HASH JOIN [LEFT SEMI JOIN]
|  |  hash predicates: i_manufact_id = tpcds_partitioned_parquet_snap.item.i_manufact_id
|  |  runtime filters: RF009[min_max] <- tpcds_partitioned_parquet_snap.item.i_manufact_id
|  |  mem-estimate=1.94MB mem-reservation=1.94MB spill-buffer=64.00KB thread-reservation=0
|  |  tuple-ids=8,9,10,11 row-size=44B cardinality=39.84M cost=17438775
|  |  in pipelines: 12(GETNEXT), 20(OPEN)
|  |
|  |--20:AGGREGATE [FINALIZE]
|  |  |  group by: tpcds_partitioned_parquet_snap.item.i_manufact_id
|  |  |  mem-estimate=10.00MB mem-reservation=1.94MB spill-buffer=64.00KB thread-reservation=0
|  |  |  tuple-ids=39 row-size=4B cardinality=957 cost=13025
|  |  |  in pipelines: 20(GETNEXT), 16(OPEN)
|  |  |
|  |  16:SCAN HDFS [tpcds_partitioned_parquet_snap.item]
|  |     HDFS partitions=1/1 files=1 size=1.73MB
|  |     predicates: i_category IN ('Electronics')
|  |     stored statistics:
|  |       table: rows=360.00K size=33.54MB
|  |       columns: all
|  |     extrapolated-rows=disabled max-scan-range-rows=101.54K
|  |     parquet statistics predicates: i_category IN ('Electronics')
|  |     parquet dictionary predicates: i_category IN ('Electronics')
|  |     mem-estimate=16.00MB mem-reservation=256.00KB thread-reservation=0
|  |     tuple-ids=12 row-size=22B cardinality=36.00K cost=61463
|  |     in pipelines: 16(GETNEXT)
|  |
|  19:HASH JOIN [INNER JOIN]
|  |  hash predicates: cs_item_sk = i_item_sk
|  |  fk/pk conjuncts: cs_item_sk = i_item_sk
|  |  runtime filters: RF010[bloom] <- i_item_sk, RF011[min_max] <- i_item_sk
|  |  mem-estimate=17.00MB mem-reservation=17.00MB spill-buffer=1.00MB thread-reservation=0
|  |  tuple-ids=8,9,10,11 row-size=44B cardinality=39.84M cost=17802927
|  |  in pipelines: 12(GETNEXT), 15(OPEN)
|  |
|  |--15:SCAN HDFS [tpcds_partitioned_parquet_snap.item]
|  |     HDFS partitions=1/1 files=1 size=1.73MB
|  |     runtime filters: RF009[min_max] -> i_manufact_id
|  |     stored statistics:
|  |       table: rows=360.00K size=33.54MB
|  |       columns: all
|  |     extrapolated-rows=disabled max-scan-range-rows=101.54K
|  |     mem-estimate=16.00MB mem-reservation=512.00KB thread-reservation=0
|  |     tuple-ids=11 row-size=8B cardinality=360.00K cost=41472
|  |     in pipelines: 15(GETNEXT)
|  |
|  18:HASH JOIN [INNER JOIN]
|  |  hash predicates: cs_bill_addr_sk = ca_address_sk
|  |  fk/pk conjuncts: cs_bill_addr_sk = ca_address_sk
|  |  runtime filters: RF012[bloom] <- ca_address_sk, RF013[min_max] <- ca_address_sk
|  |  mem-estimate=66.50MB mem-reservation=34.00MB spill-buffer=2.00MB thread-reservation=0
|  |  tuple-ids=8,9,10 row-size=36B cardinality=39.86M cost=75007948
|  |  in pipelines: 12(GETNEXT), 14(OPEN)
|  |
|  |--14:SCAN HDFS [tpcds_partitioned_parquet_snap.customer_address]
|  |     HDFS partitions=1/1 files=1 size=1.16MB
|  |     predicates: ca_gmt_offset = CAST(-6 AS DECIMAL(3,0))
|  |     stored statistics:
|  |       table: rows=15.00M size=307.36MB
|  |       columns: all
|  |     extrapolated-rows=disabled max-scan-range-rows=1.58M
|  |     parquet statistics predicates: ca_gmt_offset = CAST(-6 AS DECIMAL(3,0))
|  |     parquet dictionary predicates: ca_gmt_offset = CAST(-6 AS DECIMAL(3,0))
|  |     mem-estimate=16.00MB mem-reservation=128.00KB thread-reservation=0
|  |     tuple-ids=10 row-size=8B cardinality=2.43M cost=2149500
|  |     in pipelines: 14(GETNEXT)
|  |
|  17:HASH JOIN [INNER JOIN]
|  |  hash predicates: cs_sold_date_sk = d_date_sk
|  |  fk/pk conjuncts: cs_sold_date_sk = d_date_sk
|  |  runtime filters: RF014[bloom] <- d_date_sk
|  |  mem-estimate=1.94MB mem-reservation=1.94MB spill-buffer=64.00KB thread-reservation=0
|  |  tuple-ids=8,9 row-size=28B cardinality=254.82M cost=111533149
|  |  in pipelines: 12(GETNEXT), 13(OPEN)
|  |
|  |--13:SCAN HDFS [tpcds_partitioned_parquet_snap.date_dim]
|  |     HDFS partitions=1/1 files=1 size=2.17MB
|  |     predicates: d_year = CAST(1999 AS INT), d_moy = CAST(2 AS INT)
|  |     stored statistics:
|  |       table: rows=73.05K size=2.17MB
|  |       columns: all
|  |     extrapolated-rows=disabled max-scan-range-rows=73.05K
|  |     parquet statistics predicates: d_year = CAST(1999 AS INT), d_moy = CAST(2 AS INT)
|  |     parquet dictionary predicates: d_year = CAST(1999 AS INT), d_moy = CAST(2 AS INT)
|  |     mem-estimate=16.00MB mem-reservation=512.00KB thread-reservation=0
|  |     tuple-ids=9 row-size=12B cardinality=108 cost=16728
|  |     in pipelines: 13(GETNEXT)
|  |
|  12:SCAN HDFS [tpcds_partitioned_parquet_snap.catalog_sales]
|     HDFS partitions=1831/1831 files=1831 size=150.82MB
|     runtime filters: RF013[min_max] -> cs_bill_addr_sk, RF011[min_max] -> cs_item_sk, RF014[bloom] -> cs_sold_date_sk, RF012[bloom] -> cs_bill_addr_sk, RF010[bloom] -> cs_item_sk
|     stored statistics:
|       table: rows=4.32G size=280.96GB
|       partitions: 1831/1831 rows=4.32G
|       columns: all
|     extrapolated-rows=disabled max-scan-range-rows=21.52M est-scan-range=109(filtered from 1831)
|     mem-estimate=16.00MB mem-reservation=1.00MB thread-reservation=0
|     tuple-ids=8 row-size=16B cardinality=254.82M(filtered from 4.32G) cost=58709647
|     in pipelines: 12(GETNEXT)
|
11:AGGREGATE [FINALIZE]
|  output: sum(ss_ext_sales_price)
|  group by: i_manufact_id
|  mem-estimate=10.00MB mem-reservation=1.94MB spill-buffer=64.00KB thread-reservation=0
|  tuple-ids=6 row-size=20B cardinality=957 cost=23397539
|  in pipelines: 11(GETNEXT), 01(OPEN)
|
10:HASH JOIN [LEFT SEMI JOIN]
|  hash predicates: i_manufact_id = tpcds_partitioned_parquet_snap.item.i_manufact_id
|  runtime filters: RF000[bloom] <- tpcds_partitioned_parquet_snap.item.i_manufact_id, RF001[min_max] <- tpcds_partitioned_parquet_snap.item.i_manufact_id
|  mem-estimate=1.94MB mem-reservation=1.94MB spill-buffer=64.00KB thread-reservation=0
|  tuple-ids=0,1,2,3 row-size=44B cardinality=79.98M cost=35009541
|  in pipelines: 01(GETNEXT), 09(OPEN)
|
|--09:AGGREGATE [FINALIZE]
|  |  group by: tpcds_partitioned_parquet_snap.item.i_manufact_id
|  |  mem-estimate=10.00MB mem-reservation=1.94MB spill-buffer=64.00KB thread-reservation=0
|  |  tuple-ids=33 row-size=4B cardinality=957 cost=13025
|  |  in pipelines: 09(GETNEXT), 05(OPEN)
|  |
|  05:SCAN HDFS [tpcds_partitioned_parquet_snap.item]
|     HDFS partitions=1/1 files=1 size=1.73MB
|     predicates: i_category IN ('Electronics')
|     stored statistics:
|       table: rows=360.00K size=33.54MB
|       columns: all
|     extrapolated-rows=disabled max-scan-range-rows=101.54K
|     parquet statistics predicates: i_category IN ('Electronics')
|     parquet dictionary predicates: i_category IN ('Electronics')
|     mem-estimate=16.00MB mem-reservation=256.00KB thread-reservation=0
|     tuple-ids=4 row-size=22B cardinality=36.00K cost=61463
|     in pipelines: 05(GETNEXT)
|
08:HASH JOIN [INNER JOIN]
|  hash predicates: ss_item_sk = i_item_sk
|  fk/pk conjuncts: ss_item_sk = i_item_sk
|  runtime filters: RF002[bloom] <- i_item_sk, RF003[min_max] <- i_item_sk
|  mem-estimate=17.00MB mem-reservation=17.00MB spill-buffer=1.00MB thread-reservation=0
|  tuple-ids=0,1,2,3 row-size=44B cardinality=79.98M cost=35378842
|  in pipelines: 01(GETNEXT), 04(OPEN)
|
|--04:SCAN HDFS [tpcds_partitioned_parquet_snap.item]
|     HDFS partitions=1/1 files=1 size=1.73MB
|     runtime filters: RF001[min_max] -> i_manufact_id, RF000[bloom] -> i_manufact_id
|     stored statistics:
|       table: rows=360.00K size=33.54MB
|       columns: all
|     extrapolated-rows=disabled max-scan-range-rows=101.54K
|     mem-estimate=16.00MB mem-reservation=512.00KB thread-reservation=0
|     tuple-ids=3 row-size=8B cardinality=360.00K cost=41472
|     in pipelines: 04(GETNEXT)
|
07:HASH JOIN [INNER JOIN]
|  hash predicates: ss_addr_sk = ca_address_sk
|  fk/pk conjuncts: ss_addr_sk = ca_address_sk
|  runtime filters: RF004[bloom] <- ca_address_sk, RF005[min_max] <- ca_address_sk
|  mem-estimate=66.50MB mem-reservation=34.00MB spill-buffer=2.00MB thread-reservation=0
|  tuple-ids=0,1,2 row-size=36B cardinality=80.02M cost=148144235
|  in pipelines: 01(GETNEXT), 03(OPEN)
|
|--03:SCAN HDFS [tpcds_partitioned_parquet_snap.customer_address]
|     HDFS partitions=1/1 files=1 size=1.16MB
|     predicates: ca_gmt_offset = CAST(-6 AS DECIMAL(3,0))
|     stored statistics:
|       table: rows=15.00M size=307.36MB
|       columns: all
|     extrapolated-rows=disabled max-scan-range-rows=1.58M
|     parquet statistics predicates: ca_gmt_offset = CAST(-6 AS DECIMAL(3,0))
|     parquet dictionary predicates: ca_gmt_offset = CAST(-6 AS DECIMAL(3,0))
|     mem-estimate=16.00MB mem-reservation=128.00KB thread-reservation=0
|     tuple-ids=2 row-size=8B cardinality=2.43M cost=2149500
|     in pipelines: 03(GETNEXT)
|
06:HASH JOIN [INNER JOIN]
|  hash predicates: ss_sold_date_sk = d_date_sk
|  fk/pk conjuncts: ss_sold_date_sk = d_date_sk
|  runtime filters: RF006[bloom] <- d_date_sk
|  mem-estimate=1.94MB mem-reservation=1.94MB spill-buffer=64.00KB thread-reservation=0
|  tuple-ids=0,1 row-size=28B cardinality=511.58M cost=223916534
|  in pipelines: 01(GETNEXT), 02(OPEN)
|
|--02:SCAN HDFS [tpcds_partitioned_parquet_snap.date_dim]
|     HDFS partitions=1/1 files=1 size=2.17MB
|     predicates: d_year = CAST(1999 AS INT), d_moy = CAST(2 AS INT)
|     stored statistics:
|       table: rows=73.05K size=2.17MB
|       columns: all
|     extrapolated-rows=disabled max-scan-range-rows=73.05K
|     parquet statistics predicates: d_year = CAST(1999 AS INT), d_moy = CAST(2 AS INT)
|     parquet dictionary predicates: d_year = CAST(1999 AS INT), d_moy = CAST(2 AS INT)
|     mem-estimate=16.00MB mem-reservation=512.00KB thread-reservation=0
|     tuple-ids=1 row-size=12B cardinality=108 cost=16728
|     in pipelines: 02(GETNEXT)
|
01:SCAN HDFS [tpcds_partitioned_parquet_snap.store_sales]
   HDFS partitions=1824/1824 files=1824 size=199.33MB
   runtime filters: RF005[min_max] -> ss_addr_sk, RF003[min_max] -> ss_item_sk, RF006[bloom] -> ss_sold_date_sk, RF004[bloom] -> ss_addr_sk, RF002[bloom] -> ss_item_sk
   stored statistics:
     table: rows=8.64G size=389.90GB
     partitions: 1824/1824 rows=8.64G
     columns: all
   extrapolated-rows=disabled max-scan-range-rows=390.22M est-scan-range=109(filtered from 1824)
   mem-estimate=16.00MB mem-reservation=8.00MB thread-reservation=0
   tuple-ids=0 row-size=16B cardinality=511.58M(filtered from 8.64G) cost=117866905
   in pipelines: 01(GETNEXT)
---- DISTRIBUTEDPLAN
Max Per-Host Resource Reservation: Memory=748.38MB Threads=46
Per-Host Resource Estimates: Memory=1.38GB
F23:PLAN FRAGMENT [UNPARTITIONED] hosts=1 instances=1
|  Per-Instance Resources: mem-estimate=4.02MB mem-reservation=4.00MB thread-reservation=1
|  max-parallelism=1 segment-costs=[229] cpu-comparison-result=170 [max(1 (self) vs 170 (sum children))]
PLAN-ROOT SINK
|  output exprs: i_manufact_id, sum(total_sales)
|  mem-estimate=4.00MB mem-reservation=4.00MB spill-buffer=2.00MB thread-reservation=0 cost=200
|
62:MERGING-EXCHANGE [UNPARTITIONED]
|  order by: sum(total_sales) ASC
|  limit: 100
|  mem-estimate=23.63KB mem-reservation=0B thread-reservation=0
|  tuple-ids=27 row-size=20B cardinality=100 cost=29
|  in pipelines: 35(GETNEXT)
|
F22:PLAN FRAGMENT [HASH(i_manufact_id)] hosts=10 instances=10 (adjusted from 120)
Per-Instance Resources: mem-estimate=11.32MB mem-reservation=1.94MB thread-reservation=1
max-parallelism=10 segment-costs=[2663, 5342, 83] cpu-comparison-result=170 [max(10 (self) vs 170 (sum children))]
35:TOP-N [LIMIT=100]
|  order by: sum(total_sales) ASC
|  mem-estimate=1.95KB mem-reservation=0B thread-reservation=0
|  tuple-ids=27 row-size=20B cardinality=100 cost=5342
|  in pipelines: 35(GETNEXT), 61(OPEN)
|
61:AGGREGATE [FINALIZE]
|  output: sum:merge(total_sales)
|  group by: i_manufact_id
|  mem-estimate=10.00MB mem-reservation=1.94MB spill-buffer=64.00KB thread-reservation=0
|  tuple-ids=26 row-size=20B cardinality=957 cost=2469
|  in pipelines: 61(GETNEXT), 43(OPEN), 51(OPEN), 59(OPEN)
|
60:EXCHANGE [HASH(i_manufact_id)]
|  mem-estimate=1.32MB mem-reservation=0B thread-reservation=0
|  tuple-ids=26 row-size=20B cardinality=957 cost=194
|  in pipelines: 43(GETNEXT), 51(GETNEXT), 59(GETNEXT)
|
F21:PLAN FRAGMENT [RANDOM] hosts=10 instances=60 (adjusted from 120)
Per-Instance Resources: mem-estimate=22.25MB mem-reservation=3.94MB thread-reservation=1
max-parallelism=60 segment-costs=[2663, 2663, 2663, 8290, 1725] cpu-comparison-result=170 [max(60 (self) vs 170 (sum children))]
34:AGGREGATE [STREAMING]
|  output: sum(total_sales)
|  group by: i_manufact_id
|  mem-estimate=10.00MB mem-reservation=2.00MB spill-buffer=64.00KB thread-reservation=0
|  tuple-ids=26 row-size=20B cardinality=957 cost=8035
|  in pipelines: 43(GETNEXT), 51(GETNEXT), 59(GETNEXT)
|
00:UNION
|  mem-estimate=0B mem-reservation=0B thread-reservation=0
|  tuple-ids=24 row-size=20B cardinality=2.87K cost=255
|  in pipelines: 43(GETNEXT), 51(GETNEXT), 59(GETNEXT)
|
|--59:AGGREGATE [FINALIZE]
|  |  output: sum:merge(ws_ext_sales_price)
|  |  group by: i_manufact_id
|  |  mem-estimate=10.00MB mem-reservation=1.94MB spill-buffer=64.00KB thread-reservation=0
|  |  tuple-ids=22 row-size=20B cardinality=957 cost=2469
|  |  in pipelines: 59(GETNEXT), 23(OPEN)
|  |
|  58:EXCHANGE [HASH(i_manufact_id)]
|  |  mem-estimate=450.46KB mem-reservation=0B thread-reservation=0
|  |  tuple-ids=22 row-size=20B cardinality=957 cost=194
|  |  in pipelines: 23(GETNEXT)
|  |
|  F14:PLAN FRAGMENT [RANDOM] hosts=10 instances=20 (adjusted from 120)
|  Per-Host Shared Resources: mem-estimate=4.00MB mem-reservation=4.00MB thread-reservation=0 runtime-filters-memory=4.00MB
|  Per-Instance Resources: mem-estimate=31.62MB mem-reservation=2.12MB thread-reservation=1
|  max-parallelism=20 segment-costs=[145529594, 1725] cpu-comparison-result=55 [max(20 (self) vs 55 (sum children))]
|  33:AGGREGATE [STREAMING]
|  |  output: sum(ws_ext_sales_price)
|  |  group by: i_manufact_id
|  |  mem-estimate=10.00MB mem-reservation=2.00MB spill-buffer=64.00KB thread-reservation=0
|  |  tuple-ids=22 row-size=20B cardinality=957 cost=6148129
|  |  in pipelines: 23(GETNEXT)
|  |
|  32:HASH JOIN [LEFT SEMI JOIN, BROADCAST]
|  |  hash-table-id=08
|  |  hash predicates: i_manufact_id = tpcds_partitioned_parquet_snap.item.i_manufact_id
|  |  mem-estimate=0B mem-reservation=0B spill-buffer=64.00KB thread-reservation=0
|  |  tuple-ids=16,17,18,19 row-size=44B cardinality=20.00M cost=8752082
|  |  in pipelines: 23(GETNEXT), 56(OPEN)
|  |
|  |--F32:PLAN FRAGMENT [RANDOM] hosts=10 instances=10
|  |  |  Per-Instance Resources: mem-estimate=3.91MB mem-reservation=3.88MB thread-reservation=1
|  |  |  max-parallelism=10 segment-costs=[2227] cpu-comparison-result=10 [max(10 (self) vs 4 (sum children))]
|  |  JOIN BUILD
|  |  |  join-table-id=08 plan-id=09 cohort-id=03
|  |  |  build expressions: tpcds_partitioned_parquet_snap.item.i_manufact_id
|  |  |  runtime filters: RF017[min_max] <- tpcds_partitioned_parquet_snap.item.i_manufact_id
|  |  |  mem-estimate=3.88MB mem-reservation=3.88MB spill-buffer=64.00KB thread-reservation=0 cost=957
|  |  |
|  |  57:EXCHANGE [BROADCAST]
|  |  |  mem-estimate=33.64KB mem-reservation=0B thread-reservation=0
|  |  |  tuple-ids=45 row-size=4B cardinality=957 cost=1270
|  |  |  in pipelines: 56(GETNEXT)
|  |  |
|  |  F19:PLAN FRAGMENT [HASH(tpcds_partitioned_parquet_snap.item.i_manufact_id)] hosts=4 instances=4
|  |  Per-Instance Resources: mem-estimate=10.03MB mem-reservation=1.94MB thread-reservation=1
|  |  max-parallelism=4 segment-costs=[2613, 31] cpu-comparison-result=4 [max(4 (self) vs 4 (sum children))]
|  |  56:AGGREGATE [FINALIZE]
|  |  |  group by: tpcds_partitioned_parquet_snap.item.i_manufact_id
|  |  |  mem-estimate=10.00MB mem-reservation=1.94MB spill-buffer=64.00KB thread-reservation=0
|  |  |  tuple-ids=45 row-size=4B cardinality=957 cost=2490
|  |  |  in pipelines: 56(GETNEXT), 27(OPEN)
|  |  |
|  |  55:EXCHANGE [HASH(tpcds_partitioned_parquet_snap.item.i_manufact_id)]
|  |  |  mem-estimate=30.84KB mem-reservation=0B thread-reservation=0
|  |  |  tuple-ids=45 row-size=4B cardinality=957 cost=123
|  |  |  in pipelines: 27(GETNEXT)
|  |  |
|  |  F18:PLAN FRAGMENT [RANDOM] hosts=4 instances=4
|  |  Per-Instance Resources: mem-estimate=26.12MB mem-reservation=2.25MB thread-reservation=1
|  |  max-parallelism=4 segment-costs=[81962, 739]
|  |  31:AGGREGATE [STREAMING]
|  |  |  group by: tpcds_partitioned_parquet_snap.item.i_manufact_id
|  |  |  mem-estimate=10.00MB mem-reservation=2.00MB spill-buffer=64.00KB thread-reservation=0
|  |  |  tuple-ids=45 row-size=4B cardinality=957 cost=20499
|  |  |  in pipelines: 27(GETNEXT)
|  |  |
|  |  27:SCAN HDFS [tpcds_partitioned_parquet_snap.item, RANDOM]
|  |     HDFS partitions=1/1 files=1 size=1.73MB
|  |     predicates: i_category IN ('Electronics')
|  |     stored statistics:
|  |       table: rows=360.00K size=33.54MB
|  |       columns: all
|  |     extrapolated-rows=disabled max-scan-range-rows=101.54K
|  |     parquet statistics predicates: i_category IN ('Electronics')
|  |     parquet dictionary predicates: i_category IN ('Electronics')
|  |     mem-estimate=16.00MB mem-reservation=256.00KB thread-reservation=0
|  |     tuple-ids=20 row-size=22B cardinality=36.00K cost=61463
|  |     in pipelines: 27(GETNEXT)
|  |
|  30:HASH JOIN [INNER JOIN, BROADCAST]
|  |  hash-table-id=09
|  |  hash predicates: ws_item_sk = i_item_sk
|  |  fk/pk conjuncts: ws_item_sk = i_item_sk
|  |  mem-estimate=0B mem-reservation=0B spill-buffer=1.00MB thread-reservation=0
|  |  tuple-ids=16,17,18,19 row-size=44B cardinality=20.00M cost=8754646
|  |  in pipelines: 23(GETNEXT), 26(OPEN)
|  |
|  |--F33:PLAN FRAGMENT [RANDOM] hosts=10 instances=10
|  |  |  Per-Instance Resources: mem-estimate=37.79MB mem-reservation=35.00MB thread-reservation=1 runtime-filters-memory=1.00MB
|  |  |  max-parallelism=10 segment-costs=[838440]
|  |  JOIN BUILD
|  |  |  join-table-id=09 plan-id=10 cohort-id=03
|  |  |  build expressions: i_item_sk
|  |  |  runtime filters: RF018[bloom] <- i_item_sk, RF019[min_max] <- i_item_sk
|  |  |  mem-estimate=34.00MB mem-reservation=34.00MB spill-buffer=1.00MB thread-reservation=0 cost=360000
|  |  |
|  |  54:EXCHANGE [BROADCAST]
|  |  |  mem-estimate=2.79MB mem-reservation=0B thread-reservation=0
|  |  |  tuple-ids=19 row-size=8B cardinality=360.00K cost=478440
|  |  |  in pipelines: 26(GETNEXT)
|  |  |
|  |  F17:PLAN FRAGMENT [RANDOM] hosts=4 instances=4
|  |  Per-Instance Resources: mem-estimate=16.05MB mem-reservation=512.00KB thread-reservation=1
|  |  max-parallelism=4 segment-costs=[57024]
|  |  26:SCAN HDFS [tpcds_partitioned_parquet_snap.item, RANDOM]
|  |     HDFS partitions=1/1 files=1 size=1.73MB
|  |     runtime filters: RF017[min_max] -> i_manufact_id
|  |     stored statistics:
|  |       table: rows=360.00K size=33.54MB
|  |       columns: all
|  |     extrapolated-rows=disabled max-scan-range-rows=101.54K
|  |     mem-estimate=16.00MB mem-reservation=512.00KB thread-reservation=0
|  |     tuple-ids=19 row-size=8B cardinality=360.00K cost=41472
|  |     in pipelines: 26(GETNEXT)
|  |
|  29:HASH JOIN [INNER JOIN, BROADCAST]
|  |  hash-table-id=10
|  |  hash predicates: ws_bill_addr_sk = ca_address_sk
|  |  fk/pk conjuncts: ws_bill_addr_sk = ca_address_sk
|  |  mem-estimate=0B mem-reservation=0B spill-buffer=2.00MB thread-reservation=0
|  |  tuple-ids=16,17,18 row-size=36B cardinality=20.01M cost=36429531
|  |  in pipelines: 23(GETNEXT), 25(OPEN)
|  |
|  |--F34:PLAN FRAGMENT [RANDOM] hosts=10 instances=10
|  |  |  Per-Instance Resources: mem-estimate=80.12MB mem-reservation=70.00MB thread-reservation=1 runtime-filters-memory=2.00MB
|  |  |  max-parallelism=10 segment-costs=[5647923]
|  |  JOIN BUILD
|  |  |  join-table-id=10 plan-id=11 cohort-id=03
|  |  |  build expressions: ca_address_sk
|  |  |  runtime filters: RF020[bloom] <- ca_address_sk, RF021[min_max] <- ca_address_sk
|  |  |  mem-estimate=68.00MB mem-reservation=68.00MB spill-buffer=2.00MB thread-reservation=0 cost=2425043
|  |  |
|  |  53:EXCHANGE [BROADCAST]
|  |  |  mem-estimate=10.12MB mem-reservation=0B thread-reservation=0
|  |  |  tuple-ids=18 row-size=8B cardinality=2.43M cost=3222880
|  |  |  in pipelines: 25(GETNEXT)
|  |  |
|  |  F16:PLAN FRAGMENT [RANDOM] hosts=10 instances=10
|  |  Per-Instance Resources: mem-estimate=16.05MB mem-reservation=128.00KB thread-reservation=1
|  |  max-parallelism=10 segment-costs=[2254261]
|  |  25:SCAN HDFS [tpcds_partitioned_parquet_snap.customer_address, RANDOM]
|  |     HDFS partitions=1/1 files=1 size=1.16MB
|  |     predicates: ca_gmt_offset = CAST(-6 AS DECIMAL(3,0))
|  |     stored statistics:
|  |       table: rows=15.00M size=307.36MB
|  |       columns: all
|  |     extrapolated-rows=disabled max-scan-range-rows=1.58M
|  |     parquet statistics predicates: ca_gmt_offset = CAST(-6 AS DECIMAL(3,0))
|  |     parquet dictionary predicates: ca_gmt_offset = CAST(-6 AS DECIMAL(3,0))
|  |     mem-estimate=16.00MB mem-reservation=128.00KB thread-reservation=0
|  |     tuple-ids=18 row-size=8B cardinality=2.43M cost=2149500
|  |     in pipelines: 25(GETNEXT)
|  |
|  28:HASH JOIN [INNER JOIN, BROADCAST]
|  |  hash-table-id=11
|  |  hash predicates: ws_sold_date_sk = d_date_sk
|  |  fk/pk conjuncts: ws_sold_date_sk = d_date_sk
|  |  mem-estimate=0B mem-reservation=0B spill-buffer=64.00KB thread-reservation=0
|  |  tuple-ids=16,17 row-size=28B cardinality=127.89M cost=55978696
|  |  in pipelines: 23(GETNEXT), 24(OPEN)
|  |
|  |--F35:PLAN FRAGMENT [RANDOM] hosts=10 instances=10
|  |  |  Per-Instance Resources: mem-estimate=4.89MB mem-reservation=4.88MB thread-reservation=1 runtime-filters-memory=1.00MB
|  |  |  max-parallelism=10 segment-costs=[248]
|  |  JOIN BUILD
|  |  |  join-table-id=11 plan-id=12 cohort-id=03
|  |  |  build expressions: d_date_sk
|  |  |  runtime filters: RF022[bloom] <- d_date_sk
|  |  |  mem-estimate=3.88MB mem-reservation=3.88MB spill-buffer=64.00KB thread-reservation=0 cost=108
|  |  |
|  |  52:EXCHANGE [BROADCAST]
|  |  |  mem-estimate=16.00KB mem-reservation=0B thread-reservation=0
|  |  |  tuple-ids=17 row-size=12B cardinality=108 cost=140
|  |  |  in pipelines: 24(GETNEXT)
|  |  |
|  |  F15:PLAN FRAGMENT [RANDOM] hosts=1 instances=1
|  |  Per-Instance Resources: mem-estimate=16.06MB mem-reservation=512.00KB thread-reservation=1
|  |  max-parallelism=1 segment-costs=[16733]
|  |  24:SCAN HDFS [tpcds_partitioned_parquet_snap.date_dim, RANDOM]
|  |     HDFS partitions=1/1 files=1 size=2.17MB
|  |     predicates: d_year = CAST(1999 AS INT), d_moy = CAST(2 AS INT)
|  |     stored statistics:
|  |       table: rows=73.05K size=2.17MB
|  |       columns: all
|  |     extrapolated-rows=disabled max-scan-range-rows=73.05K
|  |     parquet statistics predicates: d_year = CAST(1999 AS INT), d_moy = CAST(2 AS INT)
|  |     parquet dictionary predicates: d_year = CAST(1999 AS INT), d_moy = CAST(2 AS INT)
|  |     mem-estimate=16.00MB mem-reservation=512.00KB thread-reservation=0
|  |     tuple-ids=17 row-size=12B cardinality=108 cost=16728
|  |     in pipelines: 24(GETNEXT)
|  |
|  23:SCAN HDFS [tpcds_partitioned_parquet_snap.web_sales, RANDOM]
|     HDFS partitions=1824/1824 files=1824 size=84.18MB
|     runtime filters: RF021[min_max] -> ws_bill_addr_sk, RF019[min_max] -> ws_item_sk, RF022[bloom] -> ws_sold_date_sk, RF020[bloom] -> ws_bill_addr_sk, RF018[bloom] -> ws_item_sk
|     stored statistics:
|       table: rows=2.16G size=145.75GB
|       partitions: 1824/1824 rows=2.16G
|       columns: all
|     extrapolated-rows=disabled max-scan-range-rows=3.37M est-scan-range=109(filtered from 1824)
|     mem-estimate=16.00MB mem-reservation=128.00KB thread-reservation=0
|     tuple-ids=16 row-size=16B cardinality=127.89M(filtered from 2.16G) cost=29466510
|     in pipelines: 23(GETNEXT)
|
|--51:AGGREGATE [FINALIZE]
|  |  output: sum:merge(cs_ext_sales_price)
|  |  group by: i_manufact_id
|  |  mem-estimate=10.00MB mem-reservation=1.94MB spill-buffer=64.00KB thread-reservation=0
|  |  tuple-ids=14 row-size=20B cardinality=957 cost=2469
|  |  in pipelines: 51(GETNEXT), 12(OPEN)
|  |
|  50:EXCHANGE [HASH(i_manufact_id)]
|  |  mem-estimate=674.76KB mem-reservation=0B thread-reservation=0
|  |  tuple-ids=14 row-size=20B cardinality=957 cost=194
|  |  in pipelines: 12(GETNEXT)
|  |
|  F07:PLAN FRAGMENT [RANDOM] hosts=10 instances=30 (adjusted from 120)
|  Per-Host Shared Resources: mem-estimate=4.00MB mem-reservation=4.00MB thread-reservation=0 runtime-filters-memory=4.00MB
|  Per-Instance Resources: mem-estimate=31.62MB mem-reservation=3.00MB thread-reservation=1
|  max-parallelism=30 segment-costs=[289658848, 1725] cpu-comparison-result=55 [max(30 (self) vs 55 (sum children))]
|  22:AGGREGATE [STREAMING]
|  |  output: sum(cs_ext_sales_price)
|  |  group by: i_manufact_id
|  |  mem-estimate=10.00MB mem-reservation=2.00MB spill-buffer=64.00KB thread-reservation=0
|  |  tuple-ids=14 row-size=20B cardinality=957 cost=11952510
|  |  in pipelines: 12(GETNEXT)
|  |
|  21:HASH JOIN [LEFT SEMI JOIN, BROADCAST]
|  |  hash-table-id=04
|  |  hash predicates: i_manufact_id = tpcds_partitioned_parquet_snap.item.i_manufact_id
|  |  mem-estimate=0B mem-reservation=0B spill-buffer=64.00KB thread-reservation=0
|  |  tuple-ids=8,9,10,11 row-size=44B cardinality=39.84M cost=17437818
|  |  in pipelines: 12(GETNEXT), 48(OPEN)
|  |
|  |--F28:PLAN FRAGMENT [RANDOM] hosts=10 instances=10
|  |  |  Per-Instance Resources: mem-estimate=5.85MB mem-reservation=5.81MB thread-reservation=1
|  |  |  max-parallelism=10 segment-costs=[2227] cpu-comparison-result=10 [max(10 (self) vs 4 (sum children))]
|  |  JOIN BUILD
|  |  |  join-table-id=04 plan-id=05 cohort-id=02
|  |  |  build expressions: tpcds_partitioned_parquet_snap.item.i_manufact_id
|  |  |  runtime filters: RF009[min_max] <- tpcds_partitioned_parquet_snap.item.i_manufact_id
|  |  |  mem-estimate=5.81MB mem-reservation=5.81MB spill-buffer=64.00KB thread-reservation=0 cost=957
|  |  |
|  |  49:EXCHANGE [BROADCAST]
|  |  |  mem-estimate=33.64KB mem-reservation=0B thread-reservation=0
|  |  |  tuple-ids=39 row-size=4B cardinality=957 cost=1270
|  |  |  in pipelines: 48(GETNEXT)
|  |  |
|  |  F12:PLAN FRAGMENT [HASH(tpcds_partitioned_parquet_snap.item.i_manufact_id)] hosts=4 instances=4
|  |  Per-Instance Resources: mem-estimate=10.03MB mem-reservation=1.94MB thread-reservation=1
|  |  max-parallelism=4 segment-costs=[2613, 31] cpu-comparison-result=4 [max(4 (self) vs 4 (sum children))]
|  |  48:AGGREGATE [FINALIZE]
|  |  |  group by: tpcds_partitioned_parquet_snap.item.i_manufact_id
|  |  |  mem-estimate=10.00MB mem-reservation=1.94MB spill-buffer=64.00KB thread-reservation=0
|  |  |  tuple-ids=39 row-size=4B cardinality=957 cost=2490
|  |  |  in pipelines: 48(GETNEXT), 16(OPEN)
|  |  |
|  |  47:EXCHANGE [HASH(tpcds_partitioned_parquet_snap.item.i_manufact_id)]
|  |  |  mem-estimate=30.84KB mem-reservation=0B thread-reservation=0
|  |  |  tuple-ids=39 row-size=4B cardinality=957 cost=123
|  |  |  in pipelines: 16(GETNEXT)
|  |  |
|  |  F11:PLAN FRAGMENT [RANDOM] hosts=4 instances=4
|  |  Per-Instance Resources: mem-estimate=26.12MB mem-reservation=2.25MB thread-reservation=1
|  |  max-parallelism=4 segment-costs=[81962, 739]
|  |  20:AGGREGATE [STREAMING]
|  |  |  group by: tpcds_partitioned_parquet_snap.item.i_manufact_id
|  |  |  mem-estimate=10.00MB mem-reservation=2.00MB spill-buffer=64.00KB thread-reservation=0
|  |  |  tuple-ids=39 row-size=4B cardinality=957 cost=20499
|  |  |  in pipelines: 16(GETNEXT)
|  |  |
|  |  16:SCAN HDFS [tpcds_partitioned_parquet_snap.item, RANDOM]
|  |     HDFS partitions=1/1 files=1 size=1.73MB
|  |     predicates: i_category IN ('Electronics')
|  |     stored statistics:
|  |       table: rows=360.00K size=33.54MB
|  |       columns: all
|  |     extrapolated-rows=disabled max-scan-range-rows=101.54K
|  |     parquet statistics predicates: i_category IN ('Electronics')
|  |     parquet dictionary predicates: i_category IN ('Electronics')
|  |     mem-estimate=16.00MB mem-reservation=256.00KB thread-reservation=0
|  |     tuple-ids=12 row-size=22B cardinality=36.00K cost=61463
|  |     in pipelines: 16(GETNEXT)
|  |
|  19:HASH JOIN [INNER JOIN, BROADCAST]
|  |  hash-table-id=05
|  |  hash predicates: cs_item_sk = i_item_sk
|  |  fk/pk conjuncts: cs_item_sk = i_item_sk
|  |  mem-estimate=0B mem-reservation=0B spill-buffer=1.00MB thread-reservation=0
|  |  tuple-ids=8,9,10,11 row-size=44B cardinality=39.84M cost=17442927
|  |  in pipelines: 12(GETNEXT), 15(OPEN)
|  |
|  |--F29:PLAN FRAGMENT [RANDOM] hosts=10 instances=10
|  |  |  Per-Instance Resources: mem-estimate=54.79MB mem-reservation=52.00MB thread-reservation=1 runtime-filters-memory=1.00MB
|  |  |  max-parallelism=10 segment-costs=[838440]
|  |  JOIN BUILD
|  |  |  join-table-id=05 plan-id=06 cohort-id=02
|  |  |  build expressions: i_item_sk
|  |  |  runtime filters: RF010[bloom] <- i_item_sk, RF011[min_max] <- i_item_sk
|  |  |  mem-estimate=51.00MB mem-reservation=51.00MB spill-buffer=1.00MB thread-reservation=0 cost=360000
|  |  |
|  |  46:EXCHANGE [BROADCAST]
|  |  |  mem-estimate=2.79MB mem-reservation=0B thread-reservation=0
|  |  |  tuple-ids=11 row-size=8B cardinality=360.00K cost=478440
|  |  |  in pipelines: 15(GETNEXT)
|  |  |
|  |  F10:PLAN FRAGMENT [RANDOM] hosts=4 instances=4
|  |  Per-Instance Resources: mem-estimate=16.05MB mem-reservation=512.00KB thread-reservation=1
|  |  max-parallelism=4 segment-costs=[57024]
|  |  15:SCAN HDFS [tpcds_partitioned_parquet_snap.item, RANDOM]
|  |     HDFS partitions=1/1 files=1 size=1.73MB
|  |     runtime filters: RF009[min_max] -> i_manufact_id
|  |     stored statistics:
|  |       table: rows=360.00K size=33.54MB
|  |       columns: all
|  |     extrapolated-rows=disabled max-scan-range-rows=101.54K
|  |     mem-estimate=16.00MB mem-reservation=512.00KB thread-reservation=0
|  |     tuple-ids=11 row-size=8B cardinality=360.00K cost=41472
|  |     in pipelines: 15(GETNEXT)
|  |
|  18:HASH JOIN [INNER JOIN, BROADCAST]
|  |  hash-table-id=06
|  |  hash predicates: cs_bill_addr_sk = ca_address_sk
|  |  fk/pk conjuncts: cs_bill_addr_sk = ca_address_sk
|  |  mem-estimate=0B mem-reservation=0B spill-buffer=2.00MB thread-reservation=0
|  |  tuple-ids=8,9,10 row-size=36B cardinality=39.86M cost=72582905
|  |  in pipelines: 12(GETNEXT), 14(OPEN)
|  |
|  |--F30:PLAN FRAGMENT [RANDOM] hosts=10 instances=10
|  |  |  Per-Instance Resources: mem-estimate=114.12MB mem-reservation=104.00MB thread-reservation=1 runtime-filters-memory=2.00MB
|  |  |  max-parallelism=10 segment-costs=[5647923]
|  |  JOIN BUILD
|  |  |  join-table-id=06 plan-id=07 cohort-id=02
|  |  |  build expressions: ca_address_sk
|  |  |  runtime filters: RF012[bloom] <- ca_address_sk, RF013[min_max] <- ca_address_sk
|  |  |  mem-estimate=102.00MB mem-reservation=102.00MB spill-buffer=2.00MB thread-reservation=0 cost=2425043
|  |  |
|  |  45:EXCHANGE [BROADCAST]
|  |  |  mem-estimate=10.12MB mem-reservation=0B thread-reservation=0
|  |  |  tuple-ids=10 row-size=8B cardinality=2.43M cost=3222880
|  |  |  in pipelines: 14(GETNEXT)
|  |  |
|  |  F09:PLAN FRAGMENT [RANDOM] hosts=10 instances=10
|  |  Per-Instance Resources: mem-estimate=16.05MB mem-reservation=128.00KB thread-reservation=1
|  |  max-parallelism=10 segment-costs=[2254261]
|  |  14:SCAN HDFS [tpcds_partitioned_parquet_snap.customer_address, RANDOM]
|  |     HDFS partitions=1/1 files=1 size=1.16MB
|  |     predicates: ca_gmt_offset = CAST(-6 AS DECIMAL(3,0))
|  |     stored statistics:
|  |       table: rows=15.00M size=307.36MB
|  |       columns: all
|  |     extrapolated-rows=disabled max-scan-range-rows=1.58M
|  |     parquet statistics predicates: ca_gmt_offset = CAST(-6 AS DECIMAL(3,0))
|  |     parquet dictionary predicates: ca_gmt_offset = CAST(-6 AS DECIMAL(3,0))
|  |     mem-estimate=16.00MB mem-reservation=128.00KB thread-reservation=0
|  |     tuple-ids=10 row-size=8B cardinality=2.43M cost=2149500
|  |     in pipelines: 14(GETNEXT)
|  |
|  17:HASH JOIN [INNER JOIN, BROADCAST]
|  |  hash-table-id=07
|  |  hash predicates: cs_sold_date_sk = d_date_sk
|  |  fk/pk conjuncts: cs_sold_date_sk = d_date_sk
|  |  mem-estimate=0B mem-reservation=0B spill-buffer=64.00KB thread-reservation=0
|  |  tuple-ids=8,9 row-size=28B cardinality=254.82M cost=111533041
|  |  in pipelines: 12(GETNEXT), 13(OPEN)
|  |
|  |--F31:PLAN FRAGMENT [RANDOM] hosts=10 instances=10
|  |  |  Per-Instance Resources: mem-estimate=6.83MB mem-reservation=6.81MB thread-reservation=1 runtime-filters-memory=1.00MB
|  |  |  max-parallelism=10 segment-costs=[248]
|  |  JOIN BUILD
|  |  |  join-table-id=07 plan-id=08 cohort-id=02
|  |  |  build expressions: d_date_sk
|  |  |  runtime filters: RF014[bloom] <- d_date_sk
|  |  |  mem-estimate=5.81MB mem-reservation=5.81MB spill-buffer=64.00KB thread-reservation=0 cost=108
|  |  |
|  |  44:EXCHANGE [BROADCAST]
|  |  |  mem-estimate=16.00KB mem-reservation=0B thread-reservation=0
|  |  |  tuple-ids=9 row-size=12B cardinality=108 cost=140
|  |  |  in pipelines: 13(GETNEXT)
|  |  |
|  |  F08:PLAN FRAGMENT [RANDOM] hosts=1 instances=1
|  |  Per-Instance Resources: mem-estimate=16.06MB mem-reservation=512.00KB thread-reservation=1
|  |  max-parallelism=1 segment-costs=[16733]
|  |  13:SCAN HDFS [tpcds_partitioned_parquet_snap.date_dim, RANDOM]
|  |     HDFS partitions=1/1 files=1 size=2.17MB
|  |     predicates: d_year = CAST(1999 AS INT), d_moy = CAST(2 AS INT)
|  |     stored statistics:
|  |       table: rows=73.05K size=2.17MB
|  |       columns: all
|  |     extrapolated-rows=disabled max-scan-range-rows=73.05K
|  |     parquet statistics predicates: d_year = CAST(1999 AS INT), d_moy = CAST(2 AS INT)
|  |     parquet dictionary predicates: d_year = CAST(1999 AS INT), d_moy = CAST(2 AS INT)
|  |     mem-estimate=16.00MB mem-reservation=512.00KB thread-reservation=0
|  |     tuple-ids=9 row-size=12B cardinality=108 cost=16728
|  |     in pipelines: 13(GETNEXT)
|  |
|  12:SCAN HDFS [tpcds_partitioned_parquet_snap.catalog_sales, RANDOM]
|     HDFS partitions=1831/1831 files=1831 size=150.82MB
|     runtime filters: RF013[min_max] -> cs_bill_addr_sk, RF011[min_max] -> cs_item_sk, RF014[bloom] -> cs_sold_date_sk, RF012[bloom] -> cs_bill_addr_sk, RF010[bloom] -> cs_item_sk
|     stored statistics:
|       table: rows=4.32G size=280.96GB
|       partitions: 1831/1831 rows=4.32G
|       columns: all
|     extrapolated-rows=disabled max-scan-range-rows=21.52M est-scan-range=109(filtered from 1831)
|     mem-estimate=16.00MB mem-reservation=1.00MB thread-reservation=0
|     tuple-ids=8 row-size=16B cardinality=254.82M(filtered from 4.32G) cost=58709647
|     in pipelines: 12(GETNEXT)
|
43:AGGREGATE [FINALIZE]
|  output: sum:merge(ss_ext_sales_price)
|  group by: i_manufact_id
|  mem-estimate=10.00MB mem-reservation=1.94MB spill-buffer=64.00KB thread-reservation=0
|  tuple-ids=6 row-size=20B cardinality=957 cost=2469
|  in pipelines: 43(GETNEXT), 01(OPEN)
|
42:EXCHANGE [HASH(i_manufact_id)]
|  mem-estimate=1.32MB mem-reservation=0B thread-reservation=0
|  tuple-ids=6 row-size=20B cardinality=957 cost=194
|  in pipelines: 01(GETNEXT)
|
F00:PLAN FRAGMENT [RANDOM] hosts=10 instances=60 (adjusted from 120)
Per-Host Shared Resources: mem-estimate=4.00MB mem-reservation=4.00MB thread-reservation=0 runtime-filters-memory=4.00MB
Per-Instance Resources: mem-estimate=31.62MB mem-reservation=10.00MB thread-reservation=1
max-parallelism=60 segment-costs=[581224404, 1725] cpu-comparison-result=60 [max(60 (self) vs 55 (sum children))]
11:AGGREGATE [STREAMING]
|  output: sum(ss_ext_sales_price)
|  group by: i_manufact_id
|  mem-estimate=10.00MB mem-reservation=2.00MB spill-buffer=64.00KB thread-reservation=0
|  tuple-ids=6 row-size=20B cardinality=957 cost=23694455
|  in pipelines: 01(GETNEXT)
|
10:HASH JOIN [LEFT SEMI JOIN, BROADCAST]
|  hash-table-id=00
|  hash predicates: i_manufact_id = tpcds_partitioned_parquet_snap.item.i_manufact_id
|  mem-estimate=0B mem-reservation=0B spill-buffer=64.00KB thread-reservation=0
|  tuple-ids=0,1,2,3 row-size=44B cardinality=79.98M cost=35008584
|  in pipelines: 01(GETNEXT), 40(OPEN)
|
|--F24:PLAN FRAGMENT [RANDOM] hosts=10 instances=10
|  |  Per-Instance Resources: mem-estimate=12.66MB mem-reservation=12.62MB thread-reservation=1 runtime-filters-memory=1.00MB
|  |  max-parallelism=10 segment-costs=[2227] cpu-comparison-result=10 [max(10 (self) vs 4 (sum children))]
|  JOIN BUILD
|  |  join-table-id=00 plan-id=01 cohort-id=01
|  |  build expressions: tpcds_partitioned_parquet_snap.item.i_manufact_id
|  |  runtime filters: RF000[bloom] <- tpcds_partitioned_parquet_snap.item.i_manufact_id, RF001[min_max] <- tpcds_partitioned_parquet_snap.item.i_manufact_id
|  |  mem-estimate=11.62MB mem-reservation=11.62MB spill-buffer=64.00KB thread-reservation=0 cost=957
|  |
|  41:EXCHANGE [BROADCAST]
|  |  mem-estimate=33.64KB mem-reservation=0B thread-reservation=0
|  |  tuple-ids=33 row-size=4B cardinality=957 cost=1270
|  |  in pipelines: 40(GETNEXT)
|  |
|  F05:PLAN FRAGMENT [HASH(tpcds_partitioned_parquet_snap.item.i_manufact_id)] hosts=4 instances=4
|  Per-Instance Resources: mem-estimate=10.03MB mem-reservation=1.94MB thread-reservation=1
|  max-parallelism=4 segment-costs=[2613, 31] cpu-comparison-result=4 [max(4 (self) vs 4 (sum children))]
|  40:AGGREGATE [FINALIZE]
|  |  group by: tpcds_partitioned_parquet_snap.item.i_manufact_id
|  |  mem-estimate=10.00MB mem-reservation=1.94MB spill-buffer=64.00KB thread-reservation=0
|  |  tuple-ids=33 row-size=4B cardinality=957 cost=2490
|  |  in pipelines: 40(GETNEXT), 05(OPEN)
|  |
|  39:EXCHANGE [HASH(tpcds_partitioned_parquet_snap.item.i_manufact_id)]
|  |  mem-estimate=30.84KB mem-reservation=0B thread-reservation=0
|  |  tuple-ids=33 row-size=4B cardinality=957 cost=123
|  |  in pipelines: 05(GETNEXT)
|  |
|  F04:PLAN FRAGMENT [RANDOM] hosts=4 instances=4
|  Per-Instance Resources: mem-estimate=26.12MB mem-reservation=2.25MB thread-reservation=1
|  max-parallelism=4 segment-costs=[81962, 739]
|  09:AGGREGATE [STREAMING]
|  |  group by: tpcds_partitioned_parquet_snap.item.i_manufact_id
|  |  mem-estimate=10.00MB mem-reservation=2.00MB spill-buffer=64.00KB thread-reservation=0
|  |  tuple-ids=33 row-size=4B cardinality=957 cost=20499
|  |  in pipelines: 05(GETNEXT)
|  |
|  05:SCAN HDFS [tpcds_partitioned_parquet_snap.item, RANDOM]
|     HDFS partitions=1/1 files=1 size=1.73MB
|     predicates: i_category IN ('Electronics')
|     stored statistics:
|       table: rows=360.00K size=33.54MB
|       columns: all
|     extrapolated-rows=disabled max-scan-range-rows=101.54K
|     parquet statistics predicates: i_category IN ('Electronics')
|     parquet dictionary predicates: i_category IN ('Electronics')
|     mem-estimate=16.00MB mem-reservation=256.00KB thread-reservation=0
|     tuple-ids=4 row-size=22B cardinality=36.00K cost=61463
|     in pipelines: 05(GETNEXT)
|
08:HASH JOIN [INNER JOIN, BROADCAST]
|  hash-table-id=01
|  hash predicates: ss_item_sk = i_item_sk
|  fk/pk conjuncts: ss_item_sk = i_item_sk
|  mem-estimate=0B mem-reservation=0B spill-buffer=1.00MB thread-reservation=0
|  tuple-ids=0,1,2,3 row-size=44B cardinality=79.98M cost=35018842
|  in pipelines: 01(GETNEXT), 04(OPEN)
|
|--F25:PLAN FRAGMENT [RANDOM] hosts=10 instances=10
|  |  Per-Instance Resources: mem-estimate=105.79MB mem-reservation=103.00MB thread-reservation=1 runtime-filters-memory=1.00MB
|  |  max-parallelism=10 segment-costs=[838440]
|  JOIN BUILD
|  |  join-table-id=01 plan-id=02 cohort-id=01
|  |  build expressions: i_item_sk
|  |  runtime filters: RF002[bloom] <- i_item_sk, RF003[min_max] <- i_item_sk
|  |  mem-estimate=102.00MB mem-reservation=102.00MB spill-buffer=1.00MB thread-reservation=0 cost=360000
|  |
|  38:EXCHANGE [BROADCAST]
|  |  mem-estimate=2.79MB mem-reservation=0B thread-reservation=0
|  |  tuple-ids=3 row-size=8B cardinality=360.00K cost=478440
|  |  in pipelines: 04(GETNEXT)
|  |
|  F03:PLAN FRAGMENT [RANDOM] hosts=4 instances=4
|  Per-Host Shared Resources: mem-estimate=1.00MB mem-reservation=1.00MB thread-reservation=0 runtime-filters-memory=1.00MB
|  Per-Instance Resources: mem-estimate=16.05MB mem-reservation=512.00KB thread-reservation=1
|  max-parallelism=4 segment-costs=[57024]
|  04:SCAN HDFS [tpcds_partitioned_parquet_snap.item, RANDOM]
|     HDFS partitions=1/1 files=1 size=1.73MB
|     runtime filters: RF001[min_max] -> i_manufact_id, RF000[bloom] -> i_manufact_id
|     stored statistics:
|       table: rows=360.00K size=33.54MB
|       columns: all
|     extrapolated-rows=disabled max-scan-range-rows=101.54K
|     mem-estimate=16.00MB mem-reservation=512.00KB thread-reservation=0
|     tuple-ids=3 row-size=8B cardinality=360.00K cost=41472
|     in pipelines: 04(GETNEXT)
|
07:HASH JOIN [INNER JOIN, BROADCAST]
|  hash-table-id=02
|  hash predicates: ss_addr_sk = ca_address_sk
|  fk/pk conjuncts: ss_addr_sk = ca_address_sk
|  mem-estimate=0B mem-reservation=0B spill-buffer=2.00MB thread-reservation=0
|  tuple-ids=0,1,2 row-size=36B cardinality=80.02M cost=145719192
|  in pipelines: 01(GETNEXT), 03(OPEN)
|
|--F26:PLAN FRAGMENT [RANDOM] hosts=10 instances=10
|  |  Per-Instance Resources: mem-estimate=216.12MB mem-reservation=206.00MB thread-reservation=1 runtime-filters-memory=2.00MB
|  |  max-parallelism=10 segment-costs=[5647923]
|  JOIN BUILD
|  |  join-table-id=02 plan-id=03 cohort-id=01
|  |  build expressions: ca_address_sk
|  |  runtime filters: RF004[bloom] <- ca_address_sk, RF005[min_max] <- ca_address_sk
|  |  mem-estimate=204.00MB mem-reservation=204.00MB spill-buffer=2.00MB thread-reservation=0 cost=2425043
|  |
|  37:EXCHANGE [BROADCAST]
|  |  mem-estimate=10.12MB mem-reservation=0B thread-reservation=0
|  |  tuple-ids=2 row-size=8B cardinality=2.43M cost=3222880
|  |  in pipelines: 03(GETNEXT)
|  |
|  F02:PLAN FRAGMENT [RANDOM] hosts=10 instances=10
|  Per-Instance Resources: mem-estimate=16.05MB mem-reservation=128.00KB thread-reservation=1
|  max-parallelism=10 segment-costs=[2254261]
|  03:SCAN HDFS [tpcds_partitioned_parquet_snap.customer_address, RANDOM]
|     HDFS partitions=1/1 files=1 size=1.16MB
|     predicates: ca_gmt_offset = CAST(-6 AS DECIMAL(3,0))
|     stored statistics:
|       table: rows=15.00M size=307.36MB
|       columns: all
|     extrapolated-rows=disabled max-scan-range-rows=1.58M
|     parquet statistics predicates: ca_gmt_offset = CAST(-6 AS DECIMAL(3,0))
|     parquet dictionary predicates: ca_gmt_offset = CAST(-6 AS DECIMAL(3,0))
|     mem-estimate=16.00MB mem-reservation=128.00KB thread-reservation=0
|     tuple-ids=2 row-size=8B cardinality=2.43M cost=2149500
|     in pipelines: 03(GETNEXT)
|
06:HASH JOIN [INNER JOIN, BROADCAST]
|  hash-table-id=03
|  hash predicates: ss_sold_date_sk = d_date_sk
|  fk/pk conjuncts: ss_sold_date_sk = d_date_sk
|  mem-estimate=0B mem-reservation=0B spill-buffer=64.00KB thread-reservation=0
|  tuple-ids=0,1 row-size=28B cardinality=511.58M cost=223916426
|  in pipelines: 01(GETNEXT), 02(OPEN)
|
|--F27:PLAN FRAGMENT [RANDOM] hosts=10 instances=10
|  |  Per-Instance Resources: mem-estimate=12.64MB mem-reservation=12.62MB thread-reservation=1 runtime-filters-memory=1.00MB
|  |  max-parallelism=10 segment-costs=[248]
|  JOIN BUILD
|  |  join-table-id=03 plan-id=04 cohort-id=01
|  |  build expressions: d_date_sk
|  |  runtime filters: RF006[bloom] <- d_date_sk
|  |  mem-estimate=11.62MB mem-reservation=11.62MB spill-buffer=64.00KB thread-reservation=0 cost=108
|  |
|  36:EXCHANGE [BROADCAST]
|  |  mem-estimate=16.00KB mem-reservation=0B thread-reservation=0
|  |  tuple-ids=1 row-size=12B cardinality=108 cost=140
|  |  in pipelines: 02(GETNEXT)
|  |
|  F01:PLAN FRAGMENT [RANDOM] hosts=1 instances=1
|  Per-Instance Resources: mem-estimate=16.06MB mem-reservation=512.00KB thread-reservation=1
|  max-parallelism=1 segment-costs=[16733]
|  02:SCAN HDFS [tpcds_partitioned_parquet_snap.date_dim, RANDOM]
|     HDFS partitions=1/1 files=1 size=2.17MB
|     predicates: d_year = CAST(1999 AS INT), d_moy = CAST(2 AS INT)
|     stored statistics:
|       table: rows=73.05K size=2.17MB
|       columns: all
|     extrapolated-rows=disabled max-scan-range-rows=73.05K
|     parquet statistics predicates: d_year = CAST(1999 AS INT), d_moy = CAST(2 AS INT)
|     parquet dictionary predicates: d_year = CAST(1999 AS INT), d_moy = CAST(2 AS INT)
|     mem-estimate=16.00MB mem-reservation=512.00KB thread-reservation=0
|     tuple-ids=1 row-size=12B cardinality=108 cost=16728
|     in pipelines: 02(GETNEXT)
|
01:SCAN HDFS [tpcds_partitioned_parquet_snap.store_sales, RANDOM]
   HDFS partitions=1824/1824 files=1824 size=199.33MB
   runtime filters: RF005[min_max] -> ss_addr_sk, RF003[min_max] -> ss_item_sk, RF006[bloom] -> ss_sold_date_sk, RF004[bloom] -> ss_addr_sk, RF002[bloom] -> ss_item_sk
   stored statistics:
     table: rows=8.64G size=389.90GB
     partitions: 1824/1824 rows=8.64G
     columns: all
   extrapolated-rows=disabled max-scan-range-rows=390.22M est-scan-range=109(filtered from 1824)
   mem-estimate=16.00MB mem-reservation=8.00MB thread-reservation=0
   tuple-ids=0 row-size=16B cardinality=511.58M(filtered from 8.64G) cost=117866905
   in pipelines: 01(GETNEXT)
---- PARALLELPLANS
Max Per-Host Resource Reservation: Memory=748.38MB Threads=46
Per-Host Resource Estimates: Memory=1.38GB
F23:PLAN FRAGMENT [UNPARTITIONED] hosts=1 instances=1
|  Per-Instance Resources: mem-estimate=4.02MB mem-reservation=4.00MB thread-reservation=1
|  max-parallelism=1 segment-costs=[229] cpu-comparison-result=170 [max(1 (self) vs 170 (sum children))]
PLAN-ROOT SINK
|  output exprs: i_manufact_id, sum(total_sales)
|  mem-estimate=4.00MB mem-reservation=4.00MB spill-buffer=2.00MB thread-reservation=0 cost=200
|
62:MERGING-EXCHANGE [UNPARTITIONED]
|  order by: sum(total_sales) ASC
|  limit: 100
|  mem-estimate=23.63KB mem-reservation=0B thread-reservation=0
|  tuple-ids=27 row-size=20B cardinality=100 cost=29
|  in pipelines: 35(GETNEXT)
|
F22:PLAN FRAGMENT [HASH(i_manufact_id)] hosts=10 instances=10 (adjusted from 120)
Per-Instance Resources: mem-estimate=11.32MB mem-reservation=1.94MB thread-reservation=1
max-parallelism=10 segment-costs=[2663, 5342, 83] cpu-comparison-result=170 [max(10 (self) vs 170 (sum children))]
35:TOP-N [LIMIT=100]
|  order by: sum(total_sales) ASC
|  mem-estimate=1.95KB mem-reservation=0B thread-reservation=0
|  tuple-ids=27 row-size=20B cardinality=100 cost=5342
|  in pipelines: 35(GETNEXT), 61(OPEN)
|
61:AGGREGATE [FINALIZE]
|  output: sum:merge(total_sales)
|  group by: i_manufact_id
|  mem-estimate=10.00MB mem-reservation=1.94MB spill-buffer=64.00KB thread-reservation=0
|  tuple-ids=26 row-size=20B cardinality=957 cost=2469
|  in pipelines: 61(GETNEXT), 43(OPEN), 51(OPEN), 59(OPEN)
|
60:EXCHANGE [HASH(i_manufact_id)]
|  mem-estimate=1.32MB mem-reservation=0B thread-reservation=0
|  tuple-ids=26 row-size=20B cardinality=957 cost=194
|  in pipelines: 43(GETNEXT), 51(GETNEXT), 59(GETNEXT)
|
F21:PLAN FRAGMENT [RANDOM] hosts=10 instances=60 (adjusted from 120)
Per-Instance Resources: mem-estimate=22.25MB mem-reservation=3.94MB thread-reservation=1
max-parallelism=60 segment-costs=[2663, 2663, 2663, 8290, 1725] cpu-comparison-result=170 [max(60 (self) vs 170 (sum children))]
34:AGGREGATE [STREAMING]
|  output: sum(total_sales)
|  group by: i_manufact_id
|  mem-estimate=10.00MB mem-reservation=2.00MB spill-buffer=64.00KB thread-reservation=0
|  tuple-ids=26 row-size=20B cardinality=957 cost=8035
|  in pipelines: 43(GETNEXT), 51(GETNEXT), 59(GETNEXT)
|
00:UNION
|  mem-estimate=0B mem-reservation=0B thread-reservation=0
|  tuple-ids=24 row-size=20B cardinality=2.87K cost=255
|  in pipelines: 43(GETNEXT), 51(GETNEXT), 59(GETNEXT)
|
|--59:AGGREGATE [FINALIZE]
|  |  output: sum:merge(ws_ext_sales_price)
|  |  group by: i_manufact_id
|  |  mem-estimate=10.00MB mem-reservation=1.94MB spill-buffer=64.00KB thread-reservation=0
|  |  tuple-ids=22 row-size=20B cardinality=957 cost=2469
|  |  in pipelines: 59(GETNEXT), 23(OPEN)
|  |
|  58:EXCHANGE [HASH(i_manufact_id)]
|  |  mem-estimate=450.46KB mem-reservation=0B thread-reservation=0
|  |  tuple-ids=22 row-size=20B cardinality=957 cost=194
|  |  in pipelines: 23(GETNEXT)
|  |
|  F14:PLAN FRAGMENT [RANDOM] hosts=10 instances=20 (adjusted from 120)
|  Per-Host Shared Resources: mem-estimate=4.00MB mem-reservation=4.00MB thread-reservation=0 runtime-filters-memory=4.00MB
|  Per-Instance Resources: mem-estimate=31.62MB mem-reservation=2.12MB thread-reservation=1
|  max-parallelism=20 segment-costs=[145529594, 1725] cpu-comparison-result=55 [max(20 (self) vs 55 (sum children))]
|  33:AGGREGATE [STREAMING]
|  |  output: sum(ws_ext_sales_price)
|  |  group by: i_manufact_id
|  |  mem-estimate=10.00MB mem-reservation=2.00MB spill-buffer=64.00KB thread-reservation=0
|  |  tuple-ids=22 row-size=20B cardinality=957 cost=6148129
|  |  in pipelines: 23(GETNEXT)
|  |
|  32:HASH JOIN [LEFT SEMI JOIN, BROADCAST]
|  |  hash-table-id=08
|  |  hash predicates: i_manufact_id = tpcds_partitioned_parquet_snap.item.i_manufact_id
|  |  mem-estimate=0B mem-reservation=0B spill-buffer=64.00KB thread-reservation=0
|  |  tuple-ids=16,17,18,19 row-size=44B cardinality=20.00M cost=8752082
|  |  in pipelines: 23(GETNEXT), 56(OPEN)
|  |
|  |--F32:PLAN FRAGMENT [RANDOM] hosts=10 instances=10
|  |  |  Per-Instance Resources: mem-estimate=3.91MB mem-reservation=3.88MB thread-reservation=1
|  |  |  max-parallelism=10 segment-costs=[2227] cpu-comparison-result=10 [max(10 (self) vs 4 (sum children))]
|  |  JOIN BUILD
|  |  |  join-table-id=08 plan-id=09 cohort-id=03
|  |  |  build expressions: tpcds_partitioned_parquet_snap.item.i_manufact_id
|  |  |  runtime filters: RF017[min_max] <- tpcds_partitioned_parquet_snap.item.i_manufact_id
|  |  |  mem-estimate=3.88MB mem-reservation=3.88MB spill-buffer=64.00KB thread-reservation=0 cost=957
|  |  |
|  |  57:EXCHANGE [BROADCAST]
|  |  |  mem-estimate=33.64KB mem-reservation=0B thread-reservation=0
|  |  |  tuple-ids=45 row-size=4B cardinality=957 cost=1270
|  |  |  in pipelines: 56(GETNEXT)
|  |  |
|  |  F19:PLAN FRAGMENT [HASH(tpcds_partitioned_parquet_snap.item.i_manufact_id)] hosts=4 instances=4
|  |  Per-Instance Resources: mem-estimate=10.03MB mem-reservation=1.94MB thread-reservation=1
|  |  max-parallelism=4 segment-costs=[2613, 31] cpu-comparison-result=4 [max(4 (self) vs 4 (sum children))]
|  |  56:AGGREGATE [FINALIZE]
|  |  |  group by: tpcds_partitioned_parquet_snap.item.i_manufact_id
|  |  |  mem-estimate=10.00MB mem-reservation=1.94MB spill-buffer=64.00KB thread-reservation=0
|  |  |  tuple-ids=45 row-size=4B cardinality=957 cost=2490
|  |  |  in pipelines: 56(GETNEXT), 27(OPEN)
|  |  |
|  |  55:EXCHANGE [HASH(tpcds_partitioned_parquet_snap.item.i_manufact_id)]
|  |  |  mem-estimate=30.84KB mem-reservation=0B thread-reservation=0
|  |  |  tuple-ids=45 row-size=4B cardinality=957 cost=123
|  |  |  in pipelines: 27(GETNEXT)
|  |  |
|  |  F18:PLAN FRAGMENT [RANDOM] hosts=4 instances=4
|  |  Per-Instance Resources: mem-estimate=26.12MB mem-reservation=2.25MB thread-reservation=1
|  |  max-parallelism=4 segment-costs=[81962, 739]
|  |  31:AGGREGATE [STREAMING]
|  |  |  group by: tpcds_partitioned_parquet_snap.item.i_manufact_id
|  |  |  mem-estimate=10.00MB mem-reservation=2.00MB spill-buffer=64.00KB thread-reservation=0
|  |  |  tuple-ids=45 row-size=4B cardinality=957 cost=20499
|  |  |  in pipelines: 27(GETNEXT)
|  |  |
|  |  27:SCAN HDFS [tpcds_partitioned_parquet_snap.item, RANDOM]
|  |     HDFS partitions=1/1 files=1 size=1.73MB
|  |     predicates: i_category IN ('Electronics')
|  |     stored statistics:
|  |       table: rows=360.00K size=33.54MB
|  |       columns: all
|  |     extrapolated-rows=disabled max-scan-range-rows=101.54K
|  |     parquet statistics predicates: i_category IN ('Electronics')
|  |     parquet dictionary predicates: i_category IN ('Electronics')
|  |     mem-estimate=16.00MB mem-reservation=256.00KB thread-reservation=0
|  |     tuple-ids=20 row-size=22B cardinality=36.00K cost=61463
|  |     in pipelines: 27(GETNEXT)
|  |
|  30:HASH JOIN [INNER JOIN, BROADCAST]
|  |  hash-table-id=09
|  |  hash predicates: ws_item_sk = i_item_sk
|  |  fk/pk conjuncts: ws_item_sk = i_item_sk
|  |  mem-estimate=0B mem-reservation=0B spill-buffer=1.00MB thread-reservation=0
|  |  tuple-ids=16,17,18,19 row-size=44B cardinality=20.00M cost=8754646
|  |  in pipelines: 23(GETNEXT), 26(OPEN)
|  |
|  |--F33:PLAN FRAGMENT [RANDOM] hosts=10 instances=10
|  |  |  Per-Instance Resources: mem-estimate=37.79MB mem-reservation=35.00MB thread-reservation=1 runtime-filters-memory=1.00MB
|  |  |  max-parallelism=10 segment-costs=[838440]
|  |  JOIN BUILD
|  |  |  join-table-id=09 plan-id=10 cohort-id=03
|  |  |  build expressions: i_item_sk
|  |  |  runtime filters: RF018[bloom] <- i_item_sk, RF019[min_max] <- i_item_sk
|  |  |  mem-estimate=34.00MB mem-reservation=34.00MB spill-buffer=1.00MB thread-reservation=0 cost=360000
|  |  |
|  |  54:EXCHANGE [BROADCAST]
|  |  |  mem-estimate=2.79MB mem-reservation=0B thread-reservation=0
|  |  |  tuple-ids=19 row-size=8B cardinality=360.00K cost=478440
|  |  |  in pipelines: 26(GETNEXT)
|  |  |
|  |  F17:PLAN FRAGMENT [RANDOM] hosts=4 instances=4
|  |  Per-Instance Resources: mem-estimate=16.05MB mem-reservation=512.00KB thread-reservation=1
|  |  max-parallelism=4 segment-costs=[57024]
|  |  26:SCAN HDFS [tpcds_partitioned_parquet_snap.item, RANDOM]
|  |     HDFS partitions=1/1 files=1 size=1.73MB
|  |     runtime filters: RF017[min_max] -> i_manufact_id
|  |     stored statistics:
|  |       table: rows=360.00K size=33.54MB
|  |       columns: all
|  |     extrapolated-rows=disabled max-scan-range-rows=101.54K
|  |     mem-estimate=16.00MB mem-reservation=512.00KB thread-reservation=0
|  |     tuple-ids=19 row-size=8B cardinality=360.00K cost=41472
|  |     in pipelines: 26(GETNEXT)
|  |
|  29:HASH JOIN [INNER JOIN, BROADCAST]
|  |  hash-table-id=10
|  |  hash predicates: ws_bill_addr_sk = ca_address_sk
|  |  fk/pk conjuncts: ws_bill_addr_sk = ca_address_sk
|  |  mem-estimate=0B mem-reservation=0B spill-buffer=2.00MB thread-reservation=0
|  |  tuple-ids=16,17,18 row-size=36B cardinality=20.01M cost=36429531
|  |  in pipelines: 23(GETNEXT), 25(OPEN)
|  |
|  |--F34:PLAN FRAGMENT [RANDOM] hosts=10 instances=10
|  |  |  Per-Instance Resources: mem-estimate=80.12MB mem-reservation=70.00MB thread-reservation=1 runtime-filters-memory=2.00MB
|  |  |  max-parallelism=10 segment-costs=[5647923]
|  |  JOIN BUILD
|  |  |  join-table-id=10 plan-id=11 cohort-id=03
|  |  |  build expressions: ca_address_sk
|  |  |  runtime filters: RF020[bloom] <- ca_address_sk, RF021[min_max] <- ca_address_sk
|  |  |  mem-estimate=68.00MB mem-reservation=68.00MB spill-buffer=2.00MB thread-reservation=0 cost=2425043
|  |  |
|  |  53:EXCHANGE [BROADCAST]
|  |  |  mem-estimate=10.12MB mem-reservation=0B thread-reservation=0
|  |  |  tuple-ids=18 row-size=8B cardinality=2.43M cost=3222880
|  |  |  in pipelines: 25(GETNEXT)
|  |  |
|  |  F16:PLAN FRAGMENT [RANDOM] hosts=10 instances=10
|  |  Per-Instance Resources: mem-estimate=16.05MB mem-reservation=128.00KB thread-reservation=1
|  |  max-parallelism=10 segment-costs=[2254261]
|  |  25:SCAN HDFS [tpcds_partitioned_parquet_snap.customer_address, RANDOM]
|  |     HDFS partitions=1/1 files=1 size=1.16MB
|  |     predicates: ca_gmt_offset = CAST(-6 AS DECIMAL(3,0))
|  |     stored statistics:
|  |       table: rows=15.00M size=307.36MB
|  |       columns: all
|  |     extrapolated-rows=disabled max-scan-range-rows=1.58M
|  |     parquet statistics predicates: ca_gmt_offset = CAST(-6 AS DECIMAL(3,0))
|  |     parquet dictionary predicates: ca_gmt_offset = CAST(-6 AS DECIMAL(3,0))
|  |     mem-estimate=16.00MB mem-reservation=128.00KB thread-reservation=0
|  |     tuple-ids=18 row-size=8B cardinality=2.43M cost=2149500
|  |     in pipelines: 25(GETNEXT)
|  |
|  28:HASH JOIN [INNER JOIN, BROADCAST]
|  |  hash-table-id=11
|  |  hash predicates: ws_sold_date_sk = d_date_sk
|  |  fk/pk conjuncts: ws_sold_date_sk = d_date_sk
|  |  mem-estimate=0B mem-reservation=0B spill-buffer=64.00KB thread-reservation=0
|  |  tuple-ids=16,17 row-size=28B cardinality=127.89M cost=55978696
|  |  in pipelines: 23(GETNEXT), 24(OPEN)
|  |
|  |--F35:PLAN FRAGMENT [RANDOM] hosts=10 instances=10
|  |  |  Per-Instance Resources: mem-estimate=4.89MB mem-reservation=4.88MB thread-reservation=1 runtime-filters-memory=1.00MB
|  |  |  max-parallelism=10 segment-costs=[248]
|  |  JOIN BUILD
|  |  |  join-table-id=11 plan-id=12 cohort-id=03
|  |  |  build expressions: d_date_sk
|  |  |  runtime filters: RF022[bloom] <- d_date_sk
|  |  |  mem-estimate=3.88MB mem-reservation=3.88MB spill-buffer=64.00KB thread-reservation=0 cost=108
|  |  |
|  |  52:EXCHANGE [BROADCAST]
|  |  |  mem-estimate=16.00KB mem-reservation=0B thread-reservation=0
|  |  |  tuple-ids=17 row-size=12B cardinality=108 cost=140
|  |  |  in pipelines: 24(GETNEXT)
|  |  |
|  |  F15:PLAN FRAGMENT [RANDOM] hosts=1 instances=1
|  |  Per-Instance Resources: mem-estimate=16.06MB mem-reservation=512.00KB thread-reservation=1
|  |  max-parallelism=1 segment-costs=[16733]
|  |  24:SCAN HDFS [tpcds_partitioned_parquet_snap.date_dim, RANDOM]
|  |     HDFS partitions=1/1 files=1 size=2.17MB
|  |     predicates: d_year = CAST(1999 AS INT), d_moy = CAST(2 AS INT)
|  |     stored statistics:
|  |       table: rows=73.05K size=2.17MB
|  |       columns: all
|  |     extrapolated-rows=disabled max-scan-range-rows=73.05K
|  |     parquet statistics predicates: d_year = CAST(1999 AS INT), d_moy = CAST(2 AS INT)
|  |     parquet dictionary predicates: d_year = CAST(1999 AS INT), d_moy = CAST(2 AS INT)
|  |     mem-estimate=16.00MB mem-reservation=512.00KB thread-reservation=0
|  |     tuple-ids=17 row-size=12B cardinality=108 cost=16728
|  |     in pipelines: 24(GETNEXT)
|  |
|  23:SCAN HDFS [tpcds_partitioned_parquet_snap.web_sales, RANDOM]
|     HDFS partitions=1824/1824 files=1824 size=84.18MB
|     runtime filters: RF021[min_max] -> ws_bill_addr_sk, RF019[min_max] -> ws_item_sk, RF022[bloom] -> ws_sold_date_sk, RF020[bloom] -> ws_bill_addr_sk, RF018[bloom] -> ws_item_sk
|     stored statistics:
|       table: rows=2.16G size=145.75GB
|       partitions: 1824/1824 rows=2.16G
|       columns: all
|     extrapolated-rows=disabled max-scan-range-rows=3.37M est-scan-range=109(filtered from 1824)
|     mem-estimate=16.00MB mem-reservation=128.00KB thread-reservation=0
|     tuple-ids=16 row-size=16B cardinality=127.89M(filtered from 2.16G) cost=29466510
|     in pipelines: 23(GETNEXT)
|
|--51:AGGREGATE [FINALIZE]
|  |  output: sum:merge(cs_ext_sales_price)
|  |  group by: i_manufact_id
|  |  mem-estimate=10.00MB mem-reservation=1.94MB spill-buffer=64.00KB thread-reservation=0
|  |  tuple-ids=14 row-size=20B cardinality=957 cost=2469
|  |  in pipelines: 51(GETNEXT), 12(OPEN)
|  |
|  50:EXCHANGE [HASH(i_manufact_id)]
|  |  mem-estimate=674.76KB mem-reservation=0B thread-reservation=0
|  |  tuple-ids=14 row-size=20B cardinality=957 cost=194
|  |  in pipelines: 12(GETNEXT)
|  |
|  F07:PLAN FRAGMENT [RANDOM] hosts=10 instances=30 (adjusted from 120)
|  Per-Host Shared Resources: mem-estimate=4.00MB mem-reservation=4.00MB thread-reservation=0 runtime-filters-memory=4.00MB
|  Per-Instance Resources: mem-estimate=31.62MB mem-reservation=3.00MB thread-reservation=1
|  max-parallelism=30 segment-costs=[289658848, 1725] cpu-comparison-result=55 [max(30 (self) vs 55 (sum children))]
|  22:AGGREGATE [STREAMING]
|  |  output: sum(cs_ext_sales_price)
|  |  group by: i_manufact_id
|  |  mem-estimate=10.00MB mem-reservation=2.00MB spill-buffer=64.00KB thread-reservation=0
|  |  tuple-ids=14 row-size=20B cardinality=957 cost=11952510
|  |  in pipelines: 12(GETNEXT)
|  |
|  21:HASH JOIN [LEFT SEMI JOIN, BROADCAST]
|  |  hash-table-id=04
|  |  hash predicates: i_manufact_id = tpcds_partitioned_parquet_snap.item.i_manufact_id
|  |  mem-estimate=0B mem-reservation=0B spill-buffer=64.00KB thread-reservation=0
|  |  tuple-ids=8,9,10,11 row-size=44B cardinality=39.84M cost=17437818
|  |  in pipelines: 12(GETNEXT), 48(OPEN)
|  |
|  |--F28:PLAN FRAGMENT [RANDOM] hosts=10 instances=10
|  |  |  Per-Instance Resources: mem-estimate=5.85MB mem-reservation=5.81MB thread-reservation=1
|  |  |  max-parallelism=10 segment-costs=[2227] cpu-comparison-result=10 [max(10 (self) vs 4 (sum children))]
|  |  JOIN BUILD
|  |  |  join-table-id=04 plan-id=05 cohort-id=02
|  |  |  build expressions: tpcds_partitioned_parquet_snap.item.i_manufact_id
|  |  |  runtime filters: RF009[min_max] <- tpcds_partitioned_parquet_snap.item.i_manufact_id
|  |  |  mem-estimate=5.81MB mem-reservation=5.81MB spill-buffer=64.00KB thread-reservation=0 cost=957
|  |  |
|  |  49:EXCHANGE [BROADCAST]
|  |  |  mem-estimate=33.64KB mem-reservation=0B thread-reservation=0
|  |  |  tuple-ids=39 row-size=4B cardinality=957 cost=1270
|  |  |  in pipelines: 48(GETNEXT)
|  |  |
|  |  F12:PLAN FRAGMENT [HASH(tpcds_partitioned_parquet_snap.item.i_manufact_id)] hosts=4 instances=4
|  |  Per-Instance Resources: mem-estimate=10.03MB mem-reservation=1.94MB thread-reservation=1
|  |  max-parallelism=4 segment-costs=[2613, 31] cpu-comparison-result=4 [max(4 (self) vs 4 (sum children))]
|  |  48:AGGREGATE [FINALIZE]
|  |  |  group by: tpcds_partitioned_parquet_snap.item.i_manufact_id
|  |  |  mem-estimate=10.00MB mem-reservation=1.94MB spill-buffer=64.00KB thread-reservation=0
|  |  |  tuple-ids=39 row-size=4B cardinality=957 cost=2490
|  |  |  in pipelines: 48(GETNEXT), 16(OPEN)
|  |  |
|  |  47:EXCHANGE [HASH(tpcds_partitioned_parquet_snap.item.i_manufact_id)]
|  |  |  mem-estimate=30.84KB mem-reservation=0B thread-reservation=0
|  |  |  tuple-ids=39 row-size=4B cardinality=957 cost=123
|  |  |  in pipelines: 16(GETNEXT)
|  |  |
|  |  F11:PLAN FRAGMENT [RANDOM] hosts=4 instances=4
|  |  Per-Instance Resources: mem-estimate=26.12MB mem-reservation=2.25MB thread-reservation=1
|  |  max-parallelism=4 segment-costs=[81962, 739]
|  |  20:AGGREGATE [STREAMING]
|  |  |  group by: tpcds_partitioned_parquet_snap.item.i_manufact_id
|  |  |  mem-estimate=10.00MB mem-reservation=2.00MB spill-buffer=64.00KB thread-reservation=0
|  |  |  tuple-ids=39 row-size=4B cardinality=957 cost=20499
|  |  |  in pipelines: 16(GETNEXT)
|  |  |
|  |  16:SCAN HDFS [tpcds_partitioned_parquet_snap.item, RANDOM]
|  |     HDFS partitions=1/1 files=1 size=1.73MB
|  |     predicates: i_category IN ('Electronics')
|  |     stored statistics:
|  |       table: rows=360.00K size=33.54MB
|  |       columns: all
|  |     extrapolated-rows=disabled max-scan-range-rows=101.54K
|  |     parquet statistics predicates: i_category IN ('Electronics')
|  |     parquet dictionary predicates: i_category IN ('Electronics')
|  |     mem-estimate=16.00MB mem-reservation=256.00KB thread-reservation=0
|  |     tuple-ids=12 row-size=22B cardinality=36.00K cost=61463
|  |     in pipelines: 16(GETNEXT)
|  |
|  19:HASH JOIN [INNER JOIN, BROADCAST]
|  |  hash-table-id=05
|  |  hash predicates: cs_item_sk = i_item_sk
|  |  fk/pk conjuncts: cs_item_sk = i_item_sk
|  |  mem-estimate=0B mem-reservation=0B spill-buffer=1.00MB thread-reservation=0
|  |  tuple-ids=8,9,10,11 row-size=44B cardinality=39.84M cost=17442927
|  |  in pipelines: 12(GETNEXT), 15(OPEN)
|  |
|  |--F29:PLAN FRAGMENT [RANDOM] hosts=10 instances=10
|  |  |  Per-Instance Resources: mem-estimate=54.79MB mem-reservation=52.00MB thread-reservation=1 runtime-filters-memory=1.00MB
|  |  |  max-parallelism=10 segment-costs=[838440]
|  |  JOIN BUILD
|  |  |  join-table-id=05 plan-id=06 cohort-id=02
|  |  |  build expressions: i_item_sk
|  |  |  runtime filters: RF010[bloom] <- i_item_sk, RF011[min_max] <- i_item_sk
|  |  |  mem-estimate=51.00MB mem-reservation=51.00MB spill-buffer=1.00MB thread-reservation=0 cost=360000
|  |  |
|  |  46:EXCHANGE [BROADCAST]
|  |  |  mem-estimate=2.79MB mem-reservation=0B thread-reservation=0
|  |  |  tuple-ids=11 row-size=8B cardinality=360.00K cost=478440
|  |  |  in pipelines: 15(GETNEXT)
|  |  |
|  |  F10:PLAN FRAGMENT [RANDOM] hosts=4 instances=4
|  |  Per-Instance Resources: mem-estimate=16.05MB mem-reservation=512.00KB thread-reservation=1
|  |  max-parallelism=4 segment-costs=[57024]
|  |  15:SCAN HDFS [tpcds_partitioned_parquet_snap.item, RANDOM]
|  |     HDFS partitions=1/1 files=1 size=1.73MB
|  |     runtime filters: RF009[min_max] -> i_manufact_id
|  |     stored statistics:
|  |       table: rows=360.00K size=33.54MB
|  |       columns: all
|  |     extrapolated-rows=disabled max-scan-range-rows=101.54K
|  |     mem-estimate=16.00MB mem-reservation=512.00KB thread-reservation=0
|  |     tuple-ids=11 row-size=8B cardinality=360.00K cost=41472
|  |     in pipelines: 15(GETNEXT)
|  |
|  18:HASH JOIN [INNER JOIN, BROADCAST]
|  |  hash-table-id=06
|  |  hash predicates: cs_bill_addr_sk = ca_address_sk
|  |  fk/pk conjuncts: cs_bill_addr_sk = ca_address_sk
|  |  mem-estimate=0B mem-reservation=0B spill-buffer=2.00MB thread-reservation=0
|  |  tuple-ids=8,9,10 row-size=36B cardinality=39.86M cost=72582905
|  |  in pipelines: 12(GETNEXT), 14(OPEN)
|  |
|  |--F30:PLAN FRAGMENT [RANDOM] hosts=10 instances=10
|  |  |  Per-Instance Resources: mem-estimate=114.12MB mem-reservation=104.00MB thread-reservation=1 runtime-filters-memory=2.00MB
|  |  |  max-parallelism=10 segment-costs=[5647923]
|  |  JOIN BUILD
|  |  |  join-table-id=06 plan-id=07 cohort-id=02
|  |  |  build expressions: ca_address_sk
|  |  |  runtime filters: RF012[bloom] <- ca_address_sk, RF013[min_max] <- ca_address_sk
|  |  |  mem-estimate=102.00MB mem-reservation=102.00MB spill-buffer=2.00MB thread-reservation=0 cost=2425043
|  |  |
|  |  45:EXCHANGE [BROADCAST]
|  |  |  mem-estimate=10.12MB mem-reservation=0B thread-reservation=0
|  |  |  tuple-ids=10 row-size=8B cardinality=2.43M cost=3222880
|  |  |  in pipelines: 14(GETNEXT)
|  |  |
|  |  F09:PLAN FRAGMENT [RANDOM] hosts=10 instances=10
|  |  Per-Instance Resources: mem-estimate=16.05MB mem-reservation=128.00KB thread-reservation=1
|  |  max-parallelism=10 segment-costs=[2254261]
|  |  14:SCAN HDFS [tpcds_partitioned_parquet_snap.customer_address, RANDOM]
|  |     HDFS partitions=1/1 files=1 size=1.16MB
|  |     predicates: ca_gmt_offset = CAST(-6 AS DECIMAL(3,0))
|  |     stored statistics:
|  |       table: rows=15.00M size=307.36MB
|  |       columns: all
|  |     extrapolated-rows=disabled max-scan-range-rows=1.58M
|  |     parquet statistics predicates: ca_gmt_offset = CAST(-6 AS DECIMAL(3,0))
|  |     parquet dictionary predicates: ca_gmt_offset = CAST(-6 AS DECIMAL(3,0))
|  |     mem-estimate=16.00MB mem-reservation=128.00KB thread-reservation=0
|  |     tuple-ids=10 row-size=8B cardinality=2.43M cost=2149500
|  |     in pipelines: 14(GETNEXT)
|  |
|  17:HASH JOIN [INNER JOIN, BROADCAST]
|  |  hash-table-id=07
|  |  hash predicates: cs_sold_date_sk = d_date_sk
|  |  fk/pk conjuncts: cs_sold_date_sk = d_date_sk
|  |  mem-estimate=0B mem-reservation=0B spill-buffer=64.00KB thread-reservation=0
|  |  tuple-ids=8,9 row-size=28B cardinality=254.82M cost=111533041
|  |  in pipelines: 12(GETNEXT), 13(OPEN)
|  |
|  |--F31:PLAN FRAGMENT [RANDOM] hosts=10 instances=10
|  |  |  Per-Instance Resources: mem-estimate=6.83MB mem-reservation=6.81MB thread-reservation=1 runtime-filters-memory=1.00MB
|  |  |  max-parallelism=10 segment-costs=[248]
|  |  JOIN BUILD
|  |  |  join-table-id=07 plan-id=08 cohort-id=02
|  |  |  build expressions: d_date_sk
|  |  |  runtime filters: RF014[bloom] <- d_date_sk
|  |  |  mem-estimate=5.81MB mem-reservation=5.81MB spill-buffer=64.00KB thread-reservation=0 cost=108
|  |  |
|  |  44:EXCHANGE [BROADCAST]
|  |  |  mem-estimate=16.00KB mem-reservation=0B thread-reservation=0
|  |  |  tuple-ids=9 row-size=12B cardinality=108 cost=140
|  |  |  in pipelines: 13(GETNEXT)
|  |  |
|  |  F08:PLAN FRAGMENT [RANDOM] hosts=1 instances=1
|  |  Per-Instance Resources: mem-estimate=16.06MB mem-reservation=512.00KB thread-reservation=1
|  |  max-parallelism=1 segment-costs=[16733]
|  |  13:SCAN HDFS [tpcds_partitioned_parquet_snap.date_dim, RANDOM]
|  |     HDFS partitions=1/1 files=1 size=2.17MB
|  |     predicates: d_year = CAST(1999 AS INT), d_moy = CAST(2 AS INT)
|  |     stored statistics:
|  |       table: rows=73.05K size=2.17MB
|  |       columns: all
|  |     extrapolated-rows=disabled max-scan-range-rows=73.05K
|  |     parquet statistics predicates: d_year = CAST(1999 AS INT), d_moy = CAST(2 AS INT)
|  |     parquet dictionary predicates: d_year = CAST(1999 AS INT), d_moy = CAST(2 AS INT)
|  |     mem-estimate=16.00MB mem-reservation=512.00KB thread-reservation=0
|  |     tuple-ids=9 row-size=12B cardinality=108 cost=16728
|  |     in pipelines: 13(GETNEXT)
|  |
|  12:SCAN HDFS [tpcds_partitioned_parquet_snap.catalog_sales, RANDOM]
|     HDFS partitions=1831/1831 files=1831 size=150.82MB
|     runtime filters: RF013[min_max] -> cs_bill_addr_sk, RF011[min_max] -> cs_item_sk, RF014[bloom] -> cs_sold_date_sk, RF012[bloom] -> cs_bill_addr_sk, RF010[bloom] -> cs_item_sk
|     stored statistics:
|       table: rows=4.32G size=280.96GB
|       partitions: 1831/1831 rows=4.32G
|       columns: all
|     extrapolated-rows=disabled max-scan-range-rows=21.52M est-scan-range=109(filtered from 1831)
|     mem-estimate=16.00MB mem-reservation=1.00MB thread-reservation=0
|     tuple-ids=8 row-size=16B cardinality=254.82M(filtered from 4.32G) cost=58709647
|     in pipelines: 12(GETNEXT)
|
43:AGGREGATE [FINALIZE]
|  output: sum:merge(ss_ext_sales_price)
|  group by: i_manufact_id
|  mem-estimate=10.00MB mem-reservation=1.94MB spill-buffer=64.00KB thread-reservation=0
|  tuple-ids=6 row-size=20B cardinality=957 cost=2469
|  in pipelines: 43(GETNEXT), 01(OPEN)
|
42:EXCHANGE [HASH(i_manufact_id)]
|  mem-estimate=1.32MB mem-reservation=0B thread-reservation=0
|  tuple-ids=6 row-size=20B cardinality=957 cost=194
|  in pipelines: 01(GETNEXT)
|
F00:PLAN FRAGMENT [RANDOM] hosts=10 instances=60 (adjusted from 120)
Per-Host Shared Resources: mem-estimate=4.00MB mem-reservation=4.00MB thread-reservation=0 runtime-filters-memory=4.00MB
Per-Instance Resources: mem-estimate=31.62MB mem-reservation=10.00MB thread-reservation=1
max-parallelism=60 segment-costs=[581224404, 1725] cpu-comparison-result=60 [max(60 (self) vs 55 (sum children))]
11:AGGREGATE [STREAMING]
|  output: sum(ss_ext_sales_price)
|  group by: i_manufact_id
|  mem-estimate=10.00MB mem-reservation=2.00MB spill-buffer=64.00KB thread-reservation=0
|  tuple-ids=6 row-size=20B cardinality=957 cost=23694455
|  in pipelines: 01(GETNEXT)
|
10:HASH JOIN [LEFT SEMI JOIN, BROADCAST]
|  hash-table-id=00
|  hash predicates: i_manufact_id = tpcds_partitioned_parquet_snap.item.i_manufact_id
|  mem-estimate=0B mem-reservation=0B spill-buffer=64.00KB thread-reservation=0
|  tuple-ids=0,1,2,3 row-size=44B cardinality=79.98M cost=35008584
|  in pipelines: 01(GETNEXT), 40(OPEN)
|
|--F24:PLAN FRAGMENT [RANDOM] hosts=10 instances=10
|  |  Per-Instance Resources: mem-estimate=12.66MB mem-reservation=12.62MB thread-reservation=1 runtime-filters-memory=1.00MB
|  |  max-parallelism=10 segment-costs=[2227] cpu-comparison-result=10 [max(10 (self) vs 4 (sum children))]
|  JOIN BUILD
|  |  join-table-id=00 plan-id=01 cohort-id=01
|  |  build expressions: tpcds_partitioned_parquet_snap.item.i_manufact_id
|  |  runtime filters: RF000[bloom] <- tpcds_partitioned_parquet_snap.item.i_manufact_id, RF001[min_max] <- tpcds_partitioned_parquet_snap.item.i_manufact_id
|  |  mem-estimate=11.62MB mem-reservation=11.62MB spill-buffer=64.00KB thread-reservation=0 cost=957
|  |
|  41:EXCHANGE [BROADCAST]
|  |  mem-estimate=33.64KB mem-reservation=0B thread-reservation=0
|  |  tuple-ids=33 row-size=4B cardinality=957 cost=1270
|  |  in pipelines: 40(GETNEXT)
|  |
|  F05:PLAN FRAGMENT [HASH(tpcds_partitioned_parquet_snap.item.i_manufact_id)] hosts=4 instances=4
|  Per-Instance Resources: mem-estimate=10.03MB mem-reservation=1.94MB thread-reservation=1
|  max-parallelism=4 segment-costs=[2613, 31] cpu-comparison-result=4 [max(4 (self) vs 4 (sum children))]
|  40:AGGREGATE [FINALIZE]
|  |  group by: tpcds_partitioned_parquet_snap.item.i_manufact_id
|  |  mem-estimate=10.00MB mem-reservation=1.94MB spill-buffer=64.00KB thread-reservation=0
|  |  tuple-ids=33 row-size=4B cardinality=957 cost=2490
|  |  in pipelines: 40(GETNEXT), 05(OPEN)
|  |
|  39:EXCHANGE [HASH(tpcds_partitioned_parquet_snap.item.i_manufact_id)]
|  |  mem-estimate=30.84KB mem-reservation=0B thread-reservation=0
|  |  tuple-ids=33 row-size=4B cardinality=957 cost=123
|  |  in pipelines: 05(GETNEXT)
|  |
|  F04:PLAN FRAGMENT [RANDOM] hosts=4 instances=4
|  Per-Instance Resources: mem-estimate=26.12MB mem-reservation=2.25MB thread-reservation=1
|  max-parallelism=4 segment-costs=[81962, 739]
|  09:AGGREGATE [STREAMING]
|  |  group by: tpcds_partitioned_parquet_snap.item.i_manufact_id
|  |  mem-estimate=10.00MB mem-reservation=2.00MB spill-buffer=64.00KB thread-reservation=0
|  |  tuple-ids=33 row-size=4B cardinality=957 cost=20499
|  |  in pipelines: 05(GETNEXT)
|  |
|  05:SCAN HDFS [tpcds_partitioned_parquet_snap.item, RANDOM]
|     HDFS partitions=1/1 files=1 size=1.73MB
|     predicates: i_category IN ('Electronics')
|     stored statistics:
|       table: rows=360.00K size=33.54MB
|       columns: all
|     extrapolated-rows=disabled max-scan-range-rows=101.54K
|     parquet statistics predicates: i_category IN ('Electronics')
|     parquet dictionary predicates: i_category IN ('Electronics')
|     mem-estimate=16.00MB mem-reservation=256.00KB thread-reservation=0
|     tuple-ids=4 row-size=22B cardinality=36.00K cost=61463
|     in pipelines: 05(GETNEXT)
|
08:HASH JOIN [INNER JOIN, BROADCAST]
|  hash-table-id=01
|  hash predicates: ss_item_sk = i_item_sk
|  fk/pk conjuncts: ss_item_sk = i_item_sk
|  mem-estimate=0B mem-reservation=0B spill-buffer=1.00MB thread-reservation=0
|  tuple-ids=0,1,2,3 row-size=44B cardinality=79.98M cost=35018842
|  in pipelines: 01(GETNEXT), 04(OPEN)
|
|--F25:PLAN FRAGMENT [RANDOM] hosts=10 instances=10
|  |  Per-Instance Resources: mem-estimate=105.79MB mem-reservation=103.00MB thread-reservation=1 runtime-filters-memory=1.00MB
|  |  max-parallelism=10 segment-costs=[838440]
|  JOIN BUILD
|  |  join-table-id=01 plan-id=02 cohort-id=01
|  |  build expressions: i_item_sk
|  |  runtime filters: RF002[bloom] <- i_item_sk, RF003[min_max] <- i_item_sk
|  |  mem-estimate=102.00MB mem-reservation=102.00MB spill-buffer=1.00MB thread-reservation=0 cost=360000
|  |
|  38:EXCHANGE [BROADCAST]
|  |  mem-estimate=2.79MB mem-reservation=0B thread-reservation=0
|  |  tuple-ids=3 row-size=8B cardinality=360.00K cost=478440
|  |  in pipelines: 04(GETNEXT)
|  |
|  F03:PLAN FRAGMENT [RANDOM] hosts=4 instances=4
|  Per-Host Shared Resources: mem-estimate=1.00MB mem-reservation=1.00MB thread-reservation=0 runtime-filters-memory=1.00MB
|  Per-Instance Resources: mem-estimate=16.05MB mem-reservation=512.00KB thread-reservation=1
|  max-parallelism=4 segment-costs=[57024]
|  04:SCAN HDFS [tpcds_partitioned_parquet_snap.item, RANDOM]
|     HDFS partitions=1/1 files=1 size=1.73MB
|     runtime filters: RF001[min_max] -> i_manufact_id, RF000[bloom] -> i_manufact_id
|     stored statistics:
|       table: rows=360.00K size=33.54MB
|       columns: all
|     extrapolated-rows=disabled max-scan-range-rows=101.54K
|     mem-estimate=16.00MB mem-reservation=512.00KB thread-reservation=0
|     tuple-ids=3 row-size=8B cardinality=360.00K cost=41472
|     in pipelines: 04(GETNEXT)
|
07:HASH JOIN [INNER JOIN, BROADCAST]
|  hash-table-id=02
|  hash predicates: ss_addr_sk = ca_address_sk
|  fk/pk conjuncts: ss_addr_sk = ca_address_sk
|  mem-estimate=0B mem-reservation=0B spill-buffer=2.00MB thread-reservation=0
|  tuple-ids=0,1,2 row-size=36B cardinality=80.02M cost=145719192
|  in pipelines: 01(GETNEXT), 03(OPEN)
|
|--F26:PLAN FRAGMENT [RANDOM] hosts=10 instances=10
|  |  Per-Instance Resources: mem-estimate=216.12MB mem-reservation=206.00MB thread-reservation=1 runtime-filters-memory=2.00MB
|  |  max-parallelism=10 segment-costs=[5647923]
|  JOIN BUILD
|  |  join-table-id=02 plan-id=03 cohort-id=01
|  |  build expressions: ca_address_sk
|  |  runtime filters: RF004[bloom] <- ca_address_sk, RF005[min_max] <- ca_address_sk
|  |  mem-estimate=204.00MB mem-reservation=204.00MB spill-buffer=2.00MB thread-reservation=0 cost=2425043
|  |
|  37:EXCHANGE [BROADCAST]
|  |  mem-estimate=10.12MB mem-reservation=0B thread-reservation=0
|  |  tuple-ids=2 row-size=8B cardinality=2.43M cost=3222880
|  |  in pipelines: 03(GETNEXT)
|  |
|  F02:PLAN FRAGMENT [RANDOM] hosts=10 instances=10
|  Per-Instance Resources: mem-estimate=16.05MB mem-reservation=128.00KB thread-reservation=1
|  max-parallelism=10 segment-costs=[2254261]
|  03:SCAN HDFS [tpcds_partitioned_parquet_snap.customer_address, RANDOM]
|     HDFS partitions=1/1 files=1 size=1.16MB
|     predicates: ca_gmt_offset = CAST(-6 AS DECIMAL(3,0))
|     stored statistics:
|       table: rows=15.00M size=307.36MB
|       columns: all
|     extrapolated-rows=disabled max-scan-range-rows=1.58M
|     parquet statistics predicates: ca_gmt_offset = CAST(-6 AS DECIMAL(3,0))
|     parquet dictionary predicates: ca_gmt_offset = CAST(-6 AS DECIMAL(3,0))
|     mem-estimate=16.00MB mem-reservation=128.00KB thread-reservation=0
|     tuple-ids=2 row-size=8B cardinality=2.43M cost=2149500
|     in pipelines: 03(GETNEXT)
|
06:HASH JOIN [INNER JOIN, BROADCAST]
|  hash-table-id=03
|  hash predicates: ss_sold_date_sk = d_date_sk
|  fk/pk conjuncts: ss_sold_date_sk = d_date_sk
|  mem-estimate=0B mem-reservation=0B spill-buffer=64.00KB thread-reservation=0
|  tuple-ids=0,1 row-size=28B cardinality=511.58M cost=223916426
|  in pipelines: 01(GETNEXT), 02(OPEN)
|
|--F27:PLAN FRAGMENT [RANDOM] hosts=10 instances=10
|  |  Per-Instance Resources: mem-estimate=12.64MB mem-reservation=12.62MB thread-reservation=1 runtime-filters-memory=1.00MB
|  |  max-parallelism=10 segment-costs=[248]
|  JOIN BUILD
|  |  join-table-id=03 plan-id=04 cohort-id=01
|  |  build expressions: d_date_sk
|  |  runtime filters: RF006[bloom] <- d_date_sk
|  |  mem-estimate=11.62MB mem-reservation=11.62MB spill-buffer=64.00KB thread-reservation=0 cost=108
|  |
|  36:EXCHANGE [BROADCAST]
|  |  mem-estimate=16.00KB mem-reservation=0B thread-reservation=0
|  |  tuple-ids=1 row-size=12B cardinality=108 cost=140
|  |  in pipelines: 02(GETNEXT)
|  |
|  F01:PLAN FRAGMENT [RANDOM] hosts=1 instances=1
|  Per-Instance Resources: mem-estimate=16.06MB mem-reservation=512.00KB thread-reservation=1
|  max-parallelism=1 segment-costs=[16733]
|  02:SCAN HDFS [tpcds_partitioned_parquet_snap.date_dim, RANDOM]
|     HDFS partitions=1/1 files=1 size=2.17MB
|     predicates: d_year = CAST(1999 AS INT), d_moy = CAST(2 AS INT)
|     stored statistics:
|       table: rows=73.05K size=2.17MB
|       columns: all
|     extrapolated-rows=disabled max-scan-range-rows=73.05K
|     parquet statistics predicates: d_year = CAST(1999 AS INT), d_moy = CAST(2 AS INT)
|     parquet dictionary predicates: d_year = CAST(1999 AS INT), d_moy = CAST(2 AS INT)
|     mem-estimate=16.00MB mem-reservation=512.00KB thread-reservation=0
|     tuple-ids=1 row-size=12B cardinality=108 cost=16728
|     in pipelines: 02(GETNEXT)
|
01:SCAN HDFS [tpcds_partitioned_parquet_snap.store_sales, RANDOM]
   HDFS partitions=1824/1824 files=1824 size=199.33MB
   runtime filters: RF005[min_max] -> ss_addr_sk, RF003[min_max] -> ss_item_sk, RF006[bloom] -> ss_sold_date_sk, RF004[bloom] -> ss_addr_sk, RF002[bloom] -> ss_item_sk
   stored statistics:
     table: rows=8.64G size=389.90GB
     partitions: 1824/1824 rows=8.64G
     columns: all
   extrapolated-rows=disabled max-scan-range-rows=390.22M est-scan-range=109(filtered from 1824)
   mem-estimate=16.00MB mem-reservation=8.00MB thread-reservation=0
   tuple-ids=0 row-size=16B cardinality=511.58M(filtered from 8.64G) cost=117866905
   in pipelines: 01(GETNEXT)
====
