# TPCDS-Q80
# start query 80 in stream 0 using template query80.tpl using seed 1080781232
with ssr as
 (select  s_store_id as store_id,
          sum(ss_ext_sales_price) as sales,
          sum(coalesce(sr_return_amt, 0)) as `returns`,
          sum(ss_net_profit - coalesce(sr_net_loss, 0)) as profit
  from store_sales left outer join store_returns on
         (ss_item_sk = sr_item_sk and ss_ticket_number = sr_ticket_number),
     date_dim,
     store,
     item,
     promotion
 where ss_sold_date_sk = d_date_sk
       and d_date between cast('1999-08-12' as date)
                  and (cast('1999-08-12' as date) +  interval 30 days)
       and ss_store_sk = s_store_sk
       and ss_item_sk = i_item_sk
       and i_current_price > 50
       and ss_promo_sk = p_promo_sk
       and p_channel_tv = 'N'
 group by s_store_id)
 ,
 csr as
 (select  cp_catalog_page_id as catalog_page_id,
          sum(cs_ext_sales_price) as sales,
          sum(coalesce(cr_return_amount, 0)) as `returns`,
          sum(cs_net_profit - coalesce(cr_net_loss, 0)) as profit
  from catalog_sales left outer join catalog_returns on
         (cs_item_sk = cr_item_sk and cs_order_number = cr_order_number),
     date_dim,
     catalog_page,
     item,
     promotion
 where cs_sold_date_sk = d_date_sk
       and d_date between cast('1999-08-12' as date)
                  and (cast('1999-08-12' as date) +  interval 30 days)
        and cs_catalog_page_sk = cp_catalog_page_sk
       and cs_item_sk = i_item_sk
       and i_current_price > 50
       and cs_promo_sk = p_promo_sk
       and p_channel_tv = 'N'
group by cp_catalog_page_id)
 ,
 wsr as
 (select  web_site_id,
          sum(ws_ext_sales_price) as sales,
          sum(coalesce(wr_return_amt, 0)) as `returns`,
          sum(ws_net_profit - coalesce(wr_net_loss, 0)) as profit
  from web_sales left outer join web_returns on
         (ws_item_sk = wr_item_sk and ws_order_number = wr_order_number),
     date_dim,
     web_site,
     item,
     promotion
 where ws_sold_date_sk = d_date_sk
       and d_date between cast('1999-08-12' as date)
                  and (cast('1999-08-12' as date) +  interval 30 days)
        and ws_web_site_sk = web_site_sk
       and ws_item_sk = i_item_sk
       and i_current_price > 50
       and ws_promo_sk = p_promo_sk
       and p_channel_tv = 'N'
group by web_site_id)
  select  channel
        , id
        , sum(sales) as sales
        , sum(`returns`) as `returns`
        , sum(profit) as profit
 from
 (select 'store channel' as channel
        , 'store' || store_id as id
        , sales
        , `returns`
        , profit
 from   ssr
 union all
 select 'catalog channel' as channel
        , 'catalog_page' || catalog_page_id as id
        , sales
        , `returns`
        , profit
 from  csr
 union all
 select 'web channel' as channel
        , 'web_site' || web_site_id as id
        , sales
        , `returns`
        , profit
 from   wsr
 ) x
 group by rollup (channel, id)
 order by channel
         ,id
 limit 100;

# end query 80 in stream 0 using template query80.tpl
---- PLAN
Max Per-Host Resource Reservation: Memory=75.11MB Threads=1
Per-Host Resource Estimates: Memory=40.23GB
F00:PLAN FRAGMENT [UNPARTITIONED] hosts=1 instances=1
|  Per-Instance Resources: mem-estimate=40.23GB mem-reservation=75.11MB thread-reservation=1 runtime-filters-memory=10.00MB
|  max-parallelism=1 segment-costs=[2907420430, 1453514230, 726896356, 342336, 221854, 313895, 500]
PLAN-ROOT SINK
|  output exprs: CASE valid_tid(26,27,28) WHEN 26 THEN channel WHEN 27 THEN channel WHEN 28 THEN NULL END, CASE valid_tid(26,27,28) WHEN 26 THEN id WHEN 27 THEN NULL WHEN 28 THEN NULL END, aggif(valid_tid(26,27,28) IN (26, 27, 28), CASE valid_tid(26,27,28) WHEN 26 THEN sum(sales) WHEN 27 THEN sum(sales) WHEN 28 THEN sum(sales) END), aggif(valid_tid(26,27,28) IN (26, 27, 28), CASE valid_tid(26,27,28) WHEN 26 THEN sum(`returns`) WHEN 27 THEN sum(`returns`) WHEN 28 THEN sum(`returns`) END), aggif(valid_tid(26,27,28) IN (26, 27, 28), CASE valid_tid(26,27,28) WHEN 26 THEN sum(profit) WHEN 27 THEN sum(profit) WHEN 28 THEN sum(profit) END)
|  mem-estimate=4.00MB mem-reservation=4.00MB spill-buffer=2.00MB thread-reservation=0 cost=500
|
39:TOP-N [LIMIT=100]
|  order by: CASE valid_tid(26,27,28) WHEN 26 THEN channel WHEN 27 THEN channel WHEN 28 THEN NULL END ASC, CASE valid_tid(26,27,28) WHEN 26 THEN id WHEN 27 THEN NULL WHEN 28 THEN NULL END ASC
|  mem-estimate=7.03KB mem-reservation=0B thread-reservation=0
|  tuple-ids=30 row-size=72B cardinality=100 cost=313895
|  in pipelines: 39(GETNEXT), 38(OPEN)
|
38:AGGREGATE [FINALIZE]
|  output: aggif(valid_tid(26,27,28) IN (CAST(26 AS INT), CAST(27 AS INT), CAST(28 AS INT)), CASE valid_tid(26,27,28) WHEN CAST(26 AS INT) THEN sum(sales) WHEN CAST(27 AS INT) THEN sum(sales) WHEN CAST(28 AS INT) THEN sum(sales) END), aggif(valid_tid(26,27,28) IN (CAST(26 AS INT), CAST(27 AS INT), CAST(28 AS INT)), CASE valid_tid(26,27,28) WHEN CAST(26 AS INT) THEN sum(`returns`) WHEN CAST(27 AS INT) THEN sum(`returns`) WHEN CAST(28 AS INT) THEN sum(`returns`) END), aggif(valid_tid(26,27,28) IN (CAST(26 AS INT), CAST(27 AS INT), CAST(28 AS INT)), CASE valid_tid(26,27,28) WHEN CAST(26 AS INT) THEN sum(profit) WHEN CAST(27 AS INT) THEN sum(profit) WHEN CAST(28 AS INT) THEN sum(profit) END)
|  group by: CASE valid_tid(26,27,28) WHEN CAST(26 AS INT) THEN channel WHEN CAST(27 AS INT) THEN channel WHEN CAST(28 AS INT) THEN NULL END, CASE valid_tid(26,27,28) WHEN CAST(26 AS INT) THEN id WHEN CAST(27 AS INT) THEN NULL WHEN CAST(28 AS INT) THEN NULL END, CASE valid_tid(26,27,28) WHEN CAST(26 AS INT) THEN CAST(26 AS INT) WHEN CAST(27 AS INT) THEN CAST(27 AS INT) WHEN CAST(28 AS INT) THEN CAST(28 AS INT) END
|  mem-estimate=10.00MB mem-reservation=4.75MB spill-buffer=256.00KB thread-reservation=0
|  tuple-ids=29 row-size=76B cardinality=36.72K cost=221854
|  in pipelines: 38(GETNEXT), 37(OPEN)
|
37:AGGREGATE [FINALIZE]
|  Class 0
|    output: sum(sales), sum(returns), sum(profit)
|    group by: channel, id
|  Class 1
|    output: sum(sales), sum(returns), sum(profit)
|    group by: channel, NULL
|  Class 2
|    output: sum(sales), sum(returns), sum(profit)
|    group by: NULL, NULL
|  mem-estimate=30.00MB mem-reservation=12.38MB thread-reservation=0
|  tuple-ids=26N,27N,28N row-size=216B cardinality=36.72K cost=333014
|  in pipelines: 37(GETNEXT), 12(OPEN), 24(OPEN), 36(OPEN)
|
00:UNION
|  mem-estimate=0B mem-reservation=0B thread-reservation=0
|  tuple-ids=24 row-size=72B cardinality=36.71K cost=9322
|  in pipelines: 12(GETNEXT), 24(GETNEXT), 36(GETNEXT)
|
|--36:AGGREGATE [FINALIZE]
|  |  output: sum(ws_ext_sales_price), sum(coalesce(wr_return_amt, CAST(0 AS DECIMAL(7,2)))), sum(ws_net_profit - coalesce(wr_net_loss, CAST(0 AS DECIMAL(7,2))))
|  |  group by: web_site_id
|  |  mem-estimate=10.00MB mem-reservation=1.94MB spill-buffer=64.00KB thread-reservation=0
|  |  tuple-ids=22 row-size=76B cardinality=33 cost=1545076
|  |  in pipelines: 36(GETNEXT), 25(OPEN)
|  |
|  35:HASH JOIN [INNER JOIN]
|  |  hash predicates: ws_promo_sk = p_promo_sk
|  |  fk/pk conjuncts: ws_promo_sk = p_promo_sk
|  |  runtime filters: RF016[bloom] <- p_promo_sk, RF017[min_max] <- p_promo_sk
|  |  mem-estimate=1.94MB mem-reservation=1.94MB spill-buffer=64.00KB thread-reservation=0
|  |  tuple-ids=16,17N,18,20,19,21 row-size=117B cardinality=3.57M cost=1576161
|  |  in pipelines: 25(GETNEXT), 30(OPEN)
|  |
|  |--30:SCAN HDFS [tpcds_partitioned_parquet_snap.promotion]
|  |     HDFS partitions=1/1 files=1 size=23.20KB
|  |     predicates: p_channel_tv = 'N'
|  |     stored statistics:
|  |       table: rows=1.80K size=100.50KB
|  |       columns: all
|  |     extrapolated-rows=disabled max-scan-range-rows=1.80K
|  |     parquet statistics predicates: p_channel_tv = 'N'
|  |     parquet dictionary predicates: p_channel_tv = 'N'
|  |     mem-estimate=16.00MB mem-reservation=32.00KB thread-reservation=0
|  |     tuple-ids=21 row-size=17B cardinality=1.78K cost=180
|  |     in pipelines: 30(GETNEXT)
|  |
|  34:HASH JOIN [INNER JOIN]
|  |  hash predicates: ws_web_site_sk = web_site_sk
|  |  fk/pk conjuncts: ws_web_site_sk = web_site_sk
|  |  runtime filters: RF018[bloom] <- web_site_sk, RF019[min_max] <- web_site_sk
|  |  mem-estimate=1.94MB mem-reservation=1.94MB spill-buffer=64.00KB thread-reservation=0
|  |  tuple-ids=16,17N,18,20,19 row-size=100B cardinality=3.61M cost=1596136
|  |  in pipelines: 25(GETNEXT), 28(OPEN)
|  |
|  |--28:SCAN HDFS [tpcds_partitioned_parquet_snap.web_site]
|  |     HDFS partitions=1/1 files=1 size=11.78KB
|  |     stored statistics:
|  |       table: rows=66 size=17.88KB
|  |       columns: all
|  |     extrapolated-rows=disabled max-scan-range-rows=66
|  |     mem-estimate=16.00MB mem-reservation=16.00KB thread-reservation=0
|  |     tuple-ids=19 row-size=32B cardinality=66 cost=19
|  |     in pipelines: 28(GETNEXT)
|  |
|  33:HASH JOIN [INNER JOIN]
|  |  hash predicates: ws_item_sk = i_item_sk
|  |  fk/pk conjuncts: ws_item_sk = i_item_sk
|  |  runtime filters: RF020[bloom] <- i_item_sk, RF021[min_max] <- i_item_sk
|  |  mem-estimate=2.88MB mem-reservation=2.88MB spill-buffer=128.00KB thread-reservation=0
|  |  tuple-ids=16,17N,18,20 row-size=68B cardinality=3.67M cost=10116962
|  |  in pipelines: 25(GETNEXT), 29(OPEN)
|  |
|  |--29:SCAN HDFS [tpcds_partitioned_parquet_snap.item]
|  |     HDFS partitions=1/1 files=1 size=1.73MB
|  |     predicates: i_current_price > CAST(50 AS DECIMAL(3,0))
|  |     stored statistics:
|  |       table: rows=360.00K size=33.54MB
|  |       columns: all
|  |     extrapolated-rows=disabled max-scan-range-rows=101.54K
|  |     parquet statistics predicates: i_current_price > CAST(50 AS DECIMAL(3,0))
|  |     parquet dictionary predicates: i_current_price > CAST(50 AS DECIMAL(3,0))
|  |     mem-estimate=16.00MB mem-reservation=512.00KB thread-reservation=0
|  |     tuple-ids=20 row-size=8B cardinality=36.00K cost=51588
|  |     in pipelines: 29(GETNEXT)
|  |
|  32:HASH JOIN [INNER JOIN]
|  |  hash predicates: ws_sold_date_sk = d_date_sk
|  |  fk/pk conjuncts: ws_sold_date_sk = d_date_sk
|  |  runtime filters: RF022[bloom] <- d_date_sk
|  |  mem-estimate=1.94MB mem-reservation=1.94MB spill-buffer=64.00KB thread-reservation=0
|  |  tuple-ids=16,17N,18 row-size=60B cardinality=36.71M cost=16067990
|  |  in pipelines: 25(GETNEXT), 27(OPEN)
|  |
|  |--27:SCAN HDFS [tpcds_partitioned_parquet_snap.date_dim]
|  |     HDFS partitions=1/1 files=1 size=2.17MB
|  |     predicates: d_date <= DATE '1999-09-11', d_date >= DATE '1999-08-12'
|  |     stored statistics:
|  |       table: rows=73.05K size=2.17MB
|  |       columns: all
|  |     extrapolated-rows=disabled max-scan-range-rows=73.05K
|  |     parquet statistics predicates: d_date <= DATE '1999-09-11', d_date >= DATE '1999-08-12'
|  |     parquet dictionary predicates: d_date <= DATE '1999-09-11', d_date >= DATE '1999-08-12'
|  |     mem-estimate=16.00MB mem-reservation=1.00MB thread-reservation=0
|  |     tuple-ids=18 row-size=8B cardinality=31 cost=12520
|  |     in pipelines: 27(GETNEXT)
|  |
|  31:HASH JOIN [LEFT OUTER JOIN]
|  |  hash predicates: ws_item_sk = wr_item_sk, ws_order_number = wr_order_number
|  |  fk/pk conjuncts: ws_item_sk = wr_item_sk, ws_order_number = wr_order_number
|  |  mem-estimate=10.02GB mem-reservation=34.00MB spill-buffer=2.00MB thread-reservation=0
|  |  tuple-ids=16,17N row-size=52B cardinality=36.71M(filtered from 2.16G) cost=616804992
|  |  in pipelines: 25(GETNEXT), 26(OPEN)
|  |
|  |--26:SCAN HDFS [tpcds_partitioned_parquet_snap.web_returns]
|  |     HDFS partitions=2114/2114 files=2114 size=20.70MB
|  |     runtime filters: RF021[min_max] -> tpcds_partitioned_parquet_snap.web_returns.wr_item_sk, RF020[bloom] -> tpcds_partitioned_parquet_snap.web_returns.wr_item_sk
|  |     stored statistics:
|  |       table: rows=216.00M size=16.74GB
|  |       partitions: 2114/2114 rows=216.00M
|  |       columns: all
|  |     extrapolated-rows=disabled max-scan-range-rows=9.41M
|  |     mem-estimate=16.00MB mem-reservation=256.00KB thread-reservation=0
|  |     tuple-ids=17 row-size=20B cardinality=216.00M cost=62208773
|  |     in pipelines: 26(GETNEXT)
|  |
|  25:SCAN HDFS [tpcds_partitioned_parquet_snap.web_sales]
|     HDFS partitions=1824/1824 files=1824 size=84.18MB
|     runtime filters: RF021[min_max] -> ws_item_sk, RF019[min_max] -> ws_web_site_sk, RF017[min_max] -> ws_promo_sk, RF022[bloom] -> ws_sold_date_sk, RF020[bloom] -> ws_item_sk, RF018[bloom] -> ws_web_site_sk, RF016[bloom] -> ws_promo_sk
|     stored statistics:
|       table: rows=2.16G size=145.75GB
|       partitions: 1824/1824 rows=2.16G
|       columns: all
|     extrapolated-rows=disabled max-scan-range-rows=3.37M est-scan-range=32(filtered from 1824)
|     mem-estimate=16.00MB mem-reservation=128.00KB thread-reservation=0
|     tuple-ids=16 row-size=32B cardinality=36.71M(filtered from 2.16G) cost=16915959
|     in pipelines: 25(GETNEXT)
|
|--24:AGGREGATE [FINALIZE]
|  |  output: sum(cs_ext_sales_price), sum(coalesce(cr_return_amount, CAST(0 AS DECIMAL(7,2)))), sum(cs_net_profit - coalesce(cr_net_loss, CAST(0 AS DECIMAL(7,2))))
|  |  group by: cp_catalog_page_id
|  |  mem-estimate=10.00MB mem-reservation=4.75MB spill-buffer=256.00KB thread-reservation=0
|  |  tuple-ids=14 row-size=76B cardinality=36.00K cost=3218768
|  |  in pipelines: 24(GETNEXT), 13(OPEN)
|  |
|  23:HASH JOIN [INNER JOIN]
|  |  hash predicates: cs_catalog_page_sk = cp_catalog_page_sk
|  |  fk/pk conjuncts: cs_catalog_page_sk = cp_catalog_page_sk
|  |  runtime filters: RF009[min_max] <- cp_catalog_page_sk
|  |  mem-estimate=2.88MB mem-reservation=2.88MB spill-buffer=128.00KB thread-reservation=0
|  |  tuple-ids=8,9N,10,12,13,11 row-size=117B cardinality=7.23M cost=3198480
|  |  in pipelines: 13(GETNEXT), 16(OPEN)
|  |
|  |--16:SCAN HDFS [tpcds_partitioned_parquet_snap.catalog_page]
|  |     HDFS partitions=1/1 files=1 size=739.17KB
|  |     stored statistics:
|  |       table: rows=36.00K size=2.24MB
|  |       columns: all
|  |     extrapolated-rows=disabled max-scan-range-rows=36.00K
|  |     mem-estimate=16.00MB mem-reservation=1.00MB thread-reservation=0
|  |     tuple-ids=11 row-size=32B cardinality=36.00K cost=10368
|  |     in pipelines: 16(GETNEXT)
|  |
|  22:HASH JOIN [INNER JOIN]
|  |  hash predicates: cs_promo_sk = p_promo_sk
|  |  fk/pk conjuncts: cs_promo_sk = p_promo_sk
|  |  runtime filters: RF010[bloom] <- p_promo_sk, RF011[min_max] <- p_promo_sk
|  |  mem-estimate=1.94MB mem-reservation=1.94MB spill-buffer=64.00KB thread-reservation=0
|  |  tuple-ids=8,9N,10,12,13 row-size=85B cardinality=7.23M cost=3186136
|  |  in pipelines: 13(GETNEXT), 18(OPEN)
|  |
|  |--18:SCAN HDFS [tpcds_partitioned_parquet_snap.promotion]
|  |     HDFS partitions=1/1 files=1 size=23.20KB
|  |     predicates: p_channel_tv = 'N'
|  |     stored statistics:
|  |       table: rows=1.80K size=100.50KB
|  |       columns: all
|  |     extrapolated-rows=disabled max-scan-range-rows=1.80K
|  |     parquet statistics predicates: p_channel_tv = 'N'
|  |     parquet dictionary predicates: p_channel_tv = 'N'
|  |     mem-estimate=16.00MB mem-reservation=32.00KB thread-reservation=0
|  |     tuple-ids=13 row-size=17B cardinality=1.78K cost=180
|  |     in pipelines: 18(GETNEXT)
|  |
|  21:HASH JOIN [INNER JOIN]
|  |  hash predicates: cs_item_sk = i_item_sk
|  |  fk/pk conjuncts: cs_item_sk = i_item_sk
|  |  runtime filters: RF012[bloom] <- i_item_sk, RF013[min_max] <- i_item_sk
|  |  mem-estimate=2.88MB mem-reservation=2.88MB spill-buffer=128.00KB thread-reservation=0
|  |  tuple-ids=8,9N,10,12 row-size=68B cardinality=7.31M cost=20121506
|  |  in pipelines: 13(GETNEXT), 17(OPEN)
|  |
|  |--17:SCAN HDFS [tpcds_partitioned_parquet_snap.item]
|  |     HDFS partitions=1/1 files=1 size=1.73MB
|  |     predicates: i_current_price > CAST(50 AS DECIMAL(3,0))
|  |     stored statistics:
|  |       table: rows=360.00K size=33.54MB
|  |       columns: all
|  |     extrapolated-rows=disabled max-scan-range-rows=101.54K
|  |     parquet statistics predicates: i_current_price > CAST(50 AS DECIMAL(3,0))
|  |     parquet dictionary predicates: i_current_price > CAST(50 AS DECIMAL(3,0))
|  |     mem-estimate=16.00MB mem-reservation=512.00KB thread-reservation=0
|  |     tuple-ids=12 row-size=8B cardinality=36.00K cost=51588
|  |     in pipelines: 17(GETNEXT)
|  |
|  20:HASH JOIN [INNER JOIN]
|  |  hash predicates: cs_sold_date_sk = d_date_sk
|  |  fk/pk conjuncts: cs_sold_date_sk = d_date_sk
|  |  runtime filters: RF014[bloom] <- d_date_sk
|  |  mem-estimate=1.94MB mem-reservation=1.94MB spill-buffer=64.00KB thread-reservation=0
|  |  tuple-ids=8,9N,10 row-size=60B cardinality=73.14M cost=32014144
|  |  in pipelines: 13(GETNEXT), 15(OPEN)
|  |
|  |--15:SCAN HDFS [tpcds_partitioned_parquet_snap.date_dim]
|  |     HDFS partitions=1/1 files=1 size=2.17MB
|  |     predicates: d_date <= DATE '1999-09-11', d_date >= DATE '1999-08-12'
|  |     stored statistics:
|  |       table: rows=73.05K size=2.17MB
|  |       columns: all
|  |     extrapolated-rows=disabled max-scan-range-rows=73.05K
|  |     parquet statistics predicates: d_date <= DATE '1999-09-11', d_date >= DATE '1999-08-12'
|  |     parquet dictionary predicates: d_date <= DATE '1999-09-11', d_date >= DATE '1999-08-12'
|  |     mem-estimate=16.00MB mem-reservation=1.00MB thread-reservation=0
|  |     tuple-ids=10 row-size=8B cardinality=31 cost=12520
|  |     in pipelines: 15(GETNEXT)
|  |
|  19:HASH JOIN [LEFT OUTER JOIN]
|  |  hash predicates: cs_item_sk = cr_item_sk, cs_order_number = cr_order_number
|  |  fk/pk conjuncts: cs_item_sk = cr_item_sk, cs_order_number = cr_order_number
|  |  mem-estimate=20.05GB mem-reservation=34.00MB spill-buffer=2.00MB thread-reservation=0
|  |  tuple-ids=8,9N row-size=52B cardinality=73.14M(filtered from 4.32G) cost=1233575961
|  |  in pipelines: 13(GETNEXT), 14(OPEN)
|  |
|  |--14:SCAN HDFS [tpcds_partitioned_parquet_snap.catalog_returns]
|  |     HDFS partitions=2060/2060 files=2060 size=30.47MB
|  |     runtime filters: RF013[min_max] -> tpcds_partitioned_parquet_snap.catalog_returns.cr_item_sk, RF012[bloom] -> tpcds_partitioned_parquet_snap.catalog_returns.cr_item_sk
|  |     stored statistics:
|  |       table: rows=432.02M size=32.77GB
|  |       partitions: 2060/2060 rows=432.02M
|  |       columns: all
|  |     extrapolated-rows=disabled max-scan-range-rows=416.82K
|  |     mem-estimate=16.00MB mem-reservation=32.00KB thread-reservation=0
|  |     tuple-ids=9 row-size=20B cardinality=432.02M cost=124420893
|  |     in pipelines: 14(GETNEXT)
|  |
|  13:SCAN HDFS [tpcds_partitioned_parquet_snap.catalog_sales]
|     HDFS partitions=1831/1831 files=1831 size=150.82MB
|     runtime filters: RF013[min_max] -> cs_item_sk, RF011[min_max] -> cs_promo_sk, RF009[min_max] -> cs_catalog_page_sk, RF014[bloom] -> cs_sold_date_sk, RF012[bloom] -> cs_item_sk, RF010[bloom] -> cs_promo_sk
|     stored statistics:
|       table: rows=4.32G size=280.96GB
|       partitions: 1831/1831 rows=4.32G
|       columns: all
|     extrapolated-rows=disabled max-scan-range-rows=21.52M est-scan-range=31(filtered from 1831)
|     mem-estimate=16.00MB mem-reservation=1.00MB thread-reservation=0
|     tuple-ids=8 row-size=32B cardinality=73.14M(filtered from 4.32G) cost=33703686
|     in pipelines: 13(GETNEXT)
|
12:AGGREGATE [FINALIZE]
|  output: sum(ss_ext_sales_price), sum(coalesce(sr_return_amt, CAST(0 AS DECIMAL(7,2)))), sum(ss_net_profit - coalesce(sr_net_loss, CAST(0 AS DECIMAL(7,2))))
|  group by: s_store_id
|  mem-estimate=10.00MB mem-reservation=1.94MB spill-buffer=64.00KB thread-reservation=0
|  tuple-ids=6 row-size=76B cardinality=678 cost=6275411
|  in pipelines: 12(GETNEXT), 01(OPEN)
|
11:HASH JOIN [INNER JOIN]
|  hash predicates: ss_store_sk = s_store_sk
|  fk/pk conjuncts: ss_store_sk = s_store_sk
|  runtime filters: RF001[min_max] <- s_store_sk
|  mem-estimate=1.94MB mem-reservation=1.94MB spill-buffer=64.00KB thread-reservation=0
|  tuple-ids=0,1N,2,4,5,3 row-size=117B cardinality=14.51M cost=6350422
|  in pipelines: 01(GETNEXT), 04(OPEN)
|
|--04:SCAN HDFS [tpcds_partitioned_parquet_snap.store]
|     HDFS partitions=1/1 files=1 size=9.81KB
|     stored statistics:
|       table: rows=1.35K size=119.76KB
|       columns: all
|     extrapolated-rows=disabled max-scan-range-rows=1.35K
|     mem-estimate=16.00MB mem-reservation=16.00KB thread-reservation=0
|     tuple-ids=3 row-size=32B cardinality=1.35K cost=388
|     in pipelines: 04(GETNEXT)
|
10:HASH JOIN [INNER JOIN]
|  hash predicates: ss_promo_sk = p_promo_sk
|  fk/pk conjuncts: ss_promo_sk = p_promo_sk
|  runtime filters: RF002[bloom] <- p_promo_sk, RF003[min_max] <- p_promo_sk
|  mem-estimate=1.94MB mem-reservation=1.94MB spill-buffer=64.00KB thread-reservation=0
|  tuple-ids=0,1N,2,4,5 row-size=85B cardinality=14.51M cost=6394771
|  in pipelines: 01(GETNEXT), 06(OPEN)
|
|--06:SCAN HDFS [tpcds_partitioned_parquet_snap.promotion]
|     HDFS partitions=1/1 files=1 size=23.20KB
|     predicates: p_channel_tv = 'N'
|     stored statistics:
|       table: rows=1.80K size=100.50KB
|       columns: all
|     extrapolated-rows=disabled max-scan-range-rows=1.80K
|     parquet statistics predicates: p_channel_tv = 'N'
|     parquet dictionary predicates: p_channel_tv = 'N'
|     mem-estimate=16.00MB mem-reservation=32.00KB thread-reservation=0
|     tuple-ids=5 row-size=17B cardinality=1.78K cost=180
|     in pipelines: 06(GETNEXT)
|
09:HASH JOIN [INNER JOIN]
|  hash predicates: ss_item_sk = i_item_sk
|  fk/pk conjuncts: ss_item_sk = i_item_sk
|  runtime filters: RF004[bloom] <- i_item_sk, RF005[min_max] <- i_item_sk
|  mem-estimate=2.88MB mem-reservation=2.88MB spill-buffer=128.00KB thread-reservation=0
|  tuple-ids=0,1N,2,4 row-size=68B cardinality=14.68M cost=40360146
|  in pipelines: 01(GETNEXT), 05(OPEN)
|
|--05:SCAN HDFS [tpcds_partitioned_parquet_snap.item]
|     HDFS partitions=1/1 files=1 size=1.73MB
|     predicates: i_current_price > CAST(50 AS DECIMAL(3,0))
|     stored statistics:
|       table: rows=360.00K size=33.54MB
|       columns: all
|     extrapolated-rows=disabled max-scan-range-rows=101.54K
|     parquet statistics predicates: i_current_price > CAST(50 AS DECIMAL(3,0))
|     parquet dictionary predicates: i_current_price > CAST(50 AS DECIMAL(3,0))
|     mem-estimate=16.00MB mem-reservation=512.00KB thread-reservation=0
|     tuple-ids=4 row-size=8B cardinality=36.00K cost=51588
|     in pipelines: 05(GETNEXT)
|
08:HASH JOIN [INNER JOIN]
|  hash predicates: ss_sold_date_sk = d_date_sk
|  fk/pk conjuncts: ss_sold_date_sk = d_date_sk
|  runtime filters: RF006[bloom] <- d_date_sk
|  mem-estimate=1.94MB mem-reservation=1.94MB spill-buffer=64.00KB thread-reservation=0
|  tuple-ids=0,1N,2 row-size=60B cardinality=146.84M cost=64272338
|  in pipelines: 01(GETNEXT), 03(OPEN)
|
|--03:SCAN HDFS [tpcds_partitioned_parquet_snap.date_dim]
|     HDFS partitions=1/1 files=1 size=2.17MB
|     predicates: d_date <= DATE '1999-09-11', d_date >= DATE '1999-08-12'
|     stored statistics:
|       table: rows=73.05K size=2.17MB
|       columns: all
|     extrapolated-rows=disabled max-scan-range-rows=73.05K
|     parquet statistics predicates: d_date <= DATE '1999-09-11', d_date >= DATE '1999-08-12'
|     parquet dictionary predicates: d_date <= DATE '1999-09-11', d_date >= DATE '1999-08-12'
|     mem-estimate=16.00MB mem-reservation=1.00MB thread-reservation=0
|     tuple-ids=2 row-size=8B cardinality=31 cost=12520
|     in pipelines: 03(GETNEXT)
|
07:HASH JOIN [LEFT OUTER JOIN]
|  hash predicates: ss_item_sk = sr_item_sk, ss_ticket_number = sr_ticket_number
|  fk/pk conjuncts: ss_item_sk = sr_item_sk, ss_ticket_number = sr_ticket_number
|  mem-estimate=40.09GB mem-reservation=34.00MB spill-buffer=2.00MB thread-reservation=0
|  tuple-ids=0,1N row-size=52B cardinality=146.84M(filtered from 8.64G) cost=2467209606
|  in pipelines: 01(GETNEXT), 02(OPEN)
|
|--02:SCAN HDFS [tpcds_partitioned_parquet_snap.store_returns]
|     HDFS partitions=2004/2004 files=2004 size=33.63MB
|     runtime filters: RF005[min_max] -> tpcds_partitioned_parquet_snap.store_returns.sr_item_sk, RF004[bloom] -> tpcds_partitioned_parquet_snap.store_returns.sr_item_sk
|     stored statistics:
|       table: rows=863.99M size=48.14GB
|       partitions: 2004/2004 rows=863.99M
|       columns: all
|     extrapolated-rows=disabled max-scan-range-rows=30.09M
|     mem-estimate=16.00MB mem-reservation=512.00KB thread-reservation=0
|     tuple-ids=1 row-size=20B cardinality=863.99M cost=248828726
|     in pipelines: 02(GETNEXT)
|
01:SCAN HDFS [tpcds_partitioned_parquet_snap.store_sales]
   HDFS partitions=1824/1824 files=1824 size=199.33MB
   runtime filters: RF005[min_max] -> ss_item_sk, RF003[min_max] -> ss_promo_sk, RF001[min_max] -> ss_store_sk, RF006[bloom] -> ss_sold_date_sk, RF004[bloom] -> ss_item_sk, RF002[bloom] -> ss_promo_sk
   stored statistics:
     table: rows=8.64G size=389.90GB
     partitions: 1824/1824 rows=8.64G
     columns: all
   extrapolated-rows=disabled max-scan-range-rows=390.22M est-scan-range=32(filtered from 1824)
   mem-estimate=16.00MB mem-reservation=8.00MB thread-reservation=0
   tuple-ids=0 row-size=32B cardinality=146.84M(filtered from 8.64G) cost=67664334
   in pipelines: 01(GETNEXT)
---- DISTRIBUTEDPLAN
Max Per-Host Resource Reservation: Memory=229.12MB Threads=69
Per-Host Resource Estimates: Memory=8.05GB
F26:PLAN FRAGMENT [UNPARTITIONED] hosts=1 instances=1
|  Per-Instance Resources: mem-estimate=4.07MB mem-reservation=4.00MB thread-reservation=1
|  max-parallelism=1 segment-costs=[539] cpu-comparison-result=441 [max(1 (self) vs 441 (sum children))]
PLAN-ROOT SINK
|  output exprs: CASE valid_tid(26,27,28) WHEN 26 THEN channel WHEN 27 THEN channel WHEN 28 THEN NULL END, CASE valid_tid(26,27,28) WHEN 26 THEN id WHEN 27 THEN NULL WHEN 28 THEN NULL END, aggif(valid_tid(26,27,28) IN (26, 27, 28), CASE valid_tid(26,27,28) WHEN 26 THEN sum(sales) WHEN 27 THEN sum(sales) WHEN 28 THEN sum(sales) END), aggif(valid_tid(26,27,28) IN (26, 27, 28), CASE valid_tid(26,27,28) WHEN 26 THEN sum(`returns`) WHEN 27 THEN sum(`returns`) WHEN 28 THEN sum(`returns`) END), aggif(valid_tid(26,27,28) IN (26, 27, 28), CASE valid_tid(26,27,28) WHEN 26 THEN sum(profit) WHEN 27 THEN sum(profit) WHEN 28 THEN sum(profit) END)
|  mem-estimate=4.00MB mem-reservation=4.00MB spill-buffer=2.00MB thread-reservation=0 cost=500
|
66:MERGING-EXCHANGE [UNPARTITIONED]
|  order by: CASE valid_tid(26,27,28) WHEN 26 THEN channel WHEN 27 THEN channel WHEN 28 THEN NULL END ASC, CASE valid_tid(26,27,28) WHEN 26 THEN id WHEN 27 THEN NULL WHEN 28 THEN NULL END ASC
|  limit: 100
|  mem-estimate=74.92KB mem-reservation=0B thread-reservation=0
|  tuple-ids=30 row-size=72B cardinality=100 cost=39
|  in pipelines: 39(GETNEXT)
|
F25:PLAN FRAGMENT [HASH(CASE valid_tid(26,27,28) WHEN 26 THEN murmur_hash(channel) WHEN 27 THEN murmur_hash(channel) WHEN 28 THEN murmur_hash(NULL) END,CASE valid_tid(26,27,28) WHEN 26 THEN murmur_hash(id) WHEN 27 THEN murmur_hash(NULL) WHEN 28 THEN murmur_hash(NULL) END)] hosts=10 instances=10 (adjusted from 120)
Per-Instance Resources: mem-estimate=40.00MB mem-reservation=7.75MB thread-reservation=1
max-parallelism=10 segment-costs=[265114, 221854, 313895, 220] cpu-comparison-result=441 [max(10 (self) vs 441 (sum children))]
39:TOP-N [LIMIT=100]
|  order by: CASE valid_tid(26,27,28) WHEN 26 THEN channel WHEN 27 THEN channel WHEN 28 THEN NULL END ASC, CASE valid_tid(26,27,28) WHEN 26 THEN id WHEN 27 THEN NULL WHEN 28 THEN NULL END ASC
|  mem-estimate=7.03KB mem-reservation=0B thread-reservation=0
|  tuple-ids=30 row-size=72B cardinality=100 cost=313895
|  in pipelines: 39(GETNEXT), 38(OPEN)
|
38:AGGREGATE [FINALIZE]
|  output: aggif(valid_tid(26,27,28) IN (CAST(26 AS INT), CAST(27 AS INT), CAST(28 AS INT)), CASE valid_tid(26,27,28) WHEN CAST(26 AS INT) THEN sum(sales) WHEN CAST(27 AS INT) THEN sum(sales) WHEN CAST(28 AS INT) THEN sum(sales) END), aggif(valid_tid(26,27,28) IN (CAST(26 AS INT), CAST(27 AS INT), CAST(28 AS INT)), CASE valid_tid(26,27,28) WHEN CAST(26 AS INT) THEN sum(`returns`) WHEN CAST(27 AS INT) THEN sum(`returns`) WHEN CAST(28 AS INT) THEN sum(`returns`) END), aggif(valid_tid(26,27,28) IN (CAST(26 AS INT), CAST(27 AS INT), CAST(28 AS INT)), CASE valid_tid(26,27,28) WHEN CAST(26 AS INT) THEN sum(profit) WHEN CAST(27 AS INT) THEN sum(profit) WHEN CAST(28 AS INT) THEN sum(profit) END)
|  group by: CASE valid_tid(26,27,28) WHEN CAST(26 AS INT) THEN channel WHEN CAST(27 AS INT) THEN channel WHEN CAST(28 AS INT) THEN NULL END, CASE valid_tid(26,27,28) WHEN CAST(26 AS INT) THEN id WHEN CAST(27 AS INT) THEN NULL WHEN CAST(28 AS INT) THEN NULL END, CASE valid_tid(26,27,28) WHEN CAST(26 AS INT) THEN CAST(26 AS INT) WHEN CAST(27 AS INT) THEN CAST(27 AS INT) WHEN CAST(28 AS INT) THEN CAST(28 AS INT) END
|  mem-estimate=10.00MB mem-reservation=1.94MB spill-buffer=64.00KB thread-reservation=0
|  tuple-ids=29 row-size=76B cardinality=36.72K cost=221854
|  in pipelines: 38(GETNEXT), 65(OPEN)
|
65:AGGREGATE [FINALIZE]
|  Class 0
|    output: sum:merge(sales), sum:merge(`returns`), sum:merge(profit)
|    group by: channel, id
|  Class 1
|    output: sum:merge(sales), sum:merge(`returns`), sum:merge(profit)
|    group by: channel, NULL
|  Class 2
|    output: sum:merge(sales), sum:merge(`returns`), sum:merge(profit)
|    group by: NULL, NULL
|  mem-estimate=30.00MB mem-reservation=5.81MB thread-reservation=0
|  tuple-ids=26N,27N,28N row-size=216B cardinality=36.72K cost=221853
|  in pipelines: 65(GETNEXT), 47(OPEN), 55(OPEN), 63(OPEN)
|
64:EXCHANGE [HASH(CASE valid_tid(26,27,28) WHEN 26 THEN murmur_hash(channel) WHEN 27 THEN murmur_hash(channel) WHEN 28 THEN murmur_hash(NULL) END,CASE valid_tid(26,27,28) WHEN 26 THEN murmur_hash(id) WHEN 27 THEN murmur_hash(NULL) WHEN 28 THEN murmur_hash(NULL) END)]
|  mem-estimate=2.98MB mem-reservation=0B thread-reservation=0
|  tuple-ids=26N,27N,28N row-size=216B cardinality=36.72K cost=43261
|  in pipelines: 47(GETNEXT), 55(GETNEXT), 63(GETNEXT)
|
F24:PLAN FRAGMENT [RANDOM] hosts=10 instances=10 (adjusted from 120)
Per-Instance Resources: mem-estimate=49.95MB mem-reservation=7.94MB thread-reservation=1
max-parallelism=10 segment-costs=[2169, 125388, 29, 344492, 567467] cpu-comparison-result=441 [max(10 (self) vs 441 (sum children))]
37:AGGREGATE [STREAMING]
|  Class 0
|    output: sum(sales), sum(returns), sum(profit)
|    group by: channel, id
|  Class 1
|    output: sum(sales), sum(returns), sum(profit)
|    group by: channel, NULL
|  Class 2
|    output: sum(sales), sum(returns), sum(profit)
|    group by: NULL, NULL
|  mem-estimate=30.00MB mem-reservation=6.00MB thread-reservation=0
|  tuple-ids=26N,27N,28N row-size=216B cardinality=36.72K cost=335170
|  in pipelines: 47(GETNEXT), 55(GETNEXT), 63(GETNEXT)
|
00:UNION
|  mem-estimate=0B mem-reservation=0B thread-reservation=0
|  tuple-ids=24 row-size=72B cardinality=36.71K cost=9322
|  in pipelines: 47(GETNEXT), 55(GETNEXT), 63(GETNEXT)
|
|--63:AGGREGATE [FINALIZE]
|  |  output: sum:merge(ws_ext_sales_price), sum:merge(coalesce(wr_return_amt, 0)), sum:merge(ws_net_profit - coalesce(wr_net_loss, 0))
|  |  group by: web_site_id
|  |  mem-estimate=10.00MB mem-reservation=1.94MB spill-buffer=64.00KB thread-reservation=0
|  |  tuple-ids=22 row-size=76B cardinality=33 cost=14
|  |  in pipelines: 63(GETNEXT), 25(OPEN)
|  |
|  62:EXCHANGE [HASH(web_site_id)]
|  |  mem-estimate=26.03KB mem-reservation=0B thread-reservation=0
|  |  tuple-ids=22 row-size=76B cardinality=33 cost=15
|  |  in pipelines: 25(GETNEXT)
|  |
|  F18:PLAN FRAGMENT [HASH(ws_item_sk,ws_order_number)] hosts=10 instances=10 (adjusted from 120)
|  Per-Instance Resources: mem-estimate=23.83MB mem-reservation=2.00MB thread-reservation=1
|  max-parallelism=50 segment-costs=[441159182, 178] cpu-comparison-result=107 [max(30 (self) vs 107 (sum children))]
|  36:AGGREGATE [STREAMING]
|  |  output: sum(ws_ext_sales_price), sum(coalesce(wr_return_amt, CAST(0 AS DECIMAL(7,2)))), sum(ws_net_profit - coalesce(wr_net_loss, CAST(0 AS DECIMAL(7,2))))
|  |  group by: web_site_id
|  |  mem-estimate=10.00MB mem-reservation=2.00MB spill-buffer=64.00KB thread-reservation=0
|  |  tuple-ids=22 row-size=76B cardinality=33 cost=1555315
|  |  in pipelines: 25(GETNEXT)
|  |
|  35:HASH JOIN [INNER JOIN, BROADCAST]
|  |  hash-table-id=10
|  |  hash predicates: ws_promo_sk = p_promo_sk
|  |  fk/pk conjuncts: ws_promo_sk = p_promo_sk
|  |  mem-estimate=0B mem-reservation=0B spill-buffer=64.00KB thread-reservation=0
|  |  tuple-ids=16,17N,18,20,19,21 row-size=117B cardinality=3.57M cost=1574382
|  |  in pipelines: 25(GETNEXT), 30(OPEN)
|  |
|  |--F37:PLAN FRAGMENT [HASH(ws_item_sk,ws_order_number)] hosts=10 instances=10
|  |  |  Per-Instance Resources: mem-estimate=2.99MB mem-reservation=2.94MB thread-reservation=1 runtime-filters-memory=1.00MB
|  |  |  max-parallelism=10 segment-costs=[4139]
|  |  JOIN BUILD
|  |  |  join-table-id=10 plan-id=11 cohort-id=03
|  |  |  build expressions: p_promo_sk
|  |  |  runtime filters: RF016[bloom] <- p_promo_sk, RF017[min_max] <- p_promo_sk
|  |  |  mem-estimate=1.94MB mem-reservation=1.94MB spill-buffer=64.00KB thread-reservation=0 cost=1779
|  |  |
|  |  61:EXCHANGE [BROADCAST]
|  |  |  mem-estimate=50.53KB mem-reservation=0B thread-reservation=0
|  |  |  tuple-ids=21 row-size=17B cardinality=1.78K cost=2360
|  |  |  in pipelines: 30(GETNEXT)
|  |  |
|  |  F22:PLAN FRAGMENT [RANDOM] hosts=1 instances=1
|  |  Per-Instance Resources: mem-estimate=16.08MB mem-reservation=32.00KB thread-reservation=1
|  |  max-parallelism=1 segment-costs=[300]
|  |  30:SCAN HDFS [tpcds_partitioned_parquet_snap.promotion, RANDOM]
|  |     HDFS partitions=1/1 files=1 size=23.20KB
|  |     predicates: p_channel_tv = 'N'
|  |     stored statistics:
|  |       table: rows=1.80K size=100.50KB
|  |       columns: all
|  |     extrapolated-rows=disabled max-scan-range-rows=1.80K
|  |     parquet statistics predicates: p_channel_tv = 'N'
|  |     parquet dictionary predicates: p_channel_tv = 'N'
|  |     mem-estimate=16.00MB mem-reservation=32.00KB thread-reservation=0
|  |     tuple-ids=21 row-size=17B cardinality=1.78K cost=180
|  |     in pipelines: 30(GETNEXT)
|  |
|  34:HASH JOIN [INNER JOIN, BROADCAST]
|  |  hash-table-id=11
|  |  hash predicates: ws_web_site_sk = web_site_sk
|  |  fk/pk conjuncts: ws_web_site_sk = web_site_sk
|  |  mem-estimate=0B mem-reservation=0B spill-buffer=64.00KB thread-reservation=0
|  |  tuple-ids=16,17N,18,20,19 row-size=100B cardinality=3.61M cost=1596070
|  |  in pipelines: 25(GETNEXT), 28(OPEN)
|  |
|  |--F38:PLAN FRAGMENT [HASH(ws_item_sk,ws_order_number)] hosts=10 instances=10
|  |  |  Per-Instance Resources: mem-estimate=2.95MB mem-reservation=2.94MB thread-reservation=1 runtime-filters-memory=1.00MB
|  |  |  max-parallelism=10 segment-costs=[146]
|  |  JOIN BUILD
|  |  |  join-table-id=11 plan-id=12 cohort-id=03
|  |  |  build expressions: web_site_sk
|  |  |  runtime filters: RF018[bloom] <- web_site_sk, RF019[min_max] <- web_site_sk
|  |  |  mem-estimate=1.94MB mem-reservation=1.94MB spill-buffer=64.00KB thread-reservation=0 cost=66
|  |  |
|  |  60:EXCHANGE [BROADCAST]
|  |  |  mem-estimate=16.00KB mem-reservation=0B thread-reservation=0
|  |  |  tuple-ids=19 row-size=32B cardinality=66 cost=80
|  |  |  in pipelines: 28(GETNEXT)
|  |  |
|  |  F21:PLAN FRAGMENT [RANDOM] hosts=1 instances=1
|  |  Per-Instance Resources: mem-estimate=16.14MB mem-reservation=16.00KB thread-reservation=1
|  |  max-parallelism=1 segment-costs=[26]
|  |  28:SCAN HDFS [tpcds_partitioned_parquet_snap.web_site, RANDOM]
|  |     HDFS partitions=1/1 files=1 size=11.78KB
|  |     stored statistics:
|  |       table: rows=66 size=17.88KB
|  |       columns: all
|  |     extrapolated-rows=disabled max-scan-range-rows=66
|  |     mem-estimate=16.00MB mem-reservation=16.00KB thread-reservation=0
|  |     tuple-ids=19 row-size=32B cardinality=66 cost=19
|  |     in pipelines: 28(GETNEXT)
|  |
|  33:HASH JOIN [INNER JOIN, BROADCAST]
|  |  hash-table-id=12
|  |  hash predicates: ws_item_sk = i_item_sk
|  |  fk/pk conjuncts: ws_item_sk = i_item_sk
|  |  mem-estimate=0B mem-reservation=0B spill-buffer=128.00KB thread-reservation=0
|  |  tuple-ids=16,17N,18,20 row-size=68B cardinality=3.67M cost=10080962
|  |  in pipelines: 25(GETNEXT), 29(OPEN)
|  |
|  |--F39:PLAN FRAGMENT [HASH(ws_item_sk,ws_order_number)] hosts=10 instances=10
|  |  |  Per-Instance Resources: mem-estimate=4.20MB mem-reservation=3.88MB thread-reservation=1 runtime-filters-memory=1.00MB
|  |  |  max-parallelism=10 segment-costs=[83840]
|  |  JOIN BUILD
|  |  |  join-table-id=12 plan-id=13 cohort-id=03
|  |  |  build expressions: i_item_sk
|  |  |  runtime filters: RF020[bloom] <- i_item_sk, RF021[min_max] <- i_item_sk
|  |  |  mem-estimate=2.88MB mem-reservation=2.88MB spill-buffer=128.00KB thread-reservation=0 cost=36000
|  |  |
|  |  59:EXCHANGE [BROADCAST]
|  |  |  mem-estimate=329.25KB mem-reservation=0B thread-reservation=0
|  |  |  tuple-ids=20 row-size=8B cardinality=36.00K cost=47840
|  |  |  in pipelines: 29(GETNEXT)
|  |  |
|  |  F20:PLAN FRAGMENT [RANDOM] hosts=4 instances=4
|  |  Per-Instance Resources: mem-estimate=16.05MB mem-reservation=512.00KB thread-reservation=1
|  |  max-parallelism=4 segment-costs=[53143]
|  |  29:SCAN HDFS [tpcds_partitioned_parquet_snap.item, RANDOM]
|  |     HDFS partitions=1/1 files=1 size=1.73MB
|  |     predicates: i_current_price > CAST(50 AS DECIMAL(3,0))
|  |     stored statistics:
|  |       table: rows=360.00K size=33.54MB
|  |       columns: all
|  |     extrapolated-rows=disabled max-scan-range-rows=101.54K
|  |     parquet statistics predicates: i_current_price > CAST(50 AS DECIMAL(3,0))
|  |     parquet dictionary predicates: i_current_price > CAST(50 AS DECIMAL(3,0))
|  |     mem-estimate=16.00MB mem-reservation=512.00KB thread-reservation=0
|  |     tuple-ids=20 row-size=8B cardinality=36.00K cost=51588
|  |     in pipelines: 29(GETNEXT)
|  |
|  32:HASH JOIN [INNER JOIN, BROADCAST]
|  |  hash-table-id=13
|  |  hash predicates: ws_sold_date_sk = d_date_sk
|  |  fk/pk conjuncts: ws_sold_date_sk = d_date_sk
|  |  mem-estimate=0B mem-reservation=0B spill-buffer=64.00KB thread-reservation=0
|  |  tuple-ids=16,17N,18 row-size=60B cardinality=36.71M cost=16067959
|  |  in pipelines: 25(GETNEXT), 27(OPEN)
|  |
|  |--F40:PLAN FRAGMENT [HASH(ws_item_sk,ws_order_number)] hosts=10 instances=10
|  |  |  Per-Instance Resources: mem-estimate=2.95MB mem-reservation=2.94MB thread-reservation=1 runtime-filters-memory=1.00MB
|  |  |  max-parallelism=10 segment-costs=[71]
|  |  JOIN BUILD
|  |  |  join-table-id=13 plan-id=14 cohort-id=03
|  |  |  build expressions: d_date_sk
|  |  |  runtime filters: RF022[bloom] <- d_date_sk
|  |  |  mem-estimate=1.94MB mem-reservation=1.94MB spill-buffer=64.00KB thread-reservation=0 cost=31
|  |  |
|  |  58:EXCHANGE [BROADCAST]
|  |  |  mem-estimate=16.00KB mem-reservation=0B thread-reservation=0
|  |  |  tuple-ids=18 row-size=8B cardinality=31 cost=40
|  |  |  in pipelines: 27(GETNEXT)
|  |  |
|  |  F19:PLAN FRAGMENT [RANDOM] hosts=1 instances=1
|  |  Per-Instance Resources: mem-estimate=16.05MB mem-reservation=1.00MB thread-reservation=1
|  |  max-parallelism=1 segment-costs=[12521]
|  |  27:SCAN HDFS [tpcds_partitioned_parquet_snap.date_dim, RANDOM]
|  |     HDFS partitions=1/1 files=1 size=2.17MB
|  |     predicates: d_date <= DATE '1999-09-11', d_date >= DATE '1999-08-12'
|  |     stored statistics:
|  |       table: rows=73.05K size=2.17MB
|  |       columns: all
|  |     extrapolated-rows=disabled max-scan-range-rows=73.05K
|  |     parquet statistics predicates: d_date <= DATE '1999-09-11', d_date >= DATE '1999-08-12'
|  |     parquet dictionary predicates: d_date <= DATE '1999-09-11', d_date >= DATE '1999-08-12'
|  |     mem-estimate=16.00MB mem-reservation=1.00MB thread-reservation=0
|  |     tuple-ids=18 row-size=8B cardinality=31 cost=12520
|  |     in pipelines: 27(GETNEXT)
|  |
|  31:HASH JOIN [LEFT OUTER JOIN, PARTITIONED]
|  |  hash-table-id=14
|  |  hash predicates: ws_item_sk = wr_item_sk, ws_order_number = wr_order_number
|  |  fk/pk conjuncts: ws_item_sk = wr_item_sk, ws_order_number = wr_order_number
|  |  mem-estimate=0B mem-reservation=0B spill-buffer=2.00MB thread-reservation=0
|  |  tuple-ids=16,17N row-size=52B cardinality=36.71M(filtered from 2.16G) cost=400802306
|  |  in pipelines: 25(GETNEXT), 26(OPEN)
|  |
|  |--F41:PLAN FRAGMENT [HASH(ws_item_sk,ws_order_number)] hosts=10 instances=10 (adjusted from 120)
|  |  |  Per-Instance Resources: mem-estimate=1.01GB mem-reservation=34.00MB thread-reservation=1
|  |  |  max-parallelism=50 segment-costs=[259872831]
|  |  JOIN BUILD
|  |  |  join-table-id=14 plan-id=15 cohort-id=03
|  |  |  build expressions: wr_item_sk, wr_order_number
|  |  |  mem-estimate=1.00GB mem-reservation=34.00MB spill-buffer=2.00MB thread-reservation=0 cost=216002686
|  |  |
|  |  57:EXCHANGE [HASH(wr_item_sk,wr_order_number)]
|  |  |  mem-estimate=11.17MB mem-reservation=0B thread-reservation=0
|  |  |  tuple-ids=17 row-size=20B cardinality=216.00M cost=43870145
|  |  |  in pipelines: 26(GETNEXT)
|  |  |
|  |  F17:PLAN FRAGMENT [RANDOM] hosts=10 instances=50 (adjusted from 120)
|  |  Per-Host Shared Resources: mem-estimate=1.00MB mem-reservation=1.00MB thread-reservation=0 runtime-filters-memory=1.00MB
|  |  Per-Instance Resources: mem-estimate=16.94MB mem-reservation=256.00KB thread-reservation=1
|  |  max-parallelism=50 segment-costs=[451704816]
|  |  26:SCAN HDFS [tpcds_partitioned_parquet_snap.web_returns, RANDOM]
|  |     HDFS partitions=2114/2114 files=2114 size=20.70MB
|  |     runtime filters: RF021[min_max] -> tpcds_partitioned_parquet_snap.web_returns.wr_item_sk, RF020[bloom] -> tpcds_partitioned_parquet_snap.web_returns.wr_item_sk
|  |     stored statistics:
|  |       table: rows=216.00M size=16.74GB
|  |       partitions: 2114/2114 rows=216.00M
|  |       columns: all
|  |     extrapolated-rows=disabled max-scan-range-rows=9.41M
|  |     mem-estimate=16.00MB mem-reservation=256.00KB thread-reservation=0
|  |     tuple-ids=17 row-size=20B cardinality=216.00M cost=62208773
|  |     in pipelines: 26(GETNEXT)
|  |
|  56:EXCHANGE [HASH(ws_item_sk,ws_order_number)]
|  |  mem-estimate=10.70MB mem-reservation=0B thread-reservation=0
|  |  tuple-ids=16 row-size=32B cardinality=36.71M(filtered from 2.16G) cost=9482188
|  |  in pipelines: 25(GETNEXT)
|  |
|  F16:PLAN FRAGMENT [RANDOM] hosts=10 instances=20 (adjusted from 120)
|  Per-Host Shared Resources: mem-estimate=4.00MB mem-reservation=4.00MB thread-reservation=0 runtime-filters-memory=4.00MB
|  Per-Instance Resources: mem-estimate=17.41MB mem-reservation=128.00KB thread-reservation=1
|  max-parallelism=20 segment-costs=[111480872]
|  25:SCAN HDFS [tpcds_partitioned_parquet_snap.web_sales, RANDOM]
|     HDFS partitions=1824/1824 files=1824 size=84.18MB
|     runtime filters: RF021[min_max] -> ws_item_sk, RF019[min_max] -> ws_web_site_sk, RF017[min_max] -> ws_promo_sk, RF022[bloom] -> ws_sold_date_sk, RF020[bloom] -> ws_item_sk, RF018[bloom] -> ws_web_site_sk, RF016[bloom] -> ws_promo_sk
|     stored statistics:
|       table: rows=2.16G size=145.75GB
|       partitions: 1824/1824 rows=2.16G
|       columns: all
|     extrapolated-rows=disabled max-scan-range-rows=3.37M est-scan-range=32(filtered from 1824)
|     mem-estimate=16.00MB mem-reservation=128.00KB thread-reservation=0
|     tuple-ids=16 row-size=32B cardinality=36.71M(filtered from 2.16G) cost=16915959
|     in pipelines: 25(GETNEXT)
|
|--55:AGGREGATE [FINALIZE]
|  |  output: sum:merge(cs_ext_sales_price), sum:merge(coalesce(cr_return_amount, 0)), sum:merge(cs_net_profit - coalesce(cr_net_loss, 0))
|  |  group by: cp_catalog_page_id
|  |  mem-estimate=10.00MB mem-reservation=1.94MB spill-buffer=64.00KB thread-reservation=0
|  |  tuple-ids=14 row-size=76B cardinality=36.00K cost=108803
|  |  in pipelines: 55(GETNEXT), 13(OPEN)
|  |
|  54:EXCHANGE [HASH(cp_catalog_page_id)]
|  |  mem-estimate=1.04MB mem-reservation=0B thread-reservation=0
|  |  tuple-ids=14 row-size=76B cardinality=36.00K cost=16585
|  |  in pipelines: 13(GETNEXT)
|  |
|  F10:PLAN FRAGMENT [HASH(cs_item_sk,cs_order_number)] hosts=10 instances=10 (adjusted from 120)
|  Per-Instance Resources: mem-estimate=24.18MB mem-reservation=5.00MB thread-reservation=1
|  max-parallelism=90 segment-costs=[891170974, 194745] cpu-comparison-result=157 [max(40 (self) vs 157 (sum children))]
|  24:AGGREGATE [STREAMING]
|  |  output: sum(cs_ext_sales_price), sum(coalesce(cr_return_amount, CAST(0 AS DECIMAL(7,2)))), sum(cs_net_profit - coalesce(cr_net_loss, CAST(0 AS DECIMAL(7,2))))
|  |  group by: cp_catalog_page_id
|  |  mem-estimate=10.00MB mem-reservation=5.00MB spill-buffer=256.00KB thread-reservation=0
|  |  tuple-ids=14 row-size=76B cardinality=36.00K cost=12273052
|  |  in pipelines: 13(GETNEXT)
|  |
|  23:HASH JOIN [INNER JOIN, BROADCAST]
|  |  hash-table-id=05
|  |  hash predicates: cs_catalog_page_sk = cp_catalog_page_sk
|  |  fk/pk conjuncts: cs_catalog_page_sk = cp_catalog_page_sk
|  |  mem-estimate=0B mem-reservation=0B spill-buffer=128.00KB thread-reservation=0
|  |  tuple-ids=8,9N,10,12,13,11 row-size=117B cardinality=7.23M cost=3162480
|  |  in pipelines: 13(GETNEXT), 16(OPEN)
|  |
|  |--F32:PLAN FRAGMENT [HASH(cs_item_sk,cs_order_number)] hosts=10 instances=10
|  |  |  Per-Instance Resources: mem-estimate=4.01MB mem-reservation=2.88MB thread-reservation=1
|  |  |  max-parallelism=10 segment-costs=[83840]
|  |  JOIN BUILD
|  |  |  join-table-id=05 plan-id=06 cohort-id=02
|  |  |  build expressions: cp_catalog_page_sk
|  |  |  runtime filters: RF009[min_max] <- cp_catalog_page_sk
|  |  |  mem-estimate=2.88MB mem-reservation=2.88MB spill-buffer=128.00KB thread-reservation=0 cost=36000
|  |  |
|  |  53:EXCHANGE [BROADCAST]
|  |  |  mem-estimate=1.13MB mem-reservation=0B thread-reservation=0
|  |  |  tuple-ids=11 row-size=32B cardinality=36.00K cost=47840
|  |  |  in pipelines: 16(GETNEXT)
|  |  |
|  |  F14:PLAN FRAGMENT [RANDOM] hosts=1 instances=1
|  |  Per-Instance Resources: mem-estimate=16.14MB mem-reservation=1.00MB thread-reservation=1
|  |  max-parallelism=1 segment-costs=[14256]
|  |  16:SCAN HDFS [tpcds_partitioned_parquet_snap.catalog_page, RANDOM]
|  |     HDFS partitions=1/1 files=1 size=739.17KB
|  |     stored statistics:
|  |       table: rows=36.00K size=2.24MB
|  |       columns: all
|  |     extrapolated-rows=disabled max-scan-range-rows=36.00K
|  |     mem-estimate=16.00MB mem-reservation=1.00MB thread-reservation=0
|  |     tuple-ids=11 row-size=32B cardinality=36.00K cost=10368
|  |     in pipelines: 16(GETNEXT)
|  |
|  22:HASH JOIN [INNER JOIN, BROADCAST]
|  |  hash-table-id=06
|  |  hash predicates: cs_promo_sk = p_promo_sk
|  |  fk/pk conjuncts: cs_promo_sk = p_promo_sk
|  |  mem-estimate=0B mem-reservation=0B spill-buffer=64.00KB thread-reservation=0
|  |  tuple-ids=8,9N,10,12,13 row-size=85B cardinality=7.23M cost=3184357
|  |  in pipelines: 13(GETNEXT), 18(OPEN)
|  |
|  |--F33:PLAN FRAGMENT [HASH(cs_item_sk,cs_order_number)] hosts=10 instances=10
|  |  |  Per-Instance Resources: mem-estimate=2.99MB mem-reservation=2.94MB thread-reservation=1 runtime-filters-memory=1.00MB
|  |  |  max-parallelism=10 segment-costs=[4139]
|  |  JOIN BUILD
|  |  |  join-table-id=06 plan-id=07 cohort-id=02
|  |  |  build expressions: p_promo_sk
|  |  |  runtime filters: RF010[bloom] <- p_promo_sk, RF011[min_max] <- p_promo_sk
|  |  |  mem-estimate=1.94MB mem-reservation=1.94MB spill-buffer=64.00KB thread-reservation=0 cost=1779
|  |  |
|  |  52:EXCHANGE [BROADCAST]
|  |  |  mem-estimate=50.53KB mem-reservation=0B thread-reservation=0
|  |  |  tuple-ids=13 row-size=17B cardinality=1.78K cost=2360
|  |  |  in pipelines: 18(GETNEXT)
|  |  |
|  |  F13:PLAN FRAGMENT [RANDOM] hosts=1 instances=1
|  |  Per-Instance Resources: mem-estimate=16.08MB mem-reservation=32.00KB thread-reservation=1
|  |  max-parallelism=1 segment-costs=[300]
|  |  18:SCAN HDFS [tpcds_partitioned_parquet_snap.promotion, RANDOM]
|  |     HDFS partitions=1/1 files=1 size=23.20KB
|  |     predicates: p_channel_tv = 'N'
|  |     stored statistics:
|  |       table: rows=1.80K size=100.50KB
|  |       columns: all
|  |     extrapolated-rows=disabled max-scan-range-rows=1.80K
|  |     parquet statistics predicates: p_channel_tv = 'N'
|  |     parquet dictionary predicates: p_channel_tv = 'N'
|  |     mem-estimate=16.00MB mem-reservation=32.00KB thread-reservation=0
|  |     tuple-ids=13 row-size=17B cardinality=1.78K cost=180
|  |     in pipelines: 18(GETNEXT)
|  |
|  21:HASH JOIN [INNER JOIN, BROADCAST]
|  |  hash-table-id=07
|  |  hash predicates: cs_item_sk = i_item_sk
|  |  fk/pk conjuncts: cs_item_sk = i_item_sk
|  |  mem-estimate=0B mem-reservation=0B spill-buffer=128.00KB thread-reservation=0
|  |  tuple-ids=8,9N,10,12 row-size=68B cardinality=7.31M cost=20085506
|  |  in pipelines: 13(GETNEXT), 17(OPEN)
|  |
|  |--F34:PLAN FRAGMENT [HASH(cs_item_sk,cs_order_number)] hosts=10 instances=10
|  |  |  Per-Instance Resources: mem-estimate=4.20MB mem-reservation=3.88MB thread-reservation=1 runtime-filters-memory=1.00MB
|  |  |  max-parallelism=10 segment-costs=[83840]
|  |  JOIN BUILD
|  |  |  join-table-id=07 plan-id=08 cohort-id=02
|  |  |  build expressions: i_item_sk
|  |  |  runtime filters: RF012[bloom] <- i_item_sk, RF013[min_max] <- i_item_sk
|  |  |  mem-estimate=2.88MB mem-reservation=2.88MB spill-buffer=128.00KB thread-reservation=0 cost=36000
|  |  |
|  |  51:EXCHANGE [BROADCAST]
|  |  |  mem-estimate=329.25KB mem-reservation=0B thread-reservation=0
|  |  |  tuple-ids=12 row-size=8B cardinality=36.00K cost=47840
|  |  |  in pipelines: 17(GETNEXT)
|  |  |
|  |  F12:PLAN FRAGMENT [RANDOM] hosts=4 instances=4
|  |  Per-Instance Resources: mem-estimate=16.05MB mem-reservation=512.00KB thread-reservation=1
|  |  max-parallelism=4 segment-costs=[53143]
|  |  17:SCAN HDFS [tpcds_partitioned_parquet_snap.item, RANDOM]
|  |     HDFS partitions=1/1 files=1 size=1.73MB
|  |     predicates: i_current_price > CAST(50 AS DECIMAL(3,0))
|  |     stored statistics:
|  |       table: rows=360.00K size=33.54MB
|  |       columns: all
|  |     extrapolated-rows=disabled max-scan-range-rows=101.54K
|  |     parquet statistics predicates: i_current_price > CAST(50 AS DECIMAL(3,0))
|  |     parquet dictionary predicates: i_current_price > CAST(50 AS DECIMAL(3,0))
|  |     mem-estimate=16.00MB mem-reservation=512.00KB thread-reservation=0
|  |     tuple-ids=12 row-size=8B cardinality=36.00K cost=51588
|  |     in pipelines: 17(GETNEXT)
|  |
|  20:HASH JOIN [INNER JOIN, BROADCAST]
|  |  hash-table-id=08
|  |  hash predicates: cs_sold_date_sk = d_date_sk
|  |  fk/pk conjuncts: cs_sold_date_sk = d_date_sk
|  |  mem-estimate=0B mem-reservation=0B spill-buffer=64.00KB thread-reservation=0
|  |  tuple-ids=8,9N,10 row-size=60B cardinality=73.14M cost=32014113
|  |  in pipelines: 13(GETNEXT), 15(OPEN)
|  |
|  |--F35:PLAN FRAGMENT [HASH(cs_item_sk,cs_order_number)] hosts=10 instances=10
|  |  |  Per-Instance Resources: mem-estimate=2.95MB mem-reservation=2.94MB thread-reservation=1 runtime-filters-memory=1.00MB
|  |  |  max-parallelism=10 segment-costs=[71]
|  |  JOIN BUILD
|  |  |  join-table-id=08 plan-id=09 cohort-id=02
|  |  |  build expressions: d_date_sk
|  |  |  runtime filters: RF014[bloom] <- d_date_sk
|  |  |  mem-estimate=1.94MB mem-reservation=1.94MB spill-buffer=64.00KB thread-reservation=0 cost=31
|  |  |
|  |  50:EXCHANGE [BROADCAST]
|  |  |  mem-estimate=16.00KB mem-reservation=0B thread-reservation=0
|  |  |  tuple-ids=10 row-size=8B cardinality=31 cost=40
|  |  |  in pipelines: 15(GETNEXT)
|  |  |
|  |  F11:PLAN FRAGMENT [RANDOM] hosts=1 instances=1
|  |  Per-Instance Resources: mem-estimate=16.05MB mem-reservation=1.00MB thread-reservation=1
|  |  max-parallelism=1 segment-costs=[12521]
|  |  15:SCAN HDFS [tpcds_partitioned_parquet_snap.date_dim, RANDOM]
|  |     HDFS partitions=1/1 files=1 size=2.17MB
|  |     predicates: d_date <= DATE '1999-09-11', d_date >= DATE '1999-08-12'
|  |     stored statistics:
|  |       table: rows=73.05K size=2.17MB
|  |       columns: all
|  |     extrapolated-rows=disabled max-scan-range-rows=73.05K
|  |     parquet statistics predicates: d_date <= DATE '1999-09-11', d_date >= DATE '1999-08-12'
|  |     parquet dictionary predicates: d_date <= DATE '1999-09-11', d_date >= DATE '1999-08-12'
|  |     mem-estimate=16.00MB mem-reservation=1.00MB thread-reservation=0
|  |     tuple-ids=10 row-size=8B cardinality=31 cost=12520
|  |     in pipelines: 15(GETNEXT)
|  |
|  19:HASH JOIN [LEFT OUTER JOIN, PARTITIONED]
|  |  hash-table-id=09
|  |  hash predicates: cs_item_sk = cr_item_sk, cs_order_number = cr_order_number
|  |  fk/pk conjuncts: cs_item_sk = cr_item_sk, cs_order_number = cr_order_number
|  |  mem-estimate=0B mem-reservation=0B spill-buffer=2.00MB thread-reservation=0
|  |  tuple-ids=8,9N row-size=52B cardinality=73.14M(filtered from 4.32G) cost=801558970
|  |  in pipelines: 13(GETNEXT), 14(OPEN)
|  |
|  |--F36:PLAN FRAGMENT [HASH(cs_item_sk,cs_order_number)] hosts=10 instances=10 (adjusted from 120)
|  |  |  Per-Instance Resources: mem-estimate=2.02GB mem-reservation=34.00MB thread-reservation=1
|  |  |  max-parallelism=90 segment-costs=[519759641]
|  |  JOIN BUILD
|  |  |  join-table-id=09 plan-id=10 cohort-id=02
|  |  |  build expressions: cr_item_sk, cr_order_number
|  |  |  mem-estimate=2.00GB mem-reservation=34.00MB spill-buffer=2.00MB thread-reservation=0 cost=432016991
|  |  |
|  |  49:EXCHANGE [HASH(cr_item_sk,cr_order_number)]
|  |  |  mem-estimate=12.34MB mem-reservation=0B thread-reservation=0
|  |  |  tuple-ids=9 row-size=20B cardinality=432.02M cost=87742650
|  |  |  in pipelines: 14(GETNEXT)
|  |  |
|  |  F09:PLAN FRAGMENT [RANDOM] hosts=10 instances=100 (adjusted from 120)
|  |  Per-Host Shared Resources: mem-estimate=1.00MB mem-reservation=1.00MB thread-reservation=0 runtime-filters-memory=1.00MB
|  |  Per-Instance Resources: mem-estimate=16.94MB mem-reservation=32.00KB thread-reservation=1
|  |  max-parallelism=100 segment-costs=[903433931]
|  |  14:SCAN HDFS [tpcds_partitioned_parquet_snap.catalog_returns, RANDOM]
|  |     HDFS partitions=2060/2060 files=2060 size=30.47MB
|  |     runtime filters: RF013[min_max] -> tpcds_partitioned_parquet_snap.catalog_returns.cr_item_sk, RF012[bloom] -> tpcds_partitioned_parquet_snap.catalog_returns.cr_item_sk
|  |     stored statistics:
|  |       table: rows=432.02M size=32.77GB
|  |       partitions: 2060/2060 rows=432.02M
|  |       columns: all
|  |     extrapolated-rows=disabled max-scan-range-rows=416.82K
|  |     mem-estimate=16.00MB mem-reservation=32.00KB thread-reservation=0
|  |     tuple-ids=9 row-size=20B cardinality=432.02M cost=124420893
|  |     in pipelines: 14(GETNEXT)
|  |
|  48:EXCHANGE [HASH(cs_item_sk,cs_order_number)]
|  |  mem-estimate=11.05MB mem-reservation=0B thread-reservation=0
|  |  tuple-ids=8 row-size=32B cardinality=73.14M(filtered from 4.32G) cost=18892496
|  |  in pipelines: 13(GETNEXT)
|  |
|  F08:PLAN FRAGMENT [RANDOM] hosts=10 instances=30 (adjusted from 120)
|  Per-Host Shared Resources: mem-estimate=3.00MB mem-reservation=3.00MB thread-reservation=0 runtime-filters-memory=3.00MB
|  Per-Instance Resources: mem-estimate=17.41MB mem-reservation=1.00MB thread-reservation=1
|  max-parallelism=30 segment-costs=[222116656]
|  13:SCAN HDFS [tpcds_partitioned_parquet_snap.catalog_sales, RANDOM]
|     HDFS partitions=1831/1831 files=1831 size=150.82MB
|     runtime filters: RF013[min_max] -> cs_item_sk, RF011[min_max] -> cs_promo_sk, RF009[min_max] -> cs_catalog_page_sk, RF014[bloom] -> cs_sold_date_sk, RF012[bloom] -> cs_item_sk, RF010[bloom] -> cs_promo_sk
|     stored statistics:
|       table: rows=4.32G size=280.96GB
|       partitions: 1831/1831 rows=4.32G
|       columns: all
|     extrapolated-rows=disabled max-scan-range-rows=21.52M est-scan-range=31(filtered from 1831)
|     mem-estimate=16.00MB mem-reservation=1.00MB thread-reservation=0
|     tuple-ids=8 row-size=32B cardinality=73.14M(filtered from 4.32G) cost=33703686
|     in pipelines: 13(GETNEXT)
|
47:AGGREGATE [FINALIZE]
|  output: sum:merge(ss_ext_sales_price), sum:merge(coalesce(sr_return_amt, 0)), sum:merge(ss_net_profit - coalesce(sr_net_loss, 0))
|  group by: s_store_id
|  mem-estimate=10.00MB mem-reservation=1.94MB spill-buffer=64.00KB thread-reservation=0
|  tuple-ids=6 row-size=76B cardinality=678 cost=1857
|  in pipelines: 47(GETNEXT), 01(OPEN)
|
46:EXCHANGE [HASH(s_store_id)]
|  mem-estimate=534.72KB mem-reservation=0B thread-reservation=0
|  tuple-ids=6 row-size=76B cardinality=678 cost=312
|  in pipelines: 01(GETNEXT)
|
F02:PLAN FRAGMENT [HASH(ss_item_sk,ss_ticket_number)] hosts=10 instances=10 (adjusted from 120)
Per-Instance Resources: mem-estimate=24.25MB mem-reservation=2.00MB thread-reservation=1
max-parallelism=180 segment-costs=[1764974287, 3667] cpu-comparison-result=177 [max(42 (self) vs 177 (sum children))]
12:AGGREGATE [STREAMING]
|  output: sum(ss_ext_sales_price), sum(coalesce(sr_return_amt, CAST(0 AS DECIMAL(7,2)))), sum(ss_net_profit - coalesce(sr_net_loss, CAST(0 AS DECIMAL(7,2))))
|  group by: s_store_id
|  mem-estimate=10.00MB mem-reservation=2.00MB spill-buffer=64.00KB thread-reservation=0
|  tuple-ids=6 row-size=76B cardinality=678 cost=6485765
|  in pipelines: 01(GETNEXT)
|
11:HASH JOIN [INNER JOIN, BROADCAST]
|  hash-table-id=00
|  hash predicates: ss_store_sk = s_store_sk
|  fk/pk conjuncts: ss_store_sk = s_store_sk
|  mem-estimate=0B mem-reservation=0B spill-buffer=64.00KB thread-reservation=0
|  tuple-ids=0,1N,2,4,5,3 row-size=117B cardinality=14.51M cost=6349072
|  in pipelines: 01(GETNEXT), 04(OPEN)
|
|--F27:PLAN FRAGMENT [HASH(ss_item_sk,ss_ticket_number)] hosts=10 instances=10
|  |  Per-Instance Resources: mem-estimate=2.01MB mem-reservation=1.94MB thread-reservation=1
|  |  max-parallelism=10 segment-costs=[3140]
|  JOIN BUILD
|  |  join-table-id=00 plan-id=01 cohort-id=01
|  |  build expressions: s_store_sk
|  |  runtime filters: RF001[min_max] <- s_store_sk
|  |  mem-estimate=1.94MB mem-reservation=1.94MB spill-buffer=64.00KB thread-reservation=0 cost=1350
|  |
|  45:EXCHANGE [BROADCAST]
|  |  mem-estimate=78.19KB mem-reservation=0B thread-reservation=0
|  |  tuple-ids=3 row-size=32B cardinality=1.35K cost=1790
|  |  in pipelines: 04(GETNEXT)
|  |
|  F06:PLAN FRAGMENT [RANDOM] hosts=1 instances=1
|  Per-Instance Resources: mem-estimate=16.14MB mem-reservation=16.00KB thread-reservation=1
|  max-parallelism=1 segment-costs=[533]
|  04:SCAN HDFS [tpcds_partitioned_parquet_snap.store, RANDOM]
|     HDFS partitions=1/1 files=1 size=9.81KB
|     stored statistics:
|       table: rows=1.35K size=119.76KB
|       columns: all
|     extrapolated-rows=disabled max-scan-range-rows=1.35K
|     mem-estimate=16.00MB mem-reservation=16.00KB thread-reservation=0
|     tuple-ids=3 row-size=32B cardinality=1.35K cost=388
|     in pipelines: 04(GETNEXT)
|
10:HASH JOIN [INNER JOIN, BROADCAST]
|  hash-table-id=01
|  hash predicates: ss_promo_sk = p_promo_sk
|  fk/pk conjuncts: ss_promo_sk = p_promo_sk
|  mem-estimate=0B mem-reservation=0B spill-buffer=64.00KB thread-reservation=0
|  tuple-ids=0,1N,2,4,5 row-size=85B cardinality=14.51M cost=6392992
|  in pipelines: 01(GETNEXT), 06(OPEN)
|
|--F28:PLAN FRAGMENT [HASH(ss_item_sk,ss_ticket_number)] hosts=10 instances=10
|  |  Per-Instance Resources: mem-estimate=2.99MB mem-reservation=2.94MB thread-reservation=1 runtime-filters-memory=1.00MB
|  |  max-parallelism=10 segment-costs=[4139]
|  JOIN BUILD
|  |  join-table-id=01 plan-id=02 cohort-id=01
|  |  build expressions: p_promo_sk
|  |  runtime filters: RF002[bloom] <- p_promo_sk, RF003[min_max] <- p_promo_sk
|  |  mem-estimate=1.94MB mem-reservation=1.94MB spill-buffer=64.00KB thread-reservation=0 cost=1779
|  |
|  44:EXCHANGE [BROADCAST]
|  |  mem-estimate=50.53KB mem-reservation=0B thread-reservation=0
|  |  tuple-ids=5 row-size=17B cardinality=1.78K cost=2360
|  |  in pipelines: 06(GETNEXT)
|  |
|  F05:PLAN FRAGMENT [RANDOM] hosts=1 instances=1
|  Per-Instance Resources: mem-estimate=16.08MB mem-reservation=32.00KB thread-reservation=1
|  max-parallelism=1 segment-costs=[300]
|  06:SCAN HDFS [tpcds_partitioned_parquet_snap.promotion, RANDOM]
|     HDFS partitions=1/1 files=1 size=23.20KB
|     predicates: p_channel_tv = 'N'
|     stored statistics:
|       table: rows=1.80K size=100.50KB
|       columns: all
|     extrapolated-rows=disabled max-scan-range-rows=1.80K
|     parquet statistics predicates: p_channel_tv = 'N'
|     parquet dictionary predicates: p_channel_tv = 'N'
|     mem-estimate=16.00MB mem-reservation=32.00KB thread-reservation=0
|     tuple-ids=5 row-size=17B cardinality=1.78K cost=180
|     in pipelines: 06(GETNEXT)
|
09:HASH JOIN [INNER JOIN, BROADCAST]
|  hash-table-id=02
|  hash predicates: ss_item_sk = i_item_sk
|  fk/pk conjuncts: ss_item_sk = i_item_sk
|  mem-estimate=0B mem-reservation=0B spill-buffer=128.00KB thread-reservation=0
|  tuple-ids=0,1N,2,4 row-size=68B cardinality=14.68M cost=40324146
|  in pipelines: 01(GETNEXT), 05(OPEN)
|
|--F29:PLAN FRAGMENT [HASH(ss_item_sk,ss_ticket_number)] hosts=10 instances=10
|  |  Per-Instance Resources: mem-estimate=4.20MB mem-reservation=3.88MB thread-reservation=1 runtime-filters-memory=1.00MB
|  |  max-parallelism=10 segment-costs=[83840]
|  JOIN BUILD
|  |  join-table-id=02 plan-id=03 cohort-id=01
|  |  build expressions: i_item_sk
|  |  runtime filters: RF004[bloom] <- i_item_sk, RF005[min_max] <- i_item_sk
|  |  mem-estimate=2.88MB mem-reservation=2.88MB spill-buffer=128.00KB thread-reservation=0 cost=36000
|  |
|  43:EXCHANGE [BROADCAST]
|  |  mem-estimate=329.25KB mem-reservation=0B thread-reservation=0
|  |  tuple-ids=4 row-size=8B cardinality=36.00K cost=47840
|  |  in pipelines: 05(GETNEXT)
|  |
|  F04:PLAN FRAGMENT [RANDOM] hosts=4 instances=4
|  Per-Instance Resources: mem-estimate=16.05MB mem-reservation=512.00KB thread-reservation=1
|  max-parallelism=4 segment-costs=[53143]
|  05:SCAN HDFS [tpcds_partitioned_parquet_snap.item, RANDOM]
|     HDFS partitions=1/1 files=1 size=1.73MB
|     predicates: i_current_price > CAST(50 AS DECIMAL(3,0))
|     stored statistics:
|       table: rows=360.00K size=33.54MB
|       columns: all
|     extrapolated-rows=disabled max-scan-range-rows=101.54K
|     parquet statistics predicates: i_current_price > CAST(50 AS DECIMAL(3,0))
|     parquet dictionary predicates: i_current_price > CAST(50 AS DECIMAL(3,0))
|     mem-estimate=16.00MB mem-reservation=512.00KB thread-reservation=0
|     tuple-ids=4 row-size=8B cardinality=36.00K cost=51588
|     in pipelines: 05(GETNEXT)
|
08:HASH JOIN [INNER JOIN, BROADCAST]
|  hash-table-id=03
|  hash predicates: ss_sold_date_sk = d_date_sk
|  fk/pk conjuncts: ss_sold_date_sk = d_date_sk
|  mem-estimate=0B mem-reservation=0B spill-buffer=64.00KB thread-reservation=0
|  tuple-ids=0,1N,2 row-size=60B cardinality=146.84M cost=64272307
|  in pipelines: 01(GETNEXT), 03(OPEN)
|
|--F30:PLAN FRAGMENT [HASH(ss_item_sk,ss_ticket_number)] hosts=10 instances=10
|  |  Per-Instance Resources: mem-estimate=2.95MB mem-reservation=2.94MB thread-reservation=1 runtime-filters-memory=1.00MB
|  |  max-parallelism=10 segment-costs=[71]
|  JOIN BUILD
|  |  join-table-id=03 plan-id=04 cohort-id=01
|  |  build expressions: d_date_sk
|  |  runtime filters: RF006[bloom] <- d_date_sk
|  |  mem-estimate=1.94MB mem-reservation=1.94MB spill-buffer=64.00KB thread-reservation=0 cost=31
|  |
|  42:EXCHANGE [BROADCAST]
|  |  mem-estimate=16.00KB mem-reservation=0B thread-reservation=0
|  |  tuple-ids=2 row-size=8B cardinality=31 cost=40
|  |  in pipelines: 03(GETNEXT)
|  |
|  F03:PLAN FRAGMENT [RANDOM] hosts=1 instances=1
|  Per-Instance Resources: mem-estimate=16.05MB mem-reservation=1.00MB thread-reservation=1
|  max-parallelism=1 segment-costs=[12521]
|  03:SCAN HDFS [tpcds_partitioned_parquet_snap.date_dim, RANDOM]
|     HDFS partitions=1/1 files=1 size=2.17MB
|     predicates: d_date <= DATE '1999-09-11', d_date >= DATE '1999-08-12'
|     stored statistics:
|       table: rows=73.05K size=2.17MB
|       columns: all
|     extrapolated-rows=disabled max-scan-range-rows=73.05K
|     parquet statistics predicates: d_date <= DATE '1999-09-11', d_date >= DATE '1999-08-12'
|     parquet dictionary predicates: d_date <= DATE '1999-09-11', d_date >= DATE '1999-08-12'
|     mem-estimate=16.00MB mem-reservation=1.00MB thread-reservation=0
|     tuple-ids=2 row-size=8B cardinality=31 cost=12520
|     in pipelines: 03(GETNEXT)
|
07:HASH JOIN [LEFT OUTER JOIN, PARTITIONED]
|  hash-table-id=04
|  hash predicates: ss_item_sk = sr_item_sk, ss_ticket_number = sr_ticket_number
|  fk/pk conjuncts: ss_item_sk = sr_item_sk, ss_ticket_number = sr_ticket_number
|  mem-estimate=0B mem-reservation=0B spill-buffer=2.00MB thread-reservation=0
|  tuple-ids=0,1N row-size=52B cardinality=146.84M(filtered from 8.64G) cost=1603220974
|  in pipelines: 01(GETNEXT), 02(OPEN)
|
|--F31:PLAN FRAGMENT [HASH(ss_item_sk,ss_ticket_number)] hosts=10 instances=10 (adjusted from 120)
|  |  Per-Instance Resources: mem-estimate=4.02GB mem-reservation=34.00MB thread-reservation=1
|  |  max-parallelism=180 segment-costs=[1039464723]
|  JOIN BUILD
|  |  join-table-id=04 plan-id=05 cohort-id=01
|  |  build expressions: sr_item_sk, sr_ticket_number
|  |  mem-estimate=4.01GB mem-reservation=34.00MB spill-buffer=2.00MB thread-reservation=0 cost=863988632
|  |
|  41:EXCHANGE [HASH(sr_item_sk,sr_ticket_number)]
|  |  mem-estimate=12.81MB mem-reservation=0B thread-reservation=0
|  |  tuple-ids=1 row-size=20B cardinality=863.99M cost=175476091
|  |  in pipelines: 02(GETNEXT)
|  |
|  F01:PLAN FRAGMENT [RANDOM] hosts=10 instances=120
|  Per-Host Shared Resources: mem-estimate=1.00MB mem-reservation=1.00MB thread-reservation=0 runtime-filters-memory=1.00MB
|  Per-Instance Resources: mem-estimate=16.94MB mem-reservation=512.00KB thread-reservation=1
|  max-parallelism=190 segment-costs=[1806773027]
|  02:SCAN HDFS [tpcds_partitioned_parquet_snap.store_returns, RANDOM]
|     HDFS partitions=2004/2004 files=2004 size=33.63MB
|     runtime filters: RF005[min_max] -> tpcds_partitioned_parquet_snap.store_returns.sr_item_sk, RF004[bloom] -> tpcds_partitioned_parquet_snap.store_returns.sr_item_sk
|     stored statistics:
|       table: rows=863.99M size=48.14GB
|       partitions: 2004/2004 rows=863.99M
|       columns: all
|     extrapolated-rows=disabled max-scan-range-rows=30.09M
|     mem-estimate=16.00MB mem-reservation=512.00KB thread-reservation=0
|     tuple-ids=1 row-size=20B cardinality=863.99M cost=248828726
|     in pipelines: 02(GETNEXT)
|
40:EXCHANGE [HASH(ss_item_sk,ss_ticket_number)]
|  mem-estimate=11.12MB mem-reservation=0B thread-reservation=0
|  tuple-ids=0 row-size=32B cardinality=146.84M(filtered from 8.64G) cost=37929031
|  in pipelines: 01(GETNEXT)
|
F00:PLAN FRAGMENT [RANDOM] hosts=10 instances=32 (adjusted from 120)
Per-Host Shared Resources: mem-estimate=3.00MB mem-reservation=3.00MB thread-reservation=0 runtime-filters-memory=3.00MB
Per-Instance Resources: mem-estimate=17.41MB mem-reservation=8.00MB thread-reservation=1
max-parallelism=32 segment-costs=[445926760]
01:SCAN HDFS [tpcds_partitioned_parquet_snap.store_sales, RANDOM]
   HDFS partitions=1824/1824 files=1824 size=199.33MB
   runtime filters: RF005[min_max] -> ss_item_sk, RF003[min_max] -> ss_promo_sk, RF001[min_max] -> ss_store_sk, RF006[bloom] -> ss_sold_date_sk, RF004[bloom] -> ss_item_sk, RF002[bloom] -> ss_promo_sk
   stored statistics:
     table: rows=8.64G size=389.90GB
     partitions: 1824/1824 rows=8.64G
     columns: all
   extrapolated-rows=disabled max-scan-range-rows=390.22M est-scan-range=32(filtered from 1824)
   mem-estimate=16.00MB mem-reservation=8.00MB thread-reservation=0
   tuple-ids=0 row-size=32B cardinality=146.84M(filtered from 8.64G) cost=67664334
   in pipelines: 01(GETNEXT)
---- PARALLELPLANS
Max Per-Host Resource Reservation: Memory=229.12MB Threads=69
Per-Host Resource Estimates: Memory=8.05GB
F26:PLAN FRAGMENT [UNPARTITIONED] hosts=1 instances=1
|  Per-Instance Resources: mem-estimate=4.07MB mem-reservation=4.00MB thread-reservation=1
|  max-parallelism=1 segment-costs=[539] cpu-comparison-result=441 [max(1 (self) vs 441 (sum children))]
PLAN-ROOT SINK
|  output exprs: CASE valid_tid(26,27,28) WHEN 26 THEN channel WHEN 27 THEN channel WHEN 28 THEN NULL END, CASE valid_tid(26,27,28) WHEN 26 THEN id WHEN 27 THEN NULL WHEN 28 THEN NULL END, aggif(valid_tid(26,27,28) IN (26, 27, 28), CASE valid_tid(26,27,28) WHEN 26 THEN sum(sales) WHEN 27 THEN sum(sales) WHEN 28 THEN sum(sales) END), aggif(valid_tid(26,27,28) IN (26, 27, 28), CASE valid_tid(26,27,28) WHEN 26 THEN sum(`returns`) WHEN 27 THEN sum(`returns`) WHEN 28 THEN sum(`returns`) END), aggif(valid_tid(26,27,28) IN (26, 27, 28), CASE valid_tid(26,27,28) WHEN 26 THEN sum(profit) WHEN 27 THEN sum(profit) WHEN 28 THEN sum(profit) END)
|  mem-estimate=4.00MB mem-reservation=4.00MB spill-buffer=2.00MB thread-reservation=0 cost=500
|
66:MERGING-EXCHANGE [UNPARTITIONED]
|  order by: CASE valid_tid(26,27,28) WHEN 26 THEN channel WHEN 27 THEN channel WHEN 28 THEN NULL END ASC, CASE valid_tid(26,27,28) WHEN 26 THEN id WHEN 27 THEN NULL WHEN 28 THEN NULL END ASC
|  limit: 100
|  mem-estimate=74.92KB mem-reservation=0B thread-reservation=0
|  tuple-ids=30 row-size=72B cardinality=100 cost=39
|  in pipelines: 39(GETNEXT)
|
F25:PLAN FRAGMENT [HASH(CASE valid_tid(26,27,28) WHEN 26 THEN murmur_hash(channel) WHEN 27 THEN murmur_hash(channel) WHEN 28 THEN murmur_hash(NULL) END,CASE valid_tid(26,27,28) WHEN 26 THEN murmur_hash(id) WHEN 27 THEN murmur_hash(NULL) WHEN 28 THEN murmur_hash(NULL) END)] hosts=10 instances=10 (adjusted from 120)
Per-Instance Resources: mem-estimate=40.00MB mem-reservation=7.75MB thread-reservation=1
max-parallelism=10 segment-costs=[265114, 221854, 313895, 220] cpu-comparison-result=441 [max(10 (self) vs 441 (sum children))]
39:TOP-N [LIMIT=100]
|  order by: CASE valid_tid(26,27,28) WHEN 26 THEN channel WHEN 27 THEN channel WHEN 28 THEN NULL END ASC, CASE valid_tid(26,27,28) WHEN 26 THEN id WHEN 27 THEN NULL WHEN 28 THEN NULL END ASC
|  mem-estimate=7.03KB mem-reservation=0B thread-reservation=0
|  tuple-ids=30 row-size=72B cardinality=100 cost=313895
|  in pipelines: 39(GETNEXT), 38(OPEN)
|
38:AGGREGATE [FINALIZE]
|  output: aggif(valid_tid(26,27,28) IN (CAST(26 AS INT), CAST(27 AS INT), CAST(28 AS INT)), CASE valid_tid(26,27,28) WHEN CAST(26 AS INT) THEN sum(sales) WHEN CAST(27 AS INT) THEN sum(sales) WHEN CAST(28 AS INT) THEN sum(sales) END), aggif(valid_tid(26,27,28) IN (CAST(26 AS INT), CAST(27 AS INT), CAST(28 AS INT)), CASE valid_tid(26,27,28) WHEN CAST(26 AS INT) THEN sum(`returns`) WHEN CAST(27 AS INT) THEN sum(`returns`) WHEN CAST(28 AS INT) THEN sum(`returns`) END), aggif(valid_tid(26,27,28) IN (CAST(26 AS INT), CAST(27 AS INT), CAST(28 AS INT)), CASE valid_tid(26,27,28) WHEN CAST(26 AS INT) THEN sum(profit) WHEN CAST(27 AS INT) THEN sum(profit) WHEN CAST(28 AS INT) THEN sum(profit) END)
|  group by: CASE valid_tid(26,27,28) WHEN CAST(26 AS INT) THEN channel WHEN CAST(27 AS INT) THEN channel WHEN CAST(28 AS INT) THEN NULL END, CASE valid_tid(26,27,28) WHEN CAST(26 AS INT) THEN id WHEN CAST(27 AS INT) THEN NULL WHEN CAST(28 AS INT) THEN NULL END, CASE valid_tid(26,27,28) WHEN CAST(26 AS INT) THEN CAST(26 AS INT) WHEN CAST(27 AS INT) THEN CAST(27 AS INT) WHEN CAST(28 AS INT) THEN CAST(28 AS INT) END
|  mem-estimate=10.00MB mem-reservation=1.94MB spill-buffer=64.00KB thread-reservation=0
|  tuple-ids=29 row-size=76B cardinality=36.72K cost=221854
|  in pipelines: 38(GETNEXT), 65(OPEN)
|
65:AGGREGATE [FINALIZE]
|  Class 0
|    output: sum:merge(sales), sum:merge(`returns`), sum:merge(profit)
|    group by: channel, id
|  Class 1
|    output: sum:merge(sales), sum:merge(`returns`), sum:merge(profit)
|    group by: channel, NULL
|  Class 2
|    output: sum:merge(sales), sum:merge(`returns`), sum:merge(profit)
|    group by: NULL, NULL
|  mem-estimate=30.00MB mem-reservation=5.81MB thread-reservation=0
|  tuple-ids=26N,27N,28N row-size=216B cardinality=36.72K cost=221853
|  in pipelines: 65(GETNEXT), 47(OPEN), 55(OPEN), 63(OPEN)
|
64:EXCHANGE [HASH(CASE valid_tid(26,27,28) WHEN 26 THEN murmur_hash(channel) WHEN 27 THEN murmur_hash(channel) WHEN 28 THEN murmur_hash(NULL) END,CASE valid_tid(26,27,28) WHEN 26 THEN murmur_hash(id) WHEN 27 THEN murmur_hash(NULL) WHEN 28 THEN murmur_hash(NULL) END)]
|  mem-estimate=2.98MB mem-reservation=0B thread-reservation=0
|  tuple-ids=26N,27N,28N row-size=216B cardinality=36.72K cost=43261
|  in pipelines: 47(GETNEXT), 55(GETNEXT), 63(GETNEXT)
|
F24:PLAN FRAGMENT [RANDOM] hosts=10 instances=10 (adjusted from 120)
Per-Instance Resources: mem-estimate=49.95MB mem-reservation=7.94MB thread-reservation=1
max-parallelism=10 segment-costs=[2169, 125388, 29, 344492, 567467] cpu-comparison-result=441 [max(10 (self) vs 441 (sum children))]
37:AGGREGATE [STREAMING]
|  Class 0
|    output: sum(sales), sum(returns), sum(profit)
|    group by: channel, id
|  Class 1
|    output: sum(sales), sum(returns), sum(profit)
|    group by: channel, NULL
|  Class 2
|    output: sum(sales), sum(returns), sum(profit)
|    group by: NULL, NULL
|  mem-estimate=30.00MB mem-reservation=6.00MB thread-reservation=0
|  tuple-ids=26N,27N,28N row-size=216B cardinality=36.72K cost=335170
|  in pipelines: 47(GETNEXT), 55(GETNEXT), 63(GETNEXT)
|
00:UNION
|  mem-estimate=0B mem-reservation=0B thread-reservation=0
|  tuple-ids=24 row-size=72B cardinality=36.71K cost=9322
|  in pipelines: 47(GETNEXT), 55(GETNEXT), 63(GETNEXT)
|
|--63:AGGREGATE [FINALIZE]
|  |  output: sum:merge(ws_ext_sales_price), sum:merge(coalesce(wr_return_amt, 0)), sum:merge(ws_net_profit - coalesce(wr_net_loss, 0))
|  |  group by: web_site_id
|  |  mem-estimate=10.00MB mem-reservation=1.94MB spill-buffer=64.00KB thread-reservation=0
|  |  tuple-ids=22 row-size=76B cardinality=33 cost=14
|  |  in pipelines: 63(GETNEXT), 25(OPEN)
|  |
|  62:EXCHANGE [HASH(web_site_id)]
|  |  mem-estimate=26.03KB mem-reservation=0B thread-reservation=0
|  |  tuple-ids=22 row-size=76B cardinality=33 cost=15
|  |  in pipelines: 25(GETNEXT)
|  |
|  F18:PLAN FRAGMENT [HASH(ws_item_sk,ws_order_number)] hosts=10 instances=10 (adjusted from 120)
|  Per-Instance Resources: mem-estimate=23.83MB mem-reservation=2.00MB thread-reservation=1
|  max-parallelism=50 segment-costs=[441159182, 178] cpu-comparison-result=107 [max(30 (self) vs 107 (sum children))]
|  36:AGGREGATE [STREAMING]
|  |  output: sum(ws_ext_sales_price), sum(coalesce(wr_return_amt, CAST(0 AS DECIMAL(7,2)))), sum(ws_net_profit - coalesce(wr_net_loss, CAST(0 AS DECIMAL(7,2))))
|  |  group by: web_site_id
|  |  mem-estimate=10.00MB mem-reservation=2.00MB spill-buffer=64.00KB thread-reservation=0
|  |  tuple-ids=22 row-size=76B cardinality=33 cost=1555315
|  |  in pipelines: 25(GETNEXT)
|  |
|  35:HASH JOIN [INNER JOIN, BROADCAST]
|  |  hash-table-id=10
|  |  hash predicates: ws_promo_sk = p_promo_sk
|  |  fk/pk conjuncts: ws_promo_sk = p_promo_sk
|  |  mem-estimate=0B mem-reservation=0B spill-buffer=64.00KB thread-reservation=0
|  |  tuple-ids=16,17N,18,20,19,21 row-size=117B cardinality=3.57M cost=1574382
|  |  in pipelines: 25(GETNEXT), 30(OPEN)
|  |
|  |--F37:PLAN FRAGMENT [HASH(ws_item_sk,ws_order_number)] hosts=10 instances=10
|  |  |  Per-Instance Resources: mem-estimate=2.99MB mem-reservation=2.94MB thread-reservation=1 runtime-filters-memory=1.00MB
|  |  |  max-parallelism=10 segment-costs=[4139]
|  |  JOIN BUILD
|  |  |  join-table-id=10 plan-id=11 cohort-id=03
|  |  |  build expressions: p_promo_sk
|  |  |  runtime filters: RF016[bloom] <- p_promo_sk, RF017[min_max] <- p_promo_sk
|  |  |  mem-estimate=1.94MB mem-reservation=1.94MB spill-buffer=64.00KB thread-reservation=0 cost=1779
|  |  |
|  |  61:EXCHANGE [BROADCAST]
|  |  |  mem-estimate=50.53KB mem-reservation=0B thread-reservation=0
|  |  |  tuple-ids=21 row-size=17B cardinality=1.78K cost=2360
|  |  |  in pipelines: 30(GETNEXT)
|  |  |
|  |  F22:PLAN FRAGMENT [RANDOM] hosts=1 instances=1
|  |  Per-Instance Resources: mem-estimate=16.08MB mem-reservation=32.00KB thread-reservation=1
|  |  max-parallelism=1 segment-costs=[300]
|  |  30:SCAN HDFS [tpcds_partitioned_parquet_snap.promotion, RANDOM]
|  |     HDFS partitions=1/1 files=1 size=23.20KB
|  |     predicates: p_channel_tv = 'N'
|  |     stored statistics:
|  |       table: rows=1.80K size=100.50KB
|  |       columns: all
|  |     extrapolated-rows=disabled max-scan-range-rows=1.80K
|  |     parquet statistics predicates: p_channel_tv = 'N'
|  |     parquet dictionary predicates: p_channel_tv = 'N'
|  |     mem-estimate=16.00MB mem-reservation=32.00KB thread-reservation=0
|  |     tuple-ids=21 row-size=17B cardinality=1.78K cost=180
|  |     in pipelines: 30(GETNEXT)
|  |
|  34:HASH JOIN [INNER JOIN, BROADCAST]
|  |  hash-table-id=11
|  |  hash predicates: ws_web_site_sk = web_site_sk
|  |  fk/pk conjuncts: ws_web_site_sk = web_site_sk
|  |  mem-estimate=0B mem-reservation=0B spill-buffer=64.00KB thread-reservation=0
|  |  tuple-ids=16,17N,18,20,19 row-size=100B cardinality=3.61M cost=1596070
|  |  in pipelines: 25(GETNEXT), 28(OPEN)
|  |
|  |--F38:PLAN FRAGMENT [HASH(ws_item_sk,ws_order_number)] hosts=10 instances=10
|  |  |  Per-Instance Resources: mem-estimate=2.95MB mem-reservation=2.94MB thread-reservation=1 runtime-filters-memory=1.00MB
|  |  |  max-parallelism=10 segment-costs=[146]
|  |  JOIN BUILD
|  |  |  join-table-id=11 plan-id=12 cohort-id=03
|  |  |  build expressions: web_site_sk
|  |  |  runtime filters: RF018[bloom] <- web_site_sk, RF019[min_max] <- web_site_sk
|  |  |  mem-estimate=1.94MB mem-reservation=1.94MB spill-buffer=64.00KB thread-reservation=0 cost=66
|  |  |
|  |  60:EXCHANGE [BROADCAST]
|  |  |  mem-estimate=16.00KB mem-reservation=0B thread-reservation=0
|  |  |  tuple-ids=19 row-size=32B cardinality=66 cost=80
|  |  |  in pipelines: 28(GETNEXT)
|  |  |
|  |  F21:PLAN FRAGMENT [RANDOM] hosts=1 instances=1
|  |  Per-Instance Resources: mem-estimate=16.14MB mem-reservation=16.00KB thread-reservation=1
|  |  max-parallelism=1 segment-costs=[26]
|  |  28:SCAN HDFS [tpcds_partitioned_parquet_snap.web_site, RANDOM]
|  |     HDFS partitions=1/1 files=1 size=11.78KB
|  |     stored statistics:
|  |       table: rows=66 size=17.88KB
|  |       columns: all
|  |     extrapolated-rows=disabled max-scan-range-rows=66
|  |     mem-estimate=16.00MB mem-reservation=16.00KB thread-reservation=0
|  |     tuple-ids=19 row-size=32B cardinality=66 cost=19
|  |     in pipelines: 28(GETNEXT)
|  |
|  33:HASH JOIN [INNER JOIN, BROADCAST]
|  |  hash-table-id=12
|  |  hash predicates: ws_item_sk = i_item_sk
|  |  fk/pk conjuncts: ws_item_sk = i_item_sk
|  |  mem-estimate=0B mem-reservation=0B spill-buffer=128.00KB thread-reservation=0
|  |  tuple-ids=16,17N,18,20 row-size=68B cardinality=3.67M cost=10080962
|  |  in pipelines: 25(GETNEXT), 29(OPEN)
|  |
|  |--F39:PLAN FRAGMENT [HASH(ws_item_sk,ws_order_number)] hosts=10 instances=10
|  |  |  Per-Instance Resources: mem-estimate=4.20MB mem-reservation=3.88MB thread-reservation=1 runtime-filters-memory=1.00MB
|  |  |  max-parallelism=10 segment-costs=[83840]
|  |  JOIN BUILD
|  |  |  join-table-id=12 plan-id=13 cohort-id=03
|  |  |  build expressions: i_item_sk
|  |  |  runtime filters: RF020[bloom] <- i_item_sk, RF021[min_max] <- i_item_sk
|  |  |  mem-estimate=2.88MB mem-reservation=2.88MB spill-buffer=128.00KB thread-reservation=0 cost=36000
|  |  |
|  |  59:EXCHANGE [BROADCAST]
|  |  |  mem-estimate=329.25KB mem-reservation=0B thread-reservation=0
|  |  |  tuple-ids=20 row-size=8B cardinality=36.00K cost=47840
|  |  |  in pipelines: 29(GETNEXT)
|  |  |
|  |  F20:PLAN FRAGMENT [RANDOM] hosts=4 instances=4
|  |  Per-Instance Resources: mem-estimate=16.05MB mem-reservation=512.00KB thread-reservation=1
|  |  max-parallelism=4 segment-costs=[53143]
|  |  29:SCAN HDFS [tpcds_partitioned_parquet_snap.item, RANDOM]
|  |     HDFS partitions=1/1 files=1 size=1.73MB
|  |     predicates: i_current_price > CAST(50 AS DECIMAL(3,0))
|  |     stored statistics:
|  |       table: rows=360.00K size=33.54MB
|  |       columns: all
|  |     extrapolated-rows=disabled max-scan-range-rows=101.54K
|  |     parquet statistics predicates: i_current_price > CAST(50 AS DECIMAL(3,0))
|  |     parquet dictionary predicates: i_current_price > CAST(50 AS DECIMAL(3,0))
|  |     mem-estimate=16.00MB mem-reservation=512.00KB thread-reservation=0
|  |     tuple-ids=20 row-size=8B cardinality=36.00K cost=51588
|  |     in pipelines: 29(GETNEXT)
|  |
|  32:HASH JOIN [INNER JOIN, BROADCAST]
|  |  hash-table-id=13
|  |  hash predicates: ws_sold_date_sk = d_date_sk
|  |  fk/pk conjuncts: ws_sold_date_sk = d_date_sk
|  |  mem-estimate=0B mem-reservation=0B spill-buffer=64.00KB thread-reservation=0
|  |  tuple-ids=16,17N,18 row-size=60B cardinality=36.71M cost=16067959
|  |  in pipelines: 25(GETNEXT), 27(OPEN)
|  |
|  |--F40:PLAN FRAGMENT [HASH(ws_item_sk,ws_order_number)] hosts=10 instances=10
|  |  |  Per-Instance Resources: mem-estimate=2.95MB mem-reservation=2.94MB thread-reservation=1 runtime-filters-memory=1.00MB
|  |  |  max-parallelism=10 segment-costs=[71]
|  |  JOIN BUILD
|  |  |  join-table-id=13 plan-id=14 cohort-id=03
|  |  |  build expressions: d_date_sk
|  |  |  runtime filters: RF022[bloom] <- d_date_sk
|  |  |  mem-estimate=1.94MB mem-reservation=1.94MB spill-buffer=64.00KB thread-reservation=0 cost=31
|  |  |
|  |  58:EXCHANGE [BROADCAST]
|  |  |  mem-estimate=16.00KB mem-reservation=0B thread-reservation=0
|  |  |  tuple-ids=18 row-size=8B cardinality=31 cost=40
|  |  |  in pipelines: 27(GETNEXT)
|  |  |
|  |  F19:PLAN FRAGMENT [RANDOM] hosts=1 instances=1
|  |  Per-Instance Resources: mem-estimate=16.05MB mem-reservation=1.00MB thread-reservation=1
|  |  max-parallelism=1 segment-costs=[12521]
|  |  27:SCAN HDFS [tpcds_partitioned_parquet_snap.date_dim, RANDOM]
|  |     HDFS partitions=1/1 files=1 size=2.17MB
|  |     predicates: d_date <= DATE '1999-09-11', d_date >= DATE '1999-08-12'
|  |     stored statistics:
|  |       table: rows=73.05K size=2.17MB
|  |       columns: all
|  |     extrapolated-rows=disabled max-scan-range-rows=73.05K
|  |     parquet statistics predicates: d_date <= DATE '1999-09-11', d_date >= DATE '1999-08-12'
|  |     parquet dictionary predicates: d_date <= DATE '1999-09-11', d_date >= DATE '1999-08-12'
|  |     mem-estimate=16.00MB mem-reservation=1.00MB thread-reservation=0
|  |     tuple-ids=18 row-size=8B cardinality=31 cost=12520
|  |     in pipelines: 27(GETNEXT)
|  |
|  31:HASH JOIN [LEFT OUTER JOIN, PARTITIONED]
|  |  hash-table-id=14
|  |  hash predicates: ws_item_sk = wr_item_sk, ws_order_number = wr_order_number
|  |  fk/pk conjuncts: ws_item_sk = wr_item_sk, ws_order_number = wr_order_number
|  |  mem-estimate=0B mem-reservation=0B spill-buffer=2.00MB thread-reservation=0
|  |  tuple-ids=16,17N row-size=52B cardinality=36.71M(filtered from 2.16G) cost=400802306
|  |  in pipelines: 25(GETNEXT), 26(OPEN)
|  |
|  |--F41:PLAN FRAGMENT [HASH(ws_item_sk,ws_order_number)] hosts=10 instances=10 (adjusted from 120)
|  |  |  Per-Instance Resources: mem-estimate=1.01GB mem-reservation=34.00MB thread-reservation=1
|  |  |  max-parallelism=50 segment-costs=[259872831]
|  |  JOIN BUILD
|  |  |  join-table-id=14 plan-id=15 cohort-id=03
|  |  |  build expressions: wr_item_sk, wr_order_number
|  |  |  mem-estimate=1.00GB mem-reservation=34.00MB spill-buffer=2.00MB thread-reservation=0 cost=216002686
|  |  |
|  |  57:EXCHANGE [HASH(wr_item_sk,wr_order_number)]
|  |  |  mem-estimate=11.17MB mem-reservation=0B thread-reservation=0
|  |  |  tuple-ids=17 row-size=20B cardinality=216.00M cost=43870145
|  |  |  in pipelines: 26(GETNEXT)
|  |  |
|  |  F17:PLAN FRAGMENT [RANDOM] hosts=10 instances=50 (adjusted from 120)
|  |  Per-Host Shared Resources: mem-estimate=1.00MB mem-reservation=1.00MB thread-reservation=0 runtime-filters-memory=1.00MB
|  |  Per-Instance Resources: mem-estimate=16.94MB mem-reservation=256.00KB thread-reservation=1
|  |  max-parallelism=50 segment-costs=[451704816]
|  |  26:SCAN HDFS [tpcds_partitioned_parquet_snap.web_returns, RANDOM]
|  |     HDFS partitions=2114/2114 files=2114 size=20.70MB
|  |     runtime filters: RF021[min_max] -> tpcds_partitioned_parquet_snap.web_returns.wr_item_sk, RF020[bloom] -> tpcds_partitioned_parquet_snap.web_returns.wr_item_sk
|  |     stored statistics:
|  |       table: rows=216.00M size=16.74GB
|  |       partitions: 2114/2114 rows=216.00M
|  |       columns: all
|  |     extrapolated-rows=disabled max-scan-range-rows=9.41M
|  |     mem-estimate=16.00MB mem-reservation=256.00KB thread-reservation=0
|  |     tuple-ids=17 row-size=20B cardinality=216.00M cost=62208773
|  |     in pipelines: 26(GETNEXT)
|  |
|  56:EXCHANGE [HASH(ws_item_sk,ws_order_number)]
|  |  mem-estimate=10.70MB mem-reservation=0B thread-reservation=0
|  |  tuple-ids=16 row-size=32B cardinality=36.71M(filtered from 2.16G) cost=9482188
|  |  in pipelines: 25(GETNEXT)
|  |
|  F16:PLAN FRAGMENT [RANDOM] hosts=10 instances=20 (adjusted from 120)
|  Per-Host Shared Resources: mem-estimate=4.00MB mem-reservation=4.00MB thread-reservation=0 runtime-filters-memory=4.00MB
|  Per-Instance Resources: mem-estimate=17.41MB mem-reservation=128.00KB thread-reservation=1
|  max-parallelism=20 segment-costs=[111480872]
|  25:SCAN HDFS [tpcds_partitioned_parquet_snap.web_sales, RANDOM]
|     HDFS partitions=1824/1824 files=1824 size=84.18MB
|     runtime filters: RF021[min_max] -> ws_item_sk, RF019[min_max] -> ws_web_site_sk, RF017[min_max] -> ws_promo_sk, RF022[bloom] -> ws_sold_date_sk, RF020[bloom] -> ws_item_sk, RF018[bloom] -> ws_web_site_sk, RF016[bloom] -> ws_promo_sk
|     stored statistics:
|       table: rows=2.16G size=145.75GB
|       partitions: 1824/1824 rows=2.16G
|       columns: all
|     extrapolated-rows=disabled max-scan-range-rows=3.37M est-scan-range=32(filtered from 1824)
|     mem-estimate=16.00MB mem-reservation=128.00KB thread-reservation=0
|     tuple-ids=16 row-size=32B cardinality=36.71M(filtered from 2.16G) cost=16915959
|     in pipelines: 25(GETNEXT)
|
|--55:AGGREGATE [FINALIZE]
|  |  output: sum:merge(cs_ext_sales_price), sum:merge(coalesce(cr_return_amount, 0)), sum:merge(cs_net_profit - coalesce(cr_net_loss, 0))
|  |  group by: cp_catalog_page_id
|  |  mem-estimate=10.00MB mem-reservation=1.94MB spill-buffer=64.00KB thread-reservation=0
|  |  tuple-ids=14 row-size=76B cardinality=36.00K cost=108803
|  |  in pipelines: 55(GETNEXT), 13(OPEN)
|  |
|  54:EXCHANGE [HASH(cp_catalog_page_id)]
|  |  mem-estimate=1.04MB mem-reservation=0B thread-reservation=0
|  |  tuple-ids=14 row-size=76B cardinality=36.00K cost=16585
|  |  in pipelines: 13(GETNEXT)
|  |
|  F10:PLAN FRAGMENT [HASH(cs_item_sk,cs_order_number)] hosts=10 instances=10 (adjusted from 120)
|  Per-Instance Resources: mem-estimate=24.18MB mem-reservation=5.00MB thread-reservation=1
|  max-parallelism=90 segment-costs=[891170974, 194745] cpu-comparison-result=157 [max(40 (self) vs 157 (sum children))]
|  24:AGGREGATE [STREAMING]
|  |  output: sum(cs_ext_sales_price), sum(coalesce(cr_return_amount, CAST(0 AS DECIMAL(7,2)))), sum(cs_net_profit - coalesce(cr_net_loss, CAST(0 AS DECIMAL(7,2))))
|  |  group by: cp_catalog_page_id
|  |  mem-estimate=10.00MB mem-reservation=5.00MB spill-buffer=256.00KB thread-reservation=0
|  |  tuple-ids=14 row-size=76B cardinality=36.00K cost=12273052
|  |  in pipelines: 13(GETNEXT)
|  |
|  23:HASH JOIN [INNER JOIN, BROADCAST]
|  |  hash-table-id=05
|  |  hash predicates: cs_catalog_page_sk = cp_catalog_page_sk
|  |  fk/pk conjuncts: cs_catalog_page_sk = cp_catalog_page_sk
|  |  mem-estimate=0B mem-reservation=0B spill-buffer=128.00KB thread-reservation=0
|  |  tuple-ids=8,9N,10,12,13,11 row-size=117B cardinality=7.23M cost=3162480
|  |  in pipelines: 13(GETNEXT), 16(OPEN)
|  |
|  |--F32:PLAN FRAGMENT [HASH(cs_item_sk,cs_order_number)] hosts=10 instances=10
|  |  |  Per-Instance Resources: mem-estimate=4.01MB mem-reservation=2.88MB thread-reservation=1
|  |  |  max-parallelism=10 segment-costs=[83840]
|  |  JOIN BUILD
|  |  |  join-table-id=05 plan-id=06 cohort-id=02
|  |  |  build expressions: cp_catalog_page_sk
|  |  |  runtime filters: RF009[min_max] <- cp_catalog_page_sk
|  |  |  mem-estimate=2.88MB mem-reservation=2.88MB spill-buffer=128.00KB thread-reservation=0 cost=36000
|  |  |
|  |  53:EXCHANGE [BROADCAST]
|  |  |  mem-estimate=1.13MB mem-reservation=0B thread-reservation=0
|  |  |  tuple-ids=11 row-size=32B cardinality=36.00K cost=47840
|  |  |  in pipelines: 16(GETNEXT)
|  |  |
|  |  F14:PLAN FRAGMENT [RANDOM] hosts=1 instances=1
|  |  Per-Instance Resources: mem-estimate=16.14MB mem-reservation=1.00MB thread-reservation=1
|  |  max-parallelism=1 segment-costs=[14256]
|  |  16:SCAN HDFS [tpcds_partitioned_parquet_snap.catalog_page, RANDOM]
|  |     HDFS partitions=1/1 files=1 size=739.17KB
|  |     stored statistics:
|  |       table: rows=36.00K size=2.24MB
|  |       columns: all
|  |     extrapolated-rows=disabled max-scan-range-rows=36.00K
|  |     mem-estimate=16.00MB mem-reservation=1.00MB thread-reservation=0
|  |     tuple-ids=11 row-size=32B cardinality=36.00K cost=10368
|  |     in pipelines: 16(GETNEXT)
|  |
|  22:HASH JOIN [INNER JOIN, BROADCAST]
|  |  hash-table-id=06
|  |  hash predicates: cs_promo_sk = p_promo_sk
|  |  fk/pk conjuncts: cs_promo_sk = p_promo_sk
|  |  mem-estimate=0B mem-reservation=0B spill-buffer=64.00KB thread-reservation=0
|  |  tuple-ids=8,9N,10,12,13 row-size=85B cardinality=7.23M cost=3184357
|  |  in pipelines: 13(GETNEXT), 18(OPEN)
|  |
|  |--F33:PLAN FRAGMENT [HASH(cs_item_sk,cs_order_number)] hosts=10 instances=10
|  |  |  Per-Instance Resources: mem-estimate=2.99MB mem-reservation=2.94MB thread-reservation=1 runtime-filters-memory=1.00MB
|  |  |  max-parallelism=10 segment-costs=[4139]
|  |  JOIN BUILD
|  |  |  join-table-id=06 plan-id=07 cohort-id=02
|  |  |  build expressions: p_promo_sk
|  |  |  runtime filters: RF010[bloom] <- p_promo_sk, RF011[min_max] <- p_promo_sk
|  |  |  mem-estimate=1.94MB mem-reservation=1.94MB spill-buffer=64.00KB thread-reservation=0 cost=1779
|  |  |
|  |  52:EXCHANGE [BROADCAST]
|  |  |  mem-estimate=50.53KB mem-reservation=0B thread-reservation=0
|  |  |  tuple-ids=13 row-size=17B cardinality=1.78K cost=2360
|  |  |  in pipelines: 18(GETNEXT)
|  |  |
|  |  F13:PLAN FRAGMENT [RANDOM] hosts=1 instances=1
|  |  Per-Instance Resources: mem-estimate=16.08MB mem-reservation=32.00KB thread-reservation=1
|  |  max-parallelism=1 segment-costs=[300]
|  |  18:SCAN HDFS [tpcds_partitioned_parquet_snap.promotion, RANDOM]
|  |     HDFS partitions=1/1 files=1 size=23.20KB
|  |     predicates: p_channel_tv = 'N'
|  |     stored statistics:
|  |       table: rows=1.80K size=100.50KB
|  |       columns: all
|  |     extrapolated-rows=disabled max-scan-range-rows=1.80K
|  |     parquet statistics predicates: p_channel_tv = 'N'
|  |     parquet dictionary predicates: p_channel_tv = 'N'
|  |     mem-estimate=16.00MB mem-reservation=32.00KB thread-reservation=0
|  |     tuple-ids=13 row-size=17B cardinality=1.78K cost=180
|  |     in pipelines: 18(GETNEXT)
|  |
|  21:HASH JOIN [INNER JOIN, BROADCAST]
|  |  hash-table-id=07
|  |  hash predicates: cs_item_sk = i_item_sk
|  |  fk/pk conjuncts: cs_item_sk = i_item_sk
|  |  mem-estimate=0B mem-reservation=0B spill-buffer=128.00KB thread-reservation=0
|  |  tuple-ids=8,9N,10,12 row-size=68B cardinality=7.31M cost=20085506
|  |  in pipelines: 13(GETNEXT), 17(OPEN)
|  |
|  |--F34:PLAN FRAGMENT [HASH(cs_item_sk,cs_order_number)] hosts=10 instances=10
|  |  |  Per-Instance Resources: mem-estimate=4.20MB mem-reservation=3.88MB thread-reservation=1 runtime-filters-memory=1.00MB
|  |  |  max-parallelism=10 segment-costs=[83840]
|  |  JOIN BUILD
|  |  |  join-table-id=07 plan-id=08 cohort-id=02
|  |  |  build expressions: i_item_sk
|  |  |  runtime filters: RF012[bloom] <- i_item_sk, RF013[min_max] <- i_item_sk
|  |  |  mem-estimate=2.88MB mem-reservation=2.88MB spill-buffer=128.00KB thread-reservation=0 cost=36000
|  |  |
|  |  51:EXCHANGE [BROADCAST]
|  |  |  mem-estimate=329.25KB mem-reservation=0B thread-reservation=0
|  |  |  tuple-ids=12 row-size=8B cardinality=36.00K cost=47840
|  |  |  in pipelines: 17(GETNEXT)
|  |  |
|  |  F12:PLAN FRAGMENT [RANDOM] hosts=4 instances=4
|  |  Per-Instance Resources: mem-estimate=16.05MB mem-reservation=512.00KB thread-reservation=1
|  |  max-parallelism=4 segment-costs=[53143]
|  |  17:SCAN HDFS [tpcds_partitioned_parquet_snap.item, RANDOM]
|  |     HDFS partitions=1/1 files=1 size=1.73MB
|  |     predicates: i_current_price > CAST(50 AS DECIMAL(3,0))
|  |     stored statistics:
|  |       table: rows=360.00K size=33.54MB
|  |       columns: all
|  |     extrapolated-rows=disabled max-scan-range-rows=101.54K
|  |     parquet statistics predicates: i_current_price > CAST(50 AS DECIMAL(3,0))
|  |     parquet dictionary predicates: i_current_price > CAST(50 AS DECIMAL(3,0))
|  |     mem-estimate=16.00MB mem-reservation=512.00KB thread-reservation=0
|  |     tuple-ids=12 row-size=8B cardinality=36.00K cost=51588
|  |     in pipelines: 17(GETNEXT)
|  |
|  20:HASH JOIN [INNER JOIN, BROADCAST]
|  |  hash-table-id=08
|  |  hash predicates: cs_sold_date_sk = d_date_sk
|  |  fk/pk conjuncts: cs_sold_date_sk = d_date_sk
|  |  mem-estimate=0B mem-reservation=0B spill-buffer=64.00KB thread-reservation=0
|  |  tuple-ids=8,9N,10 row-size=60B cardinality=73.14M cost=32014113
|  |  in pipelines: 13(GETNEXT), 15(OPEN)
|  |
|  |--F35:PLAN FRAGMENT [HASH(cs_item_sk,cs_order_number)] hosts=10 instances=10
|  |  |  Per-Instance Resources: mem-estimate=2.95MB mem-reservation=2.94MB thread-reservation=1 runtime-filters-memory=1.00MB
|  |  |  max-parallelism=10 segment-costs=[71]
|  |  JOIN BUILD
|  |  |  join-table-id=08 plan-id=09 cohort-id=02
|  |  |  build expressions: d_date_sk
|  |  |  runtime filters: RF014[bloom] <- d_date_sk
|  |  |  mem-estimate=1.94MB mem-reservation=1.94MB spill-buffer=64.00KB thread-reservation=0 cost=31
|  |  |
|  |  50:EXCHANGE [BROADCAST]
|  |  |  mem-estimate=16.00KB mem-reservation=0B thread-reservation=0
|  |  |  tuple-ids=10 row-size=8B cardinality=31 cost=40
|  |  |  in pipelines: 15(GETNEXT)
|  |  |
|  |  F11:PLAN FRAGMENT [RANDOM] hosts=1 instances=1
|  |  Per-Instance Resources: mem-estimate=16.05MB mem-reservation=1.00MB thread-reservation=1
|  |  max-parallelism=1 segment-costs=[12521]
|  |  15:SCAN HDFS [tpcds_partitioned_parquet_snap.date_dim, RANDOM]
|  |     HDFS partitions=1/1 files=1 size=2.17MB
|  |     predicates: d_date <= DATE '1999-09-11', d_date >= DATE '1999-08-12'
|  |     stored statistics:
|  |       table: rows=73.05K size=2.17MB
|  |       columns: all
|  |     extrapolated-rows=disabled max-scan-range-rows=73.05K
|  |     parquet statistics predicates: d_date <= DATE '1999-09-11', d_date >= DATE '1999-08-12'
|  |     parquet dictionary predicates: d_date <= DATE '1999-09-11', d_date >= DATE '1999-08-12'
|  |     mem-estimate=16.00MB mem-reservation=1.00MB thread-reservation=0
|  |     tuple-ids=10 row-size=8B cardinality=31 cost=12520
|  |     in pipelines: 15(GETNEXT)
|  |
|  19:HASH JOIN [LEFT OUTER JOIN, PARTITIONED]
|  |  hash-table-id=09
|  |  hash predicates: cs_item_sk = cr_item_sk, cs_order_number = cr_order_number
|  |  fk/pk conjuncts: cs_item_sk = cr_item_sk, cs_order_number = cr_order_number
|  |  mem-estimate=0B mem-reservation=0B spill-buffer=2.00MB thread-reservation=0
|  |  tuple-ids=8,9N row-size=52B cardinality=73.14M(filtered from 4.32G) cost=801558970
|  |  in pipelines: 13(GETNEXT), 14(OPEN)
|  |
|  |--F36:PLAN FRAGMENT [HASH(cs_item_sk,cs_order_number)] hosts=10 instances=10 (adjusted from 120)
|  |  |  Per-Instance Resources: mem-estimate=2.02GB mem-reservation=34.00MB thread-reservation=1
|  |  |  max-parallelism=90 segment-costs=[519759641]
|  |  JOIN BUILD
|  |  |  join-table-id=09 plan-id=10 cohort-id=02
|  |  |  build expressions: cr_item_sk, cr_order_number
|  |  |  mem-estimate=2.00GB mem-reservation=34.00MB spill-buffer=2.00MB thread-reservation=0 cost=432016991
|  |  |
|  |  49:EXCHANGE [HASH(cr_item_sk,cr_order_number)]
|  |  |  mem-estimate=12.34MB mem-reservation=0B thread-reservation=0
|  |  |  tuple-ids=9 row-size=20B cardinality=432.02M cost=87742650
|  |  |  in pipelines: 14(GETNEXT)
|  |  |
|  |  F09:PLAN FRAGMENT [RANDOM] hosts=10 instances=100 (adjusted from 120)
|  |  Per-Host Shared Resources: mem-estimate=1.00MB mem-reservation=1.00MB thread-reservation=0 runtime-filters-memory=1.00MB
|  |  Per-Instance Resources: mem-estimate=16.94MB mem-reservation=32.00KB thread-reservation=1
|  |  max-parallelism=100 segment-costs=[903433931]
|  |  14:SCAN HDFS [tpcds_partitioned_parquet_snap.catalog_returns, RANDOM]
|  |     HDFS partitions=2060/2060 files=2060 size=30.47MB
|  |     runtime filters: RF013[min_max] -> tpcds_partitioned_parquet_snap.catalog_returns.cr_item_sk, RF012[bloom] -> tpcds_partitioned_parquet_snap.catalog_returns.cr_item_sk
|  |     stored statistics:
|  |       table: rows=432.02M size=32.77GB
|  |       partitions: 2060/2060 rows=432.02M
|  |       columns: all
|  |     extrapolated-rows=disabled max-scan-range-rows=416.82K
|  |     mem-estimate=16.00MB mem-reservation=32.00KB thread-reservation=0
|  |     tuple-ids=9 row-size=20B cardinality=432.02M cost=124420893
|  |     in pipelines: 14(GETNEXT)
|  |
|  48:EXCHANGE [HASH(cs_item_sk,cs_order_number)]
|  |  mem-estimate=11.05MB mem-reservation=0B thread-reservation=0
|  |  tuple-ids=8 row-size=32B cardinality=73.14M(filtered from 4.32G) cost=18892496
|  |  in pipelines: 13(GETNEXT)
|  |
|  F08:PLAN FRAGMENT [RANDOM] hosts=10 instances=30 (adjusted from 120)
|  Per-Host Shared Resources: mem-estimate=3.00MB mem-reservation=3.00MB thread-reservation=0 runtime-filters-memory=3.00MB
|  Per-Instance Resources: mem-estimate=17.41MB mem-reservation=1.00MB thread-reservation=1
|  max-parallelism=30 segment-costs=[222116656]
|  13:SCAN HDFS [tpcds_partitioned_parquet_snap.catalog_sales, RANDOM]
|     HDFS partitions=1831/1831 files=1831 size=150.82MB
|     runtime filters: RF013[min_max] -> cs_item_sk, RF011[min_max] -> cs_promo_sk, RF009[min_max] -> cs_catalog_page_sk, RF014[bloom] -> cs_sold_date_sk, RF012[bloom] -> cs_item_sk, RF010[bloom] -> cs_promo_sk
|     stored statistics:
|       table: rows=4.32G size=280.96GB
|       partitions: 1831/1831 rows=4.32G
|       columns: all
|     extrapolated-rows=disabled max-scan-range-rows=21.52M est-scan-range=31(filtered from 1831)
|     mem-estimate=16.00MB mem-reservation=1.00MB thread-reservation=0
|     tuple-ids=8 row-size=32B cardinality=73.14M(filtered from 4.32G) cost=33703686
|     in pipelines: 13(GETNEXT)
|
47:AGGREGATE [FINALIZE]
|  output: sum:merge(ss_ext_sales_price), sum:merge(coalesce(sr_return_amt, 0)), sum:merge(ss_net_profit - coalesce(sr_net_loss, 0))
|  group by: s_store_id
|  mem-estimate=10.00MB mem-reservation=1.94MB spill-buffer=64.00KB thread-reservation=0
|  tuple-ids=6 row-size=76B cardinality=678 cost=1857
|  in pipelines: 47(GETNEXT), 01(OPEN)
|
46:EXCHANGE [HASH(s_store_id)]
|  mem-estimate=534.72KB mem-reservation=0B thread-reservation=0
|  tuple-ids=6 row-size=76B cardinality=678 cost=312
|  in pipelines: 01(GETNEXT)
|
F02:PLAN FRAGMENT [HASH(ss_item_sk,ss_ticket_number)] hosts=10 instances=10 (adjusted from 120)
Per-Instance Resources: mem-estimate=24.25MB mem-reservation=2.00MB thread-reservation=1
max-parallelism=180 segment-costs=[1764974287, 3667] cpu-comparison-result=177 [max(42 (self) vs 177 (sum children))]
12:AGGREGATE [STREAMING]
|  output: sum(ss_ext_sales_price), sum(coalesce(sr_return_amt, CAST(0 AS DECIMAL(7,2)))), sum(ss_net_profit - coalesce(sr_net_loss, CAST(0 AS DECIMAL(7,2))))
|  group by: s_store_id
|  mem-estimate=10.00MB mem-reservation=2.00MB spill-buffer=64.00KB thread-reservation=0
|  tuple-ids=6 row-size=76B cardinality=678 cost=6485765
|  in pipelines: 01(GETNEXT)
|
11:HASH JOIN [INNER JOIN, BROADCAST]
|  hash-table-id=00
|  hash predicates: ss_store_sk = s_store_sk
|  fk/pk conjuncts: ss_store_sk = s_store_sk
|  mem-estimate=0B mem-reservation=0B spill-buffer=64.00KB thread-reservation=0
|  tuple-ids=0,1N,2,4,5,3 row-size=117B cardinality=14.51M cost=6349072
|  in pipelines: 01(GETNEXT), 04(OPEN)
|
|--F27:PLAN FRAGMENT [HASH(ss_item_sk,ss_ticket_number)] hosts=10 instances=10
|  |  Per-Instance Resources: mem-estimate=2.01MB mem-reservation=1.94MB thread-reservation=1
|  |  max-parallelism=10 segment-costs=[3140]
|  JOIN BUILD
|  |  join-table-id=00 plan-id=01 cohort-id=01
|  |  build expressions: s_store_sk
|  |  runtime filters: RF001[min_max] <- s_store_sk
|  |  mem-estimate=1.94MB mem-reservation=1.94MB spill-buffer=64.00KB thread-reservation=0 cost=1350
|  |
|  45:EXCHANGE [BROADCAST]
|  |  mem-estimate=78.19KB mem-reservation=0B thread-reservation=0
|  |  tuple-ids=3 row-size=32B cardinality=1.35K cost=1790
|  |  in pipelines: 04(GETNEXT)
|  |
|  F06:PLAN FRAGMENT [RANDOM] hosts=1 instances=1
|  Per-Instance Resources: mem-estimate=16.14MB mem-reservation=16.00KB thread-reservation=1
|  max-parallelism=1 segment-costs=[533]
|  04:SCAN HDFS [tpcds_partitioned_parquet_snap.store, RANDOM]
|     HDFS partitions=1/1 files=1 size=9.81KB
|     stored statistics:
|       table: rows=1.35K size=119.76KB
|       columns: all
|     extrapolated-rows=disabled max-scan-range-rows=1.35K
|     mem-estimate=16.00MB mem-reservation=16.00KB thread-reservation=0
|     tuple-ids=3 row-size=32B cardinality=1.35K cost=388
|     in pipelines: 04(GETNEXT)
|
10:HASH JOIN [INNER JOIN, BROADCAST]
|  hash-table-id=01
|  hash predicates: ss_promo_sk = p_promo_sk
|  fk/pk conjuncts: ss_promo_sk = p_promo_sk
|  mem-estimate=0B mem-reservation=0B spill-buffer=64.00KB thread-reservation=0
|  tuple-ids=0,1N,2,4,5 row-size=85B cardinality=14.51M cost=6392992
|  in pipelines: 01(GETNEXT), 06(OPEN)
|
|--F28:PLAN FRAGMENT [HASH(ss_item_sk,ss_ticket_number)] hosts=10 instances=10
|  |  Per-Instance Resources: mem-estimate=2.99MB mem-reservation=2.94MB thread-reservation=1 runtime-filters-memory=1.00MB
|  |  max-parallelism=10 segment-costs=[4139]
|  JOIN BUILD
|  |  join-table-id=01 plan-id=02 cohort-id=01
|  |  build expressions: p_promo_sk
|  |  runtime filters: RF002[bloom] <- p_promo_sk, RF003[min_max] <- p_promo_sk
|  |  mem-estimate=1.94MB mem-reservation=1.94MB spill-buffer=64.00KB thread-reservation=0 cost=1779
|  |
|  44:EXCHANGE [BROADCAST]
|  |  mem-estimate=50.53KB mem-reservation=0B thread-reservation=0
|  |  tuple-ids=5 row-size=17B cardinality=1.78K cost=2360
|  |  in pipelines: 06(GETNEXT)
|  |
|  F05:PLAN FRAGMENT [RANDOM] hosts=1 instances=1
|  Per-Instance Resources: mem-estimate=16.08MB mem-reservation=32.00KB thread-reservation=1
|  max-parallelism=1 segment-costs=[300]
|  06:SCAN HDFS [tpcds_partitioned_parquet_snap.promotion, RANDOM]
|     HDFS partitions=1/1 files=1 size=23.20KB
|     predicates: p_channel_tv = 'N'
|     stored statistics:
|       table: rows=1.80K size=100.50KB
|       columns: all
|     extrapolated-rows=disabled max-scan-range-rows=1.80K
|     parquet statistics predicates: p_channel_tv = 'N'
|     parquet dictionary predicates: p_channel_tv = 'N'
|     mem-estimate=16.00MB mem-reservation=32.00KB thread-reservation=0
|     tuple-ids=5 row-size=17B cardinality=1.78K cost=180
|     in pipelines: 06(GETNEXT)
|
09:HASH JOIN [INNER JOIN, BROADCAST]
|  hash-table-id=02
|  hash predicates: ss_item_sk = i_item_sk
|  fk/pk conjuncts: ss_item_sk = i_item_sk
|  mem-estimate=0B mem-reservation=0B spill-buffer=128.00KB thread-reservation=0
|  tuple-ids=0,1N,2,4 row-size=68B cardinality=14.68M cost=40324146
|  in pipelines: 01(GETNEXT), 05(OPEN)
|
|--F29:PLAN FRAGMENT [HASH(ss_item_sk,ss_ticket_number)] hosts=10 instances=10
|  |  Per-Instance Resources: mem-estimate=4.20MB mem-reservation=3.88MB thread-reservation=1 runtime-filters-memory=1.00MB
|  |  max-parallelism=10 segment-costs=[83840]
|  JOIN BUILD
|  |  join-table-id=02 plan-id=03 cohort-id=01
|  |  build expressions: i_item_sk
|  |  runtime filters: RF004[bloom] <- i_item_sk, RF005[min_max] <- i_item_sk
|  |  mem-estimate=2.88MB mem-reservation=2.88MB spill-buffer=128.00KB thread-reservation=0 cost=36000
|  |
|  43:EXCHANGE [BROADCAST]
|  |  mem-estimate=329.25KB mem-reservation=0B thread-reservation=0
|  |  tuple-ids=4 row-size=8B cardinality=36.00K cost=47840
|  |  in pipelines: 05(GETNEXT)
|  |
|  F04:PLAN FRAGMENT [RANDOM] hosts=4 instances=4
|  Per-Instance Resources: mem-estimate=16.05MB mem-reservation=512.00KB thread-reservation=1
|  max-parallelism=4 segment-costs=[53143]
|  05:SCAN HDFS [tpcds_partitioned_parquet_snap.item, RANDOM]
|     HDFS partitions=1/1 files=1 size=1.73MB
|     predicates: i_current_price > CAST(50 AS DECIMAL(3,0))
|     stored statistics:
|       table: rows=360.00K size=33.54MB
|       columns: all
|     extrapolated-rows=disabled max-scan-range-rows=101.54K
|     parquet statistics predicates: i_current_price > CAST(50 AS DECIMAL(3,0))
|     parquet dictionary predicates: i_current_price > CAST(50 AS DECIMAL(3,0))
|     mem-estimate=16.00MB mem-reservation=512.00KB thread-reservation=0
|     tuple-ids=4 row-size=8B cardinality=36.00K cost=51588
|     in pipelines: 05(GETNEXT)
|
08:HASH JOIN [INNER JOIN, BROADCAST]
|  hash-table-id=03
|  hash predicates: ss_sold_date_sk = d_date_sk
|  fk/pk conjuncts: ss_sold_date_sk = d_date_sk
|  mem-estimate=0B mem-reservation=0B spill-buffer=64.00KB thread-reservation=0
|  tuple-ids=0,1N,2 row-size=60B cardinality=146.84M cost=64272307
|  in pipelines: 01(GETNEXT), 03(OPEN)
|
|--F30:PLAN FRAGMENT [HASH(ss_item_sk,ss_ticket_number)] hosts=10 instances=10
|  |  Per-Instance Resources: mem-estimate=2.95MB mem-reservation=2.94MB thread-reservation=1 runtime-filters-memory=1.00MB
|  |  max-parallelism=10 segment-costs=[71]
|  JOIN BUILD
|  |  join-table-id=03 plan-id=04 cohort-id=01
|  |  build expressions: d_date_sk
|  |  runtime filters: RF006[bloom] <- d_date_sk
|  |  mem-estimate=1.94MB mem-reservation=1.94MB spill-buffer=64.00KB thread-reservation=0 cost=31
|  |
|  42:EXCHANGE [BROADCAST]
|  |  mem-estimate=16.00KB mem-reservation=0B thread-reservation=0
|  |  tuple-ids=2 row-size=8B cardinality=31 cost=40
|  |  in pipelines: 03(GETNEXT)
|  |
|  F03:PLAN FRAGMENT [RANDOM] hosts=1 instances=1
|  Per-Instance Resources: mem-estimate=16.05MB mem-reservation=1.00MB thread-reservation=1
|  max-parallelism=1 segment-costs=[12521]
|  03:SCAN HDFS [tpcds_partitioned_parquet_snap.date_dim, RANDOM]
|     HDFS partitions=1/1 files=1 size=2.17MB
|     predicates: d_date <= DATE '1999-09-11', d_date >= DATE '1999-08-12'
|     stored statistics:
|       table: rows=73.05K size=2.17MB
|       columns: all
|     extrapolated-rows=disabled max-scan-range-rows=73.05K
|     parquet statistics predicates: d_date <= DATE '1999-09-11', d_date >= DATE '1999-08-12'
|     parquet dictionary predicates: d_date <= DATE '1999-09-11', d_date >= DATE '1999-08-12'
|     mem-estimate=16.00MB mem-reservation=1.00MB thread-reservation=0
|     tuple-ids=2 row-size=8B cardinality=31 cost=12520
|     in pipelines: 03(GETNEXT)
|
07:HASH JOIN [LEFT OUTER JOIN, PARTITIONED]
|  hash-table-id=04
|  hash predicates: ss_item_sk = sr_item_sk, ss_ticket_number = sr_ticket_number
|  fk/pk conjuncts: ss_item_sk = sr_item_sk, ss_ticket_number = sr_ticket_number
|  mem-estimate=0B mem-reservation=0B spill-buffer=2.00MB thread-reservation=0
|  tuple-ids=0,1N row-size=52B cardinality=146.84M(filtered from 8.64G) cost=1603220974
|  in pipelines: 01(GETNEXT), 02(OPEN)
|
|--F31:PLAN FRAGMENT [HASH(ss_item_sk,ss_ticket_number)] hosts=10 instances=10 (adjusted from 120)
|  |  Per-Instance Resources: mem-estimate=4.02GB mem-reservation=34.00MB thread-reservation=1
|  |  max-parallelism=180 segment-costs=[1039464723]
|  JOIN BUILD
|  |  join-table-id=04 plan-id=05 cohort-id=01
|  |  build expressions: sr_item_sk, sr_ticket_number
|  |  mem-estimate=4.01GB mem-reservation=34.00MB spill-buffer=2.00MB thread-reservation=0 cost=863988632
|  |
|  41:EXCHANGE [HASH(sr_item_sk,sr_ticket_number)]
|  |  mem-estimate=12.81MB mem-reservation=0B thread-reservation=0
|  |  tuple-ids=1 row-size=20B cardinality=863.99M cost=175476091
|  |  in pipelines: 02(GETNEXT)
|  |
|  F01:PLAN FRAGMENT [RANDOM] hosts=10 instances=120
|  Per-Host Shared Resources: mem-estimate=1.00MB mem-reservation=1.00MB thread-reservation=0 runtime-filters-memory=1.00MB
|  Per-Instance Resources: mem-estimate=16.94MB mem-reservation=512.00KB thread-reservation=1
|  max-parallelism=190 segment-costs=[1806773027]
|  02:SCAN HDFS [tpcds_partitioned_parquet_snap.store_returns, RANDOM]
|     HDFS partitions=2004/2004 files=2004 size=33.63MB
|     runtime filters: RF005[min_max] -> tpcds_partitioned_parquet_snap.store_returns.sr_item_sk, RF004[bloom] -> tpcds_partitioned_parquet_snap.store_returns.sr_item_sk
|     stored statistics:
|       table: rows=863.99M size=48.14GB
|       partitions: 2004/2004 rows=863.99M
|       columns: all
|     extrapolated-rows=disabled max-scan-range-rows=30.09M
|     mem-estimate=16.00MB mem-reservation=512.00KB thread-reservation=0
|     tuple-ids=1 row-size=20B cardinality=863.99M cost=248828726
|     in pipelines: 02(GETNEXT)
|
40:EXCHANGE [HASH(ss_item_sk,ss_ticket_number)]
|  mem-estimate=11.12MB mem-reservation=0B thread-reservation=0
|  tuple-ids=0 row-size=32B cardinality=146.84M(filtered from 8.64G) cost=37929031
|  in pipelines: 01(GETNEXT)
|
F00:PLAN FRAGMENT [RANDOM] hosts=10 instances=32 (adjusted from 120)
Per-Host Shared Resources: mem-estimate=3.00MB mem-reservation=3.00MB thread-reservation=0 runtime-filters-memory=3.00MB
Per-Instance Resources: mem-estimate=17.41MB mem-reservation=8.00MB thread-reservation=1
max-parallelism=32 segment-costs=[445926760]
01:SCAN HDFS [tpcds_partitioned_parquet_snap.store_sales, RANDOM]
   HDFS partitions=1824/1824 files=1824 size=199.33MB
   runtime filters: RF005[min_max] -> ss_item_sk, RF003[min_max] -> ss_promo_sk, RF001[min_max] -> ss_store_sk, RF006[bloom] -> ss_sold_date_sk, RF004[bloom] -> ss_item_sk, RF002[bloom] -> ss_promo_sk
   stored statistics:
     table: rows=8.64G size=389.90GB
     partitions: 1824/1824 rows=8.64G
     columns: all
   extrapolated-rows=disabled max-scan-range-rows=390.22M est-scan-range=32(filtered from 1824)
   mem-estimate=16.00MB mem-reservation=8.00MB thread-reservation=0
   tuple-ids=0 row-size=32B cardinality=146.84M(filtered from 8.64G) cost=67664334
   in pipelines: 01(GETNEXT)
====
