# TPCDS-Q51
# start query 51 in stream 0 using template query51.tpl using seed 63208138
WITH web_v1 as (
select
  ws_item_sk item_sk, d_date,
  sum(sum(ws_sales_price))
      over (partition by ws_item_sk order by d_date rows between unbounded preceding and current row) cume_sales
from web_sales
    ,date_dim
where ws_sold_date_sk=d_date_sk
  and d_month_seq between 1176 and 1176+11
  and ws_item_sk is not NULL
group by ws_item_sk, d_date),
store_v1 as (
select
  ss_item_sk item_sk, d_date,
  sum(sum(ss_sales_price))
      over (partition by ss_item_sk order by d_date rows between unbounded preceding and current row) cume_sales
from store_sales
    ,date_dim
where ss_sold_date_sk=d_date_sk
  and d_month_seq between 1176 and 1176+11
  and ss_item_sk is not NULL
group by ss_item_sk, d_date)
 select  *
from (select item_sk
     ,d_date
     ,web_sales
     ,store_sales
     ,max(web_sales)
         over (partition by item_sk order by d_date rows between unbounded preceding and current row) web_cumulative
     ,max(store_sales)
         over (partition by item_sk order by d_date rows between unbounded preceding and current row) store_cumulative
     from (select case when web.item_sk is not null then web.item_sk else store.item_sk end item_sk
                 ,case when web.d_date is not null then web.d_date else store.d_date end d_date
                 ,web.cume_sales web_sales
                 ,store.cume_sales store_sales
           from web_v1 web full outer join store_v1 store on (web.item_sk = store.item_sk
                                                          and web.d_date = store.d_date)
          )x )y
where web_cumulative > store_cumulative
order by item_sk
        ,d_date
limit 100;

# end query 51 in stream 0 using template query51.tpl
---- PLAN
Max Per-Host Resource Reservation: Memory=97.94MB Threads=1
Per-Host Resource Estimates: Memory=198.29GB
F00:PLAN FRAGMENT [UNPARTITIONED] hosts=1 instances=1
|  Per-Instance Resources: mem-estimate=198.29GB mem-reservation=97.94MB thread-reservation=1 runtime-filters-memory=2.00MB
|  max-parallelism=1 segment-costs=[56515568116, 12537410622, 14128806498, 3134329462, 210805767343546, 278820518032917, 600]
PLAN-ROOT SINK
|  output exprs: item_sk, d_date, web_sales, store_sales, web_cumulative, store_cumulative
|  mem-estimate=4.00MB mem-reservation=4.00MB spill-buffer=2.00MB thread-reservation=0 cost=600
|
16:TOP-N [LIMIT=100]
|  order by: item_sk ASC, d_date ASC
|  mem-estimate=7.03KB mem-reservation=0B thread-reservation=0
|  tuple-ids=13 row-size=72B cardinality=100 cost=123381692167701
|  in pipelines: 16(GETNEXT), 13(OPEN)
|
15:SELECT
|  predicates: max(web_sales) > max(store_sales)
|  mem-estimate=0B mem-reservation=0B thread-reservation=0
|  tuple-ids=25,24 row-size=112B cardinality=5.18T cost=51812941955072
|  in pipelines: 13(GETNEXT)
|
14:ANALYTIC
|  functions: max(sum(sum(ws_sales_price))), max(sum(sum(ss_sales_price)))
|  partition by: item_sk
|  order by: CASE WHEN d_date IS NOT NULL THEN d_date ELSE d_date END ASC
|  window: ROWS BETWEEN UNBOUNDED PRECEDING AND CURRENT ROW
|  mem-estimate=4.00MB mem-reservation=4.00MB spill-buffer=2.00MB thread-reservation=0
|  tuple-ids=25,24 row-size=112B cardinality=51.81T cost=103625883910144
|  in pipelines: 13(GETNEXT)
|
13:SORT
|  order by: CASE WHEN ws_item_sk IS NOT NULL THEN ws_item_sk ELSE ss_item_sk END ASC NULLS LAST, CASE WHEN d_date IS NOT NULL THEN d_date ELSE d_date END ASC
|  mem-estimate=50.00GB mem-reservation=6.00MB spill-buffer=2.00MB thread-reservation=0
|  tuple-ids=25 row-size=80B cardinality=51.81T cost=201402086378006
|  in pipelines: 13(GETNEXT), 10(OPEN)
|
12:HASH JOIN [FULL OUTER JOIN]
|  hash predicates: d_date = d_date, ss_item_sk = ws_item_sk
|  fk/pk conjuncts: none
|  mem-estimate=50.00GB mem-reservation=34.00MB spill-buffer=2.00MB thread-reservation=0
|  tuple-ids=22N,21N,17N,16N row-size=80B cardinality=51.81T cost=9392881062052
|  in pipelines: 10(GETNEXT), 04(OPEN)
|
|--05:ANALYTIC
|  |  functions: sum(sum(ws_sales_price))
|  |  partition by: ws_item_sk
|  |  order by: d_date ASC
|  |  window: ROWS BETWEEN UNBOUNDED PRECEDING AND CURRENT ROW
|  |  mem-estimate=4.00MB mem-reservation=4.00MB spill-buffer=2.00MB thread-reservation=0
|  |  tuple-ids=17,16 row-size=40B cardinality=2.16G cost=2159968000
|  |  in pipelines: 04(GETNEXT)
|  |
|  04:SORT
|  |  order by: ws_item_sk ASC NULLS LAST, d_date ASC
|  |  mem-estimate=48.28GB mem-reservation=6.00MB spill-buffer=2.00MB thread-reservation=0
|  |  tuple-ids=17 row-size=24B cardinality=2.16G cost=3134329462
|  |  in pipelines: 04(GETNEXT), 03(OPEN)
|  |
|  03:AGGREGATE [FINALIZE]
|  |  output: sum(ws_sales_price)
|  |  group by: ws_item_sk, d_date
|  |  mem-estimate=36.46GB mem-reservation=34.00MB spill-buffer=2.00MB thread-reservation=0
|  |  tuple-ids=2 row-size=24B cardinality=2.16G cost=12749426922
|  |  in pipelines: 03(GETNEXT), 00(OPEN)
|  |
|  02:HASH JOIN [INNER JOIN]
|  |  hash predicates: ws_sold_date_sk = d_date_sk
|  |  fk/pk conjuncts: ws_sold_date_sk = d_date_sk
|  |  runtime filters: RF002[bloom] <- d_date_sk
|  |  mem-estimate=1.94MB mem-reservation=1.94MB spill-buffer=64.00KB thread-reservation=0
|  |  tuple-ids=0,1 row-size=24B cardinality=2.16G cost=945425284
|  |  in pipelines: 00(GETNEXT), 01(OPEN)
|  |
|  |--18:TUPLE CACHE
|  |  |  cache key: be3c32a328dea0fe268011e8f770083f
|  |  |  input scan node ids: 1
|  |  |  estimated serialized size: 114.14KB
|  |  |  estimated serialized size per node: 114.14KB
|  |  |  cumulative processing cost: 16728
|  |  |  cache read processing cost: 970
|  |  |  cache write processing cost: 315
|  |  |  mem-estimate=4.00MB mem-reservation=4.00MB spill-buffer=2.00MB thread-reservation=0
|  |  |  tuple-ids=1 row-size=12B cardinality=7.30K cost=0
|  |  |  in pipelines: 01(GETNEXT)
|  |  |
|  |  01:SCAN HDFS [tpcds_partitioned_parquet_snap.date_dim]
|  |     HDFS partitions=1/1 files=1 size=2.17MB
|  |     deterministic scan range assignment: true
|  |     schedule scan ranges oldest to newest: true
|  |     predicates: d_month_seq <= CAST(1187 AS INT), d_month_seq >= CAST(1176 AS INT)
|  |     stored statistics:
|  |       table: rows=73.05K size=2.17MB
|  |       columns: all
|  |     extrapolated-rows=disabled max-scan-range-rows=73.05K
|  |     parquet statistics predicates: d_month_seq <= CAST(1187 AS INT), d_month_seq >= CAST(1176 AS INT)
|  |     parquet dictionary predicates: d_month_seq <= CAST(1187 AS INT), d_month_seq >= CAST(1176 AS INT)
|  |     mem-estimate=16.00MB mem-reservation=1.00MB thread-reservation=0
|  |     tuple-ids=1 row-size=12B cardinality=7.30K cost=16728
|  |     in pipelines: 01(GETNEXT)
|  |
|  00:SCAN HDFS [tpcds_partitioned_parquet_snap.web_sales]
|     HDFS partitions=1824/1824 files=1824 size=145.75GB
|     predicates: ws_item_sk IS NOT NULL
|     runtime filters: RF002[bloom] -> ws_sold_date_sk
|     stored statistics:
|       table: rows=2.16G size=145.75GB
|       partitions: 1824/1824 rows=2.16G
|       columns: all
|     extrapolated-rows=disabled max-scan-range-rows=3.37M
|     parquet dictionary predicates: ws_item_sk IS NOT NULL
|     mem-estimate=16.00MB mem-reservation=128.00KB thread-reservation=0
|     tuple-ids=0 row-size=12B cardinality=2.16G cost=433937564
|     in pipelines: 00(GETNEXT)
|
11:ANALYTIC
|  functions: sum(sum(ss_sales_price))
|  partition by: ss_item_sk
|  order by: d_date ASC
|  window: ROWS BETWEEN UNBOUNDED PRECEDING AND CURRENT ROW
|  mem-estimate=4.00MB mem-reservation=4.00MB spill-buffer=2.00MB thread-reservation=0
|  tuple-ids=22,21 row-size=40B cardinality=8.64G cost=8639935488
|  in pipelines: 10(GETNEXT)
|
10:SORT
|  order by: ss_item_sk ASC NULLS LAST, d_date ASC
|  mem-estimate=50.00GB mem-reservation=6.00MB spill-buffer=2.00MB thread-reservation=0
|  tuple-ids=22 row-size=24B cardinality=8.64G cost=12537410622
|  in pipelines: 10(GETNEXT), 09(OPEN)
|
09:AGGREGATE [FINALIZE]
|  output: sum(ss_sales_price)
|  group by: ss_item_sk, d_date
|  mem-estimate=50.00GB mem-reservation=34.00MB spill-buffer=2.00MB thread-reservation=0
|  tuple-ids=7 row-size=24B cardinality=8.64G cost=50998081470
|  in pipelines: 09(GETNEXT), 06(OPEN)
|
08:HASH JOIN [INNER JOIN]
|  hash predicates: ss_sold_date_sk = d_date_sk
|  fk/pk conjuncts: ss_sold_date_sk = d_date_sk
|  runtime filters: RF000[bloom] <- d_date_sk
|  mem-estimate=1.94MB mem-reservation=1.94MB spill-buffer=64.00KB thread-reservation=0
|  tuple-ids=5,6 row-size=24B cardinality=8.64G cost=3781706938
|  in pipelines: 06(GETNEXT), 07(OPEN)
|
|--17:TUPLE CACHE
|  |  cache key: be3c32a328dea0fe268011e8f770083f
|  |  input scan node ids: 7
|  |  estimated serialized size: 114.14KB
|  |  estimated serialized size per node: 114.14KB
|  |  cumulative processing cost: 16728
|  |  cache read processing cost: 970
|  |  cache write processing cost: 315
|  |  mem-estimate=4.00MB mem-reservation=4.00MB spill-buffer=2.00MB thread-reservation=0
|  |  tuple-ids=6 row-size=12B cardinality=7.30K cost=0
|  |  in pipelines: 07(GETNEXT)
|  |
|  07:SCAN HDFS [tpcds_partitioned_parquet_snap.date_dim]
|     HDFS partitions=1/1 files=1 size=2.17MB
|     deterministic scan range assignment: true
|     schedule scan ranges oldest to newest: true
|     predicates: d_month_seq <= CAST(1187 AS INT), d_month_seq >= CAST(1176 AS INT)
|     stored statistics:
|       table: rows=73.05K size=2.17MB
|       columns: all
|     extrapolated-rows=disabled max-scan-range-rows=73.05K
|     parquet statistics predicates: d_month_seq <= CAST(1187 AS INT), d_month_seq >= CAST(1176 AS INT)
|     parquet dictionary predicates: d_month_seq <= CAST(1187 AS INT), d_month_seq >= CAST(1176 AS INT)
|     mem-estimate=16.00MB mem-reservation=1.00MB thread-reservation=0
|     tuple-ids=6 row-size=12B cardinality=7.30K cost=16728
|     in pipelines: 07(GETNEXT)
|
06:SCAN HDFS [tpcds_partitioned_parquet_snap.store_sales]
   HDFS partitions=1824/1824 files=1824 size=389.90GB
   predicates: ss_item_sk IS NOT NULL
   runtime filters: RF000[bloom] -> ss_sold_date_sk
   stored statistics:
     table: rows=8.64G size=389.90GB
     partitions: 1824/1824 rows=8.64G
     columns: all
   extrapolated-rows=disabled max-scan-range-rows=390.22M
   parquet dictionary predicates: ss_item_sk IS NOT NULL
   mem-estimate=16.00MB mem-reservation=8.00MB thread-reservation=0
   tuple-ids=5 row-size=12B cardinality=8.64G cost=1735762980
   in pipelines: 06(GETNEXT)
---- DISTRIBUTEDPLAN
Max Per-Host Resource Reservation: Memory=2.48GB Threads=87
Per-Host Resource Estimates: Memory=132.31GB
F08:PLAN FRAGMENT [UNPARTITIONED] hosts=1 instances=1
|  Per-Instance Resources: mem-estimate=4.73MB mem-reservation=4.00MB thread-reservation=1
|  max-parallelism=1 segment-costs=[639] cpu-comparison-result=240 [max(1 (self) vs 240 (sum children))]
PLAN-ROOT SINK
|  output exprs: item_sk, d_date, web_sales, store_sales, web_cumulative, store_cumulative
|  mem-estimate=4.00MB mem-reservation=4.00MB spill-buffer=2.00MB thread-reservation=0 cost=600
|
26:MERGING-EXCHANGE [UNPARTITIONED]
|  order by: item_sk ASC, d_date ASC
|  limit: 100
|  mem-estimate=742.89KB mem-reservation=0B thread-reservation=0
|  tuple-ids=13 row-size=72B cardinality=100 cost=39
|  in pipelines: 16(GETNEXT)
|
F07:PLAN FRAGMENT [HASH(CASE WHEN ws_item_sk IS NOT NULL THEN ws_item_sk ELSE ss_item_sk END)] hosts=10 instances=100 (adjusted from 120)
Per-Instance Resources: mem-estimate=5.02GB mem-reservation=10.00MB thread-reservation=1
max-parallelism=27882060 segment-costs=[231945815232544, 278820518032917, 220] cpu-comparison-result=240 [max(220 (self) vs 240 (sum children))]
16:TOP-N [LIMIT=100]
|  order by: item_sk ASC, d_date ASC
|  mem-estimate=7.03KB mem-reservation=0B thread-reservation=0
|  tuple-ids=13 row-size=72B cardinality=100 cost=123381692167701
|  in pipelines: 16(GETNEXT), 13(OPEN)
|
15:SELECT
|  predicates: max(web_sales) > max(store_sales)
|  mem-estimate=0B mem-reservation=0B thread-reservation=0
|  tuple-ids=25,24 row-size=112B cardinality=5.18T cost=51812941955072
|  in pipelines: 13(GETNEXT)
|
14:ANALYTIC
|  functions: max(sum(sum(ws_sales_price))), max(sum(sum(ss_sales_price)))
|  partition by: item_sk
|  order by: CASE WHEN d_date IS NOT NULL THEN d_date ELSE d_date END ASC
|  window: ROWS BETWEEN UNBOUNDED PRECEDING AND CURRENT ROW
|  mem-estimate=4.00MB mem-reservation=4.00MB spill-buffer=2.00MB thread-reservation=0
|  tuple-ids=25,24 row-size=112B cardinality=51.81T cost=103625883910144
|  in pipelines: 13(GETNEXT)
|
13:SORT
|  order by: CASE WHEN ws_item_sk IS NOT NULL THEN ws_item_sk ELSE ss_item_sk END ASC NULLS LAST, CASE WHEN d_date IS NOT NULL THEN d_date ELSE d_date END ASC
|  mem-estimate=5.00GB mem-reservation=6.00MB spill-buffer=2.00MB thread-reservation=0
|  tuple-ids=25 row-size=80B cardinality=51.81T cost=201402086378006
|  in pipelines: 13(GETNEXT), 10(OPEN)
|
25:EXCHANGE [HASH(CASE WHEN ws_item_sk IS NOT NULL THEN ws_item_sk ELSE ss_item_sk END)]
|  mem-estimate=21.25MB mem-reservation=0B thread-reservation=0
|  tuple-ids=22N,21N,17N,16N row-size=80B cardinality=51.81T cost=30543728854538
|  in pipelines: 10(GETNEXT)
|
F06:PLAN FRAGMENT [RANDOM] hosts=10 instances=120
Per-Instance Resources: mem-estimate=53.12MB mem-reservation=0B thread-reservation=1
max-parallelism=38311000 segment-costs=[383109971185632]
12:HASH JOIN [FULL OUTER JOIN, PARTITIONED]
|  hash-table-id=00
|  hash predicates: d_date = d_date, ss_item_sk = ws_item_sk
|  fk/pk conjuncts: none
|  mem-estimate=0B mem-reservation=0B spill-buffer=2.00MB thread-reservation=0
|  tuple-ids=22N,21N,17N,16N row-size=80B cardinality=51.81T cost=9390721094085
|  in pipelines: 10(GETNEXT), 04(OPEN)
|
|--F09:PLAN FRAGMENT [RANDOM] hosts=10 instances=120
|  |  Per-Instance Resources: mem-estimate=1.09GB mem-reservation=34.00MB thread-reservation=1
|  |  max-parallelism=38311000 segment-costs=[2876861335] cpu-comparison-result=120 [max(120 (self) vs 120 (sum children))]
|  JOIN BUILD
|  |  join-table-id=00 plan-id=01 cohort-id=01
|  |  build expressions: d_date, ws_item_sk
|  |  mem-estimate=1.07GB mem-reservation=34.00MB spill-buffer=2.00MB thread-reservation=0 cost=2159967967
|  |
|  24:EXCHANGE [HASH(d_date,ws_item_sk)]
|  |  mem-estimate=15.62MB mem-reservation=0B thread-reservation=0
|  |  tuple-ids=17,16 row-size=40B cardinality=2.16G cost=716893368
|  |  in pipelines: 04(GETNEXT)
|  |
|  F05:PLAN FRAGMENT [HASH(ws_item_sk)] hosts=10 instances=120
|  Per-Instance Resources: mem-estimate=980.97MB mem-reservation=44.00MB thread-reservation=1
|  max-parallelism=1330 segment-costs=[13227859826, 3134329462, 9949676476] cpu-comparison-result=120 [max(120 (self) vs 120 (sum children))]
|  05:ANALYTIC
|  |  functions: sum(sum(ws_sales_price))
|  |  partition by: ws_item_sk
|  |  order by: d_date ASC
|  |  window: ROWS BETWEEN UNBOUNDED PRECEDING AND CURRENT ROW
|  |  mem-estimate=4.00MB mem-reservation=4.00MB spill-buffer=2.00MB thread-reservation=0
|  |  tuple-ids=17,16 row-size=40B cardinality=2.16G cost=2159968000
|  |  in pipelines: 04(GETNEXT)
|  |
|  04:SORT
|  |  order by: ws_item_sk ASC NULLS LAST, d_date ASC
|  |  mem-estimate=411.98MB mem-reservation=6.00MB spill-buffer=2.00MB thread-reservation=0
|  |  tuple-ids=17 row-size=24B cardinality=2.16G cost=3134329462
|  |  in pipelines: 04(GETNEXT), 22(OPEN)
|  |
|  22:AGGREGATE [FINALIZE]
|  |  output: sum:merge(ws_sales_price)
|  |  group by: ws_item_sk, d_date
|  |  mem-estimate=564.99MB mem-reservation=34.00MB spill-buffer=2.00MB thread-reservation=0
|  |  tuple-ids=2 row-size=24B cardinality=2.16G cost=12749426922
|  |  in pipelines: 22(GETNEXT), 00(OPEN)
|  |
|  21:EXCHANGE [HASH(ws_item_sk)]
|  |  mem-estimate=13.28MB mem-reservation=0B thread-reservation=0
|  |  tuple-ids=2 row-size=24B cardinality=2.16G cost=478432904
|  |  in pipelines: 00(GETNEXT)
|  |
|  F03:PLAN FRAGMENT [RANDOM] hosts=10 instances=120
|  Per-Host Shared Resources: mem-estimate=1.00MB mem-reservation=1.00MB thread-reservation=0 runtime-filters-memory=1.00MB
|  Per-Instance Resources: mem-estimate=492.60MB mem-reservation=34.12MB thread-reservation=1
|  max-parallelism=1420 segment-costs=[14128782465, 4451261986] cpu-comparison-result=120 [max(120 (self) vs 11 (sum children))]
|  03:AGGREGATE [STREAMING]
|  |  output: sum(ws_sales_price)
|  |  group by: ws_item_sk, d_date
|  |  mem-estimate=463.48MB mem-reservation=34.00MB spill-buffer=2.00MB thread-reservation=0
|  |  tuple-ids=2 row-size=24B cardinality=2.16G cost=12749426922
|  |  in pipelines: 00(GETNEXT)
|  |
|  02:HASH JOIN [INNER JOIN, BROADCAST]
|  |  hash-table-id=01
|  |  hash predicates: ws_sold_date_sk = d_date_sk
|  |  fk/pk conjuncts: ws_sold_date_sk = d_date_sk
|  |  mem-estimate=0B mem-reservation=0B spill-buffer=64.00KB thread-reservation=0
|  |  tuple-ids=0,1 row-size=24B cardinality=2.16G cost=945417979
|  |  in pipelines: 00(GETNEXT), 01(OPEN)
|  |
|  |--F10:PLAN FRAGMENT [RANDOM] hosts=10 instances=10
|  |  |  Per-Instance Resources: mem-estimate=24.35MB mem-reservation=24.25MB thread-reservation=1 runtime-filters-memory=1.00MB
|  |  |  max-parallelism=10 segment-costs=[17005]
|  |  JOIN BUILD
|  |  |  join-table-id=01 plan-id=02 cohort-id=02
|  |  |  build expressions: d_date_sk
|  |  |  runtime filters: RF002[bloom] <- d_date_sk
|  |  |  mem-estimate=23.25MB mem-reservation=23.25MB spill-buffer=64.00KB thread-reservation=0 cost=7305
|  |  |
|  |  20:EXCHANGE [BROADCAST]
|  |  |  mem-estimate=101.61KB mem-reservation=0B thread-reservation=0
|  |  |  tuple-ids=1 row-size=12B cardinality=7.30K cost=9700
|  |  |  in pipelines: 01(GETNEXT)
|  |  |
|  |  F04:PLAN FRAGMENT [RANDOM] hosts=1 instances=1
|  |  Per-Instance Resources: mem-estimate=20.06MB mem-reservation=5.00MB thread-reservation=1
|  |  max-parallelism=1 segment-costs=[17122]
|  |  28:TUPLE CACHE
|  |  |  cache key: be3c32a328dea0fe268011e8f770083f
|  |  |  input scan node ids: 1
|  |  |  estimated serialized size: 114.14KB
|  |  |  estimated serialized size per node: 114.14KB
|  |  |  cumulative processing cost: 16728
|  |  |  cache read processing cost: 970
|  |  |  cache write processing cost: 315
|  |  |  mem-estimate=4.00MB mem-reservation=4.00MB spill-buffer=2.00MB thread-reservation=0
|  |  |  tuple-ids=1 row-size=12B cardinality=7.30K cost=0
|  |  |  in pipelines: 01(GETNEXT)
|  |  |
|  |  01:SCAN HDFS [tpcds_partitioned_parquet_snap.date_dim, RANDOM]
|  |     HDFS partitions=1/1 files=1 size=2.17MB
|  |     deterministic scan range assignment: true
|  |     schedule scan ranges oldest to newest: true
|  |     predicates: d_month_seq <= CAST(1187 AS INT), d_month_seq >= CAST(1176 AS INT)
|  |     stored statistics:
|  |       table: rows=73.05K size=2.17MB
|  |       columns: all
|  |     extrapolated-rows=disabled max-scan-range-rows=73.05K
|  |     parquet statistics predicates: d_month_seq <= CAST(1187 AS INT), d_month_seq >= CAST(1176 AS INT)
|  |     parquet dictionary predicates: d_month_seq <= CAST(1187 AS INT), d_month_seq >= CAST(1176 AS INT)
|  |     mem-estimate=16.00MB mem-reservation=1.00MB thread-reservation=0
|  |     tuple-ids=1 row-size=12B cardinality=7.30K cost=16728
|  |     in pipelines: 01(GETNEXT)
|  |
|  00:SCAN HDFS [tpcds_partitioned_parquet_snap.web_sales, RANDOM]
|     HDFS partitions=1824/1824 files=1824 size=145.75GB
|     predicates: ws_item_sk IS NOT NULL
|     runtime filters: RF002[bloom] -> ws_sold_date_sk
|     stored statistics:
|       table: rows=2.16G size=145.75GB
|       partitions: 1824/1824 rows=2.16G
|       columns: all
|     extrapolated-rows=disabled max-scan-range-rows=3.37M
|     parquet dictionary predicates: ws_item_sk IS NOT NULL
|     mem-estimate=16.00MB mem-reservation=128.00KB thread-reservation=0
|     tuple-ids=0 row-size=12B cardinality=2.16G cost=433937564
|     in pipelines: 00(GETNEXT)
|
23:EXCHANGE [HASH(d_date,ss_item_sk)]
|  mem-estimate=15.62MB mem-reservation=0B thread-reservation=0
|  tuple-ids=22,21 row-size=40B cardinality=8.64G cost=2867594490
|  in pipelines: 10(GETNEXT)
|
F02:PLAN FRAGMENT [HASH(ss_item_sk)] hosts=10 instances=120
Per-Instance Resources: mem-estimate=3.07GB mem-reservation=44.00MB thread-reservation=1
max-parallelism=5300 segment-costs=[52911827115, 12537410622, 39798997768] cpu-comparison-result=120 [max(120 (self) vs 120 (sum children))]
11:ANALYTIC
|  functions: sum(sum(ss_sales_price))
|  partition by: ss_item_sk
|  order by: d_date ASC
|  window: ROWS BETWEEN UNBOUNDED PRECEDING AND CURRENT ROW
|  mem-estimate=4.00MB mem-reservation=4.00MB spill-buffer=2.00MB thread-reservation=0
|  tuple-ids=22,21 row-size=40B cardinality=8.64G cost=8639935488
|  in pipelines: 10(GETNEXT)
|
10:SORT
|  order by: ss_item_sk ASC NULLS LAST, d_date ASC
|  mem-estimate=1.61GB mem-reservation=6.00MB spill-buffer=2.00MB thread-reservation=0
|  tuple-ids=22 row-size=24B cardinality=8.64G cost=12537410622
|  in pipelines: 10(GETNEXT), 19(OPEN)
|
19:AGGREGATE [FINALIZE]
|  output: sum:merge(ss_sales_price)
|  group by: ss_item_sk, d_date
|  mem-estimate=1.46GB mem-reservation=34.00MB spill-buffer=2.00MB thread-reservation=0
|  tuple-ids=7 row-size=24B cardinality=8.64G cost=50998081470
|  in pipelines: 19(GETNEXT), 06(OPEN)
|
18:EXCHANGE [HASH(ss_item_sk)]
|  mem-estimate=13.28MB mem-reservation=0B thread-reservation=0
|  tuple-ids=7 row-size=24B cardinality=8.64G cost=1913745645
|  in pipelines: 06(GETNEXT)
|
F00:PLAN FRAGMENT [RANDOM] hosts=10 instances=120
Per-Host Shared Resources: mem-estimate=1.00MB mem-reservation=1.00MB thread-reservation=0 runtime-filters-memory=1.00MB
Per-Instance Resources: mem-estimate=1.18GB mem-reservation=42.00MB thread-reservation=1
max-parallelism=1824 segment-costs=[56515544083, 17805178445] cpu-comparison-result=120 [max(120 (self) vs 11 (sum children))]
09:AGGREGATE [STREAMING]
|  output: sum(ss_sales_price)
|  group by: ss_item_sk, d_date
|  mem-estimate=1.16GB mem-reservation=34.00MB spill-buffer=2.00MB thread-reservation=0
|  tuple-ids=7 row-size=24B cardinality=8.64G cost=50998081470
|  in pipelines: 06(GETNEXT)
|
08:HASH JOIN [INNER JOIN, BROADCAST]
|  hash-table-id=02
|  hash predicates: ss_sold_date_sk = d_date_sk
|  fk/pk conjuncts: ss_sold_date_sk = d_date_sk
|  mem-estimate=0B mem-reservation=0B spill-buffer=64.00KB thread-reservation=0
|  tuple-ids=5,6 row-size=24B cardinality=8.64G cost=3781699633
|  in pipelines: 06(GETNEXT), 07(OPEN)
|
|--F11:PLAN FRAGMENT [RANDOM] hosts=10 instances=10
|  |  Per-Instance Resources: mem-estimate=24.35MB mem-reservation=24.25MB thread-reservation=1 runtime-filters-memory=1.00MB
|  |  max-parallelism=10 segment-costs=[17005]
|  JOIN BUILD
|  |  join-table-id=02 plan-id=03 cohort-id=01
|  |  build expressions: d_date_sk
|  |  runtime filters: RF000[bloom] <- d_date_sk
|  |  mem-estimate=23.25MB mem-reservation=23.25MB spill-buffer=64.00KB thread-reservation=0 cost=7305
|  |
|  17:EXCHANGE [BROADCAST]
|  |  mem-estimate=101.61KB mem-reservation=0B thread-reservation=0
|  |  tuple-ids=6 row-size=12B cardinality=7.30K cost=9700
|  |  in pipelines: 07(GETNEXT)
|  |
|  F01:PLAN FRAGMENT [RANDOM] hosts=1 instances=1
|  Per-Instance Resources: mem-estimate=20.06MB mem-reservation=5.00MB thread-reservation=1
|  max-parallelism=1 segment-costs=[17122]
|  27:TUPLE CACHE
|  |  cache key: be3c32a328dea0fe268011e8f770083f
|  |  input scan node ids: 7
|  |  estimated serialized size: 114.14KB
|  |  estimated serialized size per node: 114.14KB
|  |  cumulative processing cost: 16728
|  |  cache read processing cost: 970
|  |  cache write processing cost: 315
|  |  mem-estimate=4.00MB mem-reservation=4.00MB spill-buffer=2.00MB thread-reservation=0
|  |  tuple-ids=6 row-size=12B cardinality=7.30K cost=0
|  |  in pipelines: 07(GETNEXT)
|  |
|  07:SCAN HDFS [tpcds_partitioned_parquet_snap.date_dim, RANDOM]
|     HDFS partitions=1/1 files=1 size=2.17MB
|     deterministic scan range assignment: true
|     schedule scan ranges oldest to newest: true
|     predicates: d_month_seq <= CAST(1187 AS INT), d_month_seq >= CAST(1176 AS INT)
|     stored statistics:
|       table: rows=73.05K size=2.17MB
|       columns: all
|     extrapolated-rows=disabled max-scan-range-rows=73.05K
|     parquet statistics predicates: d_month_seq <= CAST(1187 AS INT), d_month_seq >= CAST(1176 AS INT)
|     parquet dictionary predicates: d_month_seq <= CAST(1187 AS INT), d_month_seq >= CAST(1176 AS INT)
|     mem-estimate=16.00MB mem-reservation=1.00MB thread-reservation=0
|     tuple-ids=6 row-size=12B cardinality=7.30K cost=16728
|     in pipelines: 07(GETNEXT)
|
06:SCAN HDFS [tpcds_partitioned_parquet_snap.store_sales, RANDOM]
   HDFS partitions=1824/1824 files=1824 size=389.90GB
   predicates: ss_item_sk IS NOT NULL
   runtime filters: RF000[bloom] -> ss_sold_date_sk
   stored statistics:
     table: rows=8.64G size=389.90GB
     partitions: 1824/1824 rows=8.64G
     columns: all
   extrapolated-rows=disabled max-scan-range-rows=390.22M
   parquet dictionary predicates: ss_item_sk IS NOT NULL
   mem-estimate=16.00MB mem-reservation=8.00MB thread-reservation=0
   tuple-ids=5 row-size=12B cardinality=8.64G cost=1735762980
   in pipelines: 06(GETNEXT)
---- PARALLELPLANS
Max Per-Host Resource Reservation: Memory=2.48GB Threads=87
Per-Host Resource Estimates: Memory=132.31GB
F08:PLAN FRAGMENT [UNPARTITIONED] hosts=1 instances=1
|  Per-Instance Resources: mem-estimate=4.73MB mem-reservation=4.00MB thread-reservation=1
|  max-parallelism=1 segment-costs=[639] cpu-comparison-result=240 [max(1 (self) vs 240 (sum children))]
PLAN-ROOT SINK
|  output exprs: item_sk, d_date, web_sales, store_sales, web_cumulative, store_cumulative
|  mem-estimate=4.00MB mem-reservation=4.00MB spill-buffer=2.00MB thread-reservation=0 cost=600
|
26:MERGING-EXCHANGE [UNPARTITIONED]
|  order by: item_sk ASC, d_date ASC
|  limit: 100
|  mem-estimate=742.89KB mem-reservation=0B thread-reservation=0
|  tuple-ids=13 row-size=72B cardinality=100 cost=39
|  in pipelines: 16(GETNEXT)
|
F07:PLAN FRAGMENT [HASH(CASE WHEN ws_item_sk IS NOT NULL THEN ws_item_sk ELSE ss_item_sk END)] hosts=10 instances=100 (adjusted from 120)
Per-Instance Resources: mem-estimate=5.02GB mem-reservation=10.00MB thread-reservation=1
max-parallelism=27882060 segment-costs=[231945815232544, 278820518032917, 220] cpu-comparison-result=240 [max(220 (self) vs 240 (sum children))]
16:TOP-N [LIMIT=100]
|  order by: item_sk ASC, d_date ASC
|  mem-estimate=7.03KB mem-reservation=0B thread-reservation=0
|  tuple-ids=13 row-size=72B cardinality=100 cost=123381692167701
|  in pipelines: 16(GETNEXT), 13(OPEN)
|
15:SELECT
|  predicates: max(web_sales) > max(store_sales)
|  mem-estimate=0B mem-reservation=0B thread-reservation=0
|  tuple-ids=25,24 row-size=112B cardinality=5.18T cost=51812941955072
|  in pipelines: 13(GETNEXT)
|
14:ANALYTIC
|  functions: max(sum(sum(ws_sales_price))), max(sum(sum(ss_sales_price)))
|  partition by: item_sk
|  order by: CASE WHEN d_date IS NOT NULL THEN d_date ELSE d_date END ASC
|  window: ROWS BETWEEN UNBOUNDED PRECEDING AND CURRENT ROW
|  mem-estimate=4.00MB mem-reservation=4.00MB spill-buffer=2.00MB thread-reservation=0
|  tuple-ids=25,24 row-size=112B cardinality=51.81T cost=103625883910144
|  in pipelines: 13(GETNEXT)
|
13:SORT
|  order by: CASE WHEN ws_item_sk IS NOT NULL THEN ws_item_sk ELSE ss_item_sk END ASC NULLS LAST, CASE WHEN d_date IS NOT NULL THEN d_date ELSE d_date END ASC
|  mem-estimate=5.00GB mem-reservation=6.00MB spill-buffer=2.00MB thread-reservation=0
|  tuple-ids=25 row-size=80B cardinality=51.81T cost=201402086378006
|  in pipelines: 13(GETNEXT), 10(OPEN)
|
25:EXCHANGE [HASH(CASE WHEN ws_item_sk IS NOT NULL THEN ws_item_sk ELSE ss_item_sk END)]
|  mem-estimate=21.25MB mem-reservation=0B thread-reservation=0
|  tuple-ids=22N,21N,17N,16N row-size=80B cardinality=51.81T cost=30543728854538
|  in pipelines: 10(GETNEXT)
|
F06:PLAN FRAGMENT [RANDOM] hosts=10 instances=120
Per-Instance Resources: mem-estimate=53.12MB mem-reservation=0B thread-reservation=1
max-parallelism=38311000 segment-costs=[383109971185632]
12:HASH JOIN [FULL OUTER JOIN, PARTITIONED]
|  hash-table-id=00
|  hash predicates: d_date = d_date, ss_item_sk = ws_item_sk
|  fk/pk conjuncts: none
|  mem-estimate=0B mem-reservation=0B spill-buffer=2.00MB thread-reservation=0
|  tuple-ids=22N,21N,17N,16N row-size=80B cardinality=51.81T cost=9390721094085
|  in pipelines: 10(GETNEXT), 04(OPEN)
|
|--F09:PLAN FRAGMENT [RANDOM] hosts=10 instances=120
|  |  Per-Instance Resources: mem-estimate=1.09GB mem-reservation=34.00MB thread-reservation=1
|  |  max-parallelism=38311000 segment-costs=[2876861335] cpu-comparison-result=120 [max(120 (self) vs 120 (sum children))]
|  JOIN BUILD
|  |  join-table-id=00 plan-id=01 cohort-id=01
|  |  build expressions: d_date, ws_item_sk
|  |  mem-estimate=1.07GB mem-reservation=34.00MB spill-buffer=2.00MB thread-reservation=0 cost=2159967967
|  |
|  24:EXCHANGE [HASH(d_date,ws_item_sk)]
|  |  mem-estimate=15.62MB mem-reservation=0B thread-reservation=0
|  |  tuple-ids=17,16 row-size=40B cardinality=2.16G cost=716893368
|  |  in pipelines: 04(GETNEXT)
|  |
|  F05:PLAN FRAGMENT [HASH(ws_item_sk)] hosts=10 instances=120
|  Per-Instance Resources: mem-estimate=980.97MB mem-reservation=44.00MB thread-reservation=1
|  max-parallelism=1330 segment-costs=[13227859826, 3134329462, 9949676476] cpu-comparison-result=120 [max(120 (self) vs 120 (sum children))]
|  05:ANALYTIC
|  |  functions: sum(sum(ws_sales_price))
|  |  partition by: ws_item_sk
|  |  order by: d_date ASC
|  |  window: ROWS BETWEEN UNBOUNDED PRECEDING AND CURRENT ROW
|  |  mem-estimate=4.00MB mem-reservation=4.00MB spill-buffer=2.00MB thread-reservation=0
|  |  tuple-ids=17,16 row-size=40B cardinality=2.16G cost=2159968000
|  |  in pipelines: 04(GETNEXT)
|  |
|  04:SORT
|  |  order by: ws_item_sk ASC NULLS LAST, d_date ASC
|  |  mem-estimate=411.98MB mem-reservation=6.00MB spill-buffer=2.00MB thread-reservation=0
|  |  tuple-ids=17 row-size=24B cardinality=2.16G cost=3134329462
|  |  in pipelines: 04(GETNEXT), 22(OPEN)
|  |
|  22:AGGREGATE [FINALIZE]
|  |  output: sum:merge(ws_sales_price)
|  |  group by: ws_item_sk, d_date
|  |  mem-estimate=564.99MB mem-reservation=34.00MB spill-buffer=2.00MB thread-reservation=0
|  |  tuple-ids=2 row-size=24B cardinality=2.16G cost=12749426922
|  |  in pipelines: 22(GETNEXT), 00(OPEN)
|  |
|  21:EXCHANGE [HASH(ws_item_sk)]
|  |  mem-estimate=13.28MB mem-reservation=0B thread-reservation=0
|  |  tuple-ids=2 row-size=24B cardinality=2.16G cost=478432904
|  |  in pipelines: 00(GETNEXT)
|  |
|  F03:PLAN FRAGMENT [RANDOM] hosts=10 instances=120
|  Per-Host Shared Resources: mem-estimate=1.00MB mem-reservation=1.00MB thread-reservation=0 runtime-filters-memory=1.00MB
|  Per-Instance Resources: mem-estimate=492.60MB mem-reservation=34.12MB thread-reservation=1
|  max-parallelism=1420 segment-costs=[14128782465, 4451261986] cpu-comparison-result=120 [max(120 (self) vs 11 (sum children))]
|  03:AGGREGATE [STREAMING]
|  |  output: sum(ws_sales_price)
|  |  group by: ws_item_sk, d_date
|  |  mem-estimate=463.48MB mem-reservation=34.00MB spill-buffer=2.00MB thread-reservation=0
|  |  tuple-ids=2 row-size=24B cardinality=2.16G cost=12749426922
|  |  in pipelines: 00(GETNEXT)
|  |
|  02:HASH JOIN [INNER JOIN, BROADCAST]
|  |  hash-table-id=01
|  |  hash predicates: ws_sold_date_sk = d_date_sk
|  |  fk/pk conjuncts: ws_sold_date_sk = d_date_sk
|  |  mem-estimate=0B mem-reservation=0B spill-buffer=64.00KB thread-reservation=0
|  |  tuple-ids=0,1 row-size=24B cardinality=2.16G cost=945417979
|  |  in pipelines: 00(GETNEXT), 01(OPEN)
|  |
|  |--F10:PLAN FRAGMENT [RANDOM] hosts=10 instances=10
|  |  |  Per-Instance Resources: mem-estimate=24.35MB mem-reservation=24.25MB thread-reservation=1 runtime-filters-memory=1.00MB
|  |  |  max-parallelism=10 segment-costs=[17005]
|  |  JOIN BUILD
|  |  |  join-table-id=01 plan-id=02 cohort-id=02
|  |  |  build expressions: d_date_sk
|  |  |  runtime filters: RF002[bloom] <- d_date_sk
|  |  |  mem-estimate=23.25MB mem-reservation=23.25MB spill-buffer=64.00KB thread-reservation=0 cost=7305
|  |  |
|  |  20:EXCHANGE [BROADCAST]
|  |  |  mem-estimate=101.61KB mem-reservation=0B thread-reservation=0
|  |  |  tuple-ids=1 row-size=12B cardinality=7.30K cost=9700
|  |  |  in pipelines: 01(GETNEXT)
|  |  |
|  |  F04:PLAN FRAGMENT [RANDOM] hosts=1 instances=1
|  |  Per-Instance Resources: mem-estimate=20.06MB mem-reservation=5.00MB thread-reservation=1
|  |  max-parallelism=1 segment-costs=[17122]
|  |  28:TUPLE CACHE
|  |  |  cache key: be3c32a328dea0fe268011e8f770083f
|  |  |  input scan node ids: 1
|  |  |  estimated serialized size: 114.14KB
|  |  |  estimated serialized size per node: 114.14KB
|  |  |  cumulative processing cost: 16728
|  |  |  cache read processing cost: 970
|  |  |  cache write processing cost: 315
|  |  |  mem-estimate=4.00MB mem-reservation=4.00MB spill-buffer=2.00MB thread-reservation=0
|  |  |  tuple-ids=1 row-size=12B cardinality=7.30K cost=0
|  |  |  in pipelines: 01(GETNEXT)
|  |  |
|  |  01:SCAN HDFS [tpcds_partitioned_parquet_snap.date_dim, RANDOM]
|  |     HDFS partitions=1/1 files=1 size=2.17MB
|  |     deterministic scan range assignment: true
|  |     schedule scan ranges oldest to newest: true
|  |     predicates: d_month_seq <= CAST(1187 AS INT), d_month_seq >= CAST(1176 AS INT)
|  |     stored statistics:
|  |       table: rows=73.05K size=2.17MB
|  |       columns: all
|  |     extrapolated-rows=disabled max-scan-range-rows=73.05K
|  |     parquet statistics predicates: d_month_seq <= CAST(1187 AS INT), d_month_seq >= CAST(1176 AS INT)
|  |     parquet dictionary predicates: d_month_seq <= CAST(1187 AS INT), d_month_seq >= CAST(1176 AS INT)
|  |     mem-estimate=16.00MB mem-reservation=1.00MB thread-reservation=0
|  |     tuple-ids=1 row-size=12B cardinality=7.30K cost=16728
|  |     in pipelines: 01(GETNEXT)
|  |
|  00:SCAN HDFS [tpcds_partitioned_parquet_snap.web_sales, RANDOM]
|     HDFS partitions=1824/1824 files=1824 size=145.75GB
|     predicates: ws_item_sk IS NOT NULL
|     runtime filters: RF002[bloom] -> ws_sold_date_sk
|     stored statistics:
|       table: rows=2.16G size=145.75GB
|       partitions: 1824/1824 rows=2.16G
|       columns: all
|     extrapolated-rows=disabled max-scan-range-rows=3.37M
|     parquet dictionary predicates: ws_item_sk IS NOT NULL
|     mem-estimate=16.00MB mem-reservation=128.00KB thread-reservation=0
|     tuple-ids=0 row-size=12B cardinality=2.16G cost=433937564
|     in pipelines: 00(GETNEXT)
|
23:EXCHANGE [HASH(d_date,ss_item_sk)]
|  mem-estimate=15.62MB mem-reservation=0B thread-reservation=0
|  tuple-ids=22,21 row-size=40B cardinality=8.64G cost=2867594490
|  in pipelines: 10(GETNEXT)
|
F02:PLAN FRAGMENT [HASH(ss_item_sk)] hosts=10 instances=120
Per-Instance Resources: mem-estimate=3.07GB mem-reservation=44.00MB thread-reservation=1
max-parallelism=5300 segment-costs=[52911827115, 12537410622, 39798997768] cpu-comparison-result=120 [max(120 (self) vs 120 (sum children))]
11:ANALYTIC
|  functions: sum(sum(ss_sales_price))
|  partition by: ss_item_sk
|  order by: d_date ASC
|  window: ROWS BETWEEN UNBOUNDED PRECEDING AND CURRENT ROW
|  mem-estimate=4.00MB mem-reservation=4.00MB spill-buffer=2.00MB thread-reservation=0
|  tuple-ids=22,21 row-size=40B cardinality=8.64G cost=8639935488
|  in pipelines: 10(GETNEXT)
|
10:SORT
|  order by: ss_item_sk ASC NULLS LAST, d_date ASC
|  mem-estimate=1.61GB mem-reservation=6.00MB spill-buffer=2.00MB thread-reservation=0
|  tuple-ids=22 row-size=24B cardinality=8.64G cost=12537410622
|  in pipelines: 10(GETNEXT), 19(OPEN)
|
19:AGGREGATE [FINALIZE]
|  output: sum:merge(ss_sales_price)
|  group by: ss_item_sk, d_date
|  mem-estimate=1.46GB mem-reservation=34.00MB spill-buffer=2.00MB thread-reservation=0
|  tuple-ids=7 row-size=24B cardinality=8.64G cost=50998081470
|  in pipelines: 19(GETNEXT), 06(OPEN)
|
18:EXCHANGE [HASH(ss_item_sk)]
|  mem-estimate=13.28MB mem-reservation=0B thread-reservation=0
|  tuple-ids=7 row-size=24B cardinality=8.64G cost=1913745645
|  in pipelines: 06(GETNEXT)
|
F00:PLAN FRAGMENT [RANDOM] hosts=10 instances=120
Per-Host Shared Resources: mem-estimate=1.00MB mem-reservation=1.00MB thread-reservation=0 runtime-filters-memory=1.00MB
Per-Instance Resources: mem-estimate=1.18GB mem-reservation=42.00MB thread-reservation=1
max-parallelism=1824 segment-costs=[56515544083, 17805178445] cpu-comparison-result=120 [max(120 (self) vs 11 (sum children))]
09:AGGREGATE [STREAMING]
|  output: sum(ss_sales_price)
|  group by: ss_item_sk, d_date
|  mem-estimate=1.16GB mem-reservation=34.00MB spill-buffer=2.00MB thread-reservation=0
|  tuple-ids=7 row-size=24B cardinality=8.64G cost=50998081470
|  in pipelines: 06(GETNEXT)
|
08:HASH JOIN [INNER JOIN, BROADCAST]
|  hash-table-id=02
|  hash predicates: ss_sold_date_sk = d_date_sk
|  fk/pk conjuncts: ss_sold_date_sk = d_date_sk
|  mem-estimate=0B mem-reservation=0B spill-buffer=64.00KB thread-reservation=0
|  tuple-ids=5,6 row-size=24B cardinality=8.64G cost=3781699633
|  in pipelines: 06(GETNEXT), 07(OPEN)
|
|--F11:PLAN FRAGMENT [RANDOM] hosts=10 instances=10
|  |  Per-Instance Resources: mem-estimate=24.35MB mem-reservation=24.25MB thread-reservation=1 runtime-filters-memory=1.00MB
|  |  max-parallelism=10 segment-costs=[17005]
|  JOIN BUILD
|  |  join-table-id=02 plan-id=03 cohort-id=01
|  |  build expressions: d_date_sk
|  |  runtime filters: RF000[bloom] <- d_date_sk
|  |  mem-estimate=23.25MB mem-reservation=23.25MB spill-buffer=64.00KB thread-reservation=0 cost=7305
|  |
|  17:EXCHANGE [BROADCAST]
|  |  mem-estimate=101.61KB mem-reservation=0B thread-reservation=0
|  |  tuple-ids=6 row-size=12B cardinality=7.30K cost=9700
|  |  in pipelines: 07(GETNEXT)
|  |
|  F01:PLAN FRAGMENT [RANDOM] hosts=1 instances=1
|  Per-Instance Resources: mem-estimate=20.06MB mem-reservation=5.00MB thread-reservation=1
|  max-parallelism=1 segment-costs=[17122]
|  27:TUPLE CACHE
|  |  cache key: be3c32a328dea0fe268011e8f770083f
|  |  input scan node ids: 7
|  |  estimated serialized size: 114.14KB
|  |  estimated serialized size per node: 114.14KB
|  |  cumulative processing cost: 16728
|  |  cache read processing cost: 970
|  |  cache write processing cost: 315
|  |  mem-estimate=4.00MB mem-reservation=4.00MB spill-buffer=2.00MB thread-reservation=0
|  |  tuple-ids=6 row-size=12B cardinality=7.30K cost=0
|  |  in pipelines: 07(GETNEXT)
|  |
|  07:SCAN HDFS [tpcds_partitioned_parquet_snap.date_dim, RANDOM]
|     HDFS partitions=1/1 files=1 size=2.17MB
|     deterministic scan range assignment: true
|     schedule scan ranges oldest to newest: true
|     predicates: d_month_seq <= CAST(1187 AS INT), d_month_seq >= CAST(1176 AS INT)
|     stored statistics:
|       table: rows=73.05K size=2.17MB
|       columns: all
|     extrapolated-rows=disabled max-scan-range-rows=73.05K
|     parquet statistics predicates: d_month_seq <= CAST(1187 AS INT), d_month_seq >= CAST(1176 AS INT)
|     parquet dictionary predicates: d_month_seq <= CAST(1187 AS INT), d_month_seq >= CAST(1176 AS INT)
|     mem-estimate=16.00MB mem-reservation=1.00MB thread-reservation=0
|     tuple-ids=6 row-size=12B cardinality=7.30K cost=16728
|     in pipelines: 07(GETNEXT)
|
06:SCAN HDFS [tpcds_partitioned_parquet_snap.store_sales, RANDOM]
   HDFS partitions=1824/1824 files=1824 size=389.90GB
   predicates: ss_item_sk IS NOT NULL
   runtime filters: RF000[bloom] -> ss_sold_date_sk
   stored statistics:
     table: rows=8.64G size=389.90GB
     partitions: 1824/1824 rows=8.64G
     columns: all
   extrapolated-rows=disabled max-scan-range-rows=390.22M
   parquet dictionary predicates: ss_item_sk IS NOT NULL
   mem-estimate=16.00MB mem-reservation=8.00MB thread-reservation=0
   tuple-ids=5 row-size=12B cardinality=8.64G cost=1735762980
   in pipelines: 06(GETNEXT)
====
