# TPCDS-Q30
# start query 30 in stream 0 using template query30.tpl using seed 1968316154
with customer_total_return as
 (select wr_returning_customer_sk as ctr_customer_sk
        ,ca_state as ctr_state,
 	sum(wr_return_amt) as ctr_total_return
 from web_returns
     ,date_dim
     ,customer_address
 where wr_returned_date_sk = d_date_sk
   and d_year =2000
   and wr_returning_addr_sk = ca_address_sk
 group by wr_returning_customer_sk
         ,ca_state)
  select  c_customer_id,c_salutation,c_first_name,c_last_name,c_preferred_cust_flag
       ,c_birth_day,c_birth_month,c_birth_year,c_birth_country,c_login,c_email_address
       ,c_last_review_date_sk,ctr_total_return
 from customer_total_return ctr1
     ,customer_address
     ,customer
 where ctr1.ctr_total_return > (select avg(ctr_total_return)*1.2
 			  from customer_total_return ctr2
                  	  where ctr1.ctr_state = ctr2.ctr_state)
       and ca_address_sk = c_current_addr_sk
       and ca_state = 'GA'
       and ctr1.ctr_customer_sk = c_customer_sk
 order by c_customer_id,c_salutation,c_first_name,c_last_name,c_preferred_cust_flag
                  ,c_birth_day,c_birth_month,c_birth_year,c_birth_country,c_login,c_email_address
                  ,c_last_review_date_sk,ctr_total_return
limit 100;

# end query 30 in stream 0 using template query30.tpl
---- PLAN
Max Per-Host Resource Reservation: Memory=241.38MB Threads=1
Per-Host Resource Estimates: Memory=4.48GB
F00:PLAN FRAGMENT [UNPARTITIONED] hosts=1 instances=1
|  Per-Instance Resources: mem-estimate=4.48GB mem-reservation=241.38MB thread-reservation=1 runtime-filters-memory=37.00MB
|  max-parallelism=1 segment-costs=[275889800, 275889800, 10786281, 107553833, 1300]
PLAN-ROOT SINK
|  output exprs: c_customer_id, c_salutation, c_first_name, c_last_name, c_preferred_cust_flag, c_birth_day, c_birth_month, c_birth_year, c_birth_country, c_login, c_email_address, c_last_review_date_sk, ctr_total_return
|  mem-estimate=4.00MB mem-reservation=4.00MB spill-buffer=2.00MB thread-reservation=0 cost=1300
|
18:TOP-N [LIMIT=100]
|  order by: c_customer_id ASC, c_salutation ASC, c_first_name ASC, c_last_name ASC, c_preferred_cust_flag ASC, c_birth_day ASC, c_birth_month ASC, c_birth_year ASC, c_birth_country ASC, c_login ASC, c_email_address ASC, c_last_review_date_sk ASC, ctr_total_return ASC
|  mem-estimate=19.18KB mem-reservation=0B thread-reservation=0
|  tuple-ids=15 row-size=196B cardinality=100 cost=52633792
|  in pipelines: 18(GETNEXT), 05(OPEN)
|
17:HASH JOIN [LEFT SEMI JOIN]
|  hash predicates: ca_state = ctr2.ctr_state
|  other join predicates: sum(wr_return_amt) > avg(ctr_total_return) * CAST(1.2 AS DECIMAL(2,1))
|  runtime filters: RF000[bloom] <- ctr2.ctr_state, RF001[min_max] <- ctr2.ctr_state
|  mem-estimate=1.94MB mem-reservation=1.94MB spill-buffer=64.00KB thread-reservation=0
|  tuple-ids=3,6,5 row-size=240B cardinality=4.24M cost=1856069
|  in pipelines: 05(GETNEXT), 14(OPEN)
|
|--24:TUPLE CACHE
|  |  cache key: a2e65f80a68323287f3a61167bb6bceb
|  |  input scan node ids: 8,9,10
|  |  estimated serialized size: 1.69KB
|  |  estimated serialized size per node: 173B
|  |  cumulative processing cost: 286676081
|  |  cache read processing cost: 6
|  |  cache write processing cost: 4
|  |  mem-estimate=4.00MB mem-reservation=4.00MB spill-buffer=2.00MB thread-reservation=0
|  |  tuple-ids=13 row-size=30B cardinality=51 cost=0
|  |  in pipelines: 14(GETNEXT)
|  |
|  14:AGGREGATE [FINALIZE]
|  |  output: avg(sum(wr_return_amt))
|  |  group by: ca_state
|  |  mem-estimate=10.00MB mem-reservation=1.94MB spill-buffer=64.00KB thread-reservation=0
|  |  tuple-ids=13 row-size=30B cardinality=51 cost=10786281
|  |  in pipelines: 14(GETNEXT), 13(OPEN)
|  |
|  13:AGGREGATE [FINALIZE]
|  |  output: sum(wr_return_amt)
|  |  group by: wr_returning_customer_sk, ca_state
|  |  mem-estimate=1.49GB mem-reservation=34.00MB spill-buffer=2.00MB thread-reservation=0
|  |  tuple-ids=10 row-size=34B cardinality=36.88M cost=217662624
|  |  in pipelines: 13(GETNEXT), 08(OPEN)
|  |
|  12:HASH JOIN [INNER JOIN]
|  |  hash predicates: wr_returning_addr_sk = ca_address_sk
|  |  fk/pk conjuncts: wr_returning_addr_sk = ca_address_sk
|  |  runtime filters: RF010[bloom] <- ca_address_sk, RF011[min_max] <- ca_address_sk
|  |  mem-estimate=641.49MB mem-reservation=34.00MB spill-buffer=2.00MB thread-reservation=0
|  |  tuple-ids=7,8,9 row-size=42B cardinality=36.88M cost=31457636
|  |  in pipelines: 08(GETNEXT), 10(OPEN)
|  |
|  |--10:SCAN HDFS [tpcds_partitioned_parquet_snap.customer_address]
|  |     HDFS partitions=1/1 files=1 size=307.36MB
|  |     deterministic scan range assignment: true
|  |     schedule scan ranges oldest to newest: true
|  |     stored statistics:
|  |       table: rows=15.00M size=307.36MB
|  |       columns: all
|  |     extrapolated-rows=disabled max-scan-range-rows=1.58M
|  |     mem-estimate=16.00MB mem-reservation=128.00KB thread-reservation=0
|  |     tuple-ids=9 row-size=18B cardinality=15.00M cost=1296000
|  |     in pipelines: 10(GETNEXT)
|  |
|  11:HASH JOIN [INNER JOIN]
|  |  hash predicates: wr_returned_date_sk = d_date_sk
|  |  fk/pk conjuncts: wr_returned_date_sk = d_date_sk
|  |  runtime filters: RF012[bloom] <- d_date_sk
|  |  mem-estimate=1.94MB mem-reservation=1.94MB spill-buffer=64.00KB thread-reservation=0
|  |  tuple-ids=7,8 row-size=24B cardinality=38.11M cost=16682043
|  |  in pipelines: 08(GETNEXT), 09(OPEN)
|  |
|  |--23:TUPLE CACHE
|  |  |  cache key: 5536b7721c3902915addf658472e0caa
|  |  |  input scan node ids: 9
|  |  |  estimated serialized size: 4.37KB
|  |  |  estimated serialized size per node: 4.37KB
|  |  |  cumulative processing cost: 10467
|  |  |  cache read processing cost: 49
|  |  |  cache write processing cost: 12
|  |  |  mem-estimate=4.00MB mem-reservation=4.00MB spill-buffer=2.00MB thread-reservation=0
|  |  |  tuple-ids=8 row-size=8B cardinality=373 cost=0
|  |  |  in pipelines: 09(GETNEXT)
|  |  |
|  |  09:SCAN HDFS [tpcds_partitioned_parquet_snap.date_dim]
|  |     HDFS partitions=1/1 files=1 size=2.17MB
|  |     deterministic scan range assignment: true
|  |     schedule scan ranges oldest to newest: true
|  |     predicates: d_year = CAST(2000 AS INT)
|  |     stored statistics:
|  |       table: rows=73.05K size=2.17MB
|  |       columns: all
|  |     extrapolated-rows=disabled max-scan-range-rows=73.05K
|  |     parquet statistics predicates: d_year = CAST(2000 AS INT)
|  |     parquet dictionary predicates: d_year = CAST(2000 AS INT)
|  |     mem-estimate=16.00MB mem-reservation=512.00KB thread-reservation=0
|  |     tuple-ids=8 row-size=8B cardinality=373 cost=10467
|  |     in pipelines: 09(GETNEXT)
|  |
|  08:SCAN HDFS [tpcds_partitioned_parquet_snap.web_returns]
|     HDFS partitions=2114/2114 files=2114 size=16.74GB
|     deterministic scan range assignment: true
|     schedule scan ranges oldest to newest: true
|     runtime filters: RF011[min_max] -> wr_returning_addr_sk, RF012[bloom] -> wr_returned_date_sk, RF010[bloom] -> wr_returning_addr_sk
|     stored statistics:
|       table: rows=216.00M size=16.74GB
|       partitions: 2114/2114 rows=216.00M
|       columns: all
|     extrapolated-rows=disabled max-scan-range-rows=9.41M est-scan-range=373(filtered from 2114)
|     mem-estimate=16.00MB mem-reservation=256.00KB thread-reservation=0
|     tuple-ids=7 row-size=16B cardinality=38.11M(filtered from 216.00M) cost=8781030
|     in pipelines: 08(GETNEXT)
|
16:HASH JOIN [INNER JOIN]
|  hash predicates: wr_returning_customer_sk = c_customer_sk
|  fk/pk conjuncts: none
|  runtime filters: RF002[bloom] <- c_customer_sk, RF003[min_max] <- c_customer_sk
|  mem-estimate=138.28MB mem-reservation=34.00MB spill-buffer=2.00MB thread-reservation=0
|  tuple-ids=3,6,5 row-size=240B cardinality=4.24M cost=10868538
|  in pipelines: 05(GETNEXT), 07(OPEN)
|
|--22:TUPLE CACHE
|  |  cache key: df1b5407f173178de5ad8c7b2a9eef8f
|  |  input scan node ids: 7,6
|  |  estimated serialized size: 131.17MB
|  |  estimated serialized size per node: 13.12MB
|  |  cumulative processing cost: 42195434
|  |  cache read processing cost: 85263
|  |  cache write processing cost: 371365
|  |  mem-estimate=4.00MB mem-reservation=4.00MB spill-buffer=2.00MB thread-reservation=0
|  |  tuple-ids=6,5 row-size=206B cardinality=641.56K cost=0
|  |  in pipelines: 07(GETNEXT)
|  |
|  15:HASH JOIN [INNER JOIN]
|  |  hash predicates: c_current_addr_sk = ca_address_sk
|  |  fk/pk conjuncts: c_current_addr_sk = ca_address_sk
|  |  runtime filters: RF008[bloom] <- ca_address_sk, RF009[min_max] <- ca_address_sk
|  |  mem-estimate=17.00MB mem-reservation=17.00MB spill-buffer=1.00MB thread-reservation=0
|  |  tuple-ids=6,5 row-size=206B cardinality=641.56K cost=566121
|  |  in pipelines: 07(GETNEXT), 06(OPEN)
|  |
|  |--21:TUPLE CACHE
|  |  |  cache key: 99302cd55c447a6d033ebda066e6dafc
|  |  |  input scan node ids: 6
|  |  |  estimated serialized size: 5.99MB
|  |  |  estimated serialized size per node: 612.97KB
|  |  |  cumulative processing cost: 1717500
|  |  |  cache read processing cost: 37917
|  |  |  cache write processing cost: 16947
|  |  |  mem-estimate=4.00MB mem-reservation=4.00MB spill-buffer=2.00MB thread-reservation=0
|  |  |  tuple-ids=5 row-size=18B cardinality=285.31K cost=0
|  |  |  in pipelines: 06(GETNEXT)
|  |  |
|  |  06:SCAN HDFS [tpcds_partitioned_parquet_snap.customer_address]
|  |     HDFS partitions=1/1 files=1 size=307.36MB
|  |     deterministic scan range assignment: true
|  |     schedule scan ranges oldest to newest: true
|  |     predicates: ca_state = 'GA'
|  |     stored statistics:
|  |       table: rows=15.00M size=307.36MB
|  |       columns: all
|  |     extrapolated-rows=disabled max-scan-range-rows=1.58M
|  |     parquet statistics predicates: ca_state = 'GA'
|  |     parquet dictionary predicates: ca_state = 'GA'
|  |     mem-estimate=16.00MB mem-reservation=128.00KB thread-reservation=0
|  |     tuple-ids=5 row-size=18B cardinality=285.31K cost=1717500
|  |     in pipelines: 06(GETNEXT)
|  |
|  20:TUPLE CACHE
|  |  cache key: 269bed19f1a5d98c6763ecbf5350584d
|  |  input scan node ids: 7
|  |  estimated serialized size: 117.71MB
|  |  estimated serialized size per node: 11.77MB
|  |  cumulative processing cost: 39911813
|  |  cache read processing cost: 85263
|  |  cache write processing cost: 333256
|  |  mem-estimate=4.00MB mem-reservation=4.00MB spill-buffer=2.00MB thread-reservation=0
|  |  tuple-ids=6 row-size=188B cardinality=641.56K(filtered from 30.00M) cost=0
|  |  in pipelines: 07(GETNEXT)
|  |
|  07:SCAN HDFS [tpcds_partitioned_parquet_snap.customer]
|     HDFS partitions=1/1 files=1 size=1.55GB
|     deterministic scan range assignment: true
|     schedule scan ranges oldest to newest: true
|     runtime filters: RF009[min_max] -> c_current_addr_sk, RF008[bloom] -> c_current_addr_sk
|     stored statistics:
|       table: rows=30.00M size=1.55GB
|       columns: all
|     extrapolated-rows=disabled max-scan-range-rows=3.10M
|     mem-estimate=16.00MB mem-reservation=1.00MB thread-reservation=0
|     tuple-ids=6 row-size=188B cardinality=641.56K(filtered from 30.00M) cost=39911813
|     in pipelines: 07(GETNEXT)
|
05:AGGREGATE [FINALIZE]
|  output: sum(wr_return_amt)
|  group by: wr_returning_customer_sk, ca_state
|  mem-estimate=1.49GB mem-reservation=34.00MB spill-buffer=2.00MB thread-reservation=0
|  tuple-ids=3 row-size=34B cardinality=36.88M cost=217662624
|  in pipelines: 05(GETNEXT), 00(OPEN)
|
04:HASH JOIN [INNER JOIN]
|  hash predicates: wr_returning_addr_sk = ca_address_sk
|  fk/pk conjuncts: wr_returning_addr_sk = ca_address_sk
|  runtime filters: RF004[bloom] <- ca_address_sk, RF005[min_max] <- ca_address_sk
|  mem-estimate=641.49MB mem-reservation=34.00MB spill-buffer=2.00MB thread-reservation=0
|  tuple-ids=0,1,2 row-size=42B cardinality=36.88M cost=31457636
|  in pipelines: 00(GETNEXT), 02(OPEN)
|
|--02:SCAN HDFS [tpcds_partitioned_parquet_snap.customer_address]
|     HDFS partitions=1/1 files=1 size=307.36MB
|     runtime filters: RF001[min_max] -> tpcds_partitioned_parquet_snap.customer_address.ca_state, RF000[bloom] -> tpcds_partitioned_parquet_snap.customer_address.ca_state
|     stored statistics:
|       table: rows=15.00M size=307.36MB
|       columns: all
|     extrapolated-rows=disabled max-scan-range-rows=1.58M
|     mem-estimate=16.00MB mem-reservation=128.00KB thread-reservation=0
|     tuple-ids=2 row-size=18B cardinality=15.00M cost=1296000
|     in pipelines: 02(GETNEXT)
|
03:HASH JOIN [INNER JOIN]
|  hash predicates: wr_returned_date_sk = d_date_sk
|  fk/pk conjuncts: wr_returned_date_sk = d_date_sk
|  runtime filters: RF006[bloom] <- d_date_sk
|  mem-estimate=1.94MB mem-reservation=1.94MB spill-buffer=64.00KB thread-reservation=0
|  tuple-ids=0,1 row-size=24B cardinality=38.11M cost=16682043
|  in pipelines: 00(GETNEXT), 01(OPEN)
|
|--19:TUPLE CACHE
|  |  cache key: 5536b7721c3902915addf658472e0caa
|  |  input scan node ids: 1
|  |  estimated serialized size: 4.37KB
|  |  estimated serialized size per node: 4.37KB
|  |  cumulative processing cost: 10467
|  |  cache read processing cost: 49
|  |  cache write processing cost: 12
|  |  mem-estimate=4.00MB mem-reservation=4.00MB spill-buffer=2.00MB thread-reservation=0
|  |  tuple-ids=1 row-size=8B cardinality=373 cost=0
|  |  in pipelines: 01(GETNEXT)
|  |
|  01:SCAN HDFS [tpcds_partitioned_parquet_snap.date_dim]
|     HDFS partitions=1/1 files=1 size=2.17MB
|     deterministic scan range assignment: true
|     schedule scan ranges oldest to newest: true
|     predicates: d_year = CAST(2000 AS INT)
|     stored statistics:
|       table: rows=73.05K size=2.17MB
|       columns: all
|     extrapolated-rows=disabled max-scan-range-rows=73.05K
|     parquet statistics predicates: d_year = CAST(2000 AS INT)
|     parquet dictionary predicates: d_year = CAST(2000 AS INT)
|     mem-estimate=16.00MB mem-reservation=512.00KB thread-reservation=0
|     tuple-ids=1 row-size=8B cardinality=373 cost=10467
|     in pipelines: 01(GETNEXT)
|
00:SCAN HDFS [tpcds_partitioned_parquet_snap.web_returns]
   HDFS partitions=2114/2114 files=2114 size=16.74GB
   runtime filters: RF003[min_max] -> tpcds_partitioned_parquet_snap.web_returns.wr_returning_customer_sk, RF005[min_max] -> wr_returning_addr_sk, RF002[bloom] -> tpcds_partitioned_parquet_snap.web_returns.wr_returning_customer_sk, RF006[bloom] -> wr_returned_date_sk, RF004[bloom] -> wr_returning_addr_sk
   stored statistics:
     table: rows=216.00M size=16.74GB
     partitions: 2114/2114 rows=216.00M
     columns: all
   extrapolated-rows=disabled max-scan-range-rows=9.41M est-scan-range=373(filtered from 2114)
   mem-estimate=16.00MB mem-reservation=256.00KB thread-reservation=0
   tuple-ids=0 row-size=16B cardinality=38.11M(filtered from 216.00M) cost=8781030
   in pipelines: 00(GETNEXT)
---- DISTRIBUTEDPLAN
Max Per-Host Resource Reservation: Memory=829.00MB Threads=36
Per-Host Resource Estimates: Memory=1.42GB
F14:PLAN FRAGMENT [UNPARTITIONED] hosts=1 instances=1
|  Per-Instance Resources: mem-estimate=4.19MB mem-reservation=4.00MB thread-reservation=1
|  max-parallelism=1 segment-costs=[1364] cpu-comparison-result=122 [max(1 (self) vs 122 (sum children))]
PLAN-ROOT SINK
|  output exprs: c_customer_id, c_salutation, c_first_name, c_last_name, c_preferred_cust_flag, c_birth_day, c_birth_month, c_birth_year, c_birth_country, c_login, c_email_address, c_last_review_date_sk, ctr_total_return
|  mem-estimate=4.00MB mem-reservation=4.00MB spill-buffer=2.00MB thread-reservation=0 cost=1300
|
35:MERGING-EXCHANGE [UNPARTITIONED]
|  order by: c_customer_id ASC, c_salutation ASC, c_first_name ASC, c_last_name ASC, c_preferred_cust_flag ASC, c_birth_day ASC, c_birth_month ASC, c_birth_year ASC, c_birth_country ASC, c_login ASC, c_email_address ASC, c_last_review_date_sk ASC, ctr_total_return ASC
|  limit: 100
|  mem-estimate=197.61KB mem-reservation=0B thread-reservation=0
|  tuple-ids=15 row-size=196B cardinality=100 cost=64
|  in pipelines: 18(GETNEXT)
|
F07:PLAN FRAGMENT [HASH(wr_returning_customer_sk)] hosts=10 instances=10 (adjusted from 120)
Per-Instance Resources: mem-estimate=11.13MB mem-reservation=0B thread-reservation=1
max-parallelism=10 segment-costs=[74581045, 545] cpu-comparison-result=122 [max(10 (self) vs 122 (sum children))]
18:TOP-N [LIMIT=100]
|  order by: c_customer_id ASC, c_salutation ASC, c_first_name ASC, c_last_name ASC, c_preferred_cust_flag ASC, c_birth_day ASC, c_birth_month ASC, c_birth_year ASC, c_birth_country ASC, c_login ASC, c_email_address ASC, c_last_review_date_sk ASC, ctr_total_return ASC
|  mem-estimate=19.18KB mem-reservation=0B thread-reservation=0
|  tuple-ids=15 row-size=196B cardinality=100 cost=52633792
|  in pipelines: 18(GETNEXT), 23(OPEN)
|
17:HASH JOIN [LEFT SEMI JOIN, BROADCAST]
|  hash-table-id=00
|  hash predicates: ca_state = ctr2.ctr_state
|  other join predicates: sum(wr_return_amt) > avg(ctr_total_return) * CAST(1.2 AS DECIMAL(2,1))
|  mem-estimate=0B mem-reservation=0B spill-buffer=64.00KB thread-reservation=0
|  tuple-ids=3,6,5 row-size=240B cardinality=4.24M cost=1856018
|  in pipelines: 23(GETNEXT), 33(OPEN)
|
|--F15:PLAN FRAGMENT [HASH(wr_returning_customer_sk)] hosts=10 instances=10
|  |  Per-Instance Resources: mem-estimate=2.96MB mem-reservation=2.94MB thread-reservation=1 runtime-filters-memory=1.00MB
|  |  max-parallelism=10 segment-costs=[111] cpu-comparison-result=51 [max(10 (self) vs 51 (sum children))]
|  JOIN BUILD
|  |  join-table-id=00 plan-id=01 cohort-id=01
|  |  build expressions: ctr2.ctr_state
|  |  runtime filters: RF000[bloom] <- ctr2.ctr_state, RF001[min_max] <- ctr2.ctr_state
|  |  mem-estimate=1.94MB mem-reservation=1.94MB spill-buffer=64.00KB thread-reservation=0 cost=51
|  |
|  34:EXCHANGE [BROADCAST]
|  |  mem-estimate=18.43KB mem-reservation=0B thread-reservation=0
|  |  tuple-ids=13 row-size=30B cardinality=51 cost=60
|  |  in pipelines: 33(GETNEXT)
|  |
|  F13:PLAN FRAGMENT [HASH(ctr2.ctr_state)] hosts=10 instances=10 (adjusted from 120)
|  Per-Instance Resources: mem-estimate=11.01MB mem-reservation=1.94MB thread-reservation=1
|  max-parallelism=10 segment-costs=[3447, 5] cpu-comparison-result=51 [max(10 (self) vs 51 (sum children))]
|  33:AGGREGATE [FINALIZE]
|  |  output: avg:merge(ctr_total_return)
|  |  group by: ctr2.ctr_state
|  |  mem-estimate=10.00MB mem-reservation=1.94MB spill-buffer=64.00KB thread-reservation=0
|  |  tuple-ids=13 row-size=30B cardinality=51 cost=1923
|  |  in pipelines: 33(GETNEXT), 31(OPEN)
|  |
|  32:EXCHANGE [HASH(ctr2.ctr_state)]
|  |  mem-estimate=1.01MB mem-reservation=0B thread-reservation=0
|  |  tuple-ids=12 row-size=30B cardinality=6.12K cost=1524
|  |  in pipelines: 31(GETNEXT)
|  |
|  F12:PLAN FRAGMENT [HASH(wr_returning_customer_sk,ca_state)] hosts=10 instances=30 (adjusted from 120)
|  Per-Instance Resources: mem-estimate=75.04MB mem-reservation=36.00MB thread-reservation=1
|  max-parallelism=30 segment-costs=[227526879, 10802104, 14976] cpu-comparison-result=51 [max(30 (self) vs 51 (sum children))]
|  14:AGGREGATE [STREAMING]
|  |  output: avg(sum(wr_return_amt))
|  |  group by: ca_state
|  |  mem-estimate=10.00MB mem-reservation=2.00MB spill-buffer=64.00KB thread-reservation=0
|  |  tuple-ids=12 row-size=30B cardinality=6.12K cost=10802104
|  |  in pipelines: 31(GETNEXT)
|  |
|  31:AGGREGATE [FINALIZE]
|  |  output: sum:merge(wr_return_amt)
|  |  group by: wr_returning_customer_sk, ca_state
|  |  mem-estimate=53.92MB mem-reservation=34.00MB spill-buffer=2.00MB thread-reservation=0
|  |  tuple-ids=10 row-size=34B cardinality=36.88M cost=217662624
|  |  in pipelines: 31(GETNEXT), 08(OPEN)
|  |
|  30:EXCHANGE [HASH(wr_returning_customer_sk,ca_state)]
|  |  mem-estimate=11.11MB mem-reservation=0B thread-reservation=0
|  |  tuple-ids=10 row-size=34B cardinality=36.88M cost=9864255
|  |  in pipelines: 08(GETNEXT)
|  |
|  F11:PLAN FRAGMENT [HASH(wr_returning_addr_sk)] hosts=10 instances=30 (adjusted from 120)
|  Per-Instance Resources: mem-estimate=55.52MB mem-reservation=34.00MB thread-reservation=1
|  max-parallelism=30 segment-costs=[243964618, 99741447] cpu-comparison-result=51 [max(50 (self) vs 51 (sum children))]
|  13:AGGREGATE [STREAMING]
|  |  output: sum(wr_return_amt)
|  |  group by: wr_returning_customer_sk, ca_state
|  |  mem-estimate=40.44MB mem-reservation=34.00MB spill-buffer=2.00MB thread-reservation=0
|  |  tuple-ids=10 row-size=34B cardinality=36.88M cost=217662624
|  |  in pipelines: 08(GETNEXT)
|  |
|  12:HASH JOIN [INNER JOIN, PARTITIONED]
|  |  hash-table-id=01
|  |  hash predicates: wr_returning_addr_sk = ca_address_sk
|  |  fk/pk conjuncts: wr_returning_addr_sk = ca_address_sk
|  |  mem-estimate=0B mem-reservation=0B spill-buffer=2.00MB thread-reservation=0
|  |  tuple-ids=7,8,9 row-size=42B cardinality=36.88M cost=16457636
|  |  in pipelines: 08(GETNEXT), 10(OPEN)
|  |
|  |--F16:PLAN FRAGMENT [HASH(wr_returning_addr_sk)] hosts=10 instances=30 (adjusted from 120)
|  |  |  Per-Instance Resources: mem-estimate=60.21MB mem-reservation=50.00MB thread-reservation=1 runtime-filters-memory=16.00MB
|  |  |  max-parallelism=30 segment-costs=[17908500]
|  |  JOIN BUILD
|  |  |  join-table-id=01 plan-id=02 cohort-id=02
|  |  |  build expressions: ca_address_sk
|  |  |  runtime filters: RF010[bloom] <- ca_address_sk, RF011[min_max] <- ca_address_sk
|  |  |  mem-estimate=34.00MB mem-reservation=34.00MB spill-buffer=2.00MB thread-reservation=0 cost=15000000
|  |  |
|  |  29:EXCHANGE [HASH(ca_address_sk)]
|  |  |  mem-estimate=10.21MB mem-reservation=0B thread-reservation=0
|  |  |  tuple-ids=9 row-size=18B cardinality=15.00M cost=2908500
|  |  |  in pipelines: 10(GETNEXT)
|  |  |
|  |  F10:PLAN FRAGMENT [RANDOM] hosts=10 instances=10
|  |  Per-Instance Resources: mem-estimate=18.58MB mem-reservation=128.00KB thread-reservation=1
|  |  max-parallelism=10 segment-costs=[26412000]
|  |  10:SCAN HDFS [tpcds_partitioned_parquet_snap.customer_address, RANDOM]
|  |     HDFS partitions=1/1 files=1 size=307.36MB
|  |     stored statistics:
|  |       table: rows=15.00M size=307.36MB
|  |       columns: all
|  |     extrapolated-rows=disabled max-scan-range-rows=1.58M
|  |     mem-estimate=16.00MB mem-reservation=128.00KB thread-reservation=0
|  |     tuple-ids=9 row-size=18B cardinality=15.00M cost=1296000
|  |     in pipelines: 10(GETNEXT)
|  |
|  28:EXCHANGE [HASH(wr_returning_addr_sk)]
|  |  mem-estimate=10.62MB mem-reservation=0B thread-reservation=0
|  |  tuple-ids=7,8 row-size=24B cardinality=38.11M cost=9844358
|  |  in pipelines: 08(GETNEXT)
|  |
|  F08:PLAN FRAGMENT [RANDOM] hosts=10 instances=20 (adjusted from 120)
|  Per-Host Shared Resources: mem-estimate=17.00MB mem-reservation=17.00MB thread-reservation=0 runtime-filters-memory=17.00MB
|  Per-Instance Resources: mem-estimate=19.75MB mem-reservation=256.00KB thread-reservation=1
|  max-parallelism=20 segment-costs=[123639497]
|  11:HASH JOIN [INNER JOIN, BROADCAST]
|  |  hash-table-id=02
|  |  hash predicates: wr_returned_date_sk = d_date_sk
|  |  fk/pk conjuncts: wr_returned_date_sk = d_date_sk
|  |  mem-estimate=0B mem-reservation=0B spill-buffer=64.00KB thread-reservation=0
|  |  tuple-ids=7,8 row-size=24B cardinality=38.11M cost=16681670
|  |  in pipelines: 08(GETNEXT), 09(OPEN)
|  |
|  |--F17:PLAN FRAGMENT [RANDOM] hosts=10 instances=10
|  |  |  Per-Instance Resources: mem-estimate=4.89MB mem-reservation=4.88MB thread-reservation=1 runtime-filters-memory=1.00MB
|  |  |  max-parallelism=10 segment-costs=[863]
|  |  JOIN BUILD
|  |  |  join-table-id=02 plan-id=03 cohort-id=02
|  |  |  build expressions: d_date_sk
|  |  |  runtime filters: RF012[bloom] <- d_date_sk
|  |  |  mem-estimate=3.88MB mem-reservation=3.88MB spill-buffer=64.00KB thread-reservation=0 cost=373
|  |  |
|  |  27:EXCHANGE [BROADCAST]
|  |  |  mem-estimate=16.00KB mem-reservation=0B thread-reservation=0
|  |  |  tuple-ids=8 row-size=8B cardinality=373 cost=490
|  |  |  in pipelines: 09(GETNEXT)
|  |  |
|  |  F09:PLAN FRAGMENT [RANDOM] hosts=1 instances=1
|  |  Per-Instance Resources: mem-estimate=20.05MB mem-reservation=4.50MB thread-reservation=1
|  |  max-parallelism=1 segment-costs=[10483]
|  |  40:TUPLE CACHE
|  |  |  cache key: 5536b7721c3902915addf658472e0caa
|  |  |  input scan node ids: 9
|  |  |  estimated serialized size: 4.37KB
|  |  |  estimated serialized size per node: 4.37KB
|  |  |  cumulative processing cost: 10467
|  |  |  cache read processing cost: 49
|  |  |  cache write processing cost: 12
|  |  |  mem-estimate=4.00MB mem-reservation=4.00MB spill-buffer=2.00MB thread-reservation=0
|  |  |  tuple-ids=8 row-size=8B cardinality=373 cost=0
|  |  |  in pipelines: 09(GETNEXT)
|  |  |
|  |  09:SCAN HDFS [tpcds_partitioned_parquet_snap.date_dim, RANDOM]
|  |     HDFS partitions=1/1 files=1 size=2.17MB
|  |     deterministic scan range assignment: true
|  |     schedule scan ranges oldest to newest: true
|  |     predicates: d_year = CAST(2000 AS INT)
|  |     stored statistics:
|  |       table: rows=73.05K size=2.17MB
|  |       columns: all
|  |     extrapolated-rows=disabled max-scan-range-rows=73.05K
|  |     parquet statistics predicates: d_year = CAST(2000 AS INT)
|  |     parquet dictionary predicates: d_year = CAST(2000 AS INT)
|  |     mem-estimate=16.00MB mem-reservation=512.00KB thread-reservation=0
|  |     tuple-ids=8 row-size=8B cardinality=373 cost=10467
|  |     in pipelines: 09(GETNEXT)
|  |
|  08:SCAN HDFS [tpcds_partitioned_parquet_snap.web_returns, RANDOM]
|     HDFS partitions=2114/2114 files=2114 size=16.74GB
|     runtime filters: RF011[min_max] -> wr_returning_addr_sk, RF012[bloom] -> wr_returned_date_sk, RF010[bloom] -> wr_returning_addr_sk
|     stored statistics:
|       table: rows=216.00M size=16.74GB
|       partitions: 2114/2114 rows=216.00M
|       columns: all
|     extrapolated-rows=disabled max-scan-range-rows=9.41M est-scan-range=373(filtered from 2114)
|     mem-estimate=16.00MB mem-reservation=256.00KB thread-reservation=0
|     tuple-ids=7 row-size=16B cardinality=38.11M(filtered from 216.00M) cost=8781030
|     in pipelines: 08(GETNEXT)
|
16:HASH JOIN [INNER JOIN, PARTITIONED]
|  hash-table-id=03
|  hash predicates: wr_returning_customer_sk = c_customer_sk
|  fk/pk conjuncts: none
|  mem-estimate=0B mem-reservation=0B spill-buffer=1.00MB thread-reservation=0
|  tuple-ids=3,6,5 row-size=240B cardinality=4.24M cost=10226980
|  in pipelines: 23(GETNEXT), 07(OPEN)
|
|--F18:PLAN FRAGMENT [HASH(wr_returning_customer_sk)] hosts=10 instances=10 (adjusted from 120)
|  |  Per-Instance Resources: mem-estimate=30.09MB mem-reservation=18.00MB thread-reservation=1 runtime-filters-memory=1.00MB
|  |  max-parallelism=10 segment-costs=[1345531] cpu-comparison-result=20 [max(20 (self) vs 20 (sum children))]
|  JOIN BUILD
|  |  join-table-id=03 plan-id=04 cohort-id=01
|  |  build expressions: c_customer_sk
|  |  runtime filters: RF002[bloom] <- c_customer_sk, RF003[min_max] <- c_customer_sk
|  |  mem-estimate=17.00MB mem-reservation=17.00MB spill-buffer=1.00MB thread-reservation=0 cost=641558
|  |
|  26:EXCHANGE [HASH(c_customer_sk)]
|  |  mem-estimate=12.09MB mem-reservation=0B thread-reservation=0
|  |  tuple-ids=6,5 row-size=206B cardinality=641.56K cost=703973
|  |  in pipelines: 07(GETNEXT)
|  |
|  F05:PLAN FRAGMENT [RANDOM] hosts=10 instances=10
|  Per-Host Shared Resources: mem-estimate=1.00MB mem-reservation=1.00MB thread-reservation=0 runtime-filters-memory=1.00MB
|  Per-Instance Resources: mem-estimate=32.37MB mem-reservation=9.00MB thread-reservation=1
|  max-parallelism=10 segment-costs=[49380898]
|  39:TUPLE CACHE
|  |  cache key: dd1b2d9d4aa52031ab99b0d01f4546d7
|  |  input scan node ids: 7
|  |  estimated serialized size: 131.17MB
|  |  estimated serialized size per node: 13.12MB
|  |  cumulative processing cost: 42594632
|  |  cache read processing cost: 85263
|  |  cache write processing cost: 371365
|  |  mem-estimate=4.00MB mem-reservation=4.00MB spill-buffer=2.00MB thread-reservation=0
|  |  tuple-ids=6,5 row-size=206B cardinality=641.56K cost=0
|  |  in pipelines: 07(GETNEXT)
|  |
|  15:HASH JOIN [INNER JOIN, BROADCAST]
|  |  hash-table-id=04
|  |  hash predicates: c_current_addr_sk = ca_address_sk
|  |  fk/pk conjuncts: c_current_addr_sk = ca_address_sk
|  |  mem-estimate=0B mem-reservation=0B spill-buffer=1.00MB thread-reservation=0
|  |  tuple-ids=6,5 row-size=206B cardinality=641.56K cost=280809
|  |  in pipelines: 07(GETNEXT), 06(OPEN)
|  |
|  |--F19:PLAN FRAGMENT [RANDOM] hosts=10 instances=10
|  |  |  Per-Instance Resources: mem-estimate=23.11MB mem-reservation=18.00MB thread-reservation=1 runtime-filters-memory=1.00MB
|  |  |  max-parallelism=10 segment-costs=[664482]
|  |  JOIN BUILD
|  |  |  join-table-id=04 plan-id=05 cohort-id=03
|  |  |  build expressions: ca_address_sk
|  |  |  runtime filters: RF008[bloom] <- ca_address_sk, RF009[min_max] <- ca_address_sk
|  |  |  mem-estimate=17.00MB mem-reservation=17.00MB spill-buffer=1.00MB thread-reservation=0 cost=285312
|  |  |
|  |  24:EXCHANGE [BROADCAST]
|  |  |  mem-estimate=5.11MB mem-reservation=0B thread-reservation=0
|  |  |  tuple-ids=5 row-size=18B cardinality=285.31K cost=379170
|  |  |  in pipelines: 06(GETNEXT)
|  |  |
|  |  F06:PLAN FRAGMENT [RANDOM] hosts=10 instances=10
|  |  Per-Instance Resources: mem-estimate=20.09MB mem-reservation=4.12MB thread-reservation=1
|  |  max-parallelism=10 segment-costs=[1737528]
|  |  38:TUPLE CACHE
|  |  |  cache key: 99302cd55c447a6d033ebda066e6dafc
|  |  |  input scan node ids: 6
|  |  |  estimated serialized size: 5.99MB
|  |  |  estimated serialized size per node: 612.97KB
|  |  |  cumulative processing cost: 1717500
|  |  |  cache read processing cost: 37917
|  |  |  cache write processing cost: 16947
|  |  |  mem-estimate=4.00MB mem-reservation=4.00MB spill-buffer=2.00MB thread-reservation=0
|  |  |  tuple-ids=5 row-size=18B cardinality=285.31K cost=0
|  |  |  in pipelines: 06(GETNEXT)
|  |  |
|  |  06:SCAN HDFS [tpcds_partitioned_parquet_snap.customer_address, RANDOM]
|  |     HDFS partitions=1/1 files=1 size=307.36MB
|  |     deterministic scan range assignment: true
|  |     schedule scan ranges oldest to newest: true
|  |     predicates: ca_state = 'GA'
|  |     stored statistics:
|  |       table: rows=15.00M size=307.36MB
|  |       columns: all
|  |     extrapolated-rows=disabled max-scan-range-rows=1.58M
|  |     parquet statistics predicates: ca_state = 'GA'
|  |     parquet dictionary predicates: ca_state = 'GA'
|  |     mem-estimate=16.00MB mem-reservation=128.00KB thread-reservation=0
|  |     tuple-ids=5 row-size=18B cardinality=285.31K cost=1717500
|  |     in pipelines: 06(GETNEXT)
|  |
|  37:TUPLE CACHE
|  |  cache key: fa6a26aa382d66e16fcade3009a25eee
|  |  input scan node ids: 7
|  |  estimated serialized size: 117.71MB
|  |  estimated serialized size per node: 11.77MB
|  |  cumulative processing cost: 39911813
|  |  cache read processing cost: 85263
|  |  cache write processing cost: 333256
|  |  mem-estimate=4.00MB mem-reservation=4.00MB spill-buffer=2.00MB thread-reservation=0
|  |  tuple-ids=6 row-size=188B cardinality=641.56K(filtered from 30.00M) cost=0
|  |  in pipelines: 07(GETNEXT)
|  |
|  07:SCAN HDFS [tpcds_partitioned_parquet_snap.customer, RANDOM]
|     HDFS partitions=1/1 files=1 size=1.55GB
|     deterministic scan range assignment: true
|     schedule scan ranges oldest to newest: true
|     runtime filters: RF009[min_max] -> c_current_addr_sk, RF008[bloom] -> c_current_addr_sk
|     stored statistics:
|       table: rows=30.00M size=1.55GB
|       columns: all
|     extrapolated-rows=disabled max-scan-range-rows=3.10M
|     mem-estimate=16.00MB mem-reservation=1.00MB thread-reservation=0
|     tuple-ids=6 row-size=188B cardinality=641.56K(filtered from 30.00M) cost=39911813
|     in pipelines: 07(GETNEXT)
|
25:EXCHANGE [HASH(wr_returning_customer_sk)]
|  mem-estimate=11.11MB mem-reservation=0B thread-reservation=0
|  tuple-ids=3 row-size=34B cardinality=36.88M cost=9864255
|  in pipelines: 23(GETNEXT)
|
F04:PLAN FRAGMENT [HASH(wr_returning_customer_sk,ca_state)] hosts=10 instances=30 (adjusted from 120)
Per-Instance Resources: mem-estimate=65.04MB mem-reservation=34.00MB thread-reservation=1
max-parallelism=30 segment-costs=[227526879, 99741447] cpu-comparison-result=51 [max(30 (self) vs 51 (sum children))]
23:AGGREGATE [FINALIZE]
|  output: sum:merge(wr_return_amt)
|  group by: wr_returning_customer_sk, ca_state
|  mem-estimate=53.92MB mem-reservation=34.00MB spill-buffer=2.00MB thread-reservation=0
|  tuple-ids=3 row-size=34B cardinality=36.88M cost=217662624
|  in pipelines: 23(GETNEXT), 00(OPEN)
|
22:EXCHANGE [HASH(wr_returning_customer_sk,ca_state)]
|  mem-estimate=11.11MB mem-reservation=0B thread-reservation=0
|  tuple-ids=3 row-size=34B cardinality=36.88M cost=9864255
|  in pipelines: 00(GETNEXT)
|
F03:PLAN FRAGMENT [HASH(wr_returning_addr_sk)] hosts=10 instances=30 (adjusted from 120)
Per-Instance Resources: mem-estimate=55.52MB mem-reservation=34.00MB thread-reservation=1
max-parallelism=30 segment-costs=[243964618, 99741447] cpu-comparison-result=51 [max(50 (self) vs 51 (sum children))]
05:AGGREGATE [STREAMING]
|  output: sum(wr_return_amt)
|  group by: wr_returning_customer_sk, ca_state
|  mem-estimate=40.44MB mem-reservation=34.00MB spill-buffer=2.00MB thread-reservation=0
|  tuple-ids=3 row-size=34B cardinality=36.88M cost=217662624
|  in pipelines: 00(GETNEXT)
|
04:HASH JOIN [INNER JOIN, PARTITIONED]
|  hash-table-id=05
|  hash predicates: wr_returning_addr_sk = ca_address_sk
|  fk/pk conjuncts: wr_returning_addr_sk = ca_address_sk
|  mem-estimate=0B mem-reservation=0B spill-buffer=2.00MB thread-reservation=0
|  tuple-ids=0,1,2 row-size=42B cardinality=36.88M cost=16457636
|  in pipelines: 00(GETNEXT), 02(OPEN)
|
|--F20:PLAN FRAGMENT [HASH(wr_returning_addr_sk)] hosts=10 instances=30 (adjusted from 120)
|  |  Per-Instance Resources: mem-estimate=60.21MB mem-reservation=50.00MB thread-reservation=1 runtime-filters-memory=16.00MB
|  |  max-parallelism=30 segment-costs=[17908500]
|  JOIN BUILD
|  |  join-table-id=05 plan-id=06 cohort-id=01
|  |  build expressions: ca_address_sk
|  |  runtime filters: RF004[bloom] <- ca_address_sk, RF005[min_max] <- ca_address_sk
|  |  mem-estimate=34.00MB mem-reservation=34.00MB spill-buffer=2.00MB thread-reservation=0 cost=15000000
|  |
|  21:EXCHANGE [HASH(ca_address_sk)]
|  |  mem-estimate=10.21MB mem-reservation=0B thread-reservation=0
|  |  tuple-ids=2 row-size=18B cardinality=15.00M cost=2908500
|  |  in pipelines: 02(GETNEXT)
|  |
|  F02:PLAN FRAGMENT [RANDOM] hosts=10 instances=10
|  Per-Host Shared Resources: mem-estimate=1.00MB mem-reservation=1.00MB thread-reservation=0 runtime-filters-memory=1.00MB
|  Per-Instance Resources: mem-estimate=18.58MB mem-reservation=128.00KB thread-reservation=1
|  max-parallelism=10 segment-costs=[26412000]
|  02:SCAN HDFS [tpcds_partitioned_parquet_snap.customer_address, RANDOM]
|     HDFS partitions=1/1 files=1 size=307.36MB
|     runtime filters: RF001[min_max] -> tpcds_partitioned_parquet_snap.customer_address.ca_state, RF000[bloom] -> tpcds_partitioned_parquet_snap.customer_address.ca_state
|     stored statistics:
|       table: rows=15.00M size=307.36MB
|       columns: all
|     extrapolated-rows=disabled max-scan-range-rows=1.58M
|     mem-estimate=16.00MB mem-reservation=128.00KB thread-reservation=0
|     tuple-ids=2 row-size=18B cardinality=15.00M cost=1296000
|     in pipelines: 02(GETNEXT)
|
20:EXCHANGE [HASH(wr_returning_addr_sk)]
|  mem-estimate=10.62MB mem-reservation=0B thread-reservation=0
|  tuple-ids=0,1 row-size=24B cardinality=38.11M cost=9844358
|  in pipelines: 00(GETNEXT)
|
F00:PLAN FRAGMENT [RANDOM] hosts=10 instances=20 (adjusted from 120)
Per-Host Shared Resources: mem-estimate=18.00MB mem-reservation=18.00MB thread-reservation=0 runtime-filters-memory=18.00MB
Per-Instance Resources: mem-estimate=19.75MB mem-reservation=256.00KB thread-reservation=1
max-parallelism=20 segment-costs=[123639497]
03:HASH JOIN [INNER JOIN, BROADCAST]
|  hash-table-id=06
|  hash predicates: wr_returned_date_sk = d_date_sk
|  fk/pk conjuncts: wr_returned_date_sk = d_date_sk
|  mem-estimate=0B mem-reservation=0B spill-buffer=64.00KB thread-reservation=0
|  tuple-ids=0,1 row-size=24B cardinality=38.11M cost=16681670
|  in pipelines: 00(GETNEXT), 01(OPEN)
|
|--F21:PLAN FRAGMENT [RANDOM] hosts=10 instances=10
|  |  Per-Instance Resources: mem-estimate=4.89MB mem-reservation=4.88MB thread-reservation=1 runtime-filters-memory=1.00MB
|  |  max-parallelism=10 segment-costs=[863]
|  JOIN BUILD
|  |  join-table-id=06 plan-id=07 cohort-id=01
|  |  build expressions: d_date_sk
|  |  runtime filters: RF006[bloom] <- d_date_sk
|  |  mem-estimate=3.88MB mem-reservation=3.88MB spill-buffer=64.00KB thread-reservation=0 cost=373
|  |
|  19:EXCHANGE [BROADCAST]
|  |  mem-estimate=16.00KB mem-reservation=0B thread-reservation=0
|  |  tuple-ids=1 row-size=8B cardinality=373 cost=490
|  |  in pipelines: 01(GETNEXT)
|  |
|  F01:PLAN FRAGMENT [RANDOM] hosts=1 instances=1
|  Per-Instance Resources: mem-estimate=20.05MB mem-reservation=4.50MB thread-reservation=1
|  max-parallelism=1 segment-costs=[10483]
|  36:TUPLE CACHE
|  |  cache key: 5536b7721c3902915addf658472e0caa
|  |  input scan node ids: 1
|  |  estimated serialized size: 4.37KB
|  |  estimated serialized size per node: 4.37KB
|  |  cumulative processing cost: 10467
|  |  cache read processing cost: 49
|  |  cache write processing cost: 12
|  |  mem-estimate=4.00MB mem-reservation=4.00MB spill-buffer=2.00MB thread-reservation=0
|  |  tuple-ids=1 row-size=8B cardinality=373 cost=0
|  |  in pipelines: 01(GETNEXT)
|  |
|  01:SCAN HDFS [tpcds_partitioned_parquet_snap.date_dim, RANDOM]
|     HDFS partitions=1/1 files=1 size=2.17MB
|     deterministic scan range assignment: true
|     schedule scan ranges oldest to newest: true
|     predicates: d_year = CAST(2000 AS INT)
|     stored statistics:
|       table: rows=73.05K size=2.17MB
|       columns: all
|     extrapolated-rows=disabled max-scan-range-rows=73.05K
|     parquet statistics predicates: d_year = CAST(2000 AS INT)
|     parquet dictionary predicates: d_year = CAST(2000 AS INT)
|     mem-estimate=16.00MB mem-reservation=512.00KB thread-reservation=0
|     tuple-ids=1 row-size=8B cardinality=373 cost=10467
|     in pipelines: 01(GETNEXT)
|
00:SCAN HDFS [tpcds_partitioned_parquet_snap.web_returns, RANDOM]
   HDFS partitions=2114/2114 files=2114 size=16.74GB
   runtime filters: RF003[min_max] -> tpcds_partitioned_parquet_snap.web_returns.wr_returning_customer_sk, RF005[min_max] -> wr_returning_addr_sk, RF002[bloom] -> tpcds_partitioned_parquet_snap.web_returns.wr_returning_customer_sk, RF006[bloom] -> wr_returned_date_sk, RF004[bloom] -> wr_returning_addr_sk
   stored statistics:
     table: rows=216.00M size=16.74GB
     partitions: 2114/2114 rows=216.00M
     columns: all
   extrapolated-rows=disabled max-scan-range-rows=9.41M est-scan-range=373(filtered from 2114)
   mem-estimate=16.00MB mem-reservation=256.00KB thread-reservation=0
   tuple-ids=0 row-size=16B cardinality=38.11M(filtered from 216.00M) cost=8781030
   in pipelines: 00(GETNEXT)
---- PARALLELPLANS
Max Per-Host Resource Reservation: Memory=829.00MB Threads=36
Per-Host Resource Estimates: Memory=1.42GB
F14:PLAN FRAGMENT [UNPARTITIONED] hosts=1 instances=1
|  Per-Instance Resources: mem-estimate=4.19MB mem-reservation=4.00MB thread-reservation=1
|  max-parallelism=1 segment-costs=[1364] cpu-comparison-result=122 [max(1 (self) vs 122 (sum children))]
PLAN-ROOT SINK
|  output exprs: c_customer_id, c_salutation, c_first_name, c_last_name, c_preferred_cust_flag, c_birth_day, c_birth_month, c_birth_year, c_birth_country, c_login, c_email_address, c_last_review_date_sk, ctr_total_return
|  mem-estimate=4.00MB mem-reservation=4.00MB spill-buffer=2.00MB thread-reservation=0 cost=1300
|
35:MERGING-EXCHANGE [UNPARTITIONED]
|  order by: c_customer_id ASC, c_salutation ASC, c_first_name ASC, c_last_name ASC, c_preferred_cust_flag ASC, c_birth_day ASC, c_birth_month ASC, c_birth_year ASC, c_birth_country ASC, c_login ASC, c_email_address ASC, c_last_review_date_sk ASC, ctr_total_return ASC
|  limit: 100
|  mem-estimate=197.61KB mem-reservation=0B thread-reservation=0
|  tuple-ids=15 row-size=196B cardinality=100 cost=64
|  in pipelines: 18(GETNEXT)
|
F07:PLAN FRAGMENT [HASH(wr_returning_customer_sk)] hosts=10 instances=10 (adjusted from 120)
Per-Instance Resources: mem-estimate=11.13MB mem-reservation=0B thread-reservation=1
max-parallelism=10 segment-costs=[74581045, 545] cpu-comparison-result=122 [max(10 (self) vs 122 (sum children))]
18:TOP-N [LIMIT=100]
|  order by: c_customer_id ASC, c_salutation ASC, c_first_name ASC, c_last_name ASC, c_preferred_cust_flag ASC, c_birth_day ASC, c_birth_month ASC, c_birth_year ASC, c_birth_country ASC, c_login ASC, c_email_address ASC, c_last_review_date_sk ASC, ctr_total_return ASC
|  mem-estimate=19.18KB mem-reservation=0B thread-reservation=0
|  tuple-ids=15 row-size=196B cardinality=100 cost=52633792
|  in pipelines: 18(GETNEXT), 23(OPEN)
|
17:HASH JOIN [LEFT SEMI JOIN, BROADCAST]
|  hash-table-id=00
|  hash predicates: ca_state = ctr2.ctr_state
|  other join predicates: sum(wr_return_amt) > avg(ctr_total_return) * CAST(1.2 AS DECIMAL(2,1))
|  mem-estimate=0B mem-reservation=0B spill-buffer=64.00KB thread-reservation=0
|  tuple-ids=3,6,5 row-size=240B cardinality=4.24M cost=1856018
|  in pipelines: 23(GETNEXT), 33(OPEN)
|
|--F15:PLAN FRAGMENT [HASH(wr_returning_customer_sk)] hosts=10 instances=10
|  |  Per-Instance Resources: mem-estimate=2.96MB mem-reservation=2.94MB thread-reservation=1 runtime-filters-memory=1.00MB
|  |  max-parallelism=10 segment-costs=[111] cpu-comparison-result=51 [max(10 (self) vs 51 (sum children))]
|  JOIN BUILD
|  |  join-table-id=00 plan-id=01 cohort-id=01
|  |  build expressions: ctr2.ctr_state
|  |  runtime filters: RF000[bloom] <- ctr2.ctr_state, RF001[min_max] <- ctr2.ctr_state
|  |  mem-estimate=1.94MB mem-reservation=1.94MB spill-buffer=64.00KB thread-reservation=0 cost=51
|  |
|  34:EXCHANGE [BROADCAST]
|  |  mem-estimate=18.43KB mem-reservation=0B thread-reservation=0
|  |  tuple-ids=13 row-size=30B cardinality=51 cost=60
|  |  in pipelines: 33(GETNEXT)
|  |
|  F13:PLAN FRAGMENT [HASH(ctr2.ctr_state)] hosts=10 instances=10 (adjusted from 120)
|  Per-Instance Resources: mem-estimate=11.01MB mem-reservation=1.94MB thread-reservation=1
|  max-parallelism=10 segment-costs=[3447, 5] cpu-comparison-result=51 [max(10 (self) vs 51 (sum children))]
|  33:AGGREGATE [FINALIZE]
|  |  output: avg:merge(ctr_total_return)
|  |  group by: ctr2.ctr_state
|  |  mem-estimate=10.00MB mem-reservation=1.94MB spill-buffer=64.00KB thread-reservation=0
|  |  tuple-ids=13 row-size=30B cardinality=51 cost=1923
|  |  in pipelines: 33(GETNEXT), 31(OPEN)
|  |
|  32:EXCHANGE [HASH(ctr2.ctr_state)]
|  |  mem-estimate=1.01MB mem-reservation=0B thread-reservation=0
|  |  tuple-ids=12 row-size=30B cardinality=6.12K cost=1524
|  |  in pipelines: 31(GETNEXT)
|  |
|  F12:PLAN FRAGMENT [HASH(wr_returning_customer_sk,ca_state)] hosts=10 instances=30 (adjusted from 120)
|  Per-Instance Resources: mem-estimate=75.04MB mem-reservation=36.00MB thread-reservation=1
|  max-parallelism=30 segment-costs=[227526879, 10802104, 14976] cpu-comparison-result=51 [max(30 (self) vs 51 (sum children))]
|  14:AGGREGATE [STREAMING]
|  |  output: avg(sum(wr_return_amt))
|  |  group by: ca_state
|  |  mem-estimate=10.00MB mem-reservation=2.00MB spill-buffer=64.00KB thread-reservation=0
|  |  tuple-ids=12 row-size=30B cardinality=6.12K cost=10802104
|  |  in pipelines: 31(GETNEXT)
|  |
|  31:AGGREGATE [FINALIZE]
|  |  output: sum:merge(wr_return_amt)
|  |  group by: wr_returning_customer_sk, ca_state
|  |  mem-estimate=53.92MB mem-reservation=34.00MB spill-buffer=2.00MB thread-reservation=0
|  |  tuple-ids=10 row-size=34B cardinality=36.88M cost=217662624
|  |  in pipelines: 31(GETNEXT), 08(OPEN)
|  |
|  30:EXCHANGE [HASH(wr_returning_customer_sk,ca_state)]
|  |  mem-estimate=11.11MB mem-reservation=0B thread-reservation=0
|  |  tuple-ids=10 row-size=34B cardinality=36.88M cost=9864255
|  |  in pipelines: 08(GETNEXT)
|  |
|  F11:PLAN FRAGMENT [HASH(wr_returning_addr_sk)] hosts=10 instances=30 (adjusted from 120)
|  Per-Instance Resources: mem-estimate=55.52MB mem-reservation=34.00MB thread-reservation=1
|  max-parallelism=30 segment-costs=[243964618, 99741447] cpu-comparison-result=51 [max(50 (self) vs 51 (sum children))]
|  13:AGGREGATE [STREAMING]
|  |  output: sum(wr_return_amt)
|  |  group by: wr_returning_customer_sk, ca_state
|  |  mem-estimate=40.44MB mem-reservation=34.00MB spill-buffer=2.00MB thread-reservation=0
|  |  tuple-ids=10 row-size=34B cardinality=36.88M cost=217662624
|  |  in pipelines: 08(GETNEXT)
|  |
|  12:HASH JOIN [INNER JOIN, PARTITIONED]
|  |  hash-table-id=01
|  |  hash predicates: wr_returning_addr_sk = ca_address_sk
|  |  fk/pk conjuncts: wr_returning_addr_sk = ca_address_sk
|  |  mem-estimate=0B mem-reservation=0B spill-buffer=2.00MB thread-reservation=0
|  |  tuple-ids=7,8,9 row-size=42B cardinality=36.88M cost=16457636
|  |  in pipelines: 08(GETNEXT), 10(OPEN)
|  |
|  |--F16:PLAN FRAGMENT [HASH(wr_returning_addr_sk)] hosts=10 instances=30 (adjusted from 120)
|  |  |  Per-Instance Resources: mem-estimate=60.21MB mem-reservation=50.00MB thread-reservation=1 runtime-filters-memory=16.00MB
|  |  |  max-parallelism=30 segment-costs=[17908500]
|  |  JOIN BUILD
|  |  |  join-table-id=01 plan-id=02 cohort-id=02
|  |  |  build expressions: ca_address_sk
|  |  |  runtime filters: RF010[bloom] <- ca_address_sk, RF011[min_max] <- ca_address_sk
|  |  |  mem-estimate=34.00MB mem-reservation=34.00MB spill-buffer=2.00MB thread-reservation=0 cost=15000000
|  |  |
|  |  29:EXCHANGE [HASH(ca_address_sk)]
|  |  |  mem-estimate=10.21MB mem-reservation=0B thread-reservation=0
|  |  |  tuple-ids=9 row-size=18B cardinality=15.00M cost=2908500
|  |  |  in pipelines: 10(GETNEXT)
|  |  |
|  |  F10:PLAN FRAGMENT [RANDOM] hosts=10 instances=10
|  |  Per-Instance Resources: mem-estimate=18.58MB mem-reservation=128.00KB thread-reservation=1
|  |  max-parallelism=10 segment-costs=[26412000]
|  |  10:SCAN HDFS [tpcds_partitioned_parquet_snap.customer_address, RANDOM]
|  |     HDFS partitions=1/1 files=1 size=307.36MB
|  |     stored statistics:
|  |       table: rows=15.00M size=307.36MB
|  |       columns: all
|  |     extrapolated-rows=disabled max-scan-range-rows=1.58M
|  |     mem-estimate=16.00MB mem-reservation=128.00KB thread-reservation=0
|  |     tuple-ids=9 row-size=18B cardinality=15.00M cost=1296000
|  |     in pipelines: 10(GETNEXT)
|  |
|  28:EXCHANGE [HASH(wr_returning_addr_sk)]
|  |  mem-estimate=10.62MB mem-reservation=0B thread-reservation=0
|  |  tuple-ids=7,8 row-size=24B cardinality=38.11M cost=9844358
|  |  in pipelines: 08(GETNEXT)
|  |
|  F08:PLAN FRAGMENT [RANDOM] hosts=10 instances=20 (adjusted from 120)
|  Per-Host Shared Resources: mem-estimate=17.00MB mem-reservation=17.00MB thread-reservation=0 runtime-filters-memory=17.00MB
|  Per-Instance Resources: mem-estimate=19.75MB mem-reservation=256.00KB thread-reservation=1
|  max-parallelism=20 segment-costs=[123639497]
|  11:HASH JOIN [INNER JOIN, BROADCAST]
|  |  hash-table-id=02
|  |  hash predicates: wr_returned_date_sk = d_date_sk
|  |  fk/pk conjuncts: wr_returned_date_sk = d_date_sk
|  |  mem-estimate=0B mem-reservation=0B spill-buffer=64.00KB thread-reservation=0
|  |  tuple-ids=7,8 row-size=24B cardinality=38.11M cost=16681670
|  |  in pipelines: 08(GETNEXT), 09(OPEN)
|  |
|  |--F17:PLAN FRAGMENT [RANDOM] hosts=10 instances=10
|  |  |  Per-Instance Resources: mem-estimate=4.89MB mem-reservation=4.88MB thread-reservation=1 runtime-filters-memory=1.00MB
|  |  |  max-parallelism=10 segment-costs=[863]
|  |  JOIN BUILD
|  |  |  join-table-id=02 plan-id=03 cohort-id=02
|  |  |  build expressions: d_date_sk
|  |  |  runtime filters: RF012[bloom] <- d_date_sk
|  |  |  mem-estimate=3.88MB mem-reservation=3.88MB spill-buffer=64.00KB thread-reservation=0 cost=373
|  |  |
|  |  27:EXCHANGE [BROADCAST]
|  |  |  mem-estimate=16.00KB mem-reservation=0B thread-reservation=0
|  |  |  tuple-ids=8 row-size=8B cardinality=373 cost=490
|  |  |  in pipelines: 09(GETNEXT)
|  |  |
|  |  F09:PLAN FRAGMENT [RANDOM] hosts=1 instances=1
|  |  Per-Instance Resources: mem-estimate=20.05MB mem-reservation=4.50MB thread-reservation=1
|  |  max-parallelism=1 segment-costs=[10483]
|  |  40:TUPLE CACHE
|  |  |  cache key: 5536b7721c3902915addf658472e0caa
|  |  |  input scan node ids: 9
|  |  |  estimated serialized size: 4.37KB
|  |  |  estimated serialized size per node: 4.37KB
|  |  |  cumulative processing cost: 10467
|  |  |  cache read processing cost: 49
|  |  |  cache write processing cost: 12
|  |  |  mem-estimate=4.00MB mem-reservation=4.00MB spill-buffer=2.00MB thread-reservation=0
|  |  |  tuple-ids=8 row-size=8B cardinality=373 cost=0
|  |  |  in pipelines: 09(GETNEXT)
|  |  |
|  |  09:SCAN HDFS [tpcds_partitioned_parquet_snap.date_dim, RANDOM]
|  |     HDFS partitions=1/1 files=1 size=2.17MB
|  |     deterministic scan range assignment: true
|  |     schedule scan ranges oldest to newest: true
|  |     predicates: d_year = CAST(2000 AS INT)
|  |     stored statistics:
|  |       table: rows=73.05K size=2.17MB
|  |       columns: all
|  |     extrapolated-rows=disabled max-scan-range-rows=73.05K
|  |     parquet statistics predicates: d_year = CAST(2000 AS INT)
|  |     parquet dictionary predicates: d_year = CAST(2000 AS INT)
|  |     mem-estimate=16.00MB mem-reservation=512.00KB thread-reservation=0
|  |     tuple-ids=8 row-size=8B cardinality=373 cost=10467
|  |     in pipelines: 09(GETNEXT)
|  |
|  08:SCAN HDFS [tpcds_partitioned_parquet_snap.web_returns, RANDOM]
|     HDFS partitions=2114/2114 files=2114 size=16.74GB
|     runtime filters: RF011[min_max] -> wr_returning_addr_sk, RF012[bloom] -> wr_returned_date_sk, RF010[bloom] -> wr_returning_addr_sk
|     stored statistics:
|       table: rows=216.00M size=16.74GB
|       partitions: 2114/2114 rows=216.00M
|       columns: all
|     extrapolated-rows=disabled max-scan-range-rows=9.41M est-scan-range=373(filtered from 2114)
|     mem-estimate=16.00MB mem-reservation=256.00KB thread-reservation=0
|     tuple-ids=7 row-size=16B cardinality=38.11M(filtered from 216.00M) cost=8781030
|     in pipelines: 08(GETNEXT)
|
16:HASH JOIN [INNER JOIN, PARTITIONED]
|  hash-table-id=03
|  hash predicates: wr_returning_customer_sk = c_customer_sk
|  fk/pk conjuncts: none
|  mem-estimate=0B mem-reservation=0B spill-buffer=1.00MB thread-reservation=0
|  tuple-ids=3,6,5 row-size=240B cardinality=4.24M cost=10226980
|  in pipelines: 23(GETNEXT), 07(OPEN)
|
|--F18:PLAN FRAGMENT [HASH(wr_returning_customer_sk)] hosts=10 instances=10 (adjusted from 120)
|  |  Per-Instance Resources: mem-estimate=30.09MB mem-reservation=18.00MB thread-reservation=1 runtime-filters-memory=1.00MB
|  |  max-parallelism=10 segment-costs=[1345531] cpu-comparison-result=20 [max(20 (self) vs 20 (sum children))]
|  JOIN BUILD
|  |  join-table-id=03 plan-id=04 cohort-id=01
|  |  build expressions: c_customer_sk
|  |  runtime filters: RF002[bloom] <- c_customer_sk, RF003[min_max] <- c_customer_sk
|  |  mem-estimate=17.00MB mem-reservation=17.00MB spill-buffer=1.00MB thread-reservation=0 cost=641558
|  |
|  26:EXCHANGE [HASH(c_customer_sk)]
|  |  mem-estimate=12.09MB mem-reservation=0B thread-reservation=0
|  |  tuple-ids=6,5 row-size=206B cardinality=641.56K cost=703973
|  |  in pipelines: 07(GETNEXT)
|  |
|  F05:PLAN FRAGMENT [RANDOM] hosts=10 instances=10
|  Per-Host Shared Resources: mem-estimate=1.00MB mem-reservation=1.00MB thread-reservation=0 runtime-filters-memory=1.00MB
|  Per-Instance Resources: mem-estimate=32.37MB mem-reservation=9.00MB thread-reservation=1
|  max-parallelism=10 segment-costs=[49380898]
|  39:TUPLE CACHE
|  |  cache key: dd1b2d9d4aa52031ab99b0d01f4546d7
|  |  input scan node ids: 7
|  |  estimated serialized size: 131.17MB
|  |  estimated serialized size per node: 13.12MB
|  |  cumulative processing cost: 42594632
|  |  cache read processing cost: 85263
|  |  cache write processing cost: 371365
|  |  mem-estimate=4.00MB mem-reservation=4.00MB spill-buffer=2.00MB thread-reservation=0
|  |  tuple-ids=6,5 row-size=206B cardinality=641.56K cost=0
|  |  in pipelines: 07(GETNEXT)
|  |
|  15:HASH JOIN [INNER JOIN, BROADCAST]
|  |  hash-table-id=04
|  |  hash predicates: c_current_addr_sk = ca_address_sk
|  |  fk/pk conjuncts: c_current_addr_sk = ca_address_sk
|  |  mem-estimate=0B mem-reservation=0B spill-buffer=1.00MB thread-reservation=0
|  |  tuple-ids=6,5 row-size=206B cardinality=641.56K cost=280809
|  |  in pipelines: 07(GETNEXT), 06(OPEN)
|  |
|  |--F19:PLAN FRAGMENT [RANDOM] hosts=10 instances=10
|  |  |  Per-Instance Resources: mem-estimate=23.11MB mem-reservation=18.00MB thread-reservation=1 runtime-filters-memory=1.00MB
|  |  |  max-parallelism=10 segment-costs=[664482]
|  |  JOIN BUILD
|  |  |  join-table-id=04 plan-id=05 cohort-id=03
|  |  |  build expressions: ca_address_sk
|  |  |  runtime filters: RF008[bloom] <- ca_address_sk, RF009[min_max] <- ca_address_sk
|  |  |  mem-estimate=17.00MB mem-reservation=17.00MB spill-buffer=1.00MB thread-reservation=0 cost=285312
|  |  |
|  |  24:EXCHANGE [BROADCAST]
|  |  |  mem-estimate=5.11MB mem-reservation=0B thread-reservation=0
|  |  |  tuple-ids=5 row-size=18B cardinality=285.31K cost=379170
|  |  |  in pipelines: 06(GETNEXT)
|  |  |
|  |  F06:PLAN FRAGMENT [RANDOM] hosts=10 instances=10
|  |  Per-Instance Resources: mem-estimate=20.09MB mem-reservation=4.12MB thread-reservation=1
|  |  max-parallelism=10 segment-costs=[1737528]
|  |  38:TUPLE CACHE
|  |  |  cache key: 99302cd55c447a6d033ebda066e6dafc
|  |  |  input scan node ids: 6
|  |  |  estimated serialized size: 5.99MB
|  |  |  estimated serialized size per node: 612.97KB
|  |  |  cumulative processing cost: 1717500
|  |  |  cache read processing cost: 37917
|  |  |  cache write processing cost: 16947
|  |  |  mem-estimate=4.00MB mem-reservation=4.00MB spill-buffer=2.00MB thread-reservation=0
|  |  |  tuple-ids=5 row-size=18B cardinality=285.31K cost=0
|  |  |  in pipelines: 06(GETNEXT)
|  |  |
|  |  06:SCAN HDFS [tpcds_partitioned_parquet_snap.customer_address, RANDOM]
|  |     HDFS partitions=1/1 files=1 size=307.36MB
|  |     deterministic scan range assignment: true
|  |     schedule scan ranges oldest to newest: true
|  |     predicates: ca_state = 'GA'
|  |     stored statistics:
|  |       table: rows=15.00M size=307.36MB
|  |       columns: all
|  |     extrapolated-rows=disabled max-scan-range-rows=1.58M
|  |     parquet statistics predicates: ca_state = 'GA'
|  |     parquet dictionary predicates: ca_state = 'GA'
|  |     mem-estimate=16.00MB mem-reservation=128.00KB thread-reservation=0
|  |     tuple-ids=5 row-size=18B cardinality=285.31K cost=1717500
|  |     in pipelines: 06(GETNEXT)
|  |
|  37:TUPLE CACHE
|  |  cache key: fa6a26aa382d66e16fcade3009a25eee
|  |  input scan node ids: 7
|  |  estimated serialized size: 117.71MB
|  |  estimated serialized size per node: 11.77MB
|  |  cumulative processing cost: 39911813
|  |  cache read processing cost: 85263
|  |  cache write processing cost: 333256
|  |  mem-estimate=4.00MB mem-reservation=4.00MB spill-buffer=2.00MB thread-reservation=0
|  |  tuple-ids=6 row-size=188B cardinality=641.56K(filtered from 30.00M) cost=0
|  |  in pipelines: 07(GETNEXT)
|  |
|  07:SCAN HDFS [tpcds_partitioned_parquet_snap.customer, RANDOM]
|     HDFS partitions=1/1 files=1 size=1.55GB
|     deterministic scan range assignment: true
|     schedule scan ranges oldest to newest: true
|     runtime filters: RF009[min_max] -> c_current_addr_sk, RF008[bloom] -> c_current_addr_sk
|     stored statistics:
|       table: rows=30.00M size=1.55GB
|       columns: all
|     extrapolated-rows=disabled max-scan-range-rows=3.10M
|     mem-estimate=16.00MB mem-reservation=1.00MB thread-reservation=0
|     tuple-ids=6 row-size=188B cardinality=641.56K(filtered from 30.00M) cost=39911813
|     in pipelines: 07(GETNEXT)
|
25:EXCHANGE [HASH(wr_returning_customer_sk)]
|  mem-estimate=11.11MB mem-reservation=0B thread-reservation=0
|  tuple-ids=3 row-size=34B cardinality=36.88M cost=9864255
|  in pipelines: 23(GETNEXT)
|
F04:PLAN FRAGMENT [HASH(wr_returning_customer_sk,ca_state)] hosts=10 instances=30 (adjusted from 120)
Per-Instance Resources: mem-estimate=65.04MB mem-reservation=34.00MB thread-reservation=1
max-parallelism=30 segment-costs=[227526879, 99741447] cpu-comparison-result=51 [max(30 (self) vs 51 (sum children))]
23:AGGREGATE [FINALIZE]
|  output: sum:merge(wr_return_amt)
|  group by: wr_returning_customer_sk, ca_state
|  mem-estimate=53.92MB mem-reservation=34.00MB spill-buffer=2.00MB thread-reservation=0
|  tuple-ids=3 row-size=34B cardinality=36.88M cost=217662624
|  in pipelines: 23(GETNEXT), 00(OPEN)
|
22:EXCHANGE [HASH(wr_returning_customer_sk,ca_state)]
|  mem-estimate=11.11MB mem-reservation=0B thread-reservation=0
|  tuple-ids=3 row-size=34B cardinality=36.88M cost=9864255
|  in pipelines: 00(GETNEXT)
|
F03:PLAN FRAGMENT [HASH(wr_returning_addr_sk)] hosts=10 instances=30 (adjusted from 120)
Per-Instance Resources: mem-estimate=55.52MB mem-reservation=34.00MB thread-reservation=1
max-parallelism=30 segment-costs=[243964618, 99741447] cpu-comparison-result=51 [max(50 (self) vs 51 (sum children))]
05:AGGREGATE [STREAMING]
|  output: sum(wr_return_amt)
|  group by: wr_returning_customer_sk, ca_state
|  mem-estimate=40.44MB mem-reservation=34.00MB spill-buffer=2.00MB thread-reservation=0
|  tuple-ids=3 row-size=34B cardinality=36.88M cost=217662624
|  in pipelines: 00(GETNEXT)
|
04:HASH JOIN [INNER JOIN, PARTITIONED]
|  hash-table-id=05
|  hash predicates: wr_returning_addr_sk = ca_address_sk
|  fk/pk conjuncts: wr_returning_addr_sk = ca_address_sk
|  mem-estimate=0B mem-reservation=0B spill-buffer=2.00MB thread-reservation=0
|  tuple-ids=0,1,2 row-size=42B cardinality=36.88M cost=16457636
|  in pipelines: 00(GETNEXT), 02(OPEN)
|
|--F20:PLAN FRAGMENT [HASH(wr_returning_addr_sk)] hosts=10 instances=30 (adjusted from 120)
|  |  Per-Instance Resources: mem-estimate=60.21MB mem-reservation=50.00MB thread-reservation=1 runtime-filters-memory=16.00MB
|  |  max-parallelism=30 segment-costs=[17908500]
|  JOIN BUILD
|  |  join-table-id=05 plan-id=06 cohort-id=01
|  |  build expressions: ca_address_sk
|  |  runtime filters: RF004[bloom] <- ca_address_sk, RF005[min_max] <- ca_address_sk
|  |  mem-estimate=34.00MB mem-reservation=34.00MB spill-buffer=2.00MB thread-reservation=0 cost=15000000
|  |
|  21:EXCHANGE [HASH(ca_address_sk)]
|  |  mem-estimate=10.21MB mem-reservation=0B thread-reservation=0
|  |  tuple-ids=2 row-size=18B cardinality=15.00M cost=2908500
|  |  in pipelines: 02(GETNEXT)
|  |
|  F02:PLAN FRAGMENT [RANDOM] hosts=10 instances=10
|  Per-Host Shared Resources: mem-estimate=1.00MB mem-reservation=1.00MB thread-reservation=0 runtime-filters-memory=1.00MB
|  Per-Instance Resources: mem-estimate=18.58MB mem-reservation=128.00KB thread-reservation=1
|  max-parallelism=10 segment-costs=[26412000]
|  02:SCAN HDFS [tpcds_partitioned_parquet_snap.customer_address, RANDOM]
|     HDFS partitions=1/1 files=1 size=307.36MB
|     runtime filters: RF001[min_max] -> tpcds_partitioned_parquet_snap.customer_address.ca_state, RF000[bloom] -> tpcds_partitioned_parquet_snap.customer_address.ca_state
|     stored statistics:
|       table: rows=15.00M size=307.36MB
|       columns: all
|     extrapolated-rows=disabled max-scan-range-rows=1.58M
|     mem-estimate=16.00MB mem-reservation=128.00KB thread-reservation=0
|     tuple-ids=2 row-size=18B cardinality=15.00M cost=1296000
|     in pipelines: 02(GETNEXT)
|
20:EXCHANGE [HASH(wr_returning_addr_sk)]
|  mem-estimate=10.62MB mem-reservation=0B thread-reservation=0
|  tuple-ids=0,1 row-size=24B cardinality=38.11M cost=9844358
|  in pipelines: 00(GETNEXT)
|
F00:PLAN FRAGMENT [RANDOM] hosts=10 instances=20 (adjusted from 120)
Per-Host Shared Resources: mem-estimate=18.00MB mem-reservation=18.00MB thread-reservation=0 runtime-filters-memory=18.00MB
Per-Instance Resources: mem-estimate=19.75MB mem-reservation=256.00KB thread-reservation=1
max-parallelism=20 segment-costs=[123639497]
03:HASH JOIN [INNER JOIN, BROADCAST]
|  hash-table-id=06
|  hash predicates: wr_returned_date_sk = d_date_sk
|  fk/pk conjuncts: wr_returned_date_sk = d_date_sk
|  mem-estimate=0B mem-reservation=0B spill-buffer=64.00KB thread-reservation=0
|  tuple-ids=0,1 row-size=24B cardinality=38.11M cost=16681670
|  in pipelines: 00(GETNEXT), 01(OPEN)
|
|--F21:PLAN FRAGMENT [RANDOM] hosts=10 instances=10
|  |  Per-Instance Resources: mem-estimate=4.89MB mem-reservation=4.88MB thread-reservation=1 runtime-filters-memory=1.00MB
|  |  max-parallelism=10 segment-costs=[863]
|  JOIN BUILD
|  |  join-table-id=06 plan-id=07 cohort-id=01
|  |  build expressions: d_date_sk
|  |  runtime filters: RF006[bloom] <- d_date_sk
|  |  mem-estimate=3.88MB mem-reservation=3.88MB spill-buffer=64.00KB thread-reservation=0 cost=373
|  |
|  19:EXCHANGE [BROADCAST]
|  |  mem-estimate=16.00KB mem-reservation=0B thread-reservation=0
|  |  tuple-ids=1 row-size=8B cardinality=373 cost=490
|  |  in pipelines: 01(GETNEXT)
|  |
|  F01:PLAN FRAGMENT [RANDOM] hosts=1 instances=1
|  Per-Instance Resources: mem-estimate=20.05MB mem-reservation=4.50MB thread-reservation=1
|  max-parallelism=1 segment-costs=[10483]
|  36:TUPLE CACHE
|  |  cache key: 5536b7721c3902915addf658472e0caa
|  |  input scan node ids: 1
|  |  estimated serialized size: 4.37KB
|  |  estimated serialized size per node: 4.37KB
|  |  cumulative processing cost: 10467
|  |  cache read processing cost: 49
|  |  cache write processing cost: 12
|  |  mem-estimate=4.00MB mem-reservation=4.00MB spill-buffer=2.00MB thread-reservation=0
|  |  tuple-ids=1 row-size=8B cardinality=373 cost=0
|  |  in pipelines: 01(GETNEXT)
|  |
|  01:SCAN HDFS [tpcds_partitioned_parquet_snap.date_dim, RANDOM]
|     HDFS partitions=1/1 files=1 size=2.17MB
|     deterministic scan range assignment: true
|     schedule scan ranges oldest to newest: true
|     predicates: d_year = CAST(2000 AS INT)
|     stored statistics:
|       table: rows=73.05K size=2.17MB
|       columns: all
|     extrapolated-rows=disabled max-scan-range-rows=73.05K
|     parquet statistics predicates: d_year = CAST(2000 AS INT)
|     parquet dictionary predicates: d_year = CAST(2000 AS INT)
|     mem-estimate=16.00MB mem-reservation=512.00KB thread-reservation=0
|     tuple-ids=1 row-size=8B cardinality=373 cost=10467
|     in pipelines: 01(GETNEXT)
|
00:SCAN HDFS [tpcds_partitioned_parquet_snap.web_returns, RANDOM]
   HDFS partitions=2114/2114 files=2114 size=16.74GB
   runtime filters: RF003[min_max] -> tpcds_partitioned_parquet_snap.web_returns.wr_returning_customer_sk, RF005[min_max] -> wr_returning_addr_sk, RF002[bloom] -> tpcds_partitioned_parquet_snap.web_returns.wr_returning_customer_sk, RF006[bloom] -> wr_returned_date_sk, RF004[bloom] -> wr_returning_addr_sk
   stored statistics:
     table: rows=216.00M size=16.74GB
     partitions: 2114/2114 rows=216.00M
     columns: all
   extrapolated-rows=disabled max-scan-range-rows=9.41M est-scan-range=373(filtered from 2114)
   mem-estimate=16.00MB mem-reservation=256.00KB thread-reservation=0
   tuple-ids=0 row-size=16B cardinality=38.11M(filtered from 216.00M) cost=8781030
   in pipelines: 00(GETNEXT)
====
