# TPCDS-Q31
# start query 31 in stream 0 using template query31.tpl using seed 566127755
with ss as
 (select ca_county,d_qoy, d_year,sum(ss_ext_sales_price) as store_sales
 from store_sales,date_dim,customer_address
 where ss_sold_date_sk = d_date_sk
  and ss_addr_sk=ca_address_sk
 group by ca_county,d_qoy, d_year),
 ws as
 (select ca_county,d_qoy, d_year,sum(ws_ext_sales_price) as web_sales
 from web_sales,date_dim,customer_address
 where ws_sold_date_sk = d_date_sk
  and ws_bill_addr_sk=ca_address_sk
 group by ca_county,d_qoy, d_year)
 select
        ss1.ca_county
       ,ss1.d_year
       ,ws2.web_sales/ws1.web_sales web_q1_q2_increase
       ,ss2.store_sales/ss1.store_sales store_q1_q2_increase
       ,ws3.web_sales/ws2.web_sales web_q2_q3_increase
       ,ss3.store_sales/ss2.store_sales store_q2_q3_increase
 from
        ss ss1
       ,ss ss2
       ,ss ss3
       ,ws ws1
       ,ws ws2
       ,ws ws3
 where
    ss1.d_qoy = 1
    and ss1.d_year = 1998
    and ss1.ca_county = ss2.ca_county
    and ss2.d_qoy = 2
    and ss2.d_year = 1998
 and ss2.ca_county = ss3.ca_county
    and ss3.d_qoy = 3
    and ss3.d_year = 1998
    and ss1.ca_county = ws1.ca_county
    and ws1.d_qoy = 1
    and ws1.d_year = 1998
    and ws1.ca_county = ws2.ca_county
    and ws2.d_qoy = 2
    and ws2.d_year = 1998
    and ws1.ca_county = ws3.ca_county
    and ws3.d_qoy = 3
    and ws3.d_year =1998
    and case when ws1.web_sales > 0 then ws2.web_sales/ws1.web_sales else null end
       > case when ss1.store_sales > 0 then ss2.store_sales/ss1.store_sales else null end
    and case when ws2.web_sales > 0 then ws3.web_sales/ws2.web_sales else null end
       > case when ss2.store_sales > 0 then ss3.store_sales/ss2.store_sales else null end
 order by ss1.ca_county;

# end query 31 in stream 0 using template query31.tpl
---- PLAN
Max Per-Host Resource Reservation: Memory=542.00MB Threads=1
Per-Host Resource Estimates: Memory=5.46GB
F00:PLAN FRAGMENT [UNPARTITIONED] hosts=1 instances=1
|  Per-Instance Resources: mem-estimate=5.46GB mem-reservation=542.00MB thread-reservation=1 runtime-filters-memory=70.00MB
|  max-parallelism=1 segment-costs=[2108609146, 2108609146, 2108609146, 541327086, 541327086, 541327086, 112178211, 90000000]
PLAN-ROOT SINK
|  output exprs: ca_county, d_year, web_sales / web_sales, store_sales / store_sales, web_sales / web_sales, store_sales / store_sales
|  mem-estimate=100.00MB mem-reservation=4.00MB spill-buffer=2.00MB thread-reservation=0 cost=90000000
|
41:SORT
|  order by: ca_county ASC
|  mem-estimate=1.76GB mem-reservation=12.00MB spill-buffer=2.00MB thread-reservation=0
|  tuple-ids=30 row-size=126B cardinality=15.00M cost=88296304
|  in pipelines: 41(GETNEXT), 05(OPEN)
|
40:HASH JOIN [INNER JOIN]
|  hash predicates: ca_county = ca_county
|  fk/pk conjuncts: none
|  other predicates: CASE WHEN sum(ws_ext_sales_price) > CAST(0 AS DECIMAL(3,0)) THEN sum(ws_ext_sales_price) / sum(ws_ext_sales_price) ELSE NULL END > CASE WHEN sum(ss_ext_sales_price) > CAST(0 AS DECIMAL(3,0)) THEN sum(ss_ext_sales_price) / sum(ss_ext_sales_price) ELSE NULL END
|  runtime filters: RF001[min_max] <- ca_county
|  mem-estimate=1.94MB mem-reservation=1.94MB spill-buffer=64.00KB thread-reservation=0
|  tuple-ids=3,8,13,18,23,28 row-size=300B cardinality=15.00M cost=6567325
|  in pipelines: 05(GETNEXT), 35(OPEN)
|
|--54:TUPLE CACHE
|  |  cache key: b2ebba859f88384b9529c80b50aedd5e
|  |  input scan node ids: 30,31,32
|  |  estimated serialized size: 96.17KB
|  |  estimated serialized size per node: 9.62KB
|  |  cumulative processing cost: 541327086
|  |  cache read processing cost: 242
|  |  cache write processing cost: 265
|  |  mem-estimate=4.00MB mem-reservation=4.00MB spill-buffer=2.00MB thread-reservation=0
|  |  tuple-ids=28 row-size=50B cardinality=1.82K cost=0
|  |  in pipelines: 35(GETNEXT)
|  |
|  35:AGGREGATE [FINALIZE]
|  |  output: sum(ws_ext_sales_price)
|  |  group by: ca_county, d_qoy, d_year
|  |  mem-estimate=84.55MB mem-reservation=34.00MB spill-buffer=2.00MB thread-reservation=0
|  |  tuple-ids=28 row-size=50B cardinality=1.82K cost=292848848
|  |  in pipelines: 35(GETNEXT), 30(OPEN)
|  |
|  34:HASH JOIN [INNER JOIN]
|  |  hash predicates: ws_bill_addr_sk = ca_address_sk
|  |  fk/pk conjuncts: ws_bill_addr_sk = ca_address_sk
|  |  runtime filters: RF031[min_max] <- ca_address_sk
|  |  mem-estimate=812.60MB mem-reservation=34.00MB spill-buffer=2.00MB thread-reservation=0
|  |  tuple-ids=25,26,27 row-size=54B cardinality=213.11M cost=110113002
|  |  in pipelines: 30(GETNEXT), 32(OPEN)
|  |
|  |--32:SCAN HDFS [tpcds_partitioned_parquet_snap.customer_address]
|  |     HDFS partitions=1/1 files=1 size=307.36MB
|  |     deterministic scan range assignment: true
|  |     schedule scan ranges oldest to newest: true
|  |     stored statistics:
|  |       table: rows=15.00M size=307.36MB
|  |       columns: all
|  |     extrapolated-rows=disabled max-scan-range-rows=1.58M
|  |     mem-estimate=16.00MB mem-reservation=128.00KB thread-reservation=0
|  |     tuple-ids=27 row-size=30B cardinality=15.00M cost=3879659
|  |     in pipelines: 32(GETNEXT)
|  |
|  33:HASH JOIN [INNER JOIN]
|  |  hash predicates: ws_sold_date_sk = d_date_sk
|  |  fk/pk conjuncts: ws_sold_date_sk = d_date_sk
|  |  runtime filters: RF032[bloom] <- d_date_sk
|  |  mem-estimate=1.94MB mem-reservation=1.94MB spill-buffer=64.00KB thread-reservation=0
|  |  tuple-ids=25,26 row-size=24B cardinality=220.26M cost=96407940
|  |  in pipelines: 30(GETNEXT), 31(OPEN)
|  |
|  |--53:TUPLE CACHE
|  |  |  cache key: 3776d9cc82f535e93718d6c4521b6702
|  |  |  input scan node ids: 31
|  |  |  estimated serialized size: 2.91KB
|  |  |  estimated serialized size per node: 2.91KB
|  |  |  cumulative processing cost: 16728
|  |  |  cache read processing cost: 24
|  |  |  cache write processing cost: 8
|  |  |  mem-estimate=4.00MB mem-reservation=4.00MB spill-buffer=2.00MB thread-reservation=0
|  |  |  tuple-ids=26 row-size=12B cardinality=186 cost=0
|  |  |  in pipelines: 31(GETNEXT)
|  |  |
|  |  31:SCAN HDFS [tpcds_partitioned_parquet_snap.date_dim]
|  |     HDFS partitions=1/1 files=1 size=2.17MB
|  |     deterministic scan range assignment: true
|  |     schedule scan ranges oldest to newest: true
|  |     predicates: tpcds_partitioned_parquet_snap.date_dim.d_year = CAST(1998 AS INT), tpcds_partitioned_parquet_snap.date_dim.d_qoy = CAST(3 AS INT)
|  |     stored statistics:
|  |       table: rows=73.05K size=2.17MB
|  |       columns: all
|  |     extrapolated-rows=disabled max-scan-range-rows=73.05K
|  |     parquet statistics predicates: tpcds_partitioned_parquet_snap.date_dim.d_year = CAST(1998 AS INT), tpcds_partitioned_parquet_snap.date_dim.d_qoy = CAST(3 AS INT)
|  |     parquet dictionary predicates: tpcds_partitioned_parquet_snap.date_dim.d_year = CAST(1998 AS INT), tpcds_partitioned_parquet_snap.date_dim.d_qoy = CAST(3 AS INT)
|  |     mem-estimate=16.00MB mem-reservation=512.00KB thread-reservation=0
|  |     tuple-ids=26 row-size=12B cardinality=186 cost=16728
|  |     in pipelines: 31(GETNEXT)
|  |
|  30:SCAN HDFS [tpcds_partitioned_parquet_snap.web_sales]
|     HDFS partitions=1824/1824 files=1824 size=145.75GB
|     deterministic scan range assignment: true
|     schedule scan ranges oldest to newest: true
|     runtime filters: RF031[min_max] -> ws_bill_addr_sk, RF032[bloom] -> ws_sold_date_sk
|     stored statistics:
|       table: rows=2.16G size=145.75GB
|       partitions: 1824/1824 rows=2.16G
|       columns: all
|     extrapolated-rows=disabled max-scan-range-rows=3.37M est-scan-range=187(filtered from 1824)
|     mem-estimate=16.00MB mem-reservation=128.00KB thread-reservation=0
|     tuple-ids=25 row-size=12B cardinality=220.26M(filtered from 2.16G) cost=38060909
|     in pipelines: 30(GETNEXT)
|
39:HASH JOIN [INNER JOIN]
|  hash predicates: ca_county = ca_county
|  fk/pk conjuncts: none
|  other predicates: CASE WHEN sum(ws_ext_sales_price) > CAST(0 AS DECIMAL(3,0)) THEN sum(ws_ext_sales_price) / sum(ws_ext_sales_price) ELSE NULL END > CASE WHEN sum(ss_ext_sales_price) > CAST(0 AS DECIMAL(3,0)) THEN sum(ss_ext_sales_price) / sum(ss_ext_sales_price) ELSE NULL END
|  runtime filters: RF003[min_max] <- ca_county
|  mem-estimate=1.94MB mem-reservation=1.94MB spill-buffer=64.00KB thread-reservation=0
|  tuple-ids=3,8,13,18,23 row-size=250B cardinality=15.00M cost=6567325
|  in pipelines: 05(GETNEXT), 29(OPEN)
|
|--52:TUPLE CACHE
|  |  cache key: 5a020cd3d8ec1120809b53e3e61b8b6f
|  |  input scan node ids: 24,25,26
|  |  estimated serialized size: 96.17KB
|  |  estimated serialized size per node: 9.62KB
|  |  cumulative processing cost: 541327086
|  |  cache read processing cost: 242
|  |  cache write processing cost: 265
|  |  mem-estimate=4.00MB mem-reservation=4.00MB spill-buffer=2.00MB thread-reservation=0
|  |  tuple-ids=23 row-size=50B cardinality=1.82K cost=0
|  |  in pipelines: 29(GETNEXT)
|  |
|  29:AGGREGATE [FINALIZE]
|  |  output: sum(ws_ext_sales_price)
|  |  group by: ca_county, d_qoy, d_year
|  |  mem-estimate=84.55MB mem-reservation=34.00MB spill-buffer=2.00MB thread-reservation=0
|  |  tuple-ids=23 row-size=50B cardinality=1.82K cost=292848848
|  |  in pipelines: 29(GETNEXT), 24(OPEN)
|  |
|  28:HASH JOIN [INNER JOIN]
|  |  hash predicates: ws_bill_addr_sk = ca_address_sk
|  |  fk/pk conjuncts: ws_bill_addr_sk = ca_address_sk
|  |  runtime filters: RF027[min_max] <- ca_address_sk
|  |  mem-estimate=812.60MB mem-reservation=34.00MB spill-buffer=2.00MB thread-reservation=0
|  |  tuple-ids=20,21,22 row-size=54B cardinality=213.11M cost=110113002
|  |  in pipelines: 24(GETNEXT), 26(OPEN)
|  |
|  |--26:SCAN HDFS [tpcds_partitioned_parquet_snap.customer_address]
|  |     HDFS partitions=1/1 files=1 size=307.36MB
|  |     deterministic scan range assignment: true
|  |     schedule scan ranges oldest to newest: true
|  |     runtime filters: RF001[min_max] -> tpcds_partitioned_parquet_snap.customer_address.ca_county
|  |     stored statistics:
|  |       table: rows=15.00M size=307.36MB
|  |       columns: all
|  |     extrapolated-rows=disabled max-scan-range-rows=1.58M
|  |     mem-estimate=16.00MB mem-reservation=128.00KB thread-reservation=0
|  |     tuple-ids=22 row-size=30B cardinality=15.00M cost=3879659
|  |     in pipelines: 26(GETNEXT)
|  |
|  27:HASH JOIN [INNER JOIN]
|  |  hash predicates: ws_sold_date_sk = d_date_sk
|  |  fk/pk conjuncts: ws_sold_date_sk = d_date_sk
|  |  runtime filters: RF028[bloom] <- d_date_sk
|  |  mem-estimate=1.94MB mem-reservation=1.94MB spill-buffer=64.00KB thread-reservation=0
|  |  tuple-ids=20,21 row-size=24B cardinality=220.26M cost=96407940
|  |  in pipelines: 24(GETNEXT), 25(OPEN)
|  |
|  |--51:TUPLE CACHE
|  |  |  cache key: 4587678aa02e339099a7ef5cfb9a931a
|  |  |  input scan node ids: 25
|  |  |  estimated serialized size: 2.91KB
|  |  |  estimated serialized size per node: 2.91KB
|  |  |  cumulative processing cost: 16728
|  |  |  cache read processing cost: 24
|  |  |  cache write processing cost: 8
|  |  |  mem-estimate=4.00MB mem-reservation=4.00MB spill-buffer=2.00MB thread-reservation=0
|  |  |  tuple-ids=21 row-size=12B cardinality=186 cost=0
|  |  |  in pipelines: 25(GETNEXT)
|  |  |
|  |  25:SCAN HDFS [tpcds_partitioned_parquet_snap.date_dim]
|  |     HDFS partitions=1/1 files=1 size=2.17MB
|  |     deterministic scan range assignment: true
|  |     schedule scan ranges oldest to newest: true
|  |     predicates: tpcds_partitioned_parquet_snap.date_dim.d_year = CAST(1998 AS INT), tpcds_partitioned_parquet_snap.date_dim.d_qoy = CAST(2 AS INT)
|  |     stored statistics:
|  |       table: rows=73.05K size=2.17MB
|  |       columns: all
|  |     extrapolated-rows=disabled max-scan-range-rows=73.05K
|  |     parquet statistics predicates: tpcds_partitioned_parquet_snap.date_dim.d_year = CAST(1998 AS INT), tpcds_partitioned_parquet_snap.date_dim.d_qoy = CAST(2 AS INT)
|  |     parquet dictionary predicates: tpcds_partitioned_parquet_snap.date_dim.d_year = CAST(1998 AS INT), tpcds_partitioned_parquet_snap.date_dim.d_qoy = CAST(2 AS INT)
|  |     mem-estimate=16.00MB mem-reservation=512.00KB thread-reservation=0
|  |     tuple-ids=21 row-size=12B cardinality=186 cost=16728
|  |     in pipelines: 25(GETNEXT)
|  |
|  24:SCAN HDFS [tpcds_partitioned_parquet_snap.web_sales]
|     HDFS partitions=1824/1824 files=1824 size=145.75GB
|     deterministic scan range assignment: true
|     schedule scan ranges oldest to newest: true
|     runtime filters: RF027[min_max] -> ws_bill_addr_sk, RF028[bloom] -> ws_sold_date_sk
|     stored statistics:
|       table: rows=2.16G size=145.75GB
|       partitions: 1824/1824 rows=2.16G
|       columns: all
|     extrapolated-rows=disabled max-scan-range-rows=3.37M est-scan-range=187(filtered from 1824)
|     mem-estimate=16.00MB mem-reservation=128.00KB thread-reservation=0
|     tuple-ids=20 row-size=12B cardinality=220.26M(filtered from 2.16G) cost=38060909
|     in pipelines: 24(GETNEXT)
|
38:HASH JOIN [INNER JOIN]
|  hash predicates: ca_county = ca_county
|  fk/pk conjuncts: none
|  runtime filters: RF005[min_max] <- ca_county
|  mem-estimate=1.94MB mem-reservation=1.94MB spill-buffer=64.00KB thread-reservation=0
|  tuple-ids=3,8,13,18 row-size=200B cardinality=15.00M cost=6567325
|  in pipelines: 05(GETNEXT), 23(OPEN)
|
|--50:TUPLE CACHE
|  |  cache key: 40e4197ceba1f3194cbf06ce8424ab5e
|  |  input scan node ids: 18,19,20
|  |  estimated serialized size: 96.17KB
|  |  estimated serialized size per node: 9.62KB
|  |  cumulative processing cost: 541327086
|  |  cache read processing cost: 242
|  |  cache write processing cost: 265
|  |  mem-estimate=4.00MB mem-reservation=4.00MB spill-buffer=2.00MB thread-reservation=0
|  |  tuple-ids=18 row-size=50B cardinality=1.82K cost=0
|  |  in pipelines: 23(GETNEXT)
|  |
|  23:AGGREGATE [FINALIZE]
|  |  output: sum(ws_ext_sales_price)
|  |  group by: ca_county, d_qoy, d_year
|  |  mem-estimate=84.55MB mem-reservation=34.00MB spill-buffer=2.00MB thread-reservation=0
|  |  tuple-ids=18 row-size=50B cardinality=1.82K cost=292848848
|  |  in pipelines: 23(GETNEXT), 18(OPEN)
|  |
|  22:HASH JOIN [INNER JOIN]
|  |  hash predicates: ws_bill_addr_sk = ca_address_sk
|  |  fk/pk conjuncts: ws_bill_addr_sk = ca_address_sk
|  |  runtime filters: RF022[bloom] <- ca_address_sk, RF023[min_max] <- ca_address_sk
|  |  mem-estimate=812.60MB mem-reservation=34.00MB spill-buffer=2.00MB thread-reservation=0
|  |  tuple-ids=15,16,17 row-size=54B cardinality=213.11M cost=110113002
|  |  in pipelines: 18(GETNEXT), 20(OPEN)
|  |
|  |--20:SCAN HDFS [tpcds_partitioned_parquet_snap.customer_address]
|  |     HDFS partitions=1/1 files=1 size=307.36MB
|  |     deterministic scan range assignment: true
|  |     schedule scan ranges oldest to newest: true
|  |     runtime filters: RF001[min_max] -> tpcds_partitioned_parquet_snap.customer_address.ca_county, RF003[min_max] -> tpcds_partitioned_parquet_snap.customer_address.ca_county
|  |     stored statistics:
|  |       table: rows=15.00M size=307.36MB
|  |       columns: all
|  |     extrapolated-rows=disabled max-scan-range-rows=1.58M
|  |     mem-estimate=16.00MB mem-reservation=128.00KB thread-reservation=0
|  |     tuple-ids=17 row-size=30B cardinality=15.00M cost=3879659
|  |     in pipelines: 20(GETNEXT)
|  |
|  21:HASH JOIN [INNER JOIN]
|  |  hash predicates: ws_sold_date_sk = d_date_sk
|  |  fk/pk conjuncts: ws_sold_date_sk = d_date_sk
|  |  runtime filters: RF024[bloom] <- d_date_sk
|  |  mem-estimate=1.94MB mem-reservation=1.94MB spill-buffer=64.00KB thread-reservation=0
|  |  tuple-ids=15,16 row-size=24B cardinality=220.26M cost=96407940
|  |  in pipelines: 18(GETNEXT), 19(OPEN)
|  |
|  |--49:TUPLE CACHE
|  |  |  cache key: c771e8849e4607a35989fdb3fe88b710
|  |  |  input scan node ids: 19
|  |  |  estimated serialized size: 2.91KB
|  |  |  estimated serialized size per node: 2.91KB
|  |  |  cumulative processing cost: 16728
|  |  |  cache read processing cost: 24
|  |  |  cache write processing cost: 8
|  |  |  mem-estimate=4.00MB mem-reservation=4.00MB spill-buffer=2.00MB thread-reservation=0
|  |  |  tuple-ids=16 row-size=12B cardinality=186 cost=0
|  |  |  in pipelines: 19(GETNEXT)
|  |  |
|  |  19:SCAN HDFS [tpcds_partitioned_parquet_snap.date_dim]
|  |     HDFS partitions=1/1 files=1 size=2.17MB
|  |     deterministic scan range assignment: true
|  |     schedule scan ranges oldest to newest: true
|  |     predicates: tpcds_partitioned_parquet_snap.date_dim.d_year = CAST(1998 AS INT), tpcds_partitioned_parquet_snap.date_dim.d_qoy = CAST(1 AS INT)
|  |     stored statistics:
|  |       table: rows=73.05K size=2.17MB
|  |       columns: all
|  |     extrapolated-rows=disabled max-scan-range-rows=73.05K
|  |     parquet statistics predicates: tpcds_partitioned_parquet_snap.date_dim.d_year = CAST(1998 AS INT), tpcds_partitioned_parquet_snap.date_dim.d_qoy = CAST(1 AS INT)
|  |     parquet dictionary predicates: tpcds_partitioned_parquet_snap.date_dim.d_year = CAST(1998 AS INT), tpcds_partitioned_parquet_snap.date_dim.d_qoy = CAST(1 AS INT)
|  |     mem-estimate=16.00MB mem-reservation=512.00KB thread-reservation=0
|  |     tuple-ids=16 row-size=12B cardinality=186 cost=16728
|  |     in pipelines: 19(GETNEXT)
|  |
|  18:SCAN HDFS [tpcds_partitioned_parquet_snap.web_sales]
|     HDFS partitions=1824/1824 files=1824 size=145.75GB
|     deterministic scan range assignment: true
|     schedule scan ranges oldest to newest: true
|     runtime filters: RF023[min_max] -> ws_bill_addr_sk, RF024[bloom] -> ws_sold_date_sk, RF022[bloom] -> ws_bill_addr_sk
|     stored statistics:
|       table: rows=2.16G size=145.75GB
|       partitions: 1824/1824 rows=2.16G
|       columns: all
|     extrapolated-rows=disabled max-scan-range-rows=3.37M est-scan-range=187(filtered from 1824)
|     mem-estimate=16.00MB mem-reservation=128.00KB thread-reservation=0
|     tuple-ids=15 row-size=12B cardinality=220.26M(filtered from 2.16G) cost=38060909
|     in pipelines: 18(GETNEXT)
|
37:HASH JOIN [INNER JOIN]
|  hash predicates: ca_county = ca_county
|  fk/pk conjuncts: none
|  runtime filters: RF007[min_max] <- ca_county
|  mem-estimate=1.94MB mem-reservation=1.94MB spill-buffer=64.00KB thread-reservation=0
|  tuple-ids=3,8,13 row-size=150B cardinality=15.00M cost=3574130
|  in pipelines: 05(GETNEXT), 17(OPEN)
|
|--48:TUPLE CACHE
|  |  cache key: 82fab89c043bca6843f35b7113f8b9fa
|  |  input scan node ids: 12,13,14
|  |  estimated serialized size: 96.17KB
|  |  estimated serialized size per node: 9.62KB
|  |  cumulative processing cost: 2108609146
|  |  cache read processing cost: 242
|  |  cache write processing cost: 265
|  |  mem-estimate=4.00MB mem-reservation=4.00MB spill-buffer=2.00MB thread-reservation=0
|  |  tuple-ids=13 row-size=50B cardinality=1.82K cost=0
|  |  in pipelines: 17(GETNEXT)
|  |
|  17:AGGREGATE [FINALIZE]
|  |  output: sum(ss_ext_sales_price)
|  |  group by: ca_county, d_qoy, d_year
|  |  mem-estimate=84.55MB mem-reservation=34.00MB spill-buffer=2.00MB thread-reservation=0
|  |  tuple-ids=13 row-size=50B cardinality=1.82K cost=1171379178
|  |  in pipelines: 17(GETNEXT), 12(OPEN)
|  |
|  16:HASH JOIN [INNER JOIN]
|  |  hash predicates: ss_addr_sk = ca_address_sk
|  |  fk/pk conjuncts: ss_addr_sk = ca_address_sk
|  |  runtime filters: RF018[bloom] <- ca_address_sk, RF019[min_max] <- ca_address_sk
|  |  mem-estimate=812.60MB mem-reservation=34.00MB spill-buffer=2.00MB thread-reservation=0
|  |  tuple-ids=10,11,12 row-size=54B cardinality=852.46M cost=395454799
|  |  in pipelines: 12(GETNEXT), 14(OPEN)
|  |
|  |--14:SCAN HDFS [tpcds_partitioned_parquet_snap.customer_address]
|  |     HDFS partitions=1/1 files=1 size=307.36MB
|  |     deterministic scan range assignment: true
|  |     schedule scan ranges oldest to newest: true
|  |     runtime filters: RF001[min_max] -> tpcds_partitioned_parquet_snap.customer_address.ca_county, RF003[min_max] -> tpcds_partitioned_parquet_snap.customer_address.ca_county, RF005[min_max] -> tpcds_partitioned_parquet_snap.customer_address.ca_county
|  |     stored statistics:
|  |       table: rows=15.00M size=307.36MB
|  |       columns: all
|  |     extrapolated-rows=disabled max-scan-range-rows=1.58M
|  |     mem-estimate=16.00MB mem-reservation=128.00KB thread-reservation=0
|  |     tuple-ids=12 row-size=30B cardinality=15.00M cost=3879659
|  |     in pipelines: 14(GETNEXT)
|  |
|  15:HASH JOIN [INNER JOIN]
|  |  hash predicates: ss_sold_date_sk = d_date_sk
|  |  fk/pk conjuncts: ss_sold_date_sk = d_date_sk
|  |  runtime filters: RF020[bloom] <- d_date_sk
|  |  mem-estimate=1.94MB mem-reservation=1.94MB spill-buffer=64.00KB thread-reservation=0
|  |  tuple-ids=10,11 row-size=24B cardinality=881.05M cost=385634030
|  |  in pipelines: 12(GETNEXT), 13(OPEN)
|  |
|  |--47:TUPLE CACHE
|  |  |  cache key: 3776d9cc82f535e93718d6c4521b6702
|  |  |  input scan node ids: 13
|  |  |  estimated serialized size: 2.91KB
|  |  |  estimated serialized size per node: 2.91KB
|  |  |  cumulative processing cost: 16728
|  |  |  cache read processing cost: 24
|  |  |  cache write processing cost: 8
|  |  |  mem-estimate=4.00MB mem-reservation=4.00MB spill-buffer=2.00MB thread-reservation=0
|  |  |  tuple-ids=11 row-size=12B cardinality=186 cost=0
|  |  |  in pipelines: 13(GETNEXT)
|  |  |
|  |  13:SCAN HDFS [tpcds_partitioned_parquet_snap.date_dim]
|  |     HDFS partitions=1/1 files=1 size=2.17MB
|  |     deterministic scan range assignment: true
|  |     schedule scan ranges oldest to newest: true
|  |     predicates: tpcds_partitioned_parquet_snap.date_dim.d_year = CAST(1998 AS INT), tpcds_partitioned_parquet_snap.date_dim.d_qoy = CAST(3 AS INT)
|  |     stored statistics:
|  |       table: rows=73.05K size=2.17MB
|  |       columns: all
|  |     extrapolated-rows=disabled max-scan-range-rows=73.05K
|  |     parquet statistics predicates: tpcds_partitioned_parquet_snap.date_dim.d_year = CAST(1998 AS INT), tpcds_partitioned_parquet_snap.date_dim.d_qoy = CAST(3 AS INT)
|  |     parquet dictionary predicates: tpcds_partitioned_parquet_snap.date_dim.d_year = CAST(1998 AS INT), tpcds_partitioned_parquet_snap.date_dim.d_qoy = CAST(3 AS INT)
|  |     mem-estimate=16.00MB mem-reservation=512.00KB thread-reservation=0
|  |     tuple-ids=11 row-size=12B cardinality=186 cost=16728
|  |     in pipelines: 13(GETNEXT)
|  |
|  12:SCAN HDFS [tpcds_partitioned_parquet_snap.store_sales]
|     HDFS partitions=1824/1824 files=1824 size=389.90GB
|     deterministic scan range assignment: true
|     schedule scan ranges oldest to newest: true
|     runtime filters: RF019[min_max] -> ss_addr_sk, RF020[bloom] -> ss_sold_date_sk, RF018[bloom] -> ss_addr_sk
|     stored statistics:
|       table: rows=8.64G size=389.90GB
|       partitions: 1824/1824 rows=8.64G
|       columns: all
|     extrapolated-rows=disabled max-scan-range-rows=390.22M est-scan-range=187(filtered from 1824)
|     mem-estimate=16.00MB mem-reservation=8.00MB thread-reservation=0
|     tuple-ids=10 row-size=12B cardinality=881.05M(filtered from 8.64G) cost=152244752
|     in pipelines: 12(GETNEXT)
|
46:TUPLE CACHE
|  cache key: 46532a05623442403e3e92934b9c6cb1
|  input scan node ids: 0,1,2,6,7,8
|  estimated serialized size: 342.80MB
|  estimated serialized size per node: 34.28MB
|  cumulative processing cost: 4217824094
|  cache read processing cost: 442640
|  cache write processing cost: 970515
|  mem-estimate=4.00MB mem-reservation=4.00MB spill-buffer=2.00MB thread-reservation=0
|  tuple-ids=3,8 row-size=100B cardinality=3.33M cost=0
|  in pipelines: 05(GETNEXT)
|
36:HASH JOIN [INNER JOIN]
|  hash predicates: ca_county = ca_county
|  fk/pk conjuncts: none
|  runtime filters: RF009[min_max] <- ca_county
|  mem-estimate=1.94MB mem-reservation=1.94MB spill-buffer=64.00KB thread-reservation=0
|  tuple-ids=3,8 row-size=100B cardinality=3.33M cost=605802
|  in pipelines: 05(GETNEXT), 11(OPEN)
|
|--45:TUPLE CACHE
|  |  cache key: 799cbf5dd44e5446b21c64df07eff0e9
|  |  input scan node ids: 6,7,8
|  |  estimated serialized size: 96.17KB
|  |  estimated serialized size per node: 9.62KB
|  |  cumulative processing cost: 2108609146
|  |  cache read processing cost: 242
|  |  cache write processing cost: 265
|  |  mem-estimate=4.00MB mem-reservation=4.00MB spill-buffer=2.00MB thread-reservation=0
|  |  tuple-ids=8 row-size=50B cardinality=1.82K cost=0
|  |  in pipelines: 11(GETNEXT)
|  |
|  11:AGGREGATE [FINALIZE]
|  |  output: sum(ss_ext_sales_price)
|  |  group by: ca_county, d_qoy, d_year
|  |  mem-estimate=84.55MB mem-reservation=34.00MB spill-buffer=2.00MB thread-reservation=0
|  |  tuple-ids=8 row-size=50B cardinality=1.82K cost=1171379178
|  |  in pipelines: 11(GETNEXT), 06(OPEN)
|  |
|  10:HASH JOIN [INNER JOIN]
|  |  hash predicates: ss_addr_sk = ca_address_sk
|  |  fk/pk conjuncts: ss_addr_sk = ca_address_sk
|  |  runtime filters: RF014[bloom] <- ca_address_sk, RF015[min_max] <- ca_address_sk
|  |  mem-estimate=812.60MB mem-reservation=34.00MB spill-buffer=2.00MB thread-reservation=0
|  |  tuple-ids=5,6,7 row-size=54B cardinality=852.46M cost=395454799
|  |  in pipelines: 06(GETNEXT), 08(OPEN)
|  |
|  |--08:SCAN HDFS [tpcds_partitioned_parquet_snap.customer_address]
|  |     HDFS partitions=1/1 files=1 size=307.36MB
|  |     deterministic scan range assignment: true
|  |     schedule scan ranges oldest to newest: true
|  |     runtime filters: RF001[min_max] -> tpcds_partitioned_parquet_snap.customer_address.ca_county, RF003[min_max] -> tpcds_partitioned_parquet_snap.customer_address.ca_county, RF005[min_max] -> tpcds_partitioned_parquet_snap.customer_address.ca_county, RF007[min_max] -> tpcds_partitioned_parquet_snap.customer_address.ca_county
|  |     stored statistics:
|  |       table: rows=15.00M size=307.36MB
|  |       columns: all
|  |     extrapolated-rows=disabled max-scan-range-rows=1.58M
|  |     mem-estimate=16.00MB mem-reservation=128.00KB thread-reservation=0
|  |     tuple-ids=7 row-size=30B cardinality=15.00M cost=3879659
|  |     in pipelines: 08(GETNEXT)
|  |
|  09:HASH JOIN [INNER JOIN]
|  |  hash predicates: ss_sold_date_sk = d_date_sk
|  |  fk/pk conjuncts: ss_sold_date_sk = d_date_sk
|  |  runtime filters: RF016[bloom] <- d_date_sk
|  |  mem-estimate=1.94MB mem-reservation=1.94MB spill-buffer=64.00KB thread-reservation=0
|  |  tuple-ids=5,6 row-size=24B cardinality=881.05M cost=385634030
|  |  in pipelines: 06(GETNEXT), 07(OPEN)
|  |
|  |--44:TUPLE CACHE
|  |  |  cache key: 4587678aa02e339099a7ef5cfb9a931a
|  |  |  input scan node ids: 7
|  |  |  estimated serialized size: 2.91KB
|  |  |  estimated serialized size per node: 2.91KB
|  |  |  cumulative processing cost: 16728
|  |  |  cache read processing cost: 24
|  |  |  cache write processing cost: 8
|  |  |  mem-estimate=4.00MB mem-reservation=4.00MB spill-buffer=2.00MB thread-reservation=0
|  |  |  tuple-ids=6 row-size=12B cardinality=186 cost=0
|  |  |  in pipelines: 07(GETNEXT)
|  |  |
|  |  07:SCAN HDFS [tpcds_partitioned_parquet_snap.date_dim]
|  |     HDFS partitions=1/1 files=1 size=2.17MB
|  |     deterministic scan range assignment: true
|  |     schedule scan ranges oldest to newest: true
|  |     predicates: tpcds_partitioned_parquet_snap.date_dim.d_year = CAST(1998 AS INT), tpcds_partitioned_parquet_snap.date_dim.d_qoy = CAST(2 AS INT)
|  |     stored statistics:
|  |       table: rows=73.05K size=2.17MB
|  |       columns: all
|  |     extrapolated-rows=disabled max-scan-range-rows=73.05K
|  |     parquet statistics predicates: tpcds_partitioned_parquet_snap.date_dim.d_year = CAST(1998 AS INT), tpcds_partitioned_parquet_snap.date_dim.d_qoy = CAST(2 AS INT)
|  |     parquet dictionary predicates: tpcds_partitioned_parquet_snap.date_dim.d_year = CAST(1998 AS INT), tpcds_partitioned_parquet_snap.date_dim.d_qoy = CAST(2 AS INT)
|  |     mem-estimate=16.00MB mem-reservation=512.00KB thread-reservation=0
|  |     tuple-ids=6 row-size=12B cardinality=186 cost=16728
|  |     in pipelines: 07(GETNEXT)
|  |
|  06:SCAN HDFS [tpcds_partitioned_parquet_snap.store_sales]
|     HDFS partitions=1824/1824 files=1824 size=389.90GB
|     deterministic scan range assignment: true
|     schedule scan ranges oldest to newest: true
|     runtime filters: RF015[min_max] -> ss_addr_sk, RF016[bloom] -> ss_sold_date_sk, RF014[bloom] -> ss_addr_sk
|     stored statistics:
|       table: rows=8.64G size=389.90GB
|       partitions: 1824/1824 rows=8.64G
|       columns: all
|     extrapolated-rows=disabled max-scan-range-rows=390.22M est-scan-range=187(filtered from 1824)
|     mem-estimate=16.00MB mem-reservation=8.00MB thread-reservation=0
|     tuple-ids=5 row-size=12B cardinality=881.05M(filtered from 8.64G) cost=152244752
|     in pipelines: 06(GETNEXT)
|
43:TUPLE CACHE
|  cache key: e6cd400d053c02b459125fb124963b12
|  input scan node ids: 0,1,2
|  estimated serialized size: 96.17KB
|  estimated serialized size per node: 9.62KB
|  cumulative processing cost: 2108609146
|  cache read processing cost: 242
|  cache write processing cost: 265
|  mem-estimate=4.00MB mem-reservation=4.00MB spill-buffer=2.00MB thread-reservation=0
|  tuple-ids=3 row-size=50B cardinality=1.82K cost=0
|  in pipelines: 05(GETNEXT)
|
05:AGGREGATE [FINALIZE]
|  output: sum(ss_ext_sales_price)
|  group by: ca_county, d_qoy, d_year
|  mem-estimate=84.55MB mem-reservation=34.00MB spill-buffer=2.00MB thread-reservation=0
|  tuple-ids=3 row-size=50B cardinality=1.82K cost=1171379178
|  in pipelines: 05(GETNEXT), 00(OPEN)
|
04:HASH JOIN [INNER JOIN]
|  hash predicates: ss_addr_sk = ca_address_sk
|  fk/pk conjuncts: ss_addr_sk = ca_address_sk
|  runtime filters: RF010[bloom] <- ca_address_sk, RF011[min_max] <- ca_address_sk
|  mem-estimate=812.60MB mem-reservation=34.00MB spill-buffer=2.00MB thread-reservation=0
|  tuple-ids=0,1,2 row-size=54B cardinality=852.46M cost=395454799
|  in pipelines: 00(GETNEXT), 02(OPEN)
|
|--02:SCAN HDFS [tpcds_partitioned_parquet_snap.customer_address]
|     HDFS partitions=1/1 files=1 size=307.36MB
|     deterministic scan range assignment: true
|     schedule scan ranges oldest to newest: true
|     runtime filters: RF001[min_max] -> tpcds_partitioned_parquet_snap.customer_address.ca_county, RF003[min_max] -> tpcds_partitioned_parquet_snap.customer_address.ca_county, RF005[min_max] -> tpcds_partitioned_parquet_snap.customer_address.ca_county, RF007[min_max] -> tpcds_partitioned_parquet_snap.customer_address.ca_county, RF009[min_max] -> tpcds_partitioned_parquet_snap.customer_address.ca_county
|     stored statistics:
|       table: rows=15.00M size=307.36MB
|       columns: all
|     extrapolated-rows=disabled max-scan-range-rows=1.58M
|     mem-estimate=16.00MB mem-reservation=128.00KB thread-reservation=0
|     tuple-ids=2 row-size=30B cardinality=15.00M cost=3879659
|     in pipelines: 02(GETNEXT)
|
03:HASH JOIN [INNER JOIN]
|  hash predicates: ss_sold_date_sk = d_date_sk
|  fk/pk conjuncts: ss_sold_date_sk = d_date_sk
|  runtime filters: RF012[bloom] <- d_date_sk
|  mem-estimate=1.94MB mem-reservation=1.94MB spill-buffer=64.00KB thread-reservation=0
|  tuple-ids=0,1 row-size=24B cardinality=881.05M cost=385634030
|  in pipelines: 00(GETNEXT), 01(OPEN)
|
|--42:TUPLE CACHE
|  |  cache key: c771e8849e4607a35989fdb3fe88b710
|  |  input scan node ids: 1
|  |  estimated serialized size: 2.91KB
|  |  estimated serialized size per node: 2.91KB
|  |  cumulative processing cost: 16728
|  |  cache read processing cost: 24
|  |  cache write processing cost: 8
|  |  mem-estimate=4.00MB mem-reservation=4.00MB spill-buffer=2.00MB thread-reservation=0
|  |  tuple-ids=1 row-size=12B cardinality=186 cost=0
|  |  in pipelines: 01(GETNEXT)
|  |
|  01:SCAN HDFS [tpcds_partitioned_parquet_snap.date_dim]
|     HDFS partitions=1/1 files=1 size=2.17MB
|     deterministic scan range assignment: true
|     schedule scan ranges oldest to newest: true
|     predicates: tpcds_partitioned_parquet_snap.date_dim.d_year = CAST(1998 AS INT), tpcds_partitioned_parquet_snap.date_dim.d_qoy = CAST(1 AS INT)
|     stored statistics:
|       table: rows=73.05K size=2.17MB
|       columns: all
|     extrapolated-rows=disabled max-scan-range-rows=73.05K
|     parquet statistics predicates: tpcds_partitioned_parquet_snap.date_dim.d_year = CAST(1998 AS INT), tpcds_partitioned_parquet_snap.date_dim.d_qoy = CAST(1 AS INT)
|     parquet dictionary predicates: tpcds_partitioned_parquet_snap.date_dim.d_year = CAST(1998 AS INT), tpcds_partitioned_parquet_snap.date_dim.d_qoy = CAST(1 AS INT)
|     mem-estimate=16.00MB mem-reservation=512.00KB thread-reservation=0
|     tuple-ids=1 row-size=12B cardinality=186 cost=16728
|     in pipelines: 01(GETNEXT)
|
00:SCAN HDFS [tpcds_partitioned_parquet_snap.store_sales]
   HDFS partitions=1824/1824 files=1824 size=389.90GB
   deterministic scan range assignment: true
   schedule scan ranges oldest to newest: true
   runtime filters: RF011[min_max] -> ss_addr_sk, RF012[bloom] -> ss_sold_date_sk, RF010[bloom] -> ss_addr_sk
   stored statistics:
     table: rows=8.64G size=389.90GB
     partitions: 1824/1824 rows=8.64G
     columns: all
   extrapolated-rows=disabled max-scan-range-rows=390.22M est-scan-range=187(filtered from 1824)
   mem-estimate=16.00MB mem-reservation=8.00MB thread-reservation=0
   tuple-ids=0 row-size=12B cardinality=881.05M(filtered from 8.64G) cost=152244752
   in pipelines: 00(GETNEXT)
---- DISTRIBUTEDPLAN
Max Per-Host Resource Reservation: Memory=4.07GB Threads=130
Per-Host Resource Estimates: Memory=9.76GB
F28:PLAN FRAGMENT [UNPARTITIONED] hosts=1 instances=1
|  Per-Instance Resources: mem-estimate=282.73MB mem-reservation=4.00MB thread-reservation=1
|  max-parallelism=1 segment-costs=[97572341] cpu-comparison-result=750 [max(1 (self) vs 750 (sum children))]
PLAN-ROOT SINK
|  output exprs: ca_county, d_year, web_sales / web_sales, store_sales / store_sales, web_sales / web_sales, store_sales / store_sales
|  mem-estimate=100.00MB mem-reservation=4.00MB spill-buffer=2.00MB thread-reservation=0 cost=90000000
|
75:MERGING-EXCHANGE [UNPARTITIONED]
|  order by: ca_county ASC
|  mem-estimate=182.73MB mem-reservation=0B thread-reservation=0
|  tuple-ids=30 row-size=126B cardinality=15.00M cost=7572341
|  in pipelines: 41(GETNEXT)
|
F08:PLAN FRAGMENT [HASH(ca_county)] hosts=10 instances=20 (adjusted from 120)
Per-Instance Resources: mem-estimate=90.63MB mem-reservation=12.00MB thread-reservation=1
max-parallelism=20 segment-costs=[112169708, 54217325] cpu-comparison-result=750 [max(20 (self) vs 750 (sum children))]
41:SORT
|  order by: ca_county ASC
|  mem-estimate=90.09MB mem-reservation=12.00MB spill-buffer=2.00MB thread-reservation=0
|  tuple-ids=30 row-size=126B cardinality=15.00M cost=88296304
|  in pipelines: 41(GETNEXT), 45(OPEN)
|
40:HASH JOIN [INNER JOIN, PARTITIONED]
|  hash-table-id=00
|  hash predicates: ca_county = ca_county
|  fk/pk conjuncts: none
|  other predicates: CASE WHEN sum(ws_ext_sales_price) > CAST(0 AS DECIMAL(3,0)) THEN sum(ws_ext_sales_price) / sum(ws_ext_sales_price) ELSE NULL END > CASE WHEN sum(ss_ext_sales_price) > CAST(0 AS DECIMAL(3,0)) THEN sum(ss_ext_sales_price) / sum(ss_ext_sales_price) ELSE NULL END
|  mem-estimate=0B mem-reservation=0B spill-buffer=64.00KB thread-reservation=0
|  tuple-ids=3,8,13,18,23,28 row-size=300B cardinality=15.00M cost=6565500
|  in pipelines: 45(GETNEXT), 73(OPEN)
|
|--F29:PLAN FRAGMENT [HASH(ca_county)] hosts=10 instances=20 (adjusted from 120)
|  |  Per-Instance Resources: mem-estimate=2.47MB mem-reservation=1.94MB thread-reservation=1
|  |  max-parallelism=20 segment-costs=[2447] cpu-comparison-result=130 [max(20 (self) vs 130 (sum children))]
|  JOIN BUILD
|  |  join-table-id=00 plan-id=01 cohort-id=01
|  |  build expressions: ca_county
|  |  runtime filters: RF001[min_max] <- ca_county
|  |  mem-estimate=1.94MB mem-reservation=1.94MB spill-buffer=64.00KB thread-reservation=0 cost=1825
|  |
|  74:EXCHANGE [HASH(ca_county)]
|  |  mem-estimate=548.52KB mem-reservation=0B thread-reservation=0
|  |  tuple-ids=28 row-size=50B cardinality=1.82K cost=622
|  |  in pipelines: 73(GETNEXT)
|  |
|  F27:PLAN FRAGMENT [HASH(ca_county,d_qoy,d_year)] hosts=10 instances=10 (adjusted from 120)
|  Per-Instance Resources: mem-estimate=14.22MB mem-reservation=2.88MB thread-reservation=1
|  max-parallelism=10 segment-costs=[383853, 6812] cpu-comparison-result=130 [max(10 (self) vs 130 (sum children))]
|  73:AGGREGATE [FINALIZE]
|  |  output: sum:merge(ws_ext_sales_price)
|  |  group by: ca_county, d_qoy, d_year
|  |  mem-estimate=10.00MB mem-reservation=2.88MB spill-buffer=128.00KB thread-reservation=0
|  |  tuple-ids=28 row-size=50B cardinality=1.82K cost=309192
|  |  in pipelines: 73(GETNEXT), 30(OPEN)
|  |
|  72:EXCHANGE [HASH(ca_county,d_qoy,d_year)]
|  |  mem-estimate=3.68MB mem-reservation=0B thread-reservation=0
|  |  tuple-ids=28 row-size=50B cardinality=219.00K cost=74661
|  |  in pipelines: 30(GETNEXT)
|  |
|  F26:PLAN FRAGMENT [HASH(ws_bill_addr_sk)] hosts=10 instances=50 (adjusted from 120)
|  Per-Instance Resources: mem-estimate=99.16MB mem-reservation=34.00MB thread-reservation=1
|  max-parallelism=50 segment-costs=[445838457, 817464] cpu-comparison-result=130 [max(130 (self) vs 71 (sum children))]
|  35:AGGREGATE [STREAMING]
|  |  output: sum(ws_ext_sales_price)
|  |  group by: ca_county, d_qoy, d_year
|  |  mem-estimate=84.55MB mem-reservation=34.00MB spill-buffer=2.00MB thread-reservation=0
|  |  tuple-ids=28 row-size=50B cardinality=219.00K cost=293832325
|  |  in pipelines: 30(GETNEXT)
|  |
|  34:HASH JOIN [INNER JOIN, PARTITIONED]
|  |  hash-table-id=01
|  |  hash predicates: ws_bill_addr_sk = ca_address_sk
|  |  fk/pk conjuncts: ws_bill_addr_sk = ca_address_sk
|  |  mem-estimate=0B mem-reservation=0B spill-buffer=2.00MB thread-reservation=0
|  |  tuple-ids=25,26,27 row-size=54B cardinality=213.11M cost=95113002
|  |  in pipelines: 30(GETNEXT), 32(OPEN)
|  |
|  |--F30:PLAN FRAGMENT [HASH(ws_bill_addr_sk)] hosts=10 instances=50 (adjusted from 120)
|  |  |  Per-Instance Resources: mem-estimate=44.33MB mem-reservation=34.00MB thread-reservation=1
|  |  |  max-parallelism=50 segment-costs=[18733835]
|  |  JOIN BUILD
|  |  |  join-table-id=01 plan-id=02 cohort-id=02
|  |  |  build expressions: ca_address_sk
|  |  |  runtime filters: RF031[min_max] <- ca_address_sk
|  |  |  mem-estimate=34.00MB mem-reservation=34.00MB spill-buffer=2.00MB thread-reservation=0 cost=15000000
|  |  |
|  |  71:EXCHANGE [HASH(ca_address_sk)]
|  |  |  mem-estimate=10.33MB mem-reservation=0B thread-reservation=0
|  |  |  tuple-ids=27 row-size=30B cardinality=15.00M cost=3733835
|  |  |  in pipelines: 32(GETNEXT)
|  |  |
|  |  F25:PLAN FRAGMENT [RANDOM] hosts=10 instances=10
|  |  Per-Instance Resources: mem-estimate=22.63MB mem-reservation=128.00KB thread-reservation=1
|  |  max-parallelism=10 segment-costs=[40550357]
|  |  32:SCAN HDFS [tpcds_partitioned_parquet_snap.customer_address, RANDOM]
|  |     HDFS partitions=1/1 files=1 size=307.36MB
|  |     stored statistics:
|  |       table: rows=15.00M size=307.36MB
|  |       columns: all
|  |     extrapolated-rows=disabled max-scan-range-rows=1.58M
|  |     mem-estimate=16.00MB mem-reservation=128.00KB thread-reservation=0
|  |     tuple-ids=27 row-size=30B cardinality=15.00M cost=3879659
|  |     in pipelines: 32(GETNEXT)
|  |
|  70:EXCHANGE [HASH(ws_bill_addr_sk)]
|  |  mem-estimate=12.50MB mem-reservation=0B thread-reservation=0
|  |  tuple-ids=25,26 row-size=24B cardinality=220.26M cost=56893130
|  |  in pipelines: 30(GETNEXT)
|  |
|  F23:PLAN FRAGMENT [RANDOM] hosts=10 instances=80 (adjusted from 120)
|  Per-Host Shared Resources: mem-estimate=1.00MB mem-reservation=1.00MB thread-reservation=0 runtime-filters-memory=1.00MB
|  Per-Instance Resources: mem-estimate=22.25MB mem-reservation=128.00KB thread-reservation=1
|  max-parallelism=80 segment-costs=[701858144]
|  33:HASH JOIN [INNER JOIN, BROADCAST]
|  |  hash-table-id=02
|  |  hash predicates: ws_sold_date_sk = d_date_sk
|  |  fk/pk conjuncts: ws_sold_date_sk = d_date_sk
|  |  mem-estimate=0B mem-reservation=0B spill-buffer=64.00KB thread-reservation=0
|  |  tuple-ids=25,26 row-size=24B cardinality=220.26M cost=96407754
|  |  in pipelines: 30(GETNEXT), 31(OPEN)
|  |
|  |--F31:PLAN FRAGMENT [RANDOM] hosts=10 instances=10
|  |  |  Per-Instance Resources: mem-estimate=16.52MB mem-reservation=16.50MB thread-reservation=1 runtime-filters-memory=1.00MB
|  |  |  max-parallelism=10 segment-costs=[426]
|  |  JOIN BUILD
|  |  |  join-table-id=02 plan-id=03 cohort-id=02
|  |  |  build expressions: d_date_sk
|  |  |  runtime filters: RF032[bloom] <- d_date_sk
|  |  |  mem-estimate=15.50MB mem-reservation=15.50MB spill-buffer=64.00KB thread-reservation=0 cost=186
|  |  |
|  |  69:EXCHANGE [BROADCAST]
|  |  |  mem-estimate=16.00KB mem-reservation=0B thread-reservation=0
|  |  |  tuple-ids=26 row-size=12B cardinality=186 cost=240
|  |  |  in pipelines: 31(GETNEXT)
|  |  |
|  |  F24:PLAN FRAGMENT [RANDOM] hosts=1 instances=1
|  |  Per-Instance Resources: mem-estimate=20.06MB mem-reservation=4.50MB thread-reservation=1
|  |  max-parallelism=1 segment-costs=[16738]
|  |  81:TUPLE CACHE
|  |  |  cache key: 3776d9cc82f535e93718d6c4521b6702
|  |  |  input scan node ids: 31
|  |  |  estimated serialized size: 2.91KB
|  |  |  estimated serialized size per node: 2.91KB
|  |  |  cumulative processing cost: 16728
|  |  |  cache read processing cost: 24
|  |  |  cache write processing cost: 8
|  |  |  mem-estimate=4.00MB mem-reservation=4.00MB spill-buffer=2.00MB thread-reservation=0
|  |  |  tuple-ids=26 row-size=12B cardinality=186 cost=0
|  |  |  in pipelines: 31(GETNEXT)
|  |  |
|  |  31:SCAN HDFS [tpcds_partitioned_parquet_snap.date_dim, RANDOM]
|  |     HDFS partitions=1/1 files=1 size=2.17MB
|  |     deterministic scan range assignment: true
|  |     schedule scan ranges oldest to newest: true
|  |     predicates: tpcds_partitioned_parquet_snap.date_dim.d_year = CAST(1998 AS INT), tpcds_partitioned_parquet_snap.date_dim.d_qoy = CAST(3 AS INT)
|  |     stored statistics:
|  |       table: rows=73.05K size=2.17MB
|  |       columns: all
|  |     extrapolated-rows=disabled max-scan-range-rows=73.05K
|  |     parquet statistics predicates: tpcds_partitioned_parquet_snap.date_dim.d_year = CAST(1998 AS INT), tpcds_partitioned_parquet_snap.date_dim.d_qoy = CAST(3 AS INT)
|  |     parquet dictionary predicates: tpcds_partitioned_parquet_snap.date_dim.d_year = CAST(1998 AS INT), tpcds_partitioned_parquet_snap.date_dim.d_qoy = CAST(3 AS INT)
|  |     mem-estimate=16.00MB mem-reservation=512.00KB thread-reservation=0
|  |     tuple-ids=26 row-size=12B cardinality=186 cost=16728
|  |     in pipelines: 31(GETNEXT)
|  |
|  30:SCAN HDFS [tpcds_partitioned_parquet_snap.web_sales, RANDOM]
|     HDFS partitions=1824/1824 files=1824 size=145.75GB
|     runtime filters: RF031[min_max] -> ws_bill_addr_sk, RF032[bloom] -> ws_sold_date_sk
|     stored statistics:
|       table: rows=2.16G size=145.75GB
|       partitions: 1824/1824 rows=2.16G
|       columns: all
|     extrapolated-rows=disabled max-scan-range-rows=3.37M est-scan-range=187(filtered from 1824)
|     mem-estimate=16.00MB mem-reservation=128.00KB thread-reservation=0
|     tuple-ids=25 row-size=12B cardinality=220.26M(filtered from 2.16G) cost=38060909
|     in pipelines: 30(GETNEXT)
|
39:HASH JOIN [INNER JOIN, PARTITIONED]
|  hash-table-id=03
|  hash predicates: ca_county = ca_county
|  fk/pk conjuncts: none
|  other predicates: CASE WHEN sum(ws_ext_sales_price) > CAST(0 AS DECIMAL(3,0)) THEN sum(ws_ext_sales_price) / sum(ws_ext_sales_price) ELSE NULL END > CASE WHEN sum(ss_ext_sales_price) > CAST(0 AS DECIMAL(3,0)) THEN sum(ss_ext_sales_price) / sum(ss_ext_sales_price) ELSE NULL END
|  mem-estimate=0B mem-reservation=0B spill-buffer=64.00KB thread-reservation=0
|  tuple-ids=3,8,13,18,23 row-size=250B cardinality=15.00M cost=6565500
|  in pipelines: 45(GETNEXT), 67(OPEN)
|
|--F32:PLAN FRAGMENT [HASH(ca_county)] hosts=10 instances=20 (adjusted from 120)
|  |  Per-Instance Resources: mem-estimate=2.47MB mem-reservation=1.94MB thread-reservation=1
|  |  max-parallelism=20 segment-costs=[2447] cpu-comparison-result=130 [max(20 (self) vs 130 (sum children))]
|  JOIN BUILD
|  |  join-table-id=03 plan-id=04 cohort-id=01
|  |  build expressions: ca_county
|  |  runtime filters: RF003[min_max] <- ca_county
|  |  mem-estimate=1.94MB mem-reservation=1.94MB spill-buffer=64.00KB thread-reservation=0 cost=1825
|  |
|  68:EXCHANGE [HASH(ca_county)]
|  |  mem-estimate=548.52KB mem-reservation=0B thread-reservation=0
|  |  tuple-ids=23 row-size=50B cardinality=1.82K cost=622
|  |  in pipelines: 67(GETNEXT)
|  |
|  F22:PLAN FRAGMENT [HASH(ca_county,d_qoy,d_year)] hosts=10 instances=10 (adjusted from 120)
|  Per-Instance Resources: mem-estimate=14.22MB mem-reservation=2.88MB thread-reservation=1
|  max-parallelism=10 segment-costs=[383853, 6812] cpu-comparison-result=130 [max(10 (self) vs 130 (sum children))]
|  67:AGGREGATE [FINALIZE]
|  |  output: sum:merge(ws_ext_sales_price)
|  |  group by: ca_county, d_qoy, d_year
|  |  mem-estimate=10.00MB mem-reservation=2.88MB spill-buffer=128.00KB thread-reservation=0
|  |  tuple-ids=23 row-size=50B cardinality=1.82K cost=309192
|  |  in pipelines: 67(GETNEXT), 24(OPEN)
|  |
|  66:EXCHANGE [HASH(ca_county,d_qoy,d_year)]
|  |  mem-estimate=3.68MB mem-reservation=0B thread-reservation=0
|  |  tuple-ids=23 row-size=50B cardinality=219.00K cost=74661
|  |  in pipelines: 24(GETNEXT)
|  |
|  F21:PLAN FRAGMENT [HASH(ws_bill_addr_sk)] hosts=10 instances=50 (adjusted from 120)
|  Per-Instance Resources: mem-estimate=99.16MB mem-reservation=34.00MB thread-reservation=1
|  max-parallelism=50 segment-costs=[445838457, 817464] cpu-comparison-result=130 [max(130 (self) vs 71 (sum children))]
|  29:AGGREGATE [STREAMING]
|  |  output: sum(ws_ext_sales_price)
|  |  group by: ca_county, d_qoy, d_year
|  |  mem-estimate=84.55MB mem-reservation=34.00MB spill-buffer=2.00MB thread-reservation=0
|  |  tuple-ids=23 row-size=50B cardinality=219.00K cost=293832325
|  |  in pipelines: 24(GETNEXT)
|  |
|  28:HASH JOIN [INNER JOIN, PARTITIONED]
|  |  hash-table-id=04
|  |  hash predicates: ws_bill_addr_sk = ca_address_sk
|  |  fk/pk conjuncts: ws_bill_addr_sk = ca_address_sk
|  |  mem-estimate=0B mem-reservation=0B spill-buffer=2.00MB thread-reservation=0
|  |  tuple-ids=20,21,22 row-size=54B cardinality=213.11M cost=95113002
|  |  in pipelines: 24(GETNEXT), 26(OPEN)
|  |
|  |--F33:PLAN FRAGMENT [HASH(ws_bill_addr_sk)] hosts=10 instances=50 (adjusted from 120)
|  |  |  Per-Instance Resources: mem-estimate=44.33MB mem-reservation=34.00MB thread-reservation=1
|  |  |  max-parallelism=50 segment-costs=[18733835]
|  |  JOIN BUILD
|  |  |  join-table-id=04 plan-id=05 cohort-id=03
|  |  |  build expressions: ca_address_sk
|  |  |  runtime filters: RF027[min_max] <- ca_address_sk
|  |  |  mem-estimate=34.00MB mem-reservation=34.00MB spill-buffer=2.00MB thread-reservation=0 cost=15000000
|  |  |
|  |  65:EXCHANGE [HASH(ca_address_sk)]
|  |  |  mem-estimate=10.33MB mem-reservation=0B thread-reservation=0
|  |  |  tuple-ids=22 row-size=30B cardinality=15.00M cost=3733835
|  |  |  in pipelines: 26(GETNEXT)
|  |  |
|  |  F20:PLAN FRAGMENT [RANDOM] hosts=10 instances=10
|  |  Per-Instance Resources: mem-estimate=22.63MB mem-reservation=128.00KB thread-reservation=1
|  |  max-parallelism=10 segment-costs=[40550357]
|  |  26:SCAN HDFS [tpcds_partitioned_parquet_snap.customer_address, RANDOM]
|  |     HDFS partitions=1/1 files=1 size=307.36MB
|  |     runtime filters: RF001[min_max] -> tpcds_partitioned_parquet_snap.customer_address.ca_county
|  |     stored statistics:
|  |       table: rows=15.00M size=307.36MB
|  |       columns: all
|  |     extrapolated-rows=disabled max-scan-range-rows=1.58M
|  |     mem-estimate=16.00MB mem-reservation=128.00KB thread-reservation=0
|  |     tuple-ids=22 row-size=30B cardinality=15.00M cost=3879659
|  |     in pipelines: 26(GETNEXT)
|  |
|  64:EXCHANGE [HASH(ws_bill_addr_sk)]
|  |  mem-estimate=12.50MB mem-reservation=0B thread-reservation=0
|  |  tuple-ids=20,21 row-size=24B cardinality=220.26M cost=56893130
|  |  in pipelines: 24(GETNEXT)
|  |
|  F18:PLAN FRAGMENT [RANDOM] hosts=10 instances=80 (adjusted from 120)
|  Per-Host Shared Resources: mem-estimate=1.00MB mem-reservation=1.00MB thread-reservation=0 runtime-filters-memory=1.00MB
|  Per-Instance Resources: mem-estimate=22.25MB mem-reservation=128.00KB thread-reservation=1
|  max-parallelism=80 segment-costs=[701858144]
|  27:HASH JOIN [INNER JOIN, BROADCAST]
|  |  hash-table-id=05
|  |  hash predicates: ws_sold_date_sk = d_date_sk
|  |  fk/pk conjuncts: ws_sold_date_sk = d_date_sk
|  |  mem-estimate=0B mem-reservation=0B spill-buffer=64.00KB thread-reservation=0
|  |  tuple-ids=20,21 row-size=24B cardinality=220.26M cost=96407754
|  |  in pipelines: 24(GETNEXT), 25(OPEN)
|  |
|  |--F34:PLAN FRAGMENT [RANDOM] hosts=10 instances=10
|  |  |  Per-Instance Resources: mem-estimate=16.52MB mem-reservation=16.50MB thread-reservation=1 runtime-filters-memory=1.00MB
|  |  |  max-parallelism=10 segment-costs=[426]
|  |  JOIN BUILD
|  |  |  join-table-id=05 plan-id=06 cohort-id=03
|  |  |  build expressions: d_date_sk
|  |  |  runtime filters: RF028[bloom] <- d_date_sk
|  |  |  mem-estimate=15.50MB mem-reservation=15.50MB spill-buffer=64.00KB thread-reservation=0 cost=186
|  |  |
|  |  63:EXCHANGE [BROADCAST]
|  |  |  mem-estimate=16.00KB mem-reservation=0B thread-reservation=0
|  |  |  tuple-ids=21 row-size=12B cardinality=186 cost=240
|  |  |  in pipelines: 25(GETNEXT)
|  |  |
|  |  F19:PLAN FRAGMENT [RANDOM] hosts=1 instances=1
|  |  Per-Instance Resources: mem-estimate=20.06MB mem-reservation=4.50MB thread-reservation=1
|  |  max-parallelism=1 segment-costs=[16738]
|  |  80:TUPLE CACHE
|  |  |  cache key: 4587678aa02e339099a7ef5cfb9a931a
|  |  |  input scan node ids: 25
|  |  |  estimated serialized size: 2.91KB
|  |  |  estimated serialized size per node: 2.91KB
|  |  |  cumulative processing cost: 16728
|  |  |  cache read processing cost: 24
|  |  |  cache write processing cost: 8
|  |  |  mem-estimate=4.00MB mem-reservation=4.00MB spill-buffer=2.00MB thread-reservation=0
|  |  |  tuple-ids=21 row-size=12B cardinality=186 cost=0
|  |  |  in pipelines: 25(GETNEXT)
|  |  |
|  |  25:SCAN HDFS [tpcds_partitioned_parquet_snap.date_dim, RANDOM]
|  |     HDFS partitions=1/1 files=1 size=2.17MB
|  |     deterministic scan range assignment: true
|  |     schedule scan ranges oldest to newest: true
|  |     predicates: tpcds_partitioned_parquet_snap.date_dim.d_year = CAST(1998 AS INT), tpcds_partitioned_parquet_snap.date_dim.d_qoy = CAST(2 AS INT)
|  |     stored statistics:
|  |       table: rows=73.05K size=2.17MB
|  |       columns: all
|  |     extrapolated-rows=disabled max-scan-range-rows=73.05K
|  |     parquet statistics predicates: tpcds_partitioned_parquet_snap.date_dim.d_year = CAST(1998 AS INT), tpcds_partitioned_parquet_snap.date_dim.d_qoy = CAST(2 AS INT)
|  |     parquet dictionary predicates: tpcds_partitioned_parquet_snap.date_dim.d_year = CAST(1998 AS INT), tpcds_partitioned_parquet_snap.date_dim.d_qoy = CAST(2 AS INT)
|  |     mem-estimate=16.00MB mem-reservation=512.00KB thread-reservation=0
|  |     tuple-ids=21 row-size=12B cardinality=186 cost=16728
|  |     in pipelines: 25(GETNEXT)
|  |
|  24:SCAN HDFS [tpcds_partitioned_parquet_snap.web_sales, RANDOM]
|     HDFS partitions=1824/1824 files=1824 size=145.75GB
|     runtime filters: RF027[min_max] -> ws_bill_addr_sk, RF028[bloom] -> ws_sold_date_sk
|     stored statistics:
|       table: rows=2.16G size=145.75GB
|       partitions: 1824/1824 rows=2.16G
|       columns: all
|     extrapolated-rows=disabled max-scan-range-rows=3.37M est-scan-range=187(filtered from 1824)
|     mem-estimate=16.00MB mem-reservation=128.00KB thread-reservation=0
|     tuple-ids=20 row-size=12B cardinality=220.26M(filtered from 2.16G) cost=38060909
|     in pipelines: 24(GETNEXT)
|
38:HASH JOIN [INNER JOIN, PARTITIONED]
|  hash-table-id=06
|  hash predicates: ca_county = ca_county
|  fk/pk conjuncts: none
|  mem-estimate=0B mem-reservation=0B spill-buffer=64.00KB thread-reservation=0
|  tuple-ids=3,8,13,18 row-size=200B cardinality=15.00M cost=6565500
|  in pipelines: 45(GETNEXT), 61(OPEN)
|
|--F35:PLAN FRAGMENT [HASH(ca_county)] hosts=10 instances=20 (adjusted from 120)
|  |  Per-Instance Resources: mem-estimate=2.47MB mem-reservation=1.94MB thread-reservation=1
|  |  max-parallelism=20 segment-costs=[2447] cpu-comparison-result=130 [max(20 (self) vs 130 (sum children))]
|  JOIN BUILD
|  |  join-table-id=06 plan-id=07 cohort-id=01
|  |  build expressions: ca_county
|  |  runtime filters: RF005[min_max] <- ca_county
|  |  mem-estimate=1.94MB mem-reservation=1.94MB spill-buffer=64.00KB thread-reservation=0 cost=1825
|  |
|  62:EXCHANGE [HASH(ca_county)]
|  |  mem-estimate=548.52KB mem-reservation=0B thread-reservation=0
|  |  tuple-ids=18 row-size=50B cardinality=1.82K cost=622
|  |  in pipelines: 61(GETNEXT)
|  |
|  F17:PLAN FRAGMENT [HASH(ca_county,d_qoy,d_year)] hosts=10 instances=10 (adjusted from 120)
|  Per-Instance Resources: mem-estimate=14.22MB mem-reservation=2.88MB thread-reservation=1
|  max-parallelism=10 segment-costs=[383853, 6812] cpu-comparison-result=130 [max(10 (self) vs 130 (sum children))]
|  61:AGGREGATE [FINALIZE]
|  |  output: sum:merge(ws_ext_sales_price)
|  |  group by: ca_county, d_qoy, d_year
|  |  mem-estimate=10.00MB mem-reservation=2.88MB spill-buffer=128.00KB thread-reservation=0
|  |  tuple-ids=18 row-size=50B cardinality=1.82K cost=309192
|  |  in pipelines: 61(GETNEXT), 18(OPEN)
|  |
|  60:EXCHANGE [HASH(ca_county,d_qoy,d_year)]
|  |  mem-estimate=3.68MB mem-reservation=0B thread-reservation=0
|  |  tuple-ids=18 row-size=50B cardinality=219.00K cost=74661
|  |  in pipelines: 18(GETNEXT)
|  |
|  F16:PLAN FRAGMENT [HASH(ws_bill_addr_sk)] hosts=10 instances=50 (adjusted from 120)
|  Per-Instance Resources: mem-estimate=99.16MB mem-reservation=34.00MB thread-reservation=1
|  max-parallelism=50 segment-costs=[445838457, 817464] cpu-comparison-result=130 [max(130 (self) vs 71 (sum children))]
|  23:AGGREGATE [STREAMING]
|  |  output: sum(ws_ext_sales_price)
|  |  group by: ca_county, d_qoy, d_year
|  |  mem-estimate=84.55MB mem-reservation=34.00MB spill-buffer=2.00MB thread-reservation=0
|  |  tuple-ids=18 row-size=50B cardinality=219.00K cost=293832325
|  |  in pipelines: 18(GETNEXT)
|  |
|  22:HASH JOIN [INNER JOIN, PARTITIONED]
|  |  hash-table-id=07
|  |  hash predicates: ws_bill_addr_sk = ca_address_sk
|  |  fk/pk conjuncts: ws_bill_addr_sk = ca_address_sk
|  |  mem-estimate=0B mem-reservation=0B spill-buffer=2.00MB thread-reservation=0
|  |  tuple-ids=15,16,17 row-size=54B cardinality=213.11M cost=95113002
|  |  in pipelines: 18(GETNEXT), 20(OPEN)
|  |
|  |--F36:PLAN FRAGMENT [HASH(ws_bill_addr_sk)] hosts=10 instances=50 (adjusted from 120)
|  |  |  Per-Instance Resources: mem-estimate=60.33MB mem-reservation=50.00MB thread-reservation=1 runtime-filters-memory=16.00MB
|  |  |  max-parallelism=50 segment-costs=[18733835]
|  |  JOIN BUILD
|  |  |  join-table-id=07 plan-id=08 cohort-id=04
|  |  |  build expressions: ca_address_sk
|  |  |  runtime filters: RF022[bloom] <- ca_address_sk, RF023[min_max] <- ca_address_sk
|  |  |  mem-estimate=34.00MB mem-reservation=34.00MB spill-buffer=2.00MB thread-reservation=0 cost=15000000
|  |  |
|  |  59:EXCHANGE [HASH(ca_address_sk)]
|  |  |  mem-estimate=10.33MB mem-reservation=0B thread-reservation=0
|  |  |  tuple-ids=17 row-size=30B cardinality=15.00M cost=3733835
|  |  |  in pipelines: 20(GETNEXT)
|  |  |
|  |  F15:PLAN FRAGMENT [RANDOM] hosts=10 instances=10
|  |  Per-Instance Resources: mem-estimate=22.63MB mem-reservation=128.00KB thread-reservation=1
|  |  max-parallelism=10 segment-costs=[40550357]
|  |  20:SCAN HDFS [tpcds_partitioned_parquet_snap.customer_address, RANDOM]
|  |     HDFS partitions=1/1 files=1 size=307.36MB
|  |     runtime filters: RF001[min_max] -> tpcds_partitioned_parquet_snap.customer_address.ca_county, RF003[min_max] -> tpcds_partitioned_parquet_snap.customer_address.ca_county
|  |     stored statistics:
|  |       table: rows=15.00M size=307.36MB
|  |       columns: all
|  |     extrapolated-rows=disabled max-scan-range-rows=1.58M
|  |     mem-estimate=16.00MB mem-reservation=128.00KB thread-reservation=0
|  |     tuple-ids=17 row-size=30B cardinality=15.00M cost=3879659
|  |     in pipelines: 20(GETNEXT)
|  |
|  58:EXCHANGE [HASH(ws_bill_addr_sk)]
|  |  mem-estimate=12.50MB mem-reservation=0B thread-reservation=0
|  |  tuple-ids=15,16 row-size=24B cardinality=220.26M cost=56893130
|  |  in pipelines: 18(GETNEXT)
|  |
|  F13:PLAN FRAGMENT [RANDOM] hosts=10 instances=80 (adjusted from 120)
|  Per-Host Shared Resources: mem-estimate=17.00MB mem-reservation=17.00MB thread-reservation=0 runtime-filters-memory=17.00MB
|  Per-Instance Resources: mem-estimate=22.25MB mem-reservation=128.00KB thread-reservation=1
|  max-parallelism=80 segment-costs=[701858144]
|  21:HASH JOIN [INNER JOIN, BROADCAST]
|  |  hash-table-id=08
|  |  hash predicates: ws_sold_date_sk = d_date_sk
|  |  fk/pk conjuncts: ws_sold_date_sk = d_date_sk
|  |  mem-estimate=0B mem-reservation=0B spill-buffer=64.00KB thread-reservation=0
|  |  tuple-ids=15,16 row-size=24B cardinality=220.26M cost=96407754
|  |  in pipelines: 18(GETNEXT), 19(OPEN)
|  |
|  |--F37:PLAN FRAGMENT [RANDOM] hosts=10 instances=10
|  |  |  Per-Instance Resources: mem-estimate=16.52MB mem-reservation=16.50MB thread-reservation=1 runtime-filters-memory=1.00MB
|  |  |  max-parallelism=10 segment-costs=[426]
|  |  JOIN BUILD
|  |  |  join-table-id=08 plan-id=09 cohort-id=04
|  |  |  build expressions: d_date_sk
|  |  |  runtime filters: RF024[bloom] <- d_date_sk
|  |  |  mem-estimate=15.50MB mem-reservation=15.50MB spill-buffer=64.00KB thread-reservation=0 cost=186
|  |  |
|  |  57:EXCHANGE [BROADCAST]
|  |  |  mem-estimate=16.00KB mem-reservation=0B thread-reservation=0
|  |  |  tuple-ids=16 row-size=12B cardinality=186 cost=240
|  |  |  in pipelines: 19(GETNEXT)
|  |  |
|  |  F14:PLAN FRAGMENT [RANDOM] hosts=1 instances=1
|  |  Per-Instance Resources: mem-estimate=20.06MB mem-reservation=4.50MB thread-reservation=1
|  |  max-parallelism=1 segment-costs=[16738]
|  |  79:TUPLE CACHE
|  |  |  cache key: c771e8849e4607a35989fdb3fe88b710
|  |  |  input scan node ids: 19
|  |  |  estimated serialized size: 2.91KB
|  |  |  estimated serialized size per node: 2.91KB
|  |  |  cumulative processing cost: 16728
|  |  |  cache read processing cost: 24
|  |  |  cache write processing cost: 8
|  |  |  mem-estimate=4.00MB mem-reservation=4.00MB spill-buffer=2.00MB thread-reservation=0
|  |  |  tuple-ids=16 row-size=12B cardinality=186 cost=0
|  |  |  in pipelines: 19(GETNEXT)
|  |  |
|  |  19:SCAN HDFS [tpcds_partitioned_parquet_snap.date_dim, RANDOM]
|  |     HDFS partitions=1/1 files=1 size=2.17MB
|  |     deterministic scan range assignment: true
|  |     schedule scan ranges oldest to newest: true
|  |     predicates: tpcds_partitioned_parquet_snap.date_dim.d_year = CAST(1998 AS INT), tpcds_partitioned_parquet_snap.date_dim.d_qoy = CAST(1 AS INT)
|  |     stored statistics:
|  |       table: rows=73.05K size=2.17MB
|  |       columns: all
|  |     extrapolated-rows=disabled max-scan-range-rows=73.05K
|  |     parquet statistics predicates: tpcds_partitioned_parquet_snap.date_dim.d_year = CAST(1998 AS INT), tpcds_partitioned_parquet_snap.date_dim.d_qoy = CAST(1 AS INT)
|  |     parquet dictionary predicates: tpcds_partitioned_parquet_snap.date_dim.d_year = CAST(1998 AS INT), tpcds_partitioned_parquet_snap.date_dim.d_qoy = CAST(1 AS INT)
|  |     mem-estimate=16.00MB mem-reservation=512.00KB thread-reservation=0
|  |     tuple-ids=16 row-size=12B cardinality=186 cost=16728
|  |     in pipelines: 19(GETNEXT)
|  |
|  18:SCAN HDFS [tpcds_partitioned_parquet_snap.web_sales, RANDOM]
|     HDFS partitions=1824/1824 files=1824 size=145.75GB
|     runtime filters: RF023[min_max] -> ws_bill_addr_sk, RF024[bloom] -> ws_sold_date_sk, RF022[bloom] -> ws_bill_addr_sk
|     stored statistics:
|       table: rows=2.16G size=145.75GB
|       partitions: 1824/1824 rows=2.16G
|       columns: all
|     extrapolated-rows=disabled max-scan-range-rows=3.37M est-scan-range=187(filtered from 1824)
|     mem-estimate=16.00MB mem-reservation=128.00KB thread-reservation=0
|     tuple-ids=15 row-size=12B cardinality=220.26M(filtered from 2.16G) cost=38060909
|     in pipelines: 18(GETNEXT)
|
37:HASH JOIN [INNER JOIN, PARTITIONED]
|  hash-table-id=09
|  hash predicates: ca_county = ca_county
|  fk/pk conjuncts: none
|  mem-estimate=0B mem-reservation=0B spill-buffer=64.00KB thread-reservation=0
|  tuple-ids=3,8,13 row-size=150B cardinality=15.00M cost=3572305
|  in pipelines: 45(GETNEXT), 55(OPEN)
|
|--F38:PLAN FRAGMENT [HASH(ca_county)] hosts=10 instances=20 (adjusted from 120)
|  |  Per-Instance Resources: mem-estimate=2.47MB mem-reservation=1.94MB thread-reservation=1
|  |  max-parallelism=20 segment-costs=[2447] cpu-comparison-result=120 [max(20 (self) vs 120 (sum children))]
|  JOIN BUILD
|  |  join-table-id=09 plan-id=10 cohort-id=01
|  |  build expressions: ca_county
|  |  runtime filters: RF007[min_max] <- ca_county
|  |  mem-estimate=1.94MB mem-reservation=1.94MB spill-buffer=64.00KB thread-reservation=0 cost=1825
|  |
|  56:EXCHANGE [HASH(ca_county)]
|  |  mem-estimate=548.52KB mem-reservation=0B thread-reservation=0
|  |  tuple-ids=13 row-size=50B cardinality=1.82K cost=622
|  |  in pipelines: 55(GETNEXT)
|  |
|  F12:PLAN FRAGMENT [HASH(ca_county,d_qoy,d_year)] hosts=10 instances=10 (adjusted from 120)
|  Per-Instance Resources: mem-estimate=17.37MB mem-reservation=2.88MB thread-reservation=1
|  max-parallelism=10 segment-costs=[383853, 6812] cpu-comparison-result=120 [max(10 (self) vs 120 (sum children))]
|  55:AGGREGATE [FINALIZE]
|  |  output: sum:merge(ss_ext_sales_price)
|  |  group by: ca_county, d_qoy, d_year
|  |  mem-estimate=10.00MB mem-reservation=2.88MB spill-buffer=128.00KB thread-reservation=0
|  |  tuple-ids=13 row-size=50B cardinality=1.82K cost=309192
|  |  in pipelines: 55(GETNEXT), 12(OPEN)
|  |
|  54:EXCHANGE [HASH(ca_county,d_qoy,d_year)]
|  |  mem-estimate=7.37MB mem-reservation=0B thread-reservation=0
|  |  tuple-ids=13 row-size=50B cardinality=219.00K cost=74661
|  |  in pipelines: 12(GETNEXT)
|  |
|  F09:PLAN FRAGMENT [RANDOM] hosts=10 instances=120
|  Per-Host Shared Resources: mem-estimate=17.00MB mem-reservation=17.00MB thread-reservation=0 runtime-filters-memory=17.00MB
|  Per-Instance Resources: mem-estimate=102.66MB mem-reservation=42.00MB thread-reservation=1
|  max-parallelism=187 segment-costs=[2090696050, 817464] cpu-comparison-result=120 [max(120 (self) vs 31 (sum children))]
|  17:AGGREGATE [STREAMING]
|  |  output: sum(ss_ext_sales_price)
|  |  group by: ca_county, d_qoy, d_year
|  |  mem-estimate=84.55MB mem-reservation=34.00MB spill-buffer=2.00MB thread-reservation=0
|  |  tuple-ids=13 row-size=50B cardinality=219.00K cost=1172362655
|  |  in pipelines: 12(GETNEXT)
|  |
|  16:HASH JOIN [INNER JOIN, BROADCAST]
|  |  hash-table-id=10
|  |  hash predicates: ss_addr_sk = ca_address_sk
|  |  fk/pk conjuncts: ss_addr_sk = ca_address_sk
|  |  mem-estimate=0B mem-reservation=0B spill-buffer=2.00MB thread-reservation=0
|  |  tuple-ids=10,11,12 row-size=54B cardinality=852.46M cost=380454799
|  |  in pipelines: 12(GETNEXT), 14(OPEN)
|  |
|  |--F39:PLAN FRAGMENT [RANDOM] hosts=10 instances=10
|  |  |  Per-Instance Resources: mem-estimate=838.93MB mem-reservation=424.00MB thread-reservation=1 runtime-filters-memory=16.00MB
|  |  |  max-parallelism=10 segment-costs=[34934990]
|  |  JOIN BUILD
|  |  |  join-table-id=10 plan-id=11 cohort-id=05
|  |  |  build expressions: ca_address_sk
|  |  |  runtime filters: RF018[bloom] <- ca_address_sk, RF019[min_max] <- ca_address_sk
|  |  |  mem-estimate=812.60MB mem-reservation=408.00MB spill-buffer=2.00MB thread-reservation=0 cost=15000000
|  |  |
|  |  53:EXCHANGE [BROADCAST]
|  |  |  mem-estimate=10.33MB mem-reservation=0B thread-reservation=0
|  |  |  tuple-ids=12 row-size=30B cardinality=15.00M cost=19934990
|  |  |  in pipelines: 14(GETNEXT)
|  |  |
|  |  F11:PLAN FRAGMENT [RANDOM] hosts=10 instances=10
|  |  Per-Instance Resources: mem-estimate=16.13MB mem-reservation=128.00KB thread-reservation=1
|  |  max-parallelism=10 segment-costs=[5417095]
|  |  14:SCAN HDFS [tpcds_partitioned_parquet_snap.customer_address, RANDOM]
|  |     HDFS partitions=1/1 files=1 size=307.36MB
|  |     runtime filters: RF001[min_max] -> tpcds_partitioned_parquet_snap.customer_address.ca_county, RF003[min_max] -> tpcds_partitioned_parquet_snap.customer_address.ca_county, RF005[min_max] -> tpcds_partitioned_parquet_snap.customer_address.ca_county
|  |     stored statistics:
|  |       table: rows=15.00M size=307.36MB
|  |       columns: all
|  |     extrapolated-rows=disabled max-scan-range-rows=1.58M
|  |     mem-estimate=16.00MB mem-reservation=128.00KB thread-reservation=0
|  |     tuple-ids=12 row-size=30B cardinality=15.00M cost=3879659
|  |     in pipelines: 14(GETNEXT)
|  |
|  15:HASH JOIN [INNER JOIN, BROADCAST]
|  |  hash-table-id=11
|  |  hash predicates: ss_sold_date_sk = d_date_sk
|  |  fk/pk conjuncts: ss_sold_date_sk = d_date_sk
|  |  mem-estimate=0B mem-reservation=0B spill-buffer=64.00KB thread-reservation=0
|  |  tuple-ids=10,11 row-size=24B cardinality=881.05M cost=385633844
|  |  in pipelines: 12(GETNEXT), 13(OPEN)
|  |
|  |--F40:PLAN FRAGMENT [RANDOM] hosts=10 instances=10
|  |  |  Per-Instance Resources: mem-estimate=24.27MB mem-reservation=24.25MB thread-reservation=1 runtime-filters-memory=1.00MB
|  |  |  max-parallelism=10 segment-costs=[426]
|  |  JOIN BUILD
|  |  |  join-table-id=11 plan-id=12 cohort-id=05
|  |  |  build expressions: d_date_sk
|  |  |  runtime filters: RF020[bloom] <- d_date_sk
|  |  |  mem-estimate=23.25MB mem-reservation=23.25MB spill-buffer=64.00KB thread-reservation=0 cost=186
|  |  |
|  |  52:EXCHANGE [BROADCAST]
|  |  |  mem-estimate=16.00KB mem-reservation=0B thread-reservation=0
|  |  |  tuple-ids=11 row-size=12B cardinality=186 cost=240
|  |  |  in pipelines: 13(GETNEXT)
|  |  |
|  |  F10:PLAN FRAGMENT [RANDOM] hosts=1 instances=1
|  |  Per-Instance Resources: mem-estimate=20.06MB mem-reservation=4.50MB thread-reservation=1
|  |  max-parallelism=1 segment-costs=[16738]
|  |  78:TUPLE CACHE
|  |  |  cache key: 3776d9cc82f535e93718d6c4521b6702
|  |  |  input scan node ids: 13
|  |  |  estimated serialized size: 2.91KB
|  |  |  estimated serialized size per node: 2.91KB
|  |  |  cumulative processing cost: 16728
|  |  |  cache read processing cost: 24
|  |  |  cache write processing cost: 8
|  |  |  mem-estimate=4.00MB mem-reservation=4.00MB spill-buffer=2.00MB thread-reservation=0
|  |  |  tuple-ids=11 row-size=12B cardinality=186 cost=0
|  |  |  in pipelines: 13(GETNEXT)
|  |  |
|  |  13:SCAN HDFS [tpcds_partitioned_parquet_snap.date_dim, RANDOM]
|  |     HDFS partitions=1/1 files=1 size=2.17MB
|  |     deterministic scan range assignment: true
|  |     schedule scan ranges oldest to newest: true
|  |     predicates: tpcds_partitioned_parquet_snap.date_dim.d_year = CAST(1998 AS INT), tpcds_partitioned_parquet_snap.date_dim.d_qoy = CAST(3 AS INT)
|  |     stored statistics:
|  |       table: rows=73.05K size=2.17MB
|  |       columns: all
|  |     extrapolated-rows=disabled max-scan-range-rows=73.05K
|  |     parquet statistics predicates: tpcds_partitioned_parquet_snap.date_dim.d_year = CAST(1998 AS INT), tpcds_partitioned_parquet_snap.date_dim.d_qoy = CAST(3 AS INT)
|  |     parquet dictionary predicates: tpcds_partitioned_parquet_snap.date_dim.d_year = CAST(1998 AS INT), tpcds_partitioned_parquet_snap.date_dim.d_qoy = CAST(3 AS INT)
|  |     mem-estimate=16.00MB mem-reservation=512.00KB thread-reservation=0
|  |     tuple-ids=11 row-size=12B cardinality=186 cost=16728
|  |     in pipelines: 13(GETNEXT)
|  |
|  12:SCAN HDFS [tpcds_partitioned_parquet_snap.store_sales, RANDOM]
|     HDFS partitions=1824/1824 files=1824 size=389.90GB
|     runtime filters: RF019[min_max] -> ss_addr_sk, RF020[bloom] -> ss_sold_date_sk, RF018[bloom] -> ss_addr_sk
|     stored statistics:
|       table: rows=8.64G size=389.90GB
|       partitions: 1824/1824 rows=8.64G
|       columns: all
|     extrapolated-rows=disabled max-scan-range-rows=390.22M est-scan-range=187(filtered from 1824)
|     mem-estimate=16.00MB mem-reservation=8.00MB thread-reservation=0
|     tuple-ids=10 row-size=12B cardinality=881.05M(filtered from 8.64G) cost=152244752
|     in pipelines: 12(GETNEXT)
|
36:HASH JOIN [INNER JOIN, PARTITIONED]
|  hash-table-id=12
|  hash predicates: ca_county = ca_county
|  fk/pk conjuncts: none
|  mem-estimate=0B mem-reservation=0B spill-buffer=64.00KB thread-reservation=0
|  tuple-ids=3,8 row-size=100B cardinality=3.33M cost=603977
|  in pipelines: 45(GETNEXT), 49(OPEN)
|
|--F41:PLAN FRAGMENT [HASH(ca_county)] hosts=10 instances=20 (adjusted from 120)
|  |  Per-Instance Resources: mem-estimate=2.47MB mem-reservation=1.94MB thread-reservation=1
|  |  max-parallelism=20 segment-costs=[2447] cpu-comparison-result=120 [max(20 (self) vs 120 (sum children))]
|  JOIN BUILD
|  |  join-table-id=12 plan-id=13 cohort-id=01
|  |  build expressions: ca_county
|  |  runtime filters: RF009[min_max] <- ca_county
|  |  mem-estimate=1.94MB mem-reservation=1.94MB spill-buffer=64.00KB thread-reservation=0 cost=1825
|  |
|  51:EXCHANGE [HASH(ca_county)]
|  |  mem-estimate=548.52KB mem-reservation=0B thread-reservation=0
|  |  tuple-ids=8 row-size=50B cardinality=1.82K cost=622
|  |  in pipelines: 49(GETNEXT)
|  |
|  F07:PLAN FRAGMENT [HASH(ca_county,d_qoy,d_year)] hosts=10 instances=10 (adjusted from 120)
|  Per-Instance Resources: mem-estimate=17.37MB mem-reservation=2.88MB thread-reservation=1
|  max-parallelism=10 segment-costs=[383853, 6812] cpu-comparison-result=120 [max(10 (self) vs 120 (sum children))]
|  49:AGGREGATE [FINALIZE]
|  |  output: sum:merge(ss_ext_sales_price)
|  |  group by: ca_county, d_qoy, d_year
|  |  mem-estimate=10.00MB mem-reservation=2.88MB spill-buffer=128.00KB thread-reservation=0
|  |  tuple-ids=8 row-size=50B cardinality=1.82K cost=309192
|  |  in pipelines: 49(GETNEXT), 06(OPEN)
|  |
|  48:EXCHANGE [HASH(ca_county,d_qoy,d_year)]
|  |  mem-estimate=7.37MB mem-reservation=0B thread-reservation=0
|  |  tuple-ids=8 row-size=50B cardinality=219.00K cost=74661
|  |  in pipelines: 06(GETNEXT)
|  |
|  F04:PLAN FRAGMENT [RANDOM] hosts=10 instances=120
|  Per-Host Shared Resources: mem-estimate=17.00MB mem-reservation=17.00MB thread-reservation=0 runtime-filters-memory=17.00MB
|  Per-Instance Resources: mem-estimate=102.66MB mem-reservation=42.00MB thread-reservation=1
|  max-parallelism=187 segment-costs=[2090696050, 817464] cpu-comparison-result=120 [max(120 (self) vs 31 (sum children))]
|  11:AGGREGATE [STREAMING]
|  |  output: sum(ss_ext_sales_price)
|  |  group by: ca_county, d_qoy, d_year
|  |  mem-estimate=84.55MB mem-reservation=34.00MB spill-buffer=2.00MB thread-reservation=0
|  |  tuple-ids=8 row-size=50B cardinality=219.00K cost=1172362655
|  |  in pipelines: 06(GETNEXT)
|  |
|  10:HASH JOIN [INNER JOIN, BROADCAST]
|  |  hash-table-id=13
|  |  hash predicates: ss_addr_sk = ca_address_sk
|  |  fk/pk conjuncts: ss_addr_sk = ca_address_sk
|  |  mem-estimate=0B mem-reservation=0B spill-buffer=2.00MB thread-reservation=0
|  |  tuple-ids=5,6,7 row-size=54B cardinality=852.46M cost=380454799
|  |  in pipelines: 06(GETNEXT), 08(OPEN)
|  |
|  |--F42:PLAN FRAGMENT [RANDOM] hosts=10 instances=10
|  |  |  Per-Instance Resources: mem-estimate=838.93MB mem-reservation=424.00MB thread-reservation=1 runtime-filters-memory=16.00MB
|  |  |  max-parallelism=10 segment-costs=[34934990]
|  |  JOIN BUILD
|  |  |  join-table-id=13 plan-id=14 cohort-id=06
|  |  |  build expressions: ca_address_sk
|  |  |  runtime filters: RF014[bloom] <- ca_address_sk, RF015[min_max] <- ca_address_sk
|  |  |  mem-estimate=812.60MB mem-reservation=408.00MB spill-buffer=2.00MB thread-reservation=0 cost=15000000
|  |  |
|  |  47:EXCHANGE [BROADCAST]
|  |  |  mem-estimate=10.33MB mem-reservation=0B thread-reservation=0
|  |  |  tuple-ids=7 row-size=30B cardinality=15.00M cost=19934990
|  |  |  in pipelines: 08(GETNEXT)
|  |  |
|  |  F06:PLAN FRAGMENT [RANDOM] hosts=10 instances=10
|  |  Per-Instance Resources: mem-estimate=16.13MB mem-reservation=128.00KB thread-reservation=1
|  |  max-parallelism=10 segment-costs=[5417095]
|  |  08:SCAN HDFS [tpcds_partitioned_parquet_snap.customer_address, RANDOM]
|  |     HDFS partitions=1/1 files=1 size=307.36MB
|  |     runtime filters: RF001[min_max] -> tpcds_partitioned_parquet_snap.customer_address.ca_county, RF003[min_max] -> tpcds_partitioned_parquet_snap.customer_address.ca_county, RF005[min_max] -> tpcds_partitioned_parquet_snap.customer_address.ca_county, RF007[min_max] -> tpcds_partitioned_parquet_snap.customer_address.ca_county
|  |     stored statistics:
|  |       table: rows=15.00M size=307.36MB
|  |       columns: all
|  |     extrapolated-rows=disabled max-scan-range-rows=1.58M
|  |     mem-estimate=16.00MB mem-reservation=128.00KB thread-reservation=0
|  |     tuple-ids=7 row-size=30B cardinality=15.00M cost=3879659
|  |     in pipelines: 08(GETNEXT)
|  |
|  09:HASH JOIN [INNER JOIN, BROADCAST]
|  |  hash-table-id=14
|  |  hash predicates: ss_sold_date_sk = d_date_sk
|  |  fk/pk conjuncts: ss_sold_date_sk = d_date_sk
|  |  mem-estimate=0B mem-reservation=0B spill-buffer=64.00KB thread-reservation=0
|  |  tuple-ids=5,6 row-size=24B cardinality=881.05M cost=385633844
|  |  in pipelines: 06(GETNEXT), 07(OPEN)
|  |
|  |--F43:PLAN FRAGMENT [RANDOM] hosts=10 instances=10
|  |  |  Per-Instance Resources: mem-estimate=24.27MB mem-reservation=24.25MB thread-reservation=1 runtime-filters-memory=1.00MB
|  |  |  max-parallelism=10 segment-costs=[426]
|  |  JOIN BUILD
|  |  |  join-table-id=14 plan-id=15 cohort-id=06
|  |  |  build expressions: d_date_sk
|  |  |  runtime filters: RF016[bloom] <- d_date_sk
|  |  |  mem-estimate=23.25MB mem-reservation=23.25MB spill-buffer=64.00KB thread-reservation=0 cost=186
|  |  |
|  |  46:EXCHANGE [BROADCAST]
|  |  |  mem-estimate=16.00KB mem-reservation=0B thread-reservation=0
|  |  |  tuple-ids=6 row-size=12B cardinality=186 cost=240
|  |  |  in pipelines: 07(GETNEXT)
|  |  |
|  |  F05:PLAN FRAGMENT [RANDOM] hosts=1 instances=1
|  |  Per-Instance Resources: mem-estimate=20.06MB mem-reservation=4.50MB thread-reservation=1
|  |  max-parallelism=1 segment-costs=[16738]
|  |  77:TUPLE CACHE
|  |  |  cache key: 4587678aa02e339099a7ef5cfb9a931a
|  |  |  input scan node ids: 7
|  |  |  estimated serialized size: 2.91KB
|  |  |  estimated serialized size per node: 2.91KB
|  |  |  cumulative processing cost: 16728
|  |  |  cache read processing cost: 24
|  |  |  cache write processing cost: 8
|  |  |  mem-estimate=4.00MB mem-reservation=4.00MB spill-buffer=2.00MB thread-reservation=0
|  |  |  tuple-ids=6 row-size=12B cardinality=186 cost=0
|  |  |  in pipelines: 07(GETNEXT)
|  |  |
|  |  07:SCAN HDFS [tpcds_partitioned_parquet_snap.date_dim, RANDOM]
|  |     HDFS partitions=1/1 files=1 size=2.17MB
|  |     deterministic scan range assignment: true
|  |     schedule scan ranges oldest to newest: true
|  |     predicates: tpcds_partitioned_parquet_snap.date_dim.d_year = CAST(1998 AS INT), tpcds_partitioned_parquet_snap.date_dim.d_qoy = CAST(2 AS INT)
|  |     stored statistics:
|  |       table: rows=73.05K size=2.17MB
|  |       columns: all
|  |     extrapolated-rows=disabled max-scan-range-rows=73.05K
|  |     parquet statistics predicates: tpcds_partitioned_parquet_snap.date_dim.d_year = CAST(1998 AS INT), tpcds_partitioned_parquet_snap.date_dim.d_qoy = CAST(2 AS INT)
|  |     parquet dictionary predicates: tpcds_partitioned_parquet_snap.date_dim.d_year = CAST(1998 AS INT), tpcds_partitioned_parquet_snap.date_dim.d_qoy = CAST(2 AS INT)
|  |     mem-estimate=16.00MB mem-reservation=512.00KB thread-reservation=0
|  |     tuple-ids=6 row-size=12B cardinality=186 cost=16728
|  |     in pipelines: 07(GETNEXT)
|  |
|  06:SCAN HDFS [tpcds_partitioned_parquet_snap.store_sales, RANDOM]
|     HDFS partitions=1824/1824 files=1824 size=389.90GB
|     runtime filters: RF015[min_max] -> ss_addr_sk, RF016[bloom] -> ss_sold_date_sk, RF014[bloom] -> ss_addr_sk
|     stored statistics:
|       table: rows=8.64G size=389.90GB
|       partitions: 1824/1824 rows=8.64G
|       columns: all
|     extrapolated-rows=disabled max-scan-range-rows=390.22M est-scan-range=187(filtered from 1824)
|     mem-estimate=16.00MB mem-reservation=8.00MB thread-reservation=0
|     tuple-ids=5 row-size=12B cardinality=881.05M(filtered from 8.64G) cost=152244752
|     in pipelines: 06(GETNEXT)
|
50:EXCHANGE [HASH(ca_county)]
|  mem-estimate=548.52KB mem-reservation=0B thread-reservation=0
|  tuple-ids=3 row-size=50B cardinality=1.82K cost=622
|  in pipelines: 45(GETNEXT)
|
F03:PLAN FRAGMENT [HASH(ca_county,d_qoy,d_year)] hosts=10 instances=10 (adjusted from 120)
Per-Instance Resources: mem-estimate=17.37MB mem-reservation=2.88MB thread-reservation=1
max-parallelism=10 segment-costs=[383853, 6812] cpu-comparison-result=120 [max(10 (self) vs 120 (sum children))]
45:AGGREGATE [FINALIZE]
|  output: sum:merge(ss_ext_sales_price)
|  group by: ca_county, d_qoy, d_year
|  mem-estimate=10.00MB mem-reservation=2.88MB spill-buffer=128.00KB thread-reservation=0
|  tuple-ids=3 row-size=50B cardinality=1.82K cost=309192
|  in pipelines: 45(GETNEXT), 00(OPEN)
|
44:EXCHANGE [HASH(ca_county,d_qoy,d_year)]
|  mem-estimate=7.37MB mem-reservation=0B thread-reservation=0
|  tuple-ids=3 row-size=50B cardinality=219.00K cost=74661
|  in pipelines: 00(GETNEXT)
|
F00:PLAN FRAGMENT [RANDOM] hosts=10 instances=120
Per-Host Shared Resources: mem-estimate=17.00MB mem-reservation=17.00MB thread-reservation=0 runtime-filters-memory=17.00MB
Per-Instance Resources: mem-estimate=102.66MB mem-reservation=42.00MB thread-reservation=1
max-parallelism=187 segment-costs=[2090696050, 817464] cpu-comparison-result=120 [max(120 (self) vs 31 (sum children))]
05:AGGREGATE [STREAMING]
|  output: sum(ss_ext_sales_price)
|  group by: ca_county, d_qoy, d_year
|  mem-estimate=84.55MB mem-reservation=34.00MB spill-buffer=2.00MB thread-reservation=0
|  tuple-ids=3 row-size=50B cardinality=219.00K cost=1172362655
|  in pipelines: 00(GETNEXT)
|
04:HASH JOIN [INNER JOIN, BROADCAST]
|  hash-table-id=15
|  hash predicates: ss_addr_sk = ca_address_sk
|  fk/pk conjuncts: ss_addr_sk = ca_address_sk
|  mem-estimate=0B mem-reservation=0B spill-buffer=2.00MB thread-reservation=0
|  tuple-ids=0,1,2 row-size=54B cardinality=852.46M cost=380454799
|  in pipelines: 00(GETNEXT), 02(OPEN)
|
|--F44:PLAN FRAGMENT [RANDOM] hosts=10 instances=10
|  |  Per-Instance Resources: mem-estimate=838.93MB mem-reservation=424.00MB thread-reservation=1 runtime-filters-memory=16.00MB
|  |  max-parallelism=10 segment-costs=[34934990]
|  JOIN BUILD
|  |  join-table-id=15 plan-id=16 cohort-id=01
|  |  build expressions: ca_address_sk
|  |  runtime filters: RF010[bloom] <- ca_address_sk, RF011[min_max] <- ca_address_sk
|  |  mem-estimate=812.60MB mem-reservation=408.00MB spill-buffer=2.00MB thread-reservation=0 cost=15000000
|  |
|  43:EXCHANGE [BROADCAST]
|  |  mem-estimate=10.33MB mem-reservation=0B thread-reservation=0
|  |  tuple-ids=2 row-size=30B cardinality=15.00M cost=19934990
|  |  in pipelines: 02(GETNEXT)
|  |
|  F02:PLAN FRAGMENT [RANDOM] hosts=10 instances=10
|  Per-Instance Resources: mem-estimate=16.13MB mem-reservation=128.00KB thread-reservation=1
|  max-parallelism=10 segment-costs=[5417095]
|  02:SCAN HDFS [tpcds_partitioned_parquet_snap.customer_address, RANDOM]
|     HDFS partitions=1/1 files=1 size=307.36MB
|     runtime filters: RF001[min_max] -> tpcds_partitioned_parquet_snap.customer_address.ca_county, RF003[min_max] -> tpcds_partitioned_parquet_snap.customer_address.ca_county, RF005[min_max] -> tpcds_partitioned_parquet_snap.customer_address.ca_county, RF007[min_max] -> tpcds_partitioned_parquet_snap.customer_address.ca_county, RF009[min_max] -> tpcds_partitioned_parquet_snap.customer_address.ca_county
|     stored statistics:
|       table: rows=15.00M size=307.36MB
|       columns: all
|     extrapolated-rows=disabled max-scan-range-rows=1.58M
|     mem-estimate=16.00MB mem-reservation=128.00KB thread-reservation=0
|     tuple-ids=2 row-size=30B cardinality=15.00M cost=3879659
|     in pipelines: 02(GETNEXT)
|
03:HASH JOIN [INNER JOIN, BROADCAST]
|  hash-table-id=16
|  hash predicates: ss_sold_date_sk = d_date_sk
|  fk/pk conjuncts: ss_sold_date_sk = d_date_sk
|  mem-estimate=0B mem-reservation=0B spill-buffer=64.00KB thread-reservation=0
|  tuple-ids=0,1 row-size=24B cardinality=881.05M cost=385633844
|  in pipelines: 00(GETNEXT), 01(OPEN)
|
|--F45:PLAN FRAGMENT [RANDOM] hosts=10 instances=10
|  |  Per-Instance Resources: mem-estimate=24.27MB mem-reservation=24.25MB thread-reservation=1 runtime-filters-memory=1.00MB
|  |  max-parallelism=10 segment-costs=[426]
|  JOIN BUILD
|  |  join-table-id=16 plan-id=17 cohort-id=01
|  |  build expressions: d_date_sk
|  |  runtime filters: RF012[bloom] <- d_date_sk
|  |  mem-estimate=23.25MB mem-reservation=23.25MB spill-buffer=64.00KB thread-reservation=0 cost=186
|  |
|  42:EXCHANGE [BROADCAST]
|  |  mem-estimate=16.00KB mem-reservation=0B thread-reservation=0
|  |  tuple-ids=1 row-size=12B cardinality=186 cost=240
|  |  in pipelines: 01(GETNEXT)
|  |
|  F01:PLAN FRAGMENT [RANDOM] hosts=1 instances=1
|  Per-Instance Resources: mem-estimate=20.06MB mem-reservation=4.50MB thread-reservation=1
|  max-parallelism=1 segment-costs=[16738]
|  76:TUPLE CACHE
|  |  cache key: c771e8849e4607a35989fdb3fe88b710
|  |  input scan node ids: 1
|  |  estimated serialized size: 2.91KB
|  |  estimated serialized size per node: 2.91KB
|  |  cumulative processing cost: 16728
|  |  cache read processing cost: 24
|  |  cache write processing cost: 8
|  |  mem-estimate=4.00MB mem-reservation=4.00MB spill-buffer=2.00MB thread-reservation=0
|  |  tuple-ids=1 row-size=12B cardinality=186 cost=0
|  |  in pipelines: 01(GETNEXT)
|  |
|  01:SCAN HDFS [tpcds_partitioned_parquet_snap.date_dim, RANDOM]
|     HDFS partitions=1/1 files=1 size=2.17MB
|     deterministic scan range assignment: true
|     schedule scan ranges oldest to newest: true
|     predicates: tpcds_partitioned_parquet_snap.date_dim.d_year = CAST(1998 AS INT), tpcds_partitioned_parquet_snap.date_dim.d_qoy = CAST(1 AS INT)
|     stored statistics:
|       table: rows=73.05K size=2.17MB
|       columns: all
|     extrapolated-rows=disabled max-scan-range-rows=73.05K
|     parquet statistics predicates: tpcds_partitioned_parquet_snap.date_dim.d_year = CAST(1998 AS INT), tpcds_partitioned_parquet_snap.date_dim.d_qoy = CAST(1 AS INT)
|     parquet dictionary predicates: tpcds_partitioned_parquet_snap.date_dim.d_year = CAST(1998 AS INT), tpcds_partitioned_parquet_snap.date_dim.d_qoy = CAST(1 AS INT)
|     mem-estimate=16.00MB mem-reservation=512.00KB thread-reservation=0
|     tuple-ids=1 row-size=12B cardinality=186 cost=16728
|     in pipelines: 01(GETNEXT)
|
00:SCAN HDFS [tpcds_partitioned_parquet_snap.store_sales, RANDOM]
   HDFS partitions=1824/1824 files=1824 size=389.90GB
   runtime filters: RF011[min_max] -> ss_addr_sk, RF012[bloom] -> ss_sold_date_sk, RF010[bloom] -> ss_addr_sk
   stored statistics:
     table: rows=8.64G size=389.90GB
     partitions: 1824/1824 rows=8.64G
     columns: all
   extrapolated-rows=disabled max-scan-range-rows=390.22M est-scan-range=187(filtered from 1824)
   mem-estimate=16.00MB mem-reservation=8.00MB thread-reservation=0
   tuple-ids=0 row-size=12B cardinality=881.05M(filtered from 8.64G) cost=152244752
   in pipelines: 00(GETNEXT)
---- PARALLELPLANS
Max Per-Host Resource Reservation: Memory=4.07GB Threads=130
Per-Host Resource Estimates: Memory=9.76GB
F28:PLAN FRAGMENT [UNPARTITIONED] hosts=1 instances=1
|  Per-Instance Resources: mem-estimate=282.73MB mem-reservation=4.00MB thread-reservation=1
|  max-parallelism=1 segment-costs=[97572341] cpu-comparison-result=750 [max(1 (self) vs 750 (sum children))]
PLAN-ROOT SINK
|  output exprs: ca_county, d_year, web_sales / web_sales, store_sales / store_sales, web_sales / web_sales, store_sales / store_sales
|  mem-estimate=100.00MB mem-reservation=4.00MB spill-buffer=2.00MB thread-reservation=0 cost=90000000
|
75:MERGING-EXCHANGE [UNPARTITIONED]
|  order by: ca_county ASC
|  mem-estimate=182.73MB mem-reservation=0B thread-reservation=0
|  tuple-ids=30 row-size=126B cardinality=15.00M cost=7572341
|  in pipelines: 41(GETNEXT)
|
F08:PLAN FRAGMENT [HASH(ca_county)] hosts=10 instances=20 (adjusted from 120)
Per-Instance Resources: mem-estimate=90.63MB mem-reservation=12.00MB thread-reservation=1
max-parallelism=20 segment-costs=[112169708, 54217325] cpu-comparison-result=750 [max(20 (self) vs 750 (sum children))]
41:SORT
|  order by: ca_county ASC
|  mem-estimate=90.09MB mem-reservation=12.00MB spill-buffer=2.00MB thread-reservation=0
|  tuple-ids=30 row-size=126B cardinality=15.00M cost=88296304
|  in pipelines: 41(GETNEXT), 45(OPEN)
|
40:HASH JOIN [INNER JOIN, PARTITIONED]
|  hash-table-id=00
|  hash predicates: ca_county = ca_county
|  fk/pk conjuncts: none
|  other predicates: CASE WHEN sum(ws_ext_sales_price) > CAST(0 AS DECIMAL(3,0)) THEN sum(ws_ext_sales_price) / sum(ws_ext_sales_price) ELSE NULL END > CASE WHEN sum(ss_ext_sales_price) > CAST(0 AS DECIMAL(3,0)) THEN sum(ss_ext_sales_price) / sum(ss_ext_sales_price) ELSE NULL END
|  mem-estimate=0B mem-reservation=0B spill-buffer=64.00KB thread-reservation=0
|  tuple-ids=3,8,13,18,23,28 row-size=300B cardinality=15.00M cost=6565500
|  in pipelines: 45(GETNEXT), 73(OPEN)
|
|--F29:PLAN FRAGMENT [HASH(ca_county)] hosts=10 instances=20 (adjusted from 120)
|  |  Per-Instance Resources: mem-estimate=2.47MB mem-reservation=1.94MB thread-reservation=1
|  |  max-parallelism=20 segment-costs=[2447] cpu-comparison-result=130 [max(20 (self) vs 130 (sum children))]
|  JOIN BUILD
|  |  join-table-id=00 plan-id=01 cohort-id=01
|  |  build expressions: ca_county
|  |  runtime filters: RF001[min_max] <- ca_county
|  |  mem-estimate=1.94MB mem-reservation=1.94MB spill-buffer=64.00KB thread-reservation=0 cost=1825
|  |
|  74:EXCHANGE [HASH(ca_county)]
|  |  mem-estimate=548.52KB mem-reservation=0B thread-reservation=0
|  |  tuple-ids=28 row-size=50B cardinality=1.82K cost=622
|  |  in pipelines: 73(GETNEXT)
|  |
|  F27:PLAN FRAGMENT [HASH(ca_county,d_qoy,d_year)] hosts=10 instances=10 (adjusted from 120)
|  Per-Instance Resources: mem-estimate=14.22MB mem-reservation=2.88MB thread-reservation=1
|  max-parallelism=10 segment-costs=[383853, 6812] cpu-comparison-result=130 [max(10 (self) vs 130 (sum children))]
|  73:AGGREGATE [FINALIZE]
|  |  output: sum:merge(ws_ext_sales_price)
|  |  group by: ca_county, d_qoy, d_year
|  |  mem-estimate=10.00MB mem-reservation=2.88MB spill-buffer=128.00KB thread-reservation=0
|  |  tuple-ids=28 row-size=50B cardinality=1.82K cost=309192
|  |  in pipelines: 73(GETNEXT), 30(OPEN)
|  |
|  72:EXCHANGE [HASH(ca_county,d_qoy,d_year)]
|  |  mem-estimate=3.68MB mem-reservation=0B thread-reservation=0
|  |  tuple-ids=28 row-size=50B cardinality=219.00K cost=74661
|  |  in pipelines: 30(GETNEXT)
|  |
|  F26:PLAN FRAGMENT [HASH(ws_bill_addr_sk)] hosts=10 instances=50 (adjusted from 120)
|  Per-Instance Resources: mem-estimate=99.16MB mem-reservation=34.00MB thread-reservation=1
|  max-parallelism=50 segment-costs=[445838457, 817464] cpu-comparison-result=130 [max(130 (self) vs 71 (sum children))]
|  35:AGGREGATE [STREAMING]
|  |  output: sum(ws_ext_sales_price)
|  |  group by: ca_county, d_qoy, d_year
|  |  mem-estimate=84.55MB mem-reservation=34.00MB spill-buffer=2.00MB thread-reservation=0
|  |  tuple-ids=28 row-size=50B cardinality=219.00K cost=293832325
|  |  in pipelines: 30(GETNEXT)
|  |
|  34:HASH JOIN [INNER JOIN, PARTITIONED]
|  |  hash-table-id=01
|  |  hash predicates: ws_bill_addr_sk = ca_address_sk
|  |  fk/pk conjuncts: ws_bill_addr_sk = ca_address_sk
|  |  mem-estimate=0B mem-reservation=0B spill-buffer=2.00MB thread-reservation=0
|  |  tuple-ids=25,26,27 row-size=54B cardinality=213.11M cost=95113002
|  |  in pipelines: 30(GETNEXT), 32(OPEN)
|  |
|  |--F30:PLAN FRAGMENT [HASH(ws_bill_addr_sk)] hosts=10 instances=50 (adjusted from 120)
|  |  |  Per-Instance Resources: mem-estimate=44.33MB mem-reservation=34.00MB thread-reservation=1
|  |  |  max-parallelism=50 segment-costs=[18733835]
|  |  JOIN BUILD
|  |  |  join-table-id=01 plan-id=02 cohort-id=02
|  |  |  build expressions: ca_address_sk
|  |  |  runtime filters: RF031[min_max] <- ca_address_sk
|  |  |  mem-estimate=34.00MB mem-reservation=34.00MB spill-buffer=2.00MB thread-reservation=0 cost=15000000
|  |  |
|  |  71:EXCHANGE [HASH(ca_address_sk)]
|  |  |  mem-estimate=10.33MB mem-reservation=0B thread-reservation=0
|  |  |  tuple-ids=27 row-size=30B cardinality=15.00M cost=3733835
|  |  |  in pipelines: 32(GETNEXT)
|  |  |
|  |  F25:PLAN FRAGMENT [RANDOM] hosts=10 instances=10
|  |  Per-Instance Resources: mem-estimate=22.63MB mem-reservation=128.00KB thread-reservation=1
|  |  max-parallelism=10 segment-costs=[40550357]
|  |  32:SCAN HDFS [tpcds_partitioned_parquet_snap.customer_address, RANDOM]
|  |     HDFS partitions=1/1 files=1 size=307.36MB
|  |     stored statistics:
|  |       table: rows=15.00M size=307.36MB
|  |       columns: all
|  |     extrapolated-rows=disabled max-scan-range-rows=1.58M
|  |     mem-estimate=16.00MB mem-reservation=128.00KB thread-reservation=0
|  |     tuple-ids=27 row-size=30B cardinality=15.00M cost=3879659
|  |     in pipelines: 32(GETNEXT)
|  |
|  70:EXCHANGE [HASH(ws_bill_addr_sk)]
|  |  mem-estimate=12.50MB mem-reservation=0B thread-reservation=0
|  |  tuple-ids=25,26 row-size=24B cardinality=220.26M cost=56893130
|  |  in pipelines: 30(GETNEXT)
|  |
|  F23:PLAN FRAGMENT [RANDOM] hosts=10 instances=80 (adjusted from 120)
|  Per-Host Shared Resources: mem-estimate=1.00MB mem-reservation=1.00MB thread-reservation=0 runtime-filters-memory=1.00MB
|  Per-Instance Resources: mem-estimate=22.25MB mem-reservation=128.00KB thread-reservation=1
|  max-parallelism=80 segment-costs=[701858144]
|  33:HASH JOIN [INNER JOIN, BROADCAST]
|  |  hash-table-id=02
|  |  hash predicates: ws_sold_date_sk = d_date_sk
|  |  fk/pk conjuncts: ws_sold_date_sk = d_date_sk
|  |  mem-estimate=0B mem-reservation=0B spill-buffer=64.00KB thread-reservation=0
|  |  tuple-ids=25,26 row-size=24B cardinality=220.26M cost=96407754
|  |  in pipelines: 30(GETNEXT), 31(OPEN)
|  |
|  |--F31:PLAN FRAGMENT [RANDOM] hosts=10 instances=10
|  |  |  Per-Instance Resources: mem-estimate=16.52MB mem-reservation=16.50MB thread-reservation=1 runtime-filters-memory=1.00MB
|  |  |  max-parallelism=10 segment-costs=[426]
|  |  JOIN BUILD
|  |  |  join-table-id=02 plan-id=03 cohort-id=02
|  |  |  build expressions: d_date_sk
|  |  |  runtime filters: RF032[bloom] <- d_date_sk
|  |  |  mem-estimate=15.50MB mem-reservation=15.50MB spill-buffer=64.00KB thread-reservation=0 cost=186
|  |  |
|  |  69:EXCHANGE [BROADCAST]
|  |  |  mem-estimate=16.00KB mem-reservation=0B thread-reservation=0
|  |  |  tuple-ids=26 row-size=12B cardinality=186 cost=240
|  |  |  in pipelines: 31(GETNEXT)
|  |  |
|  |  F24:PLAN FRAGMENT [RANDOM] hosts=1 instances=1
|  |  Per-Instance Resources: mem-estimate=20.06MB mem-reservation=4.50MB thread-reservation=1
|  |  max-parallelism=1 segment-costs=[16738]
|  |  81:TUPLE CACHE
|  |  |  cache key: 3776d9cc82f535e93718d6c4521b6702
|  |  |  input scan node ids: 31
|  |  |  estimated serialized size: 2.91KB
|  |  |  estimated serialized size per node: 2.91KB
|  |  |  cumulative processing cost: 16728
|  |  |  cache read processing cost: 24
|  |  |  cache write processing cost: 8
|  |  |  mem-estimate=4.00MB mem-reservation=4.00MB spill-buffer=2.00MB thread-reservation=0
|  |  |  tuple-ids=26 row-size=12B cardinality=186 cost=0
|  |  |  in pipelines: 31(GETNEXT)
|  |  |
|  |  31:SCAN HDFS [tpcds_partitioned_parquet_snap.date_dim, RANDOM]
|  |     HDFS partitions=1/1 files=1 size=2.17MB
|  |     deterministic scan range assignment: true
|  |     schedule scan ranges oldest to newest: true
|  |     predicates: tpcds_partitioned_parquet_snap.date_dim.d_year = CAST(1998 AS INT), tpcds_partitioned_parquet_snap.date_dim.d_qoy = CAST(3 AS INT)
|  |     stored statistics:
|  |       table: rows=73.05K size=2.17MB
|  |       columns: all
|  |     extrapolated-rows=disabled max-scan-range-rows=73.05K
|  |     parquet statistics predicates: tpcds_partitioned_parquet_snap.date_dim.d_year = CAST(1998 AS INT), tpcds_partitioned_parquet_snap.date_dim.d_qoy = CAST(3 AS INT)
|  |     parquet dictionary predicates: tpcds_partitioned_parquet_snap.date_dim.d_year = CAST(1998 AS INT), tpcds_partitioned_parquet_snap.date_dim.d_qoy = CAST(3 AS INT)
|  |     mem-estimate=16.00MB mem-reservation=512.00KB thread-reservation=0
|  |     tuple-ids=26 row-size=12B cardinality=186 cost=16728
|  |     in pipelines: 31(GETNEXT)
|  |
|  30:SCAN HDFS [tpcds_partitioned_parquet_snap.web_sales, RANDOM]
|     HDFS partitions=1824/1824 files=1824 size=145.75GB
|     runtime filters: RF031[min_max] -> ws_bill_addr_sk, RF032[bloom] -> ws_sold_date_sk
|     stored statistics:
|       table: rows=2.16G size=145.75GB
|       partitions: 1824/1824 rows=2.16G
|       columns: all
|     extrapolated-rows=disabled max-scan-range-rows=3.37M est-scan-range=187(filtered from 1824)
|     mem-estimate=16.00MB mem-reservation=128.00KB thread-reservation=0
|     tuple-ids=25 row-size=12B cardinality=220.26M(filtered from 2.16G) cost=38060909
|     in pipelines: 30(GETNEXT)
|
39:HASH JOIN [INNER JOIN, PARTITIONED]
|  hash-table-id=03
|  hash predicates: ca_county = ca_county
|  fk/pk conjuncts: none
|  other predicates: CASE WHEN sum(ws_ext_sales_price) > CAST(0 AS DECIMAL(3,0)) THEN sum(ws_ext_sales_price) / sum(ws_ext_sales_price) ELSE NULL END > CASE WHEN sum(ss_ext_sales_price) > CAST(0 AS DECIMAL(3,0)) THEN sum(ss_ext_sales_price) / sum(ss_ext_sales_price) ELSE NULL END
|  mem-estimate=0B mem-reservation=0B spill-buffer=64.00KB thread-reservation=0
|  tuple-ids=3,8,13,18,23 row-size=250B cardinality=15.00M cost=6565500
|  in pipelines: 45(GETNEXT), 67(OPEN)
|
|--F32:PLAN FRAGMENT [HASH(ca_county)] hosts=10 instances=20 (adjusted from 120)
|  |  Per-Instance Resources: mem-estimate=2.47MB mem-reservation=1.94MB thread-reservation=1
|  |  max-parallelism=20 segment-costs=[2447] cpu-comparison-result=130 [max(20 (self) vs 130 (sum children))]
|  JOIN BUILD
|  |  join-table-id=03 plan-id=04 cohort-id=01
|  |  build expressions: ca_county
|  |  runtime filters: RF003[min_max] <- ca_county
|  |  mem-estimate=1.94MB mem-reservation=1.94MB spill-buffer=64.00KB thread-reservation=0 cost=1825
|  |
|  68:EXCHANGE [HASH(ca_county)]
|  |  mem-estimate=548.52KB mem-reservation=0B thread-reservation=0
|  |  tuple-ids=23 row-size=50B cardinality=1.82K cost=622
|  |  in pipelines: 67(GETNEXT)
|  |
|  F22:PLAN FRAGMENT [HASH(ca_county,d_qoy,d_year)] hosts=10 instances=10 (adjusted from 120)
|  Per-Instance Resources: mem-estimate=14.22MB mem-reservation=2.88MB thread-reservation=1
|  max-parallelism=10 segment-costs=[383853, 6812] cpu-comparison-result=130 [max(10 (self) vs 130 (sum children))]
|  67:AGGREGATE [FINALIZE]
|  |  output: sum:merge(ws_ext_sales_price)
|  |  group by: ca_county, d_qoy, d_year
|  |  mem-estimate=10.00MB mem-reservation=2.88MB spill-buffer=128.00KB thread-reservation=0
|  |  tuple-ids=23 row-size=50B cardinality=1.82K cost=309192
|  |  in pipelines: 67(GETNEXT), 24(OPEN)
|  |
|  66:EXCHANGE [HASH(ca_county,d_qoy,d_year)]
|  |  mem-estimate=3.68MB mem-reservation=0B thread-reservation=0
|  |  tuple-ids=23 row-size=50B cardinality=219.00K cost=74661
|  |  in pipelines: 24(GETNEXT)
|  |
|  F21:PLAN FRAGMENT [HASH(ws_bill_addr_sk)] hosts=10 instances=50 (adjusted from 120)
|  Per-Instance Resources: mem-estimate=99.16MB mem-reservation=34.00MB thread-reservation=1
|  max-parallelism=50 segment-costs=[445838457, 817464] cpu-comparison-result=130 [max(130 (self) vs 71 (sum children))]
|  29:AGGREGATE [STREAMING]
|  |  output: sum(ws_ext_sales_price)
|  |  group by: ca_county, d_qoy, d_year
|  |  mem-estimate=84.55MB mem-reservation=34.00MB spill-buffer=2.00MB thread-reservation=0
|  |  tuple-ids=23 row-size=50B cardinality=219.00K cost=293832325
|  |  in pipelines: 24(GETNEXT)
|  |
|  28:HASH JOIN [INNER JOIN, PARTITIONED]
|  |  hash-table-id=04
|  |  hash predicates: ws_bill_addr_sk = ca_address_sk
|  |  fk/pk conjuncts: ws_bill_addr_sk = ca_address_sk
|  |  mem-estimate=0B mem-reservation=0B spill-buffer=2.00MB thread-reservation=0
|  |  tuple-ids=20,21,22 row-size=54B cardinality=213.11M cost=95113002
|  |  in pipelines: 24(GETNEXT), 26(OPEN)
|  |
|  |--F33:PLAN FRAGMENT [HASH(ws_bill_addr_sk)] hosts=10 instances=50 (adjusted from 120)
|  |  |  Per-Instance Resources: mem-estimate=44.33MB mem-reservation=34.00MB thread-reservation=1
|  |  |  max-parallelism=50 segment-costs=[18733835]
|  |  JOIN BUILD
|  |  |  join-table-id=04 plan-id=05 cohort-id=03
|  |  |  build expressions: ca_address_sk
|  |  |  runtime filters: RF027[min_max] <- ca_address_sk
|  |  |  mem-estimate=34.00MB mem-reservation=34.00MB spill-buffer=2.00MB thread-reservation=0 cost=15000000
|  |  |
|  |  65:EXCHANGE [HASH(ca_address_sk)]
|  |  |  mem-estimate=10.33MB mem-reservation=0B thread-reservation=0
|  |  |  tuple-ids=22 row-size=30B cardinality=15.00M cost=3733835
|  |  |  in pipelines: 26(GETNEXT)
|  |  |
|  |  F20:PLAN FRAGMENT [RANDOM] hosts=10 instances=10
|  |  Per-Instance Resources: mem-estimate=22.63MB mem-reservation=128.00KB thread-reservation=1
|  |  max-parallelism=10 segment-costs=[40550357]
|  |  26:SCAN HDFS [tpcds_partitioned_parquet_snap.customer_address, RANDOM]
|  |     HDFS partitions=1/1 files=1 size=307.36MB
|  |     runtime filters: RF001[min_max] -> tpcds_partitioned_parquet_snap.customer_address.ca_county
|  |     stored statistics:
|  |       table: rows=15.00M size=307.36MB
|  |       columns: all
|  |     extrapolated-rows=disabled max-scan-range-rows=1.58M
|  |     mem-estimate=16.00MB mem-reservation=128.00KB thread-reservation=0
|  |     tuple-ids=22 row-size=30B cardinality=15.00M cost=3879659
|  |     in pipelines: 26(GETNEXT)
|  |
|  64:EXCHANGE [HASH(ws_bill_addr_sk)]
|  |  mem-estimate=12.50MB mem-reservation=0B thread-reservation=0
|  |  tuple-ids=20,21 row-size=24B cardinality=220.26M cost=56893130
|  |  in pipelines: 24(GETNEXT)
|  |
|  F18:PLAN FRAGMENT [RANDOM] hosts=10 instances=80 (adjusted from 120)
|  Per-Host Shared Resources: mem-estimate=1.00MB mem-reservation=1.00MB thread-reservation=0 runtime-filters-memory=1.00MB
|  Per-Instance Resources: mem-estimate=22.25MB mem-reservation=128.00KB thread-reservation=1
|  max-parallelism=80 segment-costs=[701858144]
|  27:HASH JOIN [INNER JOIN, BROADCAST]
|  |  hash-table-id=05
|  |  hash predicates: ws_sold_date_sk = d_date_sk
|  |  fk/pk conjuncts: ws_sold_date_sk = d_date_sk
|  |  mem-estimate=0B mem-reservation=0B spill-buffer=64.00KB thread-reservation=0
|  |  tuple-ids=20,21 row-size=24B cardinality=220.26M cost=96407754
|  |  in pipelines: 24(GETNEXT), 25(OPEN)
|  |
|  |--F34:PLAN FRAGMENT [RANDOM] hosts=10 instances=10
|  |  |  Per-Instance Resources: mem-estimate=16.52MB mem-reservation=16.50MB thread-reservation=1 runtime-filters-memory=1.00MB
|  |  |  max-parallelism=10 segment-costs=[426]
|  |  JOIN BUILD
|  |  |  join-table-id=05 plan-id=06 cohort-id=03
|  |  |  build expressions: d_date_sk
|  |  |  runtime filters: RF028[bloom] <- d_date_sk
|  |  |  mem-estimate=15.50MB mem-reservation=15.50MB spill-buffer=64.00KB thread-reservation=0 cost=186
|  |  |
|  |  63:EXCHANGE [BROADCAST]
|  |  |  mem-estimate=16.00KB mem-reservation=0B thread-reservation=0
|  |  |  tuple-ids=21 row-size=12B cardinality=186 cost=240
|  |  |  in pipelines: 25(GETNEXT)
|  |  |
|  |  F19:PLAN FRAGMENT [RANDOM] hosts=1 instances=1
|  |  Per-Instance Resources: mem-estimate=20.06MB mem-reservation=4.50MB thread-reservation=1
|  |  max-parallelism=1 segment-costs=[16738]
|  |  80:TUPLE CACHE
|  |  |  cache key: 4587678aa02e339099a7ef5cfb9a931a
|  |  |  input scan node ids: 25
|  |  |  estimated serialized size: 2.91KB
|  |  |  estimated serialized size per node: 2.91KB
|  |  |  cumulative processing cost: 16728
|  |  |  cache read processing cost: 24
|  |  |  cache write processing cost: 8
|  |  |  mem-estimate=4.00MB mem-reservation=4.00MB spill-buffer=2.00MB thread-reservation=0
|  |  |  tuple-ids=21 row-size=12B cardinality=186 cost=0
|  |  |  in pipelines: 25(GETNEXT)
|  |  |
|  |  25:SCAN HDFS [tpcds_partitioned_parquet_snap.date_dim, RANDOM]
|  |     HDFS partitions=1/1 files=1 size=2.17MB
|  |     deterministic scan range assignment: true
|  |     schedule scan ranges oldest to newest: true
|  |     predicates: tpcds_partitioned_parquet_snap.date_dim.d_year = CAST(1998 AS INT), tpcds_partitioned_parquet_snap.date_dim.d_qoy = CAST(2 AS INT)
|  |     stored statistics:
|  |       table: rows=73.05K size=2.17MB
|  |       columns: all
|  |     extrapolated-rows=disabled max-scan-range-rows=73.05K
|  |     parquet statistics predicates: tpcds_partitioned_parquet_snap.date_dim.d_year = CAST(1998 AS INT), tpcds_partitioned_parquet_snap.date_dim.d_qoy = CAST(2 AS INT)
|  |     parquet dictionary predicates: tpcds_partitioned_parquet_snap.date_dim.d_year = CAST(1998 AS INT), tpcds_partitioned_parquet_snap.date_dim.d_qoy = CAST(2 AS INT)
|  |     mem-estimate=16.00MB mem-reservation=512.00KB thread-reservation=0
|  |     tuple-ids=21 row-size=12B cardinality=186 cost=16728
|  |     in pipelines: 25(GETNEXT)
|  |
|  24:SCAN HDFS [tpcds_partitioned_parquet_snap.web_sales, RANDOM]
|     HDFS partitions=1824/1824 files=1824 size=145.75GB
|     runtime filters: RF027[min_max] -> ws_bill_addr_sk, RF028[bloom] -> ws_sold_date_sk
|     stored statistics:
|       table: rows=2.16G size=145.75GB
|       partitions: 1824/1824 rows=2.16G
|       columns: all
|     extrapolated-rows=disabled max-scan-range-rows=3.37M est-scan-range=187(filtered from 1824)
|     mem-estimate=16.00MB mem-reservation=128.00KB thread-reservation=0
|     tuple-ids=20 row-size=12B cardinality=220.26M(filtered from 2.16G) cost=38060909
|     in pipelines: 24(GETNEXT)
|
38:HASH JOIN [INNER JOIN, PARTITIONED]
|  hash-table-id=06
|  hash predicates: ca_county = ca_county
|  fk/pk conjuncts: none
|  mem-estimate=0B mem-reservation=0B spill-buffer=64.00KB thread-reservation=0
|  tuple-ids=3,8,13,18 row-size=200B cardinality=15.00M cost=6565500
|  in pipelines: 45(GETNEXT), 61(OPEN)
|
|--F35:PLAN FRAGMENT [HASH(ca_county)] hosts=10 instances=20 (adjusted from 120)
|  |  Per-Instance Resources: mem-estimate=2.47MB mem-reservation=1.94MB thread-reservation=1
|  |  max-parallelism=20 segment-costs=[2447] cpu-comparison-result=130 [max(20 (self) vs 130 (sum children))]
|  JOIN BUILD
|  |  join-table-id=06 plan-id=07 cohort-id=01
|  |  build expressions: ca_county
|  |  runtime filters: RF005[min_max] <- ca_county
|  |  mem-estimate=1.94MB mem-reservation=1.94MB spill-buffer=64.00KB thread-reservation=0 cost=1825
|  |
|  62:EXCHANGE [HASH(ca_county)]
|  |  mem-estimate=548.52KB mem-reservation=0B thread-reservation=0
|  |  tuple-ids=18 row-size=50B cardinality=1.82K cost=622
|  |  in pipelines: 61(GETNEXT)
|  |
|  F17:PLAN FRAGMENT [HASH(ca_county,d_qoy,d_year)] hosts=10 instances=10 (adjusted from 120)
|  Per-Instance Resources: mem-estimate=14.22MB mem-reservation=2.88MB thread-reservation=1
|  max-parallelism=10 segment-costs=[383853, 6812] cpu-comparison-result=130 [max(10 (self) vs 130 (sum children))]
|  61:AGGREGATE [FINALIZE]
|  |  output: sum:merge(ws_ext_sales_price)
|  |  group by: ca_county, d_qoy, d_year
|  |  mem-estimate=10.00MB mem-reservation=2.88MB spill-buffer=128.00KB thread-reservation=0
|  |  tuple-ids=18 row-size=50B cardinality=1.82K cost=309192
|  |  in pipelines: 61(GETNEXT), 18(OPEN)
|  |
|  60:EXCHANGE [HASH(ca_county,d_qoy,d_year)]
|  |  mem-estimate=3.68MB mem-reservation=0B thread-reservation=0
|  |  tuple-ids=18 row-size=50B cardinality=219.00K cost=74661
|  |  in pipelines: 18(GETNEXT)
|  |
|  F16:PLAN FRAGMENT [HASH(ws_bill_addr_sk)] hosts=10 instances=50 (adjusted from 120)
|  Per-Instance Resources: mem-estimate=99.16MB mem-reservation=34.00MB thread-reservation=1
|  max-parallelism=50 segment-costs=[445838457, 817464] cpu-comparison-result=130 [max(130 (self) vs 71 (sum children))]
|  23:AGGREGATE [STREAMING]
|  |  output: sum(ws_ext_sales_price)
|  |  group by: ca_county, d_qoy, d_year
|  |  mem-estimate=84.55MB mem-reservation=34.00MB spill-buffer=2.00MB thread-reservation=0
|  |  tuple-ids=18 row-size=50B cardinality=219.00K cost=293832325
|  |  in pipelines: 18(GETNEXT)
|  |
|  22:HASH JOIN [INNER JOIN, PARTITIONED]
|  |  hash-table-id=07
|  |  hash predicates: ws_bill_addr_sk = ca_address_sk
|  |  fk/pk conjuncts: ws_bill_addr_sk = ca_address_sk
|  |  mem-estimate=0B mem-reservation=0B spill-buffer=2.00MB thread-reservation=0
|  |  tuple-ids=15,16,17 row-size=54B cardinality=213.11M cost=95113002
|  |  in pipelines: 18(GETNEXT), 20(OPEN)
|  |
|  |--F36:PLAN FRAGMENT [HASH(ws_bill_addr_sk)] hosts=10 instances=50 (adjusted from 120)
|  |  |  Per-Instance Resources: mem-estimate=60.33MB mem-reservation=50.00MB thread-reservation=1 runtime-filters-memory=16.00MB
|  |  |  max-parallelism=50 segment-costs=[18733835]
|  |  JOIN BUILD
|  |  |  join-table-id=07 plan-id=08 cohort-id=04
|  |  |  build expressions: ca_address_sk
|  |  |  runtime filters: RF022[bloom] <- ca_address_sk, RF023[min_max] <- ca_address_sk
|  |  |  mem-estimate=34.00MB mem-reservation=34.00MB spill-buffer=2.00MB thread-reservation=0 cost=15000000
|  |  |
|  |  59:EXCHANGE [HASH(ca_address_sk)]
|  |  |  mem-estimate=10.33MB mem-reservation=0B thread-reservation=0
|  |  |  tuple-ids=17 row-size=30B cardinality=15.00M cost=3733835
|  |  |  in pipelines: 20(GETNEXT)
|  |  |
|  |  F15:PLAN FRAGMENT [RANDOM] hosts=10 instances=10
|  |  Per-Instance Resources: mem-estimate=22.63MB mem-reservation=128.00KB thread-reservation=1
|  |  max-parallelism=10 segment-costs=[40550357]
|  |  20:SCAN HDFS [tpcds_partitioned_parquet_snap.customer_address, RANDOM]
|  |     HDFS partitions=1/1 files=1 size=307.36MB
|  |     runtime filters: RF001[min_max] -> tpcds_partitioned_parquet_snap.customer_address.ca_county, RF003[min_max] -> tpcds_partitioned_parquet_snap.customer_address.ca_county
|  |     stored statistics:
|  |       table: rows=15.00M size=307.36MB
|  |       columns: all
|  |     extrapolated-rows=disabled max-scan-range-rows=1.58M
|  |     mem-estimate=16.00MB mem-reservation=128.00KB thread-reservation=0
|  |     tuple-ids=17 row-size=30B cardinality=15.00M cost=3879659
|  |     in pipelines: 20(GETNEXT)
|  |
|  58:EXCHANGE [HASH(ws_bill_addr_sk)]
|  |  mem-estimate=12.50MB mem-reservation=0B thread-reservation=0
|  |  tuple-ids=15,16 row-size=24B cardinality=220.26M cost=56893130
|  |  in pipelines: 18(GETNEXT)
|  |
|  F13:PLAN FRAGMENT [RANDOM] hosts=10 instances=80 (adjusted from 120)
|  Per-Host Shared Resources: mem-estimate=17.00MB mem-reservation=17.00MB thread-reservation=0 runtime-filters-memory=17.00MB
|  Per-Instance Resources: mem-estimate=22.25MB mem-reservation=128.00KB thread-reservation=1
|  max-parallelism=80 segment-costs=[701858144]
|  21:HASH JOIN [INNER JOIN, BROADCAST]
|  |  hash-table-id=08
|  |  hash predicates: ws_sold_date_sk = d_date_sk
|  |  fk/pk conjuncts: ws_sold_date_sk = d_date_sk
|  |  mem-estimate=0B mem-reservation=0B spill-buffer=64.00KB thread-reservation=0
|  |  tuple-ids=15,16 row-size=24B cardinality=220.26M cost=96407754
|  |  in pipelines: 18(GETNEXT), 19(OPEN)
|  |
|  |--F37:PLAN FRAGMENT [RANDOM] hosts=10 instances=10
|  |  |  Per-Instance Resources: mem-estimate=16.52MB mem-reservation=16.50MB thread-reservation=1 runtime-filters-memory=1.00MB
|  |  |  max-parallelism=10 segment-costs=[426]
|  |  JOIN BUILD
|  |  |  join-table-id=08 plan-id=09 cohort-id=04
|  |  |  build expressions: d_date_sk
|  |  |  runtime filters: RF024[bloom] <- d_date_sk
|  |  |  mem-estimate=15.50MB mem-reservation=15.50MB spill-buffer=64.00KB thread-reservation=0 cost=186
|  |  |
|  |  57:EXCHANGE [BROADCAST]
|  |  |  mem-estimate=16.00KB mem-reservation=0B thread-reservation=0
|  |  |  tuple-ids=16 row-size=12B cardinality=186 cost=240
|  |  |  in pipelines: 19(GETNEXT)
|  |  |
|  |  F14:PLAN FRAGMENT [RANDOM] hosts=1 instances=1
|  |  Per-Instance Resources: mem-estimate=20.06MB mem-reservation=4.50MB thread-reservation=1
|  |  max-parallelism=1 segment-costs=[16738]
|  |  79:TUPLE CACHE
|  |  |  cache key: c771e8849e4607a35989fdb3fe88b710
|  |  |  input scan node ids: 19
|  |  |  estimated serialized size: 2.91KB
|  |  |  estimated serialized size per node: 2.91KB
|  |  |  cumulative processing cost: 16728
|  |  |  cache read processing cost: 24
|  |  |  cache write processing cost: 8
|  |  |  mem-estimate=4.00MB mem-reservation=4.00MB spill-buffer=2.00MB thread-reservation=0
|  |  |  tuple-ids=16 row-size=12B cardinality=186 cost=0
|  |  |  in pipelines: 19(GETNEXT)
|  |  |
|  |  19:SCAN HDFS [tpcds_partitioned_parquet_snap.date_dim, RANDOM]
|  |     HDFS partitions=1/1 files=1 size=2.17MB
|  |     deterministic scan range assignment: true
|  |     schedule scan ranges oldest to newest: true
|  |     predicates: tpcds_partitioned_parquet_snap.date_dim.d_year = CAST(1998 AS INT), tpcds_partitioned_parquet_snap.date_dim.d_qoy = CAST(1 AS INT)
|  |     stored statistics:
|  |       table: rows=73.05K size=2.17MB
|  |       columns: all
|  |     extrapolated-rows=disabled max-scan-range-rows=73.05K
|  |     parquet statistics predicates: tpcds_partitioned_parquet_snap.date_dim.d_year = CAST(1998 AS INT), tpcds_partitioned_parquet_snap.date_dim.d_qoy = CAST(1 AS INT)
|  |     parquet dictionary predicates: tpcds_partitioned_parquet_snap.date_dim.d_year = CAST(1998 AS INT), tpcds_partitioned_parquet_snap.date_dim.d_qoy = CAST(1 AS INT)
|  |     mem-estimate=16.00MB mem-reservation=512.00KB thread-reservation=0
|  |     tuple-ids=16 row-size=12B cardinality=186 cost=16728
|  |     in pipelines: 19(GETNEXT)
|  |
|  18:SCAN HDFS [tpcds_partitioned_parquet_snap.web_sales, RANDOM]
|     HDFS partitions=1824/1824 files=1824 size=145.75GB
|     runtime filters: RF023[min_max] -> ws_bill_addr_sk, RF024[bloom] -> ws_sold_date_sk, RF022[bloom] -> ws_bill_addr_sk
|     stored statistics:
|       table: rows=2.16G size=145.75GB
|       partitions: 1824/1824 rows=2.16G
|       columns: all
|     extrapolated-rows=disabled max-scan-range-rows=3.37M est-scan-range=187(filtered from 1824)
|     mem-estimate=16.00MB mem-reservation=128.00KB thread-reservation=0
|     tuple-ids=15 row-size=12B cardinality=220.26M(filtered from 2.16G) cost=38060909
|     in pipelines: 18(GETNEXT)
|
37:HASH JOIN [INNER JOIN, PARTITIONED]
|  hash-table-id=09
|  hash predicates: ca_county = ca_county
|  fk/pk conjuncts: none
|  mem-estimate=0B mem-reservation=0B spill-buffer=64.00KB thread-reservation=0
|  tuple-ids=3,8,13 row-size=150B cardinality=15.00M cost=3572305
|  in pipelines: 45(GETNEXT), 55(OPEN)
|
|--F38:PLAN FRAGMENT [HASH(ca_county)] hosts=10 instances=20 (adjusted from 120)
|  |  Per-Instance Resources: mem-estimate=2.47MB mem-reservation=1.94MB thread-reservation=1
|  |  max-parallelism=20 segment-costs=[2447] cpu-comparison-result=120 [max(20 (self) vs 120 (sum children))]
|  JOIN BUILD
|  |  join-table-id=09 plan-id=10 cohort-id=01
|  |  build expressions: ca_county
|  |  runtime filters: RF007[min_max] <- ca_county
|  |  mem-estimate=1.94MB mem-reservation=1.94MB spill-buffer=64.00KB thread-reservation=0 cost=1825
|  |
|  56:EXCHANGE [HASH(ca_county)]
|  |  mem-estimate=548.52KB mem-reservation=0B thread-reservation=0
|  |  tuple-ids=13 row-size=50B cardinality=1.82K cost=622
|  |  in pipelines: 55(GETNEXT)
|  |
|  F12:PLAN FRAGMENT [HASH(ca_county,d_qoy,d_year)] hosts=10 instances=10 (adjusted from 120)
|  Per-Instance Resources: mem-estimate=17.37MB mem-reservation=2.88MB thread-reservation=1
|  max-parallelism=10 segment-costs=[383853, 6812] cpu-comparison-result=120 [max(10 (self) vs 120 (sum children))]
|  55:AGGREGATE [FINALIZE]
|  |  output: sum:merge(ss_ext_sales_price)
|  |  group by: ca_county, d_qoy, d_year
|  |  mem-estimate=10.00MB mem-reservation=2.88MB spill-buffer=128.00KB thread-reservation=0
|  |  tuple-ids=13 row-size=50B cardinality=1.82K cost=309192
|  |  in pipelines: 55(GETNEXT), 12(OPEN)
|  |
|  54:EXCHANGE [HASH(ca_county,d_qoy,d_year)]
|  |  mem-estimate=7.37MB mem-reservation=0B thread-reservation=0
|  |  tuple-ids=13 row-size=50B cardinality=219.00K cost=74661
|  |  in pipelines: 12(GETNEXT)
|  |
|  F09:PLAN FRAGMENT [RANDOM] hosts=10 instances=120
|  Per-Host Shared Resources: mem-estimate=17.00MB mem-reservation=17.00MB thread-reservation=0 runtime-filters-memory=17.00MB
|  Per-Instance Resources: mem-estimate=102.66MB mem-reservation=42.00MB thread-reservation=1
|  max-parallelism=187 segment-costs=[2090696050, 817464] cpu-comparison-result=120 [max(120 (self) vs 31 (sum children))]
|  17:AGGREGATE [STREAMING]
|  |  output: sum(ss_ext_sales_price)
|  |  group by: ca_county, d_qoy, d_year
|  |  mem-estimate=84.55MB mem-reservation=34.00MB spill-buffer=2.00MB thread-reservation=0
|  |  tuple-ids=13 row-size=50B cardinality=219.00K cost=1172362655
|  |  in pipelines: 12(GETNEXT)
|  |
|  16:HASH JOIN [INNER JOIN, BROADCAST]
|  |  hash-table-id=10
|  |  hash predicates: ss_addr_sk = ca_address_sk
|  |  fk/pk conjuncts: ss_addr_sk = ca_address_sk
|  |  mem-estimate=0B mem-reservation=0B spill-buffer=2.00MB thread-reservation=0
|  |  tuple-ids=10,11,12 row-size=54B cardinality=852.46M cost=380454799
|  |  in pipelines: 12(GETNEXT), 14(OPEN)
|  |
|  |--F39:PLAN FRAGMENT [RANDOM] hosts=10 instances=10
|  |  |  Per-Instance Resources: mem-estimate=838.93MB mem-reservation=424.00MB thread-reservation=1 runtime-filters-memory=16.00MB
|  |  |  max-parallelism=10 segment-costs=[34934990]
|  |  JOIN BUILD
|  |  |  join-table-id=10 plan-id=11 cohort-id=05
|  |  |  build expressions: ca_address_sk
|  |  |  runtime filters: RF018[bloom] <- ca_address_sk, RF019[min_max] <- ca_address_sk
|  |  |  mem-estimate=812.60MB mem-reservation=408.00MB spill-buffer=2.00MB thread-reservation=0 cost=15000000
|  |  |
|  |  53:EXCHANGE [BROADCAST]
|  |  |  mem-estimate=10.33MB mem-reservation=0B thread-reservation=0
|  |  |  tuple-ids=12 row-size=30B cardinality=15.00M cost=19934990
|  |  |  in pipelines: 14(GETNEXT)
|  |  |
|  |  F11:PLAN FRAGMENT [RANDOM] hosts=10 instances=10
|  |  Per-Instance Resources: mem-estimate=16.13MB mem-reservation=128.00KB thread-reservation=1
|  |  max-parallelism=10 segment-costs=[5417095]
|  |  14:SCAN HDFS [tpcds_partitioned_parquet_snap.customer_address, RANDOM]
|  |     HDFS partitions=1/1 files=1 size=307.36MB
|  |     runtime filters: RF001[min_max] -> tpcds_partitioned_parquet_snap.customer_address.ca_county, RF003[min_max] -> tpcds_partitioned_parquet_snap.customer_address.ca_county, RF005[min_max] -> tpcds_partitioned_parquet_snap.customer_address.ca_county
|  |     stored statistics:
|  |       table: rows=15.00M size=307.36MB
|  |       columns: all
|  |     extrapolated-rows=disabled max-scan-range-rows=1.58M
|  |     mem-estimate=16.00MB mem-reservation=128.00KB thread-reservation=0
|  |     tuple-ids=12 row-size=30B cardinality=15.00M cost=3879659
|  |     in pipelines: 14(GETNEXT)
|  |
|  15:HASH JOIN [INNER JOIN, BROADCAST]
|  |  hash-table-id=11
|  |  hash predicates: ss_sold_date_sk = d_date_sk
|  |  fk/pk conjuncts: ss_sold_date_sk = d_date_sk
|  |  mem-estimate=0B mem-reservation=0B spill-buffer=64.00KB thread-reservation=0
|  |  tuple-ids=10,11 row-size=24B cardinality=881.05M cost=385633844
|  |  in pipelines: 12(GETNEXT), 13(OPEN)
|  |
|  |--F40:PLAN FRAGMENT [RANDOM] hosts=10 instances=10
|  |  |  Per-Instance Resources: mem-estimate=24.27MB mem-reservation=24.25MB thread-reservation=1 runtime-filters-memory=1.00MB
|  |  |  max-parallelism=10 segment-costs=[426]
|  |  JOIN BUILD
|  |  |  join-table-id=11 plan-id=12 cohort-id=05
|  |  |  build expressions: d_date_sk
|  |  |  runtime filters: RF020[bloom] <- d_date_sk
|  |  |  mem-estimate=23.25MB mem-reservation=23.25MB spill-buffer=64.00KB thread-reservation=0 cost=186
|  |  |
|  |  52:EXCHANGE [BROADCAST]
|  |  |  mem-estimate=16.00KB mem-reservation=0B thread-reservation=0
|  |  |  tuple-ids=11 row-size=12B cardinality=186 cost=240
|  |  |  in pipelines: 13(GETNEXT)
|  |  |
|  |  F10:PLAN FRAGMENT [RANDOM] hosts=1 instances=1
|  |  Per-Instance Resources: mem-estimate=20.06MB mem-reservation=4.50MB thread-reservation=1
|  |  max-parallelism=1 segment-costs=[16738]
|  |  78:TUPLE CACHE
|  |  |  cache key: 3776d9cc82f535e93718d6c4521b6702
|  |  |  input scan node ids: 13
|  |  |  estimated serialized size: 2.91KB
|  |  |  estimated serialized size per node: 2.91KB
|  |  |  cumulative processing cost: 16728
|  |  |  cache read processing cost: 24
|  |  |  cache write processing cost: 8
|  |  |  mem-estimate=4.00MB mem-reservation=4.00MB spill-buffer=2.00MB thread-reservation=0
|  |  |  tuple-ids=11 row-size=12B cardinality=186 cost=0
|  |  |  in pipelines: 13(GETNEXT)
|  |  |
|  |  13:SCAN HDFS [tpcds_partitioned_parquet_snap.date_dim, RANDOM]
|  |     HDFS partitions=1/1 files=1 size=2.17MB
|  |     deterministic scan range assignment: true
|  |     schedule scan ranges oldest to newest: true
|  |     predicates: tpcds_partitioned_parquet_snap.date_dim.d_year = CAST(1998 AS INT), tpcds_partitioned_parquet_snap.date_dim.d_qoy = CAST(3 AS INT)
|  |     stored statistics:
|  |       table: rows=73.05K size=2.17MB
|  |       columns: all
|  |     extrapolated-rows=disabled max-scan-range-rows=73.05K
|  |     parquet statistics predicates: tpcds_partitioned_parquet_snap.date_dim.d_year = CAST(1998 AS INT), tpcds_partitioned_parquet_snap.date_dim.d_qoy = CAST(3 AS INT)
|  |     parquet dictionary predicates: tpcds_partitioned_parquet_snap.date_dim.d_year = CAST(1998 AS INT), tpcds_partitioned_parquet_snap.date_dim.d_qoy = CAST(3 AS INT)
|  |     mem-estimate=16.00MB mem-reservation=512.00KB thread-reservation=0
|  |     tuple-ids=11 row-size=12B cardinality=186 cost=16728
|  |     in pipelines: 13(GETNEXT)
|  |
|  12:SCAN HDFS [tpcds_partitioned_parquet_snap.store_sales, RANDOM]
|     HDFS partitions=1824/1824 files=1824 size=389.90GB
|     runtime filters: RF019[min_max] -> ss_addr_sk, RF020[bloom] -> ss_sold_date_sk, RF018[bloom] -> ss_addr_sk
|     stored statistics:
|       table: rows=8.64G size=389.90GB
|       partitions: 1824/1824 rows=8.64G
|       columns: all
|     extrapolated-rows=disabled max-scan-range-rows=390.22M est-scan-range=187(filtered from 1824)
|     mem-estimate=16.00MB mem-reservation=8.00MB thread-reservation=0
|     tuple-ids=10 row-size=12B cardinality=881.05M(filtered from 8.64G) cost=152244752
|     in pipelines: 12(GETNEXT)
|
36:HASH JOIN [INNER JOIN, PARTITIONED]
|  hash-table-id=12
|  hash predicates: ca_county = ca_county
|  fk/pk conjuncts: none
|  mem-estimate=0B mem-reservation=0B spill-buffer=64.00KB thread-reservation=0
|  tuple-ids=3,8 row-size=100B cardinality=3.33M cost=603977
|  in pipelines: 45(GETNEXT), 49(OPEN)
|
|--F41:PLAN FRAGMENT [HASH(ca_county)] hosts=10 instances=20 (adjusted from 120)
|  |  Per-Instance Resources: mem-estimate=2.47MB mem-reservation=1.94MB thread-reservation=1
|  |  max-parallelism=20 segment-costs=[2447] cpu-comparison-result=120 [max(20 (self) vs 120 (sum children))]
|  JOIN BUILD
|  |  join-table-id=12 plan-id=13 cohort-id=01
|  |  build expressions: ca_county
|  |  runtime filters: RF009[min_max] <- ca_county
|  |  mem-estimate=1.94MB mem-reservation=1.94MB spill-buffer=64.00KB thread-reservation=0 cost=1825
|  |
|  51:EXCHANGE [HASH(ca_county)]
|  |  mem-estimate=548.52KB mem-reservation=0B thread-reservation=0
|  |  tuple-ids=8 row-size=50B cardinality=1.82K cost=622
|  |  in pipelines: 49(GETNEXT)
|  |
|  F07:PLAN FRAGMENT [HASH(ca_county,d_qoy,d_year)] hosts=10 instances=10 (adjusted from 120)
|  Per-Instance Resources: mem-estimate=17.37MB mem-reservation=2.88MB thread-reservation=1
|  max-parallelism=10 segment-costs=[383853, 6812] cpu-comparison-result=120 [max(10 (self) vs 120 (sum children))]
|  49:AGGREGATE [FINALIZE]
|  |  output: sum:merge(ss_ext_sales_price)
|  |  group by: ca_county, d_qoy, d_year
|  |  mem-estimate=10.00MB mem-reservation=2.88MB spill-buffer=128.00KB thread-reservation=0
|  |  tuple-ids=8 row-size=50B cardinality=1.82K cost=309192
|  |  in pipelines: 49(GETNEXT), 06(OPEN)
|  |
|  48:EXCHANGE [HASH(ca_county,d_qoy,d_year)]
|  |  mem-estimate=7.37MB mem-reservation=0B thread-reservation=0
|  |  tuple-ids=8 row-size=50B cardinality=219.00K cost=74661
|  |  in pipelines: 06(GETNEXT)
|  |
|  F04:PLAN FRAGMENT [RANDOM] hosts=10 instances=120
|  Per-Host Shared Resources: mem-estimate=17.00MB mem-reservation=17.00MB thread-reservation=0 runtime-filters-memory=17.00MB
|  Per-Instance Resources: mem-estimate=102.66MB mem-reservation=42.00MB thread-reservation=1
|  max-parallelism=187 segment-costs=[2090696050, 817464] cpu-comparison-result=120 [max(120 (self) vs 31 (sum children))]
|  11:AGGREGATE [STREAMING]
|  |  output: sum(ss_ext_sales_price)
|  |  group by: ca_county, d_qoy, d_year
|  |  mem-estimate=84.55MB mem-reservation=34.00MB spill-buffer=2.00MB thread-reservation=0
|  |  tuple-ids=8 row-size=50B cardinality=219.00K cost=1172362655
|  |  in pipelines: 06(GETNEXT)
|  |
|  10:HASH JOIN [INNER JOIN, BROADCAST]
|  |  hash-table-id=13
|  |  hash predicates: ss_addr_sk = ca_address_sk
|  |  fk/pk conjuncts: ss_addr_sk = ca_address_sk
|  |  mem-estimate=0B mem-reservation=0B spill-buffer=2.00MB thread-reservation=0
|  |  tuple-ids=5,6,7 row-size=54B cardinality=852.46M cost=380454799
|  |  in pipelines: 06(GETNEXT), 08(OPEN)
|  |
|  |--F42:PLAN FRAGMENT [RANDOM] hosts=10 instances=10
|  |  |  Per-Instance Resources: mem-estimate=838.93MB mem-reservation=424.00MB thread-reservation=1 runtime-filters-memory=16.00MB
|  |  |  max-parallelism=10 segment-costs=[34934990]
|  |  JOIN BUILD
|  |  |  join-table-id=13 plan-id=14 cohort-id=06
|  |  |  build expressions: ca_address_sk
|  |  |  runtime filters: RF014[bloom] <- ca_address_sk, RF015[min_max] <- ca_address_sk
|  |  |  mem-estimate=812.60MB mem-reservation=408.00MB spill-buffer=2.00MB thread-reservation=0 cost=15000000
|  |  |
|  |  47:EXCHANGE [BROADCAST]
|  |  |  mem-estimate=10.33MB mem-reservation=0B thread-reservation=0
|  |  |  tuple-ids=7 row-size=30B cardinality=15.00M cost=19934990
|  |  |  in pipelines: 08(GETNEXT)
|  |  |
|  |  F06:PLAN FRAGMENT [RANDOM] hosts=10 instances=10
|  |  Per-Instance Resources: mem-estimate=16.13MB mem-reservation=128.00KB thread-reservation=1
|  |  max-parallelism=10 segment-costs=[5417095]
|  |  08:SCAN HDFS [tpcds_partitioned_parquet_snap.customer_address, RANDOM]
|  |     HDFS partitions=1/1 files=1 size=307.36MB
|  |     runtime filters: RF001[min_max] -> tpcds_partitioned_parquet_snap.customer_address.ca_county, RF003[min_max] -> tpcds_partitioned_parquet_snap.customer_address.ca_county, RF005[min_max] -> tpcds_partitioned_parquet_snap.customer_address.ca_county, RF007[min_max] -> tpcds_partitioned_parquet_snap.customer_address.ca_county
|  |     stored statistics:
|  |       table: rows=15.00M size=307.36MB
|  |       columns: all
|  |     extrapolated-rows=disabled max-scan-range-rows=1.58M
|  |     mem-estimate=16.00MB mem-reservation=128.00KB thread-reservation=0
|  |     tuple-ids=7 row-size=30B cardinality=15.00M cost=3879659
|  |     in pipelines: 08(GETNEXT)
|  |
|  09:HASH JOIN [INNER JOIN, BROADCAST]
|  |  hash-table-id=14
|  |  hash predicates: ss_sold_date_sk = d_date_sk
|  |  fk/pk conjuncts: ss_sold_date_sk = d_date_sk
|  |  mem-estimate=0B mem-reservation=0B spill-buffer=64.00KB thread-reservation=0
|  |  tuple-ids=5,6 row-size=24B cardinality=881.05M cost=385633844
|  |  in pipelines: 06(GETNEXT), 07(OPEN)
|  |
|  |--F43:PLAN FRAGMENT [RANDOM] hosts=10 instances=10
|  |  |  Per-Instance Resources: mem-estimate=24.27MB mem-reservation=24.25MB thread-reservation=1 runtime-filters-memory=1.00MB
|  |  |  max-parallelism=10 segment-costs=[426]
|  |  JOIN BUILD
|  |  |  join-table-id=14 plan-id=15 cohort-id=06
|  |  |  build expressions: d_date_sk
|  |  |  runtime filters: RF016[bloom] <- d_date_sk
|  |  |  mem-estimate=23.25MB mem-reservation=23.25MB spill-buffer=64.00KB thread-reservation=0 cost=186
|  |  |
|  |  46:EXCHANGE [BROADCAST]
|  |  |  mem-estimate=16.00KB mem-reservation=0B thread-reservation=0
|  |  |  tuple-ids=6 row-size=12B cardinality=186 cost=240
|  |  |  in pipelines: 07(GETNEXT)
|  |  |
|  |  F05:PLAN FRAGMENT [RANDOM] hosts=1 instances=1
|  |  Per-Instance Resources: mem-estimate=20.06MB mem-reservation=4.50MB thread-reservation=1
|  |  max-parallelism=1 segment-costs=[16738]
|  |  77:TUPLE CACHE
|  |  |  cache key: 4587678aa02e339099a7ef5cfb9a931a
|  |  |  input scan node ids: 7
|  |  |  estimated serialized size: 2.91KB
|  |  |  estimated serialized size per node: 2.91KB
|  |  |  cumulative processing cost: 16728
|  |  |  cache read processing cost: 24
|  |  |  cache write processing cost: 8
|  |  |  mem-estimate=4.00MB mem-reservation=4.00MB spill-buffer=2.00MB thread-reservation=0
|  |  |  tuple-ids=6 row-size=12B cardinality=186 cost=0
|  |  |  in pipelines: 07(GETNEXT)
|  |  |
|  |  07:SCAN HDFS [tpcds_partitioned_parquet_snap.date_dim, RANDOM]
|  |     HDFS partitions=1/1 files=1 size=2.17MB
|  |     deterministic scan range assignment: true
|  |     schedule scan ranges oldest to newest: true
|  |     predicates: tpcds_partitioned_parquet_snap.date_dim.d_year = CAST(1998 AS INT), tpcds_partitioned_parquet_snap.date_dim.d_qoy = CAST(2 AS INT)
|  |     stored statistics:
|  |       table: rows=73.05K size=2.17MB
|  |       columns: all
|  |     extrapolated-rows=disabled max-scan-range-rows=73.05K
|  |     parquet statistics predicates: tpcds_partitioned_parquet_snap.date_dim.d_year = CAST(1998 AS INT), tpcds_partitioned_parquet_snap.date_dim.d_qoy = CAST(2 AS INT)
|  |     parquet dictionary predicates: tpcds_partitioned_parquet_snap.date_dim.d_year = CAST(1998 AS INT), tpcds_partitioned_parquet_snap.date_dim.d_qoy = CAST(2 AS INT)
|  |     mem-estimate=16.00MB mem-reservation=512.00KB thread-reservation=0
|  |     tuple-ids=6 row-size=12B cardinality=186 cost=16728
|  |     in pipelines: 07(GETNEXT)
|  |
|  06:SCAN HDFS [tpcds_partitioned_parquet_snap.store_sales, RANDOM]
|     HDFS partitions=1824/1824 files=1824 size=389.90GB
|     runtime filters: RF015[min_max] -> ss_addr_sk, RF016[bloom] -> ss_sold_date_sk, RF014[bloom] -> ss_addr_sk
|     stored statistics:
|       table: rows=8.64G size=389.90GB
|       partitions: 1824/1824 rows=8.64G
|       columns: all
|     extrapolated-rows=disabled max-scan-range-rows=390.22M est-scan-range=187(filtered from 1824)
|     mem-estimate=16.00MB mem-reservation=8.00MB thread-reservation=0
|     tuple-ids=5 row-size=12B cardinality=881.05M(filtered from 8.64G) cost=152244752
|     in pipelines: 06(GETNEXT)
|
50:EXCHANGE [HASH(ca_county)]
|  mem-estimate=548.52KB mem-reservation=0B thread-reservation=0
|  tuple-ids=3 row-size=50B cardinality=1.82K cost=622
|  in pipelines: 45(GETNEXT)
|
F03:PLAN FRAGMENT [HASH(ca_county,d_qoy,d_year)] hosts=10 instances=10 (adjusted from 120)
Per-Instance Resources: mem-estimate=17.37MB mem-reservation=2.88MB thread-reservation=1
max-parallelism=10 segment-costs=[383853, 6812] cpu-comparison-result=120 [max(10 (self) vs 120 (sum children))]
45:AGGREGATE [FINALIZE]
|  output: sum:merge(ss_ext_sales_price)
|  group by: ca_county, d_qoy, d_year
|  mem-estimate=10.00MB mem-reservation=2.88MB spill-buffer=128.00KB thread-reservation=0
|  tuple-ids=3 row-size=50B cardinality=1.82K cost=309192
|  in pipelines: 45(GETNEXT), 00(OPEN)
|
44:EXCHANGE [HASH(ca_county,d_qoy,d_year)]
|  mem-estimate=7.37MB mem-reservation=0B thread-reservation=0
|  tuple-ids=3 row-size=50B cardinality=219.00K cost=74661
|  in pipelines: 00(GETNEXT)
|
F00:PLAN FRAGMENT [RANDOM] hosts=10 instances=120
Per-Host Shared Resources: mem-estimate=17.00MB mem-reservation=17.00MB thread-reservation=0 runtime-filters-memory=17.00MB
Per-Instance Resources: mem-estimate=102.66MB mem-reservation=42.00MB thread-reservation=1
max-parallelism=187 segment-costs=[2090696050, 817464] cpu-comparison-result=120 [max(120 (self) vs 31 (sum children))]
05:AGGREGATE [STREAMING]
|  output: sum(ss_ext_sales_price)
|  group by: ca_county, d_qoy, d_year
|  mem-estimate=84.55MB mem-reservation=34.00MB spill-buffer=2.00MB thread-reservation=0
|  tuple-ids=3 row-size=50B cardinality=219.00K cost=1172362655
|  in pipelines: 00(GETNEXT)
|
04:HASH JOIN [INNER JOIN, BROADCAST]
|  hash-table-id=15
|  hash predicates: ss_addr_sk = ca_address_sk
|  fk/pk conjuncts: ss_addr_sk = ca_address_sk
|  mem-estimate=0B mem-reservation=0B spill-buffer=2.00MB thread-reservation=0
|  tuple-ids=0,1,2 row-size=54B cardinality=852.46M cost=380454799
|  in pipelines: 00(GETNEXT), 02(OPEN)
|
|--F44:PLAN FRAGMENT [RANDOM] hosts=10 instances=10
|  |  Per-Instance Resources: mem-estimate=838.93MB mem-reservation=424.00MB thread-reservation=1 runtime-filters-memory=16.00MB
|  |  max-parallelism=10 segment-costs=[34934990]
|  JOIN BUILD
|  |  join-table-id=15 plan-id=16 cohort-id=01
|  |  build expressions: ca_address_sk
|  |  runtime filters: RF010[bloom] <- ca_address_sk, RF011[min_max] <- ca_address_sk
|  |  mem-estimate=812.60MB mem-reservation=408.00MB spill-buffer=2.00MB thread-reservation=0 cost=15000000
|  |
|  43:EXCHANGE [BROADCAST]
|  |  mem-estimate=10.33MB mem-reservation=0B thread-reservation=0
|  |  tuple-ids=2 row-size=30B cardinality=15.00M cost=19934990
|  |  in pipelines: 02(GETNEXT)
|  |
|  F02:PLAN FRAGMENT [RANDOM] hosts=10 instances=10
|  Per-Instance Resources: mem-estimate=16.13MB mem-reservation=128.00KB thread-reservation=1
|  max-parallelism=10 segment-costs=[5417095]
|  02:SCAN HDFS [tpcds_partitioned_parquet_snap.customer_address, RANDOM]
|     HDFS partitions=1/1 files=1 size=307.36MB
|     runtime filters: RF001[min_max] -> tpcds_partitioned_parquet_snap.customer_address.ca_county, RF003[min_max] -> tpcds_partitioned_parquet_snap.customer_address.ca_county, RF005[min_max] -> tpcds_partitioned_parquet_snap.customer_address.ca_county, RF007[min_max] -> tpcds_partitioned_parquet_snap.customer_address.ca_county, RF009[min_max] -> tpcds_partitioned_parquet_snap.customer_address.ca_county
|     stored statistics:
|       table: rows=15.00M size=307.36MB
|       columns: all
|     extrapolated-rows=disabled max-scan-range-rows=1.58M
|     mem-estimate=16.00MB mem-reservation=128.00KB thread-reservation=0
|     tuple-ids=2 row-size=30B cardinality=15.00M cost=3879659
|     in pipelines: 02(GETNEXT)
|
03:HASH JOIN [INNER JOIN, BROADCAST]
|  hash-table-id=16
|  hash predicates: ss_sold_date_sk = d_date_sk
|  fk/pk conjuncts: ss_sold_date_sk = d_date_sk
|  mem-estimate=0B mem-reservation=0B spill-buffer=64.00KB thread-reservation=0
|  tuple-ids=0,1 row-size=24B cardinality=881.05M cost=385633844
|  in pipelines: 00(GETNEXT), 01(OPEN)
|
|--F45:PLAN FRAGMENT [RANDOM] hosts=10 instances=10
|  |  Per-Instance Resources: mem-estimate=24.27MB mem-reservation=24.25MB thread-reservation=1 runtime-filters-memory=1.00MB
|  |  max-parallelism=10 segment-costs=[426]
|  JOIN BUILD
|  |  join-table-id=16 plan-id=17 cohort-id=01
|  |  build expressions: d_date_sk
|  |  runtime filters: RF012[bloom] <- d_date_sk
|  |  mem-estimate=23.25MB mem-reservation=23.25MB spill-buffer=64.00KB thread-reservation=0 cost=186
|  |
|  42:EXCHANGE [BROADCAST]
|  |  mem-estimate=16.00KB mem-reservation=0B thread-reservation=0
|  |  tuple-ids=1 row-size=12B cardinality=186 cost=240
|  |  in pipelines: 01(GETNEXT)
|  |
|  F01:PLAN FRAGMENT [RANDOM] hosts=1 instances=1
|  Per-Instance Resources: mem-estimate=20.06MB mem-reservation=4.50MB thread-reservation=1
|  max-parallelism=1 segment-costs=[16738]
|  76:TUPLE CACHE
|  |  cache key: c771e8849e4607a35989fdb3fe88b710
|  |  input scan node ids: 1
|  |  estimated serialized size: 2.91KB
|  |  estimated serialized size per node: 2.91KB
|  |  cumulative processing cost: 16728
|  |  cache read processing cost: 24
|  |  cache write processing cost: 8
|  |  mem-estimate=4.00MB mem-reservation=4.00MB spill-buffer=2.00MB thread-reservation=0
|  |  tuple-ids=1 row-size=12B cardinality=186 cost=0
|  |  in pipelines: 01(GETNEXT)
|  |
|  01:SCAN HDFS [tpcds_partitioned_parquet_snap.date_dim, RANDOM]
|     HDFS partitions=1/1 files=1 size=2.17MB
|     deterministic scan range assignment: true
|     schedule scan ranges oldest to newest: true
|     predicates: tpcds_partitioned_parquet_snap.date_dim.d_year = CAST(1998 AS INT), tpcds_partitioned_parquet_snap.date_dim.d_qoy = CAST(1 AS INT)
|     stored statistics:
|       table: rows=73.05K size=2.17MB
|       columns: all
|     extrapolated-rows=disabled max-scan-range-rows=73.05K
|     parquet statistics predicates: tpcds_partitioned_parquet_snap.date_dim.d_year = CAST(1998 AS INT), tpcds_partitioned_parquet_snap.date_dim.d_qoy = CAST(1 AS INT)
|     parquet dictionary predicates: tpcds_partitioned_parquet_snap.date_dim.d_year = CAST(1998 AS INT), tpcds_partitioned_parquet_snap.date_dim.d_qoy = CAST(1 AS INT)
|     mem-estimate=16.00MB mem-reservation=512.00KB thread-reservation=0
|     tuple-ids=1 row-size=12B cardinality=186 cost=16728
|     in pipelines: 01(GETNEXT)
|
00:SCAN HDFS [tpcds_partitioned_parquet_snap.store_sales, RANDOM]
   HDFS partitions=1824/1824 files=1824 size=389.90GB
   runtime filters: RF011[min_max] -> ss_addr_sk, RF012[bloom] -> ss_sold_date_sk, RF010[bloom] -> ss_addr_sk
   stored statistics:
     table: rows=8.64G size=389.90GB
     partitions: 1824/1824 rows=8.64G
     columns: all
   extrapolated-rows=disabled max-scan-range-rows=390.22M est-scan-range=187(filtered from 1824)
   mem-estimate=16.00MB mem-reservation=8.00MB thread-reservation=0
   tuple-ids=0 row-size=12B cardinality=881.05M(filtered from 8.64G) cost=152244752
   in pipelines: 00(GETNEXT)
====
