# TPCDS-Q88
# start query 88 in stream 0 using template query88.tpl using seed 1427045415
select  *
from
 (select count(*) h8_30_to_9
 from store_sales, household_demographics , time_dim, store
 where ss_sold_time_sk = time_dim.t_time_sk
     and ss_hdemo_sk = household_demographics.hd_demo_sk
     and ss_store_sk = s_store_sk
     and time_dim.t_hour = 8
     and time_dim.t_minute >= 30
     and ((household_demographics.hd_dep_count = 1 and household_demographics.hd_vehicle_count<=1+2) or
          (household_demographics.hd_dep_count = 2 and household_demographics.hd_vehicle_count<=2+2) or
          (household_demographics.hd_dep_count = 0 and household_demographics.hd_vehicle_count<=0+2))
     and store.s_store_name = 'ese') s1,
 (select count(*) h9_to_9_30
 from store_sales, household_demographics , time_dim, store
 where ss_sold_time_sk = time_dim.t_time_sk
     and ss_hdemo_sk = household_demographics.hd_demo_sk
     and ss_store_sk = s_store_sk
     and time_dim.t_hour = 9
     and time_dim.t_minute < 30
     and ((household_demographics.hd_dep_count = 1 and household_demographics.hd_vehicle_count<=1+2) or
          (household_demographics.hd_dep_count = 2 and household_demographics.hd_vehicle_count<=2+2) or
          (household_demographics.hd_dep_count = 0 and household_demographics.hd_vehicle_count<=0+2))
     and store.s_store_name = 'ese') s2,
 (select count(*) h9_30_to_10
 from store_sales, household_demographics , time_dim, store
 where ss_sold_time_sk = time_dim.t_time_sk
     and ss_hdemo_sk = household_demographics.hd_demo_sk
     and ss_store_sk = s_store_sk
     and time_dim.t_hour = 9
     and time_dim.t_minute >= 30
     and ((household_demographics.hd_dep_count = 1 and household_demographics.hd_vehicle_count<=1+2) or
          (household_demographics.hd_dep_count = 2 and household_demographics.hd_vehicle_count<=2+2) or
          (household_demographics.hd_dep_count = 0 and household_demographics.hd_vehicle_count<=0+2))
     and store.s_store_name = 'ese') s3,
 (select count(*) h10_to_10_30
 from store_sales, household_demographics , time_dim, store
 where ss_sold_time_sk = time_dim.t_time_sk
     and ss_hdemo_sk = household_demographics.hd_demo_sk
     and ss_store_sk = s_store_sk
     and time_dim.t_hour = 10
     and time_dim.t_minute < 30
     and ((household_demographics.hd_dep_count = 1 and household_demographics.hd_vehicle_count<=1+2) or
          (household_demographics.hd_dep_count = 2 and household_demographics.hd_vehicle_count<=2+2) or
          (household_demographics.hd_dep_count = 0 and household_demographics.hd_vehicle_count<=0+2))
     and store.s_store_name = 'ese') s4,
 (select count(*) h10_30_to_11
 from store_sales, household_demographics , time_dim, store
 where ss_sold_time_sk = time_dim.t_time_sk
     and ss_hdemo_sk = household_demographics.hd_demo_sk
     and ss_store_sk = s_store_sk
     and time_dim.t_hour = 10
     and time_dim.t_minute >= 30
     and ((household_demographics.hd_dep_count = 1 and household_demographics.hd_vehicle_count<=1+2) or
          (household_demographics.hd_dep_count = 2 and household_demographics.hd_vehicle_count<=2+2) or
          (household_demographics.hd_dep_count = 0 and household_demographics.hd_vehicle_count<=0+2))
     and store.s_store_name = 'ese') s5,
 (select count(*) h11_to_11_30
 from store_sales, household_demographics , time_dim, store
 where ss_sold_time_sk = time_dim.t_time_sk
     and ss_hdemo_sk = household_demographics.hd_demo_sk
     and ss_store_sk = s_store_sk
     and time_dim.t_hour = 11
     and time_dim.t_minute < 30
     and ((household_demographics.hd_dep_count = 1 and household_demographics.hd_vehicle_count<=1+2) or
          (household_demographics.hd_dep_count = 2 and household_demographics.hd_vehicle_count<=2+2) or
          (household_demographics.hd_dep_count = 0 and household_demographics.hd_vehicle_count<=0+2))
     and store.s_store_name = 'ese') s6,
 (select count(*) h11_30_to_12
 from store_sales, household_demographics , time_dim, store
 where ss_sold_time_sk = time_dim.t_time_sk
     and ss_hdemo_sk = household_demographics.hd_demo_sk
     and ss_store_sk = s_store_sk
     and time_dim.t_hour = 11
     and time_dim.t_minute >= 30
     and ((household_demographics.hd_dep_count = 1 and household_demographics.hd_vehicle_count<=1+2) or
          (household_demographics.hd_dep_count = 2 and household_demographics.hd_vehicle_count<=2+2) or
          (household_demographics.hd_dep_count = 0 and household_demographics.hd_vehicle_count<=0+2))
     and store.s_store_name = 'ese') s7,
 (select count(*) h12_to_12_30
 from store_sales, household_demographics , time_dim, store
 where ss_sold_time_sk = time_dim.t_time_sk
     and ss_hdemo_sk = household_demographics.hd_demo_sk
     and ss_store_sk = s_store_sk
     and time_dim.t_hour = 12
     and time_dim.t_minute < 30
     and ((household_demographics.hd_dep_count = 1 and household_demographics.hd_vehicle_count<=1+2) or
          (household_demographics.hd_dep_count = 2 and household_demographics.hd_vehicle_count<=2+2) or
          (household_demographics.hd_dep_count = 0 and household_demographics.hd_vehicle_count<=0+2))
     and store.s_store_name = 'ese') s8
;

# end query 88 in stream 0 using template query88.tpl
---- PLAN
Max Per-Host Resource Reservation: Memory=293.12MB Threads=1
Per-Host Resource Estimates: Memory=736MB
F00:PLAN FRAGMENT [UNPARTITIONED] hosts=1 instances=1
|  Per-Instance Resources: mem-estimate=736.50MB mem-reservation=293.12MB thread-reservation=1 runtime-filters-memory=10.00MB
|  max-parallelism=1 segment-costs=[1644387962, 1644387962, 1644387962, 1644387962, 1644387962, 1644387962, 1644387962, 1644387962, 8]
PLAN-ROOT SINK
|  output exprs: count(*), count(*), count(*), count(*), count(*), count(*), count(*), count(*)
|  mem-estimate=4.00MB mem-reservation=4.00MB spill-buffer=2.00MB thread-reservation=0 cost=8
|
112:TUPLE CACHE
|  cache key: 9bf08075db64443193fd59995579986e
|  input scan node ids: 0,2,1,3,8,10,9,11,16,18,17,19,24,26,25,27,32,34,33,35,40,42,41,43,48,50,49,51,56,58,57,59
|  estimated serialized size: 96B
|  estimated serialized size per node: 9B
|  cumulative processing cost: 13155103696
|  cache read processing cost: 0
|  cache write processing cost: 0
|  mem-estimate=4.00MB mem-reservation=4.00MB spill-buffer=2.00MB thread-reservation=0
|  tuple-ids=4,10,16,22,28,34,40,46 row-size=64B cardinality=1 cost=0
|  in pipelines: 07(GETNEXT)
|
70:NESTED LOOP JOIN [CROSS JOIN]
|  mem-estimate=8B mem-reservation=0B thread-reservation=0
|  tuple-ids=4,10,16,22,28,34,40,46 row-size=64B cardinality=1 cost=0
|  in pipelines: 07(GETNEXT), 63(OPEN)
|
|--111:TUPLE CACHE
|  |  cache key: d016470452349a3c9885e22cb6f991c2
|  |  input scan node ids: 56,58,57,59
|  |  estimated serialized size: 12B
|  |  estimated serialized size per node: 1B
|  |  cumulative processing cost: 1644387962
|  |  cache read processing cost: 0
|  |  cache write processing cost: 0
|  |  mem-estimate=4.00MB mem-reservation=4.00MB spill-buffer=2.00MB thread-reservation=0
|  |  tuple-ids=46 row-size=8B cardinality=1 cost=0
|  |  in pipelines: 63(GETNEXT)
|  |
|  63:AGGREGATE [FINALIZE]
|  |  output: count(*)
|  |  mem-estimate=16.00KB mem-reservation=0B spill-buffer=2.00MB thread-reservation=0
|  |  tuple-ids=46 row-size=8B cardinality=1 cost=279563
|  |  in pipelines: 63(GETNEXT), 56(OPEN)
|  |
|  62:HASH JOIN [INNER JOIN]
|  |  hash predicates: ss_store_sk = s_store_sk
|  |  fk/pk conjuncts: ss_store_sk = s_store_sk
|  |  runtime filters: RF043[min_max] <- s_store_sk
|  |  mem-estimate=1.94MB mem-reservation=1.94MB spill-buffer=64.00KB thread-reservation=0
|  |  tuple-ids=42,44,43,45 row-size=56B cardinality=3.99M cost=5833168
|  |  in pipelines: 56(GETNEXT), 59(OPEN)
|  |
|  |--110:TUPLE CACHE
|  |  |  cache key: ab9f20c95135d17ae26963823541f762
|  |  |  input scan node ids: 59
|  |  |  estimated serialized size: 3.13KB
|  |  |  estimated serialized size per node: 3.13KB
|  |  |  cumulative processing cost: 192
|  |  |  cache read processing cost: 17
|  |  |  cache write processing cost: 8
|  |  |  mem-estimate=4.00MB mem-reservation=4.00MB spill-buffer=2.00MB thread-reservation=0
|  |  |  tuple-ids=45 row-size=20B cardinality=134 cost=0
|  |  |  in pipelines: 59(GETNEXT)
|  |  |
|  |  59:SCAN HDFS [tpcds_partitioned_parquet_snap.store]
|  |     HDFS partitions=1/1 files=1 size=119.76KB
|  |     deterministic scan range assignment: true
|  |     schedule scan ranges oldest to newest: true
|  |     predicates: store.s_store_name = 'ese'
|  |     stored statistics:
|  |       table: rows=1.35K size=119.76KB
|  |       columns: all
|  |     extrapolated-rows=disabled max-scan-range-rows=1.35K
|  |     parquet statistics predicates: store.s_store_name = 'ese'
|  |     parquet dictionary predicates: store.s_store_name = 'ese'
|  |     mem-estimate=16.00MB mem-reservation=16.00KB thread-reservation=0
|  |     tuple-ids=45 row-size=20B cardinality=134 cost=192
|  |     in pipelines: 59(GETNEXT)
|  |
|  61:HASH JOIN [INNER JOIN]
|  |  hash predicates: ss_hdemo_sk = household_demographics.hd_demo_sk
|  |  fk/pk conjuncts: ss_hdemo_sk = household_demographics.hd_demo_sk
|  |  runtime filters: RF045[min_max] <- household_demographics.hd_demo_sk
|  |  mem-estimate=1.94MB mem-reservation=1.94MB spill-buffer=64.00KB thread-reservation=0
|  |  tuple-ids=42,44,43 row-size=36B cardinality=19.92M cost=55952742
|  |  in pipelines: 56(GETNEXT), 57(OPEN)
|  |
|  |--109:TUPLE CACHE
|  |  |  cache key: 901b3095349f7d48ebd3b93902ddaa89
|  |  |  input scan node ids: 57
|  |  |  estimated serialized size: 11.25KB
|  |  |  estimated serialized size per node: 11.25KB
|  |  |  cumulative processing cost: 1446
|  |  |  cache read processing cost: 95
|  |  |  cache write processing cost: 31
|  |  |  mem-estimate=4.00MB mem-reservation=4.00MB spill-buffer=2.00MB thread-reservation=0
|  |  |  tuple-ids=43 row-size=12B cardinality=720 cost=0
|  |  |  in pipelines: 57(GETNEXT)
|  |  |
|  |  57:SCAN HDFS [tpcds_partitioned_parquet_snap.household_demographics]
|  |     HDFS partitions=1/1 files=1 size=41.69KB
|  |     deterministic scan range assignment: true
|  |     schedule scan ranges oldest to newest: true
|  |     predicates: ((household_demographics.hd_dep_count = CAST(1 AS INT) AND household_demographics.hd_vehicle_count <= CAST(3 AS INT)) OR (household_demographics.hd_dep_count = CAST(2 AS INT) AND household_demographics.hd_vehicle_count <= CAST(4 AS INT)) OR (household_demographics.hd_dep_count = CAST(0 AS INT) AND household_demographics.hd_vehicle_count <= CAST(2 AS INT)))
|  |     stored statistics:
|  |       table: rows=7.20K size=41.69KB
|  |       columns: all
|  |     extrapolated-rows=disabled max-scan-range-rows=7.20K
|  |     mem-estimate=16.00MB mem-reservation=64.00KB thread-reservation=0
|  |     tuple-ids=43 row-size=12B cardinality=720 cost=1446
|  |     in pipelines: 57(GETNEXT)
|  |
|  60:HASH JOIN [INNER JOIN]
|  |  hash predicates: ss_sold_time_sk = time_dim.t_time_sk
|  |  fk/pk conjuncts: ss_sold_time_sk = time_dim.t_time_sk
|  |  runtime filters: RF046[bloom] <- time_dim.t_time_sk, RF047[min_max] <- time_dim.t_time_sk
|  |  mem-estimate=1.94MB mem-reservation=1.94MB spill-buffer=64.00KB thread-reservation=0
|  |  tuple-ids=42,44 row-size=24B cardinality=204.06M(filtered from 204.06M) cost=89320265
|  |  in pipelines: 56(GETNEXT), 58(OPEN)
|  |
|  |--108:TUPLE CACHE
|  |  |  cache key: 0505f104ad9a7298426d209cd50c9a19
|  |  |  input scan node ids: 58
|  |  |  estimated serialized size: 17.78KB
|  |  |  estimated serialized size per node: 17.78KB
|  |  |  cumulative processing cost: 19785
|  |  |  cache read processing cost: 151
|  |  |  cache write processing cost: 49
|  |  |  mem-estimate=4.00MB mem-reservation=4.00MB spill-buffer=2.00MB thread-reservation=0
|  |  |  tuple-ids=44 row-size=12B cardinality=1.14K cost=0
|  |  |  in pipelines: 58(GETNEXT)
|  |  |
|  |  58:SCAN HDFS [tpcds_partitioned_parquet_snap.time_dim]
|  |     HDFS partitions=1/1 files=1 size=1.31MB
|  |     deterministic scan range assignment: true
|  |     schedule scan ranges oldest to newest: true
|  |     predicates: time_dim.t_hour = CAST(12 AS INT), time_dim.t_minute < CAST(30 AS INT)
|  |     stored statistics:
|  |       table: rows=86.40K size=1.31MB
|  |       columns: all
|  |     extrapolated-rows=disabled max-scan-range-rows=86.40K
|  |     parquet statistics predicates: time_dim.t_hour = CAST(12 AS INT), time_dim.t_minute < CAST(30 AS INT)
|  |     parquet dictionary predicates: time_dim.t_hour = CAST(12 AS INT), time_dim.t_minute < CAST(30 AS INT)
|  |     mem-estimate=16.00MB mem-reservation=512.00KB thread-reservation=0
|  |     tuple-ids=44 row-size=12B cardinality=1.14K cost=19785
|  |     in pipelines: 58(GETNEXT)
|  |
|  56:SCAN HDFS [tpcds_partitioned_parquet_snap.store_sales]
|     HDFS partitions=1824/1824 files=1824 size=389.90GB
|     deterministic scan range assignment: true
|     schedule scan ranges oldest to newest: true
|     runtime filters: RF047[min_max] -> ss_sold_time_sk, RF045[min_max] -> ss_hdemo_sk, RF043[min_max] -> ss_store_sk, RF046[bloom] -> ss_sold_time_sk
|     stored statistics:
|       table: rows=8.64G size=389.90GB
|       partitions: 1824/1824 rows=8.64G
|       columns: all
|     extrapolated-rows=disabled max-scan-range-rows=390.22M
|     mem-estimate=16.00MB mem-reservation=8.00MB thread-reservation=0
|     tuple-ids=42 row-size=12B cardinality=204.06M(filtered from 8.64G) cost=1492980801
|     in pipelines: 56(GETNEXT)
|
107:TUPLE CACHE
|  cache key: cede22014f7dd2cb48d890a7c0150709
|  input scan node ids: 0,2,1,3,8,10,9,11,16,18,17,19,24,26,25,27,32,34,33,35,40,42,41,43,48,50,49,51
|  estimated serialized size: 84B
|  estimated serialized size per node: 8B
|  cumulative processing cost: 11510715734
|  cache read processing cost: 0
|  cache write processing cost: 0
|  mem-estimate=4.00MB mem-reservation=4.00MB spill-buffer=2.00MB thread-reservation=0
|  tuple-ids=4,10,16,22,28,34,40 row-size=56B cardinality=1 cost=0
|  in pipelines: 07(GETNEXT)
|
69:NESTED LOOP JOIN [CROSS JOIN]
|  mem-estimate=8B mem-reservation=0B thread-reservation=0
|  tuple-ids=4,10,16,22,28,34,40 row-size=56B cardinality=1 cost=0
|  in pipelines: 07(GETNEXT), 55(OPEN)
|
|--106:TUPLE CACHE
|  |  cache key: efba13070b34f60e713af7f5a5353c84
|  |  input scan node ids: 48,50,49,51
|  |  estimated serialized size: 12B
|  |  estimated serialized size per node: 1B
|  |  cumulative processing cost: 1644387962
|  |  cache read processing cost: 0
|  |  cache write processing cost: 0
|  |  mem-estimate=4.00MB mem-reservation=4.00MB spill-buffer=2.00MB thread-reservation=0
|  |  tuple-ids=40 row-size=8B cardinality=1 cost=0
|  |  in pipelines: 55(GETNEXT)
|  |
|  55:AGGREGATE [FINALIZE]
|  |  output: count(*)
|  |  mem-estimate=16.00KB mem-reservation=0B spill-buffer=2.00MB thread-reservation=0
|  |  tuple-ids=40 row-size=8B cardinality=1 cost=279563
|  |  in pipelines: 55(GETNEXT), 48(OPEN)
|  |
|  54:HASH JOIN [INNER JOIN]
|  |  hash predicates: ss_store_sk = s_store_sk
|  |  fk/pk conjuncts: ss_store_sk = s_store_sk
|  |  runtime filters: RF037[min_max] <- s_store_sk
|  |  mem-estimate=1.94MB mem-reservation=1.94MB spill-buffer=64.00KB thread-reservation=0
|  |  tuple-ids=36,38,37,39 row-size=56B cardinality=3.99M cost=5833168
|  |  in pipelines: 48(GETNEXT), 51(OPEN)
|  |
|  |--105:TUPLE CACHE
|  |  |  cache key: ab9f20c95135d17ae26963823541f762
|  |  |  input scan node ids: 51
|  |  |  estimated serialized size: 3.13KB
|  |  |  estimated serialized size per node: 3.13KB
|  |  |  cumulative processing cost: 192
|  |  |  cache read processing cost: 17
|  |  |  cache write processing cost: 8
|  |  |  mem-estimate=4.00MB mem-reservation=4.00MB spill-buffer=2.00MB thread-reservation=0
|  |  |  tuple-ids=39 row-size=20B cardinality=134 cost=0
|  |  |  in pipelines: 51(GETNEXT)
|  |  |
|  |  51:SCAN HDFS [tpcds_partitioned_parquet_snap.store]
|  |     HDFS partitions=1/1 files=1 size=119.76KB
|  |     deterministic scan range assignment: true
|  |     schedule scan ranges oldest to newest: true
|  |     predicates: store.s_store_name = 'ese'
|  |     stored statistics:
|  |       table: rows=1.35K size=119.76KB
|  |       columns: all
|  |     extrapolated-rows=disabled max-scan-range-rows=1.35K
|  |     parquet statistics predicates: store.s_store_name = 'ese'
|  |     parquet dictionary predicates: store.s_store_name = 'ese'
|  |     mem-estimate=16.00MB mem-reservation=16.00KB thread-reservation=0
|  |     tuple-ids=39 row-size=20B cardinality=134 cost=192
|  |     in pipelines: 51(GETNEXT)
|  |
|  53:HASH JOIN [INNER JOIN]
|  |  hash predicates: ss_hdemo_sk = household_demographics.hd_demo_sk
|  |  fk/pk conjuncts: ss_hdemo_sk = household_demographics.hd_demo_sk
|  |  runtime filters: RF039[min_max] <- household_demographics.hd_demo_sk
|  |  mem-estimate=1.94MB mem-reservation=1.94MB spill-buffer=64.00KB thread-reservation=0
|  |  tuple-ids=36,38,37 row-size=36B cardinality=19.92M cost=55952742
|  |  in pipelines: 48(GETNEXT), 49(OPEN)
|  |
|  |--104:TUPLE CACHE
|  |  |  cache key: 901b3095349f7d48ebd3b93902ddaa89
|  |  |  input scan node ids: 49
|  |  |  estimated serialized size: 11.25KB
|  |  |  estimated serialized size per node: 11.25KB
|  |  |  cumulative processing cost: 1446
|  |  |  cache read processing cost: 95
|  |  |  cache write processing cost: 31
|  |  |  mem-estimate=4.00MB mem-reservation=4.00MB spill-buffer=2.00MB thread-reservation=0
|  |  |  tuple-ids=37 row-size=12B cardinality=720 cost=0
|  |  |  in pipelines: 49(GETNEXT)
|  |  |
|  |  49:SCAN HDFS [tpcds_partitioned_parquet_snap.household_demographics]
|  |     HDFS partitions=1/1 files=1 size=41.69KB
|  |     deterministic scan range assignment: true
|  |     schedule scan ranges oldest to newest: true
|  |     predicates: ((household_demographics.hd_dep_count = CAST(1 AS INT) AND household_demographics.hd_vehicle_count <= CAST(3 AS INT)) OR (household_demographics.hd_dep_count = CAST(2 AS INT) AND household_demographics.hd_vehicle_count <= CAST(4 AS INT)) OR (household_demographics.hd_dep_count = CAST(0 AS INT) AND household_demographics.hd_vehicle_count <= CAST(2 AS INT)))
|  |     stored statistics:
|  |       table: rows=7.20K size=41.69KB
|  |       columns: all
|  |     extrapolated-rows=disabled max-scan-range-rows=7.20K
|  |     mem-estimate=16.00MB mem-reservation=64.00KB thread-reservation=0
|  |     tuple-ids=37 row-size=12B cardinality=720 cost=1446
|  |     in pipelines: 49(GETNEXT)
|  |
|  52:HASH JOIN [INNER JOIN]
|  |  hash predicates: ss_sold_time_sk = time_dim.t_time_sk
|  |  fk/pk conjuncts: ss_sold_time_sk = time_dim.t_time_sk
|  |  runtime filters: RF040[bloom] <- time_dim.t_time_sk, RF041[min_max] <- time_dim.t_time_sk
|  |  mem-estimate=1.94MB mem-reservation=1.94MB spill-buffer=64.00KB thread-reservation=0
|  |  tuple-ids=36,38 row-size=24B cardinality=204.06M(filtered from 204.06M) cost=89320265
|  |  in pipelines: 48(GETNEXT), 50(OPEN)
|  |
|  |--103:TUPLE CACHE
|  |  |  cache key: c3808421744e9643c1d59ab31689a0eb
|  |  |  input scan node ids: 50
|  |  |  estimated serialized size: 17.78KB
|  |  |  estimated serialized size per node: 17.78KB
|  |  |  cumulative processing cost: 19785
|  |  |  cache read processing cost: 151
|  |  |  cache write processing cost: 49
|  |  |  mem-estimate=4.00MB mem-reservation=4.00MB spill-buffer=2.00MB thread-reservation=0
|  |  |  tuple-ids=38 row-size=12B cardinality=1.14K cost=0
|  |  |  in pipelines: 50(GETNEXT)
|  |  |
|  |  50:SCAN HDFS [tpcds_partitioned_parquet_snap.time_dim]
|  |     HDFS partitions=1/1 files=1 size=1.31MB
|  |     deterministic scan range assignment: true
|  |     schedule scan ranges oldest to newest: true
|  |     predicates: time_dim.t_hour = CAST(11 AS INT), time_dim.t_minute >= CAST(30 AS INT)
|  |     stored statistics:
|  |       table: rows=86.40K size=1.31MB
|  |       columns: all
|  |     extrapolated-rows=disabled max-scan-range-rows=86.40K
|  |     parquet statistics predicates: time_dim.t_hour = CAST(11 AS INT), time_dim.t_minute >= CAST(30 AS INT)
|  |     parquet dictionary predicates: time_dim.t_hour = CAST(11 AS INT), time_dim.t_minute >= CAST(30 AS INT)
|  |     mem-estimate=16.00MB mem-reservation=512.00KB thread-reservation=0
|  |     tuple-ids=38 row-size=12B cardinality=1.14K cost=19785
|  |     in pipelines: 50(GETNEXT)
|  |
|  48:SCAN HDFS [tpcds_partitioned_parquet_snap.store_sales]
|     HDFS partitions=1824/1824 files=1824 size=389.90GB
|     deterministic scan range assignment: true
|     schedule scan ranges oldest to newest: true
|     runtime filters: RF041[min_max] -> ss_sold_time_sk, RF039[min_max] -> ss_hdemo_sk, RF037[min_max] -> ss_store_sk, RF040[bloom] -> ss_sold_time_sk
|     stored statistics:
|       table: rows=8.64G size=389.90GB
|       partitions: 1824/1824 rows=8.64G
|       columns: all
|     extrapolated-rows=disabled max-scan-range-rows=390.22M
|     mem-estimate=16.00MB mem-reservation=8.00MB thread-reservation=0
|     tuple-ids=36 row-size=12B cardinality=204.06M(filtered from 8.64G) cost=1492980801
|     in pipelines: 48(GETNEXT)
|
102:TUPLE CACHE
|  cache key: 0bbaca748f27b6bbae37f9367838fcd5
|  input scan node ids: 0,2,1,3,8,10,9,11,16,18,17,19,24,26,25,27,32,34,33,35,40,42,41,43
|  estimated serialized size: 72B
|  estimated serialized size per node: 7B
|  cumulative processing cost: 9866327772
|  cache read processing cost: 0
|  cache write processing cost: 0
|  mem-estimate=4.00MB mem-reservation=4.00MB spill-buffer=2.00MB thread-reservation=0
|  tuple-ids=4,10,16,22,28,34 row-size=48B cardinality=1 cost=0
|  in pipelines: 07(GETNEXT)
|
68:NESTED LOOP JOIN [CROSS JOIN]
|  mem-estimate=8B mem-reservation=0B thread-reservation=0
|  tuple-ids=4,10,16,22,28,34 row-size=48B cardinality=1 cost=0
|  in pipelines: 07(GETNEXT), 47(OPEN)
|
|--101:TUPLE CACHE
|  |  cache key: 5bf24eb651ed4dc2fb47ee98d2c98b4c
|  |  input scan node ids: 40,42,41,43
|  |  estimated serialized size: 12B
|  |  estimated serialized size per node: 1B
|  |  cumulative processing cost: 1644387962
|  |  cache read processing cost: 0
|  |  cache write processing cost: 0
|  |  mem-estimate=4.00MB mem-reservation=4.00MB spill-buffer=2.00MB thread-reservation=0
|  |  tuple-ids=34 row-size=8B cardinality=1 cost=0
|  |  in pipelines: 47(GETNEXT)
|  |
|  47:AGGREGATE [FINALIZE]
|  |  output: count(*)
|  |  mem-estimate=16.00KB mem-reservation=0B spill-buffer=2.00MB thread-reservation=0
|  |  tuple-ids=34 row-size=8B cardinality=1 cost=279563
|  |  in pipelines: 47(GETNEXT), 40(OPEN)
|  |
|  46:HASH JOIN [INNER JOIN]
|  |  hash predicates: ss_store_sk = s_store_sk
|  |  fk/pk conjuncts: ss_store_sk = s_store_sk
|  |  runtime filters: RF031[min_max] <- s_store_sk
|  |  mem-estimate=1.94MB mem-reservation=1.94MB spill-buffer=64.00KB thread-reservation=0
|  |  tuple-ids=30,32,31,33 row-size=56B cardinality=3.99M cost=5833168
|  |  in pipelines: 40(GETNEXT), 43(OPEN)
|  |
|  |--100:TUPLE CACHE
|  |  |  cache key: ab9f20c95135d17ae26963823541f762
|  |  |  input scan node ids: 43
|  |  |  estimated serialized size: 3.13KB
|  |  |  estimated serialized size per node: 3.13KB
|  |  |  cumulative processing cost: 192
|  |  |  cache read processing cost: 17
|  |  |  cache write processing cost: 8
|  |  |  mem-estimate=4.00MB mem-reservation=4.00MB spill-buffer=2.00MB thread-reservation=0
|  |  |  tuple-ids=33 row-size=20B cardinality=134 cost=0
|  |  |  in pipelines: 43(GETNEXT)
|  |  |
|  |  43:SCAN HDFS [tpcds_partitioned_parquet_snap.store]
|  |     HDFS partitions=1/1 files=1 size=119.76KB
|  |     deterministic scan range assignment: true
|  |     schedule scan ranges oldest to newest: true
|  |     predicates: store.s_store_name = 'ese'
|  |     stored statistics:
|  |       table: rows=1.35K size=119.76KB
|  |       columns: all
|  |     extrapolated-rows=disabled max-scan-range-rows=1.35K
|  |     parquet statistics predicates: store.s_store_name = 'ese'
|  |     parquet dictionary predicates: store.s_store_name = 'ese'
|  |     mem-estimate=16.00MB mem-reservation=16.00KB thread-reservation=0
|  |     tuple-ids=33 row-size=20B cardinality=134 cost=192
|  |     in pipelines: 43(GETNEXT)
|  |
|  45:HASH JOIN [INNER JOIN]
|  |  hash predicates: ss_hdemo_sk = household_demographics.hd_demo_sk
|  |  fk/pk conjuncts: ss_hdemo_sk = household_demographics.hd_demo_sk
|  |  runtime filters: RF033[min_max] <- household_demographics.hd_demo_sk
|  |  mem-estimate=1.94MB mem-reservation=1.94MB spill-buffer=64.00KB thread-reservation=0
|  |  tuple-ids=30,32,31 row-size=36B cardinality=19.92M cost=55952742
|  |  in pipelines: 40(GETNEXT), 41(OPEN)
|  |
|  |--99:TUPLE CACHE
|  |  |  cache key: 901b3095349f7d48ebd3b93902ddaa89
|  |  |  input scan node ids: 41
|  |  |  estimated serialized size: 11.25KB
|  |  |  estimated serialized size per node: 11.25KB
|  |  |  cumulative processing cost: 1446
|  |  |  cache read processing cost: 95
|  |  |  cache write processing cost: 31
|  |  |  mem-estimate=4.00MB mem-reservation=4.00MB spill-buffer=2.00MB thread-reservation=0
|  |  |  tuple-ids=31 row-size=12B cardinality=720 cost=0
|  |  |  in pipelines: 41(GETNEXT)
|  |  |
|  |  41:SCAN HDFS [tpcds_partitioned_parquet_snap.household_demographics]
|  |     HDFS partitions=1/1 files=1 size=41.69KB
|  |     deterministic scan range assignment: true
|  |     schedule scan ranges oldest to newest: true
|  |     predicates: ((household_demographics.hd_dep_count = CAST(1 AS INT) AND household_demographics.hd_vehicle_count <= CAST(3 AS INT)) OR (household_demographics.hd_dep_count = CAST(2 AS INT) AND household_demographics.hd_vehicle_count <= CAST(4 AS INT)) OR (household_demographics.hd_dep_count = CAST(0 AS INT) AND household_demographics.hd_vehicle_count <= CAST(2 AS INT)))
|  |     stored statistics:
|  |       table: rows=7.20K size=41.69KB
|  |       columns: all
|  |     extrapolated-rows=disabled max-scan-range-rows=7.20K
|  |     mem-estimate=16.00MB mem-reservation=64.00KB thread-reservation=0
|  |     tuple-ids=31 row-size=12B cardinality=720 cost=1446
|  |     in pipelines: 41(GETNEXT)
|  |
|  44:HASH JOIN [INNER JOIN]
|  |  hash predicates: ss_sold_time_sk = time_dim.t_time_sk
|  |  fk/pk conjuncts: ss_sold_time_sk = time_dim.t_time_sk
|  |  runtime filters: RF034[bloom] <- time_dim.t_time_sk, RF035[min_max] <- time_dim.t_time_sk
|  |  mem-estimate=1.94MB mem-reservation=1.94MB spill-buffer=64.00KB thread-reservation=0
|  |  tuple-ids=30,32 row-size=24B cardinality=204.06M(filtered from 204.06M) cost=89320265
|  |  in pipelines: 40(GETNEXT), 42(OPEN)
|  |
|  |--98:TUPLE CACHE
|  |  |  cache key: 9562ada9b80ddbaf84ccf3eef19966b2
|  |  |  input scan node ids: 42
|  |  |  estimated serialized size: 17.78KB
|  |  |  estimated serialized size per node: 17.78KB
|  |  |  cumulative processing cost: 19785
|  |  |  cache read processing cost: 151
|  |  |  cache write processing cost: 49
|  |  |  mem-estimate=4.00MB mem-reservation=4.00MB spill-buffer=2.00MB thread-reservation=0
|  |  |  tuple-ids=32 row-size=12B cardinality=1.14K cost=0
|  |  |  in pipelines: 42(GETNEXT)
|  |  |
|  |  42:SCAN HDFS [tpcds_partitioned_parquet_snap.time_dim]
|  |     HDFS partitions=1/1 files=1 size=1.31MB
|  |     deterministic scan range assignment: true
|  |     schedule scan ranges oldest to newest: true
|  |     predicates: time_dim.t_hour = CAST(11 AS INT), time_dim.t_minute < CAST(30 AS INT)
|  |     stored statistics:
|  |       table: rows=86.40K size=1.31MB
|  |       columns: all
|  |     extrapolated-rows=disabled max-scan-range-rows=86.40K
|  |     parquet statistics predicates: time_dim.t_hour = CAST(11 AS INT), time_dim.t_minute < CAST(30 AS INT)
|  |     parquet dictionary predicates: time_dim.t_hour = CAST(11 AS INT), time_dim.t_minute < CAST(30 AS INT)
|  |     mem-estimate=16.00MB mem-reservation=512.00KB thread-reservation=0
|  |     tuple-ids=32 row-size=12B cardinality=1.14K cost=19785
|  |     in pipelines: 42(GETNEXT)
|  |
|  40:SCAN HDFS [tpcds_partitioned_parquet_snap.store_sales]
|     HDFS partitions=1824/1824 files=1824 size=389.90GB
|     deterministic scan range assignment: true
|     schedule scan ranges oldest to newest: true
|     runtime filters: RF035[min_max] -> ss_sold_time_sk, RF033[min_max] -> ss_hdemo_sk, RF031[min_max] -> ss_store_sk, RF034[bloom] -> ss_sold_time_sk
|     stored statistics:
|       table: rows=8.64G size=389.90GB
|       partitions: 1824/1824 rows=8.64G
|       columns: all
|     extrapolated-rows=disabled max-scan-range-rows=390.22M
|     mem-estimate=16.00MB mem-reservation=8.00MB thread-reservation=0
|     tuple-ids=30 row-size=12B cardinality=204.06M(filtered from 8.64G) cost=1492980801
|     in pipelines: 40(GETNEXT)
|
97:TUPLE CACHE
|  cache key: fecfd54c9eae4fee9841bb331afba7e4
|  input scan node ids: 0,2,1,3,8,10,9,11,16,18,17,19,24,26,25,27,32,34,33,35
|  estimated serialized size: 60B
|  estimated serialized size per node: 6B
|  cumulative processing cost: 8221939810
|  cache read processing cost: 0
|  cache write processing cost: 0
|  mem-estimate=4.00MB mem-reservation=4.00MB spill-buffer=2.00MB thread-reservation=0
|  tuple-ids=4,10,16,22,28 row-size=40B cardinality=1 cost=0
|  in pipelines: 07(GETNEXT)
|
67:NESTED LOOP JOIN [CROSS JOIN]
|  mem-estimate=8B mem-reservation=0B thread-reservation=0
|  tuple-ids=4,10,16,22,28 row-size=40B cardinality=1 cost=0
|  in pipelines: 07(GETNEXT), 39(OPEN)
|
|--96:TUPLE CACHE
|  |  cache key: 310c2790180071cc963a01de9034d6a8
|  |  input scan node ids: 32,34,33,35
|  |  estimated serialized size: 12B
|  |  estimated serialized size per node: 1B
|  |  cumulative processing cost: 1644387962
|  |  cache read processing cost: 0
|  |  cache write processing cost: 0
|  |  mem-estimate=4.00MB mem-reservation=4.00MB spill-buffer=2.00MB thread-reservation=0
|  |  tuple-ids=28 row-size=8B cardinality=1 cost=0
|  |  in pipelines: 39(GETNEXT)
|  |
|  39:AGGREGATE [FINALIZE]
|  |  output: count(*)
|  |  mem-estimate=16.00KB mem-reservation=0B spill-buffer=2.00MB thread-reservation=0
|  |  tuple-ids=28 row-size=8B cardinality=1 cost=279563
|  |  in pipelines: 39(GETNEXT), 32(OPEN)
|  |
|  38:HASH JOIN [INNER JOIN]
|  |  hash predicates: ss_store_sk = s_store_sk
|  |  fk/pk conjuncts: ss_store_sk = s_store_sk
|  |  runtime filters: RF025[min_max] <- s_store_sk
|  |  mem-estimate=1.94MB mem-reservation=1.94MB spill-buffer=64.00KB thread-reservation=0
|  |  tuple-ids=24,26,25,27 row-size=56B cardinality=3.99M cost=5833168
|  |  in pipelines: 32(GETNEXT), 35(OPEN)
|  |
|  |--95:TUPLE CACHE
|  |  |  cache key: ab9f20c95135d17ae26963823541f762
|  |  |  input scan node ids: 35
|  |  |  estimated serialized size: 3.13KB
|  |  |  estimated serialized size per node: 3.13KB
|  |  |  cumulative processing cost: 192
|  |  |  cache read processing cost: 17
|  |  |  cache write processing cost: 8
|  |  |  mem-estimate=4.00MB mem-reservation=4.00MB spill-buffer=2.00MB thread-reservation=0
|  |  |  tuple-ids=27 row-size=20B cardinality=134 cost=0
|  |  |  in pipelines: 35(GETNEXT)
|  |  |
|  |  35:SCAN HDFS [tpcds_partitioned_parquet_snap.store]
|  |     HDFS partitions=1/1 files=1 size=119.76KB
|  |     deterministic scan range assignment: true
|  |     schedule scan ranges oldest to newest: true
|  |     predicates: store.s_store_name = 'ese'
|  |     stored statistics:
|  |       table: rows=1.35K size=119.76KB
|  |       columns: all
|  |     extrapolated-rows=disabled max-scan-range-rows=1.35K
|  |     parquet statistics predicates: store.s_store_name = 'ese'
|  |     parquet dictionary predicates: store.s_store_name = 'ese'
|  |     mem-estimate=16.00MB mem-reservation=16.00KB thread-reservation=0
|  |     tuple-ids=27 row-size=20B cardinality=134 cost=192
|  |     in pipelines: 35(GETNEXT)
|  |
|  37:HASH JOIN [INNER JOIN]
|  |  hash predicates: ss_hdemo_sk = household_demographics.hd_demo_sk
|  |  fk/pk conjuncts: ss_hdemo_sk = household_demographics.hd_demo_sk
|  |  runtime filters: RF027[min_max] <- household_demographics.hd_demo_sk
|  |  mem-estimate=1.94MB mem-reservation=1.94MB spill-buffer=64.00KB thread-reservation=0
|  |  tuple-ids=24,26,25 row-size=36B cardinality=19.92M cost=55952742
|  |  in pipelines: 32(GETNEXT), 33(OPEN)
|  |
|  |--94:TUPLE CACHE
|  |  |  cache key: 901b3095349f7d48ebd3b93902ddaa89
|  |  |  input scan node ids: 33
|  |  |  estimated serialized size: 11.25KB
|  |  |  estimated serialized size per node: 11.25KB
|  |  |  cumulative processing cost: 1446
|  |  |  cache read processing cost: 95
|  |  |  cache write processing cost: 31
|  |  |  mem-estimate=4.00MB mem-reservation=4.00MB spill-buffer=2.00MB thread-reservation=0
|  |  |  tuple-ids=25 row-size=12B cardinality=720 cost=0
|  |  |  in pipelines: 33(GETNEXT)
|  |  |
|  |  33:SCAN HDFS [tpcds_partitioned_parquet_snap.household_demographics]
|  |     HDFS partitions=1/1 files=1 size=41.69KB
|  |     deterministic scan range assignment: true
|  |     schedule scan ranges oldest to newest: true
|  |     predicates: ((household_demographics.hd_dep_count = CAST(1 AS INT) AND household_demographics.hd_vehicle_count <= CAST(3 AS INT)) OR (household_demographics.hd_dep_count = CAST(2 AS INT) AND household_demographics.hd_vehicle_count <= CAST(4 AS INT)) OR (household_demographics.hd_dep_count = CAST(0 AS INT) AND household_demographics.hd_vehicle_count <= CAST(2 AS INT)))
|  |     stored statistics:
|  |       table: rows=7.20K size=41.69KB
|  |       columns: all
|  |     extrapolated-rows=disabled max-scan-range-rows=7.20K
|  |     mem-estimate=16.00MB mem-reservation=64.00KB thread-reservation=0
|  |     tuple-ids=25 row-size=12B cardinality=720 cost=1446
|  |     in pipelines: 33(GETNEXT)
|  |
|  36:HASH JOIN [INNER JOIN]
|  |  hash predicates: ss_sold_time_sk = time_dim.t_time_sk
|  |  fk/pk conjuncts: ss_sold_time_sk = time_dim.t_time_sk
|  |  runtime filters: RF028[bloom] <- time_dim.t_time_sk, RF029[min_max] <- time_dim.t_time_sk
|  |  mem-estimate=1.94MB mem-reservation=1.94MB spill-buffer=64.00KB thread-reservation=0
|  |  tuple-ids=24,26 row-size=24B cardinality=204.06M(filtered from 204.06M) cost=89320265
|  |  in pipelines: 32(GETNEXT), 34(OPEN)
|  |
|  |--93:TUPLE CACHE
|  |  |  cache key: ff5314c9d3ae042e927930bb3b7b3918
|  |  |  input scan node ids: 34
|  |  |  estimated serialized size: 17.78KB
|  |  |  estimated serialized size per node: 17.78KB
|  |  |  cumulative processing cost: 19785
|  |  |  cache read processing cost: 151
|  |  |  cache write processing cost: 49
|  |  |  mem-estimate=4.00MB mem-reservation=4.00MB spill-buffer=2.00MB thread-reservation=0
|  |  |  tuple-ids=26 row-size=12B cardinality=1.14K cost=0
|  |  |  in pipelines: 34(GETNEXT)
|  |  |
|  |  34:SCAN HDFS [tpcds_partitioned_parquet_snap.time_dim]
|  |     HDFS partitions=1/1 files=1 size=1.31MB
|  |     deterministic scan range assignment: true
|  |     schedule scan ranges oldest to newest: true
|  |     predicates: time_dim.t_hour = CAST(10 AS INT), time_dim.t_minute >= CAST(30 AS INT)
|  |     stored statistics:
|  |       table: rows=86.40K size=1.31MB
|  |       columns: all
|  |     extrapolated-rows=disabled max-scan-range-rows=86.40K
|  |     parquet statistics predicates: time_dim.t_hour = CAST(10 AS INT), time_dim.t_minute >= CAST(30 AS INT)
|  |     parquet dictionary predicates: time_dim.t_hour = CAST(10 AS INT), time_dim.t_minute >= CAST(30 AS INT)
|  |     mem-estimate=16.00MB mem-reservation=512.00KB thread-reservation=0
|  |     tuple-ids=26 row-size=12B cardinality=1.14K cost=19785
|  |     in pipelines: 34(GETNEXT)
|  |
|  32:SCAN HDFS [tpcds_partitioned_parquet_snap.store_sales]
|     HDFS partitions=1824/1824 files=1824 size=389.90GB
|     deterministic scan range assignment: true
|     schedule scan ranges oldest to newest: true
|     runtime filters: RF029[min_max] -> ss_sold_time_sk, RF027[min_max] -> ss_hdemo_sk, RF025[min_max] -> ss_store_sk, RF028[bloom] -> ss_sold_time_sk
|     stored statistics:
|       table: rows=8.64G size=389.90GB
|       partitions: 1824/1824 rows=8.64G
|       columns: all
|     extrapolated-rows=disabled max-scan-range-rows=390.22M
|     mem-estimate=16.00MB mem-reservation=8.00MB thread-reservation=0
|     tuple-ids=24 row-size=12B cardinality=204.06M(filtered from 8.64G) cost=1492980801
|     in pipelines: 32(GETNEXT)
|
92:TUPLE CACHE
|  cache key: 010fa8142de413bd48adf633872fdc21
|  input scan node ids: 0,2,1,3,8,10,9,11,16,18,17,19,24,26,25,27
|  estimated serialized size: 48B
|  estimated serialized size per node: 4B
|  cumulative processing cost: 6577551848
|  cache read processing cost: 0
|  cache write processing cost: 0
|  mem-estimate=4.00MB mem-reservation=4.00MB spill-buffer=2.00MB thread-reservation=0
|  tuple-ids=4,10,16,22 row-size=32B cardinality=1 cost=0
|  in pipelines: 07(GETNEXT)
|
66:NESTED LOOP JOIN [CROSS JOIN]
|  mem-estimate=8B mem-reservation=0B thread-reservation=0
|  tuple-ids=4,10,16,22 row-size=32B cardinality=1 cost=0
|  in pipelines: 07(GETNEXT), 31(OPEN)
|
|--91:TUPLE CACHE
|  |  cache key: afe2343d25da6a12f986f6a23146cb49
|  |  input scan node ids: 24,26,25,27
|  |  estimated serialized size: 12B
|  |  estimated serialized size per node: 1B
|  |  cumulative processing cost: 1644387962
|  |  cache read processing cost: 0
|  |  cache write processing cost: 0
|  |  mem-estimate=4.00MB mem-reservation=4.00MB spill-buffer=2.00MB thread-reservation=0
|  |  tuple-ids=22 row-size=8B cardinality=1 cost=0
|  |  in pipelines: 31(GETNEXT)
|  |
|  31:AGGREGATE [FINALIZE]
|  |  output: count(*)
|  |  mem-estimate=16.00KB mem-reservation=0B spill-buffer=2.00MB thread-reservation=0
|  |  tuple-ids=22 row-size=8B cardinality=1 cost=279563
|  |  in pipelines: 31(GETNEXT), 24(OPEN)
|  |
|  30:HASH JOIN [INNER JOIN]
|  |  hash predicates: ss_store_sk = s_store_sk
|  |  fk/pk conjuncts: ss_store_sk = s_store_sk
|  |  runtime filters: RF019[min_max] <- s_store_sk
|  |  mem-estimate=1.94MB mem-reservation=1.94MB spill-buffer=64.00KB thread-reservation=0
|  |  tuple-ids=18,20,19,21 row-size=56B cardinality=3.99M cost=5833168
|  |  in pipelines: 24(GETNEXT), 27(OPEN)
|  |
|  |--90:TUPLE CACHE
|  |  |  cache key: ab9f20c95135d17ae26963823541f762
|  |  |  input scan node ids: 27
|  |  |  estimated serialized size: 3.13KB
|  |  |  estimated serialized size per node: 3.13KB
|  |  |  cumulative processing cost: 192
|  |  |  cache read processing cost: 17
|  |  |  cache write processing cost: 8
|  |  |  mem-estimate=4.00MB mem-reservation=4.00MB spill-buffer=2.00MB thread-reservation=0
|  |  |  tuple-ids=21 row-size=20B cardinality=134 cost=0
|  |  |  in pipelines: 27(GETNEXT)
|  |  |
|  |  27:SCAN HDFS [tpcds_partitioned_parquet_snap.store]
|  |     HDFS partitions=1/1 files=1 size=119.76KB
|  |     deterministic scan range assignment: true
|  |     schedule scan ranges oldest to newest: true
|  |     predicates: store.s_store_name = 'ese'
|  |     stored statistics:
|  |       table: rows=1.35K size=119.76KB
|  |       columns: all
|  |     extrapolated-rows=disabled max-scan-range-rows=1.35K
|  |     parquet statistics predicates: store.s_store_name = 'ese'
|  |     parquet dictionary predicates: store.s_store_name = 'ese'
|  |     mem-estimate=16.00MB mem-reservation=16.00KB thread-reservation=0
|  |     tuple-ids=21 row-size=20B cardinality=134 cost=192
|  |     in pipelines: 27(GETNEXT)
|  |
|  29:HASH JOIN [INNER JOIN]
|  |  hash predicates: ss_hdemo_sk = household_demographics.hd_demo_sk
|  |  fk/pk conjuncts: ss_hdemo_sk = household_demographics.hd_demo_sk
|  |  runtime filters: RF021[min_max] <- household_demographics.hd_demo_sk
|  |  mem-estimate=1.94MB mem-reservation=1.94MB spill-buffer=64.00KB thread-reservation=0
|  |  tuple-ids=18,20,19 row-size=36B cardinality=19.92M cost=55952742
|  |  in pipelines: 24(GETNEXT), 25(OPEN)
|  |
|  |--89:TUPLE CACHE
|  |  |  cache key: 901b3095349f7d48ebd3b93902ddaa89
|  |  |  input scan node ids: 25
|  |  |  estimated serialized size: 11.25KB
|  |  |  estimated serialized size per node: 11.25KB
|  |  |  cumulative processing cost: 1446
|  |  |  cache read processing cost: 95
|  |  |  cache write processing cost: 31
|  |  |  mem-estimate=4.00MB mem-reservation=4.00MB spill-buffer=2.00MB thread-reservation=0
|  |  |  tuple-ids=19 row-size=12B cardinality=720 cost=0
|  |  |  in pipelines: 25(GETNEXT)
|  |  |
|  |  25:SCAN HDFS [tpcds_partitioned_parquet_snap.household_demographics]
|  |     HDFS partitions=1/1 files=1 size=41.69KB
|  |     deterministic scan range assignment: true
|  |     schedule scan ranges oldest to newest: true
|  |     predicates: ((household_demographics.hd_dep_count = CAST(1 AS INT) AND household_demographics.hd_vehicle_count <= CAST(3 AS INT)) OR (household_demographics.hd_dep_count = CAST(2 AS INT) AND household_demographics.hd_vehicle_count <= CAST(4 AS INT)) OR (household_demographics.hd_dep_count = CAST(0 AS INT) AND household_demographics.hd_vehicle_count <= CAST(2 AS INT)))
|  |     stored statistics:
|  |       table: rows=7.20K size=41.69KB
|  |       columns: all
|  |     extrapolated-rows=disabled max-scan-range-rows=7.20K
|  |     mem-estimate=16.00MB mem-reservation=64.00KB thread-reservation=0
|  |     tuple-ids=19 row-size=12B cardinality=720 cost=1446
|  |     in pipelines: 25(GETNEXT)
|  |
|  28:HASH JOIN [INNER JOIN]
|  |  hash predicates: ss_sold_time_sk = time_dim.t_time_sk
|  |  fk/pk conjuncts: ss_sold_time_sk = time_dim.t_time_sk
|  |  runtime filters: RF022[bloom] <- time_dim.t_time_sk, RF023[min_max] <- time_dim.t_time_sk
|  |  mem-estimate=1.94MB mem-reservation=1.94MB spill-buffer=64.00KB thread-reservation=0
|  |  tuple-ids=18,20 row-size=24B cardinality=204.06M(filtered from 204.06M) cost=89320265
|  |  in pipelines: 24(GETNEXT), 26(OPEN)
|  |
|  |--88:TUPLE CACHE
|  |  |  cache key: 16e808b1daa3faa0c20780bf648f5d94
|  |  |  input scan node ids: 26
|  |  |  estimated serialized size: 17.78KB
|  |  |  estimated serialized size per node: 17.78KB
|  |  |  cumulative processing cost: 19785
|  |  |  cache read processing cost: 151
|  |  |  cache write processing cost: 49
|  |  |  mem-estimate=4.00MB mem-reservation=4.00MB spill-buffer=2.00MB thread-reservation=0
|  |  |  tuple-ids=20 row-size=12B cardinality=1.14K cost=0
|  |  |  in pipelines: 26(GETNEXT)
|  |  |
|  |  26:SCAN HDFS [tpcds_partitioned_parquet_snap.time_dim]
|  |     HDFS partitions=1/1 files=1 size=1.31MB
|  |     deterministic scan range assignment: true
|  |     schedule scan ranges oldest to newest: true
|  |     predicates: time_dim.t_hour = CAST(10 AS INT), time_dim.t_minute < CAST(30 AS INT)
|  |     stored statistics:
|  |       table: rows=86.40K size=1.31MB
|  |       columns: all
|  |     extrapolated-rows=disabled max-scan-range-rows=86.40K
|  |     parquet statistics predicates: time_dim.t_hour = CAST(10 AS INT), time_dim.t_minute < CAST(30 AS INT)
|  |     parquet dictionary predicates: time_dim.t_hour = CAST(10 AS INT), time_dim.t_minute < CAST(30 AS INT)
|  |     mem-estimate=16.00MB mem-reservation=512.00KB thread-reservation=0
|  |     tuple-ids=20 row-size=12B cardinality=1.14K cost=19785
|  |     in pipelines: 26(GETNEXT)
|  |
|  24:SCAN HDFS [tpcds_partitioned_parquet_snap.store_sales]
|     HDFS partitions=1824/1824 files=1824 size=389.90GB
|     deterministic scan range assignment: true
|     schedule scan ranges oldest to newest: true
|     runtime filters: RF023[min_max] -> ss_sold_time_sk, RF021[min_max] -> ss_hdemo_sk, RF019[min_max] -> ss_store_sk, RF022[bloom] -> ss_sold_time_sk
|     stored statistics:
|       table: rows=8.64G size=389.90GB
|       partitions: 1824/1824 rows=8.64G
|       columns: all
|     extrapolated-rows=disabled max-scan-range-rows=390.22M
|     mem-estimate=16.00MB mem-reservation=8.00MB thread-reservation=0
|     tuple-ids=18 row-size=12B cardinality=204.06M(filtered from 8.64G) cost=1492980801
|     in pipelines: 24(GETNEXT)
|
87:TUPLE CACHE
|  cache key: b0c1c5f125e36e46974e2fdb3378a9e1
|  input scan node ids: 0,2,1,3,8,10,9,11,16,18,17,19
|  estimated serialized size: 36B
|  estimated serialized size per node: 3B
|  cumulative processing cost: 4933163886
|  cache read processing cost: 0
|  cache write processing cost: 0
|  mem-estimate=4.00MB mem-reservation=4.00MB spill-buffer=2.00MB thread-reservation=0
|  tuple-ids=4,10,16 row-size=24B cardinality=1 cost=0
|  in pipelines: 07(GETNEXT)
|
65:NESTED LOOP JOIN [CROSS JOIN]
|  mem-estimate=8B mem-reservation=0B thread-reservation=0
|  tuple-ids=4,10,16 row-size=24B cardinality=1 cost=0
|  in pipelines: 07(GETNEXT), 23(OPEN)
|
|--86:TUPLE CACHE
|  |  cache key: 7b65c501c16dca0bac62aed565529a01
|  |  input scan node ids: 16,18,17,19
|  |  estimated serialized size: 12B
|  |  estimated serialized size per node: 1B
|  |  cumulative processing cost: 1644387962
|  |  cache read processing cost: 0
|  |  cache write processing cost: 0
|  |  mem-estimate=4.00MB mem-reservation=4.00MB spill-buffer=2.00MB thread-reservation=0
|  |  tuple-ids=16 row-size=8B cardinality=1 cost=0
|  |  in pipelines: 23(GETNEXT)
|  |
|  23:AGGREGATE [FINALIZE]
|  |  output: count(*)
|  |  mem-estimate=16.00KB mem-reservation=0B spill-buffer=2.00MB thread-reservation=0
|  |  tuple-ids=16 row-size=8B cardinality=1 cost=279563
|  |  in pipelines: 23(GETNEXT), 16(OPEN)
|  |
|  85:TUPLE CACHE
|  |  cache key: 49541667f2181138e008a88407000bbd
|  |  input scan node ids: 16,18,17,19
|  |  estimated serialized size: 274.00MB
|  |  estimated serialized size per node: 27.40MB
|  |  cumulative processing cost: 1644108399
|  |  cache read processing cost: 530770
|  |  cache write processing cost: 775728
|  |  mem-estimate=4.00MB mem-reservation=4.00MB spill-buffer=2.00MB thread-reservation=0
|  |  tuple-ids=12,14,13,15 row-size=56B cardinality=3.99M cost=0
|  |  in pipelines: 16(GETNEXT)
|  |
|  22:HASH JOIN [INNER JOIN]
|  |  hash predicates: ss_store_sk = s_store_sk
|  |  fk/pk conjuncts: ss_store_sk = s_store_sk
|  |  runtime filters: RF013[min_max] <- s_store_sk
|  |  mem-estimate=1.94MB mem-reservation=1.94MB spill-buffer=64.00KB thread-reservation=0
|  |  tuple-ids=12,14,13,15 row-size=56B cardinality=3.99M cost=5833168
|  |  in pipelines: 16(GETNEXT), 19(OPEN)
|  |
|  |--84:TUPLE CACHE
|  |  |  cache key: ab9f20c95135d17ae26963823541f762
|  |  |  input scan node ids: 19
|  |  |  estimated serialized size: 3.13KB
|  |  |  estimated serialized size per node: 3.13KB
|  |  |  cumulative processing cost: 192
|  |  |  cache read processing cost: 17
|  |  |  cache write processing cost: 8
|  |  |  mem-estimate=4.00MB mem-reservation=4.00MB spill-buffer=2.00MB thread-reservation=0
|  |  |  tuple-ids=15 row-size=20B cardinality=134 cost=0
|  |  |  in pipelines: 19(GETNEXT)
|  |  |
|  |  19:SCAN HDFS [tpcds_partitioned_parquet_snap.store]
|  |     HDFS partitions=1/1 files=1 size=119.76KB
|  |     deterministic scan range assignment: true
|  |     schedule scan ranges oldest to newest: true
|  |     predicates: store.s_store_name = 'ese'
|  |     stored statistics:
|  |       table: rows=1.35K size=119.76KB
|  |       columns: all
|  |     extrapolated-rows=disabled max-scan-range-rows=1.35K
|  |     parquet statistics predicates: store.s_store_name = 'ese'
|  |     parquet dictionary predicates: store.s_store_name = 'ese'
|  |     mem-estimate=16.00MB mem-reservation=16.00KB thread-reservation=0
|  |     tuple-ids=15 row-size=20B cardinality=134 cost=192
|  |     in pipelines: 19(GETNEXT)
|  |
|  21:HASH JOIN [INNER JOIN]
|  |  hash predicates: ss_hdemo_sk = household_demographics.hd_demo_sk
|  |  fk/pk conjuncts: ss_hdemo_sk = household_demographics.hd_demo_sk
|  |  runtime filters: RF015[min_max] <- household_demographics.hd_demo_sk
|  |  mem-estimate=1.94MB mem-reservation=1.94MB spill-buffer=64.00KB thread-reservation=0
|  |  tuple-ids=12,14,13 row-size=36B cardinality=19.92M cost=55952742
|  |  in pipelines: 16(GETNEXT), 17(OPEN)
|  |
|  |--83:TUPLE CACHE
|  |  |  cache key: 901b3095349f7d48ebd3b93902ddaa89
|  |  |  input scan node ids: 17
|  |  |  estimated serialized size: 11.25KB
|  |  |  estimated serialized size per node: 11.25KB
|  |  |  cumulative processing cost: 1446
|  |  |  cache read processing cost: 95
|  |  |  cache write processing cost: 31
|  |  |  mem-estimate=4.00MB mem-reservation=4.00MB spill-buffer=2.00MB thread-reservation=0
|  |  |  tuple-ids=13 row-size=12B cardinality=720 cost=0
|  |  |  in pipelines: 17(GETNEXT)
|  |  |
|  |  17:SCAN HDFS [tpcds_partitioned_parquet_snap.household_demographics]
|  |     HDFS partitions=1/1 files=1 size=41.69KB
|  |     deterministic scan range assignment: true
|  |     schedule scan ranges oldest to newest: true
|  |     predicates: ((household_demographics.hd_dep_count = CAST(1 AS INT) AND household_demographics.hd_vehicle_count <= CAST(3 AS INT)) OR (household_demographics.hd_dep_count = CAST(2 AS INT) AND household_demographics.hd_vehicle_count <= CAST(4 AS INT)) OR (household_demographics.hd_dep_count = CAST(0 AS INT) AND household_demographics.hd_vehicle_count <= CAST(2 AS INT)))
|  |     stored statistics:
|  |       table: rows=7.20K size=41.69KB
|  |       columns: all
|  |     extrapolated-rows=disabled max-scan-range-rows=7.20K
|  |     mem-estimate=16.00MB mem-reservation=64.00KB thread-reservation=0
|  |     tuple-ids=13 row-size=12B cardinality=720 cost=1446
|  |     in pipelines: 17(GETNEXT)
|  |
|  20:HASH JOIN [INNER JOIN]
|  |  hash predicates: ss_sold_time_sk = time_dim.t_time_sk
|  |  fk/pk conjuncts: ss_sold_time_sk = time_dim.t_time_sk
|  |  runtime filters: RF016[bloom] <- time_dim.t_time_sk, RF017[min_max] <- time_dim.t_time_sk
|  |  mem-estimate=1.94MB mem-reservation=1.94MB spill-buffer=64.00KB thread-reservation=0
|  |  tuple-ids=12,14 row-size=24B cardinality=204.06M(filtered from 204.06M) cost=89320265
|  |  in pipelines: 16(GETNEXT), 18(OPEN)
|  |
|  |--82:TUPLE CACHE
|  |  |  cache key: 1072dc8f5d5e7b90cc3b3d833f7dc8b0
|  |  |  input scan node ids: 18
|  |  |  estimated serialized size: 17.78KB
|  |  |  estimated serialized size per node: 17.78KB
|  |  |  cumulative processing cost: 19785
|  |  |  cache read processing cost: 151
|  |  |  cache write processing cost: 49
|  |  |  mem-estimate=4.00MB mem-reservation=4.00MB spill-buffer=2.00MB thread-reservation=0
|  |  |  tuple-ids=14 row-size=12B cardinality=1.14K cost=0
|  |  |  in pipelines: 18(GETNEXT)
|  |  |
|  |  18:SCAN HDFS [tpcds_partitioned_parquet_snap.time_dim]
|  |     HDFS partitions=1/1 files=1 size=1.31MB
|  |     deterministic scan range assignment: true
|  |     schedule scan ranges oldest to newest: true
|  |     predicates: time_dim.t_hour = CAST(9 AS INT), time_dim.t_minute >= CAST(30 AS INT)
|  |     stored statistics:
|  |       table: rows=86.40K size=1.31MB
|  |       columns: all
|  |     extrapolated-rows=disabled max-scan-range-rows=86.40K
|  |     parquet statistics predicates: time_dim.t_hour = CAST(9 AS INT), time_dim.t_minute >= CAST(30 AS INT)
|  |     parquet dictionary predicates: time_dim.t_hour = CAST(9 AS INT), time_dim.t_minute >= CAST(30 AS INT)
|  |     mem-estimate=16.00MB mem-reservation=512.00KB thread-reservation=0
|  |     tuple-ids=14 row-size=12B cardinality=1.14K cost=19785
|  |     in pipelines: 18(GETNEXT)
|  |
|  16:SCAN HDFS [tpcds_partitioned_parquet_snap.store_sales]
|     HDFS partitions=1824/1824 files=1824 size=389.90GB
|     deterministic scan range assignment: true
|     schedule scan ranges oldest to newest: true
|     runtime filters: RF017[min_max] -> ss_sold_time_sk, RF015[min_max] -> ss_hdemo_sk, RF013[min_max] -> ss_store_sk, RF016[bloom] -> ss_sold_time_sk
|     stored statistics:
|       table: rows=8.64G size=389.90GB
|       partitions: 1824/1824 rows=8.64G
|       columns: all
|     extrapolated-rows=disabled max-scan-range-rows=390.22M
|     mem-estimate=16.00MB mem-reservation=8.00MB thread-reservation=0
|     tuple-ids=12 row-size=12B cardinality=204.06M(filtered from 8.64G) cost=1492980801
|     in pipelines: 16(GETNEXT)
|
81:TUPLE CACHE
|  cache key: 9ce0df95e677fb39fe2af37cba8bc3bd
|  input scan node ids: 0,2,1,3,8,10,9,11
|  estimated serialized size: 24B
|  estimated serialized size per node: 2B
|  cumulative processing cost: 3288775924
|  cache read processing cost: 0
|  cache write processing cost: 0
|  mem-estimate=4.00MB mem-reservation=4.00MB spill-buffer=2.00MB thread-reservation=0
|  tuple-ids=4,10 row-size=16B cardinality=1 cost=0
|  in pipelines: 07(GETNEXT)
|
64:NESTED LOOP JOIN [CROSS JOIN]
|  mem-estimate=8B mem-reservation=0B thread-reservation=0
|  tuple-ids=4,10 row-size=16B cardinality=1 cost=0
|  in pipelines: 07(GETNEXT), 15(OPEN)
|
|--80:TUPLE CACHE
|  |  cache key: d601198cdc54759415c2f177f3d3563e
|  |  input scan node ids: 8,10,9,11
|  |  estimated serialized size: 12B
|  |  estimated serialized size per node: 1B
|  |  cumulative processing cost: 1644387962
|  |  cache read processing cost: 0
|  |  cache write processing cost: 0
|  |  mem-estimate=4.00MB mem-reservation=4.00MB spill-buffer=2.00MB thread-reservation=0
|  |  tuple-ids=10 row-size=8B cardinality=1 cost=0
|  |  in pipelines: 15(GETNEXT)
|  |
|  15:AGGREGATE [FINALIZE]
|  |  output: count(*)
|  |  mem-estimate=16.00KB mem-reservation=0B spill-buffer=2.00MB thread-reservation=0
|  |  tuple-ids=10 row-size=8B cardinality=1 cost=279563
|  |  in pipelines: 15(GETNEXT), 08(OPEN)
|  |
|  79:TUPLE CACHE
|  |  cache key: 534770774eeb75fd4fd0a6ac62139691
|  |  input scan node ids: 8,10,9,11
|  |  estimated serialized size: 274.00MB
|  |  estimated serialized size per node: 27.40MB
|  |  cumulative processing cost: 1644108399
|  |  cache read processing cost: 530770
|  |  cache write processing cost: 775728
|  |  mem-estimate=4.00MB mem-reservation=4.00MB spill-buffer=2.00MB thread-reservation=0
|  |  tuple-ids=6,8,7,9 row-size=56B cardinality=3.99M cost=0
|  |  in pipelines: 08(GETNEXT)
|  |
|  14:HASH JOIN [INNER JOIN]
|  |  hash predicates: ss_store_sk = s_store_sk
|  |  fk/pk conjuncts: ss_store_sk = s_store_sk
|  |  runtime filters: RF007[min_max] <- s_store_sk
|  |  mem-estimate=1.94MB mem-reservation=1.94MB spill-buffer=64.00KB thread-reservation=0
|  |  tuple-ids=6,8,7,9 row-size=56B cardinality=3.99M cost=5833168
|  |  in pipelines: 08(GETNEXT), 11(OPEN)
|  |
|  |--78:TUPLE CACHE
|  |  |  cache key: ab9f20c95135d17ae26963823541f762
|  |  |  input scan node ids: 11
|  |  |  estimated serialized size: 3.13KB
|  |  |  estimated serialized size per node: 3.13KB
|  |  |  cumulative processing cost: 192
|  |  |  cache read processing cost: 17
|  |  |  cache write processing cost: 8
|  |  |  mem-estimate=4.00MB mem-reservation=4.00MB spill-buffer=2.00MB thread-reservation=0
|  |  |  tuple-ids=9 row-size=20B cardinality=134 cost=0
|  |  |  in pipelines: 11(GETNEXT)
|  |  |
|  |  11:SCAN HDFS [tpcds_partitioned_parquet_snap.store]
|  |     HDFS partitions=1/1 files=1 size=119.76KB
|  |     deterministic scan range assignment: true
|  |     schedule scan ranges oldest to newest: true
|  |     predicates: store.s_store_name = 'ese'
|  |     stored statistics:
|  |       table: rows=1.35K size=119.76KB
|  |       columns: all
|  |     extrapolated-rows=disabled max-scan-range-rows=1.35K
|  |     parquet statistics predicates: store.s_store_name = 'ese'
|  |     parquet dictionary predicates: store.s_store_name = 'ese'
|  |     mem-estimate=16.00MB mem-reservation=16.00KB thread-reservation=0
|  |     tuple-ids=9 row-size=20B cardinality=134 cost=192
|  |     in pipelines: 11(GETNEXT)
|  |
|  13:HASH JOIN [INNER JOIN]
|  |  hash predicates: ss_hdemo_sk = household_demographics.hd_demo_sk
|  |  fk/pk conjuncts: ss_hdemo_sk = household_demographics.hd_demo_sk
|  |  runtime filters: RF008[bloom] <- household_demographics.hd_demo_sk, RF009[min_max] <- household_demographics.hd_demo_sk
|  |  mem-estimate=1.94MB mem-reservation=1.94MB spill-buffer=64.00KB thread-reservation=0
|  |  tuple-ids=6,8,7 row-size=36B cardinality=19.92M cost=55952742
|  |  in pipelines: 08(GETNEXT), 09(OPEN)
|  |
|  |--77:TUPLE CACHE
|  |  |  cache key: 901b3095349f7d48ebd3b93902ddaa89
|  |  |  input scan node ids: 9
|  |  |  estimated serialized size: 11.25KB
|  |  |  estimated serialized size per node: 11.25KB
|  |  |  cumulative processing cost: 1446
|  |  |  cache read processing cost: 95
|  |  |  cache write processing cost: 31
|  |  |  mem-estimate=4.00MB mem-reservation=4.00MB spill-buffer=2.00MB thread-reservation=0
|  |  |  tuple-ids=7 row-size=12B cardinality=720 cost=0
|  |  |  in pipelines: 09(GETNEXT)
|  |  |
|  |  09:SCAN HDFS [tpcds_partitioned_parquet_snap.household_demographics]
|  |     HDFS partitions=1/1 files=1 size=41.69KB
|  |     deterministic scan range assignment: true
|  |     schedule scan ranges oldest to newest: true
|  |     predicates: ((household_demographics.hd_dep_count = CAST(1 AS INT) AND household_demographics.hd_vehicle_count <= CAST(3 AS INT)) OR (household_demographics.hd_dep_count = CAST(2 AS INT) AND household_demographics.hd_vehicle_count <= CAST(4 AS INT)) OR (household_demographics.hd_dep_count = CAST(0 AS INT) AND household_demographics.hd_vehicle_count <= CAST(2 AS INT)))
|  |     stored statistics:
|  |       table: rows=7.20K size=41.69KB
|  |       columns: all
|  |     extrapolated-rows=disabled max-scan-range-rows=7.20K
|  |     mem-estimate=16.00MB mem-reservation=64.00KB thread-reservation=0
|  |     tuple-ids=7 row-size=12B cardinality=720 cost=1446
|  |     in pipelines: 09(GETNEXT)
|  |
|  12:HASH JOIN [INNER JOIN]
|  |  hash predicates: ss_sold_time_sk = time_dim.t_time_sk
|  |  fk/pk conjuncts: ss_sold_time_sk = time_dim.t_time_sk
|  |  runtime filters: RF010[bloom] <- time_dim.t_time_sk, RF011[min_max] <- time_dim.t_time_sk
|  |  mem-estimate=1.94MB mem-reservation=1.94MB spill-buffer=64.00KB thread-reservation=0
|  |  tuple-ids=6,8 row-size=24B cardinality=204.06M(filtered from 204.06M) cost=89320265
|  |  in pipelines: 08(GETNEXT), 10(OPEN)
|  |
|  |--76:TUPLE CACHE
|  |  |  cache key: a720b4de1a2a5f2da913d44b6508d444
|  |  |  input scan node ids: 10
|  |  |  estimated serialized size: 17.78KB
|  |  |  estimated serialized size per node: 17.78KB
|  |  |  cumulative processing cost: 19785
|  |  |  cache read processing cost: 151
|  |  |  cache write processing cost: 49
|  |  |  mem-estimate=4.00MB mem-reservation=4.00MB spill-buffer=2.00MB thread-reservation=0
|  |  |  tuple-ids=8 row-size=12B cardinality=1.14K cost=0
|  |  |  in pipelines: 10(GETNEXT)
|  |  |
|  |  10:SCAN HDFS [tpcds_partitioned_parquet_snap.time_dim]
|  |     HDFS partitions=1/1 files=1 size=1.31MB
|  |     deterministic scan range assignment: true
|  |     schedule scan ranges oldest to newest: true
|  |     predicates: time_dim.t_hour = CAST(9 AS INT), time_dim.t_minute < CAST(30 AS INT)
|  |     stored statistics:
|  |       table: rows=86.40K size=1.31MB
|  |       columns: all
|  |     extrapolated-rows=disabled max-scan-range-rows=86.40K
|  |     parquet statistics predicates: time_dim.t_hour = CAST(9 AS INT), time_dim.t_minute < CAST(30 AS INT)
|  |     parquet dictionary predicates: time_dim.t_hour = CAST(9 AS INT), time_dim.t_minute < CAST(30 AS INT)
|  |     mem-estimate=16.00MB mem-reservation=512.00KB thread-reservation=0
|  |     tuple-ids=8 row-size=12B cardinality=1.14K cost=19785
|  |     in pipelines: 10(GETNEXT)
|  |
|  08:SCAN HDFS [tpcds_partitioned_parquet_snap.store_sales]
|     HDFS partitions=1824/1824 files=1824 size=389.90GB
|     deterministic scan range assignment: true
|     schedule scan ranges oldest to newest: true
|     runtime filters: RF011[min_max] -> ss_sold_time_sk, RF009[min_max] -> ss_hdemo_sk, RF007[min_max] -> ss_store_sk, RF010[bloom] -> ss_sold_time_sk, RF008[bloom] -> ss_hdemo_sk
|     stored statistics:
|       table: rows=8.64G size=389.90GB
|       partitions: 1824/1824 rows=8.64G
|       columns: all
|     extrapolated-rows=disabled max-scan-range-rows=390.22M
|     mem-estimate=16.00MB mem-reservation=8.00MB thread-reservation=0
|     tuple-ids=6 row-size=12B cardinality=204.06M(filtered from 8.64G) cost=1492980801
|     in pipelines: 08(GETNEXT)
|
75:TUPLE CACHE
|  cache key: ec145279bebad590d5ad768e8c21458c
|  input scan node ids: 0,2,1,3
|  estimated serialized size: 12B
|  estimated serialized size per node: 1B
|  cumulative processing cost: 1644387962
|  cache read processing cost: 0
|  cache write processing cost: 0
|  mem-estimate=4.00MB mem-reservation=4.00MB spill-buffer=2.00MB thread-reservation=0
|  tuple-ids=4 row-size=8B cardinality=1 cost=0
|  in pipelines: 07(GETNEXT)
|
07:AGGREGATE [FINALIZE]
|  output: count(*)
|  mem-estimate=16.00KB mem-reservation=0B spill-buffer=2.00MB thread-reservation=0
|  tuple-ids=4 row-size=8B cardinality=1 cost=279563
|  in pipelines: 07(GETNEXT), 00(OPEN)
|
74:TUPLE CACHE
|  cache key: 2503cedce9af21dface51bf52ba63611
|  input scan node ids: 0,2,1,3
|  estimated serialized size: 274.00MB
|  estimated serialized size per node: 27.40MB
|  cumulative processing cost: 1644108399
|  cache read processing cost: 530770
|  cache write processing cost: 775728
|  mem-estimate=4.00MB mem-reservation=4.00MB spill-buffer=2.00MB thread-reservation=0
|  tuple-ids=0,2,1,3 row-size=56B cardinality=3.99M cost=0
|  in pipelines: 00(GETNEXT)
|
06:HASH JOIN [INNER JOIN]
|  hash predicates: ss_store_sk = s_store_sk
|  fk/pk conjuncts: ss_store_sk = s_store_sk
|  runtime filters: RF001[min_max] <- s_store_sk
|  mem-estimate=1.94MB mem-reservation=1.94MB spill-buffer=64.00KB thread-reservation=0
|  tuple-ids=0,2,1,3 row-size=56B cardinality=3.99M cost=5833168
|  in pipelines: 00(GETNEXT), 03(OPEN)
|
|--73:TUPLE CACHE
|  |  cache key: ab9f20c95135d17ae26963823541f762
|  |  input scan node ids: 3
|  |  estimated serialized size: 3.13KB
|  |  estimated serialized size per node: 3.13KB
|  |  cumulative processing cost: 192
|  |  cache read processing cost: 17
|  |  cache write processing cost: 8
|  |  mem-estimate=4.00MB mem-reservation=4.00MB spill-buffer=2.00MB thread-reservation=0
|  |  tuple-ids=3 row-size=20B cardinality=134 cost=0
|  |  in pipelines: 03(GETNEXT)
|  |
|  03:SCAN HDFS [tpcds_partitioned_parquet_snap.store]
|     HDFS partitions=1/1 files=1 size=119.76KB
|     deterministic scan range assignment: true
|     schedule scan ranges oldest to newest: true
|     predicates: store.s_store_name = 'ese'
|     stored statistics:
|       table: rows=1.35K size=119.76KB
|       columns: all
|     extrapolated-rows=disabled max-scan-range-rows=1.35K
|     parquet statistics predicates: store.s_store_name = 'ese'
|     parquet dictionary predicates: store.s_store_name = 'ese'
|     mem-estimate=16.00MB mem-reservation=16.00KB thread-reservation=0
|     tuple-ids=3 row-size=20B cardinality=134 cost=192
|     in pipelines: 03(GETNEXT)
|
05:HASH JOIN [INNER JOIN]
|  hash predicates: ss_hdemo_sk = household_demographics.hd_demo_sk
|  fk/pk conjuncts: ss_hdemo_sk = household_demographics.hd_demo_sk
|  runtime filters: RF002[bloom] <- household_demographics.hd_demo_sk, RF003[min_max] <- household_demographics.hd_demo_sk
|  mem-estimate=1.94MB mem-reservation=1.94MB spill-buffer=64.00KB thread-reservation=0
|  tuple-ids=0,2,1 row-size=36B cardinality=19.92M cost=55952742
|  in pipelines: 00(GETNEXT), 01(OPEN)
|
|--72:TUPLE CACHE
|  |  cache key: 901b3095349f7d48ebd3b93902ddaa89
|  |  input scan node ids: 1
|  |  estimated serialized size: 11.25KB
|  |  estimated serialized size per node: 11.25KB
|  |  cumulative processing cost: 1446
|  |  cache read processing cost: 95
|  |  cache write processing cost: 31
|  |  mem-estimate=4.00MB mem-reservation=4.00MB spill-buffer=2.00MB thread-reservation=0
|  |  tuple-ids=1 row-size=12B cardinality=720 cost=0
|  |  in pipelines: 01(GETNEXT)
|  |
|  01:SCAN HDFS [tpcds_partitioned_parquet_snap.household_demographics]
|     HDFS partitions=1/1 files=1 size=41.69KB
|     deterministic scan range assignment: true
|     schedule scan ranges oldest to newest: true
|     predicates: ((household_demographics.hd_dep_count = CAST(1 AS INT) AND household_demographics.hd_vehicle_count <= CAST(3 AS INT)) OR (household_demographics.hd_dep_count = CAST(2 AS INT) AND household_demographics.hd_vehicle_count <= CAST(4 AS INT)) OR (household_demographics.hd_dep_count = CAST(0 AS INT) AND household_demographics.hd_vehicle_count <= CAST(2 AS INT)))
|     stored statistics:
|       table: rows=7.20K size=41.69KB
|       columns: all
|     extrapolated-rows=disabled max-scan-range-rows=7.20K
|     mem-estimate=16.00MB mem-reservation=64.00KB thread-reservation=0
|     tuple-ids=1 row-size=12B cardinality=720 cost=1446
|     in pipelines: 01(GETNEXT)
|
04:HASH JOIN [INNER JOIN]
|  hash predicates: ss_sold_time_sk = time_dim.t_time_sk
|  fk/pk conjuncts: ss_sold_time_sk = time_dim.t_time_sk
|  runtime filters: RF004[bloom] <- time_dim.t_time_sk, RF005[min_max] <- time_dim.t_time_sk
|  mem-estimate=1.94MB mem-reservation=1.94MB spill-buffer=64.00KB thread-reservation=0
|  tuple-ids=0,2 row-size=24B cardinality=204.06M(filtered from 204.06M) cost=89320265
|  in pipelines: 00(GETNEXT), 02(OPEN)
|
|--71:TUPLE CACHE
|  |  cache key: 4b085abae6a6852000f5dee614dbecfb
|  |  input scan node ids: 2
|  |  estimated serialized size: 17.78KB
|  |  estimated serialized size per node: 17.78KB
|  |  cumulative processing cost: 19785
|  |  cache read processing cost: 151
|  |  cache write processing cost: 49
|  |  mem-estimate=4.00MB mem-reservation=4.00MB spill-buffer=2.00MB thread-reservation=0
|  |  tuple-ids=2 row-size=12B cardinality=1.14K cost=0
|  |  in pipelines: 02(GETNEXT)
|  |
|  02:SCAN HDFS [tpcds_partitioned_parquet_snap.time_dim]
|     HDFS partitions=1/1 files=1 size=1.31MB
|     deterministic scan range assignment: true
|     schedule scan ranges oldest to newest: true
|     predicates: time_dim.t_hour = CAST(8 AS INT), time_dim.t_minute >= CAST(30 AS INT)
|     stored statistics:
|       table: rows=86.40K size=1.31MB
|       columns: all
|     extrapolated-rows=disabled max-scan-range-rows=86.40K
|     parquet statistics predicates: time_dim.t_hour = CAST(8 AS INT), time_dim.t_minute >= CAST(30 AS INT)
|     parquet dictionary predicates: time_dim.t_hour = CAST(8 AS INT), time_dim.t_minute >= CAST(30 AS INT)
|     mem-estimate=16.00MB mem-reservation=512.00KB thread-reservation=0
|     tuple-ids=2 row-size=12B cardinality=1.14K cost=19785
|     in pipelines: 02(GETNEXT)
|
00:SCAN HDFS [tpcds_partitioned_parquet_snap.store_sales]
   HDFS partitions=1824/1824 files=1824 size=389.90GB
   deterministic scan range assignment: true
   schedule scan ranges oldest to newest: true
   runtime filters: RF005[min_max] -> ss_sold_time_sk, RF003[min_max] -> ss_hdemo_sk, RF001[min_max] -> ss_store_sk, RF004[bloom] -> ss_sold_time_sk, RF002[bloom] -> ss_hdemo_sk
   stored statistics:
     table: rows=8.64G size=389.90GB
     partitions: 1824/1824 rows=8.64G
     columns: all
   extrapolated-rows=disabled max-scan-range-rows=390.22M
   mem-estimate=16.00MB mem-reservation=8.00MB thread-reservation=0
   tuple-ids=0 row-size=12B cardinality=204.06M(filtered from 8.64G) cost=1492980801
   in pipelines: 00(GETNEXT)
---- DISTRIBUTEDPLAN
Max Per-Host Resource Reservation: Memory=1.93GB Threads=159
Per-Host Resource Estimates: Memory=3.06GB
F04:PLAN FRAGMENT [UNPARTITIONED] hosts=1 instances=1
|  Per-Instance Resources: mem-estimate=4.02MB mem-reservation=4.00MB thread-reservation=1
|  max-parallelism=1 segment-costs=[25, 8] cpu-comparison-result=960 [max(1 (self) vs 960 (sum children))]
PLAN-ROOT SINK
|  output exprs: count(*), count(*), count(*), count(*), count(*), count(*), count(*), count(*)
|  mem-estimate=4.00MB mem-reservation=4.00MB spill-buffer=2.00MB thread-reservation=0 cost=8
|
70:NESTED LOOP JOIN [CROSS JOIN, BROADCAST]
|  join table id: 00
|  mem-estimate=0B mem-reservation=0B thread-reservation=0
|  tuple-ids=4,10,16,22,28,34,40,46 row-size=64B cardinality=1 cost=0
|  in pipelines: 75(GETNEXT), 116(OPEN)
|
|--F40:PLAN FRAGMENT [UNPARTITIONED] hosts=1 instances=1
|  |  Per-Instance Resources: mem-estimate=16.01KB mem-reservation=0B thread-reservation=1
|  |  max-parallelism=1 segment-costs=[0] cpu-comparison-result=120 [max(1 (self) vs 120 (sum children))]
|  JOIN BUILD
|  |  join-table-id=00 plan-id=01 cohort-id=01
|  |  mem-estimate=8B mem-reservation=0B thread-reservation=0 cost=0
|  |
|  117:EXCHANGE [UNPARTITIONED]
|  |  mem-estimate=16.00KB mem-reservation=0B thread-reservation=0
|  |  tuple-ids=46 row-size=8B cardinality=1 cost=0
|  |  in pipelines: 116(GETNEXT)
|  |
|  F39:PLAN FRAGMENT [UNPARTITIONED] hosts=1 instances=1
|  Per-Instance Resources: mem-estimate=184.84KB mem-reservation=0B thread-reservation=1
|  max-parallelism=1 segment-costs=[25, 1] cpu-comparison-result=120 [max(1 (self) vs 120 (sum children))]
|  116:AGGREGATE [FINALIZE]
|  |  output: count:merge(*)
|  |  mem-estimate=16.00KB mem-reservation=0B spill-buffer=2.00MB thread-reservation=0
|  |  tuple-ids=46 row-size=8B cardinality=1 cost=8
|  |  in pipelines: 116(GETNEXT), 63(OPEN)
|  |
|  115:EXCHANGE [UNPARTITIONED]
|  |  mem-estimate=168.84KB mem-reservation=0B thread-reservation=0
|  |  tuple-ids=46 row-size=8B cardinality=120 cost=17
|  |  in pipelines: 63(GETNEXT)
|  |
|  F35:PLAN FRAGMENT [RANDOM] hosts=10 instances=120
|  Per-Host Shared Resources: mem-estimate=1.00MB mem-reservation=1.00MB thread-reservation=0 runtime-filters-memory=1.00MB
|  Per-Instance Resources: mem-estimate=20.02MB mem-reservation=12.00MB thread-reservation=1
|  max-parallelism=170 segment-costs=[1644364547, 123] cpu-comparison-result=120 [max(120 (self) vs 33 (sum children))]
|  152:TUPLE CACHE
|  |  cache key: 0507e859881a05261043842af25f2fe4
|  |  input scan node ids: 56
|  |  estimated serialized size: 1.41KB
|  |  estimated serialized size per node: 144B
|  |  cumulative processing cost: 1644390701
|  |  cache read processing cost: 15
|  |  cache write processing cost: 3
|  |  mem-estimate=4.00MB mem-reservation=4.00MB spill-buffer=2.00MB thread-reservation=0
|  |  tuple-ids=46 row-size=8B cardinality=120 cost=0
|  |  in pipelines: 63(GETNEXT)
|  |
|  63:AGGREGATE
|  |  output: count(*)
|  |  mem-estimate=16.00KB mem-reservation=0B spill-buffer=2.00MB thread-reservation=0
|  |  tuple-ids=46 row-size=8B cardinality=120 cost=279563
|  |  in pipelines: 63(GETNEXT), 56(OPEN)
|  |
|  62:HASH JOIN [INNER JOIN, BROADCAST]
|  |  hash-table-id=01
|  |  hash predicates: ss_store_sk = s_store_sk
|  |  fk/pk conjuncts: ss_store_sk = s_store_sk
|  |  mem-estimate=0B mem-reservation=0B spill-buffer=64.00KB thread-reservation=0
|  |  tuple-ids=42,44,43,45 row-size=56B cardinality=3.99M cost=5833034
|  |  in pipelines: 56(GETNEXT), 59(OPEN)
|  |
|  |--F41:PLAN FRAGMENT [RANDOM] hosts=10 instances=10
|  |  |  Per-Instance Resources: mem-estimate=23.27MB mem-reservation=23.25MB thread-reservation=1
|  |  |  max-parallelism=10 segment-costs=[304]
|  |  JOIN BUILD
|  |  |  join-table-id=01 plan-id=02 cohort-id=02
|  |  |  build expressions: s_store_sk
|  |  |  runtime filters: RF043[min_max] <- s_store_sk
|  |  |  mem-estimate=23.25MB mem-reservation=23.25MB spill-buffer=64.00KB thread-reservation=0 cost=134
|  |  |
|  |  114:EXCHANGE [BROADCAST]
|  |  |  mem-estimate=16.00KB mem-reservation=0B thread-reservation=0
|  |  |  tuple-ids=45 row-size=20B cardinality=134 cost=170
|  |  |  in pipelines: 59(GETNEXT)
|  |  |
|  |  F38:PLAN FRAGMENT [RANDOM] hosts=1 instances=1
|  |  Per-Instance Resources: mem-estimate=20.09MB mem-reservation=4.02MB thread-reservation=1
|  |  max-parallelism=1 segment-costs=[202]
|  |  151:TUPLE CACHE
|  |  |  cache key: ab9f20c95135d17ae26963823541f762
|  |  |  input scan node ids: 59
|  |  |  estimated serialized size: 3.13KB
|  |  |  estimated serialized size per node: 3.13KB
|  |  |  cumulative processing cost: 192
|  |  |  cache read processing cost: 17
|  |  |  cache write processing cost: 8
|  |  |  mem-estimate=4.00MB mem-reservation=4.00MB spill-buffer=2.00MB thread-reservation=0
|  |  |  tuple-ids=45 row-size=20B cardinality=134 cost=0
|  |  |  in pipelines: 59(GETNEXT)
|  |  |
|  |  59:SCAN HDFS [tpcds_partitioned_parquet_snap.store, RANDOM]
|  |     HDFS partitions=1/1 files=1 size=119.76KB
|  |     deterministic scan range assignment: true
|  |     schedule scan ranges oldest to newest: true
|  |     predicates: store.s_store_name = 'ese'
|  |     stored statistics:
|  |       table: rows=1.35K size=119.76KB
|  |       columns: all
|  |     extrapolated-rows=disabled max-scan-range-rows=1.35K
|  |     parquet statistics predicates: store.s_store_name = 'ese'
|  |     parquet dictionary predicates: store.s_store_name = 'ese'
|  |     mem-estimate=16.00MB mem-reservation=16.00KB thread-reservation=0
|  |     tuple-ids=45 row-size=20B cardinality=134 cost=192
|  |     in pipelines: 59(GETNEXT)
|  |
|  61:HASH JOIN [INNER JOIN, BROADCAST]
|  |  hash-table-id=02
|  |  hash predicates: ss_hdemo_sk = household_demographics.hd_demo_sk
|  |  fk/pk conjuncts: ss_hdemo_sk = household_demographics.hd_demo_sk
|  |  mem-estimate=0B mem-reservation=0B spill-buffer=64.00KB thread-reservation=0
|  |  tuple-ids=42,44,43 row-size=36B cardinality=19.92M cost=55952022
|  |  in pipelines: 56(GETNEXT), 57(OPEN)
|  |
|  |--F42:PLAN FRAGMENT [RANDOM] hosts=10 instances=10
|  |  |  Per-Instance Resources: mem-estimate=23.27MB mem-reservation=23.25MB thread-reservation=1
|  |  |  max-parallelism=10 segment-costs=[1670]
|  |  JOIN BUILD
|  |  |  join-table-id=02 plan-id=03 cohort-id=02
|  |  |  build expressions: household_demographics.hd_demo_sk
|  |  |  runtime filters: RF045[min_max] <- household_demographics.hd_demo_sk
|  |  |  mem-estimate=23.25MB mem-reservation=23.25MB spill-buffer=64.00KB thread-reservation=0 cost=720
|  |  |
|  |  113:EXCHANGE [BROADCAST]
|  |  |  mem-estimate=19.69KB mem-reservation=0B thread-reservation=0
|  |  |  tuple-ids=43 row-size=12B cardinality=720 cost=950
|  |  |  in pipelines: 57(GETNEXT)
|  |  |
|  |  F37:PLAN FRAGMENT [RANDOM] hosts=1 instances=1
|  |  Per-Instance Resources: mem-estimate=20.06MB mem-reservation=4.06MB thread-reservation=1
|  |  max-parallelism=1 segment-costs=[1484]
|  |  150:TUPLE CACHE
|  |  |  cache key: 901b3095349f7d48ebd3b93902ddaa89
|  |  |  input scan node ids: 57
|  |  |  estimated serialized size: 11.25KB
|  |  |  estimated serialized size per node: 11.25KB
|  |  |  cumulative processing cost: 1446
|  |  |  cache read processing cost: 95
|  |  |  cache write processing cost: 31
|  |  |  mem-estimate=4.00MB mem-reservation=4.00MB spill-buffer=2.00MB thread-reservation=0
|  |  |  tuple-ids=43 row-size=12B cardinality=720 cost=0
|  |  |  in pipelines: 57(GETNEXT)
|  |  |
|  |  57:SCAN HDFS [tpcds_partitioned_parquet_snap.household_demographics, RANDOM]
|  |     HDFS partitions=1/1 files=1 size=41.69KB
|  |     deterministic scan range assignment: true
|  |     schedule scan ranges oldest to newest: true
|  |     predicates: ((household_demographics.hd_dep_count = CAST(1 AS INT) AND household_demographics.hd_vehicle_count <= CAST(3 AS INT)) OR (household_demographics.hd_dep_count = CAST(2 AS INT) AND household_demographics.hd_vehicle_count <= CAST(4 AS INT)) OR (household_demographics.hd_dep_count = CAST(0 AS INT) AND household_demographics.hd_vehicle_count <= CAST(2 AS INT)))
|  |     stored statistics:
|  |       table: rows=7.20K size=41.69KB
|  |       columns: all
|  |     extrapolated-rows=disabled max-scan-range-rows=7.20K
|  |     mem-estimate=16.00MB mem-reservation=64.00KB thread-reservation=0
|  |     tuple-ids=43 row-size=12B cardinality=720 cost=1446
|  |     in pipelines: 57(GETNEXT)
|  |
|  60:HASH JOIN [INNER JOIN, BROADCAST]
|  |  hash-table-id=03
|  |  hash predicates: ss_sold_time_sk = time_dim.t_time_sk
|  |  fk/pk conjuncts: ss_sold_time_sk = time_dim.t_time_sk
|  |  mem-estimate=0B mem-reservation=0B spill-buffer=64.00KB thread-reservation=0
|  |  tuple-ids=42,44 row-size=24B cardinality=204.06M(filtered from 204.06M) cost=89319127
|  |  in pipelines: 56(GETNEXT), 58(OPEN)
|  |
|  |--F43:PLAN FRAGMENT [RANDOM] hosts=10 instances=10
|  |  |  Per-Instance Resources: mem-estimate=24.28MB mem-reservation=24.25MB thread-reservation=1 runtime-filters-memory=1.00MB
|  |  |  max-parallelism=10 segment-costs=[2648]
|  |  JOIN BUILD
|  |  |  join-table-id=03 plan-id=04 cohort-id=02
|  |  |  build expressions: time_dim.t_time_sk
|  |  |  runtime filters: RF046[bloom] <- time_dim.t_time_sk, RF047[min_max] <- time_dim.t_time_sk
|  |  |  mem-estimate=23.25MB mem-reservation=23.25MB spill-buffer=64.00KB thread-reservation=0 cost=1138
|  |  |
|  |  112:EXCHANGE [BROADCAST]
|  |  |  mem-estimate=29.34KB mem-reservation=0B thread-reservation=0
|  |  |  tuple-ids=44 row-size=12B cardinality=1.14K cost=1510
|  |  |  in pipelines: 58(GETNEXT)
|  |  |
|  |  F36:PLAN FRAGMENT [RANDOM] hosts=1 instances=1
|  |  Per-Instance Resources: mem-estimate=20.06MB mem-reservation=4.50MB thread-reservation=1
|  |  max-parallelism=1 segment-costs=[19846]
|  |  149:TUPLE CACHE
|  |  |  cache key: 0505f104ad9a7298426d209cd50c9a19
|  |  |  input scan node ids: 58
|  |  |  estimated serialized size: 17.78KB
|  |  |  estimated serialized size per node: 17.78KB
|  |  |  cumulative processing cost: 19785
|  |  |  cache read processing cost: 151
|  |  |  cache write processing cost: 49
|  |  |  mem-estimate=4.00MB mem-reservation=4.00MB spill-buffer=2.00MB thread-reservation=0
|  |  |  tuple-ids=44 row-size=12B cardinality=1.14K cost=0
|  |  |  in pipelines: 58(GETNEXT)
|  |  |
|  |  58:SCAN HDFS [tpcds_partitioned_parquet_snap.time_dim, RANDOM]
|  |     HDFS partitions=1/1 files=1 size=1.31MB
|  |     deterministic scan range assignment: true
|  |     schedule scan ranges oldest to newest: true
|  |     predicates: time_dim.t_hour = CAST(12 AS INT), time_dim.t_minute < CAST(30 AS INT)
|  |     stored statistics:
|  |       table: rows=86.40K size=1.31MB
|  |       columns: all
|  |     extrapolated-rows=disabled max-scan-range-rows=86.40K
|  |     parquet statistics predicates: time_dim.t_hour = CAST(12 AS INT), time_dim.t_minute < CAST(30 AS INT)
|  |     parquet dictionary predicates: time_dim.t_hour = CAST(12 AS INT), time_dim.t_minute < CAST(30 AS INT)
|  |     mem-estimate=16.00MB mem-reservation=512.00KB thread-reservation=0
|  |     tuple-ids=44 row-size=12B cardinality=1.14K cost=19785
|  |     in pipelines: 58(GETNEXT)
|  |
|  56:SCAN HDFS [tpcds_partitioned_parquet_snap.store_sales, RANDOM]
|     HDFS partitions=1824/1824 files=1824 size=389.90GB
|     deterministic scan range assignment: true
|     schedule scan ranges oldest to newest: true
|     runtime filters: RF047[min_max] -> ss_sold_time_sk, RF045[min_max] -> ss_hdemo_sk, RF043[min_max] -> ss_store_sk, RF046[bloom] -> ss_sold_time_sk
|     stored statistics:
|       table: rows=8.64G size=389.90GB
|       partitions: 1824/1824 rows=8.64G
|       columns: all
|     extrapolated-rows=disabled max-scan-range-rows=390.22M
|     mem-estimate=16.00MB mem-reservation=8.00MB thread-reservation=0
|     tuple-ids=42 row-size=12B cardinality=204.06M(filtered from 8.64G) cost=1492980801
|     in pipelines: 56(GETNEXT)
|
69:NESTED LOOP JOIN [CROSS JOIN, BROADCAST]
|  join table id: 04
|  mem-estimate=0B mem-reservation=0B thread-reservation=0
|  tuple-ids=4,10,16,22,28,34,40 row-size=56B cardinality=1 cost=0
|  in pipelines: 75(GETNEXT), 110(OPEN)
|
|--F44:PLAN FRAGMENT [UNPARTITIONED] hosts=1 instances=1
|  |  Per-Instance Resources: mem-estimate=16.01KB mem-reservation=0B thread-reservation=1
|  |  max-parallelism=1 segment-costs=[0] cpu-comparison-result=120 [max(1 (self) vs 120 (sum children))]
|  JOIN BUILD
|  |  join-table-id=04 plan-id=05 cohort-id=01
|  |  mem-estimate=8B mem-reservation=0B thread-reservation=0 cost=0
|  |
|  111:EXCHANGE [UNPARTITIONED]
|  |  mem-estimate=16.00KB mem-reservation=0B thread-reservation=0
|  |  tuple-ids=40 row-size=8B cardinality=1 cost=0
|  |  in pipelines: 110(GETNEXT)
|  |
|  F34:PLAN FRAGMENT [UNPARTITIONED] hosts=1 instances=1
|  Per-Instance Resources: mem-estimate=184.84KB mem-reservation=0B thread-reservation=1
|  max-parallelism=1 segment-costs=[25, 1] cpu-comparison-result=120 [max(1 (self) vs 120 (sum children))]
|  110:AGGREGATE [FINALIZE]
|  |  output: count:merge(*)
|  |  mem-estimate=16.00KB mem-reservation=0B spill-buffer=2.00MB thread-reservation=0
|  |  tuple-ids=40 row-size=8B cardinality=1 cost=8
|  |  in pipelines: 110(GETNEXT), 55(OPEN)
|  |
|  109:EXCHANGE [UNPARTITIONED]
|  |  mem-estimate=168.84KB mem-reservation=0B thread-reservation=0
|  |  tuple-ids=40 row-size=8B cardinality=120 cost=17
|  |  in pipelines: 55(GETNEXT)
|  |
|  F30:PLAN FRAGMENT [RANDOM] hosts=10 instances=120
|  Per-Host Shared Resources: mem-estimate=1.00MB mem-reservation=1.00MB thread-reservation=0 runtime-filters-memory=1.00MB
|  Per-Instance Resources: mem-estimate=20.02MB mem-reservation=12.00MB thread-reservation=1
|  max-parallelism=170 segment-costs=[1644364547, 123] cpu-comparison-result=120 [max(120 (self) vs 33 (sum children))]
|  148:TUPLE CACHE
|  |  cache key: c2540f0f29be9bde177f4e5d1b712df0
|  |  input scan node ids: 48
|  |  estimated serialized size: 1.41KB
|  |  estimated serialized size per node: 144B
|  |  cumulative processing cost: 1644390701
|  |  cache read processing cost: 15
|  |  cache write processing cost: 3
|  |  mem-estimate=4.00MB mem-reservation=4.00MB spill-buffer=2.00MB thread-reservation=0
|  |  tuple-ids=40 row-size=8B cardinality=120 cost=0
|  |  in pipelines: 55(GETNEXT)
|  |
|  55:AGGREGATE
|  |  output: count(*)
|  |  mem-estimate=16.00KB mem-reservation=0B spill-buffer=2.00MB thread-reservation=0
|  |  tuple-ids=40 row-size=8B cardinality=120 cost=279563
|  |  in pipelines: 55(GETNEXT), 48(OPEN)
|  |
|  54:HASH JOIN [INNER JOIN, BROADCAST]
|  |  hash-table-id=05
|  |  hash predicates: ss_store_sk = s_store_sk
|  |  fk/pk conjuncts: ss_store_sk = s_store_sk
|  |  mem-estimate=0B mem-reservation=0B spill-buffer=64.00KB thread-reservation=0
|  |  tuple-ids=36,38,37,39 row-size=56B cardinality=3.99M cost=5833034
|  |  in pipelines: 48(GETNEXT), 51(OPEN)
|  |
|  |--F45:PLAN FRAGMENT [RANDOM] hosts=10 instances=10
|  |  |  Per-Instance Resources: mem-estimate=23.27MB mem-reservation=23.25MB thread-reservation=1
|  |  |  max-parallelism=10 segment-costs=[304]
|  |  JOIN BUILD
|  |  |  join-table-id=05 plan-id=06 cohort-id=03
|  |  |  build expressions: s_store_sk
|  |  |  runtime filters: RF037[min_max] <- s_store_sk
|  |  |  mem-estimate=23.25MB mem-reservation=23.25MB spill-buffer=64.00KB thread-reservation=0 cost=134
|  |  |
|  |  108:EXCHANGE [BROADCAST]
|  |  |  mem-estimate=16.00KB mem-reservation=0B thread-reservation=0
|  |  |  tuple-ids=39 row-size=20B cardinality=134 cost=170
|  |  |  in pipelines: 51(GETNEXT)
|  |  |
|  |  F33:PLAN FRAGMENT [RANDOM] hosts=1 instances=1
|  |  Per-Instance Resources: mem-estimate=20.09MB mem-reservation=4.02MB thread-reservation=1
|  |  max-parallelism=1 segment-costs=[202]
|  |  147:TUPLE CACHE
|  |  |  cache key: ab9f20c95135d17ae26963823541f762
|  |  |  input scan node ids: 51
|  |  |  estimated serialized size: 3.13KB
|  |  |  estimated serialized size per node: 3.13KB
|  |  |  cumulative processing cost: 192
|  |  |  cache read processing cost: 17
|  |  |  cache write processing cost: 8
|  |  |  mem-estimate=4.00MB mem-reservation=4.00MB spill-buffer=2.00MB thread-reservation=0
|  |  |  tuple-ids=39 row-size=20B cardinality=134 cost=0
|  |  |  in pipelines: 51(GETNEXT)
|  |  |
|  |  51:SCAN HDFS [tpcds_partitioned_parquet_snap.store, RANDOM]
|  |     HDFS partitions=1/1 files=1 size=119.76KB
|  |     deterministic scan range assignment: true
|  |     schedule scan ranges oldest to newest: true
|  |     predicates: store.s_store_name = 'ese'
|  |     stored statistics:
|  |       table: rows=1.35K size=119.76KB
|  |       columns: all
|  |     extrapolated-rows=disabled max-scan-range-rows=1.35K
|  |     parquet statistics predicates: store.s_store_name = 'ese'
|  |     parquet dictionary predicates: store.s_store_name = 'ese'
|  |     mem-estimate=16.00MB mem-reservation=16.00KB thread-reservation=0
|  |     tuple-ids=39 row-size=20B cardinality=134 cost=192
|  |     in pipelines: 51(GETNEXT)
|  |
|  53:HASH JOIN [INNER JOIN, BROADCAST]
|  |  hash-table-id=06
|  |  hash predicates: ss_hdemo_sk = household_demographics.hd_demo_sk
|  |  fk/pk conjuncts: ss_hdemo_sk = household_demographics.hd_demo_sk
|  |  mem-estimate=0B mem-reservation=0B spill-buffer=64.00KB thread-reservation=0
|  |  tuple-ids=36,38,37 row-size=36B cardinality=19.92M cost=55952022
|  |  in pipelines: 48(GETNEXT), 49(OPEN)
|  |
|  |--F46:PLAN FRAGMENT [RANDOM] hosts=10 instances=10
|  |  |  Per-Instance Resources: mem-estimate=23.27MB mem-reservation=23.25MB thread-reservation=1
|  |  |  max-parallelism=10 segment-costs=[1670]
|  |  JOIN BUILD
|  |  |  join-table-id=06 plan-id=07 cohort-id=03
|  |  |  build expressions: household_demographics.hd_demo_sk
|  |  |  runtime filters: RF039[min_max] <- household_demographics.hd_demo_sk
|  |  |  mem-estimate=23.25MB mem-reservation=23.25MB spill-buffer=64.00KB thread-reservation=0 cost=720
|  |  |
|  |  107:EXCHANGE [BROADCAST]
|  |  |  mem-estimate=19.69KB mem-reservation=0B thread-reservation=0
|  |  |  tuple-ids=37 row-size=12B cardinality=720 cost=950
|  |  |  in pipelines: 49(GETNEXT)
|  |  |
|  |  F32:PLAN FRAGMENT [RANDOM] hosts=1 instances=1
|  |  Per-Instance Resources: mem-estimate=20.06MB mem-reservation=4.06MB thread-reservation=1
|  |  max-parallelism=1 segment-costs=[1484]
|  |  146:TUPLE CACHE
|  |  |  cache key: 901b3095349f7d48ebd3b93902ddaa89
|  |  |  input scan node ids: 49
|  |  |  estimated serialized size: 11.25KB
|  |  |  estimated serialized size per node: 11.25KB
|  |  |  cumulative processing cost: 1446
|  |  |  cache read processing cost: 95
|  |  |  cache write processing cost: 31
|  |  |  mem-estimate=4.00MB mem-reservation=4.00MB spill-buffer=2.00MB thread-reservation=0
|  |  |  tuple-ids=37 row-size=12B cardinality=720 cost=0
|  |  |  in pipelines: 49(GETNEXT)
|  |  |
|  |  49:SCAN HDFS [tpcds_partitioned_parquet_snap.household_demographics, RANDOM]
|  |     HDFS partitions=1/1 files=1 size=41.69KB
|  |     deterministic scan range assignment: true
|  |     schedule scan ranges oldest to newest: true
|  |     predicates: ((household_demographics.hd_dep_count = CAST(1 AS INT) AND household_demographics.hd_vehicle_count <= CAST(3 AS INT)) OR (household_demographics.hd_dep_count = CAST(2 AS INT) AND household_demographics.hd_vehicle_count <= CAST(4 AS INT)) OR (household_demographics.hd_dep_count = CAST(0 AS INT) AND household_demographics.hd_vehicle_count <= CAST(2 AS INT)))
|  |     stored statistics:
|  |       table: rows=7.20K size=41.69KB
|  |       columns: all
|  |     extrapolated-rows=disabled max-scan-range-rows=7.20K
|  |     mem-estimate=16.00MB mem-reservation=64.00KB thread-reservation=0
|  |     tuple-ids=37 row-size=12B cardinality=720 cost=1446
|  |     in pipelines: 49(GETNEXT)
|  |
|  52:HASH JOIN [INNER JOIN, BROADCAST]
|  |  hash-table-id=07
|  |  hash predicates: ss_sold_time_sk = time_dim.t_time_sk
|  |  fk/pk conjuncts: ss_sold_time_sk = time_dim.t_time_sk
|  |  mem-estimate=0B mem-reservation=0B spill-buffer=64.00KB thread-reservation=0
|  |  tuple-ids=36,38 row-size=24B cardinality=204.06M(filtered from 204.06M) cost=89319127
|  |  in pipelines: 48(GETNEXT), 50(OPEN)
|  |
|  |--F47:PLAN FRAGMENT [RANDOM] hosts=10 instances=10
|  |  |  Per-Instance Resources: mem-estimate=24.28MB mem-reservation=24.25MB thread-reservation=1 runtime-filters-memory=1.00MB
|  |  |  max-parallelism=10 segment-costs=[2648]
|  |  JOIN BUILD
|  |  |  join-table-id=07 plan-id=08 cohort-id=03
|  |  |  build expressions: time_dim.t_time_sk
|  |  |  runtime filters: RF040[bloom] <- time_dim.t_time_sk, RF041[min_max] <- time_dim.t_time_sk
|  |  |  mem-estimate=23.25MB mem-reservation=23.25MB spill-buffer=64.00KB thread-reservation=0 cost=1138
|  |  |
|  |  106:EXCHANGE [BROADCAST]
|  |  |  mem-estimate=29.34KB mem-reservation=0B thread-reservation=0
|  |  |  tuple-ids=38 row-size=12B cardinality=1.14K cost=1510
|  |  |  in pipelines: 50(GETNEXT)
|  |  |
|  |  F31:PLAN FRAGMENT [RANDOM] hosts=1 instances=1
|  |  Per-Instance Resources: mem-estimate=20.06MB mem-reservation=4.50MB thread-reservation=1
|  |  max-parallelism=1 segment-costs=[19846]
|  |  145:TUPLE CACHE
|  |  |  cache key: c3808421744e9643c1d59ab31689a0eb
|  |  |  input scan node ids: 50
|  |  |  estimated serialized size: 17.78KB
|  |  |  estimated serialized size per node: 17.78KB
|  |  |  cumulative processing cost: 19785
|  |  |  cache read processing cost: 151
|  |  |  cache write processing cost: 49
|  |  |  mem-estimate=4.00MB mem-reservation=4.00MB spill-buffer=2.00MB thread-reservation=0
|  |  |  tuple-ids=38 row-size=12B cardinality=1.14K cost=0
|  |  |  in pipelines: 50(GETNEXT)
|  |  |
|  |  50:SCAN HDFS [tpcds_partitioned_parquet_snap.time_dim, RANDOM]
|  |     HDFS partitions=1/1 files=1 size=1.31MB
|  |     deterministic scan range assignment: true
|  |     schedule scan ranges oldest to newest: true
|  |     predicates: time_dim.t_hour = CAST(11 AS INT), time_dim.t_minute >= CAST(30 AS INT)
|  |     stored statistics:
|  |       table: rows=86.40K size=1.31MB
|  |       columns: all
|  |     extrapolated-rows=disabled max-scan-range-rows=86.40K
|  |     parquet statistics predicates: time_dim.t_hour = CAST(11 AS INT), time_dim.t_minute >= CAST(30 AS INT)
|  |     parquet dictionary predicates: time_dim.t_hour = CAST(11 AS INT), time_dim.t_minute >= CAST(30 AS INT)
|  |     mem-estimate=16.00MB mem-reservation=512.00KB thread-reservation=0
|  |     tuple-ids=38 row-size=12B cardinality=1.14K cost=19785
|  |     in pipelines: 50(GETNEXT)
|  |
|  48:SCAN HDFS [tpcds_partitioned_parquet_snap.store_sales, RANDOM]
|     HDFS partitions=1824/1824 files=1824 size=389.90GB
|     deterministic scan range assignment: true
|     schedule scan ranges oldest to newest: true
|     runtime filters: RF041[min_max] -> ss_sold_time_sk, RF039[min_max] -> ss_hdemo_sk, RF037[min_max] -> ss_store_sk, RF040[bloom] -> ss_sold_time_sk
|     stored statistics:
|       table: rows=8.64G size=389.90GB
|       partitions: 1824/1824 rows=8.64G
|       columns: all
|     extrapolated-rows=disabled max-scan-range-rows=390.22M
|     mem-estimate=16.00MB mem-reservation=8.00MB thread-reservation=0
|     tuple-ids=36 row-size=12B cardinality=204.06M(filtered from 8.64G) cost=1492980801
|     in pipelines: 48(GETNEXT)
|
68:NESTED LOOP JOIN [CROSS JOIN, BROADCAST]
|  join table id: 08
|  mem-estimate=0B mem-reservation=0B thread-reservation=0
|  tuple-ids=4,10,16,22,28,34 row-size=48B cardinality=1 cost=0
|  in pipelines: 75(GETNEXT), 104(OPEN)
|
|--F48:PLAN FRAGMENT [UNPARTITIONED] hosts=1 instances=1
|  |  Per-Instance Resources: mem-estimate=16.01KB mem-reservation=0B thread-reservation=1
|  |  max-parallelism=1 segment-costs=[0] cpu-comparison-result=120 [max(1 (self) vs 120 (sum children))]
|  JOIN BUILD
|  |  join-table-id=08 plan-id=09 cohort-id=01
|  |  mem-estimate=8B mem-reservation=0B thread-reservation=0 cost=0
|  |
|  105:EXCHANGE [UNPARTITIONED]
|  |  mem-estimate=16.00KB mem-reservation=0B thread-reservation=0
|  |  tuple-ids=34 row-size=8B cardinality=1 cost=0
|  |  in pipelines: 104(GETNEXT)
|  |
|  F29:PLAN FRAGMENT [UNPARTITIONED] hosts=1 instances=1
|  Per-Instance Resources: mem-estimate=184.84KB mem-reservation=0B thread-reservation=1
|  max-parallelism=1 segment-costs=[25, 1] cpu-comparison-result=120 [max(1 (self) vs 120 (sum children))]
|  104:AGGREGATE [FINALIZE]
|  |  output: count:merge(*)
|  |  mem-estimate=16.00KB mem-reservation=0B spill-buffer=2.00MB thread-reservation=0
|  |  tuple-ids=34 row-size=8B cardinality=1 cost=8
|  |  in pipelines: 104(GETNEXT), 47(OPEN)
|  |
|  103:EXCHANGE [UNPARTITIONED]
|  |  mem-estimate=168.84KB mem-reservation=0B thread-reservation=0
|  |  tuple-ids=34 row-size=8B cardinality=120 cost=17
|  |  in pipelines: 47(GETNEXT)
|  |
|  F25:PLAN FRAGMENT [RANDOM] hosts=10 instances=120
|  Per-Host Shared Resources: mem-estimate=1.00MB mem-reservation=1.00MB thread-reservation=0 runtime-filters-memory=1.00MB
|  Per-Instance Resources: mem-estimate=20.02MB mem-reservation=12.00MB thread-reservation=1
|  max-parallelism=170 segment-costs=[1644364547, 123] cpu-comparison-result=120 [max(120 (self) vs 33 (sum children))]
|  144:TUPLE CACHE
|  |  cache key: b24eadbb6359065e17df2cca559cc0c0
|  |  input scan node ids: 40
|  |  estimated serialized size: 1.41KB
|  |  estimated serialized size per node: 144B
|  |  cumulative processing cost: 1644390701
|  |  cache read processing cost: 15
|  |  cache write processing cost: 3
|  |  mem-estimate=4.00MB mem-reservation=4.00MB spill-buffer=2.00MB thread-reservation=0
|  |  tuple-ids=34 row-size=8B cardinality=120 cost=0
|  |  in pipelines: 47(GETNEXT)
|  |
|  47:AGGREGATE
|  |  output: count(*)
|  |  mem-estimate=16.00KB mem-reservation=0B spill-buffer=2.00MB thread-reservation=0
|  |  tuple-ids=34 row-size=8B cardinality=120 cost=279563
|  |  in pipelines: 47(GETNEXT), 40(OPEN)
|  |
|  46:HASH JOIN [INNER JOIN, BROADCAST]
|  |  hash-table-id=09
|  |  hash predicates: ss_store_sk = s_store_sk
|  |  fk/pk conjuncts: ss_store_sk = s_store_sk
|  |  mem-estimate=0B mem-reservation=0B spill-buffer=64.00KB thread-reservation=0
|  |  tuple-ids=30,32,31,33 row-size=56B cardinality=3.99M cost=5833034
|  |  in pipelines: 40(GETNEXT), 43(OPEN)
|  |
|  |--F49:PLAN FRAGMENT [RANDOM] hosts=10 instances=10
|  |  |  Per-Instance Resources: mem-estimate=23.27MB mem-reservation=23.25MB thread-reservation=1
|  |  |  max-parallelism=10 segment-costs=[304]
|  |  JOIN BUILD
|  |  |  join-table-id=09 plan-id=10 cohort-id=04
|  |  |  build expressions: s_store_sk
|  |  |  runtime filters: RF031[min_max] <- s_store_sk
|  |  |  mem-estimate=23.25MB mem-reservation=23.25MB spill-buffer=64.00KB thread-reservation=0 cost=134
|  |  |
|  |  102:EXCHANGE [BROADCAST]
|  |  |  mem-estimate=16.00KB mem-reservation=0B thread-reservation=0
|  |  |  tuple-ids=33 row-size=20B cardinality=134 cost=170
|  |  |  in pipelines: 43(GETNEXT)
|  |  |
|  |  F28:PLAN FRAGMENT [RANDOM] hosts=1 instances=1
|  |  Per-Instance Resources: mem-estimate=20.09MB mem-reservation=4.02MB thread-reservation=1
|  |  max-parallelism=1 segment-costs=[202]
|  |  143:TUPLE CACHE
|  |  |  cache key: ab9f20c95135d17ae26963823541f762
|  |  |  input scan node ids: 43
|  |  |  estimated serialized size: 3.13KB
|  |  |  estimated serialized size per node: 3.13KB
|  |  |  cumulative processing cost: 192
|  |  |  cache read processing cost: 17
|  |  |  cache write processing cost: 8
|  |  |  mem-estimate=4.00MB mem-reservation=4.00MB spill-buffer=2.00MB thread-reservation=0
|  |  |  tuple-ids=33 row-size=20B cardinality=134 cost=0
|  |  |  in pipelines: 43(GETNEXT)
|  |  |
|  |  43:SCAN HDFS [tpcds_partitioned_parquet_snap.store, RANDOM]
|  |     HDFS partitions=1/1 files=1 size=119.76KB
|  |     deterministic scan range assignment: true
|  |     schedule scan ranges oldest to newest: true
|  |     predicates: store.s_store_name = 'ese'
|  |     stored statistics:
|  |       table: rows=1.35K size=119.76KB
|  |       columns: all
|  |     extrapolated-rows=disabled max-scan-range-rows=1.35K
|  |     parquet statistics predicates: store.s_store_name = 'ese'
|  |     parquet dictionary predicates: store.s_store_name = 'ese'
|  |     mem-estimate=16.00MB mem-reservation=16.00KB thread-reservation=0
|  |     tuple-ids=33 row-size=20B cardinality=134 cost=192
|  |     in pipelines: 43(GETNEXT)
|  |
|  45:HASH JOIN [INNER JOIN, BROADCAST]
|  |  hash-table-id=10
|  |  hash predicates: ss_hdemo_sk = household_demographics.hd_demo_sk
|  |  fk/pk conjuncts: ss_hdemo_sk = household_demographics.hd_demo_sk
|  |  mem-estimate=0B mem-reservation=0B spill-buffer=64.00KB thread-reservation=0
|  |  tuple-ids=30,32,31 row-size=36B cardinality=19.92M cost=55952022
|  |  in pipelines: 40(GETNEXT), 41(OPEN)
|  |
|  |--F50:PLAN FRAGMENT [RANDOM] hosts=10 instances=10
|  |  |  Per-Instance Resources: mem-estimate=23.27MB mem-reservation=23.25MB thread-reservation=1
|  |  |  max-parallelism=10 segment-costs=[1670]
|  |  JOIN BUILD
|  |  |  join-table-id=10 plan-id=11 cohort-id=04
|  |  |  build expressions: household_demographics.hd_demo_sk
|  |  |  runtime filters: RF033[min_max] <- household_demographics.hd_demo_sk
|  |  |  mem-estimate=23.25MB mem-reservation=23.25MB spill-buffer=64.00KB thread-reservation=0 cost=720
|  |  |
|  |  101:EXCHANGE [BROADCAST]
|  |  |  mem-estimate=19.69KB mem-reservation=0B thread-reservation=0
|  |  |  tuple-ids=31 row-size=12B cardinality=720 cost=950
|  |  |  in pipelines: 41(GETNEXT)
|  |  |
|  |  F27:PLAN FRAGMENT [RANDOM] hosts=1 instances=1
|  |  Per-Instance Resources: mem-estimate=20.06MB mem-reservation=4.06MB thread-reservation=1
|  |  max-parallelism=1 segment-costs=[1484]
|  |  142:TUPLE CACHE
|  |  |  cache key: 901b3095349f7d48ebd3b93902ddaa89
|  |  |  input scan node ids: 41
|  |  |  estimated serialized size: 11.25KB
|  |  |  estimated serialized size per node: 11.25KB
|  |  |  cumulative processing cost: 1446
|  |  |  cache read processing cost: 95
|  |  |  cache write processing cost: 31
|  |  |  mem-estimate=4.00MB mem-reservation=4.00MB spill-buffer=2.00MB thread-reservation=0
|  |  |  tuple-ids=31 row-size=12B cardinality=720 cost=0
|  |  |  in pipelines: 41(GETNEXT)
|  |  |
|  |  41:SCAN HDFS [tpcds_partitioned_parquet_snap.household_demographics, RANDOM]
|  |     HDFS partitions=1/1 files=1 size=41.69KB
|  |     deterministic scan range assignment: true
|  |     schedule scan ranges oldest to newest: true
|  |     predicates: ((household_demographics.hd_dep_count = CAST(1 AS INT) AND household_demographics.hd_vehicle_count <= CAST(3 AS INT)) OR (household_demographics.hd_dep_count = CAST(2 AS INT) AND household_demographics.hd_vehicle_count <= CAST(4 AS INT)) OR (household_demographics.hd_dep_count = CAST(0 AS INT) AND household_demographics.hd_vehicle_count <= CAST(2 AS INT)))
|  |     stored statistics:
|  |       table: rows=7.20K size=41.69KB
|  |       columns: all
|  |     extrapolated-rows=disabled max-scan-range-rows=7.20K
|  |     mem-estimate=16.00MB mem-reservation=64.00KB thread-reservation=0
|  |     tuple-ids=31 row-size=12B cardinality=720 cost=1446
|  |     in pipelines: 41(GETNEXT)
|  |
|  44:HASH JOIN [INNER JOIN, BROADCAST]
|  |  hash-table-id=11
|  |  hash predicates: ss_sold_time_sk = time_dim.t_time_sk
|  |  fk/pk conjuncts: ss_sold_time_sk = time_dim.t_time_sk
|  |  mem-estimate=0B mem-reservation=0B spill-buffer=64.00KB thread-reservation=0
|  |  tuple-ids=30,32 row-size=24B cardinality=204.06M(filtered from 204.06M) cost=89319127
|  |  in pipelines: 40(GETNEXT), 42(OPEN)
|  |
|  |--F51:PLAN FRAGMENT [RANDOM] hosts=10 instances=10
|  |  |  Per-Instance Resources: mem-estimate=24.28MB mem-reservation=24.25MB thread-reservation=1 runtime-filters-memory=1.00MB
|  |  |  max-parallelism=10 segment-costs=[2648]
|  |  JOIN BUILD
|  |  |  join-table-id=11 plan-id=12 cohort-id=04
|  |  |  build expressions: time_dim.t_time_sk
|  |  |  runtime filters: RF034[bloom] <- time_dim.t_time_sk, RF035[min_max] <- time_dim.t_time_sk
|  |  |  mem-estimate=23.25MB mem-reservation=23.25MB spill-buffer=64.00KB thread-reservation=0 cost=1138
|  |  |
|  |  100:EXCHANGE [BROADCAST]
|  |  |  mem-estimate=29.34KB mem-reservation=0B thread-reservation=0
|  |  |  tuple-ids=32 row-size=12B cardinality=1.14K cost=1510
|  |  |  in pipelines: 42(GETNEXT)
|  |  |
|  |  F26:PLAN FRAGMENT [RANDOM] hosts=1 instances=1
|  |  Per-Instance Resources: mem-estimate=20.06MB mem-reservation=4.50MB thread-reservation=1
|  |  max-parallelism=1 segment-costs=[19846]
|  |  141:TUPLE CACHE
|  |  |  cache key: 9562ada9b80ddbaf84ccf3eef19966b2
|  |  |  input scan node ids: 42
|  |  |  estimated serialized size: 17.78KB
|  |  |  estimated serialized size per node: 17.78KB
|  |  |  cumulative processing cost: 19785
|  |  |  cache read processing cost: 151
|  |  |  cache write processing cost: 49
|  |  |  mem-estimate=4.00MB mem-reservation=4.00MB spill-buffer=2.00MB thread-reservation=0
|  |  |  tuple-ids=32 row-size=12B cardinality=1.14K cost=0
|  |  |  in pipelines: 42(GETNEXT)
|  |  |
|  |  42:SCAN HDFS [tpcds_partitioned_parquet_snap.time_dim, RANDOM]
|  |     HDFS partitions=1/1 files=1 size=1.31MB
|  |     deterministic scan range assignment: true
|  |     schedule scan ranges oldest to newest: true
|  |     predicates: time_dim.t_hour = CAST(11 AS INT), time_dim.t_minute < CAST(30 AS INT)
|  |     stored statistics:
|  |       table: rows=86.40K size=1.31MB
|  |       columns: all
|  |     extrapolated-rows=disabled max-scan-range-rows=86.40K
|  |     parquet statistics predicates: time_dim.t_hour = CAST(11 AS INT), time_dim.t_minute < CAST(30 AS INT)
|  |     parquet dictionary predicates: time_dim.t_hour = CAST(11 AS INT), time_dim.t_minute < CAST(30 AS INT)
|  |     mem-estimate=16.00MB mem-reservation=512.00KB thread-reservation=0
|  |     tuple-ids=32 row-size=12B cardinality=1.14K cost=19785
|  |     in pipelines: 42(GETNEXT)
|  |
|  40:SCAN HDFS [tpcds_partitioned_parquet_snap.store_sales, RANDOM]
|     HDFS partitions=1824/1824 files=1824 size=389.90GB
|     deterministic scan range assignment: true
|     schedule scan ranges oldest to newest: true
|     runtime filters: RF035[min_max] -> ss_sold_time_sk, RF033[min_max] -> ss_hdemo_sk, RF031[min_max] -> ss_store_sk, RF034[bloom] -> ss_sold_time_sk
|     stored statistics:
|       table: rows=8.64G size=389.90GB
|       partitions: 1824/1824 rows=8.64G
|       columns: all
|     extrapolated-rows=disabled max-scan-range-rows=390.22M
|     mem-estimate=16.00MB mem-reservation=8.00MB thread-reservation=0
|     tuple-ids=30 row-size=12B cardinality=204.06M(filtered from 8.64G) cost=1492980801
|     in pipelines: 40(GETNEXT)
|
67:NESTED LOOP JOIN [CROSS JOIN, BROADCAST]
|  join table id: 12
|  mem-estimate=0B mem-reservation=0B thread-reservation=0
|  tuple-ids=4,10,16,22,28 row-size=40B cardinality=1 cost=0
|  in pipelines: 75(GETNEXT), 98(OPEN)
|
|--F52:PLAN FRAGMENT [UNPARTITIONED] hosts=1 instances=1
|  |  Per-Instance Resources: mem-estimate=16.01KB mem-reservation=0B thread-reservation=1
|  |  max-parallelism=1 segment-costs=[0] cpu-comparison-result=120 [max(1 (self) vs 120 (sum children))]
|  JOIN BUILD
|  |  join-table-id=12 plan-id=13 cohort-id=01
|  |  mem-estimate=8B mem-reservation=0B thread-reservation=0 cost=0
|  |
|  99:EXCHANGE [UNPARTITIONED]
|  |  mem-estimate=16.00KB mem-reservation=0B thread-reservation=0
|  |  tuple-ids=28 row-size=8B cardinality=1 cost=0
|  |  in pipelines: 98(GETNEXT)
|  |
|  F24:PLAN FRAGMENT [UNPARTITIONED] hosts=1 instances=1
|  Per-Instance Resources: mem-estimate=184.84KB mem-reservation=0B thread-reservation=1
|  max-parallelism=1 segment-costs=[25, 1] cpu-comparison-result=120 [max(1 (self) vs 120 (sum children))]
|  98:AGGREGATE [FINALIZE]
|  |  output: count:merge(*)
|  |  mem-estimate=16.00KB mem-reservation=0B spill-buffer=2.00MB thread-reservation=0
|  |  tuple-ids=28 row-size=8B cardinality=1 cost=8
|  |  in pipelines: 98(GETNEXT), 39(OPEN)
|  |
|  97:EXCHANGE [UNPARTITIONED]
|  |  mem-estimate=168.84KB mem-reservation=0B thread-reservation=0
|  |  tuple-ids=28 row-size=8B cardinality=120 cost=17
|  |  in pipelines: 39(GETNEXT)
|  |
|  F20:PLAN FRAGMENT [RANDOM] hosts=10 instances=120
|  Per-Host Shared Resources: mem-estimate=1.00MB mem-reservation=1.00MB thread-reservation=0 runtime-filters-memory=1.00MB
|  Per-Instance Resources: mem-estimate=20.02MB mem-reservation=12.00MB thread-reservation=1
|  max-parallelism=170 segment-costs=[1644364547, 123] cpu-comparison-result=120 [max(120 (self) vs 33 (sum children))]
|  140:TUPLE CACHE
|  |  cache key: 91907ab2bd53640a45c277475e1144dc
|  |  input scan node ids: 32
|  |  estimated serialized size: 1.41KB
|  |  estimated serialized size per node: 144B
|  |  cumulative processing cost: 1644390701
|  |  cache read processing cost: 15
|  |  cache write processing cost: 3
|  |  mem-estimate=4.00MB mem-reservation=4.00MB spill-buffer=2.00MB thread-reservation=0
|  |  tuple-ids=28 row-size=8B cardinality=120 cost=0
|  |  in pipelines: 39(GETNEXT)
|  |
|  39:AGGREGATE
|  |  output: count(*)
|  |  mem-estimate=16.00KB mem-reservation=0B spill-buffer=2.00MB thread-reservation=0
|  |  tuple-ids=28 row-size=8B cardinality=120 cost=279563
|  |  in pipelines: 39(GETNEXT), 32(OPEN)
|  |
|  38:HASH JOIN [INNER JOIN, BROADCAST]
|  |  hash-table-id=13
|  |  hash predicates: ss_store_sk = s_store_sk
|  |  fk/pk conjuncts: ss_store_sk = s_store_sk
|  |  mem-estimate=0B mem-reservation=0B spill-buffer=64.00KB thread-reservation=0
|  |  tuple-ids=24,26,25,27 row-size=56B cardinality=3.99M cost=5833034
|  |  in pipelines: 32(GETNEXT), 35(OPEN)
|  |
|  |--F53:PLAN FRAGMENT [RANDOM] hosts=10 instances=10
|  |  |  Per-Instance Resources: mem-estimate=23.27MB mem-reservation=23.25MB thread-reservation=1
|  |  |  max-parallelism=10 segment-costs=[304]
|  |  JOIN BUILD
|  |  |  join-table-id=13 plan-id=14 cohort-id=05
|  |  |  build expressions: s_store_sk
|  |  |  runtime filters: RF025[min_max] <- s_store_sk
|  |  |  mem-estimate=23.25MB mem-reservation=23.25MB spill-buffer=64.00KB thread-reservation=0 cost=134
|  |  |
|  |  96:EXCHANGE [BROADCAST]
|  |  |  mem-estimate=16.00KB mem-reservation=0B thread-reservation=0
|  |  |  tuple-ids=27 row-size=20B cardinality=134 cost=170
|  |  |  in pipelines: 35(GETNEXT)
|  |  |
|  |  F23:PLAN FRAGMENT [RANDOM] hosts=1 instances=1
|  |  Per-Instance Resources: mem-estimate=20.09MB mem-reservation=4.02MB thread-reservation=1
|  |  max-parallelism=1 segment-costs=[202]
|  |  139:TUPLE CACHE
|  |  |  cache key: ab9f20c95135d17ae26963823541f762
|  |  |  input scan node ids: 35
|  |  |  estimated serialized size: 3.13KB
|  |  |  estimated serialized size per node: 3.13KB
|  |  |  cumulative processing cost: 192
|  |  |  cache read processing cost: 17
|  |  |  cache write processing cost: 8
|  |  |  mem-estimate=4.00MB mem-reservation=4.00MB spill-buffer=2.00MB thread-reservation=0
|  |  |  tuple-ids=27 row-size=20B cardinality=134 cost=0
|  |  |  in pipelines: 35(GETNEXT)
|  |  |
|  |  35:SCAN HDFS [tpcds_partitioned_parquet_snap.store, RANDOM]
|  |     HDFS partitions=1/1 files=1 size=119.76KB
|  |     deterministic scan range assignment: true
|  |     schedule scan ranges oldest to newest: true
|  |     predicates: store.s_store_name = 'ese'
|  |     stored statistics:
|  |       table: rows=1.35K size=119.76KB
|  |       columns: all
|  |     extrapolated-rows=disabled max-scan-range-rows=1.35K
|  |     parquet statistics predicates: store.s_store_name = 'ese'
|  |     parquet dictionary predicates: store.s_store_name = 'ese'
|  |     mem-estimate=16.00MB mem-reservation=16.00KB thread-reservation=0
|  |     tuple-ids=27 row-size=20B cardinality=134 cost=192
|  |     in pipelines: 35(GETNEXT)
|  |
|  37:HASH JOIN [INNER JOIN, BROADCAST]
|  |  hash-table-id=14
|  |  hash predicates: ss_hdemo_sk = household_demographics.hd_demo_sk
|  |  fk/pk conjuncts: ss_hdemo_sk = household_demographics.hd_demo_sk
|  |  mem-estimate=0B mem-reservation=0B spill-buffer=64.00KB thread-reservation=0
|  |  tuple-ids=24,26,25 row-size=36B cardinality=19.92M cost=55952022
|  |  in pipelines: 32(GETNEXT), 33(OPEN)
|  |
|  |--F54:PLAN FRAGMENT [RANDOM] hosts=10 instances=10
|  |  |  Per-Instance Resources: mem-estimate=23.27MB mem-reservation=23.25MB thread-reservation=1
|  |  |  max-parallelism=10 segment-costs=[1670]
|  |  JOIN BUILD
|  |  |  join-table-id=14 plan-id=15 cohort-id=05
|  |  |  build expressions: household_demographics.hd_demo_sk
|  |  |  runtime filters: RF027[min_max] <- household_demographics.hd_demo_sk
|  |  |  mem-estimate=23.25MB mem-reservation=23.25MB spill-buffer=64.00KB thread-reservation=0 cost=720
|  |  |
|  |  95:EXCHANGE [BROADCAST]
|  |  |  mem-estimate=19.69KB mem-reservation=0B thread-reservation=0
|  |  |  tuple-ids=25 row-size=12B cardinality=720 cost=950
|  |  |  in pipelines: 33(GETNEXT)
|  |  |
|  |  F22:PLAN FRAGMENT [RANDOM] hosts=1 instances=1
|  |  Per-Instance Resources: mem-estimate=20.06MB mem-reservation=4.06MB thread-reservation=1
|  |  max-parallelism=1 segment-costs=[1484]
|  |  138:TUPLE CACHE
|  |  |  cache key: 901b3095349f7d48ebd3b93902ddaa89
|  |  |  input scan node ids: 33
|  |  |  estimated serialized size: 11.25KB
|  |  |  estimated serialized size per node: 11.25KB
|  |  |  cumulative processing cost: 1446
|  |  |  cache read processing cost: 95
|  |  |  cache write processing cost: 31
|  |  |  mem-estimate=4.00MB mem-reservation=4.00MB spill-buffer=2.00MB thread-reservation=0
|  |  |  tuple-ids=25 row-size=12B cardinality=720 cost=0
|  |  |  in pipelines: 33(GETNEXT)
|  |  |
|  |  33:SCAN HDFS [tpcds_partitioned_parquet_snap.household_demographics, RANDOM]
|  |     HDFS partitions=1/1 files=1 size=41.69KB
|  |     deterministic scan range assignment: true
|  |     schedule scan ranges oldest to newest: true
|  |     predicates: ((household_demographics.hd_dep_count = CAST(1 AS INT) AND household_demographics.hd_vehicle_count <= CAST(3 AS INT)) OR (household_demographics.hd_dep_count = CAST(2 AS INT) AND household_demographics.hd_vehicle_count <= CAST(4 AS INT)) OR (household_demographics.hd_dep_count = CAST(0 AS INT) AND household_demographics.hd_vehicle_count <= CAST(2 AS INT)))
|  |     stored statistics:
|  |       table: rows=7.20K size=41.69KB
|  |       columns: all
|  |     extrapolated-rows=disabled max-scan-range-rows=7.20K
|  |     mem-estimate=16.00MB mem-reservation=64.00KB thread-reservation=0
|  |     tuple-ids=25 row-size=12B cardinality=720 cost=1446
|  |     in pipelines: 33(GETNEXT)
|  |
|  36:HASH JOIN [INNER JOIN, BROADCAST]
|  |  hash-table-id=15
|  |  hash predicates: ss_sold_time_sk = time_dim.t_time_sk
|  |  fk/pk conjuncts: ss_sold_time_sk = time_dim.t_time_sk
|  |  mem-estimate=0B mem-reservation=0B spill-buffer=64.00KB thread-reservation=0
|  |  tuple-ids=24,26 row-size=24B cardinality=204.06M(filtered from 204.06M) cost=89319127
|  |  in pipelines: 32(GETNEXT), 34(OPEN)
|  |
|  |--F55:PLAN FRAGMENT [RANDOM] hosts=10 instances=10
|  |  |  Per-Instance Resources: mem-estimate=24.28MB mem-reservation=24.25MB thread-reservation=1 runtime-filters-memory=1.00MB
|  |  |  max-parallelism=10 segment-costs=[2648]
|  |  JOIN BUILD
|  |  |  join-table-id=15 plan-id=16 cohort-id=05
|  |  |  build expressions: time_dim.t_time_sk
|  |  |  runtime filters: RF028[bloom] <- time_dim.t_time_sk, RF029[min_max] <- time_dim.t_time_sk
|  |  |  mem-estimate=23.25MB mem-reservation=23.25MB spill-buffer=64.00KB thread-reservation=0 cost=1138
|  |  |
|  |  94:EXCHANGE [BROADCAST]
|  |  |  mem-estimate=29.34KB mem-reservation=0B thread-reservation=0
|  |  |  tuple-ids=26 row-size=12B cardinality=1.14K cost=1510
|  |  |  in pipelines: 34(GETNEXT)
|  |  |
|  |  F21:PLAN FRAGMENT [RANDOM] hosts=1 instances=1
|  |  Per-Instance Resources: mem-estimate=20.06MB mem-reservation=4.50MB thread-reservation=1
|  |  max-parallelism=1 segment-costs=[19846]
|  |  137:TUPLE CACHE
|  |  |  cache key: ff5314c9d3ae042e927930bb3b7b3918
|  |  |  input scan node ids: 34
|  |  |  estimated serialized size: 17.78KB
|  |  |  estimated serialized size per node: 17.78KB
|  |  |  cumulative processing cost: 19785
|  |  |  cache read processing cost: 151
|  |  |  cache write processing cost: 49
|  |  |  mem-estimate=4.00MB mem-reservation=4.00MB spill-buffer=2.00MB thread-reservation=0
|  |  |  tuple-ids=26 row-size=12B cardinality=1.14K cost=0
|  |  |  in pipelines: 34(GETNEXT)
|  |  |
|  |  34:SCAN HDFS [tpcds_partitioned_parquet_snap.time_dim, RANDOM]
|  |     HDFS partitions=1/1 files=1 size=1.31MB
|  |     deterministic scan range assignment: true
|  |     schedule scan ranges oldest to newest: true
|  |     predicates: time_dim.t_hour = CAST(10 AS INT), time_dim.t_minute >= CAST(30 AS INT)
|  |     stored statistics:
|  |       table: rows=86.40K size=1.31MB
|  |       columns: all
|  |     extrapolated-rows=disabled max-scan-range-rows=86.40K
|  |     parquet statistics predicates: time_dim.t_hour = CAST(10 AS INT), time_dim.t_minute >= CAST(30 AS INT)
|  |     parquet dictionary predicates: time_dim.t_hour = CAST(10 AS INT), time_dim.t_minute >= CAST(30 AS INT)
|  |     mem-estimate=16.00MB mem-reservation=512.00KB thread-reservation=0
|  |     tuple-ids=26 row-size=12B cardinality=1.14K cost=19785
|  |     in pipelines: 34(GETNEXT)
|  |
|  32:SCAN HDFS [tpcds_partitioned_parquet_snap.store_sales, RANDOM]
|     HDFS partitions=1824/1824 files=1824 size=389.90GB
|     deterministic scan range assignment: true
|     schedule scan ranges oldest to newest: true
|     runtime filters: RF029[min_max] -> ss_sold_time_sk, RF027[min_max] -> ss_hdemo_sk, RF025[min_max] -> ss_store_sk, RF028[bloom] -> ss_sold_time_sk
|     stored statistics:
|       table: rows=8.64G size=389.90GB
|       partitions: 1824/1824 rows=8.64G
|       columns: all
|     extrapolated-rows=disabled max-scan-range-rows=390.22M
|     mem-estimate=16.00MB mem-reservation=8.00MB thread-reservation=0
|     tuple-ids=24 row-size=12B cardinality=204.06M(filtered from 8.64G) cost=1492980801
|     in pipelines: 32(GETNEXT)
|
66:NESTED LOOP JOIN [CROSS JOIN, BROADCAST]
|  join table id: 16
|  mem-estimate=0B mem-reservation=0B thread-reservation=0
|  tuple-ids=4,10,16,22 row-size=32B cardinality=1 cost=0
|  in pipelines: 75(GETNEXT), 92(OPEN)
|
|--F56:PLAN FRAGMENT [UNPARTITIONED] hosts=1 instances=1
|  |  Per-Instance Resources: mem-estimate=16.01KB mem-reservation=0B thread-reservation=1
|  |  max-parallelism=1 segment-costs=[0] cpu-comparison-result=120 [max(1 (self) vs 120 (sum children))]
|  JOIN BUILD
|  |  join-table-id=16 plan-id=17 cohort-id=01
|  |  mem-estimate=8B mem-reservation=0B thread-reservation=0 cost=0
|  |
|  93:EXCHANGE [UNPARTITIONED]
|  |  mem-estimate=16.00KB mem-reservation=0B thread-reservation=0
|  |  tuple-ids=22 row-size=8B cardinality=1 cost=0
|  |  in pipelines: 92(GETNEXT)
|  |
|  F19:PLAN FRAGMENT [UNPARTITIONED] hosts=1 instances=1
|  Per-Instance Resources: mem-estimate=184.84KB mem-reservation=0B thread-reservation=1
|  max-parallelism=1 segment-costs=[25, 1] cpu-comparison-result=120 [max(1 (self) vs 120 (sum children))]
|  92:AGGREGATE [FINALIZE]
|  |  output: count:merge(*)
|  |  mem-estimate=16.00KB mem-reservation=0B spill-buffer=2.00MB thread-reservation=0
|  |  tuple-ids=22 row-size=8B cardinality=1 cost=8
|  |  in pipelines: 92(GETNEXT), 31(OPEN)
|  |
|  91:EXCHANGE [UNPARTITIONED]
|  |  mem-estimate=168.84KB mem-reservation=0B thread-reservation=0
|  |  tuple-ids=22 row-size=8B cardinality=120 cost=17
|  |  in pipelines: 31(GETNEXT)
|  |
|  F15:PLAN FRAGMENT [RANDOM] hosts=10 instances=120
|  Per-Host Shared Resources: mem-estimate=1.00MB mem-reservation=1.00MB thread-reservation=0 runtime-filters-memory=1.00MB
|  Per-Instance Resources: mem-estimate=20.02MB mem-reservation=12.00MB thread-reservation=1
|  max-parallelism=170 segment-costs=[1644364547, 123] cpu-comparison-result=120 [max(120 (self) vs 33 (sum children))]
|  136:TUPLE CACHE
|  |  cache key: c406ad45384988c4f6e084b19b21b92a
|  |  input scan node ids: 24
|  |  estimated serialized size: 1.41KB
|  |  estimated serialized size per node: 144B
|  |  cumulative processing cost: 1644390701
|  |  cache read processing cost: 15
|  |  cache write processing cost: 3
|  |  mem-estimate=4.00MB mem-reservation=4.00MB spill-buffer=2.00MB thread-reservation=0
|  |  tuple-ids=22 row-size=8B cardinality=120 cost=0
|  |  in pipelines: 31(GETNEXT)
|  |
|  31:AGGREGATE
|  |  output: count(*)
|  |  mem-estimate=16.00KB mem-reservation=0B spill-buffer=2.00MB thread-reservation=0
|  |  tuple-ids=22 row-size=8B cardinality=120 cost=279563
|  |  in pipelines: 31(GETNEXT), 24(OPEN)
|  |
|  30:HASH JOIN [INNER JOIN, BROADCAST]
|  |  hash-table-id=17
|  |  hash predicates: ss_store_sk = s_store_sk
|  |  fk/pk conjuncts: ss_store_sk = s_store_sk
|  |  mem-estimate=0B mem-reservation=0B spill-buffer=64.00KB thread-reservation=0
|  |  tuple-ids=18,20,19,21 row-size=56B cardinality=3.99M cost=5833034
|  |  in pipelines: 24(GETNEXT), 27(OPEN)
|  |
|  |--F57:PLAN FRAGMENT [RANDOM] hosts=10 instances=10
|  |  |  Per-Instance Resources: mem-estimate=23.27MB mem-reservation=23.25MB thread-reservation=1
|  |  |  max-parallelism=10 segment-costs=[304]
|  |  JOIN BUILD
|  |  |  join-table-id=17 plan-id=18 cohort-id=06
|  |  |  build expressions: s_store_sk
|  |  |  runtime filters: RF019[min_max] <- s_store_sk
|  |  |  mem-estimate=23.25MB mem-reservation=23.25MB spill-buffer=64.00KB thread-reservation=0 cost=134
|  |  |
|  |  90:EXCHANGE [BROADCAST]
|  |  |  mem-estimate=16.00KB mem-reservation=0B thread-reservation=0
|  |  |  tuple-ids=21 row-size=20B cardinality=134 cost=170
|  |  |  in pipelines: 27(GETNEXT)
|  |  |
|  |  F18:PLAN FRAGMENT [RANDOM] hosts=1 instances=1
|  |  Per-Instance Resources: mem-estimate=20.09MB mem-reservation=4.02MB thread-reservation=1
|  |  max-parallelism=1 segment-costs=[202]
|  |  135:TUPLE CACHE
|  |  |  cache key: ab9f20c95135d17ae26963823541f762
|  |  |  input scan node ids: 27
|  |  |  estimated serialized size: 3.13KB
|  |  |  estimated serialized size per node: 3.13KB
|  |  |  cumulative processing cost: 192
|  |  |  cache read processing cost: 17
|  |  |  cache write processing cost: 8
|  |  |  mem-estimate=4.00MB mem-reservation=4.00MB spill-buffer=2.00MB thread-reservation=0
|  |  |  tuple-ids=21 row-size=20B cardinality=134 cost=0
|  |  |  in pipelines: 27(GETNEXT)
|  |  |
|  |  27:SCAN HDFS [tpcds_partitioned_parquet_snap.store, RANDOM]
|  |     HDFS partitions=1/1 files=1 size=119.76KB
|  |     deterministic scan range assignment: true
|  |     schedule scan ranges oldest to newest: true
|  |     predicates: store.s_store_name = 'ese'
|  |     stored statistics:
|  |       table: rows=1.35K size=119.76KB
|  |       columns: all
|  |     extrapolated-rows=disabled max-scan-range-rows=1.35K
|  |     parquet statistics predicates: store.s_store_name = 'ese'
|  |     parquet dictionary predicates: store.s_store_name = 'ese'
|  |     mem-estimate=16.00MB mem-reservation=16.00KB thread-reservation=0
|  |     tuple-ids=21 row-size=20B cardinality=134 cost=192
|  |     in pipelines: 27(GETNEXT)
|  |
|  29:HASH JOIN [INNER JOIN, BROADCAST]
|  |  hash-table-id=18
|  |  hash predicates: ss_hdemo_sk = household_demographics.hd_demo_sk
|  |  fk/pk conjuncts: ss_hdemo_sk = household_demographics.hd_demo_sk
|  |  mem-estimate=0B mem-reservation=0B spill-buffer=64.00KB thread-reservation=0
|  |  tuple-ids=18,20,19 row-size=36B cardinality=19.92M cost=55952022
|  |  in pipelines: 24(GETNEXT), 25(OPEN)
|  |
|  |--F58:PLAN FRAGMENT [RANDOM] hosts=10 instances=10
|  |  |  Per-Instance Resources: mem-estimate=23.27MB mem-reservation=23.25MB thread-reservation=1
|  |  |  max-parallelism=10 segment-costs=[1670]
|  |  JOIN BUILD
|  |  |  join-table-id=18 plan-id=19 cohort-id=06
|  |  |  build expressions: household_demographics.hd_demo_sk
|  |  |  runtime filters: RF021[min_max] <- household_demographics.hd_demo_sk
|  |  |  mem-estimate=23.25MB mem-reservation=23.25MB spill-buffer=64.00KB thread-reservation=0 cost=720
|  |  |
|  |  89:EXCHANGE [BROADCAST]
|  |  |  mem-estimate=19.69KB mem-reservation=0B thread-reservation=0
|  |  |  tuple-ids=19 row-size=12B cardinality=720 cost=950
|  |  |  in pipelines: 25(GETNEXT)
|  |  |
|  |  F17:PLAN FRAGMENT [RANDOM] hosts=1 instances=1
|  |  Per-Instance Resources: mem-estimate=20.06MB mem-reservation=4.06MB thread-reservation=1
|  |  max-parallelism=1 segment-costs=[1484]
|  |  134:TUPLE CACHE
|  |  |  cache key: 901b3095349f7d48ebd3b93902ddaa89
|  |  |  input scan node ids: 25
|  |  |  estimated serialized size: 11.25KB
|  |  |  estimated serialized size per node: 11.25KB
|  |  |  cumulative processing cost: 1446
|  |  |  cache read processing cost: 95
|  |  |  cache write processing cost: 31
|  |  |  mem-estimate=4.00MB mem-reservation=4.00MB spill-buffer=2.00MB thread-reservation=0
|  |  |  tuple-ids=19 row-size=12B cardinality=720 cost=0
|  |  |  in pipelines: 25(GETNEXT)
|  |  |
|  |  25:SCAN HDFS [tpcds_partitioned_parquet_snap.household_demographics, RANDOM]
|  |     HDFS partitions=1/1 files=1 size=41.69KB
|  |     deterministic scan range assignment: true
|  |     schedule scan ranges oldest to newest: true
|  |     predicates: ((household_demographics.hd_dep_count = CAST(1 AS INT) AND household_demographics.hd_vehicle_count <= CAST(3 AS INT)) OR (household_demographics.hd_dep_count = CAST(2 AS INT) AND household_demographics.hd_vehicle_count <= CAST(4 AS INT)) OR (household_demographics.hd_dep_count = CAST(0 AS INT) AND household_demographics.hd_vehicle_count <= CAST(2 AS INT)))
|  |     stored statistics:
|  |       table: rows=7.20K size=41.69KB
|  |       columns: all
|  |     extrapolated-rows=disabled max-scan-range-rows=7.20K
|  |     mem-estimate=16.00MB mem-reservation=64.00KB thread-reservation=0
|  |     tuple-ids=19 row-size=12B cardinality=720 cost=1446
|  |     in pipelines: 25(GETNEXT)
|  |
|  28:HASH JOIN [INNER JOIN, BROADCAST]
|  |  hash-table-id=19
|  |  hash predicates: ss_sold_time_sk = time_dim.t_time_sk
|  |  fk/pk conjuncts: ss_sold_time_sk = time_dim.t_time_sk
|  |  mem-estimate=0B mem-reservation=0B spill-buffer=64.00KB thread-reservation=0
|  |  tuple-ids=18,20 row-size=24B cardinality=204.06M(filtered from 204.06M) cost=89319127
|  |  in pipelines: 24(GETNEXT), 26(OPEN)
|  |
|  |--F59:PLAN FRAGMENT [RANDOM] hosts=10 instances=10
|  |  |  Per-Instance Resources: mem-estimate=24.28MB mem-reservation=24.25MB thread-reservation=1 runtime-filters-memory=1.00MB
|  |  |  max-parallelism=10 segment-costs=[2648]
|  |  JOIN BUILD
|  |  |  join-table-id=19 plan-id=20 cohort-id=06
|  |  |  build expressions: time_dim.t_time_sk
|  |  |  runtime filters: RF022[bloom] <- time_dim.t_time_sk, RF023[min_max] <- time_dim.t_time_sk
|  |  |  mem-estimate=23.25MB mem-reservation=23.25MB spill-buffer=64.00KB thread-reservation=0 cost=1138
|  |  |
|  |  88:EXCHANGE [BROADCAST]
|  |  |  mem-estimate=29.34KB mem-reservation=0B thread-reservation=0
|  |  |  tuple-ids=20 row-size=12B cardinality=1.14K cost=1510
|  |  |  in pipelines: 26(GETNEXT)
|  |  |
|  |  F16:PLAN FRAGMENT [RANDOM] hosts=1 instances=1
|  |  Per-Instance Resources: mem-estimate=20.06MB mem-reservation=4.50MB thread-reservation=1
|  |  max-parallelism=1 segment-costs=[19846]
|  |  133:TUPLE CACHE
|  |  |  cache key: 16e808b1daa3faa0c20780bf648f5d94
|  |  |  input scan node ids: 26
|  |  |  estimated serialized size: 17.78KB
|  |  |  estimated serialized size per node: 17.78KB
|  |  |  cumulative processing cost: 19785
|  |  |  cache read processing cost: 151
|  |  |  cache write processing cost: 49
|  |  |  mem-estimate=4.00MB mem-reservation=4.00MB spill-buffer=2.00MB thread-reservation=0
|  |  |  tuple-ids=20 row-size=12B cardinality=1.14K cost=0
|  |  |  in pipelines: 26(GETNEXT)
|  |  |
|  |  26:SCAN HDFS [tpcds_partitioned_parquet_snap.time_dim, RANDOM]
|  |     HDFS partitions=1/1 files=1 size=1.31MB
|  |     deterministic scan range assignment: true
|  |     schedule scan ranges oldest to newest: true
|  |     predicates: time_dim.t_hour = CAST(10 AS INT), time_dim.t_minute < CAST(30 AS INT)
|  |     stored statistics:
|  |       table: rows=86.40K size=1.31MB
|  |       columns: all
|  |     extrapolated-rows=disabled max-scan-range-rows=86.40K
|  |     parquet statistics predicates: time_dim.t_hour = CAST(10 AS INT), time_dim.t_minute < CAST(30 AS INT)
|  |     parquet dictionary predicates: time_dim.t_hour = CAST(10 AS INT), time_dim.t_minute < CAST(30 AS INT)
|  |     mem-estimate=16.00MB mem-reservation=512.00KB thread-reservation=0
|  |     tuple-ids=20 row-size=12B cardinality=1.14K cost=19785
|  |     in pipelines: 26(GETNEXT)
|  |
|  24:SCAN HDFS [tpcds_partitioned_parquet_snap.store_sales, RANDOM]
|     HDFS partitions=1824/1824 files=1824 size=389.90GB
|     deterministic scan range assignment: true
|     schedule scan ranges oldest to newest: true
|     runtime filters: RF023[min_max] -> ss_sold_time_sk, RF021[min_max] -> ss_hdemo_sk, RF019[min_max] -> ss_store_sk, RF022[bloom] -> ss_sold_time_sk
|     stored statistics:
|       table: rows=8.64G size=389.90GB
|       partitions: 1824/1824 rows=8.64G
|       columns: all
|     extrapolated-rows=disabled max-scan-range-rows=390.22M
|     mem-estimate=16.00MB mem-reservation=8.00MB thread-reservation=0
|     tuple-ids=18 row-size=12B cardinality=204.06M(filtered from 8.64G) cost=1492980801
|     in pipelines: 24(GETNEXT)
|
65:NESTED LOOP JOIN [CROSS JOIN, BROADCAST]
|  join table id: 20
|  mem-estimate=0B mem-reservation=0B thread-reservation=0
|  tuple-ids=4,10,16 row-size=24B cardinality=1 cost=0
|  in pipelines: 75(GETNEXT), 86(OPEN)
|
|--F60:PLAN FRAGMENT [UNPARTITIONED] hosts=1 instances=1
|  |  Per-Instance Resources: mem-estimate=16.01KB mem-reservation=0B thread-reservation=1
|  |  max-parallelism=1 segment-costs=[0] cpu-comparison-result=120 [max(1 (self) vs 120 (sum children))]
|  JOIN BUILD
|  |  join-table-id=20 plan-id=21 cohort-id=01
|  |  mem-estimate=8B mem-reservation=0B thread-reservation=0 cost=0
|  |
|  87:EXCHANGE [UNPARTITIONED]
|  |  mem-estimate=16.00KB mem-reservation=0B thread-reservation=0
|  |  tuple-ids=16 row-size=8B cardinality=1 cost=0
|  |  in pipelines: 86(GETNEXT)
|  |
|  F14:PLAN FRAGMENT [UNPARTITIONED] hosts=1 instances=1
|  Per-Instance Resources: mem-estimate=184.84KB mem-reservation=0B thread-reservation=1
|  max-parallelism=1 segment-costs=[25, 1] cpu-comparison-result=120 [max(1 (self) vs 120 (sum children))]
|  86:AGGREGATE [FINALIZE]
|  |  output: count:merge(*)
|  |  mem-estimate=16.00KB mem-reservation=0B spill-buffer=2.00MB thread-reservation=0
|  |  tuple-ids=16 row-size=8B cardinality=1 cost=8
|  |  in pipelines: 86(GETNEXT), 23(OPEN)
|  |
|  85:EXCHANGE [UNPARTITIONED]
|  |  mem-estimate=168.84KB mem-reservation=0B thread-reservation=0
|  |  tuple-ids=16 row-size=8B cardinality=120 cost=17
|  |  in pipelines: 23(GETNEXT)
|  |
|  F10:PLAN FRAGMENT [RANDOM] hosts=10 instances=120
|  Per-Host Shared Resources: mem-estimate=1.00MB mem-reservation=1.00MB thread-reservation=0 runtime-filters-memory=1.00MB
|  Per-Instance Resources: mem-estimate=24.02MB mem-reservation=16.00MB thread-reservation=1
|  max-parallelism=170 segment-costs=[1644364547, 123] cpu-comparison-result=120 [max(120 (self) vs 33 (sum children))]
|  132:TUPLE CACHE
|  |  cache key: e8fc668f792566c5ca0a6b834a983f75
|  |  input scan node ids: 16
|  |  estimated serialized size: 1.41KB
|  |  estimated serialized size per node: 144B
|  |  cumulative processing cost: 1644390701
|  |  cache read processing cost: 15
|  |  cache write processing cost: 3
|  |  mem-estimate=4.00MB mem-reservation=4.00MB spill-buffer=2.00MB thread-reservation=0
|  |  tuple-ids=16 row-size=8B cardinality=120 cost=0
|  |  in pipelines: 23(GETNEXT)
|  |
|  23:AGGREGATE
|  |  output: count(*)
|  |  mem-estimate=16.00KB mem-reservation=0B spill-buffer=2.00MB thread-reservation=0
|  |  tuple-ids=16 row-size=8B cardinality=120 cost=279563
|  |  in pipelines: 23(GETNEXT), 16(OPEN)
|  |
|  131:TUPLE CACHE
|  |  cache key: 0a337a4ebc9bbe8dee2ab8b790346f7c
|  |  input scan node ids: 16
|  |  estimated serialized size: 274.00MB
|  |  estimated serialized size per node: 27.40MB
|  |  cumulative processing cost: 1644111138
|  |  cache read processing cost: 530770
|  |  cache write processing cost: 775728
|  |  mem-estimate=4.00MB mem-reservation=4.00MB spill-buffer=2.00MB thread-reservation=0
|  |  tuple-ids=12,14,13,15 row-size=56B cardinality=3.99M cost=0
|  |  in pipelines: 16(GETNEXT)
|  |
|  22:HASH JOIN [INNER JOIN, BROADCAST]
|  |  hash-table-id=21
|  |  hash predicates: ss_store_sk = s_store_sk
|  |  fk/pk conjuncts: ss_store_sk = s_store_sk
|  |  mem-estimate=0B mem-reservation=0B spill-buffer=64.00KB thread-reservation=0
|  |  tuple-ids=12,14,13,15 row-size=56B cardinality=3.99M cost=5833034
|  |  in pipelines: 16(GETNEXT), 19(OPEN)
|  |
|  |--F61:PLAN FRAGMENT [RANDOM] hosts=10 instances=10
|  |  |  Per-Instance Resources: mem-estimate=23.27MB mem-reservation=23.25MB thread-reservation=1
|  |  |  max-parallelism=10 segment-costs=[304]
|  |  JOIN BUILD
|  |  |  join-table-id=21 plan-id=22 cohort-id=07
|  |  |  build expressions: s_store_sk
|  |  |  runtime filters: RF013[min_max] <- s_store_sk
|  |  |  mem-estimate=23.25MB mem-reservation=23.25MB spill-buffer=64.00KB thread-reservation=0 cost=134
|  |  |
|  |  84:EXCHANGE [BROADCAST]
|  |  |  mem-estimate=16.00KB mem-reservation=0B thread-reservation=0
|  |  |  tuple-ids=15 row-size=20B cardinality=134 cost=170
|  |  |  in pipelines: 19(GETNEXT)
|  |  |
|  |  F13:PLAN FRAGMENT [RANDOM] hosts=1 instances=1
|  |  Per-Instance Resources: mem-estimate=20.09MB mem-reservation=4.02MB thread-reservation=1
|  |  max-parallelism=1 segment-costs=[202]
|  |  130:TUPLE CACHE
|  |  |  cache key: ab9f20c95135d17ae26963823541f762
|  |  |  input scan node ids: 19
|  |  |  estimated serialized size: 3.13KB
|  |  |  estimated serialized size per node: 3.13KB
|  |  |  cumulative processing cost: 192
|  |  |  cache read processing cost: 17
|  |  |  cache write processing cost: 8
|  |  |  mem-estimate=4.00MB mem-reservation=4.00MB spill-buffer=2.00MB thread-reservation=0
|  |  |  tuple-ids=15 row-size=20B cardinality=134 cost=0
|  |  |  in pipelines: 19(GETNEXT)
|  |  |
|  |  19:SCAN HDFS [tpcds_partitioned_parquet_snap.store, RANDOM]
|  |     HDFS partitions=1/1 files=1 size=119.76KB
|  |     deterministic scan range assignment: true
|  |     schedule scan ranges oldest to newest: true
|  |     predicates: store.s_store_name = 'ese'
|  |     stored statistics:
|  |       table: rows=1.35K size=119.76KB
|  |       columns: all
|  |     extrapolated-rows=disabled max-scan-range-rows=1.35K
|  |     parquet statistics predicates: store.s_store_name = 'ese'
|  |     parquet dictionary predicates: store.s_store_name = 'ese'
|  |     mem-estimate=16.00MB mem-reservation=16.00KB thread-reservation=0
|  |     tuple-ids=15 row-size=20B cardinality=134 cost=192
|  |     in pipelines: 19(GETNEXT)
|  |
|  21:HASH JOIN [INNER JOIN, BROADCAST]
|  |  hash-table-id=22
|  |  hash predicates: ss_hdemo_sk = household_demographics.hd_demo_sk
|  |  fk/pk conjuncts: ss_hdemo_sk = household_demographics.hd_demo_sk
|  |  mem-estimate=0B mem-reservation=0B spill-buffer=64.00KB thread-reservation=0
|  |  tuple-ids=12,14,13 row-size=36B cardinality=19.92M cost=55952022
|  |  in pipelines: 16(GETNEXT), 17(OPEN)
|  |
|  |--F62:PLAN FRAGMENT [RANDOM] hosts=10 instances=10
|  |  |  Per-Instance Resources: mem-estimate=23.27MB mem-reservation=23.25MB thread-reservation=1
|  |  |  max-parallelism=10 segment-costs=[1670]
|  |  JOIN BUILD
|  |  |  join-table-id=22 plan-id=23 cohort-id=07
|  |  |  build expressions: household_demographics.hd_demo_sk
|  |  |  runtime filters: RF015[min_max] <- household_demographics.hd_demo_sk
|  |  |  mem-estimate=23.25MB mem-reservation=23.25MB spill-buffer=64.00KB thread-reservation=0 cost=720
|  |  |
|  |  83:EXCHANGE [BROADCAST]
|  |  |  mem-estimate=19.69KB mem-reservation=0B thread-reservation=0
|  |  |  tuple-ids=13 row-size=12B cardinality=720 cost=950
|  |  |  in pipelines: 17(GETNEXT)
|  |  |
|  |  F12:PLAN FRAGMENT [RANDOM] hosts=1 instances=1
|  |  Per-Instance Resources: mem-estimate=20.06MB mem-reservation=4.06MB thread-reservation=1
|  |  max-parallelism=1 segment-costs=[1484]
|  |  129:TUPLE CACHE
|  |  |  cache key: 901b3095349f7d48ebd3b93902ddaa89
|  |  |  input scan node ids: 17
|  |  |  estimated serialized size: 11.25KB
|  |  |  estimated serialized size per node: 11.25KB
|  |  |  cumulative processing cost: 1446
|  |  |  cache read processing cost: 95
|  |  |  cache write processing cost: 31
|  |  |  mem-estimate=4.00MB mem-reservation=4.00MB spill-buffer=2.00MB thread-reservation=0
|  |  |  tuple-ids=13 row-size=12B cardinality=720 cost=0
|  |  |  in pipelines: 17(GETNEXT)
|  |  |
|  |  17:SCAN HDFS [tpcds_partitioned_parquet_snap.household_demographics, RANDOM]
|  |     HDFS partitions=1/1 files=1 size=41.69KB
|  |     deterministic scan range assignment: true
|  |     schedule scan ranges oldest to newest: true
|  |     predicates: ((household_demographics.hd_dep_count = CAST(1 AS INT) AND household_demographics.hd_vehicle_count <= CAST(3 AS INT)) OR (household_demographics.hd_dep_count = CAST(2 AS INT) AND household_demographics.hd_vehicle_count <= CAST(4 AS INT)) OR (household_demographics.hd_dep_count = CAST(0 AS INT) AND household_demographics.hd_vehicle_count <= CAST(2 AS INT)))
|  |     stored statistics:
|  |       table: rows=7.20K size=41.69KB
|  |       columns: all
|  |     extrapolated-rows=disabled max-scan-range-rows=7.20K
|  |     mem-estimate=16.00MB mem-reservation=64.00KB thread-reservation=0
|  |     tuple-ids=13 row-size=12B cardinality=720 cost=1446
|  |     in pipelines: 17(GETNEXT)
|  |
|  20:HASH JOIN [INNER JOIN, BROADCAST]
|  |  hash-table-id=23
|  |  hash predicates: ss_sold_time_sk = time_dim.t_time_sk
|  |  fk/pk conjuncts: ss_sold_time_sk = time_dim.t_time_sk
|  |  mem-estimate=0B mem-reservation=0B spill-buffer=64.00KB thread-reservation=0
|  |  tuple-ids=12,14 row-size=24B cardinality=204.06M(filtered from 204.06M) cost=89319127
|  |  in pipelines: 16(GETNEXT), 18(OPEN)
|  |
|  |--F63:PLAN FRAGMENT [RANDOM] hosts=10 instances=10
|  |  |  Per-Instance Resources: mem-estimate=24.28MB mem-reservation=24.25MB thread-reservation=1 runtime-filters-memory=1.00MB
|  |  |  max-parallelism=10 segment-costs=[2648]
|  |  JOIN BUILD
|  |  |  join-table-id=23 plan-id=24 cohort-id=07
|  |  |  build expressions: time_dim.t_time_sk
|  |  |  runtime filters: RF016[bloom] <- time_dim.t_time_sk, RF017[min_max] <- time_dim.t_time_sk
|  |  |  mem-estimate=23.25MB mem-reservation=23.25MB spill-buffer=64.00KB thread-reservation=0 cost=1138
|  |  |
|  |  82:EXCHANGE [BROADCAST]
|  |  |  mem-estimate=29.34KB mem-reservation=0B thread-reservation=0
|  |  |  tuple-ids=14 row-size=12B cardinality=1.14K cost=1510
|  |  |  in pipelines: 18(GETNEXT)
|  |  |
|  |  F11:PLAN FRAGMENT [RANDOM] hosts=1 instances=1
|  |  Per-Instance Resources: mem-estimate=20.06MB mem-reservation=4.50MB thread-reservation=1
|  |  max-parallelism=1 segment-costs=[19846]
|  |  128:TUPLE CACHE
|  |  |  cache key: 1072dc8f5d5e7b90cc3b3d833f7dc8b0
|  |  |  input scan node ids: 18
|  |  |  estimated serialized size: 17.78KB
|  |  |  estimated serialized size per node: 17.78KB
|  |  |  cumulative processing cost: 19785
|  |  |  cache read processing cost: 151
|  |  |  cache write processing cost: 49
|  |  |  mem-estimate=4.00MB mem-reservation=4.00MB spill-buffer=2.00MB thread-reservation=0
|  |  |  tuple-ids=14 row-size=12B cardinality=1.14K cost=0
|  |  |  in pipelines: 18(GETNEXT)
|  |  |
|  |  18:SCAN HDFS [tpcds_partitioned_parquet_snap.time_dim, RANDOM]
|  |     HDFS partitions=1/1 files=1 size=1.31MB
|  |     deterministic scan range assignment: true
|  |     schedule scan ranges oldest to newest: true
|  |     predicates: time_dim.t_hour = CAST(9 AS INT), time_dim.t_minute >= CAST(30 AS INT)
|  |     stored statistics:
|  |       table: rows=86.40K size=1.31MB
|  |       columns: all
|  |     extrapolated-rows=disabled max-scan-range-rows=86.40K
|  |     parquet statistics predicates: time_dim.t_hour = CAST(9 AS INT), time_dim.t_minute >= CAST(30 AS INT)
|  |     parquet dictionary predicates: time_dim.t_hour = CAST(9 AS INT), time_dim.t_minute >= CAST(30 AS INT)
|  |     mem-estimate=16.00MB mem-reservation=512.00KB thread-reservation=0
|  |     tuple-ids=14 row-size=12B cardinality=1.14K cost=19785
|  |     in pipelines: 18(GETNEXT)
|  |
|  16:SCAN HDFS [tpcds_partitioned_parquet_snap.store_sales, RANDOM]
|     HDFS partitions=1824/1824 files=1824 size=389.90GB
|     deterministic scan range assignment: true
|     schedule scan ranges oldest to newest: true
|     runtime filters: RF017[min_max] -> ss_sold_time_sk, RF015[min_max] -> ss_hdemo_sk, RF013[min_max] -> ss_store_sk, RF016[bloom] -> ss_sold_time_sk
|     stored statistics:
|       table: rows=8.64G size=389.90GB
|       partitions: 1824/1824 rows=8.64G
|       columns: all
|     extrapolated-rows=disabled max-scan-range-rows=390.22M
|     mem-estimate=16.00MB mem-reservation=8.00MB thread-reservation=0
|     tuple-ids=12 row-size=12B cardinality=204.06M(filtered from 8.64G) cost=1492980801
|     in pipelines: 16(GETNEXT)
|
64:NESTED LOOP JOIN [CROSS JOIN, BROADCAST]
|  join table id: 24
|  mem-estimate=0B mem-reservation=0B thread-reservation=0
|  tuple-ids=4,10 row-size=16B cardinality=1 cost=0
|  in pipelines: 75(GETNEXT), 80(OPEN)
|
|--F64:PLAN FRAGMENT [UNPARTITIONED] hosts=1 instances=1
|  |  Per-Instance Resources: mem-estimate=16.01KB mem-reservation=0B thread-reservation=1
|  |  max-parallelism=1 segment-costs=[0] cpu-comparison-result=120 [max(1 (self) vs 120 (sum children))]
|  JOIN BUILD
|  |  join-table-id=24 plan-id=25 cohort-id=01
|  |  mem-estimate=8B mem-reservation=0B thread-reservation=0 cost=0
|  |
|  81:EXCHANGE [UNPARTITIONED]
|  |  mem-estimate=16.00KB mem-reservation=0B thread-reservation=0
|  |  tuple-ids=10 row-size=8B cardinality=1 cost=0
|  |  in pipelines: 80(GETNEXT)
|  |
|  F09:PLAN FRAGMENT [UNPARTITIONED] hosts=1 instances=1
|  Per-Instance Resources: mem-estimate=184.84KB mem-reservation=0B thread-reservation=1
|  max-parallelism=1 segment-costs=[25, 1] cpu-comparison-result=120 [max(1 (self) vs 120 (sum children))]
|  80:AGGREGATE [FINALIZE]
|  |  output: count:merge(*)
|  |  mem-estimate=16.00KB mem-reservation=0B spill-buffer=2.00MB thread-reservation=0
|  |  tuple-ids=10 row-size=8B cardinality=1 cost=8
|  |  in pipelines: 80(GETNEXT), 15(OPEN)
|  |
|  79:EXCHANGE [UNPARTITIONED]
|  |  mem-estimate=168.84KB mem-reservation=0B thread-reservation=0
|  |  tuple-ids=10 row-size=8B cardinality=120 cost=17
|  |  in pipelines: 15(GETNEXT)
|  |
|  F05:PLAN FRAGMENT [RANDOM] hosts=10 instances=120
|  Per-Host Shared Resources: mem-estimate=2.00MB mem-reservation=2.00MB thread-reservation=0 runtime-filters-memory=2.00MB
|  Per-Instance Resources: mem-estimate=24.02MB mem-reservation=16.00MB thread-reservation=1
|  max-parallelism=170 segment-costs=[1644364547, 123] cpu-comparison-result=120 [max(120 (self) vs 33 (sum children))]
|  127:TUPLE CACHE
|  |  cache key: b286b9b73461d58b8fb534f5a43cccd5
|  |  input scan node ids: 8
|  |  estimated serialized size: 1.41KB
|  |  estimated serialized size per node: 144B
|  |  cumulative processing cost: 1644390701
|  |  cache read processing cost: 15
|  |  cache write processing cost: 3
|  |  mem-estimate=4.00MB mem-reservation=4.00MB spill-buffer=2.00MB thread-reservation=0
|  |  tuple-ids=10 row-size=8B cardinality=120 cost=0
|  |  in pipelines: 15(GETNEXT)
|  |
|  15:AGGREGATE
|  |  output: count(*)
|  |  mem-estimate=16.00KB mem-reservation=0B spill-buffer=2.00MB thread-reservation=0
|  |  tuple-ids=10 row-size=8B cardinality=120 cost=279563
|  |  in pipelines: 15(GETNEXT), 08(OPEN)
|  |
|  126:TUPLE CACHE
|  |  cache key: d59148339e8c345e9b6eb9ce4981981f
|  |  input scan node ids: 8
|  |  estimated serialized size: 274.00MB
|  |  estimated serialized size per node: 27.40MB
|  |  cumulative processing cost: 1644111138
|  |  cache read processing cost: 530770
|  |  cache write processing cost: 775728
|  |  mem-estimate=4.00MB mem-reservation=4.00MB spill-buffer=2.00MB thread-reservation=0
|  |  tuple-ids=6,8,7,9 row-size=56B cardinality=3.99M cost=0
|  |  in pipelines: 08(GETNEXT)
|  |
|  14:HASH JOIN [INNER JOIN, BROADCAST]
|  |  hash-table-id=25
|  |  hash predicates: ss_store_sk = s_store_sk
|  |  fk/pk conjuncts: ss_store_sk = s_store_sk
|  |  mem-estimate=0B mem-reservation=0B spill-buffer=64.00KB thread-reservation=0
|  |  tuple-ids=6,8,7,9 row-size=56B cardinality=3.99M cost=5833034
|  |  in pipelines: 08(GETNEXT), 11(OPEN)
|  |
|  |--F65:PLAN FRAGMENT [RANDOM] hosts=10 instances=10
|  |  |  Per-Instance Resources: mem-estimate=23.27MB mem-reservation=23.25MB thread-reservation=1
|  |  |  max-parallelism=10 segment-costs=[304]
|  |  JOIN BUILD
|  |  |  join-table-id=25 plan-id=26 cohort-id=08
|  |  |  build expressions: s_store_sk
|  |  |  runtime filters: RF007[min_max] <- s_store_sk
|  |  |  mem-estimate=23.25MB mem-reservation=23.25MB spill-buffer=64.00KB thread-reservation=0 cost=134
|  |  |
|  |  78:EXCHANGE [BROADCAST]
|  |  |  mem-estimate=16.00KB mem-reservation=0B thread-reservation=0
|  |  |  tuple-ids=9 row-size=20B cardinality=134 cost=170
|  |  |  in pipelines: 11(GETNEXT)
|  |  |
|  |  F08:PLAN FRAGMENT [RANDOM] hosts=1 instances=1
|  |  Per-Instance Resources: mem-estimate=20.09MB mem-reservation=4.02MB thread-reservation=1
|  |  max-parallelism=1 segment-costs=[202]
|  |  125:TUPLE CACHE
|  |  |  cache key: ab9f20c95135d17ae26963823541f762
|  |  |  input scan node ids: 11
|  |  |  estimated serialized size: 3.13KB
|  |  |  estimated serialized size per node: 3.13KB
|  |  |  cumulative processing cost: 192
|  |  |  cache read processing cost: 17
|  |  |  cache write processing cost: 8
|  |  |  mem-estimate=4.00MB mem-reservation=4.00MB spill-buffer=2.00MB thread-reservation=0
|  |  |  tuple-ids=9 row-size=20B cardinality=134 cost=0
|  |  |  in pipelines: 11(GETNEXT)
|  |  |
|  |  11:SCAN HDFS [tpcds_partitioned_parquet_snap.store, RANDOM]
|  |     HDFS partitions=1/1 files=1 size=119.76KB
|  |     deterministic scan range assignment: true
|  |     schedule scan ranges oldest to newest: true
|  |     predicates: store.s_store_name = 'ese'
|  |     stored statistics:
|  |       table: rows=1.35K size=119.76KB
|  |       columns: all
|  |     extrapolated-rows=disabled max-scan-range-rows=1.35K
|  |     parquet statistics predicates: store.s_store_name = 'ese'
|  |     parquet dictionary predicates: store.s_store_name = 'ese'
|  |     mem-estimate=16.00MB mem-reservation=16.00KB thread-reservation=0
|  |     tuple-ids=9 row-size=20B cardinality=134 cost=192
|  |     in pipelines: 11(GETNEXT)
|  |
|  13:HASH JOIN [INNER JOIN, BROADCAST]
|  |  hash-table-id=26
|  |  hash predicates: ss_hdemo_sk = household_demographics.hd_demo_sk
|  |  fk/pk conjuncts: ss_hdemo_sk = household_demographics.hd_demo_sk
|  |  mem-estimate=0B mem-reservation=0B spill-buffer=64.00KB thread-reservation=0
|  |  tuple-ids=6,8,7 row-size=36B cardinality=19.92M cost=55952022
|  |  in pipelines: 08(GETNEXT), 09(OPEN)
|  |
|  |--F66:PLAN FRAGMENT [RANDOM] hosts=10 instances=10
|  |  |  Per-Instance Resources: mem-estimate=24.27MB mem-reservation=24.25MB thread-reservation=1 runtime-filters-memory=1.00MB
|  |  |  max-parallelism=10 segment-costs=[1670]
|  |  JOIN BUILD
|  |  |  join-table-id=26 plan-id=27 cohort-id=08
|  |  |  build expressions: household_demographics.hd_demo_sk
|  |  |  runtime filters: RF008[bloom] <- household_demographics.hd_demo_sk, RF009[min_max] <- household_demographics.hd_demo_sk
|  |  |  mem-estimate=23.25MB mem-reservation=23.25MB spill-buffer=64.00KB thread-reservation=0 cost=720
|  |  |
|  |  77:EXCHANGE [BROADCAST]
|  |  |  mem-estimate=19.69KB mem-reservation=0B thread-reservation=0
|  |  |  tuple-ids=7 row-size=12B cardinality=720 cost=950
|  |  |  in pipelines: 09(GETNEXT)
|  |  |
|  |  F07:PLAN FRAGMENT [RANDOM] hosts=1 instances=1
|  |  Per-Instance Resources: mem-estimate=20.06MB mem-reservation=4.06MB thread-reservation=1
|  |  max-parallelism=1 segment-costs=[1484]
|  |  124:TUPLE CACHE
|  |  |  cache key: 901b3095349f7d48ebd3b93902ddaa89
|  |  |  input scan node ids: 9
|  |  |  estimated serialized size: 11.25KB
|  |  |  estimated serialized size per node: 11.25KB
|  |  |  cumulative processing cost: 1446
|  |  |  cache read processing cost: 95
|  |  |  cache write processing cost: 31
|  |  |  mem-estimate=4.00MB mem-reservation=4.00MB spill-buffer=2.00MB thread-reservation=0
|  |  |  tuple-ids=7 row-size=12B cardinality=720 cost=0
|  |  |  in pipelines: 09(GETNEXT)
|  |  |
|  |  09:SCAN HDFS [tpcds_partitioned_parquet_snap.household_demographics, RANDOM]
|  |     HDFS partitions=1/1 files=1 size=41.69KB
|  |     deterministic scan range assignment: true
|  |     schedule scan ranges oldest to newest: true
|  |     predicates: ((household_demographics.hd_dep_count = CAST(1 AS INT) AND household_demographics.hd_vehicle_count <= CAST(3 AS INT)) OR (household_demographics.hd_dep_count = CAST(2 AS INT) AND household_demographics.hd_vehicle_count <= CAST(4 AS INT)) OR (household_demographics.hd_dep_count = CAST(0 AS INT) AND household_demographics.hd_vehicle_count <= CAST(2 AS INT)))
|  |     stored statistics:
|  |       table: rows=7.20K size=41.69KB
|  |       columns: all
|  |     extrapolated-rows=disabled max-scan-range-rows=7.20K
|  |     mem-estimate=16.00MB mem-reservation=64.00KB thread-reservation=0
|  |     tuple-ids=7 row-size=12B cardinality=720 cost=1446
|  |     in pipelines: 09(GETNEXT)
|  |
|  12:HASH JOIN [INNER JOIN, BROADCAST]
|  |  hash-table-id=27
|  |  hash predicates: ss_sold_time_sk = time_dim.t_time_sk
|  |  fk/pk conjuncts: ss_sold_time_sk = time_dim.t_time_sk
|  |  mem-estimate=0B mem-reservation=0B spill-buffer=64.00KB thread-reservation=0
|  |  tuple-ids=6,8 row-size=24B cardinality=204.06M(filtered from 204.06M) cost=89319127
|  |  in pipelines: 08(GETNEXT), 10(OPEN)
|  |
|  |--F67:PLAN FRAGMENT [RANDOM] hosts=10 instances=10
|  |  |  Per-Instance Resources: mem-estimate=24.28MB mem-reservation=24.25MB thread-reservation=1 runtime-filters-memory=1.00MB
|  |  |  max-parallelism=10 segment-costs=[2648]
|  |  JOIN BUILD
|  |  |  join-table-id=27 plan-id=28 cohort-id=08
|  |  |  build expressions: time_dim.t_time_sk
|  |  |  runtime filters: RF010[bloom] <- time_dim.t_time_sk, RF011[min_max] <- time_dim.t_time_sk
|  |  |  mem-estimate=23.25MB mem-reservation=23.25MB spill-buffer=64.00KB thread-reservation=0 cost=1138
|  |  |
|  |  76:EXCHANGE [BROADCAST]
|  |  |  mem-estimate=29.34KB mem-reservation=0B thread-reservation=0
|  |  |  tuple-ids=8 row-size=12B cardinality=1.14K cost=1510
|  |  |  in pipelines: 10(GETNEXT)
|  |  |
|  |  F06:PLAN FRAGMENT [RANDOM] hosts=1 instances=1
|  |  Per-Instance Resources: mem-estimate=20.06MB mem-reservation=4.50MB thread-reservation=1
|  |  max-parallelism=1 segment-costs=[19846]
|  |  123:TUPLE CACHE
|  |  |  cache key: a720b4de1a2a5f2da913d44b6508d444
|  |  |  input scan node ids: 10
|  |  |  estimated serialized size: 17.78KB
|  |  |  estimated serialized size per node: 17.78KB
|  |  |  cumulative processing cost: 19785
|  |  |  cache read processing cost: 151
|  |  |  cache write processing cost: 49
|  |  |  mem-estimate=4.00MB mem-reservation=4.00MB spill-buffer=2.00MB thread-reservation=0
|  |  |  tuple-ids=8 row-size=12B cardinality=1.14K cost=0
|  |  |  in pipelines: 10(GETNEXT)
|  |  |
|  |  10:SCAN HDFS [tpcds_partitioned_parquet_snap.time_dim, RANDOM]
|  |     HDFS partitions=1/1 files=1 size=1.31MB
|  |     deterministic scan range assignment: true
|  |     schedule scan ranges oldest to newest: true
|  |     predicates: time_dim.t_hour = CAST(9 AS INT), time_dim.t_minute < CAST(30 AS INT)
|  |     stored statistics:
|  |       table: rows=86.40K size=1.31MB
|  |       columns: all
|  |     extrapolated-rows=disabled max-scan-range-rows=86.40K
|  |     parquet statistics predicates: time_dim.t_hour = CAST(9 AS INT), time_dim.t_minute < CAST(30 AS INT)
|  |     parquet dictionary predicates: time_dim.t_hour = CAST(9 AS INT), time_dim.t_minute < CAST(30 AS INT)
|  |     mem-estimate=16.00MB mem-reservation=512.00KB thread-reservation=0
|  |     tuple-ids=8 row-size=12B cardinality=1.14K cost=19785
|  |     in pipelines: 10(GETNEXT)
|  |
|  08:SCAN HDFS [tpcds_partitioned_parquet_snap.store_sales, RANDOM]
|     HDFS partitions=1824/1824 files=1824 size=389.90GB
|     deterministic scan range assignment: true
|     schedule scan ranges oldest to newest: true
|     runtime filters: RF011[min_max] -> ss_sold_time_sk, RF009[min_max] -> ss_hdemo_sk, RF007[min_max] -> ss_store_sk, RF010[bloom] -> ss_sold_time_sk, RF008[bloom] -> ss_hdemo_sk
|     stored statistics:
|       table: rows=8.64G size=389.90GB
|       partitions: 1824/1824 rows=8.64G
|       columns: all
|     extrapolated-rows=disabled max-scan-range-rows=390.22M
|     mem-estimate=16.00MB mem-reservation=8.00MB thread-reservation=0
|     tuple-ids=6 row-size=12B cardinality=204.06M(filtered from 8.64G) cost=1492980801
|     in pipelines: 08(GETNEXT)
|
75:AGGREGATE [FINALIZE]
|  output: count:merge(*)
|  mem-estimate=16.00KB mem-reservation=0B spill-buffer=2.00MB thread-reservation=0
|  tuple-ids=4 row-size=8B cardinality=1 cost=8
|  in pipelines: 75(GETNEXT), 07(OPEN)
|
74:EXCHANGE [UNPARTITIONED]
|  mem-estimate=168.84KB mem-reservation=0B thread-reservation=0
|  tuple-ids=4 row-size=8B cardinality=120 cost=17
|  in pipelines: 07(GETNEXT)
|
F00:PLAN FRAGMENT [RANDOM] hosts=10 instances=120
Per-Host Shared Resources: mem-estimate=2.00MB mem-reservation=2.00MB thread-reservation=0 runtime-filters-memory=2.00MB
Per-Instance Resources: mem-estimate=24.02MB mem-reservation=16.00MB thread-reservation=1
max-parallelism=170 segment-costs=[1644364547, 123] cpu-comparison-result=120 [max(120 (self) vs 33 (sum children))]
122:TUPLE CACHE
|  cache key: fc869b9e95721321359706cc1846b73f
|  input scan node ids: 0
|  estimated serialized size: 1.41KB
|  estimated serialized size per node: 144B
|  cumulative processing cost: 1644390701
|  cache read processing cost: 15
|  cache write processing cost: 3
|  mem-estimate=4.00MB mem-reservation=4.00MB spill-buffer=2.00MB thread-reservation=0
|  tuple-ids=4 row-size=8B cardinality=120 cost=0
|  in pipelines: 07(GETNEXT)
|
07:AGGREGATE
|  output: count(*)
|  mem-estimate=16.00KB mem-reservation=0B spill-buffer=2.00MB thread-reservation=0
|  tuple-ids=4 row-size=8B cardinality=120 cost=279563
|  in pipelines: 07(GETNEXT), 00(OPEN)
|
121:TUPLE CACHE
|  cache key: c05f5218543f78d3703f8fa72efd8554
|  input scan node ids: 0
|  estimated serialized size: 274.00MB
|  estimated serialized size per node: 27.40MB
|  cumulative processing cost: 1644111138
|  cache read processing cost: 530770
|  cache write processing cost: 775728
|  mem-estimate=4.00MB mem-reservation=4.00MB spill-buffer=2.00MB thread-reservation=0
|  tuple-ids=0,2,1,3 row-size=56B cardinality=3.99M cost=0
|  in pipelines: 00(GETNEXT)
|
06:HASH JOIN [INNER JOIN, BROADCAST]
|  hash-table-id=28
|  hash predicates: ss_store_sk = s_store_sk
|  fk/pk conjuncts: ss_store_sk = s_store_sk
|  mem-estimate=0B mem-reservation=0B spill-buffer=64.00KB thread-reservation=0
|  tuple-ids=0,2,1,3 row-size=56B cardinality=3.99M cost=5833034
|  in pipelines: 00(GETNEXT), 03(OPEN)
|
|--F68:PLAN FRAGMENT [RANDOM] hosts=10 instances=10
|  |  Per-Instance Resources: mem-estimate=23.27MB mem-reservation=23.25MB thread-reservation=1
|  |  max-parallelism=10 segment-costs=[304]
|  JOIN BUILD
|  |  join-table-id=28 plan-id=29 cohort-id=01
|  |  build expressions: s_store_sk
|  |  runtime filters: RF001[min_max] <- s_store_sk
|  |  mem-estimate=23.25MB mem-reservation=23.25MB spill-buffer=64.00KB thread-reservation=0 cost=134
|  |
|  73:EXCHANGE [BROADCAST]
|  |  mem-estimate=16.00KB mem-reservation=0B thread-reservation=0
|  |  tuple-ids=3 row-size=20B cardinality=134 cost=170
|  |  in pipelines: 03(GETNEXT)
|  |
|  F03:PLAN FRAGMENT [RANDOM] hosts=1 instances=1
|  Per-Instance Resources: mem-estimate=20.09MB mem-reservation=4.02MB thread-reservation=1
|  max-parallelism=1 segment-costs=[202]
|  120:TUPLE CACHE
|  |  cache key: ab9f20c95135d17ae26963823541f762
|  |  input scan node ids: 3
|  |  estimated serialized size: 3.13KB
|  |  estimated serialized size per node: 3.13KB
|  |  cumulative processing cost: 192
|  |  cache read processing cost: 17
|  |  cache write processing cost: 8
|  |  mem-estimate=4.00MB mem-reservation=4.00MB spill-buffer=2.00MB thread-reservation=0
|  |  tuple-ids=3 row-size=20B cardinality=134 cost=0
|  |  in pipelines: 03(GETNEXT)
|  |
|  03:SCAN HDFS [tpcds_partitioned_parquet_snap.store, RANDOM]
|     HDFS partitions=1/1 files=1 size=119.76KB
|     deterministic scan range assignment: true
|     schedule scan ranges oldest to newest: true
|     predicates: store.s_store_name = 'ese'
|     stored statistics:
|       table: rows=1.35K size=119.76KB
|       columns: all
|     extrapolated-rows=disabled max-scan-range-rows=1.35K
|     parquet statistics predicates: store.s_store_name = 'ese'
|     parquet dictionary predicates: store.s_store_name = 'ese'
|     mem-estimate=16.00MB mem-reservation=16.00KB thread-reservation=0
|     tuple-ids=3 row-size=20B cardinality=134 cost=192
|     in pipelines: 03(GETNEXT)
|
05:HASH JOIN [INNER JOIN, BROADCAST]
|  hash-table-id=29
|  hash predicates: ss_hdemo_sk = household_demographics.hd_demo_sk
|  fk/pk conjuncts: ss_hdemo_sk = household_demographics.hd_demo_sk
|  mem-estimate=0B mem-reservation=0B spill-buffer=64.00KB thread-reservation=0
|  tuple-ids=0,2,1 row-size=36B cardinality=19.92M cost=55952022
|  in pipelines: 00(GETNEXT), 01(OPEN)
|
|--F69:PLAN FRAGMENT [RANDOM] hosts=10 instances=10
|  |  Per-Instance Resources: mem-estimate=24.27MB mem-reservation=24.25MB thread-reservation=1 runtime-filters-memory=1.00MB
|  |  max-parallelism=10 segment-costs=[1670]
|  JOIN BUILD
|  |  join-table-id=29 plan-id=30 cohort-id=01
|  |  build expressions: household_demographics.hd_demo_sk
|  |  runtime filters: RF002[bloom] <- household_demographics.hd_demo_sk, RF003[min_max] <- household_demographics.hd_demo_sk
|  |  mem-estimate=23.25MB mem-reservation=23.25MB spill-buffer=64.00KB thread-reservation=0 cost=720
|  |
|  72:EXCHANGE [BROADCAST]
|  |  mem-estimate=19.69KB mem-reservation=0B thread-reservation=0
|  |  tuple-ids=1 row-size=12B cardinality=720 cost=950
|  |  in pipelines: 01(GETNEXT)
|  |
|  F02:PLAN FRAGMENT [RANDOM] hosts=1 instances=1
|  Per-Instance Resources: mem-estimate=20.06MB mem-reservation=4.06MB thread-reservation=1
|  max-parallelism=1 segment-costs=[1484]
|  119:TUPLE CACHE
|  |  cache key: 901b3095349f7d48ebd3b93902ddaa89
|  |  input scan node ids: 1
|  |  estimated serialized size: 11.25KB
|  |  estimated serialized size per node: 11.25KB
|  |  cumulative processing cost: 1446
|  |  cache read processing cost: 95
|  |  cache write processing cost: 31
|  |  mem-estimate=4.00MB mem-reservation=4.00MB spill-buffer=2.00MB thread-reservation=0
|  |  tuple-ids=1 row-size=12B cardinality=720 cost=0
|  |  in pipelines: 01(GETNEXT)
|  |
|  01:SCAN HDFS [tpcds_partitioned_parquet_snap.household_demographics, RANDOM]
|     HDFS partitions=1/1 files=1 size=41.69KB
|     deterministic scan range assignment: true
|     schedule scan ranges oldest to newest: true
|     predicates: ((household_demographics.hd_dep_count = CAST(1 AS INT) AND household_demographics.hd_vehicle_count <= CAST(3 AS INT)) OR (household_demographics.hd_dep_count = CAST(2 AS INT) AND household_demographics.hd_vehicle_count <= CAST(4 AS INT)) OR (household_demographics.hd_dep_count = CAST(0 AS INT) AND household_demographics.hd_vehicle_count <= CAST(2 AS INT)))
|     stored statistics:
|       table: rows=7.20K size=41.69KB
|       columns: all
|     extrapolated-rows=disabled max-scan-range-rows=7.20K
|     mem-estimate=16.00MB mem-reservation=64.00KB thread-reservation=0
|     tuple-ids=1 row-size=12B cardinality=720 cost=1446
|     in pipelines: 01(GETNEXT)
|
04:HASH JOIN [INNER JOIN, BROADCAST]
|  hash-table-id=30
|  hash predicates: ss_sold_time_sk = time_dim.t_time_sk
|  fk/pk conjuncts: ss_sold_time_sk = time_dim.t_time_sk
|  mem-estimate=0B mem-reservation=0B spill-buffer=64.00KB thread-reservation=0
|  tuple-ids=0,2 row-size=24B cardinality=204.06M(filtered from 204.06M) cost=89319127
|  in pipelines: 00(GETNEXT), 02(OPEN)
|
|--F70:PLAN FRAGMENT [RANDOM] hosts=10 instances=10
|  |  Per-Instance Resources: mem-estimate=24.28MB mem-reservation=24.25MB thread-reservation=1 runtime-filters-memory=1.00MB
|  |  max-parallelism=10 segment-costs=[2648]
|  JOIN BUILD
|  |  join-table-id=30 plan-id=31 cohort-id=01
|  |  build expressions: time_dim.t_time_sk
|  |  runtime filters: RF004[bloom] <- time_dim.t_time_sk, RF005[min_max] <- time_dim.t_time_sk
|  |  mem-estimate=23.25MB mem-reservation=23.25MB spill-buffer=64.00KB thread-reservation=0 cost=1138
|  |
|  71:EXCHANGE [BROADCAST]
|  |  mem-estimate=29.34KB mem-reservation=0B thread-reservation=0
|  |  tuple-ids=2 row-size=12B cardinality=1.14K cost=1510
|  |  in pipelines: 02(GETNEXT)
|  |
|  F01:PLAN FRAGMENT [RANDOM] hosts=1 instances=1
|  Per-Instance Resources: mem-estimate=20.06MB mem-reservation=4.50MB thread-reservation=1
|  max-parallelism=1 segment-costs=[19846]
|  118:TUPLE CACHE
|  |  cache key: 4b085abae6a6852000f5dee614dbecfb
|  |  input scan node ids: 2
|  |  estimated serialized size: 17.78KB
|  |  estimated serialized size per node: 17.78KB
|  |  cumulative processing cost: 19785
|  |  cache read processing cost: 151
|  |  cache write processing cost: 49
|  |  mem-estimate=4.00MB mem-reservation=4.00MB spill-buffer=2.00MB thread-reservation=0
|  |  tuple-ids=2 row-size=12B cardinality=1.14K cost=0
|  |  in pipelines: 02(GETNEXT)
|  |
|  02:SCAN HDFS [tpcds_partitioned_parquet_snap.time_dim, RANDOM]
|     HDFS partitions=1/1 files=1 size=1.31MB
|     deterministic scan range assignment: true
|     schedule scan ranges oldest to newest: true
|     predicates: time_dim.t_hour = CAST(8 AS INT), time_dim.t_minute >= CAST(30 AS INT)
|     stored statistics:
|       table: rows=86.40K size=1.31MB
|       columns: all
|     extrapolated-rows=disabled max-scan-range-rows=86.40K
|     parquet statistics predicates: time_dim.t_hour = CAST(8 AS INT), time_dim.t_minute >= CAST(30 AS INT)
|     parquet dictionary predicates: time_dim.t_hour = CAST(8 AS INT), time_dim.t_minute >= CAST(30 AS INT)
|     mem-estimate=16.00MB mem-reservation=512.00KB thread-reservation=0
|     tuple-ids=2 row-size=12B cardinality=1.14K cost=19785
|     in pipelines: 02(GETNEXT)
|
00:SCAN HDFS [tpcds_partitioned_parquet_snap.store_sales, RANDOM]
   HDFS partitions=1824/1824 files=1824 size=389.90GB
   deterministic scan range assignment: true
   schedule scan ranges oldest to newest: true
   runtime filters: RF005[min_max] -> ss_sold_time_sk, RF003[min_max] -> ss_hdemo_sk, RF001[min_max] -> ss_store_sk, RF004[bloom] -> ss_sold_time_sk, RF002[bloom] -> ss_hdemo_sk
   stored statistics:
     table: rows=8.64G size=389.90GB
     partitions: 1824/1824 rows=8.64G
     columns: all
   extrapolated-rows=disabled max-scan-range-rows=390.22M
   mem-estimate=16.00MB mem-reservation=8.00MB thread-reservation=0
   tuple-ids=0 row-size=12B cardinality=204.06M(filtered from 8.64G) cost=1492980801
   in pipelines: 00(GETNEXT)
---- PARALLELPLANS
Max Per-Host Resource Reservation: Memory=1.93GB Threads=159
Per-Host Resource Estimates: Memory=3.06GB
F04:PLAN FRAGMENT [UNPARTITIONED] hosts=1 instances=1
|  Per-Instance Resources: mem-estimate=4.02MB mem-reservation=4.00MB thread-reservation=1
|  max-parallelism=1 segment-costs=[25, 8] cpu-comparison-result=960 [max(1 (self) vs 960 (sum children))]
PLAN-ROOT SINK
|  output exprs: count(*), count(*), count(*), count(*), count(*), count(*), count(*), count(*)
|  mem-estimate=4.00MB mem-reservation=4.00MB spill-buffer=2.00MB thread-reservation=0 cost=8
|
70:NESTED LOOP JOIN [CROSS JOIN, BROADCAST]
|  join table id: 00
|  mem-estimate=0B mem-reservation=0B thread-reservation=0
|  tuple-ids=4,10,16,22,28,34,40,46 row-size=64B cardinality=1 cost=0
|  in pipelines: 75(GETNEXT), 116(OPEN)
|
|--F40:PLAN FRAGMENT [UNPARTITIONED] hosts=1 instances=1
|  |  Per-Instance Resources: mem-estimate=16.01KB mem-reservation=0B thread-reservation=1
|  |  max-parallelism=1 segment-costs=[0] cpu-comparison-result=120 [max(1 (self) vs 120 (sum children))]
|  JOIN BUILD
|  |  join-table-id=00 plan-id=01 cohort-id=01
|  |  mem-estimate=8B mem-reservation=0B thread-reservation=0 cost=0
|  |
|  117:EXCHANGE [UNPARTITIONED]
|  |  mem-estimate=16.00KB mem-reservation=0B thread-reservation=0
|  |  tuple-ids=46 row-size=8B cardinality=1 cost=0
|  |  in pipelines: 116(GETNEXT)
|  |
|  F39:PLAN FRAGMENT [UNPARTITIONED] hosts=1 instances=1
|  Per-Instance Resources: mem-estimate=184.84KB mem-reservation=0B thread-reservation=1
|  max-parallelism=1 segment-costs=[25, 1] cpu-comparison-result=120 [max(1 (self) vs 120 (sum children))]
|  116:AGGREGATE [FINALIZE]
|  |  output: count:merge(*)
|  |  mem-estimate=16.00KB mem-reservation=0B spill-buffer=2.00MB thread-reservation=0
|  |  tuple-ids=46 row-size=8B cardinality=1 cost=8
|  |  in pipelines: 116(GETNEXT), 63(OPEN)
|  |
|  115:EXCHANGE [UNPARTITIONED]
|  |  mem-estimate=168.84KB mem-reservation=0B thread-reservation=0
|  |  tuple-ids=46 row-size=8B cardinality=120 cost=17
|  |  in pipelines: 63(GETNEXT)
|  |
|  F35:PLAN FRAGMENT [RANDOM] hosts=10 instances=120
|  Per-Host Shared Resources: mem-estimate=1.00MB mem-reservation=1.00MB thread-reservation=0 runtime-filters-memory=1.00MB
|  Per-Instance Resources: mem-estimate=20.02MB mem-reservation=12.00MB thread-reservation=1
|  max-parallelism=170 segment-costs=[1644364547, 123] cpu-comparison-result=120 [max(120 (self) vs 33 (sum children))]
|  152:TUPLE CACHE
|  |  cache key: 0507e859881a05261043842af25f2fe4
|  |  input scan node ids: 56
|  |  estimated serialized size: 1.41KB
|  |  estimated serialized size per node: 144B
|  |  cumulative processing cost: 1644390701
|  |  cache read processing cost: 15
|  |  cache write processing cost: 3
|  |  mem-estimate=4.00MB mem-reservation=4.00MB spill-buffer=2.00MB thread-reservation=0
|  |  tuple-ids=46 row-size=8B cardinality=120 cost=0
|  |  in pipelines: 63(GETNEXT)
|  |
|  63:AGGREGATE
|  |  output: count(*)
|  |  mem-estimate=16.00KB mem-reservation=0B spill-buffer=2.00MB thread-reservation=0
|  |  tuple-ids=46 row-size=8B cardinality=120 cost=279563
|  |  in pipelines: 63(GETNEXT), 56(OPEN)
|  |
|  62:HASH JOIN [INNER JOIN, BROADCAST]
|  |  hash-table-id=01
|  |  hash predicates: ss_store_sk = s_store_sk
|  |  fk/pk conjuncts: ss_store_sk = s_store_sk
|  |  mem-estimate=0B mem-reservation=0B spill-buffer=64.00KB thread-reservation=0
|  |  tuple-ids=42,44,43,45 row-size=56B cardinality=3.99M cost=5833034
|  |  in pipelines: 56(GETNEXT), 59(OPEN)
|  |
|  |--F41:PLAN FRAGMENT [RANDOM] hosts=10 instances=10
|  |  |  Per-Instance Resources: mem-estimate=23.27MB mem-reservation=23.25MB thread-reservation=1
|  |  |  max-parallelism=10 segment-costs=[304]
|  |  JOIN BUILD
|  |  |  join-table-id=01 plan-id=02 cohort-id=02
|  |  |  build expressions: s_store_sk
|  |  |  runtime filters: RF043[min_max] <- s_store_sk
|  |  |  mem-estimate=23.25MB mem-reservation=23.25MB spill-buffer=64.00KB thread-reservation=0 cost=134
|  |  |
|  |  114:EXCHANGE [BROADCAST]
|  |  |  mem-estimate=16.00KB mem-reservation=0B thread-reservation=0
|  |  |  tuple-ids=45 row-size=20B cardinality=134 cost=170
|  |  |  in pipelines: 59(GETNEXT)
|  |  |
|  |  F38:PLAN FRAGMENT [RANDOM] hosts=1 instances=1
|  |  Per-Instance Resources: mem-estimate=20.09MB mem-reservation=4.02MB thread-reservation=1
|  |  max-parallelism=1 segment-costs=[202]
|  |  151:TUPLE CACHE
|  |  |  cache key: ab9f20c95135d17ae26963823541f762
|  |  |  input scan node ids: 59
|  |  |  estimated serialized size: 3.13KB
|  |  |  estimated serialized size per node: 3.13KB
|  |  |  cumulative processing cost: 192
|  |  |  cache read processing cost: 17
|  |  |  cache write processing cost: 8
|  |  |  mem-estimate=4.00MB mem-reservation=4.00MB spill-buffer=2.00MB thread-reservation=0
|  |  |  tuple-ids=45 row-size=20B cardinality=134 cost=0
|  |  |  in pipelines: 59(GETNEXT)
|  |  |
|  |  59:SCAN HDFS [tpcds_partitioned_parquet_snap.store, RANDOM]
|  |     HDFS partitions=1/1 files=1 size=119.76KB
|  |     deterministic scan range assignment: true
|  |     schedule scan ranges oldest to newest: true
|  |     predicates: store.s_store_name = 'ese'
|  |     stored statistics:
|  |       table: rows=1.35K size=119.76KB
|  |       columns: all
|  |     extrapolated-rows=disabled max-scan-range-rows=1.35K
|  |     parquet statistics predicates: store.s_store_name = 'ese'
|  |     parquet dictionary predicates: store.s_store_name = 'ese'
|  |     mem-estimate=16.00MB mem-reservation=16.00KB thread-reservation=0
|  |     tuple-ids=45 row-size=20B cardinality=134 cost=192
|  |     in pipelines: 59(GETNEXT)
|  |
|  61:HASH JOIN [INNER JOIN, BROADCAST]
|  |  hash-table-id=02
|  |  hash predicates: ss_hdemo_sk = household_demographics.hd_demo_sk
|  |  fk/pk conjuncts: ss_hdemo_sk = household_demographics.hd_demo_sk
|  |  mem-estimate=0B mem-reservation=0B spill-buffer=64.00KB thread-reservation=0
|  |  tuple-ids=42,44,43 row-size=36B cardinality=19.92M cost=55952022
|  |  in pipelines: 56(GETNEXT), 57(OPEN)
|  |
|  |--F42:PLAN FRAGMENT [RANDOM] hosts=10 instances=10
|  |  |  Per-Instance Resources: mem-estimate=23.27MB mem-reservation=23.25MB thread-reservation=1
|  |  |  max-parallelism=10 segment-costs=[1670]
|  |  JOIN BUILD
|  |  |  join-table-id=02 plan-id=03 cohort-id=02
|  |  |  build expressions: household_demographics.hd_demo_sk
|  |  |  runtime filters: RF045[min_max] <- household_demographics.hd_demo_sk
|  |  |  mem-estimate=23.25MB mem-reservation=23.25MB spill-buffer=64.00KB thread-reservation=0 cost=720
|  |  |
|  |  113:EXCHANGE [BROADCAST]
|  |  |  mem-estimate=19.69KB mem-reservation=0B thread-reservation=0
|  |  |  tuple-ids=43 row-size=12B cardinality=720 cost=950
|  |  |  in pipelines: 57(GETNEXT)
|  |  |
|  |  F37:PLAN FRAGMENT [RANDOM] hosts=1 instances=1
|  |  Per-Instance Resources: mem-estimate=20.06MB mem-reservation=4.06MB thread-reservation=1
|  |  max-parallelism=1 segment-costs=[1484]
|  |  150:TUPLE CACHE
|  |  |  cache key: 901b3095349f7d48ebd3b93902ddaa89
|  |  |  input scan node ids: 57
|  |  |  estimated serialized size: 11.25KB
|  |  |  estimated serialized size per node: 11.25KB
|  |  |  cumulative processing cost: 1446
|  |  |  cache read processing cost: 95
|  |  |  cache write processing cost: 31
|  |  |  mem-estimate=4.00MB mem-reservation=4.00MB spill-buffer=2.00MB thread-reservation=0
|  |  |  tuple-ids=43 row-size=12B cardinality=720 cost=0
|  |  |  in pipelines: 57(GETNEXT)
|  |  |
|  |  57:SCAN HDFS [tpcds_partitioned_parquet_snap.household_demographics, RANDOM]
|  |     HDFS partitions=1/1 files=1 size=41.69KB
|  |     deterministic scan range assignment: true
|  |     schedule scan ranges oldest to newest: true
|  |     predicates: ((household_demographics.hd_dep_count = CAST(1 AS INT) AND household_demographics.hd_vehicle_count <= CAST(3 AS INT)) OR (household_demographics.hd_dep_count = CAST(2 AS INT) AND household_demographics.hd_vehicle_count <= CAST(4 AS INT)) OR (household_demographics.hd_dep_count = CAST(0 AS INT) AND household_demographics.hd_vehicle_count <= CAST(2 AS INT)))
|  |     stored statistics:
|  |       table: rows=7.20K size=41.69KB
|  |       columns: all
|  |     extrapolated-rows=disabled max-scan-range-rows=7.20K
|  |     mem-estimate=16.00MB mem-reservation=64.00KB thread-reservation=0
|  |     tuple-ids=43 row-size=12B cardinality=720 cost=1446
|  |     in pipelines: 57(GETNEXT)
|  |
|  60:HASH JOIN [INNER JOIN, BROADCAST]
|  |  hash-table-id=03
|  |  hash predicates: ss_sold_time_sk = time_dim.t_time_sk
|  |  fk/pk conjuncts: ss_sold_time_sk = time_dim.t_time_sk
|  |  mem-estimate=0B mem-reservation=0B spill-buffer=64.00KB thread-reservation=0
|  |  tuple-ids=42,44 row-size=24B cardinality=204.06M(filtered from 204.06M) cost=89319127
|  |  in pipelines: 56(GETNEXT), 58(OPEN)
|  |
|  |--F43:PLAN FRAGMENT [RANDOM] hosts=10 instances=10
|  |  |  Per-Instance Resources: mem-estimate=24.28MB mem-reservation=24.25MB thread-reservation=1 runtime-filters-memory=1.00MB
|  |  |  max-parallelism=10 segment-costs=[2648]
|  |  JOIN BUILD
|  |  |  join-table-id=03 plan-id=04 cohort-id=02
|  |  |  build expressions: time_dim.t_time_sk
|  |  |  runtime filters: RF046[bloom] <- time_dim.t_time_sk, RF047[min_max] <- time_dim.t_time_sk
|  |  |  mem-estimate=23.25MB mem-reservation=23.25MB spill-buffer=64.00KB thread-reservation=0 cost=1138
|  |  |
|  |  112:EXCHANGE [BROADCAST]
|  |  |  mem-estimate=29.34KB mem-reservation=0B thread-reservation=0
|  |  |  tuple-ids=44 row-size=12B cardinality=1.14K cost=1510
|  |  |  in pipelines: 58(GETNEXT)
|  |  |
|  |  F36:PLAN FRAGMENT [RANDOM] hosts=1 instances=1
|  |  Per-Instance Resources: mem-estimate=20.06MB mem-reservation=4.50MB thread-reservation=1
|  |  max-parallelism=1 segment-costs=[19846]
|  |  149:TUPLE CACHE
|  |  |  cache key: 0505f104ad9a7298426d209cd50c9a19
|  |  |  input scan node ids: 58
|  |  |  estimated serialized size: 17.78KB
|  |  |  estimated serialized size per node: 17.78KB
|  |  |  cumulative processing cost: 19785
|  |  |  cache read processing cost: 151
|  |  |  cache write processing cost: 49
|  |  |  mem-estimate=4.00MB mem-reservation=4.00MB spill-buffer=2.00MB thread-reservation=0
|  |  |  tuple-ids=44 row-size=12B cardinality=1.14K cost=0
|  |  |  in pipelines: 58(GETNEXT)
|  |  |
|  |  58:SCAN HDFS [tpcds_partitioned_parquet_snap.time_dim, RANDOM]
|  |     HDFS partitions=1/1 files=1 size=1.31MB
|  |     deterministic scan range assignment: true
|  |     schedule scan ranges oldest to newest: true
|  |     predicates: time_dim.t_hour = CAST(12 AS INT), time_dim.t_minute < CAST(30 AS INT)
|  |     stored statistics:
|  |       table: rows=86.40K size=1.31MB
|  |       columns: all
|  |     extrapolated-rows=disabled max-scan-range-rows=86.40K
|  |     parquet statistics predicates: time_dim.t_hour = CAST(12 AS INT), time_dim.t_minute < CAST(30 AS INT)
|  |     parquet dictionary predicates: time_dim.t_hour = CAST(12 AS INT), time_dim.t_minute < CAST(30 AS INT)
|  |     mem-estimate=16.00MB mem-reservation=512.00KB thread-reservation=0
|  |     tuple-ids=44 row-size=12B cardinality=1.14K cost=19785
|  |     in pipelines: 58(GETNEXT)
|  |
|  56:SCAN HDFS [tpcds_partitioned_parquet_snap.store_sales, RANDOM]
|     HDFS partitions=1824/1824 files=1824 size=389.90GB
|     deterministic scan range assignment: true
|     schedule scan ranges oldest to newest: true
|     runtime filters: RF047[min_max] -> ss_sold_time_sk, RF045[min_max] -> ss_hdemo_sk, RF043[min_max] -> ss_store_sk, RF046[bloom] -> ss_sold_time_sk
|     stored statistics:
|       table: rows=8.64G size=389.90GB
|       partitions: 1824/1824 rows=8.64G
|       columns: all
|     extrapolated-rows=disabled max-scan-range-rows=390.22M
|     mem-estimate=16.00MB mem-reservation=8.00MB thread-reservation=0
|     tuple-ids=42 row-size=12B cardinality=204.06M(filtered from 8.64G) cost=1492980801
|     in pipelines: 56(GETNEXT)
|
69:NESTED LOOP JOIN [CROSS JOIN, BROADCAST]
|  join table id: 04
|  mem-estimate=0B mem-reservation=0B thread-reservation=0
|  tuple-ids=4,10,16,22,28,34,40 row-size=56B cardinality=1 cost=0
|  in pipelines: 75(GETNEXT), 110(OPEN)
|
|--F44:PLAN FRAGMENT [UNPARTITIONED] hosts=1 instances=1
|  |  Per-Instance Resources: mem-estimate=16.01KB mem-reservation=0B thread-reservation=1
|  |  max-parallelism=1 segment-costs=[0] cpu-comparison-result=120 [max(1 (self) vs 120 (sum children))]
|  JOIN BUILD
|  |  join-table-id=04 plan-id=05 cohort-id=01
|  |  mem-estimate=8B mem-reservation=0B thread-reservation=0 cost=0
|  |
|  111:EXCHANGE [UNPARTITIONED]
|  |  mem-estimate=16.00KB mem-reservation=0B thread-reservation=0
|  |  tuple-ids=40 row-size=8B cardinality=1 cost=0
|  |  in pipelines: 110(GETNEXT)
|  |
|  F34:PLAN FRAGMENT [UNPARTITIONED] hosts=1 instances=1
|  Per-Instance Resources: mem-estimate=184.84KB mem-reservation=0B thread-reservation=1
|  max-parallelism=1 segment-costs=[25, 1] cpu-comparison-result=120 [max(1 (self) vs 120 (sum children))]
|  110:AGGREGATE [FINALIZE]
|  |  output: count:merge(*)
|  |  mem-estimate=16.00KB mem-reservation=0B spill-buffer=2.00MB thread-reservation=0
|  |  tuple-ids=40 row-size=8B cardinality=1 cost=8
|  |  in pipelines: 110(GETNEXT), 55(OPEN)
|  |
|  109:EXCHANGE [UNPARTITIONED]
|  |  mem-estimate=168.84KB mem-reservation=0B thread-reservation=0
|  |  tuple-ids=40 row-size=8B cardinality=120 cost=17
|  |  in pipelines: 55(GETNEXT)
|  |
|  F30:PLAN FRAGMENT [RANDOM] hosts=10 instances=120
|  Per-Host Shared Resources: mem-estimate=1.00MB mem-reservation=1.00MB thread-reservation=0 runtime-filters-memory=1.00MB
|  Per-Instance Resources: mem-estimate=20.02MB mem-reservation=12.00MB thread-reservation=1
|  max-parallelism=170 segment-costs=[1644364547, 123] cpu-comparison-result=120 [max(120 (self) vs 33 (sum children))]
|  148:TUPLE CACHE
|  |  cache key: c2540f0f29be9bde177f4e5d1b712df0
|  |  input scan node ids: 48
|  |  estimated serialized size: 1.41KB
|  |  estimated serialized size per node: 144B
|  |  cumulative processing cost: 1644390701
|  |  cache read processing cost: 15
|  |  cache write processing cost: 3
|  |  mem-estimate=4.00MB mem-reservation=4.00MB spill-buffer=2.00MB thread-reservation=0
|  |  tuple-ids=40 row-size=8B cardinality=120 cost=0
|  |  in pipelines: 55(GETNEXT)
|  |
|  55:AGGREGATE
|  |  output: count(*)
|  |  mem-estimate=16.00KB mem-reservation=0B spill-buffer=2.00MB thread-reservation=0
|  |  tuple-ids=40 row-size=8B cardinality=120 cost=279563
|  |  in pipelines: 55(GETNEXT), 48(OPEN)
|  |
|  54:HASH JOIN [INNER JOIN, BROADCAST]
|  |  hash-table-id=05
|  |  hash predicates: ss_store_sk = s_store_sk
|  |  fk/pk conjuncts: ss_store_sk = s_store_sk
|  |  mem-estimate=0B mem-reservation=0B spill-buffer=64.00KB thread-reservation=0
|  |  tuple-ids=36,38,37,39 row-size=56B cardinality=3.99M cost=5833034
|  |  in pipelines: 48(GETNEXT), 51(OPEN)
|  |
|  |--F45:PLAN FRAGMENT [RANDOM] hosts=10 instances=10
|  |  |  Per-Instance Resources: mem-estimate=23.27MB mem-reservation=23.25MB thread-reservation=1
|  |  |  max-parallelism=10 segment-costs=[304]
|  |  JOIN BUILD
|  |  |  join-table-id=05 plan-id=06 cohort-id=03
|  |  |  build expressions: s_store_sk
|  |  |  runtime filters: RF037[min_max] <- s_store_sk
|  |  |  mem-estimate=23.25MB mem-reservation=23.25MB spill-buffer=64.00KB thread-reservation=0 cost=134
|  |  |
|  |  108:EXCHANGE [BROADCAST]
|  |  |  mem-estimate=16.00KB mem-reservation=0B thread-reservation=0
|  |  |  tuple-ids=39 row-size=20B cardinality=134 cost=170
|  |  |  in pipelines: 51(GETNEXT)
|  |  |
|  |  F33:PLAN FRAGMENT [RANDOM] hosts=1 instances=1
|  |  Per-Instance Resources: mem-estimate=20.09MB mem-reservation=4.02MB thread-reservation=1
|  |  max-parallelism=1 segment-costs=[202]
|  |  147:TUPLE CACHE
|  |  |  cache key: ab9f20c95135d17ae26963823541f762
|  |  |  input scan node ids: 51
|  |  |  estimated serialized size: 3.13KB
|  |  |  estimated serialized size per node: 3.13KB
|  |  |  cumulative processing cost: 192
|  |  |  cache read processing cost: 17
|  |  |  cache write processing cost: 8
|  |  |  mem-estimate=4.00MB mem-reservation=4.00MB spill-buffer=2.00MB thread-reservation=0
|  |  |  tuple-ids=39 row-size=20B cardinality=134 cost=0
|  |  |  in pipelines: 51(GETNEXT)
|  |  |
|  |  51:SCAN HDFS [tpcds_partitioned_parquet_snap.store, RANDOM]
|  |     HDFS partitions=1/1 files=1 size=119.76KB
|  |     deterministic scan range assignment: true
|  |     schedule scan ranges oldest to newest: true
|  |     predicates: store.s_store_name = 'ese'
|  |     stored statistics:
|  |       table: rows=1.35K size=119.76KB
|  |       columns: all
|  |     extrapolated-rows=disabled max-scan-range-rows=1.35K
|  |     parquet statistics predicates: store.s_store_name = 'ese'
|  |     parquet dictionary predicates: store.s_store_name = 'ese'
|  |     mem-estimate=16.00MB mem-reservation=16.00KB thread-reservation=0
|  |     tuple-ids=39 row-size=20B cardinality=134 cost=192
|  |     in pipelines: 51(GETNEXT)
|  |
|  53:HASH JOIN [INNER JOIN, BROADCAST]
|  |  hash-table-id=06
|  |  hash predicates: ss_hdemo_sk = household_demographics.hd_demo_sk
|  |  fk/pk conjuncts: ss_hdemo_sk = household_demographics.hd_demo_sk
|  |  mem-estimate=0B mem-reservation=0B spill-buffer=64.00KB thread-reservation=0
|  |  tuple-ids=36,38,37 row-size=36B cardinality=19.92M cost=55952022
|  |  in pipelines: 48(GETNEXT), 49(OPEN)
|  |
|  |--F46:PLAN FRAGMENT [RANDOM] hosts=10 instances=10
|  |  |  Per-Instance Resources: mem-estimate=23.27MB mem-reservation=23.25MB thread-reservation=1
|  |  |  max-parallelism=10 segment-costs=[1670]
|  |  JOIN BUILD
|  |  |  join-table-id=06 plan-id=07 cohort-id=03
|  |  |  build expressions: household_demographics.hd_demo_sk
|  |  |  runtime filters: RF039[min_max] <- household_demographics.hd_demo_sk
|  |  |  mem-estimate=23.25MB mem-reservation=23.25MB spill-buffer=64.00KB thread-reservation=0 cost=720
|  |  |
|  |  107:EXCHANGE [BROADCAST]
|  |  |  mem-estimate=19.69KB mem-reservation=0B thread-reservation=0
|  |  |  tuple-ids=37 row-size=12B cardinality=720 cost=950
|  |  |  in pipelines: 49(GETNEXT)
|  |  |
|  |  F32:PLAN FRAGMENT [RANDOM] hosts=1 instances=1
|  |  Per-Instance Resources: mem-estimate=20.06MB mem-reservation=4.06MB thread-reservation=1
|  |  max-parallelism=1 segment-costs=[1484]
|  |  146:TUPLE CACHE
|  |  |  cache key: 901b3095349f7d48ebd3b93902ddaa89
|  |  |  input scan node ids: 49
|  |  |  estimated serialized size: 11.25KB
|  |  |  estimated serialized size per node: 11.25KB
|  |  |  cumulative processing cost: 1446
|  |  |  cache read processing cost: 95
|  |  |  cache write processing cost: 31
|  |  |  mem-estimate=4.00MB mem-reservation=4.00MB spill-buffer=2.00MB thread-reservation=0
|  |  |  tuple-ids=37 row-size=12B cardinality=720 cost=0
|  |  |  in pipelines: 49(GETNEXT)
|  |  |
|  |  49:SCAN HDFS [tpcds_partitioned_parquet_snap.household_demographics, RANDOM]
|  |     HDFS partitions=1/1 files=1 size=41.69KB
|  |     deterministic scan range assignment: true
|  |     schedule scan ranges oldest to newest: true
|  |     predicates: ((household_demographics.hd_dep_count = CAST(1 AS INT) AND household_demographics.hd_vehicle_count <= CAST(3 AS INT)) OR (household_demographics.hd_dep_count = CAST(2 AS INT) AND household_demographics.hd_vehicle_count <= CAST(4 AS INT)) OR (household_demographics.hd_dep_count = CAST(0 AS INT) AND household_demographics.hd_vehicle_count <= CAST(2 AS INT)))
|  |     stored statistics:
|  |       table: rows=7.20K size=41.69KB
|  |       columns: all
|  |     extrapolated-rows=disabled max-scan-range-rows=7.20K
|  |     mem-estimate=16.00MB mem-reservation=64.00KB thread-reservation=0
|  |     tuple-ids=37 row-size=12B cardinality=720 cost=1446
|  |     in pipelines: 49(GETNEXT)
|  |
|  52:HASH JOIN [INNER JOIN, BROADCAST]
|  |  hash-table-id=07
|  |  hash predicates: ss_sold_time_sk = time_dim.t_time_sk
|  |  fk/pk conjuncts: ss_sold_time_sk = time_dim.t_time_sk
|  |  mem-estimate=0B mem-reservation=0B spill-buffer=64.00KB thread-reservation=0
|  |  tuple-ids=36,38 row-size=24B cardinality=204.06M(filtered from 204.06M) cost=89319127
|  |  in pipelines: 48(GETNEXT), 50(OPEN)
|  |
|  |--F47:PLAN FRAGMENT [RANDOM] hosts=10 instances=10
|  |  |  Per-Instance Resources: mem-estimate=24.28MB mem-reservation=24.25MB thread-reservation=1 runtime-filters-memory=1.00MB
|  |  |  max-parallelism=10 segment-costs=[2648]
|  |  JOIN BUILD
|  |  |  join-table-id=07 plan-id=08 cohort-id=03
|  |  |  build expressions: time_dim.t_time_sk
|  |  |  runtime filters: RF040[bloom] <- time_dim.t_time_sk, RF041[min_max] <- time_dim.t_time_sk
|  |  |  mem-estimate=23.25MB mem-reservation=23.25MB spill-buffer=64.00KB thread-reservation=0 cost=1138
|  |  |
|  |  106:EXCHANGE [BROADCAST]
|  |  |  mem-estimate=29.34KB mem-reservation=0B thread-reservation=0
|  |  |  tuple-ids=38 row-size=12B cardinality=1.14K cost=1510
|  |  |  in pipelines: 50(GETNEXT)
|  |  |
|  |  F31:PLAN FRAGMENT [RANDOM] hosts=1 instances=1
|  |  Per-Instance Resources: mem-estimate=20.06MB mem-reservation=4.50MB thread-reservation=1
|  |  max-parallelism=1 segment-costs=[19846]
|  |  145:TUPLE CACHE
|  |  |  cache key: c3808421744e9643c1d59ab31689a0eb
|  |  |  input scan node ids: 50
|  |  |  estimated serialized size: 17.78KB
|  |  |  estimated serialized size per node: 17.78KB
|  |  |  cumulative processing cost: 19785
|  |  |  cache read processing cost: 151
|  |  |  cache write processing cost: 49
|  |  |  mem-estimate=4.00MB mem-reservation=4.00MB spill-buffer=2.00MB thread-reservation=0
|  |  |  tuple-ids=38 row-size=12B cardinality=1.14K cost=0
|  |  |  in pipelines: 50(GETNEXT)
|  |  |
|  |  50:SCAN HDFS [tpcds_partitioned_parquet_snap.time_dim, RANDOM]
|  |     HDFS partitions=1/1 files=1 size=1.31MB
|  |     deterministic scan range assignment: true
|  |     schedule scan ranges oldest to newest: true
|  |     predicates: time_dim.t_hour = CAST(11 AS INT), time_dim.t_minute >= CAST(30 AS INT)
|  |     stored statistics:
|  |       table: rows=86.40K size=1.31MB
|  |       columns: all
|  |     extrapolated-rows=disabled max-scan-range-rows=86.40K
|  |     parquet statistics predicates: time_dim.t_hour = CAST(11 AS INT), time_dim.t_minute >= CAST(30 AS INT)
|  |     parquet dictionary predicates: time_dim.t_hour = CAST(11 AS INT), time_dim.t_minute >= CAST(30 AS INT)
|  |     mem-estimate=16.00MB mem-reservation=512.00KB thread-reservation=0
|  |     tuple-ids=38 row-size=12B cardinality=1.14K cost=19785
|  |     in pipelines: 50(GETNEXT)
|  |
|  48:SCAN HDFS [tpcds_partitioned_parquet_snap.store_sales, RANDOM]
|     HDFS partitions=1824/1824 files=1824 size=389.90GB
|     deterministic scan range assignment: true
|     schedule scan ranges oldest to newest: true
|     runtime filters: RF041[min_max] -> ss_sold_time_sk, RF039[min_max] -> ss_hdemo_sk, RF037[min_max] -> ss_store_sk, RF040[bloom] -> ss_sold_time_sk
|     stored statistics:
|       table: rows=8.64G size=389.90GB
|       partitions: 1824/1824 rows=8.64G
|       columns: all
|     extrapolated-rows=disabled max-scan-range-rows=390.22M
|     mem-estimate=16.00MB mem-reservation=8.00MB thread-reservation=0
|     tuple-ids=36 row-size=12B cardinality=204.06M(filtered from 8.64G) cost=1492980801
|     in pipelines: 48(GETNEXT)
|
68:NESTED LOOP JOIN [CROSS JOIN, BROADCAST]
|  join table id: 08
|  mem-estimate=0B mem-reservation=0B thread-reservation=0
|  tuple-ids=4,10,16,22,28,34 row-size=48B cardinality=1 cost=0
|  in pipelines: 75(GETNEXT), 104(OPEN)
|
|--F48:PLAN FRAGMENT [UNPARTITIONED] hosts=1 instances=1
|  |  Per-Instance Resources: mem-estimate=16.01KB mem-reservation=0B thread-reservation=1
|  |  max-parallelism=1 segment-costs=[0] cpu-comparison-result=120 [max(1 (self) vs 120 (sum children))]
|  JOIN BUILD
|  |  join-table-id=08 plan-id=09 cohort-id=01
|  |  mem-estimate=8B mem-reservation=0B thread-reservation=0 cost=0
|  |
|  105:EXCHANGE [UNPARTITIONED]
|  |  mem-estimate=16.00KB mem-reservation=0B thread-reservation=0
|  |  tuple-ids=34 row-size=8B cardinality=1 cost=0
|  |  in pipelines: 104(GETNEXT)
|  |
|  F29:PLAN FRAGMENT [UNPARTITIONED] hosts=1 instances=1
|  Per-Instance Resources: mem-estimate=184.84KB mem-reservation=0B thread-reservation=1
|  max-parallelism=1 segment-costs=[25, 1] cpu-comparison-result=120 [max(1 (self) vs 120 (sum children))]
|  104:AGGREGATE [FINALIZE]
|  |  output: count:merge(*)
|  |  mem-estimate=16.00KB mem-reservation=0B spill-buffer=2.00MB thread-reservation=0
|  |  tuple-ids=34 row-size=8B cardinality=1 cost=8
|  |  in pipelines: 104(GETNEXT), 47(OPEN)
|  |
|  103:EXCHANGE [UNPARTITIONED]
|  |  mem-estimate=168.84KB mem-reservation=0B thread-reservation=0
|  |  tuple-ids=34 row-size=8B cardinality=120 cost=17
|  |  in pipelines: 47(GETNEXT)
|  |
|  F25:PLAN FRAGMENT [RANDOM] hosts=10 instances=120
|  Per-Host Shared Resources: mem-estimate=1.00MB mem-reservation=1.00MB thread-reservation=0 runtime-filters-memory=1.00MB
|  Per-Instance Resources: mem-estimate=20.02MB mem-reservation=12.00MB thread-reservation=1
|  max-parallelism=170 segment-costs=[1644364547, 123] cpu-comparison-result=120 [max(120 (self) vs 33 (sum children))]
|  144:TUPLE CACHE
|  |  cache key: b24eadbb6359065e17df2cca559cc0c0
|  |  input scan node ids: 40
|  |  estimated serialized size: 1.41KB
|  |  estimated serialized size per node: 144B
|  |  cumulative processing cost: 1644390701
|  |  cache read processing cost: 15
|  |  cache write processing cost: 3
|  |  mem-estimate=4.00MB mem-reservation=4.00MB spill-buffer=2.00MB thread-reservation=0
|  |  tuple-ids=34 row-size=8B cardinality=120 cost=0
|  |  in pipelines: 47(GETNEXT)
|  |
|  47:AGGREGATE
|  |  output: count(*)
|  |  mem-estimate=16.00KB mem-reservation=0B spill-buffer=2.00MB thread-reservation=0
|  |  tuple-ids=34 row-size=8B cardinality=120 cost=279563
|  |  in pipelines: 47(GETNEXT), 40(OPEN)
|  |
|  46:HASH JOIN [INNER JOIN, BROADCAST]
|  |  hash-table-id=09
|  |  hash predicates: ss_store_sk = s_store_sk
|  |  fk/pk conjuncts: ss_store_sk = s_store_sk
|  |  mem-estimate=0B mem-reservation=0B spill-buffer=64.00KB thread-reservation=0
|  |  tuple-ids=30,32,31,33 row-size=56B cardinality=3.99M cost=5833034
|  |  in pipelines: 40(GETNEXT), 43(OPEN)
|  |
|  |--F49:PLAN FRAGMENT [RANDOM] hosts=10 instances=10
|  |  |  Per-Instance Resources: mem-estimate=23.27MB mem-reservation=23.25MB thread-reservation=1
|  |  |  max-parallelism=10 segment-costs=[304]
|  |  JOIN BUILD
|  |  |  join-table-id=09 plan-id=10 cohort-id=04
|  |  |  build expressions: s_store_sk
|  |  |  runtime filters: RF031[min_max] <- s_store_sk
|  |  |  mem-estimate=23.25MB mem-reservation=23.25MB spill-buffer=64.00KB thread-reservation=0 cost=134
|  |  |
|  |  102:EXCHANGE [BROADCAST]
|  |  |  mem-estimate=16.00KB mem-reservation=0B thread-reservation=0
|  |  |  tuple-ids=33 row-size=20B cardinality=134 cost=170
|  |  |  in pipelines: 43(GETNEXT)
|  |  |
|  |  F28:PLAN FRAGMENT [RANDOM] hosts=1 instances=1
|  |  Per-Instance Resources: mem-estimate=20.09MB mem-reservation=4.02MB thread-reservation=1
|  |  max-parallelism=1 segment-costs=[202]
|  |  143:TUPLE CACHE
|  |  |  cache key: ab9f20c95135d17ae26963823541f762
|  |  |  input scan node ids: 43
|  |  |  estimated serialized size: 3.13KB
|  |  |  estimated serialized size per node: 3.13KB
|  |  |  cumulative processing cost: 192
|  |  |  cache read processing cost: 17
|  |  |  cache write processing cost: 8
|  |  |  mem-estimate=4.00MB mem-reservation=4.00MB spill-buffer=2.00MB thread-reservation=0
|  |  |  tuple-ids=33 row-size=20B cardinality=134 cost=0
|  |  |  in pipelines: 43(GETNEXT)
|  |  |
|  |  43:SCAN HDFS [tpcds_partitioned_parquet_snap.store, RANDOM]
|  |     HDFS partitions=1/1 files=1 size=119.76KB
|  |     deterministic scan range assignment: true
|  |     schedule scan ranges oldest to newest: true
|  |     predicates: store.s_store_name = 'ese'
|  |     stored statistics:
|  |       table: rows=1.35K size=119.76KB
|  |       columns: all
|  |     extrapolated-rows=disabled max-scan-range-rows=1.35K
|  |     parquet statistics predicates: store.s_store_name = 'ese'
|  |     parquet dictionary predicates: store.s_store_name = 'ese'
|  |     mem-estimate=16.00MB mem-reservation=16.00KB thread-reservation=0
|  |     tuple-ids=33 row-size=20B cardinality=134 cost=192
|  |     in pipelines: 43(GETNEXT)
|  |
|  45:HASH JOIN [INNER JOIN, BROADCAST]
|  |  hash-table-id=10
|  |  hash predicates: ss_hdemo_sk = household_demographics.hd_demo_sk
|  |  fk/pk conjuncts: ss_hdemo_sk = household_demographics.hd_demo_sk
|  |  mem-estimate=0B mem-reservation=0B spill-buffer=64.00KB thread-reservation=0
|  |  tuple-ids=30,32,31 row-size=36B cardinality=19.92M cost=55952022
|  |  in pipelines: 40(GETNEXT), 41(OPEN)
|  |
|  |--F50:PLAN FRAGMENT [RANDOM] hosts=10 instances=10
|  |  |  Per-Instance Resources: mem-estimate=23.27MB mem-reservation=23.25MB thread-reservation=1
|  |  |  max-parallelism=10 segment-costs=[1670]
|  |  JOIN BUILD
|  |  |  join-table-id=10 plan-id=11 cohort-id=04
|  |  |  build expressions: household_demographics.hd_demo_sk
|  |  |  runtime filters: RF033[min_max] <- household_demographics.hd_demo_sk
|  |  |  mem-estimate=23.25MB mem-reservation=23.25MB spill-buffer=64.00KB thread-reservation=0 cost=720
|  |  |
|  |  101:EXCHANGE [BROADCAST]
|  |  |  mem-estimate=19.69KB mem-reservation=0B thread-reservation=0
|  |  |  tuple-ids=31 row-size=12B cardinality=720 cost=950
|  |  |  in pipelines: 41(GETNEXT)
|  |  |
|  |  F27:PLAN FRAGMENT [RANDOM] hosts=1 instances=1
|  |  Per-Instance Resources: mem-estimate=20.06MB mem-reservation=4.06MB thread-reservation=1
|  |  max-parallelism=1 segment-costs=[1484]
|  |  142:TUPLE CACHE
|  |  |  cache key: 901b3095349f7d48ebd3b93902ddaa89
|  |  |  input scan node ids: 41
|  |  |  estimated serialized size: 11.25KB
|  |  |  estimated serialized size per node: 11.25KB
|  |  |  cumulative processing cost: 1446
|  |  |  cache read processing cost: 95
|  |  |  cache write processing cost: 31
|  |  |  mem-estimate=4.00MB mem-reservation=4.00MB spill-buffer=2.00MB thread-reservation=0
|  |  |  tuple-ids=31 row-size=12B cardinality=720 cost=0
|  |  |  in pipelines: 41(GETNEXT)
|  |  |
|  |  41:SCAN HDFS [tpcds_partitioned_parquet_snap.household_demographics, RANDOM]
|  |     HDFS partitions=1/1 files=1 size=41.69KB
|  |     deterministic scan range assignment: true
|  |     schedule scan ranges oldest to newest: true
|  |     predicates: ((household_demographics.hd_dep_count = CAST(1 AS INT) AND household_demographics.hd_vehicle_count <= CAST(3 AS INT)) OR (household_demographics.hd_dep_count = CAST(2 AS INT) AND household_demographics.hd_vehicle_count <= CAST(4 AS INT)) OR (household_demographics.hd_dep_count = CAST(0 AS INT) AND household_demographics.hd_vehicle_count <= CAST(2 AS INT)))
|  |     stored statistics:
|  |       table: rows=7.20K size=41.69KB
|  |       columns: all
|  |     extrapolated-rows=disabled max-scan-range-rows=7.20K
|  |     mem-estimate=16.00MB mem-reservation=64.00KB thread-reservation=0
|  |     tuple-ids=31 row-size=12B cardinality=720 cost=1446
|  |     in pipelines: 41(GETNEXT)
|  |
|  44:HASH JOIN [INNER JOIN, BROADCAST]
|  |  hash-table-id=11
|  |  hash predicates: ss_sold_time_sk = time_dim.t_time_sk
|  |  fk/pk conjuncts: ss_sold_time_sk = time_dim.t_time_sk
|  |  mem-estimate=0B mem-reservation=0B spill-buffer=64.00KB thread-reservation=0
|  |  tuple-ids=30,32 row-size=24B cardinality=204.06M(filtered from 204.06M) cost=89319127
|  |  in pipelines: 40(GETNEXT), 42(OPEN)
|  |
|  |--F51:PLAN FRAGMENT [RANDOM] hosts=10 instances=10
|  |  |  Per-Instance Resources: mem-estimate=24.28MB mem-reservation=24.25MB thread-reservation=1 runtime-filters-memory=1.00MB
|  |  |  max-parallelism=10 segment-costs=[2648]
|  |  JOIN BUILD
|  |  |  join-table-id=11 plan-id=12 cohort-id=04
|  |  |  build expressions: time_dim.t_time_sk
|  |  |  runtime filters: RF034[bloom] <- time_dim.t_time_sk, RF035[min_max] <- time_dim.t_time_sk
|  |  |  mem-estimate=23.25MB mem-reservation=23.25MB spill-buffer=64.00KB thread-reservation=0 cost=1138
|  |  |
|  |  100:EXCHANGE [BROADCAST]
|  |  |  mem-estimate=29.34KB mem-reservation=0B thread-reservation=0
|  |  |  tuple-ids=32 row-size=12B cardinality=1.14K cost=1510
|  |  |  in pipelines: 42(GETNEXT)
|  |  |
|  |  F26:PLAN FRAGMENT [RANDOM] hosts=1 instances=1
|  |  Per-Instance Resources: mem-estimate=20.06MB mem-reservation=4.50MB thread-reservation=1
|  |  max-parallelism=1 segment-costs=[19846]
|  |  141:TUPLE CACHE
|  |  |  cache key: 9562ada9b80ddbaf84ccf3eef19966b2
|  |  |  input scan node ids: 42
|  |  |  estimated serialized size: 17.78KB
|  |  |  estimated serialized size per node: 17.78KB
|  |  |  cumulative processing cost: 19785
|  |  |  cache read processing cost: 151
|  |  |  cache write processing cost: 49
|  |  |  mem-estimate=4.00MB mem-reservation=4.00MB spill-buffer=2.00MB thread-reservation=0
|  |  |  tuple-ids=32 row-size=12B cardinality=1.14K cost=0
|  |  |  in pipelines: 42(GETNEXT)
|  |  |
|  |  42:SCAN HDFS [tpcds_partitioned_parquet_snap.time_dim, RANDOM]
|  |     HDFS partitions=1/1 files=1 size=1.31MB
|  |     deterministic scan range assignment: true
|  |     schedule scan ranges oldest to newest: true
|  |     predicates: time_dim.t_hour = CAST(11 AS INT), time_dim.t_minute < CAST(30 AS INT)
|  |     stored statistics:
|  |       table: rows=86.40K size=1.31MB
|  |       columns: all
|  |     extrapolated-rows=disabled max-scan-range-rows=86.40K
|  |     parquet statistics predicates: time_dim.t_hour = CAST(11 AS INT), time_dim.t_minute < CAST(30 AS INT)
|  |     parquet dictionary predicates: time_dim.t_hour = CAST(11 AS INT), time_dim.t_minute < CAST(30 AS INT)
|  |     mem-estimate=16.00MB mem-reservation=512.00KB thread-reservation=0
|  |     tuple-ids=32 row-size=12B cardinality=1.14K cost=19785
|  |     in pipelines: 42(GETNEXT)
|  |
|  40:SCAN HDFS [tpcds_partitioned_parquet_snap.store_sales, RANDOM]
|     HDFS partitions=1824/1824 files=1824 size=389.90GB
|     deterministic scan range assignment: true
|     schedule scan ranges oldest to newest: true
|     runtime filters: RF035[min_max] -> ss_sold_time_sk, RF033[min_max] -> ss_hdemo_sk, RF031[min_max] -> ss_store_sk, RF034[bloom] -> ss_sold_time_sk
|     stored statistics:
|       table: rows=8.64G size=389.90GB
|       partitions: 1824/1824 rows=8.64G
|       columns: all
|     extrapolated-rows=disabled max-scan-range-rows=390.22M
|     mem-estimate=16.00MB mem-reservation=8.00MB thread-reservation=0
|     tuple-ids=30 row-size=12B cardinality=204.06M(filtered from 8.64G) cost=1492980801
|     in pipelines: 40(GETNEXT)
|
67:NESTED LOOP JOIN [CROSS JOIN, BROADCAST]
|  join table id: 12
|  mem-estimate=0B mem-reservation=0B thread-reservation=0
|  tuple-ids=4,10,16,22,28 row-size=40B cardinality=1 cost=0
|  in pipelines: 75(GETNEXT), 98(OPEN)
|
|--F52:PLAN FRAGMENT [UNPARTITIONED] hosts=1 instances=1
|  |  Per-Instance Resources: mem-estimate=16.01KB mem-reservation=0B thread-reservation=1
|  |  max-parallelism=1 segment-costs=[0] cpu-comparison-result=120 [max(1 (self) vs 120 (sum children))]
|  JOIN BUILD
|  |  join-table-id=12 plan-id=13 cohort-id=01
|  |  mem-estimate=8B mem-reservation=0B thread-reservation=0 cost=0
|  |
|  99:EXCHANGE [UNPARTITIONED]
|  |  mem-estimate=16.00KB mem-reservation=0B thread-reservation=0
|  |  tuple-ids=28 row-size=8B cardinality=1 cost=0
|  |  in pipelines: 98(GETNEXT)
|  |
|  F24:PLAN FRAGMENT [UNPARTITIONED] hosts=1 instances=1
|  Per-Instance Resources: mem-estimate=184.84KB mem-reservation=0B thread-reservation=1
|  max-parallelism=1 segment-costs=[25, 1] cpu-comparison-result=120 [max(1 (self) vs 120 (sum children))]
|  98:AGGREGATE [FINALIZE]
|  |  output: count:merge(*)
|  |  mem-estimate=16.00KB mem-reservation=0B spill-buffer=2.00MB thread-reservation=0
|  |  tuple-ids=28 row-size=8B cardinality=1 cost=8
|  |  in pipelines: 98(GETNEXT), 39(OPEN)
|  |
|  97:EXCHANGE [UNPARTITIONED]
|  |  mem-estimate=168.84KB mem-reservation=0B thread-reservation=0
|  |  tuple-ids=28 row-size=8B cardinality=120 cost=17
|  |  in pipelines: 39(GETNEXT)
|  |
|  F20:PLAN FRAGMENT [RANDOM] hosts=10 instances=120
|  Per-Host Shared Resources: mem-estimate=1.00MB mem-reservation=1.00MB thread-reservation=0 runtime-filters-memory=1.00MB
|  Per-Instance Resources: mem-estimate=20.02MB mem-reservation=12.00MB thread-reservation=1
|  max-parallelism=170 segment-costs=[1644364547, 123] cpu-comparison-result=120 [max(120 (self) vs 33 (sum children))]
|  140:TUPLE CACHE
|  |  cache key: 91907ab2bd53640a45c277475e1144dc
|  |  input scan node ids: 32
|  |  estimated serialized size: 1.41KB
|  |  estimated serialized size per node: 144B
|  |  cumulative processing cost: 1644390701
|  |  cache read processing cost: 15
|  |  cache write processing cost: 3
|  |  mem-estimate=4.00MB mem-reservation=4.00MB spill-buffer=2.00MB thread-reservation=0
|  |  tuple-ids=28 row-size=8B cardinality=120 cost=0
|  |  in pipelines: 39(GETNEXT)
|  |
|  39:AGGREGATE
|  |  output: count(*)
|  |  mem-estimate=16.00KB mem-reservation=0B spill-buffer=2.00MB thread-reservation=0
|  |  tuple-ids=28 row-size=8B cardinality=120 cost=279563
|  |  in pipelines: 39(GETNEXT), 32(OPEN)
|  |
|  38:HASH JOIN [INNER JOIN, BROADCAST]
|  |  hash-table-id=13
|  |  hash predicates: ss_store_sk = s_store_sk
|  |  fk/pk conjuncts: ss_store_sk = s_store_sk
|  |  mem-estimate=0B mem-reservation=0B spill-buffer=64.00KB thread-reservation=0
|  |  tuple-ids=24,26,25,27 row-size=56B cardinality=3.99M cost=5833034
|  |  in pipelines: 32(GETNEXT), 35(OPEN)
|  |
|  |--F53:PLAN FRAGMENT [RANDOM] hosts=10 instances=10
|  |  |  Per-Instance Resources: mem-estimate=23.27MB mem-reservation=23.25MB thread-reservation=1
|  |  |  max-parallelism=10 segment-costs=[304]
|  |  JOIN BUILD
|  |  |  join-table-id=13 plan-id=14 cohort-id=05
|  |  |  build expressions: s_store_sk
|  |  |  runtime filters: RF025[min_max] <- s_store_sk
|  |  |  mem-estimate=23.25MB mem-reservation=23.25MB spill-buffer=64.00KB thread-reservation=0 cost=134
|  |  |
|  |  96:EXCHANGE [BROADCAST]
|  |  |  mem-estimate=16.00KB mem-reservation=0B thread-reservation=0
|  |  |  tuple-ids=27 row-size=20B cardinality=134 cost=170
|  |  |  in pipelines: 35(GETNEXT)
|  |  |
|  |  F23:PLAN FRAGMENT [RANDOM] hosts=1 instances=1
|  |  Per-Instance Resources: mem-estimate=20.09MB mem-reservation=4.02MB thread-reservation=1
|  |  max-parallelism=1 segment-costs=[202]
|  |  139:TUPLE CACHE
|  |  |  cache key: ab9f20c95135d17ae26963823541f762
|  |  |  input scan node ids: 35
|  |  |  estimated serialized size: 3.13KB
|  |  |  estimated serialized size per node: 3.13KB
|  |  |  cumulative processing cost: 192
|  |  |  cache read processing cost: 17
|  |  |  cache write processing cost: 8
|  |  |  mem-estimate=4.00MB mem-reservation=4.00MB spill-buffer=2.00MB thread-reservation=0
|  |  |  tuple-ids=27 row-size=20B cardinality=134 cost=0
|  |  |  in pipelines: 35(GETNEXT)
|  |  |
|  |  35:SCAN HDFS [tpcds_partitioned_parquet_snap.store, RANDOM]
|  |     HDFS partitions=1/1 files=1 size=119.76KB
|  |     deterministic scan range assignment: true
|  |     schedule scan ranges oldest to newest: true
|  |     predicates: store.s_store_name = 'ese'
|  |     stored statistics:
|  |       table: rows=1.35K size=119.76KB
|  |       columns: all
|  |     extrapolated-rows=disabled max-scan-range-rows=1.35K
|  |     parquet statistics predicates: store.s_store_name = 'ese'
|  |     parquet dictionary predicates: store.s_store_name = 'ese'
|  |     mem-estimate=16.00MB mem-reservation=16.00KB thread-reservation=0
|  |     tuple-ids=27 row-size=20B cardinality=134 cost=192
|  |     in pipelines: 35(GETNEXT)
|  |
|  37:HASH JOIN [INNER JOIN, BROADCAST]
|  |  hash-table-id=14
|  |  hash predicates: ss_hdemo_sk = household_demographics.hd_demo_sk
|  |  fk/pk conjuncts: ss_hdemo_sk = household_demographics.hd_demo_sk
|  |  mem-estimate=0B mem-reservation=0B spill-buffer=64.00KB thread-reservation=0
|  |  tuple-ids=24,26,25 row-size=36B cardinality=19.92M cost=55952022
|  |  in pipelines: 32(GETNEXT), 33(OPEN)
|  |
|  |--F54:PLAN FRAGMENT [RANDOM] hosts=10 instances=10
|  |  |  Per-Instance Resources: mem-estimate=23.27MB mem-reservation=23.25MB thread-reservation=1
|  |  |  max-parallelism=10 segment-costs=[1670]
|  |  JOIN BUILD
|  |  |  join-table-id=14 plan-id=15 cohort-id=05
|  |  |  build expressions: household_demographics.hd_demo_sk
|  |  |  runtime filters: RF027[min_max] <- household_demographics.hd_demo_sk
|  |  |  mem-estimate=23.25MB mem-reservation=23.25MB spill-buffer=64.00KB thread-reservation=0 cost=720
|  |  |
|  |  95:EXCHANGE [BROADCAST]
|  |  |  mem-estimate=19.69KB mem-reservation=0B thread-reservation=0
|  |  |  tuple-ids=25 row-size=12B cardinality=720 cost=950
|  |  |  in pipelines: 33(GETNEXT)
|  |  |
|  |  F22:PLAN FRAGMENT [RANDOM] hosts=1 instances=1
|  |  Per-Instance Resources: mem-estimate=20.06MB mem-reservation=4.06MB thread-reservation=1
|  |  max-parallelism=1 segment-costs=[1484]
|  |  138:TUPLE CACHE
|  |  |  cache key: 901b3095349f7d48ebd3b93902ddaa89
|  |  |  input scan node ids: 33
|  |  |  estimated serialized size: 11.25KB
|  |  |  estimated serialized size per node: 11.25KB
|  |  |  cumulative processing cost: 1446
|  |  |  cache read processing cost: 95
|  |  |  cache write processing cost: 31
|  |  |  mem-estimate=4.00MB mem-reservation=4.00MB spill-buffer=2.00MB thread-reservation=0
|  |  |  tuple-ids=25 row-size=12B cardinality=720 cost=0
|  |  |  in pipelines: 33(GETNEXT)
|  |  |
|  |  33:SCAN HDFS [tpcds_partitioned_parquet_snap.household_demographics, RANDOM]
|  |     HDFS partitions=1/1 files=1 size=41.69KB
|  |     deterministic scan range assignment: true
|  |     schedule scan ranges oldest to newest: true
|  |     predicates: ((household_demographics.hd_dep_count = CAST(1 AS INT) AND household_demographics.hd_vehicle_count <= CAST(3 AS INT)) OR (household_demographics.hd_dep_count = CAST(2 AS INT) AND household_demographics.hd_vehicle_count <= CAST(4 AS INT)) OR (household_demographics.hd_dep_count = CAST(0 AS INT) AND household_demographics.hd_vehicle_count <= CAST(2 AS INT)))
|  |     stored statistics:
|  |       table: rows=7.20K size=41.69KB
|  |       columns: all
|  |     extrapolated-rows=disabled max-scan-range-rows=7.20K
|  |     mem-estimate=16.00MB mem-reservation=64.00KB thread-reservation=0
|  |     tuple-ids=25 row-size=12B cardinality=720 cost=1446
|  |     in pipelines: 33(GETNEXT)
|  |
|  36:HASH JOIN [INNER JOIN, BROADCAST]
|  |  hash-table-id=15
|  |  hash predicates: ss_sold_time_sk = time_dim.t_time_sk
|  |  fk/pk conjuncts: ss_sold_time_sk = time_dim.t_time_sk
|  |  mem-estimate=0B mem-reservation=0B spill-buffer=64.00KB thread-reservation=0
|  |  tuple-ids=24,26 row-size=24B cardinality=204.06M(filtered from 204.06M) cost=89319127
|  |  in pipelines: 32(GETNEXT), 34(OPEN)
|  |
|  |--F55:PLAN FRAGMENT [RANDOM] hosts=10 instances=10
|  |  |  Per-Instance Resources: mem-estimate=24.28MB mem-reservation=24.25MB thread-reservation=1 runtime-filters-memory=1.00MB
|  |  |  max-parallelism=10 segment-costs=[2648]
|  |  JOIN BUILD
|  |  |  join-table-id=15 plan-id=16 cohort-id=05
|  |  |  build expressions: time_dim.t_time_sk
|  |  |  runtime filters: RF028[bloom] <- time_dim.t_time_sk, RF029[min_max] <- time_dim.t_time_sk
|  |  |  mem-estimate=23.25MB mem-reservation=23.25MB spill-buffer=64.00KB thread-reservation=0 cost=1138
|  |  |
|  |  94:EXCHANGE [BROADCAST]
|  |  |  mem-estimate=29.34KB mem-reservation=0B thread-reservation=0
|  |  |  tuple-ids=26 row-size=12B cardinality=1.14K cost=1510
|  |  |  in pipelines: 34(GETNEXT)
|  |  |
|  |  F21:PLAN FRAGMENT [RANDOM] hosts=1 instances=1
|  |  Per-Instance Resources: mem-estimate=20.06MB mem-reservation=4.50MB thread-reservation=1
|  |  max-parallelism=1 segment-costs=[19846]
|  |  137:TUPLE CACHE
|  |  |  cache key: ff5314c9d3ae042e927930bb3b7b3918
|  |  |  input scan node ids: 34
|  |  |  estimated serialized size: 17.78KB
|  |  |  estimated serialized size per node: 17.78KB
|  |  |  cumulative processing cost: 19785
|  |  |  cache read processing cost: 151
|  |  |  cache write processing cost: 49
|  |  |  mem-estimate=4.00MB mem-reservation=4.00MB spill-buffer=2.00MB thread-reservation=0
|  |  |  tuple-ids=26 row-size=12B cardinality=1.14K cost=0
|  |  |  in pipelines: 34(GETNEXT)
|  |  |
|  |  34:SCAN HDFS [tpcds_partitioned_parquet_snap.time_dim, RANDOM]
|  |     HDFS partitions=1/1 files=1 size=1.31MB
|  |     deterministic scan range assignment: true
|  |     schedule scan ranges oldest to newest: true
|  |     predicates: time_dim.t_hour = CAST(10 AS INT), time_dim.t_minute >= CAST(30 AS INT)
|  |     stored statistics:
|  |       table: rows=86.40K size=1.31MB
|  |       columns: all
|  |     extrapolated-rows=disabled max-scan-range-rows=86.40K
|  |     parquet statistics predicates: time_dim.t_hour = CAST(10 AS INT), time_dim.t_minute >= CAST(30 AS INT)
|  |     parquet dictionary predicates: time_dim.t_hour = CAST(10 AS INT), time_dim.t_minute >= CAST(30 AS INT)
|  |     mem-estimate=16.00MB mem-reservation=512.00KB thread-reservation=0
|  |     tuple-ids=26 row-size=12B cardinality=1.14K cost=19785
|  |     in pipelines: 34(GETNEXT)
|  |
|  32:SCAN HDFS [tpcds_partitioned_parquet_snap.store_sales, RANDOM]
|     HDFS partitions=1824/1824 files=1824 size=389.90GB
|     deterministic scan range assignment: true
|     schedule scan ranges oldest to newest: true
|     runtime filters: RF029[min_max] -> ss_sold_time_sk, RF027[min_max] -> ss_hdemo_sk, RF025[min_max] -> ss_store_sk, RF028[bloom] -> ss_sold_time_sk
|     stored statistics:
|       table: rows=8.64G size=389.90GB
|       partitions: 1824/1824 rows=8.64G
|       columns: all
|     extrapolated-rows=disabled max-scan-range-rows=390.22M
|     mem-estimate=16.00MB mem-reservation=8.00MB thread-reservation=0
|     tuple-ids=24 row-size=12B cardinality=204.06M(filtered from 8.64G) cost=1492980801
|     in pipelines: 32(GETNEXT)
|
66:NESTED LOOP JOIN [CROSS JOIN, BROADCAST]
|  join table id: 16
|  mem-estimate=0B mem-reservation=0B thread-reservation=0
|  tuple-ids=4,10,16,22 row-size=32B cardinality=1 cost=0
|  in pipelines: 75(GETNEXT), 92(OPEN)
|
|--F56:PLAN FRAGMENT [UNPARTITIONED] hosts=1 instances=1
|  |  Per-Instance Resources: mem-estimate=16.01KB mem-reservation=0B thread-reservation=1
|  |  max-parallelism=1 segment-costs=[0] cpu-comparison-result=120 [max(1 (self) vs 120 (sum children))]
|  JOIN BUILD
|  |  join-table-id=16 plan-id=17 cohort-id=01
|  |  mem-estimate=8B mem-reservation=0B thread-reservation=0 cost=0
|  |
|  93:EXCHANGE [UNPARTITIONED]
|  |  mem-estimate=16.00KB mem-reservation=0B thread-reservation=0
|  |  tuple-ids=22 row-size=8B cardinality=1 cost=0
|  |  in pipelines: 92(GETNEXT)
|  |
|  F19:PLAN FRAGMENT [UNPARTITIONED] hosts=1 instances=1
|  Per-Instance Resources: mem-estimate=184.84KB mem-reservation=0B thread-reservation=1
|  max-parallelism=1 segment-costs=[25, 1] cpu-comparison-result=120 [max(1 (self) vs 120 (sum children))]
|  92:AGGREGATE [FINALIZE]
|  |  output: count:merge(*)
|  |  mem-estimate=16.00KB mem-reservation=0B spill-buffer=2.00MB thread-reservation=0
|  |  tuple-ids=22 row-size=8B cardinality=1 cost=8
|  |  in pipelines: 92(GETNEXT), 31(OPEN)
|  |
|  91:EXCHANGE [UNPARTITIONED]
|  |  mem-estimate=168.84KB mem-reservation=0B thread-reservation=0
|  |  tuple-ids=22 row-size=8B cardinality=120 cost=17
|  |  in pipelines: 31(GETNEXT)
|  |
|  F15:PLAN FRAGMENT [RANDOM] hosts=10 instances=120
|  Per-Host Shared Resources: mem-estimate=1.00MB mem-reservation=1.00MB thread-reservation=0 runtime-filters-memory=1.00MB
|  Per-Instance Resources: mem-estimate=20.02MB mem-reservation=12.00MB thread-reservation=1
|  max-parallelism=170 segment-costs=[1644364547, 123] cpu-comparison-result=120 [max(120 (self) vs 33 (sum children))]
|  136:TUPLE CACHE
|  |  cache key: c406ad45384988c4f6e084b19b21b92a
|  |  input scan node ids: 24
|  |  estimated serialized size: 1.41KB
|  |  estimated serialized size per node: 144B
|  |  cumulative processing cost: 1644390701
|  |  cache read processing cost: 15
|  |  cache write processing cost: 3
|  |  mem-estimate=4.00MB mem-reservation=4.00MB spill-buffer=2.00MB thread-reservation=0
|  |  tuple-ids=22 row-size=8B cardinality=120 cost=0
|  |  in pipelines: 31(GETNEXT)
|  |
|  31:AGGREGATE
|  |  output: count(*)
|  |  mem-estimate=16.00KB mem-reservation=0B spill-buffer=2.00MB thread-reservation=0
|  |  tuple-ids=22 row-size=8B cardinality=120 cost=279563
|  |  in pipelines: 31(GETNEXT), 24(OPEN)
|  |
|  30:HASH JOIN [INNER JOIN, BROADCAST]
|  |  hash-table-id=17
|  |  hash predicates: ss_store_sk = s_store_sk
|  |  fk/pk conjuncts: ss_store_sk = s_store_sk
|  |  mem-estimate=0B mem-reservation=0B spill-buffer=64.00KB thread-reservation=0
|  |  tuple-ids=18,20,19,21 row-size=56B cardinality=3.99M cost=5833034
|  |  in pipelines: 24(GETNEXT), 27(OPEN)
|  |
|  |--F57:PLAN FRAGMENT [RANDOM] hosts=10 instances=10
|  |  |  Per-Instance Resources: mem-estimate=23.27MB mem-reservation=23.25MB thread-reservation=1
|  |  |  max-parallelism=10 segment-costs=[304]
|  |  JOIN BUILD
|  |  |  join-table-id=17 plan-id=18 cohort-id=06
|  |  |  build expressions: s_store_sk
|  |  |  runtime filters: RF019[min_max] <- s_store_sk
|  |  |  mem-estimate=23.25MB mem-reservation=23.25MB spill-buffer=64.00KB thread-reservation=0 cost=134
|  |  |
|  |  90:EXCHANGE [BROADCAST]
|  |  |  mem-estimate=16.00KB mem-reservation=0B thread-reservation=0
|  |  |  tuple-ids=21 row-size=20B cardinality=134 cost=170
|  |  |  in pipelines: 27(GETNEXT)
|  |  |
|  |  F18:PLAN FRAGMENT [RANDOM] hosts=1 instances=1
|  |  Per-Instance Resources: mem-estimate=20.09MB mem-reservation=4.02MB thread-reservation=1
|  |  max-parallelism=1 segment-costs=[202]
|  |  135:TUPLE CACHE
|  |  |  cache key: ab9f20c95135d17ae26963823541f762
|  |  |  input scan node ids: 27
|  |  |  estimated serialized size: 3.13KB
|  |  |  estimated serialized size per node: 3.13KB
|  |  |  cumulative processing cost: 192
|  |  |  cache read processing cost: 17
|  |  |  cache write processing cost: 8
|  |  |  mem-estimate=4.00MB mem-reservation=4.00MB spill-buffer=2.00MB thread-reservation=0
|  |  |  tuple-ids=21 row-size=20B cardinality=134 cost=0
|  |  |  in pipelines: 27(GETNEXT)
|  |  |
|  |  27:SCAN HDFS [tpcds_partitioned_parquet_snap.store, RANDOM]
|  |     HDFS partitions=1/1 files=1 size=119.76KB
|  |     deterministic scan range assignment: true
|  |     schedule scan ranges oldest to newest: true
|  |     predicates: store.s_store_name = 'ese'
|  |     stored statistics:
|  |       table: rows=1.35K size=119.76KB
|  |       columns: all
|  |     extrapolated-rows=disabled max-scan-range-rows=1.35K
|  |     parquet statistics predicates: store.s_store_name = 'ese'
|  |     parquet dictionary predicates: store.s_store_name = 'ese'
|  |     mem-estimate=16.00MB mem-reservation=16.00KB thread-reservation=0
|  |     tuple-ids=21 row-size=20B cardinality=134 cost=192
|  |     in pipelines: 27(GETNEXT)
|  |
|  29:HASH JOIN [INNER JOIN, BROADCAST]
|  |  hash-table-id=18
|  |  hash predicates: ss_hdemo_sk = household_demographics.hd_demo_sk
|  |  fk/pk conjuncts: ss_hdemo_sk = household_demographics.hd_demo_sk
|  |  mem-estimate=0B mem-reservation=0B spill-buffer=64.00KB thread-reservation=0
|  |  tuple-ids=18,20,19 row-size=36B cardinality=19.92M cost=55952022
|  |  in pipelines: 24(GETNEXT), 25(OPEN)
|  |
|  |--F58:PLAN FRAGMENT [RANDOM] hosts=10 instances=10
|  |  |  Per-Instance Resources: mem-estimate=23.27MB mem-reservation=23.25MB thread-reservation=1
|  |  |  max-parallelism=10 segment-costs=[1670]
|  |  JOIN BUILD
|  |  |  join-table-id=18 plan-id=19 cohort-id=06
|  |  |  build expressions: household_demographics.hd_demo_sk
|  |  |  runtime filters: RF021[min_max] <- household_demographics.hd_demo_sk
|  |  |  mem-estimate=23.25MB mem-reservation=23.25MB spill-buffer=64.00KB thread-reservation=0 cost=720
|  |  |
|  |  89:EXCHANGE [BROADCAST]
|  |  |  mem-estimate=19.69KB mem-reservation=0B thread-reservation=0
|  |  |  tuple-ids=19 row-size=12B cardinality=720 cost=950
|  |  |  in pipelines: 25(GETNEXT)
|  |  |
|  |  F17:PLAN FRAGMENT [RANDOM] hosts=1 instances=1
|  |  Per-Instance Resources: mem-estimate=20.06MB mem-reservation=4.06MB thread-reservation=1
|  |  max-parallelism=1 segment-costs=[1484]
|  |  134:TUPLE CACHE
|  |  |  cache key: 901b3095349f7d48ebd3b93902ddaa89
|  |  |  input scan node ids: 25
|  |  |  estimated serialized size: 11.25KB
|  |  |  estimated serialized size per node: 11.25KB
|  |  |  cumulative processing cost: 1446
|  |  |  cache read processing cost: 95
|  |  |  cache write processing cost: 31
|  |  |  mem-estimate=4.00MB mem-reservation=4.00MB spill-buffer=2.00MB thread-reservation=0
|  |  |  tuple-ids=19 row-size=12B cardinality=720 cost=0
|  |  |  in pipelines: 25(GETNEXT)
|  |  |
|  |  25:SCAN HDFS [tpcds_partitioned_parquet_snap.household_demographics, RANDOM]
|  |     HDFS partitions=1/1 files=1 size=41.69KB
|  |     deterministic scan range assignment: true
|  |     schedule scan ranges oldest to newest: true
|  |     predicates: ((household_demographics.hd_dep_count = CAST(1 AS INT) AND household_demographics.hd_vehicle_count <= CAST(3 AS INT)) OR (household_demographics.hd_dep_count = CAST(2 AS INT) AND household_demographics.hd_vehicle_count <= CAST(4 AS INT)) OR (household_demographics.hd_dep_count = CAST(0 AS INT) AND household_demographics.hd_vehicle_count <= CAST(2 AS INT)))
|  |     stored statistics:
|  |       table: rows=7.20K size=41.69KB
|  |       columns: all
|  |     extrapolated-rows=disabled max-scan-range-rows=7.20K
|  |     mem-estimate=16.00MB mem-reservation=64.00KB thread-reservation=0
|  |     tuple-ids=19 row-size=12B cardinality=720 cost=1446
|  |     in pipelines: 25(GETNEXT)
|  |
|  28:HASH JOIN [INNER JOIN, BROADCAST]
|  |  hash-table-id=19
|  |  hash predicates: ss_sold_time_sk = time_dim.t_time_sk
|  |  fk/pk conjuncts: ss_sold_time_sk = time_dim.t_time_sk
|  |  mem-estimate=0B mem-reservation=0B spill-buffer=64.00KB thread-reservation=0
|  |  tuple-ids=18,20 row-size=24B cardinality=204.06M(filtered from 204.06M) cost=89319127
|  |  in pipelines: 24(GETNEXT), 26(OPEN)
|  |
|  |--F59:PLAN FRAGMENT [RANDOM] hosts=10 instances=10
|  |  |  Per-Instance Resources: mem-estimate=24.28MB mem-reservation=24.25MB thread-reservation=1 runtime-filters-memory=1.00MB
|  |  |  max-parallelism=10 segment-costs=[2648]
|  |  JOIN BUILD
|  |  |  join-table-id=19 plan-id=20 cohort-id=06
|  |  |  build expressions: time_dim.t_time_sk
|  |  |  runtime filters: RF022[bloom] <- time_dim.t_time_sk, RF023[min_max] <- time_dim.t_time_sk
|  |  |  mem-estimate=23.25MB mem-reservation=23.25MB spill-buffer=64.00KB thread-reservation=0 cost=1138
|  |  |
|  |  88:EXCHANGE [BROADCAST]
|  |  |  mem-estimate=29.34KB mem-reservation=0B thread-reservation=0
|  |  |  tuple-ids=20 row-size=12B cardinality=1.14K cost=1510
|  |  |  in pipelines: 26(GETNEXT)
|  |  |
|  |  F16:PLAN FRAGMENT [RANDOM] hosts=1 instances=1
|  |  Per-Instance Resources: mem-estimate=20.06MB mem-reservation=4.50MB thread-reservation=1
|  |  max-parallelism=1 segment-costs=[19846]
|  |  133:TUPLE CACHE
|  |  |  cache key: 16e808b1daa3faa0c20780bf648f5d94
|  |  |  input scan node ids: 26
|  |  |  estimated serialized size: 17.78KB
|  |  |  estimated serialized size per node: 17.78KB
|  |  |  cumulative processing cost: 19785
|  |  |  cache read processing cost: 151
|  |  |  cache write processing cost: 49
|  |  |  mem-estimate=4.00MB mem-reservation=4.00MB spill-buffer=2.00MB thread-reservation=0
|  |  |  tuple-ids=20 row-size=12B cardinality=1.14K cost=0
|  |  |  in pipelines: 26(GETNEXT)
|  |  |
|  |  26:SCAN HDFS [tpcds_partitioned_parquet_snap.time_dim, RANDOM]
|  |     HDFS partitions=1/1 files=1 size=1.31MB
|  |     deterministic scan range assignment: true
|  |     schedule scan ranges oldest to newest: true
|  |     predicates: time_dim.t_hour = CAST(10 AS INT), time_dim.t_minute < CAST(30 AS INT)
|  |     stored statistics:
|  |       table: rows=86.40K size=1.31MB
|  |       columns: all
|  |     extrapolated-rows=disabled max-scan-range-rows=86.40K
|  |     parquet statistics predicates: time_dim.t_hour = CAST(10 AS INT), time_dim.t_minute < CAST(30 AS INT)
|  |     parquet dictionary predicates: time_dim.t_hour = CAST(10 AS INT), time_dim.t_minute < CAST(30 AS INT)
|  |     mem-estimate=16.00MB mem-reservation=512.00KB thread-reservation=0
|  |     tuple-ids=20 row-size=12B cardinality=1.14K cost=19785
|  |     in pipelines: 26(GETNEXT)
|  |
|  24:SCAN HDFS [tpcds_partitioned_parquet_snap.store_sales, RANDOM]
|     HDFS partitions=1824/1824 files=1824 size=389.90GB
|     deterministic scan range assignment: true
|     schedule scan ranges oldest to newest: true
|     runtime filters: RF023[min_max] -> ss_sold_time_sk, RF021[min_max] -> ss_hdemo_sk, RF019[min_max] -> ss_store_sk, RF022[bloom] -> ss_sold_time_sk
|     stored statistics:
|       table: rows=8.64G size=389.90GB
|       partitions: 1824/1824 rows=8.64G
|       columns: all
|     extrapolated-rows=disabled max-scan-range-rows=390.22M
|     mem-estimate=16.00MB mem-reservation=8.00MB thread-reservation=0
|     tuple-ids=18 row-size=12B cardinality=204.06M(filtered from 8.64G) cost=1492980801
|     in pipelines: 24(GETNEXT)
|
65:NESTED LOOP JOIN [CROSS JOIN, BROADCAST]
|  join table id: 20
|  mem-estimate=0B mem-reservation=0B thread-reservation=0
|  tuple-ids=4,10,16 row-size=24B cardinality=1 cost=0
|  in pipelines: 75(GETNEXT), 86(OPEN)
|
|--F60:PLAN FRAGMENT [UNPARTITIONED] hosts=1 instances=1
|  |  Per-Instance Resources: mem-estimate=16.01KB mem-reservation=0B thread-reservation=1
|  |  max-parallelism=1 segment-costs=[0] cpu-comparison-result=120 [max(1 (self) vs 120 (sum children))]
|  JOIN BUILD
|  |  join-table-id=20 plan-id=21 cohort-id=01
|  |  mem-estimate=8B mem-reservation=0B thread-reservation=0 cost=0
|  |
|  87:EXCHANGE [UNPARTITIONED]
|  |  mem-estimate=16.00KB mem-reservation=0B thread-reservation=0
|  |  tuple-ids=16 row-size=8B cardinality=1 cost=0
|  |  in pipelines: 86(GETNEXT)
|  |
|  F14:PLAN FRAGMENT [UNPARTITIONED] hosts=1 instances=1
|  Per-Instance Resources: mem-estimate=184.84KB mem-reservation=0B thread-reservation=1
|  max-parallelism=1 segment-costs=[25, 1] cpu-comparison-result=120 [max(1 (self) vs 120 (sum children))]
|  86:AGGREGATE [FINALIZE]
|  |  output: count:merge(*)
|  |  mem-estimate=16.00KB mem-reservation=0B spill-buffer=2.00MB thread-reservation=0
|  |  tuple-ids=16 row-size=8B cardinality=1 cost=8
|  |  in pipelines: 86(GETNEXT), 23(OPEN)
|  |
|  85:EXCHANGE [UNPARTITIONED]
|  |  mem-estimate=168.84KB mem-reservation=0B thread-reservation=0
|  |  tuple-ids=16 row-size=8B cardinality=120 cost=17
|  |  in pipelines: 23(GETNEXT)
|  |
|  F10:PLAN FRAGMENT [RANDOM] hosts=10 instances=120
|  Per-Host Shared Resources: mem-estimate=1.00MB mem-reservation=1.00MB thread-reservation=0 runtime-filters-memory=1.00MB
|  Per-Instance Resources: mem-estimate=24.02MB mem-reservation=16.00MB thread-reservation=1
|  max-parallelism=170 segment-costs=[1644364547, 123] cpu-comparison-result=120 [max(120 (self) vs 33 (sum children))]
|  132:TUPLE CACHE
|  |  cache key: e8fc668f792566c5ca0a6b834a983f75
|  |  input scan node ids: 16
|  |  estimated serialized size: 1.41KB
|  |  estimated serialized size per node: 144B
|  |  cumulative processing cost: 1644390701
|  |  cache read processing cost: 15
|  |  cache write processing cost: 3
|  |  mem-estimate=4.00MB mem-reservation=4.00MB spill-buffer=2.00MB thread-reservation=0
|  |  tuple-ids=16 row-size=8B cardinality=120 cost=0
|  |  in pipelines: 23(GETNEXT)
|  |
|  23:AGGREGATE
|  |  output: count(*)
|  |  mem-estimate=16.00KB mem-reservation=0B spill-buffer=2.00MB thread-reservation=0
|  |  tuple-ids=16 row-size=8B cardinality=120 cost=279563
|  |  in pipelines: 23(GETNEXT), 16(OPEN)
|  |
|  131:TUPLE CACHE
|  |  cache key: 0a337a4ebc9bbe8dee2ab8b790346f7c
|  |  input scan node ids: 16
|  |  estimated serialized size: 274.00MB
|  |  estimated serialized size per node: 27.40MB
|  |  cumulative processing cost: 1644111138
|  |  cache read processing cost: 530770
|  |  cache write processing cost: 775728
|  |  mem-estimate=4.00MB mem-reservation=4.00MB spill-buffer=2.00MB thread-reservation=0
|  |  tuple-ids=12,14,13,15 row-size=56B cardinality=3.99M cost=0
|  |  in pipelines: 16(GETNEXT)
|  |
|  22:HASH JOIN [INNER JOIN, BROADCAST]
|  |  hash-table-id=21
|  |  hash predicates: ss_store_sk = s_store_sk
|  |  fk/pk conjuncts: ss_store_sk = s_store_sk
|  |  mem-estimate=0B mem-reservation=0B spill-buffer=64.00KB thread-reservation=0
|  |  tuple-ids=12,14,13,15 row-size=56B cardinality=3.99M cost=5833034
|  |  in pipelines: 16(GETNEXT), 19(OPEN)
|  |
|  |--F61:PLAN FRAGMENT [RANDOM] hosts=10 instances=10
|  |  |  Per-Instance Resources: mem-estimate=23.27MB mem-reservation=23.25MB thread-reservation=1
|  |  |  max-parallelism=10 segment-costs=[304]
|  |  JOIN BUILD
|  |  |  join-table-id=21 plan-id=22 cohort-id=07
|  |  |  build expressions: s_store_sk
|  |  |  runtime filters: RF013[min_max] <- s_store_sk
|  |  |  mem-estimate=23.25MB mem-reservation=23.25MB spill-buffer=64.00KB thread-reservation=0 cost=134
|  |  |
|  |  84:EXCHANGE [BROADCAST]
|  |  |  mem-estimate=16.00KB mem-reservation=0B thread-reservation=0
|  |  |  tuple-ids=15 row-size=20B cardinality=134 cost=170
|  |  |  in pipelines: 19(GETNEXT)
|  |  |
|  |  F13:PLAN FRAGMENT [RANDOM] hosts=1 instances=1
|  |  Per-Instance Resources: mem-estimate=20.09MB mem-reservation=4.02MB thread-reservation=1
|  |  max-parallelism=1 segment-costs=[202]
|  |  130:TUPLE CACHE
|  |  |  cache key: ab9f20c95135d17ae26963823541f762
|  |  |  input scan node ids: 19
|  |  |  estimated serialized size: 3.13KB
|  |  |  estimated serialized size per node: 3.13KB
|  |  |  cumulative processing cost: 192
|  |  |  cache read processing cost: 17
|  |  |  cache write processing cost: 8
|  |  |  mem-estimate=4.00MB mem-reservation=4.00MB spill-buffer=2.00MB thread-reservation=0
|  |  |  tuple-ids=15 row-size=20B cardinality=134 cost=0
|  |  |  in pipelines: 19(GETNEXT)
|  |  |
|  |  19:SCAN HDFS [tpcds_partitioned_parquet_snap.store, RANDOM]
|  |     HDFS partitions=1/1 files=1 size=119.76KB
|  |     deterministic scan range assignment: true
|  |     schedule scan ranges oldest to newest: true
|  |     predicates: store.s_store_name = 'ese'
|  |     stored statistics:
|  |       table: rows=1.35K size=119.76KB
|  |       columns: all
|  |     extrapolated-rows=disabled max-scan-range-rows=1.35K
|  |     parquet statistics predicates: store.s_store_name = 'ese'
|  |     parquet dictionary predicates: store.s_store_name = 'ese'
|  |     mem-estimate=16.00MB mem-reservation=16.00KB thread-reservation=0
|  |     tuple-ids=15 row-size=20B cardinality=134 cost=192
|  |     in pipelines: 19(GETNEXT)
|  |
|  21:HASH JOIN [INNER JOIN, BROADCAST]
|  |  hash-table-id=22
|  |  hash predicates: ss_hdemo_sk = household_demographics.hd_demo_sk
|  |  fk/pk conjuncts: ss_hdemo_sk = household_demographics.hd_demo_sk
|  |  mem-estimate=0B mem-reservation=0B spill-buffer=64.00KB thread-reservation=0
|  |  tuple-ids=12,14,13 row-size=36B cardinality=19.92M cost=55952022
|  |  in pipelines: 16(GETNEXT), 17(OPEN)
|  |
|  |--F62:PLAN FRAGMENT [RANDOM] hosts=10 instances=10
|  |  |  Per-Instance Resources: mem-estimate=23.27MB mem-reservation=23.25MB thread-reservation=1
|  |  |  max-parallelism=10 segment-costs=[1670]
|  |  JOIN BUILD
|  |  |  join-table-id=22 plan-id=23 cohort-id=07
|  |  |  build expressions: household_demographics.hd_demo_sk
|  |  |  runtime filters: RF015[min_max] <- household_demographics.hd_demo_sk
|  |  |  mem-estimate=23.25MB mem-reservation=23.25MB spill-buffer=64.00KB thread-reservation=0 cost=720
|  |  |
|  |  83:EXCHANGE [BROADCAST]
|  |  |  mem-estimate=19.69KB mem-reservation=0B thread-reservation=0
|  |  |  tuple-ids=13 row-size=12B cardinality=720 cost=950
|  |  |  in pipelines: 17(GETNEXT)
|  |  |
|  |  F12:PLAN FRAGMENT [RANDOM] hosts=1 instances=1
|  |  Per-Instance Resources: mem-estimate=20.06MB mem-reservation=4.06MB thread-reservation=1
|  |  max-parallelism=1 segment-costs=[1484]
|  |  129:TUPLE CACHE
|  |  |  cache key: 901b3095349f7d48ebd3b93902ddaa89
|  |  |  input scan node ids: 17
|  |  |  estimated serialized size: 11.25KB
|  |  |  estimated serialized size per node: 11.25KB
|  |  |  cumulative processing cost: 1446
|  |  |  cache read processing cost: 95
|  |  |  cache write processing cost: 31
|  |  |  mem-estimate=4.00MB mem-reservation=4.00MB spill-buffer=2.00MB thread-reservation=0
|  |  |  tuple-ids=13 row-size=12B cardinality=720 cost=0
|  |  |  in pipelines: 17(GETNEXT)
|  |  |
|  |  17:SCAN HDFS [tpcds_partitioned_parquet_snap.household_demographics, RANDOM]
|  |     HDFS partitions=1/1 files=1 size=41.69KB
|  |     deterministic scan range assignment: true
|  |     schedule scan ranges oldest to newest: true
|  |     predicates: ((household_demographics.hd_dep_count = CAST(1 AS INT) AND household_demographics.hd_vehicle_count <= CAST(3 AS INT)) OR (household_demographics.hd_dep_count = CAST(2 AS INT) AND household_demographics.hd_vehicle_count <= CAST(4 AS INT)) OR (household_demographics.hd_dep_count = CAST(0 AS INT) AND household_demographics.hd_vehicle_count <= CAST(2 AS INT)))
|  |     stored statistics:
|  |       table: rows=7.20K size=41.69KB
|  |       columns: all
|  |     extrapolated-rows=disabled max-scan-range-rows=7.20K
|  |     mem-estimate=16.00MB mem-reservation=64.00KB thread-reservation=0
|  |     tuple-ids=13 row-size=12B cardinality=720 cost=1446
|  |     in pipelines: 17(GETNEXT)
|  |
|  20:HASH JOIN [INNER JOIN, BROADCAST]
|  |  hash-table-id=23
|  |  hash predicates: ss_sold_time_sk = time_dim.t_time_sk
|  |  fk/pk conjuncts: ss_sold_time_sk = time_dim.t_time_sk
|  |  mem-estimate=0B mem-reservation=0B spill-buffer=64.00KB thread-reservation=0
|  |  tuple-ids=12,14 row-size=24B cardinality=204.06M(filtered from 204.06M) cost=89319127
|  |  in pipelines: 16(GETNEXT), 18(OPEN)
|  |
|  |--F63:PLAN FRAGMENT [RANDOM] hosts=10 instances=10
|  |  |  Per-Instance Resources: mem-estimate=24.28MB mem-reservation=24.25MB thread-reservation=1 runtime-filters-memory=1.00MB
|  |  |  max-parallelism=10 segment-costs=[2648]
|  |  JOIN BUILD
|  |  |  join-table-id=23 plan-id=24 cohort-id=07
|  |  |  build expressions: time_dim.t_time_sk
|  |  |  runtime filters: RF016[bloom] <- time_dim.t_time_sk, RF017[min_max] <- time_dim.t_time_sk
|  |  |  mem-estimate=23.25MB mem-reservation=23.25MB spill-buffer=64.00KB thread-reservation=0 cost=1138
|  |  |
|  |  82:EXCHANGE [BROADCAST]
|  |  |  mem-estimate=29.34KB mem-reservation=0B thread-reservation=0
|  |  |  tuple-ids=14 row-size=12B cardinality=1.14K cost=1510
|  |  |  in pipelines: 18(GETNEXT)
|  |  |
|  |  F11:PLAN FRAGMENT [RANDOM] hosts=1 instances=1
|  |  Per-Instance Resources: mem-estimate=20.06MB mem-reservation=4.50MB thread-reservation=1
|  |  max-parallelism=1 segment-costs=[19846]
|  |  128:TUPLE CACHE
|  |  |  cache key: 1072dc8f5d5e7b90cc3b3d833f7dc8b0
|  |  |  input scan node ids: 18
|  |  |  estimated serialized size: 17.78KB
|  |  |  estimated serialized size per node: 17.78KB
|  |  |  cumulative processing cost: 19785
|  |  |  cache read processing cost: 151
|  |  |  cache write processing cost: 49
|  |  |  mem-estimate=4.00MB mem-reservation=4.00MB spill-buffer=2.00MB thread-reservation=0
|  |  |  tuple-ids=14 row-size=12B cardinality=1.14K cost=0
|  |  |  in pipelines: 18(GETNEXT)
|  |  |
|  |  18:SCAN HDFS [tpcds_partitioned_parquet_snap.time_dim, RANDOM]
|  |     HDFS partitions=1/1 files=1 size=1.31MB
|  |     deterministic scan range assignment: true
|  |     schedule scan ranges oldest to newest: true
|  |     predicates: time_dim.t_hour = CAST(9 AS INT), time_dim.t_minute >= CAST(30 AS INT)
|  |     stored statistics:
|  |       table: rows=86.40K size=1.31MB
|  |       columns: all
|  |     extrapolated-rows=disabled max-scan-range-rows=86.40K
|  |     parquet statistics predicates: time_dim.t_hour = CAST(9 AS INT), time_dim.t_minute >= CAST(30 AS INT)
|  |     parquet dictionary predicates: time_dim.t_hour = CAST(9 AS INT), time_dim.t_minute >= CAST(30 AS INT)
|  |     mem-estimate=16.00MB mem-reservation=512.00KB thread-reservation=0
|  |     tuple-ids=14 row-size=12B cardinality=1.14K cost=19785
|  |     in pipelines: 18(GETNEXT)
|  |
|  16:SCAN HDFS [tpcds_partitioned_parquet_snap.store_sales, RANDOM]
|     HDFS partitions=1824/1824 files=1824 size=389.90GB
|     deterministic scan range assignment: true
|     schedule scan ranges oldest to newest: true
|     runtime filters: RF017[min_max] -> ss_sold_time_sk, RF015[min_max] -> ss_hdemo_sk, RF013[min_max] -> ss_store_sk, RF016[bloom] -> ss_sold_time_sk
|     stored statistics:
|       table: rows=8.64G size=389.90GB
|       partitions: 1824/1824 rows=8.64G
|       columns: all
|     extrapolated-rows=disabled max-scan-range-rows=390.22M
|     mem-estimate=16.00MB mem-reservation=8.00MB thread-reservation=0
|     tuple-ids=12 row-size=12B cardinality=204.06M(filtered from 8.64G) cost=1492980801
|     in pipelines: 16(GETNEXT)
|
64:NESTED LOOP JOIN [CROSS JOIN, BROADCAST]
|  join table id: 24
|  mem-estimate=0B mem-reservation=0B thread-reservation=0
|  tuple-ids=4,10 row-size=16B cardinality=1 cost=0
|  in pipelines: 75(GETNEXT), 80(OPEN)
|
|--F64:PLAN FRAGMENT [UNPARTITIONED] hosts=1 instances=1
|  |  Per-Instance Resources: mem-estimate=16.01KB mem-reservation=0B thread-reservation=1
|  |  max-parallelism=1 segment-costs=[0] cpu-comparison-result=120 [max(1 (self) vs 120 (sum children))]
|  JOIN BUILD
|  |  join-table-id=24 plan-id=25 cohort-id=01
|  |  mem-estimate=8B mem-reservation=0B thread-reservation=0 cost=0
|  |
|  81:EXCHANGE [UNPARTITIONED]
|  |  mem-estimate=16.00KB mem-reservation=0B thread-reservation=0
|  |  tuple-ids=10 row-size=8B cardinality=1 cost=0
|  |  in pipelines: 80(GETNEXT)
|  |
|  F09:PLAN FRAGMENT [UNPARTITIONED] hosts=1 instances=1
|  Per-Instance Resources: mem-estimate=184.84KB mem-reservation=0B thread-reservation=1
|  max-parallelism=1 segment-costs=[25, 1] cpu-comparison-result=120 [max(1 (self) vs 120 (sum children))]
|  80:AGGREGATE [FINALIZE]
|  |  output: count:merge(*)
|  |  mem-estimate=16.00KB mem-reservation=0B spill-buffer=2.00MB thread-reservation=0
|  |  tuple-ids=10 row-size=8B cardinality=1 cost=8
|  |  in pipelines: 80(GETNEXT), 15(OPEN)
|  |
|  79:EXCHANGE [UNPARTITIONED]
|  |  mem-estimate=168.84KB mem-reservation=0B thread-reservation=0
|  |  tuple-ids=10 row-size=8B cardinality=120 cost=17
|  |  in pipelines: 15(GETNEXT)
|  |
|  F05:PLAN FRAGMENT [RANDOM] hosts=10 instances=120
|  Per-Host Shared Resources: mem-estimate=2.00MB mem-reservation=2.00MB thread-reservation=0 runtime-filters-memory=2.00MB
|  Per-Instance Resources: mem-estimate=24.02MB mem-reservation=16.00MB thread-reservation=1
|  max-parallelism=170 segment-costs=[1644364547, 123] cpu-comparison-result=120 [max(120 (self) vs 33 (sum children))]
|  127:TUPLE CACHE
|  |  cache key: b286b9b73461d58b8fb534f5a43cccd5
|  |  input scan node ids: 8
|  |  estimated serialized size: 1.41KB
|  |  estimated serialized size per node: 144B
|  |  cumulative processing cost: 1644390701
|  |  cache read processing cost: 15
|  |  cache write processing cost: 3
|  |  mem-estimate=4.00MB mem-reservation=4.00MB spill-buffer=2.00MB thread-reservation=0
|  |  tuple-ids=10 row-size=8B cardinality=120 cost=0
|  |  in pipelines: 15(GETNEXT)
|  |
|  15:AGGREGATE
|  |  output: count(*)
|  |  mem-estimate=16.00KB mem-reservation=0B spill-buffer=2.00MB thread-reservation=0
|  |  tuple-ids=10 row-size=8B cardinality=120 cost=279563
|  |  in pipelines: 15(GETNEXT), 08(OPEN)
|  |
|  126:TUPLE CACHE
|  |  cache key: d59148339e8c345e9b6eb9ce4981981f
|  |  input scan node ids: 8
|  |  estimated serialized size: 274.00MB
|  |  estimated serialized size per node: 27.40MB
|  |  cumulative processing cost: 1644111138
|  |  cache read processing cost: 530770
|  |  cache write processing cost: 775728
|  |  mem-estimate=4.00MB mem-reservation=4.00MB spill-buffer=2.00MB thread-reservation=0
|  |  tuple-ids=6,8,7,9 row-size=56B cardinality=3.99M cost=0
|  |  in pipelines: 08(GETNEXT)
|  |
|  14:HASH JOIN [INNER JOIN, BROADCAST]
|  |  hash-table-id=25
|  |  hash predicates: ss_store_sk = s_store_sk
|  |  fk/pk conjuncts: ss_store_sk = s_store_sk
|  |  mem-estimate=0B mem-reservation=0B spill-buffer=64.00KB thread-reservation=0
|  |  tuple-ids=6,8,7,9 row-size=56B cardinality=3.99M cost=5833034
|  |  in pipelines: 08(GETNEXT), 11(OPEN)
|  |
|  |--F65:PLAN FRAGMENT [RANDOM] hosts=10 instances=10
|  |  |  Per-Instance Resources: mem-estimate=23.27MB mem-reservation=23.25MB thread-reservation=1
|  |  |  max-parallelism=10 segment-costs=[304]
|  |  JOIN BUILD
|  |  |  join-table-id=25 plan-id=26 cohort-id=08
|  |  |  build expressions: s_store_sk
|  |  |  runtime filters: RF007[min_max] <- s_store_sk
|  |  |  mem-estimate=23.25MB mem-reservation=23.25MB spill-buffer=64.00KB thread-reservation=0 cost=134
|  |  |
|  |  78:EXCHANGE [BROADCAST]
|  |  |  mem-estimate=16.00KB mem-reservation=0B thread-reservation=0
|  |  |  tuple-ids=9 row-size=20B cardinality=134 cost=170
|  |  |  in pipelines: 11(GETNEXT)
|  |  |
|  |  F08:PLAN FRAGMENT [RANDOM] hosts=1 instances=1
|  |  Per-Instance Resources: mem-estimate=20.09MB mem-reservation=4.02MB thread-reservation=1
|  |  max-parallelism=1 segment-costs=[202]
|  |  125:TUPLE CACHE
|  |  |  cache key: ab9f20c95135d17ae26963823541f762
|  |  |  input scan node ids: 11
|  |  |  estimated serialized size: 3.13KB
|  |  |  estimated serialized size per node: 3.13KB
|  |  |  cumulative processing cost: 192
|  |  |  cache read processing cost: 17
|  |  |  cache write processing cost: 8
|  |  |  mem-estimate=4.00MB mem-reservation=4.00MB spill-buffer=2.00MB thread-reservation=0
|  |  |  tuple-ids=9 row-size=20B cardinality=134 cost=0
|  |  |  in pipelines: 11(GETNEXT)
|  |  |
|  |  11:SCAN HDFS [tpcds_partitioned_parquet_snap.store, RANDOM]
|  |     HDFS partitions=1/1 files=1 size=119.76KB
|  |     deterministic scan range assignment: true
|  |     schedule scan ranges oldest to newest: true
|  |     predicates: store.s_store_name = 'ese'
|  |     stored statistics:
|  |       table: rows=1.35K size=119.76KB
|  |       columns: all
|  |     extrapolated-rows=disabled max-scan-range-rows=1.35K
|  |     parquet statistics predicates: store.s_store_name = 'ese'
|  |     parquet dictionary predicates: store.s_store_name = 'ese'
|  |     mem-estimate=16.00MB mem-reservation=16.00KB thread-reservation=0
|  |     tuple-ids=9 row-size=20B cardinality=134 cost=192
|  |     in pipelines: 11(GETNEXT)
|  |
|  13:HASH JOIN [INNER JOIN, BROADCAST]
|  |  hash-table-id=26
|  |  hash predicates: ss_hdemo_sk = household_demographics.hd_demo_sk
|  |  fk/pk conjuncts: ss_hdemo_sk = household_demographics.hd_demo_sk
|  |  mem-estimate=0B mem-reservation=0B spill-buffer=64.00KB thread-reservation=0
|  |  tuple-ids=6,8,7 row-size=36B cardinality=19.92M cost=55952022
|  |  in pipelines: 08(GETNEXT), 09(OPEN)
|  |
|  |--F66:PLAN FRAGMENT [RANDOM] hosts=10 instances=10
|  |  |  Per-Instance Resources: mem-estimate=24.27MB mem-reservation=24.25MB thread-reservation=1 runtime-filters-memory=1.00MB
|  |  |  max-parallelism=10 segment-costs=[1670]
|  |  JOIN BUILD
|  |  |  join-table-id=26 plan-id=27 cohort-id=08
|  |  |  build expressions: household_demographics.hd_demo_sk
|  |  |  runtime filters: RF008[bloom] <- household_demographics.hd_demo_sk, RF009[min_max] <- household_demographics.hd_demo_sk
|  |  |  mem-estimate=23.25MB mem-reservation=23.25MB spill-buffer=64.00KB thread-reservation=0 cost=720
|  |  |
|  |  77:EXCHANGE [BROADCAST]
|  |  |  mem-estimate=19.69KB mem-reservation=0B thread-reservation=0
|  |  |  tuple-ids=7 row-size=12B cardinality=720 cost=950
|  |  |  in pipelines: 09(GETNEXT)
|  |  |
|  |  F07:PLAN FRAGMENT [RANDOM] hosts=1 instances=1
|  |  Per-Instance Resources: mem-estimate=20.06MB mem-reservation=4.06MB thread-reservation=1
|  |  max-parallelism=1 segment-costs=[1484]
|  |  124:TUPLE CACHE
|  |  |  cache key: 901b3095349f7d48ebd3b93902ddaa89
|  |  |  input scan node ids: 9
|  |  |  estimated serialized size: 11.25KB
|  |  |  estimated serialized size per node: 11.25KB
|  |  |  cumulative processing cost: 1446
|  |  |  cache read processing cost: 95
|  |  |  cache write processing cost: 31
|  |  |  mem-estimate=4.00MB mem-reservation=4.00MB spill-buffer=2.00MB thread-reservation=0
|  |  |  tuple-ids=7 row-size=12B cardinality=720 cost=0
|  |  |  in pipelines: 09(GETNEXT)
|  |  |
|  |  09:SCAN HDFS [tpcds_partitioned_parquet_snap.household_demographics, RANDOM]
|  |     HDFS partitions=1/1 files=1 size=41.69KB
|  |     deterministic scan range assignment: true
|  |     schedule scan ranges oldest to newest: true
|  |     predicates: ((household_demographics.hd_dep_count = CAST(1 AS INT) AND household_demographics.hd_vehicle_count <= CAST(3 AS INT)) OR (household_demographics.hd_dep_count = CAST(2 AS INT) AND household_demographics.hd_vehicle_count <= CAST(4 AS INT)) OR (household_demographics.hd_dep_count = CAST(0 AS INT) AND household_demographics.hd_vehicle_count <= CAST(2 AS INT)))
|  |     stored statistics:
|  |       table: rows=7.20K size=41.69KB
|  |       columns: all
|  |     extrapolated-rows=disabled max-scan-range-rows=7.20K
|  |     mem-estimate=16.00MB mem-reservation=64.00KB thread-reservation=0
|  |     tuple-ids=7 row-size=12B cardinality=720 cost=1446
|  |     in pipelines: 09(GETNEXT)
|  |
|  12:HASH JOIN [INNER JOIN, BROADCAST]
|  |  hash-table-id=27
|  |  hash predicates: ss_sold_time_sk = time_dim.t_time_sk
|  |  fk/pk conjuncts: ss_sold_time_sk = time_dim.t_time_sk
|  |  mem-estimate=0B mem-reservation=0B spill-buffer=64.00KB thread-reservation=0
|  |  tuple-ids=6,8 row-size=24B cardinality=204.06M(filtered from 204.06M) cost=89319127
|  |  in pipelines: 08(GETNEXT), 10(OPEN)
|  |
|  |--F67:PLAN FRAGMENT [RANDOM] hosts=10 instances=10
|  |  |  Per-Instance Resources: mem-estimate=24.28MB mem-reservation=24.25MB thread-reservation=1 runtime-filters-memory=1.00MB
|  |  |  max-parallelism=10 segment-costs=[2648]
|  |  JOIN BUILD
|  |  |  join-table-id=27 plan-id=28 cohort-id=08
|  |  |  build expressions: time_dim.t_time_sk
|  |  |  runtime filters: RF010[bloom] <- time_dim.t_time_sk, RF011[min_max] <- time_dim.t_time_sk
|  |  |  mem-estimate=23.25MB mem-reservation=23.25MB spill-buffer=64.00KB thread-reservation=0 cost=1138
|  |  |
|  |  76:EXCHANGE [BROADCAST]
|  |  |  mem-estimate=29.34KB mem-reservation=0B thread-reservation=0
|  |  |  tuple-ids=8 row-size=12B cardinality=1.14K cost=1510
|  |  |  in pipelines: 10(GETNEXT)
|  |  |
|  |  F06:PLAN FRAGMENT [RANDOM] hosts=1 instances=1
|  |  Per-Instance Resources: mem-estimate=20.06MB mem-reservation=4.50MB thread-reservation=1
|  |  max-parallelism=1 segment-costs=[19846]
|  |  123:TUPLE CACHE
|  |  |  cache key: a720b4de1a2a5f2da913d44b6508d444
|  |  |  input scan node ids: 10
|  |  |  estimated serialized size: 17.78KB
|  |  |  estimated serialized size per node: 17.78KB
|  |  |  cumulative processing cost: 19785
|  |  |  cache read processing cost: 151
|  |  |  cache write processing cost: 49
|  |  |  mem-estimate=4.00MB mem-reservation=4.00MB spill-buffer=2.00MB thread-reservation=0
|  |  |  tuple-ids=8 row-size=12B cardinality=1.14K cost=0
|  |  |  in pipelines: 10(GETNEXT)
|  |  |
|  |  10:SCAN HDFS [tpcds_partitioned_parquet_snap.time_dim, RANDOM]
|  |     HDFS partitions=1/1 files=1 size=1.31MB
|  |     deterministic scan range assignment: true
|  |     schedule scan ranges oldest to newest: true
|  |     predicates: time_dim.t_hour = CAST(9 AS INT), time_dim.t_minute < CAST(30 AS INT)
|  |     stored statistics:
|  |       table: rows=86.40K size=1.31MB
|  |       columns: all
|  |     extrapolated-rows=disabled max-scan-range-rows=86.40K
|  |     parquet statistics predicates: time_dim.t_hour = CAST(9 AS INT), time_dim.t_minute < CAST(30 AS INT)
|  |     parquet dictionary predicates: time_dim.t_hour = CAST(9 AS INT), time_dim.t_minute < CAST(30 AS INT)
|  |     mem-estimate=16.00MB mem-reservation=512.00KB thread-reservation=0
|  |     tuple-ids=8 row-size=12B cardinality=1.14K cost=19785
|  |     in pipelines: 10(GETNEXT)
|  |
|  08:SCAN HDFS [tpcds_partitioned_parquet_snap.store_sales, RANDOM]
|     HDFS partitions=1824/1824 files=1824 size=389.90GB
|     deterministic scan range assignment: true
|     schedule scan ranges oldest to newest: true
|     runtime filters: RF011[min_max] -> ss_sold_time_sk, RF009[min_max] -> ss_hdemo_sk, RF007[min_max] -> ss_store_sk, RF010[bloom] -> ss_sold_time_sk, RF008[bloom] -> ss_hdemo_sk
|     stored statistics:
|       table: rows=8.64G size=389.90GB
|       partitions: 1824/1824 rows=8.64G
|       columns: all
|     extrapolated-rows=disabled max-scan-range-rows=390.22M
|     mem-estimate=16.00MB mem-reservation=8.00MB thread-reservation=0
|     tuple-ids=6 row-size=12B cardinality=204.06M(filtered from 8.64G) cost=1492980801
|     in pipelines: 08(GETNEXT)
|
75:AGGREGATE [FINALIZE]
|  output: count:merge(*)
|  mem-estimate=16.00KB mem-reservation=0B spill-buffer=2.00MB thread-reservation=0
|  tuple-ids=4 row-size=8B cardinality=1 cost=8
|  in pipelines: 75(GETNEXT), 07(OPEN)
|
74:EXCHANGE [UNPARTITIONED]
|  mem-estimate=168.84KB mem-reservation=0B thread-reservation=0
|  tuple-ids=4 row-size=8B cardinality=120 cost=17
|  in pipelines: 07(GETNEXT)
|
F00:PLAN FRAGMENT [RANDOM] hosts=10 instances=120
Per-Host Shared Resources: mem-estimate=2.00MB mem-reservation=2.00MB thread-reservation=0 runtime-filters-memory=2.00MB
Per-Instance Resources: mem-estimate=24.02MB mem-reservation=16.00MB thread-reservation=1
max-parallelism=170 segment-costs=[1644364547, 123] cpu-comparison-result=120 [max(120 (self) vs 33 (sum children))]
122:TUPLE CACHE
|  cache key: fc869b9e95721321359706cc1846b73f
|  input scan node ids: 0
|  estimated serialized size: 1.41KB
|  estimated serialized size per node: 144B
|  cumulative processing cost: 1644390701
|  cache read processing cost: 15
|  cache write processing cost: 3
|  mem-estimate=4.00MB mem-reservation=4.00MB spill-buffer=2.00MB thread-reservation=0
|  tuple-ids=4 row-size=8B cardinality=120 cost=0
|  in pipelines: 07(GETNEXT)
|
07:AGGREGATE
|  output: count(*)
|  mem-estimate=16.00KB mem-reservation=0B spill-buffer=2.00MB thread-reservation=0
|  tuple-ids=4 row-size=8B cardinality=120 cost=279563
|  in pipelines: 07(GETNEXT), 00(OPEN)
|
121:TUPLE CACHE
|  cache key: c05f5218543f78d3703f8fa72efd8554
|  input scan node ids: 0
|  estimated serialized size: 274.00MB
|  estimated serialized size per node: 27.40MB
|  cumulative processing cost: 1644111138
|  cache read processing cost: 530770
|  cache write processing cost: 775728
|  mem-estimate=4.00MB mem-reservation=4.00MB spill-buffer=2.00MB thread-reservation=0
|  tuple-ids=0,2,1,3 row-size=56B cardinality=3.99M cost=0
|  in pipelines: 00(GETNEXT)
|
06:HASH JOIN [INNER JOIN, BROADCAST]
|  hash-table-id=28
|  hash predicates: ss_store_sk = s_store_sk
|  fk/pk conjuncts: ss_store_sk = s_store_sk
|  mem-estimate=0B mem-reservation=0B spill-buffer=64.00KB thread-reservation=0
|  tuple-ids=0,2,1,3 row-size=56B cardinality=3.99M cost=5833034
|  in pipelines: 00(GETNEXT), 03(OPEN)
|
|--F68:PLAN FRAGMENT [RANDOM] hosts=10 instances=10
|  |  Per-Instance Resources: mem-estimate=23.27MB mem-reservation=23.25MB thread-reservation=1
|  |  max-parallelism=10 segment-costs=[304]
|  JOIN BUILD
|  |  join-table-id=28 plan-id=29 cohort-id=01
|  |  build expressions: s_store_sk
|  |  runtime filters: RF001[min_max] <- s_store_sk
|  |  mem-estimate=23.25MB mem-reservation=23.25MB spill-buffer=64.00KB thread-reservation=0 cost=134
|  |
|  73:EXCHANGE [BROADCAST]
|  |  mem-estimate=16.00KB mem-reservation=0B thread-reservation=0
|  |  tuple-ids=3 row-size=20B cardinality=134 cost=170
|  |  in pipelines: 03(GETNEXT)
|  |
|  F03:PLAN FRAGMENT [RANDOM] hosts=1 instances=1
|  Per-Instance Resources: mem-estimate=20.09MB mem-reservation=4.02MB thread-reservation=1
|  max-parallelism=1 segment-costs=[202]
|  120:TUPLE CACHE
|  |  cache key: ab9f20c95135d17ae26963823541f762
|  |  input scan node ids: 3
|  |  estimated serialized size: 3.13KB
|  |  estimated serialized size per node: 3.13KB
|  |  cumulative processing cost: 192
|  |  cache read processing cost: 17
|  |  cache write processing cost: 8
|  |  mem-estimate=4.00MB mem-reservation=4.00MB spill-buffer=2.00MB thread-reservation=0
|  |  tuple-ids=3 row-size=20B cardinality=134 cost=0
|  |  in pipelines: 03(GETNEXT)
|  |
|  03:SCAN HDFS [tpcds_partitioned_parquet_snap.store, RANDOM]
|     HDFS partitions=1/1 files=1 size=119.76KB
|     deterministic scan range assignment: true
|     schedule scan ranges oldest to newest: true
|     predicates: store.s_store_name = 'ese'
|     stored statistics:
|       table: rows=1.35K size=119.76KB
|       columns: all
|     extrapolated-rows=disabled max-scan-range-rows=1.35K
|     parquet statistics predicates: store.s_store_name = 'ese'
|     parquet dictionary predicates: store.s_store_name = 'ese'
|     mem-estimate=16.00MB mem-reservation=16.00KB thread-reservation=0
|     tuple-ids=3 row-size=20B cardinality=134 cost=192
|     in pipelines: 03(GETNEXT)
|
05:HASH JOIN [INNER JOIN, BROADCAST]
|  hash-table-id=29
|  hash predicates: ss_hdemo_sk = household_demographics.hd_demo_sk
|  fk/pk conjuncts: ss_hdemo_sk = household_demographics.hd_demo_sk
|  mem-estimate=0B mem-reservation=0B spill-buffer=64.00KB thread-reservation=0
|  tuple-ids=0,2,1 row-size=36B cardinality=19.92M cost=55952022
|  in pipelines: 00(GETNEXT), 01(OPEN)
|
|--F69:PLAN FRAGMENT [RANDOM] hosts=10 instances=10
|  |  Per-Instance Resources: mem-estimate=24.27MB mem-reservation=24.25MB thread-reservation=1 runtime-filters-memory=1.00MB
|  |  max-parallelism=10 segment-costs=[1670]
|  JOIN BUILD
|  |  join-table-id=29 plan-id=30 cohort-id=01
|  |  build expressions: household_demographics.hd_demo_sk
|  |  runtime filters: RF002[bloom] <- household_demographics.hd_demo_sk, RF003[min_max] <- household_demographics.hd_demo_sk
|  |  mem-estimate=23.25MB mem-reservation=23.25MB spill-buffer=64.00KB thread-reservation=0 cost=720
|  |
|  72:EXCHANGE [BROADCAST]
|  |  mem-estimate=19.69KB mem-reservation=0B thread-reservation=0
|  |  tuple-ids=1 row-size=12B cardinality=720 cost=950
|  |  in pipelines: 01(GETNEXT)
|  |
|  F02:PLAN FRAGMENT [RANDOM] hosts=1 instances=1
|  Per-Instance Resources: mem-estimate=20.06MB mem-reservation=4.06MB thread-reservation=1
|  max-parallelism=1 segment-costs=[1484]
|  119:TUPLE CACHE
|  |  cache key: 901b3095349f7d48ebd3b93902ddaa89
|  |  input scan node ids: 1
|  |  estimated serialized size: 11.25KB
|  |  estimated serialized size per node: 11.25KB
|  |  cumulative processing cost: 1446
|  |  cache read processing cost: 95
|  |  cache write processing cost: 31
|  |  mem-estimate=4.00MB mem-reservation=4.00MB spill-buffer=2.00MB thread-reservation=0
|  |  tuple-ids=1 row-size=12B cardinality=720 cost=0
|  |  in pipelines: 01(GETNEXT)
|  |
|  01:SCAN HDFS [tpcds_partitioned_parquet_snap.household_demographics, RANDOM]
|     HDFS partitions=1/1 files=1 size=41.69KB
|     deterministic scan range assignment: true
|     schedule scan ranges oldest to newest: true
|     predicates: ((household_demographics.hd_dep_count = CAST(1 AS INT) AND household_demographics.hd_vehicle_count <= CAST(3 AS INT)) OR (household_demographics.hd_dep_count = CAST(2 AS INT) AND household_demographics.hd_vehicle_count <= CAST(4 AS INT)) OR (household_demographics.hd_dep_count = CAST(0 AS INT) AND household_demographics.hd_vehicle_count <= CAST(2 AS INT)))
|     stored statistics:
|       table: rows=7.20K size=41.69KB
|       columns: all
|     extrapolated-rows=disabled max-scan-range-rows=7.20K
|     mem-estimate=16.00MB mem-reservation=64.00KB thread-reservation=0
|     tuple-ids=1 row-size=12B cardinality=720 cost=1446
|     in pipelines: 01(GETNEXT)
|
04:HASH JOIN [INNER JOIN, BROADCAST]
|  hash-table-id=30
|  hash predicates: ss_sold_time_sk = time_dim.t_time_sk
|  fk/pk conjuncts: ss_sold_time_sk = time_dim.t_time_sk
|  mem-estimate=0B mem-reservation=0B spill-buffer=64.00KB thread-reservation=0
|  tuple-ids=0,2 row-size=24B cardinality=204.06M(filtered from 204.06M) cost=89319127
|  in pipelines: 00(GETNEXT), 02(OPEN)
|
|--F70:PLAN FRAGMENT [RANDOM] hosts=10 instances=10
|  |  Per-Instance Resources: mem-estimate=24.28MB mem-reservation=24.25MB thread-reservation=1 runtime-filters-memory=1.00MB
|  |  max-parallelism=10 segment-costs=[2648]
|  JOIN BUILD
|  |  join-table-id=30 plan-id=31 cohort-id=01
|  |  build expressions: time_dim.t_time_sk
|  |  runtime filters: RF004[bloom] <- time_dim.t_time_sk, RF005[min_max] <- time_dim.t_time_sk
|  |  mem-estimate=23.25MB mem-reservation=23.25MB spill-buffer=64.00KB thread-reservation=0 cost=1138
|  |
|  71:EXCHANGE [BROADCAST]
|  |  mem-estimate=29.34KB mem-reservation=0B thread-reservation=0
|  |  tuple-ids=2 row-size=12B cardinality=1.14K cost=1510
|  |  in pipelines: 02(GETNEXT)
|  |
|  F01:PLAN FRAGMENT [RANDOM] hosts=1 instances=1
|  Per-Instance Resources: mem-estimate=20.06MB mem-reservation=4.50MB thread-reservation=1
|  max-parallelism=1 segment-costs=[19846]
|  118:TUPLE CACHE
|  |  cache key: 4b085abae6a6852000f5dee614dbecfb
|  |  input scan node ids: 2
|  |  estimated serialized size: 17.78KB
|  |  estimated serialized size per node: 17.78KB
|  |  cumulative processing cost: 19785
|  |  cache read processing cost: 151
|  |  cache write processing cost: 49
|  |  mem-estimate=4.00MB mem-reservation=4.00MB spill-buffer=2.00MB thread-reservation=0
|  |  tuple-ids=2 row-size=12B cardinality=1.14K cost=0
|  |  in pipelines: 02(GETNEXT)
|  |
|  02:SCAN HDFS [tpcds_partitioned_parquet_snap.time_dim, RANDOM]
|     HDFS partitions=1/1 files=1 size=1.31MB
|     deterministic scan range assignment: true
|     schedule scan ranges oldest to newest: true
|     predicates: time_dim.t_hour = CAST(8 AS INT), time_dim.t_minute >= CAST(30 AS INT)
|     stored statistics:
|       table: rows=86.40K size=1.31MB
|       columns: all
|     extrapolated-rows=disabled max-scan-range-rows=86.40K
|     parquet statistics predicates: time_dim.t_hour = CAST(8 AS INT), time_dim.t_minute >= CAST(30 AS INT)
|     parquet dictionary predicates: time_dim.t_hour = CAST(8 AS INT), time_dim.t_minute >= CAST(30 AS INT)
|     mem-estimate=16.00MB mem-reservation=512.00KB thread-reservation=0
|     tuple-ids=2 row-size=12B cardinality=1.14K cost=19785
|     in pipelines: 02(GETNEXT)
|
00:SCAN HDFS [tpcds_partitioned_parquet_snap.store_sales, RANDOM]
   HDFS partitions=1824/1824 files=1824 size=389.90GB
   deterministic scan range assignment: true
   schedule scan ranges oldest to newest: true
   runtime filters: RF005[min_max] -> ss_sold_time_sk, RF003[min_max] -> ss_hdemo_sk, RF001[min_max] -> ss_store_sk, RF004[bloom] -> ss_sold_time_sk, RF002[bloom] -> ss_hdemo_sk
   stored statistics:
     table: rows=8.64G size=389.90GB
     partitions: 1824/1824 rows=8.64G
     columns: all
   extrapolated-rows=disabled max-scan-range-rows=390.22M
   mem-estimate=16.00MB mem-reservation=8.00MB thread-reservation=0
   tuple-ids=0 row-size=12B cardinality=204.06M(filtered from 8.64G) cost=1492980801
   in pipelines: 00(GETNEXT)
====
