# TPCDS-Q15
# start query 15 in stream 0 using template query15.tpl using seed 1723782992
select  ca_zip
       ,sum(cs_sales_price)
 from catalog_sales
     ,customer
     ,customer_address
     ,date_dim
 where cs_bill_customer_sk = c_customer_sk
 	and c_current_addr_sk = ca_address_sk
 	and ( substr(ca_zip,1,5) in ('85669', '86197','88274','83405','86475',
                                   '85392', '85460', '80348', '81792')
 	      or ca_state in ('CA','WA','GA')
 	      or cs_sales_price > 500)
 	and cs_sold_date_sk = d_date_sk
 	and d_qoy = 1 and d_year = 2000
 group by ca_zip
 order by ca_zip
 limit 100;

# end query 15 in stream 0 using template query15.tpl
---- PLAN
Max Per-Host Resource Reservation: Memory=113.56MB Threads=1
Per-Host Resource Estimates: Memory=1.94GB
F00:PLAN FRAGMENT [UNPARTITIONED] hosts=1 instances=1
|  Per-Instance Resources: mem-estimate=1.94GB mem-reservation=113.56MB thread-reservation=1 runtime-filters-memory=33.00MB
|  max-parallelism=1 segment-costs=[798518145, 76337, 200]
PLAN-ROOT SINK
|  output exprs: ca_zip, sum(cs_sales_price)
|  mem-estimate=4.00MB mem-reservation=4.00MB spill-buffer=2.00MB thread-reservation=0 cost=200
|
08:TOP-N [LIMIT=100]
|  order by: ca_zip ASC
|  mem-estimate=3.22KB mem-reservation=0B thread-reservation=0
|  tuple-ids=5 row-size=33B cardinality=100 cost=76337
|  in pipelines: 08(GETNEXT), 07(OPEN)
|
10:TUPLE CACHE
|  cache key: b2d2ae080af3141f84f286f3c0133b4e
|  input scan node ids: 0,3,1,2
|  estimated serialized size: 367.51KB
|  estimated serialized size per node: 36.75KB
|  cumulative processing cost: 798518145
|  cache read processing cost: 1351
|  cache write processing cost: 1016
|  mem-estimate=4.00MB mem-reservation=4.00MB spill-buffer=2.00MB thread-reservation=0
|  tuple-ids=4 row-size=33B cardinality=10.17K cost=0
|  in pipelines: 07(GETNEXT)
|
07:AGGREGATE [FINALIZE]
|  output: sum(cs_sales_price)
|  group by: ca_zip
|  mem-estimate=10.00MB mem-reservation=1.94MB spill-buffer=64.00KB thread-reservation=0
|  tuple-ids=4 row-size=33B cardinality=10.17K cost=117860849
|  in pipelines: 07(GETNEXT), 00(OPEN)
|
06:HASH JOIN [INNER JOIN]
|  hash predicates: c_current_addr_sk = ca_address_sk
|  fk/pk conjuncts: c_current_addr_sk = ca_address_sk
|  other predicates: (substr(ca_zip, CAST(1 AS BIGINT), CAST(5 AS BIGINT)) IN ('85669', '86197', '88274', '83405', '86475', '85392', '85460', '80348', '81792') OR ca_state IN ('CA', 'WA', 'GA') OR cs_sales_price > CAST(500 AS DECIMAL(5,0)))
|  runtime filters: RF000[bloom] <- ca_address_sk, RF001[min_max] <- ca_address_sk
|  mem-estimate=884.68MB mem-reservation=34.00MB spill-buffer=2.00MB thread-reservation=0
|  tuple-ids=0,3,1,2 row-size=67B cardinality=402.85M cost=191328502
|  in pipelines: 00(GETNEXT), 02(OPEN)
|
|--02:SCAN HDFS [tpcds_partitioned_parquet_snap.customer_address]
|     HDFS partitions=1/1 files=1 size=307.36MB
|     deterministic scan range assignment: true
|     schedule scan ranges oldest to newest: true
|     stored statistics:
|       table: rows=15.00M size=307.36MB
|       columns: all
|     extrapolated-rows=disabled max-scan-range-rows=1.58M
|     mem-estimate=16.00MB mem-reservation=128.00KB thread-reservation=0
|     tuple-ids=2 row-size=35B cardinality=15.00M cost=2376000
|     in pipelines: 02(GETNEXT)
|
05:HASH JOIN [INNER JOIN]
|  hash predicates: cs_bill_customer_sk = c_customer_sk
|  fk/pk conjuncts: cs_bill_customer_sk = c_customer_sk
|  runtime filters: RF002[bloom] <- c_customer_sk, RF003[min_max] <- c_customer_sk
|  mem-estimate=996.88MB mem-reservation=34.00MB spill-buffer=2.00MB thread-reservation=0
|  tuple-ids=0,3,1 row-size=32B cardinality=402.85M cost=215561904
|  in pipelines: 00(GETNEXT), 01(OPEN)
|
|--01:SCAN HDFS [tpcds_partitioned_parquet_snap.customer]
|     HDFS partitions=1/1 files=1 size=1.55GB
|     deterministic scan range assignment: true
|     schedule scan ranges oldest to newest: true
|     runtime filters: RF001[min_max] -> c_current_addr_sk, RF000[bloom] -> c_current_addr_sk
|     stored statistics:
|       table: rows=30.00M size=1.55GB
|       columns: all
|     extrapolated-rows=disabled max-scan-range-rows=3.10M
|     mem-estimate=16.00MB mem-reservation=1.00MB thread-reservation=0
|     tuple-ids=1 row-size=8B cardinality=30.00M cost=3456000
|     in pipelines: 01(GETNEXT)
|
04:HASH JOIN [INNER JOIN]
|  hash predicates: cs_sold_date_sk = d_date_sk
|  fk/pk conjuncts: cs_sold_date_sk = d_date_sk
|  runtime filters: RF004[bloom] <- d_date_sk
|  mem-estimate=1.94MB mem-reservation=1.94MB spill-buffer=64.00KB thread-reservation=0
|  tuple-ids=0,3 row-size=24B cardinality=438.85M cost=192084868
|  in pipelines: 00(GETNEXT), 03(OPEN)
|
|--09:TUPLE CACHE
|  |  cache key: eccc14a9d15ea20bf0a9d5d630df955b
|  |  input scan node ids: 3
|  |  estimated serialized size: 2.91KB
|  |  estimated serialized size per node: 2.91KB
|  |  cumulative processing cost: 16728
|  |  cache read processing cost: 24
|  |  cache write processing cost: 8
|  |  mem-estimate=4.00MB mem-reservation=4.00MB spill-buffer=2.00MB thread-reservation=0
|  |  tuple-ids=3 row-size=12B cardinality=186 cost=0
|  |  in pipelines: 03(GETNEXT)
|  |
|  03:SCAN HDFS [tpcds_partitioned_parquet_snap.date_dim]
|     HDFS partitions=1/1 files=1 size=2.17MB
|     deterministic scan range assignment: true
|     schedule scan ranges oldest to newest: true
|     predicates: d_year = CAST(2000 AS INT), d_qoy = CAST(1 AS INT)
|     stored statistics:
|       table: rows=73.05K size=2.17MB
|       columns: all
|     extrapolated-rows=disabled max-scan-range-rows=73.05K
|     parquet statistics predicates: d_year = CAST(2000 AS INT), d_qoy = CAST(1 AS INT)
|     parquet dictionary predicates: d_year = CAST(2000 AS INT), d_qoy = CAST(1 AS INT)
|     mem-estimate=16.00MB mem-reservation=512.00KB thread-reservation=0
|     tuple-ids=3 row-size=12B cardinality=186 cost=16728
|     in pipelines: 03(GETNEXT)
|
00:SCAN HDFS [tpcds_partitioned_parquet_snap.catalog_sales]
   HDFS partitions=1831/1831 files=1831 size=280.96GB
   deterministic scan range assignment: true
   schedule scan ranges oldest to newest: true
   runtime filters: RF003[min_max] -> cs_bill_customer_sk, RF002[bloom] -> cs_bill_customer_sk, RF004[bloom] -> cs_sold_date_sk
   stored statistics:
     table: rows=4.32G size=280.96GB
     partitions: 1831/1831 rows=4.32G
     columns: all
   extrapolated-rows=disabled max-scan-range-rows=21.52M est-scan-range=187(filtered from 1831)
   mem-estimate=16.00MB mem-reservation=1.00MB thread-reservation=0
   tuple-ids=0 row-size=12B cardinality=438.85M(filtered from 4.32G) cost=75833294
   in pipelines: 00(GETNEXT)
---- DISTRIBUTEDPLAN
Max Per-Host Resource Reservation: Memory=693.06MB Threads=16
Per-Host Resource Estimates: Memory=2.25GB
F05:PLAN FRAGMENT [UNPARTITIONED] hosts=1 instances=1
|  Per-Instance Resources: mem-estimate=4.04MB mem-reservation=4.00MB thread-reservation=1
|  max-parallelism=1 segment-costs=[231] cpu-comparison-result=80 [max(1 (self) vs 80 (sum children))]
PLAN-ROOT SINK
|  output exprs: ca_zip, sum(cs_sales_price)
|  mem-estimate=4.00MB mem-reservation=4.00MB spill-buffer=2.00MB thread-reservation=0 cost=200
|
14:MERGING-EXCHANGE [UNPARTITIONED]
|  order by: ca_zip ASC
|  limit: 100
|  mem-estimate=36.46KB mem-reservation=0B thread-reservation=0
|  tuple-ids=5 row-size=33B cardinality=100 cost=31
|  in pipelines: 08(GETNEXT)
|
F04:PLAN FRAGMENT [HASH(ca_zip)] hosts=10 instances=10 (adjusted from 120)
Per-Instance Resources: mem-estimate=16.73MB mem-reservation=1.94MB thread-reservation=1
max-parallelism=10 segment-costs=[704393, 76337, 117] cpu-comparison-result=80 [max(10 (self) vs 80 (sum children))]
08:TOP-N [LIMIT=100]
|  order by: ca_zip ASC
|  mem-estimate=3.22KB mem-reservation=0B thread-reservation=0
|  tuple-ids=5 row-size=33B cardinality=100 cost=76337
|  in pipelines: 08(GETNEXT), 13(OPEN)
|
13:AGGREGATE [FINALIZE]
|  output: sum:merge(cs_sales_price)
|  group by: ca_zip
|  mem-estimate=10.00MB mem-reservation=1.94MB spill-buffer=64.00KB thread-reservation=0
|  tuple-ids=4 row-size=33B cardinality=10.17K cost=383519
|  in pipelines: 13(GETNEXT), 00(OPEN)
|
12:EXCHANGE [HASH(ca_zip)]
|  mem-estimate=6.73MB mem-reservation=0B thread-reservation=0
|  tuple-ids=4 row-size=33B cardinality=1.22M cost=320874
|  in pipelines: 00(GETNEXT)
|
F00:PLAN FRAGMENT [RANDOM] hosts=10 instances=80 (adjusted from 120)
Per-Host Shared Resources: mem-estimate=17.00MB mem-reservation=17.00MB thread-reservation=0 runtime-filters-memory=17.00MB
Per-Instance Resources: mem-estimate=31.45MB mem-reservation=7.00MB thread-reservation=1
max-parallelism=80 segment-costs=[750824853, 3222661] cpu-comparison-result=80 [max(80 (self) vs 51 (sum children))]
16:TUPLE CACHE
|  cache key: a8880eaad4fd4239278708f93d379a9d
|  input scan node ids: 0
|  estimated serialized size: 43.07MB
|  estimated serialized size per node: 4.31MB
|  cumulative processing cost: 864516497
|  cache read processing cost: 162207
|  cache write processing cost: 121929
|  mem-estimate=4.00MB mem-reservation=4.00MB spill-buffer=2.00MB thread-reservation=0
|  tuple-ids=4 row-size=33B cardinality=1.22M cost=0
|  in pipelines: 00(GETNEXT)
|
07:AGGREGATE [STREAMING]
|  output: sum(cs_sales_price)
|  group by: ca_zip
|  mem-estimate=10.00MB mem-reservation=2.00MB spill-buffer=64.00KB thread-reservation=0
|  tuple-ids=4 row-size=33B cardinality=1.22M cost=121016471
|  in pipelines: 00(GETNEXT)
|
06:HASH JOIN [INNER JOIN, BROADCAST]
|  hash-table-id=00
|  hash predicates: c_current_addr_sk = ca_address_sk
|  fk/pk conjuncts: c_current_addr_sk = ca_address_sk
|  other predicates: (substr(ca_zip, CAST(1 AS BIGINT), CAST(5 AS BIGINT)) IN ('85669', '86197', '88274', '83405', '86475', '85392', '85460', '80348', '81792') OR ca_state IN ('CA', 'WA', 'GA') OR cs_sales_price > CAST(500 AS DECIMAL(5,0)))
|  mem-estimate=0B mem-reservation=0B spill-buffer=2.00MB thread-reservation=0
|  tuple-ids=0,3,1,2 row-size=67B cardinality=402.85M cost=176328502
|  in pipelines: 00(GETNEXT), 02(OPEN)
|
|--F06:PLAN FRAGMENT [RANDOM] hosts=10 instances=10
|  |  Per-Instance Resources: mem-estimate=911.06MB mem-reservation=288.00MB thread-reservation=1 runtime-filters-memory=16.00MB
|  |  max-parallelism=10 segment-costs=[34934990]
|  JOIN BUILD
|  |  join-table-id=00 plan-id=01 cohort-id=01
|  |  build expressions: ca_address_sk
|  |  runtime filters: RF000[bloom] <- ca_address_sk, RF001[min_max] <- ca_address_sk
|  |  mem-estimate=884.68MB mem-reservation=272.00MB spill-buffer=2.00MB thread-reservation=0 cost=15000000
|  |
|  11:EXCHANGE [BROADCAST]
|  |  mem-estimate=10.38MB mem-reservation=0B thread-reservation=0
|  |  tuple-ids=2 row-size=35B cardinality=15.00M cost=19934990
|  |  in pipelines: 02(GETNEXT)
|  |
|  F03:PLAN FRAGMENT [RANDOM] hosts=10 instances=10
|  Per-Instance Resources: mem-estimate=16.15MB mem-reservation=128.00KB thread-reservation=1
|  max-parallelism=10 segment-costs=[4117500]
|  02:SCAN HDFS [tpcds_partitioned_parquet_snap.customer_address, RANDOM]
|     HDFS partitions=1/1 files=1 size=307.36MB
|     stored statistics:
|       table: rows=15.00M size=307.36MB
|       columns: all
|     extrapolated-rows=disabled max-scan-range-rows=1.58M
|     mem-estimate=16.00MB mem-reservation=128.00KB thread-reservation=0
|     tuple-ids=2 row-size=35B cardinality=15.00M cost=2376000
|     in pipelines: 02(GETNEXT)
|
05:HASH JOIN [INNER JOIN, BROADCAST]
|  hash-table-id=01
|  hash predicates: cs_bill_customer_sk = c_customer_sk
|  fk/pk conjuncts: cs_bill_customer_sk = c_customer_sk
|  mem-estimate=0B mem-reservation=0B spill-buffer=2.00MB thread-reservation=0
|  tuple-ids=0,3,1 row-size=32B cardinality=402.85M cost=185561904
|  in pipelines: 00(GETNEXT), 01(OPEN)
|
|--F07:PLAN FRAGMENT [RANDOM] hosts=10 instances=10
|  |  Per-Instance Resources: mem-estimate=1023.00MB mem-reservation=288.00MB thread-reservation=1 runtime-filters-memory=16.00MB
|  |  max-parallelism=10 segment-costs=[69869990]
|  JOIN BUILD
|  |  join-table-id=01 plan-id=02 cohort-id=01
|  |  build expressions: c_customer_sk
|  |  runtime filters: RF002[bloom] <- c_customer_sk, RF003[min_max] <- c_customer_sk
|  |  mem-estimate=996.88MB mem-reservation=272.00MB spill-buffer=2.00MB thread-reservation=0 cost=30000000
|  |
|  10:EXCHANGE [BROADCAST]
|  |  mem-estimate=10.12MB mem-reservation=0B thread-reservation=0
|  |  tuple-ids=1 row-size=8B cardinality=30.00M cost=39869990
|  |  in pipelines: 01(GETNEXT)
|  |
|  F02:PLAN FRAGMENT [RANDOM] hosts=10 instances=10
|  Per-Host Shared Resources: mem-estimate=16.00MB mem-reservation=16.00MB thread-reservation=0 runtime-filters-memory=16.00MB
|  Per-Instance Resources: mem-estimate=16.05MB mem-reservation=1.00MB thread-reservation=1
|  max-parallelism=10 segment-costs=[4752000]
|  01:SCAN HDFS [tpcds_partitioned_parquet_snap.customer, RANDOM]
|     HDFS partitions=1/1 files=1 size=1.55GB
|     runtime filters: RF001[min_max] -> c_current_addr_sk, RF000[bloom] -> c_current_addr_sk
|     stored statistics:
|       table: rows=30.00M size=1.55GB
|       columns: all
|     extrapolated-rows=disabled max-scan-range-rows=3.10M
|     mem-estimate=16.00MB mem-reservation=1.00MB thread-reservation=0
|     tuple-ids=1 row-size=8B cardinality=30.00M cost=3456000
|     in pipelines: 01(GETNEXT)
|
04:HASH JOIN [INNER JOIN, BROADCAST]
|  hash-table-id=02
|  hash predicates: cs_sold_date_sk = d_date_sk
|  fk/pk conjuncts: cs_sold_date_sk = d_date_sk
|  mem-estimate=0B mem-reservation=0B spill-buffer=64.00KB thread-reservation=0
|  tuple-ids=0,3 row-size=24B cardinality=438.85M cost=192084682
|  in pipelines: 00(GETNEXT), 03(OPEN)
|
|--F08:PLAN FRAGMENT [RANDOM] hosts=10 instances=10
|  |  Per-Instance Resources: mem-estimate=16.52MB mem-reservation=16.50MB thread-reservation=1 runtime-filters-memory=1.00MB
|  |  max-parallelism=10 segment-costs=[426]
|  JOIN BUILD
|  |  join-table-id=02 plan-id=03 cohort-id=01
|  |  build expressions: d_date_sk
|  |  runtime filters: RF004[bloom] <- d_date_sk
|  |  mem-estimate=15.50MB mem-reservation=15.50MB spill-buffer=64.00KB thread-reservation=0 cost=186
|  |
|  09:EXCHANGE [BROADCAST]
|  |  mem-estimate=16.00KB mem-reservation=0B thread-reservation=0
|  |  tuple-ids=3 row-size=12B cardinality=186 cost=240
|  |  in pipelines: 03(GETNEXT)
|  |
|  F01:PLAN FRAGMENT [RANDOM] hosts=1 instances=1
|  Per-Instance Resources: mem-estimate=20.06MB mem-reservation=4.50MB thread-reservation=1
|  max-parallelism=1 segment-costs=[16738]
|  15:TUPLE CACHE
|  |  cache key: eccc14a9d15ea20bf0a9d5d630df955b
|  |  input scan node ids: 3
|  |  estimated serialized size: 2.91KB
|  |  estimated serialized size per node: 2.91KB
|  |  cumulative processing cost: 16728
|  |  cache read processing cost: 24
|  |  cache write processing cost: 8
|  |  mem-estimate=4.00MB mem-reservation=4.00MB spill-buffer=2.00MB thread-reservation=0
|  |  tuple-ids=3 row-size=12B cardinality=186 cost=0
|  |  in pipelines: 03(GETNEXT)
|  |
|  03:SCAN HDFS [tpcds_partitioned_parquet_snap.date_dim, RANDOM]
|     HDFS partitions=1/1 files=1 size=2.17MB
|     deterministic scan range assignment: true
|     schedule scan ranges oldest to newest: true
|     predicates: d_year = CAST(2000 AS INT), d_qoy = CAST(1 AS INT)
|     stored statistics:
|       table: rows=73.05K size=2.17MB
|       columns: all
|     extrapolated-rows=disabled max-scan-range-rows=73.05K
|     parquet statistics predicates: d_year = CAST(2000 AS INT), d_qoy = CAST(1 AS INT)
|     parquet dictionary predicates: d_year = CAST(2000 AS INT), d_qoy = CAST(1 AS INT)
|     mem-estimate=16.00MB mem-reservation=512.00KB thread-reservation=0
|     tuple-ids=3 row-size=12B cardinality=186 cost=16728
|     in pipelines: 03(GETNEXT)
|
00:SCAN HDFS [tpcds_partitioned_parquet_snap.catalog_sales, RANDOM]
   HDFS partitions=1831/1831 files=1831 size=280.96GB
   deterministic scan range assignment: true
   schedule scan ranges oldest to newest: true
   runtime filters: RF003[min_max] -> cs_bill_customer_sk, RF002[bloom] -> cs_bill_customer_sk, RF004[bloom] -> cs_sold_date_sk
   stored statistics:
     table: rows=4.32G size=280.96GB
     partitions: 1831/1831 rows=4.32G
     columns: all
   extrapolated-rows=disabled max-scan-range-rows=21.52M est-scan-range=187(filtered from 1831)
   mem-estimate=16.00MB mem-reservation=1.00MB thread-reservation=0
   tuple-ids=0 row-size=12B cardinality=438.85M(filtered from 4.32G) cost=75833294
   in pipelines: 00(GETNEXT)
---- PARALLELPLANS
Max Per-Host Resource Reservation: Memory=764.81MB Threads=29
Per-Host Resource Estimates: Memory=1.85GB
F06:PLAN FRAGMENT [UNPARTITIONED] hosts=1 instances=1
|  Per-Instance Resources: mem-estimate=4.04MB mem-reservation=4.00MB thread-reservation=1
|  max-parallelism=1 segment-costs=[231] cpu-comparison-result=170 [max(1 (self) vs 170 (sum children))]
PLAN-ROOT SINK
|  output exprs: ca_zip, sum(cs_sales_price)
|  mem-estimate=4.00MB mem-reservation=4.00MB spill-buffer=2.00MB thread-reservation=0 cost=200
|
15:MERGING-EXCHANGE [UNPARTITIONED]
|  order by: ca_zip ASC
|  limit: 100
|  mem-estimate=36.46KB mem-reservation=0B thread-reservation=0
|  tuple-ids=5 row-size=33B cardinality=100 cost=31
|  in pipelines: 08(GETNEXT)
|
F05:PLAN FRAGMENT [HASH(ca_zip)] hosts=10 instances=10 (adjusted from 120)
Per-Instance Resources: mem-estimate=15.65MB mem-reservation=1.94MB thread-reservation=1
max-parallelism=10 segment-costs=[704393, 76337, 117] cpu-comparison-result=170 [max(10 (self) vs 170 (sum children))]
08:TOP-N [LIMIT=100]
|  order by: ca_zip ASC
|  mem-estimate=3.22KB mem-reservation=0B thread-reservation=0
|  tuple-ids=5 row-size=33B cardinality=100 cost=76337
|  in pipelines: 08(GETNEXT), 14(OPEN)
|
14:AGGREGATE [FINALIZE]
|  output: sum:merge(cs_sales_price)
|  group by: ca_zip
|  mem-estimate=10.00MB mem-reservation=1.94MB spill-buffer=64.00KB thread-reservation=0
|  tuple-ids=4 row-size=33B cardinality=10.17K cost=383519
|  in pipelines: 14(GETNEXT), 00(OPEN)
|
13:EXCHANGE [HASH(ca_zip)]
|  mem-estimate=5.65MB mem-reservation=0B thread-reservation=0
|  tuple-ids=4 row-size=33B cardinality=1.22M cost=320874
|  in pipelines: 00(GETNEXT)
|
F04:PLAN FRAGMENT [HASH(c_current_addr_sk)] hosts=10 instances=50 (adjusted from 120)
Per-Instance Resources: mem-estimate=26.60MB mem-reservation=2.00MB thread-reservation=1
max-parallelism=50 segment-costs=[431051689, 3222661] cpu-comparison-result=170 [max(170 (self) vs 91 (sum children))]
07:AGGREGATE [STREAMING]
|  output: sum(cs_sales_price)
|  group by: ca_zip
|  mem-estimate=10.00MB mem-reservation=2.00MB spill-buffer=64.00KB thread-reservation=0
|  tuple-ids=4 row-size=33B cardinality=1.22M cost=121016471
|  in pipelines: 00(GETNEXT)
|
06:HASH JOIN [INNER JOIN, PARTITIONED]
|  hash-table-id=00
|  hash predicates: c_current_addr_sk = ca_address_sk
|  fk/pk conjuncts: c_current_addr_sk = ca_address_sk
|  other predicates: (substr(ca_zip, CAST(1 AS BIGINT), CAST(5 AS BIGINT)) IN ('85669', '86197', '88274', '83405', '86475', '85392', '85460', '80348', '81792') OR ca_state IN ('CA', 'WA', 'GA') OR cs_sales_price > CAST(500 AS DECIMAL(5,0)))
|  mem-estimate=0B mem-reservation=0B spill-buffer=2.00MB thread-reservation=0
|  tuple-ids=0,3,1,2 row-size=67B cardinality=402.85M cost=176328502
|  in pipelines: 00(GETNEXT), 02(OPEN)
|
|--F07:PLAN FRAGMENT [HASH(c_current_addr_sk)] hosts=10 instances=50 (adjusted from 120)
|  |  Per-Instance Resources: mem-estimate=60.38MB mem-reservation=50.00MB thread-reservation=1 runtime-filters-memory=16.00MB
|  |  max-parallelism=50 segment-costs=[19081500]
|  JOIN BUILD
|  |  join-table-id=00 plan-id=01 cohort-id=01
|  |  build expressions: ca_address_sk
|  |  runtime filters: RF000[bloom] <- ca_address_sk, RF001[min_max] <- ca_address_sk
|  |  mem-estimate=34.00MB mem-reservation=34.00MB spill-buffer=2.00MB thread-reservation=0 cost=15000000
|  |
|  12:EXCHANGE [HASH(ca_address_sk)]
|  |  mem-estimate=10.38MB mem-reservation=0B thread-reservation=0
|  |  tuple-ids=2 row-size=35B cardinality=15.00M cost=4081500
|  |  in pipelines: 02(GETNEXT)
|  |
|  F03:PLAN FRAGMENT [RANDOM] hosts=10 instances=10
|  Per-Instance Resources: mem-estimate=23.62MB mem-reservation=128.00KB thread-reservation=1
|  max-parallelism=10 segment-costs=[43914000]
|  02:SCAN HDFS [tpcds_partitioned_parquet_snap.customer_address, RANDOM]
|     HDFS partitions=1/1 files=1 size=307.36MB
|     stored statistics:
|       table: rows=15.00M size=307.36MB
|       columns: all
|     extrapolated-rows=disabled max-scan-range-rows=1.58M
|     mem-estimate=16.00MB mem-reservation=128.00KB thread-reservation=0
|     tuple-ids=2 row-size=35B cardinality=15.00M cost=2376000
|     in pipelines: 02(GETNEXT)
|
11:EXCHANGE [HASH(c_current_addr_sk)]
|  mem-estimate=15.16MB mem-reservation=0B thread-reservation=0
|  tuple-ids=0,3,1 row-size=32B cardinality=402.85M cost=133706716
|  in pipelines: 00(GETNEXT)
|
F00:PLAN FRAGMENT [RANDOM] hosts=10 instances=120
Per-Host Shared Resources: mem-estimate=17.00MB mem-reservation=17.00MB thread-reservation=0 runtime-filters-memory=17.00MB
Per-Instance Resources: mem-estimate=24.59MB mem-reservation=1.00MB thread-reservation=1
max-parallelism=187 segment-costs=[1906326833]
05:HASH JOIN [INNER JOIN, BROADCAST]
|  hash-table-id=01
|  hash predicates: cs_bill_customer_sk = c_customer_sk
|  fk/pk conjuncts: cs_bill_customer_sk = c_customer_sk
|  mem-estimate=0B mem-reservation=0B spill-buffer=2.00MB thread-reservation=0
|  tuple-ids=0,3,1 row-size=32B cardinality=402.85M cost=185561904
|  in pipelines: 00(GETNEXT), 01(OPEN)
|
|--F08:PLAN FRAGMENT [RANDOM] hosts=10 instances=10
|  |  Per-Instance Resources: mem-estimate=1023.00MB mem-reservation=424.00MB thread-reservation=1 runtime-filters-memory=16.00MB
|  |  max-parallelism=10 segment-costs=[69869990]
|  JOIN BUILD
|  |  join-table-id=01 plan-id=02 cohort-id=01
|  |  build expressions: c_customer_sk
|  |  runtime filters: RF002[bloom] <- c_customer_sk, RF003[min_max] <- c_customer_sk
|  |  mem-estimate=996.88MB mem-reservation=408.00MB spill-buffer=2.00MB thread-reservation=0 cost=30000000
|  |
|  10:EXCHANGE [BROADCAST]
|  |  mem-estimate=10.12MB mem-reservation=0B thread-reservation=0
|  |  tuple-ids=1 row-size=8B cardinality=30.00M cost=39869990
|  |  in pipelines: 01(GETNEXT)
|  |
|  F02:PLAN FRAGMENT [RANDOM] hosts=10 instances=10
|  Per-Host Shared Resources: mem-estimate=16.00MB mem-reservation=16.00MB thread-reservation=0 runtime-filters-memory=16.00MB
|  Per-Instance Resources: mem-estimate=16.05MB mem-reservation=1.00MB thread-reservation=1
|  max-parallelism=10 segment-costs=[4752000]
|  01:SCAN HDFS [tpcds_partitioned_parquet_snap.customer, RANDOM]
|     HDFS partitions=1/1 files=1 size=1.55GB
|     runtime filters: RF001[min_max] -> c_current_addr_sk, RF000[bloom] -> c_current_addr_sk
|     stored statistics:
|       table: rows=30.00M size=1.55GB
|       columns: all
|     extrapolated-rows=disabled max-scan-range-rows=3.10M
|     mem-estimate=16.00MB mem-reservation=1.00MB thread-reservation=0
|     tuple-ids=1 row-size=8B cardinality=30.00M cost=3456000
|     in pipelines: 01(GETNEXT)
|
04:HASH JOIN [INNER JOIN, BROADCAST]
|  hash-table-id=02
|  hash predicates: cs_sold_date_sk = d_date_sk
|  fk/pk conjuncts: cs_sold_date_sk = d_date_sk
|  mem-estimate=0B mem-reservation=0B spill-buffer=64.00KB thread-reservation=0
|  tuple-ids=0,3 row-size=24B cardinality=438.85M cost=192084682
|  in pipelines: 00(GETNEXT), 03(OPEN)
|
|--F09:PLAN FRAGMENT [RANDOM] hosts=10 instances=10
|  |  Per-Instance Resources: mem-estimate=24.27MB mem-reservation=24.25MB thread-reservation=1 runtime-filters-memory=1.00MB
|  |  max-parallelism=10 segment-costs=[426]
|  JOIN BUILD
|  |  join-table-id=02 plan-id=03 cohort-id=01
|  |  build expressions: d_date_sk
|  |  runtime filters: RF004[bloom] <- d_date_sk
|  |  mem-estimate=23.25MB mem-reservation=23.25MB spill-buffer=64.00KB thread-reservation=0 cost=186
|  |
|  09:EXCHANGE [BROADCAST]
|  |  mem-estimate=16.00KB mem-reservation=0B thread-reservation=0
|  |  tuple-ids=3 row-size=12B cardinality=186 cost=240
|  |  in pipelines: 03(GETNEXT)
|  |
|  F01:PLAN FRAGMENT [RANDOM] hosts=1 instances=1
|  Per-Instance Resources: mem-estimate=20.06MB mem-reservation=4.50MB thread-reservation=1
|  max-parallelism=1 segment-costs=[16738]
|  16:TUPLE CACHE
|  |  cache key: eccc14a9d15ea20bf0a9d5d630df955b
|  |  input scan node ids: 3
|  |  estimated serialized size: 2.91KB
|  |  estimated serialized size per node: 2.91KB
|  |  cumulative processing cost: 16728
|  |  cache read processing cost: 24
|  |  cache write processing cost: 8
|  |  mem-estimate=4.00MB mem-reservation=4.00MB spill-buffer=2.00MB thread-reservation=0
|  |  tuple-ids=3 row-size=12B cardinality=186 cost=0
|  |  in pipelines: 03(GETNEXT)
|  |
|  03:SCAN HDFS [tpcds_partitioned_parquet_snap.date_dim, RANDOM]
|     HDFS partitions=1/1 files=1 size=2.17MB
|     deterministic scan range assignment: true
|     schedule scan ranges oldest to newest: true
|     predicates: d_year = CAST(2000 AS INT), d_qoy = CAST(1 AS INT)
|     stored statistics:
|       table: rows=73.05K size=2.17MB
|       columns: all
|     extrapolated-rows=disabled max-scan-range-rows=73.05K
|     parquet statistics predicates: d_year = CAST(2000 AS INT), d_qoy = CAST(1 AS INT)
|     parquet dictionary predicates: d_year = CAST(2000 AS INT), d_qoy = CAST(1 AS INT)
|     mem-estimate=16.00MB mem-reservation=512.00KB thread-reservation=0
|     tuple-ids=3 row-size=12B cardinality=186 cost=16728
|     in pipelines: 03(GETNEXT)
|
00:SCAN HDFS [tpcds_partitioned_parquet_snap.catalog_sales, RANDOM]
   HDFS partitions=1831/1831 files=1831 size=280.96GB
   runtime filters: RF003[min_max] -> cs_bill_customer_sk, RF002[bloom] -> cs_bill_customer_sk, RF004[bloom] -> cs_sold_date_sk
   stored statistics:
     table: rows=4.32G size=280.96GB
     partitions: 1831/1831 rows=4.32G
     columns: all
   extrapolated-rows=disabled max-scan-range-rows=21.52M est-scan-range=187(filtered from 1831)
   mem-estimate=16.00MB mem-reservation=1.00MB thread-reservation=0
   tuple-ids=0 row-size=12B cardinality=438.85M(filtered from 4.32G) cost=75833294
   in pipelines: 00(GETNEXT)
====
