# TPCDS-Q57
# start query 57 in stream 0 using template query57.tpl using seed 672489959
with v1 as(
 select i_category, i_brand,
        cc_name,
        d_year, d_moy,
        sum(cs_sales_price) sum_sales,
        avg(sum(cs_sales_price)) over
          (partition by i_category, i_brand,
                     cc_name, d_year)
          avg_monthly_sales,
        rank() over
          (partition by i_category, i_brand,
                     cc_name
           order by d_year, d_moy) rn
 from item, catalog_sales, date_dim, call_center
 where cs_item_sk = i_item_sk and
       cs_sold_date_sk = d_date_sk and
       cc_call_center_sk= cs_call_center_sk and
       (
         d_year = 2001 or
         ( d_year = 2001-1 and d_moy =12) or
         ( d_year = 2001+1 and d_moy =1)
       )
 group by i_category, i_brand,
          cc_name , d_year, d_moy),
 v2 as(
 select v1.i_category, v1.i_brand, v1.cc_name
        ,v1.d_year, v1.d_moy
        ,v1.avg_monthly_sales
        ,v1.sum_sales, v1_lag.sum_sales psum, v1_lead.sum_sales nsum
 from v1, v1 v1_lag, v1 v1_lead
 where v1.i_category = v1_lag.i_category and
       v1.i_category = v1_lead.i_category and
       v1.i_brand = v1_lag.i_brand and
       v1.i_brand = v1_lead.i_brand and
       v1. cc_name = v1_lag. cc_name and
       v1. cc_name = v1_lead. cc_name and
       v1.rn = v1_lag.rn + 1 and
       v1.rn = v1_lead.rn - 1)
  select  *
 from v2
 where  d_year = 2001 and
        avg_monthly_sales > 0 and
        case when avg_monthly_sales > 0 then abs(sum_sales - avg_monthly_sales) / avg_monthly_sales else null end > 0.1
 order by sum_sales - avg_monthly_sales, avg_monthly_sales
 limit 100;

# end query 57 in stream 0 using template query57.tpl
---- PLAN
Max Per-Host Resource Reservation: Memory=243.62MB Threads=1
Per-Host Resource Estimates: Memory=189.05GB
F00:PLAN FRAGMENT [UNPARTITIONED] hosts=1 instances=1
|  Per-Instance Resources: mem-estimate=189.05GB mem-reservation=243.62MB thread-reservation=1 runtime-filters-memory=9.00MB
|  max-parallelism=1 segment-costs=[4679833259, 1710158229, 4679833259, 1710158229, 2214045214, 4679833259, 1710158229, 5732824810256569220, 900]
PLAN-ROOT SINK
|  output exprs: i_category, i_brand, cc_name, d_year, d_moy, avg_monthly_sales, sum_sales, psum, nsum
|  mem-estimate=4.00MB mem-reservation=4.00MB spill-buffer=2.00MB thread-reservation=0 cost=900
|
35:TOP-N [LIMIT=100]
|  order by: sum_sales - avg_monthly_sales ASC, avg_monthly_sales ASC
|  mem-estimate=14.04KB mem-reservation=0B thread-reservation=0
|  tuple-ids=25 row-size=144B cardinality=100 cost=5700844870267781120
|  in pipelines: 35(GETNEXT), 21(OPEN)
|
34:HASH JOIN [INNER JOIN]
|  hash predicates: rank() = rank() - 1, i_category = i_category, cc_name = cc_name, i_brand = i_brand
|  fk/pk conjuncts: none
|  mem-estimate=50.00GB mem-reservation=34.00MB spill-buffer=2.00MB thread-reservation=0
|  tuple-ids=44,43,36,31,52,51 row-size=327B cardinality=176488.93T cost=31979878532739128
|  in pipelines: 21(GETNEXT), 31(OPEN)
|
|--32:ANALYTIC
|  |  functions: rank()
|  |  partition by: i_category, i_brand, cc_name
|  |  order by: d_year ASC, d_moy ASC
|  |  window: RANGE BETWEEN UNBOUNDED PRECEDING AND CURRENT ROW
|  |  mem-estimate=4.00MB mem-reservation=4.00MB spill-buffer=2.00MB thread-reservation=0
|  |  tuple-ids=52,51 row-size=104B cardinality=373.80M cost=373803360
|  |  in pipelines: 31(GETNEXT)
|  |
|  31:SORT
|  |  order by: i_category ASC NULLS LAST, i_brand ASC NULLS LAST, cc_name ASC NULLS LAST, d_year ASC, d_moy ASC
|  |  mem-estimate=33.36GB mem-reservation=12.00MB spill-buffer=2.00MB thread-reservation=0
|  |  tuple-ids=52 row-size=96B cardinality=373.80M cost=1710158229
|  |  in pipelines: 31(GETNEXT), 30(OPEN)
|  |
|  30:AGGREGATE [FINALIZE]
|  |  output: sum(cs_sales_price)
|  |  group by: i_category, i_brand, cc_name, d_year, d_moy
|  |  mem-estimate=2.81GB mem-reservation=34.00MB spill-buffer=2.00MB thread-reservation=0
|  |  tuple-ids=20 row-size=96B cardinality=373.80M cost=3099121109
|  |  in pipelines: 30(GETNEXT), 24(OPEN)
|  |
|  29:HASH JOIN [INNER JOIN]
|  |  hash predicates: cs_call_center_sk = cc_call_center_sk
|  |  fk/pk conjuncts: cs_call_center_sk = cc_call_center_sk
|  |  runtime filters: RF012[bloom] <- cc_call_center_sk, RF013[min_max] <- cc_call_center_sk
|  |  mem-estimate=1.94MB mem-reservation=1.94MB spill-buffer=64.00KB thread-reservation=0
|  |  tuple-ids=17,18,16,19 row-size=108B cardinality=1.02G cost=447973652
|  |  in pipelines: 24(GETNEXT), 26(OPEN)
|  |
|  |--26:SCAN HDFS [tpcds_partitioned_parquet_snap.call_center]
|  |     HDFS partitions=1/1 files=1 size=16.57KB
|  |     stored statistics:
|  |       table: rows=48 size=16.57KB
|  |       columns: all
|  |     extrapolated-rows=disabled max-scan-range-rows=48
|  |     mem-estimate=16.00MB mem-reservation=16.00KB thread-reservation=0
|  |     tuple-ids=19 row-size=30B cardinality=48 cost=12
|  |     in pipelines: 26(GETNEXT)
|  |
|  28:HASH JOIN [INNER JOIN]
|  |  hash predicates: cs_item_sk = i_item_sk
|  |  fk/pk conjuncts: cs_item_sk = i_item_sk
|  |  runtime filters: RF014[bloom] <- i_item_sk, RF015[min_max] <- i_item_sk
|  |  mem-estimate=34.00MB mem-reservation=34.00MB spill-buffer=2.00MB thread-reservation=0
|  |  tuple-ids=17,18,16 row-size=78B cardinality=1.02G cost=448464864
|  |  in pipelines: 24(GETNEXT), 23(OPEN)
|  |
|  |--23:SCAN HDFS [tpcds_partitioned_parquet_snap.item]
|  |     HDFS partitions=1/1 files=1 size=33.54MB
|  |     stored statistics:
|  |       table: rows=360.00K size=33.54MB
|  |       columns: all
|  |     extrapolated-rows=disabled max-scan-range-rows=101.54K
|  |     mem-estimate=16.00MB mem-reservation=512.00KB thread-reservation=0
|  |     tuple-ids=16 row-size=50B cardinality=360.00K cost=135117
|  |     in pipelines: 23(GETNEXT)
|  |
|  27:HASH JOIN [INNER JOIN]
|  |  hash predicates: cs_sold_date_sk = d_date_sk
|  |  fk/pk conjuncts: cs_sold_date_sk = d_date_sk
|  |  runtime filters: RF016[bloom] <- d_date_sk
|  |  mem-estimate=1.94MB mem-reservation=1.94MB spill-buffer=64.00KB thread-reservation=0
|  |  tuple-ids=17,18 row-size=28B cardinality=1.02G cost=448198025
|  |  in pipelines: 24(GETNEXT), 25(OPEN)
|  |
|  |--38:TUPLE CACHE
|  |  |  cache key: 364784a46549b04976422b16bfae0cdc
|  |  |  input scan node ids: 25
|  |  |  estimated serialized size: 6.78KB
|  |  |  estimated serialized size per node: 6.78KB
|  |  |  cumulative processing cost: 14675
|  |  |  cache read processing cost: 57
|  |  |  cache write processing cost: 18
|  |  |  mem-estimate=4.00MB mem-reservation=4.00MB spill-buffer=2.00MB thread-reservation=0
|  |  |  tuple-ids=18 row-size=12B cardinality=434 cost=0
|  |  |  in pipelines: 25(GETNEXT)
|  |  |
|  |  25:SCAN HDFS [tpcds_partitioned_parquet_snap.date_dim]
|  |     HDFS partitions=1/1 files=1 size=2.17MB
|  |     deterministic scan range assignment: true
|  |     schedule scan ranges oldest to newest: true
|  |     predicates: (d_year = CAST(2001 AS INT) OR (d_year = CAST(2000 AS INT) AND d_moy = CAST(12 AS INT)) OR (d_year = CAST(2002 AS INT) AND d_moy = CAST(1 AS INT)))
|  |     stored statistics:
|  |       table: rows=73.05K size=2.17MB
|  |       columns: all
|  |     extrapolated-rows=disabled max-scan-range-rows=73.05K
|  |     mem-estimate=16.00MB mem-reservation=512.00KB thread-reservation=0
|  |     tuple-ids=18 row-size=12B cardinality=434 cost=14675
|  |     in pipelines: 25(GETNEXT)
|  |
|  24:SCAN HDFS [tpcds_partitioned_parquet_snap.catalog_sales]
|     HDFS partitions=1831/1831 files=1831 size=280.96GB
|     runtime filters: RF015[min_max] -> cs_item_sk, RF013[min_max] -> cs_call_center_sk, RF016[bloom] -> cs_sold_date_sk, RF014[bloom] -> cs_item_sk, RF012[bloom] -> cs_call_center_sk
|     stored statistics:
|       table: rows=4.32G size=280.96GB
|       partitions: 1831/1831 rows=4.32G
|       columns: all
|     extrapolated-rows=disabled max-scan-range-rows=21.52M est-scan-range=435(filtered from 1831)
|     mem-estimate=16.00MB mem-reservation=1.00MB thread-reservation=0
|     tuple-ids=17 row-size=16B cardinality=1.02G(filtered from 4.32G) cost=235925805
|     in pipelines: 24(GETNEXT)
|
33:HASH JOIN [INNER JOIN]
|  hash predicates: rank() + 1 = rank(), i_category = i_category, cc_name = cc_name, i_brand = i_brand
|  fk/pk conjuncts: none
|  mem-estimate=87.69MB mem-reservation=34.00MB spill-buffer=2.00MB thread-reservation=0
|  tuple-ids=44,43,36,31 row-size=224B cardinality=326.25G cost=59213228844
|  in pipelines: 21(GETNEXT), 10(OPEN)
|
|--12:SELECT
|  |  predicates: d_year = CAST(2001 AS INT), avg(sum(cs_sales_price)) > CAST(0 AS DECIMAL(3,0)), CASE WHEN avg(sum(cs_sales_price)) > CAST(0 AS DECIMAL(3,0)) THEN abs(sum(cs_sales_price) - avg(sum(cs_sales_price))) / avg(sum(cs_sales_price)) ELSE NULL END > CAST(0.1 AS DECIMAL(1,1))
|  |  mem-estimate=0B mem-reservation=0B thread-reservation=0
|  |  tuple-ids=36,31 row-size=120B cardinality=603.10K cost=1121410048
|  |  in pipelines: 10(GETNEXT)
|  |
|  11:ANALYTIC
|  |  functions: avg(sum(cs_sales_price))
|  |  partition by: i_category, i_brand, cc_name, d_year
|  |  mem-estimate=4.00MB mem-reservation=4.00MB spill-buffer=2.00MB thread-reservation=0
|  |  tuple-ids=36,31 row-size=120B cardinality=373.80M cost=373803360
|  |  in pipelines: 10(GETNEXT)
|  |
|  10:SORT
|  |  order by: i_category ASC NULLS LAST, i_brand ASC NULLS LAST, cc_name ASC NULLS LAST, d_year ASC NULLS LAST
|  |  mem-estimate=36.14GB mem-reservation=12.00MB spill-buffer=2.00MB thread-reservation=0
|  |  tuple-ids=36 row-size=104B cardinality=373.80M cost=1840241854
|  |  in pipelines: 10(GETNEXT), 08(OPEN)
|  |
|  09:ANALYTIC
|  |  functions: rank()
|  |  partition by: i_category, i_brand, cc_name
|  |  order by: d_year ASC, d_moy ASC
|  |  window: RANGE BETWEEN UNBOUNDED PRECEDING AND CURRENT ROW
|  |  mem-estimate=4.00MB mem-reservation=4.00MB spill-buffer=2.00MB thread-reservation=0
|  |  tuple-ids=34,33 row-size=104B cardinality=373.80M cost=373803360
|  |  in pipelines: 08(GETNEXT)
|  |
|  08:SORT
|  |  order by: i_category ASC NULLS LAST, i_brand ASC NULLS LAST, cc_name ASC NULLS LAST, d_year ASC, d_moy ASC
|  |  mem-estimate=33.36GB mem-reservation=12.00MB spill-buffer=2.00MB thread-reservation=0
|  |  tuple-ids=34 row-size=96B cardinality=373.80M cost=1710158229
|  |  in pipelines: 08(GETNEXT), 07(OPEN)
|  |
|  07:AGGREGATE [FINALIZE]
|  |  output: sum(cs_sales_price)
|  |  group by: i_category, i_brand, cc_name, d_year, d_moy
|  |  mem-estimate=2.81GB mem-reservation=34.00MB spill-buffer=2.00MB thread-reservation=0
|  |  tuple-ids=4 row-size=96B cardinality=373.80M cost=3099121109
|  |  in pipelines: 07(GETNEXT), 01(OPEN)
|  |
|  06:HASH JOIN [INNER JOIN]
|  |  hash predicates: cs_call_center_sk = cc_call_center_sk
|  |  fk/pk conjuncts: cs_call_center_sk = cc_call_center_sk
|  |  runtime filters: RF006[bloom] <- cc_call_center_sk, RF007[min_max] <- cc_call_center_sk
|  |  mem-estimate=1.94MB mem-reservation=1.94MB spill-buffer=64.00KB thread-reservation=0
|  |  tuple-ids=1,2,0,3 row-size=108B cardinality=1.02G cost=447973652
|  |  in pipelines: 01(GETNEXT), 03(OPEN)
|  |
|  |--03:SCAN HDFS [tpcds_partitioned_parquet_snap.call_center]
|  |     HDFS partitions=1/1 files=1 size=16.57KB
|  |     stored statistics:
|  |       table: rows=48 size=16.57KB
|  |       columns: all
|  |     extrapolated-rows=disabled max-scan-range-rows=48
|  |     mem-estimate=16.00MB mem-reservation=16.00KB thread-reservation=0
|  |     tuple-ids=3 row-size=30B cardinality=48 cost=12
|  |     in pipelines: 03(GETNEXT)
|  |
|  05:HASH JOIN [INNER JOIN]
|  |  hash predicates: cs_item_sk = i_item_sk
|  |  fk/pk conjuncts: cs_item_sk = i_item_sk
|  |  runtime filters: RF008[bloom] <- i_item_sk, RF009[min_max] <- i_item_sk
|  |  mem-estimate=34.00MB mem-reservation=34.00MB spill-buffer=2.00MB thread-reservation=0
|  |  tuple-ids=1,2,0 row-size=78B cardinality=1.02G cost=448464864
|  |  in pipelines: 01(GETNEXT), 00(OPEN)
|  |
|  |--00:SCAN HDFS [tpcds_partitioned_parquet_snap.item]
|  |     HDFS partitions=1/1 files=1 size=33.54MB
|  |     stored statistics:
|  |       table: rows=360.00K size=33.54MB
|  |       columns: all
|  |     extrapolated-rows=disabled max-scan-range-rows=101.54K
|  |     mem-estimate=16.00MB mem-reservation=512.00KB thread-reservation=0
|  |     tuple-ids=0 row-size=50B cardinality=360.00K cost=135117
|  |     in pipelines: 00(GETNEXT)
|  |
|  04:HASH JOIN [INNER JOIN]
|  |  hash predicates: cs_sold_date_sk = d_date_sk
|  |  fk/pk conjuncts: cs_sold_date_sk = d_date_sk
|  |  runtime filters: RF010[bloom] <- d_date_sk
|  |  mem-estimate=1.94MB mem-reservation=1.94MB spill-buffer=64.00KB thread-reservation=0
|  |  tuple-ids=1,2 row-size=28B cardinality=1.02G cost=448198025
|  |  in pipelines: 01(GETNEXT), 02(OPEN)
|  |
|  |--37:TUPLE CACHE
|  |  |  cache key: 364784a46549b04976422b16bfae0cdc
|  |  |  input scan node ids: 2
|  |  |  estimated serialized size: 6.78KB
|  |  |  estimated serialized size per node: 6.78KB
|  |  |  cumulative processing cost: 14675
|  |  |  cache read processing cost: 57
|  |  |  cache write processing cost: 18
|  |  |  mem-estimate=4.00MB mem-reservation=4.00MB spill-buffer=2.00MB thread-reservation=0
|  |  |  tuple-ids=2 row-size=12B cardinality=434 cost=0
|  |  |  in pipelines: 02(GETNEXT)
|  |  |
|  |  02:SCAN HDFS [tpcds_partitioned_parquet_snap.date_dim]
|  |     HDFS partitions=1/1 files=1 size=2.17MB
|  |     deterministic scan range assignment: true
|  |     schedule scan ranges oldest to newest: true
|  |     predicates: (d_year = CAST(2001 AS INT) OR (d_year = CAST(2000 AS INT) AND d_moy = CAST(12 AS INT)) OR (d_year = CAST(2002 AS INT) AND d_moy = CAST(1 AS INT)))
|  |     stored statistics:
|  |       table: rows=73.05K size=2.17MB
|  |       columns: all
|  |     extrapolated-rows=disabled max-scan-range-rows=73.05K
|  |     mem-estimate=16.00MB mem-reservation=512.00KB thread-reservation=0
|  |     tuple-ids=2 row-size=12B cardinality=434 cost=14675
|  |     in pipelines: 02(GETNEXT)
|  |
|  01:SCAN HDFS [tpcds_partitioned_parquet_snap.catalog_sales]
|     HDFS partitions=1831/1831 files=1831 size=280.96GB
|     runtime filters: RF009[min_max] -> cs_item_sk, RF007[min_max] -> cs_call_center_sk, RF010[bloom] -> cs_sold_date_sk, RF008[bloom] -> cs_item_sk, RF006[bloom] -> cs_call_center_sk
|     stored statistics:
|       table: rows=4.32G size=280.96GB
|       partitions: 1831/1831 rows=4.32G
|       columns: all
|     extrapolated-rows=disabled max-scan-range-rows=21.52M est-scan-range=435(filtered from 1831)
|     mem-estimate=16.00MB mem-reservation=1.00MB thread-reservation=0
|     tuple-ids=1 row-size=16B cardinality=1.02G(filtered from 4.32G) cost=235925805
|     in pipelines: 01(GETNEXT)
|
22:ANALYTIC
|  functions: rank()
|  partition by: i_category, i_brand, cc_name
|  order by: d_year ASC, d_moy ASC
|  window: RANGE BETWEEN UNBOUNDED PRECEDING AND CURRENT ROW
|  mem-estimate=4.00MB mem-reservation=4.00MB spill-buffer=2.00MB thread-reservation=0
|  tuple-ids=44,43 row-size=104B cardinality=373.80M cost=373803360
|  in pipelines: 21(GETNEXT)
|
21:SORT
|  order by: i_category ASC NULLS LAST, i_brand ASC NULLS LAST, cc_name ASC NULLS LAST, d_year ASC, d_moy ASC
|  mem-estimate=33.36GB mem-reservation=12.00MB spill-buffer=2.00MB thread-reservation=0
|  tuple-ids=44 row-size=96B cardinality=373.80M cost=1710158229
|  in pipelines: 21(GETNEXT), 20(OPEN)
|
20:AGGREGATE [FINALIZE]
|  output: sum(cs_sales_price)
|  group by: i_category, i_brand, cc_name, d_year, d_moy
|  mem-estimate=2.81GB mem-reservation=34.00MB spill-buffer=2.00MB thread-reservation=0
|  tuple-ids=12 row-size=96B cardinality=373.80M cost=3099121109
|  in pipelines: 20(GETNEXT), 14(OPEN)
|
19:HASH JOIN [INNER JOIN]
|  hash predicates: cs_call_center_sk = cc_call_center_sk
|  fk/pk conjuncts: cs_call_center_sk = cc_call_center_sk
|  runtime filters: RF000[bloom] <- cc_call_center_sk, RF001[min_max] <- cc_call_center_sk
|  mem-estimate=1.94MB mem-reservation=1.94MB spill-buffer=64.00KB thread-reservation=0
|  tuple-ids=9,10,8,11 row-size=108B cardinality=1.02G cost=447973652
|  in pipelines: 14(GETNEXT), 16(OPEN)
|
|--16:SCAN HDFS [tpcds_partitioned_parquet_snap.call_center]
|     HDFS partitions=1/1 files=1 size=16.57KB
|     stored statistics:
|       table: rows=48 size=16.57KB
|       columns: all
|     extrapolated-rows=disabled max-scan-range-rows=48
|     mem-estimate=16.00MB mem-reservation=16.00KB thread-reservation=0
|     tuple-ids=11 row-size=30B cardinality=48 cost=12
|     in pipelines: 16(GETNEXT)
|
18:HASH JOIN [INNER JOIN]
|  hash predicates: cs_item_sk = i_item_sk
|  fk/pk conjuncts: cs_item_sk = i_item_sk
|  runtime filters: RF002[bloom] <- i_item_sk, RF003[min_max] <- i_item_sk
|  mem-estimate=34.00MB mem-reservation=34.00MB spill-buffer=2.00MB thread-reservation=0
|  tuple-ids=9,10,8 row-size=78B cardinality=1.02G cost=448464864
|  in pipelines: 14(GETNEXT), 13(OPEN)
|
|--13:SCAN HDFS [tpcds_partitioned_parquet_snap.item]
|     HDFS partitions=1/1 files=1 size=33.54MB
|     stored statistics:
|       table: rows=360.00K size=33.54MB
|       columns: all
|     extrapolated-rows=disabled max-scan-range-rows=101.54K
|     mem-estimate=16.00MB mem-reservation=512.00KB thread-reservation=0
|     tuple-ids=8 row-size=50B cardinality=360.00K cost=135117
|     in pipelines: 13(GETNEXT)
|
17:HASH JOIN [INNER JOIN]
|  hash predicates: cs_sold_date_sk = d_date_sk
|  fk/pk conjuncts: cs_sold_date_sk = d_date_sk
|  runtime filters: RF004[bloom] <- d_date_sk
|  mem-estimate=1.94MB mem-reservation=1.94MB spill-buffer=64.00KB thread-reservation=0
|  tuple-ids=9,10 row-size=28B cardinality=1.02G cost=448198025
|  in pipelines: 14(GETNEXT), 15(OPEN)
|
|--36:TUPLE CACHE
|  |  cache key: 364784a46549b04976422b16bfae0cdc
|  |  input scan node ids: 15
|  |  estimated serialized size: 6.78KB
|  |  estimated serialized size per node: 6.78KB
|  |  cumulative processing cost: 14675
|  |  cache read processing cost: 57
|  |  cache write processing cost: 18
|  |  mem-estimate=4.00MB mem-reservation=4.00MB spill-buffer=2.00MB thread-reservation=0
|  |  tuple-ids=10 row-size=12B cardinality=434 cost=0
|  |  in pipelines: 15(GETNEXT)
|  |
|  15:SCAN HDFS [tpcds_partitioned_parquet_snap.date_dim]
|     HDFS partitions=1/1 files=1 size=2.17MB
|     deterministic scan range assignment: true
|     schedule scan ranges oldest to newest: true
|     predicates: (d_year = CAST(2001 AS INT) OR (d_year = CAST(2000 AS INT) AND d_moy = CAST(12 AS INT)) OR (d_year = CAST(2002 AS INT) AND d_moy = CAST(1 AS INT)))
|     stored statistics:
|       table: rows=73.05K size=2.17MB
|       columns: all
|     extrapolated-rows=disabled max-scan-range-rows=73.05K
|     mem-estimate=16.00MB mem-reservation=512.00KB thread-reservation=0
|     tuple-ids=10 row-size=12B cardinality=434 cost=14675
|     in pipelines: 15(GETNEXT)
|
14:SCAN HDFS [tpcds_partitioned_parquet_snap.catalog_sales]
   HDFS partitions=1831/1831 files=1831 size=280.96GB
   runtime filters: RF003[min_max] -> cs_item_sk, RF001[min_max] -> cs_call_center_sk, RF004[bloom] -> cs_sold_date_sk, RF002[bloom] -> cs_item_sk, RF000[bloom] -> cs_call_center_sk
   stored statistics:
     table: rows=4.32G size=280.96GB
     partitions: 1831/1831 rows=4.32G
     columns: all
   extrapolated-rows=disabled max-scan-range-rows=21.52M est-scan-range=435(filtered from 1831)
   mem-estimate=16.00MB mem-reservation=1.00MB thread-reservation=0
   tuple-ids=9 row-size=16B cardinality=1.02G(filtered from 4.32G) cost=235925805
   in pipelines: 14(GETNEXT)
---- DISTRIBUTEDPLAN
Max Per-Host Resource Reservation: Memory=5.20GB Threads=116
Per-Host Resource Estimates: Memory=50.03GB
F16:PLAN FRAGMENT [UNPARTITIONED] hosts=1 instances=1
|  Per-Instance Resources: mem-estimate=5.69MB mem-reservation=4.00MB thread-reservation=1
|  max-parallelism=1 segment-costs=[954] cpu-comparison-result=360 [max(1 (self) vs 360 (sum children))]
PLAN-ROOT SINK
|  output exprs: i_category, i_brand, cc_name, d_year, d_moy, avg_monthly_sales, sum_sales, psum, nsum
|  mem-estimate=4.00MB mem-reservation=4.00MB spill-buffer=2.00MB thread-reservation=0 cost=900
|
54:MERGING-EXCHANGE [UNPARTITIONED]
|  order by: sum_sales - avg_monthly_sales ASC, avg_monthly_sales ASC
|  limit: 100
|  mem-estimate=1.69MB mem-reservation=0B thread-reservation=0
|  tuple-ids=25 row-size=144B cardinality=100 cost=54
|  in pipelines: 35(GETNEXT)
|
F15:PLAN FRAGMENT [HASH(rank(),i_category,cc_name,i_brand)] hosts=10 instances=120
Per-Instance Resources: mem-estimate=38.10MB mem-reservation=0B thread-reservation=1
max-parallelism=2147483640 segment-costs=[5732825156303337910, 408] cpu-comparison-result=360 [max(120 (self) vs 360 (sum children))]
35:TOP-N [LIMIT=100]
|  order by: sum_sales - avg_monthly_sales ASC, avg_monthly_sales ASC
|  mem-estimate=14.04KB mem-reservation=0B thread-reservation=0
|  tuple-ids=25 row-size=144B cardinality=100 cost=5700844870267781120
|  in pipelines: 35(GETNEXT), 21(OPEN)
|
34:HASH JOIN [INNER JOIN, PARTITIONED]
|  hash-table-id=00
|  hash predicates: rank() = rank() - 1, i_category = i_category, cc_name = cc_name, i_brand = i_brand
|  fk/pk conjuncts: none
|  mem-estimate=0B mem-reservation=0B spill-buffer=2.00MB thread-reservation=0
|  tuple-ids=44,43,36,31,52,51 row-size=327B cardinality=176488.93T cost=31979878158935768
|  in pipelines: 21(GETNEXT), 31(OPEN)
|
|--F17:PLAN FRAGMENT [HASH(rank(),i_category,cc_name,i_brand)] hosts=10 instances=120
|  |  Per-Instance Resources: mem-estimate=481.42MB mem-reservation=34.00MB thread-reservation=1
|  |  max-parallelism=2147483640 segment-costs=[607597055] cpu-comparison-result=120 [max(120 (self) vs 120 (sum children))]
|  JOIN BUILD
|  |  join-table-id=00 plan-id=01 cohort-id=01
|  |  build expressions: rank() - 1, i_category, cc_name, i_brand
|  |  mem-estimate=458.31MB mem-reservation=34.00MB spill-buffer=2.00MB thread-reservation=0 cost=373803360
|  |
|  53:EXCHANGE [HASH(rank() - 1,i_category,cc_name,i_brand)]
|  |  mem-estimate=23.10MB mem-reservation=0B thread-reservation=0
|  |  tuple-ids=52,51 row-size=104B cardinality=373.80M cost=233793695
|  |  in pipelines: 31(GETNEXT)
|  |
|  F14:PLAN FRAGMENT [HASH(i_category,i_brand,cc_name)] hosts=10 instances=120
|  Per-Instance Resources: mem-estimate=608.92MB mem-reservation=50.00MB thread-reservation=1
|  max-parallelism=370 segment-costs=[3641602439, 1710158229, 3258084843] cpu-comparison-result=120 [max(120 (self) vs 120 (sum children))]
|  32:ANALYTIC
|  |  functions: rank()
|  |  partition by: i_category, i_brand, cc_name
|  |  order by: d_year ASC, d_moy ASC
|  |  window: RANGE BETWEEN UNBOUNDED PRECEDING AND CURRENT ROW
|  |  mem-estimate=4.00MB mem-reservation=4.00MB spill-buffer=2.00MB thread-reservation=0
|  |  tuple-ids=52,51 row-size=104B cardinality=373.80M cost=373803360
|  |  in pipelines: 31(GETNEXT)
|  |
|  31:SORT
|  |  order by: i_category ASC NULLS LAST, i_brand ASC NULLS LAST, cc_name ASC NULLS LAST, d_year ASC, d_moy ASC
|  |  mem-estimate=284.64MB mem-reservation=12.00MB spill-buffer=2.00MB thread-reservation=0
|  |  tuple-ids=52 row-size=96B cardinality=373.80M cost=1710158229
|  |  in pipelines: 31(GETNEXT), 51(OPEN)
|  |
|  51:AGGREGATE [FINALIZE]
|  |  output: sum:merge(cs_sales_price)
|  |  group by: i_category, i_brand, cc_name, d_year, d_moy
|  |  mem-estimate=320.29MB mem-reservation=34.00MB spill-buffer=2.00MB thread-reservation=0
|  |  tuple-ids=20 row-size=96B cardinality=373.80M cost=3083198540
|  |  in pipelines: 51(GETNEXT), 24(OPEN)
|  |
|  50:EXCHANGE [HASH(i_category,i_brand,cc_name)]
|  |  mem-estimate=21.70MB mem-reservation=0B thread-reservation=0
|  |  tuple-ids=20 row-size=96B cardinality=1.01G cost=558403899
|  |  in pipelines: 24(GETNEXT)
|  |
|  F10:PLAN FRAGMENT [RANDOM] hosts=10 instances=120
|  Per-Host Shared Resources: mem-estimate=3.00MB mem-reservation=3.00MB thread-reservation=0 runtime-filters-memory=3.00MB
|  Per-Instance Resources: mem-estimate=583.89MB mem-reservation=35.00MB thread-reservation=1
|  max-parallelism=435 segment-costs=[7568871876, 6765092689] cpu-comparison-result=120 [max(120 (self) vs 36 (sum children))]
|  30:AGGREGATE [STREAMING]
|  |  output: sum(cs_sales_price)
|  |  group by: i_category, i_brand, cc_name, d_year, d_moy
|  |  mem-estimate=521.11MB mem-reservation=34.00MB spill-buffer=2.00MB thread-reservation=0
|  |  tuple-ids=20 row-size=96B cardinality=1.01G cost=5988670012
|  |  in pipelines: 24(GETNEXT)
|  |
|  29:HASH JOIN [INNER JOIN, BROADCAST]
|  |  hash-table-id=01
|  |  hash predicates: cs_call_center_sk = cc_call_center_sk
|  |  fk/pk conjuncts: cs_call_center_sk = cc_call_center_sk
|  |  mem-estimate=0B mem-reservation=0B spill-buffer=64.00KB thread-reservation=0
|  |  tuple-ids=17,18,16,19 row-size=108B cardinality=1.02G cost=447973604
|  |  in pipelines: 24(GETNEXT), 26(OPEN)
|  |
|  |--F18:PLAN FRAGMENT [RANDOM] hosts=10 instances=10
|  |  |  Per-Instance Resources: mem-estimate=24.27MB mem-reservation=24.25MB thread-reservation=1 runtime-filters-memory=1.00MB
|  |  |  max-parallelism=10 segment-costs=[108]
|  |  JOIN BUILD
|  |  |  join-table-id=01 plan-id=02 cohort-id=02
|  |  |  build expressions: cc_call_center_sk
|  |  |  runtime filters: RF012[bloom] <- cc_call_center_sk, RF013[min_max] <- cc_call_center_sk
|  |  |  mem-estimate=23.25MB mem-reservation=23.25MB spill-buffer=64.00KB thread-reservation=0 cost=48
|  |  |
|  |  49:EXCHANGE [BROADCAST]
|  |  |  mem-estimate=16.00KB mem-reservation=0B thread-reservation=0
|  |  |  tuple-ids=19 row-size=30B cardinality=48 cost=60
|  |  |  in pipelines: 26(GETNEXT)
|  |  |
|  |  F13:PLAN FRAGMENT [RANDOM] hosts=1 instances=1
|  |  Per-Instance Resources: mem-estimate=16.13MB mem-reservation=16.00KB thread-reservation=1
|  |  max-parallelism=1 segment-costs=[16]
|  |  26:SCAN HDFS [tpcds_partitioned_parquet_snap.call_center, RANDOM]
|  |     HDFS partitions=1/1 files=1 size=16.57KB
|  |     stored statistics:
|  |       table: rows=48 size=16.57KB
|  |       columns: all
|  |     extrapolated-rows=disabled max-scan-range-rows=48
|  |     mem-estimate=16.00MB mem-reservation=16.00KB thread-reservation=0
|  |     tuple-ids=19 row-size=30B cardinality=48 cost=12
|  |     in pipelines: 26(GETNEXT)
|  |
|  28:HASH JOIN [INNER JOIN, BROADCAST]
|  |  hash-table-id=02
|  |  hash predicates: cs_item_sk = i_item_sk
|  |  fk/pk conjuncts: cs_item_sk = i_item_sk
|  |  mem-estimate=0B mem-reservation=0B spill-buffer=2.00MB thread-reservation=0
|  |  tuple-ids=17,18,16 row-size=78B cardinality=1.02G cost=448104864
|  |  in pipelines: 24(GETNEXT), 23(OPEN)
|  |
|  |--F19:PLAN FRAGMENT [RANDOM] hosts=10 instances=10
|  |  |  Per-Instance Resources: mem-estimate=419.21MB mem-reservation=409.00MB thread-reservation=1 runtime-filters-memory=1.00MB
|  |  |  max-parallelism=10 segment-costs=[838440]
|  |  JOIN BUILD
|  |  |  join-table-id=02 plan-id=03 cohort-id=02
|  |  |  build expressions: i_item_sk
|  |  |  runtime filters: RF014[bloom] <- i_item_sk, RF015[min_max] <- i_item_sk
|  |  |  mem-estimate=408.00MB mem-reservation=408.00MB spill-buffer=2.00MB thread-reservation=0 cost=360000
|  |  |
|  |  48:EXCHANGE [BROADCAST]
|  |  |  mem-estimate=10.21MB mem-reservation=0B thread-reservation=0
|  |  |  tuple-ids=16 row-size=50B cardinality=360.00K cost=478440
|  |  |  in pipelines: 23(GETNEXT)
|  |  |
|  |  F12:PLAN FRAGMENT [RANDOM] hosts=4 instances=4
|  |  Per-Instance Resources: mem-estimate=16.21MB mem-reservation=512.00KB thread-reservation=1
|  |  max-parallelism=4 segment-costs=[191555]
|  |  23:SCAN HDFS [tpcds_partitioned_parquet_snap.item, RANDOM]
|  |     HDFS partitions=1/1 files=1 size=33.54MB
|  |     stored statistics:
|  |       table: rows=360.00K size=33.54MB
|  |       columns: all
|  |     extrapolated-rows=disabled max-scan-range-rows=101.54K
|  |     mem-estimate=16.00MB mem-reservation=512.00KB thread-reservation=0
|  |     tuple-ids=16 row-size=50B cardinality=360.00K cost=135117
|  |     in pipelines: 23(GETNEXT)
|  |
|  27:HASH JOIN [INNER JOIN, BROADCAST]
|  |  hash-table-id=03
|  |  hash predicates: cs_sold_date_sk = d_date_sk
|  |  fk/pk conjuncts: cs_sold_date_sk = d_date_sk
|  |  mem-estimate=0B mem-reservation=0B spill-buffer=64.00KB thread-reservation=0
|  |  tuple-ids=17,18 row-size=28B cardinality=1.02G cost=448197591
|  |  in pipelines: 24(GETNEXT), 25(OPEN)
|  |
|  |--F20:PLAN FRAGMENT [RANDOM] hosts=10 instances=10
|  |  |  Per-Instance Resources: mem-estimate=24.27MB mem-reservation=24.25MB thread-reservation=1 runtime-filters-memory=1.00MB
|  |  |  max-parallelism=10 segment-costs=[1004]
|  |  JOIN BUILD
|  |  |  join-table-id=03 plan-id=04 cohort-id=02
|  |  |  build expressions: d_date_sk
|  |  |  runtime filters: RF016[bloom] <- d_date_sk
|  |  |  mem-estimate=23.25MB mem-reservation=23.25MB spill-buffer=64.00KB thread-reservation=0 cost=434
|  |  |
|  |  47:EXCHANGE [BROADCAST]
|  |  |  mem-estimate=16.00KB mem-reservation=0B thread-reservation=0
|  |  |  tuple-ids=18 row-size=12B cardinality=434 cost=570
|  |  |  in pipelines: 25(GETNEXT)
|  |  |
|  |  F11:PLAN FRAGMENT [RANDOM] hosts=1 instances=1
|  |  Per-Instance Resources: mem-estimate=20.06MB mem-reservation=4.50MB thread-reservation=1
|  |  max-parallelism=1 segment-costs=[14698]
|  |  57:TUPLE CACHE
|  |  |  cache key: 364784a46549b04976422b16bfae0cdc
|  |  |  input scan node ids: 25
|  |  |  estimated serialized size: 6.78KB
|  |  |  estimated serialized size per node: 6.78KB
|  |  |  cumulative processing cost: 14675
|  |  |  cache read processing cost: 57
|  |  |  cache write processing cost: 18
|  |  |  mem-estimate=4.00MB mem-reservation=4.00MB spill-buffer=2.00MB thread-reservation=0
|  |  |  tuple-ids=18 row-size=12B cardinality=434 cost=0
|  |  |  in pipelines: 25(GETNEXT)
|  |  |
|  |  25:SCAN HDFS [tpcds_partitioned_parquet_snap.date_dim, RANDOM]
|  |     HDFS partitions=1/1 files=1 size=2.17MB
|  |     deterministic scan range assignment: true
|  |     schedule scan ranges oldest to newest: true
|  |     predicates: (d_year = CAST(2001 AS INT) OR (d_year = CAST(2000 AS INT) AND d_moy = CAST(12 AS INT)) OR (d_year = CAST(2002 AS INT) AND d_moy = CAST(1 AS INT)))
|  |     stored statistics:
|  |       table: rows=73.05K size=2.17MB
|  |       columns: all
|  |     extrapolated-rows=disabled max-scan-range-rows=73.05K
|  |     mem-estimate=16.00MB mem-reservation=512.00KB thread-reservation=0
|  |     tuple-ids=18 row-size=12B cardinality=434 cost=14675
|  |     in pipelines: 25(GETNEXT)
|  |
|  24:SCAN HDFS [tpcds_partitioned_parquet_snap.catalog_sales, RANDOM]
|     HDFS partitions=1831/1831 files=1831 size=280.96GB
|     runtime filters: RF015[min_max] -> cs_item_sk, RF013[min_max] -> cs_call_center_sk, RF016[bloom] -> cs_sold_date_sk, RF014[bloom] -> cs_item_sk, RF012[bloom] -> cs_call_center_sk
|     stored statistics:
|       table: rows=4.32G size=280.96GB
|       partitions: 1831/1831 rows=4.32G
|       columns: all
|     extrapolated-rows=disabled max-scan-range-rows=21.52M est-scan-range=435(filtered from 1831)
|     mem-estimate=16.00MB mem-reservation=1.00MB thread-reservation=0
|     tuple-ids=17 row-size=16B cardinality=1.02G(filtered from 4.32G) cost=235925805
|     in pipelines: 24(GETNEXT)
|
52:EXCHANGE [HASH(rank(),i_category,cc_name,i_brand)]
|  mem-estimate=38.08MB mem-reservation=0B thread-reservation=0
|  tuple-ids=44,43,36,31 row-size=224B cardinality=326.25G cost=407876621022
|  in pipelines: 21(GETNEXT)
|
F04:PLAN FRAGMENT [HASH(i_category,i_brand,cc_name)] hosts=10 instances=120
Per-Instance Resources: mem-estimate=608.92MB mem-reservation=50.00MB thread-reservation=1
max-parallelism=543050 segment-costs=[3641602439, 1710158229, 5430492465901] cpu-comparison-result=240 [max(120 (self) vs 240 (sum children))]
33:HASH JOIN [INNER JOIN, BROADCAST]
|  hash-table-id=04
|  hash predicates: rank() + 1 = rank(), i_category = i_category, cc_name = cc_name, i_brand = i_brand
|  fk/pk conjuncts: none
|  mem-estimate=0B mem-reservation=0B spill-buffer=2.00MB thread-reservation=0
|  tuple-ids=44,43,36,31 row-size=224B cardinality=326.25G cost=59212625747
|  in pipelines: 21(GETNEXT), 10(OPEN)
|
|--F21:PLAN FRAGMENT [HASH(i_category,i_brand,cc_name)] hosts=10 instances=10
|  |  Per-Instance Resources: mem-estimate=432.98MB mem-reservation=408.00MB thread-reservation=1
|  |  max-parallelism=10 segment-costs=[1404607] cpu-comparison-result=120 [max(10 (self) vs 120 (sum children))]
|  JOIN BUILD
|  |  join-table-id=04 plan-id=05 cohort-id=01
|  |  build expressions: rank(), i_category, cc_name, i_brand
|  |  mem-estimate=408.00MB mem-reservation=408.00MB spill-buffer=2.00MB thread-reservation=0 cost=603097
|  |
|  46:EXCHANGE [BROADCAST]
|  |  mem-estimate=24.98MB mem-reservation=0B thread-reservation=0
|  |  tuple-ids=36,31 row-size=120B cardinality=603.10K cost=801510
|  |  in pipelines: 10(GETNEXT)
|  |
|  F09:PLAN FRAGMENT [HASH(i_category,i_brand,cc_name)] hosts=10 instances=120
|  Per-Instance Resources: mem-estimate=612.92MB mem-reservation=54.00MB thread-reservation=1
|  max-parallelism=370 segment-costs=[3641602439, 1710158229, 2214045214, 1495434562] cpu-comparison-result=120 [max(120 (self) vs 120 (sum children))]
|  12:SELECT
|  |  predicates: d_year = CAST(2001 AS INT), avg(sum(cs_sales_price)) > CAST(0 AS DECIMAL(3,0)), CASE WHEN avg(sum(cs_sales_price)) > CAST(0 AS DECIMAL(3,0)) THEN abs(sum(cs_sales_price) - avg(sum(cs_sales_price))) / avg(sum(cs_sales_price)) ELSE NULL END > CAST(0.1 AS DECIMAL(1,1))
|  |  mem-estimate=0B mem-reservation=0B thread-reservation=0
|  |  tuple-ids=36,31 row-size=120B cardinality=603.10K cost=1121410048
|  |  in pipelines: 10(GETNEXT)
|  |
|  11:ANALYTIC
|  |  functions: avg(sum(cs_sales_price))
|  |  partition by: i_category, i_brand, cc_name, d_year
|  |  mem-estimate=4.00MB mem-reservation=4.00MB spill-buffer=2.00MB thread-reservation=0
|  |  tuple-ids=36,31 row-size=120B cardinality=373.80M cost=373803360
|  |  in pipelines: 10(GETNEXT)
|  |
|  10:SORT
|  |  order by: i_category ASC NULLS LAST, i_brand ASC NULLS LAST, cc_name ASC NULLS LAST, d_year ASC NULLS LAST
|  |  mem-estimate=308.40MB mem-reservation=12.00MB spill-buffer=2.00MB thread-reservation=0
|  |  tuple-ids=36 row-size=104B cardinality=373.80M cost=1840241854
|  |  in pipelines: 10(GETNEXT), 08(OPEN)
|  |
|  09:ANALYTIC
|  |  functions: rank()
|  |  partition by: i_category, i_brand, cc_name
|  |  order by: d_year ASC, d_moy ASC
|  |  window: RANGE BETWEEN UNBOUNDED PRECEDING AND CURRENT ROW
|  |  mem-estimate=4.00MB mem-reservation=4.00MB spill-buffer=2.00MB thread-reservation=0
|  |  tuple-ids=34,33 row-size=104B cardinality=373.80M cost=373803360
|  |  in pipelines: 08(GETNEXT)
|  |
|  08:SORT
|  |  order by: i_category ASC NULLS LAST, i_brand ASC NULLS LAST, cc_name ASC NULLS LAST, d_year ASC, d_moy ASC
|  |  mem-estimate=284.64MB mem-reservation=12.00MB spill-buffer=2.00MB thread-reservation=0
|  |  tuple-ids=34 row-size=96B cardinality=373.80M cost=1710158229
|  |  in pipelines: 08(GETNEXT), 45(OPEN)
|  |
|  45:AGGREGATE [FINALIZE]
|  |  output: sum:merge(cs_sales_price)
|  |  group by: i_category, i_brand, cc_name, d_year, d_moy
|  |  mem-estimate=320.29MB mem-reservation=34.00MB spill-buffer=2.00MB thread-reservation=0
|  |  tuple-ids=4 row-size=96B cardinality=373.80M cost=3083198540
|  |  in pipelines: 45(GETNEXT), 01(OPEN)
|  |
|  44:EXCHANGE [HASH(i_category,i_brand,cc_name)]
|  |  mem-estimate=21.70MB mem-reservation=0B thread-reservation=0
|  |  tuple-ids=4 row-size=96B cardinality=1.01G cost=558403899
|  |  in pipelines: 01(GETNEXT)
|  |
|  F05:PLAN FRAGMENT [RANDOM] hosts=10 instances=120
|  Per-Host Shared Resources: mem-estimate=3.00MB mem-reservation=3.00MB thread-reservation=0 runtime-filters-memory=3.00MB
|  Per-Instance Resources: mem-estimate=583.89MB mem-reservation=35.00MB thread-reservation=1
|  max-parallelism=435 segment-costs=[7568871876, 6765092689] cpu-comparison-result=120 [max(120 (self) vs 36 (sum children))]
|  07:AGGREGATE [STREAMING]
|  |  output: sum(cs_sales_price)
|  |  group by: i_category, i_brand, cc_name, d_year, d_moy
|  |  mem-estimate=521.11MB mem-reservation=34.00MB spill-buffer=2.00MB thread-reservation=0
|  |  tuple-ids=4 row-size=96B cardinality=1.01G cost=5988670012
|  |  in pipelines: 01(GETNEXT)
|  |
|  06:HASH JOIN [INNER JOIN, BROADCAST]
|  |  hash-table-id=05
|  |  hash predicates: cs_call_center_sk = cc_call_center_sk
|  |  fk/pk conjuncts: cs_call_center_sk = cc_call_center_sk
|  |  mem-estimate=0B mem-reservation=0B spill-buffer=64.00KB thread-reservation=0
|  |  tuple-ids=1,2,0,3 row-size=108B cardinality=1.02G cost=447973604
|  |  in pipelines: 01(GETNEXT), 03(OPEN)
|  |
|  |--F22:PLAN FRAGMENT [RANDOM] hosts=10 instances=10
|  |  |  Per-Instance Resources: mem-estimate=24.27MB mem-reservation=24.25MB thread-reservation=1 runtime-filters-memory=1.00MB
|  |  |  max-parallelism=10 segment-costs=[108]
|  |  JOIN BUILD
|  |  |  join-table-id=05 plan-id=06 cohort-id=03
|  |  |  build expressions: cc_call_center_sk
|  |  |  runtime filters: RF006[bloom] <- cc_call_center_sk, RF007[min_max] <- cc_call_center_sk
|  |  |  mem-estimate=23.25MB mem-reservation=23.25MB spill-buffer=64.00KB thread-reservation=0 cost=48
|  |  |
|  |  43:EXCHANGE [BROADCAST]
|  |  |  mem-estimate=16.00KB mem-reservation=0B thread-reservation=0
|  |  |  tuple-ids=3 row-size=30B cardinality=48 cost=60
|  |  |  in pipelines: 03(GETNEXT)
|  |  |
|  |  F08:PLAN FRAGMENT [RANDOM] hosts=1 instances=1
|  |  Per-Instance Resources: mem-estimate=16.13MB mem-reservation=16.00KB thread-reservation=1
|  |  max-parallelism=1 segment-costs=[16]
|  |  03:SCAN HDFS [tpcds_partitioned_parquet_snap.call_center, RANDOM]
|  |     HDFS partitions=1/1 files=1 size=16.57KB
|  |     stored statistics:
|  |       table: rows=48 size=16.57KB
|  |       columns: all
|  |     extrapolated-rows=disabled max-scan-range-rows=48
|  |     mem-estimate=16.00MB mem-reservation=16.00KB thread-reservation=0
|  |     tuple-ids=3 row-size=30B cardinality=48 cost=12
|  |     in pipelines: 03(GETNEXT)
|  |
|  05:HASH JOIN [INNER JOIN, BROADCAST]
|  |  hash-table-id=06
|  |  hash predicates: cs_item_sk = i_item_sk
|  |  fk/pk conjuncts: cs_item_sk = i_item_sk
|  |  mem-estimate=0B mem-reservation=0B spill-buffer=2.00MB thread-reservation=0
|  |  tuple-ids=1,2,0 row-size=78B cardinality=1.02G cost=448104864
|  |  in pipelines: 01(GETNEXT), 00(OPEN)
|  |
|  |--F23:PLAN FRAGMENT [RANDOM] hosts=10 instances=10
|  |  |  Per-Instance Resources: mem-estimate=419.21MB mem-reservation=409.00MB thread-reservation=1 runtime-filters-memory=1.00MB
|  |  |  max-parallelism=10 segment-costs=[838440]
|  |  JOIN BUILD
|  |  |  join-table-id=06 plan-id=07 cohort-id=03
|  |  |  build expressions: i_item_sk
|  |  |  runtime filters: RF008[bloom] <- i_item_sk, RF009[min_max] <- i_item_sk
|  |  |  mem-estimate=408.00MB mem-reservation=408.00MB spill-buffer=2.00MB thread-reservation=0 cost=360000
|  |  |
|  |  42:EXCHANGE [BROADCAST]
|  |  |  mem-estimate=10.21MB mem-reservation=0B thread-reservation=0
|  |  |  tuple-ids=0 row-size=50B cardinality=360.00K cost=478440
|  |  |  in pipelines: 00(GETNEXT)
|  |  |
|  |  F07:PLAN FRAGMENT [RANDOM] hosts=4 instances=4
|  |  Per-Instance Resources: mem-estimate=16.21MB mem-reservation=512.00KB thread-reservation=1
|  |  max-parallelism=4 segment-costs=[191555]
|  |  00:SCAN HDFS [tpcds_partitioned_parquet_snap.item, RANDOM]
|  |     HDFS partitions=1/1 files=1 size=33.54MB
|  |     stored statistics:
|  |       table: rows=360.00K size=33.54MB
|  |       columns: all
|  |     extrapolated-rows=disabled max-scan-range-rows=101.54K
|  |     mem-estimate=16.00MB mem-reservation=512.00KB thread-reservation=0
|  |     tuple-ids=0 row-size=50B cardinality=360.00K cost=135117
|  |     in pipelines: 00(GETNEXT)
|  |
|  04:HASH JOIN [INNER JOIN, BROADCAST]
|  |  hash-table-id=07
|  |  hash predicates: cs_sold_date_sk = d_date_sk
|  |  fk/pk conjuncts: cs_sold_date_sk = d_date_sk
|  |  mem-estimate=0B mem-reservation=0B spill-buffer=64.00KB thread-reservation=0
|  |  tuple-ids=1,2 row-size=28B cardinality=1.02G cost=448197591
|  |  in pipelines: 01(GETNEXT), 02(OPEN)
|  |
|  |--F24:PLAN FRAGMENT [RANDOM] hosts=10 instances=10
|  |  |  Per-Instance Resources: mem-estimate=24.27MB mem-reservation=24.25MB thread-reservation=1 runtime-filters-memory=1.00MB
|  |  |  max-parallelism=10 segment-costs=[1004]
|  |  JOIN BUILD
|  |  |  join-table-id=07 plan-id=08 cohort-id=03
|  |  |  build expressions: d_date_sk
|  |  |  runtime filters: RF010[bloom] <- d_date_sk
|  |  |  mem-estimate=23.25MB mem-reservation=23.25MB spill-buffer=64.00KB thread-reservation=0 cost=434
|  |  |
|  |  41:EXCHANGE [BROADCAST]
|  |  |  mem-estimate=16.00KB mem-reservation=0B thread-reservation=0
|  |  |  tuple-ids=2 row-size=12B cardinality=434 cost=570
|  |  |  in pipelines: 02(GETNEXT)
|  |  |
|  |  F06:PLAN FRAGMENT [RANDOM] hosts=1 instances=1
|  |  Per-Instance Resources: mem-estimate=20.06MB mem-reservation=4.50MB thread-reservation=1
|  |  max-parallelism=1 segment-costs=[14698]
|  |  56:TUPLE CACHE
|  |  |  cache key: 364784a46549b04976422b16bfae0cdc
|  |  |  input scan node ids: 2
|  |  |  estimated serialized size: 6.78KB
|  |  |  estimated serialized size per node: 6.78KB
|  |  |  cumulative processing cost: 14675
|  |  |  cache read processing cost: 57
|  |  |  cache write processing cost: 18
|  |  |  mem-estimate=4.00MB mem-reservation=4.00MB spill-buffer=2.00MB thread-reservation=0
|  |  |  tuple-ids=2 row-size=12B cardinality=434 cost=0
|  |  |  in pipelines: 02(GETNEXT)
|  |  |
|  |  02:SCAN HDFS [tpcds_partitioned_parquet_snap.date_dim, RANDOM]
|  |     HDFS partitions=1/1 files=1 size=2.17MB
|  |     deterministic scan range assignment: true
|  |     schedule scan ranges oldest to newest: true
|  |     predicates: (d_year = CAST(2001 AS INT) OR (d_year = CAST(2000 AS INT) AND d_moy = CAST(12 AS INT)) OR (d_year = CAST(2002 AS INT) AND d_moy = CAST(1 AS INT)))
|  |     stored statistics:
|  |       table: rows=73.05K size=2.17MB
|  |       columns: all
|  |     extrapolated-rows=disabled max-scan-range-rows=73.05K
|  |     mem-estimate=16.00MB mem-reservation=512.00KB thread-reservation=0
|  |     tuple-ids=2 row-size=12B cardinality=434 cost=14675
|  |     in pipelines: 02(GETNEXT)
|  |
|  01:SCAN HDFS [tpcds_partitioned_parquet_snap.catalog_sales, RANDOM]
|     HDFS partitions=1831/1831 files=1831 size=280.96GB
|     runtime filters: RF009[min_max] -> cs_item_sk, RF007[min_max] -> cs_call_center_sk, RF010[bloom] -> cs_sold_date_sk, RF008[bloom] -> cs_item_sk, RF006[bloom] -> cs_call_center_sk
|     stored statistics:
|       table: rows=4.32G size=280.96GB
|       partitions: 1831/1831 rows=4.32G
|       columns: all
|     extrapolated-rows=disabled max-scan-range-rows=21.52M est-scan-range=435(filtered from 1831)
|     mem-estimate=16.00MB mem-reservation=1.00MB thread-reservation=0
|     tuple-ids=1 row-size=16B cardinality=1.02G(filtered from 4.32G) cost=235925805
|     in pipelines: 01(GETNEXT)
|
22:ANALYTIC
|  functions: rank()
|  partition by: i_category, i_brand, cc_name
|  order by: d_year ASC, d_moy ASC
|  window: RANGE BETWEEN UNBOUNDED PRECEDING AND CURRENT ROW
|  mem-estimate=4.00MB mem-reservation=4.00MB spill-buffer=2.00MB thread-reservation=0
|  tuple-ids=44,43 row-size=104B cardinality=373.80M cost=373803360
|  in pipelines: 21(GETNEXT)
|
21:SORT
|  order by: i_category ASC NULLS LAST, i_brand ASC NULLS LAST, cc_name ASC NULLS LAST, d_year ASC, d_moy ASC
|  mem-estimate=284.64MB mem-reservation=12.00MB spill-buffer=2.00MB thread-reservation=0
|  tuple-ids=44 row-size=96B cardinality=373.80M cost=1710158229
|  in pipelines: 21(GETNEXT), 40(OPEN)
|
40:AGGREGATE [FINALIZE]
|  output: sum:merge(cs_sales_price)
|  group by: i_category, i_brand, cc_name, d_year, d_moy
|  mem-estimate=320.29MB mem-reservation=34.00MB spill-buffer=2.00MB thread-reservation=0
|  tuple-ids=12 row-size=96B cardinality=373.80M cost=3083198540
|  in pipelines: 40(GETNEXT), 14(OPEN)
|
39:EXCHANGE [HASH(i_category,i_brand,cc_name)]
|  mem-estimate=21.70MB mem-reservation=0B thread-reservation=0
|  tuple-ids=12 row-size=96B cardinality=1.01G cost=558403899
|  in pipelines: 14(GETNEXT)
|
F00:PLAN FRAGMENT [RANDOM] hosts=10 instances=120
Per-Host Shared Resources: mem-estimate=3.00MB mem-reservation=3.00MB thread-reservation=0 runtime-filters-memory=3.00MB
Per-Instance Resources: mem-estimate=583.89MB mem-reservation=35.00MB thread-reservation=1
max-parallelism=435 segment-costs=[7568871876, 6765092689] cpu-comparison-result=120 [max(120 (self) vs 36 (sum children))]
20:AGGREGATE [STREAMING]
|  output: sum(cs_sales_price)
|  group by: i_category, i_brand, cc_name, d_year, d_moy
|  mem-estimate=521.11MB mem-reservation=34.00MB spill-buffer=2.00MB thread-reservation=0
|  tuple-ids=12 row-size=96B cardinality=1.01G cost=5988670012
|  in pipelines: 14(GETNEXT)
|
19:HASH JOIN [INNER JOIN, BROADCAST]
|  hash-table-id=08
|  hash predicates: cs_call_center_sk = cc_call_center_sk
|  fk/pk conjuncts: cs_call_center_sk = cc_call_center_sk
|  mem-estimate=0B mem-reservation=0B spill-buffer=64.00KB thread-reservation=0
|  tuple-ids=9,10,8,11 row-size=108B cardinality=1.02G cost=447973604
|  in pipelines: 14(GETNEXT), 16(OPEN)
|
|--F25:PLAN FRAGMENT [RANDOM] hosts=10 instances=10
|  |  Per-Instance Resources: mem-estimate=24.27MB mem-reservation=24.25MB thread-reservation=1 runtime-filters-memory=1.00MB
|  |  max-parallelism=10 segment-costs=[108]
|  JOIN BUILD
|  |  join-table-id=08 plan-id=09 cohort-id=01
|  |  build expressions: cc_call_center_sk
|  |  runtime filters: RF000[bloom] <- cc_call_center_sk, RF001[min_max] <- cc_call_center_sk
|  |  mem-estimate=23.25MB mem-reservation=23.25MB spill-buffer=64.00KB thread-reservation=0 cost=48
|  |
|  38:EXCHANGE [BROADCAST]
|  |  mem-estimate=16.00KB mem-reservation=0B thread-reservation=0
|  |  tuple-ids=11 row-size=30B cardinality=48 cost=60
|  |  in pipelines: 16(GETNEXT)
|  |
|  F03:PLAN FRAGMENT [RANDOM] hosts=1 instances=1
|  Per-Instance Resources: mem-estimate=16.13MB mem-reservation=16.00KB thread-reservation=1
|  max-parallelism=1 segment-costs=[16]
|  16:SCAN HDFS [tpcds_partitioned_parquet_snap.call_center, RANDOM]
|     HDFS partitions=1/1 files=1 size=16.57KB
|     stored statistics:
|       table: rows=48 size=16.57KB
|       columns: all
|     extrapolated-rows=disabled max-scan-range-rows=48
|     mem-estimate=16.00MB mem-reservation=16.00KB thread-reservation=0
|     tuple-ids=11 row-size=30B cardinality=48 cost=12
|     in pipelines: 16(GETNEXT)
|
18:HASH JOIN [INNER JOIN, BROADCAST]
|  hash-table-id=09
|  hash predicates: cs_item_sk = i_item_sk
|  fk/pk conjuncts: cs_item_sk = i_item_sk
|  mem-estimate=0B mem-reservation=0B spill-buffer=2.00MB thread-reservation=0
|  tuple-ids=9,10,8 row-size=78B cardinality=1.02G cost=448104864
|  in pipelines: 14(GETNEXT), 13(OPEN)
|
|--F26:PLAN FRAGMENT [RANDOM] hosts=10 instances=10
|  |  Per-Instance Resources: mem-estimate=419.21MB mem-reservation=409.00MB thread-reservation=1 runtime-filters-memory=1.00MB
|  |  max-parallelism=10 segment-costs=[838440]
|  JOIN BUILD
|  |  join-table-id=09 plan-id=10 cohort-id=01
|  |  build expressions: i_item_sk
|  |  runtime filters: RF002[bloom] <- i_item_sk, RF003[min_max] <- i_item_sk
|  |  mem-estimate=408.00MB mem-reservation=408.00MB spill-buffer=2.00MB thread-reservation=0 cost=360000
|  |
|  37:EXCHANGE [BROADCAST]
|  |  mem-estimate=10.21MB mem-reservation=0B thread-reservation=0
|  |  tuple-ids=8 row-size=50B cardinality=360.00K cost=478440
|  |  in pipelines: 13(GETNEXT)
|  |
|  F02:PLAN FRAGMENT [RANDOM] hosts=4 instances=4
|  Per-Instance Resources: mem-estimate=16.21MB mem-reservation=512.00KB thread-reservation=1
|  max-parallelism=4 segment-costs=[191555]
|  13:SCAN HDFS [tpcds_partitioned_parquet_snap.item, RANDOM]
|     HDFS partitions=1/1 files=1 size=33.54MB
|     stored statistics:
|       table: rows=360.00K size=33.54MB
|       columns: all
|     extrapolated-rows=disabled max-scan-range-rows=101.54K
|     mem-estimate=16.00MB mem-reservation=512.00KB thread-reservation=0
|     tuple-ids=8 row-size=50B cardinality=360.00K cost=135117
|     in pipelines: 13(GETNEXT)
|
17:HASH JOIN [INNER JOIN, BROADCAST]
|  hash-table-id=10
|  hash predicates: cs_sold_date_sk = d_date_sk
|  fk/pk conjuncts: cs_sold_date_sk = d_date_sk
|  mem-estimate=0B mem-reservation=0B spill-buffer=64.00KB thread-reservation=0
|  tuple-ids=9,10 row-size=28B cardinality=1.02G cost=448197591
|  in pipelines: 14(GETNEXT), 15(OPEN)
|
|--F27:PLAN FRAGMENT [RANDOM] hosts=10 instances=10
|  |  Per-Instance Resources: mem-estimate=24.27MB mem-reservation=24.25MB thread-reservation=1 runtime-filters-memory=1.00MB
|  |  max-parallelism=10 segment-costs=[1004]
|  JOIN BUILD
|  |  join-table-id=10 plan-id=11 cohort-id=01
|  |  build expressions: d_date_sk
|  |  runtime filters: RF004[bloom] <- d_date_sk
|  |  mem-estimate=23.25MB mem-reservation=23.25MB spill-buffer=64.00KB thread-reservation=0 cost=434
|  |
|  36:EXCHANGE [BROADCAST]
|  |  mem-estimate=16.00KB mem-reservation=0B thread-reservation=0
|  |  tuple-ids=10 row-size=12B cardinality=434 cost=570
|  |  in pipelines: 15(GETNEXT)
|  |
|  F01:PLAN FRAGMENT [RANDOM] hosts=1 instances=1
|  Per-Instance Resources: mem-estimate=20.06MB mem-reservation=4.50MB thread-reservation=1
|  max-parallelism=1 segment-costs=[14698]
|  55:TUPLE CACHE
|  |  cache key: 364784a46549b04976422b16bfae0cdc
|  |  input scan node ids: 15
|  |  estimated serialized size: 6.78KB
|  |  estimated serialized size per node: 6.78KB
|  |  cumulative processing cost: 14675
|  |  cache read processing cost: 57
|  |  cache write processing cost: 18
|  |  mem-estimate=4.00MB mem-reservation=4.00MB spill-buffer=2.00MB thread-reservation=0
|  |  tuple-ids=10 row-size=12B cardinality=434 cost=0
|  |  in pipelines: 15(GETNEXT)
|  |
|  15:SCAN HDFS [tpcds_partitioned_parquet_snap.date_dim, RANDOM]
|     HDFS partitions=1/1 files=1 size=2.17MB
|     deterministic scan range assignment: true
|     schedule scan ranges oldest to newest: true
|     predicates: (d_year = CAST(2001 AS INT) OR (d_year = CAST(2000 AS INT) AND d_moy = CAST(12 AS INT)) OR (d_year = CAST(2002 AS INT) AND d_moy = CAST(1 AS INT)))
|     stored statistics:
|       table: rows=73.05K size=2.17MB
|       columns: all
|     extrapolated-rows=disabled max-scan-range-rows=73.05K
|     mem-estimate=16.00MB mem-reservation=512.00KB thread-reservation=0
|     tuple-ids=10 row-size=12B cardinality=434 cost=14675
|     in pipelines: 15(GETNEXT)
|
14:SCAN HDFS [tpcds_partitioned_parquet_snap.catalog_sales, RANDOM]
   HDFS partitions=1831/1831 files=1831 size=280.96GB
   runtime filters: RF003[min_max] -> cs_item_sk, RF001[min_max] -> cs_call_center_sk, RF004[bloom] -> cs_sold_date_sk, RF002[bloom] -> cs_item_sk, RF000[bloom] -> cs_call_center_sk
   stored statistics:
     table: rows=4.32G size=280.96GB
     partitions: 1831/1831 rows=4.32G
     columns: all
   extrapolated-rows=disabled max-scan-range-rows=21.52M est-scan-range=435(filtered from 1831)
   mem-estimate=16.00MB mem-reservation=1.00MB thread-reservation=0
   tuple-ids=9 row-size=16B cardinality=1.02G(filtered from 4.32G) cost=235925805
   in pipelines: 14(GETNEXT)
---- PARALLELPLANS
Max Per-Host Resource Reservation: Memory=5.20GB Threads=116
Per-Host Resource Estimates: Memory=50.03GB
F16:PLAN FRAGMENT [UNPARTITIONED] hosts=1 instances=1
|  Per-Instance Resources: mem-estimate=5.69MB mem-reservation=4.00MB thread-reservation=1
|  max-parallelism=1 segment-costs=[954] cpu-comparison-result=360 [max(1 (self) vs 360 (sum children))]
PLAN-ROOT SINK
|  output exprs: i_category, i_brand, cc_name, d_year, d_moy, avg_monthly_sales, sum_sales, psum, nsum
|  mem-estimate=4.00MB mem-reservation=4.00MB spill-buffer=2.00MB thread-reservation=0 cost=900
|
54:MERGING-EXCHANGE [UNPARTITIONED]
|  order by: sum_sales - avg_monthly_sales ASC, avg_monthly_sales ASC
|  limit: 100
|  mem-estimate=1.69MB mem-reservation=0B thread-reservation=0
|  tuple-ids=25 row-size=144B cardinality=100 cost=54
|  in pipelines: 35(GETNEXT)
|
F15:PLAN FRAGMENT [HASH(rank(),i_category,cc_name,i_brand)] hosts=10 instances=120
Per-Instance Resources: mem-estimate=38.10MB mem-reservation=0B thread-reservation=1
max-parallelism=2147483640 segment-costs=[5732825156303337910, 408] cpu-comparison-result=360 [max(120 (self) vs 360 (sum children))]
35:TOP-N [LIMIT=100]
|  order by: sum_sales - avg_monthly_sales ASC, avg_monthly_sales ASC
|  mem-estimate=14.04KB mem-reservation=0B thread-reservation=0
|  tuple-ids=25 row-size=144B cardinality=100 cost=5700844870267781120
|  in pipelines: 35(GETNEXT), 21(OPEN)
|
34:HASH JOIN [INNER JOIN, PARTITIONED]
|  hash-table-id=00
|  hash predicates: rank() = rank() - 1, i_category = i_category, cc_name = cc_name, i_brand = i_brand
|  fk/pk conjuncts: none
|  mem-estimate=0B mem-reservation=0B spill-buffer=2.00MB thread-reservation=0
|  tuple-ids=44,43,36,31,52,51 row-size=327B cardinality=176488.93T cost=31979878158935768
|  in pipelines: 21(GETNEXT), 31(OPEN)
|
|--F17:PLAN FRAGMENT [HASH(rank(),i_category,cc_name,i_brand)] hosts=10 instances=120
|  |  Per-Instance Resources: mem-estimate=481.42MB mem-reservation=34.00MB thread-reservation=1
|  |  max-parallelism=2147483640 segment-costs=[607597055] cpu-comparison-result=120 [max(120 (self) vs 120 (sum children))]
|  JOIN BUILD
|  |  join-table-id=00 plan-id=01 cohort-id=01
|  |  build expressions: rank() - 1, i_category, cc_name, i_brand
|  |  mem-estimate=458.31MB mem-reservation=34.00MB spill-buffer=2.00MB thread-reservation=0 cost=373803360
|  |
|  53:EXCHANGE [HASH(rank() - 1,i_category,cc_name,i_brand)]
|  |  mem-estimate=23.10MB mem-reservation=0B thread-reservation=0
|  |  tuple-ids=52,51 row-size=104B cardinality=373.80M cost=233793695
|  |  in pipelines: 31(GETNEXT)
|  |
|  F14:PLAN FRAGMENT [HASH(i_category,i_brand,cc_name)] hosts=10 instances=120
|  Per-Instance Resources: mem-estimate=608.92MB mem-reservation=50.00MB thread-reservation=1
|  max-parallelism=370 segment-costs=[3641602439, 1710158229, 3258084843] cpu-comparison-result=120 [max(120 (self) vs 120 (sum children))]
|  32:ANALYTIC
|  |  functions: rank()
|  |  partition by: i_category, i_brand, cc_name
|  |  order by: d_year ASC, d_moy ASC
|  |  window: RANGE BETWEEN UNBOUNDED PRECEDING AND CURRENT ROW
|  |  mem-estimate=4.00MB mem-reservation=4.00MB spill-buffer=2.00MB thread-reservation=0
|  |  tuple-ids=52,51 row-size=104B cardinality=373.80M cost=373803360
|  |  in pipelines: 31(GETNEXT)
|  |
|  31:SORT
|  |  order by: i_category ASC NULLS LAST, i_brand ASC NULLS LAST, cc_name ASC NULLS LAST, d_year ASC, d_moy ASC
|  |  mem-estimate=284.64MB mem-reservation=12.00MB spill-buffer=2.00MB thread-reservation=0
|  |  tuple-ids=52 row-size=96B cardinality=373.80M cost=1710158229
|  |  in pipelines: 31(GETNEXT), 51(OPEN)
|  |
|  51:AGGREGATE [FINALIZE]
|  |  output: sum:merge(cs_sales_price)
|  |  group by: i_category, i_brand, cc_name, d_year, d_moy
|  |  mem-estimate=320.29MB mem-reservation=34.00MB spill-buffer=2.00MB thread-reservation=0
|  |  tuple-ids=20 row-size=96B cardinality=373.80M cost=3083198540
|  |  in pipelines: 51(GETNEXT), 24(OPEN)
|  |
|  50:EXCHANGE [HASH(i_category,i_brand,cc_name)]
|  |  mem-estimate=21.70MB mem-reservation=0B thread-reservation=0
|  |  tuple-ids=20 row-size=96B cardinality=1.01G cost=558403899
|  |  in pipelines: 24(GETNEXT)
|  |
|  F10:PLAN FRAGMENT [RANDOM] hosts=10 instances=120
|  Per-Host Shared Resources: mem-estimate=3.00MB mem-reservation=3.00MB thread-reservation=0 runtime-filters-memory=3.00MB
|  Per-Instance Resources: mem-estimate=583.89MB mem-reservation=35.00MB thread-reservation=1
|  max-parallelism=435 segment-costs=[7568871876, 6765092689] cpu-comparison-result=120 [max(120 (self) vs 36 (sum children))]
|  30:AGGREGATE [STREAMING]
|  |  output: sum(cs_sales_price)
|  |  group by: i_category, i_brand, cc_name, d_year, d_moy
|  |  mem-estimate=521.11MB mem-reservation=34.00MB spill-buffer=2.00MB thread-reservation=0
|  |  tuple-ids=20 row-size=96B cardinality=1.01G cost=5988670012
|  |  in pipelines: 24(GETNEXT)
|  |
|  29:HASH JOIN [INNER JOIN, BROADCAST]
|  |  hash-table-id=01
|  |  hash predicates: cs_call_center_sk = cc_call_center_sk
|  |  fk/pk conjuncts: cs_call_center_sk = cc_call_center_sk
|  |  mem-estimate=0B mem-reservation=0B spill-buffer=64.00KB thread-reservation=0
|  |  tuple-ids=17,18,16,19 row-size=108B cardinality=1.02G cost=447973604
|  |  in pipelines: 24(GETNEXT), 26(OPEN)
|  |
|  |--F18:PLAN FRAGMENT [RANDOM] hosts=10 instances=10
|  |  |  Per-Instance Resources: mem-estimate=24.27MB mem-reservation=24.25MB thread-reservation=1 runtime-filters-memory=1.00MB
|  |  |  max-parallelism=10 segment-costs=[108]
|  |  JOIN BUILD
|  |  |  join-table-id=01 plan-id=02 cohort-id=02
|  |  |  build expressions: cc_call_center_sk
|  |  |  runtime filters: RF012[bloom] <- cc_call_center_sk, RF013[min_max] <- cc_call_center_sk
|  |  |  mem-estimate=23.25MB mem-reservation=23.25MB spill-buffer=64.00KB thread-reservation=0 cost=48
|  |  |
|  |  49:EXCHANGE [BROADCAST]
|  |  |  mem-estimate=16.00KB mem-reservation=0B thread-reservation=0
|  |  |  tuple-ids=19 row-size=30B cardinality=48 cost=60
|  |  |  in pipelines: 26(GETNEXT)
|  |  |
|  |  F13:PLAN FRAGMENT [RANDOM] hosts=1 instances=1
|  |  Per-Instance Resources: mem-estimate=16.13MB mem-reservation=16.00KB thread-reservation=1
|  |  max-parallelism=1 segment-costs=[16]
|  |  26:SCAN HDFS [tpcds_partitioned_parquet_snap.call_center, RANDOM]
|  |     HDFS partitions=1/1 files=1 size=16.57KB
|  |     stored statistics:
|  |       table: rows=48 size=16.57KB
|  |       columns: all
|  |     extrapolated-rows=disabled max-scan-range-rows=48
|  |     mem-estimate=16.00MB mem-reservation=16.00KB thread-reservation=0
|  |     tuple-ids=19 row-size=30B cardinality=48 cost=12
|  |     in pipelines: 26(GETNEXT)
|  |
|  28:HASH JOIN [INNER JOIN, BROADCAST]
|  |  hash-table-id=02
|  |  hash predicates: cs_item_sk = i_item_sk
|  |  fk/pk conjuncts: cs_item_sk = i_item_sk
|  |  mem-estimate=0B mem-reservation=0B spill-buffer=2.00MB thread-reservation=0
|  |  tuple-ids=17,18,16 row-size=78B cardinality=1.02G cost=448104864
|  |  in pipelines: 24(GETNEXT), 23(OPEN)
|  |
|  |--F19:PLAN FRAGMENT [RANDOM] hosts=10 instances=10
|  |  |  Per-Instance Resources: mem-estimate=419.21MB mem-reservation=409.00MB thread-reservation=1 runtime-filters-memory=1.00MB
|  |  |  max-parallelism=10 segment-costs=[838440]
|  |  JOIN BUILD
|  |  |  join-table-id=02 plan-id=03 cohort-id=02
|  |  |  build expressions: i_item_sk
|  |  |  runtime filters: RF014[bloom] <- i_item_sk, RF015[min_max] <- i_item_sk
|  |  |  mem-estimate=408.00MB mem-reservation=408.00MB spill-buffer=2.00MB thread-reservation=0 cost=360000
|  |  |
|  |  48:EXCHANGE [BROADCAST]
|  |  |  mem-estimate=10.21MB mem-reservation=0B thread-reservation=0
|  |  |  tuple-ids=16 row-size=50B cardinality=360.00K cost=478440
|  |  |  in pipelines: 23(GETNEXT)
|  |  |
|  |  F12:PLAN FRAGMENT [RANDOM] hosts=4 instances=4
|  |  Per-Instance Resources: mem-estimate=16.21MB mem-reservation=512.00KB thread-reservation=1
|  |  max-parallelism=4 segment-costs=[191555]
|  |  23:SCAN HDFS [tpcds_partitioned_parquet_snap.item, RANDOM]
|  |     HDFS partitions=1/1 files=1 size=33.54MB
|  |     stored statistics:
|  |       table: rows=360.00K size=33.54MB
|  |       columns: all
|  |     extrapolated-rows=disabled max-scan-range-rows=101.54K
|  |     mem-estimate=16.00MB mem-reservation=512.00KB thread-reservation=0
|  |     tuple-ids=16 row-size=50B cardinality=360.00K cost=135117
|  |     in pipelines: 23(GETNEXT)
|  |
|  27:HASH JOIN [INNER JOIN, BROADCAST]
|  |  hash-table-id=03
|  |  hash predicates: cs_sold_date_sk = d_date_sk
|  |  fk/pk conjuncts: cs_sold_date_sk = d_date_sk
|  |  mem-estimate=0B mem-reservation=0B spill-buffer=64.00KB thread-reservation=0
|  |  tuple-ids=17,18 row-size=28B cardinality=1.02G cost=448197591
|  |  in pipelines: 24(GETNEXT), 25(OPEN)
|  |
|  |--F20:PLAN FRAGMENT [RANDOM] hosts=10 instances=10
|  |  |  Per-Instance Resources: mem-estimate=24.27MB mem-reservation=24.25MB thread-reservation=1 runtime-filters-memory=1.00MB
|  |  |  max-parallelism=10 segment-costs=[1004]
|  |  JOIN BUILD
|  |  |  join-table-id=03 plan-id=04 cohort-id=02
|  |  |  build expressions: d_date_sk
|  |  |  runtime filters: RF016[bloom] <- d_date_sk
|  |  |  mem-estimate=23.25MB mem-reservation=23.25MB spill-buffer=64.00KB thread-reservation=0 cost=434
|  |  |
|  |  47:EXCHANGE [BROADCAST]
|  |  |  mem-estimate=16.00KB mem-reservation=0B thread-reservation=0
|  |  |  tuple-ids=18 row-size=12B cardinality=434 cost=570
|  |  |  in pipelines: 25(GETNEXT)
|  |  |
|  |  F11:PLAN FRAGMENT [RANDOM] hosts=1 instances=1
|  |  Per-Instance Resources: mem-estimate=20.06MB mem-reservation=4.50MB thread-reservation=1
|  |  max-parallelism=1 segment-costs=[14698]
|  |  57:TUPLE CACHE
|  |  |  cache key: 364784a46549b04976422b16bfae0cdc
|  |  |  input scan node ids: 25
|  |  |  estimated serialized size: 6.78KB
|  |  |  estimated serialized size per node: 6.78KB
|  |  |  cumulative processing cost: 14675
|  |  |  cache read processing cost: 57
|  |  |  cache write processing cost: 18
|  |  |  mem-estimate=4.00MB mem-reservation=4.00MB spill-buffer=2.00MB thread-reservation=0
|  |  |  tuple-ids=18 row-size=12B cardinality=434 cost=0
|  |  |  in pipelines: 25(GETNEXT)
|  |  |
|  |  25:SCAN HDFS [tpcds_partitioned_parquet_snap.date_dim, RANDOM]
|  |     HDFS partitions=1/1 files=1 size=2.17MB
|  |     deterministic scan range assignment: true
|  |     schedule scan ranges oldest to newest: true
|  |     predicates: (d_year = CAST(2001 AS INT) OR (d_year = CAST(2000 AS INT) AND d_moy = CAST(12 AS INT)) OR (d_year = CAST(2002 AS INT) AND d_moy = CAST(1 AS INT)))
|  |     stored statistics:
|  |       table: rows=73.05K size=2.17MB
|  |       columns: all
|  |     extrapolated-rows=disabled max-scan-range-rows=73.05K
|  |     mem-estimate=16.00MB mem-reservation=512.00KB thread-reservation=0
|  |     tuple-ids=18 row-size=12B cardinality=434 cost=14675
|  |     in pipelines: 25(GETNEXT)
|  |
|  24:SCAN HDFS [tpcds_partitioned_parquet_snap.catalog_sales, RANDOM]
|     HDFS partitions=1831/1831 files=1831 size=280.96GB
|     runtime filters: RF015[min_max] -> cs_item_sk, RF013[min_max] -> cs_call_center_sk, RF016[bloom] -> cs_sold_date_sk, RF014[bloom] -> cs_item_sk, RF012[bloom] -> cs_call_center_sk
|     stored statistics:
|       table: rows=4.32G size=280.96GB
|       partitions: 1831/1831 rows=4.32G
|       columns: all
|     extrapolated-rows=disabled max-scan-range-rows=21.52M est-scan-range=435(filtered from 1831)
|     mem-estimate=16.00MB mem-reservation=1.00MB thread-reservation=0
|     tuple-ids=17 row-size=16B cardinality=1.02G(filtered from 4.32G) cost=235925805
|     in pipelines: 24(GETNEXT)
|
52:EXCHANGE [HASH(rank(),i_category,cc_name,i_brand)]
|  mem-estimate=38.08MB mem-reservation=0B thread-reservation=0
|  tuple-ids=44,43,36,31 row-size=224B cardinality=326.25G cost=407876621022
|  in pipelines: 21(GETNEXT)
|
F04:PLAN FRAGMENT [HASH(i_category,i_brand,cc_name)] hosts=10 instances=120
Per-Instance Resources: mem-estimate=608.92MB mem-reservation=50.00MB thread-reservation=1
max-parallelism=543050 segment-costs=[3641602439, 1710158229, 5430492465901] cpu-comparison-result=240 [max(120 (self) vs 240 (sum children))]
33:HASH JOIN [INNER JOIN, BROADCAST]
|  hash-table-id=04
|  hash predicates: rank() + 1 = rank(), i_category = i_category, cc_name = cc_name, i_brand = i_brand
|  fk/pk conjuncts: none
|  mem-estimate=0B mem-reservation=0B spill-buffer=2.00MB thread-reservation=0
|  tuple-ids=44,43,36,31 row-size=224B cardinality=326.25G cost=59212625747
|  in pipelines: 21(GETNEXT), 10(OPEN)
|
|--F21:PLAN FRAGMENT [HASH(i_category,i_brand,cc_name)] hosts=10 instances=10
|  |  Per-Instance Resources: mem-estimate=432.98MB mem-reservation=408.00MB thread-reservation=1
|  |  max-parallelism=10 segment-costs=[1404607] cpu-comparison-result=120 [max(10 (self) vs 120 (sum children))]
|  JOIN BUILD
|  |  join-table-id=04 plan-id=05 cohort-id=01
|  |  build expressions: rank(), i_category, cc_name, i_brand
|  |  mem-estimate=408.00MB mem-reservation=408.00MB spill-buffer=2.00MB thread-reservation=0 cost=603097
|  |
|  46:EXCHANGE [BROADCAST]
|  |  mem-estimate=24.98MB mem-reservation=0B thread-reservation=0
|  |  tuple-ids=36,31 row-size=120B cardinality=603.10K cost=801510
|  |  in pipelines: 10(GETNEXT)
|  |
|  F09:PLAN FRAGMENT [HASH(i_category,i_brand,cc_name)] hosts=10 instances=120
|  Per-Instance Resources: mem-estimate=612.92MB mem-reservation=54.00MB thread-reservation=1
|  max-parallelism=370 segment-costs=[3641602439, 1710158229, 2214045214, 1495434562] cpu-comparison-result=120 [max(120 (self) vs 120 (sum children))]
|  12:SELECT
|  |  predicates: d_year = CAST(2001 AS INT), avg(sum(cs_sales_price)) > CAST(0 AS DECIMAL(3,0)), CASE WHEN avg(sum(cs_sales_price)) > CAST(0 AS DECIMAL(3,0)) THEN abs(sum(cs_sales_price) - avg(sum(cs_sales_price))) / avg(sum(cs_sales_price)) ELSE NULL END > CAST(0.1 AS DECIMAL(1,1))
|  |  mem-estimate=0B mem-reservation=0B thread-reservation=0
|  |  tuple-ids=36,31 row-size=120B cardinality=603.10K cost=1121410048
|  |  in pipelines: 10(GETNEXT)
|  |
|  11:ANALYTIC
|  |  functions: avg(sum(cs_sales_price))
|  |  partition by: i_category, i_brand, cc_name, d_year
|  |  mem-estimate=4.00MB mem-reservation=4.00MB spill-buffer=2.00MB thread-reservation=0
|  |  tuple-ids=36,31 row-size=120B cardinality=373.80M cost=373803360
|  |  in pipelines: 10(GETNEXT)
|  |
|  10:SORT
|  |  order by: i_category ASC NULLS LAST, i_brand ASC NULLS LAST, cc_name ASC NULLS LAST, d_year ASC NULLS LAST
|  |  mem-estimate=308.40MB mem-reservation=12.00MB spill-buffer=2.00MB thread-reservation=0
|  |  tuple-ids=36 row-size=104B cardinality=373.80M cost=1840241854
|  |  in pipelines: 10(GETNEXT), 08(OPEN)
|  |
|  09:ANALYTIC
|  |  functions: rank()
|  |  partition by: i_category, i_brand, cc_name
|  |  order by: d_year ASC, d_moy ASC
|  |  window: RANGE BETWEEN UNBOUNDED PRECEDING AND CURRENT ROW
|  |  mem-estimate=4.00MB mem-reservation=4.00MB spill-buffer=2.00MB thread-reservation=0
|  |  tuple-ids=34,33 row-size=104B cardinality=373.80M cost=373803360
|  |  in pipelines: 08(GETNEXT)
|  |
|  08:SORT
|  |  order by: i_category ASC NULLS LAST, i_brand ASC NULLS LAST, cc_name ASC NULLS LAST, d_year ASC, d_moy ASC
|  |  mem-estimate=284.64MB mem-reservation=12.00MB spill-buffer=2.00MB thread-reservation=0
|  |  tuple-ids=34 row-size=96B cardinality=373.80M cost=1710158229
|  |  in pipelines: 08(GETNEXT), 45(OPEN)
|  |
|  45:AGGREGATE [FINALIZE]
|  |  output: sum:merge(cs_sales_price)
|  |  group by: i_category, i_brand, cc_name, d_year, d_moy
|  |  mem-estimate=320.29MB mem-reservation=34.00MB spill-buffer=2.00MB thread-reservation=0
|  |  tuple-ids=4 row-size=96B cardinality=373.80M cost=3083198540
|  |  in pipelines: 45(GETNEXT), 01(OPEN)
|  |
|  44:EXCHANGE [HASH(i_category,i_brand,cc_name)]
|  |  mem-estimate=21.70MB mem-reservation=0B thread-reservation=0
|  |  tuple-ids=4 row-size=96B cardinality=1.01G cost=558403899
|  |  in pipelines: 01(GETNEXT)
|  |
|  F05:PLAN FRAGMENT [RANDOM] hosts=10 instances=120
|  Per-Host Shared Resources: mem-estimate=3.00MB mem-reservation=3.00MB thread-reservation=0 runtime-filters-memory=3.00MB
|  Per-Instance Resources: mem-estimate=583.89MB mem-reservation=35.00MB thread-reservation=1
|  max-parallelism=435 segment-costs=[7568871876, 6765092689] cpu-comparison-result=120 [max(120 (self) vs 36 (sum children))]
|  07:AGGREGATE [STREAMING]
|  |  output: sum(cs_sales_price)
|  |  group by: i_category, i_brand, cc_name, d_year, d_moy
|  |  mem-estimate=521.11MB mem-reservation=34.00MB spill-buffer=2.00MB thread-reservation=0
|  |  tuple-ids=4 row-size=96B cardinality=1.01G cost=5988670012
|  |  in pipelines: 01(GETNEXT)
|  |
|  06:HASH JOIN [INNER JOIN, BROADCAST]
|  |  hash-table-id=05
|  |  hash predicates: cs_call_center_sk = cc_call_center_sk
|  |  fk/pk conjuncts: cs_call_center_sk = cc_call_center_sk
|  |  mem-estimate=0B mem-reservation=0B spill-buffer=64.00KB thread-reservation=0
|  |  tuple-ids=1,2,0,3 row-size=108B cardinality=1.02G cost=447973604
|  |  in pipelines: 01(GETNEXT), 03(OPEN)
|  |
|  |--F22:PLAN FRAGMENT [RANDOM] hosts=10 instances=10
|  |  |  Per-Instance Resources: mem-estimate=24.27MB mem-reservation=24.25MB thread-reservation=1 runtime-filters-memory=1.00MB
|  |  |  max-parallelism=10 segment-costs=[108]
|  |  JOIN BUILD
|  |  |  join-table-id=05 plan-id=06 cohort-id=03
|  |  |  build expressions: cc_call_center_sk
|  |  |  runtime filters: RF006[bloom] <- cc_call_center_sk, RF007[min_max] <- cc_call_center_sk
|  |  |  mem-estimate=23.25MB mem-reservation=23.25MB spill-buffer=64.00KB thread-reservation=0 cost=48
|  |  |
|  |  43:EXCHANGE [BROADCAST]
|  |  |  mem-estimate=16.00KB mem-reservation=0B thread-reservation=0
|  |  |  tuple-ids=3 row-size=30B cardinality=48 cost=60
|  |  |  in pipelines: 03(GETNEXT)
|  |  |
|  |  F08:PLAN FRAGMENT [RANDOM] hosts=1 instances=1
|  |  Per-Instance Resources: mem-estimate=16.13MB mem-reservation=16.00KB thread-reservation=1
|  |  max-parallelism=1 segment-costs=[16]
|  |  03:SCAN HDFS [tpcds_partitioned_parquet_snap.call_center, RANDOM]
|  |     HDFS partitions=1/1 files=1 size=16.57KB
|  |     stored statistics:
|  |       table: rows=48 size=16.57KB
|  |       columns: all
|  |     extrapolated-rows=disabled max-scan-range-rows=48
|  |     mem-estimate=16.00MB mem-reservation=16.00KB thread-reservation=0
|  |     tuple-ids=3 row-size=30B cardinality=48 cost=12
|  |     in pipelines: 03(GETNEXT)
|  |
|  05:HASH JOIN [INNER JOIN, BROADCAST]
|  |  hash-table-id=06
|  |  hash predicates: cs_item_sk = i_item_sk
|  |  fk/pk conjuncts: cs_item_sk = i_item_sk
|  |  mem-estimate=0B mem-reservation=0B spill-buffer=2.00MB thread-reservation=0
|  |  tuple-ids=1,2,0 row-size=78B cardinality=1.02G cost=448104864
|  |  in pipelines: 01(GETNEXT), 00(OPEN)
|  |
|  |--F23:PLAN FRAGMENT [RANDOM] hosts=10 instances=10
|  |  |  Per-Instance Resources: mem-estimate=419.21MB mem-reservation=409.00MB thread-reservation=1 runtime-filters-memory=1.00MB
|  |  |  max-parallelism=10 segment-costs=[838440]
|  |  JOIN BUILD
|  |  |  join-table-id=06 plan-id=07 cohort-id=03
|  |  |  build expressions: i_item_sk
|  |  |  runtime filters: RF008[bloom] <- i_item_sk, RF009[min_max] <- i_item_sk
|  |  |  mem-estimate=408.00MB mem-reservation=408.00MB spill-buffer=2.00MB thread-reservation=0 cost=360000
|  |  |
|  |  42:EXCHANGE [BROADCAST]
|  |  |  mem-estimate=10.21MB mem-reservation=0B thread-reservation=0
|  |  |  tuple-ids=0 row-size=50B cardinality=360.00K cost=478440
|  |  |  in pipelines: 00(GETNEXT)
|  |  |
|  |  F07:PLAN FRAGMENT [RANDOM] hosts=4 instances=4
|  |  Per-Instance Resources: mem-estimate=16.21MB mem-reservation=512.00KB thread-reservation=1
|  |  max-parallelism=4 segment-costs=[191555]
|  |  00:SCAN HDFS [tpcds_partitioned_parquet_snap.item, RANDOM]
|  |     HDFS partitions=1/1 files=1 size=33.54MB
|  |     stored statistics:
|  |       table: rows=360.00K size=33.54MB
|  |       columns: all
|  |     extrapolated-rows=disabled max-scan-range-rows=101.54K
|  |     mem-estimate=16.00MB mem-reservation=512.00KB thread-reservation=0
|  |     tuple-ids=0 row-size=50B cardinality=360.00K cost=135117
|  |     in pipelines: 00(GETNEXT)
|  |
|  04:HASH JOIN [INNER JOIN, BROADCAST]
|  |  hash-table-id=07
|  |  hash predicates: cs_sold_date_sk = d_date_sk
|  |  fk/pk conjuncts: cs_sold_date_sk = d_date_sk
|  |  mem-estimate=0B mem-reservation=0B spill-buffer=64.00KB thread-reservation=0
|  |  tuple-ids=1,2 row-size=28B cardinality=1.02G cost=448197591
|  |  in pipelines: 01(GETNEXT), 02(OPEN)
|  |
|  |--F24:PLAN FRAGMENT [RANDOM] hosts=10 instances=10
|  |  |  Per-Instance Resources: mem-estimate=24.27MB mem-reservation=24.25MB thread-reservation=1 runtime-filters-memory=1.00MB
|  |  |  max-parallelism=10 segment-costs=[1004]
|  |  JOIN BUILD
|  |  |  join-table-id=07 plan-id=08 cohort-id=03
|  |  |  build expressions: d_date_sk
|  |  |  runtime filters: RF010[bloom] <- d_date_sk
|  |  |  mem-estimate=23.25MB mem-reservation=23.25MB spill-buffer=64.00KB thread-reservation=0 cost=434
|  |  |
|  |  41:EXCHANGE [BROADCAST]
|  |  |  mem-estimate=16.00KB mem-reservation=0B thread-reservation=0
|  |  |  tuple-ids=2 row-size=12B cardinality=434 cost=570
|  |  |  in pipelines: 02(GETNEXT)
|  |  |
|  |  F06:PLAN FRAGMENT [RANDOM] hosts=1 instances=1
|  |  Per-Instance Resources: mem-estimate=20.06MB mem-reservation=4.50MB thread-reservation=1
|  |  max-parallelism=1 segment-costs=[14698]
|  |  56:TUPLE CACHE
|  |  |  cache key: 364784a46549b04976422b16bfae0cdc
|  |  |  input scan node ids: 2
|  |  |  estimated serialized size: 6.78KB
|  |  |  estimated serialized size per node: 6.78KB
|  |  |  cumulative processing cost: 14675
|  |  |  cache read processing cost: 57
|  |  |  cache write processing cost: 18
|  |  |  mem-estimate=4.00MB mem-reservation=4.00MB spill-buffer=2.00MB thread-reservation=0
|  |  |  tuple-ids=2 row-size=12B cardinality=434 cost=0
|  |  |  in pipelines: 02(GETNEXT)
|  |  |
|  |  02:SCAN HDFS [tpcds_partitioned_parquet_snap.date_dim, RANDOM]
|  |     HDFS partitions=1/1 files=1 size=2.17MB
|  |     deterministic scan range assignment: true
|  |     schedule scan ranges oldest to newest: true
|  |     predicates: (d_year = CAST(2001 AS INT) OR (d_year = CAST(2000 AS INT) AND d_moy = CAST(12 AS INT)) OR (d_year = CAST(2002 AS INT) AND d_moy = CAST(1 AS INT)))
|  |     stored statistics:
|  |       table: rows=73.05K size=2.17MB
|  |       columns: all
|  |     extrapolated-rows=disabled max-scan-range-rows=73.05K
|  |     mem-estimate=16.00MB mem-reservation=512.00KB thread-reservation=0
|  |     tuple-ids=2 row-size=12B cardinality=434 cost=14675
|  |     in pipelines: 02(GETNEXT)
|  |
|  01:SCAN HDFS [tpcds_partitioned_parquet_snap.catalog_sales, RANDOM]
|     HDFS partitions=1831/1831 files=1831 size=280.96GB
|     runtime filters: RF009[min_max] -> cs_item_sk, RF007[min_max] -> cs_call_center_sk, RF010[bloom] -> cs_sold_date_sk, RF008[bloom] -> cs_item_sk, RF006[bloom] -> cs_call_center_sk
|     stored statistics:
|       table: rows=4.32G size=280.96GB
|       partitions: 1831/1831 rows=4.32G
|       columns: all
|     extrapolated-rows=disabled max-scan-range-rows=21.52M est-scan-range=435(filtered from 1831)
|     mem-estimate=16.00MB mem-reservation=1.00MB thread-reservation=0
|     tuple-ids=1 row-size=16B cardinality=1.02G(filtered from 4.32G) cost=235925805
|     in pipelines: 01(GETNEXT)
|
22:ANALYTIC
|  functions: rank()
|  partition by: i_category, i_brand, cc_name
|  order by: d_year ASC, d_moy ASC
|  window: RANGE BETWEEN UNBOUNDED PRECEDING AND CURRENT ROW
|  mem-estimate=4.00MB mem-reservation=4.00MB spill-buffer=2.00MB thread-reservation=0
|  tuple-ids=44,43 row-size=104B cardinality=373.80M cost=373803360
|  in pipelines: 21(GETNEXT)
|
21:SORT
|  order by: i_category ASC NULLS LAST, i_brand ASC NULLS LAST, cc_name ASC NULLS LAST, d_year ASC, d_moy ASC
|  mem-estimate=284.64MB mem-reservation=12.00MB spill-buffer=2.00MB thread-reservation=0
|  tuple-ids=44 row-size=96B cardinality=373.80M cost=1710158229
|  in pipelines: 21(GETNEXT), 40(OPEN)
|
40:AGGREGATE [FINALIZE]
|  output: sum:merge(cs_sales_price)
|  group by: i_category, i_brand, cc_name, d_year, d_moy
|  mem-estimate=320.29MB mem-reservation=34.00MB spill-buffer=2.00MB thread-reservation=0
|  tuple-ids=12 row-size=96B cardinality=373.80M cost=3083198540
|  in pipelines: 40(GETNEXT), 14(OPEN)
|
39:EXCHANGE [HASH(i_category,i_brand,cc_name)]
|  mem-estimate=21.70MB mem-reservation=0B thread-reservation=0
|  tuple-ids=12 row-size=96B cardinality=1.01G cost=558403899
|  in pipelines: 14(GETNEXT)
|
F00:PLAN FRAGMENT [RANDOM] hosts=10 instances=120
Per-Host Shared Resources: mem-estimate=3.00MB mem-reservation=3.00MB thread-reservation=0 runtime-filters-memory=3.00MB
Per-Instance Resources: mem-estimate=583.89MB mem-reservation=35.00MB thread-reservation=1
max-parallelism=435 segment-costs=[7568871876, 6765092689] cpu-comparison-result=120 [max(120 (self) vs 36 (sum children))]
20:AGGREGATE [STREAMING]
|  output: sum(cs_sales_price)
|  group by: i_category, i_brand, cc_name, d_year, d_moy
|  mem-estimate=521.11MB mem-reservation=34.00MB spill-buffer=2.00MB thread-reservation=0
|  tuple-ids=12 row-size=96B cardinality=1.01G cost=5988670012
|  in pipelines: 14(GETNEXT)
|
19:HASH JOIN [INNER JOIN, BROADCAST]
|  hash-table-id=08
|  hash predicates: cs_call_center_sk = cc_call_center_sk
|  fk/pk conjuncts: cs_call_center_sk = cc_call_center_sk
|  mem-estimate=0B mem-reservation=0B spill-buffer=64.00KB thread-reservation=0
|  tuple-ids=9,10,8,11 row-size=108B cardinality=1.02G cost=447973604
|  in pipelines: 14(GETNEXT), 16(OPEN)
|
|--F25:PLAN FRAGMENT [RANDOM] hosts=10 instances=10
|  |  Per-Instance Resources: mem-estimate=24.27MB mem-reservation=24.25MB thread-reservation=1 runtime-filters-memory=1.00MB
|  |  max-parallelism=10 segment-costs=[108]
|  JOIN BUILD
|  |  join-table-id=08 plan-id=09 cohort-id=01
|  |  build expressions: cc_call_center_sk
|  |  runtime filters: RF000[bloom] <- cc_call_center_sk, RF001[min_max] <- cc_call_center_sk
|  |  mem-estimate=23.25MB mem-reservation=23.25MB spill-buffer=64.00KB thread-reservation=0 cost=48
|  |
|  38:EXCHANGE [BROADCAST]
|  |  mem-estimate=16.00KB mem-reservation=0B thread-reservation=0
|  |  tuple-ids=11 row-size=30B cardinality=48 cost=60
|  |  in pipelines: 16(GETNEXT)
|  |
|  F03:PLAN FRAGMENT [RANDOM] hosts=1 instances=1
|  Per-Instance Resources: mem-estimate=16.13MB mem-reservation=16.00KB thread-reservation=1
|  max-parallelism=1 segment-costs=[16]
|  16:SCAN HDFS [tpcds_partitioned_parquet_snap.call_center, RANDOM]
|     HDFS partitions=1/1 files=1 size=16.57KB
|     stored statistics:
|       table: rows=48 size=16.57KB
|       columns: all
|     extrapolated-rows=disabled max-scan-range-rows=48
|     mem-estimate=16.00MB mem-reservation=16.00KB thread-reservation=0
|     tuple-ids=11 row-size=30B cardinality=48 cost=12
|     in pipelines: 16(GETNEXT)
|
18:HASH JOIN [INNER JOIN, BROADCAST]
|  hash-table-id=09
|  hash predicates: cs_item_sk = i_item_sk
|  fk/pk conjuncts: cs_item_sk = i_item_sk
|  mem-estimate=0B mem-reservation=0B spill-buffer=2.00MB thread-reservation=0
|  tuple-ids=9,10,8 row-size=78B cardinality=1.02G cost=448104864
|  in pipelines: 14(GETNEXT), 13(OPEN)
|
|--F26:PLAN FRAGMENT [RANDOM] hosts=10 instances=10
|  |  Per-Instance Resources: mem-estimate=419.21MB mem-reservation=409.00MB thread-reservation=1 runtime-filters-memory=1.00MB
|  |  max-parallelism=10 segment-costs=[838440]
|  JOIN BUILD
|  |  join-table-id=09 plan-id=10 cohort-id=01
|  |  build expressions: i_item_sk
|  |  runtime filters: RF002[bloom] <- i_item_sk, RF003[min_max] <- i_item_sk
|  |  mem-estimate=408.00MB mem-reservation=408.00MB spill-buffer=2.00MB thread-reservation=0 cost=360000
|  |
|  37:EXCHANGE [BROADCAST]
|  |  mem-estimate=10.21MB mem-reservation=0B thread-reservation=0
|  |  tuple-ids=8 row-size=50B cardinality=360.00K cost=478440
|  |  in pipelines: 13(GETNEXT)
|  |
|  F02:PLAN FRAGMENT [RANDOM] hosts=4 instances=4
|  Per-Instance Resources: mem-estimate=16.21MB mem-reservation=512.00KB thread-reservation=1
|  max-parallelism=4 segment-costs=[191555]
|  13:SCAN HDFS [tpcds_partitioned_parquet_snap.item, RANDOM]
|     HDFS partitions=1/1 files=1 size=33.54MB
|     stored statistics:
|       table: rows=360.00K size=33.54MB
|       columns: all
|     extrapolated-rows=disabled max-scan-range-rows=101.54K
|     mem-estimate=16.00MB mem-reservation=512.00KB thread-reservation=0
|     tuple-ids=8 row-size=50B cardinality=360.00K cost=135117
|     in pipelines: 13(GETNEXT)
|
17:HASH JOIN [INNER JOIN, BROADCAST]
|  hash-table-id=10
|  hash predicates: cs_sold_date_sk = d_date_sk
|  fk/pk conjuncts: cs_sold_date_sk = d_date_sk
|  mem-estimate=0B mem-reservation=0B spill-buffer=64.00KB thread-reservation=0
|  tuple-ids=9,10 row-size=28B cardinality=1.02G cost=448197591
|  in pipelines: 14(GETNEXT), 15(OPEN)
|
|--F27:PLAN FRAGMENT [RANDOM] hosts=10 instances=10
|  |  Per-Instance Resources: mem-estimate=24.27MB mem-reservation=24.25MB thread-reservation=1 runtime-filters-memory=1.00MB
|  |  max-parallelism=10 segment-costs=[1004]
|  JOIN BUILD
|  |  join-table-id=10 plan-id=11 cohort-id=01
|  |  build expressions: d_date_sk
|  |  runtime filters: RF004[bloom] <- d_date_sk
|  |  mem-estimate=23.25MB mem-reservation=23.25MB spill-buffer=64.00KB thread-reservation=0 cost=434
|  |
|  36:EXCHANGE [BROADCAST]
|  |  mem-estimate=16.00KB mem-reservation=0B thread-reservation=0
|  |  tuple-ids=10 row-size=12B cardinality=434 cost=570
|  |  in pipelines: 15(GETNEXT)
|  |
|  F01:PLAN FRAGMENT [RANDOM] hosts=1 instances=1
|  Per-Instance Resources: mem-estimate=20.06MB mem-reservation=4.50MB thread-reservation=1
|  max-parallelism=1 segment-costs=[14698]
|  55:TUPLE CACHE
|  |  cache key: 364784a46549b04976422b16bfae0cdc
|  |  input scan node ids: 15
|  |  estimated serialized size: 6.78KB
|  |  estimated serialized size per node: 6.78KB
|  |  cumulative processing cost: 14675
|  |  cache read processing cost: 57
|  |  cache write processing cost: 18
|  |  mem-estimate=4.00MB mem-reservation=4.00MB spill-buffer=2.00MB thread-reservation=0
|  |  tuple-ids=10 row-size=12B cardinality=434 cost=0
|  |  in pipelines: 15(GETNEXT)
|  |
|  15:SCAN HDFS [tpcds_partitioned_parquet_snap.date_dim, RANDOM]
|     HDFS partitions=1/1 files=1 size=2.17MB
|     deterministic scan range assignment: true
|     schedule scan ranges oldest to newest: true
|     predicates: (d_year = CAST(2001 AS INT) OR (d_year = CAST(2000 AS INT) AND d_moy = CAST(12 AS INT)) OR (d_year = CAST(2002 AS INT) AND d_moy = CAST(1 AS INT)))
|     stored statistics:
|       table: rows=73.05K size=2.17MB
|       columns: all
|     extrapolated-rows=disabled max-scan-range-rows=73.05K
|     mem-estimate=16.00MB mem-reservation=512.00KB thread-reservation=0
|     tuple-ids=10 row-size=12B cardinality=434 cost=14675
|     in pipelines: 15(GETNEXT)
|
14:SCAN HDFS [tpcds_partitioned_parquet_snap.catalog_sales, RANDOM]
   HDFS partitions=1831/1831 files=1831 size=280.96GB
   runtime filters: RF003[min_max] -> cs_item_sk, RF001[min_max] -> cs_call_center_sk, RF004[bloom] -> cs_sold_date_sk, RF002[bloom] -> cs_item_sk, RF000[bloom] -> cs_call_center_sk
   stored statistics:
     table: rows=4.32G size=280.96GB
     partitions: 1831/1831 rows=4.32G
     columns: all
   extrapolated-rows=disabled max-scan-range-rows=21.52M est-scan-range=435(filtered from 1831)
   mem-estimate=16.00MB mem-reservation=1.00MB thread-reservation=0
   tuple-ids=9 row-size=16B cardinality=1.02G(filtered from 4.32G) cost=235925805
   in pipelines: 14(GETNEXT)
====
