# TPCDS-Q46
# start query 46 in stream 0 using template query46.tpl using seed 957555142
select  c_last_name
       ,c_first_name
       ,ca_city
       ,bought_city
       ,ss_ticket_number
       ,amt,profit
 from
   (select ss_ticket_number
          ,ss_customer_sk
          ,ca_city bought_city
          ,sum(ss_coupon_amt) amt
          ,sum(ss_net_profit) profit
    from store_sales,date_dim,store,household_demographics,customer_address
    where store_sales.ss_sold_date_sk = date_dim.d_date_sk
    and store_sales.ss_store_sk = store.s_store_sk
    and store_sales.ss_hdemo_sk = household_demographics.hd_demo_sk
    and store_sales.ss_addr_sk = customer_address.ca_address_sk
    and (household_demographics.hd_dep_count = 2 or
         household_demographics.hd_vehicle_count= 2)
    and date_dim.d_dow in (6,0)
    and date_dim.d_year in (1998,1998+1,1998+2)
    and store.s_city in ('Antioch','Mount Vernon','Jamestown','Wilson','Farmington')
    group by ss_ticket_number,ss_customer_sk,ss_addr_sk,ca_city) dn,customer,customer_address current_addr
    where ss_customer_sk = c_customer_sk
      and customer.c_current_addr_sk = current_addr.ca_address_sk
      and current_addr.ca_city <> bought_city
  order by c_last_name
          ,c_first_name
          ,ca_city
          ,bought_city
          ,ss_ticket_number
  limit 100;

# end query 46 in stream 0 using template query46.tpl
---- PLAN
Max Per-Host Resource Reservation: Memory=201.94MB Threads=1
Per-Host Resource Estimates: Memory=9.34GB
F00:PLAN FRAGMENT [UNPARTITIONED] hosts=1 instances=1
|  Per-Instance Resources: mem-estimate=9.34GB mem-reservation=201.94MB thread-reservation=1 runtime-filters-memory=51.00MB
|  max-parallelism=1 segment-costs=[2453326157, 1159884131, 700]
PLAN-ROOT SINK
|  output exprs: c_last_name, c_first_name, ca_city, bought_city, ss_ticket_number, amt, profit
|  mem-estimate=4.00MB mem-reservation=4.00MB spill-buffer=2.00MB thread-reservation=0 cost=700
|
14:TOP-N [LIMIT=100]
|  order by: c_last_name ASC, c_first_name ASC, ca_city ASC, bought_city ASC, ss_ticket_number ASC
|  mem-estimate=11.51KB mem-reservation=0B thread-reservation=0
|  tuple-ids=9 row-size=118B cardinality=100 cost=1039917818
|  in pipelines: 14(GETNEXT), 09(OPEN)
|
13:HASH JOIN [INNER JOIN]
|  hash predicates: customer.c_current_addr_sk = current_addr.ca_address_sk
|  fk/pk conjuncts: customer.c_current_addr_sk = current_addr.ca_address_sk
|  other predicates: current_addr.ca_city != ca_city
|  runtime filters: RF000[bloom] <- current_addr.ca_address_sk, RF001[min_max] <- current_addr.ca_address_sk
|  mem-estimate=740.95MB mem-reservation=34.00MB spill-buffer=2.00MB thread-reservation=0
|  tuple-ids=5,7,8 row-size=138B cardinality=70.73M cost=45960705
|  in pipelines: 09(GETNEXT), 11(OPEN)
|
|--11:SCAN HDFS [tpcds_partitioned_parquet_snap.customer_address current_addr]
|     HDFS partitions=1/1 files=1 size=307.36MB
|     stored statistics:
|       table: rows=15.00M size=307.36MB
|       columns: all
|     extrapolated-rows=disabled max-scan-range-rows=1.58M
|     mem-estimate=16.00MB mem-reservation=128.00KB thread-reservation=0
|     tuple-ids=8 row-size=25B cardinality=15.00M cost=2797720
|     in pipelines: 11(GETNEXT)
|
12:HASH JOIN [INNER JOIN]
|  hash predicates: ss_customer_sk = c_customer_sk
|  fk/pk conjuncts: ss_customer_sk = c_customer_sk
|  runtime filters: RF002[bloom] <- c_customer_sk, RF003[min_max] <- c_customer_sk
|  mem-estimate=1.98GB mem-reservation=34.00MB spill-buffer=2.00MB thread-reservation=0
|  tuple-ids=5,7 row-size=113B cardinality=70.73M cost=62581955
|  in pipelines: 09(GETNEXT), 10(OPEN)
|
|--10:SCAN HDFS [tpcds_partitioned_parquet_snap.customer]
|     HDFS partitions=1/1 files=1 size=1.55GB
|     runtime filters: RF001[min_max] -> customer.c_current_addr_sk, RF000[bloom] -> customer.c_current_addr_sk
|     stored statistics:
|       table: rows=30.00M size=1.55GB
|       columns: all
|     extrapolated-rows=disabled max-scan-range-rows=3.10M
|     mem-estimate=16.00MB mem-reservation=1.00MB thread-reservation=0
|     tuple-ids=7 row-size=44B cardinality=30.00M cost=8625933
|     in pipelines: 10(GETNEXT)
|
09:AGGREGATE [FINALIZE]
|  output: sum(ss_coupon_amt), sum(ss_net_profit)
|  group by: ss_ticket_number, ss_customer_sk, ss_addr_sk, ca_city
|  mem-estimate=5.81GB mem-reservation=34.00MB spill-buffer=2.00MB thread-reservation=0
|  tuple-ids=5 row-size=69B cardinality=77.06M cost=460222599
|  in pipelines: 09(GETNEXT), 00(OPEN)
|
08:HASH JOIN [INNER JOIN]
|  hash predicates: store_sales.ss_addr_sk = customer_address.ca_address_sk
|  fk/pk conjuncts: store_sales.ss_addr_sk = customer_address.ca_address_sk
|  runtime filters: RF004[bloom] <- customer_address.ca_address_sk, RF005[min_max] <- customer_address.ca_address_sk
|  mem-estimate=740.95MB mem-reservation=34.00MB spill-buffer=2.00MB thread-reservation=0
|  tuple-ids=0,2,3,1,4 row-size=110B cardinality=77.06M cost=49389944
|  in pipelines: 00(GETNEXT), 04(OPEN)
|
|--04:SCAN HDFS [tpcds_partitioned_parquet_snap.customer_address]
|     HDFS partitions=1/1 files=1 size=307.36MB
|     stored statistics:
|       table: rows=15.00M size=307.36MB
|       columns: all
|     extrapolated-rows=disabled max-scan-range-rows=1.58M
|     mem-estimate=16.00MB mem-reservation=128.00KB thread-reservation=0
|     tuple-ids=4 row-size=25B cardinality=15.00M cost=2797720
|     in pipelines: 04(GETNEXT)
|
07:HASH JOIN [INNER JOIN]
|  hash predicates: store_sales.ss_sold_date_sk = date_dim.d_date_sk
|  fk/pk conjuncts: store_sales.ss_sold_date_sk = date_dim.d_date_sk
|  runtime filters: RF006[bloom] <- date_dim.d_date_sk
|  mem-estimate=1.94MB mem-reservation=1.94MB spill-buffer=64.00KB thread-reservation=0
|  tuple-ids=0,2,3,1 row-size=85B cardinality=79.64M cost=76738394
|  in pipelines: 00(GETNEXT), 01(OPEN)
|
|--17:TUPLE CACHE
|  |  cache key: 4e4e7a760125f37c64dd0d18de0ca983
|  |  input scan node ids: 1
|  |  estimated serialized size: 9.34KB
|  |  estimated serialized size per node: 9.34KB
|  |  cumulative processing cost: 16728
|  |  cache read processing cost: 79
|  |  cache write processing cost: 25
|  |  mem-estimate=4.00MB mem-reservation=4.00MB spill-buffer=2.00MB thread-reservation=0
|  |  tuple-ids=1 row-size=12B cardinality=598 cost=0
|  |  in pipelines: 01(GETNEXT)
|  |
|  01:SCAN HDFS [tpcds_partitioned_parquet_snap.date_dim]
|     HDFS partitions=1/1 files=1 size=2.17MB
|     deterministic scan range assignment: true
|     schedule scan ranges oldest to newest: true
|     predicates: date_dim.d_dow IN (CAST(6 AS INT), CAST(0 AS INT)), date_dim.d_year IN (CAST(1998 AS INT), CAST(1999 AS INT), CAST(2000 AS INT))
|     stored statistics:
|       table: rows=73.05K size=2.17MB
|       columns: all
|     extrapolated-rows=disabled max-scan-range-rows=73.05K
|     parquet statistics predicates: date_dim.d_dow IN (CAST(6 AS INT), CAST(0 AS INT)), date_dim.d_year IN (CAST(1998 AS INT), CAST(1999 AS INT), CAST(2000 AS INT))
|     parquet dictionary predicates: date_dim.d_dow IN (CAST(6 AS INT), CAST(0 AS INT)), date_dim.d_year IN (CAST(1998 AS INT), CAST(1999 AS INT), CAST(2000 AS INT))
|     mem-estimate=16.00MB mem-reservation=512.00KB thread-reservation=0
|     tuple-ids=1 row-size=12B cardinality=598 cost=16728
|     in pipelines: 01(GETNEXT)
|
06:HASH JOIN [INNER JOIN]
|  hash predicates: store_sales.ss_hdemo_sk = household_demographics.hd_demo_sk
|  fk/pk conjuncts: store_sales.ss_hdemo_sk = household_demographics.hd_demo_sk
|  runtime filters: RF008[bloom] <- household_demographics.hd_demo_sk, RF009[min_max] <- household_demographics.hd_demo_sk
|  mem-estimate=1.94MB mem-reservation=1.94MB spill-buffer=64.00KB thread-reservation=0
|  tuple-ids=0,2,3 row-size=73B cardinality=242.91M cost=129692158
|  in pipelines: 00(GETNEXT), 03(OPEN)
|
|--16:TUPLE CACHE
|  |  cache key: 37cbf666de643f6ab90851b03b6a523b
|  |  input scan node ids: 3
|  |  estimated serialized size: 28.12KB
|  |  estimated serialized size per node: 28.12KB
|  |  cumulative processing cost: 1446
|  |  cache read processing cost: 239
|  |  cache write processing cost: 77
|  |  mem-estimate=4.00MB mem-reservation=4.00MB spill-buffer=2.00MB thread-reservation=0
|  |  tuple-ids=3 row-size=12B cardinality=1.80K cost=0
|  |  in pipelines: 03(GETNEXT)
|  |
|  03:SCAN HDFS [tpcds_partitioned_parquet_snap.household_demographics]
|     HDFS partitions=1/1 files=1 size=41.69KB
|     deterministic scan range assignment: true
|     schedule scan ranges oldest to newest: true
|     predicates: (household_demographics.hd_dep_count = CAST(2 AS INT) OR household_demographics.hd_vehicle_count = CAST(2 AS INT))
|     stored statistics:
|       table: rows=7.20K size=41.69KB
|       columns: all
|     extrapolated-rows=disabled max-scan-range-rows=7.20K
|     mem-estimate=16.00MB mem-reservation=64.00KB thread-reservation=0
|     tuple-ids=3 row-size=12B cardinality=1.80K cost=1446
|     in pipelines: 03(GETNEXT)
|
05:HASH JOIN [INNER JOIN]
|  hash predicates: store_sales.ss_store_sk = store.s_store_sk
|  fk/pk conjuncts: store_sales.ss_store_sk = store.s_store_sk
|  runtime filters: RF010[bloom] <- store.s_store_sk, RF011[min_max] <- store.s_store_sk
|  mem-estimate=1.94MB mem-reservation=1.94MB spill-buffer=64.00KB thread-reservation=0
|  tuple-ids=0,2 row-size=61B cardinality=334.01M(filtered from 995.40M) cost=266041680
|  in pipelines: 00(GETNEXT), 02(OPEN)
|
|--15:TUPLE CACHE
|  |  cache key: 177f9ac9d4e2ad8071eace25fb5cfb55
|  |  input scan node ids: 2
|  |  estimated serialized size: 2.19KB
|  |  estimated serialized size per node: 2.19KB
|  |  cumulative processing cost: 292
|  |  cache read processing cost: 10
|  |  cache write processing cost: 6
|  |  mem-estimate=4.00MB mem-reservation=4.00MB spill-buffer=2.00MB thread-reservation=0
|  |  tuple-ids=2 row-size=25B cardinality=77 cost=0
|  |  in pipelines: 02(GETNEXT)
|  |
|  02:SCAN HDFS [tpcds_partitioned_parquet_snap.store]
|     HDFS partitions=1/1 files=1 size=119.76KB
|     deterministic scan range assignment: true
|     schedule scan ranges oldest to newest: true
|     predicates: store.s_city IN ('Antioch', 'Mount Vernon', 'Jamestown', 'Wilson', 'Farmington')
|     stored statistics:
|       table: rows=1.35K size=119.76KB
|       columns: all
|     extrapolated-rows=disabled max-scan-range-rows=1.35K
|     parquet statistics predicates: store.s_city IN ('Antioch', 'Mount Vernon', 'Jamestown', 'Wilson', 'Farmington')
|     parquet dictionary predicates: store.s_city IN ('Antioch', 'Mount Vernon', 'Jamestown', 'Wilson', 'Farmington')
|     mem-estimate=16.00MB mem-reservation=16.00KB thread-reservation=0
|     tuple-ids=2 row-size=25B cardinality=77 cost=292
|     in pipelines: 02(GETNEXT)
|
00:SCAN HDFS [tpcds_partitioned_parquet_snap.store_sales]
   HDFS partitions=1824/1824 files=1824 size=389.90GB
   runtime filters: RF011[min_max] -> store_sales.ss_store_sk, RF009[min_max] -> store_sales.ss_hdemo_sk, RF003[min_max] -> tpcds_partitioned_parquet_snap.store_sales.ss_customer_sk, RF005[min_max] -> store_sales.ss_addr_sk, RF010[bloom] -> store_sales.ss_store_sk, RF008[bloom] -> store_sales.ss_hdemo_sk, RF006[bloom] -> store_sales.ss_sold_date_sk, RF002[bloom] -> tpcds_partitioned_parquet_snap.store_sales.ss_customer_sk, RF004[bloom] -> store_sales.ss_addr_sk
   stored statistics:
     table: rows=8.64G size=389.90GB
     partitions: 1824/1824 rows=8.64G
     columns: all
   extrapolated-rows=disabled max-scan-range-rows=390.22M est-scan-range=598(filtered from 1824)
   mem-estimate=16.00MB mem-reservation=8.00MB thread-reservation=0
   tuple-ids=0 row-size=36B cardinality=334.01M(filtered from 8.64G) cost=1468425196
   in pipelines: 00(GETNEXT)
---- DISTRIBUTEDPLAN
Max Per-Host Resource Reservation: Memory=2.21GB Threads=53
Per-Host Resource Estimates: Memory=4.16GB
F09:PLAN FRAGMENT [UNPARTITIONED] hosts=1 instances=1
|  Per-Instance Resources: mem-estimate=5.40MB mem-reservation=4.00MB thread-reservation=1
|  max-parallelism=1 segment-costs=[748] cpu-comparison-result=270 [max(1 (self) vs 270 (sum children))]
PLAN-ROOT SINK
|  output exprs: c_last_name, c_first_name, ca_city, bought_city, ss_ticket_number, amt, profit
|  mem-estimate=4.00MB mem-reservation=4.00MB spill-buffer=2.00MB thread-reservation=0 cost=700
|
24:MERGING-EXCHANGE [UNPARTITIONED]
|  order by: c_last_name ASC, c_first_name ASC, ca_city ASC, bought_city ASC, ss_ticket_number ASC
|  limit: 100
|  mem-estimate=1.40MB mem-reservation=0B thread-reservation=0
|  tuple-ids=9 row-size=118B cardinality=100 cost=48
|  in pipelines: 14(GETNEXT)
|
F07:PLAN FRAGMENT [HASH(ss_customer_sk)] hosts=10 instances=120
Per-Instance Resources: mem-estimate=13.57MB mem-reservation=0B thread-reservation=1
max-parallelism=120 segment-costs=[1136461956, 340] cpu-comparison-result=270 [max(120 (self) vs 270 (sum children))]
14:TOP-N [LIMIT=100]
|  order by: c_last_name ASC, c_first_name ASC, ca_city ASC, bought_city ASC, ss_ticket_number ASC
|  mem-estimate=11.51KB mem-reservation=0B thread-reservation=0
|  tuple-ids=9 row-size=118B cardinality=100 cost=1039917818
|  in pipelines: 14(GETNEXT), 20(OPEN)
|
13:HASH JOIN [INNER JOIN, BROADCAST]
|  hash-table-id=00
|  hash predicates: customer.c_current_addr_sk = current_addr.ca_address_sk
|  fk/pk conjuncts: customer.c_current_addr_sk = current_addr.ca_address_sk
|  other predicates: current_addr.ca_city != ca_city
|  mem-estimate=0B mem-reservation=0B spill-buffer=2.00MB thread-reservation=0
|  tuple-ids=5,7,8 row-size=138B cardinality=70.73M cost=30960705
|  in pipelines: 20(GETNEXT), 11(OPEN)
|
|--F10:PLAN FRAGMENT [HASH(ss_customer_sk)] hosts=10 instances=10
|  |  Per-Instance Resources: mem-estimate=767.23MB mem-reservation=424.00MB thread-reservation=1 runtime-filters-memory=16.00MB
|  |  max-parallelism=10 segment-costs=[34934990]
|  JOIN BUILD
|  |  join-table-id=00 plan-id=01 cohort-id=01
|  |  build expressions: current_addr.ca_address_sk
|  |  runtime filters: RF000[bloom] <- current_addr.ca_address_sk, RF001[min_max] <- current_addr.ca_address_sk
|  |  mem-estimate=740.95MB mem-reservation=408.00MB spill-buffer=2.00MB thread-reservation=0 cost=15000000
|  |
|  23:EXCHANGE [BROADCAST]
|  |  mem-estimate=10.28MB mem-reservation=0B thread-reservation=0
|  |  tuple-ids=8 row-size=25B cardinality=15.00M cost=19934990
|  |  in pipelines: 11(GETNEXT)
|  |
|  F08:PLAN FRAGMENT [RANDOM] hosts=10 instances=10
|  Per-Instance Resources: mem-estimate=16.11MB mem-reservation=128.00KB thread-reservation=1
|  max-parallelism=10 segment-costs=[4132292]
|  11:SCAN HDFS [tpcds_partitioned_parquet_snap.customer_address current_addr, RANDOM]
|     HDFS partitions=1/1 files=1 size=307.36MB
|     stored statistics:
|       table: rows=15.00M size=307.36MB
|       columns: all
|     extrapolated-rows=disabled max-scan-range-rows=1.58M
|     mem-estimate=16.00MB mem-reservation=128.00KB thread-reservation=0
|     tuple-ids=8 row-size=25B cardinality=15.00M cost=2797720
|     in pipelines: 11(GETNEXT)
|
12:HASH JOIN [INNER JOIN, PARTITIONED]
|  hash-table-id=01
|  hash predicates: ss_customer_sk = c_customer_sk
|  fk/pk conjuncts: ss_customer_sk = c_customer_sk
|  mem-estimate=0B mem-reservation=0B spill-buffer=2.00MB thread-reservation=0
|  tuple-ids=5,7 row-size=113B cardinality=70.73M cost=32581955
|  in pipelines: 20(GETNEXT), 10(OPEN)
|
|--F11:PLAN FRAGMENT [HASH(ss_customer_sk)] hosts=10 instances=120
|  |  Per-Instance Resources: mem-estimate=60.47MB mem-reservation=50.00MB thread-reservation=1 runtime-filters-memory=16.00MB
|  |  max-parallelism=120 segment-costs=[39400506]
|  JOIN BUILD
|  |  join-table-id=01 plan-id=02 cohort-id=01
|  |  build expressions: c_customer_sk
|  |  runtime filters: RF002[bloom] <- c_customer_sk, RF003[min_max] <- c_customer_sk
|  |  mem-estimate=34.00MB mem-reservation=34.00MB spill-buffer=2.00MB thread-reservation=0 cost=30000000
|  |
|  22:EXCHANGE [HASH(c_customer_sk)]
|  |  mem-estimate=10.47MB mem-reservation=0B thread-reservation=0
|  |  tuple-ids=7 row-size=44B cardinality=30.00M cost=9400506
|  |  in pipelines: 10(GETNEXT)
|  |
|  F06:PLAN FRAGMENT [RANDOM] hosts=10 instances=10
|  Per-Host Shared Resources: mem-estimate=16.00MB mem-reservation=16.00MB thread-reservation=0 runtime-filters-memory=16.00MB
|  Per-Instance Resources: mem-estimate=38.48MB mem-reservation=1.00MB thread-reservation=1
|  max-parallelism=10 segment-costs=[109027022]
|  10:SCAN HDFS [tpcds_partitioned_parquet_snap.customer, RANDOM]
|     HDFS partitions=1/1 files=1 size=1.55GB
|     runtime filters: RF001[min_max] -> customer.c_current_addr_sk, RF000[bloom] -> customer.c_current_addr_sk
|     stored statistics:
|       table: rows=30.00M size=1.55GB
|       columns: all
|     extrapolated-rows=disabled max-scan-range-rows=3.10M
|     mem-estimate=16.00MB mem-reservation=1.00MB thread-reservation=0
|     tuple-ids=7 row-size=44B cardinality=30.00M cost=8625933
|     in pipelines: 10(GETNEXT)
|
21:EXCHANGE [HASH(ss_customer_sk)]
|  mem-estimate=13.56MB mem-reservation=0B thread-reservation=0
|  tuple-ids=5 row-size=69B cardinality=77.06M cost=33001478
|  in pipelines: 20(GETNEXT)
|
F05:PLAN FRAGMENT [HASH(ss_ticket_number,ss_customer_sk,ss_addr_sk,ca_city)] hosts=10 instances=50 (adjusted from 120)
Per-Instance Resources: mem-estimate=153.17MB mem-reservation=34.00MB thread-reservation=1
max-parallelism=50 segment-costs=[493224077, 381867406] cpu-comparison-result=120 [max(50 (self) vs 120 (sum children))]
20:AGGREGATE [FINALIZE]
|  output: sum:merge(ss_coupon_amt), sum:merge(ss_net_profit)
|  group by: ss_ticket_number, ss_customer_sk, ss_addr_sk, ca_city
|  mem-estimate=118.98MB mem-reservation=34.00MB spill-buffer=2.00MB thread-reservation=0
|  tuple-ids=5 row-size=69B cardinality=77.06M cost=460222599
|  in pipelines: 20(GETNEXT), 00(OPEN)
|
19:EXCHANGE [HASH(ss_ticket_number,ss_customer_sk,ss_addr_sk,ca_city)]
|  mem-estimate=18.55MB mem-reservation=0B thread-reservation=0
|  tuple-ids=5 row-size=69B cardinality=77.06M cost=33001478
|  in pipelines: 00(GETNEXT)
|
F00:PLAN FRAGMENT [RANDOM] hosts=10 instances=120
Per-Host Shared Resources: mem-estimate=35.00MB mem-reservation=35.00MB thread-reservation=0 runtime-filters-memory=35.00MB
Per-Instance Resources: mem-estimate=67.43MB mem-reservation=42.00MB thread-reservation=1
max-parallelism=250 segment-costs=[2435507496, 381867406] cpu-comparison-result=120 [max(120 (self) vs 53 (sum children))]
09:AGGREGATE [STREAMING]
|  output: sum(ss_coupon_amt), sum(ss_net_profit)
|  group by: ss_ticket_number, ss_customer_sk, ss_addr_sk, ca_city
|  mem-estimate=37.18MB mem-reservation=34.00MB spill-buffer=2.00MB thread-reservation=0
|  tuple-ids=5 row-size=69B cardinality=77.06M cost=460222599
|  in pipelines: 00(GETNEXT)
|
08:HASH JOIN [INNER JOIN, BROADCAST]
|  hash-table-id=02
|  hash predicates: store_sales.ss_addr_sk = customer_address.ca_address_sk
|  fk/pk conjuncts: store_sales.ss_addr_sk = customer_address.ca_address_sk
|  mem-estimate=0B mem-reservation=0B spill-buffer=2.00MB thread-reservation=0
|  tuple-ids=0,2,3,1,4 row-size=110B cardinality=77.06M cost=34389944
|  in pipelines: 00(GETNEXT), 04(OPEN)
|
|--F12:PLAN FRAGMENT [RANDOM] hosts=10 instances=10
|  |  Per-Instance Resources: mem-estimate=767.23MB mem-reservation=424.00MB thread-reservation=1 runtime-filters-memory=16.00MB
|  |  max-parallelism=10 segment-costs=[34934990]
|  JOIN BUILD
|  |  join-table-id=02 plan-id=03 cohort-id=01
|  |  build expressions: customer_address.ca_address_sk
|  |  runtime filters: RF004[bloom] <- customer_address.ca_address_sk, RF005[min_max] <- customer_address.ca_address_sk
|  |  mem-estimate=740.95MB mem-reservation=408.00MB spill-buffer=2.00MB thread-reservation=0 cost=15000000
|  |
|  18:EXCHANGE [BROADCAST]
|  |  mem-estimate=10.28MB mem-reservation=0B thread-reservation=0
|  |  tuple-ids=4 row-size=25B cardinality=15.00M cost=19934990
|  |  in pipelines: 04(GETNEXT)
|  |
|  F04:PLAN FRAGMENT [RANDOM] hosts=10 instances=10
|  Per-Instance Resources: mem-estimate=16.11MB mem-reservation=128.00KB thread-reservation=1
|  max-parallelism=10 segment-costs=[4132292]
|  04:SCAN HDFS [tpcds_partitioned_parquet_snap.customer_address, RANDOM]
|     HDFS partitions=1/1 files=1 size=307.36MB
|     stored statistics:
|       table: rows=15.00M size=307.36MB
|       columns: all
|     extrapolated-rows=disabled max-scan-range-rows=1.58M
|     mem-estimate=16.00MB mem-reservation=128.00KB thread-reservation=0
|     tuple-ids=4 row-size=25B cardinality=15.00M cost=2797720
|     in pipelines: 04(GETNEXT)
|
07:HASH JOIN [INNER JOIN, BROADCAST]
|  hash-table-id=03
|  hash predicates: store_sales.ss_sold_date_sk = date_dim.d_date_sk
|  fk/pk conjuncts: store_sales.ss_sold_date_sk = date_dim.d_date_sk
|  mem-estimate=0B mem-reservation=0B spill-buffer=64.00KB thread-reservation=0
|  tuple-ids=0,2,3,1 row-size=85B cardinality=79.64M cost=76737796
|  in pipelines: 00(GETNEXT), 01(OPEN)
|
|--F13:PLAN FRAGMENT [RANDOM] hosts=10 instances=10
|  |  Per-Instance Resources: mem-estimate=24.27MB mem-reservation=24.25MB thread-reservation=1 runtime-filters-memory=1.00MB
|  |  max-parallelism=10 segment-costs=[1388]
|  JOIN BUILD
|  |  join-table-id=03 plan-id=04 cohort-id=01
|  |  build expressions: date_dim.d_date_sk
|  |  runtime filters: RF006[bloom] <- date_dim.d_date_sk
|  |  mem-estimate=23.25MB mem-reservation=23.25MB spill-buffer=64.00KB thread-reservation=0 cost=598
|  |
|  17:EXCHANGE [BROADCAST]
|  |  mem-estimate=16.35KB mem-reservation=0B thread-reservation=0
|  |  tuple-ids=1 row-size=12B cardinality=598 cost=790
|  |  in pipelines: 01(GETNEXT)
|  |
|  F03:PLAN FRAGMENT [RANDOM] hosts=1 instances=1
|  Per-Instance Resources: mem-estimate=20.06MB mem-reservation=4.50MB thread-reservation=1
|  max-parallelism=1 segment-costs=[16760]
|  27:TUPLE CACHE
|  |  cache key: 4e4e7a760125f37c64dd0d18de0ca983
|  |  input scan node ids: 1
|  |  estimated serialized size: 9.34KB
|  |  estimated serialized size per node: 9.34KB
|  |  cumulative processing cost: 16728
|  |  cache read processing cost: 79
|  |  cache write processing cost: 25
|  |  mem-estimate=4.00MB mem-reservation=4.00MB spill-buffer=2.00MB thread-reservation=0
|  |  tuple-ids=1 row-size=12B cardinality=598 cost=0
|  |  in pipelines: 01(GETNEXT)
|  |
|  01:SCAN HDFS [tpcds_partitioned_parquet_snap.date_dim, RANDOM]
|     HDFS partitions=1/1 files=1 size=2.17MB
|     deterministic scan range assignment: true
|     schedule scan ranges oldest to newest: true
|     predicates: date_dim.d_dow IN (CAST(6 AS INT), CAST(0 AS INT)), date_dim.d_year IN (CAST(1998 AS INT), CAST(1999 AS INT), CAST(2000 AS INT))
|     stored statistics:
|       table: rows=73.05K size=2.17MB
|       columns: all
|     extrapolated-rows=disabled max-scan-range-rows=73.05K
|     parquet statistics predicates: date_dim.d_dow IN (CAST(6 AS INT), CAST(0 AS INT)), date_dim.d_year IN (CAST(1998 AS INT), CAST(1999 AS INT), CAST(2000 AS INT))
|     parquet dictionary predicates: date_dim.d_dow IN (CAST(6 AS INT), CAST(0 AS INT)), date_dim.d_year IN (CAST(1998 AS INT), CAST(1999 AS INT), CAST(2000 AS INT))
|     mem-estimate=16.00MB mem-reservation=512.00KB thread-reservation=0
|     tuple-ids=1 row-size=12B cardinality=598 cost=16728
|     in pipelines: 01(GETNEXT)
|
06:HASH JOIN [INNER JOIN, BROADCAST]
|  hash-table-id=04
|  hash predicates: store_sales.ss_hdemo_sk = household_demographics.hd_demo_sk
|  fk/pk conjuncts: store_sales.ss_hdemo_sk = household_demographics.hd_demo_sk
|  mem-estimate=0B mem-reservation=0B spill-buffer=64.00KB thread-reservation=0
|  tuple-ids=0,2,3 row-size=73B cardinality=242.91M cost=129690358
|  in pipelines: 00(GETNEXT), 03(OPEN)
|
|--F14:PLAN FRAGMENT [RANDOM] hosts=10 instances=10
|  |  Per-Instance Resources: mem-estimate=24.29MB mem-reservation=24.25MB thread-reservation=1 runtime-filters-memory=1.00MB
|  |  max-parallelism=10 segment-costs=[4190]
|  JOIN BUILD
|  |  join-table-id=04 plan-id=05 cohort-id=01
|  |  build expressions: household_demographics.hd_demo_sk
|  |  runtime filters: RF008[bloom] <- household_demographics.hd_demo_sk, RF009[min_max] <- household_demographics.hd_demo_sk
|  |  mem-estimate=23.25MB mem-reservation=23.25MB spill-buffer=64.00KB thread-reservation=0 cost=1800
|  |
|  16:EXCHANGE [BROADCAST]
|  |  mem-estimate=37.09KB mem-reservation=0B thread-reservation=0
|  |  tuple-ids=3 row-size=12B cardinality=1.80K cost=2390
|  |  in pipelines: 03(GETNEXT)
|  |
|  F02:PLAN FRAGMENT [RANDOM] hosts=1 instances=1
|  Per-Instance Resources: mem-estimate=20.06MB mem-reservation=4.06MB thread-reservation=1
|  max-parallelism=1 segment-costs=[1543]
|  26:TUPLE CACHE
|  |  cache key: 37cbf666de643f6ab90851b03b6a523b
|  |  input scan node ids: 3
|  |  estimated serialized size: 28.12KB
|  |  estimated serialized size per node: 28.12KB
|  |  cumulative processing cost: 1446
|  |  cache read processing cost: 239
|  |  cache write processing cost: 77
|  |  mem-estimate=4.00MB mem-reservation=4.00MB spill-buffer=2.00MB thread-reservation=0
|  |  tuple-ids=3 row-size=12B cardinality=1.80K cost=0
|  |  in pipelines: 03(GETNEXT)
|  |
|  03:SCAN HDFS [tpcds_partitioned_parquet_snap.household_demographics, RANDOM]
|     HDFS partitions=1/1 files=1 size=41.69KB
|     deterministic scan range assignment: true
|     schedule scan ranges oldest to newest: true
|     predicates: (household_demographics.hd_dep_count = CAST(2 AS INT) OR household_demographics.hd_vehicle_count = CAST(2 AS INT))
|     stored statistics:
|       table: rows=7.20K size=41.69KB
|       columns: all
|     extrapolated-rows=disabled max-scan-range-rows=7.20K
|     mem-estimate=16.00MB mem-reservation=64.00KB thread-reservation=0
|     tuple-ids=3 row-size=12B cardinality=1.80K cost=1446
|     in pipelines: 03(GETNEXT)
|
05:HASH JOIN [INNER JOIN, BROADCAST]
|  hash-table-id=05
|  hash predicates: store_sales.ss_store_sk = store.s_store_sk
|  fk/pk conjuncts: store_sales.ss_store_sk = store.s_store_sk
|  mem-estimate=0B mem-reservation=0B spill-buffer=64.00KB thread-reservation=0
|  tuple-ids=0,2 row-size=61B cardinality=334.01M(filtered from 995.40M) cost=266041603
|  in pipelines: 00(GETNEXT), 02(OPEN)
|
|--F15:PLAN FRAGMENT [RANDOM] hosts=10 instances=10
|  |  Per-Instance Resources: mem-estimate=24.27MB mem-reservation=24.25MB thread-reservation=1 runtime-filters-memory=1.00MB
|  |  max-parallelism=10 segment-costs=[177]
|  JOIN BUILD
|  |  join-table-id=05 plan-id=06 cohort-id=01
|  |  build expressions: store.s_store_sk
|  |  runtime filters: RF010[bloom] <- store.s_store_sk, RF011[min_max] <- store.s_store_sk
|  |  mem-estimate=23.25MB mem-reservation=23.25MB spill-buffer=64.00KB thread-reservation=0 cost=77
|  |
|  15:EXCHANGE [BROADCAST]
|  |  mem-estimate=16.00KB mem-reservation=0B thread-reservation=0
|  |  tuple-ids=2 row-size=25B cardinality=77 cost=100
|  |  in pipelines: 02(GETNEXT)
|  |
|  F01:PLAN FRAGMENT [RANDOM] hosts=1 instances=1
|  Per-Instance Resources: mem-estimate=20.11MB mem-reservation=4.02MB thread-reservation=1
|  max-parallelism=1 segment-costs=[298]
|  25:TUPLE CACHE
|  |  cache key: 177f9ac9d4e2ad8071eace25fb5cfb55
|  |  input scan node ids: 2
|  |  estimated serialized size: 2.19KB
|  |  estimated serialized size per node: 2.19KB
|  |  cumulative processing cost: 292
|  |  cache read processing cost: 10
|  |  cache write processing cost: 6
|  |  mem-estimate=4.00MB mem-reservation=4.00MB spill-buffer=2.00MB thread-reservation=0
|  |  tuple-ids=2 row-size=25B cardinality=77 cost=0
|  |  in pipelines: 02(GETNEXT)
|  |
|  02:SCAN HDFS [tpcds_partitioned_parquet_snap.store, RANDOM]
|     HDFS partitions=1/1 files=1 size=119.76KB
|     deterministic scan range assignment: true
|     schedule scan ranges oldest to newest: true
|     predicates: store.s_city IN ('Antioch', 'Mount Vernon', 'Jamestown', 'Wilson', 'Farmington')
|     stored statistics:
|       table: rows=1.35K size=119.76KB
|       columns: all
|     extrapolated-rows=disabled max-scan-range-rows=1.35K
|     parquet statistics predicates: store.s_city IN ('Antioch', 'Mount Vernon', 'Jamestown', 'Wilson', 'Farmington')
|     parquet dictionary predicates: store.s_city IN ('Antioch', 'Mount Vernon', 'Jamestown', 'Wilson', 'Farmington')
|     mem-estimate=16.00MB mem-reservation=16.00KB thread-reservation=0
|     tuple-ids=2 row-size=25B cardinality=77 cost=292
|     in pipelines: 02(GETNEXT)
|
00:SCAN HDFS [tpcds_partitioned_parquet_snap.store_sales, RANDOM]
   HDFS partitions=1824/1824 files=1824 size=389.90GB
   runtime filters: RF011[min_max] -> store_sales.ss_store_sk, RF009[min_max] -> store_sales.ss_hdemo_sk, RF003[min_max] -> tpcds_partitioned_parquet_snap.store_sales.ss_customer_sk, RF005[min_max] -> store_sales.ss_addr_sk, RF010[bloom] -> store_sales.ss_store_sk, RF008[bloom] -> store_sales.ss_hdemo_sk, RF006[bloom] -> store_sales.ss_sold_date_sk, RF002[bloom] -> tpcds_partitioned_parquet_snap.store_sales.ss_customer_sk, RF004[bloom] -> store_sales.ss_addr_sk
   stored statistics:
     table: rows=8.64G size=389.90GB
     partitions: 1824/1824 rows=8.64G
     columns: all
   extrapolated-rows=disabled max-scan-range-rows=390.22M est-scan-range=598(filtered from 1824)
   mem-estimate=16.00MB mem-reservation=8.00MB thread-reservation=0
   tuple-ids=0 row-size=36B cardinality=334.01M(filtered from 8.64G) cost=1468425196
   in pipelines: 00(GETNEXT)
---- PARALLELPLANS
Max Per-Host Resource Reservation: Memory=1.24GB Threads=70
Per-Host Resource Estimates: Memory=3.47GB
F11:PLAN FRAGMENT [UNPARTITIONED] hosts=1 instances=1
|  Per-Instance Resources: mem-estimate=5.40MB mem-reservation=4.00MB thread-reservation=1
|  max-parallelism=1 segment-costs=[748] cpu-comparison-result=360 [max(1 (self) vs 360 (sum children))]
PLAN-ROOT SINK
|  output exprs: c_last_name, c_first_name, ca_city, bought_city, ss_ticket_number, amt, profit
|  mem-estimate=4.00MB mem-reservation=4.00MB spill-buffer=2.00MB thread-reservation=0 cost=700
|
26:MERGING-EXCHANGE [UNPARTITIONED]
|  order by: c_last_name ASC, c_first_name ASC, ca_city ASC, bought_city ASC, ss_ticket_number ASC
|  limit: 100
|  mem-estimate=1.40MB mem-reservation=0B thread-reservation=0
|  tuple-ids=9 row-size=118B cardinality=100 cost=48
|  in pipelines: 14(GETNEXT)
|
F10:PLAN FRAGMENT [HASH(customer.c_current_addr_sk)] hosts=10 instances=120
Per-Instance Resources: mem-estimate=18.28MB mem-reservation=0B thread-reservation=1
max-parallelism=120 segment-costs=[1118082195, 340] cpu-comparison-result=360 [max(190 (self) vs 360 (sum children))]
14:TOP-N [LIMIT=100]
|  order by: c_last_name ASC, c_first_name ASC, ca_city ASC, bought_city ASC, ss_ticket_number ASC
|  mem-estimate=11.51KB mem-reservation=0B thread-reservation=0
|  tuple-ids=9 row-size=118B cardinality=100 cost=1039917818
|  in pipelines: 14(GETNEXT), 21(OPEN)
|
13:HASH JOIN [INNER JOIN, PARTITIONED]
|  hash-table-id=00
|  hash predicates: customer.c_current_addr_sk = current_addr.ca_address_sk
|  fk/pk conjuncts: customer.c_current_addr_sk = current_addr.ca_address_sk
|  other predicates: current_addr.ca_city != ca_city
|  mem-estimate=0B mem-reservation=0B spill-buffer=512.00KB thread-reservation=0
|  tuple-ids=5,7,8 row-size=138B cardinality=70.73M cost=30960705
|  in pipelines: 21(GETNEXT), 11(OPEN)
|
|--F12:PLAN FRAGMENT [HASH(customer.c_current_addr_sk)] hosts=10 instances=120
|  |  Per-Instance Resources: mem-estimate=34.78MB mem-reservation=24.50MB thread-reservation=1 runtime-filters-memory=16.00MB
|  |  max-parallelism=120 segment-costs=[18388216]
|  JOIN BUILD
|  |  join-table-id=00 plan-id=01 cohort-id=01
|  |  build expressions: current_addr.ca_address_sk
|  |  runtime filters: RF000[bloom] <- current_addr.ca_address_sk, RF001[min_max] <- current_addr.ca_address_sk
|  |  mem-estimate=8.50MB mem-reservation=8.50MB spill-buffer=512.00KB thread-reservation=0 cost=15000000
|  |
|  25:EXCHANGE [HASH(current_addr.ca_address_sk)]
|  |  mem-estimate=10.28MB mem-reservation=0B thread-reservation=0
|  |  tuple-ids=8 row-size=25B cardinality=15.00M cost=3388216
|  |  in pipelines: 11(GETNEXT)
|  |
|  F09:PLAN FRAGMENT [RANDOM] hosts=10 instances=10
|  Per-Instance Resources: mem-estimate=29.57MB mem-reservation=128.00KB thread-reservation=1
|  max-parallelism=10 segment-costs=[34629749]
|  11:SCAN HDFS [tpcds_partitioned_parquet_snap.customer_address current_addr, RANDOM]
|     HDFS partitions=1/1 files=1 size=307.36MB
|     stored statistics:
|       table: rows=15.00M size=307.36MB
|       columns: all
|     extrapolated-rows=disabled max-scan-range-rows=1.58M
|     mem-estimate=16.00MB mem-reservation=128.00KB thread-reservation=0
|     tuple-ids=8 row-size=25B cardinality=15.00M cost=2797720
|     in pipelines: 11(GETNEXT)
|
24:EXCHANGE [HASH(customer.c_current_addr_sk)]
|  mem-estimate=18.27MB mem-reservation=0B thread-reservation=0
|  tuple-ids=5,7 row-size=113B cardinality=70.73M cost=47203672
|  in pipelines: 21(GETNEXT)
|
F08:PLAN FRAGMENT [HASH(ss_customer_sk)] hosts=10 instances=70 (adjusted from 120)
Per-Instance Resources: mem-estimate=69.53MB mem-reservation=0B thread-reservation=1
max-parallelism=70 segment-costs=[652856305]
12:HASH JOIN [INNER JOIN, PARTITIONED]
|  hash-table-id=01
|  hash predicates: ss_customer_sk = c_customer_sk
|  fk/pk conjuncts: ss_customer_sk = c_customer_sk
|  mem-estimate=0B mem-reservation=0B spill-buffer=2.00MB thread-reservation=0
|  tuple-ids=5,7 row-size=113B cardinality=70.73M cost=32581955
|  in pipelines: 21(GETNEXT), 10(OPEN)
|
|--F13:PLAN FRAGMENT [HASH(ss_customer_sk)] hosts=10 instances=70 (adjusted from 120)
|  |  Per-Instance Resources: mem-estimate=60.47MB mem-reservation=50.00MB thread-reservation=1 runtime-filters-memory=16.00MB
|  |  max-parallelism=70 segment-costs=[39400506]
|  JOIN BUILD
|  |  join-table-id=01 plan-id=02 cohort-id=01
|  |  build expressions: c_customer_sk
|  |  runtime filters: RF002[bloom] <- c_customer_sk, RF003[min_max] <- c_customer_sk
|  |  mem-estimate=34.00MB mem-reservation=34.00MB spill-buffer=2.00MB thread-reservation=0 cost=30000000
|  |
|  23:EXCHANGE [HASH(c_customer_sk)]
|  |  mem-estimate=10.47MB mem-reservation=0B thread-reservation=0
|  |  tuple-ids=7 row-size=44B cardinality=30.00M cost=9400506
|  |  in pipelines: 10(GETNEXT)
|  |
|  F07:PLAN FRAGMENT [RANDOM] hosts=10 instances=10
|  Per-Host Shared Resources: mem-estimate=16.00MB mem-reservation=16.00MB thread-reservation=0 runtime-filters-memory=16.00MB
|  Per-Instance Resources: mem-estimate=29.12MB mem-reservation=1.00MB thread-reservation=1
|  max-parallelism=10 segment-costs=[109027022]
|  10:SCAN HDFS [tpcds_partitioned_parquet_snap.customer, RANDOM]
|     HDFS partitions=1/1 files=1 size=1.55GB
|     runtime filters: RF001[min_max] -> customer.c_current_addr_sk, RF000[bloom] -> customer.c_current_addr_sk
|     stored statistics:
|       table: rows=30.00M size=1.55GB
|       columns: all
|     extrapolated-rows=disabled max-scan-range-rows=3.10M
|     mem-estimate=16.00MB mem-reservation=1.00MB thread-reservation=0
|     tuple-ids=7 row-size=44B cardinality=30.00M cost=8625933
|     in pipelines: 10(GETNEXT)
|
22:EXCHANGE [HASH(ss_customer_sk)]
|  mem-estimate=12.85MB mem-reservation=0B thread-reservation=0
|  tuple-ids=5 row-size=69B cardinality=77.06M cost=33001478
|  in pipelines: 21(GETNEXT)
|
F06:PLAN FRAGMENT [HASH(ss_ticket_number,ss_customer_sk,ss_addr_sk,ca_city)] hosts=10 instances=40 (adjusted from 120)
Per-Instance Resources: mem-estimate=168.67MB mem-reservation=34.00MB thread-reservation=1
max-parallelism=50 segment-costs=[493224077, 381867406] cpu-comparison-result=150 [max(40 (self) vs 150 (sum children))]
21:AGGREGATE [FINALIZE]
|  output: sum:merge(ss_coupon_amt), sum:merge(ss_net_profit)
|  group by: ss_ticket_number, ss_customer_sk, ss_addr_sk, ca_city
|  mem-estimate=148.72MB mem-reservation=34.00MB spill-buffer=2.00MB thread-reservation=0
|  tuple-ids=5 row-size=69B cardinality=77.06M cost=460222599
|  in pipelines: 21(GETNEXT), 00(OPEN)
|
20:EXCHANGE [HASH(ss_ticket_number,ss_customer_sk,ss_addr_sk,ca_city)]
|  mem-estimate=12.14MB mem-reservation=0B thread-reservation=0
|  tuple-ids=5 row-size=69B cardinality=77.06M cost=33001478
|  in pipelines: 00(GETNEXT)
|
F05:PLAN FRAGMENT [HASH(store_sales.ss_addr_sk)] hosts=10 instances=30 (adjusted from 120)
Per-Instance Resources: mem-estimate=181.97MB mem-reservation=34.00MB thread-reservation=1
max-parallelism=60 segment-costs=[543427107, 381867406] cpu-comparison-result=150 [max(150 (self) vs 73 (sum children))]
09:AGGREGATE [STREAMING]
|  output: sum(ss_coupon_amt), sum(ss_net_profit)
|  group by: ss_ticket_number, ss_customer_sk, ss_addr_sk, ca_city
|  mem-estimate=148.72MB mem-reservation=34.00MB spill-buffer=2.00MB thread-reservation=0
|  tuple-ids=5 row-size=69B cardinality=77.06M cost=460222599
|  in pipelines: 00(GETNEXT)
|
08:HASH JOIN [INNER JOIN, PARTITIONED]
|  hash-table-id=02
|  hash predicates: store_sales.ss_addr_sk = customer_address.ca_address_sk
|  fk/pk conjuncts: store_sales.ss_addr_sk = customer_address.ca_address_sk
|  mem-estimate=0B mem-reservation=0B spill-buffer=2.00MB thread-reservation=0
|  tuple-ids=0,2,3,1,4 row-size=110B cardinality=77.06M cost=34389944
|  in pipelines: 00(GETNEXT), 04(OPEN)
|
|--F14:PLAN FRAGMENT [HASH(store_sales.ss_addr_sk)] hosts=10 instances=30 (adjusted from 120)
|  |  Per-Instance Resources: mem-estimate=60.28MB mem-reservation=50.00MB thread-reservation=1 runtime-filters-memory=16.00MB
|  |  max-parallelism=60 segment-costs=[18388216]
|  JOIN BUILD
|  |  join-table-id=02 plan-id=03 cohort-id=01
|  |  build expressions: customer_address.ca_address_sk
|  |  runtime filters: RF004[bloom] <- customer_address.ca_address_sk, RF005[min_max] <- customer_address.ca_address_sk
|  |  mem-estimate=34.00MB mem-reservation=34.00MB spill-buffer=2.00MB thread-reservation=0 cost=15000000
|  |
|  19:EXCHANGE [HASH(customer_address.ca_address_sk)]
|  |  mem-estimate=10.28MB mem-reservation=0B thread-reservation=0
|  |  tuple-ids=4 row-size=25B cardinality=15.00M cost=3388216
|  |  in pipelines: 04(GETNEXT)
|  |
|  F04:PLAN FRAGMENT [RANDOM] hosts=10 instances=10
|  Per-Instance Resources: mem-estimate=19.39MB mem-reservation=128.00KB thread-reservation=1
|  max-parallelism=10 segment-costs=[34629749]
|  04:SCAN HDFS [tpcds_partitioned_parquet_snap.customer_address, RANDOM]
|     HDFS partitions=1/1 files=1 size=307.36MB
|     stored statistics:
|       table: rows=15.00M size=307.36MB
|       columns: all
|     extrapolated-rows=disabled max-scan-range-rows=1.58M
|     mem-estimate=16.00MB mem-reservation=128.00KB thread-reservation=0
|     tuple-ids=4 row-size=25B cardinality=15.00M cost=2797720
|     in pipelines: 04(GETNEXT)
|
18:EXCHANGE [HASH(store_sales.ss_addr_sk)]
|  mem-estimate=21.85MB mem-reservation=0B thread-reservation=0
|  tuple-ids=0,2,3,1 row-size=85B cardinality=79.64M cost=48814564
|  in pipelines: 00(GETNEXT)
|
F00:PLAN FRAGMENT [RANDOM] hosts=10 instances=120
Per-Host Shared Resources: mem-estimate=35.00MB mem-reservation=35.00MB thread-reservation=0 runtime-filters-memory=35.00MB
Per-Instance Resources: mem-estimate=27.85MB mem-reservation=8.00MB thread-reservation=1
max-parallelism=260 segment-costs=[2541458132]
07:HASH JOIN [INNER JOIN, BROADCAST]
|  hash-table-id=03
|  hash predicates: store_sales.ss_sold_date_sk = date_dim.d_date_sk
|  fk/pk conjuncts: store_sales.ss_sold_date_sk = date_dim.d_date_sk
|  mem-estimate=0B mem-reservation=0B spill-buffer=64.00KB thread-reservation=0
|  tuple-ids=0,2,3,1 row-size=85B cardinality=79.64M cost=76737796
|  in pipelines: 00(GETNEXT), 01(OPEN)
|
|--F15:PLAN FRAGMENT [RANDOM] hosts=10 instances=10
|  |  Per-Instance Resources: mem-estimate=24.27MB mem-reservation=24.25MB thread-reservation=1 runtime-filters-memory=1.00MB
|  |  max-parallelism=10 segment-costs=[1388]
|  JOIN BUILD
|  |  join-table-id=03 plan-id=04 cohort-id=01
|  |  build expressions: date_dim.d_date_sk
|  |  runtime filters: RF006[bloom] <- date_dim.d_date_sk
|  |  mem-estimate=23.25MB mem-reservation=23.25MB spill-buffer=64.00KB thread-reservation=0 cost=598
|  |
|  17:EXCHANGE [BROADCAST]
|  |  mem-estimate=16.35KB mem-reservation=0B thread-reservation=0
|  |  tuple-ids=1 row-size=12B cardinality=598 cost=790
|  |  in pipelines: 01(GETNEXT)
|  |
|  F03:PLAN FRAGMENT [RANDOM] hosts=1 instances=1
|  Per-Instance Resources: mem-estimate=20.06MB mem-reservation=4.50MB thread-reservation=1
|  max-parallelism=1 segment-costs=[16760]
|  29:TUPLE CACHE
|  |  cache key: 4e4e7a760125f37c64dd0d18de0ca983
|  |  input scan node ids: 1
|  |  estimated serialized size: 9.34KB
|  |  estimated serialized size per node: 9.34KB
|  |  cumulative processing cost: 16728
|  |  cache read processing cost: 79
|  |  cache write processing cost: 25
|  |  mem-estimate=4.00MB mem-reservation=4.00MB spill-buffer=2.00MB thread-reservation=0
|  |  tuple-ids=1 row-size=12B cardinality=598 cost=0
|  |  in pipelines: 01(GETNEXT)
|  |
|  01:SCAN HDFS [tpcds_partitioned_parquet_snap.date_dim, RANDOM]
|     HDFS partitions=1/1 files=1 size=2.17MB
|     deterministic scan range assignment: true
|     schedule scan ranges oldest to newest: true
|     predicates: date_dim.d_dow IN (CAST(6 AS INT), CAST(0 AS INT)), date_dim.d_year IN (CAST(1998 AS INT), CAST(1999 AS INT), CAST(2000 AS INT))
|     stored statistics:
|       table: rows=73.05K size=2.17MB
|       columns: all
|     extrapolated-rows=disabled max-scan-range-rows=73.05K
|     parquet statistics predicates: date_dim.d_dow IN (CAST(6 AS INT), CAST(0 AS INT)), date_dim.d_year IN (CAST(1998 AS INT), CAST(1999 AS INT), CAST(2000 AS INT))
|     parquet dictionary predicates: date_dim.d_dow IN (CAST(6 AS INT), CAST(0 AS INT)), date_dim.d_year IN (CAST(1998 AS INT), CAST(1999 AS INT), CAST(2000 AS INT))
|     mem-estimate=16.00MB mem-reservation=512.00KB thread-reservation=0
|     tuple-ids=1 row-size=12B cardinality=598 cost=16728
|     in pipelines: 01(GETNEXT)
|
06:HASH JOIN [INNER JOIN, BROADCAST]
|  hash-table-id=04
|  hash predicates: store_sales.ss_hdemo_sk = household_demographics.hd_demo_sk
|  fk/pk conjuncts: store_sales.ss_hdemo_sk = household_demographics.hd_demo_sk
|  mem-estimate=0B mem-reservation=0B spill-buffer=64.00KB thread-reservation=0
|  tuple-ids=0,2,3 row-size=73B cardinality=242.91M cost=129690358
|  in pipelines: 00(GETNEXT), 03(OPEN)
|
|--F16:PLAN FRAGMENT [RANDOM] hosts=10 instances=10
|  |  Per-Instance Resources: mem-estimate=24.29MB mem-reservation=24.25MB thread-reservation=1 runtime-filters-memory=1.00MB
|  |  max-parallelism=10 segment-costs=[4190]
|  JOIN BUILD
|  |  join-table-id=04 plan-id=05 cohort-id=01
|  |  build expressions: household_demographics.hd_demo_sk
|  |  runtime filters: RF008[bloom] <- household_demographics.hd_demo_sk, RF009[min_max] <- household_demographics.hd_demo_sk
|  |  mem-estimate=23.25MB mem-reservation=23.25MB spill-buffer=64.00KB thread-reservation=0 cost=1800
|  |
|  16:EXCHANGE [BROADCAST]
|  |  mem-estimate=37.09KB mem-reservation=0B thread-reservation=0
|  |  tuple-ids=3 row-size=12B cardinality=1.80K cost=2390
|  |  in pipelines: 03(GETNEXT)
|  |
|  F02:PLAN FRAGMENT [RANDOM] hosts=1 instances=1
|  Per-Instance Resources: mem-estimate=20.06MB mem-reservation=4.06MB thread-reservation=1
|  max-parallelism=1 segment-costs=[1543]
|  28:TUPLE CACHE
|  |  cache key: 37cbf666de643f6ab90851b03b6a523b
|  |  input scan node ids: 3
|  |  estimated serialized size: 28.12KB
|  |  estimated serialized size per node: 28.12KB
|  |  cumulative processing cost: 1446
|  |  cache read processing cost: 239
|  |  cache write processing cost: 77
|  |  mem-estimate=4.00MB mem-reservation=4.00MB spill-buffer=2.00MB thread-reservation=0
|  |  tuple-ids=3 row-size=12B cardinality=1.80K cost=0
|  |  in pipelines: 03(GETNEXT)
|  |
|  03:SCAN HDFS [tpcds_partitioned_parquet_snap.household_demographics, RANDOM]
|     HDFS partitions=1/1 files=1 size=41.69KB
|     deterministic scan range assignment: true
|     schedule scan ranges oldest to newest: true
|     predicates: (household_demographics.hd_dep_count = CAST(2 AS INT) OR household_demographics.hd_vehicle_count = CAST(2 AS INT))
|     stored statistics:
|       table: rows=7.20K size=41.69KB
|       columns: all
|     extrapolated-rows=disabled max-scan-range-rows=7.20K
|     mem-estimate=16.00MB mem-reservation=64.00KB thread-reservation=0
|     tuple-ids=3 row-size=12B cardinality=1.80K cost=1446
|     in pipelines: 03(GETNEXT)
|
05:HASH JOIN [INNER JOIN, BROADCAST]
|  hash-table-id=05
|  hash predicates: store_sales.ss_store_sk = store.s_store_sk
|  fk/pk conjuncts: store_sales.ss_store_sk = store.s_store_sk
|  mem-estimate=0B mem-reservation=0B spill-buffer=64.00KB thread-reservation=0
|  tuple-ids=0,2 row-size=61B cardinality=334.01M(filtered from 995.40M) cost=266041603
|  in pipelines: 00(GETNEXT), 02(OPEN)
|
|--F17:PLAN FRAGMENT [RANDOM] hosts=10 instances=10
|  |  Per-Instance Resources: mem-estimate=24.27MB mem-reservation=24.25MB thread-reservation=1 runtime-filters-memory=1.00MB
|  |  max-parallelism=10 segment-costs=[177]
|  JOIN BUILD
|  |  join-table-id=05 plan-id=06 cohort-id=01
|  |  build expressions: store.s_store_sk
|  |  runtime filters: RF010[bloom] <- store.s_store_sk, RF011[min_max] <- store.s_store_sk
|  |  mem-estimate=23.25MB mem-reservation=23.25MB spill-buffer=64.00KB thread-reservation=0 cost=77
|  |
|  15:EXCHANGE [BROADCAST]
|  |  mem-estimate=16.00KB mem-reservation=0B thread-reservation=0
|  |  tuple-ids=2 row-size=25B cardinality=77 cost=100
|  |  in pipelines: 02(GETNEXT)
|  |
|  F01:PLAN FRAGMENT [RANDOM] hosts=1 instances=1
|  Per-Instance Resources: mem-estimate=20.11MB mem-reservation=4.02MB thread-reservation=1
|  max-parallelism=1 segment-costs=[298]
|  27:TUPLE CACHE
|  |  cache key: 177f9ac9d4e2ad8071eace25fb5cfb55
|  |  input scan node ids: 2
|  |  estimated serialized size: 2.19KB
|  |  estimated serialized size per node: 2.19KB
|  |  cumulative processing cost: 292
|  |  cache read processing cost: 10
|  |  cache write processing cost: 6
|  |  mem-estimate=4.00MB mem-reservation=4.00MB spill-buffer=2.00MB thread-reservation=0
|  |  tuple-ids=2 row-size=25B cardinality=77 cost=0
|  |  in pipelines: 02(GETNEXT)
|  |
|  02:SCAN HDFS [tpcds_partitioned_parquet_snap.store, RANDOM]
|     HDFS partitions=1/1 files=1 size=119.76KB
|     deterministic scan range assignment: true
|     schedule scan ranges oldest to newest: true
|     predicates: store.s_city IN ('Antioch', 'Mount Vernon', 'Jamestown', 'Wilson', 'Farmington')
|     stored statistics:
|       table: rows=1.35K size=119.76KB
|       columns: all
|     extrapolated-rows=disabled max-scan-range-rows=1.35K
|     parquet statistics predicates: store.s_city IN ('Antioch', 'Mount Vernon', 'Jamestown', 'Wilson', 'Farmington')
|     parquet dictionary predicates: store.s_city IN ('Antioch', 'Mount Vernon', 'Jamestown', 'Wilson', 'Farmington')
|     mem-estimate=16.00MB mem-reservation=16.00KB thread-reservation=0
|     tuple-ids=2 row-size=25B cardinality=77 cost=292
|     in pipelines: 02(GETNEXT)
|
00:SCAN HDFS [tpcds_partitioned_parquet_snap.store_sales, RANDOM]
   HDFS partitions=1824/1824 files=1824 size=389.90GB
   runtime filters: RF011[min_max] -> store_sales.ss_store_sk, RF009[min_max] -> store_sales.ss_hdemo_sk, RF003[min_max] -> tpcds_partitioned_parquet_snap.store_sales.ss_customer_sk, RF005[min_max] -> store_sales.ss_addr_sk, RF010[bloom] -> store_sales.ss_store_sk, RF008[bloom] -> store_sales.ss_hdemo_sk, RF006[bloom] -> store_sales.ss_sold_date_sk, RF002[bloom] -> tpcds_partitioned_parquet_snap.store_sales.ss_customer_sk, RF004[bloom] -> store_sales.ss_addr_sk
   stored statistics:
     table: rows=8.64G size=389.90GB
     partitions: 1824/1824 rows=8.64G
     columns: all
   extrapolated-rows=disabled max-scan-range-rows=390.22M est-scan-range=598(filtered from 1824)
   mem-estimate=16.00MB mem-reservation=8.00MB thread-reservation=0
   tuple-ids=0 row-size=36B cardinality=334.01M(filtered from 8.64G) cost=1468425196
   in pipelines: 00(GETNEXT)
====
