# TPCDS-Q28
# start query 28 in stream 0 using template query28.tpl using seed 275376447
select  *
from (select avg(ss_list_price) B1_LP
            ,count(ss_list_price) B1_CNT
            ,count(distinct ss_list_price) B1_CNTD
      from store_sales
      where ss_quantity between 0 and 5
        and (ss_list_price between 189 and 189+10
             or ss_coupon_amt between 4483 and 4483+1000
             or ss_wholesale_cost between 24 and 24+20)) B1,
     (select avg(ss_list_price) B2_LP
            ,count(ss_list_price) B2_CNT
            ,count(distinct ss_list_price) B2_CNTD
      from store_sales
      where ss_quantity between 6 and 10
        and (ss_list_price between 71 and 71+10
          or ss_coupon_amt between 14775 and 14775+1000
          or ss_wholesale_cost between 38 and 38+20)) B2,
     (select avg(ss_list_price) B3_LP
            ,count(ss_list_price) B3_CNT
            ,count(distinct ss_list_price) B3_CNTD
      from store_sales
      where ss_quantity between 11 and 15
        and (ss_list_price between 183 and 183+10
          or ss_coupon_amt between 13456 and 13456+1000
          or ss_wholesale_cost between 31 and 31+20)) B3,
     (select avg(ss_list_price) B4_LP
            ,count(ss_list_price) B4_CNT
            ,count(distinct ss_list_price) B4_CNTD
      from store_sales
      where ss_quantity between 16 and 20
        and (ss_list_price between 135 and 135+10
          or ss_coupon_amt between 4905 and 4905+1000
          or ss_wholesale_cost between 27 and 27+20)) B4,
     (select avg(ss_list_price) B5_LP
            ,count(ss_list_price) B5_CNT
            ,count(distinct ss_list_price) B5_CNTD
      from store_sales
      where ss_quantity between 21 and 25
        and (ss_list_price between 180 and 180+10
          or ss_coupon_amt between 17430 and 17430+1000
          or ss_wholesale_cost between 57 and 57+20)) B5,
     (select avg(ss_list_price) B6_LP
            ,count(ss_list_price) B6_CNT
            ,count(distinct ss_list_price) B6_CNTD
      from store_sales
      where ss_quantity between 26 and 30
        and (ss_list_price between 49 and 49+10
          or ss_coupon_amt between 2950 and 2950+1000
          or ss_wholesale_cost between 52 and 52+20)) B6
limit 100;

# end query 28 in stream 0 using template query28.tpl
---- PLAN
Max Per-Host Resource Reservation: Memory=123.62MB Threads=1
Per-Host Resource Estimates: Memory=220MB
F00:PLAN FRAGMENT [UNPARTITIONED] hosts=1 instances=1
|  Per-Instance Resources: mem-estimate=220.00MB mem-reservation=123.62MB thread-reservation=1
|  max-parallelism=1 segment-costs=[3032238051, 4252, 3032238051, 4252, 3032238051, 4252, 3032238051, 4252, 3032238051, 4252, 3032238051, 4252, 18]
PLAN-ROOT SINK
|  output exprs: avg(ss_list_price), zeroifnull(count(ss_list_price)), count(ss_list_price), avg(ss_list_price), zeroifnull(count(ss_list_price)), count(ss_list_price), avg(ss_list_price), zeroifnull(count(ss_list_price)), count(ss_list_price), avg(ss_list_price), zeroifnull(count(ss_list_price)), count(ss_list_price), avg(ss_list_price), zeroifnull(count(ss_list_price)), count(ss_list_price), avg(ss_list_price), zeroifnull(count(ss_list_price)), count(ss_list_price)
|  mem-estimate=4.00MB mem-reservation=4.00MB spill-buffer=2.00MB thread-reservation=0 cost=18
|
22:NESTED LOOP JOIN [CROSS JOIN]
|  limit: 100
|  mem-estimate=24B mem-reservation=0B thread-reservation=0
|  tuple-ids=4,10,16,22,28,34 row-size=144B cardinality=1 cost=0
|  in pipelines: 02(GETNEXT), 17(OPEN)
|
|--38:TUPLE CACHE
|  |  cache key: 5c94ff49ed1c8bc62d86715c9568b835
|  |  input scan node ids: 15
|  |  estimated serialized size: 28B
|  |  estimated serialized size per node: 2B
|  |  cumulative processing cost: 3032242303
|  |  cache read processing cost: 0
|  |  cache write processing cost: 0
|  |  mem-estimate=4.00MB mem-reservation=4.00MB spill-buffer=2.00MB thread-reservation=0
|  |  tuple-ids=34 row-size=24B cardinality=1 cost=0
|  |  in pipelines: 17(GETNEXT)
|  |
|  17:AGGREGATE [FINALIZE]
|  |  output: count(ss_list_price), avg:merge(ss_list_price), count:merge(ss_list_price)
|  |  mem-estimate=16.00KB mem-reservation=0B spill-buffer=2.00MB thread-reservation=0
|  |  tuple-ids=34 row-size=24B cardinality=1 cost=4252
|  |  in pipelines: 17(GETNEXT), 16(OPEN)
|  |
|  37:TUPLE CACHE
|  |  cache key: d662aeb89fd3aa0c921860d0a23d2829
|  |  input scan node ids: 15
|  |  estimated serialized size: 474.61KB
|  |  estimated serialized size per node: 47.46KB
|  |  cumulative processing cost: 3032238051
|  |  cache read processing cost: 2691
|  |  cache write processing cost: 1312
|  |  mem-estimate=4.00MB mem-reservation=4.00MB spill-buffer=2.00MB thread-reservation=0
|  |  tuple-ids=31 row-size=20B cardinality=20.25K cost=0
|  |  in pipelines: 16(GETNEXT)
|  |
|  16:AGGREGATE
|  |  output: avg(ss_list_price), count(ss_list_price)
|  |  group by: ss_list_price
|  |  mem-estimate=10.00MB mem-reservation=1.94MB spill-buffer=64.00KB thread-reservation=0
|  |  tuple-ids=31 row-size=20B cardinality=20.25K cost=313250446
|  |  in pipelines: 16(GETNEXT), 15(OPEN)
|  |
|  15:SCAN HDFS [tpcds_partitioned_parquet_snap.store_sales]
|     HDFS partitions=1824/1824 files=1824 size=389.90GB
|     deterministic scan range assignment: true
|     schedule scan ranges oldest to newest: true
|     predicates: ss_quantity <= CAST(30 AS INT), ss_quantity >= CAST(26 AS INT), (ss_list_price >= CAST(49 AS DECIMAL(3,0)) AND ss_list_price <= CAST(59 AS DECIMAL(5,0)) OR ss_coupon_amt >= CAST(2950 AS DECIMAL(5,0)) AND ss_coupon_amt <= CAST(3950 AS DECIMAL(10,0)) OR ss_wholesale_cost >= CAST(52 AS DECIMAL(3,0)) AND ss_wholesale_cost <= CAST(72 AS DECIMAL(5,0)))
|     stored statistics:
|       table: rows=8.64G size=389.90GB
|       partitions: 1824/1824 rows=8.64G
|       columns: all
|     extrapolated-rows=disabled max-scan-range-rows=390.22M
|     parquet statistics predicates: ss_quantity <= CAST(30 AS INT), ss_quantity >= CAST(26 AS INT)
|     parquet dictionary predicates: ss_quantity <= CAST(30 AS INT), ss_quantity >= CAST(26 AS INT)
|     mem-estimate=16.00MB mem-reservation=8.00MB thread-reservation=0
|     tuple-ids=30 row-size=16B cardinality=863.99M cost=2718987605
|     in pipelines: 15(GETNEXT)
|
36:TUPLE CACHE
|  cache key: a5ebaa0449af054d6a72069b422ba1fd
|  input scan node ids: 0,3,6,9,12
|  estimated serialized size: 140B
|  estimated serialized size per node: 14B
|  cumulative processing cost: 15161211515
|  cache read processing cost: 0
|  cache write processing cost: 0
|  mem-estimate=4.00MB mem-reservation=4.00MB spill-buffer=2.00MB thread-reservation=0
|  tuple-ids=4,10,16,22,28 row-size=120B cardinality=1 cost=0
|  in pipelines: 02(GETNEXT)
|
21:NESTED LOOP JOIN [CROSS JOIN]
|  mem-estimate=24B mem-reservation=0B thread-reservation=0
|  tuple-ids=4,10,16,22,28 row-size=120B cardinality=1 cost=0
|  in pipelines: 02(GETNEXT), 14(OPEN)
|
|--35:TUPLE CACHE
|  |  cache key: fec341bdb4738f4c773934bad29efde5
|  |  input scan node ids: 12
|  |  estimated serialized size: 28B
|  |  estimated serialized size per node: 2B
|  |  cumulative processing cost: 3032242303
|  |  cache read processing cost: 0
|  |  cache write processing cost: 0
|  |  mem-estimate=4.00MB mem-reservation=4.00MB spill-buffer=2.00MB thread-reservation=0
|  |  tuple-ids=28 row-size=24B cardinality=1 cost=0
|  |  in pipelines: 14(GETNEXT)
|  |
|  14:AGGREGATE [FINALIZE]
|  |  output: count(ss_list_price), avg:merge(ss_list_price), count:merge(ss_list_price)
|  |  mem-estimate=16.00KB mem-reservation=0B spill-buffer=2.00MB thread-reservation=0
|  |  tuple-ids=28 row-size=24B cardinality=1 cost=4252
|  |  in pipelines: 14(GETNEXT), 13(OPEN)
|  |
|  34:TUPLE CACHE
|  |  cache key: 7c514ebd4b0c269a218bf7e89fa39b95
|  |  input scan node ids: 12
|  |  estimated serialized size: 474.61KB
|  |  estimated serialized size per node: 47.46KB
|  |  cumulative processing cost: 3032238051
|  |  cache read processing cost: 2691
|  |  cache write processing cost: 1312
|  |  mem-estimate=4.00MB mem-reservation=4.00MB spill-buffer=2.00MB thread-reservation=0
|  |  tuple-ids=25 row-size=20B cardinality=20.25K cost=0
|  |  in pipelines: 13(GETNEXT)
|  |
|  13:AGGREGATE
|  |  output: avg(ss_list_price), count(ss_list_price)
|  |  group by: ss_list_price
|  |  mem-estimate=10.00MB mem-reservation=1.94MB spill-buffer=64.00KB thread-reservation=0
|  |  tuple-ids=25 row-size=20B cardinality=20.25K cost=313250446
|  |  in pipelines: 13(GETNEXT), 12(OPEN)
|  |
|  12:SCAN HDFS [tpcds_partitioned_parquet_snap.store_sales]
|     HDFS partitions=1824/1824 files=1824 size=389.90GB
|     deterministic scan range assignment: true
|     schedule scan ranges oldest to newest: true
|     predicates: ss_quantity <= CAST(25 AS INT), ss_quantity >= CAST(21 AS INT), (ss_list_price >= CAST(180 AS DECIMAL(5,0)) AND ss_list_price <= CAST(190 AS DECIMAL(10,0)) OR ss_coupon_amt >= CAST(17430 AS DECIMAL(5,0)) AND ss_coupon_amt <= CAST(18430 AS DECIMAL(10,0)) OR ss_wholesale_cost >= CAST(57 AS DECIMAL(3,0)) AND ss_wholesale_cost <= CAST(77 AS DECIMAL(5,0)))
|     stored statistics:
|       table: rows=8.64G size=389.90GB
|       partitions: 1824/1824 rows=8.64G
|       columns: all
|     extrapolated-rows=disabled max-scan-range-rows=390.22M
|     parquet statistics predicates: ss_quantity <= CAST(25 AS INT), ss_quantity >= CAST(21 AS INT)
|     parquet dictionary predicates: ss_quantity <= CAST(25 AS INT), ss_quantity >= CAST(21 AS INT)
|     mem-estimate=16.00MB mem-reservation=8.00MB thread-reservation=0
|     tuple-ids=24 row-size=16B cardinality=863.99M cost=2718987605
|     in pipelines: 12(GETNEXT)
|
33:TUPLE CACHE
|  cache key: 76cc8f1142c7918fc19334e6d9d909f6
|  input scan node ids: 0,3,6,9
|  estimated serialized size: 112B
|  estimated serialized size per node: 11B
|  cumulative processing cost: 12128969212
|  cache read processing cost: 0
|  cache write processing cost: 0
|  mem-estimate=4.00MB mem-reservation=4.00MB spill-buffer=2.00MB thread-reservation=0
|  tuple-ids=4,10,16,22 row-size=96B cardinality=1 cost=0
|  in pipelines: 02(GETNEXT)
|
20:NESTED LOOP JOIN [CROSS JOIN]
|  mem-estimate=24B mem-reservation=0B thread-reservation=0
|  tuple-ids=4,10,16,22 row-size=96B cardinality=1 cost=0
|  in pipelines: 02(GETNEXT), 11(OPEN)
|
|--32:TUPLE CACHE
|  |  cache key: 03ea0cc0843c48d0481708ed96dc2577
|  |  input scan node ids: 9
|  |  estimated serialized size: 28B
|  |  estimated serialized size per node: 2B
|  |  cumulative processing cost: 3032242303
|  |  cache read processing cost: 0
|  |  cache write processing cost: 0
|  |  mem-estimate=4.00MB mem-reservation=4.00MB spill-buffer=2.00MB thread-reservation=0
|  |  tuple-ids=22 row-size=24B cardinality=1 cost=0
|  |  in pipelines: 11(GETNEXT)
|  |
|  11:AGGREGATE [FINALIZE]
|  |  output: count(ss_list_price), avg:merge(ss_list_price), count:merge(ss_list_price)
|  |  mem-estimate=16.00KB mem-reservation=0B spill-buffer=2.00MB thread-reservation=0
|  |  tuple-ids=22 row-size=24B cardinality=1 cost=4252
|  |  in pipelines: 11(GETNEXT), 10(OPEN)
|  |
|  31:TUPLE CACHE
|  |  cache key: 121003ceff550ae4a5bca5bb4f4b4f53
|  |  input scan node ids: 9
|  |  estimated serialized size: 474.61KB
|  |  estimated serialized size per node: 47.46KB
|  |  cumulative processing cost: 3032238051
|  |  cache read processing cost: 2691
|  |  cache write processing cost: 1312
|  |  mem-estimate=4.00MB mem-reservation=4.00MB spill-buffer=2.00MB thread-reservation=0
|  |  tuple-ids=19 row-size=20B cardinality=20.25K cost=0
|  |  in pipelines: 10(GETNEXT)
|  |
|  10:AGGREGATE
|  |  output: avg(ss_list_price), count(ss_list_price)
|  |  group by: ss_list_price
|  |  mem-estimate=10.00MB mem-reservation=1.94MB spill-buffer=64.00KB thread-reservation=0
|  |  tuple-ids=19 row-size=20B cardinality=20.25K cost=313250446
|  |  in pipelines: 10(GETNEXT), 09(OPEN)
|  |
|  09:SCAN HDFS [tpcds_partitioned_parquet_snap.store_sales]
|     HDFS partitions=1824/1824 files=1824 size=389.90GB
|     deterministic scan range assignment: true
|     schedule scan ranges oldest to newest: true
|     predicates: ss_quantity <= CAST(20 AS INT), ss_quantity >= CAST(16 AS INT), (ss_list_price >= CAST(135 AS DECIMAL(5,0)) AND ss_list_price <= CAST(145 AS DECIMAL(10,0)) OR ss_coupon_amt >= CAST(4905 AS DECIMAL(5,0)) AND ss_coupon_amt <= CAST(5905 AS DECIMAL(10,0)) OR ss_wholesale_cost >= CAST(27 AS DECIMAL(3,0)) AND ss_wholesale_cost <= CAST(47 AS DECIMAL(5,0)))
|     stored statistics:
|       table: rows=8.64G size=389.90GB
|       partitions: 1824/1824 rows=8.64G
|       columns: all
|     extrapolated-rows=disabled max-scan-range-rows=390.22M
|     parquet statistics predicates: ss_quantity <= CAST(20 AS INT), ss_quantity >= CAST(16 AS INT)
|     parquet dictionary predicates: ss_quantity <= CAST(20 AS INT), ss_quantity >= CAST(16 AS INT)
|     mem-estimate=16.00MB mem-reservation=8.00MB thread-reservation=0
|     tuple-ids=18 row-size=16B cardinality=863.99M cost=2718987605
|     in pipelines: 09(GETNEXT)
|
30:TUPLE CACHE
|  cache key: cb16913fd1dd771e1ba34ca56e7de1ee
|  input scan node ids: 0,3,6
|  estimated serialized size: 84B
|  estimated serialized size per node: 8B
|  cumulative processing cost: 9096726909
|  cache read processing cost: 0
|  cache write processing cost: 0
|  mem-estimate=4.00MB mem-reservation=4.00MB spill-buffer=2.00MB thread-reservation=0
|  tuple-ids=4,10,16 row-size=72B cardinality=1 cost=0
|  in pipelines: 02(GETNEXT)
|
19:NESTED LOOP JOIN [CROSS JOIN]
|  mem-estimate=24B mem-reservation=0B thread-reservation=0
|  tuple-ids=4,10,16 row-size=72B cardinality=1 cost=0
|  in pipelines: 02(GETNEXT), 08(OPEN)
|
|--29:TUPLE CACHE
|  |  cache key: e51e071ad2067dde52bf226e6e1cffe0
|  |  input scan node ids: 6
|  |  estimated serialized size: 28B
|  |  estimated serialized size per node: 2B
|  |  cumulative processing cost: 3032242303
|  |  cache read processing cost: 0
|  |  cache write processing cost: 0
|  |  mem-estimate=4.00MB mem-reservation=4.00MB spill-buffer=2.00MB thread-reservation=0
|  |  tuple-ids=16 row-size=24B cardinality=1 cost=0
|  |  in pipelines: 08(GETNEXT)
|  |
|  08:AGGREGATE [FINALIZE]
|  |  output: count(ss_list_price), avg:merge(ss_list_price), count:merge(ss_list_price)
|  |  mem-estimate=16.00KB mem-reservation=0B spill-buffer=2.00MB thread-reservation=0
|  |  tuple-ids=16 row-size=24B cardinality=1 cost=4252
|  |  in pipelines: 08(GETNEXT), 07(OPEN)
|  |
|  28:TUPLE CACHE
|  |  cache key: c3e24790c528741cdf61bb249acc8863
|  |  input scan node ids: 6
|  |  estimated serialized size: 474.61KB
|  |  estimated serialized size per node: 47.46KB
|  |  cumulative processing cost: 3032238051
|  |  cache read processing cost: 2691
|  |  cache write processing cost: 1312
|  |  mem-estimate=4.00MB mem-reservation=4.00MB spill-buffer=2.00MB thread-reservation=0
|  |  tuple-ids=13 row-size=20B cardinality=20.25K cost=0
|  |  in pipelines: 07(GETNEXT)
|  |
|  07:AGGREGATE
|  |  output: avg(ss_list_price), count(ss_list_price)
|  |  group by: ss_list_price
|  |  mem-estimate=10.00MB mem-reservation=1.94MB spill-buffer=64.00KB thread-reservation=0
|  |  tuple-ids=13 row-size=20B cardinality=20.25K cost=313250446
|  |  in pipelines: 07(GETNEXT), 06(OPEN)
|  |
|  06:SCAN HDFS [tpcds_partitioned_parquet_snap.store_sales]
|     HDFS partitions=1824/1824 files=1824 size=389.90GB
|     deterministic scan range assignment: true
|     schedule scan ranges oldest to newest: true
|     predicates: ss_quantity <= CAST(15 AS INT), ss_quantity >= CAST(11 AS INT), (ss_list_price >= CAST(183 AS DECIMAL(5,0)) AND ss_list_price <= CAST(193 AS DECIMAL(10,0)) OR ss_coupon_amt >= CAST(13456 AS DECIMAL(5,0)) AND ss_coupon_amt <= CAST(14456 AS DECIMAL(10,0)) OR ss_wholesale_cost >= CAST(31 AS DECIMAL(3,0)) AND ss_wholesale_cost <= CAST(51 AS DECIMAL(5,0)))
|     stored statistics:
|       table: rows=8.64G size=389.90GB
|       partitions: 1824/1824 rows=8.64G
|       columns: all
|     extrapolated-rows=disabled max-scan-range-rows=390.22M
|     parquet statistics predicates: ss_quantity <= CAST(15 AS INT), ss_quantity >= CAST(11 AS INT)
|     parquet dictionary predicates: ss_quantity <= CAST(15 AS INT), ss_quantity >= CAST(11 AS INT)
|     mem-estimate=16.00MB mem-reservation=8.00MB thread-reservation=0
|     tuple-ids=12 row-size=16B cardinality=863.99M cost=2718987605
|     in pipelines: 06(GETNEXT)
|
27:TUPLE CACHE
|  cache key: 72c490405163326c1ac2257b1599910f
|  input scan node ids: 0,3
|  estimated serialized size: 56B
|  estimated serialized size per node: 5B
|  cumulative processing cost: 6064484606
|  cache read processing cost: 0
|  cache write processing cost: 0
|  mem-estimate=4.00MB mem-reservation=4.00MB spill-buffer=2.00MB thread-reservation=0
|  tuple-ids=4,10 row-size=48B cardinality=1 cost=0
|  in pipelines: 02(GETNEXT)
|
18:NESTED LOOP JOIN [CROSS JOIN]
|  mem-estimate=24B mem-reservation=0B thread-reservation=0
|  tuple-ids=4,10 row-size=48B cardinality=1 cost=0
|  in pipelines: 02(GETNEXT), 05(OPEN)
|
|--26:TUPLE CACHE
|  |  cache key: c9ea56ee89d5723bae94b8e2d4aa19e3
|  |  input scan node ids: 3
|  |  estimated serialized size: 28B
|  |  estimated serialized size per node: 2B
|  |  cumulative processing cost: 3032242303
|  |  cache read processing cost: 0
|  |  cache write processing cost: 0
|  |  mem-estimate=4.00MB mem-reservation=4.00MB spill-buffer=2.00MB thread-reservation=0
|  |  tuple-ids=10 row-size=24B cardinality=1 cost=0
|  |  in pipelines: 05(GETNEXT)
|  |
|  05:AGGREGATE [FINALIZE]
|  |  output: count(ss_list_price), avg:merge(ss_list_price), count:merge(ss_list_price)
|  |  mem-estimate=16.00KB mem-reservation=0B spill-buffer=2.00MB thread-reservation=0
|  |  tuple-ids=10 row-size=24B cardinality=1 cost=4252
|  |  in pipelines: 05(GETNEXT), 04(OPEN)
|  |
|  25:TUPLE CACHE
|  |  cache key: 83d06a22350be71ce4746addb2eff2ea
|  |  input scan node ids: 3
|  |  estimated serialized size: 474.61KB
|  |  estimated serialized size per node: 47.46KB
|  |  cumulative processing cost: 3032238051
|  |  cache read processing cost: 2691
|  |  cache write processing cost: 1312
|  |  mem-estimate=4.00MB mem-reservation=4.00MB spill-buffer=2.00MB thread-reservation=0
|  |  tuple-ids=7 row-size=20B cardinality=20.25K cost=0
|  |  in pipelines: 04(GETNEXT)
|  |
|  04:AGGREGATE
|  |  output: avg(ss_list_price), count(ss_list_price)
|  |  group by: ss_list_price
|  |  mem-estimate=10.00MB mem-reservation=1.94MB spill-buffer=64.00KB thread-reservation=0
|  |  tuple-ids=7 row-size=20B cardinality=20.25K cost=313250446
|  |  in pipelines: 04(GETNEXT), 03(OPEN)
|  |
|  03:SCAN HDFS [tpcds_partitioned_parquet_snap.store_sales]
|     HDFS partitions=1824/1824 files=1824 size=389.90GB
|     deterministic scan range assignment: true
|     schedule scan ranges oldest to newest: true
|     predicates: ss_quantity <= CAST(10 AS INT), ss_quantity >= CAST(6 AS INT), (ss_list_price >= CAST(71 AS DECIMAL(3,0)) AND ss_list_price <= CAST(81 AS DECIMAL(5,0)) OR ss_coupon_amt >= CAST(14775 AS DECIMAL(5,0)) AND ss_coupon_amt <= CAST(15775 AS DECIMAL(10,0)) OR ss_wholesale_cost >= CAST(38 AS DECIMAL(3,0)) AND ss_wholesale_cost <= CAST(58 AS DECIMAL(5,0)))
|     stored statistics:
|       table: rows=8.64G size=389.90GB
|       partitions: 1824/1824 rows=8.64G
|       columns: all
|     extrapolated-rows=disabled max-scan-range-rows=390.22M
|     parquet statistics predicates: ss_quantity <= CAST(10 AS INT), ss_quantity >= CAST(6 AS INT)
|     parquet dictionary predicates: ss_quantity <= CAST(10 AS INT), ss_quantity >= CAST(6 AS INT)
|     mem-estimate=16.00MB mem-reservation=8.00MB thread-reservation=0
|     tuple-ids=6 row-size=16B cardinality=863.99M cost=2718987605
|     in pipelines: 03(GETNEXT)
|
24:TUPLE CACHE
|  cache key: cd390ca3c56cd88af0471692204052ae
|  input scan node ids: 0
|  estimated serialized size: 28B
|  estimated serialized size per node: 2B
|  cumulative processing cost: 3032242303
|  cache read processing cost: 0
|  cache write processing cost: 0
|  mem-estimate=4.00MB mem-reservation=4.00MB spill-buffer=2.00MB thread-reservation=0
|  tuple-ids=4 row-size=24B cardinality=1 cost=0
|  in pipelines: 02(GETNEXT)
|
02:AGGREGATE [FINALIZE]
|  output: count(ss_list_price), avg:merge(ss_list_price), count:merge(ss_list_price)
|  mem-estimate=16.00KB mem-reservation=0B spill-buffer=2.00MB thread-reservation=0
|  tuple-ids=4 row-size=24B cardinality=1 cost=4252
|  in pipelines: 02(GETNEXT), 01(OPEN)
|
23:TUPLE CACHE
|  cache key: 3d072bc05bc3bd61b1e76a52de614527
|  input scan node ids: 0
|  estimated serialized size: 474.61KB
|  estimated serialized size per node: 47.46KB
|  cumulative processing cost: 3032238051
|  cache read processing cost: 2691
|  cache write processing cost: 1312
|  mem-estimate=4.00MB mem-reservation=4.00MB spill-buffer=2.00MB thread-reservation=0
|  tuple-ids=1 row-size=20B cardinality=20.25K cost=0
|  in pipelines: 01(GETNEXT)
|
01:AGGREGATE
|  output: avg(ss_list_price), count(ss_list_price)
|  group by: ss_list_price
|  mem-estimate=10.00MB mem-reservation=1.94MB spill-buffer=64.00KB thread-reservation=0
|  tuple-ids=1 row-size=20B cardinality=20.25K cost=313250446
|  in pipelines: 01(GETNEXT), 00(OPEN)
|
00:SCAN HDFS [tpcds_partitioned_parquet_snap.store_sales]
   HDFS partitions=1824/1824 files=1824 size=389.90GB
   deterministic scan range assignment: true
   schedule scan ranges oldest to newest: true
   predicates: ss_quantity <= CAST(5 AS INT), ss_quantity >= CAST(0 AS INT), (ss_list_price >= CAST(189 AS DECIMAL(5,0)) AND ss_list_price <= CAST(199 AS DECIMAL(10,0)) OR ss_coupon_amt >= CAST(4483 AS DECIMAL(5,0)) AND ss_coupon_amt <= CAST(5483 AS DECIMAL(10,0)) OR ss_wholesale_cost >= CAST(24 AS DECIMAL(3,0)) AND ss_wholesale_cost <= CAST(44 AS DECIMAL(5,0)))
   stored statistics:
     table: rows=8.64G size=389.90GB
     partitions: 1824/1824 rows=8.64G
     columns: all
   extrapolated-rows=disabled max-scan-range-rows=390.22M
   parquet statistics predicates: ss_quantity <= CAST(5 AS INT), ss_quantity >= CAST(0 AS INT)
   parquet dictionary predicates: ss_quantity <= CAST(5 AS INT), ss_quantity >= CAST(0 AS INT)
   mem-estimate=16.00MB mem-reservation=8.00MB thread-reservation=0
   tuple-ids=0 row-size=16B cardinality=863.99M cost=2718987605
   in pipelines: 00(GETNEXT)
---- DISTRIBUTEDPLAN
Max Per-Host Resource Reservation: Memory=1023.62MB Threads=89
Per-Host Resource Estimates: Memory=2.28GB
F02:PLAN FRAGMENT [UNPARTITIONED] hosts=1 instances=1
|  Per-Instance Resources: mem-estimate=4.02MB mem-reservation=4.00MB thread-reservation=1
|  max-parallelism=1 segment-costs=[0, 18] cpu-comparison-result=720 [max(1 (self) vs 720 (sum children))]
PLAN-ROOT SINK
|  output exprs: avg(ss_list_price), zeroifnull(count(ss_list_price)), count(ss_list_price), avg(ss_list_price), zeroifnull(count(ss_list_price)), count(ss_list_price), avg(ss_list_price), zeroifnull(count(ss_list_price)), count(ss_list_price), avg(ss_list_price), zeroifnull(count(ss_list_price)), count(ss_list_price), avg(ss_list_price), zeroifnull(count(ss_list_price)), count(ss_list_price), avg(ss_list_price), zeroifnull(count(ss_list_price)), count(ss_list_price)
|  mem-estimate=4.00MB mem-reservation=4.00MB spill-buffer=2.00MB thread-reservation=0 cost=18
|
22:NESTED LOOP JOIN [CROSS JOIN, BROADCAST]
|  join table id: 00
|  limit: 100
|  mem-estimate=0B mem-reservation=0B thread-reservation=0
|  tuple-ids=4,10,16,22,28,34 row-size=144B cardinality=1 cost=0
|  in pipelines: 26(GETNEXT), 50(OPEN)
|
|--F18:PLAN FRAGMENT [UNPARTITIONED] hosts=1 instances=1
|  |  Per-Instance Resources: mem-estimate=16.02KB mem-reservation=0B thread-reservation=1
|  |  max-parallelism=1 segment-costs=[0] cpu-comparison-result=120 [max(1 (self) vs 120 (sum children))]
|  JOIN BUILD
|  |  join-table-id=00 plan-id=01 cohort-id=01
|  |  mem-estimate=24B mem-reservation=0B thread-reservation=0 cost=0
|  |
|  51:EXCHANGE [UNPARTITIONED]
|  |  mem-estimate=16.00KB mem-reservation=0B thread-reservation=0
|  |  tuple-ids=34 row-size=24B cardinality=1 cost=0
|  |  in pipelines: 50(GETNEXT)
|  |
|  F17:PLAN FRAGMENT [UNPARTITIONED] hosts=1 instances=1
|  Per-Instance Resources: mem-estimate=128.00KB mem-reservation=0B thread-reservation=1
|  max-parallelism=1 segment-costs=[0, 2] cpu-comparison-result=120 [max(1 (self) vs 120 (sum children))]
|  50:AGGREGATE [FINALIZE]
|  |  output: count:merge(ss_list_price), avg:merge(ss_list_price), count:merge(ss_list_price)
|  |  mem-estimate=16.00KB mem-reservation=0B spill-buffer=2.00MB thread-reservation=0
|  |  tuple-ids=34 row-size=24B cardinality=1 cost=0
|  |  in pipelines: 50(GETNEXT), 17(OPEN)
|  |
|  49:EXCHANGE [UNPARTITIONED]
|  |  mem-estimate=16.00KB mem-reservation=0B thread-reservation=0
|  |  tuple-ids=33 row-size=24B cardinality=1 cost=0
|  |  in pipelines: 17(GETNEXT)
|  |
|  F16:PLAN FRAGMENT [HASH(ss_list_price)] hosts=10 instances=10 (adjusted from 120)
|  Per-Instance Resources: mem-estimate=17.45MB mem-reservation=1.94MB thread-reservation=1
|  max-parallelism=10 segment-costs=[1427203, 4252, 2] cpu-comparison-result=120 [max(10 (self) vs 120 (sum children))]
|  17:AGGREGATE
|  |  output: count(ss_list_price), avg:merge(ss_list_price), count:merge(ss_list_price)
|  |  mem-estimate=16.00KB mem-reservation=0B spill-buffer=2.00MB thread-reservation=0
|  |  tuple-ids=33 row-size=24B cardinality=1 cost=4252
|  |  in pipelines: 17(GETNEXT), 48(OPEN)
|  |
|  48:AGGREGATE
|  |  output: avg:merge(ss_list_price), count:merge(ss_list_price)
|  |  group by: ss_list_price
|  |  mem-estimate=10.00MB mem-reservation=1.94MB spill-buffer=64.00KB thread-reservation=0
|  |  tuple-ids=31 row-size=20B cardinality=20.25K cost=933670
|  |  in pipelines: 48(GETNEXT), 15(OPEN)
|  |
|  47:EXCHANGE [HASH(ss_list_price)]
|  |  mem-estimate=7.45MB mem-reservation=0B thread-reservation=0
|  |  tuple-ids=31 row-size=20B cardinality=2.43M cost=493533
|  |  in pipelines: 15(GETNEXT)
|  |
|  F15:PLAN FRAGMENT [RANDOM] hosts=10 instances=120
|  Per-Instance Resources: mem-estimate=30.94MB mem-reservation=14.00MB thread-reservation=1
|  max-parallelism=310 segment-costs=[3038520751, 4381776]
|  57:TUPLE CACHE
|  |  cache key: 9a0fc35a5d96e1d6c8fcf13bc76e7086
|  |  input scan node ids: 15
|  |  estimated serialized size: 55.62MB
|  |  estimated serialized size per node: 5.56MB
|  |  cumulative processing cost: 3038520751
|  |  cache read processing cost: 322947
|  |  cache write processing cost: 157464
|  |  mem-estimate=4.00MB mem-reservation=4.00MB spill-buffer=2.00MB thread-reservation=0
|  |  tuple-ids=31 row-size=20B cardinality=2.43M cost=0
|  |  in pipelines: 15(GETNEXT)
|  |
|  16:AGGREGATE [STREAMING]
|  |  output: avg(ss_list_price), count(ss_list_price)
|  |  group by: ss_list_price
|  |  mem-estimate=10.00MB mem-reservation=2.00MB spill-buffer=64.00KB thread-reservation=0
|  |  tuple-ids=31 row-size=20B cardinality=2.43M cost=319533146
|  |  in pipelines: 15(GETNEXT)
|  |
|  15:SCAN HDFS [tpcds_partitioned_parquet_snap.store_sales, RANDOM]
|     HDFS partitions=1824/1824 files=1824 size=389.90GB
|     deterministic scan range assignment: true
|     schedule scan ranges oldest to newest: true
|     predicates: ss_quantity <= CAST(30 AS INT), ss_quantity >= CAST(26 AS INT), (ss_list_price >= CAST(49 AS DECIMAL(3,0)) AND ss_list_price <= CAST(59 AS DECIMAL(5,0)) OR ss_coupon_amt >= CAST(2950 AS DECIMAL(5,0)) AND ss_coupon_amt <= CAST(3950 AS DECIMAL(10,0)) OR ss_wholesale_cost >= CAST(52 AS DECIMAL(3,0)) AND ss_wholesale_cost <= CAST(72 AS DECIMAL(5,0)))
|     stored statistics:
|       table: rows=8.64G size=389.90GB
|       partitions: 1824/1824 rows=8.64G
|       columns: all
|     extrapolated-rows=disabled max-scan-range-rows=390.22M
|     parquet statistics predicates: ss_quantity <= CAST(30 AS INT), ss_quantity >= CAST(26 AS INT)
|     parquet dictionary predicates: ss_quantity <= CAST(30 AS INT), ss_quantity >= CAST(26 AS INT)
|     mem-estimate=16.00MB mem-reservation=8.00MB thread-reservation=0
|     tuple-ids=30 row-size=16B cardinality=863.99M cost=2718987605
|     in pipelines: 15(GETNEXT)
|
21:NESTED LOOP JOIN [CROSS JOIN, BROADCAST]
|  join table id: 01
|  mem-estimate=0B mem-reservation=0B thread-reservation=0
|  tuple-ids=4,10,16,22,28 row-size=120B cardinality=1 cost=0
|  in pipelines: 26(GETNEXT), 45(OPEN)
|
|--F19:PLAN FRAGMENT [UNPARTITIONED] hosts=1 instances=1
|  |  Per-Instance Resources: mem-estimate=16.02KB mem-reservation=0B thread-reservation=1
|  |  max-parallelism=1 segment-costs=[0] cpu-comparison-result=120 [max(1 (self) vs 120 (sum children))]
|  JOIN BUILD
|  |  join-table-id=01 plan-id=02 cohort-id=01
|  |  mem-estimate=24B mem-reservation=0B thread-reservation=0 cost=0
|  |
|  46:EXCHANGE [UNPARTITIONED]
|  |  mem-estimate=16.00KB mem-reservation=0B thread-reservation=0
|  |  tuple-ids=28 row-size=24B cardinality=1 cost=0
|  |  in pipelines: 45(GETNEXT)
|  |
|  F14:PLAN FRAGMENT [UNPARTITIONED] hosts=1 instances=1
|  Per-Instance Resources: mem-estimate=128.00KB mem-reservation=0B thread-reservation=1
|  max-parallelism=1 segment-costs=[0, 2] cpu-comparison-result=120 [max(1 (self) vs 120 (sum children))]
|  45:AGGREGATE [FINALIZE]
|  |  output: count:merge(ss_list_price), avg:merge(ss_list_price), count:merge(ss_list_price)
|  |  mem-estimate=16.00KB mem-reservation=0B spill-buffer=2.00MB thread-reservation=0
|  |  tuple-ids=28 row-size=24B cardinality=1 cost=0
|  |  in pipelines: 45(GETNEXT), 14(OPEN)
|  |
|  44:EXCHANGE [UNPARTITIONED]
|  |  mem-estimate=16.00KB mem-reservation=0B thread-reservation=0
|  |  tuple-ids=27 row-size=24B cardinality=1 cost=0
|  |  in pipelines: 14(GETNEXT)
|  |
|  F13:PLAN FRAGMENT [HASH(ss_list_price)] hosts=10 instances=10 (adjusted from 120)
|  Per-Instance Resources: mem-estimate=17.45MB mem-reservation=1.94MB thread-reservation=1
|  max-parallelism=10 segment-costs=[1427203, 4252, 2] cpu-comparison-result=120 [max(10 (self) vs 120 (sum children))]
|  14:AGGREGATE
|  |  output: count(ss_list_price), avg:merge(ss_list_price), count:merge(ss_list_price)
|  |  mem-estimate=16.00KB mem-reservation=0B spill-buffer=2.00MB thread-reservation=0
|  |  tuple-ids=27 row-size=24B cardinality=1 cost=4252
|  |  in pipelines: 14(GETNEXT), 43(OPEN)
|  |
|  43:AGGREGATE
|  |  output: avg:merge(ss_list_price), count:merge(ss_list_price)
|  |  group by: ss_list_price
|  |  mem-estimate=10.00MB mem-reservation=1.94MB spill-buffer=64.00KB thread-reservation=0
|  |  tuple-ids=25 row-size=20B cardinality=20.25K cost=933670
|  |  in pipelines: 43(GETNEXT), 12(OPEN)
|  |
|  42:EXCHANGE [HASH(ss_list_price)]
|  |  mem-estimate=7.45MB mem-reservation=0B thread-reservation=0
|  |  tuple-ids=25 row-size=20B cardinality=2.43M cost=493533
|  |  in pipelines: 12(GETNEXT)
|  |
|  F12:PLAN FRAGMENT [RANDOM] hosts=10 instances=120
|  Per-Instance Resources: mem-estimate=30.94MB mem-reservation=14.00MB thread-reservation=1
|  max-parallelism=310 segment-costs=[3038520751, 4381776]
|  56:TUPLE CACHE
|  |  cache key: fc0776eefe7298e035634d43bc57d4b3
|  |  input scan node ids: 12
|  |  estimated serialized size: 55.62MB
|  |  estimated serialized size per node: 5.56MB
|  |  cumulative processing cost: 3038520751
|  |  cache read processing cost: 322947
|  |  cache write processing cost: 157464
|  |  mem-estimate=4.00MB mem-reservation=4.00MB spill-buffer=2.00MB thread-reservation=0
|  |  tuple-ids=25 row-size=20B cardinality=2.43M cost=0
|  |  in pipelines: 12(GETNEXT)
|  |
|  13:AGGREGATE [STREAMING]
|  |  output: avg(ss_list_price), count(ss_list_price)
|  |  group by: ss_list_price
|  |  mem-estimate=10.00MB mem-reservation=2.00MB spill-buffer=64.00KB thread-reservation=0
|  |  tuple-ids=25 row-size=20B cardinality=2.43M cost=319533146
|  |  in pipelines: 12(GETNEXT)
|  |
|  12:SCAN HDFS [tpcds_partitioned_parquet_snap.store_sales, RANDOM]
|     HDFS partitions=1824/1824 files=1824 size=389.90GB
|     deterministic scan range assignment: true
|     schedule scan ranges oldest to newest: true
|     predicates: ss_quantity <= CAST(25 AS INT), ss_quantity >= CAST(21 AS INT), (ss_list_price >= CAST(180 AS DECIMAL(5,0)) AND ss_list_price <= CAST(190 AS DECIMAL(10,0)) OR ss_coupon_amt >= CAST(17430 AS DECIMAL(5,0)) AND ss_coupon_amt <= CAST(18430 AS DECIMAL(10,0)) OR ss_wholesale_cost >= CAST(57 AS DECIMAL(3,0)) AND ss_wholesale_cost <= CAST(77 AS DECIMAL(5,0)))
|     stored statistics:
|       table: rows=8.64G size=389.90GB
|       partitions: 1824/1824 rows=8.64G
|       columns: all
|     extrapolated-rows=disabled max-scan-range-rows=390.22M
|     parquet statistics predicates: ss_quantity <= CAST(25 AS INT), ss_quantity >= CAST(21 AS INT)
|     parquet dictionary predicates: ss_quantity <= CAST(25 AS INT), ss_quantity >= CAST(21 AS INT)
|     mem-estimate=16.00MB mem-reservation=8.00MB thread-reservation=0
|     tuple-ids=24 row-size=16B cardinality=863.99M cost=2718987605
|     in pipelines: 12(GETNEXT)
|
20:NESTED LOOP JOIN [CROSS JOIN, BROADCAST]
|  join table id: 02
|  mem-estimate=0B mem-reservation=0B thread-reservation=0
|  tuple-ids=4,10,16,22 row-size=96B cardinality=1 cost=0
|  in pipelines: 26(GETNEXT), 40(OPEN)
|
|--F20:PLAN FRAGMENT [UNPARTITIONED] hosts=1 instances=1
|  |  Per-Instance Resources: mem-estimate=16.02KB mem-reservation=0B thread-reservation=1
|  |  max-parallelism=1 segment-costs=[0] cpu-comparison-result=120 [max(1 (self) vs 120 (sum children))]
|  JOIN BUILD
|  |  join-table-id=02 plan-id=03 cohort-id=01
|  |  mem-estimate=24B mem-reservation=0B thread-reservation=0 cost=0
|  |
|  41:EXCHANGE [UNPARTITIONED]
|  |  mem-estimate=16.00KB mem-reservation=0B thread-reservation=0
|  |  tuple-ids=22 row-size=24B cardinality=1 cost=0
|  |  in pipelines: 40(GETNEXT)
|  |
|  F11:PLAN FRAGMENT [UNPARTITIONED] hosts=1 instances=1
|  Per-Instance Resources: mem-estimate=128.00KB mem-reservation=0B thread-reservation=1
|  max-parallelism=1 segment-costs=[0, 2] cpu-comparison-result=120 [max(1 (self) vs 120 (sum children))]
|  40:AGGREGATE [FINALIZE]
|  |  output: count:merge(ss_list_price), avg:merge(ss_list_price), count:merge(ss_list_price)
|  |  mem-estimate=16.00KB mem-reservation=0B spill-buffer=2.00MB thread-reservation=0
|  |  tuple-ids=22 row-size=24B cardinality=1 cost=0
|  |  in pipelines: 40(GETNEXT), 11(OPEN)
|  |
|  39:EXCHANGE [UNPARTITIONED]
|  |  mem-estimate=16.00KB mem-reservation=0B thread-reservation=0
|  |  tuple-ids=21 row-size=24B cardinality=1 cost=0
|  |  in pipelines: 11(GETNEXT)
|  |
|  F10:PLAN FRAGMENT [HASH(ss_list_price)] hosts=10 instances=10 (adjusted from 120)
|  Per-Instance Resources: mem-estimate=17.45MB mem-reservation=1.94MB thread-reservation=1
|  max-parallelism=10 segment-costs=[1427203, 4252, 2] cpu-comparison-result=120 [max(10 (self) vs 120 (sum children))]
|  11:AGGREGATE
|  |  output: count(ss_list_price), avg:merge(ss_list_price), count:merge(ss_list_price)
|  |  mem-estimate=16.00KB mem-reservation=0B spill-buffer=2.00MB thread-reservation=0
|  |  tuple-ids=21 row-size=24B cardinality=1 cost=4252
|  |  in pipelines: 11(GETNEXT), 38(OPEN)
|  |
|  38:AGGREGATE
|  |  output: avg:merge(ss_list_price), count:merge(ss_list_price)
|  |  group by: ss_list_price
|  |  mem-estimate=10.00MB mem-reservation=1.94MB spill-buffer=64.00KB thread-reservation=0
|  |  tuple-ids=19 row-size=20B cardinality=20.25K cost=933670
|  |  in pipelines: 38(GETNEXT), 09(OPEN)
|  |
|  37:EXCHANGE [HASH(ss_list_price)]
|  |  mem-estimate=7.45MB mem-reservation=0B thread-reservation=0
|  |  tuple-ids=19 row-size=20B cardinality=2.43M cost=493533
|  |  in pipelines: 09(GETNEXT)
|  |
|  F09:PLAN FRAGMENT [RANDOM] hosts=10 instances=120
|  Per-Instance Resources: mem-estimate=30.94MB mem-reservation=14.00MB thread-reservation=1
|  max-parallelism=310 segment-costs=[3038520751, 4381776]
|  55:TUPLE CACHE
|  |  cache key: 7bcd20eef6c002b9a3cfcf2c976e5918
|  |  input scan node ids: 9
|  |  estimated serialized size: 55.62MB
|  |  estimated serialized size per node: 5.56MB
|  |  cumulative processing cost: 3038520751
|  |  cache read processing cost: 322947
|  |  cache write processing cost: 157464
|  |  mem-estimate=4.00MB mem-reservation=4.00MB spill-buffer=2.00MB thread-reservation=0
|  |  tuple-ids=19 row-size=20B cardinality=2.43M cost=0
|  |  in pipelines: 09(GETNEXT)
|  |
|  10:AGGREGATE [STREAMING]
|  |  output: avg(ss_list_price), count(ss_list_price)
|  |  group by: ss_list_price
|  |  mem-estimate=10.00MB mem-reservation=2.00MB spill-buffer=64.00KB thread-reservation=0
|  |  tuple-ids=19 row-size=20B cardinality=2.43M cost=319533146
|  |  in pipelines: 09(GETNEXT)
|  |
|  09:SCAN HDFS [tpcds_partitioned_parquet_snap.store_sales, RANDOM]
|     HDFS partitions=1824/1824 files=1824 size=389.90GB
|     deterministic scan range assignment: true
|     schedule scan ranges oldest to newest: true
|     predicates: ss_quantity <= CAST(20 AS INT), ss_quantity >= CAST(16 AS INT), (ss_list_price >= CAST(135 AS DECIMAL(5,0)) AND ss_list_price <= CAST(145 AS DECIMAL(10,0)) OR ss_coupon_amt >= CAST(4905 AS DECIMAL(5,0)) AND ss_coupon_amt <= CAST(5905 AS DECIMAL(10,0)) OR ss_wholesale_cost >= CAST(27 AS DECIMAL(3,0)) AND ss_wholesale_cost <= CAST(47 AS DECIMAL(5,0)))
|     stored statistics:
|       table: rows=8.64G size=389.90GB
|       partitions: 1824/1824 rows=8.64G
|       columns: all
|     extrapolated-rows=disabled max-scan-range-rows=390.22M
|     parquet statistics predicates: ss_quantity <= CAST(20 AS INT), ss_quantity >= CAST(16 AS INT)
|     parquet dictionary predicates: ss_quantity <= CAST(20 AS INT), ss_quantity >= CAST(16 AS INT)
|     mem-estimate=16.00MB mem-reservation=8.00MB thread-reservation=0
|     tuple-ids=18 row-size=16B cardinality=863.99M cost=2718987605
|     in pipelines: 09(GETNEXT)
|
19:NESTED LOOP JOIN [CROSS JOIN, BROADCAST]
|  join table id: 03
|  mem-estimate=0B mem-reservation=0B thread-reservation=0
|  tuple-ids=4,10,16 row-size=72B cardinality=1 cost=0
|  in pipelines: 26(GETNEXT), 35(OPEN)
|
|--F21:PLAN FRAGMENT [UNPARTITIONED] hosts=1 instances=1
|  |  Per-Instance Resources: mem-estimate=16.02KB mem-reservation=0B thread-reservation=1
|  |  max-parallelism=1 segment-costs=[0] cpu-comparison-result=120 [max(1 (self) vs 120 (sum children))]
|  JOIN BUILD
|  |  join-table-id=03 plan-id=04 cohort-id=01
|  |  mem-estimate=24B mem-reservation=0B thread-reservation=0 cost=0
|  |
|  36:EXCHANGE [UNPARTITIONED]
|  |  mem-estimate=16.00KB mem-reservation=0B thread-reservation=0
|  |  tuple-ids=16 row-size=24B cardinality=1 cost=0
|  |  in pipelines: 35(GETNEXT)
|  |
|  F08:PLAN FRAGMENT [UNPARTITIONED] hosts=1 instances=1
|  Per-Instance Resources: mem-estimate=128.00KB mem-reservation=0B thread-reservation=1
|  max-parallelism=1 segment-costs=[0, 2] cpu-comparison-result=120 [max(1 (self) vs 120 (sum children))]
|  35:AGGREGATE [FINALIZE]
|  |  output: count:merge(ss_list_price), avg:merge(ss_list_price), count:merge(ss_list_price)
|  |  mem-estimate=16.00KB mem-reservation=0B spill-buffer=2.00MB thread-reservation=0
|  |  tuple-ids=16 row-size=24B cardinality=1 cost=0
|  |  in pipelines: 35(GETNEXT), 08(OPEN)
|  |
|  34:EXCHANGE [UNPARTITIONED]
|  |  mem-estimate=16.00KB mem-reservation=0B thread-reservation=0
|  |  tuple-ids=15 row-size=24B cardinality=1 cost=0
|  |  in pipelines: 08(GETNEXT)
|  |
|  F07:PLAN FRAGMENT [HASH(ss_list_price)] hosts=10 instances=10 (adjusted from 120)
|  Per-Instance Resources: mem-estimate=17.45MB mem-reservation=1.94MB thread-reservation=1
|  max-parallelism=10 segment-costs=[1427203, 4252, 2] cpu-comparison-result=120 [max(10 (self) vs 120 (sum children))]
|  08:AGGREGATE
|  |  output: count(ss_list_price), avg:merge(ss_list_price), count:merge(ss_list_price)
|  |  mem-estimate=16.00KB mem-reservation=0B spill-buffer=2.00MB thread-reservation=0
|  |  tuple-ids=15 row-size=24B cardinality=1 cost=4252
|  |  in pipelines: 08(GETNEXT), 33(OPEN)
|  |
|  33:AGGREGATE
|  |  output: avg:merge(ss_list_price), count:merge(ss_list_price)
|  |  group by: ss_list_price
|  |  mem-estimate=10.00MB mem-reservation=1.94MB spill-buffer=64.00KB thread-reservation=0
|  |  tuple-ids=13 row-size=20B cardinality=20.25K cost=933670
|  |  in pipelines: 33(GETNEXT), 06(OPEN)
|  |
|  32:EXCHANGE [HASH(ss_list_price)]
|  |  mem-estimate=7.45MB mem-reservation=0B thread-reservation=0
|  |  tuple-ids=13 row-size=20B cardinality=2.43M cost=493533
|  |  in pipelines: 06(GETNEXT)
|  |
|  F06:PLAN FRAGMENT [RANDOM] hosts=10 instances=120
|  Per-Instance Resources: mem-estimate=30.94MB mem-reservation=14.00MB thread-reservation=1
|  max-parallelism=310 segment-costs=[3038520751, 4381776]
|  54:TUPLE CACHE
|  |  cache key: 279072dcac8e5cb7d1fe6befb6fa6157
|  |  input scan node ids: 6
|  |  estimated serialized size: 55.62MB
|  |  estimated serialized size per node: 5.56MB
|  |  cumulative processing cost: 3038520751
|  |  cache read processing cost: 322947
|  |  cache write processing cost: 157464
|  |  mem-estimate=4.00MB mem-reservation=4.00MB spill-buffer=2.00MB thread-reservation=0
|  |  tuple-ids=13 row-size=20B cardinality=2.43M cost=0
|  |  in pipelines: 06(GETNEXT)
|  |
|  07:AGGREGATE [STREAMING]
|  |  output: avg(ss_list_price), count(ss_list_price)
|  |  group by: ss_list_price
|  |  mem-estimate=10.00MB mem-reservation=2.00MB spill-buffer=64.00KB thread-reservation=0
|  |  tuple-ids=13 row-size=20B cardinality=2.43M cost=319533146
|  |  in pipelines: 06(GETNEXT)
|  |
|  06:SCAN HDFS [tpcds_partitioned_parquet_snap.store_sales, RANDOM]
|     HDFS partitions=1824/1824 files=1824 size=389.90GB
|     deterministic scan range assignment: true
|     schedule scan ranges oldest to newest: true
|     predicates: ss_quantity <= CAST(15 AS INT), ss_quantity >= CAST(11 AS INT), (ss_list_price >= CAST(183 AS DECIMAL(5,0)) AND ss_list_price <= CAST(193 AS DECIMAL(10,0)) OR ss_coupon_amt >= CAST(13456 AS DECIMAL(5,0)) AND ss_coupon_amt <= CAST(14456 AS DECIMAL(10,0)) OR ss_wholesale_cost >= CAST(31 AS DECIMAL(3,0)) AND ss_wholesale_cost <= CAST(51 AS DECIMAL(5,0)))
|     stored statistics:
|       table: rows=8.64G size=389.90GB
|       partitions: 1824/1824 rows=8.64G
|       columns: all
|     extrapolated-rows=disabled max-scan-range-rows=390.22M
|     parquet statistics predicates: ss_quantity <= CAST(15 AS INT), ss_quantity >= CAST(11 AS INT)
|     parquet dictionary predicates: ss_quantity <= CAST(15 AS INT), ss_quantity >= CAST(11 AS INT)
|     mem-estimate=16.00MB mem-reservation=8.00MB thread-reservation=0
|     tuple-ids=12 row-size=16B cardinality=863.99M cost=2718987605
|     in pipelines: 06(GETNEXT)
|
18:NESTED LOOP JOIN [CROSS JOIN, BROADCAST]
|  join table id: 04
|  mem-estimate=0B mem-reservation=0B thread-reservation=0
|  tuple-ids=4,10 row-size=48B cardinality=1 cost=0
|  in pipelines: 26(GETNEXT), 30(OPEN)
|
|--F22:PLAN FRAGMENT [UNPARTITIONED] hosts=1 instances=1
|  |  Per-Instance Resources: mem-estimate=16.02KB mem-reservation=0B thread-reservation=1
|  |  max-parallelism=1 segment-costs=[0] cpu-comparison-result=120 [max(1 (self) vs 120 (sum children))]
|  JOIN BUILD
|  |  join-table-id=04 plan-id=05 cohort-id=01
|  |  mem-estimate=24B mem-reservation=0B thread-reservation=0 cost=0
|  |
|  31:EXCHANGE [UNPARTITIONED]
|  |  mem-estimate=16.00KB mem-reservation=0B thread-reservation=0
|  |  tuple-ids=10 row-size=24B cardinality=1 cost=0
|  |  in pipelines: 30(GETNEXT)
|  |
|  F05:PLAN FRAGMENT [UNPARTITIONED] hosts=1 instances=1
|  Per-Instance Resources: mem-estimate=128.00KB mem-reservation=0B thread-reservation=1
|  max-parallelism=1 segment-costs=[0, 2] cpu-comparison-result=120 [max(1 (self) vs 120 (sum children))]
|  30:AGGREGATE [FINALIZE]
|  |  output: count:merge(ss_list_price), avg:merge(ss_list_price), count:merge(ss_list_price)
|  |  mem-estimate=16.00KB mem-reservation=0B spill-buffer=2.00MB thread-reservation=0
|  |  tuple-ids=10 row-size=24B cardinality=1 cost=0
|  |  in pipelines: 30(GETNEXT), 05(OPEN)
|  |
|  29:EXCHANGE [UNPARTITIONED]
|  |  mem-estimate=16.00KB mem-reservation=0B thread-reservation=0
|  |  tuple-ids=9 row-size=24B cardinality=1 cost=0
|  |  in pipelines: 05(GETNEXT)
|  |
|  F04:PLAN FRAGMENT [HASH(ss_list_price)] hosts=10 instances=10 (adjusted from 120)
|  Per-Instance Resources: mem-estimate=17.45MB mem-reservation=1.94MB thread-reservation=1
|  max-parallelism=10 segment-costs=[1427203, 4252, 2] cpu-comparison-result=120 [max(10 (self) vs 120 (sum children))]
|  05:AGGREGATE
|  |  output: count(ss_list_price), avg:merge(ss_list_price), count:merge(ss_list_price)
|  |  mem-estimate=16.00KB mem-reservation=0B spill-buffer=2.00MB thread-reservation=0
|  |  tuple-ids=9 row-size=24B cardinality=1 cost=4252
|  |  in pipelines: 05(GETNEXT), 28(OPEN)
|  |
|  28:AGGREGATE
|  |  output: avg:merge(ss_list_price), count:merge(ss_list_price)
|  |  group by: ss_list_price
|  |  mem-estimate=10.00MB mem-reservation=1.94MB spill-buffer=64.00KB thread-reservation=0
|  |  tuple-ids=7 row-size=20B cardinality=20.25K cost=933670
|  |  in pipelines: 28(GETNEXT), 03(OPEN)
|  |
|  27:EXCHANGE [HASH(ss_list_price)]
|  |  mem-estimate=7.45MB mem-reservation=0B thread-reservation=0
|  |  tuple-ids=7 row-size=20B cardinality=2.43M cost=493533
|  |  in pipelines: 03(GETNEXT)
|  |
|  F03:PLAN FRAGMENT [RANDOM] hosts=10 instances=120
|  Per-Instance Resources: mem-estimate=30.94MB mem-reservation=14.00MB thread-reservation=1
|  max-parallelism=310 segment-costs=[3038520751, 4381776]
|  53:TUPLE CACHE
|  |  cache key: 53d770319aa1a9f2518febd708d2c88a
|  |  input scan node ids: 3
|  |  estimated serialized size: 55.62MB
|  |  estimated serialized size per node: 5.56MB
|  |  cumulative processing cost: 3038520751
|  |  cache read processing cost: 322947
|  |  cache write processing cost: 157464
|  |  mem-estimate=4.00MB mem-reservation=4.00MB spill-buffer=2.00MB thread-reservation=0
|  |  tuple-ids=7 row-size=20B cardinality=2.43M cost=0
|  |  in pipelines: 03(GETNEXT)
|  |
|  04:AGGREGATE [STREAMING]
|  |  output: avg(ss_list_price), count(ss_list_price)
|  |  group by: ss_list_price
|  |  mem-estimate=10.00MB mem-reservation=2.00MB spill-buffer=64.00KB thread-reservation=0
|  |  tuple-ids=7 row-size=20B cardinality=2.43M cost=319533146
|  |  in pipelines: 03(GETNEXT)
|  |
|  03:SCAN HDFS [tpcds_partitioned_parquet_snap.store_sales, RANDOM]
|     HDFS partitions=1824/1824 files=1824 size=389.90GB
|     deterministic scan range assignment: true
|     schedule scan ranges oldest to newest: true
|     predicates: ss_quantity <= CAST(10 AS INT), ss_quantity >= CAST(6 AS INT), (ss_list_price >= CAST(71 AS DECIMAL(3,0)) AND ss_list_price <= CAST(81 AS DECIMAL(5,0)) OR ss_coupon_amt >= CAST(14775 AS DECIMAL(5,0)) AND ss_coupon_amt <= CAST(15775 AS DECIMAL(10,0)) OR ss_wholesale_cost >= CAST(38 AS DECIMAL(3,0)) AND ss_wholesale_cost <= CAST(58 AS DECIMAL(5,0)))
|     stored statistics:
|       table: rows=8.64G size=389.90GB
|       partitions: 1824/1824 rows=8.64G
|       columns: all
|     extrapolated-rows=disabled max-scan-range-rows=390.22M
|     parquet statistics predicates: ss_quantity <= CAST(10 AS INT), ss_quantity >= CAST(6 AS INT)
|     parquet dictionary predicates: ss_quantity <= CAST(10 AS INT), ss_quantity >= CAST(6 AS INT)
|     mem-estimate=16.00MB mem-reservation=8.00MB thread-reservation=0
|     tuple-ids=6 row-size=16B cardinality=863.99M cost=2718987605
|     in pipelines: 03(GETNEXT)
|
26:AGGREGATE [FINALIZE]
|  output: count:merge(ss_list_price), avg:merge(ss_list_price), count:merge(ss_list_price)
|  mem-estimate=16.00KB mem-reservation=0B spill-buffer=2.00MB thread-reservation=0
|  tuple-ids=4 row-size=24B cardinality=1 cost=0
|  in pipelines: 26(GETNEXT), 02(OPEN)
|
25:EXCHANGE [UNPARTITIONED]
|  mem-estimate=16.00KB mem-reservation=0B thread-reservation=0
|  tuple-ids=3 row-size=24B cardinality=1 cost=0
|  in pipelines: 02(GETNEXT)
|
F01:PLAN FRAGMENT [HASH(ss_list_price)] hosts=10 instances=10 (adjusted from 120)
Per-Instance Resources: mem-estimate=17.45MB mem-reservation=1.94MB thread-reservation=1
max-parallelism=10 segment-costs=[1427203, 4252, 2] cpu-comparison-result=120 [max(10 (self) vs 120 (sum children))]
02:AGGREGATE
|  output: count(ss_list_price), avg:merge(ss_list_price), count:merge(ss_list_price)
|  mem-estimate=16.00KB mem-reservation=0B spill-buffer=2.00MB thread-reservation=0
|  tuple-ids=3 row-size=24B cardinality=1 cost=4252
|  in pipelines: 02(GETNEXT), 24(OPEN)
|
24:AGGREGATE
|  output: avg:merge(ss_list_price), count:merge(ss_list_price)
|  group by: ss_list_price
|  mem-estimate=10.00MB mem-reservation=1.94MB spill-buffer=64.00KB thread-reservation=0
|  tuple-ids=1 row-size=20B cardinality=20.25K cost=933670
|  in pipelines: 24(GETNEXT), 00(OPEN)
|
23:EXCHANGE [HASH(ss_list_price)]
|  mem-estimate=7.45MB mem-reservation=0B thread-reservation=0
|  tuple-ids=1 row-size=20B cardinality=2.43M cost=493533
|  in pipelines: 00(GETNEXT)
|
F00:PLAN FRAGMENT [RANDOM] hosts=10 instances=120
Per-Instance Resources: mem-estimate=30.94MB mem-reservation=14.00MB thread-reservation=1
max-parallelism=310 segment-costs=[3038520751, 4381776]
52:TUPLE CACHE
|  cache key: 45e65746b8e68950c802a21230835382
|  input scan node ids: 0
|  estimated serialized size: 55.62MB
|  estimated serialized size per node: 5.56MB
|  cumulative processing cost: 3038520751
|  cache read processing cost: 322947
|  cache write processing cost: 157464
|  mem-estimate=4.00MB mem-reservation=4.00MB spill-buffer=2.00MB thread-reservation=0
|  tuple-ids=1 row-size=20B cardinality=2.43M cost=0
|  in pipelines: 00(GETNEXT)
|
01:AGGREGATE [STREAMING]
|  output: avg(ss_list_price), count(ss_list_price)
|  group by: ss_list_price
|  mem-estimate=10.00MB mem-reservation=2.00MB spill-buffer=64.00KB thread-reservation=0
|  tuple-ids=1 row-size=20B cardinality=2.43M cost=319533146
|  in pipelines: 00(GETNEXT)
|
00:SCAN HDFS [tpcds_partitioned_parquet_snap.store_sales, RANDOM]
   HDFS partitions=1824/1824 files=1824 size=389.90GB
   deterministic scan range assignment: true
   schedule scan ranges oldest to newest: true
   predicates: ss_quantity <= CAST(5 AS INT), ss_quantity >= CAST(0 AS INT), (ss_list_price >= CAST(189 AS DECIMAL(5,0)) AND ss_list_price <= CAST(199 AS DECIMAL(10,0)) OR ss_coupon_amt >= CAST(4483 AS DECIMAL(5,0)) AND ss_coupon_amt <= CAST(5483 AS DECIMAL(10,0)) OR ss_wholesale_cost >= CAST(24 AS DECIMAL(3,0)) AND ss_wholesale_cost <= CAST(44 AS DECIMAL(5,0)))
   stored statistics:
     table: rows=8.64G size=389.90GB
     partitions: 1824/1824 rows=8.64G
     columns: all
   extrapolated-rows=disabled max-scan-range-rows=390.22M
   parquet statistics predicates: ss_quantity <= CAST(5 AS INT), ss_quantity >= CAST(0 AS INT)
   parquet dictionary predicates: ss_quantity <= CAST(5 AS INT), ss_quantity >= CAST(0 AS INT)
   mem-estimate=16.00MB mem-reservation=8.00MB thread-reservation=0
   tuple-ids=0 row-size=16B cardinality=863.99M cost=2718987605
   in pipelines: 00(GETNEXT)
---- PARALLELPLANS
Max Per-Host Resource Reservation: Memory=1023.62MB Threads=89
Per-Host Resource Estimates: Memory=2.28GB
F02:PLAN FRAGMENT [UNPARTITIONED] hosts=1 instances=1
|  Per-Instance Resources: mem-estimate=4.02MB mem-reservation=4.00MB thread-reservation=1
|  max-parallelism=1 segment-costs=[0, 18] cpu-comparison-result=720 [max(1 (self) vs 720 (sum children))]
PLAN-ROOT SINK
|  output exprs: avg(ss_list_price), zeroifnull(count(ss_list_price)), count(ss_list_price), avg(ss_list_price), zeroifnull(count(ss_list_price)), count(ss_list_price), avg(ss_list_price), zeroifnull(count(ss_list_price)), count(ss_list_price), avg(ss_list_price), zeroifnull(count(ss_list_price)), count(ss_list_price), avg(ss_list_price), zeroifnull(count(ss_list_price)), count(ss_list_price), avg(ss_list_price), zeroifnull(count(ss_list_price)), count(ss_list_price)
|  mem-estimate=4.00MB mem-reservation=4.00MB spill-buffer=2.00MB thread-reservation=0 cost=18
|
22:NESTED LOOP JOIN [CROSS JOIN, BROADCAST]
|  join table id: 00
|  limit: 100
|  mem-estimate=0B mem-reservation=0B thread-reservation=0
|  tuple-ids=4,10,16,22,28,34 row-size=144B cardinality=1 cost=0
|  in pipelines: 26(GETNEXT), 50(OPEN)
|
|--F18:PLAN FRAGMENT [UNPARTITIONED] hosts=1 instances=1
|  |  Per-Instance Resources: mem-estimate=16.02KB mem-reservation=0B thread-reservation=1
|  |  max-parallelism=1 segment-costs=[0] cpu-comparison-result=120 [max(1 (self) vs 120 (sum children))]
|  JOIN BUILD
|  |  join-table-id=00 plan-id=01 cohort-id=01
|  |  mem-estimate=24B mem-reservation=0B thread-reservation=0 cost=0
|  |
|  51:EXCHANGE [UNPARTITIONED]
|  |  mem-estimate=16.00KB mem-reservation=0B thread-reservation=0
|  |  tuple-ids=34 row-size=24B cardinality=1 cost=0
|  |  in pipelines: 50(GETNEXT)
|  |
|  F17:PLAN FRAGMENT [UNPARTITIONED] hosts=1 instances=1
|  Per-Instance Resources: mem-estimate=128.00KB mem-reservation=0B thread-reservation=1
|  max-parallelism=1 segment-costs=[0, 2] cpu-comparison-result=120 [max(1 (self) vs 120 (sum children))]
|  50:AGGREGATE [FINALIZE]
|  |  output: count:merge(ss_list_price), avg:merge(ss_list_price), count:merge(ss_list_price)
|  |  mem-estimate=16.00KB mem-reservation=0B spill-buffer=2.00MB thread-reservation=0
|  |  tuple-ids=34 row-size=24B cardinality=1 cost=0
|  |  in pipelines: 50(GETNEXT), 17(OPEN)
|  |
|  49:EXCHANGE [UNPARTITIONED]
|  |  mem-estimate=16.00KB mem-reservation=0B thread-reservation=0
|  |  tuple-ids=33 row-size=24B cardinality=1 cost=0
|  |  in pipelines: 17(GETNEXT)
|  |
|  F16:PLAN FRAGMENT [HASH(ss_list_price)] hosts=10 instances=10 (adjusted from 120)
|  Per-Instance Resources: mem-estimate=17.45MB mem-reservation=1.94MB thread-reservation=1
|  max-parallelism=10 segment-costs=[1427203, 4252, 2] cpu-comparison-result=120 [max(10 (self) vs 120 (sum children))]
|  17:AGGREGATE
|  |  output: count(ss_list_price), avg:merge(ss_list_price), count:merge(ss_list_price)
|  |  mem-estimate=16.00KB mem-reservation=0B spill-buffer=2.00MB thread-reservation=0
|  |  tuple-ids=33 row-size=24B cardinality=1 cost=4252
|  |  in pipelines: 17(GETNEXT), 48(OPEN)
|  |
|  48:AGGREGATE
|  |  output: avg:merge(ss_list_price), count:merge(ss_list_price)
|  |  group by: ss_list_price
|  |  mem-estimate=10.00MB mem-reservation=1.94MB spill-buffer=64.00KB thread-reservation=0
|  |  tuple-ids=31 row-size=20B cardinality=20.25K cost=933670
|  |  in pipelines: 48(GETNEXT), 15(OPEN)
|  |
|  47:EXCHANGE [HASH(ss_list_price)]
|  |  mem-estimate=7.45MB mem-reservation=0B thread-reservation=0
|  |  tuple-ids=31 row-size=20B cardinality=2.43M cost=493533
|  |  in pipelines: 15(GETNEXT)
|  |
|  F15:PLAN FRAGMENT [RANDOM] hosts=10 instances=120
|  Per-Instance Resources: mem-estimate=30.94MB mem-reservation=14.00MB thread-reservation=1
|  max-parallelism=310 segment-costs=[3038520751, 4381776]
|  57:TUPLE CACHE
|  |  cache key: 9a0fc35a5d96e1d6c8fcf13bc76e7086
|  |  input scan node ids: 15
|  |  estimated serialized size: 55.62MB
|  |  estimated serialized size per node: 5.56MB
|  |  cumulative processing cost: 3038520751
|  |  cache read processing cost: 322947
|  |  cache write processing cost: 157464
|  |  mem-estimate=4.00MB mem-reservation=4.00MB spill-buffer=2.00MB thread-reservation=0
|  |  tuple-ids=31 row-size=20B cardinality=2.43M cost=0
|  |  in pipelines: 15(GETNEXT)
|  |
|  16:AGGREGATE [STREAMING]
|  |  output: avg(ss_list_price), count(ss_list_price)
|  |  group by: ss_list_price
|  |  mem-estimate=10.00MB mem-reservation=2.00MB spill-buffer=64.00KB thread-reservation=0
|  |  tuple-ids=31 row-size=20B cardinality=2.43M cost=319533146
|  |  in pipelines: 15(GETNEXT)
|  |
|  15:SCAN HDFS [tpcds_partitioned_parquet_snap.store_sales, RANDOM]
|     HDFS partitions=1824/1824 files=1824 size=389.90GB
|     deterministic scan range assignment: true
|     schedule scan ranges oldest to newest: true
|     predicates: ss_quantity <= CAST(30 AS INT), ss_quantity >= CAST(26 AS INT), (ss_list_price >= CAST(49 AS DECIMAL(3,0)) AND ss_list_price <= CAST(59 AS DECIMAL(5,0)) OR ss_coupon_amt >= CAST(2950 AS DECIMAL(5,0)) AND ss_coupon_amt <= CAST(3950 AS DECIMAL(10,0)) OR ss_wholesale_cost >= CAST(52 AS DECIMAL(3,0)) AND ss_wholesale_cost <= CAST(72 AS DECIMAL(5,0)))
|     stored statistics:
|       table: rows=8.64G size=389.90GB
|       partitions: 1824/1824 rows=8.64G
|       columns: all
|     extrapolated-rows=disabled max-scan-range-rows=390.22M
|     parquet statistics predicates: ss_quantity <= CAST(30 AS INT), ss_quantity >= CAST(26 AS INT)
|     parquet dictionary predicates: ss_quantity <= CAST(30 AS INT), ss_quantity >= CAST(26 AS INT)
|     mem-estimate=16.00MB mem-reservation=8.00MB thread-reservation=0
|     tuple-ids=30 row-size=16B cardinality=863.99M cost=2718987605
|     in pipelines: 15(GETNEXT)
|
21:NESTED LOOP JOIN [CROSS JOIN, BROADCAST]
|  join table id: 01
|  mem-estimate=0B mem-reservation=0B thread-reservation=0
|  tuple-ids=4,10,16,22,28 row-size=120B cardinality=1 cost=0
|  in pipelines: 26(GETNEXT), 45(OPEN)
|
|--F19:PLAN FRAGMENT [UNPARTITIONED] hosts=1 instances=1
|  |  Per-Instance Resources: mem-estimate=16.02KB mem-reservation=0B thread-reservation=1
|  |  max-parallelism=1 segment-costs=[0] cpu-comparison-result=120 [max(1 (self) vs 120 (sum children))]
|  JOIN BUILD
|  |  join-table-id=01 plan-id=02 cohort-id=01
|  |  mem-estimate=24B mem-reservation=0B thread-reservation=0 cost=0
|  |
|  46:EXCHANGE [UNPARTITIONED]
|  |  mem-estimate=16.00KB mem-reservation=0B thread-reservation=0
|  |  tuple-ids=28 row-size=24B cardinality=1 cost=0
|  |  in pipelines: 45(GETNEXT)
|  |
|  F14:PLAN FRAGMENT [UNPARTITIONED] hosts=1 instances=1
|  Per-Instance Resources: mem-estimate=128.00KB mem-reservation=0B thread-reservation=1
|  max-parallelism=1 segment-costs=[0, 2] cpu-comparison-result=120 [max(1 (self) vs 120 (sum children))]
|  45:AGGREGATE [FINALIZE]
|  |  output: count:merge(ss_list_price), avg:merge(ss_list_price), count:merge(ss_list_price)
|  |  mem-estimate=16.00KB mem-reservation=0B spill-buffer=2.00MB thread-reservation=0
|  |  tuple-ids=28 row-size=24B cardinality=1 cost=0
|  |  in pipelines: 45(GETNEXT), 14(OPEN)
|  |
|  44:EXCHANGE [UNPARTITIONED]
|  |  mem-estimate=16.00KB mem-reservation=0B thread-reservation=0
|  |  tuple-ids=27 row-size=24B cardinality=1 cost=0
|  |  in pipelines: 14(GETNEXT)
|  |
|  F13:PLAN FRAGMENT [HASH(ss_list_price)] hosts=10 instances=10 (adjusted from 120)
|  Per-Instance Resources: mem-estimate=17.45MB mem-reservation=1.94MB thread-reservation=1
|  max-parallelism=10 segment-costs=[1427203, 4252, 2] cpu-comparison-result=120 [max(10 (self) vs 120 (sum children))]
|  14:AGGREGATE
|  |  output: count(ss_list_price), avg:merge(ss_list_price), count:merge(ss_list_price)
|  |  mem-estimate=16.00KB mem-reservation=0B spill-buffer=2.00MB thread-reservation=0
|  |  tuple-ids=27 row-size=24B cardinality=1 cost=4252
|  |  in pipelines: 14(GETNEXT), 43(OPEN)
|  |
|  43:AGGREGATE
|  |  output: avg:merge(ss_list_price), count:merge(ss_list_price)
|  |  group by: ss_list_price
|  |  mem-estimate=10.00MB mem-reservation=1.94MB spill-buffer=64.00KB thread-reservation=0
|  |  tuple-ids=25 row-size=20B cardinality=20.25K cost=933670
|  |  in pipelines: 43(GETNEXT), 12(OPEN)
|  |
|  42:EXCHANGE [HASH(ss_list_price)]
|  |  mem-estimate=7.45MB mem-reservation=0B thread-reservation=0
|  |  tuple-ids=25 row-size=20B cardinality=2.43M cost=493533
|  |  in pipelines: 12(GETNEXT)
|  |
|  F12:PLAN FRAGMENT [RANDOM] hosts=10 instances=120
|  Per-Instance Resources: mem-estimate=30.94MB mem-reservation=14.00MB thread-reservation=1
|  max-parallelism=310 segment-costs=[3038520751, 4381776]
|  56:TUPLE CACHE
|  |  cache key: fc0776eefe7298e035634d43bc57d4b3
|  |  input scan node ids: 12
|  |  estimated serialized size: 55.62MB
|  |  estimated serialized size per node: 5.56MB
|  |  cumulative processing cost: 3038520751
|  |  cache read processing cost: 322947
|  |  cache write processing cost: 157464
|  |  mem-estimate=4.00MB mem-reservation=4.00MB spill-buffer=2.00MB thread-reservation=0
|  |  tuple-ids=25 row-size=20B cardinality=2.43M cost=0
|  |  in pipelines: 12(GETNEXT)
|  |
|  13:AGGREGATE [STREAMING]
|  |  output: avg(ss_list_price), count(ss_list_price)
|  |  group by: ss_list_price
|  |  mem-estimate=10.00MB mem-reservation=2.00MB spill-buffer=64.00KB thread-reservation=0
|  |  tuple-ids=25 row-size=20B cardinality=2.43M cost=319533146
|  |  in pipelines: 12(GETNEXT)
|  |
|  12:SCAN HDFS [tpcds_partitioned_parquet_snap.store_sales, RANDOM]
|     HDFS partitions=1824/1824 files=1824 size=389.90GB
|     deterministic scan range assignment: true
|     schedule scan ranges oldest to newest: true
|     predicates: ss_quantity <= CAST(25 AS INT), ss_quantity >= CAST(21 AS INT), (ss_list_price >= CAST(180 AS DECIMAL(5,0)) AND ss_list_price <= CAST(190 AS DECIMAL(10,0)) OR ss_coupon_amt >= CAST(17430 AS DECIMAL(5,0)) AND ss_coupon_amt <= CAST(18430 AS DECIMAL(10,0)) OR ss_wholesale_cost >= CAST(57 AS DECIMAL(3,0)) AND ss_wholesale_cost <= CAST(77 AS DECIMAL(5,0)))
|     stored statistics:
|       table: rows=8.64G size=389.90GB
|       partitions: 1824/1824 rows=8.64G
|       columns: all
|     extrapolated-rows=disabled max-scan-range-rows=390.22M
|     parquet statistics predicates: ss_quantity <= CAST(25 AS INT), ss_quantity >= CAST(21 AS INT)
|     parquet dictionary predicates: ss_quantity <= CAST(25 AS INT), ss_quantity >= CAST(21 AS INT)
|     mem-estimate=16.00MB mem-reservation=8.00MB thread-reservation=0
|     tuple-ids=24 row-size=16B cardinality=863.99M cost=2718987605
|     in pipelines: 12(GETNEXT)
|
20:NESTED LOOP JOIN [CROSS JOIN, BROADCAST]
|  join table id: 02
|  mem-estimate=0B mem-reservation=0B thread-reservation=0
|  tuple-ids=4,10,16,22 row-size=96B cardinality=1 cost=0
|  in pipelines: 26(GETNEXT), 40(OPEN)
|
|--F20:PLAN FRAGMENT [UNPARTITIONED] hosts=1 instances=1
|  |  Per-Instance Resources: mem-estimate=16.02KB mem-reservation=0B thread-reservation=1
|  |  max-parallelism=1 segment-costs=[0] cpu-comparison-result=120 [max(1 (self) vs 120 (sum children))]
|  JOIN BUILD
|  |  join-table-id=02 plan-id=03 cohort-id=01
|  |  mem-estimate=24B mem-reservation=0B thread-reservation=0 cost=0
|  |
|  41:EXCHANGE [UNPARTITIONED]
|  |  mem-estimate=16.00KB mem-reservation=0B thread-reservation=0
|  |  tuple-ids=22 row-size=24B cardinality=1 cost=0
|  |  in pipelines: 40(GETNEXT)
|  |
|  F11:PLAN FRAGMENT [UNPARTITIONED] hosts=1 instances=1
|  Per-Instance Resources: mem-estimate=128.00KB mem-reservation=0B thread-reservation=1
|  max-parallelism=1 segment-costs=[0, 2] cpu-comparison-result=120 [max(1 (self) vs 120 (sum children))]
|  40:AGGREGATE [FINALIZE]
|  |  output: count:merge(ss_list_price), avg:merge(ss_list_price), count:merge(ss_list_price)
|  |  mem-estimate=16.00KB mem-reservation=0B spill-buffer=2.00MB thread-reservation=0
|  |  tuple-ids=22 row-size=24B cardinality=1 cost=0
|  |  in pipelines: 40(GETNEXT), 11(OPEN)
|  |
|  39:EXCHANGE [UNPARTITIONED]
|  |  mem-estimate=16.00KB mem-reservation=0B thread-reservation=0
|  |  tuple-ids=21 row-size=24B cardinality=1 cost=0
|  |  in pipelines: 11(GETNEXT)
|  |
|  F10:PLAN FRAGMENT [HASH(ss_list_price)] hosts=10 instances=10 (adjusted from 120)
|  Per-Instance Resources: mem-estimate=17.45MB mem-reservation=1.94MB thread-reservation=1
|  max-parallelism=10 segment-costs=[1427203, 4252, 2] cpu-comparison-result=120 [max(10 (self) vs 120 (sum children))]
|  11:AGGREGATE
|  |  output: count(ss_list_price), avg:merge(ss_list_price), count:merge(ss_list_price)
|  |  mem-estimate=16.00KB mem-reservation=0B spill-buffer=2.00MB thread-reservation=0
|  |  tuple-ids=21 row-size=24B cardinality=1 cost=4252
|  |  in pipelines: 11(GETNEXT), 38(OPEN)
|  |
|  38:AGGREGATE
|  |  output: avg:merge(ss_list_price), count:merge(ss_list_price)
|  |  group by: ss_list_price
|  |  mem-estimate=10.00MB mem-reservation=1.94MB spill-buffer=64.00KB thread-reservation=0
|  |  tuple-ids=19 row-size=20B cardinality=20.25K cost=933670
|  |  in pipelines: 38(GETNEXT), 09(OPEN)
|  |
|  37:EXCHANGE [HASH(ss_list_price)]
|  |  mem-estimate=7.45MB mem-reservation=0B thread-reservation=0
|  |  tuple-ids=19 row-size=20B cardinality=2.43M cost=493533
|  |  in pipelines: 09(GETNEXT)
|  |
|  F09:PLAN FRAGMENT [RANDOM] hosts=10 instances=120
|  Per-Instance Resources: mem-estimate=30.94MB mem-reservation=14.00MB thread-reservation=1
|  max-parallelism=310 segment-costs=[3038520751, 4381776]
|  55:TUPLE CACHE
|  |  cache key: 7bcd20eef6c002b9a3cfcf2c976e5918
|  |  input scan node ids: 9
|  |  estimated serialized size: 55.62MB
|  |  estimated serialized size per node: 5.56MB
|  |  cumulative processing cost: 3038520751
|  |  cache read processing cost: 322947
|  |  cache write processing cost: 157464
|  |  mem-estimate=4.00MB mem-reservation=4.00MB spill-buffer=2.00MB thread-reservation=0
|  |  tuple-ids=19 row-size=20B cardinality=2.43M cost=0
|  |  in pipelines: 09(GETNEXT)
|  |
|  10:AGGREGATE [STREAMING]
|  |  output: avg(ss_list_price), count(ss_list_price)
|  |  group by: ss_list_price
|  |  mem-estimate=10.00MB mem-reservation=2.00MB spill-buffer=64.00KB thread-reservation=0
|  |  tuple-ids=19 row-size=20B cardinality=2.43M cost=319533146
|  |  in pipelines: 09(GETNEXT)
|  |
|  09:SCAN HDFS [tpcds_partitioned_parquet_snap.store_sales, RANDOM]
|     HDFS partitions=1824/1824 files=1824 size=389.90GB
|     deterministic scan range assignment: true
|     schedule scan ranges oldest to newest: true
|     predicates: ss_quantity <= CAST(20 AS INT), ss_quantity >= CAST(16 AS INT), (ss_list_price >= CAST(135 AS DECIMAL(5,0)) AND ss_list_price <= CAST(145 AS DECIMAL(10,0)) OR ss_coupon_amt >= CAST(4905 AS DECIMAL(5,0)) AND ss_coupon_amt <= CAST(5905 AS DECIMAL(10,0)) OR ss_wholesale_cost >= CAST(27 AS DECIMAL(3,0)) AND ss_wholesale_cost <= CAST(47 AS DECIMAL(5,0)))
|     stored statistics:
|       table: rows=8.64G size=389.90GB
|       partitions: 1824/1824 rows=8.64G
|       columns: all
|     extrapolated-rows=disabled max-scan-range-rows=390.22M
|     parquet statistics predicates: ss_quantity <= CAST(20 AS INT), ss_quantity >= CAST(16 AS INT)
|     parquet dictionary predicates: ss_quantity <= CAST(20 AS INT), ss_quantity >= CAST(16 AS INT)
|     mem-estimate=16.00MB mem-reservation=8.00MB thread-reservation=0
|     tuple-ids=18 row-size=16B cardinality=863.99M cost=2718987605
|     in pipelines: 09(GETNEXT)
|
19:NESTED LOOP JOIN [CROSS JOIN, BROADCAST]
|  join table id: 03
|  mem-estimate=0B mem-reservation=0B thread-reservation=0
|  tuple-ids=4,10,16 row-size=72B cardinality=1 cost=0
|  in pipelines: 26(GETNEXT), 35(OPEN)
|
|--F21:PLAN FRAGMENT [UNPARTITIONED] hosts=1 instances=1
|  |  Per-Instance Resources: mem-estimate=16.02KB mem-reservation=0B thread-reservation=1
|  |  max-parallelism=1 segment-costs=[0] cpu-comparison-result=120 [max(1 (self) vs 120 (sum children))]
|  JOIN BUILD
|  |  join-table-id=03 plan-id=04 cohort-id=01
|  |  mem-estimate=24B mem-reservation=0B thread-reservation=0 cost=0
|  |
|  36:EXCHANGE [UNPARTITIONED]
|  |  mem-estimate=16.00KB mem-reservation=0B thread-reservation=0
|  |  tuple-ids=16 row-size=24B cardinality=1 cost=0
|  |  in pipelines: 35(GETNEXT)
|  |
|  F08:PLAN FRAGMENT [UNPARTITIONED] hosts=1 instances=1
|  Per-Instance Resources: mem-estimate=128.00KB mem-reservation=0B thread-reservation=1
|  max-parallelism=1 segment-costs=[0, 2] cpu-comparison-result=120 [max(1 (self) vs 120 (sum children))]
|  35:AGGREGATE [FINALIZE]
|  |  output: count:merge(ss_list_price), avg:merge(ss_list_price), count:merge(ss_list_price)
|  |  mem-estimate=16.00KB mem-reservation=0B spill-buffer=2.00MB thread-reservation=0
|  |  tuple-ids=16 row-size=24B cardinality=1 cost=0
|  |  in pipelines: 35(GETNEXT), 08(OPEN)
|  |
|  34:EXCHANGE [UNPARTITIONED]
|  |  mem-estimate=16.00KB mem-reservation=0B thread-reservation=0
|  |  tuple-ids=15 row-size=24B cardinality=1 cost=0
|  |  in pipelines: 08(GETNEXT)
|  |
|  F07:PLAN FRAGMENT [HASH(ss_list_price)] hosts=10 instances=10 (adjusted from 120)
|  Per-Instance Resources: mem-estimate=17.45MB mem-reservation=1.94MB thread-reservation=1
|  max-parallelism=10 segment-costs=[1427203, 4252, 2] cpu-comparison-result=120 [max(10 (self) vs 120 (sum children))]
|  08:AGGREGATE
|  |  output: count(ss_list_price), avg:merge(ss_list_price), count:merge(ss_list_price)
|  |  mem-estimate=16.00KB mem-reservation=0B spill-buffer=2.00MB thread-reservation=0
|  |  tuple-ids=15 row-size=24B cardinality=1 cost=4252
|  |  in pipelines: 08(GETNEXT), 33(OPEN)
|  |
|  33:AGGREGATE
|  |  output: avg:merge(ss_list_price), count:merge(ss_list_price)
|  |  group by: ss_list_price
|  |  mem-estimate=10.00MB mem-reservation=1.94MB spill-buffer=64.00KB thread-reservation=0
|  |  tuple-ids=13 row-size=20B cardinality=20.25K cost=933670
|  |  in pipelines: 33(GETNEXT), 06(OPEN)
|  |
|  32:EXCHANGE [HASH(ss_list_price)]
|  |  mem-estimate=7.45MB mem-reservation=0B thread-reservation=0
|  |  tuple-ids=13 row-size=20B cardinality=2.43M cost=493533
|  |  in pipelines: 06(GETNEXT)
|  |
|  F06:PLAN FRAGMENT [RANDOM] hosts=10 instances=120
|  Per-Instance Resources: mem-estimate=30.94MB mem-reservation=14.00MB thread-reservation=1
|  max-parallelism=310 segment-costs=[3038520751, 4381776]
|  54:TUPLE CACHE
|  |  cache key: 279072dcac8e5cb7d1fe6befb6fa6157
|  |  input scan node ids: 6
|  |  estimated serialized size: 55.62MB
|  |  estimated serialized size per node: 5.56MB
|  |  cumulative processing cost: 3038520751
|  |  cache read processing cost: 322947
|  |  cache write processing cost: 157464
|  |  mem-estimate=4.00MB mem-reservation=4.00MB spill-buffer=2.00MB thread-reservation=0
|  |  tuple-ids=13 row-size=20B cardinality=2.43M cost=0
|  |  in pipelines: 06(GETNEXT)
|  |
|  07:AGGREGATE [STREAMING]
|  |  output: avg(ss_list_price), count(ss_list_price)
|  |  group by: ss_list_price
|  |  mem-estimate=10.00MB mem-reservation=2.00MB spill-buffer=64.00KB thread-reservation=0
|  |  tuple-ids=13 row-size=20B cardinality=2.43M cost=319533146
|  |  in pipelines: 06(GETNEXT)
|  |
|  06:SCAN HDFS [tpcds_partitioned_parquet_snap.store_sales, RANDOM]
|     HDFS partitions=1824/1824 files=1824 size=389.90GB
|     deterministic scan range assignment: true
|     schedule scan ranges oldest to newest: true
|     predicates: ss_quantity <= CAST(15 AS INT), ss_quantity >= CAST(11 AS INT), (ss_list_price >= CAST(183 AS DECIMAL(5,0)) AND ss_list_price <= CAST(193 AS DECIMAL(10,0)) OR ss_coupon_amt >= CAST(13456 AS DECIMAL(5,0)) AND ss_coupon_amt <= CAST(14456 AS DECIMAL(10,0)) OR ss_wholesale_cost >= CAST(31 AS DECIMAL(3,0)) AND ss_wholesale_cost <= CAST(51 AS DECIMAL(5,0)))
|     stored statistics:
|       table: rows=8.64G size=389.90GB
|       partitions: 1824/1824 rows=8.64G
|       columns: all
|     extrapolated-rows=disabled max-scan-range-rows=390.22M
|     parquet statistics predicates: ss_quantity <= CAST(15 AS INT), ss_quantity >= CAST(11 AS INT)
|     parquet dictionary predicates: ss_quantity <= CAST(15 AS INT), ss_quantity >= CAST(11 AS INT)
|     mem-estimate=16.00MB mem-reservation=8.00MB thread-reservation=0
|     tuple-ids=12 row-size=16B cardinality=863.99M cost=2718987605
|     in pipelines: 06(GETNEXT)
|
18:NESTED LOOP JOIN [CROSS JOIN, BROADCAST]
|  join table id: 04
|  mem-estimate=0B mem-reservation=0B thread-reservation=0
|  tuple-ids=4,10 row-size=48B cardinality=1 cost=0
|  in pipelines: 26(GETNEXT), 30(OPEN)
|
|--F22:PLAN FRAGMENT [UNPARTITIONED] hosts=1 instances=1
|  |  Per-Instance Resources: mem-estimate=16.02KB mem-reservation=0B thread-reservation=1
|  |  max-parallelism=1 segment-costs=[0] cpu-comparison-result=120 [max(1 (self) vs 120 (sum children))]
|  JOIN BUILD
|  |  join-table-id=04 plan-id=05 cohort-id=01
|  |  mem-estimate=24B mem-reservation=0B thread-reservation=0 cost=0
|  |
|  31:EXCHANGE [UNPARTITIONED]
|  |  mem-estimate=16.00KB mem-reservation=0B thread-reservation=0
|  |  tuple-ids=10 row-size=24B cardinality=1 cost=0
|  |  in pipelines: 30(GETNEXT)
|  |
|  F05:PLAN FRAGMENT [UNPARTITIONED] hosts=1 instances=1
|  Per-Instance Resources: mem-estimate=128.00KB mem-reservation=0B thread-reservation=1
|  max-parallelism=1 segment-costs=[0, 2] cpu-comparison-result=120 [max(1 (self) vs 120 (sum children))]
|  30:AGGREGATE [FINALIZE]
|  |  output: count:merge(ss_list_price), avg:merge(ss_list_price), count:merge(ss_list_price)
|  |  mem-estimate=16.00KB mem-reservation=0B spill-buffer=2.00MB thread-reservation=0
|  |  tuple-ids=10 row-size=24B cardinality=1 cost=0
|  |  in pipelines: 30(GETNEXT), 05(OPEN)
|  |
|  29:EXCHANGE [UNPARTITIONED]
|  |  mem-estimate=16.00KB mem-reservation=0B thread-reservation=0
|  |  tuple-ids=9 row-size=24B cardinality=1 cost=0
|  |  in pipelines: 05(GETNEXT)
|  |
|  F04:PLAN FRAGMENT [HASH(ss_list_price)] hosts=10 instances=10 (adjusted from 120)
|  Per-Instance Resources: mem-estimate=17.45MB mem-reservation=1.94MB thread-reservation=1
|  max-parallelism=10 segment-costs=[1427203, 4252, 2] cpu-comparison-result=120 [max(10 (self) vs 120 (sum children))]
|  05:AGGREGATE
|  |  output: count(ss_list_price), avg:merge(ss_list_price), count:merge(ss_list_price)
|  |  mem-estimate=16.00KB mem-reservation=0B spill-buffer=2.00MB thread-reservation=0
|  |  tuple-ids=9 row-size=24B cardinality=1 cost=4252
|  |  in pipelines: 05(GETNEXT), 28(OPEN)
|  |
|  28:AGGREGATE
|  |  output: avg:merge(ss_list_price), count:merge(ss_list_price)
|  |  group by: ss_list_price
|  |  mem-estimate=10.00MB mem-reservation=1.94MB spill-buffer=64.00KB thread-reservation=0
|  |  tuple-ids=7 row-size=20B cardinality=20.25K cost=933670
|  |  in pipelines: 28(GETNEXT), 03(OPEN)
|  |
|  27:EXCHANGE [HASH(ss_list_price)]
|  |  mem-estimate=7.45MB mem-reservation=0B thread-reservation=0
|  |  tuple-ids=7 row-size=20B cardinality=2.43M cost=493533
|  |  in pipelines: 03(GETNEXT)
|  |
|  F03:PLAN FRAGMENT [RANDOM] hosts=10 instances=120
|  Per-Instance Resources: mem-estimate=30.94MB mem-reservation=14.00MB thread-reservation=1
|  max-parallelism=310 segment-costs=[3038520751, 4381776]
|  53:TUPLE CACHE
|  |  cache key: 53d770319aa1a9f2518febd708d2c88a
|  |  input scan node ids: 3
|  |  estimated serialized size: 55.62MB
|  |  estimated serialized size per node: 5.56MB
|  |  cumulative processing cost: 3038520751
|  |  cache read processing cost: 322947
|  |  cache write processing cost: 157464
|  |  mem-estimate=4.00MB mem-reservation=4.00MB spill-buffer=2.00MB thread-reservation=0
|  |  tuple-ids=7 row-size=20B cardinality=2.43M cost=0
|  |  in pipelines: 03(GETNEXT)
|  |
|  04:AGGREGATE [STREAMING]
|  |  output: avg(ss_list_price), count(ss_list_price)
|  |  group by: ss_list_price
|  |  mem-estimate=10.00MB mem-reservation=2.00MB spill-buffer=64.00KB thread-reservation=0
|  |  tuple-ids=7 row-size=20B cardinality=2.43M cost=319533146
|  |  in pipelines: 03(GETNEXT)
|  |
|  03:SCAN HDFS [tpcds_partitioned_parquet_snap.store_sales, RANDOM]
|     HDFS partitions=1824/1824 files=1824 size=389.90GB
|     deterministic scan range assignment: true
|     schedule scan ranges oldest to newest: true
|     predicates: ss_quantity <= CAST(10 AS INT), ss_quantity >= CAST(6 AS INT), (ss_list_price >= CAST(71 AS DECIMAL(3,0)) AND ss_list_price <= CAST(81 AS DECIMAL(5,0)) OR ss_coupon_amt >= CAST(14775 AS DECIMAL(5,0)) AND ss_coupon_amt <= CAST(15775 AS DECIMAL(10,0)) OR ss_wholesale_cost >= CAST(38 AS DECIMAL(3,0)) AND ss_wholesale_cost <= CAST(58 AS DECIMAL(5,0)))
|     stored statistics:
|       table: rows=8.64G size=389.90GB
|       partitions: 1824/1824 rows=8.64G
|       columns: all
|     extrapolated-rows=disabled max-scan-range-rows=390.22M
|     parquet statistics predicates: ss_quantity <= CAST(10 AS INT), ss_quantity >= CAST(6 AS INT)
|     parquet dictionary predicates: ss_quantity <= CAST(10 AS INT), ss_quantity >= CAST(6 AS INT)
|     mem-estimate=16.00MB mem-reservation=8.00MB thread-reservation=0
|     tuple-ids=6 row-size=16B cardinality=863.99M cost=2718987605
|     in pipelines: 03(GETNEXT)
|
26:AGGREGATE [FINALIZE]
|  output: count:merge(ss_list_price), avg:merge(ss_list_price), count:merge(ss_list_price)
|  mem-estimate=16.00KB mem-reservation=0B spill-buffer=2.00MB thread-reservation=0
|  tuple-ids=4 row-size=24B cardinality=1 cost=0
|  in pipelines: 26(GETNEXT), 02(OPEN)
|
25:EXCHANGE [UNPARTITIONED]
|  mem-estimate=16.00KB mem-reservation=0B thread-reservation=0
|  tuple-ids=3 row-size=24B cardinality=1 cost=0
|  in pipelines: 02(GETNEXT)
|
F01:PLAN FRAGMENT [HASH(ss_list_price)] hosts=10 instances=10 (adjusted from 120)
Per-Instance Resources: mem-estimate=17.45MB mem-reservation=1.94MB thread-reservation=1
max-parallelism=10 segment-costs=[1427203, 4252, 2] cpu-comparison-result=120 [max(10 (self) vs 120 (sum children))]
02:AGGREGATE
|  output: count(ss_list_price), avg:merge(ss_list_price), count:merge(ss_list_price)
|  mem-estimate=16.00KB mem-reservation=0B spill-buffer=2.00MB thread-reservation=0
|  tuple-ids=3 row-size=24B cardinality=1 cost=4252
|  in pipelines: 02(GETNEXT), 24(OPEN)
|
24:AGGREGATE
|  output: avg:merge(ss_list_price), count:merge(ss_list_price)
|  group by: ss_list_price
|  mem-estimate=10.00MB mem-reservation=1.94MB spill-buffer=64.00KB thread-reservation=0
|  tuple-ids=1 row-size=20B cardinality=20.25K cost=933670
|  in pipelines: 24(GETNEXT), 00(OPEN)
|
23:EXCHANGE [HASH(ss_list_price)]
|  mem-estimate=7.45MB mem-reservation=0B thread-reservation=0
|  tuple-ids=1 row-size=20B cardinality=2.43M cost=493533
|  in pipelines: 00(GETNEXT)
|
F00:PLAN FRAGMENT [RANDOM] hosts=10 instances=120
Per-Instance Resources: mem-estimate=30.94MB mem-reservation=14.00MB thread-reservation=1
max-parallelism=310 segment-costs=[3038520751, 4381776]
52:TUPLE CACHE
|  cache key: 45e65746b8e68950c802a21230835382
|  input scan node ids: 0
|  estimated serialized size: 55.62MB
|  estimated serialized size per node: 5.56MB
|  cumulative processing cost: 3038520751
|  cache read processing cost: 322947
|  cache write processing cost: 157464
|  mem-estimate=4.00MB mem-reservation=4.00MB spill-buffer=2.00MB thread-reservation=0
|  tuple-ids=1 row-size=20B cardinality=2.43M cost=0
|  in pipelines: 00(GETNEXT)
|
01:AGGREGATE [STREAMING]
|  output: avg(ss_list_price), count(ss_list_price)
|  group by: ss_list_price
|  mem-estimate=10.00MB mem-reservation=2.00MB spill-buffer=64.00KB thread-reservation=0
|  tuple-ids=1 row-size=20B cardinality=2.43M cost=319533146
|  in pipelines: 00(GETNEXT)
|
00:SCAN HDFS [tpcds_partitioned_parquet_snap.store_sales, RANDOM]
   HDFS partitions=1824/1824 files=1824 size=389.90GB
   deterministic scan range assignment: true
   schedule scan ranges oldest to newest: true
   predicates: ss_quantity <= CAST(5 AS INT), ss_quantity >= CAST(0 AS INT), (ss_list_price >= CAST(189 AS DECIMAL(5,0)) AND ss_list_price <= CAST(199 AS DECIMAL(10,0)) OR ss_coupon_amt >= CAST(4483 AS DECIMAL(5,0)) AND ss_coupon_amt <= CAST(5483 AS DECIMAL(10,0)) OR ss_wholesale_cost >= CAST(24 AS DECIMAL(3,0)) AND ss_wholesale_cost <= CAST(44 AS DECIMAL(5,0)))
   stored statistics:
     table: rows=8.64G size=389.90GB
     partitions: 1824/1824 rows=8.64G
     columns: all
   extrapolated-rows=disabled max-scan-range-rows=390.22M
   parquet statistics predicates: ss_quantity <= CAST(5 AS INT), ss_quantity >= CAST(0 AS INT)
   parquet dictionary predicates: ss_quantity <= CAST(5 AS INT), ss_quantity >= CAST(0 AS INT)
   mem-estimate=16.00MB mem-reservation=8.00MB thread-reservation=0
   tuple-ids=0 row-size=16B cardinality=863.99M cost=2718987605
   in pipelines: 00(GETNEXT)
====
