# TPCDS-Q10a Variant for multiple subqueries in OR predicate
# start query 10 in stream 0 using template query10a.tpl using seed 619911345
select
  cd_gender,
  cd_marital_status,
  cd_education_status,
  count(*) cnt1,
  cd_purchase_estimate,
  count(*) cnt2,
  cd_credit_rating,
  count(*) cnt3,
  cd_dep_count,
  count(*) cnt4,
  cd_dep_employed_count,
  count(*) cnt5,
  cd_dep_college_count,
  count(*) cnt6
 from
  customer c,customer_address ca,customer_demographics
 where
  c.c_current_addr_sk = ca.ca_address_sk and
  ca_county in ('Allen County','Jefferson County','Lamar County','Dakota County','Park County') and
  cd_demo_sk = c.c_current_cdemo_sk and
  exists (select *
          from store_sales,date_dim
          where c.c_customer_sk = ss_customer_sk and
                ss_sold_date_sk = d_date_sk and
                d_year = 2001 and
                d_moy between 4 and 4+3) and
   exists (select *
          from (
             select ws_bill_customer_sk as customer_sk, d_year,d_moy
             from web_sales, date_dim where ws_sold_date_sk = d_date_sk
              and d_year = 2001 and
                  d_moy between 4 and 4+3
             union all
             select cs_ship_customer_sk as customer_sk, d_year, d_moy
             from catalog_sales, date_dim where cs_sold_date_sk = d_date_sk
              and d_year = 2001 and
                  d_moy between 4 and 4+3
	     ) x
            where c.c_customer_sk = customer_sk)
 group by cd_gender,
          cd_marital_status,
          cd_education_status,
          cd_purchase_estimate,
          cd_credit_rating,
          cd_dep_count,
          cd_dep_employed_count,
          cd_dep_college_count
 order by cd_gender,
          cd_marital_status,
          cd_education_status,
          cd_purchase_estimate,
          cd_credit_rating,
          cd_dep_count,
          cd_dep_employed_count,
          cd_dep_college_count
limit 100;

# end query 10 in stream 0 using template query10a.tpl
---- PLAN
Max Per-Host Resource Reservation: Memory=142.88MB Threads=1
Per-Host Resource Estimates: Memory=1.61GB
F00:PLAN FRAGMENT [UNPARTITIONED] hosts=1 instances=1
|  Per-Instance Resources: mem-estimate=1.61GB mem-reservation=142.88MB thread-reservation=1 runtime-filters-memory=7.00MB
|  max-parallelism=1 segment-costs=[557754602, 539785936, 36647750, 848008, 1400]
PLAN-ROOT SINK
|  output exprs: cd_gender, cd_marital_status, cd_education_status, count(*), cd_purchase_estimate, count(*), cd_credit_rating, count(*), cd_dep_count, count(*), cd_dep_employed_count, count(*), cd_dep_college_count, count(*)
|  mem-estimate=4.00MB mem-reservation=4.00MB spill-buffer=2.00MB thread-reservation=0 cost=1400
|
20:TOP-N [LIMIT=100]
|  order by: cd_gender ASC, cd_marital_status ASC, cd_education_status ASC, cd_purchase_estimate ASC, cd_credit_rating ASC, cd_dep_count ASC, cd_dep_employed_count ASC, cd_dep_college_count ASC
|  mem-estimate=8.85KB mem-reservation=0B thread-reservation=0
|  tuple-ids=14 row-size=91B cardinality=100 cost=848008
|  in pipelines: 20(GETNEXT), 19(OPEN)
|
33:TUPLE CACHE
|  cache key: f99cc90b082a669cf9a7c1206a3b291a
|  input scan node ids: 7,8,10,11,3,4,2,0,1
|  estimated serialized size: 8.23MB
|  estimated serialized size per node: 843.01KB
|  cumulative processing cost: 1134188288
|  cache read processing cost: 12130
|  cache write processing cost: 23307
|  mem-estimate=4.00MB mem-reservation=4.00MB spill-buffer=2.00MB thread-reservation=0
|  tuple-ids=13 row-size=91B cardinality=91.28K cost=0
|  in pipelines: 19(GETNEXT)
|
19:AGGREGATE [FINALIZE]
|  output: count(*)
|  group by: cd_gender, cd_marital_status, cd_education_status, cd_purchase_estimate, cd_credit_rating, cd_dep_count, cd_dep_employed_count, cd_dep_college_count
|  mem-estimate=17.00MB mem-reservation=17.00MB spill-buffer=1.00MB thread-reservation=0
|  tuple-ids=13 row-size=91B cardinality=91.28K cost=538783
|  in pipelines: 19(GETNEXT), 17(OPEN)
|
32:TUPLE CACHE
|  cache key: f6232fd63fe055cd6449114c5d3ad5ca
|  input scan node ids: 7,8,10,11,3,4,2,0,1
|  estimated serialized size: 12.23MB
|  estimated serialized size per node: 1.22MB
|  cumulative processing cost: 1133649505
|  cache read processing cost: 12130
|  cache write processing cost: 34634
|  mem-estimate=4.00MB mem-reservation=4.00MB spill-buffer=2.00MB thread-reservation=0
|  tuple-ids=2,0,1 row-size=129B cardinality=91.28K cost=0
|  in pipelines: 17(GETNEXT)
|
18:HASH JOIN [RIGHT SEMI JOIN]
|  hash predicates: customer_sk = c.c_customer_sk
|  runtime filters: RF000[bloom] <- c.c_customer_sk, RF001[min_max] <- c.c_customer_sk
|  mem-estimate=17.00MB mem-reservation=17.00MB spill-buffer=1.00MB thread-reservation=0
|  tuple-ids=2,0,1 row-size=129B cardinality=91.28K cost=16852326
|  in pipelines: 17(GETNEXT), 15(OPEN)
|
|--31:TUPLE CACHE
|  |  cache key: 704568f4b2b8cde10ddf815b2034a313
|  |  input scan node ids: 3,4,2,0,1
|  |  estimated serialized size: 12.23MB
|  |  estimated serialized size per node: 1.22MB
|  |  cumulative processing cost: 577011243
|  |  cache read processing cost: 12130
|  |  cache write processing cost: 34634
|  |  mem-estimate=4.00MB mem-reservation=4.00MB spill-buffer=2.00MB thread-reservation=0
|  |  tuple-ids=2,0,1 row-size=129B cardinality=91.28K cost=0
|  |  in pipelines: 15(GETNEXT)
|  |
|  16:HASH JOIN [RIGHT SEMI JOIN]
|  |  hash predicates: tpcds_partitioned_parquet_snap.store_sales.ss_customer_sk = c.c_customer_sk
|  |  runtime filters: RF006[bloom] <- c.c_customer_sk, RF007[min_max] <- c.c_customer_sk
|  |  mem-estimate=17.00MB mem-reservation=17.00MB spill-buffer=1.00MB thread-reservation=0
|  |  tuple-ids=2,0,1 row-size=129B cardinality=91.28K cost=8490420
|  |  in pipelines: 15(GETNEXT), 02(OPEN)
|  |
|  |--30:TUPLE CACHE
|  |  |  cache key: 7f566f3b6df80c3f48c776960d0d4bf9
|  |  |  input scan node ids: 2,0,1
|  |  |  estimated serialized size: 12.23MB
|  |  |  estimated serialized size per node: 1.22MB
|  |  |  cumulative processing cost: 10766221
|  |  |  cache read processing cost: 12130
|  |  |  cache write processing cost: 34634
|  |  |  mem-estimate=4.00MB mem-reservation=4.00MB spill-buffer=2.00MB thread-reservation=0
|  |  |  tuple-ids=2,0,1 row-size=129B cardinality=91.28K cost=0
|  |  |  in pipelines: 02(GETNEXT)
|  |  |
|  |  14:HASH JOIN [INNER JOIN]
|  |  |  hash predicates: cd_demo_sk = c.c_current_cdemo_sk
|  |  |  fk/pk conjuncts: cd_demo_sk = c.c_current_cdemo_sk
|  |  |  runtime filters: RF010[bloom] <- c.c_current_cdemo_sk, RF011[min_max] <- c.c_current_cdemo_sk
|  |  |  mem-estimate=8.50MB mem-reservation=8.50MB spill-buffer=512.00KB thread-reservation=0
|  |  |  tuple-ids=2,0,1 row-size=129B cardinality=91.28K cost=132652
|  |  |  in pipelines: 02(GETNEXT), 00(OPEN)
|  |  |
|  |  |--29:TUPLE CACHE
|  |  |  |  cache key: 175cdb4f40dc67a1bf4af67fd5787294
|  |  |  |  input scan node ids: 0,1
|  |  |  |  estimated serialized size: 4.40MB
|  |  |  |  estimated serialized size per node: 450.87KB
|  |  |  |  cumulative processing cost: 9566702
|  |  |  |  cache read processing cost: 12281
|  |  |  |  cache write processing cost: 12465
|  |  |  |  mem-estimate=4.00MB mem-reservation=4.00MB spill-buffer=2.00MB thread-reservation=0
|  |  |  |  tuple-ids=0,1 row-size=42B cardinality=92.41K cost=0
|  |  |  |  in pipelines: 00(GETNEXT)
|  |  |  |
|  |  |  13:HASH JOIN [INNER JOIN]
|  |  |  |  hash predicates: c.c_current_addr_sk = ca.ca_address_sk
|  |  |  |  fk/pk conjuncts: c.c_current_addr_sk = ca.ca_address_sk
|  |  |  |  runtime filters: RF012[bloom] <- ca.ca_address_sk, RF013[min_max] <- ca.ca_address_sk
|  |  |  |  mem-estimate=2.88MB mem-reservation=2.88MB spill-buffer=128.00KB thread-reservation=0
|  |  |  |  tuple-ids=0,1 row-size=42B cardinality=92.41K cost=81543
|  |  |  |  in pipelines: 00(GETNEXT), 01(OPEN)
|  |  |  |
|  |  |  |--28:TUPLE CACHE
|  |  |  |  |  cache key: a9f415fe460a9696eb8d694cb6b75ce6
|  |  |  |  |  input scan node ids: 1
|  |  |  |  |  estimated serialized size: 1.33MB
|  |  |  |  |  estimated serialized size per node: 136.30KB
|  |  |  |  |  cumulative processing cost: 4301159
|  |  |  |  |  cache read processing cost: 5461
|  |  |  |  |  cache write processing cost: 3768
|  |  |  |  |  mem-estimate=4.00MB mem-reservation=4.00MB spill-buffer=2.00MB thread-reservation=0
|  |  |  |  |  tuple-ids=1 row-size=30B cardinality=41.10K cost=0
|  |  |  |  |  in pipelines: 01(GETNEXT)
|  |  |  |  |
|  |  |  |  01:SCAN HDFS [tpcds_partitioned_parquet_snap.customer_address ca]
|  |  |  |     HDFS partitions=1/1 files=1 size=307.36MB
|  |  |  |     deterministic scan range assignment: true
|  |  |  |     schedule scan ranges oldest to newest: true
|  |  |  |     predicates: ca_county IN ('Allen County', 'Jefferson County', 'Lamar County', 'Dakota County', 'Park County')
|  |  |  |     stored statistics:
|  |  |  |       table: rows=15.00M size=307.36MB
|  |  |  |       columns: all
|  |  |  |     extrapolated-rows=disabled max-scan-range-rows=1.58M
|  |  |  |     parquet statistics predicates: ca_county IN ('Allen County', 'Jefferson County', 'Lamar County', 'Dakota County', 'Park County')
|  |  |  |     parquet dictionary predicates: ca_county IN ('Allen County', 'Jefferson County', 'Lamar County', 'Dakota County', 'Park County')
|  |  |  |     mem-estimate=16.00MB mem-reservation=128.00KB thread-reservation=0
|  |  |  |     tuple-ids=1 row-size=30B cardinality=41.10K cost=4301159
|  |  |  |     in pipelines: 01(GETNEXT)
|  |  |  |
|  |  |  27:TUPLE CACHE
|  |  |  |  cache key: b9d569421e2d3a8e0b4c6c83c7e9d7c3
|  |  |  |  input scan node ids: 0
|  |  |  |  estimated serialized size: 1.41MB
|  |  |  |  estimated serialized size per node: 144.39KB
|  |  |  |  cumulative processing cost: 5184000
|  |  |  |  cache read processing cost: 12281
|  |  |  |  cache write processing cost: 3992
|  |  |  |  mem-estimate=4.00MB mem-reservation=4.00MB spill-buffer=2.00MB thread-reservation=0
|  |  |  |  tuple-ids=0 row-size=12B cardinality=92.41K(filtered from 30.00M) cost=0
|  |  |  |  in pipelines: 00(GETNEXT)
|  |  |  |
|  |  |  00:SCAN HDFS [tpcds_partitioned_parquet_snap.customer c]
|  |  |     HDFS partitions=1/1 files=1 size=1.55GB
|  |  |     deterministic scan range assignment: true
|  |  |     schedule scan ranges oldest to newest: true
|  |  |     runtime filters: RF013[min_max] -> c.c_current_addr_sk, RF012[bloom] -> c.c_current_addr_sk
|  |  |     stored statistics:
|  |  |       table: rows=30.00M size=1.55GB
|  |  |       columns: all
|  |  |     extrapolated-rows=disabled max-scan-range-rows=3.10M
|  |  |     mem-estimate=16.00MB mem-reservation=1.00MB thread-reservation=0
|  |  |     tuple-ids=0 row-size=12B cardinality=92.41K(filtered from 30.00M) cost=5184000
|  |  |     in pipelines: 00(GETNEXT)
|  |  |
|  |  26:TUPLE CACHE
|  |  |  cache key: dc2b14d549a3510cee38d1d83f68f69d
|  |  |  input scan node ids: 2
|  |  |  estimated serialized size: 7.98MB
|  |  |  estimated serialized size per node: 817.35KB
|  |  |  cumulative processing cost: 1066867
|  |  |  cache read processing cost: 12281
|  |  |  cache write processing cost: 22598
|  |  |  mem-estimate=4.00MB mem-reservation=4.00MB spill-buffer=2.00MB thread-reservation=0
|  |  |  tuple-ids=2 row-size=87B cardinality=92.41K(filtered from 1.92M) cost=0
|  |  |  in pipelines: 02(GETNEXT)
|  |  |
|  |  02:SCAN HDFS [tpcds_partitioned_parquet_snap.customer_demographics]
|  |     HDFS partitions=1/1 files=1 size=11.15MB
|  |     deterministic scan range assignment: true
|  |     schedule scan ranges oldest to newest: true
|  |     runtime filters: RF011[min_max] -> cd_demo_sk, RF010[bloom] -> cd_demo_sk
|  |     stored statistics:
|  |       table: rows=1.92M size=11.15MB
|  |       columns: all
|  |     extrapolated-rows=disabled max-scan-range-rows=197.97K
|  |     mem-estimate=16.00MB mem-reservation=1.00MB thread-reservation=0
|  |     tuple-ids=2 row-size=87B cardinality=92.41K(filtered from 1.92M) cost=1066867
|  |     in pipelines: 02(GETNEXT)
|  |
|  25:TUPLE CACHE
|  |  cache key: 33cb356c4f2dd17c7fe99335d29b21b8
|  |  input scan node ids: 3,4
|  |  estimated serialized size: 249.33MB
|  |  estimated serialized size per node: 24.93MB
|  |  cumulative processing cost: 557754602
|  |  cache read processing cost: 4343266
|  |  cache write processing cost: 705903
|  |  mem-estimate=4.00MB mem-reservation=4.00MB spill-buffer=2.00MB thread-reservation=0
|  |  tuple-ids=24 row-size=4B cardinality=32.68M cost=0
|  |  in pipelines: 15(GETNEXT)
|  |
|  15:AGGREGATE [FINALIZE]
|  |  group by: tpcds_partitioned_parquet_snap.store_sales.ss_customer_sk
|  |  mem-estimate=498.67MB mem-reservation=34.00MB spill-buffer=2.00MB thread-reservation=0
|  |  tuple-ids=24 row-size=4B cardinality=32.68M cost=248696023
|  |  in pipelines: 15(GETNEXT), 03(OPEN)
|  |
|  05:HASH JOIN [INNER JOIN]
|  |  hash predicates: ss_sold_date_sk = d_date_sk
|  |  fk/pk conjuncts: ss_sold_date_sk = d_date_sk
|  |  runtime filters: RF008[bloom] <- d_date_sk
|  |  mem-estimate=1.94MB mem-reservation=1.94MB spill-buffer=64.00KB thread-reservation=0
|  |  tuple-ids=3,4 row-size=20B cardinality=558.94M cost=244649546
|  |  in pipelines: 03(GETNEXT), 04(OPEN)
|  |
|  |--24:TUPLE CACHE
|  |  |  cache key: cea8e8ec10544b2b7d87a06c7b9c08da
|  |  |  input scan node ids: 4
|  |  |  estimated serialized size: 1.84KB
|  |  |  estimated serialized size per node: 1.84KB
|  |  |  cumulative processing cost: 18780
|  |  |  cache read processing cost: 15
|  |  |  cache write processing cost: 5
|  |  |  mem-estimate=4.00MB mem-reservation=4.00MB spill-buffer=2.00MB thread-reservation=0
|  |  |  tuple-ids=4 row-size=12B cardinality=118 cost=0
|  |  |  in pipelines: 04(GETNEXT)
|  |  |
|  |  04:SCAN HDFS [tpcds_partitioned_parquet_snap.date_dim]
|  |     HDFS partitions=1/1 files=1 size=2.17MB
|  |     deterministic scan range assignment: true
|  |     schedule scan ranges oldest to newest: true
|  |     predicates: d_year = CAST(2001 AS INT), d_moy <= CAST(7 AS INT), d_moy >= CAST(4 AS INT)
|  |     stored statistics:
|  |       table: rows=73.05K size=2.17MB
|  |       columns: all
|  |     extrapolated-rows=disabled max-scan-range-rows=73.05K
|  |     parquet statistics predicates: d_year = CAST(2001 AS INT), d_moy <= CAST(7 AS INT), d_moy >= CAST(4 AS INT)
|  |     parquet dictionary predicates: d_year = CAST(2001 AS INT), d_moy <= CAST(7 AS INT), d_moy >= CAST(4 AS INT)
|  |     mem-estimate=16.00MB mem-reservation=512.00KB thread-reservation=0
|  |     tuple-ids=4 row-size=12B cardinality=118 cost=18780
|  |     in pipelines: 04(GETNEXT)
|  |
|  03:SCAN HDFS [tpcds_partitioned_parquet_snap.store_sales]
|     HDFS partitions=1824/1824 files=1824 size=389.90GB
|     deterministic scan range assignment: true
|     schedule scan ranges oldest to newest: true
|     runtime filters: RF007[min_max] -> tpcds_partitioned_parquet_snap.store_sales.ss_customer_sk, RF006[bloom] -> tpcds_partitioned_parquet_snap.store_sales.ss_customer_sk, RF008[bloom] -> ss_sold_date_sk
|     stored statistics:
|       table: rows=8.64G size=389.90GB
|       partitions: 1824/1824 rows=8.64G
|       columns: all
|     extrapolated-rows=disabled max-scan-range-rows=390.22M est-scan-range=119(filtered from 1824)
|     mem-estimate=16.00MB mem-reservation=4.00MB thread-reservation=0
|     tuple-ids=3 row-size=8B cardinality=558.94M(filtered from 8.64G) cost=64390253
|     in pipelines: 03(GETNEXT)
|
23:TUPLE CACHE
|  cache key: 1100c8c10c2dce5552610b21f4903a6d
|  input scan node ids: 7,8,10,11
|  estimated serialized size: 498.05MB
|  estimated serialized size per node: 49.81MB
|  cumulative processing cost: 539785936
|  cache read processing cost: 8675809
|  cache write processing cost: 1410063
|  mem-estimate=4.00MB mem-reservation=4.00MB spill-buffer=2.00MB thread-reservation=0
|  tuple-ids=25 row-size=4B cardinality=65.28M cost=0
|  in pipelines: 17(GETNEXT)
|
17:AGGREGATE [FINALIZE]
|  group by: customer_sk
|  mem-estimate=996.10MB mem-reservation=34.00MB spill-buffer=2.00MB thread-reservation=0
|  tuple-ids=25 row-size=4B cardinality=65.28M cost=292507345
|  in pipelines: 17(GETNEXT), 07(OPEN), 10(OPEN)
|
06:UNION
|  mem-estimate=0B mem-reservation=0B thread-reservation=0
|  tuple-ids=10 row-size=4B cardinality=418.15M cost=16048406
|  in pipelines: 07(GETNEXT), 10(GETNEXT)
|
|--12:HASH JOIN [INNER JOIN]
|  |  hash predicates: cs_sold_date_sk = d_date_sk
|  |  fk/pk conjuncts: cs_sold_date_sk = d_date_sk
|  |  runtime filters: RF004[bloom] <- d_date_sk
|  |  mem-estimate=1.94MB mem-reservation=1.94MB spill-buffer=64.00KB thread-reservation=0
|  |  tuple-ids=8,9 row-size=20B cardinality=278.41M cost=121860292
|  |  in pipelines: 10(GETNEXT), 11(OPEN)
|  |
|  |--22:TUPLE CACHE
|  |  |  cache key: f76b51e3d56e81fde219afc230787634
|  |  |  input scan node ids: 11
|  |  |  estimated serialized size: 1.84KB
|  |  |  estimated serialized size per node: 1.84KB
|  |  |  cumulative processing cost: 18780
|  |  |  cache read processing cost: 15
|  |  |  cache write processing cost: 5
|  |  |  mem-estimate=4.00MB mem-reservation=4.00MB spill-buffer=2.00MB thread-reservation=0
|  |  |  tuple-ids=9 row-size=12B cardinality=118 cost=0
|  |  |  in pipelines: 11(GETNEXT)
|  |  |
|  |  11:SCAN HDFS [tpcds_partitioned_parquet_snap.date_dim]
|  |     HDFS partitions=1/1 files=1 size=2.17MB
|  |     deterministic scan range assignment: true
|  |     schedule scan ranges oldest to newest: true
|  |     predicates: d_year = CAST(2001 AS INT), d_moy <= CAST(7 AS INT), d_moy >= CAST(4 AS INT)
|  |     stored statistics:
|  |       table: rows=73.05K size=2.17MB
|  |       columns: all
|  |     extrapolated-rows=disabled max-scan-range-rows=73.05K
|  |     parquet statistics predicates: d_year = CAST(2001 AS INT), d_moy <= CAST(7 AS INT), d_moy >= CAST(4 AS INT)
|  |     parquet dictionary predicates: d_year = CAST(2001 AS INT), d_moy <= CAST(7 AS INT), d_moy >= CAST(4 AS INT)
|  |     mem-estimate=16.00MB mem-reservation=512.00KB thread-reservation=0
|  |     tuple-ids=9 row-size=12B cardinality=118 cost=18780
|  |     in pipelines: 11(GETNEXT)
|  |
|  10:SCAN HDFS [tpcds_partitioned_parquet_snap.catalog_sales]
|     HDFS partitions=1831/1831 files=1831 size=280.96GB
|     deterministic scan range assignment: true
|     schedule scan ranges oldest to newest: true
|     runtime filters: RF001[min_max] -> tpcds_partitioned_parquet_snap.catalog_sales.cs_ship_customer_sk, RF000[bloom] -> tpcds_partitioned_parquet_snap.catalog_sales.cs_ship_customer_sk, RF004[bloom] -> cs_sold_date_sk
|     stored statistics:
|       table: rows=4.32G size=280.96GB
|       partitions: 1831/1831 rows=4.32G
|       columns: all
|     extrapolated-rows=disabled max-scan-range-rows=21.52M est-scan-range=118(filtered from 1831)
|     mem-estimate=16.00MB mem-reservation=1.00MB thread-reservation=0
|     tuple-ids=8 row-size=8B cardinality=278.41M(filtered from 4.32G) cost=32072862
|     in pipelines: 10(GETNEXT)
|
09:HASH JOIN [INNER JOIN]
|  hash predicates: ws_sold_date_sk = d_date_sk
|  fk/pk conjuncts: ws_sold_date_sk = d_date_sk
|  runtime filters: RF002[bloom] <- d_date_sk
|  mem-estimate=1.94MB mem-reservation=1.94MB spill-buffer=64.00KB thread-reservation=0
|  tuple-ids=6,7 row-size=20B cardinality=139.73M cost=61162026
|  in pipelines: 07(GETNEXT), 08(OPEN)
|
|--21:TUPLE CACHE
|  |  cache key: f76b51e3d56e81fde219afc230787634
|  |  input scan node ids: 8
|  |  estimated serialized size: 1.84KB
|  |  estimated serialized size per node: 1.84KB
|  |  cumulative processing cost: 18780
|  |  cache read processing cost: 15
|  |  cache write processing cost: 5
|  |  mem-estimate=4.00MB mem-reservation=4.00MB spill-buffer=2.00MB thread-reservation=0
|  |  tuple-ids=7 row-size=12B cardinality=118 cost=0
|  |  in pipelines: 08(GETNEXT)
|  |
|  08:SCAN HDFS [tpcds_partitioned_parquet_snap.date_dim]
|     HDFS partitions=1/1 files=1 size=2.17MB
|     deterministic scan range assignment: true
|     schedule scan ranges oldest to newest: true
|     predicates: d_year = CAST(2001 AS INT), d_moy <= CAST(7 AS INT), d_moy >= CAST(4 AS INT)
|     stored statistics:
|       table: rows=73.05K size=2.17MB
|       columns: all
|     extrapolated-rows=disabled max-scan-range-rows=73.05K
|     parquet statistics predicates: d_year = CAST(2001 AS INT), d_moy <= CAST(7 AS INT), d_moy >= CAST(4 AS INT)
|     parquet dictionary predicates: d_year = CAST(2001 AS INT), d_moy <= CAST(7 AS INT), d_moy >= CAST(4 AS INT)
|     mem-estimate=16.00MB mem-reservation=512.00KB thread-reservation=0
|     tuple-ids=7 row-size=12B cardinality=118 cost=18780
|     in pipelines: 08(GETNEXT)
|
07:SCAN HDFS [tpcds_partitioned_parquet_snap.web_sales]
   HDFS partitions=1824/1824 files=1824 size=145.75GB
   deterministic scan range assignment: true
   schedule scan ranges oldest to newest: true
   runtime filters: RF001[min_max] -> tpcds_partitioned_parquet_snap.web_sales.ws_bill_customer_sk, RF000[bloom] -> tpcds_partitioned_parquet_snap.web_sales.ws_bill_customer_sk, RF002[bloom] -> ws_sold_date_sk
   stored statistics:
     table: rows=2.16G size=145.75GB
     partitions: 1824/1824 rows=2.16G
     columns: all
   extrapolated-rows=disabled max-scan-range-rows=3.37M est-scan-range=119(filtered from 1824)
   mem-estimate=16.00MB mem-reservation=128.00KB thread-reservation=0
   tuple-ids=6 row-size=8B cardinality=139.73M(filtered from 2.16G) cost=16097445
   in pipelines: 07(GETNEXT)
---- DISTRIBUTEDPLAN
Max Per-Host Resource Reservation: Memory=1.28GB Threads=49
Per-Host Resource Estimates: Memory=2.83GB
F13:PLAN FRAGMENT [UNPARTITIONED] hosts=1 instances=1
|  Per-Instance Resources: mem-estimate=4.09MB mem-reservation=4.00MB thread-reservation=1
|  max-parallelism=1 segment-costs=[1443] cpu-comparison-result=288 [max(1 (self) vs 288 (sum children))]
PLAN-ROOT SINK
|  output exprs: cd_gender, cd_marital_status, cd_education_status, count(*), cd_purchase_estimate, count(*), cd_credit_rating, count(*), cd_dep_count, count(*), cd_dep_employed_count, count(*), cd_dep_college_count, count(*)
|  mem-estimate=4.00MB mem-reservation=4.00MB spill-buffer=2.00MB thread-reservation=0 cost=1400
|
33:MERGING-EXCHANGE [UNPARTITIONED]
|  order by: cd_gender ASC, cd_marital_status ASC, cd_education_status ASC, cd_purchase_estimate ASC, cd_credit_rating ASC, cd_dep_count ASC, cd_dep_employed_count ASC, cd_dep_college_count ASC
|  limit: 100
|  mem-estimate=93.25KB mem-reservation=0B thread-reservation=0
|  tuple-ids=14 row-size=91B cardinality=100 cost=43
|  in pipelines: 20(GETNEXT)
|
F12:PLAN FRAGMENT [HASH(cd_gender,cd_marital_status,cd_education_status,cd_purchase_estimate,cd_credit_rating,cd_dep_count,cd_dep_employed_count,cd_dep_college_count)] hosts=10 instances=10 (adjusted from 120)
Per-Instance Resources: mem-estimate=14.48MB mem-reservation=1.94MB thread-reservation=1
max-parallelism=10 segment-costs=[586953, 848008, 268] cpu-comparison-result=288 [max(10 (self) vs 288 (sum children))]
20:TOP-N [LIMIT=100]
|  order by: cd_gender ASC, cd_marital_status ASC, cd_education_status ASC, cd_purchase_estimate ASC, cd_credit_rating ASC, cd_dep_count ASC, cd_dep_employed_count ASC, cd_dep_college_count ASC
|  mem-estimate=8.85KB mem-reservation=0B thread-reservation=0
|  tuple-ids=14 row-size=91B cardinality=100 cost=848008
|  in pipelines: 20(GETNEXT), 32(OPEN)
|
32:AGGREGATE [FINALIZE]
|  output: count:merge(*)
|  group by: cd_gender, cd_marital_status, cd_education_status, cd_purchase_estimate, cd_credit_rating, cd_dep_count, cd_dep_employed_count, cd_dep_college_count
|  mem-estimate=10.00MB mem-reservation=1.94MB spill-buffer=64.00KB thread-reservation=0
|  tuple-ids=13 row-size=91B cardinality=91.28K cost=538783
|  in pipelines: 32(GETNEXT), 24(OPEN)
|
31:EXCHANGE [HASH(cd_gender,cd_marital_status,cd_education_status,cd_purchase_estimate,cd_credit_rating,cd_dep_count,cd_dep_employed_count,cd_dep_college_count)]
|  mem-estimate=4.48MB mem-reservation=0B thread-reservation=0
|  tuple-ids=13 row-size=91B cardinality=91.28K cost=48170
|  in pipelines: 24(GETNEXT)
|
F05:PLAN FRAGMENT [HASH(customer_sk)] hosts=10 instances=40 (adjusted from 120)
Per-Instance Resources: mem-estimate=54.93MB mem-reservation=36.00MB thread-reservation=1
max-parallelism=40 segment-costs=[342030404, 17299830, 579439] cpu-comparison-result=288 [max(40 (self) vs 288 (sum children))]
19:AGGREGATE [STREAMING]
|  output: count(*)
|  group by: cd_gender, cd_marital_status, cd_education_status, cd_purchase_estimate, cd_credit_rating, cd_dep_count, cd_dep_employed_count, cd_dep_college_count
|  mem-estimate=10.00MB mem-reservation=2.00MB spill-buffer=64.00KB thread-reservation=0
|  tuple-ids=13 row-size=91B cardinality=91.28K cost=538783
|  in pipelines: 24(GETNEXT)
|
18:HASH JOIN [RIGHT SEMI JOIN, PARTITIONED]
|  hash-table-id=00
|  hash predicates: customer_sk = c.c_customer_sk
|  mem-estimate=0B mem-reservation=0B spill-buffer=64.00KB thread-reservation=0
|  tuple-ids=2,0,1 row-size=129B cardinality=91.28K cost=16761047
|  in pipelines: 24(GETNEXT), 27(OPEN)
|
|--F14:PLAN FRAGMENT [HASH(customer_sk)] hosts=10 instances=40 (adjusted from 120)
|  |  Per-Instance Resources: mem-estimate=210.65MB mem-reservation=36.94MB thread-reservation=1 runtime-filters-memory=1.00MB
|  |  max-parallelism=40 segment-costs=[305040980, 8490420] cpu-comparison-result=169 [max(40 (self) vs 169 (sum children))]
|  JOIN BUILD
|  |  join-table-id=00 plan-id=01 cohort-id=01
|  |  build expressions: c.c_customer_sk
|  |  runtime filters: RF000[bloom] <- c.c_customer_sk, RF001[min_max] <- c.c_customer_sk
|  |  mem-estimate=1.94MB mem-reservation=1.94MB spill-buffer=64.00KB thread-reservation=0 cost=91279
|  |
|  16:HASH JOIN [RIGHT SEMI JOIN, PARTITIONED]
|  |  hash-table-id=01
|  |  hash predicates: tpcds_partitioned_parquet_snap.store_sales.ss_customer_sk = c.c_customer_sk
|  |  mem-estimate=0B mem-reservation=0B spill-buffer=64.00KB thread-reservation=0
|  |  tuple-ids=2,0,1 row-size=129B cardinality=91.28K cost=8399141
|  |  in pipelines: 27(GETNEXT), 02(OPEN)
|  |
|  |--F15:PLAN FRAGMENT [HASH(customer_sk)] hosts=10 instances=40 (adjusted from 120)
|  |  |  Per-Instance Resources: mem-estimate=5.43MB mem-reservation=2.94MB thread-reservation=1 runtime-filters-memory=1.00MB
|  |  |  max-parallelism=40 segment-costs=[162107] cpu-comparison-result=50 [max(50 (self) vs 20 (sum children))]
|  |  JOIN BUILD
|  |  |  join-table-id=01 plan-id=02 cohort-id=02
|  |  |  build expressions: c.c_customer_sk
|  |  |  runtime filters: RF006[bloom] <- c.c_customer_sk, RF007[min_max] <- c.c_customer_sk
|  |  |  mem-estimate=1.94MB mem-reservation=1.94MB spill-buffer=64.00KB thread-reservation=0 cost=91279
|  |  |
|  |  30:EXCHANGE [HASH(c.c_customer_sk)]
|  |  |  mem-estimate=2.49MB mem-reservation=0B thread-reservation=0
|  |  |  tuple-ids=2,0,1 row-size=129B cardinality=91.28K cost=70828
|  |  |  in pipelines: 02(GETNEXT)
|  |  |
|  |  F09:PLAN FRAGMENT [RANDOM] hosts=10 instances=10
|  |  Per-Host Shared Resources: mem-estimate=1.00MB mem-reservation=1.00MB thread-reservation=0 runtime-filters-memory=1.00MB
|  |  Per-Instance Resources: mem-estimate=45.96MB mem-reservation=9.00MB thread-reservation=1
|  |  max-parallelism=10 segment-costs=[2003752]
|  |  41:TUPLE CACHE
|  |  |  cache key: 209bd9b8425eef7837523970205f87c6
|  |  |  input scan node ids: 2
|  |  |  estimated serialized size: 12.23MB
|  |  |  estimated serialized size per node: 1.22MB
|  |  |  cumulative processing cost: 10962314
|  |  |  cache read processing cost: 12130
|  |  |  cache write processing cost: 34634
|  |  |  mem-estimate=4.00MB mem-reservation=4.00MB spill-buffer=2.00MB thread-reservation=0
|  |  |  tuple-ids=2,0,1 row-size=129B cardinality=91.28K cost=0
|  |  |  in pipelines: 02(GETNEXT)
|  |  |
|  |  14:HASH JOIN [INNER JOIN, BROADCAST]
|  |  |  hash-table-id=02
|  |  |  hash predicates: cd_demo_sk = c.c_current_cdemo_sk
|  |  |  fk/pk conjuncts: cd_demo_sk = c.c_current_cdemo_sk
|  |  |  mem-estimate=0B mem-reservation=0B spill-buffer=512.00KB thread-reservation=0
|  |  |  tuple-ids=2,0,1 row-size=129B cardinality=91.28K cost=40242
|  |  |  in pipelines: 02(GETNEXT), 00(OPEN)
|  |  |
|  |  |--F16:PLAN FRAGMENT [RANDOM] hosts=10 instances=10
|  |  |  |  Per-Instance Resources: mem-estimate=13.69MB mem-reservation=9.50MB thread-reservation=1 runtime-filters-memory=1.00MB
|  |  |  |  max-parallelism=10 segment-costs=[215220] cpu-comparison-result=20 [max(20 (self) vs 20 (sum children))]
|  |  |  JOIN BUILD
|  |  |  |  join-table-id=02 plan-id=03 cohort-id=03
|  |  |  |  build expressions: c.c_current_cdemo_sk
|  |  |  |  runtime filters: RF010[bloom] <- c.c_current_cdemo_sk, RF011[min_max] <- c.c_current_cdemo_sk
|  |  |  |  mem-estimate=8.50MB mem-reservation=8.50MB spill-buffer=512.00KB thread-reservation=0 cost=92410
|  |  |  |
|  |  |  29:EXCHANGE [BROADCAST]
|  |  |  |  mem-estimate=4.19MB mem-reservation=0B thread-reservation=0
|  |  |  |  tuple-ids=0,1 row-size=42B cardinality=92.41K cost=122810
|  |  |  |  in pipelines: 00(GETNEXT)
|  |  |  |
|  |  |  F10:PLAN FRAGMENT [RANDOM] hosts=10 instances=10
|  |  |  Per-Host Shared Resources: mem-estimate=1.00MB mem-reservation=1.00MB thread-reservation=0 runtime-filters-memory=1.00MB
|  |  |  Per-Instance Resources: mem-estimate=24.20MB mem-reservation=9.00MB thread-reservation=1
|  |  |  max-parallelism=10 segment-costs=[5238908]
|  |  |  40:TUPLE CACHE
|  |  |  |  cache key: 7ac19fcdfee1ba96322a8e600bb8860d
|  |  |  |  input scan node ids: 0
|  |  |  |  estimated serialized size: 4.40MB
|  |  |  |  estimated serialized size per node: 450.87KB
|  |  |  |  cumulative processing cost: 9625524
|  |  |  |  cache read processing cost: 12281
|  |  |  |  cache write processing cost: 12465
|  |  |  |  mem-estimate=4.00MB mem-reservation=4.00MB spill-buffer=2.00MB thread-reservation=0
|  |  |  |  tuple-ids=0,1 row-size=42B cardinality=92.41K cost=0
|  |  |  |  in pipelines: 00(GETNEXT)
|  |  |  |
|  |  |  13:HASH JOIN [INNER JOIN, BROADCAST]
|  |  |  |  hash-table-id=03
|  |  |  |  hash predicates: c.c_current_addr_sk = ca.ca_address_sk
|  |  |  |  fk/pk conjuncts: c.c_current_addr_sk = ca.ca_address_sk
|  |  |  |  mem-estimate=0B mem-reservation=0B spill-buffer=128.00KB thread-reservation=0
|  |  |  |  tuple-ids=0,1 row-size=42B cardinality=92.41K cost=40447
|  |  |  |  in pipelines: 00(GETNEXT), 01(OPEN)
|  |  |  |
|  |  |  |--F17:PLAN FRAGMENT [RANDOM] hosts=10 instances=10
|  |  |  |  |  Per-Instance Resources: mem-estimate=5.38MB mem-reservation=3.88MB thread-reservation=1 runtime-filters-memory=1.00MB
|  |  |  |  |  max-parallelism=10 segment-costs=[95706]
|  |  |  |  JOIN BUILD
|  |  |  |  |  join-table-id=03 plan-id=04 cohort-id=04
|  |  |  |  |  build expressions: ca.ca_address_sk
|  |  |  |  |  runtime filters: RF012[bloom] <- ca.ca_address_sk, RF013[min_max] <- ca.ca_address_sk
|  |  |  |  |  mem-estimate=2.88MB mem-reservation=2.88MB spill-buffer=128.00KB thread-reservation=0 cost=41096
|  |  |  |  |
|  |  |  |  28:EXCHANGE [BROADCAST]
|  |  |  |  |  mem-estimate=1.51MB mem-reservation=0B thread-reservation=0
|  |  |  |  |  tuple-ids=1 row-size=30B cardinality=41.10K cost=54610
|  |  |  |  |  in pipelines: 01(GETNEXT)
|  |  |  |  |
|  |  |  |  F11:PLAN FRAGMENT [RANDOM] hosts=10 instances=10
|  |  |  |  Per-Instance Resources: mem-estimate=20.13MB mem-reservation=4.12MB thread-reservation=1
|  |  |  |  max-parallelism=10 segment-costs=[4305371]
|  |  |  |  39:TUPLE CACHE
|  |  |  |  |  cache key: a9f415fe460a9696eb8d694cb6b75ce6
|  |  |  |  |  input scan node ids: 1
|  |  |  |  |  estimated serialized size: 1.33MB
|  |  |  |  |  estimated serialized size per node: 136.30KB
|  |  |  |  |  cumulative processing cost: 4301159
|  |  |  |  |  cache read processing cost: 5461
|  |  |  |  |  cache write processing cost: 3768
|  |  |  |  |  mem-estimate=4.00MB mem-reservation=4.00MB spill-buffer=2.00MB thread-reservation=0
|  |  |  |  |  tuple-ids=1 row-size=30B cardinality=41.10K cost=0
|  |  |  |  |  in pipelines: 01(GETNEXT)
|  |  |  |  |
|  |  |  |  01:SCAN HDFS [tpcds_partitioned_parquet_snap.customer_address ca, RANDOM]
|  |  |  |     HDFS partitions=1/1 files=1 size=307.36MB
|  |  |  |     deterministic scan range assignment: true
|  |  |  |     schedule scan ranges oldest to newest: true
|  |  |  |     predicates: ca_county IN ('Allen County', 'Jefferson County', 'Lamar County', 'Dakota County', 'Park County')
|  |  |  |     stored statistics:
|  |  |  |       table: rows=15.00M size=307.36MB
|  |  |  |       columns: all
|  |  |  |     extrapolated-rows=disabled max-scan-range-rows=1.58M
|  |  |  |     parquet statistics predicates: ca_county IN ('Allen County', 'Jefferson County', 'Lamar County', 'Dakota County', 'Park County')
|  |  |  |     parquet dictionary predicates: ca_county IN ('Allen County', 'Jefferson County', 'Lamar County', 'Dakota County', 'Park County')
|  |  |  |     mem-estimate=16.00MB mem-reservation=128.00KB thread-reservation=0
|  |  |  |     tuple-ids=1 row-size=30B cardinality=41.10K cost=4301159
|  |  |  |     in pipelines: 01(GETNEXT)
|  |  |  |
|  |  |  38:TUPLE CACHE
|  |  |  |  cache key: c8bed89ce6628666d4b2562ea22aa1e9
|  |  |  |  input scan node ids: 0
|  |  |  |  estimated serialized size: 1.41MB
|  |  |  |  estimated serialized size per node: 144.39KB
|  |  |  |  cumulative processing cost: 5184000
|  |  |  |  cache read processing cost: 12281
|  |  |  |  cache write processing cost: 3992
|  |  |  |  mem-estimate=4.00MB mem-reservation=4.00MB spill-buffer=2.00MB thread-reservation=0
|  |  |  |  tuple-ids=0 row-size=12B cardinality=92.41K(filtered from 30.00M) cost=0
|  |  |  |  in pipelines: 00(GETNEXT)
|  |  |  |
|  |  |  00:SCAN HDFS [tpcds_partitioned_parquet_snap.customer c, RANDOM]
|  |  |     HDFS partitions=1/1 files=1 size=1.55GB
|  |  |     deterministic scan range assignment: true
|  |  |     schedule scan ranges oldest to newest: true
|  |  |     runtime filters: RF013[min_max] -> c.c_current_addr_sk, RF012[bloom] -> c.c_current_addr_sk
|  |  |     stored statistics:
|  |  |       table: rows=30.00M size=1.55GB
|  |  |       columns: all
|  |  |     extrapolated-rows=disabled max-scan-range-rows=3.10M
|  |  |     mem-estimate=16.00MB mem-reservation=1.00MB thread-reservation=0
|  |  |     tuple-ids=0 row-size=12B cardinality=92.41K(filtered from 30.00M) cost=5184000
|  |  |     in pipelines: 00(GETNEXT)
|  |  |
|  |  37:TUPLE CACHE
|  |  |  cache key: f4ea4bc4b97327abb9ddc3875db7f00c
|  |  |  input scan node ids: 2
|  |  |  estimated serialized size: 7.98MB
|  |  |  estimated serialized size per node: 817.35KB
|  |  |  cumulative processing cost: 1066867
|  |  |  cache read processing cost: 12281
|  |  |  cache write processing cost: 22598
|  |  |  mem-estimate=4.00MB mem-reservation=4.00MB spill-buffer=2.00MB thread-reservation=0
|  |  |  tuple-ids=2 row-size=87B cardinality=92.41K(filtered from 1.92M) cost=0
|  |  |  in pipelines: 02(GETNEXT)
|  |  |
|  |  02:SCAN HDFS [tpcds_partitioned_parquet_snap.customer_demographics, RANDOM]
|  |     HDFS partitions=1/1 files=1 size=11.15MB
|  |     deterministic scan range assignment: true
|  |     schedule scan ranges oldest to newest: true
|  |     runtime filters: RF011[min_max] -> cd_demo_sk, RF010[bloom] -> cd_demo_sk
|  |     stored statistics:
|  |       table: rows=1.92M size=11.15MB
|  |       columns: all
|  |     extrapolated-rows=disabled max-scan-range-rows=197.97K
|  |     mem-estimate=16.00MB mem-reservation=1.00MB thread-reservation=0
|  |     tuple-ids=2 row-size=87B cardinality=92.41K(filtered from 1.92M) cost=1066867
|  |     in pipelines: 02(GETNEXT)
|  |
|  27:AGGREGATE [FINALIZE]
|  |  group by: tpcds_partitioned_parquet_snap.store_sales.ss_customer_sk
|  |  mem-estimate=198.72MB mem-reservation=34.00MB spill-buffer=2.00MB thread-reservation=0
|  |  tuple-ids=24 row-size=4B cardinality=32.68M cost=237579509
|  |  in pipelines: 27(GETNEXT), 03(OPEN)
|  |
|  26:EXCHANGE [HASH(tpcds_partitioned_parquet_snap.store_sales.ss_customer_sk)]
|  |  mem-estimate=10.93MB mem-reservation=0B thread-reservation=0
|  |  tuple-ids=24 row-size=4B cardinality=520.94M cost=67461471
|  |  in pipelines: 03(GETNEXT)
|  |
|  F06:PLAN FRAGMENT [RANDOM] hosts=10 instances=119 (adjusted from 120)
|  Per-Host Shared Resources: mem-estimate=2.00MB mem-reservation=2.00MB thread-reservation=0 runtime-filters-memory=2.00MB
|  Per-Instance Resources: mem-estimate=71.00MB mem-reservation=38.00MB thread-reservation=1
|  max-parallelism=119 segment-costs=[1830720113, 402580886] cpu-comparison-result=119 [max(119 (self) vs 11 (sum children))]
|  15:AGGREGATE [STREAMING]
|  |  group by: tpcds_partitioned_parquet_snap.store_sales.ss_customer_sk
|  |  mem-estimate=53.75MB mem-reservation=34.00MB spill-buffer=2.00MB thread-reservation=0
|  |  tuple-ids=24 row-size=4B cardinality=520.94M cost=1521680432
|  |  in pipelines: 03(GETNEXT)
|  |
|  05:HASH JOIN [INNER JOIN, BROADCAST]
|  |  hash-table-id=04
|  |  hash predicates: ss_sold_date_sk = d_date_sk
|  |  fk/pk conjuncts: ss_sold_date_sk = d_date_sk
|  |  mem-estimate=0B mem-reservation=0B spill-buffer=64.00KB thread-reservation=0
|  |  tuple-ids=3,4 row-size=20B cardinality=558.94M cost=244649428
|  |  in pipelines: 03(GETNEXT), 04(OPEN)
|  |
|  |--F18:PLAN FRAGMENT [RANDOM] hosts=10 instances=10
|  |  |  Per-Instance Resources: mem-estimate=24.27MB mem-reservation=24.25MB thread-reservation=1 runtime-filters-memory=1.00MB
|  |  |  max-parallelism=10 segment-costs=[268]
|  |  JOIN BUILD
|  |  |  join-table-id=04 plan-id=05 cohort-id=02
|  |  |  build expressions: d_date_sk
|  |  |  runtime filters: RF008[bloom] <- d_date_sk
|  |  |  mem-estimate=23.25MB mem-reservation=23.25MB spill-buffer=64.00KB thread-reservation=0 cost=118
|  |  |
|  |  25:EXCHANGE [BROADCAST]
|  |  |  mem-estimate=16.00KB mem-reservation=0B thread-reservation=0
|  |  |  tuple-ids=4 row-size=12B cardinality=118 cost=150
|  |  |  in pipelines: 04(GETNEXT)
|  |  |
|  |  F07:PLAN FRAGMENT [RANDOM] hosts=1 instances=1
|  |  Per-Instance Resources: mem-estimate=20.06MB mem-reservation=4.50MB thread-reservation=1
|  |  max-parallelism=1 segment-costs=[18786]
|  |  36:TUPLE CACHE
|  |  |  cache key: cea8e8ec10544b2b7d87a06c7b9c08da
|  |  |  input scan node ids: 4
|  |  |  estimated serialized size: 1.84KB
|  |  |  estimated serialized size per node: 1.84KB
|  |  |  cumulative processing cost: 18780
|  |  |  cache read processing cost: 15
|  |  |  cache write processing cost: 5
|  |  |  mem-estimate=4.00MB mem-reservation=4.00MB spill-buffer=2.00MB thread-reservation=0
|  |  |  tuple-ids=4 row-size=12B cardinality=118 cost=0
|  |  |  in pipelines: 04(GETNEXT)
|  |  |
|  |  04:SCAN HDFS [tpcds_partitioned_parquet_snap.date_dim, RANDOM]
|  |     HDFS partitions=1/1 files=1 size=2.17MB
|  |     deterministic scan range assignment: true
|  |     schedule scan ranges oldest to newest: true
|  |     predicates: d_year = CAST(2001 AS INT), d_moy <= CAST(7 AS INT), d_moy >= CAST(4 AS INT)
|  |     stored statistics:
|  |       table: rows=73.05K size=2.17MB
|  |       columns: all
|  |     extrapolated-rows=disabled max-scan-range-rows=73.05K
|  |     parquet statistics predicates: d_year = CAST(2001 AS INT), d_moy <= CAST(7 AS INT), d_moy >= CAST(4 AS INT)
|  |     parquet dictionary predicates: d_year = CAST(2001 AS INT), d_moy <= CAST(7 AS INT), d_moy >= CAST(4 AS INT)
|  |     mem-estimate=16.00MB mem-reservation=512.00KB thread-reservation=0
|  |     tuple-ids=4 row-size=12B cardinality=118 cost=18780
|  |     in pipelines: 04(GETNEXT)
|  |
|  03:SCAN HDFS [tpcds_partitioned_parquet_snap.store_sales, RANDOM]
|     HDFS partitions=1824/1824 files=1824 size=389.90GB
|     runtime filters: RF007[min_max] -> tpcds_partitioned_parquet_snap.store_sales.ss_customer_sk, RF006[bloom] -> tpcds_partitioned_parquet_snap.store_sales.ss_customer_sk, RF008[bloom] -> ss_sold_date_sk
|     stored statistics:
|       table: rows=8.64G size=389.90GB
|       partitions: 1824/1824 rows=8.64G
|       columns: all
|     extrapolated-rows=disabled max-scan-range-rows=390.22M est-scan-range=119(filtered from 1824)
|     mem-estimate=16.00MB mem-reservation=4.00MB thread-reservation=0
|     tuple-ids=3 row-size=8B cardinality=558.94M(filtered from 8.64G) cost=64390253
|     in pipelines: 03(GETNEXT)
|
24:AGGREGATE [FINALIZE]
|  group by: customer_sk
|  mem-estimate=34.00MB mem-reservation=34.00MB spill-buffer=2.00MB thread-reservation=0
|  tuple-ids=25 row-size=4B cardinality=65.28M cost=289300434
|  in pipelines: 24(GETNEXT), 07(OPEN), 10(OPEN)
|
23:EXCHANGE [HASH(customer_sk)]
|  mem-estimate=10.93MB mem-reservation=0B thread-reservation=0
|  tuple-ids=25 row-size=4B cardinality=407.18M cost=52729970
|  in pipelines: 07(GETNEXT), 10(GETNEXT)
|
F04:PLAN FRAGMENT [RANDOM] hosts=10 instances=119 (adjusted from 120)
Per-Host Shared Resources: mem-estimate=3.00MB mem-reservation=3.00MB thread-reservation=0 runtime-filters-memory=3.00MB
Per-Instance Resources: mem-estimate=57.46MB mem-reservation=35.00MB thread-reservation=1
max-parallelism=119 segment-costs=[1431151147, 314669662] cpu-comparison-result=119 [max(119 (self) vs 22 (sum children))]
17:AGGREGATE [STREAMING]
|  group by: customer_sk
|  mem-estimate=40.21MB mem-reservation=34.00MB spill-buffer=2.00MB thread-reservation=0
|  tuple-ids=25 row-size=4B cardinality=407.18M cost=1183910352
|  in pipelines: 07(GETNEXT), 10(GETNEXT)
|
06:UNION
|  mem-estimate=0B mem-reservation=0B thread-reservation=0
|  tuple-ids=10 row-size=4B cardinality=418.15M cost=16048406
|  in pipelines: 07(GETNEXT), 10(GETNEXT)
|
|--12:HASH JOIN [INNER JOIN, BROADCAST]
|  |  hash-table-id=06
|  |  hash predicates: cs_sold_date_sk = d_date_sk
|  |  fk/pk conjuncts: cs_sold_date_sk = d_date_sk
|  |  mem-estimate=0B mem-reservation=0B spill-buffer=64.00KB thread-reservation=0
|  |  tuple-ids=8,9 row-size=20B cardinality=278.41M cost=121860174
|  |  in pipelines: 10(GETNEXT), 11(OPEN)
|  |
|  |--F20:PLAN FRAGMENT [RANDOM] hosts=10 instances=10
|  |  |  Per-Instance Resources: mem-estimate=24.27MB mem-reservation=24.25MB thread-reservation=1 runtime-filters-memory=1.00MB
|  |  |  max-parallelism=10 segment-costs=[268]
|  |  JOIN BUILD
|  |  |  join-table-id=06 plan-id=07 cohort-id=01
|  |  |  build expressions: d_date_sk
|  |  |  runtime filters: RF004[bloom] <- d_date_sk
|  |  |  mem-estimate=23.25MB mem-reservation=23.25MB spill-buffer=64.00KB thread-reservation=0 cost=118
|  |  |
|  |  22:EXCHANGE [BROADCAST]
|  |  |  mem-estimate=16.00KB mem-reservation=0B thread-reservation=0
|  |  |  tuple-ids=9 row-size=12B cardinality=118 cost=150
|  |  |  in pipelines: 11(GETNEXT)
|  |  |
|  |  F03:PLAN FRAGMENT [RANDOM] hosts=1 instances=1
|  |  Per-Instance Resources: mem-estimate=20.06MB mem-reservation=4.50MB thread-reservation=1
|  |  max-parallelism=1 segment-costs=[18786]
|  |  35:TUPLE CACHE
|  |  |  cache key: f76b51e3d56e81fde219afc230787634
|  |  |  input scan node ids: 11
|  |  |  estimated serialized size: 1.84KB
|  |  |  estimated serialized size per node: 1.84KB
|  |  |  cumulative processing cost: 18780
|  |  |  cache read processing cost: 15
|  |  |  cache write processing cost: 5
|  |  |  mem-estimate=4.00MB mem-reservation=4.00MB spill-buffer=2.00MB thread-reservation=0
|  |  |  tuple-ids=9 row-size=12B cardinality=118 cost=0
|  |  |  in pipelines: 11(GETNEXT)
|  |  |
|  |  11:SCAN HDFS [tpcds_partitioned_parquet_snap.date_dim, RANDOM]
|  |     HDFS partitions=1/1 files=1 size=2.17MB
|  |     deterministic scan range assignment: true
|  |     schedule scan ranges oldest to newest: true
|  |     predicates: d_year = CAST(2001 AS INT), d_moy <= CAST(7 AS INT), d_moy >= CAST(4 AS INT)
|  |     stored statistics:
|  |       table: rows=73.05K size=2.17MB
|  |       columns: all
|  |     extrapolated-rows=disabled max-scan-range-rows=73.05K
|  |     parquet statistics predicates: d_year = CAST(2001 AS INT), d_moy <= CAST(7 AS INT), d_moy >= CAST(4 AS INT)
|  |     parquet dictionary predicates: d_year = CAST(2001 AS INT), d_moy <= CAST(7 AS INT), d_moy >= CAST(4 AS INT)
|  |     mem-estimate=16.00MB mem-reservation=512.00KB thread-reservation=0
|  |     tuple-ids=9 row-size=12B cardinality=118 cost=18780
|  |     in pipelines: 11(GETNEXT)
|  |
|  10:SCAN HDFS [tpcds_partitioned_parquet_snap.catalog_sales, RANDOM]
|     HDFS partitions=1831/1831 files=1831 size=280.96GB
|     runtime filters: RF001[min_max] -> tpcds_partitioned_parquet_snap.catalog_sales.cs_ship_customer_sk, RF000[bloom] -> tpcds_partitioned_parquet_snap.catalog_sales.cs_ship_customer_sk, RF004[bloom] -> cs_sold_date_sk
|     stored statistics:
|       table: rows=4.32G size=280.96GB
|       partitions: 1831/1831 rows=4.32G
|       columns: all
|     extrapolated-rows=disabled max-scan-range-rows=21.52M est-scan-range=118(filtered from 1831)
|     mem-estimate=16.00MB mem-reservation=1.00MB thread-reservation=0
|     tuple-ids=8 row-size=8B cardinality=278.41M(filtered from 4.32G) cost=32072862
|     in pipelines: 10(GETNEXT)
|
09:HASH JOIN [INNER JOIN, BROADCAST]
|  hash-table-id=05
|  hash predicates: ws_sold_date_sk = d_date_sk
|  fk/pk conjuncts: ws_sold_date_sk = d_date_sk
|  mem-estimate=0B mem-reservation=0B spill-buffer=64.00KB thread-reservation=0
|  tuple-ids=6,7 row-size=20B cardinality=139.73M cost=61161908
|  in pipelines: 07(GETNEXT), 08(OPEN)
|
|--F19:PLAN FRAGMENT [RANDOM] hosts=10 instances=10
|  |  Per-Instance Resources: mem-estimate=24.27MB mem-reservation=24.25MB thread-reservation=1 runtime-filters-memory=1.00MB
|  |  max-parallelism=10 segment-costs=[268]
|  JOIN BUILD
|  |  join-table-id=05 plan-id=06 cohort-id=01
|  |  build expressions: d_date_sk
|  |  runtime filters: RF002[bloom] <- d_date_sk
|  |  mem-estimate=23.25MB mem-reservation=23.25MB spill-buffer=64.00KB thread-reservation=0 cost=118
|  |
|  21:EXCHANGE [BROADCAST]
|  |  mem-estimate=16.00KB mem-reservation=0B thread-reservation=0
|  |  tuple-ids=7 row-size=12B cardinality=118 cost=150
|  |  in pipelines: 08(GETNEXT)
|  |
|  F01:PLAN FRAGMENT [RANDOM] hosts=1 instances=1
|  Per-Instance Resources: mem-estimate=20.06MB mem-reservation=4.50MB thread-reservation=1
|  max-parallelism=1 segment-costs=[18786]
|  34:TUPLE CACHE
|  |  cache key: f76b51e3d56e81fde219afc230787634
|  |  input scan node ids: 8
|  |  estimated serialized size: 1.84KB
|  |  estimated serialized size per node: 1.84KB
|  |  cumulative processing cost: 18780
|  |  cache read processing cost: 15
|  |  cache write processing cost: 5
|  |  mem-estimate=4.00MB mem-reservation=4.00MB spill-buffer=2.00MB thread-reservation=0
|  |  tuple-ids=7 row-size=12B cardinality=118 cost=0
|  |  in pipelines: 08(GETNEXT)
|  |
|  08:SCAN HDFS [tpcds_partitioned_parquet_snap.date_dim, RANDOM]
|     HDFS partitions=1/1 files=1 size=2.17MB
|     deterministic scan range assignment: true
|     schedule scan ranges oldest to newest: true
|     predicates: d_year = CAST(2001 AS INT), d_moy <= CAST(7 AS INT), d_moy >= CAST(4 AS INT)
|     stored statistics:
|       table: rows=73.05K size=2.17MB
|       columns: all
|     extrapolated-rows=disabled max-scan-range-rows=73.05K
|     parquet statistics predicates: d_year = CAST(2001 AS INT), d_moy <= CAST(7 AS INT), d_moy >= CAST(4 AS INT)
|     parquet dictionary predicates: d_year = CAST(2001 AS INT), d_moy <= CAST(7 AS INT), d_moy >= CAST(4 AS INT)
|     mem-estimate=16.00MB mem-reservation=512.00KB thread-reservation=0
|     tuple-ids=7 row-size=12B cardinality=118 cost=18780
|     in pipelines: 08(GETNEXT)
|
07:SCAN HDFS [tpcds_partitioned_parquet_snap.web_sales, RANDOM]
   HDFS partitions=1824/1824 files=1824 size=145.75GB
   runtime filters: RF001[min_max] -> tpcds_partitioned_parquet_snap.web_sales.ws_bill_customer_sk, RF000[bloom] -> tpcds_partitioned_parquet_snap.web_sales.ws_bill_customer_sk, RF002[bloom] -> ws_sold_date_sk
   stored statistics:
     table: rows=2.16G size=145.75GB
     partitions: 1824/1824 rows=2.16G
     columns: all
   extrapolated-rows=disabled max-scan-range-rows=3.37M est-scan-range=119(filtered from 1824)
   mem-estimate=16.00MB mem-reservation=128.00KB thread-reservation=0
   tuple-ids=6 row-size=8B cardinality=139.73M(filtered from 2.16G) cost=16097445
   in pipelines: 07(GETNEXT)
---- PARALLELPLANS
Max Per-Host Resource Reservation: Memory=1.28GB Threads=49
Per-Host Resource Estimates: Memory=2.83GB
F13:PLAN FRAGMENT [UNPARTITIONED] hosts=1 instances=1
|  Per-Instance Resources: mem-estimate=4.09MB mem-reservation=4.00MB thread-reservation=1
|  max-parallelism=1 segment-costs=[1443] cpu-comparison-result=288 [max(1 (self) vs 288 (sum children))]
PLAN-ROOT SINK
|  output exprs: cd_gender, cd_marital_status, cd_education_status, count(*), cd_purchase_estimate, count(*), cd_credit_rating, count(*), cd_dep_count, count(*), cd_dep_employed_count, count(*), cd_dep_college_count, count(*)
|  mem-estimate=4.00MB mem-reservation=4.00MB spill-buffer=2.00MB thread-reservation=0 cost=1400
|
33:MERGING-EXCHANGE [UNPARTITIONED]
|  order by: cd_gender ASC, cd_marital_status ASC, cd_education_status ASC, cd_purchase_estimate ASC, cd_credit_rating ASC, cd_dep_count ASC, cd_dep_employed_count ASC, cd_dep_college_count ASC
|  limit: 100
|  mem-estimate=93.25KB mem-reservation=0B thread-reservation=0
|  tuple-ids=14 row-size=91B cardinality=100 cost=43
|  in pipelines: 20(GETNEXT)
|
F12:PLAN FRAGMENT [HASH(cd_gender,cd_marital_status,cd_education_status,cd_purchase_estimate,cd_credit_rating,cd_dep_count,cd_dep_employed_count,cd_dep_college_count)] hosts=10 instances=10 (adjusted from 120)
Per-Instance Resources: mem-estimate=14.48MB mem-reservation=1.94MB thread-reservation=1
max-parallelism=10 segment-costs=[586953, 848008, 268] cpu-comparison-result=288 [max(10 (self) vs 288 (sum children))]
20:TOP-N [LIMIT=100]
|  order by: cd_gender ASC, cd_marital_status ASC, cd_education_status ASC, cd_purchase_estimate ASC, cd_credit_rating ASC, cd_dep_count ASC, cd_dep_employed_count ASC, cd_dep_college_count ASC
|  mem-estimate=8.85KB mem-reservation=0B thread-reservation=0
|  tuple-ids=14 row-size=91B cardinality=100 cost=848008
|  in pipelines: 20(GETNEXT), 32(OPEN)
|
32:AGGREGATE [FINALIZE]
|  output: count:merge(*)
|  group by: cd_gender, cd_marital_status, cd_education_status, cd_purchase_estimate, cd_credit_rating, cd_dep_count, cd_dep_employed_count, cd_dep_college_count
|  mem-estimate=10.00MB mem-reservation=1.94MB spill-buffer=64.00KB thread-reservation=0
|  tuple-ids=13 row-size=91B cardinality=91.28K cost=538783
|  in pipelines: 32(GETNEXT), 24(OPEN)
|
31:EXCHANGE [HASH(cd_gender,cd_marital_status,cd_education_status,cd_purchase_estimate,cd_credit_rating,cd_dep_count,cd_dep_employed_count,cd_dep_college_count)]
|  mem-estimate=4.48MB mem-reservation=0B thread-reservation=0
|  tuple-ids=13 row-size=91B cardinality=91.28K cost=48170
|  in pipelines: 24(GETNEXT)
|
F05:PLAN FRAGMENT [HASH(customer_sk)] hosts=10 instances=40 (adjusted from 120)
Per-Instance Resources: mem-estimate=54.93MB mem-reservation=36.00MB thread-reservation=1
max-parallelism=40 segment-costs=[342030404, 17299830, 579439] cpu-comparison-result=288 [max(40 (self) vs 288 (sum children))]
19:AGGREGATE [STREAMING]
|  output: count(*)
|  group by: cd_gender, cd_marital_status, cd_education_status, cd_purchase_estimate, cd_credit_rating, cd_dep_count, cd_dep_employed_count, cd_dep_college_count
|  mem-estimate=10.00MB mem-reservation=2.00MB spill-buffer=64.00KB thread-reservation=0
|  tuple-ids=13 row-size=91B cardinality=91.28K cost=538783
|  in pipelines: 24(GETNEXT)
|
18:HASH JOIN [RIGHT SEMI JOIN, PARTITIONED]
|  hash-table-id=00
|  hash predicates: customer_sk = c.c_customer_sk
|  mem-estimate=0B mem-reservation=0B spill-buffer=64.00KB thread-reservation=0
|  tuple-ids=2,0,1 row-size=129B cardinality=91.28K cost=16761047
|  in pipelines: 24(GETNEXT), 27(OPEN)
|
|--F14:PLAN FRAGMENT [HASH(customer_sk)] hosts=10 instances=40 (adjusted from 120)
|  |  Per-Instance Resources: mem-estimate=210.65MB mem-reservation=36.94MB thread-reservation=1 runtime-filters-memory=1.00MB
|  |  max-parallelism=40 segment-costs=[305040980, 8490420] cpu-comparison-result=169 [max(40 (self) vs 169 (sum children))]
|  JOIN BUILD
|  |  join-table-id=00 plan-id=01 cohort-id=01
|  |  build expressions: c.c_customer_sk
|  |  runtime filters: RF000[bloom] <- c.c_customer_sk, RF001[min_max] <- c.c_customer_sk
|  |  mem-estimate=1.94MB mem-reservation=1.94MB spill-buffer=64.00KB thread-reservation=0 cost=91279
|  |
|  16:HASH JOIN [RIGHT SEMI JOIN, PARTITIONED]
|  |  hash-table-id=01
|  |  hash predicates: tpcds_partitioned_parquet_snap.store_sales.ss_customer_sk = c.c_customer_sk
|  |  mem-estimate=0B mem-reservation=0B spill-buffer=64.00KB thread-reservation=0
|  |  tuple-ids=2,0,1 row-size=129B cardinality=91.28K cost=8399141
|  |  in pipelines: 27(GETNEXT), 02(OPEN)
|  |
|  |--F15:PLAN FRAGMENT [HASH(customer_sk)] hosts=10 instances=40 (adjusted from 120)
|  |  |  Per-Instance Resources: mem-estimate=5.43MB mem-reservation=2.94MB thread-reservation=1 runtime-filters-memory=1.00MB
|  |  |  max-parallelism=40 segment-costs=[162107] cpu-comparison-result=50 [max(50 (self) vs 20 (sum children))]
|  |  JOIN BUILD
|  |  |  join-table-id=01 plan-id=02 cohort-id=02
|  |  |  build expressions: c.c_customer_sk
|  |  |  runtime filters: RF006[bloom] <- c.c_customer_sk, RF007[min_max] <- c.c_customer_sk
|  |  |  mem-estimate=1.94MB mem-reservation=1.94MB spill-buffer=64.00KB thread-reservation=0 cost=91279
|  |  |
|  |  30:EXCHANGE [HASH(c.c_customer_sk)]
|  |  |  mem-estimate=2.49MB mem-reservation=0B thread-reservation=0
|  |  |  tuple-ids=2,0,1 row-size=129B cardinality=91.28K cost=70828
|  |  |  in pipelines: 02(GETNEXT)
|  |  |
|  |  F09:PLAN FRAGMENT [RANDOM] hosts=10 instances=10
|  |  Per-Host Shared Resources: mem-estimate=1.00MB mem-reservation=1.00MB thread-reservation=0 runtime-filters-memory=1.00MB
|  |  Per-Instance Resources: mem-estimate=45.96MB mem-reservation=9.00MB thread-reservation=1
|  |  max-parallelism=10 segment-costs=[2003752]
|  |  41:TUPLE CACHE
|  |  |  cache key: 209bd9b8425eef7837523970205f87c6
|  |  |  input scan node ids: 2
|  |  |  estimated serialized size: 12.23MB
|  |  |  estimated serialized size per node: 1.22MB
|  |  |  cumulative processing cost: 10962314
|  |  |  cache read processing cost: 12130
|  |  |  cache write processing cost: 34634
|  |  |  mem-estimate=4.00MB mem-reservation=4.00MB spill-buffer=2.00MB thread-reservation=0
|  |  |  tuple-ids=2,0,1 row-size=129B cardinality=91.28K cost=0
|  |  |  in pipelines: 02(GETNEXT)
|  |  |
|  |  14:HASH JOIN [INNER JOIN, BROADCAST]
|  |  |  hash-table-id=02
|  |  |  hash predicates: cd_demo_sk = c.c_current_cdemo_sk
|  |  |  fk/pk conjuncts: cd_demo_sk = c.c_current_cdemo_sk
|  |  |  mem-estimate=0B mem-reservation=0B spill-buffer=512.00KB thread-reservation=0
|  |  |  tuple-ids=2,0,1 row-size=129B cardinality=91.28K cost=40242
|  |  |  in pipelines: 02(GETNEXT), 00(OPEN)
|  |  |
|  |  |--F16:PLAN FRAGMENT [RANDOM] hosts=10 instances=10
|  |  |  |  Per-Instance Resources: mem-estimate=13.69MB mem-reservation=9.50MB thread-reservation=1 runtime-filters-memory=1.00MB
|  |  |  |  max-parallelism=10 segment-costs=[215220] cpu-comparison-result=20 [max(20 (self) vs 20 (sum children))]
|  |  |  JOIN BUILD
|  |  |  |  join-table-id=02 plan-id=03 cohort-id=03
|  |  |  |  build expressions: c.c_current_cdemo_sk
|  |  |  |  runtime filters: RF010[bloom] <- c.c_current_cdemo_sk, RF011[min_max] <- c.c_current_cdemo_sk
|  |  |  |  mem-estimate=8.50MB mem-reservation=8.50MB spill-buffer=512.00KB thread-reservation=0 cost=92410
|  |  |  |
|  |  |  29:EXCHANGE [BROADCAST]
|  |  |  |  mem-estimate=4.19MB mem-reservation=0B thread-reservation=0
|  |  |  |  tuple-ids=0,1 row-size=42B cardinality=92.41K cost=122810
|  |  |  |  in pipelines: 00(GETNEXT)
|  |  |  |
|  |  |  F10:PLAN FRAGMENT [RANDOM] hosts=10 instances=10
|  |  |  Per-Host Shared Resources: mem-estimate=1.00MB mem-reservation=1.00MB thread-reservation=0 runtime-filters-memory=1.00MB
|  |  |  Per-Instance Resources: mem-estimate=24.20MB mem-reservation=9.00MB thread-reservation=1
|  |  |  max-parallelism=10 segment-costs=[5238908]
|  |  |  40:TUPLE CACHE
|  |  |  |  cache key: 7ac19fcdfee1ba96322a8e600bb8860d
|  |  |  |  input scan node ids: 0
|  |  |  |  estimated serialized size: 4.40MB
|  |  |  |  estimated serialized size per node: 450.87KB
|  |  |  |  cumulative processing cost: 9625524
|  |  |  |  cache read processing cost: 12281
|  |  |  |  cache write processing cost: 12465
|  |  |  |  mem-estimate=4.00MB mem-reservation=4.00MB spill-buffer=2.00MB thread-reservation=0
|  |  |  |  tuple-ids=0,1 row-size=42B cardinality=92.41K cost=0
|  |  |  |  in pipelines: 00(GETNEXT)
|  |  |  |
|  |  |  13:HASH JOIN [INNER JOIN, BROADCAST]
|  |  |  |  hash-table-id=03
|  |  |  |  hash predicates: c.c_current_addr_sk = ca.ca_address_sk
|  |  |  |  fk/pk conjuncts: c.c_current_addr_sk = ca.ca_address_sk
|  |  |  |  mem-estimate=0B mem-reservation=0B spill-buffer=128.00KB thread-reservation=0
|  |  |  |  tuple-ids=0,1 row-size=42B cardinality=92.41K cost=40447
|  |  |  |  in pipelines: 00(GETNEXT), 01(OPEN)
|  |  |  |
|  |  |  |--F17:PLAN FRAGMENT [RANDOM] hosts=10 instances=10
|  |  |  |  |  Per-Instance Resources: mem-estimate=5.38MB mem-reservation=3.88MB thread-reservation=1 runtime-filters-memory=1.00MB
|  |  |  |  |  max-parallelism=10 segment-costs=[95706]
|  |  |  |  JOIN BUILD
|  |  |  |  |  join-table-id=03 plan-id=04 cohort-id=04
|  |  |  |  |  build expressions: ca.ca_address_sk
|  |  |  |  |  runtime filters: RF012[bloom] <- ca.ca_address_sk, RF013[min_max] <- ca.ca_address_sk
|  |  |  |  |  mem-estimate=2.88MB mem-reservation=2.88MB spill-buffer=128.00KB thread-reservation=0 cost=41096
|  |  |  |  |
|  |  |  |  28:EXCHANGE [BROADCAST]
|  |  |  |  |  mem-estimate=1.51MB mem-reservation=0B thread-reservation=0
|  |  |  |  |  tuple-ids=1 row-size=30B cardinality=41.10K cost=54610
|  |  |  |  |  in pipelines: 01(GETNEXT)
|  |  |  |  |
|  |  |  |  F11:PLAN FRAGMENT [RANDOM] hosts=10 instances=10
|  |  |  |  Per-Instance Resources: mem-estimate=20.13MB mem-reservation=4.12MB thread-reservation=1
|  |  |  |  max-parallelism=10 segment-costs=[4305371]
|  |  |  |  39:TUPLE CACHE
|  |  |  |  |  cache key: a9f415fe460a9696eb8d694cb6b75ce6
|  |  |  |  |  input scan node ids: 1
|  |  |  |  |  estimated serialized size: 1.33MB
|  |  |  |  |  estimated serialized size per node: 136.30KB
|  |  |  |  |  cumulative processing cost: 4301159
|  |  |  |  |  cache read processing cost: 5461
|  |  |  |  |  cache write processing cost: 3768
|  |  |  |  |  mem-estimate=4.00MB mem-reservation=4.00MB spill-buffer=2.00MB thread-reservation=0
|  |  |  |  |  tuple-ids=1 row-size=30B cardinality=41.10K cost=0
|  |  |  |  |  in pipelines: 01(GETNEXT)
|  |  |  |  |
|  |  |  |  01:SCAN HDFS [tpcds_partitioned_parquet_snap.customer_address ca, RANDOM]
|  |  |  |     HDFS partitions=1/1 files=1 size=307.36MB
|  |  |  |     deterministic scan range assignment: true
|  |  |  |     schedule scan ranges oldest to newest: true
|  |  |  |     predicates: ca_county IN ('Allen County', 'Jefferson County', 'Lamar County', 'Dakota County', 'Park County')
|  |  |  |     stored statistics:
|  |  |  |       table: rows=15.00M size=307.36MB
|  |  |  |       columns: all
|  |  |  |     extrapolated-rows=disabled max-scan-range-rows=1.58M
|  |  |  |     parquet statistics predicates: ca_county IN ('Allen County', 'Jefferson County', 'Lamar County', 'Dakota County', 'Park County')
|  |  |  |     parquet dictionary predicates: ca_county IN ('Allen County', 'Jefferson County', 'Lamar County', 'Dakota County', 'Park County')
|  |  |  |     mem-estimate=16.00MB mem-reservation=128.00KB thread-reservation=0
|  |  |  |     tuple-ids=1 row-size=30B cardinality=41.10K cost=4301159
|  |  |  |     in pipelines: 01(GETNEXT)
|  |  |  |
|  |  |  38:TUPLE CACHE
|  |  |  |  cache key: c8bed89ce6628666d4b2562ea22aa1e9
|  |  |  |  input scan node ids: 0
|  |  |  |  estimated serialized size: 1.41MB
|  |  |  |  estimated serialized size per node: 144.39KB
|  |  |  |  cumulative processing cost: 5184000
|  |  |  |  cache read processing cost: 12281
|  |  |  |  cache write processing cost: 3992
|  |  |  |  mem-estimate=4.00MB mem-reservation=4.00MB spill-buffer=2.00MB thread-reservation=0
|  |  |  |  tuple-ids=0 row-size=12B cardinality=92.41K(filtered from 30.00M) cost=0
|  |  |  |  in pipelines: 00(GETNEXT)
|  |  |  |
|  |  |  00:SCAN HDFS [tpcds_partitioned_parquet_snap.customer c, RANDOM]
|  |  |     HDFS partitions=1/1 files=1 size=1.55GB
|  |  |     deterministic scan range assignment: true
|  |  |     schedule scan ranges oldest to newest: true
|  |  |     runtime filters: RF013[min_max] -> c.c_current_addr_sk, RF012[bloom] -> c.c_current_addr_sk
|  |  |     stored statistics:
|  |  |       table: rows=30.00M size=1.55GB
|  |  |       columns: all
|  |  |     extrapolated-rows=disabled max-scan-range-rows=3.10M
|  |  |     mem-estimate=16.00MB mem-reservation=1.00MB thread-reservation=0
|  |  |     tuple-ids=0 row-size=12B cardinality=92.41K(filtered from 30.00M) cost=5184000
|  |  |     in pipelines: 00(GETNEXT)
|  |  |
|  |  37:TUPLE CACHE
|  |  |  cache key: f4ea4bc4b97327abb9ddc3875db7f00c
|  |  |  input scan node ids: 2
|  |  |  estimated serialized size: 7.98MB
|  |  |  estimated serialized size per node: 817.35KB
|  |  |  cumulative processing cost: 1066867
|  |  |  cache read processing cost: 12281
|  |  |  cache write processing cost: 22598
|  |  |  mem-estimate=4.00MB mem-reservation=4.00MB spill-buffer=2.00MB thread-reservation=0
|  |  |  tuple-ids=2 row-size=87B cardinality=92.41K(filtered from 1.92M) cost=0
|  |  |  in pipelines: 02(GETNEXT)
|  |  |
|  |  02:SCAN HDFS [tpcds_partitioned_parquet_snap.customer_demographics, RANDOM]
|  |     HDFS partitions=1/1 files=1 size=11.15MB
|  |     deterministic scan range assignment: true
|  |     schedule scan ranges oldest to newest: true
|  |     runtime filters: RF011[min_max] -> cd_demo_sk, RF010[bloom] -> cd_demo_sk
|  |     stored statistics:
|  |       table: rows=1.92M size=11.15MB
|  |       columns: all
|  |     extrapolated-rows=disabled max-scan-range-rows=197.97K
|  |     mem-estimate=16.00MB mem-reservation=1.00MB thread-reservation=0
|  |     tuple-ids=2 row-size=87B cardinality=92.41K(filtered from 1.92M) cost=1066867
|  |     in pipelines: 02(GETNEXT)
|  |
|  27:AGGREGATE [FINALIZE]
|  |  group by: tpcds_partitioned_parquet_snap.store_sales.ss_customer_sk
|  |  mem-estimate=198.72MB mem-reservation=34.00MB spill-buffer=2.00MB thread-reservation=0
|  |  tuple-ids=24 row-size=4B cardinality=32.68M cost=237579509
|  |  in pipelines: 27(GETNEXT), 03(OPEN)
|  |
|  26:EXCHANGE [HASH(tpcds_partitioned_parquet_snap.store_sales.ss_customer_sk)]
|  |  mem-estimate=10.93MB mem-reservation=0B thread-reservation=0
|  |  tuple-ids=24 row-size=4B cardinality=520.94M cost=67461471
|  |  in pipelines: 03(GETNEXT)
|  |
|  F06:PLAN FRAGMENT [RANDOM] hosts=10 instances=119 (adjusted from 120)
|  Per-Host Shared Resources: mem-estimate=2.00MB mem-reservation=2.00MB thread-reservation=0 runtime-filters-memory=2.00MB
|  Per-Instance Resources: mem-estimate=71.00MB mem-reservation=38.00MB thread-reservation=1
|  max-parallelism=119 segment-costs=[1830720113, 402580886] cpu-comparison-result=119 [max(119 (self) vs 11 (sum children))]
|  15:AGGREGATE [STREAMING]
|  |  group by: tpcds_partitioned_parquet_snap.store_sales.ss_customer_sk
|  |  mem-estimate=53.75MB mem-reservation=34.00MB spill-buffer=2.00MB thread-reservation=0
|  |  tuple-ids=24 row-size=4B cardinality=520.94M cost=1521680432
|  |  in pipelines: 03(GETNEXT)
|  |
|  05:HASH JOIN [INNER JOIN, BROADCAST]
|  |  hash-table-id=04
|  |  hash predicates: ss_sold_date_sk = d_date_sk
|  |  fk/pk conjuncts: ss_sold_date_sk = d_date_sk
|  |  mem-estimate=0B mem-reservation=0B spill-buffer=64.00KB thread-reservation=0
|  |  tuple-ids=3,4 row-size=20B cardinality=558.94M cost=244649428
|  |  in pipelines: 03(GETNEXT), 04(OPEN)
|  |
|  |--F18:PLAN FRAGMENT [RANDOM] hosts=10 instances=10
|  |  |  Per-Instance Resources: mem-estimate=24.27MB mem-reservation=24.25MB thread-reservation=1 runtime-filters-memory=1.00MB
|  |  |  max-parallelism=10 segment-costs=[268]
|  |  JOIN BUILD
|  |  |  join-table-id=04 plan-id=05 cohort-id=02
|  |  |  build expressions: d_date_sk
|  |  |  runtime filters: RF008[bloom] <- d_date_sk
|  |  |  mem-estimate=23.25MB mem-reservation=23.25MB spill-buffer=64.00KB thread-reservation=0 cost=118
|  |  |
|  |  25:EXCHANGE [BROADCAST]
|  |  |  mem-estimate=16.00KB mem-reservation=0B thread-reservation=0
|  |  |  tuple-ids=4 row-size=12B cardinality=118 cost=150
|  |  |  in pipelines: 04(GETNEXT)
|  |  |
|  |  F07:PLAN FRAGMENT [RANDOM] hosts=1 instances=1
|  |  Per-Instance Resources: mem-estimate=20.06MB mem-reservation=4.50MB thread-reservation=1
|  |  max-parallelism=1 segment-costs=[18786]
|  |  36:TUPLE CACHE
|  |  |  cache key: cea8e8ec10544b2b7d87a06c7b9c08da
|  |  |  input scan node ids: 4
|  |  |  estimated serialized size: 1.84KB
|  |  |  estimated serialized size per node: 1.84KB
|  |  |  cumulative processing cost: 18780
|  |  |  cache read processing cost: 15
|  |  |  cache write processing cost: 5
|  |  |  mem-estimate=4.00MB mem-reservation=4.00MB spill-buffer=2.00MB thread-reservation=0
|  |  |  tuple-ids=4 row-size=12B cardinality=118 cost=0
|  |  |  in pipelines: 04(GETNEXT)
|  |  |
|  |  04:SCAN HDFS [tpcds_partitioned_parquet_snap.date_dim, RANDOM]
|  |     HDFS partitions=1/1 files=1 size=2.17MB
|  |     deterministic scan range assignment: true
|  |     schedule scan ranges oldest to newest: true
|  |     predicates: d_year = CAST(2001 AS INT), d_moy <= CAST(7 AS INT), d_moy >= CAST(4 AS INT)
|  |     stored statistics:
|  |       table: rows=73.05K size=2.17MB
|  |       columns: all
|  |     extrapolated-rows=disabled max-scan-range-rows=73.05K
|  |     parquet statistics predicates: d_year = CAST(2001 AS INT), d_moy <= CAST(7 AS INT), d_moy >= CAST(4 AS INT)
|  |     parquet dictionary predicates: d_year = CAST(2001 AS INT), d_moy <= CAST(7 AS INT), d_moy >= CAST(4 AS INT)
|  |     mem-estimate=16.00MB mem-reservation=512.00KB thread-reservation=0
|  |     tuple-ids=4 row-size=12B cardinality=118 cost=18780
|  |     in pipelines: 04(GETNEXT)
|  |
|  03:SCAN HDFS [tpcds_partitioned_parquet_snap.store_sales, RANDOM]
|     HDFS partitions=1824/1824 files=1824 size=389.90GB
|     runtime filters: RF007[min_max] -> tpcds_partitioned_parquet_snap.store_sales.ss_customer_sk, RF006[bloom] -> tpcds_partitioned_parquet_snap.store_sales.ss_customer_sk, RF008[bloom] -> ss_sold_date_sk
|     stored statistics:
|       table: rows=8.64G size=389.90GB
|       partitions: 1824/1824 rows=8.64G
|       columns: all
|     extrapolated-rows=disabled max-scan-range-rows=390.22M est-scan-range=119(filtered from 1824)
|     mem-estimate=16.00MB mem-reservation=4.00MB thread-reservation=0
|     tuple-ids=3 row-size=8B cardinality=558.94M(filtered from 8.64G) cost=64390253
|     in pipelines: 03(GETNEXT)
|
24:AGGREGATE [FINALIZE]
|  group by: customer_sk
|  mem-estimate=34.00MB mem-reservation=34.00MB spill-buffer=2.00MB thread-reservation=0
|  tuple-ids=25 row-size=4B cardinality=65.28M cost=289300434
|  in pipelines: 24(GETNEXT), 07(OPEN), 10(OPEN)
|
23:EXCHANGE [HASH(customer_sk)]
|  mem-estimate=10.93MB mem-reservation=0B thread-reservation=0
|  tuple-ids=25 row-size=4B cardinality=407.18M cost=52729970
|  in pipelines: 07(GETNEXT), 10(GETNEXT)
|
F04:PLAN FRAGMENT [RANDOM] hosts=10 instances=119 (adjusted from 120)
Per-Host Shared Resources: mem-estimate=3.00MB mem-reservation=3.00MB thread-reservation=0 runtime-filters-memory=3.00MB
Per-Instance Resources: mem-estimate=57.46MB mem-reservation=35.00MB thread-reservation=1
max-parallelism=119 segment-costs=[1431151147, 314669662] cpu-comparison-result=119 [max(119 (self) vs 22 (sum children))]
17:AGGREGATE [STREAMING]
|  group by: customer_sk
|  mem-estimate=40.21MB mem-reservation=34.00MB spill-buffer=2.00MB thread-reservation=0
|  tuple-ids=25 row-size=4B cardinality=407.18M cost=1183910352
|  in pipelines: 07(GETNEXT), 10(GETNEXT)
|
06:UNION
|  mem-estimate=0B mem-reservation=0B thread-reservation=0
|  tuple-ids=10 row-size=4B cardinality=418.15M cost=16048406
|  in pipelines: 07(GETNEXT), 10(GETNEXT)
|
|--12:HASH JOIN [INNER JOIN, BROADCAST]
|  |  hash-table-id=06
|  |  hash predicates: cs_sold_date_sk = d_date_sk
|  |  fk/pk conjuncts: cs_sold_date_sk = d_date_sk
|  |  mem-estimate=0B mem-reservation=0B spill-buffer=64.00KB thread-reservation=0
|  |  tuple-ids=8,9 row-size=20B cardinality=278.41M cost=121860174
|  |  in pipelines: 10(GETNEXT), 11(OPEN)
|  |
|  |--F20:PLAN FRAGMENT [RANDOM] hosts=10 instances=10
|  |  |  Per-Instance Resources: mem-estimate=24.27MB mem-reservation=24.25MB thread-reservation=1 runtime-filters-memory=1.00MB
|  |  |  max-parallelism=10 segment-costs=[268]
|  |  JOIN BUILD
|  |  |  join-table-id=06 plan-id=07 cohort-id=01
|  |  |  build expressions: d_date_sk
|  |  |  runtime filters: RF004[bloom] <- d_date_sk
|  |  |  mem-estimate=23.25MB mem-reservation=23.25MB spill-buffer=64.00KB thread-reservation=0 cost=118
|  |  |
|  |  22:EXCHANGE [BROADCAST]
|  |  |  mem-estimate=16.00KB mem-reservation=0B thread-reservation=0
|  |  |  tuple-ids=9 row-size=12B cardinality=118 cost=150
|  |  |  in pipelines: 11(GETNEXT)
|  |  |
|  |  F03:PLAN FRAGMENT [RANDOM] hosts=1 instances=1
|  |  Per-Instance Resources: mem-estimate=20.06MB mem-reservation=4.50MB thread-reservation=1
|  |  max-parallelism=1 segment-costs=[18786]
|  |  35:TUPLE CACHE
|  |  |  cache key: f76b51e3d56e81fde219afc230787634
|  |  |  input scan node ids: 11
|  |  |  estimated serialized size: 1.84KB
|  |  |  estimated serialized size per node: 1.84KB
|  |  |  cumulative processing cost: 18780
|  |  |  cache read processing cost: 15
|  |  |  cache write processing cost: 5
|  |  |  mem-estimate=4.00MB mem-reservation=4.00MB spill-buffer=2.00MB thread-reservation=0
|  |  |  tuple-ids=9 row-size=12B cardinality=118 cost=0
|  |  |  in pipelines: 11(GETNEXT)
|  |  |
|  |  11:SCAN HDFS [tpcds_partitioned_parquet_snap.date_dim, RANDOM]
|  |     HDFS partitions=1/1 files=1 size=2.17MB
|  |     deterministic scan range assignment: true
|  |     schedule scan ranges oldest to newest: true
|  |     predicates: d_year = CAST(2001 AS INT), d_moy <= CAST(7 AS INT), d_moy >= CAST(4 AS INT)
|  |     stored statistics:
|  |       table: rows=73.05K size=2.17MB
|  |       columns: all
|  |     extrapolated-rows=disabled max-scan-range-rows=73.05K
|  |     parquet statistics predicates: d_year = CAST(2001 AS INT), d_moy <= CAST(7 AS INT), d_moy >= CAST(4 AS INT)
|  |     parquet dictionary predicates: d_year = CAST(2001 AS INT), d_moy <= CAST(7 AS INT), d_moy >= CAST(4 AS INT)
|  |     mem-estimate=16.00MB mem-reservation=512.00KB thread-reservation=0
|  |     tuple-ids=9 row-size=12B cardinality=118 cost=18780
|  |     in pipelines: 11(GETNEXT)
|  |
|  10:SCAN HDFS [tpcds_partitioned_parquet_snap.catalog_sales, RANDOM]
|     HDFS partitions=1831/1831 files=1831 size=280.96GB
|     runtime filters: RF001[min_max] -> tpcds_partitioned_parquet_snap.catalog_sales.cs_ship_customer_sk, RF000[bloom] -> tpcds_partitioned_parquet_snap.catalog_sales.cs_ship_customer_sk, RF004[bloom] -> cs_sold_date_sk
|     stored statistics:
|       table: rows=4.32G size=280.96GB
|       partitions: 1831/1831 rows=4.32G
|       columns: all
|     extrapolated-rows=disabled max-scan-range-rows=21.52M est-scan-range=118(filtered from 1831)
|     mem-estimate=16.00MB mem-reservation=1.00MB thread-reservation=0
|     tuple-ids=8 row-size=8B cardinality=278.41M(filtered from 4.32G) cost=32072862
|     in pipelines: 10(GETNEXT)
|
09:HASH JOIN [INNER JOIN, BROADCAST]
|  hash-table-id=05
|  hash predicates: ws_sold_date_sk = d_date_sk
|  fk/pk conjuncts: ws_sold_date_sk = d_date_sk
|  mem-estimate=0B mem-reservation=0B spill-buffer=64.00KB thread-reservation=0
|  tuple-ids=6,7 row-size=20B cardinality=139.73M cost=61161908
|  in pipelines: 07(GETNEXT), 08(OPEN)
|
|--F19:PLAN FRAGMENT [RANDOM] hosts=10 instances=10
|  |  Per-Instance Resources: mem-estimate=24.27MB mem-reservation=24.25MB thread-reservation=1 runtime-filters-memory=1.00MB
|  |  max-parallelism=10 segment-costs=[268]
|  JOIN BUILD
|  |  join-table-id=05 plan-id=06 cohort-id=01
|  |  build expressions: d_date_sk
|  |  runtime filters: RF002[bloom] <- d_date_sk
|  |  mem-estimate=23.25MB mem-reservation=23.25MB spill-buffer=64.00KB thread-reservation=0 cost=118
|  |
|  21:EXCHANGE [BROADCAST]
|  |  mem-estimate=16.00KB mem-reservation=0B thread-reservation=0
|  |  tuple-ids=7 row-size=12B cardinality=118 cost=150
|  |  in pipelines: 08(GETNEXT)
|  |
|  F01:PLAN FRAGMENT [RANDOM] hosts=1 instances=1
|  Per-Instance Resources: mem-estimate=20.06MB mem-reservation=4.50MB thread-reservation=1
|  max-parallelism=1 segment-costs=[18786]
|  34:TUPLE CACHE
|  |  cache key: f76b51e3d56e81fde219afc230787634
|  |  input scan node ids: 8
|  |  estimated serialized size: 1.84KB
|  |  estimated serialized size per node: 1.84KB
|  |  cumulative processing cost: 18780
|  |  cache read processing cost: 15
|  |  cache write processing cost: 5
|  |  mem-estimate=4.00MB mem-reservation=4.00MB spill-buffer=2.00MB thread-reservation=0
|  |  tuple-ids=7 row-size=12B cardinality=118 cost=0
|  |  in pipelines: 08(GETNEXT)
|  |
|  08:SCAN HDFS [tpcds_partitioned_parquet_snap.date_dim, RANDOM]
|     HDFS partitions=1/1 files=1 size=2.17MB
|     deterministic scan range assignment: true
|     schedule scan ranges oldest to newest: true
|     predicates: d_year = CAST(2001 AS INT), d_moy <= CAST(7 AS INT), d_moy >= CAST(4 AS INT)
|     stored statistics:
|       table: rows=73.05K size=2.17MB
|       columns: all
|     extrapolated-rows=disabled max-scan-range-rows=73.05K
|     parquet statistics predicates: d_year = CAST(2001 AS INT), d_moy <= CAST(7 AS INT), d_moy >= CAST(4 AS INT)
|     parquet dictionary predicates: d_year = CAST(2001 AS INT), d_moy <= CAST(7 AS INT), d_moy >= CAST(4 AS INT)
|     mem-estimate=16.00MB mem-reservation=512.00KB thread-reservation=0
|     tuple-ids=7 row-size=12B cardinality=118 cost=18780
|     in pipelines: 08(GETNEXT)
|
07:SCAN HDFS [tpcds_partitioned_parquet_snap.web_sales, RANDOM]
   HDFS partitions=1824/1824 files=1824 size=145.75GB
   runtime filters: RF001[min_max] -> tpcds_partitioned_parquet_snap.web_sales.ws_bill_customer_sk, RF000[bloom] -> tpcds_partitioned_parquet_snap.web_sales.ws_bill_customer_sk, RF002[bloom] -> ws_sold_date_sk
   stored statistics:
     table: rows=2.16G size=145.75GB
     partitions: 1824/1824 rows=2.16G
     columns: all
   extrapolated-rows=disabled max-scan-range-rows=3.37M est-scan-range=119(filtered from 1824)
   mem-estimate=16.00MB mem-reservation=128.00KB thread-reservation=0
   tuple-ids=6 row-size=8B cardinality=139.73M(filtered from 2.16G) cost=16097445
   in pipelines: 07(GETNEXT)
====
