# TPCDS-Q45
# start query 45 in stream 0 using template query45.tpl using seed 390857734
select  ca_zip, ca_county, sum(ws_sales_price)
 from web_sales, customer, customer_address, date_dim, item
 where ws_bill_customer_sk = c_customer_sk
 	and c_current_addr_sk = ca_address_sk
 	and ws_item_sk = i_item_sk
 	and ( substr(ca_zip,1,5) in ('85669', '86197','88274','83405','86475', '85392', '85460', '80348', '81792')
 	      or
 	      i_item_id in (select i_item_id
                             from item
                             where i_item_sk in (2, 3, 5, 7, 11, 13, 17, 19, 23, 29)
                             )
 	    )
 	and ws_sold_date_sk = d_date_sk
 	and d_qoy = 2 and d_year = 1999
 group by ca_zip, ca_county
 order by ca_zip, ca_county
 limit 100;

# end query 45 in stream 0 using template query45.tpl
---- PLAN
Max Per-Host Resource Reservation: Memory=178.00MB Threads=1
Per-Host Resource Estimates: Memory=2.96GB
F00:PLAN FRAGMENT [UNPARTITIONED] hosts=1 instances=1
|  Per-Instance Resources: mem-estimate=2.96GB mem-reservation=178.00MB thread-reservation=1 runtime-filters-memory=34.00MB
|  max-parallelism=1 segment-costs=[113824, 906634485, 201601849, 300]
PLAN-ROOT SINK
|  output exprs: ca_zip, ca_county, sum(ws_sales_price)
|  mem-estimate=4.00MB mem-reservation=4.00MB spill-buffer=2.00MB thread-reservation=0 cost=300
|
13:TOP-N [LIMIT=100]
|  order by: ca_zip ASC, ca_county ASC
|  mem-estimate=5.76KB mem-reservation=0B thread-reservation=0
|  tuple-ids=9 row-size=59B cardinality=100 cost=201601849
|  in pipelines: 13(GETNEXT), 12(OPEN)
|
17:TUPLE CACHE
|  cache key: c5fc187bb66530cd9603eef9cd948fea
|  input scan node ids: 0,3,1,4,2,5
|  estimated serialized size: 900.67MB
|  estimated serialized size per node: 90.07MB
|  cumulative processing cost: 906748309
|  cache read processing cost: 1993499
|  cache write processing cost: 2549936
|  mem-estimate=4.00MB mem-reservation=4.00MB spill-buffer=2.00MB thread-reservation=0
|  tuple-ids=8 row-size=59B cardinality=15.00M cost=0
|  in pipelines: 12(GETNEXT)
|
12:AGGREGATE [FINALIZE]
|  output: sum(ws_sales_price)
|  group by: ca_zip, ca_county
|  mem-estimate=884.09MB mem-reservation=34.00MB spill-buffer=2.00MB thread-reservation=0
|  tuple-ids=8 row-size=59B cardinality=15.00M cost=346308783
|  in pipelines: 12(GETNEXT), 00(OPEN)
|
11:HASH JOIN [LEFT OUTER JOIN]
|  hash predicates: i_item_id = i_item_id
|  fk/pk conjuncts: none
|  other predicates: (substr(ca_zip, CAST(1 AS BIGINT), CAST(5 AS BIGINT)) IN ('85669', '86197', '88274', '83405', '86475', '85392', '85460', '80348', '81792') OR i_item_id IS NOT NULL)
|  mem-estimate=1.94MB mem-reservation=1.94MB spill-buffer=64.00KB thread-reservation=0
|  tuple-ids=0,3,1,4,2,6N row-size=143B cardinality=202.59M cost=88674406
|  in pipelines: 00(GETNEXT), 06(OPEN)
|
|--16:TUPLE CACHE
|  |  cache key: f9bd9e69dfc9b03f9bd034993d8cf617
|  |  input scan node ids: 5
|  |  estimated serialized size: 320B
|  |  estimated serialized size per node: 80B
|  |  cumulative processing cost: 113824
|  |  cache read processing cost: 1
|  |  cache write processing cost: 0
|  |  mem-estimate=4.00MB mem-reservation=4.00MB spill-buffer=2.00MB thread-reservation=0
|  |  tuple-ids=6 row-size=28B cardinality=10 cost=0
|  |  in pipelines: 06(GETNEXT)
|  |
|  06:AGGREGATE [FINALIZE]
|  |  group by: i_item_id
|  |  mem-estimate=10.00MB mem-reservation=1.94MB spill-buffer=64.00KB thread-reservation=0
|  |  tuple-ids=6 row-size=28B cardinality=10 cost=28
|  |  in pipelines: 06(GETNEXT), 05(OPEN)
|  |
|  15:TUPLE CACHE
|  |  cache key: b2aefdb151c4c641939ec59e01fb2397
|  |  input scan node ids: 5
|  |  estimated serialized size: 360B
|  |  estimated serialized size per node: 90B
|  |  cumulative processing cost: 113796
|  |  cache read processing cost: 1
|  |  cache write processing cost: 0
|  |  mem-estimate=4.00MB mem-reservation=4.00MB spill-buffer=2.00MB thread-reservation=0
|  |  tuple-ids=5 row-size=32B cardinality=10 cost=0
|  |  in pipelines: 05(GETNEXT)
|  |
|  05:SCAN HDFS [tpcds_partitioned_parquet_snap.item]
|     HDFS partitions=1/1 files=1 size=33.54MB
|     deterministic scan range assignment: true
|     schedule scan ranges oldest to newest: true
|     predicates: i_item_sk IN (CAST(2 AS INT), CAST(3 AS INT), CAST(5 AS INT), CAST(7 AS INT), CAST(11 AS INT), CAST(13 AS INT), CAST(17 AS INT), CAST(19 AS INT), CAST(23 AS INT), CAST(29 AS INT))
|     stored statistics:
|       table: rows=360.00K size=33.54MB
|       columns: all
|     extrapolated-rows=disabled max-scan-range-rows=101.54K
|     parquet statistics predicates: i_item_sk IN (CAST(2 AS INT), CAST(3 AS INT), CAST(5 AS INT), CAST(7 AS INT), CAST(11 AS INT), CAST(13 AS INT), CAST(17 AS INT), CAST(19 AS INT), CAST(23 AS INT), CAST(29 AS INT))
|     parquet dictionary predicates: i_item_sk IN (CAST(2 AS INT), CAST(3 AS INT), CAST(5 AS INT), CAST(7 AS INT), CAST(11 AS INT), CAST(13 AS INT), CAST(17 AS INT), CAST(19 AS INT), CAST(23 AS INT), CAST(29 AS INT))
|     mem-estimate=16.00MB mem-reservation=512.00KB thread-reservation=0
|     tuple-ids=5 row-size=32B cardinality=10 cost=113796
|     in pipelines: 05(GETNEXT)
|
10:HASH JOIN [INNER JOIN]
|  hash predicates: c_current_addr_sk = ca_address_sk
|  fk/pk conjuncts: c_current_addr_sk = ca_address_sk
|  runtime filters: RF000[bloom] <- ca_address_sk, RF001[min_max] <- ca_address_sk
|  mem-estimate=1.03GB mem-reservation=34.00MB spill-buffer=2.00MB thread-reservation=0
|  tuple-ids=0,3,1,4,2 row-size=115B cardinality=202.59M cost=103674396
|  in pipelines: 00(GETNEXT), 02(OPEN)
|
|--02:SCAN HDFS [tpcds_partitioned_parquet_snap.customer_address]
|     HDFS partitions=1/1 files=1 size=307.36MB
|     deterministic scan range assignment: true
|     schedule scan ranges oldest to newest: true
|     stored statistics:
|       table: rows=15.00M size=307.36MB
|       columns: all
|     extrapolated-rows=disabled max-scan-range-rows=1.58M
|     mem-estimate=16.00MB mem-reservation=128.00KB thread-reservation=0
|     tuple-ids=2 row-size=47B cardinality=15.00M cost=4959659
|     in pipelines: 02(GETNEXT)
|
09:HASH JOIN [INNER JOIN]
|  hash predicates: ws_item_sk = i_item_sk
|  fk/pk conjuncts: ws_item_sk = i_item_sk
|  runtime filters: RF002[bloom] <- i_item_sk, RF003[min_max] <- i_item_sk
|  mem-estimate=34.00MB mem-reservation=34.00MB spill-buffer=2.00MB thread-reservation=0
|  tuple-ids=0,3,1,4 row-size=68B cardinality=202.59M cost=89060378
|  in pipelines: 00(GETNEXT), 04(OPEN)
|
|--04:SCAN HDFS [tpcds_partitioned_parquet_snap.item]
|     HDFS partitions=1/1 files=1 size=33.54MB
|     deterministic scan range assignment: true
|     schedule scan ranges oldest to newest: true
|     stored statistics:
|       table: rows=360.00K size=33.54MB
|       columns: all
|     extrapolated-rows=disabled max-scan-range-rows=101.54K
|     mem-estimate=16.00MB mem-reservation=512.00KB thread-reservation=0
|     tuple-ids=4 row-size=32B cardinality=360.00K cost=103680
|     in pipelines: 04(GETNEXT)
|
08:HASH JOIN [INNER JOIN]
|  hash predicates: ws_bill_customer_sk = c_customer_sk
|  fk/pk conjuncts: ws_bill_customer_sk = c_customer_sk
|  runtime filters: RF004[bloom] <- c_customer_sk, RF005[min_max] <- c_customer_sk
|  mem-estimate=996.88MB mem-reservation=34.00MB spill-buffer=2.00MB thread-reservation=0
|  tuple-ids=0,3,1 row-size=36B cardinality=202.69M cost=123224636
|  in pipelines: 00(GETNEXT), 01(OPEN)
|
|--01:SCAN HDFS [tpcds_partitioned_parquet_snap.customer]
|     HDFS partitions=1/1 files=1 size=1.55GB
|     deterministic scan range assignment: true
|     schedule scan ranges oldest to newest: true
|     runtime filters: RF001[min_max] -> c_current_addr_sk, RF000[bloom] -> c_current_addr_sk
|     stored statistics:
|       table: rows=30.00M size=1.55GB
|       columns: all
|     extrapolated-rows=disabled max-scan-range-rows=3.10M
|     mem-estimate=16.00MB mem-reservation=1.00MB thread-reservation=0
|     tuple-ids=1 row-size=8B cardinality=30.00M cost=3456000
|     in pipelines: 01(GETNEXT)
|
07:HASH JOIN [INNER JOIN]
|  hash predicates: ws_sold_date_sk = d_date_sk
|  fk/pk conjuncts: ws_sold_date_sk = d_date_sk
|  runtime filters: RF006[bloom] <- d_date_sk
|  mem-estimate=1.94MB mem-reservation=1.94MB spill-buffer=64.00KB thread-reservation=0
|  tuple-ids=0,3 row-size=28B cardinality=220.26M cost=96407940
|  in pipelines: 00(GETNEXT), 03(OPEN)
|
|--14:TUPLE CACHE
|  |  cache key: 9e01e5f34f23aa4ad8d4573f29a0200a
|  |  input scan node ids: 3
|  |  estimated serialized size: 2.91KB
|  |  estimated serialized size per node: 2.91KB
|  |  cumulative processing cost: 16728
|  |  cache read processing cost: 24
|  |  cache write processing cost: 8
|  |  mem-estimate=4.00MB mem-reservation=4.00MB spill-buffer=2.00MB thread-reservation=0
|  |  tuple-ids=3 row-size=12B cardinality=186 cost=0
|  |  in pipelines: 03(GETNEXT)
|  |
|  03:SCAN HDFS [tpcds_partitioned_parquet_snap.date_dim]
|     HDFS partitions=1/1 files=1 size=2.17MB
|     deterministic scan range assignment: true
|     schedule scan ranges oldest to newest: true
|     predicates: d_year = CAST(1999 AS INT), d_qoy = CAST(2 AS INT)
|     stored statistics:
|       table: rows=73.05K size=2.17MB
|       columns: all
|     extrapolated-rows=disabled max-scan-range-rows=73.05K
|     parquet statistics predicates: d_year = CAST(1999 AS INT), d_qoy = CAST(2 AS INT)
|     parquet dictionary predicates: d_year = CAST(1999 AS INT), d_qoy = CAST(2 AS INT)
|     mem-estimate=16.00MB mem-reservation=512.00KB thread-reservation=0
|     tuple-ids=3 row-size=12B cardinality=186 cost=16728
|     in pipelines: 03(GETNEXT)
|
00:SCAN HDFS [tpcds_partitioned_parquet_snap.web_sales]
   HDFS partitions=1824/1824 files=1824 size=145.75GB
   deterministic scan range assignment: true
   schedule scan ranges oldest to newest: true
   runtime filters: RF003[min_max] -> ws_item_sk, RF005[min_max] -> ws_bill_customer_sk, RF002[bloom] -> ws_item_sk, RF004[bloom] -> ws_bill_customer_sk, RF006[bloom] -> ws_sold_date_sk
   stored statistics:
     table: rows=2.16G size=145.75GB
     partitions: 1824/1824 rows=2.16G
     columns: all
   extrapolated-rows=disabled max-scan-range-rows=3.37M est-scan-range=187(filtered from 1824)
   mem-estimate=16.00MB mem-reservation=128.00KB thread-reservation=0
   tuple-ids=0 row-size=16B cardinality=220.26M(filtered from 2.16G) cost=50747879
   in pipelines: 00(GETNEXT)
---- DISTRIBUTEDPLAN
Max Per-Host Resource Reservation: Memory=1.90GB Threads=29
Per-Host Resource Estimates: Memory=4.25GB
F08:PLAN FRAGMENT [UNPARTITIONED] hosts=1 instances=1
|  Per-Instance Resources: mem-estimate=4.30MB mem-reservation=4.00MB thread-reservation=1
|  max-parallelism=1 segment-costs=[337] cpu-comparison-result=120 [max(1 (self) vs 120 (sum children))]
PLAN-ROOT SINK
|  output exprs: ca_zip, ca_county, sum(ws_sales_price)
|  mem-estimate=4.00MB mem-reservation=4.00MB spill-buffer=2.00MB thread-reservation=0 cost=300
|
23:MERGING-EXCHANGE [UNPARTITIONED]
|  order by: ca_zip ASC, ca_county ASC
|  limit: 100
|  mem-estimate=308.05KB mem-reservation=0B thread-reservation=0
|  tuple-ids=9 row-size=59B cardinality=100 cost=37
|  in pipelines: 13(GETNEXT)
|
F07:PLAN FRAGMENT [HASH(ca_zip,ca_county)] hosts=10 instances=50 (adjusted from 120)
Per-Instance Resources: mem-estimate=51.38MB mem-reservation=34.00MB thread-reservation=1
max-parallelism=50 segment-costs=[404470111, 201601849, 185] cpu-comparison-result=120 [max(50 (self) vs 120 (sum children))]
13:TOP-N [LIMIT=100]
|  order by: ca_zip ASC, ca_county ASC
|  mem-estimate=5.76KB mem-reservation=0B thread-reservation=0
|  tuple-ids=9 row-size=59B cardinality=100 cost=201601849
|  in pipelines: 13(GETNEXT), 22(OPEN)
|
22:AGGREGATE [FINALIZE]
|  output: sum:merge(ws_sales_price)
|  group by: ca_zip, ca_county
|  mem-estimate=34.00MB mem-reservation=34.00MB spill-buffer=2.00MB thread-reservation=0
|  tuple-ids=8 row-size=59B cardinality=15.00M cost=331214513
|  in pipelines: 22(GETNEXT), 00(OPEN)
|
21:EXCHANGE [HASH(ca_zip,ca_county)]
|  mem-estimate=17.38MB mem-reservation=0B thread-reservation=0
|  tuple-ids=8 row-size=59B cardinality=191.61M cost=73255598
|  in pipelines: 00(GETNEXT)
|
F00:PLAN FRAGMENT [RANDOM] hosts=10 instances=120
Per-Host Shared Resources: mem-estimate=18.00MB mem-reservation=18.00MB thread-reservation=0 runtime-filters-memory=18.00MB
Per-Instance Resources: mem-estimate=113.99MB mem-reservation=34.12MB thread-reservation=1
max-parallelism=170 segment-costs=[1652502478, 826268909] cpu-comparison-result=120 [max(120 (self) vs 75 (sum children))]
12:AGGREGATE [STREAMING]
|  output: sum(ws_sales_price)
|  group by: ca_zip, ca_county
|  mem-estimate=85.69MB mem-reservation=34.00MB spill-buffer=2.00MB thread-reservation=0
|  tuple-ids=8 row-size=59B cardinality=191.61M cost=1146073039
|  in pipelines: 00(GETNEXT)
|
11:HASH JOIN [LEFT OUTER JOIN, BROADCAST]
|  hash-table-id=00
|  hash predicates: i_item_id = i_item_id
|  fk/pk conjuncts: none
|  other predicates: (substr(ca_zip, CAST(1 AS BIGINT), CAST(5 AS BIGINT)) IN ('85669', '86197', '88274', '83405', '86475', '85392', '85460', '80348', '81792') OR i_item_id IS NOT NULL)
|  mem-estimate=0B mem-reservation=0B spill-buffer=64.00KB thread-reservation=0
|  tuple-ids=0,3,1,4,2,6N row-size=143B cardinality=202.59M cost=88674396
|  in pipelines: 00(GETNEXT), 19(OPEN)
|
|--F09:PLAN FRAGMENT [RANDOM] hosts=10 instances=10
|  |  Per-Instance Resources: mem-estimate=23.27MB mem-reservation=23.25MB thread-reservation=1
|  |  max-parallelism=10 segment-costs=[20] cpu-comparison-result=10 [max(10 (self) vs 4 (sum children))]
|  JOIN BUILD
|  |  join-table-id=00 plan-id=01 cohort-id=01
|  |  build expressions: i_item_id
|  |  mem-estimate=23.25MB mem-reservation=23.25MB spill-buffer=64.00KB thread-reservation=0 cost=10
|  |
|  20:EXCHANGE [BROADCAST]
|  |  mem-estimate=16.00KB mem-reservation=0B thread-reservation=0
|  |  tuple-ids=6 row-size=28B cardinality=10 cost=10
|  |  in pipelines: 19(GETNEXT)
|  |
|  F06:PLAN FRAGMENT [HASH(i_item_id)] hosts=4 instances=4
|  Per-Instance Resources: mem-estimate=10.12MB mem-reservation=1.94MB thread-reservation=1
|  max-parallelism=4 segment-costs=[30, 0] cpu-comparison-result=4 [max(4 (self) vs 4 (sum children))]
|  19:AGGREGATE [FINALIZE]
|  |  group by: i_item_id
|  |  mem-estimate=10.00MB mem-reservation=1.94MB spill-buffer=64.00KB thread-reservation=0
|  |  tuple-ids=6 row-size=28B cardinality=10 cost=28
|  |  in pipelines: 19(GETNEXT), 05(OPEN)
|  |
|  18:EXCHANGE [HASH(i_item_id)]
|  |  mem-estimate=16.00KB mem-reservation=0B thread-reservation=0
|  |  tuple-ids=6 row-size=28B cardinality=10 cost=2
|  |  in pipelines: 05(GETNEXT)
|  |
|  F05:PLAN FRAGMENT [RANDOM] hosts=4 instances=4
|  Per-Instance Resources: mem-estimate=34.50MB mem-reservation=10.50MB thread-reservation=1
|  max-parallelism=4 segment-costs=[113824, 23]
|  26:TUPLE CACHE
|  |  cache key: e97a2e1e139795e7137fa32c43246862
|  |  input scan node ids: 5
|  |  estimated serialized size: 320B
|  |  estimated serialized size per node: 80B
|  |  cumulative processing cost: 113824
|  |  cache read processing cost: 1
|  |  cache write processing cost: 0
|  |  mem-estimate=4.00MB mem-reservation=4.00MB spill-buffer=2.00MB thread-reservation=0
|  |  tuple-ids=6 row-size=28B cardinality=10 cost=0
|  |  in pipelines: 05(GETNEXT)
|  |
|  06:AGGREGATE [STREAMING]
|  |  group by: i_item_id
|  |  mem-estimate=10.00MB mem-reservation=2.00MB spill-buffer=64.00KB thread-reservation=0
|  |  tuple-ids=6 row-size=28B cardinality=10 cost=28
|  |  in pipelines: 05(GETNEXT)
|  |
|  25:TUPLE CACHE
|  |  cache key: b2aefdb151c4c641939ec59e01fb2397
|  |  input scan node ids: 5
|  |  estimated serialized size: 360B
|  |  estimated serialized size per node: 90B
|  |  cumulative processing cost: 113796
|  |  cache read processing cost: 1
|  |  cache write processing cost: 0
|  |  mem-estimate=4.00MB mem-reservation=4.00MB spill-buffer=2.00MB thread-reservation=0
|  |  tuple-ids=5 row-size=32B cardinality=10 cost=0
|  |  in pipelines: 05(GETNEXT)
|  |
|  05:SCAN HDFS [tpcds_partitioned_parquet_snap.item, RANDOM]
|     HDFS partitions=1/1 files=1 size=33.54MB
|     deterministic scan range assignment: true
|     schedule scan ranges oldest to newest: true
|     predicates: i_item_sk IN (CAST(2 AS INT), CAST(3 AS INT), CAST(5 AS INT), CAST(7 AS INT), CAST(11 AS INT), CAST(13 AS INT), CAST(17 AS INT), CAST(19 AS INT), CAST(23 AS INT), CAST(29 AS INT))
|     stored statistics:
|       table: rows=360.00K size=33.54MB
|       columns: all
|     extrapolated-rows=disabled max-scan-range-rows=101.54K
|     parquet statistics predicates: i_item_sk IN (CAST(2 AS INT), CAST(3 AS INT), CAST(5 AS INT), CAST(7 AS INT), CAST(11 AS INT), CAST(13 AS INT), CAST(17 AS INT), CAST(19 AS INT), CAST(23 AS INT), CAST(29 AS INT))
|     parquet dictionary predicates: i_item_sk IN (CAST(2 AS INT), CAST(3 AS INT), CAST(5 AS INT), CAST(7 AS INT), CAST(11 AS INT), CAST(13 AS INT), CAST(17 AS INT), CAST(19 AS INT), CAST(23 AS INT), CAST(29 AS INT))
|     mem-estimate=16.00MB mem-reservation=512.00KB thread-reservation=0
|     tuple-ids=5 row-size=32B cardinality=10 cost=113796
|     in pipelines: 05(GETNEXT)
|
10:HASH JOIN [INNER JOIN, BROADCAST]
|  hash-table-id=01
|  hash predicates: c_current_addr_sk = ca_address_sk
|  fk/pk conjuncts: c_current_addr_sk = ca_address_sk
|  mem-estimate=0B mem-reservation=0B spill-buffer=2.00MB thread-reservation=0
|  tuple-ids=0,3,1,4,2 row-size=115B cardinality=202.59M cost=88674396
|  in pipelines: 00(GETNEXT), 02(OPEN)
|
|--F10:PLAN FRAGMENT [RANDOM] hosts=10 instances=10
|  |  Per-Instance Resources: mem-estimate=1.06GB mem-reservation=424.00MB thread-reservation=1 runtime-filters-memory=16.00MB
|  |  max-parallelism=10 segment-costs=[34934990]
|  JOIN BUILD
|  |  join-table-id=01 plan-id=02 cohort-id=01
|  |  build expressions: ca_address_sk
|  |  runtime filters: RF000[bloom] <- ca_address_sk, RF001[min_max] <- ca_address_sk
|  |  mem-estimate=1.03GB mem-reservation=408.00MB spill-buffer=2.00MB thread-reservation=0 cost=15000000
|  |
|  17:EXCHANGE [BROADCAST]
|  |  mem-estimate=10.50MB mem-reservation=0B thread-reservation=0
|  |  tuple-ids=2 row-size=47B cardinality=15.00M cost=19934990
|  |  in pipelines: 02(GETNEXT)
|  |
|  F04:PLAN FRAGMENT [RANDOM] hosts=10 instances=10
|  Per-Instance Resources: mem-estimate=16.20MB mem-reservation=128.00KB thread-reservation=1
|  max-parallelism=10 segment-costs=[7185595]
|  02:SCAN HDFS [tpcds_partitioned_parquet_snap.customer_address, RANDOM]
|     HDFS partitions=1/1 files=1 size=307.36MB
|     stored statistics:
|       table: rows=15.00M size=307.36MB
|       columns: all
|     extrapolated-rows=disabled max-scan-range-rows=1.58M
|     mem-estimate=16.00MB mem-reservation=128.00KB thread-reservation=0
|     tuple-ids=2 row-size=47B cardinality=15.00M cost=4959659
|     in pipelines: 02(GETNEXT)
|
09:HASH JOIN [INNER JOIN, BROADCAST]
|  hash-table-id=02
|  hash predicates: ws_item_sk = i_item_sk
|  fk/pk conjuncts: ws_item_sk = i_item_sk
|  mem-estimate=0B mem-reservation=0B spill-buffer=2.00MB thread-reservation=0
|  tuple-ids=0,3,1,4 row-size=68B cardinality=202.59M cost=88700378
|  in pipelines: 00(GETNEXT), 04(OPEN)
|
|--F11:PLAN FRAGMENT [RANDOM] hosts=10 instances=10
|  |  Per-Instance Resources: mem-estimate=419.14MB mem-reservation=409.00MB thread-reservation=1 runtime-filters-memory=1.00MB
|  |  max-parallelism=10 segment-costs=[838440]
|  JOIN BUILD
|  |  join-table-id=02 plan-id=03 cohort-id=01
|  |  build expressions: i_item_sk
|  |  runtime filters: RF002[bloom] <- i_item_sk, RF003[min_max] <- i_item_sk
|  |  mem-estimate=408.00MB mem-reservation=408.00MB spill-buffer=2.00MB thread-reservation=0 cost=360000
|  |
|  16:EXCHANGE [BROADCAST]
|  |  mem-estimate=10.14MB mem-reservation=0B thread-reservation=0
|  |  tuple-ids=4 row-size=32B cardinality=360.00K cost=478440
|  |  in pipelines: 04(GETNEXT)
|  |
|  F03:PLAN FRAGMENT [RANDOM] hosts=4 instances=4
|  Per-Instance Resources: mem-estimate=16.14MB mem-reservation=512.00KB thread-reservation=1
|  max-parallelism=4 segment-costs=[142560]
|  04:SCAN HDFS [tpcds_partitioned_parquet_snap.item, RANDOM]
|     HDFS partitions=1/1 files=1 size=33.54MB
|     stored statistics:
|       table: rows=360.00K size=33.54MB
|       columns: all
|     extrapolated-rows=disabled max-scan-range-rows=101.54K
|     mem-estimate=16.00MB mem-reservation=512.00KB thread-reservation=0
|     tuple-ids=4 row-size=32B cardinality=360.00K cost=103680
|     in pipelines: 04(GETNEXT)
|
08:HASH JOIN [INNER JOIN, BROADCAST]
|  hash-table-id=03
|  hash predicates: ws_bill_customer_sk = c_customer_sk
|  fk/pk conjuncts: ws_bill_customer_sk = c_customer_sk
|  mem-estimate=0B mem-reservation=0B spill-buffer=2.00MB thread-reservation=0
|  tuple-ids=0,3,1 row-size=36B cardinality=202.69M cost=93224636
|  in pipelines: 00(GETNEXT), 01(OPEN)
|
|--F12:PLAN FRAGMENT [RANDOM] hosts=10 instances=10
|  |  Per-Instance Resources: mem-estimate=1023.00MB mem-reservation=424.00MB thread-reservation=1 runtime-filters-memory=16.00MB
|  |  max-parallelism=10 segment-costs=[69869990]
|  JOIN BUILD
|  |  join-table-id=03 plan-id=04 cohort-id=01
|  |  build expressions: c_customer_sk
|  |  runtime filters: RF004[bloom] <- c_customer_sk, RF005[min_max] <- c_customer_sk
|  |  mem-estimate=996.88MB mem-reservation=408.00MB spill-buffer=2.00MB thread-reservation=0 cost=30000000
|  |
|  15:EXCHANGE [BROADCAST]
|  |  mem-estimate=10.12MB mem-reservation=0B thread-reservation=0
|  |  tuple-ids=1 row-size=8B cardinality=30.00M cost=39869990
|  |  in pipelines: 01(GETNEXT)
|  |
|  F02:PLAN FRAGMENT [RANDOM] hosts=10 instances=10
|  Per-Host Shared Resources: mem-estimate=16.00MB mem-reservation=16.00MB thread-reservation=0 runtime-filters-memory=16.00MB
|  Per-Instance Resources: mem-estimate=16.05MB mem-reservation=1.00MB thread-reservation=1
|  max-parallelism=10 segment-costs=[4752000]
|  01:SCAN HDFS [tpcds_partitioned_parquet_snap.customer, RANDOM]
|     HDFS partitions=1/1 files=1 size=1.55GB
|     runtime filters: RF001[min_max] -> c_current_addr_sk, RF000[bloom] -> c_current_addr_sk
|     stored statistics:
|       table: rows=30.00M size=1.55GB
|       columns: all
|     extrapolated-rows=disabled max-scan-range-rows=3.10M
|     mem-estimate=16.00MB mem-reservation=1.00MB thread-reservation=0
|     tuple-ids=1 row-size=8B cardinality=30.00M cost=3456000
|     in pipelines: 01(GETNEXT)
|
07:HASH JOIN [INNER JOIN, BROADCAST]
|  hash-table-id=04
|  hash predicates: ws_sold_date_sk = d_date_sk
|  fk/pk conjuncts: ws_sold_date_sk = d_date_sk
|  mem-estimate=0B mem-reservation=0B spill-buffer=64.00KB thread-reservation=0
|  tuple-ids=0,3 row-size=28B cardinality=220.26M cost=96407754
|  in pipelines: 00(GETNEXT), 03(OPEN)
|
|--F13:PLAN FRAGMENT [RANDOM] hosts=10 instances=10
|  |  Per-Instance Resources: mem-estimate=24.27MB mem-reservation=24.25MB thread-reservation=1 runtime-filters-memory=1.00MB
|  |  max-parallelism=10 segment-costs=[426]
|  JOIN BUILD
|  |  join-table-id=04 plan-id=05 cohort-id=01
|  |  build expressions: d_date_sk
|  |  runtime filters: RF006[bloom] <- d_date_sk
|  |  mem-estimate=23.25MB mem-reservation=23.25MB spill-buffer=64.00KB thread-reservation=0 cost=186
|  |
|  14:EXCHANGE [BROADCAST]
|  |  mem-estimate=16.00KB mem-reservation=0B thread-reservation=0
|  |  tuple-ids=3 row-size=12B cardinality=186 cost=240
|  |  in pipelines: 03(GETNEXT)
|  |
|  F01:PLAN FRAGMENT [RANDOM] hosts=1 instances=1
|  Per-Instance Resources: mem-estimate=20.06MB mem-reservation=4.50MB thread-reservation=1
|  max-parallelism=1 segment-costs=[16738]
|  24:TUPLE CACHE
|  |  cache key: 9e01e5f34f23aa4ad8d4573f29a0200a
|  |  input scan node ids: 3
|  |  estimated serialized size: 2.91KB
|  |  estimated serialized size per node: 2.91KB
|  |  cumulative processing cost: 16728
|  |  cache read processing cost: 24
|  |  cache write processing cost: 8
|  |  mem-estimate=4.00MB mem-reservation=4.00MB spill-buffer=2.00MB thread-reservation=0
|  |  tuple-ids=3 row-size=12B cardinality=186 cost=0
|  |  in pipelines: 03(GETNEXT)
|  |
|  03:SCAN HDFS [tpcds_partitioned_parquet_snap.date_dim, RANDOM]
|     HDFS partitions=1/1 files=1 size=2.17MB
|     deterministic scan range assignment: true
|     schedule scan ranges oldest to newest: true
|     predicates: d_year = CAST(1999 AS INT), d_qoy = CAST(2 AS INT)
|     stored statistics:
|       table: rows=73.05K size=2.17MB
|       columns: all
|     extrapolated-rows=disabled max-scan-range-rows=73.05K
|     parquet statistics predicates: d_year = CAST(1999 AS INT), d_qoy = CAST(2 AS INT)
|     parquet dictionary predicates: d_year = CAST(1999 AS INT), d_qoy = CAST(2 AS INT)
|     mem-estimate=16.00MB mem-reservation=512.00KB thread-reservation=0
|     tuple-ids=3 row-size=12B cardinality=186 cost=16728
|     in pipelines: 03(GETNEXT)
|
00:SCAN HDFS [tpcds_partitioned_parquet_snap.web_sales, RANDOM]
   HDFS partitions=1824/1824 files=1824 size=145.75GB
   runtime filters: RF003[min_max] -> ws_item_sk, RF005[min_max] -> ws_bill_customer_sk, RF002[bloom] -> ws_item_sk, RF004[bloom] -> ws_bill_customer_sk, RF006[bloom] -> ws_sold_date_sk
   stored statistics:
     table: rows=2.16G size=145.75GB
     partitions: 1824/1824 rows=2.16G
     columns: all
   extrapolated-rows=disabled max-scan-range-rows=3.37M est-scan-range=187(filtered from 1824)
   mem-estimate=16.00MB mem-reservation=128.00KB thread-reservation=0
   tuple-ids=0 row-size=16B cardinality=220.26M(filtered from 2.16G) cost=50747879
   in pipelines: 00(GETNEXT)
---- PARALLELPLANS
Max Per-Host Resource Reservation: Memory=1.83GB Threads=71
Per-Host Resource Estimates: Memory=4.14GB
F10:PLAN FRAGMENT [UNPARTITIONED] hosts=1 instances=1
|  Per-Instance Resources: mem-estimate=4.30MB mem-reservation=4.00MB thread-reservation=1
|  max-parallelism=1 segment-costs=[337] cpu-comparison-result=320 [max(1 (self) vs 320 (sum children))]
PLAN-ROOT SINK
|  output exprs: ca_zip, ca_county, sum(ws_sales_price)
|  mem-estimate=4.00MB mem-reservation=4.00MB spill-buffer=2.00MB thread-reservation=0 cost=300
|
25:MERGING-EXCHANGE [UNPARTITIONED]
|  order by: ca_zip ASC, ca_county ASC
|  limit: 100
|  mem-estimate=308.05KB mem-reservation=0B thread-reservation=0
|  tuple-ids=9 row-size=59B cardinality=100 cost=37
|  in pipelines: 13(GETNEXT)
|
F09:PLAN FRAGMENT [HASH(ca_zip,ca_county)] hosts=10 instances=50 (adjusted from 120)
Per-Instance Resources: mem-estimate=51.38MB mem-reservation=34.00MB thread-reservation=1
max-parallelism=50 segment-costs=[404470111, 201601849, 185] cpu-comparison-result=320 [max(50 (self) vs 320 (sum children))]
13:TOP-N [LIMIT=100]
|  order by: ca_zip ASC, ca_county ASC
|  mem-estimate=5.76KB mem-reservation=0B thread-reservation=0
|  tuple-ids=9 row-size=59B cardinality=100 cost=201601849
|  in pipelines: 13(GETNEXT), 24(OPEN)
|
24:AGGREGATE [FINALIZE]
|  output: sum:merge(ws_sales_price)
|  group by: ca_zip, ca_county
|  mem-estimate=34.00MB mem-reservation=34.00MB spill-buffer=2.00MB thread-reservation=0
|  tuple-ids=8 row-size=59B cardinality=15.00M cost=331214513
|  in pipelines: 24(GETNEXT), 00(OPEN)
|
23:EXCHANGE [HASH(ca_zip,ca_county)]
|  mem-estimate=17.38MB mem-reservation=0B thread-reservation=0
|  tuple-ids=8 row-size=59B cardinality=191.61M cost=73255598
|  in pipelines: 00(GETNEXT)
|
F06:PLAN FRAGMENT [HASH(c_current_addr_sk)] hosts=10 instances=120
Per-Instance Resources: mem-estimate=117.83MB mem-reservation=34.00MB thread-reservation=1
max-parallelism=150 segment-costs=[1431666587, 826268909] cpu-comparison-result=320 [max(320 (self) vs 295 (sum children))]
12:AGGREGATE [STREAMING]
|  output: sum(ws_sales_price)
|  group by: ca_zip, ca_county
|  mem-estimate=85.69MB mem-reservation=34.00MB spill-buffer=2.00MB thread-reservation=0
|  tuple-ids=8 row-size=59B cardinality=191.61M cost=1146073039
|  in pipelines: 00(GETNEXT)
|
11:HASH JOIN [LEFT OUTER JOIN, BROADCAST]
|  hash-table-id=00
|  hash predicates: i_item_id = i_item_id
|  fk/pk conjuncts: none
|  other predicates: (substr(ca_zip, CAST(1 AS BIGINT), CAST(5 AS BIGINT)) IN ('85669', '86197', '88274', '83405', '86475', '85392', '85460', '80348', '81792') OR i_item_id IS NOT NULL)
|  mem-estimate=0B mem-reservation=0B spill-buffer=64.00KB thread-reservation=0
|  tuple-ids=0,3,1,4,2,6N row-size=143B cardinality=202.59M cost=88674396
|  in pipelines: 00(GETNEXT), 21(OPEN)
|
|--F11:PLAN FRAGMENT [HASH(c_current_addr_sk)] hosts=10 instances=10
|  |  Per-Instance Resources: mem-estimate=23.27MB mem-reservation=23.25MB thread-reservation=1
|  |  max-parallelism=10 segment-costs=[20] cpu-comparison-result=10 [max(10 (self) vs 4 (sum children))]
|  JOIN BUILD
|  |  join-table-id=00 plan-id=01 cohort-id=01
|  |  build expressions: i_item_id
|  |  mem-estimate=23.25MB mem-reservation=23.25MB spill-buffer=64.00KB thread-reservation=0 cost=10
|  |
|  22:EXCHANGE [BROADCAST]
|  |  mem-estimate=16.00KB mem-reservation=0B thread-reservation=0
|  |  tuple-ids=6 row-size=28B cardinality=10 cost=10
|  |  in pipelines: 21(GETNEXT)
|  |
|  F08:PLAN FRAGMENT [HASH(i_item_id)] hosts=4 instances=4
|  Per-Instance Resources: mem-estimate=10.12MB mem-reservation=1.94MB thread-reservation=1
|  max-parallelism=4 segment-costs=[30, 0] cpu-comparison-result=4 [max(4 (self) vs 4 (sum children))]
|  21:AGGREGATE [FINALIZE]
|  |  group by: i_item_id
|  |  mem-estimate=10.00MB mem-reservation=1.94MB spill-buffer=64.00KB thread-reservation=0
|  |  tuple-ids=6 row-size=28B cardinality=10 cost=28
|  |  in pipelines: 21(GETNEXT), 05(OPEN)
|  |
|  20:EXCHANGE [HASH(i_item_id)]
|  |  mem-estimate=16.00KB mem-reservation=0B thread-reservation=0
|  |  tuple-ids=6 row-size=28B cardinality=10 cost=2
|  |  in pipelines: 05(GETNEXT)
|  |
|  F07:PLAN FRAGMENT [RANDOM] hosts=4 instances=4
|  Per-Instance Resources: mem-estimate=34.50MB mem-reservation=10.50MB thread-reservation=1
|  max-parallelism=4 segment-costs=[113824, 23]
|  28:TUPLE CACHE
|  |  cache key: e97a2e1e139795e7137fa32c43246862
|  |  input scan node ids: 5
|  |  estimated serialized size: 320B
|  |  estimated serialized size per node: 80B
|  |  cumulative processing cost: 113824
|  |  cache read processing cost: 1
|  |  cache write processing cost: 0
|  |  mem-estimate=4.00MB mem-reservation=4.00MB spill-buffer=2.00MB thread-reservation=0
|  |  tuple-ids=6 row-size=28B cardinality=10 cost=0
|  |  in pipelines: 05(GETNEXT)
|  |
|  06:AGGREGATE [STREAMING]
|  |  group by: i_item_id
|  |  mem-estimate=10.00MB mem-reservation=2.00MB spill-buffer=64.00KB thread-reservation=0
|  |  tuple-ids=6 row-size=28B cardinality=10 cost=28
|  |  in pipelines: 05(GETNEXT)
|  |
|  27:TUPLE CACHE
|  |  cache key: b2aefdb151c4c641939ec59e01fb2397
|  |  input scan node ids: 5
|  |  estimated serialized size: 360B
|  |  estimated serialized size per node: 90B
|  |  cumulative processing cost: 113796
|  |  cache read processing cost: 1
|  |  cache write processing cost: 0
|  |  mem-estimate=4.00MB mem-reservation=4.00MB spill-buffer=2.00MB thread-reservation=0
|  |  tuple-ids=5 row-size=32B cardinality=10 cost=0
|  |  in pipelines: 05(GETNEXT)
|  |
|  05:SCAN HDFS [tpcds_partitioned_parquet_snap.item, RANDOM]
|     HDFS partitions=1/1 files=1 size=33.54MB
|     deterministic scan range assignment: true
|     schedule scan ranges oldest to newest: true
|     predicates: i_item_sk IN (CAST(2 AS INT), CAST(3 AS INT), CAST(5 AS INT), CAST(7 AS INT), CAST(11 AS INT), CAST(13 AS INT), CAST(17 AS INT), CAST(19 AS INT), CAST(23 AS INT), CAST(29 AS INT))
|     stored statistics:
|       table: rows=360.00K size=33.54MB
|       columns: all
|     extrapolated-rows=disabled max-scan-range-rows=101.54K
|     parquet statistics predicates: i_item_sk IN (CAST(2 AS INT), CAST(3 AS INT), CAST(5 AS INT), CAST(7 AS INT), CAST(11 AS INT), CAST(13 AS INT), CAST(17 AS INT), CAST(19 AS INT), CAST(23 AS INT), CAST(29 AS INT))
|     parquet dictionary predicates: i_item_sk IN (CAST(2 AS INT), CAST(3 AS INT), CAST(5 AS INT), CAST(7 AS INT), CAST(11 AS INT), CAST(13 AS INT), CAST(17 AS INT), CAST(19 AS INT), CAST(23 AS INT), CAST(29 AS INT))
|     mem-estimate=16.00MB mem-reservation=512.00KB thread-reservation=0
|     tuple-ids=5 row-size=32B cardinality=10 cost=113796
|     in pipelines: 05(GETNEXT)
|
10:HASH JOIN [INNER JOIN, PARTITIONED]
|  hash-table-id=01
|  hash predicates: c_current_addr_sk = ca_address_sk
|  fk/pk conjuncts: c_current_addr_sk = ca_address_sk
|  mem-estimate=0B mem-reservation=0B spill-buffer=1.00MB thread-reservation=0
|  tuple-ids=0,3,1,4,2 row-size=115B cardinality=202.59M cost=88674396
|  in pipelines: 00(GETNEXT), 02(OPEN)
|
|--F12:PLAN FRAGMENT [HASH(c_current_addr_sk)] hosts=10 instances=120
|  |  Per-Instance Resources: mem-estimate=43.50MB mem-reservation=33.00MB thread-reservation=1 runtime-filters-memory=16.00MB
|  |  max-parallelism=150 segment-costs=[19906835]
|  JOIN BUILD
|  |  join-table-id=01 plan-id=02 cohort-id=01
|  |  build expressions: ca_address_sk
|  |  runtime filters: RF000[bloom] <- ca_address_sk, RF001[min_max] <- ca_address_sk
|  |  mem-estimate=17.00MB mem-reservation=17.00MB spill-buffer=1.00MB thread-reservation=0 cost=15000000
|  |
|  19:EXCHANGE [HASH(ca_address_sk)]
|  |  mem-estimate=10.50MB mem-reservation=0B thread-reservation=0
|  |  tuple-ids=2 row-size=47B cardinality=15.00M cost=4906835
|  |  in pipelines: 02(GETNEXT)
|  |
|  F05:PLAN FRAGMENT [RANDOM] hosts=10 instances=10
|  Per-Instance Resources: mem-estimate=39.89MB mem-reservation=128.00KB thread-reservation=1
|  max-parallelism=10 segment-costs=[58052359]
|  02:SCAN HDFS [tpcds_partitioned_parquet_snap.customer_address, RANDOM]
|     HDFS partitions=1/1 files=1 size=307.36MB
|     stored statistics:
|       table: rows=15.00M size=307.36MB
|       columns: all
|     extrapolated-rows=disabled max-scan-range-rows=1.58M
|     mem-estimate=16.00MB mem-reservation=128.00KB thread-reservation=0
|     tuple-ids=2 row-size=47B cardinality=15.00M cost=4959659
|     in pipelines: 02(GETNEXT)
|
18:EXCHANGE [HASH(c_current_addr_sk)]
|  mem-estimate=19.84MB mem-reservation=0B thread-reservation=0
|  tuple-ids=0,3,1,4 row-size=68B cardinality=202.59M cost=108244756
|  in pipelines: 00(GETNEXT)
|
F03:PLAN FRAGMENT [HASH(ws_bill_customer_sk)] hosts=10 instances=120
Per-Instance Resources: mem-estimate=52.19MB mem-reservation=0B thread-reservation=1
max-parallelism=160 segment-costs=[1547561609]
09:HASH JOIN [INNER JOIN, BROADCAST]
|  hash-table-id=02
|  hash predicates: ws_item_sk = i_item_sk
|  fk/pk conjuncts: ws_item_sk = i_item_sk
|  mem-estimate=0B mem-reservation=0B spill-buffer=2.00MB thread-reservation=0
|  tuple-ids=0,3,1,4 row-size=68B cardinality=202.59M cost=88700378
|  in pipelines: 00(GETNEXT), 04(OPEN)
|
|--F13:PLAN FRAGMENT [HASH(ws_bill_customer_sk)] hosts=10 instances=10
|  |  Per-Instance Resources: mem-estimate=419.14MB mem-reservation=409.00MB thread-reservation=1 runtime-filters-memory=1.00MB
|  |  max-parallelism=10 segment-costs=[838440]
|  JOIN BUILD
|  |  join-table-id=02 plan-id=03 cohort-id=01
|  |  build expressions: i_item_sk
|  |  runtime filters: RF002[bloom] <- i_item_sk, RF003[min_max] <- i_item_sk
|  |  mem-estimate=408.00MB mem-reservation=408.00MB spill-buffer=2.00MB thread-reservation=0 cost=360000
|  |
|  17:EXCHANGE [BROADCAST]
|  |  mem-estimate=10.14MB mem-reservation=0B thread-reservation=0
|  |  tuple-ids=4 row-size=32B cardinality=360.00K cost=478440
|  |  in pipelines: 04(GETNEXT)
|  |
|  F04:PLAN FRAGMENT [RANDOM] hosts=4 instances=4
|  Per-Instance Resources: mem-estimate=16.14MB mem-reservation=512.00KB thread-reservation=1
|  max-parallelism=4 segment-costs=[142560]
|  04:SCAN HDFS [tpcds_partitioned_parquet_snap.item, RANDOM]
|     HDFS partitions=1/1 files=1 size=33.54MB
|     stored statistics:
|       table: rows=360.00K size=33.54MB
|       columns: all
|     extrapolated-rows=disabled max-scan-range-rows=101.54K
|     mem-estimate=16.00MB mem-reservation=512.00KB thread-reservation=0
|     tuple-ids=4 row-size=32B cardinality=360.00K cost=103680
|     in pipelines: 04(GETNEXT)
|
08:HASH JOIN [INNER JOIN, PARTITIONED]
|  hash-table-id=03
|  hash predicates: ws_bill_customer_sk = c_customer_sk
|  fk/pk conjuncts: ws_bill_customer_sk = c_customer_sk
|  mem-estimate=0B mem-reservation=0B spill-buffer=1.00MB thread-reservation=0
|  tuple-ids=0,3,1 row-size=36B cardinality=202.69M cost=93224636
|  in pipelines: 00(GETNEXT), 01(OPEN)
|
|--F14:PLAN FRAGMENT [HASH(ws_bill_customer_sk)] hosts=10 instances=120
|  |  Per-Instance Resources: mem-estimate=43.12MB mem-reservation=33.00MB thread-reservation=1 runtime-filters-memory=16.00MB
|  |  max-parallelism=160 segment-costs=[34437000]
|  JOIN BUILD
|  |  join-table-id=03 plan-id=04 cohort-id=01
|  |  build expressions: c_customer_sk
|  |  runtime filters: RF004[bloom] <- c_customer_sk, RF005[min_max] <- c_customer_sk
|  |  mem-estimate=17.00MB mem-reservation=17.00MB spill-buffer=1.00MB thread-reservation=0 cost=30000000
|  |
|  16:EXCHANGE [HASH(c_customer_sk)]
|  |  mem-estimate=10.12MB mem-reservation=0B thread-reservation=0
|  |  tuple-ids=1 row-size=8B cardinality=30.00M cost=4437000
|  |  in pipelines: 01(GETNEXT)
|  |
|  F02:PLAN FRAGMENT [RANDOM] hosts=10 instances=10
|  Per-Host Shared Resources: mem-estimate=16.00MB mem-reservation=16.00MB thread-reservation=0 runtime-filters-memory=16.00MB
|  Per-Instance Resources: mem-estimate=21.62MB mem-reservation=1.00MB thread-reservation=1
|  max-parallelism=10 segment-costs=[34368000]
|  01:SCAN HDFS [tpcds_partitioned_parquet_snap.customer, RANDOM]
|     HDFS partitions=1/1 files=1 size=1.55GB
|     runtime filters: RF001[min_max] -> c_current_addr_sk, RF000[bloom] -> c_current_addr_sk
|     stored statistics:
|       table: rows=30.00M size=1.55GB
|       columns: all
|     extrapolated-rows=disabled max-scan-range-rows=3.10M
|     mem-estimate=16.00MB mem-reservation=1.00MB thread-reservation=0
|     tuple-ids=1 row-size=8B cardinality=30.00M cost=3456000
|     in pipelines: 01(GETNEXT)
|
15:EXCHANGE [HASH(ws_bill_customer_sk)]
|  mem-estimate=12.81MB mem-reservation=0B thread-reservation=0
|  tuple-ids=0,3 row-size=28B cardinality=220.26M cost=60945912
|  in pipelines: 00(GETNEXT)
|
F00:PLAN FRAGMENT [RANDOM] hosts=10 instances=80 (adjusted from 120)
Per-Host Shared Resources: mem-estimate=18.00MB mem-reservation=18.00MB thread-reservation=0 runtime-filters-memory=18.00MB
Per-Instance Resources: mem-estimate=32.88MB mem-reservation=128.00KB thread-reservation=1
max-parallelism=80 segment-costs=[771284062]
07:HASH JOIN [INNER JOIN, BROADCAST]
|  hash-table-id=04
|  hash predicates: ws_sold_date_sk = d_date_sk
|  fk/pk conjuncts: ws_sold_date_sk = d_date_sk
|  mem-estimate=0B mem-reservation=0B spill-buffer=64.00KB thread-reservation=0
|  tuple-ids=0,3 row-size=28B cardinality=220.26M cost=96407754
|  in pipelines: 00(GETNEXT), 03(OPEN)
|
|--F15:PLAN FRAGMENT [RANDOM] hosts=10 instances=10
|  |  Per-Instance Resources: mem-estimate=16.52MB mem-reservation=16.50MB thread-reservation=1 runtime-filters-memory=1.00MB
|  |  max-parallelism=10 segment-costs=[426]
|  JOIN BUILD
|  |  join-table-id=04 plan-id=05 cohort-id=01
|  |  build expressions: d_date_sk
|  |  runtime filters: RF006[bloom] <- d_date_sk
|  |  mem-estimate=15.50MB mem-reservation=15.50MB spill-buffer=64.00KB thread-reservation=0 cost=186
|  |
|  14:EXCHANGE [BROADCAST]
|  |  mem-estimate=16.00KB mem-reservation=0B thread-reservation=0
|  |  tuple-ids=3 row-size=12B cardinality=186 cost=240
|  |  in pipelines: 03(GETNEXT)
|  |
|  F01:PLAN FRAGMENT [RANDOM] hosts=1 instances=1
|  Per-Instance Resources: mem-estimate=20.06MB mem-reservation=4.50MB thread-reservation=1
|  max-parallelism=1 segment-costs=[16738]
|  26:TUPLE CACHE
|  |  cache key: 9e01e5f34f23aa4ad8d4573f29a0200a
|  |  input scan node ids: 3
|  |  estimated serialized size: 2.91KB
|  |  estimated serialized size per node: 2.91KB
|  |  cumulative processing cost: 16728
|  |  cache read processing cost: 24
|  |  cache write processing cost: 8
|  |  mem-estimate=4.00MB mem-reservation=4.00MB spill-buffer=2.00MB thread-reservation=0
|  |  tuple-ids=3 row-size=12B cardinality=186 cost=0
|  |  in pipelines: 03(GETNEXT)
|  |
|  03:SCAN HDFS [tpcds_partitioned_parquet_snap.date_dim, RANDOM]
|     HDFS partitions=1/1 files=1 size=2.17MB
|     deterministic scan range assignment: true
|     schedule scan ranges oldest to newest: true
|     predicates: d_year = CAST(1999 AS INT), d_qoy = CAST(2 AS INT)
|     stored statistics:
|       table: rows=73.05K size=2.17MB
|       columns: all
|     extrapolated-rows=disabled max-scan-range-rows=73.05K
|     parquet statistics predicates: d_year = CAST(1999 AS INT), d_qoy = CAST(2 AS INT)
|     parquet dictionary predicates: d_year = CAST(1999 AS INT), d_qoy = CAST(2 AS INT)
|     mem-estimate=16.00MB mem-reservation=512.00KB thread-reservation=0
|     tuple-ids=3 row-size=12B cardinality=186 cost=16728
|     in pipelines: 03(GETNEXT)
|
00:SCAN HDFS [tpcds_partitioned_parquet_snap.web_sales, RANDOM]
   HDFS partitions=1824/1824 files=1824 size=145.75GB
   runtime filters: RF003[min_max] -> ws_item_sk, RF005[min_max] -> ws_bill_customer_sk, RF002[bloom] -> ws_item_sk, RF004[bloom] -> ws_bill_customer_sk, RF006[bloom] -> ws_sold_date_sk
   stored statistics:
     table: rows=2.16G size=145.75GB
     partitions: 1824/1824 rows=2.16G
     columns: all
   extrapolated-rows=disabled max-scan-range-rows=3.37M est-scan-range=187(filtered from 1824)
   mem-estimate=16.00MB mem-reservation=128.00KB thread-reservation=0
   tuple-ids=0 row-size=16B cardinality=220.26M(filtered from 2.16G) cost=50747879
   in pipelines: 00(GETNEXT)
====
