# TPCDS-Q95
# start query 95 in stream 0 using template query95.tpl using seed 1421024453
with ws_wh as
(select ws1.ws_order_number,ws1.ws_warehouse_sk wh1,ws2.ws_warehouse_sk wh2
 from web_sales ws1,web_sales ws2
 where ws1.ws_order_number = ws2.ws_order_number
   and ws1.ws_warehouse_sk <> ws2.ws_warehouse_sk)
 select
   count(distinct ws_order_number) as "order count"
  ,sum(ws_ext_ship_cost) as "total shipping cost"
  ,sum(ws_net_profit) as "total net profit"
from
   web_sales ws1
  ,date_dim
  ,customer_address
  ,web_site
where
    d_date between cast('2000-3-01' as date) and
           (cast('2000-3-01' as date) + interval 60 days)
and ws1.ws_ship_date_sk = d_date_sk
and ws1.ws_ship_addr_sk = ca_address_sk
and ca_state = 'TN'
and ws1.ws_web_site_sk = web_site_sk
and web_company_name = 'pri'
and ws1.ws_order_number in (select ws_order_number
                            from ws_wh)
and ws1.ws_order_number in (select wr_order_number
                            from web_returns,ws_wh
                            where wr_order_number = ws_wh.ws_order_number)
order by count(distinct ws_order_number)
limit 100;

# end query 95 in stream 0 using template query95.tpl
---- PLAN
Max Per-Host Resource Reservation: Memory=302.25MB Threads=1
Per-Host Resource Estimates: Memory=114.78GB
F00:PLAN FRAGMENT [UNPARTITIONED] hosts=1 instances=1
|  Per-Instance Resources: mem-estimate=114.78GB mem-reservation=302.25MB thread-reservation=1 runtime-filters-memory=53.00MB
|  max-parallelism=1 segment-costs=[16453556987, 30961638418, 979524347, 43005, 0, 0]
PLAN-ROOT SINK
|  output exprs: count(ws_order_number), sum(ws_ext_ship_cost), sum(ws_net_profit)
|  mem-estimate=0B mem-reservation=0B thread-reservation=0 cost=0
|
21:TOP-N [LIMIT=100]
|  order by: count(ws_order_number) ASC
|  mem-estimate=40B mem-reservation=0B thread-reservation=0
|  tuple-ids=15 row-size=40B cardinality=1 cost=0
|  in pipelines: 21(GETNEXT), 20(OPEN)
|
30:TUPLE CACHE
|  cache key: db07fb6643feec908322cdcb2016c5c1
|  input scan node ids: 8,9,7,4,5,0,2,1,3
|  estimated serialized size: 44B
|  estimated serialized size per node: 4B
|  cumulative processing cost: 48394762757
|  cache read processing cost: 0
|  cache write processing cost: 0
|  mem-estimate=4.00MB mem-reservation=4.00MB spill-buffer=2.00MB thread-reservation=0
|  tuple-ids=14 row-size=40B cardinality=1 cost=0
|  in pipelines: 20(GETNEXT)
|
20:AGGREGATE [FINALIZE]
|  output: count(ws_order_number), sum:merge(ws_ext_ship_cost), sum:merge(ws_net_profit)
|  mem-estimate=16.00KB mem-reservation=0B spill-buffer=2.00MB thread-reservation=0
|  tuple-ids=14 row-size=40B cardinality=1 cost=43005
|  in pipelines: 20(GETNEXT), 19(OPEN)
|
29:TUPLE CACHE
|  cache key: f10bb112b2d980def6a2cbdaa6c6bc2e
|  input scan node ids: 8,9,7,4,5,0,2,1,3
|  estimated serialized size: 8.59MB
|  estimated serialized size per node: 879.95KB
|  cumulative processing cost: 48394719752
|  cache read processing cost: 27216
|  cache write processing cost: 24328
|  mem-estimate=4.00MB mem-reservation=4.00MB spill-buffer=2.00MB thread-reservation=0
|  tuple-ids=13 row-size=40B cardinality=204.79K cost=0
|  in pipelines: 19(GETNEXT)
|
19:AGGREGATE
|  output: sum(ws_ext_ship_cost), sum(ws_net_profit)
|  group by: ws_order_number
|  mem-estimate=17.00MB mem-reservation=17.00MB spill-buffer=1.00MB thread-reservation=0
|  tuple-ids=13 row-size=40B cardinality=204.79K cost=608161
|  in pipelines: 19(GETNEXT), 17(OPEN)
|
28:TUPLE CACHE
|  cache key: 17a6b245d3f9a67bdd7d2b6566599b8f
|  input scan node ids: 8,9,7,4,5,0,2,1,3
|  estimated serialized size: 17.57MB
|  estimated serialized size per node: 1.76MB
|  cumulative processing cost: 48394111591
|  cache read processing cost: 27216
|  cache write processing cost: 49737
|  mem-estimate=4.00MB mem-reservation=4.00MB spill-buffer=2.00MB thread-reservation=0
|  tuple-ids=0,2,1,3 row-size=74B cardinality=204.79K cost=0
|  in pipelines: 17(GETNEXT)
|
18:HASH JOIN [RIGHT SEMI JOIN]
|  hash predicates: tpcds_partitioned_parquet_snap.web_returns.wr_order_number = ws1.ws_order_number
|  runtime filters: RF000[bloom] <- ws1.ws_order_number, RF001[min_max] <- ws1.ws_order_number
|  mem-estimate=34.00MB mem-reservation=34.00MB spill-buffer=2.00MB thread-reservation=0
|  tuple-ids=0,2,1,3 row-size=74B cardinality=204.79K cost=32352042
|  in pipelines: 17(GETNEXT), 15(OPEN)
|
|--27:TUPLE CACHE
|  |  cache key: d0d586fa47b1a7b56cddbb4a743cb632
|  |  input scan node ids: 4,5,0,2,1,3
|  |  estimated serialized size: 17.57MB
|  |  estimated serialized size per node: 1.76MB
|  |  cumulative processing cost: 17400121131
|  |  cache read processing cost: 27216
|  |  cache write processing cost: 49737
|  |  mem-estimate=4.00MB mem-reservation=4.00MB spill-buffer=2.00MB thread-reservation=0
|  |  tuple-ids=0,2,1,3 row-size=74B cardinality=204.79K cost=0
|  |  in pipelines: 15(GETNEXT)
|  |
|  16:HASH JOIN [RIGHT SEMI JOIN]
|  |  hash predicates: ws1.ws_order_number = ws1.ws_order_number
|  |  runtime filters: RF006[bloom] <- ws1.ws_order_number, RF007[min_max] <- ws1.ws_order_number
|  |  mem-estimate=34.00MB mem-reservation=34.00MB spill-buffer=2.00MB thread-reservation=0
|  |  tuple-ids=0,2,1,3 row-size=74B cardinality=204.79K cost=45471081
|  |  in pipelines: 15(GETNEXT), 00(OPEN)
|  |
|  |--26:TUPLE CACHE
|  |  |  cache key: edde051454a0caf44f2a5827dfdb813f
|  |  |  input scan node ids: 0,2,1,3
|  |  |  estimated serialized size: 17.57MB
|  |  |  estimated serialized size per node: 1.76MB
|  |  |  cumulative processing cost: 901093063
|  |  |  cache read processing cost: 27216
|  |  |  cache write processing cost: 49737
|  |  |  mem-estimate=4.00MB mem-reservation=4.00MB spill-buffer=2.00MB thread-reservation=0
|  |  |  tuple-ids=0,2,1,3 row-size=74B cardinality=204.79K cost=0
|  |  |  in pipelines: 00(GETNEXT)
|  |  |
|  |  14:HASH JOIN [INNER JOIN]
|  |  |  hash predicates: ws1.ws_web_site_sk = web_site_sk
|  |  |  fk/pk conjuncts: ws1.ws_web_site_sk = web_site_sk
|  |  |  runtime filters: RF010[bloom] <- web_site_sk, RF011[min_max] <- web_site_sk
|  |  |  mem-estimate=1.94MB mem-reservation=1.94MB spill-buffer=64.00KB thread-reservation=0
|  |  |  tuple-ids=0,2,1,3 row-size=74B cardinality=204.79K cost=357063
|  |  |  in pipelines: 00(GETNEXT), 03(OPEN)
|  |  |
|  |  |--25:TUPLE CACHE
|  |  |  |  cache key: 7bc5a6959895a93c46f82d53e8c64edf
|  |  |  |  input scan node ids: 3
|  |  |  |  estimated serialized size: 263B
|  |  |  |  estimated serialized size per node: 263B
|  |  |  |  cumulative processing cost: 9
|  |  |  |  cache read processing cost: 1
|  |  |  |  cache write processing cost: 0
|  |  |  |  mem-estimate=4.00MB mem-reservation=4.00MB spill-buffer=2.00MB thread-reservation=0
|  |  |  |  tuple-ids=3 row-size=20B cardinality=11 cost=0
|  |  |  |  in pipelines: 03(GETNEXT)
|  |  |  |
|  |  |  03:SCAN HDFS [tpcds_partitioned_parquet_snap.web_site]
|  |  |     HDFS partitions=1/1 files=1 size=17.88KB
|  |  |     deterministic scan range assignment: true
|  |  |     schedule scan ranges oldest to newest: true
|  |  |     predicates: web_company_name = 'pri'
|  |  |     stored statistics:
|  |  |       table: rows=66 size=17.88KB
|  |  |       columns: all
|  |  |     extrapolated-rows=disabled max-scan-range-rows=66
|  |  |     parquet statistics predicates: web_company_name = 'pri'
|  |  |     parquet dictionary predicates: web_company_name = 'pri'
|  |  |     mem-estimate=16.00MB mem-reservation=16.00KB thread-reservation=0
|  |  |     tuple-ids=3 row-size=20B cardinality=11 cost=9
|  |  |     in pipelines: 03(GETNEXT)
|  |  |
|  |  24:TUPLE CACHE
|  |  |  cache key: ea92fef73898060248fcb3686fd0ad06
|  |  |  input scan node ids: 0,2,1
|  |  |  estimated serialized size: 78.51MB
|  |  |  estimated serialized size per node: 7.85MB
|  |  |  cumulative processing cost: 900735991
|  |  |  cache read processing cost: 165772
|  |  |  cache write processing cost: 222277
|  |  |  mem-estimate=4.00MB mem-reservation=4.00MB spill-buffer=2.00MB thread-reservation=0
|  |  |  tuple-ids=0,2,1 row-size=54B cardinality=1.25M cost=0
|  |  |  in pipelines: 00(GETNEXT)
|  |  |
|  |  13:HASH JOIN [INNER JOIN]
|  |  |  hash predicates: ws1.ws_ship_date_sk = d_date_sk
|  |  |  fk/pk conjuncts: ws1.ws_ship_date_sk = d_date_sk
|  |  |  runtime filters: RF012[bloom] <- d_date_sk, RF013[min_max] <- d_date_sk
|  |  |  mem-estimate=1.94MB mem-reservation=1.94MB spill-buffer=64.00KB thread-reservation=0
|  |  |  tuple-ids=0,2,1 row-size=54B cardinality=1.25M cost=10422341
|  |  |  in pipelines: 00(GETNEXT), 01(OPEN)
|  |  |
|  |  |--23:TUPLE CACHE
|  |  |  |  cache key: 89e269b6847cff37f53441be86febb86
|  |  |  |  input scan node ids: 1
|  |  |  |  estimated serialized size: 732B
|  |  |  |  estimated serialized size per node: 732B
|  |  |  |  cumulative processing cost: 12520
|  |  |  |  cache read processing cost: 8
|  |  |  |  cache write processing cost: 1
|  |  |  |  mem-estimate=4.00MB mem-reservation=4.00MB spill-buffer=2.00MB thread-reservation=0
|  |  |  |  tuple-ids=1 row-size=8B cardinality=61 cost=0
|  |  |  |  in pipelines: 01(GETNEXT)
|  |  |  |
|  |  |  01:SCAN HDFS [tpcds_partitioned_parquet_snap.date_dim]
|  |  |     HDFS partitions=1/1 files=1 size=2.17MB
|  |  |     deterministic scan range assignment: true
|  |  |     schedule scan ranges oldest to newest: true
|  |  |     predicates: d_date <= DATE '2000-04-30', d_date >= DATE '2000-03-01'
|  |  |     stored statistics:
|  |  |       table: rows=73.05K size=2.17MB
|  |  |       columns: all
|  |  |     extrapolated-rows=disabled max-scan-range-rows=73.05K
|  |  |     parquet statistics predicates: d_date <= DATE '2000-04-30', d_date >= DATE '2000-03-01'
|  |  |     parquet dictionary predicates: d_date <= DATE '2000-04-30', d_date >= DATE '2000-03-01'
|  |  |     mem-estimate=16.00MB mem-reservation=1.00MB thread-reservation=0
|  |  |     tuple-ids=1 row-size=8B cardinality=61 cost=12520
|  |  |     in pipelines: 01(GETNEXT)
|  |  |
|  |  12:HASH JOIN [INNER JOIN]
|  |  |  hash predicates: ws1.ws_ship_addr_sk = ca_address_sk
|  |  |  fk/pk conjuncts: ws1.ws_ship_addr_sk = ca_address_sk
|  |  |  runtime filters: RF014[bloom] <- ca_address_sk, RF015[min_max] <- ca_address_sk
|  |  |  mem-estimate=17.00MB mem-reservation=17.00MB spill-buffer=1.00MB thread-reservation=0
|  |  |  tuple-ids=0,2 row-size=46B cardinality=39.75M(filtered from 39.75M) cost=17684546
|  |  |  in pipelines: 00(GETNEXT), 02(OPEN)
|  |  |
|  |  |--22:TUPLE CACHE
|  |  |  |  cache key: fbcfa20d5dcacd71bd197c2c9ba080c5
|  |  |  |  input scan node ids: 2
|  |  |  |  estimated serialized size: 5.99MB
|  |  |  |  estimated serialized size per node: 612.97KB
|  |  |  |  cumulative processing cost: 1717500
|  |  |  |  cache read processing cost: 37917
|  |  |  |  cache write processing cost: 16947
|  |  |  |  mem-estimate=4.00MB mem-reservation=4.00MB spill-buffer=2.00MB thread-reservation=0
|  |  |  |  tuple-ids=2 row-size=18B cardinality=285.31K cost=0
|  |  |  |  in pipelines: 02(GETNEXT)
|  |  |  |
|  |  |  02:SCAN HDFS [tpcds_partitioned_parquet_snap.customer_address]
|  |  |     HDFS partitions=1/1 files=1 size=307.36MB
|  |  |     deterministic scan range assignment: true
|  |  |     schedule scan ranges oldest to newest: true
|  |  |     predicates: ca_state = 'TN'
|  |  |     stored statistics:
|  |  |       table: rows=15.00M size=307.36MB
|  |  |       columns: all
|  |  |     extrapolated-rows=disabled max-scan-range-rows=1.58M
|  |  |     parquet statistics predicates: ca_state = 'TN'
|  |  |     parquet dictionary predicates: ca_state = 'TN'
|  |  |     mem-estimate=16.00MB mem-reservation=128.00KB thread-reservation=0
|  |  |     tuple-ids=2 row-size=18B cardinality=285.31K cost=1717500
|  |  |     in pipelines: 02(GETNEXT)
|  |  |
|  |  00:SCAN HDFS [tpcds_partitioned_parquet_snap.web_sales ws1]
|  |     HDFS partitions=1824/1824 files=1824 size=145.75GB
|  |     deterministic scan range assignment: true
|  |     schedule scan ranges oldest to newest: true
|  |     runtime filters: RF015[min_max] -> ws1.ws_ship_addr_sk, RF013[min_max] -> ws1.ws_ship_date_sk, RF011[min_max] -> ws1.ws_web_site_sk, RF014[bloom] -> ws1.ws_ship_addr_sk, RF012[bloom] -> ws1.ws_ship_date_sk, RF010[bloom] -> ws1.ws_web_site_sk
|  |     stored statistics:
|  |       table: rows=2.16G size=145.75GB
|  |       partitions: 1824/1824 rows=2.16G
|  |       columns: all
|  |     extrapolated-rows=disabled max-scan-range-rows=3.37M
|  |     mem-estimate=16.00MB mem-reservation=128.00KB thread-reservation=0
|  |     tuple-ids=0 row-size=28B cardinality=39.75M(filtered from 2.16G) cost=870899084
|  |     in pipelines: 00(GETNEXT)
|  |
|  15:AGGREGATE [FINALIZE]
|  |  group by: ws1.ws_order_number
|  |  mem-estimate=3.28GB mem-reservation=34.00MB spill-buffer=2.00MB thread-reservation=0
|  |  tuple-ids=25 row-size=8B cardinality=176.33M cost=8198812079
|  |  in pipelines: 15(GETNEXT), 04(OPEN)
|  |
|  06:HASH JOIN [INNER JOIN]
|  |  hash predicates: ws1.ws_order_number = ws2.ws_order_number
|  |  fk/pk conjuncts: none
|  |  other predicates: ws1.ws_warehouse_sk != ws2.ws_warehouse_sk
|  |  runtime filters: RF008[bloom] <- ws2.ws_order_number, RF009[min_max] <- ws2.ws_order_number
|  |  mem-estimate=50.00GB mem-reservation=34.00MB spill-buffer=2.00MB thread-reservation=0
|  |  tuple-ids=4,5 row-size=24B cardinality=26.46G cost=7508259980
|  |  in pipelines: 04(GETNEXT), 05(OPEN)
|  |
|  |--05:SCAN HDFS [tpcds_partitioned_parquet_snap.web_sales ws2]
|  |     HDFS partitions=1824/1824 files=1824 size=145.75GB
|  |     deterministic scan range assignment: true
|  |     schedule scan ranges oldest to newest: true
|  |     runtime filters: RF007[min_max] -> ws2.ws_order_number, RF006[bloom] -> ws2.ws_order_number
|  |     stored statistics:
|  |       table: rows=2.16G size=145.75GB
|  |       partitions: 1824/1824 rows=2.16G
|  |       columns: all
|  |     extrapolated-rows=disabled max-scan-range-rows=3.37M
|  |     mem-estimate=16.00MB mem-reservation=128.00KB thread-reservation=0
|  |     tuple-ids=5 row-size=12B cardinality=2.16G cost=373242464
|  |     in pipelines: 05(GETNEXT)
|  |
|  04:SCAN HDFS [tpcds_partitioned_parquet_snap.web_sales ws1]
|     HDFS partitions=1824/1824 files=1824 size=145.75GB
|     deterministic scan range assignment: true
|     schedule scan ranges oldest to newest: true
|     runtime filters: RF007[min_max] -> ws1.ws_order_number, RF009[min_max] -> ws1.ws_order_number, RF006[bloom] -> ws1.ws_order_number, RF008[bloom] -> ws1.ws_order_number
|     stored statistics:
|       table: rows=2.16G size=145.75GB
|       partitions: 1824/1824 rows=2.16G
|       columns: all
|     extrapolated-rows=disabled max-scan-range-rows=3.37M
|     mem-estimate=16.00MB mem-reservation=128.00KB thread-reservation=0
|     tuple-ids=4 row-size=12B cardinality=2.16G cost=373242464
|     in pipelines: 04(GETNEXT)
|
17:AGGREGATE [FINALIZE]
|  group by: tpcds_partitioned_parquet_snap.web_returns.wr_order_number
|  mem-estimate=2.33GB mem-reservation=34.00MB spill-buffer=2.00MB thread-reservation=0
|  tuple-ids=26 row-size=8B cardinality=125.19M cost=9806574220
|  in pipelines: 17(GETNEXT), 08(OPEN)
|
11:HASH JOIN [INNER JOIN]
|  hash predicates: ws1.ws_order_number = wr_order_number
|  fk/pk conjuncts: none
|  runtime filters: RF002[bloom] <- wr_order_number, RF003[min_max] <- wr_order_number
|  mem-estimate=8.96GB mem-reservation=34.00MB spill-buffer=2.00MB thread-reservation=0
|  tuple-ids=9,10,8 row-size=32B cardinality=32.41G cost=12875435781
|  in pipelines: 08(GETNEXT), 07(OPEN)
|
|--07:SCAN HDFS [tpcds_partitioned_parquet_snap.web_returns]
|     HDFS partitions=2114/2114 files=2114 size=16.74GB
|     deterministic scan range assignment: true
|     schedule scan ranges oldest to newest: true
|     runtime filters: RF001[min_max] -> tpcds_partitioned_parquet_snap.web_returns.wr_order_number, RF000[bloom] -> tpcds_partitioned_parquet_snap.web_returns.wr_order_number
|     stored statistics:
|       table: rows=216.00M size=16.74GB
|       partitions: 2114/2114 rows=216.00M
|       columns: all
|     extrapolated-rows=disabled max-scan-range-rows=9.41M
|     mem-estimate=16.00MB mem-reservation=256.00KB thread-reservation=0
|     tuple-ids=8 row-size=8B cardinality=216.00M cost=24883509
|     in pipelines: 07(GETNEXT)
|
10:HASH JOIN [INNER JOIN]
|  hash predicates: ws1.ws_order_number = ws2.ws_order_number
|  fk/pk conjuncts: none
|  other predicates: ws1.ws_warehouse_sk != ws2.ws_warehouse_sk
|  runtime filters: RF004[bloom] <- ws2.ws_order_number, RF005[min_max] <- ws2.ws_order_number
|  mem-estimate=50.00GB mem-reservation=34.00MB spill-buffer=2.00MB thread-reservation=0
|  tuple-ids=9,10 row-size=24B cardinality=26.46G cost=7508259980
|  in pipelines: 08(GETNEXT), 09(OPEN)
|
|--09:SCAN HDFS [tpcds_partitioned_parquet_snap.web_sales ws2]
|     HDFS partitions=1824/1824 files=1824 size=145.75GB
|     deterministic scan range assignment: true
|     schedule scan ranges oldest to newest: true
|     runtime filters: RF001[min_max] -> ws2.ws_order_number, RF003[min_max] -> ws2.ws_order_number, RF000[bloom] -> ws2.ws_order_number, RF002[bloom] -> ws2.ws_order_number
|     stored statistics:
|       table: rows=2.16G size=145.75GB
|       partitions: 1824/1824 rows=2.16G
|       columns: all
|     extrapolated-rows=disabled max-scan-range-rows=3.37M
|     mem-estimate=16.00MB mem-reservation=128.00KB thread-reservation=0
|     tuple-ids=10 row-size=12B cardinality=2.16G cost=373242464
|     in pipelines: 09(GETNEXT)
|
08:SCAN HDFS [tpcds_partitioned_parquet_snap.web_sales ws1]
   HDFS partitions=1824/1824 files=1824 size=145.75GB
   deterministic scan range assignment: true
   schedule scan ranges oldest to newest: true
   runtime filters: RF001[min_max] -> ws1.ws_order_number, RF003[min_max] -> ws1.ws_order_number, RF005[min_max] -> ws1.ws_order_number, RF000[bloom] -> ws1.ws_order_number, RF002[bloom] -> ws1.ws_order_number, RF004[bloom] -> ws1.ws_order_number
   stored statistics:
     table: rows=2.16G size=145.75GB
     partitions: 1824/1824 rows=2.16G
     columns: all
   extrapolated-rows=disabled max-scan-range-rows=3.37M
   mem-estimate=16.00MB mem-reservation=128.00KB thread-reservation=0
   tuple-ids=9 row-size=12B cardinality=2.16G cost=373242464
   in pipelines: 08(GETNEXT)
---- DISTRIBUTEDPLAN
Max Per-Host Resource Reservation: Memory=3.02GB Threads=140
Per-Host Resource Estimates: Memory=92.19GB
F11:PLAN FRAGMENT [UNPARTITIONED] hosts=1 instances=1
|  Per-Instance Resources: mem-estimate=32.00KB mem-reservation=0B thread-reservation=1
|  max-parallelism=1 segment-costs=[0, 0, 0] cpu-comparison-result=850 [max(1 (self) vs 850 (sum children))]
PLAN-ROOT SINK
|  output exprs: count(ws_order_number), sum(ws_ext_ship_cost), sum(ws_net_profit)
|  mem-estimate=0B mem-reservation=0B thread-reservation=0 cost=0
|
21:TOP-N [LIMIT=100]
|  order by: count(ws_order_number) ASC
|  mem-estimate=40B mem-reservation=0B thread-reservation=0
|  tuple-ids=15 row-size=40B cardinality=1 cost=0
|  in pipelines: 21(GETNEXT), 32(OPEN)
|
32:AGGREGATE [FINALIZE]
|  output: count:merge(ws_order_number), sum:merge(ws_ext_ship_cost), sum:merge(ws_net_profit)
|  mem-estimate=16.00KB mem-reservation=0B spill-buffer=2.00MB thread-reservation=0
|  tuple-ids=14 row-size=40B cardinality=1 cost=0
|  in pipelines: 32(GETNEXT), 20(OPEN)
|
31:EXCHANGE [UNPARTITIONED]
|  mem-estimate=16.00KB mem-reservation=0B thread-reservation=0
|  tuple-ids=14 row-size=40B cardinality=1 cost=0
|  in pipelines: 20(GETNEXT)
|
F02:PLAN FRAGMENT [HASH(ws1.ws_order_number)] hosts=10 instances=120
Per-Instance Resources: mem-estimate=2.34GB mem-reservation=35.94MB thread-reservation=1
max-parallelism=2820 segment-costs=[28173502000, 32755414, 43005, 3] cpu-comparison-result=850 [max(240 (self) vs 850 (sum children))]
20:AGGREGATE
|  output: count(ws_order_number), sum:merge(ws_ext_ship_cost), sum:merge(ws_net_profit)
|  mem-estimate=16.00KB mem-reservation=0B spill-buffer=2.00MB thread-reservation=0
|  tuple-ids=14 row-size=40B cardinality=1 cost=43005
|  in pipelines: 20(GETNEXT), 19(OPEN)
|
19:AGGREGATE
|  output: sum(ws_ext_ship_cost), sum(ws_net_profit)
|  group by: ws_order_number
|  mem-estimate=10.00MB mem-reservation=1.94MB spill-buffer=64.00KB thread-reservation=0
|  tuple-ids=13 row-size=40B cardinality=204.79K cost=608161
|  in pipelines: 19(GETNEXT), 17(OPEN)
|
18:HASH JOIN [RIGHT SEMI JOIN, PARTITIONED]
|  hash-table-id=00
|  hash predicates: tpcds_partitioned_parquet_snap.web_returns.wr_order_number = ws1.ws_order_number
|  mem-estimate=0B mem-reservation=0B spill-buffer=64.00KB thread-reservation=0
|  tuple-ids=0,2,1,3 row-size=74B cardinality=204.79K cost=32147253
|  in pipelines: 17(GETNEXT), 15(OPEN)
|
|--F12:PLAN FRAGMENT [HASH(ws1.ws_order_number)] hosts=10 instances=120
|  |  Per-Instance Resources: mem-estimate=3.30GB mem-reservation=36.94MB thread-reservation=1 runtime-filters-memory=1.00MB
|  |  max-parallelism=2820 segment-costs=[13906306764, 45471081] cpu-comparison-result=460 [max(240 (self) vs 460 (sum children))]
|  JOIN BUILD
|  |  join-table-id=00 plan-id=01 cohort-id=01
|  |  build expressions: ws1.ws_order_number
|  |  runtime filters: RF000[bloom] <- ws1.ws_order_number, RF001[min_max] <- ws1.ws_order_number
|  |  mem-estimate=1.94MB mem-reservation=1.94MB spill-buffer=64.00KB thread-reservation=0 cost=204789
|  |
|  16:HASH JOIN [RIGHT SEMI JOIN, PARTITIONED]
|  |  hash-table-id=01
|  |  hash predicates: ws1.ws_order_number = ws1.ws_order_number
|  |  mem-estimate=0B mem-reservation=0B spill-buffer=64.00KB thread-reservation=0
|  |  tuple-ids=0,2,1,3 row-size=74B cardinality=204.79K cost=45266292
|  |  in pipelines: 15(GETNEXT), 00(OPEN)
|  |
|  |--F13:PLAN FRAGMENT [HASH(ws1.ws_order_number)] hosts=10 instances=120
|  |  |  Per-Instance Resources: mem-estimate=13.17MB mem-reservation=2.94MB thread-reservation=1 runtime-filters-memory=1.00MB
|  |  |  max-parallelism=2820 segment-costs=[319815] cpu-comparison-result=220 [max(220 (self) vs 42 (sum children))]
|  |  JOIN BUILD
|  |  |  join-table-id=01 plan-id=02 cohort-id=02
|  |  |  build expressions: ws1.ws_order_number
|  |  |  runtime filters: RF006[bloom] <- ws1.ws_order_number, RF007[min_max] <- ws1.ws_order_number
|  |  |  mem-estimate=1.94MB mem-reservation=1.94MB spill-buffer=64.00KB thread-reservation=0 cost=204789
|  |  |
|  |  30:EXCHANGE [HASH(ws1.ws_order_number)]
|  |  |  mem-estimate=10.23MB mem-reservation=0B thread-reservation=0
|  |  |  tuple-ids=0,2,1,3 row-size=74B cardinality=204.79K cost=115026
|  |  |  in pipelines: 00(GETNEXT)
|  |  |
|  |  F07:PLAN FRAGMENT [RANDOM] hosts=10 instances=100 (adjusted from 120)
|  |  Per-Host Shared Resources: mem-estimate=3.00MB mem-reservation=3.00MB thread-reservation=0 runtime-filters-memory=3.00MB
|  |  Per-Instance Resources: mem-estimate=66.17MB mem-reservation=8.12MB thread-reservation=1
|  |  max-parallelism=100 segment-costs=[900475003]
|  |  37:TUPLE CACHE
|  |  |  cache key: cb7b9eab050b775dd7a28a3a6801640e
|  |  |  input scan node ids: 0
|  |  |  estimated serialized size: 17.57MB
|  |  |  estimated serialized size per node: 1.76MB
|  |  |  cumulative processing cost: 901492353
|  |  |  cache read processing cost: 27216
|  |  |  cache write processing cost: 49737
|  |  |  mem-estimate=4.00MB mem-reservation=4.00MB spill-buffer=2.00MB thread-reservation=0
|  |  |  tuple-ids=0,2,1,3 row-size=74B cardinality=204.79K cost=0
|  |  |  in pipelines: 00(GETNEXT)
|  |  |
|  |  14:HASH JOIN [INNER JOIN, BROADCAST]
|  |  |  hash-table-id=02
|  |  |  hash predicates: ws1.ws_web_site_sk = web_site_sk
|  |  |  fk/pk conjuncts: ws1.ws_web_site_sk = web_site_sk
|  |  |  mem-estimate=0B mem-reservation=0B spill-buffer=64.00KB thread-reservation=0
|  |  |  tuple-ids=0,2,1,3 row-size=74B cardinality=204.79K cost=357052
|  |  |  in pipelines: 00(GETNEXT), 03(OPEN)
|  |  |
|  |  |--F14:PLAN FRAGMENT [RANDOM] hosts=10 instances=10
|  |  |  |  Per-Instance Resources: mem-estimate=20.39MB mem-reservation=20.38MB thread-reservation=1 runtime-filters-memory=1.00MB
|  |  |  |  max-parallelism=10 segment-costs=[21]
|  |  |  JOIN BUILD
|  |  |  |  join-table-id=02 plan-id=03 cohort-id=03
|  |  |  |  build expressions: web_site_sk
|  |  |  |  runtime filters: RF010[bloom] <- web_site_sk, RF011[min_max] <- web_site_sk
|  |  |  |  mem-estimate=19.38MB mem-reservation=19.38MB spill-buffer=64.00KB thread-reservation=0 cost=11
|  |  |  |
|  |  |  29:EXCHANGE [BROADCAST]
|  |  |  |  mem-estimate=16.00KB mem-reservation=0B thread-reservation=0
|  |  |  |  tuple-ids=3 row-size=20B cardinality=11 cost=10
|  |  |  |  in pipelines: 03(GETNEXT)
|  |  |  |
|  |  |  F10:PLAN FRAGMENT [RANDOM] hosts=1 instances=1
|  |  |  Per-Instance Resources: mem-estimate=20.09MB mem-reservation=4.02MB thread-reservation=1
|  |  |  max-parallelism=1 segment-costs=[9]
|  |  |  36:TUPLE CACHE
|  |  |  |  cache key: 7bc5a6959895a93c46f82d53e8c64edf
|  |  |  |  input scan node ids: 3
|  |  |  |  estimated serialized size: 263B
|  |  |  |  estimated serialized size per node: 263B
|  |  |  |  cumulative processing cost: 9
|  |  |  |  cache read processing cost: 1
|  |  |  |  cache write processing cost: 0
|  |  |  |  mem-estimate=4.00MB mem-reservation=4.00MB spill-buffer=2.00MB thread-reservation=0
|  |  |  |  tuple-ids=3 row-size=20B cardinality=11 cost=0
|  |  |  |  in pipelines: 03(GETNEXT)
|  |  |  |
|  |  |  03:SCAN HDFS [tpcds_partitioned_parquet_snap.web_site, RANDOM]
|  |  |     HDFS partitions=1/1 files=1 size=17.88KB
|  |  |     deterministic scan range assignment: true
|  |  |     schedule scan ranges oldest to newest: true
|  |  |     predicates: web_company_name = 'pri'
|  |  |     stored statistics:
|  |  |       table: rows=66 size=17.88KB
|  |  |       columns: all
|  |  |     extrapolated-rows=disabled max-scan-range-rows=66
|  |  |     parquet statistics predicates: web_company_name = 'pri'
|  |  |     parquet dictionary predicates: web_company_name = 'pri'
|  |  |     mem-estimate=16.00MB mem-reservation=16.00KB thread-reservation=0
|  |  |     tuple-ids=3 row-size=20B cardinality=11 cost=9
|  |  |     in pipelines: 03(GETNEXT)
|  |  |
|  |  35:TUPLE CACHE
|  |  |  cache key: 9fcc6488d143a7262dbaa40a154b0559
|  |  |  input scan node ids: 0
|  |  |  estimated serialized size: 78.51MB
|  |  |  estimated serialized size per node: 7.85MB
|  |  |  cumulative processing cost: 901135271
|  |  |  cache read processing cost: 165772
|  |  |  cache write processing cost: 222277
|  |  |  mem-estimate=4.00MB mem-reservation=4.00MB spill-buffer=2.00MB thread-reservation=0
|  |  |  tuple-ids=0,2,1 row-size=54B cardinality=1.25M cost=0
|  |  |  in pipelines: 00(GETNEXT)
|  |  |
|  |  13:HASH JOIN [INNER JOIN, BROADCAST]
|  |  |  hash-table-id=03
|  |  |  hash predicates: ws1.ws_ship_date_sk = d_date_sk
|  |  |  fk/pk conjuncts: ws1.ws_ship_date_sk = d_date_sk
|  |  |  mem-estimate=0B mem-reservation=0B spill-buffer=64.00KB thread-reservation=0
|  |  |  tuple-ids=0,2,1 row-size=54B cardinality=1.25M cost=10422280
|  |  |  in pipelines: 00(GETNEXT), 01(OPEN)
|  |  |
|  |  |--F15:PLAN FRAGMENT [RANDOM] hosts=10 instances=10
|  |  |  |  Per-Instance Resources: mem-estimate=20.39MB mem-reservation=20.38MB thread-reservation=1 runtime-filters-memory=1.00MB
|  |  |  |  max-parallelism=10 segment-costs=[141]
|  |  |  JOIN BUILD
|  |  |  |  join-table-id=03 plan-id=04 cohort-id=03
|  |  |  |  build expressions: d_date_sk
|  |  |  |  runtime filters: RF012[bloom] <- d_date_sk, RF013[min_max] <- d_date_sk
|  |  |  |  mem-estimate=19.38MB mem-reservation=19.38MB spill-buffer=64.00KB thread-reservation=0 cost=61
|  |  |  |
|  |  |  28:EXCHANGE [BROADCAST]
|  |  |  |  mem-estimate=16.00KB mem-reservation=0B thread-reservation=0
|  |  |  |  tuple-ids=1 row-size=8B cardinality=61 cost=80
|  |  |  |  in pipelines: 01(GETNEXT)
|  |  |  |
|  |  |  F09:PLAN FRAGMENT [RANDOM] hosts=1 instances=1
|  |  |  Per-Instance Resources: mem-estimate=20.05MB mem-reservation=5.00MB thread-reservation=1
|  |  |  max-parallelism=1 segment-costs=[12522]
|  |  |  34:TUPLE CACHE
|  |  |  |  cache key: 89e269b6847cff37f53441be86febb86
|  |  |  |  input scan node ids: 1
|  |  |  |  estimated serialized size: 732B
|  |  |  |  estimated serialized size per node: 732B
|  |  |  |  cumulative processing cost: 12520
|  |  |  |  cache read processing cost: 8
|  |  |  |  cache write processing cost: 1
|  |  |  |  mem-estimate=4.00MB mem-reservation=4.00MB spill-buffer=2.00MB thread-reservation=0
|  |  |  |  tuple-ids=1 row-size=8B cardinality=61 cost=0
|  |  |  |  in pipelines: 01(GETNEXT)
|  |  |  |
|  |  |  01:SCAN HDFS [tpcds_partitioned_parquet_snap.date_dim, RANDOM]
|  |  |     HDFS partitions=1/1 files=1 size=2.17MB
|  |  |     deterministic scan range assignment: true
|  |  |     schedule scan ranges oldest to newest: true
|  |  |     predicates: d_date <= DATE '2000-04-30', d_date >= DATE '2000-03-01'
|  |  |     stored statistics:
|  |  |       table: rows=73.05K size=2.17MB
|  |  |       columns: all
|  |  |     extrapolated-rows=disabled max-scan-range-rows=73.05K
|  |  |     parquet statistics predicates: d_date <= DATE '2000-04-30', d_date >= DATE '2000-03-01'
|  |  |     parquet dictionary predicates: d_date <= DATE '2000-04-30', d_date >= DATE '2000-03-01'
|  |  |     mem-estimate=16.00MB mem-reservation=1.00MB thread-reservation=0
|  |  |     tuple-ids=1 row-size=8B cardinality=61 cost=12520
|  |  |     in pipelines: 01(GETNEXT)
|  |  |
|  |  12:HASH JOIN [INNER JOIN, BROADCAST]
|  |  |  hash-table-id=04
|  |  |  hash predicates: ws1.ws_ship_addr_sk = ca_address_sk
|  |  |  fk/pk conjuncts: ws1.ws_ship_addr_sk = ca_address_sk
|  |  |  mem-estimate=0B mem-reservation=0B spill-buffer=1.00MB thread-reservation=0
|  |  |  tuple-ids=0,2 row-size=46B cardinality=39.75M(filtered from 39.75M) cost=17399234
|  |  |  in pipelines: 00(GETNEXT), 02(OPEN)
|  |  |
|  |  |--F16:PLAN FRAGMENT [RANDOM] hosts=10 instances=10
|  |  |  |  Per-Instance Resources: mem-estimate=176.11MB mem-reservation=171.00MB thread-reservation=1 runtime-filters-memory=1.00MB
|  |  |  |  max-parallelism=10 segment-costs=[664482]
|  |  |  JOIN BUILD
|  |  |  |  join-table-id=04 plan-id=05 cohort-id=03
|  |  |  |  build expressions: ca_address_sk
|  |  |  |  runtime filters: RF014[bloom] <- ca_address_sk, RF015[min_max] <- ca_address_sk
|  |  |  |  mem-estimate=170.00MB mem-reservation=170.00MB spill-buffer=1.00MB thread-reservation=0 cost=285312
|  |  |  |
|  |  |  27:EXCHANGE [BROADCAST]
|  |  |  |  mem-estimate=5.11MB mem-reservation=0B thread-reservation=0
|  |  |  |  tuple-ids=2 row-size=18B cardinality=285.31K cost=379170
|  |  |  |  in pipelines: 02(GETNEXT)
|  |  |  |
|  |  |  F08:PLAN FRAGMENT [RANDOM] hosts=10 instances=10
|  |  |  Per-Instance Resources: mem-estimate=20.09MB mem-reservation=4.12MB thread-reservation=1
|  |  |  max-parallelism=10 segment-costs=[1737528]
|  |  |  33:TUPLE CACHE
|  |  |  |  cache key: fbcfa20d5dcacd71bd197c2c9ba080c5
|  |  |  |  input scan node ids: 2
|  |  |  |  estimated serialized size: 5.99MB
|  |  |  |  estimated serialized size per node: 612.97KB
|  |  |  |  cumulative processing cost: 1717500
|  |  |  |  cache read processing cost: 37917
|  |  |  |  cache write processing cost: 16947
|  |  |  |  mem-estimate=4.00MB mem-reservation=4.00MB spill-buffer=2.00MB thread-reservation=0
|  |  |  |  tuple-ids=2 row-size=18B cardinality=285.31K cost=0
|  |  |  |  in pipelines: 02(GETNEXT)
|  |  |  |
|  |  |  02:SCAN HDFS [tpcds_partitioned_parquet_snap.customer_address, RANDOM]
|  |  |     HDFS partitions=1/1 files=1 size=307.36MB
|  |  |     deterministic scan range assignment: true
|  |  |     schedule scan ranges oldest to newest: true
|  |  |     predicates: ca_state = 'TN'
|  |  |     stored statistics:
|  |  |       table: rows=15.00M size=307.36MB
|  |  |       columns: all
|  |  |     extrapolated-rows=disabled max-scan-range-rows=1.58M
|  |  |     parquet statistics predicates: ca_state = 'TN'
|  |  |     parquet dictionary predicates: ca_state = 'TN'
|  |  |     mem-estimate=16.00MB mem-reservation=128.00KB thread-reservation=0
|  |  |     tuple-ids=2 row-size=18B cardinality=285.31K cost=1717500
|  |  |     in pipelines: 02(GETNEXT)
|  |  |
|  |  00:SCAN HDFS [tpcds_partitioned_parquet_snap.web_sales ws1, RANDOM]
|  |     HDFS partitions=1824/1824 files=1824 size=145.75GB
|  |     deterministic scan range assignment: true
|  |     schedule scan ranges oldest to newest: true
|  |     runtime filters: RF015[min_max] -> ws1.ws_ship_addr_sk, RF013[min_max] -> ws1.ws_ship_date_sk, RF011[min_max] -> ws1.ws_web_site_sk, RF014[bloom] -> ws1.ws_ship_addr_sk, RF012[bloom] -> ws1.ws_ship_date_sk, RF010[bloom] -> ws1.ws_web_site_sk
|  |     stored statistics:
|  |       table: rows=2.16G size=145.75GB
|  |       partitions: 1824/1824 rows=2.16G
|  |       columns: all
|  |     extrapolated-rows=disabled max-scan-range-rows=3.37M
|  |     mem-estimate=16.00MB mem-reservation=128.00KB thread-reservation=0
|  |     tuple-ids=0 row-size=28B cardinality=39.75M(filtered from 2.16G) cost=870899084
|  |     in pipelines: 00(GETNEXT)
|  |
|  15:AGGREGATE [FINALIZE]
|  |  group by: ws1.ws_order_number
|  |  mem-estimate=3.28GB mem-reservation=34.00MB spill-buffer=2.00MB thread-reservation=0
|  |  tuple-ids=25 row-size=8B cardinality=176.33M cost=8198812079
|  |  in pipelines: 15(GETNEXT), 04(OPEN)
|  |
|  06:HASH JOIN [INNER JOIN, PARTITIONED]
|  |  hash-table-id=05
|  |  hash predicates: ws1.ws_order_number = ws2.ws_order_number
|  |  fk/pk conjuncts: none
|  |  other predicates: ws1.ws_warehouse_sk != ws2.ws_warehouse_sk
|  |  mem-estimate=0B mem-reservation=0B spill-buffer=2.00MB thread-reservation=0
|  |  tuple-ids=4,5 row-size=24B cardinality=26.46G cost=5348292013
|  |  in pipelines: 04(GETNEXT), 05(OPEN)
|  |
|  |--F17:PLAN FRAGMENT [HASH(ws1.ws_order_number)] hosts=10 instances=120
|  |  |  Per-Instance Resources: mem-estimate=895.70MB mem-reservation=50.00MB thread-reservation=1 runtime-filters-memory=16.00MB
|  |  |  max-parallelism=2820 segment-costs=[2519170639]
|  |  JOIN BUILD
|  |  |  join-table-id=05 plan-id=06 cohort-id=02
|  |  |  build expressions: ws2.ws_order_number
|  |  |  runtime filters: RF008[bloom] <- ws2.ws_order_number, RF009[min_max] <- ws2.ws_order_number
|  |  |  mem-estimate=867.82MB mem-reservation=34.00MB spill-buffer=2.00MB thread-reservation=0 cost=2159967967
|  |  |
|  |  26:EXCHANGE [HASH(ws2.ws_order_number)]
|  |  |  mem-estimate=11.88MB mem-reservation=0B thread-reservation=0
|  |  |  tuple-ids=5 row-size=12B cardinality=2.16G cost=359202672
|  |  |  in pipelines: 05(GETNEXT)
|  |  |
|  |  F05:PLAN FRAGMENT [RANDOM] hosts=10 instances=120
|  |  Per-Host Shared Resources: mem-estimate=1.00MB mem-reservation=1.00MB thread-reservation=0 runtime-filters-memory=1.00MB
|  |  Per-Instance Resources: mem-estimate=23.50MB mem-reservation=128.00KB thread-reservation=1
|  |  max-parallelism=320 segment-costs=[3155281205]
|  |  05:SCAN HDFS [tpcds_partitioned_parquet_snap.web_sales ws2, RANDOM]
|  |     HDFS partitions=1824/1824 files=1824 size=145.75GB
|  |     runtime filters: RF007[min_max] -> ws2.ws_order_number, RF006[bloom] -> ws2.ws_order_number
|  |     stored statistics:
|  |       table: rows=2.16G size=145.75GB
|  |       partitions: 1824/1824 rows=2.16G
|  |       columns: all
|  |     extrapolated-rows=disabled max-scan-range-rows=3.37M
|  |     mem-estimate=16.00MB mem-reservation=128.00KB thread-reservation=0
|  |     tuple-ids=5 row-size=12B cardinality=2.16G cost=373242464
|  |     in pipelines: 05(GETNEXT)
|  |
|  25:EXCHANGE [HASH(ws1.ws_order_number)]
|  |  mem-estimate=11.88MB mem-reservation=0B thread-reservation=0
|  |  tuple-ids=4 row-size=12B cardinality=2.16G cost=359202672
|  |  in pipelines: 04(GETNEXT)
|  |
|  F04:PLAN FRAGMENT [RANDOM] hosts=10 instances=120
|  Per-Host Shared Resources: mem-estimate=17.00MB mem-reservation=17.00MB thread-reservation=0 runtime-filters-memory=17.00MB
|  Per-Instance Resources: mem-estimate=23.50MB mem-reservation=128.00KB thread-reservation=1
|  max-parallelism=320 segment-costs=[3155281205]
|  04:SCAN HDFS [tpcds_partitioned_parquet_snap.web_sales ws1, RANDOM]
|     HDFS partitions=1824/1824 files=1824 size=145.75GB
|     runtime filters: RF007[min_max] -> ws1.ws_order_number, RF009[min_max] -> ws1.ws_order_number, RF006[bloom] -> ws1.ws_order_number, RF008[bloom] -> ws1.ws_order_number
|     stored statistics:
|       table: rows=2.16G size=145.75GB
|       partitions: 1824/1824 rows=2.16G
|       columns: all
|     extrapolated-rows=disabled max-scan-range-rows=3.37M
|     mem-estimate=16.00MB mem-reservation=128.00KB thread-reservation=0
|     tuple-ids=4 row-size=12B cardinality=2.16G cost=373242464
|     in pipelines: 04(GETNEXT)
|
17:AGGREGATE [FINALIZE]
|  group by: tpcds_partitioned_parquet_snap.web_returns.wr_order_number
|  mem-estimate=2.33GB mem-reservation=34.00MB spill-buffer=2.00MB thread-reservation=0
|  tuple-ids=26 row-size=8B cardinality=125.19M cost=9806574220
|  in pipelines: 17(GETNEXT), 08(OPEN)
|
11:HASH JOIN [INNER JOIN, PARTITIONED]
|  hash-table-id=06
|  hash predicates: ws1.ws_order_number = wr_order_number
|  fk/pk conjuncts: none
|  mem-estimate=0B mem-reservation=0B spill-buffer=2.00MB thread-reservation=0
|  tuple-ids=9,10,8 row-size=32B cardinality=32.41G cost=12659433095
|  in pipelines: 08(GETNEXT), 07(OPEN)
|
|--F18:PLAN FRAGMENT [HASH(ws1.ws_order_number)] hosts=10 instances=120
|  |  Per-Instance Resources: mem-estimate=102.83MB mem-reservation=50.00MB thread-reservation=1 runtime-filters-memory=16.00MB
|  |  max-parallelism=2820 segment-costs=[247949483]
|  JOIN BUILD
|  |  join-table-id=06 plan-id=07 cohort-id=01
|  |  build expressions: wr_order_number
|  |  runtime filters: RF002[bloom] <- wr_order_number, RF003[min_max] <- wr_order_number
|  |  mem-estimate=76.48MB mem-reservation=34.00MB spill-buffer=2.00MB thread-reservation=0 cost=216002686
|  |
|  24:EXCHANGE [HASH(wr_order_number)]
|  |  mem-estimate=10.35MB mem-reservation=0B thread-reservation=0
|  |  tuple-ids=8 row-size=8B cardinality=216.00M cost=31946797
|  |  in pipelines: 07(GETNEXT)
|  |
|  F03:PLAN FRAGMENT [RANDOM] hosts=10 instances=30 (adjusted from 120)
|  Per-Host Shared Resources: mem-estimate=1.00MB mem-reservation=1.00MB thread-reservation=0 runtime-filters-memory=1.00MB
|  Per-Instance Resources: mem-estimate=21.62MB mem-reservation=256.00KB thread-reservation=1
|  max-parallelism=30 segment-costs=[247452676]
|  07:SCAN HDFS [tpcds_partitioned_parquet_snap.web_returns, RANDOM]
|     HDFS partitions=2114/2114 files=2114 size=16.74GB
|     runtime filters: RF001[min_max] -> tpcds_partitioned_parquet_snap.web_returns.wr_order_number, RF000[bloom] -> tpcds_partitioned_parquet_snap.web_returns.wr_order_number
|     stored statistics:
|       table: rows=216.00M size=16.74GB
|       partitions: 2114/2114 rows=216.00M
|       columns: all
|     extrapolated-rows=disabled max-scan-range-rows=9.41M
|     mem-estimate=16.00MB mem-reservation=256.00KB thread-reservation=0
|     tuple-ids=8 row-size=8B cardinality=216.00M cost=24883509
|     in pipelines: 07(GETNEXT)
|
10:HASH JOIN [INNER JOIN, PARTITIONED]
|  hash-table-id=07
|  hash predicates: ws1.ws_order_number = ws2.ws_order_number
|  fk/pk conjuncts: none
|  other predicates: ws1.ws_warehouse_sk != ws2.ws_warehouse_sk
|  mem-estimate=0B mem-reservation=0B spill-buffer=2.00MB thread-reservation=0
|  tuple-ids=9,10 row-size=24B cardinality=26.46G cost=5348292013
|  in pipelines: 08(GETNEXT), 09(OPEN)
|
|--F19:PLAN FRAGMENT [HASH(ws1.ws_order_number)] hosts=10 instances=120
|  |  Per-Instance Resources: mem-estimate=895.70MB mem-reservation=50.00MB thread-reservation=1 runtime-filters-memory=16.00MB
|  |  max-parallelism=2820 segment-costs=[2519170639]
|  JOIN BUILD
|  |  join-table-id=07 plan-id=08 cohort-id=01
|  |  build expressions: ws2.ws_order_number
|  |  runtime filters: RF004[bloom] <- ws2.ws_order_number, RF005[min_max] <- ws2.ws_order_number
|  |  mem-estimate=867.82MB mem-reservation=34.00MB spill-buffer=2.00MB thread-reservation=0 cost=2159967967
|  |
|  23:EXCHANGE [HASH(ws2.ws_order_number)]
|  |  mem-estimate=11.88MB mem-reservation=0B thread-reservation=0
|  |  tuple-ids=10 row-size=12B cardinality=2.16G cost=359202672
|  |  in pipelines: 09(GETNEXT)
|  |
|  F01:PLAN FRAGMENT [RANDOM] hosts=10 instances=120
|  Per-Host Shared Resources: mem-estimate=17.00MB mem-reservation=17.00MB thread-reservation=0 runtime-filters-memory=17.00MB
|  Per-Instance Resources: mem-estimate=23.50MB mem-reservation=128.00KB thread-reservation=1
|  max-parallelism=320 segment-costs=[3155281205]
|  09:SCAN HDFS [tpcds_partitioned_parquet_snap.web_sales ws2, RANDOM]
|     HDFS partitions=1824/1824 files=1824 size=145.75GB
|     runtime filters: RF001[min_max] -> ws2.ws_order_number, RF003[min_max] -> ws2.ws_order_number, RF000[bloom] -> ws2.ws_order_number, RF002[bloom] -> ws2.ws_order_number
|     stored statistics:
|       table: rows=2.16G size=145.75GB
|       partitions: 1824/1824 rows=2.16G
|       columns: all
|     extrapolated-rows=disabled max-scan-range-rows=3.37M
|     mem-estimate=16.00MB mem-reservation=128.00KB thread-reservation=0
|     tuple-ids=10 row-size=12B cardinality=2.16G cost=373242464
|     in pipelines: 09(GETNEXT)
|
22:EXCHANGE [HASH(ws1.ws_order_number)]
|  mem-estimate=11.88MB mem-reservation=0B thread-reservation=0
|  tuple-ids=9 row-size=12B cardinality=2.16G cost=359202672
|  in pipelines: 08(GETNEXT)
|
F00:PLAN FRAGMENT [RANDOM] hosts=10 instances=120
Per-Host Shared Resources: mem-estimate=33.00MB mem-reservation=33.00MB thread-reservation=0 runtime-filters-memory=33.00MB
Per-Instance Resources: mem-estimate=23.50MB mem-reservation=128.00KB thread-reservation=1
max-parallelism=320 segment-costs=[3155281205]
08:SCAN HDFS [tpcds_partitioned_parquet_snap.web_sales ws1, RANDOM]
   HDFS partitions=1824/1824 files=1824 size=145.75GB
   runtime filters: RF001[min_max] -> ws1.ws_order_number, RF003[min_max] -> ws1.ws_order_number, RF005[min_max] -> ws1.ws_order_number, RF000[bloom] -> ws1.ws_order_number, RF002[bloom] -> ws1.ws_order_number, RF004[bloom] -> ws1.ws_order_number
   stored statistics:
     table: rows=2.16G size=145.75GB
     partitions: 1824/1824 rows=2.16G
     columns: all
   extrapolated-rows=disabled max-scan-range-rows=3.37M
   mem-estimate=16.00MB mem-reservation=128.00KB thread-reservation=0
   tuple-ids=9 row-size=12B cardinality=2.16G cost=373242464
   in pipelines: 08(GETNEXT)
---- PARALLELPLANS
Max Per-Host Resource Reservation: Memory=3.02GB Threads=140
Per-Host Resource Estimates: Memory=92.19GB
F11:PLAN FRAGMENT [UNPARTITIONED] hosts=1 instances=1
|  Per-Instance Resources: mem-estimate=32.00KB mem-reservation=0B thread-reservation=1
|  max-parallelism=1 segment-costs=[0, 0, 0] cpu-comparison-result=850 [max(1 (self) vs 850 (sum children))]
PLAN-ROOT SINK
|  output exprs: count(ws_order_number), sum(ws_ext_ship_cost), sum(ws_net_profit)
|  mem-estimate=0B mem-reservation=0B thread-reservation=0 cost=0
|
21:TOP-N [LIMIT=100]
|  order by: count(ws_order_number) ASC
|  mem-estimate=40B mem-reservation=0B thread-reservation=0
|  tuple-ids=15 row-size=40B cardinality=1 cost=0
|  in pipelines: 21(GETNEXT), 32(OPEN)
|
32:AGGREGATE [FINALIZE]
|  output: count:merge(ws_order_number), sum:merge(ws_ext_ship_cost), sum:merge(ws_net_profit)
|  mem-estimate=16.00KB mem-reservation=0B spill-buffer=2.00MB thread-reservation=0
|  tuple-ids=14 row-size=40B cardinality=1 cost=0
|  in pipelines: 32(GETNEXT), 20(OPEN)
|
31:EXCHANGE [UNPARTITIONED]
|  mem-estimate=16.00KB mem-reservation=0B thread-reservation=0
|  tuple-ids=14 row-size=40B cardinality=1 cost=0
|  in pipelines: 20(GETNEXT)
|
F02:PLAN FRAGMENT [HASH(ws1.ws_order_number)] hosts=10 instances=120
Per-Instance Resources: mem-estimate=2.34GB mem-reservation=35.94MB thread-reservation=1
max-parallelism=2820 segment-costs=[28173502000, 32755414, 43005, 3] cpu-comparison-result=850 [max(240 (self) vs 850 (sum children))]
20:AGGREGATE
|  output: count(ws_order_number), sum:merge(ws_ext_ship_cost), sum:merge(ws_net_profit)
|  mem-estimate=16.00KB mem-reservation=0B spill-buffer=2.00MB thread-reservation=0
|  tuple-ids=14 row-size=40B cardinality=1 cost=43005
|  in pipelines: 20(GETNEXT), 19(OPEN)
|
19:AGGREGATE
|  output: sum(ws_ext_ship_cost), sum(ws_net_profit)
|  group by: ws_order_number
|  mem-estimate=10.00MB mem-reservation=1.94MB spill-buffer=64.00KB thread-reservation=0
|  tuple-ids=13 row-size=40B cardinality=204.79K cost=608161
|  in pipelines: 19(GETNEXT), 17(OPEN)
|
18:HASH JOIN [RIGHT SEMI JOIN, PARTITIONED]
|  hash-table-id=00
|  hash predicates: tpcds_partitioned_parquet_snap.web_returns.wr_order_number = ws1.ws_order_number
|  mem-estimate=0B mem-reservation=0B spill-buffer=64.00KB thread-reservation=0
|  tuple-ids=0,2,1,3 row-size=74B cardinality=204.79K cost=32147253
|  in pipelines: 17(GETNEXT), 15(OPEN)
|
|--F12:PLAN FRAGMENT [HASH(ws1.ws_order_number)] hosts=10 instances=120
|  |  Per-Instance Resources: mem-estimate=3.30GB mem-reservation=36.94MB thread-reservation=1 runtime-filters-memory=1.00MB
|  |  max-parallelism=2820 segment-costs=[13906306764, 45471081] cpu-comparison-result=460 [max(240 (self) vs 460 (sum children))]
|  JOIN BUILD
|  |  join-table-id=00 plan-id=01 cohort-id=01
|  |  build expressions: ws1.ws_order_number
|  |  runtime filters: RF000[bloom] <- ws1.ws_order_number, RF001[min_max] <- ws1.ws_order_number
|  |  mem-estimate=1.94MB mem-reservation=1.94MB spill-buffer=64.00KB thread-reservation=0 cost=204789
|  |
|  16:HASH JOIN [RIGHT SEMI JOIN, PARTITIONED]
|  |  hash-table-id=01
|  |  hash predicates: ws1.ws_order_number = ws1.ws_order_number
|  |  mem-estimate=0B mem-reservation=0B spill-buffer=64.00KB thread-reservation=0
|  |  tuple-ids=0,2,1,3 row-size=74B cardinality=204.79K cost=45266292
|  |  in pipelines: 15(GETNEXT), 00(OPEN)
|  |
|  |--F13:PLAN FRAGMENT [HASH(ws1.ws_order_number)] hosts=10 instances=120
|  |  |  Per-Instance Resources: mem-estimate=13.17MB mem-reservation=2.94MB thread-reservation=1 runtime-filters-memory=1.00MB
|  |  |  max-parallelism=2820 segment-costs=[319815] cpu-comparison-result=220 [max(220 (self) vs 42 (sum children))]
|  |  JOIN BUILD
|  |  |  join-table-id=01 plan-id=02 cohort-id=02
|  |  |  build expressions: ws1.ws_order_number
|  |  |  runtime filters: RF006[bloom] <- ws1.ws_order_number, RF007[min_max] <- ws1.ws_order_number
|  |  |  mem-estimate=1.94MB mem-reservation=1.94MB spill-buffer=64.00KB thread-reservation=0 cost=204789
|  |  |
|  |  30:EXCHANGE [HASH(ws1.ws_order_number)]
|  |  |  mem-estimate=10.23MB mem-reservation=0B thread-reservation=0
|  |  |  tuple-ids=0,2,1,3 row-size=74B cardinality=204.79K cost=115026
|  |  |  in pipelines: 00(GETNEXT)
|  |  |
|  |  F07:PLAN FRAGMENT [RANDOM] hosts=10 instances=100 (adjusted from 120)
|  |  Per-Host Shared Resources: mem-estimate=3.00MB mem-reservation=3.00MB thread-reservation=0 runtime-filters-memory=3.00MB
|  |  Per-Instance Resources: mem-estimate=66.17MB mem-reservation=8.12MB thread-reservation=1
|  |  max-parallelism=100 segment-costs=[900475003]
|  |  37:TUPLE CACHE
|  |  |  cache key: cb7b9eab050b775dd7a28a3a6801640e
|  |  |  input scan node ids: 0
|  |  |  estimated serialized size: 17.57MB
|  |  |  estimated serialized size per node: 1.76MB
|  |  |  cumulative processing cost: 901492353
|  |  |  cache read processing cost: 27216
|  |  |  cache write processing cost: 49737
|  |  |  mem-estimate=4.00MB mem-reservation=4.00MB spill-buffer=2.00MB thread-reservation=0
|  |  |  tuple-ids=0,2,1,3 row-size=74B cardinality=204.79K cost=0
|  |  |  in pipelines: 00(GETNEXT)
|  |  |
|  |  14:HASH JOIN [INNER JOIN, BROADCAST]
|  |  |  hash-table-id=02
|  |  |  hash predicates: ws1.ws_web_site_sk = web_site_sk
|  |  |  fk/pk conjuncts: ws1.ws_web_site_sk = web_site_sk
|  |  |  mem-estimate=0B mem-reservation=0B spill-buffer=64.00KB thread-reservation=0
|  |  |  tuple-ids=0,2,1,3 row-size=74B cardinality=204.79K cost=357052
|  |  |  in pipelines: 00(GETNEXT), 03(OPEN)
|  |  |
|  |  |--F14:PLAN FRAGMENT [RANDOM] hosts=10 instances=10
|  |  |  |  Per-Instance Resources: mem-estimate=20.39MB mem-reservation=20.38MB thread-reservation=1 runtime-filters-memory=1.00MB
|  |  |  |  max-parallelism=10 segment-costs=[21]
|  |  |  JOIN BUILD
|  |  |  |  join-table-id=02 plan-id=03 cohort-id=03
|  |  |  |  build expressions: web_site_sk
|  |  |  |  runtime filters: RF010[bloom] <- web_site_sk, RF011[min_max] <- web_site_sk
|  |  |  |  mem-estimate=19.38MB mem-reservation=19.38MB spill-buffer=64.00KB thread-reservation=0 cost=11
|  |  |  |
|  |  |  29:EXCHANGE [BROADCAST]
|  |  |  |  mem-estimate=16.00KB mem-reservation=0B thread-reservation=0
|  |  |  |  tuple-ids=3 row-size=20B cardinality=11 cost=10
|  |  |  |  in pipelines: 03(GETNEXT)
|  |  |  |
|  |  |  F10:PLAN FRAGMENT [RANDOM] hosts=1 instances=1
|  |  |  Per-Instance Resources: mem-estimate=20.09MB mem-reservation=4.02MB thread-reservation=1
|  |  |  max-parallelism=1 segment-costs=[9]
|  |  |  36:TUPLE CACHE
|  |  |  |  cache key: 7bc5a6959895a93c46f82d53e8c64edf
|  |  |  |  input scan node ids: 3
|  |  |  |  estimated serialized size: 263B
|  |  |  |  estimated serialized size per node: 263B
|  |  |  |  cumulative processing cost: 9
|  |  |  |  cache read processing cost: 1
|  |  |  |  cache write processing cost: 0
|  |  |  |  mem-estimate=4.00MB mem-reservation=4.00MB spill-buffer=2.00MB thread-reservation=0
|  |  |  |  tuple-ids=3 row-size=20B cardinality=11 cost=0
|  |  |  |  in pipelines: 03(GETNEXT)
|  |  |  |
|  |  |  03:SCAN HDFS [tpcds_partitioned_parquet_snap.web_site, RANDOM]
|  |  |     HDFS partitions=1/1 files=1 size=17.88KB
|  |  |     deterministic scan range assignment: true
|  |  |     schedule scan ranges oldest to newest: true
|  |  |     predicates: web_company_name = 'pri'
|  |  |     stored statistics:
|  |  |       table: rows=66 size=17.88KB
|  |  |       columns: all
|  |  |     extrapolated-rows=disabled max-scan-range-rows=66
|  |  |     parquet statistics predicates: web_company_name = 'pri'
|  |  |     parquet dictionary predicates: web_company_name = 'pri'
|  |  |     mem-estimate=16.00MB mem-reservation=16.00KB thread-reservation=0
|  |  |     tuple-ids=3 row-size=20B cardinality=11 cost=9
|  |  |     in pipelines: 03(GETNEXT)
|  |  |
|  |  35:TUPLE CACHE
|  |  |  cache key: 9fcc6488d143a7262dbaa40a154b0559
|  |  |  input scan node ids: 0
|  |  |  estimated serialized size: 78.51MB
|  |  |  estimated serialized size per node: 7.85MB
|  |  |  cumulative processing cost: 901135271
|  |  |  cache read processing cost: 165772
|  |  |  cache write processing cost: 222277
|  |  |  mem-estimate=4.00MB mem-reservation=4.00MB spill-buffer=2.00MB thread-reservation=0
|  |  |  tuple-ids=0,2,1 row-size=54B cardinality=1.25M cost=0
|  |  |  in pipelines: 00(GETNEXT)
|  |  |
|  |  13:HASH JOIN [INNER JOIN, BROADCAST]
|  |  |  hash-table-id=03
|  |  |  hash predicates: ws1.ws_ship_date_sk = d_date_sk
|  |  |  fk/pk conjuncts: ws1.ws_ship_date_sk = d_date_sk
|  |  |  mem-estimate=0B mem-reservation=0B spill-buffer=64.00KB thread-reservation=0
|  |  |  tuple-ids=0,2,1 row-size=54B cardinality=1.25M cost=10422280
|  |  |  in pipelines: 00(GETNEXT), 01(OPEN)
|  |  |
|  |  |--F15:PLAN FRAGMENT [RANDOM] hosts=10 instances=10
|  |  |  |  Per-Instance Resources: mem-estimate=20.39MB mem-reservation=20.38MB thread-reservation=1 runtime-filters-memory=1.00MB
|  |  |  |  max-parallelism=10 segment-costs=[141]
|  |  |  JOIN BUILD
|  |  |  |  join-table-id=03 plan-id=04 cohort-id=03
|  |  |  |  build expressions: d_date_sk
|  |  |  |  runtime filters: RF012[bloom] <- d_date_sk, RF013[min_max] <- d_date_sk
|  |  |  |  mem-estimate=19.38MB mem-reservation=19.38MB spill-buffer=64.00KB thread-reservation=0 cost=61
|  |  |  |
|  |  |  28:EXCHANGE [BROADCAST]
|  |  |  |  mem-estimate=16.00KB mem-reservation=0B thread-reservation=0
|  |  |  |  tuple-ids=1 row-size=8B cardinality=61 cost=80
|  |  |  |  in pipelines: 01(GETNEXT)
|  |  |  |
|  |  |  F09:PLAN FRAGMENT [RANDOM] hosts=1 instances=1
|  |  |  Per-Instance Resources: mem-estimate=20.05MB mem-reservation=5.00MB thread-reservation=1
|  |  |  max-parallelism=1 segment-costs=[12522]
|  |  |  34:TUPLE CACHE
|  |  |  |  cache key: 89e269b6847cff37f53441be86febb86
|  |  |  |  input scan node ids: 1
|  |  |  |  estimated serialized size: 732B
|  |  |  |  estimated serialized size per node: 732B
|  |  |  |  cumulative processing cost: 12520
|  |  |  |  cache read processing cost: 8
|  |  |  |  cache write processing cost: 1
|  |  |  |  mem-estimate=4.00MB mem-reservation=4.00MB spill-buffer=2.00MB thread-reservation=0
|  |  |  |  tuple-ids=1 row-size=8B cardinality=61 cost=0
|  |  |  |  in pipelines: 01(GETNEXT)
|  |  |  |
|  |  |  01:SCAN HDFS [tpcds_partitioned_parquet_snap.date_dim, RANDOM]
|  |  |     HDFS partitions=1/1 files=1 size=2.17MB
|  |  |     deterministic scan range assignment: true
|  |  |     schedule scan ranges oldest to newest: true
|  |  |     predicates: d_date <= DATE '2000-04-30', d_date >= DATE '2000-03-01'
|  |  |     stored statistics:
|  |  |       table: rows=73.05K size=2.17MB
|  |  |       columns: all
|  |  |     extrapolated-rows=disabled max-scan-range-rows=73.05K
|  |  |     parquet statistics predicates: d_date <= DATE '2000-04-30', d_date >= DATE '2000-03-01'
|  |  |     parquet dictionary predicates: d_date <= DATE '2000-04-30', d_date >= DATE '2000-03-01'
|  |  |     mem-estimate=16.00MB mem-reservation=1.00MB thread-reservation=0
|  |  |     tuple-ids=1 row-size=8B cardinality=61 cost=12520
|  |  |     in pipelines: 01(GETNEXT)
|  |  |
|  |  12:HASH JOIN [INNER JOIN, BROADCAST]
|  |  |  hash-table-id=04
|  |  |  hash predicates: ws1.ws_ship_addr_sk = ca_address_sk
|  |  |  fk/pk conjuncts: ws1.ws_ship_addr_sk = ca_address_sk
|  |  |  mem-estimate=0B mem-reservation=0B spill-buffer=1.00MB thread-reservation=0
|  |  |  tuple-ids=0,2 row-size=46B cardinality=39.75M(filtered from 39.75M) cost=17399234
|  |  |  in pipelines: 00(GETNEXT), 02(OPEN)
|  |  |
|  |  |--F16:PLAN FRAGMENT [RANDOM] hosts=10 instances=10
|  |  |  |  Per-Instance Resources: mem-estimate=176.11MB mem-reservation=171.00MB thread-reservation=1 runtime-filters-memory=1.00MB
|  |  |  |  max-parallelism=10 segment-costs=[664482]
|  |  |  JOIN BUILD
|  |  |  |  join-table-id=04 plan-id=05 cohort-id=03
|  |  |  |  build expressions: ca_address_sk
|  |  |  |  runtime filters: RF014[bloom] <- ca_address_sk, RF015[min_max] <- ca_address_sk
|  |  |  |  mem-estimate=170.00MB mem-reservation=170.00MB spill-buffer=1.00MB thread-reservation=0 cost=285312
|  |  |  |
|  |  |  27:EXCHANGE [BROADCAST]
|  |  |  |  mem-estimate=5.11MB mem-reservation=0B thread-reservation=0
|  |  |  |  tuple-ids=2 row-size=18B cardinality=285.31K cost=379170
|  |  |  |  in pipelines: 02(GETNEXT)
|  |  |  |
|  |  |  F08:PLAN FRAGMENT [RANDOM] hosts=10 instances=10
|  |  |  Per-Instance Resources: mem-estimate=20.09MB mem-reservation=4.12MB thread-reservation=1
|  |  |  max-parallelism=10 segment-costs=[1737528]
|  |  |  33:TUPLE CACHE
|  |  |  |  cache key: fbcfa20d5dcacd71bd197c2c9ba080c5
|  |  |  |  input scan node ids: 2
|  |  |  |  estimated serialized size: 5.99MB
|  |  |  |  estimated serialized size per node: 612.97KB
|  |  |  |  cumulative processing cost: 1717500
|  |  |  |  cache read processing cost: 37917
|  |  |  |  cache write processing cost: 16947
|  |  |  |  mem-estimate=4.00MB mem-reservation=4.00MB spill-buffer=2.00MB thread-reservation=0
|  |  |  |  tuple-ids=2 row-size=18B cardinality=285.31K cost=0
|  |  |  |  in pipelines: 02(GETNEXT)
|  |  |  |
|  |  |  02:SCAN HDFS [tpcds_partitioned_parquet_snap.customer_address, RANDOM]
|  |  |     HDFS partitions=1/1 files=1 size=307.36MB
|  |  |     deterministic scan range assignment: true
|  |  |     schedule scan ranges oldest to newest: true
|  |  |     predicates: ca_state = 'TN'
|  |  |     stored statistics:
|  |  |       table: rows=15.00M size=307.36MB
|  |  |       columns: all
|  |  |     extrapolated-rows=disabled max-scan-range-rows=1.58M
|  |  |     parquet statistics predicates: ca_state = 'TN'
|  |  |     parquet dictionary predicates: ca_state = 'TN'
|  |  |     mem-estimate=16.00MB mem-reservation=128.00KB thread-reservation=0
|  |  |     tuple-ids=2 row-size=18B cardinality=285.31K cost=1717500
|  |  |     in pipelines: 02(GETNEXT)
|  |  |
|  |  00:SCAN HDFS [tpcds_partitioned_parquet_snap.web_sales ws1, RANDOM]
|  |     HDFS partitions=1824/1824 files=1824 size=145.75GB
|  |     deterministic scan range assignment: true
|  |     schedule scan ranges oldest to newest: true
|  |     runtime filters: RF015[min_max] -> ws1.ws_ship_addr_sk, RF013[min_max] -> ws1.ws_ship_date_sk, RF011[min_max] -> ws1.ws_web_site_sk, RF014[bloom] -> ws1.ws_ship_addr_sk, RF012[bloom] -> ws1.ws_ship_date_sk, RF010[bloom] -> ws1.ws_web_site_sk
|  |     stored statistics:
|  |       table: rows=2.16G size=145.75GB
|  |       partitions: 1824/1824 rows=2.16G
|  |       columns: all
|  |     extrapolated-rows=disabled max-scan-range-rows=3.37M
|  |     mem-estimate=16.00MB mem-reservation=128.00KB thread-reservation=0
|  |     tuple-ids=0 row-size=28B cardinality=39.75M(filtered from 2.16G) cost=870899084
|  |     in pipelines: 00(GETNEXT)
|  |
|  15:AGGREGATE [FINALIZE]
|  |  group by: ws1.ws_order_number
|  |  mem-estimate=3.28GB mem-reservation=34.00MB spill-buffer=2.00MB thread-reservation=0
|  |  tuple-ids=25 row-size=8B cardinality=176.33M cost=8198812079
|  |  in pipelines: 15(GETNEXT), 04(OPEN)
|  |
|  06:HASH JOIN [INNER JOIN, PARTITIONED]
|  |  hash-table-id=05
|  |  hash predicates: ws1.ws_order_number = ws2.ws_order_number
|  |  fk/pk conjuncts: none
|  |  other predicates: ws1.ws_warehouse_sk != ws2.ws_warehouse_sk
|  |  mem-estimate=0B mem-reservation=0B spill-buffer=2.00MB thread-reservation=0
|  |  tuple-ids=4,5 row-size=24B cardinality=26.46G cost=5348292013
|  |  in pipelines: 04(GETNEXT), 05(OPEN)
|  |
|  |--F17:PLAN FRAGMENT [HASH(ws1.ws_order_number)] hosts=10 instances=120
|  |  |  Per-Instance Resources: mem-estimate=895.70MB mem-reservation=50.00MB thread-reservation=1 runtime-filters-memory=16.00MB
|  |  |  max-parallelism=2820 segment-costs=[2519170639]
|  |  JOIN BUILD
|  |  |  join-table-id=05 plan-id=06 cohort-id=02
|  |  |  build expressions: ws2.ws_order_number
|  |  |  runtime filters: RF008[bloom] <- ws2.ws_order_number, RF009[min_max] <- ws2.ws_order_number
|  |  |  mem-estimate=867.82MB mem-reservation=34.00MB spill-buffer=2.00MB thread-reservation=0 cost=2159967967
|  |  |
|  |  26:EXCHANGE [HASH(ws2.ws_order_number)]
|  |  |  mem-estimate=11.88MB mem-reservation=0B thread-reservation=0
|  |  |  tuple-ids=5 row-size=12B cardinality=2.16G cost=359202672
|  |  |  in pipelines: 05(GETNEXT)
|  |  |
|  |  F05:PLAN FRAGMENT [RANDOM] hosts=10 instances=120
|  |  Per-Host Shared Resources: mem-estimate=1.00MB mem-reservation=1.00MB thread-reservation=0 runtime-filters-memory=1.00MB
|  |  Per-Instance Resources: mem-estimate=23.50MB mem-reservation=128.00KB thread-reservation=1
|  |  max-parallelism=320 segment-costs=[3155281205]
|  |  05:SCAN HDFS [tpcds_partitioned_parquet_snap.web_sales ws2, RANDOM]
|  |     HDFS partitions=1824/1824 files=1824 size=145.75GB
|  |     runtime filters: RF007[min_max] -> ws2.ws_order_number, RF006[bloom] -> ws2.ws_order_number
|  |     stored statistics:
|  |       table: rows=2.16G size=145.75GB
|  |       partitions: 1824/1824 rows=2.16G
|  |       columns: all
|  |     extrapolated-rows=disabled max-scan-range-rows=3.37M
|  |     mem-estimate=16.00MB mem-reservation=128.00KB thread-reservation=0
|  |     tuple-ids=5 row-size=12B cardinality=2.16G cost=373242464
|  |     in pipelines: 05(GETNEXT)
|  |
|  25:EXCHANGE [HASH(ws1.ws_order_number)]
|  |  mem-estimate=11.88MB mem-reservation=0B thread-reservation=0
|  |  tuple-ids=4 row-size=12B cardinality=2.16G cost=359202672
|  |  in pipelines: 04(GETNEXT)
|  |
|  F04:PLAN FRAGMENT [RANDOM] hosts=10 instances=120
|  Per-Host Shared Resources: mem-estimate=17.00MB mem-reservation=17.00MB thread-reservation=0 runtime-filters-memory=17.00MB
|  Per-Instance Resources: mem-estimate=23.50MB mem-reservation=128.00KB thread-reservation=1
|  max-parallelism=320 segment-costs=[3155281205]
|  04:SCAN HDFS [tpcds_partitioned_parquet_snap.web_sales ws1, RANDOM]
|     HDFS partitions=1824/1824 files=1824 size=145.75GB
|     runtime filters: RF007[min_max] -> ws1.ws_order_number, RF009[min_max] -> ws1.ws_order_number, RF006[bloom] -> ws1.ws_order_number, RF008[bloom] -> ws1.ws_order_number
|     stored statistics:
|       table: rows=2.16G size=145.75GB
|       partitions: 1824/1824 rows=2.16G
|       columns: all
|     extrapolated-rows=disabled max-scan-range-rows=3.37M
|     mem-estimate=16.00MB mem-reservation=128.00KB thread-reservation=0
|     tuple-ids=4 row-size=12B cardinality=2.16G cost=373242464
|     in pipelines: 04(GETNEXT)
|
17:AGGREGATE [FINALIZE]
|  group by: tpcds_partitioned_parquet_snap.web_returns.wr_order_number
|  mem-estimate=2.33GB mem-reservation=34.00MB spill-buffer=2.00MB thread-reservation=0
|  tuple-ids=26 row-size=8B cardinality=125.19M cost=9806574220
|  in pipelines: 17(GETNEXT), 08(OPEN)
|
11:HASH JOIN [INNER JOIN, PARTITIONED]
|  hash-table-id=06
|  hash predicates: ws1.ws_order_number = wr_order_number
|  fk/pk conjuncts: none
|  mem-estimate=0B mem-reservation=0B spill-buffer=2.00MB thread-reservation=0
|  tuple-ids=9,10,8 row-size=32B cardinality=32.41G cost=12659433095
|  in pipelines: 08(GETNEXT), 07(OPEN)
|
|--F18:PLAN FRAGMENT [HASH(ws1.ws_order_number)] hosts=10 instances=120
|  |  Per-Instance Resources: mem-estimate=102.83MB mem-reservation=50.00MB thread-reservation=1 runtime-filters-memory=16.00MB
|  |  max-parallelism=2820 segment-costs=[247949483]
|  JOIN BUILD
|  |  join-table-id=06 plan-id=07 cohort-id=01
|  |  build expressions: wr_order_number
|  |  runtime filters: RF002[bloom] <- wr_order_number, RF003[min_max] <- wr_order_number
|  |  mem-estimate=76.48MB mem-reservation=34.00MB spill-buffer=2.00MB thread-reservation=0 cost=216002686
|  |
|  24:EXCHANGE [HASH(wr_order_number)]
|  |  mem-estimate=10.35MB mem-reservation=0B thread-reservation=0
|  |  tuple-ids=8 row-size=8B cardinality=216.00M cost=31946797
|  |  in pipelines: 07(GETNEXT)
|  |
|  F03:PLAN FRAGMENT [RANDOM] hosts=10 instances=30 (adjusted from 120)
|  Per-Host Shared Resources: mem-estimate=1.00MB mem-reservation=1.00MB thread-reservation=0 runtime-filters-memory=1.00MB
|  Per-Instance Resources: mem-estimate=21.62MB mem-reservation=256.00KB thread-reservation=1
|  max-parallelism=30 segment-costs=[247452676]
|  07:SCAN HDFS [tpcds_partitioned_parquet_snap.web_returns, RANDOM]
|     HDFS partitions=2114/2114 files=2114 size=16.74GB
|     runtime filters: RF001[min_max] -> tpcds_partitioned_parquet_snap.web_returns.wr_order_number, RF000[bloom] -> tpcds_partitioned_parquet_snap.web_returns.wr_order_number
|     stored statistics:
|       table: rows=216.00M size=16.74GB
|       partitions: 2114/2114 rows=216.00M
|       columns: all
|     extrapolated-rows=disabled max-scan-range-rows=9.41M
|     mem-estimate=16.00MB mem-reservation=256.00KB thread-reservation=0
|     tuple-ids=8 row-size=8B cardinality=216.00M cost=24883509
|     in pipelines: 07(GETNEXT)
|
10:HASH JOIN [INNER JOIN, PARTITIONED]
|  hash-table-id=07
|  hash predicates: ws1.ws_order_number = ws2.ws_order_number
|  fk/pk conjuncts: none
|  other predicates: ws1.ws_warehouse_sk != ws2.ws_warehouse_sk
|  mem-estimate=0B mem-reservation=0B spill-buffer=2.00MB thread-reservation=0
|  tuple-ids=9,10 row-size=24B cardinality=26.46G cost=5348292013
|  in pipelines: 08(GETNEXT), 09(OPEN)
|
|--F19:PLAN FRAGMENT [HASH(ws1.ws_order_number)] hosts=10 instances=120
|  |  Per-Instance Resources: mem-estimate=895.70MB mem-reservation=50.00MB thread-reservation=1 runtime-filters-memory=16.00MB
|  |  max-parallelism=2820 segment-costs=[2519170639]
|  JOIN BUILD
|  |  join-table-id=07 plan-id=08 cohort-id=01
|  |  build expressions: ws2.ws_order_number
|  |  runtime filters: RF004[bloom] <- ws2.ws_order_number, RF005[min_max] <- ws2.ws_order_number
|  |  mem-estimate=867.82MB mem-reservation=34.00MB spill-buffer=2.00MB thread-reservation=0 cost=2159967967
|  |
|  23:EXCHANGE [HASH(ws2.ws_order_number)]
|  |  mem-estimate=11.88MB mem-reservation=0B thread-reservation=0
|  |  tuple-ids=10 row-size=12B cardinality=2.16G cost=359202672
|  |  in pipelines: 09(GETNEXT)
|  |
|  F01:PLAN FRAGMENT [RANDOM] hosts=10 instances=120
|  Per-Host Shared Resources: mem-estimate=17.00MB mem-reservation=17.00MB thread-reservation=0 runtime-filters-memory=17.00MB
|  Per-Instance Resources: mem-estimate=23.50MB mem-reservation=128.00KB thread-reservation=1
|  max-parallelism=320 segment-costs=[3155281205]
|  09:SCAN HDFS [tpcds_partitioned_parquet_snap.web_sales ws2, RANDOM]
|     HDFS partitions=1824/1824 files=1824 size=145.75GB
|     runtime filters: RF001[min_max] -> ws2.ws_order_number, RF003[min_max] -> ws2.ws_order_number, RF000[bloom] -> ws2.ws_order_number, RF002[bloom] -> ws2.ws_order_number
|     stored statistics:
|       table: rows=2.16G size=145.75GB
|       partitions: 1824/1824 rows=2.16G
|       columns: all
|     extrapolated-rows=disabled max-scan-range-rows=3.37M
|     mem-estimate=16.00MB mem-reservation=128.00KB thread-reservation=0
|     tuple-ids=10 row-size=12B cardinality=2.16G cost=373242464
|     in pipelines: 09(GETNEXT)
|
22:EXCHANGE [HASH(ws1.ws_order_number)]
|  mem-estimate=11.88MB mem-reservation=0B thread-reservation=0
|  tuple-ids=9 row-size=12B cardinality=2.16G cost=359202672
|  in pipelines: 08(GETNEXT)
|
F00:PLAN FRAGMENT [RANDOM] hosts=10 instances=120
Per-Host Shared Resources: mem-estimate=33.00MB mem-reservation=33.00MB thread-reservation=0 runtime-filters-memory=33.00MB
Per-Instance Resources: mem-estimate=23.50MB mem-reservation=128.00KB thread-reservation=1
max-parallelism=320 segment-costs=[3155281205]
08:SCAN HDFS [tpcds_partitioned_parquet_snap.web_sales ws1, RANDOM]
   HDFS partitions=1824/1824 files=1824 size=145.75GB
   runtime filters: RF001[min_max] -> ws1.ws_order_number, RF003[min_max] -> ws1.ws_order_number, RF005[min_max] -> ws1.ws_order_number, RF000[bloom] -> ws1.ws_order_number, RF002[bloom] -> ws1.ws_order_number, RF004[bloom] -> ws1.ws_order_number
   stored statistics:
     table: rows=2.16G size=145.75GB
     partitions: 1824/1824 rows=2.16G
     columns: all
   extrapolated-rows=disabled max-scan-range-rows=3.37M
   mem-estimate=16.00MB mem-reservation=128.00KB thread-reservation=0
   tuple-ids=9 row-size=12B cardinality=2.16G cost=373242464
   in pipelines: 08(GETNEXT)
====
