# TPCDS-Q69
# start query 69 in stream 0 using template query69.tpl using seed 736205479
select
  cd_gender,
  cd_marital_status,
  cd_education_status,
  count(*) cnt1,
  cd_purchase_estimate,
  count(*) cnt2,
  cd_credit_rating,
  count(*) cnt3
 from
  customer c,customer_address ca,customer_demographics
 where
  c.c_current_addr_sk = ca.ca_address_sk and
  ca_state in ('OK','GA','VA') and
  cd_demo_sk = c.c_current_cdemo_sk and
  exists (select *
          from store_sales,date_dim
          where c.c_customer_sk = ss_customer_sk and
                ss_sold_date_sk = d_date_sk and
                d_year = 1999 and
                d_moy between 4 and 4+2) and
   (not exists (select *
            from web_sales,date_dim
            where c.c_customer_sk = ws_bill_customer_sk and
                  ws_sold_date_sk = d_date_sk and
                  d_year = 1999 and
                  d_moy between 4 and 4+2) and
    not exists (select *
            from catalog_sales,date_dim
            where c.c_customer_sk = cs_ship_customer_sk and
                  cs_sold_date_sk = d_date_sk and
                  d_year = 1999 and
                  d_moy between 4 and 4+2))
 group by cd_gender,
          cd_marital_status,
          cd_education_status,
          cd_purchase_estimate,
          cd_credit_rating
 order by cd_gender,
          cd_marital_status,
          cd_education_status,
          cd_purchase_estimate,
          cd_credit_rating
 limit 100;

# end query 69 in stream 0 using template query69.tpl
---- PLAN
Max Per-Host Resource Reservation: Memory=320.00MB Threads=1
Per-Host Resource Estimates: Memory=4.29GB
F00:PLAN FRAGMENT [UNPARTITIONED] hosts=1 instances=1
|  Per-Instance Resources: mem-estimate=4.29GB mem-reservation=320.00MB thread-reservation=1 runtime-filters-memory=22.00MB
|  max-parallelism=1 segment-costs=[557754602, 203145448, 320592082, 115472221, 39311, 800]
PLAN-ROOT SINK
|  output exprs: cd_gender, cd_marital_status, cd_education_status, count(*), cd_purchase_estimate, count(*), cd_credit_rating, count(*)
|  mem-estimate=4.00MB mem-reservation=4.00MB spill-buffer=2.00MB thread-reservation=0 cost=800
|
21:TOP-N [LIMIT=100]
|  order by: cd_gender ASC, cd_marital_status ASC, cd_education_status ASC, cd_purchase_estimate ASC, cd_credit_rating ASC
|  mem-estimate=7.67KB mem-reservation=0B thread-reservation=0
|  tuple-ids=13 row-size=79B cardinality=100 cost=39311
|  in pipelines: 21(GETNEXT), 20(OPEN)
|
31:TUPLE CACHE
|  cache key: cd60dfa6c2f4d229f2ec49008976b592
|  input scan node ids: 2,0,1,3,4,6,7,9,10
|  estimated serialized size: 451.56KB
|  estimated serialized size per node: 45.16KB
|  cumulative processing cost: 1196964353
|  cache read processing cost: 744
|  cache write processing cost: 1248
|  mem-estimate=4.00MB mem-reservation=4.00MB spill-buffer=2.00MB thread-reservation=0
|  tuple-ids=12 row-size=79B cardinality=5.60K cost=0
|  in pipelines: 20(GETNEXT)
|
20:AGGREGATE [FINALIZE]
|  output: count(*)
|  group by: cd_gender, cd_marital_status, cd_education_status, cd_purchase_estimate, cd_credit_rating
|  mem-estimate=10.00MB mem-reservation=1.94MB spill-buffer=64.00KB thread-reservation=0
|  tuple-ids=12 row-size=79B cardinality=5.60K cost=2718293
|  in pipelines: 20(GETNEXT), 02(OPEN)
|
30:TUPLE CACHE
|  cache key: 93b81aba4573406a754e2084b8d76c38
|  input scan node ids: 2,0,1,3,4,6,7,9,10
|  estimated serialized size: 217.87MB
|  estimated serialized size per node: 21.79MB
|  cumulative processing cost: 1194246060
|  cache read processing cost: 260454
|  cache write processing cost: 616826
|  mem-estimate=4.00MB mem-reservation=4.00MB spill-buffer=2.00MB thread-reservation=0
|  tuple-ids=2,0,1 row-size=105B cardinality=1.96M cost=0
|  in pipelines: 02(GETNEXT)
|
19:HASH JOIN [LEFT ANTI JOIN]
|  hash predicates: c.c_customer_sk = tpcds_partitioned_parquet_snap.catalog_sales.cs_ship_customer_sk
|  mem-estimate=892.67MB mem-reservation=34.00MB spill-buffer=2.00MB thread-reservation=0
|  tuple-ids=2,0,1 row-size=105B cardinality=1.96M cost=33538504
|  in pipelines: 02(GETNEXT), 18(OPEN)
|
|--18:AGGREGATE [FINALIZE]
|  |  group by: tpcds_partitioned_parquet_snap.catalog_sales.cs_ship_customer_sk
|  |  mem-estimate=498.67MB mem-reservation=34.00MB spill-buffer=2.00MB thread-reservation=0
|  |  tuple-ids=25 row-size=4B cardinality=32.68M cost=166640148
|  |  in pipelines: 18(GETNEXT), 09(OPEN)
|  |
|  11:HASH JOIN [INNER JOIN]
|  |  hash predicates: cs_sold_date_sk = d_date_sk
|  |  fk/pk conjuncts: cs_sold_date_sk = d_date_sk
|  |  runtime filters: RF010[bloom] <- d_date_sk
|  |  mem-estimate=1.94MB mem-reservation=1.94MB spill-buffer=64.00KB thread-reservation=0
|  |  tuple-ids=9,10 row-size=20B cardinality=278.41M cost=121860292
|  |  in pipelines: 09(GETNEXT), 10(OPEN)
|  |
|  |--29:TUPLE CACHE
|  |  |  cache key: 473a8368e0e9de88c14240adee45cae6
|  |  |  input scan node ids: 10
|  |  |  estimated serialized size: 1.84KB
|  |  |  estimated serialized size per node: 1.84KB
|  |  |  cumulative processing cost: 18780
|  |  |  cache read processing cost: 15
|  |  |  cache write processing cost: 5
|  |  |  mem-estimate=4.00MB mem-reservation=4.00MB spill-buffer=2.00MB thread-reservation=0
|  |  |  tuple-ids=10 row-size=12B cardinality=118 cost=0
|  |  |  in pipelines: 10(GETNEXT)
|  |  |
|  |  10:SCAN HDFS [tpcds_partitioned_parquet_snap.date_dim]
|  |     HDFS partitions=1/1 files=1 size=2.17MB
|  |     deterministic scan range assignment: true
|  |     schedule scan ranges oldest to newest: true
|  |     predicates: d_year = CAST(1999 AS INT), d_moy <= CAST(6 AS INT), d_moy >= CAST(4 AS INT)
|  |     stored statistics:
|  |       table: rows=73.05K size=2.17MB
|  |       columns: all
|  |     extrapolated-rows=disabled max-scan-range-rows=73.05K
|  |     parquet statistics predicates: d_year = CAST(1999 AS INT), d_moy <= CAST(6 AS INT), d_moy >= CAST(4 AS INT)
|  |     parquet dictionary predicates: d_year = CAST(1999 AS INT), d_moy <= CAST(6 AS INT), d_moy >= CAST(4 AS INT)
|  |     mem-estimate=16.00MB mem-reservation=512.00KB thread-reservation=0
|  |     tuple-ids=10 row-size=12B cardinality=118 cost=18780
|  |     in pipelines: 10(GETNEXT)
|  |
|  09:SCAN HDFS [tpcds_partitioned_parquet_snap.catalog_sales]
|     HDFS partitions=1831/1831 files=1831 size=280.96GB
|     deterministic scan range assignment: true
|     schedule scan ranges oldest to newest: true
|     runtime filters: RF010[bloom] -> cs_sold_date_sk
|     stored statistics:
|       table: rows=4.32G size=280.96GB
|       partitions: 1831/1831 rows=4.32G
|       columns: all
|     extrapolated-rows=disabled max-scan-range-rows=21.52M est-scan-range=118(filtered from 1831)
|     mem-estimate=16.00MB mem-reservation=1.00MB thread-reservation=0
|     tuple-ids=9 row-size=8B cardinality=278.41M(filtered from 4.32G) cost=32072862
|     in pipelines: 09(GETNEXT)
|
28:TUPLE CACHE
|  cache key: f38618b1a5bd6e47663cdbfc81c9447e
|  input scan node ids: 2,0,1,3,4,6,7
|  estimated serialized size: 217.87MB
|  estimated serialized size per node: 21.79MB
|  cumulative processing cost: 840115474
|  cache read processing cost: 260454
|  cache write processing cost: 616826
|  mem-estimate=4.00MB mem-reservation=4.00MB spill-buffer=2.00MB thread-reservation=0
|  tuple-ids=2,0,1 row-size=105B cardinality=1.96M cost=0
|  in pipelines: 02(GETNEXT)
|
17:HASH JOIN [LEFT ANTI JOIN]
|  hash predicates: c.c_customer_sk = tpcds_partitioned_parquet_snap.web_sales.ws_bill_customer_sk
|  mem-estimate=892.36MB mem-reservation=34.00MB spill-buffer=2.00MB thread-reservation=0
|  tuple-ids=2,0,1 row-size=105B cardinality=1.96M cost=33457817
|  in pipelines: 02(GETNEXT), 16(OPEN)
|
|--16:AGGREGATE [FINALIZE]
|  |  group by: tpcds_partitioned_parquet_snap.web_sales.ws_bill_customer_sk
|  |  mem-estimate=497.44MB mem-reservation=34.00MB spill-buffer=2.00MB thread-reservation=0
|  |  tuple-ids=24 row-size=4B cardinality=32.60M cost=125867197
|  |  in pipelines: 16(GETNEXT), 06(OPEN)
|  |
|  08:HASH JOIN [INNER JOIN]
|  |  hash predicates: ws_sold_date_sk = d_date_sk
|  |  fk/pk conjuncts: ws_sold_date_sk = d_date_sk
|  |  runtime filters: RF008[bloom] <- d_date_sk
|  |  mem-estimate=1.94MB mem-reservation=1.94MB spill-buffer=64.00KB thread-reservation=0
|  |  tuple-ids=6,7 row-size=20B cardinality=139.73M cost=61162026
|  |  in pipelines: 06(GETNEXT), 07(OPEN)
|  |
|  |--27:TUPLE CACHE
|  |  |  cache key: 473a8368e0e9de88c14240adee45cae6
|  |  |  input scan node ids: 7
|  |  |  estimated serialized size: 1.84KB
|  |  |  estimated serialized size per node: 1.84KB
|  |  |  cumulative processing cost: 18780
|  |  |  cache read processing cost: 15
|  |  |  cache write processing cost: 5
|  |  |  mem-estimate=4.00MB mem-reservation=4.00MB spill-buffer=2.00MB thread-reservation=0
|  |  |  tuple-ids=7 row-size=12B cardinality=118 cost=0
|  |  |  in pipelines: 07(GETNEXT)
|  |  |
|  |  07:SCAN HDFS [tpcds_partitioned_parquet_snap.date_dim]
|  |     HDFS partitions=1/1 files=1 size=2.17MB
|  |     deterministic scan range assignment: true
|  |     schedule scan ranges oldest to newest: true
|  |     predicates: d_year = CAST(1999 AS INT), d_moy <= CAST(6 AS INT), d_moy >= CAST(4 AS INT)
|  |     stored statistics:
|  |       table: rows=73.05K size=2.17MB
|  |       columns: all
|  |     extrapolated-rows=disabled max-scan-range-rows=73.05K
|  |     parquet statistics predicates: d_year = CAST(1999 AS INT), d_moy <= CAST(6 AS INT), d_moy >= CAST(4 AS INT)
|  |     parquet dictionary predicates: d_year = CAST(1999 AS INT), d_moy <= CAST(6 AS INT), d_moy >= CAST(4 AS INT)
|  |     mem-estimate=16.00MB mem-reservation=512.00KB thread-reservation=0
|  |     tuple-ids=7 row-size=12B cardinality=118 cost=18780
|  |     in pipelines: 07(GETNEXT)
|  |
|  06:SCAN HDFS [tpcds_partitioned_parquet_snap.web_sales]
|     HDFS partitions=1824/1824 files=1824 size=145.75GB
|     deterministic scan range assignment: true
|     schedule scan ranges oldest to newest: true
|     runtime filters: RF008[bloom] -> ws_sold_date_sk
|     stored statistics:
|       table: rows=2.16G size=145.75GB
|       partitions: 1824/1824 rows=2.16G
|       columns: all
|     extrapolated-rows=disabled max-scan-range-rows=3.37M est-scan-range=119(filtered from 1824)
|     mem-estimate=16.00MB mem-reservation=128.00KB thread-reservation=0
|     tuple-ids=6 row-size=8B cardinality=139.73M(filtered from 2.16G) cost=16097445
|     in pipelines: 06(GETNEXT)
|
26:TUPLE CACHE
|  cache key: 6d55740c08be4e4dcb58207e0e6f24ee
|  input scan node ids: 2,0,1,3,4
|  estimated serialized size: 217.87MB
|  estimated serialized size per node: 21.79MB
|  cumulative processing cost: 603512209
|  cache read processing cost: 260454
|  cache write processing cost: 616826
|  mem-estimate=4.00MB mem-reservation=4.00MB spill-buffer=2.00MB thread-reservation=0
|  tuple-ids=2,0,1 row-size=105B cardinality=1.96M cost=0
|  in pipelines: 02(GETNEXT)
|
15:HASH JOIN [LEFT SEMI JOIN]
|  hash predicates: c.c_customer_sk = tpcds_partitioned_parquet_snap.store_sales.ss_customer_sk
|  runtime filters: RF000[bloom] <- tpcds_partitioned_parquet_snap.store_sales.ss_customer_sk, RF001[min_max] <- tpcds_partitioned_parquet_snap.store_sales.ss_customer_sk
|  mem-estimate=892.67MB mem-reservation=34.00MB spill-buffer=2.00MB thread-reservation=0
|  tuple-ids=2,0,1 row-size=105B cardinality=1.96M cost=33538504
|  in pipelines: 02(GETNEXT), 14(OPEN)
|
|--25:TUPLE CACHE
|  |  cache key: 694a52b94917e62dd3634cf01bef0530
|  |  input scan node ids: 3,4
|  |  estimated serialized size: 249.33MB
|  |  estimated serialized size per node: 24.93MB
|  |  cumulative processing cost: 557754602
|  |  cache read processing cost: 4343266
|  |  cache write processing cost: 705903
|  |  mem-estimate=4.00MB mem-reservation=4.00MB spill-buffer=2.00MB thread-reservation=0
|  |  tuple-ids=23 row-size=4B cardinality=32.68M cost=0
|  |  in pipelines: 14(GETNEXT)
|  |
|  14:AGGREGATE [FINALIZE]
|  |  group by: tpcds_partitioned_parquet_snap.store_sales.ss_customer_sk
|  |  mem-estimate=498.67MB mem-reservation=34.00MB spill-buffer=2.00MB thread-reservation=0
|  |  tuple-ids=23 row-size=4B cardinality=32.68M cost=248696023
|  |  in pipelines: 14(GETNEXT), 03(OPEN)
|  |
|  05:HASH JOIN [INNER JOIN]
|  |  hash predicates: ss_sold_date_sk = d_date_sk
|  |  fk/pk conjuncts: ss_sold_date_sk = d_date_sk
|  |  runtime filters: RF006[bloom] <- d_date_sk
|  |  mem-estimate=1.94MB mem-reservation=1.94MB spill-buffer=64.00KB thread-reservation=0
|  |  tuple-ids=3,4 row-size=20B cardinality=558.94M cost=244649546
|  |  in pipelines: 03(GETNEXT), 04(OPEN)
|  |
|  |--24:TUPLE CACHE
|  |  |  cache key: 473a8368e0e9de88c14240adee45cae6
|  |  |  input scan node ids: 4
|  |  |  estimated serialized size: 1.84KB
|  |  |  estimated serialized size per node: 1.84KB
|  |  |  cumulative processing cost: 18780
|  |  |  cache read processing cost: 15
|  |  |  cache write processing cost: 5
|  |  |  mem-estimate=4.00MB mem-reservation=4.00MB spill-buffer=2.00MB thread-reservation=0
|  |  |  tuple-ids=4 row-size=12B cardinality=118 cost=0
|  |  |  in pipelines: 04(GETNEXT)
|  |  |
|  |  04:SCAN HDFS [tpcds_partitioned_parquet_snap.date_dim]
|  |     HDFS partitions=1/1 files=1 size=2.17MB
|  |     deterministic scan range assignment: true
|  |     schedule scan ranges oldest to newest: true
|  |     predicates: d_year = CAST(1999 AS INT), d_moy <= CAST(6 AS INT), d_moy >= CAST(4 AS INT)
|  |     stored statistics:
|  |       table: rows=73.05K size=2.17MB
|  |       columns: all
|  |     extrapolated-rows=disabled max-scan-range-rows=73.05K
|  |     parquet statistics predicates: d_year = CAST(1999 AS INT), d_moy <= CAST(6 AS INT), d_moy >= CAST(4 AS INT)
|  |     parquet dictionary predicates: d_year = CAST(1999 AS INT), d_moy <= CAST(6 AS INT), d_moy >= CAST(4 AS INT)
|  |     mem-estimate=16.00MB mem-reservation=512.00KB thread-reservation=0
|  |     tuple-ids=4 row-size=12B cardinality=118 cost=18780
|  |     in pipelines: 04(GETNEXT)
|  |
|  03:SCAN HDFS [tpcds_partitioned_parquet_snap.store_sales]
|     HDFS partitions=1824/1824 files=1824 size=389.90GB
|     deterministic scan range assignment: true
|     schedule scan ranges oldest to newest: true
|     runtime filters: RF006[bloom] -> ss_sold_date_sk
|     stored statistics:
|       table: rows=8.64G size=389.90GB
|       partitions: 1824/1824 rows=8.64G
|       columns: all
|     extrapolated-rows=disabled max-scan-range-rows=390.22M est-scan-range=119(filtered from 1824)
|     mem-estimate=16.00MB mem-reservation=4.00MB thread-reservation=0
|     tuple-ids=3 row-size=8B cardinality=558.94M(filtered from 8.64G) cost=64390253
|     in pipelines: 03(GETNEXT)
|
13:HASH JOIN [INNER JOIN]
|  hash predicates: cd_demo_sk = c.c_current_cdemo_sk
|  fk/pk conjuncts: cd_demo_sk = c.c_current_cdemo_sk
|  runtime filters: RF002[bloom] <- c.c_current_cdemo_sk, RF003[min_max] <- c.c_current_cdemo_sk
|  mem-estimate=105.37MB mem-reservation=34.00MB spill-buffer=2.00MB thread-reservation=0
|  tuple-ids=2,0,1 row-size=105B cardinality=1.96M cost=2831870
|  in pipelines: 02(GETNEXT), 00(OPEN)
|
|--12:HASH JOIN [INNER JOIN]
|  |  hash predicates: c.c_current_addr_sk = ca.ca_address_sk
|  |  fk/pk conjuncts: c.c_current_addr_sk = ca.ca_address_sk
|  |  runtime filters: RF004[bloom] <- ca.ca_address_sk, RF005[min_max] <- ca.ca_address_sk
|  |  mem-estimate=39.15MB mem-reservation=34.00MB spill-buffer=2.00MB thread-reservation=0
|  |  tuple-ids=0,1 row-size=30B cardinality=1.98M cost=1750781
|  |  in pipelines: 00(GETNEXT), 01(OPEN)
|  |
|  |--23:TUPLE CACHE
|  |  |  cache key: 4b659b5ff8a80fdf77315aed1fec8879
|  |  |  input scan node ids: 1
|  |  |  estimated serialized size: 18.51MB
|  |  |  estimated serialized size per node: 1.85MB
|  |  |  cumulative processing cost: 1717500
|  |  |  cache read processing cost: 117264
|  |  |  cache write processing cost: 52411
|  |  |  mem-estimate=4.00MB mem-reservation=4.00MB spill-buffer=2.00MB thread-reservation=0
|  |  |  tuple-ids=1 row-size=18B cardinality=882.35K cost=0
|  |  |  in pipelines: 01(GETNEXT)
|  |  |
|  |  01:SCAN HDFS [tpcds_partitioned_parquet_snap.customer_address ca]
|  |     HDFS partitions=1/1 files=1 size=307.36MB
|  |     deterministic scan range assignment: true
|  |     schedule scan ranges oldest to newest: true
|  |     predicates: ca_state IN ('OK', 'GA', 'VA')
|  |     stored statistics:
|  |       table: rows=15.00M size=307.36MB
|  |       columns: all
|  |     extrapolated-rows=disabled max-scan-range-rows=1.58M
|  |     parquet statistics predicates: ca_state IN ('OK', 'GA', 'VA')
|  |     parquet dictionary predicates: ca_state IN ('OK', 'GA', 'VA')
|  |     mem-estimate=16.00MB mem-reservation=128.00KB thread-reservation=0
|  |     tuple-ids=1 row-size=18B cardinality=882.35K cost=1717500
|  |     in pipelines: 01(GETNEXT)
|  |
|  22:TUPLE CACHE
|  |  cache key: 36a655158472fdb5b282ff8fc1c13a91
|  |  input scan node ids: 0
|  |  estimated serialized size: 30.27MB
|  |  estimated serialized size per node: 3.03MB
|  |  cumulative processing cost: 5184000
|  |  cache read processing cost: 263683
|  |  cache write processing cost: 85711
|  |  mem-estimate=4.00MB mem-reservation=4.00MB spill-buffer=2.00MB thread-reservation=0
|  |  tuple-ids=0 row-size=12B cardinality=1.98M(filtered from 30.00M) cost=0
|  |  in pipelines: 00(GETNEXT)
|  |
|  00:SCAN HDFS [tpcds_partitioned_parquet_snap.customer c]
|     HDFS partitions=1/1 files=1 size=1.55GB
|     deterministic scan range assignment: true
|     schedule scan ranges oldest to newest: true
|     runtime filters: RF001[min_max] -> c.c_customer_sk, RF005[min_max] -> c.c_current_addr_sk, RF000[bloom] -> c.c_customer_sk, RF004[bloom] -> c.c_current_addr_sk
|     stored statistics:
|       table: rows=30.00M size=1.55GB
|       columns: all
|     extrapolated-rows=disabled max-scan-range-rows=3.10M
|     mem-estimate=16.00MB mem-reservation=1.00MB thread-reservation=0
|     tuple-ids=0 row-size=12B cardinality=1.98M(filtered from 30.00M) cost=5184000
|     in pipelines: 00(GETNEXT)
|
02:SCAN HDFS [tpcds_partitioned_parquet_snap.customer_demographics]
   HDFS partitions=1/1 files=1 size=11.15MB
   deterministic scan range assignment: true
   schedule scan ranges oldest to newest: true
   runtime filters: RF003[min_max] -> cd_demo_sk, RF002[bloom] -> cd_demo_sk
   stored statistics:
     table: rows=1.92M size=11.15MB
     columns: all
   extrapolated-rows=disabled max-scan-range-rows=197.97K
   mem-estimate=16.00MB mem-reservation=1.00MB thread-reservation=0
   tuple-ids=2 row-size=75B cardinality=1.92M cost=734952
   in pipelines: 02(GETNEXT)
---- DISTRIBUTEDPLAN
Max Per-Host Resource Reservation: Memory=1.39GB Threads=49
Per-Host Resource Estimates: Memory=2.40GB
F14:PLAN FRAGMENT [UNPARTITIONED] hosts=1 instances=1
|  Per-Instance Resources: mem-estimate=4.08MB mem-reservation=4.00MB thread-reservation=1
|  max-parallelism=1 segment-costs=[841] cpu-comparison-result=289 [max(1 (self) vs 289 (sum children))]
PLAN-ROOT SINK
|  output exprs: cd_gender, cd_marital_status, cd_education_status, count(*), cd_purchase_estimate, count(*), cd_credit_rating, count(*)
|  mem-estimate=4.00MB mem-reservation=4.00MB spill-buffer=2.00MB thread-reservation=0 cost=800
|
39:MERGING-EXCHANGE [UNPARTITIONED]
|  order by: cd_gender ASC, cd_marital_status ASC, cd_education_status ASC, cd_purchase_estimate ASC, cd_credit_rating ASC
|  limit: 100
|  mem-estimate=81.41KB mem-reservation=0B thread-reservation=0
|  tuple-ids=13 row-size=79B cardinality=100 cost=41
|  in pipelines: 21(GETNEXT)
|
F13:PLAN FRAGMENT [HASH(cd_gender,cd_marital_status,cd_education_status,cd_purchase_estimate,cd_credit_rating)] hosts=10 instances=10
Per-Instance Resources: mem-estimate=11.23MB mem-reservation=1.94MB thread-reservation=1
max-parallelism=10 segment-costs=[128770, 39311, 237] cpu-comparison-result=289 [max(10 (self) vs 289 (sum children))]
21:TOP-N [LIMIT=100]
|  order by: cd_gender ASC, cd_marital_status ASC, cd_education_status ASC, cd_purchase_estimate ASC, cd_credit_rating ASC
|  mem-estimate=7.67KB mem-reservation=0B thread-reservation=0
|  tuple-ids=13 row-size=79B cardinality=100 cost=39311
|  in pipelines: 21(GETNEXT), 38(OPEN)
|
38:AGGREGATE [FINALIZE]
|  output: count:merge(*)
|  group by: cd_gender, cd_marital_status, cd_education_status, cd_purchase_estimate, cd_credit_rating
|  mem-estimate=10.00MB mem-reservation=1.94MB spill-buffer=64.00KB thread-reservation=0
|  tuple-ids=12 row-size=79B cardinality=5.60K cost=102309
|  in pipelines: 38(GETNEXT), 02(OPEN)
|
37:EXCHANGE [HASH(cd_gender,cd_marital_status,cd_education_status,cd_purchase_estimate,cd_credit_rating)]
|  mem-estimate=1.23MB mem-reservation=0B thread-reservation=0
|  tuple-ids=12 row-size=79B cardinality=56.00K cost=26461
|  in pipelines: 02(GETNEXT)
|
F06:PLAN FRAGMENT [HASH(tpcds_partitioned_parquet_snap.store_sales.ss_customer_sk)] hosts=10 instances=10
Per-Instance Resources: mem-estimate=24.36MB mem-reservation=2.00MB thread-reservation=1
max-parallelism=10 segment-costs=[6824595, 312211] cpu-comparison-result=289 [max(30 (self) vs 289 (sum children))]
20:AGGREGATE [STREAMING]
|  output: count(*)
|  group by: cd_gender, cd_marital_status, cd_education_status, cd_purchase_estimate, cd_credit_rating
|  mem-estimate=10.00MB mem-reservation=2.00MB spill-buffer=64.00KB thread-reservation=0
|  tuple-ids=12 row-size=79B cardinality=56.00K cost=2946529
|  in pipelines: 02(GETNEXT)
|
19:HASH JOIN [LEFT ANTI JOIN, PARTITIONED]
|  hash-table-id=00
|  hash predicates: c.c_customer_sk = tpcds_partitioned_parquet_snap.catalog_sales.cs_ship_customer_sk
|  mem-estimate=0B mem-reservation=0B spill-buffer=2.00MB thread-reservation=0
|  tuple-ids=2,0,1 row-size=105B cardinality=1.96M cost=857795
|  in pipelines: 02(GETNEXT), 35(OPEN)
|
|--F15:PLAN FRAGMENT [HASH(tpcds_partitioned_parquet_snap.store_sales.ss_customer_sk)] hosts=10 instances=10
|  |  Per-Instance Resources: mem-estimate=99.42MB mem-reservation=34.00MB thread-reservation=1
|  |  max-parallelism=10 segment-costs=[36912860] cpu-comparison-result=100 [max(10 (self) vs 100 (sum children))]
|  JOIN BUILD
|  |  join-table-id=00 plan-id=01 cohort-id=01
|  |  build expressions: tpcds_partitioned_parquet_snap.catalog_sales.cs_ship_customer_sk
|  |  mem-estimate=89.27MB mem-reservation=34.00MB spill-buffer=2.00MB thread-reservation=0 cost=32680709
|  |
|  36:EXCHANGE [HASH(tpcds_partitioned_parquet_snap.catalog_sales.cs_ship_customer_sk)]
|  |  mem-estimate=10.16MB mem-reservation=0B thread-reservation=0
|  |  tuple-ids=25 row-size=4B cardinality=32.68M cost=4232151
|  |  in pipelines: 35(GETNEXT)
|  |
|  F12:PLAN FRAGMENT [HASH(tpcds_partitioned_parquet_snap.catalog_sales.cs_ship_customer_sk)] hosts=10 instances=20 (adjusted from 120)
|  Per-Instance Resources: mem-estimate=44.78MB mem-reservation=34.00MB thread-reservation=1
|  max-parallelism=20 segment-costs=[198620868, 25255651] cpu-comparison-result=100 [max(20 (self) vs 100 (sum children))]
|  35:AGGREGATE [FINALIZE]
|  |  group by: tpcds_partitioned_parquet_snap.catalog_sales.cs_ship_customer_sk
|  |  mem-estimate=34.00MB mem-reservation=34.00MB spill-buffer=2.00MB thread-reservation=0
|  |  tuple-ids=25 row-size=4B cardinality=32.68M cost=163816754
|  |  in pipelines: 35(GETNEXT), 09(OPEN)
|  |
|  34:EXCHANGE [HASH(tpcds_partitioned_parquet_snap.catalog_sales.cs_ship_customer_sk)]
|  |  mem-estimate=10.78MB mem-reservation=0B thread-reservation=0
|  |  tuple-ids=25 row-size=4B cardinality=268.76M cost=34804114
|  |  in pipelines: 09(GETNEXT)
|  |
|  F10:PLAN FRAGMENT [RANDOM] hosts=10 instances=100 (adjusted from 120)
|  Per-Host Shared Resources: mem-estimate=1.00MB mem-reservation=1.00MB thread-reservation=0 runtime-filters-memory=1.00MB
|  Per-Instance Resources: mem-estimate=50.62MB mem-reservation=35.00MB thread-reservation=1
|  max-parallelism=100 segment-costs=[936072958, 207695904] cpu-comparison-result=100 [max(100 (self) vs 11 (sum children))]
|  18:AGGREGATE [STREAMING]
|  |  group by: tpcds_partitioned_parquet_snap.catalog_sales.cs_ship_customer_sk
|  |  mem-estimate=34.00MB mem-reservation=34.00MB spill-buffer=2.00MB thread-reservation=0
|  |  tuple-ids=25 row-size=4B cardinality=268.76M cost=782139922
|  |  in pipelines: 09(GETNEXT)
|  |
|  11:HASH JOIN [INNER JOIN, BROADCAST]
|  |  hash-table-id=01
|  |  hash predicates: cs_sold_date_sk = d_date_sk
|  |  fk/pk conjuncts: cs_sold_date_sk = d_date_sk
|  |  mem-estimate=0B mem-reservation=0B spill-buffer=64.00KB thread-reservation=0
|  |  tuple-ids=9,10 row-size=20B cardinality=278.41M cost=121860174
|  |  in pipelines: 09(GETNEXT), 10(OPEN)
|  |
|  |--F16:PLAN FRAGMENT [RANDOM] hosts=10 instances=10
|  |  |  Per-Instance Resources: mem-estimate=20.39MB mem-reservation=20.38MB thread-reservation=1 runtime-filters-memory=1.00MB
|  |  |  max-parallelism=10 segment-costs=[268]
|  |  JOIN BUILD
|  |  |  join-table-id=01 plan-id=02 cohort-id=02
|  |  |  build expressions: d_date_sk
|  |  |  runtime filters: RF010[bloom] <- d_date_sk
|  |  |  mem-estimate=19.38MB mem-reservation=19.38MB spill-buffer=64.00KB thread-reservation=0 cost=118
|  |  |
|  |  33:EXCHANGE [BROADCAST]
|  |  |  mem-estimate=16.00KB mem-reservation=0B thread-reservation=0
|  |  |  tuple-ids=10 row-size=12B cardinality=118 cost=150
|  |  |  in pipelines: 10(GETNEXT)
|  |  |
|  |  F11:PLAN FRAGMENT [RANDOM] hosts=1 instances=1
|  |  Per-Instance Resources: mem-estimate=20.06MB mem-reservation=4.50MB thread-reservation=1
|  |  max-parallelism=1 segment-costs=[18786]
|  |  43:TUPLE CACHE
|  |  |  cache key: 473a8368e0e9de88c14240adee45cae6
|  |  |  input scan node ids: 10
|  |  |  estimated serialized size: 1.84KB
|  |  |  estimated serialized size per node: 1.84KB
|  |  |  cumulative processing cost: 18780
|  |  |  cache read processing cost: 15
|  |  |  cache write processing cost: 5
|  |  |  mem-estimate=4.00MB mem-reservation=4.00MB spill-buffer=2.00MB thread-reservation=0
|  |  |  tuple-ids=10 row-size=12B cardinality=118 cost=0
|  |  |  in pipelines: 10(GETNEXT)
|  |  |
|  |  10:SCAN HDFS [tpcds_partitioned_parquet_snap.date_dim, RANDOM]
|  |     HDFS partitions=1/1 files=1 size=2.17MB
|  |     deterministic scan range assignment: true
|  |     schedule scan ranges oldest to newest: true
|  |     predicates: d_year = CAST(1999 AS INT), d_moy <= CAST(6 AS INT), d_moy >= CAST(4 AS INT)
|  |     stored statistics:
|  |       table: rows=73.05K size=2.17MB
|  |       columns: all
|  |     extrapolated-rows=disabled max-scan-range-rows=73.05K
|  |     parquet statistics predicates: d_year = CAST(1999 AS INT), d_moy <= CAST(6 AS INT), d_moy >= CAST(4 AS INT)
|  |     parquet dictionary predicates: d_year = CAST(1999 AS INT), d_moy <= CAST(6 AS INT), d_moy >= CAST(4 AS INT)
|  |     mem-estimate=16.00MB mem-reservation=512.00KB thread-reservation=0
|  |     tuple-ids=10 row-size=12B cardinality=118 cost=18780
|  |     in pipelines: 10(GETNEXT)
|  |
|  09:SCAN HDFS [tpcds_partitioned_parquet_snap.catalog_sales, RANDOM]
|     HDFS partitions=1831/1831 files=1831 size=280.96GB
|     runtime filters: RF010[bloom] -> cs_sold_date_sk
|     stored statistics:
|       table: rows=4.32G size=280.96GB
|       partitions: 1831/1831 rows=4.32G
|       columns: all
|     extrapolated-rows=disabled max-scan-range-rows=21.52M est-scan-range=118(filtered from 1831)
|     mem-estimate=16.00MB mem-reservation=1.00MB thread-reservation=0
|     tuple-ids=9 row-size=8B cardinality=278.41M(filtered from 4.32G) cost=32072862
|     in pipelines: 09(GETNEXT)
|
17:HASH JOIN [LEFT ANTI JOIN, PARTITIONED]
|  hash-table-id=02
|  hash predicates: c.c_customer_sk = tpcds_partitioned_parquet_snap.web_sales.ws_bill_customer_sk
|  mem-estimate=0B mem-reservation=0B spill-buffer=2.00MB thread-reservation=0
|  tuple-ids=2,0,1 row-size=105B cardinality=1.96M cost=857795
|  in pipelines: 02(GETNEXT), 31(OPEN)
|
|--F17:PLAN FRAGMENT [HASH(tpcds_partitioned_parquet_snap.store_sales.ss_customer_sk)] hosts=10 instances=10
|  |  Per-Instance Resources: mem-estimate=99.39MB mem-reservation=34.00MB thread-reservation=1
|  |  max-parallelism=10 segment-costs=[36821724] cpu-comparison-result=50 [max(10 (self) vs 50 (sum children))]
|  JOIN BUILD
|  |  join-table-id=02 plan-id=03 cohort-id=01
|  |  build expressions: tpcds_partitioned_parquet_snap.web_sales.ws_bill_customer_sk
|  |  mem-estimate=89.24MB mem-reservation=34.00MB spill-buffer=2.00MB thread-reservation=0 cost=32600022
|  |
|  32:EXCHANGE [HASH(tpcds_partitioned_parquet_snap.web_sales.ws_bill_customer_sk)]
|  |  mem-estimate=10.16MB mem-reservation=0B thread-reservation=0
|  |  tuple-ids=24 row-size=4B cardinality=32.60M cost=4221702
|  |  in pipelines: 31(GETNEXT)
|  |
|  F09:PLAN FRAGMENT [HASH(tpcds_partitioned_parquet_snap.web_sales.ws_bill_customer_sk)] hosts=10 instances=20 (adjusted from 120)
|  Per-Instance Resources: mem-estimate=44.39MB mem-reservation=34.00MB thread-reservation=1
|  max-parallelism=20 segment-costs=[142922176, 25193297] cpu-comparison-result=50 [max(20 (self) vs 50 (sum children))]
|  31:AGGREGATE [FINALIZE]
|  |  group by: tpcds_partitioned_parquet_snap.web_sales.ws_bill_customer_sk
|  |  mem-estimate=34.00MB mem-reservation=34.00MB spill-buffer=2.00MB thread-reservation=0
|  |  tuple-ids=24 row-size=4B cardinality=32.60M cost=125145877
|  |  in pipelines: 31(GETNEXT), 06(OPEN)
|  |
|  30:EXCHANGE [HASH(tpcds_partitioned_parquet_snap.web_sales.ws_bill_customer_sk)]
|  |  mem-estimate=10.39MB mem-reservation=0B thread-reservation=0
|  |  tuple-ids=24 row-size=4B cardinality=137.27M cost=17776299
|  |  in pipelines: 06(GETNEXT)
|  |
|  F07:PLAN FRAGMENT [RANDOM] hosts=10 instances=50 (adjusted from 120)
|  Per-Host Shared Resources: mem-estimate=1.00MB mem-reservation=1.00MB thread-reservation=0 runtime-filters-memory=1.00MB
|  Per-Instance Resources: mem-estimate=50.62MB mem-reservation=34.12MB thread-reservation=1
|  max-parallelism=50 segment-costs=[476018780, 106081266] cpu-comparison-result=50 [max(50 (self) vs 11 (sum children))]
|  16:AGGREGATE [STREAMING]
|  |  group by: tpcds_partitioned_parquet_snap.web_sales.ws_bill_customer_sk
|  |  mem-estimate=34.00MB mem-reservation=34.00MB spill-buffer=2.00MB thread-reservation=0
|  |  tuple-ids=24 row-size=4B cardinality=137.27M cost=398759427
|  |  in pipelines: 06(GETNEXT)
|  |
|  08:HASH JOIN [INNER JOIN, BROADCAST]
|  |  hash-table-id=03
|  |  hash predicates: ws_sold_date_sk = d_date_sk
|  |  fk/pk conjuncts: ws_sold_date_sk = d_date_sk
|  |  mem-estimate=0B mem-reservation=0B spill-buffer=64.00KB thread-reservation=0
|  |  tuple-ids=6,7 row-size=20B cardinality=139.73M cost=61161908
|  |  in pipelines: 06(GETNEXT), 07(OPEN)
|  |
|  |--F18:PLAN FRAGMENT [RANDOM] hosts=10 instances=10
|  |  |  Per-Instance Resources: mem-estimate=10.70MB mem-reservation=10.69MB thread-reservation=1 runtime-filters-memory=1.00MB
|  |  |  max-parallelism=10 segment-costs=[268]
|  |  JOIN BUILD
|  |  |  join-table-id=03 plan-id=04 cohort-id=03
|  |  |  build expressions: d_date_sk
|  |  |  runtime filters: RF008[bloom] <- d_date_sk
|  |  |  mem-estimate=9.69MB mem-reservation=9.69MB spill-buffer=64.00KB thread-reservation=0 cost=118
|  |  |
|  |  29:EXCHANGE [BROADCAST]
|  |  |  mem-estimate=16.00KB mem-reservation=0B thread-reservation=0
|  |  |  tuple-ids=7 row-size=12B cardinality=118 cost=150
|  |  |  in pipelines: 07(GETNEXT)
|  |  |
|  |  F08:PLAN FRAGMENT [RANDOM] hosts=1 instances=1
|  |  Per-Instance Resources: mem-estimate=20.06MB mem-reservation=4.50MB thread-reservation=1
|  |  max-parallelism=1 segment-costs=[18786]
|  |  42:TUPLE CACHE
|  |  |  cache key: 473a8368e0e9de88c14240adee45cae6
|  |  |  input scan node ids: 7
|  |  |  estimated serialized size: 1.84KB
|  |  |  estimated serialized size per node: 1.84KB
|  |  |  cumulative processing cost: 18780
|  |  |  cache read processing cost: 15
|  |  |  cache write processing cost: 5
|  |  |  mem-estimate=4.00MB mem-reservation=4.00MB spill-buffer=2.00MB thread-reservation=0
|  |  |  tuple-ids=7 row-size=12B cardinality=118 cost=0
|  |  |  in pipelines: 07(GETNEXT)
|  |  |
|  |  07:SCAN HDFS [tpcds_partitioned_parquet_snap.date_dim, RANDOM]
|  |     HDFS partitions=1/1 files=1 size=2.17MB
|  |     deterministic scan range assignment: true
|  |     schedule scan ranges oldest to newest: true
|  |     predicates: d_year = CAST(1999 AS INT), d_moy <= CAST(6 AS INT), d_moy >= CAST(4 AS INT)
|  |     stored statistics:
|  |       table: rows=73.05K size=2.17MB
|  |       columns: all
|  |     extrapolated-rows=disabled max-scan-range-rows=73.05K
|  |     parquet statistics predicates: d_year = CAST(1999 AS INT), d_moy <= CAST(6 AS INT), d_moy >= CAST(4 AS INT)
|  |     parquet dictionary predicates: d_year = CAST(1999 AS INT), d_moy <= CAST(6 AS INT), d_moy >= CAST(4 AS INT)
|  |     mem-estimate=16.00MB mem-reservation=512.00KB thread-reservation=0
|  |     tuple-ids=7 row-size=12B cardinality=118 cost=18780
|  |     in pipelines: 07(GETNEXT)
|  |
|  06:SCAN HDFS [tpcds_partitioned_parquet_snap.web_sales, RANDOM]
|     HDFS partitions=1824/1824 files=1824 size=145.75GB
|     runtime filters: RF008[bloom] -> ws_sold_date_sk
|     stored statistics:
|       table: rows=2.16G size=145.75GB
|       partitions: 1824/1824 rows=2.16G
|       columns: all
|     extrapolated-rows=disabled max-scan-range-rows=3.37M est-scan-range=119(filtered from 1824)
|     mem-estimate=16.00MB mem-reservation=128.00KB thread-reservation=0
|     tuple-ids=6 row-size=8B cardinality=139.73M(filtered from 2.16G) cost=16097445
|     in pipelines: 06(GETNEXT)
|
15:HASH JOIN [LEFT SEMI JOIN, PARTITIONED]
|  hash-table-id=04
|  hash predicates: c.c_customer_sk = tpcds_partitioned_parquet_snap.store_sales.ss_customer_sk
|  mem-estimate=0B mem-reservation=0B spill-buffer=2.00MB thread-reservation=0
|  tuple-ids=2,0,1 row-size=105B cardinality=1.96M cost=857795
|  in pipelines: 02(GETNEXT), 27(OPEN)
|
|--F19:PLAN FRAGMENT [HASH(tpcds_partitioned_parquet_snap.store_sales.ss_customer_sk)] hosts=10 instances=10
|  |  Per-Instance Resources: mem-estimate=155.13MB mem-reservation=84.00MB thread-reservation=1 runtime-filters-memory=16.00MB
|  |  max-parallelism=10 segment-costs=[305040980, 32680709] cpu-comparison-result=119 [max(10 (self) vs 119 (sum children))]
|  JOIN BUILD
|  |  join-table-id=04 plan-id=05 cohort-id=01
|  |  build expressions: tpcds_partitioned_parquet_snap.store_sales.ss_customer_sk
|  |  runtime filters: RF000[bloom] <- tpcds_partitioned_parquet_snap.store_sales.ss_customer_sk, RF001[min_max] <- tpcds_partitioned_parquet_snap.store_sales.ss_customer_sk
|  |  mem-estimate=89.27MB mem-reservation=34.00MB spill-buffer=2.00MB thread-reservation=0 cost=32680709
|  |
|  27:AGGREGATE [FINALIZE]
|  |  group by: tpcds_partitioned_parquet_snap.store_sales.ss_customer_sk
|  |  mem-estimate=49.87MB mem-reservation=34.00MB spill-buffer=2.00MB thread-reservation=0
|  |  tuple-ids=23 row-size=4B cardinality=32.68M cost=237579509
|  |  in pipelines: 27(GETNEXT), 03(OPEN)
|  |
|  26:EXCHANGE [HASH(tpcds_partitioned_parquet_snap.store_sales.ss_customer_sk)]
|  |  mem-estimate=10.93MB mem-reservation=0B thread-reservation=0
|  |  tuple-ids=23 row-size=4B cardinality=520.94M cost=67461471
|  |  in pipelines: 03(GETNEXT)
|  |
|  F04:PLAN FRAGMENT [RANDOM] hosts=10 instances=119 (adjusted from 120)
|  Per-Host Shared Resources: mem-estimate=1.00MB mem-reservation=1.00MB thread-reservation=0 runtime-filters-memory=1.00MB
|  Per-Instance Resources: mem-estimate=70.07MB mem-reservation=38.00MB thread-reservation=1
|  max-parallelism=119 segment-costs=[1830720113, 402580886] cpu-comparison-result=119 [max(119 (self) vs 11 (sum children))]
|  14:AGGREGATE [STREAMING]
|  |  group by: tpcds_partitioned_parquet_snap.store_sales.ss_customer_sk
|  |  mem-estimate=53.75MB mem-reservation=34.00MB spill-buffer=2.00MB thread-reservation=0
|  |  tuple-ids=23 row-size=4B cardinality=520.94M cost=1521680432
|  |  in pipelines: 03(GETNEXT)
|  |
|  05:HASH JOIN [INNER JOIN, BROADCAST]
|  |  hash-table-id=05
|  |  hash predicates: ss_sold_date_sk = d_date_sk
|  |  fk/pk conjuncts: ss_sold_date_sk = d_date_sk
|  |  mem-estimate=0B mem-reservation=0B spill-buffer=64.00KB thread-reservation=0
|  |  tuple-ids=3,4 row-size=20B cardinality=558.94M cost=244649428
|  |  in pipelines: 03(GETNEXT), 04(OPEN)
|  |
|  |--F20:PLAN FRAGMENT [RANDOM] hosts=10 instances=10
|  |  |  Per-Instance Resources: mem-estimate=24.27MB mem-reservation=24.25MB thread-reservation=1 runtime-filters-memory=1.00MB
|  |  |  max-parallelism=10 segment-costs=[268]
|  |  JOIN BUILD
|  |  |  join-table-id=05 plan-id=06 cohort-id=04
|  |  |  build expressions: d_date_sk
|  |  |  runtime filters: RF006[bloom] <- d_date_sk
|  |  |  mem-estimate=23.25MB mem-reservation=23.25MB spill-buffer=64.00KB thread-reservation=0 cost=118
|  |  |
|  |  25:EXCHANGE [BROADCAST]
|  |  |  mem-estimate=16.00KB mem-reservation=0B thread-reservation=0
|  |  |  tuple-ids=4 row-size=12B cardinality=118 cost=150
|  |  |  in pipelines: 04(GETNEXT)
|  |  |
|  |  F05:PLAN FRAGMENT [RANDOM] hosts=1 instances=1
|  |  Per-Instance Resources: mem-estimate=20.06MB mem-reservation=4.50MB thread-reservation=1
|  |  max-parallelism=1 segment-costs=[18786]
|  |  41:TUPLE CACHE
|  |  |  cache key: 473a8368e0e9de88c14240adee45cae6
|  |  |  input scan node ids: 4
|  |  |  estimated serialized size: 1.84KB
|  |  |  estimated serialized size per node: 1.84KB
|  |  |  cumulative processing cost: 18780
|  |  |  cache read processing cost: 15
|  |  |  cache write processing cost: 5
|  |  |  mem-estimate=4.00MB mem-reservation=4.00MB spill-buffer=2.00MB thread-reservation=0
|  |  |  tuple-ids=4 row-size=12B cardinality=118 cost=0
|  |  |  in pipelines: 04(GETNEXT)
|  |  |
|  |  04:SCAN HDFS [tpcds_partitioned_parquet_snap.date_dim, RANDOM]
|  |     HDFS partitions=1/1 files=1 size=2.17MB
|  |     deterministic scan range assignment: true
|  |     schedule scan ranges oldest to newest: true
|  |     predicates: d_year = CAST(1999 AS INT), d_moy <= CAST(6 AS INT), d_moy >= CAST(4 AS INT)
|  |     stored statistics:
|  |       table: rows=73.05K size=2.17MB
|  |       columns: all
|  |     extrapolated-rows=disabled max-scan-range-rows=73.05K
|  |     parquet statistics predicates: d_year = CAST(1999 AS INT), d_moy <= CAST(6 AS INT), d_moy >= CAST(4 AS INT)
|  |     parquet dictionary predicates: d_year = CAST(1999 AS INT), d_moy <= CAST(6 AS INT), d_moy >= CAST(4 AS INT)
|  |     mem-estimate=16.00MB mem-reservation=512.00KB thread-reservation=0
|  |     tuple-ids=4 row-size=12B cardinality=118 cost=18780
|  |     in pipelines: 04(GETNEXT)
|  |
|  03:SCAN HDFS [tpcds_partitioned_parquet_snap.store_sales, RANDOM]
|     HDFS partitions=1824/1824 files=1824 size=389.90GB
|     runtime filters: RF006[bloom] -> ss_sold_date_sk
|     stored statistics:
|       table: rows=8.64G size=389.90GB
|       partitions: 1824/1824 rows=8.64G
|       columns: all
|     extrapolated-rows=disabled max-scan-range-rows=390.22M est-scan-range=119(filtered from 1824)
|     mem-estimate=16.00MB mem-reservation=4.00MB thread-reservation=0
|     tuple-ids=3 row-size=8B cardinality=558.94M(filtered from 8.64G) cost=64390253
|     in pipelines: 03(GETNEXT)
|
28:EXCHANGE [HASH(c.c_customer_sk)]
|  mem-estimate=11.14MB mem-reservation=0B thread-reservation=0
|  tuple-ids=2,0,1 row-size=105B cardinality=1.96M cost=1304681
|  in pipelines: 02(GETNEXT)
|
F03:PLAN FRAGMENT [HASH(cd_demo_sk)] hosts=10 instances=10
Per-Instance Resources: mem-estimate=15.32MB mem-reservation=0B thread-reservation=1
max-parallelism=10 segment-costs=[17947065]
13:HASH JOIN [INNER JOIN, PARTITIONED]
|  hash-table-id=06
|  hash predicates: cd_demo_sk = c.c_current_cdemo_sk
|  fk/pk conjuncts: cd_demo_sk = c.c_current_cdemo_sk
|  mem-estimate=0B mem-reservation=0B spill-buffer=1.00MB thread-reservation=0
|  tuple-ids=2,0,1 row-size=105B cardinality=1.96M cost=847797
|  in pipelines: 02(GETNEXT), 00(OPEN)
|
|--F21:PLAN FRAGMENT [HASH(cd_demo_sk)] hosts=10 instances=10
|  |  Per-Instance Resources: mem-estimate=25.05MB mem-reservation=19.00MB thread-reservation=1 runtime-filters-memory=2.00MB
|  |  max-parallelism=10 segment-costs=[2551319] cpu-comparison-result=20 [max(20 (self) vs 20 (sum children))]
|  JOIN BUILD
|  |  join-table-id=06 plan-id=07 cohort-id=01
|  |  build expressions: c.c_current_cdemo_sk
|  |  runtime filters: RF002[bloom] <- c.c_current_cdemo_sk, RF003[min_max] <- c.c_current_cdemo_sk
|  |  mem-estimate=17.00MB mem-reservation=17.00MB spill-buffer=1.00MB thread-reservation=0 cost=1984073
|  |
|  24:EXCHANGE [HASH(c.c_current_cdemo_sk)]
|  |  mem-estimate=6.05MB mem-reservation=0B thread-reservation=0
|  |  tuple-ids=0,1 row-size=30B cardinality=1.98M cost=567246
|  |  in pipelines: 00(GETNEXT)
|  |
|  F01:PLAN FRAGMENT [RANDOM] hosts=10 instances=10
|  Per-Host Shared Resources: mem-estimate=17.00MB mem-reservation=17.00MB thread-reservation=0 runtime-filters-memory=17.00MB
|  Per-Instance Resources: mem-estimate=17.48MB mem-reservation=1.00MB thread-reservation=1
|  max-parallelism=10 segment-costs=[11930045]
|  12:HASH JOIN [INNER JOIN, BROADCAST]
|  |  hash-table-id=07
|  |  hash predicates: c.c_current_addr_sk = ca.ca_address_sk
|  |  fk/pk conjuncts: c.c_current_addr_sk = ca.ca_address_sk
|  |  mem-estimate=0B mem-reservation=0B spill-buffer=2.00MB thread-reservation=0
|  |  tuple-ids=0,1 row-size=30B cardinality=1.98M cost=868428
|  |  in pipelines: 00(GETNEXT), 01(OPEN)
|  |
|  |--F22:PLAN FRAGMENT [RANDOM] hosts=10 instances=10
|  |  |  Per-Instance Resources: mem-estimate=50.36MB mem-reservation=35.00MB thread-reservation=1 runtime-filters-memory=1.00MB
|  |  |  max-parallelism=10 segment-costs=[2054993]
|  |  JOIN BUILD
|  |  |  join-table-id=07 plan-id=08 cohort-id=05
|  |  |  build expressions: ca.ca_address_sk
|  |  |  runtime filters: RF004[bloom] <- ca.ca_address_sk, RF005[min_max] <- ca.ca_address_sk
|  |  |  mem-estimate=39.15MB mem-reservation=34.00MB spill-buffer=2.00MB thread-reservation=0 cost=882353
|  |  |
|  |  22:EXCHANGE [BROADCAST]
|  |  |  mem-estimate=10.21MB mem-reservation=0B thread-reservation=0
|  |  |  tuple-ids=1 row-size=18B cardinality=882.35K cost=1172640
|  |  |  in pipelines: 01(GETNEXT)
|  |  |
|  |  F02:PLAN FRAGMENT [RANDOM] hosts=10 instances=10
|  |  Per-Instance Resources: mem-estimate=20.09MB mem-reservation=4.12MB thread-reservation=1
|  |  max-parallelism=10 segment-costs=[1779441]
|  |  40:TUPLE CACHE
|  |  |  cache key: 4b659b5ff8a80fdf77315aed1fec8879
|  |  |  input scan node ids: 1
|  |  |  estimated serialized size: 18.51MB
|  |  |  estimated serialized size per node: 1.85MB
|  |  |  cumulative processing cost: 1717500
|  |  |  cache read processing cost: 117264
|  |  |  cache write processing cost: 52411
|  |  |  mem-estimate=4.00MB mem-reservation=4.00MB spill-buffer=2.00MB thread-reservation=0
|  |  |  tuple-ids=1 row-size=18B cardinality=882.35K cost=0
|  |  |  in pipelines: 01(GETNEXT)
|  |  |
|  |  01:SCAN HDFS [tpcds_partitioned_parquet_snap.customer_address ca, RANDOM]
|  |     HDFS partitions=1/1 files=1 size=307.36MB
|  |     deterministic scan range assignment: true
|  |     schedule scan ranges oldest to newest: true
|  |     predicates: ca_state IN ('OK', 'GA', 'VA')
|  |     stored statistics:
|  |       table: rows=15.00M size=307.36MB
|  |       columns: all
|  |     extrapolated-rows=disabled max-scan-range-rows=1.58M
|  |     parquet statistics predicates: ca_state IN ('OK', 'GA', 'VA')
|  |     parquet dictionary predicates: ca_state IN ('OK', 'GA', 'VA')
|  |     mem-estimate=16.00MB mem-reservation=128.00KB thread-reservation=0
|  |     tuple-ids=1 row-size=18B cardinality=882.35K cost=1717500
|  |     in pipelines: 01(GETNEXT)
|  |
|  00:SCAN HDFS [tpcds_partitioned_parquet_snap.customer c, RANDOM]
|     HDFS partitions=1/1 files=1 size=1.55GB
|     runtime filters: RF001[min_max] -> c.c_customer_sk, RF005[min_max] -> c.c_current_addr_sk, RF000[bloom] -> c.c_customer_sk, RF004[bloom] -> c.c_current_addr_sk
|     stored statistics:
|       table: rows=30.00M size=1.55GB
|       columns: all
|     extrapolated-rows=disabled max-scan-range-rows=3.10M
|     mem-estimate=16.00MB mem-reservation=1.00MB thread-reservation=0
|     tuple-ids=0 row-size=12B cardinality=1.98M(filtered from 30.00M) cost=5184000
|     in pipelines: 00(GETNEXT)
|
23:EXCHANGE [HASH(cd_demo_sk)]
|  mem-estimate=10.77MB mem-reservation=0B thread-reservation=0
|  tuple-ids=2 row-size=75B cardinality=1.92M cost=872290
|  in pipelines: 02(GETNEXT)
|
F00:PLAN FRAGMENT [RANDOM] hosts=10 instances=10
Per-Host Shared Resources: mem-estimate=2.00MB mem-reservation=2.00MB thread-reservation=0 runtime-filters-memory=2.00MB
Per-Instance Resources: mem-estimate=19.07MB mem-reservation=1.00MB thread-reservation=1
max-parallelism=10 segment-costs=[10948997]
02:SCAN HDFS [tpcds_partitioned_parquet_snap.customer_demographics, RANDOM]
   HDFS partitions=1/1 files=1 size=11.15MB
   runtime filters: RF003[min_max] -> cd_demo_sk, RF002[bloom] -> cd_demo_sk
   stored statistics:
     table: rows=1.92M size=11.15MB
     columns: all
   extrapolated-rows=disabled max-scan-range-rows=197.97K
   mem-estimate=16.00MB mem-reservation=1.00MB thread-reservation=0
   tuple-ids=2 row-size=75B cardinality=1.92M cost=734952
   in pipelines: 02(GETNEXT)
---- PARALLELPLANS
Max Per-Host Resource Reservation: Memory=1.39GB Threads=49
Per-Host Resource Estimates: Memory=2.40GB
F14:PLAN FRAGMENT [UNPARTITIONED] hosts=1 instances=1
|  Per-Instance Resources: mem-estimate=4.08MB mem-reservation=4.00MB thread-reservation=1
|  max-parallelism=1 segment-costs=[841] cpu-comparison-result=289 [max(1 (self) vs 289 (sum children))]
PLAN-ROOT SINK
|  output exprs: cd_gender, cd_marital_status, cd_education_status, count(*), cd_purchase_estimate, count(*), cd_credit_rating, count(*)
|  mem-estimate=4.00MB mem-reservation=4.00MB spill-buffer=2.00MB thread-reservation=0 cost=800
|
39:MERGING-EXCHANGE [UNPARTITIONED]
|  order by: cd_gender ASC, cd_marital_status ASC, cd_education_status ASC, cd_purchase_estimate ASC, cd_credit_rating ASC
|  limit: 100
|  mem-estimate=81.41KB mem-reservation=0B thread-reservation=0
|  tuple-ids=13 row-size=79B cardinality=100 cost=41
|  in pipelines: 21(GETNEXT)
|
F13:PLAN FRAGMENT [HASH(cd_gender,cd_marital_status,cd_education_status,cd_purchase_estimate,cd_credit_rating)] hosts=10 instances=10
Per-Instance Resources: mem-estimate=11.23MB mem-reservation=1.94MB thread-reservation=1
max-parallelism=10 segment-costs=[128770, 39311, 237] cpu-comparison-result=289 [max(10 (self) vs 289 (sum children))]
21:TOP-N [LIMIT=100]
|  order by: cd_gender ASC, cd_marital_status ASC, cd_education_status ASC, cd_purchase_estimate ASC, cd_credit_rating ASC
|  mem-estimate=7.67KB mem-reservation=0B thread-reservation=0
|  tuple-ids=13 row-size=79B cardinality=100 cost=39311
|  in pipelines: 21(GETNEXT), 38(OPEN)
|
38:AGGREGATE [FINALIZE]
|  output: count:merge(*)
|  group by: cd_gender, cd_marital_status, cd_education_status, cd_purchase_estimate, cd_credit_rating
|  mem-estimate=10.00MB mem-reservation=1.94MB spill-buffer=64.00KB thread-reservation=0
|  tuple-ids=12 row-size=79B cardinality=5.60K cost=102309
|  in pipelines: 38(GETNEXT), 02(OPEN)
|
37:EXCHANGE [HASH(cd_gender,cd_marital_status,cd_education_status,cd_purchase_estimate,cd_credit_rating)]
|  mem-estimate=1.23MB mem-reservation=0B thread-reservation=0
|  tuple-ids=12 row-size=79B cardinality=56.00K cost=26461
|  in pipelines: 02(GETNEXT)
|
F06:PLAN FRAGMENT [HASH(tpcds_partitioned_parquet_snap.store_sales.ss_customer_sk)] hosts=10 instances=10
Per-Instance Resources: mem-estimate=24.36MB mem-reservation=2.00MB thread-reservation=1
max-parallelism=10 segment-costs=[6824595, 312211] cpu-comparison-result=289 [max(30 (self) vs 289 (sum children))]
20:AGGREGATE [STREAMING]
|  output: count(*)
|  group by: cd_gender, cd_marital_status, cd_education_status, cd_purchase_estimate, cd_credit_rating
|  mem-estimate=10.00MB mem-reservation=2.00MB spill-buffer=64.00KB thread-reservation=0
|  tuple-ids=12 row-size=79B cardinality=56.00K cost=2946529
|  in pipelines: 02(GETNEXT)
|
19:HASH JOIN [LEFT ANTI JOIN, PARTITIONED]
|  hash-table-id=00
|  hash predicates: c.c_customer_sk = tpcds_partitioned_parquet_snap.catalog_sales.cs_ship_customer_sk
|  mem-estimate=0B mem-reservation=0B spill-buffer=2.00MB thread-reservation=0
|  tuple-ids=2,0,1 row-size=105B cardinality=1.96M cost=857795
|  in pipelines: 02(GETNEXT), 35(OPEN)
|
|--F15:PLAN FRAGMENT [HASH(tpcds_partitioned_parquet_snap.store_sales.ss_customer_sk)] hosts=10 instances=10
|  |  Per-Instance Resources: mem-estimate=99.42MB mem-reservation=34.00MB thread-reservation=1
|  |  max-parallelism=10 segment-costs=[36912860] cpu-comparison-result=100 [max(10 (self) vs 100 (sum children))]
|  JOIN BUILD
|  |  join-table-id=00 plan-id=01 cohort-id=01
|  |  build expressions: tpcds_partitioned_parquet_snap.catalog_sales.cs_ship_customer_sk
|  |  mem-estimate=89.27MB mem-reservation=34.00MB spill-buffer=2.00MB thread-reservation=0 cost=32680709
|  |
|  36:EXCHANGE [HASH(tpcds_partitioned_parquet_snap.catalog_sales.cs_ship_customer_sk)]
|  |  mem-estimate=10.16MB mem-reservation=0B thread-reservation=0
|  |  tuple-ids=25 row-size=4B cardinality=32.68M cost=4232151
|  |  in pipelines: 35(GETNEXT)
|  |
|  F12:PLAN FRAGMENT [HASH(tpcds_partitioned_parquet_snap.catalog_sales.cs_ship_customer_sk)] hosts=10 instances=20 (adjusted from 120)
|  Per-Instance Resources: mem-estimate=44.78MB mem-reservation=34.00MB thread-reservation=1
|  max-parallelism=20 segment-costs=[198620868, 25255651] cpu-comparison-result=100 [max(20 (self) vs 100 (sum children))]
|  35:AGGREGATE [FINALIZE]
|  |  group by: tpcds_partitioned_parquet_snap.catalog_sales.cs_ship_customer_sk
|  |  mem-estimate=34.00MB mem-reservation=34.00MB spill-buffer=2.00MB thread-reservation=0
|  |  tuple-ids=25 row-size=4B cardinality=32.68M cost=163816754
|  |  in pipelines: 35(GETNEXT), 09(OPEN)
|  |
|  34:EXCHANGE [HASH(tpcds_partitioned_parquet_snap.catalog_sales.cs_ship_customer_sk)]
|  |  mem-estimate=10.78MB mem-reservation=0B thread-reservation=0
|  |  tuple-ids=25 row-size=4B cardinality=268.76M cost=34804114
|  |  in pipelines: 09(GETNEXT)
|  |
|  F10:PLAN FRAGMENT [RANDOM] hosts=10 instances=100 (adjusted from 120)
|  Per-Host Shared Resources: mem-estimate=1.00MB mem-reservation=1.00MB thread-reservation=0 runtime-filters-memory=1.00MB
|  Per-Instance Resources: mem-estimate=50.62MB mem-reservation=35.00MB thread-reservation=1
|  max-parallelism=100 segment-costs=[936072958, 207695904] cpu-comparison-result=100 [max(100 (self) vs 11 (sum children))]
|  18:AGGREGATE [STREAMING]
|  |  group by: tpcds_partitioned_parquet_snap.catalog_sales.cs_ship_customer_sk
|  |  mem-estimate=34.00MB mem-reservation=34.00MB spill-buffer=2.00MB thread-reservation=0
|  |  tuple-ids=25 row-size=4B cardinality=268.76M cost=782139922
|  |  in pipelines: 09(GETNEXT)
|  |
|  11:HASH JOIN [INNER JOIN, BROADCAST]
|  |  hash-table-id=01
|  |  hash predicates: cs_sold_date_sk = d_date_sk
|  |  fk/pk conjuncts: cs_sold_date_sk = d_date_sk
|  |  mem-estimate=0B mem-reservation=0B spill-buffer=64.00KB thread-reservation=0
|  |  tuple-ids=9,10 row-size=20B cardinality=278.41M cost=121860174
|  |  in pipelines: 09(GETNEXT), 10(OPEN)
|  |
|  |--F16:PLAN FRAGMENT [RANDOM] hosts=10 instances=10
|  |  |  Per-Instance Resources: mem-estimate=20.39MB mem-reservation=20.38MB thread-reservation=1 runtime-filters-memory=1.00MB
|  |  |  max-parallelism=10 segment-costs=[268]
|  |  JOIN BUILD
|  |  |  join-table-id=01 plan-id=02 cohort-id=02
|  |  |  build expressions: d_date_sk
|  |  |  runtime filters: RF010[bloom] <- d_date_sk
|  |  |  mem-estimate=19.38MB mem-reservation=19.38MB spill-buffer=64.00KB thread-reservation=0 cost=118
|  |  |
|  |  33:EXCHANGE [BROADCAST]
|  |  |  mem-estimate=16.00KB mem-reservation=0B thread-reservation=0
|  |  |  tuple-ids=10 row-size=12B cardinality=118 cost=150
|  |  |  in pipelines: 10(GETNEXT)
|  |  |
|  |  F11:PLAN FRAGMENT [RANDOM] hosts=1 instances=1
|  |  Per-Instance Resources: mem-estimate=20.06MB mem-reservation=4.50MB thread-reservation=1
|  |  max-parallelism=1 segment-costs=[18786]
|  |  43:TUPLE CACHE
|  |  |  cache key: 473a8368e0e9de88c14240adee45cae6
|  |  |  input scan node ids: 10
|  |  |  estimated serialized size: 1.84KB
|  |  |  estimated serialized size per node: 1.84KB
|  |  |  cumulative processing cost: 18780
|  |  |  cache read processing cost: 15
|  |  |  cache write processing cost: 5
|  |  |  mem-estimate=4.00MB mem-reservation=4.00MB spill-buffer=2.00MB thread-reservation=0
|  |  |  tuple-ids=10 row-size=12B cardinality=118 cost=0
|  |  |  in pipelines: 10(GETNEXT)
|  |  |
|  |  10:SCAN HDFS [tpcds_partitioned_parquet_snap.date_dim, RANDOM]
|  |     HDFS partitions=1/1 files=1 size=2.17MB
|  |     deterministic scan range assignment: true
|  |     schedule scan ranges oldest to newest: true
|  |     predicates: d_year = CAST(1999 AS INT), d_moy <= CAST(6 AS INT), d_moy >= CAST(4 AS INT)
|  |     stored statistics:
|  |       table: rows=73.05K size=2.17MB
|  |       columns: all
|  |     extrapolated-rows=disabled max-scan-range-rows=73.05K
|  |     parquet statistics predicates: d_year = CAST(1999 AS INT), d_moy <= CAST(6 AS INT), d_moy >= CAST(4 AS INT)
|  |     parquet dictionary predicates: d_year = CAST(1999 AS INT), d_moy <= CAST(6 AS INT), d_moy >= CAST(4 AS INT)
|  |     mem-estimate=16.00MB mem-reservation=512.00KB thread-reservation=0
|  |     tuple-ids=10 row-size=12B cardinality=118 cost=18780
|  |     in pipelines: 10(GETNEXT)
|  |
|  09:SCAN HDFS [tpcds_partitioned_parquet_snap.catalog_sales, RANDOM]
|     HDFS partitions=1831/1831 files=1831 size=280.96GB
|     runtime filters: RF010[bloom] -> cs_sold_date_sk
|     stored statistics:
|       table: rows=4.32G size=280.96GB
|       partitions: 1831/1831 rows=4.32G
|       columns: all
|     extrapolated-rows=disabled max-scan-range-rows=21.52M est-scan-range=118(filtered from 1831)
|     mem-estimate=16.00MB mem-reservation=1.00MB thread-reservation=0
|     tuple-ids=9 row-size=8B cardinality=278.41M(filtered from 4.32G) cost=32072862
|     in pipelines: 09(GETNEXT)
|
17:HASH JOIN [LEFT ANTI JOIN, PARTITIONED]
|  hash-table-id=02
|  hash predicates: c.c_customer_sk = tpcds_partitioned_parquet_snap.web_sales.ws_bill_customer_sk
|  mem-estimate=0B mem-reservation=0B spill-buffer=2.00MB thread-reservation=0
|  tuple-ids=2,0,1 row-size=105B cardinality=1.96M cost=857795
|  in pipelines: 02(GETNEXT), 31(OPEN)
|
|--F17:PLAN FRAGMENT [HASH(tpcds_partitioned_parquet_snap.store_sales.ss_customer_sk)] hosts=10 instances=10
|  |  Per-Instance Resources: mem-estimate=99.39MB mem-reservation=34.00MB thread-reservation=1
|  |  max-parallelism=10 segment-costs=[36821724] cpu-comparison-result=50 [max(10 (self) vs 50 (sum children))]
|  JOIN BUILD
|  |  join-table-id=02 plan-id=03 cohort-id=01
|  |  build expressions: tpcds_partitioned_parquet_snap.web_sales.ws_bill_customer_sk
|  |  mem-estimate=89.24MB mem-reservation=34.00MB spill-buffer=2.00MB thread-reservation=0 cost=32600022
|  |
|  32:EXCHANGE [HASH(tpcds_partitioned_parquet_snap.web_sales.ws_bill_customer_sk)]
|  |  mem-estimate=10.16MB mem-reservation=0B thread-reservation=0
|  |  tuple-ids=24 row-size=4B cardinality=32.60M cost=4221702
|  |  in pipelines: 31(GETNEXT)
|  |
|  F09:PLAN FRAGMENT [HASH(tpcds_partitioned_parquet_snap.web_sales.ws_bill_customer_sk)] hosts=10 instances=20 (adjusted from 120)
|  Per-Instance Resources: mem-estimate=44.39MB mem-reservation=34.00MB thread-reservation=1
|  max-parallelism=20 segment-costs=[142922176, 25193297] cpu-comparison-result=50 [max(20 (self) vs 50 (sum children))]
|  31:AGGREGATE [FINALIZE]
|  |  group by: tpcds_partitioned_parquet_snap.web_sales.ws_bill_customer_sk
|  |  mem-estimate=34.00MB mem-reservation=34.00MB spill-buffer=2.00MB thread-reservation=0
|  |  tuple-ids=24 row-size=4B cardinality=32.60M cost=125145877
|  |  in pipelines: 31(GETNEXT), 06(OPEN)
|  |
|  30:EXCHANGE [HASH(tpcds_partitioned_parquet_snap.web_sales.ws_bill_customer_sk)]
|  |  mem-estimate=10.39MB mem-reservation=0B thread-reservation=0
|  |  tuple-ids=24 row-size=4B cardinality=137.27M cost=17776299
|  |  in pipelines: 06(GETNEXT)
|  |
|  F07:PLAN FRAGMENT [RANDOM] hosts=10 instances=50 (adjusted from 120)
|  Per-Host Shared Resources: mem-estimate=1.00MB mem-reservation=1.00MB thread-reservation=0 runtime-filters-memory=1.00MB
|  Per-Instance Resources: mem-estimate=50.62MB mem-reservation=34.12MB thread-reservation=1
|  max-parallelism=50 segment-costs=[476018780, 106081266] cpu-comparison-result=50 [max(50 (self) vs 11 (sum children))]
|  16:AGGREGATE [STREAMING]
|  |  group by: tpcds_partitioned_parquet_snap.web_sales.ws_bill_customer_sk
|  |  mem-estimate=34.00MB mem-reservation=34.00MB spill-buffer=2.00MB thread-reservation=0
|  |  tuple-ids=24 row-size=4B cardinality=137.27M cost=398759427
|  |  in pipelines: 06(GETNEXT)
|  |
|  08:HASH JOIN [INNER JOIN, BROADCAST]
|  |  hash-table-id=03
|  |  hash predicates: ws_sold_date_sk = d_date_sk
|  |  fk/pk conjuncts: ws_sold_date_sk = d_date_sk
|  |  mem-estimate=0B mem-reservation=0B spill-buffer=64.00KB thread-reservation=0
|  |  tuple-ids=6,7 row-size=20B cardinality=139.73M cost=61161908
|  |  in pipelines: 06(GETNEXT), 07(OPEN)
|  |
|  |--F18:PLAN FRAGMENT [RANDOM] hosts=10 instances=10
|  |  |  Per-Instance Resources: mem-estimate=10.70MB mem-reservation=10.69MB thread-reservation=1 runtime-filters-memory=1.00MB
|  |  |  max-parallelism=10 segment-costs=[268]
|  |  JOIN BUILD
|  |  |  join-table-id=03 plan-id=04 cohort-id=03
|  |  |  build expressions: d_date_sk
|  |  |  runtime filters: RF008[bloom] <- d_date_sk
|  |  |  mem-estimate=9.69MB mem-reservation=9.69MB spill-buffer=64.00KB thread-reservation=0 cost=118
|  |  |
|  |  29:EXCHANGE [BROADCAST]
|  |  |  mem-estimate=16.00KB mem-reservation=0B thread-reservation=0
|  |  |  tuple-ids=7 row-size=12B cardinality=118 cost=150
|  |  |  in pipelines: 07(GETNEXT)
|  |  |
|  |  F08:PLAN FRAGMENT [RANDOM] hosts=1 instances=1
|  |  Per-Instance Resources: mem-estimate=20.06MB mem-reservation=4.50MB thread-reservation=1
|  |  max-parallelism=1 segment-costs=[18786]
|  |  42:TUPLE CACHE
|  |  |  cache key: 473a8368e0e9de88c14240adee45cae6
|  |  |  input scan node ids: 7
|  |  |  estimated serialized size: 1.84KB
|  |  |  estimated serialized size per node: 1.84KB
|  |  |  cumulative processing cost: 18780
|  |  |  cache read processing cost: 15
|  |  |  cache write processing cost: 5
|  |  |  mem-estimate=4.00MB mem-reservation=4.00MB spill-buffer=2.00MB thread-reservation=0
|  |  |  tuple-ids=7 row-size=12B cardinality=118 cost=0
|  |  |  in pipelines: 07(GETNEXT)
|  |  |
|  |  07:SCAN HDFS [tpcds_partitioned_parquet_snap.date_dim, RANDOM]
|  |     HDFS partitions=1/1 files=1 size=2.17MB
|  |     deterministic scan range assignment: true
|  |     schedule scan ranges oldest to newest: true
|  |     predicates: d_year = CAST(1999 AS INT), d_moy <= CAST(6 AS INT), d_moy >= CAST(4 AS INT)
|  |     stored statistics:
|  |       table: rows=73.05K size=2.17MB
|  |       columns: all
|  |     extrapolated-rows=disabled max-scan-range-rows=73.05K
|  |     parquet statistics predicates: d_year = CAST(1999 AS INT), d_moy <= CAST(6 AS INT), d_moy >= CAST(4 AS INT)
|  |     parquet dictionary predicates: d_year = CAST(1999 AS INT), d_moy <= CAST(6 AS INT), d_moy >= CAST(4 AS INT)
|  |     mem-estimate=16.00MB mem-reservation=512.00KB thread-reservation=0
|  |     tuple-ids=7 row-size=12B cardinality=118 cost=18780
|  |     in pipelines: 07(GETNEXT)
|  |
|  06:SCAN HDFS [tpcds_partitioned_parquet_snap.web_sales, RANDOM]
|     HDFS partitions=1824/1824 files=1824 size=145.75GB
|     runtime filters: RF008[bloom] -> ws_sold_date_sk
|     stored statistics:
|       table: rows=2.16G size=145.75GB
|       partitions: 1824/1824 rows=2.16G
|       columns: all
|     extrapolated-rows=disabled max-scan-range-rows=3.37M est-scan-range=119(filtered from 1824)
|     mem-estimate=16.00MB mem-reservation=128.00KB thread-reservation=0
|     tuple-ids=6 row-size=8B cardinality=139.73M(filtered from 2.16G) cost=16097445
|     in pipelines: 06(GETNEXT)
|
15:HASH JOIN [LEFT SEMI JOIN, PARTITIONED]
|  hash-table-id=04
|  hash predicates: c.c_customer_sk = tpcds_partitioned_parquet_snap.store_sales.ss_customer_sk
|  mem-estimate=0B mem-reservation=0B spill-buffer=2.00MB thread-reservation=0
|  tuple-ids=2,0,1 row-size=105B cardinality=1.96M cost=857795
|  in pipelines: 02(GETNEXT), 27(OPEN)
|
|--F19:PLAN FRAGMENT [HASH(tpcds_partitioned_parquet_snap.store_sales.ss_customer_sk)] hosts=10 instances=10
|  |  Per-Instance Resources: mem-estimate=155.13MB mem-reservation=84.00MB thread-reservation=1 runtime-filters-memory=16.00MB
|  |  max-parallelism=10 segment-costs=[305040980, 32680709] cpu-comparison-result=119 [max(10 (self) vs 119 (sum children))]
|  JOIN BUILD
|  |  join-table-id=04 plan-id=05 cohort-id=01
|  |  build expressions: tpcds_partitioned_parquet_snap.store_sales.ss_customer_sk
|  |  runtime filters: RF000[bloom] <- tpcds_partitioned_parquet_snap.store_sales.ss_customer_sk, RF001[min_max] <- tpcds_partitioned_parquet_snap.store_sales.ss_customer_sk
|  |  mem-estimate=89.27MB mem-reservation=34.00MB spill-buffer=2.00MB thread-reservation=0 cost=32680709
|  |
|  27:AGGREGATE [FINALIZE]
|  |  group by: tpcds_partitioned_parquet_snap.store_sales.ss_customer_sk
|  |  mem-estimate=49.87MB mem-reservation=34.00MB spill-buffer=2.00MB thread-reservation=0
|  |  tuple-ids=23 row-size=4B cardinality=32.68M cost=237579509
|  |  in pipelines: 27(GETNEXT), 03(OPEN)
|  |
|  26:EXCHANGE [HASH(tpcds_partitioned_parquet_snap.store_sales.ss_customer_sk)]
|  |  mem-estimate=10.93MB mem-reservation=0B thread-reservation=0
|  |  tuple-ids=23 row-size=4B cardinality=520.94M cost=67461471
|  |  in pipelines: 03(GETNEXT)
|  |
|  F04:PLAN FRAGMENT [RANDOM] hosts=10 instances=119 (adjusted from 120)
|  Per-Host Shared Resources: mem-estimate=1.00MB mem-reservation=1.00MB thread-reservation=0 runtime-filters-memory=1.00MB
|  Per-Instance Resources: mem-estimate=70.07MB mem-reservation=38.00MB thread-reservation=1
|  max-parallelism=119 segment-costs=[1830720113, 402580886] cpu-comparison-result=119 [max(119 (self) vs 11 (sum children))]
|  14:AGGREGATE [STREAMING]
|  |  group by: tpcds_partitioned_parquet_snap.store_sales.ss_customer_sk
|  |  mem-estimate=53.75MB mem-reservation=34.00MB spill-buffer=2.00MB thread-reservation=0
|  |  tuple-ids=23 row-size=4B cardinality=520.94M cost=1521680432
|  |  in pipelines: 03(GETNEXT)
|  |
|  05:HASH JOIN [INNER JOIN, BROADCAST]
|  |  hash-table-id=05
|  |  hash predicates: ss_sold_date_sk = d_date_sk
|  |  fk/pk conjuncts: ss_sold_date_sk = d_date_sk
|  |  mem-estimate=0B mem-reservation=0B spill-buffer=64.00KB thread-reservation=0
|  |  tuple-ids=3,4 row-size=20B cardinality=558.94M cost=244649428
|  |  in pipelines: 03(GETNEXT), 04(OPEN)
|  |
|  |--F20:PLAN FRAGMENT [RANDOM] hosts=10 instances=10
|  |  |  Per-Instance Resources: mem-estimate=24.27MB mem-reservation=24.25MB thread-reservation=1 runtime-filters-memory=1.00MB
|  |  |  max-parallelism=10 segment-costs=[268]
|  |  JOIN BUILD
|  |  |  join-table-id=05 plan-id=06 cohort-id=04
|  |  |  build expressions: d_date_sk
|  |  |  runtime filters: RF006[bloom] <- d_date_sk
|  |  |  mem-estimate=23.25MB mem-reservation=23.25MB spill-buffer=64.00KB thread-reservation=0 cost=118
|  |  |
|  |  25:EXCHANGE [BROADCAST]
|  |  |  mem-estimate=16.00KB mem-reservation=0B thread-reservation=0
|  |  |  tuple-ids=4 row-size=12B cardinality=118 cost=150
|  |  |  in pipelines: 04(GETNEXT)
|  |  |
|  |  F05:PLAN FRAGMENT [RANDOM] hosts=1 instances=1
|  |  Per-Instance Resources: mem-estimate=20.06MB mem-reservation=4.50MB thread-reservation=1
|  |  max-parallelism=1 segment-costs=[18786]
|  |  41:TUPLE CACHE
|  |  |  cache key: 473a8368e0e9de88c14240adee45cae6
|  |  |  input scan node ids: 4
|  |  |  estimated serialized size: 1.84KB
|  |  |  estimated serialized size per node: 1.84KB
|  |  |  cumulative processing cost: 18780
|  |  |  cache read processing cost: 15
|  |  |  cache write processing cost: 5
|  |  |  mem-estimate=4.00MB mem-reservation=4.00MB spill-buffer=2.00MB thread-reservation=0
|  |  |  tuple-ids=4 row-size=12B cardinality=118 cost=0
|  |  |  in pipelines: 04(GETNEXT)
|  |  |
|  |  04:SCAN HDFS [tpcds_partitioned_parquet_snap.date_dim, RANDOM]
|  |     HDFS partitions=1/1 files=1 size=2.17MB
|  |     deterministic scan range assignment: true
|  |     schedule scan ranges oldest to newest: true
|  |     predicates: d_year = CAST(1999 AS INT), d_moy <= CAST(6 AS INT), d_moy >= CAST(4 AS INT)
|  |     stored statistics:
|  |       table: rows=73.05K size=2.17MB
|  |       columns: all
|  |     extrapolated-rows=disabled max-scan-range-rows=73.05K
|  |     parquet statistics predicates: d_year = CAST(1999 AS INT), d_moy <= CAST(6 AS INT), d_moy >= CAST(4 AS INT)
|  |     parquet dictionary predicates: d_year = CAST(1999 AS INT), d_moy <= CAST(6 AS INT), d_moy >= CAST(4 AS INT)
|  |     mem-estimate=16.00MB mem-reservation=512.00KB thread-reservation=0
|  |     tuple-ids=4 row-size=12B cardinality=118 cost=18780
|  |     in pipelines: 04(GETNEXT)
|  |
|  03:SCAN HDFS [tpcds_partitioned_parquet_snap.store_sales, RANDOM]
|     HDFS partitions=1824/1824 files=1824 size=389.90GB
|     runtime filters: RF006[bloom] -> ss_sold_date_sk
|     stored statistics:
|       table: rows=8.64G size=389.90GB
|       partitions: 1824/1824 rows=8.64G
|       columns: all
|     extrapolated-rows=disabled max-scan-range-rows=390.22M est-scan-range=119(filtered from 1824)
|     mem-estimate=16.00MB mem-reservation=4.00MB thread-reservation=0
|     tuple-ids=3 row-size=8B cardinality=558.94M(filtered from 8.64G) cost=64390253
|     in pipelines: 03(GETNEXT)
|
28:EXCHANGE [HASH(c.c_customer_sk)]
|  mem-estimate=11.14MB mem-reservation=0B thread-reservation=0
|  tuple-ids=2,0,1 row-size=105B cardinality=1.96M cost=1304681
|  in pipelines: 02(GETNEXT)
|
F03:PLAN FRAGMENT [HASH(cd_demo_sk)] hosts=10 instances=10
Per-Instance Resources: mem-estimate=15.32MB mem-reservation=0B thread-reservation=1
max-parallelism=10 segment-costs=[17947065]
13:HASH JOIN [INNER JOIN, PARTITIONED]
|  hash-table-id=06
|  hash predicates: cd_demo_sk = c.c_current_cdemo_sk
|  fk/pk conjuncts: cd_demo_sk = c.c_current_cdemo_sk
|  mem-estimate=0B mem-reservation=0B spill-buffer=1.00MB thread-reservation=0
|  tuple-ids=2,0,1 row-size=105B cardinality=1.96M cost=847797
|  in pipelines: 02(GETNEXT), 00(OPEN)
|
|--F21:PLAN FRAGMENT [HASH(cd_demo_sk)] hosts=10 instances=10
|  |  Per-Instance Resources: mem-estimate=25.05MB mem-reservation=19.00MB thread-reservation=1 runtime-filters-memory=2.00MB
|  |  max-parallelism=10 segment-costs=[2551319] cpu-comparison-result=20 [max(20 (self) vs 20 (sum children))]
|  JOIN BUILD
|  |  join-table-id=06 plan-id=07 cohort-id=01
|  |  build expressions: c.c_current_cdemo_sk
|  |  runtime filters: RF002[bloom] <- c.c_current_cdemo_sk, RF003[min_max] <- c.c_current_cdemo_sk
|  |  mem-estimate=17.00MB mem-reservation=17.00MB spill-buffer=1.00MB thread-reservation=0 cost=1984073
|  |
|  24:EXCHANGE [HASH(c.c_current_cdemo_sk)]
|  |  mem-estimate=6.05MB mem-reservation=0B thread-reservation=0
|  |  tuple-ids=0,1 row-size=30B cardinality=1.98M cost=567246
|  |  in pipelines: 00(GETNEXT)
|  |
|  F01:PLAN FRAGMENT [RANDOM] hosts=10 instances=10
|  Per-Host Shared Resources: mem-estimate=17.00MB mem-reservation=17.00MB thread-reservation=0 runtime-filters-memory=17.00MB
|  Per-Instance Resources: mem-estimate=17.48MB mem-reservation=1.00MB thread-reservation=1
|  max-parallelism=10 segment-costs=[11930045]
|  12:HASH JOIN [INNER JOIN, BROADCAST]
|  |  hash-table-id=07
|  |  hash predicates: c.c_current_addr_sk = ca.ca_address_sk
|  |  fk/pk conjuncts: c.c_current_addr_sk = ca.ca_address_sk
|  |  mem-estimate=0B mem-reservation=0B spill-buffer=2.00MB thread-reservation=0
|  |  tuple-ids=0,1 row-size=30B cardinality=1.98M cost=868428
|  |  in pipelines: 00(GETNEXT), 01(OPEN)
|  |
|  |--F22:PLAN FRAGMENT [RANDOM] hosts=10 instances=10
|  |  |  Per-Instance Resources: mem-estimate=50.36MB mem-reservation=35.00MB thread-reservation=1 runtime-filters-memory=1.00MB
|  |  |  max-parallelism=10 segment-costs=[2054993]
|  |  JOIN BUILD
|  |  |  join-table-id=07 plan-id=08 cohort-id=05
|  |  |  build expressions: ca.ca_address_sk
|  |  |  runtime filters: RF004[bloom] <- ca.ca_address_sk, RF005[min_max] <- ca.ca_address_sk
|  |  |  mem-estimate=39.15MB mem-reservation=34.00MB spill-buffer=2.00MB thread-reservation=0 cost=882353
|  |  |
|  |  22:EXCHANGE [BROADCAST]
|  |  |  mem-estimate=10.21MB mem-reservation=0B thread-reservation=0
|  |  |  tuple-ids=1 row-size=18B cardinality=882.35K cost=1172640
|  |  |  in pipelines: 01(GETNEXT)
|  |  |
|  |  F02:PLAN FRAGMENT [RANDOM] hosts=10 instances=10
|  |  Per-Instance Resources: mem-estimate=20.09MB mem-reservation=4.12MB thread-reservation=1
|  |  max-parallelism=10 segment-costs=[1779441]
|  |  40:TUPLE CACHE
|  |  |  cache key: 4b659b5ff8a80fdf77315aed1fec8879
|  |  |  input scan node ids: 1
|  |  |  estimated serialized size: 18.51MB
|  |  |  estimated serialized size per node: 1.85MB
|  |  |  cumulative processing cost: 1717500
|  |  |  cache read processing cost: 117264
|  |  |  cache write processing cost: 52411
|  |  |  mem-estimate=4.00MB mem-reservation=4.00MB spill-buffer=2.00MB thread-reservation=0
|  |  |  tuple-ids=1 row-size=18B cardinality=882.35K cost=0
|  |  |  in pipelines: 01(GETNEXT)
|  |  |
|  |  01:SCAN HDFS [tpcds_partitioned_parquet_snap.customer_address ca, RANDOM]
|  |     HDFS partitions=1/1 files=1 size=307.36MB
|  |     deterministic scan range assignment: true
|  |     schedule scan ranges oldest to newest: true
|  |     predicates: ca_state IN ('OK', 'GA', 'VA')
|  |     stored statistics:
|  |       table: rows=15.00M size=307.36MB
|  |       columns: all
|  |     extrapolated-rows=disabled max-scan-range-rows=1.58M
|  |     parquet statistics predicates: ca_state IN ('OK', 'GA', 'VA')
|  |     parquet dictionary predicates: ca_state IN ('OK', 'GA', 'VA')
|  |     mem-estimate=16.00MB mem-reservation=128.00KB thread-reservation=0
|  |     tuple-ids=1 row-size=18B cardinality=882.35K cost=1717500
|  |     in pipelines: 01(GETNEXT)
|  |
|  00:SCAN HDFS [tpcds_partitioned_parquet_snap.customer c, RANDOM]
|     HDFS partitions=1/1 files=1 size=1.55GB
|     runtime filters: RF001[min_max] -> c.c_customer_sk, RF005[min_max] -> c.c_current_addr_sk, RF000[bloom] -> c.c_customer_sk, RF004[bloom] -> c.c_current_addr_sk
|     stored statistics:
|       table: rows=30.00M size=1.55GB
|       columns: all
|     extrapolated-rows=disabled max-scan-range-rows=3.10M
|     mem-estimate=16.00MB mem-reservation=1.00MB thread-reservation=0
|     tuple-ids=0 row-size=12B cardinality=1.98M(filtered from 30.00M) cost=5184000
|     in pipelines: 00(GETNEXT)
|
23:EXCHANGE [HASH(cd_demo_sk)]
|  mem-estimate=10.77MB mem-reservation=0B thread-reservation=0
|  tuple-ids=2 row-size=75B cardinality=1.92M cost=872290
|  in pipelines: 02(GETNEXT)
|
F00:PLAN FRAGMENT [RANDOM] hosts=10 instances=10
Per-Host Shared Resources: mem-estimate=2.00MB mem-reservation=2.00MB thread-reservation=0 runtime-filters-memory=2.00MB
Per-Instance Resources: mem-estimate=19.07MB mem-reservation=1.00MB thread-reservation=1
max-parallelism=10 segment-costs=[10948997]
02:SCAN HDFS [tpcds_partitioned_parquet_snap.customer_demographics, RANDOM]
   HDFS partitions=1/1 files=1 size=11.15MB
   runtime filters: RF003[min_max] -> cd_demo_sk, RF002[bloom] -> cd_demo_sk
   stored statistics:
     table: rows=1.92M size=11.15MB
     columns: all
   extrapolated-rows=disabled max-scan-range-rows=197.97K
   mem-estimate=16.00MB mem-reservation=1.00MB thread-reservation=0
   tuple-ids=2 row-size=75B cardinality=1.92M cost=734952
   in pipelines: 02(GETNEXT)
====
