# TPCDS-Q47
# start query 47 in stream 0 using template query47.tpl using seed 434387012
with v1 as(
 select i_category, i_brand,
        s_store_name, s_company_name,
        d_year, d_moy,
        sum(ss_sales_price) sum_sales,
        avg(sum(ss_sales_price)) over
          (partition by i_category, i_brand,
                     s_store_name, s_company_name, d_year)
          avg_monthly_sales,
        rank() over
          (partition by i_category, i_brand,
                     s_store_name, s_company_name
           order by d_year, d_moy) rn
 from item, store_sales, date_dim, store
 where ss_item_sk = i_item_sk and
       ss_sold_date_sk = d_date_sk and
       ss_store_sk = s_store_sk and
       (
         d_year = 2001 or
         ( d_year = 2001-1 and d_moy =12) or
         ( d_year = 2001+1 and d_moy =1)
       )
 group by i_category, i_brand,
          s_store_name, s_company_name,
          d_year, d_moy),
 v2 as(
 select v1.s_company_name
        ,v1.d_year, v1.d_moy
        ,v1.avg_monthly_sales
        ,v1.sum_sales, v1_lag.sum_sales psum, v1_lead.sum_sales nsum
 from v1, v1 v1_lag, v1 v1_lead
 where v1.i_category = v1_lag.i_category and
       v1.i_category = v1_lead.i_category and
       v1.i_brand = v1_lag.i_brand and
       v1.i_brand = v1_lead.i_brand and
       v1.s_store_name = v1_lag.s_store_name and
       v1.s_store_name = v1_lead.s_store_name and
       v1.s_company_name = v1_lag.s_company_name and
       v1.s_company_name = v1_lead.s_company_name and
       v1.rn = v1_lag.rn + 1 and
       v1.rn = v1_lead.rn - 1)
  select  *
 from v2
 where  d_year = 2001 and
        avg_monthly_sales > 0 and
        case when avg_monthly_sales > 0 then abs(sum_sales - avg_monthly_sales) / avg_monthly_sales else null end > 0.1
 order by sum_sales - avg_monthly_sales, avg_monthly_sales
 limit 100;

# end query 47 in stream 0 using template query47.tpl
---- PLAN
Max Per-Host Resource Reservation: Memory=264.62MB Threads=1
Per-Host Resource Estimates: Memory=88.37GB
F00:PLAN FRAGMENT [UNPARTITIONED] hosts=1 instances=1
|  Per-Instance Resources: mem-estimate=88.37GB mem-reservation=264.62MB thread-reservation=1 runtime-filters-memory=9.00MB
|  max-parallelism=1 segment-costs=[6732377001, 808510335, 6732377001, 808510335, 1027591587, 6732377001, 808510335, 441696341979714809, 700]
PLAN-ROOT SINK
|  output exprs: s_company_name, d_year, d_moy, avg_monthly_sales, sum_sales, psum, nsum
|  mem-estimate=4.00MB mem-reservation=4.00MB spill-buffer=2.00MB thread-reservation=0 cost=700
|
35:TOP-N [LIMIT=100]
|  order by: sum_sales - avg_monthly_sales ASC, avg_monthly_sales ASC
|  mem-estimate=8.89KB mem-reservation=0B thread-reservation=0
|  tuple-ids=25 row-size=91B cardinality=100 cost=439067910430195584
|  in pipelines: 35(GETNEXT), 21(OPEN)
|
34:HASH JOIN [INNER JOIN]
|  hash predicates: rank() = rank() - 1, s_store_name = s_store_name, i_category = i_category, s_company_name = s_company_name, i_brand = i_brand
|  fk/pk conjuncts: none
|  mem-estimate=22.53GB mem-reservation=34.00MB spill-buffer=2.00MB thread-reservation=0
|  tuple-ids=44,43,36,31,52,51 row-size=355B cardinality=14505.54T cost=2628419357246189
|  in pipelines: 21(GETNEXT), 31(OPEN)
|
|--32:ANALYTIC
|  |  functions: rank()
|  |  partition by: i_category, i_brand, s_store_name, s_company_name
|  |  order by: d_year ASC, d_moy ASC
|  |  window: RANGE BETWEEN UNBOUNDED PRECEDING AND CURRENT ROW
|  |  mem-estimate=4.00MB mem-reservation=4.00MB spill-buffer=2.00MB thread-reservation=0
|  |  tuple-ids=52,51 row-size=113B cardinality=162.52M cost=162523200
|  |  in pipelines: 31(GETNEXT)
|  |
|  31:SORT
|  |  order by: i_category ASC NULLS LAST, i_brand ASC NULLS LAST, s_store_name ASC NULLS LAST, s_company_name ASC NULLS LAST, d_year ASC, d_moy ASC
|  |  mem-estimate=15.89GB mem-reservation=12.00MB spill-buffer=2.00MB thread-reservation=0
|  |  tuple-ids=52 row-size=105B cardinality=162.52M cost=808510335
|  |  in pipelines: 31(GETNEXT), 30(OPEN)
|  |
|  30:AGGREGATE [FINALIZE]
|  |  output: sum(ss_sales_price)
|  |  group by: i_category, i_brand, s_store_name, s_company_name, d_year, d_moy
|  |  mem-estimate=1.04GB mem-reservation=34.00MB spill-buffer=2.00MB thread-reservation=0
|  |  tuple-ids=20 row-size=105B cardinality=162.52M cost=3559413725
|  |  in pipelines: 30(GETNEXT), 24(OPEN)
|  |
|  29:HASH JOIN [INNER JOIN]
|  |  hash predicates: ss_store_sk = s_store_sk
|  |  fk/pk conjuncts: ss_store_sk = s_store_sk
|  |  runtime filters: RF012[bloom] <- s_store_sk, RF013[min_max] <- s_store_sk
|  |  mem-estimate=1.94MB mem-reservation=1.94MB spill-buffer=64.00KB thread-reservation=0
|  |  tuple-ids=17,18,16,19 row-size=117B cardinality=2.05G cost=899363972
|  |  in pipelines: 24(GETNEXT), 26(OPEN)
|  |
|  |--26:SCAN HDFS [tpcds_partitioned_parquet_snap.store]
|  |     HDFS partitions=1/1 files=1 size=119.76KB
|  |     stored statistics:
|  |       table: rows=1.35K size=119.76KB
|  |       columns: all
|  |     extrapolated-rows=disabled max-scan-range-rows=1.35K
|  |     mem-estimate=16.00MB mem-reservation=24.00KB thread-reservation=0
|  |     tuple-ids=19 row-size=39B cardinality=1.35K cost=290
|  |     in pipelines: 26(GETNEXT)
|  |
|  28:HASH JOIN [INNER JOIN]
|  |  hash predicates: ss_item_sk = i_item_sk
|  |  fk/pk conjuncts: ss_item_sk = i_item_sk
|  |  runtime filters: RF014[bloom] <- i_item_sk, RF015[min_max] <- i_item_sk
|  |  mem-estimate=34.00MB mem-reservation=34.00MB spill-buffer=2.00MB thread-reservation=0
|  |  tuple-ids=17,18,16 row-size=78B cardinality=2.05G cost=899986143
|  |  in pipelines: 24(GETNEXT), 23(OPEN)
|  |
|  |--23:SCAN HDFS [tpcds_partitioned_parquet_snap.item]
|  |     HDFS partitions=1/1 files=1 size=33.54MB
|  |     stored statistics:
|  |       table: rows=360.00K size=33.54MB
|  |       columns: all
|  |     extrapolated-rows=disabled max-scan-range-rows=101.54K
|  |     mem-estimate=16.00MB mem-reservation=512.00KB thread-reservation=0
|  |     tuple-ids=16 row-size=50B cardinality=360.00K cost=135117
|  |     in pipelines: 23(GETNEXT)
|  |
|  27:HASH JOIN [INNER JOIN]
|  |  hash predicates: ss_sold_date_sk = d_date_sk
|  |  fk/pk conjuncts: ss_sold_date_sk = d_date_sk
|  |  runtime filters: RF016[bloom] <- d_date_sk
|  |  mem-estimate=1.94MB mem-reservation=1.94MB spill-buffer=64.00KB thread-reservation=0
|  |  tuple-ids=17,18 row-size=28B cardinality=2.06G cost=899812737
|  |  in pipelines: 24(GETNEXT), 25(OPEN)
|  |
|  |--38:TUPLE CACHE
|  |  |  cache key: 364784a46549b04976422b16bfae0cdc
|  |  |  input scan node ids: 25
|  |  |  estimated serialized size: 6.78KB
|  |  |  estimated serialized size per node: 6.78KB
|  |  |  cumulative processing cost: 14675
|  |  |  cache read processing cost: 57
|  |  |  cache write processing cost: 18
|  |  |  mem-estimate=4.00MB mem-reservation=4.00MB spill-buffer=2.00MB thread-reservation=0
|  |  |  tuple-ids=18 row-size=12B cardinality=434 cost=0
|  |  |  in pipelines: 25(GETNEXT)
|  |  |
|  |  25:SCAN HDFS [tpcds_partitioned_parquet_snap.date_dim]
|  |     HDFS partitions=1/1 files=1 size=2.17MB
|  |     deterministic scan range assignment: true
|  |     schedule scan ranges oldest to newest: true
|  |     predicates: (d_year = CAST(2001 AS INT) OR (d_year = CAST(2000 AS INT) AND d_moy = CAST(12 AS INT)) OR (d_year = CAST(2002 AS INT) AND d_moy = CAST(1 AS INT)))
|  |     stored statistics:
|  |       table: rows=73.05K size=2.17MB
|  |       columns: all
|  |     extrapolated-rows=disabled max-scan-range-rows=73.05K
|  |     mem-estimate=16.00MB mem-reservation=512.00KB thread-reservation=0
|  |     tuple-ids=18 row-size=12B cardinality=434 cost=14675
|  |     in pipelines: 25(GETNEXT)
|  |
|  24:SCAN HDFS [tpcds_partitioned_parquet_snap.store_sales]
|     HDFS partitions=1824/1824 files=1824 size=389.90GB
|     runtime filters: RF015[min_max] -> ss_item_sk, RF013[min_max] -> ss_store_sk, RF016[bloom] -> ss_sold_date_sk, RF014[bloom] -> ss_item_sk, RF012[bloom] -> ss_store_sk
|     stored statistics:
|       table: rows=8.64G size=389.90GB
|       partitions: 1824/1824 rows=8.64G
|       columns: all
|     extrapolated-rows=disabled max-scan-range-rows=390.22M est-scan-range=434(filtered from 1824)
|     mem-estimate=16.00MB mem-reservation=8.00MB thread-reservation=0
|     tuple-ids=17 row-size=16B cardinality=2.06G(filtered from 8.64G) cost=473650342
|     in pipelines: 24(GETNEXT)
|
33:HASH JOIN [INNER JOIN]
|  hash predicates: rank() + 1 = rank(), s_store_name = s_store_name, i_category = i_category, s_company_name = s_company_name, i_brand = i_brand
|  fk/pk conjuncts: none
|  mem-estimate=41.21MB mem-reservation=34.00MB spill-buffer=2.00MB thread-reservation=0
|  tuple-ids=44,43,36,31 row-size=242B cardinality=61.67G cost=11217133836
|  in pipelines: 21(GETNEXT), 10(OPEN)
|
|--12:SELECT
|  |  predicates: d_year = CAST(2001 AS INT), avg(sum(ss_sales_price)) > CAST(0 AS DECIMAL(3,0)), CASE WHEN avg(sum(ss_sales_price)) > CAST(0 AS DECIMAL(3,0)) THEN abs(sum(ss_sales_price) - avg(sum(ss_sales_price))) / avg(sum(ss_sales_price)) ELSE NULL END > CAST(0.1 AS DECIMAL(1,1))
|  |  mem-estimate=0B mem-reservation=0B thread-reservation=0
|  |  tuple-ids=36,31 row-size=129B cardinality=262.22K cost=487569600
|  |  in pipelines: 10(GETNEXT)
|  |
|  11:ANALYTIC
|  |  functions: avg(sum(ss_sales_price))
|  |  partition by: i_category, i_brand, s_store_name, s_company_name, d_year
|  |  mem-estimate=4.00MB mem-reservation=4.00MB spill-buffer=2.00MB thread-reservation=0
|  |  tuple-ids=36,31 row-size=129B cardinality=162.52M cost=162523200
|  |  in pipelines: 10(GETNEXT)
|  |
|  10:SORT
|  |  order by: i_category ASC NULLS LAST, i_brand ASC NULLS LAST, s_store_name ASC NULLS LAST, s_company_name ASC NULLS LAST, d_year ASC NULLS LAST
|  |  mem-estimate=17.10GB mem-reservation=12.00MB spill-buffer=2.00MB thread-reservation=0
|  |  tuple-ids=36 row-size=113B cardinality=162.52M cost=865068387
|  |  in pipelines: 10(GETNEXT), 08(OPEN)
|  |
|  09:ANALYTIC
|  |  functions: rank()
|  |  partition by: i_category, i_brand, s_store_name, s_company_name
|  |  order by: d_year ASC, d_moy ASC
|  |  window: RANGE BETWEEN UNBOUNDED PRECEDING AND CURRENT ROW
|  |  mem-estimate=4.00MB mem-reservation=4.00MB spill-buffer=2.00MB thread-reservation=0
|  |  tuple-ids=34,33 row-size=113B cardinality=162.52M cost=162523200
|  |  in pipelines: 08(GETNEXT)
|  |
|  08:SORT
|  |  order by: i_category ASC NULLS LAST, i_brand ASC NULLS LAST, s_store_name ASC NULLS LAST, s_company_name ASC NULLS LAST, d_year ASC, d_moy ASC
|  |  mem-estimate=15.89GB mem-reservation=12.00MB spill-buffer=2.00MB thread-reservation=0
|  |  tuple-ids=34 row-size=105B cardinality=162.52M cost=808510335
|  |  in pipelines: 08(GETNEXT), 07(OPEN)
|  |
|  07:AGGREGATE [FINALIZE]
|  |  output: sum(ss_sales_price)
|  |  group by: i_category, i_brand, s_store_name, s_company_name, d_year, d_moy
|  |  mem-estimate=1.04GB mem-reservation=34.00MB spill-buffer=2.00MB thread-reservation=0
|  |  tuple-ids=4 row-size=105B cardinality=162.52M cost=3559413725
|  |  in pipelines: 07(GETNEXT), 01(OPEN)
|  |
|  06:HASH JOIN [INNER JOIN]
|  |  hash predicates: ss_store_sk = s_store_sk
|  |  fk/pk conjuncts: ss_store_sk = s_store_sk
|  |  runtime filters: RF006[bloom] <- s_store_sk, RF007[min_max] <- s_store_sk
|  |  mem-estimate=1.94MB mem-reservation=1.94MB spill-buffer=64.00KB thread-reservation=0
|  |  tuple-ids=1,2,0,3 row-size=117B cardinality=2.05G cost=899363972
|  |  in pipelines: 01(GETNEXT), 03(OPEN)
|  |
|  |--03:SCAN HDFS [tpcds_partitioned_parquet_snap.store]
|  |     HDFS partitions=1/1 files=1 size=119.76KB
|  |     stored statistics:
|  |       table: rows=1.35K size=119.76KB
|  |       columns: all
|  |     extrapolated-rows=disabled max-scan-range-rows=1.35K
|  |     mem-estimate=16.00MB mem-reservation=24.00KB thread-reservation=0
|  |     tuple-ids=3 row-size=39B cardinality=1.35K cost=290
|  |     in pipelines: 03(GETNEXT)
|  |
|  05:HASH JOIN [INNER JOIN]
|  |  hash predicates: ss_item_sk = i_item_sk
|  |  fk/pk conjuncts: ss_item_sk = i_item_sk
|  |  runtime filters: RF008[bloom] <- i_item_sk, RF009[min_max] <- i_item_sk
|  |  mem-estimate=34.00MB mem-reservation=34.00MB spill-buffer=2.00MB thread-reservation=0
|  |  tuple-ids=1,2,0 row-size=78B cardinality=2.05G cost=899986143
|  |  in pipelines: 01(GETNEXT), 00(OPEN)
|  |
|  |--00:SCAN HDFS [tpcds_partitioned_parquet_snap.item]
|  |     HDFS partitions=1/1 files=1 size=33.54MB
|  |     stored statistics:
|  |       table: rows=360.00K size=33.54MB
|  |       columns: all
|  |     extrapolated-rows=disabled max-scan-range-rows=101.54K
|  |     mem-estimate=16.00MB mem-reservation=512.00KB thread-reservation=0
|  |     tuple-ids=0 row-size=50B cardinality=360.00K cost=135117
|  |     in pipelines: 00(GETNEXT)
|  |
|  04:HASH JOIN [INNER JOIN]
|  |  hash predicates: ss_sold_date_sk = d_date_sk
|  |  fk/pk conjuncts: ss_sold_date_sk = d_date_sk
|  |  runtime filters: RF010[bloom] <- d_date_sk
|  |  mem-estimate=1.94MB mem-reservation=1.94MB spill-buffer=64.00KB thread-reservation=0
|  |  tuple-ids=1,2 row-size=28B cardinality=2.06G cost=899812737
|  |  in pipelines: 01(GETNEXT), 02(OPEN)
|  |
|  |--37:TUPLE CACHE
|  |  |  cache key: 364784a46549b04976422b16bfae0cdc
|  |  |  input scan node ids: 2
|  |  |  estimated serialized size: 6.78KB
|  |  |  estimated serialized size per node: 6.78KB
|  |  |  cumulative processing cost: 14675
|  |  |  cache read processing cost: 57
|  |  |  cache write processing cost: 18
|  |  |  mem-estimate=4.00MB mem-reservation=4.00MB spill-buffer=2.00MB thread-reservation=0
|  |  |  tuple-ids=2 row-size=12B cardinality=434 cost=0
|  |  |  in pipelines: 02(GETNEXT)
|  |  |
|  |  02:SCAN HDFS [tpcds_partitioned_parquet_snap.date_dim]
|  |     HDFS partitions=1/1 files=1 size=2.17MB
|  |     deterministic scan range assignment: true
|  |     schedule scan ranges oldest to newest: true
|  |     predicates: (d_year = CAST(2001 AS INT) OR (d_year = CAST(2000 AS INT) AND d_moy = CAST(12 AS INT)) OR (d_year = CAST(2002 AS INT) AND d_moy = CAST(1 AS INT)))
|  |     stored statistics:
|  |       table: rows=73.05K size=2.17MB
|  |       columns: all
|  |     extrapolated-rows=disabled max-scan-range-rows=73.05K
|  |     mem-estimate=16.00MB mem-reservation=512.00KB thread-reservation=0
|  |     tuple-ids=2 row-size=12B cardinality=434 cost=14675
|  |     in pipelines: 02(GETNEXT)
|  |
|  01:SCAN HDFS [tpcds_partitioned_parquet_snap.store_sales]
|     HDFS partitions=1824/1824 files=1824 size=389.90GB
|     runtime filters: RF009[min_max] -> ss_item_sk, RF007[min_max] -> ss_store_sk, RF010[bloom] -> ss_sold_date_sk, RF008[bloom] -> ss_item_sk, RF006[bloom] -> ss_store_sk
|     stored statistics:
|       table: rows=8.64G size=389.90GB
|       partitions: 1824/1824 rows=8.64G
|       columns: all
|     extrapolated-rows=disabled max-scan-range-rows=390.22M est-scan-range=434(filtered from 1824)
|     mem-estimate=16.00MB mem-reservation=8.00MB thread-reservation=0
|     tuple-ids=1 row-size=16B cardinality=2.06G(filtered from 8.64G) cost=473650342
|     in pipelines: 01(GETNEXT)
|
22:ANALYTIC
|  functions: rank()
|  partition by: i_category, i_brand, s_store_name, s_company_name
|  order by: d_year ASC, d_moy ASC
|  window: RANGE BETWEEN UNBOUNDED PRECEDING AND CURRENT ROW
|  mem-estimate=4.00MB mem-reservation=4.00MB spill-buffer=2.00MB thread-reservation=0
|  tuple-ids=44,43 row-size=113B cardinality=162.52M cost=162523200
|  in pipelines: 21(GETNEXT)
|
21:SORT
|  order by: i_category ASC NULLS LAST, i_brand ASC NULLS LAST, s_store_name ASC NULLS LAST, s_company_name ASC NULLS LAST, d_year ASC, d_moy ASC
|  mem-estimate=15.89GB mem-reservation=12.00MB spill-buffer=2.00MB thread-reservation=0
|  tuple-ids=44 row-size=105B cardinality=162.52M cost=808510335
|  in pipelines: 21(GETNEXT), 20(OPEN)
|
20:AGGREGATE [FINALIZE]
|  output: sum(ss_sales_price)
|  group by: i_category, i_brand, s_store_name, s_company_name, d_year, d_moy
|  mem-estimate=1.04GB mem-reservation=34.00MB spill-buffer=2.00MB thread-reservation=0
|  tuple-ids=12 row-size=105B cardinality=162.52M cost=3559413725
|  in pipelines: 20(GETNEXT), 14(OPEN)
|
19:HASH JOIN [INNER JOIN]
|  hash predicates: ss_store_sk = s_store_sk
|  fk/pk conjuncts: ss_store_sk = s_store_sk
|  runtime filters: RF000[bloom] <- s_store_sk, RF001[min_max] <- s_store_sk
|  mem-estimate=1.94MB mem-reservation=1.94MB spill-buffer=64.00KB thread-reservation=0
|  tuple-ids=9,10,8,11 row-size=117B cardinality=2.05G cost=899363972
|  in pipelines: 14(GETNEXT), 16(OPEN)
|
|--16:SCAN HDFS [tpcds_partitioned_parquet_snap.store]
|     HDFS partitions=1/1 files=1 size=119.76KB
|     stored statistics:
|       table: rows=1.35K size=119.76KB
|       columns: all
|     extrapolated-rows=disabled max-scan-range-rows=1.35K
|     mem-estimate=16.00MB mem-reservation=24.00KB thread-reservation=0
|     tuple-ids=11 row-size=39B cardinality=1.35K cost=290
|     in pipelines: 16(GETNEXT)
|
18:HASH JOIN [INNER JOIN]
|  hash predicates: ss_item_sk = i_item_sk
|  fk/pk conjuncts: ss_item_sk = i_item_sk
|  runtime filters: RF002[bloom] <- i_item_sk, RF003[min_max] <- i_item_sk
|  mem-estimate=34.00MB mem-reservation=34.00MB spill-buffer=2.00MB thread-reservation=0
|  tuple-ids=9,10,8 row-size=78B cardinality=2.05G cost=899986143
|  in pipelines: 14(GETNEXT), 13(OPEN)
|
|--13:SCAN HDFS [tpcds_partitioned_parquet_snap.item]
|     HDFS partitions=1/1 files=1 size=33.54MB
|     stored statistics:
|       table: rows=360.00K size=33.54MB
|       columns: all
|     extrapolated-rows=disabled max-scan-range-rows=101.54K
|     mem-estimate=16.00MB mem-reservation=512.00KB thread-reservation=0
|     tuple-ids=8 row-size=50B cardinality=360.00K cost=135117
|     in pipelines: 13(GETNEXT)
|
17:HASH JOIN [INNER JOIN]
|  hash predicates: ss_sold_date_sk = d_date_sk
|  fk/pk conjuncts: ss_sold_date_sk = d_date_sk
|  runtime filters: RF004[bloom] <- d_date_sk
|  mem-estimate=1.94MB mem-reservation=1.94MB spill-buffer=64.00KB thread-reservation=0
|  tuple-ids=9,10 row-size=28B cardinality=2.06G cost=899812737
|  in pipelines: 14(GETNEXT), 15(OPEN)
|
|--36:TUPLE CACHE
|  |  cache key: 364784a46549b04976422b16bfae0cdc
|  |  input scan node ids: 15
|  |  estimated serialized size: 6.78KB
|  |  estimated serialized size per node: 6.78KB
|  |  cumulative processing cost: 14675
|  |  cache read processing cost: 57
|  |  cache write processing cost: 18
|  |  mem-estimate=4.00MB mem-reservation=4.00MB spill-buffer=2.00MB thread-reservation=0
|  |  tuple-ids=10 row-size=12B cardinality=434 cost=0
|  |  in pipelines: 15(GETNEXT)
|  |
|  15:SCAN HDFS [tpcds_partitioned_parquet_snap.date_dim]
|     HDFS partitions=1/1 files=1 size=2.17MB
|     deterministic scan range assignment: true
|     schedule scan ranges oldest to newest: true
|     predicates: (d_year = CAST(2001 AS INT) OR (d_year = CAST(2000 AS INT) AND d_moy = CAST(12 AS INT)) OR (d_year = CAST(2002 AS INT) AND d_moy = CAST(1 AS INT)))
|     stored statistics:
|       table: rows=73.05K size=2.17MB
|       columns: all
|     extrapolated-rows=disabled max-scan-range-rows=73.05K
|     mem-estimate=16.00MB mem-reservation=512.00KB thread-reservation=0
|     tuple-ids=10 row-size=12B cardinality=434 cost=14675
|     in pipelines: 15(GETNEXT)
|
14:SCAN HDFS [tpcds_partitioned_parquet_snap.store_sales]
   HDFS partitions=1824/1824 files=1824 size=389.90GB
   runtime filters: RF003[min_max] -> ss_item_sk, RF001[min_max] -> ss_store_sk, RF004[bloom] -> ss_sold_date_sk, RF002[bloom] -> ss_item_sk, RF000[bloom] -> ss_store_sk
   stored statistics:
     table: rows=8.64G size=389.90GB
     partitions: 1824/1824 rows=8.64G
     columns: all
   extrapolated-rows=disabled max-scan-range-rows=390.22M est-scan-range=434(filtered from 1824)
   mem-estimate=16.00MB mem-reservation=8.00MB thread-reservation=0
   tuple-ids=9 row-size=16B cardinality=2.06G(filtered from 8.64G) cost=473650342
   in pipelines: 14(GETNEXT)
---- DISTRIBUTEDPLAN
Max Per-Host Resource Reservation: Memory=5.30GB Threads=90
Per-Host Resource Estimates: Memory=55.98GB
F15:PLAN FRAGMENT [UNPARTITIONED] hosts=1 instances=1
|  Per-Instance Resources: mem-estimate=5.09MB mem-reservation=4.00MB thread-reservation=1
|  max-parallelism=1 segment-costs=[743] cpu-comparison-result=360 [max(1 (self) vs 360 (sum children))]
PLAN-ROOT SINK
|  output exprs: s_company_name, d_year, d_moy, avg_monthly_sales, sum_sales, psum, nsum
|  mem-estimate=4.00MB mem-reservation=4.00MB spill-buffer=2.00MB thread-reservation=0 cost=700
|
53:MERGING-EXCHANGE [UNPARTITIONED]
|  order by: sum_sales - avg_monthly_sales ASC, avg_monthly_sales ASC
|  limit: 100
|  mem-estimate=1.09MB mem-reservation=0B thread-reservation=0
|  tuple-ids=25 row-size=91B cardinality=100 cost=43
|  in pipelines: 35(GETNEXT)
|
F04:PLAN FRAGMENT [HASH(i_category,i_brand,s_store_name,s_company_name)] hosts=10 instances=120
Per-Instance Resources: mem-estimate=290.75MB mem-reservation=50.00MB thread-reservation=1
max-parallelism=2147483640 segment-costs=[4574417160, 808510335, 441696341004313393, 269] cpu-comparison-result=360 [max(120 (self) vs 360 (sum children))]
35:TOP-N [LIMIT=100]
|  order by: sum_sales - avg_monthly_sales ASC, avg_monthly_sales ASC
|  mem-estimate=8.89KB mem-reservation=0B thread-reservation=0
|  tuple-ids=25 row-size=91B cardinality=100 cost=439067910430195584
|  in pipelines: 35(GETNEXT), 21(OPEN)
|
34:HASH JOIN [INNER JOIN, BROADCAST]
|  hash-table-id=00
|  hash predicates: rank() = rank() - 1, s_store_name = s_store_name, i_category = i_category, s_company_name = s_company_name, i_brand = i_brand
|  fk/pk conjuncts: none
|  mem-estimate=0B mem-reservation=0B spill-buffer=2.00MB thread-reservation=0
|  tuple-ids=44,43,36,31,52,51 row-size=355B cardinality=14505.54T cost=2628419194722989
|  in pipelines: 21(GETNEXT), 31(OPEN)
|
|--F16:PLAN FRAGMENT [HASH(i_category,i_brand,s_store_name,s_company_name)] hosts=10 instances=10
|  |  Per-Instance Resources: mem-estimate=22.55GB mem-reservation=408.00MB thread-reservation=1
|  |  max-parallelism=10 segment-costs=[378516530] cpu-comparison-result=120 [max(10 (self) vs 120 (sum children))]
|  JOIN BUILD
|  |  join-table-id=00 plan-id=01 cohort-id=01
|  |  build expressions: rank() - 1, s_store_name, i_category, s_company_name, i_brand
|  |  mem-estimate=22.53GB mem-reservation=408.00MB spill-buffer=2.00MB thread-reservation=0 cost=162523200
|  |
|  52:EXCHANGE [BROADCAST]
|  |  mem-estimate=20.64MB mem-reservation=0B thread-reservation=0
|  |  tuple-ids=52,51 row-size=113B cardinality=162.52M cost=215993330
|  |  in pipelines: 31(GETNEXT)
|  |
|  F14:PLAN FRAGMENT [HASH(i_category,i_brand,s_store_name,s_company_name)] hosts=10 instances=90 (adjusted from 120)
|  Per-Instance Resources: mem-estimate=386.33MB mem-reservation=50.00MB thread-reservation=1
|  max-parallelism=460 segment-costs=[4574417160, 808510335, 219131423] cpu-comparison-result=120 [max(90 (self) vs 120 (sum children))]
|  32:ANALYTIC
|  |  functions: rank()
|  |  partition by: i_category, i_brand, s_store_name, s_company_name
|  |  order by: d_year ASC, d_moy ASC
|  |  window: RANGE BETWEEN UNBOUNDED PRECEDING AND CURRENT ROW
|  |  mem-estimate=4.00MB mem-reservation=4.00MB spill-buffer=2.00MB thread-reservation=0
|  |  tuple-ids=52,51 row-size=113B cardinality=162.52M cost=162523200
|  |  in pipelines: 31(GETNEXT)
|  |
|  31:SORT
|  |  order by: i_category ASC NULLS LAST, i_brand ASC NULLS LAST, s_store_name ASC NULLS LAST, s_company_name ASC NULLS LAST, d_year ASC, d_moy ASC
|  |  mem-estimate=180.83MB mem-reservation=12.00MB spill-buffer=2.00MB thread-reservation=0
|  |  tuple-ids=52 row-size=105B cardinality=162.52M cost=808510335
|  |  in pipelines: 31(GETNEXT), 51(OPEN)
|  |
|  51:AGGREGATE [FINALIZE]
|  |  output: sum:merge(ss_sales_price)
|  |  group by: i_category, i_brand, s_store_name, s_company_name, d_year, d_moy
|  |  mem-estimate=201.50MB mem-reservation=34.00MB spill-buffer=2.00MB thread-reservation=0
|  |  tuple-ids=20 row-size=105B cardinality=162.52M cost=3415769212
|  |  in pipelines: 51(GETNEXT), 24(OPEN)
|  |
|  50:EXCHANGE [HASH(i_category,i_brand,s_store_name,s_company_name)]
|  |  mem-estimate=22.77MB mem-reservation=0B thread-reservation=0
|  |  tuple-ids=20 row-size=105B cardinality=1.95G cost=1158647948
|  |  in pipelines: 24(GETNEXT)
|  |
|  F10:PLAN FRAGMENT [RANDOM] hosts=10 instances=120
|  Per-Host Shared Resources: mem-estimate=3.00MB mem-reservation=3.00MB thread-reservation=0 runtime-filters-memory=3.00MB
|  Per-Instance Resources: mem-estimate=595.10MB mem-reservation=42.00MB thread-reservation=1
|  max-parallelism=434 segment-costs=[14827402635, 14192463331] cpu-comparison-result=120 [max(120 (self) vs 36 (sum children))]
|  30:AGGREGATE [STREAMING]
|  |  output: sum(ss_sales_price)
|  |  group by: i_category, i_brand, s_store_name, s_company_name, d_year, d_moy
|  |  mem-estimate=540.78MB mem-reservation=34.00MB spill-buffer=2.00MB thread-reservation=0
|  |  tuple-ids=20 row-size=105B cardinality=1.95G cost=11654951225
|  |  in pipelines: 24(GETNEXT)
|  |
|  29:HASH JOIN [INNER JOIN, BROADCAST]
|  |  hash-table-id=01
|  |  hash predicates: ss_store_sk = s_store_sk
|  |  fk/pk conjuncts: ss_store_sk = s_store_sk
|  |  mem-estimate=0B mem-reservation=0B spill-buffer=64.00KB thread-reservation=0
|  |  tuple-ids=17,18,16,19 row-size=117B cardinality=2.05G cost=899362622
|  |  in pipelines: 24(GETNEXT), 26(OPEN)
|  |
|  |--F17:PLAN FRAGMENT [RANDOM] hosts=10 instances=10
|  |  |  Per-Instance Resources: mem-estimate=24.34MB mem-reservation=24.25MB thread-reservation=1 runtime-filters-memory=1.00MB
|  |  |  max-parallelism=10 segment-costs=[3140]
|  |  JOIN BUILD
|  |  |  join-table-id=01 plan-id=02 cohort-id=02
|  |  |  build expressions: s_store_sk
|  |  |  runtime filters: RF012[bloom] <- s_store_sk, RF013[min_max] <- s_store_sk
|  |  |  mem-estimate=23.25MB mem-reservation=23.25MB spill-buffer=64.00KB thread-reservation=0 cost=1350
|  |  |
|  |  49:EXCHANGE [BROADCAST]
|  |  |  mem-estimate=94.28KB mem-reservation=0B thread-reservation=0
|  |  |  tuple-ids=19 row-size=39B cardinality=1.35K cost=1790
|  |  |  in pipelines: 26(GETNEXT)
|  |  |
|  |  F13:PLAN FRAGMENT [RANDOM] hosts=1 instances=1
|  |  Per-Instance Resources: mem-estimate=16.17MB mem-reservation=24.00KB thread-reservation=1
|  |  max-parallelism=1 segment-costs=[461]
|  |  26:SCAN HDFS [tpcds_partitioned_parquet_snap.store, RANDOM]
|  |     HDFS partitions=1/1 files=1 size=119.76KB
|  |     stored statistics:
|  |       table: rows=1.35K size=119.76KB
|  |       columns: all
|  |     extrapolated-rows=disabled max-scan-range-rows=1.35K
|  |     mem-estimate=16.00MB mem-reservation=24.00KB thread-reservation=0
|  |     tuple-ids=19 row-size=39B cardinality=1.35K cost=290
|  |     in pipelines: 26(GETNEXT)
|  |
|  28:HASH JOIN [INNER JOIN, BROADCAST]
|  |  hash-table-id=02
|  |  hash predicates: ss_item_sk = i_item_sk
|  |  fk/pk conjuncts: ss_item_sk = i_item_sk
|  |  mem-estimate=0B mem-reservation=0B spill-buffer=2.00MB thread-reservation=0
|  |  tuple-ids=17,18,16 row-size=78B cardinality=2.05G cost=899626143
|  |  in pipelines: 24(GETNEXT), 23(OPEN)
|  |
|  |--F18:PLAN FRAGMENT [RANDOM] hosts=10 instances=10
|  |  |  Per-Instance Resources: mem-estimate=419.21MB mem-reservation=409.00MB thread-reservation=1 runtime-filters-memory=1.00MB
|  |  |  max-parallelism=10 segment-costs=[838440]
|  |  JOIN BUILD
|  |  |  join-table-id=02 plan-id=03 cohort-id=02
|  |  |  build expressions: i_item_sk
|  |  |  runtime filters: RF014[bloom] <- i_item_sk, RF015[min_max] <- i_item_sk
|  |  |  mem-estimate=408.00MB mem-reservation=408.00MB spill-buffer=2.00MB thread-reservation=0 cost=360000
|  |  |
|  |  48:EXCHANGE [BROADCAST]
|  |  |  mem-estimate=10.21MB mem-reservation=0B thread-reservation=0
|  |  |  tuple-ids=16 row-size=50B cardinality=360.00K cost=478440
|  |  |  in pipelines: 23(GETNEXT)
|  |  |
|  |  F12:PLAN FRAGMENT [RANDOM] hosts=4 instances=4
|  |  Per-Instance Resources: mem-estimate=16.21MB mem-reservation=512.00KB thread-reservation=1
|  |  max-parallelism=4 segment-costs=[191555]
|  |  23:SCAN HDFS [tpcds_partitioned_parquet_snap.item, RANDOM]
|  |     HDFS partitions=1/1 files=1 size=33.54MB
|  |     stored statistics:
|  |       table: rows=360.00K size=33.54MB
|  |       columns: all
|  |     extrapolated-rows=disabled max-scan-range-rows=101.54K
|  |     mem-estimate=16.00MB mem-reservation=512.00KB thread-reservation=0
|  |     tuple-ids=16 row-size=50B cardinality=360.00K cost=135117
|  |     in pipelines: 23(GETNEXT)
|  |
|  27:HASH JOIN [INNER JOIN, BROADCAST]
|  |  hash-table-id=03
|  |  hash predicates: ss_sold_date_sk = d_date_sk
|  |  fk/pk conjuncts: ss_sold_date_sk = d_date_sk
|  |  mem-estimate=0B mem-reservation=0B spill-buffer=64.00KB thread-reservation=0
|  |  tuple-ids=17,18 row-size=28B cardinality=2.06G cost=899812303
|  |  in pipelines: 24(GETNEXT), 25(OPEN)
|  |
|  |--F19:PLAN FRAGMENT [RANDOM] hosts=10 instances=10
|  |  |  Per-Instance Resources: mem-estimate=24.27MB mem-reservation=24.25MB thread-reservation=1 runtime-filters-memory=1.00MB
|  |  |  max-parallelism=10 segment-costs=[1004]
|  |  JOIN BUILD
|  |  |  join-table-id=03 plan-id=04 cohort-id=02
|  |  |  build expressions: d_date_sk
|  |  |  runtime filters: RF016[bloom] <- d_date_sk
|  |  |  mem-estimate=23.25MB mem-reservation=23.25MB spill-buffer=64.00KB thread-reservation=0 cost=434
|  |  |
|  |  47:EXCHANGE [BROADCAST]
|  |  |  mem-estimate=16.00KB mem-reservation=0B thread-reservation=0
|  |  |  tuple-ids=18 row-size=12B cardinality=434 cost=570
|  |  |  in pipelines: 25(GETNEXT)
|  |  |
|  |  F11:PLAN FRAGMENT [RANDOM] hosts=1 instances=1
|  |  Per-Instance Resources: mem-estimate=20.06MB mem-reservation=4.50MB thread-reservation=1
|  |  max-parallelism=1 segment-costs=[14698]
|  |  56:TUPLE CACHE
|  |  |  cache key: 364784a46549b04976422b16bfae0cdc
|  |  |  input scan node ids: 25
|  |  |  estimated serialized size: 6.78KB
|  |  |  estimated serialized size per node: 6.78KB
|  |  |  cumulative processing cost: 14675
|  |  |  cache read processing cost: 57
|  |  |  cache write processing cost: 18
|  |  |  mem-estimate=4.00MB mem-reservation=4.00MB spill-buffer=2.00MB thread-reservation=0
|  |  |  tuple-ids=18 row-size=12B cardinality=434 cost=0
|  |  |  in pipelines: 25(GETNEXT)
|  |  |
|  |  25:SCAN HDFS [tpcds_partitioned_parquet_snap.date_dim, RANDOM]
|  |     HDFS partitions=1/1 files=1 size=2.17MB
|  |     deterministic scan range assignment: true
|  |     schedule scan ranges oldest to newest: true
|  |     predicates: (d_year = CAST(2001 AS INT) OR (d_year = CAST(2000 AS INT) AND d_moy = CAST(12 AS INT)) OR (d_year = CAST(2002 AS INT) AND d_moy = CAST(1 AS INT)))
|  |     stored statistics:
|  |       table: rows=73.05K size=2.17MB
|  |       columns: all
|  |     extrapolated-rows=disabled max-scan-range-rows=73.05K
|  |     mem-estimate=16.00MB mem-reservation=512.00KB thread-reservation=0
|  |     tuple-ids=18 row-size=12B cardinality=434 cost=14675
|  |     in pipelines: 25(GETNEXT)
|  |
|  24:SCAN HDFS [tpcds_partitioned_parquet_snap.store_sales, RANDOM]
|     HDFS partitions=1824/1824 files=1824 size=389.90GB
|     runtime filters: RF015[min_max] -> ss_item_sk, RF013[min_max] -> ss_store_sk, RF016[bloom] -> ss_sold_date_sk, RF014[bloom] -> ss_item_sk, RF012[bloom] -> ss_store_sk
|     stored statistics:
|       table: rows=8.64G size=389.90GB
|       partitions: 1824/1824 rows=8.64G
|       columns: all
|     extrapolated-rows=disabled max-scan-range-rows=390.22M est-scan-range=434(filtered from 1824)
|     mem-estimate=16.00MB mem-reservation=8.00MB thread-reservation=0
|     tuple-ids=17 row-size=16B cardinality=2.06G(filtered from 8.64G) cost=473650342
|     in pipelines: 24(GETNEXT)
|
33:HASH JOIN [INNER JOIN, BROADCAST]
|  hash-table-id=04
|  hash predicates: rank() + 1 = rank(), s_store_name = s_store_name, i_category = i_category, s_company_name = s_company_name, i_brand = i_brand
|  fk/pk conjuncts: none
|  mem-estimate=0B mem-reservation=0B spill-buffer=2.00MB thread-reservation=0
|  tuple-ids=44,43,36,31 row-size=242B cardinality=61.67G cost=11216871620
|  in pipelines: 21(GETNEXT), 10(OPEN)
|
|--F20:PLAN FRAGMENT [HASH(i_category,i_brand,s_store_name,s_company_name)] hosts=10 instances=10
|  |  Per-Instance Resources: mem-estimate=434.06MB mem-reservation=408.00MB thread-reservation=1
|  |  max-parallelism=10 segment-costs=[610696] cpu-comparison-result=120 [max(10 (self) vs 120 (sum children))]
|  JOIN BUILD
|  |  join-table-id=04 plan-id=05 cohort-id=01
|  |  build expressions: rank(), s_store_name, i_category, s_company_name, i_brand
|  |  mem-estimate=408.00MB mem-reservation=408.00MB spill-buffer=2.00MB thread-reservation=0 cost=262216
|  |
|  46:EXCHANGE [BROADCAST]
|  |  mem-estimate=26.06MB mem-reservation=0B thread-reservation=0
|  |  tuple-ids=36,31 row-size=129B cardinality=262.22K cost=348480
|  |  in pipelines: 10(GETNEXT)
|  |
|  F09:PLAN FRAGMENT [HASH(i_category,i_brand,s_store_name,s_company_name)] hosts=10 instances=120
|  Per-Instance Resources: mem-estimate=294.75MB mem-reservation=54.00MB thread-reservation=1
|  max-parallelism=460 segment-costs=[4574417160, 808510335, 1027591587, 650195459] cpu-comparison-result=120 [max(120 (self) vs 120 (sum children))]
|  12:SELECT
|  |  predicates: d_year = CAST(2001 AS INT), avg(sum(ss_sales_price)) > CAST(0 AS DECIMAL(3,0)), CASE WHEN avg(sum(ss_sales_price)) > CAST(0 AS DECIMAL(3,0)) THEN abs(sum(ss_sales_price) - avg(sum(ss_sales_price))) / avg(sum(ss_sales_price)) ELSE NULL END > CAST(0.1 AS DECIMAL(1,1))
|  |  mem-estimate=0B mem-reservation=0B thread-reservation=0
|  |  tuple-ids=36,31 row-size=129B cardinality=262.22K cost=487569600
|  |  in pipelines: 10(GETNEXT)
|  |
|  11:ANALYTIC
|  |  functions: avg(sum(ss_sales_price))
|  |  partition by: i_category, i_brand, s_store_name, s_company_name, d_year
|  |  mem-estimate=4.00MB mem-reservation=4.00MB spill-buffer=2.00MB thread-reservation=0
|  |  tuple-ids=36,31 row-size=129B cardinality=162.52M cost=162523200
|  |  in pipelines: 10(GETNEXT)
|  |
|  10:SORT
|  |  order by: i_category ASC NULLS LAST, i_brand ASC NULLS LAST, s_store_name ASC NULLS LAST, s_company_name ASC NULLS LAST, d_year ASC NULLS LAST
|  |  mem-estimate=145.96MB mem-reservation=12.00MB spill-buffer=2.00MB thread-reservation=0
|  |  tuple-ids=36 row-size=113B cardinality=162.52M cost=865068387
|  |  in pipelines: 10(GETNEXT), 08(OPEN)
|  |
|  09:ANALYTIC
|  |  functions: rank()
|  |  partition by: i_category, i_brand, s_store_name, s_company_name
|  |  order by: d_year ASC, d_moy ASC
|  |  window: RANGE BETWEEN UNBOUNDED PRECEDING AND CURRENT ROW
|  |  mem-estimate=4.00MB mem-reservation=4.00MB spill-buffer=2.00MB thread-reservation=0
|  |  tuple-ids=34,33 row-size=113B cardinality=162.52M cost=162523200
|  |  in pipelines: 08(GETNEXT)
|  |
|  08:SORT
|  |  order by: i_category ASC NULLS LAST, i_brand ASC NULLS LAST, s_store_name ASC NULLS LAST, s_company_name ASC NULLS LAST, d_year ASC, d_moy ASC
|  |  mem-estimate=135.62MB mem-reservation=12.00MB spill-buffer=2.00MB thread-reservation=0
|  |  tuple-ids=34 row-size=105B cardinality=162.52M cost=808510335
|  |  in pipelines: 08(GETNEXT), 45(OPEN)
|  |
|  45:AGGREGATE [FINALIZE]
|  |  output: sum:merge(ss_sales_price)
|  |  group by: i_category, i_brand, s_store_name, s_company_name, d_year, d_moy
|  |  mem-estimate=151.12MB mem-reservation=34.00MB spill-buffer=2.00MB thread-reservation=0
|  |  tuple-ids=4 row-size=105B cardinality=162.52M cost=3415769212
|  |  in pipelines: 45(GETNEXT), 01(OPEN)
|  |
|  44:EXCHANGE [HASH(i_category,i_brand,s_store_name,s_company_name)]
|  |  mem-estimate=22.77MB mem-reservation=0B thread-reservation=0
|  |  tuple-ids=4 row-size=105B cardinality=1.95G cost=1158647948
|  |  in pipelines: 01(GETNEXT)
|  |
|  F05:PLAN FRAGMENT [RANDOM] hosts=10 instances=120
|  Per-Host Shared Resources: mem-estimate=3.00MB mem-reservation=3.00MB thread-reservation=0 runtime-filters-memory=3.00MB
|  Per-Instance Resources: mem-estimate=607.88MB mem-reservation=42.00MB thread-reservation=1
|  max-parallelism=434 segment-costs=[14827402635, 14192463331] cpu-comparison-result=120 [max(120 (self) vs 36 (sum children))]
|  07:AGGREGATE [STREAMING]
|  |  output: sum(ss_sales_price)
|  |  group by: i_category, i_brand, s_store_name, s_company_name, d_year, d_moy
|  |  mem-estimate=540.78MB mem-reservation=34.00MB spill-buffer=2.00MB thread-reservation=0
|  |  tuple-ids=4 row-size=105B cardinality=1.95G cost=11654951225
|  |  in pipelines: 01(GETNEXT)
|  |
|  06:HASH JOIN [INNER JOIN, BROADCAST]
|  |  hash-table-id=05
|  |  hash predicates: ss_store_sk = s_store_sk
|  |  fk/pk conjuncts: ss_store_sk = s_store_sk
|  |  mem-estimate=0B mem-reservation=0B spill-buffer=64.00KB thread-reservation=0
|  |  tuple-ids=1,2,0,3 row-size=117B cardinality=2.05G cost=899362622
|  |  in pipelines: 01(GETNEXT), 03(OPEN)
|  |
|  |--F21:PLAN FRAGMENT [RANDOM] hosts=10 instances=10
|  |  |  Per-Instance Resources: mem-estimate=24.34MB mem-reservation=24.25MB thread-reservation=1 runtime-filters-memory=1.00MB
|  |  |  max-parallelism=10 segment-costs=[3140]
|  |  JOIN BUILD
|  |  |  join-table-id=05 plan-id=06 cohort-id=03
|  |  |  build expressions: s_store_sk
|  |  |  runtime filters: RF006[bloom] <- s_store_sk, RF007[min_max] <- s_store_sk
|  |  |  mem-estimate=23.25MB mem-reservation=23.25MB spill-buffer=64.00KB thread-reservation=0 cost=1350
|  |  |
|  |  43:EXCHANGE [BROADCAST]
|  |  |  mem-estimate=94.28KB mem-reservation=0B thread-reservation=0
|  |  |  tuple-ids=3 row-size=39B cardinality=1.35K cost=1790
|  |  |  in pipelines: 03(GETNEXT)
|  |  |
|  |  F08:PLAN FRAGMENT [RANDOM] hosts=1 instances=1
|  |  Per-Instance Resources: mem-estimate=16.17MB mem-reservation=24.00KB thread-reservation=1
|  |  max-parallelism=1 segment-costs=[461]
|  |  03:SCAN HDFS [tpcds_partitioned_parquet_snap.store, RANDOM]
|  |     HDFS partitions=1/1 files=1 size=119.76KB
|  |     stored statistics:
|  |       table: rows=1.35K size=119.76KB
|  |       columns: all
|  |     extrapolated-rows=disabled max-scan-range-rows=1.35K
|  |     mem-estimate=16.00MB mem-reservation=24.00KB thread-reservation=0
|  |     tuple-ids=3 row-size=39B cardinality=1.35K cost=290
|  |     in pipelines: 03(GETNEXT)
|  |
|  05:HASH JOIN [INNER JOIN, BROADCAST]
|  |  hash-table-id=06
|  |  hash predicates: ss_item_sk = i_item_sk
|  |  fk/pk conjuncts: ss_item_sk = i_item_sk
|  |  mem-estimate=0B mem-reservation=0B spill-buffer=2.00MB thread-reservation=0
|  |  tuple-ids=1,2,0 row-size=78B cardinality=2.05G cost=899626143
|  |  in pipelines: 01(GETNEXT), 00(OPEN)
|  |
|  |--F22:PLAN FRAGMENT [RANDOM] hosts=10 instances=10
|  |  |  Per-Instance Resources: mem-estimate=419.21MB mem-reservation=409.00MB thread-reservation=1 runtime-filters-memory=1.00MB
|  |  |  max-parallelism=10 segment-costs=[838440]
|  |  JOIN BUILD
|  |  |  join-table-id=06 plan-id=07 cohort-id=03
|  |  |  build expressions: i_item_sk
|  |  |  runtime filters: RF008[bloom] <- i_item_sk, RF009[min_max] <- i_item_sk
|  |  |  mem-estimate=408.00MB mem-reservation=408.00MB spill-buffer=2.00MB thread-reservation=0 cost=360000
|  |  |
|  |  42:EXCHANGE [BROADCAST]
|  |  |  mem-estimate=10.21MB mem-reservation=0B thread-reservation=0
|  |  |  tuple-ids=0 row-size=50B cardinality=360.00K cost=478440
|  |  |  in pipelines: 00(GETNEXT)
|  |  |
|  |  F07:PLAN FRAGMENT [RANDOM] hosts=4 instances=4
|  |  Per-Instance Resources: mem-estimate=16.21MB mem-reservation=512.00KB thread-reservation=1
|  |  max-parallelism=4 segment-costs=[191555]
|  |  00:SCAN HDFS [tpcds_partitioned_parquet_snap.item, RANDOM]
|  |     HDFS partitions=1/1 files=1 size=33.54MB
|  |     stored statistics:
|  |       table: rows=360.00K size=33.54MB
|  |       columns: all
|  |     extrapolated-rows=disabled max-scan-range-rows=101.54K
|  |     mem-estimate=16.00MB mem-reservation=512.00KB thread-reservation=0
|  |     tuple-ids=0 row-size=50B cardinality=360.00K cost=135117
|  |     in pipelines: 00(GETNEXT)
|  |
|  04:HASH JOIN [INNER JOIN, BROADCAST]
|  |  hash-table-id=07
|  |  hash predicates: ss_sold_date_sk = d_date_sk
|  |  fk/pk conjuncts: ss_sold_date_sk = d_date_sk
|  |  mem-estimate=0B mem-reservation=0B spill-buffer=64.00KB thread-reservation=0
|  |  tuple-ids=1,2 row-size=28B cardinality=2.06G cost=899812303
|  |  in pipelines: 01(GETNEXT), 02(OPEN)
|  |
|  |--F23:PLAN FRAGMENT [RANDOM] hosts=10 instances=10
|  |  |  Per-Instance Resources: mem-estimate=24.27MB mem-reservation=24.25MB thread-reservation=1 runtime-filters-memory=1.00MB
|  |  |  max-parallelism=10 segment-costs=[1004]
|  |  JOIN BUILD
|  |  |  join-table-id=07 plan-id=08 cohort-id=03
|  |  |  build expressions: d_date_sk
|  |  |  runtime filters: RF010[bloom] <- d_date_sk
|  |  |  mem-estimate=23.25MB mem-reservation=23.25MB spill-buffer=64.00KB thread-reservation=0 cost=434
|  |  |
|  |  41:EXCHANGE [BROADCAST]
|  |  |  mem-estimate=16.00KB mem-reservation=0B thread-reservation=0
|  |  |  tuple-ids=2 row-size=12B cardinality=434 cost=570
|  |  |  in pipelines: 02(GETNEXT)
|  |  |
|  |  F06:PLAN FRAGMENT [RANDOM] hosts=1 instances=1
|  |  Per-Instance Resources: mem-estimate=20.06MB mem-reservation=4.50MB thread-reservation=1
|  |  max-parallelism=1 segment-costs=[14698]
|  |  55:TUPLE CACHE
|  |  |  cache key: 364784a46549b04976422b16bfae0cdc
|  |  |  input scan node ids: 2
|  |  |  estimated serialized size: 6.78KB
|  |  |  estimated serialized size per node: 6.78KB
|  |  |  cumulative processing cost: 14675
|  |  |  cache read processing cost: 57
|  |  |  cache write processing cost: 18
|  |  |  mem-estimate=4.00MB mem-reservation=4.00MB spill-buffer=2.00MB thread-reservation=0
|  |  |  tuple-ids=2 row-size=12B cardinality=434 cost=0
|  |  |  in pipelines: 02(GETNEXT)
|  |  |
|  |  02:SCAN HDFS [tpcds_partitioned_parquet_snap.date_dim, RANDOM]
|  |     HDFS partitions=1/1 files=1 size=2.17MB
|  |     deterministic scan range assignment: true
|  |     schedule scan ranges oldest to newest: true
|  |     predicates: (d_year = CAST(2001 AS INT) OR (d_year = CAST(2000 AS INT) AND d_moy = CAST(12 AS INT)) OR (d_year = CAST(2002 AS INT) AND d_moy = CAST(1 AS INT)))
|  |     stored statistics:
|  |       table: rows=73.05K size=2.17MB
|  |       columns: all
|  |     extrapolated-rows=disabled max-scan-range-rows=73.05K
|  |     mem-estimate=16.00MB mem-reservation=512.00KB thread-reservation=0
|  |     tuple-ids=2 row-size=12B cardinality=434 cost=14675
|  |     in pipelines: 02(GETNEXT)
|  |
|  01:SCAN HDFS [tpcds_partitioned_parquet_snap.store_sales, RANDOM]
|     HDFS partitions=1824/1824 files=1824 size=389.90GB
|     runtime filters: RF009[min_max] -> ss_item_sk, RF007[min_max] -> ss_store_sk, RF010[bloom] -> ss_sold_date_sk, RF008[bloom] -> ss_item_sk, RF006[bloom] -> ss_store_sk
|     stored statistics:
|       table: rows=8.64G size=389.90GB
|       partitions: 1824/1824 rows=8.64G
|       columns: all
|     extrapolated-rows=disabled max-scan-range-rows=390.22M est-scan-range=434(filtered from 1824)
|     mem-estimate=16.00MB mem-reservation=8.00MB thread-reservation=0
|     tuple-ids=1 row-size=16B cardinality=2.06G(filtered from 8.64G) cost=473650342
|     in pipelines: 01(GETNEXT)
|
22:ANALYTIC
|  functions: rank()
|  partition by: i_category, i_brand, s_store_name, s_company_name
|  order by: d_year ASC, d_moy ASC
|  window: RANGE BETWEEN UNBOUNDED PRECEDING AND CURRENT ROW
|  mem-estimate=4.00MB mem-reservation=4.00MB spill-buffer=2.00MB thread-reservation=0
|  tuple-ids=44,43 row-size=113B cardinality=162.52M cost=162523200
|  in pipelines: 21(GETNEXT)
|
21:SORT
|  order by: i_category ASC NULLS LAST, i_brand ASC NULLS LAST, s_store_name ASC NULLS LAST, s_company_name ASC NULLS LAST, d_year ASC, d_moy ASC
|  mem-estimate=135.62MB mem-reservation=12.00MB spill-buffer=2.00MB thread-reservation=0
|  tuple-ids=44 row-size=105B cardinality=162.52M cost=808510335
|  in pipelines: 21(GETNEXT), 40(OPEN)
|
40:AGGREGATE [FINALIZE]
|  output: sum:merge(ss_sales_price)
|  group by: i_category, i_brand, s_store_name, s_company_name, d_year, d_moy
|  mem-estimate=151.12MB mem-reservation=34.00MB spill-buffer=2.00MB thread-reservation=0
|  tuple-ids=12 row-size=105B cardinality=162.52M cost=3415769212
|  in pipelines: 40(GETNEXT), 14(OPEN)
|
39:EXCHANGE [HASH(i_category,i_brand,s_store_name,s_company_name)]
|  mem-estimate=22.77MB mem-reservation=0B thread-reservation=0
|  tuple-ids=12 row-size=105B cardinality=1.95G cost=1158647948
|  in pipelines: 14(GETNEXT)
|
F00:PLAN FRAGMENT [RANDOM] hosts=10 instances=120
Per-Host Shared Resources: mem-estimate=3.00MB mem-reservation=3.00MB thread-reservation=0 runtime-filters-memory=3.00MB
Per-Instance Resources: mem-estimate=607.88MB mem-reservation=42.00MB thread-reservation=1
max-parallelism=434 segment-costs=[14827402635, 14192463331] cpu-comparison-result=120 [max(120 (self) vs 36 (sum children))]
20:AGGREGATE [STREAMING]
|  output: sum(ss_sales_price)
|  group by: i_category, i_brand, s_store_name, s_company_name, d_year, d_moy
|  mem-estimate=540.78MB mem-reservation=34.00MB spill-buffer=2.00MB thread-reservation=0
|  tuple-ids=12 row-size=105B cardinality=1.95G cost=11654951225
|  in pipelines: 14(GETNEXT)
|
19:HASH JOIN [INNER JOIN, BROADCAST]
|  hash-table-id=08
|  hash predicates: ss_store_sk = s_store_sk
|  fk/pk conjuncts: ss_store_sk = s_store_sk
|  mem-estimate=0B mem-reservation=0B spill-buffer=64.00KB thread-reservation=0
|  tuple-ids=9,10,8,11 row-size=117B cardinality=2.05G cost=899362622
|  in pipelines: 14(GETNEXT), 16(OPEN)
|
|--F24:PLAN FRAGMENT [RANDOM] hosts=10 instances=10
|  |  Per-Instance Resources: mem-estimate=24.34MB mem-reservation=24.25MB thread-reservation=1 runtime-filters-memory=1.00MB
|  |  max-parallelism=10 segment-costs=[3140]
|  JOIN BUILD
|  |  join-table-id=08 plan-id=09 cohort-id=01
|  |  build expressions: s_store_sk
|  |  runtime filters: RF000[bloom] <- s_store_sk, RF001[min_max] <- s_store_sk
|  |  mem-estimate=23.25MB mem-reservation=23.25MB spill-buffer=64.00KB thread-reservation=0 cost=1350
|  |
|  38:EXCHANGE [BROADCAST]
|  |  mem-estimate=94.28KB mem-reservation=0B thread-reservation=0
|  |  tuple-ids=11 row-size=39B cardinality=1.35K cost=1790
|  |  in pipelines: 16(GETNEXT)
|  |
|  F03:PLAN FRAGMENT [RANDOM] hosts=1 instances=1
|  Per-Instance Resources: mem-estimate=16.17MB mem-reservation=24.00KB thread-reservation=1
|  max-parallelism=1 segment-costs=[461]
|  16:SCAN HDFS [tpcds_partitioned_parquet_snap.store, RANDOM]
|     HDFS partitions=1/1 files=1 size=119.76KB
|     stored statistics:
|       table: rows=1.35K size=119.76KB
|       columns: all
|     extrapolated-rows=disabled max-scan-range-rows=1.35K
|     mem-estimate=16.00MB mem-reservation=24.00KB thread-reservation=0
|     tuple-ids=11 row-size=39B cardinality=1.35K cost=290
|     in pipelines: 16(GETNEXT)
|
18:HASH JOIN [INNER JOIN, BROADCAST]
|  hash-table-id=09
|  hash predicates: ss_item_sk = i_item_sk
|  fk/pk conjuncts: ss_item_sk = i_item_sk
|  mem-estimate=0B mem-reservation=0B spill-buffer=2.00MB thread-reservation=0
|  tuple-ids=9,10,8 row-size=78B cardinality=2.05G cost=899626143
|  in pipelines: 14(GETNEXT), 13(OPEN)
|
|--F25:PLAN FRAGMENT [RANDOM] hosts=10 instances=10
|  |  Per-Instance Resources: mem-estimate=419.21MB mem-reservation=409.00MB thread-reservation=1 runtime-filters-memory=1.00MB
|  |  max-parallelism=10 segment-costs=[838440]
|  JOIN BUILD
|  |  join-table-id=09 plan-id=10 cohort-id=01
|  |  build expressions: i_item_sk
|  |  runtime filters: RF002[bloom] <- i_item_sk, RF003[min_max] <- i_item_sk
|  |  mem-estimate=408.00MB mem-reservation=408.00MB spill-buffer=2.00MB thread-reservation=0 cost=360000
|  |
|  37:EXCHANGE [BROADCAST]
|  |  mem-estimate=10.21MB mem-reservation=0B thread-reservation=0
|  |  tuple-ids=8 row-size=50B cardinality=360.00K cost=478440
|  |  in pipelines: 13(GETNEXT)
|  |
|  F02:PLAN FRAGMENT [RANDOM] hosts=4 instances=4
|  Per-Instance Resources: mem-estimate=16.21MB mem-reservation=512.00KB thread-reservation=1
|  max-parallelism=4 segment-costs=[191555]
|  13:SCAN HDFS [tpcds_partitioned_parquet_snap.item, RANDOM]
|     HDFS partitions=1/1 files=1 size=33.54MB
|     stored statistics:
|       table: rows=360.00K size=33.54MB
|       columns: all
|     extrapolated-rows=disabled max-scan-range-rows=101.54K
|     mem-estimate=16.00MB mem-reservation=512.00KB thread-reservation=0
|     tuple-ids=8 row-size=50B cardinality=360.00K cost=135117
|     in pipelines: 13(GETNEXT)
|
17:HASH JOIN [INNER JOIN, BROADCAST]
|  hash-table-id=10
|  hash predicates: ss_sold_date_sk = d_date_sk
|  fk/pk conjuncts: ss_sold_date_sk = d_date_sk
|  mem-estimate=0B mem-reservation=0B spill-buffer=64.00KB thread-reservation=0
|  tuple-ids=9,10 row-size=28B cardinality=2.06G cost=899812303
|  in pipelines: 14(GETNEXT), 15(OPEN)
|
|--F26:PLAN FRAGMENT [RANDOM] hosts=10 instances=10
|  |  Per-Instance Resources: mem-estimate=24.27MB mem-reservation=24.25MB thread-reservation=1 runtime-filters-memory=1.00MB
|  |  max-parallelism=10 segment-costs=[1004]
|  JOIN BUILD
|  |  join-table-id=10 plan-id=11 cohort-id=01
|  |  build expressions: d_date_sk
|  |  runtime filters: RF004[bloom] <- d_date_sk
|  |  mem-estimate=23.25MB mem-reservation=23.25MB spill-buffer=64.00KB thread-reservation=0 cost=434
|  |
|  36:EXCHANGE [BROADCAST]
|  |  mem-estimate=16.00KB mem-reservation=0B thread-reservation=0
|  |  tuple-ids=10 row-size=12B cardinality=434 cost=570
|  |  in pipelines: 15(GETNEXT)
|  |
|  F01:PLAN FRAGMENT [RANDOM] hosts=1 instances=1
|  Per-Instance Resources: mem-estimate=20.06MB mem-reservation=4.50MB thread-reservation=1
|  max-parallelism=1 segment-costs=[14698]
|  54:TUPLE CACHE
|  |  cache key: 364784a46549b04976422b16bfae0cdc
|  |  input scan node ids: 15
|  |  estimated serialized size: 6.78KB
|  |  estimated serialized size per node: 6.78KB
|  |  cumulative processing cost: 14675
|  |  cache read processing cost: 57
|  |  cache write processing cost: 18
|  |  mem-estimate=4.00MB mem-reservation=4.00MB spill-buffer=2.00MB thread-reservation=0
|  |  tuple-ids=10 row-size=12B cardinality=434 cost=0
|  |  in pipelines: 15(GETNEXT)
|  |
|  15:SCAN HDFS [tpcds_partitioned_parquet_snap.date_dim, RANDOM]
|     HDFS partitions=1/1 files=1 size=2.17MB
|     deterministic scan range assignment: true
|     schedule scan ranges oldest to newest: true
|     predicates: (d_year = CAST(2001 AS INT) OR (d_year = CAST(2000 AS INT) AND d_moy = CAST(12 AS INT)) OR (d_year = CAST(2002 AS INT) AND d_moy = CAST(1 AS INT)))
|     stored statistics:
|       table: rows=73.05K size=2.17MB
|       columns: all
|     extrapolated-rows=disabled max-scan-range-rows=73.05K
|     mem-estimate=16.00MB mem-reservation=512.00KB thread-reservation=0
|     tuple-ids=10 row-size=12B cardinality=434 cost=14675
|     in pipelines: 15(GETNEXT)
|
14:SCAN HDFS [tpcds_partitioned_parquet_snap.store_sales, RANDOM]
   HDFS partitions=1824/1824 files=1824 size=389.90GB
   runtime filters: RF003[min_max] -> ss_item_sk, RF001[min_max] -> ss_store_sk, RF004[bloom] -> ss_sold_date_sk, RF002[bloom] -> ss_item_sk, RF000[bloom] -> ss_store_sk
   stored statistics:
     table: rows=8.64G size=389.90GB
     partitions: 1824/1824 rows=8.64G
     columns: all
   extrapolated-rows=disabled max-scan-range-rows=390.22M est-scan-range=434(filtered from 1824)
   mem-estimate=16.00MB mem-reservation=8.00MB thread-reservation=0
   tuple-ids=9 row-size=16B cardinality=2.06G(filtered from 8.64G) cost=473650342
   in pipelines: 14(GETNEXT)
---- PARALLELPLANS
Max Per-Host Resource Reservation: Memory=5.30GB Threads=90
Per-Host Resource Estimates: Memory=55.98GB
F15:PLAN FRAGMENT [UNPARTITIONED] hosts=1 instances=1
|  Per-Instance Resources: mem-estimate=5.09MB mem-reservation=4.00MB thread-reservation=1
|  max-parallelism=1 segment-costs=[743] cpu-comparison-result=360 [max(1 (self) vs 360 (sum children))]
PLAN-ROOT SINK
|  output exprs: s_company_name, d_year, d_moy, avg_monthly_sales, sum_sales, psum, nsum
|  mem-estimate=4.00MB mem-reservation=4.00MB spill-buffer=2.00MB thread-reservation=0 cost=700
|
53:MERGING-EXCHANGE [UNPARTITIONED]
|  order by: sum_sales - avg_monthly_sales ASC, avg_monthly_sales ASC
|  limit: 100
|  mem-estimate=1.09MB mem-reservation=0B thread-reservation=0
|  tuple-ids=25 row-size=91B cardinality=100 cost=43
|  in pipelines: 35(GETNEXT)
|
F04:PLAN FRAGMENT [HASH(i_category,i_brand,s_store_name,s_company_name)] hosts=10 instances=120
Per-Instance Resources: mem-estimate=290.75MB mem-reservation=50.00MB thread-reservation=1
max-parallelism=2147483640 segment-costs=[4574417160, 808510335, 441696341004313393, 269] cpu-comparison-result=360 [max(120 (self) vs 360 (sum children))]
35:TOP-N [LIMIT=100]
|  order by: sum_sales - avg_monthly_sales ASC, avg_monthly_sales ASC
|  mem-estimate=8.89KB mem-reservation=0B thread-reservation=0
|  tuple-ids=25 row-size=91B cardinality=100 cost=439067910430195584
|  in pipelines: 35(GETNEXT), 21(OPEN)
|
34:HASH JOIN [INNER JOIN, BROADCAST]
|  hash-table-id=00
|  hash predicates: rank() = rank() - 1, s_store_name = s_store_name, i_category = i_category, s_company_name = s_company_name, i_brand = i_brand
|  fk/pk conjuncts: none
|  mem-estimate=0B mem-reservation=0B spill-buffer=2.00MB thread-reservation=0
|  tuple-ids=44,43,36,31,52,51 row-size=355B cardinality=14505.54T cost=2628419194722989
|  in pipelines: 21(GETNEXT), 31(OPEN)
|
|--F16:PLAN FRAGMENT [HASH(i_category,i_brand,s_store_name,s_company_name)] hosts=10 instances=10
|  |  Per-Instance Resources: mem-estimate=22.55GB mem-reservation=408.00MB thread-reservation=1
|  |  max-parallelism=10 segment-costs=[378516530] cpu-comparison-result=120 [max(10 (self) vs 120 (sum children))]
|  JOIN BUILD
|  |  join-table-id=00 plan-id=01 cohort-id=01
|  |  build expressions: rank() - 1, s_store_name, i_category, s_company_name, i_brand
|  |  mem-estimate=22.53GB mem-reservation=408.00MB spill-buffer=2.00MB thread-reservation=0 cost=162523200
|  |
|  52:EXCHANGE [BROADCAST]
|  |  mem-estimate=20.64MB mem-reservation=0B thread-reservation=0
|  |  tuple-ids=52,51 row-size=113B cardinality=162.52M cost=215993330
|  |  in pipelines: 31(GETNEXT)
|  |
|  F14:PLAN FRAGMENT [HASH(i_category,i_brand,s_store_name,s_company_name)] hosts=10 instances=90 (adjusted from 120)
|  Per-Instance Resources: mem-estimate=386.33MB mem-reservation=50.00MB thread-reservation=1
|  max-parallelism=460 segment-costs=[4574417160, 808510335, 219131423] cpu-comparison-result=120 [max(90 (self) vs 120 (sum children))]
|  32:ANALYTIC
|  |  functions: rank()
|  |  partition by: i_category, i_brand, s_store_name, s_company_name
|  |  order by: d_year ASC, d_moy ASC
|  |  window: RANGE BETWEEN UNBOUNDED PRECEDING AND CURRENT ROW
|  |  mem-estimate=4.00MB mem-reservation=4.00MB spill-buffer=2.00MB thread-reservation=0
|  |  tuple-ids=52,51 row-size=113B cardinality=162.52M cost=162523200
|  |  in pipelines: 31(GETNEXT)
|  |
|  31:SORT
|  |  order by: i_category ASC NULLS LAST, i_brand ASC NULLS LAST, s_store_name ASC NULLS LAST, s_company_name ASC NULLS LAST, d_year ASC, d_moy ASC
|  |  mem-estimate=180.83MB mem-reservation=12.00MB spill-buffer=2.00MB thread-reservation=0
|  |  tuple-ids=52 row-size=105B cardinality=162.52M cost=808510335
|  |  in pipelines: 31(GETNEXT), 51(OPEN)
|  |
|  51:AGGREGATE [FINALIZE]
|  |  output: sum:merge(ss_sales_price)
|  |  group by: i_category, i_brand, s_store_name, s_company_name, d_year, d_moy
|  |  mem-estimate=201.50MB mem-reservation=34.00MB spill-buffer=2.00MB thread-reservation=0
|  |  tuple-ids=20 row-size=105B cardinality=162.52M cost=3415769212
|  |  in pipelines: 51(GETNEXT), 24(OPEN)
|  |
|  50:EXCHANGE [HASH(i_category,i_brand,s_store_name,s_company_name)]
|  |  mem-estimate=22.77MB mem-reservation=0B thread-reservation=0
|  |  tuple-ids=20 row-size=105B cardinality=1.95G cost=1158647948
|  |  in pipelines: 24(GETNEXT)
|  |
|  F10:PLAN FRAGMENT [RANDOM] hosts=10 instances=120
|  Per-Host Shared Resources: mem-estimate=3.00MB mem-reservation=3.00MB thread-reservation=0 runtime-filters-memory=3.00MB
|  Per-Instance Resources: mem-estimate=595.10MB mem-reservation=42.00MB thread-reservation=1
|  max-parallelism=434 segment-costs=[14827402635, 14192463331] cpu-comparison-result=120 [max(120 (self) vs 36 (sum children))]
|  30:AGGREGATE [STREAMING]
|  |  output: sum(ss_sales_price)
|  |  group by: i_category, i_brand, s_store_name, s_company_name, d_year, d_moy
|  |  mem-estimate=540.78MB mem-reservation=34.00MB spill-buffer=2.00MB thread-reservation=0
|  |  tuple-ids=20 row-size=105B cardinality=1.95G cost=11654951225
|  |  in pipelines: 24(GETNEXT)
|  |
|  29:HASH JOIN [INNER JOIN, BROADCAST]
|  |  hash-table-id=01
|  |  hash predicates: ss_store_sk = s_store_sk
|  |  fk/pk conjuncts: ss_store_sk = s_store_sk
|  |  mem-estimate=0B mem-reservation=0B spill-buffer=64.00KB thread-reservation=0
|  |  tuple-ids=17,18,16,19 row-size=117B cardinality=2.05G cost=899362622
|  |  in pipelines: 24(GETNEXT), 26(OPEN)
|  |
|  |--F17:PLAN FRAGMENT [RANDOM] hosts=10 instances=10
|  |  |  Per-Instance Resources: mem-estimate=24.34MB mem-reservation=24.25MB thread-reservation=1 runtime-filters-memory=1.00MB
|  |  |  max-parallelism=10 segment-costs=[3140]
|  |  JOIN BUILD
|  |  |  join-table-id=01 plan-id=02 cohort-id=02
|  |  |  build expressions: s_store_sk
|  |  |  runtime filters: RF012[bloom] <- s_store_sk, RF013[min_max] <- s_store_sk
|  |  |  mem-estimate=23.25MB mem-reservation=23.25MB spill-buffer=64.00KB thread-reservation=0 cost=1350
|  |  |
|  |  49:EXCHANGE [BROADCAST]
|  |  |  mem-estimate=94.28KB mem-reservation=0B thread-reservation=0
|  |  |  tuple-ids=19 row-size=39B cardinality=1.35K cost=1790
|  |  |  in pipelines: 26(GETNEXT)
|  |  |
|  |  F13:PLAN FRAGMENT [RANDOM] hosts=1 instances=1
|  |  Per-Instance Resources: mem-estimate=16.17MB mem-reservation=24.00KB thread-reservation=1
|  |  max-parallelism=1 segment-costs=[461]
|  |  26:SCAN HDFS [tpcds_partitioned_parquet_snap.store, RANDOM]
|  |     HDFS partitions=1/1 files=1 size=119.76KB
|  |     stored statistics:
|  |       table: rows=1.35K size=119.76KB
|  |       columns: all
|  |     extrapolated-rows=disabled max-scan-range-rows=1.35K
|  |     mem-estimate=16.00MB mem-reservation=24.00KB thread-reservation=0
|  |     tuple-ids=19 row-size=39B cardinality=1.35K cost=290
|  |     in pipelines: 26(GETNEXT)
|  |
|  28:HASH JOIN [INNER JOIN, BROADCAST]
|  |  hash-table-id=02
|  |  hash predicates: ss_item_sk = i_item_sk
|  |  fk/pk conjuncts: ss_item_sk = i_item_sk
|  |  mem-estimate=0B mem-reservation=0B spill-buffer=2.00MB thread-reservation=0
|  |  tuple-ids=17,18,16 row-size=78B cardinality=2.05G cost=899626143
|  |  in pipelines: 24(GETNEXT), 23(OPEN)
|  |
|  |--F18:PLAN FRAGMENT [RANDOM] hosts=10 instances=10
|  |  |  Per-Instance Resources: mem-estimate=419.21MB mem-reservation=409.00MB thread-reservation=1 runtime-filters-memory=1.00MB
|  |  |  max-parallelism=10 segment-costs=[838440]
|  |  JOIN BUILD
|  |  |  join-table-id=02 plan-id=03 cohort-id=02
|  |  |  build expressions: i_item_sk
|  |  |  runtime filters: RF014[bloom] <- i_item_sk, RF015[min_max] <- i_item_sk
|  |  |  mem-estimate=408.00MB mem-reservation=408.00MB spill-buffer=2.00MB thread-reservation=0 cost=360000
|  |  |
|  |  48:EXCHANGE [BROADCAST]
|  |  |  mem-estimate=10.21MB mem-reservation=0B thread-reservation=0
|  |  |  tuple-ids=16 row-size=50B cardinality=360.00K cost=478440
|  |  |  in pipelines: 23(GETNEXT)
|  |  |
|  |  F12:PLAN FRAGMENT [RANDOM] hosts=4 instances=4
|  |  Per-Instance Resources: mem-estimate=16.21MB mem-reservation=512.00KB thread-reservation=1
|  |  max-parallelism=4 segment-costs=[191555]
|  |  23:SCAN HDFS [tpcds_partitioned_parquet_snap.item, RANDOM]
|  |     HDFS partitions=1/1 files=1 size=33.54MB
|  |     stored statistics:
|  |       table: rows=360.00K size=33.54MB
|  |       columns: all
|  |     extrapolated-rows=disabled max-scan-range-rows=101.54K
|  |     mem-estimate=16.00MB mem-reservation=512.00KB thread-reservation=0
|  |     tuple-ids=16 row-size=50B cardinality=360.00K cost=135117
|  |     in pipelines: 23(GETNEXT)
|  |
|  27:HASH JOIN [INNER JOIN, BROADCAST]
|  |  hash-table-id=03
|  |  hash predicates: ss_sold_date_sk = d_date_sk
|  |  fk/pk conjuncts: ss_sold_date_sk = d_date_sk
|  |  mem-estimate=0B mem-reservation=0B spill-buffer=64.00KB thread-reservation=0
|  |  tuple-ids=17,18 row-size=28B cardinality=2.06G cost=899812303
|  |  in pipelines: 24(GETNEXT), 25(OPEN)
|  |
|  |--F19:PLAN FRAGMENT [RANDOM] hosts=10 instances=10
|  |  |  Per-Instance Resources: mem-estimate=24.27MB mem-reservation=24.25MB thread-reservation=1 runtime-filters-memory=1.00MB
|  |  |  max-parallelism=10 segment-costs=[1004]
|  |  JOIN BUILD
|  |  |  join-table-id=03 plan-id=04 cohort-id=02
|  |  |  build expressions: d_date_sk
|  |  |  runtime filters: RF016[bloom] <- d_date_sk
|  |  |  mem-estimate=23.25MB mem-reservation=23.25MB spill-buffer=64.00KB thread-reservation=0 cost=434
|  |  |
|  |  47:EXCHANGE [BROADCAST]
|  |  |  mem-estimate=16.00KB mem-reservation=0B thread-reservation=0
|  |  |  tuple-ids=18 row-size=12B cardinality=434 cost=570
|  |  |  in pipelines: 25(GETNEXT)
|  |  |
|  |  F11:PLAN FRAGMENT [RANDOM] hosts=1 instances=1
|  |  Per-Instance Resources: mem-estimate=20.06MB mem-reservation=4.50MB thread-reservation=1
|  |  max-parallelism=1 segment-costs=[14698]
|  |  56:TUPLE CACHE
|  |  |  cache key: 364784a46549b04976422b16bfae0cdc
|  |  |  input scan node ids: 25
|  |  |  estimated serialized size: 6.78KB
|  |  |  estimated serialized size per node: 6.78KB
|  |  |  cumulative processing cost: 14675
|  |  |  cache read processing cost: 57
|  |  |  cache write processing cost: 18
|  |  |  mem-estimate=4.00MB mem-reservation=4.00MB spill-buffer=2.00MB thread-reservation=0
|  |  |  tuple-ids=18 row-size=12B cardinality=434 cost=0
|  |  |  in pipelines: 25(GETNEXT)
|  |  |
|  |  25:SCAN HDFS [tpcds_partitioned_parquet_snap.date_dim, RANDOM]
|  |     HDFS partitions=1/1 files=1 size=2.17MB
|  |     deterministic scan range assignment: true
|  |     schedule scan ranges oldest to newest: true
|  |     predicates: (d_year = CAST(2001 AS INT) OR (d_year = CAST(2000 AS INT) AND d_moy = CAST(12 AS INT)) OR (d_year = CAST(2002 AS INT) AND d_moy = CAST(1 AS INT)))
|  |     stored statistics:
|  |       table: rows=73.05K size=2.17MB
|  |       columns: all
|  |     extrapolated-rows=disabled max-scan-range-rows=73.05K
|  |     mem-estimate=16.00MB mem-reservation=512.00KB thread-reservation=0
|  |     tuple-ids=18 row-size=12B cardinality=434 cost=14675
|  |     in pipelines: 25(GETNEXT)
|  |
|  24:SCAN HDFS [tpcds_partitioned_parquet_snap.store_sales, RANDOM]
|     HDFS partitions=1824/1824 files=1824 size=389.90GB
|     runtime filters: RF015[min_max] -> ss_item_sk, RF013[min_max] -> ss_store_sk, RF016[bloom] -> ss_sold_date_sk, RF014[bloom] -> ss_item_sk, RF012[bloom] -> ss_store_sk
|     stored statistics:
|       table: rows=8.64G size=389.90GB
|       partitions: 1824/1824 rows=8.64G
|       columns: all
|     extrapolated-rows=disabled max-scan-range-rows=390.22M est-scan-range=434(filtered from 1824)
|     mem-estimate=16.00MB mem-reservation=8.00MB thread-reservation=0
|     tuple-ids=17 row-size=16B cardinality=2.06G(filtered from 8.64G) cost=473650342
|     in pipelines: 24(GETNEXT)
|
33:HASH JOIN [INNER JOIN, BROADCAST]
|  hash-table-id=04
|  hash predicates: rank() + 1 = rank(), s_store_name = s_store_name, i_category = i_category, s_company_name = s_company_name, i_brand = i_brand
|  fk/pk conjuncts: none
|  mem-estimate=0B mem-reservation=0B spill-buffer=2.00MB thread-reservation=0
|  tuple-ids=44,43,36,31 row-size=242B cardinality=61.67G cost=11216871620
|  in pipelines: 21(GETNEXT), 10(OPEN)
|
|--F20:PLAN FRAGMENT [HASH(i_category,i_brand,s_store_name,s_company_name)] hosts=10 instances=10
|  |  Per-Instance Resources: mem-estimate=434.06MB mem-reservation=408.00MB thread-reservation=1
|  |  max-parallelism=10 segment-costs=[610696] cpu-comparison-result=120 [max(10 (self) vs 120 (sum children))]
|  JOIN BUILD
|  |  join-table-id=04 plan-id=05 cohort-id=01
|  |  build expressions: rank(), s_store_name, i_category, s_company_name, i_brand
|  |  mem-estimate=408.00MB mem-reservation=408.00MB spill-buffer=2.00MB thread-reservation=0 cost=262216
|  |
|  46:EXCHANGE [BROADCAST]
|  |  mem-estimate=26.06MB mem-reservation=0B thread-reservation=0
|  |  tuple-ids=36,31 row-size=129B cardinality=262.22K cost=348480
|  |  in pipelines: 10(GETNEXT)
|  |
|  F09:PLAN FRAGMENT [HASH(i_category,i_brand,s_store_name,s_company_name)] hosts=10 instances=120
|  Per-Instance Resources: mem-estimate=294.75MB mem-reservation=54.00MB thread-reservation=1
|  max-parallelism=460 segment-costs=[4574417160, 808510335, 1027591587, 650195459] cpu-comparison-result=120 [max(120 (self) vs 120 (sum children))]
|  12:SELECT
|  |  predicates: d_year = CAST(2001 AS INT), avg(sum(ss_sales_price)) > CAST(0 AS DECIMAL(3,0)), CASE WHEN avg(sum(ss_sales_price)) > CAST(0 AS DECIMAL(3,0)) THEN abs(sum(ss_sales_price) - avg(sum(ss_sales_price))) / avg(sum(ss_sales_price)) ELSE NULL END > CAST(0.1 AS DECIMAL(1,1))
|  |  mem-estimate=0B mem-reservation=0B thread-reservation=0
|  |  tuple-ids=36,31 row-size=129B cardinality=262.22K cost=487569600
|  |  in pipelines: 10(GETNEXT)
|  |
|  11:ANALYTIC
|  |  functions: avg(sum(ss_sales_price))
|  |  partition by: i_category, i_brand, s_store_name, s_company_name, d_year
|  |  mem-estimate=4.00MB mem-reservation=4.00MB spill-buffer=2.00MB thread-reservation=0
|  |  tuple-ids=36,31 row-size=129B cardinality=162.52M cost=162523200
|  |  in pipelines: 10(GETNEXT)
|  |
|  10:SORT
|  |  order by: i_category ASC NULLS LAST, i_brand ASC NULLS LAST, s_store_name ASC NULLS LAST, s_company_name ASC NULLS LAST, d_year ASC NULLS LAST
|  |  mem-estimate=145.96MB mem-reservation=12.00MB spill-buffer=2.00MB thread-reservation=0
|  |  tuple-ids=36 row-size=113B cardinality=162.52M cost=865068387
|  |  in pipelines: 10(GETNEXT), 08(OPEN)
|  |
|  09:ANALYTIC
|  |  functions: rank()
|  |  partition by: i_category, i_brand, s_store_name, s_company_name
|  |  order by: d_year ASC, d_moy ASC
|  |  window: RANGE BETWEEN UNBOUNDED PRECEDING AND CURRENT ROW
|  |  mem-estimate=4.00MB mem-reservation=4.00MB spill-buffer=2.00MB thread-reservation=0
|  |  tuple-ids=34,33 row-size=113B cardinality=162.52M cost=162523200
|  |  in pipelines: 08(GETNEXT)
|  |
|  08:SORT
|  |  order by: i_category ASC NULLS LAST, i_brand ASC NULLS LAST, s_store_name ASC NULLS LAST, s_company_name ASC NULLS LAST, d_year ASC, d_moy ASC
|  |  mem-estimate=135.62MB mem-reservation=12.00MB spill-buffer=2.00MB thread-reservation=0
|  |  tuple-ids=34 row-size=105B cardinality=162.52M cost=808510335
|  |  in pipelines: 08(GETNEXT), 45(OPEN)
|  |
|  45:AGGREGATE [FINALIZE]
|  |  output: sum:merge(ss_sales_price)
|  |  group by: i_category, i_brand, s_store_name, s_company_name, d_year, d_moy
|  |  mem-estimate=151.12MB mem-reservation=34.00MB spill-buffer=2.00MB thread-reservation=0
|  |  tuple-ids=4 row-size=105B cardinality=162.52M cost=3415769212
|  |  in pipelines: 45(GETNEXT), 01(OPEN)
|  |
|  44:EXCHANGE [HASH(i_category,i_brand,s_store_name,s_company_name)]
|  |  mem-estimate=22.77MB mem-reservation=0B thread-reservation=0
|  |  tuple-ids=4 row-size=105B cardinality=1.95G cost=1158647948
|  |  in pipelines: 01(GETNEXT)
|  |
|  F05:PLAN FRAGMENT [RANDOM] hosts=10 instances=120
|  Per-Host Shared Resources: mem-estimate=3.00MB mem-reservation=3.00MB thread-reservation=0 runtime-filters-memory=3.00MB
|  Per-Instance Resources: mem-estimate=607.88MB mem-reservation=42.00MB thread-reservation=1
|  max-parallelism=434 segment-costs=[14827402635, 14192463331] cpu-comparison-result=120 [max(120 (self) vs 36 (sum children))]
|  07:AGGREGATE [STREAMING]
|  |  output: sum(ss_sales_price)
|  |  group by: i_category, i_brand, s_store_name, s_company_name, d_year, d_moy
|  |  mem-estimate=540.78MB mem-reservation=34.00MB spill-buffer=2.00MB thread-reservation=0
|  |  tuple-ids=4 row-size=105B cardinality=1.95G cost=11654951225
|  |  in pipelines: 01(GETNEXT)
|  |
|  06:HASH JOIN [INNER JOIN, BROADCAST]
|  |  hash-table-id=05
|  |  hash predicates: ss_store_sk = s_store_sk
|  |  fk/pk conjuncts: ss_store_sk = s_store_sk
|  |  mem-estimate=0B mem-reservation=0B spill-buffer=64.00KB thread-reservation=0
|  |  tuple-ids=1,2,0,3 row-size=117B cardinality=2.05G cost=899362622
|  |  in pipelines: 01(GETNEXT), 03(OPEN)
|  |
|  |--F21:PLAN FRAGMENT [RANDOM] hosts=10 instances=10
|  |  |  Per-Instance Resources: mem-estimate=24.34MB mem-reservation=24.25MB thread-reservation=1 runtime-filters-memory=1.00MB
|  |  |  max-parallelism=10 segment-costs=[3140]
|  |  JOIN BUILD
|  |  |  join-table-id=05 plan-id=06 cohort-id=03
|  |  |  build expressions: s_store_sk
|  |  |  runtime filters: RF006[bloom] <- s_store_sk, RF007[min_max] <- s_store_sk
|  |  |  mem-estimate=23.25MB mem-reservation=23.25MB spill-buffer=64.00KB thread-reservation=0 cost=1350
|  |  |
|  |  43:EXCHANGE [BROADCAST]
|  |  |  mem-estimate=94.28KB mem-reservation=0B thread-reservation=0
|  |  |  tuple-ids=3 row-size=39B cardinality=1.35K cost=1790
|  |  |  in pipelines: 03(GETNEXT)
|  |  |
|  |  F08:PLAN FRAGMENT [RANDOM] hosts=1 instances=1
|  |  Per-Instance Resources: mem-estimate=16.17MB mem-reservation=24.00KB thread-reservation=1
|  |  max-parallelism=1 segment-costs=[461]
|  |  03:SCAN HDFS [tpcds_partitioned_parquet_snap.store, RANDOM]
|  |     HDFS partitions=1/1 files=1 size=119.76KB
|  |     stored statistics:
|  |       table: rows=1.35K size=119.76KB
|  |       columns: all
|  |     extrapolated-rows=disabled max-scan-range-rows=1.35K
|  |     mem-estimate=16.00MB mem-reservation=24.00KB thread-reservation=0
|  |     tuple-ids=3 row-size=39B cardinality=1.35K cost=290
|  |     in pipelines: 03(GETNEXT)
|  |
|  05:HASH JOIN [INNER JOIN, BROADCAST]
|  |  hash-table-id=06
|  |  hash predicates: ss_item_sk = i_item_sk
|  |  fk/pk conjuncts: ss_item_sk = i_item_sk
|  |  mem-estimate=0B mem-reservation=0B spill-buffer=2.00MB thread-reservation=0
|  |  tuple-ids=1,2,0 row-size=78B cardinality=2.05G cost=899626143
|  |  in pipelines: 01(GETNEXT), 00(OPEN)
|  |
|  |--F22:PLAN FRAGMENT [RANDOM] hosts=10 instances=10
|  |  |  Per-Instance Resources: mem-estimate=419.21MB mem-reservation=409.00MB thread-reservation=1 runtime-filters-memory=1.00MB
|  |  |  max-parallelism=10 segment-costs=[838440]
|  |  JOIN BUILD
|  |  |  join-table-id=06 plan-id=07 cohort-id=03
|  |  |  build expressions: i_item_sk
|  |  |  runtime filters: RF008[bloom] <- i_item_sk, RF009[min_max] <- i_item_sk
|  |  |  mem-estimate=408.00MB mem-reservation=408.00MB spill-buffer=2.00MB thread-reservation=0 cost=360000
|  |  |
|  |  42:EXCHANGE [BROADCAST]
|  |  |  mem-estimate=10.21MB mem-reservation=0B thread-reservation=0
|  |  |  tuple-ids=0 row-size=50B cardinality=360.00K cost=478440
|  |  |  in pipelines: 00(GETNEXT)
|  |  |
|  |  F07:PLAN FRAGMENT [RANDOM] hosts=4 instances=4
|  |  Per-Instance Resources: mem-estimate=16.21MB mem-reservation=512.00KB thread-reservation=1
|  |  max-parallelism=4 segment-costs=[191555]
|  |  00:SCAN HDFS [tpcds_partitioned_parquet_snap.item, RANDOM]
|  |     HDFS partitions=1/1 files=1 size=33.54MB
|  |     stored statistics:
|  |       table: rows=360.00K size=33.54MB
|  |       columns: all
|  |     extrapolated-rows=disabled max-scan-range-rows=101.54K
|  |     mem-estimate=16.00MB mem-reservation=512.00KB thread-reservation=0
|  |     tuple-ids=0 row-size=50B cardinality=360.00K cost=135117
|  |     in pipelines: 00(GETNEXT)
|  |
|  04:HASH JOIN [INNER JOIN, BROADCAST]
|  |  hash-table-id=07
|  |  hash predicates: ss_sold_date_sk = d_date_sk
|  |  fk/pk conjuncts: ss_sold_date_sk = d_date_sk
|  |  mem-estimate=0B mem-reservation=0B spill-buffer=64.00KB thread-reservation=0
|  |  tuple-ids=1,2 row-size=28B cardinality=2.06G cost=899812303
|  |  in pipelines: 01(GETNEXT), 02(OPEN)
|  |
|  |--F23:PLAN FRAGMENT [RANDOM] hosts=10 instances=10
|  |  |  Per-Instance Resources: mem-estimate=24.27MB mem-reservation=24.25MB thread-reservation=1 runtime-filters-memory=1.00MB
|  |  |  max-parallelism=10 segment-costs=[1004]
|  |  JOIN BUILD
|  |  |  join-table-id=07 plan-id=08 cohort-id=03
|  |  |  build expressions: d_date_sk
|  |  |  runtime filters: RF010[bloom] <- d_date_sk
|  |  |  mem-estimate=23.25MB mem-reservation=23.25MB spill-buffer=64.00KB thread-reservation=0 cost=434
|  |  |
|  |  41:EXCHANGE [BROADCAST]
|  |  |  mem-estimate=16.00KB mem-reservation=0B thread-reservation=0
|  |  |  tuple-ids=2 row-size=12B cardinality=434 cost=570
|  |  |  in pipelines: 02(GETNEXT)
|  |  |
|  |  F06:PLAN FRAGMENT [RANDOM] hosts=1 instances=1
|  |  Per-Instance Resources: mem-estimate=20.06MB mem-reservation=4.50MB thread-reservation=1
|  |  max-parallelism=1 segment-costs=[14698]
|  |  55:TUPLE CACHE
|  |  |  cache key: 364784a46549b04976422b16bfae0cdc
|  |  |  input scan node ids: 2
|  |  |  estimated serialized size: 6.78KB
|  |  |  estimated serialized size per node: 6.78KB
|  |  |  cumulative processing cost: 14675
|  |  |  cache read processing cost: 57
|  |  |  cache write processing cost: 18
|  |  |  mem-estimate=4.00MB mem-reservation=4.00MB spill-buffer=2.00MB thread-reservation=0
|  |  |  tuple-ids=2 row-size=12B cardinality=434 cost=0
|  |  |  in pipelines: 02(GETNEXT)
|  |  |
|  |  02:SCAN HDFS [tpcds_partitioned_parquet_snap.date_dim, RANDOM]
|  |     HDFS partitions=1/1 files=1 size=2.17MB
|  |     deterministic scan range assignment: true
|  |     schedule scan ranges oldest to newest: true
|  |     predicates: (d_year = CAST(2001 AS INT) OR (d_year = CAST(2000 AS INT) AND d_moy = CAST(12 AS INT)) OR (d_year = CAST(2002 AS INT) AND d_moy = CAST(1 AS INT)))
|  |     stored statistics:
|  |       table: rows=73.05K size=2.17MB
|  |       columns: all
|  |     extrapolated-rows=disabled max-scan-range-rows=73.05K
|  |     mem-estimate=16.00MB mem-reservation=512.00KB thread-reservation=0
|  |     tuple-ids=2 row-size=12B cardinality=434 cost=14675
|  |     in pipelines: 02(GETNEXT)
|  |
|  01:SCAN HDFS [tpcds_partitioned_parquet_snap.store_sales, RANDOM]
|     HDFS partitions=1824/1824 files=1824 size=389.90GB
|     runtime filters: RF009[min_max] -> ss_item_sk, RF007[min_max] -> ss_store_sk, RF010[bloom] -> ss_sold_date_sk, RF008[bloom] -> ss_item_sk, RF006[bloom] -> ss_store_sk
|     stored statistics:
|       table: rows=8.64G size=389.90GB
|       partitions: 1824/1824 rows=8.64G
|       columns: all
|     extrapolated-rows=disabled max-scan-range-rows=390.22M est-scan-range=434(filtered from 1824)
|     mem-estimate=16.00MB mem-reservation=8.00MB thread-reservation=0
|     tuple-ids=1 row-size=16B cardinality=2.06G(filtered from 8.64G) cost=473650342
|     in pipelines: 01(GETNEXT)
|
22:ANALYTIC
|  functions: rank()
|  partition by: i_category, i_brand, s_store_name, s_company_name
|  order by: d_year ASC, d_moy ASC
|  window: RANGE BETWEEN UNBOUNDED PRECEDING AND CURRENT ROW
|  mem-estimate=4.00MB mem-reservation=4.00MB spill-buffer=2.00MB thread-reservation=0
|  tuple-ids=44,43 row-size=113B cardinality=162.52M cost=162523200
|  in pipelines: 21(GETNEXT)
|
21:SORT
|  order by: i_category ASC NULLS LAST, i_brand ASC NULLS LAST, s_store_name ASC NULLS LAST, s_company_name ASC NULLS LAST, d_year ASC, d_moy ASC
|  mem-estimate=135.62MB mem-reservation=12.00MB spill-buffer=2.00MB thread-reservation=0
|  tuple-ids=44 row-size=105B cardinality=162.52M cost=808510335
|  in pipelines: 21(GETNEXT), 40(OPEN)
|
40:AGGREGATE [FINALIZE]
|  output: sum:merge(ss_sales_price)
|  group by: i_category, i_brand, s_store_name, s_company_name, d_year, d_moy
|  mem-estimate=151.12MB mem-reservation=34.00MB spill-buffer=2.00MB thread-reservation=0
|  tuple-ids=12 row-size=105B cardinality=162.52M cost=3415769212
|  in pipelines: 40(GETNEXT), 14(OPEN)
|
39:EXCHANGE [HASH(i_category,i_brand,s_store_name,s_company_name)]
|  mem-estimate=22.77MB mem-reservation=0B thread-reservation=0
|  tuple-ids=12 row-size=105B cardinality=1.95G cost=1158647948
|  in pipelines: 14(GETNEXT)
|
F00:PLAN FRAGMENT [RANDOM] hosts=10 instances=120
Per-Host Shared Resources: mem-estimate=3.00MB mem-reservation=3.00MB thread-reservation=0 runtime-filters-memory=3.00MB
Per-Instance Resources: mem-estimate=607.88MB mem-reservation=42.00MB thread-reservation=1
max-parallelism=434 segment-costs=[14827402635, 14192463331] cpu-comparison-result=120 [max(120 (self) vs 36 (sum children))]
20:AGGREGATE [STREAMING]
|  output: sum(ss_sales_price)
|  group by: i_category, i_brand, s_store_name, s_company_name, d_year, d_moy
|  mem-estimate=540.78MB mem-reservation=34.00MB spill-buffer=2.00MB thread-reservation=0
|  tuple-ids=12 row-size=105B cardinality=1.95G cost=11654951225
|  in pipelines: 14(GETNEXT)
|
19:HASH JOIN [INNER JOIN, BROADCAST]
|  hash-table-id=08
|  hash predicates: ss_store_sk = s_store_sk
|  fk/pk conjuncts: ss_store_sk = s_store_sk
|  mem-estimate=0B mem-reservation=0B spill-buffer=64.00KB thread-reservation=0
|  tuple-ids=9,10,8,11 row-size=117B cardinality=2.05G cost=899362622
|  in pipelines: 14(GETNEXT), 16(OPEN)
|
|--F24:PLAN FRAGMENT [RANDOM] hosts=10 instances=10
|  |  Per-Instance Resources: mem-estimate=24.34MB mem-reservation=24.25MB thread-reservation=1 runtime-filters-memory=1.00MB
|  |  max-parallelism=10 segment-costs=[3140]
|  JOIN BUILD
|  |  join-table-id=08 plan-id=09 cohort-id=01
|  |  build expressions: s_store_sk
|  |  runtime filters: RF000[bloom] <- s_store_sk, RF001[min_max] <- s_store_sk
|  |  mem-estimate=23.25MB mem-reservation=23.25MB spill-buffer=64.00KB thread-reservation=0 cost=1350
|  |
|  38:EXCHANGE [BROADCAST]
|  |  mem-estimate=94.28KB mem-reservation=0B thread-reservation=0
|  |  tuple-ids=11 row-size=39B cardinality=1.35K cost=1790
|  |  in pipelines: 16(GETNEXT)
|  |
|  F03:PLAN FRAGMENT [RANDOM] hosts=1 instances=1
|  Per-Instance Resources: mem-estimate=16.17MB mem-reservation=24.00KB thread-reservation=1
|  max-parallelism=1 segment-costs=[461]
|  16:SCAN HDFS [tpcds_partitioned_parquet_snap.store, RANDOM]
|     HDFS partitions=1/1 files=1 size=119.76KB
|     stored statistics:
|       table: rows=1.35K size=119.76KB
|       columns: all
|     extrapolated-rows=disabled max-scan-range-rows=1.35K
|     mem-estimate=16.00MB mem-reservation=24.00KB thread-reservation=0
|     tuple-ids=11 row-size=39B cardinality=1.35K cost=290
|     in pipelines: 16(GETNEXT)
|
18:HASH JOIN [INNER JOIN, BROADCAST]
|  hash-table-id=09
|  hash predicates: ss_item_sk = i_item_sk
|  fk/pk conjuncts: ss_item_sk = i_item_sk
|  mem-estimate=0B mem-reservation=0B spill-buffer=2.00MB thread-reservation=0
|  tuple-ids=9,10,8 row-size=78B cardinality=2.05G cost=899626143
|  in pipelines: 14(GETNEXT), 13(OPEN)
|
|--F25:PLAN FRAGMENT [RANDOM] hosts=10 instances=10
|  |  Per-Instance Resources: mem-estimate=419.21MB mem-reservation=409.00MB thread-reservation=1 runtime-filters-memory=1.00MB
|  |  max-parallelism=10 segment-costs=[838440]
|  JOIN BUILD
|  |  join-table-id=09 plan-id=10 cohort-id=01
|  |  build expressions: i_item_sk
|  |  runtime filters: RF002[bloom] <- i_item_sk, RF003[min_max] <- i_item_sk
|  |  mem-estimate=408.00MB mem-reservation=408.00MB spill-buffer=2.00MB thread-reservation=0 cost=360000
|  |
|  37:EXCHANGE [BROADCAST]
|  |  mem-estimate=10.21MB mem-reservation=0B thread-reservation=0
|  |  tuple-ids=8 row-size=50B cardinality=360.00K cost=478440
|  |  in pipelines: 13(GETNEXT)
|  |
|  F02:PLAN FRAGMENT [RANDOM] hosts=4 instances=4
|  Per-Instance Resources: mem-estimate=16.21MB mem-reservation=512.00KB thread-reservation=1
|  max-parallelism=4 segment-costs=[191555]
|  13:SCAN HDFS [tpcds_partitioned_parquet_snap.item, RANDOM]
|     HDFS partitions=1/1 files=1 size=33.54MB
|     stored statistics:
|       table: rows=360.00K size=33.54MB
|       columns: all
|     extrapolated-rows=disabled max-scan-range-rows=101.54K
|     mem-estimate=16.00MB mem-reservation=512.00KB thread-reservation=0
|     tuple-ids=8 row-size=50B cardinality=360.00K cost=135117
|     in pipelines: 13(GETNEXT)
|
17:HASH JOIN [INNER JOIN, BROADCAST]
|  hash-table-id=10
|  hash predicates: ss_sold_date_sk = d_date_sk
|  fk/pk conjuncts: ss_sold_date_sk = d_date_sk
|  mem-estimate=0B mem-reservation=0B spill-buffer=64.00KB thread-reservation=0
|  tuple-ids=9,10 row-size=28B cardinality=2.06G cost=899812303
|  in pipelines: 14(GETNEXT), 15(OPEN)
|
|--F26:PLAN FRAGMENT [RANDOM] hosts=10 instances=10
|  |  Per-Instance Resources: mem-estimate=24.27MB mem-reservation=24.25MB thread-reservation=1 runtime-filters-memory=1.00MB
|  |  max-parallelism=10 segment-costs=[1004]
|  JOIN BUILD
|  |  join-table-id=10 plan-id=11 cohort-id=01
|  |  build expressions: d_date_sk
|  |  runtime filters: RF004[bloom] <- d_date_sk
|  |  mem-estimate=23.25MB mem-reservation=23.25MB spill-buffer=64.00KB thread-reservation=0 cost=434
|  |
|  36:EXCHANGE [BROADCAST]
|  |  mem-estimate=16.00KB mem-reservation=0B thread-reservation=0
|  |  tuple-ids=10 row-size=12B cardinality=434 cost=570
|  |  in pipelines: 15(GETNEXT)
|  |
|  F01:PLAN FRAGMENT [RANDOM] hosts=1 instances=1
|  Per-Instance Resources: mem-estimate=20.06MB mem-reservation=4.50MB thread-reservation=1
|  max-parallelism=1 segment-costs=[14698]
|  54:TUPLE CACHE
|  |  cache key: 364784a46549b04976422b16bfae0cdc
|  |  input scan node ids: 15
|  |  estimated serialized size: 6.78KB
|  |  estimated serialized size per node: 6.78KB
|  |  cumulative processing cost: 14675
|  |  cache read processing cost: 57
|  |  cache write processing cost: 18
|  |  mem-estimate=4.00MB mem-reservation=4.00MB spill-buffer=2.00MB thread-reservation=0
|  |  tuple-ids=10 row-size=12B cardinality=434 cost=0
|  |  in pipelines: 15(GETNEXT)
|  |
|  15:SCAN HDFS [tpcds_partitioned_parquet_snap.date_dim, RANDOM]
|     HDFS partitions=1/1 files=1 size=2.17MB
|     deterministic scan range assignment: true
|     schedule scan ranges oldest to newest: true
|     predicates: (d_year = CAST(2001 AS INT) OR (d_year = CAST(2000 AS INT) AND d_moy = CAST(12 AS INT)) OR (d_year = CAST(2002 AS INT) AND d_moy = CAST(1 AS INT)))
|     stored statistics:
|       table: rows=73.05K size=2.17MB
|       columns: all
|     extrapolated-rows=disabled max-scan-range-rows=73.05K
|     mem-estimate=16.00MB mem-reservation=512.00KB thread-reservation=0
|     tuple-ids=10 row-size=12B cardinality=434 cost=14675
|     in pipelines: 15(GETNEXT)
|
14:SCAN HDFS [tpcds_partitioned_parquet_snap.store_sales, RANDOM]
   HDFS partitions=1824/1824 files=1824 size=389.90GB
   runtime filters: RF003[min_max] -> ss_item_sk, RF001[min_max] -> ss_store_sk, RF004[bloom] -> ss_sold_date_sk, RF002[bloom] -> ss_item_sk, RF000[bloom] -> ss_store_sk
   stored statistics:
     table: rows=8.64G size=389.90GB
     partitions: 1824/1824 rows=8.64G
     columns: all
   extrapolated-rows=disabled max-scan-range-rows=390.22M est-scan-range=434(filtered from 1824)
   mem-estimate=16.00MB mem-reservation=8.00MB thread-reservation=0
   tuple-ids=9 row-size=16B cardinality=2.06G(filtered from 8.64G) cost=473650342
   in pipelines: 14(GETNEXT)
====
