# TPCDS-Q63
# start query 63 in stream 0 using template query63.tpl using seed 1154327231
select  *
from (select i_manager_id
             ,sum(ss_sales_price) sum_sales
             ,avg(sum(ss_sales_price)) over (partition by i_manager_id) avg_monthly_sales
      from item
          ,store_sales
          ,date_dim
          ,store
      where ss_item_sk = i_item_sk
        and ss_sold_date_sk = d_date_sk
        and ss_store_sk = s_store_sk
        and d_month_seq in (1205,1205+1,1205+2,1205+3,1205+4,1205+5,1205+6,1205+7,1205+8,1205+9,1205+10,1205+11)
        and ((    i_category in ('Books','Children','Electronics')
              and i_class in ('personal','portable','reference','self-help')
              and i_brand in ('scholaramalgamalg #14','scholaramalgamalg #7',
		                  'exportiunivamalg #9','scholaramalgamalg #9'))
           or(    i_category in ('Women','Music','Men')
              and i_class in ('accessories','classical','fragrances','pants')
              and i_brand in ('amalgimporto #1','edu packscholar #1','exportiimporto #1',
		                 'importoamalg #1')))
group by i_manager_id, d_moy) tmp1
where case when avg_monthly_sales > 0 then abs (sum_sales - avg_monthly_sales) / avg_monthly_sales else null end > 0.1
order by i_manager_id
        ,avg_monthly_sales
        ,sum_sales
limit 100;

# end query 63 in stream 0 using template query63.tpl
---- PLAN
Max Per-Host Resource Reservation: Memory=49.83MB Threads=1
Per-Host Resource Estimates: Memory=105MB
F00:PLAN FRAGMENT [UNPARTITIONED] hosts=1 instances=1
|  Per-Instance Resources: mem-estimate=104.81MB mem-reservation=49.83MB thread-reservation=1 runtime-filters-memory=3.00MB
|  max-parallelism=1 segment-costs=[396130771, 1723, 2838, 300]
PLAN-ROOT SINK
|  output exprs: i_manager_id, sum_sales, avg_monthly_sales
|  mem-estimate=4.00MB mem-reservation=4.00MB spill-buffer=2.00MB thread-reservation=0 cost=300
|
11:TOP-N [LIMIT=100]
|  order by: i_manager_id ASC, avg_monthly_sales ASC, sum_sales ASC
|  mem-estimate=3.52KB mem-reservation=0B thread-reservation=0
|  tuple-ids=8 row-size=36B cardinality=100 cost=462
|  in pipelines: 11(GETNEXT), 08(OPEN)
|
10:SELECT
|  predicates: CASE WHEN avg(sum(ss_sales_price)) > CAST(0 AS DECIMAL(3,0)) THEN abs(sum(ss_sales_price) - avg(sum(ss_sales_price))) / avg(sum(ss_sales_price)) ELSE NULL END > CAST(0.1 AS DECIMAL(1,1))
|  mem-estimate=0B mem-reservation=0B thread-reservation=0
|  tuple-ids=15,14 row-size=40B cardinality=119 cost=1188
|  in pipelines: 08(GETNEXT)
|
09:ANALYTIC
|  functions: avg(sum(ss_sales_price))
|  partition by: i_manager_id
|  mem-estimate=4.00MB mem-reservation=4.00MB spill-buffer=2.00MB thread-reservation=0
|  tuple-ids=15,14 row-size=40B cardinality=1.19K cost=1188
|  in pipelines: 08(GETNEXT)
|
08:SORT
|  order by: i_manager_id ASC NULLS LAST
|  mem-estimate=6.00MB mem-reservation=6.00MB spill-buffer=2.00MB thread-reservation=0
|  tuple-ids=15 row-size=24B cardinality=1.19K cost=1723
|  in pipelines: 08(GETNEXT), 07(OPEN)
|
18:TUPLE CACHE
|  cache key: 27efba97a1a89616cd14a7b553c7ed62
|  input scan node ids: 1,0,2,3
|  estimated serialized size: 32.48KB
|  estimated serialized size per node: 3.25KB
|  cumulative processing cost: 396130771
|  cache read processing cost: 157
|  cache write processing cost: 89
|  mem-estimate=4.00MB mem-reservation=4.00MB spill-buffer=2.00MB thread-reservation=0
|  tuple-ids=4 row-size=24B cardinality=1.19K cost=0
|  in pipelines: 07(GETNEXT)
|
07:AGGREGATE [FINALIZE]
|  output: sum(ss_sales_price)
|  group by: i_manager_id, d_moy
|  mem-estimate=10.00MB mem-reservation=1.94MB spill-buffer=64.00KB thread-reservation=0
|  tuple-ids=4 row-size=24B cardinality=1.19K cost=339009
|  in pipelines: 07(GETNEXT), 01(OPEN)
|
17:TUPLE CACHE
|  cache key: 1e126bff1afdabbf53ba72089127d1da
|  input scan node ids: 1,0,2,3
|  estimated serialized size: 28.22MB
|  estimated serialized size per node: 2.82MB
|  cumulative processing cost: 395791762
|  cache read processing cost: 32267
|  cache write processing cost: 79881
|  mem-estimate=4.00MB mem-reservation=4.00MB spill-buffer=2.00MB thread-reservation=0
|  tuple-ids=1,0,2,3 row-size=106B cardinality=242.80K cost=0
|  in pipelines: 01(GETNEXT)
|
06:HASH JOIN [INNER JOIN]
|  hash predicates: ss_store_sk = s_store_sk
|  fk/pk conjuncts: ss_store_sk = s_store_sk
|  runtime filters: RF000[bloom] <- s_store_sk, RF001[min_max] <- s_store_sk
|  mem-estimate=1.94MB mem-reservation=1.94MB spill-buffer=64.00KB thread-reservation=0
|  tuple-ids=1,0,2,3 row-size=106B cardinality=242.80K cost=107623
|  in pipelines: 01(GETNEXT), 03(OPEN)
|
|--03:SCAN HDFS [tpcds_partitioned_parquet_snap.store]
|     HDFS partitions=1/1 files=1 size=119.76KB
|     deterministic scan range assignment: true
|     schedule scan ranges oldest to newest: true
|     stored statistics:
|       table: rows=1.35K size=119.76KB
|       columns: all
|     extrapolated-rows=disabled max-scan-range-rows=1.35K
|     mem-estimate=16.00MB mem-reservation=16.00KB thread-reservation=0
|     tuple-ids=3 row-size=4B cardinality=1.35K cost=77
|     in pipelines: 03(GETNEXT)
|
16:TUPLE CACHE
|  cache key: 8ef086ac14380adcb996a3eed9408718
|  input scan node ids: 1,0,2
|  estimated serialized size: 26.36MB
|  estimated serialized size per node: 2.64MB
|  cumulative processing cost: 395684062
|  cache read processing cost: 32267
|  cache write processing cost: 74636
|  mem-estimate=4.00MB mem-reservation=4.00MB spill-buffer=2.00MB thread-reservation=0
|  tuple-ids=1,0,2 row-size=102B cardinality=242.80K cost=0
|  in pipelines: 01(GETNEXT)
|
05:HASH JOIN [INNER JOIN]
|  hash predicates: ss_sold_date_sk = d_date_sk
|  fk/pk conjuncts: ss_sold_date_sk = d_date_sk
|  runtime filters: RF002[bloom] <- d_date_sk
|  mem-estimate=1.94MB mem-reservation=1.94MB spill-buffer=64.00KB thread-reservation=0
|  tuple-ids=1,0,2 row-size=102B cardinality=242.80K cost=106635
|  in pipelines: 01(GETNEXT), 02(OPEN)
|
|--15:TUPLE CACHE
|  |  cache key: 17effbbfb22cb7245767b15c4d289a13
|  |  input scan node ids: 2
|  |  estimated serialized size: 5.66KB
|  |  estimated serialized size per node: 5.66KB
|  |  cumulative processing cost: 14675
|  |  cache read processing cost: 48
|  |  cache write processing cost: 15
|  |  mem-estimate=4.00MB mem-reservation=4.00MB spill-buffer=2.00MB thread-reservation=0
|  |  tuple-ids=2 row-size=12B cardinality=362 cost=0
|  |  in pipelines: 02(GETNEXT)
|  |
|  02:SCAN HDFS [tpcds_partitioned_parquet_snap.date_dim]
|     HDFS partitions=1/1 files=1 size=2.17MB
|     deterministic scan range assignment: true
|     schedule scan ranges oldest to newest: true
|     predicates: d_month_seq IN (CAST(1205 AS INT), CAST(1206 AS INT), CAST(1207 AS INT), CAST(1208 AS INT), CAST(1209 AS INT), CAST(1210 AS INT), CAST(1211 AS INT), CAST(1212 AS INT), CAST(1213 AS INT), CAST(1214 AS INT), CAST(1215 AS INT), CAST(1216 AS INT))
|     stored statistics:
|       table: rows=73.05K size=2.17MB
|       columns: all
|     extrapolated-rows=disabled max-scan-range-rows=73.05K
|     parquet statistics predicates: d_month_seq IN (CAST(1205 AS INT), CAST(1206 AS INT), CAST(1207 AS INT), CAST(1208 AS INT), CAST(1209 AS INT), CAST(1210 AS INT), CAST(1211 AS INT), CAST(1212 AS INT), CAST(1213 AS INT), CAST(1214 AS INT), CAST(1215 AS INT), CAST(1216 AS INT))
|     parquet dictionary predicates: d_month_seq IN (CAST(1205 AS INT), CAST(1206 AS INT), CAST(1207 AS INT), CAST(1208 AS INT), CAST(1209 AS INT), CAST(1210 AS INT), CAST(1211 AS INT), CAST(1212 AS INT), CAST(1213 AS INT), CAST(1214 AS INT), CAST(1215 AS INT), CAST(1216 AS INT))
|     mem-estimate=16.00MB mem-reservation=512.00KB thread-reservation=0
|     tuple-ids=2 row-size=12B cardinality=362 cost=14675
|     in pipelines: 02(GETNEXT)
|
14:TUPLE CACHE
|  cache key: 075d999db1bac1eea7da19c8f585ba6b
|  input scan node ids: 1,0
|  estimated serialized size: 22.66MB
|  estimated serialized size per node: 2.27MB
|  cumulative processing cost: 395562752
|  cache read processing cost: 32267
|  cache write processing cost: 64147
|  mem-estimate=4.00MB mem-reservation=4.00MB spill-buffer=2.00MB thread-reservation=0
|  tuple-ids=1,0 row-size=90B cardinality=242.80K(filtered from 1.22M) cost=0
|  in pipelines: 01(GETNEXT)
|
04:HASH JOIN [INNER JOIN]
|  hash predicates: ss_item_sk = i_item_sk
|  fk/pk conjuncts: ss_item_sk = i_item_sk
|  runtime filters: RF004[bloom] <- i_item_sk, RF005[min_max] <- i_item_sk
|  mem-estimate=1.94MB mem-reservation=1.94MB spill-buffer=64.00KB thread-reservation=0
|  tuple-ids=1,0 row-size=90B cardinality=242.80K(filtered from 1.22M) cost=284005
|  in pipelines: 01(GETNEXT), 00(OPEN)
|
|--13:TUPLE CACHE
|  |  cache key: a92e78c5cb9c81d0d5712693b69bbbba
|  |  input scan node ids: 0
|  |  estimated serialized size: 3.88KB
|  |  estimated serialized size per node: 992B
|  |  cumulative processing cost: 206342
|  |  cache read processing cost: 6
|  |  cache write processing cost: 10
|  |  mem-estimate=4.00MB mem-reservation=4.00MB spill-buffer=2.00MB thread-reservation=0
|  |  tuple-ids=0 row-size=74B cardinality=51 cost=0
|  |  in pipelines: 00(GETNEXT)
|  |
|  00:SCAN HDFS [tpcds_partitioned_parquet_snap.item]
|     HDFS partitions=1/1 files=1 size=33.54MB
|     deterministic scan range assignment: true
|     schedule scan ranges oldest to newest: true
|     predicates: ((i_category IN ('Books', 'Children', 'Electronics') AND i_class IN ('personal', 'portable', 'reference', 'self-help') AND i_brand IN ('scholaramalgamalg #14', 'scholaramalgamalg #7', 'exportiunivamalg #9', 'scholaramalgamalg #9')) OR (i_category IN ('Women', 'Music', 'Men') AND i_class IN ('accessories', 'classical', 'fragrances', 'pants') AND i_brand IN ('amalgimporto #1', 'edu packscholar #1', 'exportiimporto #1', 'importoamalg #1')))
|     stored statistics:
|       table: rows=360.00K size=33.54MB
|       columns: all
|     extrapolated-rows=disabled max-scan-range-rows=101.54K
|     mem-estimate=16.00MB mem-reservation=512.00KB thread-reservation=0
|     tuple-ids=0 row-size=74B cardinality=51 cost=206342
|     in pipelines: 00(GETNEXT)
|
12:TUPLE CACHE
|  cache key: a79fa1620a736e603f3e52a2291c8e4e
|  input scan node ids: 1
|  estimated serialized size: 4.63MB
|  estimated serialized size per node: 474.22KB
|  cumulative processing cost: 395072405
|  cache read processing cost: 32267
|  cache write processing cost: 13111
|  mem-estimate=4.00MB mem-reservation=4.00MB spill-buffer=2.00MB thread-reservation=0
|  tuple-ids=1 row-size=16B cardinality=242.80K(filtered from 8.64G) cost=0
|  in pipelines: 01(GETNEXT)
|
01:SCAN HDFS [tpcds_partitioned_parquet_snap.store_sales]
   HDFS partitions=1824/1824 files=1824 size=389.90GB
   deterministic scan range assignment: true
   schedule scan ranges oldest to newest: true
   runtime filters: RF001[min_max] -> ss_store_sk, RF005[min_max] -> ss_item_sk, RF000[bloom] -> ss_store_sk, RF002[bloom] -> ss_sold_date_sk, RF004[bloom] -> ss_item_sk
   stored statistics:
     table: rows=8.64G size=389.90GB
     partitions: 1824/1824 rows=8.64G
     columns: all
   extrapolated-rows=disabled max-scan-range-rows=390.22M est-scan-range=362(filtered from 1824)
   mem-estimate=16.00MB mem-reservation=8.00MB thread-reservation=0
   tuple-ids=1 row-size=16B cardinality=242.80K(filtered from 8.64G) cost=395072405
   in pipelines: 01(GETNEXT)
---- DISTRIBUTEDPLAN
Max Per-Host Resource Reservation: Memory=174.20MB Threads=13
Per-Host Resource Estimates: Memory=300MB
F06:PLAN FRAGMENT [UNPARTITIONED] hosts=1 instances=1
|  Per-Instance Resources: mem-estimate=4.04MB mem-reservation=4.00MB thread-reservation=1
|  max-parallelism=1 segment-costs=[332] cpu-comparison-result=40 [max(1 (self) vs 40 (sum children))]
PLAN-ROOT SINK
|  output exprs: i_manager_id, sum_sales, avg_monthly_sales
|  mem-estimate=4.00MB mem-reservation=4.00MB spill-buffer=2.00MB thread-reservation=0 cost=300
|
18:MERGING-EXCHANGE [UNPARTITIONED]
|  order by: i_manager_id ASC, avg_monthly_sales ASC, sum_sales ASC
|  limit: 100
|  mem-estimate=39.41KB mem-reservation=0B thread-reservation=0
|  tuple-ids=8 row-size=36B cardinality=100 cost=32
|  in pipelines: 11(GETNEXT)
|
F05:PLAN FRAGMENT [HASH(i_manager_id)] hosts=10 instances=10 (adjusted from 120)
Per-Instance Resources: mem-estimate=10.28MB mem-reservation=10.00MB thread-reservation=1
max-parallelism=10 segment-costs=[1986, 2838, 125] cpu-comparison-result=40 [max(10 (self) vs 40 (sum children))]
11:TOP-N [LIMIT=100]
|  order by: i_manager_id ASC, avg_monthly_sales ASC, sum_sales ASC
|  mem-estimate=3.52KB mem-reservation=0B thread-reservation=0
|  tuple-ids=8 row-size=36B cardinality=100 cost=462
|  in pipelines: 11(GETNEXT), 08(OPEN)
|
10:SELECT
|  predicates: CASE WHEN avg(sum(ss_sales_price)) > CAST(0 AS DECIMAL(3,0)) THEN abs(sum(ss_sales_price) - avg(sum(ss_sales_price))) / avg(sum(ss_sales_price)) ELSE NULL END > CAST(0.1 AS DECIMAL(1,1))
|  mem-estimate=0B mem-reservation=0B thread-reservation=0
|  tuple-ids=15,14 row-size=40B cardinality=119 cost=1188
|  in pipelines: 08(GETNEXT)
|
09:ANALYTIC
|  functions: avg(sum(ss_sales_price))
|  partition by: i_manager_id
|  mem-estimate=4.00MB mem-reservation=4.00MB spill-buffer=2.00MB thread-reservation=0
|  tuple-ids=15,14 row-size=40B cardinality=1.19K cost=1188
|  in pipelines: 08(GETNEXT)
|
08:SORT
|  order by: i_manager_id ASC NULLS LAST
|  mem-estimate=6.00MB mem-reservation=6.00MB spill-buffer=2.00MB thread-reservation=0
|  tuple-ids=15 row-size=24B cardinality=1.19K cost=1723
|  in pipelines: 08(GETNEXT), 16(OPEN)
|
17:EXCHANGE [HASH(i_manager_id)]
|  mem-estimate=282.78KB mem-reservation=0B thread-reservation=0
|  tuple-ids=4 row-size=24B cardinality=1.19K cost=263
|  in pipelines: 16(GETNEXT)
|
F04:PLAN FRAGMENT [HASH(i_manager_id,d_moy)] hosts=10 instances=10 (adjusted from 120)
Per-Instance Resources: mem-estimate=11.36MB mem-reservation=1.94MB thread-reservation=1
max-parallelism=10 segment-costs=[191489, 2448] cpu-comparison-result=40 [max(10 (self) vs 40 (sum children))]
16:AGGREGATE [FINALIZE]
|  output: sum:merge(ss_sales_price)
|  group by: i_manager_id, d_moy
|  mem-estimate=10.00MB mem-reservation=1.94MB spill-buffer=64.00KB thread-reservation=0
|  tuple-ids=4 row-size=24B cardinality=1.19K cost=165654
|  in pipelines: 16(GETNEXT), 01(OPEN)
|
15:EXCHANGE [HASH(i_manager_id,d_moy)]
|  mem-estimate=1.36MB mem-reservation=0B thread-reservation=0
|  tuple-ids=4 row-size=24B cardinality=116.64K cost=25835
|  in pipelines: 01(GETNEXT)
|
F00:PLAN FRAGMENT [RANDOM] hosts=10 instances=40 (adjusted from 120)
Per-Host Shared Resources: mem-estimate=3.00MB mem-reservation=3.00MB thread-reservation=0 runtime-filters-memory=3.00MB
Per-Instance Resources: mem-estimate=47.09MB mem-reservation=30.00MB thread-reservation=1
max-parallelism=40 segment-costs=[396430739, 240371] cpu-comparison-result=40 [max(40 (self) vs 36 (sum children))]
25:TUPLE CACHE
|  cache key: ce7b316baafbe6451212122ea741dfe9
|  input scan node ids: 1
|  estimated serialized size: 3.11MB
|  estimated serialized size per node: 318.94KB
|  cumulative processing cost: 396655999
|  cache read processing cost: 15501
|  cache write processing cost: 8817
|  mem-estimate=4.00MB mem-reservation=4.00MB spill-buffer=2.00MB thread-reservation=0
|  tuple-ids=4 row-size=24B cardinality=116.64K cost=0
|  in pipelines: 01(GETNEXT)
|
07:AGGREGATE [STREAMING]
|  output: sum(ss_sales_price)
|  group by: i_manager_id, d_moy
|  mem-estimate=10.00MB mem-reservation=2.00MB spill-buffer=64.00KB thread-reservation=0
|  tuple-ids=4 row-size=24B cardinality=116.64K cost=861834
|  in pipelines: 01(GETNEXT)
|
24:TUPLE CACHE
|  cache key: 094cf65f35e1d607c43c8167e4365243
|  input scan node ids: 1
|  estimated serialized size: 28.22MB
|  estimated serialized size per node: 2.82MB
|  cumulative processing cost: 395794165
|  cache read processing cost: 32267
|  cache write processing cost: 79881
|  mem-estimate=4.00MB mem-reservation=4.00MB spill-buffer=2.00MB thread-reservation=0
|  tuple-ids=1,0,2,3 row-size=106B cardinality=242.80K cost=0
|  in pipelines: 01(GETNEXT)
|
06:HASH JOIN [INNER JOIN, BROADCAST]
|  hash-table-id=00
|  hash predicates: ss_store_sk = s_store_sk
|  fk/pk conjuncts: ss_store_sk = s_store_sk
|  mem-estimate=0B mem-reservation=0B spill-buffer=64.00KB thread-reservation=0
|  tuple-ids=1,0,2,3 row-size=106B cardinality=242.80K cost=106273
|  in pipelines: 01(GETNEXT), 03(OPEN)
|
|--F07:PLAN FRAGMENT [RANDOM] hosts=10 instances=10
|  |  Per-Instance Resources: mem-estimate=8.77MB mem-reservation=8.75MB thread-reservation=1 runtime-filters-memory=1.00MB
|  |  max-parallelism=10 segment-costs=[3140]
|  JOIN BUILD
|  |  join-table-id=00 plan-id=01 cohort-id=01
|  |  build expressions: s_store_sk
|  |  runtime filters: RF000[bloom] <- s_store_sk, RF001[min_max] <- s_store_sk
|  |  mem-estimate=7.75MB mem-reservation=7.75MB spill-buffer=64.00KB thread-reservation=0 cost=1350
|  |
|  14:EXCHANGE [BROADCAST]
|  |  mem-estimate=16.00KB mem-reservation=0B thread-reservation=0
|  |  tuple-ids=3 row-size=4B cardinality=1.35K cost=1790
|  |  in pipelines: 03(GETNEXT)
|  |
|  F03:PLAN FRAGMENT [RANDOM] hosts=1 instances=1
|  Per-Instance Resources: mem-estimate=16.03MB mem-reservation=16.00KB thread-reservation=1
|  max-parallelism=1 segment-costs=[120]
|  03:SCAN HDFS [tpcds_partitioned_parquet_snap.store, RANDOM]
|     HDFS partitions=1/1 files=1 size=119.76KB
|     stored statistics:
|       table: rows=1.35K size=119.76KB
|       columns: all
|     extrapolated-rows=disabled max-scan-range-rows=1.35K
|     mem-estimate=16.00MB mem-reservation=16.00KB thread-reservation=0
|     tuple-ids=3 row-size=4B cardinality=1.35K cost=77
|     in pipelines: 03(GETNEXT)
|
23:TUPLE CACHE
|  cache key: cb64318b7f7be1e49e94ac9ea1f29d9e
|  input scan node ids: 1
|  estimated serialized size: 26.36MB
|  estimated serialized size per node: 2.64MB
|  cumulative processing cost: 395684632
|  cache read processing cost: 32267
|  cache write processing cost: 74636
|  mem-estimate=4.00MB mem-reservation=4.00MB spill-buffer=2.00MB thread-reservation=0
|  tuple-ids=1,0,2 row-size=102B cardinality=242.80K cost=0
|  in pipelines: 01(GETNEXT)
|
05:HASH JOIN [INNER JOIN, BROADCAST]
|  hash-table-id=01
|  hash predicates: ss_sold_date_sk = d_date_sk
|  fk/pk conjuncts: ss_sold_date_sk = d_date_sk
|  mem-estimate=0B mem-reservation=0B spill-buffer=64.00KB thread-reservation=0
|  tuple-ids=1,0,2 row-size=102B cardinality=242.80K cost=106273
|  in pipelines: 01(GETNEXT), 02(OPEN)
|
|--F08:PLAN FRAGMENT [RANDOM] hosts=10 instances=10
|  |  Per-Instance Resources: mem-estimate=8.77MB mem-reservation=8.75MB thread-reservation=1 runtime-filters-memory=1.00MB
|  |  max-parallelism=10 segment-costs=[842]
|  JOIN BUILD
|  |  join-table-id=01 plan-id=02 cohort-id=01
|  |  build expressions: d_date_sk
|  |  runtime filters: RF002[bloom] <- d_date_sk
|  |  mem-estimate=7.75MB mem-reservation=7.75MB spill-buffer=64.00KB thread-reservation=0 cost=362
|  |
|  13:EXCHANGE [BROADCAST]
|  |  mem-estimate=16.00KB mem-reservation=0B thread-reservation=0
|  |  tuple-ids=2 row-size=12B cardinality=362 cost=480
|  |  in pipelines: 02(GETNEXT)
|  |
|  F02:PLAN FRAGMENT [RANDOM] hosts=1 instances=1
|  Per-Instance Resources: mem-estimate=20.06MB mem-reservation=4.50MB thread-reservation=1
|  max-parallelism=1 segment-costs=[14694]
|  22:TUPLE CACHE
|  |  cache key: 17effbbfb22cb7245767b15c4d289a13
|  |  input scan node ids: 2
|  |  estimated serialized size: 5.66KB
|  |  estimated serialized size per node: 5.66KB
|  |  cumulative processing cost: 14675
|  |  cache read processing cost: 48
|  |  cache write processing cost: 15
|  |  mem-estimate=4.00MB mem-reservation=4.00MB spill-buffer=2.00MB thread-reservation=0
|  |  tuple-ids=2 row-size=12B cardinality=362 cost=0
|  |  in pipelines: 02(GETNEXT)
|  |
|  02:SCAN HDFS [tpcds_partitioned_parquet_snap.date_dim, RANDOM]
|     HDFS partitions=1/1 files=1 size=2.17MB
|     deterministic scan range assignment: true
|     schedule scan ranges oldest to newest: true
|     predicates: d_month_seq IN (CAST(1205 AS INT), CAST(1206 AS INT), CAST(1207 AS INT), CAST(1208 AS INT), CAST(1209 AS INT), CAST(1210 AS INT), CAST(1211 AS INT), CAST(1212 AS INT), CAST(1213 AS INT), CAST(1214 AS INT), CAST(1215 AS INT), CAST(1216 AS INT))
|     stored statistics:
|       table: rows=73.05K size=2.17MB
|       columns: all
|     extrapolated-rows=disabled max-scan-range-rows=73.05K
|     parquet statistics predicates: d_month_seq IN (CAST(1205 AS INT), CAST(1206 AS INT), CAST(1207 AS INT), CAST(1208 AS INT), CAST(1209 AS INT), CAST(1210 AS INT), CAST(1211 AS INT), CAST(1212 AS INT), CAST(1213 AS INT), CAST(1214 AS INT), CAST(1215 AS INT), CAST(1216 AS INT))
|     parquet dictionary predicates: d_month_seq IN (CAST(1205 AS INT), CAST(1206 AS INT), CAST(1207 AS INT), CAST(1208 AS INT), CAST(1209 AS INT), CAST(1210 AS INT), CAST(1211 AS INT), CAST(1212 AS INT), CAST(1213 AS INT), CAST(1214 AS INT), CAST(1215 AS INT), CAST(1216 AS INT))
|     mem-estimate=16.00MB mem-reservation=512.00KB thread-reservation=0
|     tuple-ids=2 row-size=12B cardinality=362 cost=14675
|     in pipelines: 02(GETNEXT)
|
21:TUPLE CACHE
|  cache key: 245baf2d8ce8e71ef36a7d2417ab9232
|  input scan node ids: 1
|  estimated serialized size: 22.66MB
|  estimated serialized size per node: 2.27MB
|  cumulative processing cost: 395562823
|  cache read processing cost: 32267
|  cache write processing cost: 64147
|  mem-estimate=4.00MB mem-reservation=4.00MB spill-buffer=2.00MB thread-reservation=0
|  tuple-ids=1,0 row-size=90B cardinality=242.80K(filtered from 1.22M) cost=0
|  in pipelines: 01(GETNEXT)
|
04:HASH JOIN [INNER JOIN, BROADCAST]
|  hash-table-id=02
|  hash predicates: ss_item_sk = i_item_sk
|  fk/pk conjuncts: ss_item_sk = i_item_sk
|  mem-estimate=0B mem-reservation=0B spill-buffer=64.00KB thread-reservation=0
|  tuple-ids=1,0 row-size=90B cardinality=242.80K(filtered from 1.22M) cost=283954
|  in pipelines: 01(GETNEXT), 00(OPEN)
|
|--F09:PLAN FRAGMENT [RANDOM] hosts=10 instances=10
|  |  Per-Instance Resources: mem-estimate=8.77MB mem-reservation=8.75MB thread-reservation=1 runtime-filters-memory=1.00MB
|  |  max-parallelism=10 segment-costs=[111]
|  JOIN BUILD
|  |  join-table-id=02 plan-id=03 cohort-id=01
|  |  build expressions: i_item_sk
|  |  runtime filters: RF004[bloom] <- i_item_sk, RF005[min_max] <- i_item_sk
|  |  mem-estimate=7.75MB mem-reservation=7.75MB spill-buffer=64.00KB thread-reservation=0 cost=51
|  |
|  12:EXCHANGE [BROADCAST]
|  |  mem-estimate=19.19KB mem-reservation=0B thread-reservation=0
|  |  tuple-ids=0 row-size=74B cardinality=51 cost=60
|  |  in pipelines: 00(GETNEXT)
|  |
|  F01:PLAN FRAGMENT [RANDOM] hosts=4 instances=4
|  Per-Instance Resources: mem-estimate=20.30MB mem-reservation=4.50MB thread-reservation=1
|  max-parallelism=4 segment-costs=[206353]
|  20:TUPLE CACHE
|  |  cache key: a92e78c5cb9c81d0d5712693b69bbbba
|  |  input scan node ids: 0
|  |  estimated serialized size: 3.88KB
|  |  estimated serialized size per node: 992B
|  |  cumulative processing cost: 206342
|  |  cache read processing cost: 6
|  |  cache write processing cost: 10
|  |  mem-estimate=4.00MB mem-reservation=4.00MB spill-buffer=2.00MB thread-reservation=0
|  |  tuple-ids=0 row-size=74B cardinality=51 cost=0
|  |  in pipelines: 00(GETNEXT)
|  |
|  00:SCAN HDFS [tpcds_partitioned_parquet_snap.item, RANDOM]
|     HDFS partitions=1/1 files=1 size=33.54MB
|     deterministic scan range assignment: true
|     schedule scan ranges oldest to newest: true
|     predicates: ((i_category IN ('Books', 'Children', 'Electronics') AND i_class IN ('personal', 'portable', 'reference', 'self-help') AND i_brand IN ('scholaramalgamalg #14', 'scholaramalgamalg #7', 'exportiunivamalg #9', 'scholaramalgamalg #9')) OR (i_category IN ('Women', 'Music', 'Men') AND i_class IN ('accessories', 'classical', 'fragrances', 'pants') AND i_brand IN ('amalgimporto #1', 'edu packscholar #1', 'exportiimporto #1', 'importoamalg #1')))
|     stored statistics:
|       table: rows=360.00K size=33.54MB
|       columns: all
|     extrapolated-rows=disabled max-scan-range-rows=101.54K
|     mem-estimate=16.00MB mem-reservation=512.00KB thread-reservation=0
|     tuple-ids=0 row-size=74B cardinality=51 cost=206342
|     in pipelines: 00(GETNEXT)
|
19:TUPLE CACHE
|  cache key: 18ed330f0d49985410b4491dbb2cef3f
|  input scan node ids: 1
|  estimated serialized size: 4.63MB
|  estimated serialized size per node: 474.22KB
|  cumulative processing cost: 395072405
|  cache read processing cost: 32267
|  cache write processing cost: 13111
|  mem-estimate=4.00MB mem-reservation=4.00MB spill-buffer=2.00MB thread-reservation=0
|  tuple-ids=1 row-size=16B cardinality=242.80K(filtered from 8.64G) cost=0
|  in pipelines: 01(GETNEXT)
|
01:SCAN HDFS [tpcds_partitioned_parquet_snap.store_sales, RANDOM]
   HDFS partitions=1824/1824 files=1824 size=389.90GB
   deterministic scan range assignment: true
   schedule scan ranges oldest to newest: true
   runtime filters: RF001[min_max] -> ss_store_sk, RF005[min_max] -> ss_item_sk, RF000[bloom] -> ss_store_sk, RF002[bloom] -> ss_sold_date_sk, RF004[bloom] -> ss_item_sk
   stored statistics:
     table: rows=8.64G size=389.90GB
     partitions: 1824/1824 rows=8.64G
     columns: all
   extrapolated-rows=disabled max-scan-range-rows=390.22M est-scan-range=362(filtered from 1824)
   mem-estimate=16.00MB mem-reservation=8.00MB thread-reservation=0
   tuple-ids=1 row-size=16B cardinality=242.80K(filtered from 8.64G) cost=395072405
   in pipelines: 01(GETNEXT)
---- PARALLELPLANS
Max Per-Host Resource Reservation: Memory=174.20MB Threads=13
Per-Host Resource Estimates: Memory=300MB
F06:PLAN FRAGMENT [UNPARTITIONED] hosts=1 instances=1
|  Per-Instance Resources: mem-estimate=4.04MB mem-reservation=4.00MB thread-reservation=1
|  max-parallelism=1 segment-costs=[332] cpu-comparison-result=40 [max(1 (self) vs 40 (sum children))]
PLAN-ROOT SINK
|  output exprs: i_manager_id, sum_sales, avg_monthly_sales
|  mem-estimate=4.00MB mem-reservation=4.00MB spill-buffer=2.00MB thread-reservation=0 cost=300
|
18:MERGING-EXCHANGE [UNPARTITIONED]
|  order by: i_manager_id ASC, avg_monthly_sales ASC, sum_sales ASC
|  limit: 100
|  mem-estimate=39.41KB mem-reservation=0B thread-reservation=0
|  tuple-ids=8 row-size=36B cardinality=100 cost=32
|  in pipelines: 11(GETNEXT)
|
F05:PLAN FRAGMENT [HASH(i_manager_id)] hosts=10 instances=10 (adjusted from 120)
Per-Instance Resources: mem-estimate=10.28MB mem-reservation=10.00MB thread-reservation=1
max-parallelism=10 segment-costs=[1986, 2838, 125] cpu-comparison-result=40 [max(10 (self) vs 40 (sum children))]
11:TOP-N [LIMIT=100]
|  order by: i_manager_id ASC, avg_monthly_sales ASC, sum_sales ASC
|  mem-estimate=3.52KB mem-reservation=0B thread-reservation=0
|  tuple-ids=8 row-size=36B cardinality=100 cost=462
|  in pipelines: 11(GETNEXT), 08(OPEN)
|
10:SELECT
|  predicates: CASE WHEN avg(sum(ss_sales_price)) > CAST(0 AS DECIMAL(3,0)) THEN abs(sum(ss_sales_price) - avg(sum(ss_sales_price))) / avg(sum(ss_sales_price)) ELSE NULL END > CAST(0.1 AS DECIMAL(1,1))
|  mem-estimate=0B mem-reservation=0B thread-reservation=0
|  tuple-ids=15,14 row-size=40B cardinality=119 cost=1188
|  in pipelines: 08(GETNEXT)
|
09:ANALYTIC
|  functions: avg(sum(ss_sales_price))
|  partition by: i_manager_id
|  mem-estimate=4.00MB mem-reservation=4.00MB spill-buffer=2.00MB thread-reservation=0
|  tuple-ids=15,14 row-size=40B cardinality=1.19K cost=1188
|  in pipelines: 08(GETNEXT)
|
08:SORT
|  order by: i_manager_id ASC NULLS LAST
|  mem-estimate=6.00MB mem-reservation=6.00MB spill-buffer=2.00MB thread-reservation=0
|  tuple-ids=15 row-size=24B cardinality=1.19K cost=1723
|  in pipelines: 08(GETNEXT), 16(OPEN)
|
17:EXCHANGE [HASH(i_manager_id)]
|  mem-estimate=282.78KB mem-reservation=0B thread-reservation=0
|  tuple-ids=4 row-size=24B cardinality=1.19K cost=263
|  in pipelines: 16(GETNEXT)
|
F04:PLAN FRAGMENT [HASH(i_manager_id,d_moy)] hosts=10 instances=10 (adjusted from 120)
Per-Instance Resources: mem-estimate=11.36MB mem-reservation=1.94MB thread-reservation=1
max-parallelism=10 segment-costs=[191489, 2448] cpu-comparison-result=40 [max(10 (self) vs 40 (sum children))]
16:AGGREGATE [FINALIZE]
|  output: sum:merge(ss_sales_price)
|  group by: i_manager_id, d_moy
|  mem-estimate=10.00MB mem-reservation=1.94MB spill-buffer=64.00KB thread-reservation=0
|  tuple-ids=4 row-size=24B cardinality=1.19K cost=165654
|  in pipelines: 16(GETNEXT), 01(OPEN)
|
15:EXCHANGE [HASH(i_manager_id,d_moy)]
|  mem-estimate=1.36MB mem-reservation=0B thread-reservation=0
|  tuple-ids=4 row-size=24B cardinality=116.64K cost=25835
|  in pipelines: 01(GETNEXT)
|
F00:PLAN FRAGMENT [RANDOM] hosts=10 instances=40 (adjusted from 120)
Per-Host Shared Resources: mem-estimate=3.00MB mem-reservation=3.00MB thread-reservation=0 runtime-filters-memory=3.00MB
Per-Instance Resources: mem-estimate=47.09MB mem-reservation=30.00MB thread-reservation=1
max-parallelism=40 segment-costs=[396430739, 240371] cpu-comparison-result=40 [max(40 (self) vs 36 (sum children))]
25:TUPLE CACHE
|  cache key: ce7b316baafbe6451212122ea741dfe9
|  input scan node ids: 1
|  estimated serialized size: 3.11MB
|  estimated serialized size per node: 318.94KB
|  cumulative processing cost: 396655999
|  cache read processing cost: 15501
|  cache write processing cost: 8817
|  mem-estimate=4.00MB mem-reservation=4.00MB spill-buffer=2.00MB thread-reservation=0
|  tuple-ids=4 row-size=24B cardinality=116.64K cost=0
|  in pipelines: 01(GETNEXT)
|
07:AGGREGATE [STREAMING]
|  output: sum(ss_sales_price)
|  group by: i_manager_id, d_moy
|  mem-estimate=10.00MB mem-reservation=2.00MB spill-buffer=64.00KB thread-reservation=0
|  tuple-ids=4 row-size=24B cardinality=116.64K cost=861834
|  in pipelines: 01(GETNEXT)
|
24:TUPLE CACHE
|  cache key: 094cf65f35e1d607c43c8167e4365243
|  input scan node ids: 1
|  estimated serialized size: 28.22MB
|  estimated serialized size per node: 2.82MB
|  cumulative processing cost: 395794165
|  cache read processing cost: 32267
|  cache write processing cost: 79881
|  mem-estimate=4.00MB mem-reservation=4.00MB spill-buffer=2.00MB thread-reservation=0
|  tuple-ids=1,0,2,3 row-size=106B cardinality=242.80K cost=0
|  in pipelines: 01(GETNEXT)
|
06:HASH JOIN [INNER JOIN, BROADCAST]
|  hash-table-id=00
|  hash predicates: ss_store_sk = s_store_sk
|  fk/pk conjuncts: ss_store_sk = s_store_sk
|  mem-estimate=0B mem-reservation=0B spill-buffer=64.00KB thread-reservation=0
|  tuple-ids=1,0,2,3 row-size=106B cardinality=242.80K cost=106273
|  in pipelines: 01(GETNEXT), 03(OPEN)
|
|--F07:PLAN FRAGMENT [RANDOM] hosts=10 instances=10
|  |  Per-Instance Resources: mem-estimate=8.77MB mem-reservation=8.75MB thread-reservation=1 runtime-filters-memory=1.00MB
|  |  max-parallelism=10 segment-costs=[3140]
|  JOIN BUILD
|  |  join-table-id=00 plan-id=01 cohort-id=01
|  |  build expressions: s_store_sk
|  |  runtime filters: RF000[bloom] <- s_store_sk, RF001[min_max] <- s_store_sk
|  |  mem-estimate=7.75MB mem-reservation=7.75MB spill-buffer=64.00KB thread-reservation=0 cost=1350
|  |
|  14:EXCHANGE [BROADCAST]
|  |  mem-estimate=16.00KB mem-reservation=0B thread-reservation=0
|  |  tuple-ids=3 row-size=4B cardinality=1.35K cost=1790
|  |  in pipelines: 03(GETNEXT)
|  |
|  F03:PLAN FRAGMENT [RANDOM] hosts=1 instances=1
|  Per-Instance Resources: mem-estimate=16.03MB mem-reservation=16.00KB thread-reservation=1
|  max-parallelism=1 segment-costs=[120]
|  03:SCAN HDFS [tpcds_partitioned_parquet_snap.store, RANDOM]
|     HDFS partitions=1/1 files=1 size=119.76KB
|     stored statistics:
|       table: rows=1.35K size=119.76KB
|       columns: all
|     extrapolated-rows=disabled max-scan-range-rows=1.35K
|     mem-estimate=16.00MB mem-reservation=16.00KB thread-reservation=0
|     tuple-ids=3 row-size=4B cardinality=1.35K cost=77
|     in pipelines: 03(GETNEXT)
|
23:TUPLE CACHE
|  cache key: cb64318b7f7be1e49e94ac9ea1f29d9e
|  input scan node ids: 1
|  estimated serialized size: 26.36MB
|  estimated serialized size per node: 2.64MB
|  cumulative processing cost: 395684632
|  cache read processing cost: 32267
|  cache write processing cost: 74636
|  mem-estimate=4.00MB mem-reservation=4.00MB spill-buffer=2.00MB thread-reservation=0
|  tuple-ids=1,0,2 row-size=102B cardinality=242.80K cost=0
|  in pipelines: 01(GETNEXT)
|
05:HASH JOIN [INNER JOIN, BROADCAST]
|  hash-table-id=01
|  hash predicates: ss_sold_date_sk = d_date_sk
|  fk/pk conjuncts: ss_sold_date_sk = d_date_sk
|  mem-estimate=0B mem-reservation=0B spill-buffer=64.00KB thread-reservation=0
|  tuple-ids=1,0,2 row-size=102B cardinality=242.80K cost=106273
|  in pipelines: 01(GETNEXT), 02(OPEN)
|
|--F08:PLAN FRAGMENT [RANDOM] hosts=10 instances=10
|  |  Per-Instance Resources: mem-estimate=8.77MB mem-reservation=8.75MB thread-reservation=1 runtime-filters-memory=1.00MB
|  |  max-parallelism=10 segment-costs=[842]
|  JOIN BUILD
|  |  join-table-id=01 plan-id=02 cohort-id=01
|  |  build expressions: d_date_sk
|  |  runtime filters: RF002[bloom] <- d_date_sk
|  |  mem-estimate=7.75MB mem-reservation=7.75MB spill-buffer=64.00KB thread-reservation=0 cost=362
|  |
|  13:EXCHANGE [BROADCAST]
|  |  mem-estimate=16.00KB mem-reservation=0B thread-reservation=0
|  |  tuple-ids=2 row-size=12B cardinality=362 cost=480
|  |  in pipelines: 02(GETNEXT)
|  |
|  F02:PLAN FRAGMENT [RANDOM] hosts=1 instances=1
|  Per-Instance Resources: mem-estimate=20.06MB mem-reservation=4.50MB thread-reservation=1
|  max-parallelism=1 segment-costs=[14694]
|  22:TUPLE CACHE
|  |  cache key: 17effbbfb22cb7245767b15c4d289a13
|  |  input scan node ids: 2
|  |  estimated serialized size: 5.66KB
|  |  estimated serialized size per node: 5.66KB
|  |  cumulative processing cost: 14675
|  |  cache read processing cost: 48
|  |  cache write processing cost: 15
|  |  mem-estimate=4.00MB mem-reservation=4.00MB spill-buffer=2.00MB thread-reservation=0
|  |  tuple-ids=2 row-size=12B cardinality=362 cost=0
|  |  in pipelines: 02(GETNEXT)
|  |
|  02:SCAN HDFS [tpcds_partitioned_parquet_snap.date_dim, RANDOM]
|     HDFS partitions=1/1 files=1 size=2.17MB
|     deterministic scan range assignment: true
|     schedule scan ranges oldest to newest: true
|     predicates: d_month_seq IN (CAST(1205 AS INT), CAST(1206 AS INT), CAST(1207 AS INT), CAST(1208 AS INT), CAST(1209 AS INT), CAST(1210 AS INT), CAST(1211 AS INT), CAST(1212 AS INT), CAST(1213 AS INT), CAST(1214 AS INT), CAST(1215 AS INT), CAST(1216 AS INT))
|     stored statistics:
|       table: rows=73.05K size=2.17MB
|       columns: all
|     extrapolated-rows=disabled max-scan-range-rows=73.05K
|     parquet statistics predicates: d_month_seq IN (CAST(1205 AS INT), CAST(1206 AS INT), CAST(1207 AS INT), CAST(1208 AS INT), CAST(1209 AS INT), CAST(1210 AS INT), CAST(1211 AS INT), CAST(1212 AS INT), CAST(1213 AS INT), CAST(1214 AS INT), CAST(1215 AS INT), CAST(1216 AS INT))
|     parquet dictionary predicates: d_month_seq IN (CAST(1205 AS INT), CAST(1206 AS INT), CAST(1207 AS INT), CAST(1208 AS INT), CAST(1209 AS INT), CAST(1210 AS INT), CAST(1211 AS INT), CAST(1212 AS INT), CAST(1213 AS INT), CAST(1214 AS INT), CAST(1215 AS INT), CAST(1216 AS INT))
|     mem-estimate=16.00MB mem-reservation=512.00KB thread-reservation=0
|     tuple-ids=2 row-size=12B cardinality=362 cost=14675
|     in pipelines: 02(GETNEXT)
|
21:TUPLE CACHE
|  cache key: 245baf2d8ce8e71ef36a7d2417ab9232
|  input scan node ids: 1
|  estimated serialized size: 22.66MB
|  estimated serialized size per node: 2.27MB
|  cumulative processing cost: 395562823
|  cache read processing cost: 32267
|  cache write processing cost: 64147
|  mem-estimate=4.00MB mem-reservation=4.00MB spill-buffer=2.00MB thread-reservation=0
|  tuple-ids=1,0 row-size=90B cardinality=242.80K(filtered from 1.22M) cost=0
|  in pipelines: 01(GETNEXT)
|
04:HASH JOIN [INNER JOIN, BROADCAST]
|  hash-table-id=02
|  hash predicates: ss_item_sk = i_item_sk
|  fk/pk conjuncts: ss_item_sk = i_item_sk
|  mem-estimate=0B mem-reservation=0B spill-buffer=64.00KB thread-reservation=0
|  tuple-ids=1,0 row-size=90B cardinality=242.80K(filtered from 1.22M) cost=283954
|  in pipelines: 01(GETNEXT), 00(OPEN)
|
|--F09:PLAN FRAGMENT [RANDOM] hosts=10 instances=10
|  |  Per-Instance Resources: mem-estimate=8.77MB mem-reservation=8.75MB thread-reservation=1 runtime-filters-memory=1.00MB
|  |  max-parallelism=10 segment-costs=[111]
|  JOIN BUILD
|  |  join-table-id=02 plan-id=03 cohort-id=01
|  |  build expressions: i_item_sk
|  |  runtime filters: RF004[bloom] <- i_item_sk, RF005[min_max] <- i_item_sk
|  |  mem-estimate=7.75MB mem-reservation=7.75MB spill-buffer=64.00KB thread-reservation=0 cost=51
|  |
|  12:EXCHANGE [BROADCAST]
|  |  mem-estimate=19.19KB mem-reservation=0B thread-reservation=0
|  |  tuple-ids=0 row-size=74B cardinality=51 cost=60
|  |  in pipelines: 00(GETNEXT)
|  |
|  F01:PLAN FRAGMENT [RANDOM] hosts=4 instances=4
|  Per-Instance Resources: mem-estimate=20.30MB mem-reservation=4.50MB thread-reservation=1
|  max-parallelism=4 segment-costs=[206353]
|  20:TUPLE CACHE
|  |  cache key: a92e78c5cb9c81d0d5712693b69bbbba
|  |  input scan node ids: 0
|  |  estimated serialized size: 3.88KB
|  |  estimated serialized size per node: 992B
|  |  cumulative processing cost: 206342
|  |  cache read processing cost: 6
|  |  cache write processing cost: 10
|  |  mem-estimate=4.00MB mem-reservation=4.00MB spill-buffer=2.00MB thread-reservation=0
|  |  tuple-ids=0 row-size=74B cardinality=51 cost=0
|  |  in pipelines: 00(GETNEXT)
|  |
|  00:SCAN HDFS [tpcds_partitioned_parquet_snap.item, RANDOM]
|     HDFS partitions=1/1 files=1 size=33.54MB
|     deterministic scan range assignment: true
|     schedule scan ranges oldest to newest: true
|     predicates: ((i_category IN ('Books', 'Children', 'Electronics') AND i_class IN ('personal', 'portable', 'reference', 'self-help') AND i_brand IN ('scholaramalgamalg #14', 'scholaramalgamalg #7', 'exportiunivamalg #9', 'scholaramalgamalg #9')) OR (i_category IN ('Women', 'Music', 'Men') AND i_class IN ('accessories', 'classical', 'fragrances', 'pants') AND i_brand IN ('amalgimporto #1', 'edu packscholar #1', 'exportiimporto #1', 'importoamalg #1')))
|     stored statistics:
|       table: rows=360.00K size=33.54MB
|       columns: all
|     extrapolated-rows=disabled max-scan-range-rows=101.54K
|     mem-estimate=16.00MB mem-reservation=512.00KB thread-reservation=0
|     tuple-ids=0 row-size=74B cardinality=51 cost=206342
|     in pipelines: 00(GETNEXT)
|
19:TUPLE CACHE
|  cache key: 18ed330f0d49985410b4491dbb2cef3f
|  input scan node ids: 1
|  estimated serialized size: 4.63MB
|  estimated serialized size per node: 474.22KB
|  cumulative processing cost: 395072405
|  cache read processing cost: 32267
|  cache write processing cost: 13111
|  mem-estimate=4.00MB mem-reservation=4.00MB spill-buffer=2.00MB thread-reservation=0
|  tuple-ids=1 row-size=16B cardinality=242.80K(filtered from 8.64G) cost=0
|  in pipelines: 01(GETNEXT)
|
01:SCAN HDFS [tpcds_partitioned_parquet_snap.store_sales, RANDOM]
   HDFS partitions=1824/1824 files=1824 size=389.90GB
   deterministic scan range assignment: true
   schedule scan ranges oldest to newest: true
   runtime filters: RF001[min_max] -> ss_store_sk, RF005[min_max] -> ss_item_sk, RF000[bloom] -> ss_store_sk, RF002[bloom] -> ss_sold_date_sk, RF004[bloom] -> ss_item_sk
   stored statistics:
     table: rows=8.64G size=389.90GB
     partitions: 1824/1824 rows=8.64G
     columns: all
   extrapolated-rows=disabled max-scan-range-rows=390.22M est-scan-range=362(filtered from 1824)
   mem-estimate=16.00MB mem-reservation=8.00MB thread-reservation=0
   tuple-ids=1 row-size=16B cardinality=242.80K(filtered from 8.64G) cost=395072405
   in pipelines: 01(GETNEXT)
====
