# TPCDS-Q64
# start query 64 in stream 0 using template query64.tpl using seed 975411025
with cs_ui as
 (select cs_item_sk
        ,sum(cs_ext_list_price) as sale,sum(cr_refunded_cash+cr_reversed_charge+cr_store_credit) as refund
  from catalog_sales
      ,catalog_returns
  where cs_item_sk = cr_item_sk
    and cs_order_number = cr_order_number
  group by cs_item_sk
  having sum(cs_ext_list_price)>2*sum(cr_refunded_cash+cr_reversed_charge+cr_store_credit)),
cross_sales as
 (select i_product_name product_name
     ,i_item_sk item_sk
     ,s_store_name store_name
     ,s_zip store_zip
     ,ad1.ca_street_number b_street_number
     ,ad1.ca_street_name b_street_name
     ,ad1.ca_city b_city
     ,ad1.ca_zip b_zip
     ,ad2.ca_street_number c_street_number
     ,ad2.ca_street_name c_street_name
     ,ad2.ca_city c_city
     ,ad2.ca_zip c_zip
     ,d1.d_year as syear
     ,d2.d_year as fsyear
     ,d3.d_year s2year
     ,count(*) cnt
     ,sum(ss_wholesale_cost) s1
     ,sum(ss_list_price) s2
     ,sum(ss_coupon_amt) s3
  FROM   store_sales
        ,store_returns
        ,cs_ui
        ,date_dim d1
        ,date_dim d2
        ,date_dim d3
        ,store
        ,customer
        ,customer_demographics cd1
        ,customer_demographics cd2
        ,promotion
        ,household_demographics hd1
        ,household_demographics hd2
        ,customer_address ad1
        ,customer_address ad2
        ,income_band ib1
        ,income_band ib2
        ,item
  WHERE  ss_store_sk = s_store_sk AND
         ss_sold_date_sk = d1.d_date_sk AND
         ss_customer_sk = c_customer_sk AND
         ss_cdemo_sk= cd1.cd_demo_sk AND
         ss_hdemo_sk = hd1.hd_demo_sk AND
         ss_addr_sk = ad1.ca_address_sk and
         ss_item_sk = i_item_sk and
         ss_item_sk = sr_item_sk and
         ss_ticket_number = sr_ticket_number and
         ss_item_sk = cs_ui.cs_item_sk and
         c_current_cdemo_sk = cd2.cd_demo_sk AND
         c_current_hdemo_sk = hd2.hd_demo_sk AND
         c_current_addr_sk = ad2.ca_address_sk and
         c_first_sales_date_sk = d2.d_date_sk and
         c_first_shipto_date_sk = d3.d_date_sk and
         ss_promo_sk = p_promo_sk and
         hd1.hd_income_band_sk = ib1.ib_income_band_sk and
         hd2.hd_income_band_sk = ib2.ib_income_band_sk and
         cd1.cd_marital_status <> cd2.cd_marital_status and
         i_color in ('peach','misty','drab','chocolate','almond','saddle') and
         i_current_price between 75 and 75 + 10 and
         i_current_price between 75 + 1 and 75 + 15
group by i_product_name
       ,i_item_sk
       ,s_store_name
       ,s_zip
       ,ad1.ca_street_number
       ,ad1.ca_street_name
       ,ad1.ca_city
       ,ad1.ca_zip
       ,ad2.ca_street_number
       ,ad2.ca_street_name
       ,ad2.ca_city
       ,ad2.ca_zip
       ,d1.d_year
       ,d2.d_year
       ,d3.d_year
)
select cs1.product_name
     ,cs1.store_name
     ,cs1.store_zip
     ,cs1.b_street_number
     ,cs1.b_street_name
     ,cs1.b_city
     ,cs1.b_zip
     ,cs1.c_street_number
     ,cs1.c_street_name
     ,cs1.c_city
     ,cs1.c_zip
     ,cs1.syear
     ,cs1.cnt
     ,cs1.s1 as s11
     ,cs1.s2 as s21
     ,cs1.s3 as s31
     ,cs2.s1 as s12
     ,cs2.s2 as s22
     ,cs2.s3 as s32
     ,cs2.syear
     ,cs2.cnt
from cross_sales cs1,cross_sales cs2
where cs1.item_sk=cs2.item_sk and
     cs1.syear = 2000 and
     cs2.syear = 2000 + 1 and
     cs2.cnt <= cs1.cnt and
     cs1.store_name = cs2.store_name and
     cs1.store_zip = cs2.store_zip
order by cs1.product_name
       ,cs1.store_name
       ,cs2.cnt
       ,cs1.s1
       ,cs2.s1;

# end query 64 in stream 0 using template query64.tpl
---- PLAN
Max Per-Host Resource Reservation: Memory=688.89MB Threads=1
Per-Host Resource Estimates: Memory=100.57GB
F00:PLAN FRAGMENT [UNPARTITIONED] hosts=1 instances=1
|  Per-Instance Resources: mem-estimate=100.57GB mem-reservation=688.89MB thread-reservation=1 runtime-filters-memory=55.00MB
|  max-parallelism=1 segment-costs=[3995470666, 7240810714, 3995470666, 7240810714, 14180818211, 18143864832]
PLAN-ROOT SINK
|  output exprs: product_name, store_name, store_zip, b_street_number, b_street_name, b_city, b_zip, c_street_number, c_street_name, c_city, c_zip, syear, cnt, s1, s2, s3, s1, s2, s3, syear, cnt
|  mem-estimate=100.00MB mem-reservation=4.00MB spill-buffer=2.00MB thread-reservation=0 cost=18143864832
|
79:SORT
|  order by: product_name ASC, store_name ASC, cnt ASC, s1 ASC, s1 ASC
|  mem-estimate=50.00GB mem-reservation=12.00MB spill-buffer=2.00MB thread-reservation=0
|  tuple-ids=46 row-size=335B cardinality=863.99M cost=12938654601
|  in pipelines: 79(GETNEXT), 38(OPEN)
|
78:HASH JOIN [INNER JOIN]
|  hash predicates: i_item_sk = i_item_sk, s_store_name = s_store_name, s_zip = s_zip
|  fk/pk conjuncts: i_item_sk = i_item_sk, s_store_name = s_store_name, s_zip = s_zip
|  other predicates: count(*) <= count(*)
|  runtime filters: RF003[min_max] <- i_item_sk, RF004[min_max] <- s_store_name, RF005[min_max] <- s_zip
|  mem-estimate=50.00GB mem-reservation=34.00MB spill-buffer=2.00MB thread-reservation=0
|  tuple-ids=21,44 row-size=574B cardinality=863.99M cost=1242163610
|  in pipelines: 38(GETNEXT), 77(OPEN)
|
|--77:AGGREGATE [FINALIZE]
|  |  output: count(*), sum(ss_wholesale_cost), sum(ss_list_price), sum(ss_coupon_amt)
|  |  group by: i_product_name, i_item_sk, s_store_name, s_zip, ad1.ca_street_number, ad1.ca_street_name, ad1.ca_city, ad1.ca_zip, ad2.ca_street_number, ad2.ca_street_name, ad2.ca_city, ad2.ca_zip, d1.d_year, d2.d_year, d3.d_year
|  |  mem-estimate=527.00MB mem-reservation=34.00MB spill-buffer=2.00MB thread-reservation=0
|  |  tuple-ids=44 row-size=287B cardinality=863.99M cost=5281247328
|  |  in pipelines: 77(GETNEXT), 40(OPEN)
|  |
|  76:HASH JOIN [INNER JOIN]
|  |  hash predicates: ss_item_sk = cs_item_sk
|  |  fk/pk conjuncts: none
|  |  runtime filters: RF047[min_max] <- cs_item_sk
|  |  mem-estimate=2.88MB mem-reservation=2.88MB spill-buffer=128.00KB thread-reservation=0
|  |  tuple-ids=24,23,43,29,33,39,37,38,34,35,30,31,32,36,40,41,42,27 row-size=462B cardinality=863.99M cost=161948002
|  |  in pipelines: 40(GETNEXT), 44(OPEN)
|  |
|  |--86:TUPLE CACHE
|  |  |  cache key: 628c8328bb4cec97c6e6a879f79ac9a7
|  |  |  input scan node ids: 41,42
|  |  |  estimated serialized size: 1.37MB
|  |  |  estimated serialized size per node: 140.70KB
|  |  |  cumulative processing cost: 3995470666
|  |  |  cache read processing cost: 4786
|  |  |  cache write processing cost: 3889
|  |  |  mem-estimate=4.00MB mem-reservation=4.00MB spill-buffer=2.00MB thread-reservation=0
|  |  |  tuple-ids=27 row-size=36B cardinality=36.02K cost=0
|  |  |  in pipelines: 44(GETNEXT)
|  |  |
|  |  44:AGGREGATE [FINALIZE]
|  |  |  output: sum(cs_ext_list_price), sum(cr_refunded_cash + cr_reversed_charge + cr_store_credit)
|  |  |  group by: cs_item_sk
|  |  |  having: sum(cs_ext_list_price) > CAST(2 AS DECIMAL(3,0)) * sum(cr_refunded_cash + cr_reversed_charge + cr_store_credit)
|  |  |  mem-estimate=34.00MB mem-reservation=34.00MB spill-buffer=2.00MB thread-reservation=0
|  |  |  tuple-ids=27 row-size=36B cardinality=36.02K cost=928618209
|  |  |  in pipelines: 44(GETNEXT), 41(OPEN)
|  |  |
|  |  43:HASH JOIN [INNER JOIN]
|  |  |  hash predicates: cs_item_sk = cr_item_sk, cs_order_number = cr_order_number
|  |  |  fk/pk conjuncts: cs_item_sk = cr_item_sk, cs_order_number = cr_order_number
|  |  |  runtime filters: RF084[min_max] <- cr_item_sk, RF085[min_max] <- cr_order_number
|  |  |  mem-estimate=21.66GB mem-reservation=34.00MB spill-buffer=2.00MB thread-reservation=0
|  |  |  tuple-ids=25,26 row-size=40B cardinality=2.56G cost=1922201419
|  |  |  in pipelines: 41(GETNEXT), 42(OPEN)
|  |  |
|  |  |--42:SCAN HDFS [tpcds_partitioned_parquet_snap.catalog_returns]
|  |  |     HDFS partitions=2060/2060 files=2060 size=32.77GB
|  |  |     deterministic scan range assignment: true
|  |  |     schedule scan ranges oldest to newest: true
|  |  |     stored statistics:
|  |  |       table: rows=432.02M size=32.77GB
|  |  |       partitions: 2060/2060 rows=432.02M
|  |  |       columns: all
|  |  |     extrapolated-rows=disabled max-scan-range-rows=416.82K
|  |  |     mem-estimate=16.00MB mem-reservation=40.00KB thread-reservation=0
|  |  |     tuple-ids=26 row-size=24B cardinality=432.02M cost=149305072
|  |  |     in pipelines: 42(GETNEXT)
|  |  |
|  |  41:SCAN HDFS [tpcds_partitioned_parquet_snap.catalog_sales]
|  |     HDFS partitions=1831/1831 files=1831 size=280.96GB
|  |     deterministic scan range assignment: true
|  |     schedule scan ranges oldest to newest: true
|  |     runtime filters: RF084[min_max] -> cs_item_sk, RF085[min_max] -> cs_order_number
|  |     stored statistics:
|  |       table: rows=4.32G size=280.96GB
|  |       partitions: 1831/1831 rows=4.32G
|  |       columns: all
|  |     extrapolated-rows=disabled max-scan-range-rows=21.52M
|  |     mem-estimate=16.00MB mem-reservation=1.00MB thread-reservation=0
|  |     tuple-ids=25 row-size=16B cardinality=4.00G(filtered from 4.32G) cost=995345966
|  |     in pipelines: 41(GETNEXT)
|  |
|  75:HASH JOIN [INNER JOIN]
|  |  hash predicates: hd2.hd_income_band_sk = ib2.ib_income_band_sk
|  |  fk/pk conjuncts: hd2.hd_income_band_sk = ib2.ib_income_band_sk
|  |  runtime filters: RF049[min_max] <- ib2.ib_income_band_sk
|  |  mem-estimate=1.94MB mem-reservation=1.94MB spill-buffer=64.00KB thread-reservation=0
|  |  tuple-ids=24,23,43,29,33,39,37,38,34,35,30,31,32,36,40,41,42 row-size=426B cardinality=20.88M cost=9140257
|  |  in pipelines: 40(GETNEXT), 58(OPEN)
|  |
|  |--58:SCAN HDFS [tpcds_partitioned_parquet_snap.income_band ib2]
|  |     HDFS partitions=1/1 files=1 size=1.22KB
|  |     stored statistics:
|  |       table: rows=20 size=1.22KB
|  |       columns: all
|  |     extrapolated-rows=disabled max-scan-range-rows=20
|  |     mem-estimate=16.00MB mem-reservation=8.00KB thread-reservation=0
|  |     tuple-ids=42 row-size=4B cardinality=20 cost=1
|  |     in pipelines: 58(GETNEXT)
|  |
|  74:HASH JOIN [INNER JOIN]
|  |  hash predicates: hd1.hd_income_band_sk = ib1.ib_income_band_sk
|  |  fk/pk conjuncts: hd1.hd_income_band_sk = ib1.ib_income_band_sk
|  |  runtime filters: RF051[min_max] <- ib1.ib_income_band_sk
|  |  mem-estimate=1.94MB mem-reservation=1.94MB spill-buffer=64.00KB thread-reservation=0
|  |  tuple-ids=24,23,43,29,33,39,37,38,34,35,30,31,32,36,40,41 row-size=422B cardinality=20.88M cost=9140257
|  |  in pipelines: 40(GETNEXT), 57(OPEN)
|  |
|  |--57:SCAN HDFS [tpcds_partitioned_parquet_snap.income_band ib1]
|  |     HDFS partitions=1/1 files=1 size=1.22KB
|  |     stored statistics:
|  |       table: rows=20 size=1.22KB
|  |       columns: all
|  |     extrapolated-rows=disabled max-scan-range-rows=20
|  |     mem-estimate=16.00MB mem-reservation=8.00KB thread-reservation=0
|  |     tuple-ids=41 row-size=4B cardinality=20 cost=1
|  |     in pipelines: 57(GETNEXT)
|  |
|  73:HASH JOIN [INNER JOIN]
|  |  hash predicates: c_current_addr_sk = ad2.ca_address_sk
|  |  fk/pk conjuncts: c_current_addr_sk = ad2.ca_address_sk
|  |  runtime filters: RF053[min_max] <- ad2.ca_address_sk
|  |  mem-estimate=1.46GB mem-reservation=34.00MB spill-buffer=2.00MB thread-reservation=0
|  |  tuple-ids=24,23,43,29,33,39,37,38,34,35,30,31,32,36,40 row-size=418B cardinality=20.88M cost=24140237
|  |  in pipelines: 40(GETNEXT), 56(OPEN)
|  |
|  |--56:SCAN HDFS [tpcds_partitioned_parquet_snap.customer_address ad2]
|  |     HDFS partitions=1/1 files=1 size=307.36MB
|  |     stored statistics:
|  |       table: rows=15.00M size=307.36MB
|  |       columns: all
|  |     extrapolated-rows=disabled max-scan-range-rows=1.58M
|  |     mem-estimate=16.00MB mem-reservation=128.00KB thread-reservation=0
|  |     tuple-ids=40 row-size=78B cardinality=15.00M cost=6384216
|  |     in pipelines: 56(GETNEXT)
|  |
|  72:HASH JOIN [INNER JOIN]
|  |  hash predicates: ss_promo_sk = p_promo_sk
|  |  fk/pk conjuncts: ss_promo_sk = p_promo_sk
|  |  runtime filters: RF055[min_max] <- p_promo_sk
|  |  mem-estimate=1.94MB mem-reservation=1.94MB spill-buffer=64.00KB thread-reservation=0
|  |  tuple-ids=24,23,43,29,33,39,37,38,34,35,30,31,32,36 row-size=341B cardinality=20.88M cost=9142037
|  |  in pipelines: 40(GETNEXT), 52(OPEN)
|  |
|  |--52:SCAN HDFS [tpcds_partitioned_parquet_snap.promotion]
|  |     HDFS partitions=1/1 files=1 size=100.50KB
|  |     stored statistics:
|  |       table: rows=1.80K size=100.50KB
|  |       columns: all
|  |     extrapolated-rows=disabled max-scan-range-rows=1.80K
|  |     mem-estimate=16.00MB mem-reservation=32.00KB thread-reservation=0
|  |     tuple-ids=36 row-size=4B cardinality=1.80K cost=103
|  |     in pipelines: 52(GETNEXT)
|  |
|  71:HASH JOIN [INNER JOIN]
|  |  hash predicates: ss_store_sk = s_store_sk
|  |  fk/pk conjuncts: ss_store_sk = s_store_sk
|  |  runtime filters: RF057[min_max] <- s_store_sk
|  |  mem-estimate=1.94MB mem-reservation=1.94MB spill-buffer=64.00KB thread-reservation=0
|  |  tuple-ids=24,23,43,29,33,39,37,38,34,35,30,31,32 row-size=337B cardinality=20.88M cost=9141587
|  |  in pipelines: 40(GETNEXT), 48(OPEN)
|  |
|  |--48:SCAN HDFS [tpcds_partitioned_parquet_snap.store]
|  |     HDFS partitions=1/1 files=1 size=119.76KB
|  |     stored statistics:
|  |       table: rows=1.35K size=119.76KB
|  |       columns: all
|  |     extrapolated-rows=disabled max-scan-range-rows=1.35K
|  |     mem-estimate=16.00MB mem-reservation=24.00KB thread-reservation=0
|  |     tuple-ids=32 row-size=37B cardinality=1.35K cost=251
|  |     in pipelines: 48(GETNEXT)
|  |
|  70:HASH JOIN [INNER JOIN]
|  |  hash predicates: c_first_shipto_date_sk = d3.d_date_sk
|  |  fk/pk conjuncts: c_first_shipto_date_sk = d3.d_date_sk
|  |  runtime filters: RF059[min_max] <- d3.d_date_sk
|  |  mem-estimate=4.75MB mem-reservation=4.75MB spill-buffer=256.00KB thread-reservation=0
|  |  tuple-ids=24,23,43,29,33,39,37,38,34,35,30,31 row-size=300B cardinality=20.88M cost=9213286
|  |  in pipelines: 40(GETNEXT), 47(OPEN)
|  |
|  |--47:SCAN HDFS [tpcds_partitioned_parquet_snap.date_dim d3]
|  |     HDFS partitions=1/1 files=1 size=2.17MB
|  |     stored statistics:
|  |       table: rows=73.05K size=2.17MB
|  |       columns: all
|  |     extrapolated-rows=disabled max-scan-range-rows=73.05K
|  |     mem-estimate=16.00MB mem-reservation=512.00KB thread-reservation=0
|  |     tuple-ids=31 row-size=8B cardinality=73.05K cost=8415
|  |     in pipelines: 47(GETNEXT)
|  |
|  69:HASH JOIN [INNER JOIN]
|  |  hash predicates: c_first_sales_date_sk = d2.d_date_sk
|  |  fk/pk conjuncts: c_first_sales_date_sk = d2.d_date_sk
|  |  runtime filters: RF061[min_max] <- d2.d_date_sk
|  |  mem-estimate=4.75MB mem-reservation=4.75MB spill-buffer=256.00KB thread-reservation=0
|  |  tuple-ids=24,23,43,29,33,39,37,38,34,35,30 row-size=292B cardinality=20.88M cost=9213286
|  |  in pipelines: 40(GETNEXT), 46(OPEN)
|  |
|  |--46:SCAN HDFS [tpcds_partitioned_parquet_snap.date_dim d2]
|  |     HDFS partitions=1/1 files=1 size=2.17MB
|  |     stored statistics:
|  |       table: rows=73.05K size=2.17MB
|  |       columns: all
|  |     extrapolated-rows=disabled max-scan-range-rows=73.05K
|  |     mem-estimate=16.00MB mem-reservation=512.00KB thread-reservation=0
|  |     tuple-ids=30 row-size=8B cardinality=73.05K cost=8415
|  |     in pipelines: 46(GETNEXT)
|  |
|  68:HASH JOIN [INNER JOIN]
|  |  hash predicates: c_current_cdemo_sk = cd2.cd_demo_sk
|  |  fk/pk conjuncts: c_current_cdemo_sk = cd2.cd_demo_sk
|  |  other predicates: cd1.cd_marital_status != cd2.cd_marital_status
|  |  runtime filters: RF063[min_max] <- cd2.cd_demo_sk
|  |  mem-estimate=79.14MB mem-reservation=34.00MB spill-buffer=2.00MB thread-reservation=0
|  |  tuple-ids=24,23,43,29,33,39,37,38,34,35 row-size=284B cardinality=20.88M cost=11127434
|  |  in pipelines: 40(GETNEXT), 51(OPEN)
|  |
|  |--51:SCAN HDFS [tpcds_partitioned_parquet_snap.customer_demographics cd2]
|  |     HDFS partitions=1/1 files=1 size=11.15MB
|  |     stored statistics:
|  |       table: rows=1.92M size=11.15MB
|  |       columns: all
|  |     extrapolated-rows=disabled max-scan-range-rows=197.97K
|  |     mem-estimate=16.00MB mem-reservation=1.00MB thread-reservation=0
|  |     tuple-ids=35 row-size=17B cardinality=1.92M cost=138297
|  |     in pipelines: 51(GETNEXT)
|  |
|  67:HASH JOIN [INNER JOIN]
|  |  hash predicates: ss_cdemo_sk = cd1.cd_demo_sk
|  |  fk/pk conjuncts: ss_cdemo_sk = cd1.cd_demo_sk
|  |  runtime filters: RF065[min_max] <- cd1.cd_demo_sk
|  |  mem-estimate=79.14MB mem-reservation=34.00MB spill-buffer=2.00MB thread-reservation=0
|  |  tuple-ids=24,23,43,29,33,39,37,38,34 row-size=267B cardinality=21.14M cost=11241558
|  |  in pipelines: 40(GETNEXT), 50(OPEN)
|  |
|  |--50:SCAN HDFS [tpcds_partitioned_parquet_snap.customer_demographics cd1]
|  |     HDFS partitions=1/1 files=1 size=11.15MB
|  |     stored statistics:
|  |       table: rows=1.92M size=11.15MB
|  |       columns: all
|  |     extrapolated-rows=disabled max-scan-range-rows=197.97K
|  |     mem-estimate=16.00MB mem-reservation=1.00MB thread-reservation=0
|  |     tuple-ids=34 row-size=17B cardinality=1.92M cost=138297
|  |     in pipelines: 50(GETNEXT)
|  |
|  66:HASH JOIN [INNER JOIN]
|  |  hash predicates: c_current_hdemo_sk = hd2.hd_demo_sk
|  |  fk/pk conjuncts: c_current_hdemo_sk = hd2.hd_demo_sk
|  |  runtime filters: RF067[min_max] <- hd2.hd_demo_sk
|  |  mem-estimate=1.94MB mem-reservation=1.94MB spill-buffer=64.00KB thread-reservation=0
|  |  tuple-ids=24,23,43,29,33,39,37,38 row-size=250B cardinality=21.40M cost=9509642
|  |  in pipelines: 40(GETNEXT), 54(OPEN)
|  |
|  |--54:SCAN HDFS [tpcds_partitioned_parquet_snap.household_demographics hd2]
|  |     HDFS partitions=1/1 files=1 size=41.69KB
|  |     runtime filters: RF049[min_max] -> hd2.hd_income_band_sk
|  |     stored statistics:
|  |       table: rows=7.20K size=41.69KB
|  |       columns: all
|  |     extrapolated-rows=disabled max-scan-range-rows=7.20K
|  |     mem-estimate=16.00MB mem-reservation=64.00KB thread-reservation=0
|  |     tuple-ids=38 row-size=8B cardinality=7.20K cost=829
|  |     in pipelines: 54(GETNEXT)
|  |
|  65:HASH JOIN [INNER JOIN]
|  |  hash predicates: ss_hdemo_sk = hd1.hd_demo_sk
|  |  fk/pk conjuncts: ss_hdemo_sk = hd1.hd_demo_sk
|  |  runtime filters: RF069[min_max] <- hd1.hd_demo_sk
|  |  mem-estimate=1.94MB mem-reservation=1.94MB spill-buffer=64.00KB thread-reservation=0
|  |  tuple-ids=24,23,43,29,33,39,37 row-size=242B cardinality=21.93M cost=9741924
|  |  in pipelines: 40(GETNEXT), 53(OPEN)
|  |
|  |--53:SCAN HDFS [tpcds_partitioned_parquet_snap.household_demographics hd1]
|  |     HDFS partitions=1/1 files=1 size=41.69KB
|  |     runtime filters: RF051[min_max] -> hd1.hd_income_band_sk
|  |     stored statistics:
|  |       table: rows=7.20K size=41.69KB
|  |       columns: all
|  |     extrapolated-rows=disabled max-scan-range-rows=7.20K
|  |     mem-estimate=16.00MB mem-reservation=64.00KB thread-reservation=0
|  |     tuple-ids=37 row-size=8B cardinality=7.20K cost=829
|  |     in pipelines: 53(GETNEXT)
|  |
|  64:HASH JOIN [INNER JOIN]
|  |  hash predicates: ss_addr_sk = ad1.ca_address_sk
|  |  fk/pk conjuncts: ss_addr_sk = ad1.ca_address_sk
|  |  runtime filters: RF071[min_max] <- ad1.ca_address_sk
|  |  mem-estimate=1.46GB mem-reservation=34.00MB spill-buffer=2.00MB thread-reservation=0
|  |  tuple-ids=24,23,43,29,33,39 row-size=234B cardinality=22.46M cost=25025023
|  |  in pipelines: 40(GETNEXT), 55(OPEN)
|  |
|  |--55:SCAN HDFS [tpcds_partitioned_parquet_snap.customer_address ad1]
|  |     HDFS partitions=1/1 files=1 size=307.36MB
|  |     stored statistics:
|  |       table: rows=15.00M size=307.36MB
|  |       columns: all
|  |     extrapolated-rows=disabled max-scan-range-rows=1.58M
|  |     mem-estimate=16.00MB mem-reservation=128.00KB thread-reservation=0
|  |     tuple-ids=39 row-size=78B cardinality=15.00M cost=6384216
|  |     in pipelines: 55(GETNEXT)
|  |
|  63:HASH JOIN [INNER JOIN]
|  |  hash predicates: ss_customer_sk = c_customer_sk
|  |  fk/pk conjuncts: ss_customer_sk = c_customer_sk
|  |  runtime filters: RF073[min_max] <- c_customer_sk
|  |  mem-estimate=1.42GB mem-reservation=34.00MB spill-buffer=2.00MB thread-reservation=0
|  |  tuple-ids=24,23,43,29,33 row-size=156B cardinality=23.22M cost=40693595
|  |  in pipelines: 40(GETNEXT), 49(OPEN)
|  |
|  |--49:SCAN HDFS [tpcds_partitioned_parquet_snap.customer]
|  |     HDFS partitions=1/1 files=1 size=1.55GB
|  |     runtime filters: RF067[min_max] -> c_current_hdemo_sk, RF063[min_max] -> c_current_cdemo_sk, RF053[min_max] -> c_current_addr_sk, RF059[min_max] -> c_first_shipto_date_sk, RF061[min_max] -> c_first_sales_date_sk
|  |     stored statistics:
|  |       table: rows=30.00M size=1.55GB
|  |       columns: all
|  |     extrapolated-rows=disabled max-scan-range-rows=3.10M
|  |     mem-estimate=16.00MB mem-reservation=1.00MB thread-reservation=0
|  |     tuple-ids=33 row-size=24B cardinality=30.00M cost=10368000
|  |     in pipelines: 49(GETNEXT)
|  |
|  62:HASH JOIN [INNER JOIN]
|  |  hash predicates: sr_item_sk = ss_item_sk, sr_ticket_number = ss_ticket_number
|  |  fk/pk conjuncts: sr_item_sk = ss_item_sk, sr_ticket_number = ss_ticket_number
|  |  runtime filters: RF074[bloom] <- ss_item_sk, RF075[bloom] <- ss_ticket_number, RF076[min_max] <- ss_item_sk, RF077[min_max] <- ss_ticket_number
|  |  mem-estimate=4.83GB mem-reservation=34.00MB spill-buffer=2.00MB thread-reservation=0
|  |  tuple-ids=24,23,43,29 row-size=132B cardinality=25.29M cost=57607737
|  |  in pipelines: 40(GETNEXT), 39(OPEN)
|  |
|  |--61:HASH JOIN [INNER JOIN]
|  |  |  hash predicates: ss_sold_date_sk = d1.d_date_sk
|  |  |  fk/pk conjuncts: ss_sold_date_sk = d1.d_date_sk
|  |  |  runtime filters: RF078[bloom] <- d1.d_date_sk
|  |  |  mem-estimate=1.94MB mem-reservation=1.94MB spill-buffer=64.00KB thread-reservation=0
|  |  |  tuple-ids=23,43,29 row-size=120B cardinality=36.42M cost=15940412
|  |  |  in pipelines: 39(GETNEXT), 45(OPEN)
|  |  |
|  |  |--85:TUPLE CACHE
|  |  |  |  cache key: 0ed1145e9b3c2f20d7820bf6be377b55
|  |  |  |  input scan node ids: 45
|  |  |  |  estimated serialized size: 4.37KB
|  |  |  |  estimated serialized size per node: 4.37KB
|  |  |  |  cumulative processing cost: 10467
|  |  |  |  cache read processing cost: 49
|  |  |  |  cache write processing cost: 12
|  |  |  |  mem-estimate=4.00MB mem-reservation=4.00MB spill-buffer=2.00MB thread-reservation=0
|  |  |  |  tuple-ids=29 row-size=8B cardinality=373 cost=0
|  |  |  |  in pipelines: 45(GETNEXT)
|  |  |  |
|  |  |  45:SCAN HDFS [tpcds_partitioned_parquet_snap.date_dim d1]
|  |  |     HDFS partitions=1/1 files=1 size=2.17MB
|  |  |     deterministic scan range assignment: true
|  |  |     schedule scan ranges oldest to newest: true
|  |  |     predicates: d1.d_year = CAST(2001 AS INT)
|  |  |     stored statistics:
|  |  |       table: rows=73.05K size=2.17MB
|  |  |       columns: all
|  |  |     extrapolated-rows=disabled max-scan-range-rows=73.05K
|  |  |     parquet statistics predicates: d1.d_year = CAST(2001 AS INT)
|  |  |     parquet dictionary predicates: d1.d_year = CAST(2001 AS INT)
|  |  |     mem-estimate=16.00MB mem-reservation=512.00KB thread-reservation=0
|  |  |     tuple-ids=29 row-size=8B cardinality=373 cost=10467
|  |  |     in pipelines: 45(GETNEXT)
|  |  |
|  |  60:HASH JOIN [INNER JOIN]
|  |  |  hash predicates: ss_item_sk = i_item_sk
|  |  |  fk/pk conjuncts: ss_item_sk = i_item_sk
|  |  |  runtime filters: RF080[bloom] <- i_item_sk, RF081[min_max] <- i_item_sk
|  |  |  mem-estimate=1.94MB mem-reservation=1.94MB spill-buffer=64.00KB thread-reservation=0
|  |  |  tuple-ids=23,43 row-size=112B cardinality=36.42M(filtered from 178.09M) cost=41617686
|  |  |  in pipelines: 39(GETNEXT), 59(OPEN)
|  |  |
|  |  |--84:TUPLE CACHE
|  |  |  |  cache key: ad296a402e39b4b0793c7324ca29f224
|  |  |  |  input scan node ids: 59
|  |  |  |  estimated serialized size: 465.69KB
|  |  |  |  estimated serialized size per node: 116.42KB
|  |  |  |  cumulative processing cost: 238409
|  |  |  |  cache read processing cost: 986
|  |  |  |  cache write processing cost: 1287
|  |  |  |  mem-estimate=4.00MB mem-reservation=4.00MB spill-buffer=2.00MB thread-reservation=0
|  |  |  |  tuple-ids=43 row-size=60B cardinality=7.42K cost=0
|  |  |  |  in pipelines: 59(GETNEXT)
|  |  |  |
|  |  |  59:SCAN HDFS [tpcds_partitioned_parquet_snap.item]
|  |  |     HDFS partitions=1/1 files=1 size=33.54MB
|  |  |     deterministic scan range assignment: true
|  |  |     schedule scan ranges oldest to newest: true
|  |  |     predicates: i_color IN ('peach', 'misty', 'drab', 'chocolate', 'almond', 'saddle'), i_current_price <= CAST(85 AS DECIMAL(5,0)), i_current_price <= CAST(90 AS DECIMAL(5,0)), i_current_price >= CAST(75 AS DECIMAL(3,0)), i_current_price >= CAST(76 AS DECIMAL(5,0))
|  |  |     runtime filters: RF047[min_max] -> tpcds_partitioned_parquet_snap.item.i_item_sk
|  |  |     stored statistics:
|  |  |       table: rows=360.00K size=33.54MB
|  |  |       columns: all
|  |  |     extrapolated-rows=disabled max-scan-range-rows=101.54K
|  |  |     parquet statistics predicates: i_color IN ('peach', 'misty', 'drab', 'chocolate', 'almond', 'saddle'), i_current_price <= CAST(85 AS DECIMAL(5,0)), i_current_price <= CAST(90 AS DECIMAL(5,0)), i_current_price >= CAST(75 AS DECIMAL(3,0)), i_current_price >= CAST(76 AS DECIMAL(5,0))
|  |  |     parquet dictionary predicates: i_color IN ('peach', 'misty', 'drab', 'chocolate', 'almond', 'saddle'), i_current_price <= CAST(85 AS DECIMAL(5,0)), i_current_price <= CAST(90 AS DECIMAL(5,0)), i_current_price >= CAST(75 AS DECIMAL(3,0)), i_current_price >= CAST(76 AS DECIMAL(5,0))
|  |  |     mem-estimate=16.00MB mem-reservation=512.00KB thread-reservation=0
|  |  |     tuple-ids=43 row-size=60B cardinality=7.42K cost=238409
|  |  |     in pipelines: 59(GETNEXT)
|  |  |
|  |  39:SCAN HDFS [tpcds_partitioned_parquet_snap.store_sales]
|  |     HDFS partitions=1824/1824 files=1824 size=389.90GB
|  |     runtime filters: RF081[min_max] -> ss_item_sk, RF073[min_max] -> ss_customer_sk, RF071[min_max] -> ss_addr_sk, RF069[min_max] -> ss_hdemo_sk, RF065[min_max] -> ss_cdemo_sk, RF055[min_max] -> ss_promo_sk, RF057[min_max] -> ss_store_sk, RF047[min_max] -> ss_item_sk, RF080[bloom] -> ss_item_sk, RF078[bloom] -> ss_sold_date_sk
|  |     stored statistics:
|  |       table: rows=8.64G size=389.90GB
|  |       partitions: 1824/1824 rows=8.64G
|  |       columns: all
|  |     extrapolated-rows=disabled max-scan-range-rows=390.22M est-scan-range=374(filtered from 1824)
|  |     mem-estimate=16.00MB mem-reservation=8.00MB thread-reservation=0
|  |     tuple-ids=23 row-size=52B cardinality=36.42M(filtered from 8.64G) cost=1323001445
|  |     in pipelines: 39(GETNEXT)
|  |
|  40:SCAN HDFS [tpcds_partitioned_parquet_snap.store_returns]
|     HDFS partitions=2004/2004 files=2004 size=48.14GB
|     runtime filters: RF076[min_max] -> sr_item_sk, RF077[min_max] -> sr_ticket_number, RF047[min_max] -> tpcds_partitioned_parquet_snap.store_returns.sr_item_sk, RF074[bloom] -> sr_item_sk, RF075[bloom] -> sr_ticket_number
|     stored statistics:
|       table: rows=863.99M size=48.14GB
|       partitions: 2004/2004 rows=863.99M
|       columns: all
|     extrapolated-rows=disabled max-scan-range-rows=30.09M
|     mem-estimate=16.00MB mem-reservation=512.00KB thread-reservation=0
|     tuple-ids=24 row-size=12B cardinality=64.75M(filtered from 863.99M) cost=149297235
|     in pipelines: 40(GETNEXT)
|
38:AGGREGATE [FINALIZE]
|  output: count(*), sum(ss_wholesale_cost), sum(ss_list_price), sum(ss_coupon_amt)
|  group by: i_product_name, i_item_sk, s_store_name, s_zip, ad1.ca_street_number, ad1.ca_street_name, ad1.ca_city, ad1.ca_zip, ad2.ca_street_number, ad2.ca_street_name, ad2.ca_city, ad2.ca_zip, d1.d_year, d2.d_year, d3.d_year
|  mem-estimate=527.00MB mem-reservation=34.00MB spill-buffer=2.00MB thread-reservation=0
|  tuple-ids=21 row-size=287B cardinality=863.99M cost=5281247328
|  in pipelines: 38(GETNEXT), 01(OPEN)
|
37:HASH JOIN [INNER JOIN]
|  hash predicates: ss_item_sk = cs_item_sk
|  fk/pk conjuncts: none
|  runtime filters: RF007[min_max] <- cs_item_sk
|  mem-estimate=2.88MB mem-reservation=2.88MB spill-buffer=128.00KB thread-reservation=0
|  tuple-ids=1,0,20,6,10,16,14,15,11,12,7,8,9,13,17,18,19,4 row-size=462B cardinality=863.99M cost=161948002
|  in pipelines: 01(GETNEXT), 05(OPEN)
|
|--83:TUPLE CACHE
|  |  cache key: 41cfc5a749514f08c25c1d74729e76f3
|  |  input scan node ids: 2,3
|  |  estimated serialized size: 1.37MB
|  |  estimated serialized size per node: 140.70KB
|  |  cumulative processing cost: 3995470666
|  |  cache read processing cost: 4786
|  |  cache write processing cost: 3889
|  |  mem-estimate=4.00MB mem-reservation=4.00MB spill-buffer=2.00MB thread-reservation=0
|  |  tuple-ids=4 row-size=36B cardinality=36.02K cost=0
|  |  in pipelines: 05(GETNEXT)
|  |
|  05:AGGREGATE [FINALIZE]
|  |  output: sum(cs_ext_list_price), sum(cr_refunded_cash + cr_reversed_charge + cr_store_credit)
|  |  group by: cs_item_sk
|  |  having: sum(cs_ext_list_price) > CAST(2 AS DECIMAL(3,0)) * sum(cr_refunded_cash + cr_reversed_charge + cr_store_credit)
|  |  mem-estimate=34.00MB mem-reservation=34.00MB spill-buffer=2.00MB thread-reservation=0
|  |  tuple-ids=4 row-size=36B cardinality=36.02K cost=928618209
|  |  in pipelines: 05(GETNEXT), 02(OPEN)
|  |
|  04:HASH JOIN [INNER JOIN]
|  |  hash predicates: cs_item_sk = cr_item_sk, cs_order_number = cr_order_number
|  |  fk/pk conjuncts: cs_item_sk = cr_item_sk, cs_order_number = cr_order_number
|  |  runtime filters: RF042[bloom] <- cr_item_sk, RF043[bloom] <- cr_order_number, RF044[min_max] <- cr_item_sk, RF045[min_max] <- cr_order_number
|  |  mem-estimate=21.66GB mem-reservation=34.00MB spill-buffer=2.00MB thread-reservation=0
|  |  tuple-ids=2,3 row-size=40B cardinality=2.56G cost=1922201419
|  |  in pipelines: 02(GETNEXT), 03(OPEN)
|  |
|  |--03:SCAN HDFS [tpcds_partitioned_parquet_snap.catalog_returns]
|  |     HDFS partitions=2060/2060 files=2060 size=32.77GB
|  |     deterministic scan range assignment: true
|  |     schedule scan ranges oldest to newest: true
|  |     runtime filters: RF003[min_max] -> tpcds_partitioned_parquet_snap.catalog_returns.cr_item_sk
|  |     stored statistics:
|  |       table: rows=432.02M size=32.77GB
|  |       partitions: 2060/2060 rows=432.02M
|  |       columns: all
|  |     extrapolated-rows=disabled max-scan-range-rows=416.82K
|  |     mem-estimate=16.00MB mem-reservation=40.00KB thread-reservation=0
|  |     tuple-ids=3 row-size=24B cardinality=432.02M cost=149305072
|  |     in pipelines: 03(GETNEXT)
|  |
|  02:SCAN HDFS [tpcds_partitioned_parquet_snap.catalog_sales]
|     HDFS partitions=1831/1831 files=1831 size=280.96GB
|     deterministic scan range assignment: true
|     schedule scan ranges oldest to newest: true
|     runtime filters: RF044[min_max] -> cs_item_sk, RF045[min_max] -> cs_order_number, RF003[min_max] -> tpcds_partitioned_parquet_snap.catalog_sales.cs_item_sk, RF042[bloom] -> cs_item_sk, RF043[bloom] -> cs_order_number
|     stored statistics:
|       table: rows=4.32G size=280.96GB
|       partitions: 1831/1831 rows=4.32G
|       columns: all
|     extrapolated-rows=disabled max-scan-range-rows=21.52M
|     mem-estimate=16.00MB mem-reservation=1.00MB thread-reservation=0
|     tuple-ids=2 row-size=16B cardinality=4.00G(filtered from 4.32G) cost=995345966
|     in pipelines: 02(GETNEXT)
|
36:HASH JOIN [INNER JOIN]
|  hash predicates: hd2.hd_income_band_sk = ib2.ib_income_band_sk
|  fk/pk conjuncts: hd2.hd_income_band_sk = ib2.ib_income_band_sk
|  runtime filters: RF009[min_max] <- ib2.ib_income_band_sk
|  mem-estimate=1.94MB mem-reservation=1.94MB spill-buffer=64.00KB thread-reservation=0
|  tuple-ids=1,0,20,6,10,16,14,15,11,12,7,8,9,13,17,18,19 row-size=426B cardinality=20.88M cost=9140257
|  in pipelines: 01(GETNEXT), 19(OPEN)
|
|--19:SCAN HDFS [tpcds_partitioned_parquet_snap.income_band ib2]
|     HDFS partitions=1/1 files=1 size=1.22KB
|     stored statistics:
|       table: rows=20 size=1.22KB
|       columns: all
|     extrapolated-rows=disabled max-scan-range-rows=20
|     mem-estimate=16.00MB mem-reservation=8.00KB thread-reservation=0
|     tuple-ids=19 row-size=4B cardinality=20 cost=1
|     in pipelines: 19(GETNEXT)
|
35:HASH JOIN [INNER JOIN]
|  hash predicates: hd1.hd_income_band_sk = ib1.ib_income_band_sk
|  fk/pk conjuncts: hd1.hd_income_band_sk = ib1.ib_income_band_sk
|  runtime filters: RF011[min_max] <- ib1.ib_income_band_sk
|  mem-estimate=1.94MB mem-reservation=1.94MB spill-buffer=64.00KB thread-reservation=0
|  tuple-ids=1,0,20,6,10,16,14,15,11,12,7,8,9,13,17,18 row-size=422B cardinality=20.88M cost=9140257
|  in pipelines: 01(GETNEXT), 18(OPEN)
|
|--18:SCAN HDFS [tpcds_partitioned_parquet_snap.income_band ib1]
|     HDFS partitions=1/1 files=1 size=1.22KB
|     stored statistics:
|       table: rows=20 size=1.22KB
|       columns: all
|     extrapolated-rows=disabled max-scan-range-rows=20
|     mem-estimate=16.00MB mem-reservation=8.00KB thread-reservation=0
|     tuple-ids=18 row-size=4B cardinality=20 cost=1
|     in pipelines: 18(GETNEXT)
|
34:HASH JOIN [INNER JOIN]
|  hash predicates: c_current_addr_sk = ad2.ca_address_sk
|  fk/pk conjuncts: c_current_addr_sk = ad2.ca_address_sk
|  runtime filters: RF013[min_max] <- ad2.ca_address_sk
|  mem-estimate=1.46GB mem-reservation=34.00MB spill-buffer=2.00MB thread-reservation=0
|  tuple-ids=1,0,20,6,10,16,14,15,11,12,7,8,9,13,17 row-size=418B cardinality=20.88M cost=24140237
|  in pipelines: 01(GETNEXT), 17(OPEN)
|
|--17:SCAN HDFS [tpcds_partitioned_parquet_snap.customer_address ad2]
|     HDFS partitions=1/1 files=1 size=307.36MB
|     stored statistics:
|       table: rows=15.00M size=307.36MB
|       columns: all
|     extrapolated-rows=disabled max-scan-range-rows=1.58M
|     mem-estimate=16.00MB mem-reservation=128.00KB thread-reservation=0
|     tuple-ids=17 row-size=78B cardinality=15.00M cost=6384216
|     in pipelines: 17(GETNEXT)
|
33:HASH JOIN [INNER JOIN]
|  hash predicates: ss_promo_sk = p_promo_sk
|  fk/pk conjuncts: ss_promo_sk = p_promo_sk
|  runtime filters: RF015[min_max] <- p_promo_sk
|  mem-estimate=1.94MB mem-reservation=1.94MB spill-buffer=64.00KB thread-reservation=0
|  tuple-ids=1,0,20,6,10,16,14,15,11,12,7,8,9,13 row-size=341B cardinality=20.88M cost=9142037
|  in pipelines: 01(GETNEXT), 13(OPEN)
|
|--13:SCAN HDFS [tpcds_partitioned_parquet_snap.promotion]
|     HDFS partitions=1/1 files=1 size=100.50KB
|     stored statistics:
|       table: rows=1.80K size=100.50KB
|       columns: all
|     extrapolated-rows=disabled max-scan-range-rows=1.80K
|     mem-estimate=16.00MB mem-reservation=32.00KB thread-reservation=0
|     tuple-ids=13 row-size=4B cardinality=1.80K cost=103
|     in pipelines: 13(GETNEXT)
|
32:HASH JOIN [INNER JOIN]
|  hash predicates: ss_store_sk = s_store_sk
|  fk/pk conjuncts: ss_store_sk = s_store_sk
|  runtime filters: RF017[min_max] <- s_store_sk
|  mem-estimate=1.94MB mem-reservation=1.94MB spill-buffer=64.00KB thread-reservation=0
|  tuple-ids=1,0,20,6,10,16,14,15,11,12,7,8,9 row-size=337B cardinality=20.88M cost=9141587
|  in pipelines: 01(GETNEXT), 09(OPEN)
|
|--09:SCAN HDFS [tpcds_partitioned_parquet_snap.store]
|     HDFS partitions=1/1 files=1 size=119.76KB
|     runtime filters: RF004[min_max] -> tpcds_partitioned_parquet_snap.store.s_store_name, RF005[min_max] -> tpcds_partitioned_parquet_snap.store.s_zip
|     stored statistics:
|       table: rows=1.35K size=119.76KB
|       columns: all
|     extrapolated-rows=disabled max-scan-range-rows=1.35K
|     mem-estimate=16.00MB mem-reservation=24.00KB thread-reservation=0
|     tuple-ids=9 row-size=37B cardinality=1.35K cost=251
|     in pipelines: 09(GETNEXT)
|
31:HASH JOIN [INNER JOIN]
|  hash predicates: c_first_shipto_date_sk = d3.d_date_sk
|  fk/pk conjuncts: c_first_shipto_date_sk = d3.d_date_sk
|  runtime filters: RF019[min_max] <- d3.d_date_sk
|  mem-estimate=4.75MB mem-reservation=4.75MB spill-buffer=256.00KB thread-reservation=0
|  tuple-ids=1,0,20,6,10,16,14,15,11,12,7,8 row-size=300B cardinality=20.88M cost=9213286
|  in pipelines: 01(GETNEXT), 08(OPEN)
|
|--08:SCAN HDFS [tpcds_partitioned_parquet_snap.date_dim d3]
|     HDFS partitions=1/1 files=1 size=2.17MB
|     stored statistics:
|       table: rows=73.05K size=2.17MB
|       columns: all
|     extrapolated-rows=disabled max-scan-range-rows=73.05K
|     mem-estimate=16.00MB mem-reservation=512.00KB thread-reservation=0
|     tuple-ids=8 row-size=8B cardinality=73.05K cost=8415
|     in pipelines: 08(GETNEXT)
|
30:HASH JOIN [INNER JOIN]
|  hash predicates: c_first_sales_date_sk = d2.d_date_sk
|  fk/pk conjuncts: c_first_sales_date_sk = d2.d_date_sk
|  runtime filters: RF021[min_max] <- d2.d_date_sk
|  mem-estimate=4.75MB mem-reservation=4.75MB spill-buffer=256.00KB thread-reservation=0
|  tuple-ids=1,0,20,6,10,16,14,15,11,12,7 row-size=292B cardinality=20.88M cost=9213286
|  in pipelines: 01(GETNEXT), 07(OPEN)
|
|--07:SCAN HDFS [tpcds_partitioned_parquet_snap.date_dim d2]
|     HDFS partitions=1/1 files=1 size=2.17MB
|     stored statistics:
|       table: rows=73.05K size=2.17MB
|       columns: all
|     extrapolated-rows=disabled max-scan-range-rows=73.05K
|     mem-estimate=16.00MB mem-reservation=512.00KB thread-reservation=0
|     tuple-ids=7 row-size=8B cardinality=73.05K cost=8415
|     in pipelines: 07(GETNEXT)
|
29:HASH JOIN [INNER JOIN]
|  hash predicates: c_current_cdemo_sk = cd2.cd_demo_sk
|  fk/pk conjuncts: c_current_cdemo_sk = cd2.cd_demo_sk
|  other predicates: cd1.cd_marital_status != cd2.cd_marital_status
|  runtime filters: RF023[min_max] <- cd2.cd_demo_sk
|  mem-estimate=79.14MB mem-reservation=34.00MB spill-buffer=2.00MB thread-reservation=0
|  tuple-ids=1,0,20,6,10,16,14,15,11,12 row-size=284B cardinality=20.88M cost=11127434
|  in pipelines: 01(GETNEXT), 12(OPEN)
|
|--12:SCAN HDFS [tpcds_partitioned_parquet_snap.customer_demographics cd2]
|     HDFS partitions=1/1 files=1 size=11.15MB
|     stored statistics:
|       table: rows=1.92M size=11.15MB
|       columns: all
|     extrapolated-rows=disabled max-scan-range-rows=197.97K
|     mem-estimate=16.00MB mem-reservation=1.00MB thread-reservation=0
|     tuple-ids=12 row-size=17B cardinality=1.92M cost=138297
|     in pipelines: 12(GETNEXT)
|
28:HASH JOIN [INNER JOIN]
|  hash predicates: ss_cdemo_sk = cd1.cd_demo_sk
|  fk/pk conjuncts: ss_cdemo_sk = cd1.cd_demo_sk
|  runtime filters: RF025[min_max] <- cd1.cd_demo_sk
|  mem-estimate=79.14MB mem-reservation=34.00MB spill-buffer=2.00MB thread-reservation=0
|  tuple-ids=1,0,20,6,10,16,14,15,11 row-size=267B cardinality=21.14M cost=11241558
|  in pipelines: 01(GETNEXT), 11(OPEN)
|
|--11:SCAN HDFS [tpcds_partitioned_parquet_snap.customer_demographics cd1]
|     HDFS partitions=1/1 files=1 size=11.15MB
|     stored statistics:
|       table: rows=1.92M size=11.15MB
|       columns: all
|     extrapolated-rows=disabled max-scan-range-rows=197.97K
|     mem-estimate=16.00MB mem-reservation=1.00MB thread-reservation=0
|     tuple-ids=11 row-size=17B cardinality=1.92M cost=138297
|     in pipelines: 11(GETNEXT)
|
27:HASH JOIN [INNER JOIN]
|  hash predicates: c_current_hdemo_sk = hd2.hd_demo_sk
|  fk/pk conjuncts: c_current_hdemo_sk = hd2.hd_demo_sk
|  runtime filters: RF027[min_max] <- hd2.hd_demo_sk
|  mem-estimate=1.94MB mem-reservation=1.94MB spill-buffer=64.00KB thread-reservation=0
|  tuple-ids=1,0,20,6,10,16,14,15 row-size=250B cardinality=21.40M cost=9509642
|  in pipelines: 01(GETNEXT), 15(OPEN)
|
|--15:SCAN HDFS [tpcds_partitioned_parquet_snap.household_demographics hd2]
|     HDFS partitions=1/1 files=1 size=41.69KB
|     runtime filters: RF009[min_max] -> hd2.hd_income_band_sk
|     stored statistics:
|       table: rows=7.20K size=41.69KB
|       columns: all
|     extrapolated-rows=disabled max-scan-range-rows=7.20K
|     mem-estimate=16.00MB mem-reservation=64.00KB thread-reservation=0
|     tuple-ids=15 row-size=8B cardinality=7.20K cost=829
|     in pipelines: 15(GETNEXT)
|
26:HASH JOIN [INNER JOIN]
|  hash predicates: ss_hdemo_sk = hd1.hd_demo_sk
|  fk/pk conjuncts: ss_hdemo_sk = hd1.hd_demo_sk
|  runtime filters: RF029[min_max] <- hd1.hd_demo_sk
|  mem-estimate=1.94MB mem-reservation=1.94MB spill-buffer=64.00KB thread-reservation=0
|  tuple-ids=1,0,20,6,10,16,14 row-size=242B cardinality=21.93M cost=9741924
|  in pipelines: 01(GETNEXT), 14(OPEN)
|
|--14:SCAN HDFS [tpcds_partitioned_parquet_snap.household_demographics hd1]
|     HDFS partitions=1/1 files=1 size=41.69KB
|     runtime filters: RF011[min_max] -> hd1.hd_income_band_sk
|     stored statistics:
|       table: rows=7.20K size=41.69KB
|       columns: all
|     extrapolated-rows=disabled max-scan-range-rows=7.20K
|     mem-estimate=16.00MB mem-reservation=64.00KB thread-reservation=0
|     tuple-ids=14 row-size=8B cardinality=7.20K cost=829
|     in pipelines: 14(GETNEXT)
|
25:HASH JOIN [INNER JOIN]
|  hash predicates: ss_addr_sk = ad1.ca_address_sk
|  fk/pk conjuncts: ss_addr_sk = ad1.ca_address_sk
|  runtime filters: RF031[min_max] <- ad1.ca_address_sk
|  mem-estimate=1.46GB mem-reservation=34.00MB spill-buffer=2.00MB thread-reservation=0
|  tuple-ids=1,0,20,6,10,16 row-size=234B cardinality=22.46M cost=25025023
|  in pipelines: 01(GETNEXT), 16(OPEN)
|
|--16:SCAN HDFS [tpcds_partitioned_parquet_snap.customer_address ad1]
|     HDFS partitions=1/1 files=1 size=307.36MB
|     stored statistics:
|       table: rows=15.00M size=307.36MB
|       columns: all
|     extrapolated-rows=disabled max-scan-range-rows=1.58M
|     mem-estimate=16.00MB mem-reservation=128.00KB thread-reservation=0
|     tuple-ids=16 row-size=78B cardinality=15.00M cost=6384216
|     in pipelines: 16(GETNEXT)
|
24:HASH JOIN [INNER JOIN]
|  hash predicates: ss_customer_sk = c_customer_sk
|  fk/pk conjuncts: ss_customer_sk = c_customer_sk
|  runtime filters: RF033[min_max] <- c_customer_sk
|  mem-estimate=1.42GB mem-reservation=34.00MB spill-buffer=2.00MB thread-reservation=0
|  tuple-ids=1,0,20,6,10 row-size=156B cardinality=23.22M cost=40693595
|  in pipelines: 01(GETNEXT), 10(OPEN)
|
|--10:SCAN HDFS [tpcds_partitioned_parquet_snap.customer]
|     HDFS partitions=1/1 files=1 size=1.55GB
|     runtime filters: RF027[min_max] -> c_current_hdemo_sk, RF023[min_max] -> c_current_cdemo_sk, RF013[min_max] -> c_current_addr_sk, RF019[min_max] -> c_first_shipto_date_sk, RF021[min_max] -> c_first_sales_date_sk
|     stored statistics:
|       table: rows=30.00M size=1.55GB
|       columns: all
|     extrapolated-rows=disabled max-scan-range-rows=3.10M
|     mem-estimate=16.00MB mem-reservation=1.00MB thread-reservation=0
|     tuple-ids=10 row-size=24B cardinality=30.00M cost=10368000
|     in pipelines: 10(GETNEXT)
|
23:HASH JOIN [INNER JOIN]
|  hash predicates: sr_item_sk = ss_item_sk, sr_ticket_number = ss_ticket_number
|  fk/pk conjuncts: sr_item_sk = ss_item_sk, sr_ticket_number = ss_ticket_number
|  runtime filters: RF034[bloom] <- ss_item_sk, RF035[bloom] <- ss_ticket_number, RF036[min_max] <- ss_item_sk, RF037[min_max] <- ss_ticket_number
|  mem-estimate=4.83GB mem-reservation=34.00MB spill-buffer=2.00MB thread-reservation=0
|  tuple-ids=1,0,20,6 row-size=132B cardinality=25.29M cost=57607737
|  in pipelines: 01(GETNEXT), 00(OPEN)
|
|--22:HASH JOIN [INNER JOIN]
|  |  hash predicates: ss_sold_date_sk = d1.d_date_sk
|  |  fk/pk conjuncts: ss_sold_date_sk = d1.d_date_sk
|  |  runtime filters: RF038[bloom] <- d1.d_date_sk
|  |  mem-estimate=1.94MB mem-reservation=1.94MB spill-buffer=64.00KB thread-reservation=0
|  |  tuple-ids=0,20,6 row-size=120B cardinality=36.42M cost=15940412
|  |  in pipelines: 00(GETNEXT), 06(OPEN)
|  |
|  |--82:TUPLE CACHE
|  |  |  cache key: 7b1386755ea9bf5bc7f77efa229d8f45
|  |  |  input scan node ids: 6
|  |  |  estimated serialized size: 4.37KB
|  |  |  estimated serialized size per node: 4.37KB
|  |  |  cumulative processing cost: 10467
|  |  |  cache read processing cost: 49
|  |  |  cache write processing cost: 12
|  |  |  mem-estimate=4.00MB mem-reservation=4.00MB spill-buffer=2.00MB thread-reservation=0
|  |  |  tuple-ids=6 row-size=8B cardinality=373 cost=0
|  |  |  in pipelines: 06(GETNEXT)
|  |  |
|  |  06:SCAN HDFS [tpcds_partitioned_parquet_snap.date_dim d1]
|  |     HDFS partitions=1/1 files=1 size=2.17MB
|  |     deterministic scan range assignment: true
|  |     schedule scan ranges oldest to newest: true
|  |     predicates: d1.d_year = CAST(2000 AS INT)
|  |     stored statistics:
|  |       table: rows=73.05K size=2.17MB
|  |       columns: all
|  |     extrapolated-rows=disabled max-scan-range-rows=73.05K
|  |     parquet statistics predicates: d1.d_year = CAST(2000 AS INT)
|  |     parquet dictionary predicates: d1.d_year = CAST(2000 AS INT)
|  |     mem-estimate=16.00MB mem-reservation=512.00KB thread-reservation=0
|  |     tuple-ids=6 row-size=8B cardinality=373 cost=10467
|  |     in pipelines: 06(GETNEXT)
|  |
|  21:HASH JOIN [INNER JOIN]
|  |  hash predicates: ss_item_sk = i_item_sk
|  |  fk/pk conjuncts: ss_item_sk = i_item_sk
|  |  runtime filters: RF040[bloom] <- i_item_sk, RF041[min_max] <- i_item_sk
|  |  mem-estimate=1.94MB mem-reservation=1.94MB spill-buffer=64.00KB thread-reservation=0
|  |  tuple-ids=0,20 row-size=112B cardinality=36.42M(filtered from 178.09M) cost=41617686
|  |  in pipelines: 00(GETNEXT), 20(OPEN)
|  |
|  |--81:TUPLE CACHE
|  |  |  cache key: e4f4b36b3c4e6af055db7591f8793f3c
|  |  |  input scan node ids: 20
|  |  |  estimated serialized size: 465.69KB
|  |  |  estimated serialized size per node: 116.42KB
|  |  |  cumulative processing cost: 238409
|  |  |  cache read processing cost: 986
|  |  |  cache write processing cost: 1287
|  |  |  mem-estimate=4.00MB mem-reservation=4.00MB spill-buffer=2.00MB thread-reservation=0
|  |  |  tuple-ids=20 row-size=60B cardinality=7.42K cost=0
|  |  |  in pipelines: 20(GETNEXT)
|  |  |
|  |  20:SCAN HDFS [tpcds_partitioned_parquet_snap.item]
|  |     HDFS partitions=1/1 files=1 size=33.54MB
|  |     deterministic scan range assignment: true
|  |     schedule scan ranges oldest to newest: true
|  |     predicates: i_color IN ('peach', 'misty', 'drab', 'chocolate', 'almond', 'saddle'), i_current_price <= CAST(85 AS DECIMAL(5,0)), i_current_price <= CAST(90 AS DECIMAL(5,0)), i_current_price >= CAST(75 AS DECIMAL(3,0)), i_current_price >= CAST(76 AS DECIMAL(5,0))
|  |     runtime filters: RF003[min_max] -> tpcds_partitioned_parquet_snap.item.i_item_sk, RF007[min_max] -> tpcds_partitioned_parquet_snap.item.i_item_sk
|  |     stored statistics:
|  |       table: rows=360.00K size=33.54MB
|  |       columns: all
|  |     extrapolated-rows=disabled max-scan-range-rows=101.54K
|  |     parquet statistics predicates: i_color IN ('peach', 'misty', 'drab', 'chocolate', 'almond', 'saddle'), i_current_price <= CAST(85 AS DECIMAL(5,0)), i_current_price <= CAST(90 AS DECIMAL(5,0)), i_current_price >= CAST(75 AS DECIMAL(3,0)), i_current_price >= CAST(76 AS DECIMAL(5,0))
|  |     parquet dictionary predicates: i_color IN ('peach', 'misty', 'drab', 'chocolate', 'almond', 'saddle'), i_current_price <= CAST(85 AS DECIMAL(5,0)), i_current_price <= CAST(90 AS DECIMAL(5,0)), i_current_price >= CAST(75 AS DECIMAL(3,0)), i_current_price >= CAST(76 AS DECIMAL(5,0))
|  |     mem-estimate=16.00MB mem-reservation=512.00KB thread-reservation=0
|  |     tuple-ids=20 row-size=60B cardinality=7.42K cost=238409
|  |     in pipelines: 20(GETNEXT)
|  |
|  00:SCAN HDFS [tpcds_partitioned_parquet_snap.store_sales]
|     HDFS partitions=1824/1824 files=1824 size=389.90GB
|     runtime filters: RF041[min_max] -> ss_item_sk, RF033[min_max] -> ss_customer_sk, RF031[min_max] -> ss_addr_sk, RF029[min_max] -> ss_hdemo_sk, RF025[min_max] -> ss_cdemo_sk, RF003[min_max] -> tpcds_partitioned_parquet_snap.store_sales.ss_item_sk, RF015[min_max] -> ss_promo_sk, RF017[min_max] -> ss_store_sk, RF007[min_max] -> ss_item_sk, RF040[bloom] -> ss_item_sk, RF038[bloom] -> ss_sold_date_sk
|     stored statistics:
|       table: rows=8.64G size=389.90GB
|       partitions: 1824/1824 rows=8.64G
|       columns: all
|     extrapolated-rows=disabled max-scan-range-rows=390.22M est-scan-range=374(filtered from 1824)
|     mem-estimate=16.00MB mem-reservation=8.00MB thread-reservation=0
|     tuple-ids=0 row-size=52B cardinality=36.42M(filtered from 8.64G) cost=1323001445
|     in pipelines: 00(GETNEXT)
|
80:TUPLE CACHE
|  cache key: f3b0a7c355c0b32a86d09b940d53fb68
|  input scan node ids: 1
|  estimated serialized size: 987.95MB
|  estimated serialized size per node: 98.80MB
|  cumulative processing cost: 149297235
|  cache read processing cost: 8604788
|  cache write processing cost: 2797041
|  mem-estimate=4.00MB mem-reservation=4.00MB spill-buffer=2.00MB thread-reservation=0
|  tuple-ids=1 row-size=12B cardinality=64.75M(filtered from 863.99M) cost=0
|  in pipelines: 01(GETNEXT)
|
01:SCAN HDFS [tpcds_partitioned_parquet_snap.store_returns]
   HDFS partitions=2004/2004 files=2004 size=48.14GB
   deterministic scan range assignment: true
   schedule scan ranges oldest to newest: true
   runtime filters: RF036[min_max] -> sr_item_sk, RF037[min_max] -> sr_ticket_number, RF003[min_max] -> tpcds_partitioned_parquet_snap.store_returns.sr_item_sk, RF007[min_max] -> tpcds_partitioned_parquet_snap.store_returns.sr_item_sk, RF034[bloom] -> sr_item_sk, RF035[bloom] -> sr_ticket_number
   stored statistics:
     table: rows=863.99M size=48.14GB
     partitions: 2004/2004 rows=863.99M
     columns: all
   extrapolated-rows=disabled max-scan-range-rows=30.09M
   mem-estimate=16.00MB mem-reservation=512.00KB thread-reservation=0
   tuple-ids=1 row-size=12B cardinality=64.75M(filtered from 863.99M) cost=149297235
   in pipelines: 01(GETNEXT)
---- DISTRIBUTEDPLAN
Max Per-Host Resource Reservation: Memory=6.11GB Threads=325
Per-Host Resource Estimates: Memory=101.05GB
F53:PLAN FRAGMENT [UNPARTITIONED] hosts=1 instances=1
|  Per-Instance Resources: mem-estimate=1.21GB mem-reservation=4.00MB thread-reservation=1
|  max-parallelism=1 segment-costs=[18941077893] cpu-comparison-result=1516 [max(1 (self) vs 1516 (sum children))]
PLAN-ROOT SINK
|  output exprs: product_name, store_name, store_zip, b_street_number, b_street_name, b_city, b_zip, c_street_number, c_street_name, c_city, c_zip, syear, cnt, s1, s2, s3, s1, s2, s3, syear, cnt
|  mem-estimate=100.00MB mem-reservation=4.00MB spill-buffer=2.00MB thread-reservation=0 cost=18143864832
|
136:MERGING-EXCHANGE [UNPARTITIONED]
|  order by: product_name ASC, store_name ASC, cnt ASC, s1 ASC, s1 ASC
|  mem-estimate=1.11GB mem-reservation=0B thread-reservation=0
|  tuple-ids=46 row-size=335B cardinality=863.99M cost=797213061
|  in pipelines: 79(GETNEXT)
|
F52:PLAN FRAGMENT [HASH(i_item_sk,s_store_name,s_zip)] hosts=10 instances=110 (adjusted from 120)
Per-Instance Resources: mem-estimate=2.49GB mem-reservation=12.00MB thread-reservation=1
max-parallelism=1460 segment-costs=[14553075383, 7852642112] cpu-comparison-result=1516 [max(110 (self) vs 1516 (sum children))]
79:SORT
|  order by: product_name ASC, store_name ASC, cnt ASC, s1 ASC, s1 ASC
|  mem-estimate=2.45GB mem-reservation=12.00MB spill-buffer=2.00MB thread-reservation=0
|  tuple-ids=46 row-size=335B cardinality=863.99M cost=12938654601
|  in pipelines: 79(GETNEXT), 106(OPEN)
|
78:HASH JOIN [INNER JOIN, PARTITIONED]
|  hash-table-id=00
|  hash predicates: i_item_sk = i_item_sk, s_store_name = s_store_name, s_zip = s_zip
|  fk/pk conjuncts: i_item_sk = i_item_sk, s_store_name = s_store_name, s_zip = s_zip
|  other predicates: count(*) <= count(*)
|  mem-estimate=0B mem-reservation=0B spill-buffer=2.00MB thread-reservation=0
|  tuple-ids=21,44 row-size=574B cardinality=863.99M cost=378170002
|  in pipelines: 106(GETNEXT), 133(OPEN)
|
|--F54:PLAN FRAGMENT [HASH(i_item_sk,s_store_name,s_zip)] hosts=10 instances=110 (adjusted from 120)
|  |  Per-Instance Resources: mem-estimate=2.36GB mem-reservation=34.00MB thread-reservation=1
|  |  max-parallelism=1460 segment-costs=[2100244388] cpu-comparison-result=758 [max(110 (self) vs 758 (sum children))]
|  JOIN BUILD
|  |  join-table-id=00 plan-id=01 cohort-id=01
|  |  build expressions: i_item_sk, s_store_name, s_zip
|  |  runtime filters: RF003[min_max] <- i_item_sk, RF004[min_max] <- s_store_name, RF005[min_max] <- s_zip
|  |  mem-estimate=2.32GB mem-reservation=34.00MB spill-buffer=2.00MB thread-reservation=0 cost=863993608
|  |
|  135:EXCHANGE [HASH(i_item_sk,s_store_name,s_zip)]
|  |  mem-estimate=44.09MB mem-reservation=0B thread-reservation=0
|  |  tuple-ids=44 row-size=287B cardinality=863.99M cost=1236250780
|  |  in pipelines: 133(GETNEXT)
|  |
|  F51:PLAN FRAGMENT [HASH(i_product_name,i_item_sk,s_store_name,s_zip,ad1.ca_street_number,ad1.ca_street_name,ad1.ca_city,ad1.ca_zip,ad2.ca_street_number,ad2.ca_street_name,ad2.ca_city,ad2.ca_zip,d1.d_year,d2.d_year,d3.d_year)] hosts=10 instances=120
|  Per-Instance Resources: mem-estimate=637.09MB mem-reservation=34.00MB thread-reservation=1
|  max-parallelism=1650 segment-costs=[6517498108, 16408784776] cpu-comparison-result=758 [max(120 (self) vs 758 (sum children))]
|  133:AGGREGATE [FINALIZE]
|  |  output: count:merge(*), sum:merge(ss_wholesale_cost), sum:merge(ss_list_price), sum:merge(ss_coupon_amt)
|  |  group by: i_product_name, i_item_sk, s_store_name, s_zip, ad1.ca_street_number, ad1.ca_street_name, ad1.ca_city, ad1.ca_zip, ad2.ca_street_number, ad2.ca_street_name, ad2.ca_city, ad2.ca_zip, d1.d_year, d2.d_year, d3.d_year
|  |  mem-estimate=512.09MB mem-reservation=34.00MB spill-buffer=2.00MB thread-reservation=0
|  |  tuple-ids=44 row-size=287B cardinality=863.99M cost=5281247328
|  |  in pipelines: 133(GETNEXT), 40(OPEN)
|  |
|  132:EXCHANGE [HASH(i_product_name,i_item_sk,s_store_name,s_zip,ad1.ca_street_number,ad1.ca_street_name,ad1.ca_city,ad1.ca_zip,ad2.ca_street_number,ad2.ca_street_name,ad2.ca_city,ad2.ca_zip,d1.d_year,d2.d_year,d3.d_year)]
|  |  mem-estimate=44.09MB mem-reservation=0B thread-reservation=0
|  |  tuple-ids=44 row-size=287B cardinality=863.99M cost=1236250780
|  |  in pipelines: 40(GETNEXT)
|  |
|  F44:PLAN FRAGMENT [HASH(c_current_addr_sk)] hosts=10 instances=120
|  Per-Instance Resources: mem-estimate=685.54MB mem-reservation=34.00MB thread-reservation=1
|  max-parallelism=1650 segment-costs=[5515620261, 16408784776] cpu-comparison-result=758 [max(270 (self) vs 758 (sum children))]
|  77:AGGREGATE [STREAMING]
|  |  output: count(*), sum(ss_wholesale_cost), sum(ss_list_price), sum(ss_coupon_amt)
|  |  group by: i_product_name, i_item_sk, s_store_name, s_zip, ad1.ca_street_number, ad1.ca_street_name, ad1.ca_city, ad1.ca_zip, ad2.ca_street_number, ad2.ca_street_name, ad2.ca_city, ad2.ca_zip, d1.d_year, d2.d_year, d3.d_year
|  |  mem-estimate=512.06MB mem-reservation=34.00MB spill-buffer=2.00MB thread-reservation=0
|  |  tuple-ids=44 row-size=287B cardinality=863.99M cost=5281247328
|  |  in pipelines: 40(GETNEXT)
|  |
|  76:HASH JOIN [INNER JOIN, BROADCAST]
|  |  hash-table-id=01
|  |  hash predicates: ss_item_sk = cs_item_sk
|  |  fk/pk conjuncts: none
|  |  mem-estimate=0B mem-reservation=0B spill-buffer=128.00KB thread-reservation=0
|  |  tuple-ids=24,23,43,29,33,39,37,38,34,35,30,31,32,36,40,41,42,27 row-size=462B cardinality=863.99M cost=161911984
|  |  in pipelines: 40(GETNEXT), 130(OPEN)
|  |
|  |--F55:PLAN FRAGMENT [HASH(c_current_addr_sk)] hosts=10 instances=10
|  |  |  Per-Instance Resources: mem-estimate=36.13MB mem-reservation=34.50MB thread-reservation=1
|  |  |  max-parallelism=10 segment-costs=[83878] cpu-comparison-result=240 [max(10 (self) vs 240 (sum children))]
|  |  JOIN BUILD
|  |  |  join-table-id=01 plan-id=02 cohort-id=02
|  |  |  build expressions: cs_item_sk
|  |  |  runtime filters: RF047[min_max] <- cs_item_sk
|  |  |  mem-estimate=34.50MB mem-reservation=34.50MB spill-buffer=128.00KB thread-reservation=0 cost=36018
|  |  |
|  |  131:EXCHANGE [BROADCAST]
|  |  |  mem-estimate=1.63MB mem-reservation=0B thread-reservation=0
|  |  |  tuple-ids=27 row-size=36B cardinality=36.02K cost=47860
|  |  |  in pipelines: 130(GETNEXT)
|  |  |
|  |  F50:PLAN FRAGMENT [HASH(cs_item_sk)] hosts=10 instances=10 (adjusted from 120)
|  |  Per-Instance Resources: mem-estimate=24.69MB mem-reservation=2.88MB thread-reservation=1
|  |  max-parallelism=10 segment-costs=[28566307, 4278] cpu-comparison-result=240 [max(10 (self) vs 240 (sum children))]
|  |  130:AGGREGATE [FINALIZE]
|  |  |  output: sum:merge(cs_ext_list_price), sum:merge(cr_refunded_cash + cr_reversed_charge + cr_store_credit)
|  |  |  group by: cs_item_sk
|  |  |  having: sum(cs_ext_list_price) > CAST(2 AS DECIMAL(3,0)) * sum(cr_refunded_cash + cr_reversed_charge + cr_store_credit)
|  |  |  mem-estimate=10.00MB mem-reservation=2.88MB spill-buffer=128.00KB thread-reservation=0
|  |  |  tuple-ids=27 row-size=36B cardinality=36.02K cost=16606891
|  |  |  in pipelines: 130(GETNEXT), 41(OPEN)
|  |  |
|  |  129:EXCHANGE [HASH(cs_item_sk)]
|  |  |  mem-estimate=14.69MB mem-reservation=0B thread-reservation=0
|  |  |  tuple-ids=27 row-size=36B cardinality=43.22M cost=11959416
|  |  |  in pipelines: 41(GETNEXT)
|  |  |
|  |  F49:PLAN FRAGMENT [HASH(cs_item_sk,cs_order_number)] hosts=10 instances=120
|  |  Per-Instance Resources: mem-estimate=23.91MB mem-reservation=2.00MB thread-reservation=1
|  |  max-parallelism=330 segment-costs=[3269691390, 122472725] cpu-comparison-result=240 [max(240 (self) vs 230 (sum children))]
|  |  44:AGGREGATE [STREAMING]
|  |  |  output: sum(cs_ext_list_price), sum(cr_refunded_cash + cr_reversed_charge + cr_store_credit)
|  |  |  group by: cs_item_sk
|  |  |  mem-estimate=10.00MB mem-reservation=2.00MB spill-buffer=64.00KB thread-reservation=0
|  |  |  tuple-ids=27 row-size=36B cardinality=43.22M cost=1040366503
|  |  |  in pipelines: 41(GETNEXT)
|  |  |
|  |  43:HASH JOIN [INNER JOIN, PARTITIONED]
|  |  |  hash-table-id=02
|  |  |  hash predicates: cs_item_sk = cr_item_sk, cs_order_number = cr_order_number
|  |  |  fk/pk conjuncts: cs_item_sk = cr_item_sk, cs_order_number = cr_order_number
|  |  |  mem-estimate=0B mem-reservation=0B spill-buffer=2.00MB thread-reservation=0
|  |  |  tuple-ids=25,26 row-size=40B cardinality=2.56G cost=1490184428
|  |  |  in pipelines: 41(GETNEXT), 42(OPEN)
|  |  |
|  |  |--F56:PLAN FRAGMENT [HASH(cs_item_sk,cs_order_number)] hosts=10 instances=120
|  |  |  |  Per-Instance Resources: mem-estimate=197.81MB mem-reservation=34.00MB thread-reservation=1
|  |  |  |  max-parallelism=330 segment-costs=[527708754]
|  |  |  JOIN BUILD
|  |  |  |  join-table-id=02 plan-id=03 cohort-id=03
|  |  |  |  build expressions: cr_item_sk, cr_order_number
|  |  |  |  runtime filters: RF084[min_max] <- cr_item_sk, RF085[min_max] <- cr_order_number
|  |  |  |  mem-estimate=184.80MB mem-reservation=34.00MB spill-buffer=2.00MB thread-reservation=0 cost=432016991
|  |  |  |
|  |  |  128:EXCHANGE [HASH(cr_item_sk,cr_order_number)]
|  |  |  |  mem-estimate=13.01MB mem-reservation=0B thread-reservation=0
|  |  |  |  tuple-ids=26 row-size=24B cardinality=432.02M cost=95691763
|  |  |  |  in pipelines: 42(GETNEXT)
|  |  |  |
|  |  |  F48:PLAN FRAGMENT [RANDOM] hosts=10 instances=110 (adjusted from 120)
|  |  |  Per-Instance Resources: mem-estimate=29.12MB mem-reservation=40.00KB thread-reservation=1
|  |  |  max-parallelism=110 segment-costs=[1039605687]
|  |  |  42:SCAN HDFS [tpcds_partitioned_parquet_snap.catalog_returns, RANDOM]
|  |  |     HDFS partitions=2060/2060 files=2060 size=32.77GB
|  |  |     stored statistics:
|  |  |       table: rows=432.02M size=32.77GB
|  |  |       partitions: 2060/2060 rows=432.02M
|  |  |       columns: all
|  |  |     extrapolated-rows=disabled max-scan-range-rows=416.82K
|  |  |     mem-estimate=16.00MB mem-reservation=40.00KB thread-reservation=0
|  |  |     tuple-ids=26 row-size=24B cardinality=432.02M cost=149305072
|  |  |     in pipelines: 42(GETNEXT)
|  |  |
|  |  127:EXCHANGE [HASH(cs_item_sk,cs_order_number)]
|  |  |  mem-estimate=12.34MB mem-reservation=0B thread-reservation=0
|  |  |  tuple-ids=25 row-size=16B cardinality=4.00G(filtered from 4.32G) cost=739140459
|  |  |  in pipelines: 41(GETNEXT)
|  |  |
|  |  F47:PLAN FRAGMENT [RANDOM] hosts=10 instances=120
|  |  Per-Instance Resources: mem-estimate=25.38MB mem-reservation=1.00MB thread-reservation=1
|  |  max-parallelism=720 segment-costs=[7180594990]
|  |  41:SCAN HDFS [tpcds_partitioned_parquet_snap.catalog_sales, RANDOM]
|  |     HDFS partitions=1831/1831 files=1831 size=280.96GB
|  |     runtime filters: RF084[min_max] -> cs_item_sk, RF085[min_max] -> cs_order_number
|  |     stored statistics:
|  |       table: rows=4.32G size=280.96GB
|  |       partitions: 1831/1831 rows=4.32G
|  |       columns: all
|  |     extrapolated-rows=disabled max-scan-range-rows=21.52M
|  |     mem-estimate=16.00MB mem-reservation=1.00MB thread-reservation=0
|  |     tuple-ids=25 row-size=16B cardinality=4.00G(filtered from 4.32G) cost=995345966
|  |     in pipelines: 41(GETNEXT)
|  |
|  75:HASH JOIN [INNER JOIN, BROADCAST]
|  |  hash-table-id=03
|  |  hash predicates: hd2.hd_income_band_sk = ib2.ib_income_band_sk
|  |  fk/pk conjuncts: hd2.hd_income_band_sk = ib2.ib_income_band_sk
|  |  mem-estimate=0B mem-reservation=0B spill-buffer=64.00KB thread-reservation=0
|  |  tuple-ids=24,23,43,29,33,39,37,38,34,35,30,31,32,36,40,41,42 row-size=426B cardinality=20.88M cost=9140237
|  |  in pipelines: 40(GETNEXT), 58(OPEN)
|  |
|  |--F57:PLAN FRAGMENT [HASH(c_current_addr_sk)] hosts=10 instances=10
|  |  |  Per-Instance Resources: mem-estimate=23.27MB mem-reservation=23.25MB thread-reservation=1
|  |  |  max-parallelism=10 segment-costs=[40]
|  |  JOIN BUILD
|  |  |  join-table-id=03 plan-id=04 cohort-id=02
|  |  |  build expressions: ib2.ib_income_band_sk
|  |  |  runtime filters: RF049[min_max] <- ib2.ib_income_band_sk
|  |  |  mem-estimate=23.25MB mem-reservation=23.25MB spill-buffer=64.00KB thread-reservation=0 cost=20
|  |  |
|  |  126:EXCHANGE [BROADCAST]
|  |  |  mem-estimate=16.00KB mem-reservation=0B thread-reservation=0
|  |  |  tuple-ids=42 row-size=4B cardinality=20 cost=20
|  |  |  in pipelines: 58(GETNEXT)
|  |  |
|  |  F46:PLAN FRAGMENT [RANDOM] hosts=1 instances=1
|  |  Per-Instance Resources: mem-estimate=16.03MB mem-reservation=8.00KB thread-reservation=1
|  |  max-parallelism=1 segment-costs=[1]
|  |  58:SCAN HDFS [tpcds_partitioned_parquet_snap.income_band ib2, RANDOM]
|  |     HDFS partitions=1/1 files=1 size=1.22KB
|  |     stored statistics:
|  |       table: rows=20 size=1.22KB
|  |       columns: all
|  |     extrapolated-rows=disabled max-scan-range-rows=20
|  |     mem-estimate=16.00MB mem-reservation=8.00KB thread-reservation=0
|  |     tuple-ids=42 row-size=4B cardinality=20 cost=1
|  |     in pipelines: 58(GETNEXT)
|  |
|  74:HASH JOIN [INNER JOIN, BROADCAST]
|  |  hash-table-id=04
|  |  hash predicates: hd1.hd_income_band_sk = ib1.ib_income_band_sk
|  |  fk/pk conjuncts: hd1.hd_income_band_sk = ib1.ib_income_band_sk
|  |  mem-estimate=0B mem-reservation=0B spill-buffer=64.00KB thread-reservation=0
|  |  tuple-ids=24,23,43,29,33,39,37,38,34,35,30,31,32,36,40,41 row-size=422B cardinality=20.88M cost=9140237
|  |  in pipelines: 40(GETNEXT), 57(OPEN)
|  |
|  |--F58:PLAN FRAGMENT [HASH(c_current_addr_sk)] hosts=10 instances=10
|  |  |  Per-Instance Resources: mem-estimate=23.27MB mem-reservation=23.25MB thread-reservation=1
|  |  |  max-parallelism=10 segment-costs=[40]
|  |  JOIN BUILD
|  |  |  join-table-id=04 plan-id=05 cohort-id=02
|  |  |  build expressions: ib1.ib_income_band_sk
|  |  |  runtime filters: RF051[min_max] <- ib1.ib_income_band_sk
|  |  |  mem-estimate=23.25MB mem-reservation=23.25MB spill-buffer=64.00KB thread-reservation=0 cost=20
|  |  |
|  |  125:EXCHANGE [BROADCAST]
|  |  |  mem-estimate=16.00KB mem-reservation=0B thread-reservation=0
|  |  |  tuple-ids=41 row-size=4B cardinality=20 cost=20
|  |  |  in pipelines: 57(GETNEXT)
|  |  |
|  |  F45:PLAN FRAGMENT [RANDOM] hosts=1 instances=1
|  |  Per-Instance Resources: mem-estimate=16.03MB mem-reservation=8.00KB thread-reservation=1
|  |  max-parallelism=1 segment-costs=[1]
|  |  57:SCAN HDFS [tpcds_partitioned_parquet_snap.income_band ib1, RANDOM]
|  |     HDFS partitions=1/1 files=1 size=1.22KB
|  |     stored statistics:
|  |       table: rows=20 size=1.22KB
|  |       columns: all
|  |     extrapolated-rows=disabled max-scan-range-rows=20
|  |     mem-estimate=16.00MB mem-reservation=8.00KB thread-reservation=0
|  |     tuple-ids=41 row-size=4B cardinality=20 cost=1
|  |     in pipelines: 57(GETNEXT)
|  |
|  73:HASH JOIN [INNER JOIN, PARTITIONED]
|  |  hash-table-id=05
|  |  hash predicates: c_current_addr_sk = ad2.ca_address_sk
|  |  fk/pk conjuncts: c_current_addr_sk = ad2.ca_address_sk
|  |  mem-estimate=0B mem-reservation=0B spill-buffer=1.00MB thread-reservation=0
|  |  tuple-ids=24,23,43,29,33,39,37,38,34,35,30,31,32,36,40 row-size=418B cardinality=20.88M cost=9140237
|  |  in pipelines: 40(GETNEXT), 56(OPEN)
|  |
|  |--F59:PLAN FRAGMENT [HASH(c_current_addr_sk)] hosts=10 instances=120
|  |  |  Per-Instance Resources: mem-estimate=27.80MB mem-reservation=17.00MB thread-reservation=1
|  |  |  max-parallelism=1650 segment-costs=[22017902]
|  |  JOIN BUILD
|  |  |  join-table-id=05 plan-id=06 cohort-id=02
|  |  |  build expressions: ad2.ca_address_sk
|  |  |  runtime filters: RF053[min_max] <- ad2.ca_address_sk
|  |  |  mem-estimate=17.00MB mem-reservation=17.00MB spill-buffer=1.00MB thread-reservation=0 cost=15000000
|  |  |
|  |  124:EXCHANGE [HASH(ad2.ca_address_sk)]
|  |  |  mem-estimate=10.80MB mem-reservation=0B thread-reservation=0
|  |  |  tuple-ids=40 row-size=78B cardinality=15.00M cost=7017902
|  |  |  in pipelines: 56(GETNEXT)
|  |  |
|  |  F43:PLAN FRAGMENT [RANDOM] hosts=10 instances=10
|  |  Per-Instance Resources: mem-estimate=54.23MB mem-reservation=128.00KB thread-reservation=1
|  |  max-parallelism=10 segment-costs=[89031849]
|  |  56:SCAN HDFS [tpcds_partitioned_parquet_snap.customer_address ad2, RANDOM]
|  |     HDFS partitions=1/1 files=1 size=307.36MB
|  |     stored statistics:
|  |       table: rows=15.00M size=307.36MB
|  |       columns: all
|  |     extrapolated-rows=disabled max-scan-range-rows=1.58M
|  |     mem-estimate=16.00MB mem-reservation=128.00KB thread-reservation=0
|  |     tuple-ids=40 row-size=78B cardinality=15.00M cost=6384216
|  |     in pipelines: 56(GETNEXT)
|  |
|  123:EXCHANGE [HASH(c_current_addr_sk)]
|  |  mem-estimate=37.12MB mem-reservation=0B thread-reservation=0
|  |  tuple-ids=24,23,43,29,33,39,37,38,34,35,30,31,32,36 row-size=341B cardinality=20.88M cost=45040238
|  |  in pipelines: 40(GETNEXT)
|  |
|  F34:PLAN FRAGMENT [HASH(ss_addr_sk)] hosts=10 instances=70 (adjusted from 120)
|  Per-Instance Resources: mem-estimate=201.13MB mem-reservation=0B thread-reservation=1
|  max-parallelism=80 segment-costs=[715872955]
|  72:HASH JOIN [INNER JOIN, BROADCAST]
|  |  hash-table-id=06
|  |  hash predicates: ss_promo_sk = p_promo_sk
|  |  fk/pk conjuncts: ss_promo_sk = p_promo_sk
|  |  mem-estimate=0B mem-reservation=0B spill-buffer=64.00KB thread-reservation=0
|  |  tuple-ids=24,23,43,29,33,39,37,38,34,35,30,31,32,36 row-size=341B cardinality=20.88M cost=9140237
|  |  in pipelines: 40(GETNEXT), 52(OPEN)
|  |
|  |--F60:PLAN FRAGMENT [HASH(ss_addr_sk)] hosts=10 instances=10
|  |  |  Per-Instance Resources: mem-estimate=13.58MB mem-reservation=13.56MB thread-reservation=1
|  |  |  max-parallelism=10 segment-costs=[4190]
|  |  JOIN BUILD
|  |  |  join-table-id=06 plan-id=07 cohort-id=02
|  |  |  build expressions: p_promo_sk
|  |  |  runtime filters: RF055[min_max] <- p_promo_sk
|  |  |  mem-estimate=13.56MB mem-reservation=13.56MB spill-buffer=64.00KB thread-reservation=0 cost=1800
|  |  |
|  |  122:EXCHANGE [BROADCAST]
|  |  |  mem-estimate=16.00KB mem-reservation=0B thread-reservation=0
|  |  |  tuple-ids=36 row-size=4B cardinality=1.80K cost=2390
|  |  |  in pipelines: 52(GETNEXT)
|  |  |
|  |  F42:PLAN FRAGMENT [RANDOM] hosts=1 instances=1
|  |  Per-Instance Resources: mem-estimate=16.03MB mem-reservation=32.00KB thread-reservation=1
|  |  max-parallelism=1 segment-costs=[161]
|  |  52:SCAN HDFS [tpcds_partitioned_parquet_snap.promotion, RANDOM]
|  |     HDFS partitions=1/1 files=1 size=100.50KB
|  |     stored statistics:
|  |       table: rows=1.80K size=100.50KB
|  |       columns: all
|  |     extrapolated-rows=disabled max-scan-range-rows=1.80K
|  |     mem-estimate=16.00MB mem-reservation=32.00KB thread-reservation=0
|  |     tuple-ids=36 row-size=4B cardinality=1.80K cost=103
|  |     in pipelines: 52(GETNEXT)
|  |
|  71:HASH JOIN [INNER JOIN, BROADCAST]
|  |  hash-table-id=07
|  |  hash predicates: ss_store_sk = s_store_sk
|  |  fk/pk conjuncts: ss_store_sk = s_store_sk
|  |  mem-estimate=0B mem-reservation=0B spill-buffer=64.00KB thread-reservation=0
|  |  tuple-ids=24,23,43,29,33,39,37,38,34,35,30,31,32 row-size=337B cardinality=20.88M cost=9140237
|  |  in pipelines: 40(GETNEXT), 48(OPEN)
|  |
|  |--F61:PLAN FRAGMENT [HASH(ss_addr_sk)] hosts=10 instances=10
|  |  |  Per-Instance Resources: mem-estimate=13.65MB mem-reservation=13.56MB thread-reservation=1
|  |  |  max-parallelism=10 segment-costs=[3140]
|  |  JOIN BUILD
|  |  |  join-table-id=07 plan-id=08 cohort-id=02
|  |  |  build expressions: s_store_sk
|  |  |  runtime filters: RF057[min_max] <- s_store_sk
|  |  |  mem-estimate=13.56MB mem-reservation=13.56MB spill-buffer=64.00KB thread-reservation=0 cost=1350
|  |  |
|  |  121:EXCHANGE [BROADCAST]
|  |  |  mem-estimate=89.64KB mem-reservation=0B thread-reservation=0
|  |  |  tuple-ids=32 row-size=37B cardinality=1.35K cost=1790
|  |  |  in pipelines: 48(GETNEXT)
|  |  |
|  |  F41:PLAN FRAGMENT [RANDOM] hosts=1 instances=1
|  |  Per-Instance Resources: mem-estimate=16.16MB mem-reservation=24.00KB thread-reservation=1
|  |  max-parallelism=1 segment-costs=[414]
|  |  48:SCAN HDFS [tpcds_partitioned_parquet_snap.store, RANDOM]
|  |     HDFS partitions=1/1 files=1 size=119.76KB
|  |     stored statistics:
|  |       table: rows=1.35K size=119.76KB
|  |       columns: all
|  |     extrapolated-rows=disabled max-scan-range-rows=1.35K
|  |     mem-estimate=16.00MB mem-reservation=24.00KB thread-reservation=0
|  |     tuple-ids=32 row-size=37B cardinality=1.35K cost=251
|  |     in pipelines: 48(GETNEXT)
|  |
|  70:HASH JOIN [INNER JOIN, BROADCAST]
|  |  hash-table-id=08
|  |  hash predicates: c_first_shipto_date_sk = d3.d_date_sk
|  |  fk/pk conjuncts: c_first_shipto_date_sk = d3.d_date_sk
|  |  mem-estimate=0B mem-reservation=0B spill-buffer=256.00KB thread-reservation=0
|  |  tuple-ids=24,23,43,29,33,39,37,38,34,35,30,31 row-size=300B cardinality=20.88M cost=9140237
|  |  in pipelines: 40(GETNEXT), 47(OPEN)
|  |
|  |--F62:PLAN FRAGMENT [HASH(ss_addr_sk)] hosts=10 instances=10
|  |  |  Per-Instance Resources: mem-estimate=33.82MB mem-reservation=33.25MB thread-reservation=1
|  |  |  max-parallelism=10 segment-costs=[170129]
|  |  JOIN BUILD
|  |  |  join-table-id=08 plan-id=09 cohort-id=02
|  |  |  build expressions: d3.d_date_sk
|  |  |  runtime filters: RF059[min_max] <- d3.d_date_sk
|  |  |  mem-estimate=33.25MB mem-reservation=33.25MB spill-buffer=256.00KB thread-reservation=0 cost=73049
|  |  |
|  |  120:EXCHANGE [BROADCAST]
|  |  |  mem-estimate=582.70KB mem-reservation=0B thread-reservation=0
|  |  |  tuple-ids=31 row-size=8B cardinality=73.05K cost=97080
|  |  |  in pipelines: 47(GETNEXT)
|  |  |
|  |  F40:PLAN FRAGMENT [RANDOM] hosts=1 instances=1
|  |  Per-Instance Resources: mem-estimate=16.05MB mem-reservation=512.00KB thread-reservation=1
|  |  max-parallelism=1 segment-costs=[11570]
|  |  47:SCAN HDFS [tpcds_partitioned_parquet_snap.date_dim d3, RANDOM]
|  |     HDFS partitions=1/1 files=1 size=2.17MB
|  |     stored statistics:
|  |       table: rows=73.05K size=2.17MB
|  |       columns: all
|  |     extrapolated-rows=disabled max-scan-range-rows=73.05K
|  |     mem-estimate=16.00MB mem-reservation=512.00KB thread-reservation=0
|  |     tuple-ids=31 row-size=8B cardinality=73.05K cost=8415
|  |     in pipelines: 47(GETNEXT)
|  |
|  69:HASH JOIN [INNER JOIN, BROADCAST]
|  |  hash-table-id=09
|  |  hash predicates: c_first_sales_date_sk = d2.d_date_sk
|  |  fk/pk conjuncts: c_first_sales_date_sk = d2.d_date_sk
|  |  mem-estimate=0B mem-reservation=0B spill-buffer=256.00KB thread-reservation=0
|  |  tuple-ids=24,23,43,29,33,39,37,38,34,35,30 row-size=292B cardinality=20.88M cost=9140237
|  |  in pipelines: 40(GETNEXT), 46(OPEN)
|  |
|  |--F63:PLAN FRAGMENT [HASH(ss_addr_sk)] hosts=10 instances=10
|  |  |  Per-Instance Resources: mem-estimate=33.82MB mem-reservation=33.25MB thread-reservation=1
|  |  |  max-parallelism=10 segment-costs=[170129]
|  |  JOIN BUILD
|  |  |  join-table-id=09 plan-id=10 cohort-id=02
|  |  |  build expressions: d2.d_date_sk
|  |  |  runtime filters: RF061[min_max] <- d2.d_date_sk
|  |  |  mem-estimate=33.25MB mem-reservation=33.25MB spill-buffer=256.00KB thread-reservation=0 cost=73049
|  |  |
|  |  119:EXCHANGE [BROADCAST]
|  |  |  mem-estimate=582.70KB mem-reservation=0B thread-reservation=0
|  |  |  tuple-ids=30 row-size=8B cardinality=73.05K cost=97080
|  |  |  in pipelines: 46(GETNEXT)
|  |  |
|  |  F39:PLAN FRAGMENT [RANDOM] hosts=1 instances=1
|  |  Per-Instance Resources: mem-estimate=16.05MB mem-reservation=512.00KB thread-reservation=1
|  |  max-parallelism=1 segment-costs=[11570]
|  |  46:SCAN HDFS [tpcds_partitioned_parquet_snap.date_dim d2, RANDOM]
|  |     HDFS partitions=1/1 files=1 size=2.17MB
|  |     stored statistics:
|  |       table: rows=73.05K size=2.17MB
|  |       columns: all
|  |     extrapolated-rows=disabled max-scan-range-rows=73.05K
|  |     mem-estimate=16.00MB mem-reservation=512.00KB thread-reservation=0
|  |     tuple-ids=30 row-size=8B cardinality=73.05K cost=8415
|  |     in pipelines: 46(GETNEXT)
|  |
|  68:HASH JOIN [INNER JOIN, BROADCAST]
|  |  hash-table-id=10
|  |  hash predicates: c_current_cdemo_sk = cd2.cd_demo_sk
|  |  fk/pk conjuncts: c_current_cdemo_sk = cd2.cd_demo_sk
|  |  other predicates: cd1.cd_marital_status != cd2.cd_marital_status
|  |  mem-estimate=0B mem-reservation=0B spill-buffer=2.00MB thread-reservation=0
|  |  tuple-ids=24,23,43,29,33,39,37,38,34,35 row-size=284B cardinality=20.88M cost=9206634
|  |  in pipelines: 40(GETNEXT), 51(OPEN)
|  |
|  |--F64:PLAN FRAGMENT [HASH(ss_addr_sk)] hosts=10 instances=10
|  |  |  Per-Instance Resources: mem-estimate=248.21MB mem-reservation=238.00MB thread-reservation=1
|  |  |  max-parallelism=10 segment-costs=[4473540]
|  |  JOIN BUILD
|  |  |  join-table-id=10 plan-id=11 cohort-id=02
|  |  |  build expressions: cd2.cd_demo_sk
|  |  |  runtime filters: RF063[min_max] <- cd2.cd_demo_sk
|  |  |  mem-estimate=238.00MB mem-reservation=238.00MB spill-buffer=2.00MB thread-reservation=0 cost=1920800
|  |  |
|  |  118:EXCHANGE [BROADCAST]
|  |  |  mem-estimate=10.21MB mem-reservation=0B thread-reservation=0
|  |  |  tuple-ids=35 row-size=17B cardinality=1.92M cost=2552740
|  |  |  in pipelines: 51(GETNEXT)
|  |  |
|  |  F38:PLAN FRAGMENT [RANDOM] hosts=10 instances=10
|  |  Per-Instance Resources: mem-estimate=16.08MB mem-reservation=1.00MB thread-reservation=1
|  |  max-parallelism=10 segment-costs=[267951]
|  |  51:SCAN HDFS [tpcds_partitioned_parquet_snap.customer_demographics cd2, RANDOM]
|  |     HDFS partitions=1/1 files=1 size=11.15MB
|  |     stored statistics:
|  |       table: rows=1.92M size=11.15MB
|  |       columns: all
|  |     extrapolated-rows=disabled max-scan-range-rows=197.97K
|  |     mem-estimate=16.00MB mem-reservation=1.00MB thread-reservation=0
|  |     tuple-ids=35 row-size=17B cardinality=1.92M cost=138297
|  |     in pipelines: 51(GETNEXT)
|  |
|  67:HASH JOIN [INNER JOIN, BROADCAST]
|  |  hash-table-id=11
|  |  hash predicates: ss_cdemo_sk = cd1.cd_demo_sk
|  |  fk/pk conjuncts: ss_cdemo_sk = cd1.cd_demo_sk
|  |  mem-estimate=0B mem-reservation=0B spill-buffer=2.00MB thread-reservation=0
|  |  tuple-ids=24,23,43,29,33,39,37,38,34 row-size=267B cardinality=21.14M cost=9320758
|  |  in pipelines: 40(GETNEXT), 50(OPEN)
|  |
|  |--F65:PLAN FRAGMENT [HASH(ss_addr_sk)] hosts=10 instances=10
|  |  |  Per-Instance Resources: mem-estimate=248.21MB mem-reservation=238.00MB thread-reservation=1
|  |  |  max-parallelism=10 segment-costs=[4473540]
|  |  JOIN BUILD
|  |  |  join-table-id=11 plan-id=12 cohort-id=02
|  |  |  build expressions: cd1.cd_demo_sk
|  |  |  runtime filters: RF065[min_max] <- cd1.cd_demo_sk
|  |  |  mem-estimate=238.00MB mem-reservation=238.00MB spill-buffer=2.00MB thread-reservation=0 cost=1920800
|  |  |
|  |  117:EXCHANGE [BROADCAST]
|  |  |  mem-estimate=10.21MB mem-reservation=0B thread-reservation=0
|  |  |  tuple-ids=34 row-size=17B cardinality=1.92M cost=2552740
|  |  |  in pipelines: 50(GETNEXT)
|  |  |
|  |  F37:PLAN FRAGMENT [RANDOM] hosts=10 instances=10
|  |  Per-Instance Resources: mem-estimate=16.08MB mem-reservation=1.00MB thread-reservation=1
|  |  max-parallelism=10 segment-costs=[267951]
|  |  50:SCAN HDFS [tpcds_partitioned_parquet_snap.customer_demographics cd1, RANDOM]
|  |     HDFS partitions=1/1 files=1 size=11.15MB
|  |     stored statistics:
|  |       table: rows=1.92M size=11.15MB
|  |       columns: all
|  |     extrapolated-rows=disabled max-scan-range-rows=197.97K
|  |     mem-estimate=16.00MB mem-reservation=1.00MB thread-reservation=0
|  |     tuple-ids=34 row-size=17B cardinality=1.92M cost=138297
|  |     in pipelines: 50(GETNEXT)
|  |
|  66:HASH JOIN [INNER JOIN, BROADCAST]
|  |  hash-table-id=12
|  |  hash predicates: c_current_hdemo_sk = hd2.hd_demo_sk
|  |  fk/pk conjuncts: c_current_hdemo_sk = hd2.hd_demo_sk
|  |  mem-estimate=0B mem-reservation=0B spill-buffer=64.00KB thread-reservation=0
|  |  tuple-ids=24,23,43,29,33,39,37,38 row-size=250B cardinality=21.40M cost=9502442
|  |  in pipelines: 40(GETNEXT), 54(OPEN)
|  |
|  |--F66:PLAN FRAGMENT [HASH(ss_addr_sk)] hosts=10 instances=10
|  |  |  Per-Instance Resources: mem-estimate=13.63MB mem-reservation=13.56MB thread-reservation=1
|  |  |  max-parallelism=10 segment-costs=[16760]
|  |  JOIN BUILD
|  |  |  join-table-id=12 plan-id=13 cohort-id=02
|  |  |  build expressions: hd2.hd_demo_sk
|  |  |  runtime filters: RF067[min_max] <- hd2.hd_demo_sk
|  |  |  mem-estimate=13.56MB mem-reservation=13.56MB spill-buffer=64.00KB thread-reservation=0 cost=7200
|  |  |
|  |  116:EXCHANGE [BROADCAST]
|  |  |  mem-estimate=68.25KB mem-reservation=0B thread-reservation=0
|  |  |  tuple-ids=38 row-size=8B cardinality=7.20K cost=9560
|  |  |  in pipelines: 54(GETNEXT)
|  |  |
|  |  F36:PLAN FRAGMENT [RANDOM] hosts=1 instances=1
|  |  Per-Instance Resources: mem-estimate=16.05MB mem-reservation=64.00KB thread-reservation=1
|  |  max-parallelism=1 segment-costs=[1140]
|  |  54:SCAN HDFS [tpcds_partitioned_parquet_snap.household_demographics hd2, RANDOM]
|  |     HDFS partitions=1/1 files=1 size=41.69KB
|  |     runtime filters: RF049[min_max] -> hd2.hd_income_band_sk
|  |     stored statistics:
|  |       table: rows=7.20K size=41.69KB
|  |       columns: all
|  |     extrapolated-rows=disabled max-scan-range-rows=7.20K
|  |     mem-estimate=16.00MB mem-reservation=64.00KB thread-reservation=0
|  |     tuple-ids=38 row-size=8B cardinality=7.20K cost=829
|  |     in pipelines: 54(GETNEXT)
|  |
|  65:HASH JOIN [INNER JOIN, BROADCAST]
|  |  hash-table-id=13
|  |  hash predicates: ss_hdemo_sk = hd1.hd_demo_sk
|  |  fk/pk conjuncts: ss_hdemo_sk = hd1.hd_demo_sk
|  |  mem-estimate=0B mem-reservation=0B spill-buffer=64.00KB thread-reservation=0
|  |  tuple-ids=24,23,43,29,33,39,37 row-size=242B cardinality=21.93M cost=9734724
|  |  in pipelines: 40(GETNEXT), 53(OPEN)
|  |
|  |--F67:PLAN FRAGMENT [HASH(ss_addr_sk)] hosts=10 instances=10
|  |  |  Per-Instance Resources: mem-estimate=13.63MB mem-reservation=13.56MB thread-reservation=1
|  |  |  max-parallelism=10 segment-costs=[16760]
|  |  JOIN BUILD
|  |  |  join-table-id=13 plan-id=14 cohort-id=02
|  |  |  build expressions: hd1.hd_demo_sk
|  |  |  runtime filters: RF069[min_max] <- hd1.hd_demo_sk
|  |  |  mem-estimate=13.56MB mem-reservation=13.56MB spill-buffer=64.00KB thread-reservation=0 cost=7200
|  |  |
|  |  115:EXCHANGE [BROADCAST]
|  |  |  mem-estimate=68.25KB mem-reservation=0B thread-reservation=0
|  |  |  tuple-ids=37 row-size=8B cardinality=7.20K cost=9560
|  |  |  in pipelines: 53(GETNEXT)
|  |  |
|  |  F35:PLAN FRAGMENT [RANDOM] hosts=1 instances=1
|  |  Per-Instance Resources: mem-estimate=16.05MB mem-reservation=64.00KB thread-reservation=1
|  |  max-parallelism=1 segment-costs=[1140]
|  |  53:SCAN HDFS [tpcds_partitioned_parquet_snap.household_demographics hd1, RANDOM]
|  |     HDFS partitions=1/1 files=1 size=41.69KB
|  |     runtime filters: RF051[min_max] -> hd1.hd_income_band_sk
|  |     stored statistics:
|  |       table: rows=7.20K size=41.69KB
|  |       columns: all
|  |     extrapolated-rows=disabled max-scan-range-rows=7.20K
|  |     mem-estimate=16.00MB mem-reservation=64.00KB thread-reservation=0
|  |     tuple-ids=37 row-size=8B cardinality=7.20K cost=829
|  |     in pipelines: 53(GETNEXT)
|  |
|  64:HASH JOIN [INNER JOIN, PARTITIONED]
|  |  hash-table-id=14
|  |  hash predicates: ss_addr_sk = ad1.ca_address_sk
|  |  fk/pk conjuncts: ss_addr_sk = ad1.ca_address_sk
|  |  mem-estimate=0B mem-reservation=0B spill-buffer=2.00MB thread-reservation=0
|  |  tuple-ids=24,23,43,29,33,39 row-size=234B cardinality=22.46M cost=10025023
|  |  in pipelines: 40(GETNEXT), 55(OPEN)
|  |
|  |--F68:PLAN FRAGMENT [HASH(ss_addr_sk)] hosts=10 instances=70 (adjusted from 120)
|  |  |  Per-Instance Resources: mem-estimate=44.80MB mem-reservation=34.00MB thread-reservation=1
|  |  |  max-parallelism=80 segment-costs=[22017902]
|  |  JOIN BUILD
|  |  |  join-table-id=14 plan-id=15 cohort-id=02
|  |  |  build expressions: ad1.ca_address_sk
|  |  |  runtime filters: RF071[min_max] <- ad1.ca_address_sk
|  |  |  mem-estimate=34.00MB mem-reservation=34.00MB spill-buffer=2.00MB thread-reservation=0 cost=15000000
|  |  |
|  |  114:EXCHANGE [HASH(ad1.ca_address_sk)]
|  |  |  mem-estimate=10.80MB mem-reservation=0B thread-reservation=0
|  |  |  tuple-ids=39 row-size=78B cardinality=15.00M cost=7017902
|  |  |  in pipelines: 55(GETNEXT)
|  |  |
|  |  F33:PLAN FRAGMENT [RANDOM] hosts=10 instances=10
|  |  Per-Instance Resources: mem-estimate=38.30MB mem-reservation=128.00KB thread-reservation=1
|  |  max-parallelism=10 segment-costs=[89031849]
|  |  55:SCAN HDFS [tpcds_partitioned_parquet_snap.customer_address ad1, RANDOM]
|  |     HDFS partitions=1/1 files=1 size=307.36MB
|  |     stored statistics:
|  |       table: rows=15.00M size=307.36MB
|  |       columns: all
|  |     extrapolated-rows=disabled max-scan-range-rows=1.58M
|  |     mem-estimate=16.00MB mem-reservation=128.00KB thread-reservation=0
|  |     tuple-ids=39 row-size=78B cardinality=15.00M cost=6384216
|  |     in pipelines: 55(GETNEXT)
|  |
|  113:EXCHANGE [HASH(ss_addr_sk)]
|  |  mem-estimate=15.16MB mem-reservation=0B thread-reservation=0
|  |  tuple-ids=24,23,43,29,33 row-size=156B cardinality=23.22M cost=22680993
|  |  in pipelines: 40(GETNEXT)
|  |
|  F32:PLAN FRAGMENT [HASH(ss_customer_sk)] hosts=10 instances=30 (adjusted from 120)
|  Per-Instance Resources: mem-estimate=61.08MB mem-reservation=0B thread-reservation=1
|  max-parallelism=40 segment-costs=[325063575]
|  63:HASH JOIN [INNER JOIN, PARTITIONED]
|  |  hash-table-id=15
|  |  hash predicates: ss_customer_sk = c_customer_sk
|  |  fk/pk conjuncts: ss_customer_sk = c_customer_sk
|  |  mem-estimate=0B mem-reservation=0B spill-buffer=2.00MB thread-reservation=0
|  |  tuple-ids=24,23,43,29,33 row-size=156B cardinality=23.22M cost=10693595
|  |  in pipelines: 40(GETNEXT), 49(OPEN)
|  |
|  |--F69:PLAN FRAGMENT [HASH(ss_customer_sk)] hosts=10 instances=30 (adjusted from 120)
|  |  |  Per-Instance Resources: mem-estimate=58.76MB mem-reservation=34.00MB thread-reservation=1
|  |  |  max-parallelism=40 segment-costs=[36645000]
|  |  JOIN BUILD
|  |  |  join-table-id=15 plan-id=16 cohort-id=02
|  |  |  build expressions: c_customer_sk
|  |  |  runtime filters: RF073[min_max] <- c_customer_sk
|  |  |  mem-estimate=48.49MB mem-reservation=34.00MB spill-buffer=2.00MB thread-reservation=0 cost=30000000
|  |  |
|  |  112:EXCHANGE [HASH(c_customer_sk)]
|  |  |  mem-estimate=10.27MB mem-reservation=0B thread-reservation=0
|  |  |  tuple-ids=33 row-size=24B cardinality=30.00M cost=6645000
|  |  |  in pipelines: 49(GETNEXT)
|  |  |
|  |  F31:PLAN FRAGMENT [RANDOM] hosts=10 instances=10
|  |  Per-Instance Resources: mem-estimate=19.28MB mem-reservation=1.00MB thread-reservation=1
|  |  max-parallelism=10 segment-costs=[72192000]
|  |  49:SCAN HDFS [tpcds_partitioned_parquet_snap.customer, RANDOM]
|  |     HDFS partitions=1/1 files=1 size=1.55GB
|  |     runtime filters: RF067[min_max] -> c_current_hdemo_sk, RF063[min_max] -> c_current_cdemo_sk, RF053[min_max] -> c_current_addr_sk, RF059[min_max] -> c_first_shipto_date_sk, RF061[min_max] -> c_first_sales_date_sk
|  |     stored statistics:
|  |       table: rows=30.00M size=1.55GB
|  |       columns: all
|  |     extrapolated-rows=disabled max-scan-range-rows=3.10M
|  |     mem-estimate=16.00MB mem-reservation=1.00MB thread-reservation=0
|  |     tuple-ids=33 row-size=24B cardinality=30.00M cost=10368000
|  |     in pipelines: 49(GETNEXT)
|  |
|  111:EXCHANGE [HASH(ss_customer_sk)]
|  |  mem-estimate=12.90MB mem-reservation=0B thread-reservation=0
|  |  tuple-ids=24,23,43,29 row-size=132B cardinality=25.29M cost=20984990
|  |  in pipelines: 40(GETNEXT)
|  |
|  F30:PLAN FRAGMENT [HASH(sr_item_sk,sr_ticket_number)] hosts=10 instances=20 (adjusted from 120)
|  Per-Instance Resources: mem-estimate=27.84MB mem-reservation=0B thread-reservation=1
|  max-parallelism=30 segment-costs=[299440393]
|  62:HASH JOIN [INNER JOIN, PARTITIONED]
|  |  hash-table-id=16
|  |  hash predicates: sr_item_sk = ss_item_sk, sr_ticket_number = ss_ticket_number
|  |  fk/pk conjuncts: sr_item_sk = ss_item_sk, sr_ticket_number = ss_ticket_number
|  |  mem-estimate=0B mem-reservation=0B spill-buffer=2.00MB thread-reservation=0
|  |  tuple-ids=24,23,43,29 row-size=132B cardinality=25.29M cost=21190008
|  |  in pipelines: 40(GETNEXT), 39(OPEN)
|  |
|  |--F70:PLAN FRAGMENT [HASH(sr_item_sk,sr_ticket_number)] hosts=10 instances=20 (adjusted from 120)
|  |  |  Per-Instance Resources: mem-estimate=289.68MB mem-reservation=51.00MB thread-reservation=1 runtime-filters-memory=17.00MB
|  |  |  max-parallelism=30 segment-costs=[63285631] cpu-comparison-result=140 [max(140 (self) vs 25 (sum children))]
|  |  JOIN BUILD
|  |  |  join-table-id=16 plan-id=17 cohort-id=02
|  |  |  build expressions: ss_item_sk, ss_ticket_number
|  |  |  runtime filters: RF074[bloom] <- ss_item_sk, RF075[bloom] <- ss_ticket_number, RF076[min_max] <- ss_item_sk, RF077[min_max] <- ss_ticket_number
|  |  |  mem-estimate=247.19MB mem-reservation=34.00MB spill-buffer=2.00MB thread-reservation=0 cost=36417729
|  |  |
|  |  110:EXCHANGE [HASH(ss_item_sk,ss_ticket_number)]
|  |  |  mem-estimate=25.50MB mem-reservation=0B thread-reservation=0
|  |  |  tuple-ids=23,43,29 row-size=120B cardinality=36.42M cost=26867902
|  |  |  in pipelines: 39(GETNEXT)
|  |  |
|  |  F27:PLAN FRAGMENT [RANDOM] hosts=10 instances=120
|  |  Per-Host Shared Resources: mem-estimate=2.00MB mem-reservation=2.00MB thread-reservation=0 runtime-filters-memory=2.00MB
|  |  Per-Instance Resources: mem-estimate=26.33MB mem-reservation=8.00MB thread-reservation=1
|  |  max-parallelism=180 segment-costs=[1718820654]
|  |  61:HASH JOIN [INNER JOIN, BROADCAST]
|  |  |  hash-table-id=17
|  |  |  hash predicates: ss_sold_date_sk = d1.d_date_sk
|  |  |  fk/pk conjuncts: ss_sold_date_sk = d1.d_date_sk
|  |  |  mem-estimate=0B mem-reservation=0B spill-buffer=64.00KB thread-reservation=0
|  |  |  tuple-ids=23,43,29 row-size=120B cardinality=36.42M cost=15940039
|  |  |  in pipelines: 39(GETNEXT), 45(OPEN)
|  |  |
|  |  |--F71:PLAN FRAGMENT [RANDOM] hosts=10 instances=10
|  |  |  |  Per-Instance Resources: mem-estimate=24.27MB mem-reservation=24.25MB thread-reservation=1 runtime-filters-memory=1.00MB
|  |  |  |  max-parallelism=10 segment-costs=[863]
|  |  |  JOIN BUILD
|  |  |  |  join-table-id=17 plan-id=18 cohort-id=04
|  |  |  |  build expressions: d1.d_date_sk
|  |  |  |  runtime filters: RF078[bloom] <- d1.d_date_sk
|  |  |  |  mem-estimate=23.25MB mem-reservation=23.25MB spill-buffer=64.00KB thread-reservation=0 cost=373
|  |  |  |
|  |  |  108:EXCHANGE [BROADCAST]
|  |  |  |  mem-estimate=16.00KB mem-reservation=0B thread-reservation=0
|  |  |  |  tuple-ids=29 row-size=8B cardinality=373 cost=490
|  |  |  |  in pipelines: 45(GETNEXT)
|  |  |  |
|  |  |  F29:PLAN FRAGMENT [RANDOM] hosts=1 instances=1
|  |  |  Per-Instance Resources: mem-estimate=20.05MB mem-reservation=4.50MB thread-reservation=1
|  |  |  max-parallelism=1 segment-costs=[10483]
|  |  |  138:TUPLE CACHE
|  |  |  |  cache key: 0ed1145e9b3c2f20d7820bf6be377b55
|  |  |  |  input scan node ids: 45
|  |  |  |  estimated serialized size: 4.37KB
|  |  |  |  estimated serialized size per node: 4.37KB
|  |  |  |  cumulative processing cost: 10467
|  |  |  |  cache read processing cost: 49
|  |  |  |  cache write processing cost: 12
|  |  |  |  mem-estimate=4.00MB mem-reservation=4.00MB spill-buffer=2.00MB thread-reservation=0
|  |  |  |  tuple-ids=29 row-size=8B cardinality=373 cost=0
|  |  |  |  in pipelines: 45(GETNEXT)
|  |  |  |
|  |  |  45:SCAN HDFS [tpcds_partitioned_parquet_snap.date_dim d1, RANDOM]
|  |  |     HDFS partitions=1/1 files=1 size=2.17MB
|  |  |     deterministic scan range assignment: true
|  |  |     schedule scan ranges oldest to newest: true
|  |  |     predicates: d1.d_year = CAST(2001 AS INT)
|  |  |     stored statistics:
|  |  |       table: rows=73.05K size=2.17MB
|  |  |       columns: all
|  |  |     extrapolated-rows=disabled max-scan-range-rows=73.05K
|  |  |     parquet statistics predicates: d1.d_year = CAST(2001 AS INT)
|  |  |     parquet dictionary predicates: d1.d_year = CAST(2001 AS INT)
|  |  |     mem-estimate=16.00MB mem-reservation=512.00KB thread-reservation=0
|  |  |     tuple-ids=29 row-size=8B cardinality=373 cost=10467
|  |  |     in pipelines: 45(GETNEXT)
|  |  |
|  |  60:HASH JOIN [INNER JOIN, BROADCAST]
|  |  |  hash-table-id=18
|  |  |  hash predicates: ss_item_sk = i_item_sk
|  |  |  fk/pk conjuncts: ss_item_sk = i_item_sk
|  |  |  mem-estimate=0B mem-reservation=0B spill-buffer=64.00KB thread-reservation=0
|  |  |  tuple-ids=23,43 row-size=112B cardinality=36.42M(filtered from 178.09M) cost=41610262
|  |  |  in pipelines: 39(GETNEXT), 59(OPEN)
|  |  |
|  |  |--F72:PLAN FRAGMENT [RANDOM] hosts=10 instances=10
|  |  |  |  Per-Instance Resources: mem-estimate=24.93MB mem-reservation=24.25MB thread-reservation=1 runtime-filters-memory=1.00MB
|  |  |  |  max-parallelism=10 segment-costs=[17284]
|  |  |  JOIN BUILD
|  |  |  |  join-table-id=18 plan-id=19 cohort-id=04
|  |  |  |  build expressions: i_item_sk
|  |  |  |  runtime filters: RF080[bloom] <- i_item_sk, RF081[min_max] <- i_item_sk
|  |  |  |  mem-estimate=23.25MB mem-reservation=23.25MB spill-buffer=64.00KB thread-reservation=0 cost=7424
|  |  |  |
|  |  |  107:EXCHANGE [BROADCAST]
|  |  |  |  mem-estimate=693.62KB mem-reservation=0B thread-reservation=0
|  |  |  |  tuple-ids=43 row-size=60B cardinality=7.42K cost=9860
|  |  |  |  in pipelines: 59(GETNEXT)
|  |  |  |
|  |  |  F28:PLAN FRAGMENT [RANDOM] hosts=4 instances=4
|  |  |  Per-Instance Resources: mem-estimate=16.25MB mem-reservation=512.00KB thread-reservation=1
|  |  |  max-parallelism=4 segment-costs=[239776]
|  |  |  59:SCAN HDFS [tpcds_partitioned_parquet_snap.item, RANDOM]
|  |  |     HDFS partitions=1/1 files=1 size=33.54MB
|  |  |     predicates: i_color IN ('peach', 'misty', 'drab', 'chocolate', 'almond', 'saddle'), i_current_price <= CAST(85 AS DECIMAL(5,0)), i_current_price <= CAST(90 AS DECIMAL(5,0)), i_current_price >= CAST(75 AS DECIMAL(3,0)), i_current_price >= CAST(76 AS DECIMAL(5,0))
|  |  |     runtime filters: RF047[min_max] -> tpcds_partitioned_parquet_snap.item.i_item_sk
|  |  |     stored statistics:
|  |  |       table: rows=360.00K size=33.54MB
|  |  |       columns: all
|  |  |     extrapolated-rows=disabled max-scan-range-rows=101.54K
|  |  |     parquet statistics predicates: i_color IN ('peach', 'misty', 'drab', 'chocolate', 'almond', 'saddle'), i_current_price <= CAST(85 AS DECIMAL(5,0)), i_current_price <= CAST(90 AS DECIMAL(5,0)), i_current_price >= CAST(75 AS DECIMAL(3,0)), i_current_price >= CAST(76 AS DECIMAL(5,0))
|  |  |     parquet dictionary predicates: i_color IN ('peach', 'misty', 'drab', 'chocolate', 'almond', 'saddle'), i_current_price <= CAST(85 AS DECIMAL(5,0)), i_current_price <= CAST(90 AS DECIMAL(5,0)), i_current_price >= CAST(75 AS DECIMAL(3,0)), i_current_price >= CAST(76 AS DECIMAL(5,0))
|  |  |     mem-estimate=16.00MB mem-reservation=512.00KB thread-reservation=0
|  |  |     tuple-ids=43 row-size=60B cardinality=7.42K cost=238409
|  |  |     in pipelines: 59(GETNEXT)
|  |  |
|  |  39:SCAN HDFS [tpcds_partitioned_parquet_snap.store_sales, RANDOM]
|  |     HDFS partitions=1824/1824 files=1824 size=389.90GB
|  |     runtime filters: RF081[min_max] -> ss_item_sk, RF073[min_max] -> ss_customer_sk, RF071[min_max] -> ss_addr_sk, RF069[min_max] -> ss_hdemo_sk, RF065[min_max] -> ss_cdemo_sk, RF055[min_max] -> ss_promo_sk, RF057[min_max] -> ss_store_sk, RF047[min_max] -> ss_item_sk, RF080[bloom] -> ss_item_sk, RF078[bloom] -> ss_sold_date_sk
|  |     stored statistics:
|  |       table: rows=8.64G size=389.90GB
|  |       partitions: 1824/1824 rows=8.64G
|  |       columns: all
|  |     extrapolated-rows=disabled max-scan-range-rows=390.22M est-scan-range=374(filtered from 1824)
|  |     mem-estimate=16.00MB mem-reservation=8.00MB thread-reservation=0
|  |     tuple-ids=23 row-size=52B cardinality=36.42M(filtered from 8.64G) cost=1323001445
|  |     in pipelines: 39(GETNEXT)
|  |
|  109:EXCHANGE [HASH(sr_item_sk,sr_ticket_number)]
|  |  mem-estimate=10.47MB mem-reservation=0B thread-reservation=0
|  |  tuple-ids=24 row-size=12B cardinality=64.75M(filtered from 863.99M) cost=10767316
|  |  in pipelines: 40(GETNEXT)
|  |
|  F26:PLAN FRAGMENT [RANDOM] hosts=10 instances=30 (adjusted from 120)
|  Per-Host Shared Resources: mem-estimate=17.00MB mem-reservation=17.00MB thread-reservation=0 runtime-filters-memory=17.00MB
|  Per-Instance Resources: mem-estimate=17.25MB mem-reservation=512.00KB thread-reservation=1
|  max-parallelism=30 segment-costs=[232690522]
|  40:SCAN HDFS [tpcds_partitioned_parquet_snap.store_returns, RANDOM]
|     HDFS partitions=2004/2004 files=2004 size=48.14GB
|     runtime filters: RF076[min_max] -> sr_item_sk, RF077[min_max] -> sr_ticket_number, RF047[min_max] -> tpcds_partitioned_parquet_snap.store_returns.sr_item_sk, RF074[bloom] -> sr_item_sk, RF075[bloom] -> sr_ticket_number
|     stored statistics:
|       table: rows=863.99M size=48.14GB
|       partitions: 2004/2004 rows=863.99M
|       columns: all
|     extrapolated-rows=disabled max-scan-range-rows=30.09M
|     mem-estimate=16.00MB mem-reservation=512.00KB thread-reservation=0
|     tuple-ids=24 row-size=12B cardinality=64.75M(filtered from 863.99M) cost=149297235
|     in pipelines: 40(GETNEXT)
|
134:EXCHANGE [HASH(i_item_sk,s_store_name,s_zip)]
|  mem-estimate=44.09MB mem-reservation=0B thread-reservation=0
|  tuple-ids=21 row-size=287B cardinality=863.99M cost=1236250780
|  in pipelines: 106(GETNEXT)
|
F25:PLAN FRAGMENT [HASH(i_product_name,i_item_sk,s_store_name,s_zip,ad1.ca_street_number,ad1.ca_street_name,ad1.ca_city,ad1.ca_zip,ad2.ca_street_number,ad2.ca_street_name,ad2.ca_city,ad2.ca_zip,d1.d_year,d2.d_year,d3.d_year)] hosts=10 instances=120
Per-Instance Resources: mem-estimate=637.09MB mem-reservation=34.00MB thread-reservation=1
max-parallelism=1650 segment-costs=[6517498108, 16408784776] cpu-comparison-result=758 [max(120 (self) vs 758 (sum children))]
106:AGGREGATE [FINALIZE]
|  output: count:merge(*), sum:merge(ss_wholesale_cost), sum:merge(ss_list_price), sum:merge(ss_coupon_amt)
|  group by: i_product_name, i_item_sk, s_store_name, s_zip, ad1.ca_street_number, ad1.ca_street_name, ad1.ca_city, ad1.ca_zip, ad2.ca_street_number, ad2.ca_street_name, ad2.ca_city, ad2.ca_zip, d1.d_year, d2.d_year, d3.d_year
|  mem-estimate=512.09MB mem-reservation=34.00MB spill-buffer=2.00MB thread-reservation=0
|  tuple-ids=21 row-size=287B cardinality=863.99M cost=5281247328
|  in pipelines: 106(GETNEXT), 01(OPEN)
|
105:EXCHANGE [HASH(i_product_name,i_item_sk,s_store_name,s_zip,ad1.ca_street_number,ad1.ca_street_name,ad1.ca_city,ad1.ca_zip,ad2.ca_street_number,ad2.ca_street_name,ad2.ca_city,ad2.ca_zip,d1.d_year,d2.d_year,d3.d_year)]
|  mem-estimate=44.09MB mem-reservation=0B thread-reservation=0
|  tuple-ids=21 row-size=287B cardinality=863.99M cost=1236250780
|  in pipelines: 01(GETNEXT)
|
F18:PLAN FRAGMENT [HASH(c_current_addr_sk)] hosts=10 instances=120
Per-Instance Resources: mem-estimate=685.54MB mem-reservation=34.00MB thread-reservation=1
max-parallelism=1650 segment-costs=[5515620261, 16408784776] cpu-comparison-result=758 [max(270 (self) vs 758 (sum children))]
38:AGGREGATE [STREAMING]
|  output: count(*), sum(ss_wholesale_cost), sum(ss_list_price), sum(ss_coupon_amt)
|  group by: i_product_name, i_item_sk, s_store_name, s_zip, ad1.ca_street_number, ad1.ca_street_name, ad1.ca_city, ad1.ca_zip, ad2.ca_street_number, ad2.ca_street_name, ad2.ca_city, ad2.ca_zip, d1.d_year, d2.d_year, d3.d_year
|  mem-estimate=512.06MB mem-reservation=34.00MB spill-buffer=2.00MB thread-reservation=0
|  tuple-ids=21 row-size=287B cardinality=863.99M cost=5281247328
|  in pipelines: 01(GETNEXT)
|
37:HASH JOIN [INNER JOIN, BROADCAST]
|  hash-table-id=19
|  hash predicates: ss_item_sk = cs_item_sk
|  fk/pk conjuncts: none
|  mem-estimate=0B mem-reservation=0B spill-buffer=128.00KB thread-reservation=0
|  tuple-ids=1,0,20,6,10,16,14,15,11,12,7,8,9,13,17,18,19,4 row-size=462B cardinality=863.99M cost=161911984
|  in pipelines: 01(GETNEXT), 103(OPEN)
|
|--F73:PLAN FRAGMENT [HASH(c_current_addr_sk)] hosts=10 instances=10
|  |  Per-Instance Resources: mem-estimate=36.13MB mem-reservation=34.50MB thread-reservation=1
|  |  max-parallelism=10 segment-costs=[83878] cpu-comparison-result=240 [max(10 (self) vs 240 (sum children))]
|  JOIN BUILD
|  |  join-table-id=19 plan-id=20 cohort-id=01
|  |  build expressions: cs_item_sk
|  |  runtime filters: RF007[min_max] <- cs_item_sk
|  |  mem-estimate=34.50MB mem-reservation=34.50MB spill-buffer=128.00KB thread-reservation=0 cost=36018
|  |
|  104:EXCHANGE [BROADCAST]
|  |  mem-estimate=1.63MB mem-reservation=0B thread-reservation=0
|  |  tuple-ids=4 row-size=36B cardinality=36.02K cost=47860
|  |  in pipelines: 103(GETNEXT)
|  |
|  F24:PLAN FRAGMENT [HASH(cs_item_sk)] hosts=10 instances=10 (adjusted from 120)
|  Per-Instance Resources: mem-estimate=24.69MB mem-reservation=2.88MB thread-reservation=1
|  max-parallelism=10 segment-costs=[28566307, 4278] cpu-comparison-result=240 [max(10 (self) vs 240 (sum children))]
|  103:AGGREGATE [FINALIZE]
|  |  output: sum:merge(cs_ext_list_price), sum:merge(cr_refunded_cash + cr_reversed_charge + cr_store_credit)
|  |  group by: cs_item_sk
|  |  having: sum(cs_ext_list_price) > CAST(2 AS DECIMAL(3,0)) * sum(cr_refunded_cash + cr_reversed_charge + cr_store_credit)
|  |  mem-estimate=10.00MB mem-reservation=2.88MB spill-buffer=128.00KB thread-reservation=0
|  |  tuple-ids=4 row-size=36B cardinality=36.02K cost=16606891
|  |  in pipelines: 103(GETNEXT), 02(OPEN)
|  |
|  102:EXCHANGE [HASH(cs_item_sk)]
|  |  mem-estimate=14.69MB mem-reservation=0B thread-reservation=0
|  |  tuple-ids=4 row-size=36B cardinality=43.22M cost=11959416
|  |  in pipelines: 02(GETNEXT)
|  |
|  F23:PLAN FRAGMENT [HASH(cs_item_sk,cs_order_number)] hosts=10 instances=120
|  Per-Instance Resources: mem-estimate=23.91MB mem-reservation=2.00MB thread-reservation=1
|  max-parallelism=330 segment-costs=[3269691390, 122472725] cpu-comparison-result=240 [max(240 (self) vs 230 (sum children))]
|  05:AGGREGATE [STREAMING]
|  |  output: sum(cs_ext_list_price), sum(cr_refunded_cash + cr_reversed_charge + cr_store_credit)
|  |  group by: cs_item_sk
|  |  mem-estimate=10.00MB mem-reservation=2.00MB spill-buffer=64.00KB thread-reservation=0
|  |  tuple-ids=4 row-size=36B cardinality=43.22M cost=1040366503
|  |  in pipelines: 02(GETNEXT)
|  |
|  04:HASH JOIN [INNER JOIN, PARTITIONED]
|  |  hash-table-id=20
|  |  hash predicates: cs_item_sk = cr_item_sk, cs_order_number = cr_order_number
|  |  fk/pk conjuncts: cs_item_sk = cr_item_sk, cs_order_number = cr_order_number
|  |  mem-estimate=0B mem-reservation=0B spill-buffer=2.00MB thread-reservation=0
|  |  tuple-ids=2,3 row-size=40B cardinality=2.56G cost=1490184428
|  |  in pipelines: 02(GETNEXT), 03(OPEN)
|  |
|  |--F74:PLAN FRAGMENT [HASH(cs_item_sk,cs_order_number)] hosts=10 instances=120
|  |  |  Per-Instance Resources: mem-estimate=214.81MB mem-reservation=51.00MB thread-reservation=1 runtime-filters-memory=17.00MB
|  |  |  max-parallelism=330 segment-costs=[527708754]
|  |  JOIN BUILD
|  |  |  join-table-id=20 plan-id=21 cohort-id=05
|  |  |  build expressions: cr_item_sk, cr_order_number
|  |  |  runtime filters: RF042[bloom] <- cr_item_sk, RF043[bloom] <- cr_order_number, RF044[min_max] <- cr_item_sk, RF045[min_max] <- cr_order_number
|  |  |  mem-estimate=184.80MB mem-reservation=34.00MB spill-buffer=2.00MB thread-reservation=0 cost=432016991
|  |  |
|  |  101:EXCHANGE [HASH(cr_item_sk,cr_order_number)]
|  |  |  mem-estimate=13.01MB mem-reservation=0B thread-reservation=0
|  |  |  tuple-ids=3 row-size=24B cardinality=432.02M cost=95691763
|  |  |  in pipelines: 03(GETNEXT)
|  |  |
|  |  F22:PLAN FRAGMENT [RANDOM] hosts=10 instances=110 (adjusted from 120)
|  |  Per-Instance Resources: mem-estimate=29.12MB mem-reservation=40.00KB thread-reservation=1
|  |  max-parallelism=110 segment-costs=[1039605687]
|  |  03:SCAN HDFS [tpcds_partitioned_parquet_snap.catalog_returns, RANDOM]
|  |     HDFS partitions=2060/2060 files=2060 size=32.77GB
|  |     runtime filters: RF003[min_max] -> tpcds_partitioned_parquet_snap.catalog_returns.cr_item_sk
|  |     stored statistics:
|  |       table: rows=432.02M size=32.77GB
|  |       partitions: 2060/2060 rows=432.02M
|  |       columns: all
|  |     extrapolated-rows=disabled max-scan-range-rows=416.82K
|  |     mem-estimate=16.00MB mem-reservation=40.00KB thread-reservation=0
|  |     tuple-ids=3 row-size=24B cardinality=432.02M cost=149305072
|  |     in pipelines: 03(GETNEXT)
|  |
|  100:EXCHANGE [HASH(cs_item_sk,cs_order_number)]
|  |  mem-estimate=12.34MB mem-reservation=0B thread-reservation=0
|  |  tuple-ids=2 row-size=16B cardinality=4.00G(filtered from 4.32G) cost=739140459
|  |  in pipelines: 02(GETNEXT)
|  |
|  F21:PLAN FRAGMENT [RANDOM] hosts=10 instances=120
|  Per-Host Shared Resources: mem-estimate=17.00MB mem-reservation=17.00MB thread-reservation=0 runtime-filters-memory=17.00MB
|  Per-Instance Resources: mem-estimate=25.38MB mem-reservation=1.00MB thread-reservation=1
|  max-parallelism=720 segment-costs=[7180594990]
|  02:SCAN HDFS [tpcds_partitioned_parquet_snap.catalog_sales, RANDOM]
|     HDFS partitions=1831/1831 files=1831 size=280.96GB
|     runtime filters: RF044[min_max] -> cs_item_sk, RF045[min_max] -> cs_order_number, RF003[min_max] -> tpcds_partitioned_parquet_snap.catalog_sales.cs_item_sk, RF042[bloom] -> cs_item_sk, RF043[bloom] -> cs_order_number
|     stored statistics:
|       table: rows=4.32G size=280.96GB
|       partitions: 1831/1831 rows=4.32G
|       columns: all
|     extrapolated-rows=disabled max-scan-range-rows=21.52M
|     mem-estimate=16.00MB mem-reservation=1.00MB thread-reservation=0
|     tuple-ids=2 row-size=16B cardinality=4.00G(filtered from 4.32G) cost=995345966
|     in pipelines: 02(GETNEXT)
|
36:HASH JOIN [INNER JOIN, BROADCAST]
|  hash-table-id=21
|  hash predicates: hd2.hd_income_band_sk = ib2.ib_income_band_sk
|  fk/pk conjuncts: hd2.hd_income_band_sk = ib2.ib_income_band_sk
|  mem-estimate=0B mem-reservation=0B spill-buffer=64.00KB thread-reservation=0
|  tuple-ids=1,0,20,6,10,16,14,15,11,12,7,8,9,13,17,18,19 row-size=426B cardinality=20.88M cost=9140237
|  in pipelines: 01(GETNEXT), 19(OPEN)
|
|--F75:PLAN FRAGMENT [HASH(c_current_addr_sk)] hosts=10 instances=10
|  |  Per-Instance Resources: mem-estimate=23.27MB mem-reservation=23.25MB thread-reservation=1
|  |  max-parallelism=10 segment-costs=[40]
|  JOIN BUILD
|  |  join-table-id=21 plan-id=22 cohort-id=01
|  |  build expressions: ib2.ib_income_band_sk
|  |  runtime filters: RF009[min_max] <- ib2.ib_income_band_sk
|  |  mem-estimate=23.25MB mem-reservation=23.25MB spill-buffer=64.00KB thread-reservation=0 cost=20
|  |
|  99:EXCHANGE [BROADCAST]
|  |  mem-estimate=16.00KB mem-reservation=0B thread-reservation=0
|  |  tuple-ids=19 row-size=4B cardinality=20 cost=20
|  |  in pipelines: 19(GETNEXT)
|  |
|  F20:PLAN FRAGMENT [RANDOM] hosts=1 instances=1
|  Per-Instance Resources: mem-estimate=16.03MB mem-reservation=8.00KB thread-reservation=1
|  max-parallelism=1 segment-costs=[1]
|  19:SCAN HDFS [tpcds_partitioned_parquet_snap.income_band ib2, RANDOM]
|     HDFS partitions=1/1 files=1 size=1.22KB
|     stored statistics:
|       table: rows=20 size=1.22KB
|       columns: all
|     extrapolated-rows=disabled max-scan-range-rows=20
|     mem-estimate=16.00MB mem-reservation=8.00KB thread-reservation=0
|     tuple-ids=19 row-size=4B cardinality=20 cost=1
|     in pipelines: 19(GETNEXT)
|
35:HASH JOIN [INNER JOIN, BROADCAST]
|  hash-table-id=22
|  hash predicates: hd1.hd_income_band_sk = ib1.ib_income_band_sk
|  fk/pk conjuncts: hd1.hd_income_band_sk = ib1.ib_income_band_sk
|  mem-estimate=0B mem-reservation=0B spill-buffer=64.00KB thread-reservation=0
|  tuple-ids=1,0,20,6,10,16,14,15,11,12,7,8,9,13,17,18 row-size=422B cardinality=20.88M cost=9140237
|  in pipelines: 01(GETNEXT), 18(OPEN)
|
|--F76:PLAN FRAGMENT [HASH(c_current_addr_sk)] hosts=10 instances=10
|  |  Per-Instance Resources: mem-estimate=23.27MB mem-reservation=23.25MB thread-reservation=1
|  |  max-parallelism=10 segment-costs=[40]
|  JOIN BUILD
|  |  join-table-id=22 plan-id=23 cohort-id=01
|  |  build expressions: ib1.ib_income_band_sk
|  |  runtime filters: RF011[min_max] <- ib1.ib_income_band_sk
|  |  mem-estimate=23.25MB mem-reservation=23.25MB spill-buffer=64.00KB thread-reservation=0 cost=20
|  |
|  98:EXCHANGE [BROADCAST]
|  |  mem-estimate=16.00KB mem-reservation=0B thread-reservation=0
|  |  tuple-ids=18 row-size=4B cardinality=20 cost=20
|  |  in pipelines: 18(GETNEXT)
|  |
|  F19:PLAN FRAGMENT [RANDOM] hosts=1 instances=1
|  Per-Instance Resources: mem-estimate=16.03MB mem-reservation=8.00KB thread-reservation=1
|  max-parallelism=1 segment-costs=[1]
|  18:SCAN HDFS [tpcds_partitioned_parquet_snap.income_band ib1, RANDOM]
|     HDFS partitions=1/1 files=1 size=1.22KB
|     stored statistics:
|       table: rows=20 size=1.22KB
|       columns: all
|     extrapolated-rows=disabled max-scan-range-rows=20
|     mem-estimate=16.00MB mem-reservation=8.00KB thread-reservation=0
|     tuple-ids=18 row-size=4B cardinality=20 cost=1
|     in pipelines: 18(GETNEXT)
|
34:HASH JOIN [INNER JOIN, PARTITIONED]
|  hash-table-id=23
|  hash predicates: c_current_addr_sk = ad2.ca_address_sk
|  fk/pk conjuncts: c_current_addr_sk = ad2.ca_address_sk
|  mem-estimate=0B mem-reservation=0B spill-buffer=1.00MB thread-reservation=0
|  tuple-ids=1,0,20,6,10,16,14,15,11,12,7,8,9,13,17 row-size=418B cardinality=20.88M cost=9140237
|  in pipelines: 01(GETNEXT), 17(OPEN)
|
|--F77:PLAN FRAGMENT [HASH(c_current_addr_sk)] hosts=10 instances=120
|  |  Per-Instance Resources: mem-estimate=27.80MB mem-reservation=17.00MB thread-reservation=1
|  |  max-parallelism=1650 segment-costs=[22017902]
|  JOIN BUILD
|  |  join-table-id=23 plan-id=24 cohort-id=01
|  |  build expressions: ad2.ca_address_sk
|  |  runtime filters: RF013[min_max] <- ad2.ca_address_sk
|  |  mem-estimate=17.00MB mem-reservation=17.00MB spill-buffer=1.00MB thread-reservation=0 cost=15000000
|  |
|  97:EXCHANGE [HASH(ad2.ca_address_sk)]
|  |  mem-estimate=10.80MB mem-reservation=0B thread-reservation=0
|  |  tuple-ids=17 row-size=78B cardinality=15.00M cost=7017902
|  |  in pipelines: 17(GETNEXT)
|  |
|  F17:PLAN FRAGMENT [RANDOM] hosts=10 instances=10
|  Per-Instance Resources: mem-estimate=54.23MB mem-reservation=128.00KB thread-reservation=1
|  max-parallelism=10 segment-costs=[89031849]
|  17:SCAN HDFS [tpcds_partitioned_parquet_snap.customer_address ad2, RANDOM]
|     HDFS partitions=1/1 files=1 size=307.36MB
|     stored statistics:
|       table: rows=15.00M size=307.36MB
|       columns: all
|     extrapolated-rows=disabled max-scan-range-rows=1.58M
|     mem-estimate=16.00MB mem-reservation=128.00KB thread-reservation=0
|     tuple-ids=17 row-size=78B cardinality=15.00M cost=6384216
|     in pipelines: 17(GETNEXT)
|
96:EXCHANGE [HASH(c_current_addr_sk)]
|  mem-estimate=37.12MB mem-reservation=0B thread-reservation=0
|  tuple-ids=1,0,20,6,10,16,14,15,11,12,7,8,9,13 row-size=341B cardinality=20.88M cost=45040238
|  in pipelines: 01(GETNEXT)
|
F08:PLAN FRAGMENT [HASH(ss_addr_sk)] hosts=10 instances=70 (adjusted from 120)
Per-Instance Resources: mem-estimate=201.13MB mem-reservation=0B thread-reservation=1
max-parallelism=80 segment-costs=[715872955]
33:HASH JOIN [INNER JOIN, BROADCAST]
|  hash-table-id=24
|  hash predicates: ss_promo_sk = p_promo_sk
|  fk/pk conjuncts: ss_promo_sk = p_promo_sk
|  mem-estimate=0B mem-reservation=0B spill-buffer=64.00KB thread-reservation=0
|  tuple-ids=1,0,20,6,10,16,14,15,11,12,7,8,9,13 row-size=341B cardinality=20.88M cost=9140237
|  in pipelines: 01(GETNEXT), 13(OPEN)
|
|--F78:PLAN FRAGMENT [HASH(ss_addr_sk)] hosts=10 instances=10
|  |  Per-Instance Resources: mem-estimate=13.58MB mem-reservation=13.56MB thread-reservation=1
|  |  max-parallelism=10 segment-costs=[4190]
|  JOIN BUILD
|  |  join-table-id=24 plan-id=25 cohort-id=01
|  |  build expressions: p_promo_sk
|  |  runtime filters: RF015[min_max] <- p_promo_sk
|  |  mem-estimate=13.56MB mem-reservation=13.56MB spill-buffer=64.00KB thread-reservation=0 cost=1800
|  |
|  95:EXCHANGE [BROADCAST]
|  |  mem-estimate=16.00KB mem-reservation=0B thread-reservation=0
|  |  tuple-ids=13 row-size=4B cardinality=1.80K cost=2390
|  |  in pipelines: 13(GETNEXT)
|  |
|  F16:PLAN FRAGMENT [RANDOM] hosts=1 instances=1
|  Per-Instance Resources: mem-estimate=16.03MB mem-reservation=32.00KB thread-reservation=1
|  max-parallelism=1 segment-costs=[161]
|  13:SCAN HDFS [tpcds_partitioned_parquet_snap.promotion, RANDOM]
|     HDFS partitions=1/1 files=1 size=100.50KB
|     stored statistics:
|       table: rows=1.80K size=100.50KB
|       columns: all
|     extrapolated-rows=disabled max-scan-range-rows=1.80K
|     mem-estimate=16.00MB mem-reservation=32.00KB thread-reservation=0
|     tuple-ids=13 row-size=4B cardinality=1.80K cost=103
|     in pipelines: 13(GETNEXT)
|
32:HASH JOIN [INNER JOIN, BROADCAST]
|  hash-table-id=25
|  hash predicates: ss_store_sk = s_store_sk
|  fk/pk conjuncts: ss_store_sk = s_store_sk
|  mem-estimate=0B mem-reservation=0B spill-buffer=64.00KB thread-reservation=0
|  tuple-ids=1,0,20,6,10,16,14,15,11,12,7,8,9 row-size=337B cardinality=20.88M cost=9140237
|  in pipelines: 01(GETNEXT), 09(OPEN)
|
|--F79:PLAN FRAGMENT [HASH(ss_addr_sk)] hosts=10 instances=10
|  |  Per-Instance Resources: mem-estimate=13.65MB mem-reservation=13.56MB thread-reservation=1
|  |  max-parallelism=10 segment-costs=[3140]
|  JOIN BUILD
|  |  join-table-id=25 plan-id=26 cohort-id=01
|  |  build expressions: s_store_sk
|  |  runtime filters: RF017[min_max] <- s_store_sk
|  |  mem-estimate=13.56MB mem-reservation=13.56MB spill-buffer=64.00KB thread-reservation=0 cost=1350
|  |
|  94:EXCHANGE [BROADCAST]
|  |  mem-estimate=89.64KB mem-reservation=0B thread-reservation=0
|  |  tuple-ids=9 row-size=37B cardinality=1.35K cost=1790
|  |  in pipelines: 09(GETNEXT)
|  |
|  F15:PLAN FRAGMENT [RANDOM] hosts=1 instances=1
|  Per-Instance Resources: mem-estimate=16.16MB mem-reservation=24.00KB thread-reservation=1
|  max-parallelism=1 segment-costs=[414]
|  09:SCAN HDFS [tpcds_partitioned_parquet_snap.store, RANDOM]
|     HDFS partitions=1/1 files=1 size=119.76KB
|     runtime filters: RF004[min_max] -> tpcds_partitioned_parquet_snap.store.s_store_name, RF005[min_max] -> tpcds_partitioned_parquet_snap.store.s_zip
|     stored statistics:
|       table: rows=1.35K size=119.76KB
|       columns: all
|     extrapolated-rows=disabled max-scan-range-rows=1.35K
|     mem-estimate=16.00MB mem-reservation=24.00KB thread-reservation=0
|     tuple-ids=9 row-size=37B cardinality=1.35K cost=251
|     in pipelines: 09(GETNEXT)
|
31:HASH JOIN [INNER JOIN, BROADCAST]
|  hash-table-id=26
|  hash predicates: c_first_shipto_date_sk = d3.d_date_sk
|  fk/pk conjuncts: c_first_shipto_date_sk = d3.d_date_sk
|  mem-estimate=0B mem-reservation=0B spill-buffer=256.00KB thread-reservation=0
|  tuple-ids=1,0,20,6,10,16,14,15,11,12,7,8 row-size=300B cardinality=20.88M cost=9140237
|  in pipelines: 01(GETNEXT), 08(OPEN)
|
|--F80:PLAN FRAGMENT [HASH(ss_addr_sk)] hosts=10 instances=10
|  |  Per-Instance Resources: mem-estimate=33.82MB mem-reservation=33.25MB thread-reservation=1
|  |  max-parallelism=10 segment-costs=[170129]
|  JOIN BUILD
|  |  join-table-id=26 plan-id=27 cohort-id=01
|  |  build expressions: d3.d_date_sk
|  |  runtime filters: RF019[min_max] <- d3.d_date_sk
|  |  mem-estimate=33.25MB mem-reservation=33.25MB spill-buffer=256.00KB thread-reservation=0 cost=73049
|  |
|  93:EXCHANGE [BROADCAST]
|  |  mem-estimate=582.70KB mem-reservation=0B thread-reservation=0
|  |  tuple-ids=8 row-size=8B cardinality=73.05K cost=97080
|  |  in pipelines: 08(GETNEXT)
|  |
|  F14:PLAN FRAGMENT [RANDOM] hosts=1 instances=1
|  Per-Instance Resources: mem-estimate=16.05MB mem-reservation=512.00KB thread-reservation=1
|  max-parallelism=1 segment-costs=[11570]
|  08:SCAN HDFS [tpcds_partitioned_parquet_snap.date_dim d3, RANDOM]
|     HDFS partitions=1/1 files=1 size=2.17MB
|     stored statistics:
|       table: rows=73.05K size=2.17MB
|       columns: all
|     extrapolated-rows=disabled max-scan-range-rows=73.05K
|     mem-estimate=16.00MB mem-reservation=512.00KB thread-reservation=0
|     tuple-ids=8 row-size=8B cardinality=73.05K cost=8415
|     in pipelines: 08(GETNEXT)
|
30:HASH JOIN [INNER JOIN, BROADCAST]
|  hash-table-id=27
|  hash predicates: c_first_sales_date_sk = d2.d_date_sk
|  fk/pk conjuncts: c_first_sales_date_sk = d2.d_date_sk
|  mem-estimate=0B mem-reservation=0B spill-buffer=256.00KB thread-reservation=0
|  tuple-ids=1,0,20,6,10,16,14,15,11,12,7 row-size=292B cardinality=20.88M cost=9140237
|  in pipelines: 01(GETNEXT), 07(OPEN)
|
|--F81:PLAN FRAGMENT [HASH(ss_addr_sk)] hosts=10 instances=10
|  |  Per-Instance Resources: mem-estimate=33.82MB mem-reservation=33.25MB thread-reservation=1
|  |  max-parallelism=10 segment-costs=[170129]
|  JOIN BUILD
|  |  join-table-id=27 plan-id=28 cohort-id=01
|  |  build expressions: d2.d_date_sk
|  |  runtime filters: RF021[min_max] <- d2.d_date_sk
|  |  mem-estimate=33.25MB mem-reservation=33.25MB spill-buffer=256.00KB thread-reservation=0 cost=73049
|  |
|  92:EXCHANGE [BROADCAST]
|  |  mem-estimate=582.70KB mem-reservation=0B thread-reservation=0
|  |  tuple-ids=7 row-size=8B cardinality=73.05K cost=97080
|  |  in pipelines: 07(GETNEXT)
|  |
|  F13:PLAN FRAGMENT [RANDOM] hosts=1 instances=1
|  Per-Instance Resources: mem-estimate=16.05MB mem-reservation=512.00KB thread-reservation=1
|  max-parallelism=1 segment-costs=[11570]
|  07:SCAN HDFS [tpcds_partitioned_parquet_snap.date_dim d2, RANDOM]
|     HDFS partitions=1/1 files=1 size=2.17MB
|     stored statistics:
|       table: rows=73.05K size=2.17MB
|       columns: all
|     extrapolated-rows=disabled max-scan-range-rows=73.05K
|     mem-estimate=16.00MB mem-reservation=512.00KB thread-reservation=0
|     tuple-ids=7 row-size=8B cardinality=73.05K cost=8415
|     in pipelines: 07(GETNEXT)
|
29:HASH JOIN [INNER JOIN, BROADCAST]
|  hash-table-id=28
|  hash predicates: c_current_cdemo_sk = cd2.cd_demo_sk
|  fk/pk conjuncts: c_current_cdemo_sk = cd2.cd_demo_sk
|  other predicates: cd1.cd_marital_status != cd2.cd_marital_status
|  mem-estimate=0B mem-reservation=0B spill-buffer=2.00MB thread-reservation=0
|  tuple-ids=1,0,20,6,10,16,14,15,11,12 row-size=284B cardinality=20.88M cost=9206634
|  in pipelines: 01(GETNEXT), 12(OPEN)
|
|--F82:PLAN FRAGMENT [HASH(ss_addr_sk)] hosts=10 instances=10
|  |  Per-Instance Resources: mem-estimate=248.21MB mem-reservation=238.00MB thread-reservation=1
|  |  max-parallelism=10 segment-costs=[4473540]
|  JOIN BUILD
|  |  join-table-id=28 plan-id=29 cohort-id=01
|  |  build expressions: cd2.cd_demo_sk
|  |  runtime filters: RF023[min_max] <- cd2.cd_demo_sk
|  |  mem-estimate=238.00MB mem-reservation=238.00MB spill-buffer=2.00MB thread-reservation=0 cost=1920800
|  |
|  91:EXCHANGE [BROADCAST]
|  |  mem-estimate=10.21MB mem-reservation=0B thread-reservation=0
|  |  tuple-ids=12 row-size=17B cardinality=1.92M cost=2552740
|  |  in pipelines: 12(GETNEXT)
|  |
|  F12:PLAN FRAGMENT [RANDOM] hosts=10 instances=10
|  Per-Instance Resources: mem-estimate=16.08MB mem-reservation=1.00MB thread-reservation=1
|  max-parallelism=10 segment-costs=[267951]
|  12:SCAN HDFS [tpcds_partitioned_parquet_snap.customer_demographics cd2, RANDOM]
|     HDFS partitions=1/1 files=1 size=11.15MB
|     stored statistics:
|       table: rows=1.92M size=11.15MB
|       columns: all
|     extrapolated-rows=disabled max-scan-range-rows=197.97K
|     mem-estimate=16.00MB mem-reservation=1.00MB thread-reservation=0
|     tuple-ids=12 row-size=17B cardinality=1.92M cost=138297
|     in pipelines: 12(GETNEXT)
|
28:HASH JOIN [INNER JOIN, BROADCAST]
|  hash-table-id=29
|  hash predicates: ss_cdemo_sk = cd1.cd_demo_sk
|  fk/pk conjuncts: ss_cdemo_sk = cd1.cd_demo_sk
|  mem-estimate=0B mem-reservation=0B spill-buffer=2.00MB thread-reservation=0
|  tuple-ids=1,0,20,6,10,16,14,15,11 row-size=267B cardinality=21.14M cost=9320758
|  in pipelines: 01(GETNEXT), 11(OPEN)
|
|--F83:PLAN FRAGMENT [HASH(ss_addr_sk)] hosts=10 instances=10
|  |  Per-Instance Resources: mem-estimate=248.21MB mem-reservation=238.00MB thread-reservation=1
|  |  max-parallelism=10 segment-costs=[4473540]
|  JOIN BUILD
|  |  join-table-id=29 plan-id=30 cohort-id=01
|  |  build expressions: cd1.cd_demo_sk
|  |  runtime filters: RF025[min_max] <- cd1.cd_demo_sk
|  |  mem-estimate=238.00MB mem-reservation=238.00MB spill-buffer=2.00MB thread-reservation=0 cost=1920800
|  |
|  90:EXCHANGE [BROADCAST]
|  |  mem-estimate=10.21MB mem-reservation=0B thread-reservation=0
|  |  tuple-ids=11 row-size=17B cardinality=1.92M cost=2552740
|  |  in pipelines: 11(GETNEXT)
|  |
|  F11:PLAN FRAGMENT [RANDOM] hosts=10 instances=10
|  Per-Instance Resources: mem-estimate=16.08MB mem-reservation=1.00MB thread-reservation=1
|  max-parallelism=10 segment-costs=[267951]
|  11:SCAN HDFS [tpcds_partitioned_parquet_snap.customer_demographics cd1, RANDOM]
|     HDFS partitions=1/1 files=1 size=11.15MB
|     stored statistics:
|       table: rows=1.92M size=11.15MB
|       columns: all
|     extrapolated-rows=disabled max-scan-range-rows=197.97K
|     mem-estimate=16.00MB mem-reservation=1.00MB thread-reservation=0
|     tuple-ids=11 row-size=17B cardinality=1.92M cost=138297
|     in pipelines: 11(GETNEXT)
|
27:HASH JOIN [INNER JOIN, BROADCAST]
|  hash-table-id=30
|  hash predicates: c_current_hdemo_sk = hd2.hd_demo_sk
|  fk/pk conjuncts: c_current_hdemo_sk = hd2.hd_demo_sk
|  mem-estimate=0B mem-reservation=0B spill-buffer=64.00KB thread-reservation=0
|  tuple-ids=1,0,20,6,10,16,14,15 row-size=250B cardinality=21.40M cost=9502442
|  in pipelines: 01(GETNEXT), 15(OPEN)
|
|--F84:PLAN FRAGMENT [HASH(ss_addr_sk)] hosts=10 instances=10
|  |  Per-Instance Resources: mem-estimate=13.63MB mem-reservation=13.56MB thread-reservation=1
|  |  max-parallelism=10 segment-costs=[16760]
|  JOIN BUILD
|  |  join-table-id=30 plan-id=31 cohort-id=01
|  |  build expressions: hd2.hd_demo_sk
|  |  runtime filters: RF027[min_max] <- hd2.hd_demo_sk
|  |  mem-estimate=13.56MB mem-reservation=13.56MB spill-buffer=64.00KB thread-reservation=0 cost=7200
|  |
|  89:EXCHANGE [BROADCAST]
|  |  mem-estimate=68.25KB mem-reservation=0B thread-reservation=0
|  |  tuple-ids=15 row-size=8B cardinality=7.20K cost=9560
|  |  in pipelines: 15(GETNEXT)
|  |
|  F10:PLAN FRAGMENT [RANDOM] hosts=1 instances=1
|  Per-Instance Resources: mem-estimate=16.05MB mem-reservation=64.00KB thread-reservation=1
|  max-parallelism=1 segment-costs=[1140]
|  15:SCAN HDFS [tpcds_partitioned_parquet_snap.household_demographics hd2, RANDOM]
|     HDFS partitions=1/1 files=1 size=41.69KB
|     runtime filters: RF009[min_max] -> hd2.hd_income_band_sk
|     stored statistics:
|       table: rows=7.20K size=41.69KB
|       columns: all
|     extrapolated-rows=disabled max-scan-range-rows=7.20K
|     mem-estimate=16.00MB mem-reservation=64.00KB thread-reservation=0
|     tuple-ids=15 row-size=8B cardinality=7.20K cost=829
|     in pipelines: 15(GETNEXT)
|
26:HASH JOIN [INNER JOIN, BROADCAST]
|  hash-table-id=31
|  hash predicates: ss_hdemo_sk = hd1.hd_demo_sk
|  fk/pk conjuncts: ss_hdemo_sk = hd1.hd_demo_sk
|  mem-estimate=0B mem-reservation=0B spill-buffer=64.00KB thread-reservation=0
|  tuple-ids=1,0,20,6,10,16,14 row-size=242B cardinality=21.93M cost=9734724
|  in pipelines: 01(GETNEXT), 14(OPEN)
|
|--F85:PLAN FRAGMENT [HASH(ss_addr_sk)] hosts=10 instances=10
|  |  Per-Instance Resources: mem-estimate=13.63MB mem-reservation=13.56MB thread-reservation=1
|  |  max-parallelism=10 segment-costs=[16760]
|  JOIN BUILD
|  |  join-table-id=31 plan-id=32 cohort-id=01
|  |  build expressions: hd1.hd_demo_sk
|  |  runtime filters: RF029[min_max] <- hd1.hd_demo_sk
|  |  mem-estimate=13.56MB mem-reservation=13.56MB spill-buffer=64.00KB thread-reservation=0 cost=7200
|  |
|  88:EXCHANGE [BROADCAST]
|  |  mem-estimate=68.25KB mem-reservation=0B thread-reservation=0
|  |  tuple-ids=14 row-size=8B cardinality=7.20K cost=9560
|  |  in pipelines: 14(GETNEXT)
|  |
|  F09:PLAN FRAGMENT [RANDOM] hosts=1 instances=1
|  Per-Instance Resources: mem-estimate=16.05MB mem-reservation=64.00KB thread-reservation=1
|  max-parallelism=1 segment-costs=[1140]
|  14:SCAN HDFS [tpcds_partitioned_parquet_snap.household_demographics hd1, RANDOM]
|     HDFS partitions=1/1 files=1 size=41.69KB
|     runtime filters: RF011[min_max] -> hd1.hd_income_band_sk
|     stored statistics:
|       table: rows=7.20K size=41.69KB
|       columns: all
|     extrapolated-rows=disabled max-scan-range-rows=7.20K
|     mem-estimate=16.00MB mem-reservation=64.00KB thread-reservation=0
|     tuple-ids=14 row-size=8B cardinality=7.20K cost=829
|     in pipelines: 14(GETNEXT)
|
25:HASH JOIN [INNER JOIN, PARTITIONED]
|  hash-table-id=32
|  hash predicates: ss_addr_sk = ad1.ca_address_sk
|  fk/pk conjuncts: ss_addr_sk = ad1.ca_address_sk
|  mem-estimate=0B mem-reservation=0B spill-buffer=2.00MB thread-reservation=0
|  tuple-ids=1,0,20,6,10,16 row-size=234B cardinality=22.46M cost=10025023
|  in pipelines: 01(GETNEXT), 16(OPEN)
|
|--F86:PLAN FRAGMENT [HASH(ss_addr_sk)] hosts=10 instances=70 (adjusted from 120)
|  |  Per-Instance Resources: mem-estimate=44.80MB mem-reservation=34.00MB thread-reservation=1
|  |  max-parallelism=80 segment-costs=[22017902]
|  JOIN BUILD
|  |  join-table-id=32 plan-id=33 cohort-id=01
|  |  build expressions: ad1.ca_address_sk
|  |  runtime filters: RF031[min_max] <- ad1.ca_address_sk
|  |  mem-estimate=34.00MB mem-reservation=34.00MB spill-buffer=2.00MB thread-reservation=0 cost=15000000
|  |
|  87:EXCHANGE [HASH(ad1.ca_address_sk)]
|  |  mem-estimate=10.80MB mem-reservation=0B thread-reservation=0
|  |  tuple-ids=16 row-size=78B cardinality=15.00M cost=7017902
|  |  in pipelines: 16(GETNEXT)
|  |
|  F07:PLAN FRAGMENT [RANDOM] hosts=10 instances=10
|  Per-Instance Resources: mem-estimate=38.30MB mem-reservation=128.00KB thread-reservation=1
|  max-parallelism=10 segment-costs=[89031849]
|  16:SCAN HDFS [tpcds_partitioned_parquet_snap.customer_address ad1, RANDOM]
|     HDFS partitions=1/1 files=1 size=307.36MB
|     stored statistics:
|       table: rows=15.00M size=307.36MB
|       columns: all
|     extrapolated-rows=disabled max-scan-range-rows=1.58M
|     mem-estimate=16.00MB mem-reservation=128.00KB thread-reservation=0
|     tuple-ids=16 row-size=78B cardinality=15.00M cost=6384216
|     in pipelines: 16(GETNEXT)
|
86:EXCHANGE [HASH(ss_addr_sk)]
|  mem-estimate=15.16MB mem-reservation=0B thread-reservation=0
|  tuple-ids=1,0,20,6,10 row-size=156B cardinality=23.22M cost=22680993
|  in pipelines: 01(GETNEXT)
|
F06:PLAN FRAGMENT [HASH(ss_customer_sk)] hosts=10 instances=30 (adjusted from 120)
Per-Instance Resources: mem-estimate=61.08MB mem-reservation=0B thread-reservation=1
max-parallelism=40 segment-costs=[325063575]
24:HASH JOIN [INNER JOIN, PARTITIONED]
|  hash-table-id=33
|  hash predicates: ss_customer_sk = c_customer_sk
|  fk/pk conjuncts: ss_customer_sk = c_customer_sk
|  mem-estimate=0B mem-reservation=0B spill-buffer=2.00MB thread-reservation=0
|  tuple-ids=1,0,20,6,10 row-size=156B cardinality=23.22M cost=10693595
|  in pipelines: 01(GETNEXT), 10(OPEN)
|
|--F87:PLAN FRAGMENT [HASH(ss_customer_sk)] hosts=10 instances=30 (adjusted from 120)
|  |  Per-Instance Resources: mem-estimate=58.76MB mem-reservation=34.00MB thread-reservation=1
|  |  max-parallelism=40 segment-costs=[36645000]
|  JOIN BUILD
|  |  join-table-id=33 plan-id=34 cohort-id=01
|  |  build expressions: c_customer_sk
|  |  runtime filters: RF033[min_max] <- c_customer_sk
|  |  mem-estimate=48.49MB mem-reservation=34.00MB spill-buffer=2.00MB thread-reservation=0 cost=30000000
|  |
|  85:EXCHANGE [HASH(c_customer_sk)]
|  |  mem-estimate=10.27MB mem-reservation=0B thread-reservation=0
|  |  tuple-ids=10 row-size=24B cardinality=30.00M cost=6645000
|  |  in pipelines: 10(GETNEXT)
|  |
|  F05:PLAN FRAGMENT [RANDOM] hosts=10 instances=10
|  Per-Instance Resources: mem-estimate=19.28MB mem-reservation=1.00MB thread-reservation=1
|  max-parallelism=10 segment-costs=[72192000]
|  10:SCAN HDFS [tpcds_partitioned_parquet_snap.customer, RANDOM]
|     HDFS partitions=1/1 files=1 size=1.55GB
|     runtime filters: RF027[min_max] -> c_current_hdemo_sk, RF023[min_max] -> c_current_cdemo_sk, RF013[min_max] -> c_current_addr_sk, RF019[min_max] -> c_first_shipto_date_sk, RF021[min_max] -> c_first_sales_date_sk
|     stored statistics:
|       table: rows=30.00M size=1.55GB
|       columns: all
|     extrapolated-rows=disabled max-scan-range-rows=3.10M
|     mem-estimate=16.00MB mem-reservation=1.00MB thread-reservation=0
|     tuple-ids=10 row-size=24B cardinality=30.00M cost=10368000
|     in pipelines: 10(GETNEXT)
|
84:EXCHANGE [HASH(ss_customer_sk)]
|  mem-estimate=12.90MB mem-reservation=0B thread-reservation=0
|  tuple-ids=1,0,20,6 row-size=132B cardinality=25.29M cost=20984990
|  in pipelines: 01(GETNEXT)
|
F04:PLAN FRAGMENT [HASH(sr_item_sk,sr_ticket_number)] hosts=10 instances=20 (adjusted from 120)
Per-Instance Resources: mem-estimate=27.84MB mem-reservation=0B thread-reservation=1
max-parallelism=30 segment-costs=[299440393]
23:HASH JOIN [INNER JOIN, PARTITIONED]
|  hash-table-id=34
|  hash predicates: sr_item_sk = ss_item_sk, sr_ticket_number = ss_ticket_number
|  fk/pk conjuncts: sr_item_sk = ss_item_sk, sr_ticket_number = ss_ticket_number
|  mem-estimate=0B mem-reservation=0B spill-buffer=2.00MB thread-reservation=0
|  tuple-ids=1,0,20,6 row-size=132B cardinality=25.29M cost=21190008
|  in pipelines: 01(GETNEXT), 00(OPEN)
|
|--F88:PLAN FRAGMENT [HASH(sr_item_sk,sr_ticket_number)] hosts=10 instances=20 (adjusted from 120)
|  |  Per-Instance Resources: mem-estimate=289.68MB mem-reservation=51.00MB thread-reservation=1 runtime-filters-memory=17.00MB
|  |  max-parallelism=30 segment-costs=[63285631] cpu-comparison-result=140 [max(140 (self) vs 25 (sum children))]
|  JOIN BUILD
|  |  join-table-id=34 plan-id=35 cohort-id=01
|  |  build expressions: ss_item_sk, ss_ticket_number
|  |  runtime filters: RF034[bloom] <- ss_item_sk, RF035[bloom] <- ss_ticket_number, RF036[min_max] <- ss_item_sk, RF037[min_max] <- ss_ticket_number
|  |  mem-estimate=247.19MB mem-reservation=34.00MB spill-buffer=2.00MB thread-reservation=0 cost=36417729
|  |
|  83:EXCHANGE [HASH(ss_item_sk,ss_ticket_number)]
|  |  mem-estimate=25.50MB mem-reservation=0B thread-reservation=0
|  |  tuple-ids=0,20,6 row-size=120B cardinality=36.42M cost=26867902
|  |  in pipelines: 00(GETNEXT)
|  |
|  F01:PLAN FRAGMENT [RANDOM] hosts=10 instances=120
|  Per-Host Shared Resources: mem-estimate=2.00MB mem-reservation=2.00MB thread-reservation=0 runtime-filters-memory=2.00MB
|  Per-Instance Resources: mem-estimate=26.33MB mem-reservation=8.00MB thread-reservation=1
|  max-parallelism=180 segment-costs=[1718820654]
|  22:HASH JOIN [INNER JOIN, BROADCAST]
|  |  hash-table-id=35
|  |  hash predicates: ss_sold_date_sk = d1.d_date_sk
|  |  fk/pk conjuncts: ss_sold_date_sk = d1.d_date_sk
|  |  mem-estimate=0B mem-reservation=0B spill-buffer=64.00KB thread-reservation=0
|  |  tuple-ids=0,20,6 row-size=120B cardinality=36.42M cost=15940039
|  |  in pipelines: 00(GETNEXT), 06(OPEN)
|  |
|  |--F89:PLAN FRAGMENT [RANDOM] hosts=10 instances=10
|  |  |  Per-Instance Resources: mem-estimate=24.27MB mem-reservation=24.25MB thread-reservation=1 runtime-filters-memory=1.00MB
|  |  |  max-parallelism=10 segment-costs=[863]
|  |  JOIN BUILD
|  |  |  join-table-id=35 plan-id=36 cohort-id=06
|  |  |  build expressions: d1.d_date_sk
|  |  |  runtime filters: RF038[bloom] <- d1.d_date_sk
|  |  |  mem-estimate=23.25MB mem-reservation=23.25MB spill-buffer=64.00KB thread-reservation=0 cost=373
|  |  |
|  |  81:EXCHANGE [BROADCAST]
|  |  |  mem-estimate=16.00KB mem-reservation=0B thread-reservation=0
|  |  |  tuple-ids=6 row-size=8B cardinality=373 cost=490
|  |  |  in pipelines: 06(GETNEXT)
|  |  |
|  |  F03:PLAN FRAGMENT [RANDOM] hosts=1 instances=1
|  |  Per-Instance Resources: mem-estimate=20.05MB mem-reservation=4.50MB thread-reservation=1
|  |  max-parallelism=1 segment-costs=[10483]
|  |  137:TUPLE CACHE
|  |  |  cache key: 7b1386755ea9bf5bc7f77efa229d8f45
|  |  |  input scan node ids: 6
|  |  |  estimated serialized size: 4.37KB
|  |  |  estimated serialized size per node: 4.37KB
|  |  |  cumulative processing cost: 10467
|  |  |  cache read processing cost: 49
|  |  |  cache write processing cost: 12
|  |  |  mem-estimate=4.00MB mem-reservation=4.00MB spill-buffer=2.00MB thread-reservation=0
|  |  |  tuple-ids=6 row-size=8B cardinality=373 cost=0
|  |  |  in pipelines: 06(GETNEXT)
|  |  |
|  |  06:SCAN HDFS [tpcds_partitioned_parquet_snap.date_dim d1, RANDOM]
|  |     HDFS partitions=1/1 files=1 size=2.17MB
|  |     deterministic scan range assignment: true
|  |     schedule scan ranges oldest to newest: true
|  |     predicates: d1.d_year = CAST(2000 AS INT)
|  |     stored statistics:
|  |       table: rows=73.05K size=2.17MB
|  |       columns: all
|  |     extrapolated-rows=disabled max-scan-range-rows=73.05K
|  |     parquet statistics predicates: d1.d_year = CAST(2000 AS INT)
|  |     parquet dictionary predicates: d1.d_year = CAST(2000 AS INT)
|  |     mem-estimate=16.00MB mem-reservation=512.00KB thread-reservation=0
|  |     tuple-ids=6 row-size=8B cardinality=373 cost=10467
|  |     in pipelines: 06(GETNEXT)
|  |
|  21:HASH JOIN [INNER JOIN, BROADCAST]
|  |  hash-table-id=36
|  |  hash predicates: ss_item_sk = i_item_sk
|  |  fk/pk conjuncts: ss_item_sk = i_item_sk
|  |  mem-estimate=0B mem-reservation=0B spill-buffer=64.00KB thread-reservation=0
|  |  tuple-ids=0,20 row-size=112B cardinality=36.42M(filtered from 178.09M) cost=41610262
|  |  in pipelines: 00(GETNEXT), 20(OPEN)
|  |
|  |--F90:PLAN FRAGMENT [RANDOM] hosts=10 instances=10
|  |  |  Per-Instance Resources: mem-estimate=24.93MB mem-reservation=24.25MB thread-reservation=1 runtime-filters-memory=1.00MB
|  |  |  max-parallelism=10 segment-costs=[17284]
|  |  JOIN BUILD
|  |  |  join-table-id=36 plan-id=37 cohort-id=06
|  |  |  build expressions: i_item_sk
|  |  |  runtime filters: RF040[bloom] <- i_item_sk, RF041[min_max] <- i_item_sk
|  |  |  mem-estimate=23.25MB mem-reservation=23.25MB spill-buffer=64.00KB thread-reservation=0 cost=7424
|  |  |
|  |  80:EXCHANGE [BROADCAST]
|  |  |  mem-estimate=693.62KB mem-reservation=0B thread-reservation=0
|  |  |  tuple-ids=20 row-size=60B cardinality=7.42K cost=9860
|  |  |  in pipelines: 20(GETNEXT)
|  |  |
|  |  F02:PLAN FRAGMENT [RANDOM] hosts=4 instances=4
|  |  Per-Instance Resources: mem-estimate=16.25MB mem-reservation=512.00KB thread-reservation=1
|  |  max-parallelism=4 segment-costs=[239776]
|  |  20:SCAN HDFS [tpcds_partitioned_parquet_snap.item, RANDOM]
|  |     HDFS partitions=1/1 files=1 size=33.54MB
|  |     predicates: i_color IN ('peach', 'misty', 'drab', 'chocolate', 'almond', 'saddle'), i_current_price <= CAST(85 AS DECIMAL(5,0)), i_current_price <= CAST(90 AS DECIMAL(5,0)), i_current_price >= CAST(75 AS DECIMAL(3,0)), i_current_price >= CAST(76 AS DECIMAL(5,0))
|  |     runtime filters: RF003[min_max] -> tpcds_partitioned_parquet_snap.item.i_item_sk, RF007[min_max] -> tpcds_partitioned_parquet_snap.item.i_item_sk
|  |     stored statistics:
|  |       table: rows=360.00K size=33.54MB
|  |       columns: all
|  |     extrapolated-rows=disabled max-scan-range-rows=101.54K
|  |     parquet statistics predicates: i_color IN ('peach', 'misty', 'drab', 'chocolate', 'almond', 'saddle'), i_current_price <= CAST(85 AS DECIMAL(5,0)), i_current_price <= CAST(90 AS DECIMAL(5,0)), i_current_price >= CAST(75 AS DECIMAL(3,0)), i_current_price >= CAST(76 AS DECIMAL(5,0))
|  |     parquet dictionary predicates: i_color IN ('peach', 'misty', 'drab', 'chocolate', 'almond', 'saddle'), i_current_price <= CAST(85 AS DECIMAL(5,0)), i_current_price <= CAST(90 AS DECIMAL(5,0)), i_current_price >= CAST(75 AS DECIMAL(3,0)), i_current_price >= CAST(76 AS DECIMAL(5,0))
|  |     mem-estimate=16.00MB mem-reservation=512.00KB thread-reservation=0
|  |     tuple-ids=20 row-size=60B cardinality=7.42K cost=238409
|  |     in pipelines: 20(GETNEXT)
|  |
|  00:SCAN HDFS [tpcds_partitioned_parquet_snap.store_sales, RANDOM]
|     HDFS partitions=1824/1824 files=1824 size=389.90GB
|     runtime filters: RF041[min_max] -> ss_item_sk, RF033[min_max] -> ss_customer_sk, RF031[min_max] -> ss_addr_sk, RF029[min_max] -> ss_hdemo_sk, RF025[min_max] -> ss_cdemo_sk, RF003[min_max] -> tpcds_partitioned_parquet_snap.store_sales.ss_item_sk, RF015[min_max] -> ss_promo_sk, RF017[min_max] -> ss_store_sk, RF007[min_max] -> ss_item_sk, RF040[bloom] -> ss_item_sk, RF038[bloom] -> ss_sold_date_sk
|     stored statistics:
|       table: rows=8.64G size=389.90GB
|       partitions: 1824/1824 rows=8.64G
|       columns: all
|     extrapolated-rows=disabled max-scan-range-rows=390.22M est-scan-range=374(filtered from 1824)
|     mem-estimate=16.00MB mem-reservation=8.00MB thread-reservation=0
|     tuple-ids=0 row-size=52B cardinality=36.42M(filtered from 8.64G) cost=1323001445
|     in pipelines: 00(GETNEXT)
|
82:EXCHANGE [HASH(sr_item_sk,sr_ticket_number)]
|  mem-estimate=10.47MB mem-reservation=0B thread-reservation=0
|  tuple-ids=1 row-size=12B cardinality=64.75M(filtered from 863.99M) cost=10767316
|  in pipelines: 01(GETNEXT)
|
F00:PLAN FRAGMENT [RANDOM] hosts=10 instances=30 (adjusted from 120)
Per-Host Shared Resources: mem-estimate=17.00MB mem-reservation=17.00MB thread-reservation=0 runtime-filters-memory=17.00MB
Per-Instance Resources: mem-estimate=17.25MB mem-reservation=512.00KB thread-reservation=1
max-parallelism=30 segment-costs=[232690522]
01:SCAN HDFS [tpcds_partitioned_parquet_snap.store_returns, RANDOM]
   HDFS partitions=2004/2004 files=2004 size=48.14GB
   runtime filters: RF036[min_max] -> sr_item_sk, RF037[min_max] -> sr_ticket_number, RF003[min_max] -> tpcds_partitioned_parquet_snap.store_returns.sr_item_sk, RF007[min_max] -> tpcds_partitioned_parquet_snap.store_returns.sr_item_sk, RF034[bloom] -> sr_item_sk, RF035[bloom] -> sr_ticket_number
   stored statistics:
     table: rows=863.99M size=48.14GB
     partitions: 2004/2004 rows=863.99M
     columns: all
   extrapolated-rows=disabled max-scan-range-rows=30.09M
   mem-estimate=16.00MB mem-reservation=512.00KB thread-reservation=0
   tuple-ids=1 row-size=12B cardinality=64.75M(filtered from 863.99M) cost=149297235
   in pipelines: 01(GETNEXT)
---- PARALLELPLANS
Max Per-Host Resource Reservation: Memory=6.11GB Threads=325
Per-Host Resource Estimates: Memory=101.05GB
F53:PLAN FRAGMENT [UNPARTITIONED] hosts=1 instances=1
|  Per-Instance Resources: mem-estimate=1.21GB mem-reservation=4.00MB thread-reservation=1
|  max-parallelism=1 segment-costs=[18941077893] cpu-comparison-result=1516 [max(1 (self) vs 1516 (sum children))]
PLAN-ROOT SINK
|  output exprs: product_name, store_name, store_zip, b_street_number, b_street_name, b_city, b_zip, c_street_number, c_street_name, c_city, c_zip, syear, cnt, s1, s2, s3, s1, s2, s3, syear, cnt
|  mem-estimate=100.00MB mem-reservation=4.00MB spill-buffer=2.00MB thread-reservation=0 cost=18143864832
|
136:MERGING-EXCHANGE [UNPARTITIONED]
|  order by: product_name ASC, store_name ASC, cnt ASC, s1 ASC, s1 ASC
|  mem-estimate=1.11GB mem-reservation=0B thread-reservation=0
|  tuple-ids=46 row-size=335B cardinality=863.99M cost=797213061
|  in pipelines: 79(GETNEXT)
|
F52:PLAN FRAGMENT [HASH(i_item_sk,s_store_name,s_zip)] hosts=10 instances=110 (adjusted from 120)
Per-Instance Resources: mem-estimate=2.49GB mem-reservation=12.00MB thread-reservation=1
max-parallelism=1460 segment-costs=[14553075383, 7852642112] cpu-comparison-result=1516 [max(110 (self) vs 1516 (sum children))]
79:SORT
|  order by: product_name ASC, store_name ASC, cnt ASC, s1 ASC, s1 ASC
|  mem-estimate=2.45GB mem-reservation=12.00MB spill-buffer=2.00MB thread-reservation=0
|  tuple-ids=46 row-size=335B cardinality=863.99M cost=12938654601
|  in pipelines: 79(GETNEXT), 106(OPEN)
|
78:HASH JOIN [INNER JOIN, PARTITIONED]
|  hash-table-id=00
|  hash predicates: i_item_sk = i_item_sk, s_store_name = s_store_name, s_zip = s_zip
|  fk/pk conjuncts: i_item_sk = i_item_sk, s_store_name = s_store_name, s_zip = s_zip
|  other predicates: count(*) <= count(*)
|  mem-estimate=0B mem-reservation=0B spill-buffer=2.00MB thread-reservation=0
|  tuple-ids=21,44 row-size=574B cardinality=863.99M cost=378170002
|  in pipelines: 106(GETNEXT), 133(OPEN)
|
|--F54:PLAN FRAGMENT [HASH(i_item_sk,s_store_name,s_zip)] hosts=10 instances=110 (adjusted from 120)
|  |  Per-Instance Resources: mem-estimate=2.36GB mem-reservation=34.00MB thread-reservation=1
|  |  max-parallelism=1460 segment-costs=[2100244388] cpu-comparison-result=758 [max(110 (self) vs 758 (sum children))]
|  JOIN BUILD
|  |  join-table-id=00 plan-id=01 cohort-id=01
|  |  build expressions: i_item_sk, s_store_name, s_zip
|  |  runtime filters: RF003[min_max] <- i_item_sk, RF004[min_max] <- s_store_name, RF005[min_max] <- s_zip
|  |  mem-estimate=2.32GB mem-reservation=34.00MB spill-buffer=2.00MB thread-reservation=0 cost=863993608
|  |
|  135:EXCHANGE [HASH(i_item_sk,s_store_name,s_zip)]
|  |  mem-estimate=44.09MB mem-reservation=0B thread-reservation=0
|  |  tuple-ids=44 row-size=287B cardinality=863.99M cost=1236250780
|  |  in pipelines: 133(GETNEXT)
|  |
|  F51:PLAN FRAGMENT [HASH(i_product_name,i_item_sk,s_store_name,s_zip,ad1.ca_street_number,ad1.ca_street_name,ad1.ca_city,ad1.ca_zip,ad2.ca_street_number,ad2.ca_street_name,ad2.ca_city,ad2.ca_zip,d1.d_year,d2.d_year,d3.d_year)] hosts=10 instances=120
|  Per-Instance Resources: mem-estimate=637.09MB mem-reservation=34.00MB thread-reservation=1
|  max-parallelism=1650 segment-costs=[6517498108, 16408784776] cpu-comparison-result=758 [max(120 (self) vs 758 (sum children))]
|  133:AGGREGATE [FINALIZE]
|  |  output: count:merge(*), sum:merge(ss_wholesale_cost), sum:merge(ss_list_price), sum:merge(ss_coupon_amt)
|  |  group by: i_product_name, i_item_sk, s_store_name, s_zip, ad1.ca_street_number, ad1.ca_street_name, ad1.ca_city, ad1.ca_zip, ad2.ca_street_number, ad2.ca_street_name, ad2.ca_city, ad2.ca_zip, d1.d_year, d2.d_year, d3.d_year
|  |  mem-estimate=512.09MB mem-reservation=34.00MB spill-buffer=2.00MB thread-reservation=0
|  |  tuple-ids=44 row-size=287B cardinality=863.99M cost=5281247328
|  |  in pipelines: 133(GETNEXT), 40(OPEN)
|  |
|  132:EXCHANGE [HASH(i_product_name,i_item_sk,s_store_name,s_zip,ad1.ca_street_number,ad1.ca_street_name,ad1.ca_city,ad1.ca_zip,ad2.ca_street_number,ad2.ca_street_name,ad2.ca_city,ad2.ca_zip,d1.d_year,d2.d_year,d3.d_year)]
|  |  mem-estimate=44.09MB mem-reservation=0B thread-reservation=0
|  |  tuple-ids=44 row-size=287B cardinality=863.99M cost=1236250780
|  |  in pipelines: 40(GETNEXT)
|  |
|  F44:PLAN FRAGMENT [HASH(c_current_addr_sk)] hosts=10 instances=120
|  Per-Instance Resources: mem-estimate=685.54MB mem-reservation=34.00MB thread-reservation=1
|  max-parallelism=1650 segment-costs=[5515620261, 16408784776] cpu-comparison-result=758 [max(270 (self) vs 758 (sum children))]
|  77:AGGREGATE [STREAMING]
|  |  output: count(*), sum(ss_wholesale_cost), sum(ss_list_price), sum(ss_coupon_amt)
|  |  group by: i_product_name, i_item_sk, s_store_name, s_zip, ad1.ca_street_number, ad1.ca_street_name, ad1.ca_city, ad1.ca_zip, ad2.ca_street_number, ad2.ca_street_name, ad2.ca_city, ad2.ca_zip, d1.d_year, d2.d_year, d3.d_year
|  |  mem-estimate=512.06MB mem-reservation=34.00MB spill-buffer=2.00MB thread-reservation=0
|  |  tuple-ids=44 row-size=287B cardinality=863.99M cost=5281247328
|  |  in pipelines: 40(GETNEXT)
|  |
|  76:HASH JOIN [INNER JOIN, BROADCAST]
|  |  hash-table-id=01
|  |  hash predicates: ss_item_sk = cs_item_sk
|  |  fk/pk conjuncts: none
|  |  mem-estimate=0B mem-reservation=0B spill-buffer=128.00KB thread-reservation=0
|  |  tuple-ids=24,23,43,29,33,39,37,38,34,35,30,31,32,36,40,41,42,27 row-size=462B cardinality=863.99M cost=161911984
|  |  in pipelines: 40(GETNEXT), 130(OPEN)
|  |
|  |--F55:PLAN FRAGMENT [HASH(c_current_addr_sk)] hosts=10 instances=10
|  |  |  Per-Instance Resources: mem-estimate=36.13MB mem-reservation=34.50MB thread-reservation=1
|  |  |  max-parallelism=10 segment-costs=[83878] cpu-comparison-result=240 [max(10 (self) vs 240 (sum children))]
|  |  JOIN BUILD
|  |  |  join-table-id=01 plan-id=02 cohort-id=02
|  |  |  build expressions: cs_item_sk
|  |  |  runtime filters: RF047[min_max] <- cs_item_sk
|  |  |  mem-estimate=34.50MB mem-reservation=34.50MB spill-buffer=128.00KB thread-reservation=0 cost=36018
|  |  |
|  |  131:EXCHANGE [BROADCAST]
|  |  |  mem-estimate=1.63MB mem-reservation=0B thread-reservation=0
|  |  |  tuple-ids=27 row-size=36B cardinality=36.02K cost=47860
|  |  |  in pipelines: 130(GETNEXT)
|  |  |
|  |  F50:PLAN FRAGMENT [HASH(cs_item_sk)] hosts=10 instances=10 (adjusted from 120)
|  |  Per-Instance Resources: mem-estimate=24.69MB mem-reservation=2.88MB thread-reservation=1
|  |  max-parallelism=10 segment-costs=[28566307, 4278] cpu-comparison-result=240 [max(10 (self) vs 240 (sum children))]
|  |  130:AGGREGATE [FINALIZE]
|  |  |  output: sum:merge(cs_ext_list_price), sum:merge(cr_refunded_cash + cr_reversed_charge + cr_store_credit)
|  |  |  group by: cs_item_sk
|  |  |  having: sum(cs_ext_list_price) > CAST(2 AS DECIMAL(3,0)) * sum(cr_refunded_cash + cr_reversed_charge + cr_store_credit)
|  |  |  mem-estimate=10.00MB mem-reservation=2.88MB spill-buffer=128.00KB thread-reservation=0
|  |  |  tuple-ids=27 row-size=36B cardinality=36.02K cost=16606891
|  |  |  in pipelines: 130(GETNEXT), 41(OPEN)
|  |  |
|  |  129:EXCHANGE [HASH(cs_item_sk)]
|  |  |  mem-estimate=14.69MB mem-reservation=0B thread-reservation=0
|  |  |  tuple-ids=27 row-size=36B cardinality=43.22M cost=11959416
|  |  |  in pipelines: 41(GETNEXT)
|  |  |
|  |  F49:PLAN FRAGMENT [HASH(cs_item_sk,cs_order_number)] hosts=10 instances=120
|  |  Per-Instance Resources: mem-estimate=23.91MB mem-reservation=2.00MB thread-reservation=1
|  |  max-parallelism=330 segment-costs=[3269691390, 122472725] cpu-comparison-result=240 [max(240 (self) vs 230 (sum children))]
|  |  44:AGGREGATE [STREAMING]
|  |  |  output: sum(cs_ext_list_price), sum(cr_refunded_cash + cr_reversed_charge + cr_store_credit)
|  |  |  group by: cs_item_sk
|  |  |  mem-estimate=10.00MB mem-reservation=2.00MB spill-buffer=64.00KB thread-reservation=0
|  |  |  tuple-ids=27 row-size=36B cardinality=43.22M cost=1040366503
|  |  |  in pipelines: 41(GETNEXT)
|  |  |
|  |  43:HASH JOIN [INNER JOIN, PARTITIONED]
|  |  |  hash-table-id=02
|  |  |  hash predicates: cs_item_sk = cr_item_sk, cs_order_number = cr_order_number
|  |  |  fk/pk conjuncts: cs_item_sk = cr_item_sk, cs_order_number = cr_order_number
|  |  |  mem-estimate=0B mem-reservation=0B spill-buffer=2.00MB thread-reservation=0
|  |  |  tuple-ids=25,26 row-size=40B cardinality=2.56G cost=1490184428
|  |  |  in pipelines: 41(GETNEXT), 42(OPEN)
|  |  |
|  |  |--F56:PLAN FRAGMENT [HASH(cs_item_sk,cs_order_number)] hosts=10 instances=120
|  |  |  |  Per-Instance Resources: mem-estimate=197.81MB mem-reservation=34.00MB thread-reservation=1
|  |  |  |  max-parallelism=330 segment-costs=[527708754]
|  |  |  JOIN BUILD
|  |  |  |  join-table-id=02 plan-id=03 cohort-id=03
|  |  |  |  build expressions: cr_item_sk, cr_order_number
|  |  |  |  runtime filters: RF084[min_max] <- cr_item_sk, RF085[min_max] <- cr_order_number
|  |  |  |  mem-estimate=184.80MB mem-reservation=34.00MB spill-buffer=2.00MB thread-reservation=0 cost=432016991
|  |  |  |
|  |  |  128:EXCHANGE [HASH(cr_item_sk,cr_order_number)]
|  |  |  |  mem-estimate=13.01MB mem-reservation=0B thread-reservation=0
|  |  |  |  tuple-ids=26 row-size=24B cardinality=432.02M cost=95691763
|  |  |  |  in pipelines: 42(GETNEXT)
|  |  |  |
|  |  |  F48:PLAN FRAGMENT [RANDOM] hosts=10 instances=110 (adjusted from 120)
|  |  |  Per-Instance Resources: mem-estimate=29.12MB mem-reservation=40.00KB thread-reservation=1
|  |  |  max-parallelism=110 segment-costs=[1039605687]
|  |  |  42:SCAN HDFS [tpcds_partitioned_parquet_snap.catalog_returns, RANDOM]
|  |  |     HDFS partitions=2060/2060 files=2060 size=32.77GB
|  |  |     stored statistics:
|  |  |       table: rows=432.02M size=32.77GB
|  |  |       partitions: 2060/2060 rows=432.02M
|  |  |       columns: all
|  |  |     extrapolated-rows=disabled max-scan-range-rows=416.82K
|  |  |     mem-estimate=16.00MB mem-reservation=40.00KB thread-reservation=0
|  |  |     tuple-ids=26 row-size=24B cardinality=432.02M cost=149305072
|  |  |     in pipelines: 42(GETNEXT)
|  |  |
|  |  127:EXCHANGE [HASH(cs_item_sk,cs_order_number)]
|  |  |  mem-estimate=12.34MB mem-reservation=0B thread-reservation=0
|  |  |  tuple-ids=25 row-size=16B cardinality=4.00G(filtered from 4.32G) cost=739140459
|  |  |  in pipelines: 41(GETNEXT)
|  |  |
|  |  F47:PLAN FRAGMENT [RANDOM] hosts=10 instances=120
|  |  Per-Instance Resources: mem-estimate=25.38MB mem-reservation=1.00MB thread-reservation=1
|  |  max-parallelism=720 segment-costs=[7180594990]
|  |  41:SCAN HDFS [tpcds_partitioned_parquet_snap.catalog_sales, RANDOM]
|  |     HDFS partitions=1831/1831 files=1831 size=280.96GB
|  |     runtime filters: RF084[min_max] -> cs_item_sk, RF085[min_max] -> cs_order_number
|  |     stored statistics:
|  |       table: rows=4.32G size=280.96GB
|  |       partitions: 1831/1831 rows=4.32G
|  |       columns: all
|  |     extrapolated-rows=disabled max-scan-range-rows=21.52M
|  |     mem-estimate=16.00MB mem-reservation=1.00MB thread-reservation=0
|  |     tuple-ids=25 row-size=16B cardinality=4.00G(filtered from 4.32G) cost=995345966
|  |     in pipelines: 41(GETNEXT)
|  |
|  75:HASH JOIN [INNER JOIN, BROADCAST]
|  |  hash-table-id=03
|  |  hash predicates: hd2.hd_income_band_sk = ib2.ib_income_band_sk
|  |  fk/pk conjuncts: hd2.hd_income_band_sk = ib2.ib_income_band_sk
|  |  mem-estimate=0B mem-reservation=0B spill-buffer=64.00KB thread-reservation=0
|  |  tuple-ids=24,23,43,29,33,39,37,38,34,35,30,31,32,36,40,41,42 row-size=426B cardinality=20.88M cost=9140237
|  |  in pipelines: 40(GETNEXT), 58(OPEN)
|  |
|  |--F57:PLAN FRAGMENT [HASH(c_current_addr_sk)] hosts=10 instances=10
|  |  |  Per-Instance Resources: mem-estimate=23.27MB mem-reservation=23.25MB thread-reservation=1
|  |  |  max-parallelism=10 segment-costs=[40]
|  |  JOIN BUILD
|  |  |  join-table-id=03 plan-id=04 cohort-id=02
|  |  |  build expressions: ib2.ib_income_band_sk
|  |  |  runtime filters: RF049[min_max] <- ib2.ib_income_band_sk
|  |  |  mem-estimate=23.25MB mem-reservation=23.25MB spill-buffer=64.00KB thread-reservation=0 cost=20
|  |  |
|  |  126:EXCHANGE [BROADCAST]
|  |  |  mem-estimate=16.00KB mem-reservation=0B thread-reservation=0
|  |  |  tuple-ids=42 row-size=4B cardinality=20 cost=20
|  |  |  in pipelines: 58(GETNEXT)
|  |  |
|  |  F46:PLAN FRAGMENT [RANDOM] hosts=1 instances=1
|  |  Per-Instance Resources: mem-estimate=16.03MB mem-reservation=8.00KB thread-reservation=1
|  |  max-parallelism=1 segment-costs=[1]
|  |  58:SCAN HDFS [tpcds_partitioned_parquet_snap.income_band ib2, RANDOM]
|  |     HDFS partitions=1/1 files=1 size=1.22KB
|  |     stored statistics:
|  |       table: rows=20 size=1.22KB
|  |       columns: all
|  |     extrapolated-rows=disabled max-scan-range-rows=20
|  |     mem-estimate=16.00MB mem-reservation=8.00KB thread-reservation=0
|  |     tuple-ids=42 row-size=4B cardinality=20 cost=1
|  |     in pipelines: 58(GETNEXT)
|  |
|  74:HASH JOIN [INNER JOIN, BROADCAST]
|  |  hash-table-id=04
|  |  hash predicates: hd1.hd_income_band_sk = ib1.ib_income_band_sk
|  |  fk/pk conjuncts: hd1.hd_income_band_sk = ib1.ib_income_band_sk
|  |  mem-estimate=0B mem-reservation=0B spill-buffer=64.00KB thread-reservation=0
|  |  tuple-ids=24,23,43,29,33,39,37,38,34,35,30,31,32,36,40,41 row-size=422B cardinality=20.88M cost=9140237
|  |  in pipelines: 40(GETNEXT), 57(OPEN)
|  |
|  |--F58:PLAN FRAGMENT [HASH(c_current_addr_sk)] hosts=10 instances=10
|  |  |  Per-Instance Resources: mem-estimate=23.27MB mem-reservation=23.25MB thread-reservation=1
|  |  |  max-parallelism=10 segment-costs=[40]
|  |  JOIN BUILD
|  |  |  join-table-id=04 plan-id=05 cohort-id=02
|  |  |  build expressions: ib1.ib_income_band_sk
|  |  |  runtime filters: RF051[min_max] <- ib1.ib_income_band_sk
|  |  |  mem-estimate=23.25MB mem-reservation=23.25MB spill-buffer=64.00KB thread-reservation=0 cost=20
|  |  |
|  |  125:EXCHANGE [BROADCAST]
|  |  |  mem-estimate=16.00KB mem-reservation=0B thread-reservation=0
|  |  |  tuple-ids=41 row-size=4B cardinality=20 cost=20
|  |  |  in pipelines: 57(GETNEXT)
|  |  |
|  |  F45:PLAN FRAGMENT [RANDOM] hosts=1 instances=1
|  |  Per-Instance Resources: mem-estimate=16.03MB mem-reservation=8.00KB thread-reservation=1
|  |  max-parallelism=1 segment-costs=[1]
|  |  57:SCAN HDFS [tpcds_partitioned_parquet_snap.income_band ib1, RANDOM]
|  |     HDFS partitions=1/1 files=1 size=1.22KB
|  |     stored statistics:
|  |       table: rows=20 size=1.22KB
|  |       columns: all
|  |     extrapolated-rows=disabled max-scan-range-rows=20
|  |     mem-estimate=16.00MB mem-reservation=8.00KB thread-reservation=0
|  |     tuple-ids=41 row-size=4B cardinality=20 cost=1
|  |     in pipelines: 57(GETNEXT)
|  |
|  73:HASH JOIN [INNER JOIN, PARTITIONED]
|  |  hash-table-id=05
|  |  hash predicates: c_current_addr_sk = ad2.ca_address_sk
|  |  fk/pk conjuncts: c_current_addr_sk = ad2.ca_address_sk
|  |  mem-estimate=0B mem-reservation=0B spill-buffer=1.00MB thread-reservation=0
|  |  tuple-ids=24,23,43,29,33,39,37,38,34,35,30,31,32,36,40 row-size=418B cardinality=20.88M cost=9140237
|  |  in pipelines: 40(GETNEXT), 56(OPEN)
|  |
|  |--F59:PLAN FRAGMENT [HASH(c_current_addr_sk)] hosts=10 instances=120
|  |  |  Per-Instance Resources: mem-estimate=27.80MB mem-reservation=17.00MB thread-reservation=1
|  |  |  max-parallelism=1650 segment-costs=[22017902]
|  |  JOIN BUILD
|  |  |  join-table-id=05 plan-id=06 cohort-id=02
|  |  |  build expressions: ad2.ca_address_sk
|  |  |  runtime filters: RF053[min_max] <- ad2.ca_address_sk
|  |  |  mem-estimate=17.00MB mem-reservation=17.00MB spill-buffer=1.00MB thread-reservation=0 cost=15000000
|  |  |
|  |  124:EXCHANGE [HASH(ad2.ca_address_sk)]
|  |  |  mem-estimate=10.80MB mem-reservation=0B thread-reservation=0
|  |  |  tuple-ids=40 row-size=78B cardinality=15.00M cost=7017902
|  |  |  in pipelines: 56(GETNEXT)
|  |  |
|  |  F43:PLAN FRAGMENT [RANDOM] hosts=10 instances=10
|  |  Per-Instance Resources: mem-estimate=54.23MB mem-reservation=128.00KB thread-reservation=1
|  |  max-parallelism=10 segment-costs=[89031849]
|  |  56:SCAN HDFS [tpcds_partitioned_parquet_snap.customer_address ad2, RANDOM]
|  |     HDFS partitions=1/1 files=1 size=307.36MB
|  |     stored statistics:
|  |       table: rows=15.00M size=307.36MB
|  |       columns: all
|  |     extrapolated-rows=disabled max-scan-range-rows=1.58M
|  |     mem-estimate=16.00MB mem-reservation=128.00KB thread-reservation=0
|  |     tuple-ids=40 row-size=78B cardinality=15.00M cost=6384216
|  |     in pipelines: 56(GETNEXT)
|  |
|  123:EXCHANGE [HASH(c_current_addr_sk)]
|  |  mem-estimate=37.12MB mem-reservation=0B thread-reservation=0
|  |  tuple-ids=24,23,43,29,33,39,37,38,34,35,30,31,32,36 row-size=341B cardinality=20.88M cost=45040238
|  |  in pipelines: 40(GETNEXT)
|  |
|  F34:PLAN FRAGMENT [HASH(ss_addr_sk)] hosts=10 instances=70 (adjusted from 120)
|  Per-Instance Resources: mem-estimate=201.13MB mem-reservation=0B thread-reservation=1
|  max-parallelism=80 segment-costs=[715872955]
|  72:HASH JOIN [INNER JOIN, BROADCAST]
|  |  hash-table-id=06
|  |  hash predicates: ss_promo_sk = p_promo_sk
|  |  fk/pk conjuncts: ss_promo_sk = p_promo_sk
|  |  mem-estimate=0B mem-reservation=0B spill-buffer=64.00KB thread-reservation=0
|  |  tuple-ids=24,23,43,29,33,39,37,38,34,35,30,31,32,36 row-size=341B cardinality=20.88M cost=9140237
|  |  in pipelines: 40(GETNEXT), 52(OPEN)
|  |
|  |--F60:PLAN FRAGMENT [HASH(ss_addr_sk)] hosts=10 instances=10
|  |  |  Per-Instance Resources: mem-estimate=13.58MB mem-reservation=13.56MB thread-reservation=1
|  |  |  max-parallelism=10 segment-costs=[4190]
|  |  JOIN BUILD
|  |  |  join-table-id=06 plan-id=07 cohort-id=02
|  |  |  build expressions: p_promo_sk
|  |  |  runtime filters: RF055[min_max] <- p_promo_sk
|  |  |  mem-estimate=13.56MB mem-reservation=13.56MB spill-buffer=64.00KB thread-reservation=0 cost=1800
|  |  |
|  |  122:EXCHANGE [BROADCAST]
|  |  |  mem-estimate=16.00KB mem-reservation=0B thread-reservation=0
|  |  |  tuple-ids=36 row-size=4B cardinality=1.80K cost=2390
|  |  |  in pipelines: 52(GETNEXT)
|  |  |
|  |  F42:PLAN FRAGMENT [RANDOM] hosts=1 instances=1
|  |  Per-Instance Resources: mem-estimate=16.03MB mem-reservation=32.00KB thread-reservation=1
|  |  max-parallelism=1 segment-costs=[161]
|  |  52:SCAN HDFS [tpcds_partitioned_parquet_snap.promotion, RANDOM]
|  |     HDFS partitions=1/1 files=1 size=100.50KB
|  |     stored statistics:
|  |       table: rows=1.80K size=100.50KB
|  |       columns: all
|  |     extrapolated-rows=disabled max-scan-range-rows=1.80K
|  |     mem-estimate=16.00MB mem-reservation=32.00KB thread-reservation=0
|  |     tuple-ids=36 row-size=4B cardinality=1.80K cost=103
|  |     in pipelines: 52(GETNEXT)
|  |
|  71:HASH JOIN [INNER JOIN, BROADCAST]
|  |  hash-table-id=07
|  |  hash predicates: ss_store_sk = s_store_sk
|  |  fk/pk conjuncts: ss_store_sk = s_store_sk
|  |  mem-estimate=0B mem-reservation=0B spill-buffer=64.00KB thread-reservation=0
|  |  tuple-ids=24,23,43,29,33,39,37,38,34,35,30,31,32 row-size=337B cardinality=20.88M cost=9140237
|  |  in pipelines: 40(GETNEXT), 48(OPEN)
|  |
|  |--F61:PLAN FRAGMENT [HASH(ss_addr_sk)] hosts=10 instances=10
|  |  |  Per-Instance Resources: mem-estimate=13.65MB mem-reservation=13.56MB thread-reservation=1
|  |  |  max-parallelism=10 segment-costs=[3140]
|  |  JOIN BUILD
|  |  |  join-table-id=07 plan-id=08 cohort-id=02
|  |  |  build expressions: s_store_sk
|  |  |  runtime filters: RF057[min_max] <- s_store_sk
|  |  |  mem-estimate=13.56MB mem-reservation=13.56MB spill-buffer=64.00KB thread-reservation=0 cost=1350
|  |  |
|  |  121:EXCHANGE [BROADCAST]
|  |  |  mem-estimate=89.64KB mem-reservation=0B thread-reservation=0
|  |  |  tuple-ids=32 row-size=37B cardinality=1.35K cost=1790
|  |  |  in pipelines: 48(GETNEXT)
|  |  |
|  |  F41:PLAN FRAGMENT [RANDOM] hosts=1 instances=1
|  |  Per-Instance Resources: mem-estimate=16.16MB mem-reservation=24.00KB thread-reservation=1
|  |  max-parallelism=1 segment-costs=[414]
|  |  48:SCAN HDFS [tpcds_partitioned_parquet_snap.store, RANDOM]
|  |     HDFS partitions=1/1 files=1 size=119.76KB
|  |     stored statistics:
|  |       table: rows=1.35K size=119.76KB
|  |       columns: all
|  |     extrapolated-rows=disabled max-scan-range-rows=1.35K
|  |     mem-estimate=16.00MB mem-reservation=24.00KB thread-reservation=0
|  |     tuple-ids=32 row-size=37B cardinality=1.35K cost=251
|  |     in pipelines: 48(GETNEXT)
|  |
|  70:HASH JOIN [INNER JOIN, BROADCAST]
|  |  hash-table-id=08
|  |  hash predicates: c_first_shipto_date_sk = d3.d_date_sk
|  |  fk/pk conjuncts: c_first_shipto_date_sk = d3.d_date_sk
|  |  mem-estimate=0B mem-reservation=0B spill-buffer=256.00KB thread-reservation=0
|  |  tuple-ids=24,23,43,29,33,39,37,38,34,35,30,31 row-size=300B cardinality=20.88M cost=9140237
|  |  in pipelines: 40(GETNEXT), 47(OPEN)
|  |
|  |--F62:PLAN FRAGMENT [HASH(ss_addr_sk)] hosts=10 instances=10
|  |  |  Per-Instance Resources: mem-estimate=33.82MB mem-reservation=33.25MB thread-reservation=1
|  |  |  max-parallelism=10 segment-costs=[170129]
|  |  JOIN BUILD
|  |  |  join-table-id=08 plan-id=09 cohort-id=02
|  |  |  build expressions: d3.d_date_sk
|  |  |  runtime filters: RF059[min_max] <- d3.d_date_sk
|  |  |  mem-estimate=33.25MB mem-reservation=33.25MB spill-buffer=256.00KB thread-reservation=0 cost=73049
|  |  |
|  |  120:EXCHANGE [BROADCAST]
|  |  |  mem-estimate=582.70KB mem-reservation=0B thread-reservation=0
|  |  |  tuple-ids=31 row-size=8B cardinality=73.05K cost=97080
|  |  |  in pipelines: 47(GETNEXT)
|  |  |
|  |  F40:PLAN FRAGMENT [RANDOM] hosts=1 instances=1
|  |  Per-Instance Resources: mem-estimate=16.05MB mem-reservation=512.00KB thread-reservation=1
|  |  max-parallelism=1 segment-costs=[11570]
|  |  47:SCAN HDFS [tpcds_partitioned_parquet_snap.date_dim d3, RANDOM]
|  |     HDFS partitions=1/1 files=1 size=2.17MB
|  |     stored statistics:
|  |       table: rows=73.05K size=2.17MB
|  |       columns: all
|  |     extrapolated-rows=disabled max-scan-range-rows=73.05K
|  |     mem-estimate=16.00MB mem-reservation=512.00KB thread-reservation=0
|  |     tuple-ids=31 row-size=8B cardinality=73.05K cost=8415
|  |     in pipelines: 47(GETNEXT)
|  |
|  69:HASH JOIN [INNER JOIN, BROADCAST]
|  |  hash-table-id=09
|  |  hash predicates: c_first_sales_date_sk = d2.d_date_sk
|  |  fk/pk conjuncts: c_first_sales_date_sk = d2.d_date_sk
|  |  mem-estimate=0B mem-reservation=0B spill-buffer=256.00KB thread-reservation=0
|  |  tuple-ids=24,23,43,29,33,39,37,38,34,35,30 row-size=292B cardinality=20.88M cost=9140237
|  |  in pipelines: 40(GETNEXT), 46(OPEN)
|  |
|  |--F63:PLAN FRAGMENT [HASH(ss_addr_sk)] hosts=10 instances=10
|  |  |  Per-Instance Resources: mem-estimate=33.82MB mem-reservation=33.25MB thread-reservation=1
|  |  |  max-parallelism=10 segment-costs=[170129]
|  |  JOIN BUILD
|  |  |  join-table-id=09 plan-id=10 cohort-id=02
|  |  |  build expressions: d2.d_date_sk
|  |  |  runtime filters: RF061[min_max] <- d2.d_date_sk
|  |  |  mem-estimate=33.25MB mem-reservation=33.25MB spill-buffer=256.00KB thread-reservation=0 cost=73049
|  |  |
|  |  119:EXCHANGE [BROADCAST]
|  |  |  mem-estimate=582.70KB mem-reservation=0B thread-reservation=0
|  |  |  tuple-ids=30 row-size=8B cardinality=73.05K cost=97080
|  |  |  in pipelines: 46(GETNEXT)
|  |  |
|  |  F39:PLAN FRAGMENT [RANDOM] hosts=1 instances=1
|  |  Per-Instance Resources: mem-estimate=16.05MB mem-reservation=512.00KB thread-reservation=1
|  |  max-parallelism=1 segment-costs=[11570]
|  |  46:SCAN HDFS [tpcds_partitioned_parquet_snap.date_dim d2, RANDOM]
|  |     HDFS partitions=1/1 files=1 size=2.17MB
|  |     stored statistics:
|  |       table: rows=73.05K size=2.17MB
|  |       columns: all
|  |     extrapolated-rows=disabled max-scan-range-rows=73.05K
|  |     mem-estimate=16.00MB mem-reservation=512.00KB thread-reservation=0
|  |     tuple-ids=30 row-size=8B cardinality=73.05K cost=8415
|  |     in pipelines: 46(GETNEXT)
|  |
|  68:HASH JOIN [INNER JOIN, BROADCAST]
|  |  hash-table-id=10
|  |  hash predicates: c_current_cdemo_sk = cd2.cd_demo_sk
|  |  fk/pk conjuncts: c_current_cdemo_sk = cd2.cd_demo_sk
|  |  other predicates: cd1.cd_marital_status != cd2.cd_marital_status
|  |  mem-estimate=0B mem-reservation=0B spill-buffer=2.00MB thread-reservation=0
|  |  tuple-ids=24,23,43,29,33,39,37,38,34,35 row-size=284B cardinality=20.88M cost=9206634
|  |  in pipelines: 40(GETNEXT), 51(OPEN)
|  |
|  |--F64:PLAN FRAGMENT [HASH(ss_addr_sk)] hosts=10 instances=10
|  |  |  Per-Instance Resources: mem-estimate=248.21MB mem-reservation=238.00MB thread-reservation=1
|  |  |  max-parallelism=10 segment-costs=[4473540]
|  |  JOIN BUILD
|  |  |  join-table-id=10 plan-id=11 cohort-id=02
|  |  |  build expressions: cd2.cd_demo_sk
|  |  |  runtime filters: RF063[min_max] <- cd2.cd_demo_sk
|  |  |  mem-estimate=238.00MB mem-reservation=238.00MB spill-buffer=2.00MB thread-reservation=0 cost=1920800
|  |  |
|  |  118:EXCHANGE [BROADCAST]
|  |  |  mem-estimate=10.21MB mem-reservation=0B thread-reservation=0
|  |  |  tuple-ids=35 row-size=17B cardinality=1.92M cost=2552740
|  |  |  in pipelines: 51(GETNEXT)
|  |  |
|  |  F38:PLAN FRAGMENT [RANDOM] hosts=10 instances=10
|  |  Per-Instance Resources: mem-estimate=16.08MB mem-reservation=1.00MB thread-reservation=1
|  |  max-parallelism=10 segment-costs=[267951]
|  |  51:SCAN HDFS [tpcds_partitioned_parquet_snap.customer_demographics cd2, RANDOM]
|  |     HDFS partitions=1/1 files=1 size=11.15MB
|  |     stored statistics:
|  |       table: rows=1.92M size=11.15MB
|  |       columns: all
|  |     extrapolated-rows=disabled max-scan-range-rows=197.97K
|  |     mem-estimate=16.00MB mem-reservation=1.00MB thread-reservation=0
|  |     tuple-ids=35 row-size=17B cardinality=1.92M cost=138297
|  |     in pipelines: 51(GETNEXT)
|  |
|  67:HASH JOIN [INNER JOIN, BROADCAST]
|  |  hash-table-id=11
|  |  hash predicates: ss_cdemo_sk = cd1.cd_demo_sk
|  |  fk/pk conjuncts: ss_cdemo_sk = cd1.cd_demo_sk
|  |  mem-estimate=0B mem-reservation=0B spill-buffer=2.00MB thread-reservation=0
|  |  tuple-ids=24,23,43,29,33,39,37,38,34 row-size=267B cardinality=21.14M cost=9320758
|  |  in pipelines: 40(GETNEXT), 50(OPEN)
|  |
|  |--F65:PLAN FRAGMENT [HASH(ss_addr_sk)] hosts=10 instances=10
|  |  |  Per-Instance Resources: mem-estimate=248.21MB mem-reservation=238.00MB thread-reservation=1
|  |  |  max-parallelism=10 segment-costs=[4473540]
|  |  JOIN BUILD
|  |  |  join-table-id=11 plan-id=12 cohort-id=02
|  |  |  build expressions: cd1.cd_demo_sk
|  |  |  runtime filters: RF065[min_max] <- cd1.cd_demo_sk
|  |  |  mem-estimate=238.00MB mem-reservation=238.00MB spill-buffer=2.00MB thread-reservation=0 cost=1920800
|  |  |
|  |  117:EXCHANGE [BROADCAST]
|  |  |  mem-estimate=10.21MB mem-reservation=0B thread-reservation=0
|  |  |  tuple-ids=34 row-size=17B cardinality=1.92M cost=2552740
|  |  |  in pipelines: 50(GETNEXT)
|  |  |
|  |  F37:PLAN FRAGMENT [RANDOM] hosts=10 instances=10
|  |  Per-Instance Resources: mem-estimate=16.08MB mem-reservation=1.00MB thread-reservation=1
|  |  max-parallelism=10 segment-costs=[267951]
|  |  50:SCAN HDFS [tpcds_partitioned_parquet_snap.customer_demographics cd1, RANDOM]
|  |     HDFS partitions=1/1 files=1 size=11.15MB
|  |     stored statistics:
|  |       table: rows=1.92M size=11.15MB
|  |       columns: all
|  |     extrapolated-rows=disabled max-scan-range-rows=197.97K
|  |     mem-estimate=16.00MB mem-reservation=1.00MB thread-reservation=0
|  |     tuple-ids=34 row-size=17B cardinality=1.92M cost=138297
|  |     in pipelines: 50(GETNEXT)
|  |
|  66:HASH JOIN [INNER JOIN, BROADCAST]
|  |  hash-table-id=12
|  |  hash predicates: c_current_hdemo_sk = hd2.hd_demo_sk
|  |  fk/pk conjuncts: c_current_hdemo_sk = hd2.hd_demo_sk
|  |  mem-estimate=0B mem-reservation=0B spill-buffer=64.00KB thread-reservation=0
|  |  tuple-ids=24,23,43,29,33,39,37,38 row-size=250B cardinality=21.40M cost=9502442
|  |  in pipelines: 40(GETNEXT), 54(OPEN)
|  |
|  |--F66:PLAN FRAGMENT [HASH(ss_addr_sk)] hosts=10 instances=10
|  |  |  Per-Instance Resources: mem-estimate=13.63MB mem-reservation=13.56MB thread-reservation=1
|  |  |  max-parallelism=10 segment-costs=[16760]
|  |  JOIN BUILD
|  |  |  join-table-id=12 plan-id=13 cohort-id=02
|  |  |  build expressions: hd2.hd_demo_sk
|  |  |  runtime filters: RF067[min_max] <- hd2.hd_demo_sk
|  |  |  mem-estimate=13.56MB mem-reservation=13.56MB spill-buffer=64.00KB thread-reservation=0 cost=7200
|  |  |
|  |  116:EXCHANGE [BROADCAST]
|  |  |  mem-estimate=68.25KB mem-reservation=0B thread-reservation=0
|  |  |  tuple-ids=38 row-size=8B cardinality=7.20K cost=9560
|  |  |  in pipelines: 54(GETNEXT)
|  |  |
|  |  F36:PLAN FRAGMENT [RANDOM] hosts=1 instances=1
|  |  Per-Instance Resources: mem-estimate=16.05MB mem-reservation=64.00KB thread-reservation=1
|  |  max-parallelism=1 segment-costs=[1140]
|  |  54:SCAN HDFS [tpcds_partitioned_parquet_snap.household_demographics hd2, RANDOM]
|  |     HDFS partitions=1/1 files=1 size=41.69KB
|  |     runtime filters: RF049[min_max] -> hd2.hd_income_band_sk
|  |     stored statistics:
|  |       table: rows=7.20K size=41.69KB
|  |       columns: all
|  |     extrapolated-rows=disabled max-scan-range-rows=7.20K
|  |     mem-estimate=16.00MB mem-reservation=64.00KB thread-reservation=0
|  |     tuple-ids=38 row-size=8B cardinality=7.20K cost=829
|  |     in pipelines: 54(GETNEXT)
|  |
|  65:HASH JOIN [INNER JOIN, BROADCAST]
|  |  hash-table-id=13
|  |  hash predicates: ss_hdemo_sk = hd1.hd_demo_sk
|  |  fk/pk conjuncts: ss_hdemo_sk = hd1.hd_demo_sk
|  |  mem-estimate=0B mem-reservation=0B spill-buffer=64.00KB thread-reservation=0
|  |  tuple-ids=24,23,43,29,33,39,37 row-size=242B cardinality=21.93M cost=9734724
|  |  in pipelines: 40(GETNEXT), 53(OPEN)
|  |
|  |--F67:PLAN FRAGMENT [HASH(ss_addr_sk)] hosts=10 instances=10
|  |  |  Per-Instance Resources: mem-estimate=13.63MB mem-reservation=13.56MB thread-reservation=1
|  |  |  max-parallelism=10 segment-costs=[16760]
|  |  JOIN BUILD
|  |  |  join-table-id=13 plan-id=14 cohort-id=02
|  |  |  build expressions: hd1.hd_demo_sk
|  |  |  runtime filters: RF069[min_max] <- hd1.hd_demo_sk
|  |  |  mem-estimate=13.56MB mem-reservation=13.56MB spill-buffer=64.00KB thread-reservation=0 cost=7200
|  |  |
|  |  115:EXCHANGE [BROADCAST]
|  |  |  mem-estimate=68.25KB mem-reservation=0B thread-reservation=0
|  |  |  tuple-ids=37 row-size=8B cardinality=7.20K cost=9560
|  |  |  in pipelines: 53(GETNEXT)
|  |  |
|  |  F35:PLAN FRAGMENT [RANDOM] hosts=1 instances=1
|  |  Per-Instance Resources: mem-estimate=16.05MB mem-reservation=64.00KB thread-reservation=1
|  |  max-parallelism=1 segment-costs=[1140]
|  |  53:SCAN HDFS [tpcds_partitioned_parquet_snap.household_demographics hd1, RANDOM]
|  |     HDFS partitions=1/1 files=1 size=41.69KB
|  |     runtime filters: RF051[min_max] -> hd1.hd_income_band_sk
|  |     stored statistics:
|  |       table: rows=7.20K size=41.69KB
|  |       columns: all
|  |     extrapolated-rows=disabled max-scan-range-rows=7.20K
|  |     mem-estimate=16.00MB mem-reservation=64.00KB thread-reservation=0
|  |     tuple-ids=37 row-size=8B cardinality=7.20K cost=829
|  |     in pipelines: 53(GETNEXT)
|  |
|  64:HASH JOIN [INNER JOIN, PARTITIONED]
|  |  hash-table-id=14
|  |  hash predicates: ss_addr_sk = ad1.ca_address_sk
|  |  fk/pk conjuncts: ss_addr_sk = ad1.ca_address_sk
|  |  mem-estimate=0B mem-reservation=0B spill-buffer=2.00MB thread-reservation=0
|  |  tuple-ids=24,23,43,29,33,39 row-size=234B cardinality=22.46M cost=10025023
|  |  in pipelines: 40(GETNEXT), 55(OPEN)
|  |
|  |--F68:PLAN FRAGMENT [HASH(ss_addr_sk)] hosts=10 instances=70 (adjusted from 120)
|  |  |  Per-Instance Resources: mem-estimate=44.80MB mem-reservation=34.00MB thread-reservation=1
|  |  |  max-parallelism=80 segment-costs=[22017902]
|  |  JOIN BUILD
|  |  |  join-table-id=14 plan-id=15 cohort-id=02
|  |  |  build expressions: ad1.ca_address_sk
|  |  |  runtime filters: RF071[min_max] <- ad1.ca_address_sk
|  |  |  mem-estimate=34.00MB mem-reservation=34.00MB spill-buffer=2.00MB thread-reservation=0 cost=15000000
|  |  |
|  |  114:EXCHANGE [HASH(ad1.ca_address_sk)]
|  |  |  mem-estimate=10.80MB mem-reservation=0B thread-reservation=0
|  |  |  tuple-ids=39 row-size=78B cardinality=15.00M cost=7017902
|  |  |  in pipelines: 55(GETNEXT)
|  |  |
|  |  F33:PLAN FRAGMENT [RANDOM] hosts=10 instances=10
|  |  Per-Instance Resources: mem-estimate=38.30MB mem-reservation=128.00KB thread-reservation=1
|  |  max-parallelism=10 segment-costs=[89031849]
|  |  55:SCAN HDFS [tpcds_partitioned_parquet_snap.customer_address ad1, RANDOM]
|  |     HDFS partitions=1/1 files=1 size=307.36MB
|  |     stored statistics:
|  |       table: rows=15.00M size=307.36MB
|  |       columns: all
|  |     extrapolated-rows=disabled max-scan-range-rows=1.58M
|  |     mem-estimate=16.00MB mem-reservation=128.00KB thread-reservation=0
|  |     tuple-ids=39 row-size=78B cardinality=15.00M cost=6384216
|  |     in pipelines: 55(GETNEXT)
|  |
|  113:EXCHANGE [HASH(ss_addr_sk)]
|  |  mem-estimate=15.16MB mem-reservation=0B thread-reservation=0
|  |  tuple-ids=24,23,43,29,33 row-size=156B cardinality=23.22M cost=22680993
|  |  in pipelines: 40(GETNEXT)
|  |
|  F32:PLAN FRAGMENT [HASH(ss_customer_sk)] hosts=10 instances=30 (adjusted from 120)
|  Per-Instance Resources: mem-estimate=61.08MB mem-reservation=0B thread-reservation=1
|  max-parallelism=40 segment-costs=[325063575]
|  63:HASH JOIN [INNER JOIN, PARTITIONED]
|  |  hash-table-id=15
|  |  hash predicates: ss_customer_sk = c_customer_sk
|  |  fk/pk conjuncts: ss_customer_sk = c_customer_sk
|  |  mem-estimate=0B mem-reservation=0B spill-buffer=2.00MB thread-reservation=0
|  |  tuple-ids=24,23,43,29,33 row-size=156B cardinality=23.22M cost=10693595
|  |  in pipelines: 40(GETNEXT), 49(OPEN)
|  |
|  |--F69:PLAN FRAGMENT [HASH(ss_customer_sk)] hosts=10 instances=30 (adjusted from 120)
|  |  |  Per-Instance Resources: mem-estimate=58.76MB mem-reservation=34.00MB thread-reservation=1
|  |  |  max-parallelism=40 segment-costs=[36645000]
|  |  JOIN BUILD
|  |  |  join-table-id=15 plan-id=16 cohort-id=02
|  |  |  build expressions: c_customer_sk
|  |  |  runtime filters: RF073[min_max] <- c_customer_sk
|  |  |  mem-estimate=48.49MB mem-reservation=34.00MB spill-buffer=2.00MB thread-reservation=0 cost=30000000
|  |  |
|  |  112:EXCHANGE [HASH(c_customer_sk)]
|  |  |  mem-estimate=10.27MB mem-reservation=0B thread-reservation=0
|  |  |  tuple-ids=33 row-size=24B cardinality=30.00M cost=6645000
|  |  |  in pipelines: 49(GETNEXT)
|  |  |
|  |  F31:PLAN FRAGMENT [RANDOM] hosts=10 instances=10
|  |  Per-Instance Resources: mem-estimate=19.28MB mem-reservation=1.00MB thread-reservation=1
|  |  max-parallelism=10 segment-costs=[72192000]
|  |  49:SCAN HDFS [tpcds_partitioned_parquet_snap.customer, RANDOM]
|  |     HDFS partitions=1/1 files=1 size=1.55GB
|  |     runtime filters: RF067[min_max] -> c_current_hdemo_sk, RF063[min_max] -> c_current_cdemo_sk, RF053[min_max] -> c_current_addr_sk, RF059[min_max] -> c_first_shipto_date_sk, RF061[min_max] -> c_first_sales_date_sk
|  |     stored statistics:
|  |       table: rows=30.00M size=1.55GB
|  |       columns: all
|  |     extrapolated-rows=disabled max-scan-range-rows=3.10M
|  |     mem-estimate=16.00MB mem-reservation=1.00MB thread-reservation=0
|  |     tuple-ids=33 row-size=24B cardinality=30.00M cost=10368000
|  |     in pipelines: 49(GETNEXT)
|  |
|  111:EXCHANGE [HASH(ss_customer_sk)]
|  |  mem-estimate=12.90MB mem-reservation=0B thread-reservation=0
|  |  tuple-ids=24,23,43,29 row-size=132B cardinality=25.29M cost=20984990
|  |  in pipelines: 40(GETNEXT)
|  |
|  F30:PLAN FRAGMENT [HASH(sr_item_sk,sr_ticket_number)] hosts=10 instances=20 (adjusted from 120)
|  Per-Instance Resources: mem-estimate=27.84MB mem-reservation=0B thread-reservation=1
|  max-parallelism=30 segment-costs=[299440393]
|  62:HASH JOIN [INNER JOIN, PARTITIONED]
|  |  hash-table-id=16
|  |  hash predicates: sr_item_sk = ss_item_sk, sr_ticket_number = ss_ticket_number
|  |  fk/pk conjuncts: sr_item_sk = ss_item_sk, sr_ticket_number = ss_ticket_number
|  |  mem-estimate=0B mem-reservation=0B spill-buffer=2.00MB thread-reservation=0
|  |  tuple-ids=24,23,43,29 row-size=132B cardinality=25.29M cost=21190008
|  |  in pipelines: 40(GETNEXT), 39(OPEN)
|  |
|  |--F70:PLAN FRAGMENT [HASH(sr_item_sk,sr_ticket_number)] hosts=10 instances=20 (adjusted from 120)
|  |  |  Per-Instance Resources: mem-estimate=289.68MB mem-reservation=51.00MB thread-reservation=1 runtime-filters-memory=17.00MB
|  |  |  max-parallelism=30 segment-costs=[63285631] cpu-comparison-result=140 [max(140 (self) vs 25 (sum children))]
|  |  JOIN BUILD
|  |  |  join-table-id=16 plan-id=17 cohort-id=02
|  |  |  build expressions: ss_item_sk, ss_ticket_number
|  |  |  runtime filters: RF074[bloom] <- ss_item_sk, RF075[bloom] <- ss_ticket_number, RF076[min_max] <- ss_item_sk, RF077[min_max] <- ss_ticket_number
|  |  |  mem-estimate=247.19MB mem-reservation=34.00MB spill-buffer=2.00MB thread-reservation=0 cost=36417729
|  |  |
|  |  110:EXCHANGE [HASH(ss_item_sk,ss_ticket_number)]
|  |  |  mem-estimate=25.50MB mem-reservation=0B thread-reservation=0
|  |  |  tuple-ids=23,43,29 row-size=120B cardinality=36.42M cost=26867902
|  |  |  in pipelines: 39(GETNEXT)
|  |  |
|  |  F27:PLAN FRAGMENT [RANDOM] hosts=10 instances=120
|  |  Per-Host Shared Resources: mem-estimate=2.00MB mem-reservation=2.00MB thread-reservation=0 runtime-filters-memory=2.00MB
|  |  Per-Instance Resources: mem-estimate=26.33MB mem-reservation=8.00MB thread-reservation=1
|  |  max-parallelism=180 segment-costs=[1718820654]
|  |  61:HASH JOIN [INNER JOIN, BROADCAST]
|  |  |  hash-table-id=17
|  |  |  hash predicates: ss_sold_date_sk = d1.d_date_sk
|  |  |  fk/pk conjuncts: ss_sold_date_sk = d1.d_date_sk
|  |  |  mem-estimate=0B mem-reservation=0B spill-buffer=64.00KB thread-reservation=0
|  |  |  tuple-ids=23,43,29 row-size=120B cardinality=36.42M cost=15940039
|  |  |  in pipelines: 39(GETNEXT), 45(OPEN)
|  |  |
|  |  |--F71:PLAN FRAGMENT [RANDOM] hosts=10 instances=10
|  |  |  |  Per-Instance Resources: mem-estimate=24.27MB mem-reservation=24.25MB thread-reservation=1 runtime-filters-memory=1.00MB
|  |  |  |  max-parallelism=10 segment-costs=[863]
|  |  |  JOIN BUILD
|  |  |  |  join-table-id=17 plan-id=18 cohort-id=04
|  |  |  |  build expressions: d1.d_date_sk
|  |  |  |  runtime filters: RF078[bloom] <- d1.d_date_sk
|  |  |  |  mem-estimate=23.25MB mem-reservation=23.25MB spill-buffer=64.00KB thread-reservation=0 cost=373
|  |  |  |
|  |  |  108:EXCHANGE [BROADCAST]
|  |  |  |  mem-estimate=16.00KB mem-reservation=0B thread-reservation=0
|  |  |  |  tuple-ids=29 row-size=8B cardinality=373 cost=490
|  |  |  |  in pipelines: 45(GETNEXT)
|  |  |  |
|  |  |  F29:PLAN FRAGMENT [RANDOM] hosts=1 instances=1
|  |  |  Per-Instance Resources: mem-estimate=20.05MB mem-reservation=4.50MB thread-reservation=1
|  |  |  max-parallelism=1 segment-costs=[10483]
|  |  |  138:TUPLE CACHE
|  |  |  |  cache key: 0ed1145e9b3c2f20d7820bf6be377b55
|  |  |  |  input scan node ids: 45
|  |  |  |  estimated serialized size: 4.37KB
|  |  |  |  estimated serialized size per node: 4.37KB
|  |  |  |  cumulative processing cost: 10467
|  |  |  |  cache read processing cost: 49
|  |  |  |  cache write processing cost: 12
|  |  |  |  mem-estimate=4.00MB mem-reservation=4.00MB spill-buffer=2.00MB thread-reservation=0
|  |  |  |  tuple-ids=29 row-size=8B cardinality=373 cost=0
|  |  |  |  in pipelines: 45(GETNEXT)
|  |  |  |
|  |  |  45:SCAN HDFS [tpcds_partitioned_parquet_snap.date_dim d1, RANDOM]
|  |  |     HDFS partitions=1/1 files=1 size=2.17MB
|  |  |     deterministic scan range assignment: true
|  |  |     schedule scan ranges oldest to newest: true
|  |  |     predicates: d1.d_year = CAST(2001 AS INT)
|  |  |     stored statistics:
|  |  |       table: rows=73.05K size=2.17MB
|  |  |       columns: all
|  |  |     extrapolated-rows=disabled max-scan-range-rows=73.05K
|  |  |     parquet statistics predicates: d1.d_year = CAST(2001 AS INT)
|  |  |     parquet dictionary predicates: d1.d_year = CAST(2001 AS INT)
|  |  |     mem-estimate=16.00MB mem-reservation=512.00KB thread-reservation=0
|  |  |     tuple-ids=29 row-size=8B cardinality=373 cost=10467
|  |  |     in pipelines: 45(GETNEXT)
|  |  |
|  |  60:HASH JOIN [INNER JOIN, BROADCAST]
|  |  |  hash-table-id=18
|  |  |  hash predicates: ss_item_sk = i_item_sk
|  |  |  fk/pk conjuncts: ss_item_sk = i_item_sk
|  |  |  mem-estimate=0B mem-reservation=0B spill-buffer=64.00KB thread-reservation=0
|  |  |  tuple-ids=23,43 row-size=112B cardinality=36.42M(filtered from 178.09M) cost=41610262
|  |  |  in pipelines: 39(GETNEXT), 59(OPEN)
|  |  |
|  |  |--F72:PLAN FRAGMENT [RANDOM] hosts=10 instances=10
|  |  |  |  Per-Instance Resources: mem-estimate=24.93MB mem-reservation=24.25MB thread-reservation=1 runtime-filters-memory=1.00MB
|  |  |  |  max-parallelism=10 segment-costs=[17284]
|  |  |  JOIN BUILD
|  |  |  |  join-table-id=18 plan-id=19 cohort-id=04
|  |  |  |  build expressions: i_item_sk
|  |  |  |  runtime filters: RF080[bloom] <- i_item_sk, RF081[min_max] <- i_item_sk
|  |  |  |  mem-estimate=23.25MB mem-reservation=23.25MB spill-buffer=64.00KB thread-reservation=0 cost=7424
|  |  |  |
|  |  |  107:EXCHANGE [BROADCAST]
|  |  |  |  mem-estimate=693.62KB mem-reservation=0B thread-reservation=0
|  |  |  |  tuple-ids=43 row-size=60B cardinality=7.42K cost=9860
|  |  |  |  in pipelines: 59(GETNEXT)
|  |  |  |
|  |  |  F28:PLAN FRAGMENT [RANDOM] hosts=4 instances=4
|  |  |  Per-Instance Resources: mem-estimate=16.25MB mem-reservation=512.00KB thread-reservation=1
|  |  |  max-parallelism=4 segment-costs=[239776]
|  |  |  59:SCAN HDFS [tpcds_partitioned_parquet_snap.item, RANDOM]
|  |  |     HDFS partitions=1/1 files=1 size=33.54MB
|  |  |     predicates: i_color IN ('peach', 'misty', 'drab', 'chocolate', 'almond', 'saddle'), i_current_price <= CAST(85 AS DECIMAL(5,0)), i_current_price <= CAST(90 AS DECIMAL(5,0)), i_current_price >= CAST(75 AS DECIMAL(3,0)), i_current_price >= CAST(76 AS DECIMAL(5,0))
|  |  |     runtime filters: RF047[min_max] -> tpcds_partitioned_parquet_snap.item.i_item_sk
|  |  |     stored statistics:
|  |  |       table: rows=360.00K size=33.54MB
|  |  |       columns: all
|  |  |     extrapolated-rows=disabled max-scan-range-rows=101.54K
|  |  |     parquet statistics predicates: i_color IN ('peach', 'misty', 'drab', 'chocolate', 'almond', 'saddle'), i_current_price <= CAST(85 AS DECIMAL(5,0)), i_current_price <= CAST(90 AS DECIMAL(5,0)), i_current_price >= CAST(75 AS DECIMAL(3,0)), i_current_price >= CAST(76 AS DECIMAL(5,0))
|  |  |     parquet dictionary predicates: i_color IN ('peach', 'misty', 'drab', 'chocolate', 'almond', 'saddle'), i_current_price <= CAST(85 AS DECIMAL(5,0)), i_current_price <= CAST(90 AS DECIMAL(5,0)), i_current_price >= CAST(75 AS DECIMAL(3,0)), i_current_price >= CAST(76 AS DECIMAL(5,0))
|  |  |     mem-estimate=16.00MB mem-reservation=512.00KB thread-reservation=0
|  |  |     tuple-ids=43 row-size=60B cardinality=7.42K cost=238409
|  |  |     in pipelines: 59(GETNEXT)
|  |  |
|  |  39:SCAN HDFS [tpcds_partitioned_parquet_snap.store_sales, RANDOM]
|  |     HDFS partitions=1824/1824 files=1824 size=389.90GB
|  |     runtime filters: RF081[min_max] -> ss_item_sk, RF073[min_max] -> ss_customer_sk, RF071[min_max] -> ss_addr_sk, RF069[min_max] -> ss_hdemo_sk, RF065[min_max] -> ss_cdemo_sk, RF055[min_max] -> ss_promo_sk, RF057[min_max] -> ss_store_sk, RF047[min_max] -> ss_item_sk, RF080[bloom] -> ss_item_sk, RF078[bloom] -> ss_sold_date_sk
|  |     stored statistics:
|  |       table: rows=8.64G size=389.90GB
|  |       partitions: 1824/1824 rows=8.64G
|  |       columns: all
|  |     extrapolated-rows=disabled max-scan-range-rows=390.22M est-scan-range=374(filtered from 1824)
|  |     mem-estimate=16.00MB mem-reservation=8.00MB thread-reservation=0
|  |     tuple-ids=23 row-size=52B cardinality=36.42M(filtered from 8.64G) cost=1323001445
|  |     in pipelines: 39(GETNEXT)
|  |
|  109:EXCHANGE [HASH(sr_item_sk,sr_ticket_number)]
|  |  mem-estimate=10.47MB mem-reservation=0B thread-reservation=0
|  |  tuple-ids=24 row-size=12B cardinality=64.75M(filtered from 863.99M) cost=10767316
|  |  in pipelines: 40(GETNEXT)
|  |
|  F26:PLAN FRAGMENT [RANDOM] hosts=10 instances=30 (adjusted from 120)
|  Per-Host Shared Resources: mem-estimate=17.00MB mem-reservation=17.00MB thread-reservation=0 runtime-filters-memory=17.00MB
|  Per-Instance Resources: mem-estimate=17.25MB mem-reservation=512.00KB thread-reservation=1
|  max-parallelism=30 segment-costs=[232690522]
|  40:SCAN HDFS [tpcds_partitioned_parquet_snap.store_returns, RANDOM]
|     HDFS partitions=2004/2004 files=2004 size=48.14GB
|     runtime filters: RF076[min_max] -> sr_item_sk, RF077[min_max] -> sr_ticket_number, RF047[min_max] -> tpcds_partitioned_parquet_snap.store_returns.sr_item_sk, RF074[bloom] -> sr_item_sk, RF075[bloom] -> sr_ticket_number
|     stored statistics:
|       table: rows=863.99M size=48.14GB
|       partitions: 2004/2004 rows=863.99M
|       columns: all
|     extrapolated-rows=disabled max-scan-range-rows=30.09M
|     mem-estimate=16.00MB mem-reservation=512.00KB thread-reservation=0
|     tuple-ids=24 row-size=12B cardinality=64.75M(filtered from 863.99M) cost=149297235
|     in pipelines: 40(GETNEXT)
|
134:EXCHANGE [HASH(i_item_sk,s_store_name,s_zip)]
|  mem-estimate=44.09MB mem-reservation=0B thread-reservation=0
|  tuple-ids=21 row-size=287B cardinality=863.99M cost=1236250780
|  in pipelines: 106(GETNEXT)
|
F25:PLAN FRAGMENT [HASH(i_product_name,i_item_sk,s_store_name,s_zip,ad1.ca_street_number,ad1.ca_street_name,ad1.ca_city,ad1.ca_zip,ad2.ca_street_number,ad2.ca_street_name,ad2.ca_city,ad2.ca_zip,d1.d_year,d2.d_year,d3.d_year)] hosts=10 instances=120
Per-Instance Resources: mem-estimate=637.09MB mem-reservation=34.00MB thread-reservation=1
max-parallelism=1650 segment-costs=[6517498108, 16408784776] cpu-comparison-result=758 [max(120 (self) vs 758 (sum children))]
106:AGGREGATE [FINALIZE]
|  output: count:merge(*), sum:merge(ss_wholesale_cost), sum:merge(ss_list_price), sum:merge(ss_coupon_amt)
|  group by: i_product_name, i_item_sk, s_store_name, s_zip, ad1.ca_street_number, ad1.ca_street_name, ad1.ca_city, ad1.ca_zip, ad2.ca_street_number, ad2.ca_street_name, ad2.ca_city, ad2.ca_zip, d1.d_year, d2.d_year, d3.d_year
|  mem-estimate=512.09MB mem-reservation=34.00MB spill-buffer=2.00MB thread-reservation=0
|  tuple-ids=21 row-size=287B cardinality=863.99M cost=5281247328
|  in pipelines: 106(GETNEXT), 01(OPEN)
|
105:EXCHANGE [HASH(i_product_name,i_item_sk,s_store_name,s_zip,ad1.ca_street_number,ad1.ca_street_name,ad1.ca_city,ad1.ca_zip,ad2.ca_street_number,ad2.ca_street_name,ad2.ca_city,ad2.ca_zip,d1.d_year,d2.d_year,d3.d_year)]
|  mem-estimate=44.09MB mem-reservation=0B thread-reservation=0
|  tuple-ids=21 row-size=287B cardinality=863.99M cost=1236250780
|  in pipelines: 01(GETNEXT)
|
F18:PLAN FRAGMENT [HASH(c_current_addr_sk)] hosts=10 instances=120
Per-Instance Resources: mem-estimate=685.54MB mem-reservation=34.00MB thread-reservation=1
max-parallelism=1650 segment-costs=[5515620261, 16408784776] cpu-comparison-result=758 [max(270 (self) vs 758 (sum children))]
38:AGGREGATE [STREAMING]
|  output: count(*), sum(ss_wholesale_cost), sum(ss_list_price), sum(ss_coupon_amt)
|  group by: i_product_name, i_item_sk, s_store_name, s_zip, ad1.ca_street_number, ad1.ca_street_name, ad1.ca_city, ad1.ca_zip, ad2.ca_street_number, ad2.ca_street_name, ad2.ca_city, ad2.ca_zip, d1.d_year, d2.d_year, d3.d_year
|  mem-estimate=512.06MB mem-reservation=34.00MB spill-buffer=2.00MB thread-reservation=0
|  tuple-ids=21 row-size=287B cardinality=863.99M cost=5281247328
|  in pipelines: 01(GETNEXT)
|
37:HASH JOIN [INNER JOIN, BROADCAST]
|  hash-table-id=19
|  hash predicates: ss_item_sk = cs_item_sk
|  fk/pk conjuncts: none
|  mem-estimate=0B mem-reservation=0B spill-buffer=128.00KB thread-reservation=0
|  tuple-ids=1,0,20,6,10,16,14,15,11,12,7,8,9,13,17,18,19,4 row-size=462B cardinality=863.99M cost=161911984
|  in pipelines: 01(GETNEXT), 103(OPEN)
|
|--F73:PLAN FRAGMENT [HASH(c_current_addr_sk)] hosts=10 instances=10
|  |  Per-Instance Resources: mem-estimate=36.13MB mem-reservation=34.50MB thread-reservation=1
|  |  max-parallelism=10 segment-costs=[83878] cpu-comparison-result=240 [max(10 (self) vs 240 (sum children))]
|  JOIN BUILD
|  |  join-table-id=19 plan-id=20 cohort-id=01
|  |  build expressions: cs_item_sk
|  |  runtime filters: RF007[min_max] <- cs_item_sk
|  |  mem-estimate=34.50MB mem-reservation=34.50MB spill-buffer=128.00KB thread-reservation=0 cost=36018
|  |
|  104:EXCHANGE [BROADCAST]
|  |  mem-estimate=1.63MB mem-reservation=0B thread-reservation=0
|  |  tuple-ids=4 row-size=36B cardinality=36.02K cost=47860
|  |  in pipelines: 103(GETNEXT)
|  |
|  F24:PLAN FRAGMENT [HASH(cs_item_sk)] hosts=10 instances=10 (adjusted from 120)
|  Per-Instance Resources: mem-estimate=24.69MB mem-reservation=2.88MB thread-reservation=1
|  max-parallelism=10 segment-costs=[28566307, 4278] cpu-comparison-result=240 [max(10 (self) vs 240 (sum children))]
|  103:AGGREGATE [FINALIZE]
|  |  output: sum:merge(cs_ext_list_price), sum:merge(cr_refunded_cash + cr_reversed_charge + cr_store_credit)
|  |  group by: cs_item_sk
|  |  having: sum(cs_ext_list_price) > CAST(2 AS DECIMAL(3,0)) * sum(cr_refunded_cash + cr_reversed_charge + cr_store_credit)
|  |  mem-estimate=10.00MB mem-reservation=2.88MB spill-buffer=128.00KB thread-reservation=0
|  |  tuple-ids=4 row-size=36B cardinality=36.02K cost=16606891
|  |  in pipelines: 103(GETNEXT), 02(OPEN)
|  |
|  102:EXCHANGE [HASH(cs_item_sk)]
|  |  mem-estimate=14.69MB mem-reservation=0B thread-reservation=0
|  |  tuple-ids=4 row-size=36B cardinality=43.22M cost=11959416
|  |  in pipelines: 02(GETNEXT)
|  |
|  F23:PLAN FRAGMENT [HASH(cs_item_sk,cs_order_number)] hosts=10 instances=120
|  Per-Instance Resources: mem-estimate=23.91MB mem-reservation=2.00MB thread-reservation=1
|  max-parallelism=330 segment-costs=[3269691390, 122472725] cpu-comparison-result=240 [max(240 (self) vs 230 (sum children))]
|  05:AGGREGATE [STREAMING]
|  |  output: sum(cs_ext_list_price), sum(cr_refunded_cash + cr_reversed_charge + cr_store_credit)
|  |  group by: cs_item_sk
|  |  mem-estimate=10.00MB mem-reservation=2.00MB spill-buffer=64.00KB thread-reservation=0
|  |  tuple-ids=4 row-size=36B cardinality=43.22M cost=1040366503
|  |  in pipelines: 02(GETNEXT)
|  |
|  04:HASH JOIN [INNER JOIN, PARTITIONED]
|  |  hash-table-id=20
|  |  hash predicates: cs_item_sk = cr_item_sk, cs_order_number = cr_order_number
|  |  fk/pk conjuncts: cs_item_sk = cr_item_sk, cs_order_number = cr_order_number
|  |  mem-estimate=0B mem-reservation=0B spill-buffer=2.00MB thread-reservation=0
|  |  tuple-ids=2,3 row-size=40B cardinality=2.56G cost=1490184428
|  |  in pipelines: 02(GETNEXT), 03(OPEN)
|  |
|  |--F74:PLAN FRAGMENT [HASH(cs_item_sk,cs_order_number)] hosts=10 instances=120
|  |  |  Per-Instance Resources: mem-estimate=214.81MB mem-reservation=51.00MB thread-reservation=1 runtime-filters-memory=17.00MB
|  |  |  max-parallelism=330 segment-costs=[527708754]
|  |  JOIN BUILD
|  |  |  join-table-id=20 plan-id=21 cohort-id=05
|  |  |  build expressions: cr_item_sk, cr_order_number
|  |  |  runtime filters: RF042[bloom] <- cr_item_sk, RF043[bloom] <- cr_order_number, RF044[min_max] <- cr_item_sk, RF045[min_max] <- cr_order_number
|  |  |  mem-estimate=184.80MB mem-reservation=34.00MB spill-buffer=2.00MB thread-reservation=0 cost=432016991
|  |  |
|  |  101:EXCHANGE [HASH(cr_item_sk,cr_order_number)]
|  |  |  mem-estimate=13.01MB mem-reservation=0B thread-reservation=0
|  |  |  tuple-ids=3 row-size=24B cardinality=432.02M cost=95691763
|  |  |  in pipelines: 03(GETNEXT)
|  |  |
|  |  F22:PLAN FRAGMENT [RANDOM] hosts=10 instances=110 (adjusted from 120)
|  |  Per-Instance Resources: mem-estimate=29.12MB mem-reservation=40.00KB thread-reservation=1
|  |  max-parallelism=110 segment-costs=[1039605687]
|  |  03:SCAN HDFS [tpcds_partitioned_parquet_snap.catalog_returns, RANDOM]
|  |     HDFS partitions=2060/2060 files=2060 size=32.77GB
|  |     runtime filters: RF003[min_max] -> tpcds_partitioned_parquet_snap.catalog_returns.cr_item_sk
|  |     stored statistics:
|  |       table: rows=432.02M size=32.77GB
|  |       partitions: 2060/2060 rows=432.02M
|  |       columns: all
|  |     extrapolated-rows=disabled max-scan-range-rows=416.82K
|  |     mem-estimate=16.00MB mem-reservation=40.00KB thread-reservation=0
|  |     tuple-ids=3 row-size=24B cardinality=432.02M cost=149305072
|  |     in pipelines: 03(GETNEXT)
|  |
|  100:EXCHANGE [HASH(cs_item_sk,cs_order_number)]
|  |  mem-estimate=12.34MB mem-reservation=0B thread-reservation=0
|  |  tuple-ids=2 row-size=16B cardinality=4.00G(filtered from 4.32G) cost=739140459
|  |  in pipelines: 02(GETNEXT)
|  |
|  F21:PLAN FRAGMENT [RANDOM] hosts=10 instances=120
|  Per-Host Shared Resources: mem-estimate=17.00MB mem-reservation=17.00MB thread-reservation=0 runtime-filters-memory=17.00MB
|  Per-Instance Resources: mem-estimate=25.38MB mem-reservation=1.00MB thread-reservation=1
|  max-parallelism=720 segment-costs=[7180594990]
|  02:SCAN HDFS [tpcds_partitioned_parquet_snap.catalog_sales, RANDOM]
|     HDFS partitions=1831/1831 files=1831 size=280.96GB
|     runtime filters: RF044[min_max] -> cs_item_sk, RF045[min_max] -> cs_order_number, RF003[min_max] -> tpcds_partitioned_parquet_snap.catalog_sales.cs_item_sk, RF042[bloom] -> cs_item_sk, RF043[bloom] -> cs_order_number
|     stored statistics:
|       table: rows=4.32G size=280.96GB
|       partitions: 1831/1831 rows=4.32G
|       columns: all
|     extrapolated-rows=disabled max-scan-range-rows=21.52M
|     mem-estimate=16.00MB mem-reservation=1.00MB thread-reservation=0
|     tuple-ids=2 row-size=16B cardinality=4.00G(filtered from 4.32G) cost=995345966
|     in pipelines: 02(GETNEXT)
|
36:HASH JOIN [INNER JOIN, BROADCAST]
|  hash-table-id=21
|  hash predicates: hd2.hd_income_band_sk = ib2.ib_income_band_sk
|  fk/pk conjuncts: hd2.hd_income_band_sk = ib2.ib_income_band_sk
|  mem-estimate=0B mem-reservation=0B spill-buffer=64.00KB thread-reservation=0
|  tuple-ids=1,0,20,6,10,16,14,15,11,12,7,8,9,13,17,18,19 row-size=426B cardinality=20.88M cost=9140237
|  in pipelines: 01(GETNEXT), 19(OPEN)
|
|--F75:PLAN FRAGMENT [HASH(c_current_addr_sk)] hosts=10 instances=10
|  |  Per-Instance Resources: mem-estimate=23.27MB mem-reservation=23.25MB thread-reservation=1
|  |  max-parallelism=10 segment-costs=[40]
|  JOIN BUILD
|  |  join-table-id=21 plan-id=22 cohort-id=01
|  |  build expressions: ib2.ib_income_band_sk
|  |  runtime filters: RF009[min_max] <- ib2.ib_income_band_sk
|  |  mem-estimate=23.25MB mem-reservation=23.25MB spill-buffer=64.00KB thread-reservation=0 cost=20
|  |
|  99:EXCHANGE [BROADCAST]
|  |  mem-estimate=16.00KB mem-reservation=0B thread-reservation=0
|  |  tuple-ids=19 row-size=4B cardinality=20 cost=20
|  |  in pipelines: 19(GETNEXT)
|  |
|  F20:PLAN FRAGMENT [RANDOM] hosts=1 instances=1
|  Per-Instance Resources: mem-estimate=16.03MB mem-reservation=8.00KB thread-reservation=1
|  max-parallelism=1 segment-costs=[1]
|  19:SCAN HDFS [tpcds_partitioned_parquet_snap.income_band ib2, RANDOM]
|     HDFS partitions=1/1 files=1 size=1.22KB
|     stored statistics:
|       table: rows=20 size=1.22KB
|       columns: all
|     extrapolated-rows=disabled max-scan-range-rows=20
|     mem-estimate=16.00MB mem-reservation=8.00KB thread-reservation=0
|     tuple-ids=19 row-size=4B cardinality=20 cost=1
|     in pipelines: 19(GETNEXT)
|
35:HASH JOIN [INNER JOIN, BROADCAST]
|  hash-table-id=22
|  hash predicates: hd1.hd_income_band_sk = ib1.ib_income_band_sk
|  fk/pk conjuncts: hd1.hd_income_band_sk = ib1.ib_income_band_sk
|  mem-estimate=0B mem-reservation=0B spill-buffer=64.00KB thread-reservation=0
|  tuple-ids=1,0,20,6,10,16,14,15,11,12,7,8,9,13,17,18 row-size=422B cardinality=20.88M cost=9140237
|  in pipelines: 01(GETNEXT), 18(OPEN)
|
|--F76:PLAN FRAGMENT [HASH(c_current_addr_sk)] hosts=10 instances=10
|  |  Per-Instance Resources: mem-estimate=23.27MB mem-reservation=23.25MB thread-reservation=1
|  |  max-parallelism=10 segment-costs=[40]
|  JOIN BUILD
|  |  join-table-id=22 plan-id=23 cohort-id=01
|  |  build expressions: ib1.ib_income_band_sk
|  |  runtime filters: RF011[min_max] <- ib1.ib_income_band_sk
|  |  mem-estimate=23.25MB mem-reservation=23.25MB spill-buffer=64.00KB thread-reservation=0 cost=20
|  |
|  98:EXCHANGE [BROADCAST]
|  |  mem-estimate=16.00KB mem-reservation=0B thread-reservation=0
|  |  tuple-ids=18 row-size=4B cardinality=20 cost=20
|  |  in pipelines: 18(GETNEXT)
|  |
|  F19:PLAN FRAGMENT [RANDOM] hosts=1 instances=1
|  Per-Instance Resources: mem-estimate=16.03MB mem-reservation=8.00KB thread-reservation=1
|  max-parallelism=1 segment-costs=[1]
|  18:SCAN HDFS [tpcds_partitioned_parquet_snap.income_band ib1, RANDOM]
|     HDFS partitions=1/1 files=1 size=1.22KB
|     stored statistics:
|       table: rows=20 size=1.22KB
|       columns: all
|     extrapolated-rows=disabled max-scan-range-rows=20
|     mem-estimate=16.00MB mem-reservation=8.00KB thread-reservation=0
|     tuple-ids=18 row-size=4B cardinality=20 cost=1
|     in pipelines: 18(GETNEXT)
|
34:HASH JOIN [INNER JOIN, PARTITIONED]
|  hash-table-id=23
|  hash predicates: c_current_addr_sk = ad2.ca_address_sk
|  fk/pk conjuncts: c_current_addr_sk = ad2.ca_address_sk
|  mem-estimate=0B mem-reservation=0B spill-buffer=1.00MB thread-reservation=0
|  tuple-ids=1,0,20,6,10,16,14,15,11,12,7,8,9,13,17 row-size=418B cardinality=20.88M cost=9140237
|  in pipelines: 01(GETNEXT), 17(OPEN)
|
|--F77:PLAN FRAGMENT [HASH(c_current_addr_sk)] hosts=10 instances=120
|  |  Per-Instance Resources: mem-estimate=27.80MB mem-reservation=17.00MB thread-reservation=1
|  |  max-parallelism=1650 segment-costs=[22017902]
|  JOIN BUILD
|  |  join-table-id=23 plan-id=24 cohort-id=01
|  |  build expressions: ad2.ca_address_sk
|  |  runtime filters: RF013[min_max] <- ad2.ca_address_sk
|  |  mem-estimate=17.00MB mem-reservation=17.00MB spill-buffer=1.00MB thread-reservation=0 cost=15000000
|  |
|  97:EXCHANGE [HASH(ad2.ca_address_sk)]
|  |  mem-estimate=10.80MB mem-reservation=0B thread-reservation=0
|  |  tuple-ids=17 row-size=78B cardinality=15.00M cost=7017902
|  |  in pipelines: 17(GETNEXT)
|  |
|  F17:PLAN FRAGMENT [RANDOM] hosts=10 instances=10
|  Per-Instance Resources: mem-estimate=54.23MB mem-reservation=128.00KB thread-reservation=1
|  max-parallelism=10 segment-costs=[89031849]
|  17:SCAN HDFS [tpcds_partitioned_parquet_snap.customer_address ad2, RANDOM]
|     HDFS partitions=1/1 files=1 size=307.36MB
|     stored statistics:
|       table: rows=15.00M size=307.36MB
|       columns: all
|     extrapolated-rows=disabled max-scan-range-rows=1.58M
|     mem-estimate=16.00MB mem-reservation=128.00KB thread-reservation=0
|     tuple-ids=17 row-size=78B cardinality=15.00M cost=6384216
|     in pipelines: 17(GETNEXT)
|
96:EXCHANGE [HASH(c_current_addr_sk)]
|  mem-estimate=37.12MB mem-reservation=0B thread-reservation=0
|  tuple-ids=1,0,20,6,10,16,14,15,11,12,7,8,9,13 row-size=341B cardinality=20.88M cost=45040238
|  in pipelines: 01(GETNEXT)
|
F08:PLAN FRAGMENT [HASH(ss_addr_sk)] hosts=10 instances=70 (adjusted from 120)
Per-Instance Resources: mem-estimate=201.13MB mem-reservation=0B thread-reservation=1
max-parallelism=80 segment-costs=[715872955]
33:HASH JOIN [INNER JOIN, BROADCAST]
|  hash-table-id=24
|  hash predicates: ss_promo_sk = p_promo_sk
|  fk/pk conjuncts: ss_promo_sk = p_promo_sk
|  mem-estimate=0B mem-reservation=0B spill-buffer=64.00KB thread-reservation=0
|  tuple-ids=1,0,20,6,10,16,14,15,11,12,7,8,9,13 row-size=341B cardinality=20.88M cost=9140237
|  in pipelines: 01(GETNEXT), 13(OPEN)
|
|--F78:PLAN FRAGMENT [HASH(ss_addr_sk)] hosts=10 instances=10
|  |  Per-Instance Resources: mem-estimate=13.58MB mem-reservation=13.56MB thread-reservation=1
|  |  max-parallelism=10 segment-costs=[4190]
|  JOIN BUILD
|  |  join-table-id=24 plan-id=25 cohort-id=01
|  |  build expressions: p_promo_sk
|  |  runtime filters: RF015[min_max] <- p_promo_sk
|  |  mem-estimate=13.56MB mem-reservation=13.56MB spill-buffer=64.00KB thread-reservation=0 cost=1800
|  |
|  95:EXCHANGE [BROADCAST]
|  |  mem-estimate=16.00KB mem-reservation=0B thread-reservation=0
|  |  tuple-ids=13 row-size=4B cardinality=1.80K cost=2390
|  |  in pipelines: 13(GETNEXT)
|  |
|  F16:PLAN FRAGMENT [RANDOM] hosts=1 instances=1
|  Per-Instance Resources: mem-estimate=16.03MB mem-reservation=32.00KB thread-reservation=1
|  max-parallelism=1 segment-costs=[161]
|  13:SCAN HDFS [tpcds_partitioned_parquet_snap.promotion, RANDOM]
|     HDFS partitions=1/1 files=1 size=100.50KB
|     stored statistics:
|       table: rows=1.80K size=100.50KB
|       columns: all
|     extrapolated-rows=disabled max-scan-range-rows=1.80K
|     mem-estimate=16.00MB mem-reservation=32.00KB thread-reservation=0
|     tuple-ids=13 row-size=4B cardinality=1.80K cost=103
|     in pipelines: 13(GETNEXT)
|
32:HASH JOIN [INNER JOIN, BROADCAST]
|  hash-table-id=25
|  hash predicates: ss_store_sk = s_store_sk
|  fk/pk conjuncts: ss_store_sk = s_store_sk
|  mem-estimate=0B mem-reservation=0B spill-buffer=64.00KB thread-reservation=0
|  tuple-ids=1,0,20,6,10,16,14,15,11,12,7,8,9 row-size=337B cardinality=20.88M cost=9140237
|  in pipelines: 01(GETNEXT), 09(OPEN)
|
|--F79:PLAN FRAGMENT [HASH(ss_addr_sk)] hosts=10 instances=10
|  |  Per-Instance Resources: mem-estimate=13.65MB mem-reservation=13.56MB thread-reservation=1
|  |  max-parallelism=10 segment-costs=[3140]
|  JOIN BUILD
|  |  join-table-id=25 plan-id=26 cohort-id=01
|  |  build expressions: s_store_sk
|  |  runtime filters: RF017[min_max] <- s_store_sk
|  |  mem-estimate=13.56MB mem-reservation=13.56MB spill-buffer=64.00KB thread-reservation=0 cost=1350
|  |
|  94:EXCHANGE [BROADCAST]
|  |  mem-estimate=89.64KB mem-reservation=0B thread-reservation=0
|  |  tuple-ids=9 row-size=37B cardinality=1.35K cost=1790
|  |  in pipelines: 09(GETNEXT)
|  |
|  F15:PLAN FRAGMENT [RANDOM] hosts=1 instances=1
|  Per-Instance Resources: mem-estimate=16.16MB mem-reservation=24.00KB thread-reservation=1
|  max-parallelism=1 segment-costs=[414]
|  09:SCAN HDFS [tpcds_partitioned_parquet_snap.store, RANDOM]
|     HDFS partitions=1/1 files=1 size=119.76KB
|     runtime filters: RF004[min_max] -> tpcds_partitioned_parquet_snap.store.s_store_name, RF005[min_max] -> tpcds_partitioned_parquet_snap.store.s_zip
|     stored statistics:
|       table: rows=1.35K size=119.76KB
|       columns: all
|     extrapolated-rows=disabled max-scan-range-rows=1.35K
|     mem-estimate=16.00MB mem-reservation=24.00KB thread-reservation=0
|     tuple-ids=9 row-size=37B cardinality=1.35K cost=251
|     in pipelines: 09(GETNEXT)
|
31:HASH JOIN [INNER JOIN, BROADCAST]
|  hash-table-id=26
|  hash predicates: c_first_shipto_date_sk = d3.d_date_sk
|  fk/pk conjuncts: c_first_shipto_date_sk = d3.d_date_sk
|  mem-estimate=0B mem-reservation=0B spill-buffer=256.00KB thread-reservation=0
|  tuple-ids=1,0,20,6,10,16,14,15,11,12,7,8 row-size=300B cardinality=20.88M cost=9140237
|  in pipelines: 01(GETNEXT), 08(OPEN)
|
|--F80:PLAN FRAGMENT [HASH(ss_addr_sk)] hosts=10 instances=10
|  |  Per-Instance Resources: mem-estimate=33.82MB mem-reservation=33.25MB thread-reservation=1
|  |  max-parallelism=10 segment-costs=[170129]
|  JOIN BUILD
|  |  join-table-id=26 plan-id=27 cohort-id=01
|  |  build expressions: d3.d_date_sk
|  |  runtime filters: RF019[min_max] <- d3.d_date_sk
|  |  mem-estimate=33.25MB mem-reservation=33.25MB spill-buffer=256.00KB thread-reservation=0 cost=73049
|  |
|  93:EXCHANGE [BROADCAST]
|  |  mem-estimate=582.70KB mem-reservation=0B thread-reservation=0
|  |  tuple-ids=8 row-size=8B cardinality=73.05K cost=97080
|  |  in pipelines: 08(GETNEXT)
|  |
|  F14:PLAN FRAGMENT [RANDOM] hosts=1 instances=1
|  Per-Instance Resources: mem-estimate=16.05MB mem-reservation=512.00KB thread-reservation=1
|  max-parallelism=1 segment-costs=[11570]
|  08:SCAN HDFS [tpcds_partitioned_parquet_snap.date_dim d3, RANDOM]
|     HDFS partitions=1/1 files=1 size=2.17MB
|     stored statistics:
|       table: rows=73.05K size=2.17MB
|       columns: all
|     extrapolated-rows=disabled max-scan-range-rows=73.05K
|     mem-estimate=16.00MB mem-reservation=512.00KB thread-reservation=0
|     tuple-ids=8 row-size=8B cardinality=73.05K cost=8415
|     in pipelines: 08(GETNEXT)
|
30:HASH JOIN [INNER JOIN, BROADCAST]
|  hash-table-id=27
|  hash predicates: c_first_sales_date_sk = d2.d_date_sk
|  fk/pk conjuncts: c_first_sales_date_sk = d2.d_date_sk
|  mem-estimate=0B mem-reservation=0B spill-buffer=256.00KB thread-reservation=0
|  tuple-ids=1,0,20,6,10,16,14,15,11,12,7 row-size=292B cardinality=20.88M cost=9140237
|  in pipelines: 01(GETNEXT), 07(OPEN)
|
|--F81:PLAN FRAGMENT [HASH(ss_addr_sk)] hosts=10 instances=10
|  |  Per-Instance Resources: mem-estimate=33.82MB mem-reservation=33.25MB thread-reservation=1
|  |  max-parallelism=10 segment-costs=[170129]
|  JOIN BUILD
|  |  join-table-id=27 plan-id=28 cohort-id=01
|  |  build expressions: d2.d_date_sk
|  |  runtime filters: RF021[min_max] <- d2.d_date_sk
|  |  mem-estimate=33.25MB mem-reservation=33.25MB spill-buffer=256.00KB thread-reservation=0 cost=73049
|  |
|  92:EXCHANGE [BROADCAST]
|  |  mem-estimate=582.70KB mem-reservation=0B thread-reservation=0
|  |  tuple-ids=7 row-size=8B cardinality=73.05K cost=97080
|  |  in pipelines: 07(GETNEXT)
|  |
|  F13:PLAN FRAGMENT [RANDOM] hosts=1 instances=1
|  Per-Instance Resources: mem-estimate=16.05MB mem-reservation=512.00KB thread-reservation=1
|  max-parallelism=1 segment-costs=[11570]
|  07:SCAN HDFS [tpcds_partitioned_parquet_snap.date_dim d2, RANDOM]
|     HDFS partitions=1/1 files=1 size=2.17MB
|     stored statistics:
|       table: rows=73.05K size=2.17MB
|       columns: all
|     extrapolated-rows=disabled max-scan-range-rows=73.05K
|     mem-estimate=16.00MB mem-reservation=512.00KB thread-reservation=0
|     tuple-ids=7 row-size=8B cardinality=73.05K cost=8415
|     in pipelines: 07(GETNEXT)
|
29:HASH JOIN [INNER JOIN, BROADCAST]
|  hash-table-id=28
|  hash predicates: c_current_cdemo_sk = cd2.cd_demo_sk
|  fk/pk conjuncts: c_current_cdemo_sk = cd2.cd_demo_sk
|  other predicates: cd1.cd_marital_status != cd2.cd_marital_status
|  mem-estimate=0B mem-reservation=0B spill-buffer=2.00MB thread-reservation=0
|  tuple-ids=1,0,20,6,10,16,14,15,11,12 row-size=284B cardinality=20.88M cost=9206634
|  in pipelines: 01(GETNEXT), 12(OPEN)
|
|--F82:PLAN FRAGMENT [HASH(ss_addr_sk)] hosts=10 instances=10
|  |  Per-Instance Resources: mem-estimate=248.21MB mem-reservation=238.00MB thread-reservation=1
|  |  max-parallelism=10 segment-costs=[4473540]
|  JOIN BUILD
|  |  join-table-id=28 plan-id=29 cohort-id=01
|  |  build expressions: cd2.cd_demo_sk
|  |  runtime filters: RF023[min_max] <- cd2.cd_demo_sk
|  |  mem-estimate=238.00MB mem-reservation=238.00MB spill-buffer=2.00MB thread-reservation=0 cost=1920800
|  |
|  91:EXCHANGE [BROADCAST]
|  |  mem-estimate=10.21MB mem-reservation=0B thread-reservation=0
|  |  tuple-ids=12 row-size=17B cardinality=1.92M cost=2552740
|  |  in pipelines: 12(GETNEXT)
|  |
|  F12:PLAN FRAGMENT [RANDOM] hosts=10 instances=10
|  Per-Instance Resources: mem-estimate=16.08MB mem-reservation=1.00MB thread-reservation=1
|  max-parallelism=10 segment-costs=[267951]
|  12:SCAN HDFS [tpcds_partitioned_parquet_snap.customer_demographics cd2, RANDOM]
|     HDFS partitions=1/1 files=1 size=11.15MB
|     stored statistics:
|       table: rows=1.92M size=11.15MB
|       columns: all
|     extrapolated-rows=disabled max-scan-range-rows=197.97K
|     mem-estimate=16.00MB mem-reservation=1.00MB thread-reservation=0
|     tuple-ids=12 row-size=17B cardinality=1.92M cost=138297
|     in pipelines: 12(GETNEXT)
|
28:HASH JOIN [INNER JOIN, BROADCAST]
|  hash-table-id=29
|  hash predicates: ss_cdemo_sk = cd1.cd_demo_sk
|  fk/pk conjuncts: ss_cdemo_sk = cd1.cd_demo_sk
|  mem-estimate=0B mem-reservation=0B spill-buffer=2.00MB thread-reservation=0
|  tuple-ids=1,0,20,6,10,16,14,15,11 row-size=267B cardinality=21.14M cost=9320758
|  in pipelines: 01(GETNEXT), 11(OPEN)
|
|--F83:PLAN FRAGMENT [HASH(ss_addr_sk)] hosts=10 instances=10
|  |  Per-Instance Resources: mem-estimate=248.21MB mem-reservation=238.00MB thread-reservation=1
|  |  max-parallelism=10 segment-costs=[4473540]
|  JOIN BUILD
|  |  join-table-id=29 plan-id=30 cohort-id=01
|  |  build expressions: cd1.cd_demo_sk
|  |  runtime filters: RF025[min_max] <- cd1.cd_demo_sk
|  |  mem-estimate=238.00MB mem-reservation=238.00MB spill-buffer=2.00MB thread-reservation=0 cost=1920800
|  |
|  90:EXCHANGE [BROADCAST]
|  |  mem-estimate=10.21MB mem-reservation=0B thread-reservation=0
|  |  tuple-ids=11 row-size=17B cardinality=1.92M cost=2552740
|  |  in pipelines: 11(GETNEXT)
|  |
|  F11:PLAN FRAGMENT [RANDOM] hosts=10 instances=10
|  Per-Instance Resources: mem-estimate=16.08MB mem-reservation=1.00MB thread-reservation=1
|  max-parallelism=10 segment-costs=[267951]
|  11:SCAN HDFS [tpcds_partitioned_parquet_snap.customer_demographics cd1, RANDOM]
|     HDFS partitions=1/1 files=1 size=11.15MB
|     stored statistics:
|       table: rows=1.92M size=11.15MB
|       columns: all
|     extrapolated-rows=disabled max-scan-range-rows=197.97K
|     mem-estimate=16.00MB mem-reservation=1.00MB thread-reservation=0
|     tuple-ids=11 row-size=17B cardinality=1.92M cost=138297
|     in pipelines: 11(GETNEXT)
|
27:HASH JOIN [INNER JOIN, BROADCAST]
|  hash-table-id=30
|  hash predicates: c_current_hdemo_sk = hd2.hd_demo_sk
|  fk/pk conjuncts: c_current_hdemo_sk = hd2.hd_demo_sk
|  mem-estimate=0B mem-reservation=0B spill-buffer=64.00KB thread-reservation=0
|  tuple-ids=1,0,20,6,10,16,14,15 row-size=250B cardinality=21.40M cost=9502442
|  in pipelines: 01(GETNEXT), 15(OPEN)
|
|--F84:PLAN FRAGMENT [HASH(ss_addr_sk)] hosts=10 instances=10
|  |  Per-Instance Resources: mem-estimate=13.63MB mem-reservation=13.56MB thread-reservation=1
|  |  max-parallelism=10 segment-costs=[16760]
|  JOIN BUILD
|  |  join-table-id=30 plan-id=31 cohort-id=01
|  |  build expressions: hd2.hd_demo_sk
|  |  runtime filters: RF027[min_max] <- hd2.hd_demo_sk
|  |  mem-estimate=13.56MB mem-reservation=13.56MB spill-buffer=64.00KB thread-reservation=0 cost=7200
|  |
|  89:EXCHANGE [BROADCAST]
|  |  mem-estimate=68.25KB mem-reservation=0B thread-reservation=0
|  |  tuple-ids=15 row-size=8B cardinality=7.20K cost=9560
|  |  in pipelines: 15(GETNEXT)
|  |
|  F10:PLAN FRAGMENT [RANDOM] hosts=1 instances=1
|  Per-Instance Resources: mem-estimate=16.05MB mem-reservation=64.00KB thread-reservation=1
|  max-parallelism=1 segment-costs=[1140]
|  15:SCAN HDFS [tpcds_partitioned_parquet_snap.household_demographics hd2, RANDOM]
|     HDFS partitions=1/1 files=1 size=41.69KB
|     runtime filters: RF009[min_max] -> hd2.hd_income_band_sk
|     stored statistics:
|       table: rows=7.20K size=41.69KB
|       columns: all
|     extrapolated-rows=disabled max-scan-range-rows=7.20K
|     mem-estimate=16.00MB mem-reservation=64.00KB thread-reservation=0
|     tuple-ids=15 row-size=8B cardinality=7.20K cost=829
|     in pipelines: 15(GETNEXT)
|
26:HASH JOIN [INNER JOIN, BROADCAST]
|  hash-table-id=31
|  hash predicates: ss_hdemo_sk = hd1.hd_demo_sk
|  fk/pk conjuncts: ss_hdemo_sk = hd1.hd_demo_sk
|  mem-estimate=0B mem-reservation=0B spill-buffer=64.00KB thread-reservation=0
|  tuple-ids=1,0,20,6,10,16,14 row-size=242B cardinality=21.93M cost=9734724
|  in pipelines: 01(GETNEXT), 14(OPEN)
|
|--F85:PLAN FRAGMENT [HASH(ss_addr_sk)] hosts=10 instances=10
|  |  Per-Instance Resources: mem-estimate=13.63MB mem-reservation=13.56MB thread-reservation=1
|  |  max-parallelism=10 segment-costs=[16760]
|  JOIN BUILD
|  |  join-table-id=31 plan-id=32 cohort-id=01
|  |  build expressions: hd1.hd_demo_sk
|  |  runtime filters: RF029[min_max] <- hd1.hd_demo_sk
|  |  mem-estimate=13.56MB mem-reservation=13.56MB spill-buffer=64.00KB thread-reservation=0 cost=7200
|  |
|  88:EXCHANGE [BROADCAST]
|  |  mem-estimate=68.25KB mem-reservation=0B thread-reservation=0
|  |  tuple-ids=14 row-size=8B cardinality=7.20K cost=9560
|  |  in pipelines: 14(GETNEXT)
|  |
|  F09:PLAN FRAGMENT [RANDOM] hosts=1 instances=1
|  Per-Instance Resources: mem-estimate=16.05MB mem-reservation=64.00KB thread-reservation=1
|  max-parallelism=1 segment-costs=[1140]
|  14:SCAN HDFS [tpcds_partitioned_parquet_snap.household_demographics hd1, RANDOM]
|     HDFS partitions=1/1 files=1 size=41.69KB
|     runtime filters: RF011[min_max] -> hd1.hd_income_band_sk
|     stored statistics:
|       table: rows=7.20K size=41.69KB
|       columns: all
|     extrapolated-rows=disabled max-scan-range-rows=7.20K
|     mem-estimate=16.00MB mem-reservation=64.00KB thread-reservation=0
|     tuple-ids=14 row-size=8B cardinality=7.20K cost=829
|     in pipelines: 14(GETNEXT)
|
25:HASH JOIN [INNER JOIN, PARTITIONED]
|  hash-table-id=32
|  hash predicates: ss_addr_sk = ad1.ca_address_sk
|  fk/pk conjuncts: ss_addr_sk = ad1.ca_address_sk
|  mem-estimate=0B mem-reservation=0B spill-buffer=2.00MB thread-reservation=0
|  tuple-ids=1,0,20,6,10,16 row-size=234B cardinality=22.46M cost=10025023
|  in pipelines: 01(GETNEXT), 16(OPEN)
|
|--F86:PLAN FRAGMENT [HASH(ss_addr_sk)] hosts=10 instances=70 (adjusted from 120)
|  |  Per-Instance Resources: mem-estimate=44.80MB mem-reservation=34.00MB thread-reservation=1
|  |  max-parallelism=80 segment-costs=[22017902]
|  JOIN BUILD
|  |  join-table-id=32 plan-id=33 cohort-id=01
|  |  build expressions: ad1.ca_address_sk
|  |  runtime filters: RF031[min_max] <- ad1.ca_address_sk
|  |  mem-estimate=34.00MB mem-reservation=34.00MB spill-buffer=2.00MB thread-reservation=0 cost=15000000
|  |
|  87:EXCHANGE [HASH(ad1.ca_address_sk)]
|  |  mem-estimate=10.80MB mem-reservation=0B thread-reservation=0
|  |  tuple-ids=16 row-size=78B cardinality=15.00M cost=7017902
|  |  in pipelines: 16(GETNEXT)
|  |
|  F07:PLAN FRAGMENT [RANDOM] hosts=10 instances=10
|  Per-Instance Resources: mem-estimate=38.30MB mem-reservation=128.00KB thread-reservation=1
|  max-parallelism=10 segment-costs=[89031849]
|  16:SCAN HDFS [tpcds_partitioned_parquet_snap.customer_address ad1, RANDOM]
|     HDFS partitions=1/1 files=1 size=307.36MB
|     stored statistics:
|       table: rows=15.00M size=307.36MB
|       columns: all
|     extrapolated-rows=disabled max-scan-range-rows=1.58M
|     mem-estimate=16.00MB mem-reservation=128.00KB thread-reservation=0
|     tuple-ids=16 row-size=78B cardinality=15.00M cost=6384216
|     in pipelines: 16(GETNEXT)
|
86:EXCHANGE [HASH(ss_addr_sk)]
|  mem-estimate=15.16MB mem-reservation=0B thread-reservation=0
|  tuple-ids=1,0,20,6,10 row-size=156B cardinality=23.22M cost=22680993
|  in pipelines: 01(GETNEXT)
|
F06:PLAN FRAGMENT [HASH(ss_customer_sk)] hosts=10 instances=30 (adjusted from 120)
Per-Instance Resources: mem-estimate=61.08MB mem-reservation=0B thread-reservation=1
max-parallelism=40 segment-costs=[325063575]
24:HASH JOIN [INNER JOIN, PARTITIONED]
|  hash-table-id=33
|  hash predicates: ss_customer_sk = c_customer_sk
|  fk/pk conjuncts: ss_customer_sk = c_customer_sk
|  mem-estimate=0B mem-reservation=0B spill-buffer=2.00MB thread-reservation=0
|  tuple-ids=1,0,20,6,10 row-size=156B cardinality=23.22M cost=10693595
|  in pipelines: 01(GETNEXT), 10(OPEN)
|
|--F87:PLAN FRAGMENT [HASH(ss_customer_sk)] hosts=10 instances=30 (adjusted from 120)
|  |  Per-Instance Resources: mem-estimate=58.76MB mem-reservation=34.00MB thread-reservation=1
|  |  max-parallelism=40 segment-costs=[36645000]
|  JOIN BUILD
|  |  join-table-id=33 plan-id=34 cohort-id=01
|  |  build expressions: c_customer_sk
|  |  runtime filters: RF033[min_max] <- c_customer_sk
|  |  mem-estimate=48.49MB mem-reservation=34.00MB spill-buffer=2.00MB thread-reservation=0 cost=30000000
|  |
|  85:EXCHANGE [HASH(c_customer_sk)]
|  |  mem-estimate=10.27MB mem-reservation=0B thread-reservation=0
|  |  tuple-ids=10 row-size=24B cardinality=30.00M cost=6645000
|  |  in pipelines: 10(GETNEXT)
|  |
|  F05:PLAN FRAGMENT [RANDOM] hosts=10 instances=10
|  Per-Instance Resources: mem-estimate=19.28MB mem-reservation=1.00MB thread-reservation=1
|  max-parallelism=10 segment-costs=[72192000]
|  10:SCAN HDFS [tpcds_partitioned_parquet_snap.customer, RANDOM]
|     HDFS partitions=1/1 files=1 size=1.55GB
|     runtime filters: RF027[min_max] -> c_current_hdemo_sk, RF023[min_max] -> c_current_cdemo_sk, RF013[min_max] -> c_current_addr_sk, RF019[min_max] -> c_first_shipto_date_sk, RF021[min_max] -> c_first_sales_date_sk
|     stored statistics:
|       table: rows=30.00M size=1.55GB
|       columns: all
|     extrapolated-rows=disabled max-scan-range-rows=3.10M
|     mem-estimate=16.00MB mem-reservation=1.00MB thread-reservation=0
|     tuple-ids=10 row-size=24B cardinality=30.00M cost=10368000
|     in pipelines: 10(GETNEXT)
|
84:EXCHANGE [HASH(ss_customer_sk)]
|  mem-estimate=12.90MB mem-reservation=0B thread-reservation=0
|  tuple-ids=1,0,20,6 row-size=132B cardinality=25.29M cost=20984990
|  in pipelines: 01(GETNEXT)
|
F04:PLAN FRAGMENT [HASH(sr_item_sk,sr_ticket_number)] hosts=10 instances=20 (adjusted from 120)
Per-Instance Resources: mem-estimate=27.84MB mem-reservation=0B thread-reservation=1
max-parallelism=30 segment-costs=[299440393]
23:HASH JOIN [INNER JOIN, PARTITIONED]
|  hash-table-id=34
|  hash predicates: sr_item_sk = ss_item_sk, sr_ticket_number = ss_ticket_number
|  fk/pk conjuncts: sr_item_sk = ss_item_sk, sr_ticket_number = ss_ticket_number
|  mem-estimate=0B mem-reservation=0B spill-buffer=2.00MB thread-reservation=0
|  tuple-ids=1,0,20,6 row-size=132B cardinality=25.29M cost=21190008
|  in pipelines: 01(GETNEXT), 00(OPEN)
|
|--F88:PLAN FRAGMENT [HASH(sr_item_sk,sr_ticket_number)] hosts=10 instances=20 (adjusted from 120)
|  |  Per-Instance Resources: mem-estimate=289.68MB mem-reservation=51.00MB thread-reservation=1 runtime-filters-memory=17.00MB
|  |  max-parallelism=30 segment-costs=[63285631] cpu-comparison-result=140 [max(140 (self) vs 25 (sum children))]
|  JOIN BUILD
|  |  join-table-id=34 plan-id=35 cohort-id=01
|  |  build expressions: ss_item_sk, ss_ticket_number
|  |  runtime filters: RF034[bloom] <- ss_item_sk, RF035[bloom] <- ss_ticket_number, RF036[min_max] <- ss_item_sk, RF037[min_max] <- ss_ticket_number
|  |  mem-estimate=247.19MB mem-reservation=34.00MB spill-buffer=2.00MB thread-reservation=0 cost=36417729
|  |
|  83:EXCHANGE [HASH(ss_item_sk,ss_ticket_number)]
|  |  mem-estimate=25.50MB mem-reservation=0B thread-reservation=0
|  |  tuple-ids=0,20,6 row-size=120B cardinality=36.42M cost=26867902
|  |  in pipelines: 00(GETNEXT)
|  |
|  F01:PLAN FRAGMENT [RANDOM] hosts=10 instances=120
|  Per-Host Shared Resources: mem-estimate=2.00MB mem-reservation=2.00MB thread-reservation=0 runtime-filters-memory=2.00MB
|  Per-Instance Resources: mem-estimate=26.33MB mem-reservation=8.00MB thread-reservation=1
|  max-parallelism=180 segment-costs=[1718820654]
|  22:HASH JOIN [INNER JOIN, BROADCAST]
|  |  hash-table-id=35
|  |  hash predicates: ss_sold_date_sk = d1.d_date_sk
|  |  fk/pk conjuncts: ss_sold_date_sk = d1.d_date_sk
|  |  mem-estimate=0B mem-reservation=0B spill-buffer=64.00KB thread-reservation=0
|  |  tuple-ids=0,20,6 row-size=120B cardinality=36.42M cost=15940039
|  |  in pipelines: 00(GETNEXT), 06(OPEN)
|  |
|  |--F89:PLAN FRAGMENT [RANDOM] hosts=10 instances=10
|  |  |  Per-Instance Resources: mem-estimate=24.27MB mem-reservation=24.25MB thread-reservation=1 runtime-filters-memory=1.00MB
|  |  |  max-parallelism=10 segment-costs=[863]
|  |  JOIN BUILD
|  |  |  join-table-id=35 plan-id=36 cohort-id=06
|  |  |  build expressions: d1.d_date_sk
|  |  |  runtime filters: RF038[bloom] <- d1.d_date_sk
|  |  |  mem-estimate=23.25MB mem-reservation=23.25MB spill-buffer=64.00KB thread-reservation=0 cost=373
|  |  |
|  |  81:EXCHANGE [BROADCAST]
|  |  |  mem-estimate=16.00KB mem-reservation=0B thread-reservation=0
|  |  |  tuple-ids=6 row-size=8B cardinality=373 cost=490
|  |  |  in pipelines: 06(GETNEXT)
|  |  |
|  |  F03:PLAN FRAGMENT [RANDOM] hosts=1 instances=1
|  |  Per-Instance Resources: mem-estimate=20.05MB mem-reservation=4.50MB thread-reservation=1
|  |  max-parallelism=1 segment-costs=[10483]
|  |  137:TUPLE CACHE
|  |  |  cache key: 7b1386755ea9bf5bc7f77efa229d8f45
|  |  |  input scan node ids: 6
|  |  |  estimated serialized size: 4.37KB
|  |  |  estimated serialized size per node: 4.37KB
|  |  |  cumulative processing cost: 10467
|  |  |  cache read processing cost: 49
|  |  |  cache write processing cost: 12
|  |  |  mem-estimate=4.00MB mem-reservation=4.00MB spill-buffer=2.00MB thread-reservation=0
|  |  |  tuple-ids=6 row-size=8B cardinality=373 cost=0
|  |  |  in pipelines: 06(GETNEXT)
|  |  |
|  |  06:SCAN HDFS [tpcds_partitioned_parquet_snap.date_dim d1, RANDOM]
|  |     HDFS partitions=1/1 files=1 size=2.17MB
|  |     deterministic scan range assignment: true
|  |     schedule scan ranges oldest to newest: true
|  |     predicates: d1.d_year = CAST(2000 AS INT)
|  |     stored statistics:
|  |       table: rows=73.05K size=2.17MB
|  |       columns: all
|  |     extrapolated-rows=disabled max-scan-range-rows=73.05K
|  |     parquet statistics predicates: d1.d_year = CAST(2000 AS INT)
|  |     parquet dictionary predicates: d1.d_year = CAST(2000 AS INT)
|  |     mem-estimate=16.00MB mem-reservation=512.00KB thread-reservation=0
|  |     tuple-ids=6 row-size=8B cardinality=373 cost=10467
|  |     in pipelines: 06(GETNEXT)
|  |
|  21:HASH JOIN [INNER JOIN, BROADCAST]
|  |  hash-table-id=36
|  |  hash predicates: ss_item_sk = i_item_sk
|  |  fk/pk conjuncts: ss_item_sk = i_item_sk
|  |  mem-estimate=0B mem-reservation=0B spill-buffer=64.00KB thread-reservation=0
|  |  tuple-ids=0,20 row-size=112B cardinality=36.42M(filtered from 178.09M) cost=41610262
|  |  in pipelines: 00(GETNEXT), 20(OPEN)
|  |
|  |--F90:PLAN FRAGMENT [RANDOM] hosts=10 instances=10
|  |  |  Per-Instance Resources: mem-estimate=24.93MB mem-reservation=24.25MB thread-reservation=1 runtime-filters-memory=1.00MB
|  |  |  max-parallelism=10 segment-costs=[17284]
|  |  JOIN BUILD
|  |  |  join-table-id=36 plan-id=37 cohort-id=06
|  |  |  build expressions: i_item_sk
|  |  |  runtime filters: RF040[bloom] <- i_item_sk, RF041[min_max] <- i_item_sk
|  |  |  mem-estimate=23.25MB mem-reservation=23.25MB spill-buffer=64.00KB thread-reservation=0 cost=7424
|  |  |
|  |  80:EXCHANGE [BROADCAST]
|  |  |  mem-estimate=693.62KB mem-reservation=0B thread-reservation=0
|  |  |  tuple-ids=20 row-size=60B cardinality=7.42K cost=9860
|  |  |  in pipelines: 20(GETNEXT)
|  |  |
|  |  F02:PLAN FRAGMENT [RANDOM] hosts=4 instances=4
|  |  Per-Instance Resources: mem-estimate=16.25MB mem-reservation=512.00KB thread-reservation=1
|  |  max-parallelism=4 segment-costs=[239776]
|  |  20:SCAN HDFS [tpcds_partitioned_parquet_snap.item, RANDOM]
|  |     HDFS partitions=1/1 files=1 size=33.54MB
|  |     predicates: i_color IN ('peach', 'misty', 'drab', 'chocolate', 'almond', 'saddle'), i_current_price <= CAST(85 AS DECIMAL(5,0)), i_current_price <= CAST(90 AS DECIMAL(5,0)), i_current_price >= CAST(75 AS DECIMAL(3,0)), i_current_price >= CAST(76 AS DECIMAL(5,0))
|  |     runtime filters: RF003[min_max] -> tpcds_partitioned_parquet_snap.item.i_item_sk, RF007[min_max] -> tpcds_partitioned_parquet_snap.item.i_item_sk
|  |     stored statistics:
|  |       table: rows=360.00K size=33.54MB
|  |       columns: all
|  |     extrapolated-rows=disabled max-scan-range-rows=101.54K
|  |     parquet statistics predicates: i_color IN ('peach', 'misty', 'drab', 'chocolate', 'almond', 'saddle'), i_current_price <= CAST(85 AS DECIMAL(5,0)), i_current_price <= CAST(90 AS DECIMAL(5,0)), i_current_price >= CAST(75 AS DECIMAL(3,0)), i_current_price >= CAST(76 AS DECIMAL(5,0))
|  |     parquet dictionary predicates: i_color IN ('peach', 'misty', 'drab', 'chocolate', 'almond', 'saddle'), i_current_price <= CAST(85 AS DECIMAL(5,0)), i_current_price <= CAST(90 AS DECIMAL(5,0)), i_current_price >= CAST(75 AS DECIMAL(3,0)), i_current_price >= CAST(76 AS DECIMAL(5,0))
|  |     mem-estimate=16.00MB mem-reservation=512.00KB thread-reservation=0
|  |     tuple-ids=20 row-size=60B cardinality=7.42K cost=238409
|  |     in pipelines: 20(GETNEXT)
|  |
|  00:SCAN HDFS [tpcds_partitioned_parquet_snap.store_sales, RANDOM]
|     HDFS partitions=1824/1824 files=1824 size=389.90GB
|     runtime filters: RF041[min_max] -> ss_item_sk, RF033[min_max] -> ss_customer_sk, RF031[min_max] -> ss_addr_sk, RF029[min_max] -> ss_hdemo_sk, RF025[min_max] -> ss_cdemo_sk, RF003[min_max] -> tpcds_partitioned_parquet_snap.store_sales.ss_item_sk, RF015[min_max] -> ss_promo_sk, RF017[min_max] -> ss_store_sk, RF007[min_max] -> ss_item_sk, RF040[bloom] -> ss_item_sk, RF038[bloom] -> ss_sold_date_sk
|     stored statistics:
|       table: rows=8.64G size=389.90GB
|       partitions: 1824/1824 rows=8.64G
|       columns: all
|     extrapolated-rows=disabled max-scan-range-rows=390.22M est-scan-range=374(filtered from 1824)
|     mem-estimate=16.00MB mem-reservation=8.00MB thread-reservation=0
|     tuple-ids=0 row-size=52B cardinality=36.42M(filtered from 8.64G) cost=1323001445
|     in pipelines: 00(GETNEXT)
|
82:EXCHANGE [HASH(sr_item_sk,sr_ticket_number)]
|  mem-estimate=10.47MB mem-reservation=0B thread-reservation=0
|  tuple-ids=1 row-size=12B cardinality=64.75M(filtered from 863.99M) cost=10767316
|  in pipelines: 01(GETNEXT)
|
F00:PLAN FRAGMENT [RANDOM] hosts=10 instances=30 (adjusted from 120)
Per-Host Shared Resources: mem-estimate=17.00MB mem-reservation=17.00MB thread-reservation=0 runtime-filters-memory=17.00MB
Per-Instance Resources: mem-estimate=17.25MB mem-reservation=512.00KB thread-reservation=1
max-parallelism=30 segment-costs=[232690522]
01:SCAN HDFS [tpcds_partitioned_parquet_snap.store_returns, RANDOM]
   HDFS partitions=2004/2004 files=2004 size=48.14GB
   runtime filters: RF036[min_max] -> sr_item_sk, RF037[min_max] -> sr_ticket_number, RF003[min_max] -> tpcds_partitioned_parquet_snap.store_returns.sr_item_sk, RF007[min_max] -> tpcds_partitioned_parquet_snap.store_returns.sr_item_sk, RF034[bloom] -> sr_item_sk, RF035[bloom] -> sr_ticket_number
   stored statistics:
     table: rows=863.99M size=48.14GB
     partitions: 2004/2004 rows=863.99M
     columns: all
   extrapolated-rows=disabled max-scan-range-rows=30.09M
   mem-estimate=16.00MB mem-reservation=512.00KB thread-reservation=0
   tuple-ids=1 row-size=12B cardinality=64.75M(filtered from 863.99M) cost=149297235
   in pipelines: 01(GETNEXT)
====
