# TPCDS-Q98
# start query 98 in stream 0 using template query98.tpl using seed 1493858481
select i_item_id
      ,i_item_desc
      ,i_category
      ,i_class
      ,i_current_price
      ,sum(ss_ext_sales_price) as itemrevenue
      ,sum(ss_ext_sales_price)*100/sum(sum(ss_ext_sales_price)) over
          (partition by i_class) as revenueratio
from
	store_sales
    	,item
    	,date_dim
where
	ss_item_sk = i_item_sk
  	and i_category in ('Jewelry', 'Home', 'Shoes')
  	and ss_sold_date_sk = d_date_sk
	and d_date between cast('2001-04-12' as date)
				and (cast('2001-04-12' as date) + interval 30 days)
group by
	i_item_id
        ,i_item_desc
        ,i_category
        ,i_class
        ,i_current_price
order by
	i_category
        ,i_class
        ,i_item_id
        ,i_item_desc
        ,revenueratio;

# end query 98 in stream 0 using template query98.tpl
---- PLAN
Max Per-Host Resource Reservation: Memory=87.94MB Threads=1
Per-Host Resource Estimates: Memory=1.08GB
F00:PLAN FRAGMENT [UNPARTITIONED] hosts=1 instances=1
|  Per-Instance Resources: mem-estimate=1.08GB mem-reservation=87.94MB thread-reservation=1 runtime-filters-memory=2.00MB
|  max-parallelism=1 segment-costs=[198269289, 3251818, 3862378, 2520000]
PLAN-ROOT SINK
|  output exprs: i_item_id, i_item_desc, i_category, i_class, i_current_price, sum(ss_ext_sales_price), sum(ss_ext_sales_price) * CAST(100 AS DECIMAL(3,0)) / sum(sum(ss_ext_sales_price))
|  mem-estimate=73.57MB mem-reservation=4.00MB spill-buffer=2.00MB thread-reservation=0 cost=2520000
|
08:SORT
|  order by: i_category ASC, i_class ASC, i_item_id ASC, i_item_desc ASC, sum(ss_ext_sales_price) * 100 / sum(sum(ss_ext_sales_price)) ASC
|  mem-estimate=73.57MB mem-reservation=12.00MB spill-buffer=2.00MB thread-reservation=0
|  tuple-ids=5 row-size=214B cardinality=360.00K cost=3502378
|  in pipelines: 08(GETNEXT), 06(OPEN)
|
07:ANALYTIC
|  functions: sum(sum(ss_ext_sales_price))
|  partition by: i_class
|  mem-estimate=4.00MB mem-reservation=4.00MB spill-buffer=2.00MB thread-reservation=0
|  tuple-ids=10,9 row-size=214B cardinality=360.00K cost=360000
|  in pipelines: 06(GETNEXT)
|
06:SORT
|  order by: i_class ASC NULLS LAST
|  mem-estimate=68.08MB mem-reservation=12.00MB spill-buffer=2.00MB thread-reservation=0
|  tuple-ids=10 row-size=198B cardinality=360.00K cost=3251818
|  in pipelines: 06(GETNEXT), 05(OPEN)
|
11:TUPLE CACHE
|  cache key: 7e46507fe66a132aa72555164c63e37f
|  input scan node ids: 0,2,1
|  estimated serialized size: 69.45MB
|  estimated serialized size per node: 6.95MB
|  cumulative processing cost: 198269289
|  cache read processing cost: 47844
|  cache write processing cost: 196628
|  mem-estimate=4.00MB mem-reservation=4.00MB spill-buffer=2.00MB thread-reservation=0
|  tuple-ids=3 row-size=198B cardinality=360.00K cost=0
|  in pipelines: 05(GETNEXT)
|
05:AGGREGATE [FINALIZE]
|  output: sum(ss_ext_sales_price)
|  group by: i_item_id, i_item_desc, i_category, i_class, i_current_price
|  mem-estimate=1.01GB mem-reservation=34.00MB spill-buffer=2.00MB thread-reservation=0
|  tuple-ids=3 row-size=198B cardinality=360.00K cost=62132277
|  in pipelines: 05(GETNEXT), 00(OPEN)
|
04:HASH JOIN [INNER JOIN]
|  hash predicates: ss_item_sk = i_item_sk
|  fk/pk conjuncts: ss_item_sk = i_item_sk
|  runtime filters: RF000[bloom] <- i_item_sk, RF001[min_max] <- i_item_sk
|  mem-estimate=34.00MB mem-reservation=34.00MB spill-buffer=2.00MB thread-reservation=0
|  tuple-ids=0,2,1 row-size=206B cardinality=44.03M cost=45751005
|  in pipelines: 00(GETNEXT), 01(OPEN)
|
|--10:TUPLE CACHE
|  |  cache key: 77ae728d7676d53b098dc4cdd944a094
|  |  input scan node ids: 1
|  |  estimated serialized size: 19.60MB
|  |  estimated serialized size per node: 4.90MB
|  |  cumulative processing cost: 727024
|  |  cache read processing cost: 14353
|  |  cache write processing cost: 55489
|  |  mem-estimate=4.00MB mem-reservation=4.00MB spill-buffer=2.00MB thread-reservation=0
|  |  tuple-ids=1 row-size=186B cardinality=108.00K cost=0
|  |  in pipelines: 01(GETNEXT)
|  |
|  01:SCAN HDFS [tpcds_partitioned_parquet_snap.item]
|     HDFS partitions=1/1 files=1 size=33.54MB
|     deterministic scan range assignment: true
|     schedule scan ranges oldest to newest: true
|     predicates: i_category IN ('Jewelry', 'Home', 'Shoes')
|     stored statistics:
|       table: rows=360.00K size=33.54MB
|       columns: all
|     extrapolated-rows=disabled max-scan-range-rows=101.54K
|     parquet statistics predicates: i_category IN ('Jewelry', 'Home', 'Shoes')
|     parquet dictionary predicates: i_category IN ('Jewelry', 'Home', 'Shoes')
|     mem-estimate=16.00MB mem-reservation=512.00KB thread-reservation=0
|     tuple-ids=1 row-size=186B cardinality=108.00K cost=727024
|     in pipelines: 01(GETNEXT)
|
03:HASH JOIN [INNER JOIN]
|  hash predicates: ss_sold_date_sk = d_date_sk
|  fk/pk conjuncts: ss_sold_date_sk = d_date_sk
|  runtime filters: RF002[bloom] <- d_date_sk
|  mem-estimate=1.94MB mem-reservation=1.94MB spill-buffer=64.00KB thread-reservation=0
|  tuple-ids=0,2 row-size=20B cardinality=146.84M cost=64272338
|  in pipelines: 00(GETNEXT), 02(OPEN)
|
|--09:TUPLE CACHE
|  |  cache key: 26cef64064e10aa4371717089110591e
|  |  input scan node ids: 2
|  |  estimated serialized size: 372B
|  |  estimated serialized size per node: 372B
|  |  cumulative processing cost: 12520
|  |  cache read processing cost: 4
|  |  cache write processing cost: 1
|  |  mem-estimate=4.00MB mem-reservation=4.00MB spill-buffer=2.00MB thread-reservation=0
|  |  tuple-ids=2 row-size=8B cardinality=31 cost=0
|  |  in pipelines: 02(GETNEXT)
|  |
|  02:SCAN HDFS [tpcds_partitioned_parquet_snap.date_dim]
|     HDFS partitions=1/1 files=1 size=2.17MB
|     deterministic scan range assignment: true
|     schedule scan ranges oldest to newest: true
|     predicates: d_date <= DATE '2001-05-12', d_date >= DATE '2001-04-12'
|     stored statistics:
|       table: rows=73.05K size=2.17MB
|       columns: all
|     extrapolated-rows=disabled max-scan-range-rows=73.05K
|     parquet statistics predicates: d_date <= DATE '2001-05-12', d_date >= DATE '2001-04-12'
|     parquet dictionary predicates: d_date <= DATE '2001-05-12', d_date >= DATE '2001-04-12'
|     mem-estimate=16.00MB mem-reservation=1.00MB thread-reservation=0
|     tuple-ids=2 row-size=8B cardinality=31 cost=12520
|     in pipelines: 02(GETNEXT)
|
00:SCAN HDFS [tpcds_partitioned_parquet_snap.store_sales]
   HDFS partitions=1824/1824 files=1824 size=389.90GB
   deterministic scan range assignment: true
   schedule scan ranges oldest to newest: true
   runtime filters: RF001[min_max] -> ss_item_sk, RF000[bloom] -> ss_item_sk, RF002[bloom] -> ss_sold_date_sk
   stored statistics:
     table: rows=8.64G size=389.90GB
     partitions: 1824/1824 rows=8.64G
     columns: all
   extrapolated-rows=disabled max-scan-range-rows=390.22M est-scan-range=32(filtered from 1824)
   mem-estimate=16.00MB mem-reservation=8.00MB thread-reservation=0
   tuple-ids=0 row-size=12B cardinality=146.84M(filtered from 8.64G) cost=25374125
   in pipelines: 00(GETNEXT)
---- DISTRIBUTEDPLAN
Max Per-Host Resource Reservation: Memory=391.25MB Threads=11
Per-Host Resource Estimates: Memory=1.72GB
F05:PLAN FRAGMENT [UNPARTITIONED] hosts=1 instances=1
|  Per-Instance Resources: mem-estimate=83.06MB mem-reservation=4.00MB thread-reservation=1
|  max-parallelism=1 segment-costs=[2765334] cpu-comparison-result=32 [max(1 (self) vs 32 (sum children))]
PLAN-ROOT SINK
|  output exprs: i_item_id, i_item_desc, i_category, i_class, i_current_price, sum(ss_ext_sales_price), sum(ss_ext_sales_price) * CAST(100 AS DECIMAL(3,0)) / sum(sum(ss_ext_sales_price))
|  mem-estimate=73.57MB mem-reservation=4.00MB spill-buffer=2.00MB thread-reservation=0 cost=2520000
|
14:MERGING-EXCHANGE [UNPARTITIONED]
|  order by: i_category ASC, i_class ASC, i_item_id ASC, i_item_desc ASC, sum(ss_ext_sales_price) * 100 / sum(sum(ss_ext_sales_price)) ASC
|  mem-estimate=9.49MB mem-reservation=0B thread-reservation=0
|  tuple-ids=5 row-size=214B cardinality=360.00K cost=245334
|  in pipelines: 08(GETNEXT)
|
F04:PLAN FRAGMENT [HASH(i_class)] hosts=10 instances=10 (adjusted from 120)
Per-Instance Resources: mem-estimate=28.00MB mem-reservation=28.00MB thread-reservation=1
max-parallelism=10 segment-costs=[3620186, 3862378, 2134355] cpu-comparison-result=32 [max(10 (self) vs 32 (sum children))]
08:SORT
|  order by: i_category ASC, i_class ASC, i_item_id ASC, i_item_desc ASC, sum(ss_ext_sales_price) * 100 / sum(sum(ss_ext_sales_price)) ASC
|  mem-estimate=12.00MB mem-reservation=12.00MB spill-buffer=2.00MB thread-reservation=0
|  tuple-ids=5 row-size=214B cardinality=360.00K cost=3502378
|  in pipelines: 08(GETNEXT), 06(OPEN)
|
07:ANALYTIC
|  functions: sum(sum(ss_ext_sales_price))
|  partition by: i_class
|  mem-estimate=4.00MB mem-reservation=4.00MB spill-buffer=2.00MB thread-reservation=0
|  tuple-ids=10,9 row-size=214B cardinality=360.00K cost=360000
|  in pipelines: 06(GETNEXT)
|
06:SORT
|  order by: i_class ASC NULLS LAST
|  mem-estimate=12.00MB mem-reservation=12.00MB spill-buffer=2.00MB thread-reservation=0
|  tuple-ids=10 row-size=198B cardinality=360.00K cost=3251818
|  in pipelines: 06(GETNEXT), 12(OPEN)
|
13:EXCHANGE [HASH(i_class)]
|  mem-estimate=8.78MB mem-reservation=0B thread-reservation=0
|  tuple-ids=3 row-size=198B cardinality=360.00K cost=368368
|  in pipelines: 12(GETNEXT)
|
F03:PLAN FRAGMENT [HASH(i_item_id,i_item_desc,i_category,i_class,i_current_price)] hosts=10 instances=10 (adjusted from 120)
Per-Instance Resources: mem-estimate=530.93MB mem-reservation=34.00MB thread-reservation=1
max-parallelism=10 segment-costs=[67821462, 4782688] cpu-comparison-result=32 [max(10 (self) vs 32 (sum children))]
12:AGGREGATE [FINALIZE]
|  output: sum:merge(ss_ext_sales_price)
|  group by: i_item_id, i_item_desc, i_category, i_class, i_current_price
|  mem-estimate=514.61MB mem-reservation=34.00MB spill-buffer=2.00MB thread-reservation=0
|  tuple-ids=3 row-size=198B cardinality=360.00K cost=39569435
|  in pipelines: 12(GETNEXT), 00(OPEN)
|
11:EXCHANGE [HASH(i_item_id,i_item_desc,i_category,i_class,i_current_price)]
|  mem-estimate=16.32MB mem-reservation=0B thread-reservation=0
|  tuple-ids=3 row-size=198B cardinality=27.61M cost=28252027
|  in pipelines: 00(GETNEXT)
|
F00:PLAN FRAGMENT [RANDOM] hosts=10 instances=32 (adjusted from 120)
Per-Host Shared Resources: mem-estimate=2.00MB mem-reservation=2.00MB thread-reservation=0 runtime-filters-memory=2.00MB
Per-Instance Resources: mem-estimate=230.86MB mem-reservation=42.00MB thread-reservation=1
max-parallelism=32 segment-costs=[320824245, 366808260] cpu-comparison-result=32 [max(32 (self) vs 25 (sum children))]
05:AGGREGATE [STREAMING]
|  output: sum(ss_ext_sales_price)
|  group by: i_item_id, i_item_desc, i_category, i_class, i_current_price
|  mem-estimate=206.96MB mem-reservation=34.00MB spill-buffer=2.00MB thread-reservation=0
|  tuple-ids=3 row-size=198B cardinality=27.61M cost=185534808
|  in pipelines: 00(GETNEXT)
|
04:HASH JOIN [INNER JOIN, BROADCAST]
|  hash-table-id=00
|  hash predicates: ss_item_sk = i_item_sk
|  fk/pk conjuncts: ss_item_sk = i_item_sk
|  mem-estimate=0B mem-reservation=0B spill-buffer=2.00MB thread-reservation=0
|  tuple-ids=0,2,1 row-size=206B cardinality=44.03M cost=45643005
|  in pipelines: 00(GETNEXT), 01(OPEN)
|
|--F06:PLAN FRAGMENT [RANDOM] hosts=10 instances=10
|  |  Per-Instance Resources: mem-estimate=147.74MB mem-reservation=137.00MB thread-reservation=1 runtime-filters-memory=1.00MB
|  |  max-parallelism=10 segment-costs=[251530]
|  JOIN BUILD
|  |  join-table-id=00 plan-id=01 cohort-id=01
|  |  build expressions: i_item_sk
|  |  runtime filters: RF000[bloom] <- i_item_sk, RF001[min_max] <- i_item_sk
|  |  mem-estimate=136.00MB mem-reservation=136.00MB spill-buffer=2.00MB thread-reservation=0 cost=108000
|  |
|  10:EXCHANGE [BROADCAST]
|  |  mem-estimate=10.74MB mem-reservation=0B thread-reservation=0
|  |  tuple-ids=1 row-size=186B cardinality=108.00K cost=143530
|  |  in pipelines: 01(GETNEXT)
|  |
|  F02:PLAN FRAGMENT [RANDOM] hosts=4 instances=4
|  Per-Instance Resources: mem-estimate=20.74MB mem-reservation=4.50MB thread-reservation=1
|  max-parallelism=4 segment-costs=[783679]
|  16:TUPLE CACHE
|  |  cache key: 77ae728d7676d53b098dc4cdd944a094
|  |  input scan node ids: 1
|  |  estimated serialized size: 19.60MB
|  |  estimated serialized size per node: 4.90MB
|  |  cumulative processing cost: 727024
|  |  cache read processing cost: 14353
|  |  cache write processing cost: 55489
|  |  mem-estimate=4.00MB mem-reservation=4.00MB spill-buffer=2.00MB thread-reservation=0
|  |  tuple-ids=1 row-size=186B cardinality=108.00K cost=0
|  |  in pipelines: 01(GETNEXT)
|  |
|  01:SCAN HDFS [tpcds_partitioned_parquet_snap.item, RANDOM]
|     HDFS partitions=1/1 files=1 size=33.54MB
|     deterministic scan range assignment: true
|     schedule scan ranges oldest to newest: true
|     predicates: i_category IN ('Jewelry', 'Home', 'Shoes')
|     stored statistics:
|       table: rows=360.00K size=33.54MB
|       columns: all
|     extrapolated-rows=disabled max-scan-range-rows=101.54K
|     parquet statistics predicates: i_category IN ('Jewelry', 'Home', 'Shoes')
|     parquet dictionary predicates: i_category IN ('Jewelry', 'Home', 'Shoes')
|     mem-estimate=16.00MB mem-reservation=512.00KB thread-reservation=0
|     tuple-ids=1 row-size=186B cardinality=108.00K cost=727024
|     in pipelines: 01(GETNEXT)
|
03:HASH JOIN [INNER JOIN, BROADCAST]
|  hash-table-id=01
|  hash predicates: ss_sold_date_sk = d_date_sk
|  fk/pk conjuncts: ss_sold_date_sk = d_date_sk
|  mem-estimate=0B mem-reservation=0B spill-buffer=64.00KB thread-reservation=0
|  tuple-ids=0,2 row-size=20B cardinality=146.84M cost=64272307
|  in pipelines: 00(GETNEXT), 02(OPEN)
|
|--F07:PLAN FRAGMENT [RANDOM] hosts=10 instances=10
|  |  Per-Instance Resources: mem-estimate=8.77MB mem-reservation=8.75MB thread-reservation=1 runtime-filters-memory=1.00MB
|  |  max-parallelism=10 segment-costs=[71]
|  JOIN BUILD
|  |  join-table-id=01 plan-id=02 cohort-id=01
|  |  build expressions: d_date_sk
|  |  runtime filters: RF002[bloom] <- d_date_sk
|  |  mem-estimate=7.75MB mem-reservation=7.75MB spill-buffer=64.00KB thread-reservation=0 cost=31
|  |
|  09:EXCHANGE [BROADCAST]
|  |  mem-estimate=16.00KB mem-reservation=0B thread-reservation=0
|  |  tuple-ids=2 row-size=8B cardinality=31 cost=40
|  |  in pipelines: 02(GETNEXT)
|  |
|  F01:PLAN FRAGMENT [RANDOM] hosts=1 instances=1
|  Per-Instance Resources: mem-estimate=20.05MB mem-reservation=5.00MB thread-reservation=1
|  max-parallelism=1 segment-costs=[12521]
|  15:TUPLE CACHE
|  |  cache key: 26cef64064e10aa4371717089110591e
|  |  input scan node ids: 2
|  |  estimated serialized size: 372B
|  |  estimated serialized size per node: 372B
|  |  cumulative processing cost: 12520
|  |  cache read processing cost: 4
|  |  cache write processing cost: 1
|  |  mem-estimate=4.00MB mem-reservation=4.00MB spill-buffer=2.00MB thread-reservation=0
|  |  tuple-ids=2 row-size=8B cardinality=31 cost=0
|  |  in pipelines: 02(GETNEXT)
|  |
|  02:SCAN HDFS [tpcds_partitioned_parquet_snap.date_dim, RANDOM]
|     HDFS partitions=1/1 files=1 size=2.17MB
|     deterministic scan range assignment: true
|     schedule scan ranges oldest to newest: true
|     predicates: d_date <= DATE '2001-05-12', d_date >= DATE '2001-04-12'
|     stored statistics:
|       table: rows=73.05K size=2.17MB
|       columns: all
|     extrapolated-rows=disabled max-scan-range-rows=73.05K
|     parquet statistics predicates: d_date <= DATE '2001-05-12', d_date >= DATE '2001-04-12'
|     parquet dictionary predicates: d_date <= DATE '2001-05-12', d_date >= DATE '2001-04-12'
|     mem-estimate=16.00MB mem-reservation=1.00MB thread-reservation=0
|     tuple-ids=2 row-size=8B cardinality=31 cost=12520
|     in pipelines: 02(GETNEXT)
|
00:SCAN HDFS [tpcds_partitioned_parquet_snap.store_sales, RANDOM]
   HDFS partitions=1824/1824 files=1824 size=389.90GB
   runtime filters: RF001[min_max] -> ss_item_sk, RF000[bloom] -> ss_item_sk, RF002[bloom] -> ss_sold_date_sk
   stored statistics:
     table: rows=8.64G size=389.90GB
     partitions: 1824/1824 rows=8.64G
     columns: all
   extrapolated-rows=disabled max-scan-range-rows=390.22M est-scan-range=32(filtered from 1824)
   mem-estimate=16.00MB mem-reservation=8.00MB thread-reservation=0
   tuple-ids=0 row-size=12B cardinality=146.84M(filtered from 8.64G) cost=25374125
   in pipelines: 00(GETNEXT)
---- PARALLELPLANS
Max Per-Host Resource Reservation: Memory=391.25MB Threads=11
Per-Host Resource Estimates: Memory=1.72GB
F05:PLAN FRAGMENT [UNPARTITIONED] hosts=1 instances=1
|  Per-Instance Resources: mem-estimate=83.06MB mem-reservation=4.00MB thread-reservation=1
|  max-parallelism=1 segment-costs=[2765334] cpu-comparison-result=32 [max(1 (self) vs 32 (sum children))]
PLAN-ROOT SINK
|  output exprs: i_item_id, i_item_desc, i_category, i_class, i_current_price, sum(ss_ext_sales_price), sum(ss_ext_sales_price) * CAST(100 AS DECIMAL(3,0)) / sum(sum(ss_ext_sales_price))
|  mem-estimate=73.57MB mem-reservation=4.00MB spill-buffer=2.00MB thread-reservation=0 cost=2520000
|
14:MERGING-EXCHANGE [UNPARTITIONED]
|  order by: i_category ASC, i_class ASC, i_item_id ASC, i_item_desc ASC, sum(ss_ext_sales_price) * 100 / sum(sum(ss_ext_sales_price)) ASC
|  mem-estimate=9.49MB mem-reservation=0B thread-reservation=0
|  tuple-ids=5 row-size=214B cardinality=360.00K cost=245334
|  in pipelines: 08(GETNEXT)
|
F04:PLAN FRAGMENT [HASH(i_class)] hosts=10 instances=10 (adjusted from 120)
Per-Instance Resources: mem-estimate=28.00MB mem-reservation=28.00MB thread-reservation=1
max-parallelism=10 segment-costs=[3620186, 3862378, 2134355] cpu-comparison-result=32 [max(10 (self) vs 32 (sum children))]
08:SORT
|  order by: i_category ASC, i_class ASC, i_item_id ASC, i_item_desc ASC, sum(ss_ext_sales_price) * 100 / sum(sum(ss_ext_sales_price)) ASC
|  mem-estimate=12.00MB mem-reservation=12.00MB spill-buffer=2.00MB thread-reservation=0
|  tuple-ids=5 row-size=214B cardinality=360.00K cost=3502378
|  in pipelines: 08(GETNEXT), 06(OPEN)
|
07:ANALYTIC
|  functions: sum(sum(ss_ext_sales_price))
|  partition by: i_class
|  mem-estimate=4.00MB mem-reservation=4.00MB spill-buffer=2.00MB thread-reservation=0
|  tuple-ids=10,9 row-size=214B cardinality=360.00K cost=360000
|  in pipelines: 06(GETNEXT)
|
06:SORT
|  order by: i_class ASC NULLS LAST
|  mem-estimate=12.00MB mem-reservation=12.00MB spill-buffer=2.00MB thread-reservation=0
|  tuple-ids=10 row-size=198B cardinality=360.00K cost=3251818
|  in pipelines: 06(GETNEXT), 12(OPEN)
|
13:EXCHANGE [HASH(i_class)]
|  mem-estimate=8.78MB mem-reservation=0B thread-reservation=0
|  tuple-ids=3 row-size=198B cardinality=360.00K cost=368368
|  in pipelines: 12(GETNEXT)
|
F03:PLAN FRAGMENT [HASH(i_item_id,i_item_desc,i_category,i_class,i_current_price)] hosts=10 instances=10 (adjusted from 120)
Per-Instance Resources: mem-estimate=530.93MB mem-reservation=34.00MB thread-reservation=1
max-parallelism=10 segment-costs=[67821462, 4782688] cpu-comparison-result=32 [max(10 (self) vs 32 (sum children))]
12:AGGREGATE [FINALIZE]
|  output: sum:merge(ss_ext_sales_price)
|  group by: i_item_id, i_item_desc, i_category, i_class, i_current_price
|  mem-estimate=514.61MB mem-reservation=34.00MB spill-buffer=2.00MB thread-reservation=0
|  tuple-ids=3 row-size=198B cardinality=360.00K cost=39569435
|  in pipelines: 12(GETNEXT), 00(OPEN)
|
11:EXCHANGE [HASH(i_item_id,i_item_desc,i_category,i_class,i_current_price)]
|  mem-estimate=16.32MB mem-reservation=0B thread-reservation=0
|  tuple-ids=3 row-size=198B cardinality=27.61M cost=28252027
|  in pipelines: 00(GETNEXT)
|
F00:PLAN FRAGMENT [RANDOM] hosts=10 instances=32 (adjusted from 120)
Per-Host Shared Resources: mem-estimate=2.00MB mem-reservation=2.00MB thread-reservation=0 runtime-filters-memory=2.00MB
Per-Instance Resources: mem-estimate=230.86MB mem-reservation=42.00MB thread-reservation=1
max-parallelism=32 segment-costs=[320824245, 366808260] cpu-comparison-result=32 [max(32 (self) vs 25 (sum children))]
05:AGGREGATE [STREAMING]
|  output: sum(ss_ext_sales_price)
|  group by: i_item_id, i_item_desc, i_category, i_class, i_current_price
|  mem-estimate=206.96MB mem-reservation=34.00MB spill-buffer=2.00MB thread-reservation=0
|  tuple-ids=3 row-size=198B cardinality=27.61M cost=185534808
|  in pipelines: 00(GETNEXT)
|
04:HASH JOIN [INNER JOIN, BROADCAST]
|  hash-table-id=00
|  hash predicates: ss_item_sk = i_item_sk
|  fk/pk conjuncts: ss_item_sk = i_item_sk
|  mem-estimate=0B mem-reservation=0B spill-buffer=2.00MB thread-reservation=0
|  tuple-ids=0,2,1 row-size=206B cardinality=44.03M cost=45643005
|  in pipelines: 00(GETNEXT), 01(OPEN)
|
|--F06:PLAN FRAGMENT [RANDOM] hosts=10 instances=10
|  |  Per-Instance Resources: mem-estimate=147.74MB mem-reservation=137.00MB thread-reservation=1 runtime-filters-memory=1.00MB
|  |  max-parallelism=10 segment-costs=[251530]
|  JOIN BUILD
|  |  join-table-id=00 plan-id=01 cohort-id=01
|  |  build expressions: i_item_sk
|  |  runtime filters: RF000[bloom] <- i_item_sk, RF001[min_max] <- i_item_sk
|  |  mem-estimate=136.00MB mem-reservation=136.00MB spill-buffer=2.00MB thread-reservation=0 cost=108000
|  |
|  10:EXCHANGE [BROADCAST]
|  |  mem-estimate=10.74MB mem-reservation=0B thread-reservation=0
|  |  tuple-ids=1 row-size=186B cardinality=108.00K cost=143530
|  |  in pipelines: 01(GETNEXT)
|  |
|  F02:PLAN FRAGMENT [RANDOM] hosts=4 instances=4
|  Per-Instance Resources: mem-estimate=20.74MB mem-reservation=4.50MB thread-reservation=1
|  max-parallelism=4 segment-costs=[783679]
|  16:TUPLE CACHE
|  |  cache key: 77ae728d7676d53b098dc4cdd944a094
|  |  input scan node ids: 1
|  |  estimated serialized size: 19.60MB
|  |  estimated serialized size per node: 4.90MB
|  |  cumulative processing cost: 727024
|  |  cache read processing cost: 14353
|  |  cache write processing cost: 55489
|  |  mem-estimate=4.00MB mem-reservation=4.00MB spill-buffer=2.00MB thread-reservation=0
|  |  tuple-ids=1 row-size=186B cardinality=108.00K cost=0
|  |  in pipelines: 01(GETNEXT)
|  |
|  01:SCAN HDFS [tpcds_partitioned_parquet_snap.item, RANDOM]
|     HDFS partitions=1/1 files=1 size=33.54MB
|     deterministic scan range assignment: true
|     schedule scan ranges oldest to newest: true
|     predicates: i_category IN ('Jewelry', 'Home', 'Shoes')
|     stored statistics:
|       table: rows=360.00K size=33.54MB
|       columns: all
|     extrapolated-rows=disabled max-scan-range-rows=101.54K
|     parquet statistics predicates: i_category IN ('Jewelry', 'Home', 'Shoes')
|     parquet dictionary predicates: i_category IN ('Jewelry', 'Home', 'Shoes')
|     mem-estimate=16.00MB mem-reservation=512.00KB thread-reservation=0
|     tuple-ids=1 row-size=186B cardinality=108.00K cost=727024
|     in pipelines: 01(GETNEXT)
|
03:HASH JOIN [INNER JOIN, BROADCAST]
|  hash-table-id=01
|  hash predicates: ss_sold_date_sk = d_date_sk
|  fk/pk conjuncts: ss_sold_date_sk = d_date_sk
|  mem-estimate=0B mem-reservation=0B spill-buffer=64.00KB thread-reservation=0
|  tuple-ids=0,2 row-size=20B cardinality=146.84M cost=64272307
|  in pipelines: 00(GETNEXT), 02(OPEN)
|
|--F07:PLAN FRAGMENT [RANDOM] hosts=10 instances=10
|  |  Per-Instance Resources: mem-estimate=8.77MB mem-reservation=8.75MB thread-reservation=1 runtime-filters-memory=1.00MB
|  |  max-parallelism=10 segment-costs=[71]
|  JOIN BUILD
|  |  join-table-id=01 plan-id=02 cohort-id=01
|  |  build expressions: d_date_sk
|  |  runtime filters: RF002[bloom] <- d_date_sk
|  |  mem-estimate=7.75MB mem-reservation=7.75MB spill-buffer=64.00KB thread-reservation=0 cost=31
|  |
|  09:EXCHANGE [BROADCAST]
|  |  mem-estimate=16.00KB mem-reservation=0B thread-reservation=0
|  |  tuple-ids=2 row-size=8B cardinality=31 cost=40
|  |  in pipelines: 02(GETNEXT)
|  |
|  F01:PLAN FRAGMENT [RANDOM] hosts=1 instances=1
|  Per-Instance Resources: mem-estimate=20.05MB mem-reservation=5.00MB thread-reservation=1
|  max-parallelism=1 segment-costs=[12521]
|  15:TUPLE CACHE
|  |  cache key: 26cef64064e10aa4371717089110591e
|  |  input scan node ids: 2
|  |  estimated serialized size: 372B
|  |  estimated serialized size per node: 372B
|  |  cumulative processing cost: 12520
|  |  cache read processing cost: 4
|  |  cache write processing cost: 1
|  |  mem-estimate=4.00MB mem-reservation=4.00MB spill-buffer=2.00MB thread-reservation=0
|  |  tuple-ids=2 row-size=8B cardinality=31 cost=0
|  |  in pipelines: 02(GETNEXT)
|  |
|  02:SCAN HDFS [tpcds_partitioned_parquet_snap.date_dim, RANDOM]
|     HDFS partitions=1/1 files=1 size=2.17MB
|     deterministic scan range assignment: true
|     schedule scan ranges oldest to newest: true
|     predicates: d_date <= DATE '2001-05-12', d_date >= DATE '2001-04-12'
|     stored statistics:
|       table: rows=73.05K size=2.17MB
|       columns: all
|     extrapolated-rows=disabled max-scan-range-rows=73.05K
|     parquet statistics predicates: d_date <= DATE '2001-05-12', d_date >= DATE '2001-04-12'
|     parquet dictionary predicates: d_date <= DATE '2001-05-12', d_date >= DATE '2001-04-12'
|     mem-estimate=16.00MB mem-reservation=1.00MB thread-reservation=0
|     tuple-ids=2 row-size=8B cardinality=31 cost=12520
|     in pipelines: 02(GETNEXT)
|
00:SCAN HDFS [tpcds_partitioned_parquet_snap.store_sales, RANDOM]
   HDFS partitions=1824/1824 files=1824 size=389.90GB
   runtime filters: RF001[min_max] -> ss_item_sk, RF000[bloom] -> ss_item_sk, RF002[bloom] -> ss_sold_date_sk
   stored statistics:
     table: rows=8.64G size=389.90GB
     partitions: 1824/1824 rows=8.64G
     columns: all
   extrapolated-rows=disabled max-scan-range-rows=390.22M est-scan-range=32(filtered from 1824)
   mem-estimate=16.00MB mem-reservation=8.00MB thread-reservation=0
   tuple-ids=0 row-size=12B cardinality=146.84M(filtered from 8.64G) cost=25374125
   in pipelines: 00(GETNEXT)
====
