# TPCDS-Q40
# start query 40 in stream 0 using template query40.tpl using seed 1611348482
select
   w_state
  ,i_item_id
  ,sum(case when d_date < cast ('1999-02-02' as date)
 		then cs_sales_price - coalesce(cr_refunded_cash,0) else 0 end) as sales_before
  ,sum(case when d_date >= cast ('1999-02-02' as date)
 		then cs_sales_price - coalesce(cr_refunded_cash,0) else 0 end) as sales_after
 from
   catalog_sales left outer join catalog_returns on
       (cs_order_number = cr_order_number
        and cs_item_sk = cr_item_sk)
  ,warehouse
  ,item
  ,date_dim
 where
     i_current_price between 0.99 and 1.49
 and i_item_sk          = cs_item_sk
 and cs_warehouse_sk    = w_warehouse_sk
 and cs_sold_date_sk    = d_date_sk
 and d_date between (cast ('1999-02-02' as date) - interval 30 days)
                and (cast ('1999-02-02' as date) + interval 30 days)
 group by
    w_state,i_item_id
 order by w_state,i_item_id
limit 100;

# end query 40 in stream 0 using template query40.tpl
---- PLAN
Max Per-Host Resource Reservation: Memory=82.75MB Threads=1
Per-Host Resource Estimates: Memory=18.66GB
F00:PLAN FRAGMENT [UNPARTITIONED] hosts=1 instances=1
|  Per-Instance Resources: mem-estimate=18.66GB mem-reservation=82.75MB thread-reservation=1 runtime-filters-memory=3.00MB
|  max-parallelism=1 segment-costs=[1541715036, 28837420, 400]
PLAN-ROOT SINK
|  output exprs: w_state, i_item_id, sum(CASE WHEN d_date < DATE '1999-02-02' THEN cs_sales_price - coalesce(cr_refunded_cash, 0) ELSE 0 END), sum(CASE WHEN d_date >= DATE '1999-02-02' THEN cs_sales_price - coalesce(cr_refunded_cash, 0) ELSE 0 END)
|  mem-estimate=4.00MB mem-reservation=4.00MB spill-buffer=2.00MB thread-reservation=0 cost=400
|
10:TOP-N [LIMIT=100]
|  order by: w_state ASC, i_item_id ASC
|  mem-estimate=7.23KB mem-reservation=0B thread-reservation=0
|  tuple-ids=6 row-size=74B cardinality=100 cost=28837420
|  in pipelines: 10(GETNEXT), 09(OPEN)
|
13:TUPLE CACHE
|  cache key: 5bbc01bffdf0fd3eae7ce0691993d101
|  input scan node ids: 0,1,4,3,2
|  estimated serialized size: 179.45MB
|  estimated serialized size per node: 17.95MB
|  cumulative processing cost: 1541715036
|  cache read processing cost: 320611
|  cache write processing cost: 508056
|  mem-estimate=4.00MB mem-reservation=4.00MB spill-buffer=2.00MB thread-reservation=0
|  tuple-ids=5 row-size=74B cardinality=2.41M cost=0
|  in pipelines: 09(GETNEXT)
|
09:AGGREGATE [FINALIZE]
|  output: sum(CASE WHEN d_date < DATE '1999-02-02' THEN cs_sales_price - coalesce(cr_refunded_cash, CAST(0 AS DECIMAL(7,2))) ELSE CAST(0 AS DECIMAL(8,2)) END), sum(CASE WHEN d_date >= DATE '1999-02-02' THEN cs_sales_price - coalesce(cr_refunded_cash, CAST(0 AS DECIMAL(7,2))) ELSE CAST(0 AS DECIMAL(8,2)) END)
|  group by: w_state, i_item_id
|  mem-estimate=197.86MB mem-reservation=34.00MB spill-buffer=2.00MB thread-reservation=0
|  tuple-ids=5 row-size=74B cardinality=2.41M cost=31698329
|  in pipelines: 09(GETNEXT), 00(OPEN)
|
08:HASH JOIN [INNER JOIN]
|  hash predicates: cs_warehouse_sk = w_warehouse_sk
|  fk/pk conjuncts: cs_warehouse_sk = w_warehouse_sk
|  runtime filters: RF000[bloom] <- w_warehouse_sk, RF001[min_max] <- w_warehouse_sk
|  mem-estimate=1.94MB mem-reservation=1.94MB spill-buffer=64.00KB thread-reservation=0
|  tuple-ids=0,1N,4,3,2 row-size=102B cardinality=14.39M cost=6296425
|  in pipelines: 00(GETNEXT), 02(OPEN)
|
|--02:SCAN HDFS [tpcds_partitioned_parquet_snap.warehouse]
|     HDFS partitions=1/1 files=1 size=5.99KB
|     deterministic scan range assignment: true
|     schedule scan ranges oldest to newest: true
|     stored statistics:
|       table: rows=22 size=5.99KB
|       columns: all
|     extrapolated-rows=disabled max-scan-range-rows=22
|     mem-estimate=16.00MB mem-reservation=16.00KB thread-reservation=0
|     tuple-ids=2 row-size=18B cardinality=22 cost=1
|     in pipelines: 02(GETNEXT)
|
07:HASH JOIN [INNER JOIN]
|  hash predicates: cs_item_sk = i_item_sk
|  fk/pk conjuncts: cs_item_sk = i_item_sk
|  runtime filters: RF002[bloom] <- i_item_sk, RF003[min_max] <- i_item_sk
|  mem-estimate=2.88MB mem-reservation=2.88MB spill-buffer=128.00KB thread-reservation=0
|  tuple-ids=0,1N,4,3 row-size=84B cardinality=14.39M cost=39559092
|  in pipelines: 00(GETNEXT), 03(OPEN)
|
|--12:TUPLE CACHE
|  |  cache key: e16614d3b61fa01ae612c1645b02bfa1
|  |  input scan node ids: 3
|  |  estimated serialized size: 1.37MB
|  |  estimated serialized size per node: 351.56KB
|  |  cumulative processing cost: 144648
|  |  cache read processing cost: 4784
|  |  cache write processing cost: 3888
|  |  mem-estimate=4.00MB mem-reservation=4.00MB spill-buffer=2.00MB thread-reservation=0
|  |  tuple-ids=3 row-size=36B cardinality=36.00K cost=0
|  |  in pipelines: 03(GETNEXT)
|  |
|  03:SCAN HDFS [tpcds_partitioned_parquet_snap.item]
|     HDFS partitions=1/1 files=1 size=33.54MB
|     deterministic scan range assignment: true
|     schedule scan ranges oldest to newest: true
|     predicates: i_current_price <= CAST(1.49 AS DECIMAL(3,2)), i_current_price >= CAST(0.99 AS DECIMAL(2,2))
|     stored statistics:
|       table: rows=360.00K size=33.54MB
|       columns: all
|     extrapolated-rows=disabled max-scan-range-rows=101.54K
|     parquet statistics predicates: i_current_price <= CAST(1.49 AS DECIMAL(3,2)), i_current_price >= CAST(0.99 AS DECIMAL(2,2))
|     parquet dictionary predicates: i_current_price <= CAST(1.49 AS DECIMAL(3,2)), i_current_price >= CAST(0.99 AS DECIMAL(2,2))
|     mem-estimate=16.00MB mem-reservation=512.00KB thread-reservation=0
|     tuple-ids=3 row-size=36B cardinality=36.00K cost=144648
|     in pipelines: 03(GETNEXT)
|
06:HASH JOIN [INNER JOIN]
|  hash predicates: cs_sold_date_sk = d_date_sk
|  fk/pk conjuncts: cs_sold_date_sk = d_date_sk
|  runtime filters: RF004[bloom] <- d_date_sk
|  mem-estimate=1.94MB mem-reservation=1.94MB spill-buffer=64.00KB thread-reservation=0
|  tuple-ids=0,1N,4 row-size=48B cardinality=143.92M cost=62995575
|  in pipelines: 00(GETNEXT), 04(OPEN)
|
|--11:TUPLE CACHE
|  |  cache key: 783b8b7baaf3fc61ca5c0300af32ff68
|  |  input scan node ids: 4
|  |  estimated serialized size: 732B
|  |  estimated serialized size per node: 732B
|  |  cumulative processing cost: 12520
|  |  cache read processing cost: 8
|  |  cache write processing cost: 1
|  |  mem-estimate=4.00MB mem-reservation=4.00MB spill-buffer=2.00MB thread-reservation=0
|  |  tuple-ids=4 row-size=8B cardinality=61 cost=0
|  |  in pipelines: 04(GETNEXT)
|  |
|  04:SCAN HDFS [tpcds_partitioned_parquet_snap.date_dim]
|     HDFS partitions=1/1 files=1 size=2.17MB
|     deterministic scan range assignment: true
|     schedule scan ranges oldest to newest: true
|     predicates: d_date <= DATE '1999-03-04', d_date >= DATE '1999-01-03'
|     stored statistics:
|       table: rows=73.05K size=2.17MB
|       columns: all
|     extrapolated-rows=disabled max-scan-range-rows=73.05K
|     parquet statistics predicates: d_date <= DATE '1999-03-04', d_date >= DATE '1999-01-03'
|     parquet dictionary predicates: d_date <= DATE '1999-03-04', d_date >= DATE '1999-01-03'
|     mem-estimate=16.00MB mem-reservation=1.00MB thread-reservation=0
|     tuple-ids=4 row-size=8B cardinality=61 cost=12520
|     in pipelines: 04(GETNEXT)
|
05:HASH JOIN [LEFT OUTER JOIN]
|  hash predicates: cs_item_sk = cr_item_sk, cs_order_number = cr_order_number
|  fk/pk conjuncts: cs_item_sk = cr_item_sk, cs_order_number = cr_order_number
|  mem-estimate=18.44GB mem-reservation=34.00MB spill-buffer=2.00MB thread-reservation=0
|  tuple-ids=0,1N row-size=40B cardinality=143.92M(filtered from 4.32G) cost=1251731614
|  in pipelines: 00(GETNEXT), 01(OPEN)
|
|--01:SCAN HDFS [tpcds_partitioned_parquet_snap.catalog_returns]
|     HDFS partitions=2060/2060 files=2060 size=32.77GB
|     deterministic scan range assignment: true
|     schedule scan ranges oldest to newest: true
|     runtime filters: RF003[min_max] -> tpcds_partitioned_parquet_snap.catalog_returns.cr_item_sk, RF002[bloom] -> tpcds_partitioned_parquet_snap.catalog_returns.cr_item_sk
|     stored statistics:
|       table: rows=432.02M size=32.77GB
|       partitions: 2060/2060 rows=432.02M
|       columns: all
|     extrapolated-rows=disabled max-scan-range-rows=416.82K
|     mem-estimate=16.00MB mem-reservation=32.00KB thread-reservation=0
|     tuple-ids=1 row-size=16B cardinality=432.02M cost=99536714
|     in pipelines: 01(GETNEXT)
|
00:SCAN HDFS [tpcds_partitioned_parquet_snap.catalog_sales]
   HDFS partitions=1831/1831 files=1831 size=280.96GB
   deterministic scan range assignment: true
   schedule scan ranges oldest to newest: true
   runtime filters: RF001[min_max] -> cs_warehouse_sk, RF003[min_max] -> cs_item_sk, RF000[bloom] -> cs_warehouse_sk, RF002[bloom] -> cs_item_sk, RF004[bloom] -> cs_sold_date_sk
   stored statistics:
     table: rows=4.32G size=280.96GB
     partitions: 1831/1831 rows=4.32G
     columns: all
   extrapolated-rows=disabled max-scan-range-rows=21.52M est-scan-range=62(filtered from 1831)
   mem-estimate=16.00MB mem-reservation=1.00MB thread-reservation=0
   tuple-ids=0 row-size=24B cardinality=143.92M(filtered from 4.32G) cost=49740118
   in pipelines: 00(GETNEXT)
---- DISTRIBUTEDPLAN
Max Per-Host Resource Reservation: Memory=133.52MB Threads=22
Per-Host Resource Estimates: Memory=2.27GB
F07:PLAN FRAGMENT [UNPARTITIONED] hosts=1 instances=1
|  Per-Instance Resources: mem-estimate=4.08MB mem-reservation=4.00MB thread-reservation=1
|  max-parallelism=1 segment-costs=[440] cpu-comparison-result=126 [max(1 (self) vs 126 (sum children))]
PLAN-ROOT SINK
|  output exprs: w_state, i_item_id, sum(CASE WHEN d_date < DATE '1999-02-02' THEN cs_sales_price - coalesce(cr_refunded_cash, 0) ELSE 0 END), sum(CASE WHEN d_date >= DATE '1999-02-02' THEN cs_sales_price - coalesce(cr_refunded_cash, 0) ELSE 0 END)
|  mem-estimate=4.00MB mem-reservation=4.00MB spill-buffer=2.00MB thread-reservation=0 cost=400
|
18:MERGING-EXCHANGE [UNPARTITIONED]
|  order by: w_state ASC, i_item_id ASC
|  limit: 100
|  mem-estimate=76.89KB mem-reservation=0B thread-reservation=0
|  tuple-ids=6 row-size=74B cardinality=100 cost=40
|  in pipelines: 10(GETNEXT)
|
F06:PLAN FRAGMENT [HASH(w_state,i_item_id)] hosts=10 instances=10 (adjusted from 120)
Per-Instance Resources: mem-estimate=44.76MB mem-reservation=34.00MB thread-reservation=1
max-parallelism=10 segment-costs=[37527052, 28837420, 225] cpu-comparison-result=126 [max(10 (self) vs 126 (sum children))]
10:TOP-N [LIMIT=100]
|  order by: w_state ASC, i_item_id ASC
|  mem-estimate=7.23KB mem-reservation=0B thread-reservation=0
|  tuple-ids=6 row-size=74B cardinality=100 cost=28837420
|  in pipelines: 10(GETNEXT), 17(OPEN)
|
17:AGGREGATE [FINALIZE]
|  output: sum:merge(CASE WHEN d_date < DATE '1999-02-02' THEN cs_sales_price - coalesce(cr_refunded_cash, 0) ELSE 0 END), sum:merge(CASE WHEN d_date >= DATE '1999-02-02' THEN cs_sales_price - coalesce(cr_refunded_cash, 0) ELSE 0 END)
|  group by: w_state, i_item_id
|  mem-estimate=34.00MB mem-reservation=34.00MB spill-buffer=2.00MB thread-reservation=0
|  tuple-ids=5 row-size=74B cardinality=2.41M cost=31190810
|  in pipelines: 17(GETNEXT), 00(OPEN)
|
16:EXCHANGE [HASH(w_state,i_item_id)]
|  mem-estimate=10.76MB mem-reservation=0B thread-reservation=0
|  tuple-ids=5 row-size=74B cardinality=14.03M cost=6336242
|  in pipelines: 00(GETNEXT)
|
F02:PLAN FRAGMENT [HASH(cs_item_sk,cs_order_number)] hosts=10 instances=10 (adjusted from 120)
Per-Instance Resources: mem-estimate=102.63MB mem-reservation=34.00MB thread-reservation=1
max-parallelism=110 segment-costs=[1044734340, 74109479] cpu-comparison-result=126 [max(50 (self) vs 126 (sum children))]
09:AGGREGATE [STREAMING]
|  output: sum(CASE WHEN d_date < DATE '1999-02-02' THEN cs_sales_price - coalesce(cr_refunded_cash, CAST(0 AS DECIMAL(7,2))) ELSE CAST(0 AS DECIMAL(8,2)) END), sum(CASE WHEN d_date >= DATE '1999-02-02' THEN cs_sales_price - coalesce(cr_refunded_cash, CAST(0 AS DECIMAL(7,2))) ELSE CAST(0 AS DECIMAL(8,2)) END)
|  group by: w_state, i_item_id
|  mem-estimate=88.49MB mem-reservation=34.00MB spill-buffer=2.00MB thread-reservation=0
|  tuple-ids=5 row-size=74B cardinality=14.03M cost=84325553
|  in pipelines: 00(GETNEXT)
|
08:HASH JOIN [INNER JOIN, BROADCAST]
|  hash-table-id=00
|  hash predicates: cs_warehouse_sk = w_warehouse_sk
|  fk/pk conjuncts: cs_warehouse_sk = w_warehouse_sk
|  mem-estimate=0B mem-reservation=0B spill-buffer=64.00KB thread-reservation=0
|  tuple-ids=0,1N,4,3,2 row-size=102B cardinality=14.39M cost=6296403
|  in pipelines: 00(GETNEXT), 02(OPEN)
|
|--F08:PLAN FRAGMENT [HASH(cs_item_sk,cs_order_number)] hosts=10 instances=10
|  |  Per-Instance Resources: mem-estimate=2.95MB mem-reservation=2.94MB thread-reservation=1 runtime-filters-memory=1.00MB
|  |  max-parallelism=10 segment-costs=[42]
|  JOIN BUILD
|  |  join-table-id=00 plan-id=01 cohort-id=01
|  |  build expressions: w_warehouse_sk
|  |  runtime filters: RF000[bloom] <- w_warehouse_sk, RF001[min_max] <- w_warehouse_sk
|  |  mem-estimate=1.94MB mem-reservation=1.94MB spill-buffer=64.00KB thread-reservation=0 cost=22
|  |
|  15:EXCHANGE [BROADCAST]
|  |  mem-estimate=16.00KB mem-reservation=0B thread-reservation=0
|  |  tuple-ids=2 row-size=18B cardinality=22 cost=20
|  |  in pipelines: 02(GETNEXT)
|  |
|  F05:PLAN FRAGMENT [RANDOM] hosts=1 instances=1
|  Per-Instance Resources: mem-estimate=16.09MB mem-reservation=16.00KB thread-reservation=1
|  max-parallelism=1 segment-costs=[2]
|  02:SCAN HDFS [tpcds_partitioned_parquet_snap.warehouse, RANDOM]
|     HDFS partitions=1/1 files=1 size=5.99KB
|     stored statistics:
|       table: rows=22 size=5.99KB
|       columns: all
|     extrapolated-rows=disabled max-scan-range-rows=22
|     mem-estimate=16.00MB mem-reservation=16.00KB thread-reservation=0
|     tuple-ids=2 row-size=18B cardinality=22 cost=1
|     in pipelines: 02(GETNEXT)
|
07:HASH JOIN [INNER JOIN, BROADCAST]
|  hash-table-id=01
|  hash predicates: cs_item_sk = i_item_sk
|  fk/pk conjuncts: cs_item_sk = i_item_sk
|  mem-estimate=0B mem-reservation=0B spill-buffer=128.00KB thread-reservation=0
|  tuple-ids=0,1N,4,3 row-size=84B cardinality=14.39M cost=39523092
|  in pipelines: 00(GETNEXT), 03(OPEN)
|
|--F09:PLAN FRAGMENT [HASH(cs_item_sk,cs_order_number)] hosts=10 instances=10
|  |  Per-Instance Resources: mem-estimate=5.27MB mem-reservation=3.88MB thread-reservation=1 runtime-filters-memory=1.00MB
|  |  max-parallelism=10 segment-costs=[83840]
|  JOIN BUILD
|  |  join-table-id=01 plan-id=02 cohort-id=01
|  |  build expressions: i_item_sk
|  |  runtime filters: RF002[bloom] <- i_item_sk, RF003[min_max] <- i_item_sk
|  |  mem-estimate=2.88MB mem-reservation=2.88MB spill-buffer=128.00KB thread-reservation=0 cost=36000
|  |
|  14:EXCHANGE [BROADCAST]
|  |  mem-estimate=1.39MB mem-reservation=0B thread-reservation=0
|  |  tuple-ids=3 row-size=36B cardinality=36.00K cost=47840
|  |  in pipelines: 03(GETNEXT)
|  |
|  F04:PLAN FRAGMENT [RANDOM] hosts=4 instances=4
|  Per-Instance Resources: mem-estimate=20.16MB mem-reservation=4.50MB thread-reservation=1
|  max-parallelism=4 segment-costs=[148924]
|  20:TUPLE CACHE
|  |  cache key: e16614d3b61fa01ae612c1645b02bfa1
|  |  input scan node ids: 3
|  |  estimated serialized size: 1.37MB
|  |  estimated serialized size per node: 351.56KB
|  |  cumulative processing cost: 144648
|  |  cache read processing cost: 4784
|  |  cache write processing cost: 3888
|  |  mem-estimate=4.00MB mem-reservation=4.00MB spill-buffer=2.00MB thread-reservation=0
|  |  tuple-ids=3 row-size=36B cardinality=36.00K cost=0
|  |  in pipelines: 03(GETNEXT)
|  |
|  03:SCAN HDFS [tpcds_partitioned_parquet_snap.item, RANDOM]
|     HDFS partitions=1/1 files=1 size=33.54MB
|     deterministic scan range assignment: true
|     schedule scan ranges oldest to newest: true
|     predicates: i_current_price <= CAST(1.49 AS DECIMAL(3,2)), i_current_price >= CAST(0.99 AS DECIMAL(2,2))
|     stored statistics:
|       table: rows=360.00K size=33.54MB
|       columns: all
|     extrapolated-rows=disabled max-scan-range-rows=101.54K
|     parquet statistics predicates: i_current_price <= CAST(1.49 AS DECIMAL(3,2)), i_current_price >= CAST(0.99 AS DECIMAL(2,2))
|     parquet dictionary predicates: i_current_price <= CAST(1.49 AS DECIMAL(3,2)), i_current_price >= CAST(0.99 AS DECIMAL(2,2))
|     mem-estimate=16.00MB mem-reservation=512.00KB thread-reservation=0
|     tuple-ids=3 row-size=36B cardinality=36.00K cost=144648
|     in pipelines: 03(GETNEXT)
|
06:HASH JOIN [INNER JOIN, BROADCAST]
|  hash-table-id=02
|  hash predicates: cs_sold_date_sk = d_date_sk
|  fk/pk conjuncts: cs_sold_date_sk = d_date_sk
|  mem-estimate=0B mem-reservation=0B spill-buffer=64.00KB thread-reservation=0
|  tuple-ids=0,1N,4 row-size=48B cardinality=143.92M cost=62995514
|  in pipelines: 00(GETNEXT), 04(OPEN)
|
|--F10:PLAN FRAGMENT [HASH(cs_item_sk,cs_order_number)] hosts=10 instances=10
|  |  Per-Instance Resources: mem-estimate=2.95MB mem-reservation=2.94MB thread-reservation=1 runtime-filters-memory=1.00MB
|  |  max-parallelism=10 segment-costs=[141]
|  JOIN BUILD
|  |  join-table-id=02 plan-id=03 cohort-id=01
|  |  build expressions: d_date_sk
|  |  runtime filters: RF004[bloom] <- d_date_sk
|  |  mem-estimate=1.94MB mem-reservation=1.94MB spill-buffer=64.00KB thread-reservation=0 cost=61
|  |
|  13:EXCHANGE [BROADCAST]
|  |  mem-estimate=16.00KB mem-reservation=0B thread-reservation=0
|  |  tuple-ids=4 row-size=8B cardinality=61 cost=80
|  |  in pipelines: 04(GETNEXT)
|  |
|  F03:PLAN FRAGMENT [RANDOM] hosts=1 instances=1
|  Per-Instance Resources: mem-estimate=20.05MB mem-reservation=5.00MB thread-reservation=1
|  max-parallelism=1 segment-costs=[12522]
|  19:TUPLE CACHE
|  |  cache key: 783b8b7baaf3fc61ca5c0300af32ff68
|  |  input scan node ids: 4
|  |  estimated serialized size: 732B
|  |  estimated serialized size per node: 732B
|  |  cumulative processing cost: 12520
|  |  cache read processing cost: 8
|  |  cache write processing cost: 1
|  |  mem-estimate=4.00MB mem-reservation=4.00MB spill-buffer=2.00MB thread-reservation=0
|  |  tuple-ids=4 row-size=8B cardinality=61 cost=0
|  |  in pipelines: 04(GETNEXT)
|  |
|  04:SCAN HDFS [tpcds_partitioned_parquet_snap.date_dim, RANDOM]
|     HDFS partitions=1/1 files=1 size=2.17MB
|     deterministic scan range assignment: true
|     schedule scan ranges oldest to newest: true
|     predicates: d_date <= DATE '1999-03-04', d_date >= DATE '1999-01-03'
|     stored statistics:
|       table: rows=73.05K size=2.17MB
|       columns: all
|     extrapolated-rows=disabled max-scan-range-rows=73.05K
|     parquet statistics predicates: d_date <= DATE '1999-03-04', d_date >= DATE '1999-01-03'
|     parquet dictionary predicates: d_date <= DATE '1999-03-04', d_date >= DATE '1999-01-03'
|     mem-estimate=16.00MB mem-reservation=1.00MB thread-reservation=0
|     tuple-ids=4 row-size=8B cardinality=61 cost=12520
|     in pipelines: 04(GETNEXT)
|
05:HASH JOIN [LEFT OUTER JOIN, PARTITIONED]
|  hash-table-id=03
|  hash predicates: cs_item_sk = cr_item_sk, cs_order_number = cr_order_number
|  fk/pk conjuncts: cs_item_sk = cr_item_sk, cs_order_number = cr_order_number
|  mem-estimate=0B mem-reservation=0B spill-buffer=2.00MB thread-reservation=0
|  tuple-ids=0,1N row-size=40B cardinality=143.92M(filtered from 4.32G) cost=819714623
|  in pipelines: 00(GETNEXT), 01(OPEN)
|
|--F11:PLAN FRAGMENT [HASH(cs_item_sk,cs_order_number)] hosts=10 instances=10 (adjusted from 120)
|  |  Per-Instance Resources: mem-estimate=1.86GB mem-reservation=34.00MB thread-reservation=1
|  |  max-parallelism=110 segment-costs=[511810529]
|  JOIN BUILD
|  |  join-table-id=03 plan-id=04 cohort-id=01
|  |  build expressions: cr_item_sk, cr_order_number
|  |  mem-estimate=1.84GB mem-reservation=34.00MB spill-buffer=2.00MB thread-reservation=0 cost=432016991
|  |
|  12:EXCHANGE [HASH(cr_item_sk,cr_order_number)]
|  |  mem-estimate=11.56MB mem-reservation=0B thread-reservation=0
|  |  tuple-ids=1 row-size=16B cardinality=432.02M cost=79793538
|  |  in pipelines: 01(GETNEXT)
|  |
|  F01:PLAN FRAGMENT [RANDOM] hosts=10 instances=80 (adjusted from 120)
|  Per-Host Shared Resources: mem-estimate=1.00MB mem-reservation=1.00MB thread-reservation=0 runtime-filters-memory=1.00MB
|  Per-Instance Resources: mem-estimate=16.78MB mem-reservation=32.00KB thread-reservation=1
|  max-parallelism=80 segment-costs=[767262175]
|  01:SCAN HDFS [tpcds_partitioned_parquet_snap.catalog_returns, RANDOM]
|     HDFS partitions=2060/2060 files=2060 size=32.77GB
|     runtime filters: RF003[min_max] -> tpcds_partitioned_parquet_snap.catalog_returns.cr_item_sk, RF002[bloom] -> tpcds_partitioned_parquet_snap.catalog_returns.cr_item_sk
|     stored statistics:
|       table: rows=432.02M size=32.77GB
|       partitions: 2060/2060 rows=432.02M
|       columns: all
|     extrapolated-rows=disabled max-scan-range-rows=416.82K
|     mem-estimate=16.00MB mem-reservation=32.00KB thread-reservation=0
|     tuple-ids=1 row-size=16B cardinality=432.02M cost=99536714
|     in pipelines: 01(GETNEXT)
|
11:EXCHANGE [HASH(cs_item_sk,cs_order_number)]
|  mem-estimate=11.09MB mem-reservation=0B thread-reservation=0
|  tuple-ids=0 row-size=24B cardinality=143.92M(filtered from 4.32G) cost=31879155
|  in pipelines: 00(GETNEXT)
|
F00:PLAN FRAGMENT [RANDOM] hosts=10 instances=40 (adjusted from 120)
Per-Host Shared Resources: mem-estimate=3.00MB mem-reservation=3.00MB thread-reservation=0 runtime-filters-memory=3.00MB
Per-Instance Resources: mem-estimate=17.09MB mem-reservation=1.00MB thread-reservation=1
max-parallelism=40 segment-costs=[346338600]
00:SCAN HDFS [tpcds_partitioned_parquet_snap.catalog_sales, RANDOM]
   HDFS partitions=1831/1831 files=1831 size=280.96GB
   runtime filters: RF001[min_max] -> cs_warehouse_sk, RF003[min_max] -> cs_item_sk, RF000[bloom] -> cs_warehouse_sk, RF002[bloom] -> cs_item_sk, RF004[bloom] -> cs_sold_date_sk
   stored statistics:
     table: rows=4.32G size=280.96GB
     partitions: 1831/1831 rows=4.32G
     columns: all
   extrapolated-rows=disabled max-scan-range-rows=21.52M est-scan-range=62(filtered from 1831)
   mem-estimate=16.00MB mem-reservation=1.00MB thread-reservation=0
   tuple-ids=0 row-size=24B cardinality=143.92M(filtered from 4.32G) cost=49740118
   in pipelines: 00(GETNEXT)
---- PARALLELPLANS
Max Per-Host Resource Reservation: Memory=133.52MB Threads=22
Per-Host Resource Estimates: Memory=2.27GB
F07:PLAN FRAGMENT [UNPARTITIONED] hosts=1 instances=1
|  Per-Instance Resources: mem-estimate=4.08MB mem-reservation=4.00MB thread-reservation=1
|  max-parallelism=1 segment-costs=[440] cpu-comparison-result=126 [max(1 (self) vs 126 (sum children))]
PLAN-ROOT SINK
|  output exprs: w_state, i_item_id, sum(CASE WHEN d_date < DATE '1999-02-02' THEN cs_sales_price - coalesce(cr_refunded_cash, 0) ELSE 0 END), sum(CASE WHEN d_date >= DATE '1999-02-02' THEN cs_sales_price - coalesce(cr_refunded_cash, 0) ELSE 0 END)
|  mem-estimate=4.00MB mem-reservation=4.00MB spill-buffer=2.00MB thread-reservation=0 cost=400
|
18:MERGING-EXCHANGE [UNPARTITIONED]
|  order by: w_state ASC, i_item_id ASC
|  limit: 100
|  mem-estimate=76.89KB mem-reservation=0B thread-reservation=0
|  tuple-ids=6 row-size=74B cardinality=100 cost=40
|  in pipelines: 10(GETNEXT)
|
F06:PLAN FRAGMENT [HASH(w_state,i_item_id)] hosts=10 instances=10 (adjusted from 120)
Per-Instance Resources: mem-estimate=44.76MB mem-reservation=34.00MB thread-reservation=1
max-parallelism=10 segment-costs=[37527052, 28837420, 225] cpu-comparison-result=126 [max(10 (self) vs 126 (sum children))]
10:TOP-N [LIMIT=100]
|  order by: w_state ASC, i_item_id ASC
|  mem-estimate=7.23KB mem-reservation=0B thread-reservation=0
|  tuple-ids=6 row-size=74B cardinality=100 cost=28837420
|  in pipelines: 10(GETNEXT), 17(OPEN)
|
17:AGGREGATE [FINALIZE]
|  output: sum:merge(CASE WHEN d_date < DATE '1999-02-02' THEN cs_sales_price - coalesce(cr_refunded_cash, 0) ELSE 0 END), sum:merge(CASE WHEN d_date >= DATE '1999-02-02' THEN cs_sales_price - coalesce(cr_refunded_cash, 0) ELSE 0 END)
|  group by: w_state, i_item_id
|  mem-estimate=34.00MB mem-reservation=34.00MB spill-buffer=2.00MB thread-reservation=0
|  tuple-ids=5 row-size=74B cardinality=2.41M cost=31190810
|  in pipelines: 17(GETNEXT), 00(OPEN)
|
16:EXCHANGE [HASH(w_state,i_item_id)]
|  mem-estimate=10.76MB mem-reservation=0B thread-reservation=0
|  tuple-ids=5 row-size=74B cardinality=14.03M cost=6336242
|  in pipelines: 00(GETNEXT)
|
F02:PLAN FRAGMENT [HASH(cs_item_sk,cs_order_number)] hosts=10 instances=10 (adjusted from 120)
Per-Instance Resources: mem-estimate=102.63MB mem-reservation=34.00MB thread-reservation=1
max-parallelism=110 segment-costs=[1044734340, 74109479] cpu-comparison-result=126 [max(50 (self) vs 126 (sum children))]
09:AGGREGATE [STREAMING]
|  output: sum(CASE WHEN d_date < DATE '1999-02-02' THEN cs_sales_price - coalesce(cr_refunded_cash, CAST(0 AS DECIMAL(7,2))) ELSE CAST(0 AS DECIMAL(8,2)) END), sum(CASE WHEN d_date >= DATE '1999-02-02' THEN cs_sales_price - coalesce(cr_refunded_cash, CAST(0 AS DECIMAL(7,2))) ELSE CAST(0 AS DECIMAL(8,2)) END)
|  group by: w_state, i_item_id
|  mem-estimate=88.49MB mem-reservation=34.00MB spill-buffer=2.00MB thread-reservation=0
|  tuple-ids=5 row-size=74B cardinality=14.03M cost=84325553
|  in pipelines: 00(GETNEXT)
|
08:HASH JOIN [INNER JOIN, BROADCAST]
|  hash-table-id=00
|  hash predicates: cs_warehouse_sk = w_warehouse_sk
|  fk/pk conjuncts: cs_warehouse_sk = w_warehouse_sk
|  mem-estimate=0B mem-reservation=0B spill-buffer=64.00KB thread-reservation=0
|  tuple-ids=0,1N,4,3,2 row-size=102B cardinality=14.39M cost=6296403
|  in pipelines: 00(GETNEXT), 02(OPEN)
|
|--F08:PLAN FRAGMENT [HASH(cs_item_sk,cs_order_number)] hosts=10 instances=10
|  |  Per-Instance Resources: mem-estimate=2.95MB mem-reservation=2.94MB thread-reservation=1 runtime-filters-memory=1.00MB
|  |  max-parallelism=10 segment-costs=[42]
|  JOIN BUILD
|  |  join-table-id=00 plan-id=01 cohort-id=01
|  |  build expressions: w_warehouse_sk
|  |  runtime filters: RF000[bloom] <- w_warehouse_sk, RF001[min_max] <- w_warehouse_sk
|  |  mem-estimate=1.94MB mem-reservation=1.94MB spill-buffer=64.00KB thread-reservation=0 cost=22
|  |
|  15:EXCHANGE [BROADCAST]
|  |  mem-estimate=16.00KB mem-reservation=0B thread-reservation=0
|  |  tuple-ids=2 row-size=18B cardinality=22 cost=20
|  |  in pipelines: 02(GETNEXT)
|  |
|  F05:PLAN FRAGMENT [RANDOM] hosts=1 instances=1
|  Per-Instance Resources: mem-estimate=16.09MB mem-reservation=16.00KB thread-reservation=1
|  max-parallelism=1 segment-costs=[2]
|  02:SCAN HDFS [tpcds_partitioned_parquet_snap.warehouse, RANDOM]
|     HDFS partitions=1/1 files=1 size=5.99KB
|     stored statistics:
|       table: rows=22 size=5.99KB
|       columns: all
|     extrapolated-rows=disabled max-scan-range-rows=22
|     mem-estimate=16.00MB mem-reservation=16.00KB thread-reservation=0
|     tuple-ids=2 row-size=18B cardinality=22 cost=1
|     in pipelines: 02(GETNEXT)
|
07:HASH JOIN [INNER JOIN, BROADCAST]
|  hash-table-id=01
|  hash predicates: cs_item_sk = i_item_sk
|  fk/pk conjuncts: cs_item_sk = i_item_sk
|  mem-estimate=0B mem-reservation=0B spill-buffer=128.00KB thread-reservation=0
|  tuple-ids=0,1N,4,3 row-size=84B cardinality=14.39M cost=39523092
|  in pipelines: 00(GETNEXT), 03(OPEN)
|
|--F09:PLAN FRAGMENT [HASH(cs_item_sk,cs_order_number)] hosts=10 instances=10
|  |  Per-Instance Resources: mem-estimate=5.27MB mem-reservation=3.88MB thread-reservation=1 runtime-filters-memory=1.00MB
|  |  max-parallelism=10 segment-costs=[83840]
|  JOIN BUILD
|  |  join-table-id=01 plan-id=02 cohort-id=01
|  |  build expressions: i_item_sk
|  |  runtime filters: RF002[bloom] <- i_item_sk, RF003[min_max] <- i_item_sk
|  |  mem-estimate=2.88MB mem-reservation=2.88MB spill-buffer=128.00KB thread-reservation=0 cost=36000
|  |
|  14:EXCHANGE [BROADCAST]
|  |  mem-estimate=1.39MB mem-reservation=0B thread-reservation=0
|  |  tuple-ids=3 row-size=36B cardinality=36.00K cost=47840
|  |  in pipelines: 03(GETNEXT)
|  |
|  F04:PLAN FRAGMENT [RANDOM] hosts=4 instances=4
|  Per-Instance Resources: mem-estimate=20.16MB mem-reservation=4.50MB thread-reservation=1
|  max-parallelism=4 segment-costs=[148924]
|  20:TUPLE CACHE
|  |  cache key: e16614d3b61fa01ae612c1645b02bfa1
|  |  input scan node ids: 3
|  |  estimated serialized size: 1.37MB
|  |  estimated serialized size per node: 351.56KB
|  |  cumulative processing cost: 144648
|  |  cache read processing cost: 4784
|  |  cache write processing cost: 3888
|  |  mem-estimate=4.00MB mem-reservation=4.00MB spill-buffer=2.00MB thread-reservation=0
|  |  tuple-ids=3 row-size=36B cardinality=36.00K cost=0
|  |  in pipelines: 03(GETNEXT)
|  |
|  03:SCAN HDFS [tpcds_partitioned_parquet_snap.item, RANDOM]
|     HDFS partitions=1/1 files=1 size=33.54MB
|     deterministic scan range assignment: true
|     schedule scan ranges oldest to newest: true
|     predicates: i_current_price <= CAST(1.49 AS DECIMAL(3,2)), i_current_price >= CAST(0.99 AS DECIMAL(2,2))
|     stored statistics:
|       table: rows=360.00K size=33.54MB
|       columns: all
|     extrapolated-rows=disabled max-scan-range-rows=101.54K
|     parquet statistics predicates: i_current_price <= CAST(1.49 AS DECIMAL(3,2)), i_current_price >= CAST(0.99 AS DECIMAL(2,2))
|     parquet dictionary predicates: i_current_price <= CAST(1.49 AS DECIMAL(3,2)), i_current_price >= CAST(0.99 AS DECIMAL(2,2))
|     mem-estimate=16.00MB mem-reservation=512.00KB thread-reservation=0
|     tuple-ids=3 row-size=36B cardinality=36.00K cost=144648
|     in pipelines: 03(GETNEXT)
|
06:HASH JOIN [INNER JOIN, BROADCAST]
|  hash-table-id=02
|  hash predicates: cs_sold_date_sk = d_date_sk
|  fk/pk conjuncts: cs_sold_date_sk = d_date_sk
|  mem-estimate=0B mem-reservation=0B spill-buffer=64.00KB thread-reservation=0
|  tuple-ids=0,1N,4 row-size=48B cardinality=143.92M cost=62995514
|  in pipelines: 00(GETNEXT), 04(OPEN)
|
|--F10:PLAN FRAGMENT [HASH(cs_item_sk,cs_order_number)] hosts=10 instances=10
|  |  Per-Instance Resources: mem-estimate=2.95MB mem-reservation=2.94MB thread-reservation=1 runtime-filters-memory=1.00MB
|  |  max-parallelism=10 segment-costs=[141]
|  JOIN BUILD
|  |  join-table-id=02 plan-id=03 cohort-id=01
|  |  build expressions: d_date_sk
|  |  runtime filters: RF004[bloom] <- d_date_sk
|  |  mem-estimate=1.94MB mem-reservation=1.94MB spill-buffer=64.00KB thread-reservation=0 cost=61
|  |
|  13:EXCHANGE [BROADCAST]
|  |  mem-estimate=16.00KB mem-reservation=0B thread-reservation=0
|  |  tuple-ids=4 row-size=8B cardinality=61 cost=80
|  |  in pipelines: 04(GETNEXT)
|  |
|  F03:PLAN FRAGMENT [RANDOM] hosts=1 instances=1
|  Per-Instance Resources: mem-estimate=20.05MB mem-reservation=5.00MB thread-reservation=1
|  max-parallelism=1 segment-costs=[12522]
|  19:TUPLE CACHE
|  |  cache key: 783b8b7baaf3fc61ca5c0300af32ff68
|  |  input scan node ids: 4
|  |  estimated serialized size: 732B
|  |  estimated serialized size per node: 732B
|  |  cumulative processing cost: 12520
|  |  cache read processing cost: 8
|  |  cache write processing cost: 1
|  |  mem-estimate=4.00MB mem-reservation=4.00MB spill-buffer=2.00MB thread-reservation=0
|  |  tuple-ids=4 row-size=8B cardinality=61 cost=0
|  |  in pipelines: 04(GETNEXT)
|  |
|  04:SCAN HDFS [tpcds_partitioned_parquet_snap.date_dim, RANDOM]
|     HDFS partitions=1/1 files=1 size=2.17MB
|     deterministic scan range assignment: true
|     schedule scan ranges oldest to newest: true
|     predicates: d_date <= DATE '1999-03-04', d_date >= DATE '1999-01-03'
|     stored statistics:
|       table: rows=73.05K size=2.17MB
|       columns: all
|     extrapolated-rows=disabled max-scan-range-rows=73.05K
|     parquet statistics predicates: d_date <= DATE '1999-03-04', d_date >= DATE '1999-01-03'
|     parquet dictionary predicates: d_date <= DATE '1999-03-04', d_date >= DATE '1999-01-03'
|     mem-estimate=16.00MB mem-reservation=1.00MB thread-reservation=0
|     tuple-ids=4 row-size=8B cardinality=61 cost=12520
|     in pipelines: 04(GETNEXT)
|
05:HASH JOIN [LEFT OUTER JOIN, PARTITIONED]
|  hash-table-id=03
|  hash predicates: cs_item_sk = cr_item_sk, cs_order_number = cr_order_number
|  fk/pk conjuncts: cs_item_sk = cr_item_sk, cs_order_number = cr_order_number
|  mem-estimate=0B mem-reservation=0B spill-buffer=2.00MB thread-reservation=0
|  tuple-ids=0,1N row-size=40B cardinality=143.92M(filtered from 4.32G) cost=819714623
|  in pipelines: 00(GETNEXT), 01(OPEN)
|
|--F11:PLAN FRAGMENT [HASH(cs_item_sk,cs_order_number)] hosts=10 instances=10 (adjusted from 120)
|  |  Per-Instance Resources: mem-estimate=1.86GB mem-reservation=34.00MB thread-reservation=1
|  |  max-parallelism=110 segment-costs=[511810529]
|  JOIN BUILD
|  |  join-table-id=03 plan-id=04 cohort-id=01
|  |  build expressions: cr_item_sk, cr_order_number
|  |  mem-estimate=1.84GB mem-reservation=34.00MB spill-buffer=2.00MB thread-reservation=0 cost=432016991
|  |
|  12:EXCHANGE [HASH(cr_item_sk,cr_order_number)]
|  |  mem-estimate=11.56MB mem-reservation=0B thread-reservation=0
|  |  tuple-ids=1 row-size=16B cardinality=432.02M cost=79793538
|  |  in pipelines: 01(GETNEXT)
|  |
|  F01:PLAN FRAGMENT [RANDOM] hosts=10 instances=80 (adjusted from 120)
|  Per-Host Shared Resources: mem-estimate=1.00MB mem-reservation=1.00MB thread-reservation=0 runtime-filters-memory=1.00MB
|  Per-Instance Resources: mem-estimate=16.78MB mem-reservation=32.00KB thread-reservation=1
|  max-parallelism=80 segment-costs=[767262175]
|  01:SCAN HDFS [tpcds_partitioned_parquet_snap.catalog_returns, RANDOM]
|     HDFS partitions=2060/2060 files=2060 size=32.77GB
|     runtime filters: RF003[min_max] -> tpcds_partitioned_parquet_snap.catalog_returns.cr_item_sk, RF002[bloom] -> tpcds_partitioned_parquet_snap.catalog_returns.cr_item_sk
|     stored statistics:
|       table: rows=432.02M size=32.77GB
|       partitions: 2060/2060 rows=432.02M
|       columns: all
|     extrapolated-rows=disabled max-scan-range-rows=416.82K
|     mem-estimate=16.00MB mem-reservation=32.00KB thread-reservation=0
|     tuple-ids=1 row-size=16B cardinality=432.02M cost=99536714
|     in pipelines: 01(GETNEXT)
|
11:EXCHANGE [HASH(cs_item_sk,cs_order_number)]
|  mem-estimate=11.09MB mem-reservation=0B thread-reservation=0
|  tuple-ids=0 row-size=24B cardinality=143.92M(filtered from 4.32G) cost=31879155
|  in pipelines: 00(GETNEXT)
|
F00:PLAN FRAGMENT [RANDOM] hosts=10 instances=40 (adjusted from 120)
Per-Host Shared Resources: mem-estimate=3.00MB mem-reservation=3.00MB thread-reservation=0 runtime-filters-memory=3.00MB
Per-Instance Resources: mem-estimate=17.09MB mem-reservation=1.00MB thread-reservation=1
max-parallelism=40 segment-costs=[346338600]
00:SCAN HDFS [tpcds_partitioned_parquet_snap.catalog_sales, RANDOM]
   HDFS partitions=1831/1831 files=1831 size=280.96GB
   runtime filters: RF001[min_max] -> cs_warehouse_sk, RF003[min_max] -> cs_item_sk, RF000[bloom] -> cs_warehouse_sk, RF002[bloom] -> cs_item_sk, RF004[bloom] -> cs_sold_date_sk
   stored statistics:
     table: rows=4.32G size=280.96GB
     partitions: 1831/1831 rows=4.32G
     columns: all
   extrapolated-rows=disabled max-scan-range-rows=21.52M est-scan-range=62(filtered from 1831)
   mem-estimate=16.00MB mem-reservation=1.00MB thread-reservation=0
   tuple-ids=0 row-size=24B cardinality=143.92M(filtered from 4.32G) cost=49740118
   in pipelines: 00(GETNEXT)
====
