# TPCDS-Q59
# start query 59 in stream 0 using template query59.tpl using seed 307347183
with wss as
 (select d_week_seq,
        ss_store_sk,
        sum(case when (d_day_name='Sunday') then ss_sales_price else null end) sun_sales,
        sum(case when (d_day_name='Monday') then ss_sales_price else null end) mon_sales,
        sum(case when (d_day_name='Tuesday') then ss_sales_price else  null end) tue_sales,
        sum(case when (d_day_name='Wednesday') then ss_sales_price else null end) wed_sales,
        sum(case when (d_day_name='Thursday') then ss_sales_price else null end) thu_sales,
        sum(case when (d_day_name='Friday') then ss_sales_price else null end) fri_sales,
        sum(case when (d_day_name='Saturday') then ss_sales_price else null end) sat_sales
 from store_sales,date_dim
 where d_date_sk = ss_sold_date_sk
 group by d_week_seq,ss_store_sk
 )
  select  s_store_name1,s_store_id1,d_week_seq1
       ,sun_sales1/sun_sales2,mon_sales1/mon_sales2
       ,tue_sales1/tue_sales2,wed_sales1/wed_sales2,thu_sales1/thu_sales2
       ,fri_sales1/fri_sales2,sat_sales1/sat_sales2
 from
 (select s_store_name s_store_name1,wss.d_week_seq d_week_seq1
        ,s_store_id s_store_id1,sun_sales sun_sales1
        ,mon_sales mon_sales1,tue_sales tue_sales1
        ,wed_sales wed_sales1,thu_sales thu_sales1
        ,fri_sales fri_sales1,sat_sales sat_sales1
  from wss,store,date_dim d
  where d.d_week_seq = wss.d_week_seq and
        ss_store_sk = s_store_sk and
        d_month_seq between 1199 and 1199 + 11) y,
 (select s_store_name s_store_name2,wss.d_week_seq d_week_seq2
        ,s_store_id s_store_id2,sun_sales sun_sales2
        ,mon_sales mon_sales2,tue_sales tue_sales2
        ,wed_sales wed_sales2,thu_sales thu_sales2
        ,fri_sales fri_sales2,sat_sales sat_sales2
  from wss,store,date_dim d
  where d.d_week_seq = wss.d_week_seq and
        ss_store_sk = s_store_sk and
        d_month_seq between 1199+ 12 and 1199 + 23) x
 where s_store_id1=s_store_id2
   and d_week_seq1=d_week_seq2-52
 order by s_store_name1,s_store_id1,d_week_seq1
limit 100;

# end query 59 in stream 0 using template query59.tpl
---- PLAN
Max Per-Host Resource Reservation: Memory=139.02MB Threads=1
Per-Host Resource Estimates: Memory=2.23GB
F00:PLAN FRAGMENT [UNPARTITIONED] hosts=1 instances=1
|  Per-Instance Resources: mem-estimate=2.23GB mem-reservation=139.02MB thread-reservation=1 runtime-filters-memory=8.00MB
|  max-parallelism=1 segment-costs=[20807146710, 20807146710, 667717443159, 1000]
PLAN-ROOT SINK
|  output exprs: s_store_name1, s_store_id1, d_week_seq1, sun_sales1 / sun_sales2, mon_sales1 / mon_sales2, tue_sales1 / tue_sales2, wed_sales1 / wed_sales2, thu_sales1 / thu_sales2, fri_sales1 / fri_sales2, sat_sales1 / sat_sales2
|  mem-estimate=4.00MB mem-reservation=4.00MB spill-buffer=2.00MB thread-reservation=0 cost=1000
|
17:TOP-N [LIMIT=100]
|  order by: s_store_name1 ASC, s_store_id1 ASC, d_week_seq1 ASC
|  mem-estimate=26.56KB mem-reservation=0B thread-reservation=0
|  tuple-ids=14 row-size=272B cardinality=100 cost=661620652546
|  in pipelines: 17(GETNEXT), 03(OPEN)
|
16:HASH JOIN [INNER JOIN]
|  hash predicates: d_week_seq = d_week_seq - 52, s_store_id = s_store_id
|  fk/pk conjuncts: none
|  runtime filters: RF000[bloom] <- d_week_seq - 52, RF001[bloom] <- s_store_id, RF002[min_max] <- d_week_seq - 52, RF003[min_max] <- s_store_id
|  mem-estimate=823.87MB mem-reservation=34.00MB spill-buffer=2.00MB thread-reservation=0
|  tuple-ids=2,5,4,9,12,11 row-size=336B cardinality=33.56G cost=6087277948
|  in pipelines: 03(GETNEXT), 11(OPEN)
|
|--15:HASH JOIN [INNER JOIN]
|  |  hash predicates: ss_store_sk = s_store_sk
|  |  fk/pk conjuncts: ss_store_sk = s_store_sk
|  |  runtime filters: RF010[bloom] <- s_store_sk, RF011[min_max] <- s_store_sk
|  |  mem-estimate=1.94MB mem-reservation=1.94MB spill-buffer=64.00KB thread-reservation=0
|  |  tuple-ids=9,12,11 row-size=160B cardinality=4.77M cost=2089251
|  |  in pipelines: 11(GETNEXT), 12(OPEN)
|  |
|  |--12:SCAN HDFS [tpcds_partitioned_parquet_snap.store]
|  |     HDFS partitions=1/1 files=1 size=119.76KB
|  |     stored statistics:
|  |       table: rows=1.35K size=119.76KB
|  |       columns: all
|  |     extrapolated-rows=disabled max-scan-range-rows=1.35K
|  |     mem-estimate=16.00MB mem-reservation=16.00KB thread-reservation=0
|  |     tuple-ids=11 row-size=32B cardinality=1.35K cost=388
|  |     in pipelines: 12(GETNEXT)
|  |
|  14:HASH JOIN [INNER JOIN]
|  |  hash predicates: d_week_seq = d.d_week_seq
|  |  fk/pk conjuncts: none
|  |  runtime filters: RF012[bloom] <- d.d_week_seq, RF013[min_max] <- d.d_week_seq
|  |  mem-estimate=1.94MB mem-reservation=1.94MB spill-buffer=64.00KB thread-reservation=0
|  |  tuple-ids=9,12 row-size=128B cardinality=4.77M cost=2654135
|  |  in pipelines: 11(GETNEXT), 13(OPEN)
|  |
|  |--20:TUPLE CACHE
|  |  |  cache key: 402442a03d759d1bd84365462b54686e
|  |  |  input scan node ids: 13
|  |  |  estimated serialized size: 85.61KB
|  |  |  estimated serialized size per node: 85.61KB
|  |  |  cumulative processing cost: 12520
|  |  |  cache read processing cost: 970
|  |  |  cache write processing cost: 236
|  |  |  mem-estimate=4.00MB mem-reservation=4.00MB spill-buffer=2.00MB thread-reservation=0
|  |  |  tuple-ids=12 row-size=8B cardinality=7.30K cost=0
|  |  |  in pipelines: 13(GETNEXT)
|  |  |
|  |  13:SCAN HDFS [tpcds_partitioned_parquet_snap.date_dim d]
|  |     HDFS partitions=1/1 files=1 size=2.17MB
|  |     deterministic scan range assignment: true
|  |     schedule scan ranges oldest to newest: true
|  |     predicates: d_month_seq <= CAST(1222 AS INT), d_month_seq >= CAST(1211 AS INT)
|  |     stored statistics:
|  |       table: rows=73.05K size=2.17MB
|  |       columns: all
|  |     extrapolated-rows=disabled max-scan-range-rows=73.05K
|  |     parquet statistics predicates: d_month_seq <= CAST(1222 AS INT), d_month_seq >= CAST(1211 AS INT)
|  |     parquet dictionary predicates: d_month_seq <= CAST(1222 AS INT), d_month_seq >= CAST(1211 AS INT)
|  |     mem-estimate=16.00MB mem-reservation=512.00KB thread-reservation=0
|  |     tuple-ids=12 row-size=8B cardinality=7.30K cost=12520
|  |     in pipelines: 13(GETNEXT)
|  |
|  11:AGGREGATE [FINALIZE]
|  |  output: sum(CASE WHEN (d_day_name = 'Sunday') THEN ss_sales_price ELSE NULL END), sum(CASE WHEN (d_day_name = 'Monday') THEN ss_sales_price ELSE NULL END), sum(CASE WHEN (d_day_name = 'Tuesday') THEN ss_sales_price ELSE NULL END), sum(CASE WHEN (d_day_name = 'Wednesday') THEN ss_sales_price ELSE NULL END), sum(CASE WHEN (d_day_name = 'Thursday') THEN ss_sales_price ELSE NULL END), sum(CASE WHEN (d_day_name = 'Friday') THEN ss_sales_price ELSE NULL END), sum(CASE WHEN (d_day_name = 'Saturday') THEN ss_sales_price ELSE NULL END)
|  |  group by: d_week_seq, ss_store_sk
|  |  mem-estimate=693.40MB mem-reservation=34.00MB spill-buffer=2.00MB thread-reservation=0
|  |  tuple-ids=9 row-size=120B cardinality=6.95M cost=15532377299
|  |  in pipelines: 11(GETNEXT), 08(OPEN)
|  |
|  10:HASH JOIN [INNER JOIN]
|  |  hash predicates: ss_sold_date_sk = d_date_sk
|  |  fk/pk conjuncts: ss_sold_date_sk = d_date_sk
|  |  runtime filters: RF014[bloom] <- d_date_sk
|  |  mem-estimate=4.75MB mem-reservation=4.75MB spill-buffer=256.00KB thread-reservation=0
|  |  tuple-ids=7,8 row-size=39B cardinality=8.64G cost=3781772682
|  |  in pipelines: 08(GETNEXT), 09(OPEN)
|  |
|  |--09:SCAN HDFS [tpcds_partitioned_parquet_snap.date_dim]
|  |     HDFS partitions=1/1 files=1 size=2.17MB
|  |     runtime filters: RF013[min_max] -> tpcds_partitioned_parquet_snap.date_dim.d_week_seq, RF012[bloom] -> tpcds_partitioned_parquet_snap.date_dim.d_week_seq
|  |     stored statistics:
|  |       table: rows=73.05K size=2.17MB
|  |       columns: all
|  |     extrapolated-rows=disabled max-scan-range-rows=73.05K
|  |     mem-estimate=16.00MB mem-reservation=512.00KB thread-reservation=0
|  |     tuple-ids=8 row-size=27B cardinality=73.05K cost=15928
|  |     in pipelines: 09(GETNEXT)
|  |
|  08:SCAN HDFS [tpcds_partitioned_parquet_snap.store_sales]
|     HDFS partitions=1824/1824 files=1824 size=389.90GB
|     runtime filters: RF011[min_max] -> tpcds_partitioned_parquet_snap.store_sales.ss_store_sk, RF010[bloom] -> tpcds_partitioned_parquet_snap.store_sales.ss_store_sk, RF014[bloom] -> ss_sold_date_sk
|     stored statistics:
|       table: rows=8.64G size=389.90GB
|       partitions: 1824/1824 rows=8.64G
|       columns: all
|     extrapolated-rows=disabled max-scan-range-rows=390.22M
|     mem-estimate=16.00MB mem-reservation=8.00MB thread-reservation=0
|     tuple-ids=7 row-size=12B cardinality=8.64G cost=1492980801
|     in pipelines: 08(GETNEXT)
|
07:HASH JOIN [INNER JOIN]
|  hash predicates: ss_store_sk = s_store_sk
|  fk/pk conjuncts: ss_store_sk = s_store_sk
|  runtime filters: RF004[bloom] <- s_store_sk, RF005[min_max] <- s_store_sk
|  mem-estimate=1.94MB mem-reservation=1.94MB spill-buffer=64.00KB thread-reservation=0
|  tuple-ids=2,5,4 row-size=176B cardinality=4.77M cost=2089251
|  in pipelines: 03(GETNEXT), 04(OPEN)
|
|--04:SCAN HDFS [tpcds_partitioned_parquet_snap.store]
|     HDFS partitions=1/1 files=1 size=119.76KB
|     runtime filters: RF003[min_max] -> s_store_id, RF001[bloom] -> s_store_id
|     stored statistics:
|       table: rows=1.35K size=119.76KB
|       columns: all
|     extrapolated-rows=disabled max-scan-range-rows=1.35K
|     mem-estimate=16.00MB mem-reservation=24.00KB thread-reservation=0
|     tuple-ids=4 row-size=48B cardinality=1.35K cost=465
|     in pipelines: 04(GETNEXT)
|
19:TUPLE CACHE
|  cache key: 53caf3c28d2fe5e3f75ad69ce4563ce6
|  input scan node ids: 0,1,5
|  estimated serialized size: 618.69MB
|  estimated serialized size per node: 61.87MB
|  cumulative processing cost: 20809813365
|  cache read processing cost: 633954
|  cache write processing cost: 1751604
|  mem-estimate=4.00MB mem-reservation=4.00MB spill-buffer=2.00MB thread-reservation=0
|  tuple-ids=2,5 row-size=128B cardinality=4.77M cost=0
|  in pipelines: 03(GETNEXT)
|
06:HASH JOIN [INNER JOIN]
|  hash predicates: d_week_seq = d.d_week_seq
|  fk/pk conjuncts: none
|  runtime filters: RF006[bloom] <- d.d_week_seq, RF007[min_max] <- d.d_week_seq
|  mem-estimate=1.94MB mem-reservation=1.94MB spill-buffer=64.00KB thread-reservation=0
|  tuple-ids=2,5 row-size=128B cardinality=4.77M cost=2654135
|  in pipelines: 03(GETNEXT), 05(OPEN)
|
|--18:TUPLE CACHE
|  |  cache key: 3b2a0c4099e60780cf2f4fd84af2e5be
|  |  input scan node ids: 5
|  |  estimated serialized size: 85.61KB
|  |  estimated serialized size per node: 85.61KB
|  |  cumulative processing cost: 12520
|  |  cache read processing cost: 970
|  |  cache write processing cost: 236
|  |  mem-estimate=4.00MB mem-reservation=4.00MB spill-buffer=2.00MB thread-reservation=0
|  |  tuple-ids=5 row-size=8B cardinality=7.30K cost=0
|  |  in pipelines: 05(GETNEXT)
|  |
|  05:SCAN HDFS [tpcds_partitioned_parquet_snap.date_dim d]
|     HDFS partitions=1/1 files=1 size=2.17MB
|     deterministic scan range assignment: true
|     schedule scan ranges oldest to newest: true
|     predicates: d_month_seq <= CAST(1210 AS INT), d_month_seq >= CAST(1199 AS INT)
|     runtime filters: RF002[min_max] -> d.d_week_seq, RF000[bloom] -> d.d_week_seq
|     stored statistics:
|       table: rows=73.05K size=2.17MB
|       columns: all
|     extrapolated-rows=disabled max-scan-range-rows=73.05K
|     parquet statistics predicates: d_month_seq <= CAST(1210 AS INT), d_month_seq >= CAST(1199 AS INT)
|     parquet dictionary predicates: d_month_seq <= CAST(1210 AS INT), d_month_seq >= CAST(1199 AS INT)
|     mem-estimate=16.00MB mem-reservation=512.00KB thread-reservation=0
|     tuple-ids=5 row-size=8B cardinality=7.30K cost=12520
|     in pipelines: 05(GETNEXT)
|
03:AGGREGATE [FINALIZE]
|  output: sum(CASE WHEN (d_day_name = 'Sunday') THEN ss_sales_price ELSE NULL END), sum(CASE WHEN (d_day_name = 'Monday') THEN ss_sales_price ELSE NULL END), sum(CASE WHEN (d_day_name = 'Tuesday') THEN ss_sales_price ELSE NULL END), sum(CASE WHEN (d_day_name = 'Wednesday') THEN ss_sales_price ELSE NULL END), sum(CASE WHEN (d_day_name = 'Thursday') THEN ss_sales_price ELSE NULL END), sum(CASE WHEN (d_day_name = 'Friday') THEN ss_sales_price ELSE NULL END), sum(CASE WHEN (d_day_name = 'Saturday') THEN ss_sales_price ELSE NULL END)
|  group by: d_week_seq, ss_store_sk
|  mem-estimate=693.40MB mem-reservation=34.00MB spill-buffer=2.00MB thread-reservation=0
|  tuple-ids=2 row-size=120B cardinality=6.95M cost=15532377299
|  in pipelines: 03(GETNEXT), 00(OPEN)
|
02:HASH JOIN [INNER JOIN]
|  hash predicates: ss_sold_date_sk = d_date_sk
|  fk/pk conjuncts: ss_sold_date_sk = d_date_sk
|  runtime filters: RF008[bloom] <- d_date_sk
|  mem-estimate=4.75MB mem-reservation=4.75MB spill-buffer=256.00KB thread-reservation=0
|  tuple-ids=0,1 row-size=39B cardinality=8.64G cost=3781772682
|  in pipelines: 00(GETNEXT), 01(OPEN)
|
|--01:SCAN HDFS [tpcds_partitioned_parquet_snap.date_dim]
|     HDFS partitions=1/1 files=1 size=2.17MB
|     deterministic scan range assignment: true
|     schedule scan ranges oldest to newest: true
|     runtime filters: RF007[min_max] -> tpcds_partitioned_parquet_snap.date_dim.d_week_seq, RF002[min_max] -> tpcds_partitioned_parquet_snap.date_dim.d_week_seq, RF006[bloom] -> tpcds_partitioned_parquet_snap.date_dim.d_week_seq, RF000[bloom] -> tpcds_partitioned_parquet_snap.date_dim.d_week_seq
|     stored statistics:
|       table: rows=73.05K size=2.17MB
|       columns: all
|     extrapolated-rows=disabled max-scan-range-rows=73.05K
|     mem-estimate=16.00MB mem-reservation=512.00KB thread-reservation=0
|     tuple-ids=1 row-size=27B cardinality=73.05K cost=15928
|     in pipelines: 01(GETNEXT)
|
00:SCAN HDFS [tpcds_partitioned_parquet_snap.store_sales]
   HDFS partitions=1824/1824 files=1824 size=389.90GB
   deterministic scan range assignment: true
   schedule scan ranges oldest to newest: true
   runtime filters: RF005[min_max] -> tpcds_partitioned_parquet_snap.store_sales.ss_store_sk, RF004[bloom] -> tpcds_partitioned_parquet_snap.store_sales.ss_store_sk, RF008[bloom] -> ss_sold_date_sk
   stored statistics:
     table: rows=8.64G size=389.90GB
     partitions: 1824/1824 rows=8.64G
     columns: all
   extrapolated-rows=disabled max-scan-range-rows=390.22M
   mem-estimate=16.00MB mem-reservation=8.00MB thread-reservation=0
   tuple-ids=0 row-size=12B cardinality=8.64G cost=1492980801
   in pipelines: 00(GETNEXT)
---- DISTRIBUTEDPLAN
Max Per-Host Resource Reservation: Memory=1.53GB Threads=85
Per-Host Resource Estimates: Memory=21.38GB
F11:PLAN FRAGMENT [UNPARTITIONED] hosts=1 instances=1
|  Per-Instance Resources: mem-estimate=7.16MB mem-reservation=4.00MB thread-reservation=1
|  max-parallelism=1 segment-costs=[1079] cpu-comparison-result=284 [max(1 (self) vs 284 (sum children))]
PLAN-ROOT SINK
|  output exprs: s_store_name1, s_store_id1, d_week_seq1, sun_sales1 / sun_sales2, mon_sales1 / mon_sales2, tue_sales1 / tue_sales2, wed_sales1 / wed_sales2, thu_sales1 / thu_sales2, fri_sales1 / fri_sales2, sat_sales1 / sat_sales2
|  mem-estimate=4.00MB mem-reservation=4.00MB spill-buffer=2.00MB thread-reservation=0 cost=1000
|
30:MERGING-EXCHANGE [UNPARTITIONED]
|  order by: s_store_name1 ASC, s_store_id1 ASC, d_week_seq1 ASC
|  limit: 100
|  mem-estimate=3.16MB mem-reservation=0B thread-reservation=0
|  tuple-ids=14 row-size=272B cardinality=100 cost=79
|  in pipelines: 17(GETNEXT)
|
F10:PLAN FRAGMENT [HASH(d_week_seq,s_store_id)] hosts=10 instances=120
Per-Instance Resources: mem-estimate=32.05MB mem-reservation=0B thread-reservation=1
max-parallelism=66780 segment-costs=[667707901963, 743] cpu-comparison-result=284 [max(120 (self) vs 284 (sum children))]
17:TOP-N [LIMIT=100]
|  order by: s_store_name1 ASC, s_store_id1 ASC, d_week_seq1 ASC
|  mem-estimate=26.56KB mem-reservation=0B thread-reservation=0
|  tuple-ids=14 row-size=272B cardinality=100 cost=661620652546
|  in pipelines: 17(GETNEXT), 20(OPEN)
|
16:HASH JOIN [INNER JOIN, PARTITIONED]
|  hash-table-id=00
|  hash predicates: d_week_seq = d_week_seq - 52, s_store_id = s_store_id
|  fk/pk conjuncts: none
|  mem-estimate=0B mem-reservation=0B spill-buffer=512.00KB thread-reservation=0
|  tuple-ids=2,5,4,9,12,11 row-size=336B cardinality=33.56G cost=6082507783
|  in pipelines: 20(GETNEXT), 25(OPEN)
|
|--F12:PLAN FRAGMENT [HASH(d_week_seq,s_store_id)] hosts=10 instances=120
|  |  Per-Instance Resources: mem-estimate=40.66MB mem-reservation=10.50MB thread-reservation=1 runtime-filters-memory=2.00MB
|  |  max-parallelism=66780 segment-costs=[9162055] cpu-comparison-result=142 [max(120 (self) vs 142 (sum children))]
|  JOIN BUILD
|  |  join-table-id=00 plan-id=01 cohort-id=01
|  |  build expressions: d_week_seq - 52, s_store_id
|  |  runtime filters: RF000[bloom] <- d_week_seq - 52, RF001[bloom] <- s_store_id, RF002[min_max] <- d_week_seq - 52, RF003[min_max] <- s_store_id
|  |  mem-estimate=8.50MB mem-reservation=8.50MB spill-buffer=512.00KB thread-reservation=0 cost=4770165
|  |
|  29:EXCHANGE [HASH(d_week_seq - 52,s_store_id)]
|  |  mem-estimate=30.16MB mem-reservation=0B thread-reservation=0
|  |  tuple-ids=9,12,11 row-size=160B cardinality=4.77M cost=4391890
|  |  in pipelines: 25(GETNEXT)
|  |
|  F07:PLAN FRAGMENT [HASH(d_week_seq,ss_store_sk)] hosts=10 instances=120
|  Per-Instance Resources: mem-estimate=90.62MB mem-reservation=8.50MB thread-reservation=1
|  max-parallelism=210 segment-costs=[2080481569, 61259278] cpu-comparison-result=142 [max(120 (self) vs 142 (sum children))]
|  15:HASH JOIN [INNER JOIN, BROADCAST]
|  |  hash-table-id=01
|  |  hash predicates: ss_store_sk = s_store_sk
|  |  fk/pk conjuncts: ss_store_sk = s_store_sk
|  |  mem-estimate=0B mem-reservation=0B spill-buffer=64.00KB thread-reservation=0
|  |  tuple-ids=9,12,11 row-size=160B cardinality=4.77M cost=2087901
|  |  in pipelines: 25(GETNEXT), 12(OPEN)
|  |
|  |--F13:PLAN FRAGMENT [HASH(d_week_seq,ss_store_sk)] hosts=10 instances=10
|  |  |  Per-Instance Resources: mem-estimate=24.33MB mem-reservation=24.25MB thread-reservation=1 runtime-filters-memory=1.00MB
|  |  |  max-parallelism=10 segment-costs=[3140]
|  |  JOIN BUILD
|  |  |  join-table-id=01 plan-id=02 cohort-id=02
|  |  |  build expressions: s_store_sk
|  |  |  runtime filters: RF010[bloom] <- s_store_sk, RF011[min_max] <- s_store_sk
|  |  |  mem-estimate=23.25MB mem-reservation=23.25MB spill-buffer=64.00KB thread-reservation=0 cost=1350
|  |  |
|  |  27:EXCHANGE [BROADCAST]
|  |  |  mem-estimate=78.19KB mem-reservation=0B thread-reservation=0
|  |  |  tuple-ids=11 row-size=32B cardinality=1.35K cost=1790
|  |  |  in pipelines: 12(GETNEXT)
|  |  |
|  |  F09:PLAN FRAGMENT [RANDOM] hosts=1 instances=1
|  |  Per-Instance Resources: mem-estimate=16.14MB mem-reservation=16.00KB thread-reservation=1
|  |  max-parallelism=1 segment-costs=[533]
|  |  12:SCAN HDFS [tpcds_partitioned_parquet_snap.store, RANDOM]
|  |     HDFS partitions=1/1 files=1 size=119.76KB
|  |     stored statistics:
|  |       table: rows=1.35K size=119.76KB
|  |       columns: all
|  |     extrapolated-rows=disabled max-scan-range-rows=1.35K
|  |     mem-estimate=16.00MB mem-reservation=16.00KB thread-reservation=0
|  |     tuple-ids=11 row-size=32B cardinality=1.35K cost=388
|  |     in pipelines: 12(GETNEXT)
|  |
|  14:HASH JOIN [INNER JOIN, BROADCAST]
|  |  hash-table-id=02
|  |  hash predicates: d_week_seq = d.d_week_seq
|  |  fk/pk conjuncts: none
|  |  mem-estimate=0B mem-reservation=0B spill-buffer=64.00KB thread-reservation=0
|  |  tuple-ids=9,12 row-size=128B cardinality=4.77M cost=2646830
|  |  in pipelines: 25(GETNEXT), 13(OPEN)
|  |
|  |--F14:PLAN FRAGMENT [HASH(d_week_seq,ss_store_sk)] hosts=10 instances=10
|  |  |  Per-Instance Resources: mem-estimate=24.32MB mem-reservation=24.25MB thread-reservation=1 runtime-filters-memory=1.00MB
|  |  |  max-parallelism=10 segment-costs=[17005]
|  |  JOIN BUILD
|  |  |  join-table-id=02 plan-id=03 cohort-id=02
|  |  |  build expressions: d.d_week_seq
|  |  |  runtime filters: RF012[bloom] <- d.d_week_seq, RF013[min_max] <- d.d_week_seq
|  |  |  mem-estimate=23.25MB mem-reservation=23.25MB spill-buffer=64.00KB thread-reservation=0 cost=7305
|  |  |
|  |  26:EXCHANGE [BROADCAST]
|  |  |  mem-estimate=69.07KB mem-reservation=0B thread-reservation=0
|  |  |  tuple-ids=12 row-size=8B cardinality=7.30K cost=9700
|  |  |  in pipelines: 13(GETNEXT)
|  |  |
|  |  F08:PLAN FRAGMENT [RANDOM] hosts=1 instances=1
|  |  Per-Instance Resources: mem-estimate=20.05MB mem-reservation=4.50MB thread-reservation=1
|  |  max-parallelism=1 segment-costs=[12835]
|  |  31:TUPLE CACHE
|  |  |  cache key: 402442a03d759d1bd84365462b54686e
|  |  |  input scan node ids: 13
|  |  |  estimated serialized size: 85.61KB
|  |  |  estimated serialized size per node: 85.61KB
|  |  |  cumulative processing cost: 12520
|  |  |  cache read processing cost: 970
|  |  |  cache write processing cost: 236
|  |  |  mem-estimate=4.00MB mem-reservation=4.00MB spill-buffer=2.00MB thread-reservation=0
|  |  |  tuple-ids=12 row-size=8B cardinality=7.30K cost=0
|  |  |  in pipelines: 13(GETNEXT)
|  |  |
|  |  13:SCAN HDFS [tpcds_partitioned_parquet_snap.date_dim d, RANDOM]
|  |     HDFS partitions=1/1 files=1 size=2.17MB
|  |     deterministic scan range assignment: true
|  |     schedule scan ranges oldest to newest: true
|  |     predicates: d_month_seq <= CAST(1222 AS INT), d_month_seq >= CAST(1211 AS INT)
|  |     stored statistics:
|  |       table: rows=73.05K size=2.17MB
|  |       columns: all
|  |     extrapolated-rows=disabled max-scan-range-rows=73.05K
|  |     parquet statistics predicates: d_month_seq <= CAST(1222 AS INT), d_month_seq >= CAST(1211 AS INT)
|  |     parquet dictionary predicates: d_month_seq <= CAST(1222 AS INT), d_month_seq >= CAST(1211 AS INT)
|  |     mem-estimate=16.00MB mem-reservation=512.00KB thread-reservation=0
|  |     tuple-ids=12 row-size=8B cardinality=7.30K cost=12520
|  |     in pipelines: 13(GETNEXT)
|  |
|  25:AGGREGATE [FINALIZE]
|  |  output: sum:merge(CASE WHEN (d_day_name = 'Sunday') THEN ss_sales_price ELSE NULL END), sum:merge(CASE WHEN (d_day_name = 'Monday') THEN ss_sales_price ELSE NULL END), sum:merge(CASE WHEN (d_day_name = 'Tuesday') THEN ss_sales_price ELSE NULL END), sum:merge(CASE WHEN (d_day_name = 'Wednesday') THEN ss_sales_price ELSE NULL END), sum:merge(CASE WHEN (d_day_name = 'Thursday') THEN ss_sales_price ELSE NULL END), sum:merge(CASE WHEN (d_day_name = 'Friday') THEN ss_sales_price ELSE NULL END), sum:merge(CASE WHEN (d_day_name = 'Saturday') THEN ss_sales_price ELSE NULL END)
|  |  group by: d_week_seq, ss_store_sk
|  |  mem-estimate=10.00MB mem-reservation=8.50MB spill-buffer=512.00KB thread-reservation=0
|  |  tuple-ids=9 row-size=120B cardinality=6.95M cost=1527535184
|  |  in pipelines: 25(GETNEXT), 08(OPEN)
|  |
|  24:EXCHANGE [HASH(d_week_seq,ss_store_sk)]
|  |  mem-estimate=24.53MB mem-reservation=0B thread-reservation=0
|  |  tuple-ids=9 row-size=120B cardinality=833.88M cost=552946385
|  |  in pipelines: 08(GETNEXT)
|  |
|  F05:PLAN FRAGMENT [RANDOM] hosts=10 instances=120
|  Per-Host Shared Resources: mem-estimate=2.00MB mem-reservation=2.00MB thread-reservation=0 runtime-filters-memory=2.00MB
|  Per-Instance Resources: mem-estimate=767.53MB mem-reservation=42.00MB thread-reservation=1
|  max-parallelism=1824 segment-costs=[24551817547, 6873846540] cpu-comparison-result=120 [max(120 (self) vs 11 (sum children))]
|  11:AGGREGATE [STREAMING]
|  |  output: sum(CASE WHEN (d_day_name = 'Sunday') THEN ss_sales_price ELSE NULL END), sum(CASE WHEN (d_day_name = 'Monday') THEN ss_sales_price ELSE NULL END), sum(CASE WHEN (d_day_name = 'Tuesday') THEN ss_sales_price ELSE NULL END), sum(CASE WHEN (d_day_name = 'Wednesday') THEN ss_sales_price ELSE NULL END), sum(CASE WHEN (d_day_name = 'Thursday') THEN ss_sales_price ELSE NULL END), sum(CASE WHEN (d_day_name = 'Friday') THEN ss_sales_price ELSE NULL END), sum(CASE WHEN (d_day_name = 'Saturday') THEN ss_sales_price ELSE NULL END)
|  |  group by: d_week_seq, ss_store_sk
|  |  mem-estimate=693.40MB mem-reservation=34.00MB spill-buffer=2.00MB thread-reservation=0
|  |  tuple-ids=9 row-size=120B cardinality=833.88M cost=19277137113
|  |  in pipelines: 08(GETNEXT)
|  |
|  10:HASH JOIN [INNER JOIN, BROADCAST]
|  |  hash-table-id=03
|  |  hash predicates: ss_sold_date_sk = d_date_sk
|  |  fk/pk conjuncts: ss_sold_date_sk = d_date_sk
|  |  mem-estimate=0B mem-reservation=0B spill-buffer=256.00KB thread-reservation=0
|  |  tuple-ids=7,8 row-size=39B cardinality=8.64G cost=3781699633
|  |  in pipelines: 08(GETNEXT), 09(OPEN)
|  |
|  |--F15:PLAN FRAGMENT [RANDOM] hosts=10 instances=10
|  |  |  Per-Instance Resources: mem-estimate=59.92MB mem-reservation=58.00MB thread-reservation=1 runtime-filters-memory=1.00MB
|  |  |  max-parallelism=10 segment-costs=[170129]
|  |  JOIN BUILD
|  |  |  join-table-id=03 plan-id=04 cohort-id=02
|  |  |  build expressions: d_date_sk
|  |  |  runtime filters: RF014[bloom] <- d_date_sk
|  |  |  mem-estimate=57.00MB mem-reservation=57.00MB spill-buffer=256.00KB thread-reservation=0 cost=73049
|  |  |
|  |  23:EXCHANGE [BROADCAST]
|  |  |  mem-estimate=1.92MB mem-reservation=0B thread-reservation=0
|  |  |  tuple-ids=8 row-size=27B cardinality=73.05K cost=97080
|  |  |  in pipelines: 09(GETNEXT)
|  |  |
|  |  F06:PLAN FRAGMENT [RANDOM] hosts=1 instances=1
|  |  Per-Host Shared Resources: mem-estimate=1.00MB mem-reservation=1.00MB thread-reservation=0 runtime-filters-memory=1.00MB
|  |  Per-Instance Resources: mem-estimate=16.12MB mem-reservation=512.00KB thread-reservation=1
|  |  max-parallelism=1 segment-costs=[22859]
|  |  09:SCAN HDFS [tpcds_partitioned_parquet_snap.date_dim, RANDOM]
|  |     HDFS partitions=1/1 files=1 size=2.17MB
|  |     runtime filters: RF013[min_max] -> tpcds_partitioned_parquet_snap.date_dim.d_week_seq, RF012[bloom] -> tpcds_partitioned_parquet_snap.date_dim.d_week_seq
|  |     stored statistics:
|  |       table: rows=73.05K size=2.17MB
|  |       columns: all
|  |     extrapolated-rows=disabled max-scan-range-rows=73.05K
|  |     mem-estimate=16.00MB mem-reservation=512.00KB thread-reservation=0
|  |     tuple-ids=8 row-size=27B cardinality=73.05K cost=15928
|  |     in pipelines: 09(GETNEXT)
|  |
|  08:SCAN HDFS [tpcds_partitioned_parquet_snap.store_sales, RANDOM]
|     HDFS partitions=1824/1824 files=1824 size=389.90GB
|     runtime filters: RF011[min_max] -> tpcds_partitioned_parquet_snap.store_sales.ss_store_sk, RF010[bloom] -> tpcds_partitioned_parquet_snap.store_sales.ss_store_sk, RF014[bloom] -> ss_sold_date_sk
|     stored statistics:
|       table: rows=8.64G size=389.90GB
|       partitions: 1824/1824 rows=8.64G
|       columns: all
|     extrapolated-rows=disabled max-scan-range-rows=390.22M
|     mem-estimate=16.00MB mem-reservation=8.00MB thread-reservation=0
|     tuple-ids=7 row-size=12B cardinality=8.64G cost=1492980801
|     in pipelines: 08(GETNEXT)
|
28:EXCHANGE [HASH(d_week_seq,s_store_id)]
|  mem-estimate=32.02MB mem-reservation=0B thread-reservation=0
|  tuple-ids=2,5,4 row-size=176B cardinality=4.77M cost=4741634
|  in pipelines: 20(GETNEXT)
|
F02:PLAN FRAGMENT [HASH(d_week_seq,ss_store_sk)] hosts=10 instances=120
Per-Instance Resources: mem-estimate=98.10MB mem-reservation=8.50MB thread-reservation=1
max-parallelism=210 segment-costs=[2080481569, 66155687] cpu-comparison-result=142 [max(120 (self) vs 142 (sum children))]
07:HASH JOIN [INNER JOIN, BROADCAST]
|  hash-table-id=04
|  hash predicates: ss_store_sk = s_store_sk
|  fk/pk conjuncts: ss_store_sk = s_store_sk
|  mem-estimate=0B mem-reservation=0B spill-buffer=64.00KB thread-reservation=0
|  tuple-ids=2,5,4 row-size=176B cardinality=4.77M cost=2087901
|  in pipelines: 20(GETNEXT), 04(OPEN)
|
|--F16:PLAN FRAGMENT [HASH(d_week_seq,ss_store_sk)] hosts=10 instances=10
|  |  Per-Instance Resources: mem-estimate=24.36MB mem-reservation=24.25MB thread-reservation=1 runtime-filters-memory=1.00MB
|  |  max-parallelism=10 segment-costs=[3140]
|  JOIN BUILD
|  |  join-table-id=04 plan-id=05 cohort-id=01
|  |  build expressions: s_store_sk
|  |  runtime filters: RF004[bloom] <- s_store_sk, RF005[min_max] <- s_store_sk
|  |  mem-estimate=23.25MB mem-reservation=23.25MB spill-buffer=64.00KB thread-reservation=0 cost=1350
|  |
|  22:EXCHANGE [BROADCAST]
|  |  mem-estimate=115.14KB mem-reservation=0B thread-reservation=0
|  |  tuple-ids=4 row-size=48B cardinality=1.35K cost=1790
|  |  in pipelines: 04(GETNEXT)
|  |
|  F04:PLAN FRAGMENT [RANDOM] hosts=1 instances=1
|  Per-Host Shared Resources: mem-estimate=1.00MB mem-reservation=1.00MB thread-reservation=0 runtime-filters-memory=1.00MB
|  Per-Instance Resources: mem-estimate=16.20MB mem-reservation=24.00KB thread-reservation=1
|  max-parallelism=1 segment-costs=[668]
|  04:SCAN HDFS [tpcds_partitioned_parquet_snap.store, RANDOM]
|     HDFS partitions=1/1 files=1 size=119.76KB
|     runtime filters: RF003[min_max] -> s_store_id, RF001[bloom] -> s_store_id
|     stored statistics:
|       table: rows=1.35K size=119.76KB
|       columns: all
|     extrapolated-rows=disabled max-scan-range-rows=1.35K
|     mem-estimate=16.00MB mem-reservation=24.00KB thread-reservation=0
|     tuple-ids=4 row-size=48B cardinality=1.35K cost=465
|     in pipelines: 04(GETNEXT)
|
06:HASH JOIN [INNER JOIN, BROADCAST]
|  hash-table-id=05
|  hash predicates: d_week_seq = d.d_week_seq
|  fk/pk conjuncts: none
|  mem-estimate=0B mem-reservation=0B spill-buffer=64.00KB thread-reservation=0
|  tuple-ids=2,5 row-size=128B cardinality=4.77M cost=2646830
|  in pipelines: 20(GETNEXT), 05(OPEN)
|
|--F17:PLAN FRAGMENT [HASH(d_week_seq,ss_store_sk)] hosts=10 instances=10
|  |  Per-Instance Resources: mem-estimate=24.32MB mem-reservation=24.25MB thread-reservation=1 runtime-filters-memory=1.00MB
|  |  max-parallelism=10 segment-costs=[17005]
|  JOIN BUILD
|  |  join-table-id=05 plan-id=06 cohort-id=01
|  |  build expressions: d.d_week_seq
|  |  runtime filters: RF006[bloom] <- d.d_week_seq, RF007[min_max] <- d.d_week_seq
|  |  mem-estimate=23.25MB mem-reservation=23.25MB spill-buffer=64.00KB thread-reservation=0 cost=7305
|  |
|  21:EXCHANGE [BROADCAST]
|  |  mem-estimate=69.07KB mem-reservation=0B thread-reservation=0
|  |  tuple-ids=5 row-size=8B cardinality=7.30K cost=9700
|  |  in pipelines: 05(GETNEXT)
|  |
|  F03:PLAN FRAGMENT [RANDOM] hosts=1 instances=1
|  Per-Host Shared Resources: mem-estimate=1.00MB mem-reservation=1.00MB thread-reservation=0 runtime-filters-memory=1.00MB
|  Per-Instance Resources: mem-estimate=16.05MB mem-reservation=512.00KB thread-reservation=1
|  max-parallelism=1 segment-costs=[12835]
|  05:SCAN HDFS [tpcds_partitioned_parquet_snap.date_dim d, RANDOM]
|     HDFS partitions=1/1 files=1 size=2.17MB
|     predicates: d_month_seq <= CAST(1210 AS INT), d_month_seq >= CAST(1199 AS INT)
|     runtime filters: RF002[min_max] -> d.d_week_seq, RF000[bloom] -> d.d_week_seq
|     stored statistics:
|       table: rows=73.05K size=2.17MB
|       columns: all
|     extrapolated-rows=disabled max-scan-range-rows=73.05K
|     parquet statistics predicates: d_month_seq <= CAST(1210 AS INT), d_month_seq >= CAST(1199 AS INT)
|     parquet dictionary predicates: d_month_seq <= CAST(1210 AS INT), d_month_seq >= CAST(1199 AS INT)
|     mem-estimate=16.00MB mem-reservation=512.00KB thread-reservation=0
|     tuple-ids=5 row-size=8B cardinality=7.30K cost=12520
|     in pipelines: 05(GETNEXT)
|
20:AGGREGATE [FINALIZE]
|  output: sum:merge(CASE WHEN (d_day_name = 'Sunday') THEN ss_sales_price ELSE NULL END), sum:merge(CASE WHEN (d_day_name = 'Monday') THEN ss_sales_price ELSE NULL END), sum:merge(CASE WHEN (d_day_name = 'Tuesday') THEN ss_sales_price ELSE NULL END), sum:merge(CASE WHEN (d_day_name = 'Wednesday') THEN ss_sales_price ELSE NULL END), sum:merge(CASE WHEN (d_day_name = 'Thursday') THEN ss_sales_price ELSE NULL END), sum:merge(CASE WHEN (d_day_name = 'Friday') THEN ss_sales_price ELSE NULL END), sum:merge(CASE WHEN (d_day_name = 'Saturday') THEN ss_sales_price ELSE NULL END)
|  group by: d_week_seq, ss_store_sk
|  mem-estimate=10.00MB mem-reservation=8.50MB spill-buffer=512.00KB thread-reservation=0
|  tuple-ids=2 row-size=120B cardinality=6.95M cost=1527535184
|  in pipelines: 20(GETNEXT), 00(OPEN)
|
19:EXCHANGE [HASH(d_week_seq,ss_store_sk)]
|  mem-estimate=24.53MB mem-reservation=0B thread-reservation=0
|  tuple-ids=2 row-size=120B cardinality=833.88M cost=552946385
|  in pipelines: 00(GETNEXT)
|
F00:PLAN FRAGMENT [RANDOM] hosts=10 instances=120
Per-Host Shared Resources: mem-estimate=2.00MB mem-reservation=2.00MB thread-reservation=0 runtime-filters-memory=2.00MB
Per-Instance Resources: mem-estimate=767.53MB mem-reservation=42.00MB thread-reservation=1
max-parallelism=1824 segment-costs=[24551817547, 6873846540] cpu-comparison-result=120 [max(120 (self) vs 11 (sum children))]
03:AGGREGATE [STREAMING]
|  output: sum(CASE WHEN (d_day_name = 'Sunday') THEN ss_sales_price ELSE NULL END), sum(CASE WHEN (d_day_name = 'Monday') THEN ss_sales_price ELSE NULL END), sum(CASE WHEN (d_day_name = 'Tuesday') THEN ss_sales_price ELSE NULL END), sum(CASE WHEN (d_day_name = 'Wednesday') THEN ss_sales_price ELSE NULL END), sum(CASE WHEN (d_day_name = 'Thursday') THEN ss_sales_price ELSE NULL END), sum(CASE WHEN (d_day_name = 'Friday') THEN ss_sales_price ELSE NULL END), sum(CASE WHEN (d_day_name = 'Saturday') THEN ss_sales_price ELSE NULL END)
|  group by: d_week_seq, ss_store_sk
|  mem-estimate=693.40MB mem-reservation=34.00MB spill-buffer=2.00MB thread-reservation=0
|  tuple-ids=2 row-size=120B cardinality=833.88M cost=19277137113
|  in pipelines: 00(GETNEXT)
|
02:HASH JOIN [INNER JOIN, BROADCAST]
|  hash-table-id=06
|  hash predicates: ss_sold_date_sk = d_date_sk
|  fk/pk conjuncts: ss_sold_date_sk = d_date_sk
|  mem-estimate=0B mem-reservation=0B spill-buffer=256.00KB thread-reservation=0
|  tuple-ids=0,1 row-size=39B cardinality=8.64G cost=3781699633
|  in pipelines: 00(GETNEXT), 01(OPEN)
|
|--F18:PLAN FRAGMENT [RANDOM] hosts=10 instances=10
|  |  Per-Instance Resources: mem-estimate=59.92MB mem-reservation=58.00MB thread-reservation=1 runtime-filters-memory=1.00MB
|  |  max-parallelism=10 segment-costs=[170129]
|  JOIN BUILD
|  |  join-table-id=06 plan-id=07 cohort-id=01
|  |  build expressions: d_date_sk
|  |  runtime filters: RF008[bloom] <- d_date_sk
|  |  mem-estimate=57.00MB mem-reservation=57.00MB spill-buffer=256.00KB thread-reservation=0 cost=73049
|  |
|  18:EXCHANGE [BROADCAST]
|  |  mem-estimate=1.92MB mem-reservation=0B thread-reservation=0
|  |  tuple-ids=1 row-size=27B cardinality=73.05K cost=97080
|  |  in pipelines: 01(GETNEXT)
|  |
|  F01:PLAN FRAGMENT [RANDOM] hosts=1 instances=1
|  Per-Host Shared Resources: mem-estimate=2.00MB mem-reservation=2.00MB thread-reservation=0 runtime-filters-memory=2.00MB
|  Per-Instance Resources: mem-estimate=16.12MB mem-reservation=512.00KB thread-reservation=1
|  max-parallelism=1 segment-costs=[22859]
|  01:SCAN HDFS [tpcds_partitioned_parquet_snap.date_dim, RANDOM]
|     HDFS partitions=1/1 files=1 size=2.17MB
|     runtime filters: RF007[min_max] -> tpcds_partitioned_parquet_snap.date_dim.d_week_seq, RF002[min_max] -> tpcds_partitioned_parquet_snap.date_dim.d_week_seq, RF006[bloom] -> tpcds_partitioned_parquet_snap.date_dim.d_week_seq, RF000[bloom] -> tpcds_partitioned_parquet_snap.date_dim.d_week_seq
|     stored statistics:
|       table: rows=73.05K size=2.17MB
|       columns: all
|     extrapolated-rows=disabled max-scan-range-rows=73.05K
|     mem-estimate=16.00MB mem-reservation=512.00KB thread-reservation=0
|     tuple-ids=1 row-size=27B cardinality=73.05K cost=15928
|     in pipelines: 01(GETNEXT)
|
00:SCAN HDFS [tpcds_partitioned_parquet_snap.store_sales, RANDOM]
   HDFS partitions=1824/1824 files=1824 size=389.90GB
   runtime filters: RF005[min_max] -> tpcds_partitioned_parquet_snap.store_sales.ss_store_sk, RF004[bloom] -> tpcds_partitioned_parquet_snap.store_sales.ss_store_sk, RF008[bloom] -> ss_sold_date_sk
   stored statistics:
     table: rows=8.64G size=389.90GB
     partitions: 1824/1824 rows=8.64G
     columns: all
   extrapolated-rows=disabled max-scan-range-rows=390.22M
   mem-estimate=16.00MB mem-reservation=8.00MB thread-reservation=0
   tuple-ids=0 row-size=12B cardinality=8.64G cost=1492980801
   in pipelines: 00(GETNEXT)
---- PARALLELPLANS
Max Per-Host Resource Reservation: Memory=1.53GB Threads=85
Per-Host Resource Estimates: Memory=21.38GB
F11:PLAN FRAGMENT [UNPARTITIONED] hosts=1 instances=1
|  Per-Instance Resources: mem-estimate=7.16MB mem-reservation=4.00MB thread-reservation=1
|  max-parallelism=1 segment-costs=[1079] cpu-comparison-result=284 [max(1 (self) vs 284 (sum children))]
PLAN-ROOT SINK
|  output exprs: s_store_name1, s_store_id1, d_week_seq1, sun_sales1 / sun_sales2, mon_sales1 / mon_sales2, tue_sales1 / tue_sales2, wed_sales1 / wed_sales2, thu_sales1 / thu_sales2, fri_sales1 / fri_sales2, sat_sales1 / sat_sales2
|  mem-estimate=4.00MB mem-reservation=4.00MB spill-buffer=2.00MB thread-reservation=0 cost=1000
|
30:MERGING-EXCHANGE [UNPARTITIONED]
|  order by: s_store_name1 ASC, s_store_id1 ASC, d_week_seq1 ASC
|  limit: 100
|  mem-estimate=3.16MB mem-reservation=0B thread-reservation=0
|  tuple-ids=14 row-size=272B cardinality=100 cost=79
|  in pipelines: 17(GETNEXT)
|
F10:PLAN FRAGMENT [HASH(d_week_seq,s_store_id)] hosts=10 instances=120
Per-Instance Resources: mem-estimate=32.05MB mem-reservation=0B thread-reservation=1
max-parallelism=66780 segment-costs=[667707901963, 743] cpu-comparison-result=284 [max(120 (self) vs 284 (sum children))]
17:TOP-N [LIMIT=100]
|  order by: s_store_name1 ASC, s_store_id1 ASC, d_week_seq1 ASC
|  mem-estimate=26.56KB mem-reservation=0B thread-reservation=0
|  tuple-ids=14 row-size=272B cardinality=100 cost=661620652546
|  in pipelines: 17(GETNEXT), 20(OPEN)
|
16:HASH JOIN [INNER JOIN, PARTITIONED]
|  hash-table-id=00
|  hash predicates: d_week_seq = d_week_seq - 52, s_store_id = s_store_id
|  fk/pk conjuncts: none
|  mem-estimate=0B mem-reservation=0B spill-buffer=512.00KB thread-reservation=0
|  tuple-ids=2,5,4,9,12,11 row-size=336B cardinality=33.56G cost=6082507783
|  in pipelines: 20(GETNEXT), 25(OPEN)
|
|--F12:PLAN FRAGMENT [HASH(d_week_seq,s_store_id)] hosts=10 instances=120
|  |  Per-Instance Resources: mem-estimate=40.66MB mem-reservation=10.50MB thread-reservation=1 runtime-filters-memory=2.00MB
|  |  max-parallelism=66780 segment-costs=[9162055] cpu-comparison-result=142 [max(120 (self) vs 142 (sum children))]
|  JOIN BUILD
|  |  join-table-id=00 plan-id=01 cohort-id=01
|  |  build expressions: d_week_seq - 52, s_store_id
|  |  runtime filters: RF000[bloom] <- d_week_seq - 52, RF001[bloom] <- s_store_id, RF002[min_max] <- d_week_seq - 52, RF003[min_max] <- s_store_id
|  |  mem-estimate=8.50MB mem-reservation=8.50MB spill-buffer=512.00KB thread-reservation=0 cost=4770165
|  |
|  29:EXCHANGE [HASH(d_week_seq - 52,s_store_id)]
|  |  mem-estimate=30.16MB mem-reservation=0B thread-reservation=0
|  |  tuple-ids=9,12,11 row-size=160B cardinality=4.77M cost=4391890
|  |  in pipelines: 25(GETNEXT)
|  |
|  F07:PLAN FRAGMENT [HASH(d_week_seq,ss_store_sk)] hosts=10 instances=120
|  Per-Instance Resources: mem-estimate=90.62MB mem-reservation=8.50MB thread-reservation=1
|  max-parallelism=210 segment-costs=[2080481569, 61259278] cpu-comparison-result=142 [max(120 (self) vs 142 (sum children))]
|  15:HASH JOIN [INNER JOIN, BROADCAST]
|  |  hash-table-id=01
|  |  hash predicates: ss_store_sk = s_store_sk
|  |  fk/pk conjuncts: ss_store_sk = s_store_sk
|  |  mem-estimate=0B mem-reservation=0B spill-buffer=64.00KB thread-reservation=0
|  |  tuple-ids=9,12,11 row-size=160B cardinality=4.77M cost=2087901
|  |  in pipelines: 25(GETNEXT), 12(OPEN)
|  |
|  |--F13:PLAN FRAGMENT [HASH(d_week_seq,ss_store_sk)] hosts=10 instances=10
|  |  |  Per-Instance Resources: mem-estimate=24.33MB mem-reservation=24.25MB thread-reservation=1 runtime-filters-memory=1.00MB
|  |  |  max-parallelism=10 segment-costs=[3140]
|  |  JOIN BUILD
|  |  |  join-table-id=01 plan-id=02 cohort-id=02
|  |  |  build expressions: s_store_sk
|  |  |  runtime filters: RF010[bloom] <- s_store_sk, RF011[min_max] <- s_store_sk
|  |  |  mem-estimate=23.25MB mem-reservation=23.25MB spill-buffer=64.00KB thread-reservation=0 cost=1350
|  |  |
|  |  27:EXCHANGE [BROADCAST]
|  |  |  mem-estimate=78.19KB mem-reservation=0B thread-reservation=0
|  |  |  tuple-ids=11 row-size=32B cardinality=1.35K cost=1790
|  |  |  in pipelines: 12(GETNEXT)
|  |  |
|  |  F09:PLAN FRAGMENT [RANDOM] hosts=1 instances=1
|  |  Per-Instance Resources: mem-estimate=16.14MB mem-reservation=16.00KB thread-reservation=1
|  |  max-parallelism=1 segment-costs=[533]
|  |  12:SCAN HDFS [tpcds_partitioned_parquet_snap.store, RANDOM]
|  |     HDFS partitions=1/1 files=1 size=119.76KB
|  |     stored statistics:
|  |       table: rows=1.35K size=119.76KB
|  |       columns: all
|  |     extrapolated-rows=disabled max-scan-range-rows=1.35K
|  |     mem-estimate=16.00MB mem-reservation=16.00KB thread-reservation=0
|  |     tuple-ids=11 row-size=32B cardinality=1.35K cost=388
|  |     in pipelines: 12(GETNEXT)
|  |
|  14:HASH JOIN [INNER JOIN, BROADCAST]
|  |  hash-table-id=02
|  |  hash predicates: d_week_seq = d.d_week_seq
|  |  fk/pk conjuncts: none
|  |  mem-estimate=0B mem-reservation=0B spill-buffer=64.00KB thread-reservation=0
|  |  tuple-ids=9,12 row-size=128B cardinality=4.77M cost=2646830
|  |  in pipelines: 25(GETNEXT), 13(OPEN)
|  |
|  |--F14:PLAN FRAGMENT [HASH(d_week_seq,ss_store_sk)] hosts=10 instances=10
|  |  |  Per-Instance Resources: mem-estimate=24.32MB mem-reservation=24.25MB thread-reservation=1 runtime-filters-memory=1.00MB
|  |  |  max-parallelism=10 segment-costs=[17005]
|  |  JOIN BUILD
|  |  |  join-table-id=02 plan-id=03 cohort-id=02
|  |  |  build expressions: d.d_week_seq
|  |  |  runtime filters: RF012[bloom] <- d.d_week_seq, RF013[min_max] <- d.d_week_seq
|  |  |  mem-estimate=23.25MB mem-reservation=23.25MB spill-buffer=64.00KB thread-reservation=0 cost=7305
|  |  |
|  |  26:EXCHANGE [BROADCAST]
|  |  |  mem-estimate=69.07KB mem-reservation=0B thread-reservation=0
|  |  |  tuple-ids=12 row-size=8B cardinality=7.30K cost=9700
|  |  |  in pipelines: 13(GETNEXT)
|  |  |
|  |  F08:PLAN FRAGMENT [RANDOM] hosts=1 instances=1
|  |  Per-Instance Resources: mem-estimate=20.05MB mem-reservation=4.50MB thread-reservation=1
|  |  max-parallelism=1 segment-costs=[12835]
|  |  31:TUPLE CACHE
|  |  |  cache key: 402442a03d759d1bd84365462b54686e
|  |  |  input scan node ids: 13
|  |  |  estimated serialized size: 85.61KB
|  |  |  estimated serialized size per node: 85.61KB
|  |  |  cumulative processing cost: 12520
|  |  |  cache read processing cost: 970
|  |  |  cache write processing cost: 236
|  |  |  mem-estimate=4.00MB mem-reservation=4.00MB spill-buffer=2.00MB thread-reservation=0
|  |  |  tuple-ids=12 row-size=8B cardinality=7.30K cost=0
|  |  |  in pipelines: 13(GETNEXT)
|  |  |
|  |  13:SCAN HDFS [tpcds_partitioned_parquet_snap.date_dim d, RANDOM]
|  |     HDFS partitions=1/1 files=1 size=2.17MB
|  |     deterministic scan range assignment: true
|  |     schedule scan ranges oldest to newest: true
|  |     predicates: d_month_seq <= CAST(1222 AS INT), d_month_seq >= CAST(1211 AS INT)
|  |     stored statistics:
|  |       table: rows=73.05K size=2.17MB
|  |       columns: all
|  |     extrapolated-rows=disabled max-scan-range-rows=73.05K
|  |     parquet statistics predicates: d_month_seq <= CAST(1222 AS INT), d_month_seq >= CAST(1211 AS INT)
|  |     parquet dictionary predicates: d_month_seq <= CAST(1222 AS INT), d_month_seq >= CAST(1211 AS INT)
|  |     mem-estimate=16.00MB mem-reservation=512.00KB thread-reservation=0
|  |     tuple-ids=12 row-size=8B cardinality=7.30K cost=12520
|  |     in pipelines: 13(GETNEXT)
|  |
|  25:AGGREGATE [FINALIZE]
|  |  output: sum:merge(CASE WHEN (d_day_name = 'Sunday') THEN ss_sales_price ELSE NULL END), sum:merge(CASE WHEN (d_day_name = 'Monday') THEN ss_sales_price ELSE NULL END), sum:merge(CASE WHEN (d_day_name = 'Tuesday') THEN ss_sales_price ELSE NULL END), sum:merge(CASE WHEN (d_day_name = 'Wednesday') THEN ss_sales_price ELSE NULL END), sum:merge(CASE WHEN (d_day_name = 'Thursday') THEN ss_sales_price ELSE NULL END), sum:merge(CASE WHEN (d_day_name = 'Friday') THEN ss_sales_price ELSE NULL END), sum:merge(CASE WHEN (d_day_name = 'Saturday') THEN ss_sales_price ELSE NULL END)
|  |  group by: d_week_seq, ss_store_sk
|  |  mem-estimate=10.00MB mem-reservation=8.50MB spill-buffer=512.00KB thread-reservation=0
|  |  tuple-ids=9 row-size=120B cardinality=6.95M cost=1527535184
|  |  in pipelines: 25(GETNEXT), 08(OPEN)
|  |
|  24:EXCHANGE [HASH(d_week_seq,ss_store_sk)]
|  |  mem-estimate=24.53MB mem-reservation=0B thread-reservation=0
|  |  tuple-ids=9 row-size=120B cardinality=833.88M cost=552946385
|  |  in pipelines: 08(GETNEXT)
|  |
|  F05:PLAN FRAGMENT [RANDOM] hosts=10 instances=120
|  Per-Host Shared Resources: mem-estimate=2.00MB mem-reservation=2.00MB thread-reservation=0 runtime-filters-memory=2.00MB
|  Per-Instance Resources: mem-estimate=767.53MB mem-reservation=42.00MB thread-reservation=1
|  max-parallelism=1824 segment-costs=[24551817547, 6873846540] cpu-comparison-result=120 [max(120 (self) vs 11 (sum children))]
|  11:AGGREGATE [STREAMING]
|  |  output: sum(CASE WHEN (d_day_name = 'Sunday') THEN ss_sales_price ELSE NULL END), sum(CASE WHEN (d_day_name = 'Monday') THEN ss_sales_price ELSE NULL END), sum(CASE WHEN (d_day_name = 'Tuesday') THEN ss_sales_price ELSE NULL END), sum(CASE WHEN (d_day_name = 'Wednesday') THEN ss_sales_price ELSE NULL END), sum(CASE WHEN (d_day_name = 'Thursday') THEN ss_sales_price ELSE NULL END), sum(CASE WHEN (d_day_name = 'Friday') THEN ss_sales_price ELSE NULL END), sum(CASE WHEN (d_day_name = 'Saturday') THEN ss_sales_price ELSE NULL END)
|  |  group by: d_week_seq, ss_store_sk
|  |  mem-estimate=693.40MB mem-reservation=34.00MB spill-buffer=2.00MB thread-reservation=0
|  |  tuple-ids=9 row-size=120B cardinality=833.88M cost=19277137113
|  |  in pipelines: 08(GETNEXT)
|  |
|  10:HASH JOIN [INNER JOIN, BROADCAST]
|  |  hash-table-id=03
|  |  hash predicates: ss_sold_date_sk = d_date_sk
|  |  fk/pk conjuncts: ss_sold_date_sk = d_date_sk
|  |  mem-estimate=0B mem-reservation=0B spill-buffer=256.00KB thread-reservation=0
|  |  tuple-ids=7,8 row-size=39B cardinality=8.64G cost=3781699633
|  |  in pipelines: 08(GETNEXT), 09(OPEN)
|  |
|  |--F15:PLAN FRAGMENT [RANDOM] hosts=10 instances=10
|  |  |  Per-Instance Resources: mem-estimate=59.92MB mem-reservation=58.00MB thread-reservation=1 runtime-filters-memory=1.00MB
|  |  |  max-parallelism=10 segment-costs=[170129]
|  |  JOIN BUILD
|  |  |  join-table-id=03 plan-id=04 cohort-id=02
|  |  |  build expressions: d_date_sk
|  |  |  runtime filters: RF014[bloom] <- d_date_sk
|  |  |  mem-estimate=57.00MB mem-reservation=57.00MB spill-buffer=256.00KB thread-reservation=0 cost=73049
|  |  |
|  |  23:EXCHANGE [BROADCAST]
|  |  |  mem-estimate=1.92MB mem-reservation=0B thread-reservation=0
|  |  |  tuple-ids=8 row-size=27B cardinality=73.05K cost=97080
|  |  |  in pipelines: 09(GETNEXT)
|  |  |
|  |  F06:PLAN FRAGMENT [RANDOM] hosts=1 instances=1
|  |  Per-Host Shared Resources: mem-estimate=1.00MB mem-reservation=1.00MB thread-reservation=0 runtime-filters-memory=1.00MB
|  |  Per-Instance Resources: mem-estimate=16.12MB mem-reservation=512.00KB thread-reservation=1
|  |  max-parallelism=1 segment-costs=[22859]
|  |  09:SCAN HDFS [tpcds_partitioned_parquet_snap.date_dim, RANDOM]
|  |     HDFS partitions=1/1 files=1 size=2.17MB
|  |     runtime filters: RF013[min_max] -> tpcds_partitioned_parquet_snap.date_dim.d_week_seq, RF012[bloom] -> tpcds_partitioned_parquet_snap.date_dim.d_week_seq
|  |     stored statistics:
|  |       table: rows=73.05K size=2.17MB
|  |       columns: all
|  |     extrapolated-rows=disabled max-scan-range-rows=73.05K
|  |     mem-estimate=16.00MB mem-reservation=512.00KB thread-reservation=0
|  |     tuple-ids=8 row-size=27B cardinality=73.05K cost=15928
|  |     in pipelines: 09(GETNEXT)
|  |
|  08:SCAN HDFS [tpcds_partitioned_parquet_snap.store_sales, RANDOM]
|     HDFS partitions=1824/1824 files=1824 size=389.90GB
|     runtime filters: RF011[min_max] -> tpcds_partitioned_parquet_snap.store_sales.ss_store_sk, RF010[bloom] -> tpcds_partitioned_parquet_snap.store_sales.ss_store_sk, RF014[bloom] -> ss_sold_date_sk
|     stored statistics:
|       table: rows=8.64G size=389.90GB
|       partitions: 1824/1824 rows=8.64G
|       columns: all
|     extrapolated-rows=disabled max-scan-range-rows=390.22M
|     mem-estimate=16.00MB mem-reservation=8.00MB thread-reservation=0
|     tuple-ids=7 row-size=12B cardinality=8.64G cost=1492980801
|     in pipelines: 08(GETNEXT)
|
28:EXCHANGE [HASH(d_week_seq,s_store_id)]
|  mem-estimate=32.02MB mem-reservation=0B thread-reservation=0
|  tuple-ids=2,5,4 row-size=176B cardinality=4.77M cost=4741634
|  in pipelines: 20(GETNEXT)
|
F02:PLAN FRAGMENT [HASH(d_week_seq,ss_store_sk)] hosts=10 instances=120
Per-Instance Resources: mem-estimate=98.10MB mem-reservation=8.50MB thread-reservation=1
max-parallelism=210 segment-costs=[2080481569, 66155687] cpu-comparison-result=142 [max(120 (self) vs 142 (sum children))]
07:HASH JOIN [INNER JOIN, BROADCAST]
|  hash-table-id=04
|  hash predicates: ss_store_sk = s_store_sk
|  fk/pk conjuncts: ss_store_sk = s_store_sk
|  mem-estimate=0B mem-reservation=0B spill-buffer=64.00KB thread-reservation=0
|  tuple-ids=2,5,4 row-size=176B cardinality=4.77M cost=2087901
|  in pipelines: 20(GETNEXT), 04(OPEN)
|
|--F16:PLAN FRAGMENT [HASH(d_week_seq,ss_store_sk)] hosts=10 instances=10
|  |  Per-Instance Resources: mem-estimate=24.36MB mem-reservation=24.25MB thread-reservation=1 runtime-filters-memory=1.00MB
|  |  max-parallelism=10 segment-costs=[3140]
|  JOIN BUILD
|  |  join-table-id=04 plan-id=05 cohort-id=01
|  |  build expressions: s_store_sk
|  |  runtime filters: RF004[bloom] <- s_store_sk, RF005[min_max] <- s_store_sk
|  |  mem-estimate=23.25MB mem-reservation=23.25MB spill-buffer=64.00KB thread-reservation=0 cost=1350
|  |
|  22:EXCHANGE [BROADCAST]
|  |  mem-estimate=115.14KB mem-reservation=0B thread-reservation=0
|  |  tuple-ids=4 row-size=48B cardinality=1.35K cost=1790
|  |  in pipelines: 04(GETNEXT)
|  |
|  F04:PLAN FRAGMENT [RANDOM] hosts=1 instances=1
|  Per-Host Shared Resources: mem-estimate=1.00MB mem-reservation=1.00MB thread-reservation=0 runtime-filters-memory=1.00MB
|  Per-Instance Resources: mem-estimate=16.20MB mem-reservation=24.00KB thread-reservation=1
|  max-parallelism=1 segment-costs=[668]
|  04:SCAN HDFS [tpcds_partitioned_parquet_snap.store, RANDOM]
|     HDFS partitions=1/1 files=1 size=119.76KB
|     runtime filters: RF003[min_max] -> s_store_id, RF001[bloom] -> s_store_id
|     stored statistics:
|       table: rows=1.35K size=119.76KB
|       columns: all
|     extrapolated-rows=disabled max-scan-range-rows=1.35K
|     mem-estimate=16.00MB mem-reservation=24.00KB thread-reservation=0
|     tuple-ids=4 row-size=48B cardinality=1.35K cost=465
|     in pipelines: 04(GETNEXT)
|
06:HASH JOIN [INNER JOIN, BROADCAST]
|  hash-table-id=05
|  hash predicates: d_week_seq = d.d_week_seq
|  fk/pk conjuncts: none
|  mem-estimate=0B mem-reservation=0B spill-buffer=64.00KB thread-reservation=0
|  tuple-ids=2,5 row-size=128B cardinality=4.77M cost=2646830
|  in pipelines: 20(GETNEXT), 05(OPEN)
|
|--F17:PLAN FRAGMENT [HASH(d_week_seq,ss_store_sk)] hosts=10 instances=10
|  |  Per-Instance Resources: mem-estimate=24.32MB mem-reservation=24.25MB thread-reservation=1 runtime-filters-memory=1.00MB
|  |  max-parallelism=10 segment-costs=[17005]
|  JOIN BUILD
|  |  join-table-id=05 plan-id=06 cohort-id=01
|  |  build expressions: d.d_week_seq
|  |  runtime filters: RF006[bloom] <- d.d_week_seq, RF007[min_max] <- d.d_week_seq
|  |  mem-estimate=23.25MB mem-reservation=23.25MB spill-buffer=64.00KB thread-reservation=0 cost=7305
|  |
|  21:EXCHANGE [BROADCAST]
|  |  mem-estimate=69.07KB mem-reservation=0B thread-reservation=0
|  |  tuple-ids=5 row-size=8B cardinality=7.30K cost=9700
|  |  in pipelines: 05(GETNEXT)
|  |
|  F03:PLAN FRAGMENT [RANDOM] hosts=1 instances=1
|  Per-Host Shared Resources: mem-estimate=1.00MB mem-reservation=1.00MB thread-reservation=0 runtime-filters-memory=1.00MB
|  Per-Instance Resources: mem-estimate=16.05MB mem-reservation=512.00KB thread-reservation=1
|  max-parallelism=1 segment-costs=[12835]
|  05:SCAN HDFS [tpcds_partitioned_parquet_snap.date_dim d, RANDOM]
|     HDFS partitions=1/1 files=1 size=2.17MB
|     predicates: d_month_seq <= CAST(1210 AS INT), d_month_seq >= CAST(1199 AS INT)
|     runtime filters: RF002[min_max] -> d.d_week_seq, RF000[bloom] -> d.d_week_seq
|     stored statistics:
|       table: rows=73.05K size=2.17MB
|       columns: all
|     extrapolated-rows=disabled max-scan-range-rows=73.05K
|     parquet statistics predicates: d_month_seq <= CAST(1210 AS INT), d_month_seq >= CAST(1199 AS INT)
|     parquet dictionary predicates: d_month_seq <= CAST(1210 AS INT), d_month_seq >= CAST(1199 AS INT)
|     mem-estimate=16.00MB mem-reservation=512.00KB thread-reservation=0
|     tuple-ids=5 row-size=8B cardinality=7.30K cost=12520
|     in pipelines: 05(GETNEXT)
|
20:AGGREGATE [FINALIZE]
|  output: sum:merge(CASE WHEN (d_day_name = 'Sunday') THEN ss_sales_price ELSE NULL END), sum:merge(CASE WHEN (d_day_name = 'Monday') THEN ss_sales_price ELSE NULL END), sum:merge(CASE WHEN (d_day_name = 'Tuesday') THEN ss_sales_price ELSE NULL END), sum:merge(CASE WHEN (d_day_name = 'Wednesday') THEN ss_sales_price ELSE NULL END), sum:merge(CASE WHEN (d_day_name = 'Thursday') THEN ss_sales_price ELSE NULL END), sum:merge(CASE WHEN (d_day_name = 'Friday') THEN ss_sales_price ELSE NULL END), sum:merge(CASE WHEN (d_day_name = 'Saturday') THEN ss_sales_price ELSE NULL END)
|  group by: d_week_seq, ss_store_sk
|  mem-estimate=10.00MB mem-reservation=8.50MB spill-buffer=512.00KB thread-reservation=0
|  tuple-ids=2 row-size=120B cardinality=6.95M cost=1527535184
|  in pipelines: 20(GETNEXT), 00(OPEN)
|
19:EXCHANGE [HASH(d_week_seq,ss_store_sk)]
|  mem-estimate=24.53MB mem-reservation=0B thread-reservation=0
|  tuple-ids=2 row-size=120B cardinality=833.88M cost=552946385
|  in pipelines: 00(GETNEXT)
|
F00:PLAN FRAGMENT [RANDOM] hosts=10 instances=120
Per-Host Shared Resources: mem-estimate=2.00MB mem-reservation=2.00MB thread-reservation=0 runtime-filters-memory=2.00MB
Per-Instance Resources: mem-estimate=767.53MB mem-reservation=42.00MB thread-reservation=1
max-parallelism=1824 segment-costs=[24551817547, 6873846540] cpu-comparison-result=120 [max(120 (self) vs 11 (sum children))]
03:AGGREGATE [STREAMING]
|  output: sum(CASE WHEN (d_day_name = 'Sunday') THEN ss_sales_price ELSE NULL END), sum(CASE WHEN (d_day_name = 'Monday') THEN ss_sales_price ELSE NULL END), sum(CASE WHEN (d_day_name = 'Tuesday') THEN ss_sales_price ELSE NULL END), sum(CASE WHEN (d_day_name = 'Wednesday') THEN ss_sales_price ELSE NULL END), sum(CASE WHEN (d_day_name = 'Thursday') THEN ss_sales_price ELSE NULL END), sum(CASE WHEN (d_day_name = 'Friday') THEN ss_sales_price ELSE NULL END), sum(CASE WHEN (d_day_name = 'Saturday') THEN ss_sales_price ELSE NULL END)
|  group by: d_week_seq, ss_store_sk
|  mem-estimate=693.40MB mem-reservation=34.00MB spill-buffer=2.00MB thread-reservation=0
|  tuple-ids=2 row-size=120B cardinality=833.88M cost=19277137113
|  in pipelines: 00(GETNEXT)
|
02:HASH JOIN [INNER JOIN, BROADCAST]
|  hash-table-id=06
|  hash predicates: ss_sold_date_sk = d_date_sk
|  fk/pk conjuncts: ss_sold_date_sk = d_date_sk
|  mem-estimate=0B mem-reservation=0B spill-buffer=256.00KB thread-reservation=0
|  tuple-ids=0,1 row-size=39B cardinality=8.64G cost=3781699633
|  in pipelines: 00(GETNEXT), 01(OPEN)
|
|--F18:PLAN FRAGMENT [RANDOM] hosts=10 instances=10
|  |  Per-Instance Resources: mem-estimate=59.92MB mem-reservation=58.00MB thread-reservation=1 runtime-filters-memory=1.00MB
|  |  max-parallelism=10 segment-costs=[170129]
|  JOIN BUILD
|  |  join-table-id=06 plan-id=07 cohort-id=01
|  |  build expressions: d_date_sk
|  |  runtime filters: RF008[bloom] <- d_date_sk
|  |  mem-estimate=57.00MB mem-reservation=57.00MB spill-buffer=256.00KB thread-reservation=0 cost=73049
|  |
|  18:EXCHANGE [BROADCAST]
|  |  mem-estimate=1.92MB mem-reservation=0B thread-reservation=0
|  |  tuple-ids=1 row-size=27B cardinality=73.05K cost=97080
|  |  in pipelines: 01(GETNEXT)
|  |
|  F01:PLAN FRAGMENT [RANDOM] hosts=1 instances=1
|  Per-Host Shared Resources: mem-estimate=2.00MB mem-reservation=2.00MB thread-reservation=0 runtime-filters-memory=2.00MB
|  Per-Instance Resources: mem-estimate=16.12MB mem-reservation=512.00KB thread-reservation=1
|  max-parallelism=1 segment-costs=[22859]
|  01:SCAN HDFS [tpcds_partitioned_parquet_snap.date_dim, RANDOM]
|     HDFS partitions=1/1 files=1 size=2.17MB
|     runtime filters: RF007[min_max] -> tpcds_partitioned_parquet_snap.date_dim.d_week_seq, RF002[min_max] -> tpcds_partitioned_parquet_snap.date_dim.d_week_seq, RF006[bloom] -> tpcds_partitioned_parquet_snap.date_dim.d_week_seq, RF000[bloom] -> tpcds_partitioned_parquet_snap.date_dim.d_week_seq
|     stored statistics:
|       table: rows=73.05K size=2.17MB
|       columns: all
|     extrapolated-rows=disabled max-scan-range-rows=73.05K
|     mem-estimate=16.00MB mem-reservation=512.00KB thread-reservation=0
|     tuple-ids=1 row-size=27B cardinality=73.05K cost=15928
|     in pipelines: 01(GETNEXT)
|
00:SCAN HDFS [tpcds_partitioned_parquet_snap.store_sales, RANDOM]
   HDFS partitions=1824/1824 files=1824 size=389.90GB
   runtime filters: RF005[min_max] -> tpcds_partitioned_parquet_snap.store_sales.ss_store_sk, RF004[bloom] -> tpcds_partitioned_parquet_snap.store_sales.ss_store_sk, RF008[bloom] -> ss_sold_date_sk
   stored statistics:
     table: rows=8.64G size=389.90GB
     partitions: 1824/1824 rows=8.64G
     columns: all
   extrapolated-rows=disabled max-scan-range-rows=390.22M
   mem-estimate=16.00MB mem-reservation=8.00MB thread-reservation=0
   tuple-ids=0 row-size=12B cardinality=8.64G cost=1492980801
   in pipelines: 00(GETNEXT)
====
