# TPCDS-Q5
# start query 5 in stream 0 using template query5.tpl using seed 246622778
with ssr as
 (select s_store_id,
        sum(sales_price) as sales,
        sum(profit) as profit,
        sum(return_amt) as `returns`,
        sum(net_loss) as profit_loss
 from
  ( select  ss_store_sk as store_sk,
            ss_sold_date_sk  as date_sk,
            ss_ext_sales_price as sales_price,
            ss_net_profit as profit,
            cast(0 as decimal(7,2)) as return_amt,
            cast(0 as decimal(7,2)) as net_loss
    from store_sales
    union all
    select sr_store_sk as store_sk,
           sr_returned_date_sk as date_sk,
           cast(0 as decimal(7,2)) as sales_price,
           cast(0 as decimal(7,2)) as profit,
           sr_return_amt as return_amt,
           sr_net_loss as net_loss
    from store_returns
   ) salesreturns,
     date_dim,
     store
 where date_sk = d_date_sk
       and d_date between cast('2000-08-19' as date)
                  and (cast('2000-08-19' as date) +  interval 14 days)
       and store_sk = s_store_sk
 group by s_store_id)
 ,
 csr as
 (select cp_catalog_page_id,
        sum(sales_price) as sales,
        sum(profit) as profit,
        sum(return_amt) as `returns`,
        sum(net_loss) as profit_loss
 from
  ( select  cs_catalog_page_sk as page_sk,
            cs_sold_date_sk  as date_sk,
            cs_ext_sales_price as sales_price,
            cs_net_profit as profit,
            cast(0 as decimal(7,2)) as return_amt,
            cast(0 as decimal(7,2)) as net_loss
    from catalog_sales
    union all
    select cr_catalog_page_sk as page_sk,
           cr_returned_date_sk as date_sk,
           cast(0 as decimal(7,2)) as sales_price,
           cast(0 as decimal(7,2)) as profit,
           cr_return_amount as return_amt,
           cr_net_loss as net_loss
    from catalog_returns
   ) salesreturns,
     date_dim,
     catalog_page
 where date_sk = d_date_sk
       and d_date between cast('2000-08-19' as date)
                  and (cast('2000-08-19' as date) +  interval 14 days)
       and page_sk = cp_catalog_page_sk
 group by cp_catalog_page_id)
 ,
 wsr as
 (select web_site_id,
        sum(sales_price) as sales,
        sum(profit) as profit,
        sum(return_amt) as `returns`,
        sum(net_loss) as profit_loss
 from
  ( select  ws_web_site_sk as wsr_web_site_sk,
            ws_sold_date_sk  as date_sk,
            ws_ext_sales_price as sales_price,
            ws_net_profit as profit,
            cast(0 as decimal(7,2)) as return_amt,
            cast(0 as decimal(7,2)) as net_loss
    from web_sales
    union all
    select ws_web_site_sk as wsr_web_site_sk,
           wr_returned_date_sk as date_sk,
           cast(0 as decimal(7,2)) as sales_price,
           cast(0 as decimal(7,2)) as profit,
           wr_return_amt as return_amt,
           wr_net_loss as net_loss
    from web_returns left outer join web_sales on
         ( wr_item_sk = ws_item_sk
           and wr_order_number = ws_order_number)
   ) salesreturns,
     date_dim,
     web_site
 where date_sk = d_date_sk
       and d_date between cast('2000-08-19' as date)
                  and (cast('2000-08-19' as date) +  interval 14 days)
       and wsr_web_site_sk = web_site_sk
 group by web_site_id)
  select  channel
        , id
        , sum(sales) as sales
        , sum(`returns`) as `returns`
        , sum(profit) as profit
 from
 (select 'store channel' as channel
        , 'store' || s_store_id as id
        , sales
        , `returns`
        , (profit - profit_loss) as profit
 from   ssr
 union all
 select 'catalog channel' as channel
        , 'catalog_page' || cp_catalog_page_id as id
        , sales
        , `returns`
        , (profit - profit_loss) as profit
 from  csr
 union all
 select 'web channel' as channel
        , 'web_site' || web_site_id as id
        , sales
        , `returns`
        , (profit - profit_loss) as profit
 from   wsr
 ) x
 group by rollup (channel, id)
 order by channel
         ,id
 limit 100;

# end query 5 in stream 0 using template query5.tpl
---- PLAN
Max Per-Host Resource Reservation: Memory=94.64MB Threads=1
Per-Host Resource Estimates: Memory=10.97GB
F00:PLAN FRAGMENT [UNPARTITIONED] hosts=1 instances=1
|  Per-Instance Resources: mem-estimate=10.97GB mem-reservation=94.64MB thread-reservation=1 runtime-filters-memory=23.00MB
|  max-parallelism=1 segment-costs=[5637146480, 2816221067, 2740469898, 342336, 221854, 313895, 500]
PLAN-ROOT SINK
|  output exprs: CASE valid_tid(27,28,29) WHEN 27 THEN channel WHEN 28 THEN channel WHEN 29 THEN NULL END, CASE valid_tid(27,28,29) WHEN 27 THEN id WHEN 28 THEN NULL WHEN 29 THEN NULL END, aggif(valid_tid(27,28,29) IN (27, 28, 29), CASE valid_tid(27,28,29) WHEN 27 THEN sum(sales) WHEN 28 THEN sum(sales) WHEN 29 THEN sum(sales) END), aggif(valid_tid(27,28,29) IN (27, 28, 29), CASE valid_tid(27,28,29) WHEN 27 THEN sum(`returns`) WHEN 28 THEN sum(`returns`) WHEN 29 THEN sum(`returns`) END), aggif(valid_tid(27,28,29) IN (27, 28, 29), CASE valid_tid(27,28,29) WHEN 27 THEN sum(profit) WHEN 28 THEN sum(profit) WHEN 29 THEN sum(profit) END)
|  mem-estimate=4.00MB mem-reservation=4.00MB spill-buffer=2.00MB thread-reservation=0 cost=500
|
29:TOP-N [LIMIT=100]
|  order by: CASE valid_tid(27,28,29) WHEN 27 THEN channel WHEN 28 THEN channel WHEN 29 THEN NULL END ASC, CASE valid_tid(27,28,29) WHEN 27 THEN id WHEN 28 THEN NULL WHEN 29 THEN NULL END ASC
|  mem-estimate=7.03KB mem-reservation=0B thread-reservation=0
|  tuple-ids=31 row-size=72B cardinality=100 cost=313895
|  in pipelines: 29(GETNEXT), 28(OPEN)
|
38:TUPLE CACHE
|  cache key: 6e49530bbc70b30e81c23b4f97f8e0ca
|  input scan node ids: 2,3,4,5,10,11,12,13,18,20,19,22,23
|  estimated serialized size: 2.80MB
|  estimated serialized size per node: 286.84KB
|  cumulative processing cost: 11194401635
|  cache read processing cost: 4879
|  cache write processing cost: 7930
|  mem-estimate=4.00MB mem-reservation=4.00MB spill-buffer=2.00MB thread-reservation=0
|  tuple-ids=30 row-size=76B cardinality=36.72K cost=0
|  in pipelines: 28(GETNEXT)
|
28:AGGREGATE [FINALIZE]
|  output: aggif(valid_tid(27,28,29) IN (CAST(27 AS INT), CAST(28 AS INT), CAST(29 AS INT)), CASE valid_tid(27,28,29) WHEN CAST(27 AS INT) THEN sum(sales) WHEN CAST(28 AS INT) THEN sum(sales) WHEN CAST(29 AS INT) THEN sum(sales) END), aggif(valid_tid(27,28,29) IN (CAST(27 AS INT), CAST(28 AS INT), CAST(29 AS INT)), CASE valid_tid(27,28,29) WHEN CAST(27 AS INT) THEN sum(`returns`) WHEN CAST(28 AS INT) THEN sum(`returns`) WHEN CAST(29 AS INT) THEN sum(`returns`) END), aggif(valid_tid(27,28,29) IN (CAST(27 AS INT), CAST(28 AS INT), CAST(29 AS INT)), CASE valid_tid(27,28,29) WHEN CAST(27 AS INT) THEN sum(profit) WHEN CAST(28 AS INT) THEN sum(profit) WHEN CAST(29 AS INT) THEN sum(profit) END)
|  group by: CASE valid_tid(27,28,29) WHEN CAST(27 AS INT) THEN channel WHEN CAST(28 AS INT) THEN channel WHEN CAST(29 AS INT) THEN NULL END, CASE valid_tid(27,28,29) WHEN CAST(27 AS INT) THEN id WHEN CAST(28 AS INT) THEN NULL WHEN CAST(29 AS INT) THEN NULL END, CASE valid_tid(27,28,29) WHEN CAST(27 AS INT) THEN CAST(27 AS INT) WHEN CAST(28 AS INT) THEN CAST(28 AS INT) WHEN CAST(29 AS INT) THEN CAST(29 AS INT) END
|  mem-estimate=10.00MB mem-reservation=4.75MB spill-buffer=256.00KB thread-reservation=0
|  tuple-ids=30 row-size=76B cardinality=36.72K cost=221854
|  in pipelines: 28(GETNEXT), 27(OPEN)
|
37:TUPLE CACHE
|  cache key: faa768d295afbba33518c7b0b67ac48c
|  input scan node ids: 2,3,4,5,10,11,12,13,18,20,19,22,23
|  estimated serialized size: 7.98MB
|  estimated serialized size per node: 817.48KB
|  cumulative processing cost: 11194179781
|  cache read processing cost: 4879
|  cache write processing cost: 22601
|  mem-estimate=4.00MB mem-reservation=4.00MB spill-buffer=2.00MB thread-reservation=0
|  tuple-ids=27N,28N,29N row-size=216B cardinality=36.72K cost=0
|  in pipelines: 27(GETNEXT)
|
27:AGGREGATE [FINALIZE]
|  Class 0
|    output: sum(sales), sum(returns), sum(profit)
|    group by: channel, id
|  Class 1
|    output: sum(sales), sum(returns), sum(profit)
|    group by: channel, NULL
|  Class 2
|    output: sum(sales), sum(returns), sum(profit)
|    group by: NULL, NULL
|  mem-estimate=30.00MB mem-reservation=12.38MB thread-reservation=0
|  tuple-ids=27N,28N,29N row-size=216B cardinality=36.72K cost=333014
|  in pipelines: 27(GETNEXT), 08(OPEN), 16(OPEN), 26(OPEN)
|
00:UNION
|  mem-estimate=0B mem-reservation=0B thread-reservation=0
|  tuple-ids=25 row-size=72B cardinality=36.71K cost=9322
|  in pipelines: 08(GETNEXT), 16(GETNEXT), 26(GETNEXT)
|
|--36:TUPLE CACHE
|  |  cache key: 8f759bba7cc0e75730adcde1e2394837
|  |  input scan node ids: 18,20,19,22,23
|  |  estimated serialized size: 3.09KB
|  |  estimated serialized size per node: 316B
|  |  cumulative processing cost: 2740469898
|  |  cache read processing cost: 4
|  |  cache write processing cost: 8
|  |  mem-estimate=4.00MB mem-reservation=4.00MB spill-buffer=2.00MB thread-reservation=0
|  |  tuple-ids=23 row-size=92B cardinality=33 cost=0
|  |  in pipelines: 26(GETNEXT)
|  |
|  26:AGGREGATE [FINALIZE]
|  |  output: sum(sales_price), sum(profit), sum(return_amt), sum(net_loss)
|  |  group by: web_site_id
|  |  mem-estimate=10.00MB mem-reservation=1.94MB spill-buffer=64.00KB thread-reservation=0
|  |  tuple-ids=23 row-size=92B cardinality=33 cost=4479919
|  |  in pipelines: 26(GETNEXT), 18(OPEN), 20(OPEN)
|  |
|  25:HASH JOIN [INNER JOIN]
|  |  hash predicates: wsr_web_site_sk = web_site_sk
|  |  fk/pk conjuncts: assumed fk/pk
|  |  runtime filters: RF008[bloom] <- web_site_sk, RF009[min_max] <- web_site_sk
|  |  mem-estimate=1.94MB mem-reservation=1.94MB spill-buffer=64.00KB thread-reservation=0
|  |  tuple-ids=19,21,22 row-size=64B cardinality=8.92M cost=3936848
|  |  in pipelines: 18(GETNEXT), 20(GETNEXT), 23(OPEN)
|  |
|  |--23:SCAN HDFS [tpcds_partitioned_parquet_snap.web_site]
|  |     HDFS partitions=1/1 files=1 size=17.88KB
|  |     deterministic scan range assignment: true
|  |     schedule scan ranges oldest to newest: true
|  |     stored statistics:
|  |       table: rows=66 size=17.88KB
|  |       columns: all
|  |     extrapolated-rows=disabled max-scan-range-rows=66
|  |     mem-estimate=16.00MB mem-reservation=16.00KB thread-reservation=0
|  |     tuple-ids=22 row-size=32B cardinality=66 cost=19
|  |     in pipelines: 23(GETNEXT)
|  |
|  35:TUPLE CACHE
|  |  cache key: b1ce353253384fc2b76f1df1086f1e7b
|  |  input scan node ids: 18,20,19,22
|  |  estimated serialized size: 345.24MB
|  |  estimated serialized size per node: 34.52MB
|  |  cumulative processing cost: 2732053112
|  |  cache read processing cost: 1202767
|  |  cache write processing cost: 977418
|  |  mem-estimate=4.00MB mem-reservation=4.00MB spill-buffer=2.00MB thread-reservation=0
|  |  tuple-ids=19,21 row-size=32B cardinality=9.05M cost=0
|  |  in pipelines: 18(GETNEXT), 20(GETNEXT)
|  |
|  24:HASH JOIN [INNER JOIN]
|  |  hash predicates: date_sk = d_date_sk
|  |  fk/pk conjuncts: assumed fk/pk
|  |  runtime filters: RF010[bloom] <- d_date_sk
|  |  mem-estimate=1.94MB mem-reservation=1.94MB spill-buffer=64.00KB thread-reservation=0
|  |  tuple-ids=19,21 row-size=32B cardinality=9.05M cost=611076377
|  |  in pipelines: 18(GETNEXT), 20(GETNEXT), 22(OPEN)
|  |
|  |--34:TUPLE CACHE
|  |  |  cache key: 83717adeca14e11d2695adfe5bca39c1
|  |  |  input scan node ids: 22
|  |  |  estimated serialized size: 180B
|  |  |  estimated serialized size per node: 180B
|  |  |  cumulative processing cost: 12520
|  |  |  cache read processing cost: 1
|  |  |  cache write processing cost: 0
|  |  |  mem-estimate=4.00MB mem-reservation=4.00MB spill-buffer=2.00MB thread-reservation=0
|  |  |  tuple-ids=21 row-size=8B cardinality=15 cost=0
|  |  |  in pipelines: 22(GETNEXT)
|  |  |
|  |  22:SCAN HDFS [tpcds_partitioned_parquet_snap.date_dim]
|  |     HDFS partitions=1/1 files=1 size=2.17MB
|  |     deterministic scan range assignment: true
|  |     schedule scan ranges oldest to newest: true
|  |     predicates: d_date <= DATE '2000-09-02', d_date >= DATE '2000-08-19'
|  |     stored statistics:
|  |       table: rows=73.05K size=2.17MB
|  |       columns: all
|  |     extrapolated-rows=disabled max-scan-range-rows=73.05K
|  |     parquet statistics predicates: d_date <= DATE '2000-09-02', d_date >= DATE '2000-08-19'
|  |     parquet dictionary predicates: d_date <= DATE '2000-09-02', d_date >= DATE '2000-08-19'
|  |     mem-estimate=16.00MB mem-reservation=1.00MB thread-reservation=0
|  |     tuple-ids=21 row-size=8B cardinality=15 cost=12520
|  |     in pipelines: 22(GETNEXT)
|  |
|  17:UNION
|  |  mem-estimate=0B mem-reservation=0B thread-reservation=0
|  |  tuple-ids=19 row-size=24B cardinality=2.38G cost=241826293
|  |  in pipelines: 18(GETNEXT), 20(GETNEXT)
|  |
|  |--21:HASH JOIN [RIGHT OUTER JOIN]
|  |  |  hash predicates: ws_item_sk = wr_item_sk, ws_order_number = wr_order_number
|  |  |  fk/pk conjuncts: ws_item_sk = wr_item_sk, ws_order_number = wr_order_number
|  |  |  runtime filters: RF012[bloom] <- wr_item_sk, RF013[bloom] <- wr_order_number, RF014[min_max] <- wr_item_sk, RF015[min_max] <- wr_order_number
|  |  |  mem-estimate=10.83GB mem-reservation=34.00MB spill-buffer=2.00MB thread-reservation=0
|  |  |  tuple-ids=18N,17 row-size=40B cardinality=216.00M cost=809174156
|  |  |  in pipelines: 20(GETNEXT), 19(OPEN)
|  |  |
|  |  |--19:SCAN HDFS [tpcds_partitioned_parquet_snap.web_returns]
|  |  |     HDFS partitions=2114/2114 files=2114 size=16.74GB
|  |  |     deterministic scan range assignment: true
|  |  |     schedule scan ranges oldest to newest: true
|  |  |     runtime filters: RF010[bloom] -> tpcds_partitioned_parquet_snap.web_returns.wr_returned_date_sk
|  |  |     stored statistics:
|  |  |       table: rows=216.00M size=16.74GB
|  |  |       partitions: 2114/2114 rows=216.00M
|  |  |       columns: all
|  |  |     extrapolated-rows=disabled max-scan-range-rows=9.41M
|  |  |     mem-estimate=16.00MB mem-reservation=256.00KB thread-reservation=0
|  |  |     tuple-ids=17 row-size=24B cardinality=216.00M cost=74650528
|  |  |     in pipelines: 19(GETNEXT)
|  |  |
|  |  20:SCAN HDFS [tpcds_partitioned_parquet_snap.web_sales]
|  |     HDFS partitions=1824/1824 files=1824 size=145.75GB
|  |     deterministic scan range assignment: true
|  |     schedule scan ranges oldest to newest: true
|  |     runtime filters: RF014[min_max] -> ws_item_sk, RF015[min_max] -> ws_order_number, RF009[min_max] -> tpcds_partitioned_parquet_snap.web_sales.ws_web_site_sk, RF012[bloom] -> ws_item_sk, RF013[bloom] -> ws_order_number, RF008[bloom] -> tpcds_partitioned_parquet_snap.web_sales.ws_web_site_sk
|  |     stored statistics:
|  |       table: rows=2.16G size=145.75GB
|  |       partitions: 1824/1824 rows=2.16G
|  |       columns: all
|  |     extrapolated-rows=disabled max-scan-range-rows=3.37M
|  |     mem-estimate=16.00MB mem-reservation=128.00KB thread-reservation=0
|  |     tuple-ids=18 row-size=16B cardinality=2.16G cost=497656619
|  |     in pipelines: 20(GETNEXT)
|  |
|  18:SCAN HDFS [tpcds_partitioned_parquet_snap.web_sales]
|     HDFS partitions=1824/1824 files=1824 size=145.75GB
|     deterministic scan range assignment: true
|     schedule scan ranges oldest to newest: true
|     runtime filters: RF009[min_max] -> tpcds_partitioned_parquet_snap.web_sales.ws_web_site_sk, RF010[bloom] -> tpcds_partitioned_parquet_snap.web_sales.ws_sold_date_sk, RF008[bloom] -> tpcds_partitioned_parquet_snap.web_sales.ws_web_site_sk
|     stored statistics:
|       table: rows=2.16G size=145.75GB
|       partitions: 1824/1824 rows=2.16G
|       columns: all
|     extrapolated-rows=disabled max-scan-range-rows=3.37M
|     mem-estimate=16.00MB mem-reservation=128.00KB thread-reservation=0
|     tuple-ids=16 row-size=16B cardinality=2.16G cost=497656619
|     in pipelines: 18(GETNEXT)
|
|--33:TUPLE CACHE
|  |  cache key: 846ca9ab50aaf1e86288fad001794e0c
|  |  input scan node ids: 10,11,12,13
|  |  estimated serialized size: 3.30MB
|  |  estimated serialized size per node: 337.50KB
|  |  cumulative processing cost: 2816221067
|  |  cache read processing cost: 4784
|  |  cache write processing cost: 9331
|  |  mem-estimate=4.00MB mem-reservation=4.00MB spill-buffer=2.00MB thread-reservation=0
|  |  tuple-ids=14 row-size=92B cardinality=36.00K cost=0
|  |  in pipelines: 16(GETNEXT)
|  |
|  16:AGGREGATE [FINALIZE]
|  |  output: sum(sales_price), sum(profit), sum(return_amt), sum(net_loss)
|  |  group by: cp_catalog_page_id
|  |  mem-estimate=10.00MB mem-reservation=4.75MB spill-buffer=256.00KB thread-reservation=0
|  |  tuple-ids=14 row-size=92B cardinality=36.00K cost=7874684
|  |  in pipelines: 16(GETNEXT), 10(OPEN), 11(OPEN)
|  |
|  15:HASH JOIN [INNER JOIN]
|  |  hash predicates: page_sk = cp_catalog_page_sk
|  |  fk/pk conjuncts: assumed fk/pk
|  |  runtime filters: RF004[bloom] <- cp_catalog_page_sk, RF005[min_max] <- cp_catalog_page_sk
|  |  mem-estimate=2.88MB mem-reservation=2.88MB spill-buffer=128.00KB thread-reservation=0
|  |  tuple-ids=10,12,13 row-size=64B cardinality=15.48M cost=7540710
|  |  in pipelines: 10(GETNEXT), 11(GETNEXT), 13(OPEN)
|  |
|  |--13:SCAN HDFS [tpcds_partitioned_parquet_snap.catalog_page]
|  |     HDFS partitions=1/1 files=1 size=2.24MB
|  |     deterministic scan range assignment: true
|  |     schedule scan ranges oldest to newest: true
|  |     stored statistics:
|  |       table: rows=36.00K size=2.24MB
|  |       columns: all
|  |     extrapolated-rows=disabled max-scan-range-rows=36.00K
|  |     mem-estimate=16.00MB mem-reservation=1.00MB thread-reservation=0
|  |     tuple-ids=13 row-size=32B cardinality=36.00K cost=10368
|  |     in pipelines: 13(GETNEXT)
|  |
|  14:HASH JOIN [INNER JOIN]
|  |  hash predicates: date_sk = d_date_sk
|  |  fk/pk conjuncts: assumed fk/pk
|  |  runtime filters: RF006[bloom] <- d_date_sk
|  |  mem-estimate=1.94MB mem-reservation=1.94MB spill-buffer=64.00KB thread-reservation=0
|  |  tuple-ids=10,12 row-size=32B cardinality=18.32M cost=1222231879
|  |  in pipelines: 10(GETNEXT), 11(GETNEXT), 12(OPEN)
|  |
|  |--32:TUPLE CACHE
|  |  |  cache key: 83717adeca14e11d2695adfe5bca39c1
|  |  |  input scan node ids: 12
|  |  |  estimated serialized size: 180B
|  |  |  estimated serialized size per node: 180B
|  |  |  cumulative processing cost: 12520
|  |  |  cache read processing cost: 1
|  |  |  cache write processing cost: 0
|  |  |  mem-estimate=4.00MB mem-reservation=4.00MB spill-buffer=2.00MB thread-reservation=0
|  |  |  tuple-ids=12 row-size=8B cardinality=15 cost=0
|  |  |  in pipelines: 12(GETNEXT)
|  |  |
|  |  12:SCAN HDFS [tpcds_partitioned_parquet_snap.date_dim]
|  |     HDFS partitions=1/1 files=1 size=2.17MB
|  |     deterministic scan range assignment: true
|  |     schedule scan ranges oldest to newest: true
|  |     predicates: d_date <= DATE '2000-09-02', d_date >= DATE '2000-08-19'
|  |     stored statistics:
|  |       table: rows=73.05K size=2.17MB
|  |       columns: all
|  |     extrapolated-rows=disabled max-scan-range-rows=73.05K
|  |     parquet statistics predicates: d_date <= DATE '2000-09-02', d_date >= DATE '2000-08-19'
|  |     parquet dictionary predicates: d_date <= DATE '2000-09-02', d_date >= DATE '2000-08-19'
|  |     mem-estimate=16.00MB mem-reservation=1.00MB thread-reservation=0
|  |     tuple-ids=12 row-size=8B cardinality=15 cost=12520
|  |     in pipelines: 12(GETNEXT)
|  |
|  09:UNION
|  |  mem-estimate=0B mem-reservation=0B thread-reservation=0
|  |  tuple-ids=10 row-size=24B cardinality=4.75G cost=483668226
|  |  in pipelines: 10(GETNEXT), 11(GETNEXT)
|  |
|  |--11:SCAN HDFS [tpcds_partitioned_parquet_snap.catalog_returns]
|  |     HDFS partitions=2060/2060 files=2060 size=32.77GB
|  |     deterministic scan range assignment: true
|  |     schedule scan ranges oldest to newest: true
|  |     runtime filters: RF005[min_max] -> tpcds_partitioned_parquet_snap.catalog_returns.cr_catalog_page_sk, RF006[bloom] -> tpcds_partitioned_parquet_snap.catalog_returns.cr_returned_date_sk, RF004[bloom] -> tpcds_partitioned_parquet_snap.catalog_returns.cr_catalog_page_sk
|  |     stored statistics:
|  |       table: rows=432.02M size=32.77GB
|  |       partitions: 2060/2060 rows=432.02M
|  |       columns: all
|  |     extrapolated-rows=disabled max-scan-range-rows=416.82K
|  |     mem-estimate=16.00MB mem-reservation=32.00KB thread-reservation=0
|  |     tuple-ids=9 row-size=16B cardinality=432.02M cost=99536714
|  |     in pipelines: 11(GETNEXT)
|  |
|  10:SCAN HDFS [tpcds_partitioned_parquet_snap.catalog_sales]
|     HDFS partitions=1831/1831 files=1831 size=280.96GB
|     deterministic scan range assignment: true
|     schedule scan ranges oldest to newest: true
|     runtime filters: RF005[min_max] -> tpcds_partitioned_parquet_snap.catalog_sales.cs_catalog_page_sk, RF006[bloom] -> tpcds_partitioned_parquet_snap.catalog_sales.cs_sold_date_sk, RF004[bloom] -> tpcds_partitioned_parquet_snap.catalog_sales.cs_catalog_page_sk
|     stored statistics:
|       table: rows=4.32G size=280.96GB
|       partitions: 1831/1831 rows=4.32G
|       columns: all
|     extrapolated-rows=disabled max-scan-range-rows=21.52M
|     mem-estimate=16.00MB mem-reservation=1.00MB thread-reservation=0
|     tuple-ids=8 row-size=16B cardinality=4.32G cost=995345966
|     in pipelines: 10(GETNEXT)
|
31:TUPLE CACHE
|  cache key: 9310b49749a278a50eec9a3a6a7e2606
|  input scan node ids: 2,3,4,5
|  estimated serialized size: 63.56KB
|  estimated serialized size per node: 6.36KB
|  cumulative processing cost: 5637146480
|  cache read processing cost: 90
|  cache write processing cost: 175
|  mem-estimate=4.00MB mem-reservation=4.00MB spill-buffer=2.00MB thread-reservation=0
|  tuple-ids=6 row-size=92B cardinality=678 cost=0
|  in pipelines: 08(GETNEXT)
|
08:AGGREGATE [FINALIZE]
|  output: sum(sales_price), sum(profit), sum(return_amt), sum(net_loss)
|  group by: s_store_id
|  mem-estimate=10.00MB mem-reservation=1.94MB spill-buffer=64.00KB thread-reservation=0
|  tuple-ids=6 row-size=92B cardinality=678 cost=19155231
|  in pipelines: 08(GETNEXT), 02(OPEN), 03(OPEN)
|
07:HASH JOIN [INNER JOIN]
|  hash predicates: store_sk = s_store_sk
|  fk/pk conjuncts: assumed fk/pk
|  runtime filters: RF000[bloom] <- s_store_sk, RF001[min_max] <- s_store_sk
|  mem-estimate=1.94MB mem-reservation=1.94MB spill-buffer=64.00KB thread-reservation=0
|  tuple-ids=2,4,5 row-size=64B cardinality=38.12M cost=16460368
|  in pipelines: 02(GETNEXT), 03(GETNEXT), 05(OPEN)
|
|--05:SCAN HDFS [tpcds_partitioned_parquet_snap.store]
|     HDFS partitions=1/1 files=1 size=119.76KB
|     deterministic scan range assignment: true
|     schedule scan ranges oldest to newest: true
|     stored statistics:
|       table: rows=1.35K size=119.76KB
|       columns: all
|     extrapolated-rows=disabled max-scan-range-rows=1.35K
|     mem-estimate=16.00MB mem-reservation=16.00KB thread-reservation=0
|     tuple-ids=5 row-size=32B cardinality=1.35K cost=388
|     in pipelines: 05(GETNEXT)
|
06:HASH JOIN [INNER JOIN]
|  hash predicates: date_sk = d_date_sk
|  fk/pk conjuncts: assumed fk/pk
|  runtime filters: RF002[bloom] <- d_date_sk
|  mem-estimate=1.94MB mem-reservation=1.94MB spill-buffer=64.00KB thread-reservation=0
|  tuple-ids=2,4 row-size=32B cardinality=37.24M cost=2444504559
|  in pipelines: 02(GETNEXT), 03(GETNEXT), 04(OPEN)
|
|--30:TUPLE CACHE
|  |  cache key: 83717adeca14e11d2695adfe5bca39c1
|  |  input scan node ids: 4
|  |  estimated serialized size: 180B
|  |  estimated serialized size per node: 180B
|  |  cumulative processing cost: 12520
|  |  cache read processing cost: 1
|  |  cache write processing cost: 0
|  |  mem-estimate=4.00MB mem-reservation=4.00MB spill-buffer=2.00MB thread-reservation=0
|  |  tuple-ids=4 row-size=8B cardinality=15 cost=0
|  |  in pipelines: 04(GETNEXT)
|  |
|  04:SCAN HDFS [tpcds_partitioned_parquet_snap.date_dim]
|     HDFS partitions=1/1 files=1 size=2.17MB
|     deterministic scan range assignment: true
|     schedule scan ranges oldest to newest: true
|     predicates: d_date <= DATE '2000-09-02', d_date >= DATE '2000-08-19'
|     stored statistics:
|       table: rows=73.05K size=2.17MB
|       columns: all
|     extrapolated-rows=disabled max-scan-range-rows=73.05K
|     parquet statistics predicates: d_date <= DATE '2000-09-02', d_date >= DATE '2000-08-19'
|     parquet dictionary predicates: d_date <= DATE '2000-09-02', d_date >= DATE '2000-08-19'
|     mem-estimate=16.00MB mem-reservation=1.00MB thread-reservation=0
|     tuple-ids=4 row-size=8B cardinality=15 cost=12520
|     in pipelines: 04(GETNEXT)
|
01:UNION
|  mem-estimate=0B mem-reservation=0B thread-reservation=0
|  tuple-ids=2 row-size=24B cardinality=9.50G cost=967309366
|  in pipelines: 02(GETNEXT), 03(GETNEXT)
|
|--03:SCAN HDFS [tpcds_partitioned_parquet_snap.store_returns]
|     HDFS partitions=2004/2004 files=2004 size=48.14GB
|     deterministic scan range assignment: true
|     schedule scan ranges oldest to newest: true
|     runtime filters: RF001[min_max] -> tpcds_partitioned_parquet_snap.store_returns.sr_store_sk, RF002[bloom] -> tpcds_partitioned_parquet_snap.store_returns.sr_returned_date_sk, RF000[bloom] -> tpcds_partitioned_parquet_snap.store_returns.sr_store_sk
|     stored statistics:
|       table: rows=863.99M size=48.14GB
|       partitions: 2004/2004 rows=863.99M
|       columns: all
|     extrapolated-rows=disabled max-scan-range-rows=30.09M
|     mem-estimate=16.00MB mem-reservation=512.00KB thread-reservation=0
|     tuple-ids=1 row-size=16B cardinality=863.99M cost=199062980
|     in pipelines: 03(GETNEXT)
|
02:SCAN HDFS [tpcds_partitioned_parquet_snap.store_sales]
   HDFS partitions=1824/1824 files=1824 size=389.90GB
   deterministic scan range assignment: true
   schedule scan ranges oldest to newest: true
   runtime filters: RF001[min_max] -> tpcds_partitioned_parquet_snap.store_sales.ss_store_sk, RF002[bloom] -> tpcds_partitioned_parquet_snap.store_sales.ss_sold_date_sk, RF000[bloom] -> tpcds_partitioned_parquet_snap.store_sales.ss_store_sk
   stored statistics:
     table: rows=8.64G size=389.90GB
     partitions: 1824/1824 rows=8.64G
     columns: all
   extrapolated-rows=disabled max-scan-range-rows=390.22M
   mem-estimate=16.00MB mem-reservation=8.00MB thread-reservation=0
   tuple-ids=0 row-size=16B cardinality=8.64G cost=1990641068
   in pipelines: 02(GETNEXT)
---- DISTRIBUTEDPLAN
Max Per-Host Resource Reservation: Memory=1.24GB Threads=92
Per-Host Resource Estimates: Memory=5.64GB
F22:PLAN FRAGMENT [UNPARTITIONED] hosts=1 instances=1
|  Per-Instance Resources: mem-estimate=4.07MB mem-reservation=4.00MB thread-reservation=1
|  max-parallelism=1 segment-costs=[539] cpu-comparison-result=480 [max(1 (self) vs 480 (sum children))]
PLAN-ROOT SINK
|  output exprs: CASE valid_tid(27,28,29) WHEN 27 THEN channel WHEN 28 THEN channel WHEN 29 THEN NULL END, CASE valid_tid(27,28,29) WHEN 27 THEN id WHEN 28 THEN NULL WHEN 29 THEN NULL END, aggif(valid_tid(27,28,29) IN (27, 28, 29), CASE valid_tid(27,28,29) WHEN 27 THEN sum(sales) WHEN 28 THEN sum(sales) WHEN 29 THEN sum(sales) END), aggif(valid_tid(27,28,29) IN (27, 28, 29), CASE valid_tid(27,28,29) WHEN 27 THEN sum(`returns`) WHEN 28 THEN sum(`returns`) WHEN 29 THEN sum(`returns`) END), aggif(valid_tid(27,28,29) IN (27, 28, 29), CASE valid_tid(27,28,29) WHEN 27 THEN sum(profit) WHEN 28 THEN sum(profit) WHEN 29 THEN sum(profit) END)
|  mem-estimate=4.00MB mem-reservation=4.00MB spill-buffer=2.00MB thread-reservation=0 cost=500
|
46:MERGING-EXCHANGE [UNPARTITIONED]
|  order by: CASE valid_tid(27,28,29) WHEN 27 THEN channel WHEN 28 THEN channel WHEN 29 THEN NULL END ASC, CASE valid_tid(27,28,29) WHEN 27 THEN id WHEN 28 THEN NULL WHEN 29 THEN NULL END ASC
|  limit: 100
|  mem-estimate=74.92KB mem-reservation=0B thread-reservation=0
|  tuple-ids=31 row-size=72B cardinality=100 cost=39
|  in pipelines: 29(GETNEXT)
|
F21:PLAN FRAGMENT [HASH(CASE valid_tid(27,28,29) WHEN 27 THEN murmur_hash(channel) WHEN 28 THEN murmur_hash(channel) WHEN 29 THEN murmur_hash(NULL) END,CASE valid_tid(27,28,29) WHEN 27 THEN murmur_hash(id) WHEN 28 THEN murmur_hash(NULL) WHEN 29 THEN murmur_hash(NULL) END)] hosts=10 instances=10 (adjusted from 120)
Per-Instance Resources: mem-estimate=57.48MB mem-reservation=7.75MB thread-reservation=1
max-parallelism=10 segment-costs=[266395, 221854, 313895, 220] cpu-comparison-result=480 [max(10 (self) vs 480 (sum children))]
29:TOP-N [LIMIT=100]
|  order by: CASE valid_tid(27,28,29) WHEN 27 THEN channel WHEN 28 THEN channel WHEN 29 THEN NULL END ASC, CASE valid_tid(27,28,29) WHEN 27 THEN id WHEN 28 THEN NULL WHEN 29 THEN NULL END ASC
|  mem-estimate=7.03KB mem-reservation=0B thread-reservation=0
|  tuple-ids=31 row-size=72B cardinality=100 cost=313895
|  in pipelines: 29(GETNEXT), 28(OPEN)
|
28:AGGREGATE [FINALIZE]
|  output: aggif(valid_tid(27,28,29) IN (CAST(27 AS INT), CAST(28 AS INT), CAST(29 AS INT)), CASE valid_tid(27,28,29) WHEN CAST(27 AS INT) THEN sum(sales) WHEN CAST(28 AS INT) THEN sum(sales) WHEN CAST(29 AS INT) THEN sum(sales) END), aggif(valid_tid(27,28,29) IN (CAST(27 AS INT), CAST(28 AS INT), CAST(29 AS INT)), CASE valid_tid(27,28,29) WHEN CAST(27 AS INT) THEN sum(`returns`) WHEN CAST(28 AS INT) THEN sum(`returns`) WHEN CAST(29 AS INT) THEN sum(`returns`) END), aggif(valid_tid(27,28,29) IN (CAST(27 AS INT), CAST(28 AS INT), CAST(29 AS INT)), CASE valid_tid(27,28,29) WHEN CAST(27 AS INT) THEN sum(profit) WHEN CAST(28 AS INT) THEN sum(profit) WHEN CAST(29 AS INT) THEN sum(profit) END)
|  group by: CASE valid_tid(27,28,29) WHEN CAST(27 AS INT) THEN channel WHEN CAST(28 AS INT) THEN channel WHEN CAST(29 AS INT) THEN NULL END, CASE valid_tid(27,28,29) WHEN CAST(27 AS INT) THEN id WHEN CAST(28 AS INT) THEN NULL WHEN CAST(29 AS INT) THEN NULL END, CASE valid_tid(27,28,29) WHEN CAST(27 AS INT) THEN CAST(27 AS INT) WHEN CAST(28 AS INT) THEN CAST(28 AS INT) WHEN CAST(29 AS INT) THEN CAST(29 AS INT) END
|  mem-estimate=10.00MB mem-reservation=1.94MB spill-buffer=64.00KB thread-reservation=0
|  tuple-ids=30 row-size=76B cardinality=36.72K cost=221854
|  in pipelines: 28(GETNEXT), 45(OPEN)
|
45:AGGREGATE [FINALIZE]
|  Class 0
|    output: sum:merge(sales), sum:merge(`returns`), sum:merge(profit)
|    group by: channel, id
|  Class 1
|    output: sum:merge(sales), sum:merge(`returns`), sum:merge(profit)
|    group by: channel, NULL
|  Class 2
|    output: sum:merge(sales), sum:merge(`returns`), sum:merge(profit)
|    group by: NULL, NULL
|  mem-estimate=30.00MB mem-reservation=5.81MB thread-reservation=0
|  tuple-ids=27N,28N,29N row-size=216B cardinality=36.72K cost=222573
|  in pipelines: 45(GETNEXT), 33(OPEN), 37(OPEN), 43(OPEN)
|
44:EXCHANGE [HASH(CASE valid_tid(27,28,29) WHEN 27 THEN murmur_hash(channel) WHEN 28 THEN murmur_hash(channel) WHEN 29 THEN murmur_hash(NULL) END,CASE valid_tid(27,28,29) WHEN 27 THEN murmur_hash(id) WHEN 28 THEN murmur_hash(NULL) WHEN 29 THEN murmur_hash(NULL) END)]
|  mem-estimate=27.48MB mem-reservation=0B thread-reservation=0
|  tuple-ids=27N,28N,29N row-size=216B cardinality=37.19K cost=43822
|  in pipelines: 33(GETNEXT), 37(GETNEXT), 43(GETNEXT)
|
F20:PLAN FRAGMENT [RANDOM] hosts=10 instances=120
Per-Instance Resources: mem-estimate=70.16MB mem-reservation=10.75MB thread-reservation=1
max-parallelism=120 segment-costs=[86121, 4448543, 4190, 344492, 574824] cpu-comparison-result=480 [max(120 (self) vs 480 (sum children))]
27:AGGREGATE [STREAMING]
|  Class 0
|    output: sum(sales), sum(returns), sum(profit)
|    group by: channel, id
|  Class 1
|    output: sum(sales), sum(returns), sum(profit)
|    group by: channel, NULL
|  Class 2
|    output: sum(sales), sum(returns), sum(profit)
|    group by: NULL, NULL
|  mem-estimate=30.00MB mem-reservation=6.00MB thread-reservation=0
|  tuple-ids=27N,28N,29N row-size=216B cardinality=37.19K cost=335170
|  in pipelines: 33(GETNEXT), 37(GETNEXT), 43(GETNEXT)
|
00:UNION
|  mem-estimate=0B mem-reservation=0B thread-reservation=0
|  tuple-ids=25 row-size=72B cardinality=36.71K cost=9322
|  in pipelines: 33(GETNEXT), 37(GETNEXT), 43(GETNEXT)
|
|--43:AGGREGATE [FINALIZE]
|  |  output: sum:merge(sales_price), sum:merge(profit), sum:merge(return_amt), sum:merge(net_loss)
|  |  group by: web_site_id
|  |  mem-estimate=10.00MB mem-reservation=1.94MB spill-buffer=64.00KB thread-reservation=0
|  |  tuple-ids=23 row-size=92B cardinality=33 cost=2075
|  |  in pipelines: 43(GETNEXT), 18(OPEN), 20(OPEN)
|  |
|  42:EXCHANGE [HASH(web_site_id)]
|  |  mem-estimate=11.28MB mem-reservation=0B thread-reservation=0
|  |  tuple-ids=23 row-size=92B cardinality=3.96K cost=2115
|  |  in pipelines: 18(GETNEXT), 20(GETNEXT)
|  |
|  F16:PLAN FRAGMENT [RANDOM] hosts=10 instances=120
|  Per-Host Shared Resources: mem-estimate=2.00MB mem-reservation=2.00MB thread-reservation=0 runtime-filters-memory=2.00MB
|  Per-Instance Resources: mem-estimate=71.00MB mem-reservation=2.12MB thread-reservation=1
|  max-parallelism=120 segment-costs=[2351103766, 25502] cpu-comparison-result=240 [max(240 (self) vs 202 (sum children))]
|  26:AGGREGATE [STREAMING]
|  |  output: sum(sales_price), sum(profit), sum(return_amt), sum(net_loss)
|  |  group by: web_site_id
|  |  mem-estimate=10.00MB mem-reservation=2.00MB spill-buffer=64.00KB thread-reservation=0
|  |  tuple-ids=23 row-size=92B cardinality=3.96K cost=4490157
|  |  in pipelines: 18(GETNEXT), 20(GETNEXT)
|  |
|  25:HASH JOIN [INNER JOIN, BROADCAST]
|  |  hash-table-id=04
|  |  hash predicates: wsr_web_site_sk = web_site_sk
|  |  fk/pk conjuncts: assumed fk/pk
|  |  mem-estimate=0B mem-reservation=0B spill-buffer=64.00KB thread-reservation=0
|  |  tuple-ids=19,21,22 row-size=64B cardinality=8.92M cost=3936782
|  |  in pipelines: 18(GETNEXT), 20(GETNEXT), 23(OPEN)
|  |
|  |--F27:PLAN FRAGMENT [RANDOM] hosts=10 instances=10
|  |  |  Per-Instance Resources: mem-estimate=24.27MB mem-reservation=24.25MB thread-reservation=1 runtime-filters-memory=1.00MB
|  |  |  max-parallelism=10 segment-costs=[146]
|  |  JOIN BUILD
|  |  |  join-table-id=04 plan-id=05 cohort-id=03
|  |  |  build expressions: web_site_sk
|  |  |  runtime filters: RF008[bloom] <- web_site_sk, RF009[min_max] <- web_site_sk
|  |  |  mem-estimate=23.25MB mem-reservation=23.25MB spill-buffer=64.00KB thread-reservation=0 cost=66
|  |  |
|  |  41:EXCHANGE [BROADCAST]
|  |  |  mem-estimate=16.00KB mem-reservation=0B thread-reservation=0
|  |  |  tuple-ids=22 row-size=32B cardinality=66 cost=80
|  |  |  in pipelines: 23(GETNEXT)
|  |  |
|  |  F18:PLAN FRAGMENT [RANDOM] hosts=1 instances=1
|  |  Per-Instance Resources: mem-estimate=16.14MB mem-reservation=16.00KB thread-reservation=1
|  |  max-parallelism=1 segment-costs=[26]
|  |  23:SCAN HDFS [tpcds_partitioned_parquet_snap.web_site, RANDOM]
|  |     HDFS partitions=1/1 files=1 size=17.88KB
|  |     stored statistics:
|  |       table: rows=66 size=17.88KB
|  |       columns: all
|  |     extrapolated-rows=disabled max-scan-range-rows=66
|  |     mem-estimate=16.00MB mem-reservation=16.00KB thread-reservation=0
|  |     tuple-ids=22 row-size=32B cardinality=66 cost=19
|  |     in pipelines: 23(GETNEXT)
|  |
|  24:HASH JOIN [INNER JOIN, BROADCAST]
|  |  hash-table-id=05
|  |  hash predicates: date_sk = d_date_sk
|  |  fk/pk conjuncts: assumed fk/pk
|  |  mem-estimate=0B mem-reservation=0B spill-buffer=64.00KB thread-reservation=0
|  |  tuple-ids=19,21 row-size=32B cardinality=9.05M cost=611076362
|  |  in pipelines: 18(GETNEXT), 20(GETNEXT), 22(OPEN)
|  |
|  |--F28:PLAN FRAGMENT [RANDOM] hosts=10 instances=10
|  |  |  Per-Instance Resources: mem-estimate=24.27MB mem-reservation=24.25MB thread-reservation=1 runtime-filters-memory=1.00MB
|  |  |  max-parallelism=10 segment-costs=[25]
|  |  JOIN BUILD
|  |  |  join-table-id=05 plan-id=06 cohort-id=03
|  |  |  build expressions: d_date_sk
|  |  |  runtime filters: RF010[bloom] <- d_date_sk
|  |  |  mem-estimate=23.25MB mem-reservation=23.25MB spill-buffer=64.00KB thread-reservation=0 cost=15
|  |  |
|  |  40:EXCHANGE [BROADCAST]
|  |  |  mem-estimate=16.00KB mem-reservation=0B thread-reservation=0
|  |  |  tuple-ids=21 row-size=8B cardinality=15 cost=10
|  |  |  in pipelines: 22(GETNEXT)
|  |  |
|  |  F17:PLAN FRAGMENT [RANDOM] hosts=1 instances=1
|  |  Per-Instance Resources: mem-estimate=20.05MB mem-reservation=5.00MB thread-reservation=1
|  |  max-parallelism=1 segment-costs=[12520]
|  |  51:TUPLE CACHE
|  |  |  cache key: 83717adeca14e11d2695adfe5bca39c1
|  |  |  input scan node ids: 22
|  |  |  estimated serialized size: 180B
|  |  |  estimated serialized size per node: 180B
|  |  |  cumulative processing cost: 12520
|  |  |  cache read processing cost: 1
|  |  |  cache write processing cost: 0
|  |  |  mem-estimate=4.00MB mem-reservation=4.00MB spill-buffer=2.00MB thread-reservation=0
|  |  |  tuple-ids=21 row-size=8B cardinality=15 cost=0
|  |  |  in pipelines: 22(GETNEXT)
|  |  |
|  |  22:SCAN HDFS [tpcds_partitioned_parquet_snap.date_dim, RANDOM]
|  |     HDFS partitions=1/1 files=1 size=2.17MB
|  |     deterministic scan range assignment: true
|  |     schedule scan ranges oldest to newest: true
|  |     predicates: d_date <= DATE '2000-09-02', d_date >= DATE '2000-08-19'
|  |     stored statistics:
|  |       table: rows=73.05K size=2.17MB
|  |       columns: all
|  |     extrapolated-rows=disabled max-scan-range-rows=73.05K
|  |     parquet statistics predicates: d_date <= DATE '2000-09-02', d_date >= DATE '2000-08-19'
|  |     parquet dictionary predicates: d_date <= DATE '2000-09-02', d_date >= DATE '2000-08-19'
|  |     mem-estimate=16.00MB mem-reservation=1.00MB thread-reservation=0
|  |     tuple-ids=21 row-size=8B cardinality=15 cost=12520
|  |     in pipelines: 22(GETNEXT)
|  |
|  17:UNION
|  |  mem-estimate=0B mem-reservation=0B thread-reservation=0
|  |  tuple-ids=19 row-size=24B cardinality=2.38G cost=241826293
|  |  in pipelines: 18(GETNEXT), 20(GETNEXT)
|  |
|  |--21:HASH JOIN [RIGHT OUTER JOIN, PARTITIONED]
|  |  |  hash-table-id=06
|  |  |  hash predicates: ws_item_sk = wr_item_sk, ws_order_number = wr_order_number
|  |  |  fk/pk conjuncts: ws_item_sk = wr_item_sk, ws_order_number = wr_order_number
|  |  |  mem-estimate=0B mem-reservation=0B spill-buffer=2.00MB thread-reservation=0
|  |  |  tuple-ids=18N,17 row-size=40B cardinality=216.00M cost=593171470
|  |  |  in pipelines: 20(GETNEXT), 19(OPEN)
|  |  |
|  |  |--F29:PLAN FRAGMENT [RANDOM] hosts=10 instances=120
|  |  |  |  Per-Instance Resources: mem-estimate=121.04MB mem-reservation=51.00MB thread-reservation=1 runtime-filters-memory=17.00MB
|  |  |  |  max-parallelism=120 segment-costs=[263847280]
|  |  |  JOIN BUILD
|  |  |  |  join-table-id=06 plan-id=07 cohort-id=03
|  |  |  |  build expressions: wr_item_sk, wr_order_number
|  |  |  |  runtime filters: RF012[bloom] <- wr_item_sk, RF013[bloom] <- wr_order_number, RF014[min_max] <- wr_item_sk, RF015[min_max] <- wr_order_number
|  |  |  |  mem-estimate=92.40MB mem-reservation=34.00MB spill-buffer=2.00MB thread-reservation=0 cost=216002686
|  |  |  |
|  |  |  39:EXCHANGE [HASH(wr_item_sk,wr_order_number)]
|  |  |  |  mem-estimate=11.64MB mem-reservation=0B thread-reservation=0
|  |  |  |  tuple-ids=17 row-size=24B cardinality=216.00M cost=47844594
|  |  |  |  in pipelines: 19(GETNEXT)
|  |  |  |
|  |  |  F14:PLAN FRAGMENT [RANDOM] hosts=10 instances=60 (adjusted from 120)
|  |  |  Per-Host Shared Resources: mem-estimate=1.00MB mem-reservation=1.00MB thread-reservation=0 runtime-filters-memory=1.00MB
|  |  |  Per-Instance Resources: mem-estimate=29.12MB mem-reservation=256.00KB thread-reservation=1
|  |  |  max-parallelism=60 segment-costs=[519788863]
|  |  |  19:SCAN HDFS [tpcds_partitioned_parquet_snap.web_returns, RANDOM]
|  |  |     HDFS partitions=2114/2114 files=2114 size=16.74GB
|  |  |     runtime filters: RF010[bloom] -> tpcds_partitioned_parquet_snap.web_returns.wr_returned_date_sk
|  |  |     stored statistics:
|  |  |       table: rows=216.00M size=16.74GB
|  |  |       partitions: 2114/2114 rows=216.00M
|  |  |       columns: all
|  |  |     extrapolated-rows=disabled max-scan-range-rows=9.41M
|  |  |     mem-estimate=16.00MB mem-reservation=256.00KB thread-reservation=0
|  |  |     tuple-ids=17 row-size=24B cardinality=216.00M cost=74650528
|  |  |     in pipelines: 19(GETNEXT)
|  |  |
|  |  38:EXCHANGE [HASH(ws_item_sk,ws_order_number)]
|  |  |  mem-estimate=12.34MB mem-reservation=0B thread-reservation=0
|  |  |  tuple-ids=18 row-size=16B cardinality=2.16G cost=398946083
|  |  |  in pipelines: 20(GETNEXT)
|  |  |
|  |  F13:PLAN FRAGMENT [RANDOM] hosts=10 instances=120
|  |  Per-Host Shared Resources: mem-estimate=18.00MB mem-reservation=18.00MB thread-reservation=0 runtime-filters-memory=18.00MB
|  |  Per-Instance Resources: mem-estimate=25.38MB mem-reservation=128.00KB thread-reservation=1
|  |  max-parallelism=390 segment-costs=[3836103108]
|  |  20:SCAN HDFS [tpcds_partitioned_parquet_snap.web_sales, RANDOM]
|  |     HDFS partitions=1824/1824 files=1824 size=145.75GB
|  |     runtime filters: RF014[min_max] -> ws_item_sk, RF015[min_max] -> ws_order_number, RF009[min_max] -> tpcds_partitioned_parquet_snap.web_sales.ws_web_site_sk, RF012[bloom] -> ws_item_sk, RF013[bloom] -> ws_order_number, RF008[bloom] -> tpcds_partitioned_parquet_snap.web_sales.ws_web_site_sk
|  |     stored statistics:
|  |       table: rows=2.16G size=145.75GB
|  |       partitions: 1824/1824 rows=2.16G
|  |       columns: all
|  |     extrapolated-rows=disabled max-scan-range-rows=3.37M
|  |     mem-estimate=16.00MB mem-reservation=128.00KB thread-reservation=0
|  |     tuple-ids=18 row-size=16B cardinality=2.16G cost=497656619
|  |     in pipelines: 20(GETNEXT)
|  |
|  18:SCAN HDFS [tpcds_partitioned_parquet_snap.web_sales, RANDOM]
|     HDFS partitions=1824/1824 files=1824 size=145.75GB
|     runtime filters: RF009[min_max] -> tpcds_partitioned_parquet_snap.web_sales.ws_web_site_sk, RF010[bloom] -> tpcds_partitioned_parquet_snap.web_sales.ws_sold_date_sk, RF008[bloom] -> tpcds_partitioned_parquet_snap.web_sales.ws_web_site_sk
|     stored statistics:
|       table: rows=2.16G size=145.75GB
|       partitions: 1824/1824 rows=2.16G
|       columns: all
|     extrapolated-rows=disabled max-scan-range-rows=3.37M
|     mem-estimate=16.00MB mem-reservation=128.00KB thread-reservation=0
|     tuple-ids=16 row-size=16B cardinality=2.16G cost=497656619
|     in pipelines: 18(GETNEXT)
|
|--37:AGGREGATE [FINALIZE]
|  |  output: sum:merge(sales_price), sum:merge(profit), sum:merge(return_amt), sum:merge(net_loss)
|  |  group by: cp_catalog_page_id
|  |  mem-estimate=10.00MB mem-reservation=4.75MB spill-buffer=256.00KB thread-reservation=0
|  |  tuple-ids=14 row-size=92B cardinality=36.00K cost=2204419
|  |  in pipelines: 37(GETNEXT), 10(OPEN), 11(OPEN)
|  |
|  36:EXCHANGE [HASH(cp_catalog_page_id)]
|  |  mem-estimate=21.25MB mem-reservation=0B thread-reservation=0
|  |  tuple-ids=14 row-size=92B cardinality=4.20M cost=2244124
|  |  in pipelines: 10(GETNEXT), 11(GETNEXT)
|  |
|  F08:PLAN FRAGMENT [RANDOM] hosts=10 instances=120
|  Per-Host Shared Resources: mem-estimate=2.00MB mem-reservation=2.00MB thread-reservation=0 runtime-filters-memory=2.00MB
|  Per-Instance Resources: mem-estimate=75.00MB mem-reservation=10.00MB thread-reservation=1
|  max-parallelism=120 segment-costs=[2827018858, 27048772] cpu-comparison-result=120 [max(120 (self) vs 22 (sum children))]
|  50:TUPLE CACHE
|  |  cache key: 8f95dee480c8350ed3d4aec2ff198d13
|  |  input scan node ids: 10,11
|  |  estimated serialized size: 384.53MB
|  |  estimated serialized size per node: 38.45MB
|  |  cumulative processing cost: 2827129499
|  |  cache read processing cost: 558195
|  |  cache write processing cost: 1088671
|  |  mem-estimate=4.00MB mem-reservation=4.00MB spill-buffer=2.00MB thread-reservation=0
|  |  tuple-ids=14 row-size=92B cardinality=4.20M cost=0
|  |  in pipelines: 10(GETNEXT), 11(GETNEXT)
|  |
|  16:AGGREGATE [STREAMING]
|  |  output: sum(sales_price), sum(profit), sum(return_amt), sum(net_loss)
|  |  group by: cp_catalog_page_id
|  |  mem-estimate=10.00MB mem-reservation=5.00MB spill-buffer=256.00KB thread-reservation=0
|  |  tuple-ids=14 row-size=92B cardinality=4.20M cost=18731378
|  |  in pipelines: 10(GETNEXT), 11(GETNEXT)
|  |
|  15:HASH JOIN [INNER JOIN, BROADCAST]
|  |  hash-table-id=02
|  |  hash predicates: page_sk = cp_catalog_page_sk
|  |  fk/pk conjuncts: assumed fk/pk
|  |  mem-estimate=0B mem-reservation=0B spill-buffer=128.00KB thread-reservation=0
|  |  tuple-ids=10,12,13 row-size=64B cardinality=15.48M cost=7504710
|  |  in pipelines: 10(GETNEXT), 11(GETNEXT), 13(OPEN)
|  |
|  |--F25:PLAN FRAGMENT [RANDOM] hosts=10 instances=10
|  |  |  Per-Instance Resources: mem-estimate=36.63MB mem-reservation=35.50MB thread-reservation=1 runtime-filters-memory=1.00MB
|  |  |  max-parallelism=10 segment-costs=[83840]
|  |  JOIN BUILD
|  |  |  join-table-id=02 plan-id=03 cohort-id=02
|  |  |  build expressions: cp_catalog_page_sk
|  |  |  runtime filters: RF004[bloom] <- cp_catalog_page_sk, RF005[min_max] <- cp_catalog_page_sk
|  |  |  mem-estimate=34.50MB mem-reservation=34.50MB spill-buffer=128.00KB thread-reservation=0 cost=36000
|  |  |
|  |  35:EXCHANGE [BROADCAST]
|  |  |  mem-estimate=1.13MB mem-reservation=0B thread-reservation=0
|  |  |  tuple-ids=13 row-size=32B cardinality=36.00K cost=47840
|  |  |  in pipelines: 13(GETNEXT)
|  |  |
|  |  F10:PLAN FRAGMENT [RANDOM] hosts=1 instances=1
|  |  Per-Instance Resources: mem-estimate=16.14MB mem-reservation=1.00MB thread-reservation=1
|  |  max-parallelism=1 segment-costs=[14256]
|  |  13:SCAN HDFS [tpcds_partitioned_parquet_snap.catalog_page, RANDOM]
|  |     HDFS partitions=1/1 files=1 size=2.24MB
|  |     stored statistics:
|  |       table: rows=36.00K size=2.24MB
|  |       columns: all
|  |     extrapolated-rows=disabled max-scan-range-rows=36.00K
|  |     mem-estimate=16.00MB mem-reservation=1.00MB thread-reservation=0
|  |     tuple-ids=13 row-size=32B cardinality=36.00K cost=10368
|  |     in pipelines: 13(GETNEXT)
|  |
|  14:HASH JOIN [INNER JOIN, BROADCAST]
|  |  hash-table-id=03
|  |  hash predicates: date_sk = d_date_sk
|  |  fk/pk conjuncts: assumed fk/pk
|  |  mem-estimate=0B mem-reservation=0B spill-buffer=64.00KB thread-reservation=0
|  |  tuple-ids=10,12 row-size=32B cardinality=18.32M cost=1222231864
|  |  in pipelines: 10(GETNEXT), 11(GETNEXT), 12(OPEN)
|  |
|  |--F26:PLAN FRAGMENT [RANDOM] hosts=10 instances=10
|  |  |  Per-Instance Resources: mem-estimate=24.27MB mem-reservation=24.25MB thread-reservation=1 runtime-filters-memory=1.00MB
|  |  |  max-parallelism=10 segment-costs=[25]
|  |  JOIN BUILD
|  |  |  join-table-id=03 plan-id=04 cohort-id=02
|  |  |  build expressions: d_date_sk
|  |  |  runtime filters: RF006[bloom] <- d_date_sk
|  |  |  mem-estimate=23.25MB mem-reservation=23.25MB spill-buffer=64.00KB thread-reservation=0 cost=15
|  |  |
|  |  34:EXCHANGE [BROADCAST]
|  |  |  mem-estimate=16.00KB mem-reservation=0B thread-reservation=0
|  |  |  tuple-ids=12 row-size=8B cardinality=15 cost=10
|  |  |  in pipelines: 12(GETNEXT)
|  |  |
|  |  F09:PLAN FRAGMENT [RANDOM] hosts=1 instances=1
|  |  Per-Instance Resources: mem-estimate=20.05MB mem-reservation=5.00MB thread-reservation=1
|  |  max-parallelism=1 segment-costs=[12520]
|  |  49:TUPLE CACHE
|  |  |  cache key: 83717adeca14e11d2695adfe5bca39c1
|  |  |  input scan node ids: 12
|  |  |  estimated serialized size: 180B
|  |  |  estimated serialized size per node: 180B
|  |  |  cumulative processing cost: 12520
|  |  |  cache read processing cost: 1
|  |  |  cache write processing cost: 0
|  |  |  mem-estimate=4.00MB mem-reservation=4.00MB spill-buffer=2.00MB thread-reservation=0
|  |  |  tuple-ids=12 row-size=8B cardinality=15 cost=0
|  |  |  in pipelines: 12(GETNEXT)
|  |  |
|  |  12:SCAN HDFS [tpcds_partitioned_parquet_snap.date_dim, RANDOM]
|  |     HDFS partitions=1/1 files=1 size=2.17MB
|  |     deterministic scan range assignment: true
|  |     schedule scan ranges oldest to newest: true
|  |     predicates: d_date <= DATE '2000-09-02', d_date >= DATE '2000-08-19'
|  |     stored statistics:
|  |       table: rows=73.05K size=2.17MB
|  |       columns: all
|  |     extrapolated-rows=disabled max-scan-range-rows=73.05K
|  |     parquet statistics predicates: d_date <= DATE '2000-09-02', d_date >= DATE '2000-08-19'
|  |     parquet dictionary predicates: d_date <= DATE '2000-09-02', d_date >= DATE '2000-08-19'
|  |     mem-estimate=16.00MB mem-reservation=1.00MB thread-reservation=0
|  |     tuple-ids=12 row-size=8B cardinality=15 cost=12520
|  |     in pipelines: 12(GETNEXT)
|  |
|  09:UNION
|  |  mem-estimate=0B mem-reservation=0B thread-reservation=0
|  |  tuple-ids=10 row-size=24B cardinality=4.75G cost=483668226
|  |  in pipelines: 10(GETNEXT), 11(GETNEXT)
|  |
|  |--11:SCAN HDFS [tpcds_partitioned_parquet_snap.catalog_returns, RANDOM]
|  |     HDFS partitions=2060/2060 files=2060 size=32.77GB
|  |     deterministic scan range assignment: true
|  |     schedule scan ranges oldest to newest: true
|  |     runtime filters: RF005[min_max] -> tpcds_partitioned_parquet_snap.catalog_returns.cr_catalog_page_sk, RF006[bloom] -> tpcds_partitioned_parquet_snap.catalog_returns.cr_returned_date_sk, RF004[bloom] -> tpcds_partitioned_parquet_snap.catalog_returns.cr_catalog_page_sk
|  |     stored statistics:
|  |       table: rows=432.02M size=32.77GB
|  |       partitions: 2060/2060 rows=432.02M
|  |       columns: all
|  |     extrapolated-rows=disabled max-scan-range-rows=416.82K
|  |     mem-estimate=16.00MB mem-reservation=32.00KB thread-reservation=0
|  |     tuple-ids=9 row-size=16B cardinality=432.02M cost=99536714
|  |     in pipelines: 11(GETNEXT)
|  |
|  10:SCAN HDFS [tpcds_partitioned_parquet_snap.catalog_sales, RANDOM]
|     HDFS partitions=1831/1831 files=1831 size=280.96GB
|     deterministic scan range assignment: true
|     schedule scan ranges oldest to newest: true
|     runtime filters: RF005[min_max] -> tpcds_partitioned_parquet_snap.catalog_sales.cs_catalog_page_sk, RF006[bloom] -> tpcds_partitioned_parquet_snap.catalog_sales.cs_sold_date_sk, RF004[bloom] -> tpcds_partitioned_parquet_snap.catalog_sales.cs_catalog_page_sk
|     stored statistics:
|       table: rows=4.32G size=280.96GB
|       partitions: 1831/1831 rows=4.32G
|       columns: all
|     extrapolated-rows=disabled max-scan-range-rows=21.52M
|     mem-estimate=16.00MB mem-reservation=1.00MB thread-reservation=0
|     tuple-ids=8 row-size=16B cardinality=4.32G cost=995345966
|     in pipelines: 10(GETNEXT)
|
33:AGGREGATE [FINALIZE]
|  output: sum:merge(sales_price), sum:merge(profit), sum:merge(return_amt), sum:merge(net_loss)
|  group by: s_store_id
|  mem-estimate=10.00MB mem-reservation=1.94MB spill-buffer=64.00KB thread-reservation=0
|  tuple-ids=6 row-size=92B cardinality=678 cost=42651
|  in pipelines: 33(GETNEXT), 02(OPEN), 03(OPEN)
|
32:EXCHANGE [HASH(s_store_id)]
|  mem-estimate=11.96MB mem-reservation=0B thread-reservation=0
|  tuple-ids=6 row-size=92B cardinality=81.36K cost=43470
|  in pipelines: 02(GETNEXT), 03(GETNEXT)
|
F02:PLAN FRAGMENT [RANDOM] hosts=10 instances=120
Per-Host Shared Resources: mem-estimate=2.00MB mem-reservation=2.00MB thread-reservation=0 runtime-filters-memory=2.00MB
Per-Instance Resources: mem-estimate=75.00MB mem-reservation=14.00MB thread-reservation=1
max-parallelism=120 segment-costs=[5637342561, 523958] cpu-comparison-result=120 [max(120 (self) vs 22 (sum children))]
48:TUPLE CACHE
|  cache key: 3052f4cf1c77706407a24ca496930f0d
|  input scan node ids: 2,3
|  estimated serialized size: 7.45MB
|  estimated serialized size per node: 762.75KB
|  cumulative processing cost: 5637358779
|  cache read processing cost: 10812
|  cache write processing cost: 21088
|  mem-estimate=4.00MB mem-reservation=4.00MB spill-buffer=2.00MB thread-reservation=0
|  tuple-ids=6 row-size=92B cardinality=81.36K cost=0
|  in pipelines: 02(GETNEXT), 03(GETNEXT)
|
08:AGGREGATE [STREAMING]
|  output: sum(sales_price), sum(profit), sum(return_amt), sum(net_loss)
|  group by: s_store_id
|  mem-estimate=10.00MB mem-reservation=2.00MB spill-buffer=64.00KB thread-reservation=0
|  tuple-ids=6 row-size=92B cardinality=81.36K cost=19365585
|  in pipelines: 02(GETNEXT), 03(GETNEXT)
|
07:HASH JOIN [INNER JOIN, BROADCAST]
|  hash-table-id=00
|  hash predicates: store_sk = s_store_sk
|  fk/pk conjuncts: assumed fk/pk
|  mem-estimate=0B mem-reservation=0B spill-buffer=64.00KB thread-reservation=0
|  tuple-ids=2,4,5 row-size=64B cardinality=38.12M cost=16459018
|  in pipelines: 02(GETNEXT), 03(GETNEXT), 05(OPEN)
|
|--F23:PLAN FRAGMENT [RANDOM] hosts=10 instances=10
|  |  Per-Instance Resources: mem-estimate=24.33MB mem-reservation=24.25MB thread-reservation=1 runtime-filters-memory=1.00MB
|  |  max-parallelism=10 segment-costs=[3140]
|  JOIN BUILD
|  |  join-table-id=00 plan-id=01 cohort-id=01
|  |  build expressions: s_store_sk
|  |  runtime filters: RF000[bloom] <- s_store_sk, RF001[min_max] <- s_store_sk
|  |  mem-estimate=23.25MB mem-reservation=23.25MB spill-buffer=64.00KB thread-reservation=0 cost=1350
|  |
|  31:EXCHANGE [BROADCAST]
|  |  mem-estimate=78.19KB mem-reservation=0B thread-reservation=0
|  |  tuple-ids=5 row-size=32B cardinality=1.35K cost=1790
|  |  in pipelines: 05(GETNEXT)
|  |
|  F04:PLAN FRAGMENT [RANDOM] hosts=1 instances=1
|  Per-Instance Resources: mem-estimate=16.14MB mem-reservation=16.00KB thread-reservation=1
|  max-parallelism=1 segment-costs=[533]
|  05:SCAN HDFS [tpcds_partitioned_parquet_snap.store, RANDOM]
|     HDFS partitions=1/1 files=1 size=119.76KB
|     stored statistics:
|       table: rows=1.35K size=119.76KB
|       columns: all
|     extrapolated-rows=disabled max-scan-range-rows=1.35K
|     mem-estimate=16.00MB mem-reservation=16.00KB thread-reservation=0
|     tuple-ids=5 row-size=32B cardinality=1.35K cost=388
|     in pipelines: 05(GETNEXT)
|
06:HASH JOIN [INNER JOIN, BROADCAST]
|  hash-table-id=01
|  hash predicates: date_sk = d_date_sk
|  fk/pk conjuncts: assumed fk/pk
|  mem-estimate=0B mem-reservation=0B spill-buffer=64.00KB thread-reservation=0
|  tuple-ids=2,4 row-size=32B cardinality=37.24M cost=2444504544
|  in pipelines: 02(GETNEXT), 03(GETNEXT), 04(OPEN)
|
|--F24:PLAN FRAGMENT [RANDOM] hosts=10 instances=10
|  |  Per-Instance Resources: mem-estimate=24.27MB mem-reservation=24.25MB thread-reservation=1 runtime-filters-memory=1.00MB
|  |  max-parallelism=10 segment-costs=[25]
|  JOIN BUILD
|  |  join-table-id=01 plan-id=02 cohort-id=01
|  |  build expressions: d_date_sk
|  |  runtime filters: RF002[bloom] <- d_date_sk
|  |  mem-estimate=23.25MB mem-reservation=23.25MB spill-buffer=64.00KB thread-reservation=0 cost=15
|  |
|  30:EXCHANGE [BROADCAST]
|  |  mem-estimate=16.00KB mem-reservation=0B thread-reservation=0
|  |  tuple-ids=4 row-size=8B cardinality=15 cost=10
|  |  in pipelines: 04(GETNEXT)
|  |
|  F03:PLAN FRAGMENT [RANDOM] hosts=1 instances=1
|  Per-Instance Resources: mem-estimate=20.05MB mem-reservation=5.00MB thread-reservation=1
|  max-parallelism=1 segment-costs=[12520]
|  47:TUPLE CACHE
|  |  cache key: 83717adeca14e11d2695adfe5bca39c1
|  |  input scan node ids: 4
|  |  estimated serialized size: 180B
|  |  estimated serialized size per node: 180B
|  |  cumulative processing cost: 12520
|  |  cache read processing cost: 1
|  |  cache write processing cost: 0
|  |  mem-estimate=4.00MB mem-reservation=4.00MB spill-buffer=2.00MB thread-reservation=0
|  |  tuple-ids=4 row-size=8B cardinality=15 cost=0
|  |  in pipelines: 04(GETNEXT)
|  |
|  04:SCAN HDFS [tpcds_partitioned_parquet_snap.date_dim, RANDOM]
|     HDFS partitions=1/1 files=1 size=2.17MB
|     deterministic scan range assignment: true
|     schedule scan ranges oldest to newest: true
|     predicates: d_date <= DATE '2000-09-02', d_date >= DATE '2000-08-19'
|     stored statistics:
|       table: rows=73.05K size=2.17MB
|       columns: all
|     extrapolated-rows=disabled max-scan-range-rows=73.05K
|     parquet statistics predicates: d_date <= DATE '2000-09-02', d_date >= DATE '2000-08-19'
|     parquet dictionary predicates: d_date <= DATE '2000-09-02', d_date >= DATE '2000-08-19'
|     mem-estimate=16.00MB mem-reservation=1.00MB thread-reservation=0
|     tuple-ids=4 row-size=8B cardinality=15 cost=12520
|     in pipelines: 04(GETNEXT)
|
01:UNION
|  mem-estimate=0B mem-reservation=0B thread-reservation=0
|  tuple-ids=2 row-size=24B cardinality=9.50G cost=967309366
|  in pipelines: 02(GETNEXT), 03(GETNEXT)
|
|--03:SCAN HDFS [tpcds_partitioned_parquet_snap.store_returns, RANDOM]
|     HDFS partitions=2004/2004 files=2004 size=48.14GB
|     deterministic scan range assignment: true
|     schedule scan ranges oldest to newest: true
|     runtime filters: RF001[min_max] -> tpcds_partitioned_parquet_snap.store_returns.sr_store_sk, RF002[bloom] -> tpcds_partitioned_parquet_snap.store_returns.sr_returned_date_sk, RF000[bloom] -> tpcds_partitioned_parquet_snap.store_returns.sr_store_sk
|     stored statistics:
|       table: rows=863.99M size=48.14GB
|       partitions: 2004/2004 rows=863.99M
|       columns: all
|     extrapolated-rows=disabled max-scan-range-rows=30.09M
|     mem-estimate=16.00MB mem-reservation=512.00KB thread-reservation=0
|     tuple-ids=1 row-size=16B cardinality=863.99M cost=199062980
|     in pipelines: 03(GETNEXT)
|
02:SCAN HDFS [tpcds_partitioned_parquet_snap.store_sales, RANDOM]
   HDFS partitions=1824/1824 files=1824 size=389.90GB
   deterministic scan range assignment: true
   schedule scan ranges oldest to newest: true
   runtime filters: RF001[min_max] -> tpcds_partitioned_parquet_snap.store_sales.ss_store_sk, RF002[bloom] -> tpcds_partitioned_parquet_snap.store_sales.ss_sold_date_sk, RF000[bloom] -> tpcds_partitioned_parquet_snap.store_sales.ss_store_sk
   stored statistics:
     table: rows=8.64G size=389.90GB
     partitions: 1824/1824 rows=8.64G
     columns: all
   extrapolated-rows=disabled max-scan-range-rows=390.22M
   mem-estimate=16.00MB mem-reservation=8.00MB thread-reservation=0
   tuple-ids=0 row-size=16B cardinality=8.64G cost=1990641068
   in pipelines: 02(GETNEXT)
---- PARALLELPLANS
Max Per-Host Resource Reservation: Memory=1.24GB Threads=92
Per-Host Resource Estimates: Memory=5.64GB
F22:PLAN FRAGMENT [UNPARTITIONED] hosts=1 instances=1
|  Per-Instance Resources: mem-estimate=4.07MB mem-reservation=4.00MB thread-reservation=1
|  max-parallelism=1 segment-costs=[539] cpu-comparison-result=480 [max(1 (self) vs 480 (sum children))]
PLAN-ROOT SINK
|  output exprs: CASE valid_tid(27,28,29) WHEN 27 THEN channel WHEN 28 THEN channel WHEN 29 THEN NULL END, CASE valid_tid(27,28,29) WHEN 27 THEN id WHEN 28 THEN NULL WHEN 29 THEN NULL END, aggif(valid_tid(27,28,29) IN (27, 28, 29), CASE valid_tid(27,28,29) WHEN 27 THEN sum(sales) WHEN 28 THEN sum(sales) WHEN 29 THEN sum(sales) END), aggif(valid_tid(27,28,29) IN (27, 28, 29), CASE valid_tid(27,28,29) WHEN 27 THEN sum(`returns`) WHEN 28 THEN sum(`returns`) WHEN 29 THEN sum(`returns`) END), aggif(valid_tid(27,28,29) IN (27, 28, 29), CASE valid_tid(27,28,29) WHEN 27 THEN sum(profit) WHEN 28 THEN sum(profit) WHEN 29 THEN sum(profit) END)
|  mem-estimate=4.00MB mem-reservation=4.00MB spill-buffer=2.00MB thread-reservation=0 cost=500
|
46:MERGING-EXCHANGE [UNPARTITIONED]
|  order by: CASE valid_tid(27,28,29) WHEN 27 THEN channel WHEN 28 THEN channel WHEN 29 THEN NULL END ASC, CASE valid_tid(27,28,29) WHEN 27 THEN id WHEN 28 THEN NULL WHEN 29 THEN NULL END ASC
|  limit: 100
|  mem-estimate=74.92KB mem-reservation=0B thread-reservation=0
|  tuple-ids=31 row-size=72B cardinality=100 cost=39
|  in pipelines: 29(GETNEXT)
|
F21:PLAN FRAGMENT [HASH(CASE valid_tid(27,28,29) WHEN 27 THEN murmur_hash(channel) WHEN 28 THEN murmur_hash(channel) WHEN 29 THEN murmur_hash(NULL) END,CASE valid_tid(27,28,29) WHEN 27 THEN murmur_hash(id) WHEN 28 THEN murmur_hash(NULL) WHEN 29 THEN murmur_hash(NULL) END)] hosts=10 instances=10 (adjusted from 120)
Per-Instance Resources: mem-estimate=57.48MB mem-reservation=7.75MB thread-reservation=1
max-parallelism=10 segment-costs=[266395, 221854, 313895, 220] cpu-comparison-result=480 [max(10 (self) vs 480 (sum children))]
29:TOP-N [LIMIT=100]
|  order by: CASE valid_tid(27,28,29) WHEN 27 THEN channel WHEN 28 THEN channel WHEN 29 THEN NULL END ASC, CASE valid_tid(27,28,29) WHEN 27 THEN id WHEN 28 THEN NULL WHEN 29 THEN NULL END ASC
|  mem-estimate=7.03KB mem-reservation=0B thread-reservation=0
|  tuple-ids=31 row-size=72B cardinality=100 cost=313895
|  in pipelines: 29(GETNEXT), 28(OPEN)
|
28:AGGREGATE [FINALIZE]
|  output: aggif(valid_tid(27,28,29) IN (CAST(27 AS INT), CAST(28 AS INT), CAST(29 AS INT)), CASE valid_tid(27,28,29) WHEN CAST(27 AS INT) THEN sum(sales) WHEN CAST(28 AS INT) THEN sum(sales) WHEN CAST(29 AS INT) THEN sum(sales) END), aggif(valid_tid(27,28,29) IN (CAST(27 AS INT), CAST(28 AS INT), CAST(29 AS INT)), CASE valid_tid(27,28,29) WHEN CAST(27 AS INT) THEN sum(`returns`) WHEN CAST(28 AS INT) THEN sum(`returns`) WHEN CAST(29 AS INT) THEN sum(`returns`) END), aggif(valid_tid(27,28,29) IN (CAST(27 AS INT), CAST(28 AS INT), CAST(29 AS INT)), CASE valid_tid(27,28,29) WHEN CAST(27 AS INT) THEN sum(profit) WHEN CAST(28 AS INT) THEN sum(profit) WHEN CAST(29 AS INT) THEN sum(profit) END)
|  group by: CASE valid_tid(27,28,29) WHEN CAST(27 AS INT) THEN channel WHEN CAST(28 AS INT) THEN channel WHEN CAST(29 AS INT) THEN NULL END, CASE valid_tid(27,28,29) WHEN CAST(27 AS INT) THEN id WHEN CAST(28 AS INT) THEN NULL WHEN CAST(29 AS INT) THEN NULL END, CASE valid_tid(27,28,29) WHEN CAST(27 AS INT) THEN CAST(27 AS INT) WHEN CAST(28 AS INT) THEN CAST(28 AS INT) WHEN CAST(29 AS INT) THEN CAST(29 AS INT) END
|  mem-estimate=10.00MB mem-reservation=1.94MB spill-buffer=64.00KB thread-reservation=0
|  tuple-ids=30 row-size=76B cardinality=36.72K cost=221854
|  in pipelines: 28(GETNEXT), 45(OPEN)
|
45:AGGREGATE [FINALIZE]
|  Class 0
|    output: sum:merge(sales), sum:merge(`returns`), sum:merge(profit)
|    group by: channel, id
|  Class 1
|    output: sum:merge(sales), sum:merge(`returns`), sum:merge(profit)
|    group by: channel, NULL
|  Class 2
|    output: sum:merge(sales), sum:merge(`returns`), sum:merge(profit)
|    group by: NULL, NULL
|  mem-estimate=30.00MB mem-reservation=5.81MB thread-reservation=0
|  tuple-ids=27N,28N,29N row-size=216B cardinality=36.72K cost=222573
|  in pipelines: 45(GETNEXT), 33(OPEN), 37(OPEN), 43(OPEN)
|
44:EXCHANGE [HASH(CASE valid_tid(27,28,29) WHEN 27 THEN murmur_hash(channel) WHEN 28 THEN murmur_hash(channel) WHEN 29 THEN murmur_hash(NULL) END,CASE valid_tid(27,28,29) WHEN 27 THEN murmur_hash(id) WHEN 28 THEN murmur_hash(NULL) WHEN 29 THEN murmur_hash(NULL) END)]
|  mem-estimate=27.48MB mem-reservation=0B thread-reservation=0
|  tuple-ids=27N,28N,29N row-size=216B cardinality=37.19K cost=43822
|  in pipelines: 33(GETNEXT), 37(GETNEXT), 43(GETNEXT)
|
F20:PLAN FRAGMENT [RANDOM] hosts=10 instances=120
Per-Instance Resources: mem-estimate=70.16MB mem-reservation=10.75MB thread-reservation=1
max-parallelism=120 segment-costs=[86121, 4448543, 4190, 344492, 574824] cpu-comparison-result=480 [max(120 (self) vs 480 (sum children))]
27:AGGREGATE [STREAMING]
|  Class 0
|    output: sum(sales), sum(returns), sum(profit)
|    group by: channel, id
|  Class 1
|    output: sum(sales), sum(returns), sum(profit)
|    group by: channel, NULL
|  Class 2
|    output: sum(sales), sum(returns), sum(profit)
|    group by: NULL, NULL
|  mem-estimate=30.00MB mem-reservation=6.00MB thread-reservation=0
|  tuple-ids=27N,28N,29N row-size=216B cardinality=37.19K cost=335170
|  in pipelines: 33(GETNEXT), 37(GETNEXT), 43(GETNEXT)
|
00:UNION
|  mem-estimate=0B mem-reservation=0B thread-reservation=0
|  tuple-ids=25 row-size=72B cardinality=36.71K cost=9322
|  in pipelines: 33(GETNEXT), 37(GETNEXT), 43(GETNEXT)
|
|--43:AGGREGATE [FINALIZE]
|  |  output: sum:merge(sales_price), sum:merge(profit), sum:merge(return_amt), sum:merge(net_loss)
|  |  group by: web_site_id
|  |  mem-estimate=10.00MB mem-reservation=1.94MB spill-buffer=64.00KB thread-reservation=0
|  |  tuple-ids=23 row-size=92B cardinality=33 cost=2075
|  |  in pipelines: 43(GETNEXT), 18(OPEN), 20(OPEN)
|  |
|  42:EXCHANGE [HASH(web_site_id)]
|  |  mem-estimate=11.28MB mem-reservation=0B thread-reservation=0
|  |  tuple-ids=23 row-size=92B cardinality=3.96K cost=2115
|  |  in pipelines: 18(GETNEXT), 20(GETNEXT)
|  |
|  F16:PLAN FRAGMENT [RANDOM] hosts=10 instances=120
|  Per-Host Shared Resources: mem-estimate=2.00MB mem-reservation=2.00MB thread-reservation=0 runtime-filters-memory=2.00MB
|  Per-Instance Resources: mem-estimate=71.00MB mem-reservation=2.12MB thread-reservation=1
|  max-parallelism=120 segment-costs=[2351103766, 25502] cpu-comparison-result=240 [max(240 (self) vs 202 (sum children))]
|  26:AGGREGATE [STREAMING]
|  |  output: sum(sales_price), sum(profit), sum(return_amt), sum(net_loss)
|  |  group by: web_site_id
|  |  mem-estimate=10.00MB mem-reservation=2.00MB spill-buffer=64.00KB thread-reservation=0
|  |  tuple-ids=23 row-size=92B cardinality=3.96K cost=4490157
|  |  in pipelines: 18(GETNEXT), 20(GETNEXT)
|  |
|  25:HASH JOIN [INNER JOIN, BROADCAST]
|  |  hash-table-id=04
|  |  hash predicates: wsr_web_site_sk = web_site_sk
|  |  fk/pk conjuncts: assumed fk/pk
|  |  mem-estimate=0B mem-reservation=0B spill-buffer=64.00KB thread-reservation=0
|  |  tuple-ids=19,21,22 row-size=64B cardinality=8.92M cost=3936782
|  |  in pipelines: 18(GETNEXT), 20(GETNEXT), 23(OPEN)
|  |
|  |--F27:PLAN FRAGMENT [RANDOM] hosts=10 instances=10
|  |  |  Per-Instance Resources: mem-estimate=24.27MB mem-reservation=24.25MB thread-reservation=1 runtime-filters-memory=1.00MB
|  |  |  max-parallelism=10 segment-costs=[146]
|  |  JOIN BUILD
|  |  |  join-table-id=04 plan-id=05 cohort-id=03
|  |  |  build expressions: web_site_sk
|  |  |  runtime filters: RF008[bloom] <- web_site_sk, RF009[min_max] <- web_site_sk
|  |  |  mem-estimate=23.25MB mem-reservation=23.25MB spill-buffer=64.00KB thread-reservation=0 cost=66
|  |  |
|  |  41:EXCHANGE [BROADCAST]
|  |  |  mem-estimate=16.00KB mem-reservation=0B thread-reservation=0
|  |  |  tuple-ids=22 row-size=32B cardinality=66 cost=80
|  |  |  in pipelines: 23(GETNEXT)
|  |  |
|  |  F18:PLAN FRAGMENT [RANDOM] hosts=1 instances=1
|  |  Per-Instance Resources: mem-estimate=16.14MB mem-reservation=16.00KB thread-reservation=1
|  |  max-parallelism=1 segment-costs=[26]
|  |  23:SCAN HDFS [tpcds_partitioned_parquet_snap.web_site, RANDOM]
|  |     HDFS partitions=1/1 files=1 size=17.88KB
|  |     stored statistics:
|  |       table: rows=66 size=17.88KB
|  |       columns: all
|  |     extrapolated-rows=disabled max-scan-range-rows=66
|  |     mem-estimate=16.00MB mem-reservation=16.00KB thread-reservation=0
|  |     tuple-ids=22 row-size=32B cardinality=66 cost=19
|  |     in pipelines: 23(GETNEXT)
|  |
|  24:HASH JOIN [INNER JOIN, BROADCAST]
|  |  hash-table-id=05
|  |  hash predicates: date_sk = d_date_sk
|  |  fk/pk conjuncts: assumed fk/pk
|  |  mem-estimate=0B mem-reservation=0B spill-buffer=64.00KB thread-reservation=0
|  |  tuple-ids=19,21 row-size=32B cardinality=9.05M cost=611076362
|  |  in pipelines: 18(GETNEXT), 20(GETNEXT), 22(OPEN)
|  |
|  |--F28:PLAN FRAGMENT [RANDOM] hosts=10 instances=10
|  |  |  Per-Instance Resources: mem-estimate=24.27MB mem-reservation=24.25MB thread-reservation=1 runtime-filters-memory=1.00MB
|  |  |  max-parallelism=10 segment-costs=[25]
|  |  JOIN BUILD
|  |  |  join-table-id=05 plan-id=06 cohort-id=03
|  |  |  build expressions: d_date_sk
|  |  |  runtime filters: RF010[bloom] <- d_date_sk
|  |  |  mem-estimate=23.25MB mem-reservation=23.25MB spill-buffer=64.00KB thread-reservation=0 cost=15
|  |  |
|  |  40:EXCHANGE [BROADCAST]
|  |  |  mem-estimate=16.00KB mem-reservation=0B thread-reservation=0
|  |  |  tuple-ids=21 row-size=8B cardinality=15 cost=10
|  |  |  in pipelines: 22(GETNEXT)
|  |  |
|  |  F17:PLAN FRAGMENT [RANDOM] hosts=1 instances=1
|  |  Per-Instance Resources: mem-estimate=20.05MB mem-reservation=5.00MB thread-reservation=1
|  |  max-parallelism=1 segment-costs=[12520]
|  |  51:TUPLE CACHE
|  |  |  cache key: 83717adeca14e11d2695adfe5bca39c1
|  |  |  input scan node ids: 22
|  |  |  estimated serialized size: 180B
|  |  |  estimated serialized size per node: 180B
|  |  |  cumulative processing cost: 12520
|  |  |  cache read processing cost: 1
|  |  |  cache write processing cost: 0
|  |  |  mem-estimate=4.00MB mem-reservation=4.00MB spill-buffer=2.00MB thread-reservation=0
|  |  |  tuple-ids=21 row-size=8B cardinality=15 cost=0
|  |  |  in pipelines: 22(GETNEXT)
|  |  |
|  |  22:SCAN HDFS [tpcds_partitioned_parquet_snap.date_dim, RANDOM]
|  |     HDFS partitions=1/1 files=1 size=2.17MB
|  |     deterministic scan range assignment: true
|  |     schedule scan ranges oldest to newest: true
|  |     predicates: d_date <= DATE '2000-09-02', d_date >= DATE '2000-08-19'
|  |     stored statistics:
|  |       table: rows=73.05K size=2.17MB
|  |       columns: all
|  |     extrapolated-rows=disabled max-scan-range-rows=73.05K
|  |     parquet statistics predicates: d_date <= DATE '2000-09-02', d_date >= DATE '2000-08-19'
|  |     parquet dictionary predicates: d_date <= DATE '2000-09-02', d_date >= DATE '2000-08-19'
|  |     mem-estimate=16.00MB mem-reservation=1.00MB thread-reservation=0
|  |     tuple-ids=21 row-size=8B cardinality=15 cost=12520
|  |     in pipelines: 22(GETNEXT)
|  |
|  17:UNION
|  |  mem-estimate=0B mem-reservation=0B thread-reservation=0
|  |  tuple-ids=19 row-size=24B cardinality=2.38G cost=241826293
|  |  in pipelines: 18(GETNEXT), 20(GETNEXT)
|  |
|  |--21:HASH JOIN [RIGHT OUTER JOIN, PARTITIONED]
|  |  |  hash-table-id=06
|  |  |  hash predicates: ws_item_sk = wr_item_sk, ws_order_number = wr_order_number
|  |  |  fk/pk conjuncts: ws_item_sk = wr_item_sk, ws_order_number = wr_order_number
|  |  |  mem-estimate=0B mem-reservation=0B spill-buffer=2.00MB thread-reservation=0
|  |  |  tuple-ids=18N,17 row-size=40B cardinality=216.00M cost=593171470
|  |  |  in pipelines: 20(GETNEXT), 19(OPEN)
|  |  |
|  |  |--F29:PLAN FRAGMENT [RANDOM] hosts=10 instances=120
|  |  |  |  Per-Instance Resources: mem-estimate=121.04MB mem-reservation=51.00MB thread-reservation=1 runtime-filters-memory=17.00MB
|  |  |  |  max-parallelism=120 segment-costs=[263847280]
|  |  |  JOIN BUILD
|  |  |  |  join-table-id=06 plan-id=07 cohort-id=03
|  |  |  |  build expressions: wr_item_sk, wr_order_number
|  |  |  |  runtime filters: RF012[bloom] <- wr_item_sk, RF013[bloom] <- wr_order_number, RF014[min_max] <- wr_item_sk, RF015[min_max] <- wr_order_number
|  |  |  |  mem-estimate=92.40MB mem-reservation=34.00MB spill-buffer=2.00MB thread-reservation=0 cost=216002686
|  |  |  |
|  |  |  39:EXCHANGE [HASH(wr_item_sk,wr_order_number)]
|  |  |  |  mem-estimate=11.64MB mem-reservation=0B thread-reservation=0
|  |  |  |  tuple-ids=17 row-size=24B cardinality=216.00M cost=47844594
|  |  |  |  in pipelines: 19(GETNEXT)
|  |  |  |
|  |  |  F14:PLAN FRAGMENT [RANDOM] hosts=10 instances=60 (adjusted from 120)
|  |  |  Per-Host Shared Resources: mem-estimate=1.00MB mem-reservation=1.00MB thread-reservation=0 runtime-filters-memory=1.00MB
|  |  |  Per-Instance Resources: mem-estimate=29.12MB mem-reservation=256.00KB thread-reservation=1
|  |  |  max-parallelism=60 segment-costs=[519788863]
|  |  |  19:SCAN HDFS [tpcds_partitioned_parquet_snap.web_returns, RANDOM]
|  |  |     HDFS partitions=2114/2114 files=2114 size=16.74GB
|  |  |     runtime filters: RF010[bloom] -> tpcds_partitioned_parquet_snap.web_returns.wr_returned_date_sk
|  |  |     stored statistics:
|  |  |       table: rows=216.00M size=16.74GB
|  |  |       partitions: 2114/2114 rows=216.00M
|  |  |       columns: all
|  |  |     extrapolated-rows=disabled max-scan-range-rows=9.41M
|  |  |     mem-estimate=16.00MB mem-reservation=256.00KB thread-reservation=0
|  |  |     tuple-ids=17 row-size=24B cardinality=216.00M cost=74650528
|  |  |     in pipelines: 19(GETNEXT)
|  |  |
|  |  38:EXCHANGE [HASH(ws_item_sk,ws_order_number)]
|  |  |  mem-estimate=12.34MB mem-reservation=0B thread-reservation=0
|  |  |  tuple-ids=18 row-size=16B cardinality=2.16G cost=398946083
|  |  |  in pipelines: 20(GETNEXT)
|  |  |
|  |  F13:PLAN FRAGMENT [RANDOM] hosts=10 instances=120
|  |  Per-Host Shared Resources: mem-estimate=18.00MB mem-reservation=18.00MB thread-reservation=0 runtime-filters-memory=18.00MB
|  |  Per-Instance Resources: mem-estimate=25.38MB mem-reservation=128.00KB thread-reservation=1
|  |  max-parallelism=390 segment-costs=[3836103108]
|  |  20:SCAN HDFS [tpcds_partitioned_parquet_snap.web_sales, RANDOM]
|  |     HDFS partitions=1824/1824 files=1824 size=145.75GB
|  |     runtime filters: RF014[min_max] -> ws_item_sk, RF015[min_max] -> ws_order_number, RF009[min_max] -> tpcds_partitioned_parquet_snap.web_sales.ws_web_site_sk, RF012[bloom] -> ws_item_sk, RF013[bloom] -> ws_order_number, RF008[bloom] -> tpcds_partitioned_parquet_snap.web_sales.ws_web_site_sk
|  |     stored statistics:
|  |       table: rows=2.16G size=145.75GB
|  |       partitions: 1824/1824 rows=2.16G
|  |       columns: all
|  |     extrapolated-rows=disabled max-scan-range-rows=3.37M
|  |     mem-estimate=16.00MB mem-reservation=128.00KB thread-reservation=0
|  |     tuple-ids=18 row-size=16B cardinality=2.16G cost=497656619
|  |     in pipelines: 20(GETNEXT)
|  |
|  18:SCAN HDFS [tpcds_partitioned_parquet_snap.web_sales, RANDOM]
|     HDFS partitions=1824/1824 files=1824 size=145.75GB
|     runtime filters: RF009[min_max] -> tpcds_partitioned_parquet_snap.web_sales.ws_web_site_sk, RF010[bloom] -> tpcds_partitioned_parquet_snap.web_sales.ws_sold_date_sk, RF008[bloom] -> tpcds_partitioned_parquet_snap.web_sales.ws_web_site_sk
|     stored statistics:
|       table: rows=2.16G size=145.75GB
|       partitions: 1824/1824 rows=2.16G
|       columns: all
|     extrapolated-rows=disabled max-scan-range-rows=3.37M
|     mem-estimate=16.00MB mem-reservation=128.00KB thread-reservation=0
|     tuple-ids=16 row-size=16B cardinality=2.16G cost=497656619
|     in pipelines: 18(GETNEXT)
|
|--37:AGGREGATE [FINALIZE]
|  |  output: sum:merge(sales_price), sum:merge(profit), sum:merge(return_amt), sum:merge(net_loss)
|  |  group by: cp_catalog_page_id
|  |  mem-estimate=10.00MB mem-reservation=4.75MB spill-buffer=256.00KB thread-reservation=0
|  |  tuple-ids=14 row-size=92B cardinality=36.00K cost=2204419
|  |  in pipelines: 37(GETNEXT), 10(OPEN), 11(OPEN)
|  |
|  36:EXCHANGE [HASH(cp_catalog_page_id)]
|  |  mem-estimate=21.25MB mem-reservation=0B thread-reservation=0
|  |  tuple-ids=14 row-size=92B cardinality=4.20M cost=2244124
|  |  in pipelines: 10(GETNEXT), 11(GETNEXT)
|  |
|  F08:PLAN FRAGMENT [RANDOM] hosts=10 instances=120
|  Per-Host Shared Resources: mem-estimate=2.00MB mem-reservation=2.00MB thread-reservation=0 runtime-filters-memory=2.00MB
|  Per-Instance Resources: mem-estimate=75.00MB mem-reservation=10.00MB thread-reservation=1
|  max-parallelism=120 segment-costs=[2827018858, 27048772] cpu-comparison-result=120 [max(120 (self) vs 22 (sum children))]
|  50:TUPLE CACHE
|  |  cache key: 8f95dee480c8350ed3d4aec2ff198d13
|  |  input scan node ids: 10,11
|  |  estimated serialized size: 384.53MB
|  |  estimated serialized size per node: 38.45MB
|  |  cumulative processing cost: 2827129499
|  |  cache read processing cost: 558195
|  |  cache write processing cost: 1088671
|  |  mem-estimate=4.00MB mem-reservation=4.00MB spill-buffer=2.00MB thread-reservation=0
|  |  tuple-ids=14 row-size=92B cardinality=4.20M cost=0
|  |  in pipelines: 10(GETNEXT), 11(GETNEXT)
|  |
|  16:AGGREGATE [STREAMING]
|  |  output: sum(sales_price), sum(profit), sum(return_amt), sum(net_loss)
|  |  group by: cp_catalog_page_id
|  |  mem-estimate=10.00MB mem-reservation=5.00MB spill-buffer=256.00KB thread-reservation=0
|  |  tuple-ids=14 row-size=92B cardinality=4.20M cost=18731378
|  |  in pipelines: 10(GETNEXT), 11(GETNEXT)
|  |
|  15:HASH JOIN [INNER JOIN, BROADCAST]
|  |  hash-table-id=02
|  |  hash predicates: page_sk = cp_catalog_page_sk
|  |  fk/pk conjuncts: assumed fk/pk
|  |  mem-estimate=0B mem-reservation=0B spill-buffer=128.00KB thread-reservation=0
|  |  tuple-ids=10,12,13 row-size=64B cardinality=15.48M cost=7504710
|  |  in pipelines: 10(GETNEXT), 11(GETNEXT), 13(OPEN)
|  |
|  |--F25:PLAN FRAGMENT [RANDOM] hosts=10 instances=10
|  |  |  Per-Instance Resources: mem-estimate=36.63MB mem-reservation=35.50MB thread-reservation=1 runtime-filters-memory=1.00MB
|  |  |  max-parallelism=10 segment-costs=[83840]
|  |  JOIN BUILD
|  |  |  join-table-id=02 plan-id=03 cohort-id=02
|  |  |  build expressions: cp_catalog_page_sk
|  |  |  runtime filters: RF004[bloom] <- cp_catalog_page_sk, RF005[min_max] <- cp_catalog_page_sk
|  |  |  mem-estimate=34.50MB mem-reservation=34.50MB spill-buffer=128.00KB thread-reservation=0 cost=36000
|  |  |
|  |  35:EXCHANGE [BROADCAST]
|  |  |  mem-estimate=1.13MB mem-reservation=0B thread-reservation=0
|  |  |  tuple-ids=13 row-size=32B cardinality=36.00K cost=47840
|  |  |  in pipelines: 13(GETNEXT)
|  |  |
|  |  F10:PLAN FRAGMENT [RANDOM] hosts=1 instances=1
|  |  Per-Instance Resources: mem-estimate=16.14MB mem-reservation=1.00MB thread-reservation=1
|  |  max-parallelism=1 segment-costs=[14256]
|  |  13:SCAN HDFS [tpcds_partitioned_parquet_snap.catalog_page, RANDOM]
|  |     HDFS partitions=1/1 files=1 size=2.24MB
|  |     stored statistics:
|  |       table: rows=36.00K size=2.24MB
|  |       columns: all
|  |     extrapolated-rows=disabled max-scan-range-rows=36.00K
|  |     mem-estimate=16.00MB mem-reservation=1.00MB thread-reservation=0
|  |     tuple-ids=13 row-size=32B cardinality=36.00K cost=10368
|  |     in pipelines: 13(GETNEXT)
|  |
|  14:HASH JOIN [INNER JOIN, BROADCAST]
|  |  hash-table-id=03
|  |  hash predicates: date_sk = d_date_sk
|  |  fk/pk conjuncts: assumed fk/pk
|  |  mem-estimate=0B mem-reservation=0B spill-buffer=64.00KB thread-reservation=0
|  |  tuple-ids=10,12 row-size=32B cardinality=18.32M cost=1222231864
|  |  in pipelines: 10(GETNEXT), 11(GETNEXT), 12(OPEN)
|  |
|  |--F26:PLAN FRAGMENT [RANDOM] hosts=10 instances=10
|  |  |  Per-Instance Resources: mem-estimate=24.27MB mem-reservation=24.25MB thread-reservation=1 runtime-filters-memory=1.00MB
|  |  |  max-parallelism=10 segment-costs=[25]
|  |  JOIN BUILD
|  |  |  join-table-id=03 plan-id=04 cohort-id=02
|  |  |  build expressions: d_date_sk
|  |  |  runtime filters: RF006[bloom] <- d_date_sk
|  |  |  mem-estimate=23.25MB mem-reservation=23.25MB spill-buffer=64.00KB thread-reservation=0 cost=15
|  |  |
|  |  34:EXCHANGE [BROADCAST]
|  |  |  mem-estimate=16.00KB mem-reservation=0B thread-reservation=0
|  |  |  tuple-ids=12 row-size=8B cardinality=15 cost=10
|  |  |  in pipelines: 12(GETNEXT)
|  |  |
|  |  F09:PLAN FRAGMENT [RANDOM] hosts=1 instances=1
|  |  Per-Instance Resources: mem-estimate=20.05MB mem-reservation=5.00MB thread-reservation=1
|  |  max-parallelism=1 segment-costs=[12520]
|  |  49:TUPLE CACHE
|  |  |  cache key: 83717adeca14e11d2695adfe5bca39c1
|  |  |  input scan node ids: 12
|  |  |  estimated serialized size: 180B
|  |  |  estimated serialized size per node: 180B
|  |  |  cumulative processing cost: 12520
|  |  |  cache read processing cost: 1
|  |  |  cache write processing cost: 0
|  |  |  mem-estimate=4.00MB mem-reservation=4.00MB spill-buffer=2.00MB thread-reservation=0
|  |  |  tuple-ids=12 row-size=8B cardinality=15 cost=0
|  |  |  in pipelines: 12(GETNEXT)
|  |  |
|  |  12:SCAN HDFS [tpcds_partitioned_parquet_snap.date_dim, RANDOM]
|  |     HDFS partitions=1/1 files=1 size=2.17MB
|  |     deterministic scan range assignment: true
|  |     schedule scan ranges oldest to newest: true
|  |     predicates: d_date <= DATE '2000-09-02', d_date >= DATE '2000-08-19'
|  |     stored statistics:
|  |       table: rows=73.05K size=2.17MB
|  |       columns: all
|  |     extrapolated-rows=disabled max-scan-range-rows=73.05K
|  |     parquet statistics predicates: d_date <= DATE '2000-09-02', d_date >= DATE '2000-08-19'
|  |     parquet dictionary predicates: d_date <= DATE '2000-09-02', d_date >= DATE '2000-08-19'
|  |     mem-estimate=16.00MB mem-reservation=1.00MB thread-reservation=0
|  |     tuple-ids=12 row-size=8B cardinality=15 cost=12520
|  |     in pipelines: 12(GETNEXT)
|  |
|  09:UNION
|  |  mem-estimate=0B mem-reservation=0B thread-reservation=0
|  |  tuple-ids=10 row-size=24B cardinality=4.75G cost=483668226
|  |  in pipelines: 10(GETNEXT), 11(GETNEXT)
|  |
|  |--11:SCAN HDFS [tpcds_partitioned_parquet_snap.catalog_returns, RANDOM]
|  |     HDFS partitions=2060/2060 files=2060 size=32.77GB
|  |     deterministic scan range assignment: true
|  |     schedule scan ranges oldest to newest: true
|  |     runtime filters: RF005[min_max] -> tpcds_partitioned_parquet_snap.catalog_returns.cr_catalog_page_sk, RF006[bloom] -> tpcds_partitioned_parquet_snap.catalog_returns.cr_returned_date_sk, RF004[bloom] -> tpcds_partitioned_parquet_snap.catalog_returns.cr_catalog_page_sk
|  |     stored statistics:
|  |       table: rows=432.02M size=32.77GB
|  |       partitions: 2060/2060 rows=432.02M
|  |       columns: all
|  |     extrapolated-rows=disabled max-scan-range-rows=416.82K
|  |     mem-estimate=16.00MB mem-reservation=32.00KB thread-reservation=0
|  |     tuple-ids=9 row-size=16B cardinality=432.02M cost=99536714
|  |     in pipelines: 11(GETNEXT)
|  |
|  10:SCAN HDFS [tpcds_partitioned_parquet_snap.catalog_sales, RANDOM]
|     HDFS partitions=1831/1831 files=1831 size=280.96GB
|     deterministic scan range assignment: true
|     schedule scan ranges oldest to newest: true
|     runtime filters: RF005[min_max] -> tpcds_partitioned_parquet_snap.catalog_sales.cs_catalog_page_sk, RF006[bloom] -> tpcds_partitioned_parquet_snap.catalog_sales.cs_sold_date_sk, RF004[bloom] -> tpcds_partitioned_parquet_snap.catalog_sales.cs_catalog_page_sk
|     stored statistics:
|       table: rows=4.32G size=280.96GB
|       partitions: 1831/1831 rows=4.32G
|       columns: all
|     extrapolated-rows=disabled max-scan-range-rows=21.52M
|     mem-estimate=16.00MB mem-reservation=1.00MB thread-reservation=0
|     tuple-ids=8 row-size=16B cardinality=4.32G cost=995345966
|     in pipelines: 10(GETNEXT)
|
33:AGGREGATE [FINALIZE]
|  output: sum:merge(sales_price), sum:merge(profit), sum:merge(return_amt), sum:merge(net_loss)
|  group by: s_store_id
|  mem-estimate=10.00MB mem-reservation=1.94MB spill-buffer=64.00KB thread-reservation=0
|  tuple-ids=6 row-size=92B cardinality=678 cost=42651
|  in pipelines: 33(GETNEXT), 02(OPEN), 03(OPEN)
|
32:EXCHANGE [HASH(s_store_id)]
|  mem-estimate=11.96MB mem-reservation=0B thread-reservation=0
|  tuple-ids=6 row-size=92B cardinality=81.36K cost=43470
|  in pipelines: 02(GETNEXT), 03(GETNEXT)
|
F02:PLAN FRAGMENT [RANDOM] hosts=10 instances=120
Per-Host Shared Resources: mem-estimate=2.00MB mem-reservation=2.00MB thread-reservation=0 runtime-filters-memory=2.00MB
Per-Instance Resources: mem-estimate=75.00MB mem-reservation=14.00MB thread-reservation=1
max-parallelism=120 segment-costs=[5637342561, 523958] cpu-comparison-result=120 [max(120 (self) vs 22 (sum children))]
48:TUPLE CACHE
|  cache key: 3052f4cf1c77706407a24ca496930f0d
|  input scan node ids: 2,3
|  estimated serialized size: 7.45MB
|  estimated serialized size per node: 762.75KB
|  cumulative processing cost: 5637358779
|  cache read processing cost: 10812
|  cache write processing cost: 21088
|  mem-estimate=4.00MB mem-reservation=4.00MB spill-buffer=2.00MB thread-reservation=0
|  tuple-ids=6 row-size=92B cardinality=81.36K cost=0
|  in pipelines: 02(GETNEXT), 03(GETNEXT)
|
08:AGGREGATE [STREAMING]
|  output: sum(sales_price), sum(profit), sum(return_amt), sum(net_loss)
|  group by: s_store_id
|  mem-estimate=10.00MB mem-reservation=2.00MB spill-buffer=64.00KB thread-reservation=0
|  tuple-ids=6 row-size=92B cardinality=81.36K cost=19365585
|  in pipelines: 02(GETNEXT), 03(GETNEXT)
|
07:HASH JOIN [INNER JOIN, BROADCAST]
|  hash-table-id=00
|  hash predicates: store_sk = s_store_sk
|  fk/pk conjuncts: assumed fk/pk
|  mem-estimate=0B mem-reservation=0B spill-buffer=64.00KB thread-reservation=0
|  tuple-ids=2,4,5 row-size=64B cardinality=38.12M cost=16459018
|  in pipelines: 02(GETNEXT), 03(GETNEXT), 05(OPEN)
|
|--F23:PLAN FRAGMENT [RANDOM] hosts=10 instances=10
|  |  Per-Instance Resources: mem-estimate=24.33MB mem-reservation=24.25MB thread-reservation=1 runtime-filters-memory=1.00MB
|  |  max-parallelism=10 segment-costs=[3140]
|  JOIN BUILD
|  |  join-table-id=00 plan-id=01 cohort-id=01
|  |  build expressions: s_store_sk
|  |  runtime filters: RF000[bloom] <- s_store_sk, RF001[min_max] <- s_store_sk
|  |  mem-estimate=23.25MB mem-reservation=23.25MB spill-buffer=64.00KB thread-reservation=0 cost=1350
|  |
|  31:EXCHANGE [BROADCAST]
|  |  mem-estimate=78.19KB mem-reservation=0B thread-reservation=0
|  |  tuple-ids=5 row-size=32B cardinality=1.35K cost=1790
|  |  in pipelines: 05(GETNEXT)
|  |
|  F04:PLAN FRAGMENT [RANDOM] hosts=1 instances=1
|  Per-Instance Resources: mem-estimate=16.14MB mem-reservation=16.00KB thread-reservation=1
|  max-parallelism=1 segment-costs=[533]
|  05:SCAN HDFS [tpcds_partitioned_parquet_snap.store, RANDOM]
|     HDFS partitions=1/1 files=1 size=119.76KB
|     stored statistics:
|       table: rows=1.35K size=119.76KB
|       columns: all
|     extrapolated-rows=disabled max-scan-range-rows=1.35K
|     mem-estimate=16.00MB mem-reservation=16.00KB thread-reservation=0
|     tuple-ids=5 row-size=32B cardinality=1.35K cost=388
|     in pipelines: 05(GETNEXT)
|
06:HASH JOIN [INNER JOIN, BROADCAST]
|  hash-table-id=01
|  hash predicates: date_sk = d_date_sk
|  fk/pk conjuncts: assumed fk/pk
|  mem-estimate=0B mem-reservation=0B spill-buffer=64.00KB thread-reservation=0
|  tuple-ids=2,4 row-size=32B cardinality=37.24M cost=2444504544
|  in pipelines: 02(GETNEXT), 03(GETNEXT), 04(OPEN)
|
|--F24:PLAN FRAGMENT [RANDOM] hosts=10 instances=10
|  |  Per-Instance Resources: mem-estimate=24.27MB mem-reservation=24.25MB thread-reservation=1 runtime-filters-memory=1.00MB
|  |  max-parallelism=10 segment-costs=[25]
|  JOIN BUILD
|  |  join-table-id=01 plan-id=02 cohort-id=01
|  |  build expressions: d_date_sk
|  |  runtime filters: RF002[bloom] <- d_date_sk
|  |  mem-estimate=23.25MB mem-reservation=23.25MB spill-buffer=64.00KB thread-reservation=0 cost=15
|  |
|  30:EXCHANGE [BROADCAST]
|  |  mem-estimate=16.00KB mem-reservation=0B thread-reservation=0
|  |  tuple-ids=4 row-size=8B cardinality=15 cost=10
|  |  in pipelines: 04(GETNEXT)
|  |
|  F03:PLAN FRAGMENT [RANDOM] hosts=1 instances=1
|  Per-Instance Resources: mem-estimate=20.05MB mem-reservation=5.00MB thread-reservation=1
|  max-parallelism=1 segment-costs=[12520]
|  47:TUPLE CACHE
|  |  cache key: 83717adeca14e11d2695adfe5bca39c1
|  |  input scan node ids: 4
|  |  estimated serialized size: 180B
|  |  estimated serialized size per node: 180B
|  |  cumulative processing cost: 12520
|  |  cache read processing cost: 1
|  |  cache write processing cost: 0
|  |  mem-estimate=4.00MB mem-reservation=4.00MB spill-buffer=2.00MB thread-reservation=0
|  |  tuple-ids=4 row-size=8B cardinality=15 cost=0
|  |  in pipelines: 04(GETNEXT)
|  |
|  04:SCAN HDFS [tpcds_partitioned_parquet_snap.date_dim, RANDOM]
|     HDFS partitions=1/1 files=1 size=2.17MB
|     deterministic scan range assignment: true
|     schedule scan ranges oldest to newest: true
|     predicates: d_date <= DATE '2000-09-02', d_date >= DATE '2000-08-19'
|     stored statistics:
|       table: rows=73.05K size=2.17MB
|       columns: all
|     extrapolated-rows=disabled max-scan-range-rows=73.05K
|     parquet statistics predicates: d_date <= DATE '2000-09-02', d_date >= DATE '2000-08-19'
|     parquet dictionary predicates: d_date <= DATE '2000-09-02', d_date >= DATE '2000-08-19'
|     mem-estimate=16.00MB mem-reservation=1.00MB thread-reservation=0
|     tuple-ids=4 row-size=8B cardinality=15 cost=12520
|     in pipelines: 04(GETNEXT)
|
01:UNION
|  mem-estimate=0B mem-reservation=0B thread-reservation=0
|  tuple-ids=2 row-size=24B cardinality=9.50G cost=967309366
|  in pipelines: 02(GETNEXT), 03(GETNEXT)
|
|--03:SCAN HDFS [tpcds_partitioned_parquet_snap.store_returns, RANDOM]
|     HDFS partitions=2004/2004 files=2004 size=48.14GB
|     deterministic scan range assignment: true
|     schedule scan ranges oldest to newest: true
|     runtime filters: RF001[min_max] -> tpcds_partitioned_parquet_snap.store_returns.sr_store_sk, RF002[bloom] -> tpcds_partitioned_parquet_snap.store_returns.sr_returned_date_sk, RF000[bloom] -> tpcds_partitioned_parquet_snap.store_returns.sr_store_sk
|     stored statistics:
|       table: rows=863.99M size=48.14GB
|       partitions: 2004/2004 rows=863.99M
|       columns: all
|     extrapolated-rows=disabled max-scan-range-rows=30.09M
|     mem-estimate=16.00MB mem-reservation=512.00KB thread-reservation=0
|     tuple-ids=1 row-size=16B cardinality=863.99M cost=199062980
|     in pipelines: 03(GETNEXT)
|
02:SCAN HDFS [tpcds_partitioned_parquet_snap.store_sales, RANDOM]
   HDFS partitions=1824/1824 files=1824 size=389.90GB
   deterministic scan range assignment: true
   schedule scan ranges oldest to newest: true
   runtime filters: RF001[min_max] -> tpcds_partitioned_parquet_snap.store_sales.ss_store_sk, RF002[bloom] -> tpcds_partitioned_parquet_snap.store_sales.ss_sold_date_sk, RF000[bloom] -> tpcds_partitioned_parquet_snap.store_sales.ss_store_sk
   stored statistics:
     table: rows=8.64G size=389.90GB
     partitions: 1824/1824 rows=8.64G
     columns: all
   extrapolated-rows=disabled max-scan-range-rows=390.22M
   mem-estimate=16.00MB mem-reservation=8.00MB thread-reservation=0
   tuple-ids=0 row-size=16B cardinality=8.64G cost=1990641068
   in pipelines: 02(GETNEXT)
====
