# TPCDS-Q99
# start query 99 in stream 0 using template query99.tpl using seed 1048173090
select
   substr(w_warehouse_name,1,20)
  ,sm_type
  ,cc_name
  ,sum(case when (cs_ship_date_sk - cs_sold_date_sk <= 30 ) then 1 else 0 end)  as "30 days"
  ,sum(case when (cs_ship_date_sk - cs_sold_date_sk > 30) and
                 (cs_ship_date_sk - cs_sold_date_sk <= 60) then 1 else 0 end )  as "31-60 days"
  ,sum(case when (cs_ship_date_sk - cs_sold_date_sk > 60) and
                 (cs_ship_date_sk - cs_sold_date_sk <= 90) then 1 else 0 end)  as "61-90 days"
  ,sum(case when (cs_ship_date_sk - cs_sold_date_sk > 90) and
                 (cs_ship_date_sk - cs_sold_date_sk <= 120) then 1 else 0 end)  as "91-120 days"
  ,sum(case when (cs_ship_date_sk - cs_sold_date_sk  > 120) then 1 else 0 end)  as ">120 days"
from
   catalog_sales
  ,warehouse
  ,ship_mode
  ,call_center
  ,date_dim
where
    d_month_seq between 1203 and 1203 + 11
and cs_ship_date_sk   = d_date_sk
and cs_warehouse_sk   = w_warehouse_sk
and cs_ship_mode_sk   = sm_ship_mode_sk
and cs_call_center_sk = cc_call_center_sk
group by
   substr(w_warehouse_name,1,20)
  ,sm_type
  ,cc_name
order by substr(w_warehouse_name,1,20)
        ,sm_type
        ,cc_name
limit 100;

# end query 99 in stream 0 using template query99.tpl
---- PLAN
Max Per-Host Resource Reservation: Memory=25.30MB Threads=1
Per-Host Resource Estimates: Memory=104MB
F00:PLAN FRAGMENT [UNPARTITIONED] hosts=1 instances=1
|  Per-Instance Resources: mem-estimate=103.75MB mem-reservation=25.30MB thread-reservation=1 runtime-filters-memory=4.00MB
|  max-parallelism=1 segment-costs=[15953649025, 18791, 800]
PLAN-ROOT SINK
|  output exprs: substr(w_warehouse_name, 1, 20), sm_type, cc_name, sum(CASE WHEN (cs_ship_date_sk - cs_sold_date_sk <= 30) THEN 1 ELSE 0 END), sum(CASE WHEN (cs_ship_date_sk - cs_sold_date_sk > 30) AND (cs_ship_date_sk - cs_sold_date_sk <= 60) THEN 1 ELSE 0 END), sum(CASE WHEN (cs_ship_date_sk - cs_sold_date_sk > 60) AND (cs_ship_date_sk - cs_sold_date_sk <= 90) THEN 1 ELSE 0 END), sum(CASE WHEN (cs_ship_date_sk - cs_sold_date_sk > 90) AND (cs_ship_date_sk - cs_sold_date_sk <= 120) THEN 1 ELSE 0 END), sum(CASE WHEN (cs_ship_date_sk - cs_sold_date_sk > 120) THEN 1 ELSE 0 END)
|  mem-estimate=4.00MB mem-reservation=4.00MB spill-buffer=2.00MB thread-reservation=0 cost=800
|
10:TOP-N [LIMIT=100]
|  order by: substr(w_warehouse_name, 1, 20) ASC, sm_type ASC, cc_name ASC
|  mem-estimate=9.50KB mem-reservation=0B thread-reservation=0
|  tuple-ids=6 row-size=97B cardinality=100 cost=18791
|  in pipelines: 10(GETNEXT), 09(OPEN)
|
13:TUPLE CACHE
|  cache key: 1c4f41e427927f27fa76e867ab59345e
|  input scan node ids: 0,1,2,3,4
|  estimated serialized size: 286.55KB
|  estimated serialized size per node: 28.65KB
|  cumulative processing cost: 15953649025
|  cache read processing cost: 385
|  cache write processing cost: 792
|  mem-estimate=4.00MB mem-reservation=4.00MB spill-buffer=2.00MB thread-reservation=0
|  tuple-ids=5 row-size=97B cardinality=2.90K cost=0
|  in pipelines: 09(GETNEXT)
|
09:AGGREGATE [FINALIZE]
|  output: sum(CAST(CASE WHEN (CAST(cs_ship_date_sk AS BIGINT) - CAST(cs_sold_date_sk AS BIGINT) <= CAST(30 AS BIGINT)) THEN CAST(1 AS TINYINT) ELSE CAST(0 AS TINYINT) END AS BIGINT)), sum(CAST(CASE WHEN (CAST(cs_ship_date_sk AS BIGINT) - CAST(cs_sold_date_sk AS BIGINT) > CAST(30 AS BIGINT)) AND (CAST(cs_ship_date_sk AS BIGINT) - CAST(cs_sold_date_sk AS BIGINT) <= CAST(60 AS BIGINT)) THEN CAST(1 AS TINYINT) ELSE CAST(0 AS TINYINT) END AS BIGINT)), sum(CAST(CASE WHEN (CAST(cs_ship_date_sk AS BIGINT) - CAST(cs_sold_date_sk AS BIGINT) > CAST(60 AS BIGINT)) AND (CAST(cs_ship_date_sk AS BIGINT) - CAST(cs_sold_date_sk AS BIGINT) <= CAST(90 AS BIGINT)) THEN CAST(1 AS TINYINT) ELSE CAST(0 AS TINYINT) END AS BIGINT)), sum(CAST(CASE WHEN (CAST(cs_ship_date_sk AS BIGINT) - CAST(cs_sold_date_sk AS BIGINT) > CAST(90 AS BIGINT)) AND (CAST(cs_ship_date_sk AS BIGINT) - CAST(cs_sold_date_sk AS BIGINT) <= CAST(120 AS BIGINT)) THEN CAST(1 AS TINYINT) ELSE CAST(0 AS TINYINT) END AS BIGINT)), sum(CAST(CASE WHEN (CAST(cs_ship_date_sk AS BIGINT) - CAST(cs_sold_date_sk AS BIGINT) > CAST(120 AS BIGINT)) THEN CAST(1 AS TINYINT) ELSE CAST(0 AS TINYINT) END AS BIGINT))
|  group by: substr(w_warehouse_name, CAST(1 AS BIGINT), CAST(20 AS BIGINT)), sm_type, cc_name
|  mem-estimate=10.00MB mem-reservation=1.94MB spill-buffer=64.00KB thread-reservation=0
|  tuple-ids=5 row-size=97B cardinality=2.90K cost=7145854108
|  in pipelines: 09(GETNEXT), 00(OPEN)
|
08:HASH JOIN [INNER JOIN]
|  hash predicates: cs_ship_date_sk = d_date_sk
|  fk/pk conjuncts: cs_ship_date_sk = d_date_sk
|  runtime filters: RF000[bloom] <- d_date_sk, RF001[min_max] <- d_date_sk
|  mem-estimate=1.94MB mem-reservation=1.94MB spill-buffer=64.00KB thread-reservation=0
|  tuple-ids=0,1,2,3,4 row-size=113B cardinality=4.32G cost=1890905436
|  in pipelines: 00(GETNEXT), 04(OPEN)
|
|--12:TUPLE CACHE
|  |  cache key: fdefef781eaff5ec8a2ace8696c3b3a0
|  |  input scan node ids: 4
|  |  estimated serialized size: 85.61KB
|  |  estimated serialized size per node: 85.61KB
|  |  cumulative processing cost: 12520
|  |  cache read processing cost: 970
|  |  cache write processing cost: 236
|  |  mem-estimate=4.00MB mem-reservation=4.00MB spill-buffer=2.00MB thread-reservation=0
|  |  tuple-ids=4 row-size=8B cardinality=7.30K cost=0
|  |  in pipelines: 04(GETNEXT)
|  |
|  04:SCAN HDFS [tpcds_partitioned_parquet_snap.date_dim]
|     HDFS partitions=1/1 files=1 size=2.17MB
|     deterministic scan range assignment: true
|     schedule scan ranges oldest to newest: true
|     predicates: d_month_seq <= CAST(1214 AS INT), d_month_seq >= CAST(1203 AS INT)
|     stored statistics:
|       table: rows=73.05K size=2.17MB
|       columns: all
|     extrapolated-rows=disabled max-scan-range-rows=73.05K
|     parquet statistics predicates: d_month_seq <= CAST(1214 AS INT), d_month_seq >= CAST(1203 AS INT)
|     parquet dictionary predicates: d_month_seq <= CAST(1214 AS INT), d_month_seq >= CAST(1203 AS INT)
|     mem-estimate=16.00MB mem-reservation=512.00KB thread-reservation=0
|     tuple-ids=4 row-size=8B cardinality=7.30K cost=12520
|     in pipelines: 04(GETNEXT)
|
07:HASH JOIN [INNER JOIN]
|  hash predicates: cs_call_center_sk = cc_call_center_sk
|  fk/pk conjuncts: cs_call_center_sk = cc_call_center_sk
|  runtime filters: RF002[bloom] <- cc_call_center_sk, RF003[min_max] <- cc_call_center_sk
|  mem-estimate=1.94MB mem-reservation=1.94MB spill-buffer=64.00KB thread-reservation=0
|  tuple-ids=0,1,2,3 row-size=105B cardinality=4.32G cost=1890898179
|  in pipelines: 00(GETNEXT), 03(OPEN)
|
|--03:SCAN HDFS [tpcds_partitioned_parquet_snap.call_center]
|     HDFS partitions=1/1 files=1 size=16.57KB
|     deterministic scan range assignment: true
|     schedule scan ranges oldest to newest: true
|     stored statistics:
|       table: rows=48 size=16.57KB
|       columns: all
|     extrapolated-rows=disabled max-scan-range-rows=48
|     mem-estimate=16.00MB mem-reservation=16.00KB thread-reservation=0
|     tuple-ids=3 row-size=30B cardinality=48 cost=12
|     in pipelines: 03(GETNEXT)
|
06:HASH JOIN [INNER JOIN]
|  hash predicates: cs_ship_mode_sk = sm_ship_mode_sk
|  fk/pk conjuncts: cs_ship_mode_sk = sm_ship_mode_sk
|  runtime filters: RF004[bloom] <- sm_ship_mode_sk, RF005[min_max] <- sm_ship_mode_sk
|  mem-estimate=1.94MB mem-reservation=1.94MB spill-buffer=64.00KB thread-reservation=0
|  tuple-ids=0,1,2 row-size=76B cardinality=4.32G cost=1890898151
|  in pipelines: 00(GETNEXT), 02(OPEN)
|
|--02:SCAN HDFS [tpcds_partitioned_parquet_snap.ship_mode]
|     HDFS partitions=1/1 files=1 size=2.68KB
|     deterministic scan range assignment: true
|     schedule scan ranges oldest to newest: true
|     stored statistics:
|       table: rows=20 size=2.68KB
|       columns: all
|     extrapolated-rows=disabled max-scan-range-rows=20
|     mem-estimate=16.00MB mem-reservation=16.00KB thread-reservation=0
|     tuple-ids=2 row-size=24B cardinality=20 cost=3
|     in pipelines: 02(GETNEXT)
|
05:HASH JOIN [INNER JOIN]
|  hash predicates: cs_warehouse_sk = w_warehouse_sk
|  fk/pk conjuncts: cs_warehouse_sk = w_warehouse_sk
|  runtime filters: RF006[bloom] <- w_warehouse_sk, RF007[min_max] <- w_warehouse_sk
|  mem-estimate=1.94MB mem-reservation=1.94MB spill-buffer=64.00KB thread-reservation=0
|  tuple-ids=0,1 row-size=52B cardinality=4.32G cost=1890898153
|  in pipelines: 00(GETNEXT), 01(OPEN)
|
|--11:TUPLE CACHE
|  |  cache key: 6ffdb1b4bffa14530778a288224883b2
|  |  input scan node ids: 1
|  |  estimated serialized size: 793B
|  |  estimated serialized size per node: 793B
|  |  cumulative processing cost: 6
|  |  cache read processing cost: 2
|  |  cache write processing cost: 2
|  |  mem-estimate=4.00MB mem-reservation=4.00MB spill-buffer=2.00MB thread-reservation=0
|  |  tuple-ids=1 row-size=32B cardinality=22 cost=0
|  |  in pipelines: 01(GETNEXT)
|  |
|  01:SCAN HDFS [tpcds_partitioned_parquet_snap.warehouse]
|     HDFS partitions=1/1 files=1 size=5.99KB
|     deterministic scan range assignment: true
|     schedule scan ranges oldest to newest: true
|     stored statistics:
|       table: rows=22 size=5.99KB
|       columns: all
|     extrapolated-rows=disabled max-scan-range-rows=22
|     mem-estimate=16.00MB mem-reservation=16.00KB thread-reservation=0
|     tuple-ids=1 row-size=32B cardinality=22 cost=6
|     in pipelines: 01(GETNEXT)
|
00:SCAN HDFS [tpcds_partitioned_parquet_snap.catalog_sales]
   HDFS partitions=1831/1831 files=1831 size=280.96GB
   deterministic scan range assignment: true
   schedule scan ranges oldest to newest: true
   runtime filters: RF001[min_max] -> cs_ship_date_sk, RF003[min_max] -> cs_call_center_sk, RF005[min_max] -> cs_ship_mode_sk, RF007[min_max] -> cs_warehouse_sk, RF000[bloom] -> cs_ship_date_sk, RF002[bloom] -> cs_call_center_sk, RF004[bloom] -> cs_ship_mode_sk, RF006[bloom] -> cs_warehouse_sk
   stored statistics:
     table: rows=4.32G size=280.96GB
     partitions: 1831/1831 rows=4.32G
     columns: all
   extrapolated-rows=disabled max-scan-range-rows=21.52M
   mem-estimate=16.00MB mem-reservation=1.00MB thread-reservation=0
   tuple-ids=0 row-size=20B cardinality=4.32G cost=1244182457
   in pipelines: 00(GETNEXT)
---- DISTRIBUTEDPLAN
Max Per-Host Resource Reservation: Memory=199.48MB Threads=22
Per-Host Resource Estimates: Memory=610MB
F06:PLAN FRAGMENT [UNPARTITIONED] hosts=1 instances=1
|  Per-Instance Resources: mem-estimate=4.10MB mem-reservation=4.00MB thread-reservation=1
|  max-parallelism=1 segment-costs=[844] cpu-comparison-result=120 [max(1 (self) vs 120 (sum children))]
PLAN-ROOT SINK
|  output exprs: substr(w_warehouse_name, 1, 20), sm_type, cc_name, sum(CASE WHEN (cs_ship_date_sk - cs_sold_date_sk <= 30) THEN 1 ELSE 0 END), sum(CASE WHEN (cs_ship_date_sk - cs_sold_date_sk > 30) AND (cs_ship_date_sk - cs_sold_date_sk <= 60) THEN 1 ELSE 0 END), sum(CASE WHEN (cs_ship_date_sk - cs_sold_date_sk > 60) AND (cs_ship_date_sk - cs_sold_date_sk <= 90) THEN 1 ELSE 0 END), sum(CASE WHEN (cs_ship_date_sk - cs_sold_date_sk > 90) AND (cs_ship_date_sk - cs_sold_date_sk <= 120) THEN 1 ELSE 0 END), sum(CASE WHEN (cs_ship_date_sk - cs_sold_date_sk > 120) THEN 1 ELSE 0 END)
|  mem-estimate=4.00MB mem-reservation=4.00MB spill-buffer=2.00MB thread-reservation=0 cost=800
|
17:MERGING-EXCHANGE [UNPARTITIONED]
|  order by: substr(w_warehouse_name, 1, 20) ASC, sm_type ASC, cc_name ASC
|  limit: 100
|  mem-estimate=99.83KB mem-reservation=0B thread-reservation=0
|  tuple-ids=6 row-size=97B cardinality=100 cost=44
|  in pipelines: 10(GETNEXT)
|
F05:PLAN FRAGMENT [HASH(substr(w_warehouse_name, 1, 20),sm_type,cc_name)] hosts=10 instances=10 (adjusted from 120)
Per-Instance Resources: mem-estimate=25.09MB mem-reservation=1.94MB thread-reservation=1
max-parallelism=10 segment-costs=[782559, 18791, 286] cpu-comparison-result=120 [max(10 (self) vs 120 (sum children))]
10:TOP-N [LIMIT=100]
|  order by: substr(w_warehouse_name, 1, 20) ASC, sm_type ASC, cc_name ASC
|  mem-estimate=9.50KB mem-reservation=0B thread-reservation=0
|  tuple-ids=6 row-size=97B cardinality=100 cost=18791
|  in pipelines: 10(GETNEXT), 16(OPEN)
|
16:AGGREGATE [FINALIZE]
|  output: sum:merge(CASE WHEN (cs_ship_date_sk - cs_sold_date_sk <= 30) THEN 1 ELSE 0 END), sum:merge(CASE WHEN (cs_ship_date_sk - cs_sold_date_sk > 30) AND (cs_ship_date_sk - cs_sold_date_sk <= 60) THEN 1 ELSE 0 END), sum:merge(CASE WHEN (cs_ship_date_sk - cs_sold_date_sk > 60) AND (cs_ship_date_sk - cs_sold_date_sk <= 90) THEN 1 ELSE 0 END), sum:merge(CASE WHEN (cs_ship_date_sk - cs_sold_date_sk > 90) AND (cs_ship_date_sk - cs_sold_date_sk <= 120) THEN 1 ELSE 0 END), sum:merge(CASE WHEN (cs_ship_date_sk - cs_sold_date_sk > 120) THEN 1 ELSE 0 END)
|  group by: substr(w_warehouse_name, 1, 20), sm_type, cc_name
|  mem-estimate=10.00MB mem-reservation=1.94MB spill-buffer=64.00KB thread-reservation=0
|  tuple-ids=5 row-size=97B cardinality=2.90K cost=588353
|  in pipelines: 16(GETNEXT), 00(OPEN)
|
15:EXCHANGE [HASH(substr(w_warehouse_name, 1, 20),sm_type,cc_name)]
|  mem-estimate=15.09MB mem-reservation=0B thread-reservation=0
|  tuple-ids=5 row-size=97B cardinality=347.76K cost=194206
|  in pipelines: 00(GETNEXT)
|
F00:PLAN FRAGMENT [RANDOM] hosts=10 instances=120
Per-Host Shared Resources: mem-estimate=4.00MB mem-reservation=4.00MB thread-reservation=0 runtime-filters-memory=4.00MB
Per-Instance Resources: mem-estimate=33.96MB mem-reservation=7.00MB thread-reservation=1
max-parallelism=1600 segment-costs=[15955190797, 2357152] cpu-comparison-result=120 [max(120 (self) vs 44 (sum children))]
20:TUPLE CACHE
|  cache key: 0b6752af9c17260e6f0407969563483b
|  input scan node ids: 0
|  estimated serialized size: 33.58MB
|  estimated serialized size per node: 3.36MB
|  cumulative processing cost: 15955220855
|  cache read processing cost: 46217
|  cache write processing cost: 95068
|  mem-estimate=4.00MB mem-reservation=4.00MB spill-buffer=2.00MB thread-reservation=0
|  tuple-ids=5 row-size=97B cardinality=347.76K cost=0
|  in pipelines: 00(GETNEXT)
|
09:AGGREGATE [STREAMING]
|  output: sum(CAST(CASE WHEN (CAST(cs_ship_date_sk AS BIGINT) - CAST(cs_sold_date_sk AS BIGINT) <= CAST(30 AS BIGINT)) THEN CAST(1 AS TINYINT) ELSE CAST(0 AS TINYINT) END AS BIGINT)), sum(CAST(CASE WHEN (CAST(cs_ship_date_sk AS BIGINT) - CAST(cs_sold_date_sk AS BIGINT) > CAST(30 AS BIGINT)) AND (CAST(cs_ship_date_sk AS BIGINT) - CAST(cs_sold_date_sk AS BIGINT) <= CAST(60 AS BIGINT)) THEN CAST(1 AS TINYINT) ELSE CAST(0 AS TINYINT) END AS BIGINT)), sum(CAST(CASE WHEN (CAST(cs_ship_date_sk AS BIGINT) - CAST(cs_sold_date_sk AS BIGINT) > CAST(60 AS BIGINT)) AND (CAST(cs_ship_date_sk AS BIGINT) - CAST(cs_sold_date_sk AS BIGINT) <= CAST(90 AS BIGINT)) THEN CAST(1 AS TINYINT) ELSE CAST(0 AS TINYINT) END AS BIGINT)), sum(CAST(CASE WHEN (CAST(cs_ship_date_sk AS BIGINT) - CAST(cs_sold_date_sk AS BIGINT) > CAST(90 AS BIGINT)) AND (CAST(cs_ship_date_sk AS BIGINT) - CAST(cs_sold_date_sk AS BIGINT) <= CAST(120 AS BIGINT)) THEN CAST(1 AS TINYINT) ELSE CAST(0 AS TINYINT) END AS BIGINT)), sum(CAST(CASE WHEN (CAST(cs_ship_date_sk AS BIGINT) - CAST(cs_sold_date_sk AS BIGINT) > CAST(120 AS BIGINT)) THEN CAST(1 AS TINYINT) ELSE CAST(0 AS TINYINT) END AS BIGINT))
|  group by: substr(w_warehouse_name, CAST(1 AS BIGINT), CAST(20 AS BIGINT)), sm_type, cc_name
|  mem-estimate=10.00MB mem-reservation=2.00MB spill-buffer=64.00KB thread-reservation=0
|  tuple-ids=5 row-size=97B cardinality=347.76K cost=7147415816
|  in pipelines: 00(GETNEXT)
|
08:HASH JOIN [INNER JOIN, BROADCAST]
|  hash-table-id=00
|  hash predicates: cs_ship_date_sk = d_date_sk
|  fk/pk conjuncts: cs_ship_date_sk = d_date_sk
|  mem-estimate=0B mem-reservation=0B spill-buffer=64.00KB thread-reservation=0
|  tuple-ids=0,1,2,3,4 row-size=113B cardinality=4.32G cost=1890898131
|  in pipelines: 00(GETNEXT), 04(OPEN)
|
|--F07:PLAN FRAGMENT [RANDOM] hosts=10 instances=10
|  |  Per-Instance Resources: mem-estimate=24.32MB mem-reservation=24.25MB thread-reservation=1 runtime-filters-memory=1.00MB
|  |  max-parallelism=10 segment-costs=[17005]
|  JOIN BUILD
|  |  join-table-id=00 plan-id=01 cohort-id=01
|  |  build expressions: d_date_sk
|  |  runtime filters: RF000[bloom] <- d_date_sk, RF001[min_max] <- d_date_sk
|  |  mem-estimate=23.25MB mem-reservation=23.25MB spill-buffer=64.00KB thread-reservation=0 cost=7305
|  |
|  14:EXCHANGE [BROADCAST]
|  |  mem-estimate=69.07KB mem-reservation=0B thread-reservation=0
|  |  tuple-ids=4 row-size=8B cardinality=7.30K cost=9700
|  |  in pipelines: 04(GETNEXT)
|  |
|  F04:PLAN FRAGMENT [RANDOM] hosts=1 instances=1
|  Per-Instance Resources: mem-estimate=20.05MB mem-reservation=4.50MB thread-reservation=1
|  max-parallelism=1 segment-costs=[12835]
|  19:TUPLE CACHE
|  |  cache key: fdefef781eaff5ec8a2ace8696c3b3a0
|  |  input scan node ids: 4
|  |  estimated serialized size: 85.61KB
|  |  estimated serialized size per node: 85.61KB
|  |  cumulative processing cost: 12520
|  |  cache read processing cost: 970
|  |  cache write processing cost: 236
|  |  mem-estimate=4.00MB mem-reservation=4.00MB spill-buffer=2.00MB thread-reservation=0
|  |  tuple-ids=4 row-size=8B cardinality=7.30K cost=0
|  |  in pipelines: 04(GETNEXT)
|  |
|  04:SCAN HDFS [tpcds_partitioned_parquet_snap.date_dim, RANDOM]
|     HDFS partitions=1/1 files=1 size=2.17MB
|     deterministic scan range assignment: true
|     schedule scan ranges oldest to newest: true
|     predicates: d_month_seq <= CAST(1214 AS INT), d_month_seq >= CAST(1203 AS INT)
|     stored statistics:
|       table: rows=73.05K size=2.17MB
|       columns: all
|     extrapolated-rows=disabled max-scan-range-rows=73.05K
|     parquet statistics predicates: d_month_seq <= CAST(1214 AS INT), d_month_seq >= CAST(1203 AS INT)
|     parquet dictionary predicates: d_month_seq <= CAST(1214 AS INT), d_month_seq >= CAST(1203 AS INT)
|     mem-estimate=16.00MB mem-reservation=512.00KB thread-reservation=0
|     tuple-ids=4 row-size=8B cardinality=7.30K cost=12520
|     in pipelines: 04(GETNEXT)
|
07:HASH JOIN [INNER JOIN, BROADCAST]
|  hash-table-id=01
|  hash predicates: cs_call_center_sk = cc_call_center_sk
|  fk/pk conjuncts: cs_call_center_sk = cc_call_center_sk
|  mem-estimate=0B mem-reservation=0B spill-buffer=64.00KB thread-reservation=0
|  tuple-ids=0,1,2,3 row-size=105B cardinality=4.32G cost=1890898131
|  in pipelines: 00(GETNEXT), 03(OPEN)
|
|--F08:PLAN FRAGMENT [RANDOM] hosts=10 instances=10
|  |  Per-Instance Resources: mem-estimate=24.27MB mem-reservation=24.25MB thread-reservation=1 runtime-filters-memory=1.00MB
|  |  max-parallelism=10 segment-costs=[108]
|  JOIN BUILD
|  |  join-table-id=01 plan-id=02 cohort-id=01
|  |  build expressions: cc_call_center_sk
|  |  runtime filters: RF002[bloom] <- cc_call_center_sk, RF003[min_max] <- cc_call_center_sk
|  |  mem-estimate=23.25MB mem-reservation=23.25MB spill-buffer=64.00KB thread-reservation=0 cost=48
|  |
|  13:EXCHANGE [BROADCAST]
|  |  mem-estimate=16.00KB mem-reservation=0B thread-reservation=0
|  |  tuple-ids=3 row-size=30B cardinality=48 cost=60
|  |  in pipelines: 03(GETNEXT)
|  |
|  F03:PLAN FRAGMENT [RANDOM] hosts=1 instances=1
|  Per-Instance Resources: mem-estimate=16.13MB mem-reservation=16.00KB thread-reservation=1
|  max-parallelism=1 segment-costs=[16]
|  03:SCAN HDFS [tpcds_partitioned_parquet_snap.call_center, RANDOM]
|     HDFS partitions=1/1 files=1 size=16.57KB
|     stored statistics:
|       table: rows=48 size=16.57KB
|       columns: all
|     extrapolated-rows=disabled max-scan-range-rows=48
|     mem-estimate=16.00MB mem-reservation=16.00KB thread-reservation=0
|     tuple-ids=3 row-size=30B cardinality=48 cost=12
|     in pipelines: 03(GETNEXT)
|
06:HASH JOIN [INNER JOIN, BROADCAST]
|  hash-table-id=02
|  hash predicates: cs_ship_mode_sk = sm_ship_mode_sk
|  fk/pk conjuncts: cs_ship_mode_sk = sm_ship_mode_sk
|  mem-estimate=0B mem-reservation=0B spill-buffer=64.00KB thread-reservation=0
|  tuple-ids=0,1,2 row-size=76B cardinality=4.32G cost=1890898131
|  in pipelines: 00(GETNEXT), 02(OPEN)
|
|--F09:PLAN FRAGMENT [RANDOM] hosts=10 instances=10
|  |  Per-Instance Resources: mem-estimate=24.27MB mem-reservation=24.25MB thread-reservation=1 runtime-filters-memory=1.00MB
|  |  max-parallelism=10 segment-costs=[40]
|  JOIN BUILD
|  |  join-table-id=02 plan-id=03 cohort-id=01
|  |  build expressions: sm_ship_mode_sk
|  |  runtime filters: RF004[bloom] <- sm_ship_mode_sk, RF005[min_max] <- sm_ship_mode_sk
|  |  mem-estimate=23.25MB mem-reservation=23.25MB spill-buffer=64.00KB thread-reservation=0 cost=20
|  |
|  12:EXCHANGE [BROADCAST]
|  |  mem-estimate=16.00KB mem-reservation=0B thread-reservation=0
|  |  tuple-ids=2 row-size=24B cardinality=20 cost=20
|  |  in pipelines: 02(GETNEXT)
|  |
|  F02:PLAN FRAGMENT [RANDOM] hosts=1 instances=1
|  Per-Instance Resources: mem-estimate=16.11MB mem-reservation=16.00KB thread-reservation=1
|  max-parallelism=1 segment-costs=[4]
|  02:SCAN HDFS [tpcds_partitioned_parquet_snap.ship_mode, RANDOM]
|     HDFS partitions=1/1 files=1 size=2.68KB
|     stored statistics:
|       table: rows=20 size=2.68KB
|       columns: all
|     extrapolated-rows=disabled max-scan-range-rows=20
|     mem-estimate=16.00MB mem-reservation=16.00KB thread-reservation=0
|     tuple-ids=2 row-size=24B cardinality=20 cost=3
|     in pipelines: 02(GETNEXT)
|
05:HASH JOIN [INNER JOIN, BROADCAST]
|  hash-table-id=03
|  hash predicates: cs_warehouse_sk = w_warehouse_sk
|  fk/pk conjuncts: cs_warehouse_sk = w_warehouse_sk
|  mem-estimate=0B mem-reservation=0B spill-buffer=64.00KB thread-reservation=0
|  tuple-ids=0,1 row-size=52B cardinality=4.32G cost=1890898131
|  in pipelines: 00(GETNEXT), 01(OPEN)
|
|--F10:PLAN FRAGMENT [RANDOM] hosts=10 instances=10
|  |  Per-Instance Resources: mem-estimate=24.27MB mem-reservation=24.25MB thread-reservation=1 runtime-filters-memory=1.00MB
|  |  max-parallelism=10 segment-costs=[42]
|  JOIN BUILD
|  |  join-table-id=03 plan-id=04 cohort-id=01
|  |  build expressions: w_warehouse_sk
|  |  runtime filters: RF006[bloom] <- w_warehouse_sk, RF007[min_max] <- w_warehouse_sk
|  |  mem-estimate=23.25MB mem-reservation=23.25MB spill-buffer=64.00KB thread-reservation=0 cost=22
|  |
|  11:EXCHANGE [BROADCAST]
|  |  mem-estimate=16.00KB mem-reservation=0B thread-reservation=0
|  |  tuple-ids=1 row-size=32B cardinality=22 cost=20
|  |  in pipelines: 01(GETNEXT)
|  |
|  F01:PLAN FRAGMENT [RANDOM] hosts=1 instances=1
|  Per-Instance Resources: mem-estimate=20.14MB mem-reservation=4.02MB thread-reservation=1
|  max-parallelism=1 segment-costs=[8]
|  18:TUPLE CACHE
|  |  cache key: 6ffdb1b4bffa14530778a288224883b2
|  |  input scan node ids: 1
|  |  estimated serialized size: 793B
|  |  estimated serialized size per node: 793B
|  |  cumulative processing cost: 6
|  |  cache read processing cost: 2
|  |  cache write processing cost: 2
|  |  mem-estimate=4.00MB mem-reservation=4.00MB spill-buffer=2.00MB thread-reservation=0
|  |  tuple-ids=1 row-size=32B cardinality=22 cost=0
|  |  in pipelines: 01(GETNEXT)
|  |
|  01:SCAN HDFS [tpcds_partitioned_parquet_snap.warehouse, RANDOM]
|     HDFS partitions=1/1 files=1 size=5.99KB
|     deterministic scan range assignment: true
|     schedule scan ranges oldest to newest: true
|     stored statistics:
|       table: rows=22 size=5.99KB
|       columns: all
|     extrapolated-rows=disabled max-scan-range-rows=22
|     mem-estimate=16.00MB mem-reservation=16.00KB thread-reservation=0
|     tuple-ids=1 row-size=32B cardinality=22 cost=6
|     in pipelines: 01(GETNEXT)
|
00:SCAN HDFS [tpcds_partitioned_parquet_snap.catalog_sales, RANDOM]
   HDFS partitions=1831/1831 files=1831 size=280.96GB
   deterministic scan range assignment: true
   schedule scan ranges oldest to newest: true
   runtime filters: RF001[min_max] -> cs_ship_date_sk, RF003[min_max] -> cs_call_center_sk, RF005[min_max] -> cs_ship_mode_sk, RF007[min_max] -> cs_warehouse_sk, RF000[bloom] -> cs_ship_date_sk, RF002[bloom] -> cs_call_center_sk, RF004[bloom] -> cs_ship_mode_sk, RF006[bloom] -> cs_warehouse_sk
   stored statistics:
     table: rows=4.32G size=280.96GB
     partitions: 1831/1831 rows=4.32G
     columns: all
   extrapolated-rows=disabled max-scan-range-rows=21.52M
   mem-estimate=16.00MB mem-reservation=1.00MB thread-reservation=0
   tuple-ids=0 row-size=20B cardinality=4.32G cost=1244182457
   in pipelines: 00(GETNEXT)
---- PARALLELPLANS
Max Per-Host Resource Reservation: Memory=199.48MB Threads=22
Per-Host Resource Estimates: Memory=610MB
F06:PLAN FRAGMENT [UNPARTITIONED] hosts=1 instances=1
|  Per-Instance Resources: mem-estimate=4.10MB mem-reservation=4.00MB thread-reservation=1
|  max-parallelism=1 segment-costs=[844] cpu-comparison-result=120 [max(1 (self) vs 120 (sum children))]
PLAN-ROOT SINK
|  output exprs: substr(w_warehouse_name, 1, 20), sm_type, cc_name, sum(CASE WHEN (cs_ship_date_sk - cs_sold_date_sk <= 30) THEN 1 ELSE 0 END), sum(CASE WHEN (cs_ship_date_sk - cs_sold_date_sk > 30) AND (cs_ship_date_sk - cs_sold_date_sk <= 60) THEN 1 ELSE 0 END), sum(CASE WHEN (cs_ship_date_sk - cs_sold_date_sk > 60) AND (cs_ship_date_sk - cs_sold_date_sk <= 90) THEN 1 ELSE 0 END), sum(CASE WHEN (cs_ship_date_sk - cs_sold_date_sk > 90) AND (cs_ship_date_sk - cs_sold_date_sk <= 120) THEN 1 ELSE 0 END), sum(CASE WHEN (cs_ship_date_sk - cs_sold_date_sk > 120) THEN 1 ELSE 0 END)
|  mem-estimate=4.00MB mem-reservation=4.00MB spill-buffer=2.00MB thread-reservation=0 cost=800
|
17:MERGING-EXCHANGE [UNPARTITIONED]
|  order by: substr(w_warehouse_name, 1, 20) ASC, sm_type ASC, cc_name ASC
|  limit: 100
|  mem-estimate=99.83KB mem-reservation=0B thread-reservation=0
|  tuple-ids=6 row-size=97B cardinality=100 cost=44
|  in pipelines: 10(GETNEXT)
|
F05:PLAN FRAGMENT [HASH(substr(w_warehouse_name, 1, 20),sm_type,cc_name)] hosts=10 instances=10 (adjusted from 120)
Per-Instance Resources: mem-estimate=25.09MB mem-reservation=1.94MB thread-reservation=1
max-parallelism=10 segment-costs=[782559, 18791, 286] cpu-comparison-result=120 [max(10 (self) vs 120 (sum children))]
10:TOP-N [LIMIT=100]
|  order by: substr(w_warehouse_name, 1, 20) ASC, sm_type ASC, cc_name ASC
|  mem-estimate=9.50KB mem-reservation=0B thread-reservation=0
|  tuple-ids=6 row-size=97B cardinality=100 cost=18791
|  in pipelines: 10(GETNEXT), 16(OPEN)
|
16:AGGREGATE [FINALIZE]
|  output: sum:merge(CASE WHEN (cs_ship_date_sk - cs_sold_date_sk <= 30) THEN 1 ELSE 0 END), sum:merge(CASE WHEN (cs_ship_date_sk - cs_sold_date_sk > 30) AND (cs_ship_date_sk - cs_sold_date_sk <= 60) THEN 1 ELSE 0 END), sum:merge(CASE WHEN (cs_ship_date_sk - cs_sold_date_sk > 60) AND (cs_ship_date_sk - cs_sold_date_sk <= 90) THEN 1 ELSE 0 END), sum:merge(CASE WHEN (cs_ship_date_sk - cs_sold_date_sk > 90) AND (cs_ship_date_sk - cs_sold_date_sk <= 120) THEN 1 ELSE 0 END), sum:merge(CASE WHEN (cs_ship_date_sk - cs_sold_date_sk > 120) THEN 1 ELSE 0 END)
|  group by: substr(w_warehouse_name, 1, 20), sm_type, cc_name
|  mem-estimate=10.00MB mem-reservation=1.94MB spill-buffer=64.00KB thread-reservation=0
|  tuple-ids=5 row-size=97B cardinality=2.90K cost=588353
|  in pipelines: 16(GETNEXT), 00(OPEN)
|
15:EXCHANGE [HASH(substr(w_warehouse_name, 1, 20),sm_type,cc_name)]
|  mem-estimate=15.09MB mem-reservation=0B thread-reservation=0
|  tuple-ids=5 row-size=97B cardinality=347.76K cost=194206
|  in pipelines: 00(GETNEXT)
|
F00:PLAN FRAGMENT [RANDOM] hosts=10 instances=120
Per-Host Shared Resources: mem-estimate=4.00MB mem-reservation=4.00MB thread-reservation=0 runtime-filters-memory=4.00MB
Per-Instance Resources: mem-estimate=33.96MB mem-reservation=7.00MB thread-reservation=1
max-parallelism=1600 segment-costs=[15955190797, 2357152] cpu-comparison-result=120 [max(120 (self) vs 44 (sum children))]
20:TUPLE CACHE
|  cache key: 0b6752af9c17260e6f0407969563483b
|  input scan node ids: 0
|  estimated serialized size: 33.58MB
|  estimated serialized size per node: 3.36MB
|  cumulative processing cost: 15955220855
|  cache read processing cost: 46217
|  cache write processing cost: 95068
|  mem-estimate=4.00MB mem-reservation=4.00MB spill-buffer=2.00MB thread-reservation=0
|  tuple-ids=5 row-size=97B cardinality=347.76K cost=0
|  in pipelines: 00(GETNEXT)
|
09:AGGREGATE [STREAMING]
|  output: sum(CAST(CASE WHEN (CAST(cs_ship_date_sk AS BIGINT) - CAST(cs_sold_date_sk AS BIGINT) <= CAST(30 AS BIGINT)) THEN CAST(1 AS TINYINT) ELSE CAST(0 AS TINYINT) END AS BIGINT)), sum(CAST(CASE WHEN (CAST(cs_ship_date_sk AS BIGINT) - CAST(cs_sold_date_sk AS BIGINT) > CAST(30 AS BIGINT)) AND (CAST(cs_ship_date_sk AS BIGINT) - CAST(cs_sold_date_sk AS BIGINT) <= CAST(60 AS BIGINT)) THEN CAST(1 AS TINYINT) ELSE CAST(0 AS TINYINT) END AS BIGINT)), sum(CAST(CASE WHEN (CAST(cs_ship_date_sk AS BIGINT) - CAST(cs_sold_date_sk AS BIGINT) > CAST(60 AS BIGINT)) AND (CAST(cs_ship_date_sk AS BIGINT) - CAST(cs_sold_date_sk AS BIGINT) <= CAST(90 AS BIGINT)) THEN CAST(1 AS TINYINT) ELSE CAST(0 AS TINYINT) END AS BIGINT)), sum(CAST(CASE WHEN (CAST(cs_ship_date_sk AS BIGINT) - CAST(cs_sold_date_sk AS BIGINT) > CAST(90 AS BIGINT)) AND (CAST(cs_ship_date_sk AS BIGINT) - CAST(cs_sold_date_sk AS BIGINT) <= CAST(120 AS BIGINT)) THEN CAST(1 AS TINYINT) ELSE CAST(0 AS TINYINT) END AS BIGINT)), sum(CAST(CASE WHEN (CAST(cs_ship_date_sk AS BIGINT) - CAST(cs_sold_date_sk AS BIGINT) > CAST(120 AS BIGINT)) THEN CAST(1 AS TINYINT) ELSE CAST(0 AS TINYINT) END AS BIGINT))
|  group by: substr(w_warehouse_name, CAST(1 AS BIGINT), CAST(20 AS BIGINT)), sm_type, cc_name
|  mem-estimate=10.00MB mem-reservation=2.00MB spill-buffer=64.00KB thread-reservation=0
|  tuple-ids=5 row-size=97B cardinality=347.76K cost=7147415816
|  in pipelines: 00(GETNEXT)
|
08:HASH JOIN [INNER JOIN, BROADCAST]
|  hash-table-id=00
|  hash predicates: cs_ship_date_sk = d_date_sk
|  fk/pk conjuncts: cs_ship_date_sk = d_date_sk
|  mem-estimate=0B mem-reservation=0B spill-buffer=64.00KB thread-reservation=0
|  tuple-ids=0,1,2,3,4 row-size=113B cardinality=4.32G cost=1890898131
|  in pipelines: 00(GETNEXT), 04(OPEN)
|
|--F07:PLAN FRAGMENT [RANDOM] hosts=10 instances=10
|  |  Per-Instance Resources: mem-estimate=24.32MB mem-reservation=24.25MB thread-reservation=1 runtime-filters-memory=1.00MB
|  |  max-parallelism=10 segment-costs=[17005]
|  JOIN BUILD
|  |  join-table-id=00 plan-id=01 cohort-id=01
|  |  build expressions: d_date_sk
|  |  runtime filters: RF000[bloom] <- d_date_sk, RF001[min_max] <- d_date_sk
|  |  mem-estimate=23.25MB mem-reservation=23.25MB spill-buffer=64.00KB thread-reservation=0 cost=7305
|  |
|  14:EXCHANGE [BROADCAST]
|  |  mem-estimate=69.07KB mem-reservation=0B thread-reservation=0
|  |  tuple-ids=4 row-size=8B cardinality=7.30K cost=9700
|  |  in pipelines: 04(GETNEXT)
|  |
|  F04:PLAN FRAGMENT [RANDOM] hosts=1 instances=1
|  Per-Instance Resources: mem-estimate=20.05MB mem-reservation=4.50MB thread-reservation=1
|  max-parallelism=1 segment-costs=[12835]
|  19:TUPLE CACHE
|  |  cache key: fdefef781eaff5ec8a2ace8696c3b3a0
|  |  input scan node ids: 4
|  |  estimated serialized size: 85.61KB
|  |  estimated serialized size per node: 85.61KB
|  |  cumulative processing cost: 12520
|  |  cache read processing cost: 970
|  |  cache write processing cost: 236
|  |  mem-estimate=4.00MB mem-reservation=4.00MB spill-buffer=2.00MB thread-reservation=0
|  |  tuple-ids=4 row-size=8B cardinality=7.30K cost=0
|  |  in pipelines: 04(GETNEXT)
|  |
|  04:SCAN HDFS [tpcds_partitioned_parquet_snap.date_dim, RANDOM]
|     HDFS partitions=1/1 files=1 size=2.17MB
|     deterministic scan range assignment: true
|     schedule scan ranges oldest to newest: true
|     predicates: d_month_seq <= CAST(1214 AS INT), d_month_seq >= CAST(1203 AS INT)
|     stored statistics:
|       table: rows=73.05K size=2.17MB
|       columns: all
|     extrapolated-rows=disabled max-scan-range-rows=73.05K
|     parquet statistics predicates: d_month_seq <= CAST(1214 AS INT), d_month_seq >= CAST(1203 AS INT)
|     parquet dictionary predicates: d_month_seq <= CAST(1214 AS INT), d_month_seq >= CAST(1203 AS INT)
|     mem-estimate=16.00MB mem-reservation=512.00KB thread-reservation=0
|     tuple-ids=4 row-size=8B cardinality=7.30K cost=12520
|     in pipelines: 04(GETNEXT)
|
07:HASH JOIN [INNER JOIN, BROADCAST]
|  hash-table-id=01
|  hash predicates: cs_call_center_sk = cc_call_center_sk
|  fk/pk conjuncts: cs_call_center_sk = cc_call_center_sk
|  mem-estimate=0B mem-reservation=0B spill-buffer=64.00KB thread-reservation=0
|  tuple-ids=0,1,2,3 row-size=105B cardinality=4.32G cost=1890898131
|  in pipelines: 00(GETNEXT), 03(OPEN)
|
|--F08:PLAN FRAGMENT [RANDOM] hosts=10 instances=10
|  |  Per-Instance Resources: mem-estimate=24.27MB mem-reservation=24.25MB thread-reservation=1 runtime-filters-memory=1.00MB
|  |  max-parallelism=10 segment-costs=[108]
|  JOIN BUILD
|  |  join-table-id=01 plan-id=02 cohort-id=01
|  |  build expressions: cc_call_center_sk
|  |  runtime filters: RF002[bloom] <- cc_call_center_sk, RF003[min_max] <- cc_call_center_sk
|  |  mem-estimate=23.25MB mem-reservation=23.25MB spill-buffer=64.00KB thread-reservation=0 cost=48
|  |
|  13:EXCHANGE [BROADCAST]
|  |  mem-estimate=16.00KB mem-reservation=0B thread-reservation=0
|  |  tuple-ids=3 row-size=30B cardinality=48 cost=60
|  |  in pipelines: 03(GETNEXT)
|  |
|  F03:PLAN FRAGMENT [RANDOM] hosts=1 instances=1
|  Per-Instance Resources: mem-estimate=16.13MB mem-reservation=16.00KB thread-reservation=1
|  max-parallelism=1 segment-costs=[16]
|  03:SCAN HDFS [tpcds_partitioned_parquet_snap.call_center, RANDOM]
|     HDFS partitions=1/1 files=1 size=16.57KB
|     stored statistics:
|       table: rows=48 size=16.57KB
|       columns: all
|     extrapolated-rows=disabled max-scan-range-rows=48
|     mem-estimate=16.00MB mem-reservation=16.00KB thread-reservation=0
|     tuple-ids=3 row-size=30B cardinality=48 cost=12
|     in pipelines: 03(GETNEXT)
|
06:HASH JOIN [INNER JOIN, BROADCAST]
|  hash-table-id=02
|  hash predicates: cs_ship_mode_sk = sm_ship_mode_sk
|  fk/pk conjuncts: cs_ship_mode_sk = sm_ship_mode_sk
|  mem-estimate=0B mem-reservation=0B spill-buffer=64.00KB thread-reservation=0
|  tuple-ids=0,1,2 row-size=76B cardinality=4.32G cost=1890898131
|  in pipelines: 00(GETNEXT), 02(OPEN)
|
|--F09:PLAN FRAGMENT [RANDOM] hosts=10 instances=10
|  |  Per-Instance Resources: mem-estimate=24.27MB mem-reservation=24.25MB thread-reservation=1 runtime-filters-memory=1.00MB
|  |  max-parallelism=10 segment-costs=[40]
|  JOIN BUILD
|  |  join-table-id=02 plan-id=03 cohort-id=01
|  |  build expressions: sm_ship_mode_sk
|  |  runtime filters: RF004[bloom] <- sm_ship_mode_sk, RF005[min_max] <- sm_ship_mode_sk
|  |  mem-estimate=23.25MB mem-reservation=23.25MB spill-buffer=64.00KB thread-reservation=0 cost=20
|  |
|  12:EXCHANGE [BROADCAST]
|  |  mem-estimate=16.00KB mem-reservation=0B thread-reservation=0
|  |  tuple-ids=2 row-size=24B cardinality=20 cost=20
|  |  in pipelines: 02(GETNEXT)
|  |
|  F02:PLAN FRAGMENT [RANDOM] hosts=1 instances=1
|  Per-Instance Resources: mem-estimate=16.11MB mem-reservation=16.00KB thread-reservation=1
|  max-parallelism=1 segment-costs=[4]
|  02:SCAN HDFS [tpcds_partitioned_parquet_snap.ship_mode, RANDOM]
|     HDFS partitions=1/1 files=1 size=2.68KB
|     stored statistics:
|       table: rows=20 size=2.68KB
|       columns: all
|     extrapolated-rows=disabled max-scan-range-rows=20
|     mem-estimate=16.00MB mem-reservation=16.00KB thread-reservation=0
|     tuple-ids=2 row-size=24B cardinality=20 cost=3
|     in pipelines: 02(GETNEXT)
|
05:HASH JOIN [INNER JOIN, BROADCAST]
|  hash-table-id=03
|  hash predicates: cs_warehouse_sk = w_warehouse_sk
|  fk/pk conjuncts: cs_warehouse_sk = w_warehouse_sk
|  mem-estimate=0B mem-reservation=0B spill-buffer=64.00KB thread-reservation=0
|  tuple-ids=0,1 row-size=52B cardinality=4.32G cost=1890898131
|  in pipelines: 00(GETNEXT), 01(OPEN)
|
|--F10:PLAN FRAGMENT [RANDOM] hosts=10 instances=10
|  |  Per-Instance Resources: mem-estimate=24.27MB mem-reservation=24.25MB thread-reservation=1 runtime-filters-memory=1.00MB
|  |  max-parallelism=10 segment-costs=[42]
|  JOIN BUILD
|  |  join-table-id=03 plan-id=04 cohort-id=01
|  |  build expressions: w_warehouse_sk
|  |  runtime filters: RF006[bloom] <- w_warehouse_sk, RF007[min_max] <- w_warehouse_sk
|  |  mem-estimate=23.25MB mem-reservation=23.25MB spill-buffer=64.00KB thread-reservation=0 cost=22
|  |
|  11:EXCHANGE [BROADCAST]
|  |  mem-estimate=16.00KB mem-reservation=0B thread-reservation=0
|  |  tuple-ids=1 row-size=32B cardinality=22 cost=20
|  |  in pipelines: 01(GETNEXT)
|  |
|  F01:PLAN FRAGMENT [RANDOM] hosts=1 instances=1
|  Per-Instance Resources: mem-estimate=20.14MB mem-reservation=4.02MB thread-reservation=1
|  max-parallelism=1 segment-costs=[8]
|  18:TUPLE CACHE
|  |  cache key: 6ffdb1b4bffa14530778a288224883b2
|  |  input scan node ids: 1
|  |  estimated serialized size: 793B
|  |  estimated serialized size per node: 793B
|  |  cumulative processing cost: 6
|  |  cache read processing cost: 2
|  |  cache write processing cost: 2
|  |  mem-estimate=4.00MB mem-reservation=4.00MB spill-buffer=2.00MB thread-reservation=0
|  |  tuple-ids=1 row-size=32B cardinality=22 cost=0
|  |  in pipelines: 01(GETNEXT)
|  |
|  01:SCAN HDFS [tpcds_partitioned_parquet_snap.warehouse, RANDOM]
|     HDFS partitions=1/1 files=1 size=5.99KB
|     deterministic scan range assignment: true
|     schedule scan ranges oldest to newest: true
|     stored statistics:
|       table: rows=22 size=5.99KB
|       columns: all
|     extrapolated-rows=disabled max-scan-range-rows=22
|     mem-estimate=16.00MB mem-reservation=16.00KB thread-reservation=0
|     tuple-ids=1 row-size=32B cardinality=22 cost=6
|     in pipelines: 01(GETNEXT)
|
00:SCAN HDFS [tpcds_partitioned_parquet_snap.catalog_sales, RANDOM]
   HDFS partitions=1831/1831 files=1831 size=280.96GB
   deterministic scan range assignment: true
   schedule scan ranges oldest to newest: true
   runtime filters: RF001[min_max] -> cs_ship_date_sk, RF003[min_max] -> cs_call_center_sk, RF005[min_max] -> cs_ship_mode_sk, RF007[min_max] -> cs_warehouse_sk, RF000[bloom] -> cs_ship_date_sk, RF002[bloom] -> cs_call_center_sk, RF004[bloom] -> cs_ship_mode_sk, RF006[bloom] -> cs_warehouse_sk
   stored statistics:
     table: rows=4.32G size=280.96GB
     partitions: 1831/1831 rows=4.32G
     columns: all
   extrapolated-rows=disabled max-scan-range-rows=21.52M
   mem-estimate=16.00MB mem-reservation=1.00MB thread-reservation=0
   tuple-ids=0 row-size=20B cardinality=4.32G cost=1244182457
   in pipelines: 00(GETNEXT)
====
