# TPCDS-Q28
SELECT *
FROM
  (SELECT avg(ss_list_price) B1_LP,
          count(ss_list_price) B1_CNT,
          count(DISTINCT ss_list_price) B1_CNTD
   FROM store_sales
   WHERE ss_quantity BETWEEN 0 AND 5
     AND (ss_list_price BETWEEN 8 AND 8+10
          OR ss_coupon_amt BETWEEN 459 AND 459+1000
          OR ss_wholesale_cost BETWEEN 57 AND 57+20)) B1,
  (SELECT avg(ss_list_price) B2_LP,
          count(ss_list_price) B2_CNT,
          count(DISTINCT ss_list_price) B2_CNTD
   FROM store_sales
   WHERE ss_quantity BETWEEN 6 AND 10
     AND (ss_list_price BETWEEN 90 AND 90+10
          OR ss_coupon_amt BETWEEN 2323 AND 2323+1000
          OR ss_wholesale_cost BETWEEN 31 AND 31+20)) B2,
  (SELECT avg(ss_list_price) B3_LP,
          count(ss_list_price) B3_CNT,
          count(DISTINCT ss_list_price) B3_CNTD
   FROM store_sales
   WHERE ss_quantity BETWEEN 11 AND 15
     AND (ss_list_price BETWEEN 142 AND 142+10
          OR ss_coupon_amt BETWEEN 12214 AND 12214+1000
          OR ss_wholesale_cost BETWEEN 79 AND 79+20)) B3,
  (SELECT avg(ss_list_price) B4_LP,
          count(ss_list_price) B4_CNT,
          count(DISTINCT ss_list_price) B4_CNTD
   FROM store_sales
   WHERE ss_quantity BETWEEN 16 AND 20
     AND (ss_list_price BETWEEN 135 AND 135+10
          OR ss_coupon_amt BETWEEN 6071 AND 6071+1000
          OR ss_wholesale_cost BETWEEN 38 AND 38+20)) B4,
  (SELECT avg(ss_list_price) B5_LP,
          count(ss_list_price) B5_CNT,
          count(DISTINCT ss_list_price) B5_CNTD
   FROM store_sales
   WHERE ss_quantity BETWEEN 21 AND 25
     AND (ss_list_price BETWEEN 122 AND 122+10
          OR ss_coupon_amt BETWEEN 836 AND 836+1000
          OR ss_wholesale_cost BETWEEN 17 AND 17+20)) B5,
  (SELECT avg(ss_list_price) B6_LP,
          count(ss_list_price) B6_CNT,
          count(DISTINCT ss_list_price) B6_CNTD
   FROM store_sales
   WHERE ss_quantity BETWEEN 26 AND 30
     AND (ss_list_price BETWEEN 154 AND 154+10
          OR ss_coupon_amt BETWEEN 7326 AND 7326+1000
          OR ss_wholesale_cost BETWEEN 7 AND 7+20)) B6
LIMIT 100;
---- PLAN
Max Per-Host Resource Reservation: Memory=23.62MB Threads=7
Per-Host Resource Estimates: Memory=444MB
F00:PLAN FRAGMENT [UNPARTITIONED] hosts=1 instances=1
|  Per-Host Resources: mem-estimate=444.00MB mem-reservation=23.62MB thread-reservation=7
PLAN-ROOT SINK
|  output exprs: avg(ss_list_price), zeroifnull(count(ss_list_price)), count(ss_list_price), avg(ss_list_price), zeroifnull(count(ss_list_price)), count(ss_list_price), avg(ss_list_price), zeroifnull(count(ss_list_price)), count(ss_list_price), avg(ss_list_price), zeroifnull(count(ss_list_price)), count(ss_list_price), avg(ss_list_price), zeroifnull(count(ss_list_price)), count(ss_list_price), avg(ss_list_price), zeroifnull(count(ss_list_price)), count(ss_list_price)
|  mem-estimate=4.00MB mem-reservation=4.00MB spill-buffer=2.00MB thread-reservation=0
|
22:NESTED LOOP JOIN [CROSS JOIN]
|  limit: 100
|  mem-estimate=24B mem-reservation=0B thread-reservation=0
|  tuple-ids=4,10,16,22,28,34 row-size=144B cardinality=1
|  in pipelines: 02(GETNEXT), 17(OPEN)
|
|--17:AGGREGATE [FINALIZE]
|  |  output: count(ss_list_price), avg:merge(ss_list_price), count:merge(ss_list_price)
|  |  mem-estimate=16.00KB mem-reservation=0B spill-buffer=2.00MB thread-reservation=0
|  |  tuple-ids=34 row-size=24B cardinality=1
|  |  in pipelines: 17(GETNEXT), 16(OPEN)
|  |
|  16:AGGREGATE
|  |  output: avg(ss_list_price), count(ss_list_price)
|  |  group by: ss_list_price
|  |  mem-estimate=10.00MB mem-reservation=1.94MB spill-buffer=64.00KB thread-reservation=0
|  |  tuple-ids=31 row-size=20B cardinality=20.23K
|  |  in pipelines: 16(GETNEXT), 15(OPEN)
|  |
|  15:SCAN HDFS [tpcds_parquet.store_sales]
|     HDFS partitions=1824/1824 files=1824 size=200.96MB
|     predicates: ss_quantity <= CAST(30 AS INT), ss_quantity >= CAST(26 AS INT), (ss_list_price >= CAST(154 AS DECIMAL(5,0)) AND ss_list_price <= CAST(164 AS DECIMAL(5,0)) OR ss_coupon_amt >= CAST(7326 AS DECIMAL(5,0)) AND ss_coupon_amt <= CAST(8326 AS DECIMAL(5,0)) OR ss_wholesale_cost >= CAST(7 AS DECIMAL(3,0)) AND ss_wholesale_cost <= CAST(27 AS DECIMAL(3,0)))
|     stored statistics:
|       table: rows=2.88M size=200.96MB
|       partitions: 1824/1824 rows=2.88M
|       columns: all
|     extrapolated-rows=disabled max-scan-range-rows=130.09K
|     parquet statistics predicates: ss_quantity <= CAST(30 AS INT), ss_quantity >= CAST(26 AS INT)
|     parquet dictionary predicates: ss_quantity <= CAST(30 AS INT), ss_quantity >= CAST(26 AS INT)
|     mem-estimate=64.00MB mem-reservation=2.00MB thread-reservation=1
|     tuple-ids=30 row-size=16B cardinality=288.04K
|     in pipelines: 15(GETNEXT)
|
21:NESTED LOOP JOIN [CROSS JOIN]
|  mem-estimate=24B mem-reservation=0B thread-reservation=0
|  tuple-ids=4,10,16,22,28 row-size=120B cardinality=1
|  in pipelines: 02(GETNEXT), 14(OPEN)
|
|--14:AGGREGATE [FINALIZE]
|  |  output: count(ss_list_price), avg:merge(ss_list_price), count:merge(ss_list_price)
|  |  mem-estimate=16.00KB mem-reservation=0B spill-buffer=2.00MB thread-reservation=0
|  |  tuple-ids=28 row-size=24B cardinality=1
|  |  in pipelines: 14(GETNEXT), 13(OPEN)
|  |
|  13:AGGREGATE
|  |  output: avg(ss_list_price), count(ss_list_price)
|  |  group by: ss_list_price
|  |  mem-estimate=10.00MB mem-reservation=1.94MB spill-buffer=64.00KB thread-reservation=0
|  |  tuple-ids=25 row-size=20B cardinality=20.23K
|  |  in pipelines: 13(GETNEXT), 12(OPEN)
|  |
|  12:SCAN HDFS [tpcds_parquet.store_sales]
|     HDFS partitions=1824/1824 files=1824 size=200.96MB
|     predicates: ss_quantity <= CAST(25 AS INT), ss_quantity >= CAST(21 AS INT), (ss_list_price >= CAST(122 AS DECIMAL(3,0)) AND ss_list_price <= CAST(132 AS DECIMAL(5,0)) OR ss_coupon_amt >= CAST(836 AS DECIMAL(5,0)) AND ss_coupon_amt <= CAST(1836 AS DECIMAL(5,0)) OR ss_wholesale_cost >= CAST(17 AS DECIMAL(3,0)) AND ss_wholesale_cost <= CAST(37 AS DECIMAL(3,0)))
|     stored statistics:
|       table: rows=2.88M size=200.96MB
|       partitions: 1824/1824 rows=2.88M
|       columns: all
|     extrapolated-rows=disabled max-scan-range-rows=130.09K
|     parquet statistics predicates: ss_quantity <= CAST(25 AS INT), ss_quantity >= CAST(21 AS INT)
|     parquet dictionary predicates: ss_quantity <= CAST(25 AS INT), ss_quantity >= CAST(21 AS INT)
|     mem-estimate=64.00MB mem-reservation=2.00MB thread-reservation=1
|     tuple-ids=24 row-size=16B cardinality=288.04K
|     in pipelines: 12(GETNEXT)
|
20:NESTED LOOP JOIN [CROSS JOIN]
|  mem-estimate=24B mem-reservation=0B thread-reservation=0
|  tuple-ids=4,10,16,22 row-size=96B cardinality=1
|  in pipelines: 02(GETNEXT), 11(OPEN)
|
|--11:AGGREGATE [FINALIZE]
|  |  output: count(ss_list_price), avg:merge(ss_list_price), count:merge(ss_list_price)
|  |  mem-estimate=16.00KB mem-reservation=0B spill-buffer=2.00MB thread-reservation=0
|  |  tuple-ids=22 row-size=24B cardinality=1
|  |  in pipelines: 11(GETNEXT), 10(OPEN)
|  |
|  10:AGGREGATE
|  |  output: avg(ss_list_price), count(ss_list_price)
|  |  group by: ss_list_price
|  |  mem-estimate=10.00MB mem-reservation=1.94MB spill-buffer=64.00KB thread-reservation=0
|  |  tuple-ids=19 row-size=20B cardinality=20.23K
|  |  in pipelines: 10(GETNEXT), 09(OPEN)
|  |
|  09:SCAN HDFS [tpcds_parquet.store_sales]
|     HDFS partitions=1824/1824 files=1824 size=200.96MB
|     predicates: ss_quantity <= CAST(20 AS INT), ss_quantity >= CAST(16 AS INT), (ss_list_price >= CAST(135 AS DECIMAL(5,0)) AND ss_list_price <= CAST(145 AS DECIMAL(5,0)) OR ss_coupon_amt >= CAST(6071 AS DECIMAL(5,0)) AND ss_coupon_amt <= CAST(7071 AS DECIMAL(5,0)) OR ss_wholesale_cost >= CAST(38 AS DECIMAL(3,0)) AND ss_wholesale_cost <= CAST(58 AS DECIMAL(3,0)))
|     stored statistics:
|       table: rows=2.88M size=200.96MB
|       partitions: 1824/1824 rows=2.88M
|       columns: all
|     extrapolated-rows=disabled max-scan-range-rows=130.09K
|     parquet statistics predicates: ss_quantity <= CAST(20 AS INT), ss_quantity >= CAST(16 AS INT)
|     parquet dictionary predicates: ss_quantity <= CAST(20 AS INT), ss_quantity >= CAST(16 AS INT)
|     mem-estimate=64.00MB mem-reservation=2.00MB thread-reservation=1
|     tuple-ids=18 row-size=16B cardinality=288.04K
|     in pipelines: 09(GETNEXT)
|
19:NESTED LOOP JOIN [CROSS JOIN]
|  mem-estimate=24B mem-reservation=0B thread-reservation=0
|  tuple-ids=4,10,16 row-size=72B cardinality=1
|  in pipelines: 02(GETNEXT), 08(OPEN)
|
|--08:AGGREGATE [FINALIZE]
|  |  output: count(ss_list_price), avg:merge(ss_list_price), count:merge(ss_list_price)
|  |  mem-estimate=16.00KB mem-reservation=0B spill-buffer=2.00MB thread-reservation=0
|  |  tuple-ids=16 row-size=24B cardinality=1
|  |  in pipelines: 08(GETNEXT), 07(OPEN)
|  |
|  07:AGGREGATE
|  |  output: avg(ss_list_price), count(ss_list_price)
|  |  group by: ss_list_price
|  |  mem-estimate=10.00MB mem-reservation=1.94MB spill-buffer=64.00KB thread-reservation=0
|  |  tuple-ids=13 row-size=20B cardinality=20.23K
|  |  in pipelines: 07(GETNEXT), 06(OPEN)
|  |
|  06:SCAN HDFS [tpcds_parquet.store_sales]
|     HDFS partitions=1824/1824 files=1824 size=200.96MB
|     predicates: ss_quantity <= CAST(15 AS INT), ss_quantity >= CAST(11 AS INT), (ss_list_price >= CAST(142 AS DECIMAL(5,0)) AND ss_list_price <= CAST(152 AS DECIMAL(5,0)) OR ss_coupon_amt >= CAST(12214 AS DECIMAL(5,0)) AND ss_coupon_amt <= CAST(13214 AS DECIMAL(5,0)) OR ss_wholesale_cost >= CAST(79 AS DECIMAL(3,0)) AND ss_wholesale_cost <= CAST(99 AS DECIMAL(3,0)))
|     stored statistics:
|       table: rows=2.88M size=200.96MB
|       partitions: 1824/1824 rows=2.88M
|       columns: all
|     extrapolated-rows=disabled max-scan-range-rows=130.09K
|     parquet statistics predicates: ss_quantity <= CAST(15 AS INT), ss_quantity >= CAST(11 AS INT)
|     parquet dictionary predicates: ss_quantity <= CAST(15 AS INT), ss_quantity >= CAST(11 AS INT)
|     mem-estimate=64.00MB mem-reservation=2.00MB thread-reservation=1
|     tuple-ids=12 row-size=16B cardinality=288.04K
|     in pipelines: 06(GETNEXT)
|
18:NESTED LOOP JOIN [CROSS JOIN]
|  mem-estimate=24B mem-reservation=0B thread-reservation=0
|  tuple-ids=4,10 row-size=48B cardinality=1
|  in pipelines: 02(GETNEXT), 05(OPEN)
|
|--05:AGGREGATE [FINALIZE]
|  |  output: count(ss_list_price), avg:merge(ss_list_price), count:merge(ss_list_price)
|  |  mem-estimate=16.00KB mem-reservation=0B spill-buffer=2.00MB thread-reservation=0
|  |  tuple-ids=10 row-size=24B cardinality=1
|  |  in pipelines: 05(GETNEXT), 04(OPEN)
|  |
|  04:AGGREGATE
|  |  output: avg(ss_list_price), count(ss_list_price)
|  |  group by: ss_list_price
|  |  mem-estimate=10.00MB mem-reservation=1.94MB spill-buffer=64.00KB thread-reservation=0
|  |  tuple-ids=7 row-size=20B cardinality=20.23K
|  |  in pipelines: 04(GETNEXT), 03(OPEN)
|  |
|  03:SCAN HDFS [tpcds_parquet.store_sales]
|     HDFS partitions=1824/1824 files=1824 size=200.96MB
|     predicates: ss_quantity <= CAST(10 AS INT), ss_quantity >= CAST(6 AS INT), (ss_list_price >= CAST(90 AS DECIMAL(3,0)) AND ss_list_price <= CAST(100 AS DECIMAL(3,0)) OR ss_coupon_amt >= CAST(2323 AS DECIMAL(5,0)) AND ss_coupon_amt <= CAST(3323 AS DECIMAL(5,0)) OR ss_wholesale_cost >= CAST(31 AS DECIMAL(3,0)) AND ss_wholesale_cost <= CAST(51 AS DECIMAL(3,0)))
|     stored statistics:
|       table: rows=2.88M size=200.96MB
|       partitions: 1824/1824 rows=2.88M
|       columns: all
|     extrapolated-rows=disabled max-scan-range-rows=130.09K
|     parquet statistics predicates: ss_quantity <= CAST(10 AS INT), ss_quantity >= CAST(6 AS INT)
|     parquet dictionary predicates: ss_quantity <= CAST(10 AS INT), ss_quantity >= CAST(6 AS INT)
|     mem-estimate=64.00MB mem-reservation=2.00MB thread-reservation=1
|     tuple-ids=6 row-size=16B cardinality=288.04K
|     in pipelines: 03(GETNEXT)
|
02:AGGREGATE [FINALIZE]
|  output: count(ss_list_price), avg:merge(ss_list_price), count:merge(ss_list_price)
|  mem-estimate=16.00KB mem-reservation=0B spill-buffer=2.00MB thread-reservation=0
|  tuple-ids=4 row-size=24B cardinality=1
|  in pipelines: 02(GETNEXT), 01(OPEN)
|
01:AGGREGATE
|  output: avg(ss_list_price), count(ss_list_price)
|  group by: ss_list_price
|  mem-estimate=10.00MB mem-reservation=1.94MB spill-buffer=64.00KB thread-reservation=0
|  tuple-ids=1 row-size=20B cardinality=20.23K
|  in pipelines: 01(GETNEXT), 00(OPEN)
|
00:SCAN HDFS [tpcds_parquet.store_sales]
   HDFS partitions=1824/1824 files=1824 size=200.96MB
   predicates: ss_quantity <= CAST(5 AS INT), ss_quantity >= CAST(0 AS INT), (ss_list_price >= CAST(8 AS DECIMAL(3,0)) AND ss_list_price <= CAST(18 AS DECIMAL(3,0)) OR ss_coupon_amt >= CAST(459 AS DECIMAL(5,0)) AND ss_coupon_amt <= CAST(1459 AS DECIMAL(5,0)) OR ss_wholesale_cost >= CAST(57 AS DECIMAL(3,0)) AND ss_wholesale_cost <= CAST(77 AS DECIMAL(3,0)))
   stored statistics:
     table: rows=2.88M size=200.96MB
     partitions: 1824/1824 rows=2.88M
     columns: all
   extrapolated-rows=disabled max-scan-range-rows=130.09K
   parquet statistics predicates: ss_quantity <= CAST(5 AS INT), ss_quantity >= CAST(0 AS INT)
   parquet dictionary predicates: ss_quantity <= CAST(5 AS INT), ss_quantity >= CAST(0 AS INT)
   mem-estimate=64.00MB mem-reservation=2.00MB thread-reservation=1
   tuple-ids=0 row-size=16B cardinality=288.04K
   in pipelines: 00(GETNEXT)
---- DISTRIBUTEDPLAN
Max Per-Host Resource Reservation: Memory=39.62MB Threads=24
Per-Host Resource Estimates: Memory=509MB
F02:PLAN FRAGMENT [UNPARTITIONED] hosts=1 instances=1
|  Per-Host Resources: mem-estimate=4.09MB mem-reservation=4.00MB thread-reservation=1
PLAN-ROOT SINK
|  output exprs: avg(ss_list_price), zeroifnull(count(ss_list_price)), count(ss_list_price), avg(ss_list_price), zeroifnull(count(ss_list_price)), count(ss_list_price), avg(ss_list_price), zeroifnull(count(ss_list_price)), count(ss_list_price), avg(ss_list_price), zeroifnull(count(ss_list_price)), count(ss_list_price), avg(ss_list_price), zeroifnull(count(ss_list_price)), count(ss_list_price), avg(ss_list_price), zeroifnull(count(ss_list_price)), count(ss_list_price)
|  mem-estimate=4.00MB mem-reservation=4.00MB spill-buffer=2.00MB thread-reservation=0
|
22:NESTED LOOP JOIN [CROSS JOIN, BROADCAST]
|  limit: 100
|  mem-estimate=24B mem-reservation=0B thread-reservation=0
|  tuple-ids=4,10,16,22,28,34 row-size=144B cardinality=1
|  in pipelines: 26(GETNEXT), 50(OPEN)
|
|--51:EXCHANGE [UNPARTITIONED]
|  |  mem-estimate=16.00KB mem-reservation=0B thread-reservation=0
|  |  tuple-ids=34 row-size=24B cardinality=1
|  |  in pipelines: 50(GETNEXT)
|  |
|  F17:PLAN FRAGMENT [UNPARTITIONED] hosts=1 instances=1
|  Per-Host Resources: mem-estimate=32.00KB mem-reservation=0B thread-reservation=1
|  50:AGGREGATE [FINALIZE]
|  |  output: count:merge(ss_list_price), avg:merge(ss_list_price), count:merge(ss_list_price)
|  |  mem-estimate=16.00KB mem-reservation=0B spill-buffer=2.00MB thread-reservation=0
|  |  tuple-ids=34 row-size=24B cardinality=1
|  |  in pipelines: 50(GETNEXT), 17(OPEN)
|  |
|  49:EXCHANGE [UNPARTITIONED]
|  |  mem-estimate=16.00KB mem-reservation=0B thread-reservation=0
|  |  tuple-ids=33 row-size=24B cardinality=1
|  |  in pipelines: 17(GETNEXT)
|  |
|  F16:PLAN FRAGMENT [HASH(ss_list_price)] hosts=3 instances=3
|  Per-Host Resources: mem-estimate=10.20MB mem-reservation=1.94MB thread-reservation=1
|  17:AGGREGATE
|  |  output: count(ss_list_price), avg:merge(ss_list_price), count:merge(ss_list_price)
|  |  mem-estimate=16.00KB mem-reservation=0B spill-buffer=2.00MB thread-reservation=0
|  |  tuple-ids=33 row-size=24B cardinality=1
|  |  in pipelines: 17(GETNEXT), 48(OPEN)
|  |
|  48:AGGREGATE
|  |  output: avg:merge(ss_list_price), count:merge(ss_list_price)
|  |  group by: ss_list_price
|  |  mem-estimate=10.00MB mem-reservation=1.94MB spill-buffer=64.00KB thread-reservation=0
|  |  tuple-ids=31 row-size=20B cardinality=20.23K
|  |  in pipelines: 48(GETNEXT), 15(OPEN)
|  |
|  47:EXCHANGE [HASH(ss_list_price)]
|  |  mem-estimate=203.72KB mem-reservation=0B thread-reservation=0
|  |  tuple-ids=31 row-size=20B cardinality=20.23K
|  |  in pipelines: 15(GETNEXT)
|  |
|  F15:PLAN FRAGMENT [RANDOM] hosts=3 instances=3
|  Per-Host Resources: mem-estimate=74.00MB mem-reservation=4.00MB thread-reservation=2
|  16:AGGREGATE [STREAMING]
|  |  output: avg(ss_list_price), count(ss_list_price)
|  |  group by: ss_list_price
|  |  mem-estimate=10.00MB mem-reservation=2.00MB spill-buffer=64.00KB thread-reservation=0
|  |  tuple-ids=31 row-size=20B cardinality=20.23K
|  |  in pipelines: 15(GETNEXT)
|  |
|  15:SCAN HDFS [tpcds_parquet.store_sales, RANDOM]
|     HDFS partitions=1824/1824 files=1824 size=200.96MB
|     predicates: ss_quantity <= CAST(30 AS INT), ss_quantity >= CAST(26 AS INT), (ss_list_price >= CAST(154 AS DECIMAL(5,0)) AND ss_list_price <= CAST(164 AS DECIMAL(5,0)) OR ss_coupon_amt >= CAST(7326 AS DECIMAL(5,0)) AND ss_coupon_amt <= CAST(8326 AS DECIMAL(5,0)) OR ss_wholesale_cost >= CAST(7 AS DECIMAL(3,0)) AND ss_wholesale_cost <= CAST(27 AS DECIMAL(3,0)))
|     stored statistics:
|       table: rows=2.88M size=200.96MB
|       partitions: 1824/1824 rows=2.88M
|       columns: all
|     extrapolated-rows=disabled max-scan-range-rows=130.09K
|     parquet statistics predicates: ss_quantity <= CAST(30 AS INT), ss_quantity >= CAST(26 AS INT)
|     parquet dictionary predicates: ss_quantity <= CAST(30 AS INT), ss_quantity >= CAST(26 AS INT)
|     mem-estimate=64.00MB mem-reservation=2.00MB thread-reservation=1
|     tuple-ids=30 row-size=16B cardinality=288.04K
|     in pipelines: 15(GETNEXT)
|
21:NESTED LOOP JOIN [CROSS JOIN, BROADCAST]
|  mem-estimate=24B mem-reservation=0B thread-reservation=0
|  tuple-ids=4,10,16,22,28 row-size=120B cardinality=1
|  in pipelines: 26(GETNEXT), 45(OPEN)
|
|--46:EXCHANGE [UNPARTITIONED]
|  |  mem-estimate=16.00KB mem-reservation=0B thread-reservation=0
|  |  tuple-ids=28 row-size=24B cardinality=1
|  |  in pipelines: 45(GETNEXT)
|  |
|  F14:PLAN FRAGMENT [UNPARTITIONED] hosts=1 instances=1
|  Per-Host Resources: mem-estimate=32.00KB mem-reservation=0B thread-reservation=1
|  45:AGGREGATE [FINALIZE]
|  |  output: count:merge(ss_list_price), avg:merge(ss_list_price), count:merge(ss_list_price)
|  |  mem-estimate=16.00KB mem-reservation=0B spill-buffer=2.00MB thread-reservation=0
|  |  tuple-ids=28 row-size=24B cardinality=1
|  |  in pipelines: 45(GETNEXT), 14(OPEN)
|  |
|  44:EXCHANGE [UNPARTITIONED]
|  |  mem-estimate=16.00KB mem-reservation=0B thread-reservation=0
|  |  tuple-ids=27 row-size=24B cardinality=1
|  |  in pipelines: 14(GETNEXT)
|  |
|  F13:PLAN FRAGMENT [HASH(ss_list_price)] hosts=3 instances=3
|  Per-Host Resources: mem-estimate=10.20MB mem-reservation=1.94MB thread-reservation=1
|  14:AGGREGATE
|  |  output: count(ss_list_price), avg:merge(ss_list_price), count:merge(ss_list_price)
|  |  mem-estimate=16.00KB mem-reservation=0B spill-buffer=2.00MB thread-reservation=0
|  |  tuple-ids=27 row-size=24B cardinality=1
|  |  in pipelines: 14(GETNEXT), 43(OPEN)
|  |
|  43:AGGREGATE
|  |  output: avg:merge(ss_list_price), count:merge(ss_list_price)
|  |  group by: ss_list_price
|  |  mem-estimate=10.00MB mem-reservation=1.94MB spill-buffer=64.00KB thread-reservation=0
|  |  tuple-ids=25 row-size=20B cardinality=20.23K
|  |  in pipelines: 43(GETNEXT), 12(OPEN)
|  |
|  42:EXCHANGE [HASH(ss_list_price)]
|  |  mem-estimate=203.72KB mem-reservation=0B thread-reservation=0
|  |  tuple-ids=25 row-size=20B cardinality=20.23K
|  |  in pipelines: 12(GETNEXT)
|  |
|  F12:PLAN FRAGMENT [RANDOM] hosts=3 instances=3
|  Per-Host Resources: mem-estimate=74.00MB mem-reservation=4.00MB thread-reservation=2
|  13:AGGREGATE [STREAMING]
|  |  output: avg(ss_list_price), count(ss_list_price)
|  |  group by: ss_list_price
|  |  mem-estimate=10.00MB mem-reservation=2.00MB spill-buffer=64.00KB thread-reservation=0
|  |  tuple-ids=25 row-size=20B cardinality=20.23K
|  |  in pipelines: 12(GETNEXT)
|  |
|  12:SCAN HDFS [tpcds_parquet.store_sales, RANDOM]
|     HDFS partitions=1824/1824 files=1824 size=200.96MB
|     predicates: ss_quantity <= CAST(25 AS INT), ss_quantity >= CAST(21 AS INT), (ss_list_price >= CAST(122 AS DECIMAL(3,0)) AND ss_list_price <= CAST(132 AS DECIMAL(5,0)) OR ss_coupon_amt >= CAST(836 AS DECIMAL(5,0)) AND ss_coupon_amt <= CAST(1836 AS DECIMAL(5,0)) OR ss_wholesale_cost >= CAST(17 AS DECIMAL(3,0)) AND ss_wholesale_cost <= CAST(37 AS DECIMAL(3,0)))
|     stored statistics:
|       table: rows=2.88M size=200.96MB
|       partitions: 1824/1824 rows=2.88M
|       columns: all
|     extrapolated-rows=disabled max-scan-range-rows=130.09K
|     parquet statistics predicates: ss_quantity <= CAST(25 AS INT), ss_quantity >= CAST(21 AS INT)
|     parquet dictionary predicates: ss_quantity <= CAST(25 AS INT), ss_quantity >= CAST(21 AS INT)
|     mem-estimate=64.00MB mem-reservation=2.00MB thread-reservation=1
|     tuple-ids=24 row-size=16B cardinality=288.04K
|     in pipelines: 12(GETNEXT)
|
20:NESTED LOOP JOIN [CROSS JOIN, BROADCAST]
|  mem-estimate=24B mem-reservation=0B thread-reservation=0
|  tuple-ids=4,10,16,22 row-size=96B cardinality=1
|  in pipelines: 26(GETNEXT), 40(OPEN)
|
|--41:EXCHANGE [UNPARTITIONED]
|  |  mem-estimate=16.00KB mem-reservation=0B thread-reservation=0
|  |  tuple-ids=22 row-size=24B cardinality=1
|  |  in pipelines: 40(GETNEXT)
|  |
|  F11:PLAN FRAGMENT [UNPARTITIONED] hosts=1 instances=1
|  Per-Host Resources: mem-estimate=32.00KB mem-reservation=0B thread-reservation=1
|  40:AGGREGATE [FINALIZE]
|  |  output: count:merge(ss_list_price), avg:merge(ss_list_price), count:merge(ss_list_price)
|  |  mem-estimate=16.00KB mem-reservation=0B spill-buffer=2.00MB thread-reservation=0
|  |  tuple-ids=22 row-size=24B cardinality=1
|  |  in pipelines: 40(GETNEXT), 11(OPEN)
|  |
|  39:EXCHANGE [UNPARTITIONED]
|  |  mem-estimate=16.00KB mem-reservation=0B thread-reservation=0
|  |  tuple-ids=21 row-size=24B cardinality=1
|  |  in pipelines: 11(GETNEXT)
|  |
|  F10:PLAN FRAGMENT [HASH(ss_list_price)] hosts=3 instances=3
|  Per-Host Resources: mem-estimate=10.20MB mem-reservation=1.94MB thread-reservation=1
|  11:AGGREGATE
|  |  output: count(ss_list_price), avg:merge(ss_list_price), count:merge(ss_list_price)
|  |  mem-estimate=16.00KB mem-reservation=0B spill-buffer=2.00MB thread-reservation=0
|  |  tuple-ids=21 row-size=24B cardinality=1
|  |  in pipelines: 11(GETNEXT), 38(OPEN)
|  |
|  38:AGGREGATE
|  |  output: avg:merge(ss_list_price), count:merge(ss_list_price)
|  |  group by: ss_list_price
|  |  mem-estimate=10.00MB mem-reservation=1.94MB spill-buffer=64.00KB thread-reservation=0
|  |  tuple-ids=19 row-size=20B cardinality=20.23K
|  |  in pipelines: 38(GETNEXT), 09(OPEN)
|  |
|  37:EXCHANGE [HASH(ss_list_price)]
|  |  mem-estimate=203.72KB mem-reservation=0B thread-reservation=0
|  |  tuple-ids=19 row-size=20B cardinality=20.23K
|  |  in pipelines: 09(GETNEXT)
|  |
|  F09:PLAN FRAGMENT [RANDOM] hosts=3 instances=3
|  Per-Host Resources: mem-estimate=74.00MB mem-reservation=4.00MB thread-reservation=2
|  10:AGGREGATE [STREAMING]
|  |  output: avg(ss_list_price), count(ss_list_price)
|  |  group by: ss_list_price
|  |  mem-estimate=10.00MB mem-reservation=2.00MB spill-buffer=64.00KB thread-reservation=0
|  |  tuple-ids=19 row-size=20B cardinality=20.23K
|  |  in pipelines: 09(GETNEXT)
|  |
|  09:SCAN HDFS [tpcds_parquet.store_sales, RANDOM]
|     HDFS partitions=1824/1824 files=1824 size=200.96MB
|     predicates: ss_quantity <= CAST(20 AS INT), ss_quantity >= CAST(16 AS INT), (ss_list_price >= CAST(135 AS DECIMAL(5,0)) AND ss_list_price <= CAST(145 AS DECIMAL(5,0)) OR ss_coupon_amt >= CAST(6071 AS DECIMAL(5,0)) AND ss_coupon_amt <= CAST(7071 AS DECIMAL(5,0)) OR ss_wholesale_cost >= CAST(38 AS DECIMAL(3,0)) AND ss_wholesale_cost <= CAST(58 AS DECIMAL(3,0)))
|     stored statistics:
|       table: rows=2.88M size=200.96MB
|       partitions: 1824/1824 rows=2.88M
|       columns: all
|     extrapolated-rows=disabled max-scan-range-rows=130.09K
|     parquet statistics predicates: ss_quantity <= CAST(20 AS INT), ss_quantity >= CAST(16 AS INT)
|     parquet dictionary predicates: ss_quantity <= CAST(20 AS INT), ss_quantity >= CAST(16 AS INT)
|     mem-estimate=64.00MB mem-reservation=2.00MB thread-reservation=1
|     tuple-ids=18 row-size=16B cardinality=288.04K
|     in pipelines: 09(GETNEXT)
|
19:NESTED LOOP JOIN [CROSS JOIN, BROADCAST]
|  mem-estimate=24B mem-reservation=0B thread-reservation=0
|  tuple-ids=4,10,16 row-size=72B cardinality=1
|  in pipelines: 26(GETNEXT), 35(OPEN)
|
|--36:EXCHANGE [UNPARTITIONED]
|  |  mem-estimate=16.00KB mem-reservation=0B thread-reservation=0
|  |  tuple-ids=16 row-size=24B cardinality=1
|  |  in pipelines: 35(GETNEXT)
|  |
|  F08:PLAN FRAGMENT [UNPARTITIONED] hosts=1 instances=1
|  Per-Host Resources: mem-estimate=32.00KB mem-reservation=0B thread-reservation=1
|  35:AGGREGATE [FINALIZE]
|  |  output: count:merge(ss_list_price), avg:merge(ss_list_price), count:merge(ss_list_price)
|  |  mem-estimate=16.00KB mem-reservation=0B spill-buffer=2.00MB thread-reservation=0
|  |  tuple-ids=16 row-size=24B cardinality=1
|  |  in pipelines: 35(GETNEXT), 08(OPEN)
|  |
|  34:EXCHANGE [UNPARTITIONED]
|  |  mem-estimate=16.00KB mem-reservation=0B thread-reservation=0
|  |  tuple-ids=15 row-size=24B cardinality=1
|  |  in pipelines: 08(GETNEXT)
|  |
|  F07:PLAN FRAGMENT [HASH(ss_list_price)] hosts=3 instances=3
|  Per-Host Resources: mem-estimate=10.20MB mem-reservation=1.94MB thread-reservation=1
|  08:AGGREGATE
|  |  output: count(ss_list_price), avg:merge(ss_list_price), count:merge(ss_list_price)
|  |  mem-estimate=16.00KB mem-reservation=0B spill-buffer=2.00MB thread-reservation=0
|  |  tuple-ids=15 row-size=24B cardinality=1
|  |  in pipelines: 08(GETNEXT), 33(OPEN)
|  |
|  33:AGGREGATE
|  |  output: avg:merge(ss_list_price), count:merge(ss_list_price)
|  |  group by: ss_list_price
|  |  mem-estimate=10.00MB mem-reservation=1.94MB spill-buffer=64.00KB thread-reservation=0
|  |  tuple-ids=13 row-size=20B cardinality=20.23K
|  |  in pipelines: 33(GETNEXT), 06(OPEN)
|  |
|  32:EXCHANGE [HASH(ss_list_price)]
|  |  mem-estimate=203.72KB mem-reservation=0B thread-reservation=0
|  |  tuple-ids=13 row-size=20B cardinality=20.23K
|  |  in pipelines: 06(GETNEXT)
|  |
|  F06:PLAN FRAGMENT [RANDOM] hosts=3 instances=3
|  Per-Host Resources: mem-estimate=74.00MB mem-reservation=4.00MB thread-reservation=2
|  07:AGGREGATE [STREAMING]
|  |  output: avg(ss_list_price), count(ss_list_price)
|  |  group by: ss_list_price
|  |  mem-estimate=10.00MB mem-reservation=2.00MB spill-buffer=64.00KB thread-reservation=0
|  |  tuple-ids=13 row-size=20B cardinality=20.23K
|  |  in pipelines: 06(GETNEXT)
|  |
|  06:SCAN HDFS [tpcds_parquet.store_sales, RANDOM]
|     HDFS partitions=1824/1824 files=1824 size=200.96MB
|     predicates: ss_quantity <= CAST(15 AS INT), ss_quantity >= CAST(11 AS INT), (ss_list_price >= CAST(142 AS DECIMAL(5,0)) AND ss_list_price <= CAST(152 AS DECIMAL(5,0)) OR ss_coupon_amt >= CAST(12214 AS DECIMAL(5,0)) AND ss_coupon_amt <= CAST(13214 AS DECIMAL(5,0)) OR ss_wholesale_cost >= CAST(79 AS DECIMAL(3,0)) AND ss_wholesale_cost <= CAST(99 AS DECIMAL(3,0)))
|     stored statistics:
|       table: rows=2.88M size=200.96MB
|       partitions: 1824/1824 rows=2.88M
|       columns: all
|     extrapolated-rows=disabled max-scan-range-rows=130.09K
|     parquet statistics predicates: ss_quantity <= CAST(15 AS INT), ss_quantity >= CAST(11 AS INT)
|     parquet dictionary predicates: ss_quantity <= CAST(15 AS INT), ss_quantity >= CAST(11 AS INT)
|     mem-estimate=64.00MB mem-reservation=2.00MB thread-reservation=1
|     tuple-ids=12 row-size=16B cardinality=288.04K
|     in pipelines: 06(GETNEXT)
|
18:NESTED LOOP JOIN [CROSS JOIN, BROADCAST]
|  mem-estimate=24B mem-reservation=0B thread-reservation=0
|  tuple-ids=4,10 row-size=48B cardinality=1
|  in pipelines: 26(GETNEXT), 30(OPEN)
|
|--31:EXCHANGE [UNPARTITIONED]
|  |  mem-estimate=16.00KB mem-reservation=0B thread-reservation=0
|  |  tuple-ids=10 row-size=24B cardinality=1
|  |  in pipelines: 30(GETNEXT)
|  |
|  F05:PLAN FRAGMENT [UNPARTITIONED] hosts=1 instances=1
|  Per-Host Resources: mem-estimate=32.00KB mem-reservation=0B thread-reservation=1
|  30:AGGREGATE [FINALIZE]
|  |  output: count:merge(ss_list_price), avg:merge(ss_list_price), count:merge(ss_list_price)
|  |  mem-estimate=16.00KB mem-reservation=0B spill-buffer=2.00MB thread-reservation=0
|  |  tuple-ids=10 row-size=24B cardinality=1
|  |  in pipelines: 30(GETNEXT), 05(OPEN)
|  |
|  29:EXCHANGE [UNPARTITIONED]
|  |  mem-estimate=16.00KB mem-reservation=0B thread-reservation=0
|  |  tuple-ids=9 row-size=24B cardinality=1
|  |  in pipelines: 05(GETNEXT)
|  |
|  F04:PLAN FRAGMENT [HASH(ss_list_price)] hosts=3 instances=3
|  Per-Host Resources: mem-estimate=10.20MB mem-reservation=1.94MB thread-reservation=1
|  05:AGGREGATE
|  |  output: count(ss_list_price), avg:merge(ss_list_price), count:merge(ss_list_price)
|  |  mem-estimate=16.00KB mem-reservation=0B spill-buffer=2.00MB thread-reservation=0
|  |  tuple-ids=9 row-size=24B cardinality=1
|  |  in pipelines: 05(GETNEXT), 28(OPEN)
|  |
|  28:AGGREGATE
|  |  output: avg:merge(ss_list_price), count:merge(ss_list_price)
|  |  group by: ss_list_price
|  |  mem-estimate=10.00MB mem-reservation=1.94MB spill-buffer=64.00KB thread-reservation=0
|  |  tuple-ids=7 row-size=20B cardinality=20.23K
|  |  in pipelines: 28(GETNEXT), 03(OPEN)
|  |
|  27:EXCHANGE [HASH(ss_list_price)]
|  |  mem-estimate=203.72KB mem-reservation=0B thread-reservation=0
|  |  tuple-ids=7 row-size=20B cardinality=20.23K
|  |  in pipelines: 03(GETNEXT)
|  |
|  F03:PLAN FRAGMENT [RANDOM] hosts=3 instances=3
|  Per-Host Resources: mem-estimate=74.00MB mem-reservation=4.00MB thread-reservation=2
|  04:AGGREGATE [STREAMING]
|  |  output: avg(ss_list_price), count(ss_list_price)
|  |  group by: ss_list_price
|  |  mem-estimate=10.00MB mem-reservation=2.00MB spill-buffer=64.00KB thread-reservation=0
|  |  tuple-ids=7 row-size=20B cardinality=20.23K
|  |  in pipelines: 03(GETNEXT)
|  |
|  03:SCAN HDFS [tpcds_parquet.store_sales, RANDOM]
|     HDFS partitions=1824/1824 files=1824 size=200.96MB
|     predicates: ss_quantity <= CAST(10 AS INT), ss_quantity >= CAST(6 AS INT), (ss_list_price >= CAST(90 AS DECIMAL(3,0)) AND ss_list_price <= CAST(100 AS DECIMAL(3,0)) OR ss_coupon_amt >= CAST(2323 AS DECIMAL(5,0)) AND ss_coupon_amt <= CAST(3323 AS DECIMAL(5,0)) OR ss_wholesale_cost >= CAST(31 AS DECIMAL(3,0)) AND ss_wholesale_cost <= CAST(51 AS DECIMAL(3,0)))
|     stored statistics:
|       table: rows=2.88M size=200.96MB
|       partitions: 1824/1824 rows=2.88M
|       columns: all
|     extrapolated-rows=disabled max-scan-range-rows=130.09K
|     parquet statistics predicates: ss_quantity <= CAST(10 AS INT), ss_quantity >= CAST(6 AS INT)
|     parquet dictionary predicates: ss_quantity <= CAST(10 AS INT), ss_quantity >= CAST(6 AS INT)
|     mem-estimate=64.00MB mem-reservation=2.00MB thread-reservation=1
|     tuple-ids=6 row-size=16B cardinality=288.04K
|     in pipelines: 03(GETNEXT)
|
26:AGGREGATE [FINALIZE]
|  output: count:merge(ss_list_price), avg:merge(ss_list_price), count:merge(ss_list_price)
|  mem-estimate=16.00KB mem-reservation=0B spill-buffer=2.00MB thread-reservation=0
|  tuple-ids=4 row-size=24B cardinality=1
|  in pipelines: 26(GETNEXT), 02(OPEN)
|
25:EXCHANGE [UNPARTITIONED]
|  mem-estimate=16.00KB mem-reservation=0B thread-reservation=0
|  tuple-ids=3 row-size=24B cardinality=1
|  in pipelines: 02(GETNEXT)
|
F01:PLAN FRAGMENT [HASH(ss_list_price)] hosts=3 instances=3
Per-Host Resources: mem-estimate=10.20MB mem-reservation=1.94MB thread-reservation=1
02:AGGREGATE
|  output: count(ss_list_price), avg:merge(ss_list_price), count:merge(ss_list_price)
|  mem-estimate=16.00KB mem-reservation=0B spill-buffer=2.00MB thread-reservation=0
|  tuple-ids=3 row-size=24B cardinality=1
|  in pipelines: 02(GETNEXT), 24(OPEN)
|
24:AGGREGATE
|  output: avg:merge(ss_list_price), count:merge(ss_list_price)
|  group by: ss_list_price
|  mem-estimate=10.00MB mem-reservation=1.94MB spill-buffer=64.00KB thread-reservation=0
|  tuple-ids=1 row-size=20B cardinality=20.23K
|  in pipelines: 24(GETNEXT), 00(OPEN)
|
23:EXCHANGE [HASH(ss_list_price)]
|  mem-estimate=203.72KB mem-reservation=0B thread-reservation=0
|  tuple-ids=1 row-size=20B cardinality=20.23K
|  in pipelines: 00(GETNEXT)
|
F00:PLAN FRAGMENT [RANDOM] hosts=3 instances=3
Per-Host Resources: mem-estimate=74.00MB mem-reservation=4.00MB thread-reservation=2
01:AGGREGATE [STREAMING]
|  output: avg(ss_list_price), count(ss_list_price)
|  group by: ss_list_price
|  mem-estimate=10.00MB mem-reservation=2.00MB spill-buffer=64.00KB thread-reservation=0
|  tuple-ids=1 row-size=20B cardinality=20.23K
|  in pipelines: 00(GETNEXT)
|
00:SCAN HDFS [tpcds_parquet.store_sales, RANDOM]
   HDFS partitions=1824/1824 files=1824 size=200.96MB
   predicates: ss_quantity <= CAST(5 AS INT), ss_quantity >= CAST(0 AS INT), (ss_list_price >= CAST(8 AS DECIMAL(3,0)) AND ss_list_price <= CAST(18 AS DECIMAL(3,0)) OR ss_coupon_amt >= CAST(459 AS DECIMAL(5,0)) AND ss_coupon_amt <= CAST(1459 AS DECIMAL(5,0)) OR ss_wholesale_cost >= CAST(57 AS DECIMAL(3,0)) AND ss_wholesale_cost <= CAST(77 AS DECIMAL(3,0)))
   stored statistics:
     table: rows=2.88M size=200.96MB
     partitions: 1824/1824 rows=2.88M
     columns: all
   extrapolated-rows=disabled max-scan-range-rows=130.09K
   parquet statistics predicates: ss_quantity <= CAST(5 AS INT), ss_quantity >= CAST(0 AS INT)
   parquet dictionary predicates: ss_quantity <= CAST(5 AS INT), ss_quantity >= CAST(0 AS INT)
   mem-estimate=64.00MB mem-reservation=2.00MB thread-reservation=1
   tuple-ids=0 row-size=16B cardinality=288.04K
   in pipelines: 00(GETNEXT)
---- PARALLELPLANS
Max Per-Host Resource Reservation: Memory=75.25MB Threads=35
Per-Host Resource Estimates: Memory=439MB
F02:PLAN FRAGMENT [UNPARTITIONED] hosts=1 instances=1
|  Per-Instance Resources: mem-estimate=4.02MB mem-reservation=4.00MB thread-reservation=1
PLAN-ROOT SINK
|  output exprs: avg(ss_list_price), zeroifnull(count(ss_list_price)), count(ss_list_price), avg(ss_list_price), zeroifnull(count(ss_list_price)), count(ss_list_price), avg(ss_list_price), zeroifnull(count(ss_list_price)), count(ss_list_price), avg(ss_list_price), zeroifnull(count(ss_list_price)), count(ss_list_price), avg(ss_list_price), zeroifnull(count(ss_list_price)), count(ss_list_price), avg(ss_list_price), zeroifnull(count(ss_list_price)), count(ss_list_price)
|  mem-estimate=4.00MB mem-reservation=4.00MB spill-buffer=2.00MB thread-reservation=0
|
22:NESTED LOOP JOIN [CROSS JOIN, BROADCAST]
|  join table id: 00
|  limit: 100
|  mem-estimate=0B mem-reservation=0B thread-reservation=0
|  tuple-ids=4,10,16,22,28,34 row-size=144B cardinality=1
|  in pipelines: 26(GETNEXT), 50(OPEN)
|
|--F18:PLAN FRAGMENT [UNPARTITIONED] hosts=1 instances=1
|  |  Per-Instance Resources: mem-estimate=16.02KB mem-reservation=0B thread-reservation=1
|  JOIN BUILD
|  |  join-table-id=00 plan-id=01 cohort-id=01
|  |  mem-estimate=24B mem-reservation=0B thread-reservation=0
|  |
|  51:EXCHANGE [UNPARTITIONED]
|  |  mem-estimate=16.00KB mem-reservation=0B thread-reservation=0
|  |  tuple-ids=34 row-size=24B cardinality=1
|  |  in pipelines: 50(GETNEXT)
|  |
|  F17:PLAN FRAGMENT [UNPARTITIONED] hosts=1 instances=1
|  Per-Instance Resources: mem-estimate=32.00KB mem-reservation=0B thread-reservation=1
|  50:AGGREGATE [FINALIZE]
|  |  output: count:merge(ss_list_price), avg:merge(ss_list_price), count:merge(ss_list_price)
|  |  mem-estimate=16.00KB mem-reservation=0B spill-buffer=2.00MB thread-reservation=0
|  |  tuple-ids=34 row-size=24B cardinality=1
|  |  in pipelines: 50(GETNEXT), 17(OPEN)
|  |
|  49:EXCHANGE [UNPARTITIONED]
|  |  mem-estimate=16.00KB mem-reservation=0B thread-reservation=0
|  |  tuple-ids=33 row-size=24B cardinality=1
|  |  in pipelines: 17(GETNEXT)
|  |
|  F16:PLAN FRAGMENT [HASH(ss_list_price)] hosts=3 instances=6
|  Per-Instance Resources: mem-estimate=10.27MB mem-reservation=1.94MB thread-reservation=1
|  17:AGGREGATE
|  |  output: count(ss_list_price), avg:merge(ss_list_price), count:merge(ss_list_price)
|  |  mem-estimate=16.00KB mem-reservation=0B spill-buffer=2.00MB thread-reservation=0
|  |  tuple-ids=33 row-size=24B cardinality=1
|  |  in pipelines: 17(GETNEXT), 48(OPEN)
|  |
|  48:AGGREGATE
|  |  output: avg:merge(ss_list_price), count:merge(ss_list_price)
|  |  group by: ss_list_price
|  |  mem-estimate=10.00MB mem-reservation=1.94MB spill-buffer=64.00KB thread-reservation=0
|  |  tuple-ids=31 row-size=20B cardinality=20.23K
|  |  in pipelines: 48(GETNEXT), 15(OPEN)
|  |
|  47:EXCHANGE [HASH(ss_list_price)]
|  |  mem-estimate=275.72KB mem-reservation=0B thread-reservation=0
|  |  tuple-ids=31 row-size=20B cardinality=20.23K
|  |  in pipelines: 15(GETNEXT)
|  |
|  F15:PLAN FRAGMENT [RANDOM] hosts=3 instances=6
|  Per-Instance Resources: mem-estimate=26.00MB mem-reservation=4.00MB thread-reservation=1
|  16:AGGREGATE [STREAMING]
|  |  output: avg(ss_list_price), count(ss_list_price)
|  |  group by: ss_list_price
|  |  mem-estimate=10.00MB mem-reservation=2.00MB spill-buffer=64.00KB thread-reservation=0
|  |  tuple-ids=31 row-size=20B cardinality=20.23K
|  |  in pipelines: 15(GETNEXT)
|  |
|  15:SCAN HDFS [tpcds_parquet.store_sales, RANDOM]
|     HDFS partitions=1824/1824 files=1824 size=200.96MB
|     predicates: ss_quantity <= CAST(30 AS INT), ss_quantity >= CAST(26 AS INT), (ss_list_price >= CAST(154 AS DECIMAL(5,0)) AND ss_list_price <= CAST(164 AS DECIMAL(5,0)) OR ss_coupon_amt >= CAST(7326 AS DECIMAL(5,0)) AND ss_coupon_amt <= CAST(8326 AS DECIMAL(5,0)) OR ss_wholesale_cost >= CAST(7 AS DECIMAL(3,0)) AND ss_wholesale_cost <= CAST(27 AS DECIMAL(3,0)))
|     stored statistics:
|       table: rows=2.88M size=200.96MB
|       partitions: 1824/1824 rows=2.88M
|       columns: all
|     extrapolated-rows=disabled max-scan-range-rows=130.09K
|     parquet statistics predicates: ss_quantity <= CAST(30 AS INT), ss_quantity >= CAST(26 AS INT)
|     parquet dictionary predicates: ss_quantity <= CAST(30 AS INT), ss_quantity >= CAST(26 AS INT)
|     mem-estimate=16.00MB mem-reservation=2.00MB thread-reservation=0
|     tuple-ids=30 row-size=16B cardinality=288.04K
|     in pipelines: 15(GETNEXT)
|
21:NESTED LOOP JOIN [CROSS JOIN, BROADCAST]
|  join table id: 01
|  mem-estimate=0B mem-reservation=0B thread-reservation=0
|  tuple-ids=4,10,16,22,28 row-size=120B cardinality=1
|  in pipelines: 26(GETNEXT), 45(OPEN)
|
|--F19:PLAN FRAGMENT [UNPARTITIONED] hosts=1 instances=1
|  |  Per-Instance Resources: mem-estimate=16.02KB mem-reservation=0B thread-reservation=1
|  JOIN BUILD
|  |  join-table-id=01 plan-id=02 cohort-id=01
|  |  mem-estimate=24B mem-reservation=0B thread-reservation=0
|  |
|  46:EXCHANGE [UNPARTITIONED]
|  |  mem-estimate=16.00KB mem-reservation=0B thread-reservation=0
|  |  tuple-ids=28 row-size=24B cardinality=1
|  |  in pipelines: 45(GETNEXT)
|  |
|  F14:PLAN FRAGMENT [UNPARTITIONED] hosts=1 instances=1
|  Per-Instance Resources: mem-estimate=32.00KB mem-reservation=0B thread-reservation=1
|  45:AGGREGATE [FINALIZE]
|  |  output: count:merge(ss_list_price), avg:merge(ss_list_price), count:merge(ss_list_price)
|  |  mem-estimate=16.00KB mem-reservation=0B spill-buffer=2.00MB thread-reservation=0
|  |  tuple-ids=28 row-size=24B cardinality=1
|  |  in pipelines: 45(GETNEXT), 14(OPEN)
|  |
|  44:EXCHANGE [UNPARTITIONED]
|  |  mem-estimate=16.00KB mem-reservation=0B thread-reservation=0
|  |  tuple-ids=27 row-size=24B cardinality=1
|  |  in pipelines: 14(GETNEXT)
|  |
|  F13:PLAN FRAGMENT [HASH(ss_list_price)] hosts=3 instances=6
|  Per-Instance Resources: mem-estimate=10.27MB mem-reservation=1.94MB thread-reservation=1
|  14:AGGREGATE
|  |  output: count(ss_list_price), avg:merge(ss_list_price), count:merge(ss_list_price)
|  |  mem-estimate=16.00KB mem-reservation=0B spill-buffer=2.00MB thread-reservation=0
|  |  tuple-ids=27 row-size=24B cardinality=1
|  |  in pipelines: 14(GETNEXT), 43(OPEN)
|  |
|  43:AGGREGATE
|  |  output: avg:merge(ss_list_price), count:merge(ss_list_price)
|  |  group by: ss_list_price
|  |  mem-estimate=10.00MB mem-reservation=1.94MB spill-buffer=64.00KB thread-reservation=0
|  |  tuple-ids=25 row-size=20B cardinality=20.23K
|  |  in pipelines: 43(GETNEXT), 12(OPEN)
|  |
|  42:EXCHANGE [HASH(ss_list_price)]
|  |  mem-estimate=275.72KB mem-reservation=0B thread-reservation=0
|  |  tuple-ids=25 row-size=20B cardinality=20.23K
|  |  in pipelines: 12(GETNEXT)
|  |
|  F12:PLAN FRAGMENT [RANDOM] hosts=3 instances=6
|  Per-Instance Resources: mem-estimate=26.00MB mem-reservation=4.00MB thread-reservation=1
|  13:AGGREGATE [STREAMING]
|  |  output: avg(ss_list_price), count(ss_list_price)
|  |  group by: ss_list_price
|  |  mem-estimate=10.00MB mem-reservation=2.00MB spill-buffer=64.00KB thread-reservation=0
|  |  tuple-ids=25 row-size=20B cardinality=20.23K
|  |  in pipelines: 12(GETNEXT)
|  |
|  12:SCAN HDFS [tpcds_parquet.store_sales, RANDOM]
|     HDFS partitions=1824/1824 files=1824 size=200.96MB
|     predicates: ss_quantity <= CAST(25 AS INT), ss_quantity >= CAST(21 AS INT), (ss_list_price >= CAST(122 AS DECIMAL(3,0)) AND ss_list_price <= CAST(132 AS DECIMAL(5,0)) OR ss_coupon_amt >= CAST(836 AS DECIMAL(5,0)) AND ss_coupon_amt <= CAST(1836 AS DECIMAL(5,0)) OR ss_wholesale_cost >= CAST(17 AS DECIMAL(3,0)) AND ss_wholesale_cost <= CAST(37 AS DECIMAL(3,0)))
|     stored statistics:
|       table: rows=2.88M size=200.96MB
|       partitions: 1824/1824 rows=2.88M
|       columns: all
|     extrapolated-rows=disabled max-scan-range-rows=130.09K
|     parquet statistics predicates: ss_quantity <= CAST(25 AS INT), ss_quantity >= CAST(21 AS INT)
|     parquet dictionary predicates: ss_quantity <= CAST(25 AS INT), ss_quantity >= CAST(21 AS INT)
|     mem-estimate=16.00MB mem-reservation=2.00MB thread-reservation=0
|     tuple-ids=24 row-size=16B cardinality=288.04K
|     in pipelines: 12(GETNEXT)
|
20:NESTED LOOP JOIN [CROSS JOIN, BROADCAST]
|  join table id: 02
|  mem-estimate=0B mem-reservation=0B thread-reservation=0
|  tuple-ids=4,10,16,22 row-size=96B cardinality=1
|  in pipelines: 26(GETNEXT), 40(OPEN)
|
|--F20:PLAN FRAGMENT [UNPARTITIONED] hosts=1 instances=1
|  |  Per-Instance Resources: mem-estimate=16.02KB mem-reservation=0B thread-reservation=1
|  JOIN BUILD
|  |  join-table-id=02 plan-id=03 cohort-id=01
|  |  mem-estimate=24B mem-reservation=0B thread-reservation=0
|  |
|  41:EXCHANGE [UNPARTITIONED]
|  |  mem-estimate=16.00KB mem-reservation=0B thread-reservation=0
|  |  tuple-ids=22 row-size=24B cardinality=1
|  |  in pipelines: 40(GETNEXT)
|  |
|  F11:PLAN FRAGMENT [UNPARTITIONED] hosts=1 instances=1
|  Per-Instance Resources: mem-estimate=32.00KB mem-reservation=0B thread-reservation=1
|  40:AGGREGATE [FINALIZE]
|  |  output: count:merge(ss_list_price), avg:merge(ss_list_price), count:merge(ss_list_price)
|  |  mem-estimate=16.00KB mem-reservation=0B spill-buffer=2.00MB thread-reservation=0
|  |  tuple-ids=22 row-size=24B cardinality=1
|  |  in pipelines: 40(GETNEXT), 11(OPEN)
|  |
|  39:EXCHANGE [UNPARTITIONED]
|  |  mem-estimate=16.00KB mem-reservation=0B thread-reservation=0
|  |  tuple-ids=21 row-size=24B cardinality=1
|  |  in pipelines: 11(GETNEXT)
|  |
|  F10:PLAN FRAGMENT [HASH(ss_list_price)] hosts=3 instances=6
|  Per-Instance Resources: mem-estimate=10.27MB mem-reservation=1.94MB thread-reservation=1
|  11:AGGREGATE
|  |  output: count(ss_list_price), avg:merge(ss_list_price), count:merge(ss_list_price)
|  |  mem-estimate=16.00KB mem-reservation=0B spill-buffer=2.00MB thread-reservation=0
|  |  tuple-ids=21 row-size=24B cardinality=1
|  |  in pipelines: 11(GETNEXT), 38(OPEN)
|  |
|  38:AGGREGATE
|  |  output: avg:merge(ss_list_price), count:merge(ss_list_price)
|  |  group by: ss_list_price
|  |  mem-estimate=10.00MB mem-reservation=1.94MB spill-buffer=64.00KB thread-reservation=0
|  |  tuple-ids=19 row-size=20B cardinality=20.23K
|  |  in pipelines: 38(GETNEXT), 09(OPEN)
|  |
|  37:EXCHANGE [HASH(ss_list_price)]
|  |  mem-estimate=275.72KB mem-reservation=0B thread-reservation=0
|  |  tuple-ids=19 row-size=20B cardinality=20.23K
|  |  in pipelines: 09(GETNEXT)
|  |
|  F09:PLAN FRAGMENT [RANDOM] hosts=3 instances=6
|  Per-Instance Resources: mem-estimate=26.00MB mem-reservation=4.00MB thread-reservation=1
|  10:AGGREGATE [STREAMING]
|  |  output: avg(ss_list_price), count(ss_list_price)
|  |  group by: ss_list_price
|  |  mem-estimate=10.00MB mem-reservation=2.00MB spill-buffer=64.00KB thread-reservation=0
|  |  tuple-ids=19 row-size=20B cardinality=20.23K
|  |  in pipelines: 09(GETNEXT)
|  |
|  09:SCAN HDFS [tpcds_parquet.store_sales, RANDOM]
|     HDFS partitions=1824/1824 files=1824 size=200.96MB
|     predicates: ss_quantity <= CAST(20 AS INT), ss_quantity >= CAST(16 AS INT), (ss_list_price >= CAST(135 AS DECIMAL(5,0)) AND ss_list_price <= CAST(145 AS DECIMAL(5,0)) OR ss_coupon_amt >= CAST(6071 AS DECIMAL(5,0)) AND ss_coupon_amt <= CAST(7071 AS DECIMAL(5,0)) OR ss_wholesale_cost >= CAST(38 AS DECIMAL(3,0)) AND ss_wholesale_cost <= CAST(58 AS DECIMAL(3,0)))
|     stored statistics:
|       table: rows=2.88M size=200.96MB
|       partitions: 1824/1824 rows=2.88M
|       columns: all
|     extrapolated-rows=disabled max-scan-range-rows=130.09K
|     parquet statistics predicates: ss_quantity <= CAST(20 AS INT), ss_quantity >= CAST(16 AS INT)
|     parquet dictionary predicates: ss_quantity <= CAST(20 AS INT), ss_quantity >= CAST(16 AS INT)
|     mem-estimate=16.00MB mem-reservation=2.00MB thread-reservation=0
|     tuple-ids=18 row-size=16B cardinality=288.04K
|     in pipelines: 09(GETNEXT)
|
19:NESTED LOOP JOIN [CROSS JOIN, BROADCAST]
|  join table id: 03
|  mem-estimate=0B mem-reservation=0B thread-reservation=0
|  tuple-ids=4,10,16 row-size=72B cardinality=1
|  in pipelines: 26(GETNEXT), 35(OPEN)
|
|--F21:PLAN FRAGMENT [UNPARTITIONED] hosts=1 instances=1
|  |  Per-Instance Resources: mem-estimate=16.02KB mem-reservation=0B thread-reservation=1
|  JOIN BUILD
|  |  join-table-id=03 plan-id=04 cohort-id=01
|  |  mem-estimate=24B mem-reservation=0B thread-reservation=0
|  |
|  36:EXCHANGE [UNPARTITIONED]
|  |  mem-estimate=16.00KB mem-reservation=0B thread-reservation=0
|  |  tuple-ids=16 row-size=24B cardinality=1
|  |  in pipelines: 35(GETNEXT)
|  |
|  F08:PLAN FRAGMENT [UNPARTITIONED] hosts=1 instances=1
|  Per-Instance Resources: mem-estimate=32.00KB mem-reservation=0B thread-reservation=1
|  35:AGGREGATE [FINALIZE]
|  |  output: count:merge(ss_list_price), avg:merge(ss_list_price), count:merge(ss_list_price)
|  |  mem-estimate=16.00KB mem-reservation=0B spill-buffer=2.00MB thread-reservation=0
|  |  tuple-ids=16 row-size=24B cardinality=1
|  |  in pipelines: 35(GETNEXT), 08(OPEN)
|  |
|  34:EXCHANGE [UNPARTITIONED]
|  |  mem-estimate=16.00KB mem-reservation=0B thread-reservation=0
|  |  tuple-ids=15 row-size=24B cardinality=1
|  |  in pipelines: 08(GETNEXT)
|  |
|  F07:PLAN FRAGMENT [HASH(ss_list_price)] hosts=3 instances=6
|  Per-Instance Resources: mem-estimate=10.27MB mem-reservation=1.94MB thread-reservation=1
|  08:AGGREGATE
|  |  output: count(ss_list_price), avg:merge(ss_list_price), count:merge(ss_list_price)
|  |  mem-estimate=16.00KB mem-reservation=0B spill-buffer=2.00MB thread-reservation=0
|  |  tuple-ids=15 row-size=24B cardinality=1
|  |  in pipelines: 08(GETNEXT), 33(OPEN)
|  |
|  33:AGGREGATE
|  |  output: avg:merge(ss_list_price), count:merge(ss_list_price)
|  |  group by: ss_list_price
|  |  mem-estimate=10.00MB mem-reservation=1.94MB spill-buffer=64.00KB thread-reservation=0
|  |  tuple-ids=13 row-size=20B cardinality=20.23K
|  |  in pipelines: 33(GETNEXT), 06(OPEN)
|  |
|  32:EXCHANGE [HASH(ss_list_price)]
|  |  mem-estimate=275.72KB mem-reservation=0B thread-reservation=0
|  |  tuple-ids=13 row-size=20B cardinality=20.23K
|  |  in pipelines: 06(GETNEXT)
|  |
|  F06:PLAN FRAGMENT [RANDOM] hosts=3 instances=6
|  Per-Instance Resources: mem-estimate=26.00MB mem-reservation=4.00MB thread-reservation=1
|  07:AGGREGATE [STREAMING]
|  |  output: avg(ss_list_price), count(ss_list_price)
|  |  group by: ss_list_price
|  |  mem-estimate=10.00MB mem-reservation=2.00MB spill-buffer=64.00KB thread-reservation=0
|  |  tuple-ids=13 row-size=20B cardinality=20.23K
|  |  in pipelines: 06(GETNEXT)
|  |
|  06:SCAN HDFS [tpcds_parquet.store_sales, RANDOM]
|     HDFS partitions=1824/1824 files=1824 size=200.96MB
|     predicates: ss_quantity <= CAST(15 AS INT), ss_quantity >= CAST(11 AS INT), (ss_list_price >= CAST(142 AS DECIMAL(5,0)) AND ss_list_price <= CAST(152 AS DECIMAL(5,0)) OR ss_coupon_amt >= CAST(12214 AS DECIMAL(5,0)) AND ss_coupon_amt <= CAST(13214 AS DECIMAL(5,0)) OR ss_wholesale_cost >= CAST(79 AS DECIMAL(3,0)) AND ss_wholesale_cost <= CAST(99 AS DECIMAL(3,0)))
|     stored statistics:
|       table: rows=2.88M size=200.96MB
|       partitions: 1824/1824 rows=2.88M
|       columns: all
|     extrapolated-rows=disabled max-scan-range-rows=130.09K
|     parquet statistics predicates: ss_quantity <= CAST(15 AS INT), ss_quantity >= CAST(11 AS INT)
|     parquet dictionary predicates: ss_quantity <= CAST(15 AS INT), ss_quantity >= CAST(11 AS INT)
|     mem-estimate=16.00MB mem-reservation=2.00MB thread-reservation=0
|     tuple-ids=12 row-size=16B cardinality=288.04K
|     in pipelines: 06(GETNEXT)
|
18:NESTED LOOP JOIN [CROSS JOIN, BROADCAST]
|  join table id: 04
|  mem-estimate=0B mem-reservation=0B thread-reservation=0
|  tuple-ids=4,10 row-size=48B cardinality=1
|  in pipelines: 26(GETNEXT), 30(OPEN)
|
|--F22:PLAN FRAGMENT [UNPARTITIONED] hosts=1 instances=1
|  |  Per-Instance Resources: mem-estimate=16.02KB mem-reservation=0B thread-reservation=1
|  JOIN BUILD
|  |  join-table-id=04 plan-id=05 cohort-id=01
|  |  mem-estimate=24B mem-reservation=0B thread-reservation=0
|  |
|  31:EXCHANGE [UNPARTITIONED]
|  |  mem-estimate=16.00KB mem-reservation=0B thread-reservation=0
|  |  tuple-ids=10 row-size=24B cardinality=1
|  |  in pipelines: 30(GETNEXT)
|  |
|  F05:PLAN FRAGMENT [UNPARTITIONED] hosts=1 instances=1
|  Per-Instance Resources: mem-estimate=32.00KB mem-reservation=0B thread-reservation=1
|  30:AGGREGATE [FINALIZE]
|  |  output: count:merge(ss_list_price), avg:merge(ss_list_price), count:merge(ss_list_price)
|  |  mem-estimate=16.00KB mem-reservation=0B spill-buffer=2.00MB thread-reservation=0
|  |  tuple-ids=10 row-size=24B cardinality=1
|  |  in pipelines: 30(GETNEXT), 05(OPEN)
|  |
|  29:EXCHANGE [UNPARTITIONED]
|  |  mem-estimate=16.00KB mem-reservation=0B thread-reservation=0
|  |  tuple-ids=9 row-size=24B cardinality=1
|  |  in pipelines: 05(GETNEXT)
|  |
|  F04:PLAN FRAGMENT [HASH(ss_list_price)] hosts=3 instances=6
|  Per-Instance Resources: mem-estimate=10.27MB mem-reservation=1.94MB thread-reservation=1
|  05:AGGREGATE
|  |  output: count(ss_list_price), avg:merge(ss_list_price), count:merge(ss_list_price)
|  |  mem-estimate=16.00KB mem-reservation=0B spill-buffer=2.00MB thread-reservation=0
|  |  tuple-ids=9 row-size=24B cardinality=1
|  |  in pipelines: 05(GETNEXT), 28(OPEN)
|  |
|  28:AGGREGATE
|  |  output: avg:merge(ss_list_price), count:merge(ss_list_price)
|  |  group by: ss_list_price
|  |  mem-estimate=10.00MB mem-reservation=1.94MB spill-buffer=64.00KB thread-reservation=0
|  |  tuple-ids=7 row-size=20B cardinality=20.23K
|  |  in pipelines: 28(GETNEXT), 03(OPEN)
|  |
|  27:EXCHANGE [HASH(ss_list_price)]
|  |  mem-estimate=275.72KB mem-reservation=0B thread-reservation=0
|  |  tuple-ids=7 row-size=20B cardinality=20.23K
|  |  in pipelines: 03(GETNEXT)
|  |
|  F03:PLAN FRAGMENT [RANDOM] hosts=3 instances=6
|  Per-Instance Resources: mem-estimate=26.00MB mem-reservation=4.00MB thread-reservation=1
|  04:AGGREGATE [STREAMING]
|  |  output: avg(ss_list_price), count(ss_list_price)
|  |  group by: ss_list_price
|  |  mem-estimate=10.00MB mem-reservation=2.00MB spill-buffer=64.00KB thread-reservation=0
|  |  tuple-ids=7 row-size=20B cardinality=20.23K
|  |  in pipelines: 03(GETNEXT)
|  |
|  03:SCAN HDFS [tpcds_parquet.store_sales, RANDOM]
|     HDFS partitions=1824/1824 files=1824 size=200.96MB
|     predicates: ss_quantity <= CAST(10 AS INT), ss_quantity >= CAST(6 AS INT), (ss_list_price >= CAST(90 AS DECIMAL(3,0)) AND ss_list_price <= CAST(100 AS DECIMAL(3,0)) OR ss_coupon_amt >= CAST(2323 AS DECIMAL(5,0)) AND ss_coupon_amt <= CAST(3323 AS DECIMAL(5,0)) OR ss_wholesale_cost >= CAST(31 AS DECIMAL(3,0)) AND ss_wholesale_cost <= CAST(51 AS DECIMAL(3,0)))
|     stored statistics:
|       table: rows=2.88M size=200.96MB
|       partitions: 1824/1824 rows=2.88M
|       columns: all
|     extrapolated-rows=disabled max-scan-range-rows=130.09K
|     parquet statistics predicates: ss_quantity <= CAST(10 AS INT), ss_quantity >= CAST(6 AS INT)
|     parquet dictionary predicates: ss_quantity <= CAST(10 AS INT), ss_quantity >= CAST(6 AS INT)
|     mem-estimate=16.00MB mem-reservation=2.00MB thread-reservation=0
|     tuple-ids=6 row-size=16B cardinality=288.04K
|     in pipelines: 03(GETNEXT)
|
26:AGGREGATE [FINALIZE]
|  output: count:merge(ss_list_price), avg:merge(ss_list_price), count:merge(ss_list_price)
|  mem-estimate=16.00KB mem-reservation=0B spill-buffer=2.00MB thread-reservation=0
|  tuple-ids=4 row-size=24B cardinality=1
|  in pipelines: 26(GETNEXT), 02(OPEN)
|
25:EXCHANGE [UNPARTITIONED]
|  mem-estimate=16.00KB mem-reservation=0B thread-reservation=0
|  tuple-ids=3 row-size=24B cardinality=1
|  in pipelines: 02(GETNEXT)
|
F01:PLAN FRAGMENT [HASH(ss_list_price)] hosts=3 instances=6
Per-Instance Resources: mem-estimate=10.27MB mem-reservation=1.94MB thread-reservation=1
02:AGGREGATE
|  output: count(ss_list_price), avg:merge(ss_list_price), count:merge(ss_list_price)
|  mem-estimate=16.00KB mem-reservation=0B spill-buffer=2.00MB thread-reservation=0
|  tuple-ids=3 row-size=24B cardinality=1
|  in pipelines: 02(GETNEXT), 24(OPEN)
|
24:AGGREGATE
|  output: avg:merge(ss_list_price), count:merge(ss_list_price)
|  group by: ss_list_price
|  mem-estimate=10.00MB mem-reservation=1.94MB spill-buffer=64.00KB thread-reservation=0
|  tuple-ids=1 row-size=20B cardinality=20.23K
|  in pipelines: 24(GETNEXT), 00(OPEN)
|
23:EXCHANGE [HASH(ss_list_price)]
|  mem-estimate=275.72KB mem-reservation=0B thread-reservation=0
|  tuple-ids=1 row-size=20B cardinality=20.23K
|  in pipelines: 00(GETNEXT)
|
F00:PLAN FRAGMENT [RANDOM] hosts=3 instances=6
Per-Instance Resources: mem-estimate=26.00MB mem-reservation=4.00MB thread-reservation=1
01:AGGREGATE [STREAMING]
|  output: avg(ss_list_price), count(ss_list_price)
|  group by: ss_list_price
|  mem-estimate=10.00MB mem-reservation=2.00MB spill-buffer=64.00KB thread-reservation=0
|  tuple-ids=1 row-size=20B cardinality=20.23K
|  in pipelines: 00(GETNEXT)
|
00:SCAN HDFS [tpcds_parquet.store_sales, RANDOM]
   HDFS partitions=1824/1824 files=1824 size=200.96MB
   predicates: ss_quantity <= CAST(5 AS INT), ss_quantity >= CAST(0 AS INT), (ss_list_price >= CAST(8 AS DECIMAL(3,0)) AND ss_list_price <= CAST(18 AS DECIMAL(3,0)) OR ss_coupon_amt >= CAST(459 AS DECIMAL(5,0)) AND ss_coupon_amt <= CAST(1459 AS DECIMAL(5,0)) OR ss_wholesale_cost >= CAST(57 AS DECIMAL(3,0)) AND ss_wholesale_cost <= CAST(77 AS DECIMAL(3,0)))
   stored statistics:
     table: rows=2.88M size=200.96MB
     partitions: 1824/1824 rows=2.88M
     columns: all
   extrapolated-rows=disabled max-scan-range-rows=130.09K
   parquet statistics predicates: ss_quantity <= CAST(5 AS INT), ss_quantity >= CAST(0 AS INT)
   parquet dictionary predicates: ss_quantity <= CAST(5 AS INT), ss_quantity >= CAST(0 AS INT)
   mem-estimate=16.00MB mem-reservation=2.00MB thread-reservation=0
   tuple-ids=0 row-size=16B cardinality=288.04K
   in pipelines: 00(GETNEXT)
====
