# TPCDS-Q84
SELECT c_customer_id AS customer_id ,
       concat(concat(coalesce(c_last_name, '') , ', '), coalesce(c_first_name, '')) AS customername
FROM customer ,
     customer_address ,
     household_demographics ,
     income_band ,
     store_returns
WHERE ca_city = 'Edgewood'
  AND c_current_addr_sk = ca_address_sk
  AND ib_lower_bound >= 38128
  AND ib_upper_bound <= 38128 + 50000
  AND ib_income_band_sk = hd_income_band_sk
  AND sr_cdemo_sk = c_current_cdemo_sk
  AND hd_demo_sk = c_current_hdemo_sk
ORDER BY c_customer_id
LIMIT 100;
---- PLAN
Max Per-Host Resource Reservation: Memory=15.90MB Threads=6
Per-Host Resource Estimates: Memory=240MB
F00:PLAN FRAGMENT [UNPARTITIONED] hosts=1 instances=1
|  Per-Host Resources: mem-estimate=239.88MB mem-reservation=15.90MB thread-reservation=6 runtime-filters-memory=4.00MB
PLAN-ROOT SINK
|  output exprs: c_customer_id, concat(concat(coalesce(c_last_name, ''), ', '), coalesce(c_first_name, ''))
|  mem-estimate=0B mem-reservation=0B thread-reservation=0
|
09:TOP-N [LIMIT=100]
|  order by: c_customer_id ASC
|  mem-estimate=1.25KB mem-reservation=0B thread-reservation=0
|  tuple-ids=5 row-size=64B cardinality=20
|  in pipelines: 09(GETNEXT), 04(OPEN)
|
08:HASH JOIN [INNER JOIN]
|  hash predicates: sr_cdemo_sk = c_current_cdemo_sk
|  fk/pk conjuncts: none
|  runtime filters: RF000[bloom] <- c_current_cdemo_sk
|  mem-estimate=1.94MB mem-reservation=1.94MB spill-buffer=64.00KB thread-reservation=0
|  tuple-ids=4,2,0,1,3 row-size=125B cardinality=20
|  in pipelines: 04(GETNEXT), 02(OPEN)
|
|--07:HASH JOIN [INNER JOIN]
|  |  hash predicates: hd_income_band_sk = ib_income_band_sk
|  |  fk/pk conjuncts: hd_income_band_sk = ib_income_band_sk
|  |  runtime filters: RF002[bloom] <- ib_income_band_sk
|  |  mem-estimate=1.94MB mem-reservation=1.94MB spill-buffer=64.00KB thread-reservation=0
|  |  tuple-ids=2,0,1,3 row-size=121B cardinality=18
|  |  in pipelines: 02(GETNEXT), 03(OPEN)
|  |
|  |--03:SCAN HDFS [tpcds_parquet.income_band]
|  |     HDFS partitions=1/1 files=1 size=1.21KB
|  |     predicates: ib_lower_bound >= CAST(38128 AS INT), ib_upper_bound <= CAST(88128 AS INT)
|  |     stored statistics:
|  |       table: rows=20 size=1.21KB
|  |       columns: all
|  |     extrapolated-rows=disabled max-scan-range-rows=20
|  |     parquet statistics predicates: ib_lower_bound >= CAST(38128 AS INT), ib_upper_bound <= CAST(88128 AS INT)
|  |     parquet dictionary predicates: ib_lower_bound >= CAST(38128 AS INT), ib_upper_bound <= CAST(88128 AS INT)
|  |     mem-estimate=48.00MB mem-reservation=24.00KB thread-reservation=1
|  |     tuple-ids=3 row-size=12B cardinality=2
|  |     in pipelines: 03(GETNEXT)
|  |
|  06:HASH JOIN [INNER JOIN]
|  |  hash predicates: hd_demo_sk = c_current_hdemo_sk
|  |  fk/pk conjuncts: hd_demo_sk = c_current_hdemo_sk
|  |  runtime filters: RF004[bloom] <- c_current_hdemo_sk
|  |  mem-estimate=1.94MB mem-reservation=1.94MB spill-buffer=64.00KB thread-reservation=0
|  |  tuple-ids=2,0,1 row-size=109B cardinality=173
|  |  in pipelines: 02(GETNEXT), 00(OPEN)
|  |
|  |--05:HASH JOIN [INNER JOIN]
|  |  |  hash predicates: c_current_addr_sk = ca_address_sk
|  |  |  fk/pk conjuncts: c_current_addr_sk = ca_address_sk
|  |  |  runtime filters: RF006[bloom] <- ca_address_sk
|  |  |  mem-estimate=1.94MB mem-reservation=1.94MB spill-buffer=64.00KB thread-reservation=0
|  |  |  tuple-ids=0,1 row-size=101B cardinality=177
|  |  |  in pipelines: 00(GETNEXT), 01(OPEN)
|  |  |
|  |  |--01:SCAN HDFS [tpcds_parquet.customer_address]
|  |  |     HDFS partitions=1/1 files=1 size=1.16MB
|  |  |     predicates: ca_city = 'Edgewood'
|  |  |     stored statistics:
|  |  |       table: rows=50.00K size=1.16MB
|  |  |       columns: all
|  |  |     extrapolated-rows=disabled max-scan-range-rows=50.00K
|  |  |     parquet statistics predicates: ca_city = 'Edgewood'
|  |  |     parquet dictionary predicates: ca_city = 'Edgewood'
|  |  |     mem-estimate=32.00MB mem-reservation=512.00KB thread-reservation=1
|  |  |     tuple-ids=1 row-size=25B cardinality=76
|  |  |     in pipelines: 01(GETNEXT)
|  |  |
|  |  00:SCAN HDFS [tpcds_parquet.customer]
|  |     HDFS partitions=1/1 files=1 size=5.49MB
|  |     runtime filters: RF006[bloom] -> c_current_addr_sk
|  |     stored statistics:
|  |       table: rows=100.00K size=5.49MB
|  |       columns: all
|  |     extrapolated-rows=disabled max-scan-range-rows=100.00K
|  |     mem-estimate=96.00MB mem-reservation=4.00MB thread-reservation=1
|  |     tuple-ids=0 row-size=76B cardinality=100.00K
|  |     in pipelines: 00(GETNEXT)
|  |
|  02:SCAN HDFS [tpcds_parquet.household_demographics]
|     HDFS partitions=1/1 files=1 size=41.69KB
|     runtime filters: RF002[bloom] -> hd_income_band_sk, RF004[bloom] -> hd_demo_sk
|     stored statistics:
|       table: rows=7.20K size=41.69KB
|       columns: all
|     extrapolated-rows=disabled max-scan-range-rows=7.20K
|     mem-estimate=32.00MB mem-reservation=64.00KB thread-reservation=1
|     tuple-ids=2 row-size=8B cardinality=7.20K
|     in pipelines: 02(GETNEXT)
|
04:SCAN HDFS [tpcds_parquet.store_returns]
   HDFS partitions=1/1 files=1 size=15.43MB
   runtime filters: RF000[bloom] -> sr_cdemo_sk
   stored statistics:
     table: rows=287.51K size=15.43MB
     columns: all
   extrapolated-rows=disabled max-scan-range-rows=287.51K
   mem-estimate=24.00MB mem-reservation=2.00MB thread-reservation=1
   tuple-ids=4 row-size=4B cardinality=287.51K
   in pipelines: 04(GETNEXT)
---- DISTRIBUTEDPLAN
Max Per-Host Resource Reservation: Memory=18.34MB Threads=11
Per-Host Resource Estimates: Memory=244MB
F05:PLAN FRAGMENT [UNPARTITIONED] hosts=1 instances=1
|  Per-Host Resources: mem-estimate=16.00KB mem-reservation=0B thread-reservation=1
PLAN-ROOT SINK
|  output exprs: c_customer_id, concat(concat(coalesce(c_last_name, ''), ', '), coalesce(c_first_name, ''))
|  mem-estimate=0B mem-reservation=0B thread-reservation=0
|
14:MERGING-EXCHANGE [UNPARTITIONED]
|  order by: c_customer_id ASC
|  limit: 100
|  mem-estimate=16.00KB mem-reservation=0B thread-reservation=0
|  tuple-ids=5 row-size=64B cardinality=20
|  in pipelines: 09(GETNEXT)
|
F00:PLAN FRAGMENT [RANDOM] hosts=1 instances=1
Per-Host Resources: mem-estimate=26.95MB mem-reservation=4.94MB thread-reservation=2 runtime-filters-memory=1.00MB
09:TOP-N [LIMIT=100]
|  order by: c_customer_id ASC
|  mem-estimate=1.25KB mem-reservation=0B thread-reservation=0
|  tuple-ids=5 row-size=64B cardinality=20
|  in pipelines: 09(GETNEXT), 04(OPEN)
|
08:HASH JOIN [INNER JOIN, BROADCAST]
|  hash predicates: sr_cdemo_sk = c_current_cdemo_sk
|  fk/pk conjuncts: none
|  runtime filters: RF000[bloom] <- c_current_cdemo_sk
|  mem-estimate=1.94MB mem-reservation=1.94MB spill-buffer=64.00KB thread-reservation=0
|  tuple-ids=4,2,0,1,3 row-size=125B cardinality=20
|  in pipelines: 04(GETNEXT), 02(OPEN)
|
|--13:EXCHANGE [BROADCAST]
|  |  mem-estimate=16.00KB mem-reservation=0B thread-reservation=0
|  |  tuple-ids=2,0,1,3 row-size=121B cardinality=18
|  |  in pipelines: 02(GETNEXT)
|  |
|  F01:PLAN FRAGMENT [RANDOM] hosts=1 instances=1
|  Per-Host Resources: mem-estimate=37.93MB mem-reservation=5.94MB thread-reservation=2 runtime-filters-memory=2.00MB
|  07:HASH JOIN [INNER JOIN, BROADCAST]
|  |  hash predicates: hd_income_band_sk = ib_income_band_sk
|  |  fk/pk conjuncts: hd_income_band_sk = ib_income_band_sk
|  |  runtime filters: RF002[bloom] <- ib_income_band_sk
|  |  mem-estimate=1.94MB mem-reservation=1.94MB spill-buffer=64.00KB thread-reservation=0
|  |  tuple-ids=2,0,1,3 row-size=121B cardinality=18
|  |  in pipelines: 02(GETNEXT), 03(OPEN)
|  |
|  |--12:EXCHANGE [BROADCAST]
|  |  |  mem-estimate=16.00KB mem-reservation=0B thread-reservation=0
|  |  |  tuple-ids=3 row-size=12B cardinality=2
|  |  |  in pipelines: 03(GETNEXT)
|  |  |
|  |  F04:PLAN FRAGMENT [RANDOM] hosts=1 instances=1
|  |  Per-Host Resources: mem-estimate=48.00MB mem-reservation=24.00KB thread-reservation=2
|  |  03:SCAN HDFS [tpcds_parquet.income_band, RANDOM]
|  |     HDFS partitions=1/1 files=1 size=1.21KB
|  |     predicates: ib_lower_bound >= CAST(38128 AS INT), ib_upper_bound <= CAST(88128 AS INT)
|  |     stored statistics:
|  |       table: rows=20 size=1.21KB
|  |       columns: all
|  |     extrapolated-rows=disabled max-scan-range-rows=20
|  |     parquet statistics predicates: ib_lower_bound >= CAST(38128 AS INT), ib_upper_bound <= CAST(88128 AS INT)
|  |     parquet dictionary predicates: ib_lower_bound >= CAST(38128 AS INT), ib_upper_bound <= CAST(88128 AS INT)
|  |     mem-estimate=48.00MB mem-reservation=24.00KB thread-reservation=1
|  |     tuple-ids=3 row-size=12B cardinality=2
|  |     in pipelines: 03(GETNEXT)
|  |
|  06:HASH JOIN [INNER JOIN, BROADCAST]
|  |  hash predicates: hd_demo_sk = c_current_hdemo_sk
|  |  fk/pk conjuncts: hd_demo_sk = c_current_hdemo_sk
|  |  runtime filters: RF004[bloom] <- c_current_hdemo_sk
|  |  mem-estimate=1.94MB mem-reservation=1.94MB spill-buffer=64.00KB thread-reservation=0
|  |  tuple-ids=2,0,1 row-size=109B cardinality=173
|  |  in pipelines: 02(GETNEXT), 00(OPEN)
|  |
|  |--11:EXCHANGE [BROADCAST]
|  |  |  mem-estimate=36.27KB mem-reservation=0B thread-reservation=0
|  |  |  tuple-ids=0,1 row-size=101B cardinality=177
|  |  |  in pipelines: 00(GETNEXT)
|  |  |
|  |  F02:PLAN FRAGMENT [RANDOM] hosts=1 instances=1
|  |  Per-Host Resources: mem-estimate=98.95MB mem-reservation=6.94MB thread-reservation=2 runtime-filters-memory=1.00MB
|  |  05:HASH JOIN [INNER JOIN, BROADCAST]
|  |  |  hash predicates: c_current_addr_sk = ca_address_sk
|  |  |  fk/pk conjuncts: c_current_addr_sk = ca_address_sk
|  |  |  runtime filters: RF006[bloom] <- ca_address_sk
|  |  |  mem-estimate=1.94MB mem-reservation=1.94MB spill-buffer=64.00KB thread-reservation=0
|  |  |  tuple-ids=0,1 row-size=101B cardinality=177
|  |  |  in pipelines: 00(GETNEXT), 01(OPEN)
|  |  |
|  |  |--10:EXCHANGE [BROADCAST]
|  |  |  |  mem-estimate=16.00KB mem-reservation=0B thread-reservation=0
|  |  |  |  tuple-ids=1 row-size=25B cardinality=76
|  |  |  |  in pipelines: 01(GETNEXT)
|  |  |  |
|  |  |  F03:PLAN FRAGMENT [RANDOM] hosts=1 instances=1
|  |  |  Per-Host Resources: mem-estimate=32.00MB mem-reservation=512.00KB thread-reservation=2
|  |  |  01:SCAN HDFS [tpcds_parquet.customer_address, RANDOM]
|  |  |     HDFS partitions=1/1 files=1 size=1.16MB
|  |  |     predicates: ca_city = 'Edgewood'
|  |  |     stored statistics:
|  |  |       table: rows=50.00K size=1.16MB
|  |  |       columns: all
|  |  |     extrapolated-rows=disabled max-scan-range-rows=50.00K
|  |  |     parquet statistics predicates: ca_city = 'Edgewood'
|  |  |     parquet dictionary predicates: ca_city = 'Edgewood'
|  |  |     mem-estimate=32.00MB mem-reservation=512.00KB thread-reservation=1
|  |  |     tuple-ids=1 row-size=25B cardinality=76
|  |  |     in pipelines: 01(GETNEXT)
|  |  |
|  |  00:SCAN HDFS [tpcds_parquet.customer, RANDOM]
|  |     HDFS partitions=1/1 files=1 size=5.49MB
|  |     runtime filters: RF006[bloom] -> c_current_addr_sk
|  |     stored statistics:
|  |       table: rows=100.00K size=5.49MB
|  |       columns: all
|  |     extrapolated-rows=disabled max-scan-range-rows=100.00K
|  |     mem-estimate=96.00MB mem-reservation=4.00MB thread-reservation=1
|  |     tuple-ids=0 row-size=76B cardinality=100.00K
|  |     in pipelines: 00(GETNEXT)
|  |
|  02:SCAN HDFS [tpcds_parquet.household_demographics, RANDOM]
|     HDFS partitions=1/1 files=1 size=41.69KB
|     runtime filters: RF002[bloom] -> hd_income_band_sk, RF004[bloom] -> hd_demo_sk
|     stored statistics:
|       table: rows=7.20K size=41.69KB
|       columns: all
|     extrapolated-rows=disabled max-scan-range-rows=7.20K
|     mem-estimate=32.00MB mem-reservation=64.00KB thread-reservation=1
|     tuple-ids=2 row-size=8B cardinality=7.20K
|     in pipelines: 02(GETNEXT)
|
04:SCAN HDFS [tpcds_parquet.store_returns, RANDOM]
   HDFS partitions=1/1 files=1 size=15.43MB
   runtime filters: RF000[bloom] -> sr_cdemo_sk
   stored statistics:
     table: rows=287.51K size=15.43MB
     columns: all
   extrapolated-rows=disabled max-scan-range-rows=287.51K
   mem-estimate=24.00MB mem-reservation=2.00MB thread-reservation=1
   tuple-ids=4 row-size=4B cardinality=287.51K
   in pipelines: 04(GETNEXT)
---- PARALLELPLANS
Max Per-Host Resource Reservation: Memory=30.09MB Threads=10
Per-Host Resource Estimates: Memory=112MB
F05:PLAN FRAGMENT [UNPARTITIONED] hosts=1 instances=1
|  Per-Instance Resources: mem-estimate=16.00KB mem-reservation=0B thread-reservation=1
PLAN-ROOT SINK
|  output exprs: c_customer_id, concat(concat(coalesce(c_last_name, ''), ', '), coalesce(c_first_name, ''))
|  mem-estimate=0B mem-reservation=0B thread-reservation=0
|
14:MERGING-EXCHANGE [UNPARTITIONED]
|  order by: c_customer_id ASC
|  limit: 100
|  mem-estimate=16.00KB mem-reservation=0B thread-reservation=0
|  tuple-ids=5 row-size=64B cardinality=20
|  in pipelines: 09(GETNEXT)
|
F00:PLAN FRAGMENT [RANDOM] hosts=1 instances=1
Per-Host Shared Resources: mem-estimate=1.00MB mem-reservation=1.00MB thread-reservation=0 runtime-filters-memory=1.00MB
Per-Instance Resources: mem-estimate=24.00MB mem-reservation=2.00MB thread-reservation=1
09:TOP-N [LIMIT=100]
|  order by: c_customer_id ASC
|  mem-estimate=1.25KB mem-reservation=0B thread-reservation=0
|  tuple-ids=5 row-size=64B cardinality=20
|  in pipelines: 09(GETNEXT), 04(OPEN)
|
08:HASH JOIN [INNER JOIN, BROADCAST]
|  hash-table-id=00
|  hash predicates: sr_cdemo_sk = c_current_cdemo_sk
|  fk/pk conjuncts: none
|  mem-estimate=0B mem-reservation=0B spill-buffer=64.00KB thread-reservation=0
|  tuple-ids=4,2,0,1,3 row-size=125B cardinality=20
|  in pipelines: 04(GETNEXT), 02(OPEN)
|
|--F06:PLAN FRAGMENT [RANDOM] hosts=1 instances=1
|  |  Per-Instance Resources: mem-estimate=4.89MB mem-reservation=4.88MB thread-reservation=1 runtime-filters-memory=1.00MB
|  JOIN BUILD
|  |  join-table-id=00 plan-id=01 cohort-id=01
|  |  build expressions: c_current_cdemo_sk
|  |  runtime filters: RF000[bloom] <- c_current_cdemo_sk
|  |  mem-estimate=3.88MB mem-reservation=3.88MB spill-buffer=64.00KB thread-reservation=0
|  |
|  13:EXCHANGE [BROADCAST]
|  |  mem-estimate=16.00KB mem-reservation=0B thread-reservation=0
|  |  tuple-ids=2,0,1,3 row-size=121B cardinality=18
|  |  in pipelines: 02(GETNEXT)
|  |
|  F01:PLAN FRAGMENT [RANDOM] hosts=1 instances=1
|  Per-Host Shared Resources: mem-estimate=2.00MB mem-reservation=2.00MB thread-reservation=0 runtime-filters-memory=2.00MB
|  Per-Instance Resources: mem-estimate=16.00MB mem-reservation=64.00KB thread-reservation=1
|  07:HASH JOIN [INNER JOIN, BROADCAST]
|  |  hash-table-id=01
|  |  hash predicates: hd_income_band_sk = ib_income_band_sk
|  |  fk/pk conjuncts: hd_income_band_sk = ib_income_band_sk
|  |  mem-estimate=0B mem-reservation=0B spill-buffer=64.00KB thread-reservation=0
|  |  tuple-ids=2,0,1,3 row-size=121B cardinality=18
|  |  in pipelines: 02(GETNEXT), 03(OPEN)
|  |
|  |--F07:PLAN FRAGMENT [RANDOM] hosts=1 instances=1
|  |  |  Per-Instance Resources: mem-estimate=4.89MB mem-reservation=4.88MB thread-reservation=1 runtime-filters-memory=1.00MB
|  |  JOIN BUILD
|  |  |  join-table-id=01 plan-id=02 cohort-id=02
|  |  |  build expressions: ib_income_band_sk
|  |  |  runtime filters: RF002[bloom] <- ib_income_band_sk
|  |  |  mem-estimate=3.88MB mem-reservation=3.88MB spill-buffer=64.00KB thread-reservation=0
|  |  |
|  |  12:EXCHANGE [BROADCAST]
|  |  |  mem-estimate=16.00KB mem-reservation=0B thread-reservation=0
|  |  |  tuple-ids=3 row-size=12B cardinality=2
|  |  |  in pipelines: 03(GETNEXT)
|  |  |
|  |  F04:PLAN FRAGMENT [RANDOM] hosts=1 instances=1
|  |  Per-Instance Resources: mem-estimate=16.00MB mem-reservation=24.00KB thread-reservation=1
|  |  03:SCAN HDFS [tpcds_parquet.income_band, RANDOM]
|  |     HDFS partitions=1/1 files=1 size=1.21KB
|  |     predicates: ib_lower_bound >= CAST(38128 AS INT), ib_upper_bound <= CAST(88128 AS INT)
|  |     stored statistics:
|  |       table: rows=20 size=1.21KB
|  |       columns: all
|  |     extrapolated-rows=disabled max-scan-range-rows=20
|  |     parquet statistics predicates: ib_lower_bound >= CAST(38128 AS INT), ib_upper_bound <= CAST(88128 AS INT)
|  |     parquet dictionary predicates: ib_lower_bound >= CAST(38128 AS INT), ib_upper_bound <= CAST(88128 AS INT)
|  |     mem-estimate=16.00MB mem-reservation=24.00KB thread-reservation=0
|  |     tuple-ids=3 row-size=12B cardinality=2
|  |     in pipelines: 03(GETNEXT)
|  |
|  06:HASH JOIN [INNER JOIN, BROADCAST]
|  |  hash-table-id=02
|  |  hash predicates: hd_demo_sk = c_current_hdemo_sk
|  |  fk/pk conjuncts: hd_demo_sk = c_current_hdemo_sk
|  |  mem-estimate=0B mem-reservation=0B spill-buffer=64.00KB thread-reservation=0
|  |  tuple-ids=2,0,1 row-size=109B cardinality=173
|  |  in pipelines: 02(GETNEXT), 00(OPEN)
|  |
|  |--F08:PLAN FRAGMENT [RANDOM] hosts=1 instances=1
|  |  |  Per-Instance Resources: mem-estimate=4.91MB mem-reservation=4.88MB thread-reservation=1 runtime-filters-memory=1.00MB
|  |  JOIN BUILD
|  |  |  join-table-id=02 plan-id=03 cohort-id=02
|  |  |  build expressions: c_current_hdemo_sk
|  |  |  runtime filters: RF004[bloom] <- c_current_hdemo_sk
|  |  |  mem-estimate=3.88MB mem-reservation=3.88MB spill-buffer=64.00KB thread-reservation=0
|  |  |
|  |  11:EXCHANGE [BROADCAST]
|  |  |  mem-estimate=36.27KB mem-reservation=0B thread-reservation=0
|  |  |  tuple-ids=0,1 row-size=101B cardinality=177
|  |  |  in pipelines: 00(GETNEXT)
|  |  |
|  |  F02:PLAN FRAGMENT [RANDOM] hosts=1 instances=1
|  |  Per-Host Shared Resources: mem-estimate=1.00MB mem-reservation=1.00MB thread-reservation=0 runtime-filters-memory=1.00MB
|  |  Per-Instance Resources: mem-estimate=16.00MB mem-reservation=4.00MB thread-reservation=1
|  |  05:HASH JOIN [INNER JOIN, BROADCAST]
|  |  |  hash-table-id=03
|  |  |  hash predicates: c_current_addr_sk = ca_address_sk
|  |  |  fk/pk conjuncts: c_current_addr_sk = ca_address_sk
|  |  |  mem-estimate=0B mem-reservation=0B spill-buffer=64.00KB thread-reservation=0
|  |  |  tuple-ids=0,1 row-size=101B cardinality=177
|  |  |  in pipelines: 00(GETNEXT), 01(OPEN)
|  |  |
|  |  |--F09:PLAN FRAGMENT [RANDOM] hosts=1 instances=1
|  |  |  |  Per-Instance Resources: mem-estimate=4.89MB mem-reservation=4.88MB thread-reservation=1 runtime-filters-memory=1.00MB
|  |  |  JOIN BUILD
|  |  |  |  join-table-id=03 plan-id=04 cohort-id=03
|  |  |  |  build expressions: ca_address_sk
|  |  |  |  runtime filters: RF006[bloom] <- ca_address_sk
|  |  |  |  mem-estimate=3.88MB mem-reservation=3.88MB spill-buffer=64.00KB thread-reservation=0
|  |  |  |
|  |  |  10:EXCHANGE [BROADCAST]
|  |  |  |  mem-estimate=16.00KB mem-reservation=0B thread-reservation=0
|  |  |  |  tuple-ids=1 row-size=25B cardinality=76
|  |  |  |  in pipelines: 01(GETNEXT)
|  |  |  |
|  |  |  F03:PLAN FRAGMENT [RANDOM] hosts=1 instances=1
|  |  |  Per-Instance Resources: mem-estimate=16.00MB mem-reservation=512.00KB thread-reservation=1
|  |  |  01:SCAN HDFS [tpcds_parquet.customer_address, RANDOM]
|  |  |     HDFS partitions=1/1 files=1 size=1.16MB
|  |  |     predicates: ca_city = 'Edgewood'
|  |  |     stored statistics:
|  |  |       table: rows=50.00K size=1.16MB
|  |  |       columns: all
|  |  |     extrapolated-rows=disabled max-scan-range-rows=50.00K
|  |  |     parquet statistics predicates: ca_city = 'Edgewood'
|  |  |     parquet dictionary predicates: ca_city = 'Edgewood'
|  |  |     mem-estimate=16.00MB mem-reservation=512.00KB thread-reservation=0
|  |  |     tuple-ids=1 row-size=25B cardinality=76
|  |  |     in pipelines: 01(GETNEXT)
|  |  |
|  |  00:SCAN HDFS [tpcds_parquet.customer, RANDOM]
|  |     HDFS partitions=1/1 files=1 size=5.49MB
|  |     runtime filters: RF006[bloom] -> c_current_addr_sk
|  |     stored statistics:
|  |       table: rows=100.00K size=5.49MB
|  |       columns: all
|  |     extrapolated-rows=disabled max-scan-range-rows=100.00K
|  |     mem-estimate=16.00MB mem-reservation=4.00MB thread-reservation=0
|  |     tuple-ids=0 row-size=76B cardinality=100.00K
|  |     in pipelines: 00(GETNEXT)
|  |
|  02:SCAN HDFS [tpcds_parquet.household_demographics, RANDOM]
|     HDFS partitions=1/1 files=1 size=41.69KB
|     runtime filters: RF002[bloom] -> hd_income_band_sk, RF004[bloom] -> hd_demo_sk
|     stored statistics:
|       table: rows=7.20K size=41.69KB
|       columns: all
|     extrapolated-rows=disabled max-scan-range-rows=7.20K
|     mem-estimate=16.00MB mem-reservation=64.00KB thread-reservation=0
|     tuple-ids=2 row-size=8B cardinality=7.20K
|     in pipelines: 02(GETNEXT)
|
04:SCAN HDFS [tpcds_parquet.store_returns, RANDOM]
   HDFS partitions=1/1 files=1 size=15.43MB
   runtime filters: RF000[bloom] -> sr_cdemo_sk
   stored statistics:
     table: rows=287.51K size=15.43MB
     columns: all
   extrapolated-rows=disabled max-scan-range-rows=287.51K
   mem-estimate=24.00MB mem-reservation=2.00MB thread-reservation=0
   tuple-ids=4 row-size=4B cardinality=287.51K
   in pipelines: 04(GETNEXT)
====
