# TPCDS-Q86
select
    sum(ws_net_paid) as total_sum
   ,i_category
   ,i_class
   ,grouping(i_category)+grouping(i_class) as lochierarchy
   ,rank() over (
        partition by grouping(i_category)+grouping(i_class),
        case when grouping(i_class) = 0 then i_category end
        order by sum(ws_net_paid) desc) as rank_within_parent
 from
    web_sales
   ,date_dim       d1
   ,item
 where
    d1.d_month_seq between 1212 and 1212+11
 and d1.d_date_sk = ws_sold_date_sk
 and i_item_sk  = ws_item_sk
 group by rollup(i_category,i_class)
 order by
   lochierarchy desc,
  -- Modified from original because Impala does not allow aliases within order by
  -- expressions, except at the top level.
   case when grouping(i_category)+grouping(i_class) = 0 then i_category end,
   rank_within_parent
 limit 100
---- PLAN
Max Per-Host Resource Reservation: Memory=24.62MB Threads=4
Per-Host Resource Estimates: Memory=187MB
F00:PLAN FRAGMENT [UNPARTITIONED] hosts=1 instances=1
|  Per-Host Resources: mem-estimate=186.81MB mem-reservation=24.62MB thread-reservation=4 runtime-filters-memory=2.00MB
PLAN-ROOT SINK
|  output exprs: aggif(valid_tid(3,4,5) IN (3, 4, 5), CASE valid_tid(3,4,5) WHEN 3 THEN sum(ws_net_paid) WHEN 4 THEN sum(ws_net_paid) WHEN 5 THEN sum(ws_net_paid) END), CASE valid_tid(3,4,5) WHEN 3 THEN i_category WHEN 4 THEN i_category WHEN 5 THEN NULL END, CASE valid_tid(3,4,5) WHEN 3 THEN i_class WHEN 4 THEN NULL WHEN 5 THEN NULL END, CAST(aggif(valid_tid(3,4,5) IN (3, 4, 5), CASE valid_tid(3,4,5) WHEN 3 THEN 0 WHEN 4 THEN 0 WHEN 5 THEN 1 END) AS SMALLINT) + CAST(aggif(valid_tid(3,4,5) IN (3, 4, 5), CASE valid_tid(3,4,5) WHEN 3 THEN 0 WHEN 4 THEN 1 WHEN 5 THEN 1 END) AS SMALLINT), rank()
|  mem-estimate=4.00MB mem-reservation=4.00MB spill-buffer=2.00MB thread-reservation=0
|
09:TOP-N [LIMIT=100]
|  order by: aggif(valid_tid(3,4,5) IN (3, 4, 5), CASE valid_tid(3,4,5) WHEN 3 THEN 0 WHEN 4 THEN 0 WHEN 5 THEN 1 END) + aggif(valid_tid(3,4,5) IN (3, 4, 5), CASE valid_tid(3,4,5) WHEN 3 THEN 0 WHEN 4 THEN 1 WHEN 5 THEN 1 END) DESC, CASE WHEN aggif(valid_tid(3,4,5) IN (3, 4, 5), CASE valid_tid(3,4,5) WHEN 3 THEN 0 WHEN 4 THEN 0 WHEN 5 THEN 1 END) + aggif(valid_tid(3,4,5) IN (3, 4, 5), CASE valid_tid(3,4,5) WHEN 3 THEN 0 WHEN 4 THEN 1 WHEN 5 THEN 1 END) = 0 THEN CASE valid_tid(3,4,5) WHEN 3 THEN i_category WHEN 4 THEN i_category WHEN 5 THEN NULL END END ASC, rank() ASC
|  mem-estimate=4.88KB mem-reservation=0B thread-reservation=0
|  tuple-ids=9 row-size=50B cardinality=100
|  in pipelines: 09(GETNEXT), 07(OPEN)
|
08:ANALYTIC
|  functions: rank()
|  partition by: aggif(valid_tid(3,4,5) IN (3, 4, 5), CASE valid_tid(3,4,5) WHEN 3 THEN 0 WHEN 4 THEN 0 WHEN 5 THEN 1 END) + aggif(valid_tid(3,4,5) IN (3, 4, 5), CASE valid_tid(3,4,5) WHEN 3 THEN 0 WHEN 4 THEN 1 WHEN 5 THEN 1 END), CASE WHEN aggif(valid_tid(3,4,5) IN (3, 4, 5), CASE valid_tid(3,4,5) WHEN 3 THEN 0 WHEN 4 THEN 1 WHEN 5 THEN 1 END) = 0 THEN CASE valid_tid(3,4,5) WHEN 3 THEN i_category WHEN 4 THEN i_category WHEN 5 THEN NULL END END
|  order by: aggif(valid_tid(3,4,5) IN (3, 4, 5), CASE valid_tid(3,4,5) WHEN 3 THEN sum(ws_net_paid) WHEN 4 THEN sum(ws_net_paid) WHEN 5 THEN sum(ws_net_paid) END) DESC
|  window: RANGE BETWEEN UNBOUNDED PRECEDING AND CURRENT ROW
|  mem-estimate=4.00MB mem-reservation=4.00MB spill-buffer=2.00MB thread-reservation=0
|  tuple-ids=15,14 row-size=54B cardinality=1.00K
|  in pipelines: 07(GETNEXT)
|
07:SORT
|  order by: aggif(valid_tid(3,4,5) IN (3, 4, 5), CASE valid_tid(3,4,5) WHEN 3 THEN 0 WHEN 4 THEN 0 WHEN 5 THEN 1 END) + aggif(valid_tid(3,4,5) IN (3, 4, 5), CASE valid_tid(3,4,5) WHEN 3 THEN 0 WHEN 4 THEN 1 WHEN 5 THEN 1 END) ASC NULLS LAST, CASE WHEN aggif(valid_tid(3,4,5) IN (3, 4, 5), CASE valid_tid(3,4,5) WHEN 3 THEN 0 WHEN 4 THEN 1 WHEN 5 THEN 1 END) = 0 THEN CASE valid_tid(3,4,5) WHEN 3 THEN i_category WHEN 4 THEN i_category WHEN 5 THEN NULL END END ASC NULLS LAST, aggif(valid_tid(3,4,5) IN (3, 4, 5), CASE valid_tid(3,4,5) WHEN 3 THEN sum(ws_net_paid) WHEN 4 THEN sum(ws_net_paid) WHEN 5 THEN sum(ws_net_paid) END) DESC
|  mem-estimate=12.00MB mem-reservation=12.00MB spill-buffer=2.00MB thread-reservation=0
|  tuple-ids=15 row-size=46B cardinality=1.00K
|  in pipelines: 07(GETNEXT), 06(OPEN)
|
06:AGGREGATE [FINALIZE]
|  output: aggif(valid_tid(3,4,5) IN (CAST(3 AS INT), CAST(4 AS INT), CAST(5 AS INT)), CASE valid_tid(3,4,5) WHEN CAST(3 AS INT) THEN sum(ws_net_paid) WHEN CAST(4 AS INT) THEN sum(ws_net_paid) WHEN CAST(5 AS INT) THEN sum(ws_net_paid) END), aggif(valid_tid(3,4,5) IN (CAST(3 AS INT), CAST(4 AS INT), CAST(5 AS INT)), CASE valid_tid(3,4,5) WHEN CAST(3 AS INT) THEN CAST(0 AS TINYINT) WHEN CAST(4 AS INT) THEN CAST(0 AS TINYINT) WHEN CAST(5 AS INT) THEN CAST(1 AS TINYINT) END), aggif(valid_tid(3,4,5) IN (CAST(3 AS INT), CAST(4 AS INT), CAST(5 AS INT)), CASE valid_tid(3,4,5) WHEN CAST(3 AS INT) THEN CAST(0 AS TINYINT) WHEN CAST(4 AS INT) THEN CAST(1 AS TINYINT) WHEN CAST(5 AS INT) THEN CAST(1 AS TINYINT) END)
|  group by: CASE valid_tid(3,4,5) WHEN CAST(3 AS INT) THEN i_category WHEN CAST(4 AS INT) THEN i_category WHEN CAST(5 AS INT) THEN NULL END, CASE valid_tid(3,4,5) WHEN CAST(3 AS INT) THEN i_class WHEN CAST(4 AS INT) THEN NULL WHEN CAST(5 AS INT) THEN NULL END, CASE valid_tid(3,4,5) WHEN CAST(3 AS INT) THEN CAST(3 AS INT) WHEN CAST(4 AS INT) THEN CAST(4 AS INT) WHEN CAST(5 AS INT) THEN CAST(5 AS INT) END
|  mem-estimate=10.00MB mem-reservation=1.94MB spill-buffer=64.00KB thread-reservation=0
|  tuple-ids=6 row-size=46B cardinality=1.00K
|  in pipelines: 06(GETNEXT), 05(OPEN)
|
05:AGGREGATE [FINALIZE]
|  Class 0
|    output: sum(ws_net_paid)
|    group by: i_category, i_class
|  Class 1
|    output: sum(ws_net_paid)
|    group by: i_category, NULL
|  Class 2
|    output: sum(ws_net_paid)
|    group by: NULL, NULL
|  mem-estimate=30.00MB mem-reservation=5.81MB thread-reservation=0
|  tuple-ids=3N,4N,5N row-size=140B cardinality=1.00K
|  in pipelines: 05(GETNEXT), 00(OPEN)
|
04:HASH JOIN [INNER JOIN]
|  hash predicates: ws_item_sk = i_item_sk
|  fk/pk conjuncts: ws_item_sk = i_item_sk
|  runtime filters: RF000[bloom] <- i_item_sk, RF001[min_max] <- i_item_sk
|  mem-estimate=2.88MB mem-reservation=2.88MB spill-buffer=128.00KB thread-reservation=0
|  tuple-ids=0,1,2 row-size=70B cardinality=719.38K
|  in pipelines: 00(GETNEXT), 02(OPEN)
|
|--02:SCAN HDFS [tpcds_parquet.item]
|     HDFS partitions=1/1 files=1 size=1.73MB
|     stored statistics:
|       table: rows=18.00K size=1.73MB
|       columns: all
|     extrapolated-rows=disabled max-scan-range-rows=18.00K
|     mem-estimate=48.00MB mem-reservation=256.00KB thread-reservation=1
|     tuple-ids=2 row-size=46B cardinality=18.00K
|     in pipelines: 02(GETNEXT)
|
03:HASH JOIN [INNER JOIN]
|  hash predicates: ws_sold_date_sk = d1.d_date_sk
|  fk/pk conjuncts: ws_sold_date_sk = d1.d_date_sk
|  runtime filters: RF002[bloom] <- d1.d_date_sk, RF003[min_max] <- d1.d_date_sk
|  mem-estimate=1.94MB mem-reservation=1.94MB spill-buffer=64.00KB thread-reservation=0
|  tuple-ids=0,1 row-size=24B cardinality=719.38K
|  in pipelines: 00(GETNEXT), 01(OPEN)
|
|--01:SCAN HDFS [tpcds_parquet.date_dim d1]
|     HDFS partitions=1/1 files=1 size=2.15MB
|     predicates: d1.d_month_seq <= CAST(1223 AS INT), d1.d_month_seq >= CAST(1212 AS INT)
|     stored statistics:
|       table: rows=73.05K size=2.15MB
|       columns: all
|     extrapolated-rows=disabled max-scan-range-rows=73.05K
|     parquet statistics predicates: d1.d_month_seq <= CAST(1223 AS INT), d1.d_month_seq >= CAST(1212 AS INT)
|     parquet dictionary predicates: d1.d_month_seq <= CAST(1223 AS INT), d1.d_month_seq >= CAST(1212 AS INT)
|     mem-estimate=32.00MB mem-reservation=512.00KB thread-reservation=1
|     tuple-ids=1 row-size=8B cardinality=7.30K
|     in pipelines: 01(GETNEXT)
|
00:SCAN HDFS [tpcds_parquet.web_sales]
   HDFS partitions=1/1 files=2 size=45.09MB
   runtime filters: RF001[min_max] -> ws_item_sk, RF003[min_max] -> ws_sold_date_sk, RF000[bloom] -> ws_item_sk, RF002[bloom] -> ws_sold_date_sk
   stored statistics:
     table: rows=719.38K size=45.09MB
     columns: all
   extrapolated-rows=disabled max-scan-range-rows=644.77K
   mem-estimate=96.00MB mem-reservation=8.00MB thread-reservation=1
   tuple-ids=0 row-size=16B cardinality=719.38K
   in pipelines: 00(GETNEXT)
---- DISTRIBUTEDPLAN
Max Per-Host Resource Reservation: Memory=49.31MB Threads=9
Per-Host Resource Estimates: Memory=274MB
F05:PLAN FRAGMENT [UNPARTITIONED] hosts=1 instances=1
|  Per-Host Resources: mem-estimate=4.02MB mem-reservation=4.00MB thread-reservation=1
PLAN-ROOT SINK
|  output exprs: aggif(valid_tid(3,4,5) IN (3, 4, 5), CASE valid_tid(3,4,5) WHEN 3 THEN sum(ws_net_paid) WHEN 4 THEN sum(ws_net_paid) WHEN 5 THEN sum(ws_net_paid) END), CASE valid_tid(3,4,5) WHEN 3 THEN i_category WHEN 4 THEN i_category WHEN 5 THEN NULL END, CASE valid_tid(3,4,5) WHEN 3 THEN i_class WHEN 4 THEN NULL WHEN 5 THEN NULL END, CAST(aggif(valid_tid(3,4,5) IN (3, 4, 5), CASE valid_tid(3,4,5) WHEN 3 THEN 0 WHEN 4 THEN 0 WHEN 5 THEN 1 END) AS SMALLINT) + CAST(aggif(valid_tid(3,4,5) IN (3, 4, 5), CASE valid_tid(3,4,5) WHEN 3 THEN 0 WHEN 4 THEN 1 WHEN 5 THEN 1 END) AS SMALLINT), rank()
|  mem-estimate=4.00MB mem-reservation=4.00MB spill-buffer=2.00MB thread-reservation=0
|
15:MERGING-EXCHANGE [UNPARTITIONED]
|  order by: aggif(valid_tid(3,4,5) IN (3, 4, 5), CASE valid_tid(3,4,5) WHEN 3 THEN 0 WHEN 4 THEN 0 WHEN 5 THEN 1 END) + aggif(valid_tid(3,4,5) IN (3, 4, 5), CASE valid_tid(3,4,5) WHEN 3 THEN 0 WHEN 4 THEN 1 WHEN 5 THEN 1 END) DESC, CASE WHEN aggif(valid_tid(3,4,5) IN (3, 4, 5), CASE valid_tid(3,4,5) WHEN 3 THEN 0 WHEN 4 THEN 0 WHEN 5 THEN 1 END) + aggif(valid_tid(3,4,5) IN (3, 4, 5), CASE valid_tid(3,4,5) WHEN 3 THEN 0 WHEN 4 THEN 1 WHEN 5 THEN 1 END) = 0 THEN CASE valid_tid(3,4,5) WHEN 3 THEN i_category WHEN 4 THEN i_category WHEN 5 THEN NULL END END ASC, rank() ASC
|  limit: 100
|  mem-estimate=16.00KB mem-reservation=0B thread-reservation=0
|  tuple-ids=9 row-size=50B cardinality=100
|  in pipelines: 09(GETNEXT)
|
F04:PLAN FRAGMENT [HASH(aggif(valid_tid(3,4,5) IN (3, 4, 5), CASE valid_tid(3,4,5) WHEN 3 THEN 0 WHEN 4 THEN 0 WHEN 5 THEN 1 END) + aggif(valid_tid(3,4,5) IN (3, 4, 5), CASE valid_tid(3,4,5) WHEN 3 THEN 0 WHEN 4 THEN 1 WHEN 5 THEN 1 END),CASE WHEN aggif(valid_tid(3,4,5) IN (3, 4, 5), CASE valid_tid(3,4,5) WHEN 3 THEN 0 WHEN 4 THEN 1 WHEN 5 THEN 1 END) = 0 THEN CASE valid_tid(3,4,5) WHEN 3 THEN i_category WHEN 4 THEN i_category WHEN 5 THEN NULL END END)] hosts=2 instances=2
Per-Host Resources: mem-estimate=16.12MB mem-reservation=16.00MB thread-reservation=1
09:TOP-N [LIMIT=100]
|  order by: aggif(valid_tid(3,4,5) IN (3, 4, 5), CASE valid_tid(3,4,5) WHEN 3 THEN 0 WHEN 4 THEN 0 WHEN 5 THEN 1 END) + aggif(valid_tid(3,4,5) IN (3, 4, 5), CASE valid_tid(3,4,5) WHEN 3 THEN 0 WHEN 4 THEN 1 WHEN 5 THEN 1 END) DESC, CASE WHEN aggif(valid_tid(3,4,5) IN (3, 4, 5), CASE valid_tid(3,4,5) WHEN 3 THEN 0 WHEN 4 THEN 0 WHEN 5 THEN 1 END) + aggif(valid_tid(3,4,5) IN (3, 4, 5), CASE valid_tid(3,4,5) WHEN 3 THEN 0 WHEN 4 THEN 1 WHEN 5 THEN 1 END) = 0 THEN CASE valid_tid(3,4,5) WHEN 3 THEN i_category WHEN 4 THEN i_category WHEN 5 THEN NULL END END ASC, rank() ASC
|  mem-estimate=4.88KB mem-reservation=0B thread-reservation=0
|  tuple-ids=9 row-size=50B cardinality=100
|  in pipelines: 09(GETNEXT), 07(OPEN)
|
08:ANALYTIC
|  functions: rank()
|  partition by: aggif(valid_tid(3,4,5) IN (3, 4, 5), CASE valid_tid(3,4,5) WHEN 3 THEN 0 WHEN 4 THEN 0 WHEN 5 THEN 1 END) + aggif(valid_tid(3,4,5) IN (3, 4, 5), CASE valid_tid(3,4,5) WHEN 3 THEN 0 WHEN 4 THEN 1 WHEN 5 THEN 1 END), CASE WHEN aggif(valid_tid(3,4,5) IN (3, 4, 5), CASE valid_tid(3,4,5) WHEN 3 THEN 0 WHEN 4 THEN 1 WHEN 5 THEN 1 END) = 0 THEN CASE valid_tid(3,4,5) WHEN 3 THEN i_category WHEN 4 THEN i_category WHEN 5 THEN NULL END END
|  order by: aggif(valid_tid(3,4,5) IN (3, 4, 5), CASE valid_tid(3,4,5) WHEN 3 THEN sum(ws_net_paid) WHEN 4 THEN sum(ws_net_paid) WHEN 5 THEN sum(ws_net_paid) END) DESC
|  window: RANGE BETWEEN UNBOUNDED PRECEDING AND CURRENT ROW
|  mem-estimate=4.00MB mem-reservation=4.00MB spill-buffer=2.00MB thread-reservation=0
|  tuple-ids=15,14 row-size=54B cardinality=1.00K
|  in pipelines: 07(GETNEXT)
|
07:SORT
|  order by: aggif(valid_tid(3,4,5) IN (3, 4, 5), CASE valid_tid(3,4,5) WHEN 3 THEN 0 WHEN 4 THEN 0 WHEN 5 THEN 1 END) + aggif(valid_tid(3,4,5) IN (3, 4, 5), CASE valid_tid(3,4,5) WHEN 3 THEN 0 WHEN 4 THEN 1 WHEN 5 THEN 1 END) ASC NULLS LAST, CASE WHEN aggif(valid_tid(3,4,5) IN (3, 4, 5), CASE valid_tid(3,4,5) WHEN 3 THEN 0 WHEN 4 THEN 1 WHEN 5 THEN 1 END) = 0 THEN CASE valid_tid(3,4,5) WHEN 3 THEN i_category WHEN 4 THEN i_category WHEN 5 THEN NULL END END ASC NULLS LAST, aggif(valid_tid(3,4,5) IN (3, 4, 5), CASE valid_tid(3,4,5) WHEN 3 THEN sum(ws_net_paid) WHEN 4 THEN sum(ws_net_paid) WHEN 5 THEN sum(ws_net_paid) END) DESC
|  mem-estimate=12.00MB mem-reservation=12.00MB spill-buffer=2.00MB thread-reservation=0
|  tuple-ids=15 row-size=46B cardinality=1.00K
|  in pipelines: 07(GETNEXT), 06(OPEN)
|
14:EXCHANGE [HASH(aggif(valid_tid(3,4,5) IN (3, 4, 5), CASE valid_tid(3,4,5) WHEN 3 THEN 0 WHEN 4 THEN 0 WHEN 5 THEN 1 END) + aggif(valid_tid(3,4,5) IN (3, 4, 5), CASE valid_tid(3,4,5) WHEN 3 THEN 0 WHEN 4 THEN 1 WHEN 5 THEN 1 END),CASE WHEN aggif(valid_tid(3,4,5) IN (3, 4, 5), CASE valid_tid(3,4,5) WHEN 3 THEN 0 WHEN 4 THEN 1 WHEN 5 THEN 1 END) = 0 THEN CASE valid_tid(3,4,5) WHEN 3 THEN i_category WHEN 4 THEN i_category WHEN 5 THEN NULL END END)]
|  mem-estimate=120.24KB mem-reservation=0B thread-reservation=0
|  tuple-ids=6 row-size=46B cardinality=1.00K
|  in pipelines: 06(GETNEXT)
|
F03:PLAN FRAGMENT [HASH(CASE valid_tid(3,4,5) WHEN 3 THEN murmur_hash(i_category) WHEN 4 THEN murmur_hash(i_category) WHEN 5 THEN murmur_hash(NULL) END,CASE valid_tid(3,4,5) WHEN 3 THEN murmur_hash(i_class) WHEN 4 THEN murmur_hash(NULL) WHEN 5 THEN murmur_hash(NULL) END)] hosts=2 instances=2
Per-Host Resources: mem-estimate=40.00MB mem-reservation=7.75MB thread-reservation=1
06:AGGREGATE [FINALIZE]
|  output: aggif(valid_tid(3,4,5) IN (CAST(3 AS INT), CAST(4 AS INT), CAST(5 AS INT)), CASE valid_tid(3,4,5) WHEN CAST(3 AS INT) THEN sum(ws_net_paid) WHEN CAST(4 AS INT) THEN sum(ws_net_paid) WHEN CAST(5 AS INT) THEN sum(ws_net_paid) END), aggif(valid_tid(3,4,5) IN (CAST(3 AS INT), CAST(4 AS INT), CAST(5 AS INT)), CASE valid_tid(3,4,5) WHEN CAST(3 AS INT) THEN CAST(0 AS TINYINT) WHEN CAST(4 AS INT) THEN CAST(0 AS TINYINT) WHEN CAST(5 AS INT) THEN CAST(1 AS TINYINT) END), aggif(valid_tid(3,4,5) IN (CAST(3 AS INT), CAST(4 AS INT), CAST(5 AS INT)), CASE valid_tid(3,4,5) WHEN CAST(3 AS INT) THEN CAST(0 AS TINYINT) WHEN CAST(4 AS INT) THEN CAST(1 AS TINYINT) WHEN CAST(5 AS INT) THEN CAST(1 AS TINYINT) END)
|  group by: CASE valid_tid(3,4,5) WHEN CAST(3 AS INT) THEN i_category WHEN CAST(4 AS INT) THEN i_category WHEN CAST(5 AS INT) THEN NULL END, CASE valid_tid(3,4,5) WHEN CAST(3 AS INT) THEN i_class WHEN CAST(4 AS INT) THEN NULL WHEN CAST(5 AS INT) THEN NULL END, CASE valid_tid(3,4,5) WHEN CAST(3 AS INT) THEN CAST(3 AS INT) WHEN CAST(4 AS INT) THEN CAST(4 AS INT) WHEN CAST(5 AS INT) THEN CAST(5 AS INT) END
|  mem-estimate=10.00MB mem-reservation=1.94MB spill-buffer=64.00KB thread-reservation=0
|  tuple-ids=6 row-size=46B cardinality=1.00K
|  in pipelines: 06(GETNEXT), 13(OPEN)
|
13:AGGREGATE [FINALIZE]
|  Class 0
|    output: sum:merge(ws_net_paid)
|    group by: i_category, i_class
|  Class 1
|    output: sum:merge(ws_net_paid)
|    group by: i_category, NULL
|  Class 2
|    output: sum:merge(ws_net_paid)
|    group by: NULL, NULL
|  mem-estimate=30.00MB mem-reservation=5.81MB thread-reservation=0
|  tuple-ids=3N,4N,5N row-size=140B cardinality=1.00K
|  in pipelines: 13(GETNEXT), 00(OPEN)
|
12:EXCHANGE [HASH(CASE valid_tid(3,4,5) WHEN 3 THEN murmur_hash(i_category) WHEN 4 THEN murmur_hash(i_category) WHEN 5 THEN murmur_hash(NULL) END,CASE valid_tid(3,4,5) WHEN 3 THEN murmur_hash(i_class) WHEN 4 THEN murmur_hash(NULL) WHEN 5 THEN murmur_hash(NULL) END)]
|  mem-estimate=364.54KB mem-reservation=0B thread-reservation=0
|  tuple-ids=3N,4N,5N row-size=140B cardinality=1.00K
|  in pipelines: 00(GETNEXT)
|
F00:PLAN FRAGMENT [RANDOM] hosts=2 instances=2
Per-Host Resources: mem-estimate=133.71MB mem-reservation=20.81MB thread-reservation=2 runtime-filters-memory=2.00MB
05:AGGREGATE [STREAMING]
|  Class 0
|    output: sum(ws_net_paid)
|    group by: i_category, i_class
|  Class 1
|    output: sum(ws_net_paid)
|    group by: i_category, NULL
|  Class 2
|    output: sum(ws_net_paid)
|    group by: NULL, NULL
|  mem-estimate=30.00MB mem-reservation=6.00MB thread-reservation=0
|  tuple-ids=3N,4N,5N row-size=140B cardinality=1.00K
|  in pipelines: 00(GETNEXT)
|
04:HASH JOIN [INNER JOIN, BROADCAST]
|  hash predicates: ws_item_sk = i_item_sk
|  fk/pk conjuncts: ws_item_sk = i_item_sk
|  runtime filters: RF000[bloom] <- i_item_sk, RF001[min_max] <- i_item_sk
|  mem-estimate=2.88MB mem-reservation=2.88MB spill-buffer=128.00KB thread-reservation=0
|  tuple-ids=0,1,2 row-size=70B cardinality=719.38K
|  in pipelines: 00(GETNEXT), 02(OPEN)
|
|--11:EXCHANGE [BROADCAST]
|  |  mem-estimate=852.50KB mem-reservation=0B thread-reservation=0
|  |  tuple-ids=2 row-size=46B cardinality=18.00K
|  |  in pipelines: 02(GETNEXT)
|  |
|  F02:PLAN FRAGMENT [RANDOM] hosts=1 instances=1
|  Per-Host Resources: mem-estimate=48.00MB mem-reservation=256.00KB thread-reservation=2
|  02:SCAN HDFS [tpcds_parquet.item, RANDOM]
|     HDFS partitions=1/1 files=1 size=1.73MB
|     stored statistics:
|       table: rows=18.00K size=1.73MB
|       columns: all
|     extrapolated-rows=disabled max-scan-range-rows=18.00K
|     mem-estimate=48.00MB mem-reservation=256.00KB thread-reservation=1
|     tuple-ids=2 row-size=46B cardinality=18.00K
|     in pipelines: 02(GETNEXT)
|
03:HASH JOIN [INNER JOIN, BROADCAST]
|  hash predicates: ws_sold_date_sk = d1.d_date_sk
|  fk/pk conjuncts: ws_sold_date_sk = d1.d_date_sk
|  runtime filters: RF002[bloom] <- d1.d_date_sk, RF003[min_max] <- d1.d_date_sk
|  mem-estimate=1.94MB mem-reservation=1.94MB spill-buffer=64.00KB thread-reservation=0
|  tuple-ids=0,1 row-size=24B cardinality=719.38K
|  in pipelines: 00(GETNEXT), 01(OPEN)
|
|--10:EXCHANGE [BROADCAST]
|  |  mem-estimate=69.07KB mem-reservation=0B thread-reservation=0
|  |  tuple-ids=1 row-size=8B cardinality=7.30K
|  |  in pipelines: 01(GETNEXT)
|  |
|  F01:PLAN FRAGMENT [RANDOM] hosts=1 instances=1
|  Per-Host Resources: mem-estimate=32.00MB mem-reservation=512.00KB thread-reservation=2
|  01:SCAN HDFS [tpcds_parquet.date_dim d1, RANDOM]
|     HDFS partitions=1/1 files=1 size=2.15MB
|     predicates: d1.d_month_seq <= CAST(1223 AS INT), d1.d_month_seq >= CAST(1212 AS INT)
|     stored statistics:
|       table: rows=73.05K size=2.15MB
|       columns: all
|     extrapolated-rows=disabled max-scan-range-rows=73.05K
|     parquet statistics predicates: d1.d_month_seq <= CAST(1223 AS INT), d1.d_month_seq >= CAST(1212 AS INT)
|     parquet dictionary predicates: d1.d_month_seq <= CAST(1223 AS INT), d1.d_month_seq >= CAST(1212 AS INT)
|     mem-estimate=32.00MB mem-reservation=512.00KB thread-reservation=1
|     tuple-ids=1 row-size=8B cardinality=7.30K
|     in pipelines: 01(GETNEXT)
|
00:SCAN HDFS [tpcds_parquet.web_sales, RANDOM]
   HDFS partitions=1/1 files=2 size=45.09MB
   runtime filters: RF001[min_max] -> ws_item_sk, RF003[min_max] -> ws_sold_date_sk, RF000[bloom] -> ws_item_sk, RF002[bloom] -> ws_sold_date_sk
   stored statistics:
     table: rows=719.38K size=45.09MB
     columns: all
   extrapolated-rows=disabled max-scan-range-rows=644.77K
   mem-estimate=96.00MB mem-reservation=8.00MB thread-reservation=1
   tuple-ids=0 row-size=16B cardinality=719.38K
   in pipelines: 00(GETNEXT)
---- PARALLELPLANS
Max Per-Host Resource Reservation: Memory=56.12MB Threads=8
Per-Host Resource Estimates: Memory=169MB
F05:PLAN FRAGMENT [UNPARTITIONED] hosts=1 instances=1
|  Per-Instance Resources: mem-estimate=4.02MB mem-reservation=4.00MB thread-reservation=1
PLAN-ROOT SINK
|  output exprs: aggif(valid_tid(3,4,5) IN (3, 4, 5), CASE valid_tid(3,4,5) WHEN 3 THEN sum(ws_net_paid) WHEN 4 THEN sum(ws_net_paid) WHEN 5 THEN sum(ws_net_paid) END), CASE valid_tid(3,4,5) WHEN 3 THEN i_category WHEN 4 THEN i_category WHEN 5 THEN NULL END, CASE valid_tid(3,4,5) WHEN 3 THEN i_class WHEN 4 THEN NULL WHEN 5 THEN NULL END, CAST(aggif(valid_tid(3,4,5) IN (3, 4, 5), CASE valid_tid(3,4,5) WHEN 3 THEN 0 WHEN 4 THEN 0 WHEN 5 THEN 1 END) AS SMALLINT) + CAST(aggif(valid_tid(3,4,5) IN (3, 4, 5), CASE valid_tid(3,4,5) WHEN 3 THEN 0 WHEN 4 THEN 1 WHEN 5 THEN 1 END) AS SMALLINT), rank()
|  mem-estimate=4.00MB mem-reservation=4.00MB spill-buffer=2.00MB thread-reservation=0
|
15:MERGING-EXCHANGE [UNPARTITIONED]
|  order by: aggif(valid_tid(3,4,5) IN (3, 4, 5), CASE valid_tid(3,4,5) WHEN 3 THEN 0 WHEN 4 THEN 0 WHEN 5 THEN 1 END) + aggif(valid_tid(3,4,5) IN (3, 4, 5), CASE valid_tid(3,4,5) WHEN 3 THEN 0 WHEN 4 THEN 1 WHEN 5 THEN 1 END) DESC, CASE WHEN aggif(valid_tid(3,4,5) IN (3, 4, 5), CASE valid_tid(3,4,5) WHEN 3 THEN 0 WHEN 4 THEN 0 WHEN 5 THEN 1 END) + aggif(valid_tid(3,4,5) IN (3, 4, 5), CASE valid_tid(3,4,5) WHEN 3 THEN 0 WHEN 4 THEN 1 WHEN 5 THEN 1 END) = 0 THEN CASE valid_tid(3,4,5) WHEN 3 THEN i_category WHEN 4 THEN i_category WHEN 5 THEN NULL END END ASC, rank() ASC
|  limit: 100
|  mem-estimate=16.00KB mem-reservation=0B thread-reservation=0
|  tuple-ids=9 row-size=50B cardinality=100
|  in pipelines: 09(GETNEXT)
|
F04:PLAN FRAGMENT [HASH(aggif(valid_tid(3,4,5) IN (3, 4, 5), CASE valid_tid(3,4,5) WHEN 3 THEN 0 WHEN 4 THEN 0 WHEN 5 THEN 1 END) + aggif(valid_tid(3,4,5) IN (3, 4, 5), CASE valid_tid(3,4,5) WHEN 3 THEN 0 WHEN 4 THEN 1 WHEN 5 THEN 1 END),CASE WHEN aggif(valid_tid(3,4,5) IN (3, 4, 5), CASE valid_tid(3,4,5) WHEN 3 THEN 0 WHEN 4 THEN 1 WHEN 5 THEN 1 END) = 0 THEN CASE valid_tid(3,4,5) WHEN 3 THEN i_category WHEN 4 THEN i_category WHEN 5 THEN NULL END END)] hosts=2 instances=2
Per-Instance Resources: mem-estimate=16.12MB mem-reservation=16.00MB thread-reservation=1
09:TOP-N [LIMIT=100]
|  order by: aggif(valid_tid(3,4,5) IN (3, 4, 5), CASE valid_tid(3,4,5) WHEN 3 THEN 0 WHEN 4 THEN 0 WHEN 5 THEN 1 END) + aggif(valid_tid(3,4,5) IN (3, 4, 5), CASE valid_tid(3,4,5) WHEN 3 THEN 0 WHEN 4 THEN 1 WHEN 5 THEN 1 END) DESC, CASE WHEN aggif(valid_tid(3,4,5) IN (3, 4, 5), CASE valid_tid(3,4,5) WHEN 3 THEN 0 WHEN 4 THEN 0 WHEN 5 THEN 1 END) + aggif(valid_tid(3,4,5) IN (3, 4, 5), CASE valid_tid(3,4,5) WHEN 3 THEN 0 WHEN 4 THEN 1 WHEN 5 THEN 1 END) = 0 THEN CASE valid_tid(3,4,5) WHEN 3 THEN i_category WHEN 4 THEN i_category WHEN 5 THEN NULL END END ASC, rank() ASC
|  mem-estimate=4.88KB mem-reservation=0B thread-reservation=0
|  tuple-ids=9 row-size=50B cardinality=100
|  in pipelines: 09(GETNEXT), 07(OPEN)
|
08:ANALYTIC
|  functions: rank()
|  partition by: aggif(valid_tid(3,4,5) IN (3, 4, 5), CASE valid_tid(3,4,5) WHEN 3 THEN 0 WHEN 4 THEN 0 WHEN 5 THEN 1 END) + aggif(valid_tid(3,4,5) IN (3, 4, 5), CASE valid_tid(3,4,5) WHEN 3 THEN 0 WHEN 4 THEN 1 WHEN 5 THEN 1 END), CASE WHEN aggif(valid_tid(3,4,5) IN (3, 4, 5), CASE valid_tid(3,4,5) WHEN 3 THEN 0 WHEN 4 THEN 1 WHEN 5 THEN 1 END) = 0 THEN CASE valid_tid(3,4,5) WHEN 3 THEN i_category WHEN 4 THEN i_category WHEN 5 THEN NULL END END
|  order by: aggif(valid_tid(3,4,5) IN (3, 4, 5), CASE valid_tid(3,4,5) WHEN 3 THEN sum(ws_net_paid) WHEN 4 THEN sum(ws_net_paid) WHEN 5 THEN sum(ws_net_paid) END) DESC
|  window: RANGE BETWEEN UNBOUNDED PRECEDING AND CURRENT ROW
|  mem-estimate=4.00MB mem-reservation=4.00MB spill-buffer=2.00MB thread-reservation=0
|  tuple-ids=15,14 row-size=54B cardinality=1.00K
|  in pipelines: 07(GETNEXT)
|
07:SORT
|  order by: aggif(valid_tid(3,4,5) IN (3, 4, 5), CASE valid_tid(3,4,5) WHEN 3 THEN 0 WHEN 4 THEN 0 WHEN 5 THEN 1 END) + aggif(valid_tid(3,4,5) IN (3, 4, 5), CASE valid_tid(3,4,5) WHEN 3 THEN 0 WHEN 4 THEN 1 WHEN 5 THEN 1 END) ASC NULLS LAST, CASE WHEN aggif(valid_tid(3,4,5) IN (3, 4, 5), CASE valid_tid(3,4,5) WHEN 3 THEN 0 WHEN 4 THEN 1 WHEN 5 THEN 1 END) = 0 THEN CASE valid_tid(3,4,5) WHEN 3 THEN i_category WHEN 4 THEN i_category WHEN 5 THEN NULL END END ASC NULLS LAST, aggif(valid_tid(3,4,5) IN (3, 4, 5), CASE valid_tid(3,4,5) WHEN 3 THEN sum(ws_net_paid) WHEN 4 THEN sum(ws_net_paid) WHEN 5 THEN sum(ws_net_paid) END) DESC
|  mem-estimate=12.00MB mem-reservation=12.00MB spill-buffer=2.00MB thread-reservation=0
|  tuple-ids=15 row-size=46B cardinality=1.00K
|  in pipelines: 07(GETNEXT), 06(OPEN)
|
14:EXCHANGE [HASH(aggif(valid_tid(3,4,5) IN (3, 4, 5), CASE valid_tid(3,4,5) WHEN 3 THEN 0 WHEN 4 THEN 0 WHEN 5 THEN 1 END) + aggif(valid_tid(3,4,5) IN (3, 4, 5), CASE valid_tid(3,4,5) WHEN 3 THEN 0 WHEN 4 THEN 1 WHEN 5 THEN 1 END),CASE WHEN aggif(valid_tid(3,4,5) IN (3, 4, 5), CASE valid_tid(3,4,5) WHEN 3 THEN 0 WHEN 4 THEN 1 WHEN 5 THEN 1 END) = 0 THEN CASE valid_tid(3,4,5) WHEN 3 THEN i_category WHEN 4 THEN i_category WHEN 5 THEN NULL END END)]
|  mem-estimate=120.24KB mem-reservation=0B thread-reservation=0
|  tuple-ids=6 row-size=46B cardinality=1.00K
|  in pipelines: 06(GETNEXT)
|
F03:PLAN FRAGMENT [HASH(CASE valid_tid(3,4,5) WHEN 3 THEN murmur_hash(i_category) WHEN 4 THEN murmur_hash(i_category) WHEN 5 THEN murmur_hash(NULL) END,CASE valid_tid(3,4,5) WHEN 3 THEN murmur_hash(i_class) WHEN 4 THEN murmur_hash(NULL) WHEN 5 THEN murmur_hash(NULL) END)] hosts=2 instances=2
Per-Instance Resources: mem-estimate=40.00MB mem-reservation=7.75MB thread-reservation=1
06:AGGREGATE [FINALIZE]
|  output: aggif(valid_tid(3,4,5) IN (CAST(3 AS INT), CAST(4 AS INT), CAST(5 AS INT)), CASE valid_tid(3,4,5) WHEN CAST(3 AS INT) THEN sum(ws_net_paid) WHEN CAST(4 AS INT) THEN sum(ws_net_paid) WHEN CAST(5 AS INT) THEN sum(ws_net_paid) END), aggif(valid_tid(3,4,5) IN (CAST(3 AS INT), CAST(4 AS INT), CAST(5 AS INT)), CASE valid_tid(3,4,5) WHEN CAST(3 AS INT) THEN CAST(0 AS TINYINT) WHEN CAST(4 AS INT) THEN CAST(0 AS TINYINT) WHEN CAST(5 AS INT) THEN CAST(1 AS TINYINT) END), aggif(valid_tid(3,4,5) IN (CAST(3 AS INT), CAST(4 AS INT), CAST(5 AS INT)), CASE valid_tid(3,4,5) WHEN CAST(3 AS INT) THEN CAST(0 AS TINYINT) WHEN CAST(4 AS INT) THEN CAST(1 AS TINYINT) WHEN CAST(5 AS INT) THEN CAST(1 AS TINYINT) END)
|  group by: CASE valid_tid(3,4,5) WHEN CAST(3 AS INT) THEN i_category WHEN CAST(4 AS INT) THEN i_category WHEN CAST(5 AS INT) THEN NULL END, CASE valid_tid(3,4,5) WHEN CAST(3 AS INT) THEN i_class WHEN CAST(4 AS INT) THEN NULL WHEN CAST(5 AS INT) THEN NULL END, CASE valid_tid(3,4,5) WHEN CAST(3 AS INT) THEN CAST(3 AS INT) WHEN CAST(4 AS INT) THEN CAST(4 AS INT) WHEN CAST(5 AS INT) THEN CAST(5 AS INT) END
|  mem-estimate=10.00MB mem-reservation=1.94MB spill-buffer=64.00KB thread-reservation=0
|  tuple-ids=6 row-size=46B cardinality=1.00K
|  in pipelines: 06(GETNEXT), 13(OPEN)
|
13:AGGREGATE [FINALIZE]
|  Class 0
|    output: sum:merge(ws_net_paid)
|    group by: i_category, i_class
|  Class 1
|    output: sum:merge(ws_net_paid)
|    group by: i_category, NULL
|  Class 2
|    output: sum:merge(ws_net_paid)
|    group by: NULL, NULL
|  mem-estimate=30.00MB mem-reservation=5.81MB thread-reservation=0
|  tuple-ids=3N,4N,5N row-size=140B cardinality=1.00K
|  in pipelines: 13(GETNEXT), 00(OPEN)
|
12:EXCHANGE [HASH(CASE valid_tid(3,4,5) WHEN 3 THEN murmur_hash(i_category) WHEN 4 THEN murmur_hash(i_category) WHEN 5 THEN murmur_hash(NULL) END,CASE valid_tid(3,4,5) WHEN 3 THEN murmur_hash(i_class) WHEN 4 THEN murmur_hash(NULL) WHEN 5 THEN murmur_hash(NULL) END)]
|  mem-estimate=364.54KB mem-reservation=0B thread-reservation=0
|  tuple-ids=3N,4N,5N row-size=140B cardinality=1.00K
|  in pipelines: 00(GETNEXT)
|
F00:PLAN FRAGMENT [RANDOM] hosts=2 instances=2
Per-Host Shared Resources: mem-estimate=2.00MB mem-reservation=2.00MB thread-reservation=0 runtime-filters-memory=2.00MB
Per-Instance Resources: mem-estimate=62.00MB mem-reservation=14.00MB thread-reservation=1
05:AGGREGATE [STREAMING]
|  Class 0
|    output: sum(ws_net_paid)
|    group by: i_category, i_class
|  Class 1
|    output: sum(ws_net_paid)
|    group by: i_category, NULL
|  Class 2
|    output: sum(ws_net_paid)
|    group by: NULL, NULL
|  mem-estimate=30.00MB mem-reservation=6.00MB thread-reservation=0
|  tuple-ids=3N,4N,5N row-size=140B cardinality=1.00K
|  in pipelines: 00(GETNEXT)
|
04:HASH JOIN [INNER JOIN, BROADCAST]
|  hash-table-id=00
|  hash predicates: ws_item_sk = i_item_sk
|  fk/pk conjuncts: ws_item_sk = i_item_sk
|  mem-estimate=0B mem-reservation=0B spill-buffer=128.00KB thread-reservation=0
|  tuple-ids=0,1,2 row-size=70B cardinality=719.38K
|  in pipelines: 00(GETNEXT), 02(OPEN)
|
|--F06:PLAN FRAGMENT [RANDOM] hosts=2 instances=2
|  |  Per-Instance Resources: mem-estimate=7.58MB mem-reservation=6.75MB thread-reservation=1 runtime-filters-memory=1.00MB
|  JOIN BUILD
|  |  join-table-id=00 plan-id=01 cohort-id=01
|  |  build expressions: i_item_sk
|  |  runtime filters: RF000[bloom] <- i_item_sk, RF001[min_max] <- i_item_sk
|  |  mem-estimate=5.75MB mem-reservation=5.75MB spill-buffer=128.00KB thread-reservation=0
|  |
|  11:EXCHANGE [BROADCAST]
|  |  mem-estimate=852.50KB mem-reservation=0B thread-reservation=0
|  |  tuple-ids=2 row-size=46B cardinality=18.00K
|  |  in pipelines: 02(GETNEXT)
|  |
|  F02:PLAN FRAGMENT [RANDOM] hosts=1 instances=1
|  Per-Instance Resources: mem-estimate=16.00MB mem-reservation=256.00KB thread-reservation=1
|  02:SCAN HDFS [tpcds_parquet.item, RANDOM]
|     HDFS partitions=1/1 files=1 size=1.73MB
|     stored statistics:
|       table: rows=18.00K size=1.73MB
|       columns: all
|     extrapolated-rows=disabled max-scan-range-rows=18.00K
|     mem-estimate=16.00MB mem-reservation=256.00KB thread-reservation=0
|     tuple-ids=2 row-size=46B cardinality=18.00K
|     in pipelines: 02(GETNEXT)
|
03:HASH JOIN [INNER JOIN, BROADCAST]
|  hash-table-id=01
|  hash predicates: ws_sold_date_sk = d1.d_date_sk
|  fk/pk conjuncts: ws_sold_date_sk = d1.d_date_sk
|  mem-estimate=0B mem-reservation=0B spill-buffer=64.00KB thread-reservation=0
|  tuple-ids=0,1 row-size=24B cardinality=719.38K
|  in pipelines: 00(GETNEXT), 01(OPEN)
|
|--F07:PLAN FRAGMENT [RANDOM] hosts=2 instances=2
|  |  Per-Instance Resources: mem-estimate=4.94MB mem-reservation=4.88MB thread-reservation=1 runtime-filters-memory=1.00MB
|  JOIN BUILD
|  |  join-table-id=01 plan-id=02 cohort-id=01
|  |  build expressions: d1.d_date_sk
|  |  runtime filters: RF002[bloom] <- d1.d_date_sk, RF003[min_max] <- d1.d_date_sk
|  |  mem-estimate=3.88MB mem-reservation=3.88MB spill-buffer=64.00KB thread-reservation=0
|  |
|  10:EXCHANGE [BROADCAST]
|  |  mem-estimate=69.07KB mem-reservation=0B thread-reservation=0
|  |  tuple-ids=1 row-size=8B cardinality=7.30K
|  |  in pipelines: 01(GETNEXT)
|  |
|  F01:PLAN FRAGMENT [RANDOM] hosts=1 instances=1
|  Per-Instance Resources: mem-estimate=16.00MB mem-reservation=512.00KB thread-reservation=1
|  01:SCAN HDFS [tpcds_parquet.date_dim d1, RANDOM]
|     HDFS partitions=1/1 files=1 size=2.15MB
|     predicates: d1.d_month_seq <= CAST(1223 AS INT), d1.d_month_seq >= CAST(1212 AS INT)
|     stored statistics:
|       table: rows=73.05K size=2.15MB
|       columns: all
|     extrapolated-rows=disabled max-scan-range-rows=73.05K
|     parquet statistics predicates: d1.d_month_seq <= CAST(1223 AS INT), d1.d_month_seq >= CAST(1212 AS INT)
|     parquet dictionary predicates: d1.d_month_seq <= CAST(1223 AS INT), d1.d_month_seq >= CAST(1212 AS INT)
|     mem-estimate=16.00MB mem-reservation=512.00KB thread-reservation=0
|     tuple-ids=1 row-size=8B cardinality=7.30K
|     in pipelines: 01(GETNEXT)
|
00:SCAN HDFS [tpcds_parquet.web_sales, RANDOM]
   HDFS partitions=1/1 files=2 size=45.09MB
   runtime filters: RF001[min_max] -> ws_item_sk, RF003[min_max] -> ws_sold_date_sk, RF000[bloom] -> ws_item_sk, RF002[bloom] -> ws_sold_date_sk
   stored statistics:
     table: rows=719.38K size=45.09MB
     columns: all
   extrapolated-rows=disabled max-scan-range-rows=644.77K
   mem-estimate=32.00MB mem-reservation=8.00MB thread-reservation=0
   tuple-ids=0 row-size=16B cardinality=719.38K
   in pipelines: 00(GETNEXT)
====
