# TPCDS-Q59
with
  wss as
  (select
    d_week_seq,
    ss_store_sk,
    sum(case when (d_day_name = 'Sunday') then ss_sales_price else null end) sun_sales,
    sum(case when (d_day_name = 'Monday') then ss_sales_price else null end) mon_sales,
    sum(case when (d_day_name = 'Tuesday') then ss_sales_price else null end) tue_sales,
    sum(case when (d_day_name = 'Wednesday') then ss_sales_price else null end) wed_sales,
    sum(case when (d_day_name = 'Thursday') then ss_sales_price else null end) thu_sales,
    sum(case when (d_day_name = 'Friday') then ss_sales_price else null end) fri_sales,
    sum(case when (d_day_name = 'Saturday') then ss_sales_price else null end) sat_sales
  from
    store_sales,
    date_dim
  where
    d_date_sk = ss_sold_date_sk
  group by
    d_week_seq,
    ss_store_sk
  )
select
  s_store_name1,
  s_store_id1,
  d_week_seq1,
  sun_sales1 / sun_sales2,
  mon_sales1 / mon_sales2,
  tue_sales1 / tue_sales2,
  wed_sales1 / wed_sales2,
  thu_sales1 / thu_sales2,
  fri_sales1 / fri_sales2,
  sat_sales1 / sat_sales2
from
  (select
    s_store_name s_store_name1,
    wss.d_week_seq d_week_seq1,
    s_store_id s_store_id1,
    sun_sales sun_sales1,
    mon_sales mon_sales1,
    tue_sales tue_sales1,
    wed_sales wed_sales1,
    thu_sales thu_sales1,
    fri_sales fri_sales1,
    sat_sales sat_sales1
  from
    wss,
    store,
    date_dim d
  where
    d.d_week_seq = wss.d_week_seq
    and ss_store_sk = s_store_sk
    and d_month_seq between 1185 and 1185 + 11
  ) y,
  (select
    s_store_name s_store_name2,
    wss.d_week_seq d_week_seq2,
    s_store_id s_store_id2,
    sun_sales sun_sales2,
    mon_sales mon_sales2,
    tue_sales tue_sales2,
    wed_sales wed_sales2,
    thu_sales thu_sales2,
    fri_sales fri_sales2,
    sat_sales sat_sales2
  from
    wss,
    store,
    date_dim d
  where
    d.d_week_seq = wss.d_week_seq
    and ss_store_sk = s_store_sk
    and d_month_seq between 1185 + 12 and 1185 + 23
  ) x
where
  s_store_id1 = s_store_id2
  and d_week_seq1 = d_week_seq2 - 52
order by
  s_store_name1,
  s_store_id1,
  d_week_seq1
limit 100
---- PLAN
Max Per-Host Resource Reservation: Memory=72.52MB Threads=9
Per-Host Resource Estimates: Memory=329MB
F00:PLAN FRAGMENT [UNPARTITIONED] hosts=1 instances=1
|  Per-Host Resources: mem-estimate=329.25MB mem-reservation=72.52MB thread-reservation=9 runtime-filters-memory=8.00MB
PLAN-ROOT SINK
|  output exprs: s_store_name1, s_store_id1, d_week_seq1, sun_sales1 / sun_sales2, mon_sales1 / mon_sales2, tue_sales1 / tue_sales2, wed_sales1 / wed_sales2, thu_sales1 / thu_sales2, fri_sales1 / fri_sales2, sat_sales1 / sat_sales2
|  mem-estimate=4.00MB mem-reservation=4.00MB spill-buffer=2.00MB thread-reservation=0
|
17:TOP-N [LIMIT=100]
|  order by: s_store_name1 ASC, s_store_id1 ASC, d_week_seq1 ASC
|  mem-estimate=26.59KB mem-reservation=0B thread-reservation=0
|  tuple-ids=14 row-size=272B cardinality=100
|  in pipelines: 17(GETNEXT), 03(OPEN)
|
16:HASH JOIN [INNER JOIN]
|  hash predicates: d_week_seq = d_week_seq - 52, s_store_id = s_store_id
|  fk/pk conjuncts: none
|  runtime filters: RF000[bloom] <- d_week_seq - 52, RF001[bloom] <- s_store_id, RF002[min_max] <- d_week_seq - 52, RF003[min_max] <- s_store_id
|  mem-estimate=17.00MB mem-reservation=17.00MB spill-buffer=1.00MB thread-reservation=0
|  tuple-ids=2,5,4,9,12,11 row-size=336B cardinality=419.05M
|  in pipelines: 03(GETNEXT), 11(OPEN)
|
|--15:HASH JOIN [INNER JOIN]
|  |  hash predicates: ss_store_sk = s_store_sk
|  |  fk/pk conjuncts: ss_store_sk = s_store_sk
|  |  runtime filters: RF010[bloom] <- s_store_sk, RF011[min_max] <- s_store_sk
|  |  mem-estimate=1.94MB mem-reservation=1.94MB spill-buffer=64.00KB thread-reservation=0
|  |  tuple-ids=9,12,11 row-size=160B cardinality=50.14K
|  |  in pipelines: 11(GETNEXT), 12(OPEN)
|  |
|  |--12:SCAN HDFS [tpcds_parquet.store]
|  |     HDFS partitions=1/1 files=1 size=9.93KB
|  |     stored statistics:
|  |       table: rows=12 size=9.93KB
|  |       columns: all
|  |     extrapolated-rows=disabled max-scan-range-rows=12
|  |     mem-estimate=32.00MB mem-reservation=16.00KB thread-reservation=1
|  |     tuple-ids=11 row-size=32B cardinality=12
|  |     in pipelines: 12(GETNEXT)
|  |
|  14:HASH JOIN [INNER JOIN]
|  |  hash predicates: d_week_seq = d.d_week_seq
|  |  fk/pk conjuncts: none
|  |  runtime filters: RF012[bloom] <- d.d_week_seq, RF013[min_max] <- d.d_week_seq
|  |  mem-estimate=1.94MB mem-reservation=1.94MB spill-buffer=64.00KB thread-reservation=0
|  |  tuple-ids=9,12 row-size=128B cardinality=50.14K
|  |  in pipelines: 11(GETNEXT), 13(OPEN)
|  |
|  |--13:SCAN HDFS [tpcds_parquet.date_dim d]
|  |     HDFS partitions=1/1 files=1 size=2.15MB
|  |     predicates: d_month_seq <= CAST(1208 AS INT), d_month_seq >= CAST(1197 AS INT)
|  |     stored statistics:
|  |       table: rows=73.05K size=2.15MB
|  |       columns: all
|  |     extrapolated-rows=disabled max-scan-range-rows=73.05K
|  |     parquet statistics predicates: d_month_seq <= CAST(1208 AS INT), d_month_seq >= CAST(1197 AS INT)
|  |     parquet dictionary predicates: d_month_seq <= CAST(1208 AS INT), d_month_seq >= CAST(1197 AS INT)
|  |     mem-estimate=32.00MB mem-reservation=512.00KB thread-reservation=1
|  |     tuple-ids=12 row-size=8B cardinality=7.30K
|  |     in pipelines: 13(GETNEXT)
|  |
|  11:AGGREGATE [FINALIZE]
|  |  output: sum(CASE WHEN (d_day_name = 'Sunday') THEN ss_sales_price ELSE NULL END), sum(CASE WHEN (d_day_name = 'Monday') THEN ss_sales_price ELSE NULL END), sum(CASE WHEN (d_day_name = 'Tuesday') THEN ss_sales_price ELSE NULL END), sum(CASE WHEN (d_day_name = 'Wednesday') THEN ss_sales_price ELSE NULL END), sum(CASE WHEN (d_day_name = 'Thursday') THEN ss_sales_price ELSE NULL END), sum(CASE WHEN (d_day_name = 'Friday') THEN ss_sales_price ELSE NULL END), sum(CASE WHEN (d_day_name = 'Saturday') THEN ss_sales_price ELSE NULL END)
|  |  group by: d_week_seq, ss_store_sk
|  |  mem-estimate=17.00MB mem-reservation=17.00MB spill-buffer=1.00MB thread-reservation=0
|  |  tuple-ids=9 row-size=120B cardinality=63.85K
|  |  in pipelines: 11(GETNEXT), 08(OPEN)
|  |
|  10:HASH JOIN [INNER JOIN]
|  |  hash predicates: ss_sold_date_sk = d_date_sk
|  |  fk/pk conjuncts: ss_sold_date_sk = d_date_sk
|  |  runtime filters: RF014[bloom] <- d_date_sk
|  |  mem-estimate=4.75MB mem-reservation=4.75MB spill-buffer=256.00KB thread-reservation=0
|  |  tuple-ids=7,8 row-size=39B cardinality=2.88M
|  |  in pipelines: 08(GETNEXT), 09(OPEN)
|  |
|  |--09:SCAN HDFS [tpcds_parquet.date_dim]
|  |     HDFS partitions=1/1 files=1 size=2.15MB
|  |     runtime filters: RF013[min_max] -> tpcds_parquet.date_dim.d_week_seq, RF012[bloom] -> tpcds_parquet.date_dim.d_week_seq
|  |     stored statistics:
|  |       table: rows=73.05K size=2.15MB
|  |       columns: all
|  |     extrapolated-rows=disabled max-scan-range-rows=73.05K
|  |     mem-estimate=48.00MB mem-reservation=512.00KB thread-reservation=1
|  |     tuple-ids=8 row-size=27B cardinality=73.05K
|  |     in pipelines: 09(GETNEXT)
|  |
|  08:SCAN HDFS [tpcds_parquet.store_sales]
|     HDFS partitions=1824/1824 files=1824 size=200.96MB
|     runtime filters: RF011[min_max] -> tpcds_parquet.store_sales.ss_store_sk, RF010[bloom] -> tpcds_parquet.store_sales.ss_store_sk, RF014[bloom] -> ss_sold_date_sk
|     stored statistics:
|       table: rows=2.88M size=200.96MB
|       partitions: 1824/1824 rows=2.88M
|       columns: all
|     extrapolated-rows=disabled max-scan-range-rows=130.09K
|     mem-estimate=32.00MB mem-reservation=512.00KB thread-reservation=1
|     tuple-ids=7 row-size=12B cardinality=2.88M
|     in pipelines: 08(GETNEXT)
|
07:HASH JOIN [INNER JOIN]
|  hash predicates: ss_store_sk = s_store_sk
|  fk/pk conjuncts: ss_store_sk = s_store_sk
|  runtime filters: RF004[bloom] <- s_store_sk, RF005[min_max] <- s_store_sk
|  mem-estimate=1.94MB mem-reservation=1.94MB spill-buffer=64.00KB thread-reservation=0
|  tuple-ids=2,5,4 row-size=176B cardinality=50.14K
|  in pipelines: 03(GETNEXT), 04(OPEN)
|
|--04:SCAN HDFS [tpcds_parquet.store]
|     HDFS partitions=1/1 files=1 size=9.93KB
|     runtime filters: RF003[min_max] -> s_store_id, RF001[bloom] -> s_store_id
|     stored statistics:
|       table: rows=12 size=9.93KB
|       columns: all
|     extrapolated-rows=disabled max-scan-range-rows=12
|     mem-estimate=48.00MB mem-reservation=24.00KB thread-reservation=1
|     tuple-ids=4 row-size=48B cardinality=12
|     in pipelines: 04(GETNEXT)
|
06:HASH JOIN [INNER JOIN]
|  hash predicates: d_week_seq = d.d_week_seq
|  fk/pk conjuncts: none
|  runtime filters: RF006[bloom] <- d.d_week_seq, RF007[min_max] <- d.d_week_seq
|  mem-estimate=1.94MB mem-reservation=1.94MB spill-buffer=64.00KB thread-reservation=0
|  tuple-ids=2,5 row-size=128B cardinality=50.14K
|  in pipelines: 03(GETNEXT), 05(OPEN)
|
|--05:SCAN HDFS [tpcds_parquet.date_dim d]
|     HDFS partitions=1/1 files=1 size=2.15MB
|     predicates: d_month_seq <= CAST(1196 AS INT), d_month_seq >= CAST(1185 AS INT)
|     runtime filters: RF002[min_max] -> d.d_week_seq, RF000[bloom] -> d.d_week_seq
|     stored statistics:
|       table: rows=73.05K size=2.15MB
|       columns: all
|     extrapolated-rows=disabled max-scan-range-rows=73.05K
|     parquet statistics predicates: d_month_seq <= CAST(1196 AS INT), d_month_seq >= CAST(1185 AS INT)
|     parquet dictionary predicates: d_month_seq <= CAST(1196 AS INT), d_month_seq >= CAST(1185 AS INT)
|     mem-estimate=32.00MB mem-reservation=512.00KB thread-reservation=1
|     tuple-ids=5 row-size=8B cardinality=7.30K
|     in pipelines: 05(GETNEXT)
|
03:AGGREGATE [FINALIZE]
|  output: sum(CASE WHEN (d_day_name = 'Sunday') THEN ss_sales_price ELSE NULL END), sum(CASE WHEN (d_day_name = 'Monday') THEN ss_sales_price ELSE NULL END), sum(CASE WHEN (d_day_name = 'Tuesday') THEN ss_sales_price ELSE NULL END), sum(CASE WHEN (d_day_name = 'Wednesday') THEN ss_sales_price ELSE NULL END), sum(CASE WHEN (d_day_name = 'Thursday') THEN ss_sales_price ELSE NULL END), sum(CASE WHEN (d_day_name = 'Friday') THEN ss_sales_price ELSE NULL END), sum(CASE WHEN (d_day_name = 'Saturday') THEN ss_sales_price ELSE NULL END)
|  group by: d_week_seq, ss_store_sk
|  mem-estimate=17.00MB mem-reservation=17.00MB spill-buffer=1.00MB thread-reservation=0
|  tuple-ids=2 row-size=120B cardinality=63.85K
|  in pipelines: 03(GETNEXT), 00(OPEN)
|
02:HASH JOIN [INNER JOIN]
|  hash predicates: ss_sold_date_sk = d_date_sk
|  fk/pk conjuncts: ss_sold_date_sk = d_date_sk
|  runtime filters: RF008[bloom] <- d_date_sk
|  mem-estimate=4.75MB mem-reservation=4.75MB spill-buffer=256.00KB thread-reservation=0
|  tuple-ids=0,1 row-size=39B cardinality=2.88M
|  in pipelines: 00(GETNEXT), 01(OPEN)
|
|--01:SCAN HDFS [tpcds_parquet.date_dim]
|     HDFS partitions=1/1 files=1 size=2.15MB
|     runtime filters: RF007[min_max] -> tpcds_parquet.date_dim.d_week_seq, RF002[min_max] -> tpcds_parquet.date_dim.d_week_seq, RF006[bloom] -> tpcds_parquet.date_dim.d_week_seq, RF000[bloom] -> tpcds_parquet.date_dim.d_week_seq
|     stored statistics:
|       table: rows=73.05K size=2.15MB
|       columns: all
|     extrapolated-rows=disabled max-scan-range-rows=73.05K
|     mem-estimate=48.00MB mem-reservation=512.00KB thread-reservation=1
|     tuple-ids=1 row-size=27B cardinality=73.05K
|     in pipelines: 01(GETNEXT)
|
00:SCAN HDFS [tpcds_parquet.store_sales]
   HDFS partitions=1824/1824 files=1824 size=200.96MB
   runtime filters: RF005[min_max] -> tpcds_parquet.store_sales.ss_store_sk, RF004[bloom] -> tpcds_parquet.store_sales.ss_store_sk, RF008[bloom] -> ss_sold_date_sk
   stored statistics:
     table: rows=2.88M size=200.96MB
     partitions: 1824/1824 rows=2.88M
     columns: all
   extrapolated-rows=disabled max-scan-range-rows=130.09K
   mem-estimate=32.00MB mem-reservation=512.00KB thread-reservation=1
   tuple-ids=0 row-size=12B cardinality=2.88M
   in pipelines: 00(GETNEXT)
---- DISTRIBUTEDPLAN
Max Per-Host Resource Reservation: Memory=87.54MB Threads=20
Per-Host Resource Estimates: Memory=415MB
F11:PLAN FRAGMENT [UNPARTITIONED] hosts=1 instances=1
|  Per-Host Resources: mem-estimate=4.09MB mem-reservation=4.00MB thread-reservation=1
PLAN-ROOT SINK
|  output exprs: s_store_name1, s_store_id1, d_week_seq1, sun_sales1 / sun_sales2, mon_sales1 / mon_sales2, tue_sales1 / tue_sales2, wed_sales1 / wed_sales2, thu_sales1 / thu_sales2, fri_sales1 / fri_sales2, sat_sales1 / sat_sales2
|  mem-estimate=4.00MB mem-reservation=4.00MB spill-buffer=2.00MB thread-reservation=0
|
30:MERGING-EXCHANGE [UNPARTITIONED]
|  order by: s_store_name1 ASC, s_store_id1 ASC, d_week_seq1 ASC
|  limit: 100
|  mem-estimate=89.79KB mem-reservation=0B thread-reservation=0
|  tuple-ids=14 row-size=272B cardinality=100
|  in pipelines: 17(GETNEXT)
|
F10:PLAN FRAGMENT [HASH(d_week_seq,s_store_id)] hosts=3 instances=3
Per-Host Resources: mem-estimate=13.17MB mem-reservation=6.75MB thread-reservation=1 runtime-filters-memory=2.00MB
17:TOP-N [LIMIT=100]
|  order by: s_store_name1 ASC, s_store_id1 ASC, d_week_seq1 ASC
|  mem-estimate=26.59KB mem-reservation=0B thread-reservation=0
|  tuple-ids=14 row-size=272B cardinality=100
|  in pipelines: 17(GETNEXT), 20(OPEN)
|
16:HASH JOIN [INNER JOIN, PARTITIONED]
|  hash predicates: d_week_seq = d_week_seq - 52, s_store_id = s_store_id
|  fk/pk conjuncts: none
|  runtime filters: RF000[bloom] <- d_week_seq - 52, RF001[bloom] <- s_store_id, RF002[min_max] <- d_week_seq - 52, RF003[min_max] <- s_store_id
|  mem-estimate=4.75MB mem-reservation=4.75MB spill-buffer=256.00KB thread-reservation=0
|  tuple-ids=2,5,4,9,12,11 row-size=336B cardinality=419.05M
|  in pipelines: 20(GETNEXT), 25(OPEN)
|
|--29:EXCHANGE [HASH(d_week_seq - 52,s_store_id)]
|  |  mem-estimate=3.05MB mem-reservation=0B thread-reservation=0
|  |  tuple-ids=9,12,11 row-size=160B cardinality=50.14K
|  |  in pipelines: 25(GETNEXT)
|  |
|  F07:PLAN FRAGMENT [HASH(d_week_seq,ss_store_sk)] hosts=3 instances=3
|  Per-Host Resources: mem-estimate=18.76MB mem-reservation=10.62MB thread-reservation=1 runtime-filters-memory=2.00MB
|  15:HASH JOIN [INNER JOIN, BROADCAST]
|  |  hash predicates: ss_store_sk = s_store_sk
|  |  fk/pk conjuncts: ss_store_sk = s_store_sk
|  |  runtime filters: RF010[bloom] <- s_store_sk, RF011[min_max] <- s_store_sk
|  |  mem-estimate=1.94MB mem-reservation=1.94MB spill-buffer=64.00KB thread-reservation=0
|  |  tuple-ids=9,12,11 row-size=160B cardinality=50.14K
|  |  in pipelines: 25(GETNEXT), 12(OPEN)
|  |
|  |--27:EXCHANGE [BROADCAST]
|  |  |  mem-estimate=16.00KB mem-reservation=0B thread-reservation=0
|  |  |  tuple-ids=11 row-size=32B cardinality=12
|  |  |  in pipelines: 12(GETNEXT)
|  |  |
|  |  F09:PLAN FRAGMENT [RANDOM] hosts=1 instances=1
|  |  Per-Host Resources: mem-estimate=32.00MB mem-reservation=16.00KB thread-reservation=2
|  |  12:SCAN HDFS [tpcds_parquet.store, RANDOM]
|  |     HDFS partitions=1/1 files=1 size=9.93KB
|  |     stored statistics:
|  |       table: rows=12 size=9.93KB
|  |       columns: all
|  |     extrapolated-rows=disabled max-scan-range-rows=12
|  |     mem-estimate=32.00MB mem-reservation=16.00KB thread-reservation=1
|  |     tuple-ids=11 row-size=32B cardinality=12
|  |     in pipelines: 12(GETNEXT)
|  |
|  14:HASH JOIN [INNER JOIN, BROADCAST]
|  |  hash predicates: d_week_seq = d.d_week_seq
|  |  fk/pk conjuncts: none
|  |  runtime filters: RF012[bloom] <- d.d_week_seq, RF013[min_max] <- d.d_week_seq
|  |  mem-estimate=1.94MB mem-reservation=1.94MB spill-buffer=64.00KB thread-reservation=0
|  |  tuple-ids=9,12 row-size=128B cardinality=50.14K
|  |  in pipelines: 25(GETNEXT), 13(OPEN)
|  |
|  |--26:EXCHANGE [BROADCAST]
|  |  |  mem-estimate=69.07KB mem-reservation=0B thread-reservation=0
|  |  |  tuple-ids=12 row-size=8B cardinality=7.30K
|  |  |  in pipelines: 13(GETNEXT)
|  |  |
|  |  F08:PLAN FRAGMENT [RANDOM] hosts=1 instances=1
|  |  Per-Host Resources: mem-estimate=32.00MB mem-reservation=512.00KB thread-reservation=2
|  |  13:SCAN HDFS [tpcds_parquet.date_dim d, RANDOM]
|  |     HDFS partitions=1/1 files=1 size=2.15MB
|  |     predicates: d_month_seq <= CAST(1208 AS INT), d_month_seq >= CAST(1197 AS INT)
|  |     stored statistics:
|  |       table: rows=73.05K size=2.15MB
|  |       columns: all
|  |     extrapolated-rows=disabled max-scan-range-rows=73.05K
|  |     parquet statistics predicates: d_month_seq <= CAST(1208 AS INT), d_month_seq >= CAST(1197 AS INT)
|  |     parquet dictionary predicates: d_month_seq <= CAST(1208 AS INT), d_month_seq >= CAST(1197 AS INT)
|  |     mem-estimate=32.00MB mem-reservation=512.00KB thread-reservation=1
|  |     tuple-ids=12 row-size=8B cardinality=7.30K
|  |     in pipelines: 13(GETNEXT)
|  |
|  25:AGGREGATE [FINALIZE]
|  |  output: sum:merge(CASE WHEN (d_day_name = 'Sunday') THEN ss_sales_price ELSE NULL END), sum:merge(CASE WHEN (d_day_name = 'Monday') THEN ss_sales_price ELSE NULL END), sum:merge(CASE WHEN (d_day_name = 'Tuesday') THEN ss_sales_price ELSE NULL END), sum:merge(CASE WHEN (d_day_name = 'Wednesday') THEN ss_sales_price ELSE NULL END), sum:merge(CASE WHEN (d_day_name = 'Thursday') THEN ss_sales_price ELSE NULL END), sum:merge(CASE WHEN (d_day_name = 'Friday') THEN ss_sales_price ELSE NULL END), sum:merge(CASE WHEN (d_day_name = 'Saturday') THEN ss_sales_price ELSE NULL END)
|  |  group by: d_week_seq, ss_store_sk
|  |  mem-estimate=10.00MB mem-reservation=4.75MB spill-buffer=256.00KB thread-reservation=0
|  |  tuple-ids=9 row-size=120B cardinality=63.85K
|  |  in pipelines: 25(GETNEXT), 08(OPEN)
|  |
|  24:EXCHANGE [HASH(d_week_seq,ss_store_sk)]
|  |  mem-estimate=2.80MB mem-reservation=0B thread-reservation=0
|  |  tuple-ids=9 row-size=120B cardinality=63.85K
|  |  in pipelines: 08(GETNEXT)
|  |
|  F05:PLAN FRAGMENT [RANDOM] hosts=3 instances=3
|  Per-Host Resources: mem-estimate=57.67MB mem-reservation=24.25MB thread-reservation=2 runtime-filters-memory=2.00MB
|  11:AGGREGATE [STREAMING]
|  |  output: sum(CASE WHEN (d_day_name = 'Sunday') THEN ss_sales_price ELSE NULL END), sum(CASE WHEN (d_day_name = 'Monday') THEN ss_sales_price ELSE NULL END), sum(CASE WHEN (d_day_name = 'Tuesday') THEN ss_sales_price ELSE NULL END), sum(CASE WHEN (d_day_name = 'Wednesday') THEN ss_sales_price ELSE NULL END), sum(CASE WHEN (d_day_name = 'Thursday') THEN ss_sales_price ELSE NULL END), sum(CASE WHEN (d_day_name = 'Friday') THEN ss_sales_price ELSE NULL END), sum(CASE WHEN (d_day_name = 'Saturday') THEN ss_sales_price ELSE NULL END)
|  |  group by: d_week_seq, ss_store_sk
|  |  mem-estimate=17.00MB mem-reservation=17.00MB spill-buffer=1.00MB thread-reservation=0
|  |  tuple-ids=9 row-size=120B cardinality=63.85K
|  |  in pipelines: 08(GETNEXT)
|  |
|  10:HASH JOIN [INNER JOIN, BROADCAST]
|  |  hash predicates: ss_sold_date_sk = d_date_sk
|  |  fk/pk conjuncts: ss_sold_date_sk = d_date_sk
|  |  runtime filters: RF014[bloom] <- d_date_sk
|  |  mem-estimate=4.75MB mem-reservation=4.75MB spill-buffer=256.00KB thread-reservation=0
|  |  tuple-ids=7,8 row-size=39B cardinality=2.88M
|  |  in pipelines: 08(GETNEXT), 09(OPEN)
|  |
|  |--23:EXCHANGE [BROADCAST]
|  |  |  mem-estimate=1.92MB mem-reservation=0B thread-reservation=0
|  |  |  tuple-ids=8 row-size=27B cardinality=73.05K
|  |  |  in pipelines: 09(GETNEXT)
|  |  |
|  |  F06:PLAN FRAGMENT [RANDOM] hosts=1 instances=1
|  |  Per-Host Resources: mem-estimate=49.00MB mem-reservation=1.50MB thread-reservation=2 runtime-filters-memory=1.00MB
|  |  09:SCAN HDFS [tpcds_parquet.date_dim, RANDOM]
|  |     HDFS partitions=1/1 files=1 size=2.15MB
|  |     runtime filters: RF013[min_max] -> tpcds_parquet.date_dim.d_week_seq, RF012[bloom] -> tpcds_parquet.date_dim.d_week_seq
|  |     stored statistics:
|  |       table: rows=73.05K size=2.15MB
|  |       columns: all
|  |     extrapolated-rows=disabled max-scan-range-rows=73.05K
|  |     mem-estimate=48.00MB mem-reservation=512.00KB thread-reservation=1
|  |     tuple-ids=8 row-size=27B cardinality=73.05K
|  |     in pipelines: 09(GETNEXT)
|  |
|  08:SCAN HDFS [tpcds_parquet.store_sales, RANDOM]
|     HDFS partitions=1824/1824 files=1824 size=200.96MB
|     runtime filters: RF011[min_max] -> tpcds_parquet.store_sales.ss_store_sk, RF010[bloom] -> tpcds_parquet.store_sales.ss_store_sk, RF014[bloom] -> ss_sold_date_sk
|     stored statistics:
|       table: rows=2.88M size=200.96MB
|       partitions: 1824/1824 rows=2.88M
|       columns: all
|     extrapolated-rows=disabled max-scan-range-rows=130.09K
|     mem-estimate=32.00MB mem-reservation=512.00KB thread-reservation=1
|     tuple-ids=7 row-size=12B cardinality=2.88M
|     in pipelines: 08(GETNEXT)
|
28:EXCHANGE [HASH(d_week_seq,s_store_id)]
|  mem-estimate=3.36MB mem-reservation=0B thread-reservation=0
|  tuple-ids=2,5,4 row-size=176B cardinality=50.14K
|  in pipelines: 20(GETNEXT)
|
F02:PLAN FRAGMENT [HASH(d_week_seq,ss_store_sk)] hosts=3 instances=3
Per-Host Resources: mem-estimate=18.76MB mem-reservation=10.62MB thread-reservation=1 runtime-filters-memory=2.00MB
07:HASH JOIN [INNER JOIN, BROADCAST]
|  hash predicates: ss_store_sk = s_store_sk
|  fk/pk conjuncts: ss_store_sk = s_store_sk
|  runtime filters: RF004[bloom] <- s_store_sk, RF005[min_max] <- s_store_sk
|  mem-estimate=1.94MB mem-reservation=1.94MB spill-buffer=64.00KB thread-reservation=0
|  tuple-ids=2,5,4 row-size=176B cardinality=50.14K
|  in pipelines: 20(GETNEXT), 04(OPEN)
|
|--22:EXCHANGE [BROADCAST]
|  |  mem-estimate=16.00KB mem-reservation=0B thread-reservation=0
|  |  tuple-ids=4 row-size=48B cardinality=12
|  |  in pipelines: 04(GETNEXT)
|  |
|  F04:PLAN FRAGMENT [RANDOM] hosts=1 instances=1
|  Per-Host Resources: mem-estimate=49.00MB mem-reservation=1.02MB thread-reservation=2 runtime-filters-memory=1.00MB
|  04:SCAN HDFS [tpcds_parquet.store, RANDOM]
|     HDFS partitions=1/1 files=1 size=9.93KB
|     runtime filters: RF003[min_max] -> s_store_id, RF001[bloom] -> s_store_id
|     stored statistics:
|       table: rows=12 size=9.93KB
|       columns: all
|     extrapolated-rows=disabled max-scan-range-rows=12
|     mem-estimate=48.00MB mem-reservation=24.00KB thread-reservation=1
|     tuple-ids=4 row-size=48B cardinality=12
|     in pipelines: 04(GETNEXT)
|
06:HASH JOIN [INNER JOIN, BROADCAST]
|  hash predicates: d_week_seq = d.d_week_seq
|  fk/pk conjuncts: none
|  runtime filters: RF006[bloom] <- d.d_week_seq, RF007[min_max] <- d.d_week_seq
|  mem-estimate=1.94MB mem-reservation=1.94MB spill-buffer=64.00KB thread-reservation=0
|  tuple-ids=2,5 row-size=128B cardinality=50.14K
|  in pipelines: 20(GETNEXT), 05(OPEN)
|
|--21:EXCHANGE [BROADCAST]
|  |  mem-estimate=69.07KB mem-reservation=0B thread-reservation=0
|  |  tuple-ids=5 row-size=8B cardinality=7.30K
|  |  in pipelines: 05(GETNEXT)
|  |
|  F03:PLAN FRAGMENT [RANDOM] hosts=1 instances=1
|  Per-Host Resources: mem-estimate=33.00MB mem-reservation=1.50MB thread-reservation=2 runtime-filters-memory=1.00MB
|  05:SCAN HDFS [tpcds_parquet.date_dim d, RANDOM]
|     HDFS partitions=1/1 files=1 size=2.15MB
|     predicates: d_month_seq <= CAST(1196 AS INT), d_month_seq >= CAST(1185 AS INT)
|     runtime filters: RF002[min_max] -> d.d_week_seq, RF000[bloom] -> d.d_week_seq
|     stored statistics:
|       table: rows=73.05K size=2.15MB
|       columns: all
|     extrapolated-rows=disabled max-scan-range-rows=73.05K
|     parquet statistics predicates: d_month_seq <= CAST(1196 AS INT), d_month_seq >= CAST(1185 AS INT)
|     parquet dictionary predicates: d_month_seq <= CAST(1196 AS INT), d_month_seq >= CAST(1185 AS INT)
|     mem-estimate=32.00MB mem-reservation=512.00KB thread-reservation=1
|     tuple-ids=5 row-size=8B cardinality=7.30K
|     in pipelines: 05(GETNEXT)
|
20:AGGREGATE [FINALIZE]
|  output: sum:merge(CASE WHEN (d_day_name = 'Sunday') THEN ss_sales_price ELSE NULL END), sum:merge(CASE WHEN (d_day_name = 'Monday') THEN ss_sales_price ELSE NULL END), sum:merge(CASE WHEN (d_day_name = 'Tuesday') THEN ss_sales_price ELSE NULL END), sum:merge(CASE WHEN (d_day_name = 'Wednesday') THEN ss_sales_price ELSE NULL END), sum:merge(CASE WHEN (d_day_name = 'Thursday') THEN ss_sales_price ELSE NULL END), sum:merge(CASE WHEN (d_day_name = 'Friday') THEN ss_sales_price ELSE NULL END), sum:merge(CASE WHEN (d_day_name = 'Saturday') THEN ss_sales_price ELSE NULL END)
|  group by: d_week_seq, ss_store_sk
|  mem-estimate=10.00MB mem-reservation=4.75MB spill-buffer=256.00KB thread-reservation=0
|  tuple-ids=2 row-size=120B cardinality=63.85K
|  in pipelines: 20(GETNEXT), 00(OPEN)
|
19:EXCHANGE [HASH(d_week_seq,ss_store_sk)]
|  mem-estimate=2.80MB mem-reservation=0B thread-reservation=0
|  tuple-ids=2 row-size=120B cardinality=63.85K
|  in pipelines: 00(GETNEXT)
|
F00:PLAN FRAGMENT [RANDOM] hosts=3 instances=3
Per-Host Resources: mem-estimate=57.67MB mem-reservation=24.25MB thread-reservation=2 runtime-filters-memory=2.00MB
03:AGGREGATE [STREAMING]
|  output: sum(CASE WHEN (d_day_name = 'Sunday') THEN ss_sales_price ELSE NULL END), sum(CASE WHEN (d_day_name = 'Monday') THEN ss_sales_price ELSE NULL END), sum(CASE WHEN (d_day_name = 'Tuesday') THEN ss_sales_price ELSE NULL END), sum(CASE WHEN (d_day_name = 'Wednesday') THEN ss_sales_price ELSE NULL END), sum(CASE WHEN (d_day_name = 'Thursday') THEN ss_sales_price ELSE NULL END), sum(CASE WHEN (d_day_name = 'Friday') THEN ss_sales_price ELSE NULL END), sum(CASE WHEN (d_day_name = 'Saturday') THEN ss_sales_price ELSE NULL END)
|  group by: d_week_seq, ss_store_sk
|  mem-estimate=17.00MB mem-reservation=17.00MB spill-buffer=1.00MB thread-reservation=0
|  tuple-ids=2 row-size=120B cardinality=63.85K
|  in pipelines: 00(GETNEXT)
|
02:HASH JOIN [INNER JOIN, BROADCAST]
|  hash predicates: ss_sold_date_sk = d_date_sk
|  fk/pk conjuncts: ss_sold_date_sk = d_date_sk
|  runtime filters: RF008[bloom] <- d_date_sk
|  mem-estimate=4.75MB mem-reservation=4.75MB spill-buffer=256.00KB thread-reservation=0
|  tuple-ids=0,1 row-size=39B cardinality=2.88M
|  in pipelines: 00(GETNEXT), 01(OPEN)
|
|--18:EXCHANGE [BROADCAST]
|  |  mem-estimate=1.92MB mem-reservation=0B thread-reservation=0
|  |  tuple-ids=1 row-size=27B cardinality=73.05K
|  |  in pipelines: 01(GETNEXT)
|  |
|  F01:PLAN FRAGMENT [RANDOM] hosts=1 instances=1
|  Per-Host Resources: mem-estimate=50.00MB mem-reservation=2.50MB thread-reservation=2 runtime-filters-memory=2.00MB
|  01:SCAN HDFS [tpcds_parquet.date_dim, RANDOM]
|     HDFS partitions=1/1 files=1 size=2.15MB
|     runtime filters: RF007[min_max] -> tpcds_parquet.date_dim.d_week_seq, RF002[min_max] -> tpcds_parquet.date_dim.d_week_seq, RF006[bloom] -> tpcds_parquet.date_dim.d_week_seq, RF000[bloom] -> tpcds_parquet.date_dim.d_week_seq
|     stored statistics:
|       table: rows=73.05K size=2.15MB
|       columns: all
|     extrapolated-rows=disabled max-scan-range-rows=73.05K
|     mem-estimate=48.00MB mem-reservation=512.00KB thread-reservation=1
|     tuple-ids=1 row-size=27B cardinality=73.05K
|     in pipelines: 01(GETNEXT)
|
00:SCAN HDFS [tpcds_parquet.store_sales, RANDOM]
   HDFS partitions=1824/1824 files=1824 size=200.96MB
   runtime filters: RF005[min_max] -> tpcds_parquet.store_sales.ss_store_sk, RF004[bloom] -> tpcds_parquet.store_sales.ss_store_sk, RF008[bloom] -> ss_sold_date_sk
   stored statistics:
     table: rows=2.88M size=200.96MB
     partitions: 1824/1824 rows=2.88M
     columns: all
   extrapolated-rows=disabled max-scan-range-rows=130.09K
   mem-estimate=32.00MB mem-reservation=512.00KB thread-reservation=1
   tuple-ids=0 row-size=12B cardinality=2.88M
   in pipelines: 00(GETNEXT)
---- PARALLELPLANS
Max Per-Host Resource Reservation: Memory=146.79MB Threads=25
Per-Host Resource Estimates: Memory=363MB
F11:PLAN FRAGMENT [UNPARTITIONED] hosts=1 instances=1
|  Per-Instance Resources: mem-estimate=4.17MB mem-reservation=4.00MB thread-reservation=1
PLAN-ROOT SINK
|  output exprs: s_store_name1, s_store_id1, d_week_seq1, sun_sales1 / sun_sales2, mon_sales1 / mon_sales2, tue_sales1 / tue_sales2, wed_sales1 / wed_sales2, thu_sales1 / thu_sales2, fri_sales1 / fri_sales2, sat_sales1 / sat_sales2
|  mem-estimate=4.00MB mem-reservation=4.00MB spill-buffer=2.00MB thread-reservation=0
|
30:MERGING-EXCHANGE [UNPARTITIONED]
|  order by: s_store_name1 ASC, s_store_id1 ASC, d_week_seq1 ASC
|  limit: 100
|  mem-estimate=170.73KB mem-reservation=0B thread-reservation=0
|  tuple-ids=14 row-size=272B cardinality=100
|  in pipelines: 17(GETNEXT)
|
F10:PLAN FRAGMENT [HASH(d_week_seq,s_store_id)] hosts=3 instances=6
Per-Instance Resources: mem-estimate=3.94MB mem-reservation=0B thread-reservation=1
17:TOP-N [LIMIT=100]
|  order by: s_store_name1 ASC, s_store_id1 ASC, d_week_seq1 ASC
|  mem-estimate=26.59KB mem-reservation=0B thread-reservation=0
|  tuple-ids=14 row-size=272B cardinality=100
|  in pipelines: 17(GETNEXT), 20(OPEN)
|
16:HASH JOIN [INNER JOIN, PARTITIONED]
|  hash-table-id=00
|  hash predicates: d_week_seq = d_week_seq - 52, s_store_id = s_store_id
|  fk/pk conjuncts: none
|  mem-estimate=0B mem-reservation=0B spill-buffer=128.00KB thread-reservation=0
|  tuple-ids=2,5,4,9,12,11 row-size=336B cardinality=419.05M
|  in pipelines: 20(GETNEXT), 25(OPEN)
|
|--F12:PLAN FRAGMENT [HASH(d_week_seq,s_store_id)] hosts=3 instances=6
|  |  Per-Instance Resources: mem-estimate=8.43MB mem-reservation=4.88MB thread-reservation=1 runtime-filters-memory=2.00MB
|  JOIN BUILD
|  |  join-table-id=00 plan-id=01 cohort-id=01
|  |  build expressions: d_week_seq - 52, s_store_id
|  |  runtime filters: RF000[bloom] <- d_week_seq - 52, RF001[bloom] <- s_store_id, RF002[min_max] <- d_week_seq - 52, RF003[min_max] <- s_store_id
|  |  mem-estimate=2.88MB mem-reservation=2.88MB spill-buffer=128.00KB thread-reservation=0
|  |
|  29:EXCHANGE [HASH(d_week_seq - 52,s_store_id)]
|  |  mem-estimate=3.56MB mem-reservation=0B thread-reservation=0
|  |  tuple-ids=9,12,11 row-size=160B cardinality=50.14K
|  |  in pipelines: 25(GETNEXT)
|  |
|  F07:PLAN FRAGMENT [HASH(d_week_seq,ss_store_sk)] hosts=3 instances=6
|  Per-Instance Resources: mem-estimate=13.16MB mem-reservation=2.88MB thread-reservation=1
|  15:HASH JOIN [INNER JOIN, BROADCAST]
|  |  hash-table-id=01
|  |  hash predicates: ss_store_sk = s_store_sk
|  |  fk/pk conjuncts: ss_store_sk = s_store_sk
|  |  mem-estimate=0B mem-reservation=0B spill-buffer=64.00KB thread-reservation=0
|  |  tuple-ids=9,12,11 row-size=160B cardinality=50.14K
|  |  in pipelines: 25(GETNEXT), 12(OPEN)
|  |
|  |--F13:PLAN FRAGMENT [HASH(d_week_seq,ss_store_sk)] hosts=3 instances=3
|  |  |  Per-Instance Resources: mem-estimate=4.89MB mem-reservation=4.88MB thread-reservation=1 runtime-filters-memory=1.00MB
|  |  JOIN BUILD
|  |  |  join-table-id=01 plan-id=02 cohort-id=02
|  |  |  build expressions: s_store_sk
|  |  |  runtime filters: RF010[bloom] <- s_store_sk, RF011[min_max] <- s_store_sk
|  |  |  mem-estimate=3.88MB mem-reservation=3.88MB spill-buffer=64.00KB thread-reservation=0
|  |  |
|  |  27:EXCHANGE [BROADCAST]
|  |  |  mem-estimate=16.00KB mem-reservation=0B thread-reservation=0
|  |  |  tuple-ids=11 row-size=32B cardinality=12
|  |  |  in pipelines: 12(GETNEXT)
|  |  |
|  |  F09:PLAN FRAGMENT [RANDOM] hosts=1 instances=1
|  |  Per-Instance Resources: mem-estimate=16.00MB mem-reservation=16.00KB thread-reservation=1
|  |  12:SCAN HDFS [tpcds_parquet.store, RANDOM]
|  |     HDFS partitions=1/1 files=1 size=9.93KB
|  |     stored statistics:
|  |       table: rows=12 size=9.93KB
|  |       columns: all
|  |     extrapolated-rows=disabled max-scan-range-rows=12
|  |     mem-estimate=16.00MB mem-reservation=16.00KB thread-reservation=0
|  |     tuple-ids=11 row-size=32B cardinality=12
|  |     in pipelines: 12(GETNEXT)
|  |
|  14:HASH JOIN [INNER JOIN, BROADCAST]
|  |  hash-table-id=02
|  |  hash predicates: d_week_seq = d.d_week_seq
|  |  fk/pk conjuncts: none
|  |  mem-estimate=0B mem-reservation=0B spill-buffer=64.00KB thread-reservation=0
|  |  tuple-ids=9,12 row-size=128B cardinality=50.14K
|  |  in pipelines: 25(GETNEXT), 13(OPEN)
|  |
|  |--F14:PLAN FRAGMENT [HASH(d_week_seq,ss_store_sk)] hosts=3 instances=3
|  |  |  Per-Instance Resources: mem-estimate=4.94MB mem-reservation=4.88MB thread-reservation=1 runtime-filters-memory=1.00MB
|  |  JOIN BUILD
|  |  |  join-table-id=02 plan-id=03 cohort-id=02
|  |  |  build expressions: d.d_week_seq
|  |  |  runtime filters: RF012[bloom] <- d.d_week_seq, RF013[min_max] <- d.d_week_seq
|  |  |  mem-estimate=3.88MB mem-reservation=3.88MB spill-buffer=64.00KB thread-reservation=0
|  |  |
|  |  26:EXCHANGE [BROADCAST]
|  |  |  mem-estimate=69.07KB mem-reservation=0B thread-reservation=0
|  |  |  tuple-ids=12 row-size=8B cardinality=7.30K
|  |  |  in pipelines: 13(GETNEXT)
|  |  |
|  |  F08:PLAN FRAGMENT [RANDOM] hosts=1 instances=1
|  |  Per-Instance Resources: mem-estimate=16.00MB mem-reservation=512.00KB thread-reservation=1
|  |  13:SCAN HDFS [tpcds_parquet.date_dim d, RANDOM]
|  |     HDFS partitions=1/1 files=1 size=2.15MB
|  |     predicates: d_month_seq <= CAST(1208 AS INT), d_month_seq >= CAST(1197 AS INT)
|  |     stored statistics:
|  |       table: rows=73.05K size=2.15MB
|  |       columns: all
|  |     extrapolated-rows=disabled max-scan-range-rows=73.05K
|  |     parquet statistics predicates: d_month_seq <= CAST(1208 AS INT), d_month_seq >= CAST(1197 AS INT)
|  |     parquet dictionary predicates: d_month_seq <= CAST(1208 AS INT), d_month_seq >= CAST(1197 AS INT)
|  |     mem-estimate=16.00MB mem-reservation=512.00KB thread-reservation=0
|  |     tuple-ids=12 row-size=8B cardinality=7.30K
|  |     in pipelines: 13(GETNEXT)
|  |
|  25:AGGREGATE [FINALIZE]
|  |  output: sum:merge(CASE WHEN (d_day_name = 'Sunday') THEN ss_sales_price ELSE NULL END), sum:merge(CASE WHEN (d_day_name = 'Monday') THEN ss_sales_price ELSE NULL END), sum:merge(CASE WHEN (d_day_name = 'Tuesday') THEN ss_sales_price ELSE NULL END), sum:merge(CASE WHEN (d_day_name = 'Wednesday') THEN ss_sales_price ELSE NULL END), sum:merge(CASE WHEN (d_day_name = 'Thursday') THEN ss_sales_price ELSE NULL END), sum:merge(CASE WHEN (d_day_name = 'Friday') THEN ss_sales_price ELSE NULL END), sum:merge(CASE WHEN (d_day_name = 'Saturday') THEN ss_sales_price ELSE NULL END)
|  |  group by: d_week_seq, ss_store_sk
|  |  mem-estimate=10.00MB mem-reservation=2.88MB spill-buffer=128.00KB thread-reservation=0
|  |  tuple-ids=9 row-size=120B cardinality=63.85K
|  |  in pipelines: 25(GETNEXT), 08(OPEN)
|  |
|  24:EXCHANGE [HASH(d_week_seq,ss_store_sk)]
|  |  mem-estimate=3.16MB mem-reservation=0B thread-reservation=0
|  |  tuple-ids=9 row-size=120B cardinality=63.85K
|  |  in pipelines: 08(GETNEXT)
|  |
|  F05:PLAN FRAGMENT [RANDOM] hosts=3 instances=6
|  Per-Host Shared Resources: mem-estimate=2.00MB mem-reservation=2.00MB thread-reservation=0 runtime-filters-memory=2.00MB
|  Per-Instance Resources: mem-estimate=33.00MB mem-reservation=17.50MB thread-reservation=1
|  11:AGGREGATE [STREAMING]
|  |  output: sum(CASE WHEN (d_day_name = 'Sunday') THEN ss_sales_price ELSE NULL END), sum(CASE WHEN (d_day_name = 'Monday') THEN ss_sales_price ELSE NULL END), sum(CASE WHEN (d_day_name = 'Tuesday') THEN ss_sales_price ELSE NULL END), sum(CASE WHEN (d_day_name = 'Wednesday') THEN ss_sales_price ELSE NULL END), sum(CASE WHEN (d_day_name = 'Thursday') THEN ss_sales_price ELSE NULL END), sum(CASE WHEN (d_day_name = 'Friday') THEN ss_sales_price ELSE NULL END), sum(CASE WHEN (d_day_name = 'Saturday') THEN ss_sales_price ELSE NULL END)
|  |  group by: d_week_seq, ss_store_sk
|  |  mem-estimate=17.00MB mem-reservation=17.00MB spill-buffer=1.00MB thread-reservation=0
|  |  tuple-ids=9 row-size=120B cardinality=63.85K
|  |  in pipelines: 08(GETNEXT)
|  |
|  10:HASH JOIN [INNER JOIN, BROADCAST]
|  |  hash-table-id=03
|  |  hash predicates: ss_sold_date_sk = d_date_sk
|  |  fk/pk conjuncts: ss_sold_date_sk = d_date_sk
|  |  mem-estimate=0B mem-reservation=0B spill-buffer=256.00KB thread-reservation=0
|  |  tuple-ids=7,8 row-size=39B cardinality=2.88M
|  |  in pipelines: 08(GETNEXT), 09(OPEN)
|  |
|  |--F15:PLAN FRAGMENT [RANDOM] hosts=3 instances=3
|  |  |  Per-Instance Resources: mem-estimate=12.42MB mem-reservation=10.50MB thread-reservation=1 runtime-filters-memory=1.00MB
|  |  JOIN BUILD
|  |  |  join-table-id=03 plan-id=04 cohort-id=02
|  |  |  build expressions: d_date_sk
|  |  |  runtime filters: RF014[bloom] <- d_date_sk
|  |  |  mem-estimate=9.50MB mem-reservation=9.50MB spill-buffer=256.00KB thread-reservation=0
|  |  |
|  |  23:EXCHANGE [BROADCAST]
|  |  |  mem-estimate=1.92MB mem-reservation=0B thread-reservation=0
|  |  |  tuple-ids=8 row-size=27B cardinality=73.05K
|  |  |  in pipelines: 09(GETNEXT)
|  |  |
|  |  F06:PLAN FRAGMENT [RANDOM] hosts=1 instances=1
|  |  Per-Host Shared Resources: mem-estimate=1.00MB mem-reservation=1.00MB thread-reservation=0 runtime-filters-memory=1.00MB
|  |  Per-Instance Resources: mem-estimate=16.00MB mem-reservation=512.00KB thread-reservation=1
|  |  09:SCAN HDFS [tpcds_parquet.date_dim, RANDOM]
|  |     HDFS partitions=1/1 files=1 size=2.15MB
|  |     runtime filters: RF013[min_max] -> tpcds_parquet.date_dim.d_week_seq, RF012[bloom] -> tpcds_parquet.date_dim.d_week_seq
|  |     stored statistics:
|  |       table: rows=73.05K size=2.15MB
|  |       columns: all
|  |     extrapolated-rows=disabled max-scan-range-rows=73.05K
|  |     mem-estimate=16.00MB mem-reservation=512.00KB thread-reservation=0
|  |     tuple-ids=8 row-size=27B cardinality=73.05K
|  |     in pipelines: 09(GETNEXT)
|  |
|  08:SCAN HDFS [tpcds_parquet.store_sales, RANDOM]
|     HDFS partitions=1824/1824 files=1824 size=200.96MB
|     runtime filters: RF011[min_max] -> tpcds_parquet.store_sales.ss_store_sk, RF010[bloom] -> tpcds_parquet.store_sales.ss_store_sk, RF014[bloom] -> ss_sold_date_sk
|     stored statistics:
|       table: rows=2.88M size=200.96MB
|       partitions: 1824/1824 rows=2.88M
|       columns: all
|     extrapolated-rows=disabled max-scan-range-rows=130.09K
|     mem-estimate=16.00MB mem-reservation=512.00KB thread-reservation=0
|     tuple-ids=7 row-size=12B cardinality=2.88M
|     in pipelines: 08(GETNEXT)
|
28:EXCHANGE [HASH(d_week_seq,s_store_id)]
|  mem-estimate=3.91MB mem-reservation=0B thread-reservation=0
|  tuple-ids=2,5,4 row-size=176B cardinality=50.14K
|  in pipelines: 20(GETNEXT)
|
F02:PLAN FRAGMENT [HASH(d_week_seq,ss_store_sk)] hosts=3 instances=6
Per-Instance Resources: mem-estimate=13.16MB mem-reservation=2.88MB thread-reservation=1
07:HASH JOIN [INNER JOIN, BROADCAST]
|  hash-table-id=04
|  hash predicates: ss_store_sk = s_store_sk
|  fk/pk conjuncts: ss_store_sk = s_store_sk
|  mem-estimate=0B mem-reservation=0B spill-buffer=64.00KB thread-reservation=0
|  tuple-ids=2,5,4 row-size=176B cardinality=50.14K
|  in pipelines: 20(GETNEXT), 04(OPEN)
|
|--F16:PLAN FRAGMENT [HASH(d_week_seq,ss_store_sk)] hosts=3 instances=3
|  |  Per-Instance Resources: mem-estimate=4.89MB mem-reservation=4.88MB thread-reservation=1 runtime-filters-memory=1.00MB
|  JOIN BUILD
|  |  join-table-id=04 plan-id=05 cohort-id=01
|  |  build expressions: s_store_sk
|  |  runtime filters: RF004[bloom] <- s_store_sk, RF005[min_max] <- s_store_sk
|  |  mem-estimate=3.88MB mem-reservation=3.88MB spill-buffer=64.00KB thread-reservation=0
|  |
|  22:EXCHANGE [BROADCAST]
|  |  mem-estimate=16.00KB mem-reservation=0B thread-reservation=0
|  |  tuple-ids=4 row-size=48B cardinality=12
|  |  in pipelines: 04(GETNEXT)
|  |
|  F04:PLAN FRAGMENT [RANDOM] hosts=1 instances=1
|  Per-Host Shared Resources: mem-estimate=1.00MB mem-reservation=1.00MB thread-reservation=0 runtime-filters-memory=1.00MB
|  Per-Instance Resources: mem-estimate=16.00MB mem-reservation=24.00KB thread-reservation=1
|  04:SCAN HDFS [tpcds_parquet.store, RANDOM]
|     HDFS partitions=1/1 files=1 size=9.93KB
|     runtime filters: RF003[min_max] -> s_store_id, RF001[bloom] -> s_store_id
|     stored statistics:
|       table: rows=12 size=9.93KB
|       columns: all
|     extrapolated-rows=disabled max-scan-range-rows=12
|     mem-estimate=16.00MB mem-reservation=24.00KB thread-reservation=0
|     tuple-ids=4 row-size=48B cardinality=12
|     in pipelines: 04(GETNEXT)
|
06:HASH JOIN [INNER JOIN, BROADCAST]
|  hash-table-id=05
|  hash predicates: d_week_seq = d.d_week_seq
|  fk/pk conjuncts: none
|  mem-estimate=0B mem-reservation=0B spill-buffer=64.00KB thread-reservation=0
|  tuple-ids=2,5 row-size=128B cardinality=50.14K
|  in pipelines: 20(GETNEXT), 05(OPEN)
|
|--F17:PLAN FRAGMENT [HASH(d_week_seq,ss_store_sk)] hosts=3 instances=3
|  |  Per-Instance Resources: mem-estimate=4.94MB mem-reservation=4.88MB thread-reservation=1 runtime-filters-memory=1.00MB
|  JOIN BUILD
|  |  join-table-id=05 plan-id=06 cohort-id=01
|  |  build expressions: d.d_week_seq
|  |  runtime filters: RF006[bloom] <- d.d_week_seq, RF007[min_max] <- d.d_week_seq
|  |  mem-estimate=3.88MB mem-reservation=3.88MB spill-buffer=64.00KB thread-reservation=0
|  |
|  21:EXCHANGE [BROADCAST]
|  |  mem-estimate=69.07KB mem-reservation=0B thread-reservation=0
|  |  tuple-ids=5 row-size=8B cardinality=7.30K
|  |  in pipelines: 05(GETNEXT)
|  |
|  F03:PLAN FRAGMENT [RANDOM] hosts=1 instances=1
|  Per-Host Shared Resources: mem-estimate=1.00MB mem-reservation=1.00MB thread-reservation=0 runtime-filters-memory=1.00MB
|  Per-Instance Resources: mem-estimate=16.00MB mem-reservation=512.00KB thread-reservation=1
|  05:SCAN HDFS [tpcds_parquet.date_dim d, RANDOM]
|     HDFS partitions=1/1 files=1 size=2.15MB
|     predicates: d_month_seq <= CAST(1196 AS INT), d_month_seq >= CAST(1185 AS INT)
|     runtime filters: RF002[min_max] -> d.d_week_seq, RF000[bloom] -> d.d_week_seq
|     stored statistics:
|       table: rows=73.05K size=2.15MB
|       columns: all
|     extrapolated-rows=disabled max-scan-range-rows=73.05K
|     parquet statistics predicates: d_month_seq <= CAST(1196 AS INT), d_month_seq >= CAST(1185 AS INT)
|     parquet dictionary predicates: d_month_seq <= CAST(1196 AS INT), d_month_seq >= CAST(1185 AS INT)
|     mem-estimate=16.00MB mem-reservation=512.00KB thread-reservation=0
|     tuple-ids=5 row-size=8B cardinality=7.30K
|     in pipelines: 05(GETNEXT)
|
20:AGGREGATE [FINALIZE]
|  output: sum:merge(CASE WHEN (d_day_name = 'Sunday') THEN ss_sales_price ELSE NULL END), sum:merge(CASE WHEN (d_day_name = 'Monday') THEN ss_sales_price ELSE NULL END), sum:merge(CASE WHEN (d_day_name = 'Tuesday') THEN ss_sales_price ELSE NULL END), sum:merge(CASE WHEN (d_day_name = 'Wednesday') THEN ss_sales_price ELSE NULL END), sum:merge(CASE WHEN (d_day_name = 'Thursday') THEN ss_sales_price ELSE NULL END), sum:merge(CASE WHEN (d_day_name = 'Friday') THEN ss_sales_price ELSE NULL END), sum:merge(CASE WHEN (d_day_name = 'Saturday') THEN ss_sales_price ELSE NULL END)
|  group by: d_week_seq, ss_store_sk
|  mem-estimate=10.00MB mem-reservation=2.88MB spill-buffer=128.00KB thread-reservation=0
|  tuple-ids=2 row-size=120B cardinality=63.85K
|  in pipelines: 20(GETNEXT), 00(OPEN)
|
19:EXCHANGE [HASH(d_week_seq,ss_store_sk)]
|  mem-estimate=3.16MB mem-reservation=0B thread-reservation=0
|  tuple-ids=2 row-size=120B cardinality=63.85K
|  in pipelines: 00(GETNEXT)
|
F00:PLAN FRAGMENT [RANDOM] hosts=3 instances=6
Per-Host Shared Resources: mem-estimate=2.00MB mem-reservation=2.00MB thread-reservation=0 runtime-filters-memory=2.00MB
Per-Instance Resources: mem-estimate=33.00MB mem-reservation=17.50MB thread-reservation=1
03:AGGREGATE [STREAMING]
|  output: sum(CASE WHEN (d_day_name = 'Sunday') THEN ss_sales_price ELSE NULL END), sum(CASE WHEN (d_day_name = 'Monday') THEN ss_sales_price ELSE NULL END), sum(CASE WHEN (d_day_name = 'Tuesday') THEN ss_sales_price ELSE NULL END), sum(CASE WHEN (d_day_name = 'Wednesday') THEN ss_sales_price ELSE NULL END), sum(CASE WHEN (d_day_name = 'Thursday') THEN ss_sales_price ELSE NULL END), sum(CASE WHEN (d_day_name = 'Friday') THEN ss_sales_price ELSE NULL END), sum(CASE WHEN (d_day_name = 'Saturday') THEN ss_sales_price ELSE NULL END)
|  group by: d_week_seq, ss_store_sk
|  mem-estimate=17.00MB mem-reservation=17.00MB spill-buffer=1.00MB thread-reservation=0
|  tuple-ids=2 row-size=120B cardinality=63.85K
|  in pipelines: 00(GETNEXT)
|
02:HASH JOIN [INNER JOIN, BROADCAST]
|  hash-table-id=06
|  hash predicates: ss_sold_date_sk = d_date_sk
|  fk/pk conjuncts: ss_sold_date_sk = d_date_sk
|  mem-estimate=0B mem-reservation=0B spill-buffer=256.00KB thread-reservation=0
|  tuple-ids=0,1 row-size=39B cardinality=2.88M
|  in pipelines: 00(GETNEXT), 01(OPEN)
|
|--F18:PLAN FRAGMENT [RANDOM] hosts=3 instances=3
|  |  Per-Instance Resources: mem-estimate=12.42MB mem-reservation=10.50MB thread-reservation=1 runtime-filters-memory=1.00MB
|  JOIN BUILD
|  |  join-table-id=06 plan-id=07 cohort-id=01
|  |  build expressions: d_date_sk
|  |  runtime filters: RF008[bloom] <- d_date_sk
|  |  mem-estimate=9.50MB mem-reservation=9.50MB spill-buffer=256.00KB thread-reservation=0
|  |
|  18:EXCHANGE [BROADCAST]
|  |  mem-estimate=1.92MB mem-reservation=0B thread-reservation=0
|  |  tuple-ids=1 row-size=27B cardinality=73.05K
|  |  in pipelines: 01(GETNEXT)
|  |
|  F01:PLAN FRAGMENT [RANDOM] hosts=1 instances=1
|  Per-Host Shared Resources: mem-estimate=2.00MB mem-reservation=2.00MB thread-reservation=0 runtime-filters-memory=2.00MB
|  Per-Instance Resources: mem-estimate=16.00MB mem-reservation=512.00KB thread-reservation=1
|  01:SCAN HDFS [tpcds_parquet.date_dim, RANDOM]
|     HDFS partitions=1/1 files=1 size=2.15MB
|     runtime filters: RF007[min_max] -> tpcds_parquet.date_dim.d_week_seq, RF002[min_max] -> tpcds_parquet.date_dim.d_week_seq, RF006[bloom] -> tpcds_parquet.date_dim.d_week_seq, RF000[bloom] -> tpcds_parquet.date_dim.d_week_seq
|     stored statistics:
|       table: rows=73.05K size=2.15MB
|       columns: all
|     extrapolated-rows=disabled max-scan-range-rows=73.05K
|     mem-estimate=16.00MB mem-reservation=512.00KB thread-reservation=0
|     tuple-ids=1 row-size=27B cardinality=73.05K
|     in pipelines: 01(GETNEXT)
|
00:SCAN HDFS [tpcds_parquet.store_sales, RANDOM]
   HDFS partitions=1824/1824 files=1824 size=200.96MB
   runtime filters: RF005[min_max] -> tpcds_parquet.store_sales.ss_store_sk, RF004[bloom] -> tpcds_parquet.store_sales.ss_store_sk, RF008[bloom] -> ss_sold_date_sk
   stored statistics:
     table: rows=2.88M size=200.96MB
     partitions: 1824/1824 rows=2.88M
     columns: all
   extrapolated-rows=disabled max-scan-range-rows=130.09K
   mem-estimate=16.00MB mem-reservation=512.00KB thread-reservation=0
   tuple-ids=0 row-size=12B cardinality=2.88M
   in pipelines: 00(GETNEXT)
====
