# Single-column FK/PK join detection.
select * from
tpcds.store_sales inner join tpcds.customer
on ss_customer_sk = c_customer_sk
where c_salutation = 'Mrs.'
---- PLAN
F00:PLAN FRAGMENT [UNPARTITIONED] hosts=1 instances=1
|  Per-Host Resources: mem-estimate=184.50MB mem-reservation=8.50MB
PLAN-ROOT SINK
|  mem-estimate=0B mem-reservation=0B
|
02:HASH JOIN [INNER JOIN]
|  hash predicates: ss_customer_sk = c_customer_sk
|  fk/pk conjuncts: ss_customer_sk = c_customer_sk
|  runtime filters: RF000 <- c_customer_sk
|  mem-estimate=8.50MB mem-reservation=8.50MB spill-buffer=512.00KB
|  tuple-ids=0,1 row-size=355B cardinality=529700
|
|--01:SCAN HDFS [tpcds.customer]
|     partitions=1/1 files=1 size=12.60MB
|     predicates: c_salutation = 'Mrs.'
|     stats-rows=100000 extrapolated-rows=disabled
|     table stats: rows=100000 size=12.60MB
|     column stats: all
|     parquet dictionary predicates: c_salutation = 'Mrs.'
|     mem-estimate=48.00MB mem-reservation=0B
|     tuple-ids=1 row-size=255B cardinality=16667
|
00:SCAN HDFS [tpcds.store_sales]
   partitions=1824/1824 files=1824 size=326.32MB
   runtime filters: RF000 -> ss_customer_sk
   stats-rows=2880404 extrapolated-rows=disabled
   table stats: rows=2880404 size=326.32MB
   column stats: all
   mem-estimate=128.00MB mem-reservation=0B
   tuple-ids=0 row-size=100B cardinality=2880404
====
# Single-column FK/PK join detection on left outer join. The join cardinality
# is not reduced based on the selectivity of the rhs.
select * from
tpcds.store_sales left outer join tpcds.customer
on ss_customer_sk = c_customer_sk
where c_salutation = 'Mrs.'
---- PLAN
F00:PLAN FRAGMENT [UNPARTITIONED] hosts=1 instances=1
|  Per-Host Resources: mem-estimate=184.50MB mem-reservation=8.50MB
PLAN-ROOT SINK
|  mem-estimate=0B mem-reservation=0B
|
02:HASH JOIN [LEFT OUTER JOIN]
|  hash predicates: ss_customer_sk = c_customer_sk
|  fk/pk conjuncts: ss_customer_sk = c_customer_sk
|  other predicates: c_salutation = 'Mrs.'
|  mem-estimate=8.50MB mem-reservation=8.50MB spill-buffer=512.00KB
|  tuple-ids=0,1N row-size=355B cardinality=2880404
|
|--01:SCAN HDFS [tpcds.customer]
|     partitions=1/1 files=1 size=12.60MB
|     predicates: c_salutation = 'Mrs.'
|     stats-rows=100000 extrapolated-rows=disabled
|     table stats: rows=100000 size=12.60MB
|     column stats: all
|     parquet dictionary predicates: c_salutation = 'Mrs.'
|     mem-estimate=48.00MB mem-reservation=0B
|     tuple-ids=1 row-size=255B cardinality=16667
|
00:SCAN HDFS [tpcds.store_sales]
   partitions=1824/1824 files=1824 size=326.32MB
   stats-rows=2880404 extrapolated-rows=disabled
   table stats: rows=2880404 size=326.32MB
   column stats: all
   mem-estimate=128.00MB mem-reservation=0B
   tuple-ids=0 row-size=100B cardinality=2880404
====
# Single-column FK/PK join detection on right outer join. The join cardinality
# is reduced based on the selectivity of the rhs.
select * from
tpcds.store_sales right outer join tpcds.customer
on ss_customer_sk = c_customer_sk
where c_salutation = 'Mrs.'
---- PLAN
F00:PLAN FRAGMENT [UNPARTITIONED] hosts=1 instances=1
|  Per-Host Resources: mem-estimate=184.50MB mem-reservation=8.50MB
PLAN-ROOT SINK
|  mem-estimate=0B mem-reservation=0B
|
02:HASH JOIN [RIGHT OUTER JOIN]
|  hash predicates: ss_customer_sk = c_customer_sk
|  fk/pk conjuncts: ss_customer_sk = c_customer_sk
|  runtime filters: RF000 <- c_customer_sk
|  mem-estimate=8.50MB mem-reservation=8.50MB spill-buffer=512.00KB
|  tuple-ids=0N,1 row-size=355B cardinality=529700
|
|--01:SCAN HDFS [tpcds.customer]
|     partitions=1/1 files=1 size=12.60MB
|     predicates: c_salutation = 'Mrs.'
|     stats-rows=100000 extrapolated-rows=disabled
|     table stats: rows=100000 size=12.60MB
|     column stats: all
|     parquet dictionary predicates: c_salutation = 'Mrs.'
|     mem-estimate=48.00MB mem-reservation=0B
|     tuple-ids=1 row-size=255B cardinality=16667
|
00:SCAN HDFS [tpcds.store_sales]
   partitions=1824/1824 files=1824 size=326.32MB
   runtime filters: RF000 -> ss_customer_sk
   stats-rows=2880404 extrapolated-rows=disabled
   table stats: rows=2880404 size=326.32MB
   column stats: all
   mem-estimate=128.00MB mem-reservation=0B
   tuple-ids=0 row-size=100B cardinality=2880404
====
# Multi-column FK/PK join detection
select * from
tpcds.store_sales inner join tpcds.store_returns
on ss_item_sk = sr_item_sk and ss_ticket_number = sr_ticket_number
where sr_return_quantity < 10
---- PLAN
F00:PLAN FRAGMENT [UNPARTITIONED] hosts=1 instances=1
|  Per-Host Resources: mem-estimate=212.75MB mem-reservation=4.75MB
PLAN-ROOT SINK
|  mem-estimate=0B mem-reservation=0B
|
02:HASH JOIN [INNER JOIN]
|  hash predicates: ss_item_sk = sr_item_sk, ss_ticket_number = sr_ticket_number
|  fk/pk conjuncts: ss_item_sk = sr_item_sk, ss_ticket_number = sr_ticket_number
|  runtime filters: RF000 <- sr_item_sk, RF001 <- sr_ticket_number
|  mem-estimate=4.75MB mem-reservation=4.75MB spill-buffer=256.00KB
|  tuple-ids=0,1 row-size=188B cardinality=211838
|
|--01:SCAN HDFS [tpcds.store_returns]
|     partitions=1/1 files=1 size=31.19MB
|     predicates: sr_return_quantity < 10
|     stats-rows=287514 extrapolated-rows=disabled
|     table stats: rows=287514 size=31.19MB
|     column stats: all
|     parquet dictionary predicates: sr_return_quantity < 10
|     mem-estimate=80.00MB mem-reservation=0B
|     tuple-ids=1 row-size=88B cardinality=28751
|
00:SCAN HDFS [tpcds.store_sales]
   partitions=1824/1824 files=1824 size=326.32MB
   runtime filters: RF000 -> ss_item_sk, RF001 -> ss_ticket_number
   stats-rows=2880404 extrapolated-rows=disabled
   table stats: rows=2880404 size=326.32MB
   column stats: all
   mem-estimate=128.00MB mem-reservation=0B
   tuple-ids=0 row-size=100B cardinality=2880404
====
# Many-to-many join detection.
select * from
tpcds.store_sales inner join tpcds.web_sales
on ss_sold_time_sk = ws_sold_time_sk
---- PLAN
F00:PLAN FRAGMENT [UNPARTITIONED] hosts=1 instances=1
|  Per-Host Resources: mem-estimate=396.67MB mem-reservation=34.00MB
PLAN-ROOT SINK
|  mem-estimate=0B mem-reservation=0B
|
02:HASH JOIN [INNER JOIN]
|  hash predicates: ss_sold_time_sk = ws_sold_time_sk
|  fk/pk conjuncts: none
|  runtime filters: RF000 <- ws_sold_time_sk
|  mem-estimate=108.67MB mem-reservation=34.00MB spill-buffer=2.00MB
|  tuple-ids=0,1 row-size=244B cardinality=44136418
|
|--01:SCAN HDFS [tpcds.web_sales]
|     partitions=1/1 files=1 size=140.07MB
|     stats-rows=719384 extrapolated-rows=disabled
|     table stats: rows=719384 size=140.07MB
|     column stats: all
|     mem-estimate=160.00MB mem-reservation=0B
|     tuple-ids=1 row-size=144B cardinality=719384
|
00:SCAN HDFS [tpcds.store_sales]
   partitions=1824/1824 files=1824 size=326.32MB
   runtime filters: RF000 -> ss_sold_time_sk
   stats-rows=2880404 extrapolated-rows=disabled
   table stats: rows=2880404 size=326.32MB
   column stats: all
   mem-estimate=128.00MB mem-reservation=0B
   tuple-ids=0 row-size=100B cardinality=2880404
====
# PK/PK join is detected as FK/PK.
select * from
tpcds.date_dim a inner join tpcds.date_dim b
on a.d_date_sk = b.d_date_sk
where a.d_holiday = "Y"
---- PLAN
F00:PLAN FRAGMENT [UNPARTITIONED] hosts=1 instances=1
|  Per-Host Resources: mem-estimate=113.00MB mem-reservation=17.00MB
PLAN-ROOT SINK
|  mem-estimate=0B mem-reservation=0B
|
02:HASH JOIN [INNER JOIN]
|  hash predicates: b.d_date_sk = a.d_date_sk
|  fk/pk conjuncts: b.d_date_sk = a.d_date_sk
|  runtime filters: RF000 <- a.d_date_sk
|  mem-estimate=17.00MB mem-reservation=17.00MB spill-buffer=1.00MB
|  tuple-ids=1,0 row-size=606B cardinality=36525
|
|--00:SCAN HDFS [tpcds.date_dim a]
|     partitions=1/1 files=1 size=9.84MB
|     predicates: a.d_holiday = 'Y'
|     stats-rows=73049 extrapolated-rows=disabled
|     table stats: rows=73049 size=9.84MB
|     column stats: all
|     parquet dictionary predicates: a.d_holiday = 'Y'
|     mem-estimate=48.00MB mem-reservation=0B
|     tuple-ids=0 row-size=303B cardinality=36525
|
01:SCAN HDFS [tpcds.date_dim b]
   partitions=1/1 files=1 size=9.84MB
   runtime filters: RF000 -> b.d_date_sk
   stats-rows=73049 extrapolated-rows=disabled
   table stats: rows=73049 size=9.84MB
   column stats: all
   mem-estimate=48.00MB mem-reservation=0B
   tuple-ids=1 row-size=303B cardinality=73049
====
# Single query with various join types combined.
select 1 from
  tpcds.store_sales, tpcds.store_returns, tpcds.customer,
  tpcds.date_dim d1, tpcds.date_dim d2
where ss_item_sk = sr_item_sk and ss_ticket_number = sr_ticket_number
  and ss_sold_date_sk = d1.d_date_sk
  and sr_returned_date_sk = d2.d_date_sk
  and ss_addr_sk = c_current_addr_sk
  and d1.d_fy_week_seq = 1000
---- PLAN
F00:PLAN FRAGMENT [UNPARTITIONED] hosts=1 instances=1
|  Per-Host Resources: mem-estimate=357.81MB mem-reservation=7.75MB
PLAN-ROOT SINK
|  mem-estimate=0B mem-reservation=0B
|
08:HASH JOIN [INNER JOIN]
|  hash predicates: ss_addr_sk = c_current_addr_sk
|  fk/pk conjuncts: none
|  runtime filters: RF000 <- c_current_addr_sk
|  mem-estimate=1.94MB mem-reservation=1.94MB spill-buffer=64.00KB
|  tuple-ids=1,0,3,4,2 row-size=60B cardinality=19358
|
|--02:SCAN HDFS [tpcds.customer]
|     partitions=1/1 files=1 size=12.60MB
|     stats-rows=100000 extrapolated-rows=disabled
|     table stats: rows=100000 size=12.60MB
|     column stats: all
|     mem-estimate=48.00MB mem-reservation=0B
|     tuple-ids=2 row-size=4B cardinality=100000
|
07:HASH JOIN [INNER JOIN]
|  hash predicates: sr_returned_date_sk = d2.d_date_sk
|  fk/pk conjuncts: sr_returned_date_sk = d2.d_date_sk
|  runtime filters: RF001 <- d2.d_date_sk
|  mem-estimate=1.94MB mem-reservation=1.94MB spill-buffer=64.00KB
|  tuple-ids=1,0,3,4 row-size=56B cardinality=8131
|
|--04:SCAN HDFS [tpcds.date_dim d2]
|     partitions=1/1 files=1 size=9.84MB
|     stats-rows=73049 extrapolated-rows=disabled
|     table stats: rows=73049 size=9.84MB
|     column stats: all
|     mem-estimate=48.00MB mem-reservation=0B
|     tuple-ids=4 row-size=4B cardinality=73049
|
06:HASH JOIN [INNER JOIN]
|  hash predicates: sr_item_sk = ss_item_sk, sr_ticket_number = ss_ticket_number
|  fk/pk conjuncts: sr_item_sk = ss_item_sk, sr_ticket_number = ss_ticket_number
|  runtime filters: RF002 <- ss_item_sk, RF003 <- ss_ticket_number
|  mem-estimate=1.94MB mem-reservation=1.94MB spill-buffer=64.00KB
|  tuple-ids=1,0,3 row-size=52B cardinality=8131
|
|--05:HASH JOIN [INNER JOIN]
|  |  hash predicates: ss_sold_date_sk = d1.d_date_sk
|  |  fk/pk conjuncts: ss_sold_date_sk = d1.d_date_sk
|  |  runtime filters: RF004 <- d1.d_date_sk
|  |  mem-estimate=1.94MB mem-reservation=1.94MB spill-buffer=64.00KB
|  |  tuple-ids=0,3 row-size=32B cardinality=11055
|  |
|  |--03:SCAN HDFS [tpcds.date_dim d1]
|  |     partitions=1/1 files=1 size=9.84MB
|  |     predicates: d1.d_fy_week_seq = 1000
|  |     stats-rows=73049 extrapolated-rows=disabled
|  |     table stats: rows=73049 size=9.84MB
|  |     column stats: all
|  |     parquet dictionary predicates: d1.d_fy_week_seq = 1000
|  |     mem-estimate=48.00MB mem-reservation=0B
|  |     tuple-ids=3 row-size=8B cardinality=7
|  |
|  00:SCAN HDFS [tpcds.store_sales]
|     partitions=1824/1824 files=1824 size=326.32MB
|     runtime filters: RF000 -> ss_addr_sk, RF004 -> ss_sold_date_sk
|     stats-rows=2880404 extrapolated-rows=disabled
|     table stats: rows=2880404 size=326.32MB
|     column stats: all
|     mem-estimate=128.00MB mem-reservation=0B
|     tuple-ids=0 row-size=24B cardinality=2880404
|
01:SCAN HDFS [tpcds.store_returns]
   partitions=1/1 files=1 size=31.19MB
   runtime filters: RF001 -> sr_returned_date_sk, RF002 -> sr_item_sk, RF003 -> sr_ticket_number
   stats-rows=287514 extrapolated-rows=disabled
   table stats: rows=287514 size=31.19MB
   column stats: all
   mem-estimate=80.00MB mem-reservation=0B
   tuple-ids=1 row-size=20B cardinality=287514
====
# Assumed FK/PK join becasue of non-trivial equi-join exprs.
select * from
tpcds.store_sales inner join tpcds.customer
on ss_customer_sk % 10 = c_customer_sk / 100
---- PLAN
F00:PLAN FRAGMENT [UNPARTITIONED] hosts=1 instances=1
|  Per-Host Resources: mem-estimate=210.00MB mem-reservation=34.00MB
PLAN-ROOT SINK
|  mem-estimate=0B mem-reservation=0B
|
02:HASH JOIN [INNER JOIN]
|  hash predicates: ss_customer_sk % 10 = c_customer_sk / 100
|  fk/pk conjuncts: assumed fk/pk
|  runtime filters: RF000 <- c_customer_sk / 100
|  mem-estimate=34.00MB mem-reservation=34.00MB spill-buffer=2.00MB
|  tuple-ids=0,1 row-size=355B cardinality=2880404
|
|--01:SCAN HDFS [tpcds.customer]
|     partitions=1/1 files=1 size=12.60MB
|     stats-rows=100000 extrapolated-rows=disabled
|     table stats: rows=100000 size=12.60MB
|     column stats: all
|     mem-estimate=48.00MB mem-reservation=0B
|     tuple-ids=1 row-size=255B cardinality=100000
|
00:SCAN HDFS [tpcds.store_sales]
   partitions=1824/1824 files=1824 size=326.32MB
   runtime filters: RF000 -> ss_customer_sk % 10
   stats-rows=2880404 extrapolated-rows=disabled
   table stats: rows=2880404 size=326.32MB
   column stats: all
   mem-estimate=128.00MB mem-reservation=0B
   tuple-ids=0 row-size=100B cardinality=2880404
====
# Assumed FK/PK join due to missing stats on the rhs. Join cardinality is equal to
# the lhs cardinality.
select 1 from
tpcds.store_sales inner join tpcds_seq_snap.customer
on ss_customer_sk = c_customer_sk
---- PLAN
F00:PLAN FRAGMENT [UNPARTITIONED] hosts=1 instances=1
|  Per-Host Resources: mem-estimate=2.17GB mem-reservation=34.00MB
PLAN-ROOT SINK
|  mem-estimate=0B mem-reservation=0B
|
02:HASH JOIN [INNER JOIN]
|  hash predicates: ss_customer_sk = c_customer_sk
|  fk/pk conjuncts: assumed fk/pk
|  runtime filters: RF000 <- c_customer_sk
|  mem-estimate=2.00GB mem-reservation=34.00MB spill-buffer=2.00MB
|  tuple-ids=0,1 row-size=8B cardinality=2880404
|
|--01:SCAN HDFS [tpcds_seq_snap.customer]
|     partitions=1/1 files=1 size=8.58MB
|     stats-rows=unavailable extrapolated-rows=disabled
|     table stats: rows=unavailable size=8.59MB
|     column stats: unavailable
|     mem-estimate=48.00MB mem-reservation=0B
|     tuple-ids=1 row-size=4B cardinality=unavailable
|
00:SCAN HDFS [tpcds.store_sales]
   partitions=1824/1824 files=1824 size=326.32MB
   runtime filters: RF000 -> ss_customer_sk
   stats-rows=2880404 extrapolated-rows=disabled
   table stats: rows=2880404 size=326.32MB
   column stats: all
   mem-estimate=128.00MB mem-reservation=0B
   tuple-ids=0 row-size=4B cardinality=2880404
====
# Assumed FK/PK join due to missing stats on the lhs. Join cardinality is unknown.
select /* +straight_join */ 1 from
tpcds_seq_snap.store_sales inner join tpcds.customer
on ss_customer_sk = c_customer_sk
---- PLAN
F00:PLAN FRAGMENT [UNPARTITIONED] hosts=1 instances=1
|  Per-Host Resources: mem-estimate=177.94MB mem-reservation=1.94MB
PLAN-ROOT SINK
|  mem-estimate=0B mem-reservation=0B
|
02:HASH JOIN [INNER JOIN]
|  hash predicates: ss_customer_sk = c_customer_sk
|  fk/pk conjuncts: assumed fk/pk
|  runtime filters: RF000 <- c_customer_sk
|  mem-estimate=1.94MB mem-reservation=1.94MB spill-buffer=64.00KB
|  tuple-ids=0,1 row-size=8B cardinality=unavailable
|
|--01:SCAN HDFS [tpcds.customer]
|     partitions=1/1 files=1 size=12.60MB
|     stats-rows=100000 extrapolated-rows=disabled
|     table stats: rows=100000 size=12.60MB
|     column stats: all
|     mem-estimate=48.00MB mem-reservation=0B
|     tuple-ids=1 row-size=4B cardinality=100000
|
00:SCAN HDFS [tpcds_seq_snap.store_sales]
   partitions=1824/1824 files=1824 size=207.85MB
   runtime filters: RF000 -> ss_customer_sk
   stats-rows=unavailable extrapolated-rows=disabled
   table stats: rows=unavailable size=unavailable
   column stats: unavailable
   mem-estimate=128.00MB mem-reservation=0B
   tuple-ids=0 row-size=4B cardinality=unavailable
====
# Join is detected as many-to-many even though the rhs join columns
# are in a group by on the rhs input.
select * from
tpcds.store_sales inner join
(select distinct ws_sold_time_sk from tpcds.web_sales) v
on ss_sold_time_sk = ws_sold_time_sk
---- PLAN
F00:PLAN FRAGMENT [UNPARTITIONED] hosts=1 instances=1
|  Per-Host Resources: mem-estimate=298.00MB mem-reservation=3.88MB
PLAN-ROOT SINK
|  mem-estimate=0B mem-reservation=0B
|
03:HASH JOIN [INNER JOIN]
|  hash predicates: ss_sold_time_sk = ws_sold_time_sk
|  fk/pk conjuncts: none
|  runtime filters: RF000 <- ws_sold_time_sk
|  mem-estimate=1.94MB mem-reservation=1.94MB spill-buffer=64.00KB
|  tuple-ids=0,2 row-size=104B cardinality=2440073
|
|--02:AGGREGATE [FINALIZE]
|  |  group by: ws_sold_time_sk
|  |  mem-estimate=10.00MB mem-reservation=1.94MB spill-buffer=64.00KB
|  |  tuple-ids=2 row-size=4B cardinality=39771
|  |
|  01:SCAN HDFS [tpcds.web_sales]
|     partitions=1/1 files=1 size=140.07MB
|     stats-rows=719384 extrapolated-rows=disabled
|     table stats: rows=719384 size=140.07MB
|     column stats: all
|     mem-estimate=160.00MB mem-reservation=0B
|     tuple-ids=1 row-size=4B cardinality=719384
|
00:SCAN HDFS [tpcds.store_sales]
   partitions=1824/1824 files=1824 size=326.32MB
   runtime filters: RF000 -> ss_sold_time_sk
   stats-rows=2880404 extrapolated-rows=disabled
   table stats: rows=2880404 size=326.32MB
   column stats: all
   mem-estimate=128.00MB mem-reservation=0B
   tuple-ids=0 row-size=100B cardinality=2880404
====
