DELETE FROM iceberg_v2_no_deletes where i = 3
---- PLAN
DELETE FROM ICEBERG [functional_parquet.iceberg_v2_no_deletes-POSITION-DELETE]
|
01:SORT
|  order by: input__file__name ASC NULLS LAST, file__position ASC NULLS LAST
|  row-size=20B cardinality=1
|
00:SCAN HDFS [functional_parquet.iceberg_v2_no_deletes]
   HDFS partitions=1/1 files=1 size=625B
   predicates: i = 3
   row-size=24B cardinality=1
---- DISTRIBUTEDPLAN
DELETE FROM ICEBERG [functional_parquet.iceberg_v2_no_deletes-POSITION-DELETE]
|
01:SORT
|  order by: input__file__name ASC NULLS LAST, file__position ASC NULLS LAST
|  row-size=20B cardinality=1
|
00:SCAN HDFS [functional_parquet.iceberg_v2_no_deletes]
   HDFS partitions=1/1 files=1 size=625B
   predicates: i = 3
   row-size=24B cardinality=1
====
DELETE FROM iceberg_v2_delete_positional where id = 15
---- PLAN
DELETE FROM ICEBERG [functional_parquet.iceberg_v2_delete_positional-POSITION-DELETE]
|
03:SORT
|  order by: input__file__name ASC NULLS LAST, file__position ASC NULLS LAST
|  row-size=20B cardinality=1
|
02:DELETE EVENTS ICEBERG DELETE [ICEBERG DELETE JOIN]
|  row-size=28B cardinality=1
|
|--01:SCAN HDFS [functional_parquet.iceberg_v2_delete_positional-POSITION-DELETE-01 functional_parquet.iceberg_v2_delete_positional-position-delete]
|     HDFS partitions=1/1 files=1 size=1.54KB
|     row-size=182B cardinality=1
|
00:SCAN HDFS [functional_parquet.iceberg_v2_delete_positional]
   HDFS partitions=1/1 files=1 size=662B
   predicates: id = 15
   row-size=28B cardinality=1
---- DISTRIBUTEDPLAN
DELETE FROM ICEBERG [functional_parquet.iceberg_v2_delete_positional-POSITION-DELETE]
|
04:SORT
|  order by: input__file__name ASC NULLS LAST, file__position ASC NULLS LAST
|  row-size=20B cardinality=1
|
02:DELETE EVENTS ICEBERG DELETE [ICEBERG DELETE JOIN, DIRECTED]
|  row-size=28B cardinality=1
|
|--03:EXCHANGE [DIRECTED]
|  |
|  01:SCAN HDFS [functional_parquet.iceberg_v2_delete_positional-POSITION-DELETE-01 functional_parquet.iceberg_v2_delete_positional-position-delete]
|     HDFS partitions=1/1 files=1 size=1.54KB
|     row-size=182B cardinality=1
|
00:SCAN HDFS [functional_parquet.iceberg_v2_delete_positional]
   HDFS partitions=1/1 files=1 size=662B
   predicates: id = 15
   row-size=28B cardinality=1
====
DELETE FROM iceberg_v2_delete_positional
where id = (select min(id) from iceberg_v2_delete_positional)
---- PLAN
DELETE FROM ICEBERG [functional_parquet.iceberg_v2_delete_positional-POSITION-DELETE]
|
08:SORT
|  order by: input__file__name ASC NULLS LAST, file__position ASC NULLS LAST
|  row-size=20B cardinality=2
|
07:HASH JOIN [LEFT SEMI JOIN]
|  hash predicates: id = min(id)
|  runtime filters: RF000 <- min(id)
|  row-size=28B cardinality=2
|
|--06:AGGREGATE [FINALIZE]
|  |  output: min(id)
|  |  row-size=8B cardinality=1
|  |
|  05:DELETE EVENTS ICEBERG DELETE [ICEBERG DELETE JOIN]
|  |  row-size=28B cardinality=2
|  |
|  |--04:SCAN HDFS [functional_parquet.iceberg_v2_delete_positional-POSITION-DELETE-04 functional_parquet.iceberg_v2_delete_positional-position-delete]
|  |     HDFS partitions=1/1 files=1 size=1.54KB
|  |     row-size=182B cardinality=1
|  |
|  03:SCAN HDFS [functional_parquet.iceberg_v2_delete_positional]
|     HDFS partitions=1/1 files=1 size=662B
|     row-size=28B cardinality=3
|
02:DELETE EVENTS ICEBERG DELETE [ICEBERG DELETE JOIN]
|  row-size=28B cardinality=2
|
|--01:SCAN HDFS [functional_parquet.iceberg_v2_delete_positional-POSITION-DELETE-01 functional_parquet.iceberg_v2_delete_positional-position-delete]
|     HDFS partitions=1/1 files=1 size=1.54KB
|     row-size=182B cardinality=1
|
00:SCAN HDFS [functional_parquet.iceberg_v2_delete_positional]
   HDFS partitions=1/1 files=1 size=662B
   runtime filters: RF000 -> id
   row-size=28B cardinality=3
---- DISTRIBUTEDPLAN
DELETE FROM ICEBERG [functional_parquet.iceberg_v2_delete_positional-POSITION-DELETE]
|
13:SORT
|  order by: input__file__name ASC NULLS LAST, file__position ASC NULLS LAST
|  row-size=20B cardinality=2
|
07:HASH JOIN [LEFT SEMI JOIN, BROADCAST]
|  hash predicates: id = min(id)
|  runtime filters: RF000 <- min(id)
|  row-size=28B cardinality=2
|
|--12:EXCHANGE [BROADCAST]
|  |
|  11:AGGREGATE [FINALIZE]
|  |  output: min:merge(id)
|  |  row-size=8B cardinality=1
|  |
|  10:EXCHANGE [UNPARTITIONED]
|  |
|  06:AGGREGATE
|  |  output: min(id)
|  |  row-size=8B cardinality=1
|  |
|  05:DELETE EVENTS ICEBERG DELETE [ICEBERG DELETE JOIN, DIRECTED]
|  |  row-size=28B cardinality=2
|  |
|  |--09:EXCHANGE [DIRECTED]
|  |  |
|  |  04:SCAN HDFS [functional_parquet.iceberg_v2_delete_positional-POSITION-DELETE-04 functional_parquet.iceberg_v2_delete_positional-position-delete]
|  |     HDFS partitions=1/1 files=1 size=1.54KB
|  |     row-size=182B cardinality=1
|  |
|  03:SCAN HDFS [functional_parquet.iceberg_v2_delete_positional]
|     HDFS partitions=1/1 files=1 size=662B
|     row-size=28B cardinality=3
|
02:DELETE EVENTS ICEBERG DELETE [ICEBERG DELETE JOIN, DIRECTED]
|  row-size=28B cardinality=2
|
|--08:EXCHANGE [DIRECTED]
|  |
|  01:SCAN HDFS [functional_parquet.iceberg_v2_delete_positional-POSITION-DELETE-01 functional_parquet.iceberg_v2_delete_positional-position-delete]
|     HDFS partitions=1/1 files=1 size=1.54KB
|     row-size=182B cardinality=1
|
00:SCAN HDFS [functional_parquet.iceberg_v2_delete_positional]
   HDFS partitions=1/1 files=1 size=662B
   runtime filters: RF000 -> id
   row-size=28B cardinality=3
====
DELETE FROM iceberg_v2_delete_positional WHERE FILE__POSITION = id
---- PLAN
DELETE FROM ICEBERG [functional_parquet.iceberg_v2_delete_positional-POSITION-DELETE]
|
03:SORT
|  order by: input__file__name ASC NULLS LAST, file__position ASC NULLS LAST
|  row-size=20B cardinality=1
|
02:DELETE EVENTS ICEBERG DELETE [ICEBERG DELETE JOIN]
|  row-size=28B cardinality=1
|
|--01:SCAN HDFS [functional_parquet.iceberg_v2_delete_positional-POSITION-DELETE-01 functional_parquet.iceberg_v2_delete_positional-position-delete]
|     HDFS partitions=1/1 files=1 size=1.54KB
|     row-size=182B cardinality=1
|
00:SCAN HDFS [functional_parquet.iceberg_v2_delete_positional]
   HDFS partitions=1/1 files=1 size=662B
   predicates: FILE__POSITION = id
   row-size=28B cardinality=1
---- DISTRIBUTEDPLAN
DELETE FROM ICEBERG [functional_parquet.iceberg_v2_delete_positional-POSITION-DELETE]
|
04:SORT
|  order by: input__file__name ASC NULLS LAST, file__position ASC NULLS LAST
|  row-size=20B cardinality=1
|
02:DELETE EVENTS ICEBERG DELETE [ICEBERG DELETE JOIN, DIRECTED]
|  row-size=28B cardinality=1
|
|--03:EXCHANGE [DIRECTED]
|  |
|  01:SCAN HDFS [functional_parquet.iceberg_v2_delete_positional-POSITION-DELETE-01 functional_parquet.iceberg_v2_delete_positional-position-delete]
|     HDFS partitions=1/1 files=1 size=1.54KB
|     row-size=182B cardinality=1
|
00:SCAN HDFS [functional_parquet.iceberg_v2_delete_positional]
   HDFS partitions=1/1 files=1 size=662B
   predicates: FILE__POSITION = id
   row-size=28B cardinality=1
====
delete from iceberg_v2_partitioned_position_deletes where id = 20;
---- PLAN
DELETE FROM ICEBERG [functional_parquet.iceberg_v2_partitioned_position_deletes-POSITION-DELETE]
|
03:SORT
|  order by: partition__spec__id ASC NULLS LAST, iceberg__partition__serialized ASC NULLS LAST, input__file__name ASC NULLS LAST, file__position ASC NULLS LAST
|  row-size=36B cardinality=1
|
02:DELETE EVENTS ICEBERG DELETE [ICEBERG DELETE JOIN]
|  row-size=40B cardinality=1
|
|--01:SCAN HDFS [functional_parquet.iceberg_v2_partitioned_position_deletes-POSITION-DELETE-01 functional_parquet.iceberg_v2_partitioned_position_deletes-position-delete]
|     HDFS partitions=1/1 files=3 size=9.47KB
|     row-size=204B cardinality=10
|
00:SCAN HDFS [functional_parquet.iceberg_v2_partitioned_position_deletes]
   HDFS partitions=1/1 files=3 size=3.48KB
   predicates: id = 20
   row-size=40B cardinality=2
---- DISTRIBUTEDPLAN
DELETE FROM ICEBERG [functional_parquet.iceberg_v2_partitioned_position_deletes-POSITION-DELETE]
|
05:SORT
|  order by: partition__spec__id ASC NULLS LAST, iceberg__partition__serialized ASC NULLS LAST, input__file__name ASC NULLS LAST, file__position ASC NULLS LAST
|  row-size=36B cardinality=1
|
04:EXCHANGE [HASH(functional_parquet.iceberg_v2_partitioned_position_deletes.PARTITION__SPEC__ID,functional_parquet.iceberg_v2_partitioned_position_deletes.ICEBERG__PARTITION__SERIALIZED)]
|
02:DELETE EVENTS ICEBERG DELETE [ICEBERG DELETE JOIN, DIRECTED]
|  row-size=40B cardinality=1
|
|--03:EXCHANGE [DIRECTED]
|  |
|  01:SCAN HDFS [functional_parquet.iceberg_v2_partitioned_position_deletes-POSITION-DELETE-01 functional_parquet.iceberg_v2_partitioned_position_deletes-position-delete]
|     HDFS partitions=1/1 files=3 size=9.47KB
|     row-size=204B cardinality=10
|
00:SCAN HDFS [functional_parquet.iceberg_v2_partitioned_position_deletes]
   HDFS partitions=1/1 files=3 size=3.48KB
   predicates: id = 20
   row-size=40B cardinality=2
====
delete from iceberg_v2_partitioned_position_deletes where action = 'click';
---- PLAN
DELETE FROM ICEBERG [functional_parquet.iceberg_v2_partitioned_position_deletes-POSITION-DELETE]
|
03:SORT
|  order by: partition__spec__id ASC NULLS LAST, iceberg__partition__serialized ASC NULLS LAST, input__file__name ASC NULLS LAST, file__position ASC NULLS LAST
|  row-size=36B cardinality=3
|
02:DELETE EVENTS ICEBERG DELETE [ICEBERG DELETE JOIN]
|  row-size=36B cardinality=3
|
|--01:SCAN HDFS [functional_parquet.iceberg_v2_partitioned_position_deletes-POSITION-DELETE-01 functional_parquet.iceberg_v2_partitioned_position_deletes-position-delete]
|     HDFS partitions=1/1 files=1 size=3.15KB
|     row-size=204B cardinality=3
|
00:SCAN HDFS [functional_parquet.iceberg_v2_partitioned_position_deletes]
   HDFS partitions=1/1 files=1 size=1.15KB
   skipped Iceberg predicates: action = 'click'
   row-size=36B cardinality=6
---- DISTRIBUTEDPLAN
DELETE FROM ICEBERG [functional_parquet.iceberg_v2_partitioned_position_deletes-POSITION-DELETE]
|
04:SORT
|  order by: partition__spec__id ASC NULLS LAST, iceberg__partition__serialized ASC NULLS LAST, input__file__name ASC NULLS LAST, file__position ASC NULLS LAST
|  row-size=36B cardinality=3
|
02:DELETE EVENTS ICEBERG DELETE [ICEBERG DELETE JOIN, DIRECTED]
|  row-size=36B cardinality=3
|
|--03:EXCHANGE [DIRECTED]
|  |
|  01:SCAN HDFS [functional_parquet.iceberg_v2_partitioned_position_deletes-POSITION-DELETE-01 functional_parquet.iceberg_v2_partitioned_position_deletes-position-delete]
|     HDFS partitions=1/1 files=1 size=3.15KB
|     row-size=204B cardinality=3
|
00:SCAN HDFS [functional_parquet.iceberg_v2_partitioned_position_deletes]
   HDFS partitions=1/1 files=1 size=1.15KB
   skipped Iceberg predicates: action = 'click'
   row-size=36B cardinality=6
====
delete from iceberg_v2_partitioned_position_deletes where user like 'A%';
---- PLAN
DELETE FROM ICEBERG [functional_parquet.iceberg_v2_partitioned_position_deletes-POSITION-DELETE]
|
03:SORT
|  order by: partition__spec__id ASC NULLS LAST, iceberg__partition__serialized ASC NULLS LAST, input__file__name ASC NULLS LAST, file__position ASC NULLS LAST
|  row-size=36B cardinality=1
|
02:DELETE EVENTS ICEBERG DELETE [ICEBERG DELETE JOIN]
|  row-size=48B cardinality=1
|
|--01:SCAN HDFS [functional_parquet.iceberg_v2_partitioned_position_deletes-POSITION-DELETE-01 functional_parquet.iceberg_v2_partitioned_position_deletes-position-delete]
|     HDFS partitions=1/1 files=3 size=9.47KB
|     row-size=204B cardinality=10
|
00:SCAN HDFS [functional_parquet.iceberg_v2_partitioned_position_deletes]
   HDFS partitions=1/1 files=3 size=3.48KB
   predicates: `user` LIKE 'A%'
   row-size=48B cardinality=2
---- DISTRIBUTEDPLAN
DELETE FROM ICEBERG [functional_parquet.iceberg_v2_partitioned_position_deletes-POSITION-DELETE]
|
05:SORT
|  order by: partition__spec__id ASC NULLS LAST, iceberg__partition__serialized ASC NULLS LAST, input__file__name ASC NULLS LAST, file__position ASC NULLS LAST
|  row-size=36B cardinality=1
|
04:EXCHANGE [HASH(functional_parquet.iceberg_v2_partitioned_position_deletes.PARTITION__SPEC__ID,functional_parquet.iceberg_v2_partitioned_position_deletes.ICEBERG__PARTITION__SERIALIZED)]
|
02:DELETE EVENTS ICEBERG DELETE [ICEBERG DELETE JOIN, DIRECTED]
|  row-size=48B cardinality=1
|
|--03:EXCHANGE [DIRECTED]
|  |
|  01:SCAN HDFS [functional_parquet.iceberg_v2_partitioned_position_deletes-POSITION-DELETE-01 functional_parquet.iceberg_v2_partitioned_position_deletes-position-delete]
|     HDFS partitions=1/1 files=3 size=9.47KB
|     row-size=204B cardinality=10
|
00:SCAN HDFS [functional_parquet.iceberg_v2_partitioned_position_deletes]
   HDFS partitions=1/1 files=3 size=3.48KB
   predicates: `user` LIKE 'A%'
   row-size=48B cardinality=2
====
delete from iceberg_v2_partitioned_position_deletes
where id = (select max(id) from iceberg_v2_delete_positional);
---- PLAN
DELETE FROM ICEBERG [functional_parquet.iceberg_v2_partitioned_position_deletes-POSITION-DELETE]
|
08:SORT
|  order by: partition__spec__id ASC NULLS LAST, iceberg__partition__serialized ASC NULLS LAST, input__file__name ASC NULLS LAST, file__position ASC NULLS LAST
|  row-size=36B cardinality=10
|
07:HASH JOIN [LEFT SEMI JOIN]
|  hash predicates: id = max(id)
|  runtime filters: RF000 <- max(id)
|  row-size=40B cardinality=10
|
|--06:AGGREGATE [FINALIZE]
|  |  output: max(id)
|  |  row-size=8B cardinality=1
|  |
|  05:DELETE EVENTS ICEBERG DELETE [ICEBERG DELETE JOIN]
|  |  row-size=28B cardinality=2
|  |
|  |--04:SCAN HDFS [functional_parquet.iceberg_v2_delete_positional-POSITION-DELETE-04 functional_parquet.iceberg_v2_delete_positional-position-delete]
|  |     HDFS partitions=1/1 files=1 size=1.54KB
|  |     row-size=182B cardinality=1
|  |
|  03:SCAN HDFS [functional_parquet.iceberg_v2_delete_positional]
|     HDFS partitions=1/1 files=1 size=662B
|     row-size=28B cardinality=3
|
02:DELETE EVENTS ICEBERG DELETE [ICEBERG DELETE JOIN]
|  row-size=40B cardinality=10
|
|--01:SCAN HDFS [functional_parquet.iceberg_v2_partitioned_position_deletes-POSITION-DELETE-01 functional_parquet.iceberg_v2_partitioned_position_deletes-position-delete]
|     HDFS partitions=1/1 files=3 size=9.47KB
|     row-size=204B cardinality=10
|
00:SCAN HDFS [functional_parquet.iceberg_v2_partitioned_position_deletes]
   HDFS partitions=1/1 files=3 size=3.48KB
   runtime filters: RF000 -> id
   row-size=40B cardinality=20
---- DISTRIBUTEDPLAN
DELETE FROM ICEBERG [functional_parquet.iceberg_v2_partitioned_position_deletes-POSITION-DELETE]
|
14:SORT
|  order by: partition__spec__id ASC NULLS LAST, iceberg__partition__serialized ASC NULLS LAST, input__file__name ASC NULLS LAST, file__position ASC NULLS LAST
|  row-size=36B cardinality=10
|
13:EXCHANGE [HASH(functional_parquet.iceberg_v2_partitioned_position_deletes.PARTITION__SPEC__ID,functional_parquet.iceberg_v2_partitioned_position_deletes.ICEBERG__PARTITION__SERIALIZED)]
|
07:HASH JOIN [LEFT SEMI JOIN, BROADCAST]
|  hash predicates: id = max(id)
|  runtime filters: RF000 <- max(id)
|  row-size=40B cardinality=10
|
|--12:EXCHANGE [BROADCAST]
|  |
|  11:AGGREGATE [FINALIZE]
|  |  output: max:merge(id)
|  |  row-size=8B cardinality=1
|  |
|  10:EXCHANGE [UNPARTITIONED]
|  |
|  06:AGGREGATE
|  |  output: max(id)
|  |  row-size=8B cardinality=1
|  |
|  05:DELETE EVENTS ICEBERG DELETE [ICEBERG DELETE JOIN, DIRECTED]
|  |  row-size=28B cardinality=2
|  |
|  |--09:EXCHANGE [DIRECTED]
|  |  |
|  |  04:SCAN HDFS [functional_parquet.iceberg_v2_delete_positional-POSITION-DELETE-04 functional_parquet.iceberg_v2_delete_positional-position-delete]
|  |     HDFS partitions=1/1 files=1 size=1.54KB
|  |     row-size=182B cardinality=1
|  |
|  03:SCAN HDFS [functional_parquet.iceberg_v2_delete_positional]
|     HDFS partitions=1/1 files=1 size=662B
|     row-size=28B cardinality=3
|
02:DELETE EVENTS ICEBERG DELETE [ICEBERG DELETE JOIN, DIRECTED]
|  row-size=40B cardinality=10
|
|--08:EXCHANGE [DIRECTED]
|  |
|  01:SCAN HDFS [functional_parquet.iceberg_v2_partitioned_position_deletes-POSITION-DELETE-01 functional_parquet.iceberg_v2_partitioned_position_deletes-position-delete]
|     HDFS partitions=1/1 files=3 size=9.47KB
|     row-size=204B cardinality=10
|
00:SCAN HDFS [functional_parquet.iceberg_v2_partitioned_position_deletes]
   HDFS partitions=1/1 files=3 size=3.48KB
   runtime filters: RF000 -> id
   row-size=40B cardinality=20
====
DELETE FROM iceberg_v2_partitioned_position_deletes WHERE FILE__POSITION = id
---- PLAN
DELETE FROM ICEBERG [functional_parquet.iceberg_v2_partitioned_position_deletes-POSITION-DELETE]
|
03:SORT
|  order by: partition__spec__id ASC NULLS LAST, iceberg__partition__serialized ASC NULLS LAST, input__file__name ASC NULLS LAST, file__position ASC NULLS LAST
|  row-size=36B cardinality=1
|
02:DELETE EVENTS ICEBERG DELETE [ICEBERG DELETE JOIN]
|  row-size=40B cardinality=1
|
|--01:SCAN HDFS [functional_parquet.iceberg_v2_partitioned_position_deletes-POSITION-DELETE-01 functional_parquet.iceberg_v2_partitioned_position_deletes-position-delete]
|     HDFS partitions=1/1 files=3 size=9.47KB
|     row-size=204B cardinality=10
|
00:SCAN HDFS [functional_parquet.iceberg_v2_partitioned_position_deletes]
   HDFS partitions=1/1 files=3 size=3.48KB
   predicates: FILE__POSITION = id
   row-size=40B cardinality=2
---- DISTRIBUTEDPLAN
DELETE FROM ICEBERG [functional_parquet.iceberg_v2_partitioned_position_deletes-POSITION-DELETE]
|
05:SORT
|  order by: partition__spec__id ASC NULLS LAST, iceberg__partition__serialized ASC NULLS LAST, input__file__name ASC NULLS LAST, file__position ASC NULLS LAST
|  row-size=36B cardinality=1
|
04:EXCHANGE [HASH(functional_parquet.iceberg_v2_partitioned_position_deletes.PARTITION__SPEC__ID,functional_parquet.iceberg_v2_partitioned_position_deletes.ICEBERG__PARTITION__SERIALIZED)]
|
02:DELETE EVENTS ICEBERG DELETE [ICEBERG DELETE JOIN, DIRECTED]
|  row-size=40B cardinality=1
|
|--03:EXCHANGE [DIRECTED]
|  |
|  01:SCAN HDFS [functional_parquet.iceberg_v2_partitioned_position_deletes-POSITION-DELETE-01 functional_parquet.iceberg_v2_partitioned_position_deletes-position-delete]
|     HDFS partitions=1/1 files=3 size=9.47KB
|     row-size=204B cardinality=10
|
00:SCAN HDFS [functional_parquet.iceberg_v2_partitioned_position_deletes]
   HDFS partitions=1/1 files=3 size=3.48KB
   predicates: FILE__POSITION = id
   row-size=40B cardinality=2
====
