# test that our join inference recognizes that we cannot do a hash join but
# can switch to a cross join and apply the predicate later in the plan
select t1.*
from (select * from functional.alltypestiny) t1
  join (select * from functional.alltypestiny) t2 on (t1.id = t2.id)
  join functional.alltypestiny t3 on (coalesce(t1.id, t3.id) = t3.id)
---- PLAN
PLAN-ROOT SINK
|
04:NESTED LOOP JOIN [INNER JOIN]
|  predicates: t3.id = coalesce(functional.alltypestiny.id, t3.id)
|  row-size=97B cardinality=8
|
|--02:SCAN HDFS [functional.alltypestiny t3]
|     partitions=4/4 files=4 size=460B
|     row-size=4B cardinality=8
|
03:HASH JOIN [INNER JOIN]
|  hash predicates: functional.alltypestiny.id = functional.alltypestiny.id
|  runtime filters: RF000 <- functional.alltypestiny.id
|  row-size=93B cardinality=8
|
|--01:SCAN HDFS [functional.alltypestiny]
|     partitions=4/4 files=4 size=460B
|     row-size=4B cardinality=8
|
00:SCAN HDFS [functional.alltypestiny]
   partitions=4/4 files=4 size=460B
   runtime filters: RF000 -> functional.alltypestiny.id
   row-size=89B cardinality=8
====
select *
from
  (select t1.id x, t2.id y
   from functional.alltypes t1,
        functional.alltypes t2) v
where
  v.x < v.y
---- PLAN
PLAN-ROOT SINK
|
02:NESTED LOOP JOIN [INNER JOIN]
|  predicates: t1.id < t2.id
|  row-size=8B cardinality=7.30K
|
|--01:SCAN HDFS [functional.alltypes t2]
|     partitions=24/24 files=24 size=478.45KB
|     row-size=4B cardinality=7.30K
|
00:SCAN HDFS [functional.alltypes t1]
   partitions=24/24 files=24 size=478.45KB
   row-size=4B cardinality=7.30K
====
select *
from
  functional.alltypes t1,
  functional.alltypes t2,
  functional.alltypes t3
where
  t1.id = t2.id
---- PLAN
PLAN-ROOT SINK
|
04:NESTED LOOP JOIN [CROSS JOIN]
|  row-size=267B cardinality=53.29M
|
|--02:SCAN HDFS [functional.alltypes t3]
|     partitions=24/24 files=24 size=478.45KB
|     row-size=89B cardinality=7.30K
|
03:HASH JOIN [INNER JOIN]
|  hash predicates: t1.id = t2.id
|  runtime filters: RF000 <- t2.id
|  row-size=178B cardinality=7.30K
|
|--01:SCAN HDFS [functional.alltypes t2]
|     partitions=24/24 files=24 size=478.45KB
|     row-size=89B cardinality=7.30K
|
00:SCAN HDFS [functional.alltypes t1]
   partitions=24/24 files=24 size=478.45KB
   runtime filters: RF000 -> t1.id
   row-size=89B cardinality=7.30K
====
select *
from
  functional.alltypes t1,
  functional.alltypes t2,
  functional.alltypes t3
where
  t1.id = t3.id
---- PLAN
PLAN-ROOT SINK
|
04:NESTED LOOP JOIN [CROSS JOIN]
|  row-size=267B cardinality=53.29M
|
|--01:SCAN HDFS [functional.alltypes t2]
|     partitions=24/24 files=24 size=478.45KB
|     row-size=89B cardinality=7.30K
|
03:HASH JOIN [INNER JOIN]
|  hash predicates: t1.id = t3.id
|  runtime filters: RF000 <- t3.id
|  row-size=178B cardinality=7.30K
|
|--02:SCAN HDFS [functional.alltypes t3]
|     partitions=24/24 files=24 size=478.45KB
|     row-size=89B cardinality=7.30K
|
00:SCAN HDFS [functional.alltypes t1]
   partitions=24/24 files=24 size=478.45KB
   runtime filters: RF000 -> t1.id
   row-size=89B cardinality=7.30K
====
# The hash join will not be executed first, because this is the first executable
# plan we find and t1 is the largest table (which is moved to the front of
# the candidate list)
select *
from
  functional.alltypes t1,
  functional.alltypestiny t2,
  functional.alltypessmall t3
where
  t2.id = t3.id
---- PLAN
PLAN-ROOT SINK
|
04:HASH JOIN [INNER JOIN]
|  hash predicates: t2.id = t3.id
|  runtime filters: RF000 <- t3.id
|  row-size=267B cardinality=58.40K
|
|--02:SCAN HDFS [functional.alltypessmall t3]
|     partitions=4/4 files=4 size=6.32KB
|     row-size=89B cardinality=100
|
03:NESTED LOOP JOIN [CROSS JOIN]
|  row-size=178B cardinality=58.40K
|
|--01:SCAN HDFS [functional.alltypestiny t2]
|     partitions=4/4 files=4 size=460B
|     runtime filters: RF000 -> t2.id
|     row-size=89B cardinality=8
|
00:SCAN HDFS [functional.alltypes t1]
   partitions=24/24 files=24 size=478.45KB
   row-size=89B cardinality=7.30K
====
select *
from
  functional.alltypes t1,
  functional.alltypes t2 left join
  functional.alltypes t3 on t3.id = t2.id,
  functional.alltypes t4
---- PLAN
PLAN-ROOT SINK
|
06:NESTED LOOP JOIN [CROSS JOIN]
|  row-size=356B cardinality=389.02G
|
|--03:SCAN HDFS [functional.alltypes t4]
|     partitions=24/24 files=24 size=478.45KB
|     row-size=89B cardinality=7.30K
|
05:HASH JOIN [LEFT OUTER JOIN]
|  hash predicates: t2.id = t3.id
|  row-size=267B cardinality=53.29M
|
|--02:SCAN HDFS [functional.alltypes t3]
|     partitions=24/24 files=24 size=478.45KB
|     row-size=89B cardinality=7.30K
|
04:NESTED LOOP JOIN [CROSS JOIN]
|  row-size=178B cardinality=53.29M
|
|--01:SCAN HDFS [functional.alltypes t2]
|     partitions=24/24 files=24 size=478.45KB
|     row-size=89B cardinality=7.30K
|
00:SCAN HDFS [functional.alltypes t1]
   partitions=24/24 files=24 size=478.45KB
   row-size=89B cardinality=7.30K
====
# Test that the non-equi predicate on the outer join does not
# discard detecting the implicit cross join
select a.* from
  functional.alltypes a,
  functional.alltypessmall b full outer join
  functional.alltypes c on a.id = c.id and a.id < b.id
---- PLAN
PLAN-ROOT SINK
|
04:HASH JOIN [FULL OUTER JOIN]
|  hash predicates: a.id = c.id
|  other join predicates: a.id < b.id
|  row-size=97B cardinality=737.30K
|
|--02:SCAN HDFS [functional.alltypes c]
|     partitions=24/24 files=24 size=478.45KB
|     row-size=4B cardinality=7.30K
|
03:NESTED LOOP JOIN [CROSS JOIN]
|  row-size=93B cardinality=730.00K
|
|--01:SCAN HDFS [functional.alltypessmall b]
|     partitions=4/4 files=4 size=6.32KB
|     row-size=4B cardinality=100
|
00:SCAN HDFS [functional.alltypes a]
   partitions=24/24 files=24 size=478.45KB
   row-size=89B cardinality=7.30K
====
select a.* from
functional.alltypestiny a,
functional.alltypes b,
functional.alltypestiny c,
functional.alltypes d
where a.id = d.id and b.id = c.id
---- PLAN
PLAN-ROOT SINK
|
06:HASH JOIN [INNER JOIN]
|  hash predicates: d.id = a.id
|  runtime filters: RF000 <- a.id
|  row-size=101B cardinality=64
|
|--05:NESTED LOOP JOIN [CROSS JOIN]
|  |  row-size=97B cardinality=64
|  |
|  |--04:HASH JOIN [INNER JOIN]
|  |  |  hash predicates: b.id = c.id
|  |  |  runtime filters: RF002 <- c.id
|  |  |  row-size=8B cardinality=8
|  |  |
|  |  |--02:SCAN HDFS [functional.alltypestiny c]
|  |  |     partitions=4/4 files=4 size=460B
|  |  |     row-size=4B cardinality=8
|  |  |
|  |  01:SCAN HDFS [functional.alltypes b]
|  |     partitions=24/24 files=24 size=478.45KB
|  |     runtime filters: RF002 -> b.id
|  |     row-size=4B cardinality=7.30K
|  |
|  00:SCAN HDFS [functional.alltypestiny a]
|     partitions=4/4 files=4 size=460B
|     row-size=89B cardinality=8
|
03:SCAN HDFS [functional.alltypes d]
   partitions=24/24 files=24 size=478.45KB
   runtime filters: RF000 -> d.id
   row-size=4B cardinality=7.30K
====
# Do not allow a non-equi outer join
select count(*)
from
  functional.alltypes t0,
  functional.alltypes t1 left outer join functional.alltypes t2
    on t1.id < t2.id,
  functional.alltypes t3
---- PLAN
PLAN-ROOT SINK
|
07:AGGREGATE [FINALIZE]
|  output: count(*)
|  row-size=8B cardinality=1
|
06:NESTED LOOP JOIN [CROSS JOIN]
|  row-size=8B cardinality=389.02G
|
|--03:SCAN HDFS [functional.alltypes t3]
|     partitions=24/24 files=24 size=478.45KB
|     row-size=0B cardinality=7.30K
|
05:NESTED LOOP JOIN [LEFT OUTER JOIN]
|  join predicates: t1.id < t2.id
|  row-size=8B cardinality=53.29M
|
|--02:SCAN HDFS [functional.alltypes t2]
|     partitions=24/24 files=24 size=478.45KB
|     row-size=4B cardinality=7.30K
|
04:NESTED LOOP JOIN [CROSS JOIN]
|  row-size=4B cardinality=53.29M
|
|--00:SCAN HDFS [functional.alltypes t0]
|     partitions=24/24 files=24 size=478.45KB
|     row-size=0B cardinality=7.30K
|
01:SCAN HDFS [functional.alltypes t1]
   partitions=24/24 files=24 size=478.45KB
   row-size=4B cardinality=7.30K
====
select count(*)
from
  functional.alltypes t0,
  functional.alltypes t1 left outer join functional.alltypes t2
    on t1.id < t2.id,
  functional.alltypes t3
where
  t1.id = t2.id
---- PLAN
PLAN-ROOT SINK
|
07:AGGREGATE [FINALIZE]
|  output: count(*)
|  row-size=8B cardinality=1
|
06:NESTED LOOP JOIN [CROSS JOIN]
|  row-size=8B cardinality=389.02G
|
|--03:SCAN HDFS [functional.alltypes t3]
|     partitions=24/24 files=24 size=478.45KB
|     row-size=0B cardinality=7.30K
|
05:HASH JOIN [LEFT OUTER JOIN]
|  hash predicates: t1.id = t2.id
|  other join predicates: t1.id < t2.id
|  other predicates: t1.id = t2.id
|  runtime filters: RF000 <- t2.id
|  row-size=8B cardinality=53.29M
|
|--02:SCAN HDFS [functional.alltypes t2]
|     partitions=24/24 files=24 size=478.45KB
|     row-size=4B cardinality=7.30K
|
04:NESTED LOOP JOIN [CROSS JOIN]
|  row-size=4B cardinality=53.29M
|
|--00:SCAN HDFS [functional.alltypes t0]
|     partitions=24/24 files=24 size=478.45KB
|     row-size=0B cardinality=7.30K
|
01:SCAN HDFS [functional.alltypes t1]
   partitions=24/24 files=24 size=478.45KB
   runtime filters: RF000 -> t1.id
   row-size=4B cardinality=7.30K
====
select count(*)
from
  functional.alltypes t0,
  functional.alltypes t1 full outer join functional.alltypes t2
    on t1.id < t2.id,
  functional.alltypes t3
where
  t1.id = t2.id
---- PLAN
PLAN-ROOT SINK
|
07:AGGREGATE [FINALIZE]
|  output: count(*)
|  row-size=8B cardinality=1
|
06:NESTED LOOP JOIN [CROSS JOIN]
|  row-size=8B cardinality=389.07G
|
|--03:SCAN HDFS [functional.alltypes t3]
|     partitions=24/24 files=24 size=478.45KB
|     row-size=0B cardinality=7.30K
|
05:HASH JOIN [FULL OUTER JOIN]
|  hash predicates: t1.id = t2.id
|  other join predicates: t1.id < t2.id
|  other predicates: t1.id = t2.id
|  runtime filters: RF000 <- t2.id
|  row-size=8B cardinality=53.30M
|
|--02:SCAN HDFS [functional.alltypes t2]
|     partitions=24/24 files=24 size=478.45KB
|     row-size=4B cardinality=7.30K
|
04:NESTED LOOP JOIN [CROSS JOIN]
|  row-size=4B cardinality=53.29M
|
|--00:SCAN HDFS [functional.alltypes t0]
|     partitions=24/24 files=24 size=478.45KB
|     row-size=0B cardinality=7.30K
|
01:SCAN HDFS [functional.alltypes t1]
   partitions=24/24 files=24 size=478.45KB
   runtime filters: RF000 -> t1.id
   row-size=4B cardinality=7.30K
====
select count(*)
from
  functional.alltypes t0 left semi join
  functional.alltypes t1 on ( t0.id < t1.id )
---- PLAN
PLAN-ROOT SINK
|
03:AGGREGATE [FINALIZE]
|  output: count(*)
|  row-size=8B cardinality=1
|
02:NESTED LOOP JOIN [LEFT SEMI JOIN]
|  join predicates: (t0.id < t1.id)
|  row-size=4B cardinality=7.30K
|
|--01:SCAN HDFS [functional.alltypes t1]
|     partitions=24/24 files=24 size=478.45KB
|     row-size=4B cardinality=7.30K
|
00:SCAN HDFS [functional.alltypes t0]
   partitions=24/24 files=24 size=478.45KB
   row-size=4B cardinality=7.30K
====
# Check for implicit cross joins conversion in presence of complex where
# clauses that lead to query rewriting
select count(*)
from
  functional.alltypestiny a,
  functional.alltypestiny b
where
  b.id in (select avg(id) from functional.alltypes group by month) and
  a.id < b.id
---- PLAN
PLAN-ROOT SINK
|
06:AGGREGATE [FINALIZE]
|  output: count(*)
|  row-size=8B cardinality=1
|
05:HASH JOIN [RIGHT SEMI JOIN]
|  hash predicates: avg(id) = b.id
|  row-size=8B cardinality=8
|
|--04:NESTED LOOP JOIN [INNER JOIN]
|  |  predicates: a.id < b.id
|  |  row-size=8B cardinality=8
|  |
|  |--01:SCAN HDFS [functional.alltypestiny b]
|  |     partitions=4/4 files=4 size=460B
|  |     row-size=4B cardinality=8
|  |
|  00:SCAN HDFS [functional.alltypestiny a]
|     partitions=4/4 files=4 size=460B
|     row-size=4B cardinality=8
|
03:AGGREGATE [FINALIZE]
|  output: avg(id)
|  group by: `month`
|  row-size=12B cardinality=12
|
02:SCAN HDFS [functional.alltypes]
   partitions=24/24 files=24 size=478.45KB
   row-size=8B cardinality=7.30K
====
# Check that cross joins are correctly detected and the first join becomes a hash join
select *
from functional.alltypes t1,
functional.alltypes t2 join functional.alltypes t3 on (t1.id = t2.id),
functional.alltypes t4
---- PLAN
PLAN-ROOT SINK
|
06:NESTED LOOP JOIN [CROSS JOIN]
|  row-size=356B cardinality=389.02G
|
|--03:SCAN HDFS [functional.alltypes t4]
|     partitions=24/24 files=24 size=478.45KB
|     row-size=89B cardinality=7.30K
|
05:NESTED LOOP JOIN [CROSS JOIN]
|  row-size=267B cardinality=53.29M
|
|--02:SCAN HDFS [functional.alltypes t3]
|     partitions=24/24 files=24 size=478.45KB
|     row-size=89B cardinality=7.30K
|
04:HASH JOIN [INNER JOIN]
|  hash predicates: t1.id = t2.id
|  runtime filters: RF000 <- t2.id
|  row-size=178B cardinality=7.30K
|
|--01:SCAN HDFS [functional.alltypes t2]
|     partitions=24/24 files=24 size=478.45KB
|     row-size=89B cardinality=7.30K
|
00:SCAN HDFS [functional.alltypes t1]
   partitions=24/24 files=24 size=478.45KB
   runtime filters: RF000 -> t1.id
   row-size=89B cardinality=7.30K
====
# IMPALA-13077: leftmost scan cardinality should be reduced to avg rows per partition.
select count(*) from tpcds.store_sales
where ss_sold_date_sk=(
  select min(d_date_sk) + 1000 from tpcds.date_dim)
---- PLAN
PLAN-ROOT SINK
|
04:AGGREGATE [FINALIZE]
|  output: count(*)
|  row-size=8B cardinality=1
|
03:HASH JOIN [LEFT SEMI JOIN]
|  hash predicates: ss_sold_date_sk = min(d_date_sk) + 1000
|  runtime filters: RF000 <- min(d_date_sk) + 1000
|  row-size=4B cardinality=1.58K
|
|--02:AGGREGATE [FINALIZE]
|  |  output: min(d_date_sk)
|  |  row-size=4B cardinality=1
|  |
|  01:SCAN HDFS [tpcds.date_dim]
|     HDFS partitions=1/1 files=1 size=9.84MB
|     row-size=4B cardinality=73.05K
|
00:SCAN HDFS [tpcds.store_sales]
   HDFS partitions=1824/1824 files=1824 size=346.60MB
   runtime filters: RF000 -> ss_sold_date_sk
   row-size=4B cardinality=1.58K(filtered from 2.88M)
====
# IMPALA-13077: leftmost scan cardinality should be reduced following cardinality
# reduction from the build side, even when the join predicate is not
# SlotRef vs SlotRef equality.
select count(*) from tpcds.store_sales ss
where exists (
  select 1 from tpcds.date_dim
  where d_year = 2100 and ss.ss_sold_date_sk = d_date_sk + 1000)
---- PLAN
PLAN-ROOT SINK
|
03:AGGREGATE [FINALIZE]
|  output: count(*)
|  row-size=8B cardinality=1
|
02:HASH JOIN [LEFT SEMI JOIN]
|  hash predicates: ss.ss_sold_date_sk = d_date_sk + 1000
|  runtime filters: RF000 <- d_date_sk + 1000
|  row-size=4B cardinality=589.03K
|
|--01:SCAN HDFS [tpcds.date_dim]
|     HDFS partitions=1/1 files=1 size=9.84MB
|     predicates: d_year = 2100
|     row-size=8B cardinality=373
|
00:SCAN HDFS [tpcds.store_sales ss]
   HDFS partitions=1824/1824 files=1824 size=346.60MB
   runtime filters: RF000 -> ss.ss_sold_date_sk
   row-size=4B cardinality=589.03K(filtered from 2.88M)
====
