# Parquet scan
select * from tpch_parquet.lineitem
---- PLAN
Max Per-Host Resource Reservation: Memory=44.00MB Threads=2
Per-Host Resource Estimates: Memory=180MB
Analyzed query: SELECT * FROM tpch_parquet.lineitem

F00:PLAN FRAGMENT [UNPARTITIONED] hosts=1 instances=1
|  Per-Host Resources: mem-estimate=180.00MB mem-reservation=44.00MB thread-reservation=2
PLAN-ROOT SINK
|  output exprs: tpch_parquet.lineitem.l_orderkey, tpch_parquet.lineitem.l_partkey, tpch_parquet.lineitem.l_suppkey, tpch_parquet.lineitem.l_linenumber, tpch_parquet.lineitem.l_quantity, tpch_parquet.lineitem.l_extendedprice, tpch_parquet.lineitem.l_discount, tpch_parquet.lineitem.l_tax, tpch_parquet.lineitem.l_returnflag, tpch_parquet.lineitem.l_linestatus, tpch_parquet.lineitem.l_shipdate, tpch_parquet.lineitem.l_commitdate, tpch_parquet.lineitem.l_receiptdate, tpch_parquet.lineitem.l_shipinstruct, tpch_parquet.lineitem.l_shipmode, tpch_parquet.lineitem.l_comment
|  mem-estimate=100.00MB mem-reservation=4.00MB spill-buffer=2.00MB thread-reservation=0
|
00:SCAN HDFS [tpch_parquet.lineitem]
   HDFS partitions=1/1 files=3 size=193.99MB
   stored statistics:
     table: rows=6.00M size=193.99MB
     columns: all
   extrapolated-rows=disabled max-scan-range-rows=2.14M
   mem-estimate=80.00MB mem-reservation=40.00MB thread-reservation=1
   tuple-ids=0 row-size=231B cardinality=6.00M
   in pipelines: 00(GETNEXT)
---- DISTRIBUTEDPLAN
Max Per-Host Resource Reservation: Memory=44.00MB Threads=3
Per-Host Resource Estimates: Memory=192MB
Analyzed query: SELECT * FROM tpch_parquet.lineitem

F01:PLAN FRAGMENT [UNPARTITIONED] hosts=1 instances=1
|  Per-Host Resources: mem-estimate=110.69MB mem-reservation=4.00MB thread-reservation=1
PLAN-ROOT SINK
|  output exprs: tpch_parquet.lineitem.l_orderkey, tpch_parquet.lineitem.l_partkey, tpch_parquet.lineitem.l_suppkey, tpch_parquet.lineitem.l_linenumber, tpch_parquet.lineitem.l_quantity, tpch_parquet.lineitem.l_extendedprice, tpch_parquet.lineitem.l_discount, tpch_parquet.lineitem.l_tax, tpch_parquet.lineitem.l_returnflag, tpch_parquet.lineitem.l_linestatus, tpch_parquet.lineitem.l_shipdate, tpch_parquet.lineitem.l_commitdate, tpch_parquet.lineitem.l_receiptdate, tpch_parquet.lineitem.l_shipinstruct, tpch_parquet.lineitem.l_shipmode, tpch_parquet.lineitem.l_comment
|  mem-estimate=100.00MB mem-reservation=4.00MB spill-buffer=2.00MB thread-reservation=0
|
01:EXCHANGE [UNPARTITIONED]
|  mem-estimate=10.69MB mem-reservation=0B thread-reservation=0
|  tuple-ids=0 row-size=231B cardinality=6.00M
|  in pipelines: 00(GETNEXT)
|
F00:PLAN FRAGMENT [RANDOM] hosts=3 instances=3
Per-Host Resources: mem-estimate=80.92MB mem-reservation=40.00MB thread-reservation=2
00:SCAN HDFS [tpch_parquet.lineitem, RANDOM]
   HDFS partitions=1/1 files=3 size=193.99MB
   stored statistics:
     table: rows=6.00M size=193.99MB
     columns: all
   extrapolated-rows=disabled max-scan-range-rows=2.14M
   mem-estimate=80.00MB mem-reservation=40.00MB thread-reservation=1
   tuple-ids=0 row-size=231B cardinality=6.00M
   in pipelines: 00(GETNEXT)
---- PARALLELPLANS
Max Per-Host Resource Reservation: Memory=44.00MB Threads=2
Per-Host Resource Estimates: Memory=192MB
Analyzed query: SELECT * FROM tpch_parquet.lineitem

F01:PLAN FRAGMENT [UNPARTITIONED] hosts=1 instances=1
|  Per-Instance Resources: mem-estimate=110.69MB mem-reservation=4.00MB thread-reservation=1
PLAN-ROOT SINK
|  output exprs: tpch_parquet.lineitem.l_orderkey, tpch_parquet.lineitem.l_partkey, tpch_parquet.lineitem.l_suppkey, tpch_parquet.lineitem.l_linenumber, tpch_parquet.lineitem.l_quantity, tpch_parquet.lineitem.l_extendedprice, tpch_parquet.lineitem.l_discount, tpch_parquet.lineitem.l_tax, tpch_parquet.lineitem.l_returnflag, tpch_parquet.lineitem.l_linestatus, tpch_parquet.lineitem.l_shipdate, tpch_parquet.lineitem.l_commitdate, tpch_parquet.lineitem.l_receiptdate, tpch_parquet.lineitem.l_shipinstruct, tpch_parquet.lineitem.l_shipmode, tpch_parquet.lineitem.l_comment
|  mem-estimate=100.00MB mem-reservation=4.00MB spill-buffer=2.00MB thread-reservation=0
|
01:EXCHANGE [UNPARTITIONED]
|  mem-estimate=10.69MB mem-reservation=0B thread-reservation=0
|  tuple-ids=0 row-size=231B cardinality=6.00M
|  in pipelines: 00(GETNEXT)
|
F00:PLAN FRAGMENT [RANDOM] hosts=3 instances=3
Per-Instance Resources: mem-estimate=80.92MB mem-reservation=40.00MB thread-reservation=1
00:SCAN HDFS [tpch_parquet.lineitem, RANDOM]
   HDFS partitions=1/1 files=3 size=193.99MB
   stored statistics:
     table: rows=6.00M size=193.99MB
     columns: all
   extrapolated-rows=disabled max-scan-range-rows=2.14M
   mem-estimate=80.00MB mem-reservation=40.00MB thread-reservation=0
   tuple-ids=0 row-size=231B cardinality=6.00M
   in pipelines: 00(GETNEXT)
====
# Single column parquet scan - memory reservation is reduced compared to multi-column
# scan.
select l_comment from tpch_parquet.lineitem
---- PLAN
Max Per-Host Resource Reservation: Memory=8.00MB Threads=2
Per-Host Resource Estimates: Memory=180MB
Analyzed query: SELECT l_comment FROM tpch_parquet.lineitem

F00:PLAN FRAGMENT [UNPARTITIONED] hosts=1 instances=1
|  Per-Host Resources: mem-estimate=180.00MB mem-reservation=8.00MB thread-reservation=2
PLAN-ROOT SINK
|  output exprs: l_comment
|  mem-estimate=100.00MB mem-reservation=4.00MB spill-buffer=2.00MB thread-reservation=0
|
00:SCAN HDFS [tpch_parquet.lineitem]
   HDFS partitions=1/1 files=3 size=193.99MB
   stored statistics:
     table: rows=6.00M size=193.99MB
     columns: all
   extrapolated-rows=disabled max-scan-range-rows=2.14M
   mem-estimate=80.00MB mem-reservation=4.00MB thread-reservation=1
   tuple-ids=0 row-size=38B cardinality=6.00M
   in pipelines: 00(GETNEXT)
---- DISTRIBUTEDPLAN
Max Per-Host Resource Reservation: Memory=8.00MB Threads=3
Per-Host Resource Estimates: Memory=190MB
Analyzed query: SELECT l_comment FROM tpch_parquet.lineitem

F01:PLAN FRAGMENT [UNPARTITIONED] hosts=1 instances=1
|  Per-Host Resources: mem-estimate=110.12MB mem-reservation=4.00MB thread-reservation=1
PLAN-ROOT SINK
|  output exprs: l_comment
|  mem-estimate=100.00MB mem-reservation=4.00MB spill-buffer=2.00MB thread-reservation=0
|
01:EXCHANGE [UNPARTITIONED]
|  mem-estimate=10.12MB mem-reservation=0B thread-reservation=0
|  tuple-ids=0 row-size=38B cardinality=6.00M
|  in pipelines: 00(GETNEXT)
|
F00:PLAN FRAGMENT [RANDOM] hosts=3 instances=3
Per-Host Resources: mem-estimate=80.17MB mem-reservation=4.00MB thread-reservation=2
00:SCAN HDFS [tpch_parquet.lineitem, RANDOM]
   HDFS partitions=1/1 files=3 size=193.99MB
   stored statistics:
     table: rows=6.00M size=193.99MB
     columns: all
   extrapolated-rows=disabled max-scan-range-rows=2.14M
   mem-estimate=80.00MB mem-reservation=4.00MB thread-reservation=1
   tuple-ids=0 row-size=38B cardinality=6.00M
   in pipelines: 00(GETNEXT)
---- PARALLELPLANS
Max Per-Host Resource Reservation: Memory=8.00MB Threads=2
Per-Host Resource Estimates: Memory=190MB
Analyzed query: SELECT l_comment FROM tpch_parquet.lineitem

F01:PLAN FRAGMENT [UNPARTITIONED] hosts=1 instances=1
|  Per-Instance Resources: mem-estimate=110.12MB mem-reservation=4.00MB thread-reservation=1
PLAN-ROOT SINK
|  output exprs: l_comment
|  mem-estimate=100.00MB mem-reservation=4.00MB spill-buffer=2.00MB thread-reservation=0
|
01:EXCHANGE [UNPARTITIONED]
|  mem-estimate=10.12MB mem-reservation=0B thread-reservation=0
|  tuple-ids=0 row-size=38B cardinality=6.00M
|  in pipelines: 00(GETNEXT)
|
F00:PLAN FRAGMENT [RANDOM] hosts=3 instances=3
Per-Instance Resources: mem-estimate=80.17MB mem-reservation=4.00MB thread-reservation=1
00:SCAN HDFS [tpch_parquet.lineitem, RANDOM]
   HDFS partitions=1/1 files=3 size=193.99MB
   stored statistics:
     table: rows=6.00M size=193.99MB
     columns: all
   extrapolated-rows=disabled max-scan-range-rows=2.14M
   mem-estimate=80.00MB mem-reservation=4.00MB thread-reservation=0
   tuple-ids=0 row-size=38B cardinality=6.00M
   in pipelines: 00(GETNEXT)
====
# Parquet scan - reservation estimate based on dictionary-encoded size reduces
# reservation for column with low NDV.
select c_nationkey from tpch_parquet.customer
---- PLAN
Max Per-Host Resource Reservation: Memory=4.12MB Threads=2
Per-Host Resource Estimates: Memory=28MB
Analyzed query: SELECT c_nationkey FROM tpch_parquet.customer

F00:PLAN FRAGMENT [UNPARTITIONED] hosts=1 instances=1
|  Per-Host Resources: mem-estimate=28.00MB mem-reservation=4.12MB thread-reservation=2
PLAN-ROOT SINK
|  output exprs: c_nationkey
|  mem-estimate=4.00MB mem-reservation=4.00MB spill-buffer=2.00MB thread-reservation=0
|
00:SCAN HDFS [tpch_parquet.customer]
   HDFS partitions=1/1 files=1 size=12.34MB
   stored statistics:
     table: rows=150.00K size=12.34MB
     columns: all
   extrapolated-rows=disabled max-scan-range-rows=150.00K
   mem-estimate=24.00MB mem-reservation=128.00KB thread-reservation=1
   tuple-ids=0 row-size=2B cardinality=150.00K
   in pipelines: 00(GETNEXT)
====
# Parquet scan - reservation estimate based on uncompressed size reduces reservation
# for fixed-width column with high NDV.
select c_custkey from tpch_parquet.customer
---- PLAN
Max Per-Host Resource Reservation: Memory=6.00MB Threads=2
Per-Host Resource Estimates: Memory=28MB
Analyzed query: SELECT c_custkey FROM tpch_parquet.customer

F00:PLAN FRAGMENT [UNPARTITIONED] hosts=1 instances=1
|  Per-Host Resources: mem-estimate=28.00MB mem-reservation=6.00MB thread-reservation=2
PLAN-ROOT SINK
|  output exprs: c_custkey
|  mem-estimate=4.00MB mem-reservation=4.00MB spill-buffer=2.00MB thread-reservation=0
|
00:SCAN HDFS [tpch_parquet.customer]
   HDFS partitions=1/1 files=1 size=12.34MB
   stored statistics:
     table: rows=150.00K size=12.34MB
     columns: all
   extrapolated-rows=disabled max-scan-range-rows=150.00K
   mem-estimate=24.00MB mem-reservation=2.00MB thread-reservation=1
   tuple-ids=0 row-size=8B cardinality=150.00K
   in pipelines: 00(GETNEXT)
====
# Parquet scan - reservation estimate is not reduced based on column stats when they
# are not present (c_mktsegment is a low NDV column so we can reduce our estimate of
# the column size to significantly smaller than the file size.
select c_mktsegment from functional_parquet.customer_multiblock
---- PLAN
Max Per-Host Resource Reservation: Memory=4.50MB Threads=2
Per-Host Resource Estimates: Memory=26MB
WARNING: The following tables are missing relevant table and/or column statistics.
functional_parquet.customer_multiblock
Analyzed query: SELECT c_mktsegment FROM functional_parquet.customer_multiblock

F00:PLAN FRAGMENT [UNPARTITIONED] hosts=1 instances=1
|  Per-Host Resources: mem-estimate=26.00MB mem-reservation=4.50MB thread-reservation=2
PLAN-ROOT SINK
|  output exprs: c_mktsegment
|  mem-estimate=10.00MB mem-reservation=4.00MB spill-buffer=2.00MB thread-reservation=0
|
00:SCAN HDFS [functional_parquet.customer_multiblock]
   HDFS partitions=1/1 files=1 size=482.93KB
   stored statistics:
     table: rows=unavailable size=482.93KB
     columns: unavailable
   extrapolated-rows=disabled max-scan-range-rows=unavailable
   mem-estimate=16.00MB mem-reservation=512.00KB thread-reservation=1
   tuple-ids=0 row-size=12B cardinality=unavailable
   in pipelines: 00(GETNEXT)
====
# Grouping aggregation
select l_orderkey, count(*)
from tpch_parquet.lineitem
group by l_orderkey
---- PLAN
Max Per-Host Resource Reservation: Memory=38.00MB Threads=2
Per-Host Resource Estimates: Memory=122MB
Analyzed query: SELECT l_orderkey, count(*) FROM tpch_parquet.lineitem GROUP BY
l_orderkey

F00:PLAN FRAGMENT [UNPARTITIONED] hosts=1 instances=1
|  Per-Host Resources: mem-estimate=121.75MB mem-reservation=38.00MB thread-reservation=2
PLAN-ROOT SINK
|  output exprs: l_orderkey, count(*)
|  mem-estimate=23.86MB mem-reservation=4.00MB spill-buffer=2.00MB thread-reservation=0
|
01:AGGREGATE [FINALIZE]
|  output: count(*)
|  group by: l_orderkey
|  mem-estimate=41.75MB mem-reservation=34.00MB spill-buffer=2.00MB thread-reservation=0
|  tuple-ids=1 row-size=16B cardinality=1.56M
|  in pipelines: 01(GETNEXT), 00(OPEN)
|
00:SCAN HDFS [tpch_parquet.lineitem]
   HDFS partitions=1/1 files=3 size=193.99MB
   stored statistics:
     table: rows=6.00M size=193.99MB
     columns: all
   extrapolated-rows=disabled max-scan-range-rows=2.14M
   mem-estimate=80.00MB mem-reservation=4.00MB thread-reservation=1
   tuple-ids=0 row-size=8B cardinality=6.00M
   in pipelines: 00(GETNEXT)
---- DISTRIBUTEDPLAN
Max Per-Host Resource Reservation: Memory=59.00MB Threads=4
Per-Host Resource Estimates: Memory=179MB
Analyzed query: SELECT l_orderkey, count(*) FROM tpch_parquet.lineitem GROUP BY
l_orderkey

F02:PLAN FRAGMENT [UNPARTITIONED] hosts=1 instances=1
|  Per-Host Resources: mem-estimate=31.87MB mem-reservation=4.00MB thread-reservation=1
PLAN-ROOT SINK
|  output exprs: l_orderkey, count(*)
|  mem-estimate=23.86MB mem-reservation=4.00MB spill-buffer=2.00MB thread-reservation=0
|
04:EXCHANGE [UNPARTITIONED]
|  mem-estimate=8.01MB mem-reservation=0B thread-reservation=0
|  tuple-ids=1 row-size=16B cardinality=1.56M
|  in pipelines: 03(GETNEXT)
|
F01:PLAN FRAGMENT [HASH(l_orderkey)] hosts=3 instances=3
Per-Host Resources: mem-estimate=27.06MB mem-reservation=17.00MB thread-reservation=1
03:AGGREGATE [FINALIZE]
|  output: count:merge(*)
|  group by: l_orderkey
|  mem-estimate=17.00MB mem-reservation=17.00MB spill-buffer=1.00MB thread-reservation=0
|  tuple-ids=1 row-size=16B cardinality=1.56M
|  in pipelines: 03(GETNEXT), 00(OPEN)
|
02:EXCHANGE [HASH(l_orderkey)]
|  mem-estimate=10.06MB mem-reservation=0B thread-reservation=0
|  tuple-ids=1 row-size=16B cardinality=3.39M
|  in pipelines: 00(GETNEXT)
|
F00:PLAN FRAGMENT [RANDOM] hosts=3 instances=3
Per-Host Resources: mem-estimate=120.30MB mem-reservation=38.00MB thread-reservation=2
01:AGGREGATE [STREAMING]
|  output: count(*)
|  group by: l_orderkey
|  mem-estimate=40.06MB mem-reservation=34.00MB spill-buffer=2.00MB thread-reservation=0
|  tuple-ids=1 row-size=16B cardinality=3.39M
|  in pipelines: 00(GETNEXT)
|
00:SCAN HDFS [tpch_parquet.lineitem, RANDOM]
   HDFS partitions=1/1 files=3 size=193.99MB
   stored statistics:
     table: rows=6.00M size=193.99MB
     columns: all
   extrapolated-rows=disabled max-scan-range-rows=2.14M
   mem-estimate=80.00MB mem-reservation=4.00MB thread-reservation=1
   tuple-ids=0 row-size=8B cardinality=6.00M
   in pipelines: 00(GETNEXT)
---- PARALLELPLANS
Max Per-Host Resource Reservation: Memory=59.00MB Threads=3
Per-Host Resource Estimates: Memory=179MB
Analyzed query: SELECT l_orderkey, count(*) FROM tpch_parquet.lineitem GROUP BY
l_orderkey

F02:PLAN FRAGMENT [UNPARTITIONED] hosts=1 instances=1
|  Per-Instance Resources: mem-estimate=31.87MB mem-reservation=4.00MB thread-reservation=1
PLAN-ROOT SINK
|  output exprs: l_orderkey, count(*)
|  mem-estimate=23.86MB mem-reservation=4.00MB spill-buffer=2.00MB thread-reservation=0
|
04:EXCHANGE [UNPARTITIONED]
|  mem-estimate=8.01MB mem-reservation=0B thread-reservation=0
|  tuple-ids=1 row-size=16B cardinality=1.56M
|  in pipelines: 03(GETNEXT)
|
F01:PLAN FRAGMENT [HASH(l_orderkey)] hosts=3 instances=3
Per-Instance Resources: mem-estimate=27.06MB mem-reservation=17.00MB thread-reservation=1
03:AGGREGATE [FINALIZE]
|  output: count:merge(*)
|  group by: l_orderkey
|  mem-estimate=17.00MB mem-reservation=17.00MB spill-buffer=1.00MB thread-reservation=0
|  tuple-ids=1 row-size=16B cardinality=1.56M
|  in pipelines: 03(GETNEXT), 00(OPEN)
|
02:EXCHANGE [HASH(l_orderkey)]
|  mem-estimate=10.06MB mem-reservation=0B thread-reservation=0
|  tuple-ids=1 row-size=16B cardinality=3.39M
|  in pipelines: 00(GETNEXT)
|
F00:PLAN FRAGMENT [RANDOM] hosts=3 instances=3
Per-Instance Resources: mem-estimate=120.30MB mem-reservation=38.00MB thread-reservation=1
01:AGGREGATE [STREAMING]
|  output: count(*)
|  group by: l_orderkey
|  mem-estimate=40.06MB mem-reservation=34.00MB spill-buffer=2.00MB thread-reservation=0
|  tuple-ids=1 row-size=16B cardinality=3.39M
|  in pipelines: 00(GETNEXT)
|
00:SCAN HDFS [tpch_parquet.lineitem, RANDOM]
   HDFS partitions=1/1 files=3 size=193.99MB
   stored statistics:
     table: rows=6.00M size=193.99MB
     columns: all
   extrapolated-rows=disabled max-scan-range-rows=2.14M
   mem-estimate=80.00MB mem-reservation=4.00MB thread-reservation=0
   tuple-ids=0 row-size=8B cardinality=6.00M
   in pipelines: 00(GETNEXT)
====
# Non-grouping aggregation with zero-slot parquet scan
select count(*) from tpch_parquet.lineitem
---- PLAN
Max Per-Host Resource Reservation: Memory=128.00KB Threads=2
Per-Host Resource Estimates: Memory=10MB
Codegen disabled by planner
Analyzed query: SELECT count(*) FROM tpch_parquet.lineitem

F00:PLAN FRAGMENT [UNPARTITIONED] hosts=1 instances=1
|  Per-Host Resources: mem-estimate=1.02MB mem-reservation=128.00KB thread-reservation=2
PLAN-ROOT SINK
|  output exprs: count(*)
|  mem-estimate=0B mem-reservation=0B thread-reservation=0
|
01:AGGREGATE [FINALIZE]
|  output: sum_init_zero(tpch_parquet.lineitem.stats: num_rows)
|  mem-estimate=16.00KB mem-reservation=0B spill-buffer=2.00MB thread-reservation=0
|  tuple-ids=1 row-size=8B cardinality=1
|  in pipelines: 01(GETNEXT), 00(OPEN)
|
00:SCAN HDFS [tpch_parquet.lineitem]
   HDFS partitions=1/1 files=3 size=193.99MB
   stored statistics:
     table: rows=6.00M size=193.99MB
     columns: all
   extrapolated-rows=disabled max-scan-range-rows=2.14M
   mem-estimate=1.00MB mem-reservation=128.00KB thread-reservation=1
   tuple-ids=0 row-size=8B cardinality=3
   in pipelines: 00(GETNEXT)
---- DISTRIBUTEDPLAN
Max Per-Host Resource Reservation: Memory=128.00KB Threads=3
Per-Host Resource Estimates: Memory=10MB
Codegen disabled by planner
Analyzed query: SELECT count(*) FROM tpch_parquet.lineitem

F01:PLAN FRAGMENT [UNPARTITIONED] hosts=1 instances=1
|  Per-Host Resources: mem-estimate=32.00KB mem-reservation=0B thread-reservation=1
PLAN-ROOT SINK
|  output exprs: count(*)
|  mem-estimate=0B mem-reservation=0B thread-reservation=0
|
03:AGGREGATE [FINALIZE]
|  output: count:merge(*)
|  mem-estimate=16.00KB mem-reservation=0B spill-buffer=2.00MB thread-reservation=0
|  tuple-ids=1 row-size=8B cardinality=1
|  in pipelines: 03(GETNEXT), 01(OPEN)
|
02:EXCHANGE [UNPARTITIONED]
|  mem-estimate=16.00KB mem-reservation=0B thread-reservation=0
|  tuple-ids=1 row-size=8B cardinality=3
|  in pipelines: 01(GETNEXT)
|
F00:PLAN FRAGMENT [RANDOM] hosts=3 instances=3
Per-Host Resources: mem-estimate=1.02MB mem-reservation=128.00KB thread-reservation=2
01:AGGREGATE
|  output: sum_init_zero(tpch_parquet.lineitem.stats: num_rows)
|  mem-estimate=16.00KB mem-reservation=0B spill-buffer=2.00MB thread-reservation=0
|  tuple-ids=1 row-size=8B cardinality=3
|  in pipelines: 01(GETNEXT), 00(OPEN)
|
00:SCAN HDFS [tpch_parquet.lineitem, RANDOM]
   HDFS partitions=1/1 files=3 size=193.99MB
   stored statistics:
     table: rows=6.00M size=193.99MB
     columns: all
   extrapolated-rows=disabled max-scan-range-rows=2.14M
   mem-estimate=1.00MB mem-reservation=128.00KB thread-reservation=1
   tuple-ids=0 row-size=8B cardinality=3
   in pipelines: 00(GETNEXT)
---- PARALLELPLANS
Max Per-Host Resource Reservation: Memory=128.00KB Threads=2
Per-Host Resource Estimates: Memory=80MB
Codegen disabled by planner
Analyzed query: SELECT count(*) FROM tpch_parquet.lineitem

F01:PLAN FRAGMENT [UNPARTITIONED] hosts=1 instances=1
|  Per-Instance Resources: mem-estimate=32.00KB mem-reservation=0B thread-reservation=1
PLAN-ROOT SINK
|  output exprs: count(*)
|  mem-estimate=0B mem-reservation=0B thread-reservation=0
|
03:AGGREGATE [FINALIZE]
|  output: count:merge(*)
|  mem-estimate=16.00KB mem-reservation=0B spill-buffer=2.00MB thread-reservation=0
|  tuple-ids=1 row-size=8B cardinality=1
|  in pipelines: 03(GETNEXT), 01(OPEN)
|
02:EXCHANGE [UNPARTITIONED]
|  mem-estimate=16.00KB mem-reservation=0B thread-reservation=0
|  tuple-ids=1 row-size=8B cardinality=3
|  in pipelines: 01(GETNEXT)
|
F00:PLAN FRAGMENT [RANDOM] hosts=3 instances=3
Per-Instance Resources: mem-estimate=80.02MB mem-reservation=128.00KB thread-reservation=1
01:AGGREGATE
|  output: sum_init_zero(tpch_parquet.lineitem.stats: num_rows)
|  mem-estimate=16.00KB mem-reservation=0B spill-buffer=2.00MB thread-reservation=0
|  tuple-ids=1 row-size=8B cardinality=3
|  in pipelines: 01(GETNEXT), 00(OPEN)
|
00:SCAN HDFS [tpch_parquet.lineitem, RANDOM]
   HDFS partitions=1/1 files=3 size=193.99MB
   stored statistics:
     table: rows=6.00M size=193.99MB
     columns: all
   extrapolated-rows=disabled max-scan-range-rows=2.14M
   mem-estimate=80.00MB mem-reservation=128.00KB thread-reservation=0
   tuple-ids=0 row-size=8B cardinality=3
   in pipelines: 00(GETNEXT)
====
# Sort
select *
from tpch_parquet.lineitem
order by l_comment
---- PLAN
Max Per-Host Resource Reservation: Memory=52.00MB Threads=2
Per-Host Resource Estimates: Memory=1.39GB
Analyzed query: SELECT * FROM tpch_parquet.lineitem ORDER BY l_comment ASC

F00:PLAN FRAGMENT [UNPARTITIONED] hosts=1 instances=1
|  Per-Host Resources: mem-estimate=1.39GB mem-reservation=52.00MB thread-reservation=2
PLAN-ROOT SINK
|  output exprs: l_orderkey, l_partkey, l_suppkey, l_linenumber, l_quantity, l_extendedprice, l_discount, l_tax, l_returnflag, l_linestatus, l_shipdate, l_commitdate, l_receiptdate, l_shipinstruct, l_shipmode, l_comment
|  mem-estimate=100.00MB mem-reservation=4.00MB spill-buffer=2.00MB thread-reservation=0
|
01:SORT
|  order by: l_comment ASC
|  mem-estimate=1.29GB mem-reservation=12.00MB spill-buffer=2.00MB thread-reservation=0
|  tuple-ids=1 row-size=231B cardinality=6.00M
|  in pipelines: 01(GETNEXT), 00(OPEN)
|
00:SCAN HDFS [tpch_parquet.lineitem]
   HDFS partitions=1/1 files=3 size=193.99MB
   stored statistics:
     table: rows=6.00M size=193.99MB
     columns: all
   extrapolated-rows=disabled max-scan-range-rows=2.14M
   mem-estimate=80.00MB mem-reservation=40.00MB thread-reservation=1
   tuple-ids=0 row-size=231B cardinality=6.00M
   in pipelines: 00(GETNEXT)
---- DISTRIBUTEDPLAN
Max Per-Host Resource Reservation: Memory=56.00MB Threads=3
Per-Host Resource Estimates: Memory=651MB
Analyzed query: SELECT * FROM tpch_parquet.lineitem ORDER BY l_comment ASC

F01:PLAN FRAGMENT [UNPARTITIONED] hosts=1 instances=1
|  Per-Host Resources: mem-estimate=130.69MB mem-reservation=4.00MB thread-reservation=1
PLAN-ROOT SINK
|  output exprs: l_orderkey, l_partkey, l_suppkey, l_linenumber, l_quantity, l_extendedprice, l_discount, l_tax, l_returnflag, l_linestatus, l_shipdate, l_commitdate, l_receiptdate, l_shipinstruct, l_shipmode, l_comment
|  mem-estimate=100.00MB mem-reservation=4.00MB spill-buffer=2.00MB thread-reservation=0
|
02:MERGING-EXCHANGE [UNPARTITIONED]
|  order by: l_comment ASC
|  mem-estimate=30.69MB mem-reservation=0B thread-reservation=0
|  tuple-ids=1 row-size=231B cardinality=6.00M
|  in pipelines: 01(GETNEXT)
|
F00:PLAN FRAGMENT [RANDOM] hosts=3 instances=3
Per-Host Resources: mem-estimate=520.26MB mem-reservation=52.00MB thread-reservation=2
01:SORT
|  order by: l_comment ASC
|  mem-estimate=440.26MB mem-reservation=12.00MB spill-buffer=2.00MB thread-reservation=0
|  tuple-ids=1 row-size=231B cardinality=6.00M
|  in pipelines: 01(GETNEXT), 00(OPEN)
|
00:SCAN HDFS [tpch_parquet.lineitem, RANDOM]
   HDFS partitions=1/1 files=3 size=193.99MB
   stored statistics:
     table: rows=6.00M size=193.99MB
     columns: all
   extrapolated-rows=disabled max-scan-range-rows=2.14M
   mem-estimate=80.00MB mem-reservation=40.00MB thread-reservation=1
   tuple-ids=0 row-size=231B cardinality=6.00M
   in pipelines: 00(GETNEXT)
---- PARALLELPLANS
Max Per-Host Resource Reservation: Memory=56.00MB Threads=2
Per-Host Resource Estimates: Memory=651MB
Analyzed query: SELECT * FROM tpch_parquet.lineitem ORDER BY l_comment ASC

F01:PLAN FRAGMENT [UNPARTITIONED] hosts=1 instances=1
|  Per-Instance Resources: mem-estimate=130.69MB mem-reservation=4.00MB thread-reservation=1
PLAN-ROOT SINK
|  output exprs: l_orderkey, l_partkey, l_suppkey, l_linenumber, l_quantity, l_extendedprice, l_discount, l_tax, l_returnflag, l_linestatus, l_shipdate, l_commitdate, l_receiptdate, l_shipinstruct, l_shipmode, l_comment
|  mem-estimate=100.00MB mem-reservation=4.00MB spill-buffer=2.00MB thread-reservation=0
|
02:MERGING-EXCHANGE [UNPARTITIONED]
|  order by: l_comment ASC
|  mem-estimate=30.69MB mem-reservation=0B thread-reservation=0
|  tuple-ids=1 row-size=231B cardinality=6.00M
|  in pipelines: 01(GETNEXT)
|
F00:PLAN FRAGMENT [RANDOM] hosts=3 instances=3
Per-Instance Resources: mem-estimate=520.26MB mem-reservation=52.00MB thread-reservation=1
01:SORT
|  order by: l_comment ASC
|  mem-estimate=440.26MB mem-reservation=12.00MB spill-buffer=2.00MB thread-reservation=0
|  tuple-ids=1 row-size=231B cardinality=6.00M
|  in pipelines: 01(GETNEXT), 00(OPEN)
|
00:SCAN HDFS [tpch_parquet.lineitem, RANDOM]
   HDFS partitions=1/1 files=3 size=193.99MB
   stored statistics:
     table: rows=6.00M size=193.99MB
     columns: all
   extrapolated-rows=disabled max-scan-range-rows=2.14M
   mem-estimate=80.00MB mem-reservation=40.00MB thread-reservation=0
   tuple-ids=0 row-size=231B cardinality=6.00M
   in pipelines: 00(GETNEXT)
====
# TOP-N
select *
from tpch_parquet.lineitem
order by l_comment
limit 100
---- PLAN
Max Per-Host Resource Reservation: Memory=40.00MB Threads=2
Per-Host Resource Estimates: Memory=80MB
Analyzed query: SELECT * FROM tpch_parquet.lineitem ORDER BY l_comment ASC LIMIT
CAST(100 AS TINYINT)

F00:PLAN FRAGMENT [UNPARTITIONED] hosts=1 instances=1
|  Per-Host Resources: mem-estimate=80.02MB mem-reservation=40.00MB thread-reservation=2
PLAN-ROOT SINK
|  output exprs: l_orderkey, l_partkey, l_suppkey, l_linenumber, l_quantity, l_extendedprice, l_discount, l_tax, l_returnflag, l_linestatus, l_shipdate, l_commitdate, l_receiptdate, l_shipinstruct, l_shipmode, l_comment
|  mem-estimate=4.00MB mem-reservation=4.00MB spill-buffer=2.00MB thread-reservation=0
|
01:TOP-N [LIMIT=100]
|  order by: l_comment ASC
|  mem-estimate=22.54KB mem-reservation=0B thread-reservation=0
|  tuple-ids=1 row-size=231B cardinality=100
|  in pipelines: 01(GETNEXT), 00(OPEN)
|
00:SCAN HDFS [tpch_parquet.lineitem]
   HDFS partitions=1/1 files=3 size=193.99MB
   stored statistics:
     table: rows=6.00M size=193.99MB
     columns: all
   extrapolated-rows=disabled max-scan-range-rows=2.14M
   mem-estimate=80.00MB mem-reservation=40.00MB thread-reservation=1
   tuple-ids=0 row-size=231B cardinality=6.00M
   in pipelines: 00(GETNEXT)
---- DISTRIBUTEDPLAN
Max Per-Host Resource Reservation: Memory=44.00MB Threads=3
Per-Host Resource Estimates: Memory=84MB
Analyzed query: SELECT * FROM tpch_parquet.lineitem ORDER BY l_comment ASC LIMIT
CAST(100 AS TINYINT)

F01:PLAN FRAGMENT [UNPARTITIONED] hosts=1 instances=1
|  Per-Host Resources: mem-estimate=4.07MB mem-reservation=4.00MB thread-reservation=1
PLAN-ROOT SINK
|  output exprs: l_orderkey, l_partkey, l_suppkey, l_linenumber, l_quantity, l_extendedprice, l_discount, l_tax, l_returnflag, l_linestatus, l_shipdate, l_commitdate, l_receiptdate, l_shipinstruct, l_shipmode, l_comment
|  mem-estimate=4.00MB mem-reservation=4.00MB spill-buffer=2.00MB thread-reservation=0
|
02:MERGING-EXCHANGE [UNPARTITIONED]
|  order by: l_comment ASC
|  limit: 100
|  mem-estimate=76.29KB mem-reservation=0B thread-reservation=0
|  tuple-ids=1 row-size=231B cardinality=100
|  in pipelines: 01(GETNEXT)
|
F00:PLAN FRAGMENT [RANDOM] hosts=3 instances=3
Per-Host Resources: mem-estimate=80.02MB mem-reservation=40.00MB thread-reservation=2
01:TOP-N [LIMIT=100]
|  order by: l_comment ASC
|  mem-estimate=22.54KB mem-reservation=0B thread-reservation=0
|  tuple-ids=1 row-size=231B cardinality=100
|  in pipelines: 01(GETNEXT), 00(OPEN)
|
00:SCAN HDFS [tpch_parquet.lineitem, RANDOM]
   HDFS partitions=1/1 files=3 size=193.99MB
   stored statistics:
     table: rows=6.00M size=193.99MB
     columns: all
   extrapolated-rows=disabled max-scan-range-rows=2.14M
   mem-estimate=80.00MB mem-reservation=40.00MB thread-reservation=1
   tuple-ids=0 row-size=231B cardinality=6.00M
   in pipelines: 00(GETNEXT)
---- PARALLELPLANS
Max Per-Host Resource Reservation: Memory=44.00MB Threads=2
Per-Host Resource Estimates: Memory=84MB
Analyzed query: SELECT * FROM tpch_parquet.lineitem ORDER BY l_comment ASC LIMIT
CAST(100 AS TINYINT)

F01:PLAN FRAGMENT [UNPARTITIONED] hosts=1 instances=1
|  Per-Instance Resources: mem-estimate=4.07MB mem-reservation=4.00MB thread-reservation=1
PLAN-ROOT SINK
|  output exprs: l_orderkey, l_partkey, l_suppkey, l_linenumber, l_quantity, l_extendedprice, l_discount, l_tax, l_returnflag, l_linestatus, l_shipdate, l_commitdate, l_receiptdate, l_shipinstruct, l_shipmode, l_comment
|  mem-estimate=4.00MB mem-reservation=4.00MB spill-buffer=2.00MB thread-reservation=0
|
02:MERGING-EXCHANGE [UNPARTITIONED]
|  order by: l_comment ASC
|  limit: 100
|  mem-estimate=76.29KB mem-reservation=0B thread-reservation=0
|  tuple-ids=1 row-size=231B cardinality=100
|  in pipelines: 01(GETNEXT)
|
F00:PLAN FRAGMENT [RANDOM] hosts=3 instances=3
Per-Instance Resources: mem-estimate=80.02MB mem-reservation=40.00MB thread-reservation=1
01:TOP-N [LIMIT=100]
|  order by: l_comment ASC
|  mem-estimate=22.54KB mem-reservation=0B thread-reservation=0
|  tuple-ids=1 row-size=231B cardinality=100
|  in pipelines: 01(GETNEXT), 00(OPEN)
|
00:SCAN HDFS [tpch_parquet.lineitem, RANDOM]
   HDFS partitions=1/1 files=3 size=193.99MB
   stored statistics:
     table: rows=6.00M size=193.99MB
     columns: all
   extrapolated-rows=disabled max-scan-range-rows=2.14M
   mem-estimate=80.00MB mem-reservation=40.00MB thread-reservation=0
   tuple-ids=0 row-size=231B cardinality=6.00M
   in pipelines: 00(GETNEXT)
====
# Pipeline of blocking operators from analytic fns. Blocking operators break
# the pipeline so they do not all consume resources concurrently.
select *, row_number() over (order by o_totalprice) rnum_price,
  row_number() over (order by o_orderdate) rnum_date,
  row_number() over (order by o_orderpriority) rnum_priority
from tpch_parquet.orders
---- PLAN
Max Per-Host Resource Reservation: Memory=48.00MB Threads=2
Per-Host Resource Estimates: Memory=531MB
Analyzed query: SELECT *, row_number() OVER (ORDER BY o_totalprice ASC)
rnum_price, row_number() OVER (ORDER BY o_orderdate ASC) rnum_date, row_number()
OVER (ORDER BY o_orderpriority ASC) rnum_priority FROM tpch_parquet.orders

F00:PLAN FRAGMENT [UNPARTITIONED] hosts=1 instances=1
|  Per-Host Resources: mem-estimate=531.32MB mem-reservation=48.00MB thread-reservation=2
PLAN-ROOT SINK
|  output exprs: o_orderkey, o_custkey, o_orderstatus, o_totalprice, o_orderdate, o_orderpriority, o_clerk, o_shippriority, o_comment, row_number(), row_number(), row_number()
|  mem-estimate=100.00MB mem-reservation=4.00MB spill-buffer=2.00MB thread-reservation=0
|
06:ANALYTIC
|  functions: row_number()
|  order by: o_orderpriority ASC
|  window: ROWS BETWEEN UNBOUNDED PRECEDING AND CURRENT ROW
|  mem-estimate=4.00MB mem-reservation=4.00MB spill-buffer=2.00MB thread-reservation=0
|  tuple-ids=10,5 row-size=195B cardinality=1.50M
|  in pipelines: 05(GETNEXT)
|
05:SORT
|  order by: o_orderpriority ASC
|  mem-estimate=267.38MB mem-reservation=12.00MB spill-buffer=2.00MB thread-reservation=0
|  tuple-ids=10 row-size=187B cardinality=1.50M
|  in pipelines: 05(GETNEXT), 03(OPEN)
|
04:ANALYTIC
|  functions: row_number()
|  order by: o_orderdate ASC
|  window: ROWS BETWEEN UNBOUNDED PRECEDING AND CURRENT ROW
|  mem-estimate=4.00MB mem-reservation=4.00MB spill-buffer=2.00MB thread-reservation=0
|  tuple-ids=8,4 row-size=187B cardinality=1.50M
|  in pipelines: 03(GETNEXT)
|
03:SORT
|  order by: o_orderdate ASC
|  mem-estimate=255.94MB mem-reservation=12.00MB spill-buffer=2.00MB thread-reservation=0
|  tuple-ids=8 row-size=179B cardinality=1.50M
|  in pipelines: 03(GETNEXT), 01(OPEN)
|
02:ANALYTIC
|  functions: row_number()
|  order by: o_totalprice ASC
|  window: ROWS BETWEEN UNBOUNDED PRECEDING AND CURRENT ROW
|  mem-estimate=4.00MB mem-reservation=4.00MB spill-buffer=2.00MB thread-reservation=0
|  tuple-ids=6,3 row-size=179B cardinality=1.50M
|  in pipelines: 01(GETNEXT)
|
01:SORT
|  order by: o_totalprice ASC
|  mem-estimate=244.49MB mem-reservation=12.00MB spill-buffer=2.00MB thread-reservation=0
|  tuple-ids=6 row-size=171B cardinality=1.50M
|  in pipelines: 01(GETNEXT), 00(OPEN)
|
00:SCAN HDFS [tpch_parquet.orders]
   HDFS partitions=1/1 files=2 size=54.21MB
   stored statistics:
     table: rows=1.50M size=54.21MB
     columns: all
   extrapolated-rows=disabled max-scan-range-rows=1.18M
   mem-estimate=40.00MB mem-reservation=24.00MB thread-reservation=1
   tuple-ids=0 row-size=171B cardinality=1.50M
   in pipelines: 00(GETNEXT)
---- DISTRIBUTEDPLAN
Max Per-Host Resource Reservation: Memory=68.00MB Threads=3
Per-Host Resource Estimates: Memory=694MB
Analyzed query: SELECT *, row_number() OVER (ORDER BY o_totalprice ASC)
rnum_price, row_number() OVER (ORDER BY o_orderdate ASC) rnum_date, row_number()
OVER (ORDER BY o_orderpriority ASC) rnum_priority FROM tpch_parquet.orders

F01:PLAN FRAGMENT [UNPARTITIONED] hosts=1 instances=1
|  Per-Host Resources: mem-estimate=531.32MB mem-reservation=32.00MB thread-reservation=1
PLAN-ROOT SINK
|  output exprs: o_orderkey, o_custkey, o_orderstatus, o_totalprice, o_orderdate, o_orderpriority, o_clerk, o_shippriority, o_comment, row_number(), row_number(), row_number()
|  mem-estimate=100.00MB mem-reservation=4.00MB spill-buffer=2.00MB thread-reservation=0
|
06:ANALYTIC
|  functions: row_number()
|  order by: o_orderpriority ASC
|  window: ROWS BETWEEN UNBOUNDED PRECEDING AND CURRENT ROW
|  mem-estimate=4.00MB mem-reservation=4.00MB spill-buffer=2.00MB thread-reservation=0
|  tuple-ids=10,5 row-size=195B cardinality=1.50M
|  in pipelines: 05(GETNEXT)
|
05:SORT
|  order by: o_orderpriority ASC
|  mem-estimate=267.38MB mem-reservation=12.00MB spill-buffer=2.00MB thread-reservation=0
|  tuple-ids=10 row-size=187B cardinality=1.50M
|  in pipelines: 05(GETNEXT), 03(OPEN)
|
04:ANALYTIC
|  functions: row_number()
|  order by: o_orderdate ASC
|  window: ROWS BETWEEN UNBOUNDED PRECEDING AND CURRENT ROW
|  mem-estimate=4.00MB mem-reservation=4.00MB spill-buffer=2.00MB thread-reservation=0
|  tuple-ids=8,4 row-size=187B cardinality=1.50M
|  in pipelines: 03(GETNEXT)
|
03:SORT
|  order by: o_orderdate ASC
|  mem-estimate=255.94MB mem-reservation=12.00MB spill-buffer=2.00MB thread-reservation=0
|  tuple-ids=8 row-size=179B cardinality=1.50M
|  in pipelines: 03(GETNEXT), 01(OPEN)
|
02:ANALYTIC
|  functions: row_number()
|  order by: o_totalprice ASC
|  window: ROWS BETWEEN UNBOUNDED PRECEDING AND CURRENT ROW
|  mem-estimate=4.00MB mem-reservation=4.00MB spill-buffer=2.00MB thread-reservation=0
|  tuple-ids=6,3 row-size=179B cardinality=1.50M
|  in pipelines: 01(GETNEXT)
|
07:MERGING-EXCHANGE [UNPARTITIONED]
|  order by: o_totalprice ASC
|  mem-estimate=20.34MB mem-reservation=0B thread-reservation=0
|  tuple-ids=6 row-size=171B cardinality=1.50M
|  in pipelines: 01(GETNEXT)
|
F00:PLAN FRAGMENT [RANDOM] hosts=2 instances=2
Per-Host Resources: mem-estimate=162.25MB mem-reservation=36.00MB thread-reservation=2
01:SORT
|  order by: o_totalprice ASC
|  mem-estimate=122.25MB mem-reservation=12.00MB spill-buffer=2.00MB thread-reservation=0
|  tuple-ids=6 row-size=171B cardinality=1.50M
|  in pipelines: 01(GETNEXT), 00(OPEN)
|
00:SCAN HDFS [tpch_parquet.orders, RANDOM]
   HDFS partitions=1/1 files=2 size=54.21MB
   stored statistics:
     table: rows=1.50M size=54.21MB
     columns: all
   extrapolated-rows=disabled max-scan-range-rows=1.18M
   mem-estimate=40.00MB mem-reservation=24.00MB thread-reservation=1
   tuple-ids=0 row-size=171B cardinality=1.50M
   in pipelines: 00(GETNEXT)
---- PARALLELPLANS
Max Per-Host Resource Reservation: Memory=68.00MB Threads=2
Per-Host Resource Estimates: Memory=694MB
Analyzed query: SELECT *, row_number() OVER (ORDER BY o_totalprice ASC)
rnum_price, row_number() OVER (ORDER BY o_orderdate ASC) rnum_date, row_number()
OVER (ORDER BY o_orderpriority ASC) rnum_priority FROM tpch_parquet.orders

F01:PLAN FRAGMENT [UNPARTITIONED] hosts=1 instances=1
|  Per-Instance Resources: mem-estimate=531.32MB mem-reservation=32.00MB thread-reservation=1
PLAN-ROOT SINK
|  output exprs: o_orderkey, o_custkey, o_orderstatus, o_totalprice, o_orderdate, o_orderpriority, o_clerk, o_shippriority, o_comment, row_number(), row_number(), row_number()
|  mem-estimate=100.00MB mem-reservation=4.00MB spill-buffer=2.00MB thread-reservation=0
|
06:ANALYTIC
|  functions: row_number()
|  order by: o_orderpriority ASC
|  window: ROWS BETWEEN UNBOUNDED PRECEDING AND CURRENT ROW
|  mem-estimate=4.00MB mem-reservation=4.00MB spill-buffer=2.00MB thread-reservation=0
|  tuple-ids=10,5 row-size=195B cardinality=1.50M
|  in pipelines: 05(GETNEXT)
|
05:SORT
|  order by: o_orderpriority ASC
|  mem-estimate=267.38MB mem-reservation=12.00MB spill-buffer=2.00MB thread-reservation=0
|  tuple-ids=10 row-size=187B cardinality=1.50M
|  in pipelines: 05(GETNEXT), 03(OPEN)
|
04:ANALYTIC
|  functions: row_number()
|  order by: o_orderdate ASC
|  window: ROWS BETWEEN UNBOUNDED PRECEDING AND CURRENT ROW
|  mem-estimate=4.00MB mem-reservation=4.00MB spill-buffer=2.00MB thread-reservation=0
|  tuple-ids=8,4 row-size=187B cardinality=1.50M
|  in pipelines: 03(GETNEXT)
|
03:SORT
|  order by: o_orderdate ASC
|  mem-estimate=255.94MB mem-reservation=12.00MB spill-buffer=2.00MB thread-reservation=0
|  tuple-ids=8 row-size=179B cardinality=1.50M
|  in pipelines: 03(GETNEXT), 01(OPEN)
|
02:ANALYTIC
|  functions: row_number()
|  order by: o_totalprice ASC
|  window: ROWS BETWEEN UNBOUNDED PRECEDING AND CURRENT ROW
|  mem-estimate=4.00MB mem-reservation=4.00MB spill-buffer=2.00MB thread-reservation=0
|  tuple-ids=6,3 row-size=179B cardinality=1.50M
|  in pipelines: 01(GETNEXT)
|
07:MERGING-EXCHANGE [UNPARTITIONED]
|  order by: o_totalprice ASC
|  mem-estimate=20.34MB mem-reservation=0B thread-reservation=0
|  tuple-ids=6 row-size=171B cardinality=1.50M
|  in pipelines: 01(GETNEXT)
|
F00:PLAN FRAGMENT [RANDOM] hosts=2 instances=2
Per-Instance Resources: mem-estimate=162.25MB mem-reservation=36.00MB thread-reservation=1
01:SORT
|  order by: o_totalprice ASC
|  mem-estimate=122.25MB mem-reservation=12.00MB spill-buffer=2.00MB thread-reservation=0
|  tuple-ids=6 row-size=171B cardinality=1.50M
|  in pipelines: 01(GETNEXT), 00(OPEN)
|
00:SCAN HDFS [tpch_parquet.orders, RANDOM]
   HDFS partitions=1/1 files=2 size=54.21MB
   stored statistics:
     table: rows=1.50M size=54.21MB
     columns: all
   extrapolated-rows=disabled max-scan-range-rows=1.18M
   mem-estimate=40.00MB mem-reservation=24.00MB thread-reservation=0
   tuple-ids=0 row-size=171B cardinality=1.50M
   in pipelines: 00(GETNEXT)
====
# Union with non-trivial branches: each branch executes sequentially within fragment.
select distinct l_orderkey, l_partkey, l_suppkey, l_linenumber, l_comment
from tpch_parquet.lineitem join tpch_parquet.orders on l_orderkey = o_orderkey
where l_tax > 10
union all
select l_orderkey, l_partkey, l_suppkey, l_linenumber, l_comment
from tpch_parquet.lineitem join tpch_parquet.orders on l_orderkey = o_orderkey
where o_orderpriority = '2-HIGH'
union all
select l_orderkey, l_partkey, l_suppkey, l_linenumber, l_comment
from tpch_parquet.lineitem join tpch_parquet.orders on l_orderkey = o_orderkey
where l_shipmode = 'F'
---- PLAN
Max Per-Host Resource Reservation: Memory=101.00MB Threads=3
Per-Host Resource Estimates: Memory=288MB
Analyzed query: SELECT DISTINCT l_orderkey, l_partkey, l_suppkey, l_linenumber,
l_comment FROM tpch_parquet.lineitem INNER JOIN tpch_parquet.orders ON
l_orderkey = o_orderkey WHERE l_tax > CAST(10 AS DECIMAL(3,0)) UNION ALL SELECT
l_orderkey, l_partkey, l_suppkey, l_linenumber, l_comment FROM
tpch_parquet.lineitem INNER JOIN tpch_parquet.orders ON l_orderkey = o_orderkey
WHERE o_orderpriority = '2-HIGH' UNION ALL SELECT l_orderkey, l_partkey,
l_suppkey, l_linenumber, l_comment FROM tpch_parquet.lineitem INNER JOIN
tpch_parquet.orders ON l_orderkey = o_orderkey WHERE l_shipmode = 'F'

F00:PLAN FRAGMENT [UNPARTITIONED] hosts=1 instances=1
|  Per-Host Resources: mem-estimate=287.55MB mem-reservation=101.00MB thread-reservation=3 runtime-filters-memory=5.00MB
PLAN-ROOT SINK
|  output exprs: l_orderkey, l_partkey, l_suppkey, l_linenumber, l_comment
|  mem-estimate=100.00MB mem-reservation=4.00MB spill-buffer=2.00MB thread-reservation=0
|
00:UNION
|  pass-through-operands: 04
|  mem-estimate=0B mem-reservation=0B thread-reservation=0
|  tuple-ids=7 row-size=66B cardinality=2.55M
|  in pipelines: 04(GETNEXT), 05(GETNEXT), 08(GETNEXT)
|
|--10:HASH JOIN [INNER JOIN]
|  |  hash predicates: l_orderkey = o_orderkey
|  |  fk/pk conjuncts: l_orderkey = o_orderkey
|  |  runtime filters: RF004[bloom] <- o_orderkey
|  |  mem-estimate=59.44MB mem-reservation=34.00MB spill-buffer=2.00MB thread-reservation=0
|  |  tuple-ids=5,6 row-size=91B cardinality=822.53K
|  |  in pipelines: 08(GETNEXT), 09(OPEN)
|  |
|  |--09:SCAN HDFS [tpch_parquet.orders]
|  |     HDFS partitions=1/1 files=2 size=54.21MB
|  |     stored statistics:
|  |       table: rows=1.50M size=54.21MB
|  |       columns: all
|  |     extrapolated-rows=disabled max-scan-range-rows=1.18M
|  |     mem-estimate=40.00MB mem-reservation=4.00MB thread-reservation=1
|  |     tuple-ids=6 row-size=8B cardinality=1.50M
|  |     in pipelines: 09(GETNEXT)
|  |
|  08:SCAN HDFS [tpch_parquet.lineitem]
|     HDFS partitions=1/1 files=3 size=193.99MB
|     predicates: l_shipmode = 'F'
|     runtime filters: RF004[bloom] -> l_orderkey
|     stored statistics:
|       table: rows=6.00M size=193.99MB
|       columns: all
|     extrapolated-rows=disabled max-scan-range-rows=2.14M
|     parquet statistics predicates: l_shipmode = 'F'
|     parquet dictionary predicates: l_shipmode = 'F'
|     mem-estimate=80.00MB mem-reservation=24.00MB thread-reservation=1
|     tuple-ids=5 row-size=83B cardinality=857.32K
|     in pipelines: 08(GETNEXT)
|
|--07:HASH JOIN [INNER JOIN]
|  |  hash predicates: l_orderkey = o_orderkey
|  |  fk/pk conjuncts: l_orderkey = o_orderkey
|  |  runtime filters: RF002[bloom] <- o_orderkey
|  |  mem-estimate=17.00MB mem-reservation=17.00MB spill-buffer=1.00MB thread-reservation=0
|  |  tuple-ids=3,4 row-size=95B cardinality=1.15M
|  |  in pipelines: 05(GETNEXT), 06(OPEN)
|  |
|  |--06:SCAN HDFS [tpch_parquet.orders]
|  |     HDFS partitions=1/1 files=2 size=54.21MB
|  |     predicates: o_orderpriority = '2-HIGH'
|  |     stored statistics:
|  |       table: rows=1.50M size=54.21MB
|  |       columns: all
|  |     extrapolated-rows=disabled max-scan-range-rows=1.18M
|  |     parquet statistics predicates: o_orderpriority = '2-HIGH'
|  |     parquet dictionary predicates: o_orderpriority = '2-HIGH'
|  |     mem-estimate=40.00MB mem-reservation=8.00MB thread-reservation=1
|  |     tuple-ids=4 row-size=28B cardinality=300.00K
|  |     in pipelines: 06(GETNEXT)
|  |
|  05:SCAN HDFS [tpch_parquet.lineitem]
|     HDFS partitions=1/1 files=3 size=193.99MB
|     runtime filters: RF002[bloom] -> l_orderkey
|     stored statistics:
|       table: rows=6.00M size=193.99MB
|       columns: all
|     extrapolated-rows=disabled max-scan-range-rows=2.14M
|     mem-estimate=80.00MB mem-reservation=24.00MB thread-reservation=1
|     tuple-ids=3 row-size=66B cardinality=1.15M(filtered from 6.00M)
|     in pipelines: 05(GETNEXT)
|
04:AGGREGATE [FINALIZE]
|  group by: l_orderkey, l_partkey, l_suppkey, l_linenumber, l_comment
|  mem-estimate=43.10MB mem-reservation=34.00MB spill-buffer=2.00MB thread-reservation=0
|  tuple-ids=2 row-size=66B cardinality=575.77K
|  in pipelines: 04(GETNEXT), 01(OPEN)
|
03:HASH JOIN [INNER JOIN]
|  hash predicates: l_orderkey = o_orderkey
|  fk/pk conjuncts: l_orderkey = o_orderkey
|  runtime filters: RF000[bloom] <- o_orderkey
|  mem-estimate=59.44MB mem-reservation=34.00MB spill-buffer=2.00MB thread-reservation=0
|  tuple-ids=0,1 row-size=82B cardinality=575.77K
|  in pipelines: 01(GETNEXT), 02(OPEN)
|
|--02:SCAN HDFS [tpch_parquet.orders]
|     HDFS partitions=1/1 files=2 size=54.21MB
|     stored statistics:
|       table: rows=1.50M size=54.21MB
|       columns: all
|     extrapolated-rows=disabled max-scan-range-rows=1.18M
|     mem-estimate=40.00MB mem-reservation=4.00MB thread-reservation=1
|     tuple-ids=1 row-size=8B cardinality=1.50M
|     in pipelines: 02(GETNEXT)
|
01:SCAN HDFS [tpch_parquet.lineitem]
   HDFS partitions=1/1 files=3 size=193.99MB
   predicates: l_tax > CAST(10 AS DECIMAL(3,0))
   runtime filters: RF000[bloom] -> l_orderkey
   stored statistics:
     table: rows=6.00M size=193.99MB
     columns: all
   extrapolated-rows=disabled max-scan-range-rows=2.14M
   parquet statistics predicates: l_tax > CAST(10 AS DECIMAL(3,0))
   parquet dictionary predicates: l_tax > CAST(10 AS DECIMAL(3,0))
   mem-estimate=80.00MB mem-reservation=24.00MB thread-reservation=1
   tuple-ids=0 row-size=74B cardinality=600.12K
   in pipelines: 01(GETNEXT)
---- DISTRIBUTEDPLAN
Max Per-Host Resource Reservation: Memory=160.00MB Threads=12
Per-Host Resource Estimates: Memory=535MB
Analyzed query: SELECT DISTINCT l_orderkey, l_partkey, l_suppkey, l_linenumber,
l_comment FROM tpch_parquet.lineitem INNER JOIN tpch_parquet.orders ON
l_orderkey = o_orderkey WHERE l_tax > CAST(10 AS DECIMAL(3,0)) UNION ALL SELECT
l_orderkey, l_partkey, l_suppkey, l_linenumber, l_comment FROM
tpch_parquet.lineitem INNER JOIN tpch_parquet.orders ON l_orderkey = o_orderkey
WHERE o_orderpriority = '2-HIGH' UNION ALL SELECT l_orderkey, l_partkey,
l_suppkey, l_linenumber, l_comment FROM tpch_parquet.lineitem INNER JOIN
tpch_parquet.orders ON l_orderkey = o_orderkey WHERE l_shipmode = 'F'

F09:PLAN FRAGMENT [UNPARTITIONED] hosts=1 instances=1
|  Per-Host Resources: mem-estimate=110.21MB mem-reservation=4.00MB thread-reservation=1
PLAN-ROOT SINK
|  output exprs: l_orderkey, l_partkey, l_suppkey, l_linenumber, l_comment
|  mem-estimate=100.00MB mem-reservation=4.00MB spill-buffer=2.00MB thread-reservation=0
|
17:EXCHANGE [UNPARTITIONED]
|  mem-estimate=10.21MB mem-reservation=0B thread-reservation=0
|  tuple-ids=7 row-size=66B cardinality=2.55M
|  in pipelines: 14(GETNEXT), 05(GETNEXT), 08(GETNEXT)
|
F08:PLAN FRAGMENT [RANDOM] hosts=3 instances=3
Per-Host Resources: mem-estimate=152.74MB mem-reservation=61.00MB thread-reservation=2 runtime-filters-memory=3.00MB
00:UNION
|  pass-through-operands: 14
|  mem-estimate=0B mem-reservation=0B thread-reservation=0
|  tuple-ids=7 row-size=66B cardinality=2.55M
|  in pipelines: 14(GETNEXT), 05(GETNEXT), 08(GETNEXT)
|
|--10:HASH JOIN [INNER JOIN, BROADCAST]
|  |  hash predicates: l_orderkey = o_orderkey
|  |  fk/pk conjuncts: l_orderkey = o_orderkey
|  |  runtime filters: RF004[bloom] <- o_orderkey
|  |  mem-estimate=59.44MB mem-reservation=34.00MB spill-buffer=2.00MB thread-reservation=0
|  |  tuple-ids=5,6 row-size=91B cardinality=822.53K
|  |  in pipelines: 08(GETNEXT), 09(OPEN)
|  |
|  |--16:EXCHANGE [BROADCAST]
|  |  |  mem-estimate=10.02MB mem-reservation=0B thread-reservation=0
|  |  |  tuple-ids=6 row-size=8B cardinality=1.50M
|  |  |  in pipelines: 09(GETNEXT)
|  |  |
|  |  F07:PLAN FRAGMENT [RANDOM] hosts=2 instances=2
|  |  Per-Host Resources: mem-estimate=40.05MB mem-reservation=4.00MB thread-reservation=2
|  |  09:SCAN HDFS [tpch_parquet.orders, RANDOM]
|  |     HDFS partitions=1/1 files=2 size=54.21MB
|  |     stored statistics:
|  |       table: rows=1.50M size=54.21MB
|  |       columns: all
|  |     extrapolated-rows=disabled max-scan-range-rows=1.18M
|  |     mem-estimate=40.00MB mem-reservation=4.00MB thread-reservation=1
|  |     tuple-ids=6 row-size=8B cardinality=1.50M
|  |     in pipelines: 09(GETNEXT)
|  |
|  08:SCAN HDFS [tpch_parquet.lineitem, RANDOM]
|     HDFS partitions=1/1 files=3 size=193.99MB
|     predicates: l_shipmode = 'F'
|     runtime filters: RF004[bloom] -> l_orderkey
|     stored statistics:
|       table: rows=6.00M size=193.99MB
|       columns: all
|     extrapolated-rows=disabled max-scan-range-rows=2.14M
|     parquet statistics predicates: l_shipmode = 'F'
|     parquet dictionary predicates: l_shipmode = 'F'
|     mem-estimate=80.00MB mem-reservation=24.00MB thread-reservation=1
|     tuple-ids=5 row-size=83B cardinality=857.32K
|     in pipelines: 08(GETNEXT)
|
|--07:HASH JOIN [INNER JOIN, BROADCAST]
|  |  hash predicates: l_orderkey = o_orderkey
|  |  fk/pk conjuncts: l_orderkey = o_orderkey
|  |  runtime filters: RF002[bloom] <- o_orderkey
|  |  mem-estimate=17.00MB mem-reservation=17.00MB spill-buffer=1.00MB thread-reservation=0
|  |  tuple-ids=3,4 row-size=95B cardinality=1.15M
|  |  in pipelines: 05(GETNEXT), 06(OPEN)
|  |
|  |--15:EXCHANGE [BROADCAST]
|  |  |  mem-estimate=8.19MB mem-reservation=0B thread-reservation=0
|  |  |  tuple-ids=4 row-size=28B cardinality=300.00K
|  |  |  in pipelines: 06(GETNEXT)
|  |  |
|  |  F05:PLAN FRAGMENT [RANDOM] hosts=2 instances=2
|  |  Per-Host Resources: mem-estimate=40.13MB mem-reservation=8.00MB thread-reservation=2
|  |  06:SCAN HDFS [tpch_parquet.orders, RANDOM]
|  |     HDFS partitions=1/1 files=2 size=54.21MB
|  |     predicates: o_orderpriority = '2-HIGH'
|  |     stored statistics:
|  |       table: rows=1.50M size=54.21MB
|  |       columns: all
|  |     extrapolated-rows=disabled max-scan-range-rows=1.18M
|  |     parquet statistics predicates: o_orderpriority = '2-HIGH'
|  |     parquet dictionary predicates: o_orderpriority = '2-HIGH'
|  |     mem-estimate=40.00MB mem-reservation=8.00MB thread-reservation=1
|  |     tuple-ids=4 row-size=28B cardinality=300.00K
|  |     in pipelines: 06(GETNEXT)
|  |
|  05:SCAN HDFS [tpch_parquet.lineitem, RANDOM]
|     HDFS partitions=1/1 files=3 size=193.99MB
|     runtime filters: RF002[bloom] -> l_orderkey
|     stored statistics:
|       table: rows=6.00M size=193.99MB
|       columns: all
|     extrapolated-rows=disabled max-scan-range-rows=2.14M
|     mem-estimate=80.00MB mem-reservation=24.00MB thread-reservation=1
|     tuple-ids=3 row-size=66B cardinality=1.15M(filtered from 6.00M)
|     in pipelines: 05(GETNEXT)
|
14:AGGREGATE [FINALIZE]
|  group by: l_orderkey, l_partkey, l_suppkey, l_linenumber, l_comment
|  mem-estimate=17.00MB mem-reservation=17.00MB spill-buffer=1.00MB thread-reservation=0
|  tuple-ids=2 row-size=66B cardinality=575.77K
|  in pipelines: 14(GETNEXT), 01(OPEN)
|
13:EXCHANGE [HASH(l_orderkey,l_partkey,l_suppkey,l_linenumber,l_comment)]
|  mem-estimate=10.21MB mem-reservation=0B thread-reservation=0
|  tuple-ids=2 row-size=66B cardinality=575.77K
|  in pipelines: 01(GETNEXT)
|
F02:PLAN FRAGMENT [HASH(l_orderkey)] hosts=3 instances=3
Per-Host Resources: mem-estimate=68.98MB mem-reservation=53.00MB thread-reservation=1 runtime-filters-memory=2.00MB
04:AGGREGATE [STREAMING]
|  group by: l_orderkey, l_partkey, l_suppkey, l_linenumber, l_comment
|  mem-estimate=17.00MB mem-reservation=17.00MB spill-buffer=1.00MB thread-reservation=0
|  tuple-ids=2 row-size=66B cardinality=575.77K
|  in pipelines: 01(GETNEXT)
|
03:HASH JOIN [INNER JOIN, PARTITIONED]
|  hash predicates: l_orderkey = o_orderkey
|  fk/pk conjuncts: l_orderkey = o_orderkey
|  runtime filters: RF000[bloom] <- o_orderkey
|  mem-estimate=34.00MB mem-reservation=34.00MB spill-buffer=2.00MB thread-reservation=0
|  tuple-ids=0,1 row-size=82B cardinality=575.77K
|  in pipelines: 01(GETNEXT), 02(OPEN)
|
|--12:EXCHANGE [HASH(o_orderkey)]
|  |  mem-estimate=5.75MB mem-reservation=0B thread-reservation=0
|  |  tuple-ids=1 row-size=8B cardinality=1.50M
|  |  in pipelines: 02(GETNEXT)
|  |
|  F01:PLAN FRAGMENT [RANDOM] hosts=2 instances=2
|  Per-Host Resources: mem-estimate=40.14MB mem-reservation=4.00MB thread-reservation=2
|  02:SCAN HDFS [tpch_parquet.orders, RANDOM]
|     HDFS partitions=1/1 files=2 size=54.21MB
|     stored statistics:
|       table: rows=1.50M size=54.21MB
|       columns: all
|     extrapolated-rows=disabled max-scan-range-rows=1.18M
|     mem-estimate=40.00MB mem-reservation=4.00MB thread-reservation=1
|     tuple-ids=1 row-size=8B cardinality=1.50M
|     in pipelines: 02(GETNEXT)
|
11:EXCHANGE [HASH(l_orderkey)]
|  mem-estimate=10.23MB mem-reservation=0B thread-reservation=0
|  tuple-ids=0 row-size=74B cardinality=600.12K
|  in pipelines: 01(GETNEXT)
|
F00:PLAN FRAGMENT [RANDOM] hosts=3 instances=3
Per-Host Resources: mem-estimate=82.92MB mem-reservation=26.00MB thread-reservation=2 runtime-filters-memory=2.00MB
01:SCAN HDFS [tpch_parquet.lineitem, RANDOM]
   HDFS partitions=1/1 files=3 size=193.99MB
   predicates: l_tax > CAST(10 AS DECIMAL(3,0))
   runtime filters: RF000[bloom] -> l_orderkey
   stored statistics:
     table: rows=6.00M size=193.99MB
     columns: all
   extrapolated-rows=disabled max-scan-range-rows=2.14M
   parquet statistics predicates: l_tax > CAST(10 AS DECIMAL(3,0))
   parquet dictionary predicates: l_tax > CAST(10 AS DECIMAL(3,0))
   mem-estimate=80.00MB mem-reservation=24.00MB thread-reservation=1
   tuple-ids=0 row-size=74B cardinality=600.12K
   in pipelines: 01(GETNEXT)
---- PARALLELPLANS
Max Per-Host Resource Reservation: Memory=231.00MB Threads=10
Per-Host Resource Estimates: Memory=590MB
Analyzed query: SELECT DISTINCT l_orderkey, l_partkey, l_suppkey, l_linenumber,
l_comment FROM tpch_parquet.lineitem INNER JOIN tpch_parquet.orders ON
l_orderkey = o_orderkey WHERE l_tax > CAST(10 AS DECIMAL(3,0)) UNION ALL SELECT
l_orderkey, l_partkey, l_suppkey, l_linenumber, l_comment FROM
tpch_parquet.lineitem INNER JOIN tpch_parquet.orders ON l_orderkey = o_orderkey
WHERE o_orderpriority = '2-HIGH' UNION ALL SELECT l_orderkey, l_partkey,
l_suppkey, l_linenumber, l_comment FROM tpch_parquet.lineitem INNER JOIN
tpch_parquet.orders ON l_orderkey = o_orderkey WHERE l_shipmode = 'F'

F09:PLAN FRAGMENT [UNPARTITIONED] hosts=1 instances=1
|  Per-Instance Resources: mem-estimate=110.21MB mem-reservation=4.00MB thread-reservation=1
PLAN-ROOT SINK
|  output exprs: l_orderkey, l_partkey, l_suppkey, l_linenumber, l_comment
|  mem-estimate=100.00MB mem-reservation=4.00MB spill-buffer=2.00MB thread-reservation=0
|
17:EXCHANGE [UNPARTITIONED]
|  mem-estimate=10.21MB mem-reservation=0B thread-reservation=0
|  tuple-ids=7 row-size=66B cardinality=2.55M
|  in pipelines: 14(GETNEXT), 05(GETNEXT), 08(GETNEXT)
|
F08:PLAN FRAGMENT [RANDOM] hosts=3 instances=3
Per-Host Shared Resources: mem-estimate=3.00MB mem-reservation=3.00MB thread-reservation=0 runtime-filters-memory=3.00MB
Per-Instance Resources: mem-estimate=80.28MB mem-reservation=24.00MB thread-reservation=1
00:UNION
|  pass-through-operands: 14
|  mem-estimate=0B mem-reservation=0B thread-reservation=0
|  tuple-ids=7 row-size=66B cardinality=2.55M
|  in pipelines: 14(GETNEXT), 05(GETNEXT), 08(GETNEXT)
|
|--10:HASH JOIN [INNER JOIN, BROADCAST]
|  |  hash-table-id=01
|  |  hash predicates: l_orderkey = o_orderkey
|  |  fk/pk conjuncts: l_orderkey = o_orderkey
|  |  mem-estimate=0B mem-reservation=0B spill-buffer=2.00MB thread-reservation=0
|  |  tuple-ids=5,6 row-size=91B cardinality=822.53K
|  |  in pipelines: 08(GETNEXT), 09(OPEN)
|  |
|  |--F11:PLAN FRAGMENT [RANDOM] hosts=3 instances=3
|  |  |  Per-Instance Resources: mem-estimate=80.02MB mem-reservation=70.00MB thread-reservation=1 runtime-filters-memory=2.00MB
|  |  JOIN BUILD
|  |  |  join-table-id=01 plan-id=02 cohort-id=01
|  |  |  build expressions: o_orderkey
|  |  |  runtime filters: RF004[bloom] <- o_orderkey
|  |  |  mem-estimate=68.00MB mem-reservation=68.00MB spill-buffer=2.00MB thread-reservation=0
|  |  |
|  |  16:EXCHANGE [BROADCAST]
|  |  |  mem-estimate=10.02MB mem-reservation=0B thread-reservation=0
|  |  |  tuple-ids=6 row-size=8B cardinality=1.50M
|  |  |  in pipelines: 09(GETNEXT)
|  |  |
|  |  F07:PLAN FRAGMENT [RANDOM] hosts=2 instances=2
|  |  Per-Instance Resources: mem-estimate=40.05MB mem-reservation=4.00MB thread-reservation=1
|  |  09:SCAN HDFS [tpch_parquet.orders, RANDOM]
|  |     HDFS partitions=1/1 files=2 size=54.21MB
|  |     stored statistics:
|  |       table: rows=1.50M size=54.21MB
|  |       columns: all
|  |     extrapolated-rows=disabled max-scan-range-rows=1.18M
|  |     mem-estimate=40.00MB mem-reservation=4.00MB thread-reservation=0
|  |     tuple-ids=6 row-size=8B cardinality=1.50M
|  |     in pipelines: 09(GETNEXT)
|  |
|  08:SCAN HDFS [tpch_parquet.lineitem, RANDOM]
|     HDFS partitions=1/1 files=3 size=193.99MB
|     predicates: l_shipmode = 'F'
|     runtime filters: RF004[bloom] -> l_orderkey
|     stored statistics:
|       table: rows=6.00M size=193.99MB
|       columns: all
|     extrapolated-rows=disabled max-scan-range-rows=2.14M
|     parquet statistics predicates: l_shipmode = 'F'
|     parquet dictionary predicates: l_shipmode = 'F'
|     mem-estimate=80.00MB mem-reservation=24.00MB thread-reservation=0
|     tuple-ids=5 row-size=83B cardinality=857.32K
|     in pipelines: 08(GETNEXT)
|
|--07:HASH JOIN [INNER JOIN, BROADCAST]
|  |  hash-table-id=00
|  |  hash predicates: l_orderkey = o_orderkey
|  |  fk/pk conjuncts: l_orderkey = o_orderkey
|  |  mem-estimate=0B mem-reservation=0B spill-buffer=1.00MB thread-reservation=0
|  |  tuple-ids=3,4 row-size=95B cardinality=1.15M
|  |  in pipelines: 05(GETNEXT), 06(OPEN)
|  |
|  |--F10:PLAN FRAGMENT [RANDOM] hosts=3 instances=3
|  |  |  Per-Instance Resources: mem-estimate=43.19MB mem-reservation=35.00MB thread-reservation=1 runtime-filters-memory=1.00MB
|  |  JOIN BUILD
|  |  |  join-table-id=00 plan-id=01 cohort-id=01
|  |  |  build expressions: o_orderkey
|  |  |  runtime filters: RF002[bloom] <- o_orderkey
|  |  |  mem-estimate=34.00MB mem-reservation=34.00MB spill-buffer=1.00MB thread-reservation=0
|  |  |
|  |  15:EXCHANGE [BROADCAST]
|  |  |  mem-estimate=8.19MB mem-reservation=0B thread-reservation=0
|  |  |  tuple-ids=4 row-size=28B cardinality=300.00K
|  |  |  in pipelines: 06(GETNEXT)
|  |  |
|  |  F05:PLAN FRAGMENT [RANDOM] hosts=2 instances=2
|  |  Per-Instance Resources: mem-estimate=40.13MB mem-reservation=8.00MB thread-reservation=1
|  |  06:SCAN HDFS [tpch_parquet.orders, RANDOM]
|  |     HDFS partitions=1/1 files=2 size=54.21MB
|  |     predicates: o_orderpriority = '2-HIGH'
|  |     stored statistics:
|  |       table: rows=1.50M size=54.21MB
|  |       columns: all
|  |     extrapolated-rows=disabled max-scan-range-rows=1.18M
|  |     parquet statistics predicates: o_orderpriority = '2-HIGH'
|  |     parquet dictionary predicates: o_orderpriority = '2-HIGH'
|  |     mem-estimate=40.00MB mem-reservation=8.00MB thread-reservation=0
|  |     tuple-ids=4 row-size=28B cardinality=300.00K
|  |     in pipelines: 06(GETNEXT)
|  |
|  05:SCAN HDFS [tpch_parquet.lineitem, RANDOM]
|     HDFS partitions=1/1 files=3 size=193.99MB
|     runtime filters: RF002[bloom] -> l_orderkey
|     stored statistics:
|       table: rows=6.00M size=193.99MB
|       columns: all
|     extrapolated-rows=disabled max-scan-range-rows=2.14M
|     mem-estimate=80.00MB mem-reservation=24.00MB thread-reservation=0
|     tuple-ids=3 row-size=66B cardinality=1.15M(filtered from 6.00M)
|     in pipelines: 05(GETNEXT)
|
14:AGGREGATE [FINALIZE]
|  group by: l_orderkey, l_partkey, l_suppkey, l_linenumber, l_comment
|  mem-estimate=17.00MB mem-reservation=17.00MB spill-buffer=1.00MB thread-reservation=0
|  tuple-ids=2 row-size=66B cardinality=575.77K
|  in pipelines: 14(GETNEXT), 01(OPEN)
|
13:EXCHANGE [HASH(l_orderkey,l_partkey,l_suppkey,l_linenumber,l_comment)]
|  mem-estimate=10.21MB mem-reservation=0B thread-reservation=0
|  tuple-ids=2 row-size=66B cardinality=575.77K
|  in pipelines: 01(GETNEXT)
|
F02:PLAN FRAGMENT [HASH(l_orderkey)] hosts=3 instances=3
Per-Instance Resources: mem-estimate=28.06MB mem-reservation=17.00MB thread-reservation=1
04:AGGREGATE [STREAMING]
|  group by: l_orderkey, l_partkey, l_suppkey, l_linenumber, l_comment
|  mem-estimate=17.00MB mem-reservation=17.00MB spill-buffer=1.00MB thread-reservation=0
|  tuple-ids=2 row-size=66B cardinality=575.77K
|  in pipelines: 01(GETNEXT)
|
03:HASH JOIN [INNER JOIN, PARTITIONED]
|  hash-table-id=02
|  hash predicates: l_orderkey = o_orderkey
|  fk/pk conjuncts: l_orderkey = o_orderkey
|  mem-estimate=0B mem-reservation=0B spill-buffer=2.00MB thread-reservation=0
|  tuple-ids=0,1 row-size=82B cardinality=575.77K
|  in pipelines: 01(GETNEXT), 02(OPEN)
|
|--F12:PLAN FRAGMENT [HASH(l_orderkey)] hosts=3 instances=3
|  |  Per-Instance Resources: mem-estimate=41.75MB mem-reservation=36.00MB thread-reservation=1 runtime-filters-memory=2.00MB
|  JOIN BUILD
|  |  join-table-id=02 plan-id=03 cohort-id=01
|  |  build expressions: o_orderkey
|  |  runtime filters: RF000[bloom] <- o_orderkey
|  |  mem-estimate=34.00MB mem-reservation=34.00MB spill-buffer=2.00MB thread-reservation=0
|  |
|  12:EXCHANGE [HASH(o_orderkey)]
|  |  mem-estimate=5.75MB mem-reservation=0B thread-reservation=0
|  |  tuple-ids=1 row-size=8B cardinality=1.50M
|  |  in pipelines: 02(GETNEXT)
|  |
|  F01:PLAN FRAGMENT [RANDOM] hosts=2 instances=2
|  Per-Instance Resources: mem-estimate=40.14MB mem-reservation=4.00MB thread-reservation=1
|  02:SCAN HDFS [tpch_parquet.orders, RANDOM]
|     HDFS partitions=1/1 files=2 size=54.21MB
|     stored statistics:
|       table: rows=1.50M size=54.21MB
|       columns: all
|     extrapolated-rows=disabled max-scan-range-rows=1.18M
|     mem-estimate=40.00MB mem-reservation=4.00MB thread-reservation=0
|     tuple-ids=1 row-size=8B cardinality=1.50M
|     in pipelines: 02(GETNEXT)
|
11:EXCHANGE [HASH(l_orderkey)]
|  mem-estimate=10.23MB mem-reservation=0B thread-reservation=0
|  tuple-ids=0 row-size=74B cardinality=600.12K
|  in pipelines: 01(GETNEXT)
|
F00:PLAN FRAGMENT [RANDOM] hosts=3 instances=3
Per-Host Shared Resources: mem-estimate=2.00MB mem-reservation=2.00MB thread-reservation=0 runtime-filters-memory=2.00MB
Per-Instance Resources: mem-estimate=80.92MB mem-reservation=24.00MB thread-reservation=1
01:SCAN HDFS [tpch_parquet.lineitem, RANDOM]
   HDFS partitions=1/1 files=3 size=193.99MB
   predicates: l_tax > CAST(10 AS DECIMAL(3,0))
   runtime filters: RF000[bloom] -> l_orderkey
   stored statistics:
     table: rows=6.00M size=193.99MB
     columns: all
   extrapolated-rows=disabled max-scan-range-rows=2.14M
   parquet statistics predicates: l_tax > CAST(10 AS DECIMAL(3,0))
   parquet dictionary predicates: l_tax > CAST(10 AS DECIMAL(3,0))
   mem-estimate=80.00MB mem-reservation=24.00MB thread-reservation=0
   tuple-ids=0 row-size=74B cardinality=600.12K
   in pipelines: 01(GETNEXT)
====
# Bushy hash join plan. Only two of the hash joins can execute concurrently, so we only
# need enough reservation for 2 hash joins.
select straight_join *
from tpch_parquet.orders t1
join (
  select straight_join t2.o_orderkey k2, k3, k4
  from tpch_parquet.orders t2
  join (
    select straight_join t3.o_orderkey k3, t4.o_orderkey k4
    from tpch_parquet.orders t3
    join tpch_parquet.orders t4 on t3.o_orderkey = t4.o_orderkey
  ) v2 on v2.k3 = t2.o_orderkey
) v1 on v1.k3 = t1.o_orderkey
---- PLAN
Max Per-Host Resource Reservation: Memory=106.00MB Threads=5
Per-Host Resource Estimates: Memory=256MB
Analyzed query: SELECT /* +straight_join */ * FROM tpch_parquet.orders t1 INNER
JOIN (SELECT /* +straight_join */ t2.o_orderkey k2, k3, k4 FROM
tpch_parquet.orders t2 INNER JOIN (SELECT /* +straight_join */ t3.o_orderkey k3,
t4.o_orderkey k4 FROM tpch_parquet.orders t3 INNER JOIN tpch_parquet.orders t4
ON t3.o_orderkey = t4.o_orderkey) v2 ON v2.k3 = t2.o_orderkey) v1 ON v1.k3 =
t1.o_orderkey

F00:PLAN FRAGMENT [UNPARTITIONED] hosts=1 instances=1
|  Per-Host Resources: mem-estimate=256.33MB mem-reservation=106.00MB thread-reservation=5 runtime-filters-memory=6.00MB
PLAN-ROOT SINK
|  output exprs: t1.o_orderkey, t1.o_custkey, t1.o_orderstatus, t1.o_totalprice, t1.o_orderdate, t1.o_orderpriority, t1.o_clerk, t1.o_shippriority, t1.o_comment, t2.o_orderkey, t3.o_orderkey, t4.o_orderkey
|  mem-estimate=100.00MB mem-reservation=4.00MB spill-buffer=2.00MB thread-reservation=0
|
06:HASH JOIN [INNER JOIN]
|  hash predicates: t1.o_orderkey = t3.o_orderkey
|  fk/pk conjuncts: t1.o_orderkey = t3.o_orderkey
|  runtime filters: RF000[bloom] <- t3.o_orderkey
|  mem-estimate=82.33MB mem-reservation=34.00MB spill-buffer=2.00MB thread-reservation=0
|  tuple-ids=0,1,2,3 row-size=195B cardinality=1.50M
|  in pipelines: 00(GETNEXT), 01(OPEN)
|
|--05:HASH JOIN [INNER JOIN]
|  |  hash predicates: t2.o_orderkey = t3.o_orderkey
|  |  fk/pk conjuncts: t2.o_orderkey = t3.o_orderkey
|  |  runtime filters: RF002[bloom] <- t3.o_orderkey
|  |  mem-estimate=70.89MB mem-reservation=34.00MB spill-buffer=2.00MB thread-reservation=0
|  |  tuple-ids=1,2,3 row-size=24B cardinality=1.50M
|  |  in pipelines: 01(GETNEXT), 02(OPEN)
|  |
|  |--04:HASH JOIN [INNER JOIN]
|  |  |  hash predicates: t3.o_orderkey = t4.o_orderkey
|  |  |  fk/pk conjuncts: t3.o_orderkey = t4.o_orderkey
|  |  |  runtime filters: RF004[bloom] <- t4.o_orderkey
|  |  |  mem-estimate=59.44MB mem-reservation=34.00MB spill-buffer=2.00MB thread-reservation=0
|  |  |  tuple-ids=2,3 row-size=16B cardinality=1.50M
|  |  |  in pipelines: 02(GETNEXT), 03(OPEN)
|  |  |
|  |  |--03:SCAN HDFS [tpch_parquet.orders t4]
|  |  |     HDFS partitions=1/1 files=2 size=54.21MB
|  |  |     stored statistics:
|  |  |       table: rows=1.50M size=54.21MB
|  |  |       columns: all
|  |  |     extrapolated-rows=disabled max-scan-range-rows=1.18M
|  |  |     mem-estimate=40.00MB mem-reservation=4.00MB thread-reservation=1
|  |  |     tuple-ids=3 row-size=8B cardinality=1.50M
|  |  |     in pipelines: 03(GETNEXT)
|  |  |
|  |  02:SCAN HDFS [tpch_parquet.orders t3]
|  |     HDFS partitions=1/1 files=2 size=54.21MB
|  |     runtime filters: RF004[bloom] -> t3.o_orderkey
|  |     stored statistics:
|  |       table: rows=1.50M size=54.21MB
|  |       columns: all
|  |     extrapolated-rows=disabled max-scan-range-rows=1.18M
|  |     mem-estimate=40.00MB mem-reservation=4.00MB thread-reservation=1
|  |     tuple-ids=2 row-size=8B cardinality=1.50M
|  |     in pipelines: 02(GETNEXT)
|  |
|  01:SCAN HDFS [tpch_parquet.orders t2]
|     HDFS partitions=1/1 files=2 size=54.21MB
|     runtime filters: RF002[bloom] -> t2.o_orderkey
|     stored statistics:
|       table: rows=1.50M size=54.21MB
|       columns: all
|     extrapolated-rows=disabled max-scan-range-rows=1.18M
|     mem-estimate=40.00MB mem-reservation=4.00MB thread-reservation=1
|     tuple-ids=1 row-size=8B cardinality=1.50M
|     in pipelines: 01(GETNEXT)
|
00:SCAN HDFS [tpch_parquet.orders t1]
   HDFS partitions=1/1 files=2 size=54.21MB
   runtime filters: RF000[bloom] -> t1.o_orderkey
   stored statistics:
     table: rows=1.50M size=54.21MB
     columns: all
   extrapolated-rows=disabled max-scan-range-rows=1.18M
   mem-estimate=40.00MB mem-reservation=24.00MB thread-reservation=1
   tuple-ids=0 row-size=171B cardinality=1.50M
   in pipelines: 00(GETNEXT)
---- DISTRIBUTEDPLAN
Max Per-Host Resource Reservation: Memory=152.00MB Threads=10
Per-Host Resource Estimates: Memory=454MB
Analyzed query: SELECT /* +straight_join */ * FROM tpch_parquet.orders t1 INNER
JOIN (SELECT /* +straight_join */ t2.o_orderkey k2, k3, k4 FROM
tpch_parquet.orders t2 INNER JOIN (SELECT /* +straight_join */ t3.o_orderkey k3,
t4.o_orderkey k4 FROM tpch_parquet.orders t3 INNER JOIN tpch_parquet.orders t4
ON t3.o_orderkey = t4.o_orderkey) v2 ON v2.k3 = t2.o_orderkey) v1 ON v1.k3 =
t1.o_orderkey

F05:PLAN FRAGMENT [UNPARTITIONED] hosts=1 instances=1
|  Per-Host Resources: mem-estimate=110.41MB mem-reservation=4.00MB thread-reservation=1
PLAN-ROOT SINK
|  output exprs: t1.o_orderkey, t1.o_custkey, t1.o_orderstatus, t1.o_totalprice, t1.o_orderdate, t1.o_orderpriority, t1.o_clerk, t1.o_shippriority, t1.o_comment, t2.o_orderkey, t3.o_orderkey, t4.o_orderkey
|  mem-estimate=100.00MB mem-reservation=4.00MB spill-buffer=2.00MB thread-reservation=0
|
11:EXCHANGE [UNPARTITIONED]
|  mem-estimate=10.41MB mem-reservation=0B thread-reservation=0
|  tuple-ids=0,1,2,3 row-size=195B cardinality=1.50M
|  in pipelines: 00(GETNEXT)
|
F00:PLAN FRAGMENT [RANDOM] hosts=2 instances=2
Per-Host Resources: mem-estimate=134.40MB mem-reservation=60.00MB thread-reservation=2 runtime-filters-memory=2.00MB
06:HASH JOIN [INNER JOIN, BROADCAST]
|  hash predicates: t1.o_orderkey = t3.o_orderkey
|  fk/pk conjuncts: t1.o_orderkey = t3.o_orderkey
|  runtime filters: RF000[bloom] <- t3.o_orderkey
|  mem-estimate=82.33MB mem-reservation=34.00MB spill-buffer=2.00MB thread-reservation=0
|  tuple-ids=0,1,2,3 row-size=195B cardinality=1.50M
|  in pipelines: 00(GETNEXT), 01(OPEN)
|
|--10:EXCHANGE [BROADCAST]
|  |  mem-estimate=10.07MB mem-reservation=0B thread-reservation=0
|  |  tuple-ids=1,2,3 row-size=24B cardinality=1.50M
|  |  in pipelines: 01(GETNEXT)
|  |
|  F04:PLAN FRAGMENT [HASH(t3.o_orderkey)] hosts=2 instances=2
|  Per-Host Resources: mem-estimate=84.94MB mem-reservation=72.00MB thread-reservation=1 runtime-filters-memory=4.00MB
|  05:HASH JOIN [INNER JOIN, PARTITIONED]
|  |  hash predicates: t2.o_orderkey = t3.o_orderkey
|  |  fk/pk conjuncts: t2.o_orderkey = t3.o_orderkey
|  |  runtime filters: RF002[bloom] <- t3.o_orderkey
|  |  mem-estimate=35.44MB mem-reservation=34.00MB spill-buffer=2.00MB thread-reservation=0
|  |  tuple-ids=1,2,3 row-size=24B cardinality=1.50M
|  |  in pipelines: 01(GETNEXT), 02(OPEN)
|  |
|  |--04:HASH JOIN [INNER JOIN, PARTITIONED]
|  |  |  hash predicates: t3.o_orderkey = t4.o_orderkey
|  |  |  fk/pk conjuncts: t3.o_orderkey = t4.o_orderkey
|  |  |  runtime filters: RF004[bloom] <- t4.o_orderkey
|  |  |  mem-estimate=34.00MB mem-reservation=34.00MB spill-buffer=2.00MB thread-reservation=0
|  |  |  tuple-ids=2,3 row-size=16B cardinality=1.50M
|  |  |  in pipelines: 02(GETNEXT), 03(OPEN)
|  |  |
|  |  |--08:EXCHANGE [HASH(t4.o_orderkey)]
|  |  |  |  mem-estimate=5.75MB mem-reservation=0B thread-reservation=0
|  |  |  |  tuple-ids=3 row-size=8B cardinality=1.50M
|  |  |  |  in pipelines: 03(GETNEXT)
|  |  |  |
|  |  |  F03:PLAN FRAGMENT [RANDOM] hosts=2 instances=2
|  |  |  Per-Host Resources: mem-estimate=40.09MB mem-reservation=4.00MB thread-reservation=2
|  |  |  03:SCAN HDFS [tpch_parquet.orders t4, RANDOM]
|  |  |     HDFS partitions=1/1 files=2 size=54.21MB
|  |  |     stored statistics:
|  |  |       table: rows=1.50M size=54.21MB
|  |  |       columns: all
|  |  |     extrapolated-rows=disabled max-scan-range-rows=1.18M
|  |  |     mem-estimate=40.00MB mem-reservation=4.00MB thread-reservation=1
|  |  |     tuple-ids=3 row-size=8B cardinality=1.50M
|  |  |     in pipelines: 03(GETNEXT)
|  |  |
|  |  07:EXCHANGE [HASH(t3.o_orderkey)]
|  |  |  mem-estimate=5.75MB mem-reservation=0B thread-reservation=0
|  |  |  tuple-ids=2 row-size=8B cardinality=1.50M
|  |  |  in pipelines: 02(GETNEXT)
|  |  |
|  |  F02:PLAN FRAGMENT [RANDOM] hosts=2 instances=2
|  |  Per-Host Resources: mem-estimate=42.09MB mem-reservation=6.00MB thread-reservation=2 runtime-filters-memory=2.00MB
|  |  02:SCAN HDFS [tpch_parquet.orders t3, RANDOM]
|  |     HDFS partitions=1/1 files=2 size=54.21MB
|  |     runtime filters: RF004[bloom] -> t3.o_orderkey
|  |     stored statistics:
|  |       table: rows=1.50M size=54.21MB
|  |       columns: all
|  |     extrapolated-rows=disabled max-scan-range-rows=1.18M
|  |     mem-estimate=40.00MB mem-reservation=4.00MB thread-reservation=1
|  |     tuple-ids=2 row-size=8B cardinality=1.50M
|  |     in pipelines: 02(GETNEXT)
|  |
|  09:EXCHANGE [HASH(t2.o_orderkey)]
|  |  mem-estimate=5.75MB mem-reservation=0B thread-reservation=0
|  |  tuple-ids=1 row-size=8B cardinality=1.50M
|  |  in pipelines: 01(GETNEXT)
|  |
|  F01:PLAN FRAGMENT [RANDOM] hosts=2 instances=2
|  Per-Host Resources: mem-estimate=42.09MB mem-reservation=6.00MB thread-reservation=2 runtime-filters-memory=2.00MB
|  01:SCAN HDFS [tpch_parquet.orders t2, RANDOM]
|     HDFS partitions=1/1 files=2 size=54.21MB
|     runtime filters: RF002[bloom] -> t2.o_orderkey
|     stored statistics:
|       table: rows=1.50M size=54.21MB
|       columns: all
|     extrapolated-rows=disabled max-scan-range-rows=1.18M
|     mem-estimate=40.00MB mem-reservation=4.00MB thread-reservation=1
|     tuple-ids=1 row-size=8B cardinality=1.50M
|     in pipelines: 01(GETNEXT)
|
00:SCAN HDFS [tpch_parquet.orders t1, RANDOM]
   HDFS partitions=1/1 files=2 size=54.21MB
   runtime filters: RF000[bloom] -> t1.o_orderkey
   stored statistics:
     table: rows=1.50M size=54.21MB
     columns: all
   extrapolated-rows=disabled max-scan-range-rows=1.18M
   mem-estimate=40.00MB mem-reservation=24.00MB thread-reservation=1
   tuple-ids=0 row-size=171B cardinality=1.50M
   in pipelines: 00(GETNEXT)
---- PARALLELPLANS
Max Per-Host Resource Reservation: Memory=188.00MB Threads=9
Per-Host Resource Estimates: Memory=463MB
Analyzed query: SELECT /* +straight_join */ * FROM tpch_parquet.orders t1 INNER
JOIN (SELECT /* +straight_join */ t2.o_orderkey k2, k3, k4 FROM
tpch_parquet.orders t2 INNER JOIN (SELECT /* +straight_join */ t3.o_orderkey k3,
t4.o_orderkey k4 FROM tpch_parquet.orders t3 INNER JOIN tpch_parquet.orders t4
ON t3.o_orderkey = t4.o_orderkey) v2 ON v2.k3 = t2.o_orderkey) v1 ON v1.k3 =
t1.o_orderkey

F05:PLAN FRAGMENT [UNPARTITIONED] hosts=1 instances=1
|  Per-Instance Resources: mem-estimate=110.41MB mem-reservation=4.00MB thread-reservation=1
PLAN-ROOT SINK
|  output exprs: t1.o_orderkey, t1.o_custkey, t1.o_orderstatus, t1.o_totalprice, t1.o_orderdate, t1.o_orderpriority, t1.o_clerk, t1.o_shippriority, t1.o_comment, t2.o_orderkey, t3.o_orderkey, t4.o_orderkey
|  mem-estimate=100.00MB mem-reservation=4.00MB spill-buffer=2.00MB thread-reservation=0
|
11:EXCHANGE [UNPARTITIONED]
|  mem-estimate=10.41MB mem-reservation=0B thread-reservation=0
|  tuple-ids=0,1,2,3 row-size=195B cardinality=1.50M
|  in pipelines: 00(GETNEXT)
|
F00:PLAN FRAGMENT [RANDOM] hosts=2 instances=2
Per-Host Shared Resources: mem-estimate=2.00MB mem-reservation=2.00MB thread-reservation=0 runtime-filters-memory=2.00MB
Per-Instance Resources: mem-estimate=40.82MB mem-reservation=24.00MB thread-reservation=1
06:HASH JOIN [INNER JOIN, BROADCAST]
|  hash-table-id=00
|  hash predicates: t1.o_orderkey = t3.o_orderkey
|  fk/pk conjuncts: t1.o_orderkey = t3.o_orderkey
|  mem-estimate=0B mem-reservation=0B spill-buffer=2.00MB thread-reservation=0
|  tuple-ids=0,1,2,3 row-size=195B cardinality=1.50M
|  in pipelines: 00(GETNEXT), 01(OPEN)
|
|--F06:PLAN FRAGMENT [RANDOM] hosts=2 instances=2
|  |  Per-Instance Resources: mem-estimate=94.40MB mem-reservation=70.00MB thread-reservation=1 runtime-filters-memory=2.00MB
|  JOIN BUILD
|  |  join-table-id=00 plan-id=01 cohort-id=01
|  |  build expressions: t3.o_orderkey
|  |  runtime filters: RF000[bloom] <- t3.o_orderkey
|  |  mem-estimate=82.33MB mem-reservation=68.00MB spill-buffer=2.00MB thread-reservation=0
|  |
|  10:EXCHANGE [BROADCAST]
|  |  mem-estimate=10.07MB mem-reservation=0B thread-reservation=0
|  |  tuple-ids=1,2,3 row-size=24B cardinality=1.50M
|  |  in pipelines: 01(GETNEXT)
|  |
|  F04:PLAN FRAGMENT [HASH(t3.o_orderkey)] hosts=2 instances=2
|  Per-Instance Resources: mem-estimate=5.89MB mem-reservation=0B thread-reservation=1
|  05:HASH JOIN [INNER JOIN, PARTITIONED]
|  |  hash-table-id=01
|  |  hash predicates: t2.o_orderkey = t3.o_orderkey
|  |  fk/pk conjuncts: t2.o_orderkey = t3.o_orderkey
|  |  mem-estimate=0B mem-reservation=0B spill-buffer=2.00MB thread-reservation=0
|  |  tuple-ids=1,2,3 row-size=24B cardinality=1.50M
|  |  in pipelines: 01(GETNEXT), 02(OPEN)
|  |
|  |--F07:PLAN FRAGMENT [HASH(t3.o_orderkey)] hosts=2 instances=2
|  |  |  Per-Instance Resources: mem-estimate=43.19MB mem-reservation=36.00MB thread-reservation=1 runtime-filters-memory=2.00MB
|  |  JOIN BUILD
|  |  |  join-table-id=01 plan-id=02 cohort-id=02
|  |  |  build expressions: t3.o_orderkey
|  |  |  runtime filters: RF002[bloom] <- t3.o_orderkey
|  |  |  mem-estimate=35.44MB mem-reservation=34.00MB spill-buffer=2.00MB thread-reservation=0
|  |  |
|  |  04:HASH JOIN [INNER JOIN, PARTITIONED]
|  |  |  hash-table-id=02
|  |  |  hash predicates: t3.o_orderkey = t4.o_orderkey
|  |  |  fk/pk conjuncts: t3.o_orderkey = t4.o_orderkey
|  |  |  mem-estimate=0B mem-reservation=0B spill-buffer=2.00MB thread-reservation=0
|  |  |  tuple-ids=2,3 row-size=16B cardinality=1.50M
|  |  |  in pipelines: 02(GETNEXT), 03(OPEN)
|  |  |
|  |  |--F08:PLAN FRAGMENT [HASH(t3.o_orderkey)] hosts=2 instances=2
|  |  |  |  Per-Instance Resources: mem-estimate=41.75MB mem-reservation=36.00MB thread-reservation=1 runtime-filters-memory=2.00MB
|  |  |  JOIN BUILD
|  |  |  |  join-table-id=02 plan-id=03 cohort-id=03
|  |  |  |  build expressions: t4.o_orderkey
|  |  |  |  runtime filters: RF004[bloom] <- t4.o_orderkey
|  |  |  |  mem-estimate=34.00MB mem-reservation=34.00MB spill-buffer=2.00MB thread-reservation=0
|  |  |  |
|  |  |  08:EXCHANGE [HASH(t4.o_orderkey)]
|  |  |  |  mem-estimate=5.75MB mem-reservation=0B thread-reservation=0
|  |  |  |  tuple-ids=3 row-size=8B cardinality=1.50M
|  |  |  |  in pipelines: 03(GETNEXT)
|  |  |  |
|  |  |  F03:PLAN FRAGMENT [RANDOM] hosts=2 instances=2
|  |  |  Per-Instance Resources: mem-estimate=40.09MB mem-reservation=4.00MB thread-reservation=1
|  |  |  03:SCAN HDFS [tpch_parquet.orders t4, RANDOM]
|  |  |     HDFS partitions=1/1 files=2 size=54.21MB
|  |  |     stored statistics:
|  |  |       table: rows=1.50M size=54.21MB
|  |  |       columns: all
|  |  |     extrapolated-rows=disabled max-scan-range-rows=1.18M
|  |  |     mem-estimate=40.00MB mem-reservation=4.00MB thread-reservation=0
|  |  |     tuple-ids=3 row-size=8B cardinality=1.50M
|  |  |     in pipelines: 03(GETNEXT)
|  |  |
|  |  07:EXCHANGE [HASH(t3.o_orderkey)]
|  |  |  mem-estimate=5.75MB mem-reservation=0B thread-reservation=0
|  |  |  tuple-ids=2 row-size=8B cardinality=1.50M
|  |  |  in pipelines: 02(GETNEXT)
|  |  |
|  |  F02:PLAN FRAGMENT [RANDOM] hosts=2 instances=2
|  |  Per-Host Shared Resources: mem-estimate=2.00MB mem-reservation=2.00MB thread-reservation=0 runtime-filters-memory=2.00MB
|  |  Per-Instance Resources: mem-estimate=40.09MB mem-reservation=4.00MB thread-reservation=1
|  |  02:SCAN HDFS [tpch_parquet.orders t3, RANDOM]
|  |     HDFS partitions=1/1 files=2 size=54.21MB
|  |     runtime filters: RF004[bloom] -> t3.o_orderkey
|  |     stored statistics:
|  |       table: rows=1.50M size=54.21MB
|  |       columns: all
|  |     extrapolated-rows=disabled max-scan-range-rows=1.18M
|  |     mem-estimate=40.00MB mem-reservation=4.00MB thread-reservation=0
|  |     tuple-ids=2 row-size=8B cardinality=1.50M
|  |     in pipelines: 02(GETNEXT)
|  |
|  09:EXCHANGE [HASH(t2.o_orderkey)]
|  |  mem-estimate=5.75MB mem-reservation=0B thread-reservation=0
|  |  tuple-ids=1 row-size=8B cardinality=1.50M
|  |  in pipelines: 01(GETNEXT)
|  |
|  F01:PLAN FRAGMENT [RANDOM] hosts=2 instances=2
|  Per-Host Shared Resources: mem-estimate=2.00MB mem-reservation=2.00MB thread-reservation=0 runtime-filters-memory=2.00MB
|  Per-Instance Resources: mem-estimate=40.09MB mem-reservation=4.00MB thread-reservation=1
|  01:SCAN HDFS [tpch_parquet.orders t2, RANDOM]
|     HDFS partitions=1/1 files=2 size=54.21MB
|     runtime filters: RF002[bloom] -> t2.o_orderkey
|     stored statistics:
|       table: rows=1.50M size=54.21MB
|       columns: all
|     extrapolated-rows=disabled max-scan-range-rows=1.18M
|     mem-estimate=40.00MB mem-reservation=4.00MB thread-reservation=0
|     tuple-ids=1 row-size=8B cardinality=1.50M
|     in pipelines: 01(GETNEXT)
|
00:SCAN HDFS [tpch_parquet.orders t1, RANDOM]
   HDFS partitions=1/1 files=2 size=54.21MB
   runtime filters: RF000[bloom] -> t1.o_orderkey
   stored statistics:
     table: rows=1.50M size=54.21MB
     columns: all
   extrapolated-rows=disabled max-scan-range-rows=1.18M
   mem-estimate=40.00MB mem-reservation=24.00MB thread-reservation=0
   tuple-ids=0 row-size=171B cardinality=1.50M
   in pipelines: 00(GETNEXT)
====
# Bushy nested loop join plan. Because of IMPALA-4179 the nested loop join cannot close
# its build-side child immediately after the build phase. Therefore the whole tree of
# joins remains open until the query finishes.
# TODO: IMPALA-4179: the estimates should get lower.
select straight_join *
from tpch_parquet.nation t1
join (
  select straight_join t2.n_nationkey k2, k3, k4
  from tpch_parquet.nation t2
  join (
    select straight_join t3.n_nationkey k3, t4.s_suppkey k4
    from tpch_parquet.nation t3
    join tpch_parquet.supplier t4
  ) v2
) v1
---- PLAN
Max Per-Host Resource Reservation: Memory=4.17MB Threads=5
Per-Host Resource Estimates: Memory=238MB
Analyzed query: SELECT /* +straight_join */ * FROM tpch_parquet.nation t1 INNER
JOIN (SELECT /* +straight_join */ t2.n_nationkey k2, k3, k4 FROM
tpch_parquet.nation t2 INNER JOIN (SELECT /* +straight_join */ t3.n_nationkey
k3, t4.s_suppkey k4 FROM tpch_parquet.nation t3 INNER JOIN tpch_parquet.supplier
t4) v2) v1

F00:PLAN FRAGMENT [UNPARTITIONED] hosts=1 instances=1
|  Per-Host Resources: mem-estimate=237.99MB mem-reservation=4.17MB thread-reservation=5
PLAN-ROOT SINK
|  output exprs: t1.n_nationkey, t1.n_name, t1.n_regionkey, t1.n_comment, t2.n_nationkey, t3.n_nationkey, t4.s_suppkey
|  mem-estimate=100.00MB mem-reservation=4.00MB spill-buffer=2.00MB thread-reservation=0
|
06:NESTED LOOP JOIN [CROSS JOIN]
|  mem-estimate=71.53MB mem-reservation=0B thread-reservation=0
|  tuple-ids=0,1,2,3 row-size=121B cardinality=156.25M
|  in pipelines: 00(GETNEXT), 01(OPEN)
|
|--05:NESTED LOOP JOIN [CROSS JOIN]
|  |  mem-estimate=2.38MB mem-reservation=0B thread-reservation=0
|  |  tuple-ids=1,2,3 row-size=12B cardinality=6.25M
|  |  in pipelines: 01(GETNEXT), 02(OPEN)
|  |
|  |--04:NESTED LOOP JOIN [CROSS JOIN]
|  |  |  mem-estimate=78.12KB mem-reservation=0B thread-reservation=0
|  |  |  tuple-ids=2,3 row-size=10B cardinality=250.00K
|  |  |  in pipelines: 02(GETNEXT), 03(OPEN)
|  |  |
|  |  |--03:SCAN HDFS [tpch_parquet.supplier t4]
|  |  |     HDFS partitions=1/1 files=1 size=883.03KB
|  |  |     stored statistics:
|  |  |       table: rows=10.00K size=883.03KB
|  |  |       columns: all
|  |  |     extrapolated-rows=disabled max-scan-range-rows=10.00K
|  |  |     mem-estimate=16.00MB mem-reservation=128.00KB thread-reservation=1
|  |  |     tuple-ids=3 row-size=8B cardinality=10.00K
|  |  |     in pipelines: 03(GETNEXT)
|  |  |
|  |  02:SCAN HDFS [tpch_parquet.nation t3]
|  |     HDFS partitions=1/1 files=1 size=3.04KB
|  |     stored statistics:
|  |       table: rows=25 size=3.04KB
|  |       columns: all
|  |     extrapolated-rows=disabled max-scan-range-rows=25
|  |     mem-estimate=16.00MB mem-reservation=8.00KB thread-reservation=1
|  |     tuple-ids=2 row-size=2B cardinality=25
|  |     in pipelines: 02(GETNEXT)
|  |
|  01:SCAN HDFS [tpch_parquet.nation t2]
|     HDFS partitions=1/1 files=1 size=3.04KB
|     stored statistics:
|       table: rows=25 size=3.04KB
|       columns: all
|     extrapolated-rows=disabled max-scan-range-rows=25
|     mem-estimate=16.00MB mem-reservation=8.00KB thread-reservation=1
|     tuple-ids=1 row-size=2B cardinality=25
|     in pipelines: 01(GETNEXT)
|
00:SCAN HDFS [tpch_parquet.nation t1]
   HDFS partitions=1/1 files=1 size=3.04KB
   stored statistics:
     table: rows=25 size=3.04KB
     columns: all
   extrapolated-rows=disabled max-scan-range-rows=25
   mem-estimate=16.00MB mem-reservation=32.00KB thread-reservation=1
   tuple-ids=0 row-size=109B cardinality=25
   in pipelines: 00(GETNEXT)
---- DISTRIBUTEDPLAN
Max Per-Host Resource Reservation: Memory=4.17MB Threads=9
Per-Host Resource Estimates: Memory=261MB
Analyzed query: SELECT /* +straight_join */ * FROM tpch_parquet.nation t1 INNER
JOIN (SELECT /* +straight_join */ t2.n_nationkey k2, k3, k4 FROM
tpch_parquet.nation t2 INNER JOIN (SELECT /* +straight_join */ t3.n_nationkey
k3, t4.s_suppkey k4 FROM tpch_parquet.nation t3 INNER JOIN tpch_parquet.supplier
t4) v2) v1

F04:PLAN FRAGMENT [UNPARTITIONED] hosts=1 instances=1
|  Per-Host Resources: mem-estimate=110.13MB mem-reservation=4.00MB thread-reservation=1
PLAN-ROOT SINK
|  output exprs: t1.n_nationkey, t1.n_name, t1.n_regionkey, t1.n_comment, t2.n_nationkey, t3.n_nationkey, t4.s_suppkey
|  mem-estimate=100.00MB mem-reservation=4.00MB spill-buffer=2.00MB thread-reservation=0
|
10:EXCHANGE [UNPARTITIONED]
|  mem-estimate=10.13MB mem-reservation=0B thread-reservation=0
|  tuple-ids=0,1,2,3 row-size=121B cardinality=156.25M
|  in pipelines: 00(GETNEXT)
|
F00:PLAN FRAGMENT [RANDOM] hosts=1 instances=1
Per-Host Resources: mem-estimate=98.09MB mem-reservation=32.00KB thread-reservation=2
06:NESTED LOOP JOIN [CROSS JOIN, BROADCAST]
|  mem-estimate=71.53MB mem-reservation=0B thread-reservation=0
|  tuple-ids=0,1,2,3 row-size=121B cardinality=156.25M
|  in pipelines: 00(GETNEXT), 01(OPEN)
|
|--09:EXCHANGE [BROADCAST]
|  |  mem-estimate=10.02MB mem-reservation=0B thread-reservation=0
|  |  tuple-ids=1,2,3 row-size=12B cardinality=6.25M
|  |  in pipelines: 01(GETNEXT)
|  |
|  F01:PLAN FRAGMENT [RANDOM] hosts=1 instances=1
|  Per-Host Resources: mem-estimate=20.88MB mem-reservation=8.00KB thread-reservation=2
|  05:NESTED LOOP JOIN [CROSS JOIN, BROADCAST]
|  |  mem-estimate=2.38MB mem-reservation=0B thread-reservation=0
|  |  tuple-ids=1,2,3 row-size=12B cardinality=6.25M
|  |  in pipelines: 01(GETNEXT), 02(OPEN)
|  |
|  |--08:EXCHANGE [BROADCAST]
|  |  |  mem-estimate=2.40MB mem-reservation=0B thread-reservation=0
|  |  |  tuple-ids=2,3 row-size=10B cardinality=250.00K
|  |  |  in pipelines: 02(GETNEXT)
|  |  |
|  |  F02:PLAN FRAGMENT [RANDOM] hosts=1 instances=1
|  |  Per-Host Resources: mem-estimate=16.23MB mem-reservation=8.00KB thread-reservation=2
|  |  04:NESTED LOOP JOIN [CROSS JOIN, BROADCAST]
|  |  |  mem-estimate=78.12KB mem-reservation=0B thread-reservation=0
|  |  |  tuple-ids=2,3 row-size=10B cardinality=250.00K
|  |  |  in pipelines: 02(GETNEXT), 03(OPEN)
|  |  |
|  |  |--07:EXCHANGE [BROADCAST]
|  |  |  |  mem-estimate=90.12KB mem-reservation=0B thread-reservation=0
|  |  |  |  tuple-ids=3 row-size=8B cardinality=10.00K
|  |  |  |  in pipelines: 03(GETNEXT)
|  |  |  |
|  |  |  F03:PLAN FRAGMENT [RANDOM] hosts=1 instances=1
|  |  |  Per-Host Resources: mem-estimate=16.05MB mem-reservation=128.00KB thread-reservation=2
|  |  |  03:SCAN HDFS [tpch_parquet.supplier t4, RANDOM]
|  |  |     HDFS partitions=1/1 files=1 size=883.03KB
|  |  |     stored statistics:
|  |  |       table: rows=10.00K size=883.03KB
|  |  |       columns: all
|  |  |     extrapolated-rows=disabled max-scan-range-rows=10.00K
|  |  |     mem-estimate=16.00MB mem-reservation=128.00KB thread-reservation=1
|  |  |     tuple-ids=3 row-size=8B cardinality=10.00K
|  |  |     in pipelines: 03(GETNEXT)
|  |  |
|  |  02:SCAN HDFS [tpch_parquet.nation t3, RANDOM]
|  |     HDFS partitions=1/1 files=1 size=3.04KB
|  |     stored statistics:
|  |       table: rows=25 size=3.04KB
|  |       columns: all
|  |     extrapolated-rows=disabled max-scan-range-rows=25
|  |     mem-estimate=16.00MB mem-reservation=8.00KB thread-reservation=1
|  |     tuple-ids=2 row-size=2B cardinality=25
|  |     in pipelines: 02(GETNEXT)
|  |
|  01:SCAN HDFS [tpch_parquet.nation t2, RANDOM]
|     HDFS partitions=1/1 files=1 size=3.04KB
|     stored statistics:
|       table: rows=25 size=3.04KB
|       columns: all
|     extrapolated-rows=disabled max-scan-range-rows=25
|     mem-estimate=16.00MB mem-reservation=8.00KB thread-reservation=1
|     tuple-ids=1 row-size=2B cardinality=25
|     in pipelines: 01(GETNEXT)
|
00:SCAN HDFS [tpch_parquet.nation t1, RANDOM]
   HDFS partitions=1/1 files=1 size=3.04KB
   stored statistics:
     table: rows=25 size=3.04KB
     columns: all
   extrapolated-rows=disabled max-scan-range-rows=25
   mem-estimate=16.00MB mem-reservation=32.00KB thread-reservation=1
   tuple-ids=0 row-size=109B cardinality=25
   in pipelines: 00(GETNEXT)
---- PARALLELPLANS
Max Per-Host Resource Reservation: Memory=4.17MB Threads=8
Per-Host Resource Estimates: Memory=261MB
Analyzed query: SELECT /* +straight_join */ * FROM tpch_parquet.nation t1 INNER
JOIN (SELECT /* +straight_join */ t2.n_nationkey k2, k3, k4 FROM
tpch_parquet.nation t2 INNER JOIN (SELECT /* +straight_join */ t3.n_nationkey
k3, t4.s_suppkey k4 FROM tpch_parquet.nation t3 INNER JOIN tpch_parquet.supplier
t4) v2) v1

F04:PLAN FRAGMENT [UNPARTITIONED] hosts=1 instances=1
|  Per-Instance Resources: mem-estimate=110.13MB mem-reservation=4.00MB thread-reservation=1
PLAN-ROOT SINK
|  output exprs: t1.n_nationkey, t1.n_name, t1.n_regionkey, t1.n_comment, t2.n_nationkey, t3.n_nationkey, t4.s_suppkey
|  mem-estimate=100.00MB mem-reservation=4.00MB spill-buffer=2.00MB thread-reservation=0
|
10:EXCHANGE [UNPARTITIONED]
|  mem-estimate=10.13MB mem-reservation=0B thread-reservation=0
|  tuple-ids=0,1,2,3 row-size=121B cardinality=156.25M
|  in pipelines: 00(GETNEXT)
|
F00:PLAN FRAGMENT [RANDOM] hosts=1 instances=1
Per-Instance Resources: mem-estimate=16.54MB mem-reservation=32.00KB thread-reservation=1
06:NESTED LOOP JOIN [CROSS JOIN, BROADCAST]
|  join table id: 00
|  mem-estimate=0B mem-reservation=0B thread-reservation=0
|  tuple-ids=0,1,2,3 row-size=121B cardinality=156.25M
|  in pipelines: 00(GETNEXT), 01(OPEN)
|
|--F05:PLAN FRAGMENT [RANDOM] hosts=1 instances=1
|  |  Per-Instance Resources: mem-estimate=81.55MB mem-reservation=0B thread-reservation=1
|  JOIN BUILD
|  |  join-table-id=00 plan-id=01 cohort-id=01
|  |  mem-estimate=71.53MB mem-reservation=0B thread-reservation=0
|  |
|  09:EXCHANGE [BROADCAST]
|  |  mem-estimate=10.02MB mem-reservation=0B thread-reservation=0
|  |  tuple-ids=1,2,3 row-size=12B cardinality=6.25M
|  |  in pipelines: 01(GETNEXT)
|  |
|  F01:PLAN FRAGMENT [RANDOM] hosts=1 instances=1
|  Per-Instance Resources: mem-estimate=16.09MB mem-reservation=8.00KB thread-reservation=1
|  05:NESTED LOOP JOIN [CROSS JOIN, BROADCAST]
|  |  join table id: 01
|  |  mem-estimate=0B mem-reservation=0B thread-reservation=0
|  |  tuple-ids=1,2,3 row-size=12B cardinality=6.25M
|  |  in pipelines: 01(GETNEXT), 02(OPEN)
|  |
|  |--F06:PLAN FRAGMENT [RANDOM] hosts=1 instances=1
|  |  |  Per-Instance Resources: mem-estimate=4.79MB mem-reservation=0B thread-reservation=1
|  |  JOIN BUILD
|  |  |  join-table-id=01 plan-id=02 cohort-id=02
|  |  |  mem-estimate=2.38MB mem-reservation=0B thread-reservation=0
|  |  |
|  |  08:EXCHANGE [BROADCAST]
|  |  |  mem-estimate=2.40MB mem-reservation=0B thread-reservation=0
|  |  |  tuple-ids=2,3 row-size=10B cardinality=250.00K
|  |  |  in pipelines: 02(GETNEXT)
|  |  |
|  |  F02:PLAN FRAGMENT [RANDOM] hosts=1 instances=1
|  |  Per-Instance Resources: mem-estimate=16.07MB mem-reservation=8.00KB thread-reservation=1
|  |  04:NESTED LOOP JOIN [CROSS JOIN, BROADCAST]
|  |  |  join table id: 02
|  |  |  mem-estimate=0B mem-reservation=0B thread-reservation=0
|  |  |  tuple-ids=2,3 row-size=10B cardinality=250.00K
|  |  |  in pipelines: 02(GETNEXT), 03(OPEN)
|  |  |
|  |  |--F07:PLAN FRAGMENT [RANDOM] hosts=1 instances=1
|  |  |  |  Per-Instance Resources: mem-estimate=168.25KB mem-reservation=0B thread-reservation=1
|  |  |  JOIN BUILD
|  |  |  |  join-table-id=02 plan-id=03 cohort-id=03
|  |  |  |  mem-estimate=78.12KB mem-reservation=0B thread-reservation=0
|  |  |  |
|  |  |  07:EXCHANGE [BROADCAST]
|  |  |  |  mem-estimate=90.12KB mem-reservation=0B thread-reservation=0
|  |  |  |  tuple-ids=3 row-size=8B cardinality=10.00K
|  |  |  |  in pipelines: 03(GETNEXT)
|  |  |  |
|  |  |  F03:PLAN FRAGMENT [RANDOM] hosts=1 instances=1
|  |  |  Per-Instance Resources: mem-estimate=16.05MB mem-reservation=128.00KB thread-reservation=1
|  |  |  03:SCAN HDFS [tpch_parquet.supplier t4, RANDOM]
|  |  |     HDFS partitions=1/1 files=1 size=883.03KB
|  |  |     stored statistics:
|  |  |       table: rows=10.00K size=883.03KB
|  |  |       columns: all
|  |  |     extrapolated-rows=disabled max-scan-range-rows=10.00K
|  |  |     mem-estimate=16.00MB mem-reservation=128.00KB thread-reservation=0
|  |  |     tuple-ids=3 row-size=8B cardinality=10.00K
|  |  |     in pipelines: 03(GETNEXT)
|  |  |
|  |  02:SCAN HDFS [tpch_parquet.nation t3, RANDOM]
|  |     HDFS partitions=1/1 files=1 size=3.04KB
|  |     stored statistics:
|  |       table: rows=25 size=3.04KB
|  |       columns: all
|  |     extrapolated-rows=disabled max-scan-range-rows=25
|  |     mem-estimate=16.00MB mem-reservation=8.00KB thread-reservation=0
|  |     tuple-ids=2 row-size=2B cardinality=25
|  |     in pipelines: 02(GETNEXT)
|  |
|  01:SCAN HDFS [tpch_parquet.nation t2, RANDOM]
|     HDFS partitions=1/1 files=1 size=3.04KB
|     stored statistics:
|       table: rows=25 size=3.04KB
|       columns: all
|     extrapolated-rows=disabled max-scan-range-rows=25
|     mem-estimate=16.00MB mem-reservation=8.00KB thread-reservation=0
|     tuple-ids=1 row-size=2B cardinality=25
|     in pipelines: 01(GETNEXT)
|
00:SCAN HDFS [tpch_parquet.nation t1, RANDOM]
   HDFS partitions=1/1 files=1 size=3.04KB
   stored statistics:
     table: rows=25 size=3.04KB
     columns: all
   extrapolated-rows=disabled max-scan-range-rows=25
   mem-estimate=16.00MB mem-reservation=32.00KB thread-reservation=0
   tuple-ids=0 row-size=109B cardinality=25
   in pipelines: 00(GETNEXT)
====
# IMPALA-7749: Aggregation with a limit should compute memory estimates based on input
# cardinality.
select distinct *
from tpch_parquet.lineitem
limit 5
---- PLAN
Max Per-Host Resource Reservation: Memory=74.00MB Threads=2
Per-Host Resource Estimates: Memory=1.13GB
Analyzed query: SELECT DISTINCT * FROM tpch_parquet.lineitem LIMIT CAST(5 AS
TINYINT)

F00:PLAN FRAGMENT [UNPARTITIONED] hosts=1 instances=1
|  Per-Host Resources: mem-estimate=1.13GB mem-reservation=74.00MB thread-reservation=2
PLAN-ROOT SINK
|  output exprs: tpch_parquet.lineitem.l_orderkey, tpch_parquet.lineitem.l_partkey, tpch_parquet.lineitem.l_suppkey, tpch_parquet.lineitem.l_linenumber, tpch_parquet.lineitem.l_quantity, tpch_parquet.lineitem.l_extendedprice, tpch_parquet.lineitem.l_discount, tpch_parquet.lineitem.l_tax, tpch_parquet.lineitem.l_returnflag, tpch_parquet.lineitem.l_linestatus, tpch_parquet.lineitem.l_shipdate, tpch_parquet.lineitem.l_commitdate, tpch_parquet.lineitem.l_receiptdate, tpch_parquet.lineitem.l_shipinstruct, tpch_parquet.lineitem.l_shipmode, tpch_parquet.lineitem.l_comment
|  mem-estimate=4.00MB mem-reservation=4.00MB spill-buffer=2.00MB thread-reservation=0
|
01:AGGREGATE [FINALIZE]
|  group by: tpch_parquet.lineitem.l_orderkey, tpch_parquet.lineitem.l_partkey, tpch_parquet.lineitem.l_suppkey, tpch_parquet.lineitem.l_linenumber, tpch_parquet.lineitem.l_quantity, tpch_parquet.lineitem.l_extendedprice, tpch_parquet.lineitem.l_discount, tpch_parquet.lineitem.l_tax, tpch_parquet.lineitem.l_returnflag, tpch_parquet.lineitem.l_linestatus, tpch_parquet.lineitem.l_shipdate, tpch_parquet.lineitem.l_commitdate, tpch_parquet.lineitem.l_receiptdate, tpch_parquet.lineitem.l_shipinstruct, tpch_parquet.lineitem.l_shipmode, tpch_parquet.lineitem.l_comment
|  limit: 5
|  mem-estimate=1.05GB mem-reservation=34.00MB spill-buffer=2.00MB thread-reservation=0
|  tuple-ids=1 row-size=231B cardinality=5
|  in pipelines: 01(GETNEXT), 00(OPEN)
|
00:SCAN HDFS [tpch_parquet.lineitem]
   HDFS partitions=1/1 files=3 size=193.99MB
   stored statistics:
     table: rows=6.00M size=193.99MB
     columns: all
   extrapolated-rows=disabled max-scan-range-rows=2.14M
   mem-estimate=80.00MB mem-reservation=40.00MB thread-reservation=1
   tuple-ids=0 row-size=231B cardinality=6.00M
   in pipelines: 00(GETNEXT)
---- DISTRIBUTEDPLAN
Max Per-Host Resource Reservation: Memory=79.94MB Threads=4
Per-Host Resource Estimates: Memory=445MB
Analyzed query: SELECT DISTINCT * FROM tpch_parquet.lineitem LIMIT CAST(5 AS
TINYINT)

F02:PLAN FRAGMENT [UNPARTITIONED] hosts=1 instances=1
|  Per-Host Resources: mem-estimate=4.02MB mem-reservation=4.00MB thread-reservation=1
PLAN-ROOT SINK
|  output exprs: tpch_parquet.lineitem.l_orderkey, tpch_parquet.lineitem.l_partkey, tpch_parquet.lineitem.l_suppkey, tpch_parquet.lineitem.l_linenumber, tpch_parquet.lineitem.l_quantity, tpch_parquet.lineitem.l_extendedprice, tpch_parquet.lineitem.l_discount, tpch_parquet.lineitem.l_tax, tpch_parquet.lineitem.l_returnflag, tpch_parquet.lineitem.l_linestatus, tpch_parquet.lineitem.l_shipdate, tpch_parquet.lineitem.l_commitdate, tpch_parquet.lineitem.l_receiptdate, tpch_parquet.lineitem.l_shipinstruct, tpch_parquet.lineitem.l_shipmode, tpch_parquet.lineitem.l_comment
|  mem-estimate=4.00MB mem-reservation=4.00MB spill-buffer=2.00MB thread-reservation=0
|
04:EXCHANGE [UNPARTITIONED]
|  limit: 5
|  mem-estimate=16.00KB mem-reservation=0B thread-reservation=0
|  tuple-ids=1 row-size=231B cardinality=5
|  in pipelines: 03(GETNEXT)
|
F01:PLAN FRAGMENT [HASH(tpch_parquet.lineitem.l_orderkey,tpch_parquet.lineitem.l_partkey,tpch_parquet.lineitem.l_suppkey,tpch_parquet.lineitem.l_linenumber,tpch_parquet.lineitem.l_quantity,tpch_parquet.lineitem.l_extendedprice,tpch_parquet.lineitem.l_discount,tpch_parquet.lineitem.l_tax,tpch_parquet.lineitem.l_returnflag,tpch_parquet.lineitem.l_linestatus,tpch_parquet.lineitem.l_shipdate,tpch_parquet.lineitem.l_commitdate,tpch_parquet.lineitem.l_receiptdate,tpch_parquet.lineitem.l_shipinstruct,tpch_parquet.lineitem.l_shipmode,tpch_parquet.lineitem.l_comment)] hosts=3 instances=3
Per-Host Resources: mem-estimate=10.92MB mem-reservation=1.94MB thread-reservation=1
03:AGGREGATE [FINALIZE]
|  group by: tpch_parquet.lineitem.l_orderkey, tpch_parquet.lineitem.l_partkey, tpch_parquet.lineitem.l_suppkey, tpch_parquet.lineitem.l_linenumber, tpch_parquet.lineitem.l_quantity, tpch_parquet.lineitem.l_extendedprice, tpch_parquet.lineitem.l_discount, tpch_parquet.lineitem.l_tax, tpch_parquet.lineitem.l_returnflag, tpch_parquet.lineitem.l_linestatus, tpch_parquet.lineitem.l_shipdate, tpch_parquet.lineitem.l_commitdate, tpch_parquet.lineitem.l_receiptdate, tpch_parquet.lineitem.l_shipinstruct, tpch_parquet.lineitem.l_shipmode, tpch_parquet.lineitem.l_comment
|  limit: 5
|  mem-estimate=10.00MB mem-reservation=1.94MB spill-buffer=64.00KB thread-reservation=0
|  tuple-ids=1 row-size=231B cardinality=5
|  in pipelines: 03(GETNEXT), 00(OPEN)
|
02:EXCHANGE [HASH(tpch_parquet.lineitem.l_orderkey,tpch_parquet.lineitem.l_partkey,tpch_parquet.lineitem.l_suppkey,tpch_parquet.lineitem.l_linenumber,tpch_parquet.lineitem.l_quantity,tpch_parquet.lineitem.l_extendedprice,tpch_parquet.lineitem.l_discount,tpch_parquet.lineitem.l_tax,tpch_parquet.lineitem.l_returnflag,tpch_parquet.lineitem.l_linestatus,tpch_parquet.lineitem.l_shipdate,tpch_parquet.lineitem.l_commitdate,tpch_parquet.lineitem.l_receiptdate,tpch_parquet.lineitem.l_shipinstruct,tpch_parquet.lineitem.l_shipmode,tpch_parquet.lineitem.l_comment)]
|  mem-estimate=16.00KB mem-reservation=0B thread-reservation=0
|  tuple-ids=1 row-size=231B cardinality=15
|  in pipelines: 00(GETNEXT)
|
F00:PLAN FRAGMENT [RANDOM] hosts=3 instances=3
Per-Host Resources: mem-estimate=430.12MB mem-reservation=74.00MB thread-reservation=2
01:AGGREGATE [STREAMING]
|  group by: tpch_parquet.lineitem.l_orderkey, tpch_parquet.lineitem.l_partkey, tpch_parquet.lineitem.l_suppkey, tpch_parquet.lineitem.l_linenumber, tpch_parquet.lineitem.l_quantity, tpch_parquet.lineitem.l_extendedprice, tpch_parquet.lineitem.l_discount, tpch_parquet.lineitem.l_tax, tpch_parquet.lineitem.l_returnflag, tpch_parquet.lineitem.l_linestatus, tpch_parquet.lineitem.l_shipdate, tpch_parquet.lineitem.l_commitdate, tpch_parquet.lineitem.l_receiptdate, tpch_parquet.lineitem.l_shipinstruct, tpch_parquet.lineitem.l_shipmode, tpch_parquet.lineitem.l_comment
|  limit: 5
|  mem-estimate=347.37MB mem-reservation=34.00MB spill-buffer=2.00MB thread-reservation=0
|  tuple-ids=1 row-size=231B cardinality=15
|  in pipelines: 00(GETNEXT)
|
00:SCAN HDFS [tpch_parquet.lineitem, RANDOM]
   HDFS partitions=1/1 files=3 size=193.99MB
   stored statistics:
     table: rows=6.00M size=193.99MB
     columns: all
   extrapolated-rows=disabled max-scan-range-rows=2.14M
   mem-estimate=80.00MB mem-reservation=40.00MB thread-reservation=1
   tuple-ids=0 row-size=231B cardinality=6.00M
   in pipelines: 00(GETNEXT)
====
# IMPALA-9983: Limit pushdown into analytic sort
select * from (
  select l_partkey, l_quantity, l_orderkey,
    rank() over (partition by l_partkey order by l_orderkey desc) rk
  from tpch_parquet.lineitem) dt
where rk <= 100
order by l_partkey, l_quantity, l_orderkey, rk
limit 100
---- PLAN
Max Per-Host Resource Reservation: Memory=20.00MB Threads=2
Per-Host Resource Estimates: Memory=84MB
Analyzed query: SELECT * FROM (SELECT l_partkey, l_quantity, l_orderkey, rank()
OVER (PARTITION BY l_partkey ORDER BY l_orderkey DESC) rk FROM
tpch_parquet.lineitem) dt WHERE rk <= CAST(100 AS BIGINT) ORDER BY l_partkey
ASC, l_quantity ASC, l_orderkey ASC, rk ASC LIMIT CAST(100 AS TINYINT)

F00:PLAN FRAGMENT [UNPARTITIONED] hosts=1 instances=1
|  Per-Host Resources: mem-estimate=84.00MB mem-reservation=20.00MB thread-reservation=2
PLAN-ROOT SINK
|  output exprs: l_partkey, l_quantity, l_orderkey, rk
|  mem-estimate=4.00MB mem-reservation=4.00MB spill-buffer=2.00MB thread-reservation=0
|
04:TOP-N [LIMIT=100]
|  order by: l_partkey ASC, l_quantity ASC, l_orderkey ASC, rk ASC
|  mem-estimate=3.12KB mem-reservation=0B thread-reservation=0
|  tuple-ids=4 row-size=32B cardinality=100
|  in pipelines: 04(GETNEXT), 01(OPEN)
|
03:SELECT
|  predicates: rank() <= CAST(100 AS BIGINT)
|  mem-estimate=0B mem-reservation=0B thread-reservation=0
|  tuple-ids=8,7 row-size=32B cardinality=200
|  in pipelines: 01(GETNEXT)
|
02:ANALYTIC
|  functions: rank()
|  partition by: l_partkey
|  order by: l_orderkey DESC
|  window: RANGE BETWEEN UNBOUNDED PRECEDING AND CURRENT ROW
|  mem-estimate=4.00MB mem-reservation=4.00MB spill-buffer=2.00MB thread-reservation=0
|  tuple-ids=8,7 row-size=32B cardinality=200
|  in pipelines: 01(GETNEXT)
|
01:TOP-N
|  order by: l_partkey ASC NULLS LAST, l_orderkey DESC
|  limit with ties: 200
|  source expr: rank() <= CAST(100 AS BIGINT)
|  mem-estimate=4.69KB mem-reservation=0B thread-reservation=0
|  tuple-ids=8 row-size=24B cardinality=200
|  in pipelines: 01(GETNEXT), 00(OPEN)
|
00:SCAN HDFS [tpch_parquet.lineitem]
   HDFS partitions=1/1 files=3 size=193.99MB
   stored statistics:
     table: rows=6.00M size=193.99MB
     columns: all
   extrapolated-rows=disabled max-scan-range-rows=2.14M
   mem-estimate=80.00MB mem-reservation=16.00MB thread-reservation=1
   tuple-ids=0 row-size=24B cardinality=6.00M
   in pipelines: 00(GETNEXT)
---- DISTRIBUTEDPLAN
Max Per-Host Resource Reservation: Memory=24.00MB Threads=4
Per-Host Resource Estimates: Memory=88MB
Analyzed query: SELECT * FROM (SELECT l_partkey, l_quantity, l_orderkey, rank()
OVER (PARTITION BY l_partkey ORDER BY l_orderkey DESC) rk FROM
tpch_parquet.lineitem) dt WHERE rk <= CAST(100 AS BIGINT) ORDER BY l_partkey
ASC, l_quantity ASC, l_orderkey ASC, rk ASC LIMIT CAST(100 AS TINYINT)

F02:PLAN FRAGMENT [UNPARTITIONED] hosts=1 instances=1
|  Per-Host Resources: mem-estimate=4.02MB mem-reservation=4.00MB thread-reservation=1
PLAN-ROOT SINK
|  output exprs: l_partkey, l_quantity, l_orderkey, rk
|  mem-estimate=4.00MB mem-reservation=4.00MB spill-buffer=2.00MB thread-reservation=0
|
07:MERGING-EXCHANGE [UNPARTITIONED]
|  order by: l_partkey ASC, l_quantity ASC, l_orderkey ASC, rk ASC
|  limit: 100
|  mem-estimate=16.00KB mem-reservation=0B thread-reservation=0
|  tuple-ids=4 row-size=32B cardinality=100
|  in pipelines: 04(GETNEXT)
|
F01:PLAN FRAGMENT [HASH(l_partkey)] hosts=3 instances=3
Per-Host Resources: mem-estimate=4.02MB mem-reservation=4.00MB thread-reservation=1
04:TOP-N [LIMIT=100]
|  order by: l_partkey ASC, l_quantity ASC, l_orderkey ASC, rk ASC
|  mem-estimate=3.12KB mem-reservation=0B thread-reservation=0
|  tuple-ids=4 row-size=32B cardinality=100
|  in pipelines: 04(GETNEXT), 06(OPEN)
|
03:SELECT
|  predicates: rank() <= CAST(100 AS BIGINT)
|  mem-estimate=0B mem-reservation=0B thread-reservation=0
|  tuple-ids=8,7 row-size=32B cardinality=200
|  in pipelines: 06(GETNEXT)
|
02:ANALYTIC
|  functions: rank()
|  partition by: l_partkey
|  order by: l_orderkey DESC
|  window: RANGE BETWEEN UNBOUNDED PRECEDING AND CURRENT ROW
|  mem-estimate=4.00MB mem-reservation=4.00MB spill-buffer=2.00MB thread-reservation=0
|  tuple-ids=8,7 row-size=32B cardinality=200
|  in pipelines: 06(GETNEXT)
|
06:TOP-N
|  order by: l_partkey ASC NULLS LAST, l_orderkey DESC
|  limit with ties: 200
|  mem-estimate=4.69KB mem-reservation=0B thread-reservation=0
|  tuple-ids=8 row-size=24B cardinality=200
|  in pipelines: 06(GETNEXT), 01(OPEN)
|
05:EXCHANGE [HASH(l_partkey)]
|  mem-estimate=17.97KB mem-reservation=0B thread-reservation=0
|  tuple-ids=8 row-size=24B cardinality=200
|  in pipelines: 01(GETNEXT)
|
F00:PLAN FRAGMENT [RANDOM] hosts=3 instances=3
Per-Host Resources: mem-estimate=80.00MB mem-reservation=16.00MB thread-reservation=2
01:TOP-N
|  order by: l_partkey ASC NULLS LAST, l_orderkey DESC
|  limit with ties: 200
|  source expr: rank() <= CAST(100 AS BIGINT)
|  mem-estimate=4.69KB mem-reservation=0B thread-reservation=0
|  tuple-ids=8 row-size=24B cardinality=200
|  in pipelines: 01(GETNEXT), 00(OPEN)
|
00:SCAN HDFS [tpch_parquet.lineitem, RANDOM]
   HDFS partitions=1/1 files=3 size=193.99MB
   stored statistics:
     table: rows=6.00M size=193.99MB
     columns: all
   extrapolated-rows=disabled max-scan-range-rows=2.14M
   mem-estimate=80.00MB mem-reservation=16.00MB thread-reservation=1
   tuple-ids=0 row-size=24B cardinality=6.00M
   in pipelines: 00(GETNEXT)
====
