# Q78
with ws as
  (select d_year AS ws_sold_year, ws_item_sk,
    ws_bill_customer_sk ws_customer_sk,
    sum(ws_quantity) ws_qty,
    sum(ws_wholesale_cost) ws_wc,
    sum(ws_sales_price) ws_sp
   from web_sales
   left join web_returns on wr_order_number=ws_order_number and ws_item_sk=wr_item_sk
   join date_dim on ws_sold_date_sk = d_date_sk
   where wr_order_number is null
   group by d_year, ws_item_sk, ws_bill_customer_sk
   ),
cs as
  (select d_year AS cs_sold_year, cs_item_sk,
    cs_bill_customer_sk cs_customer_sk,
    sum(cs_quantity) cs_qty,
    sum(cs_wholesale_cost) cs_wc,
    sum(cs_sales_price) cs_sp
   from catalog_sales
   left join catalog_returns on cr_order_number=cs_order_number and cs_item_sk=cr_item_sk
   join date_dim on cs_sold_date_sk = d_date_sk
   where cr_order_number is null
   group by d_year, cs_item_sk, cs_bill_customer_sk
   ),
ss as
  (select d_year AS ss_sold_year, ss_item_sk,
    ss_customer_sk,
    sum(ss_quantity) ss_qty,
    sum(ss_wholesale_cost) ss_wc,
    sum(ss_sales_price) ss_sp
   from store_sales
   left join store_returns on sr_ticket_number=ss_ticket_number and ss_item_sk=sr_item_sk
   join date_dim on ss_sold_date_sk = d_date_sk
   where sr_ticket_number is null
   group by d_year, ss_item_sk, ss_customer_sk
   )
 select
ss_sold_year, ss_item_sk, ss_customer_sk,
round(ss_qty/(coalesce(ws_qty,0)+coalesce(cs_qty,0)),2) ratio,
ss_qty store_qty, ss_wc store_wholesale_cost, ss_sp store_sales_price,
coalesce(ws_qty,0)+coalesce(cs_qty,0) other_chan_qty,
coalesce(ws_wc,0)+coalesce(cs_wc,0) other_chan_wholesale_cost,
coalesce(ws_sp,0)+coalesce(cs_sp,0) other_chan_sales_price
from ss
left join ws on (ws_sold_year=ss_sold_year and ws_item_sk=ss_item_sk and ws_customer_sk=ss_customer_sk)
left join cs on (cs_sold_year=ss_sold_year and cs_item_sk=ss_item_sk and cs_customer_sk=ss_customer_sk)
where (coalesce(ws_qty,0)>0 or coalesce(cs_qty, 0)>0) and ss_sold_year=2002
order by
  ss_sold_year, ss_item_sk, ss_customer_sk,
  ss_qty desc, ss_wc desc, ss_sp desc,
  other_chan_qty,
  other_chan_wholesale_cost,
  other_chan_sales_price,
  round(ss_qty/(coalesce(ws_qty+cs_qty,1)),2)
limit 100
---- QUERYOPTIONS
mt_dop=12
use_dop_for_costing=true
broadcast_to_partition_factor=4.0
---- PLAN
PLAN-ROOT SINK
|
20:TOP-N [LIMIT=100]
|  order by: ss_sold_year ASC, ss_item_sk ASC, ss_customer_sk ASC, ss_qty DESC, ss_wc DESC, ss_sp DESC, coalesce(ws_qty, 0) + coalesce(cs_qty, 0) ASC, coalesce(ws_wc, 0) + coalesce(cs_wc, 0) ASC, coalesce(ws_sp, 0) + coalesce(cs_sp, 0) ASC, round(ss_qty / (coalesce(ws_qty + cs_qty, 1)), 2) ASC
|  row-size=104B cardinality=100
|
19:HASH JOIN [RIGHT OUTER JOIN]
|  hash predicates: d_year = d_year, cs_bill_customer_sk = ss_customer_sk, cs_item_sk = ss_item_sk
|  other predicates: (coalesce(sum(ws_quantity), 0) > 0 OR coalesce(sum(cs_quantity), 0) > 0)
|  runtime filters: RF000 <- d_year, RF001 <- ss_customer_sk, RF002 <- ss_item_sk
|  row-size=168B cardinality=3.00K
|
|--18:HASH JOIN [RIGHT OUTER JOIN]
|  |  hash predicates: d_year = d_year, ws_bill_customer_sk = ss_customer_sk, ws_item_sk = ss_item_sk
|  |  runtime filters: RF008 <- d_year, RF009 <- ss_customer_sk, RF010 <- ss_item_sk
|  |  row-size=112B cardinality=3.00K
|  |
|  |--05:AGGREGATE [FINALIZE]
|  |  |  output: sum(ss_quantity), sum(ss_wholesale_cost), sum(ss_sales_price)
|  |  |  group by: d_year, ss_item_sk, ss_customer_sk
|  |  |  having: d_year = 2002
|  |  |  row-size=56B cardinality=3.00K
|  |  |
|  |  04:HASH JOIN [INNER JOIN]
|  |  |  hash predicates: ss_sold_date_sk = d_date_sk
|  |  |  runtime filters: RF016 <- d_date_sk
|  |  |  row-size=60B cardinality=589.03K
|  |  |
|  |  |--02:SCAN HDFS [tpcds.date_dim]
|  |  |     HDFS partitions=1/1 files=1 size=9.84MB
|  |  |     predicates: tpcds.date_dim.d_year = 2002
|  |  |     row-size=8B cardinality=373
|  |  |
|  |  03:HASH JOIN [LEFT OUTER JOIN]
|  |  |  hash predicates: ss_item_sk = sr_item_sk, ss_ticket_number = sr_ticket_number
|  |  |  other predicates: sr_ticket_number IS NULL
|  |  |  row-size=52B cardinality=2.88M
|  |  |
|  |  |--01:SCAN HDFS [tpcds.store_returns]
|  |  |     HDFS partitions=1/1 files=1 size=31.19MB
|  |  |     row-size=16B cardinality=287.51K
|  |  |
|  |  00:SCAN HDFS [tpcds.store_sales]
|  |     HDFS partitions=1824/1824 files=1824 size=346.60MB
|  |     runtime filters: RF016 -> ss_sold_date_sk
|  |     row-size=36B cardinality=2.88M
|  |
|  11:AGGREGATE [FINALIZE]
|  |  output: sum(ws_quantity), sum(ws_wholesale_cost), sum(ws_sales_price)
|  |  group by: d_year, ws_item_sk, ws_bill_customer_sk
|  |  row-size=56B cardinality=148.00K
|  |
|  10:HASH JOIN [INNER JOIN]
|  |  hash predicates: ws_sold_date_sk = d_date_sk
|  |  runtime filters: RF014 <- d_date_sk
|  |  row-size=60B cardinality=148.00K
|  |
|  |--08:SCAN HDFS [tpcds.date_dim]
|  |     HDFS partitions=1/1 files=1 size=9.84MB
|  |     predicates: tpcds.date_dim.d_year = 2002
|  |     runtime filters: RF008 -> tpcds.date_dim.d_year
|  |     row-size=8B cardinality=373
|  |
|  09:HASH JOIN [LEFT OUTER JOIN]
|  |  hash predicates: ws_item_sk = wr_item_sk, ws_order_number = wr_order_number
|  |  other predicates: wr_order_number IS NULL
|  |  row-size=52B cardinality=719.38K
|  |
|  |--07:SCAN HDFS [tpcds.web_returns]
|  |     HDFS partitions=1/1 files=1 size=9.35MB
|  |     runtime filters: RF010 -> tpcds.web_returns.wr_item_sk
|  |     row-size=16B cardinality=71.76K
|  |
|  06:SCAN HDFS [tpcds.web_sales]
|     HDFS partitions=1/1 files=1 size=140.07MB
|     runtime filters: RF009 -> tpcds.web_sales.ws_bill_customer_sk, RF010 -> tpcds.web_sales.ws_item_sk, RF014 -> ws_sold_date_sk
|     row-size=36B cardinality=719.38K
|
17:AGGREGATE [FINALIZE]
|  output: sum(cs_quantity), sum(cs_wholesale_cost), sum(cs_sales_price)
|  group by: d_year, cs_item_sk, cs_bill_customer_sk
|  row-size=56B cardinality=294.63K
|
16:HASH JOIN [INNER JOIN]
|  hash predicates: cs_sold_date_sk = d_date_sk
|  runtime filters: RF006 <- d_date_sk
|  row-size=60B cardinality=294.63K
|
|--14:SCAN HDFS [tpcds.date_dim]
|     HDFS partitions=1/1 files=1 size=9.84MB
|     predicates: tpcds.date_dim.d_year = 2002
|     runtime filters: RF000 -> tpcds.date_dim.d_year
|     row-size=8B cardinality=373
|
15:HASH JOIN [LEFT OUTER JOIN]
|  hash predicates: cs_item_sk = cr_item_sk, cs_order_number = cr_order_number
|  other predicates: cr_order_number IS NULL
|  row-size=52B cardinality=1.44M
|
|--13:SCAN HDFS [tpcds.catalog_returns]
|     HDFS partitions=1/1 files=1 size=20.39MB
|     runtime filters: RF002 -> tpcds.catalog_returns.cr_item_sk
|     row-size=16B cardinality=144.07K
|
12:SCAN HDFS [tpcds.catalog_sales]
   HDFS partitions=1/1 files=1 size=282.20MB
   runtime filters: RF001 -> tpcds.catalog_sales.cs_bill_customer_sk, RF002 -> tpcds.catalog_sales.cs_item_sk, RF006 -> cs_sold_date_sk
   row-size=36B cardinality=1.44M
---- DISTRIBUTEDPLAN
PLAN-ROOT SINK
|
36:MERGING-EXCHANGE [UNPARTITIONED]
|  order by: ss_sold_year ASC, ss_item_sk ASC, ss_customer_sk ASC, ss_qty DESC, ss_wc DESC, ss_sp DESC, coalesce(ws_qty, 0) + coalesce(cs_qty, 0) ASC, coalesce(ws_wc, 0) + coalesce(cs_wc, 0) ASC, coalesce(ws_sp, 0) + coalesce(cs_sp, 0) ASC, round(ss_qty / (coalesce(ws_qty + cs_qty, 1)), 2) ASC
|  limit: 100
|
20:TOP-N [LIMIT=100]
|  order by: ss_sold_year ASC, ss_item_sk ASC, ss_customer_sk ASC, ss_qty DESC, ss_wc DESC, ss_sp DESC, coalesce(ws_qty, 0) + coalesce(cs_qty, 0) ASC, coalesce(ws_wc, 0) + coalesce(cs_wc, 0) ASC, coalesce(ws_sp, 0) + coalesce(cs_sp, 0) ASC, round(ss_qty / (coalesce(ws_qty + cs_qty, 1)), 2) ASC
|  row-size=104B cardinality=100
|
19:HASH JOIN [RIGHT OUTER JOIN, PARTITIONED]
|  hash predicates: d_year = d_year, cs_bill_customer_sk = ss_customer_sk, cs_item_sk = ss_item_sk
|  other predicates: (coalesce(sum(ws_quantity), 0) > 0 OR coalesce(sum(cs_quantity), 0) > 0)
|  row-size=168B cardinality=3.00K
|
|--JOIN BUILD
|  |  join-table-id=00 plan-id=01 cohort-id=01
|  |  build expressions: d_year, ss_customer_sk, ss_item_sk
|  |  runtime filters: RF000 <- d_year, RF001 <- ss_customer_sk, RF002 <- ss_item_sk
|  |
|  35:EXCHANGE [HASH(d_year,ss_item_sk,ss_customer_sk)]
|  |
|  18:HASH JOIN [RIGHT OUTER JOIN, PARTITIONED]
|  |  hash predicates: d_year = d_year, ws_bill_customer_sk = ss_customer_sk, ws_item_sk = ss_item_sk
|  |  row-size=112B cardinality=3.00K
|  |
|  |--JOIN BUILD
|  |  |  join-table-id=01 plan-id=02 cohort-id=02
|  |  |  build expressions: d_year, ss_customer_sk, ss_item_sk
|  |  |  runtime filters: RF008 <- d_year, RF009 <- ss_customer_sk, RF010 <- ss_item_sk
|  |  |
|  |  34:EXCHANGE [HASH(d_year,ss_item_sk,ss_customer_sk)]
|  |  |
|  |  33:AGGREGATE [FINALIZE]
|  |  |  output: sum:merge(ss_quantity), sum:merge(ss_wholesale_cost), sum:merge(ss_sales_price)
|  |  |  group by: d_year, ss_item_sk, ss_customer_sk
|  |  |  having: d_year = 2002
|  |  |  row-size=56B cardinality=3.00K
|  |  |
|  |  32:EXCHANGE [HASH(d_year,ss_item_sk,ss_customer_sk)]
|  |  |
|  |  05:AGGREGATE [STREAMING]
|  |  |  output: sum(ss_quantity), sum(ss_wholesale_cost), sum(ss_sales_price)
|  |  |  group by: d_year, ss_item_sk, ss_customer_sk
|  |  |  row-size=56B cardinality=589.03K
|  |  |
|  |  04:HASH JOIN [INNER JOIN, BROADCAST]
|  |  |  hash predicates: ss_sold_date_sk = d_date_sk
|  |  |  row-size=60B cardinality=589.03K
|  |  |
|  |  |--JOIN BUILD
|  |  |  |  join-table-id=02 plan-id=03 cohort-id=03
|  |  |  |  build expressions: d_date_sk
|  |  |  |  runtime filters: RF016 <- d_date_sk
|  |  |  |
|  |  |  31:EXCHANGE [BROADCAST]
|  |  |  |
|  |  |  02:SCAN HDFS [tpcds.date_dim]
|  |  |     HDFS partitions=1/1 files=1 size=9.84MB
|  |  |     predicates: tpcds.date_dim.d_year = 2002
|  |  |     row-size=8B cardinality=373
|  |  |
|  |  03:HASH JOIN [LEFT OUTER JOIN, PARTITIONED]
|  |  |  hash predicates: ss_item_sk = sr_item_sk, ss_ticket_number = sr_ticket_number
|  |  |  other predicates: sr_ticket_number IS NULL
|  |  |  row-size=52B cardinality=2.88M
|  |  |
|  |  |--JOIN BUILD
|  |  |  |  join-table-id=03 plan-id=04 cohort-id=03
|  |  |  |  build expressions: sr_item_sk, sr_ticket_number
|  |  |  |
|  |  |  30:EXCHANGE [HASH(sr_item_sk,sr_ticket_number)]
|  |  |  |
|  |  |  01:SCAN HDFS [tpcds.store_returns]
|  |  |     HDFS partitions=1/1 files=1 size=31.19MB
|  |  |     row-size=16B cardinality=287.51K
|  |  |
|  |  29:EXCHANGE [HASH(ss_item_sk,ss_ticket_number)]
|  |  |
|  |  00:SCAN HDFS [tpcds.store_sales]
|  |     HDFS partitions=1824/1824 files=1824 size=346.60MB
|  |     runtime filters: RF016 -> ss_sold_date_sk
|  |     row-size=36B cardinality=2.88M
|  |
|  28:AGGREGATE [FINALIZE]
|  |  output: sum:merge(ws_quantity), sum:merge(ws_wholesale_cost), sum:merge(ws_sales_price)
|  |  group by: d_year, ws_item_sk, ws_bill_customer_sk
|  |  row-size=56B cardinality=148.00K
|  |
|  27:EXCHANGE [HASH(d_year,ws_item_sk,ws_bill_customer_sk)]
|  |
|  11:AGGREGATE [STREAMING]
|  |  output: sum(ws_quantity), sum(ws_wholesale_cost), sum(ws_sales_price)
|  |  group by: d_year, ws_item_sk, ws_bill_customer_sk
|  |  row-size=56B cardinality=148.00K
|  |
|  10:HASH JOIN [INNER JOIN, BROADCAST]
|  |  hash predicates: ws_sold_date_sk = d_date_sk
|  |  row-size=60B cardinality=148.00K
|  |
|  |--JOIN BUILD
|  |  |  join-table-id=04 plan-id=05 cohort-id=02
|  |  |  build expressions: d_date_sk
|  |  |  runtime filters: RF014 <- d_date_sk
|  |  |
|  |  26:EXCHANGE [BROADCAST]
|  |  |
|  |  08:SCAN HDFS [tpcds.date_dim]
|  |     HDFS partitions=1/1 files=1 size=9.84MB
|  |     predicates: tpcds.date_dim.d_year = 2002
|  |     runtime filters: RF008 -> tpcds.date_dim.d_year
|  |     row-size=8B cardinality=373
|  |
|  09:HASH JOIN [LEFT OUTER JOIN, BROADCAST]
|  |  hash predicates: ws_item_sk = wr_item_sk, ws_order_number = wr_order_number
|  |  other predicates: wr_order_number IS NULL
|  |  row-size=52B cardinality=719.38K
|  |
|  |--JOIN BUILD
|  |  |  join-table-id=05 plan-id=06 cohort-id=02
|  |  |  build expressions: wr_item_sk, wr_order_number
|  |  |
|  |  25:EXCHANGE [BROADCAST]
|  |  |
|  |  07:SCAN HDFS [tpcds.web_returns]
|  |     HDFS partitions=1/1 files=1 size=9.35MB
|  |     runtime filters: RF010 -> tpcds.web_returns.wr_item_sk
|  |     row-size=16B cardinality=71.76K
|  |
|  06:SCAN HDFS [tpcds.web_sales]
|     HDFS partitions=1/1 files=1 size=140.07MB
|     runtime filters: RF009 -> tpcds.web_sales.ws_bill_customer_sk, RF010 -> tpcds.web_sales.ws_item_sk, RF014 -> ws_sold_date_sk
|     row-size=36B cardinality=719.38K
|
24:AGGREGATE [FINALIZE]
|  output: sum:merge(cs_quantity), sum:merge(cs_wholesale_cost), sum:merge(cs_sales_price)
|  group by: d_year, cs_item_sk, cs_bill_customer_sk
|  row-size=56B cardinality=294.63K
|
23:EXCHANGE [HASH(d_year,cs_item_sk,cs_bill_customer_sk)]
|
17:AGGREGATE [STREAMING]
|  output: sum(cs_quantity), sum(cs_wholesale_cost), sum(cs_sales_price)
|  group by: d_year, cs_item_sk, cs_bill_customer_sk
|  row-size=56B cardinality=294.63K
|
16:HASH JOIN [INNER JOIN, BROADCAST]
|  hash predicates: cs_sold_date_sk = d_date_sk
|  row-size=60B cardinality=294.63K
|
|--JOIN BUILD
|  |  join-table-id=06 plan-id=07 cohort-id=01
|  |  build expressions: d_date_sk
|  |  runtime filters: RF006 <- d_date_sk
|  |
|  22:EXCHANGE [BROADCAST]
|  |
|  14:SCAN HDFS [tpcds.date_dim]
|     HDFS partitions=1/1 files=1 size=9.84MB
|     predicates: tpcds.date_dim.d_year = 2002
|     runtime filters: RF000 -> tpcds.date_dim.d_year
|     row-size=8B cardinality=373
|
15:HASH JOIN [LEFT OUTER JOIN, BROADCAST]
|  hash predicates: cs_item_sk = cr_item_sk, cs_order_number = cr_order_number
|  other predicates: cr_order_number IS NULL
|  row-size=52B cardinality=1.44M
|
|--JOIN BUILD
|  |  join-table-id=07 plan-id=08 cohort-id=01
|  |  build expressions: cr_item_sk, cr_order_number
|  |
|  21:EXCHANGE [BROADCAST]
|  |
|  13:SCAN HDFS [tpcds.catalog_returns]
|     HDFS partitions=1/1 files=1 size=20.39MB
|     runtime filters: RF002 -> tpcds.catalog_returns.cr_item_sk
|     row-size=16B cardinality=144.07K
|
12:SCAN HDFS [tpcds.catalog_sales]
   HDFS partitions=1/1 files=1 size=282.20MB
   runtime filters: RF001 -> tpcds.catalog_sales.cs_bill_customer_sk, RF002 -> tpcds.catalog_sales.cs_item_sk, RF006 -> cs_sold_date_sk
   row-size=36B cardinality=1.44M
---- PARALLELPLANS
PLAN-ROOT SINK
|
36:MERGING-EXCHANGE [UNPARTITIONED]
|  order by: ss_sold_year ASC, ss_item_sk ASC, ss_customer_sk ASC, ss_qty DESC, ss_wc DESC, ss_sp DESC, coalesce(ws_qty, 0) + coalesce(cs_qty, 0) ASC, coalesce(ws_wc, 0) + coalesce(cs_wc, 0) ASC, coalesce(ws_sp, 0) + coalesce(cs_sp, 0) ASC, round(ss_qty / (coalesce(ws_qty + cs_qty, 1)), 2) ASC
|  limit: 100
|
20:TOP-N [LIMIT=100]
|  order by: ss_sold_year ASC, ss_item_sk ASC, ss_customer_sk ASC, ss_qty DESC, ss_wc DESC, ss_sp DESC, coalesce(ws_qty, 0) + coalesce(cs_qty, 0) ASC, coalesce(ws_wc, 0) + coalesce(cs_wc, 0) ASC, coalesce(ws_sp, 0) + coalesce(cs_sp, 0) ASC, round(ss_qty / (coalesce(ws_qty + cs_qty, 1)), 2) ASC
|  row-size=104B cardinality=100
|
19:HASH JOIN [RIGHT OUTER JOIN, PARTITIONED]
|  hash predicates: d_year = d_year, cs_bill_customer_sk = ss_customer_sk, cs_item_sk = ss_item_sk
|  other predicates: (coalesce(sum(ws_quantity), 0) > 0 OR coalesce(sum(cs_quantity), 0) > 0)
|  row-size=168B cardinality=3.00K
|
|--JOIN BUILD
|  |  join-table-id=00 plan-id=01 cohort-id=01
|  |  build expressions: d_year, ss_customer_sk, ss_item_sk
|  |  runtime filters: RF000 <- d_year, RF001 <- ss_customer_sk, RF002 <- ss_item_sk
|  |
|  35:EXCHANGE [HASH(d_year,ss_item_sk,ss_customer_sk)]
|  |
|  18:HASH JOIN [RIGHT OUTER JOIN, PARTITIONED]
|  |  hash predicates: d_year = d_year, ws_bill_customer_sk = ss_customer_sk, ws_item_sk = ss_item_sk
|  |  row-size=112B cardinality=3.00K
|  |
|  |--JOIN BUILD
|  |  |  join-table-id=01 plan-id=02 cohort-id=02
|  |  |  build expressions: d_year, ss_customer_sk, ss_item_sk
|  |  |  runtime filters: RF008 <- d_year, RF009 <- ss_customer_sk, RF010 <- ss_item_sk
|  |  |
|  |  34:EXCHANGE [HASH(d_year,ss_item_sk,ss_customer_sk)]
|  |  |
|  |  33:AGGREGATE [FINALIZE]
|  |  |  output: sum:merge(ss_quantity), sum:merge(ss_wholesale_cost), sum:merge(ss_sales_price)
|  |  |  group by: d_year, ss_item_sk, ss_customer_sk
|  |  |  having: d_year = 2002
|  |  |  row-size=56B cardinality=3.00K
|  |  |
|  |  32:EXCHANGE [HASH(d_year,ss_item_sk,ss_customer_sk)]
|  |  |
|  |  05:AGGREGATE [STREAMING]
|  |  |  output: sum(ss_quantity), sum(ss_wholesale_cost), sum(ss_sales_price)
|  |  |  group by: d_year, ss_item_sk, ss_customer_sk
|  |  |  row-size=56B cardinality=589.03K
|  |  |
|  |  04:HASH JOIN [INNER JOIN, BROADCAST]
|  |  |  hash predicates: ss_sold_date_sk = d_date_sk
|  |  |  row-size=60B cardinality=589.03K
|  |  |
|  |  |--JOIN BUILD
|  |  |  |  join-table-id=02 plan-id=03 cohort-id=03
|  |  |  |  build expressions: d_date_sk
|  |  |  |  runtime filters: RF016 <- d_date_sk
|  |  |  |
|  |  |  31:EXCHANGE [BROADCAST]
|  |  |  |
|  |  |  02:SCAN HDFS [tpcds.date_dim]
|  |  |     HDFS partitions=1/1 files=1 size=9.84MB
|  |  |     predicates: tpcds.date_dim.d_year = 2002
|  |  |     row-size=8B cardinality=373
|  |  |
|  |  03:HASH JOIN [LEFT OUTER JOIN, PARTITIONED]
|  |  |  hash predicates: ss_item_sk = sr_item_sk, ss_ticket_number = sr_ticket_number
|  |  |  other predicates: sr_ticket_number IS NULL
|  |  |  row-size=52B cardinality=2.88M
|  |  |
|  |  |--JOIN BUILD
|  |  |  |  join-table-id=03 plan-id=04 cohort-id=03
|  |  |  |  build expressions: sr_item_sk, sr_ticket_number
|  |  |  |
|  |  |  30:EXCHANGE [HASH(sr_item_sk,sr_ticket_number)]
|  |  |  |
|  |  |  01:SCAN HDFS [tpcds.store_returns]
|  |  |     HDFS partitions=1/1 files=1 size=31.19MB
|  |  |     row-size=16B cardinality=287.51K
|  |  |
|  |  29:EXCHANGE [HASH(ss_item_sk,ss_ticket_number)]
|  |  |
|  |  00:SCAN HDFS [tpcds.store_sales]
|  |     HDFS partitions=1824/1824 files=1824 size=346.60MB
|  |     runtime filters: RF016 -> ss_sold_date_sk
|  |     row-size=36B cardinality=2.88M
|  |
|  28:AGGREGATE [FINALIZE]
|  |  output: sum:merge(ws_quantity), sum:merge(ws_wholesale_cost), sum:merge(ws_sales_price)
|  |  group by: d_year, ws_item_sk, ws_bill_customer_sk
|  |  row-size=56B cardinality=148.00K
|  |
|  27:EXCHANGE [HASH(d_year,ws_item_sk,ws_bill_customer_sk)]
|  |
|  11:AGGREGATE [STREAMING]
|  |  output: sum(ws_quantity), sum(ws_wholesale_cost), sum(ws_sales_price)
|  |  group by: d_year, ws_item_sk, ws_bill_customer_sk
|  |  row-size=56B cardinality=148.00K
|  |
|  10:HASH JOIN [INNER JOIN, BROADCAST]
|  |  hash predicates: ws_sold_date_sk = d_date_sk
|  |  row-size=60B cardinality=148.00K
|  |
|  |--JOIN BUILD
|  |  |  join-table-id=04 plan-id=05 cohort-id=02
|  |  |  build expressions: d_date_sk
|  |  |  runtime filters: RF014 <- d_date_sk
|  |  |
|  |  26:EXCHANGE [BROADCAST]
|  |  |
|  |  08:SCAN HDFS [tpcds.date_dim]
|  |     HDFS partitions=1/1 files=1 size=9.84MB
|  |     predicates: tpcds.date_dim.d_year = 2002
|  |     runtime filters: RF008 -> tpcds.date_dim.d_year
|  |     row-size=8B cardinality=373
|  |
|  09:HASH JOIN [LEFT OUTER JOIN, BROADCAST]
|  |  hash predicates: ws_item_sk = wr_item_sk, ws_order_number = wr_order_number
|  |  other predicates: wr_order_number IS NULL
|  |  row-size=52B cardinality=719.38K
|  |
|  |--JOIN BUILD
|  |  |  join-table-id=05 plan-id=06 cohort-id=02
|  |  |  build expressions: wr_item_sk, wr_order_number
|  |  |
|  |  25:EXCHANGE [BROADCAST]
|  |  |
|  |  07:SCAN HDFS [tpcds.web_returns]
|  |     HDFS partitions=1/1 files=1 size=9.35MB
|  |     runtime filters: RF010 -> tpcds.web_returns.wr_item_sk
|  |     row-size=16B cardinality=71.76K
|  |
|  06:SCAN HDFS [tpcds.web_sales]
|     HDFS partitions=1/1 files=1 size=140.07MB
|     runtime filters: RF009 -> tpcds.web_sales.ws_bill_customer_sk, RF010 -> tpcds.web_sales.ws_item_sk, RF014 -> ws_sold_date_sk
|     row-size=36B cardinality=719.38K
|
24:AGGREGATE [FINALIZE]
|  output: sum:merge(cs_quantity), sum:merge(cs_wholesale_cost), sum:merge(cs_sales_price)
|  group by: d_year, cs_item_sk, cs_bill_customer_sk
|  row-size=56B cardinality=294.63K
|
23:EXCHANGE [HASH(d_year,cs_item_sk,cs_bill_customer_sk)]
|
17:AGGREGATE [STREAMING]
|  output: sum(cs_quantity), sum(cs_wholesale_cost), sum(cs_sales_price)
|  group by: d_year, cs_item_sk, cs_bill_customer_sk
|  row-size=56B cardinality=294.63K
|
16:HASH JOIN [INNER JOIN, BROADCAST]
|  hash predicates: cs_sold_date_sk = d_date_sk
|  row-size=60B cardinality=294.63K
|
|--JOIN BUILD
|  |  join-table-id=06 plan-id=07 cohort-id=01
|  |  build expressions: d_date_sk
|  |  runtime filters: RF006 <- d_date_sk
|  |
|  22:EXCHANGE [BROADCAST]
|  |
|  14:SCAN HDFS [tpcds.date_dim]
|     HDFS partitions=1/1 files=1 size=9.84MB
|     predicates: tpcds.date_dim.d_year = 2002
|     runtime filters: RF000 -> tpcds.date_dim.d_year
|     row-size=8B cardinality=373
|
15:HASH JOIN [LEFT OUTER JOIN, BROADCAST]
|  hash predicates: cs_item_sk = cr_item_sk, cs_order_number = cr_order_number
|  other predicates: cr_order_number IS NULL
|  row-size=52B cardinality=1.44M
|
|--JOIN BUILD
|  |  join-table-id=07 plan-id=08 cohort-id=01
|  |  build expressions: cr_item_sk, cr_order_number
|  |
|  21:EXCHANGE [BROADCAST]
|  |
|  13:SCAN HDFS [tpcds.catalog_returns]
|     HDFS partitions=1/1 files=1 size=20.39MB
|     runtime filters: RF002 -> tpcds.catalog_returns.cr_item_sk
|     row-size=16B cardinality=144.07K
|
12:SCAN HDFS [tpcds.catalog_sales]
   HDFS partitions=1/1 files=1 size=282.20MB
   runtime filters: RF001 -> tpcds.catalog_sales.cs_bill_customer_sk, RF002 -> tpcds.catalog_sales.cs_item_sk, RF006 -> cs_sold_date_sk
   row-size=36B cardinality=1.44M
====
