# TPCDS-Q58
# start query 58 in stream 0 using template query58.tpl using seed 1622098664
with ss_items as
 (select i_item_id item_id
        ,sum(ss_ext_sales_price) ss_item_rev
 from store_sales
     ,item
     ,date_dim
 where ss_item_sk = i_item_sk
   and d_date in (select d_date
                  from date_dim
                  where d_week_seq = (select d_week_seq
                                      from date_dim
                                      where d_date = '2000-03-26'))
   and ss_sold_date_sk   = d_date_sk
 group by i_item_id),
 cs_items as
 (select i_item_id item_id
        ,sum(cs_ext_sales_price) cs_item_rev
  from catalog_sales
      ,item
      ,date_dim
 where cs_item_sk = i_item_sk
  and  d_date in (select d_date
                  from date_dim
                  where d_week_seq = (select d_week_seq
                                      from date_dim
                                      where d_date = '2000-03-26'))
  and  cs_sold_date_sk = d_date_sk
 group by i_item_id),
 ws_items as
 (select i_item_id item_id
        ,sum(ws_ext_sales_price) ws_item_rev
  from web_sales
      ,item
      ,date_dim
 where ws_item_sk = i_item_sk
  and  d_date in (select d_date
                  from date_dim
                  where d_week_seq =(select d_week_seq
                                     from date_dim
                                     where d_date = '2000-03-26'))
  and ws_sold_date_sk   = d_date_sk
 group by i_item_id)
  select  ss_items.item_id
       ,ss_item_rev
       ,ss_item_rev/((ss_item_rev+cs_item_rev+ws_item_rev)/3) * 100 ss_dev
       ,cs_item_rev
       ,cs_item_rev/((ss_item_rev+cs_item_rev+ws_item_rev)/3) * 100 cs_dev
       ,ws_item_rev
       ,ws_item_rev/((ss_item_rev+cs_item_rev+ws_item_rev)/3) * 100 ws_dev
       ,(ss_item_rev+cs_item_rev+ws_item_rev)/3 average
 from ss_items,cs_items,ws_items
 where ss_items.item_id=cs_items.item_id
   and ss_items.item_id=ws_items.item_id
   and ss_item_rev between 0.9 * cs_item_rev and 1.1 * cs_item_rev
   and ss_item_rev between 0.9 * ws_item_rev and 1.1 * ws_item_rev
   and cs_item_rev between 0.9 * ss_item_rev and 1.1 * ss_item_rev
   and cs_item_rev between 0.9 * ws_item_rev and 1.1 * ws_item_rev
   and ws_item_rev between 0.9 * ss_item_rev and 1.1 * ss_item_rev
   and ws_item_rev between 0.9 * cs_item_rev and 1.1 * cs_item_rev
 order by item_id
         ,ss_item_rev
 limit 100

# end query 58 in stream 0 using template query58.tpl
---- PLAN
Max Per-Host Resource Reservation: Memory=183.94MB Threads=1
Per-Host Resource Estimates: Memory=366MB
F00:PLAN FRAGMENT [UNPARTITIONED] hosts=1 instances=1
|  Per-Instance Resources: mem-estimate=366.25MB mem-reservation=183.94MB thread-reservation=1 runtime-filters-memory=10.00MB
|  max-parallelism=1 segment-costs=[10467, 2877995379, 10467, 10992019378, 10467, 5727963270, 371360, 800]
PLAN-ROOT SINK
|  output exprs: tpcds_partitioned_parquet_snap.item_1.i_item_id, sum(tpcds_partitioned_parquet_snap.store_sales.ss_ext_sales_price), multiply(divide(sum(tpcds_partitioned_parquet_snap.store_sales.ss_ext_sales_price), divide(add(add(sum(tpcds_partitioned_parquet_snap.store_sales.ss_ext_sales_price), sum(tpcds_partitioned_parquet_snap.catalog_sales.cs_ext_sales_price)), sum(tpcds_partitioned_parquet_snap.web_sales.ws_ext_sales_price)), CAST(3 AS DECIMAL(3,0)))), CAST(100 AS DECIMAL(3,0))), sum(tpcds_partitioned_parquet_snap.catalog_sales.cs_ext_sales_price), multiply(divide(sum(tpcds_partitioned_parquet_snap.catalog_sales.cs_ext_sales_price), divide(add(add(sum(tpcds_partitioned_parquet_snap.store_sales.ss_ext_sales_price), sum(tpcds_partitioned_parquet_snap.catalog_sales.cs_ext_sales_price)), sum(tpcds_partitioned_parquet_snap.web_sales.ws_ext_sales_price)), CAST(3 AS DECIMAL(3,0)))), CAST(100 AS DECIMAL(3,0))), sum(tpcds_partitioned_parquet_snap.web_sales.ws_ext_sales_price), multiply(divide(sum(tpcds_partitioned_parquet_snap.web_sales.ws_ext_sales_price), divide(add(add(sum(tpcds_partitioned_parquet_snap.store_sales.ss_ext_sales_price), sum(tpcds_partitioned_parquet_snap.catalog_sales.cs_ext_sales_price)), sum(tpcds_partitioned_parquet_snap.web_sales.ws_ext_sales_price)), CAST(3 AS DECIMAL(3,0)))), CAST(100 AS DECIMAL(3,0))), divide(add(add(sum(tpcds_partitioned_parquet_snap.store_sales.ss_ext_sales_price), sum(tpcds_partitioned_parquet_snap.catalog_sales.cs_ext_sales_price)), sum(tpcds_partitioned_parquet_snap.web_sales.ws_ext_sales_price)), CAST(3 AS DECIMAL(3,0)))
|  mem-estimate=4.00MB mem-reservation=4.00MB spill-buffer=2.00MB thread-reservation=0 cost=800
|
35:TOP-N [LIMIT=100]
|  order by: tpcds_partitioned_parquet_snap.item_1.i_item_id ASC NULLS LAST, sum(tpcds_partitioned_parquet_snap.store_sales.ss_ext_sales_price) ASC NULLS LAST
|  mem-estimate=7.42KB mem-reservation=0B thread-reservation=0
|  tuple-ids=33 row-size=76B cardinality=100 cost=307206
|  in pipelines: 35(GETNEXT), 21(OPEN)
|
34:HASH JOIN [INNER JOIN]
|  hash predicates: tpcds_partitioned_parquet_snap.item_1.i_item_id = tpcds_partitioned_parquet_snap.item.i_item_id
|  fk/pk conjuncts: none
|  other join predicates: sum(tpcds_partitioned_parquet_snap.catalog_sales.cs_ext_sales_price) <= multiply(CAST(1.1 AS DECIMAL(2,1)), sum(tpcds_partitioned_parquet_snap.store_sales.ss_ext_sales_price)), sum(tpcds_partitioned_parquet_snap.catalog_sales.cs_ext_sales_price) <= multiply(CAST(1.1 AS DECIMAL(2,1)), sum(tpcds_partitioned_parquet_snap.web_sales.ws_ext_sales_price)), sum(tpcds_partitioned_parquet_snap.catalog_sales.cs_ext_sales_price) >= multiply(CAST(0.9 AS DECIMAL(2,1)), sum(tpcds_partitioned_parquet_snap.store_sales.ss_ext_sales_price)), sum(tpcds_partitioned_parquet_snap.catalog_sales.cs_ext_sales_price) >= multiply(CAST(0.9 AS DECIMAL(2,1)), sum(tpcds_partitioned_parquet_snap.web_sales.ws_ext_sales_price)), sum(tpcds_partitioned_parquet_snap.store_sales.ss_ext_sales_price) <= multiply(CAST(1.1 AS DECIMAL(2,1)), sum(tpcds_partitioned_parquet_snap.catalog_sales.cs_ext_sales_price)), sum(tpcds_partitioned_parquet_snap.store_sales.ss_ext_sales_price) >= multiply(CAST(0.9 AS DECIMAL(2,1)), sum(tpcds_partitioned_parquet_snap.catalog_sales.cs_ext_sales_price)), sum(tpcds_partitioned_parquet_snap.web_sales.ws_ext_sales_price) <= multiply(CAST(1.1 AS DECIMAL(2,1)), sum(tpcds_partitioned_parquet_snap.catalog_sales.cs_ext_sales_price)), sum(tpcds_partitioned_parquet_snap.web_sales.ws_ext_sales_price) >= multiply(CAST(0.9 AS DECIMAL(2,1)), sum(tpcds_partitioned_parquet_snap.catalog_sales.cs_ext_sales_price))
|  runtime filters: RF000[bloom] <- tpcds_partitioned_parquet_snap.item.i_item_id, RF001[min_max] <- tpcds_partitioned_parquet_snap.item.i_item_id
|  mem-estimate=2.88MB mem-reservation=2.88MB spill-buffer=128.00KB thread-reservation=0
|  tuple-ids=21,32,10 row-size=132B cardinality=36.00K cost=34314
|  in pipelines: 21(GETNEXT), 10(OPEN)
|
|--10:AGGREGATE [FINALIZE]
|  |  output: sum(tpcds_partitioned_parquet_snap.catalog_sales.cs_ext_sales_price)
|  |  group by: tpcds_partitioned_parquet_snap.item.i_item_id
|  |  having: sum(tpcds_partitioned_parquet_snap.catalog_sales.cs_ext_sales_price) IS NOT NULL
|  |  mem-estimate=17.00MB mem-reservation=17.00MB spill-buffer=1.00MB thread-reservation=0
|  |  tuple-ids=10 row-size=44B cardinality=18.56K cost=614340
|  |  in pipelines: 10(GETNEXT), 00(OPEN)
|  |
|  09:HASH JOIN [LEFT SEMI JOIN]
|  |  hash predicates: tpcds_partitioned_parquet_snap.date_dim.d_date = tpcds_partitioned_parquet_snap.date_dim_0.d_date
|  |  runtime filters: RF020[bloom] <- tpcds_partitioned_parquet_snap.date_dim_0.d_date, RF021[min_max] <- tpcds_partitioned_parquet_snap.date_dim_0.d_date
|  |  mem-estimate=1.94MB mem-reservation=1.94MB spill-buffer=64.00KB thread-reservation=0
|  |  tuple-ids=0,2,4 row-size=52B cardinality=446.22K cost=1102110671
|  |  in pipelines: 00(GETNEXT), 05(OPEN)
|  |
|  |--08:HASH JOIN [INNER JOIN]
|  |  |  hash predicates: tpcds_partitioned_parquet_snap.date_dim_0.d_week_seq = tpcds_partitioned_parquet_snap.date_dim_1.d_week_seq
|  |  |  fk/pk conjuncts: none
|  |  |  runtime filters: RF026[bloom] <- tpcds_partitioned_parquet_snap.date_dim_1.d_week_seq, RF027[min_max] <- tpcds_partitioned_parquet_snap.date_dim_1.d_week_seq
|  |  |  mem-estimate=1.94MB mem-reservation=1.94MB spill-buffer=64.00KB thread-reservation=0
|  |  |  tuple-ids=6,8 row-size=16B cardinality=7 cost=4
|  |  |  in pipelines: 05(GETNEXT), 07(OPEN)
|  |  |
|  |  |--07:CARDINALITY CHECK
|  |  |  |  limit: 1
|  |  |  |  mem-estimate=0B mem-reservation=0B thread-reservation=0
|  |  |  |  tuple-ids=8 row-size=8B cardinality=1 cost=0
|  |  |  |  in pipelines: 07(GETNEXT), 06(OPEN)
|  |  |  |
|  |  |  06:SCAN HDFS [tpcds_partitioned_parquet_snap.date_dim]
|  |  |     HDFS partitions=1/1 files=1 size=2.17MB
|  |  |     predicates: tpcds_partitioned_parquet_snap.date_dim_1.d_date = DATE '2000-03-26'
|  |  |     stored statistics:
|  |  |       table: rows=73.05K size=2.17MB
|  |  |       columns: all
|  |  |     extrapolated-rows=disabled max-scan-range-rows=73.05K
|  |  |     parquet statistics predicates: tpcds_partitioned_parquet_snap.date_dim_1.d_date = DATE '2000-03-26'
|  |  |     parquet dictionary predicates: tpcds_partitioned_parquet_snap.date_dim_1.d_date = DATE '2000-03-26'
|  |  |     limit: 2
|  |  |     mem-estimate=16.00MB mem-reservation=512.00KB thread-reservation=0
|  |  |     tuple-ids=8 row-size=8B cardinality=1 cost=10467
|  |  |     in pipelines: 06(GETNEXT)
|  |  |
|  |  05:SCAN HDFS [tpcds_partitioned_parquet_snap.date_dim]
|  |     HDFS partitions=1/1 files=1 size=2.17MB
|  |     predicates: tpcds_partitioned_parquet_snap.date_dim_0.d_week_seq IS NOT NULL
|  |     runtime filters: RF027[min_max] -> tpcds_partitioned_parquet_snap.date_dim_0.d_week_seq, RF026[bloom] -> tpcds_partitioned_parquet_snap.date_dim_0.d_week_seq
|  |     stored statistics:
|  |       table: rows=73.05K size=2.17MB
|  |       columns: all
|  |     extrapolated-rows=disabled max-scan-range-rows=73.05K
|  |     parquet dictionary predicates: tpcds_partitioned_parquet_snap.date_dim_0.d_week_seq IS NOT NULL
|  |     mem-estimate=16.00MB mem-reservation=512.00KB thread-reservation=0
|  |     tuple-ids=6 row-size=8B cardinality=7(filtered from 73.05K) cost=10467
|  |     in pipelines: 05(GETNEXT)
|  |
|  04:HASH JOIN [INNER JOIN]
|  |  hash predicates: tpcds_partitioned_parquet_snap.catalog_sales.cs_sold_date_sk = tpcds_partitioned_parquet_snap.date_dim.d_date_sk
|  |  fk/pk conjuncts: tpcds_partitioned_parquet_snap.catalog_sales.cs_sold_date_sk = tpcds_partitioned_parquet_snap.date_dim.d_date_sk
|  |  mem-estimate=4.75MB mem-reservation=4.75MB spill-buffer=256.00KB thread-reservation=0
|  |  tuple-ids=0,2,4 row-size=52B cardinality=4.30G cost=1880612805
|  |  in pipelines: 00(GETNEXT), 03(OPEN)
|  |
|  |--03:SCAN HDFS [tpcds_partitioned_parquet_snap.date_dim]
|  |     HDFS partitions=1/1 files=1 size=2.17MB
|  |     predicates: tpcds_partitioned_parquet_snap.date_dim.d_date_sk IS NOT NULL
|  |     runtime filters: RF021[min_max] -> tpcds_partitioned_parquet_snap.date_dim.d_date, RF020[bloom] -> tpcds_partitioned_parquet_snap.date_dim.d_date
|  |     stored statistics:
|  |       table: rows=73.05K size=2.17MB
|  |       columns: all
|  |     extrapolated-rows=disabled max-scan-range-rows=73.05K
|  |     parquet dictionary predicates: tpcds_partitioned_parquet_snap.date_dim.d_date_sk IS NOT NULL
|  |     mem-estimate=16.00MB mem-reservation=1.00MB thread-reservation=0
|  |     tuple-ids=4 row-size=8B cardinality=73.05K cost=10467
|  |     in pipelines: 03(GETNEXT)
|  |
|  02:HASH JOIN [INNER JOIN]
|  |  hash predicates: tpcds_partitioned_parquet_snap.catalog_sales.cs_item_sk = tpcds_partitioned_parquet_snap.item.i_item_sk
|  |  fk/pk conjuncts: tpcds_partitioned_parquet_snap.catalog_sales.cs_item_sk = tpcds_partitioned_parquet_snap.item.i_item_sk
|  |  runtime filters: RF024[bloom] <- tpcds_partitioned_parquet_snap.item.i_item_sk, RF025[min_max] <- tpcds_partitioned_parquet_snap.item.i_item_sk
|  |  mem-estimate=34.00MB mem-reservation=34.00MB spill-buffer=2.00MB thread-reservation=0
|  |  tuple-ids=0,2 row-size=44B cardinality=4.30G cost=1880899756
|  |  in pipelines: 00(GETNEXT), 01(OPEN)
|  |
|  |--01:SCAN HDFS [tpcds_partitioned_parquet_snap.item]
|  |     HDFS partitions=1/1 files=1 size=33.54MB
|  |     predicates: tpcds_partitioned_parquet_snap.item.i_item_id IS NOT NULL, tpcds_partitioned_parquet_snap.item.i_item_sk IS NOT NULL
|  |     stored statistics:
|  |       table: rows=360.00K size=33.54MB
|  |       columns: all
|  |     extrapolated-rows=disabled max-scan-range-rows=101.54K
|  |     parquet dictionary predicates: tpcds_partitioned_parquet_snap.item.i_item_id IS NOT NULL, tpcds_partitioned_parquet_snap.item.i_item_sk IS NOT NULL
|  |     mem-estimate=16.00MB mem-reservation=512.00KB thread-reservation=0
|  |     tuple-ids=2 row-size=32B cardinality=360.00K cost=123912
|  |     in pipelines: 01(GETNEXT)
|  |
|  00:SCAN HDFS [tpcds_partitioned_parquet_snap.catalog_sales]
|     partition predicates: tpcds_partitioned_parquet_snap.catalog_sales.cs_sold_date_sk IS NOT NULL
|     HDFS partitions=1830/1831 files=1830 size=280.81GB
|     predicates: tpcds_partitioned_parquet_snap.catalog_sales.cs_item_sk IS NOT NULL
|     runtime filters: RF025[min_max] -> tpcds_partitioned_parquet_snap.catalog_sales.cs_item_sk, RF024[bloom] -> tpcds_partitioned_parquet_snap.catalog_sales.cs_item_sk
|     stored statistics:
|       table: rows=4.32G size=280.96GB
|       partitions: 1830/1830 rows=4.30G
|       columns: all
|     extrapolated-rows=disabled max-scan-range-rows=5.09M
|     parquet dictionary predicates: tpcds_partitioned_parquet_snap.catalog_sales.cs_item_sk IS NOT NULL
|     mem-estimate=16.00MB mem-reservation=256.00KB thread-reservation=0
|     tuple-ids=0 row-size=12B cardinality=4.30G(filtered from 4.30G) cost=863580848
|     in pipelines: 00(GETNEXT)
|
33:HASH JOIN [INNER JOIN]
|  hash predicates: tpcds_partitioned_parquet_snap.item_0.i_item_id = tpcds_partitioned_parquet_snap.item_1.i_item_id
|  fk/pk conjuncts: none
|  other join predicates: sum(tpcds_partitioned_parquet_snap.store_sales.ss_ext_sales_price) <= multiply(CAST(1.1 AS DECIMAL(2,1)), sum(tpcds_partitioned_parquet_snap.web_sales.ws_ext_sales_price)), sum(tpcds_partitioned_parquet_snap.store_sales.ss_ext_sales_price) >= multiply(CAST(0.9 AS DECIMAL(2,1)), sum(tpcds_partitioned_parquet_snap.web_sales.ws_ext_sales_price)), sum(tpcds_partitioned_parquet_snap.web_sales.ws_ext_sales_price) <= multiply(CAST(1.1 AS DECIMAL(2,1)), sum(tpcds_partitioned_parquet_snap.store_sales.ss_ext_sales_price)), sum(tpcds_partitioned_parquet_snap.web_sales.ws_ext_sales_price) >= multiply(CAST(0.9 AS DECIMAL(2,1)), sum(tpcds_partitioned_parquet_snap.store_sales.ss_ext_sales_price))
|  runtime filters: RF003[min_max] <- tpcds_partitioned_parquet_snap.item_1.i_item_id
|  mem-estimate=2.88MB mem-reservation=2.88MB spill-buffer=128.00KB thread-reservation=0
|  tuple-ids=21,32 row-size=88B cardinality=36.00K cost=29840
|  in pipelines: 21(GETNEXT), 32(OPEN)
|
|--32:AGGREGATE [FINALIZE]
|  |  output: sum(tpcds_partitioned_parquet_snap.store_sales.ss_ext_sales_price)
|  |  group by: tpcds_partitioned_parquet_snap.item_1.i_item_id
|  |  having: sum(tpcds_partitioned_parquet_snap.store_sales.ss_ext_sales_price) IS NOT NULL
|  |  mem-estimate=17.00MB mem-reservation=17.00MB spill-buffer=1.00MB thread-reservation=0
|  |  tuple-ids=32 row-size=44B cardinality=18.56K cost=734311
|  |  in pipelines: 32(GETNEXT), 22(OPEN)
|  |
|  31:HASH JOIN [LEFT SEMI JOIN]
|  |  hash predicates: tpcds_partitioned_parquet_snap.date_dim_5.d_date = tpcds_partitioned_parquet_snap.date_dim_6.d_date
|  |  runtime filters: RF012[bloom] <- tpcds_partitioned_parquet_snap.date_dim_6.d_date, RF013[min_max] <- tpcds_partitioned_parquet_snap.date_dim_6.d_date
|  |  mem-estimate=1.94MB mem-reservation=1.94MB spill-buffer=64.00KB thread-reservation=0
|  |  tuple-ids=22,24,26 row-size=52B cardinality=856.38K cost=2115149280
|  |  in pipelines: 22(GETNEXT), 27(OPEN)
|  |
|  |--30:HASH JOIN [INNER JOIN]
|  |  |  hash predicates: tpcds_partitioned_parquet_snap.date_dim_6.d_week_seq = tpcds_partitioned_parquet_snap.date_dim_7.d_week_seq
|  |  |  fk/pk conjuncts: none
|  |  |  runtime filters: RF018[bloom] <- tpcds_partitioned_parquet_snap.date_dim_7.d_week_seq, RF019[min_max] <- tpcds_partitioned_parquet_snap.date_dim_7.d_week_seq
|  |  |  mem-estimate=1.94MB mem-reservation=1.94MB spill-buffer=64.00KB thread-reservation=0
|  |  |  tuple-ids=28,30 row-size=16B cardinality=7 cost=4
|  |  |  in pipelines: 27(GETNEXT), 29(OPEN)
|  |  |
|  |  |--29:CARDINALITY CHECK
|  |  |  |  limit: 1
|  |  |  |  mem-estimate=0B mem-reservation=0B thread-reservation=0
|  |  |  |  tuple-ids=30 row-size=8B cardinality=1 cost=0
|  |  |  |  in pipelines: 29(GETNEXT), 28(OPEN)
|  |  |  |
|  |  |  28:SCAN HDFS [tpcds_partitioned_parquet_snap.date_dim]
|  |  |     HDFS partitions=1/1 files=1 size=2.17MB
|  |  |     predicates: tpcds_partitioned_parquet_snap.date_dim_7.d_date = DATE '2000-03-26'
|  |  |     stored statistics:
|  |  |       table: rows=73.05K size=2.17MB
|  |  |       columns: all
|  |  |     extrapolated-rows=disabled max-scan-range-rows=73.05K
|  |  |     parquet statistics predicates: tpcds_partitioned_parquet_snap.date_dim_7.d_date = DATE '2000-03-26'
|  |  |     parquet dictionary predicates: tpcds_partitioned_parquet_snap.date_dim_7.d_date = DATE '2000-03-26'
|  |  |     limit: 2
|  |  |     mem-estimate=16.00MB mem-reservation=512.00KB thread-reservation=0
|  |  |     tuple-ids=30 row-size=8B cardinality=1 cost=10467
|  |  |     in pipelines: 28(GETNEXT)
|  |  |
|  |  27:SCAN HDFS [tpcds_partitioned_parquet_snap.date_dim]
|  |     HDFS partitions=1/1 files=1 size=2.17MB
|  |     predicates: tpcds_partitioned_parquet_snap.date_dim_6.d_week_seq IS NOT NULL
|  |     runtime filters: RF019[min_max] -> tpcds_partitioned_parquet_snap.date_dim_6.d_week_seq, RF018[bloom] -> tpcds_partitioned_parquet_snap.date_dim_6.d_week_seq
|  |     stored statistics:
|  |       table: rows=73.05K size=2.17MB
|  |       columns: all
|  |     extrapolated-rows=disabled max-scan-range-rows=73.05K
|  |     parquet dictionary predicates: tpcds_partitioned_parquet_snap.date_dim_6.d_week_seq IS NOT NULL
|  |     mem-estimate=16.00MB mem-reservation=512.00KB thread-reservation=0
|  |     tuple-ids=28 row-size=8B cardinality=7(filtered from 73.05K) cost=10467
|  |     in pipelines: 27(GETNEXT)
|  |
|  26:HASH JOIN [INNER JOIN]
|  |  hash predicates: tpcds_partitioned_parquet_snap.store_sales.ss_sold_date_sk = tpcds_partitioned_parquet_snap.date_dim_5.d_date_sk
|  |  fk/pk conjuncts: tpcds_partitioned_parquet_snap.store_sales.ss_sold_date_sk = tpcds_partitioned_parquet_snap.date_dim_5.d_date_sk
|  |  mem-estimate=4.75MB mem-reservation=4.75MB spill-buffer=256.00KB thread-reservation=0
|  |  tuple-ids=22,24,26 row-size=52B cardinality=8.25G(filtered from 8.25G) cost=3609168240
|  |  in pipelines: 22(GETNEXT), 25(OPEN)
|  |
|  |--25:SCAN HDFS [tpcds_partitioned_parquet_snap.date_dim]
|  |     HDFS partitions=1/1 files=1 size=2.17MB
|  |     predicates: tpcds_partitioned_parquet_snap.date_dim_5.d_date_sk IS NOT NULL
|  |     runtime filters: RF013[min_max] -> tpcds_partitioned_parquet_snap.date_dim_5.d_date, RF012[bloom] -> tpcds_partitioned_parquet_snap.date_dim_5.d_date
|  |     stored statistics:
|  |       table: rows=73.05K size=2.17MB
|  |       columns: all
|  |     extrapolated-rows=disabled max-scan-range-rows=73.05K
|  |     parquet dictionary predicates: tpcds_partitioned_parquet_snap.date_dim_5.d_date_sk IS NOT NULL
|  |     mem-estimate=16.00MB mem-reservation=1.00MB thread-reservation=0
|  |     tuple-ids=26 row-size=8B cardinality=73.05K cost=10467
|  |     in pipelines: 25(GETNEXT)
|  |
|  24:HASH JOIN [INNER JOIN]
|  |  hash predicates: tpcds_partitioned_parquet_snap.store_sales.ss_item_sk = tpcds_partitioned_parquet_snap.item_1.i_item_sk
|  |  fk/pk conjuncts: tpcds_partitioned_parquet_snap.store_sales.ss_item_sk = tpcds_partitioned_parquet_snap.item_1.i_item_sk
|  |  runtime filters: RF016[bloom] <- tpcds_partitioned_parquet_snap.item_1.i_item_sk, RF017[min_max] <- tpcds_partitioned_parquet_snap.item_1.i_item_sk
|  |  mem-estimate=34.00MB mem-reservation=34.00MB spill-buffer=2.00MB thread-reservation=0
|  |  tuple-ids=22,24 row-size=44B cardinality=8.25G(filtered from 8.25G) cost=3609455191
|  |  in pipelines: 22(GETNEXT), 23(OPEN)
|  |
|  |--23:SCAN HDFS [tpcds_partitioned_parquet_snap.item]
|  |     HDFS partitions=1/1 files=1 size=33.54MB
|  |     predicates: tpcds_partitioned_parquet_snap.item_1.i_item_id IS NOT NULL, tpcds_partitioned_parquet_snap.item_1.i_item_sk IS NOT NULL
|  |     runtime filters: RF001[min_max] -> tpcds_partitioned_parquet_snap.item_1.i_item_id, RF000[bloom] -> tpcds_partitioned_parquet_snap.item_1.i_item_id
|  |     stored statistics:
|  |       table: rows=360.00K size=33.54MB
|  |       columns: all
|  |     extrapolated-rows=disabled max-scan-range-rows=101.54K
|  |     parquet dictionary predicates: tpcds_partitioned_parquet_snap.item_1.i_item_id IS NOT NULL, tpcds_partitioned_parquet_snap.item_1.i_item_sk IS NOT NULL
|  |     mem-estimate=16.00MB mem-reservation=512.00KB thread-reservation=0
|  |     tuple-ids=24 row-size=32B cardinality=360.00K cost=123912
|  |     in pipelines: 23(GETNEXT)
|  |
|  22:SCAN HDFS [tpcds_partitioned_parquet_snap.store_sales]
|     partition predicates: tpcds_partitioned_parquet_snap.store_sales.ss_sold_date_sk IS NOT NULL
|     HDFS partitions=1823/1824 files=1823 size=389.69GB
|     predicates: tpcds_partitioned_parquet_snap.store_sales.ss_item_sk IS NOT NULL
|     runtime filters: RF017[min_max] -> tpcds_partitioned_parquet_snap.store_sales.ss_item_sk, RF016[bloom] -> tpcds_partitioned_parquet_snap.store_sales.ss_item_sk
|     stored statistics:
|       table: rows=8.64G size=389.90GB
|       partitions: 1823/1823 rows=8.25G
|       columns: all
|     extrapolated-rows=disabled max-scan-range-rows=12.22M
|     parquet dictionary predicates: tpcds_partitioned_parquet_snap.store_sales.ss_item_sk IS NOT NULL
|     mem-estimate=16.00MB mem-reservation=512.00KB thread-reservation=0
|     tuple-ids=22 row-size=12B cardinality=8.25G(filtered from 8.25G) cost=1657367506
|     in pipelines: 22(GETNEXT)
|
21:AGGREGATE [FINALIZE]
|  output: sum(tpcds_partitioned_parquet_snap.web_sales.ws_ext_sales_price)
|  group by: tpcds_partitioned_parquet_snap.item_0.i_item_id
|  having: sum(tpcds_partitioned_parquet_snap.web_sales.ws_ext_sales_price) IS NOT NULL
|  mem-estimate=17.00MB mem-reservation=17.00MB spill-buffer=1.00MB thread-reservation=0
|  tuple-ids=21 row-size=44B cardinality=18.56K cost=549387
|  in pipelines: 21(GETNEXT), 11(OPEN)
|
20:HASH JOIN [LEFT SEMI JOIN]
|  hash predicates: tpcds_partitioned_parquet_snap.date_dim_2.d_date = tpcds_partitioned_parquet_snap.date_dim_3.d_date
|  runtime filters: RF004[bloom] <- tpcds_partitioned_parquet_snap.date_dim_3.d_date, RF005[min_max] <- tpcds_partitioned_parquet_snap.date_dim_3.d_date
|  mem-estimate=1.94MB mem-reservation=1.94MB spill-buffer=64.00KB thread-reservation=0
|  tuple-ids=11,13,15 row-size=52B cardinality=224.16K cost=553650045
|  in pipelines: 11(GETNEXT), 16(OPEN)
|
|--19:HASH JOIN [INNER JOIN]
|  |  hash predicates: tpcds_partitioned_parquet_snap.date_dim_3.d_week_seq = tpcds_partitioned_parquet_snap.date_dim_4.d_week_seq
|  |  fk/pk conjuncts: none
|  |  runtime filters: RF010[bloom] <- tpcds_partitioned_parquet_snap.date_dim_4.d_week_seq, RF011[min_max] <- tpcds_partitioned_parquet_snap.date_dim_4.d_week_seq
|  |  mem-estimate=1.94MB mem-reservation=1.94MB spill-buffer=64.00KB thread-reservation=0
|  |  tuple-ids=17,19 row-size=16B cardinality=7 cost=4
|  |  in pipelines: 16(GETNEXT), 18(OPEN)
|  |
|  |--18:CARDINALITY CHECK
|  |  |  limit: 1
|  |  |  mem-estimate=0B mem-reservation=0B thread-reservation=0
|  |  |  tuple-ids=19 row-size=8B cardinality=1 cost=0
|  |  |  in pipelines: 18(GETNEXT), 17(OPEN)
|  |  |
|  |  17:SCAN HDFS [tpcds_partitioned_parquet_snap.date_dim]
|  |     HDFS partitions=1/1 files=1 size=2.17MB
|  |     predicates: tpcds_partitioned_parquet_snap.date_dim_4.d_date = DATE '2000-03-26'
|  |     stored statistics:
|  |       table: rows=73.05K size=2.17MB
|  |       columns: all
|  |     extrapolated-rows=disabled max-scan-range-rows=73.05K
|  |     parquet statistics predicates: tpcds_partitioned_parquet_snap.date_dim_4.d_date = DATE '2000-03-26'
|  |     parquet dictionary predicates: tpcds_partitioned_parquet_snap.date_dim_4.d_date = DATE '2000-03-26'
|  |     limit: 2
|  |     mem-estimate=16.00MB mem-reservation=512.00KB thread-reservation=0
|  |     tuple-ids=19 row-size=8B cardinality=1 cost=10467
|  |     in pipelines: 17(GETNEXT)
|  |
|  16:SCAN HDFS [tpcds_partitioned_parquet_snap.date_dim]
|     HDFS partitions=1/1 files=1 size=2.17MB
|     predicates: tpcds_partitioned_parquet_snap.date_dim_3.d_week_seq IS NOT NULL
|     runtime filters: RF011[min_max] -> tpcds_partitioned_parquet_snap.date_dim_3.d_week_seq, RF010[bloom] -> tpcds_partitioned_parquet_snap.date_dim_3.d_week_seq
|     stored statistics:
|       table: rows=73.05K size=2.17MB
|       columns: all
|     extrapolated-rows=disabled max-scan-range-rows=73.05K
|     parquet dictionary predicates: tpcds_partitioned_parquet_snap.date_dim_3.d_week_seq IS NOT NULL
|     mem-estimate=16.00MB mem-reservation=512.00KB thread-reservation=0
|     tuple-ids=17 row-size=8B cardinality=7(filtered from 73.05K) cost=10467
|     in pipelines: 16(GETNEXT)
|
15:HASH JOIN [INNER JOIN]
|  hash predicates: tpcds_partitioned_parquet_snap.web_sales.ws_sold_date_sk = tpcds_partitioned_parquet_snap.date_dim_2.d_date_sk
|  fk/pk conjuncts: tpcds_partitioned_parquet_snap.web_sales.ws_sold_date_sk = tpcds_partitioned_parquet_snap.date_dim_2.d_date_sk
|  mem-estimate=4.75MB mem-reservation=4.75MB spill-buffer=256.00KB thread-reservation=0
|  tuple-ids=11,13,15 row-size=52B cardinality=2.16G(filtered from 2.16G) cost=944770294
|  in pipelines: 11(GETNEXT), 14(OPEN)
|
|--14:SCAN HDFS [tpcds_partitioned_parquet_snap.date_dim]
|     HDFS partitions=1/1 files=1 size=2.17MB
|     predicates: tpcds_partitioned_parquet_snap.date_dim_2.d_date_sk IS NOT NULL
|     runtime filters: RF005[min_max] -> tpcds_partitioned_parquet_snap.date_dim_2.d_date, RF004[bloom] -> tpcds_partitioned_parquet_snap.date_dim_2.d_date
|     stored statistics:
|       table: rows=73.05K size=2.17MB
|       columns: all
|     extrapolated-rows=disabled max-scan-range-rows=73.05K
|     parquet dictionary predicates: tpcds_partitioned_parquet_snap.date_dim_2.d_date_sk IS NOT NULL
|     mem-estimate=16.00MB mem-reservation=1.00MB thread-reservation=0
|     tuple-ids=15 row-size=8B cardinality=73.05K cost=10467
|     in pipelines: 14(GETNEXT)
|
13:HASH JOIN [INNER JOIN]
|  hash predicates: tpcds_partitioned_parquet_snap.web_sales.ws_item_sk = tpcds_partitioned_parquet_snap.item_0.i_item_sk
|  fk/pk conjuncts: tpcds_partitioned_parquet_snap.web_sales.ws_item_sk = tpcds_partitioned_parquet_snap.item_0.i_item_sk
|  runtime filters: RF008[bloom] <- tpcds_partitioned_parquet_snap.item_0.i_item_sk, RF009[min_max] <- tpcds_partitioned_parquet_snap.item_0.i_item_sk
|  mem-estimate=34.00MB mem-reservation=34.00MB spill-buffer=2.00MB thread-reservation=0
|  tuple-ids=11,13 row-size=44B cardinality=2.16G(filtered from 2.16G) cost=945057245
|  in pipelines: 11(GETNEXT), 12(OPEN)
|
|--12:SCAN HDFS [tpcds_partitioned_parquet_snap.item]
|     HDFS partitions=1/1 files=1 size=33.54MB
|     predicates: tpcds_partitioned_parquet_snap.item_0.i_item_id IS NOT NULL, tpcds_partitioned_parquet_snap.item_0.i_item_sk IS NOT NULL
|     runtime filters: RF001[min_max] -> tpcds_partitioned_parquet_snap.item_0.i_item_id, RF003[min_max] -> tpcds_partitioned_parquet_snap.item_0.i_item_id, RF000[bloom] -> tpcds_partitioned_parquet_snap.item_0.i_item_id
|     stored statistics:
|       table: rows=360.00K size=33.54MB
|       columns: all
|     extrapolated-rows=disabled max-scan-range-rows=101.54K
|     parquet dictionary predicates: tpcds_partitioned_parquet_snap.item_0.i_item_id IS NOT NULL, tpcds_partitioned_parquet_snap.item_0.i_item_sk IS NOT NULL
|     mem-estimate=16.00MB mem-reservation=512.00KB thread-reservation=0
|     tuple-ids=13 row-size=32B cardinality=360.00K cost=123912
|     in pipelines: 12(GETNEXT)
|
11:SCAN HDFS [tpcds_partitioned_parquet_snap.web_sales]
   partition predicates: tpcds_partitioned_parquet_snap.web_sales.ws_sold_date_sk IS NOT NULL
   HDFS partitions=1823/1824 files=1823 size=145.67GB
   predicates: tpcds_partitioned_parquet_snap.web_sales.ws_item_sk IS NOT NULL
   runtime filters: RF009[min_max] -> tpcds_partitioned_parquet_snap.web_sales.ws_item_sk, RF008[bloom] -> tpcds_partitioned_parquet_snap.web_sales.ws_item_sk
   stored statistics:
     table: rows=2.16G size=145.75GB
     partitions: 1823/1823 rows=2.16G
     columns: all
   extrapolated-rows=disabled max-scan-range-rows=3.37M
   parquet dictionary predicates: tpcds_partitioned_parquet_snap.web_sales.ws_item_sk IS NOT NULL
   mem-estimate=16.00MB mem-reservation=128.00KB thread-reservation=0
   tuple-ids=11 row-size=12B cardinality=2.16G(filtered from 2.16G) cost=433823558
   in pipelines: 11(GETNEXT)
---- DISTRIBUTEDPLAN
Max Per-Host Resource Reservation: Memory=1.57GB Threads=67
Per-Host Resource Estimates: Memory=2.71GB
F21:PLAN FRAGMENT [UNPARTITIONED] hosts=1 instances=1
|  Per-Instance Resources: mem-estimate=4.08MB mem-reservation=4.00MB thread-reservation=1
|  max-parallelism=1 segment-costs=[840] cpu-comparison-result=360 [max(1 (self) vs 360 (sum children))]
PLAN-ROOT SINK
|  output exprs: tpcds_partitioned_parquet_snap.item_1.i_item_id, sum(tpcds_partitioned_parquet_snap.store_sales.ss_ext_sales_price), multiply(divide(sum(tpcds_partitioned_parquet_snap.store_sales.ss_ext_sales_price), divide(add(add(sum(tpcds_partitioned_parquet_snap.store_sales.ss_ext_sales_price), sum(tpcds_partitioned_parquet_snap.catalog_sales.cs_ext_sales_price)), sum(tpcds_partitioned_parquet_snap.web_sales.ws_ext_sales_price)), CAST(3 AS DECIMAL(3,0)))), CAST(100 AS DECIMAL(3,0))), sum(tpcds_partitioned_parquet_snap.catalog_sales.cs_ext_sales_price), multiply(divide(sum(tpcds_partitioned_parquet_snap.catalog_sales.cs_ext_sales_price), divide(add(add(sum(tpcds_partitioned_parquet_snap.store_sales.ss_ext_sales_price), sum(tpcds_partitioned_parquet_snap.catalog_sales.cs_ext_sales_price)), sum(tpcds_partitioned_parquet_snap.web_sales.ws_ext_sales_price)), CAST(3 AS DECIMAL(3,0)))), CAST(100 AS DECIMAL(3,0))), sum(tpcds_partitioned_parquet_snap.web_sales.ws_ext_sales_price), multiply(divide(sum(tpcds_partitioned_parquet_snap.web_sales.ws_ext_sales_price), divide(add(add(sum(tpcds_partitioned_parquet_snap.store_sales.ss_ext_sales_price), sum(tpcds_partitioned_parquet_snap.catalog_sales.cs_ext_sales_price)), sum(tpcds_partitioned_parquet_snap.web_sales.ws_ext_sales_price)), CAST(3 AS DECIMAL(3,0)))), CAST(100 AS DECIMAL(3,0))), divide(add(add(sum(tpcds_partitioned_parquet_snap.store_sales.ss_ext_sales_price), sum(tpcds_partitioned_parquet_snap.catalog_sales.cs_ext_sales_price)), sum(tpcds_partitioned_parquet_snap.web_sales.ws_ext_sales_price)), CAST(3 AS DECIMAL(3,0)))
|  mem-estimate=4.00MB mem-reservation=4.00MB spill-buffer=2.00MB thread-reservation=0 cost=800
|
57:MERGING-EXCHANGE [UNPARTITIONED]
|  order by: tpcds_partitioned_parquet_snap.item_1.i_item_id ASC NULLS LAST, sum(tpcds_partitioned_parquet_snap.store_sales.ss_ext_sales_price) ASC NULLS LAST
|  limit: 100
|  mem-estimate=78.87KB mem-reservation=0B thread-reservation=0
|  tuple-ids=33 row-size=76B cardinality=100 cost=40
|  in pipelines: 35(GETNEXT)
|
F06:PLAN FRAGMENT [HASH(tpcds_partitioned_parquet_snap.item_0.i_item_id)] hosts=10 instances=10 (adjusted from 120)
Per-Instance Resources: mem-estimate=16.56MB mem-reservation=1.94MB thread-reservation=1
max-parallelism=10 segment-costs=[619079, 334246, 230] cpu-comparison-result=360 [max(10 (self) vs 360 (sum children))]
35:TOP-N [LIMIT=100]
|  order by: tpcds_partitioned_parquet_snap.item_1.i_item_id ASC NULLS LAST, sum(tpcds_partitioned_parquet_snap.store_sales.ss_ext_sales_price) ASC NULLS LAST
|  mem-estimate=7.42KB mem-reservation=0B thread-reservation=0
|  tuple-ids=33 row-size=76B cardinality=100 cost=307206
|  in pipelines: 35(GETNEXT), 42(OPEN)
|
34:HASH JOIN [INNER JOIN, PARTITIONED]
|  hash-table-id=00
|  hash predicates: tpcds_partitioned_parquet_snap.item_1.i_item_id = tpcds_partitioned_parquet_snap.item.i_item_id
|  fk/pk conjuncts: none
|  other join predicates: sum(tpcds_partitioned_parquet_snap.catalog_sales.cs_ext_sales_price) <= multiply(CAST(1.1 AS DECIMAL(2,1)), sum(tpcds_partitioned_parquet_snap.store_sales.ss_ext_sales_price)), sum(tpcds_partitioned_parquet_snap.catalog_sales.cs_ext_sales_price) <= multiply(CAST(1.1 AS DECIMAL(2,1)), sum(tpcds_partitioned_parquet_snap.web_sales.ws_ext_sales_price)), sum(tpcds_partitioned_parquet_snap.catalog_sales.cs_ext_sales_price) >= multiply(CAST(0.9 AS DECIMAL(2,1)), sum(tpcds_partitioned_parquet_snap.store_sales.ss_ext_sales_price)), sum(tpcds_partitioned_parquet_snap.catalog_sales.cs_ext_sales_price) >= multiply(CAST(0.9 AS DECIMAL(2,1)), sum(tpcds_partitioned_parquet_snap.web_sales.ws_ext_sales_price)), sum(tpcds_partitioned_parquet_snap.store_sales.ss_ext_sales_price) <= multiply(CAST(1.1 AS DECIMAL(2,1)), sum(tpcds_partitioned_parquet_snap.catalog_sales.cs_ext_sales_price)), sum(tpcds_partitioned_parquet_snap.store_sales.ss_ext_sales_price) >= multiply(CAST(0.9 AS DECIMAL(2,1)), sum(tpcds_partitioned_parquet_snap.catalog_sales.cs_ext_sales_price)), sum(tpcds_partitioned_parquet_snap.web_sales.ws_ext_sales_price) <= multiply(CAST(1.1 AS DECIMAL(2,1)), sum(tpcds_partitioned_parquet_snap.catalog_sales.cs_ext_sales_price)), sum(tpcds_partitioned_parquet_snap.web_sales.ws_ext_sales_price) >= multiply(CAST(0.9 AS DECIMAL(2,1)), sum(tpcds_partitioned_parquet_snap.catalog_sales.cs_ext_sales_price))
|  mem-estimate=0B mem-reservation=0B spill-buffer=64.00KB thread-reservation=0
|  tuple-ids=21,32,10 row-size=132B cardinality=36.00K cost=15757
|  in pipelines: 42(GETNEXT), 56(OPEN)
|
|--F22:PLAN FRAGMENT [HASH(tpcds_partitioned_parquet_snap.item_0.i_item_id)] hosts=10 instances=10 (adjusted from 120)
|  |  Per-Instance Resources: mem-estimate=18.48MB mem-reservation=7.69MB thread-reservation=1 runtime-filters-memory=1.00MB
|  |  max-parallelism=10 segment-costs=[751574, 18557] cpu-comparison-result=120 [max(10 (self) vs 120 (sum children))]
|  JOIN BUILD
|  |  join-table-id=00 plan-id=01 cohort-id=01
|  |  build expressions: tpcds_partitioned_parquet_snap.item.i_item_id
|  |  runtime filters: RF000[bloom] <- tpcds_partitioned_parquet_snap.item.i_item_id, RF001[min_max] <- tpcds_partitioned_parquet_snap.item.i_item_id
|  |  mem-estimate=1.94MB mem-reservation=1.94MB spill-buffer=64.00KB thread-reservation=0 cost=18557
|  |
|  56:AGGREGATE [FINALIZE]
|  |  output: sum:merge(tpcds_partitioned_parquet_snap.catalog_sales.cs_ext_sales_price)
|  |  group by: tpcds_partitioned_parquet_snap.item.i_item_id
|  |  having: sum(tpcds_partitioned_parquet_snap.catalog_sales.cs_ext_sales_price) IS NOT NULL
|  |  mem-estimate=10.00MB mem-reservation=4.75MB spill-buffer=256.00KB thread-reservation=0
|  |  tuple-ids=10 row-size=44B cardinality=18.56K cost=613058
|  |  in pipelines: 56(GETNEXT), 00(OPEN)
|  |
|  55:EXCHANGE [HASH(tpcds_partitioned_parquet_snap.item.i_item_id)]
|  |  mem-estimate=7.48MB mem-reservation=0B thread-reservation=0
|  |  tuple-ids=10 row-size=44B cardinality=441.84K cost=138516
|  |  in pipelines: 00(GETNEXT)
|  |
|  F14:PLAN FRAGMENT [RANDOM] hosts=10 instances=120
|  Per-Host Shared Resources: mem-estimate=1.00MB mem-reservation=1.00MB thread-reservation=0 runtime-filters-memory=1.00MB
|  Per-Instance Resources: mem-estimate=27.88MB mem-reservation=2.25MB thread-reservation=1
|  max-parallelism=580 segment-costs=[5728053509, 1479633] cpu-comparison-result=120 [max(120 (self) vs 36 (sum children))]
|  10:AGGREGATE [STREAMING]
|  |  output: sum(tpcds_partitioned_parquet_snap.catalog_sales.cs_ext_sales_price)
|  |  group by: tpcds_partitioned_parquet_snap.item.i_item_id
|  |  mem-estimate=10.00MB mem-reservation=2.00MB spill-buffer=64.00KB thread-reservation=0
|  |  tuple-ids=10 row-size=44B cardinality=441.84K cost=1282485
|  |  in pipelines: 00(GETNEXT)
|  |
|  09:HASH JOIN [LEFT SEMI JOIN, BROADCAST]
|  |  hash-table-id=01
|  |  hash predicates: tpcds_partitioned_parquet_snap.date_dim.d_date = tpcds_partitioned_parquet_snap.date_dim_0.d_date
|  |  mem-estimate=0B mem-reservation=0B spill-buffer=64.00KB thread-reservation=0
|  |  tuple-ids=0,2,4 row-size=52B cardinality=446.22K cost=1102110664
|  |  in pipelines: 00(GETNEXT), 05(OPEN)
|  |
|  |--F23:PLAN FRAGMENT [RANDOM] hosts=10 instances=10
|  |  |  Per-Instance Resources: mem-estimate=24.27MB mem-reservation=24.25MB thread-reservation=1 runtime-filters-memory=1.00MB
|  |  |  max-parallelism=10 segment-costs=[7] cpu-comparison-result=11 [max(11 (self) vs 2 (sum children))]
|  |  JOIN BUILD
|  |  |  join-table-id=01 plan-id=02 cohort-id=02
|  |  |  build expressions: tpcds_partitioned_parquet_snap.date_dim_0.d_date
|  |  |  runtime filters: RF020[bloom] <- tpcds_partitioned_parquet_snap.date_dim_0.d_date, RF021[min_max] <- tpcds_partitioned_parquet_snap.date_dim_0.d_date
|  |  |  mem-estimate=23.25MB mem-reservation=23.25MB spill-buffer=64.00KB thread-reservation=0 cost=7
|  |  |
|  |  54:EXCHANGE [BROADCAST]
|  |  |  mem-estimate=16.00KB mem-reservation=0B thread-reservation=0
|  |  |  tuple-ids=6,8 row-size=16B cardinality=7 cost=0
|  |  |  in pipelines: 05(GETNEXT)
|  |  |
|  |  F17:PLAN FRAGMENT [RANDOM] hosts=1 instances=1
|  |  Per-Host Shared Resources: mem-estimate=1.00MB mem-reservation=1.00MB thread-reservation=0 runtime-filters-memory=1.00MB
|  |  Per-Instance Resources: mem-estimate=16.09MB mem-reservation=512.00KB thread-reservation=1
|  |  max-parallelism=1 segment-costs=[10470]
|  |  08:HASH JOIN [INNER JOIN, BROADCAST]
|  |  |  hash-table-id=02
|  |  |  hash predicates: tpcds_partitioned_parquet_snap.date_dim_0.d_week_seq = tpcds_partitioned_parquet_snap.date_dim_1.d_week_seq
|  |  |  fk/pk conjuncts: none
|  |  |  mem-estimate=0B mem-reservation=0B spill-buffer=64.00KB thread-reservation=0
|  |  |  tuple-ids=6,8 row-size=16B cardinality=7 cost=3
|  |  |  in pipelines: 05(GETNEXT), 07(OPEN)
|  |  |
|  |  |--F24:PLAN FRAGMENT [RANDOM] hosts=1 instances=1
|  |  |  |  Per-Instance Resources: mem-estimate=2.95MB mem-reservation=2.94MB thread-reservation=1 runtime-filters-memory=1.00MB
|  |  |  |  max-parallelism=1 segment-costs=[1] cpu-comparison-result=2 [max(1 (self) vs 2 (sum children))]
|  |  |  JOIN BUILD
|  |  |  |  join-table-id=02 plan-id=03 cohort-id=03
|  |  |  |  build expressions: tpcds_partitioned_parquet_snap.date_dim_1.d_week_seq
|  |  |  |  runtime filters: RF026[bloom] <- tpcds_partitioned_parquet_snap.date_dim_1.d_week_seq, RF027[min_max] <- tpcds_partitioned_parquet_snap.date_dim_1.d_week_seq
|  |  |  |  mem-estimate=1.94MB mem-reservation=1.94MB spill-buffer=64.00KB thread-reservation=0 cost=1
|  |  |  |
|  |  |  53:EXCHANGE [BROADCAST]
|  |  |  |  mem-estimate=16.00KB mem-reservation=0B thread-reservation=0
|  |  |  |  tuple-ids=8 row-size=8B cardinality=1 cost=0
|  |  |  |  in pipelines: 07(GETNEXT)
|  |  |  |
|  |  |  F19:PLAN FRAGMENT [UNPARTITIONED] hosts=1 instances=1
|  |  |  Per-Instance Resources: mem-estimate=48.00KB mem-reservation=0B thread-reservation=1
|  |  |  max-parallelism=1 segment-costs=[0, 0]
|  |  |  07:CARDINALITY CHECK
|  |  |  |  limit: 1
|  |  |  |  mem-estimate=0B mem-reservation=0B thread-reservation=0
|  |  |  |  tuple-ids=8 row-size=8B cardinality=1 cost=0
|  |  |  |  in pipelines: 07(GETNEXT), 06(OPEN)
|  |  |  |
|  |  |  52:EXCHANGE [UNPARTITIONED]
|  |  |  |  limit: 2
|  |  |  |  mem-estimate=16.00KB mem-reservation=0B thread-reservation=0
|  |  |  |  tuple-ids=8 row-size=8B cardinality=1 cost=0
|  |  |  |  in pipelines: 06(GETNEXT)
|  |  |  |
|  |  |  F18:PLAN FRAGMENT [RANDOM] hosts=1 instances=1
|  |  |  Per-Instance Resources: mem-estimate=16.05MB mem-reservation=512.00KB thread-reservation=1
|  |  |  max-parallelism=1 segment-costs=[10468]
|  |  |  06:SCAN HDFS [tpcds_partitioned_parquet_snap.date_dim, RANDOM]
|  |  |     HDFS partitions=1/1 files=1 size=2.17MB
|  |  |     predicates: tpcds_partitioned_parquet_snap.date_dim_1.d_date = DATE '2000-03-26'
|  |  |     stored statistics:
|  |  |       table: rows=73.05K size=2.17MB
|  |  |       columns: all
|  |  |     extrapolated-rows=disabled max-scan-range-rows=73.05K
|  |  |     parquet statistics predicates: tpcds_partitioned_parquet_snap.date_dim_1.d_date = DATE '2000-03-26'
|  |  |     parquet dictionary predicates: tpcds_partitioned_parquet_snap.date_dim_1.d_date = DATE '2000-03-26'
|  |  |     limit: 2
|  |  |     mem-estimate=16.00MB mem-reservation=512.00KB thread-reservation=0
|  |  |     tuple-ids=8 row-size=8B cardinality=1 cost=10467
|  |  |     in pipelines: 06(GETNEXT)
|  |  |
|  |  05:SCAN HDFS [tpcds_partitioned_parquet_snap.date_dim, RANDOM]
|  |     HDFS partitions=1/1 files=1 size=2.17MB
|  |     predicates: tpcds_partitioned_parquet_snap.date_dim_0.d_week_seq IS NOT NULL
|  |     runtime filters: RF027[min_max] -> tpcds_partitioned_parquet_snap.date_dim_0.d_week_seq, RF026[bloom] -> tpcds_partitioned_parquet_snap.date_dim_0.d_week_seq
|  |     stored statistics:
|  |       table: rows=73.05K size=2.17MB
|  |       columns: all
|  |     extrapolated-rows=disabled max-scan-range-rows=73.05K
|  |     parquet dictionary predicates: tpcds_partitioned_parquet_snap.date_dim_0.d_week_seq IS NOT NULL
|  |     mem-estimate=16.00MB mem-reservation=512.00KB thread-reservation=0
|  |     tuple-ids=6 row-size=8B cardinality=7(filtered from 73.05K) cost=10467
|  |     in pipelines: 05(GETNEXT)
|  |
|  04:HASH JOIN [INNER JOIN, BROADCAST]
|  |  hash-table-id=03
|  |  hash predicates: tpcds_partitioned_parquet_snap.catalog_sales.cs_sold_date_sk = tpcds_partitioned_parquet_snap.date_dim.d_date_sk
|  |  fk/pk conjuncts: tpcds_partitioned_parquet_snap.catalog_sales.cs_sold_date_sk = tpcds_partitioned_parquet_snap.date_dim.d_date_sk
|  |  mem-estimate=0B mem-reservation=0B spill-buffer=256.00KB thread-reservation=0
|  |  tuple-ids=0,2,4 row-size=52B cardinality=4.30G cost=1880539756
|  |  in pipelines: 00(GETNEXT), 03(OPEN)
|  |
|  |--F25:PLAN FRAGMENT [RANDOM] hosts=10 instances=10
|  |  |  Per-Instance Resources: mem-estimate=57.57MB mem-reservation=57.00MB thread-reservation=1
|  |  |  max-parallelism=10 segment-costs=[170129]
|  |  JOIN BUILD
|  |  |  join-table-id=03 plan-id=04 cohort-id=02
|  |  |  build expressions: tpcds_partitioned_parquet_snap.date_dim.d_date_sk
|  |  |  mem-estimate=57.00MB mem-reservation=57.00MB spill-buffer=256.00KB thread-reservation=0 cost=73049
|  |  |
|  |  51:EXCHANGE [BROADCAST]
|  |  |  mem-estimate=582.70KB mem-reservation=0B thread-reservation=0
|  |  |  tuple-ids=4 row-size=8B cardinality=73.05K cost=97080
|  |  |  in pipelines: 03(GETNEXT)
|  |  |
|  |  F16:PLAN FRAGMENT [RANDOM] hosts=1 instances=1
|  |  Per-Host Shared Resources: mem-estimate=1.00MB mem-reservation=1.00MB thread-reservation=0 runtime-filters-memory=1.00MB
|  |  Per-Instance Resources: mem-estimate=16.05MB mem-reservation=1.00MB thread-reservation=1
|  |  max-parallelism=1 segment-costs=[13622]
|  |  03:SCAN HDFS [tpcds_partitioned_parquet_snap.date_dim, RANDOM]
|  |     HDFS partitions=1/1 files=1 size=2.17MB
|  |     predicates: tpcds_partitioned_parquet_snap.date_dim.d_date_sk IS NOT NULL
|  |     runtime filters: RF021[min_max] -> tpcds_partitioned_parquet_snap.date_dim.d_date, RF020[bloom] -> tpcds_partitioned_parquet_snap.date_dim.d_date
|  |     stored statistics:
|  |       table: rows=73.05K size=2.17MB
|  |       columns: all
|  |     extrapolated-rows=disabled max-scan-range-rows=73.05K
|  |     parquet dictionary predicates: tpcds_partitioned_parquet_snap.date_dim.d_date_sk IS NOT NULL
|  |     mem-estimate=16.00MB mem-reservation=1.00MB thread-reservation=0
|  |     tuple-ids=4 row-size=8B cardinality=73.05K cost=10467
|  |     in pipelines: 03(GETNEXT)
|  |
|  02:HASH JOIN [INNER JOIN, BROADCAST]
|  |  hash-table-id=04
|  |  hash predicates: tpcds_partitioned_parquet_snap.catalog_sales.cs_item_sk = tpcds_partitioned_parquet_snap.item.i_item_sk
|  |  fk/pk conjuncts: tpcds_partitioned_parquet_snap.catalog_sales.cs_item_sk = tpcds_partitioned_parquet_snap.item.i_item_sk
|  |  mem-estimate=0B mem-reservation=0B spill-buffer=2.00MB thread-reservation=0
|  |  tuple-ids=0,2 row-size=44B cardinality=4.30G cost=1880539756
|  |  in pipelines: 00(GETNEXT), 01(OPEN)
|  |
|  |--F26:PLAN FRAGMENT [RANDOM] hosts=10 instances=10
|  |  |  Per-Instance Resources: mem-estimate=419.14MB mem-reservation=409.00MB thread-reservation=1 runtime-filters-memory=1.00MB
|  |  |  max-parallelism=10 segment-costs=[838440]
|  |  JOIN BUILD
|  |  |  join-table-id=04 plan-id=05 cohort-id=02
|  |  |  build expressions: tpcds_partitioned_parquet_snap.item.i_item_sk
|  |  |  runtime filters: RF024[bloom] <- tpcds_partitioned_parquet_snap.item.i_item_sk, RF025[min_max] <- tpcds_partitioned_parquet_snap.item.i_item_sk
|  |  |  mem-estimate=408.00MB mem-reservation=408.00MB spill-buffer=2.00MB thread-reservation=0 cost=360000
|  |  |
|  |  50:EXCHANGE [BROADCAST]
|  |  |  mem-estimate=10.14MB mem-reservation=0B thread-reservation=0
|  |  |  tuple-ids=2 row-size=32B cardinality=360.00K cost=478440
|  |  |  in pipelines: 01(GETNEXT)
|  |  |
|  |  F15:PLAN FRAGMENT [RANDOM] hosts=4 instances=4
|  |  Per-Instance Resources: mem-estimate=16.14MB mem-reservation=512.00KB thread-reservation=1
|  |  max-parallelism=4 segment-costs=[162792]
|  |  01:SCAN HDFS [tpcds_partitioned_parquet_snap.item, RANDOM]
|  |     HDFS partitions=1/1 files=1 size=33.54MB
|  |     predicates: tpcds_partitioned_parquet_snap.item.i_item_id IS NOT NULL, tpcds_partitioned_parquet_snap.item.i_item_sk IS NOT NULL
|  |     stored statistics:
|  |       table: rows=360.00K size=33.54MB
|  |       columns: all
|  |     extrapolated-rows=disabled max-scan-range-rows=101.54K
|  |     parquet dictionary predicates: tpcds_partitioned_parquet_snap.item.i_item_id IS NOT NULL, tpcds_partitioned_parquet_snap.item.i_item_sk IS NOT NULL
|  |     mem-estimate=16.00MB mem-reservation=512.00KB thread-reservation=0
|  |     tuple-ids=2 row-size=32B cardinality=360.00K cost=123912
|  |     in pipelines: 01(GETNEXT)
|  |
|  00:SCAN HDFS [tpcds_partitioned_parquet_snap.catalog_sales, RANDOM]
|     partition predicates: tpcds_partitioned_parquet_snap.catalog_sales.cs_sold_date_sk IS NOT NULL
|     HDFS partitions=1830/1831 files=1830 size=280.81GB
|     predicates: tpcds_partitioned_parquet_snap.catalog_sales.cs_item_sk IS NOT NULL
|     runtime filters: RF025[min_max] -> tpcds_partitioned_parquet_snap.catalog_sales.cs_item_sk, RF024[bloom] -> tpcds_partitioned_parquet_snap.catalog_sales.cs_item_sk
|     stored statistics:
|       table: rows=4.32G size=280.96GB
|       partitions: 1830/1830 rows=4.30G
|       columns: all
|     extrapolated-rows=disabled max-scan-range-rows=5.09M
|     parquet dictionary predicates: tpcds_partitioned_parquet_snap.catalog_sales.cs_item_sk IS NOT NULL
|     mem-estimate=16.00MB mem-reservation=256.00KB thread-reservation=0
|     tuple-ids=0 row-size=12B cardinality=4.30G(filtered from 4.30G) cost=863580848
|     in pipelines: 00(GETNEXT)
|
33:HASH JOIN [INNER JOIN, PARTITIONED]
|  hash-table-id=05
|  hash predicates: tpcds_partitioned_parquet_snap.item_0.i_item_id = tpcds_partitioned_parquet_snap.item_1.i_item_id
|  fk/pk conjuncts: none
|  other join predicates: sum(tpcds_partitioned_parquet_snap.store_sales.ss_ext_sales_price) <= multiply(CAST(1.1 AS DECIMAL(2,1)), sum(tpcds_partitioned_parquet_snap.web_sales.ws_ext_sales_price)), sum(tpcds_partitioned_parquet_snap.store_sales.ss_ext_sales_price) >= multiply(CAST(0.9 AS DECIMAL(2,1)), sum(tpcds_partitioned_parquet_snap.web_sales.ws_ext_sales_price)), sum(tpcds_partitioned_parquet_snap.web_sales.ws_ext_sales_price) <= multiply(CAST(1.1 AS DECIMAL(2,1)), sum(tpcds_partitioned_parquet_snap.store_sales.ss_ext_sales_price)), sum(tpcds_partitioned_parquet_snap.web_sales.ws_ext_sales_price) >= multiply(CAST(0.9 AS DECIMAL(2,1)), sum(tpcds_partitioned_parquet_snap.store_sales.ss_ext_sales_price))
|  mem-estimate=0B mem-reservation=0B spill-buffer=64.00KB thread-reservation=0
|  tuple-ids=21,32 row-size=88B cardinality=36.00K cost=11283
|  in pipelines: 42(GETNEXT), 49(OPEN)
|
|--F27:PLAN FRAGMENT [HASH(tpcds_partitioned_parquet_snap.item_0.i_item_id)] hosts=10 instances=10 (adjusted from 120)
|  |  Per-Instance Resources: mem-estimate=19.15MB mem-reservation=10.44MB thread-reservation=1
|  |  max-parallelism=10 segment-costs=[993005, 18557] cpu-comparison-result=120 [max(10 (self) vs 120 (sum children))]
|  JOIN BUILD
|  |  join-table-id=05 plan-id=06 cohort-id=01
|  |  build expressions: tpcds_partitioned_parquet_snap.item_1.i_item_id
|  |  runtime filters: RF003[min_max] <- tpcds_partitioned_parquet_snap.item_1.i_item_id
|  |  mem-estimate=1.94MB mem-reservation=1.94MB spill-buffer=64.00KB thread-reservation=0 cost=18557
|  |
|  49:AGGREGATE [FINALIZE]
|  |  output: sum:merge(tpcds_partitioned_parquet_snap.store_sales.ss_ext_sales_price)
|  |  group by: tpcds_partitioned_parquet_snap.item_1.i_item_id
|  |  having: sum(tpcds_partitioned_parquet_snap.store_sales.ss_ext_sales_price) IS NOT NULL
|  |  mem-estimate=10.00MB mem-reservation=8.50MB spill-buffer=512.00KB thread-reservation=0
|  |  tuple-ids=32 row-size=44B cardinality=18.56K cost=729590
|  |  in pipelines: 49(GETNEXT), 22(OPEN)
|  |
|  48:EXCHANGE [HASH(tpcds_partitioned_parquet_snap.item_1.i_item_id)]
|  |  mem-estimate=9.15MB mem-reservation=0B thread-reservation=0
|  |  tuple-ids=32 row-size=44B cardinality=840.24K cost=263415
|  |  in pipelines: 22(GETNEXT)
|  |
|  F07:PLAN FRAGMENT [RANDOM] hosts=10 instances=120
|  Per-Host Shared Resources: mem-estimate=1.00MB mem-reservation=1.00MB thread-reservation=0 runtime-filters-memory=1.00MB
|  Per-Instance Resources: mem-estimate=27.88MB mem-reservation=2.50MB thread-reservation=1
|  max-parallelism=1100 segment-costs=[10993148325, 2813795] cpu-comparison-result=120 [max(120 (self) vs 36 (sum children))]
|  32:AGGREGATE [STREAMING]
|  |  output: sum(tpcds_partitioned_parquet_snap.store_sales.ss_ext_sales_price)
|  |  group by: tpcds_partitioned_parquet_snap.item_1.i_item_id
|  |  mem-estimate=10.00MB mem-reservation=2.00MB spill-buffer=64.00KB thread-reservation=0
|  |  tuple-ids=32 row-size=44B cardinality=840.24K cost=2441164
|  |  in pipelines: 22(GETNEXT)
|  |
|  31:HASH JOIN [LEFT SEMI JOIN, BROADCAST]
|  |  hash-table-id=06
|  |  hash predicates: tpcds_partitioned_parquet_snap.date_dim_5.d_date = tpcds_partitioned_parquet_snap.date_dim_6.d_date
|  |  mem-estimate=0B mem-reservation=0B spill-buffer=64.00KB thread-reservation=0
|  |  tuple-ids=22,24,26 row-size=52B cardinality=856.38K cost=2115149273
|  |  in pipelines: 22(GETNEXT), 27(OPEN)
|  |
|  |--F28:PLAN FRAGMENT [RANDOM] hosts=10 instances=10
|  |  |  Per-Instance Resources: mem-estimate=24.27MB mem-reservation=24.25MB thread-reservation=1 runtime-filters-memory=1.00MB
|  |  |  max-parallelism=10 segment-costs=[7] cpu-comparison-result=11 [max(11 (self) vs 2 (sum children))]
|  |  JOIN BUILD
|  |  |  join-table-id=06 plan-id=07 cohort-id=04
|  |  |  build expressions: tpcds_partitioned_parquet_snap.date_dim_6.d_date
|  |  |  runtime filters: RF012[bloom] <- tpcds_partitioned_parquet_snap.date_dim_6.d_date, RF013[min_max] <- tpcds_partitioned_parquet_snap.date_dim_6.d_date
|  |  |  mem-estimate=23.25MB mem-reservation=23.25MB spill-buffer=64.00KB thread-reservation=0 cost=7
|  |  |
|  |  47:EXCHANGE [BROADCAST]
|  |  |  mem-estimate=16.00KB mem-reservation=0B thread-reservation=0
|  |  |  tuple-ids=28,30 row-size=16B cardinality=7 cost=0
|  |  |  in pipelines: 27(GETNEXT)
|  |  |
|  |  F10:PLAN FRAGMENT [RANDOM] hosts=1 instances=1
|  |  Per-Host Shared Resources: mem-estimate=1.00MB mem-reservation=1.00MB thread-reservation=0 runtime-filters-memory=1.00MB
|  |  Per-Instance Resources: mem-estimate=16.09MB mem-reservation=512.00KB thread-reservation=1
|  |  max-parallelism=1 segment-costs=[10470]
|  |  30:HASH JOIN [INNER JOIN, BROADCAST]
|  |  |  hash-table-id=07
|  |  |  hash predicates: tpcds_partitioned_parquet_snap.date_dim_6.d_week_seq = tpcds_partitioned_parquet_snap.date_dim_7.d_week_seq
|  |  |  fk/pk conjuncts: none
|  |  |  mem-estimate=0B mem-reservation=0B spill-buffer=64.00KB thread-reservation=0
|  |  |  tuple-ids=28,30 row-size=16B cardinality=7 cost=3
|  |  |  in pipelines: 27(GETNEXT), 29(OPEN)
|  |  |
|  |  |--F29:PLAN FRAGMENT [RANDOM] hosts=1 instances=1
|  |  |  |  Per-Instance Resources: mem-estimate=2.95MB mem-reservation=2.94MB thread-reservation=1 runtime-filters-memory=1.00MB
|  |  |  |  max-parallelism=1 segment-costs=[1] cpu-comparison-result=2 [max(1 (self) vs 2 (sum children))]
|  |  |  JOIN BUILD
|  |  |  |  join-table-id=07 plan-id=08 cohort-id=05
|  |  |  |  build expressions: tpcds_partitioned_parquet_snap.date_dim_7.d_week_seq
|  |  |  |  runtime filters: RF018[bloom] <- tpcds_partitioned_parquet_snap.date_dim_7.d_week_seq, RF019[min_max] <- tpcds_partitioned_parquet_snap.date_dim_7.d_week_seq
|  |  |  |  mem-estimate=1.94MB mem-reservation=1.94MB spill-buffer=64.00KB thread-reservation=0 cost=1
|  |  |  |
|  |  |  46:EXCHANGE [BROADCAST]
|  |  |  |  mem-estimate=16.00KB mem-reservation=0B thread-reservation=0
|  |  |  |  tuple-ids=30 row-size=8B cardinality=1 cost=0
|  |  |  |  in pipelines: 29(GETNEXT)
|  |  |  |
|  |  |  F12:PLAN FRAGMENT [UNPARTITIONED] hosts=1 instances=1
|  |  |  Per-Instance Resources: mem-estimate=48.00KB mem-reservation=0B thread-reservation=1
|  |  |  max-parallelism=1 segment-costs=[0, 0]
|  |  |  29:CARDINALITY CHECK
|  |  |  |  limit: 1
|  |  |  |  mem-estimate=0B mem-reservation=0B thread-reservation=0
|  |  |  |  tuple-ids=30 row-size=8B cardinality=1 cost=0
|  |  |  |  in pipelines: 29(GETNEXT), 28(OPEN)
|  |  |  |
|  |  |  45:EXCHANGE [UNPARTITIONED]
|  |  |  |  limit: 2
|  |  |  |  mem-estimate=16.00KB mem-reservation=0B thread-reservation=0
|  |  |  |  tuple-ids=30 row-size=8B cardinality=1 cost=0
|  |  |  |  in pipelines: 28(GETNEXT)
|  |  |  |
|  |  |  F11:PLAN FRAGMENT [RANDOM] hosts=1 instances=1
|  |  |  Per-Instance Resources: mem-estimate=16.05MB mem-reservation=512.00KB thread-reservation=1
|  |  |  max-parallelism=1 segment-costs=[10468]
|  |  |  28:SCAN HDFS [tpcds_partitioned_parquet_snap.date_dim, RANDOM]
|  |  |     HDFS partitions=1/1 files=1 size=2.17MB
|  |  |     predicates: tpcds_partitioned_parquet_snap.date_dim_7.d_date = DATE '2000-03-26'
|  |  |     stored statistics:
|  |  |       table: rows=73.05K size=2.17MB
|  |  |       columns: all
|  |  |     extrapolated-rows=disabled max-scan-range-rows=73.05K
|  |  |     parquet statistics predicates: tpcds_partitioned_parquet_snap.date_dim_7.d_date = DATE '2000-03-26'
|  |  |     parquet dictionary predicates: tpcds_partitioned_parquet_snap.date_dim_7.d_date = DATE '2000-03-26'
|  |  |     limit: 2
|  |  |     mem-estimate=16.00MB mem-reservation=512.00KB thread-reservation=0
|  |  |     tuple-ids=30 row-size=8B cardinality=1 cost=10467
|  |  |     in pipelines: 28(GETNEXT)
|  |  |
|  |  27:SCAN HDFS [tpcds_partitioned_parquet_snap.date_dim, RANDOM]
|  |     HDFS partitions=1/1 files=1 size=2.17MB
|  |     predicates: tpcds_partitioned_parquet_snap.date_dim_6.d_week_seq IS NOT NULL
|  |     runtime filters: RF019[min_max] -> tpcds_partitioned_parquet_snap.date_dim_6.d_week_seq, RF018[bloom] -> tpcds_partitioned_parquet_snap.date_dim_6.d_week_seq
|  |     stored statistics:
|  |       table: rows=73.05K size=2.17MB
|  |       columns: all
|  |     extrapolated-rows=disabled max-scan-range-rows=73.05K
|  |     parquet dictionary predicates: tpcds_partitioned_parquet_snap.date_dim_6.d_week_seq IS NOT NULL
|  |     mem-estimate=16.00MB mem-reservation=512.00KB thread-reservation=0
|  |     tuple-ids=28 row-size=8B cardinality=7(filtered from 73.05K) cost=10467
|  |     in pipelines: 27(GETNEXT)
|  |
|  26:HASH JOIN [INNER JOIN, BROADCAST]
|  |  hash-table-id=08
|  |  hash predicates: tpcds_partitioned_parquet_snap.store_sales.ss_sold_date_sk = tpcds_partitioned_parquet_snap.date_dim_5.d_date_sk
|  |  fk/pk conjuncts: tpcds_partitioned_parquet_snap.store_sales.ss_sold_date_sk = tpcds_partitioned_parquet_snap.date_dim_5.d_date_sk
|  |  mem-estimate=0B mem-reservation=0B spill-buffer=256.00KB thread-reservation=0
|  |  tuple-ids=22,24,26 row-size=52B cardinality=8.25G(filtered from 8.25G) cost=3609095191
|  |  in pipelines: 22(GETNEXT), 25(OPEN)
|  |
|  |--F30:PLAN FRAGMENT [RANDOM] hosts=10 instances=10
|  |  |  Per-Instance Resources: mem-estimate=57.57MB mem-reservation=57.00MB thread-reservation=1
|  |  |  max-parallelism=10 segment-costs=[170129]
|  |  JOIN BUILD
|  |  |  join-table-id=08 plan-id=09 cohort-id=04
|  |  |  build expressions: tpcds_partitioned_parquet_snap.date_dim_5.d_date_sk
|  |  |  mem-estimate=57.00MB mem-reservation=57.00MB spill-buffer=256.00KB thread-reservation=0 cost=73049
|  |  |
|  |  44:EXCHANGE [BROADCAST]
|  |  |  mem-estimate=582.70KB mem-reservation=0B thread-reservation=0
|  |  |  tuple-ids=26 row-size=8B cardinality=73.05K cost=97080
|  |  |  in pipelines: 25(GETNEXT)
|  |  |
|  |  F09:PLAN FRAGMENT [RANDOM] hosts=1 instances=1
|  |  Per-Host Shared Resources: mem-estimate=1.00MB mem-reservation=1.00MB thread-reservation=0 runtime-filters-memory=1.00MB
|  |  Per-Instance Resources: mem-estimate=16.05MB mem-reservation=1.00MB thread-reservation=1
|  |  max-parallelism=1 segment-costs=[13622]
|  |  25:SCAN HDFS [tpcds_partitioned_parquet_snap.date_dim, RANDOM]
|  |     HDFS partitions=1/1 files=1 size=2.17MB
|  |     predicates: tpcds_partitioned_parquet_snap.date_dim_5.d_date_sk IS NOT NULL
|  |     runtime filters: RF013[min_max] -> tpcds_partitioned_parquet_snap.date_dim_5.d_date, RF012[bloom] -> tpcds_partitioned_parquet_snap.date_dim_5.d_date
|  |     stored statistics:
|  |       table: rows=73.05K size=2.17MB
|  |       columns: all
|  |     extrapolated-rows=disabled max-scan-range-rows=73.05K
|  |     parquet dictionary predicates: tpcds_partitioned_parquet_snap.date_dim_5.d_date_sk IS NOT NULL
|  |     mem-estimate=16.00MB mem-reservation=1.00MB thread-reservation=0
|  |     tuple-ids=26 row-size=8B cardinality=73.05K cost=10467
|  |     in pipelines: 25(GETNEXT)
|  |
|  24:HASH JOIN [INNER JOIN, BROADCAST]
|  |  hash-table-id=09
|  |  hash predicates: tpcds_partitioned_parquet_snap.store_sales.ss_item_sk = tpcds_partitioned_parquet_snap.item_1.i_item_sk
|  |  fk/pk conjuncts: tpcds_partitioned_parquet_snap.store_sales.ss_item_sk = tpcds_partitioned_parquet_snap.item_1.i_item_sk
|  |  mem-estimate=0B mem-reservation=0B spill-buffer=2.00MB thread-reservation=0
|  |  tuple-ids=22,24 row-size=44B cardinality=8.25G(filtered from 8.25G) cost=3609095191
|  |  in pipelines: 22(GETNEXT), 23(OPEN)
|  |
|  |--F31:PLAN FRAGMENT [RANDOM] hosts=10 instances=10
|  |  |  Per-Instance Resources: mem-estimate=419.14MB mem-reservation=409.00MB thread-reservation=1 runtime-filters-memory=1.00MB
|  |  |  max-parallelism=10 segment-costs=[838440]
|  |  JOIN BUILD
|  |  |  join-table-id=09 plan-id=10 cohort-id=04
|  |  |  build expressions: tpcds_partitioned_parquet_snap.item_1.i_item_sk
|  |  |  runtime filters: RF016[bloom] <- tpcds_partitioned_parquet_snap.item_1.i_item_sk, RF017[min_max] <- tpcds_partitioned_parquet_snap.item_1.i_item_sk
|  |  |  mem-estimate=408.00MB mem-reservation=408.00MB spill-buffer=2.00MB thread-reservation=0 cost=360000
|  |  |
|  |  43:EXCHANGE [BROADCAST]
|  |  |  mem-estimate=10.14MB mem-reservation=0B thread-reservation=0
|  |  |  tuple-ids=24 row-size=32B cardinality=360.00K cost=478440
|  |  |  in pipelines: 23(GETNEXT)
|  |  |
|  |  F08:PLAN FRAGMENT [RANDOM] hosts=4 instances=4
|  |  Per-Host Shared Resources: mem-estimate=1.00MB mem-reservation=1.00MB thread-reservation=0 runtime-filters-memory=1.00MB
|  |  Per-Instance Resources: mem-estimate=16.14MB mem-reservation=512.00KB thread-reservation=1
|  |  max-parallelism=4 segment-costs=[162792]
|  |  23:SCAN HDFS [tpcds_partitioned_parquet_snap.item, RANDOM]
|  |     HDFS partitions=1/1 files=1 size=33.54MB
|  |     predicates: tpcds_partitioned_parquet_snap.item_1.i_item_id IS NOT NULL, tpcds_partitioned_parquet_snap.item_1.i_item_sk IS NOT NULL
|  |     runtime filters: RF001[min_max] -> tpcds_partitioned_parquet_snap.item_1.i_item_id, RF000[bloom] -> tpcds_partitioned_parquet_snap.item_1.i_item_id
|  |     stored statistics:
|  |       table: rows=360.00K size=33.54MB
|  |       columns: all
|  |     extrapolated-rows=disabled max-scan-range-rows=101.54K
|  |     parquet dictionary predicates: tpcds_partitioned_parquet_snap.item_1.i_item_id IS NOT NULL, tpcds_partitioned_parquet_snap.item_1.i_item_sk IS NOT NULL
|  |     mem-estimate=16.00MB mem-reservation=512.00KB thread-reservation=0
|  |     tuple-ids=24 row-size=32B cardinality=360.00K cost=123912
|  |     in pipelines: 23(GETNEXT)
|  |
|  22:SCAN HDFS [tpcds_partitioned_parquet_snap.store_sales, RANDOM]
|     partition predicates: tpcds_partitioned_parquet_snap.store_sales.ss_sold_date_sk IS NOT NULL
|     HDFS partitions=1823/1824 files=1823 size=389.69GB
|     predicates: tpcds_partitioned_parquet_snap.store_sales.ss_item_sk IS NOT NULL
|     runtime filters: RF017[min_max] -> tpcds_partitioned_parquet_snap.store_sales.ss_item_sk, RF016[bloom] -> tpcds_partitioned_parquet_snap.store_sales.ss_item_sk
|     stored statistics:
|       table: rows=8.64G size=389.90GB
|       partitions: 1823/1823 rows=8.25G
|       columns: all
|     extrapolated-rows=disabled max-scan-range-rows=12.22M
|     parquet dictionary predicates: tpcds_partitioned_parquet_snap.store_sales.ss_item_sk IS NOT NULL
|     mem-estimate=16.00MB mem-reservation=512.00KB thread-reservation=0
|     tuple-ids=22 row-size=12B cardinality=8.25G(filtered from 8.25G) cost=1657367506
|     in pipelines: 22(GETNEXT)
|
42:AGGREGATE [FINALIZE]
|  output: sum:merge(tpcds_partitioned_parquet_snap.web_sales.ws_ext_sales_price)
|  group by: tpcds_partitioned_parquet_snap.item_0.i_item_id
|  having: sum(tpcds_partitioned_parquet_snap.web_sales.ws_ext_sales_price) IS NOT NULL
|  mem-estimate=10.00MB mem-reservation=1.94MB spill-buffer=64.00KB thread-reservation=0
|  tuple-ids=21 row-size=44B cardinality=18.56K cost=549106
|  in pipelines: 42(GETNEXT), 11(OPEN)
|
41:EXCHANGE [HASH(tpcds_partitioned_parquet_snap.item_0.i_item_id)]
|  mem-estimate=6.56MB mem-reservation=0B thread-reservation=0
|  tuple-ids=21 row-size=44B cardinality=223.20K cost=69973
|  in pipelines: 11(GETNEXT)
|
F00:PLAN FRAGMENT [RANDOM] hosts=10 instances=120
Per-Host Shared Resources: mem-estimate=1.00MB mem-reservation=1.00MB thread-reservation=0 runtime-filters-memory=1.00MB
Per-Instance Resources: mem-estimate=27.88MB mem-reservation=2.12MB thread-reservation=1
max-parallelism=290 segment-costs=[2877515580, 747452] cpu-comparison-result=120 [max(120 (self) vs 36 (sum children))]
21:AGGREGATE [STREAMING]
|  output: sum(tpcds_partitioned_parquet_snap.web_sales.ws_ext_sales_price)
|  group by: tpcds_partitioned_parquet_snap.item_0.i_item_id
|  mem-estimate=10.00MB mem-reservation=2.00MB spill-buffer=64.00KB thread-reservation=0
|  tuple-ids=21 row-size=44B cardinality=223.20K cost=647494
|  in pipelines: 11(GETNEXT)
|
20:HASH JOIN [LEFT SEMI JOIN, BROADCAST]
|  hash-table-id=10
|  hash predicates: tpcds_partitioned_parquet_snap.date_dim_2.d_date = tpcds_partitioned_parquet_snap.date_dim_3.d_date
|  mem-estimate=0B mem-reservation=0B spill-buffer=64.00KB thread-reservation=0
|  tuple-ids=11,13,15 row-size=52B cardinality=224.16K cost=553650038
|  in pipelines: 11(GETNEXT), 16(OPEN)
|
|--F32:PLAN FRAGMENT [RANDOM] hosts=10 instances=10
|  |  Per-Instance Resources: mem-estimate=24.27MB mem-reservation=24.25MB thread-reservation=1 runtime-filters-memory=1.00MB
|  |  max-parallelism=10 segment-costs=[7] cpu-comparison-result=11 [max(11 (self) vs 2 (sum children))]
|  JOIN BUILD
|  |  join-table-id=10 plan-id=11 cohort-id=01
|  |  build expressions: tpcds_partitioned_parquet_snap.date_dim_3.d_date
|  |  runtime filters: RF004[bloom] <- tpcds_partitioned_parquet_snap.date_dim_3.d_date, RF005[min_max] <- tpcds_partitioned_parquet_snap.date_dim_3.d_date
|  |  mem-estimate=23.25MB mem-reservation=23.25MB spill-buffer=64.00KB thread-reservation=0 cost=7
|  |
|  40:EXCHANGE [BROADCAST]
|  |  mem-estimate=16.00KB mem-reservation=0B thread-reservation=0
|  |  tuple-ids=17,19 row-size=16B cardinality=7 cost=0
|  |  in pipelines: 16(GETNEXT)
|  |
|  F03:PLAN FRAGMENT [RANDOM] hosts=1 instances=1
|  Per-Host Shared Resources: mem-estimate=1.00MB mem-reservation=1.00MB thread-reservation=0 runtime-filters-memory=1.00MB
|  Per-Instance Resources: mem-estimate=16.09MB mem-reservation=512.00KB thread-reservation=1
|  max-parallelism=1 segment-costs=[10470]
|  19:HASH JOIN [INNER JOIN, BROADCAST]
|  |  hash-table-id=11
|  |  hash predicates: tpcds_partitioned_parquet_snap.date_dim_3.d_week_seq = tpcds_partitioned_parquet_snap.date_dim_4.d_week_seq
|  |  fk/pk conjuncts: none
|  |  mem-estimate=0B mem-reservation=0B spill-buffer=64.00KB thread-reservation=0
|  |  tuple-ids=17,19 row-size=16B cardinality=7 cost=3
|  |  in pipelines: 16(GETNEXT), 18(OPEN)
|  |
|  |--F33:PLAN FRAGMENT [RANDOM] hosts=1 instances=1
|  |  |  Per-Instance Resources: mem-estimate=2.95MB mem-reservation=2.94MB thread-reservation=1 runtime-filters-memory=1.00MB
|  |  |  max-parallelism=1 segment-costs=[1] cpu-comparison-result=2 [max(1 (self) vs 2 (sum children))]
|  |  JOIN BUILD
|  |  |  join-table-id=11 plan-id=12 cohort-id=06
|  |  |  build expressions: tpcds_partitioned_parquet_snap.date_dim_4.d_week_seq
|  |  |  runtime filters: RF010[bloom] <- tpcds_partitioned_parquet_snap.date_dim_4.d_week_seq, RF011[min_max] <- tpcds_partitioned_parquet_snap.date_dim_4.d_week_seq
|  |  |  mem-estimate=1.94MB mem-reservation=1.94MB spill-buffer=64.00KB thread-reservation=0 cost=1
|  |  |
|  |  39:EXCHANGE [BROADCAST]
|  |  |  mem-estimate=16.00KB mem-reservation=0B thread-reservation=0
|  |  |  tuple-ids=19 row-size=8B cardinality=1 cost=0
|  |  |  in pipelines: 18(GETNEXT)
|  |  |
|  |  F05:PLAN FRAGMENT [UNPARTITIONED] hosts=1 instances=1
|  |  Per-Instance Resources: mem-estimate=48.00KB mem-reservation=0B thread-reservation=1
|  |  max-parallelism=1 segment-costs=[0, 0]
|  |  18:CARDINALITY CHECK
|  |  |  limit: 1
|  |  |  mem-estimate=0B mem-reservation=0B thread-reservation=0
|  |  |  tuple-ids=19 row-size=8B cardinality=1 cost=0
|  |  |  in pipelines: 18(GETNEXT), 17(OPEN)
|  |  |
|  |  38:EXCHANGE [UNPARTITIONED]
|  |  |  limit: 2
|  |  |  mem-estimate=16.00KB mem-reservation=0B thread-reservation=0
|  |  |  tuple-ids=19 row-size=8B cardinality=1 cost=0
|  |  |  in pipelines: 17(GETNEXT)
|  |  |
|  |  F04:PLAN FRAGMENT [RANDOM] hosts=1 instances=1
|  |  Per-Instance Resources: mem-estimate=16.05MB mem-reservation=512.00KB thread-reservation=1
|  |  max-parallelism=1 segment-costs=[10468]
|  |  17:SCAN HDFS [tpcds_partitioned_parquet_snap.date_dim, RANDOM]
|  |     HDFS partitions=1/1 files=1 size=2.17MB
|  |     predicates: tpcds_partitioned_parquet_snap.date_dim_4.d_date = DATE '2000-03-26'
|  |     stored statistics:
|  |       table: rows=73.05K size=2.17MB
|  |       columns: all
|  |     extrapolated-rows=disabled max-scan-range-rows=73.05K
|  |     parquet statistics predicates: tpcds_partitioned_parquet_snap.date_dim_4.d_date = DATE '2000-03-26'
|  |     parquet dictionary predicates: tpcds_partitioned_parquet_snap.date_dim_4.d_date = DATE '2000-03-26'
|  |     limit: 2
|  |     mem-estimate=16.00MB mem-reservation=512.00KB thread-reservation=0
|  |     tuple-ids=19 row-size=8B cardinality=1 cost=10467
|  |     in pipelines: 17(GETNEXT)
|  |
|  16:SCAN HDFS [tpcds_partitioned_parquet_snap.date_dim, RANDOM]
|     HDFS partitions=1/1 files=1 size=2.17MB
|     predicates: tpcds_partitioned_parquet_snap.date_dim_3.d_week_seq IS NOT NULL
|     runtime filters: RF011[min_max] -> tpcds_partitioned_parquet_snap.date_dim_3.d_week_seq, RF010[bloom] -> tpcds_partitioned_parquet_snap.date_dim_3.d_week_seq
|     stored statistics:
|       table: rows=73.05K size=2.17MB
|       columns: all
|     extrapolated-rows=disabled max-scan-range-rows=73.05K
|     parquet dictionary predicates: tpcds_partitioned_parquet_snap.date_dim_3.d_week_seq IS NOT NULL
|     mem-estimate=16.00MB mem-reservation=512.00KB thread-reservation=0
|     tuple-ids=17 row-size=8B cardinality=7(filtered from 73.05K) cost=10467
|     in pipelines: 16(GETNEXT)
|
15:HASH JOIN [INNER JOIN, BROADCAST]
|  hash-table-id=12
|  hash predicates: tpcds_partitioned_parquet_snap.web_sales.ws_sold_date_sk = tpcds_partitioned_parquet_snap.date_dim_2.d_date_sk
|  fk/pk conjuncts: tpcds_partitioned_parquet_snap.web_sales.ws_sold_date_sk = tpcds_partitioned_parquet_snap.date_dim_2.d_date_sk
|  mem-estimate=0B mem-reservation=0B spill-buffer=256.00KB thread-reservation=0
|  tuple-ids=11,13,15 row-size=52B cardinality=2.16G(filtered from 2.16G) cost=944697245
|  in pipelines: 11(GETNEXT), 14(OPEN)
|
|--F34:PLAN FRAGMENT [RANDOM] hosts=10 instances=10
|  |  Per-Instance Resources: mem-estimate=57.57MB mem-reservation=57.00MB thread-reservation=1
|  |  max-parallelism=10 segment-costs=[170129]
|  JOIN BUILD
|  |  join-table-id=12 plan-id=13 cohort-id=01
|  |  build expressions: tpcds_partitioned_parquet_snap.date_dim_2.d_date_sk
|  |  mem-estimate=57.00MB mem-reservation=57.00MB spill-buffer=256.00KB thread-reservation=0 cost=73049
|  |
|  37:EXCHANGE [BROADCAST]
|  |  mem-estimate=582.70KB mem-reservation=0B thread-reservation=0
|  |  tuple-ids=15 row-size=8B cardinality=73.05K cost=97080
|  |  in pipelines: 14(GETNEXT)
|  |
|  F02:PLAN FRAGMENT [RANDOM] hosts=1 instances=1
|  Per-Host Shared Resources: mem-estimate=1.00MB mem-reservation=1.00MB thread-reservation=0 runtime-filters-memory=1.00MB
|  Per-Instance Resources: mem-estimate=16.05MB mem-reservation=1.00MB thread-reservation=1
|  max-parallelism=1 segment-costs=[13622]
|  14:SCAN HDFS [tpcds_partitioned_parquet_snap.date_dim, RANDOM]
|     HDFS partitions=1/1 files=1 size=2.17MB
|     predicates: tpcds_partitioned_parquet_snap.date_dim_2.d_date_sk IS NOT NULL
|     runtime filters: RF005[min_max] -> tpcds_partitioned_parquet_snap.date_dim_2.d_date, RF004[bloom] -> tpcds_partitioned_parquet_snap.date_dim_2.d_date
|     stored statistics:
|       table: rows=73.05K size=2.17MB
|       columns: all
|     extrapolated-rows=disabled max-scan-range-rows=73.05K
|     parquet dictionary predicates: tpcds_partitioned_parquet_snap.date_dim_2.d_date_sk IS NOT NULL
|     mem-estimate=16.00MB mem-reservation=1.00MB thread-reservation=0
|     tuple-ids=15 row-size=8B cardinality=73.05K cost=10467
|     in pipelines: 14(GETNEXT)
|
13:HASH JOIN [INNER JOIN, BROADCAST]
|  hash-table-id=13
|  hash predicates: tpcds_partitioned_parquet_snap.web_sales.ws_item_sk = tpcds_partitioned_parquet_snap.item_0.i_item_sk
|  fk/pk conjuncts: tpcds_partitioned_parquet_snap.web_sales.ws_item_sk = tpcds_partitioned_parquet_snap.item_0.i_item_sk
|  mem-estimate=0B mem-reservation=0B spill-buffer=2.00MB thread-reservation=0
|  tuple-ids=11,13 row-size=44B cardinality=2.16G(filtered from 2.16G) cost=944697245
|  in pipelines: 11(GETNEXT), 12(OPEN)
|
|--F35:PLAN FRAGMENT [RANDOM] hosts=10 instances=10
|  |  Per-Instance Resources: mem-estimate=419.14MB mem-reservation=409.00MB thread-reservation=1 runtime-filters-memory=1.00MB
|  |  max-parallelism=10 segment-costs=[838440]
|  JOIN BUILD
|  |  join-table-id=13 plan-id=14 cohort-id=01
|  |  build expressions: tpcds_partitioned_parquet_snap.item_0.i_item_sk
|  |  runtime filters: RF008[bloom] <- tpcds_partitioned_parquet_snap.item_0.i_item_sk, RF009[min_max] <- tpcds_partitioned_parquet_snap.item_0.i_item_sk
|  |  mem-estimate=408.00MB mem-reservation=408.00MB spill-buffer=2.00MB thread-reservation=0 cost=360000
|  |
|  36:EXCHANGE [BROADCAST]
|  |  mem-estimate=10.14MB mem-reservation=0B thread-reservation=0
|  |  tuple-ids=13 row-size=32B cardinality=360.00K cost=478440
|  |  in pipelines: 12(GETNEXT)
|  |
|  F01:PLAN FRAGMENT [RANDOM] hosts=4 instances=4
|  Per-Host Shared Resources: mem-estimate=1.00MB mem-reservation=1.00MB thread-reservation=0 runtime-filters-memory=1.00MB
|  Per-Instance Resources: mem-estimate=16.14MB mem-reservation=512.00KB thread-reservation=1
|  max-parallelism=4 segment-costs=[162792]
|  12:SCAN HDFS [tpcds_partitioned_parquet_snap.item, RANDOM]
|     HDFS partitions=1/1 files=1 size=33.54MB
|     predicates: tpcds_partitioned_parquet_snap.item_0.i_item_id IS NOT NULL, tpcds_partitioned_parquet_snap.item_0.i_item_sk IS NOT NULL
|     runtime filters: RF001[min_max] -> tpcds_partitioned_parquet_snap.item_0.i_item_id, RF003[min_max] -> tpcds_partitioned_parquet_snap.item_0.i_item_id, RF000[bloom] -> tpcds_partitioned_parquet_snap.item_0.i_item_id
|     stored statistics:
|       table: rows=360.00K size=33.54MB
|       columns: all
|     extrapolated-rows=disabled max-scan-range-rows=101.54K
|     parquet dictionary predicates: tpcds_partitioned_parquet_snap.item_0.i_item_id IS NOT NULL, tpcds_partitioned_parquet_snap.item_0.i_item_sk IS NOT NULL
|     mem-estimate=16.00MB mem-reservation=512.00KB thread-reservation=0
|     tuple-ids=13 row-size=32B cardinality=360.00K cost=123912
|     in pipelines: 12(GETNEXT)
|
11:SCAN HDFS [tpcds_partitioned_parquet_snap.web_sales, RANDOM]
   partition predicates: tpcds_partitioned_parquet_snap.web_sales.ws_sold_date_sk IS NOT NULL
   HDFS partitions=1823/1824 files=1823 size=145.67GB
   predicates: tpcds_partitioned_parquet_snap.web_sales.ws_item_sk IS NOT NULL
   runtime filters: RF009[min_max] -> tpcds_partitioned_parquet_snap.web_sales.ws_item_sk, RF008[bloom] -> tpcds_partitioned_parquet_snap.web_sales.ws_item_sk
   stored statistics:
     table: rows=2.16G size=145.75GB
     partitions: 1823/1823 rows=2.16G
     columns: all
   extrapolated-rows=disabled max-scan-range-rows=3.37M
   parquet dictionary predicates: tpcds_partitioned_parquet_snap.web_sales.ws_item_sk IS NOT NULL
   mem-estimate=16.00MB mem-reservation=128.00KB thread-reservation=0
   tuple-ids=11 row-size=12B cardinality=2.16G(filtered from 2.16G) cost=433823558
   in pipelines: 11(GETNEXT)
---- PARALLELPLANS
Max Per-Host Resource Reservation: Memory=1.57GB Threads=67
Per-Host Resource Estimates: Memory=2.71GB
F21:PLAN FRAGMENT [UNPARTITIONED] hosts=1 instances=1
|  Per-Instance Resources: mem-estimate=4.08MB mem-reservation=4.00MB thread-reservation=1
|  max-parallelism=1 segment-costs=[840] cpu-comparison-result=360 [max(1 (self) vs 360 (sum children))]
PLAN-ROOT SINK
|  output exprs: tpcds_partitioned_parquet_snap.item_1.i_item_id, sum(tpcds_partitioned_parquet_snap.store_sales.ss_ext_sales_price), multiply(divide(sum(tpcds_partitioned_parquet_snap.store_sales.ss_ext_sales_price), divide(add(add(sum(tpcds_partitioned_parquet_snap.store_sales.ss_ext_sales_price), sum(tpcds_partitioned_parquet_snap.catalog_sales.cs_ext_sales_price)), sum(tpcds_partitioned_parquet_snap.web_sales.ws_ext_sales_price)), CAST(3 AS DECIMAL(3,0)))), CAST(100 AS DECIMAL(3,0))), sum(tpcds_partitioned_parquet_snap.catalog_sales.cs_ext_sales_price), multiply(divide(sum(tpcds_partitioned_parquet_snap.catalog_sales.cs_ext_sales_price), divide(add(add(sum(tpcds_partitioned_parquet_snap.store_sales.ss_ext_sales_price), sum(tpcds_partitioned_parquet_snap.catalog_sales.cs_ext_sales_price)), sum(tpcds_partitioned_parquet_snap.web_sales.ws_ext_sales_price)), CAST(3 AS DECIMAL(3,0)))), CAST(100 AS DECIMAL(3,0))), sum(tpcds_partitioned_parquet_snap.web_sales.ws_ext_sales_price), multiply(divide(sum(tpcds_partitioned_parquet_snap.web_sales.ws_ext_sales_price), divide(add(add(sum(tpcds_partitioned_parquet_snap.store_sales.ss_ext_sales_price), sum(tpcds_partitioned_parquet_snap.catalog_sales.cs_ext_sales_price)), sum(tpcds_partitioned_parquet_snap.web_sales.ws_ext_sales_price)), CAST(3 AS DECIMAL(3,0)))), CAST(100 AS DECIMAL(3,0))), divide(add(add(sum(tpcds_partitioned_parquet_snap.store_sales.ss_ext_sales_price), sum(tpcds_partitioned_parquet_snap.catalog_sales.cs_ext_sales_price)), sum(tpcds_partitioned_parquet_snap.web_sales.ws_ext_sales_price)), CAST(3 AS DECIMAL(3,0)))
|  mem-estimate=4.00MB mem-reservation=4.00MB spill-buffer=2.00MB thread-reservation=0 cost=800
|
57:MERGING-EXCHANGE [UNPARTITIONED]
|  order by: tpcds_partitioned_parquet_snap.item_1.i_item_id ASC NULLS LAST, sum(tpcds_partitioned_parquet_snap.store_sales.ss_ext_sales_price) ASC NULLS LAST
|  limit: 100
|  mem-estimate=78.87KB mem-reservation=0B thread-reservation=0
|  tuple-ids=33 row-size=76B cardinality=100 cost=40
|  in pipelines: 35(GETNEXT)
|
F06:PLAN FRAGMENT [HASH(tpcds_partitioned_parquet_snap.item_0.i_item_id)] hosts=10 instances=10 (adjusted from 120)
Per-Instance Resources: mem-estimate=16.56MB mem-reservation=1.94MB thread-reservation=1
max-parallelism=10 segment-costs=[619079, 334246, 230] cpu-comparison-result=360 [max(10 (self) vs 360 (sum children))]
35:TOP-N [LIMIT=100]
|  order by: tpcds_partitioned_parquet_snap.item_1.i_item_id ASC NULLS LAST, sum(tpcds_partitioned_parquet_snap.store_sales.ss_ext_sales_price) ASC NULLS LAST
|  mem-estimate=7.42KB mem-reservation=0B thread-reservation=0
|  tuple-ids=33 row-size=76B cardinality=100 cost=307206
|  in pipelines: 35(GETNEXT), 42(OPEN)
|
34:HASH JOIN [INNER JOIN, PARTITIONED]
|  hash-table-id=00
|  hash predicates: tpcds_partitioned_parquet_snap.item_1.i_item_id = tpcds_partitioned_parquet_snap.item.i_item_id
|  fk/pk conjuncts: none
|  other join predicates: sum(tpcds_partitioned_parquet_snap.catalog_sales.cs_ext_sales_price) <= multiply(CAST(1.1 AS DECIMAL(2,1)), sum(tpcds_partitioned_parquet_snap.store_sales.ss_ext_sales_price)), sum(tpcds_partitioned_parquet_snap.catalog_sales.cs_ext_sales_price) <= multiply(CAST(1.1 AS DECIMAL(2,1)), sum(tpcds_partitioned_parquet_snap.web_sales.ws_ext_sales_price)), sum(tpcds_partitioned_parquet_snap.catalog_sales.cs_ext_sales_price) >= multiply(CAST(0.9 AS DECIMAL(2,1)), sum(tpcds_partitioned_parquet_snap.store_sales.ss_ext_sales_price)), sum(tpcds_partitioned_parquet_snap.catalog_sales.cs_ext_sales_price) >= multiply(CAST(0.9 AS DECIMAL(2,1)), sum(tpcds_partitioned_parquet_snap.web_sales.ws_ext_sales_price)), sum(tpcds_partitioned_parquet_snap.store_sales.ss_ext_sales_price) <= multiply(CAST(1.1 AS DECIMAL(2,1)), sum(tpcds_partitioned_parquet_snap.catalog_sales.cs_ext_sales_price)), sum(tpcds_partitioned_parquet_snap.store_sales.ss_ext_sales_price) >= multiply(CAST(0.9 AS DECIMAL(2,1)), sum(tpcds_partitioned_parquet_snap.catalog_sales.cs_ext_sales_price)), sum(tpcds_partitioned_parquet_snap.web_sales.ws_ext_sales_price) <= multiply(CAST(1.1 AS DECIMAL(2,1)), sum(tpcds_partitioned_parquet_snap.catalog_sales.cs_ext_sales_price)), sum(tpcds_partitioned_parquet_snap.web_sales.ws_ext_sales_price) >= multiply(CAST(0.9 AS DECIMAL(2,1)), sum(tpcds_partitioned_parquet_snap.catalog_sales.cs_ext_sales_price))
|  mem-estimate=0B mem-reservation=0B spill-buffer=64.00KB thread-reservation=0
|  tuple-ids=21,32,10 row-size=132B cardinality=36.00K cost=15757
|  in pipelines: 42(GETNEXT), 56(OPEN)
|
|--F22:PLAN FRAGMENT [HASH(tpcds_partitioned_parquet_snap.item_0.i_item_id)] hosts=10 instances=10 (adjusted from 120)
|  |  Per-Instance Resources: mem-estimate=18.48MB mem-reservation=7.69MB thread-reservation=1 runtime-filters-memory=1.00MB
|  |  max-parallelism=10 segment-costs=[751574, 18557] cpu-comparison-result=120 [max(10 (self) vs 120 (sum children))]
|  JOIN BUILD
|  |  join-table-id=00 plan-id=01 cohort-id=01
|  |  build expressions: tpcds_partitioned_parquet_snap.item.i_item_id
|  |  runtime filters: RF000[bloom] <- tpcds_partitioned_parquet_snap.item.i_item_id, RF001[min_max] <- tpcds_partitioned_parquet_snap.item.i_item_id
|  |  mem-estimate=1.94MB mem-reservation=1.94MB spill-buffer=64.00KB thread-reservation=0 cost=18557
|  |
|  56:AGGREGATE [FINALIZE]
|  |  output: sum:merge(tpcds_partitioned_parquet_snap.catalog_sales.cs_ext_sales_price)
|  |  group by: tpcds_partitioned_parquet_snap.item.i_item_id
|  |  having: sum(tpcds_partitioned_parquet_snap.catalog_sales.cs_ext_sales_price) IS NOT NULL
|  |  mem-estimate=10.00MB mem-reservation=4.75MB spill-buffer=256.00KB thread-reservation=0
|  |  tuple-ids=10 row-size=44B cardinality=18.56K cost=613058
|  |  in pipelines: 56(GETNEXT), 00(OPEN)
|  |
|  55:EXCHANGE [HASH(tpcds_partitioned_parquet_snap.item.i_item_id)]
|  |  mem-estimate=7.48MB mem-reservation=0B thread-reservation=0
|  |  tuple-ids=10 row-size=44B cardinality=441.84K cost=138516
|  |  in pipelines: 00(GETNEXT)
|  |
|  F14:PLAN FRAGMENT [RANDOM] hosts=10 instances=120
|  Per-Host Shared Resources: mem-estimate=1.00MB mem-reservation=1.00MB thread-reservation=0 runtime-filters-memory=1.00MB
|  Per-Instance Resources: mem-estimate=27.88MB mem-reservation=2.25MB thread-reservation=1
|  max-parallelism=580 segment-costs=[5728053509, 1479633] cpu-comparison-result=120 [max(120 (self) vs 36 (sum children))]
|  10:AGGREGATE [STREAMING]
|  |  output: sum(tpcds_partitioned_parquet_snap.catalog_sales.cs_ext_sales_price)
|  |  group by: tpcds_partitioned_parquet_snap.item.i_item_id
|  |  mem-estimate=10.00MB mem-reservation=2.00MB spill-buffer=64.00KB thread-reservation=0
|  |  tuple-ids=10 row-size=44B cardinality=441.84K cost=1282485
|  |  in pipelines: 00(GETNEXT)
|  |
|  09:HASH JOIN [LEFT SEMI JOIN, BROADCAST]
|  |  hash-table-id=01
|  |  hash predicates: tpcds_partitioned_parquet_snap.date_dim.d_date = tpcds_partitioned_parquet_snap.date_dim_0.d_date
|  |  mem-estimate=0B mem-reservation=0B spill-buffer=64.00KB thread-reservation=0
|  |  tuple-ids=0,2,4 row-size=52B cardinality=446.22K cost=1102110664
|  |  in pipelines: 00(GETNEXT), 05(OPEN)
|  |
|  |--F23:PLAN FRAGMENT [RANDOM] hosts=10 instances=10
|  |  |  Per-Instance Resources: mem-estimate=24.27MB mem-reservation=24.25MB thread-reservation=1 runtime-filters-memory=1.00MB
|  |  |  max-parallelism=10 segment-costs=[7] cpu-comparison-result=11 [max(11 (self) vs 2 (sum children))]
|  |  JOIN BUILD
|  |  |  join-table-id=01 plan-id=02 cohort-id=02
|  |  |  build expressions: tpcds_partitioned_parquet_snap.date_dim_0.d_date
|  |  |  runtime filters: RF020[bloom] <- tpcds_partitioned_parquet_snap.date_dim_0.d_date, RF021[min_max] <- tpcds_partitioned_parquet_snap.date_dim_0.d_date
|  |  |  mem-estimate=23.25MB mem-reservation=23.25MB spill-buffer=64.00KB thread-reservation=0 cost=7
|  |  |
|  |  54:EXCHANGE [BROADCAST]
|  |  |  mem-estimate=16.00KB mem-reservation=0B thread-reservation=0
|  |  |  tuple-ids=6,8 row-size=16B cardinality=7 cost=0
|  |  |  in pipelines: 05(GETNEXT)
|  |  |
|  |  F17:PLAN FRAGMENT [RANDOM] hosts=1 instances=1
|  |  Per-Host Shared Resources: mem-estimate=1.00MB mem-reservation=1.00MB thread-reservation=0 runtime-filters-memory=1.00MB
|  |  Per-Instance Resources: mem-estimate=16.09MB mem-reservation=512.00KB thread-reservation=1
|  |  max-parallelism=1 segment-costs=[10470]
|  |  08:HASH JOIN [INNER JOIN, BROADCAST]
|  |  |  hash-table-id=02
|  |  |  hash predicates: tpcds_partitioned_parquet_snap.date_dim_0.d_week_seq = tpcds_partitioned_parquet_snap.date_dim_1.d_week_seq
|  |  |  fk/pk conjuncts: none
|  |  |  mem-estimate=0B mem-reservation=0B spill-buffer=64.00KB thread-reservation=0
|  |  |  tuple-ids=6,8 row-size=16B cardinality=7 cost=3
|  |  |  in pipelines: 05(GETNEXT), 07(OPEN)
|  |  |
|  |  |--F24:PLAN FRAGMENT [RANDOM] hosts=1 instances=1
|  |  |  |  Per-Instance Resources: mem-estimate=2.95MB mem-reservation=2.94MB thread-reservation=1 runtime-filters-memory=1.00MB
|  |  |  |  max-parallelism=1 segment-costs=[1] cpu-comparison-result=2 [max(1 (self) vs 2 (sum children))]
|  |  |  JOIN BUILD
|  |  |  |  join-table-id=02 plan-id=03 cohort-id=03
|  |  |  |  build expressions: tpcds_partitioned_parquet_snap.date_dim_1.d_week_seq
|  |  |  |  runtime filters: RF026[bloom] <- tpcds_partitioned_parquet_snap.date_dim_1.d_week_seq, RF027[min_max] <- tpcds_partitioned_parquet_snap.date_dim_1.d_week_seq
|  |  |  |  mem-estimate=1.94MB mem-reservation=1.94MB spill-buffer=64.00KB thread-reservation=0 cost=1
|  |  |  |
|  |  |  53:EXCHANGE [BROADCAST]
|  |  |  |  mem-estimate=16.00KB mem-reservation=0B thread-reservation=0
|  |  |  |  tuple-ids=8 row-size=8B cardinality=1 cost=0
|  |  |  |  in pipelines: 07(GETNEXT)
|  |  |  |
|  |  |  F19:PLAN FRAGMENT [UNPARTITIONED] hosts=1 instances=1
|  |  |  Per-Instance Resources: mem-estimate=48.00KB mem-reservation=0B thread-reservation=1
|  |  |  max-parallelism=1 segment-costs=[0, 0]
|  |  |  07:CARDINALITY CHECK
|  |  |  |  limit: 1
|  |  |  |  mem-estimate=0B mem-reservation=0B thread-reservation=0
|  |  |  |  tuple-ids=8 row-size=8B cardinality=1 cost=0
|  |  |  |  in pipelines: 07(GETNEXT), 06(OPEN)
|  |  |  |
|  |  |  52:EXCHANGE [UNPARTITIONED]
|  |  |  |  limit: 2
|  |  |  |  mem-estimate=16.00KB mem-reservation=0B thread-reservation=0
|  |  |  |  tuple-ids=8 row-size=8B cardinality=1 cost=0
|  |  |  |  in pipelines: 06(GETNEXT)
|  |  |  |
|  |  |  F18:PLAN FRAGMENT [RANDOM] hosts=1 instances=1
|  |  |  Per-Instance Resources: mem-estimate=16.05MB mem-reservation=512.00KB thread-reservation=1
|  |  |  max-parallelism=1 segment-costs=[10468]
|  |  |  06:SCAN HDFS [tpcds_partitioned_parquet_snap.date_dim, RANDOM]
|  |  |     HDFS partitions=1/1 files=1 size=2.17MB
|  |  |     predicates: tpcds_partitioned_parquet_snap.date_dim_1.d_date = DATE '2000-03-26'
|  |  |     stored statistics:
|  |  |       table: rows=73.05K size=2.17MB
|  |  |       columns: all
|  |  |     extrapolated-rows=disabled max-scan-range-rows=73.05K
|  |  |     parquet statistics predicates: tpcds_partitioned_parquet_snap.date_dim_1.d_date = DATE '2000-03-26'
|  |  |     parquet dictionary predicates: tpcds_partitioned_parquet_snap.date_dim_1.d_date = DATE '2000-03-26'
|  |  |     limit: 2
|  |  |     mem-estimate=16.00MB mem-reservation=512.00KB thread-reservation=0
|  |  |     tuple-ids=8 row-size=8B cardinality=1 cost=10467
|  |  |     in pipelines: 06(GETNEXT)
|  |  |
|  |  05:SCAN HDFS [tpcds_partitioned_parquet_snap.date_dim, RANDOM]
|  |     HDFS partitions=1/1 files=1 size=2.17MB
|  |     predicates: tpcds_partitioned_parquet_snap.date_dim_0.d_week_seq IS NOT NULL
|  |     runtime filters: RF027[min_max] -> tpcds_partitioned_parquet_snap.date_dim_0.d_week_seq, RF026[bloom] -> tpcds_partitioned_parquet_snap.date_dim_0.d_week_seq
|  |     stored statistics:
|  |       table: rows=73.05K size=2.17MB
|  |       columns: all
|  |     extrapolated-rows=disabled max-scan-range-rows=73.05K
|  |     parquet dictionary predicates: tpcds_partitioned_parquet_snap.date_dim_0.d_week_seq IS NOT NULL
|  |     mem-estimate=16.00MB mem-reservation=512.00KB thread-reservation=0
|  |     tuple-ids=6 row-size=8B cardinality=7(filtered from 73.05K) cost=10467
|  |     in pipelines: 05(GETNEXT)
|  |
|  04:HASH JOIN [INNER JOIN, BROADCAST]
|  |  hash-table-id=03
|  |  hash predicates: tpcds_partitioned_parquet_snap.catalog_sales.cs_sold_date_sk = tpcds_partitioned_parquet_snap.date_dim.d_date_sk
|  |  fk/pk conjuncts: tpcds_partitioned_parquet_snap.catalog_sales.cs_sold_date_sk = tpcds_partitioned_parquet_snap.date_dim.d_date_sk
|  |  mem-estimate=0B mem-reservation=0B spill-buffer=256.00KB thread-reservation=0
|  |  tuple-ids=0,2,4 row-size=52B cardinality=4.30G cost=1880539756
|  |  in pipelines: 00(GETNEXT), 03(OPEN)
|  |
|  |--F25:PLAN FRAGMENT [RANDOM] hosts=10 instances=10
|  |  |  Per-Instance Resources: mem-estimate=57.57MB mem-reservation=57.00MB thread-reservation=1
|  |  |  max-parallelism=10 segment-costs=[170129]
|  |  JOIN BUILD
|  |  |  join-table-id=03 plan-id=04 cohort-id=02
|  |  |  build expressions: tpcds_partitioned_parquet_snap.date_dim.d_date_sk
|  |  |  mem-estimate=57.00MB mem-reservation=57.00MB spill-buffer=256.00KB thread-reservation=0 cost=73049
|  |  |
|  |  51:EXCHANGE [BROADCAST]
|  |  |  mem-estimate=582.70KB mem-reservation=0B thread-reservation=0
|  |  |  tuple-ids=4 row-size=8B cardinality=73.05K cost=97080
|  |  |  in pipelines: 03(GETNEXT)
|  |  |
|  |  F16:PLAN FRAGMENT [RANDOM] hosts=1 instances=1
|  |  Per-Host Shared Resources: mem-estimate=1.00MB mem-reservation=1.00MB thread-reservation=0 runtime-filters-memory=1.00MB
|  |  Per-Instance Resources: mem-estimate=16.05MB mem-reservation=1.00MB thread-reservation=1
|  |  max-parallelism=1 segment-costs=[13622]
|  |  03:SCAN HDFS [tpcds_partitioned_parquet_snap.date_dim, RANDOM]
|  |     HDFS partitions=1/1 files=1 size=2.17MB
|  |     predicates: tpcds_partitioned_parquet_snap.date_dim.d_date_sk IS NOT NULL
|  |     runtime filters: RF021[min_max] -> tpcds_partitioned_parquet_snap.date_dim.d_date, RF020[bloom] -> tpcds_partitioned_parquet_snap.date_dim.d_date
|  |     stored statistics:
|  |       table: rows=73.05K size=2.17MB
|  |       columns: all
|  |     extrapolated-rows=disabled max-scan-range-rows=73.05K
|  |     parquet dictionary predicates: tpcds_partitioned_parquet_snap.date_dim.d_date_sk IS NOT NULL
|  |     mem-estimate=16.00MB mem-reservation=1.00MB thread-reservation=0
|  |     tuple-ids=4 row-size=8B cardinality=73.05K cost=10467
|  |     in pipelines: 03(GETNEXT)
|  |
|  02:HASH JOIN [INNER JOIN, BROADCAST]
|  |  hash-table-id=04
|  |  hash predicates: tpcds_partitioned_parquet_snap.catalog_sales.cs_item_sk = tpcds_partitioned_parquet_snap.item.i_item_sk
|  |  fk/pk conjuncts: tpcds_partitioned_parquet_snap.catalog_sales.cs_item_sk = tpcds_partitioned_parquet_snap.item.i_item_sk
|  |  mem-estimate=0B mem-reservation=0B spill-buffer=2.00MB thread-reservation=0
|  |  tuple-ids=0,2 row-size=44B cardinality=4.30G cost=1880539756
|  |  in pipelines: 00(GETNEXT), 01(OPEN)
|  |
|  |--F26:PLAN FRAGMENT [RANDOM] hosts=10 instances=10
|  |  |  Per-Instance Resources: mem-estimate=419.14MB mem-reservation=409.00MB thread-reservation=1 runtime-filters-memory=1.00MB
|  |  |  max-parallelism=10 segment-costs=[838440]
|  |  JOIN BUILD
|  |  |  join-table-id=04 plan-id=05 cohort-id=02
|  |  |  build expressions: tpcds_partitioned_parquet_snap.item.i_item_sk
|  |  |  runtime filters: RF024[bloom] <- tpcds_partitioned_parquet_snap.item.i_item_sk, RF025[min_max] <- tpcds_partitioned_parquet_snap.item.i_item_sk
|  |  |  mem-estimate=408.00MB mem-reservation=408.00MB spill-buffer=2.00MB thread-reservation=0 cost=360000
|  |  |
|  |  50:EXCHANGE [BROADCAST]
|  |  |  mem-estimate=10.14MB mem-reservation=0B thread-reservation=0
|  |  |  tuple-ids=2 row-size=32B cardinality=360.00K cost=478440
|  |  |  in pipelines: 01(GETNEXT)
|  |  |
|  |  F15:PLAN FRAGMENT [RANDOM] hosts=4 instances=4
|  |  Per-Instance Resources: mem-estimate=16.14MB mem-reservation=512.00KB thread-reservation=1
|  |  max-parallelism=4 segment-costs=[162792]
|  |  01:SCAN HDFS [tpcds_partitioned_parquet_snap.item, RANDOM]
|  |     HDFS partitions=1/1 files=1 size=33.54MB
|  |     predicates: tpcds_partitioned_parquet_snap.item.i_item_id IS NOT NULL, tpcds_partitioned_parquet_snap.item.i_item_sk IS NOT NULL
|  |     stored statistics:
|  |       table: rows=360.00K size=33.54MB
|  |       columns: all
|  |     extrapolated-rows=disabled max-scan-range-rows=101.54K
|  |     parquet dictionary predicates: tpcds_partitioned_parquet_snap.item.i_item_id IS NOT NULL, tpcds_partitioned_parquet_snap.item.i_item_sk IS NOT NULL
|  |     mem-estimate=16.00MB mem-reservation=512.00KB thread-reservation=0
|  |     tuple-ids=2 row-size=32B cardinality=360.00K cost=123912
|  |     in pipelines: 01(GETNEXT)
|  |
|  00:SCAN HDFS [tpcds_partitioned_parquet_snap.catalog_sales, RANDOM]
|     partition predicates: tpcds_partitioned_parquet_snap.catalog_sales.cs_sold_date_sk IS NOT NULL
|     HDFS partitions=1830/1831 files=1830 size=280.81GB
|     predicates: tpcds_partitioned_parquet_snap.catalog_sales.cs_item_sk IS NOT NULL
|     runtime filters: RF025[min_max] -> tpcds_partitioned_parquet_snap.catalog_sales.cs_item_sk, RF024[bloom] -> tpcds_partitioned_parquet_snap.catalog_sales.cs_item_sk
|     stored statistics:
|       table: rows=4.32G size=280.96GB
|       partitions: 1830/1830 rows=4.30G
|       columns: all
|     extrapolated-rows=disabled max-scan-range-rows=5.09M
|     parquet dictionary predicates: tpcds_partitioned_parquet_snap.catalog_sales.cs_item_sk IS NOT NULL
|     mem-estimate=16.00MB mem-reservation=256.00KB thread-reservation=0
|     tuple-ids=0 row-size=12B cardinality=4.30G(filtered from 4.30G) cost=863580848
|     in pipelines: 00(GETNEXT)
|
33:HASH JOIN [INNER JOIN, PARTITIONED]
|  hash-table-id=05
|  hash predicates: tpcds_partitioned_parquet_snap.item_0.i_item_id = tpcds_partitioned_parquet_snap.item_1.i_item_id
|  fk/pk conjuncts: none
|  other join predicates: sum(tpcds_partitioned_parquet_snap.store_sales.ss_ext_sales_price) <= multiply(CAST(1.1 AS DECIMAL(2,1)), sum(tpcds_partitioned_parquet_snap.web_sales.ws_ext_sales_price)), sum(tpcds_partitioned_parquet_snap.store_sales.ss_ext_sales_price) >= multiply(CAST(0.9 AS DECIMAL(2,1)), sum(tpcds_partitioned_parquet_snap.web_sales.ws_ext_sales_price)), sum(tpcds_partitioned_parquet_snap.web_sales.ws_ext_sales_price) <= multiply(CAST(1.1 AS DECIMAL(2,1)), sum(tpcds_partitioned_parquet_snap.store_sales.ss_ext_sales_price)), sum(tpcds_partitioned_parquet_snap.web_sales.ws_ext_sales_price) >= multiply(CAST(0.9 AS DECIMAL(2,1)), sum(tpcds_partitioned_parquet_snap.store_sales.ss_ext_sales_price))
|  mem-estimate=0B mem-reservation=0B spill-buffer=64.00KB thread-reservation=0
|  tuple-ids=21,32 row-size=88B cardinality=36.00K cost=11283
|  in pipelines: 42(GETNEXT), 49(OPEN)
|
|--F27:PLAN FRAGMENT [HASH(tpcds_partitioned_parquet_snap.item_0.i_item_id)] hosts=10 instances=10 (adjusted from 120)
|  |  Per-Instance Resources: mem-estimate=19.15MB mem-reservation=10.44MB thread-reservation=1
|  |  max-parallelism=10 segment-costs=[993005, 18557] cpu-comparison-result=120 [max(10 (self) vs 120 (sum children))]
|  JOIN BUILD
|  |  join-table-id=05 plan-id=06 cohort-id=01
|  |  build expressions: tpcds_partitioned_parquet_snap.item_1.i_item_id
|  |  runtime filters: RF003[min_max] <- tpcds_partitioned_parquet_snap.item_1.i_item_id
|  |  mem-estimate=1.94MB mem-reservation=1.94MB spill-buffer=64.00KB thread-reservation=0 cost=18557
|  |
|  49:AGGREGATE [FINALIZE]
|  |  output: sum:merge(tpcds_partitioned_parquet_snap.store_sales.ss_ext_sales_price)
|  |  group by: tpcds_partitioned_parquet_snap.item_1.i_item_id
|  |  having: sum(tpcds_partitioned_parquet_snap.store_sales.ss_ext_sales_price) IS NOT NULL
|  |  mem-estimate=10.00MB mem-reservation=8.50MB spill-buffer=512.00KB thread-reservation=0
|  |  tuple-ids=32 row-size=44B cardinality=18.56K cost=729590
|  |  in pipelines: 49(GETNEXT), 22(OPEN)
|  |
|  48:EXCHANGE [HASH(tpcds_partitioned_parquet_snap.item_1.i_item_id)]
|  |  mem-estimate=9.15MB mem-reservation=0B thread-reservation=0
|  |  tuple-ids=32 row-size=44B cardinality=840.24K cost=263415
|  |  in pipelines: 22(GETNEXT)
|  |
|  F07:PLAN FRAGMENT [RANDOM] hosts=10 instances=120
|  Per-Host Shared Resources: mem-estimate=1.00MB mem-reservation=1.00MB thread-reservation=0 runtime-filters-memory=1.00MB
|  Per-Instance Resources: mem-estimate=27.88MB mem-reservation=2.50MB thread-reservation=1
|  max-parallelism=1100 segment-costs=[10993148325, 2813795] cpu-comparison-result=120 [max(120 (self) vs 36 (sum children))]
|  32:AGGREGATE [STREAMING]
|  |  output: sum(tpcds_partitioned_parquet_snap.store_sales.ss_ext_sales_price)
|  |  group by: tpcds_partitioned_parquet_snap.item_1.i_item_id
|  |  mem-estimate=10.00MB mem-reservation=2.00MB spill-buffer=64.00KB thread-reservation=0
|  |  tuple-ids=32 row-size=44B cardinality=840.24K cost=2441164
|  |  in pipelines: 22(GETNEXT)
|  |
|  31:HASH JOIN [LEFT SEMI JOIN, BROADCAST]
|  |  hash-table-id=06
|  |  hash predicates: tpcds_partitioned_parquet_snap.date_dim_5.d_date = tpcds_partitioned_parquet_snap.date_dim_6.d_date
|  |  mem-estimate=0B mem-reservation=0B spill-buffer=64.00KB thread-reservation=0
|  |  tuple-ids=22,24,26 row-size=52B cardinality=856.38K cost=2115149273
|  |  in pipelines: 22(GETNEXT), 27(OPEN)
|  |
|  |--F28:PLAN FRAGMENT [RANDOM] hosts=10 instances=10
|  |  |  Per-Instance Resources: mem-estimate=24.27MB mem-reservation=24.25MB thread-reservation=1 runtime-filters-memory=1.00MB
|  |  |  max-parallelism=10 segment-costs=[7] cpu-comparison-result=11 [max(11 (self) vs 2 (sum children))]
|  |  JOIN BUILD
|  |  |  join-table-id=06 plan-id=07 cohort-id=04
|  |  |  build expressions: tpcds_partitioned_parquet_snap.date_dim_6.d_date
|  |  |  runtime filters: RF012[bloom] <- tpcds_partitioned_parquet_snap.date_dim_6.d_date, RF013[min_max] <- tpcds_partitioned_parquet_snap.date_dim_6.d_date
|  |  |  mem-estimate=23.25MB mem-reservation=23.25MB spill-buffer=64.00KB thread-reservation=0 cost=7
|  |  |
|  |  47:EXCHANGE [BROADCAST]
|  |  |  mem-estimate=16.00KB mem-reservation=0B thread-reservation=0
|  |  |  tuple-ids=28,30 row-size=16B cardinality=7 cost=0
|  |  |  in pipelines: 27(GETNEXT)
|  |  |
|  |  F10:PLAN FRAGMENT [RANDOM] hosts=1 instances=1
|  |  Per-Host Shared Resources: mem-estimate=1.00MB mem-reservation=1.00MB thread-reservation=0 runtime-filters-memory=1.00MB
|  |  Per-Instance Resources: mem-estimate=16.09MB mem-reservation=512.00KB thread-reservation=1
|  |  max-parallelism=1 segment-costs=[10470]
|  |  30:HASH JOIN [INNER JOIN, BROADCAST]
|  |  |  hash-table-id=07
|  |  |  hash predicates: tpcds_partitioned_parquet_snap.date_dim_6.d_week_seq = tpcds_partitioned_parquet_snap.date_dim_7.d_week_seq
|  |  |  fk/pk conjuncts: none
|  |  |  mem-estimate=0B mem-reservation=0B spill-buffer=64.00KB thread-reservation=0
|  |  |  tuple-ids=28,30 row-size=16B cardinality=7 cost=3
|  |  |  in pipelines: 27(GETNEXT), 29(OPEN)
|  |  |
|  |  |--F29:PLAN FRAGMENT [RANDOM] hosts=1 instances=1
|  |  |  |  Per-Instance Resources: mem-estimate=2.95MB mem-reservation=2.94MB thread-reservation=1 runtime-filters-memory=1.00MB
|  |  |  |  max-parallelism=1 segment-costs=[1] cpu-comparison-result=2 [max(1 (self) vs 2 (sum children))]
|  |  |  JOIN BUILD
|  |  |  |  join-table-id=07 plan-id=08 cohort-id=05
|  |  |  |  build expressions: tpcds_partitioned_parquet_snap.date_dim_7.d_week_seq
|  |  |  |  runtime filters: RF018[bloom] <- tpcds_partitioned_parquet_snap.date_dim_7.d_week_seq, RF019[min_max] <- tpcds_partitioned_parquet_snap.date_dim_7.d_week_seq
|  |  |  |  mem-estimate=1.94MB mem-reservation=1.94MB spill-buffer=64.00KB thread-reservation=0 cost=1
|  |  |  |
|  |  |  46:EXCHANGE [BROADCAST]
|  |  |  |  mem-estimate=16.00KB mem-reservation=0B thread-reservation=0
|  |  |  |  tuple-ids=30 row-size=8B cardinality=1 cost=0
|  |  |  |  in pipelines: 29(GETNEXT)
|  |  |  |
|  |  |  F12:PLAN FRAGMENT [UNPARTITIONED] hosts=1 instances=1
|  |  |  Per-Instance Resources: mem-estimate=48.00KB mem-reservation=0B thread-reservation=1
|  |  |  max-parallelism=1 segment-costs=[0, 0]
|  |  |  29:CARDINALITY CHECK
|  |  |  |  limit: 1
|  |  |  |  mem-estimate=0B mem-reservation=0B thread-reservation=0
|  |  |  |  tuple-ids=30 row-size=8B cardinality=1 cost=0
|  |  |  |  in pipelines: 29(GETNEXT), 28(OPEN)
|  |  |  |
|  |  |  45:EXCHANGE [UNPARTITIONED]
|  |  |  |  limit: 2
|  |  |  |  mem-estimate=16.00KB mem-reservation=0B thread-reservation=0
|  |  |  |  tuple-ids=30 row-size=8B cardinality=1 cost=0
|  |  |  |  in pipelines: 28(GETNEXT)
|  |  |  |
|  |  |  F11:PLAN FRAGMENT [RANDOM] hosts=1 instances=1
|  |  |  Per-Instance Resources: mem-estimate=16.05MB mem-reservation=512.00KB thread-reservation=1
|  |  |  max-parallelism=1 segment-costs=[10468]
|  |  |  28:SCAN HDFS [tpcds_partitioned_parquet_snap.date_dim, RANDOM]
|  |  |     HDFS partitions=1/1 files=1 size=2.17MB
|  |  |     predicates: tpcds_partitioned_parquet_snap.date_dim_7.d_date = DATE '2000-03-26'
|  |  |     stored statistics:
|  |  |       table: rows=73.05K size=2.17MB
|  |  |       columns: all
|  |  |     extrapolated-rows=disabled max-scan-range-rows=73.05K
|  |  |     parquet statistics predicates: tpcds_partitioned_parquet_snap.date_dim_7.d_date = DATE '2000-03-26'
|  |  |     parquet dictionary predicates: tpcds_partitioned_parquet_snap.date_dim_7.d_date = DATE '2000-03-26'
|  |  |     limit: 2
|  |  |     mem-estimate=16.00MB mem-reservation=512.00KB thread-reservation=0
|  |  |     tuple-ids=30 row-size=8B cardinality=1 cost=10467
|  |  |     in pipelines: 28(GETNEXT)
|  |  |
|  |  27:SCAN HDFS [tpcds_partitioned_parquet_snap.date_dim, RANDOM]
|  |     HDFS partitions=1/1 files=1 size=2.17MB
|  |     predicates: tpcds_partitioned_parquet_snap.date_dim_6.d_week_seq IS NOT NULL
|  |     runtime filters: RF019[min_max] -> tpcds_partitioned_parquet_snap.date_dim_6.d_week_seq, RF018[bloom] -> tpcds_partitioned_parquet_snap.date_dim_6.d_week_seq
|  |     stored statistics:
|  |       table: rows=73.05K size=2.17MB
|  |       columns: all
|  |     extrapolated-rows=disabled max-scan-range-rows=73.05K
|  |     parquet dictionary predicates: tpcds_partitioned_parquet_snap.date_dim_6.d_week_seq IS NOT NULL
|  |     mem-estimate=16.00MB mem-reservation=512.00KB thread-reservation=0
|  |     tuple-ids=28 row-size=8B cardinality=7(filtered from 73.05K) cost=10467
|  |     in pipelines: 27(GETNEXT)
|  |
|  26:HASH JOIN [INNER JOIN, BROADCAST]
|  |  hash-table-id=08
|  |  hash predicates: tpcds_partitioned_parquet_snap.store_sales.ss_sold_date_sk = tpcds_partitioned_parquet_snap.date_dim_5.d_date_sk
|  |  fk/pk conjuncts: tpcds_partitioned_parquet_snap.store_sales.ss_sold_date_sk = tpcds_partitioned_parquet_snap.date_dim_5.d_date_sk
|  |  mem-estimate=0B mem-reservation=0B spill-buffer=256.00KB thread-reservation=0
|  |  tuple-ids=22,24,26 row-size=52B cardinality=8.25G(filtered from 8.25G) cost=3609095191
|  |  in pipelines: 22(GETNEXT), 25(OPEN)
|  |
|  |--F30:PLAN FRAGMENT [RANDOM] hosts=10 instances=10
|  |  |  Per-Instance Resources: mem-estimate=57.57MB mem-reservation=57.00MB thread-reservation=1
|  |  |  max-parallelism=10 segment-costs=[170129]
|  |  JOIN BUILD
|  |  |  join-table-id=08 plan-id=09 cohort-id=04
|  |  |  build expressions: tpcds_partitioned_parquet_snap.date_dim_5.d_date_sk
|  |  |  mem-estimate=57.00MB mem-reservation=57.00MB spill-buffer=256.00KB thread-reservation=0 cost=73049
|  |  |
|  |  44:EXCHANGE [BROADCAST]
|  |  |  mem-estimate=582.70KB mem-reservation=0B thread-reservation=0
|  |  |  tuple-ids=26 row-size=8B cardinality=73.05K cost=97080
|  |  |  in pipelines: 25(GETNEXT)
|  |  |
|  |  F09:PLAN FRAGMENT [RANDOM] hosts=1 instances=1
|  |  Per-Host Shared Resources: mem-estimate=1.00MB mem-reservation=1.00MB thread-reservation=0 runtime-filters-memory=1.00MB
|  |  Per-Instance Resources: mem-estimate=16.05MB mem-reservation=1.00MB thread-reservation=1
|  |  max-parallelism=1 segment-costs=[13622]
|  |  25:SCAN HDFS [tpcds_partitioned_parquet_snap.date_dim, RANDOM]
|  |     HDFS partitions=1/1 files=1 size=2.17MB
|  |     predicates: tpcds_partitioned_parquet_snap.date_dim_5.d_date_sk IS NOT NULL
|  |     runtime filters: RF013[min_max] -> tpcds_partitioned_parquet_snap.date_dim_5.d_date, RF012[bloom] -> tpcds_partitioned_parquet_snap.date_dim_5.d_date
|  |     stored statistics:
|  |       table: rows=73.05K size=2.17MB
|  |       columns: all
|  |     extrapolated-rows=disabled max-scan-range-rows=73.05K
|  |     parquet dictionary predicates: tpcds_partitioned_parquet_snap.date_dim_5.d_date_sk IS NOT NULL
|  |     mem-estimate=16.00MB mem-reservation=1.00MB thread-reservation=0
|  |     tuple-ids=26 row-size=8B cardinality=73.05K cost=10467
|  |     in pipelines: 25(GETNEXT)
|  |
|  24:HASH JOIN [INNER JOIN, BROADCAST]
|  |  hash-table-id=09
|  |  hash predicates: tpcds_partitioned_parquet_snap.store_sales.ss_item_sk = tpcds_partitioned_parquet_snap.item_1.i_item_sk
|  |  fk/pk conjuncts: tpcds_partitioned_parquet_snap.store_sales.ss_item_sk = tpcds_partitioned_parquet_snap.item_1.i_item_sk
|  |  mem-estimate=0B mem-reservation=0B spill-buffer=2.00MB thread-reservation=0
|  |  tuple-ids=22,24 row-size=44B cardinality=8.25G(filtered from 8.25G) cost=3609095191
|  |  in pipelines: 22(GETNEXT), 23(OPEN)
|  |
|  |--F31:PLAN FRAGMENT [RANDOM] hosts=10 instances=10
|  |  |  Per-Instance Resources: mem-estimate=419.14MB mem-reservation=409.00MB thread-reservation=1 runtime-filters-memory=1.00MB
|  |  |  max-parallelism=10 segment-costs=[838440]
|  |  JOIN BUILD
|  |  |  join-table-id=09 plan-id=10 cohort-id=04
|  |  |  build expressions: tpcds_partitioned_parquet_snap.item_1.i_item_sk
|  |  |  runtime filters: RF016[bloom] <- tpcds_partitioned_parquet_snap.item_1.i_item_sk, RF017[min_max] <- tpcds_partitioned_parquet_snap.item_1.i_item_sk
|  |  |  mem-estimate=408.00MB mem-reservation=408.00MB spill-buffer=2.00MB thread-reservation=0 cost=360000
|  |  |
|  |  43:EXCHANGE [BROADCAST]
|  |  |  mem-estimate=10.14MB mem-reservation=0B thread-reservation=0
|  |  |  tuple-ids=24 row-size=32B cardinality=360.00K cost=478440
|  |  |  in pipelines: 23(GETNEXT)
|  |  |
|  |  F08:PLAN FRAGMENT [RANDOM] hosts=4 instances=4
|  |  Per-Host Shared Resources: mem-estimate=1.00MB mem-reservation=1.00MB thread-reservation=0 runtime-filters-memory=1.00MB
|  |  Per-Instance Resources: mem-estimate=16.14MB mem-reservation=512.00KB thread-reservation=1
|  |  max-parallelism=4 segment-costs=[162792]
|  |  23:SCAN HDFS [tpcds_partitioned_parquet_snap.item, RANDOM]
|  |     HDFS partitions=1/1 files=1 size=33.54MB
|  |     predicates: tpcds_partitioned_parquet_snap.item_1.i_item_id IS NOT NULL, tpcds_partitioned_parquet_snap.item_1.i_item_sk IS NOT NULL
|  |     runtime filters: RF001[min_max] -> tpcds_partitioned_parquet_snap.item_1.i_item_id, RF000[bloom] -> tpcds_partitioned_parquet_snap.item_1.i_item_id
|  |     stored statistics:
|  |       table: rows=360.00K size=33.54MB
|  |       columns: all
|  |     extrapolated-rows=disabled max-scan-range-rows=101.54K
|  |     parquet dictionary predicates: tpcds_partitioned_parquet_snap.item_1.i_item_id IS NOT NULL, tpcds_partitioned_parquet_snap.item_1.i_item_sk IS NOT NULL
|  |     mem-estimate=16.00MB mem-reservation=512.00KB thread-reservation=0
|  |     tuple-ids=24 row-size=32B cardinality=360.00K cost=123912
|  |     in pipelines: 23(GETNEXT)
|  |
|  22:SCAN HDFS [tpcds_partitioned_parquet_snap.store_sales, RANDOM]
|     partition predicates: tpcds_partitioned_parquet_snap.store_sales.ss_sold_date_sk IS NOT NULL
|     HDFS partitions=1823/1824 files=1823 size=389.69GB
|     predicates: tpcds_partitioned_parquet_snap.store_sales.ss_item_sk IS NOT NULL
|     runtime filters: RF017[min_max] -> tpcds_partitioned_parquet_snap.store_sales.ss_item_sk, RF016[bloom] -> tpcds_partitioned_parquet_snap.store_sales.ss_item_sk
|     stored statistics:
|       table: rows=8.64G size=389.90GB
|       partitions: 1823/1823 rows=8.25G
|       columns: all
|     extrapolated-rows=disabled max-scan-range-rows=12.22M
|     parquet dictionary predicates: tpcds_partitioned_parquet_snap.store_sales.ss_item_sk IS NOT NULL
|     mem-estimate=16.00MB mem-reservation=512.00KB thread-reservation=0
|     tuple-ids=22 row-size=12B cardinality=8.25G(filtered from 8.25G) cost=1657367506
|     in pipelines: 22(GETNEXT)
|
42:AGGREGATE [FINALIZE]
|  output: sum:merge(tpcds_partitioned_parquet_snap.web_sales.ws_ext_sales_price)
|  group by: tpcds_partitioned_parquet_snap.item_0.i_item_id
|  having: sum(tpcds_partitioned_parquet_snap.web_sales.ws_ext_sales_price) IS NOT NULL
|  mem-estimate=10.00MB mem-reservation=1.94MB spill-buffer=64.00KB thread-reservation=0
|  tuple-ids=21 row-size=44B cardinality=18.56K cost=549106
|  in pipelines: 42(GETNEXT), 11(OPEN)
|
41:EXCHANGE [HASH(tpcds_partitioned_parquet_snap.item_0.i_item_id)]
|  mem-estimate=6.56MB mem-reservation=0B thread-reservation=0
|  tuple-ids=21 row-size=44B cardinality=223.20K cost=69973
|  in pipelines: 11(GETNEXT)
|
F00:PLAN FRAGMENT [RANDOM] hosts=10 instances=120
Per-Host Shared Resources: mem-estimate=1.00MB mem-reservation=1.00MB thread-reservation=0 runtime-filters-memory=1.00MB
Per-Instance Resources: mem-estimate=27.88MB mem-reservation=2.12MB thread-reservation=1
max-parallelism=290 segment-costs=[2877515580, 747452] cpu-comparison-result=120 [max(120 (self) vs 36 (sum children))]
21:AGGREGATE [STREAMING]
|  output: sum(tpcds_partitioned_parquet_snap.web_sales.ws_ext_sales_price)
|  group by: tpcds_partitioned_parquet_snap.item_0.i_item_id
|  mem-estimate=10.00MB mem-reservation=2.00MB spill-buffer=64.00KB thread-reservation=0
|  tuple-ids=21 row-size=44B cardinality=223.20K cost=647494
|  in pipelines: 11(GETNEXT)
|
20:HASH JOIN [LEFT SEMI JOIN, BROADCAST]
|  hash-table-id=10
|  hash predicates: tpcds_partitioned_parquet_snap.date_dim_2.d_date = tpcds_partitioned_parquet_snap.date_dim_3.d_date
|  mem-estimate=0B mem-reservation=0B spill-buffer=64.00KB thread-reservation=0
|  tuple-ids=11,13,15 row-size=52B cardinality=224.16K cost=553650038
|  in pipelines: 11(GETNEXT), 16(OPEN)
|
|--F32:PLAN FRAGMENT [RANDOM] hosts=10 instances=10
|  |  Per-Instance Resources: mem-estimate=24.27MB mem-reservation=24.25MB thread-reservation=1 runtime-filters-memory=1.00MB
|  |  max-parallelism=10 segment-costs=[7] cpu-comparison-result=11 [max(11 (self) vs 2 (sum children))]
|  JOIN BUILD
|  |  join-table-id=10 plan-id=11 cohort-id=01
|  |  build expressions: tpcds_partitioned_parquet_snap.date_dim_3.d_date
|  |  runtime filters: RF004[bloom] <- tpcds_partitioned_parquet_snap.date_dim_3.d_date, RF005[min_max] <- tpcds_partitioned_parquet_snap.date_dim_3.d_date
|  |  mem-estimate=23.25MB mem-reservation=23.25MB spill-buffer=64.00KB thread-reservation=0 cost=7
|  |
|  40:EXCHANGE [BROADCAST]
|  |  mem-estimate=16.00KB mem-reservation=0B thread-reservation=0
|  |  tuple-ids=17,19 row-size=16B cardinality=7 cost=0
|  |  in pipelines: 16(GETNEXT)
|  |
|  F03:PLAN FRAGMENT [RANDOM] hosts=1 instances=1
|  Per-Host Shared Resources: mem-estimate=1.00MB mem-reservation=1.00MB thread-reservation=0 runtime-filters-memory=1.00MB
|  Per-Instance Resources: mem-estimate=16.09MB mem-reservation=512.00KB thread-reservation=1
|  max-parallelism=1 segment-costs=[10470]
|  19:HASH JOIN [INNER JOIN, BROADCAST]
|  |  hash-table-id=11
|  |  hash predicates: tpcds_partitioned_parquet_snap.date_dim_3.d_week_seq = tpcds_partitioned_parquet_snap.date_dim_4.d_week_seq
|  |  fk/pk conjuncts: none
|  |  mem-estimate=0B mem-reservation=0B spill-buffer=64.00KB thread-reservation=0
|  |  tuple-ids=17,19 row-size=16B cardinality=7 cost=3
|  |  in pipelines: 16(GETNEXT), 18(OPEN)
|  |
|  |--F33:PLAN FRAGMENT [RANDOM] hosts=1 instances=1
|  |  |  Per-Instance Resources: mem-estimate=2.95MB mem-reservation=2.94MB thread-reservation=1 runtime-filters-memory=1.00MB
|  |  |  max-parallelism=1 segment-costs=[1] cpu-comparison-result=2 [max(1 (self) vs 2 (sum children))]
|  |  JOIN BUILD
|  |  |  join-table-id=11 plan-id=12 cohort-id=06
|  |  |  build expressions: tpcds_partitioned_parquet_snap.date_dim_4.d_week_seq
|  |  |  runtime filters: RF010[bloom] <- tpcds_partitioned_parquet_snap.date_dim_4.d_week_seq, RF011[min_max] <- tpcds_partitioned_parquet_snap.date_dim_4.d_week_seq
|  |  |  mem-estimate=1.94MB mem-reservation=1.94MB spill-buffer=64.00KB thread-reservation=0 cost=1
|  |  |
|  |  39:EXCHANGE [BROADCAST]
|  |  |  mem-estimate=16.00KB mem-reservation=0B thread-reservation=0
|  |  |  tuple-ids=19 row-size=8B cardinality=1 cost=0
|  |  |  in pipelines: 18(GETNEXT)
|  |  |
|  |  F05:PLAN FRAGMENT [UNPARTITIONED] hosts=1 instances=1
|  |  Per-Instance Resources: mem-estimate=48.00KB mem-reservation=0B thread-reservation=1
|  |  max-parallelism=1 segment-costs=[0, 0]
|  |  18:CARDINALITY CHECK
|  |  |  limit: 1
|  |  |  mem-estimate=0B mem-reservation=0B thread-reservation=0
|  |  |  tuple-ids=19 row-size=8B cardinality=1 cost=0
|  |  |  in pipelines: 18(GETNEXT), 17(OPEN)
|  |  |
|  |  38:EXCHANGE [UNPARTITIONED]
|  |  |  limit: 2
|  |  |  mem-estimate=16.00KB mem-reservation=0B thread-reservation=0
|  |  |  tuple-ids=19 row-size=8B cardinality=1 cost=0
|  |  |  in pipelines: 17(GETNEXT)
|  |  |
|  |  F04:PLAN FRAGMENT [RANDOM] hosts=1 instances=1
|  |  Per-Instance Resources: mem-estimate=16.05MB mem-reservation=512.00KB thread-reservation=1
|  |  max-parallelism=1 segment-costs=[10468]
|  |  17:SCAN HDFS [tpcds_partitioned_parquet_snap.date_dim, RANDOM]
|  |     HDFS partitions=1/1 files=1 size=2.17MB
|  |     predicates: tpcds_partitioned_parquet_snap.date_dim_4.d_date = DATE '2000-03-26'
|  |     stored statistics:
|  |       table: rows=73.05K size=2.17MB
|  |       columns: all
|  |     extrapolated-rows=disabled max-scan-range-rows=73.05K
|  |     parquet statistics predicates: tpcds_partitioned_parquet_snap.date_dim_4.d_date = DATE '2000-03-26'
|  |     parquet dictionary predicates: tpcds_partitioned_parquet_snap.date_dim_4.d_date = DATE '2000-03-26'
|  |     limit: 2
|  |     mem-estimate=16.00MB mem-reservation=512.00KB thread-reservation=0
|  |     tuple-ids=19 row-size=8B cardinality=1 cost=10467
|  |     in pipelines: 17(GETNEXT)
|  |
|  16:SCAN HDFS [tpcds_partitioned_parquet_snap.date_dim, RANDOM]
|     HDFS partitions=1/1 files=1 size=2.17MB
|     predicates: tpcds_partitioned_parquet_snap.date_dim_3.d_week_seq IS NOT NULL
|     runtime filters: RF011[min_max] -> tpcds_partitioned_parquet_snap.date_dim_3.d_week_seq, RF010[bloom] -> tpcds_partitioned_parquet_snap.date_dim_3.d_week_seq
|     stored statistics:
|       table: rows=73.05K size=2.17MB
|       columns: all
|     extrapolated-rows=disabled max-scan-range-rows=73.05K
|     parquet dictionary predicates: tpcds_partitioned_parquet_snap.date_dim_3.d_week_seq IS NOT NULL
|     mem-estimate=16.00MB mem-reservation=512.00KB thread-reservation=0
|     tuple-ids=17 row-size=8B cardinality=7(filtered from 73.05K) cost=10467
|     in pipelines: 16(GETNEXT)
|
15:HASH JOIN [INNER JOIN, BROADCAST]
|  hash-table-id=12
|  hash predicates: tpcds_partitioned_parquet_snap.web_sales.ws_sold_date_sk = tpcds_partitioned_parquet_snap.date_dim_2.d_date_sk
|  fk/pk conjuncts: tpcds_partitioned_parquet_snap.web_sales.ws_sold_date_sk = tpcds_partitioned_parquet_snap.date_dim_2.d_date_sk
|  mem-estimate=0B mem-reservation=0B spill-buffer=256.00KB thread-reservation=0
|  tuple-ids=11,13,15 row-size=52B cardinality=2.16G(filtered from 2.16G) cost=944697245
|  in pipelines: 11(GETNEXT), 14(OPEN)
|
|--F34:PLAN FRAGMENT [RANDOM] hosts=10 instances=10
|  |  Per-Instance Resources: mem-estimate=57.57MB mem-reservation=57.00MB thread-reservation=1
|  |  max-parallelism=10 segment-costs=[170129]
|  JOIN BUILD
|  |  join-table-id=12 plan-id=13 cohort-id=01
|  |  build expressions: tpcds_partitioned_parquet_snap.date_dim_2.d_date_sk
|  |  mem-estimate=57.00MB mem-reservation=57.00MB spill-buffer=256.00KB thread-reservation=0 cost=73049
|  |
|  37:EXCHANGE [BROADCAST]
|  |  mem-estimate=582.70KB mem-reservation=0B thread-reservation=0
|  |  tuple-ids=15 row-size=8B cardinality=73.05K cost=97080
|  |  in pipelines: 14(GETNEXT)
|  |
|  F02:PLAN FRAGMENT [RANDOM] hosts=1 instances=1
|  Per-Host Shared Resources: mem-estimate=1.00MB mem-reservation=1.00MB thread-reservation=0 runtime-filters-memory=1.00MB
|  Per-Instance Resources: mem-estimate=16.05MB mem-reservation=1.00MB thread-reservation=1
|  max-parallelism=1 segment-costs=[13622]
|  14:SCAN HDFS [tpcds_partitioned_parquet_snap.date_dim, RANDOM]
|     HDFS partitions=1/1 files=1 size=2.17MB
|     predicates: tpcds_partitioned_parquet_snap.date_dim_2.d_date_sk IS NOT NULL
|     runtime filters: RF005[min_max] -> tpcds_partitioned_parquet_snap.date_dim_2.d_date, RF004[bloom] -> tpcds_partitioned_parquet_snap.date_dim_2.d_date
|     stored statistics:
|       table: rows=73.05K size=2.17MB
|       columns: all
|     extrapolated-rows=disabled max-scan-range-rows=73.05K
|     parquet dictionary predicates: tpcds_partitioned_parquet_snap.date_dim_2.d_date_sk IS NOT NULL
|     mem-estimate=16.00MB mem-reservation=1.00MB thread-reservation=0
|     tuple-ids=15 row-size=8B cardinality=73.05K cost=10467
|     in pipelines: 14(GETNEXT)
|
13:HASH JOIN [INNER JOIN, BROADCAST]
|  hash-table-id=13
|  hash predicates: tpcds_partitioned_parquet_snap.web_sales.ws_item_sk = tpcds_partitioned_parquet_snap.item_0.i_item_sk
|  fk/pk conjuncts: tpcds_partitioned_parquet_snap.web_sales.ws_item_sk = tpcds_partitioned_parquet_snap.item_0.i_item_sk
|  mem-estimate=0B mem-reservation=0B spill-buffer=2.00MB thread-reservation=0
|  tuple-ids=11,13 row-size=44B cardinality=2.16G(filtered from 2.16G) cost=944697245
|  in pipelines: 11(GETNEXT), 12(OPEN)
|
|--F35:PLAN FRAGMENT [RANDOM] hosts=10 instances=10
|  |  Per-Instance Resources: mem-estimate=419.14MB mem-reservation=409.00MB thread-reservation=1 runtime-filters-memory=1.00MB
|  |  max-parallelism=10 segment-costs=[838440]
|  JOIN BUILD
|  |  join-table-id=13 plan-id=14 cohort-id=01
|  |  build expressions: tpcds_partitioned_parquet_snap.item_0.i_item_sk
|  |  runtime filters: RF008[bloom] <- tpcds_partitioned_parquet_snap.item_0.i_item_sk, RF009[min_max] <- tpcds_partitioned_parquet_snap.item_0.i_item_sk
|  |  mem-estimate=408.00MB mem-reservation=408.00MB spill-buffer=2.00MB thread-reservation=0 cost=360000
|  |
|  36:EXCHANGE [BROADCAST]
|  |  mem-estimate=10.14MB mem-reservation=0B thread-reservation=0
|  |  tuple-ids=13 row-size=32B cardinality=360.00K cost=478440
|  |  in pipelines: 12(GETNEXT)
|  |
|  F01:PLAN FRAGMENT [RANDOM] hosts=4 instances=4
|  Per-Host Shared Resources: mem-estimate=1.00MB mem-reservation=1.00MB thread-reservation=0 runtime-filters-memory=1.00MB
|  Per-Instance Resources: mem-estimate=16.14MB mem-reservation=512.00KB thread-reservation=1
|  max-parallelism=4 segment-costs=[162792]
|  12:SCAN HDFS [tpcds_partitioned_parquet_snap.item, RANDOM]
|     HDFS partitions=1/1 files=1 size=33.54MB
|     predicates: tpcds_partitioned_parquet_snap.item_0.i_item_id IS NOT NULL, tpcds_partitioned_parquet_snap.item_0.i_item_sk IS NOT NULL
|     runtime filters: RF001[min_max] -> tpcds_partitioned_parquet_snap.item_0.i_item_id, RF003[min_max] -> tpcds_partitioned_parquet_snap.item_0.i_item_id, RF000[bloom] -> tpcds_partitioned_parquet_snap.item_0.i_item_id
|     stored statistics:
|       table: rows=360.00K size=33.54MB
|       columns: all
|     extrapolated-rows=disabled max-scan-range-rows=101.54K
|     parquet dictionary predicates: tpcds_partitioned_parquet_snap.item_0.i_item_id IS NOT NULL, tpcds_partitioned_parquet_snap.item_0.i_item_sk IS NOT NULL
|     mem-estimate=16.00MB mem-reservation=512.00KB thread-reservation=0
|     tuple-ids=13 row-size=32B cardinality=360.00K cost=123912
|     in pipelines: 12(GETNEXT)
|
11:SCAN HDFS [tpcds_partitioned_parquet_snap.web_sales, RANDOM]
   partition predicates: tpcds_partitioned_parquet_snap.web_sales.ws_sold_date_sk IS NOT NULL
   HDFS partitions=1823/1824 files=1823 size=145.67GB
   predicates: tpcds_partitioned_parquet_snap.web_sales.ws_item_sk IS NOT NULL
   runtime filters: RF009[min_max] -> tpcds_partitioned_parquet_snap.web_sales.ws_item_sk, RF008[bloom] -> tpcds_partitioned_parquet_snap.web_sales.ws_item_sk
   stored statistics:
     table: rows=2.16G size=145.75GB
     partitions: 1823/1823 rows=2.16G
     columns: all
   extrapolated-rows=disabled max-scan-range-rows=3.37M
   parquet dictionary predicates: tpcds_partitioned_parquet_snap.web_sales.ws_item_sk IS NOT NULL
   mem-estimate=16.00MB mem-reservation=128.00KB thread-reservation=0
   tuple-ids=11 row-size=12B cardinality=2.16G(filtered from 2.16G) cost=433823558
   in pipelines: 11(GETNEXT)
====
