# TPCDS-Q78
# start query 78 in stream 0 using template query78.tpl using seed 722125494
with ws as
  (select d_year AS ws_sold_year, ws_item_sk,
    ws_bill_customer_sk ws_customer_sk,
    sum(ws_quantity) ws_qty,
    sum(ws_wholesale_cost) ws_wc,
    sum(ws_sales_price) ws_sp
   from web_sales
   left join web_returns on wr_order_number=ws_order_number and ws_item_sk=wr_item_sk
   join date_dim on ws_sold_date_sk = d_date_sk
   where wr_order_number is null
   group by d_year, ws_item_sk, ws_bill_customer_sk
   ),
cs as
  (select d_year AS cs_sold_year, cs_item_sk,
    cs_bill_customer_sk cs_customer_sk,
    sum(cs_quantity) cs_qty,
    sum(cs_wholesale_cost) cs_wc,
    sum(cs_sales_price) cs_sp
   from catalog_sales
   left join catalog_returns on cr_order_number=cs_order_number and cs_item_sk=cr_item_sk
   join date_dim on cs_sold_date_sk = d_date_sk
   where cr_order_number is null
   group by d_year, cs_item_sk, cs_bill_customer_sk
   ),
ss as
  (select d_year AS ss_sold_year, ss_item_sk,
    ss_customer_sk,
    sum(ss_quantity) ss_qty,
    sum(ss_wholesale_cost) ss_wc,
    sum(ss_sales_price) ss_sp
   from store_sales
   left join store_returns on sr_ticket_number=ss_ticket_number and ss_item_sk=sr_item_sk
   join date_dim on ss_sold_date_sk = d_date_sk
   where sr_ticket_number is null
   group by d_year, ss_item_sk, ss_customer_sk
   )
 select
ss_sold_year, ss_item_sk, ss_customer_sk,
round(ss_qty/(coalesce(ws_qty,0)+coalesce(cs_qty,0)),2) ratio,
ss_qty store_qty, ss_wc store_wholesale_cost, ss_sp store_sales_price,
coalesce(ws_qty,0)+coalesce(cs_qty,0) other_chan_qty,
coalesce(ws_wc,0)+coalesce(cs_wc,0) other_chan_wholesale_cost,
coalesce(ws_sp,0)+coalesce(cs_sp,0) other_chan_sales_price
from ss
left join ws on (ws_sold_year=ss_sold_year and ws_item_sk=ss_item_sk and ws_customer_sk=ss_customer_sk)
left join cs on (cs_sold_year=ss_sold_year and cs_item_sk=ss_item_sk and cs_customer_sk=ss_customer_sk)
where (coalesce(ws_qty,0)>0 or coalesce(cs_qty, 0)>0) and ss_sold_year=2002
order by
  ss_sold_year, ss_item_sk, ss_customer_sk,
  ss_qty desc, ss_wc desc, ss_sp desc,
  other_chan_qty,
  other_chan_wholesale_cost,
  other_chan_sales_price,
  ratio
limit 100

# end query 78 in stream 0 using template query78.tpl
---- PLAN
Max Per-Host Resource Reservation: Memory=213.69MB Threads=1
Per-Host Resource Estimates: Memory=202.09GB
F00:PLAN FRAGMENT [UNPARTITIONED] hosts=1 instances=1
|  Per-Instance Resources: mem-estimate=202.09GB mem-reservation=213.69MB thread-reservation=1 runtime-filters-memory=3.00MB
|  max-parallelism=1 segment-costs=[14650716146, 3822997494, 7588348737, 31948515754, 1000]
PLAN-ROOT SINK
|  output exprs: CAST(2002 AS INT), tpcds_partitioned_parquet_snap.store_sales.ss_item_sk, tpcds_partitioned_parquet_snap.store_sales.ss_customer_sk, round(divide(CAST(sum(tpcds_partitioned_parquet_snap.store_sales.ss_quantity) AS DOUBLE), CAST(add(coalesce(sum(tpcds_partitioned_parquet_snap.web_sales.ws_quantity), CAST(0 AS BIGINT)), coalesce(sum(tpcds_partitioned_parquet_snap.catalog_sales.cs_quantity), CAST(0 AS BIGINT))) AS DOUBLE)), CAST(2 AS BIGINT)), sum(tpcds_partitioned_parquet_snap.store_sales.ss_quantity), sum(tpcds_partitioned_parquet_snap.store_sales.ss_wholesale_cost), sum(tpcds_partitioned_parquet_snap.store_sales.ss_sales_price), add(coalesce(sum(tpcds_partitioned_parquet_snap.web_sales.ws_quantity), CAST(0 AS BIGINT)), coalesce(sum(tpcds_partitioned_parquet_snap.catalog_sales.cs_quantity), CAST(0 AS BIGINT))), add(coalesce(sum(tpcds_partitioned_parquet_snap.web_sales.ws_wholesale_cost), CAST(0 AS DECIMAL(38,2))), coalesce(sum(tpcds_partitioned_parquet_snap.catalog_sales.cs_wholesale_cost), CAST(0 AS DECIMAL(38,2)))), add(coalesce(sum(tpcds_partitioned_parquet_snap.web_sales.ws_sales_price), CAST(0 AS DECIMAL(38,2))), coalesce(sum(tpcds_partitioned_parquet_snap.catalog_sales.cs_sales_price), CAST(0 AS DECIMAL(38,2))))
|  mem-estimate=4.00MB mem-reservation=4.00MB spill-buffer=2.00MB thread-reservation=0 cost=1000
|
20:TOP-N [LIMIT=100]
|  order by: tpcds_partitioned_parquet_snap.store_sales.ss_item_sk ASC NULLS LAST, tpcds_partitioned_parquet_snap.store_sales.ss_customer_sk ASC NULLS LAST, sum(tpcds_partitioned_parquet_snap.store_sales.ss_quantity) DESC NULLS FIRST, sum(tpcds_partitioned_parquet_snap.store_sales.ss_wholesale_cost) DESC NULLS FIRST, sum(tpcds_partitioned_parquet_snap.store_sales.ss_sales_price) DESC NULLS FIRST, add(coalesce(sum(tpcds_partitioned_parquet_snap.web_sales.ws_quantity), 0), coalesce(sum(tpcds_partitioned_parquet_snap.catalog_sales.cs_quantity), 0)) ASC NULLS LAST, add(coalesce(sum(tpcds_partitioned_parquet_snap.web_sales.ws_wholesale_cost), 0), coalesce(sum(tpcds_partitioned_parquet_snap.catalog_sales.cs_wholesale_cost), 0)) ASC NULLS LAST, add(coalesce(sum(tpcds_partitioned_parquet_snap.web_sales.ws_sales_price), 0), coalesce(sum(tpcds_partitioned_parquet_snap.catalog_sales.cs_sales_price), 0)) ASC NULLS LAST, round(divide(sum(tpcds_partitioned_parquet_snap.store_sales.ss_quantity), add(coalesce(sum(tpcds_partitioned_parquet_snap.web_sales.ws_quantity), 0), coalesce(sum(tpcds_partitioned_parquet_snap.catalog_sales.cs_quantity), 0))), 2) ASC NULLS LAST
|  mem-estimate=12.50KB mem-reservation=0B thread-reservation=0
|  tuple-ids=21 row-size=128B cardinality=100 cost=29154425292
|  in pipelines: 20(GETNEXT), 05(OPEN)
|
19:HASH JOIN [LEFT OUTER JOIN]
|  hash predicates: 2002 = 2002, tpcds_partitioned_parquet_snap.store_sales.ss_customer_sk = tpcds_partitioned_parquet_snap.catalog_sales.cs_bill_customer_sk, tpcds_partitioned_parquet_snap.store_sales.ss_item_sk = tpcds_partitioned_parquet_snap.catalog_sales.cs_item_sk
|  fk/pk conjuncts: tpcds_partitioned_parquet_snap.store_sales.ss_customer_sk = tpcds_partitioned_parquet_snap.catalog_sales.cs_bill_customer_sk, tpcds_partitioned_parquet_snap.store_sales.ss_item_sk = tpcds_partitioned_parquet_snap.catalog_sales.cs_item_sk
|  other predicates: coalesce(sum(tpcds_partitioned_parquet_snap.web_sales.ws_quantity), CAST(0 AS BIGINT)) > CAST(0 AS BIGINT) OR coalesce(sum(tpcds_partitioned_parquet_snap.catalog_sales.cs_quantity), CAST(0 AS BIGINT)) > CAST(0 AS BIGINT)
|  mem-estimate=50.00GB mem-reservation=34.00MB spill-buffer=2.00MB thread-reservation=0
|  tuple-ids=6,13N,20N row-size=144B cardinality=1.69G cost=1614089373
|  in pipelines: 05(GETNEXT), 18(OPEN)
|
|--18:AGGREGATE [FINALIZE]
|  |  output: sum(CAST(tpcds_partitioned_parquet_snap.catalog_sales.cs_quantity AS BIGINT)), sum(tpcds_partitioned_parquet_snap.catalog_sales.cs_wholesale_cost), sum(tpcds_partitioned_parquet_snap.catalog_sales.cs_sales_price)
|  |  group by: tpcds_partitioned_parquet_snap.catalog_sales.cs_item_sk, tpcds_partitioned_parquet_snap.catalog_sales.cs_bill_customer_sk
|  |  mem-estimate=25.38GB mem-reservation=34.00MB spill-buffer=2.00MB thread-reservation=0
|  |  tuple-ids=20 row-size=48B cardinality=875.68M cost=5291361090
|  |  in pipelines: 18(GETNEXT), 13(OPEN)
|  |
|  17:HASH JOIN [INNER JOIN]
|  |  hash predicates: tpcds_partitioned_parquet_snap.catalog_sales.cs_sold_date_sk = tpcds_partitioned_parquet_snap.date_dim_1.d_date_sk
|  |  fk/pk conjuncts: tpcds_partitioned_parquet_snap.catalog_sales.cs_sold_date_sk = tpcds_partitioned_parquet_snap.date_dim_1.d_date_sk
|  |  runtime filters: RF004[bloom] <- tpcds_partitioned_parquet_snap.date_dim_1.d_date_sk
|  |  mem-estimate=1.94MB mem-reservation=1.94MB spill-buffer=64.00KB thread-reservation=0
|  |  tuple-ids=14,16N,18 row-size=52B cardinality=875.68M cost=383283851
|  |  in pipelines: 13(GETNEXT), 16(OPEN)
|  |
|  |--16:SCAN HDFS [tpcds_partitioned_parquet_snap.date_dim]
|  |     HDFS partitions=1/1 files=1 size=2.17MB
|  |     predicates: tpcds_partitioned_parquet_snap.date_dim_1.d_year IS NOT DISTINCT FROM CAST(2002 AS INT), tpcds_partitioned_parquet_snap.date_dim_1.d_date_sk IS NOT NULL
|  |     stored statistics:
|  |       table: rows=73.05K size=2.17MB
|  |       columns: all
|  |     extrapolated-rows=disabled max-scan-range-rows=73.05K
|  |     parquet dictionary predicates: tpcds_partitioned_parquet_snap.date_dim_1.d_year IS NOT DISTINCT FROM CAST(2002 AS INT), tpcds_partitioned_parquet_snap.date_dim_1.d_date_sk IS NOT NULL
|  |     mem-estimate=16.00MB mem-reservation=512.00KB thread-reservation=0
|  |     tuple-ids=18 row-size=8B cardinality=373 cost=12520
|  |     in pipelines: 16(GETNEXT)
|  |
|  15:HASH JOIN [LEFT OUTER JOIN]
|  |  hash predicates: tpcds_partitioned_parquet_snap.catalog_sales.cs_item_sk = tpcds_partitioned_parquet_snap.catalog_returns.cr_item_sk, tpcds_partitioned_parquet_snap.catalog_sales.cs_order_number = tpcds_partitioned_parquet_snap.catalog_returns.cr_order_number
|  |  fk/pk conjuncts: tpcds_partitioned_parquet_snap.catalog_sales.cs_item_sk = tpcds_partitioned_parquet_snap.catalog_returns.cr_item_sk, tpcds_partitioned_parquet_snap.catalog_sales.cs_order_number = tpcds_partitioned_parquet_snap.catalog_returns.cr_order_number
|  |  other predicates: tpcds_partitioned_parquet_snap.catalog_returns.cr_order_number IS NULL
|  |  mem-estimate=16.83GB mem-reservation=34.00MB spill-buffer=2.00MB thread-reservation=0
|  |  tuple-ids=14,16N row-size=44B cardinality=875.68M(filtered from 4.30G) cost=1435527141
|  |  in pipelines: 13(GETNEXT), 14(OPEN)
|  |
|  |--14:SCAN HDFS [tpcds_partitioned_parquet_snap.catalog_returns]
|  |     HDFS partitions=2060/2060 files=2060 size=32.77GB
|  |     stored statistics:
|  |       table: rows=432.02M size=32.77GB
|  |       partitions: 2060/2060 rows=432.02M
|  |       columns: all
|  |     extrapolated-rows=disabled max-scan-range-rows=416.82K
|  |     mem-estimate=16.00MB mem-reservation=32.00KB thread-reservation=0
|  |     tuple-ids=16 row-size=12B cardinality=432.02M cost=74652536
|  |     in pipelines: 14(GETNEXT)
|  |
|  13:SCAN HDFS [tpcds_partitioned_parquet_snap.catalog_sales]
|     partition predicates: tpcds_partitioned_parquet_snap.catalog_sales.cs_sold_date_sk IS NOT NULL
|     HDFS partitions=1830/1831 files=1830 size=280.81GB
|     runtime filters: RF004[bloom] -> tpcds_partitioned_parquet_snap.catalog_sales.cs_sold_date_sk
|     stored statistics:
|       table: rows=4.32G size=280.96GB
|       partitions: 1830/1830 rows=4.30G
|       columns: all
|     extrapolated-rows=disabled max-scan-range-rows=5.09M est-scan-range=373(filtered from 1830)
|     mem-estimate=16.00MB mem-reservation=256.00KB thread-reservation=0
|     tuple-ids=14 row-size=32B cardinality=875.68M(filtered from 4.30G) cost=403511599
|     in pipelines: 13(GETNEXT)
|
12:HASH JOIN [LEFT OUTER JOIN]
|  hash predicates: 2002 = 2002, tpcds_partitioned_parquet_snap.store_sales.ss_customer_sk = tpcds_partitioned_parquet_snap.web_sales.ws_bill_customer_sk, tpcds_partitioned_parquet_snap.store_sales.ss_item_sk = tpcds_partitioned_parquet_snap.web_sales.ws_item_sk
|  fk/pk conjuncts: tpcds_partitioned_parquet_snap.store_sales.ss_customer_sk = tpcds_partitioned_parquet_snap.web_sales.ws_bill_customer_sk, tpcds_partitioned_parquet_snap.store_sales.ss_item_sk = tpcds_partitioned_parquet_snap.web_sales.ws_item_sk
|  mem-estimate=31.74GB mem-reservation=34.00MB spill-buffer=2.00MB thread-reservation=0
|  tuple-ids=6,13N row-size=96B cardinality=1.69G cost=1180001089
|  in pipelines: 05(GETNEXT), 11(OPEN)
|
|--11:AGGREGATE [FINALIZE]
|  |  output: sum(CAST(tpcds_partitioned_parquet_snap.web_sales.ws_quantity AS BIGINT)), sum(tpcds_partitioned_parquet_snap.web_sales.ws_wholesale_cost), sum(tpcds_partitioned_parquet_snap.web_sales.ws_sales_price)
|  |  group by: tpcds_partitioned_parquet_snap.web_sales.ws_item_sk, tpcds_partitioned_parquet_snap.web_sales.ws_bill_customer_sk
|  |  mem-estimate=13.25GB mem-reservation=34.00MB spill-buffer=2.00MB thread-reservation=0
|  |  tuple-ids=13 row-size=48B cardinality=441.59M cost=2668339225
|  |  in pipelines: 11(GETNEXT), 06(OPEN)
|  |
|  10:HASH JOIN [INNER JOIN]
|  |  hash predicates: tpcds_partitioned_parquet_snap.web_sales.ws_sold_date_sk = tpcds_partitioned_parquet_snap.date_dim_0.d_date_sk
|  |  fk/pk conjuncts: tpcds_partitioned_parquet_snap.web_sales.ws_sold_date_sk = tpcds_partitioned_parquet_snap.date_dim_0.d_date_sk
|  |  runtime filters: RF002[bloom] <- tpcds_partitioned_parquet_snap.date_dim_0.d_date_sk
|  |  mem-estimate=1.94MB mem-reservation=1.94MB spill-buffer=64.00KB thread-reservation=0
|  |  tuple-ids=7,9N,11 row-size=52B cardinality=441.59M cost=193283409
|  |  in pipelines: 06(GETNEXT), 09(OPEN)
|  |
|  |--09:SCAN HDFS [tpcds_partitioned_parquet_snap.date_dim]
|  |     HDFS partitions=1/1 files=1 size=2.17MB
|  |     predicates: tpcds_partitioned_parquet_snap.date_dim_0.d_year IS NOT DISTINCT FROM CAST(2002 AS INT), tpcds_partitioned_parquet_snap.date_dim_0.d_date_sk IS NOT NULL
|  |     stored statistics:
|  |       table: rows=73.05K size=2.17MB
|  |       columns: all
|  |     extrapolated-rows=disabled max-scan-range-rows=73.05K
|  |     parquet dictionary predicates: tpcds_partitioned_parquet_snap.date_dim_0.d_year IS NOT DISTINCT FROM CAST(2002 AS INT), tpcds_partitioned_parquet_snap.date_dim_0.d_date_sk IS NOT NULL
|  |     mem-estimate=16.00MB mem-reservation=512.00KB thread-reservation=0
|  |     tuple-ids=11 row-size=8B cardinality=373 cost=12520
|  |     in pipelines: 09(GETNEXT)
|  |
|  08:HASH JOIN [LEFT OUTER JOIN]
|  |  hash predicates: tpcds_partitioned_parquet_snap.web_sales.ws_item_sk = tpcds_partitioned_parquet_snap.web_returns.wr_item_sk, tpcds_partitioned_parquet_snap.web_sales.ws_order_number = tpcds_partitioned_parquet_snap.web_returns.wr_order_number
|  |  fk/pk conjuncts: tpcds_partitioned_parquet_snap.web_sales.ws_item_sk = tpcds_partitioned_parquet_snap.web_returns.wr_item_sk, tpcds_partitioned_parquet_snap.web_sales.ws_order_number = tpcds_partitioned_parquet_snap.web_returns.wr_order_number
|  |  other predicates: tpcds_partitioned_parquet_snap.web_returns.wr_order_number IS NULL
|  |  mem-estimate=8.41GB mem-reservation=34.00MB spill-buffer=2.00MB thread-reservation=0
|  |  tuple-ids=7,9N row-size=44B cardinality=441.59M(filtered from 2.16G) cost=720553358
|  |  in pipelines: 06(GETNEXT), 07(OPEN)
|  |
|  |--07:SCAN HDFS [tpcds_partitioned_parquet_snap.web_returns]
|  |     HDFS partitions=2114/2114 files=2114 size=16.74GB
|  |     stored statistics:
|  |       table: rows=216.00M size=16.74GB
|  |       partitions: 2114/2114 rows=216.00M
|  |       columns: all
|  |     extrapolated-rows=disabled max-scan-range-rows=9.41M
|  |     mem-estimate=16.00MB mem-reservation=256.00KB thread-reservation=0
|  |     tuple-ids=9 row-size=12B cardinality=216.00M cost=37325264
|  |     in pipelines: 07(GETNEXT)
|  |
|  06:SCAN HDFS [tpcds_partitioned_parquet_snap.web_sales]
|     partition predicates: tpcds_partitioned_parquet_snap.web_sales.ws_sold_date_sk IS NOT NULL
|     HDFS partitions=1823/1824 files=1823 size=145.67GB
|     runtime filters: RF002[bloom] -> tpcds_partitioned_parquet_snap.web_sales.ws_sold_date_sk
|     stored statistics:
|       table: rows=2.16G size=145.75GB
|       partitions: 1823/1823 rows=2.16G
|       columns: all
|     extrapolated-rows=disabled max-scan-range-rows=3.37M est-scan-range=373(filtered from 1823)
|     mem-estimate=16.00MB mem-reservation=128.00KB thread-reservation=0
|     tuple-ids=7 row-size=32B cardinality=441.59M(filtered from 2.16G) cost=203483718
|     in pipelines: 06(GETNEXT)
|
05:AGGREGATE [FINALIZE]
|  output: sum(CAST(tpcds_partitioned_parquet_snap.store_sales.ss_quantity AS BIGINT)), sum(tpcds_partitioned_parquet_snap.store_sales.ss_wholesale_cost), sum(tpcds_partitioned_parquet_snap.store_sales.ss_sales_price)
|  group by: tpcds_partitioned_parquet_snap.store_sales.ss_item_sk, tpcds_partitioned_parquet_snap.store_sales.ss_customer_sk
|  mem-estimate=48.05GB mem-reservation=34.00MB spill-buffer=2.00MB thread-reservation=0
|  tuple-ids=6 row-size=48B cardinality=1.69G cost=10194049254
|  in pipelines: 05(GETNEXT), 00(OPEN)
|
04:HASH JOIN [INNER JOIN]
|  hash predicates: tpcds_partitioned_parquet_snap.store_sales.ss_sold_date_sk = tpcds_partitioned_parquet_snap.date_dim.d_date_sk
|  fk/pk conjuncts: tpcds_partitioned_parquet_snap.store_sales.ss_sold_date_sk = tpcds_partitioned_parquet_snap.date_dim.d_date_sk
|  runtime filters: RF000[bloom] <- tpcds_partitioned_parquet_snap.date_dim.d_date_sk
|  mem-estimate=1.94MB mem-reservation=1.94MB spill-buffer=64.00KB thread-reservation=0
|  tuple-ids=0,2N,4 row-size=52B cardinality=1.69G cost=738413532
|  in pipelines: 00(GETNEXT), 03(OPEN)
|
|--03:SCAN HDFS [tpcds_partitioned_parquet_snap.date_dim]
|     HDFS partitions=1/1 files=1 size=2.17MB
|     predicates: tpcds_partitioned_parquet_snap.date_dim.d_year = CAST(2002 AS INT), tpcds_partitioned_parquet_snap.date_dim.d_date_sk IS NOT NULL
|     stored statistics:
|       table: rows=73.05K size=2.17MB
|       columns: all
|     extrapolated-rows=disabled max-scan-range-rows=73.05K
|     parquet statistics predicates: tpcds_partitioned_parquet_snap.date_dim.d_year = CAST(2002 AS INT)
|     parquet dictionary predicates: tpcds_partitioned_parquet_snap.date_dim.d_year = CAST(2002 AS INT), tpcds_partitioned_parquet_snap.date_dim.d_date_sk IS NOT NULL
|     mem-estimate=16.00MB mem-reservation=512.00KB thread-reservation=0
|     tuple-ids=4 row-size=8B cardinality=373 cost=12520
|     in pipelines: 03(GETNEXT)
|
02:HASH JOIN [LEFT OUTER JOIN]
|  hash predicates: tpcds_partitioned_parquet_snap.store_sales.ss_item_sk = tpcds_partitioned_parquet_snap.store_returns.sr_item_sk, tpcds_partitioned_parquet_snap.store_sales.ss_ticket_number = tpcds_partitioned_parquet_snap.store_returns.sr_ticket_number
|  fk/pk conjuncts: tpcds_partitioned_parquet_snap.store_sales.ss_item_sk = tpcds_partitioned_parquet_snap.store_returns.sr_item_sk, tpcds_partitioned_parquet_snap.store_sales.ss_ticket_number = tpcds_partitioned_parquet_snap.store_returns.sr_ticket_number
|  other predicates: tpcds_partitioned_parquet_snap.store_returns.sr_ticket_number IS NULL
|  mem-estimate=33.66GB mem-reservation=34.00MB spill-buffer=2.00MB thread-reservation=0
|  tuple-ids=0,2N row-size=44B cardinality=1.69G(filtered from 8.25G) cost=2791560046
|  in pipelines: 00(GETNEXT), 01(OPEN)
|
|--01:SCAN HDFS [tpcds_partitioned_parquet_snap.store_returns]
|     HDFS partitions=2004/2004 files=2004 size=48.14GB
|     stored statistics:
|       table: rows=863.99M size=48.14GB
|       partitions: 2004/2004 rows=863.99M
|       columns: all
|     extrapolated-rows=disabled max-scan-range-rows=30.09M
|     mem-estimate=16.00MB mem-reservation=512.00KB thread-reservation=0
|     tuple-ids=2 row-size=12B cardinality=863.99M cost=149297235
|     in pipelines: 01(GETNEXT)
|
00:SCAN HDFS [tpcds_partitioned_parquet_snap.store_sales]
   partition predicates: tpcds_partitioned_parquet_snap.store_sales.ss_sold_date_sk IS NOT NULL
   HDFS partitions=1823/1824 files=1823 size=389.69GB
   runtime filters: RF000[bloom] -> tpcds_partitioned_parquet_snap.store_sales.ss_sold_date_sk
   stored statistics:
     table: rows=8.64G size=389.90GB
     partitions: 1823/1823 rows=8.25G
     columns: all
   extrapolated-rows=disabled max-scan-range-rows=12.24M est-scan-range=373(filtered from 1823)
   mem-estimate=16.00MB mem-reservation=512.00KB thread-reservation=0
   tuple-ids=0 row-size=32B cardinality=1.69G(filtered from 8.25G) cost=777383559
   in pipelines: 00(GETNEXT)
---- DISTRIBUTEDPLAN
Max Per-Host Resource Reservation: Memory=4.47GB Threads=122
Per-Host Resource Estimates: Memory=100.83GB
F13:PLAN FRAGMENT [UNPARTITIONED] hosts=1 instances=1
|  Per-Instance Resources: mem-estimate=5.51MB mem-reservation=4.00MB thread-reservation=1
|  max-parallelism=1 segment-costs=[1050] cpu-comparison-result=360 [max(1 (self) vs 360 (sum children))]
PLAN-ROOT SINK
|  output exprs: CAST(2002 AS INT), tpcds_partitioned_parquet_snap.store_sales.ss_item_sk, tpcds_partitioned_parquet_snap.store_sales.ss_customer_sk, round(divide(CAST(sum(tpcds_partitioned_parquet_snap.store_sales.ss_quantity) AS DOUBLE), CAST(add(coalesce(sum(tpcds_partitioned_parquet_snap.web_sales.ws_quantity), CAST(0 AS BIGINT)), coalesce(sum(tpcds_partitioned_parquet_snap.catalog_sales.cs_quantity), CAST(0 AS BIGINT))) AS DOUBLE)), CAST(2 AS BIGINT)), sum(tpcds_partitioned_parquet_snap.store_sales.ss_quantity), sum(tpcds_partitioned_parquet_snap.store_sales.ss_wholesale_cost), sum(tpcds_partitioned_parquet_snap.store_sales.ss_sales_price), add(coalesce(sum(tpcds_partitioned_parquet_snap.web_sales.ws_quantity), CAST(0 AS BIGINT)), coalesce(sum(tpcds_partitioned_parquet_snap.catalog_sales.cs_quantity), CAST(0 AS BIGINT))), add(coalesce(sum(tpcds_partitioned_parquet_snap.web_sales.ws_wholesale_cost), CAST(0 AS DECIMAL(38,2))), coalesce(sum(tpcds_partitioned_parquet_snap.catalog_sales.cs_wholesale_cost), CAST(0 AS DECIMAL(38,2)))), add(coalesce(sum(tpcds_partitioned_parquet_snap.web_sales.ws_sales_price), CAST(0 AS DECIMAL(38,2))), coalesce(sum(tpcds_partitioned_parquet_snap.catalog_sales.cs_sales_price), CAST(0 AS DECIMAL(38,2))))
|  mem-estimate=4.00MB mem-reservation=4.00MB spill-buffer=2.00MB thread-reservation=0 cost=1000
|
36:MERGING-EXCHANGE [UNPARTITIONED]
|  order by: tpcds_partitioned_parquet_snap.store_sales.ss_item_sk ASC NULLS LAST, tpcds_partitioned_parquet_snap.store_sales.ss_customer_sk ASC NULLS LAST, sum(tpcds_partitioned_parquet_snap.store_sales.ss_quantity) DESC NULLS FIRST, sum(tpcds_partitioned_parquet_snap.store_sales.ss_wholesale_cost) DESC NULLS FIRST, sum(tpcds_partitioned_parquet_snap.store_sales.ss_sales_price) DESC NULLS FIRST, add(coalesce(sum(tpcds_partitioned_parquet_snap.web_sales.ws_quantity), 0), coalesce(sum(tpcds_partitioned_parquet_snap.catalog_sales.cs_quantity), 0)) ASC NULLS LAST, add(coalesce(sum(tpcds_partitioned_parquet_snap.web_sales.ws_wholesale_cost), 0), coalesce(sum(tpcds_partitioned_parquet_snap.catalog_sales.cs_wholesale_cost), 0)) ASC NULLS LAST, add(coalesce(sum(tpcds_partitioned_parquet_snap.web_sales.ws_sales_price), 0), coalesce(sum(tpcds_partitioned_parquet_snap.catalog_sales.cs_sales_price), 0)) ASC NULLS LAST, round(divide(sum(tpcds_partitioned_parquet_snap.store_sales.ss_quantity), add(coalesce(sum(tpcds_partitioned_parquet_snap.web_sales.ws_quantity), 0), coalesce(sum(tpcds_partitioned_parquet_snap.catalog_sales.cs_quantity), 0))), 2) ASC NULLS LAST
|  limit: 100
|  mem-estimate=1.51MB mem-reservation=0B thread-reservation=0
|  tuple-ids=21 row-size=128B cardinality=100 cost=50
|  in pipelines: 20(GETNEXT)
|
F08:PLAN FRAGMENT [HASH(2002,tpcds_partitioned_parquet_snap.store_sales.ss_customer_sk,tpcds_partitioned_parquet_snap.store_sales.ss_item_sk)] hosts=10 instances=120
Per-Instance Resources: mem-estimate=16.11MB mem-reservation=0B thread-reservation=1
max-parallelism=3120 segment-costs=[31191176964, 366] cpu-comparison-result=360 [max(120 (self) vs 360 (sum children))]
20:TOP-N [LIMIT=100]
|  order by: tpcds_partitioned_parquet_snap.store_sales.ss_item_sk ASC NULLS LAST, tpcds_partitioned_parquet_snap.store_sales.ss_customer_sk ASC NULLS LAST, sum(tpcds_partitioned_parquet_snap.store_sales.ss_quantity) DESC NULLS FIRST, sum(tpcds_partitioned_parquet_snap.store_sales.ss_wholesale_cost) DESC NULLS FIRST, sum(tpcds_partitioned_parquet_snap.store_sales.ss_sales_price) DESC NULLS FIRST, add(coalesce(sum(tpcds_partitioned_parquet_snap.web_sales.ws_quantity), 0), coalesce(sum(tpcds_partitioned_parquet_snap.catalog_sales.cs_quantity), 0)) ASC NULLS LAST, add(coalesce(sum(tpcds_partitioned_parquet_snap.web_sales.ws_wholesale_cost), 0), coalesce(sum(tpcds_partitioned_parquet_snap.catalog_sales.cs_wholesale_cost), 0)) ASC NULLS LAST, add(coalesce(sum(tpcds_partitioned_parquet_snap.web_sales.ws_sales_price), 0), coalesce(sum(tpcds_partitioned_parquet_snap.catalog_sales.cs_sales_price), 0)) ASC NULLS LAST, round(divide(sum(tpcds_partitioned_parquet_snap.store_sales.ss_quantity), add(coalesce(sum(tpcds_partitioned_parquet_snap.web_sales.ws_quantity), 0), coalesce(sum(tpcds_partitioned_parquet_snap.catalog_sales.cs_quantity), 0))), 2) ASC NULLS LAST
|  mem-estimate=12.50KB mem-reservation=0B thread-reservation=0
|  tuple-ids=21 row-size=128B cardinality=100 cost=29154425292
|  in pipelines: 20(GETNEXT), 24(OPEN)
|
19:HASH JOIN [LEFT OUTER JOIN, PARTITIONED]
|  hash-table-id=00
|  hash predicates: 2002 = 2002, tpcds_partitioned_parquet_snap.store_sales.ss_customer_sk = tpcds_partitioned_parquet_snap.catalog_sales.cs_bill_customer_sk, tpcds_partitioned_parquet_snap.store_sales.ss_item_sk = tpcds_partitioned_parquet_snap.catalog_sales.cs_item_sk
|  fk/pk conjuncts: tpcds_partitioned_parquet_snap.store_sales.ss_customer_sk = tpcds_partitioned_parquet_snap.catalog_sales.cs_bill_customer_sk, tpcds_partitioned_parquet_snap.store_sales.ss_item_sk = tpcds_partitioned_parquet_snap.catalog_sales.cs_item_sk
|  other predicates: coalesce(sum(tpcds_partitioned_parquet_snap.web_sales.ws_quantity), CAST(0 AS BIGINT)) > CAST(0 AS BIGINT) OR coalesce(sum(tpcds_partitioned_parquet_snap.catalog_sales.cs_quantity), CAST(0 AS BIGINT)) > CAST(0 AS BIGINT)
|  mem-estimate=0B mem-reservation=0B spill-buffer=2.00MB thread-reservation=0
|  tuple-ids=6,13N,20N row-size=144B cardinality=1.69G cost=738413159
|  in pipelines: 24(GETNEXT), 34(OPEN)
|
|--F14:PLAN FRAGMENT [HASH(2002,tpcds_partitioned_parquet_snap.store_sales.ss_customer_sk,tpcds_partitioned_parquet_snap.store_sales.ss_item_sk)] hosts=10 instances=120
|  |  Per-Instance Resources: mem-estimate=554.94MB mem-reservation=34.00MB thread-reservation=1
|  |  max-parallelism=3120 segment-costs=[1166313149] cpu-comparison-result=120 [max(120 (self) vs 120 (sum children))]
|  JOIN BUILD
|  |  join-table-id=00 plan-id=01 cohort-id=01
|  |  build expressions: 2002, tpcds_partitioned_parquet_snap.catalog_sales.cs_bill_customer_sk, tpcds_partitioned_parquet_snap.catalog_sales.cs_item_sk
|  |  mem-estimate=538.84MB mem-reservation=34.00MB spill-buffer=2.00MB thread-reservation=0 cost=875676214
|  |
|  35:EXCHANGE [HASH(2002,tpcds_partitioned_parquet_snap.catalog_sales.cs_bill_customer_sk,tpcds_partitioned_parquet_snap.catalog_sales.cs_item_sk)]
|  |  mem-estimate=16.09MB mem-reservation=0B thread-reservation=0
|  |  tuple-ids=20 row-size=48B cardinality=875.68M cost=290636935
|  |  in pipelines: 34(GETNEXT)
|  |
|  F12:PLAN FRAGMENT [HASH(tpcds_partitioned_parquet_snap.catalog_sales.cs_item_sk,tpcds_partitioned_parquet_snap.catalog_sales.cs_bill_customer_sk)] hosts=10 instances=120
|  Per-Instance Resources: mem-estimate=441.93MB mem-reservation=34.00MB thread-reservation=1
|  max-parallelism=560 segment-costs=[5581998025, 3158038698] cpu-comparison-result=120 [max(120 (self) vs 120 (sum children))]
|  34:AGGREGATE [FINALIZE]
|  |  output: sum:merge(tpcds_partitioned_parquet_snap.catalog_sales.cs_quantity), sum:merge(tpcds_partitioned_parquet_snap.catalog_sales.cs_wholesale_cost), sum:merge(tpcds_partitioned_parquet_snap.catalog_sales.cs_sales_price)
|  |  group by: tpcds_partitioned_parquet_snap.catalog_sales.cs_item_sk, tpcds_partitioned_parquet_snap.catalog_sales.cs_bill_customer_sk
|  |  mem-estimate=417.55MB mem-reservation=34.00MB spill-buffer=2.00MB thread-reservation=0
|  |  tuple-ids=20 row-size=48B cardinality=875.68M cost=5291361090
|  |  in pipelines: 34(GETNEXT), 13(OPEN)
|  |
|  33:EXCHANGE [HASH(tpcds_partitioned_parquet_snap.catalog_sales.cs_item_sk,tpcds_partitioned_parquet_snap.catalog_sales.cs_bill_customer_sk)]
|  |  mem-estimate=16.09MB mem-reservation=0B thread-reservation=0
|  |  tuple-ids=20 row-size=48B cardinality=875.68M cost=290636935
|  |  in pipelines: 13(GETNEXT)
|  |
|  F09:PLAN FRAGMENT [RANDOM] hosts=10 instances=120
|  Per-Host Shared Resources: mem-estimate=1.00MB mem-reservation=1.00MB thread-reservation=0 runtime-filters-memory=1.00MB
|  Per-Instance Resources: mem-estimate=353.54MB mem-reservation=34.25MB thread-reservation=1
|  max-parallelism=373 segment-costs=[7081666317, 3158038698] cpu-comparison-result=120 [max(120 (self) vs 31 (sum children))]
|  18:AGGREGATE [STREAMING]
|  |  output: sum(CAST(tpcds_partitioned_parquet_snap.catalog_sales.cs_quantity AS BIGINT)), sum(tpcds_partitioned_parquet_snap.catalog_sales.cs_wholesale_cost), sum(tpcds_partitioned_parquet_snap.catalog_sales.cs_sales_price)
|  |  group by: tpcds_partitioned_parquet_snap.catalog_sales.cs_item_sk, tpcds_partitioned_parquet_snap.catalog_sales.cs_bill_customer_sk
|  |  mem-estimate=313.17MB mem-reservation=34.00MB spill-buffer=2.00MB thread-reservation=0
|  |  tuple-ids=20 row-size=48B cardinality=875.68M cost=5291361090
|  |  in pipelines: 13(GETNEXT)
|  |
|  17:HASH JOIN [INNER JOIN, BROADCAST]
|  |  hash-table-id=01
|  |  hash predicates: tpcds_partitioned_parquet_snap.catalog_sales.cs_sold_date_sk = tpcds_partitioned_parquet_snap.date_dim_1.d_date_sk
|  |  fk/pk conjuncts: tpcds_partitioned_parquet_snap.catalog_sales.cs_sold_date_sk = tpcds_partitioned_parquet_snap.date_dim_1.d_date_sk
|  |  mem-estimate=0B mem-reservation=0B spill-buffer=64.00KB thread-reservation=0
|  |  tuple-ids=14,16N,18 row-size=52B cardinality=875.68M cost=383283478
|  |  in pipelines: 13(GETNEXT), 16(OPEN)
|  |
|  |--F15:PLAN FRAGMENT [RANDOM] hosts=10 instances=10
|  |  |  Per-Instance Resources: mem-estimate=24.27MB mem-reservation=24.25MB thread-reservation=1 runtime-filters-memory=1.00MB
|  |  |  max-parallelism=10 segment-costs=[863]
|  |  JOIN BUILD
|  |  |  join-table-id=01 plan-id=02 cohort-id=02
|  |  |  build expressions: tpcds_partitioned_parquet_snap.date_dim_1.d_date_sk
|  |  |  runtime filters: RF004[bloom] <- tpcds_partitioned_parquet_snap.date_dim_1.d_date_sk
|  |  |  mem-estimate=23.25MB mem-reservation=23.25MB spill-buffer=64.00KB thread-reservation=0 cost=373
|  |  |
|  |  32:EXCHANGE [BROADCAST]
|  |  |  mem-estimate=16.00KB mem-reservation=0B thread-reservation=0
|  |  |  tuple-ids=18 row-size=8B cardinality=373 cost=490
|  |  |  in pipelines: 16(GETNEXT)
|  |  |
|  |  F11:PLAN FRAGMENT [RANDOM] hosts=1 instances=1
|  |  Per-Instance Resources: mem-estimate=16.05MB mem-reservation=512.00KB thread-reservation=1
|  |  max-parallelism=1 segment-costs=[12536]
|  |  16:SCAN HDFS [tpcds_partitioned_parquet_snap.date_dim, RANDOM]
|  |     HDFS partitions=1/1 files=1 size=2.17MB
|  |     predicates: tpcds_partitioned_parquet_snap.date_dim_1.d_year IS NOT DISTINCT FROM CAST(2002 AS INT), tpcds_partitioned_parquet_snap.date_dim_1.d_date_sk IS NOT NULL
|  |     stored statistics:
|  |       table: rows=73.05K size=2.17MB
|  |       columns: all
|  |     extrapolated-rows=disabled max-scan-range-rows=73.05K
|  |     parquet dictionary predicates: tpcds_partitioned_parquet_snap.date_dim_1.d_year IS NOT DISTINCT FROM CAST(2002 AS INT), tpcds_partitioned_parquet_snap.date_dim_1.d_date_sk IS NOT NULL
|  |     mem-estimate=16.00MB mem-reservation=512.00KB thread-reservation=0
|  |     tuple-ids=18 row-size=8B cardinality=373 cost=12520
|  |     in pipelines: 16(GETNEXT)
|  |
|  15:HASH JOIN [LEFT OUTER JOIN, BROADCAST]
|  |  hash-table-id=02
|  |  hash predicates: tpcds_partitioned_parquet_snap.catalog_sales.cs_item_sk = tpcds_partitioned_parquet_snap.catalog_returns.cr_item_sk, tpcds_partitioned_parquet_snap.catalog_sales.cs_order_number = tpcds_partitioned_parquet_snap.catalog_returns.cr_order_number
|  |  fk/pk conjuncts: tpcds_partitioned_parquet_snap.catalog_sales.cs_item_sk = tpcds_partitioned_parquet_snap.catalog_returns.cr_item_sk, tpcds_partitioned_parquet_snap.catalog_sales.cs_order_number = tpcds_partitioned_parquet_snap.catalog_returns.cr_order_number
|  |  other predicates: tpcds_partitioned_parquet_snap.catalog_returns.cr_order_number IS NULL
|  |  mem-estimate=0B mem-reservation=0B spill-buffer=2.00MB thread-reservation=0
|  |  tuple-ids=14,16N row-size=44B cardinality=875.68M(filtered from 4.30G) cost=1003510150
|  |  in pipelines: 13(GETNEXT), 14(OPEN)
|  |
|  |--F16:PLAN FRAGMENT [RANDOM] hosts=10 instances=10
|  |  |  Per-Instance Resources: mem-estimate=16.84GB mem-reservation=408.00MB thread-reservation=1
|  |  |  max-parallelism=10 segment-costs=[1006167571]
|  |  JOIN BUILD
|  |  |  join-table-id=02 plan-id=03 cohort-id=02
|  |  |  build expressions: tpcds_partitioned_parquet_snap.catalog_returns.cr_item_sk, tpcds_partitioned_parquet_snap.catalog_returns.cr_order_number
|  |  |  mem-estimate=16.83GB mem-reservation=408.00MB spill-buffer=2.00MB thread-reservation=0 cost=432016991
|  |  |
|  |  31:EXCHANGE [BROADCAST]
|  |  |  mem-estimate=10.16MB mem-reservation=0B thread-reservation=0
|  |  |  tuple-ids=16 row-size=12B cardinality=432.02M cost=574150580
|  |  |  in pipelines: 14(GETNEXT)
|  |  |
|  |  F10:PLAN FRAGMENT [RANDOM] hosts=10 instances=10 (adjusted from 120)
|  |  Per-Instance Resources: mem-estimate=16.06MB mem-reservation=32.00KB thread-reservation=1
|  |  max-parallelism=10 segment-costs=[97981453]
|  |  14:SCAN HDFS [tpcds_partitioned_parquet_snap.catalog_returns, RANDOM]
|  |     HDFS partitions=2060/2060 files=2060 size=32.77GB
|  |     stored statistics:
|  |       table: rows=432.02M size=32.77GB
|  |       partitions: 2060/2060 rows=432.02M
|  |       columns: all
|  |     extrapolated-rows=disabled max-scan-range-rows=416.82K
|  |     mem-estimate=16.00MB mem-reservation=32.00KB thread-reservation=0
|  |     tuple-ids=16 row-size=12B cardinality=432.02M cost=74652536
|  |     in pipelines: 14(GETNEXT)
|  |
|  13:SCAN HDFS [tpcds_partitioned_parquet_snap.catalog_sales, RANDOM]
|     partition predicates: tpcds_partitioned_parquet_snap.catalog_sales.cs_sold_date_sk IS NOT NULL
|     HDFS partitions=1830/1831 files=1830 size=280.81GB
|     runtime filters: RF004[bloom] -> tpcds_partitioned_parquet_snap.catalog_sales.cs_sold_date_sk
|     stored statistics:
|       table: rows=4.32G size=280.96GB
|       partitions: 1830/1830 rows=4.30G
|       columns: all
|     extrapolated-rows=disabled max-scan-range-rows=5.09M est-scan-range=373(filtered from 1830)
|     mem-estimate=16.00MB mem-reservation=256.00KB thread-reservation=0
|     tuple-ids=14 row-size=32B cardinality=875.68M(filtered from 4.30G) cost=403511599
|     in pipelines: 13(GETNEXT)
|
12:HASH JOIN [LEFT OUTER JOIN, PARTITIONED]
|  hash-table-id=03
|  hash predicates: 2002 = 2002, tpcds_partitioned_parquet_snap.store_sales.ss_customer_sk = tpcds_partitioned_parquet_snap.web_sales.ws_bill_customer_sk, tpcds_partitioned_parquet_snap.store_sales.ss_item_sk = tpcds_partitioned_parquet_snap.web_sales.ws_item_sk
|  fk/pk conjuncts: tpcds_partitioned_parquet_snap.store_sales.ss_customer_sk = tpcds_partitioned_parquet_snap.web_sales.ws_bill_customer_sk, tpcds_partitioned_parquet_snap.store_sales.ss_item_sk = tpcds_partitioned_parquet_snap.web_sales.ws_item_sk
|  mem-estimate=0B mem-reservation=0B spill-buffer=2.00MB thread-reservation=0
|  tuple-ids=6,13N row-size=96B cardinality=1.69G cost=738413159
|  in pipelines: 24(GETNEXT), 28(OPEN)
|
|--F17:PLAN FRAGMENT [HASH(2002,tpcds_partitioned_parquet_snap.store_sales.ss_customer_sk,tpcds_partitioned_parquet_snap.store_sales.ss_item_sk)] hosts=10 instances=120
|  |  Per-Instance Resources: mem-estimate=286.95MB mem-reservation=34.00MB thread-reservation=1
|  |  max-parallelism=3120 segment-costs=[588150963] cpu-comparison-result=120 [max(120 (self) vs 120 (sum children))]
|  JOIN BUILD
|  |  join-table-id=03 plan-id=04 cohort-id=01
|  |  build expressions: 2002, tpcds_partitioned_parquet_snap.web_sales.ws_bill_customer_sk, tpcds_partitioned_parquet_snap.web_sales.ws_item_sk
|  |  mem-estimate=270.85MB mem-reservation=34.00MB spill-buffer=2.00MB thread-reservation=0 cost=441587930
|  |
|  30:EXCHANGE [HASH(2002,tpcds_partitioned_parquet_snap.web_sales.ws_bill_customer_sk,tpcds_partitioned_parquet_snap.web_sales.ws_item_sk)]
|  |  mem-estimate=16.09MB mem-reservation=0B thread-reservation=0
|  |  tuple-ids=13 row-size=48B cardinality=441.59M cost=146563033
|  |  in pipelines: 28(GETNEXT)
|  |
|  F07:PLAN FRAGMENT [HASH(tpcds_partitioned_parquet_snap.web_sales.ws_item_sk,tpcds_partitioned_parquet_snap.web_sales.ws_bill_customer_sk)] hosts=10 instances=120
|  Per-Instance Resources: mem-estimate=234.94MB mem-reservation=34.00MB thread-reservation=1
|  max-parallelism=290 segment-costs=[2814902258, 1592542710] cpu-comparison-result=120 [max(120 (self) vs 120 (sum children))]
|  28:AGGREGATE [FINALIZE]
|  |  output: sum:merge(tpcds_partitioned_parquet_snap.web_sales.ws_quantity), sum:merge(tpcds_partitioned_parquet_snap.web_sales.ws_wholesale_cost), sum:merge(tpcds_partitioned_parquet_snap.web_sales.ws_sales_price)
|  |  group by: tpcds_partitioned_parquet_snap.web_sales.ws_item_sk, tpcds_partitioned_parquet_snap.web_sales.ws_bill_customer_sk
|  |  mem-estimate=210.57MB mem-reservation=34.00MB spill-buffer=2.00MB thread-reservation=0
|  |  tuple-ids=13 row-size=48B cardinality=441.59M cost=2668339225
|  |  in pipelines: 28(GETNEXT), 06(OPEN)
|  |
|  27:EXCHANGE [HASH(tpcds_partitioned_parquet_snap.web_sales.ws_item_sk,tpcds_partitioned_parquet_snap.web_sales.ws_bill_customer_sk)]
|  |  mem-estimate=16.09MB mem-reservation=0B thread-reservation=0
|  |  tuple-ids=13 row-size=48B cardinality=441.59M cost=146563033
|  |  in pipelines: 06(GETNEXT)
|  |
|  F04:PLAN FRAGMENT [RANDOM] hosts=10 instances=120
|  Per-Host Shared Resources: mem-estimate=1.00MB mem-reservation=1.00MB thread-reservation=0 runtime-filters-memory=1.00MB
|  Per-Instance Resources: mem-estimate=198.30MB mem-reservation=34.12MB thread-reservation=1
|  max-parallelism=360 segment-costs=[3569656651, 1592542710] cpu-comparison-result=120 [max(120 (self) vs 31 (sum children))]
|  11:AGGREGATE [STREAMING]
|  |  output: sum(CAST(tpcds_partitioned_parquet_snap.web_sales.ws_quantity AS BIGINT)), sum(tpcds_partitioned_parquet_snap.web_sales.ws_wholesale_cost), sum(tpcds_partitioned_parquet_snap.web_sales.ws_sales_price)
|  |  group by: tpcds_partitioned_parquet_snap.web_sales.ws_item_sk, tpcds_partitioned_parquet_snap.web_sales.ws_bill_customer_sk
|  |  mem-estimate=157.92MB mem-reservation=34.00MB spill-buffer=2.00MB thread-reservation=0
|  |  tuple-ids=13 row-size=48B cardinality=441.59M cost=2668339225
|  |  in pipelines: 06(GETNEXT)
|  |
|  10:HASH JOIN [INNER JOIN, BROADCAST]
|  |  hash-table-id=04
|  |  hash predicates: tpcds_partitioned_parquet_snap.web_sales.ws_sold_date_sk = tpcds_partitioned_parquet_snap.date_dim_0.d_date_sk
|  |  fk/pk conjuncts: tpcds_partitioned_parquet_snap.web_sales.ws_sold_date_sk = tpcds_partitioned_parquet_snap.date_dim_0.d_date_sk
|  |  mem-estimate=0B mem-reservation=0B spill-buffer=64.00KB thread-reservation=0
|  |  tuple-ids=7,9N,11 row-size=52B cardinality=441.59M cost=193283036
|  |  in pipelines: 06(GETNEXT), 09(OPEN)
|  |
|  |--F18:PLAN FRAGMENT [RANDOM] hosts=10 instances=10
|  |  |  Per-Instance Resources: mem-estimate=24.27MB mem-reservation=24.25MB thread-reservation=1 runtime-filters-memory=1.00MB
|  |  |  max-parallelism=10 segment-costs=[863]
|  |  JOIN BUILD
|  |  |  join-table-id=04 plan-id=05 cohort-id=03
|  |  |  build expressions: tpcds_partitioned_parquet_snap.date_dim_0.d_date_sk
|  |  |  runtime filters: RF002[bloom] <- tpcds_partitioned_parquet_snap.date_dim_0.d_date_sk
|  |  |  mem-estimate=23.25MB mem-reservation=23.25MB spill-buffer=64.00KB thread-reservation=0 cost=373
|  |  |
|  |  26:EXCHANGE [BROADCAST]
|  |  |  mem-estimate=16.00KB mem-reservation=0B thread-reservation=0
|  |  |  tuple-ids=11 row-size=8B cardinality=373 cost=490
|  |  |  in pipelines: 09(GETNEXT)
|  |  |
|  |  F06:PLAN FRAGMENT [RANDOM] hosts=1 instances=1
|  |  Per-Instance Resources: mem-estimate=16.05MB mem-reservation=512.00KB thread-reservation=1
|  |  max-parallelism=1 segment-costs=[12536]
|  |  09:SCAN HDFS [tpcds_partitioned_parquet_snap.date_dim, RANDOM]
|  |     HDFS partitions=1/1 files=1 size=2.17MB
|  |     predicates: tpcds_partitioned_parquet_snap.date_dim_0.d_year IS NOT DISTINCT FROM CAST(2002 AS INT), tpcds_partitioned_parquet_snap.date_dim_0.d_date_sk IS NOT NULL
|  |     stored statistics:
|  |       table: rows=73.05K size=2.17MB
|  |       columns: all
|  |     extrapolated-rows=disabled max-scan-range-rows=73.05K
|  |     parquet dictionary predicates: tpcds_partitioned_parquet_snap.date_dim_0.d_year IS NOT DISTINCT FROM CAST(2002 AS INT), tpcds_partitioned_parquet_snap.date_dim_0.d_date_sk IS NOT NULL
|  |     mem-estimate=16.00MB mem-reservation=512.00KB thread-reservation=0
|  |     tuple-ids=11 row-size=8B cardinality=373 cost=12520
|  |     in pipelines: 09(GETNEXT)
|  |
|  08:HASH JOIN [LEFT OUTER JOIN, BROADCAST]
|  |  hash-table-id=05
|  |  hash predicates: tpcds_partitioned_parquet_snap.web_sales.ws_item_sk = tpcds_partitioned_parquet_snap.web_returns.wr_item_sk, tpcds_partitioned_parquet_snap.web_sales.ws_order_number = tpcds_partitioned_parquet_snap.web_returns.wr_order_number
|  |  fk/pk conjuncts: tpcds_partitioned_parquet_snap.web_sales.ws_item_sk = tpcds_partitioned_parquet_snap.web_returns.wr_item_sk, tpcds_partitioned_parquet_snap.web_sales.ws_order_number = tpcds_partitioned_parquet_snap.web_returns.wr_order_number
|  |  other predicates: tpcds_partitioned_parquet_snap.web_returns.wr_order_number IS NULL
|  |  mem-estimate=0B mem-reservation=0B spill-buffer=2.00MB thread-reservation=0
|  |  tuple-ids=7,9N row-size=44B cardinality=441.59M(filtered from 2.16G) cost=504550672
|  |  in pipelines: 06(GETNEXT), 07(OPEN)
|  |
|  |--F19:PLAN FRAGMENT [RANDOM] hosts=10 instances=10
|  |  |  Per-Instance Resources: mem-estimate=8.42GB mem-reservation=408.00MB thread-reservation=1
|  |  |  max-parallelism=10 segment-costs=[503070246]
|  |  JOIN BUILD
|  |  |  join-table-id=05 plan-id=06 cohort-id=03
|  |  |  build expressions: tpcds_partitioned_parquet_snap.web_returns.wr_item_sk, tpcds_partitioned_parquet_snap.web_returns.wr_order_number
|  |  |  mem-estimate=8.41GB mem-reservation=408.00MB spill-buffer=2.00MB thread-reservation=0 cost=216002686
|  |  |
|  |  25:EXCHANGE [BROADCAST]
|  |  |  mem-estimate=10.16MB mem-reservation=0B thread-reservation=0
|  |  |  tuple-ids=9 row-size=12B cardinality=216.00M cost=287067560
|  |  |  in pipelines: 07(GETNEXT)
|  |  |
|  |  F05:PLAN FRAGMENT [RANDOM] hosts=10 instances=10 (adjusted from 120)
|  |  Per-Instance Resources: mem-estimate=16.06MB mem-reservation=256.00KB thread-reservation=1
|  |  max-parallelism=10 segment-costs=[48989409]
|  |  07:SCAN HDFS [tpcds_partitioned_parquet_snap.web_returns, RANDOM]
|  |     HDFS partitions=2114/2114 files=2114 size=16.74GB
|  |     stored statistics:
|  |       table: rows=216.00M size=16.74GB
|  |       partitions: 2114/2114 rows=216.00M
|  |       columns: all
|  |     extrapolated-rows=disabled max-scan-range-rows=9.41M
|  |     mem-estimate=16.00MB mem-reservation=256.00KB thread-reservation=0
|  |     tuple-ids=9 row-size=12B cardinality=216.00M cost=37325264
|  |     in pipelines: 07(GETNEXT)
|  |
|  06:SCAN HDFS [tpcds_partitioned_parquet_snap.web_sales, RANDOM]
|     partition predicates: tpcds_partitioned_parquet_snap.web_sales.ws_sold_date_sk IS NOT NULL
|     HDFS partitions=1823/1824 files=1823 size=145.67GB
|     runtime filters: RF002[bloom] -> tpcds_partitioned_parquet_snap.web_sales.ws_sold_date_sk
|     stored statistics:
|       table: rows=2.16G size=145.75GB
|       partitions: 1823/1823 rows=2.16G
|       columns: all
|     extrapolated-rows=disabled max-scan-range-rows=3.37M est-scan-range=373(filtered from 1823)
|     mem-estimate=16.00MB mem-reservation=128.00KB thread-reservation=0
|     tuple-ids=7 row-size=32B cardinality=441.59M(filtered from 2.16G) cost=203483718
|     in pipelines: 06(GETNEXT)
|
29:EXCHANGE [HASH(2002,tpcds_partitioned_parquet_snap.store_sales.ss_customer_sk,tpcds_partitioned_parquet_snap.store_sales.ss_item_sk)]
|  mem-estimate=16.09MB mem-reservation=0B thread-reservation=0
|  tuple-ids=6 row-size=48B cardinality=1.69G cost=559925354
|  in pipelines: 24(GETNEXT)
|
F03:PLAN FRAGMENT [HASH(tpcds_partitioned_parquet_snap.store_sales.ss_item_sk,tpcds_partitioned_parquet_snap.store_sales.ss_customer_sk)] hosts=10 instances=120
Per-Instance Resources: mem-estimate=828.81MB mem-reservation=34.00MB thread-reservation=1
max-parallelism=1080 segment-costs=[10753974608, 6084106052] cpu-comparison-result=120 [max(120 (self) vs 120 (sum children))]
24:AGGREGATE [FINALIZE]
|  output: sum:merge(tpcds_partitioned_parquet_snap.store_sales.ss_quantity), sum:merge(tpcds_partitioned_parquet_snap.store_sales.ss_wholesale_cost), sum:merge(tpcds_partitioned_parquet_snap.store_sales.ss_sales_price)
|  group by: tpcds_partitioned_parquet_snap.store_sales.ss_item_sk, tpcds_partitioned_parquet_snap.store_sales.ss_customer_sk
|  mem-estimate=804.44MB mem-reservation=34.00MB spill-buffer=2.00MB thread-reservation=0
|  tuple-ids=6 row-size=48B cardinality=1.69G cost=10194049254
|  in pipelines: 24(GETNEXT), 00(OPEN)
|
23:EXCHANGE [HASH(tpcds_partitioned_parquet_snap.store_sales.ss_item_sk,tpcds_partitioned_parquet_snap.store_sales.ss_customer_sk)]
|  mem-estimate=16.09MB mem-reservation=0B thread-reservation=0
|  tuple-ids=6 row-size=48B cardinality=1.69G cost=559925354
|  in pipelines: 00(GETNEXT)
|
F00:PLAN FRAGMENT [RANDOM] hosts=10 instances=120
Per-Host Shared Resources: mem-estimate=1.00MB mem-reservation=1.00MB thread-reservation=0 runtime-filters-memory=1.00MB
Per-Instance Resources: mem-estimate=643.70MB mem-reservation=34.50MB thread-reservation=1
max-parallelism=373 segment-costs=[13637417386, 6084106052] cpu-comparison-result=120 [max(120 (self) vs 41 (sum children))]
05:AGGREGATE [STREAMING]
|  output: sum(CAST(tpcds_partitioned_parquet_snap.store_sales.ss_quantity AS BIGINT)), sum(tpcds_partitioned_parquet_snap.store_sales.ss_wholesale_cost), sum(tpcds_partitioned_parquet_snap.store_sales.ss_sales_price)
|  group by: tpcds_partitioned_parquet_snap.store_sales.ss_item_sk, tpcds_partitioned_parquet_snap.store_sales.ss_customer_sk
|  mem-estimate=603.33MB mem-reservation=34.00MB spill-buffer=2.00MB thread-reservation=0
|  tuple-ids=6 row-size=48B cardinality=1.69G cost=10194049254
|  in pipelines: 00(GETNEXT)
|
04:HASH JOIN [INNER JOIN, BROADCAST]
|  hash-table-id=06
|  hash predicates: tpcds_partitioned_parquet_snap.store_sales.ss_sold_date_sk = tpcds_partitioned_parquet_snap.date_dim.d_date_sk
|  fk/pk conjuncts: tpcds_partitioned_parquet_snap.store_sales.ss_sold_date_sk = tpcds_partitioned_parquet_snap.date_dim.d_date_sk
|  mem-estimate=0B mem-reservation=0B spill-buffer=64.00KB thread-reservation=0
|  tuple-ids=0,2N,4 row-size=52B cardinality=1.69G cost=738413159
|  in pipelines: 00(GETNEXT), 03(OPEN)
|
|--F20:PLAN FRAGMENT [RANDOM] hosts=10 instances=10
|  |  Per-Instance Resources: mem-estimate=24.27MB mem-reservation=24.25MB thread-reservation=1 runtime-filters-memory=1.00MB
|  |  max-parallelism=10 segment-costs=[863]
|  JOIN BUILD
|  |  join-table-id=06 plan-id=07 cohort-id=01
|  |  build expressions: tpcds_partitioned_parquet_snap.date_dim.d_date_sk
|  |  runtime filters: RF000[bloom] <- tpcds_partitioned_parquet_snap.date_dim.d_date_sk
|  |  mem-estimate=23.25MB mem-reservation=23.25MB spill-buffer=64.00KB thread-reservation=0 cost=373
|  |
|  22:EXCHANGE [BROADCAST]
|  |  mem-estimate=16.00KB mem-reservation=0B thread-reservation=0
|  |  tuple-ids=4 row-size=8B cardinality=373 cost=490
|  |  in pipelines: 03(GETNEXT)
|  |
|  F02:PLAN FRAGMENT [RANDOM] hosts=1 instances=1
|  Per-Instance Resources: mem-estimate=16.05MB mem-reservation=512.00KB thread-reservation=1
|  max-parallelism=1 segment-costs=[12536]
|  03:SCAN HDFS [tpcds_partitioned_parquet_snap.date_dim, RANDOM]
|     HDFS partitions=1/1 files=1 size=2.17MB
|     predicates: tpcds_partitioned_parquet_snap.date_dim.d_year = CAST(2002 AS INT), tpcds_partitioned_parquet_snap.date_dim.d_date_sk IS NOT NULL
|     stored statistics:
|       table: rows=73.05K size=2.17MB
|       columns: all
|     extrapolated-rows=disabled max-scan-range-rows=73.05K
|     parquet statistics predicates: tpcds_partitioned_parquet_snap.date_dim.d_year = CAST(2002 AS INT)
|     parquet dictionary predicates: tpcds_partitioned_parquet_snap.date_dim.d_year = CAST(2002 AS INT), tpcds_partitioned_parquet_snap.date_dim.d_date_sk IS NOT NULL
|     mem-estimate=16.00MB mem-reservation=512.00KB thread-reservation=0
|     tuple-ids=4 row-size=8B cardinality=373 cost=12520
|     in pipelines: 03(GETNEXT)
|
02:HASH JOIN [LEFT OUTER JOIN, BROADCAST]
|  hash-table-id=07
|  hash predicates: tpcds_partitioned_parquet_snap.store_sales.ss_item_sk = tpcds_partitioned_parquet_snap.store_returns.sr_item_sk, tpcds_partitioned_parquet_snap.store_sales.ss_ticket_number = tpcds_partitioned_parquet_snap.store_returns.sr_ticket_number
|  fk/pk conjuncts: tpcds_partitioned_parquet_snap.store_sales.ss_item_sk = tpcds_partitioned_parquet_snap.store_returns.sr_item_sk, tpcds_partitioned_parquet_snap.store_sales.ss_ticket_number = tpcds_partitioned_parquet_snap.store_returns.sr_ticket_number
|  other predicates: tpcds_partitioned_parquet_snap.store_returns.sr_ticket_number IS NULL
|  mem-estimate=0B mem-reservation=0B spill-buffer=2.00MB thread-reservation=0
|  tuple-ids=0,2N row-size=44B cardinality=1.69G(filtered from 8.25G) cost=1927571414
|  in pipelines: 00(GETNEXT), 01(OPEN)
|
|--F21:PLAN FRAGMENT [RANDOM] hosts=10 instances=10
|  |  Per-Instance Resources: mem-estimate=33.67GB mem-reservation=408.00MB thread-reservation=1
|  |  max-parallelism=10 segment-costs=[2012229522]
|  JOIN BUILD
|  |  join-table-id=07 plan-id=08 cohort-id=01
|  |  build expressions: tpcds_partitioned_parquet_snap.store_returns.sr_item_sk, tpcds_partitioned_parquet_snap.store_returns.sr_ticket_number
|  |  mem-estimate=33.66GB mem-reservation=408.00MB spill-buffer=2.00MB thread-reservation=0 cost=863988632
|  |
|  21:EXCHANGE [BROADCAST]
|  |  mem-estimate=10.31MB mem-reservation=0B thread-reservation=0
|  |  tuple-ids=2 row-size=12B cardinality=863.99M cost=1148240890
|  |  in pipelines: 01(GETNEXT)
|  |
|  F01:PLAN FRAGMENT [RANDOM] hosts=10 instances=20 (adjusted from 120)
|  Per-Instance Resources: mem-estimate=16.06MB mem-reservation=512.00KB thread-reservation=1
|  max-parallelism=20 segment-costs=[195952621]
|  01:SCAN HDFS [tpcds_partitioned_parquet_snap.store_returns, RANDOM]
|     HDFS partitions=2004/2004 files=2004 size=48.14GB
|     stored statistics:
|       table: rows=863.99M size=48.14GB
|       partitions: 2004/2004 rows=863.99M
|       columns: all
|     extrapolated-rows=disabled max-scan-range-rows=30.09M
|     mem-estimate=16.00MB mem-reservation=512.00KB thread-reservation=0
|     tuple-ids=2 row-size=12B cardinality=863.99M cost=149297235
|     in pipelines: 01(GETNEXT)
|
00:SCAN HDFS [tpcds_partitioned_parquet_snap.store_sales, RANDOM]
   partition predicates: tpcds_partitioned_parquet_snap.store_sales.ss_sold_date_sk IS NOT NULL
   HDFS partitions=1823/1824 files=1823 size=389.69GB
   runtime filters: RF000[bloom] -> tpcds_partitioned_parquet_snap.store_sales.ss_sold_date_sk
   stored statistics:
     table: rows=8.64G size=389.90GB
     partitions: 1823/1823 rows=8.25G
     columns: all
   extrapolated-rows=disabled max-scan-range-rows=12.24M est-scan-range=373(filtered from 1823)
   mem-estimate=16.00MB mem-reservation=512.00KB thread-reservation=0
   tuple-ids=0 row-size=32B cardinality=1.69G(filtered from 8.25G) cost=777383559
   in pipelines: 00(GETNEXT)
---- PARALLELPLANS
Max Per-Host Resource Reservation: Memory=4.48GB Threads=210
Per-Host Resource Estimates: Memory=49.74GB
F16:PLAN FRAGMENT [UNPARTITIONED] hosts=1 instances=1
|  Per-Instance Resources: mem-estimate=5.51MB mem-reservation=4.00MB thread-reservation=1
|  max-parallelism=1 segment-costs=[1050] cpu-comparison-result=731 [max(1 (self) vs 731 (sum children))]
PLAN-ROOT SINK
|  output exprs: CAST(2002 AS INT), tpcds_partitioned_parquet_snap.store_sales.ss_item_sk, tpcds_partitioned_parquet_snap.store_sales.ss_customer_sk, round(divide(CAST(sum(tpcds_partitioned_parquet_snap.store_sales.ss_quantity) AS DOUBLE), CAST(add(coalesce(sum(tpcds_partitioned_parquet_snap.web_sales.ws_quantity), CAST(0 AS BIGINT)), coalesce(sum(tpcds_partitioned_parquet_snap.catalog_sales.cs_quantity), CAST(0 AS BIGINT))) AS DOUBLE)), CAST(2 AS BIGINT)), sum(tpcds_partitioned_parquet_snap.store_sales.ss_quantity), sum(tpcds_partitioned_parquet_snap.store_sales.ss_wholesale_cost), sum(tpcds_partitioned_parquet_snap.store_sales.ss_sales_price), add(coalesce(sum(tpcds_partitioned_parquet_snap.web_sales.ws_quantity), CAST(0 AS BIGINT)), coalesce(sum(tpcds_partitioned_parquet_snap.catalog_sales.cs_quantity), CAST(0 AS BIGINT))), add(coalesce(sum(tpcds_partitioned_parquet_snap.web_sales.ws_wholesale_cost), CAST(0 AS DECIMAL(38,2))), coalesce(sum(tpcds_partitioned_parquet_snap.catalog_sales.cs_wholesale_cost), CAST(0 AS DECIMAL(38,2)))), add(coalesce(sum(tpcds_partitioned_parquet_snap.web_sales.ws_sales_price), CAST(0 AS DECIMAL(38,2))), coalesce(sum(tpcds_partitioned_parquet_snap.catalog_sales.cs_sales_price), CAST(0 AS DECIMAL(38,2))))
|  mem-estimate=4.00MB mem-reservation=4.00MB spill-buffer=2.00MB thread-reservation=0 cost=1000
|
39:MERGING-EXCHANGE [UNPARTITIONED]
|  order by: tpcds_partitioned_parquet_snap.store_sales.ss_item_sk ASC NULLS LAST, tpcds_partitioned_parquet_snap.store_sales.ss_customer_sk ASC NULLS LAST, sum(tpcds_partitioned_parquet_snap.store_sales.ss_quantity) DESC NULLS FIRST, sum(tpcds_partitioned_parquet_snap.store_sales.ss_wholesale_cost) DESC NULLS FIRST, sum(tpcds_partitioned_parquet_snap.store_sales.ss_sales_price) DESC NULLS FIRST, add(coalesce(sum(tpcds_partitioned_parquet_snap.web_sales.ws_quantity), 0), coalesce(sum(tpcds_partitioned_parquet_snap.catalog_sales.cs_quantity), 0)) ASC NULLS LAST, add(coalesce(sum(tpcds_partitioned_parquet_snap.web_sales.ws_wholesale_cost), 0), coalesce(sum(tpcds_partitioned_parquet_snap.catalog_sales.cs_wholesale_cost), 0)) ASC NULLS LAST, add(coalesce(sum(tpcds_partitioned_parquet_snap.web_sales.ws_sales_price), 0), coalesce(sum(tpcds_partitioned_parquet_snap.catalog_sales.cs_sales_price), 0)) ASC NULLS LAST, round(divide(sum(tpcds_partitioned_parquet_snap.store_sales.ss_quantity), add(coalesce(sum(tpcds_partitioned_parquet_snap.web_sales.ws_quantity), 0), coalesce(sum(tpcds_partitioned_parquet_snap.catalog_sales.cs_quantity), 0))), 2) ASC NULLS LAST
|  limit: 100
|  mem-estimate=1.51MB mem-reservation=0B thread-reservation=0
|  tuple-ids=21 row-size=128B cardinality=100 cost=50
|  in pipelines: 20(GETNEXT)
|
F10:PLAN FRAGMENT [HASH(2002,tpcds_partitioned_parquet_snap.store_sales.ss_customer_sk,tpcds_partitioned_parquet_snap.store_sales.ss_item_sk)] hosts=10 instances=120
Per-Instance Resources: mem-estimate=16.11MB mem-reservation=0B thread-reservation=1
max-parallelism=3120 segment-costs=[31191176964, 366] cpu-comparison-result=731 [max(120 (self) vs 731 (sum children))]
20:TOP-N [LIMIT=100]
|  order by: tpcds_partitioned_parquet_snap.store_sales.ss_item_sk ASC NULLS LAST, tpcds_partitioned_parquet_snap.store_sales.ss_customer_sk ASC NULLS LAST, sum(tpcds_partitioned_parquet_snap.store_sales.ss_quantity) DESC NULLS FIRST, sum(tpcds_partitioned_parquet_snap.store_sales.ss_wholesale_cost) DESC NULLS FIRST, sum(tpcds_partitioned_parquet_snap.store_sales.ss_sales_price) DESC NULLS FIRST, add(coalesce(sum(tpcds_partitioned_parquet_snap.web_sales.ws_quantity), 0), coalesce(sum(tpcds_partitioned_parquet_snap.catalog_sales.cs_quantity), 0)) ASC NULLS LAST, add(coalesce(sum(tpcds_partitioned_parquet_snap.web_sales.ws_wholesale_cost), 0), coalesce(sum(tpcds_partitioned_parquet_snap.catalog_sales.cs_wholesale_cost), 0)) ASC NULLS LAST, add(coalesce(sum(tpcds_partitioned_parquet_snap.web_sales.ws_sales_price), 0), coalesce(sum(tpcds_partitioned_parquet_snap.catalog_sales.cs_sales_price), 0)) ASC NULLS LAST, round(divide(sum(tpcds_partitioned_parquet_snap.store_sales.ss_quantity), add(coalesce(sum(tpcds_partitioned_parquet_snap.web_sales.ws_quantity), 0), coalesce(sum(tpcds_partitioned_parquet_snap.catalog_sales.cs_quantity), 0))), 2) ASC NULLS LAST
|  mem-estimate=12.50KB mem-reservation=0B thread-reservation=0
|  tuple-ids=21 row-size=128B cardinality=100 cost=29154425292
|  in pipelines: 20(GETNEXT), 25(OPEN)
|
19:HASH JOIN [LEFT OUTER JOIN, PARTITIONED]
|  hash-table-id=00
|  hash predicates: 2002 = 2002, tpcds_partitioned_parquet_snap.store_sales.ss_customer_sk = tpcds_partitioned_parquet_snap.catalog_sales.cs_bill_customer_sk, tpcds_partitioned_parquet_snap.store_sales.ss_item_sk = tpcds_partitioned_parquet_snap.catalog_sales.cs_item_sk
|  fk/pk conjuncts: tpcds_partitioned_parquet_snap.store_sales.ss_customer_sk = tpcds_partitioned_parquet_snap.catalog_sales.cs_bill_customer_sk, tpcds_partitioned_parquet_snap.store_sales.ss_item_sk = tpcds_partitioned_parquet_snap.catalog_sales.cs_item_sk
|  other predicates: coalesce(sum(tpcds_partitioned_parquet_snap.web_sales.ws_quantity), CAST(0 AS BIGINT)) > CAST(0 AS BIGINT) OR coalesce(sum(tpcds_partitioned_parquet_snap.catalog_sales.cs_quantity), CAST(0 AS BIGINT)) > CAST(0 AS BIGINT)
|  mem-estimate=0B mem-reservation=0B spill-buffer=2.00MB thread-reservation=0
|  tuple-ids=6,13N,20N row-size=144B cardinality=1.69G cost=738413159
|  in pipelines: 25(GETNEXT), 37(OPEN)
|
|--F17:PLAN FRAGMENT [HASH(2002,tpcds_partitioned_parquet_snap.store_sales.ss_customer_sk,tpcds_partitioned_parquet_snap.store_sales.ss_item_sk)] hosts=10 instances=120
|  |  Per-Instance Resources: mem-estimate=554.94MB mem-reservation=34.00MB thread-reservation=1
|  |  max-parallelism=3120 segment-costs=[1166313149] cpu-comparison-result=240 [max(120 (self) vs 240 (sum children))]
|  JOIN BUILD
|  |  join-table-id=00 plan-id=01 cohort-id=01
|  |  build expressions: 2002, tpcds_partitioned_parquet_snap.catalog_sales.cs_bill_customer_sk, tpcds_partitioned_parquet_snap.catalog_sales.cs_item_sk
|  |  mem-estimate=538.84MB mem-reservation=34.00MB spill-buffer=2.00MB thread-reservation=0 cost=875676214
|  |
|  38:EXCHANGE [HASH(2002,tpcds_partitioned_parquet_snap.catalog_sales.cs_bill_customer_sk,tpcds_partitioned_parquet_snap.catalog_sales.cs_item_sk)]
|  |  mem-estimate=16.09MB mem-reservation=0B thread-reservation=0
|  |  tuple-ids=20 row-size=48B cardinality=875.68M cost=290636935
|  |  in pipelines: 37(GETNEXT)
|  |
|  F15:PLAN FRAGMENT [HASH(tpcds_partitioned_parquet_snap.catalog_sales.cs_item_sk,tpcds_partitioned_parquet_snap.catalog_sales.cs_bill_customer_sk)] hosts=10 instances=120
|  Per-Instance Resources: mem-estimate=441.93MB mem-reservation=34.00MB thread-reservation=1
|  max-parallelism=560 segment-costs=[5581998025, 3158038698] cpu-comparison-result=240 [max(120 (self) vs 240 (sum children))]
|  37:AGGREGATE [FINALIZE]
|  |  output: sum:merge(tpcds_partitioned_parquet_snap.catalog_sales.cs_quantity), sum:merge(tpcds_partitioned_parquet_snap.catalog_sales.cs_wholesale_cost), sum:merge(tpcds_partitioned_parquet_snap.catalog_sales.cs_sales_price)
|  |  group by: tpcds_partitioned_parquet_snap.catalog_sales.cs_item_sk, tpcds_partitioned_parquet_snap.catalog_sales.cs_bill_customer_sk
|  |  mem-estimate=417.55MB mem-reservation=34.00MB spill-buffer=2.00MB thread-reservation=0
|  |  tuple-ids=20 row-size=48B cardinality=875.68M cost=5291361090
|  |  in pipelines: 37(GETNEXT), 13(OPEN)
|  |
|  36:EXCHANGE [HASH(tpcds_partitioned_parquet_snap.catalog_sales.cs_item_sk,tpcds_partitioned_parquet_snap.catalog_sales.cs_bill_customer_sk)]
|  |  mem-estimate=16.09MB mem-reservation=0B thread-reservation=0
|  |  tuple-ids=20 row-size=48B cardinality=875.68M cost=290636935
|  |  in pipelines: 13(GETNEXT)
|  |
|  F13:PLAN FRAGMENT [HASH(tpcds_partitioned_parquet_snap.catalog_sales.cs_item_sk,tpcds_partitioned_parquet_snap.catalog_sales.cs_order_number)] hosts=10 instances=120
|  Per-Instance Resources: mem-estimate=351.76MB mem-reservation=34.00MB thread-reservation=1
|  max-parallelism=700 segment-costs=[6904341884, 3158038698] cpu-comparison-result=240 [max(240 (self) vs 201 (sum children))]
|  18:AGGREGATE [STREAMING]
|  |  output: sum(CAST(tpcds_partitioned_parquet_snap.catalog_sales.cs_quantity AS BIGINT)), sum(tpcds_partitioned_parquet_snap.catalog_sales.cs_wholesale_cost), sum(tpcds_partitioned_parquet_snap.catalog_sales.cs_sales_price)
|  |  group by: tpcds_partitioned_parquet_snap.catalog_sales.cs_item_sk, tpcds_partitioned_parquet_snap.catalog_sales.cs_bill_customer_sk
|  |  mem-estimate=313.17MB mem-reservation=34.00MB spill-buffer=2.00MB thread-reservation=0
|  |  tuple-ids=20 row-size=48B cardinality=875.68M cost=5291361090
|  |  in pipelines: 13(GETNEXT)
|  |
|  17:HASH JOIN [INNER JOIN, BROADCAST]
|  |  hash-table-id=01
|  |  hash predicates: tpcds_partitioned_parquet_snap.catalog_sales.cs_sold_date_sk = tpcds_partitioned_parquet_snap.date_dim_1.d_date_sk
|  |  fk/pk conjuncts: tpcds_partitioned_parquet_snap.catalog_sales.cs_sold_date_sk = tpcds_partitioned_parquet_snap.date_dim_1.d_date_sk
|  |  mem-estimate=0B mem-reservation=0B spill-buffer=64.00KB thread-reservation=0
|  |  tuple-ids=14,16N,18 row-size=52B cardinality=875.68M cost=383283478
|  |  in pipelines: 13(GETNEXT), 16(OPEN)
|  |
|  |--F18:PLAN FRAGMENT [HASH(tpcds_partitioned_parquet_snap.catalog_sales.cs_item_sk,tpcds_partitioned_parquet_snap.catalog_sales.cs_order_number)] hosts=10 instances=10
|  |  |  Per-Instance Resources: mem-estimate=24.27MB mem-reservation=24.25MB thread-reservation=1 runtime-filters-memory=1.00MB
|  |  |  max-parallelism=10 segment-costs=[863]
|  |  JOIN BUILD
|  |  |  join-table-id=01 plan-id=02 cohort-id=02
|  |  |  build expressions: tpcds_partitioned_parquet_snap.date_dim_1.d_date_sk
|  |  |  runtime filters: RF004[bloom] <- tpcds_partitioned_parquet_snap.date_dim_1.d_date_sk
|  |  |  mem-estimate=23.25MB mem-reservation=23.25MB spill-buffer=64.00KB thread-reservation=0 cost=373
|  |  |
|  |  35:EXCHANGE [BROADCAST]
|  |  |  mem-estimate=16.00KB mem-reservation=0B thread-reservation=0
|  |  |  tuple-ids=18 row-size=8B cardinality=373 cost=490
|  |  |  in pipelines: 16(GETNEXT)
|  |  |
|  |  F14:PLAN FRAGMENT [RANDOM] hosts=1 instances=1
|  |  Per-Instance Resources: mem-estimate=16.05MB mem-reservation=512.00KB thread-reservation=1
|  |  max-parallelism=1 segment-costs=[12536]
|  |  16:SCAN HDFS [tpcds_partitioned_parquet_snap.date_dim, RANDOM]
|  |     HDFS partitions=1/1 files=1 size=2.17MB
|  |     predicates: tpcds_partitioned_parquet_snap.date_dim_1.d_year IS NOT DISTINCT FROM CAST(2002 AS INT), tpcds_partitioned_parquet_snap.date_dim_1.d_date_sk IS NOT NULL
|  |     stored statistics:
|  |       table: rows=73.05K size=2.17MB
|  |       columns: all
|  |     extrapolated-rows=disabled max-scan-range-rows=73.05K
|  |     parquet dictionary predicates: tpcds_partitioned_parquet_snap.date_dim_1.d_year IS NOT DISTINCT FROM CAST(2002 AS INT), tpcds_partitioned_parquet_snap.date_dim_1.d_date_sk IS NOT NULL
|  |     mem-estimate=16.00MB mem-reservation=512.00KB thread-reservation=0
|  |     tuple-ids=18 row-size=8B cardinality=373 cost=12520
|  |     in pipelines: 16(GETNEXT)
|  |
|  15:HASH JOIN [LEFT OUTER JOIN, PARTITIONED]
|  |  hash-table-id=02
|  |  hash predicates: tpcds_partitioned_parquet_snap.catalog_sales.cs_item_sk = tpcds_partitioned_parquet_snap.catalog_returns.cr_item_sk, tpcds_partitioned_parquet_snap.catalog_sales.cs_order_number = tpcds_partitioned_parquet_snap.catalog_returns.cr_order_number
|  |  fk/pk conjuncts: tpcds_partitioned_parquet_snap.catalog_sales.cs_item_sk = tpcds_partitioned_parquet_snap.catalog_returns.cr_item_sk, tpcds_partitioned_parquet_snap.catalog_sales.cs_order_number = tpcds_partitioned_parquet_snap.catalog_returns.cr_order_number
|  |  other predicates: tpcds_partitioned_parquet_snap.catalog_returns.cr_order_number IS NULL
|  |  mem-estimate=0B mem-reservation=0B spill-buffer=2.00MB thread-reservation=0
|  |  tuple-ids=14,16N row-size=44B cardinality=875.68M(filtered from 4.30G) cost=1003510150
|  |  in pipelines: 13(GETNEXT), 14(OPEN)
|  |
|  |--F19:PLAN FRAGMENT [HASH(tpcds_partitioned_parquet_snap.catalog_sales.cs_item_sk,tpcds_partitioned_parquet_snap.catalog_sales.cs_order_number)] hosts=10 instances=120
|  |  |  Per-Instance Resources: mem-estimate=154.69MB mem-reservation=34.00MB thread-reservation=1
|  |  |  max-parallelism=700 segment-costs=[503861416]
|  |  JOIN BUILD
|  |  |  join-table-id=02 plan-id=03 cohort-id=02
|  |  |  build expressions: tpcds_partitioned_parquet_snap.catalog_returns.cr_item_sk, tpcds_partitioned_parquet_snap.catalog_returns.cr_order_number
|  |  |  mem-estimate=143.60MB mem-reservation=34.00MB spill-buffer=2.00MB thread-reservation=0 cost=432016991
|  |  |
|  |  34:EXCHANGE [HASH(tpcds_partitioned_parquet_snap.catalog_returns.cr_item_sk,tpcds_partitioned_parquet_snap.catalog_returns.cr_order_number)]
|  |  |  mem-estimate=11.09MB mem-reservation=0B thread-reservation=0
|  |  |  tuple-ids=16 row-size=12B cardinality=432.02M cost=71844425
|  |  |  in pipelines: 14(GETNEXT)
|  |  |
|  |  F12:PLAN FRAGMENT [RANDOM] hosts=10 instances=70 (adjusted from 120)
|  |  Per-Instance Resources: mem-estimate=23.50MB mem-reservation=32.00KB thread-reservation=1
|  |  max-parallelism=70 segment-costs=[631090420]
|  |  14:SCAN HDFS [tpcds_partitioned_parquet_snap.catalog_returns, RANDOM]
|  |     HDFS partitions=2060/2060 files=2060 size=32.77GB
|  |     stored statistics:
|  |       table: rows=432.02M size=32.77GB
|  |       partitions: 2060/2060 rows=432.02M
|  |       columns: all
|  |     extrapolated-rows=disabled max-scan-range-rows=416.82K
|  |     mem-estimate=16.00MB mem-reservation=32.00KB thread-reservation=0
|  |     tuple-ids=16 row-size=12B cardinality=432.02M cost=74652536
|  |     in pipelines: 14(GETNEXT)
|  |
|  33:EXCHANGE [HASH(tpcds_partitioned_parquet_snap.catalog_sales.cs_item_sk,tpcds_partitioned_parquet_snap.catalog_sales.cs_order_number)]
|  |  mem-estimate=14.22MB mem-reservation=0B thread-reservation=0
|  |  tuple-ids=14 row-size=32B cardinality=875.68M(filtered from 4.30G) cost=226187166
|  |  in pipelines: 13(GETNEXT)
|  |
|  F11:PLAN FRAGMENT [RANDOM] hosts=10 instances=120
|  Per-Host Shared Resources: mem-estimate=1.00MB mem-reservation=1.00MB thread-reservation=0 runtime-filters-memory=1.00MB
|  Per-Instance Resources: mem-estimate=32.88MB mem-reservation=256.00KB thread-reservation=1
|  max-parallelism=270 segment-costs=[2659253526]
|  13:SCAN HDFS [tpcds_partitioned_parquet_snap.catalog_sales, RANDOM]
|     partition predicates: tpcds_partitioned_parquet_snap.catalog_sales.cs_sold_date_sk IS NOT NULL
|     HDFS partitions=1830/1831 files=1830 size=280.81GB
|     runtime filters: RF004[bloom] -> tpcds_partitioned_parquet_snap.catalog_sales.cs_sold_date_sk
|     stored statistics:
|       table: rows=4.32G size=280.96GB
|       partitions: 1830/1830 rows=4.30G
|       columns: all
|     extrapolated-rows=disabled max-scan-range-rows=5.09M est-scan-range=373(filtered from 1830)
|     mem-estimate=16.00MB mem-reservation=256.00KB thread-reservation=0
|     tuple-ids=14 row-size=32B cardinality=875.68M(filtered from 4.30G) cost=403511599
|     in pipelines: 13(GETNEXT)
|
12:HASH JOIN [LEFT OUTER JOIN, PARTITIONED]
|  hash-table-id=03
|  hash predicates: 2002 = 2002, tpcds_partitioned_parquet_snap.store_sales.ss_customer_sk = tpcds_partitioned_parquet_snap.web_sales.ws_bill_customer_sk, tpcds_partitioned_parquet_snap.store_sales.ss_item_sk = tpcds_partitioned_parquet_snap.web_sales.ws_item_sk
|  fk/pk conjuncts: tpcds_partitioned_parquet_snap.store_sales.ss_customer_sk = tpcds_partitioned_parquet_snap.web_sales.ws_bill_customer_sk, tpcds_partitioned_parquet_snap.store_sales.ss_item_sk = tpcds_partitioned_parquet_snap.web_sales.ws_item_sk
|  mem-estimate=0B mem-reservation=0B spill-buffer=2.00MB thread-reservation=0
|  tuple-ids=6,13N row-size=96B cardinality=1.69G cost=738413159
|  in pipelines: 25(GETNEXT), 30(OPEN)
|
|--F20:PLAN FRAGMENT [HASH(2002,tpcds_partitioned_parquet_snap.store_sales.ss_customer_sk,tpcds_partitioned_parquet_snap.store_sales.ss_item_sk)] hosts=10 instances=120
|  |  Per-Instance Resources: mem-estimate=286.95MB mem-reservation=34.00MB thread-reservation=1
|  |  max-parallelism=3120 segment-costs=[588150963] cpu-comparison-result=240 [max(120 (self) vs 240 (sum children))]
|  JOIN BUILD
|  |  join-table-id=03 plan-id=04 cohort-id=01
|  |  build expressions: 2002, tpcds_partitioned_parquet_snap.web_sales.ws_bill_customer_sk, tpcds_partitioned_parquet_snap.web_sales.ws_item_sk
|  |  mem-estimate=270.85MB mem-reservation=34.00MB spill-buffer=2.00MB thread-reservation=0 cost=441587930
|  |
|  32:EXCHANGE [HASH(2002,tpcds_partitioned_parquet_snap.web_sales.ws_bill_customer_sk,tpcds_partitioned_parquet_snap.web_sales.ws_item_sk)]
|  |  mem-estimate=16.09MB mem-reservation=0B thread-reservation=0
|  |  tuple-ids=13 row-size=48B cardinality=441.59M cost=146563033
|  |  in pipelines: 30(GETNEXT)
|  |
|  F09:PLAN FRAGMENT [HASH(tpcds_partitioned_parquet_snap.web_sales.ws_item_sk,tpcds_partitioned_parquet_snap.web_sales.ws_bill_customer_sk)] hosts=10 instances=120
|  Per-Instance Resources: mem-estimate=234.94MB mem-reservation=34.00MB thread-reservation=1
|  max-parallelism=290 segment-costs=[2814902258, 1592542710] cpu-comparison-result=240 [max(120 (self) vs 240 (sum children))]
|  30:AGGREGATE [FINALIZE]
|  |  output: sum:merge(tpcds_partitioned_parquet_snap.web_sales.ws_quantity), sum:merge(tpcds_partitioned_parquet_snap.web_sales.ws_wholesale_cost), sum:merge(tpcds_partitioned_parquet_snap.web_sales.ws_sales_price)
|  |  group by: tpcds_partitioned_parquet_snap.web_sales.ws_item_sk, tpcds_partitioned_parquet_snap.web_sales.ws_bill_customer_sk
|  |  mem-estimate=210.57MB mem-reservation=34.00MB spill-buffer=2.00MB thread-reservation=0
|  |  tuple-ids=13 row-size=48B cardinality=441.59M cost=2668339225
|  |  in pipelines: 30(GETNEXT), 06(OPEN)
|  |
|  29:EXCHANGE [HASH(tpcds_partitioned_parquet_snap.web_sales.ws_item_sk,tpcds_partitioned_parquet_snap.web_sales.ws_bill_customer_sk)]
|  |  mem-estimate=16.09MB mem-reservation=0B thread-reservation=0
|  |  tuple-ids=13 row-size=48B cardinality=441.59M cost=146563033
|  |  in pipelines: 06(GETNEXT)
|  |
|  F07:PLAN FRAGMENT [HASH(tpcds_partitioned_parquet_snap.web_sales.ws_item_sk,tpcds_partitioned_parquet_snap.web_sales.ws_order_number)] hosts=10 instances=120
|  Per-Instance Resources: mem-estimate=196.52MB mem-reservation=34.00MB thread-reservation=1
|  max-parallelism=350 segment-costs=[3480235095, 1592542710] cpu-comparison-result=240 [max(240 (self) vs 171 (sum children))]
|  11:AGGREGATE [STREAMING]
|  |  output: sum(CAST(tpcds_partitioned_parquet_snap.web_sales.ws_quantity AS BIGINT)), sum(tpcds_partitioned_parquet_snap.web_sales.ws_wholesale_cost), sum(tpcds_partitioned_parquet_snap.web_sales.ws_sales_price)
|  |  group by: tpcds_partitioned_parquet_snap.web_sales.ws_item_sk, tpcds_partitioned_parquet_snap.web_sales.ws_bill_customer_sk
|  |  mem-estimate=157.92MB mem-reservation=34.00MB spill-buffer=2.00MB thread-reservation=0
|  |  tuple-ids=13 row-size=48B cardinality=441.59M cost=2668339225
|  |  in pipelines: 06(GETNEXT)
|  |
|  10:HASH JOIN [INNER JOIN, BROADCAST]
|  |  hash-table-id=04
|  |  hash predicates: tpcds_partitioned_parquet_snap.web_sales.ws_sold_date_sk = tpcds_partitioned_parquet_snap.date_dim_0.d_date_sk
|  |  fk/pk conjuncts: tpcds_partitioned_parquet_snap.web_sales.ws_sold_date_sk = tpcds_partitioned_parquet_snap.date_dim_0.d_date_sk
|  |  mem-estimate=0B mem-reservation=0B spill-buffer=64.00KB thread-reservation=0
|  |  tuple-ids=7,9N,11 row-size=52B cardinality=441.59M cost=193283036
|  |  in pipelines: 06(GETNEXT), 09(OPEN)
|  |
|  |--F21:PLAN FRAGMENT [HASH(tpcds_partitioned_parquet_snap.web_sales.ws_item_sk,tpcds_partitioned_parquet_snap.web_sales.ws_order_number)] hosts=10 instances=10
|  |  |  Per-Instance Resources: mem-estimate=24.27MB mem-reservation=24.25MB thread-reservation=1 runtime-filters-memory=1.00MB
|  |  |  max-parallelism=10 segment-costs=[863]
|  |  JOIN BUILD
|  |  |  join-table-id=04 plan-id=05 cohort-id=03
|  |  |  build expressions: tpcds_partitioned_parquet_snap.date_dim_0.d_date_sk
|  |  |  runtime filters: RF002[bloom] <- tpcds_partitioned_parquet_snap.date_dim_0.d_date_sk
|  |  |  mem-estimate=23.25MB mem-reservation=23.25MB spill-buffer=64.00KB thread-reservation=0 cost=373
|  |  |
|  |  28:EXCHANGE [BROADCAST]
|  |  |  mem-estimate=16.00KB mem-reservation=0B thread-reservation=0
|  |  |  tuple-ids=11 row-size=8B cardinality=373 cost=490
|  |  |  in pipelines: 09(GETNEXT)
|  |  |
|  |  F08:PLAN FRAGMENT [RANDOM] hosts=1 instances=1
|  |  Per-Instance Resources: mem-estimate=16.05MB mem-reservation=512.00KB thread-reservation=1
|  |  max-parallelism=1 segment-costs=[12536]
|  |  09:SCAN HDFS [tpcds_partitioned_parquet_snap.date_dim, RANDOM]
|  |     HDFS partitions=1/1 files=1 size=2.17MB
|  |     predicates: tpcds_partitioned_parquet_snap.date_dim_0.d_year IS NOT DISTINCT FROM CAST(2002 AS INT), tpcds_partitioned_parquet_snap.date_dim_0.d_date_sk IS NOT NULL
|  |     stored statistics:
|  |       table: rows=73.05K size=2.17MB
|  |       columns: all
|  |     extrapolated-rows=disabled max-scan-range-rows=73.05K
|  |     parquet dictionary predicates: tpcds_partitioned_parquet_snap.date_dim_0.d_year IS NOT DISTINCT FROM CAST(2002 AS INT), tpcds_partitioned_parquet_snap.date_dim_0.d_date_sk IS NOT NULL
|  |     mem-estimate=16.00MB mem-reservation=512.00KB thread-reservation=0
|  |     tuple-ids=11 row-size=8B cardinality=373 cost=12520
|  |     in pipelines: 09(GETNEXT)
|  |
|  08:HASH JOIN [LEFT OUTER JOIN, PARTITIONED]
|  |  hash-table-id=05
|  |  hash predicates: tpcds_partitioned_parquet_snap.web_sales.ws_item_sk = tpcds_partitioned_parquet_snap.web_returns.wr_item_sk, tpcds_partitioned_parquet_snap.web_sales.ws_order_number = tpcds_partitioned_parquet_snap.web_returns.wr_order_number
|  |  fk/pk conjuncts: tpcds_partitioned_parquet_snap.web_sales.ws_item_sk = tpcds_partitioned_parquet_snap.web_returns.wr_item_sk, tpcds_partitioned_parquet_snap.web_sales.ws_order_number = tpcds_partitioned_parquet_snap.web_returns.wr_order_number
|  |  other predicates: tpcds_partitioned_parquet_snap.web_returns.wr_order_number IS NULL
|  |  mem-estimate=0B mem-reservation=0B spill-buffer=2.00MB thread-reservation=0
|  |  tuple-ids=7,9N row-size=44B cardinality=441.59M(filtered from 2.16G) cost=504550672
|  |  in pipelines: 06(GETNEXT), 07(OPEN)
|  |
|  |--F22:PLAN FRAGMENT [HASH(tpcds_partitioned_parquet_snap.web_sales.ws_item_sk,tpcds_partitioned_parquet_snap.web_sales.ws_order_number)] hosts=10 instances=120
|  |  |  Per-Instance Resources: mem-estimate=82.42MB mem-reservation=34.00MB thread-reservation=1
|  |  |  max-parallelism=350 segment-costs=[251923932]
|  |  JOIN BUILD
|  |  |  join-table-id=05 plan-id=06 cohort-id=03
|  |  |  build expressions: tpcds_partitioned_parquet_snap.web_returns.wr_item_sk, tpcds_partitioned_parquet_snap.web_returns.wr_order_number
|  |  |  mem-estimate=71.80MB mem-reservation=34.00MB spill-buffer=2.00MB thread-reservation=0 cost=216002686
|  |  |
|  |  27:EXCHANGE [HASH(tpcds_partitioned_parquet_snap.web_returns.wr_item_sk,tpcds_partitioned_parquet_snap.web_returns.wr_order_number)]
|  |  |  mem-estimate=10.62MB mem-reservation=0B thread-reservation=0
|  |  |  tuple-ids=9 row-size=12B cardinality=216.00M cost=35921246
|  |  |  in pipelines: 07(GETNEXT)
|  |  |
|  |  F06:PLAN FRAGMENT [RANDOM] hosts=10 instances=40 (adjusted from 120)
|  |  Per-Instance Resources: mem-estimate=23.50MB mem-reservation=256.00KB thread-reservation=1
|  |  max-parallelism=40 segment-costs=[315536723]
|  |  07:SCAN HDFS [tpcds_partitioned_parquet_snap.web_returns, RANDOM]
|  |     HDFS partitions=2114/2114 files=2114 size=16.74GB
|  |     stored statistics:
|  |       table: rows=216.00M size=16.74GB
|  |       partitions: 2114/2114 rows=216.00M
|  |       columns: all
|  |     extrapolated-rows=disabled max-scan-range-rows=9.41M
|  |     mem-estimate=16.00MB mem-reservation=256.00KB thread-reservation=0
|  |     tuple-ids=9 row-size=12B cardinality=216.00M cost=37325264
|  |     in pipelines: 07(GETNEXT)
|  |
|  26:EXCHANGE [HASH(tpcds_partitioned_parquet_snap.web_sales.ws_item_sk,tpcds_partitioned_parquet_snap.web_sales.ws_order_number)]
|  |  mem-estimate=14.22MB mem-reservation=0B thread-reservation=0
|  |  tuple-ids=7 row-size=32B cardinality=441.59M(filtered from 2.16G) cost=114062162
|  |  in pipelines: 06(GETNEXT)
|  |
|  F05:PLAN FRAGMENT [RANDOM] hosts=10 instances=120
|  Per-Host Shared Resources: mem-estimate=1.00MB mem-reservation=1.00MB thread-reservation=0 runtime-filters-memory=1.00MB
|  Per-Instance Resources: mem-estimate=32.88MB mem-reservation=128.00KB thread-reservation=1
|  max-parallelism=140 segment-costs=[1341014225]
|  06:SCAN HDFS [tpcds_partitioned_parquet_snap.web_sales, RANDOM]
|     partition predicates: tpcds_partitioned_parquet_snap.web_sales.ws_sold_date_sk IS NOT NULL
|     HDFS partitions=1823/1824 files=1823 size=145.67GB
|     runtime filters: RF002[bloom] -> tpcds_partitioned_parquet_snap.web_sales.ws_sold_date_sk
|     stored statistics:
|       table: rows=2.16G size=145.75GB
|       partitions: 1823/1823 rows=2.16G
|       columns: all
|     extrapolated-rows=disabled max-scan-range-rows=3.37M est-scan-range=373(filtered from 1823)
|     mem-estimate=16.00MB mem-reservation=128.00KB thread-reservation=0
|     tuple-ids=7 row-size=32B cardinality=441.59M(filtered from 2.16G) cost=203483718
|     in pipelines: 06(GETNEXT)
|
31:EXCHANGE [HASH(2002,tpcds_partitioned_parquet_snap.store_sales.ss_customer_sk,tpcds_partitioned_parquet_snap.store_sales.ss_item_sk)]
|  mem-estimate=16.09MB mem-reservation=0B thread-reservation=0
|  tuple-ids=6 row-size=48B cardinality=1.69G cost=559925354
|  in pipelines: 25(GETNEXT)
|
F04:PLAN FRAGMENT [HASH(tpcds_partitioned_parquet_snap.store_sales.ss_item_sk,tpcds_partitioned_parquet_snap.store_sales.ss_customer_sk)] hosts=10 instances=120
Per-Instance Resources: mem-estimate=828.81MB mem-reservation=34.00MB thread-reservation=1
max-parallelism=1080 segment-costs=[10753974608, 6084106052] cpu-comparison-result=251 [max(120 (self) vs 251 (sum children))]
25:AGGREGATE [FINALIZE]
|  output: sum:merge(tpcds_partitioned_parquet_snap.store_sales.ss_quantity), sum:merge(tpcds_partitioned_parquet_snap.store_sales.ss_wholesale_cost), sum:merge(tpcds_partitioned_parquet_snap.store_sales.ss_sales_price)
|  group by: tpcds_partitioned_parquet_snap.store_sales.ss_item_sk, tpcds_partitioned_parquet_snap.store_sales.ss_customer_sk
|  mem-estimate=804.44MB mem-reservation=34.00MB spill-buffer=2.00MB thread-reservation=0
|  tuple-ids=6 row-size=48B cardinality=1.69G cost=10194049254
|  in pipelines: 25(GETNEXT), 00(OPEN)
|
24:EXCHANGE [HASH(tpcds_partitioned_parquet_snap.store_sales.ss_item_sk,tpcds_partitioned_parquet_snap.store_sales.ss_customer_sk)]
|  mem-estimate=16.09MB mem-reservation=0B thread-reservation=0
|  tuple-ids=6 row-size=48B cardinality=1.69G cost=559925354
|  in pipelines: 00(GETNEXT)
|
F02:PLAN FRAGMENT [HASH(tpcds_partitioned_parquet_snap.store_sales.ss_item_sk,tpcds_partitioned_parquet_snap.store_sales.ss_ticket_number)] hosts=10 instances=120
Per-Instance Resources: mem-estimate=641.92MB mem-reservation=34.00MB thread-reservation=1
max-parallelism=1330 segment-costs=[13295793751, 6084106052] cpu-comparison-result=251 [max(240 (self) vs 251 (sum children))]
05:AGGREGATE [STREAMING]
|  output: sum(CAST(tpcds_partitioned_parquet_snap.store_sales.ss_quantity AS BIGINT)), sum(tpcds_partitioned_parquet_snap.store_sales.ss_wholesale_cost), sum(tpcds_partitioned_parquet_snap.store_sales.ss_sales_price)
|  group by: tpcds_partitioned_parquet_snap.store_sales.ss_item_sk, tpcds_partitioned_parquet_snap.store_sales.ss_customer_sk
|  mem-estimate=603.33MB mem-reservation=34.00MB spill-buffer=2.00MB thread-reservation=0
|  tuple-ids=6 row-size=48B cardinality=1.69G cost=10194049254
|  in pipelines: 00(GETNEXT)
|
04:HASH JOIN [INNER JOIN, BROADCAST]
|  hash-table-id=06
|  hash predicates: tpcds_partitioned_parquet_snap.store_sales.ss_sold_date_sk = tpcds_partitioned_parquet_snap.date_dim.d_date_sk
|  fk/pk conjuncts: tpcds_partitioned_parquet_snap.store_sales.ss_sold_date_sk = tpcds_partitioned_parquet_snap.date_dim.d_date_sk
|  mem-estimate=0B mem-reservation=0B spill-buffer=64.00KB thread-reservation=0
|  tuple-ids=0,2N,4 row-size=52B cardinality=1.69G cost=738413159
|  in pipelines: 00(GETNEXT), 03(OPEN)
|
|--F23:PLAN FRAGMENT [HASH(tpcds_partitioned_parquet_snap.store_sales.ss_item_sk,tpcds_partitioned_parquet_snap.store_sales.ss_ticket_number)] hosts=10 instances=10
|  |  Per-Instance Resources: mem-estimate=24.27MB mem-reservation=24.25MB thread-reservation=1 runtime-filters-memory=1.00MB
|  |  max-parallelism=10 segment-costs=[863]
|  JOIN BUILD
|  |  join-table-id=06 plan-id=07 cohort-id=01
|  |  build expressions: tpcds_partitioned_parquet_snap.date_dim.d_date_sk
|  |  runtime filters: RF000[bloom] <- tpcds_partitioned_parquet_snap.date_dim.d_date_sk
|  |  mem-estimate=23.25MB mem-reservation=23.25MB spill-buffer=64.00KB thread-reservation=0 cost=373
|  |
|  23:EXCHANGE [BROADCAST]
|  |  mem-estimate=16.00KB mem-reservation=0B thread-reservation=0
|  |  tuple-ids=4 row-size=8B cardinality=373 cost=490
|  |  in pipelines: 03(GETNEXT)
|  |
|  F03:PLAN FRAGMENT [RANDOM] hosts=1 instances=1
|  Per-Instance Resources: mem-estimate=16.05MB mem-reservation=512.00KB thread-reservation=1
|  max-parallelism=1 segment-costs=[12536]
|  03:SCAN HDFS [tpcds_partitioned_parquet_snap.date_dim, RANDOM]
|     HDFS partitions=1/1 files=1 size=2.17MB
|     predicates: tpcds_partitioned_parquet_snap.date_dim.d_year = CAST(2002 AS INT), tpcds_partitioned_parquet_snap.date_dim.d_date_sk IS NOT NULL
|     stored statistics:
|       table: rows=73.05K size=2.17MB
|       columns: all
|     extrapolated-rows=disabled max-scan-range-rows=73.05K
|     parquet statistics predicates: tpcds_partitioned_parquet_snap.date_dim.d_year = CAST(2002 AS INT)
|     parquet dictionary predicates: tpcds_partitioned_parquet_snap.date_dim.d_year = CAST(2002 AS INT), tpcds_partitioned_parquet_snap.date_dim.d_date_sk IS NOT NULL
|     mem-estimate=16.00MB mem-reservation=512.00KB thread-reservation=0
|     tuple-ids=4 row-size=8B cardinality=373 cost=12520
|     in pipelines: 03(GETNEXT)
|
02:HASH JOIN [LEFT OUTER JOIN, PARTITIONED]
|  hash-table-id=07
|  hash predicates: tpcds_partitioned_parquet_snap.store_sales.ss_item_sk = tpcds_partitioned_parquet_snap.store_returns.sr_item_sk, tpcds_partitioned_parquet_snap.store_sales.ss_ticket_number = tpcds_partitioned_parquet_snap.store_returns.sr_ticket_number
|  fk/pk conjuncts: tpcds_partitioned_parquet_snap.store_sales.ss_item_sk = tpcds_partitioned_parquet_snap.store_returns.sr_item_sk, tpcds_partitioned_parquet_snap.store_sales.ss_ticket_number = tpcds_partitioned_parquet_snap.store_returns.sr_ticket_number
|  other predicates: tpcds_partitioned_parquet_snap.store_returns.sr_ticket_number IS NULL
|  mem-estimate=0B mem-reservation=0B spill-buffer=2.00MB thread-reservation=0
|  tuple-ids=0,2N row-size=44B cardinality=1.69G(filtered from 8.25G) cost=1927571414
|  in pipelines: 00(GETNEXT), 01(OPEN)
|
|--F24:PLAN FRAGMENT [HASH(tpcds_partitioned_parquet_snap.store_sales.ss_item_sk,tpcds_partitioned_parquet_snap.store_sales.ss_ticket_number)] hosts=10 instances=120
|  |  Per-Instance Resources: mem-estimate=299.07MB mem-reservation=34.00MB thread-reservation=1
|  |  max-parallelism=1330 segment-costs=[1007669941]
|  JOIN BUILD
|  |  join-table-id=07 plan-id=08 cohort-id=01
|  |  build expressions: tpcds_partitioned_parquet_snap.store_returns.sr_item_sk, tpcds_partitioned_parquet_snap.store_returns.sr_ticket_number
|  |  mem-estimate=287.20MB mem-reservation=34.00MB spill-buffer=2.00MB thread-reservation=0 cost=863988632
|  |
|  22:EXCHANGE [HASH(tpcds_partitioned_parquet_snap.store_returns.sr_item_sk,tpcds_partitioned_parquet_snap.store_returns.sr_ticket_number)]
|  |  mem-estimate=11.88MB mem-reservation=0B thread-reservation=0
|  |  tuple-ids=2 row-size=12B cardinality=863.99M cost=143681309
|  |  in pipelines: 01(GETNEXT)
|  |
|  F01:PLAN FRAGMENT [RANDOM] hosts=10 instances=120
|  Per-Instance Resources: mem-estimate=23.50MB mem-reservation=512.00KB thread-reservation=1
|  max-parallelism=130 segment-costs=[1262114593]
|  01:SCAN HDFS [tpcds_partitioned_parquet_snap.store_returns, RANDOM]
|     HDFS partitions=2004/2004 files=2004 size=48.14GB
|     stored statistics:
|       table: rows=863.99M size=48.14GB
|       partitions: 2004/2004 rows=863.99M
|       columns: all
|     extrapolated-rows=disabled max-scan-range-rows=30.09M
|     mem-estimate=16.00MB mem-reservation=512.00KB thread-reservation=0
|     tuple-ids=2 row-size=12B cardinality=863.99M cost=149297235
|     in pipelines: 01(GETNEXT)
|
21:EXCHANGE [HASH(tpcds_partitioned_parquet_snap.store_sales.ss_item_sk,tpcds_partitioned_parquet_snap.store_sales.ss_ticket_number)]
|  mem-estimate=14.22MB mem-reservation=0B thread-reservation=0
|  tuple-ids=0 row-size=32B cardinality=1.69G(filtered from 8.25G) cost=435759924
|  in pipelines: 00(GETNEXT)
|
F00:PLAN FRAGMENT [RANDOM] hosts=10 instances=120
Per-Host Shared Resources: mem-estimate=1.00MB mem-reservation=1.00MB thread-reservation=0 runtime-filters-memory=1.00MB
Per-Instance Resources: mem-estimate=32.88MB mem-reservation=512.00KB thread-reservation=1
max-parallelism=373 segment-costs=[5123173596]
00:SCAN HDFS [tpcds_partitioned_parquet_snap.store_sales, RANDOM]
   partition predicates: tpcds_partitioned_parquet_snap.store_sales.ss_sold_date_sk IS NOT NULL
   HDFS partitions=1823/1824 files=1823 size=389.69GB
   runtime filters: RF000[bloom] -> tpcds_partitioned_parquet_snap.store_sales.ss_sold_date_sk
   stored statistics:
     table: rows=8.64G size=389.90GB
     partitions: 1823/1823 rows=8.25G
     columns: all
   extrapolated-rows=disabled max-scan-range-rows=12.24M est-scan-range=373(filtered from 1823)
   mem-estimate=16.00MB mem-reservation=512.00KB thread-reservation=0
   tuple-ids=0 row-size=32B cardinality=1.69G(filtered from 8.25G) cost=777383559
   in pipelines: 00(GETNEXT)
====
