# TPCDS-Q69
# start query 69 in stream 0 using template query69.tpl using seed 736205479
select
  cd_gender,
  cd_marital_status,
  cd_education_status,
  count(*) cnt1,
  cd_purchase_estimate,
  count(*) cnt2,
  cd_credit_rating,
  count(*) cnt3
 from
  customer c,customer_address ca,customer_demographics
 where
  c.c_current_addr_sk = ca.ca_address_sk and
  ca_state in ('OK','GA','VA') and
  cd_demo_sk = c.c_current_cdemo_sk and
  exists (select *
          from store_sales,date_dim
          where c.c_customer_sk = ss_customer_sk and
                ss_sold_date_sk = d_date_sk and
                d_year = 1999 and
                d_moy between 4 and 4+2) and
   (not exists (select *
            from web_sales,date_dim
            where c.c_customer_sk = ws_bill_customer_sk and
                  ws_sold_date_sk = d_date_sk and
                  d_year = 1999 and
                  d_moy between 4 and 4+2) and
    not exists (select *
            from catalog_sales,date_dim
            where c.c_customer_sk = cs_ship_customer_sk and
                  cs_sold_date_sk = d_date_sk and
                  d_year = 1999 and
                  d_moy between 4 and 4+2))
 group by cd_gender,
          cd_marital_status,
          cd_education_status,
          cd_purchase_estimate,
          cd_credit_rating
 order by cd_gender,
          cd_marital_status,
          cd_education_status,
          cd_purchase_estimate,
          cd_credit_rating
 limit 100

# end query 69 in stream 0 using template query69.tpl
---- PLAN
Max Per-Host Resource Reservation: Memory=220.50MB Threads=1
Per-Host Resource Estimates: Memory=2.58GB
F00:PLAN FRAGMENT [UNPARTITIONED] hosts=1 instances=1
|  Per-Instance Resources: mem-estimate=2.58GB mem-reservation=220.50MB thread-reservation=1 runtime-filters-memory=10.00MB
|  max-parallelism=1 segment-costs=[533873820, 207016476, 326194906, 72527747, 39311, 800]
PLAN-ROOT SINK
|  output exprs: tpcds_partitioned_parquet_snap.customer_demographics.cd_gender, tpcds_partitioned_parquet_snap.customer_demographics.cd_marital_status, tpcds_partitioned_parquet_snap.customer_demographics.cd_education_status, count(), tpcds_partitioned_parquet_snap.customer_demographics.cd_purchase_estimate, count(), tpcds_partitioned_parquet_snap.customer_demographics.cd_credit_rating, count()
|  mem-estimate=4.00MB mem-reservation=4.00MB spill-buffer=2.00MB thread-reservation=0 cost=800
|
21:TOP-N [LIMIT=100]
|  order by: tpcds_partitioned_parquet_snap.customer_demographics.cd_gender ASC NULLS LAST, tpcds_partitioned_parquet_snap.customer_demographics.cd_marital_status ASC NULLS LAST, tpcds_partitioned_parquet_snap.customer_demographics.cd_education_status ASC NULLS LAST, tpcds_partitioned_parquet_snap.customer_demographics.cd_purchase_estimate ASC NULLS LAST, tpcds_partitioned_parquet_snap.customer_demographics.cd_credit_rating ASC NULLS LAST
|  mem-estimate=7.67KB mem-reservation=0B thread-reservation=0
|  tuple-ids=22 row-size=79B cardinality=100 cost=39311
|  in pipelines: 21(GETNEXT), 20(OPEN)
|
20:AGGREGATE [FINALIZE]
|  output: count()
|  group by: tpcds_partitioned_parquet_snap.customer_demographics.cd_gender, tpcds_partitioned_parquet_snap.customer_demographics.cd_marital_status, tpcds_partitioned_parquet_snap.customer_demographics.cd_education_status, tpcds_partitioned_parquet_snap.customer_demographics.cd_purchase_estimate, tpcds_partitioned_parquet_snap.customer_demographics.cd_credit_rating
|  mem-estimate=10.00MB mem-reservation=1.94MB spill-buffer=64.00KB thread-reservation=0
|  tuple-ids=21 row-size=79B cardinality=5.60K cost=2624053
|  in pipelines: 20(GETNEXT), 17(OPEN)
|
19:HASH JOIN [LEFT OUTER JOIN]
|  hash predicates: tpcds_partitioned_parquet_snap.customer.c_customer_sk = tpcds_partitioned_parquet_snap.catalog_sales.cs_ship_customer_sk
|  fk/pk conjuncts: tpcds_partitioned_parquet_snap.customer.c_customer_sk = tpcds_partitioned_parquet_snap.catalog_sales.cs_ship_customer_sk
|  other predicates: if(TupleIsNull(4), NULL, TRUE) IS NULL
|  mem-estimate=892.67MB mem-reservation=34.00MB spill-buffer=2.00MB thread-reservation=0
|  tuple-ids=19,9N,14,15,17,4N row-size=117B cardinality=1.89M cost=33508485
|  in pipelines: 17(GETNEXT), 03(OPEN)
|
|--03:AGGREGATE [FINALIZE]
|  |  group by: tpcds_partitioned_parquet_snap.catalog_sales.cs_ship_customer_sk
|  |  mem-estimate=498.67MB mem-reservation=34.00MB spill-buffer=2.00MB thread-reservation=0
|  |  tuple-ids=4 row-size=4B cardinality=32.68M cost=165829446
|  |  in pipelines: 03(GETNEXT), 00(OPEN)
|  |
|  02:HASH JOIN [INNER JOIN]
|  |  hash predicates: tpcds_partitioned_parquet_snap.catalog_sales.cs_sold_date_sk = tpcds_partitioned_parquet_snap.date_dim.d_date_sk
|  |  fk/pk conjuncts: tpcds_partitioned_parquet_snap.catalog_sales.cs_sold_date_sk = tpcds_partitioned_parquet_snap.date_dim.d_date_sk
|  |  runtime filters: RF012[bloom] <- tpcds_partitioned_parquet_snap.date_dim.d_date_sk
|  |  mem-estimate=1.94MB mem-reservation=1.94MB spill-buffer=64.00KB thread-reservation=0
|  |  tuple-ids=0,2 row-size=20B cardinality=275.64M cost=120647149
|  |  in pipelines: 00(GETNEXT), 01(OPEN)
|  |
|  |--01:SCAN HDFS [tpcds_partitioned_parquet_snap.date_dim]
|  |     HDFS partitions=1/1 files=1 size=2.17MB
|  |     predicates: tpcds_partitioned_parquet_snap.date_dim.d_year = CAST(1999 AS INT), tpcds_partitioned_parquet_snap.date_dim.d_moy <= CAST(add(CAST(4 AS SMALLINT), CAST(2 AS SMALLINT)) AS INT), tpcds_partitioned_parquet_snap.date_dim.d_moy >= CAST(4 AS INT), tpcds_partitioned_parquet_snap.date_dim.d_date_sk IS NOT NULL
|  |     stored statistics:
|  |       table: rows=73.05K size=2.17MB
|  |       columns: all
|  |     extrapolated-rows=disabled max-scan-range-rows=73.05K
|  |     parquet statistics predicates: tpcds_partitioned_parquet_snap.date_dim.d_year = CAST(1999 AS INT), tpcds_partitioned_parquet_snap.date_dim.d_moy <= CAST(add(CAST(4 AS SMALLINT), CAST(2 AS SMALLINT)) AS INT), tpcds_partitioned_parquet_snap.date_dim.d_moy >= CAST(4 AS INT)
|  |     parquet dictionary predicates: tpcds_partitioned_parquet_snap.date_dim.d_year = CAST(1999 AS INT), tpcds_partitioned_parquet_snap.date_dim.d_moy <= CAST(add(CAST(4 AS SMALLINT), CAST(2 AS SMALLINT)) AS INT), tpcds_partitioned_parquet_snap.date_dim.d_moy >= CAST(4 AS INT), tpcds_partitioned_parquet_snap.date_dim.d_date_sk IS NOT NULL
|  |     mem-estimate=16.00MB mem-reservation=512.00KB thread-reservation=0
|  |     tuple-ids=2 row-size=12B cardinality=118 cost=20833
|  |     in pipelines: 01(GETNEXT)
|  |
|  00:SCAN HDFS [tpcds_partitioned_parquet_snap.catalog_sales]
|     partition predicates: tpcds_partitioned_parquet_snap.catalog_sales.cs_sold_date_sk IS NOT NULL
|     HDFS partitions=1830/1831 files=1830 size=280.81GB
|     predicates: tpcds_partitioned_parquet_snap.catalog_sales.cs_ship_customer_sk IS NOT NULL
|     runtime filters: RF012[bloom] -> tpcds_partitioned_parquet_snap.catalog_sales.cs_sold_date_sk
|     stored statistics:
|       table: rows=4.32G size=280.96GB
|       partitions: 1830/1830 rows=4.30G
|       columns: all
|     extrapolated-rows=disabled max-scan-range-rows=5.09M est-scan-range=118(filtered from 1830)
|     parquet dictionary predicates: tpcds_partitioned_parquet_snap.catalog_sales.cs_ship_customer_sk IS NOT NULL
|     mem-estimate=16.00MB mem-reservation=256.00KB thread-reservation=0
|     tuple-ids=0 row-size=8B cardinality=275.64M(filtered from 4.28G) cost=39697478
|     in pipelines: 00(GETNEXT)
|
18:HASH JOIN [INNER JOIN]
|  hash predicates: tpcds_partitioned_parquet_snap.customer_demographics.cd_demo_sk = tpcds_partitioned_parquet_snap.customer.c_current_cdemo_sk
|  fk/pk conjuncts: tpcds_partitioned_parquet_snap.customer_demographics.cd_demo_sk = tpcds_partitioned_parquet_snap.customer.c_current_cdemo_sk
|  runtime filters: RF000[bloom] <- tpcds_partitioned_parquet_snap.customer.c_current_cdemo_sk, RF001[min_max] <- tpcds_partitioned_parquet_snap.customer.c_current_cdemo_sk
|  mem-estimate=117.39MB mem-reservation=34.00MB spill-buffer=2.00MB thread-reservation=0
|  tuple-ids=19,9N,14,15,17 row-size=113B cardinality=1.89M cost=2748430
|  in pipelines: 17(GETNEXT), 07(OPEN)
|
|--16:HASH JOIN [RIGHT OUTER JOIN]
|  |  hash predicates: tpcds_partitioned_parquet_snap.web_sales.ws_bill_customer_sk = tpcds_partitioned_parquet_snap.customer.c_customer_sk
|  |  fk/pk conjuncts: tpcds_partitioned_parquet_snap.web_sales.ws_bill_customer_sk = tpcds_partitioned_parquet_snap.customer.c_customer_sk
|  |  other predicates: if(TupleIsNull(9), NULL, TRUE) IS NULL
|  |  runtime filters: RF002[bloom] <- tpcds_partitioned_parquet_snap.customer.c_customer_sk, RF003[min_max] <- tpcds_partitioned_parquet_snap.customer.c_customer_sk
|  |  mem-estimate=110.08MB mem-reservation=34.00MB spill-buffer=2.00MB thread-reservation=0
|  |  tuple-ids=9N,14,15,17 row-size=38B cardinality=1.91M cost=10623478
|  |  in pipelines: 07(GETNEXT), 11(OPEN)
|  |
|  |--15:HASH JOIN [INNER JOIN]
|  |  |  hash predicates: tpcds_partitioned_parquet_snap.store_sales.ss_customer_sk = tpcds_partitioned_parquet_snap.customer.c_customer_sk
|  |  |  fk/pk conjuncts: tpcds_partitioned_parquet_snap.store_sales.ss_customer_sk = tpcds_partitioned_parquet_snap.customer.c_customer_sk
|  |  |  runtime filters: RF006[bloom] <- tpcds_partitioned_parquet_snap.customer.c_customer_sk, RF007[min_max] <- tpcds_partitioned_parquet_snap.customer.c_customer_sk
|  |  |  mem-estimate=102.78MB mem-reservation=34.00MB spill-buffer=2.00MB thread-reservation=0
|  |  |  tuple-ids=14,15,17 row-size=34B cardinality=1.91M cost=10644174
|  |  |  in pipelines: 11(GETNEXT), 12(OPEN)
|  |  |
|  |  |--14:HASH JOIN [INNER JOIN]
|  |  |  |  hash predicates: tpcds_partitioned_parquet_snap.customer.c_current_addr_sk = tpcds_partitioned_parquet_snap.customer_address.ca_address_sk
|  |  |  |  fk/pk conjuncts: tpcds_partitioned_parquet_snap.customer.c_current_addr_sk = tpcds_partitioned_parquet_snap.customer_address.ca_address_sk
|  |  |  |  runtime filters: RF010[bloom] <- tpcds_partitioned_parquet_snap.customer_address.ca_address_sk, RF011[min_max] <- tpcds_partitioned_parquet_snap.customer_address.ca_address_sk
|  |  |  |  mem-estimate=39.15MB mem-reservation=34.00MB spill-buffer=2.00MB thread-reservation=0
|  |  |  |  tuple-ids=15,17 row-size=30B cardinality=1.91M cost=1738200
|  |  |  |  in pipelines: 12(GETNEXT), 13(OPEN)
|  |  |  |
|  |  |  |--13:SCAN HDFS [tpcds_partitioned_parquet_snap.customer_address]
|  |  |  |     HDFS partitions=1/1 files=1 size=307.36MB
|  |  |  |     predicates: tpcds_partitioned_parquet_snap.customer_address.ca_state IN ('GA', 'OK', 'VA'), tpcds_partitioned_parquet_snap.customer_address.ca_address_sk IS NOT NULL
|  |  |  |     stored statistics:
|  |  |  |       table: rows=15.00M size=307.36MB
|  |  |  |       columns: all
|  |  |  |     extrapolated-rows=disabled max-scan-range-rows=1.58M
|  |  |  |     parquet statistics predicates: tpcds_partitioned_parquet_snap.customer_address.ca_state IN ('GA', 'OK', 'VA')
|  |  |  |     parquet dictionary predicates: tpcds_partitioned_parquet_snap.customer_address.ca_state IN ('GA', 'OK', 'VA'), tpcds_partitioned_parquet_snap.customer_address.ca_address_sk IS NOT NULL
|  |  |  |     mem-estimate=16.00MB mem-reservation=128.00KB thread-reservation=0
|  |  |  |     tuple-ids=17 row-size=18B cardinality=882.35K cost=2139000
|  |  |  |     in pipelines: 13(GETNEXT)
|  |  |  |
|  |  |  12:SCAN HDFS [tpcds_partitioned_parquet_snap.customer]
|  |  |     HDFS partitions=1/1 files=1 size=1.55GB
|  |  |     predicates: tpcds_partitioned_parquet_snap.customer.c_current_cdemo_sk IS NOT NULL, tpcds_partitioned_parquet_snap.customer.c_current_addr_sk IS NOT NULL, tpcds_partitioned_parquet_snap.customer.c_customer_sk IS NOT NULL
|  |  |     runtime filters: RF011[min_max] -> tpcds_partitioned_parquet_snap.customer.c_current_addr_sk, RF010[bloom] -> tpcds_partitioned_parquet_snap.customer.c_current_addr_sk
|  |  |     stored statistics:
|  |  |       table: rows=30.00M size=1.55GB
|  |  |       columns: all
|  |  |     extrapolated-rows=disabled max-scan-range-rows=3.10M
|  |  |     parquet dictionary predicates: tpcds_partitioned_parquet_snap.customer.c_current_cdemo_sk IS NOT NULL, tpcds_partitioned_parquet_snap.customer.c_current_addr_sk IS NOT NULL, tpcds_partitioned_parquet_snap.customer.c_customer_sk IS NOT NULL
|  |  |     mem-estimate=16.00MB mem-reservation=1.00MB thread-reservation=0
|  |  |     tuple-ids=15 row-size=12B cardinality=1.98M(filtered from 28.95M) cost=7713000
|  |  |     in pipelines: 12(GETNEXT)
|  |  |
|  |  11:AGGREGATE [FINALIZE]
|  |  |  group by: tpcds_partitioned_parquet_snap.store_sales.ss_customer_sk
|  |  |  mem-estimate=498.67MB mem-reservation=34.00MB spill-buffer=2.00MB thread-reservation=0
|  |  |  tuple-ids=14 row-size=4B cardinality=32.68M cost=234286697
|  |  |  in pipelines: 11(GETNEXT), 08(OPEN)
|  |  |
|  |  10:HASH JOIN [INNER JOIN]
|  |  |  hash predicates: tpcds_partitioned_parquet_snap.store_sales.ss_sold_date_sk = tpcds_partitioned_parquet_snap.date_dim_1.d_date_sk
|  |  |  fk/pk conjuncts: tpcds_partitioned_parquet_snap.store_sales.ss_sold_date_sk = tpcds_partitioned_parquet_snap.date_dim_1.d_date_sk
|  |  |  runtime filters: RF008[bloom] <- tpcds_partitioned_parquet_snap.date_dim_1.d_date_sk
|  |  |  mem-estimate=1.94MB mem-reservation=1.94MB spill-buffer=64.00KB thread-reservation=0
|  |  |  tuple-ids=10,12 row-size=20B cardinality=509.68M cost=223087282
|  |  |  in pipelines: 08(GETNEXT), 09(OPEN)
|  |  |
|  |  |--09:SCAN HDFS [tpcds_partitioned_parquet_snap.date_dim]
|  |  |     HDFS partitions=1/1 files=1 size=2.17MB
|  |  |     predicates: tpcds_partitioned_parquet_snap.date_dim_1.d_year = CAST(1999 AS INT), tpcds_partitioned_parquet_snap.date_dim_1.d_moy <= CAST(add(CAST(4 AS SMALLINT), CAST(2 AS SMALLINT)) AS INT), tpcds_partitioned_parquet_snap.date_dim_1.d_moy >= CAST(4 AS INT), tpcds_partitioned_parquet_snap.date_dim_1.d_date_sk IS NOT NULL
|  |  |     stored statistics:
|  |  |       table: rows=73.05K size=2.17MB
|  |  |       columns: all
|  |  |     extrapolated-rows=disabled max-scan-range-rows=73.05K
|  |  |     parquet statistics predicates: tpcds_partitioned_parquet_snap.date_dim_1.d_year = CAST(1999 AS INT), tpcds_partitioned_parquet_snap.date_dim_1.d_moy <= CAST(add(CAST(4 AS SMALLINT), CAST(2 AS SMALLINT)) AS INT), tpcds_partitioned_parquet_snap.date_dim_1.d_moy >= CAST(4 AS INT)
|  |  |     parquet dictionary predicates: tpcds_partitioned_parquet_snap.date_dim_1.d_year = CAST(1999 AS INT), tpcds_partitioned_parquet_snap.date_dim_1.d_moy <= CAST(add(CAST(4 AS SMALLINT), CAST(2 AS SMALLINT)) AS INT), tpcds_partitioned_parquet_snap.date_dim_1.d_moy >= CAST(4 AS INT), tpcds_partitioned_parquet_snap.date_dim_1.d_date_sk IS NOT NULL
|  |  |     mem-estimate=16.00MB mem-reservation=512.00KB thread-reservation=0
|  |  |     tuple-ids=12 row-size=12B cardinality=118 cost=20833
|  |  |     in pipelines: 09(GETNEXT)
|  |  |
|  |  08:SCAN HDFS [tpcds_partitioned_parquet_snap.store_sales]
|  |     partition predicates: tpcds_partitioned_parquet_snap.store_sales.ss_sold_date_sk IS NOT NULL
|  |     HDFS partitions=1823/1824 files=1823 size=389.69GB
|  |     predicates: tpcds_partitioned_parquet_snap.store_sales.ss_customer_sk IS NOT NULL
|  |     runtime filters: RF007[min_max] -> tpcds_partitioned_parquet_snap.store_sales.ss_customer_sk, RF006[bloom] -> tpcds_partitioned_parquet_snap.store_sales.ss_customer_sk, RF008[bloom] -> tpcds_partitioned_parquet_snap.store_sales.ss_sold_date_sk
|  |     stored statistics:
|  |       table: rows=8.64G size=389.90GB
|  |       partitions: 1823/1823 rows=8.25G
|  |       columns: all
|  |     extrapolated-rows=disabled max-scan-range-rows=12.22M est-scan-range=118(filtered from 1823)
|  |     parquet dictionary predicates: tpcds_partitioned_parquet_snap.store_sales.ss_customer_sk IS NOT NULL
|  |     mem-estimate=16.00MB mem-reservation=512.00KB thread-reservation=0
|  |     tuple-ids=10 row-size=8B cardinality=509.68M(filtered from 7.88G) cost=76479008
|  |     in pipelines: 08(GETNEXT)
|  |
|  07:AGGREGATE [FINALIZE]
|  |  group by: tpcds_partitioned_parquet_snap.web_sales.ws_bill_customer_sk
|  |  mem-estimate=497.44MB mem-reservation=34.00MB spill-buffer=2.00MB thread-reservation=0
|  |  tuple-ids=9 row-size=4B cardinality=32.60M cost=125846242
|  |  in pipelines: 07(GETNEXT), 04(OPEN)
|  |
|  06:HASH JOIN [INNER JOIN]
|  |  hash predicates: tpcds_partitioned_parquet_snap.web_sales.ws_sold_date_sk = tpcds_partitioned_parquet_snap.date_dim_0.d_date_sk
|  |  fk/pk conjuncts: tpcds_partitioned_parquet_snap.web_sales.ws_sold_date_sk = tpcds_partitioned_parquet_snap.date_dim_0.d_date_sk
|  |  runtime filters: RF004[bloom] <- tpcds_partitioned_parquet_snap.date_dim_0.d_date_sk
|  |  mem-estimate=1.94MB mem-reservation=1.94MB spill-buffer=64.00KB thread-reservation=0
|  |  tuple-ids=5,7 row-size=20B cardinality=139.66M cost=61130670
|  |  in pipelines: 04(GETNEXT), 05(OPEN)
|  |
|  |--05:SCAN HDFS [tpcds_partitioned_parquet_snap.date_dim]
|  |     HDFS partitions=1/1 files=1 size=2.17MB
|  |     predicates: tpcds_partitioned_parquet_snap.date_dim_0.d_year = CAST(1999 AS INT), tpcds_partitioned_parquet_snap.date_dim_0.d_moy <= CAST(add(CAST(4 AS SMALLINT), CAST(2 AS SMALLINT)) AS INT), tpcds_partitioned_parquet_snap.date_dim_0.d_moy >= CAST(4 AS INT), tpcds_partitioned_parquet_snap.date_dim_0.d_date_sk IS NOT NULL
|  |     stored statistics:
|  |       table: rows=73.05K size=2.17MB
|  |       columns: all
|  |     extrapolated-rows=disabled max-scan-range-rows=73.05K
|  |     parquet statistics predicates: tpcds_partitioned_parquet_snap.date_dim_0.d_year = CAST(1999 AS INT), tpcds_partitioned_parquet_snap.date_dim_0.d_moy <= CAST(add(CAST(4 AS SMALLINT), CAST(2 AS SMALLINT)) AS INT), tpcds_partitioned_parquet_snap.date_dim_0.d_moy >= CAST(4 AS INT)
|  |     parquet dictionary predicates: tpcds_partitioned_parquet_snap.date_dim_0.d_year = CAST(1999 AS INT), tpcds_partitioned_parquet_snap.date_dim_0.d_moy <= CAST(add(CAST(4 AS SMALLINT), CAST(2 AS SMALLINT)) AS INT), tpcds_partitioned_parquet_snap.date_dim_0.d_moy >= CAST(4 AS INT), tpcds_partitioned_parquet_snap.date_dim_0.d_date_sk IS NOT NULL
|  |     mem-estimate=16.00MB mem-reservation=512.00KB thread-reservation=0
|  |     tuple-ids=7 row-size=12B cardinality=118 cost=20833
|  |     in pipelines: 05(GETNEXT)
|  |
|  04:SCAN HDFS [tpcds_partitioned_parquet_snap.web_sales]
|     partition predicates: tpcds_partitioned_parquet_snap.web_sales.ws_sold_date_sk IS NOT NULL
|     HDFS partitions=1823/1824 files=1823 size=145.67GB
|     predicates: tpcds_partitioned_parquet_snap.web_sales.ws_bill_customer_sk IS NOT NULL
|     runtime filters: RF003[min_max] -> tpcds_partitioned_parquet_snap.web_sales.ws_bill_customer_sk, RF002[bloom] -> tpcds_partitioned_parquet_snap.web_sales.ws_bill_customer_sk, RF004[bloom] -> tpcds_partitioned_parquet_snap.web_sales.ws_sold_date_sk
|     stored statistics:
|       table: rows=2.16G size=145.75GB
|       partitions: 1823/1823 rows=2.16G
|       columns: all
|     extrapolated-rows=disabled max-scan-range-rows=3.37M est-scan-range=118(filtered from 1823)
|     parquet dictionary predicates: tpcds_partitioned_parquet_snap.web_sales.ws_bill_customer_sk IS NOT NULL
|     mem-estimate=16.00MB mem-reservation=128.00KB thread-reservation=0
|     tuple-ids=5 row-size=8B cardinality=139.66M(filtered from 2.16G) cost=20018731
|     in pipelines: 04(GETNEXT)
|
17:SCAN HDFS [tpcds_partitioned_parquet_snap.customer_demographics]
   HDFS partitions=1/1 files=1 size=11.15MB
   predicates: tpcds_partitioned_parquet_snap.customer_demographics.cd_demo_sk IS NOT NULL
   runtime filters: RF001[min_max] -> tpcds_partitioned_parquet_snap.customer_demographics.cd_demo_sk, RF000[bloom] -> tpcds_partitioned_parquet_snap.customer_demographics.cd_demo_sk
   stored statistics:
     table: rows=1.92M size=11.15MB
     columns: all
   extrapolated-rows=disabled max-scan-range-rows=197.97K
   parquet dictionary predicates: tpcds_partitioned_parquet_snap.customer_demographics.cd_demo_sk IS NOT NULL
   mem-estimate=16.00MB mem-reservation=1.00MB thread-reservation=0
   tuple-ids=19 row-size=75B cardinality=1.91M(filtered from 1.92M) cost=788927
   in pipelines: 17(GETNEXT)
---- DISTRIBUTEDPLAN
Max Per-Host Resource Reservation: Memory=1.27GB Threads=49
Per-Host Resource Estimates: Memory=2.80GB
F14:PLAN FRAGMENT [UNPARTITIONED] hosts=1 instances=1
|  Per-Instance Resources: mem-estimate=4.08MB mem-reservation=4.00MB thread-reservation=1
|  max-parallelism=1 segment-costs=[841] cpu-comparison-result=298 [max(1 (self) vs 298 (sum children))]
PLAN-ROOT SINK
|  output exprs: tpcds_partitioned_parquet_snap.customer_demographics.cd_gender, tpcds_partitioned_parquet_snap.customer_demographics.cd_marital_status, tpcds_partitioned_parquet_snap.customer_demographics.cd_education_status, count(), tpcds_partitioned_parquet_snap.customer_demographics.cd_purchase_estimate, count(), tpcds_partitioned_parquet_snap.customer_demographics.cd_credit_rating, count()
|  mem-estimate=4.00MB mem-reservation=4.00MB spill-buffer=2.00MB thread-reservation=0 cost=800
|
38:MERGING-EXCHANGE [UNPARTITIONED]
|  order by: tpcds_partitioned_parquet_snap.customer_demographics.cd_gender ASC NULLS LAST, tpcds_partitioned_parquet_snap.customer_demographics.cd_marital_status ASC NULLS LAST, tpcds_partitioned_parquet_snap.customer_demographics.cd_education_status ASC NULLS LAST, tpcds_partitioned_parquet_snap.customer_demographics.cd_purchase_estimate ASC NULLS LAST, tpcds_partitioned_parquet_snap.customer_demographics.cd_credit_rating ASC NULLS LAST
|  limit: 100
|  mem-estimate=81.41KB mem-reservation=0B thread-reservation=0
|  tuple-ids=22 row-size=79B cardinality=100 cost=41
|  in pipelines: 21(GETNEXT)
|
F13:PLAN FRAGMENT [HASH(tpcds_partitioned_parquet_snap.customer_demographics.cd_gender,tpcds_partitioned_parquet_snap.customer_demographics.cd_marital_status,tpcds_partitioned_parquet_snap.customer_demographics.cd_education_status,tpcds_partitioned_parquet_snap.customer_demographics.cd_purchase_estimate,tpcds_partitioned_parquet_snap.customer_demographics.cd_credit_rating)] hosts=10 instances=10
Per-Instance Resources: mem-estimate=11.23MB mem-reservation=1.94MB thread-reservation=1
max-parallelism=10 segment-costs=[128770, 39311, 237] cpu-comparison-result=298 [max(10 (self) vs 298 (sum children))]
21:TOP-N [LIMIT=100]
|  order by: tpcds_partitioned_parquet_snap.customer_demographics.cd_gender ASC NULLS LAST, tpcds_partitioned_parquet_snap.customer_demographics.cd_marital_status ASC NULLS LAST, tpcds_partitioned_parquet_snap.customer_demographics.cd_education_status ASC NULLS LAST, tpcds_partitioned_parquet_snap.customer_demographics.cd_purchase_estimate ASC NULLS LAST, tpcds_partitioned_parquet_snap.customer_demographics.cd_credit_rating ASC NULLS LAST
|  mem-estimate=7.67KB mem-reservation=0B thread-reservation=0
|  tuple-ids=22 row-size=79B cardinality=100 cost=39311
|  in pipelines: 21(GETNEXT), 37(OPEN)
|
37:AGGREGATE [FINALIZE]
|  output: count:merge()
|  group by: tpcds_partitioned_parquet_snap.customer_demographics.cd_gender, tpcds_partitioned_parquet_snap.customer_demographics.cd_marital_status, tpcds_partitioned_parquet_snap.customer_demographics.cd_education_status, tpcds_partitioned_parquet_snap.customer_demographics.cd_purchase_estimate, tpcds_partitioned_parquet_snap.customer_demographics.cd_credit_rating
|  mem-estimate=10.00MB mem-reservation=1.94MB spill-buffer=64.00KB thread-reservation=0
|  tuple-ids=21 row-size=79B cardinality=5.60K cost=102309
|  in pipelines: 37(GETNEXT), 17(OPEN)
|
36:EXCHANGE [HASH(tpcds_partitioned_parquet_snap.customer_demographics.cd_gender,tpcds_partitioned_parquet_snap.customer_demographics.cd_marital_status,tpcds_partitioned_parquet_snap.customer_demographics.cd_education_status,tpcds_partitioned_parquet_snap.customer_demographics.cd_purchase_estimate,tpcds_partitioned_parquet_snap.customer_demographics.cd_credit_rating)]
|  mem-estimate=1.23MB mem-reservation=0B thread-reservation=0
|  tuple-ids=21 row-size=79B cardinality=56.00K cost=26461
|  in pipelines: 17(GETNEXT)
|
F12:PLAN FRAGMENT [HASH(tpcds_partitioned_parquet_snap.catalog_sales.cs_ship_customer_sk)] hosts=10 instances=10
Per-Instance Resources: mem-estimate=24.52MB mem-reservation=2.00MB thread-reservation=1
max-parallelism=10 segment-costs=[5147877, 312211] cpu-comparison-result=298 [max(30 (self) vs 298 (sum children))]
20:AGGREGATE [STREAMING]
|  output: count()
|  group by: tpcds_partitioned_parquet_snap.customer_demographics.cd_gender, tpcds_partitioned_parquet_snap.customer_demographics.cd_marital_status, tpcds_partitioned_parquet_snap.customer_demographics.cd_education_status, tpcds_partitioned_parquet_snap.customer_demographics.cd_purchase_estimate, tpcds_partitioned_parquet_snap.customer_demographics.cd_credit_rating
|  mem-estimate=10.00MB mem-reservation=2.00MB spill-buffer=64.00KB thread-reservation=0
|  tuple-ids=21 row-size=79B cardinality=56.00K cost=2852289
|  in pipelines: 17(GETNEXT)
|
19:HASH JOIN [LEFT OUTER JOIN, PARTITIONED]
|  hash-table-id=00
|  hash predicates: tpcds_partitioned_parquet_snap.customer.c_customer_sk = tpcds_partitioned_parquet_snap.catalog_sales.cs_ship_customer_sk
|  fk/pk conjuncts: tpcds_partitioned_parquet_snap.customer.c_customer_sk = tpcds_partitioned_parquet_snap.catalog_sales.cs_ship_customer_sk
|  other predicates: if(TupleIsNull(4), NULL, TRUE) IS NULL
|  mem-estimate=0B mem-reservation=0B spill-buffer=2.00MB thread-reservation=0
|  tuple-ids=19,9N,14,15,17,4N row-size=117B cardinality=1.89M cost=827776
|  in pipelines: 17(GETNEXT), 34(OPEN)
|
|--F15:PLAN FRAGMENT [HASH(tpcds_partitioned_parquet_snap.catalog_sales.cs_ship_customer_sk)] hosts=10 instances=10
|  |  Per-Instance Resources: mem-estimate=139.13MB mem-reservation=68.00MB thread-reservation=1
|  |  max-parallelism=10 segment-costs=[197530994, 32680709] cpu-comparison-result=100 [max(10 (self) vs 100 (sum children))]
|  JOIN BUILD
|  |  join-table-id=00 plan-id=01 cohort-id=01
|  |  build expressions: tpcds_partitioned_parquet_snap.catalog_sales.cs_ship_customer_sk
|  |  mem-estimate=89.27MB mem-reservation=34.00MB spill-buffer=2.00MB thread-reservation=0 cost=32680709
|  |
|  34:AGGREGATE [FINALIZE]
|  |  group by: tpcds_partitioned_parquet_snap.catalog_sales.cs_ship_customer_sk
|  |  mem-estimate=49.87MB mem-reservation=34.00MB spill-buffer=2.00MB thread-reservation=0
|  |  tuple-ids=4 row-size=4B cardinality=32.68M cost=163061332
|  |  in pipelines: 34(GETNEXT), 00(OPEN)
|  |
|  33:EXCHANGE [HASH(tpcds_partitioned_parquet_snap.catalog_sales.cs_ship_customer_sk)]
|  |  mem-estimate=10.78MB mem-reservation=0B thread-reservation=0
|  |  tuple-ids=4 row-size=4B cardinality=266.18M cost=34469662
|  |  in pipelines: 00(GETNEXT)
|  |
|  F10:PLAN FRAGMENT [RANDOM] hosts=10 instances=100 (adjusted from 120)
|  Per-Host Shared Resources: mem-estimate=1.00MB mem-reservation=1.00MB thread-reservation=0 runtime-filters-memory=1.00MB
|  Per-Instance Resources: mem-estimate=50.31MB mem-reservation=34.25MB thread-reservation=1
|  max-parallelism=100 segment-costs=[934940270, 205700040] cpu-comparison-result=100 [max(100 (self) vs 11 (sum children))]
|  03:AGGREGATE [STREAMING]
|  |  group by: tpcds_partitioned_parquet_snap.catalog_sales.cs_ship_customer_sk
|  |  mem-estimate=34.00MB mem-reservation=34.00MB spill-buffer=2.00MB thread-reservation=0
|  |  tuple-ids=4 row-size=4B cardinality=266.18M cost=774595761
|  |  in pipelines: 00(GETNEXT)
|  |
|  02:HASH JOIN [INNER JOIN, BROADCAST]
|  |  hash-table-id=01
|  |  hash predicates: tpcds_partitioned_parquet_snap.catalog_sales.cs_sold_date_sk = tpcds_partitioned_parquet_snap.date_dim.d_date_sk
|  |  fk/pk conjuncts: tpcds_partitioned_parquet_snap.catalog_sales.cs_sold_date_sk = tpcds_partitioned_parquet_snap.date_dim.d_date_sk
|  |  mem-estimate=0B mem-reservation=0B spill-buffer=64.00KB thread-reservation=0
|  |  tuple-ids=0,2 row-size=20B cardinality=275.64M cost=120647031
|  |  in pipelines: 00(GETNEXT), 01(OPEN)
|  |
|  |--F16:PLAN FRAGMENT [RANDOM] hosts=10 instances=10
|  |  |  Per-Instance Resources: mem-estimate=20.39MB mem-reservation=20.38MB thread-reservation=1 runtime-filters-memory=1.00MB
|  |  |  max-parallelism=10 segment-costs=[268]
|  |  JOIN BUILD
|  |  |  join-table-id=01 plan-id=02 cohort-id=02
|  |  |  build expressions: tpcds_partitioned_parquet_snap.date_dim.d_date_sk
|  |  |  runtime filters: RF012[bloom] <- tpcds_partitioned_parquet_snap.date_dim.d_date_sk
|  |  |  mem-estimate=19.38MB mem-reservation=19.38MB spill-buffer=64.00KB thread-reservation=0 cost=118
|  |  |
|  |  32:EXCHANGE [BROADCAST]
|  |  |  mem-estimate=16.00KB mem-reservation=0B thread-reservation=0
|  |  |  tuple-ids=2 row-size=12B cardinality=118 cost=150
|  |  |  in pipelines: 01(GETNEXT)
|  |  |
|  |  F11:PLAN FRAGMENT [RANDOM] hosts=1 instances=1
|  |  Per-Instance Resources: mem-estimate=16.06MB mem-reservation=512.00KB thread-reservation=1
|  |  max-parallelism=1 segment-costs=[20839]
|  |  01:SCAN HDFS [tpcds_partitioned_parquet_snap.date_dim, RANDOM]
|  |     HDFS partitions=1/1 files=1 size=2.17MB
|  |     predicates: tpcds_partitioned_parquet_snap.date_dim.d_year = CAST(1999 AS INT), tpcds_partitioned_parquet_snap.date_dim.d_moy <= CAST(add(CAST(4 AS SMALLINT), CAST(2 AS SMALLINT)) AS INT), tpcds_partitioned_parquet_snap.date_dim.d_moy >= CAST(4 AS INT), tpcds_partitioned_parquet_snap.date_dim.d_date_sk IS NOT NULL
|  |     stored statistics:
|  |       table: rows=73.05K size=2.17MB
|  |       columns: all
|  |     extrapolated-rows=disabled max-scan-range-rows=73.05K
|  |     parquet statistics predicates: tpcds_partitioned_parquet_snap.date_dim.d_year = CAST(1999 AS INT), tpcds_partitioned_parquet_snap.date_dim.d_moy <= CAST(add(CAST(4 AS SMALLINT), CAST(2 AS SMALLINT)) AS INT), tpcds_partitioned_parquet_snap.date_dim.d_moy >= CAST(4 AS INT)
|  |     parquet dictionary predicates: tpcds_partitioned_parquet_snap.date_dim.d_year = CAST(1999 AS INT), tpcds_partitioned_parquet_snap.date_dim.d_moy <= CAST(add(CAST(4 AS SMALLINT), CAST(2 AS SMALLINT)) AS INT), tpcds_partitioned_parquet_snap.date_dim.d_moy >= CAST(4 AS INT), tpcds_partitioned_parquet_snap.date_dim.d_date_sk IS NOT NULL
|  |     mem-estimate=16.00MB mem-reservation=512.00KB thread-reservation=0
|  |     tuple-ids=2 row-size=12B cardinality=118 cost=20833
|  |     in pipelines: 01(GETNEXT)
|  |
|  00:SCAN HDFS [tpcds_partitioned_parquet_snap.catalog_sales, RANDOM]
|     partition predicates: tpcds_partitioned_parquet_snap.catalog_sales.cs_sold_date_sk IS NOT NULL
|     HDFS partitions=1830/1831 files=1830 size=280.81GB
|     predicates: tpcds_partitioned_parquet_snap.catalog_sales.cs_ship_customer_sk IS NOT NULL
|     runtime filters: RF012[bloom] -> tpcds_partitioned_parquet_snap.catalog_sales.cs_sold_date_sk
|     stored statistics:
|       table: rows=4.32G size=280.96GB
|       partitions: 1830/1830 rows=4.30G
|       columns: all
|     extrapolated-rows=disabled max-scan-range-rows=5.09M est-scan-range=118(filtered from 1830)
|     parquet dictionary predicates: tpcds_partitioned_parquet_snap.catalog_sales.cs_ship_customer_sk IS NOT NULL
|     mem-estimate=16.00MB mem-reservation=256.00KB thread-reservation=0
|     tuple-ids=0 row-size=8B cardinality=275.64M(filtered from 4.28G) cost=39697478
|     in pipelines: 00(GETNEXT)
|
35:EXCHANGE [HASH(tpcds_partitioned_parquet_snap.customer.c_customer_sk)]
|  mem-estimate=11.29MB mem-reservation=0B thread-reservation=0
|  tuple-ids=19,9N,14,15,17 row-size=113B cardinality=1.89M cost=1467812
|  in pipelines: 17(GETNEXT)
|
F09:PLAN FRAGMENT [HASH(tpcds_partitioned_parquet_snap.customer_demographics.cd_demo_sk)] hosts=10 instances=10
Per-Instance Resources: mem-estimate=15.95MB mem-reservation=0B thread-reservation=1
max-parallelism=10 segment-costs=[20285426]
18:HASH JOIN [INNER JOIN, PARTITIONED]
|  hash-table-id=02
|  hash predicates: tpcds_partitioned_parquet_snap.customer_demographics.cd_demo_sk = tpcds_partitioned_parquet_snap.customer.c_current_cdemo_sk
|  fk/pk conjuncts: tpcds_partitioned_parquet_snap.customer_demographics.cd_demo_sk = tpcds_partitioned_parquet_snap.customer.c_current_cdemo_sk
|  mem-estimate=0B mem-reservation=0B spill-buffer=1.00MB thread-reservation=0
|  tuple-ids=19,9N,14,15,17 row-size=113B cardinality=1.89M cost=833790
|  in pipelines: 17(GETNEXT), 24(OPEN)
|
|--F17:PLAN FRAGMENT [HASH(tpcds_partitioned_parquet_snap.customer_demographics.cd_demo_sk)] hosts=10 instances=10
|  |  Per-Instance Resources: mem-estimate=26.99MB mem-reservation=19.00MB thread-reservation=1 runtime-filters-memory=2.00MB
|  |  max-parallelism=10 segment-costs=[2673411] cpu-comparison-result=198 [max(10 (self) vs 198 (sum children))]
|  JOIN BUILD
|  |  join-table-id=02 plan-id=03 cohort-id=01
|  |  build expressions: tpcds_partitioned_parquet_snap.customer.c_current_cdemo_sk
|  |  runtime filters: RF000[bloom] <- tpcds_partitioned_parquet_snap.customer.c_current_cdemo_sk, RF001[min_max] <- tpcds_partitioned_parquet_snap.customer.c_current_cdemo_sk
|  |  mem-estimate=17.00MB mem-reservation=17.00MB spill-buffer=1.00MB thread-reservation=0 cost=1914640
|  |
|  31:EXCHANGE [HASH(tpcds_partitioned_parquet_snap.customer.c_current_cdemo_sk)]
|  |  mem-estimate=7.99MB mem-reservation=0B thread-reservation=0
|  |  tuple-ids=9N,14,15,17 row-size=38B cardinality=1.91M cost=758771
|  |  in pipelines: 24(GETNEXT)
|  |
|  F03:PLAN FRAGMENT [HASH(tpcds_partitioned_parquet_snap.web_sales.ws_bill_customer_sk)] hosts=10 instances=20 (adjusted from 120)
|  Per-Instance Resources: mem-estimate=44.39MB mem-reservation=34.00MB thread-reservation=1
|  max-parallelism=20 segment-costs=[142893008, 17340035] cpu-comparison-result=198 [max(20 (self) vs 198 (sum children))]
|  16:HASH JOIN [RIGHT OUTER JOIN, PARTITIONED]
|  |  hash-table-id=03
|  |  hash predicates: tpcds_partitioned_parquet_snap.web_sales.ws_bill_customer_sk = tpcds_partitioned_parquet_snap.customer.c_customer_sk
|  |  fk/pk conjuncts: tpcds_partitioned_parquet_snap.web_sales.ws_bill_customer_sk = tpcds_partitioned_parquet_snap.customer.c_customer_sk
|  |  other predicates: if(TupleIsNull(9), NULL, TRUE) IS NULL
|  |  mem-estimate=0B mem-reservation=0B spill-buffer=512.00KB thread-reservation=0
|  |  tuple-ids=9N,14,15,17 row-size=38B cardinality=1.91M cost=8708838
|  |  in pipelines: 24(GETNEXT), 27(OPEN)
|  |
|  |--F18:PLAN FRAGMENT [HASH(tpcds_partitioned_parquet_snap.web_sales.ws_bill_customer_sk)] hosts=10 instances=20 (adjusted from 120)
|  |  |  Per-Instance Resources: mem-estimate=377.57MB mem-reservation=44.50MB thread-reservation=1 runtime-filters-memory=2.00MB
|  |  |  max-parallelism=20 segment-costs=[286899960, 10644174] cpu-comparison-result=148 [max(20 (self) vs 148 (sum children))]
|  |  JOIN BUILD
|  |  |  join-table-id=03 plan-id=04 cohort-id=03
|  |  |  build expressions: tpcds_partitioned_parquet_snap.customer.c_customer_sk
|  |  |  runtime filters: RF002[bloom] <- tpcds_partitioned_parquet_snap.customer.c_customer_sk, RF003[min_max] <- tpcds_partitioned_parquet_snap.customer.c_customer_sk
|  |  |  mem-estimate=8.50MB mem-reservation=8.50MB spill-buffer=512.00KB thread-reservation=0 cost=1914640
|  |  |
|  |  15:HASH JOIN [INNER JOIN, PARTITIONED]
|  |  |  hash-table-id=04
|  |  |  hash predicates: tpcds_partitioned_parquet_snap.store_sales.ss_customer_sk = tpcds_partitioned_parquet_snap.customer.c_customer_sk
|  |  |  fk/pk conjuncts: tpcds_partitioned_parquet_snap.store_sales.ss_customer_sk = tpcds_partitioned_parquet_snap.customer.c_customer_sk
|  |  |  mem-estimate=0B mem-reservation=0B spill-buffer=512.00KB thread-reservation=0
|  |  |  tuple-ids=14,15,17 row-size=34B cardinality=1.91M cost=8729534
|  |  |  in pipelines: 27(GETNEXT), 12(OPEN)
|  |  |
|  |  |--F19:PLAN FRAGMENT [HASH(tpcds_partitioned_parquet_snap.web_sales.ws_bill_customer_sk)] hosts=10 instances=20 (adjusted from 120)
|  |  |  |  Per-Instance Resources: mem-estimate=16.35MB mem-reservation=10.50MB thread-reservation=1 runtime-filters-memory=2.00MB
|  |  |  |  max-parallelism=20 segment-costs=[2462035] cpu-comparison-result=30 [max(30 (self) vs 20 (sum children))]
|  |  |  JOIN BUILD
|  |  |  |  join-table-id=04 plan-id=05 cohort-id=04
|  |  |  |  build expressions: tpcds_partitioned_parquet_snap.customer.c_customer_sk
|  |  |  |  runtime filters: RF006[bloom] <- tpcds_partitioned_parquet_snap.customer.c_customer_sk, RF007[min_max] <- tpcds_partitioned_parquet_snap.customer.c_customer_sk
|  |  |  |  mem-estimate=8.50MB mem-reservation=8.50MB spill-buffer=512.00KB thread-reservation=0 cost=1914640
|  |  |  |
|  |  |  29:EXCHANGE [HASH(tpcds_partitioned_parquet_snap.customer.c_customer_sk)]
|  |  |  |  mem-estimate=5.85MB mem-reservation=0B thread-reservation=0
|  |  |  |  tuple-ids=15,17 row-size=30B cardinality=1.91M cost=547395
|  |  |  |  in pipelines: 12(GETNEXT)
|  |  |  |
|  |  |  F07:PLAN FRAGMENT [RANDOM] hosts=10 instances=10
|  |  |  Per-Host Shared Resources: mem-estimate=1.00MB mem-reservation=1.00MB thread-reservation=0 runtime-filters-memory=1.00MB
|  |  |  Per-Instance Resources: mem-estimate=18.97MB mem-reservation=1.00MB thread-reservation=1
|  |  |  max-parallelism=10 segment-costs=[14240776]
|  |  |  14:HASH JOIN [INNER JOIN, BROADCAST]
|  |  |  |  hash-table-id=05
|  |  |  |  hash predicates: tpcds_partitioned_parquet_snap.customer.c_current_addr_sk = tpcds_partitioned_parquet_snap.customer_address.ca_address_sk
|  |  |  |  fk/pk conjuncts: tpcds_partitioned_parquet_snap.customer.c_current_addr_sk = tpcds_partitioned_parquet_snap.customer_address.ca_address_sk
|  |  |  |  mem-estimate=0B mem-reservation=0B spill-buffer=2.00MB thread-reservation=0
|  |  |  |  tuple-ids=15,17 row-size=30B cardinality=1.91M cost=855847
|  |  |  |  in pipelines: 12(GETNEXT), 13(OPEN)
|  |  |  |
|  |  |  |--F20:PLAN FRAGMENT [RANDOM] hosts=10 instances=10
|  |  |  |  |  Per-Instance Resources: mem-estimate=50.36MB mem-reservation=35.00MB thread-reservation=1 runtime-filters-memory=1.00MB
|  |  |  |  |  max-parallelism=10 segment-costs=[2054993]
|  |  |  |  JOIN BUILD
|  |  |  |  |  join-table-id=05 plan-id=06 cohort-id=05
|  |  |  |  |  build expressions: tpcds_partitioned_parquet_snap.customer_address.ca_address_sk
|  |  |  |  |  runtime filters: RF010[bloom] <- tpcds_partitioned_parquet_snap.customer_address.ca_address_sk, RF011[min_max] <- tpcds_partitioned_parquet_snap.customer_address.ca_address_sk
|  |  |  |  |  mem-estimate=39.15MB mem-reservation=34.00MB spill-buffer=2.00MB thread-reservation=0 cost=882353
|  |  |  |  |
|  |  |  |  28:EXCHANGE [BROADCAST]
|  |  |  |  |  mem-estimate=10.21MB mem-reservation=0B thread-reservation=0
|  |  |  |  |  tuple-ids=17 row-size=18B cardinality=882.35K cost=1172640
|  |  |  |  |  in pipelines: 13(GETNEXT)
|  |  |  |  |
|  |  |  |  F08:PLAN FRAGMENT [RANDOM] hosts=10 instances=10
|  |  |  |  Per-Instance Resources: mem-estimate=16.09MB mem-reservation=128.00KB thread-reservation=1
|  |  |  |  max-parallelism=10 segment-costs=[2200941]
|  |  |  |  13:SCAN HDFS [tpcds_partitioned_parquet_snap.customer_address, RANDOM]
|  |  |  |     HDFS partitions=1/1 files=1 size=307.36MB
|  |  |  |     predicates: tpcds_partitioned_parquet_snap.customer_address.ca_state IN ('GA', 'OK', 'VA'), tpcds_partitioned_parquet_snap.customer_address.ca_address_sk IS NOT NULL
|  |  |  |     stored statistics:
|  |  |  |       table: rows=15.00M size=307.36MB
|  |  |  |       columns: all
|  |  |  |     extrapolated-rows=disabled max-scan-range-rows=1.58M
|  |  |  |     parquet statistics predicates: tpcds_partitioned_parquet_snap.customer_address.ca_state IN ('GA', 'OK', 'VA')
|  |  |  |     parquet dictionary predicates: tpcds_partitioned_parquet_snap.customer_address.ca_state IN ('GA', 'OK', 'VA'), tpcds_partitioned_parquet_snap.customer_address.ca_address_sk IS NOT NULL
|  |  |  |     mem-estimate=16.00MB mem-reservation=128.00KB thread-reservation=0
|  |  |  |     tuple-ids=17 row-size=18B cardinality=882.35K cost=2139000
|  |  |  |     in pipelines: 13(GETNEXT)
|  |  |  |
|  |  |  12:SCAN HDFS [tpcds_partitioned_parquet_snap.customer, RANDOM]
|  |  |     HDFS partitions=1/1 files=1 size=1.55GB
|  |  |     predicates: tpcds_partitioned_parquet_snap.customer.c_current_cdemo_sk IS NOT NULL, tpcds_partitioned_parquet_snap.customer.c_current_addr_sk IS NOT NULL, tpcds_partitioned_parquet_snap.customer.c_customer_sk IS NOT NULL
|  |  |     runtime filters: RF011[min_max] -> tpcds_partitioned_parquet_snap.customer.c_current_addr_sk, RF010[bloom] -> tpcds_partitioned_parquet_snap.customer.c_current_addr_sk
|  |  |     stored statistics:
|  |  |       table: rows=30.00M size=1.55GB
|  |  |       columns: all
|  |  |     extrapolated-rows=disabled max-scan-range-rows=3.10M
|  |  |     parquet dictionary predicates: tpcds_partitioned_parquet_snap.customer.c_current_cdemo_sk IS NOT NULL, tpcds_partitioned_parquet_snap.customer.c_current_addr_sk IS NOT NULL, tpcds_partitioned_parquet_snap.customer.c_customer_sk IS NOT NULL
|  |  |     mem-estimate=16.00MB mem-reservation=1.00MB thread-reservation=0
|  |  |     tuple-ids=15 row-size=12B cardinality=1.98M(filtered from 28.95M) cost=7713000
|  |  |     in pipelines: 12(GETNEXT)
|  |  |
|  |  27:AGGREGATE [FINALIZE]
|  |  |  group by: tpcds_partitioned_parquet_snap.store_sales.ss_customer_sk
|  |  |  mem-estimate=364.65MB mem-reservation=34.00MB spill-buffer=2.00MB thread-reservation=0
|  |  |  tuple-ids=14 row-size=4B cardinality=32.68M cost=225005461
|  |  |  in pipelines: 27(GETNEXT), 08(OPEN)
|  |  |
|  |  26:EXCHANGE [HASH(tpcds_partitioned_parquet_snap.store_sales.ss_customer_sk)]
|  |  |  mem-estimate=10.92MB mem-reservation=0B thread-reservation=0
|  |  |  tuple-ids=14 row-size=4B cardinality=477.95M cost=61894499
|  |  |  in pipelines: 08(GETNEXT)
|  |  |
|  |  F04:PLAN FRAGMENT [RANDOM] hosts=10 instances=118 (adjusted from 120)
|  |  Per-Host Shared Resources: mem-estimate=3.00MB mem-reservation=3.00MB thread-reservation=0 runtime-filters-memory=3.00MB
|  |  Per-Instance Resources: mem-estimate=66.06MB mem-reservation=34.50MB thread-reservation=1
|  |  max-parallelism=118 segment-costs=[1694758443, 369359605] cpu-comparison-result=118 [max(118 (self) vs 11 (sum children))]
|  |  11:AGGREGATE [STREAMING]
|  |  |  group by: tpcds_partitioned_parquet_snap.store_sales.ss_customer_sk
|  |  |  mem-estimate=49.43MB mem-reservation=34.00MB spill-buffer=2.00MB thread-reservation=0
|  |  |  tuple-ids=14 row-size=4B cardinality=477.95M cost=1395192271
|  |  |  in pipelines: 08(GETNEXT)
|  |  |
|  |  10:HASH JOIN [INNER JOIN, BROADCAST]
|  |  |  hash-table-id=06
|  |  |  hash predicates: tpcds_partitioned_parquet_snap.store_sales.ss_sold_date_sk = tpcds_partitioned_parquet_snap.date_dim_1.d_date_sk
|  |  |  fk/pk conjuncts: tpcds_partitioned_parquet_snap.store_sales.ss_sold_date_sk = tpcds_partitioned_parquet_snap.date_dim_1.d_date_sk
|  |  |  mem-estimate=0B mem-reservation=0B spill-buffer=64.00KB thread-reservation=0
|  |  |  tuple-ids=10,12 row-size=20B cardinality=509.68M cost=223087164
|  |  |  in pipelines: 08(GETNEXT), 09(OPEN)
|  |  |
|  |  |--F21:PLAN FRAGMENT [RANDOM] hosts=10 instances=10
|  |  |  |  Per-Instance Resources: mem-estimate=24.27MB mem-reservation=24.25MB thread-reservation=1 runtime-filters-memory=1.00MB
|  |  |  |  max-parallelism=10 segment-costs=[268]
|  |  |  JOIN BUILD
|  |  |  |  join-table-id=06 plan-id=07 cohort-id=04
|  |  |  |  build expressions: tpcds_partitioned_parquet_snap.date_dim_1.d_date_sk
|  |  |  |  runtime filters: RF008[bloom] <- tpcds_partitioned_parquet_snap.date_dim_1.d_date_sk
|  |  |  |  mem-estimate=23.25MB mem-reservation=23.25MB spill-buffer=64.00KB thread-reservation=0 cost=118
|  |  |  |
|  |  |  25:EXCHANGE [BROADCAST]
|  |  |  |  mem-estimate=16.00KB mem-reservation=0B thread-reservation=0
|  |  |  |  tuple-ids=12 row-size=12B cardinality=118 cost=150
|  |  |  |  in pipelines: 09(GETNEXT)
|  |  |  |
|  |  |  F05:PLAN FRAGMENT [RANDOM] hosts=1 instances=1
|  |  |  Per-Instance Resources: mem-estimate=16.06MB mem-reservation=512.00KB thread-reservation=1
|  |  |  max-parallelism=1 segment-costs=[20839]
|  |  |  09:SCAN HDFS [tpcds_partitioned_parquet_snap.date_dim, RANDOM]
|  |  |     HDFS partitions=1/1 files=1 size=2.17MB
|  |  |     predicates: tpcds_partitioned_parquet_snap.date_dim_1.d_year = CAST(1999 AS INT), tpcds_partitioned_parquet_snap.date_dim_1.d_moy <= CAST(add(CAST(4 AS SMALLINT), CAST(2 AS SMALLINT)) AS INT), tpcds_partitioned_parquet_snap.date_dim_1.d_moy >= CAST(4 AS INT), tpcds_partitioned_parquet_snap.date_dim_1.d_date_sk IS NOT NULL
|  |  |     stored statistics:
|  |  |       table: rows=73.05K size=2.17MB
|  |  |       columns: all
|  |  |     extrapolated-rows=disabled max-scan-range-rows=73.05K
|  |  |     parquet statistics predicates: tpcds_partitioned_parquet_snap.date_dim_1.d_year = CAST(1999 AS INT), tpcds_partitioned_parquet_snap.date_dim_1.d_moy <= CAST(add(CAST(4 AS SMALLINT), CAST(2 AS SMALLINT)) AS INT), tpcds_partitioned_parquet_snap.date_dim_1.d_moy >= CAST(4 AS INT)
|  |  |     parquet dictionary predicates: tpcds_partitioned_parquet_snap.date_dim_1.d_year = CAST(1999 AS INT), tpcds_partitioned_parquet_snap.date_dim_1.d_moy <= CAST(add(CAST(4 AS SMALLINT), CAST(2 AS SMALLINT)) AS INT), tpcds_partitioned_parquet_snap.date_dim_1.d_moy >= CAST(4 AS INT), tpcds_partitioned_parquet_snap.date_dim_1.d_date_sk IS NOT NULL
|  |  |     mem-estimate=16.00MB mem-reservation=512.00KB thread-reservation=0
|  |  |     tuple-ids=12 row-size=12B cardinality=118 cost=20833
|  |  |     in pipelines: 09(GETNEXT)
|  |  |
|  |  08:SCAN HDFS [tpcds_partitioned_parquet_snap.store_sales, RANDOM]
|  |     partition predicates: tpcds_partitioned_parquet_snap.store_sales.ss_sold_date_sk IS NOT NULL
|  |     HDFS partitions=1823/1824 files=1823 size=389.69GB
|  |     predicates: tpcds_partitioned_parquet_snap.store_sales.ss_customer_sk IS NOT NULL
|  |     runtime filters: RF007[min_max] -> tpcds_partitioned_parquet_snap.store_sales.ss_customer_sk, RF006[bloom] -> tpcds_partitioned_parquet_snap.store_sales.ss_customer_sk, RF008[bloom] -> tpcds_partitioned_parquet_snap.store_sales.ss_sold_date_sk
|  |     stored statistics:
|  |       table: rows=8.64G size=389.90GB
|  |       partitions: 1823/1823 rows=8.25G
|  |       columns: all
|  |     extrapolated-rows=disabled max-scan-range-rows=12.22M est-scan-range=118(filtered from 1823)
|  |     parquet dictionary predicates: tpcds_partitioned_parquet_snap.store_sales.ss_customer_sk IS NOT NULL
|  |     mem-estimate=16.00MB mem-reservation=512.00KB thread-reservation=0
|  |     tuple-ids=10 row-size=8B cardinality=509.68M(filtered from 7.88G) cost=76479008
|  |     in pipelines: 08(GETNEXT)
|  |
|  24:AGGREGATE [FINALIZE]
|  |  group by: tpcds_partitioned_parquet_snap.web_sales.ws_bill_customer_sk
|  |  mem-estimate=34.00MB mem-reservation=34.00MB spill-buffer=2.00MB thread-reservation=0
|  |  tuple-ids=9 row-size=4B cardinality=32.60M cost=125125660
|  |  in pipelines: 24(GETNEXT), 04(OPEN)
|  |
|  23:EXCHANGE [HASH(tpcds_partitioned_parquet_snap.web_sales.ws_bill_customer_sk)]
|  |  mem-estimate=10.39MB mem-reservation=0B thread-reservation=0
|  |  tuple-ids=9 row-size=4B cardinality=137.20M cost=17767348
|  |  in pipelines: 04(GETNEXT)
|  |
|  F01:PLAN FRAGMENT [RANDOM] hosts=10 instances=50 (adjusted from 120)
|  Per-Host Shared Resources: mem-estimate=3.00MB mem-reservation=3.00MB thread-reservation=0 runtime-filters-memory=3.00MB
|  Per-Instance Resources: mem-estimate=50.62MB mem-reservation=34.12MB thread-reservation=1
|  max-parallelism=50 segment-costs=[479707545, 106027850] cpu-comparison-result=50 [max(50 (self) vs 11 (sum children))]
|  07:AGGREGATE [STREAMING]
|  |  group by: tpcds_partitioned_parquet_snap.web_sales.ws_bill_customer_sk
|  |  mem-estimate=34.00MB mem-reservation=34.00MB spill-buffer=2.00MB thread-reservation=0
|  |  tuple-ids=9 row-size=4B cardinality=137.20M cost=398558262
|  |  in pipelines: 04(GETNEXT)
|  |
|  06:HASH JOIN [INNER JOIN, BROADCAST]
|  |  hash-table-id=07
|  |  hash predicates: tpcds_partitioned_parquet_snap.web_sales.ws_sold_date_sk = tpcds_partitioned_parquet_snap.date_dim_0.d_date_sk
|  |  fk/pk conjuncts: tpcds_partitioned_parquet_snap.web_sales.ws_sold_date_sk = tpcds_partitioned_parquet_snap.date_dim_0.d_date_sk
|  |  mem-estimate=0B mem-reservation=0B spill-buffer=64.00KB thread-reservation=0
|  |  tuple-ids=5,7 row-size=20B cardinality=139.66M cost=61130552
|  |  in pipelines: 04(GETNEXT), 05(OPEN)
|  |
|  |--F22:PLAN FRAGMENT [RANDOM] hosts=10 instances=10
|  |  |  Per-Instance Resources: mem-estimate=10.70MB mem-reservation=10.69MB thread-reservation=1 runtime-filters-memory=1.00MB
|  |  |  max-parallelism=10 segment-costs=[268]
|  |  JOIN BUILD
|  |  |  join-table-id=07 plan-id=08 cohort-id=03
|  |  |  build expressions: tpcds_partitioned_parquet_snap.date_dim_0.d_date_sk
|  |  |  runtime filters: RF004[bloom] <- tpcds_partitioned_parquet_snap.date_dim_0.d_date_sk
|  |  |  mem-estimate=9.69MB mem-reservation=9.69MB spill-buffer=64.00KB thread-reservation=0 cost=118
|  |  |
|  |  22:EXCHANGE [BROADCAST]
|  |  |  mem-estimate=16.00KB mem-reservation=0B thread-reservation=0
|  |  |  tuple-ids=7 row-size=12B cardinality=118 cost=150
|  |  |  in pipelines: 05(GETNEXT)
|  |  |
|  |  F02:PLAN FRAGMENT [RANDOM] hosts=1 instances=1
|  |  Per-Instance Resources: mem-estimate=16.06MB mem-reservation=512.00KB thread-reservation=1
|  |  max-parallelism=1 segment-costs=[20839]
|  |  05:SCAN HDFS [tpcds_partitioned_parquet_snap.date_dim, RANDOM]
|  |     HDFS partitions=1/1 files=1 size=2.17MB
|  |     predicates: tpcds_partitioned_parquet_snap.date_dim_0.d_year = CAST(1999 AS INT), tpcds_partitioned_parquet_snap.date_dim_0.d_moy <= CAST(add(CAST(4 AS SMALLINT), CAST(2 AS SMALLINT)) AS INT), tpcds_partitioned_parquet_snap.date_dim_0.d_moy >= CAST(4 AS INT), tpcds_partitioned_parquet_snap.date_dim_0.d_date_sk IS NOT NULL
|  |     stored statistics:
|  |       table: rows=73.05K size=2.17MB
|  |       columns: all
|  |     extrapolated-rows=disabled max-scan-range-rows=73.05K
|  |     parquet statistics predicates: tpcds_partitioned_parquet_snap.date_dim_0.d_year = CAST(1999 AS INT), tpcds_partitioned_parquet_snap.date_dim_0.d_moy <= CAST(add(CAST(4 AS SMALLINT), CAST(2 AS SMALLINT)) AS INT), tpcds_partitioned_parquet_snap.date_dim_0.d_moy >= CAST(4 AS INT)
|  |     parquet dictionary predicates: tpcds_partitioned_parquet_snap.date_dim_0.d_year = CAST(1999 AS INT), tpcds_partitioned_parquet_snap.date_dim_0.d_moy <= CAST(add(CAST(4 AS SMALLINT), CAST(2 AS SMALLINT)) AS INT), tpcds_partitioned_parquet_snap.date_dim_0.d_moy >= CAST(4 AS INT), tpcds_partitioned_parquet_snap.date_dim_0.d_date_sk IS NOT NULL
|  |     mem-estimate=16.00MB mem-reservation=512.00KB thread-reservation=0
|  |     tuple-ids=7 row-size=12B cardinality=118 cost=20833
|  |     in pipelines: 05(GETNEXT)
|  |
|  04:SCAN HDFS [tpcds_partitioned_parquet_snap.web_sales, RANDOM]
|     partition predicates: tpcds_partitioned_parquet_snap.web_sales.ws_sold_date_sk IS NOT NULL
|     HDFS partitions=1823/1824 files=1823 size=145.67GB
|     predicates: tpcds_partitioned_parquet_snap.web_sales.ws_bill_customer_sk IS NOT NULL
|     runtime filters: RF003[min_max] -> tpcds_partitioned_parquet_snap.web_sales.ws_bill_customer_sk, RF002[bloom] -> tpcds_partitioned_parquet_snap.web_sales.ws_bill_customer_sk, RF004[bloom] -> tpcds_partitioned_parquet_snap.web_sales.ws_sold_date_sk
|     stored statistics:
|       table: rows=2.16G size=145.75GB
|       partitions: 1823/1823 rows=2.16G
|       columns: all
|     extrapolated-rows=disabled max-scan-range-rows=3.37M est-scan-range=118(filtered from 1823)
|     parquet dictionary predicates: tpcds_partitioned_parquet_snap.web_sales.ws_bill_customer_sk IS NOT NULL
|     mem-estimate=16.00MB mem-reservation=128.00KB thread-reservation=0
|     tuple-ids=5 row-size=8B cardinality=139.66M(filtered from 2.16G) cost=20018731
|     in pipelines: 04(GETNEXT)
|
30:EXCHANGE [HASH(tpcds_partitioned_parquet_snap.customer_demographics.cd_demo_sk)]
|  mem-estimate=10.77MB mem-reservation=0B thread-reservation=0
|  tuple-ids=19 row-size=75B cardinality=1.91M(filtered from 1.92M) cost=869492
|  in pipelines: 17(GETNEXT)
|
F00:PLAN FRAGMENT [RANDOM] hosts=10 instances=10
Per-Host Shared Resources: mem-estimate=2.00MB mem-reservation=2.00MB thread-reservation=0 runtime-filters-memory=2.00MB
Per-Instance Resources: mem-estimate=19.07MB mem-reservation=1.00MB thread-reservation=1
max-parallelism=10 segment-costs=[10970216]
17:SCAN HDFS [tpcds_partitioned_parquet_snap.customer_demographics, RANDOM]
   HDFS partitions=1/1 files=1 size=11.15MB
   predicates: tpcds_partitioned_parquet_snap.customer_demographics.cd_demo_sk IS NOT NULL
   runtime filters: RF001[min_max] -> tpcds_partitioned_parquet_snap.customer_demographics.cd_demo_sk, RF000[bloom] -> tpcds_partitioned_parquet_snap.customer_demographics.cd_demo_sk
   stored statistics:
     table: rows=1.92M size=11.15MB
     columns: all
   extrapolated-rows=disabled max-scan-range-rows=197.97K
   parquet dictionary predicates: tpcds_partitioned_parquet_snap.customer_demographics.cd_demo_sk IS NOT NULL
   mem-estimate=16.00MB mem-reservation=1.00MB thread-reservation=0
   tuple-ids=19 row-size=75B cardinality=1.91M(filtered from 1.92M) cost=788927
   in pipelines: 17(GETNEXT)
---- PARALLELPLANS
Max Per-Host Resource Reservation: Memory=1.27GB Threads=49
Per-Host Resource Estimates: Memory=2.80GB
F14:PLAN FRAGMENT [UNPARTITIONED] hosts=1 instances=1
|  Per-Instance Resources: mem-estimate=4.08MB mem-reservation=4.00MB thread-reservation=1
|  max-parallelism=1 segment-costs=[841] cpu-comparison-result=298 [max(1 (self) vs 298 (sum children))]
PLAN-ROOT SINK
|  output exprs: tpcds_partitioned_parquet_snap.customer_demographics.cd_gender, tpcds_partitioned_parquet_snap.customer_demographics.cd_marital_status, tpcds_partitioned_parquet_snap.customer_demographics.cd_education_status, count(), tpcds_partitioned_parquet_snap.customer_demographics.cd_purchase_estimate, count(), tpcds_partitioned_parquet_snap.customer_demographics.cd_credit_rating, count()
|  mem-estimate=4.00MB mem-reservation=4.00MB spill-buffer=2.00MB thread-reservation=0 cost=800
|
38:MERGING-EXCHANGE [UNPARTITIONED]
|  order by: tpcds_partitioned_parquet_snap.customer_demographics.cd_gender ASC NULLS LAST, tpcds_partitioned_parquet_snap.customer_demographics.cd_marital_status ASC NULLS LAST, tpcds_partitioned_parquet_snap.customer_demographics.cd_education_status ASC NULLS LAST, tpcds_partitioned_parquet_snap.customer_demographics.cd_purchase_estimate ASC NULLS LAST, tpcds_partitioned_parquet_snap.customer_demographics.cd_credit_rating ASC NULLS LAST
|  limit: 100
|  mem-estimate=81.41KB mem-reservation=0B thread-reservation=0
|  tuple-ids=22 row-size=79B cardinality=100 cost=41
|  in pipelines: 21(GETNEXT)
|
F13:PLAN FRAGMENT [HASH(tpcds_partitioned_parquet_snap.customer_demographics.cd_gender,tpcds_partitioned_parquet_snap.customer_demographics.cd_marital_status,tpcds_partitioned_parquet_snap.customer_demographics.cd_education_status,tpcds_partitioned_parquet_snap.customer_demographics.cd_purchase_estimate,tpcds_partitioned_parquet_snap.customer_demographics.cd_credit_rating)] hosts=10 instances=10
Per-Instance Resources: mem-estimate=11.23MB mem-reservation=1.94MB thread-reservation=1
max-parallelism=10 segment-costs=[128770, 39311, 237] cpu-comparison-result=298 [max(10 (self) vs 298 (sum children))]
21:TOP-N [LIMIT=100]
|  order by: tpcds_partitioned_parquet_snap.customer_demographics.cd_gender ASC NULLS LAST, tpcds_partitioned_parquet_snap.customer_demographics.cd_marital_status ASC NULLS LAST, tpcds_partitioned_parquet_snap.customer_demographics.cd_education_status ASC NULLS LAST, tpcds_partitioned_parquet_snap.customer_demographics.cd_purchase_estimate ASC NULLS LAST, tpcds_partitioned_parquet_snap.customer_demographics.cd_credit_rating ASC NULLS LAST
|  mem-estimate=7.67KB mem-reservation=0B thread-reservation=0
|  tuple-ids=22 row-size=79B cardinality=100 cost=39311
|  in pipelines: 21(GETNEXT), 37(OPEN)
|
37:AGGREGATE [FINALIZE]
|  output: count:merge()
|  group by: tpcds_partitioned_parquet_snap.customer_demographics.cd_gender, tpcds_partitioned_parquet_snap.customer_demographics.cd_marital_status, tpcds_partitioned_parquet_snap.customer_demographics.cd_education_status, tpcds_partitioned_parquet_snap.customer_demographics.cd_purchase_estimate, tpcds_partitioned_parquet_snap.customer_demographics.cd_credit_rating
|  mem-estimate=10.00MB mem-reservation=1.94MB spill-buffer=64.00KB thread-reservation=0
|  tuple-ids=21 row-size=79B cardinality=5.60K cost=102309
|  in pipelines: 37(GETNEXT), 17(OPEN)
|
36:EXCHANGE [HASH(tpcds_partitioned_parquet_snap.customer_demographics.cd_gender,tpcds_partitioned_parquet_snap.customer_demographics.cd_marital_status,tpcds_partitioned_parquet_snap.customer_demographics.cd_education_status,tpcds_partitioned_parquet_snap.customer_demographics.cd_purchase_estimate,tpcds_partitioned_parquet_snap.customer_demographics.cd_credit_rating)]
|  mem-estimate=1.23MB mem-reservation=0B thread-reservation=0
|  tuple-ids=21 row-size=79B cardinality=56.00K cost=26461
|  in pipelines: 17(GETNEXT)
|
F12:PLAN FRAGMENT [HASH(tpcds_partitioned_parquet_snap.catalog_sales.cs_ship_customer_sk)] hosts=10 instances=10
Per-Instance Resources: mem-estimate=24.52MB mem-reservation=2.00MB thread-reservation=1
max-parallelism=10 segment-costs=[5147877, 312211] cpu-comparison-result=298 [max(30 (self) vs 298 (sum children))]
20:AGGREGATE [STREAMING]
|  output: count()
|  group by: tpcds_partitioned_parquet_snap.customer_demographics.cd_gender, tpcds_partitioned_parquet_snap.customer_demographics.cd_marital_status, tpcds_partitioned_parquet_snap.customer_demographics.cd_education_status, tpcds_partitioned_parquet_snap.customer_demographics.cd_purchase_estimate, tpcds_partitioned_parquet_snap.customer_demographics.cd_credit_rating
|  mem-estimate=10.00MB mem-reservation=2.00MB spill-buffer=64.00KB thread-reservation=0
|  tuple-ids=21 row-size=79B cardinality=56.00K cost=2852289
|  in pipelines: 17(GETNEXT)
|
19:HASH JOIN [LEFT OUTER JOIN, PARTITIONED]
|  hash-table-id=00
|  hash predicates: tpcds_partitioned_parquet_snap.customer.c_customer_sk = tpcds_partitioned_parquet_snap.catalog_sales.cs_ship_customer_sk
|  fk/pk conjuncts: tpcds_partitioned_parquet_snap.customer.c_customer_sk = tpcds_partitioned_parquet_snap.catalog_sales.cs_ship_customer_sk
|  other predicates: if(TupleIsNull(4), NULL, TRUE) IS NULL
|  mem-estimate=0B mem-reservation=0B spill-buffer=2.00MB thread-reservation=0
|  tuple-ids=19,9N,14,15,17,4N row-size=117B cardinality=1.89M cost=827776
|  in pipelines: 17(GETNEXT), 34(OPEN)
|
|--F15:PLAN FRAGMENT [HASH(tpcds_partitioned_parquet_snap.catalog_sales.cs_ship_customer_sk)] hosts=10 instances=10
|  |  Per-Instance Resources: mem-estimate=139.13MB mem-reservation=68.00MB thread-reservation=1
|  |  max-parallelism=10 segment-costs=[197530994, 32680709] cpu-comparison-result=100 [max(10 (self) vs 100 (sum children))]
|  JOIN BUILD
|  |  join-table-id=00 plan-id=01 cohort-id=01
|  |  build expressions: tpcds_partitioned_parquet_snap.catalog_sales.cs_ship_customer_sk
|  |  mem-estimate=89.27MB mem-reservation=34.00MB spill-buffer=2.00MB thread-reservation=0 cost=32680709
|  |
|  34:AGGREGATE [FINALIZE]
|  |  group by: tpcds_partitioned_parquet_snap.catalog_sales.cs_ship_customer_sk
|  |  mem-estimate=49.87MB mem-reservation=34.00MB spill-buffer=2.00MB thread-reservation=0
|  |  tuple-ids=4 row-size=4B cardinality=32.68M cost=163061332
|  |  in pipelines: 34(GETNEXT), 00(OPEN)
|  |
|  33:EXCHANGE [HASH(tpcds_partitioned_parquet_snap.catalog_sales.cs_ship_customer_sk)]
|  |  mem-estimate=10.78MB mem-reservation=0B thread-reservation=0
|  |  tuple-ids=4 row-size=4B cardinality=266.18M cost=34469662
|  |  in pipelines: 00(GETNEXT)
|  |
|  F10:PLAN FRAGMENT [RANDOM] hosts=10 instances=100 (adjusted from 120)
|  Per-Host Shared Resources: mem-estimate=1.00MB mem-reservation=1.00MB thread-reservation=0 runtime-filters-memory=1.00MB
|  Per-Instance Resources: mem-estimate=50.31MB mem-reservation=34.25MB thread-reservation=1
|  max-parallelism=100 segment-costs=[934940270, 205700040] cpu-comparison-result=100 [max(100 (self) vs 11 (sum children))]
|  03:AGGREGATE [STREAMING]
|  |  group by: tpcds_partitioned_parquet_snap.catalog_sales.cs_ship_customer_sk
|  |  mem-estimate=34.00MB mem-reservation=34.00MB spill-buffer=2.00MB thread-reservation=0
|  |  tuple-ids=4 row-size=4B cardinality=266.18M cost=774595761
|  |  in pipelines: 00(GETNEXT)
|  |
|  02:HASH JOIN [INNER JOIN, BROADCAST]
|  |  hash-table-id=01
|  |  hash predicates: tpcds_partitioned_parquet_snap.catalog_sales.cs_sold_date_sk = tpcds_partitioned_parquet_snap.date_dim.d_date_sk
|  |  fk/pk conjuncts: tpcds_partitioned_parquet_snap.catalog_sales.cs_sold_date_sk = tpcds_partitioned_parquet_snap.date_dim.d_date_sk
|  |  mem-estimate=0B mem-reservation=0B spill-buffer=64.00KB thread-reservation=0
|  |  tuple-ids=0,2 row-size=20B cardinality=275.64M cost=120647031
|  |  in pipelines: 00(GETNEXT), 01(OPEN)
|  |
|  |--F16:PLAN FRAGMENT [RANDOM] hosts=10 instances=10
|  |  |  Per-Instance Resources: mem-estimate=20.39MB mem-reservation=20.38MB thread-reservation=1 runtime-filters-memory=1.00MB
|  |  |  max-parallelism=10 segment-costs=[268]
|  |  JOIN BUILD
|  |  |  join-table-id=01 plan-id=02 cohort-id=02
|  |  |  build expressions: tpcds_partitioned_parquet_snap.date_dim.d_date_sk
|  |  |  runtime filters: RF012[bloom] <- tpcds_partitioned_parquet_snap.date_dim.d_date_sk
|  |  |  mem-estimate=19.38MB mem-reservation=19.38MB spill-buffer=64.00KB thread-reservation=0 cost=118
|  |  |
|  |  32:EXCHANGE [BROADCAST]
|  |  |  mem-estimate=16.00KB mem-reservation=0B thread-reservation=0
|  |  |  tuple-ids=2 row-size=12B cardinality=118 cost=150
|  |  |  in pipelines: 01(GETNEXT)
|  |  |
|  |  F11:PLAN FRAGMENT [RANDOM] hosts=1 instances=1
|  |  Per-Instance Resources: mem-estimate=16.06MB mem-reservation=512.00KB thread-reservation=1
|  |  max-parallelism=1 segment-costs=[20839]
|  |  01:SCAN HDFS [tpcds_partitioned_parquet_snap.date_dim, RANDOM]
|  |     HDFS partitions=1/1 files=1 size=2.17MB
|  |     predicates: tpcds_partitioned_parquet_snap.date_dim.d_year = CAST(1999 AS INT), tpcds_partitioned_parquet_snap.date_dim.d_moy <= CAST(add(CAST(4 AS SMALLINT), CAST(2 AS SMALLINT)) AS INT), tpcds_partitioned_parquet_snap.date_dim.d_moy >= CAST(4 AS INT), tpcds_partitioned_parquet_snap.date_dim.d_date_sk IS NOT NULL
|  |     stored statistics:
|  |       table: rows=73.05K size=2.17MB
|  |       columns: all
|  |     extrapolated-rows=disabled max-scan-range-rows=73.05K
|  |     parquet statistics predicates: tpcds_partitioned_parquet_snap.date_dim.d_year = CAST(1999 AS INT), tpcds_partitioned_parquet_snap.date_dim.d_moy <= CAST(add(CAST(4 AS SMALLINT), CAST(2 AS SMALLINT)) AS INT), tpcds_partitioned_parquet_snap.date_dim.d_moy >= CAST(4 AS INT)
|  |     parquet dictionary predicates: tpcds_partitioned_parquet_snap.date_dim.d_year = CAST(1999 AS INT), tpcds_partitioned_parquet_snap.date_dim.d_moy <= CAST(add(CAST(4 AS SMALLINT), CAST(2 AS SMALLINT)) AS INT), tpcds_partitioned_parquet_snap.date_dim.d_moy >= CAST(4 AS INT), tpcds_partitioned_parquet_snap.date_dim.d_date_sk IS NOT NULL
|  |     mem-estimate=16.00MB mem-reservation=512.00KB thread-reservation=0
|  |     tuple-ids=2 row-size=12B cardinality=118 cost=20833
|  |     in pipelines: 01(GETNEXT)
|  |
|  00:SCAN HDFS [tpcds_partitioned_parquet_snap.catalog_sales, RANDOM]
|     partition predicates: tpcds_partitioned_parquet_snap.catalog_sales.cs_sold_date_sk IS NOT NULL
|     HDFS partitions=1830/1831 files=1830 size=280.81GB
|     predicates: tpcds_partitioned_parquet_snap.catalog_sales.cs_ship_customer_sk IS NOT NULL
|     runtime filters: RF012[bloom] -> tpcds_partitioned_parquet_snap.catalog_sales.cs_sold_date_sk
|     stored statistics:
|       table: rows=4.32G size=280.96GB
|       partitions: 1830/1830 rows=4.30G
|       columns: all
|     extrapolated-rows=disabled max-scan-range-rows=5.09M est-scan-range=118(filtered from 1830)
|     parquet dictionary predicates: tpcds_partitioned_parquet_snap.catalog_sales.cs_ship_customer_sk IS NOT NULL
|     mem-estimate=16.00MB mem-reservation=256.00KB thread-reservation=0
|     tuple-ids=0 row-size=8B cardinality=275.64M(filtered from 4.28G) cost=39697478
|     in pipelines: 00(GETNEXT)
|
35:EXCHANGE [HASH(tpcds_partitioned_parquet_snap.customer.c_customer_sk)]
|  mem-estimate=11.29MB mem-reservation=0B thread-reservation=0
|  tuple-ids=19,9N,14,15,17 row-size=113B cardinality=1.89M cost=1467812
|  in pipelines: 17(GETNEXT)
|
F09:PLAN FRAGMENT [HASH(tpcds_partitioned_parquet_snap.customer_demographics.cd_demo_sk)] hosts=10 instances=10
Per-Instance Resources: mem-estimate=15.95MB mem-reservation=0B thread-reservation=1
max-parallelism=10 segment-costs=[20285426]
18:HASH JOIN [INNER JOIN, PARTITIONED]
|  hash-table-id=02
|  hash predicates: tpcds_partitioned_parquet_snap.customer_demographics.cd_demo_sk = tpcds_partitioned_parquet_snap.customer.c_current_cdemo_sk
|  fk/pk conjuncts: tpcds_partitioned_parquet_snap.customer_demographics.cd_demo_sk = tpcds_partitioned_parquet_snap.customer.c_current_cdemo_sk
|  mem-estimate=0B mem-reservation=0B spill-buffer=1.00MB thread-reservation=0
|  tuple-ids=19,9N,14,15,17 row-size=113B cardinality=1.89M cost=833790
|  in pipelines: 17(GETNEXT), 24(OPEN)
|
|--F17:PLAN FRAGMENT [HASH(tpcds_partitioned_parquet_snap.customer_demographics.cd_demo_sk)] hosts=10 instances=10
|  |  Per-Instance Resources: mem-estimate=26.99MB mem-reservation=19.00MB thread-reservation=1 runtime-filters-memory=2.00MB
|  |  max-parallelism=10 segment-costs=[2673411] cpu-comparison-result=198 [max(10 (self) vs 198 (sum children))]
|  JOIN BUILD
|  |  join-table-id=02 plan-id=03 cohort-id=01
|  |  build expressions: tpcds_partitioned_parquet_snap.customer.c_current_cdemo_sk
|  |  runtime filters: RF000[bloom] <- tpcds_partitioned_parquet_snap.customer.c_current_cdemo_sk, RF001[min_max] <- tpcds_partitioned_parquet_snap.customer.c_current_cdemo_sk
|  |  mem-estimate=17.00MB mem-reservation=17.00MB spill-buffer=1.00MB thread-reservation=0 cost=1914640
|  |
|  31:EXCHANGE [HASH(tpcds_partitioned_parquet_snap.customer.c_current_cdemo_sk)]
|  |  mem-estimate=7.99MB mem-reservation=0B thread-reservation=0
|  |  tuple-ids=9N,14,15,17 row-size=38B cardinality=1.91M cost=758771
|  |  in pipelines: 24(GETNEXT)
|  |
|  F03:PLAN FRAGMENT [HASH(tpcds_partitioned_parquet_snap.web_sales.ws_bill_customer_sk)] hosts=10 instances=20 (adjusted from 120)
|  Per-Instance Resources: mem-estimate=44.39MB mem-reservation=34.00MB thread-reservation=1
|  max-parallelism=20 segment-costs=[142893008, 17340035] cpu-comparison-result=198 [max(20 (self) vs 198 (sum children))]
|  16:HASH JOIN [RIGHT OUTER JOIN, PARTITIONED]
|  |  hash-table-id=03
|  |  hash predicates: tpcds_partitioned_parquet_snap.web_sales.ws_bill_customer_sk = tpcds_partitioned_parquet_snap.customer.c_customer_sk
|  |  fk/pk conjuncts: tpcds_partitioned_parquet_snap.web_sales.ws_bill_customer_sk = tpcds_partitioned_parquet_snap.customer.c_customer_sk
|  |  other predicates: if(TupleIsNull(9), NULL, TRUE) IS NULL
|  |  mem-estimate=0B mem-reservation=0B spill-buffer=512.00KB thread-reservation=0
|  |  tuple-ids=9N,14,15,17 row-size=38B cardinality=1.91M cost=8708838
|  |  in pipelines: 24(GETNEXT), 27(OPEN)
|  |
|  |--F18:PLAN FRAGMENT [HASH(tpcds_partitioned_parquet_snap.web_sales.ws_bill_customer_sk)] hosts=10 instances=20 (adjusted from 120)
|  |  |  Per-Instance Resources: mem-estimate=377.57MB mem-reservation=44.50MB thread-reservation=1 runtime-filters-memory=2.00MB
|  |  |  max-parallelism=20 segment-costs=[286899960, 10644174] cpu-comparison-result=148 [max(20 (self) vs 148 (sum children))]
|  |  JOIN BUILD
|  |  |  join-table-id=03 plan-id=04 cohort-id=03
|  |  |  build expressions: tpcds_partitioned_parquet_snap.customer.c_customer_sk
|  |  |  runtime filters: RF002[bloom] <- tpcds_partitioned_parquet_snap.customer.c_customer_sk, RF003[min_max] <- tpcds_partitioned_parquet_snap.customer.c_customer_sk
|  |  |  mem-estimate=8.50MB mem-reservation=8.50MB spill-buffer=512.00KB thread-reservation=0 cost=1914640
|  |  |
|  |  15:HASH JOIN [INNER JOIN, PARTITIONED]
|  |  |  hash-table-id=04
|  |  |  hash predicates: tpcds_partitioned_parquet_snap.store_sales.ss_customer_sk = tpcds_partitioned_parquet_snap.customer.c_customer_sk
|  |  |  fk/pk conjuncts: tpcds_partitioned_parquet_snap.store_sales.ss_customer_sk = tpcds_partitioned_parquet_snap.customer.c_customer_sk
|  |  |  mem-estimate=0B mem-reservation=0B spill-buffer=512.00KB thread-reservation=0
|  |  |  tuple-ids=14,15,17 row-size=34B cardinality=1.91M cost=8729534
|  |  |  in pipelines: 27(GETNEXT), 12(OPEN)
|  |  |
|  |  |--F19:PLAN FRAGMENT [HASH(tpcds_partitioned_parquet_snap.web_sales.ws_bill_customer_sk)] hosts=10 instances=20 (adjusted from 120)
|  |  |  |  Per-Instance Resources: mem-estimate=16.35MB mem-reservation=10.50MB thread-reservation=1 runtime-filters-memory=2.00MB
|  |  |  |  max-parallelism=20 segment-costs=[2462035] cpu-comparison-result=30 [max(30 (self) vs 20 (sum children))]
|  |  |  JOIN BUILD
|  |  |  |  join-table-id=04 plan-id=05 cohort-id=04
|  |  |  |  build expressions: tpcds_partitioned_parquet_snap.customer.c_customer_sk
|  |  |  |  runtime filters: RF006[bloom] <- tpcds_partitioned_parquet_snap.customer.c_customer_sk, RF007[min_max] <- tpcds_partitioned_parquet_snap.customer.c_customer_sk
|  |  |  |  mem-estimate=8.50MB mem-reservation=8.50MB spill-buffer=512.00KB thread-reservation=0 cost=1914640
|  |  |  |
|  |  |  29:EXCHANGE [HASH(tpcds_partitioned_parquet_snap.customer.c_customer_sk)]
|  |  |  |  mem-estimate=5.85MB mem-reservation=0B thread-reservation=0
|  |  |  |  tuple-ids=15,17 row-size=30B cardinality=1.91M cost=547395
|  |  |  |  in pipelines: 12(GETNEXT)
|  |  |  |
|  |  |  F07:PLAN FRAGMENT [RANDOM] hosts=10 instances=10
|  |  |  Per-Host Shared Resources: mem-estimate=1.00MB mem-reservation=1.00MB thread-reservation=0 runtime-filters-memory=1.00MB
|  |  |  Per-Instance Resources: mem-estimate=18.97MB mem-reservation=1.00MB thread-reservation=1
|  |  |  max-parallelism=10 segment-costs=[14240776]
|  |  |  14:HASH JOIN [INNER JOIN, BROADCAST]
|  |  |  |  hash-table-id=05
|  |  |  |  hash predicates: tpcds_partitioned_parquet_snap.customer.c_current_addr_sk = tpcds_partitioned_parquet_snap.customer_address.ca_address_sk
|  |  |  |  fk/pk conjuncts: tpcds_partitioned_parquet_snap.customer.c_current_addr_sk = tpcds_partitioned_parquet_snap.customer_address.ca_address_sk
|  |  |  |  mem-estimate=0B mem-reservation=0B spill-buffer=2.00MB thread-reservation=0
|  |  |  |  tuple-ids=15,17 row-size=30B cardinality=1.91M cost=855847
|  |  |  |  in pipelines: 12(GETNEXT), 13(OPEN)
|  |  |  |
|  |  |  |--F20:PLAN FRAGMENT [RANDOM] hosts=10 instances=10
|  |  |  |  |  Per-Instance Resources: mem-estimate=50.36MB mem-reservation=35.00MB thread-reservation=1 runtime-filters-memory=1.00MB
|  |  |  |  |  max-parallelism=10 segment-costs=[2054993]
|  |  |  |  JOIN BUILD
|  |  |  |  |  join-table-id=05 plan-id=06 cohort-id=05
|  |  |  |  |  build expressions: tpcds_partitioned_parquet_snap.customer_address.ca_address_sk
|  |  |  |  |  runtime filters: RF010[bloom] <- tpcds_partitioned_parquet_snap.customer_address.ca_address_sk, RF011[min_max] <- tpcds_partitioned_parquet_snap.customer_address.ca_address_sk
|  |  |  |  |  mem-estimate=39.15MB mem-reservation=34.00MB spill-buffer=2.00MB thread-reservation=0 cost=882353
|  |  |  |  |
|  |  |  |  28:EXCHANGE [BROADCAST]
|  |  |  |  |  mem-estimate=10.21MB mem-reservation=0B thread-reservation=0
|  |  |  |  |  tuple-ids=17 row-size=18B cardinality=882.35K cost=1172640
|  |  |  |  |  in pipelines: 13(GETNEXT)
|  |  |  |  |
|  |  |  |  F08:PLAN FRAGMENT [RANDOM] hosts=10 instances=10
|  |  |  |  Per-Instance Resources: mem-estimate=16.09MB mem-reservation=128.00KB thread-reservation=1
|  |  |  |  max-parallelism=10 segment-costs=[2200941]
|  |  |  |  13:SCAN HDFS [tpcds_partitioned_parquet_snap.customer_address, RANDOM]
|  |  |  |     HDFS partitions=1/1 files=1 size=307.36MB
|  |  |  |     predicates: tpcds_partitioned_parquet_snap.customer_address.ca_state IN ('GA', 'OK', 'VA'), tpcds_partitioned_parquet_snap.customer_address.ca_address_sk IS NOT NULL
|  |  |  |     stored statistics:
|  |  |  |       table: rows=15.00M size=307.36MB
|  |  |  |       columns: all
|  |  |  |     extrapolated-rows=disabled max-scan-range-rows=1.58M
|  |  |  |     parquet statistics predicates: tpcds_partitioned_parquet_snap.customer_address.ca_state IN ('GA', 'OK', 'VA')
|  |  |  |     parquet dictionary predicates: tpcds_partitioned_parquet_snap.customer_address.ca_state IN ('GA', 'OK', 'VA'), tpcds_partitioned_parquet_snap.customer_address.ca_address_sk IS NOT NULL
|  |  |  |     mem-estimate=16.00MB mem-reservation=128.00KB thread-reservation=0
|  |  |  |     tuple-ids=17 row-size=18B cardinality=882.35K cost=2139000
|  |  |  |     in pipelines: 13(GETNEXT)
|  |  |  |
|  |  |  12:SCAN HDFS [tpcds_partitioned_parquet_snap.customer, RANDOM]
|  |  |     HDFS partitions=1/1 files=1 size=1.55GB
|  |  |     predicates: tpcds_partitioned_parquet_snap.customer.c_current_cdemo_sk IS NOT NULL, tpcds_partitioned_parquet_snap.customer.c_current_addr_sk IS NOT NULL, tpcds_partitioned_parquet_snap.customer.c_customer_sk IS NOT NULL
|  |  |     runtime filters: RF011[min_max] -> tpcds_partitioned_parquet_snap.customer.c_current_addr_sk, RF010[bloom] -> tpcds_partitioned_parquet_snap.customer.c_current_addr_sk
|  |  |     stored statistics:
|  |  |       table: rows=30.00M size=1.55GB
|  |  |       columns: all
|  |  |     extrapolated-rows=disabled max-scan-range-rows=3.10M
|  |  |     parquet dictionary predicates: tpcds_partitioned_parquet_snap.customer.c_current_cdemo_sk IS NOT NULL, tpcds_partitioned_parquet_snap.customer.c_current_addr_sk IS NOT NULL, tpcds_partitioned_parquet_snap.customer.c_customer_sk IS NOT NULL
|  |  |     mem-estimate=16.00MB mem-reservation=1.00MB thread-reservation=0
|  |  |     tuple-ids=15 row-size=12B cardinality=1.98M(filtered from 28.95M) cost=7713000
|  |  |     in pipelines: 12(GETNEXT)
|  |  |
|  |  27:AGGREGATE [FINALIZE]
|  |  |  group by: tpcds_partitioned_parquet_snap.store_sales.ss_customer_sk
|  |  |  mem-estimate=364.65MB mem-reservation=34.00MB spill-buffer=2.00MB thread-reservation=0
|  |  |  tuple-ids=14 row-size=4B cardinality=32.68M cost=225005461
|  |  |  in pipelines: 27(GETNEXT), 08(OPEN)
|  |  |
|  |  26:EXCHANGE [HASH(tpcds_partitioned_parquet_snap.store_sales.ss_customer_sk)]
|  |  |  mem-estimate=10.92MB mem-reservation=0B thread-reservation=0
|  |  |  tuple-ids=14 row-size=4B cardinality=477.95M cost=61894499
|  |  |  in pipelines: 08(GETNEXT)
|  |  |
|  |  F04:PLAN FRAGMENT [RANDOM] hosts=10 instances=118 (adjusted from 120)
|  |  Per-Host Shared Resources: mem-estimate=3.00MB mem-reservation=3.00MB thread-reservation=0 runtime-filters-memory=3.00MB
|  |  Per-Instance Resources: mem-estimate=66.06MB mem-reservation=34.50MB thread-reservation=1
|  |  max-parallelism=118 segment-costs=[1694758443, 369359605] cpu-comparison-result=118 [max(118 (self) vs 11 (sum children))]
|  |  11:AGGREGATE [STREAMING]
|  |  |  group by: tpcds_partitioned_parquet_snap.store_sales.ss_customer_sk
|  |  |  mem-estimate=49.43MB mem-reservation=34.00MB spill-buffer=2.00MB thread-reservation=0
|  |  |  tuple-ids=14 row-size=4B cardinality=477.95M cost=1395192271
|  |  |  in pipelines: 08(GETNEXT)
|  |  |
|  |  10:HASH JOIN [INNER JOIN, BROADCAST]
|  |  |  hash-table-id=06
|  |  |  hash predicates: tpcds_partitioned_parquet_snap.store_sales.ss_sold_date_sk = tpcds_partitioned_parquet_snap.date_dim_1.d_date_sk
|  |  |  fk/pk conjuncts: tpcds_partitioned_parquet_snap.store_sales.ss_sold_date_sk = tpcds_partitioned_parquet_snap.date_dim_1.d_date_sk
|  |  |  mem-estimate=0B mem-reservation=0B spill-buffer=64.00KB thread-reservation=0
|  |  |  tuple-ids=10,12 row-size=20B cardinality=509.68M cost=223087164
|  |  |  in pipelines: 08(GETNEXT), 09(OPEN)
|  |  |
|  |  |--F21:PLAN FRAGMENT [RANDOM] hosts=10 instances=10
|  |  |  |  Per-Instance Resources: mem-estimate=24.27MB mem-reservation=24.25MB thread-reservation=1 runtime-filters-memory=1.00MB
|  |  |  |  max-parallelism=10 segment-costs=[268]
|  |  |  JOIN BUILD
|  |  |  |  join-table-id=06 plan-id=07 cohort-id=04
|  |  |  |  build expressions: tpcds_partitioned_parquet_snap.date_dim_1.d_date_sk
|  |  |  |  runtime filters: RF008[bloom] <- tpcds_partitioned_parquet_snap.date_dim_1.d_date_sk
|  |  |  |  mem-estimate=23.25MB mem-reservation=23.25MB spill-buffer=64.00KB thread-reservation=0 cost=118
|  |  |  |
|  |  |  25:EXCHANGE [BROADCAST]
|  |  |  |  mem-estimate=16.00KB mem-reservation=0B thread-reservation=0
|  |  |  |  tuple-ids=12 row-size=12B cardinality=118 cost=150
|  |  |  |  in pipelines: 09(GETNEXT)
|  |  |  |
|  |  |  F05:PLAN FRAGMENT [RANDOM] hosts=1 instances=1
|  |  |  Per-Instance Resources: mem-estimate=16.06MB mem-reservation=512.00KB thread-reservation=1
|  |  |  max-parallelism=1 segment-costs=[20839]
|  |  |  09:SCAN HDFS [tpcds_partitioned_parquet_snap.date_dim, RANDOM]
|  |  |     HDFS partitions=1/1 files=1 size=2.17MB
|  |  |     predicates: tpcds_partitioned_parquet_snap.date_dim_1.d_year = CAST(1999 AS INT), tpcds_partitioned_parquet_snap.date_dim_1.d_moy <= CAST(add(CAST(4 AS SMALLINT), CAST(2 AS SMALLINT)) AS INT), tpcds_partitioned_parquet_snap.date_dim_1.d_moy >= CAST(4 AS INT), tpcds_partitioned_parquet_snap.date_dim_1.d_date_sk IS NOT NULL
|  |  |     stored statistics:
|  |  |       table: rows=73.05K size=2.17MB
|  |  |       columns: all
|  |  |     extrapolated-rows=disabled max-scan-range-rows=73.05K
|  |  |     parquet statistics predicates: tpcds_partitioned_parquet_snap.date_dim_1.d_year = CAST(1999 AS INT), tpcds_partitioned_parquet_snap.date_dim_1.d_moy <= CAST(add(CAST(4 AS SMALLINT), CAST(2 AS SMALLINT)) AS INT), tpcds_partitioned_parquet_snap.date_dim_1.d_moy >= CAST(4 AS INT)
|  |  |     parquet dictionary predicates: tpcds_partitioned_parquet_snap.date_dim_1.d_year = CAST(1999 AS INT), tpcds_partitioned_parquet_snap.date_dim_1.d_moy <= CAST(add(CAST(4 AS SMALLINT), CAST(2 AS SMALLINT)) AS INT), tpcds_partitioned_parquet_snap.date_dim_1.d_moy >= CAST(4 AS INT), tpcds_partitioned_parquet_snap.date_dim_1.d_date_sk IS NOT NULL
|  |  |     mem-estimate=16.00MB mem-reservation=512.00KB thread-reservation=0
|  |  |     tuple-ids=12 row-size=12B cardinality=118 cost=20833
|  |  |     in pipelines: 09(GETNEXT)
|  |  |
|  |  08:SCAN HDFS [tpcds_partitioned_parquet_snap.store_sales, RANDOM]
|  |     partition predicates: tpcds_partitioned_parquet_snap.store_sales.ss_sold_date_sk IS NOT NULL
|  |     HDFS partitions=1823/1824 files=1823 size=389.69GB
|  |     predicates: tpcds_partitioned_parquet_snap.store_sales.ss_customer_sk IS NOT NULL
|  |     runtime filters: RF007[min_max] -> tpcds_partitioned_parquet_snap.store_sales.ss_customer_sk, RF006[bloom] -> tpcds_partitioned_parquet_snap.store_sales.ss_customer_sk, RF008[bloom] -> tpcds_partitioned_parquet_snap.store_sales.ss_sold_date_sk
|  |     stored statistics:
|  |       table: rows=8.64G size=389.90GB
|  |       partitions: 1823/1823 rows=8.25G
|  |       columns: all
|  |     extrapolated-rows=disabled max-scan-range-rows=12.22M est-scan-range=118(filtered from 1823)
|  |     parquet dictionary predicates: tpcds_partitioned_parquet_snap.store_sales.ss_customer_sk IS NOT NULL
|  |     mem-estimate=16.00MB mem-reservation=512.00KB thread-reservation=0
|  |     tuple-ids=10 row-size=8B cardinality=509.68M(filtered from 7.88G) cost=76479008
|  |     in pipelines: 08(GETNEXT)
|  |
|  24:AGGREGATE [FINALIZE]
|  |  group by: tpcds_partitioned_parquet_snap.web_sales.ws_bill_customer_sk
|  |  mem-estimate=34.00MB mem-reservation=34.00MB spill-buffer=2.00MB thread-reservation=0
|  |  tuple-ids=9 row-size=4B cardinality=32.60M cost=125125660
|  |  in pipelines: 24(GETNEXT), 04(OPEN)
|  |
|  23:EXCHANGE [HASH(tpcds_partitioned_parquet_snap.web_sales.ws_bill_customer_sk)]
|  |  mem-estimate=10.39MB mem-reservation=0B thread-reservation=0
|  |  tuple-ids=9 row-size=4B cardinality=137.20M cost=17767348
|  |  in pipelines: 04(GETNEXT)
|  |
|  F01:PLAN FRAGMENT [RANDOM] hosts=10 instances=50 (adjusted from 120)
|  Per-Host Shared Resources: mem-estimate=3.00MB mem-reservation=3.00MB thread-reservation=0 runtime-filters-memory=3.00MB
|  Per-Instance Resources: mem-estimate=50.62MB mem-reservation=34.12MB thread-reservation=1
|  max-parallelism=50 segment-costs=[479707545, 106027850] cpu-comparison-result=50 [max(50 (self) vs 11 (sum children))]
|  07:AGGREGATE [STREAMING]
|  |  group by: tpcds_partitioned_parquet_snap.web_sales.ws_bill_customer_sk
|  |  mem-estimate=34.00MB mem-reservation=34.00MB spill-buffer=2.00MB thread-reservation=0
|  |  tuple-ids=9 row-size=4B cardinality=137.20M cost=398558262
|  |  in pipelines: 04(GETNEXT)
|  |
|  06:HASH JOIN [INNER JOIN, BROADCAST]
|  |  hash-table-id=07
|  |  hash predicates: tpcds_partitioned_parquet_snap.web_sales.ws_sold_date_sk = tpcds_partitioned_parquet_snap.date_dim_0.d_date_sk
|  |  fk/pk conjuncts: tpcds_partitioned_parquet_snap.web_sales.ws_sold_date_sk = tpcds_partitioned_parquet_snap.date_dim_0.d_date_sk
|  |  mem-estimate=0B mem-reservation=0B spill-buffer=64.00KB thread-reservation=0
|  |  tuple-ids=5,7 row-size=20B cardinality=139.66M cost=61130552
|  |  in pipelines: 04(GETNEXT), 05(OPEN)
|  |
|  |--F22:PLAN FRAGMENT [RANDOM] hosts=10 instances=10
|  |  |  Per-Instance Resources: mem-estimate=10.70MB mem-reservation=10.69MB thread-reservation=1 runtime-filters-memory=1.00MB
|  |  |  max-parallelism=10 segment-costs=[268]
|  |  JOIN BUILD
|  |  |  join-table-id=07 plan-id=08 cohort-id=03
|  |  |  build expressions: tpcds_partitioned_parquet_snap.date_dim_0.d_date_sk
|  |  |  runtime filters: RF004[bloom] <- tpcds_partitioned_parquet_snap.date_dim_0.d_date_sk
|  |  |  mem-estimate=9.69MB mem-reservation=9.69MB spill-buffer=64.00KB thread-reservation=0 cost=118
|  |  |
|  |  22:EXCHANGE [BROADCAST]
|  |  |  mem-estimate=16.00KB mem-reservation=0B thread-reservation=0
|  |  |  tuple-ids=7 row-size=12B cardinality=118 cost=150
|  |  |  in pipelines: 05(GETNEXT)
|  |  |
|  |  F02:PLAN FRAGMENT [RANDOM] hosts=1 instances=1
|  |  Per-Instance Resources: mem-estimate=16.06MB mem-reservation=512.00KB thread-reservation=1
|  |  max-parallelism=1 segment-costs=[20839]
|  |  05:SCAN HDFS [tpcds_partitioned_parquet_snap.date_dim, RANDOM]
|  |     HDFS partitions=1/1 files=1 size=2.17MB
|  |     predicates: tpcds_partitioned_parquet_snap.date_dim_0.d_year = CAST(1999 AS INT), tpcds_partitioned_parquet_snap.date_dim_0.d_moy <= CAST(add(CAST(4 AS SMALLINT), CAST(2 AS SMALLINT)) AS INT), tpcds_partitioned_parquet_snap.date_dim_0.d_moy >= CAST(4 AS INT), tpcds_partitioned_parquet_snap.date_dim_0.d_date_sk IS NOT NULL
|  |     stored statistics:
|  |       table: rows=73.05K size=2.17MB
|  |       columns: all
|  |     extrapolated-rows=disabled max-scan-range-rows=73.05K
|  |     parquet statistics predicates: tpcds_partitioned_parquet_snap.date_dim_0.d_year = CAST(1999 AS INT), tpcds_partitioned_parquet_snap.date_dim_0.d_moy <= CAST(add(CAST(4 AS SMALLINT), CAST(2 AS SMALLINT)) AS INT), tpcds_partitioned_parquet_snap.date_dim_0.d_moy >= CAST(4 AS INT)
|  |     parquet dictionary predicates: tpcds_partitioned_parquet_snap.date_dim_0.d_year = CAST(1999 AS INT), tpcds_partitioned_parquet_snap.date_dim_0.d_moy <= CAST(add(CAST(4 AS SMALLINT), CAST(2 AS SMALLINT)) AS INT), tpcds_partitioned_parquet_snap.date_dim_0.d_moy >= CAST(4 AS INT), tpcds_partitioned_parquet_snap.date_dim_0.d_date_sk IS NOT NULL
|  |     mem-estimate=16.00MB mem-reservation=512.00KB thread-reservation=0
|  |     tuple-ids=7 row-size=12B cardinality=118 cost=20833
|  |     in pipelines: 05(GETNEXT)
|  |
|  04:SCAN HDFS [tpcds_partitioned_parquet_snap.web_sales, RANDOM]
|     partition predicates: tpcds_partitioned_parquet_snap.web_sales.ws_sold_date_sk IS NOT NULL
|     HDFS partitions=1823/1824 files=1823 size=145.67GB
|     predicates: tpcds_partitioned_parquet_snap.web_sales.ws_bill_customer_sk IS NOT NULL
|     runtime filters: RF003[min_max] -> tpcds_partitioned_parquet_snap.web_sales.ws_bill_customer_sk, RF002[bloom] -> tpcds_partitioned_parquet_snap.web_sales.ws_bill_customer_sk, RF004[bloom] -> tpcds_partitioned_parquet_snap.web_sales.ws_sold_date_sk
|     stored statistics:
|       table: rows=2.16G size=145.75GB
|       partitions: 1823/1823 rows=2.16G
|       columns: all
|     extrapolated-rows=disabled max-scan-range-rows=3.37M est-scan-range=118(filtered from 1823)
|     parquet dictionary predicates: tpcds_partitioned_parquet_snap.web_sales.ws_bill_customer_sk IS NOT NULL
|     mem-estimate=16.00MB mem-reservation=128.00KB thread-reservation=0
|     tuple-ids=5 row-size=8B cardinality=139.66M(filtered from 2.16G) cost=20018731
|     in pipelines: 04(GETNEXT)
|
30:EXCHANGE [HASH(tpcds_partitioned_parquet_snap.customer_demographics.cd_demo_sk)]
|  mem-estimate=10.77MB mem-reservation=0B thread-reservation=0
|  tuple-ids=19 row-size=75B cardinality=1.91M(filtered from 1.92M) cost=869492
|  in pipelines: 17(GETNEXT)
|
F00:PLAN FRAGMENT [RANDOM] hosts=10 instances=10
Per-Host Shared Resources: mem-estimate=2.00MB mem-reservation=2.00MB thread-reservation=0 runtime-filters-memory=2.00MB
Per-Instance Resources: mem-estimate=19.07MB mem-reservation=1.00MB thread-reservation=1
max-parallelism=10 segment-costs=[10970216]
17:SCAN HDFS [tpcds_partitioned_parquet_snap.customer_demographics, RANDOM]
   HDFS partitions=1/1 files=1 size=11.15MB
   predicates: tpcds_partitioned_parquet_snap.customer_demographics.cd_demo_sk IS NOT NULL
   runtime filters: RF001[min_max] -> tpcds_partitioned_parquet_snap.customer_demographics.cd_demo_sk, RF000[bloom] -> tpcds_partitioned_parquet_snap.customer_demographics.cd_demo_sk
   stored statistics:
     table: rows=1.92M size=11.15MB
     columns: all
   extrapolated-rows=disabled max-scan-range-rows=197.97K
   parquet dictionary predicates: tpcds_partitioned_parquet_snap.customer_demographics.cd_demo_sk IS NOT NULL
   mem-estimate=16.00MB mem-reservation=1.00MB thread-reservation=0
   tuple-ids=19 row-size=75B cardinality=1.91M(filtered from 1.92M) cost=788927
   in pipelines: 17(GETNEXT)
====
