# TPCDS-Q04
# start query 4 in stream 0 using template query4.tpl using seed 466720613
with year_total as (
 select c_customer_id customer_id
       ,c_first_name customer_first_name
       ,c_last_name customer_last_name
       ,c_preferred_cust_flag customer_preferred_cust_flag
       ,c_birth_country customer_birth_country
       ,c_login customer_login
       ,c_email_address customer_email_address
       ,d_year dyear
       ,sum(((ss_ext_list_price-ss_ext_wholesale_cost-ss_ext_discount_amt)+ss_ext_sales_price)/2) year_total
       ,'s' sale_type
 from customer
     ,store_sales
     ,date_dim
 where c_customer_sk = ss_customer_sk
   and ss_sold_date_sk = d_date_sk
 group by c_customer_id
         ,c_first_name
         ,c_last_name
         ,c_preferred_cust_flag
         ,c_birth_country
         ,c_login
         ,c_email_address
         ,d_year
 union all
 select c_customer_id customer_id
       ,c_first_name customer_first_name
       ,c_last_name customer_last_name
       ,c_preferred_cust_flag customer_preferred_cust_flag
       ,c_birth_country customer_birth_country
       ,c_login customer_login
       ,c_email_address customer_email_address
       ,d_year dyear
       ,sum((((cs_ext_list_price-cs_ext_wholesale_cost-cs_ext_discount_amt)+cs_ext_sales_price)/2) ) year_total
       ,'c' sale_type
 from customer
     ,catalog_sales
     ,date_dim
 where c_customer_sk = cs_bill_customer_sk
   and cs_sold_date_sk = d_date_sk
 group by c_customer_id
         ,c_first_name
         ,c_last_name
         ,c_preferred_cust_flag
         ,c_birth_country
         ,c_login
         ,c_email_address
         ,d_year
union all
 select c_customer_id customer_id
       ,c_first_name customer_first_name
       ,c_last_name customer_last_name
       ,c_preferred_cust_flag customer_preferred_cust_flag
       ,c_birth_country customer_birth_country
       ,c_login customer_login
       ,c_email_address customer_email_address
       ,d_year dyear
       ,sum((((ws_ext_list_price-ws_ext_wholesale_cost-ws_ext_discount_amt)+ws_ext_sales_price)/2) ) year_total
       ,'w' sale_type
 from customer
     ,web_sales
     ,date_dim
 where c_customer_sk = ws_bill_customer_sk
   and ws_sold_date_sk = d_date_sk
 group by c_customer_id
         ,c_first_name
         ,c_last_name
         ,c_preferred_cust_flag
         ,c_birth_country
         ,c_login
         ,c_email_address
         ,d_year
         )
  select
                  t_s_secyear.customer_id
                 ,t_s_secyear.customer_first_name
                 ,t_s_secyear.customer_last_name
                 ,t_s_secyear.customer_birth_country
 from year_total t_s_firstyear
     ,year_total t_s_secyear
     ,year_total t_c_firstyear
     ,year_total t_c_secyear
     ,year_total t_w_firstyear
     ,year_total t_w_secyear
 where t_s_secyear.customer_id = t_s_firstyear.customer_id
   and t_s_firstyear.customer_id = t_c_secyear.customer_id
   and t_s_firstyear.customer_id = t_c_firstyear.customer_id
   and t_s_firstyear.customer_id = t_w_firstyear.customer_id
   and t_s_firstyear.customer_id = t_w_secyear.customer_id
   and t_s_firstyear.sale_type = 's'
   and t_c_firstyear.sale_type = 'c'
   and t_w_firstyear.sale_type = 'w'
   and t_s_secyear.sale_type = 's'
   and t_c_secyear.sale_type = 'c'
   and t_w_secyear.sale_type = 'w'
   and t_s_firstyear.dyear =  1999
   and t_s_secyear.dyear = 1999+1
   and t_c_firstyear.dyear =  1999
   and t_c_secyear.dyear =  1999+1
   and t_w_firstyear.dyear = 1999
   and t_w_secyear.dyear = 1999+1
   and t_s_firstyear.year_total > 0
   and t_c_firstyear.year_total > 0
   and t_w_firstyear.year_total > 0
   and case when t_c_firstyear.year_total > 0 then t_c_secyear.year_total / t_c_firstyear.year_total else null end
           > case when t_s_firstyear.year_total > 0 then t_s_secyear.year_total / t_s_firstyear.year_total else null end
   and case when t_c_firstyear.year_total > 0 then t_c_secyear.year_total / t_c_firstyear.year_total else null end
           > case when t_w_firstyear.year_total > 0 then t_w_secyear.year_total / t_w_firstyear.year_total else null end
 order by t_s_secyear.customer_id
         ,t_s_secyear.customer_first_name
         ,t_s_secyear.customer_last_name
         ,t_s_secyear.customer_birth_country
limit 100

# end query 4 in stream 0 using template query4.tpl
---- PLAN
Max Per-Host Resource Reservation: Memory=491.38MB Threads=1
Per-Host Resource Estimates: Memory=119.10GB
F00:PLAN FRAGMENT [UNPARTITIONED] hosts=1 instances=1
|  Per-Instance Resources: mem-estimate=119.10GB mem-reservation=491.38MB thread-reservation=1 runtime-filters-memory=70.00MB
|  max-parallelism=1 segment-costs=[10808104999, 5859651015, 3004714721, 3004714721, 10808104999, 5859651015, 2852181185, 400]
PLAN-ROOT SINK
|  output exprs: tpcds_partitioned_parquet_snap.customer.c_customer_id, tpcds_partitioned_parquet_snap.customer.c_first_name, tpcds_partitioned_parquet_snap.customer.c_last_name, tpcds_partitioned_parquet_snap.customer.c_birth_country
|  mem-estimate=4.00MB mem-reservation=4.00MB spill-buffer=2.00MB thread-reservation=0 cost=400
|
41:TOP-N [LIMIT=100]
|  order by: tpcds_partitioned_parquet_snap.customer.c_customer_id ASC NULLS LAST, tpcds_partitioned_parquet_snap.customer.c_first_name ASC NULLS LAST, tpcds_partitioned_parquet_snap.customer.c_last_name ASC NULLS LAST, tpcds_partitioned_parquet_snap.customer.c_birth_country ASC NULLS LAST
|  mem-estimate=8.27KB mem-reservation=0B thread-reservation=0
|  tuple-ids=42 row-size=85B cardinality=100 cost=2263026260
|  in pipelines: 41(GETNEXT), 23(OPEN)
|
40:HASH JOIN [INNER JOIN]
|  hash predicates: tpcds_partitioned_parquet_snap.customer_2.c_customer_id = tpcds_partitioned_parquet_snap.customer_4.c_customer_id
|  fk/pk conjuncts: tpcds_partitioned_parquet_snap.customer_2.c_customer_id = tpcds_partitioned_parquet_snap.customer_4.c_customer_id
|  other join predicates: CASE WHEN sum(divide(add(subtract(subtract(tpcds_partitioned_parquet_snap.catalog_sales_0.cs_ext_list_price, tpcds_partitioned_parquet_snap.catalog_sales_0.cs_ext_wholesale_cost), tpcds_partitioned_parquet_snap.catalog_sales_0.cs_ext_discount_amt), tpcds_partitioned_parquet_snap.catalog_sales_0.cs_ext_sales_price), 2)) > CAST(0 AS DECIMAL(3,0)) THEN divide(sum(divide(add(subtract(subtract(tpcds_partitioned_parquet_snap.catalog_sales.cs_ext_list_price, tpcds_partitioned_parquet_snap.catalog_sales.cs_ext_wholesale_cost), tpcds_partitioned_parquet_snap.catalog_sales.cs_ext_discount_amt), tpcds_partitioned_parquet_snap.catalog_sales.cs_ext_sales_price), 2)), sum(divide(add(subtract(subtract(tpcds_partitioned_parquet_snap.catalog_sales_0.cs_ext_list_price, tpcds_partitioned_parquet_snap.catalog_sales_0.cs_ext_wholesale_cost), tpcds_partitioned_parquet_snap.catalog_sales_0.cs_ext_discount_amt), tpcds_partitioned_parquet_snap.catalog_sales_0.cs_ext_sales_price), 2))) ELSE NULL END > CASE WHEN sum(divide(add(subtract(subtract(tpcds_partitioned_parquet_snap.store_sales_0.ss_ext_list_price, tpcds_partitioned_parquet_snap.store_sales_0.ss_ext_wholesale_cost), tpcds_partitioned_parquet_snap.store_sales_0.ss_ext_discount_amt), tpcds_partitioned_parquet_snap.store_sales_0.ss_ext_sales_price), 2)) > CAST(0 AS DECIMAL(3,0)) THEN divide(sum(divide(add(subtract(subtract(tpcds_partitioned_parquet_snap.store_sales.ss_ext_list_price, tpcds_partitioned_parquet_snap.store_sales.ss_ext_wholesale_cost), tpcds_partitioned_parquet_snap.store_sales.ss_ext_discount_amt), tpcds_partitioned_parquet_snap.store_sales.ss_ext_sales_price), 2)), sum(divide(add(subtract(subtract(tpcds_partitioned_parquet_snap.store_sales_0.ss_ext_list_price, tpcds_partitioned_parquet_snap.store_sales_0.ss_ext_wholesale_cost), tpcds_partitioned_parquet_snap.store_sales_0.ss_ext_discount_amt), tpcds_partitioned_parquet_snap.store_sales_0.ss_ext_sales_price), 2))) ELSE NULL END, CASE WHEN sum(divide(add(subtract(subtract(tpcds_partitioned_parquet_snap.catalog_sales_0.cs_ext_list_price, tpcds_partitioned_parquet_snap.catalog_sales_0.cs_ext_wholesale_cost), tpcds_partitioned_parquet_snap.catalog_sales_0.cs_ext_discount_amt), tpcds_partitioned_parquet_snap.catalog_sales_0.cs_ext_sales_price), 2)) > CAST(0 AS DECIMAL(3,0)) THEN divide(sum(divide(add(subtract(subtract(tpcds_partitioned_parquet_snap.catalog_sales.cs_ext_list_price, tpcds_partitioned_parquet_snap.catalog_sales.cs_ext_wholesale_cost), tpcds_partitioned_parquet_snap.catalog_sales.cs_ext_discount_amt), tpcds_partitioned_parquet_snap.catalog_sales.cs_ext_sales_price), 2)), sum(divide(add(subtract(subtract(tpcds_partitioned_parquet_snap.catalog_sales_0.cs_ext_list_price, tpcds_partitioned_parquet_snap.catalog_sales_0.cs_ext_wholesale_cost), tpcds_partitioned_parquet_snap.catalog_sales_0.cs_ext_discount_amt), tpcds_partitioned_parquet_snap.catalog_sales_0.cs_ext_sales_price), 2))) ELSE NULL END > CASE WHEN sum(divide(add(subtract(subtract(tpcds_partitioned_parquet_snap.web_sales_0.ws_ext_list_price, tpcds_partitioned_parquet_snap.web_sales_0.ws_ext_wholesale_cost), tpcds_partitioned_parquet_snap.web_sales_0.ws_ext_discount_amt), tpcds_partitioned_parquet_snap.web_sales_0.ws_ext_sales_price), 2)) > CAST(0 AS DECIMAL(3,0)) THEN divide(sum(divide(add(subtract(subtract(tpcds_partitioned_parquet_snap.web_sales.ws_ext_list_price, tpcds_partitioned_parquet_snap.web_sales.ws_ext_wholesale_cost), tpcds_partitioned_parquet_snap.web_sales.ws_ext_discount_amt), tpcds_partitioned_parquet_snap.web_sales.ws_ext_sales_price), 2)), sum(divide(add(subtract(subtract(tpcds_partitioned_parquet_snap.web_sales_0.ws_ext_list_price, tpcds_partitioned_parquet_snap.web_sales_0.ws_ext_wholesale_cost), tpcds_partitioned_parquet_snap.web_sales_0.ws_ext_discount_amt), tpcds_partitioned_parquet_snap.web_sales_0.ws_ext_sales_price), 2))) ELSE NULL END
|  runtime filters: RF001[min_max] <- tpcds_partitioned_parquet_snap.customer_4.c_customer_id
|  mem-estimate=14.55GB mem-reservation=34.00MB spill-buffer=2.00MB thread-reservation=0
|  tuple-ids=27,20,13,34,6,41 row-size=991B cardinality=147.90M cost=144716495
|  in pipelines: 23(GETNEXT), 39(OPEN)
|
|--39:AGGREGATE [FINALIZE]
|  |  output: sum(divide(add(subtract(subtract(tpcds_partitioned_parquet_snap.catalog_sales_0.cs_ext_list_price, tpcds_partitioned_parquet_snap.catalog_sales_0.cs_ext_wholesale_cost), tpcds_partitioned_parquet_snap.catalog_sales_0.cs_ext_discount_amt), tpcds_partitioned_parquet_snap.catalog_sales_0.cs_ext_sales_price), CAST(2 AS DECIMAL(3,0))))
|  |  group by: tpcds_partitioned_parquet_snap.customer_4.c_customer_id, tpcds_partitioned_parquet_snap.customer_4.c_first_name, tpcds_partitioned_parquet_snap.customer_4.c_last_name, tpcds_partitioned_parquet_snap.customer_4.c_preferred_cust_flag, tpcds_partitioned_parquet_snap.customer_4.c_birth_country, tpcds_partitioned_parquet_snap.customer_4.c_login, tpcds_partitioned_parquet_snap.customer_4.c_email_address
|  |  having: sum(divide(add(subtract(subtract(tpcds_partitioned_parquet_snap.catalog_sales_0.cs_ext_list_price, tpcds_partitioned_parquet_snap.catalog_sales_0.cs_ext_wholesale_cost), tpcds_partitioned_parquet_snap.catalog_sales_0.cs_ext_discount_amt), tpcds_partitioned_parquet_snap.catalog_sales_0.cs_ext_sales_price), 2)) > CAST(0 AS DECIMAL(3,0))
|  |  mem-estimate=6.93GB mem-reservation=34.00MB spill-buffer=2.00MB thread-reservation=0
|  |  tuple-ids=41 row-size=165B cardinality=79.98M cost=4721057758
|  |  in pipelines: 39(GETNEXT), 34(OPEN)
|  |
|  38:HASH JOIN [INNER JOIN]
|  |  hash predicates: tpcds_partitioned_parquet_snap.catalog_sales_0.cs_bill_customer_sk = tpcds_partitioned_parquet_snap.customer_4.c_customer_sk
|  |  fk/pk conjuncts: tpcds_partitioned_parquet_snap.catalog_sales_0.cs_bill_customer_sk = tpcds_partitioned_parquet_snap.customer_4.c_customer_sk
|  |  runtime filters: RF030[bloom] <- tpcds_partitioned_parquet_snap.customer_4.c_customer_sk, RF031[min_max] <- tpcds_partitioned_parquet_snap.customer_4.c_customer_sk
|  |  mem-estimate=5.03GB mem-reservation=34.00MB spill-buffer=2.00MB thread-reservation=0
|  |  tuple-ids=35,37,39 row-size=185B cardinality=799.83M cost=398416277
|  |  in pipelines: 34(GETNEXT), 37(OPEN)
|  |
|  |--37:SCAN HDFS [tpcds_partitioned_parquet_snap.customer]
|  |     HDFS partitions=1/1 files=1 size=1.55GB
|  |     predicates: tpcds_partitioned_parquet_snap.customer_4.c_customer_id IS NOT NULL, tpcds_partitioned_parquet_snap.customer_4.c_customer_sk IS NOT NULL
|  |     stored statistics:
|  |       table: rows=30.00M size=1.55GB
|  |       columns: all
|  |     extrapolated-rows=disabled max-scan-range-rows=3.10M
|  |     parquet dictionary predicates: tpcds_partitioned_parquet_snap.customer_4.c_customer_id IS NOT NULL, tpcds_partitioned_parquet_snap.customer_4.c_customer_sk IS NOT NULL
|  |     mem-estimate=16.00MB mem-reservation=1.00MB thread-reservation=0
|  |     tuple-ids=39 row-size=153B cardinality=30.00M cost=31557228
|  |     in pipelines: 37(GETNEXT)
|  |
|  36:HASH JOIN [INNER JOIN]
|  |  hash predicates: tpcds_partitioned_parquet_snap.catalog_sales_0.cs_sold_date_sk = tpcds_partitioned_parquet_snap.date_dim_4.d_date_sk
|  |  fk/pk conjuncts: tpcds_partitioned_parquet_snap.catalog_sales_0.cs_sold_date_sk = tpcds_partitioned_parquet_snap.date_dim_4.d_date_sk
|  |  runtime filters: RF032[bloom] <- tpcds_partitioned_parquet_snap.date_dim_4.d_date_sk
|  |  mem-estimate=1.94MB mem-reservation=1.94MB spill-buffer=64.00KB thread-reservation=0
|  |  tuple-ids=35,37 row-size=32B cardinality=871.30M cost=381367031
|  |  in pipelines: 34(GETNEXT), 35(OPEN)
|  |
|  |--35:SCAN HDFS [tpcds_partitioned_parquet_snap.date_dim]
|  |     HDFS partitions=1/1 files=1 size=2.17MB
|  |     predicates: tpcds_partitioned_parquet_snap.date_dim_4.d_year = CAST(1999 AS INT), tpcds_partitioned_parquet_snap.date_dim_4.d_date_sk IS NOT NULL
|  |     stored statistics:
|  |       table: rows=73.05K size=2.17MB
|  |       columns: all
|  |     extrapolated-rows=disabled max-scan-range-rows=73.05K
|  |     parquet statistics predicates: tpcds_partitioned_parquet_snap.date_dim_4.d_year = CAST(1999 AS INT)
|  |     parquet dictionary predicates: tpcds_partitioned_parquet_snap.date_dim_4.d_year = CAST(1999 AS INT), tpcds_partitioned_parquet_snap.date_dim_4.d_date_sk IS NOT NULL
|  |     mem-estimate=16.00MB mem-reservation=512.00KB thread-reservation=0
|  |     tuple-ids=37 row-size=8B cardinality=373 cost=12520
|  |     in pipelines: 35(GETNEXT)
|  |
|  34:SCAN HDFS [tpcds_partitioned_parquet_snap.catalog_sales]
|     partition predicates: tpcds_partitioned_parquet_snap.catalog_sales_0.cs_sold_date_sk IS NOT NULL
|     HDFS partitions=1830/1831 files=1830 size=280.81GB
|     predicates: tpcds_partitioned_parquet_snap.catalog_sales_0.cs_bill_customer_sk IS NOT NULL
|     runtime filters: RF031[min_max] -> tpcds_partitioned_parquet_snap.catalog_sales_0.cs_bill_customer_sk, RF032[bloom] -> tpcds_partitioned_parquet_snap.catalog_sales_0.cs_sold_date_sk, RF030[bloom] -> tpcds_partitioned_parquet_snap.catalog_sales_0.cs_bill_customer_sk
|     stored statistics:
|       table: rows=4.32G size=280.96GB
|       partitions: 1830/1830 rows=4.30G
|       columns: all
|     extrapolated-rows=disabled max-scan-range-rows=5.09M est-scan-range=373(filtered from 1830)
|     parquet dictionary predicates: tpcds_partitioned_parquet_snap.catalog_sales_0.cs_bill_customer_sk IS NOT NULL
|     mem-estimate=16.00MB mem-reservation=256.00KB thread-reservation=0
|     tuple-ids=35 row-size=24B cardinality=871.30M(filtered from 4.28G) cost=327240201
|     in pipelines: 34(GETNEXT)
|
33:HASH JOIN [INNER JOIN]
|  hash predicates: tpcds_partitioned_parquet_snap.customer_2.c_customer_id = tpcds_partitioned_parquet_snap.customer.c_customer_id
|  fk/pk conjuncts: tpcds_partitioned_parquet_snap.customer_2.c_customer_id = tpcds_partitioned_parquet_snap.customer.c_customer_id
|  runtime filters: RF003[min_max] <- tpcds_partitioned_parquet_snap.customer.c_customer_id
|  mem-estimate=27.50GB mem-reservation=34.00MB spill-buffer=2.00MB thread-reservation=0
|  tuple-ids=27,20,13,34,6 row-size=826B cardinality=147.90M cost=185114797
|  in pipelines: 23(GETNEXT), 05(OPEN)
|
|--05:AGGREGATE [FINALIZE]
|  |  output: sum(divide(add(subtract(subtract(tpcds_partitioned_parquet_snap.store_sales.ss_ext_list_price, tpcds_partitioned_parquet_snap.store_sales.ss_ext_wholesale_cost), tpcds_partitioned_parquet_snap.store_sales.ss_ext_discount_amt), tpcds_partitioned_parquet_snap.store_sales.ss_ext_sales_price), CAST(2 AS DECIMAL(3,0))))
|  |  group by: tpcds_partitioned_parquet_snap.customer.c_customer_id, tpcds_partitioned_parquet_snap.customer.c_first_name, tpcds_partitioned_parquet_snap.customer.c_last_name, tpcds_partitioned_parquet_snap.customer.c_preferred_cust_flag, tpcds_partitioned_parquet_snap.customer.c_birth_country, tpcds_partitioned_parquet_snap.customer.c_login, tpcds_partitioned_parquet_snap.customer.c_email_address
|  |  having: sum(divide(add(subtract(subtract(tpcds_partitioned_parquet_snap.store_sales.ss_ext_list_price, tpcds_partitioned_parquet_snap.store_sales.ss_ext_wholesale_cost), tpcds_partitioned_parquet_snap.store_sales.ss_ext_discount_amt), tpcds_partitioned_parquet_snap.store_sales.ss_ext_sales_price), 2)) IS NOT NULL
|  |  mem-estimate=8.68GB mem-reservation=34.00MB spill-buffer=2.00MB thread-reservation=0
|  |  tuple-ids=6 row-size=165B cardinality=147.90M cost=8729673496
|  |  in pipelines: 05(GETNEXT), 00(OPEN)
|  |
|  04:HASH JOIN [INNER JOIN]
|  |  hash predicates: tpcds_partitioned_parquet_snap.store_sales.ss_customer_sk = tpcds_partitioned_parquet_snap.customer.c_customer_sk
|  |  fk/pk conjuncts: tpcds_partitioned_parquet_snap.store_sales.ss_customer_sk = tpcds_partitioned_parquet_snap.customer.c_customer_sk
|  |  runtime filters: RF027[min_max] <- tpcds_partitioned_parquet_snap.customer.c_customer_sk
|  |  mem-estimate=5.03GB mem-reservation=34.00MB spill-buffer=2.00MB thread-reservation=0
|  |  tuple-ids=0,2,4 row-size=185B cardinality=1.48G cost=711235853
|  |  in pipelines: 00(GETNEXT), 03(OPEN)
|  |
|  |--03:SCAN HDFS [tpcds_partitioned_parquet_snap.customer]
|  |     HDFS partitions=1/1 files=1 size=1.55GB
|  |     predicates: tpcds_partitioned_parquet_snap.customer.c_customer_id IS NOT NULL, tpcds_partitioned_parquet_snap.customer.c_customer_sk IS NOT NULL
|  |     runtime filters: RF001[min_max] -> tpcds_partitioned_parquet_snap.customer.c_customer_id
|  |     stored statistics:
|  |       table: rows=30.00M size=1.55GB
|  |       columns: all
|  |     extrapolated-rows=disabled max-scan-range-rows=3.10M
|  |     parquet dictionary predicates: tpcds_partitioned_parquet_snap.customer.c_customer_id IS NOT NULL, tpcds_partitioned_parquet_snap.customer.c_customer_sk IS NOT NULL
|  |     mem-estimate=16.00MB mem-reservation=1.00MB thread-reservation=0
|  |     tuple-ids=4 row-size=153B cardinality=30.00M cost=31557228
|  |     in pipelines: 03(GETNEXT)
|  |
|  02:HASH JOIN [INNER JOIN]
|  |  hash predicates: tpcds_partitioned_parquet_snap.store_sales.ss_sold_date_sk = tpcds_partitioned_parquet_snap.date_dim.d_date_sk
|  |  fk/pk conjuncts: tpcds_partitioned_parquet_snap.store_sales.ss_sold_date_sk = tpcds_partitioned_parquet_snap.date_dim.d_date_sk
|  |  runtime filters: RF028[bloom] <- tpcds_partitioned_parquet_snap.date_dim.d_date_sk
|  |  mem-estimate=1.94MB mem-reservation=1.94MB spill-buffer=64.00KB thread-reservation=0
|  |  tuple-ids=0,2 row-size=32B cardinality=1.61G cost=705182682
|  |  in pipelines: 00(GETNEXT), 01(OPEN)
|  |
|  |--01:SCAN HDFS [tpcds_partitioned_parquet_snap.date_dim]
|  |     HDFS partitions=1/1 files=1 size=2.17MB
|  |     predicates: tpcds_partitioned_parquet_snap.date_dim.d_year = CAST(2000 AS INT), tpcds_partitioned_parquet_snap.date_dim.d_date_sk IS NOT NULL
|  |     stored statistics:
|  |       table: rows=73.05K size=2.17MB
|  |       columns: all
|  |     extrapolated-rows=disabled max-scan-range-rows=73.05K
|  |     parquet statistics predicates: tpcds_partitioned_parquet_snap.date_dim.d_year = CAST(2000 AS INT)
|  |     parquet dictionary predicates: tpcds_partitioned_parquet_snap.date_dim.d_year = CAST(2000 AS INT), tpcds_partitioned_parquet_snap.date_dim.d_date_sk IS NOT NULL
|  |     mem-estimate=16.00MB mem-reservation=512.00KB thread-reservation=0
|  |     tuple-ids=2 row-size=8B cardinality=373 cost=12520
|  |     in pipelines: 01(GETNEXT)
|  |
|  00:SCAN HDFS [tpcds_partitioned_parquet_snap.store_sales]
|     partition predicates: tpcds_partitioned_parquet_snap.store_sales.ss_sold_date_sk IS NOT NULL
|     HDFS partitions=1823/1824 files=1823 size=389.69GB
|     predicates: tpcds_partitioned_parquet_snap.store_sales.ss_customer_sk IS NOT NULL
|     runtime filters: RF027[min_max] -> tpcds_partitioned_parquet_snap.store_sales.ss_customer_sk, RF028[bloom] -> tpcds_partitioned_parquet_snap.store_sales.ss_sold_date_sk
|     stored statistics:
|       table: rows=8.64G size=389.90GB
|       partitions: 1823/1823 rows=8.25G
|       columns: all
|     extrapolated-rows=disabled max-scan-range-rows=12.24M est-scan-range=373(filtered from 1823)
|     parquet dictionary predicates: tpcds_partitioned_parquet_snap.store_sales.ss_customer_sk IS NOT NULL
|     mem-estimate=16.00MB mem-reservation=512.00KB thread-reservation=0
|     tuple-ids=0 row-size=24B cardinality=1.61G(filtered from 7.88G) cost=630443220
|     in pipelines: 00(GETNEXT)
|
32:HASH JOIN [INNER JOIN]
|  hash predicates: tpcds_partitioned_parquet_snap.customer_2.c_customer_id = tpcds_partitioned_parquet_snap.customer_3.c_customer_id
|  fk/pk conjuncts: tpcds_partitioned_parquet_snap.customer_2.c_customer_id = tpcds_partitioned_parquet_snap.customer_3.c_customer_id
|  runtime filters: RF005[min_max] <- tpcds_partitioned_parquet_snap.customer_3.c_customer_id
|  mem-estimate=7.16GB mem-reservation=34.00MB spill-buffer=2.00MB thread-reservation=0
|  tuple-ids=27,20,13,34 row-size=661B cardinality=40.63M cost=58409061
|  in pipelines: 23(GETNEXT), 31(OPEN)
|
|--31:AGGREGATE [FINALIZE]
|  |  output: sum(divide(add(subtract(subtract(tpcds_partitioned_parquet_snap.web_sales_0.ws_ext_list_price, tpcds_partitioned_parquet_snap.web_sales_0.ws_ext_wholesale_cost), tpcds_partitioned_parquet_snap.web_sales_0.ws_ext_discount_amt), tpcds_partitioned_parquet_snap.web_sales_0.ws_ext_sales_price), CAST(2 AS DECIMAL(3,0))))
|  |  group by: tpcds_partitioned_parquet_snap.customer_3.c_customer_id, tpcds_partitioned_parquet_snap.customer_3.c_first_name, tpcds_partitioned_parquet_snap.customer_3.c_last_name, tpcds_partitioned_parquet_snap.customer_3.c_preferred_cust_flag, tpcds_partitioned_parquet_snap.customer_3.c_birth_country, tpcds_partitioned_parquet_snap.customer_3.c_login, tpcds_partitioned_parquet_snap.customer_3.c_email_address
|  |  having: sum(divide(add(subtract(subtract(tpcds_partitioned_parquet_snap.web_sales_0.ws_ext_list_price, tpcds_partitioned_parquet_snap.web_sales_0.ws_ext_wholesale_cost), tpcds_partitioned_parquet_snap.web_sales_0.ws_ext_discount_amt), tpcds_partitioned_parquet_snap.web_sales_0.ws_ext_sales_price), 2)) > CAST(0 AS DECIMAL(3,0))
|  |  mem-estimate=5.92GB mem-reservation=34.00MB spill-buffer=2.00MB thread-reservation=0
|  |  tuple-ids=34 row-size=165B cardinality=40.63M cost=2398033848
|  |  in pipelines: 31(GETNEXT), 26(OPEN)
|  |
|  30:HASH JOIN [INNER JOIN]
|  |  hash predicates: tpcds_partitioned_parquet_snap.web_sales_0.ws_bill_customer_sk = tpcds_partitioned_parquet_snap.customer_3.c_customer_sk
|  |  fk/pk conjuncts: tpcds_partitioned_parquet_snap.web_sales_0.ws_bill_customer_sk = tpcds_partitioned_parquet_snap.customer_3.c_customer_sk
|  |  runtime filters: RF023[min_max] <- tpcds_partitioned_parquet_snap.customer_3.c_customer_sk
|  |  mem-estimate=5.03GB mem-reservation=34.00MB spill-buffer=2.00MB thread-reservation=0
|  |  tuple-ids=28,30,32 row-size=185B cardinality=406.27M cost=216854633
|  |  in pipelines: 26(GETNEXT), 29(OPEN)
|  |
|  |--29:SCAN HDFS [tpcds_partitioned_parquet_snap.customer]
|  |     HDFS partitions=1/1 files=1 size=1.55GB
|  |     predicates: tpcds_partitioned_parquet_snap.customer_3.c_customer_id IS NOT NULL, tpcds_partitioned_parquet_snap.customer_3.c_customer_sk IS NOT NULL
|  |     runtime filters: RF001[min_max] -> tpcds_partitioned_parquet_snap.customer_3.c_customer_id, RF003[min_max] -> tpcds_partitioned_parquet_snap.customer_3.c_customer_id
|  |     stored statistics:
|  |       table: rows=30.00M size=1.55GB
|  |       columns: all
|  |     extrapolated-rows=disabled max-scan-range-rows=3.10M
|  |     parquet dictionary predicates: tpcds_partitioned_parquet_snap.customer_3.c_customer_id IS NOT NULL, tpcds_partitioned_parquet_snap.customer_3.c_customer_sk IS NOT NULL
|  |     mem-estimate=16.00MB mem-reservation=1.00MB thread-reservation=0
|  |     tuple-ids=32 row-size=153B cardinality=30.00M cost=31557228
|  |     in pipelines: 29(GETNEXT)
|  |
|  28:HASH JOIN [INNER JOIN]
|  |  hash predicates: tpcds_partitioned_parquet_snap.web_sales_0.ws_sold_date_sk = tpcds_partitioned_parquet_snap.date_dim_3.d_date_sk
|  |  fk/pk conjuncts: tpcds_partitioned_parquet_snap.web_sales_0.ws_sold_date_sk = tpcds_partitioned_parquet_snap.date_dim_3.d_date_sk
|  |  runtime filters: RF024[bloom] <- tpcds_partitioned_parquet_snap.date_dim_3.d_date_sk
|  |  mem-estimate=1.94MB mem-reservation=1.94MB spill-buffer=64.00KB thread-reservation=0
|  |  tuple-ids=28,30 row-size=32B cardinality=441.48M cost=193235083
|  |  in pipelines: 26(GETNEXT), 27(OPEN)
|  |
|  |--27:SCAN HDFS [tpcds_partitioned_parquet_snap.date_dim]
|  |     HDFS partitions=1/1 files=1 size=2.17MB
|  |     predicates: tpcds_partitioned_parquet_snap.date_dim_3.d_year = CAST(1999 AS INT), tpcds_partitioned_parquet_snap.date_dim_3.d_date_sk IS NOT NULL
|  |     stored statistics:
|  |       table: rows=73.05K size=2.17MB
|  |       columns: all
|  |     extrapolated-rows=disabled max-scan-range-rows=73.05K
|  |     parquet statistics predicates: tpcds_partitioned_parquet_snap.date_dim_3.d_year = CAST(1999 AS INT)
|  |     parquet dictionary predicates: tpcds_partitioned_parquet_snap.date_dim_3.d_year = CAST(1999 AS INT), tpcds_partitioned_parquet_snap.date_dim_3.d_date_sk IS NOT NULL
|  |     mem-estimate=16.00MB mem-reservation=512.00KB thread-reservation=0
|  |     tuple-ids=30 row-size=8B cardinality=373 cost=12520
|  |     in pipelines: 27(GETNEXT)
|  |
|  26:SCAN HDFS [tpcds_partitioned_parquet_snap.web_sales]
|     partition predicates: tpcds_partitioned_parquet_snap.web_sales_0.ws_sold_date_sk IS NOT NULL
|     HDFS partitions=1823/1824 files=1823 size=145.67GB
|     predicates: tpcds_partitioned_parquet_snap.web_sales_0.ws_bill_customer_sk IS NOT NULL
|     runtime filters: RF023[min_max] -> tpcds_partitioned_parquet_snap.web_sales_0.ws_bill_customer_sk, RF024[bloom] -> tpcds_partitioned_parquet_snap.web_sales_0.ws_sold_date_sk
|     stored statistics:
|       table: rows=2.16G size=145.75GB
|       partitions: 1823/1823 rows=2.16G
|       columns: all
|     extrapolated-rows=disabled max-scan-range-rows=3.37M est-scan-range=373(filtered from 1823)
|     parquet dictionary predicates: tpcds_partitioned_parquet_snap.web_sales_0.ws_bill_customer_sk IS NOT NULL
|     mem-estimate=16.00MB mem-reservation=128.00KB thread-reservation=0
|     tuple-ids=28 row-size=24B cardinality=441.48M(filtered from 2.16G) cost=165021409
|     in pipelines: 26(GETNEXT)
|
25:HASH JOIN [INNER JOIN]
|  hash predicates: tpcds_partitioned_parquet_snap.customer_2.c_customer_id = tpcds_partitioned_parquet_snap.customer_0.c_customer_id
|  fk/pk conjuncts: tpcds_partitioned_parquet_snap.customer_2.c_customer_id = tpcds_partitioned_parquet_snap.customer_0.c_customer_id
|  runtime filters: RF006[bloom] <- tpcds_partitioned_parquet_snap.customer_0.c_customer_id, RF007[min_max] <- tpcds_partitioned_parquet_snap.customer_0.c_customer_id
|  mem-estimate=7.16GB mem-reservation=34.00MB spill-buffer=2.00MB thread-reservation=0
|  tuple-ids=27,20,13 row-size=495B cardinality=40.63M cost=68503860
|  in pipelines: 23(GETNEXT), 11(OPEN)
|
|--11:AGGREGATE [FINALIZE]
|  |  output: sum(divide(add(subtract(subtract(tpcds_partitioned_parquet_snap.web_sales.ws_ext_list_price, tpcds_partitioned_parquet_snap.web_sales.ws_ext_wholesale_cost), tpcds_partitioned_parquet_snap.web_sales.ws_ext_discount_amt), tpcds_partitioned_parquet_snap.web_sales.ws_ext_sales_price), CAST(2 AS DECIMAL(3,0))))
|  |  group by: tpcds_partitioned_parquet_snap.customer_0.c_customer_id, tpcds_partitioned_parquet_snap.customer_0.c_first_name, tpcds_partitioned_parquet_snap.customer_0.c_last_name, tpcds_partitioned_parquet_snap.customer_0.c_preferred_cust_flag, tpcds_partitioned_parquet_snap.customer_0.c_birth_country, tpcds_partitioned_parquet_snap.customer_0.c_login, tpcds_partitioned_parquet_snap.customer_0.c_email_address
|  |  having: sum(divide(add(subtract(subtract(tpcds_partitioned_parquet_snap.web_sales.ws_ext_list_price, tpcds_partitioned_parquet_snap.web_sales.ws_ext_wholesale_cost), tpcds_partitioned_parquet_snap.web_sales.ws_ext_discount_amt), tpcds_partitioned_parquet_snap.web_sales.ws_ext_sales_price), 2)) IS NOT NULL
|  |  mem-estimate=5.92GB mem-reservation=34.00MB spill-buffer=2.00MB thread-reservation=0
|  |  tuple-ids=13 row-size=165B cardinality=40.63M cost=2398033848
|  |  in pipelines: 11(GETNEXT), 06(OPEN)
|  |
|  10:HASH JOIN [INNER JOIN]
|  |  hash predicates: tpcds_partitioned_parquet_snap.web_sales.ws_bill_customer_sk = tpcds_partitioned_parquet_snap.customer_0.c_customer_sk
|  |  fk/pk conjuncts: tpcds_partitioned_parquet_snap.web_sales.ws_bill_customer_sk = tpcds_partitioned_parquet_snap.customer_0.c_customer_sk
|  |  runtime filters: RF019[min_max] <- tpcds_partitioned_parquet_snap.customer_0.c_customer_sk
|  |  mem-estimate=5.03GB mem-reservation=34.00MB spill-buffer=2.00MB thread-reservation=0
|  |  tuple-ids=7,9,11 row-size=185B cardinality=406.27M cost=216854633
|  |  in pipelines: 06(GETNEXT), 09(OPEN)
|  |
|  |--09:SCAN HDFS [tpcds_partitioned_parquet_snap.customer]
|  |     HDFS partitions=1/1 files=1 size=1.55GB
|  |     predicates: tpcds_partitioned_parquet_snap.customer_0.c_customer_id IS NOT NULL, tpcds_partitioned_parquet_snap.customer_0.c_customer_sk IS NOT NULL
|  |     runtime filters: RF001[min_max] -> tpcds_partitioned_parquet_snap.customer_0.c_customer_id, RF005[min_max] -> tpcds_partitioned_parquet_snap.customer_0.c_customer_id, RF003[min_max] -> tpcds_partitioned_parquet_snap.customer_0.c_customer_id
|  |     stored statistics:
|  |       table: rows=30.00M size=1.55GB
|  |       columns: all
|  |     extrapolated-rows=disabled max-scan-range-rows=3.10M
|  |     parquet dictionary predicates: tpcds_partitioned_parquet_snap.customer_0.c_customer_id IS NOT NULL, tpcds_partitioned_parquet_snap.customer_0.c_customer_sk IS NOT NULL
|  |     mem-estimate=16.00MB mem-reservation=1.00MB thread-reservation=0
|  |     tuple-ids=11 row-size=153B cardinality=30.00M cost=31557228
|  |     in pipelines: 09(GETNEXT)
|  |
|  08:HASH JOIN [INNER JOIN]
|  |  hash predicates: tpcds_partitioned_parquet_snap.web_sales.ws_sold_date_sk = tpcds_partitioned_parquet_snap.date_dim_0.d_date_sk
|  |  fk/pk conjuncts: tpcds_partitioned_parquet_snap.web_sales.ws_sold_date_sk = tpcds_partitioned_parquet_snap.date_dim_0.d_date_sk
|  |  runtime filters: RF020[bloom] <- tpcds_partitioned_parquet_snap.date_dim_0.d_date_sk
|  |  mem-estimate=1.94MB mem-reservation=1.94MB spill-buffer=64.00KB thread-reservation=0
|  |  tuple-ids=7,9 row-size=32B cardinality=441.48M cost=193235083
|  |  in pipelines: 06(GETNEXT), 07(OPEN)
|  |
|  |--07:SCAN HDFS [tpcds_partitioned_parquet_snap.date_dim]
|  |     HDFS partitions=1/1 files=1 size=2.17MB
|  |     predicates: tpcds_partitioned_parquet_snap.date_dim_0.d_year = CAST(2000 AS INT), tpcds_partitioned_parquet_snap.date_dim_0.d_date_sk IS NOT NULL
|  |     stored statistics:
|  |       table: rows=73.05K size=2.17MB
|  |       columns: all
|  |     extrapolated-rows=disabled max-scan-range-rows=73.05K
|  |     parquet statistics predicates: tpcds_partitioned_parquet_snap.date_dim_0.d_year = CAST(2000 AS INT)
|  |     parquet dictionary predicates: tpcds_partitioned_parquet_snap.date_dim_0.d_year = CAST(2000 AS INT), tpcds_partitioned_parquet_snap.date_dim_0.d_date_sk IS NOT NULL
|  |     mem-estimate=16.00MB mem-reservation=512.00KB thread-reservation=0
|  |     tuple-ids=9 row-size=8B cardinality=373 cost=12520
|  |     in pipelines: 07(GETNEXT)
|  |
|  06:SCAN HDFS [tpcds_partitioned_parquet_snap.web_sales]
|     partition predicates: tpcds_partitioned_parquet_snap.web_sales.ws_sold_date_sk IS NOT NULL
|     HDFS partitions=1823/1824 files=1823 size=145.67GB
|     predicates: tpcds_partitioned_parquet_snap.web_sales.ws_bill_customer_sk IS NOT NULL
|     runtime filters: RF019[min_max] -> tpcds_partitioned_parquet_snap.web_sales.ws_bill_customer_sk, RF020[bloom] -> tpcds_partitioned_parquet_snap.web_sales.ws_sold_date_sk
|     stored statistics:
|       table: rows=2.16G size=145.75GB
|       partitions: 1823/1823 rows=2.16G
|       columns: all
|     extrapolated-rows=disabled max-scan-range-rows=3.37M est-scan-range=373(filtered from 1823)
|     parquet dictionary predicates: tpcds_partitioned_parquet_snap.web_sales.ws_bill_customer_sk IS NOT NULL
|     mem-estimate=16.00MB mem-reservation=128.00KB thread-reservation=0
|     tuple-ids=7 row-size=24B cardinality=441.48M(filtered from 2.16G) cost=165021409
|     in pipelines: 06(GETNEXT)
|
24:HASH JOIN [INNER JOIN]
|  hash predicates: tpcds_partitioned_parquet_snap.customer_2.c_customer_id = tpcds_partitioned_parquet_snap.customer_1.c_customer_id
|  fk/pk conjuncts: tpcds_partitioned_parquet_snap.customer_2.c_customer_id = tpcds_partitioned_parquet_snap.customer_1.c_customer_id
|  runtime filters: RF008[bloom] <- tpcds_partitioned_parquet_snap.customer_1.c_customer_id, RF009[min_max] <- tpcds_partitioned_parquet_snap.customer_1.c_customer_id
|  mem-estimate=14.55GB mem-reservation=34.00MB spill-buffer=2.00MB thread-reservation=0
|  tuple-ids=27,20 row-size=330B cardinality=79.98M cost=132410712
|  in pipelines: 23(GETNEXT), 17(OPEN)
|
|--17:AGGREGATE [FINALIZE]
|  |  output: sum(divide(add(subtract(subtract(tpcds_partitioned_parquet_snap.catalog_sales.cs_ext_list_price, tpcds_partitioned_parquet_snap.catalog_sales.cs_ext_wholesale_cost), tpcds_partitioned_parquet_snap.catalog_sales.cs_ext_discount_amt), tpcds_partitioned_parquet_snap.catalog_sales.cs_ext_sales_price), CAST(2 AS DECIMAL(3,0))))
|  |  group by: tpcds_partitioned_parquet_snap.customer_1.c_customer_id, tpcds_partitioned_parquet_snap.customer_1.c_first_name, tpcds_partitioned_parquet_snap.customer_1.c_last_name, tpcds_partitioned_parquet_snap.customer_1.c_preferred_cust_flag, tpcds_partitioned_parquet_snap.customer_1.c_birth_country, tpcds_partitioned_parquet_snap.customer_1.c_login, tpcds_partitioned_parquet_snap.customer_1.c_email_address
|  |  having: sum(divide(add(subtract(subtract(tpcds_partitioned_parquet_snap.catalog_sales.cs_ext_list_price, tpcds_partitioned_parquet_snap.catalog_sales.cs_ext_wholesale_cost), tpcds_partitioned_parquet_snap.catalog_sales.cs_ext_discount_amt), tpcds_partitioned_parquet_snap.catalog_sales.cs_ext_sales_price), 2)) IS NOT NULL
|  |  mem-estimate=6.93GB mem-reservation=34.00MB spill-buffer=2.00MB thread-reservation=0
|  |  tuple-ids=20 row-size=165B cardinality=79.98M cost=4721057758
|  |  in pipelines: 17(GETNEXT), 12(OPEN)
|  |
|  16:HASH JOIN [INNER JOIN]
|  |  hash predicates: tpcds_partitioned_parquet_snap.catalog_sales.cs_bill_customer_sk = tpcds_partitioned_parquet_snap.customer_1.c_customer_sk
|  |  fk/pk conjuncts: tpcds_partitioned_parquet_snap.catalog_sales.cs_bill_customer_sk = tpcds_partitioned_parquet_snap.customer_1.c_customer_sk
|  |  runtime filters: RF014[bloom] <- tpcds_partitioned_parquet_snap.customer_1.c_customer_sk, RF015[min_max] <- tpcds_partitioned_parquet_snap.customer_1.c_customer_sk
|  |  mem-estimate=5.03GB mem-reservation=34.00MB spill-buffer=2.00MB thread-reservation=0
|  |  tuple-ids=14,16,18 row-size=185B cardinality=799.83M cost=398416277
|  |  in pipelines: 12(GETNEXT), 15(OPEN)
|  |
|  |--15:SCAN HDFS [tpcds_partitioned_parquet_snap.customer]
|  |     HDFS partitions=1/1 files=1 size=1.55GB
|  |     predicates: tpcds_partitioned_parquet_snap.customer_1.c_customer_id IS NOT NULL, tpcds_partitioned_parquet_snap.customer_1.c_customer_sk IS NOT NULL
|  |     runtime filters: RF007[min_max] -> tpcds_partitioned_parquet_snap.customer_1.c_customer_id, RF001[min_max] -> tpcds_partitioned_parquet_snap.customer_1.c_customer_id, RF005[min_max] -> tpcds_partitioned_parquet_snap.customer_1.c_customer_id, RF003[min_max] -> tpcds_partitioned_parquet_snap.customer_1.c_customer_id, RF006[bloom] -> tpcds_partitioned_parquet_snap.customer_1.c_customer_id
|  |     stored statistics:
|  |       table: rows=30.00M size=1.55GB
|  |       columns: all
|  |     extrapolated-rows=disabled max-scan-range-rows=3.10M
|  |     parquet dictionary predicates: tpcds_partitioned_parquet_snap.customer_1.c_customer_id IS NOT NULL, tpcds_partitioned_parquet_snap.customer_1.c_customer_sk IS NOT NULL
|  |     mem-estimate=16.00MB mem-reservation=1.00MB thread-reservation=0
|  |     tuple-ids=18 row-size=153B cardinality=30.00M cost=31557228
|  |     in pipelines: 15(GETNEXT)
|  |
|  14:HASH JOIN [INNER JOIN]
|  |  hash predicates: tpcds_partitioned_parquet_snap.catalog_sales.cs_sold_date_sk = tpcds_partitioned_parquet_snap.date_dim_1.d_date_sk
|  |  fk/pk conjuncts: tpcds_partitioned_parquet_snap.catalog_sales.cs_sold_date_sk = tpcds_partitioned_parquet_snap.date_dim_1.d_date_sk
|  |  runtime filters: RF016[bloom] <- tpcds_partitioned_parquet_snap.date_dim_1.d_date_sk
|  |  mem-estimate=1.94MB mem-reservation=1.94MB spill-buffer=64.00KB thread-reservation=0
|  |  tuple-ids=14,16 row-size=32B cardinality=871.30M cost=381367031
|  |  in pipelines: 12(GETNEXT), 13(OPEN)
|  |
|  |--13:SCAN HDFS [tpcds_partitioned_parquet_snap.date_dim]
|  |     HDFS partitions=1/1 files=1 size=2.17MB
|  |     predicates: tpcds_partitioned_parquet_snap.date_dim_1.d_year = CAST(2000 AS INT), tpcds_partitioned_parquet_snap.date_dim_1.d_date_sk IS NOT NULL
|  |     stored statistics:
|  |       table: rows=73.05K size=2.17MB
|  |       columns: all
|  |     extrapolated-rows=disabled max-scan-range-rows=73.05K
|  |     parquet statistics predicates: tpcds_partitioned_parquet_snap.date_dim_1.d_year = CAST(2000 AS INT)
|  |     parquet dictionary predicates: tpcds_partitioned_parquet_snap.date_dim_1.d_year = CAST(2000 AS INT), tpcds_partitioned_parquet_snap.date_dim_1.d_date_sk IS NOT NULL
|  |     mem-estimate=16.00MB mem-reservation=512.00KB thread-reservation=0
|  |     tuple-ids=16 row-size=8B cardinality=373 cost=12520
|  |     in pipelines: 13(GETNEXT)
|  |
|  12:SCAN HDFS [tpcds_partitioned_parquet_snap.catalog_sales]
|     partition predicates: tpcds_partitioned_parquet_snap.catalog_sales.cs_sold_date_sk IS NOT NULL
|     HDFS partitions=1830/1831 files=1830 size=280.81GB
|     predicates: tpcds_partitioned_parquet_snap.catalog_sales.cs_bill_customer_sk IS NOT NULL
|     runtime filters: RF015[min_max] -> tpcds_partitioned_parquet_snap.catalog_sales.cs_bill_customer_sk, RF016[bloom] -> tpcds_partitioned_parquet_snap.catalog_sales.cs_sold_date_sk, RF014[bloom] -> tpcds_partitioned_parquet_snap.catalog_sales.cs_bill_customer_sk
|     stored statistics:
|       table: rows=4.32G size=280.96GB
|       partitions: 1830/1830 rows=4.30G
|       columns: all
|     extrapolated-rows=disabled max-scan-range-rows=5.09M est-scan-range=373(filtered from 1830)
|     parquet dictionary predicates: tpcds_partitioned_parquet_snap.catalog_sales.cs_bill_customer_sk IS NOT NULL
|     mem-estimate=16.00MB mem-reservation=256.00KB thread-reservation=0
|     tuple-ids=14 row-size=24B cardinality=871.30M(filtered from 4.28G) cost=327240201
|     in pipelines: 12(GETNEXT)
|
23:AGGREGATE [FINALIZE]
|  output: sum(divide(add(subtract(subtract(tpcds_partitioned_parquet_snap.store_sales_0.ss_ext_list_price, tpcds_partitioned_parquet_snap.store_sales_0.ss_ext_wholesale_cost), tpcds_partitioned_parquet_snap.store_sales_0.ss_ext_discount_amt), tpcds_partitioned_parquet_snap.store_sales_0.ss_ext_sales_price), CAST(2 AS DECIMAL(3,0))))
|  group by: tpcds_partitioned_parquet_snap.customer_2.c_customer_id, tpcds_partitioned_parquet_snap.customer_2.c_first_name, tpcds_partitioned_parquet_snap.customer_2.c_last_name, tpcds_partitioned_parquet_snap.customer_2.c_preferred_cust_flag, tpcds_partitioned_parquet_snap.customer_2.c_birth_country, tpcds_partitioned_parquet_snap.customer_2.c_login, tpcds_partitioned_parquet_snap.customer_2.c_email_address
|  having: sum(divide(add(subtract(subtract(tpcds_partitioned_parquet_snap.store_sales_0.ss_ext_list_price, tpcds_partitioned_parquet_snap.store_sales_0.ss_ext_wholesale_cost), tpcds_partitioned_parquet_snap.store_sales_0.ss_ext_discount_amt), tpcds_partitioned_parquet_snap.store_sales_0.ss_ext_sales_price), 2)) > CAST(0 AS DECIMAL(3,0))
|  mem-estimate=8.68GB mem-reservation=34.00MB spill-buffer=2.00MB thread-reservation=0
|  tuple-ids=27 row-size=165B cardinality=147.90M cost=8729673496
|  in pipelines: 23(GETNEXT), 18(OPEN)
|
22:HASH JOIN [INNER JOIN]
|  hash predicates: tpcds_partitioned_parquet_snap.store_sales_0.ss_customer_sk = tpcds_partitioned_parquet_snap.customer_2.c_customer_sk
|  fk/pk conjuncts: tpcds_partitioned_parquet_snap.store_sales_0.ss_customer_sk = tpcds_partitioned_parquet_snap.customer_2.c_customer_sk
|  runtime filters: RF011[min_max] <- tpcds_partitioned_parquet_snap.customer_2.c_customer_sk
|  mem-estimate=5.03GB mem-reservation=34.00MB spill-buffer=2.00MB thread-reservation=0
|  tuple-ids=21,23,25 row-size=185B cardinality=1.48G cost=711235853
|  in pipelines: 18(GETNEXT), 21(OPEN)
|
|--21:SCAN HDFS [tpcds_partitioned_parquet_snap.customer]
|     HDFS partitions=1/1 files=1 size=1.55GB
|     predicates: tpcds_partitioned_parquet_snap.customer_2.c_customer_id IS NOT NULL, tpcds_partitioned_parquet_snap.customer_2.c_customer_sk IS NOT NULL
|     runtime filters: RF007[min_max] -> tpcds_partitioned_parquet_snap.customer_2.c_customer_id, RF009[min_max] -> tpcds_partitioned_parquet_snap.customer_2.c_customer_id, RF001[min_max] -> tpcds_partitioned_parquet_snap.customer_2.c_customer_id, RF005[min_max] -> tpcds_partitioned_parquet_snap.customer_2.c_customer_id, RF003[min_max] -> tpcds_partitioned_parquet_snap.customer_2.c_customer_id, RF006[bloom] -> tpcds_partitioned_parquet_snap.customer_2.c_customer_id, RF008[bloom] -> tpcds_partitioned_parquet_snap.customer_2.c_customer_id
|     stored statistics:
|       table: rows=30.00M size=1.55GB
|       columns: all
|     extrapolated-rows=disabled max-scan-range-rows=3.10M
|     parquet dictionary predicates: tpcds_partitioned_parquet_snap.customer_2.c_customer_id IS NOT NULL, tpcds_partitioned_parquet_snap.customer_2.c_customer_sk IS NOT NULL
|     mem-estimate=16.00MB mem-reservation=1.00MB thread-reservation=0
|     tuple-ids=25 row-size=153B cardinality=30.00M cost=31557228
|     in pipelines: 21(GETNEXT)
|
20:HASH JOIN [INNER JOIN]
|  hash predicates: tpcds_partitioned_parquet_snap.store_sales_0.ss_sold_date_sk = tpcds_partitioned_parquet_snap.date_dim_2.d_date_sk
|  fk/pk conjuncts: tpcds_partitioned_parquet_snap.store_sales_0.ss_sold_date_sk = tpcds_partitioned_parquet_snap.date_dim_2.d_date_sk
|  runtime filters: RF012[bloom] <- tpcds_partitioned_parquet_snap.date_dim_2.d_date_sk
|  mem-estimate=1.94MB mem-reservation=1.94MB spill-buffer=64.00KB thread-reservation=0
|  tuple-ids=21,23 row-size=32B cardinality=1.61G cost=705182682
|  in pipelines: 18(GETNEXT), 19(OPEN)
|
|--19:SCAN HDFS [tpcds_partitioned_parquet_snap.date_dim]
|     HDFS partitions=1/1 files=1 size=2.17MB
|     predicates: tpcds_partitioned_parquet_snap.date_dim_2.d_year = CAST(1999 AS INT), tpcds_partitioned_parquet_snap.date_dim_2.d_date_sk IS NOT NULL
|     stored statistics:
|       table: rows=73.05K size=2.17MB
|       columns: all
|     extrapolated-rows=disabled max-scan-range-rows=73.05K
|     parquet statistics predicates: tpcds_partitioned_parquet_snap.date_dim_2.d_year = CAST(1999 AS INT)
|     parquet dictionary predicates: tpcds_partitioned_parquet_snap.date_dim_2.d_year = CAST(1999 AS INT), tpcds_partitioned_parquet_snap.date_dim_2.d_date_sk IS NOT NULL
|     mem-estimate=16.00MB mem-reservation=512.00KB thread-reservation=0
|     tuple-ids=23 row-size=8B cardinality=373 cost=12520
|     in pipelines: 19(GETNEXT)
|
18:SCAN HDFS [tpcds_partitioned_parquet_snap.store_sales]
   partition predicates: tpcds_partitioned_parquet_snap.store_sales_0.ss_sold_date_sk IS NOT NULL
   HDFS partitions=1823/1824 files=1823 size=389.69GB
   predicates: tpcds_partitioned_parquet_snap.store_sales_0.ss_customer_sk IS NOT NULL
   runtime filters: RF011[min_max] -> tpcds_partitioned_parquet_snap.store_sales_0.ss_customer_sk, RF012[bloom] -> tpcds_partitioned_parquet_snap.store_sales_0.ss_sold_date_sk
   stored statistics:
     table: rows=8.64G size=389.90GB
     partitions: 1823/1823 rows=8.25G
     columns: all
   extrapolated-rows=disabled max-scan-range-rows=12.24M est-scan-range=373(filtered from 1823)
   parquet dictionary predicates: tpcds_partitioned_parquet_snap.store_sales_0.ss_customer_sk IS NOT NULL
   mem-estimate=16.00MB mem-reservation=512.00KB thread-reservation=0
   tuple-ids=21 row-size=24B cardinality=1.61G(filtered from 7.88G) cost=630443220
   in pipelines: 18(GETNEXT)
---- DISTRIBUTEDPLAN
Max Per-Host Resource Reservation: Memory=10.17GB Threads=379
Per-Host Resource Estimates: Memory=184.29GB
F31:PLAN FRAGMENT [UNPARTITIONED] hosts=1 instances=1
|  Per-Instance Resources: mem-estimate=5.02MB mem-reservation=4.00MB thread-reservation=1
|  max-parallelism=1 segment-costs=[442] cpu-comparison-result=1440 [max(1 (self) vs 1440 (sum children))]
PLAN-ROOT SINK
|  output exprs: tpcds_partitioned_parquet_snap.customer.c_customer_id, tpcds_partitioned_parquet_snap.customer.c_first_name, tpcds_partitioned_parquet_snap.customer.c_last_name, tpcds_partitioned_parquet_snap.customer.c_birth_country
|  mem-estimate=4.00MB mem-reservation=4.00MB spill-buffer=2.00MB thread-reservation=0 cost=400
|
78:MERGING-EXCHANGE [UNPARTITIONED]
|  order by: tpcds_partitioned_parquet_snap.customer.c_customer_id ASC NULLS LAST, tpcds_partitioned_parquet_snap.customer.c_first_name ASC NULLS LAST, tpcds_partitioned_parquet_snap.customer.c_last_name ASC NULLS LAST, tpcds_partitioned_parquet_snap.customer.c_birth_country ASC NULLS LAST
|  limit: 100
|  mem-estimate=1.02MB mem-reservation=0B thread-reservation=0
|  tuple-ids=42 row-size=85B cardinality=100 cost=42
|  in pipelines: 41(GETNEXT)
|
F10:PLAN FRAGMENT [HASH(tpcds_partitioned_parquet_snap.customer_2.c_customer_id)] hosts=10 instances=120
Per-Instance Resources: mem-estimate=29.83MB mem-reservation=0B thread-reservation=1
max-parallelism=260 segment-costs=[2591850306, 253] cpu-comparison-result=1440 [max(120 (self) vs 1440 (sum children))]
41:TOP-N [LIMIT=100]
|  order by: tpcds_partitioned_parquet_snap.customer.c_customer_id ASC NULLS LAST, tpcds_partitioned_parquet_snap.customer.c_first_name ASC NULLS LAST, tpcds_partitioned_parquet_snap.customer.c_last_name ASC NULLS LAST, tpcds_partitioned_parquet_snap.customer.c_birth_country ASC NULLS LAST
|  mem-estimate=8.27KB mem-reservation=0B thread-reservation=0
|  tuple-ids=42 row-size=85B cardinality=100 cost=2263026260
|  in pipelines: 41(GETNEXT), 46(OPEN)
|
40:HASH JOIN [INNER JOIN, PARTITIONED]
|  hash-table-id=00
|  hash predicates: tpcds_partitioned_parquet_snap.customer_2.c_customer_id = tpcds_partitioned_parquet_snap.customer_4.c_customer_id
|  fk/pk conjuncts: tpcds_partitioned_parquet_snap.customer_2.c_customer_id = tpcds_partitioned_parquet_snap.customer_4.c_customer_id
|  other join predicates: CASE WHEN sum(divide(add(subtract(subtract(tpcds_partitioned_parquet_snap.catalog_sales_0.cs_ext_list_price, tpcds_partitioned_parquet_snap.catalog_sales_0.cs_ext_wholesale_cost), tpcds_partitioned_parquet_snap.catalog_sales_0.cs_ext_discount_amt), tpcds_partitioned_parquet_snap.catalog_sales_0.cs_ext_sales_price), 2)) > CAST(0 AS DECIMAL(3,0)) THEN divide(sum(divide(add(subtract(subtract(tpcds_partitioned_parquet_snap.catalog_sales.cs_ext_list_price, tpcds_partitioned_parquet_snap.catalog_sales.cs_ext_wholesale_cost), tpcds_partitioned_parquet_snap.catalog_sales.cs_ext_discount_amt), tpcds_partitioned_parquet_snap.catalog_sales.cs_ext_sales_price), 2)), sum(divide(add(subtract(subtract(tpcds_partitioned_parquet_snap.catalog_sales_0.cs_ext_list_price, tpcds_partitioned_parquet_snap.catalog_sales_0.cs_ext_wholesale_cost), tpcds_partitioned_parquet_snap.catalog_sales_0.cs_ext_discount_amt), tpcds_partitioned_parquet_snap.catalog_sales_0.cs_ext_sales_price), 2))) ELSE NULL END > CASE WHEN sum(divide(add(subtract(subtract(tpcds_partitioned_parquet_snap.store_sales_0.ss_ext_list_price, tpcds_partitioned_parquet_snap.store_sales_0.ss_ext_wholesale_cost), tpcds_partitioned_parquet_snap.store_sales_0.ss_ext_discount_amt), tpcds_partitioned_parquet_snap.store_sales_0.ss_ext_sales_price), 2)) > CAST(0 AS DECIMAL(3,0)) THEN divide(sum(divide(add(subtract(subtract(tpcds_partitioned_parquet_snap.store_sales.ss_ext_list_price, tpcds_partitioned_parquet_snap.store_sales.ss_ext_wholesale_cost), tpcds_partitioned_parquet_snap.store_sales.ss_ext_discount_amt), tpcds_partitioned_parquet_snap.store_sales.ss_ext_sales_price), 2)), sum(divide(add(subtract(subtract(tpcds_partitioned_parquet_snap.store_sales_0.ss_ext_list_price, tpcds_partitioned_parquet_snap.store_sales_0.ss_ext_wholesale_cost), tpcds_partitioned_parquet_snap.store_sales_0.ss_ext_discount_amt), tpcds_partitioned_parquet_snap.store_sales_0.ss_ext_sales_price), 2))) ELSE NULL END, CASE WHEN sum(divide(add(subtract(subtract(tpcds_partitioned_parquet_snap.catalog_sales_0.cs_ext_list_price, tpcds_partitioned_parquet_snap.catalog_sales_0.cs_ext_wholesale_cost), tpcds_partitioned_parquet_snap.catalog_sales_0.cs_ext_discount_amt), tpcds_partitioned_parquet_snap.catalog_sales_0.cs_ext_sales_price), 2)) > CAST(0 AS DECIMAL(3,0)) THEN divide(sum(divide(add(subtract(subtract(tpcds_partitioned_parquet_snap.catalog_sales.cs_ext_list_price, tpcds_partitioned_parquet_snap.catalog_sales.cs_ext_wholesale_cost), tpcds_partitioned_parquet_snap.catalog_sales.cs_ext_discount_amt), tpcds_partitioned_parquet_snap.catalog_sales.cs_ext_sales_price), 2)), sum(divide(add(subtract(subtract(tpcds_partitioned_parquet_snap.catalog_sales_0.cs_ext_list_price, tpcds_partitioned_parquet_snap.catalog_sales_0.cs_ext_wholesale_cost), tpcds_partitioned_parquet_snap.catalog_sales_0.cs_ext_discount_amt), tpcds_partitioned_parquet_snap.catalog_sales_0.cs_ext_sales_price), 2))) ELSE NULL END > CASE WHEN sum(divide(add(subtract(subtract(tpcds_partitioned_parquet_snap.web_sales_0.ws_ext_list_price, tpcds_partitioned_parquet_snap.web_sales_0.ws_ext_wholesale_cost), tpcds_partitioned_parquet_snap.web_sales_0.ws_ext_discount_amt), tpcds_partitioned_parquet_snap.web_sales_0.ws_ext_sales_price), 2)) > CAST(0 AS DECIMAL(3,0)) THEN divide(sum(divide(add(subtract(subtract(tpcds_partitioned_parquet_snap.web_sales.ws_ext_list_price, tpcds_partitioned_parquet_snap.web_sales.ws_ext_wholesale_cost), tpcds_partitioned_parquet_snap.web_sales.ws_ext_discount_amt), tpcds_partitioned_parquet_snap.web_sales.ws_ext_sales_price), 2)), sum(divide(add(subtract(subtract(tpcds_partitioned_parquet_snap.web_sales_0.ws_ext_list_price, tpcds_partitioned_parquet_snap.web_sales_0.ws_ext_wholesale_cost), tpcds_partitioned_parquet_snap.web_sales_0.ws_ext_discount_amt), tpcds_partitioned_parquet_snap.web_sales_0.ws_ext_sales_price), 2))) ELSE NULL END
|  mem-estimate=0B mem-reservation=0B spill-buffer=2.00MB thread-reservation=0
|  tuple-ids=27,20,13,34,6,41 row-size=991B cardinality=147.90M cost=64733813
|  in pipelines: 46(GETNEXT), 76(OPEN)
|
|--F32:PLAN FRAGMENT [HASH(tpcds_partitioned_parquet_snap.customer_2.c_customer_id)] hosts=10 instances=120
|  |  Per-Instance Resources: mem-estimate=153.95MB mem-reservation=34.00MB thread-reservation=1
|  |  max-parallelism=260 segment-costs=[149629463] cpu-comparison-result=240 [max(120 (self) vs 240 (sum children))]
|  JOIN BUILD
|  |  join-table-id=00 plan-id=01 cohort-id=01
|  |  build expressions: tpcds_partitioned_parquet_snap.customer_4.c_customer_id
|  |  runtime filters: RF001[min_max] <- tpcds_partitioned_parquet_snap.customer_4.c_customer_id
|  |  mem-estimate=124.13MB mem-reservation=34.00MB spill-buffer=2.00MB thread-reservation=0 cost=79982682
|  |
|  77:EXCHANGE [HASH(tpcds_partitioned_parquet_snap.customer_4.c_customer_id)]
|  |  mem-estimate=29.82MB mem-reservation=0B thread-reservation=0
|  |  tuple-ids=41 row-size=165B cardinality=79.98M cost=69646781
|  |  in pipelines: 76(GETNEXT)
|  |
|  F30:PLAN FRAGMENT [HASH(tpcds_partitioned_parquet_snap.customer_4.c_customer_id,tpcds_partitioned_parquet_snap.customer_4.c_first_name,tpcds_partitioned_parquet_snap.customer_4.c_last_name,tpcds_partitioned_parquet_snap.customer_4.c_preferred_cust_flag,tpcds_partitioned_parquet_snap.customer_4.c_birth_country,tpcds_partitioned_parquet_snap.customer_4.c_login,tpcds_partitioned_parquet_snap.customer_4.c_email_address)] hosts=10 instances=120
|  Per-Instance Resources: mem-estimate=1.18GB mem-reservation=34.00MB thread-reservation=1
|  max-parallelism=550 segment-costs=[5417525566, 891856952] cpu-comparison-result=240 [max(120 (self) vs 240 (sum children))]
|  76:AGGREGATE [FINALIZE]
|  |  output: sum:merge(divide(add(subtract(subtract(tpcds_partitioned_parquet_snap.catalog_sales_0.cs_ext_list_price, tpcds_partitioned_parquet_snap.catalog_sales_0.cs_ext_wholesale_cost), tpcds_partitioned_parquet_snap.catalog_sales_0.cs_ext_discount_amt), tpcds_partitioned_parquet_snap.catalog_sales_0.cs_ext_sales_price), 2))
|  |  group by: tpcds_partitioned_parquet_snap.customer_4.c_customer_id, tpcds_partitioned_parquet_snap.customer_4.c_first_name, tpcds_partitioned_parquet_snap.customer_4.c_last_name, tpcds_partitioned_parquet_snap.customer_4.c_preferred_cust_flag, tpcds_partitioned_parquet_snap.customer_4.c_birth_country, tpcds_partitioned_parquet_snap.customer_4.c_login, tpcds_partitioned_parquet_snap.customer_4.c_email_address
|  |  having: sum(divide(add(subtract(subtract(tpcds_partitioned_parquet_snap.catalog_sales_0.cs_ext_list_price, tpcds_partitioned_parquet_snap.catalog_sales_0.cs_ext_wholesale_cost), tpcds_partitioned_parquet_snap.catalog_sales_0.cs_ext_discount_amt), tpcds_partitioned_parquet_snap.catalog_sales_0.cs_ext_sales_price), 2)) > CAST(0 AS DECIMAL(3,0))
|  |  mem-estimate=1.10GB mem-reservation=34.00MB spill-buffer=2.00MB thread-reservation=0
|  |  tuple-ids=41 row-size=165B cardinality=79.98M cost=4721057758
|  |  in pipelines: 76(GETNEXT), 34(OPEN)
|  |
|  75:EXCHANGE [HASH(tpcds_partitioned_parquet_snap.customer_4.c_customer_id,tpcds_partitioned_parquet_snap.customer_4.c_first_name,tpcds_partitioned_parquet_snap.customer_4.c_last_name,tpcds_partitioned_parquet_snap.customer_4.c_preferred_cust_flag,tpcds_partitioned_parquet_snap.customer_4.c_birth_country,tpcds_partitioned_parquet_snap.customer_4.c_login,tpcds_partitioned_parquet_snap.customer_4.c_email_address)]
|  |  mem-estimate=29.82MB mem-reservation=0B thread-reservation=0
|  |  tuple-ids=41 row-size=165B cardinality=799.83M cost=696467808
|  |  in pipelines: 34(GETNEXT)
|  |
|  F29:PLAN FRAGMENT [HASH(tpcds_partitioned_parquet_snap.catalog_sales_0.cs_bill_customer_sk)] hosts=10 instances=120
|  Per-Instance Resources: mem-estimate=938.49MB mem-reservation=34.00MB thread-reservation=1
|  max-parallelism=900 segment-costs=[5346593754, 8918569464] cpu-comparison-result=240 [max(240 (self) vs 141 (sum children))]
|  39:AGGREGATE [STREAMING]
|  |  output: sum(divide(add(subtract(subtract(tpcds_partitioned_parquet_snap.catalog_sales_0.cs_ext_list_price, tpcds_partitioned_parquet_snap.catalog_sales_0.cs_ext_wholesale_cost), tpcds_partitioned_parquet_snap.catalog_sales_0.cs_ext_discount_amt), tpcds_partitioned_parquet_snap.catalog_sales_0.cs_ext_sales_price), CAST(2 AS DECIMAL(3,0))))
|  |  group by: tpcds_partitioned_parquet_snap.customer_4.c_customer_id, tpcds_partitioned_parquet_snap.customer_4.c_first_name, tpcds_partitioned_parquet_snap.customer_4.c_last_name, tpcds_partitioned_parquet_snap.customer_4.c_preferred_cust_flag, tpcds_partitioned_parquet_snap.customer_4.c_birth_country, tpcds_partitioned_parquet_snap.customer_4.c_login, tpcds_partitioned_parquet_snap.customer_4.c_email_address
|  |  mem-estimate=844.52MB mem-reservation=34.00MB spill-buffer=2.00MB thread-reservation=0
|  |  tuple-ids=41 row-size=165B cardinality=799.83M cost=4721057758
|  |  in pipelines: 34(GETNEXT)
|  |
|  38:HASH JOIN [INNER JOIN, PARTITIONED]
|  |  hash-table-id=01
|  |  hash predicates: tpcds_partitioned_parquet_snap.catalog_sales_0.cs_bill_customer_sk = tpcds_partitioned_parquet_snap.customer_4.c_customer_sk
|  |  fk/pk conjuncts: tpcds_partitioned_parquet_snap.catalog_sales_0.cs_bill_customer_sk = tpcds_partitioned_parquet_snap.customer_4.c_customer_sk
|  |  mem-estimate=0B mem-reservation=0B spill-buffer=2.00MB thread-reservation=0
|  |  tuple-ids=35,37,39 row-size=185B cardinality=799.83M cost=368416277
|  |  in pipelines: 34(GETNEXT), 37(OPEN)
|  |
|  |--F33:PLAN FRAGMENT [HASH(tpcds_partitioned_parquet_snap.catalog_sales_0.cs_bill_customer_sk)] hosts=10 instances=120
|  |  |  Per-Instance Resources: mem-estimate=70.45MB mem-reservation=50.00MB thread-reservation=1 runtime-filters-memory=16.00MB
|  |  |  max-parallelism=900 segment-costs=[54467197]
|  |  JOIN BUILD
|  |  |  join-table-id=01 plan-id=02 cohort-id=02
|  |  |  build expressions: tpcds_partitioned_parquet_snap.customer_4.c_customer_sk
|  |  |  runtime filters: RF030[bloom] <- tpcds_partitioned_parquet_snap.customer_4.c_customer_sk, RF031[min_max] <- tpcds_partitioned_parquet_snap.customer_4.c_customer_sk
|  |  |  mem-estimate=42.91MB mem-reservation=34.00MB spill-buffer=2.00MB thread-reservation=0 cost=30000000
|  |  |
|  |  74:EXCHANGE [HASH(tpcds_partitioned_parquet_snap.customer_4.c_customer_sk)]
|  |  |  mem-estimate=11.53MB mem-reservation=0B thread-reservation=0
|  |  |  tuple-ids=39 row-size=153B cardinality=30.00M cost=24467197
|  |  |  in pipelines: 37(GETNEXT)
|  |  |
|  |  F28:PLAN FRAGMENT [RANDOM] hosts=10 instances=10
|  |  Per-Instance Resources: mem-estimate=89.66MB mem-reservation=1.00MB thread-reservation=1
|  |  max-parallelism=10 segment-costs=[342891999]
|  |  37:SCAN HDFS [tpcds_partitioned_parquet_snap.customer, RANDOM]
|  |     HDFS partitions=1/1 files=1 size=1.55GB
|  |     predicates: tpcds_partitioned_parquet_snap.customer_4.c_customer_id IS NOT NULL, tpcds_partitioned_parquet_snap.customer_4.c_customer_sk IS NOT NULL
|  |     stored statistics:
|  |       table: rows=30.00M size=1.55GB
|  |       columns: all
|  |     extrapolated-rows=disabled max-scan-range-rows=3.10M
|  |     parquet dictionary predicates: tpcds_partitioned_parquet_snap.customer_4.c_customer_id IS NOT NULL, tpcds_partitioned_parquet_snap.customer_4.c_customer_sk IS NOT NULL
|  |     mem-estimate=16.00MB mem-reservation=1.00MB thread-reservation=0
|  |     tuple-ids=39 row-size=153B cardinality=30.00M cost=31557228
|  |     in pipelines: 37(GETNEXT)
|  |
|  73:EXCHANGE [HASH(tpcds_partitioned_parquet_snap.catalog_sales_0.cs_bill_customer_sk)]
|  |  mem-estimate=14.69MB mem-reservation=0B thread-reservation=0
|  |  tuple-ids=35,37 row-size=32B cardinality=871.30M cost=257119719
|  |  in pipelines: 34(GETNEXT)
|  |
|  F26:PLAN FRAGMENT [RANDOM] hosts=10 instances=120
|  Per-Host Shared Resources: mem-estimate=17.00MB mem-reservation=17.00MB thread-reservation=0 runtime-filters-memory=17.00MB
|  Per-Instance Resources: mem-estimate=34.75MB mem-reservation=256.00KB thread-reservation=1
|  max-parallelism=350 segment-costs=[3401959876]
|  36:HASH JOIN [INNER JOIN, BROADCAST]
|  |  hash-table-id=02
|  |  hash predicates: tpcds_partitioned_parquet_snap.catalog_sales_0.cs_sold_date_sk = tpcds_partitioned_parquet_snap.date_dim_4.d_date_sk
|  |  fk/pk conjuncts: tpcds_partitioned_parquet_snap.catalog_sales_0.cs_sold_date_sk = tpcds_partitioned_parquet_snap.date_dim_4.d_date_sk
|  |  mem-estimate=0B mem-reservation=0B spill-buffer=64.00KB thread-reservation=0
|  |  tuple-ids=35,37 row-size=32B cardinality=871.30M cost=381366658
|  |  in pipelines: 34(GETNEXT), 35(OPEN)
|  |
|  |--F34:PLAN FRAGMENT [RANDOM] hosts=10 instances=10
|  |  |  Per-Instance Resources: mem-estimate=24.27MB mem-reservation=24.25MB thread-reservation=1 runtime-filters-memory=1.00MB
|  |  |  max-parallelism=10 segment-costs=[863]
|  |  JOIN BUILD
|  |  |  join-table-id=02 plan-id=03 cohort-id=02
|  |  |  build expressions: tpcds_partitioned_parquet_snap.date_dim_4.d_date_sk
|  |  |  runtime filters: RF032[bloom] <- tpcds_partitioned_parquet_snap.date_dim_4.d_date_sk
|  |  |  mem-estimate=23.25MB mem-reservation=23.25MB spill-buffer=64.00KB thread-reservation=0 cost=373
|  |  |
|  |  72:EXCHANGE [BROADCAST]
|  |  |  mem-estimate=16.00KB mem-reservation=0B thread-reservation=0
|  |  |  tuple-ids=37 row-size=8B cardinality=373 cost=490
|  |  |  in pipelines: 35(GETNEXT)
|  |  |
|  |  F27:PLAN FRAGMENT [RANDOM] hosts=1 instances=1
|  |  Per-Instance Resources: mem-estimate=16.05MB mem-reservation=512.00KB thread-reservation=1
|  |  max-parallelism=1 segment-costs=[12536]
|  |  35:SCAN HDFS [tpcds_partitioned_parquet_snap.date_dim, RANDOM]
|  |     HDFS partitions=1/1 files=1 size=2.17MB
|  |     predicates: tpcds_partitioned_parquet_snap.date_dim_4.d_year = CAST(1999 AS INT), tpcds_partitioned_parquet_snap.date_dim_4.d_date_sk IS NOT NULL
|  |     stored statistics:
|  |       table: rows=73.05K size=2.17MB
|  |       columns: all
|  |     extrapolated-rows=disabled max-scan-range-rows=73.05K
|  |     parquet statistics predicates: tpcds_partitioned_parquet_snap.date_dim_4.d_year = CAST(1999 AS INT)
|  |     parquet dictionary predicates: tpcds_partitioned_parquet_snap.date_dim_4.d_year = CAST(1999 AS INT), tpcds_partitioned_parquet_snap.date_dim_4.d_date_sk IS NOT NULL
|  |     mem-estimate=16.00MB mem-reservation=512.00KB thread-reservation=0
|  |     tuple-ids=37 row-size=8B cardinality=373 cost=12520
|  |     in pipelines: 35(GETNEXT)
|  |
|  34:SCAN HDFS [tpcds_partitioned_parquet_snap.catalog_sales, RANDOM]
|     partition predicates: tpcds_partitioned_parquet_snap.catalog_sales_0.cs_sold_date_sk IS NOT NULL
|     HDFS partitions=1830/1831 files=1830 size=280.81GB
|     predicates: tpcds_partitioned_parquet_snap.catalog_sales_0.cs_bill_customer_sk IS NOT NULL
|     runtime filters: RF031[min_max] -> tpcds_partitioned_parquet_snap.catalog_sales_0.cs_bill_customer_sk, RF032[bloom] -> tpcds_partitioned_parquet_snap.catalog_sales_0.cs_sold_date_sk, RF030[bloom] -> tpcds_partitioned_parquet_snap.catalog_sales_0.cs_bill_customer_sk
|     stored statistics:
|       table: rows=4.32G size=280.96GB
|       partitions: 1830/1830 rows=4.30G
|       columns: all
|     extrapolated-rows=disabled max-scan-range-rows=5.09M est-scan-range=373(filtered from 1830)
|     parquet dictionary predicates: tpcds_partitioned_parquet_snap.catalog_sales_0.cs_bill_customer_sk IS NOT NULL
|     mem-estimate=16.00MB mem-reservation=256.00KB thread-reservation=0
|     tuple-ids=35 row-size=24B cardinality=871.30M(filtered from 4.28G) cost=327240201
|     in pipelines: 34(GETNEXT)
|
33:HASH JOIN [INNER JOIN, PARTITIONED]
|  hash-table-id=03
|  hash predicates: tpcds_partitioned_parquet_snap.customer_2.c_customer_id = tpcds_partitioned_parquet_snap.customer.c_customer_id
|  fk/pk conjuncts: tpcds_partitioned_parquet_snap.customer_2.c_customer_id = tpcds_partitioned_parquet_snap.customer.c_customer_id
|  mem-estimate=0B mem-reservation=0B spill-buffer=2.00MB thread-reservation=0
|  tuple-ids=27,20,13,34,6 row-size=826B cardinality=147.90M cost=37219403
|  in pipelines: 46(GETNEXT), 70(OPEN)
|
|--F35:PLAN FRAGMENT [HASH(tpcds_partitioned_parquet_snap.customer_2.c_customer_id)] hosts=10 instances=120
|  |  Per-Instance Resources: mem-estimate=264.52MB mem-reservation=34.00MB thread-reservation=1
|  |  max-parallelism=260 segment-costs=[276678749] cpu-comparison-result=240 [max(120 (self) vs 240 (sum children))]
|  JOIN BUILD
|  |  join-table-id=03 plan-id=04 cohort-id=01
|  |  build expressions: tpcds_partitioned_parquet_snap.customer.c_customer_id
|  |  runtime filters: RF003[min_max] <- tpcds_partitioned_parquet_snap.customer.c_customer_id
|  |  mem-estimate=234.70MB mem-reservation=34.00MB spill-buffer=2.00MB thread-reservation=0 cost=147895394
|  |
|  71:EXCHANGE [HASH(tpcds_partitioned_parquet_snap.customer.c_customer_id)]
|  |  mem-estimate=29.82MB mem-reservation=0B thread-reservation=0
|  |  tuple-ids=6 row-size=165B cardinality=147.90M cost=128783355
|  |  in pipelines: 70(GETNEXT)
|  |
|  F25:PLAN FRAGMENT [HASH(tpcds_partitioned_parquet_snap.customer.c_customer_id,tpcds_partitioned_parquet_snap.customer.c_first_name,tpcds_partitioned_parquet_snap.customer.c_last_name,tpcds_partitioned_parquet_snap.customer.c_preferred_cust_flag,tpcds_partitioned_parquet_snap.customer.c_birth_country,tpcds_partitioned_parquet_snap.customer.c_login,tpcds_partitioned_parquet_snap.customer.c_email_address)] hosts=10 instances=120
|  Per-Instance Resources: mem-estimate=2.11GB mem-reservation=34.00MB thread-reservation=1
|  max-parallelism=1010 segment-costs=[10017507045, 1649126185] cpu-comparison-result=240 [max(120 (self) vs 240 (sum children))]
|  70:AGGREGATE [FINALIZE]
|  |  output: sum:merge(divide(add(subtract(subtract(tpcds_partitioned_parquet_snap.store_sales.ss_ext_list_price, tpcds_partitioned_parquet_snap.store_sales.ss_ext_wholesale_cost), tpcds_partitioned_parquet_snap.store_sales.ss_ext_discount_amt), tpcds_partitioned_parquet_snap.store_sales.ss_ext_sales_price), 2))
|  |  group by: tpcds_partitioned_parquet_snap.customer.c_customer_id, tpcds_partitioned_parquet_snap.customer.c_first_name, tpcds_partitioned_parquet_snap.customer.c_last_name, tpcds_partitioned_parquet_snap.customer.c_preferred_cust_flag, tpcds_partitioned_parquet_snap.customer.c_birth_country, tpcds_partitioned_parquet_snap.customer.c_login, tpcds_partitioned_parquet_snap.customer.c_email_address
|  |  having: sum(divide(add(subtract(subtract(tpcds_partitioned_parquet_snap.store_sales.ss_ext_list_price, tpcds_partitioned_parquet_snap.store_sales.ss_ext_wholesale_cost), tpcds_partitioned_parquet_snap.store_sales.ss_ext_discount_amt), tpcds_partitioned_parquet_snap.store_sales.ss_ext_sales_price), 2)) IS NOT NULL
|  |  mem-estimate=2.03GB mem-reservation=34.00MB spill-buffer=2.00MB thread-reservation=0
|  |  tuple-ids=6 row-size=165B cardinality=147.90M cost=8729673496
|  |  in pipelines: 70(GETNEXT), 00(OPEN)
|  |
|  69:EXCHANGE [HASH(tpcds_partitioned_parquet_snap.customer.c_customer_id,tpcds_partitioned_parquet_snap.customer.c_first_name,tpcds_partitioned_parquet_snap.customer.c_last_name,tpcds_partitioned_parquet_snap.customer.c_preferred_cust_flag,tpcds_partitioned_parquet_snap.customer.c_birth_country,tpcds_partitioned_parquet_snap.customer.c_login,tpcds_partitioned_parquet_snap.customer.c_email_address)]
|  |  mem-estimate=29.82MB mem-reservation=0B thread-reservation=0
|  |  tuple-ids=6 row-size=165B cardinality=1.48G cost=1287833549
|  |  in pipelines: 00(GETNEXT)
|  |
|  F24:PLAN FRAGMENT [HASH(tpcds_partitioned_parquet_snap.store_sales.ss_customer_sk)] hosts=10 instances=120
|  Per-Instance Resources: mem-estimate=1.62GB mem-reservation=34.00MB thread-reservation=1
|  max-parallelism=1650 segment-costs=[9886347547, 16491261804] cpu-comparison-result=240 [max(240 (self) vs 141 (sum children))]
|  05:AGGREGATE [STREAMING]
|  |  output: sum(divide(add(subtract(subtract(tpcds_partitioned_parquet_snap.store_sales.ss_ext_list_price, tpcds_partitioned_parquet_snap.store_sales.ss_ext_wholesale_cost), tpcds_partitioned_parquet_snap.store_sales.ss_ext_discount_amt), tpcds_partitioned_parquet_snap.store_sales.ss_ext_sales_price), CAST(2 AS DECIMAL(3,0))))
|  |  group by: tpcds_partitioned_parquet_snap.customer.c_customer_id, tpcds_partitioned_parquet_snap.customer.c_first_name, tpcds_partitioned_parquet_snap.customer.c_last_name, tpcds_partitioned_parquet_snap.customer.c_preferred_cust_flag, tpcds_partitioned_parquet_snap.customer.c_birth_country, tpcds_partitioned_parquet_snap.customer.c_login, tpcds_partitioned_parquet_snap.customer.c_email_address
|  |  mem-estimate=1.52GB mem-reservation=34.00MB spill-buffer=2.00MB thread-reservation=0
|  |  tuple-ids=6 row-size=165B cardinality=1.48G cost=8729673496
|  |  in pipelines: 00(GETNEXT)
|  |
|  04:HASH JOIN [INNER JOIN, PARTITIONED]
|  |  hash-table-id=04
|  |  hash predicates: tpcds_partitioned_parquet_snap.store_sales.ss_customer_sk = tpcds_partitioned_parquet_snap.customer.c_customer_sk
|  |  fk/pk conjuncts: tpcds_partitioned_parquet_snap.store_sales.ss_customer_sk = tpcds_partitioned_parquet_snap.customer.c_customer_sk
|  |  mem-estimate=0B mem-reservation=0B spill-buffer=2.00MB thread-reservation=0
|  |  tuple-ids=0,2,4 row-size=185B cardinality=1.48G cost=681235853
|  |  in pipelines: 00(GETNEXT), 03(OPEN)
|  |
|  |--F36:PLAN FRAGMENT [HASH(tpcds_partitioned_parquet_snap.store_sales.ss_customer_sk)] hosts=10 instances=120
|  |  |  Per-Instance Resources: mem-estimate=54.45MB mem-reservation=34.00MB thread-reservation=1
|  |  |  max-parallelism=1650 segment-costs=[54467197]
|  |  JOIN BUILD
|  |  |  join-table-id=04 plan-id=05 cohort-id=03
|  |  |  build expressions: tpcds_partitioned_parquet_snap.customer.c_customer_sk
|  |  |  runtime filters: RF027[min_max] <- tpcds_partitioned_parquet_snap.customer.c_customer_sk
|  |  |  mem-estimate=42.91MB mem-reservation=34.00MB spill-buffer=2.00MB thread-reservation=0 cost=30000000
|  |  |
|  |  68:EXCHANGE [HASH(tpcds_partitioned_parquet_snap.customer.c_customer_sk)]
|  |  |  mem-estimate=11.53MB mem-reservation=0B thread-reservation=0
|  |  |  tuple-ids=4 row-size=153B cardinality=30.00M cost=24467197
|  |  |  in pipelines: 03(GETNEXT)
|  |  |
|  |  F23:PLAN FRAGMENT [RANDOM] hosts=10 instances=10
|  |  Per-Instance Resources: mem-estimate=89.66MB mem-reservation=1.00MB thread-reservation=1
|  |  max-parallelism=10 segment-costs=[342891999]
|  |  03:SCAN HDFS [tpcds_partitioned_parquet_snap.customer, RANDOM]
|  |     HDFS partitions=1/1 files=1 size=1.55GB
|  |     predicates: tpcds_partitioned_parquet_snap.customer.c_customer_id IS NOT NULL, tpcds_partitioned_parquet_snap.customer.c_customer_sk IS NOT NULL
|  |     runtime filters: RF001[min_max] -> tpcds_partitioned_parquet_snap.customer.c_customer_id
|  |     stored statistics:
|  |       table: rows=30.00M size=1.55GB
|  |       columns: all
|  |     extrapolated-rows=disabled max-scan-range-rows=3.10M
|  |     parquet dictionary predicates: tpcds_partitioned_parquet_snap.customer.c_customer_id IS NOT NULL, tpcds_partitioned_parquet_snap.customer.c_customer_sk IS NOT NULL
|  |     mem-estimate=16.00MB mem-reservation=1.00MB thread-reservation=0
|  |     tuple-ids=4 row-size=153B cardinality=30.00M cost=31557228
|  |     in pipelines: 03(GETNEXT)
|  |
|  67:EXCHANGE [HASH(tpcds_partitioned_parquet_snap.store_sales.ss_customer_sk)]
|  |  mem-estimate=14.69MB mem-reservation=0B thread-reservation=0
|  |  tuple-ids=0,2 row-size=32B cardinality=1.61G cost=475438198
|  |  in pipelines: 00(GETNEXT)
|  |
|  F21:PLAN FRAGMENT [RANDOM] hosts=10 instances=120
|  Per-Host Shared Resources: mem-estimate=1.00MB mem-reservation=1.00MB thread-reservation=0 runtime-filters-memory=1.00MB
|  Per-Instance Resources: mem-estimate=34.75MB mem-reservation=512.00KB thread-reservation=1
|  max-parallelism=373 segment-costs=[6315884965]
|  02:HASH JOIN [INNER JOIN, BROADCAST]
|  |  hash-table-id=05
|  |  hash predicates: tpcds_partitioned_parquet_snap.store_sales.ss_sold_date_sk = tpcds_partitioned_parquet_snap.date_dim.d_date_sk
|  |  fk/pk conjuncts: tpcds_partitioned_parquet_snap.store_sales.ss_sold_date_sk = tpcds_partitioned_parquet_snap.date_dim.d_date_sk
|  |  mem-estimate=0B mem-reservation=0B spill-buffer=64.00KB thread-reservation=0
|  |  tuple-ids=0,2 row-size=32B cardinality=1.61G cost=705182309
|  |  in pipelines: 00(GETNEXT), 01(OPEN)
|  |
|  |--F37:PLAN FRAGMENT [RANDOM] hosts=10 instances=10
|  |  |  Per-Instance Resources: mem-estimate=24.27MB mem-reservation=24.25MB thread-reservation=1 runtime-filters-memory=1.00MB
|  |  |  max-parallelism=10 segment-costs=[863]
|  |  JOIN BUILD
|  |  |  join-table-id=05 plan-id=06 cohort-id=03
|  |  |  build expressions: tpcds_partitioned_parquet_snap.date_dim.d_date_sk
|  |  |  runtime filters: RF028[bloom] <- tpcds_partitioned_parquet_snap.date_dim.d_date_sk
|  |  |  mem-estimate=23.25MB mem-reservation=23.25MB spill-buffer=64.00KB thread-reservation=0 cost=373
|  |  |
|  |  66:EXCHANGE [BROADCAST]
|  |  |  mem-estimate=16.00KB mem-reservation=0B thread-reservation=0
|  |  |  tuple-ids=2 row-size=8B cardinality=373 cost=490
|  |  |  in pipelines: 01(GETNEXT)
|  |  |
|  |  F22:PLAN FRAGMENT [RANDOM] hosts=1 instances=1
|  |  Per-Instance Resources: mem-estimate=16.05MB mem-reservation=512.00KB thread-reservation=1
|  |  max-parallelism=1 segment-costs=[12536]
|  |  01:SCAN HDFS [tpcds_partitioned_parquet_snap.date_dim, RANDOM]
|  |     HDFS partitions=1/1 files=1 size=2.17MB
|  |     predicates: tpcds_partitioned_parquet_snap.date_dim.d_year = CAST(2000 AS INT), tpcds_partitioned_parquet_snap.date_dim.d_date_sk IS NOT NULL
|  |     stored statistics:
|  |       table: rows=73.05K size=2.17MB
|  |       columns: all
|  |     extrapolated-rows=disabled max-scan-range-rows=73.05K
|  |     parquet statistics predicates: tpcds_partitioned_parquet_snap.date_dim.d_year = CAST(2000 AS INT)
|  |     parquet dictionary predicates: tpcds_partitioned_parquet_snap.date_dim.d_year = CAST(2000 AS INT), tpcds_partitioned_parquet_snap.date_dim.d_date_sk IS NOT NULL
|  |     mem-estimate=16.00MB mem-reservation=512.00KB thread-reservation=0
|  |     tuple-ids=2 row-size=8B cardinality=373 cost=12520
|  |     in pipelines: 01(GETNEXT)
|  |
|  00:SCAN HDFS [tpcds_partitioned_parquet_snap.store_sales, RANDOM]
|     partition predicates: tpcds_partitioned_parquet_snap.store_sales.ss_sold_date_sk IS NOT NULL
|     HDFS partitions=1823/1824 files=1823 size=389.69GB
|     predicates: tpcds_partitioned_parquet_snap.store_sales.ss_customer_sk IS NOT NULL
|     runtime filters: RF027[min_max] -> tpcds_partitioned_parquet_snap.store_sales.ss_customer_sk, RF028[bloom] -> tpcds_partitioned_parquet_snap.store_sales.ss_sold_date_sk
|     stored statistics:
|       table: rows=8.64G size=389.90GB
|       partitions: 1823/1823 rows=8.25G
|       columns: all
|     extrapolated-rows=disabled max-scan-range-rows=12.24M est-scan-range=373(filtered from 1823)
|     parquet dictionary predicates: tpcds_partitioned_parquet_snap.store_sales.ss_customer_sk IS NOT NULL
|     mem-estimate=16.00MB mem-reservation=512.00KB thread-reservation=0
|     tuple-ids=0 row-size=24B cardinality=1.61G(filtered from 7.88G) cost=630443220
|     in pipelines: 00(GETNEXT)
|
32:HASH JOIN [INNER JOIN, PARTITIONED]
|  hash-table-id=06
|  hash predicates: tpcds_partitioned_parquet_snap.customer_2.c_customer_id = tpcds_partitioned_parquet_snap.customer_3.c_customer_id
|  fk/pk conjuncts: tpcds_partitioned_parquet_snap.customer_2.c_customer_id = tpcds_partitioned_parquet_snap.customer_3.c_customer_id
|  mem-estimate=0B mem-reservation=0B spill-buffer=2.00MB thread-reservation=0
|  tuple-ids=27,20,13,34 row-size=661B cardinality=40.63M cost=17782323
|  in pipelines: 46(GETNEXT), 64(OPEN)
|
|--F38:PLAN FRAGMENT [HASH(tpcds_partitioned_parquet_snap.customer_2.c_customer_id)] hosts=10 instances=120
|  |  Per-Instance Resources: mem-estimate=90.89MB mem-reservation=34.00MB thread-reservation=1
|  |  max-parallelism=260 segment-costs=[76003415] cpu-comparison-result=240 [max(120 (self) vs 240 (sum children))]
|  JOIN BUILD
|  |  join-table-id=06 plan-id=07 cohort-id=01
|  |  build expressions: tpcds_partitioned_parquet_snap.customer_3.c_customer_id
|  |  runtime filters: RF005[min_max] <- tpcds_partitioned_parquet_snap.customer_3.c_customer_id
|  |  mem-estimate=61.07MB mem-reservation=34.00MB spill-buffer=2.00MB thread-reservation=0 cost=40626738
|  |
|  65:EXCHANGE [HASH(tpcds_partitioned_parquet_snap.customer_3.c_customer_id)]
|  |  mem-estimate=29.82MB mem-reservation=0B thread-reservation=0
|  |  tuple-ids=34 row-size=165B cardinality=40.63M cost=35376677
|  |  in pipelines: 64(GETNEXT)
|  |
|  F20:PLAN FRAGMENT [HASH(tpcds_partitioned_parquet_snap.customer_3.c_customer_id,tpcds_partitioned_parquet_snap.customer_3.c_first_name,tpcds_partitioned_parquet_snap.customer_3.c_last_name,tpcds_partitioned_parquet_snap.customer_3.c_preferred_cust_flag,tpcds_partitioned_parquet_snap.customer_3.c_birth_country,tpcds_partitioned_parquet_snap.customer_3.c_login,tpcds_partitioned_parquet_snap.customer_3.c_email_address)] hosts=10 instances=120
|  Per-Instance Resources: mem-estimate=651.24MB mem-reservation=34.00MB thread-reservation=1
|  max-parallelism=280 segment-costs=[2751800623, 453013550] cpu-comparison-result=240 [max(120 (self) vs 240 (sum children))]
|  64:AGGREGATE [FINALIZE]
|  |  output: sum:merge(divide(add(subtract(subtract(tpcds_partitioned_parquet_snap.web_sales_0.ws_ext_list_price, tpcds_partitioned_parquet_snap.web_sales_0.ws_ext_wholesale_cost), tpcds_partitioned_parquet_snap.web_sales_0.ws_ext_discount_amt), tpcds_partitioned_parquet_snap.web_sales_0.ws_ext_sales_price), 2))
|  |  group by: tpcds_partitioned_parquet_snap.customer_3.c_customer_id, tpcds_partitioned_parquet_snap.customer_3.c_first_name, tpcds_partitioned_parquet_snap.customer_3.c_last_name, tpcds_partitioned_parquet_snap.customer_3.c_preferred_cust_flag, tpcds_partitioned_parquet_snap.customer_3.c_birth_country, tpcds_partitioned_parquet_snap.customer_3.c_login, tpcds_partitioned_parquet_snap.customer_3.c_email_address
|  |  having: sum(divide(add(subtract(subtract(tpcds_partitioned_parquet_snap.web_sales_0.ws_ext_list_price, tpcds_partitioned_parquet_snap.web_sales_0.ws_ext_wholesale_cost), tpcds_partitioned_parquet_snap.web_sales_0.ws_ext_discount_amt), tpcds_partitioned_parquet_snap.web_sales_0.ws_ext_sales_price), 2)) > CAST(0 AS DECIMAL(3,0))
|  |  mem-estimate=571.96MB mem-reservation=34.00MB spill-buffer=2.00MB thread-reservation=0
|  |  tuple-ids=34 row-size=165B cardinality=40.63M cost=2398033848
|  |  in pipelines: 64(GETNEXT), 26(OPEN)
|  |
|  63:EXCHANGE [HASH(tpcds_partitioned_parquet_snap.customer_3.c_customer_id,tpcds_partitioned_parquet_snap.customer_3.c_first_name,tpcds_partitioned_parquet_snap.customer_3.c_last_name,tpcds_partitioned_parquet_snap.customer_3.c_preferred_cust_flag,tpcds_partitioned_parquet_snap.customer_3.c_birth_country,tpcds_partitioned_parquet_snap.customer_3.c_login,tpcds_partitioned_parquet_snap.customer_3.c_email_address)]
|  |  mem-estimate=29.82MB mem-reservation=0B thread-reservation=0
|  |  tuple-ids=34 row-size=165B cardinality=406.27M cost=353766775
|  |  in pipelines: 26(GETNEXT)
|  |
|  F19:PLAN FRAGMENT [HASH(tpcds_partitioned_parquet_snap.web_sales_0.ws_bill_customer_sk)] hosts=10 instances=120
|  Per-Instance Resources: mem-estimate=522.94MB mem-reservation=34.00MB thread-reservation=1
|  max-parallelism=460 segment-costs=[2715168496, 4530135523] cpu-comparison-result=240 [max(240 (self) vs 141 (sum children))]
|  31:AGGREGATE [STREAMING]
|  |  output: sum(divide(add(subtract(subtract(tpcds_partitioned_parquet_snap.web_sales_0.ws_ext_list_price, tpcds_partitioned_parquet_snap.web_sales_0.ws_ext_wholesale_cost), tpcds_partitioned_parquet_snap.web_sales_0.ws_ext_discount_amt), tpcds_partitioned_parquet_snap.web_sales_0.ws_ext_sales_price), CAST(2 AS DECIMAL(3,0))))
|  |  group by: tpcds_partitioned_parquet_snap.customer_3.c_customer_id, tpcds_partitioned_parquet_snap.customer_3.c_first_name, tpcds_partitioned_parquet_snap.customer_3.c_last_name, tpcds_partitioned_parquet_snap.customer_3.c_preferred_cust_flag, tpcds_partitioned_parquet_snap.customer_3.c_birth_country, tpcds_partitioned_parquet_snap.customer_3.c_login, tpcds_partitioned_parquet_snap.customer_3.c_email_address
|  |  mem-estimate=428.97MB mem-reservation=34.00MB spill-buffer=2.00MB thread-reservation=0
|  |  tuple-ids=34 row-size=165B cardinality=406.27M cost=2398033848
|  |  in pipelines: 26(GETNEXT)
|  |
|  30:HASH JOIN [INNER JOIN, PARTITIONED]
|  |  hash-table-id=07
|  |  hash predicates: tpcds_partitioned_parquet_snap.web_sales_0.ws_bill_customer_sk = tpcds_partitioned_parquet_snap.customer_3.c_customer_sk
|  |  fk/pk conjuncts: tpcds_partitioned_parquet_snap.web_sales_0.ws_bill_customer_sk = tpcds_partitioned_parquet_snap.customer_3.c_customer_sk
|  |  mem-estimate=0B mem-reservation=0B spill-buffer=2.00MB thread-reservation=0
|  |  tuple-ids=28,30,32 row-size=185B cardinality=406.27M cost=186854633
|  |  in pipelines: 26(GETNEXT), 29(OPEN)
|  |
|  |--F39:PLAN FRAGMENT [HASH(tpcds_partitioned_parquet_snap.web_sales_0.ws_bill_customer_sk)] hosts=10 instances=120
|  |  |  Per-Instance Resources: mem-estimate=54.45MB mem-reservation=34.00MB thread-reservation=1
|  |  |  max-parallelism=460 segment-costs=[54467197]
|  |  JOIN BUILD
|  |  |  join-table-id=07 plan-id=08 cohort-id=04
|  |  |  build expressions: tpcds_partitioned_parquet_snap.customer_3.c_customer_sk
|  |  |  runtime filters: RF023[min_max] <- tpcds_partitioned_parquet_snap.customer_3.c_customer_sk
|  |  |  mem-estimate=42.91MB mem-reservation=34.00MB spill-buffer=2.00MB thread-reservation=0 cost=30000000
|  |  |
|  |  62:EXCHANGE [HASH(tpcds_partitioned_parquet_snap.customer_3.c_customer_sk)]
|  |  |  mem-estimate=11.53MB mem-reservation=0B thread-reservation=0
|  |  |  tuple-ids=32 row-size=153B cardinality=30.00M cost=24467197
|  |  |  in pipelines: 29(GETNEXT)
|  |  |
|  |  F18:PLAN FRAGMENT [RANDOM] hosts=10 instances=10
|  |  Per-Instance Resources: mem-estimate=89.66MB mem-reservation=1.00MB thread-reservation=1
|  |  max-parallelism=10 segment-costs=[342891999]
|  |  29:SCAN HDFS [tpcds_partitioned_parquet_snap.customer, RANDOM]
|  |     HDFS partitions=1/1 files=1 size=1.55GB
|  |     predicates: tpcds_partitioned_parquet_snap.customer_3.c_customer_id IS NOT NULL, tpcds_partitioned_parquet_snap.customer_3.c_customer_sk IS NOT NULL
|  |     runtime filters: RF001[min_max] -> tpcds_partitioned_parquet_snap.customer_3.c_customer_id, RF003[min_max] -> tpcds_partitioned_parquet_snap.customer_3.c_customer_id
|  |     stored statistics:
|  |       table: rows=30.00M size=1.55GB
|  |       columns: all
|  |     extrapolated-rows=disabled max-scan-range-rows=3.10M
|  |     parquet dictionary predicates: tpcds_partitioned_parquet_snap.customer_3.c_customer_id IS NOT NULL, tpcds_partitioned_parquet_snap.customer_3.c_customer_sk IS NOT NULL
|  |     mem-estimate=16.00MB mem-reservation=1.00MB thread-reservation=0
|  |     tuple-ids=32 row-size=153B cardinality=30.00M cost=31557228
|  |     in pipelines: 29(GETNEXT)
|  |
|  61:EXCHANGE [HASH(tpcds_partitioned_parquet_snap.web_sales_0.ws_bill_customer_sk)]
|  |  mem-estimate=14.69MB mem-reservation=0B thread-reservation=0
|  |  tuple-ids=28,30 row-size=32B cardinality=441.48M cost=130280015
|  |  in pipelines: 26(GETNEXT)
|  |
|  F16:PLAN FRAGMENT [RANDOM] hosts=10 instances=120
|  Per-Host Shared Resources: mem-estimate=1.00MB mem-reservation=1.00MB thread-reservation=0 runtime-filters-memory=1.00MB
|  Per-Instance Resources: mem-estimate=34.75MB mem-reservation=128.00KB thread-reservation=1
|  max-parallelism=180 segment-costs=[1722951425]
|  28:HASH JOIN [INNER JOIN, BROADCAST]
|  |  hash-table-id=08
|  |  hash predicates: tpcds_partitioned_parquet_snap.web_sales_0.ws_sold_date_sk = tpcds_partitioned_parquet_snap.date_dim_3.d_date_sk
|  |  fk/pk conjuncts: tpcds_partitioned_parquet_snap.web_sales_0.ws_sold_date_sk = tpcds_partitioned_parquet_snap.date_dim_3.d_date_sk
|  |  mem-estimate=0B mem-reservation=0B spill-buffer=64.00KB thread-reservation=0
|  |  tuple-ids=28,30 row-size=32B cardinality=441.48M cost=193234710
|  |  in pipelines: 26(GETNEXT), 27(OPEN)
|  |
|  |--F40:PLAN FRAGMENT [RANDOM] hosts=10 instances=10
|  |  |  Per-Instance Resources: mem-estimate=24.27MB mem-reservation=24.25MB thread-reservation=1 runtime-filters-memory=1.00MB
|  |  |  max-parallelism=10 segment-costs=[863]
|  |  JOIN BUILD
|  |  |  join-table-id=08 plan-id=09 cohort-id=04
|  |  |  build expressions: tpcds_partitioned_parquet_snap.date_dim_3.d_date_sk
|  |  |  runtime filters: RF024[bloom] <- tpcds_partitioned_parquet_snap.date_dim_3.d_date_sk
|  |  |  mem-estimate=23.25MB mem-reservation=23.25MB spill-buffer=64.00KB thread-reservation=0 cost=373
|  |  |
|  |  60:EXCHANGE [BROADCAST]
|  |  |  mem-estimate=16.00KB mem-reservation=0B thread-reservation=0
|  |  |  tuple-ids=30 row-size=8B cardinality=373 cost=490
|  |  |  in pipelines: 27(GETNEXT)
|  |  |
|  |  F17:PLAN FRAGMENT [RANDOM] hosts=1 instances=1
|  |  Per-Instance Resources: mem-estimate=16.05MB mem-reservation=512.00KB thread-reservation=1
|  |  max-parallelism=1 segment-costs=[12536]
|  |  27:SCAN HDFS [tpcds_partitioned_parquet_snap.date_dim, RANDOM]
|  |     HDFS partitions=1/1 files=1 size=2.17MB
|  |     predicates: tpcds_partitioned_parquet_snap.date_dim_3.d_year = CAST(1999 AS INT), tpcds_partitioned_parquet_snap.date_dim_3.d_date_sk IS NOT NULL
|  |     stored statistics:
|  |       table: rows=73.05K size=2.17MB
|  |       columns: all
|  |     extrapolated-rows=disabled max-scan-range-rows=73.05K
|  |     parquet statistics predicates: tpcds_partitioned_parquet_snap.date_dim_3.d_year = CAST(1999 AS INT)
|  |     parquet dictionary predicates: tpcds_partitioned_parquet_snap.date_dim_3.d_year = CAST(1999 AS INT), tpcds_partitioned_parquet_snap.date_dim_3.d_date_sk IS NOT NULL
|  |     mem-estimate=16.00MB mem-reservation=512.00KB thread-reservation=0
|  |     tuple-ids=30 row-size=8B cardinality=373 cost=12520
|  |     in pipelines: 27(GETNEXT)
|  |
|  26:SCAN HDFS [tpcds_partitioned_parquet_snap.web_sales, RANDOM]
|     partition predicates: tpcds_partitioned_parquet_snap.web_sales_0.ws_sold_date_sk IS NOT NULL
|     HDFS partitions=1823/1824 files=1823 size=145.67GB
|     predicates: tpcds_partitioned_parquet_snap.web_sales_0.ws_bill_customer_sk IS NOT NULL
|     runtime filters: RF023[min_max] -> tpcds_partitioned_parquet_snap.web_sales_0.ws_bill_customer_sk, RF024[bloom] -> tpcds_partitioned_parquet_snap.web_sales_0.ws_sold_date_sk
|     stored statistics:
|       table: rows=2.16G size=145.75GB
|       partitions: 1823/1823 rows=2.16G
|       columns: all
|     extrapolated-rows=disabled max-scan-range-rows=3.37M est-scan-range=373(filtered from 1823)
|     parquet dictionary predicates: tpcds_partitioned_parquet_snap.web_sales_0.ws_bill_customer_sk IS NOT NULL
|     mem-estimate=16.00MB mem-reservation=128.00KB thread-reservation=0
|     tuple-ids=28 row-size=24B cardinality=441.48M(filtered from 2.16G) cost=165021409
|     in pipelines: 26(GETNEXT)
|
25:HASH JOIN [INNER JOIN, PARTITIONED]
|  hash-table-id=09
|  hash predicates: tpcds_partitioned_parquet_snap.customer_2.c_customer_id = tpcds_partitioned_parquet_snap.customer_0.c_customer_id
|  fk/pk conjuncts: tpcds_partitioned_parquet_snap.customer_2.c_customer_id = tpcds_partitioned_parquet_snap.customer_0.c_customer_id
|  mem-estimate=0B mem-reservation=0B spill-buffer=2.00MB thread-reservation=0
|  tuple-ids=27,20,13 row-size=495B cardinality=40.63M cost=27877122
|  in pipelines: 46(GETNEXT), 58(OPEN)
|
|--F41:PLAN FRAGMENT [HASH(tpcds_partitioned_parquet_snap.customer_2.c_customer_id)] hosts=10 instances=120
|  |  Per-Instance Resources: mem-estimate=106.89MB mem-reservation=50.00MB thread-reservation=1 runtime-filters-memory=16.00MB
|  |  max-parallelism=260 segment-costs=[76003415] cpu-comparison-result=240 [max(120 (self) vs 240 (sum children))]
|  JOIN BUILD
|  |  join-table-id=09 plan-id=10 cohort-id=01
|  |  build expressions: tpcds_partitioned_parquet_snap.customer_0.c_customer_id
|  |  runtime filters: RF006[bloom] <- tpcds_partitioned_parquet_snap.customer_0.c_customer_id, RF007[min_max] <- tpcds_partitioned_parquet_snap.customer_0.c_customer_id
|  |  mem-estimate=61.07MB mem-reservation=34.00MB spill-buffer=2.00MB thread-reservation=0 cost=40626738
|  |
|  59:EXCHANGE [HASH(tpcds_partitioned_parquet_snap.customer_0.c_customer_id)]
|  |  mem-estimate=29.82MB mem-reservation=0B thread-reservation=0
|  |  tuple-ids=13 row-size=165B cardinality=40.63M cost=35376677
|  |  in pipelines: 58(GETNEXT)
|  |
|  F15:PLAN FRAGMENT [HASH(tpcds_partitioned_parquet_snap.customer_0.c_customer_id,tpcds_partitioned_parquet_snap.customer_0.c_first_name,tpcds_partitioned_parquet_snap.customer_0.c_last_name,tpcds_partitioned_parquet_snap.customer_0.c_preferred_cust_flag,tpcds_partitioned_parquet_snap.customer_0.c_birth_country,tpcds_partitioned_parquet_snap.customer_0.c_login,tpcds_partitioned_parquet_snap.customer_0.c_email_address)] hosts=10 instances=120
|  Per-Instance Resources: mem-estimate=651.24MB mem-reservation=34.00MB thread-reservation=1
|  max-parallelism=280 segment-costs=[2751800623, 453013550] cpu-comparison-result=240 [max(120 (self) vs 240 (sum children))]
|  58:AGGREGATE [FINALIZE]
|  |  output: sum:merge(divide(add(subtract(subtract(tpcds_partitioned_parquet_snap.web_sales.ws_ext_list_price, tpcds_partitioned_parquet_snap.web_sales.ws_ext_wholesale_cost), tpcds_partitioned_parquet_snap.web_sales.ws_ext_discount_amt), tpcds_partitioned_parquet_snap.web_sales.ws_ext_sales_price), 2))
|  |  group by: tpcds_partitioned_parquet_snap.customer_0.c_customer_id, tpcds_partitioned_parquet_snap.customer_0.c_first_name, tpcds_partitioned_parquet_snap.customer_0.c_last_name, tpcds_partitioned_parquet_snap.customer_0.c_preferred_cust_flag, tpcds_partitioned_parquet_snap.customer_0.c_birth_country, tpcds_partitioned_parquet_snap.customer_0.c_login, tpcds_partitioned_parquet_snap.customer_0.c_email_address
|  |  having: sum(divide(add(subtract(subtract(tpcds_partitioned_parquet_snap.web_sales.ws_ext_list_price, tpcds_partitioned_parquet_snap.web_sales.ws_ext_wholesale_cost), tpcds_partitioned_parquet_snap.web_sales.ws_ext_discount_amt), tpcds_partitioned_parquet_snap.web_sales.ws_ext_sales_price), 2)) IS NOT NULL
|  |  mem-estimate=571.96MB mem-reservation=34.00MB spill-buffer=2.00MB thread-reservation=0
|  |  tuple-ids=13 row-size=165B cardinality=40.63M cost=2398033848
|  |  in pipelines: 58(GETNEXT), 06(OPEN)
|  |
|  57:EXCHANGE [HASH(tpcds_partitioned_parquet_snap.customer_0.c_customer_id,tpcds_partitioned_parquet_snap.customer_0.c_first_name,tpcds_partitioned_parquet_snap.customer_0.c_last_name,tpcds_partitioned_parquet_snap.customer_0.c_preferred_cust_flag,tpcds_partitioned_parquet_snap.customer_0.c_birth_country,tpcds_partitioned_parquet_snap.customer_0.c_login,tpcds_partitioned_parquet_snap.customer_0.c_email_address)]
|  |  mem-estimate=29.82MB mem-reservation=0B thread-reservation=0
|  |  tuple-ids=13 row-size=165B cardinality=406.27M cost=353766775
|  |  in pipelines: 06(GETNEXT)
|  |
|  F14:PLAN FRAGMENT [HASH(tpcds_partitioned_parquet_snap.web_sales.ws_bill_customer_sk)] hosts=10 instances=120
|  Per-Instance Resources: mem-estimate=522.94MB mem-reservation=34.00MB thread-reservation=1
|  max-parallelism=460 segment-costs=[2715168496, 4530135523] cpu-comparison-result=240 [max(240 (self) vs 141 (sum children))]
|  11:AGGREGATE [STREAMING]
|  |  output: sum(divide(add(subtract(subtract(tpcds_partitioned_parquet_snap.web_sales.ws_ext_list_price, tpcds_partitioned_parquet_snap.web_sales.ws_ext_wholesale_cost), tpcds_partitioned_parquet_snap.web_sales.ws_ext_discount_amt), tpcds_partitioned_parquet_snap.web_sales.ws_ext_sales_price), CAST(2 AS DECIMAL(3,0))))
|  |  group by: tpcds_partitioned_parquet_snap.customer_0.c_customer_id, tpcds_partitioned_parquet_snap.customer_0.c_first_name, tpcds_partitioned_parquet_snap.customer_0.c_last_name, tpcds_partitioned_parquet_snap.customer_0.c_preferred_cust_flag, tpcds_partitioned_parquet_snap.customer_0.c_birth_country, tpcds_partitioned_parquet_snap.customer_0.c_login, tpcds_partitioned_parquet_snap.customer_0.c_email_address
|  |  mem-estimate=428.97MB mem-reservation=34.00MB spill-buffer=2.00MB thread-reservation=0
|  |  tuple-ids=13 row-size=165B cardinality=406.27M cost=2398033848
|  |  in pipelines: 06(GETNEXT)
|  |
|  10:HASH JOIN [INNER JOIN, PARTITIONED]
|  |  hash-table-id=10
|  |  hash predicates: tpcds_partitioned_parquet_snap.web_sales.ws_bill_customer_sk = tpcds_partitioned_parquet_snap.customer_0.c_customer_sk
|  |  fk/pk conjuncts: tpcds_partitioned_parquet_snap.web_sales.ws_bill_customer_sk = tpcds_partitioned_parquet_snap.customer_0.c_customer_sk
|  |  mem-estimate=0B mem-reservation=0B spill-buffer=2.00MB thread-reservation=0
|  |  tuple-ids=7,9,11 row-size=185B cardinality=406.27M cost=186854633
|  |  in pipelines: 06(GETNEXT), 09(OPEN)
|  |
|  |--F42:PLAN FRAGMENT [HASH(tpcds_partitioned_parquet_snap.web_sales.ws_bill_customer_sk)] hosts=10 instances=120
|  |  |  Per-Instance Resources: mem-estimate=54.45MB mem-reservation=34.00MB thread-reservation=1
|  |  |  max-parallelism=460 segment-costs=[54467197]
|  |  JOIN BUILD
|  |  |  join-table-id=10 plan-id=11 cohort-id=05
|  |  |  build expressions: tpcds_partitioned_parquet_snap.customer_0.c_customer_sk
|  |  |  runtime filters: RF019[min_max] <- tpcds_partitioned_parquet_snap.customer_0.c_customer_sk
|  |  |  mem-estimate=42.91MB mem-reservation=34.00MB spill-buffer=2.00MB thread-reservation=0 cost=30000000
|  |  |
|  |  56:EXCHANGE [HASH(tpcds_partitioned_parquet_snap.customer_0.c_customer_sk)]
|  |  |  mem-estimate=11.53MB mem-reservation=0B thread-reservation=0
|  |  |  tuple-ids=11 row-size=153B cardinality=30.00M cost=24467197
|  |  |  in pipelines: 09(GETNEXT)
|  |  |
|  |  F13:PLAN FRAGMENT [RANDOM] hosts=10 instances=10
|  |  Per-Instance Resources: mem-estimate=89.66MB mem-reservation=1.00MB thread-reservation=1
|  |  max-parallelism=10 segment-costs=[342891999]
|  |  09:SCAN HDFS [tpcds_partitioned_parquet_snap.customer, RANDOM]
|  |     HDFS partitions=1/1 files=1 size=1.55GB
|  |     predicates: tpcds_partitioned_parquet_snap.customer_0.c_customer_id IS NOT NULL, tpcds_partitioned_parquet_snap.customer_0.c_customer_sk IS NOT NULL
|  |     runtime filters: RF001[min_max] -> tpcds_partitioned_parquet_snap.customer_0.c_customer_id, RF005[min_max] -> tpcds_partitioned_parquet_snap.customer_0.c_customer_id, RF003[min_max] -> tpcds_partitioned_parquet_snap.customer_0.c_customer_id
|  |     stored statistics:
|  |       table: rows=30.00M size=1.55GB
|  |       columns: all
|  |     extrapolated-rows=disabled max-scan-range-rows=3.10M
|  |     parquet dictionary predicates: tpcds_partitioned_parquet_snap.customer_0.c_customer_id IS NOT NULL, tpcds_partitioned_parquet_snap.customer_0.c_customer_sk IS NOT NULL
|  |     mem-estimate=16.00MB mem-reservation=1.00MB thread-reservation=0
|  |     tuple-ids=11 row-size=153B cardinality=30.00M cost=31557228
|  |     in pipelines: 09(GETNEXT)
|  |
|  55:EXCHANGE [HASH(tpcds_partitioned_parquet_snap.web_sales.ws_bill_customer_sk)]
|  |  mem-estimate=14.69MB mem-reservation=0B thread-reservation=0
|  |  tuple-ids=7,9 row-size=32B cardinality=441.48M cost=130280015
|  |  in pipelines: 06(GETNEXT)
|  |
|  F11:PLAN FRAGMENT [RANDOM] hosts=10 instances=120
|  Per-Host Shared Resources: mem-estimate=1.00MB mem-reservation=1.00MB thread-reservation=0 runtime-filters-memory=1.00MB
|  Per-Instance Resources: mem-estimate=34.75MB mem-reservation=128.00KB thread-reservation=1
|  max-parallelism=180 segment-costs=[1722951425]
|  08:HASH JOIN [INNER JOIN, BROADCAST]
|  |  hash-table-id=11
|  |  hash predicates: tpcds_partitioned_parquet_snap.web_sales.ws_sold_date_sk = tpcds_partitioned_parquet_snap.date_dim_0.d_date_sk
|  |  fk/pk conjuncts: tpcds_partitioned_parquet_snap.web_sales.ws_sold_date_sk = tpcds_partitioned_parquet_snap.date_dim_0.d_date_sk
|  |  mem-estimate=0B mem-reservation=0B spill-buffer=64.00KB thread-reservation=0
|  |  tuple-ids=7,9 row-size=32B cardinality=441.48M cost=193234710
|  |  in pipelines: 06(GETNEXT), 07(OPEN)
|  |
|  |--F43:PLAN FRAGMENT [RANDOM] hosts=10 instances=10
|  |  |  Per-Instance Resources: mem-estimate=24.27MB mem-reservation=24.25MB thread-reservation=1 runtime-filters-memory=1.00MB
|  |  |  max-parallelism=10 segment-costs=[863]
|  |  JOIN BUILD
|  |  |  join-table-id=11 plan-id=12 cohort-id=05
|  |  |  build expressions: tpcds_partitioned_parquet_snap.date_dim_0.d_date_sk
|  |  |  runtime filters: RF020[bloom] <- tpcds_partitioned_parquet_snap.date_dim_0.d_date_sk
|  |  |  mem-estimate=23.25MB mem-reservation=23.25MB spill-buffer=64.00KB thread-reservation=0 cost=373
|  |  |
|  |  54:EXCHANGE [BROADCAST]
|  |  |  mem-estimate=16.00KB mem-reservation=0B thread-reservation=0
|  |  |  tuple-ids=9 row-size=8B cardinality=373 cost=490
|  |  |  in pipelines: 07(GETNEXT)
|  |  |
|  |  F12:PLAN FRAGMENT [RANDOM] hosts=1 instances=1
|  |  Per-Instance Resources: mem-estimate=16.05MB mem-reservation=512.00KB thread-reservation=1
|  |  max-parallelism=1 segment-costs=[12536]
|  |  07:SCAN HDFS [tpcds_partitioned_parquet_snap.date_dim, RANDOM]
|  |     HDFS partitions=1/1 files=1 size=2.17MB
|  |     predicates: tpcds_partitioned_parquet_snap.date_dim_0.d_year = CAST(2000 AS INT), tpcds_partitioned_parquet_snap.date_dim_0.d_date_sk IS NOT NULL
|  |     stored statistics:
|  |       table: rows=73.05K size=2.17MB
|  |       columns: all
|  |     extrapolated-rows=disabled max-scan-range-rows=73.05K
|  |     parquet statistics predicates: tpcds_partitioned_parquet_snap.date_dim_0.d_year = CAST(2000 AS INT)
|  |     parquet dictionary predicates: tpcds_partitioned_parquet_snap.date_dim_0.d_year = CAST(2000 AS INT), tpcds_partitioned_parquet_snap.date_dim_0.d_date_sk IS NOT NULL
|  |     mem-estimate=16.00MB mem-reservation=512.00KB thread-reservation=0
|  |     tuple-ids=9 row-size=8B cardinality=373 cost=12520
|  |     in pipelines: 07(GETNEXT)
|  |
|  06:SCAN HDFS [tpcds_partitioned_parquet_snap.web_sales, RANDOM]
|     partition predicates: tpcds_partitioned_parquet_snap.web_sales.ws_sold_date_sk IS NOT NULL
|     HDFS partitions=1823/1824 files=1823 size=145.67GB
|     predicates: tpcds_partitioned_parquet_snap.web_sales.ws_bill_customer_sk IS NOT NULL
|     runtime filters: RF019[min_max] -> tpcds_partitioned_parquet_snap.web_sales.ws_bill_customer_sk, RF020[bloom] -> tpcds_partitioned_parquet_snap.web_sales.ws_sold_date_sk
|     stored statistics:
|       table: rows=2.16G size=145.75GB
|       partitions: 1823/1823 rows=2.16G
|       columns: all
|     extrapolated-rows=disabled max-scan-range-rows=3.37M est-scan-range=373(filtered from 1823)
|     parquet dictionary predicates: tpcds_partitioned_parquet_snap.web_sales.ws_bill_customer_sk IS NOT NULL
|     mem-estimate=16.00MB mem-reservation=128.00KB thread-reservation=0
|     tuple-ids=7 row-size=24B cardinality=441.48M(filtered from 2.16G) cost=165021409
|     in pipelines: 06(GETNEXT)
|
24:HASH JOIN [INNER JOIN, PARTITIONED]
|  hash-table-id=12
|  hash predicates: tpcds_partitioned_parquet_snap.customer_2.c_customer_id = tpcds_partitioned_parquet_snap.customer_1.c_customer_id
|  fk/pk conjuncts: tpcds_partitioned_parquet_snap.customer_2.c_customer_id = tpcds_partitioned_parquet_snap.customer_1.c_customer_id
|  mem-estimate=0B mem-reservation=0B spill-buffer=2.00MB thread-reservation=0
|  tuple-ids=27,20 row-size=330B cardinality=79.98M cost=52428030
|  in pipelines: 46(GETNEXT), 51(OPEN)
|
|--F44:PLAN FRAGMENT [HASH(tpcds_partitioned_parquet_snap.customer_2.c_customer_id)] hosts=10 instances=120
|  |  Per-Instance Resources: mem-estimate=169.95MB mem-reservation=50.00MB thread-reservation=1 runtime-filters-memory=16.00MB
|  |  max-parallelism=260 segment-costs=[149629463] cpu-comparison-result=240 [max(120 (self) vs 240 (sum children))]
|  JOIN BUILD
|  |  join-table-id=12 plan-id=13 cohort-id=01
|  |  build expressions: tpcds_partitioned_parquet_snap.customer_1.c_customer_id
|  |  runtime filters: RF008[bloom] <- tpcds_partitioned_parquet_snap.customer_1.c_customer_id, RF009[min_max] <- tpcds_partitioned_parquet_snap.customer_1.c_customer_id
|  |  mem-estimate=124.13MB mem-reservation=34.00MB spill-buffer=2.00MB thread-reservation=0 cost=79982682
|  |
|  53:EXCHANGE [HASH(tpcds_partitioned_parquet_snap.customer_1.c_customer_id)]
|  |  mem-estimate=29.82MB mem-reservation=0B thread-reservation=0
|  |  tuple-ids=20 row-size=165B cardinality=79.98M cost=69646781
|  |  in pipelines: 51(GETNEXT)
|  |
|  F09:PLAN FRAGMENT [HASH(tpcds_partitioned_parquet_snap.customer_1.c_customer_id,tpcds_partitioned_parquet_snap.customer_1.c_first_name,tpcds_partitioned_parquet_snap.customer_1.c_last_name,tpcds_partitioned_parquet_snap.customer_1.c_preferred_cust_flag,tpcds_partitioned_parquet_snap.customer_1.c_birth_country,tpcds_partitioned_parquet_snap.customer_1.c_login,tpcds_partitioned_parquet_snap.customer_1.c_email_address)] hosts=10 instances=120
|  Per-Instance Resources: mem-estimate=1.18GB mem-reservation=34.00MB thread-reservation=1
|  max-parallelism=550 segment-costs=[5417525566, 891856952] cpu-comparison-result=240 [max(120 (self) vs 240 (sum children))]
|  51:AGGREGATE [FINALIZE]
|  |  output: sum:merge(divide(add(subtract(subtract(tpcds_partitioned_parquet_snap.catalog_sales.cs_ext_list_price, tpcds_partitioned_parquet_snap.catalog_sales.cs_ext_wholesale_cost), tpcds_partitioned_parquet_snap.catalog_sales.cs_ext_discount_amt), tpcds_partitioned_parquet_snap.catalog_sales.cs_ext_sales_price), 2))
|  |  group by: tpcds_partitioned_parquet_snap.customer_1.c_customer_id, tpcds_partitioned_parquet_snap.customer_1.c_first_name, tpcds_partitioned_parquet_snap.customer_1.c_last_name, tpcds_partitioned_parquet_snap.customer_1.c_preferred_cust_flag, tpcds_partitioned_parquet_snap.customer_1.c_birth_country, tpcds_partitioned_parquet_snap.customer_1.c_login, tpcds_partitioned_parquet_snap.customer_1.c_email_address
|  |  having: sum(divide(add(subtract(subtract(tpcds_partitioned_parquet_snap.catalog_sales.cs_ext_list_price, tpcds_partitioned_parquet_snap.catalog_sales.cs_ext_wholesale_cost), tpcds_partitioned_parquet_snap.catalog_sales.cs_ext_discount_amt), tpcds_partitioned_parquet_snap.catalog_sales.cs_ext_sales_price), 2)) IS NOT NULL
|  |  mem-estimate=1.10GB mem-reservation=34.00MB spill-buffer=2.00MB thread-reservation=0
|  |  tuple-ids=20 row-size=165B cardinality=79.98M cost=4721057758
|  |  in pipelines: 51(GETNEXT), 12(OPEN)
|  |
|  50:EXCHANGE [HASH(tpcds_partitioned_parquet_snap.customer_1.c_customer_id,tpcds_partitioned_parquet_snap.customer_1.c_first_name,tpcds_partitioned_parquet_snap.customer_1.c_last_name,tpcds_partitioned_parquet_snap.customer_1.c_preferred_cust_flag,tpcds_partitioned_parquet_snap.customer_1.c_birth_country,tpcds_partitioned_parquet_snap.customer_1.c_login,tpcds_partitioned_parquet_snap.customer_1.c_email_address)]
|  |  mem-estimate=29.82MB mem-reservation=0B thread-reservation=0
|  |  tuple-ids=20 row-size=165B cardinality=799.83M cost=696467808
|  |  in pipelines: 12(GETNEXT)
|  |
|  F08:PLAN FRAGMENT [HASH(tpcds_partitioned_parquet_snap.catalog_sales.cs_bill_customer_sk)] hosts=10 instances=120
|  Per-Instance Resources: mem-estimate=938.49MB mem-reservation=34.00MB thread-reservation=1
|  max-parallelism=900 segment-costs=[5346593754, 8918569464] cpu-comparison-result=240 [max(240 (self) vs 141 (sum children))]
|  17:AGGREGATE [STREAMING]
|  |  output: sum(divide(add(subtract(subtract(tpcds_partitioned_parquet_snap.catalog_sales.cs_ext_list_price, tpcds_partitioned_parquet_snap.catalog_sales.cs_ext_wholesale_cost), tpcds_partitioned_parquet_snap.catalog_sales.cs_ext_discount_amt), tpcds_partitioned_parquet_snap.catalog_sales.cs_ext_sales_price), CAST(2 AS DECIMAL(3,0))))
|  |  group by: tpcds_partitioned_parquet_snap.customer_1.c_customer_id, tpcds_partitioned_parquet_snap.customer_1.c_first_name, tpcds_partitioned_parquet_snap.customer_1.c_last_name, tpcds_partitioned_parquet_snap.customer_1.c_preferred_cust_flag, tpcds_partitioned_parquet_snap.customer_1.c_birth_country, tpcds_partitioned_parquet_snap.customer_1.c_login, tpcds_partitioned_parquet_snap.customer_1.c_email_address
|  |  mem-estimate=844.52MB mem-reservation=34.00MB spill-buffer=2.00MB thread-reservation=0
|  |  tuple-ids=20 row-size=165B cardinality=799.83M cost=4721057758
|  |  in pipelines: 12(GETNEXT)
|  |
|  16:HASH JOIN [INNER JOIN, PARTITIONED]
|  |  hash-table-id=13
|  |  hash predicates: tpcds_partitioned_parquet_snap.catalog_sales.cs_bill_customer_sk = tpcds_partitioned_parquet_snap.customer_1.c_customer_sk
|  |  fk/pk conjuncts: tpcds_partitioned_parquet_snap.catalog_sales.cs_bill_customer_sk = tpcds_partitioned_parquet_snap.customer_1.c_customer_sk
|  |  mem-estimate=0B mem-reservation=0B spill-buffer=2.00MB thread-reservation=0
|  |  tuple-ids=14,16,18 row-size=185B cardinality=799.83M cost=368416277
|  |  in pipelines: 12(GETNEXT), 15(OPEN)
|  |
|  |--F45:PLAN FRAGMENT [HASH(tpcds_partitioned_parquet_snap.catalog_sales.cs_bill_customer_sk)] hosts=10 instances=120
|  |  |  Per-Instance Resources: mem-estimate=70.45MB mem-reservation=50.00MB thread-reservation=1 runtime-filters-memory=16.00MB
|  |  |  max-parallelism=900 segment-costs=[54467197]
|  |  JOIN BUILD
|  |  |  join-table-id=13 plan-id=14 cohort-id=06
|  |  |  build expressions: tpcds_partitioned_parquet_snap.customer_1.c_customer_sk
|  |  |  runtime filters: RF014[bloom] <- tpcds_partitioned_parquet_snap.customer_1.c_customer_sk, RF015[min_max] <- tpcds_partitioned_parquet_snap.customer_1.c_customer_sk
|  |  |  mem-estimate=42.91MB mem-reservation=34.00MB spill-buffer=2.00MB thread-reservation=0 cost=30000000
|  |  |
|  |  49:EXCHANGE [HASH(tpcds_partitioned_parquet_snap.customer_1.c_customer_sk)]
|  |  |  mem-estimate=11.53MB mem-reservation=0B thread-reservation=0
|  |  |  tuple-ids=18 row-size=153B cardinality=30.00M cost=24467197
|  |  |  in pipelines: 15(GETNEXT)
|  |  |
|  |  F07:PLAN FRAGMENT [RANDOM] hosts=10 instances=10
|  |  Per-Host Shared Resources: mem-estimate=16.00MB mem-reservation=16.00MB thread-reservation=0 runtime-filters-memory=16.00MB
|  |  Per-Instance Resources: mem-estimate=89.66MB mem-reservation=1.00MB thread-reservation=1
|  |  max-parallelism=10 segment-costs=[342891999]
|  |  15:SCAN HDFS [tpcds_partitioned_parquet_snap.customer, RANDOM]
|  |     HDFS partitions=1/1 files=1 size=1.55GB
|  |     predicates: tpcds_partitioned_parquet_snap.customer_1.c_customer_id IS NOT NULL, tpcds_partitioned_parquet_snap.customer_1.c_customer_sk IS NOT NULL
|  |     runtime filters: RF007[min_max] -> tpcds_partitioned_parquet_snap.customer_1.c_customer_id, RF001[min_max] -> tpcds_partitioned_parquet_snap.customer_1.c_customer_id, RF005[min_max] -> tpcds_partitioned_parquet_snap.customer_1.c_customer_id, RF003[min_max] -> tpcds_partitioned_parquet_snap.customer_1.c_customer_id, RF006[bloom] -> tpcds_partitioned_parquet_snap.customer_1.c_customer_id
|  |     stored statistics:
|  |       table: rows=30.00M size=1.55GB
|  |       columns: all
|  |     extrapolated-rows=disabled max-scan-range-rows=3.10M
|  |     parquet dictionary predicates: tpcds_partitioned_parquet_snap.customer_1.c_customer_id IS NOT NULL, tpcds_partitioned_parquet_snap.customer_1.c_customer_sk IS NOT NULL
|  |     mem-estimate=16.00MB mem-reservation=1.00MB thread-reservation=0
|  |     tuple-ids=18 row-size=153B cardinality=30.00M cost=31557228
|  |     in pipelines: 15(GETNEXT)
|  |
|  48:EXCHANGE [HASH(tpcds_partitioned_parquet_snap.catalog_sales.cs_bill_customer_sk)]
|  |  mem-estimate=14.69MB mem-reservation=0B thread-reservation=0
|  |  tuple-ids=14,16 row-size=32B cardinality=871.30M cost=257119719
|  |  in pipelines: 12(GETNEXT)
|  |
|  F05:PLAN FRAGMENT [RANDOM] hosts=10 instances=120
|  Per-Host Shared Resources: mem-estimate=17.00MB mem-reservation=17.00MB thread-reservation=0 runtime-filters-memory=17.00MB
|  Per-Instance Resources: mem-estimate=34.75MB mem-reservation=256.00KB thread-reservation=1
|  max-parallelism=350 segment-costs=[3401959876]
|  14:HASH JOIN [INNER JOIN, BROADCAST]
|  |  hash-table-id=14
|  |  hash predicates: tpcds_partitioned_parquet_snap.catalog_sales.cs_sold_date_sk = tpcds_partitioned_parquet_snap.date_dim_1.d_date_sk
|  |  fk/pk conjuncts: tpcds_partitioned_parquet_snap.catalog_sales.cs_sold_date_sk = tpcds_partitioned_parquet_snap.date_dim_1.d_date_sk
|  |  mem-estimate=0B mem-reservation=0B spill-buffer=64.00KB thread-reservation=0
|  |  tuple-ids=14,16 row-size=32B cardinality=871.30M cost=381366658
|  |  in pipelines: 12(GETNEXT), 13(OPEN)
|  |
|  |--F46:PLAN FRAGMENT [RANDOM] hosts=10 instances=10
|  |  |  Per-Instance Resources: mem-estimate=24.27MB mem-reservation=24.25MB thread-reservation=1 runtime-filters-memory=1.00MB
|  |  |  max-parallelism=10 segment-costs=[863]
|  |  JOIN BUILD
|  |  |  join-table-id=14 plan-id=15 cohort-id=06
|  |  |  build expressions: tpcds_partitioned_parquet_snap.date_dim_1.d_date_sk
|  |  |  runtime filters: RF016[bloom] <- tpcds_partitioned_parquet_snap.date_dim_1.d_date_sk
|  |  |  mem-estimate=23.25MB mem-reservation=23.25MB spill-buffer=64.00KB thread-reservation=0 cost=373
|  |  |
|  |  47:EXCHANGE [BROADCAST]
|  |  |  mem-estimate=16.00KB mem-reservation=0B thread-reservation=0
|  |  |  tuple-ids=16 row-size=8B cardinality=373 cost=490
|  |  |  in pipelines: 13(GETNEXT)
|  |  |
|  |  F06:PLAN FRAGMENT [RANDOM] hosts=1 instances=1
|  |  Per-Instance Resources: mem-estimate=16.05MB mem-reservation=512.00KB thread-reservation=1
|  |  max-parallelism=1 segment-costs=[12536]
|  |  13:SCAN HDFS [tpcds_partitioned_parquet_snap.date_dim, RANDOM]
|  |     HDFS partitions=1/1 files=1 size=2.17MB
|  |     predicates: tpcds_partitioned_parquet_snap.date_dim_1.d_year = CAST(2000 AS INT), tpcds_partitioned_parquet_snap.date_dim_1.d_date_sk IS NOT NULL
|  |     stored statistics:
|  |       table: rows=73.05K size=2.17MB
|  |       columns: all
|  |     extrapolated-rows=disabled max-scan-range-rows=73.05K
|  |     parquet statistics predicates: tpcds_partitioned_parquet_snap.date_dim_1.d_year = CAST(2000 AS INT)
|  |     parquet dictionary predicates: tpcds_partitioned_parquet_snap.date_dim_1.d_year = CAST(2000 AS INT), tpcds_partitioned_parquet_snap.date_dim_1.d_date_sk IS NOT NULL
|  |     mem-estimate=16.00MB mem-reservation=512.00KB thread-reservation=0
|  |     tuple-ids=16 row-size=8B cardinality=373 cost=12520
|  |     in pipelines: 13(GETNEXT)
|  |
|  12:SCAN HDFS [tpcds_partitioned_parquet_snap.catalog_sales, RANDOM]
|     partition predicates: tpcds_partitioned_parquet_snap.catalog_sales.cs_sold_date_sk IS NOT NULL
|     HDFS partitions=1830/1831 files=1830 size=280.81GB
|     predicates: tpcds_partitioned_parquet_snap.catalog_sales.cs_bill_customer_sk IS NOT NULL
|     runtime filters: RF015[min_max] -> tpcds_partitioned_parquet_snap.catalog_sales.cs_bill_customer_sk, RF016[bloom] -> tpcds_partitioned_parquet_snap.catalog_sales.cs_sold_date_sk, RF014[bloom] -> tpcds_partitioned_parquet_snap.catalog_sales.cs_bill_customer_sk
|     stored statistics:
|       table: rows=4.32G size=280.96GB
|       partitions: 1830/1830 rows=4.30G
|       columns: all
|     extrapolated-rows=disabled max-scan-range-rows=5.09M est-scan-range=373(filtered from 1830)
|     parquet dictionary predicates: tpcds_partitioned_parquet_snap.catalog_sales.cs_bill_customer_sk IS NOT NULL
|     mem-estimate=16.00MB mem-reservation=256.00KB thread-reservation=0
|     tuple-ids=14 row-size=24B cardinality=871.30M(filtered from 4.28G) cost=327240201
|     in pipelines: 12(GETNEXT)
|
52:EXCHANGE [HASH(tpcds_partitioned_parquet_snap.customer_2.c_customer_id)]
|  mem-estimate=29.82MB mem-reservation=0B thread-reservation=0
|  tuple-ids=27 row-size=165B cardinality=147.90M cost=128783355
|  in pipelines: 46(GETNEXT)
|
F04:PLAN FRAGMENT [HASH(tpcds_partitioned_parquet_snap.customer_2.c_customer_id,tpcds_partitioned_parquet_snap.customer_2.c_first_name,tpcds_partitioned_parquet_snap.customer_2.c_last_name,tpcds_partitioned_parquet_snap.customer_2.c_preferred_cust_flag,tpcds_partitioned_parquet_snap.customer_2.c_birth_country,tpcds_partitioned_parquet_snap.customer_2.c_login,tpcds_partitioned_parquet_snap.customer_2.c_email_address)] hosts=10 instances=120
Per-Instance Resources: mem-estimate=2.11GB mem-reservation=34.00MB thread-reservation=1
max-parallelism=1010 segment-costs=[10017507045, 1649126185] cpu-comparison-result=240 [max(120 (self) vs 240 (sum children))]
46:AGGREGATE [FINALIZE]
|  output: sum:merge(divide(add(subtract(subtract(tpcds_partitioned_parquet_snap.store_sales_0.ss_ext_list_price, tpcds_partitioned_parquet_snap.store_sales_0.ss_ext_wholesale_cost), tpcds_partitioned_parquet_snap.store_sales_0.ss_ext_discount_amt), tpcds_partitioned_parquet_snap.store_sales_0.ss_ext_sales_price), 2))
|  group by: tpcds_partitioned_parquet_snap.customer_2.c_customer_id, tpcds_partitioned_parquet_snap.customer_2.c_first_name, tpcds_partitioned_parquet_snap.customer_2.c_last_name, tpcds_partitioned_parquet_snap.customer_2.c_preferred_cust_flag, tpcds_partitioned_parquet_snap.customer_2.c_birth_country, tpcds_partitioned_parquet_snap.customer_2.c_login, tpcds_partitioned_parquet_snap.customer_2.c_email_address
|  having: sum(divide(add(subtract(subtract(tpcds_partitioned_parquet_snap.store_sales_0.ss_ext_list_price, tpcds_partitioned_parquet_snap.store_sales_0.ss_ext_wholesale_cost), tpcds_partitioned_parquet_snap.store_sales_0.ss_ext_discount_amt), tpcds_partitioned_parquet_snap.store_sales_0.ss_ext_sales_price), 2)) > CAST(0 AS DECIMAL(3,0))
|  mem-estimate=2.03GB mem-reservation=34.00MB spill-buffer=2.00MB thread-reservation=0
|  tuple-ids=27 row-size=165B cardinality=147.90M cost=8729673496
|  in pipelines: 46(GETNEXT), 18(OPEN)
|
45:EXCHANGE [HASH(tpcds_partitioned_parquet_snap.customer_2.c_customer_id,tpcds_partitioned_parquet_snap.customer_2.c_first_name,tpcds_partitioned_parquet_snap.customer_2.c_last_name,tpcds_partitioned_parquet_snap.customer_2.c_preferred_cust_flag,tpcds_partitioned_parquet_snap.customer_2.c_birth_country,tpcds_partitioned_parquet_snap.customer_2.c_login,tpcds_partitioned_parquet_snap.customer_2.c_email_address)]
|  mem-estimate=29.82MB mem-reservation=0B thread-reservation=0
|  tuple-ids=27 row-size=165B cardinality=1.48G cost=1287833549
|  in pipelines: 18(GETNEXT)
|
F03:PLAN FRAGMENT [HASH(tpcds_partitioned_parquet_snap.store_sales_0.ss_customer_sk)] hosts=10 instances=120
Per-Instance Resources: mem-estimate=1.62GB mem-reservation=34.00MB thread-reservation=1
max-parallelism=1650 segment-costs=[9886347547, 16491261804] cpu-comparison-result=240 [max(240 (self) vs 141 (sum children))]
23:AGGREGATE [STREAMING]
|  output: sum(divide(add(subtract(subtract(tpcds_partitioned_parquet_snap.store_sales_0.ss_ext_list_price, tpcds_partitioned_parquet_snap.store_sales_0.ss_ext_wholesale_cost), tpcds_partitioned_parquet_snap.store_sales_0.ss_ext_discount_amt), tpcds_partitioned_parquet_snap.store_sales_0.ss_ext_sales_price), CAST(2 AS DECIMAL(3,0))))
|  group by: tpcds_partitioned_parquet_snap.customer_2.c_customer_id, tpcds_partitioned_parquet_snap.customer_2.c_first_name, tpcds_partitioned_parquet_snap.customer_2.c_last_name, tpcds_partitioned_parquet_snap.customer_2.c_preferred_cust_flag, tpcds_partitioned_parquet_snap.customer_2.c_birth_country, tpcds_partitioned_parquet_snap.customer_2.c_login, tpcds_partitioned_parquet_snap.customer_2.c_email_address
|  mem-estimate=1.52GB mem-reservation=34.00MB spill-buffer=2.00MB thread-reservation=0
|  tuple-ids=27 row-size=165B cardinality=1.48G cost=8729673496
|  in pipelines: 18(GETNEXT)
|
22:HASH JOIN [INNER JOIN, PARTITIONED]
|  hash-table-id=15
|  hash predicates: tpcds_partitioned_parquet_snap.store_sales_0.ss_customer_sk = tpcds_partitioned_parquet_snap.customer_2.c_customer_sk
|  fk/pk conjuncts: tpcds_partitioned_parquet_snap.store_sales_0.ss_customer_sk = tpcds_partitioned_parquet_snap.customer_2.c_customer_sk
|  mem-estimate=0B mem-reservation=0B spill-buffer=2.00MB thread-reservation=0
|  tuple-ids=21,23,25 row-size=185B cardinality=1.48G cost=681235853
|  in pipelines: 18(GETNEXT), 21(OPEN)
|
|--F47:PLAN FRAGMENT [HASH(tpcds_partitioned_parquet_snap.store_sales_0.ss_customer_sk)] hosts=10 instances=120
|  |  Per-Instance Resources: mem-estimate=54.45MB mem-reservation=34.00MB thread-reservation=1
|  |  max-parallelism=1650 segment-costs=[54467197]
|  JOIN BUILD
|  |  join-table-id=15 plan-id=16 cohort-id=01
|  |  build expressions: tpcds_partitioned_parquet_snap.customer_2.c_customer_sk
|  |  runtime filters: RF011[min_max] <- tpcds_partitioned_parquet_snap.customer_2.c_customer_sk
|  |  mem-estimate=42.91MB mem-reservation=34.00MB spill-buffer=2.00MB thread-reservation=0 cost=30000000
|  |
|  44:EXCHANGE [HASH(tpcds_partitioned_parquet_snap.customer_2.c_customer_sk)]
|  |  mem-estimate=11.53MB mem-reservation=0B thread-reservation=0
|  |  tuple-ids=25 row-size=153B cardinality=30.00M cost=24467197
|  |  in pipelines: 21(GETNEXT)
|  |
|  F02:PLAN FRAGMENT [RANDOM] hosts=10 instances=10
|  Per-Host Shared Resources: mem-estimate=32.00MB mem-reservation=32.00MB thread-reservation=0 runtime-filters-memory=32.00MB
|  Per-Instance Resources: mem-estimate=89.66MB mem-reservation=1.00MB thread-reservation=1
|  max-parallelism=10 segment-costs=[342891999]
|  21:SCAN HDFS [tpcds_partitioned_parquet_snap.customer, RANDOM]
|     HDFS partitions=1/1 files=1 size=1.55GB
|     predicates: tpcds_partitioned_parquet_snap.customer_2.c_customer_id IS NOT NULL, tpcds_partitioned_parquet_snap.customer_2.c_customer_sk IS NOT NULL
|     runtime filters: RF007[min_max] -> tpcds_partitioned_parquet_snap.customer_2.c_customer_id, RF009[min_max] -> tpcds_partitioned_parquet_snap.customer_2.c_customer_id, RF001[min_max] -> tpcds_partitioned_parquet_snap.customer_2.c_customer_id, RF005[min_max] -> tpcds_partitioned_parquet_snap.customer_2.c_customer_id, RF003[min_max] -> tpcds_partitioned_parquet_snap.customer_2.c_customer_id, RF006[bloom] -> tpcds_partitioned_parquet_snap.customer_2.c_customer_id, RF008[bloom] -> tpcds_partitioned_parquet_snap.customer_2.c_customer_id
|     stored statistics:
|       table: rows=30.00M size=1.55GB
|       columns: all
|     extrapolated-rows=disabled max-scan-range-rows=3.10M
|     parquet dictionary predicates: tpcds_partitioned_parquet_snap.customer_2.c_customer_id IS NOT NULL, tpcds_partitioned_parquet_snap.customer_2.c_customer_sk IS NOT NULL
|     mem-estimate=16.00MB mem-reservation=1.00MB thread-reservation=0
|     tuple-ids=25 row-size=153B cardinality=30.00M cost=31557228
|     in pipelines: 21(GETNEXT)
|
43:EXCHANGE [HASH(tpcds_partitioned_parquet_snap.store_sales_0.ss_customer_sk)]
|  mem-estimate=14.69MB mem-reservation=0B thread-reservation=0
|  tuple-ids=21,23 row-size=32B cardinality=1.61G cost=475438198
|  in pipelines: 18(GETNEXT)
|
F00:PLAN FRAGMENT [RANDOM] hosts=10 instances=120
Per-Host Shared Resources: mem-estimate=1.00MB mem-reservation=1.00MB thread-reservation=0 runtime-filters-memory=1.00MB
Per-Instance Resources: mem-estimate=34.75MB mem-reservation=512.00KB thread-reservation=1
max-parallelism=373 segment-costs=[6315884965]
20:HASH JOIN [INNER JOIN, BROADCAST]
|  hash-table-id=16
|  hash predicates: tpcds_partitioned_parquet_snap.store_sales_0.ss_sold_date_sk = tpcds_partitioned_parquet_snap.date_dim_2.d_date_sk
|  fk/pk conjuncts: tpcds_partitioned_parquet_snap.store_sales_0.ss_sold_date_sk = tpcds_partitioned_parquet_snap.date_dim_2.d_date_sk
|  mem-estimate=0B mem-reservation=0B spill-buffer=64.00KB thread-reservation=0
|  tuple-ids=21,23 row-size=32B cardinality=1.61G cost=705182309
|  in pipelines: 18(GETNEXT), 19(OPEN)
|
|--F48:PLAN FRAGMENT [RANDOM] hosts=10 instances=10
|  |  Per-Instance Resources: mem-estimate=24.27MB mem-reservation=24.25MB thread-reservation=1 runtime-filters-memory=1.00MB
|  |  max-parallelism=10 segment-costs=[863]
|  JOIN BUILD
|  |  join-table-id=16 plan-id=17 cohort-id=01
|  |  build expressions: tpcds_partitioned_parquet_snap.date_dim_2.d_date_sk
|  |  runtime filters: RF012[bloom] <- tpcds_partitioned_parquet_snap.date_dim_2.d_date_sk
|  |  mem-estimate=23.25MB mem-reservation=23.25MB spill-buffer=64.00KB thread-reservation=0 cost=373
|  |
|  42:EXCHANGE [BROADCAST]
|  |  mem-estimate=16.00KB mem-reservation=0B thread-reservation=0
|  |  tuple-ids=23 row-size=8B cardinality=373 cost=490
|  |  in pipelines: 19(GETNEXT)
|  |
|  F01:PLAN FRAGMENT [RANDOM] hosts=1 instances=1
|  Per-Instance Resources: mem-estimate=16.05MB mem-reservation=512.00KB thread-reservation=1
|  max-parallelism=1 segment-costs=[12536]
|  19:SCAN HDFS [tpcds_partitioned_parquet_snap.date_dim, RANDOM]
|     HDFS partitions=1/1 files=1 size=2.17MB
|     predicates: tpcds_partitioned_parquet_snap.date_dim_2.d_year = CAST(1999 AS INT), tpcds_partitioned_parquet_snap.date_dim_2.d_date_sk IS NOT NULL
|     stored statistics:
|       table: rows=73.05K size=2.17MB
|       columns: all
|     extrapolated-rows=disabled max-scan-range-rows=73.05K
|     parquet statistics predicates: tpcds_partitioned_parquet_snap.date_dim_2.d_year = CAST(1999 AS INT)
|     parquet dictionary predicates: tpcds_partitioned_parquet_snap.date_dim_2.d_year = CAST(1999 AS INT), tpcds_partitioned_parquet_snap.date_dim_2.d_date_sk IS NOT NULL
|     mem-estimate=16.00MB mem-reservation=512.00KB thread-reservation=0
|     tuple-ids=23 row-size=8B cardinality=373 cost=12520
|     in pipelines: 19(GETNEXT)
|
18:SCAN HDFS [tpcds_partitioned_parquet_snap.store_sales, RANDOM]
   partition predicates: tpcds_partitioned_parquet_snap.store_sales_0.ss_sold_date_sk IS NOT NULL
   HDFS partitions=1823/1824 files=1823 size=389.69GB
   predicates: tpcds_partitioned_parquet_snap.store_sales_0.ss_customer_sk IS NOT NULL
   runtime filters: RF011[min_max] -> tpcds_partitioned_parquet_snap.store_sales_0.ss_customer_sk, RF012[bloom] -> tpcds_partitioned_parquet_snap.store_sales_0.ss_sold_date_sk
   stored statistics:
     table: rows=8.64G size=389.90GB
     partitions: 1823/1823 rows=8.25G
     columns: all
   extrapolated-rows=disabled max-scan-range-rows=12.24M est-scan-range=373(filtered from 1823)
   parquet dictionary predicates: tpcds_partitioned_parquet_snap.store_sales_0.ss_customer_sk IS NOT NULL
   mem-estimate=16.00MB mem-reservation=512.00KB thread-reservation=0
   tuple-ids=21 row-size=24B cardinality=1.61G(filtered from 7.88G) cost=630443220
   in pipelines: 18(GETNEXT)
---- PARALLELPLANS
Max Per-Host Resource Reservation: Memory=10.17GB Threads=379
Per-Host Resource Estimates: Memory=184.29GB
F31:PLAN FRAGMENT [UNPARTITIONED] hosts=1 instances=1
|  Per-Instance Resources: mem-estimate=5.02MB mem-reservation=4.00MB thread-reservation=1
|  max-parallelism=1 segment-costs=[442] cpu-comparison-result=1440 [max(1 (self) vs 1440 (sum children))]
PLAN-ROOT SINK
|  output exprs: tpcds_partitioned_parquet_snap.customer.c_customer_id, tpcds_partitioned_parquet_snap.customer.c_first_name, tpcds_partitioned_parquet_snap.customer.c_last_name, tpcds_partitioned_parquet_snap.customer.c_birth_country
|  mem-estimate=4.00MB mem-reservation=4.00MB spill-buffer=2.00MB thread-reservation=0 cost=400
|
78:MERGING-EXCHANGE [UNPARTITIONED]
|  order by: tpcds_partitioned_parquet_snap.customer.c_customer_id ASC NULLS LAST, tpcds_partitioned_parquet_snap.customer.c_first_name ASC NULLS LAST, tpcds_partitioned_parquet_snap.customer.c_last_name ASC NULLS LAST, tpcds_partitioned_parquet_snap.customer.c_birth_country ASC NULLS LAST
|  limit: 100
|  mem-estimate=1.02MB mem-reservation=0B thread-reservation=0
|  tuple-ids=42 row-size=85B cardinality=100 cost=42
|  in pipelines: 41(GETNEXT)
|
F10:PLAN FRAGMENT [HASH(tpcds_partitioned_parquet_snap.customer_2.c_customer_id)] hosts=10 instances=120
Per-Instance Resources: mem-estimate=29.83MB mem-reservation=0B thread-reservation=1
max-parallelism=260 segment-costs=[2591850306, 253] cpu-comparison-result=1440 [max(120 (self) vs 1440 (sum children))]
41:TOP-N [LIMIT=100]
|  order by: tpcds_partitioned_parquet_snap.customer.c_customer_id ASC NULLS LAST, tpcds_partitioned_parquet_snap.customer.c_first_name ASC NULLS LAST, tpcds_partitioned_parquet_snap.customer.c_last_name ASC NULLS LAST, tpcds_partitioned_parquet_snap.customer.c_birth_country ASC NULLS LAST
|  mem-estimate=8.27KB mem-reservation=0B thread-reservation=0
|  tuple-ids=42 row-size=85B cardinality=100 cost=2263026260
|  in pipelines: 41(GETNEXT), 46(OPEN)
|
40:HASH JOIN [INNER JOIN, PARTITIONED]
|  hash-table-id=00
|  hash predicates: tpcds_partitioned_parquet_snap.customer_2.c_customer_id = tpcds_partitioned_parquet_snap.customer_4.c_customer_id
|  fk/pk conjuncts: tpcds_partitioned_parquet_snap.customer_2.c_customer_id = tpcds_partitioned_parquet_snap.customer_4.c_customer_id
|  other join predicates: CASE WHEN sum(divide(add(subtract(subtract(tpcds_partitioned_parquet_snap.catalog_sales_0.cs_ext_list_price, tpcds_partitioned_parquet_snap.catalog_sales_0.cs_ext_wholesale_cost), tpcds_partitioned_parquet_snap.catalog_sales_0.cs_ext_discount_amt), tpcds_partitioned_parquet_snap.catalog_sales_0.cs_ext_sales_price), 2)) > CAST(0 AS DECIMAL(3,0)) THEN divide(sum(divide(add(subtract(subtract(tpcds_partitioned_parquet_snap.catalog_sales.cs_ext_list_price, tpcds_partitioned_parquet_snap.catalog_sales.cs_ext_wholesale_cost), tpcds_partitioned_parquet_snap.catalog_sales.cs_ext_discount_amt), tpcds_partitioned_parquet_snap.catalog_sales.cs_ext_sales_price), 2)), sum(divide(add(subtract(subtract(tpcds_partitioned_parquet_snap.catalog_sales_0.cs_ext_list_price, tpcds_partitioned_parquet_snap.catalog_sales_0.cs_ext_wholesale_cost), tpcds_partitioned_parquet_snap.catalog_sales_0.cs_ext_discount_amt), tpcds_partitioned_parquet_snap.catalog_sales_0.cs_ext_sales_price), 2))) ELSE NULL END > CASE WHEN sum(divide(add(subtract(subtract(tpcds_partitioned_parquet_snap.store_sales_0.ss_ext_list_price, tpcds_partitioned_parquet_snap.store_sales_0.ss_ext_wholesale_cost), tpcds_partitioned_parquet_snap.store_sales_0.ss_ext_discount_amt), tpcds_partitioned_parquet_snap.store_sales_0.ss_ext_sales_price), 2)) > CAST(0 AS DECIMAL(3,0)) THEN divide(sum(divide(add(subtract(subtract(tpcds_partitioned_parquet_snap.store_sales.ss_ext_list_price, tpcds_partitioned_parquet_snap.store_sales.ss_ext_wholesale_cost), tpcds_partitioned_parquet_snap.store_sales.ss_ext_discount_amt), tpcds_partitioned_parquet_snap.store_sales.ss_ext_sales_price), 2)), sum(divide(add(subtract(subtract(tpcds_partitioned_parquet_snap.store_sales_0.ss_ext_list_price, tpcds_partitioned_parquet_snap.store_sales_0.ss_ext_wholesale_cost), tpcds_partitioned_parquet_snap.store_sales_0.ss_ext_discount_amt), tpcds_partitioned_parquet_snap.store_sales_0.ss_ext_sales_price), 2))) ELSE NULL END, CASE WHEN sum(divide(add(subtract(subtract(tpcds_partitioned_parquet_snap.catalog_sales_0.cs_ext_list_price, tpcds_partitioned_parquet_snap.catalog_sales_0.cs_ext_wholesale_cost), tpcds_partitioned_parquet_snap.catalog_sales_0.cs_ext_discount_amt), tpcds_partitioned_parquet_snap.catalog_sales_0.cs_ext_sales_price), 2)) > CAST(0 AS DECIMAL(3,0)) THEN divide(sum(divide(add(subtract(subtract(tpcds_partitioned_parquet_snap.catalog_sales.cs_ext_list_price, tpcds_partitioned_parquet_snap.catalog_sales.cs_ext_wholesale_cost), tpcds_partitioned_parquet_snap.catalog_sales.cs_ext_discount_amt), tpcds_partitioned_parquet_snap.catalog_sales.cs_ext_sales_price), 2)), sum(divide(add(subtract(subtract(tpcds_partitioned_parquet_snap.catalog_sales_0.cs_ext_list_price, tpcds_partitioned_parquet_snap.catalog_sales_0.cs_ext_wholesale_cost), tpcds_partitioned_parquet_snap.catalog_sales_0.cs_ext_discount_amt), tpcds_partitioned_parquet_snap.catalog_sales_0.cs_ext_sales_price), 2))) ELSE NULL END > CASE WHEN sum(divide(add(subtract(subtract(tpcds_partitioned_parquet_snap.web_sales_0.ws_ext_list_price, tpcds_partitioned_parquet_snap.web_sales_0.ws_ext_wholesale_cost), tpcds_partitioned_parquet_snap.web_sales_0.ws_ext_discount_amt), tpcds_partitioned_parquet_snap.web_sales_0.ws_ext_sales_price), 2)) > CAST(0 AS DECIMAL(3,0)) THEN divide(sum(divide(add(subtract(subtract(tpcds_partitioned_parquet_snap.web_sales.ws_ext_list_price, tpcds_partitioned_parquet_snap.web_sales.ws_ext_wholesale_cost), tpcds_partitioned_parquet_snap.web_sales.ws_ext_discount_amt), tpcds_partitioned_parquet_snap.web_sales.ws_ext_sales_price), 2)), sum(divide(add(subtract(subtract(tpcds_partitioned_parquet_snap.web_sales_0.ws_ext_list_price, tpcds_partitioned_parquet_snap.web_sales_0.ws_ext_wholesale_cost), tpcds_partitioned_parquet_snap.web_sales_0.ws_ext_discount_amt), tpcds_partitioned_parquet_snap.web_sales_0.ws_ext_sales_price), 2))) ELSE NULL END
|  mem-estimate=0B mem-reservation=0B spill-buffer=2.00MB thread-reservation=0
|  tuple-ids=27,20,13,34,6,41 row-size=991B cardinality=147.90M cost=64733813
|  in pipelines: 46(GETNEXT), 76(OPEN)
|
|--F32:PLAN FRAGMENT [HASH(tpcds_partitioned_parquet_snap.customer_2.c_customer_id)] hosts=10 instances=120
|  |  Per-Instance Resources: mem-estimate=153.95MB mem-reservation=34.00MB thread-reservation=1
|  |  max-parallelism=260 segment-costs=[149629463] cpu-comparison-result=240 [max(120 (self) vs 240 (sum children))]
|  JOIN BUILD
|  |  join-table-id=00 plan-id=01 cohort-id=01
|  |  build expressions: tpcds_partitioned_parquet_snap.customer_4.c_customer_id
|  |  runtime filters: RF001[min_max] <- tpcds_partitioned_parquet_snap.customer_4.c_customer_id
|  |  mem-estimate=124.13MB mem-reservation=34.00MB spill-buffer=2.00MB thread-reservation=0 cost=79982682
|  |
|  77:EXCHANGE [HASH(tpcds_partitioned_parquet_snap.customer_4.c_customer_id)]
|  |  mem-estimate=29.82MB mem-reservation=0B thread-reservation=0
|  |  tuple-ids=41 row-size=165B cardinality=79.98M cost=69646781
|  |  in pipelines: 76(GETNEXT)
|  |
|  F30:PLAN FRAGMENT [HASH(tpcds_partitioned_parquet_snap.customer_4.c_customer_id,tpcds_partitioned_parquet_snap.customer_4.c_first_name,tpcds_partitioned_parquet_snap.customer_4.c_last_name,tpcds_partitioned_parquet_snap.customer_4.c_preferred_cust_flag,tpcds_partitioned_parquet_snap.customer_4.c_birth_country,tpcds_partitioned_parquet_snap.customer_4.c_login,tpcds_partitioned_parquet_snap.customer_4.c_email_address)] hosts=10 instances=120
|  Per-Instance Resources: mem-estimate=1.18GB mem-reservation=34.00MB thread-reservation=1
|  max-parallelism=550 segment-costs=[5417525566, 891856952] cpu-comparison-result=240 [max(120 (self) vs 240 (sum children))]
|  76:AGGREGATE [FINALIZE]
|  |  output: sum:merge(divide(add(subtract(subtract(tpcds_partitioned_parquet_snap.catalog_sales_0.cs_ext_list_price, tpcds_partitioned_parquet_snap.catalog_sales_0.cs_ext_wholesale_cost), tpcds_partitioned_parquet_snap.catalog_sales_0.cs_ext_discount_amt), tpcds_partitioned_parquet_snap.catalog_sales_0.cs_ext_sales_price), 2))
|  |  group by: tpcds_partitioned_parquet_snap.customer_4.c_customer_id, tpcds_partitioned_parquet_snap.customer_4.c_first_name, tpcds_partitioned_parquet_snap.customer_4.c_last_name, tpcds_partitioned_parquet_snap.customer_4.c_preferred_cust_flag, tpcds_partitioned_parquet_snap.customer_4.c_birth_country, tpcds_partitioned_parquet_snap.customer_4.c_login, tpcds_partitioned_parquet_snap.customer_4.c_email_address
|  |  having: sum(divide(add(subtract(subtract(tpcds_partitioned_parquet_snap.catalog_sales_0.cs_ext_list_price, tpcds_partitioned_parquet_snap.catalog_sales_0.cs_ext_wholesale_cost), tpcds_partitioned_parquet_snap.catalog_sales_0.cs_ext_discount_amt), tpcds_partitioned_parquet_snap.catalog_sales_0.cs_ext_sales_price), 2)) > CAST(0 AS DECIMAL(3,0))
|  |  mem-estimate=1.10GB mem-reservation=34.00MB spill-buffer=2.00MB thread-reservation=0
|  |  tuple-ids=41 row-size=165B cardinality=79.98M cost=4721057758
|  |  in pipelines: 76(GETNEXT), 34(OPEN)
|  |
|  75:EXCHANGE [HASH(tpcds_partitioned_parquet_snap.customer_4.c_customer_id,tpcds_partitioned_parquet_snap.customer_4.c_first_name,tpcds_partitioned_parquet_snap.customer_4.c_last_name,tpcds_partitioned_parquet_snap.customer_4.c_preferred_cust_flag,tpcds_partitioned_parquet_snap.customer_4.c_birth_country,tpcds_partitioned_parquet_snap.customer_4.c_login,tpcds_partitioned_parquet_snap.customer_4.c_email_address)]
|  |  mem-estimate=29.82MB mem-reservation=0B thread-reservation=0
|  |  tuple-ids=41 row-size=165B cardinality=799.83M cost=696467808
|  |  in pipelines: 34(GETNEXT)
|  |
|  F29:PLAN FRAGMENT [HASH(tpcds_partitioned_parquet_snap.catalog_sales_0.cs_bill_customer_sk)] hosts=10 instances=120
|  Per-Instance Resources: mem-estimate=938.49MB mem-reservation=34.00MB thread-reservation=1
|  max-parallelism=900 segment-costs=[5346593754, 8918569464] cpu-comparison-result=240 [max(240 (self) vs 141 (sum children))]
|  39:AGGREGATE [STREAMING]
|  |  output: sum(divide(add(subtract(subtract(tpcds_partitioned_parquet_snap.catalog_sales_0.cs_ext_list_price, tpcds_partitioned_parquet_snap.catalog_sales_0.cs_ext_wholesale_cost), tpcds_partitioned_parquet_snap.catalog_sales_0.cs_ext_discount_amt), tpcds_partitioned_parquet_snap.catalog_sales_0.cs_ext_sales_price), CAST(2 AS DECIMAL(3,0))))
|  |  group by: tpcds_partitioned_parquet_snap.customer_4.c_customer_id, tpcds_partitioned_parquet_snap.customer_4.c_first_name, tpcds_partitioned_parquet_snap.customer_4.c_last_name, tpcds_partitioned_parquet_snap.customer_4.c_preferred_cust_flag, tpcds_partitioned_parquet_snap.customer_4.c_birth_country, tpcds_partitioned_parquet_snap.customer_4.c_login, tpcds_partitioned_parquet_snap.customer_4.c_email_address
|  |  mem-estimate=844.52MB mem-reservation=34.00MB spill-buffer=2.00MB thread-reservation=0
|  |  tuple-ids=41 row-size=165B cardinality=799.83M cost=4721057758
|  |  in pipelines: 34(GETNEXT)
|  |
|  38:HASH JOIN [INNER JOIN, PARTITIONED]
|  |  hash-table-id=01
|  |  hash predicates: tpcds_partitioned_parquet_snap.catalog_sales_0.cs_bill_customer_sk = tpcds_partitioned_parquet_snap.customer_4.c_customer_sk
|  |  fk/pk conjuncts: tpcds_partitioned_parquet_snap.catalog_sales_0.cs_bill_customer_sk = tpcds_partitioned_parquet_snap.customer_4.c_customer_sk
|  |  mem-estimate=0B mem-reservation=0B spill-buffer=2.00MB thread-reservation=0
|  |  tuple-ids=35,37,39 row-size=185B cardinality=799.83M cost=368416277
|  |  in pipelines: 34(GETNEXT), 37(OPEN)
|  |
|  |--F33:PLAN FRAGMENT [HASH(tpcds_partitioned_parquet_snap.catalog_sales_0.cs_bill_customer_sk)] hosts=10 instances=120
|  |  |  Per-Instance Resources: mem-estimate=70.45MB mem-reservation=50.00MB thread-reservation=1 runtime-filters-memory=16.00MB
|  |  |  max-parallelism=900 segment-costs=[54467197]
|  |  JOIN BUILD
|  |  |  join-table-id=01 plan-id=02 cohort-id=02
|  |  |  build expressions: tpcds_partitioned_parquet_snap.customer_4.c_customer_sk
|  |  |  runtime filters: RF030[bloom] <- tpcds_partitioned_parquet_snap.customer_4.c_customer_sk, RF031[min_max] <- tpcds_partitioned_parquet_snap.customer_4.c_customer_sk
|  |  |  mem-estimate=42.91MB mem-reservation=34.00MB spill-buffer=2.00MB thread-reservation=0 cost=30000000
|  |  |
|  |  74:EXCHANGE [HASH(tpcds_partitioned_parquet_snap.customer_4.c_customer_sk)]
|  |  |  mem-estimate=11.53MB mem-reservation=0B thread-reservation=0
|  |  |  tuple-ids=39 row-size=153B cardinality=30.00M cost=24467197
|  |  |  in pipelines: 37(GETNEXT)
|  |  |
|  |  F28:PLAN FRAGMENT [RANDOM] hosts=10 instances=10
|  |  Per-Instance Resources: mem-estimate=89.66MB mem-reservation=1.00MB thread-reservation=1
|  |  max-parallelism=10 segment-costs=[342891999]
|  |  37:SCAN HDFS [tpcds_partitioned_parquet_snap.customer, RANDOM]
|  |     HDFS partitions=1/1 files=1 size=1.55GB
|  |     predicates: tpcds_partitioned_parquet_snap.customer_4.c_customer_id IS NOT NULL, tpcds_partitioned_parquet_snap.customer_4.c_customer_sk IS NOT NULL
|  |     stored statistics:
|  |       table: rows=30.00M size=1.55GB
|  |       columns: all
|  |     extrapolated-rows=disabled max-scan-range-rows=3.10M
|  |     parquet dictionary predicates: tpcds_partitioned_parquet_snap.customer_4.c_customer_id IS NOT NULL, tpcds_partitioned_parquet_snap.customer_4.c_customer_sk IS NOT NULL
|  |     mem-estimate=16.00MB mem-reservation=1.00MB thread-reservation=0
|  |     tuple-ids=39 row-size=153B cardinality=30.00M cost=31557228
|  |     in pipelines: 37(GETNEXT)
|  |
|  73:EXCHANGE [HASH(tpcds_partitioned_parquet_snap.catalog_sales_0.cs_bill_customer_sk)]
|  |  mem-estimate=14.69MB mem-reservation=0B thread-reservation=0
|  |  tuple-ids=35,37 row-size=32B cardinality=871.30M cost=257119719
|  |  in pipelines: 34(GETNEXT)
|  |
|  F26:PLAN FRAGMENT [RANDOM] hosts=10 instances=120
|  Per-Host Shared Resources: mem-estimate=17.00MB mem-reservation=17.00MB thread-reservation=0 runtime-filters-memory=17.00MB
|  Per-Instance Resources: mem-estimate=34.75MB mem-reservation=256.00KB thread-reservation=1
|  max-parallelism=350 segment-costs=[3401959876]
|  36:HASH JOIN [INNER JOIN, BROADCAST]
|  |  hash-table-id=02
|  |  hash predicates: tpcds_partitioned_parquet_snap.catalog_sales_0.cs_sold_date_sk = tpcds_partitioned_parquet_snap.date_dim_4.d_date_sk
|  |  fk/pk conjuncts: tpcds_partitioned_parquet_snap.catalog_sales_0.cs_sold_date_sk = tpcds_partitioned_parquet_snap.date_dim_4.d_date_sk
|  |  mem-estimate=0B mem-reservation=0B spill-buffer=64.00KB thread-reservation=0
|  |  tuple-ids=35,37 row-size=32B cardinality=871.30M cost=381366658
|  |  in pipelines: 34(GETNEXT), 35(OPEN)
|  |
|  |--F34:PLAN FRAGMENT [RANDOM] hosts=10 instances=10
|  |  |  Per-Instance Resources: mem-estimate=24.27MB mem-reservation=24.25MB thread-reservation=1 runtime-filters-memory=1.00MB
|  |  |  max-parallelism=10 segment-costs=[863]
|  |  JOIN BUILD
|  |  |  join-table-id=02 plan-id=03 cohort-id=02
|  |  |  build expressions: tpcds_partitioned_parquet_snap.date_dim_4.d_date_sk
|  |  |  runtime filters: RF032[bloom] <- tpcds_partitioned_parquet_snap.date_dim_4.d_date_sk
|  |  |  mem-estimate=23.25MB mem-reservation=23.25MB spill-buffer=64.00KB thread-reservation=0 cost=373
|  |  |
|  |  72:EXCHANGE [BROADCAST]
|  |  |  mem-estimate=16.00KB mem-reservation=0B thread-reservation=0
|  |  |  tuple-ids=37 row-size=8B cardinality=373 cost=490
|  |  |  in pipelines: 35(GETNEXT)
|  |  |
|  |  F27:PLAN FRAGMENT [RANDOM] hosts=1 instances=1
|  |  Per-Instance Resources: mem-estimate=16.05MB mem-reservation=512.00KB thread-reservation=1
|  |  max-parallelism=1 segment-costs=[12536]
|  |  35:SCAN HDFS [tpcds_partitioned_parquet_snap.date_dim, RANDOM]
|  |     HDFS partitions=1/1 files=1 size=2.17MB
|  |     predicates: tpcds_partitioned_parquet_snap.date_dim_4.d_year = CAST(1999 AS INT), tpcds_partitioned_parquet_snap.date_dim_4.d_date_sk IS NOT NULL
|  |     stored statistics:
|  |       table: rows=73.05K size=2.17MB
|  |       columns: all
|  |     extrapolated-rows=disabled max-scan-range-rows=73.05K
|  |     parquet statistics predicates: tpcds_partitioned_parquet_snap.date_dim_4.d_year = CAST(1999 AS INT)
|  |     parquet dictionary predicates: tpcds_partitioned_parquet_snap.date_dim_4.d_year = CAST(1999 AS INT), tpcds_partitioned_parquet_snap.date_dim_4.d_date_sk IS NOT NULL
|  |     mem-estimate=16.00MB mem-reservation=512.00KB thread-reservation=0
|  |     tuple-ids=37 row-size=8B cardinality=373 cost=12520
|  |     in pipelines: 35(GETNEXT)
|  |
|  34:SCAN HDFS [tpcds_partitioned_parquet_snap.catalog_sales, RANDOM]
|     partition predicates: tpcds_partitioned_parquet_snap.catalog_sales_0.cs_sold_date_sk IS NOT NULL
|     HDFS partitions=1830/1831 files=1830 size=280.81GB
|     predicates: tpcds_partitioned_parquet_snap.catalog_sales_0.cs_bill_customer_sk IS NOT NULL
|     runtime filters: RF031[min_max] -> tpcds_partitioned_parquet_snap.catalog_sales_0.cs_bill_customer_sk, RF032[bloom] -> tpcds_partitioned_parquet_snap.catalog_sales_0.cs_sold_date_sk, RF030[bloom] -> tpcds_partitioned_parquet_snap.catalog_sales_0.cs_bill_customer_sk
|     stored statistics:
|       table: rows=4.32G size=280.96GB
|       partitions: 1830/1830 rows=4.30G
|       columns: all
|     extrapolated-rows=disabled max-scan-range-rows=5.09M est-scan-range=373(filtered from 1830)
|     parquet dictionary predicates: tpcds_partitioned_parquet_snap.catalog_sales_0.cs_bill_customer_sk IS NOT NULL
|     mem-estimate=16.00MB mem-reservation=256.00KB thread-reservation=0
|     tuple-ids=35 row-size=24B cardinality=871.30M(filtered from 4.28G) cost=327240201
|     in pipelines: 34(GETNEXT)
|
33:HASH JOIN [INNER JOIN, PARTITIONED]
|  hash-table-id=03
|  hash predicates: tpcds_partitioned_parquet_snap.customer_2.c_customer_id = tpcds_partitioned_parquet_snap.customer.c_customer_id
|  fk/pk conjuncts: tpcds_partitioned_parquet_snap.customer_2.c_customer_id = tpcds_partitioned_parquet_snap.customer.c_customer_id
|  mem-estimate=0B mem-reservation=0B spill-buffer=2.00MB thread-reservation=0
|  tuple-ids=27,20,13,34,6 row-size=826B cardinality=147.90M cost=37219403
|  in pipelines: 46(GETNEXT), 70(OPEN)
|
|--F35:PLAN FRAGMENT [HASH(tpcds_partitioned_parquet_snap.customer_2.c_customer_id)] hosts=10 instances=120
|  |  Per-Instance Resources: mem-estimate=264.52MB mem-reservation=34.00MB thread-reservation=1
|  |  max-parallelism=260 segment-costs=[276678749] cpu-comparison-result=240 [max(120 (self) vs 240 (sum children))]
|  JOIN BUILD
|  |  join-table-id=03 plan-id=04 cohort-id=01
|  |  build expressions: tpcds_partitioned_parquet_snap.customer.c_customer_id
|  |  runtime filters: RF003[min_max] <- tpcds_partitioned_parquet_snap.customer.c_customer_id
|  |  mem-estimate=234.70MB mem-reservation=34.00MB spill-buffer=2.00MB thread-reservation=0 cost=147895394
|  |
|  71:EXCHANGE [HASH(tpcds_partitioned_parquet_snap.customer.c_customer_id)]
|  |  mem-estimate=29.82MB mem-reservation=0B thread-reservation=0
|  |  tuple-ids=6 row-size=165B cardinality=147.90M cost=128783355
|  |  in pipelines: 70(GETNEXT)
|  |
|  F25:PLAN FRAGMENT [HASH(tpcds_partitioned_parquet_snap.customer.c_customer_id,tpcds_partitioned_parquet_snap.customer.c_first_name,tpcds_partitioned_parquet_snap.customer.c_last_name,tpcds_partitioned_parquet_snap.customer.c_preferred_cust_flag,tpcds_partitioned_parquet_snap.customer.c_birth_country,tpcds_partitioned_parquet_snap.customer.c_login,tpcds_partitioned_parquet_snap.customer.c_email_address)] hosts=10 instances=120
|  Per-Instance Resources: mem-estimate=2.11GB mem-reservation=34.00MB thread-reservation=1
|  max-parallelism=1010 segment-costs=[10017507045, 1649126185] cpu-comparison-result=240 [max(120 (self) vs 240 (sum children))]
|  70:AGGREGATE [FINALIZE]
|  |  output: sum:merge(divide(add(subtract(subtract(tpcds_partitioned_parquet_snap.store_sales.ss_ext_list_price, tpcds_partitioned_parquet_snap.store_sales.ss_ext_wholesale_cost), tpcds_partitioned_parquet_snap.store_sales.ss_ext_discount_amt), tpcds_partitioned_parquet_snap.store_sales.ss_ext_sales_price), 2))
|  |  group by: tpcds_partitioned_parquet_snap.customer.c_customer_id, tpcds_partitioned_parquet_snap.customer.c_first_name, tpcds_partitioned_parquet_snap.customer.c_last_name, tpcds_partitioned_parquet_snap.customer.c_preferred_cust_flag, tpcds_partitioned_parquet_snap.customer.c_birth_country, tpcds_partitioned_parquet_snap.customer.c_login, tpcds_partitioned_parquet_snap.customer.c_email_address
|  |  having: sum(divide(add(subtract(subtract(tpcds_partitioned_parquet_snap.store_sales.ss_ext_list_price, tpcds_partitioned_parquet_snap.store_sales.ss_ext_wholesale_cost), tpcds_partitioned_parquet_snap.store_sales.ss_ext_discount_amt), tpcds_partitioned_parquet_snap.store_sales.ss_ext_sales_price), 2)) IS NOT NULL
|  |  mem-estimate=2.03GB mem-reservation=34.00MB spill-buffer=2.00MB thread-reservation=0
|  |  tuple-ids=6 row-size=165B cardinality=147.90M cost=8729673496
|  |  in pipelines: 70(GETNEXT), 00(OPEN)
|  |
|  69:EXCHANGE [HASH(tpcds_partitioned_parquet_snap.customer.c_customer_id,tpcds_partitioned_parquet_snap.customer.c_first_name,tpcds_partitioned_parquet_snap.customer.c_last_name,tpcds_partitioned_parquet_snap.customer.c_preferred_cust_flag,tpcds_partitioned_parquet_snap.customer.c_birth_country,tpcds_partitioned_parquet_snap.customer.c_login,tpcds_partitioned_parquet_snap.customer.c_email_address)]
|  |  mem-estimate=29.82MB mem-reservation=0B thread-reservation=0
|  |  tuple-ids=6 row-size=165B cardinality=1.48G cost=1287833549
|  |  in pipelines: 00(GETNEXT)
|  |
|  F24:PLAN FRAGMENT [HASH(tpcds_partitioned_parquet_snap.store_sales.ss_customer_sk)] hosts=10 instances=120
|  Per-Instance Resources: mem-estimate=1.62GB mem-reservation=34.00MB thread-reservation=1
|  max-parallelism=1650 segment-costs=[9886347547, 16491261804] cpu-comparison-result=240 [max(240 (self) vs 141 (sum children))]
|  05:AGGREGATE [STREAMING]
|  |  output: sum(divide(add(subtract(subtract(tpcds_partitioned_parquet_snap.store_sales.ss_ext_list_price, tpcds_partitioned_parquet_snap.store_sales.ss_ext_wholesale_cost), tpcds_partitioned_parquet_snap.store_sales.ss_ext_discount_amt), tpcds_partitioned_parquet_snap.store_sales.ss_ext_sales_price), CAST(2 AS DECIMAL(3,0))))
|  |  group by: tpcds_partitioned_parquet_snap.customer.c_customer_id, tpcds_partitioned_parquet_snap.customer.c_first_name, tpcds_partitioned_parquet_snap.customer.c_last_name, tpcds_partitioned_parquet_snap.customer.c_preferred_cust_flag, tpcds_partitioned_parquet_snap.customer.c_birth_country, tpcds_partitioned_parquet_snap.customer.c_login, tpcds_partitioned_parquet_snap.customer.c_email_address
|  |  mem-estimate=1.52GB mem-reservation=34.00MB spill-buffer=2.00MB thread-reservation=0
|  |  tuple-ids=6 row-size=165B cardinality=1.48G cost=8729673496
|  |  in pipelines: 00(GETNEXT)
|  |
|  04:HASH JOIN [INNER JOIN, PARTITIONED]
|  |  hash-table-id=04
|  |  hash predicates: tpcds_partitioned_parquet_snap.store_sales.ss_customer_sk = tpcds_partitioned_parquet_snap.customer.c_customer_sk
|  |  fk/pk conjuncts: tpcds_partitioned_parquet_snap.store_sales.ss_customer_sk = tpcds_partitioned_parquet_snap.customer.c_customer_sk
|  |  mem-estimate=0B mem-reservation=0B spill-buffer=2.00MB thread-reservation=0
|  |  tuple-ids=0,2,4 row-size=185B cardinality=1.48G cost=681235853
|  |  in pipelines: 00(GETNEXT), 03(OPEN)
|  |
|  |--F36:PLAN FRAGMENT [HASH(tpcds_partitioned_parquet_snap.store_sales.ss_customer_sk)] hosts=10 instances=120
|  |  |  Per-Instance Resources: mem-estimate=54.45MB mem-reservation=34.00MB thread-reservation=1
|  |  |  max-parallelism=1650 segment-costs=[54467197]
|  |  JOIN BUILD
|  |  |  join-table-id=04 plan-id=05 cohort-id=03
|  |  |  build expressions: tpcds_partitioned_parquet_snap.customer.c_customer_sk
|  |  |  runtime filters: RF027[min_max] <- tpcds_partitioned_parquet_snap.customer.c_customer_sk
|  |  |  mem-estimate=42.91MB mem-reservation=34.00MB spill-buffer=2.00MB thread-reservation=0 cost=30000000
|  |  |
|  |  68:EXCHANGE [HASH(tpcds_partitioned_parquet_snap.customer.c_customer_sk)]
|  |  |  mem-estimate=11.53MB mem-reservation=0B thread-reservation=0
|  |  |  tuple-ids=4 row-size=153B cardinality=30.00M cost=24467197
|  |  |  in pipelines: 03(GETNEXT)
|  |  |
|  |  F23:PLAN FRAGMENT [RANDOM] hosts=10 instances=10
|  |  Per-Instance Resources: mem-estimate=89.66MB mem-reservation=1.00MB thread-reservation=1
|  |  max-parallelism=10 segment-costs=[342891999]
|  |  03:SCAN HDFS [tpcds_partitioned_parquet_snap.customer, RANDOM]
|  |     HDFS partitions=1/1 files=1 size=1.55GB
|  |     predicates: tpcds_partitioned_parquet_snap.customer.c_customer_id IS NOT NULL, tpcds_partitioned_parquet_snap.customer.c_customer_sk IS NOT NULL
|  |     runtime filters: RF001[min_max] -> tpcds_partitioned_parquet_snap.customer.c_customer_id
|  |     stored statistics:
|  |       table: rows=30.00M size=1.55GB
|  |       columns: all
|  |     extrapolated-rows=disabled max-scan-range-rows=3.10M
|  |     parquet dictionary predicates: tpcds_partitioned_parquet_snap.customer.c_customer_id IS NOT NULL, tpcds_partitioned_parquet_snap.customer.c_customer_sk IS NOT NULL
|  |     mem-estimate=16.00MB mem-reservation=1.00MB thread-reservation=0
|  |     tuple-ids=4 row-size=153B cardinality=30.00M cost=31557228
|  |     in pipelines: 03(GETNEXT)
|  |
|  67:EXCHANGE [HASH(tpcds_partitioned_parquet_snap.store_sales.ss_customer_sk)]
|  |  mem-estimate=14.69MB mem-reservation=0B thread-reservation=0
|  |  tuple-ids=0,2 row-size=32B cardinality=1.61G cost=475438198
|  |  in pipelines: 00(GETNEXT)
|  |
|  F21:PLAN FRAGMENT [RANDOM] hosts=10 instances=120
|  Per-Host Shared Resources: mem-estimate=1.00MB mem-reservation=1.00MB thread-reservation=0 runtime-filters-memory=1.00MB
|  Per-Instance Resources: mem-estimate=34.75MB mem-reservation=512.00KB thread-reservation=1
|  max-parallelism=373 segment-costs=[6315884965]
|  02:HASH JOIN [INNER JOIN, BROADCAST]
|  |  hash-table-id=05
|  |  hash predicates: tpcds_partitioned_parquet_snap.store_sales.ss_sold_date_sk = tpcds_partitioned_parquet_snap.date_dim.d_date_sk
|  |  fk/pk conjuncts: tpcds_partitioned_parquet_snap.store_sales.ss_sold_date_sk = tpcds_partitioned_parquet_snap.date_dim.d_date_sk
|  |  mem-estimate=0B mem-reservation=0B spill-buffer=64.00KB thread-reservation=0
|  |  tuple-ids=0,2 row-size=32B cardinality=1.61G cost=705182309
|  |  in pipelines: 00(GETNEXT), 01(OPEN)
|  |
|  |--F37:PLAN FRAGMENT [RANDOM] hosts=10 instances=10
|  |  |  Per-Instance Resources: mem-estimate=24.27MB mem-reservation=24.25MB thread-reservation=1 runtime-filters-memory=1.00MB
|  |  |  max-parallelism=10 segment-costs=[863]
|  |  JOIN BUILD
|  |  |  join-table-id=05 plan-id=06 cohort-id=03
|  |  |  build expressions: tpcds_partitioned_parquet_snap.date_dim.d_date_sk
|  |  |  runtime filters: RF028[bloom] <- tpcds_partitioned_parquet_snap.date_dim.d_date_sk
|  |  |  mem-estimate=23.25MB mem-reservation=23.25MB spill-buffer=64.00KB thread-reservation=0 cost=373
|  |  |
|  |  66:EXCHANGE [BROADCAST]
|  |  |  mem-estimate=16.00KB mem-reservation=0B thread-reservation=0
|  |  |  tuple-ids=2 row-size=8B cardinality=373 cost=490
|  |  |  in pipelines: 01(GETNEXT)
|  |  |
|  |  F22:PLAN FRAGMENT [RANDOM] hosts=1 instances=1
|  |  Per-Instance Resources: mem-estimate=16.05MB mem-reservation=512.00KB thread-reservation=1
|  |  max-parallelism=1 segment-costs=[12536]
|  |  01:SCAN HDFS [tpcds_partitioned_parquet_snap.date_dim, RANDOM]
|  |     HDFS partitions=1/1 files=1 size=2.17MB
|  |     predicates: tpcds_partitioned_parquet_snap.date_dim.d_year = CAST(2000 AS INT), tpcds_partitioned_parquet_snap.date_dim.d_date_sk IS NOT NULL
|  |     stored statistics:
|  |       table: rows=73.05K size=2.17MB
|  |       columns: all
|  |     extrapolated-rows=disabled max-scan-range-rows=73.05K
|  |     parquet statistics predicates: tpcds_partitioned_parquet_snap.date_dim.d_year = CAST(2000 AS INT)
|  |     parquet dictionary predicates: tpcds_partitioned_parquet_snap.date_dim.d_year = CAST(2000 AS INT), tpcds_partitioned_parquet_snap.date_dim.d_date_sk IS NOT NULL
|  |     mem-estimate=16.00MB mem-reservation=512.00KB thread-reservation=0
|  |     tuple-ids=2 row-size=8B cardinality=373 cost=12520
|  |     in pipelines: 01(GETNEXT)
|  |
|  00:SCAN HDFS [tpcds_partitioned_parquet_snap.store_sales, RANDOM]
|     partition predicates: tpcds_partitioned_parquet_snap.store_sales.ss_sold_date_sk IS NOT NULL
|     HDFS partitions=1823/1824 files=1823 size=389.69GB
|     predicates: tpcds_partitioned_parquet_snap.store_sales.ss_customer_sk IS NOT NULL
|     runtime filters: RF027[min_max] -> tpcds_partitioned_parquet_snap.store_sales.ss_customer_sk, RF028[bloom] -> tpcds_partitioned_parquet_snap.store_sales.ss_sold_date_sk
|     stored statistics:
|       table: rows=8.64G size=389.90GB
|       partitions: 1823/1823 rows=8.25G
|       columns: all
|     extrapolated-rows=disabled max-scan-range-rows=12.24M est-scan-range=373(filtered from 1823)
|     parquet dictionary predicates: tpcds_partitioned_parquet_snap.store_sales.ss_customer_sk IS NOT NULL
|     mem-estimate=16.00MB mem-reservation=512.00KB thread-reservation=0
|     tuple-ids=0 row-size=24B cardinality=1.61G(filtered from 7.88G) cost=630443220
|     in pipelines: 00(GETNEXT)
|
32:HASH JOIN [INNER JOIN, PARTITIONED]
|  hash-table-id=06
|  hash predicates: tpcds_partitioned_parquet_snap.customer_2.c_customer_id = tpcds_partitioned_parquet_snap.customer_3.c_customer_id
|  fk/pk conjuncts: tpcds_partitioned_parquet_snap.customer_2.c_customer_id = tpcds_partitioned_parquet_snap.customer_3.c_customer_id
|  mem-estimate=0B mem-reservation=0B spill-buffer=2.00MB thread-reservation=0
|  tuple-ids=27,20,13,34 row-size=661B cardinality=40.63M cost=17782323
|  in pipelines: 46(GETNEXT), 64(OPEN)
|
|--F38:PLAN FRAGMENT [HASH(tpcds_partitioned_parquet_snap.customer_2.c_customer_id)] hosts=10 instances=120
|  |  Per-Instance Resources: mem-estimate=90.89MB mem-reservation=34.00MB thread-reservation=1
|  |  max-parallelism=260 segment-costs=[76003415] cpu-comparison-result=240 [max(120 (self) vs 240 (sum children))]
|  JOIN BUILD
|  |  join-table-id=06 plan-id=07 cohort-id=01
|  |  build expressions: tpcds_partitioned_parquet_snap.customer_3.c_customer_id
|  |  runtime filters: RF005[min_max] <- tpcds_partitioned_parquet_snap.customer_3.c_customer_id
|  |  mem-estimate=61.07MB mem-reservation=34.00MB spill-buffer=2.00MB thread-reservation=0 cost=40626738
|  |
|  65:EXCHANGE [HASH(tpcds_partitioned_parquet_snap.customer_3.c_customer_id)]
|  |  mem-estimate=29.82MB mem-reservation=0B thread-reservation=0
|  |  tuple-ids=34 row-size=165B cardinality=40.63M cost=35376677
|  |  in pipelines: 64(GETNEXT)
|  |
|  F20:PLAN FRAGMENT [HASH(tpcds_partitioned_parquet_snap.customer_3.c_customer_id,tpcds_partitioned_parquet_snap.customer_3.c_first_name,tpcds_partitioned_parquet_snap.customer_3.c_last_name,tpcds_partitioned_parquet_snap.customer_3.c_preferred_cust_flag,tpcds_partitioned_parquet_snap.customer_3.c_birth_country,tpcds_partitioned_parquet_snap.customer_3.c_login,tpcds_partitioned_parquet_snap.customer_3.c_email_address)] hosts=10 instances=120
|  Per-Instance Resources: mem-estimate=651.24MB mem-reservation=34.00MB thread-reservation=1
|  max-parallelism=280 segment-costs=[2751800623, 453013550] cpu-comparison-result=240 [max(120 (self) vs 240 (sum children))]
|  64:AGGREGATE [FINALIZE]
|  |  output: sum:merge(divide(add(subtract(subtract(tpcds_partitioned_parquet_snap.web_sales_0.ws_ext_list_price, tpcds_partitioned_parquet_snap.web_sales_0.ws_ext_wholesale_cost), tpcds_partitioned_parquet_snap.web_sales_0.ws_ext_discount_amt), tpcds_partitioned_parquet_snap.web_sales_0.ws_ext_sales_price), 2))
|  |  group by: tpcds_partitioned_parquet_snap.customer_3.c_customer_id, tpcds_partitioned_parquet_snap.customer_3.c_first_name, tpcds_partitioned_parquet_snap.customer_3.c_last_name, tpcds_partitioned_parquet_snap.customer_3.c_preferred_cust_flag, tpcds_partitioned_parquet_snap.customer_3.c_birth_country, tpcds_partitioned_parquet_snap.customer_3.c_login, tpcds_partitioned_parquet_snap.customer_3.c_email_address
|  |  having: sum(divide(add(subtract(subtract(tpcds_partitioned_parquet_snap.web_sales_0.ws_ext_list_price, tpcds_partitioned_parquet_snap.web_sales_0.ws_ext_wholesale_cost), tpcds_partitioned_parquet_snap.web_sales_0.ws_ext_discount_amt), tpcds_partitioned_parquet_snap.web_sales_0.ws_ext_sales_price), 2)) > CAST(0 AS DECIMAL(3,0))
|  |  mem-estimate=571.96MB mem-reservation=34.00MB spill-buffer=2.00MB thread-reservation=0
|  |  tuple-ids=34 row-size=165B cardinality=40.63M cost=2398033848
|  |  in pipelines: 64(GETNEXT), 26(OPEN)
|  |
|  63:EXCHANGE [HASH(tpcds_partitioned_parquet_snap.customer_3.c_customer_id,tpcds_partitioned_parquet_snap.customer_3.c_first_name,tpcds_partitioned_parquet_snap.customer_3.c_last_name,tpcds_partitioned_parquet_snap.customer_3.c_preferred_cust_flag,tpcds_partitioned_parquet_snap.customer_3.c_birth_country,tpcds_partitioned_parquet_snap.customer_3.c_login,tpcds_partitioned_parquet_snap.customer_3.c_email_address)]
|  |  mem-estimate=29.82MB mem-reservation=0B thread-reservation=0
|  |  tuple-ids=34 row-size=165B cardinality=406.27M cost=353766775
|  |  in pipelines: 26(GETNEXT)
|  |
|  F19:PLAN FRAGMENT [HASH(tpcds_partitioned_parquet_snap.web_sales_0.ws_bill_customer_sk)] hosts=10 instances=120
|  Per-Instance Resources: mem-estimate=522.94MB mem-reservation=34.00MB thread-reservation=1
|  max-parallelism=460 segment-costs=[2715168496, 4530135523] cpu-comparison-result=240 [max(240 (self) vs 141 (sum children))]
|  31:AGGREGATE [STREAMING]
|  |  output: sum(divide(add(subtract(subtract(tpcds_partitioned_parquet_snap.web_sales_0.ws_ext_list_price, tpcds_partitioned_parquet_snap.web_sales_0.ws_ext_wholesale_cost), tpcds_partitioned_parquet_snap.web_sales_0.ws_ext_discount_amt), tpcds_partitioned_parquet_snap.web_sales_0.ws_ext_sales_price), CAST(2 AS DECIMAL(3,0))))
|  |  group by: tpcds_partitioned_parquet_snap.customer_3.c_customer_id, tpcds_partitioned_parquet_snap.customer_3.c_first_name, tpcds_partitioned_parquet_snap.customer_3.c_last_name, tpcds_partitioned_parquet_snap.customer_3.c_preferred_cust_flag, tpcds_partitioned_parquet_snap.customer_3.c_birth_country, tpcds_partitioned_parquet_snap.customer_3.c_login, tpcds_partitioned_parquet_snap.customer_3.c_email_address
|  |  mem-estimate=428.97MB mem-reservation=34.00MB spill-buffer=2.00MB thread-reservation=0
|  |  tuple-ids=34 row-size=165B cardinality=406.27M cost=2398033848
|  |  in pipelines: 26(GETNEXT)
|  |
|  30:HASH JOIN [INNER JOIN, PARTITIONED]
|  |  hash-table-id=07
|  |  hash predicates: tpcds_partitioned_parquet_snap.web_sales_0.ws_bill_customer_sk = tpcds_partitioned_parquet_snap.customer_3.c_customer_sk
|  |  fk/pk conjuncts: tpcds_partitioned_parquet_snap.web_sales_0.ws_bill_customer_sk = tpcds_partitioned_parquet_snap.customer_3.c_customer_sk
|  |  mem-estimate=0B mem-reservation=0B spill-buffer=2.00MB thread-reservation=0
|  |  tuple-ids=28,30,32 row-size=185B cardinality=406.27M cost=186854633
|  |  in pipelines: 26(GETNEXT), 29(OPEN)
|  |
|  |--F39:PLAN FRAGMENT [HASH(tpcds_partitioned_parquet_snap.web_sales_0.ws_bill_customer_sk)] hosts=10 instances=120
|  |  |  Per-Instance Resources: mem-estimate=54.45MB mem-reservation=34.00MB thread-reservation=1
|  |  |  max-parallelism=460 segment-costs=[54467197]
|  |  JOIN BUILD
|  |  |  join-table-id=07 plan-id=08 cohort-id=04
|  |  |  build expressions: tpcds_partitioned_parquet_snap.customer_3.c_customer_sk
|  |  |  runtime filters: RF023[min_max] <- tpcds_partitioned_parquet_snap.customer_3.c_customer_sk
|  |  |  mem-estimate=42.91MB mem-reservation=34.00MB spill-buffer=2.00MB thread-reservation=0 cost=30000000
|  |  |
|  |  62:EXCHANGE [HASH(tpcds_partitioned_parquet_snap.customer_3.c_customer_sk)]
|  |  |  mem-estimate=11.53MB mem-reservation=0B thread-reservation=0
|  |  |  tuple-ids=32 row-size=153B cardinality=30.00M cost=24467197
|  |  |  in pipelines: 29(GETNEXT)
|  |  |
|  |  F18:PLAN FRAGMENT [RANDOM] hosts=10 instances=10
|  |  Per-Instance Resources: mem-estimate=89.66MB mem-reservation=1.00MB thread-reservation=1
|  |  max-parallelism=10 segment-costs=[342891999]
|  |  29:SCAN HDFS [tpcds_partitioned_parquet_snap.customer, RANDOM]
|  |     HDFS partitions=1/1 files=1 size=1.55GB
|  |     predicates: tpcds_partitioned_parquet_snap.customer_3.c_customer_id IS NOT NULL, tpcds_partitioned_parquet_snap.customer_3.c_customer_sk IS NOT NULL
|  |     runtime filters: RF001[min_max] -> tpcds_partitioned_parquet_snap.customer_3.c_customer_id, RF003[min_max] -> tpcds_partitioned_parquet_snap.customer_3.c_customer_id
|  |     stored statistics:
|  |       table: rows=30.00M size=1.55GB
|  |       columns: all
|  |     extrapolated-rows=disabled max-scan-range-rows=3.10M
|  |     parquet dictionary predicates: tpcds_partitioned_parquet_snap.customer_3.c_customer_id IS NOT NULL, tpcds_partitioned_parquet_snap.customer_3.c_customer_sk IS NOT NULL
|  |     mem-estimate=16.00MB mem-reservation=1.00MB thread-reservation=0
|  |     tuple-ids=32 row-size=153B cardinality=30.00M cost=31557228
|  |     in pipelines: 29(GETNEXT)
|  |
|  61:EXCHANGE [HASH(tpcds_partitioned_parquet_snap.web_sales_0.ws_bill_customer_sk)]
|  |  mem-estimate=14.69MB mem-reservation=0B thread-reservation=0
|  |  tuple-ids=28,30 row-size=32B cardinality=441.48M cost=130280015
|  |  in pipelines: 26(GETNEXT)
|  |
|  F16:PLAN FRAGMENT [RANDOM] hosts=10 instances=120
|  Per-Host Shared Resources: mem-estimate=1.00MB mem-reservation=1.00MB thread-reservation=0 runtime-filters-memory=1.00MB
|  Per-Instance Resources: mem-estimate=34.75MB mem-reservation=128.00KB thread-reservation=1
|  max-parallelism=180 segment-costs=[1722951425]
|  28:HASH JOIN [INNER JOIN, BROADCAST]
|  |  hash-table-id=08
|  |  hash predicates: tpcds_partitioned_parquet_snap.web_sales_0.ws_sold_date_sk = tpcds_partitioned_parquet_snap.date_dim_3.d_date_sk
|  |  fk/pk conjuncts: tpcds_partitioned_parquet_snap.web_sales_0.ws_sold_date_sk = tpcds_partitioned_parquet_snap.date_dim_3.d_date_sk
|  |  mem-estimate=0B mem-reservation=0B spill-buffer=64.00KB thread-reservation=0
|  |  tuple-ids=28,30 row-size=32B cardinality=441.48M cost=193234710
|  |  in pipelines: 26(GETNEXT), 27(OPEN)
|  |
|  |--F40:PLAN FRAGMENT [RANDOM] hosts=10 instances=10
|  |  |  Per-Instance Resources: mem-estimate=24.27MB mem-reservation=24.25MB thread-reservation=1 runtime-filters-memory=1.00MB
|  |  |  max-parallelism=10 segment-costs=[863]
|  |  JOIN BUILD
|  |  |  join-table-id=08 plan-id=09 cohort-id=04
|  |  |  build expressions: tpcds_partitioned_parquet_snap.date_dim_3.d_date_sk
|  |  |  runtime filters: RF024[bloom] <- tpcds_partitioned_parquet_snap.date_dim_3.d_date_sk
|  |  |  mem-estimate=23.25MB mem-reservation=23.25MB spill-buffer=64.00KB thread-reservation=0 cost=373
|  |  |
|  |  60:EXCHANGE [BROADCAST]
|  |  |  mem-estimate=16.00KB mem-reservation=0B thread-reservation=0
|  |  |  tuple-ids=30 row-size=8B cardinality=373 cost=490
|  |  |  in pipelines: 27(GETNEXT)
|  |  |
|  |  F17:PLAN FRAGMENT [RANDOM] hosts=1 instances=1
|  |  Per-Instance Resources: mem-estimate=16.05MB mem-reservation=512.00KB thread-reservation=1
|  |  max-parallelism=1 segment-costs=[12536]
|  |  27:SCAN HDFS [tpcds_partitioned_parquet_snap.date_dim, RANDOM]
|  |     HDFS partitions=1/1 files=1 size=2.17MB
|  |     predicates: tpcds_partitioned_parquet_snap.date_dim_3.d_year = CAST(1999 AS INT), tpcds_partitioned_parquet_snap.date_dim_3.d_date_sk IS NOT NULL
|  |     stored statistics:
|  |       table: rows=73.05K size=2.17MB
|  |       columns: all
|  |     extrapolated-rows=disabled max-scan-range-rows=73.05K
|  |     parquet statistics predicates: tpcds_partitioned_parquet_snap.date_dim_3.d_year = CAST(1999 AS INT)
|  |     parquet dictionary predicates: tpcds_partitioned_parquet_snap.date_dim_3.d_year = CAST(1999 AS INT), tpcds_partitioned_parquet_snap.date_dim_3.d_date_sk IS NOT NULL
|  |     mem-estimate=16.00MB mem-reservation=512.00KB thread-reservation=0
|  |     tuple-ids=30 row-size=8B cardinality=373 cost=12520
|  |     in pipelines: 27(GETNEXT)
|  |
|  26:SCAN HDFS [tpcds_partitioned_parquet_snap.web_sales, RANDOM]
|     partition predicates: tpcds_partitioned_parquet_snap.web_sales_0.ws_sold_date_sk IS NOT NULL
|     HDFS partitions=1823/1824 files=1823 size=145.67GB
|     predicates: tpcds_partitioned_parquet_snap.web_sales_0.ws_bill_customer_sk IS NOT NULL
|     runtime filters: RF023[min_max] -> tpcds_partitioned_parquet_snap.web_sales_0.ws_bill_customer_sk, RF024[bloom] -> tpcds_partitioned_parquet_snap.web_sales_0.ws_sold_date_sk
|     stored statistics:
|       table: rows=2.16G size=145.75GB
|       partitions: 1823/1823 rows=2.16G
|       columns: all
|     extrapolated-rows=disabled max-scan-range-rows=3.37M est-scan-range=373(filtered from 1823)
|     parquet dictionary predicates: tpcds_partitioned_parquet_snap.web_sales_0.ws_bill_customer_sk IS NOT NULL
|     mem-estimate=16.00MB mem-reservation=128.00KB thread-reservation=0
|     tuple-ids=28 row-size=24B cardinality=441.48M(filtered from 2.16G) cost=165021409
|     in pipelines: 26(GETNEXT)
|
25:HASH JOIN [INNER JOIN, PARTITIONED]
|  hash-table-id=09
|  hash predicates: tpcds_partitioned_parquet_snap.customer_2.c_customer_id = tpcds_partitioned_parquet_snap.customer_0.c_customer_id
|  fk/pk conjuncts: tpcds_partitioned_parquet_snap.customer_2.c_customer_id = tpcds_partitioned_parquet_snap.customer_0.c_customer_id
|  mem-estimate=0B mem-reservation=0B spill-buffer=2.00MB thread-reservation=0
|  tuple-ids=27,20,13 row-size=495B cardinality=40.63M cost=27877122
|  in pipelines: 46(GETNEXT), 58(OPEN)
|
|--F41:PLAN FRAGMENT [HASH(tpcds_partitioned_parquet_snap.customer_2.c_customer_id)] hosts=10 instances=120
|  |  Per-Instance Resources: mem-estimate=106.89MB mem-reservation=50.00MB thread-reservation=1 runtime-filters-memory=16.00MB
|  |  max-parallelism=260 segment-costs=[76003415] cpu-comparison-result=240 [max(120 (self) vs 240 (sum children))]
|  JOIN BUILD
|  |  join-table-id=09 plan-id=10 cohort-id=01
|  |  build expressions: tpcds_partitioned_parquet_snap.customer_0.c_customer_id
|  |  runtime filters: RF006[bloom] <- tpcds_partitioned_parquet_snap.customer_0.c_customer_id, RF007[min_max] <- tpcds_partitioned_parquet_snap.customer_0.c_customer_id
|  |  mem-estimate=61.07MB mem-reservation=34.00MB spill-buffer=2.00MB thread-reservation=0 cost=40626738
|  |
|  59:EXCHANGE [HASH(tpcds_partitioned_parquet_snap.customer_0.c_customer_id)]
|  |  mem-estimate=29.82MB mem-reservation=0B thread-reservation=0
|  |  tuple-ids=13 row-size=165B cardinality=40.63M cost=35376677
|  |  in pipelines: 58(GETNEXT)
|  |
|  F15:PLAN FRAGMENT [HASH(tpcds_partitioned_parquet_snap.customer_0.c_customer_id,tpcds_partitioned_parquet_snap.customer_0.c_first_name,tpcds_partitioned_parquet_snap.customer_0.c_last_name,tpcds_partitioned_parquet_snap.customer_0.c_preferred_cust_flag,tpcds_partitioned_parquet_snap.customer_0.c_birth_country,tpcds_partitioned_parquet_snap.customer_0.c_login,tpcds_partitioned_parquet_snap.customer_0.c_email_address)] hosts=10 instances=120
|  Per-Instance Resources: mem-estimate=651.24MB mem-reservation=34.00MB thread-reservation=1
|  max-parallelism=280 segment-costs=[2751800623, 453013550] cpu-comparison-result=240 [max(120 (self) vs 240 (sum children))]
|  58:AGGREGATE [FINALIZE]
|  |  output: sum:merge(divide(add(subtract(subtract(tpcds_partitioned_parquet_snap.web_sales.ws_ext_list_price, tpcds_partitioned_parquet_snap.web_sales.ws_ext_wholesale_cost), tpcds_partitioned_parquet_snap.web_sales.ws_ext_discount_amt), tpcds_partitioned_parquet_snap.web_sales.ws_ext_sales_price), 2))
|  |  group by: tpcds_partitioned_parquet_snap.customer_0.c_customer_id, tpcds_partitioned_parquet_snap.customer_0.c_first_name, tpcds_partitioned_parquet_snap.customer_0.c_last_name, tpcds_partitioned_parquet_snap.customer_0.c_preferred_cust_flag, tpcds_partitioned_parquet_snap.customer_0.c_birth_country, tpcds_partitioned_parquet_snap.customer_0.c_login, tpcds_partitioned_parquet_snap.customer_0.c_email_address
|  |  having: sum(divide(add(subtract(subtract(tpcds_partitioned_parquet_snap.web_sales.ws_ext_list_price, tpcds_partitioned_parquet_snap.web_sales.ws_ext_wholesale_cost), tpcds_partitioned_parquet_snap.web_sales.ws_ext_discount_amt), tpcds_partitioned_parquet_snap.web_sales.ws_ext_sales_price), 2)) IS NOT NULL
|  |  mem-estimate=571.96MB mem-reservation=34.00MB spill-buffer=2.00MB thread-reservation=0
|  |  tuple-ids=13 row-size=165B cardinality=40.63M cost=2398033848
|  |  in pipelines: 58(GETNEXT), 06(OPEN)
|  |
|  57:EXCHANGE [HASH(tpcds_partitioned_parquet_snap.customer_0.c_customer_id,tpcds_partitioned_parquet_snap.customer_0.c_first_name,tpcds_partitioned_parquet_snap.customer_0.c_last_name,tpcds_partitioned_parquet_snap.customer_0.c_preferred_cust_flag,tpcds_partitioned_parquet_snap.customer_0.c_birth_country,tpcds_partitioned_parquet_snap.customer_0.c_login,tpcds_partitioned_parquet_snap.customer_0.c_email_address)]
|  |  mem-estimate=29.82MB mem-reservation=0B thread-reservation=0
|  |  tuple-ids=13 row-size=165B cardinality=406.27M cost=353766775
|  |  in pipelines: 06(GETNEXT)
|  |
|  F14:PLAN FRAGMENT [HASH(tpcds_partitioned_parquet_snap.web_sales.ws_bill_customer_sk)] hosts=10 instances=120
|  Per-Instance Resources: mem-estimate=522.94MB mem-reservation=34.00MB thread-reservation=1
|  max-parallelism=460 segment-costs=[2715168496, 4530135523] cpu-comparison-result=240 [max(240 (self) vs 141 (sum children))]
|  11:AGGREGATE [STREAMING]
|  |  output: sum(divide(add(subtract(subtract(tpcds_partitioned_parquet_snap.web_sales.ws_ext_list_price, tpcds_partitioned_parquet_snap.web_sales.ws_ext_wholesale_cost), tpcds_partitioned_parquet_snap.web_sales.ws_ext_discount_amt), tpcds_partitioned_parquet_snap.web_sales.ws_ext_sales_price), CAST(2 AS DECIMAL(3,0))))
|  |  group by: tpcds_partitioned_parquet_snap.customer_0.c_customer_id, tpcds_partitioned_parquet_snap.customer_0.c_first_name, tpcds_partitioned_parquet_snap.customer_0.c_last_name, tpcds_partitioned_parquet_snap.customer_0.c_preferred_cust_flag, tpcds_partitioned_parquet_snap.customer_0.c_birth_country, tpcds_partitioned_parquet_snap.customer_0.c_login, tpcds_partitioned_parquet_snap.customer_0.c_email_address
|  |  mem-estimate=428.97MB mem-reservation=34.00MB spill-buffer=2.00MB thread-reservation=0
|  |  tuple-ids=13 row-size=165B cardinality=406.27M cost=2398033848
|  |  in pipelines: 06(GETNEXT)
|  |
|  10:HASH JOIN [INNER JOIN, PARTITIONED]
|  |  hash-table-id=10
|  |  hash predicates: tpcds_partitioned_parquet_snap.web_sales.ws_bill_customer_sk = tpcds_partitioned_parquet_snap.customer_0.c_customer_sk
|  |  fk/pk conjuncts: tpcds_partitioned_parquet_snap.web_sales.ws_bill_customer_sk = tpcds_partitioned_parquet_snap.customer_0.c_customer_sk
|  |  mem-estimate=0B mem-reservation=0B spill-buffer=2.00MB thread-reservation=0
|  |  tuple-ids=7,9,11 row-size=185B cardinality=406.27M cost=186854633
|  |  in pipelines: 06(GETNEXT), 09(OPEN)
|  |
|  |--F42:PLAN FRAGMENT [HASH(tpcds_partitioned_parquet_snap.web_sales.ws_bill_customer_sk)] hosts=10 instances=120
|  |  |  Per-Instance Resources: mem-estimate=54.45MB mem-reservation=34.00MB thread-reservation=1
|  |  |  max-parallelism=460 segment-costs=[54467197]
|  |  JOIN BUILD
|  |  |  join-table-id=10 plan-id=11 cohort-id=05
|  |  |  build expressions: tpcds_partitioned_parquet_snap.customer_0.c_customer_sk
|  |  |  runtime filters: RF019[min_max] <- tpcds_partitioned_parquet_snap.customer_0.c_customer_sk
|  |  |  mem-estimate=42.91MB mem-reservation=34.00MB spill-buffer=2.00MB thread-reservation=0 cost=30000000
|  |  |
|  |  56:EXCHANGE [HASH(tpcds_partitioned_parquet_snap.customer_0.c_customer_sk)]
|  |  |  mem-estimate=11.53MB mem-reservation=0B thread-reservation=0
|  |  |  tuple-ids=11 row-size=153B cardinality=30.00M cost=24467197
|  |  |  in pipelines: 09(GETNEXT)
|  |  |
|  |  F13:PLAN FRAGMENT [RANDOM] hosts=10 instances=10
|  |  Per-Instance Resources: mem-estimate=89.66MB mem-reservation=1.00MB thread-reservation=1
|  |  max-parallelism=10 segment-costs=[342891999]
|  |  09:SCAN HDFS [tpcds_partitioned_parquet_snap.customer, RANDOM]
|  |     HDFS partitions=1/1 files=1 size=1.55GB
|  |     predicates: tpcds_partitioned_parquet_snap.customer_0.c_customer_id IS NOT NULL, tpcds_partitioned_parquet_snap.customer_0.c_customer_sk IS NOT NULL
|  |     runtime filters: RF001[min_max] -> tpcds_partitioned_parquet_snap.customer_0.c_customer_id, RF005[min_max] -> tpcds_partitioned_parquet_snap.customer_0.c_customer_id, RF003[min_max] -> tpcds_partitioned_parquet_snap.customer_0.c_customer_id
|  |     stored statistics:
|  |       table: rows=30.00M size=1.55GB
|  |       columns: all
|  |     extrapolated-rows=disabled max-scan-range-rows=3.10M
|  |     parquet dictionary predicates: tpcds_partitioned_parquet_snap.customer_0.c_customer_id IS NOT NULL, tpcds_partitioned_parquet_snap.customer_0.c_customer_sk IS NOT NULL
|  |     mem-estimate=16.00MB mem-reservation=1.00MB thread-reservation=0
|  |     tuple-ids=11 row-size=153B cardinality=30.00M cost=31557228
|  |     in pipelines: 09(GETNEXT)
|  |
|  55:EXCHANGE [HASH(tpcds_partitioned_parquet_snap.web_sales.ws_bill_customer_sk)]
|  |  mem-estimate=14.69MB mem-reservation=0B thread-reservation=0
|  |  tuple-ids=7,9 row-size=32B cardinality=441.48M cost=130280015
|  |  in pipelines: 06(GETNEXT)
|  |
|  F11:PLAN FRAGMENT [RANDOM] hosts=10 instances=120
|  Per-Host Shared Resources: mem-estimate=1.00MB mem-reservation=1.00MB thread-reservation=0 runtime-filters-memory=1.00MB
|  Per-Instance Resources: mem-estimate=34.75MB mem-reservation=128.00KB thread-reservation=1
|  max-parallelism=180 segment-costs=[1722951425]
|  08:HASH JOIN [INNER JOIN, BROADCAST]
|  |  hash-table-id=11
|  |  hash predicates: tpcds_partitioned_parquet_snap.web_sales.ws_sold_date_sk = tpcds_partitioned_parquet_snap.date_dim_0.d_date_sk
|  |  fk/pk conjuncts: tpcds_partitioned_parquet_snap.web_sales.ws_sold_date_sk = tpcds_partitioned_parquet_snap.date_dim_0.d_date_sk
|  |  mem-estimate=0B mem-reservation=0B spill-buffer=64.00KB thread-reservation=0
|  |  tuple-ids=7,9 row-size=32B cardinality=441.48M cost=193234710
|  |  in pipelines: 06(GETNEXT), 07(OPEN)
|  |
|  |--F43:PLAN FRAGMENT [RANDOM] hosts=10 instances=10
|  |  |  Per-Instance Resources: mem-estimate=24.27MB mem-reservation=24.25MB thread-reservation=1 runtime-filters-memory=1.00MB
|  |  |  max-parallelism=10 segment-costs=[863]
|  |  JOIN BUILD
|  |  |  join-table-id=11 plan-id=12 cohort-id=05
|  |  |  build expressions: tpcds_partitioned_parquet_snap.date_dim_0.d_date_sk
|  |  |  runtime filters: RF020[bloom] <- tpcds_partitioned_parquet_snap.date_dim_0.d_date_sk
|  |  |  mem-estimate=23.25MB mem-reservation=23.25MB spill-buffer=64.00KB thread-reservation=0 cost=373
|  |  |
|  |  54:EXCHANGE [BROADCAST]
|  |  |  mem-estimate=16.00KB mem-reservation=0B thread-reservation=0
|  |  |  tuple-ids=9 row-size=8B cardinality=373 cost=490
|  |  |  in pipelines: 07(GETNEXT)
|  |  |
|  |  F12:PLAN FRAGMENT [RANDOM] hosts=1 instances=1
|  |  Per-Instance Resources: mem-estimate=16.05MB mem-reservation=512.00KB thread-reservation=1
|  |  max-parallelism=1 segment-costs=[12536]
|  |  07:SCAN HDFS [tpcds_partitioned_parquet_snap.date_dim, RANDOM]
|  |     HDFS partitions=1/1 files=1 size=2.17MB
|  |     predicates: tpcds_partitioned_parquet_snap.date_dim_0.d_year = CAST(2000 AS INT), tpcds_partitioned_parquet_snap.date_dim_0.d_date_sk IS NOT NULL
|  |     stored statistics:
|  |       table: rows=73.05K size=2.17MB
|  |       columns: all
|  |     extrapolated-rows=disabled max-scan-range-rows=73.05K
|  |     parquet statistics predicates: tpcds_partitioned_parquet_snap.date_dim_0.d_year = CAST(2000 AS INT)
|  |     parquet dictionary predicates: tpcds_partitioned_parquet_snap.date_dim_0.d_year = CAST(2000 AS INT), tpcds_partitioned_parquet_snap.date_dim_0.d_date_sk IS NOT NULL
|  |     mem-estimate=16.00MB mem-reservation=512.00KB thread-reservation=0
|  |     tuple-ids=9 row-size=8B cardinality=373 cost=12520
|  |     in pipelines: 07(GETNEXT)
|  |
|  06:SCAN HDFS [tpcds_partitioned_parquet_snap.web_sales, RANDOM]
|     partition predicates: tpcds_partitioned_parquet_snap.web_sales.ws_sold_date_sk IS NOT NULL
|     HDFS partitions=1823/1824 files=1823 size=145.67GB
|     predicates: tpcds_partitioned_parquet_snap.web_sales.ws_bill_customer_sk IS NOT NULL
|     runtime filters: RF019[min_max] -> tpcds_partitioned_parquet_snap.web_sales.ws_bill_customer_sk, RF020[bloom] -> tpcds_partitioned_parquet_snap.web_sales.ws_sold_date_sk
|     stored statistics:
|       table: rows=2.16G size=145.75GB
|       partitions: 1823/1823 rows=2.16G
|       columns: all
|     extrapolated-rows=disabled max-scan-range-rows=3.37M est-scan-range=373(filtered from 1823)
|     parquet dictionary predicates: tpcds_partitioned_parquet_snap.web_sales.ws_bill_customer_sk IS NOT NULL
|     mem-estimate=16.00MB mem-reservation=128.00KB thread-reservation=0
|     tuple-ids=7 row-size=24B cardinality=441.48M(filtered from 2.16G) cost=165021409
|     in pipelines: 06(GETNEXT)
|
24:HASH JOIN [INNER JOIN, PARTITIONED]
|  hash-table-id=12
|  hash predicates: tpcds_partitioned_parquet_snap.customer_2.c_customer_id = tpcds_partitioned_parquet_snap.customer_1.c_customer_id
|  fk/pk conjuncts: tpcds_partitioned_parquet_snap.customer_2.c_customer_id = tpcds_partitioned_parquet_snap.customer_1.c_customer_id
|  mem-estimate=0B mem-reservation=0B spill-buffer=2.00MB thread-reservation=0
|  tuple-ids=27,20 row-size=330B cardinality=79.98M cost=52428030
|  in pipelines: 46(GETNEXT), 51(OPEN)
|
|--F44:PLAN FRAGMENT [HASH(tpcds_partitioned_parquet_snap.customer_2.c_customer_id)] hosts=10 instances=120
|  |  Per-Instance Resources: mem-estimate=169.95MB mem-reservation=50.00MB thread-reservation=1 runtime-filters-memory=16.00MB
|  |  max-parallelism=260 segment-costs=[149629463] cpu-comparison-result=240 [max(120 (self) vs 240 (sum children))]
|  JOIN BUILD
|  |  join-table-id=12 plan-id=13 cohort-id=01
|  |  build expressions: tpcds_partitioned_parquet_snap.customer_1.c_customer_id
|  |  runtime filters: RF008[bloom] <- tpcds_partitioned_parquet_snap.customer_1.c_customer_id, RF009[min_max] <- tpcds_partitioned_parquet_snap.customer_1.c_customer_id
|  |  mem-estimate=124.13MB mem-reservation=34.00MB spill-buffer=2.00MB thread-reservation=0 cost=79982682
|  |
|  53:EXCHANGE [HASH(tpcds_partitioned_parquet_snap.customer_1.c_customer_id)]
|  |  mem-estimate=29.82MB mem-reservation=0B thread-reservation=0
|  |  tuple-ids=20 row-size=165B cardinality=79.98M cost=69646781
|  |  in pipelines: 51(GETNEXT)
|  |
|  F09:PLAN FRAGMENT [HASH(tpcds_partitioned_parquet_snap.customer_1.c_customer_id,tpcds_partitioned_parquet_snap.customer_1.c_first_name,tpcds_partitioned_parquet_snap.customer_1.c_last_name,tpcds_partitioned_parquet_snap.customer_1.c_preferred_cust_flag,tpcds_partitioned_parquet_snap.customer_1.c_birth_country,tpcds_partitioned_parquet_snap.customer_1.c_login,tpcds_partitioned_parquet_snap.customer_1.c_email_address)] hosts=10 instances=120
|  Per-Instance Resources: mem-estimate=1.18GB mem-reservation=34.00MB thread-reservation=1
|  max-parallelism=550 segment-costs=[5417525566, 891856952] cpu-comparison-result=240 [max(120 (self) vs 240 (sum children))]
|  51:AGGREGATE [FINALIZE]
|  |  output: sum:merge(divide(add(subtract(subtract(tpcds_partitioned_parquet_snap.catalog_sales.cs_ext_list_price, tpcds_partitioned_parquet_snap.catalog_sales.cs_ext_wholesale_cost), tpcds_partitioned_parquet_snap.catalog_sales.cs_ext_discount_amt), tpcds_partitioned_parquet_snap.catalog_sales.cs_ext_sales_price), 2))
|  |  group by: tpcds_partitioned_parquet_snap.customer_1.c_customer_id, tpcds_partitioned_parquet_snap.customer_1.c_first_name, tpcds_partitioned_parquet_snap.customer_1.c_last_name, tpcds_partitioned_parquet_snap.customer_1.c_preferred_cust_flag, tpcds_partitioned_parquet_snap.customer_1.c_birth_country, tpcds_partitioned_parquet_snap.customer_1.c_login, tpcds_partitioned_parquet_snap.customer_1.c_email_address
|  |  having: sum(divide(add(subtract(subtract(tpcds_partitioned_parquet_snap.catalog_sales.cs_ext_list_price, tpcds_partitioned_parquet_snap.catalog_sales.cs_ext_wholesale_cost), tpcds_partitioned_parquet_snap.catalog_sales.cs_ext_discount_amt), tpcds_partitioned_parquet_snap.catalog_sales.cs_ext_sales_price), 2)) IS NOT NULL
|  |  mem-estimate=1.10GB mem-reservation=34.00MB spill-buffer=2.00MB thread-reservation=0
|  |  tuple-ids=20 row-size=165B cardinality=79.98M cost=4721057758
|  |  in pipelines: 51(GETNEXT), 12(OPEN)
|  |
|  50:EXCHANGE [HASH(tpcds_partitioned_parquet_snap.customer_1.c_customer_id,tpcds_partitioned_parquet_snap.customer_1.c_first_name,tpcds_partitioned_parquet_snap.customer_1.c_last_name,tpcds_partitioned_parquet_snap.customer_1.c_preferred_cust_flag,tpcds_partitioned_parquet_snap.customer_1.c_birth_country,tpcds_partitioned_parquet_snap.customer_1.c_login,tpcds_partitioned_parquet_snap.customer_1.c_email_address)]
|  |  mem-estimate=29.82MB mem-reservation=0B thread-reservation=0
|  |  tuple-ids=20 row-size=165B cardinality=799.83M cost=696467808
|  |  in pipelines: 12(GETNEXT)
|  |
|  F08:PLAN FRAGMENT [HASH(tpcds_partitioned_parquet_snap.catalog_sales.cs_bill_customer_sk)] hosts=10 instances=120
|  Per-Instance Resources: mem-estimate=938.49MB mem-reservation=34.00MB thread-reservation=1
|  max-parallelism=900 segment-costs=[5346593754, 8918569464] cpu-comparison-result=240 [max(240 (self) vs 141 (sum children))]
|  17:AGGREGATE [STREAMING]
|  |  output: sum(divide(add(subtract(subtract(tpcds_partitioned_parquet_snap.catalog_sales.cs_ext_list_price, tpcds_partitioned_parquet_snap.catalog_sales.cs_ext_wholesale_cost), tpcds_partitioned_parquet_snap.catalog_sales.cs_ext_discount_amt), tpcds_partitioned_parquet_snap.catalog_sales.cs_ext_sales_price), CAST(2 AS DECIMAL(3,0))))
|  |  group by: tpcds_partitioned_parquet_snap.customer_1.c_customer_id, tpcds_partitioned_parquet_snap.customer_1.c_first_name, tpcds_partitioned_parquet_snap.customer_1.c_last_name, tpcds_partitioned_parquet_snap.customer_1.c_preferred_cust_flag, tpcds_partitioned_parquet_snap.customer_1.c_birth_country, tpcds_partitioned_parquet_snap.customer_1.c_login, tpcds_partitioned_parquet_snap.customer_1.c_email_address
|  |  mem-estimate=844.52MB mem-reservation=34.00MB spill-buffer=2.00MB thread-reservation=0
|  |  tuple-ids=20 row-size=165B cardinality=799.83M cost=4721057758
|  |  in pipelines: 12(GETNEXT)
|  |
|  16:HASH JOIN [INNER JOIN, PARTITIONED]
|  |  hash-table-id=13
|  |  hash predicates: tpcds_partitioned_parquet_snap.catalog_sales.cs_bill_customer_sk = tpcds_partitioned_parquet_snap.customer_1.c_customer_sk
|  |  fk/pk conjuncts: tpcds_partitioned_parquet_snap.catalog_sales.cs_bill_customer_sk = tpcds_partitioned_parquet_snap.customer_1.c_customer_sk
|  |  mem-estimate=0B mem-reservation=0B spill-buffer=2.00MB thread-reservation=0
|  |  tuple-ids=14,16,18 row-size=185B cardinality=799.83M cost=368416277
|  |  in pipelines: 12(GETNEXT), 15(OPEN)
|  |
|  |--F45:PLAN FRAGMENT [HASH(tpcds_partitioned_parquet_snap.catalog_sales.cs_bill_customer_sk)] hosts=10 instances=120
|  |  |  Per-Instance Resources: mem-estimate=70.45MB mem-reservation=50.00MB thread-reservation=1 runtime-filters-memory=16.00MB
|  |  |  max-parallelism=900 segment-costs=[54467197]
|  |  JOIN BUILD
|  |  |  join-table-id=13 plan-id=14 cohort-id=06
|  |  |  build expressions: tpcds_partitioned_parquet_snap.customer_1.c_customer_sk
|  |  |  runtime filters: RF014[bloom] <- tpcds_partitioned_parquet_snap.customer_1.c_customer_sk, RF015[min_max] <- tpcds_partitioned_parquet_snap.customer_1.c_customer_sk
|  |  |  mem-estimate=42.91MB mem-reservation=34.00MB spill-buffer=2.00MB thread-reservation=0 cost=30000000
|  |  |
|  |  49:EXCHANGE [HASH(tpcds_partitioned_parquet_snap.customer_1.c_customer_sk)]
|  |  |  mem-estimate=11.53MB mem-reservation=0B thread-reservation=0
|  |  |  tuple-ids=18 row-size=153B cardinality=30.00M cost=24467197
|  |  |  in pipelines: 15(GETNEXT)
|  |  |
|  |  F07:PLAN FRAGMENT [RANDOM] hosts=10 instances=10
|  |  Per-Host Shared Resources: mem-estimate=16.00MB mem-reservation=16.00MB thread-reservation=0 runtime-filters-memory=16.00MB
|  |  Per-Instance Resources: mem-estimate=89.66MB mem-reservation=1.00MB thread-reservation=1
|  |  max-parallelism=10 segment-costs=[342891999]
|  |  15:SCAN HDFS [tpcds_partitioned_parquet_snap.customer, RANDOM]
|  |     HDFS partitions=1/1 files=1 size=1.55GB
|  |     predicates: tpcds_partitioned_parquet_snap.customer_1.c_customer_id IS NOT NULL, tpcds_partitioned_parquet_snap.customer_1.c_customer_sk IS NOT NULL
|  |     runtime filters: RF007[min_max] -> tpcds_partitioned_parquet_snap.customer_1.c_customer_id, RF001[min_max] -> tpcds_partitioned_parquet_snap.customer_1.c_customer_id, RF005[min_max] -> tpcds_partitioned_parquet_snap.customer_1.c_customer_id, RF003[min_max] -> tpcds_partitioned_parquet_snap.customer_1.c_customer_id, RF006[bloom] -> tpcds_partitioned_parquet_snap.customer_1.c_customer_id
|  |     stored statistics:
|  |       table: rows=30.00M size=1.55GB
|  |       columns: all
|  |     extrapolated-rows=disabled max-scan-range-rows=3.10M
|  |     parquet dictionary predicates: tpcds_partitioned_parquet_snap.customer_1.c_customer_id IS NOT NULL, tpcds_partitioned_parquet_snap.customer_1.c_customer_sk IS NOT NULL
|  |     mem-estimate=16.00MB mem-reservation=1.00MB thread-reservation=0
|  |     tuple-ids=18 row-size=153B cardinality=30.00M cost=31557228
|  |     in pipelines: 15(GETNEXT)
|  |
|  48:EXCHANGE [HASH(tpcds_partitioned_parquet_snap.catalog_sales.cs_bill_customer_sk)]
|  |  mem-estimate=14.69MB mem-reservation=0B thread-reservation=0
|  |  tuple-ids=14,16 row-size=32B cardinality=871.30M cost=257119719
|  |  in pipelines: 12(GETNEXT)
|  |
|  F05:PLAN FRAGMENT [RANDOM] hosts=10 instances=120
|  Per-Host Shared Resources: mem-estimate=17.00MB mem-reservation=17.00MB thread-reservation=0 runtime-filters-memory=17.00MB
|  Per-Instance Resources: mem-estimate=34.75MB mem-reservation=256.00KB thread-reservation=1
|  max-parallelism=350 segment-costs=[3401959876]
|  14:HASH JOIN [INNER JOIN, BROADCAST]
|  |  hash-table-id=14
|  |  hash predicates: tpcds_partitioned_parquet_snap.catalog_sales.cs_sold_date_sk = tpcds_partitioned_parquet_snap.date_dim_1.d_date_sk
|  |  fk/pk conjuncts: tpcds_partitioned_parquet_snap.catalog_sales.cs_sold_date_sk = tpcds_partitioned_parquet_snap.date_dim_1.d_date_sk
|  |  mem-estimate=0B mem-reservation=0B spill-buffer=64.00KB thread-reservation=0
|  |  tuple-ids=14,16 row-size=32B cardinality=871.30M cost=381366658
|  |  in pipelines: 12(GETNEXT), 13(OPEN)
|  |
|  |--F46:PLAN FRAGMENT [RANDOM] hosts=10 instances=10
|  |  |  Per-Instance Resources: mem-estimate=24.27MB mem-reservation=24.25MB thread-reservation=1 runtime-filters-memory=1.00MB
|  |  |  max-parallelism=10 segment-costs=[863]
|  |  JOIN BUILD
|  |  |  join-table-id=14 plan-id=15 cohort-id=06
|  |  |  build expressions: tpcds_partitioned_parquet_snap.date_dim_1.d_date_sk
|  |  |  runtime filters: RF016[bloom] <- tpcds_partitioned_parquet_snap.date_dim_1.d_date_sk
|  |  |  mem-estimate=23.25MB mem-reservation=23.25MB spill-buffer=64.00KB thread-reservation=0 cost=373
|  |  |
|  |  47:EXCHANGE [BROADCAST]
|  |  |  mem-estimate=16.00KB mem-reservation=0B thread-reservation=0
|  |  |  tuple-ids=16 row-size=8B cardinality=373 cost=490
|  |  |  in pipelines: 13(GETNEXT)
|  |  |
|  |  F06:PLAN FRAGMENT [RANDOM] hosts=1 instances=1
|  |  Per-Instance Resources: mem-estimate=16.05MB mem-reservation=512.00KB thread-reservation=1
|  |  max-parallelism=1 segment-costs=[12536]
|  |  13:SCAN HDFS [tpcds_partitioned_parquet_snap.date_dim, RANDOM]
|  |     HDFS partitions=1/1 files=1 size=2.17MB
|  |     predicates: tpcds_partitioned_parquet_snap.date_dim_1.d_year = CAST(2000 AS INT), tpcds_partitioned_parquet_snap.date_dim_1.d_date_sk IS NOT NULL
|  |     stored statistics:
|  |       table: rows=73.05K size=2.17MB
|  |       columns: all
|  |     extrapolated-rows=disabled max-scan-range-rows=73.05K
|  |     parquet statistics predicates: tpcds_partitioned_parquet_snap.date_dim_1.d_year = CAST(2000 AS INT)
|  |     parquet dictionary predicates: tpcds_partitioned_parquet_snap.date_dim_1.d_year = CAST(2000 AS INT), tpcds_partitioned_parquet_snap.date_dim_1.d_date_sk IS NOT NULL
|  |     mem-estimate=16.00MB mem-reservation=512.00KB thread-reservation=0
|  |     tuple-ids=16 row-size=8B cardinality=373 cost=12520
|  |     in pipelines: 13(GETNEXT)
|  |
|  12:SCAN HDFS [tpcds_partitioned_parquet_snap.catalog_sales, RANDOM]
|     partition predicates: tpcds_partitioned_parquet_snap.catalog_sales.cs_sold_date_sk IS NOT NULL
|     HDFS partitions=1830/1831 files=1830 size=280.81GB
|     predicates: tpcds_partitioned_parquet_snap.catalog_sales.cs_bill_customer_sk IS NOT NULL
|     runtime filters: RF015[min_max] -> tpcds_partitioned_parquet_snap.catalog_sales.cs_bill_customer_sk, RF016[bloom] -> tpcds_partitioned_parquet_snap.catalog_sales.cs_sold_date_sk, RF014[bloom] -> tpcds_partitioned_parquet_snap.catalog_sales.cs_bill_customer_sk
|     stored statistics:
|       table: rows=4.32G size=280.96GB
|       partitions: 1830/1830 rows=4.30G
|       columns: all
|     extrapolated-rows=disabled max-scan-range-rows=5.09M est-scan-range=373(filtered from 1830)
|     parquet dictionary predicates: tpcds_partitioned_parquet_snap.catalog_sales.cs_bill_customer_sk IS NOT NULL
|     mem-estimate=16.00MB mem-reservation=256.00KB thread-reservation=0
|     tuple-ids=14 row-size=24B cardinality=871.30M(filtered from 4.28G) cost=327240201
|     in pipelines: 12(GETNEXT)
|
52:EXCHANGE [HASH(tpcds_partitioned_parquet_snap.customer_2.c_customer_id)]
|  mem-estimate=29.82MB mem-reservation=0B thread-reservation=0
|  tuple-ids=27 row-size=165B cardinality=147.90M cost=128783355
|  in pipelines: 46(GETNEXT)
|
F04:PLAN FRAGMENT [HASH(tpcds_partitioned_parquet_snap.customer_2.c_customer_id,tpcds_partitioned_parquet_snap.customer_2.c_first_name,tpcds_partitioned_parquet_snap.customer_2.c_last_name,tpcds_partitioned_parquet_snap.customer_2.c_preferred_cust_flag,tpcds_partitioned_parquet_snap.customer_2.c_birth_country,tpcds_partitioned_parquet_snap.customer_2.c_login,tpcds_partitioned_parquet_snap.customer_2.c_email_address)] hosts=10 instances=120
Per-Instance Resources: mem-estimate=2.11GB mem-reservation=34.00MB thread-reservation=1
max-parallelism=1010 segment-costs=[10017507045, 1649126185] cpu-comparison-result=240 [max(120 (self) vs 240 (sum children))]
46:AGGREGATE [FINALIZE]
|  output: sum:merge(divide(add(subtract(subtract(tpcds_partitioned_parquet_snap.store_sales_0.ss_ext_list_price, tpcds_partitioned_parquet_snap.store_sales_0.ss_ext_wholesale_cost), tpcds_partitioned_parquet_snap.store_sales_0.ss_ext_discount_amt), tpcds_partitioned_parquet_snap.store_sales_0.ss_ext_sales_price), 2))
|  group by: tpcds_partitioned_parquet_snap.customer_2.c_customer_id, tpcds_partitioned_parquet_snap.customer_2.c_first_name, tpcds_partitioned_parquet_snap.customer_2.c_last_name, tpcds_partitioned_parquet_snap.customer_2.c_preferred_cust_flag, tpcds_partitioned_parquet_snap.customer_2.c_birth_country, tpcds_partitioned_parquet_snap.customer_2.c_login, tpcds_partitioned_parquet_snap.customer_2.c_email_address
|  having: sum(divide(add(subtract(subtract(tpcds_partitioned_parquet_snap.store_sales_0.ss_ext_list_price, tpcds_partitioned_parquet_snap.store_sales_0.ss_ext_wholesale_cost), tpcds_partitioned_parquet_snap.store_sales_0.ss_ext_discount_amt), tpcds_partitioned_parquet_snap.store_sales_0.ss_ext_sales_price), 2)) > CAST(0 AS DECIMAL(3,0))
|  mem-estimate=2.03GB mem-reservation=34.00MB spill-buffer=2.00MB thread-reservation=0
|  tuple-ids=27 row-size=165B cardinality=147.90M cost=8729673496
|  in pipelines: 46(GETNEXT), 18(OPEN)
|
45:EXCHANGE [HASH(tpcds_partitioned_parquet_snap.customer_2.c_customer_id,tpcds_partitioned_parquet_snap.customer_2.c_first_name,tpcds_partitioned_parquet_snap.customer_2.c_last_name,tpcds_partitioned_parquet_snap.customer_2.c_preferred_cust_flag,tpcds_partitioned_parquet_snap.customer_2.c_birth_country,tpcds_partitioned_parquet_snap.customer_2.c_login,tpcds_partitioned_parquet_snap.customer_2.c_email_address)]
|  mem-estimate=29.82MB mem-reservation=0B thread-reservation=0
|  tuple-ids=27 row-size=165B cardinality=1.48G cost=1287833549
|  in pipelines: 18(GETNEXT)
|
F03:PLAN FRAGMENT [HASH(tpcds_partitioned_parquet_snap.store_sales_0.ss_customer_sk)] hosts=10 instances=120
Per-Instance Resources: mem-estimate=1.62GB mem-reservation=34.00MB thread-reservation=1
max-parallelism=1650 segment-costs=[9886347547, 16491261804] cpu-comparison-result=240 [max(240 (self) vs 141 (sum children))]
23:AGGREGATE [STREAMING]
|  output: sum(divide(add(subtract(subtract(tpcds_partitioned_parquet_snap.store_sales_0.ss_ext_list_price, tpcds_partitioned_parquet_snap.store_sales_0.ss_ext_wholesale_cost), tpcds_partitioned_parquet_snap.store_sales_0.ss_ext_discount_amt), tpcds_partitioned_parquet_snap.store_sales_0.ss_ext_sales_price), CAST(2 AS DECIMAL(3,0))))
|  group by: tpcds_partitioned_parquet_snap.customer_2.c_customer_id, tpcds_partitioned_parquet_snap.customer_2.c_first_name, tpcds_partitioned_parquet_snap.customer_2.c_last_name, tpcds_partitioned_parquet_snap.customer_2.c_preferred_cust_flag, tpcds_partitioned_parquet_snap.customer_2.c_birth_country, tpcds_partitioned_parquet_snap.customer_2.c_login, tpcds_partitioned_parquet_snap.customer_2.c_email_address
|  mem-estimate=1.52GB mem-reservation=34.00MB spill-buffer=2.00MB thread-reservation=0
|  tuple-ids=27 row-size=165B cardinality=1.48G cost=8729673496
|  in pipelines: 18(GETNEXT)
|
22:HASH JOIN [INNER JOIN, PARTITIONED]
|  hash-table-id=15
|  hash predicates: tpcds_partitioned_parquet_snap.store_sales_0.ss_customer_sk = tpcds_partitioned_parquet_snap.customer_2.c_customer_sk
|  fk/pk conjuncts: tpcds_partitioned_parquet_snap.store_sales_0.ss_customer_sk = tpcds_partitioned_parquet_snap.customer_2.c_customer_sk
|  mem-estimate=0B mem-reservation=0B spill-buffer=2.00MB thread-reservation=0
|  tuple-ids=21,23,25 row-size=185B cardinality=1.48G cost=681235853
|  in pipelines: 18(GETNEXT), 21(OPEN)
|
|--F47:PLAN FRAGMENT [HASH(tpcds_partitioned_parquet_snap.store_sales_0.ss_customer_sk)] hosts=10 instances=120
|  |  Per-Instance Resources: mem-estimate=54.45MB mem-reservation=34.00MB thread-reservation=1
|  |  max-parallelism=1650 segment-costs=[54467197]
|  JOIN BUILD
|  |  join-table-id=15 plan-id=16 cohort-id=01
|  |  build expressions: tpcds_partitioned_parquet_snap.customer_2.c_customer_sk
|  |  runtime filters: RF011[min_max] <- tpcds_partitioned_parquet_snap.customer_2.c_customer_sk
|  |  mem-estimate=42.91MB mem-reservation=34.00MB spill-buffer=2.00MB thread-reservation=0 cost=30000000
|  |
|  44:EXCHANGE [HASH(tpcds_partitioned_parquet_snap.customer_2.c_customer_sk)]
|  |  mem-estimate=11.53MB mem-reservation=0B thread-reservation=0
|  |  tuple-ids=25 row-size=153B cardinality=30.00M cost=24467197
|  |  in pipelines: 21(GETNEXT)
|  |
|  F02:PLAN FRAGMENT [RANDOM] hosts=10 instances=10
|  Per-Host Shared Resources: mem-estimate=32.00MB mem-reservation=32.00MB thread-reservation=0 runtime-filters-memory=32.00MB
|  Per-Instance Resources: mem-estimate=89.66MB mem-reservation=1.00MB thread-reservation=1
|  max-parallelism=10 segment-costs=[342891999]
|  21:SCAN HDFS [tpcds_partitioned_parquet_snap.customer, RANDOM]
|     HDFS partitions=1/1 files=1 size=1.55GB
|     predicates: tpcds_partitioned_parquet_snap.customer_2.c_customer_id IS NOT NULL, tpcds_partitioned_parquet_snap.customer_2.c_customer_sk IS NOT NULL
|     runtime filters: RF007[min_max] -> tpcds_partitioned_parquet_snap.customer_2.c_customer_id, RF009[min_max] -> tpcds_partitioned_parquet_snap.customer_2.c_customer_id, RF001[min_max] -> tpcds_partitioned_parquet_snap.customer_2.c_customer_id, RF005[min_max] -> tpcds_partitioned_parquet_snap.customer_2.c_customer_id, RF003[min_max] -> tpcds_partitioned_parquet_snap.customer_2.c_customer_id, RF006[bloom] -> tpcds_partitioned_parquet_snap.customer_2.c_customer_id, RF008[bloom] -> tpcds_partitioned_parquet_snap.customer_2.c_customer_id
|     stored statistics:
|       table: rows=30.00M size=1.55GB
|       columns: all
|     extrapolated-rows=disabled max-scan-range-rows=3.10M
|     parquet dictionary predicates: tpcds_partitioned_parquet_snap.customer_2.c_customer_id IS NOT NULL, tpcds_partitioned_parquet_snap.customer_2.c_customer_sk IS NOT NULL
|     mem-estimate=16.00MB mem-reservation=1.00MB thread-reservation=0
|     tuple-ids=25 row-size=153B cardinality=30.00M cost=31557228
|     in pipelines: 21(GETNEXT)
|
43:EXCHANGE [HASH(tpcds_partitioned_parquet_snap.store_sales_0.ss_customer_sk)]
|  mem-estimate=14.69MB mem-reservation=0B thread-reservation=0
|  tuple-ids=21,23 row-size=32B cardinality=1.61G cost=475438198
|  in pipelines: 18(GETNEXT)
|
F00:PLAN FRAGMENT [RANDOM] hosts=10 instances=120
Per-Host Shared Resources: mem-estimate=1.00MB mem-reservation=1.00MB thread-reservation=0 runtime-filters-memory=1.00MB
Per-Instance Resources: mem-estimate=34.75MB mem-reservation=512.00KB thread-reservation=1
max-parallelism=373 segment-costs=[6315884965]
20:HASH JOIN [INNER JOIN, BROADCAST]
|  hash-table-id=16
|  hash predicates: tpcds_partitioned_parquet_snap.store_sales_0.ss_sold_date_sk = tpcds_partitioned_parquet_snap.date_dim_2.d_date_sk
|  fk/pk conjuncts: tpcds_partitioned_parquet_snap.store_sales_0.ss_sold_date_sk = tpcds_partitioned_parquet_snap.date_dim_2.d_date_sk
|  mem-estimate=0B mem-reservation=0B spill-buffer=64.00KB thread-reservation=0
|  tuple-ids=21,23 row-size=32B cardinality=1.61G cost=705182309
|  in pipelines: 18(GETNEXT), 19(OPEN)
|
|--F48:PLAN FRAGMENT [RANDOM] hosts=10 instances=10
|  |  Per-Instance Resources: mem-estimate=24.27MB mem-reservation=24.25MB thread-reservation=1 runtime-filters-memory=1.00MB
|  |  max-parallelism=10 segment-costs=[863]
|  JOIN BUILD
|  |  join-table-id=16 plan-id=17 cohort-id=01
|  |  build expressions: tpcds_partitioned_parquet_snap.date_dim_2.d_date_sk
|  |  runtime filters: RF012[bloom] <- tpcds_partitioned_parquet_snap.date_dim_2.d_date_sk
|  |  mem-estimate=23.25MB mem-reservation=23.25MB spill-buffer=64.00KB thread-reservation=0 cost=373
|  |
|  42:EXCHANGE [BROADCAST]
|  |  mem-estimate=16.00KB mem-reservation=0B thread-reservation=0
|  |  tuple-ids=23 row-size=8B cardinality=373 cost=490
|  |  in pipelines: 19(GETNEXT)
|  |
|  F01:PLAN FRAGMENT [RANDOM] hosts=1 instances=1
|  Per-Instance Resources: mem-estimate=16.05MB mem-reservation=512.00KB thread-reservation=1
|  max-parallelism=1 segment-costs=[12536]
|  19:SCAN HDFS [tpcds_partitioned_parquet_snap.date_dim, RANDOM]
|     HDFS partitions=1/1 files=1 size=2.17MB
|     predicates: tpcds_partitioned_parquet_snap.date_dim_2.d_year = CAST(1999 AS INT), tpcds_partitioned_parquet_snap.date_dim_2.d_date_sk IS NOT NULL
|     stored statistics:
|       table: rows=73.05K size=2.17MB
|       columns: all
|     extrapolated-rows=disabled max-scan-range-rows=73.05K
|     parquet statistics predicates: tpcds_partitioned_parquet_snap.date_dim_2.d_year = CAST(1999 AS INT)
|     parquet dictionary predicates: tpcds_partitioned_parquet_snap.date_dim_2.d_year = CAST(1999 AS INT), tpcds_partitioned_parquet_snap.date_dim_2.d_date_sk IS NOT NULL
|     mem-estimate=16.00MB mem-reservation=512.00KB thread-reservation=0
|     tuple-ids=23 row-size=8B cardinality=373 cost=12520
|     in pipelines: 19(GETNEXT)
|
18:SCAN HDFS [tpcds_partitioned_parquet_snap.store_sales, RANDOM]
   partition predicates: tpcds_partitioned_parquet_snap.store_sales_0.ss_sold_date_sk IS NOT NULL
   HDFS partitions=1823/1824 files=1823 size=389.69GB
   predicates: tpcds_partitioned_parquet_snap.store_sales_0.ss_customer_sk IS NOT NULL
   runtime filters: RF011[min_max] -> tpcds_partitioned_parquet_snap.store_sales_0.ss_customer_sk, RF012[bloom] -> tpcds_partitioned_parquet_snap.store_sales_0.ss_sold_date_sk
   stored statistics:
     table: rows=8.64G size=389.90GB
     partitions: 1823/1823 rows=8.25G
     columns: all
   extrapolated-rows=disabled max-scan-range-rows=12.24M est-scan-range=373(filtered from 1823)
   parquet dictionary predicates: tpcds_partitioned_parquet_snap.store_sales_0.ss_customer_sk IS NOT NULL
   mem-estimate=16.00MB mem-reservation=512.00KB thread-reservation=0
   tuple-ids=21 row-size=24B cardinality=1.61G(filtered from 7.88G) cost=630443220
   in pipelines: 18(GETNEXT)
====
