# TPCDS-Q70
# start query 70 in stream 0 using template query70.tpl using seed 1752195186
select
    sum(ss_net_profit) as total_sum
   ,s_state
   ,s_county
   ,grouping(s_state)+grouping(s_county) as lochierarchy
   ,rank() over (
 	partition by grouping(s_state)+grouping(s_county),
 	case when grouping(s_county) = 0 then s_state end
 	order by sum(ss_net_profit) desc) as rank_within_parent
 from
    store_sales
   ,date_dim       d1
   ,store
 where
    d1.d_month_seq between 1197 and 1197+11
 and d1.d_date_sk = ss_sold_date_sk
 and s_store_sk  = ss_store_sk
 and s_state in
             ( select s_state
               from  (select s_state as s_state,
 			    rank() over ( partition by s_state order by sum(ss_net_profit) desc) as ranking
                      from   store_sales, store, date_dim
                      where  d_month_seq between 1197 and 1197+11
 			    and d_date_sk = ss_sold_date_sk
 			    and s_store_sk  = ss_store_sk
                      group by s_state
                     ) tmp1
               where ranking <= 5
             )
 group by rollup(s_state,s_county)
 order by
   lochierarchy desc
  ,case when grouping(s_state)+grouping(s_county) = 0 then s_state end
  ,rank_within_parent
 limit 100

# end query 70 in stream 0 using template query70.tpl
---- PLAN
Max Per-Host Resource Reservation: Memory=37.40MB Threads=1
Per-Host Resource Estimates: Memory=115MB
F00:PLAN FRAGMENT [UNPARTITIONED] hosts=1 instances=1
|  Per-Instance Resources: mem-estimate=114.81MB mem-reservation=37.40MB thread-reservation=1 runtime-filters-memory=5.00MB
|  max-parallelism=1 segment-costs=[11583582477, 79, 44672813328, 8242, 3284, 9372, 500]
PLAN-ROOT SINK
|  output exprs: aggif(valid_tid(19,20,21) IN (19, 20, 21), CASE valid_tid(19,20,21) WHEN 19 THEN sum(tpcds_partitioned_parquet_snap.store_sales.ss_net_profit) WHEN 20 THEN sum(tpcds_partitioned_parquet_snap.store_sales.ss_net_profit) WHEN 21 THEN sum(tpcds_partitioned_parquet_snap.store_sales.ss_net_profit) END), CASE valid_tid(19,20,21) WHEN 19 THEN tpcds_partitioned_parquet_snap.store.s_state WHEN 20 THEN tpcds_partitioned_parquet_snap.store.s_state WHEN 21 THEN NULL END, CASE valid_tid(19,20,21) WHEN 19 THEN tpcds_partitioned_parquet_snap.store.s_county WHEN 20 THEN NULL WHEN 21 THEN NULL END, add(CAST(aggif(valid_tid(19,20,21) IN (19, 20, 21), CASE valid_tid(19,20,21) WHEN 19 THEN 0 WHEN 20 THEN 0 WHEN 21 THEN 1 END) AS SMALLINT), CAST(aggif(valid_tid(19,20,21) IN (19, 20, 21), CASE valid_tid(19,20,21) WHEN 19 THEN 0 WHEN 20 THEN 1 WHEN 21 THEN 1 END) AS SMALLINT)), rank()
|  mem-estimate=4.00MB mem-reservation=4.00MB spill-buffer=2.00MB thread-reservation=0 cost=500
|
19:TOP-N [LIMIT=100]
|  order by: add(aggif(valid_tid(19,20,21) IN (19, 20, 21), CASE valid_tid(19,20,21) WHEN 19 THEN 0 WHEN 20 THEN 0 WHEN 21 THEN 1 END), aggif(valid_tid(19,20,21) IN (19, 20, 21), CASE valid_tid(19,20,21) WHEN 19 THEN 0 WHEN 20 THEN 1 WHEN 21 THEN 1 END)) DESC NULLS FIRST, CASE WHEN add(aggif(valid_tid(19,20,21) IN (19, 20, 21), CASE valid_tid(19,20,21) WHEN 19 THEN 0 WHEN 20 THEN 0 WHEN 21 THEN 1 END), aggif(valid_tid(19,20,21) IN (19, 20, 21), CASE valid_tid(19,20,21) WHEN 19 THEN 0 WHEN 20 THEN 1 WHEN 21 THEN 1 END)) = 0 THEN CASE valid_tid(19,20,21) WHEN 19 THEN tpcds_partitioned_parquet_snap.store.s_state WHEN 20 THEN tpcds_partitioned_parquet_snap.store.s_state WHEN 21 THEN NULL END ELSE NULL END ASC NULLS LAST, rank() ASC NULLS LAST
|  mem-estimate=4.88KB mem-reservation=0B thread-reservation=0
|  tuple-ids=29 row-size=50B cardinality=100 cost=8008
|  in pipelines: 19(GETNEXT), 17(OPEN)
|
18:ANALYTIC
|  functions: rank()
|  partition by: add(aggif(valid_tid(19,20,21) IN (19, 20, 21), CASE valid_tid(19,20,21) WHEN 19 THEN 0 WHEN 20 THEN 0 WHEN 21 THEN 1 END), aggif(valid_tid(19,20,21) IN (19, 20, 21), CASE valid_tid(19,20,21) WHEN 19 THEN 0 WHEN 20 THEN 1 WHEN 21 THEN 1 END)), CASE WHEN aggif(valid_tid(19,20,21) IN (19, 20, 21), CASE valid_tid(19,20,21) WHEN 19 THEN 0 WHEN 20 THEN 1 WHEN 21 THEN 1 END) = 0 THEN CASE valid_tid(19,20,21) WHEN 19 THEN tpcds_partitioned_parquet_snap.store.s_state WHEN 20 THEN tpcds_partitioned_parquet_snap.store.s_state WHEN 21 THEN NULL END ELSE NULL END
|  order by: aggif(valid_tid(19,20,21) IN (19, 20, 21), CASE valid_tid(19,20,21) WHEN 19 THEN sum(tpcds_partitioned_parquet_snap.store_sales.ss_net_profit) WHEN 20 THEN sum(tpcds_partitioned_parquet_snap.store_sales.ss_net_profit) WHEN 21 THEN sum(tpcds_partitioned_parquet_snap.store_sales.ss_net_profit) END) DESC
|  window: RANGE BETWEEN UNBOUNDED PRECEDING AND CURRENT ROW
|  mem-estimate=4.00MB mem-reservation=4.00MB spill-buffer=2.00MB thread-reservation=0
|  tuple-ids=27,26 row-size=54B cardinality=1.36K cost=1364
|  in pipelines: 17(GETNEXT)
|
17:SORT
|  order by: add(aggif(valid_tid(19,20,21) IN (19, 20, 21), CASE valid_tid(19,20,21) WHEN 19 THEN 0 WHEN 20 THEN 0 WHEN 21 THEN 1 END), aggif(valid_tid(19,20,21) IN (19, 20, 21), CASE valid_tid(19,20,21) WHEN 19 THEN 0 WHEN 20 THEN 1 WHEN 21 THEN 1 END)) ASC NULLS LAST, CASE WHEN aggif(valid_tid(19,20,21) IN (19, 20, 21), CASE valid_tid(19,20,21) WHEN 19 THEN 0 WHEN 20 THEN 1 WHEN 21 THEN 1 END) = 0 THEN CASE valid_tid(19,20,21) WHEN 19 THEN tpcds_partitioned_parquet_snap.store.s_state WHEN 20 THEN tpcds_partitioned_parquet_snap.store.s_state WHEN 21 THEN NULL END ELSE NULL END ASC NULLS LAST, aggif(valid_tid(19,20,21) IN (19, 20, 21), CASE valid_tid(19,20,21) WHEN 19 THEN sum(tpcds_partitioned_parquet_snap.store_sales.ss_net_profit) WHEN 20 THEN sum(tpcds_partitioned_parquet_snap.store_sales.ss_net_profit) WHEN 21 THEN sum(tpcds_partitioned_parquet_snap.store_sales.ss_net_profit) END) DESC NULLS FIRST
|  mem-estimate=12.00MB mem-reservation=12.00MB spill-buffer=2.00MB thread-reservation=0
|  tuple-ids=27 row-size=46B cardinality=1.36K cost=3284
|  in pipelines: 17(GETNEXT), 16(OPEN)
|
16:AGGREGATE [FINALIZE]
|  output: aggif(valid_tid(19,20,21) IN (CAST(19 AS INT), CAST(20 AS INT), CAST(21 AS INT)), CASE valid_tid(19,20,21) WHEN CAST(19 AS INT) THEN sum(tpcds_partitioned_parquet_snap.store_sales.ss_net_profit) WHEN CAST(20 AS INT) THEN sum(tpcds_partitioned_parquet_snap.store_sales.ss_net_profit) WHEN CAST(21 AS INT) THEN sum(tpcds_partitioned_parquet_snap.store_sales.ss_net_profit) END), aggif(valid_tid(19,20,21) IN (CAST(19 AS INT), CAST(20 AS INT), CAST(21 AS INT)), CASE valid_tid(19,20,21) WHEN CAST(19 AS INT) THEN CAST(0 AS TINYINT) WHEN CAST(20 AS INT) THEN CAST(0 AS TINYINT) WHEN CAST(21 AS INT) THEN CAST(1 AS TINYINT) END), aggif(valid_tid(19,20,21) IN (CAST(19 AS INT), CAST(20 AS INT), CAST(21 AS INT)), CASE valid_tid(19,20,21) WHEN CAST(19 AS INT) THEN CAST(0 AS TINYINT) WHEN CAST(20 AS INT) THEN CAST(1 AS TINYINT) WHEN CAST(21 AS INT) THEN CAST(1 AS TINYINT) END)
|  group by: CASE valid_tid(19,20,21) WHEN CAST(19 AS INT) THEN tpcds_partitioned_parquet_snap.store.s_state WHEN CAST(20 AS INT) THEN tpcds_partitioned_parquet_snap.store.s_state WHEN CAST(21 AS INT) THEN NULL END, CASE valid_tid(19,20,21) WHEN CAST(19 AS INT) THEN tpcds_partitioned_parquet_snap.store.s_county WHEN CAST(20 AS INT) THEN NULL WHEN CAST(21 AS INT) THEN NULL END, CASE valid_tid(19,20,21) WHEN CAST(19 AS INT) THEN CAST(19 AS INT) WHEN CAST(20 AS INT) THEN CAST(20 AS INT) WHEN CAST(21 AS INT) THEN CAST(21 AS INT) END
|  mem-estimate=10.00MB mem-reservation=1.94MB spill-buffer=64.00KB thread-reservation=0
|  tuple-ids=22 row-size=46B cardinality=1.36K cost=8242
|  in pipelines: 16(GETNEXT), 15(OPEN)
|
15:AGGREGATE [FINALIZE]
|  Class 0
|    output: sum(tpcds_partitioned_parquet_snap.store_sales.ss_net_profit)
|    group by: tpcds_partitioned_parquet_snap.store.s_state, tpcds_partitioned_parquet_snap.store.s_county
|  Class 1
|    output: sum(tpcds_partitioned_parquet_snap.store_sales.ss_net_profit)
|    group by: tpcds_partitioned_parquet_snap.store.s_state, NULL
|  Class 2
|    output: sum(tpcds_partitioned_parquet_snap.store_sales.ss_net_profit)
|    group by: NULL, NULL
|  mem-estimate=30.00MB mem-reservation=5.81MB thread-reservation=0
|  tuple-ids=19N,20N,21N row-size=138B cardinality=1.36K cost=35616411022
|  in pipelines: 15(GETNEXT), 00(OPEN)
|
14:HASH JOIN [INNER JOIN]
|  hash predicates: tpcds_partitioned_parquet_snap.store_sales.ss_store_sk = tpcds_partitioned_parquet_snap.store.s_store_sk
|  fk/pk conjuncts: tpcds_partitioned_parquet_snap.store_sales.ss_store_sk = tpcds_partitioned_parquet_snap.store.s_store_sk
|  runtime filters: RF000[bloom] <- tpcds_partitioned_parquet_snap.store.s_store_sk, RF001[min_max] <- tpcds_partitioned_parquet_snap.store.s_store_sk
|  mem-estimate=1.94MB mem-reservation=1.94MB spill-buffer=64.00KB thread-reservation=0
|  tuple-ids=0,2,4,17,16 row-size=102B cardinality=8.64G cost=3781700983
|  in pipelines: 00(GETNEXT), 03(OPEN)
|
|--13:HASH JOIN [INNER JOIN]
|  |  hash predicates: tpcds_partitioned_parquet_snap.store.s_state = tpcds_partitioned_parquet_snap.store_0.s_state
|  |  fk/pk conjuncts: none
|  |  runtime filters: RF004[bloom] <- tpcds_partitioned_parquet_snap.store_0.s_state, RF005[min_max] <- tpcds_partitioned_parquet_snap.store_0.s_state
|  |  mem-estimate=1.94MB mem-reservation=1.94MB spill-buffer=64.00KB thread-reservation=0
|  |  tuple-ids=4,17,16 row-size=82B cardinality=1.35K cost=619
|  |  in pipelines: 03(GETNEXT), 10(OPEN)
|  |
|  |--12:SELECT
|  |  |  predicates: rank() <= CAST(5 AS BIGINT)
|  |  |  mem-estimate=0B mem-reservation=0B thread-reservation=0
|  |  |  tuple-ids=17,16 row-size=38B cardinality=29 cost=29
|  |  |  in pipelines: 10(GETNEXT)
|  |  |
|  |  11:ANALYTIC
|  |  |  functions: rank()
|  |  |  partition by: tpcds_partitioned_parquet_snap.store_0.s_state
|  |  |  order by: sum(tpcds_partitioned_parquet_snap.store_sales_0.ss_net_profit) DESC
|  |  |  window: RANGE BETWEEN UNBOUNDED PRECEDING AND CURRENT ROW
|  |  |  mem-estimate=4.00MB mem-reservation=4.00MB spill-buffer=2.00MB thread-reservation=0
|  |  |  tuple-ids=17,16 row-size=38B cardinality=29 cost=29
|  |  |  in pipelines: 10(GETNEXT)
|  |  |
|  |  10:TOP-N
|  |  |  partition by: tpcds_partitioned_parquet_snap.store_0.s_state
|  |  |  order by: sum(tpcds_partitioned_parquet_snap.store_sales_0.ss_net_profit) DESC NULLS FIRST
|  |  |  partition limit: 5 (include ties)
|  |  |  source expr: rank() <= CAST(5 AS BIGINT)
|  |  |  mem-estimate=12.00MB mem-reservation=12.00MB spill-buffer=2.00MB thread-reservation=0
|  |  |  tuple-ids=17 row-size=30B cardinality=29 cost=79
|  |  |  in pipelines: 10(GETNEXT), 09(OPEN)
|  |  |
|  |  09:AGGREGATE [FINALIZE]
|  |  |  output: sum(tpcds_partitioned_parquet_snap.store_sales_0.ss_net_profit)
|  |  |  group by: tpcds_partitioned_parquet_snap.store_0.s_state
|  |  |  mem-estimate=10.00MB mem-reservation=1.94MB spill-buffer=64.00KB thread-reservation=0
|  |  |  tuple-ids=12 row-size=30B cardinality=29 cost=2527181119
|  |  |  in pipelines: 09(GETNEXT), 04(OPEN)
|  |  |
|  |  08:HASH JOIN [INNER JOIN]
|  |  |  hash predicates: tpcds_partitioned_parquet_snap.store_sales_0.ss_store_sk = tpcds_partitioned_parquet_snap.store_0.s_store_sk
|  |  |  fk/pk conjuncts: tpcds_partitioned_parquet_snap.store_sales_0.ss_store_sk = tpcds_partitioned_parquet_snap.store_0.s_store_sk
|  |  |  runtime filters: RF006[bloom] <- tpcds_partitioned_parquet_snap.store_0.s_store_sk, RF007[min_max] <- tpcds_partitioned_parquet_snap.store_0.s_store_sk
|  |  |  mem-estimate=1.94MB mem-reservation=1.94MB spill-buffer=64.00KB thread-reservation=0
|  |  |  tuple-ids=6,8,10 row-size=38B cardinality=8.64G cost=3781700983
|  |  |  in pipelines: 04(GETNEXT), 07(OPEN)
|  |  |
|  |  |--07:SCAN HDFS [tpcds_partitioned_parquet_snap.store]
|  |  |     HDFS partitions=1/1 files=1 size=119.76KB
|  |  |     stored statistics:
|  |  |       table: rows=1.35K size=119.76KB
|  |  |       columns: all
|  |  |     extrapolated-rows=disabled max-scan-range-rows=1.35K
|  |  |     mem-estimate=16.00MB mem-reservation=16.00KB thread-reservation=0
|  |  |     tuple-ids=10 row-size=18B cardinality=1.35K cost=116
|  |  |     in pipelines: 07(GETNEXT)
|  |  |
|  |  06:HASH JOIN [INNER JOIN]
|  |  |  hash predicates: tpcds_partitioned_parquet_snap.store_sales_0.ss_sold_date_sk = tpcds_partitioned_parquet_snap.date_dim_0.d_date_sk
|  |  |  fk/pk conjuncts: tpcds_partitioned_parquet_snap.store_sales_0.ss_sold_date_sk = tpcds_partitioned_parquet_snap.date_dim_0.d_date_sk
|  |  |  runtime filters: RF008[bloom] <- tpcds_partitioned_parquet_snap.date_dim_0.d_date_sk
|  |  |  mem-estimate=1.94MB mem-reservation=1.94MB spill-buffer=64.00KB thread-reservation=0
|  |  |  tuple-ids=6,8 row-size=20B cardinality=8.64G cost=3781706938
|  |  |  in pipelines: 04(GETNEXT), 05(OPEN)
|  |  |
|  |  |--05:SCAN HDFS [tpcds_partitioned_parquet_snap.date_dim]
|  |  |     HDFS partitions=1/1 files=1 size=2.17MB
|  |  |     predicates: tpcds_partitioned_parquet_snap.date_dim_0.d_month_seq <= add(CAST(1197 AS INT), CAST(11 AS INT)), tpcds_partitioned_parquet_snap.date_dim_0.d_month_seq >= CAST(1197 AS INT)
|  |  |     stored statistics:
|  |  |       table: rows=73.05K size=2.17MB
|  |  |       columns: all
|  |  |     extrapolated-rows=disabled max-scan-range-rows=73.05K
|  |  |     parquet statistics predicates: tpcds_partitioned_parquet_snap.date_dim_0.d_month_seq <= add(CAST(1197 AS INT), CAST(11 AS INT)), tpcds_partitioned_parquet_snap.date_dim_0.d_month_seq >= CAST(1197 AS INT)
|  |  |     parquet dictionary predicates: tpcds_partitioned_parquet_snap.date_dim_0.d_month_seq <= add(CAST(1197 AS INT), CAST(11 AS INT)), tpcds_partitioned_parquet_snap.date_dim_0.d_month_seq >= CAST(1197 AS INT)
|  |  |     mem-estimate=16.00MB mem-reservation=512.00KB thread-reservation=0
|  |  |     tuple-ids=8 row-size=8B cardinality=7.30K cost=12520
|  |  |     in pipelines: 05(GETNEXT)
|  |  |
|  |  04:SCAN HDFS [tpcds_partitioned_parquet_snap.store_sales]
|  |     HDFS partitions=1824/1824 files=1824 size=389.90GB
|  |     runtime filters: RF007[min_max] -> tpcds_partitioned_parquet_snap.store_sales_0.ss_store_sk, RF006[bloom] -> tpcds_partitioned_parquet_snap.store_sales_0.ss_store_sk, RF008[bloom] -> tpcds_partitioned_parquet_snap.store_sales_0.ss_sold_date_sk
|  |     stored statistics:
|  |       table: rows=8.64G size=389.90GB
|  |       partitions: 1824/1824 rows=8.64G
|  |       columns: all
|  |     extrapolated-rows=disabled max-scan-range-rows=390.22M
|  |     mem-estimate=16.00MB mem-reservation=8.00MB thread-reservation=0
|  |     tuple-ids=6 row-size=12B cardinality=8.64G cost=1492980801
|  |     in pipelines: 04(GETNEXT)
|  |
|  03:SCAN HDFS [tpcds_partitioned_parquet_snap.store]
|     HDFS partitions=1/1 files=1 size=119.76KB
|     runtime filters: RF005[min_max] -> tpcds_partitioned_parquet_snap.store.s_state, RF004[bloom] -> tpcds_partitioned_parquet_snap.store.s_state
|     stored statistics:
|       table: rows=1.35K size=119.76KB
|       columns: all
|     extrapolated-rows=disabled max-scan-range-rows=1.35K
|     mem-estimate=16.00MB mem-reservation=24.00KB thread-reservation=0
|     tuple-ids=4 row-size=44B cardinality=1.35K cost=387
|     in pipelines: 03(GETNEXT)
|
02:HASH JOIN [INNER JOIN]
|  hash predicates: tpcds_partitioned_parquet_snap.store_sales.ss_sold_date_sk = tpcds_partitioned_parquet_snap.date_dim.d_date_sk
|  fk/pk conjuncts: tpcds_partitioned_parquet_snap.store_sales.ss_sold_date_sk = tpcds_partitioned_parquet_snap.date_dim.d_date_sk
|  runtime filters: RF002[bloom] <- tpcds_partitioned_parquet_snap.date_dim.d_date_sk
|  mem-estimate=1.94MB mem-reservation=1.94MB spill-buffer=64.00KB thread-reservation=0
|  tuple-ids=0,2 row-size=20B cardinality=8.64G cost=3781706938
|  in pipelines: 00(GETNEXT), 01(OPEN)
|
|--01:SCAN HDFS [tpcds_partitioned_parquet_snap.date_dim]
|     HDFS partitions=1/1 files=1 size=2.17MB
|     predicates: tpcds_partitioned_parquet_snap.date_dim.d_month_seq <= add(CAST(1197 AS INT), CAST(11 AS INT)), tpcds_partitioned_parquet_snap.date_dim.d_month_seq >= CAST(1197 AS INT)
|     stored statistics:
|       table: rows=73.05K size=2.17MB
|       columns: all
|     extrapolated-rows=disabled max-scan-range-rows=73.05K
|     parquet statistics predicates: tpcds_partitioned_parquet_snap.date_dim.d_month_seq <= add(CAST(1197 AS INT), CAST(11 AS INT)), tpcds_partitioned_parquet_snap.date_dim.d_month_seq >= CAST(1197 AS INT)
|     parquet dictionary predicates: tpcds_partitioned_parquet_snap.date_dim.d_month_seq <= add(CAST(1197 AS INT), CAST(11 AS INT)), tpcds_partitioned_parquet_snap.date_dim.d_month_seq >= CAST(1197 AS INT)
|     mem-estimate=16.00MB mem-reservation=512.00KB thread-reservation=0
|     tuple-ids=2 row-size=8B cardinality=7.30K cost=12520
|     in pipelines: 01(GETNEXT)
|
00:SCAN HDFS [tpcds_partitioned_parquet_snap.store_sales]
   HDFS partitions=1824/1824 files=1824 size=389.90GB
   runtime filters: RF001[min_max] -> tpcds_partitioned_parquet_snap.store_sales.ss_store_sk, RF000[bloom] -> tpcds_partitioned_parquet_snap.store_sales.ss_store_sk, RF002[bloom] -> tpcds_partitioned_parquet_snap.store_sales.ss_sold_date_sk
   stored statistics:
     table: rows=8.64G size=389.90GB
     partitions: 1824/1824 rows=8.64G
     columns: all
   extrapolated-rows=disabled max-scan-range-rows=390.22M
   mem-estimate=16.00MB mem-reservation=8.00MB thread-reservation=0
   tuple-ids=0 row-size=12B cardinality=8.64G cost=1492980801
   in pipelines: 00(GETNEXT)
---- DISTRIBUTEDPLAN
Max Per-Host Resource Reservation: Memory=437.66MB Threads=38
Per-Host Resource Estimates: Memory=1.19GB
F10:PLAN FRAGMENT [UNPARTITIONED] hosts=1 instances=1
|  Per-Instance Resources: mem-estimate=4.05MB mem-reservation=4.00MB thread-reservation=1
|  max-parallelism=1 segment-costs=[535] cpu-comparison-result=142 [max(1 (self) vs 142 (sum children))]
PLAN-ROOT SINK
|  output exprs: aggif(valid_tid(19,20,21) IN (19, 20, 21), CASE valid_tid(19,20,21) WHEN 19 THEN sum(tpcds_partitioned_parquet_snap.store_sales.ss_net_profit) WHEN 20 THEN sum(tpcds_partitioned_parquet_snap.store_sales.ss_net_profit) WHEN 21 THEN sum(tpcds_partitioned_parquet_snap.store_sales.ss_net_profit) END), CASE valid_tid(19,20,21) WHEN 19 THEN tpcds_partitioned_parquet_snap.store.s_state WHEN 20 THEN tpcds_partitioned_parquet_snap.store.s_state WHEN 21 THEN NULL END, CASE valid_tid(19,20,21) WHEN 19 THEN tpcds_partitioned_parquet_snap.store.s_county WHEN 20 THEN NULL WHEN 21 THEN NULL END, add(CAST(aggif(valid_tid(19,20,21) IN (19, 20, 21), CASE valid_tid(19,20,21) WHEN 19 THEN 0 WHEN 20 THEN 0 WHEN 21 THEN 1 END) AS SMALLINT), CAST(aggif(valid_tid(19,20,21) IN (19, 20, 21), CASE valid_tid(19,20,21) WHEN 19 THEN 0 WHEN 20 THEN 1 WHEN 21 THEN 1 END) AS SMALLINT)), rank()
|  mem-estimate=4.00MB mem-reservation=4.00MB spill-buffer=2.00MB thread-reservation=0 cost=500
|
31:MERGING-EXCHANGE [UNPARTITIONED]
|  order by: add(aggif(valid_tid(19,20,21) IN (19, 20, 21), CASE valid_tid(19,20,21) WHEN 19 THEN 0 WHEN 20 THEN 0 WHEN 21 THEN 1 END), aggif(valid_tid(19,20,21) IN (19, 20, 21), CASE valid_tid(19,20,21) WHEN 19 THEN 0 WHEN 20 THEN 1 WHEN 21 THEN 1 END)) DESC NULLS FIRST, CASE WHEN add(aggif(valid_tid(19,20,21) IN (19, 20, 21), CASE valid_tid(19,20,21) WHEN 19 THEN 0 WHEN 20 THEN 0 WHEN 21 THEN 1 END), aggif(valid_tid(19,20,21) IN (19, 20, 21), CASE valid_tid(19,20,21) WHEN 19 THEN 0 WHEN 20 THEN 1 WHEN 21 THEN 1 END)) = 0 THEN CASE valid_tid(19,20,21) WHEN 19 THEN tpcds_partitioned_parquet_snap.store.s_state WHEN 20 THEN tpcds_partitioned_parquet_snap.store.s_state WHEN 21 THEN NULL END ELSE NULL END ASC NULLS LAST, rank() ASC NULLS LAST
|  limit: 100
|  mem-estimate=53.22KB mem-reservation=0B thread-reservation=0
|  tuple-ids=29 row-size=50B cardinality=100 cost=35
|  in pipelines: 19(GETNEXT)
|
F09:PLAN FRAGMENT [HASH(add(aggif(valid_tid(19,20,21) IN (19, 20, 21), CASE valid_tid(19,20,21) WHEN 19 THEN 0 WHEN 20 THEN 0 WHEN 21 THEN 1 END), aggif(valid_tid(19,20,21) IN (19, 20, 21), CASE valid_tid(19,20,21) WHEN 19 THEN 0 WHEN 20 THEN 1 WHEN 21 THEN 1 END)),CASE WHEN aggif(valid_tid(19,20,21) IN (19, 20, 21), CASE valid_tid(19,20,21) WHEN 19 THEN 0 WHEN 20 THEN 1 WHEN 21 THEN 1 END) = 0 THEN CASE valid_tid(19,20,21) WHEN 19 THEN tpcds_partitioned_parquet_snap.store.s_state WHEN 20 THEN tpcds_partitioned_parquet_snap.store.s_state WHEN 21 THEN NULL END ELSE NULL END)] hosts=10 instances=10 (adjusted from 120)
Per-Instance Resources: mem-estimate=16.49MB mem-reservation=16.00MB thread-reservation=1
max-parallelism=10 segment-costs=[3724, 9372, 162] cpu-comparison-result=142 [max(10 (self) vs 142 (sum children))]
19:TOP-N [LIMIT=100]
|  order by: add(aggif(valid_tid(19,20,21) IN (19, 20, 21), CASE valid_tid(19,20,21) WHEN 19 THEN 0 WHEN 20 THEN 0 WHEN 21 THEN 1 END), aggif(valid_tid(19,20,21) IN (19, 20, 21), CASE valid_tid(19,20,21) WHEN 19 THEN 0 WHEN 20 THEN 1 WHEN 21 THEN 1 END)) DESC NULLS FIRST, CASE WHEN add(aggif(valid_tid(19,20,21) IN (19, 20, 21), CASE valid_tid(19,20,21) WHEN 19 THEN 0 WHEN 20 THEN 0 WHEN 21 THEN 1 END), aggif(valid_tid(19,20,21) IN (19, 20, 21), CASE valid_tid(19,20,21) WHEN 19 THEN 0 WHEN 20 THEN 1 WHEN 21 THEN 1 END)) = 0 THEN CASE valid_tid(19,20,21) WHEN 19 THEN tpcds_partitioned_parquet_snap.store.s_state WHEN 20 THEN tpcds_partitioned_parquet_snap.store.s_state WHEN 21 THEN NULL END ELSE NULL END ASC NULLS LAST, rank() ASC NULLS LAST
|  mem-estimate=4.88KB mem-reservation=0B thread-reservation=0
|  tuple-ids=29 row-size=50B cardinality=100 cost=8008
|  in pipelines: 19(GETNEXT), 17(OPEN)
|
18:ANALYTIC
|  functions: rank()
|  partition by: add(aggif(valid_tid(19,20,21) IN (19, 20, 21), CASE valid_tid(19,20,21) WHEN 19 THEN 0 WHEN 20 THEN 0 WHEN 21 THEN 1 END), aggif(valid_tid(19,20,21) IN (19, 20, 21), CASE valid_tid(19,20,21) WHEN 19 THEN 0 WHEN 20 THEN 1 WHEN 21 THEN 1 END)), CASE WHEN aggif(valid_tid(19,20,21) IN (19, 20, 21), CASE valid_tid(19,20,21) WHEN 19 THEN 0 WHEN 20 THEN 1 WHEN 21 THEN 1 END) = 0 THEN CASE valid_tid(19,20,21) WHEN 19 THEN tpcds_partitioned_parquet_snap.store.s_state WHEN 20 THEN tpcds_partitioned_parquet_snap.store.s_state WHEN 21 THEN NULL END ELSE NULL END
|  order by: aggif(valid_tid(19,20,21) IN (19, 20, 21), CASE valid_tid(19,20,21) WHEN 19 THEN sum(tpcds_partitioned_parquet_snap.store_sales.ss_net_profit) WHEN 20 THEN sum(tpcds_partitioned_parquet_snap.store_sales.ss_net_profit) WHEN 21 THEN sum(tpcds_partitioned_parquet_snap.store_sales.ss_net_profit) END) DESC
|  window: RANGE BETWEEN UNBOUNDED PRECEDING AND CURRENT ROW
|  mem-estimate=4.00MB mem-reservation=4.00MB spill-buffer=2.00MB thread-reservation=0
|  tuple-ids=27,26 row-size=54B cardinality=1.36K cost=1364
|  in pipelines: 17(GETNEXT)
|
17:SORT
|  order by: add(aggif(valid_tid(19,20,21) IN (19, 20, 21), CASE valid_tid(19,20,21) WHEN 19 THEN 0 WHEN 20 THEN 0 WHEN 21 THEN 1 END), aggif(valid_tid(19,20,21) IN (19, 20, 21), CASE valid_tid(19,20,21) WHEN 19 THEN 0 WHEN 20 THEN 1 WHEN 21 THEN 1 END)) ASC NULLS LAST, CASE WHEN aggif(valid_tid(19,20,21) IN (19, 20, 21), CASE valid_tid(19,20,21) WHEN 19 THEN 0 WHEN 20 THEN 1 WHEN 21 THEN 1 END) = 0 THEN CASE valid_tid(19,20,21) WHEN 19 THEN tpcds_partitioned_parquet_snap.store.s_state WHEN 20 THEN tpcds_partitioned_parquet_snap.store.s_state WHEN 21 THEN NULL END ELSE NULL END ASC NULLS LAST, aggif(valid_tid(19,20,21) IN (19, 20, 21), CASE valid_tid(19,20,21) WHEN 19 THEN sum(tpcds_partitioned_parquet_snap.store_sales.ss_net_profit) WHEN 20 THEN sum(tpcds_partitioned_parquet_snap.store_sales.ss_net_profit) WHEN 21 THEN sum(tpcds_partitioned_parquet_snap.store_sales.ss_net_profit) END) DESC NULLS FIRST
|  mem-estimate=12.00MB mem-reservation=12.00MB spill-buffer=2.00MB thread-reservation=0
|  tuple-ids=27 row-size=46B cardinality=1.36K cost=3284
|  in pipelines: 17(GETNEXT), 16(OPEN)
|
30:EXCHANGE [HASH(add(aggif(valid_tid(19,20,21) IN (19, 20, 21), CASE valid_tid(19,20,21) WHEN 19 THEN 0 WHEN 20 THEN 0 WHEN 21 THEN 1 END), aggif(valid_tid(19,20,21) IN (19, 20, 21), CASE valid_tid(19,20,21) WHEN 19 THEN 0 WHEN 20 THEN 1 WHEN 21 THEN 1 END)),CASE WHEN aggif(valid_tid(19,20,21) IN (19, 20, 21), CASE valid_tid(19,20,21) WHEN 19 THEN 0 WHEN 20 THEN 1 WHEN 21 THEN 1 END) = 0 THEN CASE valid_tid(19,20,21) WHEN 19 THEN tpcds_partitioned_parquet_snap.store.s_state WHEN 20 THEN tpcds_partitioned_parquet_snap.store.s_state WHEN 21 THEN NULL END ELSE NULL END)]
|  mem-estimate=506.13KB mem-reservation=0B thread-reservation=0
|  tuple-ids=22 row-size=46B cardinality=1.36K cost=440
|  in pipelines: 16(GETNEXT)
|
F08:PLAN FRAGMENT [HASH(CASE valid_tid(19,20,21) WHEN 19 THEN murmur_hash(tpcds_partitioned_parquet_snap.store.s_state) WHEN 20 THEN murmur_hash(tpcds_partitioned_parquet_snap.store.s_state) WHEN 21 THEN murmur_hash(NULL) END,CASE valid_tid(19,20,21) WHEN 19 THEN murmur_hash(tpcds_partitioned_parquet_snap.store.s_county) WHEN 20 THEN murmur_hash(NULL) WHEN 21 THEN murmur_hash(NULL) END)] hosts=10 instances=10 (adjusted from 120)
Per-Instance Resources: mem-estimate=49.73MB mem-reservation=7.75MB thread-reservation=1
max-parallelism=10 segment-costs=[365183, 8242, 4743] cpu-comparison-result=142 [max(10 (self) vs 142 (sum children))]
16:AGGREGATE [FINALIZE]
|  output: aggif(valid_tid(19,20,21) IN (CAST(19 AS INT), CAST(20 AS INT), CAST(21 AS INT)), CASE valid_tid(19,20,21) WHEN CAST(19 AS INT) THEN sum(tpcds_partitioned_parquet_snap.store_sales.ss_net_profit) WHEN CAST(20 AS INT) THEN sum(tpcds_partitioned_parquet_snap.store_sales.ss_net_profit) WHEN CAST(21 AS INT) THEN sum(tpcds_partitioned_parquet_snap.store_sales.ss_net_profit) END), aggif(valid_tid(19,20,21) IN (CAST(19 AS INT), CAST(20 AS INT), CAST(21 AS INT)), CASE valid_tid(19,20,21) WHEN CAST(19 AS INT) THEN CAST(0 AS TINYINT) WHEN CAST(20 AS INT) THEN CAST(0 AS TINYINT) WHEN CAST(21 AS INT) THEN CAST(1 AS TINYINT) END), aggif(valid_tid(19,20,21) IN (CAST(19 AS INT), CAST(20 AS INT), CAST(21 AS INT)), CASE valid_tid(19,20,21) WHEN CAST(19 AS INT) THEN CAST(0 AS TINYINT) WHEN CAST(20 AS INT) THEN CAST(1 AS TINYINT) WHEN CAST(21 AS INT) THEN CAST(1 AS TINYINT) END)
|  group by: CASE valid_tid(19,20,21) WHEN CAST(19 AS INT) THEN tpcds_partitioned_parquet_snap.store.s_state WHEN CAST(20 AS INT) THEN tpcds_partitioned_parquet_snap.store.s_state WHEN CAST(21 AS INT) THEN NULL END, CASE valid_tid(19,20,21) WHEN CAST(19 AS INT) THEN tpcds_partitioned_parquet_snap.store.s_county WHEN CAST(20 AS INT) THEN NULL WHEN CAST(21 AS INT) THEN NULL END, CASE valid_tid(19,20,21) WHEN CAST(19 AS INT) THEN CAST(19 AS INT) WHEN CAST(20 AS INT) THEN CAST(20 AS INT) WHEN CAST(21 AS INT) THEN CAST(21 AS INT) END
|  mem-estimate=10.00MB mem-reservation=1.94MB spill-buffer=64.00KB thread-reservation=0
|  tuple-ids=22 row-size=46B cardinality=1.36K cost=8242
|  in pipelines: 16(GETNEXT), 29(OPEN)
|
29:AGGREGATE [FINALIZE]
|  Class 0
|    output: sum:merge(tpcds_partitioned_parquet_snap.store_sales.ss_net_profit)
|    group by: tpcds_partitioned_parquet_snap.store.s_state, tpcds_partitioned_parquet_snap.store.s_county
|  Class 1
|    output: sum:merge(tpcds_partitioned_parquet_snap.store_sales.ss_net_profit)
|    group by: tpcds_partitioned_parquet_snap.store.s_state, NULL
|  Class 2
|    output: sum:merge(tpcds_partitioned_parquet_snap.store_sales.ss_net_profit)
|    group by: NULL, NULL
|  mem-estimate=30.00MB mem-reservation=5.81MB thread-reservation=0
|  tuple-ids=19N,20N,21N row-size=138B cardinality=1.36K cost=231088
|  in pipelines: 29(GETNEXT), 00(OPEN)
|
28:EXCHANGE [HASH(CASE valid_tid(19,20,21) WHEN 19 THEN murmur_hash(tpcds_partitioned_parquet_snap.store.s_state) WHEN 20 THEN murmur_hash(tpcds_partitioned_parquet_snap.store.s_state) WHEN 21 THEN murmur_hash(NULL) END,CASE valid_tid(19,20,21) WHEN 19 THEN murmur_hash(tpcds_partitioned_parquet_snap.store.s_county) WHEN 20 THEN murmur_hash(NULL) WHEN 21 THEN murmur_hash(NULL) END)]
|  mem-estimate=19.73MB mem-reservation=0B thread-reservation=0
|  tuple-ids=19N,20N,21N row-size=138B cardinality=163.68K cost=134095
|  in pipelines: 00(GETNEXT)
|
F00:PLAN FRAGMENT [RANDOM] hosts=10 instances=120
Per-Host Shared Resources: mem-estimate=2.00MB mem-reservation=2.00MB thread-reservation=0 runtime-filters-memory=2.00MB
Per-Instance Resources: mem-estimate=51.86MB mem-reservation=14.00MB thread-reservation=1
max-parallelism=1824 segment-costs=[44673526136, 1707075] cpu-comparison-result=142 [max(120 (self) vs 142 (sum children))]
15:AGGREGATE [STREAMING]
|  Class 0
|    output: sum(tpcds_partitioned_parquet_snap.store_sales.ss_net_profit)
|    group by: tpcds_partitioned_parquet_snap.store.s_state, tpcds_partitioned_parquet_snap.store.s_county
|  Class 1
|    output: sum(tpcds_partitioned_parquet_snap.store_sales.ss_net_profit)
|    group by: tpcds_partitioned_parquet_snap.store.s_state, NULL
|  Class 2
|    output: sum(tpcds_partitioned_parquet_snap.store_sales.ss_net_profit)
|    group by: NULL, NULL
|  mem-estimate=30.00MB mem-reservation=6.00MB thread-reservation=0
|  tuple-ids=19N,20N,21N row-size=138B cardinality=163.68K cost=35617146069
|  in pipelines: 00(GETNEXT)
|
14:HASH JOIN [INNER JOIN, BROADCAST]
|  hash-table-id=00
|  hash predicates: tpcds_partitioned_parquet_snap.store_sales.ss_store_sk = tpcds_partitioned_parquet_snap.store.s_store_sk
|  fk/pk conjuncts: tpcds_partitioned_parquet_snap.store_sales.ss_store_sk = tpcds_partitioned_parquet_snap.store.s_store_sk
|  mem-estimate=0B mem-reservation=0B spill-buffer=64.00KB thread-reservation=0
|  tuple-ids=0,2,17,16,4 row-size=102B cardinality=8.64G cost=3781699633
|  in pipelines: 00(GETNEXT), 10(OPEN)
|
|--F11:PLAN FRAGMENT [RANDOM] hosts=10 instances=10
|  |  Per-Instance Resources: mem-estimate=25.27MB mem-reservation=24.25MB thread-reservation=1 runtime-filters-memory=1.00MB
|  |  max-parallelism=10 segment-costs=[3140] cpu-comparison-result=131 [max(20 (self) vs 131 (sum children))]
|  JOIN BUILD
|  |  join-table-id=00 plan-id=01 cohort-id=01
|  |  build expressions: tpcds_partitioned_parquet_snap.store.s_store_sk
|  |  runtime filters: RF000[bloom] <- tpcds_partitioned_parquet_snap.store.s_store_sk, RF001[min_max] <- tpcds_partitioned_parquet_snap.store.s_store_sk
|  |  mem-estimate=23.25MB mem-reservation=23.25MB spill-buffer=64.00KB thread-reservation=0 cost=1350
|  |
|  27:EXCHANGE [BROADCAST]
|  |  mem-estimate=1.02MB mem-reservation=0B thread-reservation=0
|  |  tuple-ids=17,16,4 row-size=82B cardinality=1.35K cost=1790
|  |  in pipelines: 10(GETNEXT)
|  |
|  F07:PLAN FRAGMENT [HASH(tpcds_partitioned_parquet_snap.store_0.s_state)] hosts=10 instances=10 (adjusted from 120)
|  Per-Instance Resources: mem-estimate=391.79KB mem-reservation=0B thread-reservation=1
|  max-parallelism=10 segment-costs=[647]
|  13:HASH JOIN [INNER JOIN, PARTITIONED]
|  |  hash-table-id=01
|  |  hash predicates: tpcds_partitioned_parquet_snap.store_0.s_state = tpcds_partitioned_parquet_snap.store.s_state
|  |  fk/pk conjuncts: none
|  |  mem-estimate=0B mem-reservation=0B spill-buffer=64.00KB thread-reservation=0
|  |  tuple-ids=17,16,4 row-size=82B cardinality=1.35K cost=252
|  |  in pipelines: 10(GETNEXT), 03(OPEN)
|  |
|  |--F12:PLAN FRAGMENT [HASH(tpcds_partitioned_parquet_snap.store_0.s_state)] hosts=10 instances=10 (adjusted from 120)
|  |  |  Per-Instance Resources: mem-estimate=2.04MB mem-reservation=1.94MB thread-reservation=1
|  |  |  max-parallelism=10 segment-costs=[1772]
|  |  JOIN BUILD
|  |  |  join-table-id=01 plan-id=02 cohort-id=02
|  |  |  build expressions: tpcds_partitioned_parquet_snap.store.s_state
|  |  |  mem-estimate=1.94MB mem-reservation=1.94MB spill-buffer=64.00KB thread-reservation=0 cost=1350
|  |  |
|  |  26:EXCHANGE [HASH(tpcds_partitioned_parquet_snap.store.s_state)]
|  |  |  mem-estimate=105.88KB mem-reservation=0B thread-reservation=0
|  |  |  tuple-ids=4 row-size=44B cardinality=1.35K cost=422
|  |  |  in pipelines: 03(GETNEXT)
|  |  |
|  |  F06:PLAN FRAGMENT [RANDOM] hosts=1 instances=1
|  |  Per-Instance Resources: mem-estimate=17.87MB mem-reservation=24.00KB thread-reservation=1
|  |  max-parallelism=1 segment-costs=[4903]
|  |  03:SCAN HDFS [tpcds_partitioned_parquet_snap.store, RANDOM]
|  |     HDFS partitions=1/1 files=1 size=119.76KB
|  |     stored statistics:
|  |       table: rows=1.35K size=119.76KB
|  |       columns: all
|  |     extrapolated-rows=disabled max-scan-range-rows=1.35K
|  |     mem-estimate=16.00MB mem-reservation=24.00KB thread-reservation=0
|  |     tuple-ids=4 row-size=44B cardinality=1.35K cost=387
|  |     in pipelines: 03(GETNEXT)
|  |
|  25:EXCHANGE [HASH(tpcds_partitioned_parquet_snap.store_0.s_state)]
|  |  mem-estimate=16.00KB mem-reservation=0B thread-reservation=0
|  |  tuple-ids=17,16 row-size=38B cardinality=29 cost=9
|  |  in pipelines: 10(GETNEXT)
|  |
|  F05:PLAN FRAGMENT [HASH(tpcds_partitioned_parquet_snap.store_0.s_state)] hosts=10 instances=10 (adjusted from 120)
|  Per-Instance Resources: mem-estimate=26.00MB mem-reservation=17.94MB thread-reservation=1
|  max-parallelism=10 segment-costs=[1959, 79, 158] cpu-comparison-result=120 [max(10 (self) vs 120 (sum children))]
|  12:SELECT
|  |  predicates: rank() <= CAST(5 AS BIGINT)
|  |  mem-estimate=0B mem-reservation=0B thread-reservation=0
|  |  tuple-ids=17,16 row-size=38B cardinality=29 cost=29
|  |  in pipelines: 10(GETNEXT)
|  |
|  11:ANALYTIC
|  |  functions: rank()
|  |  partition by: tpcds_partitioned_parquet_snap.store_0.s_state
|  |  order by: sum(tpcds_partitioned_parquet_snap.store_sales_0.ss_net_profit) DESC
|  |  window: RANGE BETWEEN UNBOUNDED PRECEDING AND CURRENT ROW
|  |  mem-estimate=4.00MB mem-reservation=4.00MB spill-buffer=2.00MB thread-reservation=0
|  |  tuple-ids=17,16 row-size=38B cardinality=29 cost=29
|  |  in pipelines: 10(GETNEXT)
|  |
|  10:TOP-N
|  |  partition by: tpcds_partitioned_parquet_snap.store_0.s_state
|  |  order by: sum(tpcds_partitioned_parquet_snap.store_sales_0.ss_net_profit) DESC NULLS FIRST
|  |  partition limit: 5 (include ties)
|  |  source expr: rank() <= CAST(5 AS BIGINT)
|  |  mem-estimate=12.00MB mem-reservation=12.00MB spill-buffer=2.00MB thread-reservation=0
|  |  tuple-ids=17 row-size=30B cardinality=29 cost=79
|  |  in pipelines: 10(GETNEXT), 24(OPEN)
|  |
|  24:AGGREGATE [FINALIZE]
|  |  output: sum:merge(tpcds_partitioned_parquet_snap.store_sales_0.ss_net_profit)
|  |  group by: tpcds_partitioned_parquet_snap.store_0.s_state
|  |  mem-estimate=10.00MB mem-reservation=1.94MB spill-buffer=64.00KB thread-reservation=0
|  |  tuple-ids=12 row-size=30B cardinality=29 cost=1093
|  |  in pipelines: 24(GETNEXT), 04(OPEN)
|  |
|  23:EXCHANGE [HASH(tpcds_partitioned_parquet_snap.store_0.s_state)]
|  |  mem-estimate=3.99MB mem-reservation=0B thread-reservation=0
|  |  tuple-ids=12 row-size=30B cardinality=3.48K cost=866
|  |  in pipelines: 04(GETNEXT)
|  |
|  F02:PLAN FRAGMENT [RANDOM] hosts=10 instances=120
|  Per-Host Shared Resources: mem-estimate=2.00MB mem-reservation=2.00MB thread-reservation=0 runtime-filters-memory=2.00MB
|  Per-Instance Resources: mem-estimate=27.33MB mem-reservation=10.00MB thread-reservation=1
|  max-parallelism=1160 segment-costs=[11583570184, 8516] cpu-comparison-result=120 [max(120 (self) vs 22 (sum children))]
|  09:AGGREGATE [STREAMING]
|  |  output: sum(tpcds_partitioned_parquet_snap.store_sales_0.ss_net_profit)
|  |  group by: tpcds_partitioned_parquet_snap.store_0.s_state
|  |  mem-estimate=10.00MB mem-reservation=2.00MB spill-buffer=64.00KB thread-reservation=0
|  |  tuple-ids=12 row-size=30B cardinality=3.48K cost=2527190117
|  |  in pipelines: 04(GETNEXT)
|  |
|  08:HASH JOIN [INNER JOIN, BROADCAST]
|  |  hash-table-id=02
|  |  hash predicates: tpcds_partitioned_parquet_snap.store_sales_0.ss_store_sk = tpcds_partitioned_parquet_snap.store_0.s_store_sk
|  |  fk/pk conjuncts: tpcds_partitioned_parquet_snap.store_sales_0.ss_store_sk = tpcds_partitioned_parquet_snap.store_0.s_store_sk
|  |  mem-estimate=0B mem-reservation=0B spill-buffer=64.00KB thread-reservation=0
|  |  tuple-ids=6,8,10 row-size=38B cardinality=8.64G cost=3781699633
|  |  in pipelines: 04(GETNEXT), 07(OPEN)
|  |
|  |--F13:PLAN FRAGMENT [RANDOM] hosts=10 instances=10
|  |  |  Per-Instance Resources: mem-estimate=24.29MB mem-reservation=24.25MB thread-reservation=1 runtime-filters-memory=1.00MB
|  |  |  max-parallelism=10 segment-costs=[3140]
|  |  JOIN BUILD
|  |  |  join-table-id=02 plan-id=03 cohort-id=02
|  |  |  build expressions: tpcds_partitioned_parquet_snap.store_0.s_store_sk
|  |  |  runtime filters: RF006[bloom] <- tpcds_partitioned_parquet_snap.store_0.s_store_sk, RF007[min_max] <- tpcds_partitioned_parquet_snap.store_0.s_store_sk
|  |  |  mem-estimate=23.25MB mem-reservation=23.25MB spill-buffer=64.00KB thread-reservation=0 cost=1350
|  |  |
|  |  22:EXCHANGE [BROADCAST]
|  |  |  mem-estimate=45.73KB mem-reservation=0B thread-reservation=0
|  |  |  tuple-ids=10 row-size=18B cardinality=1.35K cost=1790
|  |  |  in pipelines: 07(GETNEXT)
|  |  |
|  |  F04:PLAN FRAGMENT [RANDOM] hosts=1 instances=1
|  |  Per-Instance Resources: mem-estimate=16.09MB mem-reservation=16.00KB thread-reservation=1
|  |  max-parallelism=1 segment-costs=[210]
|  |  07:SCAN HDFS [tpcds_partitioned_parquet_snap.store, RANDOM]
|  |     HDFS partitions=1/1 files=1 size=119.76KB
|  |     stored statistics:
|  |       table: rows=1.35K size=119.76KB
|  |       columns: all
|  |     extrapolated-rows=disabled max-scan-range-rows=1.35K
|  |     mem-estimate=16.00MB mem-reservation=16.00KB thread-reservation=0
|  |     tuple-ids=10 row-size=18B cardinality=1.35K cost=116
|  |     in pipelines: 07(GETNEXT)
|  |
|  06:HASH JOIN [INNER JOIN, BROADCAST]
|  |  hash-table-id=03
|  |  hash predicates: tpcds_partitioned_parquet_snap.store_sales_0.ss_sold_date_sk = tpcds_partitioned_parquet_snap.date_dim_0.d_date_sk
|  |  fk/pk conjuncts: tpcds_partitioned_parquet_snap.store_sales_0.ss_sold_date_sk = tpcds_partitioned_parquet_snap.date_dim_0.d_date_sk
|  |  mem-estimate=0B mem-reservation=0B spill-buffer=64.00KB thread-reservation=0
|  |  tuple-ids=6,8 row-size=20B cardinality=8.64G cost=3781699633
|  |  in pipelines: 04(GETNEXT), 05(OPEN)
|  |
|  |--F14:PLAN FRAGMENT [RANDOM] hosts=10 instances=10
|  |  |  Per-Instance Resources: mem-estimate=24.32MB mem-reservation=24.25MB thread-reservation=1 runtime-filters-memory=1.00MB
|  |  |  max-parallelism=10 segment-costs=[17005]
|  |  JOIN BUILD
|  |  |  join-table-id=03 plan-id=04 cohort-id=02
|  |  |  build expressions: tpcds_partitioned_parquet_snap.date_dim_0.d_date_sk
|  |  |  runtime filters: RF008[bloom] <- tpcds_partitioned_parquet_snap.date_dim_0.d_date_sk
|  |  |  mem-estimate=23.25MB mem-reservation=23.25MB spill-buffer=64.00KB thread-reservation=0 cost=7305
|  |  |
|  |  21:EXCHANGE [BROADCAST]
|  |  |  mem-estimate=69.07KB mem-reservation=0B thread-reservation=0
|  |  |  tuple-ids=8 row-size=8B cardinality=7.30K cost=9700
|  |  |  in pipelines: 05(GETNEXT)
|  |  |
|  |  F03:PLAN FRAGMENT [RANDOM] hosts=1 instances=1
|  |  Per-Instance Resources: mem-estimate=16.05MB mem-reservation=512.00KB thread-reservation=1
|  |  max-parallelism=1 segment-costs=[12835]
|  |  05:SCAN HDFS [tpcds_partitioned_parquet_snap.date_dim, RANDOM]
|  |     HDFS partitions=1/1 files=1 size=2.17MB
|  |     predicates: tpcds_partitioned_parquet_snap.date_dim_0.d_month_seq <= add(CAST(1197 AS INT), CAST(11 AS INT)), tpcds_partitioned_parquet_snap.date_dim_0.d_month_seq >= CAST(1197 AS INT)
|  |     stored statistics:
|  |       table: rows=73.05K size=2.17MB
|  |       columns: all
|  |     extrapolated-rows=disabled max-scan-range-rows=73.05K
|  |     parquet statistics predicates: tpcds_partitioned_parquet_snap.date_dim_0.d_month_seq <= add(CAST(1197 AS INT), CAST(11 AS INT)), tpcds_partitioned_parquet_snap.date_dim_0.d_month_seq >= CAST(1197 AS INT)
|  |     parquet dictionary predicates: tpcds_partitioned_parquet_snap.date_dim_0.d_month_seq <= add(CAST(1197 AS INT), CAST(11 AS INT)), tpcds_partitioned_parquet_snap.date_dim_0.d_month_seq >= CAST(1197 AS INT)
|  |     mem-estimate=16.00MB mem-reservation=512.00KB thread-reservation=0
|  |     tuple-ids=8 row-size=8B cardinality=7.30K cost=12520
|  |     in pipelines: 05(GETNEXT)
|  |
|  04:SCAN HDFS [tpcds_partitioned_parquet_snap.store_sales, RANDOM]
|     HDFS partitions=1824/1824 files=1824 size=389.90GB
|     runtime filters: RF007[min_max] -> tpcds_partitioned_parquet_snap.store_sales_0.ss_store_sk, RF006[bloom] -> tpcds_partitioned_parquet_snap.store_sales_0.ss_store_sk, RF008[bloom] -> tpcds_partitioned_parquet_snap.store_sales_0.ss_sold_date_sk
|     stored statistics:
|       table: rows=8.64G size=389.90GB
|       partitions: 1824/1824 rows=8.64G
|       columns: all
|     extrapolated-rows=disabled max-scan-range-rows=390.22M
|     mem-estimate=16.00MB mem-reservation=8.00MB thread-reservation=0
|     tuple-ids=6 row-size=12B cardinality=8.64G cost=1492980801
|     in pipelines: 04(GETNEXT)
|
02:HASH JOIN [INNER JOIN, BROADCAST]
|  hash-table-id=04
|  hash predicates: tpcds_partitioned_parquet_snap.store_sales.ss_sold_date_sk = tpcds_partitioned_parquet_snap.date_dim.d_date_sk
|  fk/pk conjuncts: tpcds_partitioned_parquet_snap.store_sales.ss_sold_date_sk = tpcds_partitioned_parquet_snap.date_dim.d_date_sk
|  mem-estimate=0B mem-reservation=0B spill-buffer=64.00KB thread-reservation=0
|  tuple-ids=0,2 row-size=20B cardinality=8.64G cost=3781699633
|  in pipelines: 00(GETNEXT), 01(OPEN)
|
|--F15:PLAN FRAGMENT [RANDOM] hosts=10 instances=10
|  |  Per-Instance Resources: mem-estimate=24.32MB mem-reservation=24.25MB thread-reservation=1 runtime-filters-memory=1.00MB
|  |  max-parallelism=10 segment-costs=[17005]
|  JOIN BUILD
|  |  join-table-id=04 plan-id=05 cohort-id=01
|  |  build expressions: tpcds_partitioned_parquet_snap.date_dim.d_date_sk
|  |  runtime filters: RF002[bloom] <- tpcds_partitioned_parquet_snap.date_dim.d_date_sk
|  |  mem-estimate=23.25MB mem-reservation=23.25MB spill-buffer=64.00KB thread-reservation=0 cost=7305
|  |
|  20:EXCHANGE [BROADCAST]
|  |  mem-estimate=69.07KB mem-reservation=0B thread-reservation=0
|  |  tuple-ids=2 row-size=8B cardinality=7.30K cost=9700
|  |  in pipelines: 01(GETNEXT)
|  |
|  F01:PLAN FRAGMENT [RANDOM] hosts=1 instances=1
|  Per-Instance Resources: mem-estimate=16.05MB mem-reservation=512.00KB thread-reservation=1
|  max-parallelism=1 segment-costs=[12835]
|  01:SCAN HDFS [tpcds_partitioned_parquet_snap.date_dim, RANDOM]
|     HDFS partitions=1/1 files=1 size=2.17MB
|     predicates: tpcds_partitioned_parquet_snap.date_dim.d_month_seq <= add(CAST(1197 AS INT), CAST(11 AS INT)), tpcds_partitioned_parquet_snap.date_dim.d_month_seq >= CAST(1197 AS INT)
|     stored statistics:
|       table: rows=73.05K size=2.17MB
|       columns: all
|     extrapolated-rows=disabled max-scan-range-rows=73.05K
|     parquet statistics predicates: tpcds_partitioned_parquet_snap.date_dim.d_month_seq <= add(CAST(1197 AS INT), CAST(11 AS INT)), tpcds_partitioned_parquet_snap.date_dim.d_month_seq >= CAST(1197 AS INT)
|     parquet dictionary predicates: tpcds_partitioned_parquet_snap.date_dim.d_month_seq <= add(CAST(1197 AS INT), CAST(11 AS INT)), tpcds_partitioned_parquet_snap.date_dim.d_month_seq >= CAST(1197 AS INT)
|     mem-estimate=16.00MB mem-reservation=512.00KB thread-reservation=0
|     tuple-ids=2 row-size=8B cardinality=7.30K cost=12520
|     in pipelines: 01(GETNEXT)
|
00:SCAN HDFS [tpcds_partitioned_parquet_snap.store_sales, RANDOM]
   HDFS partitions=1824/1824 files=1824 size=389.90GB
   runtime filters: RF001[min_max] -> tpcds_partitioned_parquet_snap.store_sales.ss_store_sk, RF000[bloom] -> tpcds_partitioned_parquet_snap.store_sales.ss_store_sk, RF002[bloom] -> tpcds_partitioned_parquet_snap.store_sales.ss_sold_date_sk
   stored statistics:
     table: rows=8.64G size=389.90GB
     partitions: 1824/1824 rows=8.64G
     columns: all
   extrapolated-rows=disabled max-scan-range-rows=390.22M
   mem-estimate=16.00MB mem-reservation=8.00MB thread-reservation=0
   tuple-ids=0 row-size=12B cardinality=8.64G cost=1492980801
   in pipelines: 00(GETNEXT)
---- PARALLELPLANS
Max Per-Host Resource Reservation: Memory=437.66MB Threads=38
Per-Host Resource Estimates: Memory=1.19GB
F10:PLAN FRAGMENT [UNPARTITIONED] hosts=1 instances=1
|  Per-Instance Resources: mem-estimate=4.05MB mem-reservation=4.00MB thread-reservation=1
|  max-parallelism=1 segment-costs=[535] cpu-comparison-result=142 [max(1 (self) vs 142 (sum children))]
PLAN-ROOT SINK
|  output exprs: aggif(valid_tid(19,20,21) IN (19, 20, 21), CASE valid_tid(19,20,21) WHEN 19 THEN sum(tpcds_partitioned_parquet_snap.store_sales.ss_net_profit) WHEN 20 THEN sum(tpcds_partitioned_parquet_snap.store_sales.ss_net_profit) WHEN 21 THEN sum(tpcds_partitioned_parquet_snap.store_sales.ss_net_profit) END), CASE valid_tid(19,20,21) WHEN 19 THEN tpcds_partitioned_parquet_snap.store.s_state WHEN 20 THEN tpcds_partitioned_parquet_snap.store.s_state WHEN 21 THEN NULL END, CASE valid_tid(19,20,21) WHEN 19 THEN tpcds_partitioned_parquet_snap.store.s_county WHEN 20 THEN NULL WHEN 21 THEN NULL END, add(CAST(aggif(valid_tid(19,20,21) IN (19, 20, 21), CASE valid_tid(19,20,21) WHEN 19 THEN 0 WHEN 20 THEN 0 WHEN 21 THEN 1 END) AS SMALLINT), CAST(aggif(valid_tid(19,20,21) IN (19, 20, 21), CASE valid_tid(19,20,21) WHEN 19 THEN 0 WHEN 20 THEN 1 WHEN 21 THEN 1 END) AS SMALLINT)), rank()
|  mem-estimate=4.00MB mem-reservation=4.00MB spill-buffer=2.00MB thread-reservation=0 cost=500
|
31:MERGING-EXCHANGE [UNPARTITIONED]
|  order by: add(aggif(valid_tid(19,20,21) IN (19, 20, 21), CASE valid_tid(19,20,21) WHEN 19 THEN 0 WHEN 20 THEN 0 WHEN 21 THEN 1 END), aggif(valid_tid(19,20,21) IN (19, 20, 21), CASE valid_tid(19,20,21) WHEN 19 THEN 0 WHEN 20 THEN 1 WHEN 21 THEN 1 END)) DESC NULLS FIRST, CASE WHEN add(aggif(valid_tid(19,20,21) IN (19, 20, 21), CASE valid_tid(19,20,21) WHEN 19 THEN 0 WHEN 20 THEN 0 WHEN 21 THEN 1 END), aggif(valid_tid(19,20,21) IN (19, 20, 21), CASE valid_tid(19,20,21) WHEN 19 THEN 0 WHEN 20 THEN 1 WHEN 21 THEN 1 END)) = 0 THEN CASE valid_tid(19,20,21) WHEN 19 THEN tpcds_partitioned_parquet_snap.store.s_state WHEN 20 THEN tpcds_partitioned_parquet_snap.store.s_state WHEN 21 THEN NULL END ELSE NULL END ASC NULLS LAST, rank() ASC NULLS LAST
|  limit: 100
|  mem-estimate=53.22KB mem-reservation=0B thread-reservation=0
|  tuple-ids=29 row-size=50B cardinality=100 cost=35
|  in pipelines: 19(GETNEXT)
|
F09:PLAN FRAGMENT [HASH(add(aggif(valid_tid(19,20,21) IN (19, 20, 21), CASE valid_tid(19,20,21) WHEN 19 THEN 0 WHEN 20 THEN 0 WHEN 21 THEN 1 END), aggif(valid_tid(19,20,21) IN (19, 20, 21), CASE valid_tid(19,20,21) WHEN 19 THEN 0 WHEN 20 THEN 1 WHEN 21 THEN 1 END)),CASE WHEN aggif(valid_tid(19,20,21) IN (19, 20, 21), CASE valid_tid(19,20,21) WHEN 19 THEN 0 WHEN 20 THEN 1 WHEN 21 THEN 1 END) = 0 THEN CASE valid_tid(19,20,21) WHEN 19 THEN tpcds_partitioned_parquet_snap.store.s_state WHEN 20 THEN tpcds_partitioned_parquet_snap.store.s_state WHEN 21 THEN NULL END ELSE NULL END)] hosts=10 instances=10 (adjusted from 120)
Per-Instance Resources: mem-estimate=16.49MB mem-reservation=16.00MB thread-reservation=1
max-parallelism=10 segment-costs=[3724, 9372, 162] cpu-comparison-result=142 [max(10 (self) vs 142 (sum children))]
19:TOP-N [LIMIT=100]
|  order by: add(aggif(valid_tid(19,20,21) IN (19, 20, 21), CASE valid_tid(19,20,21) WHEN 19 THEN 0 WHEN 20 THEN 0 WHEN 21 THEN 1 END), aggif(valid_tid(19,20,21) IN (19, 20, 21), CASE valid_tid(19,20,21) WHEN 19 THEN 0 WHEN 20 THEN 1 WHEN 21 THEN 1 END)) DESC NULLS FIRST, CASE WHEN add(aggif(valid_tid(19,20,21) IN (19, 20, 21), CASE valid_tid(19,20,21) WHEN 19 THEN 0 WHEN 20 THEN 0 WHEN 21 THEN 1 END), aggif(valid_tid(19,20,21) IN (19, 20, 21), CASE valid_tid(19,20,21) WHEN 19 THEN 0 WHEN 20 THEN 1 WHEN 21 THEN 1 END)) = 0 THEN CASE valid_tid(19,20,21) WHEN 19 THEN tpcds_partitioned_parquet_snap.store.s_state WHEN 20 THEN tpcds_partitioned_parquet_snap.store.s_state WHEN 21 THEN NULL END ELSE NULL END ASC NULLS LAST, rank() ASC NULLS LAST
|  mem-estimate=4.88KB mem-reservation=0B thread-reservation=0
|  tuple-ids=29 row-size=50B cardinality=100 cost=8008
|  in pipelines: 19(GETNEXT), 17(OPEN)
|
18:ANALYTIC
|  functions: rank()
|  partition by: add(aggif(valid_tid(19,20,21) IN (19, 20, 21), CASE valid_tid(19,20,21) WHEN 19 THEN 0 WHEN 20 THEN 0 WHEN 21 THEN 1 END), aggif(valid_tid(19,20,21) IN (19, 20, 21), CASE valid_tid(19,20,21) WHEN 19 THEN 0 WHEN 20 THEN 1 WHEN 21 THEN 1 END)), CASE WHEN aggif(valid_tid(19,20,21) IN (19, 20, 21), CASE valid_tid(19,20,21) WHEN 19 THEN 0 WHEN 20 THEN 1 WHEN 21 THEN 1 END) = 0 THEN CASE valid_tid(19,20,21) WHEN 19 THEN tpcds_partitioned_parquet_snap.store.s_state WHEN 20 THEN tpcds_partitioned_parquet_snap.store.s_state WHEN 21 THEN NULL END ELSE NULL END
|  order by: aggif(valid_tid(19,20,21) IN (19, 20, 21), CASE valid_tid(19,20,21) WHEN 19 THEN sum(tpcds_partitioned_parquet_snap.store_sales.ss_net_profit) WHEN 20 THEN sum(tpcds_partitioned_parquet_snap.store_sales.ss_net_profit) WHEN 21 THEN sum(tpcds_partitioned_parquet_snap.store_sales.ss_net_profit) END) DESC
|  window: RANGE BETWEEN UNBOUNDED PRECEDING AND CURRENT ROW
|  mem-estimate=4.00MB mem-reservation=4.00MB spill-buffer=2.00MB thread-reservation=0
|  tuple-ids=27,26 row-size=54B cardinality=1.36K cost=1364
|  in pipelines: 17(GETNEXT)
|
17:SORT
|  order by: add(aggif(valid_tid(19,20,21) IN (19, 20, 21), CASE valid_tid(19,20,21) WHEN 19 THEN 0 WHEN 20 THEN 0 WHEN 21 THEN 1 END), aggif(valid_tid(19,20,21) IN (19, 20, 21), CASE valid_tid(19,20,21) WHEN 19 THEN 0 WHEN 20 THEN 1 WHEN 21 THEN 1 END)) ASC NULLS LAST, CASE WHEN aggif(valid_tid(19,20,21) IN (19, 20, 21), CASE valid_tid(19,20,21) WHEN 19 THEN 0 WHEN 20 THEN 1 WHEN 21 THEN 1 END) = 0 THEN CASE valid_tid(19,20,21) WHEN 19 THEN tpcds_partitioned_parquet_snap.store.s_state WHEN 20 THEN tpcds_partitioned_parquet_snap.store.s_state WHEN 21 THEN NULL END ELSE NULL END ASC NULLS LAST, aggif(valid_tid(19,20,21) IN (19, 20, 21), CASE valid_tid(19,20,21) WHEN 19 THEN sum(tpcds_partitioned_parquet_snap.store_sales.ss_net_profit) WHEN 20 THEN sum(tpcds_partitioned_parquet_snap.store_sales.ss_net_profit) WHEN 21 THEN sum(tpcds_partitioned_parquet_snap.store_sales.ss_net_profit) END) DESC NULLS FIRST
|  mem-estimate=12.00MB mem-reservation=12.00MB spill-buffer=2.00MB thread-reservation=0
|  tuple-ids=27 row-size=46B cardinality=1.36K cost=3284
|  in pipelines: 17(GETNEXT), 16(OPEN)
|
30:EXCHANGE [HASH(add(aggif(valid_tid(19,20,21) IN (19, 20, 21), CASE valid_tid(19,20,21) WHEN 19 THEN 0 WHEN 20 THEN 0 WHEN 21 THEN 1 END), aggif(valid_tid(19,20,21) IN (19, 20, 21), CASE valid_tid(19,20,21) WHEN 19 THEN 0 WHEN 20 THEN 1 WHEN 21 THEN 1 END)),CASE WHEN aggif(valid_tid(19,20,21) IN (19, 20, 21), CASE valid_tid(19,20,21) WHEN 19 THEN 0 WHEN 20 THEN 1 WHEN 21 THEN 1 END) = 0 THEN CASE valid_tid(19,20,21) WHEN 19 THEN tpcds_partitioned_parquet_snap.store.s_state WHEN 20 THEN tpcds_partitioned_parquet_snap.store.s_state WHEN 21 THEN NULL END ELSE NULL END)]
|  mem-estimate=506.13KB mem-reservation=0B thread-reservation=0
|  tuple-ids=22 row-size=46B cardinality=1.36K cost=440
|  in pipelines: 16(GETNEXT)
|
F08:PLAN FRAGMENT [HASH(CASE valid_tid(19,20,21) WHEN 19 THEN murmur_hash(tpcds_partitioned_parquet_snap.store.s_state) WHEN 20 THEN murmur_hash(tpcds_partitioned_parquet_snap.store.s_state) WHEN 21 THEN murmur_hash(NULL) END,CASE valid_tid(19,20,21) WHEN 19 THEN murmur_hash(tpcds_partitioned_parquet_snap.store.s_county) WHEN 20 THEN murmur_hash(NULL) WHEN 21 THEN murmur_hash(NULL) END)] hosts=10 instances=10 (adjusted from 120)
Per-Instance Resources: mem-estimate=49.73MB mem-reservation=7.75MB thread-reservation=1
max-parallelism=10 segment-costs=[365183, 8242, 4743] cpu-comparison-result=142 [max(10 (self) vs 142 (sum children))]
16:AGGREGATE [FINALIZE]
|  output: aggif(valid_tid(19,20,21) IN (CAST(19 AS INT), CAST(20 AS INT), CAST(21 AS INT)), CASE valid_tid(19,20,21) WHEN CAST(19 AS INT) THEN sum(tpcds_partitioned_parquet_snap.store_sales.ss_net_profit) WHEN CAST(20 AS INT) THEN sum(tpcds_partitioned_parquet_snap.store_sales.ss_net_profit) WHEN CAST(21 AS INT) THEN sum(tpcds_partitioned_parquet_snap.store_sales.ss_net_profit) END), aggif(valid_tid(19,20,21) IN (CAST(19 AS INT), CAST(20 AS INT), CAST(21 AS INT)), CASE valid_tid(19,20,21) WHEN CAST(19 AS INT) THEN CAST(0 AS TINYINT) WHEN CAST(20 AS INT) THEN CAST(0 AS TINYINT) WHEN CAST(21 AS INT) THEN CAST(1 AS TINYINT) END), aggif(valid_tid(19,20,21) IN (CAST(19 AS INT), CAST(20 AS INT), CAST(21 AS INT)), CASE valid_tid(19,20,21) WHEN CAST(19 AS INT) THEN CAST(0 AS TINYINT) WHEN CAST(20 AS INT) THEN CAST(1 AS TINYINT) WHEN CAST(21 AS INT) THEN CAST(1 AS TINYINT) END)
|  group by: CASE valid_tid(19,20,21) WHEN CAST(19 AS INT) THEN tpcds_partitioned_parquet_snap.store.s_state WHEN CAST(20 AS INT) THEN tpcds_partitioned_parquet_snap.store.s_state WHEN CAST(21 AS INT) THEN NULL END, CASE valid_tid(19,20,21) WHEN CAST(19 AS INT) THEN tpcds_partitioned_parquet_snap.store.s_county WHEN CAST(20 AS INT) THEN NULL WHEN CAST(21 AS INT) THEN NULL END, CASE valid_tid(19,20,21) WHEN CAST(19 AS INT) THEN CAST(19 AS INT) WHEN CAST(20 AS INT) THEN CAST(20 AS INT) WHEN CAST(21 AS INT) THEN CAST(21 AS INT) END
|  mem-estimate=10.00MB mem-reservation=1.94MB spill-buffer=64.00KB thread-reservation=0
|  tuple-ids=22 row-size=46B cardinality=1.36K cost=8242
|  in pipelines: 16(GETNEXT), 29(OPEN)
|
29:AGGREGATE [FINALIZE]
|  Class 0
|    output: sum:merge(tpcds_partitioned_parquet_snap.store_sales.ss_net_profit)
|    group by: tpcds_partitioned_parquet_snap.store.s_state, tpcds_partitioned_parquet_snap.store.s_county
|  Class 1
|    output: sum:merge(tpcds_partitioned_parquet_snap.store_sales.ss_net_profit)
|    group by: tpcds_partitioned_parquet_snap.store.s_state, NULL
|  Class 2
|    output: sum:merge(tpcds_partitioned_parquet_snap.store_sales.ss_net_profit)
|    group by: NULL, NULL
|  mem-estimate=30.00MB mem-reservation=5.81MB thread-reservation=0
|  tuple-ids=19N,20N,21N row-size=138B cardinality=1.36K cost=231088
|  in pipelines: 29(GETNEXT), 00(OPEN)
|
28:EXCHANGE [HASH(CASE valid_tid(19,20,21) WHEN 19 THEN murmur_hash(tpcds_partitioned_parquet_snap.store.s_state) WHEN 20 THEN murmur_hash(tpcds_partitioned_parquet_snap.store.s_state) WHEN 21 THEN murmur_hash(NULL) END,CASE valid_tid(19,20,21) WHEN 19 THEN murmur_hash(tpcds_partitioned_parquet_snap.store.s_county) WHEN 20 THEN murmur_hash(NULL) WHEN 21 THEN murmur_hash(NULL) END)]
|  mem-estimate=19.73MB mem-reservation=0B thread-reservation=0
|  tuple-ids=19N,20N,21N row-size=138B cardinality=163.68K cost=134095
|  in pipelines: 00(GETNEXT)
|
F00:PLAN FRAGMENT [RANDOM] hosts=10 instances=120
Per-Host Shared Resources: mem-estimate=2.00MB mem-reservation=2.00MB thread-reservation=0 runtime-filters-memory=2.00MB
Per-Instance Resources: mem-estimate=51.86MB mem-reservation=14.00MB thread-reservation=1
max-parallelism=1824 segment-costs=[44673526136, 1707075] cpu-comparison-result=142 [max(120 (self) vs 142 (sum children))]
15:AGGREGATE [STREAMING]
|  Class 0
|    output: sum(tpcds_partitioned_parquet_snap.store_sales.ss_net_profit)
|    group by: tpcds_partitioned_parquet_snap.store.s_state, tpcds_partitioned_parquet_snap.store.s_county
|  Class 1
|    output: sum(tpcds_partitioned_parquet_snap.store_sales.ss_net_profit)
|    group by: tpcds_partitioned_parquet_snap.store.s_state, NULL
|  Class 2
|    output: sum(tpcds_partitioned_parquet_snap.store_sales.ss_net_profit)
|    group by: NULL, NULL
|  mem-estimate=30.00MB mem-reservation=6.00MB thread-reservation=0
|  tuple-ids=19N,20N,21N row-size=138B cardinality=163.68K cost=35617146069
|  in pipelines: 00(GETNEXT)
|
14:HASH JOIN [INNER JOIN, BROADCAST]
|  hash-table-id=00
|  hash predicates: tpcds_partitioned_parquet_snap.store_sales.ss_store_sk = tpcds_partitioned_parquet_snap.store.s_store_sk
|  fk/pk conjuncts: tpcds_partitioned_parquet_snap.store_sales.ss_store_sk = tpcds_partitioned_parquet_snap.store.s_store_sk
|  mem-estimate=0B mem-reservation=0B spill-buffer=64.00KB thread-reservation=0
|  tuple-ids=0,2,17,16,4 row-size=102B cardinality=8.64G cost=3781699633
|  in pipelines: 00(GETNEXT), 10(OPEN)
|
|--F11:PLAN FRAGMENT [RANDOM] hosts=10 instances=10
|  |  Per-Instance Resources: mem-estimate=25.27MB mem-reservation=24.25MB thread-reservation=1 runtime-filters-memory=1.00MB
|  |  max-parallelism=10 segment-costs=[3140] cpu-comparison-result=131 [max(20 (self) vs 131 (sum children))]
|  JOIN BUILD
|  |  join-table-id=00 plan-id=01 cohort-id=01
|  |  build expressions: tpcds_partitioned_parquet_snap.store.s_store_sk
|  |  runtime filters: RF000[bloom] <- tpcds_partitioned_parquet_snap.store.s_store_sk, RF001[min_max] <- tpcds_partitioned_parquet_snap.store.s_store_sk
|  |  mem-estimate=23.25MB mem-reservation=23.25MB spill-buffer=64.00KB thread-reservation=0 cost=1350
|  |
|  27:EXCHANGE [BROADCAST]
|  |  mem-estimate=1.02MB mem-reservation=0B thread-reservation=0
|  |  tuple-ids=17,16,4 row-size=82B cardinality=1.35K cost=1790
|  |  in pipelines: 10(GETNEXT)
|  |
|  F07:PLAN FRAGMENT [HASH(tpcds_partitioned_parquet_snap.store_0.s_state)] hosts=10 instances=10 (adjusted from 120)
|  Per-Instance Resources: mem-estimate=391.79KB mem-reservation=0B thread-reservation=1
|  max-parallelism=10 segment-costs=[647]
|  13:HASH JOIN [INNER JOIN, PARTITIONED]
|  |  hash-table-id=01
|  |  hash predicates: tpcds_partitioned_parquet_snap.store_0.s_state = tpcds_partitioned_parquet_snap.store.s_state
|  |  fk/pk conjuncts: none
|  |  mem-estimate=0B mem-reservation=0B spill-buffer=64.00KB thread-reservation=0
|  |  tuple-ids=17,16,4 row-size=82B cardinality=1.35K cost=252
|  |  in pipelines: 10(GETNEXT), 03(OPEN)
|  |
|  |--F12:PLAN FRAGMENT [HASH(tpcds_partitioned_parquet_snap.store_0.s_state)] hosts=10 instances=10 (adjusted from 120)
|  |  |  Per-Instance Resources: mem-estimate=2.04MB mem-reservation=1.94MB thread-reservation=1
|  |  |  max-parallelism=10 segment-costs=[1772]
|  |  JOIN BUILD
|  |  |  join-table-id=01 plan-id=02 cohort-id=02
|  |  |  build expressions: tpcds_partitioned_parquet_snap.store.s_state
|  |  |  mem-estimate=1.94MB mem-reservation=1.94MB spill-buffer=64.00KB thread-reservation=0 cost=1350
|  |  |
|  |  26:EXCHANGE [HASH(tpcds_partitioned_parquet_snap.store.s_state)]
|  |  |  mem-estimate=105.88KB mem-reservation=0B thread-reservation=0
|  |  |  tuple-ids=4 row-size=44B cardinality=1.35K cost=422
|  |  |  in pipelines: 03(GETNEXT)
|  |  |
|  |  F06:PLAN FRAGMENT [RANDOM] hosts=1 instances=1
|  |  Per-Instance Resources: mem-estimate=17.87MB mem-reservation=24.00KB thread-reservation=1
|  |  max-parallelism=1 segment-costs=[4903]
|  |  03:SCAN HDFS [tpcds_partitioned_parquet_snap.store, RANDOM]
|  |     HDFS partitions=1/1 files=1 size=119.76KB
|  |     stored statistics:
|  |       table: rows=1.35K size=119.76KB
|  |       columns: all
|  |     extrapolated-rows=disabled max-scan-range-rows=1.35K
|  |     mem-estimate=16.00MB mem-reservation=24.00KB thread-reservation=0
|  |     tuple-ids=4 row-size=44B cardinality=1.35K cost=387
|  |     in pipelines: 03(GETNEXT)
|  |
|  25:EXCHANGE [HASH(tpcds_partitioned_parquet_snap.store_0.s_state)]
|  |  mem-estimate=16.00KB mem-reservation=0B thread-reservation=0
|  |  tuple-ids=17,16 row-size=38B cardinality=29 cost=9
|  |  in pipelines: 10(GETNEXT)
|  |
|  F05:PLAN FRAGMENT [HASH(tpcds_partitioned_parquet_snap.store_0.s_state)] hosts=10 instances=10 (adjusted from 120)
|  Per-Instance Resources: mem-estimate=26.00MB mem-reservation=17.94MB thread-reservation=1
|  max-parallelism=10 segment-costs=[1959, 79, 158] cpu-comparison-result=120 [max(10 (self) vs 120 (sum children))]
|  12:SELECT
|  |  predicates: rank() <= CAST(5 AS BIGINT)
|  |  mem-estimate=0B mem-reservation=0B thread-reservation=0
|  |  tuple-ids=17,16 row-size=38B cardinality=29 cost=29
|  |  in pipelines: 10(GETNEXT)
|  |
|  11:ANALYTIC
|  |  functions: rank()
|  |  partition by: tpcds_partitioned_parquet_snap.store_0.s_state
|  |  order by: sum(tpcds_partitioned_parquet_snap.store_sales_0.ss_net_profit) DESC
|  |  window: RANGE BETWEEN UNBOUNDED PRECEDING AND CURRENT ROW
|  |  mem-estimate=4.00MB mem-reservation=4.00MB spill-buffer=2.00MB thread-reservation=0
|  |  tuple-ids=17,16 row-size=38B cardinality=29 cost=29
|  |  in pipelines: 10(GETNEXT)
|  |
|  10:TOP-N
|  |  partition by: tpcds_partitioned_parquet_snap.store_0.s_state
|  |  order by: sum(tpcds_partitioned_parquet_snap.store_sales_0.ss_net_profit) DESC NULLS FIRST
|  |  partition limit: 5 (include ties)
|  |  source expr: rank() <= CAST(5 AS BIGINT)
|  |  mem-estimate=12.00MB mem-reservation=12.00MB spill-buffer=2.00MB thread-reservation=0
|  |  tuple-ids=17 row-size=30B cardinality=29 cost=79
|  |  in pipelines: 10(GETNEXT), 24(OPEN)
|  |
|  24:AGGREGATE [FINALIZE]
|  |  output: sum:merge(tpcds_partitioned_parquet_snap.store_sales_0.ss_net_profit)
|  |  group by: tpcds_partitioned_parquet_snap.store_0.s_state
|  |  mem-estimate=10.00MB mem-reservation=1.94MB spill-buffer=64.00KB thread-reservation=0
|  |  tuple-ids=12 row-size=30B cardinality=29 cost=1093
|  |  in pipelines: 24(GETNEXT), 04(OPEN)
|  |
|  23:EXCHANGE [HASH(tpcds_partitioned_parquet_snap.store_0.s_state)]
|  |  mem-estimate=3.99MB mem-reservation=0B thread-reservation=0
|  |  tuple-ids=12 row-size=30B cardinality=3.48K cost=866
|  |  in pipelines: 04(GETNEXT)
|  |
|  F02:PLAN FRAGMENT [RANDOM] hosts=10 instances=120
|  Per-Host Shared Resources: mem-estimate=2.00MB mem-reservation=2.00MB thread-reservation=0 runtime-filters-memory=2.00MB
|  Per-Instance Resources: mem-estimate=27.33MB mem-reservation=10.00MB thread-reservation=1
|  max-parallelism=1160 segment-costs=[11583570184, 8516] cpu-comparison-result=120 [max(120 (self) vs 22 (sum children))]
|  09:AGGREGATE [STREAMING]
|  |  output: sum(tpcds_partitioned_parquet_snap.store_sales_0.ss_net_profit)
|  |  group by: tpcds_partitioned_parquet_snap.store_0.s_state
|  |  mem-estimate=10.00MB mem-reservation=2.00MB spill-buffer=64.00KB thread-reservation=0
|  |  tuple-ids=12 row-size=30B cardinality=3.48K cost=2527190117
|  |  in pipelines: 04(GETNEXT)
|  |
|  08:HASH JOIN [INNER JOIN, BROADCAST]
|  |  hash-table-id=02
|  |  hash predicates: tpcds_partitioned_parquet_snap.store_sales_0.ss_store_sk = tpcds_partitioned_parquet_snap.store_0.s_store_sk
|  |  fk/pk conjuncts: tpcds_partitioned_parquet_snap.store_sales_0.ss_store_sk = tpcds_partitioned_parquet_snap.store_0.s_store_sk
|  |  mem-estimate=0B mem-reservation=0B spill-buffer=64.00KB thread-reservation=0
|  |  tuple-ids=6,8,10 row-size=38B cardinality=8.64G cost=3781699633
|  |  in pipelines: 04(GETNEXT), 07(OPEN)
|  |
|  |--F13:PLAN FRAGMENT [RANDOM] hosts=10 instances=10
|  |  |  Per-Instance Resources: mem-estimate=24.29MB mem-reservation=24.25MB thread-reservation=1 runtime-filters-memory=1.00MB
|  |  |  max-parallelism=10 segment-costs=[3140]
|  |  JOIN BUILD
|  |  |  join-table-id=02 plan-id=03 cohort-id=02
|  |  |  build expressions: tpcds_partitioned_parquet_snap.store_0.s_store_sk
|  |  |  runtime filters: RF006[bloom] <- tpcds_partitioned_parquet_snap.store_0.s_store_sk, RF007[min_max] <- tpcds_partitioned_parquet_snap.store_0.s_store_sk
|  |  |  mem-estimate=23.25MB mem-reservation=23.25MB spill-buffer=64.00KB thread-reservation=0 cost=1350
|  |  |
|  |  22:EXCHANGE [BROADCAST]
|  |  |  mem-estimate=45.73KB mem-reservation=0B thread-reservation=0
|  |  |  tuple-ids=10 row-size=18B cardinality=1.35K cost=1790
|  |  |  in pipelines: 07(GETNEXT)
|  |  |
|  |  F04:PLAN FRAGMENT [RANDOM] hosts=1 instances=1
|  |  Per-Instance Resources: mem-estimate=16.09MB mem-reservation=16.00KB thread-reservation=1
|  |  max-parallelism=1 segment-costs=[210]
|  |  07:SCAN HDFS [tpcds_partitioned_parquet_snap.store, RANDOM]
|  |     HDFS partitions=1/1 files=1 size=119.76KB
|  |     stored statistics:
|  |       table: rows=1.35K size=119.76KB
|  |       columns: all
|  |     extrapolated-rows=disabled max-scan-range-rows=1.35K
|  |     mem-estimate=16.00MB mem-reservation=16.00KB thread-reservation=0
|  |     tuple-ids=10 row-size=18B cardinality=1.35K cost=116
|  |     in pipelines: 07(GETNEXT)
|  |
|  06:HASH JOIN [INNER JOIN, BROADCAST]
|  |  hash-table-id=03
|  |  hash predicates: tpcds_partitioned_parquet_snap.store_sales_0.ss_sold_date_sk = tpcds_partitioned_parquet_snap.date_dim_0.d_date_sk
|  |  fk/pk conjuncts: tpcds_partitioned_parquet_snap.store_sales_0.ss_sold_date_sk = tpcds_partitioned_parquet_snap.date_dim_0.d_date_sk
|  |  mem-estimate=0B mem-reservation=0B spill-buffer=64.00KB thread-reservation=0
|  |  tuple-ids=6,8 row-size=20B cardinality=8.64G cost=3781699633
|  |  in pipelines: 04(GETNEXT), 05(OPEN)
|  |
|  |--F14:PLAN FRAGMENT [RANDOM] hosts=10 instances=10
|  |  |  Per-Instance Resources: mem-estimate=24.32MB mem-reservation=24.25MB thread-reservation=1 runtime-filters-memory=1.00MB
|  |  |  max-parallelism=10 segment-costs=[17005]
|  |  JOIN BUILD
|  |  |  join-table-id=03 plan-id=04 cohort-id=02
|  |  |  build expressions: tpcds_partitioned_parquet_snap.date_dim_0.d_date_sk
|  |  |  runtime filters: RF008[bloom] <- tpcds_partitioned_parquet_snap.date_dim_0.d_date_sk
|  |  |  mem-estimate=23.25MB mem-reservation=23.25MB spill-buffer=64.00KB thread-reservation=0 cost=7305
|  |  |
|  |  21:EXCHANGE [BROADCAST]
|  |  |  mem-estimate=69.07KB mem-reservation=0B thread-reservation=0
|  |  |  tuple-ids=8 row-size=8B cardinality=7.30K cost=9700
|  |  |  in pipelines: 05(GETNEXT)
|  |  |
|  |  F03:PLAN FRAGMENT [RANDOM] hosts=1 instances=1
|  |  Per-Instance Resources: mem-estimate=16.05MB mem-reservation=512.00KB thread-reservation=1
|  |  max-parallelism=1 segment-costs=[12835]
|  |  05:SCAN HDFS [tpcds_partitioned_parquet_snap.date_dim, RANDOM]
|  |     HDFS partitions=1/1 files=1 size=2.17MB
|  |     predicates: tpcds_partitioned_parquet_snap.date_dim_0.d_month_seq <= add(CAST(1197 AS INT), CAST(11 AS INT)), tpcds_partitioned_parquet_snap.date_dim_0.d_month_seq >= CAST(1197 AS INT)
|  |     stored statistics:
|  |       table: rows=73.05K size=2.17MB
|  |       columns: all
|  |     extrapolated-rows=disabled max-scan-range-rows=73.05K
|  |     parquet statistics predicates: tpcds_partitioned_parquet_snap.date_dim_0.d_month_seq <= add(CAST(1197 AS INT), CAST(11 AS INT)), tpcds_partitioned_parquet_snap.date_dim_0.d_month_seq >= CAST(1197 AS INT)
|  |     parquet dictionary predicates: tpcds_partitioned_parquet_snap.date_dim_0.d_month_seq <= add(CAST(1197 AS INT), CAST(11 AS INT)), tpcds_partitioned_parquet_snap.date_dim_0.d_month_seq >= CAST(1197 AS INT)
|  |     mem-estimate=16.00MB mem-reservation=512.00KB thread-reservation=0
|  |     tuple-ids=8 row-size=8B cardinality=7.30K cost=12520
|  |     in pipelines: 05(GETNEXT)
|  |
|  04:SCAN HDFS [tpcds_partitioned_parquet_snap.store_sales, RANDOM]
|     HDFS partitions=1824/1824 files=1824 size=389.90GB
|     runtime filters: RF007[min_max] -> tpcds_partitioned_parquet_snap.store_sales_0.ss_store_sk, RF006[bloom] -> tpcds_partitioned_parquet_snap.store_sales_0.ss_store_sk, RF008[bloom] -> tpcds_partitioned_parquet_snap.store_sales_0.ss_sold_date_sk
|     stored statistics:
|       table: rows=8.64G size=389.90GB
|       partitions: 1824/1824 rows=8.64G
|       columns: all
|     extrapolated-rows=disabled max-scan-range-rows=390.22M
|     mem-estimate=16.00MB mem-reservation=8.00MB thread-reservation=0
|     tuple-ids=6 row-size=12B cardinality=8.64G cost=1492980801
|     in pipelines: 04(GETNEXT)
|
02:HASH JOIN [INNER JOIN, BROADCAST]
|  hash-table-id=04
|  hash predicates: tpcds_partitioned_parquet_snap.store_sales.ss_sold_date_sk = tpcds_partitioned_parquet_snap.date_dim.d_date_sk
|  fk/pk conjuncts: tpcds_partitioned_parquet_snap.store_sales.ss_sold_date_sk = tpcds_partitioned_parquet_snap.date_dim.d_date_sk
|  mem-estimate=0B mem-reservation=0B spill-buffer=64.00KB thread-reservation=0
|  tuple-ids=0,2 row-size=20B cardinality=8.64G cost=3781699633
|  in pipelines: 00(GETNEXT), 01(OPEN)
|
|--F15:PLAN FRAGMENT [RANDOM] hosts=10 instances=10
|  |  Per-Instance Resources: mem-estimate=24.32MB mem-reservation=24.25MB thread-reservation=1 runtime-filters-memory=1.00MB
|  |  max-parallelism=10 segment-costs=[17005]
|  JOIN BUILD
|  |  join-table-id=04 plan-id=05 cohort-id=01
|  |  build expressions: tpcds_partitioned_parquet_snap.date_dim.d_date_sk
|  |  runtime filters: RF002[bloom] <- tpcds_partitioned_parquet_snap.date_dim.d_date_sk
|  |  mem-estimate=23.25MB mem-reservation=23.25MB spill-buffer=64.00KB thread-reservation=0 cost=7305
|  |
|  20:EXCHANGE [BROADCAST]
|  |  mem-estimate=69.07KB mem-reservation=0B thread-reservation=0
|  |  tuple-ids=2 row-size=8B cardinality=7.30K cost=9700
|  |  in pipelines: 01(GETNEXT)
|  |
|  F01:PLAN FRAGMENT [RANDOM] hosts=1 instances=1
|  Per-Instance Resources: mem-estimate=16.05MB mem-reservation=512.00KB thread-reservation=1
|  max-parallelism=1 segment-costs=[12835]
|  01:SCAN HDFS [tpcds_partitioned_parquet_snap.date_dim, RANDOM]
|     HDFS partitions=1/1 files=1 size=2.17MB
|     predicates: tpcds_partitioned_parquet_snap.date_dim.d_month_seq <= add(CAST(1197 AS INT), CAST(11 AS INT)), tpcds_partitioned_parquet_snap.date_dim.d_month_seq >= CAST(1197 AS INT)
|     stored statistics:
|       table: rows=73.05K size=2.17MB
|       columns: all
|     extrapolated-rows=disabled max-scan-range-rows=73.05K
|     parquet statistics predicates: tpcds_partitioned_parquet_snap.date_dim.d_month_seq <= add(CAST(1197 AS INT), CAST(11 AS INT)), tpcds_partitioned_parquet_snap.date_dim.d_month_seq >= CAST(1197 AS INT)
|     parquet dictionary predicates: tpcds_partitioned_parquet_snap.date_dim.d_month_seq <= add(CAST(1197 AS INT), CAST(11 AS INT)), tpcds_partitioned_parquet_snap.date_dim.d_month_seq >= CAST(1197 AS INT)
|     mem-estimate=16.00MB mem-reservation=512.00KB thread-reservation=0
|     tuple-ids=2 row-size=8B cardinality=7.30K cost=12520
|     in pipelines: 01(GETNEXT)
|
00:SCAN HDFS [tpcds_partitioned_parquet_snap.store_sales, RANDOM]
   HDFS partitions=1824/1824 files=1824 size=389.90GB
   runtime filters: RF001[min_max] -> tpcds_partitioned_parquet_snap.store_sales.ss_store_sk, RF000[bloom] -> tpcds_partitioned_parquet_snap.store_sales.ss_store_sk, RF002[bloom] -> tpcds_partitioned_parquet_snap.store_sales.ss_sold_date_sk
   stored statistics:
     table: rows=8.64G size=389.90GB
     partitions: 1824/1824 rows=8.64G
     columns: all
   extrapolated-rows=disabled max-scan-range-rows=390.22M
   mem-estimate=16.00MB mem-reservation=8.00MB thread-reservation=0
   tuple-ids=0 row-size=12B cardinality=8.64G cost=1492980801
   in pipelines: 00(GETNEXT)
====
