# TPCDS-Q49
# start query 49 in stream 0 using template query49.tpl using seed 853460312
select  channel, item, return_ratio, return_rank, currency_rank from
 (select
 'web' as channel
 ,web.item
 ,web.return_ratio
 ,web.return_rank
 ,web.currency_rank
 from (
 	select
 	 item
 	,return_ratio
 	,currency_ratio
 	,rank() over (order by return_ratio) as return_rank
 	,rank() over (order by currency_ratio) as currency_rank
 	from
 	(	select ws.ws_item_sk as item
 		,(cast(sum(coalesce(wr.wr_return_quantity,0)) as decimal(15,4))/
 		cast(sum(coalesce(ws.ws_quantity,0)) as decimal(15,4) )) as return_ratio
 		,(cast(sum(coalesce(wr.wr_return_amt,0)) as decimal(15,4))/
 		cast(sum(coalesce(ws.ws_net_paid,0)) as decimal(15,4) )) as currency_ratio
 		from
 		 web_sales ws left outer join web_returns wr
 			on (ws.ws_order_number = wr.wr_order_number and
 			ws.ws_item_sk = wr.wr_item_sk)
                 ,date_dim
 		where
 			wr.wr_return_amt > 10000
 			and ws.ws_net_profit > 1
                         and ws.ws_net_paid > 0
                         and ws.ws_quantity > 0
                         and ws_sold_date_sk = d_date_sk
                         and d_year = 2000
                         and d_moy = 11
 		group by ws.ws_item_sk
 	) in_web
 ) web
 where
 (
 web.return_rank <= 10
 or
 web.currency_rank <= 10
 )
 union
 select
 'catalog' as channel
 ,catalog.item
 ,catalog.return_ratio
 ,catalog.return_rank
 ,catalog.currency_rank
 from (
 	select
 	 item
 	,return_ratio
 	,currency_ratio
 	,rank() over (order by return_ratio) as return_rank
 	,rank() over (order by currency_ratio) as currency_rank
 	from
 	(	select
 		cs.cs_item_sk as item
 		,(cast(sum(coalesce(cr.cr_return_quantity,0)) as decimal(15,4))/
 		cast(sum(coalesce(cs.cs_quantity,0)) as decimal(15,4) )) as return_ratio
 		,(cast(sum(coalesce(cr.cr_return_amount,0)) as decimal(15,4))/
 		cast(sum(coalesce(cs.cs_net_paid,0)) as decimal(15,4) )) as currency_ratio
 		from
 		catalog_sales cs left outer join catalog_returns cr
 			on (cs.cs_order_number = cr.cr_order_number and
 			cs.cs_item_sk = cr.cr_item_sk)
                ,date_dim
 		where
 			cr.cr_return_amount > 10000
 			and cs.cs_net_profit > 1
                         and cs.cs_net_paid > 0
                         and cs.cs_quantity > 0
                         and cs_sold_date_sk = d_date_sk
                         and d_year = 2000
                         and d_moy = 11
                 group by cs.cs_item_sk
 	) in_cat
 ) catalog
 where
 (
 catalog.return_rank <= 10
 or
 catalog.currency_rank <=10
 )
 union
 select
 'store' as channel
 ,store.item
 ,store.return_ratio
 ,store.return_rank
 ,store.currency_rank
 from (
 	select
 	 item
 	,return_ratio
 	,currency_ratio
 	,rank() over (order by return_ratio) as return_rank
 	,rank() over (order by currency_ratio) as currency_rank
 	from
 	(	select sts.ss_item_sk as item
 		,(cast(sum(coalesce(sr.sr_return_quantity,0)) as decimal(15,4))/cast(sum(coalesce(sts.ss_quantity,0)) as decimal(15,4) )) as return_ratio
 		,(cast(sum(coalesce(sr.sr_return_amt,0)) as decimal(15,4))/cast(sum(coalesce(sts.ss_net_paid,0)) as decimal(15,4) )) as currency_ratio
 		from
 		store_sales sts left outer join store_returns sr
 			on (sts.ss_ticket_number = sr.sr_ticket_number and sts.ss_item_sk = sr.sr_item_sk)
                ,date_dim
 		where
 			sr.sr_return_amt > 10000
 			and sts.ss_net_profit > 1
                         and sts.ss_net_paid > 0
                         and sts.ss_quantity > 0
                         and ss_sold_date_sk = d_date_sk
                         and d_year = 2000
                         and d_moy = 11
 		group by sts.ss_item_sk
 	) in_store
 ) store
 where  (
 store.return_rank <= 10
 or
 store.currency_rank <= 10
 )
 ) x
 order by 1,4,5,2
 limit 100

# end query 49 in stream 0 using template query49.tpl
---- PLAN
Max Per-Host Resource Reservation: Memory=183.19MB Threads=1
Per-Host Resource Estimates: Memory=3.35GB
F00:PLAN FRAGMENT [UNPARTITIONED] hosts=1 instances=1
|  Per-Instance Resources: mem-estimate=3.35GB mem-reservation=183.19MB thread-reservation=1 runtime-filters-memory=54.00MB
|  max-parallelism=1 segment-costs=[708844407, 961356, 1446879, 180850795, 341279, 513638, 360349665, 676758, 1018547, 994746, 1164496, 676429, 500]
PLAN-ROOT SINK
|  output exprs: CHANNEL, ITEM, RETURN_RATIO, RETURN_RANK, CURRENCY_RANK
|  mem-estimate=4.00MB mem-reservation=4.00MB spill-buffer=2.00MB thread-reservation=0 cost=500
|
37:TOP-N [LIMIT=100]
|  order by: CHANNEL ASC NULLS LAST, RETURN_RANK ASC NULLS LAST, CURRENCY_RANK ASC NULLS LAST, ITEM ASC NULLS LAST
|  mem-estimate=4.69KB mem-reservation=0B thread-reservation=0
|  tuple-ids=55 row-size=48B cardinality=100 cost=676429
|  in pipelines: 37(GETNEXT), 36(OPEN)
|
36:AGGREGATE [FINALIZE]
|  group by: CHANNEL, ITEM, RETURN_RATIO, RETURN_RANK, CURRENCY_RANK
|  mem-estimate=128.00MB mem-reservation=34.00MB spill-buffer=2.00MB thread-reservation=0
|  tuple-ids=54 row-size=48B cardinality=74.16K cost=437730
|  in pipelines: 36(GETNEXT), 24(OPEN), 33(OPEN)
|
00:UNION
|  pass-through-operands: 24
|  mem-estimate=0B mem-reservation=0B thread-reservation=0
|  tuple-ids=53 row-size=48B cardinality=74.16K cost=6406
|  in pipelines: 24(GETNEXT), 33(GETNEXT)
|
|--35:SELECT
|  |  predicates: rank() <= CAST(10 AS BIGINT) OR rank() <= CAST(10 AS BIGINT)
|  |  mem-estimate=0B mem-reservation=0B thread-reservation=0
|  |  tuple-ids=51,48 row-size=68B cardinality=36.02K cost=360180
|  |  in pipelines: 33(GETNEXT)
|  |
|  34:ANALYTIC
|  |  functions: rank()
|  |  order by: divide(sum(coalesce(tpcds_partitioned_parquet_snap.store_returns.sr_return_amt, 0)), sum(coalesce(tpcds_partitioned_parquet_snap.store_sales.ss_net_paid, 0))) ASC
|  |  window: RANGE BETWEEN UNBOUNDED PRECEDING AND CURRENT ROW
|  |  mem-estimate=4.00MB mem-reservation=4.00MB spill-buffer=2.00MB thread-reservation=0
|  |  tuple-ids=51,48 row-size=68B cardinality=360.18K cost=360180
|  |  in pipelines: 33(GETNEXT)
|  |
|  33:SORT
|  |  order by: divide(sum(coalesce(tpcds_partitioned_parquet_snap.store_returns.sr_return_amt, 0)), sum(coalesce(tpcds_partitioned_parquet_snap.store_sales.ss_net_paid, 0))) ASC NULLS LAST
|  |  mem-estimate=20.61MB mem-reservation=6.00MB spill-buffer=2.00MB thread-reservation=0
|  |  tuple-ids=51 row-size=60B cardinality=360.18K cost=1086699
|  |  in pipelines: 33(GETNEXT), 31(OPEN)
|  |
|  32:ANALYTIC
|  |  functions: rank()
|  |  order by: divide(sum(coalesce(tpcds_partitioned_parquet_snap.store_returns.sr_return_quantity, 0)), sum(coalesce(tpcds_partitioned_parquet_snap.store_sales.ss_quantity, 0))) ASC
|  |  window: RANGE BETWEEN UNBOUNDED PRECEDING AND CURRENT ROW
|  |  mem-estimate=4.00MB mem-reservation=4.00MB spill-buffer=2.00MB thread-reservation=0
|  |  tuple-ids=49,46 row-size=60B cardinality=360.18K cost=360180
|  |  in pipelines: 31(GETNEXT)
|  |
|  31:SORT
|  |  order by: divide(sum(coalesce(tpcds_partitioned_parquet_snap.store_returns.sr_return_quantity, 0)), sum(coalesce(tpcds_partitioned_parquet_snap.store_sales.ss_quantity, 0))) ASC NULLS LAST
|  |  mem-estimate=17.86MB mem-reservation=6.00MB spill-buffer=2.00MB thread-reservation=0
|  |  tuple-ids=49 row-size=52B cardinality=360.18K cost=961356
|  |  in pipelines: 31(GETNEXT), 30(OPEN)
|  |
|  30:AGGREGATE [FINALIZE]
|  |  output: sum(CAST(coalesce(tpcds_partitioned_parquet_snap.store_returns.sr_return_quantity, CAST(0 AS INT)) AS BIGINT)), sum(CAST(coalesce(tpcds_partitioned_parquet_snap.store_sales.ss_quantity, CAST(0 AS INT)) AS BIGINT)), sum(coalesce(tpcds_partitioned_parquet_snap.store_returns.sr_return_amt, CAST(0 AS DECIMAL(7,2)))), sum(coalesce(tpcds_partitioned_parquet_snap.store_sales.ss_net_paid, CAST(0 AS DECIMAL(7,2))))
|  |  group by: tpcds_partitioned_parquet_snap.store_sales.ss_item_sk
|  |  mem-estimate=34.00MB mem-reservation=34.00MB spill-buffer=2.00MB thread-reservation=0
|  |  tuple-ids=42 row-size=52B cardinality=360.18K cost=1184516
|  |  in pipelines: 30(GETNEXT), 26(OPEN)
|  |
|  29:HASH JOIN [INNER JOIN]
|  |  hash predicates: tpcds_partitioned_parquet_snap.store_sales.ss_item_sk = tpcds_partitioned_parquet_snap.store_returns.sr_item_sk, tpcds_partitioned_parquet_snap.store_sales.ss_ticket_number = tpcds_partitioned_parquet_snap.store_returns.sr_ticket_number
|  |  fk/pk conjuncts: tpcds_partitioned_parquet_snap.store_sales.ss_item_sk = tpcds_partitioned_parquet_snap.store_returns.sr_item_sk, tpcds_partitioned_parquet_snap.store_sales.ss_ticket_number = tpcds_partitioned_parquet_snap.store_returns.sr_ticket_number
|  |  runtime filters: RF012[bloom] <- tpcds_partitioned_parquet_snap.store_returns.sr_item_sk, RF013[bloom] <- tpcds_partitioned_parquet_snap.store_returns.sr_ticket_number, RF014[min_max] <- tpcds_partitioned_parquet_snap.store_returns.sr_item_sk, RF015[min_max] <- tpcds_partitioned_parquet_snap.store_returns.sr_ticket_number
|  |  mem-estimate=3.11GB mem-reservation=34.00MB spill-buffer=2.00MB thread-reservation=0
|  |  tuple-ids=38,40,36 row-size=60B cardinality=488.47K cost=99016626
|  |  in pipelines: 26(GETNEXT), 25(OPEN)
|  |
|  |--25:SCAN HDFS [tpcds_partitioned_parquet_snap.store_returns]
|  |     HDFS partitions=2004/2004 files=2004 size=48.14GB
|  |     predicates: tpcds_partitioned_parquet_snap.store_returns.sr_return_amt > CAST(10000 AS DECIMAL(5,0)), tpcds_partitioned_parquet_snap.store_returns.sr_item_sk IS NOT NULL, tpcds_partitioned_parquet_snap.store_returns.sr_ticket_number IS NOT NULL
|  |     stored statistics:
|  |       table: rows=863.99M size=48.14GB
|  |       partitions: 2004/2004 rows=863.99M
|  |       columns: all
|  |     extrapolated-rows=disabled max-scan-range-rows=30.09M
|  |     parquet statistics predicates: tpcds_partitioned_parquet_snap.store_returns.sr_return_amt > CAST(10000 AS DECIMAL(5,0))
|  |     parquet dictionary predicates: tpcds_partitioned_parquet_snap.store_returns.sr_return_amt > CAST(10000 AS DECIMAL(5,0)), tpcds_partitioned_parquet_snap.store_returns.sr_item_sk IS NOT NULL, tpcds_partitioned_parquet_snap.store_returns.sr_ticket_number IS NOT NULL
|  |     mem-estimate=16.00MB mem-reservation=512.00KB thread-reservation=0
|  |     tuple-ids=36 row-size=20B cardinality=86.40M cost=321662967
|  |     in pipelines: 25(GETNEXT)
|  |
|  28:HASH JOIN [INNER JOIN]
|  |  hash predicates: tpcds_partitioned_parquet_snap.store_sales.ss_sold_date_sk = tpcds_partitioned_parquet_snap.date_dim_1.d_date_sk
|  |  fk/pk conjuncts: tpcds_partitioned_parquet_snap.store_sales.ss_sold_date_sk = tpcds_partitioned_parquet_snap.date_dim_1.d_date_sk
|  |  runtime filters: RF016[bloom] <- tpcds_partitioned_parquet_snap.date_dim_1.d_date_sk
|  |  mem-estimate=1.94MB mem-reservation=1.94MB spill-buffer=64.00KB thread-reservation=0
|  |  tuple-ids=38,40 row-size=40B cardinality=48.85M cost=21380435
|  |  in pipelines: 26(GETNEXT), 27(OPEN)
|  |
|  |--27:SCAN HDFS [tpcds_partitioned_parquet_snap.date_dim]
|  |     HDFS partitions=1/1 files=1 size=2.17MB
|  |     predicates: tpcds_partitioned_parquet_snap.date_dim_1.d_year = CAST(2000 AS INT), tpcds_partitioned_parquet_snap.date_dim_1.d_moy = CAST(11 AS INT), tpcds_partitioned_parquet_snap.date_dim_1.d_date_sk IS NOT NULL
|  |     stored statistics:
|  |       table: rows=73.05K size=2.17MB
|  |       columns: all
|  |     extrapolated-rows=disabled max-scan-range-rows=73.05K
|  |     parquet statistics predicates: tpcds_partitioned_parquet_snap.date_dim_1.d_year = CAST(2000 AS INT), tpcds_partitioned_parquet_snap.date_dim_1.d_moy = CAST(11 AS INT)
|  |     parquet dictionary predicates: tpcds_partitioned_parquet_snap.date_dim_1.d_year = CAST(2000 AS INT), tpcds_partitioned_parquet_snap.date_dim_1.d_moy = CAST(11 AS INT), tpcds_partitioned_parquet_snap.date_dim_1.d_date_sk IS NOT NULL
|  |     mem-estimate=16.00MB mem-reservation=512.00KB thread-reservation=0
|  |     tuple-ids=40 row-size=12B cardinality=108 cost=18780
|  |     in pipelines: 27(GETNEXT)
|  |
|  26:SCAN HDFS [tpcds_partitioned_parquet_snap.store_sales]
|     partition predicates: tpcds_partitioned_parquet_snap.store_sales.ss_sold_date_sk IS NOT NULL
|     HDFS partitions=1823/1824 files=1823 size=389.69GB
|     predicates: tpcds_partitioned_parquet_snap.store_sales.ss_net_paid > CAST(0 AS DECIMAL(3,0)), tpcds_partitioned_parquet_snap.store_sales.ss_net_profit > CAST(1 AS DECIMAL(3,0)), tpcds_partitioned_parquet_snap.store_sales.ss_quantity > CAST(0 AS INT), tpcds_partitioned_parquet_snap.store_sales.ss_item_sk IS NOT NULL, tpcds_partitioned_parquet_snap.store_sales.ss_ticket_number IS NOT NULL
|     runtime filters: RF014[min_max] -> tpcds_partitioned_parquet_snap.store_sales.ss_item_sk, RF015[min_max] -> tpcds_partitioned_parquet_snap.store_sales.ss_ticket_number, RF012[bloom] -> tpcds_partitioned_parquet_snap.store_sales.ss_item_sk, RF013[bloom] -> tpcds_partitioned_parquet_snap.store_sales.ss_ticket_number, RF016[bloom] -> tpcds_partitioned_parquet_snap.store_sales.ss_sold_date_sk
|     stored statistics:
|       table: rows=8.64G size=389.90GB
|       partitions: 1823/1823 rows=8.25G
|       columns: all
|     extrapolated-rows=disabled max-scan-range-rows=12.24M est-scan-range=108(filtered from 1823)
|     parquet statistics predicates: tpcds_partitioned_parquet_snap.store_sales.ss_net_paid > CAST(0 AS DECIMAL(3,0)), tpcds_partitioned_parquet_snap.store_sales.ss_net_profit > CAST(1 AS DECIMAL(3,0)), tpcds_partitioned_parquet_snap.store_sales.ss_quantity > CAST(0 AS INT)
|     parquet dictionary predicates: tpcds_partitioned_parquet_snap.store_sales.ss_net_paid > CAST(0 AS DECIMAL(3,0)), tpcds_partitioned_parquet_snap.store_sales.ss_net_profit > CAST(1 AS DECIMAL(3,0)), tpcds_partitioned_parquet_snap.store_sales.ss_quantity > CAST(0 AS INT), tpcds_partitioned_parquet_snap.store_sales.ss_item_sk IS NOT NULL, tpcds_partitioned_parquet_snap.store_sales.ss_ticket_number IS NOT NULL
|     mem-estimate=16.00MB mem-reservation=512.00KB thread-reservation=0
|     tuple-ids=38 row-size=28B cardinality=48.85M(filtered from 824.97M) cost=265581083
|     in pipelines: 26(GETNEXT)
|
24:AGGREGATE [FINALIZE]
|  group by: CHANNEL, ITEM, RETURN_RATIO, RETURN_RANK, CURRENCY_RANK
|  mem-estimate=128.00MB mem-reservation=34.00MB spill-buffer=2.00MB thread-reservation=0
|  tuple-ids=35 row-size=48B cardinality=38.14K cost=225131
|  in pipelines: 24(GETNEXT), 10(OPEN), 21(OPEN)
|
01:UNION
|  mem-estimate=0B mem-reservation=0B thread-reservation=0
|  tuple-ids=34 row-size=48B cardinality=38.14K cost=6783
|  in pipelines: 10(GETNEXT), 21(GETNEXT)
|
|--23:SELECT
|  |  predicates: rank() <= CAST(10 AS BIGINT) OR rank() <= CAST(10 AS BIGINT)
|  |  mem-estimate=0B mem-reservation=0B thread-reservation=0
|  |  tuple-ids=32,29 row-size=68B cardinality=25.36K cost=253553
|  |  in pipelines: 21(GETNEXT)
|  |
|  22:ANALYTIC
|  |  functions: rank()
|  |  order by: divide(sum(coalesce(tpcds_partitioned_parquet_snap.catalog_returns.cr_return_amount, 0)), sum(coalesce(tpcds_partitioned_parquet_snap.catalog_sales.cs_net_paid, 0))) ASC
|  |  window: RANGE BETWEEN UNBOUNDED PRECEDING AND CURRENT ROW
|  |  mem-estimate=4.00MB mem-reservation=4.00MB spill-buffer=2.00MB thread-reservation=0
|  |  tuple-ids=32,29 row-size=68B cardinality=253.55K cost=253553
|  |  in pipelines: 21(GETNEXT)
|  |
|  21:SORT
|  |  order by: divide(sum(coalesce(tpcds_partitioned_parquet_snap.catalog_returns.cr_return_amount, 0)), sum(coalesce(tpcds_partitioned_parquet_snap.catalog_sales.cs_net_paid, 0))) ASC NULLS LAST
|  |  mem-estimate=14.51MB mem-reservation=6.00MB spill-buffer=2.00MB thread-reservation=0
|  |  tuple-ids=32 row-size=60B cardinality=253.55K cost=764994
|  |  in pipelines: 21(GETNEXT), 19(OPEN)
|  |
|  20:ANALYTIC
|  |  functions: rank()
|  |  order by: divide(sum(coalesce(tpcds_partitioned_parquet_snap.catalog_returns.cr_return_quantity, 0)), sum(coalesce(tpcds_partitioned_parquet_snap.catalog_sales.cs_quantity, 0))) ASC
|  |  window: RANGE BETWEEN UNBOUNDED PRECEDING AND CURRENT ROW
|  |  mem-estimate=4.00MB mem-reservation=4.00MB spill-buffer=2.00MB thread-reservation=0
|  |  tuple-ids=30,27 row-size=60B cardinality=253.55K cost=253553
|  |  in pipelines: 19(GETNEXT)
|  |
|  19:SORT
|  |  order by: divide(sum(coalesce(tpcds_partitioned_parquet_snap.catalog_returns.cr_return_quantity, 0)), sum(coalesce(tpcds_partitioned_parquet_snap.catalog_sales.cs_quantity, 0))) ASC NULLS LAST
|  |  mem-estimate=12.57MB mem-reservation=6.00MB spill-buffer=2.00MB thread-reservation=0
|  |  tuple-ids=30 row-size=52B cardinality=253.55K cost=676758
|  |  in pipelines: 19(GETNEXT), 18(OPEN)
|  |
|  18:AGGREGATE [FINALIZE]
|  |  output: sum(CAST(coalesce(tpcds_partitioned_parquet_snap.catalog_returns.cr_return_quantity, CAST(0 AS INT)) AS BIGINT)), sum(CAST(coalesce(tpcds_partitioned_parquet_snap.catalog_sales.cs_quantity, CAST(0 AS INT)) AS BIGINT)), sum(coalesce(tpcds_partitioned_parquet_snap.catalog_returns.cr_return_amount, CAST(0 AS DECIMAL(7,2)))), sum(coalesce(tpcds_partitioned_parquet_snap.catalog_sales.cs_net_paid, CAST(0 AS DECIMAL(7,2))))
|  |  group by: tpcds_partitioned_parquet_snap.catalog_sales.cs_item_sk
|  |  mem-estimate=17.00MB mem-reservation=17.00MB spill-buffer=1.00MB thread-reservation=0
|  |  tuple-ids=23 row-size=52B cardinality=253.55K cost=788473
|  |  in pipelines: 18(GETNEXT), 14(OPEN)
|  |
|  17:HASH JOIN [INNER JOIN]
|  |  hash predicates: tpcds_partitioned_parquet_snap.catalog_sales.cs_item_sk = tpcds_partitioned_parquet_snap.catalog_returns.cr_item_sk, tpcds_partitioned_parquet_snap.catalog_sales.cs_order_number = tpcds_partitioned_parquet_snap.catalog_returns.cr_order_number
|  |  fk/pk conjuncts: tpcds_partitioned_parquet_snap.catalog_sales.cs_item_sk = tpcds_partitioned_parquet_snap.catalog_returns.cr_item_sk, tpcds_partitioned_parquet_snap.catalog_sales.cs_order_number = tpcds_partitioned_parquet_snap.catalog_returns.cr_order_number
|  |  runtime filters: RF006[bloom] <- tpcds_partitioned_parquet_snap.catalog_returns.cr_item_sk, RF007[bloom] <- tpcds_partitioned_parquet_snap.catalog_returns.cr_order_number, RF008[min_max] <- tpcds_partitioned_parquet_snap.catalog_returns.cr_item_sk, RF009[min_max] <- tpcds_partitioned_parquet_snap.catalog_returns.cr_order_number
|  |  mem-estimate=1.55GB mem-reservation=34.00MB spill-buffer=2.00MB thread-reservation=0
|  |  tuple-ids=19,21,17 row-size=60B cardinality=253.55K cost=49751123
|  |  in pipelines: 14(GETNEXT), 13(OPEN)
|  |
|  |--13:SCAN HDFS [tpcds_partitioned_parquet_snap.catalog_returns]
|  |     HDFS partitions=2060/2060 files=2060 size=32.77GB
|  |     predicates: tpcds_partitioned_parquet_snap.catalog_returns.cr_return_amount > CAST(10000 AS DECIMAL(5,0)), tpcds_partitioned_parquet_snap.catalog_returns.cr_item_sk IS NOT NULL, tpcds_partitioned_parquet_snap.catalog_returns.cr_order_number IS NOT NULL
|  |     stored statistics:
|  |       table: rows=432.02M size=32.77GB
|  |       partitions: 2060/2060 rows=432.02M
|  |       columns: all
|  |     extrapolated-rows=disabled max-scan-range-rows=416.82K
|  |     parquet statistics predicates: tpcds_partitioned_parquet_snap.catalog_returns.cr_return_amount > CAST(10000 AS DECIMAL(5,0))
|  |     parquet dictionary predicates: tpcds_partitioned_parquet_snap.catalog_returns.cr_return_amount > CAST(10000 AS DECIMAL(5,0)), tpcds_partitioned_parquet_snap.catalog_returns.cr_item_sk IS NOT NULL, tpcds_partitioned_parquet_snap.catalog_returns.cr_order_number IS NOT NULL
|  |     mem-estimate=16.00MB mem-reservation=32.00KB thread-reservation=0
|  |     tuple-ids=17 row-size=20B cardinality=43.20M cost=160839925
|  |     in pipelines: 13(GETNEXT)
|  |
|  16:HASH JOIN [INNER JOIN]
|  |  hash predicates: tpcds_partitioned_parquet_snap.catalog_sales.cs_sold_date_sk = tpcds_partitioned_parquet_snap.date_dim_0.d_date_sk
|  |  fk/pk conjuncts: tpcds_partitioned_parquet_snap.catalog_sales.cs_sold_date_sk = tpcds_partitioned_parquet_snap.date_dim_0.d_date_sk
|  |  runtime filters: RF010[bloom] <- tpcds_partitioned_parquet_snap.date_dim_0.d_date_sk
|  |  mem-estimate=1.94MB mem-reservation=1.94MB spill-buffer=64.00KB thread-reservation=0
|  |  tuple-ids=19,21 row-size=40B cardinality=25.35M cost=11097860
|  |  in pipelines: 14(GETNEXT), 15(OPEN)
|  |
|  |--15:SCAN HDFS [tpcds_partitioned_parquet_snap.date_dim]
|  |     HDFS partitions=1/1 files=1 size=2.17MB
|  |     predicates: tpcds_partitioned_parquet_snap.date_dim_0.d_year = CAST(2000 AS INT), tpcds_partitioned_parquet_snap.date_dim_0.d_moy = CAST(11 AS INT), tpcds_partitioned_parquet_snap.date_dim_0.d_date_sk IS NOT NULL
|  |     stored statistics:
|  |       table: rows=73.05K size=2.17MB
|  |       columns: all
|  |     extrapolated-rows=disabled max-scan-range-rows=73.05K
|  |     parquet statistics predicates: tpcds_partitioned_parquet_snap.date_dim_0.d_year = CAST(2000 AS INT), tpcds_partitioned_parquet_snap.date_dim_0.d_moy = CAST(11 AS INT)
|  |     parquet dictionary predicates: tpcds_partitioned_parquet_snap.date_dim_0.d_year = CAST(2000 AS INT), tpcds_partitioned_parquet_snap.date_dim_0.d_moy = CAST(11 AS INT), tpcds_partitioned_parquet_snap.date_dim_0.d_date_sk IS NOT NULL
|  |     mem-estimate=16.00MB mem-reservation=512.00KB thread-reservation=0
|  |     tuple-ids=21 row-size=12B cardinality=108 cost=18780
|  |     in pipelines: 15(GETNEXT)
|  |
|  14:SCAN HDFS [tpcds_partitioned_parquet_snap.catalog_sales]
|     partition predicates: tpcds_partitioned_parquet_snap.catalog_sales.cs_sold_date_sk IS NOT NULL
|     HDFS partitions=1830/1831 files=1830 size=280.81GB
|     predicates: tpcds_partitioned_parquet_snap.catalog_sales.cs_net_paid > CAST(0 AS DECIMAL(3,0)), tpcds_partitioned_parquet_snap.catalog_sales.cs_net_profit > CAST(1 AS DECIMAL(3,0)), tpcds_partitioned_parquet_snap.catalog_sales.cs_quantity > CAST(0 AS INT), tpcds_partitioned_parquet_snap.catalog_sales.cs_item_sk IS NOT NULL, tpcds_partitioned_parquet_snap.catalog_sales.cs_order_number IS NOT NULL
|     runtime filters: RF008[min_max] -> tpcds_partitioned_parquet_snap.catalog_sales.cs_item_sk, RF009[min_max] -> tpcds_partitioned_parquet_snap.catalog_sales.cs_order_number, RF006[bloom] -> tpcds_partitioned_parquet_snap.catalog_sales.cs_item_sk, RF007[bloom] -> tpcds_partitioned_parquet_snap.catalog_sales.cs_order_number, RF010[bloom] -> tpcds_partitioned_parquet_snap.catalog_sales.cs_sold_date_sk
|     stored statistics:
|       table: rows=4.32G size=280.96GB
|       partitions: 1830/1830 rows=4.30G
|       columns: all
|     extrapolated-rows=disabled max-scan-range-rows=5.09M est-scan-range=108(filtered from 1830)
|     parquet statistics predicates: tpcds_partitioned_parquet_snap.catalog_sales.cs_net_paid > CAST(0 AS DECIMAL(3,0)), tpcds_partitioned_parquet_snap.catalog_sales.cs_net_profit > CAST(1 AS DECIMAL(3,0)), tpcds_partitioned_parquet_snap.catalog_sales.cs_quantity > CAST(0 AS INT)
|     parquet dictionary predicates: tpcds_partitioned_parquet_snap.catalog_sales.cs_net_paid > CAST(0 AS DECIMAL(3,0)), tpcds_partitioned_parquet_snap.catalog_sales.cs_net_profit > CAST(1 AS DECIMAL(3,0)), tpcds_partitioned_parquet_snap.catalog_sales.cs_quantity > CAST(0 AS INT), tpcds_partitioned_parquet_snap.catalog_sales.cs_item_sk IS NOT NULL, tpcds_partitioned_parquet_snap.catalog_sales.cs_order_number IS NOT NULL
|     mem-estimate=16.00MB mem-reservation=256.00KB thread-reservation=0
|     tuple-ids=19 row-size=28B cardinality=25.35M(filtered from 429.86M) cost=137853504
|     in pipelines: 14(GETNEXT)
|
12:SELECT
|  predicates: rank() <= CAST(10 AS BIGINT) OR rank() <= CAST(10 AS BIGINT)
|  mem-estimate=0B mem-reservation=0B thread-reservation=0
|  tuple-ids=15,12 row-size=68B cardinality=12.79K cost=127863
|  in pipelines: 10(GETNEXT)
|
11:ANALYTIC
|  functions: rank()
|  order by: divide(sum(coalesce(tpcds_partitioned_parquet_snap.web_returns.wr_return_amt, 0)), sum(coalesce(tpcds_partitioned_parquet_snap.web_sales.ws_net_paid, 0))) ASC
|  window: RANGE BETWEEN UNBOUNDED PRECEDING AND CURRENT ROW
|  mem-estimate=4.00MB mem-reservation=4.00MB spill-buffer=2.00MB thread-reservation=0
|  tuple-ids=15,12 row-size=68B cardinality=127.86K cost=127863
|  in pipelines: 10(GETNEXT)
|
10:SORT
|  order by: divide(sum(coalesce(tpcds_partitioned_parquet_snap.web_returns.wr_return_amt, 0)), sum(coalesce(tpcds_partitioned_parquet_snap.web_sales.ws_net_paid, 0))) ASC NULLS LAST
|  mem-estimate=7.32MB mem-reservation=6.00MB spill-buffer=2.00MB thread-reservation=0
|  tuple-ids=15 row-size=60B cardinality=127.86K cost=385775
|  in pipelines: 10(GETNEXT), 08(OPEN)
|
09:ANALYTIC
|  functions: rank()
|  order by: divide(sum(coalesce(tpcds_partitioned_parquet_snap.web_returns.wr_return_quantity, 0)), sum(coalesce(tpcds_partitioned_parquet_snap.web_sales.ws_quantity, 0))) ASC
|  window: RANGE BETWEEN UNBOUNDED PRECEDING AND CURRENT ROW
|  mem-estimate=4.00MB mem-reservation=4.00MB spill-buffer=2.00MB thread-reservation=0
|  tuple-ids=13,10 row-size=60B cardinality=127.86K cost=127863
|  in pipelines: 08(GETNEXT)
|
08:SORT
|  order by: divide(sum(coalesce(tpcds_partitioned_parquet_snap.web_returns.wr_return_quantity, 0)), sum(coalesce(tpcds_partitioned_parquet_snap.web_sales.ws_quantity, 0))) ASC NULLS LAST
|  mem-estimate=6.34MB mem-reservation=6.00MB spill-buffer=2.00MB thread-reservation=0
|  tuple-ids=13 row-size=52B cardinality=127.86K cost=341279
|  in pipelines: 08(GETNEXT), 07(OPEN)
|
07:AGGREGATE [FINALIZE]
|  output: sum(CAST(coalesce(tpcds_partitioned_parquet_snap.web_returns.wr_return_quantity, CAST(0 AS INT)) AS BIGINT)), sum(CAST(coalesce(tpcds_partitioned_parquet_snap.web_sales.ws_quantity, CAST(0 AS INT)) AS BIGINT)), sum(coalesce(tpcds_partitioned_parquet_snap.web_returns.wr_return_amt, CAST(0 AS DECIMAL(7,2)))), sum(coalesce(tpcds_partitioned_parquet_snap.web_sales.ws_net_paid, CAST(0 AS DECIMAL(7,2))))
|  group by: tpcds_partitioned_parquet_snap.web_sales.ws_item_sk
|  mem-estimate=10.00MB mem-reservation=8.50MB spill-buffer=512.00KB thread-reservation=0
|  tuple-ids=6 row-size=52B cardinality=127.86K cost=397615
|  in pipelines: 07(GETNEXT), 03(OPEN)
|
06:HASH JOIN [INNER JOIN]
|  hash predicates: tpcds_partitioned_parquet_snap.web_sales.ws_item_sk = tpcds_partitioned_parquet_snap.web_returns.wr_item_sk, tpcds_partitioned_parquet_snap.web_sales.ws_order_number = tpcds_partitioned_parquet_snap.web_returns.wr_order_number
|  fk/pk conjuncts: tpcds_partitioned_parquet_snap.web_sales.ws_item_sk = tpcds_partitioned_parquet_snap.web_returns.wr_item_sk, tpcds_partitioned_parquet_snap.web_sales.ws_order_number = tpcds_partitioned_parquet_snap.web_returns.wr_order_number
|  runtime filters: RF000[bloom] <- tpcds_partitioned_parquet_snap.web_returns.wr_item_sk, RF001[bloom] <- tpcds_partitioned_parquet_snap.web_returns.wr_order_number, RF002[min_max] <- tpcds_partitioned_parquet_snap.web_returns.wr_item_sk, RF003[min_max] <- tpcds_partitioned_parquet_snap.web_returns.wr_order_number
|  mem-estimate=795.99MB mem-reservation=34.00MB spill-buffer=2.00MB thread-reservation=0
|  tuple-ids=2,4,0 row-size=60B cardinality=127.86K cost=24903027
|  in pipelines: 03(GETNEXT), 02(OPEN)
|
|--02:SCAN HDFS [tpcds_partitioned_parquet_snap.web_returns]
|     HDFS partitions=2114/2114 files=2114 size=16.74GB
|     predicates: tpcds_partitioned_parquet_snap.web_returns.wr_return_amt > CAST(10000 AS DECIMAL(5,0)), tpcds_partitioned_parquet_snap.web_returns.wr_item_sk IS NOT NULL, tpcds_partitioned_parquet_snap.web_returns.wr_order_number IS NOT NULL
|     stored statistics:
|       table: rows=216.00M size=16.74GB
|       partitions: 2114/2114 rows=216.00M
|       columns: all
|     extrapolated-rows=disabled max-scan-range-rows=9.41M
|     parquet statistics predicates: tpcds_partitioned_parquet_snap.web_returns.wr_return_amt > CAST(10000 AS DECIMAL(5,0))
|     parquet dictionary predicates: tpcds_partitioned_parquet_snap.web_returns.wr_return_amt > CAST(10000 AS DECIMAL(5,0)), tpcds_partitioned_parquet_snap.web_returns.wr_item_sk IS NOT NULL, tpcds_partitioned_parquet_snap.web_returns.wr_order_number IS NOT NULL
|     mem-estimate=16.00MB mem-reservation=256.00KB thread-reservation=0
|     tuple-ids=0 row-size=20B cardinality=21.60M cost=80417799
|     in pipelines: 02(GETNEXT)
|
05:HASH JOIN [INNER JOIN]
|  hash predicates: tpcds_partitioned_parquet_snap.web_sales.ws_sold_date_sk = tpcds_partitioned_parquet_snap.date_dim.d_date_sk
|  fk/pk conjuncts: tpcds_partitioned_parquet_snap.web_sales.ws_sold_date_sk = tpcds_partitioned_parquet_snap.date_dim.d_date_sk
|  runtime filters: RF004[bloom] <- tpcds_partitioned_parquet_snap.date_dim.d_date_sk
|  mem-estimate=1.94MB mem-reservation=1.94MB spill-buffer=64.00KB thread-reservation=0
|  tuple-ids=2,4 row-size=40B cardinality=12.79M cost=5596506
|  in pipelines: 03(GETNEXT), 04(OPEN)
|
|--04:SCAN HDFS [tpcds_partitioned_parquet_snap.date_dim]
|     HDFS partitions=1/1 files=1 size=2.17MB
|     predicates: tpcds_partitioned_parquet_snap.date_dim.d_year = CAST(2000 AS INT), tpcds_partitioned_parquet_snap.date_dim.d_moy = CAST(11 AS INT), tpcds_partitioned_parquet_snap.date_dim.d_date_sk IS NOT NULL
|     stored statistics:
|       table: rows=73.05K size=2.17MB
|       columns: all
|     extrapolated-rows=disabled max-scan-range-rows=73.05K
|     parquet statistics predicates: tpcds_partitioned_parquet_snap.date_dim.d_year = CAST(2000 AS INT), tpcds_partitioned_parquet_snap.date_dim.d_moy = CAST(11 AS INT)
|     parquet dictionary predicates: tpcds_partitioned_parquet_snap.date_dim.d_year = CAST(2000 AS INT), tpcds_partitioned_parquet_snap.date_dim.d_moy = CAST(11 AS INT), tpcds_partitioned_parquet_snap.date_dim.d_date_sk IS NOT NULL
|     mem-estimate=16.00MB mem-reservation=512.00KB thread-reservation=0
|     tuple-ids=4 row-size=12B cardinality=108 cost=18780
|     in pipelines: 04(GETNEXT)
|
03:SCAN HDFS [tpcds_partitioned_parquet_snap.web_sales]
   partition predicates: tpcds_partitioned_parquet_snap.web_sales.ws_sold_date_sk IS NOT NULL
   HDFS partitions=1823/1824 files=1823 size=145.67GB
   predicates: tpcds_partitioned_parquet_snap.web_sales.ws_net_paid > CAST(0 AS DECIMAL(3,0)), tpcds_partitioned_parquet_snap.web_sales.ws_net_profit > CAST(1 AS DECIMAL(3,0)), tpcds_partitioned_parquet_snap.web_sales.ws_quantity > CAST(0 AS INT), tpcds_partitioned_parquet_snap.web_sales.ws_item_sk IS NOT NULL, tpcds_partitioned_parquet_snap.web_sales.ws_order_number IS NOT NULL
   runtime filters: RF002[min_max] -> tpcds_partitioned_parquet_snap.web_sales.ws_item_sk, RF003[min_max] -> tpcds_partitioned_parquet_snap.web_sales.ws_order_number, RF000[bloom] -> tpcds_partitioned_parquet_snap.web_sales.ws_item_sk, RF001[bloom] -> tpcds_partitioned_parquet_snap.web_sales.ws_order_number, RF004[bloom] -> tpcds_partitioned_parquet_snap.web_sales.ws_sold_date_sk
   stored statistics:
     table: rows=2.16G size=145.75GB
     partitions: 1823/1823 rows=2.16G
     columns: all
   extrapolated-rows=disabled max-scan-range-rows=3.37M est-scan-range=108(filtered from 1823)
   parquet statistics predicates: tpcds_partitioned_parquet_snap.web_sales.ws_net_paid > CAST(0 AS DECIMAL(3,0)), tpcds_partitioned_parquet_snap.web_sales.ws_net_profit > CAST(1 AS DECIMAL(3,0)), tpcds_partitioned_parquet_snap.web_sales.ws_quantity > CAST(0 AS INT)
   parquet dictionary predicates: tpcds_partitioned_parquet_snap.web_sales.ws_net_paid > CAST(0 AS DECIMAL(3,0)), tpcds_partitioned_parquet_snap.web_sales.ws_net_profit > CAST(1 AS DECIMAL(3,0)), tpcds_partitioned_parquet_snap.web_sales.ws_quantity > CAST(0 AS INT), tpcds_partitioned_parquet_snap.web_sales.ws_item_sk IS NOT NULL, tpcds_partitioned_parquet_snap.web_sales.ws_order_number IS NOT NULL
   mem-estimate=16.00MB mem-reservation=128.00KB thread-reservation=0
   tuple-ids=2 row-size=28B cardinality=12.79M(filtered from 215.94M) cost=69517068
   in pipelines: 03(GETNEXT)
---- DISTRIBUTEDPLAN
Max Per-Host Resource Reservation: Memory=357.03MB Threads=36
Per-Host Resource Estimates: Memory=1.48GB
F19:PLAN FRAGMENT [UNPARTITIONED] hosts=1 instances=1
|  Per-Instance Resources: mem-estimate=280.31MB mem-reservation=82.00MB thread-reservation=1
|  max-parallelism=1 segment-costs=[1575427, 559272, 1109040, 994746, 1164496, 676429, 500] cpu-comparison-result=163 [max(1 (self) vs 163 (sum children))]
PLAN-ROOT SINK
|  output exprs: CHANNEL, ITEM, RETURN_RATIO, RETURN_RANK, CURRENCY_RANK
|  mem-estimate=4.00MB mem-reservation=4.00MB spill-buffer=2.00MB thread-reservation=0 cost=500
|
37:TOP-N [LIMIT=100]
|  order by: CHANNEL ASC NULLS LAST, RETURN_RANK ASC NULLS LAST, CURRENCY_RANK ASC NULLS LAST, ITEM ASC NULLS LAST
|  mem-estimate=4.69KB mem-reservation=0B thread-reservation=0
|  tuple-ids=55 row-size=48B cardinality=100 cost=676429
|  in pipelines: 37(GETNEXT), 36(OPEN)
|
36:AGGREGATE [FINALIZE]
|  group by: CHANNEL, ITEM, RETURN_RATIO, RETURN_RANK, CURRENCY_RANK
|  mem-estimate=128.00MB mem-reservation=34.00MB spill-buffer=2.00MB thread-reservation=0
|  tuple-ids=54 row-size=48B cardinality=74.16K cost=437730
|  in pipelines: 36(GETNEXT), 24(OPEN), 33(OPEN)
|
00:UNION
|  pass-through-operands: 24
|  mem-estimate=0B mem-reservation=0B thread-reservation=0
|  tuple-ids=53 row-size=48B cardinality=74.16K cost=6406
|  in pipelines: 24(GETNEXT), 33(GETNEXT)
|
|--35:SELECT
|  |  predicates: rank() <= CAST(10 AS BIGINT) OR rank() <= CAST(10 AS BIGINT)
|  |  mem-estimate=0B mem-reservation=0B thread-reservation=0
|  |  tuple-ids=51,48 row-size=68B cardinality=36.02K cost=360180
|  |  in pipelines: 33(GETNEXT)
|  |
|  34:ANALYTIC
|  |  functions: rank()
|  |  order by: divide(sum(coalesce(tpcds_partitioned_parquet_snap.store_returns.sr_return_amt, 0)), sum(coalesce(tpcds_partitioned_parquet_snap.store_sales.ss_net_paid, 0))) ASC
|  |  window: RANGE BETWEEN UNBOUNDED PRECEDING AND CURRENT ROW
|  |  mem-estimate=4.00MB mem-reservation=4.00MB spill-buffer=2.00MB thread-reservation=0
|  |  tuple-ids=51,48 row-size=68B cardinality=360.18K cost=360180
|  |  in pipelines: 33(GETNEXT)
|  |
|  33:SORT
|  |  order by: divide(sum(coalesce(tpcds_partitioned_parquet_snap.store_returns.sr_return_amt, 0)), sum(coalesce(tpcds_partitioned_parquet_snap.store_sales.ss_net_paid, 0))) ASC NULLS LAST
|  |  mem-estimate=20.61MB mem-reservation=6.00MB spill-buffer=2.00MB thread-reservation=0
|  |  tuple-ids=51 row-size=60B cardinality=360.18K cost=1086699
|  |  in pipelines: 33(GETNEXT), 31(OPEN)
|  |
|  32:ANALYTIC
|  |  functions: rank()
|  |  order by: divide(sum(coalesce(tpcds_partitioned_parquet_snap.store_returns.sr_return_quantity, 0)), sum(coalesce(tpcds_partitioned_parquet_snap.store_sales.ss_quantity, 0))) ASC
|  |  window: RANGE BETWEEN UNBOUNDED PRECEDING AND CURRENT ROW
|  |  mem-estimate=4.00MB mem-reservation=4.00MB spill-buffer=2.00MB thread-reservation=0
|  |  tuple-ids=49,46 row-size=60B cardinality=360.18K cost=360180
|  |  in pipelines: 31(GETNEXT)
|  |
|  55:MERGING-EXCHANGE [UNPARTITIONED]
|  |  order by: divide(sum(coalesce(tpcds_partitioned_parquet_snap.store_returns.sr_return_quantity, 0)), sum(coalesce(tpcds_partitioned_parquet_snap.store_sales.ss_quantity, 0))) ASC NULLS LAST
|  |  mem-estimate=2.33MB mem-reservation=0B thread-reservation=0
|  |  tuple-ids=49 row-size=52B cardinality=360.18K cost=128548
|  |  in pipelines: 31(GETNEXT)
|  |
|  F17:PLAN FRAGMENT [HASH(tpcds_partitioned_parquet_snap.store_sales.ss_item_sk)] hosts=10 instances=10 (adjusted from 120)
|  Per-Instance Resources: mem-estimate=16.00MB mem-reservation=10.75MB thread-reservation=1
|  max-parallelism=10 segment-costs=[1353418, 961356, 603913] cpu-comparison-result=71 [max(10 (self) vs 71 (sum children))]
|  31:SORT
|  |  order by: divide(sum(coalesce(tpcds_partitioned_parquet_snap.store_returns.sr_return_quantity, 0)), sum(coalesce(tpcds_partitioned_parquet_snap.store_sales.ss_quantity, 0))) ASC NULLS LAST
|  |  mem-estimate=6.00MB mem-reservation=6.00MB spill-buffer=2.00MB thread-reservation=0
|  |  tuple-ids=49 row-size=52B cardinality=360.18K cost=961356
|  |  in pipelines: 31(GETNEXT), 54(OPEN)
|  |
|  54:AGGREGATE [FINALIZE]
|  |  output: sum:merge(coalesce(tpcds_partitioned_parquet_snap.store_returns.sr_return_quantity, 0)), sum:merge(coalesce(tpcds_partitioned_parquet_snap.store_sales.ss_quantity, 0)), sum:merge(coalesce(tpcds_partitioned_parquet_snap.store_returns.sr_return_amt, 0)), sum:merge(coalesce(tpcds_partitioned_parquet_snap.store_sales.ss_net_paid, 0))
|  |  group by: tpcds_partitioned_parquet_snap.store_sales.ss_item_sk
|  |  mem-estimate=10.00MB mem-reservation=4.75MB spill-buffer=256.00KB thread-reservation=0
|  |  tuple-ids=42 row-size=52B cardinality=360.18K cost=1183215
|  |  in pipelines: 54(GETNEXT), 26(OPEN)
|  |
|  53:EXCHANGE [HASH(tpcds_partitioned_parquet_snap.store_sales.ss_item_sk)]
|  |  mem-estimate=2.96MB mem-reservation=0B thread-reservation=0
|  |  tuple-ids=42 row-size=52B cardinality=485.88K cost=170203
|  |  in pipelines: 26(GETNEXT)
|  |
|  F16:PLAN FRAGMENT [HASH(tpcds_partitioned_parquet_snap.store_sales.ss_item_sk,tpcds_partitioned_parquet_snap.store_sales.ss_ticket_number)] hosts=10 instances=10 (adjusted from 120)
|  Per-Instance Resources: mem-estimate=24.53MB mem-reservation=5.00MB thread-reservation=1
|  max-parallelism=10 segment-costs=[30342319, 1877440] cpu-comparison-result=71 [max(60 (self) vs 71 (sum children))]
|  30:AGGREGATE [STREAMING]
|  |  output: sum(CAST(coalesce(tpcds_partitioned_parquet_snap.store_returns.sr_return_quantity, CAST(0 AS INT)) AS BIGINT)), sum(CAST(coalesce(tpcds_partitioned_parquet_snap.store_sales.ss_quantity, CAST(0 AS INT)) AS BIGINT)), sum(coalesce(tpcds_partitioned_parquet_snap.store_returns.sr_return_amt, CAST(0 AS DECIMAL(7,2)))), sum(coalesce(tpcds_partitioned_parquet_snap.store_sales.ss_net_paid, CAST(0 AS DECIMAL(7,2))))
|  |  group by: tpcds_partitioned_parquet_snap.store_sales.ss_item_sk
|  |  mem-estimate=10.00MB mem-reservation=5.00MB spill-buffer=256.00KB thread-reservation=0
|  |  tuple-ids=42 row-size=52B cardinality=485.88K cost=1512241
|  |  in pipelines: 26(GETNEXT)
|  |
|  29:HASH JOIN [INNER JOIN, PARTITIONED]
|  |  hash-table-id=04
|  |  hash predicates: tpcds_partitioned_parquet_snap.store_sales.ss_item_sk = tpcds_partitioned_parquet_snap.store_returns.sr_item_sk, tpcds_partitioned_parquet_snap.store_sales.ss_ticket_number = tpcds_partitioned_parquet_snap.store_returns.sr_ticket_number
|  |  fk/pk conjuncts: tpcds_partitioned_parquet_snap.store_sales.ss_item_sk = tpcds_partitioned_parquet_snap.store_returns.sr_item_sk, tpcds_partitioned_parquet_snap.store_sales.ss_ticket_number = tpcds_partitioned_parquet_snap.store_returns.sr_ticket_number
|  |  mem-estimate=0B mem-reservation=0B spill-buffer=2.00MB thread-reservation=0
|  |  tuple-ids=38,40,36 row-size=60B cardinality=488.47K cost=12617763
|  |  in pipelines: 26(GETNEXT), 25(OPEN)
|  |
|  |--F24:PLAN FRAGMENT [HASH(tpcds_partitioned_parquet_snap.store_sales.ss_item_sk,tpcds_partitioned_parquet_snap.store_sales.ss_ticket_number)] hosts=10 instances=10 (adjusted from 120)
|  |  |  Per-Instance Resources: mem-estimate=346.56MB mem-reservation=51.00MB thread-reservation=1 runtime-filters-memory=17.00MB
|  |  |  max-parallelism=10 segment-costs=[103946472]
|  |  JOIN BUILD
|  |  |  join-table-id=04 plan-id=05 cohort-id=03
|  |  |  build expressions: tpcds_partitioned_parquet_snap.store_returns.sr_item_sk, tpcds_partitioned_parquet_snap.store_returns.sr_ticket_number
|  |  |  runtime filters: RF012[bloom] <- tpcds_partitioned_parquet_snap.store_returns.sr_item_sk, RF013[bloom] <- tpcds_partitioned_parquet_snap.store_returns.sr_ticket_number, RF014[min_max] <- tpcds_partitioned_parquet_snap.store_returns.sr_item_sk, RF015[min_max] <- tpcds_partitioned_parquet_snap.store_returns.sr_ticket_number
|  |  |  mem-estimate=318.39MB mem-reservation=34.00MB spill-buffer=2.00MB thread-reservation=0 cost=86398863
|  |  |
|  |  52:EXCHANGE [HASH(tpcds_partitioned_parquet_snap.store_returns.sr_item_sk,tpcds_partitioned_parquet_snap.store_returns.sr_ticket_number)]
|  |  |  mem-estimate=11.17MB mem-reservation=0B thread-reservation=0
|  |  |  tuple-ids=36 row-size=20B cardinality=86.40M cost=17547609
|  |  |  in pipelines: 25(GETNEXT)
|  |  |
|  |  F15:PLAN FRAGMENT [RANDOM] hosts=10 instances=50 (adjusted from 120)
|  |  Per-Instance Resources: mem-estimate=16.94MB mem-reservation=512.00KB thread-reservation=1
|  |  max-parallelism=50 segment-costs=[477457396]
|  |  25:SCAN HDFS [tpcds_partitioned_parquet_snap.store_returns, RANDOM]
|  |     HDFS partitions=2004/2004 files=2004 size=48.14GB
|  |     predicates: tpcds_partitioned_parquet_snap.store_returns.sr_return_amt > CAST(10000 AS DECIMAL(5,0)), tpcds_partitioned_parquet_snap.store_returns.sr_item_sk IS NOT NULL, tpcds_partitioned_parquet_snap.store_returns.sr_ticket_number IS NOT NULL
|  |     stored statistics:
|  |       table: rows=863.99M size=48.14GB
|  |       partitions: 2004/2004 rows=863.99M
|  |       columns: all
|  |     extrapolated-rows=disabled max-scan-range-rows=30.09M
|  |     parquet statistics predicates: tpcds_partitioned_parquet_snap.store_returns.sr_return_amt > CAST(10000 AS DECIMAL(5,0))
|  |     parquet dictionary predicates: tpcds_partitioned_parquet_snap.store_returns.sr_return_amt > CAST(10000 AS DECIMAL(5,0)), tpcds_partitioned_parquet_snap.store_returns.sr_item_sk IS NOT NULL, tpcds_partitioned_parquet_snap.store_returns.sr_ticket_number IS NOT NULL
|  |     mem-estimate=16.00MB mem-reservation=512.00KB thread-reservation=0
|  |     tuple-ids=36 row-size=20B cardinality=86.40M cost=321662967
|  |     in pipelines: 25(GETNEXT)
|  |
|  51:EXCHANGE [HASH(tpcds_partitioned_parquet_snap.store_sales.ss_item_sk,tpcds_partitioned_parquet_snap.store_sales.ss_ticket_number)]
|  |  mem-estimate=12.34MB mem-reservation=0B thread-reservation=0
|  |  tuple-ids=38,40 row-size=40B cardinality=48.85M cost=16212315
|  |  in pipelines: 26(GETNEXT)
|  |
|  F13:PLAN FRAGMENT [RANDOM] hosts=10 instances=50 (adjusted from 120)
|  Per-Host Shared Resources: mem-estimate=18.00MB mem-reservation=18.00MB thread-reservation=0 runtime-filters-memory=18.00MB
|  Per-Instance Resources: mem-estimate=17.88MB mem-reservation=512.00KB thread-reservation=1
|  max-parallelism=50 segment-costs=[463123194]
|  28:HASH JOIN [INNER JOIN, BROADCAST]
|  |  hash-table-id=05
|  |  hash predicates: tpcds_partitioned_parquet_snap.store_sales.ss_sold_date_sk = tpcds_partitioned_parquet_snap.date_dim_1.d_date_sk
|  |  fk/pk conjuncts: tpcds_partitioned_parquet_snap.store_sales.ss_sold_date_sk = tpcds_partitioned_parquet_snap.date_dim_1.d_date_sk
|  |  mem-estimate=0B mem-reservation=0B spill-buffer=64.00KB thread-reservation=0
|  |  tuple-ids=38,40 row-size=40B cardinality=48.85M cost=21380327
|  |  in pipelines: 26(GETNEXT), 27(OPEN)
|  |
|  |--F25:PLAN FRAGMENT [RANDOM] hosts=10 instances=10
|  |  |  Per-Instance Resources: mem-estimate=10.70MB mem-reservation=10.69MB thread-reservation=1 runtime-filters-memory=1.00MB
|  |  |  max-parallelism=10 segment-costs=[248]
|  |  JOIN BUILD
|  |  |  join-table-id=05 plan-id=06 cohort-id=03
|  |  |  build expressions: tpcds_partitioned_parquet_snap.date_dim_1.d_date_sk
|  |  |  runtime filters: RF016[bloom] <- tpcds_partitioned_parquet_snap.date_dim_1.d_date_sk
|  |  |  mem-estimate=9.69MB mem-reservation=9.69MB spill-buffer=64.00KB thread-reservation=0 cost=108
|  |  |
|  |  50:EXCHANGE [BROADCAST]
|  |  |  mem-estimate=16.00KB mem-reservation=0B thread-reservation=0
|  |  |  tuple-ids=40 row-size=12B cardinality=108 cost=140
|  |  |  in pipelines: 27(GETNEXT)
|  |  |
|  |  F14:PLAN FRAGMENT [RANDOM] hosts=1 instances=1
|  |  Per-Instance Resources: mem-estimate=16.06MB mem-reservation=512.00KB thread-reservation=1
|  |  max-parallelism=1 segment-costs=[18785]
|  |  27:SCAN HDFS [tpcds_partitioned_parquet_snap.date_dim, RANDOM]
|  |     HDFS partitions=1/1 files=1 size=2.17MB
|  |     predicates: tpcds_partitioned_parquet_snap.date_dim_1.d_year = CAST(2000 AS INT), tpcds_partitioned_parquet_snap.date_dim_1.d_moy = CAST(11 AS INT), tpcds_partitioned_parquet_snap.date_dim_1.d_date_sk IS NOT NULL
|  |     stored statistics:
|  |       table: rows=73.05K size=2.17MB
|  |       columns: all
|  |     extrapolated-rows=disabled max-scan-range-rows=73.05K
|  |     parquet statistics predicates: tpcds_partitioned_parquet_snap.date_dim_1.d_year = CAST(2000 AS INT), tpcds_partitioned_parquet_snap.date_dim_1.d_moy = CAST(11 AS INT)
|  |     parquet dictionary predicates: tpcds_partitioned_parquet_snap.date_dim_1.d_year = CAST(2000 AS INT), tpcds_partitioned_parquet_snap.date_dim_1.d_moy = CAST(11 AS INT), tpcds_partitioned_parquet_snap.date_dim_1.d_date_sk IS NOT NULL
|  |     mem-estimate=16.00MB mem-reservation=512.00KB thread-reservation=0
|  |     tuple-ids=40 row-size=12B cardinality=108 cost=18780
|  |     in pipelines: 27(GETNEXT)
|  |
|  26:SCAN HDFS [tpcds_partitioned_parquet_snap.store_sales, RANDOM]
|     partition predicates: tpcds_partitioned_parquet_snap.store_sales.ss_sold_date_sk IS NOT NULL
|     HDFS partitions=1823/1824 files=1823 size=389.69GB
|     predicates: tpcds_partitioned_parquet_snap.store_sales.ss_net_paid > CAST(0 AS DECIMAL(3,0)), tpcds_partitioned_parquet_snap.store_sales.ss_net_profit > CAST(1 AS DECIMAL(3,0)), tpcds_partitioned_parquet_snap.store_sales.ss_quantity > CAST(0 AS INT), tpcds_partitioned_parquet_snap.store_sales.ss_item_sk IS NOT NULL, tpcds_partitioned_parquet_snap.store_sales.ss_ticket_number IS NOT NULL
|     runtime filters: RF014[min_max] -> tpcds_partitioned_parquet_snap.store_sales.ss_item_sk, RF015[min_max] -> tpcds_partitioned_parquet_snap.store_sales.ss_ticket_number, RF012[bloom] -> tpcds_partitioned_parquet_snap.store_sales.ss_item_sk, RF013[bloom] -> tpcds_partitioned_parquet_snap.store_sales.ss_ticket_number, RF016[bloom] -> tpcds_partitioned_parquet_snap.store_sales.ss_sold_date_sk
|     stored statistics:
|       table: rows=8.64G size=389.90GB
|       partitions: 1823/1823 rows=8.25G
|       columns: all
|     extrapolated-rows=disabled max-scan-range-rows=12.24M est-scan-range=108(filtered from 1823)
|     parquet statistics predicates: tpcds_partitioned_parquet_snap.store_sales.ss_net_paid > CAST(0 AS DECIMAL(3,0)), tpcds_partitioned_parquet_snap.store_sales.ss_net_profit > CAST(1 AS DECIMAL(3,0)), tpcds_partitioned_parquet_snap.store_sales.ss_quantity > CAST(0 AS INT)
|     parquet dictionary predicates: tpcds_partitioned_parquet_snap.store_sales.ss_net_paid > CAST(0 AS DECIMAL(3,0)), tpcds_partitioned_parquet_snap.store_sales.ss_net_profit > CAST(1 AS DECIMAL(3,0)), tpcds_partitioned_parquet_snap.store_sales.ss_quantity > CAST(0 AS INT), tpcds_partitioned_parquet_snap.store_sales.ss_item_sk IS NOT NULL, tpcds_partitioned_parquet_snap.store_sales.ss_ticket_number IS NOT NULL
|     mem-estimate=16.00MB mem-reservation=512.00KB thread-reservation=0
|     tuple-ids=38 row-size=28B cardinality=48.85M(filtered from 824.97M) cost=265581083
|     in pipelines: 26(GETNEXT)
|
24:AGGREGATE [FINALIZE]
|  group by: CHANNEL, ITEM, RETURN_RATIO, RETURN_RANK, CURRENCY_RANK
|  mem-estimate=128.00MB mem-reservation=34.00MB spill-buffer=2.00MB thread-reservation=0
|  tuple-ids=35 row-size=48B cardinality=38.14K cost=225131
|  in pipelines: 24(GETNEXT), 10(OPEN), 21(OPEN)
|
01:UNION
|  mem-estimate=0B mem-reservation=0B thread-reservation=0
|  tuple-ids=34 row-size=48B cardinality=38.14K cost=6783
|  in pipelines: 10(GETNEXT), 21(GETNEXT)
|
|--23:SELECT
|  |  predicates: rank() <= CAST(10 AS BIGINT) OR rank() <= CAST(10 AS BIGINT)
|  |  mem-estimate=0B mem-reservation=0B thread-reservation=0
|  |  tuple-ids=32,29 row-size=68B cardinality=25.36K cost=253553
|  |  in pipelines: 21(GETNEXT)
|  |
|  22:ANALYTIC
|  |  functions: rank()
|  |  order by: divide(sum(coalesce(tpcds_partitioned_parquet_snap.catalog_returns.cr_return_amount, 0)), sum(coalesce(tpcds_partitioned_parquet_snap.catalog_sales.cs_net_paid, 0))) ASC
|  |  window: RANGE BETWEEN UNBOUNDED PRECEDING AND CURRENT ROW
|  |  mem-estimate=4.00MB mem-reservation=4.00MB spill-buffer=2.00MB thread-reservation=0
|  |  tuple-ids=32,29 row-size=68B cardinality=253.55K cost=253553
|  |  in pipelines: 21(GETNEXT)
|  |
|  21:SORT
|  |  order by: divide(sum(coalesce(tpcds_partitioned_parquet_snap.catalog_returns.cr_return_amount, 0)), sum(coalesce(tpcds_partitioned_parquet_snap.catalog_sales.cs_net_paid, 0))) ASC NULLS LAST
|  |  mem-estimate=14.51MB mem-reservation=6.00MB spill-buffer=2.00MB thread-reservation=0
|  |  tuple-ids=32 row-size=60B cardinality=253.55K cost=764994
|  |  in pipelines: 21(GETNEXT), 19(OPEN)
|  |
|  20:ANALYTIC
|  |  functions: rank()
|  |  order by: divide(sum(coalesce(tpcds_partitioned_parquet_snap.catalog_returns.cr_return_quantity, 0)), sum(coalesce(tpcds_partitioned_parquet_snap.catalog_sales.cs_quantity, 0))) ASC
|  |  window: RANGE BETWEEN UNBOUNDED PRECEDING AND CURRENT ROW
|  |  mem-estimate=4.00MB mem-reservation=4.00MB spill-buffer=2.00MB thread-reservation=0
|  |  tuple-ids=30,27 row-size=60B cardinality=253.55K cost=253553
|  |  in pipelines: 19(GETNEXT)
|  |
|  49:MERGING-EXCHANGE [UNPARTITIONED]
|  |  order by: divide(sum(coalesce(tpcds_partitioned_parquet_snap.catalog_returns.cr_return_quantity, 0)), sum(coalesce(tpcds_partitioned_parquet_snap.catalog_sales.cs_quantity, 0))) ASC NULLS LAST
|  |  mem-estimate=1.80MB mem-reservation=0B thread-reservation=0
|  |  tuple-ids=30 row-size=52B cardinality=253.55K cost=90493
|  |  in pipelines: 19(GETNEXT)
|  |
|  F10:PLAN FRAGMENT [HASH(tpcds_partitioned_parquet_snap.catalog_sales.cs_item_sk)] hosts=10 instances=10 (adjusted from 120)
|  Per-Instance Resources: mem-estimate=16.00MB mem-reservation=8.88MB thread-reservation=1
|  max-parallelism=10 segment-costs=[877292, 676758, 425132] cpu-comparison-result=51 [max(10 (self) vs 51 (sum children))]
|  19:SORT
|  |  order by: divide(sum(coalesce(tpcds_partitioned_parquet_snap.catalog_returns.cr_return_quantity, 0)), sum(coalesce(tpcds_partitioned_parquet_snap.catalog_sales.cs_quantity, 0))) ASC NULLS LAST
|  |  mem-estimate=6.00MB mem-reservation=6.00MB spill-buffer=2.00MB thread-reservation=0
|  |  tuple-ids=30 row-size=52B cardinality=253.55K cost=676758
|  |  in pipelines: 19(GETNEXT), 48(OPEN)
|  |
|  48:AGGREGATE [FINALIZE]
|  |  output: sum:merge(coalesce(tpcds_partitioned_parquet_snap.catalog_returns.cr_return_quantity, 0)), sum:merge(coalesce(tpcds_partitioned_parquet_snap.catalog_sales.cs_quantity, 0)), sum:merge(coalesce(tpcds_partitioned_parquet_snap.catalog_returns.cr_return_amount, 0)), sum:merge(coalesce(tpcds_partitioned_parquet_snap.catalog_sales.cs_net_paid, 0))
|  |  group by: tpcds_partitioned_parquet_snap.catalog_sales.cs_item_sk
|  |  mem-estimate=10.00MB mem-reservation=2.88MB spill-buffer=128.00KB thread-reservation=0
|  |  tuple-ids=23 row-size=52B cardinality=253.55K cost=788473
|  |  in pipelines: 48(GETNEXT), 14(OPEN)
|  |
|  47:EXCHANGE [HASH(tpcds_partitioned_parquet_snap.catalog_sales.cs_item_sk)]
|  |  mem-estimate=1.80MB mem-reservation=0B thread-reservation=0
|  |  tuple-ids=23 row-size=52B cardinality=253.55K cost=88819
|  |  in pipelines: 14(GETNEXT)
|  |
|  F09:PLAN FRAGMENT [HASH(tpcds_partitioned_parquet_snap.catalog_sales.cs_item_sk,tpcds_partitioned_parquet_snap.catalog_sales.cs_order_number)] hosts=10 instances=10 (adjusted from 120)
|  Per-Instance Resources: mem-estimate=23.59MB mem-reservation=3.00MB thread-reservation=1
|  max-parallelism=10 segment-costs=[15753122, 979728] cpu-comparison-result=51 [max(40 (self) vs 51 (sum children))]
|  18:AGGREGATE [STREAMING]
|  |  output: sum(CAST(coalesce(tpcds_partitioned_parquet_snap.catalog_returns.cr_return_quantity, CAST(0 AS INT)) AS BIGINT)), sum(CAST(coalesce(tpcds_partitioned_parquet_snap.catalog_sales.cs_quantity, CAST(0 AS INT)) AS BIGINT)), sum(coalesce(tpcds_partitioned_parquet_snap.catalog_returns.cr_return_amount, CAST(0 AS DECIMAL(7,2)))), sum(coalesce(tpcds_partitioned_parquet_snap.catalog_sales.cs_net_paid, CAST(0 AS DECIMAL(7,2))))
|  |  group by: tpcds_partitioned_parquet_snap.catalog_sales.cs_item_sk
|  |  mem-estimate=10.00MB mem-reservation=3.00MB spill-buffer=128.00KB thread-reservation=0
|  |  tuple-ids=23 row-size=52B cardinality=253.55K cost=788473
|  |  in pipelines: 14(GETNEXT)
|  |
|  17:HASH JOIN [INNER JOIN, PARTITIONED]
|  |  hash-table-id=02
|  |  hash predicates: tpcds_partitioned_parquet_snap.catalog_sales.cs_item_sk = tpcds_partitioned_parquet_snap.catalog_returns.cr_item_sk, tpcds_partitioned_parquet_snap.catalog_sales.cs_order_number = tpcds_partitioned_parquet_snap.catalog_returns.cr_order_number
|  |  fk/pk conjuncts: tpcds_partitioned_parquet_snap.catalog_sales.cs_item_sk = tpcds_partitioned_parquet_snap.catalog_returns.cr_item_sk, tpcds_partitioned_parquet_snap.catalog_sales.cs_order_number = tpcds_partitioned_parquet_snap.catalog_returns.cr_order_number
|  |  mem-estimate=0B mem-reservation=0B spill-buffer=2.00MB thread-reservation=0
|  |  tuple-ids=19,21,17 row-size=60B cardinality=253.55K cost=6549424
|  |  in pipelines: 14(GETNEXT), 13(OPEN)
|  |
|  |--F22:PLAN FRAGMENT [HASH(tpcds_partitioned_parquet_snap.catalog_sales.cs_item_sk,tpcds_partitioned_parquet_snap.catalog_sales.cs_order_number)] hosts=10 instances=10 (adjusted from 120)
|  |  |  Per-Instance Resources: mem-estimate=186.90MB mem-reservation=51.00MB thread-reservation=1 runtime-filters-memory=17.00MB
|  |  |  max-parallelism=10 segment-costs=[51975964]
|  |  JOIN BUILD
|  |  |  join-table-id=02 plan-id=03 cohort-id=02
|  |  |  build expressions: tpcds_partitioned_parquet_snap.catalog_returns.cr_item_sk, tpcds_partitioned_parquet_snap.catalog_returns.cr_order_number
|  |  |  runtime filters: RF006[bloom] <- tpcds_partitioned_parquet_snap.catalog_returns.cr_item_sk, RF007[bloom] <- tpcds_partitioned_parquet_snap.catalog_returns.cr_order_number, RF008[min_max] <- tpcds_partitioned_parquet_snap.catalog_returns.cr_item_sk, RF009[min_max] <- tpcds_partitioned_parquet_snap.catalog_returns.cr_order_number
|  |  |  mem-estimate=159.20MB mem-reservation=34.00MB spill-buffer=2.00MB thread-reservation=0 cost=43201699
|  |  |
|  |  46:EXCHANGE [HASH(tpcds_partitioned_parquet_snap.catalog_returns.cr_item_sk,tpcds_partitioned_parquet_snap.catalog_returns.cr_order_number)]
|  |  |  mem-estimate=10.70MB mem-reservation=0B thread-reservation=0
|  |  |  tuple-ids=17 row-size=20B cardinality=43.20M cost=8774265
|  |  |  in pipelines: 13(GETNEXT)
|  |  |
|  |  F08:PLAN FRAGMENT [RANDOM] hosts=10 instances=30 (adjusted from 120)
|  |  Per-Instance Resources: mem-estimate=16.94MB mem-reservation=32.00KB thread-reservation=1
|  |  max-parallelism=30 segment-costs=[238741228]
|  |  13:SCAN HDFS [tpcds_partitioned_parquet_snap.catalog_returns, RANDOM]
|  |     HDFS partitions=2060/2060 files=2060 size=32.77GB
|  |     predicates: tpcds_partitioned_parquet_snap.catalog_returns.cr_return_amount > CAST(10000 AS DECIMAL(5,0)), tpcds_partitioned_parquet_snap.catalog_returns.cr_item_sk IS NOT NULL, tpcds_partitioned_parquet_snap.catalog_returns.cr_order_number IS NOT NULL
|  |     stored statistics:
|  |       table: rows=432.02M size=32.77GB
|  |       partitions: 2060/2060 rows=432.02M
|  |       columns: all
|  |     extrapolated-rows=disabled max-scan-range-rows=416.82K
|  |     parquet statistics predicates: tpcds_partitioned_parquet_snap.catalog_returns.cr_return_amount > CAST(10000 AS DECIMAL(5,0))
|  |     parquet dictionary predicates: tpcds_partitioned_parquet_snap.catalog_returns.cr_return_amount > CAST(10000 AS DECIMAL(5,0)), tpcds_partitioned_parquet_snap.catalog_returns.cr_item_sk IS NOT NULL, tpcds_partitioned_parquet_snap.catalog_returns.cr_order_number IS NOT NULL
|  |     mem-estimate=16.00MB mem-reservation=32.00KB thread-reservation=0
|  |     tuple-ids=17 row-size=20B cardinality=43.20M cost=160839925
|  |     in pipelines: 13(GETNEXT)
|  |
|  45:EXCHANGE [HASH(tpcds_partitioned_parquet_snap.catalog_sales.cs_item_sk,tpcds_partitioned_parquet_snap.catalog_sales.cs_order_number)]
|  |  mem-estimate=11.41MB mem-reservation=0B thread-reservation=0
|  |  tuple-ids=19,21 row-size=40B cardinality=25.35M cost=8415225
|  |  in pipelines: 14(GETNEXT)
|  |
|  F06:PLAN FRAGMENT [RANDOM] hosts=10 instances=30 (adjusted from 120)
|  Per-Host Shared Resources: mem-estimate=18.00MB mem-reservation=18.00MB thread-reservation=0 runtime-filters-memory=18.00MB
|  Per-Instance Resources: mem-estimate=17.88MB mem-reservation=256.00KB thread-reservation=1
|  max-parallelism=30 segment-costs=[240390449]
|  16:HASH JOIN [INNER JOIN, BROADCAST]
|  |  hash-table-id=03
|  |  hash predicates: tpcds_partitioned_parquet_snap.catalog_sales.cs_sold_date_sk = tpcds_partitioned_parquet_snap.date_dim_0.d_date_sk
|  |  fk/pk conjuncts: tpcds_partitioned_parquet_snap.catalog_sales.cs_sold_date_sk = tpcds_partitioned_parquet_snap.date_dim_0.d_date_sk
|  |  mem-estimate=0B mem-reservation=0B spill-buffer=64.00KB thread-reservation=0
|  |  tuple-ids=19,21 row-size=40B cardinality=25.35M cost=11097752
|  |  in pipelines: 14(GETNEXT), 15(OPEN)
|  |
|  |--F23:PLAN FRAGMENT [RANDOM] hosts=10 instances=10
|  |  |  Per-Instance Resources: mem-estimate=6.83MB mem-reservation=6.81MB thread-reservation=1 runtime-filters-memory=1.00MB
|  |  |  max-parallelism=10 segment-costs=[248]
|  |  JOIN BUILD
|  |  |  join-table-id=03 plan-id=04 cohort-id=02
|  |  |  build expressions: tpcds_partitioned_parquet_snap.date_dim_0.d_date_sk
|  |  |  runtime filters: RF010[bloom] <- tpcds_partitioned_parquet_snap.date_dim_0.d_date_sk
|  |  |  mem-estimate=5.81MB mem-reservation=5.81MB spill-buffer=64.00KB thread-reservation=0 cost=108
|  |  |
|  |  44:EXCHANGE [BROADCAST]
|  |  |  mem-estimate=16.00KB mem-reservation=0B thread-reservation=0
|  |  |  tuple-ids=21 row-size=12B cardinality=108 cost=140
|  |  |  in pipelines: 15(GETNEXT)
|  |  |
|  |  F07:PLAN FRAGMENT [RANDOM] hosts=1 instances=1
|  |  Per-Instance Resources: mem-estimate=16.06MB mem-reservation=512.00KB thread-reservation=1
|  |  max-parallelism=1 segment-costs=[18785]
|  |  15:SCAN HDFS [tpcds_partitioned_parquet_snap.date_dim, RANDOM]
|  |     HDFS partitions=1/1 files=1 size=2.17MB
|  |     predicates: tpcds_partitioned_parquet_snap.date_dim_0.d_year = CAST(2000 AS INT), tpcds_partitioned_parquet_snap.date_dim_0.d_moy = CAST(11 AS INT), tpcds_partitioned_parquet_snap.date_dim_0.d_date_sk IS NOT NULL
|  |     stored statistics:
|  |       table: rows=73.05K size=2.17MB
|  |       columns: all
|  |     extrapolated-rows=disabled max-scan-range-rows=73.05K
|  |     parquet statistics predicates: tpcds_partitioned_parquet_snap.date_dim_0.d_year = CAST(2000 AS INT), tpcds_partitioned_parquet_snap.date_dim_0.d_moy = CAST(11 AS INT)
|  |     parquet dictionary predicates: tpcds_partitioned_parquet_snap.date_dim_0.d_year = CAST(2000 AS INT), tpcds_partitioned_parquet_snap.date_dim_0.d_moy = CAST(11 AS INT), tpcds_partitioned_parquet_snap.date_dim_0.d_date_sk IS NOT NULL
|  |     mem-estimate=16.00MB mem-reservation=512.00KB thread-reservation=0
|  |     tuple-ids=21 row-size=12B cardinality=108 cost=18780
|  |     in pipelines: 15(GETNEXT)
|  |
|  14:SCAN HDFS [tpcds_partitioned_parquet_snap.catalog_sales, RANDOM]
|     partition predicates: tpcds_partitioned_parquet_snap.catalog_sales.cs_sold_date_sk IS NOT NULL
|     HDFS partitions=1830/1831 files=1830 size=280.81GB
|     predicates: tpcds_partitioned_parquet_snap.catalog_sales.cs_net_paid > CAST(0 AS DECIMAL(3,0)), tpcds_partitioned_parquet_snap.catalog_sales.cs_net_profit > CAST(1 AS DECIMAL(3,0)), tpcds_partitioned_parquet_snap.catalog_sales.cs_quantity > CAST(0 AS INT), tpcds_partitioned_parquet_snap.catalog_sales.cs_item_sk IS NOT NULL, tpcds_partitioned_parquet_snap.catalog_sales.cs_order_number IS NOT NULL
|     runtime filters: RF008[min_max] -> tpcds_partitioned_parquet_snap.catalog_sales.cs_item_sk, RF009[min_max] -> tpcds_partitioned_parquet_snap.catalog_sales.cs_order_number, RF006[bloom] -> tpcds_partitioned_parquet_snap.catalog_sales.cs_item_sk, RF007[bloom] -> tpcds_partitioned_parquet_snap.catalog_sales.cs_order_number, RF010[bloom] -> tpcds_partitioned_parquet_snap.catalog_sales.cs_sold_date_sk
|     stored statistics:
|       table: rows=4.32G size=280.96GB
|       partitions: 1830/1830 rows=4.30G
|       columns: all
|     extrapolated-rows=disabled max-scan-range-rows=5.09M est-scan-range=108(filtered from 1830)
|     parquet statistics predicates: tpcds_partitioned_parquet_snap.catalog_sales.cs_net_paid > CAST(0 AS DECIMAL(3,0)), tpcds_partitioned_parquet_snap.catalog_sales.cs_net_profit > CAST(1 AS DECIMAL(3,0)), tpcds_partitioned_parquet_snap.catalog_sales.cs_quantity > CAST(0 AS INT)
|     parquet dictionary predicates: tpcds_partitioned_parquet_snap.catalog_sales.cs_net_paid > CAST(0 AS DECIMAL(3,0)), tpcds_partitioned_parquet_snap.catalog_sales.cs_net_profit > CAST(1 AS DECIMAL(3,0)), tpcds_partitioned_parquet_snap.catalog_sales.cs_quantity > CAST(0 AS INT), tpcds_partitioned_parquet_snap.catalog_sales.cs_item_sk IS NOT NULL, tpcds_partitioned_parquet_snap.catalog_sales.cs_order_number IS NOT NULL
|     mem-estimate=16.00MB mem-reservation=256.00KB thread-reservation=0
|     tuple-ids=19 row-size=28B cardinality=25.35M(filtered from 429.86M) cost=137853504
|     in pipelines: 14(GETNEXT)
|
12:SELECT
|  predicates: rank() <= CAST(10 AS BIGINT) OR rank() <= CAST(10 AS BIGINT)
|  mem-estimate=0B mem-reservation=0B thread-reservation=0
|  tuple-ids=15,12 row-size=68B cardinality=12.79K cost=127863
|  in pipelines: 10(GETNEXT)
|
11:ANALYTIC
|  functions: rank()
|  order by: divide(sum(coalesce(tpcds_partitioned_parquet_snap.web_returns.wr_return_amt, 0)), sum(coalesce(tpcds_partitioned_parquet_snap.web_sales.ws_net_paid, 0))) ASC
|  window: RANGE BETWEEN UNBOUNDED PRECEDING AND CURRENT ROW
|  mem-estimate=4.00MB mem-reservation=4.00MB spill-buffer=2.00MB thread-reservation=0
|  tuple-ids=15,12 row-size=68B cardinality=127.86K cost=127863
|  in pipelines: 10(GETNEXT)
|
10:SORT
|  order by: divide(sum(coalesce(tpcds_partitioned_parquet_snap.web_returns.wr_return_amt, 0)), sum(coalesce(tpcds_partitioned_parquet_snap.web_sales.ws_net_paid, 0))) ASC NULLS LAST
|  mem-estimate=7.32MB mem-reservation=6.00MB spill-buffer=2.00MB thread-reservation=0
|  tuple-ids=15 row-size=60B cardinality=127.86K cost=385775
|  in pipelines: 10(GETNEXT), 08(OPEN)
|
09:ANALYTIC
|  functions: rank()
|  order by: divide(sum(coalesce(tpcds_partitioned_parquet_snap.web_returns.wr_return_quantity, 0)), sum(coalesce(tpcds_partitioned_parquet_snap.web_sales.ws_quantity, 0))) ASC
|  window: RANGE BETWEEN UNBOUNDED PRECEDING AND CURRENT ROW
|  mem-estimate=4.00MB mem-reservation=4.00MB spill-buffer=2.00MB thread-reservation=0
|  tuple-ids=13,10 row-size=60B cardinality=127.86K cost=127863
|  in pipelines: 08(GETNEXT)
|
43:MERGING-EXCHANGE [UNPARTITIONED]
|  order by: divide(sum(coalesce(tpcds_partitioned_parquet_snap.web_returns.wr_return_quantity, 0)), sum(coalesce(tpcds_partitioned_parquet_snap.web_sales.ws_quantity, 0))) ASC NULLS LAST
|  mem-estimate=1.18MB mem-reservation=0B thread-reservation=0
|  tuple-ids=13 row-size=52B cardinality=127.86K cost=45634
|  in pipelines: 08(GETNEXT)
|
F04:PLAN FRAGMENT [HASH(tpcds_partitioned_parquet_snap.web_sales.ws_item_sk)] hosts=10 instances=10 (adjusted from 120)
Per-Instance Resources: mem-estimate=16.00MB mem-reservation=7.94MB thread-reservation=1
max-parallelism=10 segment-costs=[442405, 341279, 214387] cpu-comparison-result=41 [max(10 (self) vs 41 (sum children))]
08:SORT
|  order by: divide(sum(coalesce(tpcds_partitioned_parquet_snap.web_returns.wr_return_quantity, 0)), sum(coalesce(tpcds_partitioned_parquet_snap.web_sales.ws_quantity, 0))) ASC NULLS LAST
|  mem-estimate=6.00MB mem-reservation=6.00MB spill-buffer=2.00MB thread-reservation=0
|  tuple-ids=13 row-size=52B cardinality=127.86K cost=341279
|  in pipelines: 08(GETNEXT), 42(OPEN)
|
42:AGGREGATE [FINALIZE]
|  output: sum:merge(coalesce(tpcds_partitioned_parquet_snap.web_returns.wr_return_quantity, 0)), sum:merge(coalesce(tpcds_partitioned_parquet_snap.web_sales.ws_quantity, 0)), sum:merge(coalesce(tpcds_partitioned_parquet_snap.web_returns.wr_return_amt, 0)), sum:merge(coalesce(tpcds_partitioned_parquet_snap.web_sales.ws_net_paid, 0))
|  group by: tpcds_partitioned_parquet_snap.web_sales.ws_item_sk
|  mem-estimate=10.00MB mem-reservation=1.94MB spill-buffer=64.00KB thread-reservation=0
|  tuple-ids=6 row-size=52B cardinality=127.86K cost=397615
|  in pipelines: 42(GETNEXT), 03(OPEN)
|
41:EXCHANGE [HASH(tpcds_partitioned_parquet_snap.web_sales.ws_item_sk)]
|  mem-estimate=1.18MB mem-reservation=0B thread-reservation=0
|  tuple-ids=6 row-size=52B cardinality=127.86K cost=44790
|  in pipelines: 03(GETNEXT)
|
F03:PLAN FRAGMENT [HASH(tpcds_partitioned_parquet_snap.web_sales.ws_item_sk,tpcds_partitioned_parquet_snap.web_sales.ws_order_number)] hosts=10 instances=10 (adjusted from 120)
Per-Instance Resources: mem-estimate=23.12MB mem-reservation=2.00MB thread-reservation=1
max-parallelism=10 segment-costs=[7944021, 494062] cpu-comparison-result=41 [max(30 (self) vs 41 (sum children))]
07:AGGREGATE [STREAMING]
|  output: sum(CAST(coalesce(tpcds_partitioned_parquet_snap.web_returns.wr_return_quantity, CAST(0 AS INT)) AS BIGINT)), sum(CAST(coalesce(tpcds_partitioned_parquet_snap.web_sales.ws_quantity, CAST(0 AS INT)) AS BIGINT)), sum(coalesce(tpcds_partitioned_parquet_snap.web_returns.wr_return_amt, CAST(0 AS DECIMAL(7,2)))), sum(coalesce(tpcds_partitioned_parquet_snap.web_sales.ws_net_paid, CAST(0 AS DECIMAL(7,2))))
|  group by: tpcds_partitioned_parquet_snap.web_sales.ws_item_sk
|  mem-estimate=10.00MB mem-reservation=2.00MB spill-buffer=64.00KB thread-reservation=0
|  tuple-ids=6 row-size=52B cardinality=127.86K cost=397615
|  in pipelines: 03(GETNEXT)
|
06:HASH JOIN [INNER JOIN, PARTITIONED]
|  hash-table-id=00
|  hash predicates: tpcds_partitioned_parquet_snap.web_sales.ws_item_sk = tpcds_partitioned_parquet_snap.web_returns.wr_item_sk, tpcds_partitioned_parquet_snap.web_sales.ws_order_number = tpcds_partitioned_parquet_snap.web_returns.wr_order_number
|  fk/pk conjuncts: tpcds_partitioned_parquet_snap.web_sales.ws_item_sk = tpcds_partitioned_parquet_snap.web_returns.wr_item_sk, tpcds_partitioned_parquet_snap.web_sales.ws_order_number = tpcds_partitioned_parquet_snap.web_returns.wr_order_number
|  mem-estimate=0B mem-reservation=0B spill-buffer=2.00MB thread-reservation=0
|  tuple-ids=2,4,0 row-size=60B cardinality=127.86K cost=3302758
|  in pipelines: 03(GETNEXT), 02(OPEN)
|
|--F20:PLAN FRAGMENT [HASH(tpcds_partitioned_parquet_snap.web_sales.ws_item_sk,tpcds_partitioned_parquet_snap.web_sales.ws_order_number)] hosts=10 instances=10 (adjusted from 120)
|  |  Per-Instance Resources: mem-estimate=107.07MB mem-reservation=51.00MB thread-reservation=1 runtime-filters-memory=17.00MB
|  |  max-parallelism=10 segment-costs=[25987283]
|  JOIN BUILD
|  |  join-table-id=00 plan-id=01 cohort-id=01
|  |  build expressions: tpcds_partitioned_parquet_snap.web_returns.wr_item_sk, tpcds_partitioned_parquet_snap.web_returns.wr_order_number
|  |  runtime filters: RF000[bloom] <- tpcds_partitioned_parquet_snap.web_returns.wr_item_sk, RF001[bloom] <- tpcds_partitioned_parquet_snap.web_returns.wr_order_number, RF002[min_max] <- tpcds_partitioned_parquet_snap.web_returns.wr_item_sk, RF003[min_max] <- tpcds_partitioned_parquet_snap.web_returns.wr_order_number
|  |  mem-estimate=79.60MB mem-reservation=34.00MB spill-buffer=2.00MB thread-reservation=0 cost=21600269
|  |
|  40:EXCHANGE [HASH(tpcds_partitioned_parquet_snap.web_returns.wr_item_sk,tpcds_partitioned_parquet_snap.web_returns.wr_order_number)]
|  |  mem-estimate=10.47MB mem-reservation=0B thread-reservation=0
|  |  tuple-ids=0 row-size=20B cardinality=21.60M cost=4387014
|  |  in pipelines: 02(GETNEXT)
|  |
|  F02:PLAN FRAGMENT [RANDOM] hosts=10 instances=20 (adjusted from 120)
|  Per-Instance Resources: mem-estimate=16.94MB mem-reservation=256.00KB thread-reservation=1
|  max-parallelism=20 segment-costs=[119367404]
|  02:SCAN HDFS [tpcds_partitioned_parquet_snap.web_returns, RANDOM]
|     HDFS partitions=2114/2114 files=2114 size=16.74GB
|     predicates: tpcds_partitioned_parquet_snap.web_returns.wr_return_amt > CAST(10000 AS DECIMAL(5,0)), tpcds_partitioned_parquet_snap.web_returns.wr_item_sk IS NOT NULL, tpcds_partitioned_parquet_snap.web_returns.wr_order_number IS NOT NULL
|     stored statistics:
|       table: rows=216.00M size=16.74GB
|       partitions: 2114/2114 rows=216.00M
|       columns: all
|     extrapolated-rows=disabled max-scan-range-rows=9.41M
|     parquet statistics predicates: tpcds_partitioned_parquet_snap.web_returns.wr_return_amt > CAST(10000 AS DECIMAL(5,0))
|     parquet dictionary predicates: tpcds_partitioned_parquet_snap.web_returns.wr_return_amt > CAST(10000 AS DECIMAL(5,0)), tpcds_partitioned_parquet_snap.web_returns.wr_item_sk IS NOT NULL, tpcds_partitioned_parquet_snap.web_returns.wr_order_number IS NOT NULL
|     mem-estimate=16.00MB mem-reservation=256.00KB thread-reservation=0
|     tuple-ids=0 row-size=20B cardinality=21.60M cost=80417799
|     in pipelines: 02(GETNEXT)
|
39:EXCHANGE [HASH(tpcds_partitioned_parquet_snap.web_sales.ws_item_sk,tpcds_partitioned_parquet_snap.web_sales.ws_order_number)]
|  mem-estimate=10.94MB mem-reservation=0B thread-reservation=0
|  tuple-ids=2,4 row-size=40B cardinality=12.79M cost=4243648
|  in pipelines: 03(GETNEXT)
|
F00:PLAN FRAGMENT [RANDOM] hosts=10 instances=20 (adjusted from 120)
Per-Host Shared Resources: mem-estimate=18.00MB mem-reservation=18.00MB thread-reservation=0 runtime-filters-memory=18.00MB
Per-Instance Resources: mem-estimate=17.88MB mem-reservation=128.00KB thread-reservation=1
max-parallelism=20 segment-costs=[121224622]
05:HASH JOIN [INNER JOIN, BROADCAST]
|  hash-table-id=01
|  hash predicates: tpcds_partitioned_parquet_snap.web_sales.ws_sold_date_sk = tpcds_partitioned_parquet_snap.date_dim.d_date_sk
|  fk/pk conjuncts: tpcds_partitioned_parquet_snap.web_sales.ws_sold_date_sk = tpcds_partitioned_parquet_snap.date_dim.d_date_sk
|  mem-estimate=0B mem-reservation=0B spill-buffer=64.00KB thread-reservation=0
|  tuple-ids=2,4 row-size=40B cardinality=12.79M cost=5596398
|  in pipelines: 03(GETNEXT), 04(OPEN)
|
|--F21:PLAN FRAGMENT [RANDOM] hosts=10 instances=10
|  |  Per-Instance Resources: mem-estimate=4.89MB mem-reservation=4.88MB thread-reservation=1 runtime-filters-memory=1.00MB
|  |  max-parallelism=10 segment-costs=[248]
|  JOIN BUILD
|  |  join-table-id=01 plan-id=02 cohort-id=01
|  |  build expressions: tpcds_partitioned_parquet_snap.date_dim.d_date_sk
|  |  runtime filters: RF004[bloom] <- tpcds_partitioned_parquet_snap.date_dim.d_date_sk
|  |  mem-estimate=3.88MB mem-reservation=3.88MB spill-buffer=64.00KB thread-reservation=0 cost=108
|  |
|  38:EXCHANGE [BROADCAST]
|  |  mem-estimate=16.00KB mem-reservation=0B thread-reservation=0
|  |  tuple-ids=4 row-size=12B cardinality=108 cost=140
|  |  in pipelines: 04(GETNEXT)
|  |
|  F01:PLAN FRAGMENT [RANDOM] hosts=1 instances=1
|  Per-Instance Resources: mem-estimate=16.06MB mem-reservation=512.00KB thread-reservation=1
|  max-parallelism=1 segment-costs=[18785]
|  04:SCAN HDFS [tpcds_partitioned_parquet_snap.date_dim, RANDOM]
|     HDFS partitions=1/1 files=1 size=2.17MB
|     predicates: tpcds_partitioned_parquet_snap.date_dim.d_year = CAST(2000 AS INT), tpcds_partitioned_parquet_snap.date_dim.d_moy = CAST(11 AS INT), tpcds_partitioned_parquet_snap.date_dim.d_date_sk IS NOT NULL
|     stored statistics:
|       table: rows=73.05K size=2.17MB
|       columns: all
|     extrapolated-rows=disabled max-scan-range-rows=73.05K
|     parquet statistics predicates: tpcds_partitioned_parquet_snap.date_dim.d_year = CAST(2000 AS INT), tpcds_partitioned_parquet_snap.date_dim.d_moy = CAST(11 AS INT)
|     parquet dictionary predicates: tpcds_partitioned_parquet_snap.date_dim.d_year = CAST(2000 AS INT), tpcds_partitioned_parquet_snap.date_dim.d_moy = CAST(11 AS INT), tpcds_partitioned_parquet_snap.date_dim.d_date_sk IS NOT NULL
|     mem-estimate=16.00MB mem-reservation=512.00KB thread-reservation=0
|     tuple-ids=4 row-size=12B cardinality=108 cost=18780
|     in pipelines: 04(GETNEXT)
|
03:SCAN HDFS [tpcds_partitioned_parquet_snap.web_sales, RANDOM]
   partition predicates: tpcds_partitioned_parquet_snap.web_sales.ws_sold_date_sk IS NOT NULL
   HDFS partitions=1823/1824 files=1823 size=145.67GB
   predicates: tpcds_partitioned_parquet_snap.web_sales.ws_net_paid > CAST(0 AS DECIMAL(3,0)), tpcds_partitioned_parquet_snap.web_sales.ws_net_profit > CAST(1 AS DECIMAL(3,0)), tpcds_partitioned_parquet_snap.web_sales.ws_quantity > CAST(0 AS INT), tpcds_partitioned_parquet_snap.web_sales.ws_item_sk IS NOT NULL, tpcds_partitioned_parquet_snap.web_sales.ws_order_number IS NOT NULL
   runtime filters: RF002[min_max] -> tpcds_partitioned_parquet_snap.web_sales.ws_item_sk, RF003[min_max] -> tpcds_partitioned_parquet_snap.web_sales.ws_order_number, RF000[bloom] -> tpcds_partitioned_parquet_snap.web_sales.ws_item_sk, RF001[bloom] -> tpcds_partitioned_parquet_snap.web_sales.ws_order_number, RF004[bloom] -> tpcds_partitioned_parquet_snap.web_sales.ws_sold_date_sk
   stored statistics:
     table: rows=2.16G size=145.75GB
     partitions: 1823/1823 rows=2.16G
     columns: all
   extrapolated-rows=disabled max-scan-range-rows=3.37M est-scan-range=108(filtered from 1823)
   parquet statistics predicates: tpcds_partitioned_parquet_snap.web_sales.ws_net_paid > CAST(0 AS DECIMAL(3,0)), tpcds_partitioned_parquet_snap.web_sales.ws_net_profit > CAST(1 AS DECIMAL(3,0)), tpcds_partitioned_parquet_snap.web_sales.ws_quantity > CAST(0 AS INT)
   parquet dictionary predicates: tpcds_partitioned_parquet_snap.web_sales.ws_net_paid > CAST(0 AS DECIMAL(3,0)), tpcds_partitioned_parquet_snap.web_sales.ws_net_profit > CAST(1 AS DECIMAL(3,0)), tpcds_partitioned_parquet_snap.web_sales.ws_quantity > CAST(0 AS INT), tpcds_partitioned_parquet_snap.web_sales.ws_item_sk IS NOT NULL, tpcds_partitioned_parquet_snap.web_sales.ws_order_number IS NOT NULL
   mem-estimate=16.00MB mem-reservation=128.00KB thread-reservation=0
   tuple-ids=2 row-size=28B cardinality=12.79M(filtered from 215.94M) cost=69517068
   in pipelines: 03(GETNEXT)
---- PARALLELPLANS
Max Per-Host Resource Reservation: Memory=357.03MB Threads=36
Per-Host Resource Estimates: Memory=1.48GB
F19:PLAN FRAGMENT [UNPARTITIONED] hosts=1 instances=1
|  Per-Instance Resources: mem-estimate=280.31MB mem-reservation=82.00MB thread-reservation=1
|  max-parallelism=1 segment-costs=[1575427, 559272, 1109040, 994746, 1164496, 676429, 500] cpu-comparison-result=163 [max(1 (self) vs 163 (sum children))]
PLAN-ROOT SINK
|  output exprs: CHANNEL, ITEM, RETURN_RATIO, RETURN_RANK, CURRENCY_RANK
|  mem-estimate=4.00MB mem-reservation=4.00MB spill-buffer=2.00MB thread-reservation=0 cost=500
|
37:TOP-N [LIMIT=100]
|  order by: CHANNEL ASC NULLS LAST, RETURN_RANK ASC NULLS LAST, CURRENCY_RANK ASC NULLS LAST, ITEM ASC NULLS LAST
|  mem-estimate=4.69KB mem-reservation=0B thread-reservation=0
|  tuple-ids=55 row-size=48B cardinality=100 cost=676429
|  in pipelines: 37(GETNEXT), 36(OPEN)
|
36:AGGREGATE [FINALIZE]
|  group by: CHANNEL, ITEM, RETURN_RATIO, RETURN_RANK, CURRENCY_RANK
|  mem-estimate=128.00MB mem-reservation=34.00MB spill-buffer=2.00MB thread-reservation=0
|  tuple-ids=54 row-size=48B cardinality=74.16K cost=437730
|  in pipelines: 36(GETNEXT), 24(OPEN), 33(OPEN)
|
00:UNION
|  pass-through-operands: 24
|  mem-estimate=0B mem-reservation=0B thread-reservation=0
|  tuple-ids=53 row-size=48B cardinality=74.16K cost=6406
|  in pipelines: 24(GETNEXT), 33(GETNEXT)
|
|--35:SELECT
|  |  predicates: rank() <= CAST(10 AS BIGINT) OR rank() <= CAST(10 AS BIGINT)
|  |  mem-estimate=0B mem-reservation=0B thread-reservation=0
|  |  tuple-ids=51,48 row-size=68B cardinality=36.02K cost=360180
|  |  in pipelines: 33(GETNEXT)
|  |
|  34:ANALYTIC
|  |  functions: rank()
|  |  order by: divide(sum(coalesce(tpcds_partitioned_parquet_snap.store_returns.sr_return_amt, 0)), sum(coalesce(tpcds_partitioned_parquet_snap.store_sales.ss_net_paid, 0))) ASC
|  |  window: RANGE BETWEEN UNBOUNDED PRECEDING AND CURRENT ROW
|  |  mem-estimate=4.00MB mem-reservation=4.00MB spill-buffer=2.00MB thread-reservation=0
|  |  tuple-ids=51,48 row-size=68B cardinality=360.18K cost=360180
|  |  in pipelines: 33(GETNEXT)
|  |
|  33:SORT
|  |  order by: divide(sum(coalesce(tpcds_partitioned_parquet_snap.store_returns.sr_return_amt, 0)), sum(coalesce(tpcds_partitioned_parquet_snap.store_sales.ss_net_paid, 0))) ASC NULLS LAST
|  |  mem-estimate=20.61MB mem-reservation=6.00MB spill-buffer=2.00MB thread-reservation=0
|  |  tuple-ids=51 row-size=60B cardinality=360.18K cost=1086699
|  |  in pipelines: 33(GETNEXT), 31(OPEN)
|  |
|  32:ANALYTIC
|  |  functions: rank()
|  |  order by: divide(sum(coalesce(tpcds_partitioned_parquet_snap.store_returns.sr_return_quantity, 0)), sum(coalesce(tpcds_partitioned_parquet_snap.store_sales.ss_quantity, 0))) ASC
|  |  window: RANGE BETWEEN UNBOUNDED PRECEDING AND CURRENT ROW
|  |  mem-estimate=4.00MB mem-reservation=4.00MB spill-buffer=2.00MB thread-reservation=0
|  |  tuple-ids=49,46 row-size=60B cardinality=360.18K cost=360180
|  |  in pipelines: 31(GETNEXT)
|  |
|  55:MERGING-EXCHANGE [UNPARTITIONED]
|  |  order by: divide(sum(coalesce(tpcds_partitioned_parquet_snap.store_returns.sr_return_quantity, 0)), sum(coalesce(tpcds_partitioned_parquet_snap.store_sales.ss_quantity, 0))) ASC NULLS LAST
|  |  mem-estimate=2.33MB mem-reservation=0B thread-reservation=0
|  |  tuple-ids=49 row-size=52B cardinality=360.18K cost=128548
|  |  in pipelines: 31(GETNEXT)
|  |
|  F17:PLAN FRAGMENT [HASH(tpcds_partitioned_parquet_snap.store_sales.ss_item_sk)] hosts=10 instances=10 (adjusted from 120)
|  Per-Instance Resources: mem-estimate=16.00MB mem-reservation=10.75MB thread-reservation=1
|  max-parallelism=10 segment-costs=[1353418, 961356, 603913] cpu-comparison-result=71 [max(10 (self) vs 71 (sum children))]
|  31:SORT
|  |  order by: divide(sum(coalesce(tpcds_partitioned_parquet_snap.store_returns.sr_return_quantity, 0)), sum(coalesce(tpcds_partitioned_parquet_snap.store_sales.ss_quantity, 0))) ASC NULLS LAST
|  |  mem-estimate=6.00MB mem-reservation=6.00MB spill-buffer=2.00MB thread-reservation=0
|  |  tuple-ids=49 row-size=52B cardinality=360.18K cost=961356
|  |  in pipelines: 31(GETNEXT), 54(OPEN)
|  |
|  54:AGGREGATE [FINALIZE]
|  |  output: sum:merge(coalesce(tpcds_partitioned_parquet_snap.store_returns.sr_return_quantity, 0)), sum:merge(coalesce(tpcds_partitioned_parquet_snap.store_sales.ss_quantity, 0)), sum:merge(coalesce(tpcds_partitioned_parquet_snap.store_returns.sr_return_amt, 0)), sum:merge(coalesce(tpcds_partitioned_parquet_snap.store_sales.ss_net_paid, 0))
|  |  group by: tpcds_partitioned_parquet_snap.store_sales.ss_item_sk
|  |  mem-estimate=10.00MB mem-reservation=4.75MB spill-buffer=256.00KB thread-reservation=0
|  |  tuple-ids=42 row-size=52B cardinality=360.18K cost=1183215
|  |  in pipelines: 54(GETNEXT), 26(OPEN)
|  |
|  53:EXCHANGE [HASH(tpcds_partitioned_parquet_snap.store_sales.ss_item_sk)]
|  |  mem-estimate=2.96MB mem-reservation=0B thread-reservation=0
|  |  tuple-ids=42 row-size=52B cardinality=485.88K cost=170203
|  |  in pipelines: 26(GETNEXT)
|  |
|  F16:PLAN FRAGMENT [HASH(tpcds_partitioned_parquet_snap.store_sales.ss_item_sk,tpcds_partitioned_parquet_snap.store_sales.ss_ticket_number)] hosts=10 instances=10 (adjusted from 120)
|  Per-Instance Resources: mem-estimate=24.53MB mem-reservation=5.00MB thread-reservation=1
|  max-parallelism=10 segment-costs=[30342319, 1877440] cpu-comparison-result=71 [max(60 (self) vs 71 (sum children))]
|  30:AGGREGATE [STREAMING]
|  |  output: sum(CAST(coalesce(tpcds_partitioned_parquet_snap.store_returns.sr_return_quantity, CAST(0 AS INT)) AS BIGINT)), sum(CAST(coalesce(tpcds_partitioned_parquet_snap.store_sales.ss_quantity, CAST(0 AS INT)) AS BIGINT)), sum(coalesce(tpcds_partitioned_parquet_snap.store_returns.sr_return_amt, CAST(0 AS DECIMAL(7,2)))), sum(coalesce(tpcds_partitioned_parquet_snap.store_sales.ss_net_paid, CAST(0 AS DECIMAL(7,2))))
|  |  group by: tpcds_partitioned_parquet_snap.store_sales.ss_item_sk
|  |  mem-estimate=10.00MB mem-reservation=5.00MB spill-buffer=256.00KB thread-reservation=0
|  |  tuple-ids=42 row-size=52B cardinality=485.88K cost=1512241
|  |  in pipelines: 26(GETNEXT)
|  |
|  29:HASH JOIN [INNER JOIN, PARTITIONED]
|  |  hash-table-id=04
|  |  hash predicates: tpcds_partitioned_parquet_snap.store_sales.ss_item_sk = tpcds_partitioned_parquet_snap.store_returns.sr_item_sk, tpcds_partitioned_parquet_snap.store_sales.ss_ticket_number = tpcds_partitioned_parquet_snap.store_returns.sr_ticket_number
|  |  fk/pk conjuncts: tpcds_partitioned_parquet_snap.store_sales.ss_item_sk = tpcds_partitioned_parquet_snap.store_returns.sr_item_sk, tpcds_partitioned_parquet_snap.store_sales.ss_ticket_number = tpcds_partitioned_parquet_snap.store_returns.sr_ticket_number
|  |  mem-estimate=0B mem-reservation=0B spill-buffer=2.00MB thread-reservation=0
|  |  tuple-ids=38,40,36 row-size=60B cardinality=488.47K cost=12617763
|  |  in pipelines: 26(GETNEXT), 25(OPEN)
|  |
|  |--F24:PLAN FRAGMENT [HASH(tpcds_partitioned_parquet_snap.store_sales.ss_item_sk,tpcds_partitioned_parquet_snap.store_sales.ss_ticket_number)] hosts=10 instances=10 (adjusted from 120)
|  |  |  Per-Instance Resources: mem-estimate=346.56MB mem-reservation=51.00MB thread-reservation=1 runtime-filters-memory=17.00MB
|  |  |  max-parallelism=10 segment-costs=[103946472]
|  |  JOIN BUILD
|  |  |  join-table-id=04 plan-id=05 cohort-id=03
|  |  |  build expressions: tpcds_partitioned_parquet_snap.store_returns.sr_item_sk, tpcds_partitioned_parquet_snap.store_returns.sr_ticket_number
|  |  |  runtime filters: RF012[bloom] <- tpcds_partitioned_parquet_snap.store_returns.sr_item_sk, RF013[bloom] <- tpcds_partitioned_parquet_snap.store_returns.sr_ticket_number, RF014[min_max] <- tpcds_partitioned_parquet_snap.store_returns.sr_item_sk, RF015[min_max] <- tpcds_partitioned_parquet_snap.store_returns.sr_ticket_number
|  |  |  mem-estimate=318.39MB mem-reservation=34.00MB spill-buffer=2.00MB thread-reservation=0 cost=86398863
|  |  |
|  |  52:EXCHANGE [HASH(tpcds_partitioned_parquet_snap.store_returns.sr_item_sk,tpcds_partitioned_parquet_snap.store_returns.sr_ticket_number)]
|  |  |  mem-estimate=11.17MB mem-reservation=0B thread-reservation=0
|  |  |  tuple-ids=36 row-size=20B cardinality=86.40M cost=17547609
|  |  |  in pipelines: 25(GETNEXT)
|  |  |
|  |  F15:PLAN FRAGMENT [RANDOM] hosts=10 instances=50 (adjusted from 120)
|  |  Per-Instance Resources: mem-estimate=16.94MB mem-reservation=512.00KB thread-reservation=1
|  |  max-parallelism=50 segment-costs=[477457396]
|  |  25:SCAN HDFS [tpcds_partitioned_parquet_snap.store_returns, RANDOM]
|  |     HDFS partitions=2004/2004 files=2004 size=48.14GB
|  |     predicates: tpcds_partitioned_parquet_snap.store_returns.sr_return_amt > CAST(10000 AS DECIMAL(5,0)), tpcds_partitioned_parquet_snap.store_returns.sr_item_sk IS NOT NULL, tpcds_partitioned_parquet_snap.store_returns.sr_ticket_number IS NOT NULL
|  |     stored statistics:
|  |       table: rows=863.99M size=48.14GB
|  |       partitions: 2004/2004 rows=863.99M
|  |       columns: all
|  |     extrapolated-rows=disabled max-scan-range-rows=30.09M
|  |     parquet statistics predicates: tpcds_partitioned_parquet_snap.store_returns.sr_return_amt > CAST(10000 AS DECIMAL(5,0))
|  |     parquet dictionary predicates: tpcds_partitioned_parquet_snap.store_returns.sr_return_amt > CAST(10000 AS DECIMAL(5,0)), tpcds_partitioned_parquet_snap.store_returns.sr_item_sk IS NOT NULL, tpcds_partitioned_parquet_snap.store_returns.sr_ticket_number IS NOT NULL
|  |     mem-estimate=16.00MB mem-reservation=512.00KB thread-reservation=0
|  |     tuple-ids=36 row-size=20B cardinality=86.40M cost=321662967
|  |     in pipelines: 25(GETNEXT)
|  |
|  51:EXCHANGE [HASH(tpcds_partitioned_parquet_snap.store_sales.ss_item_sk,tpcds_partitioned_parquet_snap.store_sales.ss_ticket_number)]
|  |  mem-estimate=12.34MB mem-reservation=0B thread-reservation=0
|  |  tuple-ids=38,40 row-size=40B cardinality=48.85M cost=16212315
|  |  in pipelines: 26(GETNEXT)
|  |
|  F13:PLAN FRAGMENT [RANDOM] hosts=10 instances=50 (adjusted from 120)
|  Per-Host Shared Resources: mem-estimate=18.00MB mem-reservation=18.00MB thread-reservation=0 runtime-filters-memory=18.00MB
|  Per-Instance Resources: mem-estimate=17.88MB mem-reservation=512.00KB thread-reservation=1
|  max-parallelism=50 segment-costs=[463123194]
|  28:HASH JOIN [INNER JOIN, BROADCAST]
|  |  hash-table-id=05
|  |  hash predicates: tpcds_partitioned_parquet_snap.store_sales.ss_sold_date_sk = tpcds_partitioned_parquet_snap.date_dim_1.d_date_sk
|  |  fk/pk conjuncts: tpcds_partitioned_parquet_snap.store_sales.ss_sold_date_sk = tpcds_partitioned_parquet_snap.date_dim_1.d_date_sk
|  |  mem-estimate=0B mem-reservation=0B spill-buffer=64.00KB thread-reservation=0
|  |  tuple-ids=38,40 row-size=40B cardinality=48.85M cost=21380327
|  |  in pipelines: 26(GETNEXT), 27(OPEN)
|  |
|  |--F25:PLAN FRAGMENT [RANDOM] hosts=10 instances=10
|  |  |  Per-Instance Resources: mem-estimate=10.70MB mem-reservation=10.69MB thread-reservation=1 runtime-filters-memory=1.00MB
|  |  |  max-parallelism=10 segment-costs=[248]
|  |  JOIN BUILD
|  |  |  join-table-id=05 plan-id=06 cohort-id=03
|  |  |  build expressions: tpcds_partitioned_parquet_snap.date_dim_1.d_date_sk
|  |  |  runtime filters: RF016[bloom] <- tpcds_partitioned_parquet_snap.date_dim_1.d_date_sk
|  |  |  mem-estimate=9.69MB mem-reservation=9.69MB spill-buffer=64.00KB thread-reservation=0 cost=108
|  |  |
|  |  50:EXCHANGE [BROADCAST]
|  |  |  mem-estimate=16.00KB mem-reservation=0B thread-reservation=0
|  |  |  tuple-ids=40 row-size=12B cardinality=108 cost=140
|  |  |  in pipelines: 27(GETNEXT)
|  |  |
|  |  F14:PLAN FRAGMENT [RANDOM] hosts=1 instances=1
|  |  Per-Instance Resources: mem-estimate=16.06MB mem-reservation=512.00KB thread-reservation=1
|  |  max-parallelism=1 segment-costs=[18785]
|  |  27:SCAN HDFS [tpcds_partitioned_parquet_snap.date_dim, RANDOM]
|  |     HDFS partitions=1/1 files=1 size=2.17MB
|  |     predicates: tpcds_partitioned_parquet_snap.date_dim_1.d_year = CAST(2000 AS INT), tpcds_partitioned_parquet_snap.date_dim_1.d_moy = CAST(11 AS INT), tpcds_partitioned_parquet_snap.date_dim_1.d_date_sk IS NOT NULL
|  |     stored statistics:
|  |       table: rows=73.05K size=2.17MB
|  |       columns: all
|  |     extrapolated-rows=disabled max-scan-range-rows=73.05K
|  |     parquet statistics predicates: tpcds_partitioned_parquet_snap.date_dim_1.d_year = CAST(2000 AS INT), tpcds_partitioned_parquet_snap.date_dim_1.d_moy = CAST(11 AS INT)
|  |     parquet dictionary predicates: tpcds_partitioned_parquet_snap.date_dim_1.d_year = CAST(2000 AS INT), tpcds_partitioned_parquet_snap.date_dim_1.d_moy = CAST(11 AS INT), tpcds_partitioned_parquet_snap.date_dim_1.d_date_sk IS NOT NULL
|  |     mem-estimate=16.00MB mem-reservation=512.00KB thread-reservation=0
|  |     tuple-ids=40 row-size=12B cardinality=108 cost=18780
|  |     in pipelines: 27(GETNEXT)
|  |
|  26:SCAN HDFS [tpcds_partitioned_parquet_snap.store_sales, RANDOM]
|     partition predicates: tpcds_partitioned_parquet_snap.store_sales.ss_sold_date_sk IS NOT NULL
|     HDFS partitions=1823/1824 files=1823 size=389.69GB
|     predicates: tpcds_partitioned_parquet_snap.store_sales.ss_net_paid > CAST(0 AS DECIMAL(3,0)), tpcds_partitioned_parquet_snap.store_sales.ss_net_profit > CAST(1 AS DECIMAL(3,0)), tpcds_partitioned_parquet_snap.store_sales.ss_quantity > CAST(0 AS INT), tpcds_partitioned_parquet_snap.store_sales.ss_item_sk IS NOT NULL, tpcds_partitioned_parquet_snap.store_sales.ss_ticket_number IS NOT NULL
|     runtime filters: RF014[min_max] -> tpcds_partitioned_parquet_snap.store_sales.ss_item_sk, RF015[min_max] -> tpcds_partitioned_parquet_snap.store_sales.ss_ticket_number, RF012[bloom] -> tpcds_partitioned_parquet_snap.store_sales.ss_item_sk, RF013[bloom] -> tpcds_partitioned_parquet_snap.store_sales.ss_ticket_number, RF016[bloom] -> tpcds_partitioned_parquet_snap.store_sales.ss_sold_date_sk
|     stored statistics:
|       table: rows=8.64G size=389.90GB
|       partitions: 1823/1823 rows=8.25G
|       columns: all
|     extrapolated-rows=disabled max-scan-range-rows=12.24M est-scan-range=108(filtered from 1823)
|     parquet statistics predicates: tpcds_partitioned_parquet_snap.store_sales.ss_net_paid > CAST(0 AS DECIMAL(3,0)), tpcds_partitioned_parquet_snap.store_sales.ss_net_profit > CAST(1 AS DECIMAL(3,0)), tpcds_partitioned_parquet_snap.store_sales.ss_quantity > CAST(0 AS INT)
|     parquet dictionary predicates: tpcds_partitioned_parquet_snap.store_sales.ss_net_paid > CAST(0 AS DECIMAL(3,0)), tpcds_partitioned_parquet_snap.store_sales.ss_net_profit > CAST(1 AS DECIMAL(3,0)), tpcds_partitioned_parquet_snap.store_sales.ss_quantity > CAST(0 AS INT), tpcds_partitioned_parquet_snap.store_sales.ss_item_sk IS NOT NULL, tpcds_partitioned_parquet_snap.store_sales.ss_ticket_number IS NOT NULL
|     mem-estimate=16.00MB mem-reservation=512.00KB thread-reservation=0
|     tuple-ids=38 row-size=28B cardinality=48.85M(filtered from 824.97M) cost=265581083
|     in pipelines: 26(GETNEXT)
|
24:AGGREGATE [FINALIZE]
|  group by: CHANNEL, ITEM, RETURN_RATIO, RETURN_RANK, CURRENCY_RANK
|  mem-estimate=128.00MB mem-reservation=34.00MB spill-buffer=2.00MB thread-reservation=0
|  tuple-ids=35 row-size=48B cardinality=38.14K cost=225131
|  in pipelines: 24(GETNEXT), 10(OPEN), 21(OPEN)
|
01:UNION
|  mem-estimate=0B mem-reservation=0B thread-reservation=0
|  tuple-ids=34 row-size=48B cardinality=38.14K cost=6783
|  in pipelines: 10(GETNEXT), 21(GETNEXT)
|
|--23:SELECT
|  |  predicates: rank() <= CAST(10 AS BIGINT) OR rank() <= CAST(10 AS BIGINT)
|  |  mem-estimate=0B mem-reservation=0B thread-reservation=0
|  |  tuple-ids=32,29 row-size=68B cardinality=25.36K cost=253553
|  |  in pipelines: 21(GETNEXT)
|  |
|  22:ANALYTIC
|  |  functions: rank()
|  |  order by: divide(sum(coalesce(tpcds_partitioned_parquet_snap.catalog_returns.cr_return_amount, 0)), sum(coalesce(tpcds_partitioned_parquet_snap.catalog_sales.cs_net_paid, 0))) ASC
|  |  window: RANGE BETWEEN UNBOUNDED PRECEDING AND CURRENT ROW
|  |  mem-estimate=4.00MB mem-reservation=4.00MB spill-buffer=2.00MB thread-reservation=0
|  |  tuple-ids=32,29 row-size=68B cardinality=253.55K cost=253553
|  |  in pipelines: 21(GETNEXT)
|  |
|  21:SORT
|  |  order by: divide(sum(coalesce(tpcds_partitioned_parquet_snap.catalog_returns.cr_return_amount, 0)), sum(coalesce(tpcds_partitioned_parquet_snap.catalog_sales.cs_net_paid, 0))) ASC NULLS LAST
|  |  mem-estimate=14.51MB mem-reservation=6.00MB spill-buffer=2.00MB thread-reservation=0
|  |  tuple-ids=32 row-size=60B cardinality=253.55K cost=764994
|  |  in pipelines: 21(GETNEXT), 19(OPEN)
|  |
|  20:ANALYTIC
|  |  functions: rank()
|  |  order by: divide(sum(coalesce(tpcds_partitioned_parquet_snap.catalog_returns.cr_return_quantity, 0)), sum(coalesce(tpcds_partitioned_parquet_snap.catalog_sales.cs_quantity, 0))) ASC
|  |  window: RANGE BETWEEN UNBOUNDED PRECEDING AND CURRENT ROW
|  |  mem-estimate=4.00MB mem-reservation=4.00MB spill-buffer=2.00MB thread-reservation=0
|  |  tuple-ids=30,27 row-size=60B cardinality=253.55K cost=253553
|  |  in pipelines: 19(GETNEXT)
|  |
|  49:MERGING-EXCHANGE [UNPARTITIONED]
|  |  order by: divide(sum(coalesce(tpcds_partitioned_parquet_snap.catalog_returns.cr_return_quantity, 0)), sum(coalesce(tpcds_partitioned_parquet_snap.catalog_sales.cs_quantity, 0))) ASC NULLS LAST
|  |  mem-estimate=1.80MB mem-reservation=0B thread-reservation=0
|  |  tuple-ids=30 row-size=52B cardinality=253.55K cost=90493
|  |  in pipelines: 19(GETNEXT)
|  |
|  F10:PLAN FRAGMENT [HASH(tpcds_partitioned_parquet_snap.catalog_sales.cs_item_sk)] hosts=10 instances=10 (adjusted from 120)
|  Per-Instance Resources: mem-estimate=16.00MB mem-reservation=8.88MB thread-reservation=1
|  max-parallelism=10 segment-costs=[877292, 676758, 425132] cpu-comparison-result=51 [max(10 (self) vs 51 (sum children))]
|  19:SORT
|  |  order by: divide(sum(coalesce(tpcds_partitioned_parquet_snap.catalog_returns.cr_return_quantity, 0)), sum(coalesce(tpcds_partitioned_parquet_snap.catalog_sales.cs_quantity, 0))) ASC NULLS LAST
|  |  mem-estimate=6.00MB mem-reservation=6.00MB spill-buffer=2.00MB thread-reservation=0
|  |  tuple-ids=30 row-size=52B cardinality=253.55K cost=676758
|  |  in pipelines: 19(GETNEXT), 48(OPEN)
|  |
|  48:AGGREGATE [FINALIZE]
|  |  output: sum:merge(coalesce(tpcds_partitioned_parquet_snap.catalog_returns.cr_return_quantity, 0)), sum:merge(coalesce(tpcds_partitioned_parquet_snap.catalog_sales.cs_quantity, 0)), sum:merge(coalesce(tpcds_partitioned_parquet_snap.catalog_returns.cr_return_amount, 0)), sum:merge(coalesce(tpcds_partitioned_parquet_snap.catalog_sales.cs_net_paid, 0))
|  |  group by: tpcds_partitioned_parquet_snap.catalog_sales.cs_item_sk
|  |  mem-estimate=10.00MB mem-reservation=2.88MB spill-buffer=128.00KB thread-reservation=0
|  |  tuple-ids=23 row-size=52B cardinality=253.55K cost=788473
|  |  in pipelines: 48(GETNEXT), 14(OPEN)
|  |
|  47:EXCHANGE [HASH(tpcds_partitioned_parquet_snap.catalog_sales.cs_item_sk)]
|  |  mem-estimate=1.80MB mem-reservation=0B thread-reservation=0
|  |  tuple-ids=23 row-size=52B cardinality=253.55K cost=88819
|  |  in pipelines: 14(GETNEXT)
|  |
|  F09:PLAN FRAGMENT [HASH(tpcds_partitioned_parquet_snap.catalog_sales.cs_item_sk,tpcds_partitioned_parquet_snap.catalog_sales.cs_order_number)] hosts=10 instances=10 (adjusted from 120)
|  Per-Instance Resources: mem-estimate=23.59MB mem-reservation=3.00MB thread-reservation=1
|  max-parallelism=10 segment-costs=[15753122, 979728] cpu-comparison-result=51 [max(40 (self) vs 51 (sum children))]
|  18:AGGREGATE [STREAMING]
|  |  output: sum(CAST(coalesce(tpcds_partitioned_parquet_snap.catalog_returns.cr_return_quantity, CAST(0 AS INT)) AS BIGINT)), sum(CAST(coalesce(tpcds_partitioned_parquet_snap.catalog_sales.cs_quantity, CAST(0 AS INT)) AS BIGINT)), sum(coalesce(tpcds_partitioned_parquet_snap.catalog_returns.cr_return_amount, CAST(0 AS DECIMAL(7,2)))), sum(coalesce(tpcds_partitioned_parquet_snap.catalog_sales.cs_net_paid, CAST(0 AS DECIMAL(7,2))))
|  |  group by: tpcds_partitioned_parquet_snap.catalog_sales.cs_item_sk
|  |  mem-estimate=10.00MB mem-reservation=3.00MB spill-buffer=128.00KB thread-reservation=0
|  |  tuple-ids=23 row-size=52B cardinality=253.55K cost=788473
|  |  in pipelines: 14(GETNEXT)
|  |
|  17:HASH JOIN [INNER JOIN, PARTITIONED]
|  |  hash-table-id=02
|  |  hash predicates: tpcds_partitioned_parquet_snap.catalog_sales.cs_item_sk = tpcds_partitioned_parquet_snap.catalog_returns.cr_item_sk, tpcds_partitioned_parquet_snap.catalog_sales.cs_order_number = tpcds_partitioned_parquet_snap.catalog_returns.cr_order_number
|  |  fk/pk conjuncts: tpcds_partitioned_parquet_snap.catalog_sales.cs_item_sk = tpcds_partitioned_parquet_snap.catalog_returns.cr_item_sk, tpcds_partitioned_parquet_snap.catalog_sales.cs_order_number = tpcds_partitioned_parquet_snap.catalog_returns.cr_order_number
|  |  mem-estimate=0B mem-reservation=0B spill-buffer=2.00MB thread-reservation=0
|  |  tuple-ids=19,21,17 row-size=60B cardinality=253.55K cost=6549424
|  |  in pipelines: 14(GETNEXT), 13(OPEN)
|  |
|  |--F22:PLAN FRAGMENT [HASH(tpcds_partitioned_parquet_snap.catalog_sales.cs_item_sk,tpcds_partitioned_parquet_snap.catalog_sales.cs_order_number)] hosts=10 instances=10 (adjusted from 120)
|  |  |  Per-Instance Resources: mem-estimate=186.90MB mem-reservation=51.00MB thread-reservation=1 runtime-filters-memory=17.00MB
|  |  |  max-parallelism=10 segment-costs=[51975964]
|  |  JOIN BUILD
|  |  |  join-table-id=02 plan-id=03 cohort-id=02
|  |  |  build expressions: tpcds_partitioned_parquet_snap.catalog_returns.cr_item_sk, tpcds_partitioned_parquet_snap.catalog_returns.cr_order_number
|  |  |  runtime filters: RF006[bloom] <- tpcds_partitioned_parquet_snap.catalog_returns.cr_item_sk, RF007[bloom] <- tpcds_partitioned_parquet_snap.catalog_returns.cr_order_number, RF008[min_max] <- tpcds_partitioned_parquet_snap.catalog_returns.cr_item_sk, RF009[min_max] <- tpcds_partitioned_parquet_snap.catalog_returns.cr_order_number
|  |  |  mem-estimate=159.20MB mem-reservation=34.00MB spill-buffer=2.00MB thread-reservation=0 cost=43201699
|  |  |
|  |  46:EXCHANGE [HASH(tpcds_partitioned_parquet_snap.catalog_returns.cr_item_sk,tpcds_partitioned_parquet_snap.catalog_returns.cr_order_number)]
|  |  |  mem-estimate=10.70MB mem-reservation=0B thread-reservation=0
|  |  |  tuple-ids=17 row-size=20B cardinality=43.20M cost=8774265
|  |  |  in pipelines: 13(GETNEXT)
|  |  |
|  |  F08:PLAN FRAGMENT [RANDOM] hosts=10 instances=30 (adjusted from 120)
|  |  Per-Instance Resources: mem-estimate=16.94MB mem-reservation=32.00KB thread-reservation=1
|  |  max-parallelism=30 segment-costs=[238741228]
|  |  13:SCAN HDFS [tpcds_partitioned_parquet_snap.catalog_returns, RANDOM]
|  |     HDFS partitions=2060/2060 files=2060 size=32.77GB
|  |     predicates: tpcds_partitioned_parquet_snap.catalog_returns.cr_return_amount > CAST(10000 AS DECIMAL(5,0)), tpcds_partitioned_parquet_snap.catalog_returns.cr_item_sk IS NOT NULL, tpcds_partitioned_parquet_snap.catalog_returns.cr_order_number IS NOT NULL
|  |     stored statistics:
|  |       table: rows=432.02M size=32.77GB
|  |       partitions: 2060/2060 rows=432.02M
|  |       columns: all
|  |     extrapolated-rows=disabled max-scan-range-rows=416.82K
|  |     parquet statistics predicates: tpcds_partitioned_parquet_snap.catalog_returns.cr_return_amount > CAST(10000 AS DECIMAL(5,0))
|  |     parquet dictionary predicates: tpcds_partitioned_parquet_snap.catalog_returns.cr_return_amount > CAST(10000 AS DECIMAL(5,0)), tpcds_partitioned_parquet_snap.catalog_returns.cr_item_sk IS NOT NULL, tpcds_partitioned_parquet_snap.catalog_returns.cr_order_number IS NOT NULL
|  |     mem-estimate=16.00MB mem-reservation=32.00KB thread-reservation=0
|  |     tuple-ids=17 row-size=20B cardinality=43.20M cost=160839925
|  |     in pipelines: 13(GETNEXT)
|  |
|  45:EXCHANGE [HASH(tpcds_partitioned_parquet_snap.catalog_sales.cs_item_sk,tpcds_partitioned_parquet_snap.catalog_sales.cs_order_number)]
|  |  mem-estimate=11.41MB mem-reservation=0B thread-reservation=0
|  |  tuple-ids=19,21 row-size=40B cardinality=25.35M cost=8415225
|  |  in pipelines: 14(GETNEXT)
|  |
|  F06:PLAN FRAGMENT [RANDOM] hosts=10 instances=30 (adjusted from 120)
|  Per-Host Shared Resources: mem-estimate=18.00MB mem-reservation=18.00MB thread-reservation=0 runtime-filters-memory=18.00MB
|  Per-Instance Resources: mem-estimate=17.88MB mem-reservation=256.00KB thread-reservation=1
|  max-parallelism=30 segment-costs=[240390449]
|  16:HASH JOIN [INNER JOIN, BROADCAST]
|  |  hash-table-id=03
|  |  hash predicates: tpcds_partitioned_parquet_snap.catalog_sales.cs_sold_date_sk = tpcds_partitioned_parquet_snap.date_dim_0.d_date_sk
|  |  fk/pk conjuncts: tpcds_partitioned_parquet_snap.catalog_sales.cs_sold_date_sk = tpcds_partitioned_parquet_snap.date_dim_0.d_date_sk
|  |  mem-estimate=0B mem-reservation=0B spill-buffer=64.00KB thread-reservation=0
|  |  tuple-ids=19,21 row-size=40B cardinality=25.35M cost=11097752
|  |  in pipelines: 14(GETNEXT), 15(OPEN)
|  |
|  |--F23:PLAN FRAGMENT [RANDOM] hosts=10 instances=10
|  |  |  Per-Instance Resources: mem-estimate=6.83MB mem-reservation=6.81MB thread-reservation=1 runtime-filters-memory=1.00MB
|  |  |  max-parallelism=10 segment-costs=[248]
|  |  JOIN BUILD
|  |  |  join-table-id=03 plan-id=04 cohort-id=02
|  |  |  build expressions: tpcds_partitioned_parquet_snap.date_dim_0.d_date_sk
|  |  |  runtime filters: RF010[bloom] <- tpcds_partitioned_parquet_snap.date_dim_0.d_date_sk
|  |  |  mem-estimate=5.81MB mem-reservation=5.81MB spill-buffer=64.00KB thread-reservation=0 cost=108
|  |  |
|  |  44:EXCHANGE [BROADCAST]
|  |  |  mem-estimate=16.00KB mem-reservation=0B thread-reservation=0
|  |  |  tuple-ids=21 row-size=12B cardinality=108 cost=140
|  |  |  in pipelines: 15(GETNEXT)
|  |  |
|  |  F07:PLAN FRAGMENT [RANDOM] hosts=1 instances=1
|  |  Per-Instance Resources: mem-estimate=16.06MB mem-reservation=512.00KB thread-reservation=1
|  |  max-parallelism=1 segment-costs=[18785]
|  |  15:SCAN HDFS [tpcds_partitioned_parquet_snap.date_dim, RANDOM]
|  |     HDFS partitions=1/1 files=1 size=2.17MB
|  |     predicates: tpcds_partitioned_parquet_snap.date_dim_0.d_year = CAST(2000 AS INT), tpcds_partitioned_parquet_snap.date_dim_0.d_moy = CAST(11 AS INT), tpcds_partitioned_parquet_snap.date_dim_0.d_date_sk IS NOT NULL
|  |     stored statistics:
|  |       table: rows=73.05K size=2.17MB
|  |       columns: all
|  |     extrapolated-rows=disabled max-scan-range-rows=73.05K
|  |     parquet statistics predicates: tpcds_partitioned_parquet_snap.date_dim_0.d_year = CAST(2000 AS INT), tpcds_partitioned_parquet_snap.date_dim_0.d_moy = CAST(11 AS INT)
|  |     parquet dictionary predicates: tpcds_partitioned_parquet_snap.date_dim_0.d_year = CAST(2000 AS INT), tpcds_partitioned_parquet_snap.date_dim_0.d_moy = CAST(11 AS INT), tpcds_partitioned_parquet_snap.date_dim_0.d_date_sk IS NOT NULL
|  |     mem-estimate=16.00MB mem-reservation=512.00KB thread-reservation=0
|  |     tuple-ids=21 row-size=12B cardinality=108 cost=18780
|  |     in pipelines: 15(GETNEXT)
|  |
|  14:SCAN HDFS [tpcds_partitioned_parquet_snap.catalog_sales, RANDOM]
|     partition predicates: tpcds_partitioned_parquet_snap.catalog_sales.cs_sold_date_sk IS NOT NULL
|     HDFS partitions=1830/1831 files=1830 size=280.81GB
|     predicates: tpcds_partitioned_parquet_snap.catalog_sales.cs_net_paid > CAST(0 AS DECIMAL(3,0)), tpcds_partitioned_parquet_snap.catalog_sales.cs_net_profit > CAST(1 AS DECIMAL(3,0)), tpcds_partitioned_parquet_snap.catalog_sales.cs_quantity > CAST(0 AS INT), tpcds_partitioned_parquet_snap.catalog_sales.cs_item_sk IS NOT NULL, tpcds_partitioned_parquet_snap.catalog_sales.cs_order_number IS NOT NULL
|     runtime filters: RF008[min_max] -> tpcds_partitioned_parquet_snap.catalog_sales.cs_item_sk, RF009[min_max] -> tpcds_partitioned_parquet_snap.catalog_sales.cs_order_number, RF006[bloom] -> tpcds_partitioned_parquet_snap.catalog_sales.cs_item_sk, RF007[bloom] -> tpcds_partitioned_parquet_snap.catalog_sales.cs_order_number, RF010[bloom] -> tpcds_partitioned_parquet_snap.catalog_sales.cs_sold_date_sk
|     stored statistics:
|       table: rows=4.32G size=280.96GB
|       partitions: 1830/1830 rows=4.30G
|       columns: all
|     extrapolated-rows=disabled max-scan-range-rows=5.09M est-scan-range=108(filtered from 1830)
|     parquet statistics predicates: tpcds_partitioned_parquet_snap.catalog_sales.cs_net_paid > CAST(0 AS DECIMAL(3,0)), tpcds_partitioned_parquet_snap.catalog_sales.cs_net_profit > CAST(1 AS DECIMAL(3,0)), tpcds_partitioned_parquet_snap.catalog_sales.cs_quantity > CAST(0 AS INT)
|     parquet dictionary predicates: tpcds_partitioned_parquet_snap.catalog_sales.cs_net_paid > CAST(0 AS DECIMAL(3,0)), tpcds_partitioned_parquet_snap.catalog_sales.cs_net_profit > CAST(1 AS DECIMAL(3,0)), tpcds_partitioned_parquet_snap.catalog_sales.cs_quantity > CAST(0 AS INT), tpcds_partitioned_parquet_snap.catalog_sales.cs_item_sk IS NOT NULL, tpcds_partitioned_parquet_snap.catalog_sales.cs_order_number IS NOT NULL
|     mem-estimate=16.00MB mem-reservation=256.00KB thread-reservation=0
|     tuple-ids=19 row-size=28B cardinality=25.35M(filtered from 429.86M) cost=137853504
|     in pipelines: 14(GETNEXT)
|
12:SELECT
|  predicates: rank() <= CAST(10 AS BIGINT) OR rank() <= CAST(10 AS BIGINT)
|  mem-estimate=0B mem-reservation=0B thread-reservation=0
|  tuple-ids=15,12 row-size=68B cardinality=12.79K cost=127863
|  in pipelines: 10(GETNEXT)
|
11:ANALYTIC
|  functions: rank()
|  order by: divide(sum(coalesce(tpcds_partitioned_parquet_snap.web_returns.wr_return_amt, 0)), sum(coalesce(tpcds_partitioned_parquet_snap.web_sales.ws_net_paid, 0))) ASC
|  window: RANGE BETWEEN UNBOUNDED PRECEDING AND CURRENT ROW
|  mem-estimate=4.00MB mem-reservation=4.00MB spill-buffer=2.00MB thread-reservation=0
|  tuple-ids=15,12 row-size=68B cardinality=127.86K cost=127863
|  in pipelines: 10(GETNEXT)
|
10:SORT
|  order by: divide(sum(coalesce(tpcds_partitioned_parquet_snap.web_returns.wr_return_amt, 0)), sum(coalesce(tpcds_partitioned_parquet_snap.web_sales.ws_net_paid, 0))) ASC NULLS LAST
|  mem-estimate=7.32MB mem-reservation=6.00MB spill-buffer=2.00MB thread-reservation=0
|  tuple-ids=15 row-size=60B cardinality=127.86K cost=385775
|  in pipelines: 10(GETNEXT), 08(OPEN)
|
09:ANALYTIC
|  functions: rank()
|  order by: divide(sum(coalesce(tpcds_partitioned_parquet_snap.web_returns.wr_return_quantity, 0)), sum(coalesce(tpcds_partitioned_parquet_snap.web_sales.ws_quantity, 0))) ASC
|  window: RANGE BETWEEN UNBOUNDED PRECEDING AND CURRENT ROW
|  mem-estimate=4.00MB mem-reservation=4.00MB spill-buffer=2.00MB thread-reservation=0
|  tuple-ids=13,10 row-size=60B cardinality=127.86K cost=127863
|  in pipelines: 08(GETNEXT)
|
43:MERGING-EXCHANGE [UNPARTITIONED]
|  order by: divide(sum(coalesce(tpcds_partitioned_parquet_snap.web_returns.wr_return_quantity, 0)), sum(coalesce(tpcds_partitioned_parquet_snap.web_sales.ws_quantity, 0))) ASC NULLS LAST
|  mem-estimate=1.18MB mem-reservation=0B thread-reservation=0
|  tuple-ids=13 row-size=52B cardinality=127.86K cost=45634
|  in pipelines: 08(GETNEXT)
|
F04:PLAN FRAGMENT [HASH(tpcds_partitioned_parquet_snap.web_sales.ws_item_sk)] hosts=10 instances=10 (adjusted from 120)
Per-Instance Resources: mem-estimate=16.00MB mem-reservation=7.94MB thread-reservation=1
max-parallelism=10 segment-costs=[442405, 341279, 214387] cpu-comparison-result=41 [max(10 (self) vs 41 (sum children))]
08:SORT
|  order by: divide(sum(coalesce(tpcds_partitioned_parquet_snap.web_returns.wr_return_quantity, 0)), sum(coalesce(tpcds_partitioned_parquet_snap.web_sales.ws_quantity, 0))) ASC NULLS LAST
|  mem-estimate=6.00MB mem-reservation=6.00MB spill-buffer=2.00MB thread-reservation=0
|  tuple-ids=13 row-size=52B cardinality=127.86K cost=341279
|  in pipelines: 08(GETNEXT), 42(OPEN)
|
42:AGGREGATE [FINALIZE]
|  output: sum:merge(coalesce(tpcds_partitioned_parquet_snap.web_returns.wr_return_quantity, 0)), sum:merge(coalesce(tpcds_partitioned_parquet_snap.web_sales.ws_quantity, 0)), sum:merge(coalesce(tpcds_partitioned_parquet_snap.web_returns.wr_return_amt, 0)), sum:merge(coalesce(tpcds_partitioned_parquet_snap.web_sales.ws_net_paid, 0))
|  group by: tpcds_partitioned_parquet_snap.web_sales.ws_item_sk
|  mem-estimate=10.00MB mem-reservation=1.94MB spill-buffer=64.00KB thread-reservation=0
|  tuple-ids=6 row-size=52B cardinality=127.86K cost=397615
|  in pipelines: 42(GETNEXT), 03(OPEN)
|
41:EXCHANGE [HASH(tpcds_partitioned_parquet_snap.web_sales.ws_item_sk)]
|  mem-estimate=1.18MB mem-reservation=0B thread-reservation=0
|  tuple-ids=6 row-size=52B cardinality=127.86K cost=44790
|  in pipelines: 03(GETNEXT)
|
F03:PLAN FRAGMENT [HASH(tpcds_partitioned_parquet_snap.web_sales.ws_item_sk,tpcds_partitioned_parquet_snap.web_sales.ws_order_number)] hosts=10 instances=10 (adjusted from 120)
Per-Instance Resources: mem-estimate=23.12MB mem-reservation=2.00MB thread-reservation=1
max-parallelism=10 segment-costs=[7944021, 494062] cpu-comparison-result=41 [max(30 (self) vs 41 (sum children))]
07:AGGREGATE [STREAMING]
|  output: sum(CAST(coalesce(tpcds_partitioned_parquet_snap.web_returns.wr_return_quantity, CAST(0 AS INT)) AS BIGINT)), sum(CAST(coalesce(tpcds_partitioned_parquet_snap.web_sales.ws_quantity, CAST(0 AS INT)) AS BIGINT)), sum(coalesce(tpcds_partitioned_parquet_snap.web_returns.wr_return_amt, CAST(0 AS DECIMAL(7,2)))), sum(coalesce(tpcds_partitioned_parquet_snap.web_sales.ws_net_paid, CAST(0 AS DECIMAL(7,2))))
|  group by: tpcds_partitioned_parquet_snap.web_sales.ws_item_sk
|  mem-estimate=10.00MB mem-reservation=2.00MB spill-buffer=64.00KB thread-reservation=0
|  tuple-ids=6 row-size=52B cardinality=127.86K cost=397615
|  in pipelines: 03(GETNEXT)
|
06:HASH JOIN [INNER JOIN, PARTITIONED]
|  hash-table-id=00
|  hash predicates: tpcds_partitioned_parquet_snap.web_sales.ws_item_sk = tpcds_partitioned_parquet_snap.web_returns.wr_item_sk, tpcds_partitioned_parquet_snap.web_sales.ws_order_number = tpcds_partitioned_parquet_snap.web_returns.wr_order_number
|  fk/pk conjuncts: tpcds_partitioned_parquet_snap.web_sales.ws_item_sk = tpcds_partitioned_parquet_snap.web_returns.wr_item_sk, tpcds_partitioned_parquet_snap.web_sales.ws_order_number = tpcds_partitioned_parquet_snap.web_returns.wr_order_number
|  mem-estimate=0B mem-reservation=0B spill-buffer=2.00MB thread-reservation=0
|  tuple-ids=2,4,0 row-size=60B cardinality=127.86K cost=3302758
|  in pipelines: 03(GETNEXT), 02(OPEN)
|
|--F20:PLAN FRAGMENT [HASH(tpcds_partitioned_parquet_snap.web_sales.ws_item_sk,tpcds_partitioned_parquet_snap.web_sales.ws_order_number)] hosts=10 instances=10 (adjusted from 120)
|  |  Per-Instance Resources: mem-estimate=107.07MB mem-reservation=51.00MB thread-reservation=1 runtime-filters-memory=17.00MB
|  |  max-parallelism=10 segment-costs=[25987283]
|  JOIN BUILD
|  |  join-table-id=00 plan-id=01 cohort-id=01
|  |  build expressions: tpcds_partitioned_parquet_snap.web_returns.wr_item_sk, tpcds_partitioned_parquet_snap.web_returns.wr_order_number
|  |  runtime filters: RF000[bloom] <- tpcds_partitioned_parquet_snap.web_returns.wr_item_sk, RF001[bloom] <- tpcds_partitioned_parquet_snap.web_returns.wr_order_number, RF002[min_max] <- tpcds_partitioned_parquet_snap.web_returns.wr_item_sk, RF003[min_max] <- tpcds_partitioned_parquet_snap.web_returns.wr_order_number
|  |  mem-estimate=79.60MB mem-reservation=34.00MB spill-buffer=2.00MB thread-reservation=0 cost=21600269
|  |
|  40:EXCHANGE [HASH(tpcds_partitioned_parquet_snap.web_returns.wr_item_sk,tpcds_partitioned_parquet_snap.web_returns.wr_order_number)]
|  |  mem-estimate=10.47MB mem-reservation=0B thread-reservation=0
|  |  tuple-ids=0 row-size=20B cardinality=21.60M cost=4387014
|  |  in pipelines: 02(GETNEXT)
|  |
|  F02:PLAN FRAGMENT [RANDOM] hosts=10 instances=20 (adjusted from 120)
|  Per-Instance Resources: mem-estimate=16.94MB mem-reservation=256.00KB thread-reservation=1
|  max-parallelism=20 segment-costs=[119367404]
|  02:SCAN HDFS [tpcds_partitioned_parquet_snap.web_returns, RANDOM]
|     HDFS partitions=2114/2114 files=2114 size=16.74GB
|     predicates: tpcds_partitioned_parquet_snap.web_returns.wr_return_amt > CAST(10000 AS DECIMAL(5,0)), tpcds_partitioned_parquet_snap.web_returns.wr_item_sk IS NOT NULL, tpcds_partitioned_parquet_snap.web_returns.wr_order_number IS NOT NULL
|     stored statistics:
|       table: rows=216.00M size=16.74GB
|       partitions: 2114/2114 rows=216.00M
|       columns: all
|     extrapolated-rows=disabled max-scan-range-rows=9.41M
|     parquet statistics predicates: tpcds_partitioned_parquet_snap.web_returns.wr_return_amt > CAST(10000 AS DECIMAL(5,0))
|     parquet dictionary predicates: tpcds_partitioned_parquet_snap.web_returns.wr_return_amt > CAST(10000 AS DECIMAL(5,0)), tpcds_partitioned_parquet_snap.web_returns.wr_item_sk IS NOT NULL, tpcds_partitioned_parquet_snap.web_returns.wr_order_number IS NOT NULL
|     mem-estimate=16.00MB mem-reservation=256.00KB thread-reservation=0
|     tuple-ids=0 row-size=20B cardinality=21.60M cost=80417799
|     in pipelines: 02(GETNEXT)
|
39:EXCHANGE [HASH(tpcds_partitioned_parquet_snap.web_sales.ws_item_sk,tpcds_partitioned_parquet_snap.web_sales.ws_order_number)]
|  mem-estimate=10.94MB mem-reservation=0B thread-reservation=0
|  tuple-ids=2,4 row-size=40B cardinality=12.79M cost=4243648
|  in pipelines: 03(GETNEXT)
|
F00:PLAN FRAGMENT [RANDOM] hosts=10 instances=20 (adjusted from 120)
Per-Host Shared Resources: mem-estimate=18.00MB mem-reservation=18.00MB thread-reservation=0 runtime-filters-memory=18.00MB
Per-Instance Resources: mem-estimate=17.88MB mem-reservation=128.00KB thread-reservation=1
max-parallelism=20 segment-costs=[121224622]
05:HASH JOIN [INNER JOIN, BROADCAST]
|  hash-table-id=01
|  hash predicates: tpcds_partitioned_parquet_snap.web_sales.ws_sold_date_sk = tpcds_partitioned_parquet_snap.date_dim.d_date_sk
|  fk/pk conjuncts: tpcds_partitioned_parquet_snap.web_sales.ws_sold_date_sk = tpcds_partitioned_parquet_snap.date_dim.d_date_sk
|  mem-estimate=0B mem-reservation=0B spill-buffer=64.00KB thread-reservation=0
|  tuple-ids=2,4 row-size=40B cardinality=12.79M cost=5596398
|  in pipelines: 03(GETNEXT), 04(OPEN)
|
|--F21:PLAN FRAGMENT [RANDOM] hosts=10 instances=10
|  |  Per-Instance Resources: mem-estimate=4.89MB mem-reservation=4.88MB thread-reservation=1 runtime-filters-memory=1.00MB
|  |  max-parallelism=10 segment-costs=[248]
|  JOIN BUILD
|  |  join-table-id=01 plan-id=02 cohort-id=01
|  |  build expressions: tpcds_partitioned_parquet_snap.date_dim.d_date_sk
|  |  runtime filters: RF004[bloom] <- tpcds_partitioned_parquet_snap.date_dim.d_date_sk
|  |  mem-estimate=3.88MB mem-reservation=3.88MB spill-buffer=64.00KB thread-reservation=0 cost=108
|  |
|  38:EXCHANGE [BROADCAST]
|  |  mem-estimate=16.00KB mem-reservation=0B thread-reservation=0
|  |  tuple-ids=4 row-size=12B cardinality=108 cost=140
|  |  in pipelines: 04(GETNEXT)
|  |
|  F01:PLAN FRAGMENT [RANDOM] hosts=1 instances=1
|  Per-Instance Resources: mem-estimate=16.06MB mem-reservation=512.00KB thread-reservation=1
|  max-parallelism=1 segment-costs=[18785]
|  04:SCAN HDFS [tpcds_partitioned_parquet_snap.date_dim, RANDOM]
|     HDFS partitions=1/1 files=1 size=2.17MB
|     predicates: tpcds_partitioned_parquet_snap.date_dim.d_year = CAST(2000 AS INT), tpcds_partitioned_parquet_snap.date_dim.d_moy = CAST(11 AS INT), tpcds_partitioned_parquet_snap.date_dim.d_date_sk IS NOT NULL
|     stored statistics:
|       table: rows=73.05K size=2.17MB
|       columns: all
|     extrapolated-rows=disabled max-scan-range-rows=73.05K
|     parquet statistics predicates: tpcds_partitioned_parquet_snap.date_dim.d_year = CAST(2000 AS INT), tpcds_partitioned_parquet_snap.date_dim.d_moy = CAST(11 AS INT)
|     parquet dictionary predicates: tpcds_partitioned_parquet_snap.date_dim.d_year = CAST(2000 AS INT), tpcds_partitioned_parquet_snap.date_dim.d_moy = CAST(11 AS INT), tpcds_partitioned_parquet_snap.date_dim.d_date_sk IS NOT NULL
|     mem-estimate=16.00MB mem-reservation=512.00KB thread-reservation=0
|     tuple-ids=4 row-size=12B cardinality=108 cost=18780
|     in pipelines: 04(GETNEXT)
|
03:SCAN HDFS [tpcds_partitioned_parquet_snap.web_sales, RANDOM]
   partition predicates: tpcds_partitioned_parquet_snap.web_sales.ws_sold_date_sk IS NOT NULL
   HDFS partitions=1823/1824 files=1823 size=145.67GB
   predicates: tpcds_partitioned_parquet_snap.web_sales.ws_net_paid > CAST(0 AS DECIMAL(3,0)), tpcds_partitioned_parquet_snap.web_sales.ws_net_profit > CAST(1 AS DECIMAL(3,0)), tpcds_partitioned_parquet_snap.web_sales.ws_quantity > CAST(0 AS INT), tpcds_partitioned_parquet_snap.web_sales.ws_item_sk IS NOT NULL, tpcds_partitioned_parquet_snap.web_sales.ws_order_number IS NOT NULL
   runtime filters: RF002[min_max] -> tpcds_partitioned_parquet_snap.web_sales.ws_item_sk, RF003[min_max] -> tpcds_partitioned_parquet_snap.web_sales.ws_order_number, RF000[bloom] -> tpcds_partitioned_parquet_snap.web_sales.ws_item_sk, RF001[bloom] -> tpcds_partitioned_parquet_snap.web_sales.ws_order_number, RF004[bloom] -> tpcds_partitioned_parquet_snap.web_sales.ws_sold_date_sk
   stored statistics:
     table: rows=2.16G size=145.75GB
     partitions: 1823/1823 rows=2.16G
     columns: all
   extrapolated-rows=disabled max-scan-range-rows=3.37M est-scan-range=108(filtered from 1823)
   parquet statistics predicates: tpcds_partitioned_parquet_snap.web_sales.ws_net_paid > CAST(0 AS DECIMAL(3,0)), tpcds_partitioned_parquet_snap.web_sales.ws_net_profit > CAST(1 AS DECIMAL(3,0)), tpcds_partitioned_parquet_snap.web_sales.ws_quantity > CAST(0 AS INT)
   parquet dictionary predicates: tpcds_partitioned_parquet_snap.web_sales.ws_net_paid > CAST(0 AS DECIMAL(3,0)), tpcds_partitioned_parquet_snap.web_sales.ws_net_profit > CAST(1 AS DECIMAL(3,0)), tpcds_partitioned_parquet_snap.web_sales.ws_quantity > CAST(0 AS INT), tpcds_partitioned_parquet_snap.web_sales.ws_item_sk IS NOT NULL, tpcds_partitioned_parquet_snap.web_sales.ws_order_number IS NOT NULL
   mem-estimate=16.00MB mem-reservation=128.00KB thread-reservation=0
   tuple-ids=2 row-size=28B cardinality=12.79M(filtered from 215.94M) cost=69517068
   in pipelines: 03(GETNEXT)
====
