# TPCDS-Q44
# start query 44 in stream 0 using template query44.tpl using seed 1374084783
select  asceding.rnk, i1.i_product_name best_performing, i2.i_product_name worst_performing
from(select *
     from (select item_sk,rank() over (order by rank_col asc) rnk
           from (select ss_item_sk item_sk,avg(ss_net_profit) rank_col
                 from store_sales ss1
                 where ss_store_sk = 457
                 group by ss_item_sk
                 having avg(ss_net_profit) > 0.9*(select avg(ss_net_profit) rank_col
                                                  from store_sales
                                                  where ss_store_sk = 457
                                                    and ss_addr_sk is null
                                                  group by ss_store_sk))V1)V11
     where rnk  < 11) asceding,
    (select *
     from (select item_sk,rank() over (order by rank_col desc) rnk
           from (select ss_item_sk item_sk,avg(ss_net_profit) rank_col
                 from store_sales ss1
                 where ss_store_sk = 457
                 group by ss_item_sk
                 having avg(ss_net_profit) > 0.9*(select avg(ss_net_profit) rank_col
                                                  from store_sales
                                                  where ss_store_sk = 457
                                                    and ss_addr_sk is null
                                                  group by ss_store_sk))V2)V21
     where rnk  < 11) descending,
item i1,
item i2
where asceding.rnk = descending.rnk
  and i1.i_item_sk=asceding.item_sk
  and i2.i_item_sk=descending.item_sk
order by asceding.rnk
limit 100

# end query 44 in stream 0 using template query44.tpl
---- PLAN
Max Per-Host Resource Reservation: Memory=80.88MB Threads=1
Per-Host Resource Estimates: Memory=160MB
F00:PLAN FRAGMENT [UNPARTITIONED] hosts=1 instances=1
|  Per-Instance Resources: mem-estimate=160.00MB mem-reservation=80.88MB thread-reservation=1 runtime-filters-memory=2.00MB
|  max-parallelism=1 segment-costs=[1740398017, 1979713931, 3822129, 1740398017, 1979713931, 3822129, 278496, 30]
PLAN-ROOT SINK
|  output exprs: rank(), i_product_name, i_product_name
|  mem-estimate=4.00MB mem-reservation=4.00MB spill-buffer=2.00MB thread-reservation=0 cost=30
|
21:TOP-N [LIMIT=100]
|  order by: rank() ASC NULLS LAST
|  mem-estimate=778B mem-reservation=0B thread-reservation=0
|  tuple-ids=32 row-size=78B cardinality=10 cost=18
|  in pipelines: 21(GETNEXT), 00(OPEN)
|
20:HASH JOIN [INNER JOIN]
|  hash predicates: rank() = rank()
|  fk/pk conjuncts: assumed fk/pk
|  mem-estimate=1.94MB mem-reservation=1.94MB spill-buffer=64.00KB thread-reservation=0
|  tuple-ids=0,14,13,16,30,29 row-size=142B cardinality=10 cost=14
|  in pipelines: 00(GETNEXT), 10(OPEN)
|
|--19:HASH JOIN [INNER JOIN]
|  |  hash predicates: tpcds_partitioned_parquet_snap.item_0.i_item_sk = tpcds_partitioned_parquet_snap.store_sales_1.ss_item_sk
|  |  fk/pk conjuncts: none
|  |  runtime filters: RF002[bloom] <- tpcds_partitioned_parquet_snap.store_sales_1.ss_item_sk, RF003[min_max] <- tpcds_partitioned_parquet_snap.store_sales_1.ss_item_sk
|  |  mem-estimate=1.94MB mem-reservation=1.94MB spill-buffer=64.00KB thread-reservation=0
|  |  tuple-ids=16,30,29 row-size=71B cardinality=10 cost=14
|  |  in pipelines: 10(GETNEXT), 16(OPEN)
|  |
|  |--18:SELECT
|  |  |  predicates: rank() < CAST(11 AS BIGINT)
|  |  |  mem-estimate=0B mem-reservation=0B thread-reservation=0
|  |  |  tuple-ids=30,29 row-size=32B cardinality=10 cost=10
|  |  |  in pipelines: 16(GETNEXT)
|  |  |
|  |  17:ANALYTIC
|  |  |  functions: rank()
|  |  |  order by: avg(tpcds_partitioned_parquet_snap.store_sales_1.ss_net_profit) DESC
|  |  |  window: RANGE BETWEEN UNBOUNDED PRECEDING AND CURRENT ROW
|  |  |  mem-estimate=4.00MB mem-reservation=4.00MB spill-buffer=2.00MB thread-reservation=0
|  |  |  tuple-ids=30,29 row-size=32B cardinality=10 cost=10
|  |  |  in pipelines: 16(GETNEXT)
|  |  |
|  |  16:TOP-N
|  |  |  order by: avg(tpcds_partitioned_parquet_snap.store_sales_1.ss_net_profit) DESC NULLS FIRST
|  |  |  limit with ties: 10
|  |  |  source expr: rank() < CAST(11 AS BIGINT)
|  |  |  mem-estimate=240B mem-reservation=0B thread-reservation=0
|  |  |  tuple-ids=30 row-size=24B cardinality=10 cost=3748329
|  |  |  in pipelines: 16(GETNEXT), 12(OPEN)
|  |  |
|  |  15:NESTED LOOP JOIN [INNER JOIN]
|  |  |  join predicates: avg(tpcds_partitioned_parquet_snap.store_sales_1.ss_net_profit) > multiply(CAST(0.9 AS DECIMAL(2,1)), avg(tpcds_partitioned_parquet_snap.store_sales_2.ss_net_profit))
|  |  |  mem-estimate=12B mem-reservation=0B thread-reservation=0
|  |  |  tuple-ids=21,25 row-size=24B cardinality=360.18K cost=73800
|  |  |  in pipelines: 12(GETNEXT), 14(OPEN)
|  |  |
|  |  |--14:AGGREGATE [FINALIZE]
|  |  |  |  output: avg(tpcds_partitioned_parquet_snap.store_sales_2.ss_net_profit)
|  |  |  |  group by: tpcds_partitioned_parquet_snap.store_sales_2.ss_store_sk
|  |  |  |  mem-estimate=10.00MB mem-reservation=1.94MB spill-buffer=64.00KB thread-reservation=0
|  |  |  |  tuple-ids=25 row-size=12B cardinality=1 cost=1168772
|  |  |  |  in pipelines: 14(GETNEXT), 13(OPEN)
|  |  |  |
|  |  |  13:SCAN HDFS [tpcds_partitioned_parquet_snap.store_sales]
|  |  |     HDFS partitions=1824/1824 files=1824 size=389.90GB
|  |  |     predicates: tpcds_partitioned_parquet_snap.store_sales_2.ss_store_sk = CAST(457 AS INT), is_null_pred(tpcds_partitioned_parquet_snap.store_sales_2.ss_addr_sk)
|  |  |     stored statistics:
|  |  |       table: rows=8.64G size=389.90GB
|  |  |       partitions: 1824/1824 rows=8.64G
|  |  |       columns: all
|  |  |     extrapolated-rows=disabled max-scan-range-rows=390.22M
|  |  |     parquet statistics predicates: tpcds_partitioned_parquet_snap.store_sales_2.ss_store_sk = CAST(457 AS INT)
|  |  |     parquet dictionary predicates: tpcds_partitioned_parquet_snap.store_sales_2.ss_store_sk = CAST(457 AS INT)
|  |  |     mem-estimate=16.00MB mem-reservation=8.00MB thread-reservation=0
|  |  |     tuple-ids=22 row-size=12B cardinality=4.00M cost=1978545159
|  |  |     in pipelines: 13(GETNEXT)
|  |  |
|  |  12:AGGREGATE [FINALIZE]
|  |  |  output: avg(tpcds_partitioned_parquet_snap.store_sales_1.ss_net_profit)
|  |  |  group by: tpcds_partitioned_parquet_snap.store_sales_1.ss_item_sk
|  |  |  mem-estimate=17.00MB mem-reservation=17.00MB spill-buffer=1.00MB thread-reservation=0
|  |  |  tuple-ids=21 row-size=12B cardinality=360.18K cost=4635037
|  |  |  in pipelines: 12(GETNEXT), 11(OPEN)
|  |  |
|  |  11:SCAN HDFS [tpcds_partitioned_parquet_snap.store_sales]
|  |     HDFS partitions=1824/1824 files=1824 size=389.90GB
|  |     predicates: tpcds_partitioned_parquet_snap.store_sales_1.ss_store_sk = CAST(457 AS INT)
|  |     stored statistics:
|  |       table: rows=8.64G size=389.90GB
|  |       partitions: 1824/1824 rows=8.64G
|  |       columns: all
|  |     extrapolated-rows=disabled max-scan-range-rows=390.22M
|  |     parquet statistics predicates: tpcds_partitioned_parquet_snap.store_sales_1.ss_store_sk = CAST(457 AS INT)
|  |     parquet dictionary predicates: tpcds_partitioned_parquet_snap.store_sales_1.ss_store_sk = CAST(457 AS INT)
|  |     mem-estimate=16.00MB mem-reservation=8.00MB thread-reservation=0
|  |     tuple-ids=18 row-size=12B cardinality=12.64M cost=1735762980
|  |     in pipelines: 11(GETNEXT)
|  |
|  10:SCAN HDFS [tpcds_partitioned_parquet_snap.item]
|     HDFS partitions=1/1 files=1 size=33.54MB
|     runtime filters: RF003[min_max] -> tpcds_partitioned_parquet_snap.item_0.i_item_sk, RF002[bloom] -> tpcds_partitioned_parquet_snap.item_0.i_item_sk
|     stored statistics:
|       table: rows=360.00K size=33.54MB
|       columns: all
|     extrapolated-rows=disabled max-scan-range-rows=101.54K
|     mem-estimate=16.00MB mem-reservation=512.00KB thread-reservation=0
|     tuple-ids=16 row-size=39B cardinality=10(filtered from 360.00K) cost=139198
|     in pipelines: 10(GETNEXT)
|
09:HASH JOIN [INNER JOIN]
|  hash predicates: tpcds_partitioned_parquet_snap.item.i_item_sk = tpcds_partitioned_parquet_snap.store_sales.ss_item_sk
|  fk/pk conjuncts: none
|  runtime filters: RF000[bloom] <- tpcds_partitioned_parquet_snap.store_sales.ss_item_sk, RF001[min_max] <- tpcds_partitioned_parquet_snap.store_sales.ss_item_sk
|  mem-estimate=1.94MB mem-reservation=1.94MB spill-buffer=64.00KB thread-reservation=0
|  tuple-ids=0,14,13 row-size=71B cardinality=10 cost=14
|  in pipelines: 00(GETNEXT), 06(OPEN)
|
|--08:SELECT
|  |  predicates: rank() < CAST(11 AS BIGINT)
|  |  mem-estimate=0B mem-reservation=0B thread-reservation=0
|  |  tuple-ids=14,13 row-size=32B cardinality=10 cost=10
|  |  in pipelines: 06(GETNEXT)
|  |
|  07:ANALYTIC
|  |  functions: rank()
|  |  order by: avg(tpcds_partitioned_parquet_snap.store_sales.ss_net_profit) ASC
|  |  window: RANGE BETWEEN UNBOUNDED PRECEDING AND CURRENT ROW
|  |  mem-estimate=4.00MB mem-reservation=4.00MB spill-buffer=2.00MB thread-reservation=0
|  |  tuple-ids=14,13 row-size=32B cardinality=10 cost=10
|  |  in pipelines: 06(GETNEXT)
|  |
|  06:TOP-N
|  |  order by: avg(tpcds_partitioned_parquet_snap.store_sales.ss_net_profit) ASC NULLS LAST
|  |  limit with ties: 10
|  |  source expr: rank() < CAST(11 AS BIGINT)
|  |  mem-estimate=240B mem-reservation=0B thread-reservation=0
|  |  tuple-ids=14 row-size=24B cardinality=10 cost=3748329
|  |  in pipelines: 06(GETNEXT), 02(OPEN)
|  |
|  05:NESTED LOOP JOIN [INNER JOIN]
|  |  join predicates: avg(tpcds_partitioned_parquet_snap.store_sales.ss_net_profit) > multiply(CAST(0.9 AS DECIMAL(2,1)), avg(tpcds_partitioned_parquet_snap.store_sales_0.ss_net_profit))
|  |  mem-estimate=12B mem-reservation=0B thread-reservation=0
|  |  tuple-ids=5,9 row-size=24B cardinality=360.18K cost=73800
|  |  in pipelines: 02(GETNEXT), 04(OPEN)
|  |
|  |--04:AGGREGATE [FINALIZE]
|  |  |  output: avg(tpcds_partitioned_parquet_snap.store_sales_0.ss_net_profit)
|  |  |  group by: tpcds_partitioned_parquet_snap.store_sales_0.ss_store_sk
|  |  |  mem-estimate=10.00MB mem-reservation=1.94MB spill-buffer=64.00KB thread-reservation=0
|  |  |  tuple-ids=9 row-size=12B cardinality=1 cost=1168772
|  |  |  in pipelines: 04(GETNEXT), 03(OPEN)
|  |  |
|  |  03:SCAN HDFS [tpcds_partitioned_parquet_snap.store_sales]
|  |     HDFS partitions=1824/1824 files=1824 size=389.90GB
|  |     predicates: tpcds_partitioned_parquet_snap.store_sales_0.ss_store_sk = CAST(457 AS INT), is_null_pred(tpcds_partitioned_parquet_snap.store_sales_0.ss_addr_sk)
|  |     stored statistics:
|  |       table: rows=8.64G size=389.90GB
|  |       partitions: 1824/1824 rows=8.64G
|  |       columns: all
|  |     extrapolated-rows=disabled max-scan-range-rows=390.22M
|  |     parquet statistics predicates: tpcds_partitioned_parquet_snap.store_sales_0.ss_store_sk = CAST(457 AS INT)
|  |     parquet dictionary predicates: tpcds_partitioned_parquet_snap.store_sales_0.ss_store_sk = CAST(457 AS INT)
|  |     mem-estimate=16.00MB mem-reservation=8.00MB thread-reservation=0
|  |     tuple-ids=6 row-size=12B cardinality=4.00M cost=1978545159
|  |     in pipelines: 03(GETNEXT)
|  |
|  02:AGGREGATE [FINALIZE]
|  |  output: avg(tpcds_partitioned_parquet_snap.store_sales.ss_net_profit)
|  |  group by: tpcds_partitioned_parquet_snap.store_sales.ss_item_sk
|  |  mem-estimate=17.00MB mem-reservation=17.00MB spill-buffer=1.00MB thread-reservation=0
|  |  tuple-ids=5 row-size=12B cardinality=360.18K cost=4635037
|  |  in pipelines: 02(GETNEXT), 01(OPEN)
|  |
|  01:SCAN HDFS [tpcds_partitioned_parquet_snap.store_sales]
|     HDFS partitions=1824/1824 files=1824 size=389.90GB
|     predicates: tpcds_partitioned_parquet_snap.store_sales.ss_store_sk = CAST(457 AS INT)
|     stored statistics:
|       table: rows=8.64G size=389.90GB
|       partitions: 1824/1824 rows=8.64G
|       columns: all
|     extrapolated-rows=disabled max-scan-range-rows=390.22M
|     parquet statistics predicates: tpcds_partitioned_parquet_snap.store_sales.ss_store_sk = CAST(457 AS INT)
|     parquet dictionary predicates: tpcds_partitioned_parquet_snap.store_sales.ss_store_sk = CAST(457 AS INT)
|     mem-estimate=16.00MB mem-reservation=8.00MB thread-reservation=0
|     tuple-ids=2 row-size=12B cardinality=12.64M cost=1735762980
|     in pipelines: 01(GETNEXT)
|
00:SCAN HDFS [tpcds_partitioned_parquet_snap.item]
   HDFS partitions=1/1 files=1 size=33.54MB
   runtime filters: RF001[min_max] -> tpcds_partitioned_parquet_snap.item.i_item_sk, RF000[bloom] -> tpcds_partitioned_parquet_snap.item.i_item_sk
   stored statistics:
     table: rows=360.00K size=33.54MB
     columns: all
   extrapolated-rows=disabled max-scan-range-rows=101.54K
   mem-estimate=16.00MB mem-reservation=512.00KB thread-reservation=0
   tuple-ids=0 row-size=39B cardinality=10(filtered from 360.00K) cost=139198
   in pipelines: 00(GETNEXT)
---- DISTRIBUTEDPLAN
Max Per-Host Resource Reservation: Memory=534.56MB Threads=63
Per-Host Resource Estimates: Memory=1.37GB
F13:PLAN FRAGMENT [UNPARTITIONED] hosts=1 instances=1
|  Per-Instance Resources: mem-estimate=4.02MB mem-reservation=4.00MB thread-reservation=1
|  max-parallelism=1 segment-costs=[34] cpu-comparison-result=480 [max(1 (self) vs 480 (sum children))]
PLAN-ROOT SINK
|  output exprs: rank(), i_product_name, i_product_name
|  mem-estimate=4.00MB mem-reservation=4.00MB spill-buffer=2.00MB thread-reservation=0 cost=30
|
40:MERGING-EXCHANGE [UNPARTITIONED]
|  order by: rank() ASC NULLS LAST
|  limit: 100
|  mem-estimate=16.00KB mem-reservation=0B thread-reservation=0
|  tuple-ids=32 row-size=78B cardinality=10 cost=4
|  in pipelines: 21(GETNEXT)
|
F12:PLAN FRAGMENT [HASH(rank())] hosts=4 instances=4
Per-Instance Resources: mem-estimate=327.57KB mem-reservation=0B thread-reservation=1
max-parallelism=4 segment-costs=[27, 23] cpu-comparison-result=480 [max(8 (self) vs 480 (sum children))]
21:TOP-N [LIMIT=100]
|  order by: rank() ASC NULLS LAST
|  mem-estimate=778B mem-reservation=0B thread-reservation=0
|  tuple-ids=32 row-size=78B cardinality=10 cost=18
|  in pipelines: 21(GETNEXT), 00(OPEN)
|
20:HASH JOIN [INNER JOIN, PARTITIONED]
|  hash-table-id=00
|  hash predicates: rank() = rank()
|  fk/pk conjuncts: assumed fk/pk
|  mem-estimate=0B mem-reservation=0B spill-buffer=64.00KB thread-reservation=0
|  tuple-ids=0,14,13,16,30,29 row-size=142B cardinality=10 cost=4
|  in pipelines: 00(GETNEXT), 10(OPEN)
|
|--F14:PLAN FRAGMENT [HASH(rank())] hosts=4 instances=4
|  |  Per-Instance Resources: mem-estimate=1.95MB mem-reservation=1.94MB thread-reservation=1
|  |  max-parallelism=4 segment-costs=[15] cpu-comparison-result=240 [max(8 (self) vs 240 (sum children))]
|  JOIN BUILD
|  |  join-table-id=00 plan-id=01 cohort-id=01
|  |  build expressions: rank()
|  |  mem-estimate=1.94MB mem-reservation=1.94MB spill-buffer=64.00KB thread-reservation=0 cost=10
|  |
|  39:EXCHANGE [HASH(rank())]
|  |  mem-estimate=16.00KB mem-reservation=0B thread-reservation=0
|  |  tuple-ids=16,30,29 row-size=71B cardinality=10 cost=5
|  |  in pipelines: 10(GETNEXT)
|  |
|  F06:PLAN FRAGMENT [RANDOM] hosts=4 instances=4
|  Per-Host Shared Resources: mem-estimate=1.00MB mem-reservation=1.00MB thread-reservation=0 runtime-filters-memory=1.00MB
|  Per-Instance Resources: mem-estimate=17.29MB mem-reservation=512.00KB thread-reservation=1
|  max-parallelism=4 segment-costs=[231600]
|  19:HASH JOIN [INNER JOIN, BROADCAST]
|  |  hash-table-id=01
|  |  hash predicates: tpcds_partitioned_parquet_snap.item_0.i_item_sk = tpcds_partitioned_parquet_snap.store_sales_1.ss_item_sk
|  |  fk/pk conjuncts: none
|  |  mem-estimate=0B mem-reservation=0B spill-buffer=64.00KB thread-reservation=0
|  |  tuple-ids=16,30,29 row-size=71B cardinality=10 cost=92341
|  |  in pipelines: 10(GETNEXT), 36(OPEN)
|  |
|  |--F15:PLAN FRAGMENT [RANDOM] hosts=4 instances=4
|  |  |  Per-Instance Resources: mem-estimate=2.95MB mem-reservation=2.94MB thread-reservation=1 runtime-filters-memory=1.00MB
|  |  |  max-parallelism=4 segment-costs=[14] cpu-comparison-result=240 [max(4 (self) vs 240 (sum children))]
|  |  JOIN BUILD
|  |  |  join-table-id=01 plan-id=02 cohort-id=02
|  |  |  build expressions: tpcds_partitioned_parquet_snap.store_sales_1.ss_item_sk
|  |  |  runtime filters: RF002[bloom] <- tpcds_partitioned_parquet_snap.store_sales_1.ss_item_sk, RF003[min_max] <- tpcds_partitioned_parquet_snap.store_sales_1.ss_item_sk
|  |  |  mem-estimate=1.94MB mem-reservation=1.94MB spill-buffer=64.00KB thread-reservation=0 cost=10
|  |  |
|  |  37:EXCHANGE [BROADCAST]
|  |  |  mem-estimate=16.00KB mem-reservation=0B thread-reservation=0
|  |  |  tuple-ids=30,29 row-size=32B cardinality=10 cost=4
|  |  |  in pipelines: 36(GETNEXT)
|  |  |
|  |  F11:PLAN FRAGMENT [UNPARTITIONED] hosts=1 instances=1
|  |  Per-Instance Resources: mem-estimate=4.16MB mem-reservation=4.00MB thread-reservation=1
|  |  max-parallelism=1 segment-costs=[20, 21] cpu-comparison-result=240 [max(1 (self) vs 240 (sum children))]
|  |  18:SELECT
|  |  |  predicates: rank() < CAST(11 AS BIGINT)
|  |  |  mem-estimate=0B mem-reservation=0B thread-reservation=0
|  |  |  tuple-ids=30,29 row-size=32B cardinality=10 cost=10
|  |  |  in pipelines: 36(GETNEXT)
|  |  |
|  |  17:ANALYTIC
|  |  |  functions: rank()
|  |  |  order by: avg(tpcds_partitioned_parquet_snap.store_sales_1.ss_net_profit) DESC
|  |  |  window: RANGE BETWEEN UNBOUNDED PRECEDING AND CURRENT ROW
|  |  |  mem-estimate=4.00MB mem-reservation=4.00MB spill-buffer=2.00MB thread-reservation=0
|  |  |  tuple-ids=30,29 row-size=32B cardinality=10 cost=10
|  |  |  in pipelines: 36(GETNEXT)
|  |  |
|  |  36:TOP-N
|  |  |  order by: avg(tpcds_partitioned_parquet_snap.store_sales_1.ss_net_profit) DESC NULLS FIRST
|  |  |  limit with ties: 10
|  |  |  mem-estimate=240B mem-reservation=0B thread-reservation=0
|  |  |  tuple-ids=30 row-size=24B cardinality=10 cost=18
|  |  |  in pipelines: 36(GETNEXT), 16(OPEN)
|  |  |
|  |  35:EXCHANGE [UNPARTITIONED]
|  |  |  mem-estimate=16.00KB mem-reservation=0B thread-reservation=0
|  |  |  tuple-ids=30 row-size=24B cardinality=10 cost=2
|  |  |  in pipelines: 16(GETNEXT)
|  |  |
|  |  F08:PLAN FRAGMENT [HASH(tpcds_partitioned_parquet_snap.store_sales_1.ss_item_sk)] hosts=10 instances=10 (adjusted from 120)
|  |  Per-Instance Resources: mem-estimate=21.88MB mem-reservation=1.94MB thread-reservation=1
|  |  max-parallelism=10 segment-costs=[5965893, 3822129, 20] cpu-comparison-result=240 [max(10 (self) vs 240 (sum children))]
|  |  16:TOP-N
|  |  |  order by: avg(tpcds_partitioned_parquet_snap.store_sales_1.ss_net_profit) DESC NULLS FIRST
|  |  |  limit with ties: 10
|  |  |  source expr: rank() < CAST(11 AS BIGINT)
|  |  |  mem-estimate=240B mem-reservation=0B thread-reservation=0
|  |  |  tuple-ids=30 row-size=24B cardinality=10 cost=3748329
|  |  |  in pipelines: 16(GETNEXT), 31(OPEN)
|  |  |
|  |  15:NESTED LOOP JOIN [INNER JOIN, BROADCAST]
|  |  |  join table id: 02
|  |  |  join predicates: avg(tpcds_partitioned_parquet_snap.store_sales_1.ss_net_profit) > multiply(CAST(0.9 AS DECIMAL(2,1)), avg(tpcds_partitioned_parquet_snap.store_sales_2.ss_net_profit))
|  |  |  mem-estimate=0B mem-reservation=0B thread-reservation=0
|  |  |  tuple-ids=21,25 row-size=24B cardinality=360.18K cost=73800
|  |  |  in pipelines: 31(GETNEXT), 33(OPEN)
|  |  |
|  |  |--F16:PLAN FRAGMENT [HASH(tpcds_partitioned_parquet_snap.store_sales_1.ss_item_sk)] hosts=10 instances=10
|  |  |  |  Per-Instance Resources: mem-estimate=16.01KB mem-reservation=0B thread-reservation=1
|  |  |  |  max-parallelism=10 segment-costs=[0] cpu-comparison-result=120 [max(10 (self) vs 120 (sum children))]
|  |  |  JOIN BUILD
|  |  |  |  join-table-id=02 plan-id=03 cohort-id=03
|  |  |  |  mem-estimate=12B mem-reservation=0B thread-reservation=0 cost=0
|  |  |  |
|  |  |  34:EXCHANGE [BROADCAST]
|  |  |  |  mem-estimate=16.00KB mem-reservation=0B thread-reservation=0
|  |  |  |  tuple-ids=25 row-size=12B cardinality=1 cost=0
|  |  |  |  in pipelines: 33(GETNEXT)
|  |  |  |
|  |  |  F10:PLAN FRAGMENT [HASH(tpcds_partitioned_parquet_snap.store_sales_2.ss_store_sk)] hosts=10 instances=10 (adjusted from 120)
|  |  |  Per-Instance Resources: mem-estimate=10.22MB mem-reservation=1.94MB thread-reservation=1
|  |  |  max-parallelism=10 segment-costs=[56, 0] cpu-comparison-result=120 [max(10 (self) vs 120 (sum children))]
|  |  |  33:AGGREGATE [FINALIZE]
|  |  |  |  output: avg:merge(tpcds_partitioned_parquet_snap.store_sales_2.ss_net_profit)
|  |  |  |  group by: tpcds_partitioned_parquet_snap.store_sales_2.ss_store_sk
|  |  |  |  mem-estimate=10.00MB mem-reservation=1.94MB spill-buffer=64.00KB thread-reservation=0
|  |  |  |  tuple-ids=25 row-size=12B cardinality=1 cost=37
|  |  |  |  in pipelines: 33(GETNEXT), 13(OPEN)
|  |  |  |
|  |  |  32:EXCHANGE [HASH(tpcds_partitioned_parquet_snap.store_sales_2.ss_store_sk)]
|  |  |  |  mem-estimate=225.14KB mem-reservation=0B thread-reservation=0
|  |  |  |  tuple-ids=24 row-size=12B cardinality=120 cost=19
|  |  |  |  in pipelines: 13(GETNEXT)
|  |  |  |
|  |  |  F09:PLAN FRAGMENT [RANDOM] hosts=10 instances=120
|  |  |  Per-Instance Resources: mem-estimate=26.62MB mem-reservation=10.00MB thread-reservation=1
|  |  |  max-parallelism=200 segment-costs=[1979714242, 154]
|  |  |  14:AGGREGATE [STREAMING]
|  |  |  |  output: avg(tpcds_partitioned_parquet_snap.store_sales_2.ss_net_profit)
|  |  |  |  group by: tpcds_partitioned_parquet_snap.store_sales_2.ss_store_sk
|  |  |  |  mem-estimate=10.00MB mem-reservation=2.00MB spill-buffer=64.00KB thread-reservation=0
|  |  |  |  tuple-ids=24 row-size=12B cardinality=120 cost=1169083
|  |  |  |  in pipelines: 13(GETNEXT)
|  |  |  |
|  |  |  13:SCAN HDFS [tpcds_partitioned_parquet_snap.store_sales, RANDOM]
|  |  |     HDFS partitions=1824/1824 files=1824 size=389.90GB
|  |  |     predicates: tpcds_partitioned_parquet_snap.store_sales_2.ss_store_sk = CAST(457 AS INT), is_null_pred(tpcds_partitioned_parquet_snap.store_sales_2.ss_addr_sk)
|  |  |     stored statistics:
|  |  |       table: rows=8.64G size=389.90GB
|  |  |       partitions: 1824/1824 rows=8.64G
|  |  |       columns: all
|  |  |     extrapolated-rows=disabled max-scan-range-rows=390.22M
|  |  |     parquet statistics predicates: tpcds_partitioned_parquet_snap.store_sales_2.ss_store_sk = CAST(457 AS INT)
|  |  |     parquet dictionary predicates: tpcds_partitioned_parquet_snap.store_sales_2.ss_store_sk = CAST(457 AS INT)
|  |  |     mem-estimate=16.00MB mem-reservation=8.00MB thread-reservation=0
|  |  |     tuple-ids=22 row-size=12B cardinality=4.00M cost=1978545159
|  |  |     in pipelines: 13(GETNEXT)
|  |  |
|  |  31:AGGREGATE [FINALIZE]
|  |  |  output: avg:merge(tpcds_partitioned_parquet_snap.store_sales_1.ss_net_profit)
|  |  |  group by: tpcds_partitioned_parquet_snap.store_sales_1.ss_item_sk
|  |  |  mem-estimate=10.00MB mem-reservation=1.94MB spill-buffer=64.00KB thread-reservation=0
|  |  |  tuple-ids=21 row-size=12B cardinality=360.18K cost=4143831
|  |  |  in pipelines: 31(GETNEXT), 11(OPEN)
|  |  |
|  |  30:EXCHANGE [HASH(tpcds_partitioned_parquet_snap.store_sales_1.ss_item_sk)]
|  |  |  mem-estimate=11.88MB mem-reservation=0B thread-reservation=0
|  |  |  tuple-ids=20 row-size=12B cardinality=10.96M cost=1822062
|  |  |  in pipelines: 11(GETNEXT)
|  |  |
|  |  F07:PLAN FRAGMENT [RANDOM] hosts=10 instances=120
|  |  Per-Instance Resources: mem-estimate=26.62MB mem-reservation=11.00MB thread-reservation=1
|  |  max-parallelism=180 segment-costs=[1768024691, 14111946]
|  |  12:AGGREGATE [STREAMING]
|  |  |  output: avg(tpcds_partitioned_parquet_snap.store_sales_1.ss_net_profit)
|  |  |  group by: tpcds_partitioned_parquet_snap.store_sales_1.ss_item_sk
|  |  |  mem-estimate=10.00MB mem-reservation=3.00MB spill-buffer=128.00KB thread-reservation=0
|  |  |  tuple-ids=20 row-size=12B cardinality=10.96M cost=32261711
|  |  |  in pipelines: 11(GETNEXT)
|  |  |
|  |  11:SCAN HDFS [tpcds_partitioned_parquet_snap.store_sales, RANDOM]
|  |     HDFS partitions=1824/1824 files=1824 size=389.90GB
|  |     predicates: tpcds_partitioned_parquet_snap.store_sales_1.ss_store_sk = CAST(457 AS INT)
|  |     stored statistics:
|  |       table: rows=8.64G size=389.90GB
|  |       partitions: 1824/1824 rows=8.64G
|  |       columns: all
|  |     extrapolated-rows=disabled max-scan-range-rows=390.22M
|  |     parquet statistics predicates: tpcds_partitioned_parquet_snap.store_sales_1.ss_store_sk = CAST(457 AS INT)
|  |     parquet dictionary predicates: tpcds_partitioned_parquet_snap.store_sales_1.ss_store_sk = CAST(457 AS INT)
|  |     mem-estimate=16.00MB mem-reservation=8.00MB thread-reservation=0
|  |     tuple-ids=18 row-size=12B cardinality=12.64M cost=1735762980
|  |     in pipelines: 11(GETNEXT)
|  |
|  10:SCAN HDFS [tpcds_partitioned_parquet_snap.item, RANDOM]
|     HDFS partitions=1/1 files=1 size=33.54MB
|     runtime filters: RF003[min_max] -> tpcds_partitioned_parquet_snap.item_0.i_item_sk, RF002[bloom] -> tpcds_partitioned_parquet_snap.item_0.i_item_sk
|     stored statistics:
|       table: rows=360.00K size=33.54MB
|       columns: all
|     extrapolated-rows=disabled max-scan-range-rows=101.54K
|     mem-estimate=16.00MB mem-reservation=512.00KB thread-reservation=0
|     tuple-ids=16 row-size=39B cardinality=360.00K cost=139198
|     in pipelines: 10(GETNEXT)
|
38:EXCHANGE [HASH(rank())]
|  mem-estimate=16.00KB mem-reservation=0B thread-reservation=0
|  tuple-ids=0,14,13 row-size=71B cardinality=10 cost=5
|  in pipelines: 00(GETNEXT)
|
F00:PLAN FRAGMENT [RANDOM] hosts=4 instances=4
Per-Host Shared Resources: mem-estimate=1.00MB mem-reservation=1.00MB thread-reservation=0 runtime-filters-memory=1.00MB
Per-Instance Resources: mem-estimate=17.29MB mem-reservation=512.00KB thread-reservation=1
max-parallelism=4 segment-costs=[231600]
09:HASH JOIN [INNER JOIN, BROADCAST]
|  hash-table-id=03
|  hash predicates: tpcds_partitioned_parquet_snap.item.i_item_sk = tpcds_partitioned_parquet_snap.store_sales.ss_item_sk
|  fk/pk conjuncts: none
|  mem-estimate=0B mem-reservation=0B spill-buffer=64.00KB thread-reservation=0
|  tuple-ids=0,14,13 row-size=71B cardinality=10 cost=92341
|  in pipelines: 00(GETNEXT), 28(OPEN)
|
|--F17:PLAN FRAGMENT [RANDOM] hosts=4 instances=4
|  |  Per-Instance Resources: mem-estimate=2.95MB mem-reservation=2.94MB thread-reservation=1 runtime-filters-memory=1.00MB
|  |  max-parallelism=4 segment-costs=[14] cpu-comparison-result=240 [max(4 (self) vs 240 (sum children))]
|  JOIN BUILD
|  |  join-table-id=03 plan-id=04 cohort-id=01
|  |  build expressions: tpcds_partitioned_parquet_snap.store_sales.ss_item_sk
|  |  runtime filters: RF000[bloom] <- tpcds_partitioned_parquet_snap.store_sales.ss_item_sk, RF001[min_max] <- tpcds_partitioned_parquet_snap.store_sales.ss_item_sk
|  |  mem-estimate=1.94MB mem-reservation=1.94MB spill-buffer=64.00KB thread-reservation=0 cost=10
|  |
|  29:EXCHANGE [BROADCAST]
|  |  mem-estimate=16.00KB mem-reservation=0B thread-reservation=0
|  |  tuple-ids=14,13 row-size=32B cardinality=10 cost=4
|  |  in pipelines: 28(GETNEXT)
|  |
|  F05:PLAN FRAGMENT [UNPARTITIONED] hosts=1 instances=1
|  Per-Instance Resources: mem-estimate=4.16MB mem-reservation=4.00MB thread-reservation=1
|  max-parallelism=1 segment-costs=[20, 21] cpu-comparison-result=240 [max(1 (self) vs 240 (sum children))]
|  08:SELECT
|  |  predicates: rank() < CAST(11 AS BIGINT)
|  |  mem-estimate=0B mem-reservation=0B thread-reservation=0
|  |  tuple-ids=14,13 row-size=32B cardinality=10 cost=10
|  |  in pipelines: 28(GETNEXT)
|  |
|  07:ANALYTIC
|  |  functions: rank()
|  |  order by: avg(tpcds_partitioned_parquet_snap.store_sales.ss_net_profit) ASC
|  |  window: RANGE BETWEEN UNBOUNDED PRECEDING AND CURRENT ROW
|  |  mem-estimate=4.00MB mem-reservation=4.00MB spill-buffer=2.00MB thread-reservation=0
|  |  tuple-ids=14,13 row-size=32B cardinality=10 cost=10
|  |  in pipelines: 28(GETNEXT)
|  |
|  28:TOP-N
|  |  order by: avg(tpcds_partitioned_parquet_snap.store_sales.ss_net_profit) ASC NULLS LAST
|  |  limit with ties: 10
|  |  mem-estimate=240B mem-reservation=0B thread-reservation=0
|  |  tuple-ids=14 row-size=24B cardinality=10 cost=18
|  |  in pipelines: 28(GETNEXT), 06(OPEN)
|  |
|  27:EXCHANGE [UNPARTITIONED]
|  |  mem-estimate=16.00KB mem-reservation=0B thread-reservation=0
|  |  tuple-ids=14 row-size=24B cardinality=10 cost=2
|  |  in pipelines: 06(GETNEXT)
|  |
|  F02:PLAN FRAGMENT [HASH(tpcds_partitioned_parquet_snap.store_sales.ss_item_sk)] hosts=10 instances=10 (adjusted from 120)
|  Per-Instance Resources: mem-estimate=21.88MB mem-reservation=1.94MB thread-reservation=1
|  max-parallelism=10 segment-costs=[5965893, 3822129, 20] cpu-comparison-result=240 [max(10 (self) vs 240 (sum children))]
|  06:TOP-N
|  |  order by: avg(tpcds_partitioned_parquet_snap.store_sales.ss_net_profit) ASC NULLS LAST
|  |  limit with ties: 10
|  |  source expr: rank() < CAST(11 AS BIGINT)
|  |  mem-estimate=240B mem-reservation=0B thread-reservation=0
|  |  tuple-ids=14 row-size=24B cardinality=10 cost=3748329
|  |  in pipelines: 06(GETNEXT), 23(OPEN)
|  |
|  05:NESTED LOOP JOIN [INNER JOIN, BROADCAST]
|  |  join table id: 04
|  |  join predicates: avg(tpcds_partitioned_parquet_snap.store_sales.ss_net_profit) > multiply(CAST(0.9 AS DECIMAL(2,1)), avg(tpcds_partitioned_parquet_snap.store_sales_0.ss_net_profit))
|  |  mem-estimate=0B mem-reservation=0B thread-reservation=0
|  |  tuple-ids=5,9 row-size=24B cardinality=360.18K cost=73800
|  |  in pipelines: 23(GETNEXT), 25(OPEN)
|  |
|  |--F18:PLAN FRAGMENT [HASH(tpcds_partitioned_parquet_snap.store_sales.ss_item_sk)] hosts=10 instances=10
|  |  |  Per-Instance Resources: mem-estimate=16.01KB mem-reservation=0B thread-reservation=1
|  |  |  max-parallelism=10 segment-costs=[0] cpu-comparison-result=120 [max(10 (self) vs 120 (sum children))]
|  |  JOIN BUILD
|  |  |  join-table-id=04 plan-id=05 cohort-id=04
|  |  |  mem-estimate=12B mem-reservation=0B thread-reservation=0 cost=0
|  |  |
|  |  26:EXCHANGE [BROADCAST]
|  |  |  mem-estimate=16.00KB mem-reservation=0B thread-reservation=0
|  |  |  tuple-ids=9 row-size=12B cardinality=1 cost=0
|  |  |  in pipelines: 25(GETNEXT)
|  |  |
|  |  F04:PLAN FRAGMENT [HASH(tpcds_partitioned_parquet_snap.store_sales_0.ss_store_sk)] hosts=10 instances=10 (adjusted from 120)
|  |  Per-Instance Resources: mem-estimate=10.22MB mem-reservation=1.94MB thread-reservation=1
|  |  max-parallelism=10 segment-costs=[56, 0] cpu-comparison-result=120 [max(10 (self) vs 120 (sum children))]
|  |  25:AGGREGATE [FINALIZE]
|  |  |  output: avg:merge(tpcds_partitioned_parquet_snap.store_sales_0.ss_net_profit)
|  |  |  group by: tpcds_partitioned_parquet_snap.store_sales_0.ss_store_sk
|  |  |  mem-estimate=10.00MB mem-reservation=1.94MB spill-buffer=64.00KB thread-reservation=0
|  |  |  tuple-ids=9 row-size=12B cardinality=1 cost=37
|  |  |  in pipelines: 25(GETNEXT), 03(OPEN)
|  |  |
|  |  24:EXCHANGE [HASH(tpcds_partitioned_parquet_snap.store_sales_0.ss_store_sk)]
|  |  |  mem-estimate=225.14KB mem-reservation=0B thread-reservation=0
|  |  |  tuple-ids=8 row-size=12B cardinality=120 cost=19
|  |  |  in pipelines: 03(GETNEXT)
|  |  |
|  |  F03:PLAN FRAGMENT [RANDOM] hosts=10 instances=120
|  |  Per-Instance Resources: mem-estimate=26.62MB mem-reservation=10.00MB thread-reservation=1
|  |  max-parallelism=200 segment-costs=[1979714242, 154]
|  |  04:AGGREGATE [STREAMING]
|  |  |  output: avg(tpcds_partitioned_parquet_snap.store_sales_0.ss_net_profit)
|  |  |  group by: tpcds_partitioned_parquet_snap.store_sales_0.ss_store_sk
|  |  |  mem-estimate=10.00MB mem-reservation=2.00MB spill-buffer=64.00KB thread-reservation=0
|  |  |  tuple-ids=8 row-size=12B cardinality=120 cost=1169083
|  |  |  in pipelines: 03(GETNEXT)
|  |  |
|  |  03:SCAN HDFS [tpcds_partitioned_parquet_snap.store_sales, RANDOM]
|  |     HDFS partitions=1824/1824 files=1824 size=389.90GB
|  |     predicates: tpcds_partitioned_parquet_snap.store_sales_0.ss_store_sk = CAST(457 AS INT), is_null_pred(tpcds_partitioned_parquet_snap.store_sales_0.ss_addr_sk)
|  |     stored statistics:
|  |       table: rows=8.64G size=389.90GB
|  |       partitions: 1824/1824 rows=8.64G
|  |       columns: all
|  |     extrapolated-rows=disabled max-scan-range-rows=390.22M
|  |     parquet statistics predicates: tpcds_partitioned_parquet_snap.store_sales_0.ss_store_sk = CAST(457 AS INT)
|  |     parquet dictionary predicates: tpcds_partitioned_parquet_snap.store_sales_0.ss_store_sk = CAST(457 AS INT)
|  |     mem-estimate=16.00MB mem-reservation=8.00MB thread-reservation=0
|  |     tuple-ids=6 row-size=12B cardinality=4.00M cost=1978545159
|  |     in pipelines: 03(GETNEXT)
|  |
|  23:AGGREGATE [FINALIZE]
|  |  output: avg:merge(tpcds_partitioned_parquet_snap.store_sales.ss_net_profit)
|  |  group by: tpcds_partitioned_parquet_snap.store_sales.ss_item_sk
|  |  mem-estimate=10.00MB mem-reservation=1.94MB spill-buffer=64.00KB thread-reservation=0
|  |  tuple-ids=5 row-size=12B cardinality=360.18K cost=4143831
|  |  in pipelines: 23(GETNEXT), 01(OPEN)
|  |
|  22:EXCHANGE [HASH(tpcds_partitioned_parquet_snap.store_sales.ss_item_sk)]
|  |  mem-estimate=11.88MB mem-reservation=0B thread-reservation=0
|  |  tuple-ids=4 row-size=12B cardinality=10.96M cost=1822062
|  |  in pipelines: 01(GETNEXT)
|  |
|  F01:PLAN FRAGMENT [RANDOM] hosts=10 instances=120
|  Per-Instance Resources: mem-estimate=26.62MB mem-reservation=11.00MB thread-reservation=1
|  max-parallelism=180 segment-costs=[1768024691, 14111946]
|  02:AGGREGATE [STREAMING]
|  |  output: avg(tpcds_partitioned_parquet_snap.store_sales.ss_net_profit)
|  |  group by: tpcds_partitioned_parquet_snap.store_sales.ss_item_sk
|  |  mem-estimate=10.00MB mem-reservation=3.00MB spill-buffer=128.00KB thread-reservation=0
|  |  tuple-ids=4 row-size=12B cardinality=10.96M cost=32261711
|  |  in pipelines: 01(GETNEXT)
|  |
|  01:SCAN HDFS [tpcds_partitioned_parquet_snap.store_sales, RANDOM]
|     HDFS partitions=1824/1824 files=1824 size=389.90GB
|     predicates: tpcds_partitioned_parquet_snap.store_sales.ss_store_sk = CAST(457 AS INT)
|     stored statistics:
|       table: rows=8.64G size=389.90GB
|       partitions: 1824/1824 rows=8.64G
|       columns: all
|     extrapolated-rows=disabled max-scan-range-rows=390.22M
|     parquet statistics predicates: tpcds_partitioned_parquet_snap.store_sales.ss_store_sk = CAST(457 AS INT)
|     parquet dictionary predicates: tpcds_partitioned_parquet_snap.store_sales.ss_store_sk = CAST(457 AS INT)
|     mem-estimate=16.00MB mem-reservation=8.00MB thread-reservation=0
|     tuple-ids=2 row-size=12B cardinality=12.64M cost=1735762980
|     in pipelines: 01(GETNEXT)
|
00:SCAN HDFS [tpcds_partitioned_parquet_snap.item, RANDOM]
   HDFS partitions=1/1 files=1 size=33.54MB
   runtime filters: RF001[min_max] -> tpcds_partitioned_parquet_snap.item.i_item_sk, RF000[bloom] -> tpcds_partitioned_parquet_snap.item.i_item_sk
   stored statistics:
     table: rows=360.00K size=33.54MB
     columns: all
   extrapolated-rows=disabled max-scan-range-rows=101.54K
   mem-estimate=16.00MB mem-reservation=512.00KB thread-reservation=0
   tuple-ids=0 row-size=39B cardinality=360.00K cost=139198
   in pipelines: 00(GETNEXT)
---- PARALLELPLANS
Max Per-Host Resource Reservation: Memory=534.56MB Threads=63
Per-Host Resource Estimates: Memory=1.37GB
F13:PLAN FRAGMENT [UNPARTITIONED] hosts=1 instances=1
|  Per-Instance Resources: mem-estimate=4.02MB mem-reservation=4.00MB thread-reservation=1
|  max-parallelism=1 segment-costs=[34] cpu-comparison-result=480 [max(1 (self) vs 480 (sum children))]
PLAN-ROOT SINK
|  output exprs: rank(), i_product_name, i_product_name
|  mem-estimate=4.00MB mem-reservation=4.00MB spill-buffer=2.00MB thread-reservation=0 cost=30
|
40:MERGING-EXCHANGE [UNPARTITIONED]
|  order by: rank() ASC NULLS LAST
|  limit: 100
|  mem-estimate=16.00KB mem-reservation=0B thread-reservation=0
|  tuple-ids=32 row-size=78B cardinality=10 cost=4
|  in pipelines: 21(GETNEXT)
|
F12:PLAN FRAGMENT [HASH(rank())] hosts=4 instances=4
Per-Instance Resources: mem-estimate=327.57KB mem-reservation=0B thread-reservation=1
max-parallelism=4 segment-costs=[27, 23] cpu-comparison-result=480 [max(8 (self) vs 480 (sum children))]
21:TOP-N [LIMIT=100]
|  order by: rank() ASC NULLS LAST
|  mem-estimate=778B mem-reservation=0B thread-reservation=0
|  tuple-ids=32 row-size=78B cardinality=10 cost=18
|  in pipelines: 21(GETNEXT), 00(OPEN)
|
20:HASH JOIN [INNER JOIN, PARTITIONED]
|  hash-table-id=00
|  hash predicates: rank() = rank()
|  fk/pk conjuncts: assumed fk/pk
|  mem-estimate=0B mem-reservation=0B spill-buffer=64.00KB thread-reservation=0
|  tuple-ids=0,14,13,16,30,29 row-size=142B cardinality=10 cost=4
|  in pipelines: 00(GETNEXT), 10(OPEN)
|
|--F14:PLAN FRAGMENT [HASH(rank())] hosts=4 instances=4
|  |  Per-Instance Resources: mem-estimate=1.95MB mem-reservation=1.94MB thread-reservation=1
|  |  max-parallelism=4 segment-costs=[15] cpu-comparison-result=240 [max(8 (self) vs 240 (sum children))]
|  JOIN BUILD
|  |  join-table-id=00 plan-id=01 cohort-id=01
|  |  build expressions: rank()
|  |  mem-estimate=1.94MB mem-reservation=1.94MB spill-buffer=64.00KB thread-reservation=0 cost=10
|  |
|  39:EXCHANGE [HASH(rank())]
|  |  mem-estimate=16.00KB mem-reservation=0B thread-reservation=0
|  |  tuple-ids=16,30,29 row-size=71B cardinality=10 cost=5
|  |  in pipelines: 10(GETNEXT)
|  |
|  F06:PLAN FRAGMENT [RANDOM] hosts=4 instances=4
|  Per-Host Shared Resources: mem-estimate=1.00MB mem-reservation=1.00MB thread-reservation=0 runtime-filters-memory=1.00MB
|  Per-Instance Resources: mem-estimate=17.29MB mem-reservation=512.00KB thread-reservation=1
|  max-parallelism=4 segment-costs=[231600]
|  19:HASH JOIN [INNER JOIN, BROADCAST]
|  |  hash-table-id=01
|  |  hash predicates: tpcds_partitioned_parquet_snap.item_0.i_item_sk = tpcds_partitioned_parquet_snap.store_sales_1.ss_item_sk
|  |  fk/pk conjuncts: none
|  |  mem-estimate=0B mem-reservation=0B spill-buffer=64.00KB thread-reservation=0
|  |  tuple-ids=16,30,29 row-size=71B cardinality=10 cost=92341
|  |  in pipelines: 10(GETNEXT), 36(OPEN)
|  |
|  |--F15:PLAN FRAGMENT [RANDOM] hosts=4 instances=4
|  |  |  Per-Instance Resources: mem-estimate=2.95MB mem-reservation=2.94MB thread-reservation=1 runtime-filters-memory=1.00MB
|  |  |  max-parallelism=4 segment-costs=[14] cpu-comparison-result=240 [max(4 (self) vs 240 (sum children))]
|  |  JOIN BUILD
|  |  |  join-table-id=01 plan-id=02 cohort-id=02
|  |  |  build expressions: tpcds_partitioned_parquet_snap.store_sales_1.ss_item_sk
|  |  |  runtime filters: RF002[bloom] <- tpcds_partitioned_parquet_snap.store_sales_1.ss_item_sk, RF003[min_max] <- tpcds_partitioned_parquet_snap.store_sales_1.ss_item_sk
|  |  |  mem-estimate=1.94MB mem-reservation=1.94MB spill-buffer=64.00KB thread-reservation=0 cost=10
|  |  |
|  |  37:EXCHANGE [BROADCAST]
|  |  |  mem-estimate=16.00KB mem-reservation=0B thread-reservation=0
|  |  |  tuple-ids=30,29 row-size=32B cardinality=10 cost=4
|  |  |  in pipelines: 36(GETNEXT)
|  |  |
|  |  F11:PLAN FRAGMENT [UNPARTITIONED] hosts=1 instances=1
|  |  Per-Instance Resources: mem-estimate=4.16MB mem-reservation=4.00MB thread-reservation=1
|  |  max-parallelism=1 segment-costs=[20, 21] cpu-comparison-result=240 [max(1 (self) vs 240 (sum children))]
|  |  18:SELECT
|  |  |  predicates: rank() < CAST(11 AS BIGINT)
|  |  |  mem-estimate=0B mem-reservation=0B thread-reservation=0
|  |  |  tuple-ids=30,29 row-size=32B cardinality=10 cost=10
|  |  |  in pipelines: 36(GETNEXT)
|  |  |
|  |  17:ANALYTIC
|  |  |  functions: rank()
|  |  |  order by: avg(tpcds_partitioned_parquet_snap.store_sales_1.ss_net_profit) DESC
|  |  |  window: RANGE BETWEEN UNBOUNDED PRECEDING AND CURRENT ROW
|  |  |  mem-estimate=4.00MB mem-reservation=4.00MB spill-buffer=2.00MB thread-reservation=0
|  |  |  tuple-ids=30,29 row-size=32B cardinality=10 cost=10
|  |  |  in pipelines: 36(GETNEXT)
|  |  |
|  |  36:TOP-N
|  |  |  order by: avg(tpcds_partitioned_parquet_snap.store_sales_1.ss_net_profit) DESC NULLS FIRST
|  |  |  limit with ties: 10
|  |  |  mem-estimate=240B mem-reservation=0B thread-reservation=0
|  |  |  tuple-ids=30 row-size=24B cardinality=10 cost=18
|  |  |  in pipelines: 36(GETNEXT), 16(OPEN)
|  |  |
|  |  35:EXCHANGE [UNPARTITIONED]
|  |  |  mem-estimate=16.00KB mem-reservation=0B thread-reservation=0
|  |  |  tuple-ids=30 row-size=24B cardinality=10 cost=2
|  |  |  in pipelines: 16(GETNEXT)
|  |  |
|  |  F08:PLAN FRAGMENT [HASH(tpcds_partitioned_parquet_snap.store_sales_1.ss_item_sk)] hosts=10 instances=10 (adjusted from 120)
|  |  Per-Instance Resources: mem-estimate=21.88MB mem-reservation=1.94MB thread-reservation=1
|  |  max-parallelism=10 segment-costs=[5965893, 3822129, 20] cpu-comparison-result=240 [max(10 (self) vs 240 (sum children))]
|  |  16:TOP-N
|  |  |  order by: avg(tpcds_partitioned_parquet_snap.store_sales_1.ss_net_profit) DESC NULLS FIRST
|  |  |  limit with ties: 10
|  |  |  source expr: rank() < CAST(11 AS BIGINT)
|  |  |  mem-estimate=240B mem-reservation=0B thread-reservation=0
|  |  |  tuple-ids=30 row-size=24B cardinality=10 cost=3748329
|  |  |  in pipelines: 16(GETNEXT), 31(OPEN)
|  |  |
|  |  15:NESTED LOOP JOIN [INNER JOIN, BROADCAST]
|  |  |  join table id: 02
|  |  |  join predicates: avg(tpcds_partitioned_parquet_snap.store_sales_1.ss_net_profit) > multiply(CAST(0.9 AS DECIMAL(2,1)), avg(tpcds_partitioned_parquet_snap.store_sales_2.ss_net_profit))
|  |  |  mem-estimate=0B mem-reservation=0B thread-reservation=0
|  |  |  tuple-ids=21,25 row-size=24B cardinality=360.18K cost=73800
|  |  |  in pipelines: 31(GETNEXT), 33(OPEN)
|  |  |
|  |  |--F16:PLAN FRAGMENT [HASH(tpcds_partitioned_parquet_snap.store_sales_1.ss_item_sk)] hosts=10 instances=10
|  |  |  |  Per-Instance Resources: mem-estimate=16.01KB mem-reservation=0B thread-reservation=1
|  |  |  |  max-parallelism=10 segment-costs=[0] cpu-comparison-result=120 [max(10 (self) vs 120 (sum children))]
|  |  |  JOIN BUILD
|  |  |  |  join-table-id=02 plan-id=03 cohort-id=03
|  |  |  |  mem-estimate=12B mem-reservation=0B thread-reservation=0 cost=0
|  |  |  |
|  |  |  34:EXCHANGE [BROADCAST]
|  |  |  |  mem-estimate=16.00KB mem-reservation=0B thread-reservation=0
|  |  |  |  tuple-ids=25 row-size=12B cardinality=1 cost=0
|  |  |  |  in pipelines: 33(GETNEXT)
|  |  |  |
|  |  |  F10:PLAN FRAGMENT [HASH(tpcds_partitioned_parquet_snap.store_sales_2.ss_store_sk)] hosts=10 instances=10 (adjusted from 120)
|  |  |  Per-Instance Resources: mem-estimate=10.22MB mem-reservation=1.94MB thread-reservation=1
|  |  |  max-parallelism=10 segment-costs=[56, 0] cpu-comparison-result=120 [max(10 (self) vs 120 (sum children))]
|  |  |  33:AGGREGATE [FINALIZE]
|  |  |  |  output: avg:merge(tpcds_partitioned_parquet_snap.store_sales_2.ss_net_profit)
|  |  |  |  group by: tpcds_partitioned_parquet_snap.store_sales_2.ss_store_sk
|  |  |  |  mem-estimate=10.00MB mem-reservation=1.94MB spill-buffer=64.00KB thread-reservation=0
|  |  |  |  tuple-ids=25 row-size=12B cardinality=1 cost=37
|  |  |  |  in pipelines: 33(GETNEXT), 13(OPEN)
|  |  |  |
|  |  |  32:EXCHANGE [HASH(tpcds_partitioned_parquet_snap.store_sales_2.ss_store_sk)]
|  |  |  |  mem-estimate=225.14KB mem-reservation=0B thread-reservation=0
|  |  |  |  tuple-ids=24 row-size=12B cardinality=120 cost=19
|  |  |  |  in pipelines: 13(GETNEXT)
|  |  |  |
|  |  |  F09:PLAN FRAGMENT [RANDOM] hosts=10 instances=120
|  |  |  Per-Instance Resources: mem-estimate=26.62MB mem-reservation=10.00MB thread-reservation=1
|  |  |  max-parallelism=200 segment-costs=[1979714242, 154]
|  |  |  14:AGGREGATE [STREAMING]
|  |  |  |  output: avg(tpcds_partitioned_parquet_snap.store_sales_2.ss_net_profit)
|  |  |  |  group by: tpcds_partitioned_parquet_snap.store_sales_2.ss_store_sk
|  |  |  |  mem-estimate=10.00MB mem-reservation=2.00MB spill-buffer=64.00KB thread-reservation=0
|  |  |  |  tuple-ids=24 row-size=12B cardinality=120 cost=1169083
|  |  |  |  in pipelines: 13(GETNEXT)
|  |  |  |
|  |  |  13:SCAN HDFS [tpcds_partitioned_parquet_snap.store_sales, RANDOM]
|  |  |     HDFS partitions=1824/1824 files=1824 size=389.90GB
|  |  |     predicates: tpcds_partitioned_parquet_snap.store_sales_2.ss_store_sk = CAST(457 AS INT), is_null_pred(tpcds_partitioned_parquet_snap.store_sales_2.ss_addr_sk)
|  |  |     stored statistics:
|  |  |       table: rows=8.64G size=389.90GB
|  |  |       partitions: 1824/1824 rows=8.64G
|  |  |       columns: all
|  |  |     extrapolated-rows=disabled max-scan-range-rows=390.22M
|  |  |     parquet statistics predicates: tpcds_partitioned_parquet_snap.store_sales_2.ss_store_sk = CAST(457 AS INT)
|  |  |     parquet dictionary predicates: tpcds_partitioned_parquet_snap.store_sales_2.ss_store_sk = CAST(457 AS INT)
|  |  |     mem-estimate=16.00MB mem-reservation=8.00MB thread-reservation=0
|  |  |     tuple-ids=22 row-size=12B cardinality=4.00M cost=1978545159
|  |  |     in pipelines: 13(GETNEXT)
|  |  |
|  |  31:AGGREGATE [FINALIZE]
|  |  |  output: avg:merge(tpcds_partitioned_parquet_snap.store_sales_1.ss_net_profit)
|  |  |  group by: tpcds_partitioned_parquet_snap.store_sales_1.ss_item_sk
|  |  |  mem-estimate=10.00MB mem-reservation=1.94MB spill-buffer=64.00KB thread-reservation=0
|  |  |  tuple-ids=21 row-size=12B cardinality=360.18K cost=4143831
|  |  |  in pipelines: 31(GETNEXT), 11(OPEN)
|  |  |
|  |  30:EXCHANGE [HASH(tpcds_partitioned_parquet_snap.store_sales_1.ss_item_sk)]
|  |  |  mem-estimate=11.88MB mem-reservation=0B thread-reservation=0
|  |  |  tuple-ids=20 row-size=12B cardinality=10.96M cost=1822062
|  |  |  in pipelines: 11(GETNEXT)
|  |  |
|  |  F07:PLAN FRAGMENT [RANDOM] hosts=10 instances=120
|  |  Per-Instance Resources: mem-estimate=26.62MB mem-reservation=11.00MB thread-reservation=1
|  |  max-parallelism=180 segment-costs=[1768024691, 14111946]
|  |  12:AGGREGATE [STREAMING]
|  |  |  output: avg(tpcds_partitioned_parquet_snap.store_sales_1.ss_net_profit)
|  |  |  group by: tpcds_partitioned_parquet_snap.store_sales_1.ss_item_sk
|  |  |  mem-estimate=10.00MB mem-reservation=3.00MB spill-buffer=128.00KB thread-reservation=0
|  |  |  tuple-ids=20 row-size=12B cardinality=10.96M cost=32261711
|  |  |  in pipelines: 11(GETNEXT)
|  |  |
|  |  11:SCAN HDFS [tpcds_partitioned_parquet_snap.store_sales, RANDOM]
|  |     HDFS partitions=1824/1824 files=1824 size=389.90GB
|  |     predicates: tpcds_partitioned_parquet_snap.store_sales_1.ss_store_sk = CAST(457 AS INT)
|  |     stored statistics:
|  |       table: rows=8.64G size=389.90GB
|  |       partitions: 1824/1824 rows=8.64G
|  |       columns: all
|  |     extrapolated-rows=disabled max-scan-range-rows=390.22M
|  |     parquet statistics predicates: tpcds_partitioned_parquet_snap.store_sales_1.ss_store_sk = CAST(457 AS INT)
|  |     parquet dictionary predicates: tpcds_partitioned_parquet_snap.store_sales_1.ss_store_sk = CAST(457 AS INT)
|  |     mem-estimate=16.00MB mem-reservation=8.00MB thread-reservation=0
|  |     tuple-ids=18 row-size=12B cardinality=12.64M cost=1735762980
|  |     in pipelines: 11(GETNEXT)
|  |
|  10:SCAN HDFS [tpcds_partitioned_parquet_snap.item, RANDOM]
|     HDFS partitions=1/1 files=1 size=33.54MB
|     runtime filters: RF003[min_max] -> tpcds_partitioned_parquet_snap.item_0.i_item_sk, RF002[bloom] -> tpcds_partitioned_parquet_snap.item_0.i_item_sk
|     stored statistics:
|       table: rows=360.00K size=33.54MB
|       columns: all
|     extrapolated-rows=disabled max-scan-range-rows=101.54K
|     mem-estimate=16.00MB mem-reservation=512.00KB thread-reservation=0
|     tuple-ids=16 row-size=39B cardinality=360.00K cost=139198
|     in pipelines: 10(GETNEXT)
|
38:EXCHANGE [HASH(rank())]
|  mem-estimate=16.00KB mem-reservation=0B thread-reservation=0
|  tuple-ids=0,14,13 row-size=71B cardinality=10 cost=5
|  in pipelines: 00(GETNEXT)
|
F00:PLAN FRAGMENT [RANDOM] hosts=4 instances=4
Per-Host Shared Resources: mem-estimate=1.00MB mem-reservation=1.00MB thread-reservation=0 runtime-filters-memory=1.00MB
Per-Instance Resources: mem-estimate=17.29MB mem-reservation=512.00KB thread-reservation=1
max-parallelism=4 segment-costs=[231600]
09:HASH JOIN [INNER JOIN, BROADCAST]
|  hash-table-id=03
|  hash predicates: tpcds_partitioned_parquet_snap.item.i_item_sk = tpcds_partitioned_parquet_snap.store_sales.ss_item_sk
|  fk/pk conjuncts: none
|  mem-estimate=0B mem-reservation=0B spill-buffer=64.00KB thread-reservation=0
|  tuple-ids=0,14,13 row-size=71B cardinality=10 cost=92341
|  in pipelines: 00(GETNEXT), 28(OPEN)
|
|--F17:PLAN FRAGMENT [RANDOM] hosts=4 instances=4
|  |  Per-Instance Resources: mem-estimate=2.95MB mem-reservation=2.94MB thread-reservation=1 runtime-filters-memory=1.00MB
|  |  max-parallelism=4 segment-costs=[14] cpu-comparison-result=240 [max(4 (self) vs 240 (sum children))]
|  JOIN BUILD
|  |  join-table-id=03 plan-id=04 cohort-id=01
|  |  build expressions: tpcds_partitioned_parquet_snap.store_sales.ss_item_sk
|  |  runtime filters: RF000[bloom] <- tpcds_partitioned_parquet_snap.store_sales.ss_item_sk, RF001[min_max] <- tpcds_partitioned_parquet_snap.store_sales.ss_item_sk
|  |  mem-estimate=1.94MB mem-reservation=1.94MB spill-buffer=64.00KB thread-reservation=0 cost=10
|  |
|  29:EXCHANGE [BROADCAST]
|  |  mem-estimate=16.00KB mem-reservation=0B thread-reservation=0
|  |  tuple-ids=14,13 row-size=32B cardinality=10 cost=4
|  |  in pipelines: 28(GETNEXT)
|  |
|  F05:PLAN FRAGMENT [UNPARTITIONED] hosts=1 instances=1
|  Per-Instance Resources: mem-estimate=4.16MB mem-reservation=4.00MB thread-reservation=1
|  max-parallelism=1 segment-costs=[20, 21] cpu-comparison-result=240 [max(1 (self) vs 240 (sum children))]
|  08:SELECT
|  |  predicates: rank() < CAST(11 AS BIGINT)
|  |  mem-estimate=0B mem-reservation=0B thread-reservation=0
|  |  tuple-ids=14,13 row-size=32B cardinality=10 cost=10
|  |  in pipelines: 28(GETNEXT)
|  |
|  07:ANALYTIC
|  |  functions: rank()
|  |  order by: avg(tpcds_partitioned_parquet_snap.store_sales.ss_net_profit) ASC
|  |  window: RANGE BETWEEN UNBOUNDED PRECEDING AND CURRENT ROW
|  |  mem-estimate=4.00MB mem-reservation=4.00MB spill-buffer=2.00MB thread-reservation=0
|  |  tuple-ids=14,13 row-size=32B cardinality=10 cost=10
|  |  in pipelines: 28(GETNEXT)
|  |
|  28:TOP-N
|  |  order by: avg(tpcds_partitioned_parquet_snap.store_sales.ss_net_profit) ASC NULLS LAST
|  |  limit with ties: 10
|  |  mem-estimate=240B mem-reservation=0B thread-reservation=0
|  |  tuple-ids=14 row-size=24B cardinality=10 cost=18
|  |  in pipelines: 28(GETNEXT), 06(OPEN)
|  |
|  27:EXCHANGE [UNPARTITIONED]
|  |  mem-estimate=16.00KB mem-reservation=0B thread-reservation=0
|  |  tuple-ids=14 row-size=24B cardinality=10 cost=2
|  |  in pipelines: 06(GETNEXT)
|  |
|  F02:PLAN FRAGMENT [HASH(tpcds_partitioned_parquet_snap.store_sales.ss_item_sk)] hosts=10 instances=10 (adjusted from 120)
|  Per-Instance Resources: mem-estimate=21.88MB mem-reservation=1.94MB thread-reservation=1
|  max-parallelism=10 segment-costs=[5965893, 3822129, 20] cpu-comparison-result=240 [max(10 (self) vs 240 (sum children))]
|  06:TOP-N
|  |  order by: avg(tpcds_partitioned_parquet_snap.store_sales.ss_net_profit) ASC NULLS LAST
|  |  limit with ties: 10
|  |  source expr: rank() < CAST(11 AS BIGINT)
|  |  mem-estimate=240B mem-reservation=0B thread-reservation=0
|  |  tuple-ids=14 row-size=24B cardinality=10 cost=3748329
|  |  in pipelines: 06(GETNEXT), 23(OPEN)
|  |
|  05:NESTED LOOP JOIN [INNER JOIN, BROADCAST]
|  |  join table id: 04
|  |  join predicates: avg(tpcds_partitioned_parquet_snap.store_sales.ss_net_profit) > multiply(CAST(0.9 AS DECIMAL(2,1)), avg(tpcds_partitioned_parquet_snap.store_sales_0.ss_net_profit))
|  |  mem-estimate=0B mem-reservation=0B thread-reservation=0
|  |  tuple-ids=5,9 row-size=24B cardinality=360.18K cost=73800
|  |  in pipelines: 23(GETNEXT), 25(OPEN)
|  |
|  |--F18:PLAN FRAGMENT [HASH(tpcds_partitioned_parquet_snap.store_sales.ss_item_sk)] hosts=10 instances=10
|  |  |  Per-Instance Resources: mem-estimate=16.01KB mem-reservation=0B thread-reservation=1
|  |  |  max-parallelism=10 segment-costs=[0] cpu-comparison-result=120 [max(10 (self) vs 120 (sum children))]
|  |  JOIN BUILD
|  |  |  join-table-id=04 plan-id=05 cohort-id=04
|  |  |  mem-estimate=12B mem-reservation=0B thread-reservation=0 cost=0
|  |  |
|  |  26:EXCHANGE [BROADCAST]
|  |  |  mem-estimate=16.00KB mem-reservation=0B thread-reservation=0
|  |  |  tuple-ids=9 row-size=12B cardinality=1 cost=0
|  |  |  in pipelines: 25(GETNEXT)
|  |  |
|  |  F04:PLAN FRAGMENT [HASH(tpcds_partitioned_parquet_snap.store_sales_0.ss_store_sk)] hosts=10 instances=10 (adjusted from 120)
|  |  Per-Instance Resources: mem-estimate=10.22MB mem-reservation=1.94MB thread-reservation=1
|  |  max-parallelism=10 segment-costs=[56, 0] cpu-comparison-result=120 [max(10 (self) vs 120 (sum children))]
|  |  25:AGGREGATE [FINALIZE]
|  |  |  output: avg:merge(tpcds_partitioned_parquet_snap.store_sales_0.ss_net_profit)
|  |  |  group by: tpcds_partitioned_parquet_snap.store_sales_0.ss_store_sk
|  |  |  mem-estimate=10.00MB mem-reservation=1.94MB spill-buffer=64.00KB thread-reservation=0
|  |  |  tuple-ids=9 row-size=12B cardinality=1 cost=37
|  |  |  in pipelines: 25(GETNEXT), 03(OPEN)
|  |  |
|  |  24:EXCHANGE [HASH(tpcds_partitioned_parquet_snap.store_sales_0.ss_store_sk)]
|  |  |  mem-estimate=225.14KB mem-reservation=0B thread-reservation=0
|  |  |  tuple-ids=8 row-size=12B cardinality=120 cost=19
|  |  |  in pipelines: 03(GETNEXT)
|  |  |
|  |  F03:PLAN FRAGMENT [RANDOM] hosts=10 instances=120
|  |  Per-Instance Resources: mem-estimate=26.62MB mem-reservation=10.00MB thread-reservation=1
|  |  max-parallelism=200 segment-costs=[1979714242, 154]
|  |  04:AGGREGATE [STREAMING]
|  |  |  output: avg(tpcds_partitioned_parquet_snap.store_sales_0.ss_net_profit)
|  |  |  group by: tpcds_partitioned_parquet_snap.store_sales_0.ss_store_sk
|  |  |  mem-estimate=10.00MB mem-reservation=2.00MB spill-buffer=64.00KB thread-reservation=0
|  |  |  tuple-ids=8 row-size=12B cardinality=120 cost=1169083
|  |  |  in pipelines: 03(GETNEXT)
|  |  |
|  |  03:SCAN HDFS [tpcds_partitioned_parquet_snap.store_sales, RANDOM]
|  |     HDFS partitions=1824/1824 files=1824 size=389.90GB
|  |     predicates: tpcds_partitioned_parquet_snap.store_sales_0.ss_store_sk = CAST(457 AS INT), is_null_pred(tpcds_partitioned_parquet_snap.store_sales_0.ss_addr_sk)
|  |     stored statistics:
|  |       table: rows=8.64G size=389.90GB
|  |       partitions: 1824/1824 rows=8.64G
|  |       columns: all
|  |     extrapolated-rows=disabled max-scan-range-rows=390.22M
|  |     parquet statistics predicates: tpcds_partitioned_parquet_snap.store_sales_0.ss_store_sk = CAST(457 AS INT)
|  |     parquet dictionary predicates: tpcds_partitioned_parquet_snap.store_sales_0.ss_store_sk = CAST(457 AS INT)
|  |     mem-estimate=16.00MB mem-reservation=8.00MB thread-reservation=0
|  |     tuple-ids=6 row-size=12B cardinality=4.00M cost=1978545159
|  |     in pipelines: 03(GETNEXT)
|  |
|  23:AGGREGATE [FINALIZE]
|  |  output: avg:merge(tpcds_partitioned_parquet_snap.store_sales.ss_net_profit)
|  |  group by: tpcds_partitioned_parquet_snap.store_sales.ss_item_sk
|  |  mem-estimate=10.00MB mem-reservation=1.94MB spill-buffer=64.00KB thread-reservation=0
|  |  tuple-ids=5 row-size=12B cardinality=360.18K cost=4143831
|  |  in pipelines: 23(GETNEXT), 01(OPEN)
|  |
|  22:EXCHANGE [HASH(tpcds_partitioned_parquet_snap.store_sales.ss_item_sk)]
|  |  mem-estimate=11.88MB mem-reservation=0B thread-reservation=0
|  |  tuple-ids=4 row-size=12B cardinality=10.96M cost=1822062
|  |  in pipelines: 01(GETNEXT)
|  |
|  F01:PLAN FRAGMENT [RANDOM] hosts=10 instances=120
|  Per-Instance Resources: mem-estimate=26.62MB mem-reservation=11.00MB thread-reservation=1
|  max-parallelism=180 segment-costs=[1768024691, 14111946]
|  02:AGGREGATE [STREAMING]
|  |  output: avg(tpcds_partitioned_parquet_snap.store_sales.ss_net_profit)
|  |  group by: tpcds_partitioned_parquet_snap.store_sales.ss_item_sk
|  |  mem-estimate=10.00MB mem-reservation=3.00MB spill-buffer=128.00KB thread-reservation=0
|  |  tuple-ids=4 row-size=12B cardinality=10.96M cost=32261711
|  |  in pipelines: 01(GETNEXT)
|  |
|  01:SCAN HDFS [tpcds_partitioned_parquet_snap.store_sales, RANDOM]
|     HDFS partitions=1824/1824 files=1824 size=389.90GB
|     predicates: tpcds_partitioned_parquet_snap.store_sales.ss_store_sk = CAST(457 AS INT)
|     stored statistics:
|       table: rows=8.64G size=389.90GB
|       partitions: 1824/1824 rows=8.64G
|       columns: all
|     extrapolated-rows=disabled max-scan-range-rows=390.22M
|     parquet statistics predicates: tpcds_partitioned_parquet_snap.store_sales.ss_store_sk = CAST(457 AS INT)
|     parquet dictionary predicates: tpcds_partitioned_parquet_snap.store_sales.ss_store_sk = CAST(457 AS INT)
|     mem-estimate=16.00MB mem-reservation=8.00MB thread-reservation=0
|     tuple-ids=2 row-size=12B cardinality=12.64M cost=1735762980
|     in pipelines: 01(GETNEXT)
|
00:SCAN HDFS [tpcds_partitioned_parquet_snap.item, RANDOM]
   HDFS partitions=1/1 files=1 size=33.54MB
   runtime filters: RF001[min_max] -> tpcds_partitioned_parquet_snap.item.i_item_sk, RF000[bloom] -> tpcds_partitioned_parquet_snap.item.i_item_sk
   stored statistics:
     table: rows=360.00K size=33.54MB
     columns: all
   extrapolated-rows=disabled max-scan-range-rows=101.54K
   mem-estimate=16.00MB mem-reservation=512.00KB thread-reservation=0
   tuple-ids=0 row-size=39B cardinality=360.00K cost=139198
   in pipelines: 00(GETNEXT)
====
