# TPCDS-Q14b second of two queries
with  cross_items as
 (select i_item_sk ss_item_sk
 from item,
 (select iss.i_brand_id brand_id
     ,iss.i_class_id class_id
     ,iss.i_category_id category_id
 from store_sales
     ,item iss
     ,date_dim d1
 where ss_item_sk = iss.i_item_sk
   and ss_sold_date_sk = d1.d_date_sk
   and d1.d_year between 1998 AND 1998 + 2
 intersect
 select ics.i_brand_id
     ,ics.i_class_id
     ,ics.i_category_id
 from catalog_sales
     ,item ics
     ,date_dim d2
 where cs_item_sk = ics.i_item_sk
   and cs_sold_date_sk = d2.d_date_sk
   and d2.d_year between 1998 AND 1998 + 2
 intersect
 select iws.i_brand_id
     ,iws.i_class_id
     ,iws.i_category_id
 from web_sales
     ,item iws
     ,date_dim d3
 where ws_item_sk = iws.i_item_sk
   and ws_sold_date_sk = d3.d_date_sk
   and d3.d_year between 1998 AND 1998 + 2) x
 where i_brand_id = brand_id
      and i_class_id = class_id
      and i_category_id = category_id
),
 avg_sales as
(select avg(quantity*list_price) average_sales
  from (select ss_quantity quantity
             ,ss_list_price list_price
       from store_sales
           ,date_dim
       where ss_sold_date_sk = d_date_sk
         and d_year between 1998 and 1998 + 2
       union all
       select cs_quantity quantity
             ,cs_list_price list_price
       from catalog_sales
           ,date_dim
       where cs_sold_date_sk = d_date_sk
         and d_year between 1998 and 1998 + 2
       union all
       select ws_quantity quantity
             ,ws_list_price list_price
       from web_sales
           ,date_dim
       where ws_sold_date_sk = d_date_sk
         and d_year between 1998 and 1998 + 2) x)
  select  this_year.channel ty_channel
                           ,this_year.i_brand_id ty_brand
                           ,this_year.i_class_id ty_class
                           ,this_year.i_category_id ty_category
                           ,this_year.sales ty_sales
                           ,this_year.number_sales ty_number_sales
                           ,last_year.channel ly_channel
                           ,last_year.i_brand_id ly_brand
                           ,last_year.i_class_id ly_class
                           ,last_year.i_category_id ly_category
                           ,last_year.sales ly_sales
                           ,last_year.number_sales ly_number_sales
 from
 (select 'store' channel, i_brand_id,i_class_id,i_category_id
        ,sum(ss_quantity*ss_list_price) sales, count(*) number_sales
 from store_sales
     ,item
     ,date_dim
 where ss_item_sk in (select ss_item_sk from cross_items)
   and ss_item_sk = i_item_sk
   and ss_sold_date_sk = d_date_sk
   and d_week_seq = (select d_week_seq
                     from date_dim
                     where d_year = 1998 + 1
                       and d_moy = 12
                       and d_dom = 20)
 group by i_brand_id,i_class_id,i_category_id
 having sum(ss_quantity*ss_list_price) > (select average_sales from avg_sales)) this_year,
 (select 'store' channel, i_brand_id,i_class_id
        ,i_category_id, sum(ss_quantity*ss_list_price) sales, count(*) number_sales
 from store_sales
     ,item
     ,date_dim
 where ss_item_sk in (select ss_item_sk from cross_items)
   and ss_item_sk = i_item_sk
   and ss_sold_date_sk = d_date_sk
   and d_week_seq = (select d_week_seq
                     from date_dim
                     where d_year = 1998
                       and d_moy = 12
                       and d_dom = 20)
 group by i_brand_id,i_class_id,i_category_id
 having sum(ss_quantity*ss_list_price) > (select average_sales from avg_sales)) last_year
 where this_year.i_brand_id= last_year.i_brand_id
   and this_year.i_class_id = last_year.i_class_id
   and this_year.i_category_id = last_year.i_category_id
 order by this_year.channel, this_year.i_brand_id, this_year.i_class_id, this_year.i_category_id
 limit 100

# end query 14 in stream 0 using template query14.tpl
---- PLAN
Max Per-Host Resource Reservation: Memory=356.75MB Threads=1
Per-Host Resource Estimates: Memory=992MB
F00:PLAN FRAGMENT [UNPARTITIONED] hosts=1 instances=1
|  Per-Instance Resources: mem-estimate=991.53MB mem-reservation=356.75MB thread-reservation=1 runtime-filters-memory=10.00MB
|  max-parallelism=1 segment-costs=[5106581694, 20423062286, 10212361080, 1760391, 2659596, 22988, 174064348, 11061232872, 5106581694, 20423062286, 10212361080, 1760391, 2659596, 22988, 174064348, 11061232872, 847873892, 1200]
PLAN-ROOT SINK
|  output exprs: 'store', tpcds_partitioned_parquet_snap.item_3.i_brand_id, tpcds_partitioned_parquet_snap.item_3.i_class_id, tpcds_partitioned_parquet_snap.item_3.i_category_id, sum(multiply(tpcds_partitioned_parquet_snap.store_sales.ss_quantity, tpcds_partitioned_parquet_snap.store_sales.ss_list_price)), count(), 'store', tpcds_partitioned_parquet_snap.item_8.i_brand_id, tpcds_partitioned_parquet_snap.item_8.i_class_id, tpcds_partitioned_parquet_snap.item_8.i_category_id, sum(multiply(tpcds_partitioned_parquet_snap.store_sales_2.ss_quantity, tpcds_partitioned_parquet_snap.store_sales_2.ss_list_price)), count()
|  mem-estimate=4.00MB mem-reservation=4.00MB spill-buffer=2.00MB thread-reservation=0 cost=1200
|
95:TOP-N [LIMIT=100]
|  order by: tpcds_partitioned_parquet_snap.item_3.i_brand_id ASC NULLS LAST, tpcds_partitioned_parquet_snap.item_3.i_class_id ASC NULLS LAST, tpcds_partitioned_parquet_snap.item_3.i_category_id ASC NULLS LAST
|  mem-estimate=7.03KB mem-reservation=0B thread-reservation=0
|  tuple-ids=104 row-size=72B cardinality=100 cost=837188295
|  in pipelines: 95(GETNEXT), 33(OPEN)
|
94:HASH JOIN [INNER JOIN]
|  hash predicates: tpcds_partitioned_parquet_snap.item_3.i_brand_id = tpcds_partitioned_parquet_snap.item_8.i_brand_id, tpcds_partitioned_parquet_snap.item_3.i_category_id = tpcds_partitioned_parquet_snap.item_8.i_category_id, tpcds_partitioned_parquet_snap.item_3.i_class_id = tpcds_partitioned_parquet_snap.item_8.i_class_id
|  fk/pk conjuncts: none
|  runtime filters: RF003[min_max] <- tpcds_partitioned_parquet_snap.item_8.i_brand_id, RF004[min_max] <- tpcds_partitioned_parquet_snap.item_8.i_category_id, RF005[min_max] <- tpcds_partitioned_parquet_snap.item_8.i_class_id
|  mem-estimate=17.00MB mem-reservation=17.00MB spill-buffer=1.00MB thread-reservation=0
|  tuple-ids=35,51,87,103 row-size=104B cardinality=57.60M cost=10624489
|  in pipelines: 33(GETNEXT), 80(OPEN)
|
|--93:NESTED LOOP JOIN [INNER JOIN]
|  |  join predicates: sum(multiply(tpcds_partitioned_parquet_snap.store_sales_2.ss_quantity, tpcds_partitioned_parquet_snap.store_sales_2.ss_list_price)) > avg(multiply(QUANTITY, LIST_PRICE))
|  |  mem-estimate=16B mem-reservation=0B thread-reservation=0
|  |  tuple-ids=87,103 row-size=52B cardinality=149.12K cost=30554
|  |  in pipelines: 80(GETNEXT), 92(OPEN)
|  |
|  |--92:AGGREGATE [FINALIZE]
|  |  |  output: avg(multiply(CAST(QUANTITY AS DECIMAL(10,0)), LIST_PRICE))
|  |  |  mem-estimate=16.00KB mem-reservation=0B spill-buffer=2.00MB thread-reservation=0
|  |  |  tuple-ids=103 row-size=16B cardinality=1 cost=1058398679
|  |  |  in pipelines: 92(GETNEXT), 83(OPEN), 86(OPEN), 89(OPEN)
|  |  |
|  |  81:UNION
|  |  |  pass-through-operands: 82
|  |  |  mem-estimate=0B mem-reservation=0B thread-reservation=0
|  |  |  tuple-ids=101 row-size=8B cardinality=15.12G cost=110287964
|  |  |  in pipelines: 83(GETNEXT), 86(GETNEXT), 89(GETNEXT)
|  |  |
|  |  |--91:HASH JOIN [INNER JOIN]
|  |  |  |  hash predicates: tpcds_partitioned_parquet_snap.web_sales_2.ws_sold_date_sk = tpcds_partitioned_parquet_snap.date_dim_14.d_date_sk
|  |  |  |  fk/pk conjuncts: tpcds_partitioned_parquet_snap.web_sales_2.ws_sold_date_sk = tpcds_partitioned_parquet_snap.date_dim_14.d_date_sk
|  |  |  |  mem-estimate=1.94MB mem-reservation=1.94MB spill-buffer=64.00KB thread-reservation=0
|  |  |  |  tuple-ids=97,99 row-size=20B cardinality=2.16G cost=945425284
|  |  |  |  in pipelines: 89(GETNEXT), 90(OPEN)
|  |  |  |
|  |  |  |--90:SCAN HDFS [tpcds_partitioned_parquet_snap.date_dim]
|  |  |  |     HDFS partitions=1/1 files=1 size=2.17MB
|  |  |  |     predicates: tpcds_partitioned_parquet_snap.date_dim_14.d_year <= add(CAST(1998 AS INT), CAST(2 AS INT)), tpcds_partitioned_parquet_snap.date_dim_14.d_year >= CAST(1998 AS INT)
|  |  |  |     stored statistics:
|  |  |  |       table: rows=73.05K size=2.17MB
|  |  |  |       columns: all
|  |  |  |     extrapolated-rows=disabled max-scan-range-rows=73.05K
|  |  |  |     parquet statistics predicates: tpcds_partitioned_parquet_snap.date_dim_14.d_year <= add(CAST(1998 AS INT), CAST(2 AS INT)), tpcds_partitioned_parquet_snap.date_dim_14.d_year >= CAST(1998 AS INT)
|  |  |  |     parquet dictionary predicates: tpcds_partitioned_parquet_snap.date_dim_14.d_year <= add(CAST(1998 AS INT), CAST(2 AS INT)), tpcds_partitioned_parquet_snap.date_dim_14.d_year >= CAST(1998 AS INT)
|  |  |  |     mem-estimate=16.00MB mem-reservation=512.00KB thread-reservation=0
|  |  |  |     tuple-ids=99 row-size=8B cardinality=7.30K cost=12520
|  |  |  |     in pipelines: 90(GETNEXT)
|  |  |  |
|  |  |  89:SCAN HDFS [tpcds_partitioned_parquet_snap.web_sales]
|  |  |     HDFS partitions=1824/1824 files=1824 size=145.75GB
|  |  |     stored statistics:
|  |  |       table: rows=2.16G size=145.75GB
|  |  |       partitions: 1824/1824 rows=2.16G
|  |  |       columns: all
|  |  |     extrapolated-rows=disabled max-scan-range-rows=3.37M
|  |  |     mem-estimate=16.00MB mem-reservation=128.00KB thread-reservation=0
|  |  |     tuple-ids=97 row-size=12B cardinality=2.16G cost=373242464
|  |  |     in pipelines: 89(GETNEXT)
|  |  |
|  |  82:UNION
|  |  |  mem-estimate=0B mem-reservation=0B thread-reservation=0
|  |  |  tuple-ids=96 row-size=8B cardinality=12.96G cost=661738272
|  |  |  in pipelines: 83(GETNEXT), 86(GETNEXT)
|  |  |
|  |  |--88:HASH JOIN [INNER JOIN]
|  |  |  |  hash predicates: tpcds_partitioned_parquet_snap.catalog_sales_2.cs_sold_date_sk = tpcds_partitioned_parquet_snap.date_dim_13.d_date_sk
|  |  |  |  fk/pk conjuncts: tpcds_partitioned_parquet_snap.catalog_sales_2.cs_sold_date_sk = tpcds_partitioned_parquet_snap.date_dim_13.d_date_sk
|  |  |  |  mem-estimate=1.94MB mem-reservation=1.94MB spill-buffer=64.00KB thread-reservation=0
|  |  |  |  tuple-ids=92,94 row-size=20B cardinality=4.32G cost=1890905436
|  |  |  |  in pipelines: 86(GETNEXT), 87(OPEN)
|  |  |  |
|  |  |  |--87:SCAN HDFS [tpcds_partitioned_parquet_snap.date_dim]
|  |  |  |     HDFS partitions=1/1 files=1 size=2.17MB
|  |  |  |     predicates: tpcds_partitioned_parquet_snap.date_dim_13.d_year <= add(CAST(1998 AS INT), CAST(2 AS INT)), tpcds_partitioned_parquet_snap.date_dim_13.d_year >= CAST(1998 AS INT)
|  |  |  |     stored statistics:
|  |  |  |       table: rows=73.05K size=2.17MB
|  |  |  |       columns: all
|  |  |  |     extrapolated-rows=disabled max-scan-range-rows=73.05K
|  |  |  |     parquet statistics predicates: tpcds_partitioned_parquet_snap.date_dim_13.d_year <= add(CAST(1998 AS INT), CAST(2 AS INT)), tpcds_partitioned_parquet_snap.date_dim_13.d_year >= CAST(1998 AS INT)
|  |  |  |     parquet dictionary predicates: tpcds_partitioned_parquet_snap.date_dim_13.d_year <= add(CAST(1998 AS INT), CAST(2 AS INT)), tpcds_partitioned_parquet_snap.date_dim_13.d_year >= CAST(1998 AS INT)
|  |  |  |     mem-estimate=16.00MB mem-reservation=512.00KB thread-reservation=0
|  |  |  |     tuple-ids=94 row-size=8B cardinality=7.30K cost=12520
|  |  |  |     in pipelines: 87(GETNEXT)
|  |  |  |
|  |  |  86:SCAN HDFS [tpcds_partitioned_parquet_snap.catalog_sales]
|  |  |     HDFS partitions=1831/1831 files=1831 size=280.96GB
|  |  |     stored statistics:
|  |  |       table: rows=4.32G size=280.96GB
|  |  |       partitions: 1831/1831 rows=4.32G
|  |  |       columns: all
|  |  |     extrapolated-rows=disabled max-scan-range-rows=21.52M
|  |  |     mem-estimate=16.00MB mem-reservation=1.00MB thread-reservation=0
|  |  |     tuple-ids=92 row-size=12B cardinality=4.32G cost=746509474
|  |  |     in pipelines: 86(GETNEXT)
|  |  |
|  |  85:HASH JOIN [INNER JOIN]
|  |  |  hash predicates: tpcds_partitioned_parquet_snap.store_sales_4.ss_sold_date_sk = tpcds_partitioned_parquet_snap.date_dim_12.d_date_sk
|  |  |  fk/pk conjuncts: tpcds_partitioned_parquet_snap.store_sales_4.ss_sold_date_sk = tpcds_partitioned_parquet_snap.date_dim_12.d_date_sk
|  |  |  mem-estimate=1.94MB mem-reservation=1.94MB spill-buffer=64.00KB thread-reservation=0
|  |  |  tuple-ids=88,90 row-size=20B cardinality=8.64G cost=3781706938
|  |  |  in pipelines: 83(GETNEXT), 84(OPEN)
|  |  |
|  |  |--84:SCAN HDFS [tpcds_partitioned_parquet_snap.date_dim]
|  |  |     HDFS partitions=1/1 files=1 size=2.17MB
|  |  |     predicates: tpcds_partitioned_parquet_snap.date_dim_12.d_year <= add(CAST(1998 AS INT), CAST(2 AS INT)), tpcds_partitioned_parquet_snap.date_dim_12.d_year >= CAST(1998 AS INT)
|  |  |     stored statistics:
|  |  |       table: rows=73.05K size=2.17MB
|  |  |       columns: all
|  |  |     extrapolated-rows=disabled max-scan-range-rows=73.05K
|  |  |     parquet statistics predicates: tpcds_partitioned_parquet_snap.date_dim_12.d_year <= add(CAST(1998 AS INT), CAST(2 AS INT)), tpcds_partitioned_parquet_snap.date_dim_12.d_year >= CAST(1998 AS INT)
|  |  |     parquet dictionary predicates: tpcds_partitioned_parquet_snap.date_dim_12.d_year <= add(CAST(1998 AS INT), CAST(2 AS INT)), tpcds_partitioned_parquet_snap.date_dim_12.d_year >= CAST(1998 AS INT)
|  |  |     mem-estimate=16.00MB mem-reservation=512.00KB thread-reservation=0
|  |  |     tuple-ids=90 row-size=8B cardinality=7.30K cost=12520
|  |  |     in pipelines: 84(GETNEXT)
|  |  |
|  |  83:SCAN HDFS [tpcds_partitioned_parquet_snap.store_sales]
|  |     HDFS partitions=1824/1824 files=1824 size=389.90GB
|  |     stored statistics:
|  |       table: rows=8.64G size=389.90GB
|  |       partitions: 1824/1824 rows=8.64G
|  |       columns: all
|  |     extrapolated-rows=disabled max-scan-range-rows=390.22M
|  |     mem-estimate=16.00MB mem-reservation=8.00MB thread-reservation=0
|  |     tuple-ids=88 row-size=12B cardinality=8.64G cost=1492980801
|  |     in pipelines: 83(GETNEXT)
|  |
|  80:AGGREGATE [FINALIZE]
|  |  output: sum(multiply(CAST(tpcds_partitioned_parquet_snap.store_sales_2.ss_quantity AS DECIMAL(10,0)), tpcds_partitioned_parquet_snap.store_sales_2.ss_list_price)), count()
|  |  group by: tpcds_partitioned_parquet_snap.item_8.i_brand_id, tpcds_partitioned_parquet_snap.item_8.i_class_id, tpcds_partitioned_parquet_snap.item_8.i_category_id
|  |  mem-estimate=10.00MB mem-reservation=8.50MB spill-buffer=512.00KB thread-reservation=0
|  |  tuple-ids=87 row-size=36B cardinality=149.12K cost=5458801
|  |  in pipelines: 80(GETNEXT), 47(OPEN)
|  |
|  79:HASH JOIN [INNER JOIN]
|  |  hash predicates: tpcds_partitioned_parquet_snap.store_sales_2.ss_item_sk = tpcds_partitioned_parquet_snap.item_8.i_item_sk
|  |  fk/pk conjuncts: tpcds_partitioned_parquet_snap.store_sales_2.ss_item_sk = tpcds_partitioned_parquet_snap.item_8.i_item_sk
|  |  runtime filters: RF039[min_max] <- tpcds_partitioned_parquet_snap.item_8.i_item_sk
|  |  mem-estimate=34.00MB mem-reservation=34.00MB spill-buffer=2.00MB thread-reservation=0
|  |  tuple-ids=52,81,83,85 row-size=56B cardinality=3.31M cost=1810285
|  |  in pipelines: 47(GETNEXT), 78(OPEN)
|  |
|  |--78:SCAN HDFS [tpcds_partitioned_parquet_snap.item]
|  |     HDFS partitions=1/1 files=1 size=33.54MB
|  |     stored statistics:
|  |       table: rows=360.00K size=33.54MB
|  |       columns: all
|  |     extrapolated-rows=disabled max-scan-range-rows=101.54K
|  |     mem-estimate=16.00MB mem-reservation=512.00KB thread-reservation=0
|  |     tuple-ids=85 row-size=16B cardinality=360.00K cost=82944
|  |     in pipelines: 78(GETNEXT)
|  |
|  77:HASH JOIN [INNER JOIN]
|  |  hash predicates: tpcds_partitioned_parquet_snap.store_sales_2.ss_sold_date_sk = tpcds_partitioned_parquet_snap.date_dim_10.d_date_sk
|  |  fk/pk conjuncts: tpcds_partitioned_parquet_snap.store_sales_2.ss_sold_date_sk = tpcds_partitioned_parquet_snap.date_dim_10.d_date_sk
|  |  runtime filters: RF040[bloom] <- tpcds_partitioned_parquet_snap.date_dim_10.d_date_sk
|  |  mem-estimate=1.94MB mem-reservation=1.94MB spill-buffer=64.00KB thread-reservation=0
|  |  tuple-ids=52,81,83 row-size=40B cardinality=3.31M cost=1450592
|  |  in pipelines: 47(GETNEXT), 73(OPEN)
|  |
|  |--76:HASH JOIN [INNER JOIN]
|  |  |  hash predicates: tpcds_partitioned_parquet_snap.date_dim_10.d_week_seq = tpcds_partitioned_parquet_snap.date_dim_11.d_week_seq
|  |  |  fk/pk conjuncts: none
|  |  |  runtime filters: RF062[bloom] <- tpcds_partitioned_parquet_snap.date_dim_11.d_week_seq, RF063[min_max] <- tpcds_partitioned_parquet_snap.date_dim_11.d_week_seq
|  |  |  mem-estimate=1.94MB mem-reservation=1.94MB spill-buffer=64.00KB thread-reservation=0
|  |  |  tuple-ids=81,83 row-size=24B cardinality=7 cost=4
|  |  |  in pipelines: 73(GETNEXT), 75(OPEN)
|  |  |
|  |  |--75:CARDINALITY CHECK
|  |  |  |  limit: 1
|  |  |  |  mem-estimate=0B mem-reservation=0B thread-reservation=0
|  |  |  |  tuple-ids=83 row-size=16B cardinality=1 cost=0
|  |  |  |  in pipelines: 75(GETNEXT), 74(OPEN)
|  |  |  |
|  |  |  74:SCAN HDFS [tpcds_partitioned_parquet_snap.date_dim]
|  |  |     HDFS partitions=1/1 files=1 size=2.17MB
|  |  |     predicates: tpcds_partitioned_parquet_snap.date_dim_11.d_year = CAST(1998 AS INT), tpcds_partitioned_parquet_snap.date_dim_11.d_dom = CAST(20 AS INT), tpcds_partitioned_parquet_snap.date_dim_11.d_moy = CAST(12 AS INT)
|  |  |     stored statistics:
|  |  |       table: rows=73.05K size=2.17MB
|  |  |       columns: all
|  |  |     extrapolated-rows=disabled max-scan-range-rows=73.05K
|  |  |     parquet statistics predicates: tpcds_partitioned_parquet_snap.date_dim_11.d_year = CAST(1998 AS INT), tpcds_partitioned_parquet_snap.date_dim_11.d_dom = CAST(20 AS INT), tpcds_partitioned_parquet_snap.date_dim_11.d_moy = CAST(12 AS INT)
|  |  |     parquet dictionary predicates: tpcds_partitioned_parquet_snap.date_dim_11.d_year = CAST(1998 AS INT), tpcds_partitioned_parquet_snap.date_dim_11.d_dom = CAST(20 AS INT), tpcds_partitioned_parquet_snap.date_dim_11.d_moy = CAST(12 AS INT)
|  |  |     limit: 2
|  |  |     mem-estimate=16.00MB mem-reservation=512.00KB thread-reservation=0
|  |  |     tuple-ids=83 row-size=16B cardinality=29 cost=22988
|  |  |     in pipelines: 74(GETNEXT)
|  |  |
|  |  73:SCAN HDFS [tpcds_partitioned_parquet_snap.date_dim]
|  |     HDFS partitions=1/1 files=1 size=2.17MB
|  |     runtime filters: RF063[min_max] -> tpcds_partitioned_parquet_snap.date_dim_10.d_week_seq, RF062[bloom] -> tpcds_partitioned_parquet_snap.date_dim_10.d_week_seq
|  |     stored statistics:
|  |       table: rows=73.05K size=2.17MB
|  |       columns: all
|  |     extrapolated-rows=disabled max-scan-range-rows=73.05K
|  |     mem-estimate=16.00MB mem-reservation=512.00KB thread-reservation=0
|  |     tuple-ids=81 row-size=8B cardinality=7(filtered from 73.05K) cost=8415
|  |     in pipelines: 73(GETNEXT)
|  |
|  72:HASH JOIN [LEFT SEMI JOIN]
|  |  hash predicates: tpcds_partitioned_parquet_snap.store_sales_2.ss_item_sk = tpcds_partitioned_parquet_snap.item_4.i_item_sk
|  |  runtime filters: RF043[min_max] <- tpcds_partitioned_parquet_snap.item_4.i_item_sk
|  |  mem-estimate=2.88MB mem-reservation=2.88MB spill-buffer=128.00KB thread-reservation=0
|  |  tuple-ids=52 row-size=16B cardinality=3.31M(filtered from 863.56M) cost=157363455
|  |  in pipelines: 47(GETNEXT), 70(OPEN)
|  |
|  |--71:HASH JOIN [INNER JOIN]
|  |  |  hash predicates: BRAND_ID = tpcds_partitioned_parquet_snap.item_4.i_brand_id, CATEGORY_ID = tpcds_partitioned_parquet_snap.item_4.i_category_id, CLASS_ID = tpcds_partitioned_parquet_snap.item_4.i_class_id
|  |  |  fk/pk conjuncts: assumed fk/pk
|  |  |  runtime filters: RF044[bloom] <- tpcds_partitioned_parquet_snap.item_4.i_brand_id, RF045[bloom] <- tpcds_partitioned_parquet_snap.item_4.i_category_id, RF046[bloom] <- tpcds_partitioned_parquet_snap.item_4.i_class_id, RF047[min_max] <- tpcds_partitioned_parquet_snap.item_4.i_brand_id, RF048[min_max] <- tpcds_partitioned_parquet_snap.item_4.i_category_id, RF049[min_max] <- tpcds_partitioned_parquet_snap.item_4.i_class_id
|  |  |  mem-estimate=2.88MB mem-reservation=2.88MB spill-buffer=128.00KB thread-reservation=0
|  |  |  tuple-ids=80,54 row-size=36B cardinality=36.00K cost=157271
|  |  |  in pipelines: 70(GETNEXT), 48(OPEN)
|  |  |
|  |  |--48:SCAN HDFS [tpcds_partitioned_parquet_snap.item]
|  |  |     HDFS partitions=1/1 files=1 size=33.54MB
|  |  |     predicates: is_not_null_pred(tpcds_partitioned_parquet_snap.item_4.i_item_sk)
|  |  |     runtime filters: RF039[min_max] -> tpcds_partitioned_parquet_snap.item_4.i_item_sk
|  |  |     stored statistics:
|  |  |       table: rows=360.00K size=33.54MB
|  |  |       columns: all
|  |  |     extrapolated-rows=disabled max-scan-range-rows=101.54K
|  |  |     parquet dictionary predicates: is_not_null_pred(tpcds_partitioned_parquet_snap.item_4.i_item_sk)
|  |  |     mem-estimate=16.00MB mem-reservation=512.00KB thread-reservation=0
|  |  |     tuple-ids=54 row-size=16B cardinality=36.00K cost=93060
|  |  |     in pipelines: 48(GETNEXT)
|  |  |
|  |  70:AGGREGATE [FINALIZE]
|  |  |  output: count()
|  |  |  group by: BRAND_ID, CLASS_ID, CATEGORY_ID
|  |  |  having: count() = CAST(2 AS BIGINT)
|  |  |  mem-estimate=128.00MB mem-reservation=34.00MB spill-buffer=2.00MB thread-reservation=0
|  |  |  tuple-ids=80 row-size=20B cardinality=447.36K cost=2640587
|  |  |  in pipelines: 70(GETNEXT), 69(OPEN), 63(OPEN)
|  |  |
|  |  49:UNION
|  |  |  pass-through-operands: 69
|  |  |  mem-estimate=0B mem-reservation=0B thread-reservation=0
|  |  |  tuple-ids=79 row-size=12B cardinality=447.36K cost=19009
|  |  |  in pipelines: 69(GETNEXT), 63(GETNEXT)
|  |  |
|  |  |--63:AGGREGATE [FINALIZE]
|  |  |  |  output: count()
|  |  |  |  group by: BRAND_ID, CLASS_ID, CATEGORY_ID
|  |  |  |  having: count() = CAST(2 AS BIGINT)
|  |  |  |  mem-estimate=128.00MB mem-reservation=34.00MB spill-buffer=2.00MB thread-reservation=0
|  |  |  |  tuple-ids=71 row-size=20B cardinality=298.24K cost=1760391
|  |  |  |  in pipelines: 63(GETNEXT), 56(OPEN), 62(OPEN)
|  |  |  |
|  |  |  50:UNION
|  |  |  |  pass-through-operands: all
|  |  |  |  mem-estimate=0B mem-reservation=0B thread-reservation=0
|  |  |  |  tuple-ids=70 row-size=12B cardinality=298.24K cost=0
|  |  |  |  in pipelines: 56(GETNEXT), 62(GETNEXT)
|  |  |  |
|  |  |  |--62:AGGREGATE [FINALIZE]
|  |  |  |  |  group by: tpcds_partitioned_parquet_snap.item_6.i_brand_id, tpcds_partitioned_parquet_snap.item_6.i_class_id, tpcds_partitioned_parquet_snap.item_6.i_category_id
|  |  |  |  |  mem-estimate=10.00MB mem-reservation=4.75MB spill-buffer=256.00KB thread-reservation=0
|  |  |  |  |  tuple-ids=69 row-size=12B cardinality=149.12K cost=5933927815
|  |  |  |  |  in pipelines: 62(GETNEXT), 57(OPEN)
|  |  |  |  |
|  |  |  |  61:HASH JOIN [INNER JOIN]
|  |  |  |  |  hash predicates: tpcds_partitioned_parquet_snap.catalog_sales_1.cs_item_sk = tpcds_partitioned_parquet_snap.item_6.i_item_sk
|  |  |  |  |  fk/pk conjuncts: tpcds_partitioned_parquet_snap.catalog_sales_1.cs_item_sk = tpcds_partitioned_parquet_snap.item_6.i_item_sk
|  |  |  |  |  runtime filters: RF059[min_max] <- tpcds_partitioned_parquet_snap.item_6.i_item_sk
|  |  |  |  |  mem-estimate=34.00MB mem-reservation=34.00MB spill-buffer=2.00MB thread-reservation=0
|  |  |  |  |  tuple-ids=63,65,67 row-size=32B cardinality=4.32G cost=1890313155
|  |  |  |  |  in pipelines: 57(GETNEXT), 60(OPEN)
|  |  |  |  |
|  |  |  |  |--60:SCAN HDFS [tpcds_partitioned_parquet_snap.item]
|  |  |  |  |     HDFS partitions=1/1 files=1 size=33.54MB
|  |  |  |  |     runtime filters: RF047[min_max] -> tpcds_partitioned_parquet_snap.item_6.i_brand_id, RF048[min_max] -> tpcds_partitioned_parquet_snap.item_6.i_category_id, RF049[min_max] -> tpcds_partitioned_parquet_snap.item_6.i_class_id, RF044[bloom] -> tpcds_partitioned_parquet_snap.item_6.i_brand_id, RF045[bloom] -> tpcds_partitioned_parquet_snap.item_6.i_category_id, RF046[bloom] -> tpcds_partitioned_parquet_snap.item_6.i_class_id
|  |  |  |  |     stored statistics:
|  |  |  |  |       table: rows=360.00K size=33.54MB
|  |  |  |  |       columns: all
|  |  |  |  |     extrapolated-rows=disabled max-scan-range-rows=101.54K
|  |  |  |  |     mem-estimate=16.00MB mem-reservation=512.00KB thread-reservation=0
|  |  |  |  |     tuple-ids=67 row-size=16B cardinality=360.00K cost=82944
|  |  |  |  |     in pipelines: 60(GETNEXT)
|  |  |  |  |
|  |  |  |  59:HASH JOIN [INNER JOIN]
|  |  |  |  |  hash predicates: tpcds_partitioned_parquet_snap.catalog_sales_1.cs_sold_date_sk = tpcds_partitioned_parquet_snap.date_dim_8.d_date_sk
|  |  |  |  |  fk/pk conjuncts: tpcds_partitioned_parquet_snap.catalog_sales_1.cs_sold_date_sk = tpcds_partitioned_parquet_snap.date_dim_8.d_date_sk
|  |  |  |  |  mem-estimate=1.94MB mem-reservation=1.94MB spill-buffer=64.00KB thread-reservation=0
|  |  |  |  |  tuple-ids=63,65 row-size=16B cardinality=4.32G(filtered from 4.32G) cost=1890351663
|  |  |  |  |  in pipelines: 57(GETNEXT), 58(OPEN)
|  |  |  |  |
|  |  |  |  |--58:SCAN HDFS [tpcds_partitioned_parquet_snap.date_dim]
|  |  |  |  |     HDFS partitions=1/1 files=1 size=2.17MB
|  |  |  |  |     predicates: tpcds_partitioned_parquet_snap.date_dim_8.d_year <= add(CAST(1998 AS INT), CAST(2 AS INT)), tpcds_partitioned_parquet_snap.date_dim_8.d_year >= CAST(1998 AS INT)
|  |  |  |  |     stored statistics:
|  |  |  |  |       table: rows=73.05K size=2.17MB
|  |  |  |  |       columns: all
|  |  |  |  |     extrapolated-rows=disabled max-scan-range-rows=73.05K
|  |  |  |  |     parquet statistics predicates: tpcds_partitioned_parquet_snap.date_dim_8.d_year <= add(CAST(1998 AS INT), CAST(2 AS INT)), tpcds_partitioned_parquet_snap.date_dim_8.d_year >= CAST(1998 AS INT)
|  |  |  |  |     parquet dictionary predicates: tpcds_partitioned_parquet_snap.date_dim_8.d_year <= add(CAST(1998 AS INT), CAST(2 AS INT)), tpcds_partitioned_parquet_snap.date_dim_8.d_year >= CAST(1998 AS INT)
|  |  |  |  |     mem-estimate=16.00MB mem-reservation=512.00KB thread-reservation=0
|  |  |  |  |     tuple-ids=65 row-size=8B cardinality=7.30K cost=12520
|  |  |  |  |     in pipelines: 58(GETNEXT)
|  |  |  |  |
|  |  |  |  57:SCAN HDFS [tpcds_partitioned_parquet_snap.catalog_sales]
|  |  |  |     HDFS partitions=1831/1831 files=1831 size=280.96GB
|  |  |  |     runtime filters: RF059[min_max] -> tpcds_partitioned_parquet_snap.catalog_sales_1.cs_item_sk
|  |  |  |     stored statistics:
|  |  |  |       table: rows=4.32G size=280.96GB
|  |  |  |       partitions: 1831/1831 rows=4.32G
|  |  |  |       columns: all
|  |  |  |     extrapolated-rows=disabled max-scan-range-rows=21.52M
|  |  |  |     mem-estimate=16.00MB mem-reservation=1.00MB thread-reservation=0
|  |  |  |     tuple-ids=63 row-size=8B cardinality=4.32G(filtered from 4.32G) cost=497672983
|  |  |  |     in pipelines: 57(GETNEXT)
|  |  |  |
|  |  |  56:AGGREGATE [FINALIZE]
|  |  |  |  group by: tpcds_partitioned_parquet_snap.item_5.i_brand_id, tpcds_partitioned_parquet_snap.item_5.i_class_id, tpcds_partitioned_parquet_snap.item_5.i_category_id
|  |  |  |  mem-estimate=10.00MB mem-reservation=4.75MB spill-buffer=256.00KB thread-reservation=0
|  |  |  |  tuple-ids=62 row-size=12B cardinality=149.12K cost=11866877138
|  |  |  |  in pipelines: 56(GETNEXT), 51(OPEN)
|  |  |  |
|  |  |  55:HASH JOIN [INNER JOIN]
|  |  |  |  hash predicates: tpcds_partitioned_parquet_snap.store_sales_3.ss_item_sk = tpcds_partitioned_parquet_snap.item_5.i_item_sk
|  |  |  |  fk/pk conjuncts: tpcds_partitioned_parquet_snap.store_sales_3.ss_item_sk = tpcds_partitioned_parquet_snap.item_5.i_item_sk
|  |  |  |  runtime filters: RF055[min_max] <- tpcds_partitioned_parquet_snap.item_5.i_item_sk
|  |  |  |  mem-estimate=34.00MB mem-reservation=34.00MB spill-buffer=2.00MB thread-reservation=0
|  |  |  |  tuple-ids=56,58,60 row-size=32B cardinality=8.64G cost=3780169729
|  |  |  |  in pipelines: 51(GETNEXT), 54(OPEN)
|  |  |  |
|  |  |  |--54:SCAN HDFS [tpcds_partitioned_parquet_snap.item]
|  |  |  |     HDFS partitions=1/1 files=1 size=33.54MB
|  |  |  |     runtime filters: RF047[min_max] -> tpcds_partitioned_parquet_snap.item_5.i_brand_id, RF048[min_max] -> tpcds_partitioned_parquet_snap.item_5.i_category_id, RF049[min_max] -> tpcds_partitioned_parquet_snap.item_5.i_class_id, RF044[bloom] -> tpcds_partitioned_parquet_snap.item_5.i_brand_id, RF045[bloom] -> tpcds_partitioned_parquet_snap.item_5.i_category_id, RF046[bloom] -> tpcds_partitioned_parquet_snap.item_5.i_class_id
|  |  |  |     stored statistics:
|  |  |  |       table: rows=360.00K size=33.54MB
|  |  |  |       columns: all
|  |  |  |     extrapolated-rows=disabled max-scan-range-rows=101.54K
|  |  |  |     mem-estimate=16.00MB mem-reservation=512.00KB thread-reservation=0
|  |  |  |     tuple-ids=60 row-size=16B cardinality=360.00K cost=82944
|  |  |  |     in pipelines: 54(GETNEXT)
|  |  |  |
|  |  |  53:HASH JOIN [INNER JOIN]
|  |  |  |  hash predicates: tpcds_partitioned_parquet_snap.store_sales_3.ss_sold_date_sk = tpcds_partitioned_parquet_snap.date_dim_7.d_date_sk
|  |  |  |  fk/pk conjuncts: tpcds_partitioned_parquet_snap.store_sales_3.ss_sold_date_sk = tpcds_partitioned_parquet_snap.date_dim_7.d_date_sk
|  |  |  |  mem-estimate=1.94MB mem-reservation=1.94MB spill-buffer=64.00KB thread-reservation=0
|  |  |  |  tuple-ids=56,58 row-size=16B cardinality=8.64G(filtered from 8.64G) cost=3780599421
|  |  |  |  in pipelines: 51(GETNEXT), 52(OPEN)
|  |  |  |
|  |  |  |--52:SCAN HDFS [tpcds_partitioned_parquet_snap.date_dim]
|  |  |  |     HDFS partitions=1/1 files=1 size=2.17MB
|  |  |  |     predicates: tpcds_partitioned_parquet_snap.date_dim_7.d_year <= add(CAST(1998 AS INT), CAST(2 AS INT)), tpcds_partitioned_parquet_snap.date_dim_7.d_year >= CAST(1998 AS INT)
|  |  |  |     stored statistics:
|  |  |  |       table: rows=73.05K size=2.17MB
|  |  |  |       columns: all
|  |  |  |     extrapolated-rows=disabled max-scan-range-rows=73.05K
|  |  |  |     parquet statistics predicates: tpcds_partitioned_parquet_snap.date_dim_7.d_year <= add(CAST(1998 AS INT), CAST(2 AS INT)), tpcds_partitioned_parquet_snap.date_dim_7.d_year >= CAST(1998 AS INT)
|  |  |  |     parquet dictionary predicates: tpcds_partitioned_parquet_snap.date_dim_7.d_year <= add(CAST(1998 AS INT), CAST(2 AS INT)), tpcds_partitioned_parquet_snap.date_dim_7.d_year >= CAST(1998 AS INT)
|  |  |  |     mem-estimate=16.00MB mem-reservation=512.00KB thread-reservation=0
|  |  |  |     tuple-ids=58 row-size=8B cardinality=7.30K cost=12520
|  |  |  |     in pipelines: 52(GETNEXT)
|  |  |  |
|  |  |  51:SCAN HDFS [tpcds_partitioned_parquet_snap.store_sales]
|  |  |     HDFS partitions=1824/1824 files=1824 size=389.90GB
|  |  |     runtime filters: RF055[min_max] -> tpcds_partitioned_parquet_snap.store_sales_3.ss_item_sk
|  |  |     stored statistics:
|  |  |       table: rows=8.64G size=389.90GB
|  |  |       partitions: 1824/1824 rows=8.64G
|  |  |       columns: all
|  |  |     extrapolated-rows=disabled max-scan-range-rows=390.22M
|  |  |     mem-estimate=16.00MB mem-reservation=4.00MB thread-reservation=0
|  |  |     tuple-ids=56 row-size=8B cardinality=8.64G(filtered from 8.64G) cost=995320534
|  |  |     in pipelines: 51(GETNEXT)
|  |  |
|  |  69:AGGREGATE [FINALIZE]
|  |  |  group by: tpcds_partitioned_parquet_snap.item_7.i_brand_id, tpcds_partitioned_parquet_snap.item_7.i_class_id, tpcds_partitioned_parquet_snap.item_7.i_category_id
|  |  |  mem-estimate=10.00MB mem-reservation=4.75MB spill-buffer=256.00KB thread-reservation=0
|  |  |  tuple-ids=78 row-size=12B cardinality=149.12K cost=2967204009
|  |  |  in pipelines: 69(GETNEXT), 64(OPEN)
|  |  |
|  |  68:HASH JOIN [INNER JOIN]
|  |  |  hash predicates: tpcds_partitioned_parquet_snap.web_sales_1.ws_item_sk = tpcds_partitioned_parquet_snap.item_7.i_item_sk
|  |  |  fk/pk conjuncts: tpcds_partitioned_parquet_snap.web_sales_1.ws_item_sk = tpcds_partitioned_parquet_snap.item_7.i_item_sk
|  |  |  runtime filters: RF051[min_max] <- tpcds_partitioned_parquet_snap.item_7.i_item_sk
|  |  |  mem-estimate=34.00MB mem-reservation=34.00MB spill-buffer=2.00MB thread-reservation=0
|  |  |  tuple-ids=72,74,76 row-size=32B cardinality=2.16G cost=945305506
|  |  |  in pipelines: 64(GETNEXT), 67(OPEN)
|  |  |
|  |  |--67:SCAN HDFS [tpcds_partitioned_parquet_snap.item]
|  |  |     HDFS partitions=1/1 files=1 size=33.54MB
|  |  |     runtime filters: RF047[min_max] -> tpcds_partitioned_parquet_snap.item_7.i_brand_id, RF048[min_max] -> tpcds_partitioned_parquet_snap.item_7.i_category_id, RF049[min_max] -> tpcds_partitioned_parquet_snap.item_7.i_class_id, RF044[bloom] -> tpcds_partitioned_parquet_snap.item_7.i_brand_id, RF045[bloom] -> tpcds_partitioned_parquet_snap.item_7.i_category_id, RF046[bloom] -> tpcds_partitioned_parquet_snap.item_7.i_class_id
|  |  |     stored statistics:
|  |  |       table: rows=360.00K size=33.54MB
|  |  |       columns: all
|  |  |     extrapolated-rows=disabled max-scan-range-rows=101.54K
|  |  |     mem-estimate=16.00MB mem-reservation=512.00KB thread-reservation=0
|  |  |     tuple-ids=76 row-size=16B cardinality=360.00K cost=82944
|  |  |     in pipelines: 67(GETNEXT)
|  |  |
|  |  66:HASH JOIN [INNER JOIN]
|  |  |  hash predicates: tpcds_partitioned_parquet_snap.web_sales_1.ws_sold_date_sk = tpcds_partitioned_parquet_snap.date_dim_9.d_date_sk
|  |  |  fk/pk conjuncts: tpcds_partitioned_parquet_snap.web_sales_1.ws_sold_date_sk = tpcds_partitioned_parquet_snap.date_dim_9.d_date_sk
|  |  |  mem-estimate=1.94MB mem-reservation=1.94MB spill-buffer=64.00KB thread-reservation=0
|  |  |  tuple-ids=72,74 row-size=16B cardinality=2.16G(filtered from 2.16G) cost=945148406
|  |  |  in pipelines: 64(GETNEXT), 65(OPEN)
|  |  |
|  |  |--65:SCAN HDFS [tpcds_partitioned_parquet_snap.date_dim]
|  |  |     HDFS partitions=1/1 files=1 size=2.17MB
|  |  |     predicates: tpcds_partitioned_parquet_snap.date_dim_9.d_year <= add(CAST(1998 AS INT), CAST(2 AS INT)), tpcds_partitioned_parquet_snap.date_dim_9.d_year >= CAST(1998 AS INT)
|  |  |     stored statistics:
|  |  |       table: rows=73.05K size=2.17MB
|  |  |       columns: all
|  |  |     extrapolated-rows=disabled max-scan-range-rows=73.05K
|  |  |     parquet statistics predicates: tpcds_partitioned_parquet_snap.date_dim_9.d_year <= add(CAST(1998 AS INT), CAST(2 AS INT)), tpcds_partitioned_parquet_snap.date_dim_9.d_year >= CAST(1998 AS INT)
|  |  |     parquet dictionary predicates: tpcds_partitioned_parquet_snap.date_dim_9.d_year <= add(CAST(1998 AS INT), CAST(2 AS INT)), tpcds_partitioned_parquet_snap.date_dim_9.d_year >= CAST(1998 AS INT)
|  |  |     mem-estimate=16.00MB mem-reservation=512.00KB thread-reservation=0
|  |  |     tuple-ids=74 row-size=8B cardinality=7.30K cost=12520
|  |  |     in pipelines: 65(GETNEXT)
|  |  |
|  |  64:SCAN HDFS [tpcds_partitioned_parquet_snap.web_sales]
|  |     HDFS partitions=1824/1824 files=1824 size=145.75GB
|  |     runtime filters: RF051[min_max] -> tpcds_partitioned_parquet_snap.web_sales_1.ws_item_sk
|  |     stored statistics:
|  |       table: rows=2.16G size=145.75GB
|  |       partitions: 1824/1824 rows=2.16G
|  |       columns: all
|  |     extrapolated-rows=disabled max-scan-range-rows=3.37M
|  |     mem-estimate=16.00MB mem-reservation=128.00KB thread-reservation=0
|  |     tuple-ids=72 row-size=8B cardinality=2.16G(filtered from 2.16G) cost=248828309
|  |     in pipelines: 64(GETNEXT)
|  |
|  47:SCAN HDFS [tpcds_partitioned_parquet_snap.store_sales]
|     HDFS partitions=1824/1824 files=1824 size=389.90GB
|     runtime filters: RF043[min_max] -> tpcds_partitioned_parquet_snap.store_sales_2.ss_item_sk, RF039[min_max] -> tpcds_partitioned_parquet_snap.store_sales_2.ss_item_sk, RF040[bloom] -> tpcds_partitioned_parquet_snap.store_sales_2.ss_sold_date_sk
|     stored statistics:
|       table: rows=8.64G size=389.90GB
|       partitions: 1824/1824 rows=8.64G
|       columns: all
|     extrapolated-rows=disabled max-scan-range-rows=390.22M est-scan-range=7(filtered from 1824)
|     mem-estimate=16.00MB mem-reservation=8.00MB thread-reservation=0
|     tuple-ids=52 row-size=16B cardinality=3.31M(filtered from 8.64G) cost=7639521
|     in pipelines: 47(GETNEXT)
|
46:NESTED LOOP JOIN [INNER JOIN]
|  join predicates: sum(multiply(tpcds_partitioned_parquet_snap.store_sales.ss_quantity, tpcds_partitioned_parquet_snap.store_sales.ss_list_price)) > avg(multiply(QUANTITY, LIST_PRICE))
|  mem-estimate=16B mem-reservation=0B thread-reservation=0
|  tuple-ids=35,51 row-size=52B cardinality=149.12K cost=30554
|  in pipelines: 33(GETNEXT), 45(OPEN)
|
|--45:AGGREGATE [FINALIZE]
|  |  output: avg(multiply(CAST(QUANTITY AS DECIMAL(10,0)), LIST_PRICE))
|  |  mem-estimate=16.00KB mem-reservation=0B spill-buffer=2.00MB thread-reservation=0
|  |  tuple-ids=51 row-size=16B cardinality=1 cost=1058398679
|  |  in pipelines: 45(GETNEXT), 36(OPEN), 39(OPEN), 42(OPEN)
|  |
|  34:UNION
|  |  pass-through-operands: 35
|  |  mem-estimate=0B mem-reservation=0B thread-reservation=0
|  |  tuple-ids=49 row-size=8B cardinality=15.12G cost=110287964
|  |  in pipelines: 36(GETNEXT), 39(GETNEXT), 42(GETNEXT)
|  |
|  |--44:HASH JOIN [INNER JOIN]
|  |  |  hash predicates: tpcds_partitioned_parquet_snap.web_sales_0.ws_sold_date_sk = tpcds_partitioned_parquet_snap.date_dim_6.d_date_sk
|  |  |  fk/pk conjuncts: tpcds_partitioned_parquet_snap.web_sales_0.ws_sold_date_sk = tpcds_partitioned_parquet_snap.date_dim_6.d_date_sk
|  |  |  mem-estimate=1.94MB mem-reservation=1.94MB spill-buffer=64.00KB thread-reservation=0
|  |  |  tuple-ids=45,47 row-size=20B cardinality=2.16G cost=945425284
|  |  |  in pipelines: 42(GETNEXT), 43(OPEN)
|  |  |
|  |  |--43:SCAN HDFS [tpcds_partitioned_parquet_snap.date_dim]
|  |  |     HDFS partitions=1/1 files=1 size=2.17MB
|  |  |     predicates: tpcds_partitioned_parquet_snap.date_dim_6.d_year <= add(CAST(1998 AS INT), CAST(2 AS INT)), tpcds_partitioned_parquet_snap.date_dim_6.d_year >= CAST(1998 AS INT)
|  |  |     stored statistics:
|  |  |       table: rows=73.05K size=2.17MB
|  |  |       columns: all
|  |  |     extrapolated-rows=disabled max-scan-range-rows=73.05K
|  |  |     parquet statistics predicates: tpcds_partitioned_parquet_snap.date_dim_6.d_year <= add(CAST(1998 AS INT), CAST(2 AS INT)), tpcds_partitioned_parquet_snap.date_dim_6.d_year >= CAST(1998 AS INT)
|  |  |     parquet dictionary predicates: tpcds_partitioned_parquet_snap.date_dim_6.d_year <= add(CAST(1998 AS INT), CAST(2 AS INT)), tpcds_partitioned_parquet_snap.date_dim_6.d_year >= CAST(1998 AS INT)
|  |  |     mem-estimate=16.00MB mem-reservation=512.00KB thread-reservation=0
|  |  |     tuple-ids=47 row-size=8B cardinality=7.30K cost=12520
|  |  |     in pipelines: 43(GETNEXT)
|  |  |
|  |  42:SCAN HDFS [tpcds_partitioned_parquet_snap.web_sales]
|  |     HDFS partitions=1824/1824 files=1824 size=145.75GB
|  |     stored statistics:
|  |       table: rows=2.16G size=145.75GB
|  |       partitions: 1824/1824 rows=2.16G
|  |       columns: all
|  |     extrapolated-rows=disabled max-scan-range-rows=3.37M
|  |     mem-estimate=16.00MB mem-reservation=128.00KB thread-reservation=0
|  |     tuple-ids=45 row-size=12B cardinality=2.16G cost=373242464
|  |     in pipelines: 42(GETNEXT)
|  |
|  35:UNION
|  |  mem-estimate=0B mem-reservation=0B thread-reservation=0
|  |  tuple-ids=44 row-size=8B cardinality=12.96G cost=661738272
|  |  in pipelines: 36(GETNEXT), 39(GETNEXT)
|  |
|  |--41:HASH JOIN [INNER JOIN]
|  |  |  hash predicates: tpcds_partitioned_parquet_snap.catalog_sales_0.cs_sold_date_sk = tpcds_partitioned_parquet_snap.date_dim_5.d_date_sk
|  |  |  fk/pk conjuncts: tpcds_partitioned_parquet_snap.catalog_sales_0.cs_sold_date_sk = tpcds_partitioned_parquet_snap.date_dim_5.d_date_sk
|  |  |  mem-estimate=1.94MB mem-reservation=1.94MB spill-buffer=64.00KB thread-reservation=0
|  |  |  tuple-ids=40,42 row-size=20B cardinality=4.32G cost=1890905436
|  |  |  in pipelines: 39(GETNEXT), 40(OPEN)
|  |  |
|  |  |--40:SCAN HDFS [tpcds_partitioned_parquet_snap.date_dim]
|  |  |     HDFS partitions=1/1 files=1 size=2.17MB
|  |  |     predicates: tpcds_partitioned_parquet_snap.date_dim_5.d_year <= add(CAST(1998 AS INT), CAST(2 AS INT)), tpcds_partitioned_parquet_snap.date_dim_5.d_year >= CAST(1998 AS INT)
|  |  |     stored statistics:
|  |  |       table: rows=73.05K size=2.17MB
|  |  |       columns: all
|  |  |     extrapolated-rows=disabled max-scan-range-rows=73.05K
|  |  |     parquet statistics predicates: tpcds_partitioned_parquet_snap.date_dim_5.d_year <= add(CAST(1998 AS INT), CAST(2 AS INT)), tpcds_partitioned_parquet_snap.date_dim_5.d_year >= CAST(1998 AS INT)
|  |  |     parquet dictionary predicates: tpcds_partitioned_parquet_snap.date_dim_5.d_year <= add(CAST(1998 AS INT), CAST(2 AS INT)), tpcds_partitioned_parquet_snap.date_dim_5.d_year >= CAST(1998 AS INT)
|  |  |     mem-estimate=16.00MB mem-reservation=512.00KB thread-reservation=0
|  |  |     tuple-ids=42 row-size=8B cardinality=7.30K cost=12520
|  |  |     in pipelines: 40(GETNEXT)
|  |  |
|  |  39:SCAN HDFS [tpcds_partitioned_parquet_snap.catalog_sales]
|  |     HDFS partitions=1831/1831 files=1831 size=280.96GB
|  |     stored statistics:
|  |       table: rows=4.32G size=280.96GB
|  |       partitions: 1831/1831 rows=4.32G
|  |       columns: all
|  |     extrapolated-rows=disabled max-scan-range-rows=21.52M
|  |     mem-estimate=16.00MB mem-reservation=1.00MB thread-reservation=0
|  |     tuple-ids=40 row-size=12B cardinality=4.32G cost=746509474
|  |     in pipelines: 39(GETNEXT)
|  |
|  38:HASH JOIN [INNER JOIN]
|  |  hash predicates: tpcds_partitioned_parquet_snap.store_sales_1.ss_sold_date_sk = tpcds_partitioned_parquet_snap.date_dim_4.d_date_sk
|  |  fk/pk conjuncts: tpcds_partitioned_parquet_snap.store_sales_1.ss_sold_date_sk = tpcds_partitioned_parquet_snap.date_dim_4.d_date_sk
|  |  mem-estimate=1.94MB mem-reservation=1.94MB spill-buffer=64.00KB thread-reservation=0
|  |  tuple-ids=36,38 row-size=20B cardinality=8.64G cost=3781706938
|  |  in pipelines: 36(GETNEXT), 37(OPEN)
|  |
|  |--37:SCAN HDFS [tpcds_partitioned_parquet_snap.date_dim]
|  |     HDFS partitions=1/1 files=1 size=2.17MB
|  |     predicates: tpcds_partitioned_parquet_snap.date_dim_4.d_year <= add(CAST(1998 AS INT), CAST(2 AS INT)), tpcds_partitioned_parquet_snap.date_dim_4.d_year >= CAST(1998 AS INT)
|  |     stored statistics:
|  |       table: rows=73.05K size=2.17MB
|  |       columns: all
|  |     extrapolated-rows=disabled max-scan-range-rows=73.05K
|  |     parquet statistics predicates: tpcds_partitioned_parquet_snap.date_dim_4.d_year <= add(CAST(1998 AS INT), CAST(2 AS INT)), tpcds_partitioned_parquet_snap.date_dim_4.d_year >= CAST(1998 AS INT)
|  |     parquet dictionary predicates: tpcds_partitioned_parquet_snap.date_dim_4.d_year <= add(CAST(1998 AS INT), CAST(2 AS INT)), tpcds_partitioned_parquet_snap.date_dim_4.d_year >= CAST(1998 AS INT)
|  |     mem-estimate=16.00MB mem-reservation=512.00KB thread-reservation=0
|  |     tuple-ids=38 row-size=8B cardinality=7.30K cost=12520
|  |     in pipelines: 37(GETNEXT)
|  |
|  36:SCAN HDFS [tpcds_partitioned_parquet_snap.store_sales]
|     HDFS partitions=1824/1824 files=1824 size=389.90GB
|     stored statistics:
|       table: rows=8.64G size=389.90GB
|       partitions: 1824/1824 rows=8.64G
|       columns: all
|     extrapolated-rows=disabled max-scan-range-rows=390.22M
|     mem-estimate=16.00MB mem-reservation=8.00MB thread-reservation=0
|     tuple-ids=36 row-size=12B cardinality=8.64G cost=1492980801
|     in pipelines: 36(GETNEXT)
|
33:AGGREGATE [FINALIZE]
|  output: sum(multiply(CAST(tpcds_partitioned_parquet_snap.store_sales.ss_quantity AS DECIMAL(10,0)), tpcds_partitioned_parquet_snap.store_sales.ss_list_price)), count()
|  group by: tpcds_partitioned_parquet_snap.item_3.i_brand_id, tpcds_partitioned_parquet_snap.item_3.i_class_id, tpcds_partitioned_parquet_snap.item_3.i_category_id
|  mem-estimate=10.00MB mem-reservation=8.50MB spill-buffer=512.00KB thread-reservation=0
|  tuple-ids=35 row-size=36B cardinality=149.12K cost=5458801
|  in pipelines: 33(GETNEXT), 00(OPEN)
|
32:HASH JOIN [INNER JOIN]
|  hash predicates: tpcds_partitioned_parquet_snap.store_sales.ss_item_sk = tpcds_partitioned_parquet_snap.item_3.i_item_sk
|  fk/pk conjuncts: tpcds_partitioned_parquet_snap.store_sales.ss_item_sk = tpcds_partitioned_parquet_snap.item_3.i_item_sk
|  runtime filters: RF007[min_max] <- tpcds_partitioned_parquet_snap.item_3.i_item_sk
|  mem-estimate=34.00MB mem-reservation=34.00MB spill-buffer=2.00MB thread-reservation=0
|  tuple-ids=0,29,31,33 row-size=56B cardinality=3.31M cost=1810285
|  in pipelines: 00(GETNEXT), 31(OPEN)
|
|--31:SCAN HDFS [tpcds_partitioned_parquet_snap.item]
|     HDFS partitions=1/1 files=1 size=33.54MB
|     runtime filters: RF003[min_max] -> tpcds_partitioned_parquet_snap.item_3.i_brand_id, RF004[min_max] -> tpcds_partitioned_parquet_snap.item_3.i_category_id, RF005[min_max] -> tpcds_partitioned_parquet_snap.item_3.i_class_id
|     stored statistics:
|       table: rows=360.00K size=33.54MB
|       columns: all
|     extrapolated-rows=disabled max-scan-range-rows=101.54K
|     mem-estimate=16.00MB mem-reservation=512.00KB thread-reservation=0
|     tuple-ids=33 row-size=16B cardinality=360.00K cost=82944
|     in pipelines: 31(GETNEXT)
|
30:HASH JOIN [INNER JOIN]
|  hash predicates: tpcds_partitioned_parquet_snap.store_sales.ss_sold_date_sk = tpcds_partitioned_parquet_snap.date_dim_2.d_date_sk
|  fk/pk conjuncts: tpcds_partitioned_parquet_snap.store_sales.ss_sold_date_sk = tpcds_partitioned_parquet_snap.date_dim_2.d_date_sk
|  runtime filters: RF008[bloom] <- tpcds_partitioned_parquet_snap.date_dim_2.d_date_sk
|  mem-estimate=1.94MB mem-reservation=1.94MB spill-buffer=64.00KB thread-reservation=0
|  tuple-ids=0,29,31 row-size=40B cardinality=3.31M cost=1450592
|  in pipelines: 00(GETNEXT), 26(OPEN)
|
|--29:HASH JOIN [INNER JOIN]
|  |  hash predicates: tpcds_partitioned_parquet_snap.date_dim_2.d_week_seq = tpcds_partitioned_parquet_snap.date_dim_3.d_week_seq
|  |  fk/pk conjuncts: none
|  |  runtime filters: RF030[bloom] <- tpcds_partitioned_parquet_snap.date_dim_3.d_week_seq, RF031[min_max] <- tpcds_partitioned_parquet_snap.date_dim_3.d_week_seq
|  |  mem-estimate=1.94MB mem-reservation=1.94MB spill-buffer=64.00KB thread-reservation=0
|  |  tuple-ids=29,31 row-size=24B cardinality=7 cost=4
|  |  in pipelines: 26(GETNEXT), 28(OPEN)
|  |
|  |--28:CARDINALITY CHECK
|  |  |  limit: 1
|  |  |  mem-estimate=0B mem-reservation=0B thread-reservation=0
|  |  |  tuple-ids=31 row-size=16B cardinality=1 cost=0
|  |  |  in pipelines: 28(GETNEXT), 27(OPEN)
|  |  |
|  |  27:SCAN HDFS [tpcds_partitioned_parquet_snap.date_dim]
|  |     HDFS partitions=1/1 files=1 size=2.17MB
|  |     predicates: tpcds_partitioned_parquet_snap.date_dim_3.d_year = add(CAST(1998 AS INT), CAST(1 AS INT)), tpcds_partitioned_parquet_snap.date_dim_3.d_dom = CAST(20 AS INT), tpcds_partitioned_parquet_snap.date_dim_3.d_moy = CAST(12 AS INT)
|  |     stored statistics:
|  |       table: rows=73.05K size=2.17MB
|  |       columns: all
|  |     extrapolated-rows=disabled max-scan-range-rows=73.05K
|  |     parquet statistics predicates: tpcds_partitioned_parquet_snap.date_dim_3.d_year = add(CAST(1998 AS INT), CAST(1 AS INT)), tpcds_partitioned_parquet_snap.date_dim_3.d_dom = CAST(20 AS INT), tpcds_partitioned_parquet_snap.date_dim_3.d_moy = CAST(12 AS INT)
|  |     parquet dictionary predicates: tpcds_partitioned_parquet_snap.date_dim_3.d_year = add(CAST(1998 AS INT), CAST(1 AS INT)), tpcds_partitioned_parquet_snap.date_dim_3.d_dom = CAST(20 AS INT), tpcds_partitioned_parquet_snap.date_dim_3.d_moy = CAST(12 AS INT)
|  |     limit: 2
|  |     mem-estimate=16.00MB mem-reservation=512.00KB thread-reservation=0
|  |     tuple-ids=31 row-size=16B cardinality=29 cost=22988
|  |     in pipelines: 27(GETNEXT)
|  |
|  26:SCAN HDFS [tpcds_partitioned_parquet_snap.date_dim]
|     HDFS partitions=1/1 files=1 size=2.17MB
|     runtime filters: RF031[min_max] -> tpcds_partitioned_parquet_snap.date_dim_2.d_week_seq, RF030[bloom] -> tpcds_partitioned_parquet_snap.date_dim_2.d_week_seq
|     stored statistics:
|       table: rows=73.05K size=2.17MB
|       columns: all
|     extrapolated-rows=disabled max-scan-range-rows=73.05K
|     mem-estimate=16.00MB mem-reservation=512.00KB thread-reservation=0
|     tuple-ids=29 row-size=8B cardinality=7(filtered from 73.05K) cost=8415
|     in pipelines: 26(GETNEXT)
|
25:HASH JOIN [LEFT SEMI JOIN]
|  hash predicates: tpcds_partitioned_parquet_snap.store_sales.ss_item_sk = tpcds_partitioned_parquet_snap.item.i_item_sk
|  runtime filters: RF011[min_max] <- tpcds_partitioned_parquet_snap.item.i_item_sk
|  mem-estimate=2.88MB mem-reservation=2.88MB spill-buffer=128.00KB thread-reservation=0
|  tuple-ids=0 row-size=16B cardinality=3.31M(filtered from 863.56M) cost=157363455
|  in pipelines: 00(GETNEXT), 23(OPEN)
|
|--24:HASH JOIN [INNER JOIN]
|  |  hash predicates: BRAND_ID = tpcds_partitioned_parquet_snap.item.i_brand_id, CATEGORY_ID = tpcds_partitioned_parquet_snap.item.i_category_id, CLASS_ID = tpcds_partitioned_parquet_snap.item.i_class_id
|  |  fk/pk conjuncts: assumed fk/pk
|  |  runtime filters: RF012[bloom] <- tpcds_partitioned_parquet_snap.item.i_brand_id, RF013[bloom] <- tpcds_partitioned_parquet_snap.item.i_category_id, RF014[bloom] <- tpcds_partitioned_parquet_snap.item.i_class_id, RF015[min_max] <- tpcds_partitioned_parquet_snap.item.i_brand_id, RF016[min_max] <- tpcds_partitioned_parquet_snap.item.i_category_id, RF017[min_max] <- tpcds_partitioned_parquet_snap.item.i_class_id
|  |  mem-estimate=2.88MB mem-reservation=2.88MB spill-buffer=128.00KB thread-reservation=0
|  |  tuple-ids=28,2 row-size=36B cardinality=36.00K cost=157271
|  |  in pipelines: 23(GETNEXT), 01(OPEN)
|  |
|  |--01:SCAN HDFS [tpcds_partitioned_parquet_snap.item]
|  |     HDFS partitions=1/1 files=1 size=33.54MB
|  |     predicates: is_not_null_pred(tpcds_partitioned_parquet_snap.item.i_item_sk)
|  |     runtime filters: RF007[min_max] -> tpcds_partitioned_parquet_snap.item.i_item_sk
|  |     stored statistics:
|  |       table: rows=360.00K size=33.54MB
|  |       columns: all
|  |     extrapolated-rows=disabled max-scan-range-rows=101.54K
|  |     parquet dictionary predicates: is_not_null_pred(tpcds_partitioned_parquet_snap.item.i_item_sk)
|  |     mem-estimate=16.00MB mem-reservation=512.00KB thread-reservation=0
|  |     tuple-ids=2 row-size=16B cardinality=36.00K cost=93060
|  |     in pipelines: 01(GETNEXT)
|  |
|  23:AGGREGATE [FINALIZE]
|  |  output: count()
|  |  group by: BRAND_ID, CLASS_ID, CATEGORY_ID
|  |  having: count() = CAST(2 AS BIGINT)
|  |  mem-estimate=128.00MB mem-reservation=34.00MB spill-buffer=2.00MB thread-reservation=0
|  |  tuple-ids=28 row-size=20B cardinality=447.36K cost=2640587
|  |  in pipelines: 23(GETNEXT), 22(OPEN), 16(OPEN)
|  |
|  02:UNION
|  |  pass-through-operands: 22
|  |  mem-estimate=0B mem-reservation=0B thread-reservation=0
|  |  tuple-ids=27 row-size=12B cardinality=447.36K cost=19009
|  |  in pipelines: 22(GETNEXT), 16(GETNEXT)
|  |
|  |--16:AGGREGATE [FINALIZE]
|  |  |  output: count()
|  |  |  group by: BRAND_ID, CLASS_ID, CATEGORY_ID
|  |  |  having: count() = CAST(2 AS BIGINT)
|  |  |  mem-estimate=128.00MB mem-reservation=34.00MB spill-buffer=2.00MB thread-reservation=0
|  |  |  tuple-ids=19 row-size=20B cardinality=298.24K cost=1760391
|  |  |  in pipelines: 16(GETNEXT), 09(OPEN), 15(OPEN)
|  |  |
|  |  03:UNION
|  |  |  pass-through-operands: all
|  |  |  mem-estimate=0B mem-reservation=0B thread-reservation=0
|  |  |  tuple-ids=18 row-size=12B cardinality=298.24K cost=0
|  |  |  in pipelines: 09(GETNEXT), 15(GETNEXT)
|  |  |
|  |  |--15:AGGREGATE [FINALIZE]
|  |  |  |  group by: tpcds_partitioned_parquet_snap.item_1.i_brand_id, tpcds_partitioned_parquet_snap.item_1.i_class_id, tpcds_partitioned_parquet_snap.item_1.i_category_id
|  |  |  |  mem-estimate=10.00MB mem-reservation=4.75MB spill-buffer=256.00KB thread-reservation=0
|  |  |  |  tuple-ids=17 row-size=12B cardinality=149.12K cost=5933927815
|  |  |  |  in pipelines: 15(GETNEXT), 10(OPEN)
|  |  |  |
|  |  |  14:HASH JOIN [INNER JOIN]
|  |  |  |  hash predicates: tpcds_partitioned_parquet_snap.catalog_sales.cs_item_sk = tpcds_partitioned_parquet_snap.item_1.i_item_sk
|  |  |  |  fk/pk conjuncts: tpcds_partitioned_parquet_snap.catalog_sales.cs_item_sk = tpcds_partitioned_parquet_snap.item_1.i_item_sk
|  |  |  |  runtime filters: RF027[min_max] <- tpcds_partitioned_parquet_snap.item_1.i_item_sk
|  |  |  |  mem-estimate=34.00MB mem-reservation=34.00MB spill-buffer=2.00MB thread-reservation=0
|  |  |  |  tuple-ids=11,13,15 row-size=32B cardinality=4.32G cost=1890313155
|  |  |  |  in pipelines: 10(GETNEXT), 13(OPEN)
|  |  |  |
|  |  |  |--13:SCAN HDFS [tpcds_partitioned_parquet_snap.item]
|  |  |  |     HDFS partitions=1/1 files=1 size=33.54MB
|  |  |  |     runtime filters: RF015[min_max] -> tpcds_partitioned_parquet_snap.item_1.i_brand_id, RF016[min_max] -> tpcds_partitioned_parquet_snap.item_1.i_category_id, RF017[min_max] -> tpcds_partitioned_parquet_snap.item_1.i_class_id, RF012[bloom] -> tpcds_partitioned_parquet_snap.item_1.i_brand_id, RF013[bloom] -> tpcds_partitioned_parquet_snap.item_1.i_category_id, RF014[bloom] -> tpcds_partitioned_parquet_snap.item_1.i_class_id
|  |  |  |     stored statistics:
|  |  |  |       table: rows=360.00K size=33.54MB
|  |  |  |       columns: all
|  |  |  |     extrapolated-rows=disabled max-scan-range-rows=101.54K
|  |  |  |     mem-estimate=16.00MB mem-reservation=512.00KB thread-reservation=0
|  |  |  |     tuple-ids=15 row-size=16B cardinality=360.00K cost=82944
|  |  |  |     in pipelines: 13(GETNEXT)
|  |  |  |
|  |  |  12:HASH JOIN [INNER JOIN]
|  |  |  |  hash predicates: tpcds_partitioned_parquet_snap.catalog_sales.cs_sold_date_sk = tpcds_partitioned_parquet_snap.date_dim_0.d_date_sk
|  |  |  |  fk/pk conjuncts: tpcds_partitioned_parquet_snap.catalog_sales.cs_sold_date_sk = tpcds_partitioned_parquet_snap.date_dim_0.d_date_sk
|  |  |  |  mem-estimate=1.94MB mem-reservation=1.94MB spill-buffer=64.00KB thread-reservation=0
|  |  |  |  tuple-ids=11,13 row-size=16B cardinality=4.32G(filtered from 4.32G) cost=1890351663
|  |  |  |  in pipelines: 10(GETNEXT), 11(OPEN)
|  |  |  |
|  |  |  |--11:SCAN HDFS [tpcds_partitioned_parquet_snap.date_dim]
|  |  |  |     HDFS partitions=1/1 files=1 size=2.17MB
|  |  |  |     predicates: tpcds_partitioned_parquet_snap.date_dim_0.d_year <= add(CAST(1998 AS INT), CAST(2 AS INT)), tpcds_partitioned_parquet_snap.date_dim_0.d_year >= CAST(1998 AS INT)
|  |  |  |     stored statistics:
|  |  |  |       table: rows=73.05K size=2.17MB
|  |  |  |       columns: all
|  |  |  |     extrapolated-rows=disabled max-scan-range-rows=73.05K
|  |  |  |     parquet statistics predicates: tpcds_partitioned_parquet_snap.date_dim_0.d_year <= add(CAST(1998 AS INT), CAST(2 AS INT)), tpcds_partitioned_parquet_snap.date_dim_0.d_year >= CAST(1998 AS INT)
|  |  |  |     parquet dictionary predicates: tpcds_partitioned_parquet_snap.date_dim_0.d_year <= add(CAST(1998 AS INT), CAST(2 AS INT)), tpcds_partitioned_parquet_snap.date_dim_0.d_year >= CAST(1998 AS INT)
|  |  |  |     mem-estimate=16.00MB mem-reservation=512.00KB thread-reservation=0
|  |  |  |     tuple-ids=13 row-size=8B cardinality=7.30K cost=12520
|  |  |  |     in pipelines: 11(GETNEXT)
|  |  |  |
|  |  |  10:SCAN HDFS [tpcds_partitioned_parquet_snap.catalog_sales]
|  |  |     HDFS partitions=1831/1831 files=1831 size=280.96GB
|  |  |     runtime filters: RF027[min_max] -> tpcds_partitioned_parquet_snap.catalog_sales.cs_item_sk
|  |  |     stored statistics:
|  |  |       table: rows=4.32G size=280.96GB
|  |  |       partitions: 1831/1831 rows=4.32G
|  |  |       columns: all
|  |  |     extrapolated-rows=disabled max-scan-range-rows=21.52M
|  |  |     mem-estimate=16.00MB mem-reservation=1.00MB thread-reservation=0
|  |  |     tuple-ids=11 row-size=8B cardinality=4.32G(filtered from 4.32G) cost=497672983
|  |  |     in pipelines: 10(GETNEXT)
|  |  |
|  |  09:AGGREGATE [FINALIZE]
|  |  |  group by: tpcds_partitioned_parquet_snap.item_0.i_brand_id, tpcds_partitioned_parquet_snap.item_0.i_class_id, tpcds_partitioned_parquet_snap.item_0.i_category_id
|  |  |  mem-estimate=10.00MB mem-reservation=4.75MB spill-buffer=256.00KB thread-reservation=0
|  |  |  tuple-ids=10 row-size=12B cardinality=149.12K cost=11866877138
|  |  |  in pipelines: 09(GETNEXT), 04(OPEN)
|  |  |
|  |  08:HASH JOIN [INNER JOIN]
|  |  |  hash predicates: tpcds_partitioned_parquet_snap.store_sales_0.ss_item_sk = tpcds_partitioned_parquet_snap.item_0.i_item_sk
|  |  |  fk/pk conjuncts: tpcds_partitioned_parquet_snap.store_sales_0.ss_item_sk = tpcds_partitioned_parquet_snap.item_0.i_item_sk
|  |  |  runtime filters: RF023[min_max] <- tpcds_partitioned_parquet_snap.item_0.i_item_sk
|  |  |  mem-estimate=34.00MB mem-reservation=34.00MB spill-buffer=2.00MB thread-reservation=0
|  |  |  tuple-ids=4,6,8 row-size=32B cardinality=8.64G cost=3780169729
|  |  |  in pipelines: 04(GETNEXT), 07(OPEN)
|  |  |
|  |  |--07:SCAN HDFS [tpcds_partitioned_parquet_snap.item]
|  |  |     HDFS partitions=1/1 files=1 size=33.54MB
|  |  |     runtime filters: RF015[min_max] -> tpcds_partitioned_parquet_snap.item_0.i_brand_id, RF016[min_max] -> tpcds_partitioned_parquet_snap.item_0.i_category_id, RF017[min_max] -> tpcds_partitioned_parquet_snap.item_0.i_class_id, RF012[bloom] -> tpcds_partitioned_parquet_snap.item_0.i_brand_id, RF013[bloom] -> tpcds_partitioned_parquet_snap.item_0.i_category_id, RF014[bloom] -> tpcds_partitioned_parquet_snap.item_0.i_class_id
|  |  |     stored statistics:
|  |  |       table: rows=360.00K size=33.54MB
|  |  |       columns: all
|  |  |     extrapolated-rows=disabled max-scan-range-rows=101.54K
|  |  |     mem-estimate=16.00MB mem-reservation=512.00KB thread-reservation=0
|  |  |     tuple-ids=8 row-size=16B cardinality=360.00K cost=82944
|  |  |     in pipelines: 07(GETNEXT)
|  |  |
|  |  06:HASH JOIN [INNER JOIN]
|  |  |  hash predicates: tpcds_partitioned_parquet_snap.store_sales_0.ss_sold_date_sk = tpcds_partitioned_parquet_snap.date_dim.d_date_sk
|  |  |  fk/pk conjuncts: tpcds_partitioned_parquet_snap.store_sales_0.ss_sold_date_sk = tpcds_partitioned_parquet_snap.date_dim.d_date_sk
|  |  |  mem-estimate=1.94MB mem-reservation=1.94MB spill-buffer=64.00KB thread-reservation=0
|  |  |  tuple-ids=4,6 row-size=16B cardinality=8.64G(filtered from 8.64G) cost=3780599421
|  |  |  in pipelines: 04(GETNEXT), 05(OPEN)
|  |  |
|  |  |--05:SCAN HDFS [tpcds_partitioned_parquet_snap.date_dim]
|  |  |     HDFS partitions=1/1 files=1 size=2.17MB
|  |  |     predicates: tpcds_partitioned_parquet_snap.date_dim.d_year <= add(CAST(1998 AS INT), CAST(2 AS INT)), tpcds_partitioned_parquet_snap.date_dim.d_year >= CAST(1998 AS INT)
|  |  |     stored statistics:
|  |  |       table: rows=73.05K size=2.17MB
|  |  |       columns: all
|  |  |     extrapolated-rows=disabled max-scan-range-rows=73.05K
|  |  |     parquet statistics predicates: tpcds_partitioned_parquet_snap.date_dim.d_year <= add(CAST(1998 AS INT), CAST(2 AS INT)), tpcds_partitioned_parquet_snap.date_dim.d_year >= CAST(1998 AS INT)
|  |  |     parquet dictionary predicates: tpcds_partitioned_parquet_snap.date_dim.d_year <= add(CAST(1998 AS INT), CAST(2 AS INT)), tpcds_partitioned_parquet_snap.date_dim.d_year >= CAST(1998 AS INT)
|  |  |     mem-estimate=16.00MB mem-reservation=512.00KB thread-reservation=0
|  |  |     tuple-ids=6 row-size=8B cardinality=7.30K cost=12520
|  |  |     in pipelines: 05(GETNEXT)
|  |  |
|  |  04:SCAN HDFS [tpcds_partitioned_parquet_snap.store_sales]
|  |     HDFS partitions=1824/1824 files=1824 size=389.90GB
|  |     runtime filters: RF023[min_max] -> tpcds_partitioned_parquet_snap.store_sales_0.ss_item_sk
|  |     stored statistics:
|  |       table: rows=8.64G size=389.90GB
|  |       partitions: 1824/1824 rows=8.64G
|  |       columns: all
|  |     extrapolated-rows=disabled max-scan-range-rows=390.22M
|  |     mem-estimate=16.00MB mem-reservation=4.00MB thread-reservation=0
|  |     tuple-ids=4 row-size=8B cardinality=8.64G(filtered from 8.64G) cost=995320534
|  |     in pipelines: 04(GETNEXT)
|  |
|  22:AGGREGATE [FINALIZE]
|  |  group by: tpcds_partitioned_parquet_snap.item_2.i_brand_id, tpcds_partitioned_parquet_snap.item_2.i_class_id, tpcds_partitioned_parquet_snap.item_2.i_category_id
|  |  mem-estimate=10.00MB mem-reservation=4.75MB spill-buffer=256.00KB thread-reservation=0
|  |  tuple-ids=26 row-size=12B cardinality=149.12K cost=2967204009
|  |  in pipelines: 22(GETNEXT), 17(OPEN)
|  |
|  21:HASH JOIN [INNER JOIN]
|  |  hash predicates: tpcds_partitioned_parquet_snap.web_sales.ws_item_sk = tpcds_partitioned_parquet_snap.item_2.i_item_sk
|  |  fk/pk conjuncts: tpcds_partitioned_parquet_snap.web_sales.ws_item_sk = tpcds_partitioned_parquet_snap.item_2.i_item_sk
|  |  runtime filters: RF019[min_max] <- tpcds_partitioned_parquet_snap.item_2.i_item_sk
|  |  mem-estimate=34.00MB mem-reservation=34.00MB spill-buffer=2.00MB thread-reservation=0
|  |  tuple-ids=20,22,24 row-size=32B cardinality=2.16G cost=945305506
|  |  in pipelines: 17(GETNEXT), 20(OPEN)
|  |
|  |--20:SCAN HDFS [tpcds_partitioned_parquet_snap.item]
|  |     HDFS partitions=1/1 files=1 size=33.54MB
|  |     runtime filters: RF015[min_max] -> tpcds_partitioned_parquet_snap.item_2.i_brand_id, RF016[min_max] -> tpcds_partitioned_parquet_snap.item_2.i_category_id, RF017[min_max] -> tpcds_partitioned_parquet_snap.item_2.i_class_id, RF012[bloom] -> tpcds_partitioned_parquet_snap.item_2.i_brand_id, RF013[bloom] -> tpcds_partitioned_parquet_snap.item_2.i_category_id, RF014[bloom] -> tpcds_partitioned_parquet_snap.item_2.i_class_id
|  |     stored statistics:
|  |       table: rows=360.00K size=33.54MB
|  |       columns: all
|  |     extrapolated-rows=disabled max-scan-range-rows=101.54K
|  |     mem-estimate=16.00MB mem-reservation=512.00KB thread-reservation=0
|  |     tuple-ids=24 row-size=16B cardinality=360.00K cost=82944
|  |     in pipelines: 20(GETNEXT)
|  |
|  19:HASH JOIN [INNER JOIN]
|  |  hash predicates: tpcds_partitioned_parquet_snap.web_sales.ws_sold_date_sk = tpcds_partitioned_parquet_snap.date_dim_1.d_date_sk
|  |  fk/pk conjuncts: tpcds_partitioned_parquet_snap.web_sales.ws_sold_date_sk = tpcds_partitioned_parquet_snap.date_dim_1.d_date_sk
|  |  mem-estimate=1.94MB mem-reservation=1.94MB spill-buffer=64.00KB thread-reservation=0
|  |  tuple-ids=20,22 row-size=16B cardinality=2.16G(filtered from 2.16G) cost=945148406
|  |  in pipelines: 17(GETNEXT), 18(OPEN)
|  |
|  |--18:SCAN HDFS [tpcds_partitioned_parquet_snap.date_dim]
|  |     HDFS partitions=1/1 files=1 size=2.17MB
|  |     predicates: tpcds_partitioned_parquet_snap.date_dim_1.d_year <= add(CAST(1998 AS INT), CAST(2 AS INT)), tpcds_partitioned_parquet_snap.date_dim_1.d_year >= CAST(1998 AS INT)
|  |     stored statistics:
|  |       table: rows=73.05K size=2.17MB
|  |       columns: all
|  |     extrapolated-rows=disabled max-scan-range-rows=73.05K
|  |     parquet statistics predicates: tpcds_partitioned_parquet_snap.date_dim_1.d_year <= add(CAST(1998 AS INT), CAST(2 AS INT)), tpcds_partitioned_parquet_snap.date_dim_1.d_year >= CAST(1998 AS INT)
|  |     parquet dictionary predicates: tpcds_partitioned_parquet_snap.date_dim_1.d_year <= add(CAST(1998 AS INT), CAST(2 AS INT)), tpcds_partitioned_parquet_snap.date_dim_1.d_year >= CAST(1998 AS INT)
|  |     mem-estimate=16.00MB mem-reservation=512.00KB thread-reservation=0
|  |     tuple-ids=22 row-size=8B cardinality=7.30K cost=12520
|  |     in pipelines: 18(GETNEXT)
|  |
|  17:SCAN HDFS [tpcds_partitioned_parquet_snap.web_sales]
|     HDFS partitions=1824/1824 files=1824 size=145.75GB
|     runtime filters: RF019[min_max] -> tpcds_partitioned_parquet_snap.web_sales.ws_item_sk
|     stored statistics:
|       table: rows=2.16G size=145.75GB
|       partitions: 1824/1824 rows=2.16G
|       columns: all
|     extrapolated-rows=disabled max-scan-range-rows=3.37M
|     mem-estimate=16.00MB mem-reservation=128.00KB thread-reservation=0
|     tuple-ids=20 row-size=8B cardinality=2.16G(filtered from 2.16G) cost=248828309
|     in pipelines: 17(GETNEXT)
|
00:SCAN HDFS [tpcds_partitioned_parquet_snap.store_sales]
   HDFS partitions=1824/1824 files=1824 size=389.90GB
   runtime filters: RF011[min_max] -> tpcds_partitioned_parquet_snap.store_sales.ss_item_sk, RF007[min_max] -> tpcds_partitioned_parquet_snap.store_sales.ss_item_sk, RF008[bloom] -> tpcds_partitioned_parquet_snap.store_sales.ss_sold_date_sk
   stored statistics:
     table: rows=8.64G size=389.90GB
     partitions: 1824/1824 rows=8.64G
     columns: all
   extrapolated-rows=disabled max-scan-range-rows=390.22M est-scan-range=7(filtered from 1824)
   mem-estimate=16.00MB mem-reservation=8.00MB thread-reservation=0
   tuple-ids=0 row-size=16B cardinality=3.31M(filtered from 8.64G) cost=7639521
   in pipelines: 00(GETNEXT)
---- DISTRIBUTEDPLAN
Max Per-Host Resource Reservation: Memory=6.11GB Threads=227
Per-Host Resource Estimates: Memory=16.54GB
F64:PLAN FRAGMENT [UNPARTITIONED] hosts=1 instances=1
|  Per-Instance Resources: mem-estimate=4.65MB mem-reservation=4.00MB thread-reservation=1
|  max-parallelism=1 segment-costs=[1239] cpu-comparison-result=1038 [max(1 (self) vs 1038 (sum children))]
PLAN-ROOT SINK
|  output exprs: 'store', tpcds_partitioned_parquet_snap.item_3.i_brand_id, tpcds_partitioned_parquet_snap.item_3.i_class_id, tpcds_partitioned_parquet_snap.item_3.i_category_id, sum(multiply(tpcds_partitioned_parquet_snap.store_sales.ss_quantity, tpcds_partitioned_parquet_snap.store_sales.ss_list_price)), count(), 'store', tpcds_partitioned_parquet_snap.item_8.i_brand_id, tpcds_partitioned_parquet_snap.item_8.i_class_id, tpcds_partitioned_parquet_snap.item_8.i_category_id, sum(multiply(tpcds_partitioned_parquet_snap.store_sales_2.ss_quantity, tpcds_partitioned_parquet_snap.store_sales_2.ss_list_price)), count()
|  mem-estimate=4.00MB mem-reservation=4.00MB spill-buffer=2.00MB thread-reservation=0 cost=1200
|
156:MERGING-EXCHANGE [UNPARTITIONED]
|  order by: tpcds_partitioned_parquet_snap.item_3.i_brand_id ASC NULLS LAST, tpcds_partitioned_parquet_snap.item_3.i_class_id ASC NULLS LAST, tpcds_partitioned_parquet_snap.item_3.i_category_id ASC NULLS LAST
|  limit: 100
|  mem-estimate=668.67KB mem-reservation=0B thread-reservation=0
|  tuple-ids=104 row-size=72B cardinality=100 cost=39
|  in pipelines: 95(GETNEXT)
|
F22:PLAN FRAGMENT [HASH(tpcds_partitioned_parquet_snap.item_3.i_brand_id,tpcds_partitioned_parquet_snap.item_3.i_class_id,tpcds_partitioned_parquet_snap.item_3.i_category_id)] hosts=10 instances=90 (adjusted from 120)
Per-Instance Resources: mem-estimate=20.27MB mem-reservation=1.94MB thread-reservation=1
max-parallelism=90 segment-costs=[5878988, 847694218, 220] cpu-comparison-result=1038 [max(90 (self) vs 1038 (sum children))]
95:TOP-N [LIMIT=100]
|  order by: tpcds_partitioned_parquet_snap.item_3.i_brand_id ASC NULLS LAST, tpcds_partitioned_parquet_snap.item_3.i_class_id ASC NULLS LAST, tpcds_partitioned_parquet_snap.item_3.i_category_id ASC NULLS LAST
|  mem-estimate=7.03KB mem-reservation=0B thread-reservation=0
|  tuple-ids=104 row-size=72B cardinality=100 cost=837188295
|  in pipelines: 95(GETNEXT), 119(OPEN)
|
94:HASH JOIN [INNER JOIN, PARTITIONED]
|  hash-table-id=00
|  hash predicates: tpcds_partitioned_parquet_snap.item_3.i_brand_id = tpcds_partitioned_parquet_snap.item_8.i_brand_id, tpcds_partitioned_parquet_snap.item_3.i_category_id = tpcds_partitioned_parquet_snap.item_8.i_category_id, tpcds_partitioned_parquet_snap.item_3.i_class_id = tpcds_partitioned_parquet_snap.item_8.i_class_id
|  fk/pk conjuncts: none
|  mem-estimate=0B mem-reservation=0B spill-buffer=64.00KB thread-reservation=0
|  tuple-ids=35,51,87,103 row-size=104B cardinality=57.60M cost=10475369
|  in pipelines: 119(GETNEXT), 149(OPEN)
|
|--F65:PLAN FRAGMENT [HASH(tpcds_partitioned_parquet_snap.item_3.i_brand_id,tpcds_partitioned_parquet_snap.item_3.i_class_id,tpcds_partitioned_parquet_snap.item_3.i_category_id)] hosts=10 instances=90 (adjusted from 120)
|  |  Per-Instance Resources: mem-estimate=20.27MB mem-reservation=4.81MB thread-reservation=1
|  |  max-parallelism=90 segment-costs=[5878988, 179674] cpu-comparison-result=519 [max(90 (self) vs 519 (sum children))]
|  JOIN BUILD
|  |  join-table-id=00 plan-id=01 cohort-id=01
|  |  build expressions: tpcds_partitioned_parquet_snap.item_8.i_brand_id, tpcds_partitioned_parquet_snap.item_8.i_category_id, tpcds_partitioned_parquet_snap.item_8.i_class_id
|  |  runtime filters: RF003[min_max] <- tpcds_partitioned_parquet_snap.item_8.i_brand_id, RF004[min_max] <- tpcds_partitioned_parquet_snap.item_8.i_category_id, RF005[min_max] <- tpcds_partitioned_parquet_snap.item_8.i_class_id
|  |  mem-estimate=1.94MB mem-reservation=1.94MB spill-buffer=64.00KB thread-reservation=0 cost=149120
|  |
|  93:NESTED LOOP JOIN [INNER JOIN, BROADCAST]
|  |  join table id: 01
|  |  join predicates: sum(multiply(tpcds_partitioned_parquet_snap.store_sales_2.ss_quantity, tpcds_partitioned_parquet_snap.store_sales_2.ss_list_price)) > avg(multiply(QUANTITY, LIST_PRICE))
|  |  mem-estimate=0B mem-reservation=0B thread-reservation=0
|  |  tuple-ids=87,103 row-size=52B cardinality=149.12K cost=30554
|  |  in pipelines: 149(GETNEXT), 154(OPEN)
|  |
|  |--F66:PLAN FRAGMENT [HASH(tpcds_partitioned_parquet_snap.item_3.i_brand_id,tpcds_partitioned_parquet_snap.item_3.i_class_id,tpcds_partitioned_parquet_snap.item_3.i_category_id)] hosts=10 instances=10
|  |  |  Per-Instance Resources: mem-estimate=16.02KB mem-reservation=0B thread-reservation=1
|  |  |  max-parallelism=10 segment-costs=[0] cpu-comparison-result=120 [max(10 (self) vs 120 (sum children))]
|  |  JOIN BUILD
|  |  |  join-table-id=01 plan-id=02 cohort-id=02
|  |  |  mem-estimate=16B mem-reservation=0B thread-reservation=0 cost=0
|  |  |
|  |  155:EXCHANGE [BROADCAST]
|  |  |  mem-estimate=16.00KB mem-reservation=0B thread-reservation=0
|  |  |  tuple-ids=103 row-size=16B cardinality=1 cost=0
|  |  |  in pipelines: 154(GETNEXT)
|  |  |
|  |  F63:PLAN FRAGMENT [UNPARTITIONED] hosts=1 instances=1
|  |  Per-Instance Resources: mem-estimate=297.44KB mem-reservation=0B thread-reservation=1
|  |  max-parallelism=1 segment-costs=[30, 0] cpu-comparison-result=120 [max(1 (self) vs 120 (sum children))]
|  |  154:AGGREGATE [FINALIZE]
|  |  |  output: avg:merge(multiply(QUANTITY, LIST_PRICE))
|  |  |  mem-estimate=16.00KB mem-reservation=0B spill-buffer=2.00MB thread-reservation=0
|  |  |  tuple-ids=103 row-size=16B cardinality=1 cost=8
|  |  |  in pipelines: 154(GETNEXT), 92(OPEN)
|  |  |
|  |  153:EXCHANGE [UNPARTITIONED]
|  |  |  mem-estimate=281.44KB mem-reservation=0B thread-reservation=0
|  |  |  tuple-ids=102 row-size=16B cardinality=120 cost=22
|  |  |  in pipelines: 92(GETNEXT)
|  |  |
|  |  F62:PLAN FRAGMENT [RANDOM] hosts=10 instances=120
|  |  Per-Instance Resources: mem-estimate=16.02MB mem-reservation=8.00MB thread-reservation=1
|  |  max-parallelism=120 segment-costs=[11061173397, 185] cpu-comparison-result=120 [max(120 (self) vs 33 (sum children))]
|  |  92:AGGREGATE
|  |  |  output: avg(multiply(CAST(QUANTITY AS DECIMAL(10,0)), LIST_PRICE))
|  |  |  mem-estimate=16.00KB mem-reservation=0B spill-buffer=2.00MB thread-reservation=0
|  |  |  tuple-ids=102 row-size=16B cardinality=120 cost=1058398679
|  |  |  in pipelines: 92(GETNEXT), 83(OPEN), 86(OPEN), 89(OPEN)
|  |  |
|  |  81:UNION
|  |  |  pass-through-operands: 82
|  |  |  mem-estimate=0B mem-reservation=0B thread-reservation=0
|  |  |  tuple-ids=101 row-size=8B cardinality=15.12G cost=110287964
|  |  |  in pipelines: 83(GETNEXT), 86(GETNEXT), 89(GETNEXT)
|  |  |
|  |  |--91:HASH JOIN [INNER JOIN, BROADCAST]
|  |  |  |  hash-table-id=04
|  |  |  |  hash predicates: tpcds_partitioned_parquet_snap.web_sales_2.ws_sold_date_sk = tpcds_partitioned_parquet_snap.date_dim_14.d_date_sk
|  |  |  |  fk/pk conjuncts: tpcds_partitioned_parquet_snap.web_sales_2.ws_sold_date_sk = tpcds_partitioned_parquet_snap.date_dim_14.d_date_sk
|  |  |  |  mem-estimate=0B mem-reservation=0B spill-buffer=64.00KB thread-reservation=0
|  |  |  |  tuple-ids=97,99 row-size=20B cardinality=2.16G cost=945417979
|  |  |  |  in pipelines: 89(GETNEXT), 90(OPEN)
|  |  |  |
|  |  |  |--F69:PLAN FRAGMENT [RANDOM] hosts=10 instances=10
|  |  |  |  |  Per-Instance Resources: mem-estimate=23.32MB mem-reservation=23.25MB thread-reservation=1
|  |  |  |  |  max-parallelism=10 segment-costs=[17005]
|  |  |  |  JOIN BUILD
|  |  |  |  |  join-table-id=04 plan-id=05 cohort-id=03
|  |  |  |  |  build expressions: tpcds_partitioned_parquet_snap.date_dim_14.d_date_sk
|  |  |  |  |  mem-estimate=23.25MB mem-reservation=23.25MB spill-buffer=64.00KB thread-reservation=0 cost=7305
|  |  |  |  |
|  |  |  |  152:EXCHANGE [BROADCAST]
|  |  |  |  |  mem-estimate=69.07KB mem-reservation=0B thread-reservation=0
|  |  |  |  |  tuple-ids=99 row-size=8B cardinality=7.30K cost=9700
|  |  |  |  |  in pipelines: 90(GETNEXT)
|  |  |  |  |
|  |  |  |  F61:PLAN FRAGMENT [RANDOM] hosts=1 instances=1
|  |  |  |  Per-Instance Resources: mem-estimate=16.05MB mem-reservation=512.00KB thread-reservation=1
|  |  |  |  max-parallelism=1 segment-costs=[12835]
|  |  |  |  90:SCAN HDFS [tpcds_partitioned_parquet_snap.date_dim, RANDOM]
|  |  |  |     HDFS partitions=1/1 files=1 size=2.17MB
|  |  |  |     predicates: tpcds_partitioned_parquet_snap.date_dim_14.d_year <= add(CAST(1998 AS INT), CAST(2 AS INT)), tpcds_partitioned_parquet_snap.date_dim_14.d_year >= CAST(1998 AS INT)
|  |  |  |     stored statistics:
|  |  |  |       table: rows=73.05K size=2.17MB
|  |  |  |       columns: all
|  |  |  |     extrapolated-rows=disabled max-scan-range-rows=73.05K
|  |  |  |     parquet statistics predicates: tpcds_partitioned_parquet_snap.date_dim_14.d_year <= add(CAST(1998 AS INT), CAST(2 AS INT)), tpcds_partitioned_parquet_snap.date_dim_14.d_year >= CAST(1998 AS INT)
|  |  |  |     parquet dictionary predicates: tpcds_partitioned_parquet_snap.date_dim_14.d_year <= add(CAST(1998 AS INT), CAST(2 AS INT)), tpcds_partitioned_parquet_snap.date_dim_14.d_year >= CAST(1998 AS INT)
|  |  |  |     mem-estimate=16.00MB mem-reservation=512.00KB thread-reservation=0
|  |  |  |     tuple-ids=99 row-size=8B cardinality=7.30K cost=12520
|  |  |  |     in pipelines: 90(GETNEXT)
|  |  |  |
|  |  |  89:SCAN HDFS [tpcds_partitioned_parquet_snap.web_sales, RANDOM]
|  |  |     HDFS partitions=1824/1824 files=1824 size=145.75GB
|  |  |     stored statistics:
|  |  |       table: rows=2.16G size=145.75GB
|  |  |       partitions: 1824/1824 rows=2.16G
|  |  |       columns: all
|  |  |     extrapolated-rows=disabled max-scan-range-rows=3.37M
|  |  |     mem-estimate=16.00MB mem-reservation=128.00KB thread-reservation=0
|  |  |     tuple-ids=97 row-size=12B cardinality=2.16G cost=373242464
|  |  |     in pipelines: 89(GETNEXT)
|  |  |
|  |  82:UNION
|  |  |  mem-estimate=0B mem-reservation=0B thread-reservation=0
|  |  |  tuple-ids=96 row-size=8B cardinality=12.96G cost=661738272
|  |  |  in pipelines: 83(GETNEXT), 86(GETNEXT)
|  |  |
|  |  |--88:HASH JOIN [INNER JOIN, BROADCAST]
|  |  |  |  hash-table-id=03
|  |  |  |  hash predicates: tpcds_partitioned_parquet_snap.catalog_sales_2.cs_sold_date_sk = tpcds_partitioned_parquet_snap.date_dim_13.d_date_sk
|  |  |  |  fk/pk conjuncts: tpcds_partitioned_parquet_snap.catalog_sales_2.cs_sold_date_sk = tpcds_partitioned_parquet_snap.date_dim_13.d_date_sk
|  |  |  |  mem-estimate=0B mem-reservation=0B spill-buffer=64.00KB thread-reservation=0
|  |  |  |  tuple-ids=92,94 row-size=20B cardinality=4.32G cost=1890898131
|  |  |  |  in pipelines: 86(GETNEXT), 87(OPEN)
|  |  |  |
|  |  |  |--F68:PLAN FRAGMENT [RANDOM] hosts=10 instances=10
|  |  |  |  |  Per-Instance Resources: mem-estimate=23.32MB mem-reservation=23.25MB thread-reservation=1
|  |  |  |  |  max-parallelism=10 segment-costs=[17005]
|  |  |  |  JOIN BUILD
|  |  |  |  |  join-table-id=03 plan-id=04 cohort-id=03
|  |  |  |  |  build expressions: tpcds_partitioned_parquet_snap.date_dim_13.d_date_sk
|  |  |  |  |  mem-estimate=23.25MB mem-reservation=23.25MB spill-buffer=64.00KB thread-reservation=0 cost=7305
|  |  |  |  |
|  |  |  |  151:EXCHANGE [BROADCAST]
|  |  |  |  |  mem-estimate=69.07KB mem-reservation=0B thread-reservation=0
|  |  |  |  |  tuple-ids=94 row-size=8B cardinality=7.30K cost=9700
|  |  |  |  |  in pipelines: 87(GETNEXT)
|  |  |  |  |
|  |  |  |  F58:PLAN FRAGMENT [RANDOM] hosts=1 instances=1
|  |  |  |  Per-Instance Resources: mem-estimate=16.05MB mem-reservation=512.00KB thread-reservation=1
|  |  |  |  max-parallelism=1 segment-costs=[12835]
|  |  |  |  87:SCAN HDFS [tpcds_partitioned_parquet_snap.date_dim, RANDOM]
|  |  |  |     HDFS partitions=1/1 files=1 size=2.17MB
|  |  |  |     predicates: tpcds_partitioned_parquet_snap.date_dim_13.d_year <= add(CAST(1998 AS INT), CAST(2 AS INT)), tpcds_partitioned_parquet_snap.date_dim_13.d_year >= CAST(1998 AS INT)
|  |  |  |     stored statistics:
|  |  |  |       table: rows=73.05K size=2.17MB
|  |  |  |       columns: all
|  |  |  |     extrapolated-rows=disabled max-scan-range-rows=73.05K
|  |  |  |     parquet statistics predicates: tpcds_partitioned_parquet_snap.date_dim_13.d_year <= add(CAST(1998 AS INT), CAST(2 AS INT)), tpcds_partitioned_parquet_snap.date_dim_13.d_year >= CAST(1998 AS INT)
|  |  |  |     parquet dictionary predicates: tpcds_partitioned_parquet_snap.date_dim_13.d_year <= add(CAST(1998 AS INT), CAST(2 AS INT)), tpcds_partitioned_parquet_snap.date_dim_13.d_year >= CAST(1998 AS INT)
|  |  |  |     mem-estimate=16.00MB mem-reservation=512.00KB thread-reservation=0
|  |  |  |     tuple-ids=94 row-size=8B cardinality=7.30K cost=12520
|  |  |  |     in pipelines: 87(GETNEXT)
|  |  |  |
|  |  |  86:SCAN HDFS [tpcds_partitioned_parquet_snap.catalog_sales, RANDOM]
|  |  |     HDFS partitions=1831/1831 files=1831 size=280.96GB
|  |  |     stored statistics:
|  |  |       table: rows=4.32G size=280.96GB
|  |  |       partitions: 1831/1831 rows=4.32G
|  |  |       columns: all
|  |  |     extrapolated-rows=disabled max-scan-range-rows=21.52M
|  |  |     mem-estimate=16.00MB mem-reservation=1.00MB thread-reservation=0
|  |  |     tuple-ids=92 row-size=12B cardinality=4.32G cost=746509474
|  |  |     in pipelines: 86(GETNEXT)
|  |  |
|  |  85:HASH JOIN [INNER JOIN, BROADCAST]
|  |  |  hash-table-id=02
|  |  |  hash predicates: tpcds_partitioned_parquet_snap.store_sales_4.ss_sold_date_sk = tpcds_partitioned_parquet_snap.date_dim_12.d_date_sk
|  |  |  fk/pk conjuncts: tpcds_partitioned_parquet_snap.store_sales_4.ss_sold_date_sk = tpcds_partitioned_parquet_snap.date_dim_12.d_date_sk
|  |  |  mem-estimate=0B mem-reservation=0B spill-buffer=64.00KB thread-reservation=0
|  |  |  tuple-ids=88,90 row-size=20B cardinality=8.64G cost=3781699633
|  |  |  in pipelines: 83(GETNEXT), 84(OPEN)
|  |  |
|  |  |--F67:PLAN FRAGMENT [RANDOM] hosts=10 instances=10
|  |  |  |  Per-Instance Resources: mem-estimate=23.32MB mem-reservation=23.25MB thread-reservation=1
|  |  |  |  max-parallelism=10 segment-costs=[17005]
|  |  |  JOIN BUILD
|  |  |  |  join-table-id=02 plan-id=03 cohort-id=03
|  |  |  |  build expressions: tpcds_partitioned_parquet_snap.date_dim_12.d_date_sk
|  |  |  |  mem-estimate=23.25MB mem-reservation=23.25MB spill-buffer=64.00KB thread-reservation=0 cost=7305
|  |  |  |
|  |  |  150:EXCHANGE [BROADCAST]
|  |  |  |  mem-estimate=69.07KB mem-reservation=0B thread-reservation=0
|  |  |  |  tuple-ids=90 row-size=8B cardinality=7.30K cost=9700
|  |  |  |  in pipelines: 84(GETNEXT)
|  |  |  |
|  |  |  F56:PLAN FRAGMENT [RANDOM] hosts=1 instances=1
|  |  |  Per-Instance Resources: mem-estimate=16.05MB mem-reservation=512.00KB thread-reservation=1
|  |  |  max-parallelism=1 segment-costs=[12835]
|  |  |  84:SCAN HDFS [tpcds_partitioned_parquet_snap.date_dim, RANDOM]
|  |  |     HDFS partitions=1/1 files=1 size=2.17MB
|  |  |     predicates: tpcds_partitioned_parquet_snap.date_dim_12.d_year <= add(CAST(1998 AS INT), CAST(2 AS INT)), tpcds_partitioned_parquet_snap.date_dim_12.d_year >= CAST(1998 AS INT)
|  |  |     stored statistics:
|  |  |       table: rows=73.05K size=2.17MB
|  |  |       columns: all
|  |  |     extrapolated-rows=disabled max-scan-range-rows=73.05K
|  |  |     parquet statistics predicates: tpcds_partitioned_parquet_snap.date_dim_12.d_year <= add(CAST(1998 AS INT), CAST(2 AS INT)), tpcds_partitioned_parquet_snap.date_dim_12.d_year >= CAST(1998 AS INT)
|  |  |     parquet dictionary predicates: tpcds_partitioned_parquet_snap.date_dim_12.d_year <= add(CAST(1998 AS INT), CAST(2 AS INT)), tpcds_partitioned_parquet_snap.date_dim_12.d_year >= CAST(1998 AS INT)
|  |  |     mem-estimate=16.00MB mem-reservation=512.00KB thread-reservation=0
|  |  |     tuple-ids=90 row-size=8B cardinality=7.30K cost=12520
|  |  |     in pipelines: 84(GETNEXT)
|  |  |
|  |  83:SCAN HDFS [tpcds_partitioned_parquet_snap.store_sales, RANDOM]
|  |     HDFS partitions=1824/1824 files=1824 size=389.90GB
|  |     stored statistics:
|  |       table: rows=8.64G size=389.90GB
|  |       partitions: 1824/1824 rows=8.64G
|  |       columns: all
|  |     extrapolated-rows=disabled max-scan-range-rows=390.22M
|  |     mem-estimate=16.00MB mem-reservation=8.00MB thread-reservation=0
|  |     tuple-ids=88 row-size=12B cardinality=8.64G cost=1492980801
|  |     in pipelines: 83(GETNEXT)
|  |
|  149:AGGREGATE [FINALIZE]
|  |  output: sum:merge(multiply(tpcds_partitioned_parquet_snap.store_sales_2.ss_quantity, tpcds_partitioned_parquet_snap.store_sales_2.ss_list_price)), count:merge()
|  |  group by: tpcds_partitioned_parquet_snap.item_8.i_brand_id, tpcds_partitioned_parquet_snap.item_8.i_class_id, tpcds_partitioned_parquet_snap.item_8.i_category_id
|  |  mem-estimate=10.00MB mem-reservation=2.88MB spill-buffer=128.00KB thread-reservation=0
|  |  tuple-ids=87 row-size=36B cardinality=149.12K cost=5042248
|  |  in pipelines: 149(GETNEXT), 47(OPEN)
|  |
|  148:EXCHANGE [HASH(tpcds_partitioned_parquet_snap.item_8.i_brand_id,tpcds_partitioned_parquet_snap.item_8.i_class_id,tpcds_partitioned_parquet_snap.item_8.i_category_id)]
|  |  mem-estimate=10.27MB mem-reservation=0B thread-reservation=0
|  |  tuple-ids=87 row-size=36B cardinality=3.02M cost=836740
|  |  in pipelines: 47(GETNEXT)
|  |
|  F32:PLAN FRAGMENT [RANDOM] hosts=10 instances=7 (adjusted from 120)
|  Per-Host Shared Resources: mem-estimate=1.00MB mem-reservation=1.00MB thread-reservation=0 runtime-filters-memory=1.00MB
|  Per-Instance Resources: mem-estimate=40.06MB mem-reservation=17.00MB thread-reservation=1
|  max-parallelism=7 segment-costs=[201655276, 8568806] cpu-comparison-result=399 [max(7 (self) vs 399 (sum children))]
|  80:AGGREGATE [STREAMING]
|  |  output: sum(multiply(CAST(tpcds_partitioned_parquet_snap.store_sales_2.ss_quantity AS DECIMAL(10,0)), tpcds_partitioned_parquet_snap.store_sales_2.ss_list_price)), count()
|  |  group by: tpcds_partitioned_parquet_snap.item_8.i_brand_id, tpcds_partitioned_parquet_snap.item_8.i_class_id, tpcds_partitioned_parquet_snap.item_8.i_category_id
|  |  mem-estimate=10.00MB mem-reservation=9.00MB spill-buffer=512.00KB thread-reservation=0
|  |  tuple-ids=87 row-size=36B cardinality=3.02M cost=18477695
|  |  in pipelines: 47(GETNEXT)
|  |
|  79:HASH JOIN [INNER JOIN, BROADCAST]
|  |  hash-table-id=05
|  |  hash predicates: tpcds_partitioned_parquet_snap.store_sales_2.ss_item_sk = tpcds_partitioned_parquet_snap.item_8.i_item_sk
|  |  fk/pk conjuncts: tpcds_partitioned_parquet_snap.store_sales_2.ss_item_sk = tpcds_partitioned_parquet_snap.item_8.i_item_sk
|  |  mem-estimate=0B mem-reservation=0B spill-buffer=2.00MB thread-reservation=0
|  |  tuple-ids=52,81,83,85 row-size=56B cardinality=3.31M cost=1450285
|  |  in pipelines: 47(GETNEXT), 78(OPEN)
|  |
|  |--F70:PLAN FRAGMENT [RANDOM] hosts=10 instances=10
|  |  |  Per-Instance Resources: mem-estimate=39.57MB mem-reservation=34.00MB thread-reservation=1
|  |  |  max-parallelism=10 segment-costs=[838440]
|  |  JOIN BUILD
|  |  |  join-table-id=05 plan-id=06 cohort-id=02
|  |  |  build expressions: tpcds_partitioned_parquet_snap.item_8.i_item_sk
|  |  |  runtime filters: RF039[min_max] <- tpcds_partitioned_parquet_snap.item_8.i_item_sk
|  |  |  mem-estimate=34.00MB mem-reservation=34.00MB spill-buffer=2.00MB thread-reservation=0 cost=360000
|  |  |
|  |  147:EXCHANGE [BROADCAST]
|  |  |  mem-estimate=5.57MB mem-reservation=0B thread-reservation=0
|  |  |  tuple-ids=85 row-size=16B cardinality=360.00K cost=478440
|  |  |  in pipelines: 78(GETNEXT)
|  |  |
|  |  F53:PLAN FRAGMENT [RANDOM] hosts=4 instances=4
|  |  Per-Instance Resources: mem-estimate=16.08MB mem-reservation=512.00KB thread-reservation=1
|  |  max-parallelism=4 segment-costs=[106272]
|  |  78:SCAN HDFS [tpcds_partitioned_parquet_snap.item, RANDOM]
|  |     HDFS partitions=1/1 files=1 size=33.54MB
|  |     stored statistics:
|  |       table: rows=360.00K size=33.54MB
|  |       columns: all
|  |     extrapolated-rows=disabled max-scan-range-rows=101.54K
|  |     mem-estimate=16.00MB mem-reservation=512.00KB thread-reservation=0
|  |     tuple-ids=85 row-size=16B cardinality=360.00K cost=82944
|  |     in pipelines: 78(GETNEXT)
|  |
|  77:HASH JOIN [INNER JOIN, BROADCAST]
|  |  hash-table-id=06
|  |  hash predicates: tpcds_partitioned_parquet_snap.store_sales_2.ss_sold_date_sk = tpcds_partitioned_parquet_snap.date_dim_10.d_date_sk
|  |  fk/pk conjuncts: tpcds_partitioned_parquet_snap.store_sales_2.ss_sold_date_sk = tpcds_partitioned_parquet_snap.date_dim_10.d_date_sk
|  |  mem-estimate=0B mem-reservation=0B spill-buffer=64.00KB thread-reservation=0
|  |  tuple-ids=52,81,83 row-size=40B cardinality=3.31M cost=9105452
|  |  in pipelines: 47(GETNEXT), 73(OPEN)
|  |
|  |--F71:PLAN FRAGMENT [RANDOM] hosts=10 instances=10
|  |  |  Per-Instance Resources: mem-estimate=2.95MB mem-reservation=2.94MB thread-reservation=1 runtime-filters-memory=1.00MB
|  |  |  max-parallelism=10 segment-costs=[7] cpu-comparison-result=11 [max(11 (self) vs 2 (sum children))]
|  |  JOIN BUILD
|  |  |  join-table-id=06 plan-id=07 cohort-id=02
|  |  |  build expressions: tpcds_partitioned_parquet_snap.date_dim_10.d_date_sk
|  |  |  runtime filters: RF040[bloom] <- tpcds_partitioned_parquet_snap.date_dim_10.d_date_sk
|  |  |  mem-estimate=1.94MB mem-reservation=1.94MB spill-buffer=64.00KB thread-reservation=0 cost=7
|  |  |
|  |  146:EXCHANGE [BROADCAST]
|  |  |  mem-estimate=16.00KB mem-reservation=0B thread-reservation=0
|  |  |  tuple-ids=81,83 row-size=24B cardinality=7 cost=0
|  |  |  in pipelines: 73(GETNEXT)
|  |  |
|  |  F50:PLAN FRAGMENT [RANDOM] hosts=1 instances=1
|  |  Per-Host Shared Resources: mem-estimate=1.00MB mem-reservation=1.00MB thread-reservation=0 runtime-filters-memory=1.00MB
|  |  Per-Instance Resources: mem-estimate=16.12MB mem-reservation=512.00KB thread-reservation=1
|  |  max-parallelism=1 segment-costs=[8418]
|  |  76:HASH JOIN [INNER JOIN, BROADCAST]
|  |  |  hash-table-id=07
|  |  |  hash predicates: tpcds_partitioned_parquet_snap.date_dim_10.d_week_seq = tpcds_partitioned_parquet_snap.date_dim_11.d_week_seq
|  |  |  fk/pk conjuncts: none
|  |  |  mem-estimate=0B mem-reservation=0B spill-buffer=64.00KB thread-reservation=0
|  |  |  tuple-ids=81,83 row-size=24B cardinality=7 cost=3
|  |  |  in pipelines: 73(GETNEXT), 75(OPEN)
|  |  |
|  |  |--F72:PLAN FRAGMENT [RANDOM] hosts=1 instances=1
|  |  |  |  Per-Instance Resources: mem-estimate=2.95MB mem-reservation=2.94MB thread-reservation=1 runtime-filters-memory=1.00MB
|  |  |  |  max-parallelism=1 segment-costs=[1] cpu-comparison-result=2 [max(1 (self) vs 2 (sum children))]
|  |  |  JOIN BUILD
|  |  |  |  join-table-id=07 plan-id=08 cohort-id=04
|  |  |  |  build expressions: tpcds_partitioned_parquet_snap.date_dim_11.d_week_seq
|  |  |  |  runtime filters: RF062[bloom] <- tpcds_partitioned_parquet_snap.date_dim_11.d_week_seq, RF063[min_max] <- tpcds_partitioned_parquet_snap.date_dim_11.d_week_seq
|  |  |  |  mem-estimate=1.94MB mem-reservation=1.94MB spill-buffer=64.00KB thread-reservation=0 cost=1
|  |  |  |
|  |  |  145:EXCHANGE [BROADCAST]
|  |  |  |  mem-estimate=16.00KB mem-reservation=0B thread-reservation=0
|  |  |  |  tuple-ids=83 row-size=16B cardinality=1 cost=0
|  |  |  |  in pipelines: 75(GETNEXT)
|  |  |  |
|  |  |  F52:PLAN FRAGMENT [UNPARTITIONED] hosts=1 instances=1
|  |  |  Per-Instance Resources: mem-estimate=80.00KB mem-reservation=0B thread-reservation=1
|  |  |  max-parallelism=1 segment-costs=[5, 0]
|  |  |  75:CARDINALITY CHECK
|  |  |  |  limit: 1
|  |  |  |  mem-estimate=0B mem-reservation=0B thread-reservation=0
|  |  |  |  tuple-ids=83 row-size=16B cardinality=1 cost=0
|  |  |  |  in pipelines: 75(GETNEXT), 74(OPEN)
|  |  |  |
|  |  |  144:EXCHANGE [UNPARTITIONED]
|  |  |  |  limit: 2
|  |  |  |  mem-estimate=16.00KB mem-reservation=0B thread-reservation=0
|  |  |  |  tuple-ids=83 row-size=16B cardinality=2 cost=5
|  |  |  |  in pipelines: 74(GETNEXT)
|  |  |  |
|  |  |  F51:PLAN FRAGMENT [RANDOM] hosts=1 instances=1
|  |  |  Per-Instance Resources: mem-estimate=16.08MB mem-reservation=512.00KB thread-reservation=1
|  |  |  max-parallelism=1 segment-costs=[22991]
|  |  |  74:SCAN HDFS [tpcds_partitioned_parquet_snap.date_dim, RANDOM]
|  |  |     HDFS partitions=1/1 files=1 size=2.17MB
|  |  |     predicates: tpcds_partitioned_parquet_snap.date_dim_11.d_year = CAST(1998 AS INT), tpcds_partitioned_parquet_snap.date_dim_11.d_dom = CAST(20 AS INT), tpcds_partitioned_parquet_snap.date_dim_11.d_moy = CAST(12 AS INT)
|  |  |     stored statistics:
|  |  |       table: rows=73.05K size=2.17MB
|  |  |       columns: all
|  |  |     extrapolated-rows=disabled max-scan-range-rows=73.05K
|  |  |     parquet statistics predicates: tpcds_partitioned_parquet_snap.date_dim_11.d_year = CAST(1998 AS INT), tpcds_partitioned_parquet_snap.date_dim_11.d_dom = CAST(20 AS INT), tpcds_partitioned_parquet_snap.date_dim_11.d_moy = CAST(12 AS INT)
|  |  |     parquet dictionary predicates: tpcds_partitioned_parquet_snap.date_dim_11.d_year = CAST(1998 AS INT), tpcds_partitioned_parquet_snap.date_dim_11.d_dom = CAST(20 AS INT), tpcds_partitioned_parquet_snap.date_dim_11.d_moy = CAST(12 AS INT)
|  |  |     limit: 2
|  |  |     mem-estimate=16.00MB mem-reservation=512.00KB thread-reservation=0
|  |  |     tuple-ids=83 row-size=16B cardinality=29 cost=22988
|  |  |     in pipelines: 74(GETNEXT)
|  |  |
|  |  73:SCAN HDFS [tpcds_partitioned_parquet_snap.date_dim, RANDOM]
|  |     HDFS partitions=1/1 files=1 size=2.17MB
|  |     runtime filters: RF063[min_max] -> tpcds_partitioned_parquet_snap.date_dim_10.d_week_seq, RF062[bloom] -> tpcds_partitioned_parquet_snap.date_dim_10.d_week_seq
|  |     stored statistics:
|  |       table: rows=73.05K size=2.17MB
|  |       columns: all
|  |     extrapolated-rows=disabled max-scan-range-rows=73.05K
|  |     mem-estimate=16.00MB mem-reservation=512.00KB thread-reservation=0
|  |     tuple-ids=81 row-size=8B cardinality=7(filtered from 73.05K) cost=8415
|  |     in pipelines: 73(GETNEXT)
|  |
|  72:HASH JOIN [LEFT SEMI JOIN, BROADCAST]
|  |  hash-table-id=08
|  |  hash predicates: tpcds_partitioned_parquet_snap.store_sales_2.ss_item_sk = tpcds_partitioned_parquet_snap.item_4.i_item_sk
|  |  mem-estimate=0B mem-reservation=0B spill-buffer=128.00KB thread-reservation=0
|  |  tuple-ids=52 row-size=16B cardinality=33.16M(filtered from 863.56M) cost=164982323
|  |  in pipelines: 47(GETNEXT), 141(OPEN)
|  |
|  |--F73:PLAN FRAGMENT [RANDOM] hosts=10 instances=10
|  |  |  Per-Instance Resources: mem-estimate=4.54MB mem-reservation=2.88MB thread-reservation=1
|  |  |  max-parallelism=10 segment-costs=[83840] cpu-comparison-result=374 [max(10 (self) vs 374 (sum children))]
|  |  JOIN BUILD
|  |  |  join-table-id=08 plan-id=09 cohort-id=02
|  |  |  build expressions: tpcds_partitioned_parquet_snap.item_4.i_item_sk
|  |  |  runtime filters: RF043[min_max] <- tpcds_partitioned_parquet_snap.item_4.i_item_sk
|  |  |  mem-estimate=2.88MB mem-reservation=2.88MB spill-buffer=128.00KB thread-reservation=0 cost=36000
|  |  |
|  |  143:EXCHANGE [BROADCAST]
|  |  |  mem-estimate=1.67MB mem-reservation=0B thread-reservation=0
|  |  |  tuple-ids=80,54 row-size=36B cardinality=36.00K cost=47840
|  |  |  in pipelines: 141(GETNEXT)
|  |  |
|  |  F48:PLAN FRAGMENT [HASH(BRAND_ID,CLASS_ID,CATEGORY_ID)] hosts=10 instances=10 (adjusted from 120)
|  |  Per-Instance Resources: mem-estimate=131.67MB mem-reservation=34.00MB thread-reservation=1
|  |  max-parallelism=10 segment-costs=[2731445, 126325] cpu-comparison-result=374 [max(10 (self) vs 374 (sum children))]
|  |  71:HASH JOIN [INNER JOIN, PARTITIONED]
|  |  |  hash-table-id=09
|  |  |  hash predicates: BRAND_ID = tpcds_partitioned_parquet_snap.item_4.i_brand_id, CATEGORY_ID = tpcds_partitioned_parquet_snap.item_4.i_category_id, CLASS_ID = tpcds_partitioned_parquet_snap.item_4.i_class_id
|  |  |  fk/pk conjuncts: assumed fk/pk
|  |  |  mem-estimate=0B mem-reservation=0B spill-buffer=64.00KB thread-reservation=0
|  |  |  tuple-ids=80,54 row-size=36B cardinality=36.00K cost=121271
|  |  |  in pipelines: 141(GETNEXT), 48(OPEN)
|  |  |
|  |  |--F74:PLAN FRAGMENT [HASH(BRAND_ID,CLASS_ID,CATEGORY_ID)] hosts=10 instances=10 (adjusted from 120)
|  |  |  |  Per-Instance Resources: mem-estimate=5.15MB mem-reservation=4.94MB thread-reservation=1 runtime-filters-memory=3.00MB
|  |  |  |  max-parallelism=10 segment-costs=[42649]
|  |  |  JOIN BUILD
|  |  |  |  join-table-id=09 plan-id=10 cohort-id=05
|  |  |  |  build expressions: tpcds_partitioned_parquet_snap.item_4.i_brand_id, tpcds_partitioned_parquet_snap.item_4.i_category_id, tpcds_partitioned_parquet_snap.item_4.i_class_id
|  |  |  |  runtime filters: RF044[bloom] <- tpcds_partitioned_parquet_snap.item_4.i_brand_id, RF045[bloom] <- tpcds_partitioned_parquet_snap.item_4.i_category_id, RF046[bloom] <- tpcds_partitioned_parquet_snap.item_4.i_class_id, RF047[min_max] <- tpcds_partitioned_parquet_snap.item_4.i_brand_id, RF048[min_max] <- tpcds_partitioned_parquet_snap.item_4.i_category_id, RF049[min_max] <- tpcds_partitioned_parquet_snap.item_4.i_class_id
|  |  |  |  mem-estimate=1.94MB mem-reservation=1.94MB spill-buffer=64.00KB thread-reservation=0 cost=36000
|  |  |  |
|  |  |  142:EXCHANGE [HASH(tpcds_partitioned_parquet_snap.item_4.i_brand_id,tpcds_partitioned_parquet_snap.item_4.i_class_id,tpcds_partitioned_parquet_snap.item_4.i_category_id)]
|  |  |  |  mem-estimate=220.62KB mem-reservation=0B thread-reservation=0
|  |  |  |  tuple-ids=54 row-size=16B cardinality=36.00K cost=6649
|  |  |  |  in pipelines: 48(GETNEXT)
|  |  |  |
|  |  |  F49:PLAN FRAGMENT [RANDOM] hosts=4 instances=4
|  |  |  Per-Instance Resources: mem-estimate=16.78MB mem-reservation=512.00KB thread-reservation=1
|  |  |  max-parallelism=4 segment-costs=[148701]
|  |  |  48:SCAN HDFS [tpcds_partitioned_parquet_snap.item, RANDOM]
|  |  |     HDFS partitions=1/1 files=1 size=33.54MB
|  |  |     predicates: is_not_null_pred(tpcds_partitioned_parquet_snap.item_4.i_item_sk)
|  |  |     runtime filters: RF039[min_max] -> tpcds_partitioned_parquet_snap.item_4.i_item_sk
|  |  |     stored statistics:
|  |  |       table: rows=360.00K size=33.54MB
|  |  |       columns: all
|  |  |     extrapolated-rows=disabled max-scan-range-rows=101.54K
|  |  |     parquet dictionary predicates: is_not_null_pred(tpcds_partitioned_parquet_snap.item_4.i_item_sk)
|  |  |     mem-estimate=16.00MB mem-reservation=512.00KB thread-reservation=0
|  |  |     tuple-ids=54 row-size=16B cardinality=36.00K cost=93060
|  |  |     in pipelines: 48(GETNEXT)
|  |  |
|  |  141:AGGREGATE [FINALIZE]
|  |  |  output: count:merge()
|  |  |  group by: BRAND_ID, CLASS_ID, CATEGORY_ID
|  |  |  having: count() = CAST(2 AS BIGINT)
|  |  |  mem-estimate=128.00MB mem-reservation=34.00MB spill-buffer=2.00MB thread-reservation=0
|  |  |  tuple-ids=80 row-size=20B cardinality=447.36K cost=2640587
|  |  |  in pipelines: 141(GETNEXT), 129(OPEN), 139(OPEN)
|  |  |
|  |  140:EXCHANGE [HASH(BRAND_ID,CLASS_ID,CATEGORY_ID)]
|  |  |  mem-estimate=3.67MB mem-reservation=0B thread-reservation=0
|  |  |  tuple-ids=80 row-size=20B cardinality=447.36K cost=90858
|  |  |  in pipelines: 129(GETNEXT), 139(GETNEXT)
|  |  |
|  |  F47:PLAN FRAGMENT [RANDOM] hosts=10 instances=120
|  |  Per-Instance Resources: mem-estimate=260.32MB mem-reservation=68.00MB thread-reservation=1
|  |  max-parallelism=120 segment-costs=[28239822, 1820963, 2659596, 806679] cpu-comparison-result=360 [max(120 (self) vs 360 (sum children))]
|  |  70:AGGREGATE [STREAMING]
|  |  |  output: count()
|  |  |  group by: BRAND_ID, CLASS_ID, CATEGORY_ID
|  |  |  mem-estimate=128.00MB mem-reservation=34.00MB spill-buffer=2.00MB thread-reservation=0
|  |  |  tuple-ids=80 row-size=20B cardinality=447.36K cost=2640587
|  |  |  in pipelines: 129(GETNEXT), 139(GETNEXT)
|  |  |
|  |  49:UNION
|  |  |  pass-through-operands: 129
|  |  |  mem-estimate=0B mem-reservation=0B thread-reservation=0
|  |  |  tuple-ids=79 row-size=12B cardinality=447.36K cost=19009
|  |  |  in pipelines: 129(GETNEXT), 139(GETNEXT)
|  |  |
|  |  |--139:AGGREGATE [FINALIZE]
|  |  |  |  output: count:merge()
|  |  |  |  group by: BRAND_ID, CLASS_ID, CATEGORY_ID
|  |  |  |  having: count() = CAST(2 AS BIGINT)
|  |  |  |  mem-estimate=128.00MB mem-reservation=34.00MB spill-buffer=2.00MB thread-reservation=0
|  |  |  |  tuple-ids=71 row-size=20B cardinality=298.24K cost=1760391
|  |  |  |  in pipelines: 139(GETNEXT), 133(OPEN), 137(OPEN)
|  |  |  |
|  |  |  138:EXCHANGE [HASH(BRAND_ID,CLASS_ID,CATEGORY_ID)]
|  |  |  |  mem-estimate=3.38MB mem-reservation=0B thread-reservation=0
|  |  |  |  tuple-ids=71 row-size=20B cardinality=298.24K cost=60572
|  |  |  |  in pipelines: 133(GETNEXT), 137(GETNEXT)
|  |  |  |
|  |  |  F45:PLAN FRAGMENT [RANDOM] hosts=10 instances=120
|  |  |  Per-Instance Resources: mem-estimate=161.12MB mem-reservation=38.75MB thread-reservation=1
|  |  |  max-parallelism=120 segment-costs=[28239822, 28239822, 1760391, 537786] cpu-comparison-result=240 [max(120 (self) vs 240 (sum children))]
|  |  |  63:AGGREGATE [STREAMING]
|  |  |  |  output: count()
|  |  |  |  group by: BRAND_ID, CLASS_ID, CATEGORY_ID
|  |  |  |  mem-estimate=128.00MB mem-reservation=34.00MB spill-buffer=2.00MB thread-reservation=0
|  |  |  |  tuple-ids=71 row-size=20B cardinality=298.24K cost=1760391
|  |  |  |  in pipelines: 133(GETNEXT), 137(GETNEXT)
|  |  |  |
|  |  |  50:UNION
|  |  |  |  pass-through-operands: all
|  |  |  |  mem-estimate=0B mem-reservation=0B thread-reservation=0
|  |  |  |  tuple-ids=70 row-size=12B cardinality=298.24K cost=0
|  |  |  |  in pipelines: 133(GETNEXT), 137(GETNEXT)
|  |  |  |
|  |  |  |--137:AGGREGATE [FINALIZE]
|  |  |  |  |  group by: tpcds_partitioned_parquet_snap.item_6.i_brand_id, tpcds_partitioned_parquet_snap.item_6.i_class_id, tpcds_partitioned_parquet_snap.item_6.i_category_id
|  |  |  |  |  mem-estimate=10.00MB mem-reservation=4.75MB spill-buffer=256.00KB thread-reservation=0
|  |  |  |  |  tuple-ids=69 row-size=12B cardinality=149.12K cost=25263984
|  |  |  |  |  in pipelines: 137(GETNEXT), 57(OPEN)
|  |  |  |  |
|  |  |  |  136:EXCHANGE [HASH(tpcds_partitioned_parquet_snap.item_6.i_brand_id,tpcds_partitioned_parquet_snap.item_6.i_class_id,tpcds_partitioned_parquet_snap.item_6.i_category_id)]
|  |  |  |  |  mem-estimate=11.88MB mem-reservation=0B thread-reservation=0
|  |  |  |  |  tuple-ids=69 row-size=12B cardinality=17.89M cost=2975838
|  |  |  |  |  in pipelines: 57(GETNEXT)
|  |  |  |  |
|  |  |  |  F41:PLAN FRAGMENT [RANDOM] hosts=10 instances=120
|  |  |  |  Per-Instance Resources: mem-estimate=33.50MB mem-reservation=6.00MB thread-reservation=1
|  |  |  |  max-parallelism=1030 segment-costs=[10292257811, 23047987] cpu-comparison-result=120 [max(120 (self) vs 25 (sum children))]
|  |  |  |  62:AGGREGATE [STREAMING]
|  |  |  |  |  group by: tpcds_partitioned_parquet_snap.item_6.i_brand_id, tpcds_partitioned_parquet_snap.item_6.i_class_id, tpcds_partitioned_parquet_snap.item_6.i_category_id
|  |  |  |  |  mem-estimate=10.00MB mem-reservation=5.00MB spill-buffer=256.00KB thread-reservation=0
|  |  |  |  |  tuple-ids=69 row-size=12B cardinality=17.89M cost=6014287315
|  |  |  |  |  in pipelines: 57(GETNEXT)
|  |  |  |  |
|  |  |  |  61:HASH JOIN [INNER JOIN, BROADCAST]
|  |  |  |  |  hash-table-id=14
|  |  |  |  |  hash predicates: tpcds_partitioned_parquet_snap.catalog_sales_1.cs_item_sk = tpcds_partitioned_parquet_snap.item_6.i_item_sk
|  |  |  |  |  fk/pk conjuncts: tpcds_partitioned_parquet_snap.catalog_sales_1.cs_item_sk = tpcds_partitioned_parquet_snap.item_6.i_item_sk
|  |  |  |  |  mem-estimate=0B mem-reservation=0B spill-buffer=2.00MB thread-reservation=0
|  |  |  |  |  tuple-ids=63,65,67 row-size=32B cardinality=4.32G cost=1889953155
|  |  |  |  |  in pipelines: 57(GETNEXT), 60(OPEN)
|  |  |  |  |
|  |  |  |  |--F79:PLAN FRAGMENT [RANDOM] hosts=10 instances=10
|  |  |  |  |  |  Per-Instance Resources: mem-estimate=413.57MB mem-reservation=408.00MB thread-reservation=1
|  |  |  |  |  |  max-parallelism=10 segment-costs=[838440]
|  |  |  |  |  JOIN BUILD
|  |  |  |  |  |  join-table-id=14 plan-id=15 cohort-id=05
|  |  |  |  |  |  build expressions: tpcds_partitioned_parquet_snap.item_6.i_item_sk
|  |  |  |  |  |  runtime filters: RF059[min_max] <- tpcds_partitioned_parquet_snap.item_6.i_item_sk
|  |  |  |  |  |  mem-estimate=408.00MB mem-reservation=408.00MB spill-buffer=2.00MB thread-reservation=0 cost=360000
|  |  |  |  |  |
|  |  |  |  |  135:EXCHANGE [BROADCAST]
|  |  |  |  |  |  mem-estimate=5.57MB mem-reservation=0B thread-reservation=0
|  |  |  |  |  |  tuple-ids=67 row-size=16B cardinality=360.00K cost=478440
|  |  |  |  |  |  in pipelines: 60(GETNEXT)
|  |  |  |  |  |
|  |  |  |  |  F43:PLAN FRAGMENT [RANDOM] hosts=4 instances=4
|  |  |  |  |  Per-Host Shared Resources: mem-estimate=3.00MB mem-reservation=3.00MB thread-reservation=0 runtime-filters-memory=3.00MB
|  |  |  |  |  Per-Instance Resources: mem-estimate=16.08MB mem-reservation=512.00KB thread-reservation=1
|  |  |  |  |  max-parallelism=4 segment-costs=[106272]
|  |  |  |  |  60:SCAN HDFS [tpcds_partitioned_parquet_snap.item, RANDOM]
|  |  |  |  |     HDFS partitions=1/1 files=1 size=33.54MB
|  |  |  |  |     runtime filters: RF047[min_max] -> tpcds_partitioned_parquet_snap.item_6.i_brand_id, RF048[min_max] -> tpcds_partitioned_parquet_snap.item_6.i_category_id, RF049[min_max] -> tpcds_partitioned_parquet_snap.item_6.i_class_id, RF044[bloom] -> tpcds_partitioned_parquet_snap.item_6.i_brand_id, RF045[bloom] -> tpcds_partitioned_parquet_snap.item_6.i_category_id, RF046[bloom] -> tpcds_partitioned_parquet_snap.item_6.i_class_id
|  |  |  |  |     stored statistics:
|  |  |  |  |       table: rows=360.00K size=33.54MB
|  |  |  |  |       columns: all
|  |  |  |  |     extrapolated-rows=disabled max-scan-range-rows=101.54K
|  |  |  |  |     mem-estimate=16.00MB mem-reservation=512.00KB thread-reservation=0
|  |  |  |  |     tuple-ids=67 row-size=16B cardinality=360.00K cost=82944
|  |  |  |  |     in pipelines: 60(GETNEXT)
|  |  |  |  |
|  |  |  |  59:HASH JOIN [INNER JOIN, BROADCAST]
|  |  |  |  |  hash-table-id=15
|  |  |  |  |  hash predicates: tpcds_partitioned_parquet_snap.catalog_sales_1.cs_sold_date_sk = tpcds_partitioned_parquet_snap.date_dim_8.d_date_sk
|  |  |  |  |  fk/pk conjuncts: tpcds_partitioned_parquet_snap.catalog_sales_1.cs_sold_date_sk = tpcds_partitioned_parquet_snap.date_dim_8.d_date_sk
|  |  |  |  |  mem-estimate=0B mem-reservation=0B spill-buffer=64.00KB thread-reservation=0
|  |  |  |  |  tuple-ids=63,65 row-size=16B cardinality=4.32G(filtered from 4.32G) cost=1890344358
|  |  |  |  |  in pipelines: 57(GETNEXT), 58(OPEN)
|  |  |  |  |
|  |  |  |  |--F80:PLAN FRAGMENT [RANDOM] hosts=10 instances=10
|  |  |  |  |  |  Per-Instance Resources: mem-estimate=23.32MB mem-reservation=23.25MB thread-reservation=1
|  |  |  |  |  |  max-parallelism=10 segment-costs=[17005]
|  |  |  |  |  JOIN BUILD
|  |  |  |  |  |  join-table-id=15 plan-id=16 cohort-id=05
|  |  |  |  |  |  build expressions: tpcds_partitioned_parquet_snap.date_dim_8.d_date_sk
|  |  |  |  |  |  mem-estimate=23.25MB mem-reservation=23.25MB spill-buffer=64.00KB thread-reservation=0 cost=7305
|  |  |  |  |  |
|  |  |  |  |  134:EXCHANGE [BROADCAST]
|  |  |  |  |  |  mem-estimate=69.07KB mem-reservation=0B thread-reservation=0
|  |  |  |  |  |  tuple-ids=65 row-size=8B cardinality=7.30K cost=9700
|  |  |  |  |  |  in pipelines: 58(GETNEXT)
|  |  |  |  |  |
|  |  |  |  |  F42:PLAN FRAGMENT [RANDOM] hosts=1 instances=1
|  |  |  |  |  Per-Instance Resources: mem-estimate=16.05MB mem-reservation=512.00KB thread-reservation=1
|  |  |  |  |  max-parallelism=1 segment-costs=[12835]
|  |  |  |  |  58:SCAN HDFS [tpcds_partitioned_parquet_snap.date_dim, RANDOM]
|  |  |  |  |     HDFS partitions=1/1 files=1 size=2.17MB
|  |  |  |  |     predicates: tpcds_partitioned_parquet_snap.date_dim_8.d_year <= add(CAST(1998 AS INT), CAST(2 AS INT)), tpcds_partitioned_parquet_snap.date_dim_8.d_year >= CAST(1998 AS INT)
|  |  |  |  |     stored statistics:
|  |  |  |  |       table: rows=73.05K size=2.17MB
|  |  |  |  |       columns: all
|  |  |  |  |     extrapolated-rows=disabled max-scan-range-rows=73.05K
|  |  |  |  |     parquet statistics predicates: tpcds_partitioned_parquet_snap.date_dim_8.d_year <= add(CAST(1998 AS INT), CAST(2 AS INT)), tpcds_partitioned_parquet_snap.date_dim_8.d_year >= CAST(1998 AS INT)
|  |  |  |  |     parquet dictionary predicates: tpcds_partitioned_parquet_snap.date_dim_8.d_year <= add(CAST(1998 AS INT), CAST(2 AS INT)), tpcds_partitioned_parquet_snap.date_dim_8.d_year >= CAST(1998 AS INT)
|  |  |  |  |     mem-estimate=16.00MB mem-reservation=512.00KB thread-reservation=0
|  |  |  |  |     tuple-ids=65 row-size=8B cardinality=7.30K cost=12520
|  |  |  |  |     in pipelines: 58(GETNEXT)
|  |  |  |  |
|  |  |  |  57:SCAN HDFS [tpcds_partitioned_parquet_snap.catalog_sales, RANDOM]
|  |  |  |     HDFS partitions=1831/1831 files=1831 size=280.96GB
|  |  |  |     runtime filters: RF059[min_max] -> tpcds_partitioned_parquet_snap.catalog_sales_1.cs_item_sk
|  |  |  |     stored statistics:
|  |  |  |       table: rows=4.32G size=280.96GB
|  |  |  |       partitions: 1831/1831 rows=4.32G
|  |  |  |       columns: all
|  |  |  |     extrapolated-rows=disabled max-scan-range-rows=21.52M
|  |  |  |     mem-estimate=16.00MB mem-reservation=1.00MB thread-reservation=0
|  |  |  |     tuple-ids=63 row-size=8B cardinality=4.32G(filtered from 4.32G) cost=497672983
|  |  |  |     in pipelines: 57(GETNEXT)
|  |  |  |
|  |  |  133:AGGREGATE [FINALIZE]
|  |  |  |  group by: tpcds_partitioned_parquet_snap.item_5.i_brand_id, tpcds_partitioned_parquet_snap.item_5.i_class_id, tpcds_partitioned_parquet_snap.item_5.i_category_id
|  |  |  |  mem-estimate=10.00MB mem-reservation=4.75MB spill-buffer=256.00KB thread-reservation=0
|  |  |  |  tuple-ids=62 row-size=12B cardinality=149.12K cost=25263984
|  |  |  |  in pipelines: 133(GETNEXT), 51(OPEN)
|  |  |  |
|  |  |  132:EXCHANGE [HASH(tpcds_partitioned_parquet_snap.item_5.i_brand_id,tpcds_partitioned_parquet_snap.item_5.i_class_id,tpcds_partitioned_parquet_snap.item_5.i_category_id)]
|  |  |  |  mem-estimate=11.88MB mem-reservation=0B thread-reservation=0
|  |  |  |  tuple-ids=62 row-size=12B cardinality=17.89M cost=2975838
|  |  |  |  in pipelines: 51(GETNEXT)
|  |  |  |
|  |  |  F37:PLAN FRAGMENT [RANDOM] hosts=10 instances=120
|  |  |  Per-Instance Resources: mem-estimate=33.50MB mem-reservation=9.00MB thread-reservation=1
|  |  |  max-parallelism=1824 segment-costs=[20502959018, 23047987] cpu-comparison-result=120 [max(120 (self) vs 25 (sum children))]
|  |  |  56:AGGREGATE [STREAMING]
|  |  |  |  group by: tpcds_partitioned_parquet_snap.item_5.i_brand_id, tpcds_partitioned_parquet_snap.item_5.i_class_id, tpcds_partitioned_parquet_snap.item_5.i_category_id
|  |  |  |  mem-estimate=10.00MB mem-reservation=5.00MB spill-buffer=256.00KB thread-reservation=0
|  |  |  |  tuple-ids=62 row-size=12B cardinality=17.89M cost=11947236639
|  |  |  |  in pipelines: 51(GETNEXT)
|  |  |  |
|  |  |  55:HASH JOIN [INNER JOIN, BROADCAST]
|  |  |  |  hash-table-id=12
|  |  |  |  hash predicates: tpcds_partitioned_parquet_snap.store_sales_3.ss_item_sk = tpcds_partitioned_parquet_snap.item_5.i_item_sk
|  |  |  |  fk/pk conjuncts: tpcds_partitioned_parquet_snap.store_sales_3.ss_item_sk = tpcds_partitioned_parquet_snap.item_5.i_item_sk
|  |  |  |  mem-estimate=0B mem-reservation=0B spill-buffer=2.00MB thread-reservation=0
|  |  |  |  tuple-ids=56,58,60 row-size=32B cardinality=8.64G cost=3779809729
|  |  |  |  in pipelines: 51(GETNEXT), 54(OPEN)
|  |  |  |
|  |  |  |--F77:PLAN FRAGMENT [RANDOM] hosts=10 instances=10
|  |  |  |  |  Per-Instance Resources: mem-estimate=413.57MB mem-reservation=408.00MB thread-reservation=1
|  |  |  |  |  max-parallelism=10 segment-costs=[838440]
|  |  |  |  JOIN BUILD
|  |  |  |  |  join-table-id=12 plan-id=13 cohort-id=05
|  |  |  |  |  build expressions: tpcds_partitioned_parquet_snap.item_5.i_item_sk
|  |  |  |  |  runtime filters: RF055[min_max] <- tpcds_partitioned_parquet_snap.item_5.i_item_sk
|  |  |  |  |  mem-estimate=408.00MB mem-reservation=408.00MB spill-buffer=2.00MB thread-reservation=0 cost=360000
|  |  |  |  |
|  |  |  |  131:EXCHANGE [BROADCAST]
|  |  |  |  |  mem-estimate=5.57MB mem-reservation=0B thread-reservation=0
|  |  |  |  |  tuple-ids=60 row-size=16B cardinality=360.00K cost=478440
|  |  |  |  |  in pipelines: 54(GETNEXT)
|  |  |  |  |
|  |  |  |  F39:PLAN FRAGMENT [RANDOM] hosts=4 instances=4
|  |  |  |  Per-Host Shared Resources: mem-estimate=3.00MB mem-reservation=3.00MB thread-reservation=0 runtime-filters-memory=3.00MB
|  |  |  |  Per-Instance Resources: mem-estimate=16.08MB mem-reservation=512.00KB thread-reservation=1
|  |  |  |  max-parallelism=4 segment-costs=[106272]
|  |  |  |  54:SCAN HDFS [tpcds_partitioned_parquet_snap.item, RANDOM]
|  |  |  |     HDFS partitions=1/1 files=1 size=33.54MB
|  |  |  |     runtime filters: RF047[min_max] -> tpcds_partitioned_parquet_snap.item_5.i_brand_id, RF048[min_max] -> tpcds_partitioned_parquet_snap.item_5.i_category_id, RF049[min_max] -> tpcds_partitioned_parquet_snap.item_5.i_class_id, RF044[bloom] -> tpcds_partitioned_parquet_snap.item_5.i_brand_id, RF045[bloom] -> tpcds_partitioned_parquet_snap.item_5.i_category_id, RF046[bloom] -> tpcds_partitioned_parquet_snap.item_5.i_class_id
|  |  |  |     stored statistics:
|  |  |  |       table: rows=360.00K size=33.54MB
|  |  |  |       columns: all
|  |  |  |     extrapolated-rows=disabled max-scan-range-rows=101.54K
|  |  |  |     mem-estimate=16.00MB mem-reservation=512.00KB thread-reservation=0
|  |  |  |     tuple-ids=60 row-size=16B cardinality=360.00K cost=82944
|  |  |  |     in pipelines: 54(GETNEXT)
|  |  |  |
|  |  |  53:HASH JOIN [INNER JOIN, BROADCAST]
|  |  |  |  hash-table-id=13
|  |  |  |  hash predicates: tpcds_partitioned_parquet_snap.store_sales_3.ss_sold_date_sk = tpcds_partitioned_parquet_snap.date_dim_7.d_date_sk
|  |  |  |  fk/pk conjuncts: tpcds_partitioned_parquet_snap.store_sales_3.ss_sold_date_sk = tpcds_partitioned_parquet_snap.date_dim_7.d_date_sk
|  |  |  |  mem-estimate=0B mem-reservation=0B spill-buffer=64.00KB thread-reservation=0
|  |  |  |  tuple-ids=56,58 row-size=16B cardinality=8.64G(filtered from 8.64G) cost=3780592116
|  |  |  |  in pipelines: 51(GETNEXT), 52(OPEN)
|  |  |  |
|  |  |  |--F78:PLAN FRAGMENT [RANDOM] hosts=10 instances=10
|  |  |  |  |  Per-Instance Resources: mem-estimate=23.32MB mem-reservation=23.25MB thread-reservation=1
|  |  |  |  |  max-parallelism=10 segment-costs=[17005]
|  |  |  |  JOIN BUILD
|  |  |  |  |  join-table-id=13 plan-id=14 cohort-id=05
|  |  |  |  |  build expressions: tpcds_partitioned_parquet_snap.date_dim_7.d_date_sk
|  |  |  |  |  mem-estimate=23.25MB mem-reservation=23.25MB spill-buffer=64.00KB thread-reservation=0 cost=7305
|  |  |  |  |
|  |  |  |  130:EXCHANGE [BROADCAST]
|  |  |  |  |  mem-estimate=69.07KB mem-reservation=0B thread-reservation=0
|  |  |  |  |  tuple-ids=58 row-size=8B cardinality=7.30K cost=9700
|  |  |  |  |  in pipelines: 52(GETNEXT)
|  |  |  |  |
|  |  |  |  F38:PLAN FRAGMENT [RANDOM] hosts=1 instances=1
|  |  |  |  Per-Instance Resources: mem-estimate=16.05MB mem-reservation=512.00KB thread-reservation=1
|  |  |  |  max-parallelism=1 segment-costs=[12835]
|  |  |  |  52:SCAN HDFS [tpcds_partitioned_parquet_snap.date_dim, RANDOM]
|  |  |  |     HDFS partitions=1/1 files=1 size=2.17MB
|  |  |  |     predicates: tpcds_partitioned_parquet_snap.date_dim_7.d_year <= add(CAST(1998 AS INT), CAST(2 AS INT)), tpcds_partitioned_parquet_snap.date_dim_7.d_year >= CAST(1998 AS INT)
|  |  |  |     stored statistics:
|  |  |  |       table: rows=73.05K size=2.17MB
|  |  |  |       columns: all
|  |  |  |     extrapolated-rows=disabled max-scan-range-rows=73.05K
|  |  |  |     parquet statistics predicates: tpcds_partitioned_parquet_snap.date_dim_7.d_year <= add(CAST(1998 AS INT), CAST(2 AS INT)), tpcds_partitioned_parquet_snap.date_dim_7.d_year >= CAST(1998 AS INT)
|  |  |  |     parquet dictionary predicates: tpcds_partitioned_parquet_snap.date_dim_7.d_year <= add(CAST(1998 AS INT), CAST(2 AS INT)), tpcds_partitioned_parquet_snap.date_dim_7.d_year >= CAST(1998 AS INT)
|  |  |  |     mem-estimate=16.00MB mem-reservation=512.00KB thread-reservation=0
|  |  |  |     tuple-ids=58 row-size=8B cardinality=7.30K cost=12520
|  |  |  |     in pipelines: 52(GETNEXT)
|  |  |  |
|  |  |  51:SCAN HDFS [tpcds_partitioned_parquet_snap.store_sales, RANDOM]
|  |  |     HDFS partitions=1824/1824 files=1824 size=389.90GB
|  |  |     runtime filters: RF055[min_max] -> tpcds_partitioned_parquet_snap.store_sales_3.ss_item_sk
|  |  |     stored statistics:
|  |  |       table: rows=8.64G size=389.90GB
|  |  |       partitions: 1824/1824 rows=8.64G
|  |  |       columns: all
|  |  |     extrapolated-rows=disabled max-scan-range-rows=390.22M
|  |  |     mem-estimate=16.00MB mem-reservation=4.00MB thread-reservation=0
|  |  |     tuple-ids=56 row-size=8B cardinality=8.64G(filtered from 8.64G) cost=995320534
|  |  |     in pipelines: 51(GETNEXT)
|  |  |
|  |  129:AGGREGATE [FINALIZE]
|  |  |  group by: tpcds_partitioned_parquet_snap.item_7.i_brand_id, tpcds_partitioned_parquet_snap.item_7.i_class_id, tpcds_partitioned_parquet_snap.item_7.i_category_id
|  |  |  mem-estimate=10.00MB mem-reservation=4.75MB spill-buffer=256.00KB thread-reservation=0
|  |  |  tuple-ids=78 row-size=12B cardinality=149.12K cost=25263984
|  |  |  in pipelines: 129(GETNEXT), 64(OPEN)
|  |  |
|  |  128:EXCHANGE [HASH(tpcds_partitioned_parquet_snap.item_7.i_brand_id,tpcds_partitioned_parquet_snap.item_7.i_class_id,tpcds_partitioned_parquet_snap.item_7.i_category_id)]
|  |  |  mem-estimate=11.88MB mem-reservation=0B thread-reservation=0
|  |  |  tuple-ids=78 row-size=12B cardinality=17.89M cost=2975838
|  |  |  in pipelines: 64(GETNEXT)
|  |  |
|  |  F33:PLAN FRAGMENT [RANDOM] hosts=10 instances=120
|  |  Per-Instance Resources: mem-estimate=33.50MB mem-reservation=5.12MB thread-reservation=1
|  |  max-parallelism=520 segment-costs=[5186478425, 23047987] cpu-comparison-result=120 [max(120 (self) vs 25 (sum children))]
|  |  69:AGGREGATE [STREAMING]
|  |  |  group by: tpcds_partitioned_parquet_snap.item_7.i_brand_id, tpcds_partitioned_parquet_snap.item_7.i_class_id, tpcds_partitioned_parquet_snap.item_7.i_category_id
|  |  |  mem-estimate=10.00MB mem-reservation=5.00MB spill-buffer=256.00KB thread-reservation=0
|  |  |  tuple-ids=78 row-size=12B cardinality=17.89M cost=3047563509
|  |  |  in pipelines: 64(GETNEXT)
|  |  |
|  |  68:HASH JOIN [INNER JOIN, BROADCAST]
|  |  |  hash-table-id=10
|  |  |  hash predicates: tpcds_partitioned_parquet_snap.web_sales_1.ws_item_sk = tpcds_partitioned_parquet_snap.item_7.i_item_sk
|  |  |  fk/pk conjuncts: tpcds_partitioned_parquet_snap.web_sales_1.ws_item_sk = tpcds_partitioned_parquet_snap.item_7.i_item_sk
|  |  |  mem-estimate=0B mem-reservation=0B spill-buffer=2.00MB thread-reservation=0
|  |  |  tuple-ids=72,74,76 row-size=32B cardinality=2.16G cost=944945506
|  |  |  in pipelines: 64(GETNEXT), 67(OPEN)
|  |  |
|  |  |--F75:PLAN FRAGMENT [RANDOM] hosts=10 instances=10
|  |  |  |  Per-Instance Resources: mem-estimate=413.57MB mem-reservation=408.00MB thread-reservation=1
|  |  |  |  max-parallelism=10 segment-costs=[838440]
|  |  |  JOIN BUILD
|  |  |  |  join-table-id=10 plan-id=11 cohort-id=05
|  |  |  |  build expressions: tpcds_partitioned_parquet_snap.item_7.i_item_sk
|  |  |  |  runtime filters: RF051[min_max] <- tpcds_partitioned_parquet_snap.item_7.i_item_sk
|  |  |  |  mem-estimate=408.00MB mem-reservation=408.00MB spill-buffer=2.00MB thread-reservation=0 cost=360000
|  |  |  |
|  |  |  127:EXCHANGE [BROADCAST]
|  |  |  |  mem-estimate=5.57MB mem-reservation=0B thread-reservation=0
|  |  |  |  tuple-ids=76 row-size=16B cardinality=360.00K cost=478440
|  |  |  |  in pipelines: 67(GETNEXT)
|  |  |  |
|  |  |  F35:PLAN FRAGMENT [RANDOM] hosts=4 instances=4
|  |  |  Per-Host Shared Resources: mem-estimate=3.00MB mem-reservation=3.00MB thread-reservation=0 runtime-filters-memory=3.00MB
|  |  |  Per-Instance Resources: mem-estimate=16.08MB mem-reservation=512.00KB thread-reservation=1
|  |  |  max-parallelism=4 segment-costs=[106272]
|  |  |  67:SCAN HDFS [tpcds_partitioned_parquet_snap.item, RANDOM]
|  |  |     HDFS partitions=1/1 files=1 size=33.54MB
|  |  |     runtime filters: RF047[min_max] -> tpcds_partitioned_parquet_snap.item_7.i_brand_id, RF048[min_max] -> tpcds_partitioned_parquet_snap.item_7.i_category_id, RF049[min_max] -> tpcds_partitioned_parquet_snap.item_7.i_class_id, RF044[bloom] -> tpcds_partitioned_parquet_snap.item_7.i_brand_id, RF045[bloom] -> tpcds_partitioned_parquet_snap.item_7.i_category_id, RF046[bloom] -> tpcds_partitioned_parquet_snap.item_7.i_class_id
|  |  |     stored statistics:
|  |  |       table: rows=360.00K size=33.54MB
|  |  |       columns: all
|  |  |     extrapolated-rows=disabled max-scan-range-rows=101.54K
|  |  |     mem-estimate=16.00MB mem-reservation=512.00KB thread-reservation=0
|  |  |     tuple-ids=76 row-size=16B cardinality=360.00K cost=82944
|  |  |     in pipelines: 67(GETNEXT)
|  |  |
|  |  66:HASH JOIN [INNER JOIN, BROADCAST]
|  |  |  hash-table-id=11
|  |  |  hash predicates: tpcds_partitioned_parquet_snap.web_sales_1.ws_sold_date_sk = tpcds_partitioned_parquet_snap.date_dim_9.d_date_sk
|  |  |  fk/pk conjuncts: tpcds_partitioned_parquet_snap.web_sales_1.ws_sold_date_sk = tpcds_partitioned_parquet_snap.date_dim_9.d_date_sk
|  |  |  mem-estimate=0B mem-reservation=0B spill-buffer=64.00KB thread-reservation=0
|  |  |  tuple-ids=72,74 row-size=16B cardinality=2.16G(filtered from 2.16G) cost=945141101
|  |  |  in pipelines: 64(GETNEXT), 65(OPEN)
|  |  |
|  |  |--F76:PLAN FRAGMENT [RANDOM] hosts=10 instances=10
|  |  |  |  Per-Instance Resources: mem-estimate=23.32MB mem-reservation=23.25MB thread-reservation=1
|  |  |  |  max-parallelism=10 segment-costs=[17005]
|  |  |  JOIN BUILD
|  |  |  |  join-table-id=11 plan-id=12 cohort-id=05
|  |  |  |  build expressions: tpcds_partitioned_parquet_snap.date_dim_9.d_date_sk
|  |  |  |  mem-estimate=23.25MB mem-reservation=23.25MB spill-buffer=64.00KB thread-reservation=0 cost=7305
|  |  |  |
|  |  |  126:EXCHANGE [BROADCAST]
|  |  |  |  mem-estimate=69.07KB mem-reservation=0B thread-reservation=0
|  |  |  |  tuple-ids=74 row-size=8B cardinality=7.30K cost=9700
|  |  |  |  in pipelines: 65(GETNEXT)
|  |  |  |
|  |  |  F34:PLAN FRAGMENT [RANDOM] hosts=1 instances=1
|  |  |  Per-Instance Resources: mem-estimate=16.05MB mem-reservation=512.00KB thread-reservation=1
|  |  |  max-parallelism=1 segment-costs=[12835]
|  |  |  65:SCAN HDFS [tpcds_partitioned_parquet_snap.date_dim, RANDOM]
|  |  |     HDFS partitions=1/1 files=1 size=2.17MB
|  |  |     predicates: tpcds_partitioned_parquet_snap.date_dim_9.d_year <= add(CAST(1998 AS INT), CAST(2 AS INT)), tpcds_partitioned_parquet_snap.date_dim_9.d_year >= CAST(1998 AS INT)
|  |  |     stored statistics:
|  |  |       table: rows=73.05K size=2.17MB
|  |  |       columns: all
|  |  |     extrapolated-rows=disabled max-scan-range-rows=73.05K
|  |  |     parquet statistics predicates: tpcds_partitioned_parquet_snap.date_dim_9.d_year <= add(CAST(1998 AS INT), CAST(2 AS INT)), tpcds_partitioned_parquet_snap.date_dim_9.d_year >= CAST(1998 AS INT)
|  |  |     parquet dictionary predicates: tpcds_partitioned_parquet_snap.date_dim_9.d_year <= add(CAST(1998 AS INT), CAST(2 AS INT)), tpcds_partitioned_parquet_snap.date_dim_9.d_year >= CAST(1998 AS INT)
|  |  |     mem-estimate=16.00MB mem-reservation=512.00KB thread-reservation=0
|  |  |     tuple-ids=74 row-size=8B cardinality=7.30K cost=12520
|  |  |     in pipelines: 65(GETNEXT)
|  |  |
|  |  64:SCAN HDFS [tpcds_partitioned_parquet_snap.web_sales, RANDOM]
|  |     HDFS partitions=1824/1824 files=1824 size=145.75GB
|  |     runtime filters: RF051[min_max] -> tpcds_partitioned_parquet_snap.web_sales_1.ws_item_sk
|  |     stored statistics:
|  |       table: rows=2.16G size=145.75GB
|  |       partitions: 1824/1824 rows=2.16G
|  |       columns: all
|  |     extrapolated-rows=disabled max-scan-range-rows=3.37M
|  |     mem-estimate=16.00MB mem-reservation=128.00KB thread-reservation=0
|  |     tuple-ids=72 row-size=8B cardinality=2.16G(filtered from 2.16G) cost=248828309
|  |     in pipelines: 64(GETNEXT)
|  |
|  47:SCAN HDFS [tpcds_partitioned_parquet_snap.store_sales, RANDOM]
|     HDFS partitions=1824/1824 files=1824 size=389.90GB
|     runtime filters: RF043[min_max] -> tpcds_partitioned_parquet_snap.store_sales_2.ss_item_sk, RF039[min_max] -> tpcds_partitioned_parquet_snap.store_sales_2.ss_item_sk, RF040[bloom] -> tpcds_partitioned_parquet_snap.store_sales_2.ss_sold_date_sk
|     stored statistics:
|       table: rows=8.64G size=389.90GB
|       partitions: 1824/1824 rows=8.64G
|       columns: all
|     extrapolated-rows=disabled max-scan-range-rows=390.22M est-scan-range=7(filtered from 1824)
|     mem-estimate=16.00MB mem-reservation=8.00MB thread-reservation=0
|     tuple-ids=52 row-size=16B cardinality=33.16M(filtered from 8.64G) cost=7639521
|     in pipelines: 47(GETNEXT)
|
46:NESTED LOOP JOIN [INNER JOIN, BROADCAST]
|  join table id: 16
|  join predicates: sum(multiply(tpcds_partitioned_parquet_snap.store_sales.ss_quantity, tpcds_partitioned_parquet_snap.store_sales.ss_list_price)) > avg(multiply(QUANTITY, LIST_PRICE))
|  mem-estimate=0B mem-reservation=0B thread-reservation=0
|  tuple-ids=35,51 row-size=52B cardinality=149.12K cost=30554
|  in pipelines: 119(GETNEXT), 124(OPEN)
|
|--F81:PLAN FRAGMENT [HASH(tpcds_partitioned_parquet_snap.item_3.i_brand_id,tpcds_partitioned_parquet_snap.item_3.i_class_id,tpcds_partitioned_parquet_snap.item_3.i_category_id)] hosts=10 instances=10
|  |  Per-Instance Resources: mem-estimate=16.02KB mem-reservation=0B thread-reservation=1
|  |  max-parallelism=10 segment-costs=[0] cpu-comparison-result=120 [max(10 (self) vs 120 (sum children))]
|  JOIN BUILD
|  |  join-table-id=16 plan-id=17 cohort-id=01
|  |  mem-estimate=16B mem-reservation=0B thread-reservation=0 cost=0
|  |
|  125:EXCHANGE [BROADCAST]
|  |  mem-estimate=16.00KB mem-reservation=0B thread-reservation=0
|  |  tuple-ids=51 row-size=16B cardinality=1 cost=0
|  |  in pipelines: 124(GETNEXT)
|  |
|  F31:PLAN FRAGMENT [UNPARTITIONED] hosts=1 instances=1
|  Per-Instance Resources: mem-estimate=297.44KB mem-reservation=0B thread-reservation=1
|  max-parallelism=1 segment-costs=[30, 0] cpu-comparison-result=120 [max(1 (self) vs 120 (sum children))]
|  124:AGGREGATE [FINALIZE]
|  |  output: avg:merge(multiply(QUANTITY, LIST_PRICE))
|  |  mem-estimate=16.00KB mem-reservation=0B spill-buffer=2.00MB thread-reservation=0
|  |  tuple-ids=51 row-size=16B cardinality=1 cost=8
|  |  in pipelines: 124(GETNEXT), 45(OPEN)
|  |
|  123:EXCHANGE [UNPARTITIONED]
|  |  mem-estimate=281.44KB mem-reservation=0B thread-reservation=0
|  |  tuple-ids=50 row-size=16B cardinality=120 cost=22
|  |  in pipelines: 45(GETNEXT)
|  |
|  F30:PLAN FRAGMENT [RANDOM] hosts=10 instances=120
|  Per-Instance Resources: mem-estimate=16.02MB mem-reservation=8.00MB thread-reservation=1
|  max-parallelism=120 segment-costs=[11061173397, 185] cpu-comparison-result=120 [max(120 (self) vs 33 (sum children))]
|  45:AGGREGATE
|  |  output: avg(multiply(CAST(QUANTITY AS DECIMAL(10,0)), LIST_PRICE))
|  |  mem-estimate=16.00KB mem-reservation=0B spill-buffer=2.00MB thread-reservation=0
|  |  tuple-ids=50 row-size=16B cardinality=120 cost=1058398679
|  |  in pipelines: 45(GETNEXT), 36(OPEN), 39(OPEN), 42(OPEN)
|  |
|  34:UNION
|  |  pass-through-operands: 35
|  |  mem-estimate=0B mem-reservation=0B thread-reservation=0
|  |  tuple-ids=49 row-size=8B cardinality=15.12G cost=110287964
|  |  in pipelines: 36(GETNEXT), 39(GETNEXT), 42(GETNEXT)
|  |
|  |--44:HASH JOIN [INNER JOIN, BROADCAST]
|  |  |  hash-table-id=19
|  |  |  hash predicates: tpcds_partitioned_parquet_snap.web_sales_0.ws_sold_date_sk = tpcds_partitioned_parquet_snap.date_dim_6.d_date_sk
|  |  |  fk/pk conjuncts: tpcds_partitioned_parquet_snap.web_sales_0.ws_sold_date_sk = tpcds_partitioned_parquet_snap.date_dim_6.d_date_sk
|  |  |  mem-estimate=0B mem-reservation=0B spill-buffer=64.00KB thread-reservation=0
|  |  |  tuple-ids=45,47 row-size=20B cardinality=2.16G cost=945417979
|  |  |  in pipelines: 42(GETNEXT), 43(OPEN)
|  |  |
|  |  |--F84:PLAN FRAGMENT [RANDOM] hosts=10 instances=10
|  |  |  |  Per-Instance Resources: mem-estimate=23.32MB mem-reservation=23.25MB thread-reservation=1
|  |  |  |  max-parallelism=10 segment-costs=[17005]
|  |  |  JOIN BUILD
|  |  |  |  join-table-id=19 plan-id=20 cohort-id=06
|  |  |  |  build expressions: tpcds_partitioned_parquet_snap.date_dim_6.d_date_sk
|  |  |  |  mem-estimate=23.25MB mem-reservation=23.25MB spill-buffer=64.00KB thread-reservation=0 cost=7305
|  |  |  |
|  |  |  122:EXCHANGE [BROADCAST]
|  |  |  |  mem-estimate=69.07KB mem-reservation=0B thread-reservation=0
|  |  |  |  tuple-ids=47 row-size=8B cardinality=7.30K cost=9700
|  |  |  |  in pipelines: 43(GETNEXT)
|  |  |  |
|  |  |  F29:PLAN FRAGMENT [RANDOM] hosts=1 instances=1
|  |  |  Per-Instance Resources: mem-estimate=16.05MB mem-reservation=512.00KB thread-reservation=1
|  |  |  max-parallelism=1 segment-costs=[12835]
|  |  |  43:SCAN HDFS [tpcds_partitioned_parquet_snap.date_dim, RANDOM]
|  |  |     HDFS partitions=1/1 files=1 size=2.17MB
|  |  |     predicates: tpcds_partitioned_parquet_snap.date_dim_6.d_year <= add(CAST(1998 AS INT), CAST(2 AS INT)), tpcds_partitioned_parquet_snap.date_dim_6.d_year >= CAST(1998 AS INT)
|  |  |     stored statistics:
|  |  |       table: rows=73.05K size=2.17MB
|  |  |       columns: all
|  |  |     extrapolated-rows=disabled max-scan-range-rows=73.05K
|  |  |     parquet statistics predicates: tpcds_partitioned_parquet_snap.date_dim_6.d_year <= add(CAST(1998 AS INT), CAST(2 AS INT)), tpcds_partitioned_parquet_snap.date_dim_6.d_year >= CAST(1998 AS INT)
|  |  |     parquet dictionary predicates: tpcds_partitioned_parquet_snap.date_dim_6.d_year <= add(CAST(1998 AS INT), CAST(2 AS INT)), tpcds_partitioned_parquet_snap.date_dim_6.d_year >= CAST(1998 AS INT)
|  |  |     mem-estimate=16.00MB mem-reservation=512.00KB thread-reservation=0
|  |  |     tuple-ids=47 row-size=8B cardinality=7.30K cost=12520
|  |  |     in pipelines: 43(GETNEXT)
|  |  |
|  |  42:SCAN HDFS [tpcds_partitioned_parquet_snap.web_sales, RANDOM]
|  |     HDFS partitions=1824/1824 files=1824 size=145.75GB
|  |     stored statistics:
|  |       table: rows=2.16G size=145.75GB
|  |       partitions: 1824/1824 rows=2.16G
|  |       columns: all
|  |     extrapolated-rows=disabled max-scan-range-rows=3.37M
|  |     mem-estimate=16.00MB mem-reservation=128.00KB thread-reservation=0
|  |     tuple-ids=45 row-size=12B cardinality=2.16G cost=373242464
|  |     in pipelines: 42(GETNEXT)
|  |
|  35:UNION
|  |  mem-estimate=0B mem-reservation=0B thread-reservation=0
|  |  tuple-ids=44 row-size=8B cardinality=12.96G cost=661738272
|  |  in pipelines: 36(GETNEXT), 39(GETNEXT)
|  |
|  |--41:HASH JOIN [INNER JOIN, BROADCAST]
|  |  |  hash-table-id=18
|  |  |  hash predicates: tpcds_partitioned_parquet_snap.catalog_sales_0.cs_sold_date_sk = tpcds_partitioned_parquet_snap.date_dim_5.d_date_sk
|  |  |  fk/pk conjuncts: tpcds_partitioned_parquet_snap.catalog_sales_0.cs_sold_date_sk = tpcds_partitioned_parquet_snap.date_dim_5.d_date_sk
|  |  |  mem-estimate=0B mem-reservation=0B spill-buffer=64.00KB thread-reservation=0
|  |  |  tuple-ids=40,42 row-size=20B cardinality=4.32G cost=1890898131
|  |  |  in pipelines: 39(GETNEXT), 40(OPEN)
|  |  |
|  |  |--F83:PLAN FRAGMENT [RANDOM] hosts=10 instances=10
|  |  |  |  Per-Instance Resources: mem-estimate=23.32MB mem-reservation=23.25MB thread-reservation=1
|  |  |  |  max-parallelism=10 segment-costs=[17005]
|  |  |  JOIN BUILD
|  |  |  |  join-table-id=18 plan-id=19 cohort-id=06
|  |  |  |  build expressions: tpcds_partitioned_parquet_snap.date_dim_5.d_date_sk
|  |  |  |  mem-estimate=23.25MB mem-reservation=23.25MB spill-buffer=64.00KB thread-reservation=0 cost=7305
|  |  |  |
|  |  |  121:EXCHANGE [BROADCAST]
|  |  |  |  mem-estimate=69.07KB mem-reservation=0B thread-reservation=0
|  |  |  |  tuple-ids=42 row-size=8B cardinality=7.30K cost=9700
|  |  |  |  in pipelines: 40(GETNEXT)
|  |  |  |
|  |  |  F26:PLAN FRAGMENT [RANDOM] hosts=1 instances=1
|  |  |  Per-Instance Resources: mem-estimate=16.05MB mem-reservation=512.00KB thread-reservation=1
|  |  |  max-parallelism=1 segment-costs=[12835]
|  |  |  40:SCAN HDFS [tpcds_partitioned_parquet_snap.date_dim, RANDOM]
|  |  |     HDFS partitions=1/1 files=1 size=2.17MB
|  |  |     predicates: tpcds_partitioned_parquet_snap.date_dim_5.d_year <= add(CAST(1998 AS INT), CAST(2 AS INT)), tpcds_partitioned_parquet_snap.date_dim_5.d_year >= CAST(1998 AS INT)
|  |  |     stored statistics:
|  |  |       table: rows=73.05K size=2.17MB
|  |  |       columns: all
|  |  |     extrapolated-rows=disabled max-scan-range-rows=73.05K
|  |  |     parquet statistics predicates: tpcds_partitioned_parquet_snap.date_dim_5.d_year <= add(CAST(1998 AS INT), CAST(2 AS INT)), tpcds_partitioned_parquet_snap.date_dim_5.d_year >= CAST(1998 AS INT)
|  |  |     parquet dictionary predicates: tpcds_partitioned_parquet_snap.date_dim_5.d_year <= add(CAST(1998 AS INT), CAST(2 AS INT)), tpcds_partitioned_parquet_snap.date_dim_5.d_year >= CAST(1998 AS INT)
|  |  |     mem-estimate=16.00MB mem-reservation=512.00KB thread-reservation=0
|  |  |     tuple-ids=42 row-size=8B cardinality=7.30K cost=12520
|  |  |     in pipelines: 40(GETNEXT)
|  |  |
|  |  39:SCAN HDFS [tpcds_partitioned_parquet_snap.catalog_sales, RANDOM]
|  |     HDFS partitions=1831/1831 files=1831 size=280.96GB
|  |     stored statistics:
|  |       table: rows=4.32G size=280.96GB
|  |       partitions: 1831/1831 rows=4.32G
|  |       columns: all
|  |     extrapolated-rows=disabled max-scan-range-rows=21.52M
|  |     mem-estimate=16.00MB mem-reservation=1.00MB thread-reservation=0
|  |     tuple-ids=40 row-size=12B cardinality=4.32G cost=746509474
|  |     in pipelines: 39(GETNEXT)
|  |
|  38:HASH JOIN [INNER JOIN, BROADCAST]
|  |  hash-table-id=17
|  |  hash predicates: tpcds_partitioned_parquet_snap.store_sales_1.ss_sold_date_sk = tpcds_partitioned_parquet_snap.date_dim_4.d_date_sk
|  |  fk/pk conjuncts: tpcds_partitioned_parquet_snap.store_sales_1.ss_sold_date_sk = tpcds_partitioned_parquet_snap.date_dim_4.d_date_sk
|  |  mem-estimate=0B mem-reservation=0B spill-buffer=64.00KB thread-reservation=0
|  |  tuple-ids=36,38 row-size=20B cardinality=8.64G cost=3781699633
|  |  in pipelines: 36(GETNEXT), 37(OPEN)
|  |
|  |--F82:PLAN FRAGMENT [RANDOM] hosts=10 instances=10
|  |  |  Per-Instance Resources: mem-estimate=23.32MB mem-reservation=23.25MB thread-reservation=1
|  |  |  max-parallelism=10 segment-costs=[17005]
|  |  JOIN BUILD
|  |  |  join-table-id=17 plan-id=18 cohort-id=06
|  |  |  build expressions: tpcds_partitioned_parquet_snap.date_dim_4.d_date_sk
|  |  |  mem-estimate=23.25MB mem-reservation=23.25MB spill-buffer=64.00KB thread-reservation=0 cost=7305
|  |  |
|  |  120:EXCHANGE [BROADCAST]
|  |  |  mem-estimate=69.07KB mem-reservation=0B thread-reservation=0
|  |  |  tuple-ids=38 row-size=8B cardinality=7.30K cost=9700
|  |  |  in pipelines: 37(GETNEXT)
|  |  |
|  |  F24:PLAN FRAGMENT [RANDOM] hosts=1 instances=1
|  |  Per-Instance Resources: mem-estimate=16.05MB mem-reservation=512.00KB thread-reservation=1
|  |  max-parallelism=1 segment-costs=[12835]
|  |  37:SCAN HDFS [tpcds_partitioned_parquet_snap.date_dim, RANDOM]
|  |     HDFS partitions=1/1 files=1 size=2.17MB
|  |     predicates: tpcds_partitioned_parquet_snap.date_dim_4.d_year <= add(CAST(1998 AS INT), CAST(2 AS INT)), tpcds_partitioned_parquet_snap.date_dim_4.d_year >= CAST(1998 AS INT)
|  |     stored statistics:
|  |       table: rows=73.05K size=2.17MB
|  |       columns: all
|  |     extrapolated-rows=disabled max-scan-range-rows=73.05K
|  |     parquet statistics predicates: tpcds_partitioned_parquet_snap.date_dim_4.d_year <= add(CAST(1998 AS INT), CAST(2 AS INT)), tpcds_partitioned_parquet_snap.date_dim_4.d_year >= CAST(1998 AS INT)
|  |     parquet dictionary predicates: tpcds_partitioned_parquet_snap.date_dim_4.d_year <= add(CAST(1998 AS INT), CAST(2 AS INT)), tpcds_partitioned_parquet_snap.date_dim_4.d_year >= CAST(1998 AS INT)
|  |     mem-estimate=16.00MB mem-reservation=512.00KB thread-reservation=0
|  |     tuple-ids=38 row-size=8B cardinality=7.30K cost=12520
|  |     in pipelines: 37(GETNEXT)
|  |
|  36:SCAN HDFS [tpcds_partitioned_parquet_snap.store_sales, RANDOM]
|     HDFS partitions=1824/1824 files=1824 size=389.90GB
|     stored statistics:
|       table: rows=8.64G size=389.90GB
|       partitions: 1824/1824 rows=8.64G
|       columns: all
|     extrapolated-rows=disabled max-scan-range-rows=390.22M
|     mem-estimate=16.00MB mem-reservation=8.00MB thread-reservation=0
|     tuple-ids=36 row-size=12B cardinality=8.64G cost=1492980801
|     in pipelines: 36(GETNEXT)
|
119:AGGREGATE [FINALIZE]
|  output: sum:merge(multiply(tpcds_partitioned_parquet_snap.store_sales.ss_quantity, tpcds_partitioned_parquet_snap.store_sales.ss_list_price)), count:merge()
|  group by: tpcds_partitioned_parquet_snap.item_3.i_brand_id, tpcds_partitioned_parquet_snap.item_3.i_class_id, tpcds_partitioned_parquet_snap.item_3.i_category_id
|  mem-estimate=10.00MB mem-reservation=1.94MB spill-buffer=64.00KB thread-reservation=0
|  tuple-ids=35 row-size=36B cardinality=149.12K cost=5042248
|  in pipelines: 119(GETNEXT), 00(OPEN)
|
118:EXCHANGE [HASH(tpcds_partitioned_parquet_snap.item_3.i_brand_id,tpcds_partitioned_parquet_snap.item_3.i_class_id,tpcds_partitioned_parquet_snap.item_3.i_category_id)]
|  mem-estimate=10.27MB mem-reservation=0B thread-reservation=0
|  tuple-ids=35 row-size=36B cardinality=3.02M cost=836740
|  in pipelines: 00(GETNEXT)
|
F00:PLAN FRAGMENT [RANDOM] hosts=10 instances=7 (adjusted from 120)
Per-Host Shared Resources: mem-estimate=1.00MB mem-reservation=1.00MB thread-reservation=0 runtime-filters-memory=1.00MB
Per-Instance Resources: mem-estimate=40.06MB mem-reservation=17.00MB thread-reservation=1
max-parallelism=7 segment-costs=[201655276, 8568806] cpu-comparison-result=399 [max(7 (self) vs 399 (sum children))]
33:AGGREGATE [STREAMING]
|  output: sum(multiply(CAST(tpcds_partitioned_parquet_snap.store_sales.ss_quantity AS DECIMAL(10,0)), tpcds_partitioned_parquet_snap.store_sales.ss_list_price)), count()
|  group by: tpcds_partitioned_parquet_snap.item_3.i_brand_id, tpcds_partitioned_parquet_snap.item_3.i_class_id, tpcds_partitioned_parquet_snap.item_3.i_category_id
|  mem-estimate=10.00MB mem-reservation=9.00MB spill-buffer=512.00KB thread-reservation=0
|  tuple-ids=35 row-size=36B cardinality=3.02M cost=18477695
|  in pipelines: 00(GETNEXT)
|
32:HASH JOIN [INNER JOIN, BROADCAST]
|  hash-table-id=20
|  hash predicates: tpcds_partitioned_parquet_snap.store_sales.ss_item_sk = tpcds_partitioned_parquet_snap.item_3.i_item_sk
|  fk/pk conjuncts: tpcds_partitioned_parquet_snap.store_sales.ss_item_sk = tpcds_partitioned_parquet_snap.item_3.i_item_sk
|  mem-estimate=0B mem-reservation=0B spill-buffer=2.00MB thread-reservation=0
|  tuple-ids=0,29,31,33 row-size=56B cardinality=3.31M cost=1450285
|  in pipelines: 00(GETNEXT), 31(OPEN)
|
|--F85:PLAN FRAGMENT [RANDOM] hosts=10 instances=10
|  |  Per-Instance Resources: mem-estimate=39.57MB mem-reservation=34.00MB thread-reservation=1
|  |  max-parallelism=10 segment-costs=[838440]
|  JOIN BUILD
|  |  join-table-id=20 plan-id=21 cohort-id=01
|  |  build expressions: tpcds_partitioned_parquet_snap.item_3.i_item_sk
|  |  runtime filters: RF007[min_max] <- tpcds_partitioned_parquet_snap.item_3.i_item_sk
|  |  mem-estimate=34.00MB mem-reservation=34.00MB spill-buffer=2.00MB thread-reservation=0 cost=360000
|  |
|  117:EXCHANGE [BROADCAST]
|  |  mem-estimate=5.57MB mem-reservation=0B thread-reservation=0
|  |  tuple-ids=33 row-size=16B cardinality=360.00K cost=478440
|  |  in pipelines: 31(GETNEXT)
|  |
|  F21:PLAN FRAGMENT [RANDOM] hosts=4 instances=4
|  Per-Instance Resources: mem-estimate=16.08MB mem-reservation=512.00KB thread-reservation=1
|  max-parallelism=4 segment-costs=[106272]
|  31:SCAN HDFS [tpcds_partitioned_parquet_snap.item, RANDOM]
|     HDFS partitions=1/1 files=1 size=33.54MB
|     runtime filters: RF003[min_max] -> tpcds_partitioned_parquet_snap.item_3.i_brand_id, RF004[min_max] -> tpcds_partitioned_parquet_snap.item_3.i_category_id, RF005[min_max] -> tpcds_partitioned_parquet_snap.item_3.i_class_id
|     stored statistics:
|       table: rows=360.00K size=33.54MB
|       columns: all
|     extrapolated-rows=disabled max-scan-range-rows=101.54K
|     mem-estimate=16.00MB mem-reservation=512.00KB thread-reservation=0
|     tuple-ids=33 row-size=16B cardinality=360.00K cost=82944
|     in pipelines: 31(GETNEXT)
|
30:HASH JOIN [INNER JOIN, BROADCAST]
|  hash-table-id=21
|  hash predicates: tpcds_partitioned_parquet_snap.store_sales.ss_sold_date_sk = tpcds_partitioned_parquet_snap.date_dim_2.d_date_sk
|  fk/pk conjuncts: tpcds_partitioned_parquet_snap.store_sales.ss_sold_date_sk = tpcds_partitioned_parquet_snap.date_dim_2.d_date_sk
|  mem-estimate=0B mem-reservation=0B spill-buffer=64.00KB thread-reservation=0
|  tuple-ids=0,29,31 row-size=40B cardinality=3.31M cost=9105452
|  in pipelines: 00(GETNEXT), 26(OPEN)
|
|--F86:PLAN FRAGMENT [RANDOM] hosts=10 instances=10
|  |  Per-Instance Resources: mem-estimate=2.95MB mem-reservation=2.94MB thread-reservation=1 runtime-filters-memory=1.00MB
|  |  max-parallelism=10 segment-costs=[7] cpu-comparison-result=11 [max(11 (self) vs 2 (sum children))]
|  JOIN BUILD
|  |  join-table-id=21 plan-id=22 cohort-id=01
|  |  build expressions: tpcds_partitioned_parquet_snap.date_dim_2.d_date_sk
|  |  runtime filters: RF008[bloom] <- tpcds_partitioned_parquet_snap.date_dim_2.d_date_sk
|  |  mem-estimate=1.94MB mem-reservation=1.94MB spill-buffer=64.00KB thread-reservation=0 cost=7
|  |
|  116:EXCHANGE [BROADCAST]
|  |  mem-estimate=16.00KB mem-reservation=0B thread-reservation=0
|  |  tuple-ids=29,31 row-size=24B cardinality=7 cost=0
|  |  in pipelines: 26(GETNEXT)
|  |
|  F18:PLAN FRAGMENT [RANDOM] hosts=1 instances=1
|  Per-Host Shared Resources: mem-estimate=1.00MB mem-reservation=1.00MB thread-reservation=0 runtime-filters-memory=1.00MB
|  Per-Instance Resources: mem-estimate=16.12MB mem-reservation=512.00KB thread-reservation=1
|  max-parallelism=1 segment-costs=[8418]
|  29:HASH JOIN [INNER JOIN, BROADCAST]
|  |  hash-table-id=22
|  |  hash predicates: tpcds_partitioned_parquet_snap.date_dim_2.d_week_seq = tpcds_partitioned_parquet_snap.date_dim_3.d_week_seq
|  |  fk/pk conjuncts: none
|  |  mem-estimate=0B mem-reservation=0B spill-buffer=64.00KB thread-reservation=0
|  |  tuple-ids=29,31 row-size=24B cardinality=7 cost=3
|  |  in pipelines: 26(GETNEXT), 28(OPEN)
|  |
|  |--F87:PLAN FRAGMENT [RANDOM] hosts=1 instances=1
|  |  |  Per-Instance Resources: mem-estimate=2.95MB mem-reservation=2.94MB thread-reservation=1 runtime-filters-memory=1.00MB
|  |  |  max-parallelism=1 segment-costs=[1] cpu-comparison-result=2 [max(1 (self) vs 2 (sum children))]
|  |  JOIN BUILD
|  |  |  join-table-id=22 plan-id=23 cohort-id=07
|  |  |  build expressions: tpcds_partitioned_parquet_snap.date_dim_3.d_week_seq
|  |  |  runtime filters: RF030[bloom] <- tpcds_partitioned_parquet_snap.date_dim_3.d_week_seq, RF031[min_max] <- tpcds_partitioned_parquet_snap.date_dim_3.d_week_seq
|  |  |  mem-estimate=1.94MB mem-reservation=1.94MB spill-buffer=64.00KB thread-reservation=0 cost=1
|  |  |
|  |  115:EXCHANGE [BROADCAST]
|  |  |  mem-estimate=16.00KB mem-reservation=0B thread-reservation=0
|  |  |  tuple-ids=31 row-size=16B cardinality=1 cost=0
|  |  |  in pipelines: 28(GETNEXT)
|  |  |
|  |  F20:PLAN FRAGMENT [UNPARTITIONED] hosts=1 instances=1
|  |  Per-Instance Resources: mem-estimate=80.00KB mem-reservation=0B thread-reservation=1
|  |  max-parallelism=1 segment-costs=[5, 0]
|  |  28:CARDINALITY CHECK
|  |  |  limit: 1
|  |  |  mem-estimate=0B mem-reservation=0B thread-reservation=0
|  |  |  tuple-ids=31 row-size=16B cardinality=1 cost=0
|  |  |  in pipelines: 28(GETNEXT), 27(OPEN)
|  |  |
|  |  114:EXCHANGE [UNPARTITIONED]
|  |  |  limit: 2
|  |  |  mem-estimate=16.00KB mem-reservation=0B thread-reservation=0
|  |  |  tuple-ids=31 row-size=16B cardinality=2 cost=5
|  |  |  in pipelines: 27(GETNEXT)
|  |  |
|  |  F19:PLAN FRAGMENT [RANDOM] hosts=1 instances=1
|  |  Per-Instance Resources: mem-estimate=16.08MB mem-reservation=512.00KB thread-reservation=1
|  |  max-parallelism=1 segment-costs=[22991]
|  |  27:SCAN HDFS [tpcds_partitioned_parquet_snap.date_dim, RANDOM]
|  |     HDFS partitions=1/1 files=1 size=2.17MB
|  |     predicates: tpcds_partitioned_parquet_snap.date_dim_3.d_year = add(CAST(1998 AS INT), CAST(1 AS INT)), tpcds_partitioned_parquet_snap.date_dim_3.d_dom = CAST(20 AS INT), tpcds_partitioned_parquet_snap.date_dim_3.d_moy = CAST(12 AS INT)
|  |     stored statistics:
|  |       table: rows=73.05K size=2.17MB
|  |       columns: all
|  |     extrapolated-rows=disabled max-scan-range-rows=73.05K
|  |     parquet statistics predicates: tpcds_partitioned_parquet_snap.date_dim_3.d_year = add(CAST(1998 AS INT), CAST(1 AS INT)), tpcds_partitioned_parquet_snap.date_dim_3.d_dom = CAST(20 AS INT), tpcds_partitioned_parquet_snap.date_dim_3.d_moy = CAST(12 AS INT)
|  |     parquet dictionary predicates: tpcds_partitioned_parquet_snap.date_dim_3.d_year = add(CAST(1998 AS INT), CAST(1 AS INT)), tpcds_partitioned_parquet_snap.date_dim_3.d_dom = CAST(20 AS INT), tpcds_partitioned_parquet_snap.date_dim_3.d_moy = CAST(12 AS INT)
|  |     limit: 2
|  |     mem-estimate=16.00MB mem-reservation=512.00KB thread-reservation=0
|  |     tuple-ids=31 row-size=16B cardinality=29 cost=22988
|  |     in pipelines: 27(GETNEXT)
|  |
|  26:SCAN HDFS [tpcds_partitioned_parquet_snap.date_dim, RANDOM]
|     HDFS partitions=1/1 files=1 size=2.17MB
|     runtime filters: RF031[min_max] -> tpcds_partitioned_parquet_snap.date_dim_2.d_week_seq, RF030[bloom] -> tpcds_partitioned_parquet_snap.date_dim_2.d_week_seq
|     stored statistics:
|       table: rows=73.05K size=2.17MB
|       columns: all
|     extrapolated-rows=disabled max-scan-range-rows=73.05K
|     mem-estimate=16.00MB mem-reservation=512.00KB thread-reservation=0
|     tuple-ids=29 row-size=8B cardinality=7(filtered from 73.05K) cost=8415
|     in pipelines: 26(GETNEXT)
|
25:HASH JOIN [LEFT SEMI JOIN, BROADCAST]
|  hash-table-id=23
|  hash predicates: tpcds_partitioned_parquet_snap.store_sales.ss_item_sk = tpcds_partitioned_parquet_snap.item.i_item_sk
|  mem-estimate=0B mem-reservation=0B spill-buffer=128.00KB thread-reservation=0
|  tuple-ids=0 row-size=16B cardinality=33.16M(filtered from 863.56M) cost=164982323
|  in pipelines: 00(GETNEXT), 111(OPEN)
|
|--F88:PLAN FRAGMENT [RANDOM] hosts=10 instances=10
|  |  Per-Instance Resources: mem-estimate=4.54MB mem-reservation=2.88MB thread-reservation=1
|  |  max-parallelism=10 segment-costs=[83840] cpu-comparison-result=374 [max(10 (self) vs 374 (sum children))]
|  JOIN BUILD
|  |  join-table-id=23 plan-id=24 cohort-id=01
|  |  build expressions: tpcds_partitioned_parquet_snap.item.i_item_sk
|  |  runtime filters: RF011[min_max] <- tpcds_partitioned_parquet_snap.item.i_item_sk
|  |  mem-estimate=2.88MB mem-reservation=2.88MB spill-buffer=128.00KB thread-reservation=0 cost=36000
|  |
|  113:EXCHANGE [BROADCAST]
|  |  mem-estimate=1.67MB mem-reservation=0B thread-reservation=0
|  |  tuple-ids=28,2 row-size=36B cardinality=36.00K cost=47840
|  |  in pipelines: 111(GETNEXT)
|  |
|  F16:PLAN FRAGMENT [HASH(BRAND_ID,CLASS_ID,CATEGORY_ID)] hosts=10 instances=10 (adjusted from 120)
|  Per-Instance Resources: mem-estimate=131.67MB mem-reservation=34.00MB thread-reservation=1
|  max-parallelism=10 segment-costs=[2731445, 126325] cpu-comparison-result=374 [max(10 (self) vs 374 (sum children))]
|  24:HASH JOIN [INNER JOIN, PARTITIONED]
|  |  hash-table-id=24
|  |  hash predicates: BRAND_ID = tpcds_partitioned_parquet_snap.item.i_brand_id, CATEGORY_ID = tpcds_partitioned_parquet_snap.item.i_category_id, CLASS_ID = tpcds_partitioned_parquet_snap.item.i_class_id
|  |  fk/pk conjuncts: assumed fk/pk
|  |  mem-estimate=0B mem-reservation=0B spill-buffer=64.00KB thread-reservation=0
|  |  tuple-ids=28,2 row-size=36B cardinality=36.00K cost=121271
|  |  in pipelines: 111(GETNEXT), 01(OPEN)
|  |
|  |--F89:PLAN FRAGMENT [HASH(BRAND_ID,CLASS_ID,CATEGORY_ID)] hosts=10 instances=10 (adjusted from 120)
|  |  |  Per-Instance Resources: mem-estimate=5.15MB mem-reservation=4.94MB thread-reservation=1 runtime-filters-memory=3.00MB
|  |  |  max-parallelism=10 segment-costs=[42649]
|  |  JOIN BUILD
|  |  |  join-table-id=24 plan-id=25 cohort-id=08
|  |  |  build expressions: tpcds_partitioned_parquet_snap.item.i_brand_id, tpcds_partitioned_parquet_snap.item.i_category_id, tpcds_partitioned_parquet_snap.item.i_class_id
|  |  |  runtime filters: RF012[bloom] <- tpcds_partitioned_parquet_snap.item.i_brand_id, RF013[bloom] <- tpcds_partitioned_parquet_snap.item.i_category_id, RF014[bloom] <- tpcds_partitioned_parquet_snap.item.i_class_id, RF015[min_max] <- tpcds_partitioned_parquet_snap.item.i_brand_id, RF016[min_max] <- tpcds_partitioned_parquet_snap.item.i_category_id, RF017[min_max] <- tpcds_partitioned_parquet_snap.item.i_class_id
|  |  |  mem-estimate=1.94MB mem-reservation=1.94MB spill-buffer=64.00KB thread-reservation=0 cost=36000
|  |  |
|  |  112:EXCHANGE [HASH(tpcds_partitioned_parquet_snap.item.i_brand_id,tpcds_partitioned_parquet_snap.item.i_class_id,tpcds_partitioned_parquet_snap.item.i_category_id)]
|  |  |  mem-estimate=220.62KB mem-reservation=0B thread-reservation=0
|  |  |  tuple-ids=2 row-size=16B cardinality=36.00K cost=6649
|  |  |  in pipelines: 01(GETNEXT)
|  |  |
|  |  F17:PLAN FRAGMENT [RANDOM] hosts=4 instances=4
|  |  Per-Instance Resources: mem-estimate=16.78MB mem-reservation=512.00KB thread-reservation=1
|  |  max-parallelism=4 segment-costs=[148701]
|  |  01:SCAN HDFS [tpcds_partitioned_parquet_snap.item, RANDOM]
|  |     HDFS partitions=1/1 files=1 size=33.54MB
|  |     predicates: is_not_null_pred(tpcds_partitioned_parquet_snap.item.i_item_sk)
|  |     runtime filters: RF007[min_max] -> tpcds_partitioned_parquet_snap.item.i_item_sk
|  |     stored statistics:
|  |       table: rows=360.00K size=33.54MB
|  |       columns: all
|  |     extrapolated-rows=disabled max-scan-range-rows=101.54K
|  |     parquet dictionary predicates: is_not_null_pred(tpcds_partitioned_parquet_snap.item.i_item_sk)
|  |     mem-estimate=16.00MB mem-reservation=512.00KB thread-reservation=0
|  |     tuple-ids=2 row-size=16B cardinality=36.00K cost=93060
|  |     in pipelines: 01(GETNEXT)
|  |
|  111:AGGREGATE [FINALIZE]
|  |  output: count:merge()
|  |  group by: BRAND_ID, CLASS_ID, CATEGORY_ID
|  |  having: count() = CAST(2 AS BIGINT)
|  |  mem-estimate=128.00MB mem-reservation=34.00MB spill-buffer=2.00MB thread-reservation=0
|  |  tuple-ids=28 row-size=20B cardinality=447.36K cost=2640587
|  |  in pipelines: 111(GETNEXT), 99(OPEN), 109(OPEN)
|  |
|  110:EXCHANGE [HASH(BRAND_ID,CLASS_ID,CATEGORY_ID)]
|  |  mem-estimate=3.67MB mem-reservation=0B thread-reservation=0
|  |  tuple-ids=28 row-size=20B cardinality=447.36K cost=90858
|  |  in pipelines: 99(GETNEXT), 109(GETNEXT)
|  |
|  F15:PLAN FRAGMENT [RANDOM] hosts=10 instances=120
|  Per-Instance Resources: mem-estimate=260.32MB mem-reservation=68.00MB thread-reservation=1
|  max-parallelism=120 segment-costs=[28239822, 1820963, 2659596, 806679] cpu-comparison-result=360 [max(120 (self) vs 360 (sum children))]
|  23:AGGREGATE [STREAMING]
|  |  output: count()
|  |  group by: BRAND_ID, CLASS_ID, CATEGORY_ID
|  |  mem-estimate=128.00MB mem-reservation=34.00MB spill-buffer=2.00MB thread-reservation=0
|  |  tuple-ids=28 row-size=20B cardinality=447.36K cost=2640587
|  |  in pipelines: 99(GETNEXT), 109(GETNEXT)
|  |
|  02:UNION
|  |  pass-through-operands: 99
|  |  mem-estimate=0B mem-reservation=0B thread-reservation=0
|  |  tuple-ids=27 row-size=12B cardinality=447.36K cost=19009
|  |  in pipelines: 99(GETNEXT), 109(GETNEXT)
|  |
|  |--109:AGGREGATE [FINALIZE]
|  |  |  output: count:merge()
|  |  |  group by: BRAND_ID, CLASS_ID, CATEGORY_ID
|  |  |  having: count() = CAST(2 AS BIGINT)
|  |  |  mem-estimate=128.00MB mem-reservation=34.00MB spill-buffer=2.00MB thread-reservation=0
|  |  |  tuple-ids=19 row-size=20B cardinality=298.24K cost=1760391
|  |  |  in pipelines: 109(GETNEXT), 103(OPEN), 107(OPEN)
|  |  |
|  |  108:EXCHANGE [HASH(BRAND_ID,CLASS_ID,CATEGORY_ID)]
|  |  |  mem-estimate=3.38MB mem-reservation=0B thread-reservation=0
|  |  |  tuple-ids=19 row-size=20B cardinality=298.24K cost=60572
|  |  |  in pipelines: 103(GETNEXT), 107(GETNEXT)
|  |  |
|  |  F13:PLAN FRAGMENT [RANDOM] hosts=10 instances=120
|  |  Per-Instance Resources: mem-estimate=161.12MB mem-reservation=38.75MB thread-reservation=1
|  |  max-parallelism=120 segment-costs=[28239822, 28239822, 1760391, 537786] cpu-comparison-result=240 [max(120 (self) vs 240 (sum children))]
|  |  16:AGGREGATE [STREAMING]
|  |  |  output: count()
|  |  |  group by: BRAND_ID, CLASS_ID, CATEGORY_ID
|  |  |  mem-estimate=128.00MB mem-reservation=34.00MB spill-buffer=2.00MB thread-reservation=0
|  |  |  tuple-ids=19 row-size=20B cardinality=298.24K cost=1760391
|  |  |  in pipelines: 103(GETNEXT), 107(GETNEXT)
|  |  |
|  |  03:UNION
|  |  |  pass-through-operands: all
|  |  |  mem-estimate=0B mem-reservation=0B thread-reservation=0
|  |  |  tuple-ids=18 row-size=12B cardinality=298.24K cost=0
|  |  |  in pipelines: 103(GETNEXT), 107(GETNEXT)
|  |  |
|  |  |--107:AGGREGATE [FINALIZE]
|  |  |  |  group by: tpcds_partitioned_parquet_snap.item_1.i_brand_id, tpcds_partitioned_parquet_snap.item_1.i_class_id, tpcds_partitioned_parquet_snap.item_1.i_category_id
|  |  |  |  mem-estimate=10.00MB mem-reservation=4.75MB spill-buffer=256.00KB thread-reservation=0
|  |  |  |  tuple-ids=17 row-size=12B cardinality=149.12K cost=25263984
|  |  |  |  in pipelines: 107(GETNEXT), 10(OPEN)
|  |  |  |
|  |  |  106:EXCHANGE [HASH(tpcds_partitioned_parquet_snap.item_1.i_brand_id,tpcds_partitioned_parquet_snap.item_1.i_class_id,tpcds_partitioned_parquet_snap.item_1.i_category_id)]
|  |  |  |  mem-estimate=11.88MB mem-reservation=0B thread-reservation=0
|  |  |  |  tuple-ids=17 row-size=12B cardinality=17.89M cost=2975838
|  |  |  |  in pipelines: 10(GETNEXT)
|  |  |  |
|  |  |  F09:PLAN FRAGMENT [RANDOM] hosts=10 instances=120
|  |  |  Per-Instance Resources: mem-estimate=33.50MB mem-reservation=6.00MB thread-reservation=1
|  |  |  max-parallelism=1030 segment-costs=[10292257811, 23047987] cpu-comparison-result=120 [max(120 (self) vs 25 (sum children))]
|  |  |  15:AGGREGATE [STREAMING]
|  |  |  |  group by: tpcds_partitioned_parquet_snap.item_1.i_brand_id, tpcds_partitioned_parquet_snap.item_1.i_class_id, tpcds_partitioned_parquet_snap.item_1.i_category_id
|  |  |  |  mem-estimate=10.00MB mem-reservation=5.00MB spill-buffer=256.00KB thread-reservation=0
|  |  |  |  tuple-ids=17 row-size=12B cardinality=17.89M cost=6014287315
|  |  |  |  in pipelines: 10(GETNEXT)
|  |  |  |
|  |  |  14:HASH JOIN [INNER JOIN, BROADCAST]
|  |  |  |  hash-table-id=29
|  |  |  |  hash predicates: tpcds_partitioned_parquet_snap.catalog_sales.cs_item_sk = tpcds_partitioned_parquet_snap.item_1.i_item_sk
|  |  |  |  fk/pk conjuncts: tpcds_partitioned_parquet_snap.catalog_sales.cs_item_sk = tpcds_partitioned_parquet_snap.item_1.i_item_sk
|  |  |  |  mem-estimate=0B mem-reservation=0B spill-buffer=2.00MB thread-reservation=0
|  |  |  |  tuple-ids=11,13,15 row-size=32B cardinality=4.32G cost=1889953155
|  |  |  |  in pipelines: 10(GETNEXT), 13(OPEN)
|  |  |  |
|  |  |  |--F94:PLAN FRAGMENT [RANDOM] hosts=10 instances=10
|  |  |  |  |  Per-Instance Resources: mem-estimate=413.57MB mem-reservation=408.00MB thread-reservation=1
|  |  |  |  |  max-parallelism=10 segment-costs=[838440]
|  |  |  |  JOIN BUILD
|  |  |  |  |  join-table-id=29 plan-id=30 cohort-id=08
|  |  |  |  |  build expressions: tpcds_partitioned_parquet_snap.item_1.i_item_sk
|  |  |  |  |  runtime filters: RF027[min_max] <- tpcds_partitioned_parquet_snap.item_1.i_item_sk
|  |  |  |  |  mem-estimate=408.00MB mem-reservation=408.00MB spill-buffer=2.00MB thread-reservation=0 cost=360000
|  |  |  |  |
|  |  |  |  105:EXCHANGE [BROADCAST]
|  |  |  |  |  mem-estimate=5.57MB mem-reservation=0B thread-reservation=0
|  |  |  |  |  tuple-ids=15 row-size=16B cardinality=360.00K cost=478440
|  |  |  |  |  in pipelines: 13(GETNEXT)
|  |  |  |  |
|  |  |  |  F11:PLAN FRAGMENT [RANDOM] hosts=4 instances=4
|  |  |  |  Per-Host Shared Resources: mem-estimate=3.00MB mem-reservation=3.00MB thread-reservation=0 runtime-filters-memory=3.00MB
|  |  |  |  Per-Instance Resources: mem-estimate=16.08MB mem-reservation=512.00KB thread-reservation=1
|  |  |  |  max-parallelism=4 segment-costs=[106272]
|  |  |  |  13:SCAN HDFS [tpcds_partitioned_parquet_snap.item, RANDOM]
|  |  |  |     HDFS partitions=1/1 files=1 size=33.54MB
|  |  |  |     runtime filters: RF015[min_max] -> tpcds_partitioned_parquet_snap.item_1.i_brand_id, RF016[min_max] -> tpcds_partitioned_parquet_snap.item_1.i_category_id, RF017[min_max] -> tpcds_partitioned_parquet_snap.item_1.i_class_id, RF012[bloom] -> tpcds_partitioned_parquet_snap.item_1.i_brand_id, RF013[bloom] -> tpcds_partitioned_parquet_snap.item_1.i_category_id, RF014[bloom] -> tpcds_partitioned_parquet_snap.item_1.i_class_id
|  |  |  |     stored statistics:
|  |  |  |       table: rows=360.00K size=33.54MB
|  |  |  |       columns: all
|  |  |  |     extrapolated-rows=disabled max-scan-range-rows=101.54K
|  |  |  |     mem-estimate=16.00MB mem-reservation=512.00KB thread-reservation=0
|  |  |  |     tuple-ids=15 row-size=16B cardinality=360.00K cost=82944
|  |  |  |     in pipelines: 13(GETNEXT)
|  |  |  |
|  |  |  12:HASH JOIN [INNER JOIN, BROADCAST]
|  |  |  |  hash-table-id=30
|  |  |  |  hash predicates: tpcds_partitioned_parquet_snap.catalog_sales.cs_sold_date_sk = tpcds_partitioned_parquet_snap.date_dim_0.d_date_sk
|  |  |  |  fk/pk conjuncts: tpcds_partitioned_parquet_snap.catalog_sales.cs_sold_date_sk = tpcds_partitioned_parquet_snap.date_dim_0.d_date_sk
|  |  |  |  mem-estimate=0B mem-reservation=0B spill-buffer=64.00KB thread-reservation=0
|  |  |  |  tuple-ids=11,13 row-size=16B cardinality=4.32G(filtered from 4.32G) cost=1890344358
|  |  |  |  in pipelines: 10(GETNEXT), 11(OPEN)
|  |  |  |
|  |  |  |--F95:PLAN FRAGMENT [RANDOM] hosts=10 instances=10
|  |  |  |  |  Per-Instance Resources: mem-estimate=23.32MB mem-reservation=23.25MB thread-reservation=1
|  |  |  |  |  max-parallelism=10 segment-costs=[17005]
|  |  |  |  JOIN BUILD
|  |  |  |  |  join-table-id=30 plan-id=31 cohort-id=08
|  |  |  |  |  build expressions: tpcds_partitioned_parquet_snap.date_dim_0.d_date_sk
|  |  |  |  |  mem-estimate=23.25MB mem-reservation=23.25MB spill-buffer=64.00KB thread-reservation=0 cost=7305
|  |  |  |  |
|  |  |  |  104:EXCHANGE [BROADCAST]
|  |  |  |  |  mem-estimate=69.07KB mem-reservation=0B thread-reservation=0
|  |  |  |  |  tuple-ids=13 row-size=8B cardinality=7.30K cost=9700
|  |  |  |  |  in pipelines: 11(GETNEXT)
|  |  |  |  |
|  |  |  |  F10:PLAN FRAGMENT [RANDOM] hosts=1 instances=1
|  |  |  |  Per-Instance Resources: mem-estimate=16.05MB mem-reservation=512.00KB thread-reservation=1
|  |  |  |  max-parallelism=1 segment-costs=[12835]
|  |  |  |  11:SCAN HDFS [tpcds_partitioned_parquet_snap.date_dim, RANDOM]
|  |  |  |     HDFS partitions=1/1 files=1 size=2.17MB
|  |  |  |     predicates: tpcds_partitioned_parquet_snap.date_dim_0.d_year <= add(CAST(1998 AS INT), CAST(2 AS INT)), tpcds_partitioned_parquet_snap.date_dim_0.d_year >= CAST(1998 AS INT)
|  |  |  |     stored statistics:
|  |  |  |       table: rows=73.05K size=2.17MB
|  |  |  |       columns: all
|  |  |  |     extrapolated-rows=disabled max-scan-range-rows=73.05K
|  |  |  |     parquet statistics predicates: tpcds_partitioned_parquet_snap.date_dim_0.d_year <= add(CAST(1998 AS INT), CAST(2 AS INT)), tpcds_partitioned_parquet_snap.date_dim_0.d_year >= CAST(1998 AS INT)
|  |  |  |     parquet dictionary predicates: tpcds_partitioned_parquet_snap.date_dim_0.d_year <= add(CAST(1998 AS INT), CAST(2 AS INT)), tpcds_partitioned_parquet_snap.date_dim_0.d_year >= CAST(1998 AS INT)
|  |  |  |     mem-estimate=16.00MB mem-reservation=512.00KB thread-reservation=0
|  |  |  |     tuple-ids=13 row-size=8B cardinality=7.30K cost=12520
|  |  |  |     in pipelines: 11(GETNEXT)
|  |  |  |
|  |  |  10:SCAN HDFS [tpcds_partitioned_parquet_snap.catalog_sales, RANDOM]
|  |  |     HDFS partitions=1831/1831 files=1831 size=280.96GB
|  |  |     runtime filters: RF027[min_max] -> tpcds_partitioned_parquet_snap.catalog_sales.cs_item_sk
|  |  |     stored statistics:
|  |  |       table: rows=4.32G size=280.96GB
|  |  |       partitions: 1831/1831 rows=4.32G
|  |  |       columns: all
|  |  |     extrapolated-rows=disabled max-scan-range-rows=21.52M
|  |  |     mem-estimate=16.00MB mem-reservation=1.00MB thread-reservation=0
|  |  |     tuple-ids=11 row-size=8B cardinality=4.32G(filtered from 4.32G) cost=497672983
|  |  |     in pipelines: 10(GETNEXT)
|  |  |
|  |  103:AGGREGATE [FINALIZE]
|  |  |  group by: tpcds_partitioned_parquet_snap.item_0.i_brand_id, tpcds_partitioned_parquet_snap.item_0.i_class_id, tpcds_partitioned_parquet_snap.item_0.i_category_id
|  |  |  mem-estimate=10.00MB mem-reservation=4.75MB spill-buffer=256.00KB thread-reservation=0
|  |  |  tuple-ids=10 row-size=12B cardinality=149.12K cost=25263984
|  |  |  in pipelines: 103(GETNEXT), 04(OPEN)
|  |  |
|  |  102:EXCHANGE [HASH(tpcds_partitioned_parquet_snap.item_0.i_brand_id,tpcds_partitioned_parquet_snap.item_0.i_class_id,tpcds_partitioned_parquet_snap.item_0.i_category_id)]
|  |  |  mem-estimate=11.88MB mem-reservation=0B thread-reservation=0
|  |  |  tuple-ids=10 row-size=12B cardinality=17.89M cost=2975838
|  |  |  in pipelines: 04(GETNEXT)
|  |  |
|  |  F05:PLAN FRAGMENT [RANDOM] hosts=10 instances=120
|  |  Per-Instance Resources: mem-estimate=33.50MB mem-reservation=9.00MB thread-reservation=1
|  |  max-parallelism=1824 segment-costs=[20502959018, 23047987] cpu-comparison-result=120 [max(120 (self) vs 25 (sum children))]
|  |  09:AGGREGATE [STREAMING]
|  |  |  group by: tpcds_partitioned_parquet_snap.item_0.i_brand_id, tpcds_partitioned_parquet_snap.item_0.i_class_id, tpcds_partitioned_parquet_snap.item_0.i_category_id
|  |  |  mem-estimate=10.00MB mem-reservation=5.00MB spill-buffer=256.00KB thread-reservation=0
|  |  |  tuple-ids=10 row-size=12B cardinality=17.89M cost=11947236639
|  |  |  in pipelines: 04(GETNEXT)
|  |  |
|  |  08:HASH JOIN [INNER JOIN, BROADCAST]
|  |  |  hash-table-id=27
|  |  |  hash predicates: tpcds_partitioned_parquet_snap.store_sales_0.ss_item_sk = tpcds_partitioned_parquet_snap.item_0.i_item_sk
|  |  |  fk/pk conjuncts: tpcds_partitioned_parquet_snap.store_sales_0.ss_item_sk = tpcds_partitioned_parquet_snap.item_0.i_item_sk
|  |  |  mem-estimate=0B mem-reservation=0B spill-buffer=2.00MB thread-reservation=0
|  |  |  tuple-ids=4,6,8 row-size=32B cardinality=8.64G cost=3779809729
|  |  |  in pipelines: 04(GETNEXT), 07(OPEN)
|  |  |
|  |  |--F92:PLAN FRAGMENT [RANDOM] hosts=10 instances=10
|  |  |  |  Per-Instance Resources: mem-estimate=413.57MB mem-reservation=408.00MB thread-reservation=1
|  |  |  |  max-parallelism=10 segment-costs=[838440]
|  |  |  JOIN BUILD
|  |  |  |  join-table-id=27 plan-id=28 cohort-id=08
|  |  |  |  build expressions: tpcds_partitioned_parquet_snap.item_0.i_item_sk
|  |  |  |  runtime filters: RF023[min_max] <- tpcds_partitioned_parquet_snap.item_0.i_item_sk
|  |  |  |  mem-estimate=408.00MB mem-reservation=408.00MB spill-buffer=2.00MB thread-reservation=0 cost=360000
|  |  |  |
|  |  |  101:EXCHANGE [BROADCAST]
|  |  |  |  mem-estimate=5.57MB mem-reservation=0B thread-reservation=0
|  |  |  |  tuple-ids=8 row-size=16B cardinality=360.00K cost=478440
|  |  |  |  in pipelines: 07(GETNEXT)
|  |  |  |
|  |  |  F07:PLAN FRAGMENT [RANDOM] hosts=4 instances=4
|  |  |  Per-Host Shared Resources: mem-estimate=3.00MB mem-reservation=3.00MB thread-reservation=0 runtime-filters-memory=3.00MB
|  |  |  Per-Instance Resources: mem-estimate=16.08MB mem-reservation=512.00KB thread-reservation=1
|  |  |  max-parallelism=4 segment-costs=[106272]
|  |  |  07:SCAN HDFS [tpcds_partitioned_parquet_snap.item, RANDOM]
|  |  |     HDFS partitions=1/1 files=1 size=33.54MB
|  |  |     runtime filters: RF015[min_max] -> tpcds_partitioned_parquet_snap.item_0.i_brand_id, RF016[min_max] -> tpcds_partitioned_parquet_snap.item_0.i_category_id, RF017[min_max] -> tpcds_partitioned_parquet_snap.item_0.i_class_id, RF012[bloom] -> tpcds_partitioned_parquet_snap.item_0.i_brand_id, RF013[bloom] -> tpcds_partitioned_parquet_snap.item_0.i_category_id, RF014[bloom] -> tpcds_partitioned_parquet_snap.item_0.i_class_id
|  |  |     stored statistics:
|  |  |       table: rows=360.00K size=33.54MB
|  |  |       columns: all
|  |  |     extrapolated-rows=disabled max-scan-range-rows=101.54K
|  |  |     mem-estimate=16.00MB mem-reservation=512.00KB thread-reservation=0
|  |  |     tuple-ids=8 row-size=16B cardinality=360.00K cost=82944
|  |  |     in pipelines: 07(GETNEXT)
|  |  |
|  |  06:HASH JOIN [INNER JOIN, BROADCAST]
|  |  |  hash-table-id=28
|  |  |  hash predicates: tpcds_partitioned_parquet_snap.store_sales_0.ss_sold_date_sk = tpcds_partitioned_parquet_snap.date_dim.d_date_sk
|  |  |  fk/pk conjuncts: tpcds_partitioned_parquet_snap.store_sales_0.ss_sold_date_sk = tpcds_partitioned_parquet_snap.date_dim.d_date_sk
|  |  |  mem-estimate=0B mem-reservation=0B spill-buffer=64.00KB thread-reservation=0
|  |  |  tuple-ids=4,6 row-size=16B cardinality=8.64G(filtered from 8.64G) cost=3780592116
|  |  |  in pipelines: 04(GETNEXT), 05(OPEN)
|  |  |
|  |  |--F93:PLAN FRAGMENT [RANDOM] hosts=10 instances=10
|  |  |  |  Per-Instance Resources: mem-estimate=23.32MB mem-reservation=23.25MB thread-reservation=1
|  |  |  |  max-parallelism=10 segment-costs=[17005]
|  |  |  JOIN BUILD
|  |  |  |  join-table-id=28 plan-id=29 cohort-id=08
|  |  |  |  build expressions: tpcds_partitioned_parquet_snap.date_dim.d_date_sk
|  |  |  |  mem-estimate=23.25MB mem-reservation=23.25MB spill-buffer=64.00KB thread-reservation=0 cost=7305
|  |  |  |
|  |  |  100:EXCHANGE [BROADCAST]
|  |  |  |  mem-estimate=69.07KB mem-reservation=0B thread-reservation=0
|  |  |  |  tuple-ids=6 row-size=8B cardinality=7.30K cost=9700
|  |  |  |  in pipelines: 05(GETNEXT)
|  |  |  |
|  |  |  F06:PLAN FRAGMENT [RANDOM] hosts=1 instances=1
|  |  |  Per-Instance Resources: mem-estimate=16.05MB mem-reservation=512.00KB thread-reservation=1
|  |  |  max-parallelism=1 segment-costs=[12835]
|  |  |  05:SCAN HDFS [tpcds_partitioned_parquet_snap.date_dim, RANDOM]
|  |  |     HDFS partitions=1/1 files=1 size=2.17MB
|  |  |     predicates: tpcds_partitioned_parquet_snap.date_dim.d_year <= add(CAST(1998 AS INT), CAST(2 AS INT)), tpcds_partitioned_parquet_snap.date_dim.d_year >= CAST(1998 AS INT)
|  |  |     stored statistics:
|  |  |       table: rows=73.05K size=2.17MB
|  |  |       columns: all
|  |  |     extrapolated-rows=disabled max-scan-range-rows=73.05K
|  |  |     parquet statistics predicates: tpcds_partitioned_parquet_snap.date_dim.d_year <= add(CAST(1998 AS INT), CAST(2 AS INT)), tpcds_partitioned_parquet_snap.date_dim.d_year >= CAST(1998 AS INT)
|  |  |     parquet dictionary predicates: tpcds_partitioned_parquet_snap.date_dim.d_year <= add(CAST(1998 AS INT), CAST(2 AS INT)), tpcds_partitioned_parquet_snap.date_dim.d_year >= CAST(1998 AS INT)
|  |  |     mem-estimate=16.00MB mem-reservation=512.00KB thread-reservation=0
|  |  |     tuple-ids=6 row-size=8B cardinality=7.30K cost=12520
|  |  |     in pipelines: 05(GETNEXT)
|  |  |
|  |  04:SCAN HDFS [tpcds_partitioned_parquet_snap.store_sales, RANDOM]
|  |     HDFS partitions=1824/1824 files=1824 size=389.90GB
|  |     runtime filters: RF023[min_max] -> tpcds_partitioned_parquet_snap.store_sales_0.ss_item_sk
|  |     stored statistics:
|  |       table: rows=8.64G size=389.90GB
|  |       partitions: 1824/1824 rows=8.64G
|  |       columns: all
|  |     extrapolated-rows=disabled max-scan-range-rows=390.22M
|  |     mem-estimate=16.00MB mem-reservation=4.00MB thread-reservation=0
|  |     tuple-ids=4 row-size=8B cardinality=8.64G(filtered from 8.64G) cost=995320534
|  |     in pipelines: 04(GETNEXT)
|  |
|  99:AGGREGATE [FINALIZE]
|  |  group by: tpcds_partitioned_parquet_snap.item_2.i_brand_id, tpcds_partitioned_parquet_snap.item_2.i_class_id, tpcds_partitioned_parquet_snap.item_2.i_category_id
|  |  mem-estimate=10.00MB mem-reservation=4.75MB spill-buffer=256.00KB thread-reservation=0
|  |  tuple-ids=26 row-size=12B cardinality=149.12K cost=25263984
|  |  in pipelines: 99(GETNEXT), 17(OPEN)
|  |
|  98:EXCHANGE [HASH(tpcds_partitioned_parquet_snap.item_2.i_brand_id,tpcds_partitioned_parquet_snap.item_2.i_class_id,tpcds_partitioned_parquet_snap.item_2.i_category_id)]
|  |  mem-estimate=11.88MB mem-reservation=0B thread-reservation=0
|  |  tuple-ids=26 row-size=12B cardinality=17.89M cost=2975838
|  |  in pipelines: 17(GETNEXT)
|  |
|  F01:PLAN FRAGMENT [RANDOM] hosts=10 instances=120
|  Per-Instance Resources: mem-estimate=33.50MB mem-reservation=5.12MB thread-reservation=1
|  max-parallelism=520 segment-costs=[5186478425, 23047987] cpu-comparison-result=120 [max(120 (self) vs 25 (sum children))]
|  22:AGGREGATE [STREAMING]
|  |  group by: tpcds_partitioned_parquet_snap.item_2.i_brand_id, tpcds_partitioned_parquet_snap.item_2.i_class_id, tpcds_partitioned_parquet_snap.item_2.i_category_id
|  |  mem-estimate=10.00MB mem-reservation=5.00MB spill-buffer=256.00KB thread-reservation=0
|  |  tuple-ids=26 row-size=12B cardinality=17.89M cost=3047563509
|  |  in pipelines: 17(GETNEXT)
|  |
|  21:HASH JOIN [INNER JOIN, BROADCAST]
|  |  hash-table-id=25
|  |  hash predicates: tpcds_partitioned_parquet_snap.web_sales.ws_item_sk = tpcds_partitioned_parquet_snap.item_2.i_item_sk
|  |  fk/pk conjuncts: tpcds_partitioned_parquet_snap.web_sales.ws_item_sk = tpcds_partitioned_parquet_snap.item_2.i_item_sk
|  |  mem-estimate=0B mem-reservation=0B spill-buffer=2.00MB thread-reservation=0
|  |  tuple-ids=20,22,24 row-size=32B cardinality=2.16G cost=944945506
|  |  in pipelines: 17(GETNEXT), 20(OPEN)
|  |
|  |--F90:PLAN FRAGMENT [RANDOM] hosts=10 instances=10
|  |  |  Per-Instance Resources: mem-estimate=413.57MB mem-reservation=408.00MB thread-reservation=1
|  |  |  max-parallelism=10 segment-costs=[838440]
|  |  JOIN BUILD
|  |  |  join-table-id=25 plan-id=26 cohort-id=08
|  |  |  build expressions: tpcds_partitioned_parquet_snap.item_2.i_item_sk
|  |  |  runtime filters: RF019[min_max] <- tpcds_partitioned_parquet_snap.item_2.i_item_sk
|  |  |  mem-estimate=408.00MB mem-reservation=408.00MB spill-buffer=2.00MB thread-reservation=0 cost=360000
|  |  |
|  |  97:EXCHANGE [BROADCAST]
|  |  |  mem-estimate=5.57MB mem-reservation=0B thread-reservation=0
|  |  |  tuple-ids=24 row-size=16B cardinality=360.00K cost=478440
|  |  |  in pipelines: 20(GETNEXT)
|  |  |
|  |  F03:PLAN FRAGMENT [RANDOM] hosts=4 instances=4
|  |  Per-Host Shared Resources: mem-estimate=3.00MB mem-reservation=3.00MB thread-reservation=0 runtime-filters-memory=3.00MB
|  |  Per-Instance Resources: mem-estimate=16.08MB mem-reservation=512.00KB thread-reservation=1
|  |  max-parallelism=4 segment-costs=[106272]
|  |  20:SCAN HDFS [tpcds_partitioned_parquet_snap.item, RANDOM]
|  |     HDFS partitions=1/1 files=1 size=33.54MB
|  |     runtime filters: RF015[min_max] -> tpcds_partitioned_parquet_snap.item_2.i_brand_id, RF016[min_max] -> tpcds_partitioned_parquet_snap.item_2.i_category_id, RF017[min_max] -> tpcds_partitioned_parquet_snap.item_2.i_class_id, RF012[bloom] -> tpcds_partitioned_parquet_snap.item_2.i_brand_id, RF013[bloom] -> tpcds_partitioned_parquet_snap.item_2.i_category_id, RF014[bloom] -> tpcds_partitioned_parquet_snap.item_2.i_class_id
|  |     stored statistics:
|  |       table: rows=360.00K size=33.54MB
|  |       columns: all
|  |     extrapolated-rows=disabled max-scan-range-rows=101.54K
|  |     mem-estimate=16.00MB mem-reservation=512.00KB thread-reservation=0
|  |     tuple-ids=24 row-size=16B cardinality=360.00K cost=82944
|  |     in pipelines: 20(GETNEXT)
|  |
|  19:HASH JOIN [INNER JOIN, BROADCAST]
|  |  hash-table-id=26
|  |  hash predicates: tpcds_partitioned_parquet_snap.web_sales.ws_sold_date_sk = tpcds_partitioned_parquet_snap.date_dim_1.d_date_sk
|  |  fk/pk conjuncts: tpcds_partitioned_parquet_snap.web_sales.ws_sold_date_sk = tpcds_partitioned_parquet_snap.date_dim_1.d_date_sk
|  |  mem-estimate=0B mem-reservation=0B spill-buffer=64.00KB thread-reservation=0
|  |  tuple-ids=20,22 row-size=16B cardinality=2.16G(filtered from 2.16G) cost=945141101
|  |  in pipelines: 17(GETNEXT), 18(OPEN)
|  |
|  |--F91:PLAN FRAGMENT [RANDOM] hosts=10 instances=10
|  |  |  Per-Instance Resources: mem-estimate=23.32MB mem-reservation=23.25MB thread-reservation=1
|  |  |  max-parallelism=10 segment-costs=[17005]
|  |  JOIN BUILD
|  |  |  join-table-id=26 plan-id=27 cohort-id=08
|  |  |  build expressions: tpcds_partitioned_parquet_snap.date_dim_1.d_date_sk
|  |  |  mem-estimate=23.25MB mem-reservation=23.25MB spill-buffer=64.00KB thread-reservation=0 cost=7305
|  |  |
|  |  96:EXCHANGE [BROADCAST]
|  |  |  mem-estimate=69.07KB mem-reservation=0B thread-reservation=0
|  |  |  tuple-ids=22 row-size=8B cardinality=7.30K cost=9700
|  |  |  in pipelines: 18(GETNEXT)
|  |  |
|  |  F02:PLAN FRAGMENT [RANDOM] hosts=1 instances=1
|  |  Per-Instance Resources: mem-estimate=16.05MB mem-reservation=512.00KB thread-reservation=1
|  |  max-parallelism=1 segment-costs=[12835]
|  |  18:SCAN HDFS [tpcds_partitioned_parquet_snap.date_dim, RANDOM]
|  |     HDFS partitions=1/1 files=1 size=2.17MB
|  |     predicates: tpcds_partitioned_parquet_snap.date_dim_1.d_year <= add(CAST(1998 AS INT), CAST(2 AS INT)), tpcds_partitioned_parquet_snap.date_dim_1.d_year >= CAST(1998 AS INT)
|  |     stored statistics:
|  |       table: rows=73.05K size=2.17MB
|  |       columns: all
|  |     extrapolated-rows=disabled max-scan-range-rows=73.05K
|  |     parquet statistics predicates: tpcds_partitioned_parquet_snap.date_dim_1.d_year <= add(CAST(1998 AS INT), CAST(2 AS INT)), tpcds_partitioned_parquet_snap.date_dim_1.d_year >= CAST(1998 AS INT)
|  |     parquet dictionary predicates: tpcds_partitioned_parquet_snap.date_dim_1.d_year <= add(CAST(1998 AS INT), CAST(2 AS INT)), tpcds_partitioned_parquet_snap.date_dim_1.d_year >= CAST(1998 AS INT)
|  |     mem-estimate=16.00MB mem-reservation=512.00KB thread-reservation=0
|  |     tuple-ids=22 row-size=8B cardinality=7.30K cost=12520
|  |     in pipelines: 18(GETNEXT)
|  |
|  17:SCAN HDFS [tpcds_partitioned_parquet_snap.web_sales, RANDOM]
|     HDFS partitions=1824/1824 files=1824 size=145.75GB
|     runtime filters: RF019[min_max] -> tpcds_partitioned_parquet_snap.web_sales.ws_item_sk
|     stored statistics:
|       table: rows=2.16G size=145.75GB
|       partitions: 1824/1824 rows=2.16G
|       columns: all
|     extrapolated-rows=disabled max-scan-range-rows=3.37M
|     mem-estimate=16.00MB mem-reservation=128.00KB thread-reservation=0
|     tuple-ids=20 row-size=8B cardinality=2.16G(filtered from 2.16G) cost=248828309
|     in pipelines: 17(GETNEXT)
|
00:SCAN HDFS [tpcds_partitioned_parquet_snap.store_sales, RANDOM]
   HDFS partitions=1824/1824 files=1824 size=389.90GB
   runtime filters: RF011[min_max] -> tpcds_partitioned_parquet_snap.store_sales.ss_item_sk, RF007[min_max] -> tpcds_partitioned_parquet_snap.store_sales.ss_item_sk, RF008[bloom] -> tpcds_partitioned_parquet_snap.store_sales.ss_sold_date_sk
   stored statistics:
     table: rows=8.64G size=389.90GB
     partitions: 1824/1824 rows=8.64G
     columns: all
   extrapolated-rows=disabled max-scan-range-rows=390.22M est-scan-range=7(filtered from 1824)
   mem-estimate=16.00MB mem-reservation=8.00MB thread-reservation=0
   tuple-ids=0 row-size=16B cardinality=33.16M(filtered from 8.64G) cost=7639521
   in pipelines: 00(GETNEXT)
---- PARALLELPLANS
Max Per-Host Resource Reservation: Memory=6.05GB Threads=229
Per-Host Resource Estimates: Memory=16.50GB
F66:PLAN FRAGMENT [UNPARTITIONED] hosts=1 instances=1
|  Per-Instance Resources: mem-estimate=4.65MB mem-reservation=4.00MB thread-reservation=1
|  max-parallelism=1 segment-costs=[1239] cpu-comparison-result=1038 [max(1 (self) vs 1038 (sum children))]
PLAN-ROOT SINK
|  output exprs: 'store', tpcds_partitioned_parquet_snap.item_3.i_brand_id, tpcds_partitioned_parquet_snap.item_3.i_class_id, tpcds_partitioned_parquet_snap.item_3.i_category_id, sum(multiply(tpcds_partitioned_parquet_snap.store_sales.ss_quantity, tpcds_partitioned_parquet_snap.store_sales.ss_list_price)), count(), 'store', tpcds_partitioned_parquet_snap.item_8.i_brand_id, tpcds_partitioned_parquet_snap.item_8.i_class_id, tpcds_partitioned_parquet_snap.item_8.i_category_id, sum(multiply(tpcds_partitioned_parquet_snap.store_sales_2.ss_quantity, tpcds_partitioned_parquet_snap.store_sales_2.ss_list_price)), count()
|  mem-estimate=4.00MB mem-reservation=4.00MB spill-buffer=2.00MB thread-reservation=0 cost=1200
|
158:MERGING-EXCHANGE [UNPARTITIONED]
|  order by: tpcds_partitioned_parquet_snap.item_3.i_brand_id ASC NULLS LAST, tpcds_partitioned_parquet_snap.item_3.i_class_id ASC NULLS LAST, tpcds_partitioned_parquet_snap.item_3.i_category_id ASC NULLS LAST
|  limit: 100
|  mem-estimate=668.67KB mem-reservation=0B thread-reservation=0
|  tuple-ids=104 row-size=72B cardinality=100 cost=39
|  in pipelines: 95(GETNEXT)
|
F23:PLAN FRAGMENT [HASH(tpcds_partitioned_parquet_snap.item_3.i_brand_id,tpcds_partitioned_parquet_snap.item_3.i_class_id,tpcds_partitioned_parquet_snap.item_3.i_category_id)] hosts=10 instances=90 (adjusted from 120)
Per-Instance Resources: mem-estimate=20.39MB mem-reservation=1.94MB thread-reservation=1
max-parallelism=90 segment-costs=[5878988, 847694218, 220] cpu-comparison-result=1038 [max(90 (self) vs 1038 (sum children))]
95:TOP-N [LIMIT=100]
|  order by: tpcds_partitioned_parquet_snap.item_3.i_brand_id ASC NULLS LAST, tpcds_partitioned_parquet_snap.item_3.i_class_id ASC NULLS LAST, tpcds_partitioned_parquet_snap.item_3.i_category_id ASC NULLS LAST
|  mem-estimate=7.03KB mem-reservation=0B thread-reservation=0
|  tuple-ids=104 row-size=72B cardinality=100 cost=837188295
|  in pipelines: 95(GETNEXT), 120(OPEN)
|
94:HASH JOIN [INNER JOIN, PARTITIONED]
|  hash-table-id=00
|  hash predicates: tpcds_partitioned_parquet_snap.item_3.i_brand_id = tpcds_partitioned_parquet_snap.item_8.i_brand_id, tpcds_partitioned_parquet_snap.item_3.i_category_id = tpcds_partitioned_parquet_snap.item_8.i_category_id, tpcds_partitioned_parquet_snap.item_3.i_class_id = tpcds_partitioned_parquet_snap.item_8.i_class_id
|  fk/pk conjuncts: none
|  mem-estimate=0B mem-reservation=0B spill-buffer=64.00KB thread-reservation=0
|  tuple-ids=35,51,87,103 row-size=104B cardinality=57.60M cost=10475369
|  in pipelines: 120(GETNEXT), 151(OPEN)
|
|--F67:PLAN FRAGMENT [HASH(tpcds_partitioned_parquet_snap.item_3.i_brand_id,tpcds_partitioned_parquet_snap.item_3.i_class_id,tpcds_partitioned_parquet_snap.item_3.i_category_id)] hosts=10 instances=90 (adjusted from 120)
|  |  Per-Instance Resources: mem-estimate=20.39MB mem-reservation=4.81MB thread-reservation=1
|  |  max-parallelism=90 segment-costs=[5878988, 179674] cpu-comparison-result=519 [max(90 (self) vs 519 (sum children))]
|  JOIN BUILD
|  |  join-table-id=00 plan-id=01 cohort-id=01
|  |  build expressions: tpcds_partitioned_parquet_snap.item_8.i_brand_id, tpcds_partitioned_parquet_snap.item_8.i_category_id, tpcds_partitioned_parquet_snap.item_8.i_class_id
|  |  runtime filters: RF003[min_max] <- tpcds_partitioned_parquet_snap.item_8.i_brand_id, RF004[min_max] <- tpcds_partitioned_parquet_snap.item_8.i_category_id, RF005[min_max] <- tpcds_partitioned_parquet_snap.item_8.i_class_id
|  |  mem-estimate=1.94MB mem-reservation=1.94MB spill-buffer=64.00KB thread-reservation=0 cost=149120
|  |
|  93:NESTED LOOP JOIN [INNER JOIN, BROADCAST]
|  |  join table id: 01
|  |  join predicates: sum(multiply(tpcds_partitioned_parquet_snap.store_sales_2.ss_quantity, tpcds_partitioned_parquet_snap.store_sales_2.ss_list_price)) > avg(multiply(QUANTITY, LIST_PRICE))
|  |  mem-estimate=0B mem-reservation=0B thread-reservation=0
|  |  tuple-ids=87,103 row-size=52B cardinality=149.12K cost=30554
|  |  in pipelines: 151(GETNEXT), 156(OPEN)
|  |
|  |--F68:PLAN FRAGMENT [HASH(tpcds_partitioned_parquet_snap.item_3.i_brand_id,tpcds_partitioned_parquet_snap.item_3.i_class_id,tpcds_partitioned_parquet_snap.item_3.i_category_id)] hosts=10 instances=10
|  |  |  Per-Instance Resources: mem-estimate=16.02KB mem-reservation=0B thread-reservation=1
|  |  |  max-parallelism=10 segment-costs=[0] cpu-comparison-result=120 [max(10 (self) vs 120 (sum children))]
|  |  JOIN BUILD
|  |  |  join-table-id=01 plan-id=02 cohort-id=02
|  |  |  mem-estimate=16B mem-reservation=0B thread-reservation=0 cost=0
|  |  |
|  |  157:EXCHANGE [BROADCAST]
|  |  |  mem-estimate=16.00KB mem-reservation=0B thread-reservation=0
|  |  |  tuple-ids=103 row-size=16B cardinality=1 cost=0
|  |  |  in pipelines: 156(GETNEXT)
|  |  |
|  |  F65:PLAN FRAGMENT [UNPARTITIONED] hosts=1 instances=1
|  |  Per-Instance Resources: mem-estimate=297.44KB mem-reservation=0B thread-reservation=1
|  |  max-parallelism=1 segment-costs=[30, 0] cpu-comparison-result=120 [max(1 (self) vs 120 (sum children))]
|  |  156:AGGREGATE [FINALIZE]
|  |  |  output: avg:merge(multiply(QUANTITY, LIST_PRICE))
|  |  |  mem-estimate=16.00KB mem-reservation=0B spill-buffer=2.00MB thread-reservation=0
|  |  |  tuple-ids=103 row-size=16B cardinality=1 cost=8
|  |  |  in pipelines: 156(GETNEXT), 92(OPEN)
|  |  |
|  |  155:EXCHANGE [UNPARTITIONED]
|  |  |  mem-estimate=281.44KB mem-reservation=0B thread-reservation=0
|  |  |  tuple-ids=102 row-size=16B cardinality=120 cost=22
|  |  |  in pipelines: 92(GETNEXT)
|  |  |
|  |  F64:PLAN FRAGMENT [RANDOM] hosts=10 instances=120
|  |  Per-Instance Resources: mem-estimate=16.02MB mem-reservation=8.00MB thread-reservation=1
|  |  max-parallelism=120 segment-costs=[11061173397, 185] cpu-comparison-result=120 [max(120 (self) vs 33 (sum children))]
|  |  92:AGGREGATE
|  |  |  output: avg(multiply(CAST(QUANTITY AS DECIMAL(10,0)), LIST_PRICE))
|  |  |  mem-estimate=16.00KB mem-reservation=0B spill-buffer=2.00MB thread-reservation=0
|  |  |  tuple-ids=102 row-size=16B cardinality=120 cost=1058398679
|  |  |  in pipelines: 92(GETNEXT), 83(OPEN), 86(OPEN), 89(OPEN)
|  |  |
|  |  81:UNION
|  |  |  pass-through-operands: 82
|  |  |  mem-estimate=0B mem-reservation=0B thread-reservation=0
|  |  |  tuple-ids=101 row-size=8B cardinality=15.12G cost=110287964
|  |  |  in pipelines: 83(GETNEXT), 86(GETNEXT), 89(GETNEXT)
|  |  |
|  |  |--91:HASH JOIN [INNER JOIN, BROADCAST]
|  |  |  |  hash-table-id=04
|  |  |  |  hash predicates: tpcds_partitioned_parquet_snap.web_sales_2.ws_sold_date_sk = tpcds_partitioned_parquet_snap.date_dim_14.d_date_sk
|  |  |  |  fk/pk conjuncts: tpcds_partitioned_parquet_snap.web_sales_2.ws_sold_date_sk = tpcds_partitioned_parquet_snap.date_dim_14.d_date_sk
|  |  |  |  mem-estimate=0B mem-reservation=0B spill-buffer=64.00KB thread-reservation=0
|  |  |  |  tuple-ids=97,99 row-size=20B cardinality=2.16G cost=945417979
|  |  |  |  in pipelines: 89(GETNEXT), 90(OPEN)
|  |  |  |
|  |  |  |--F71:PLAN FRAGMENT [RANDOM] hosts=10 instances=10
|  |  |  |  |  Per-Instance Resources: mem-estimate=23.32MB mem-reservation=23.25MB thread-reservation=1
|  |  |  |  |  max-parallelism=10 segment-costs=[17005]
|  |  |  |  JOIN BUILD
|  |  |  |  |  join-table-id=04 plan-id=05 cohort-id=03
|  |  |  |  |  build expressions: tpcds_partitioned_parquet_snap.date_dim_14.d_date_sk
|  |  |  |  |  mem-estimate=23.25MB mem-reservation=23.25MB spill-buffer=64.00KB thread-reservation=0 cost=7305
|  |  |  |  |
|  |  |  |  154:EXCHANGE [BROADCAST]
|  |  |  |  |  mem-estimate=69.07KB mem-reservation=0B thread-reservation=0
|  |  |  |  |  tuple-ids=99 row-size=8B cardinality=7.30K cost=9700
|  |  |  |  |  in pipelines: 90(GETNEXT)
|  |  |  |  |
|  |  |  |  F63:PLAN FRAGMENT [RANDOM] hosts=1 instances=1
|  |  |  |  Per-Instance Resources: mem-estimate=16.05MB mem-reservation=512.00KB thread-reservation=1
|  |  |  |  max-parallelism=1 segment-costs=[12835]
|  |  |  |  90:SCAN HDFS [tpcds_partitioned_parquet_snap.date_dim, RANDOM]
|  |  |  |     HDFS partitions=1/1 files=1 size=2.17MB
|  |  |  |     predicates: tpcds_partitioned_parquet_snap.date_dim_14.d_year <= add(CAST(1998 AS INT), CAST(2 AS INT)), tpcds_partitioned_parquet_snap.date_dim_14.d_year >= CAST(1998 AS INT)
|  |  |  |     stored statistics:
|  |  |  |       table: rows=73.05K size=2.17MB
|  |  |  |       columns: all
|  |  |  |     extrapolated-rows=disabled max-scan-range-rows=73.05K
|  |  |  |     parquet statistics predicates: tpcds_partitioned_parquet_snap.date_dim_14.d_year <= add(CAST(1998 AS INT), CAST(2 AS INT)), tpcds_partitioned_parquet_snap.date_dim_14.d_year >= CAST(1998 AS INT)
|  |  |  |     parquet dictionary predicates: tpcds_partitioned_parquet_snap.date_dim_14.d_year <= add(CAST(1998 AS INT), CAST(2 AS INT)), tpcds_partitioned_parquet_snap.date_dim_14.d_year >= CAST(1998 AS INT)
|  |  |  |     mem-estimate=16.00MB mem-reservation=512.00KB thread-reservation=0
|  |  |  |     tuple-ids=99 row-size=8B cardinality=7.30K cost=12520
|  |  |  |     in pipelines: 90(GETNEXT)
|  |  |  |
|  |  |  89:SCAN HDFS [tpcds_partitioned_parquet_snap.web_sales, RANDOM]
|  |  |     HDFS partitions=1824/1824 files=1824 size=145.75GB
|  |  |     stored statistics:
|  |  |       table: rows=2.16G size=145.75GB
|  |  |       partitions: 1824/1824 rows=2.16G
|  |  |       columns: all
|  |  |     extrapolated-rows=disabled max-scan-range-rows=3.37M
|  |  |     mem-estimate=16.00MB mem-reservation=128.00KB thread-reservation=0
|  |  |     tuple-ids=97 row-size=12B cardinality=2.16G cost=373242464
|  |  |     in pipelines: 89(GETNEXT)
|  |  |
|  |  82:UNION
|  |  |  mem-estimate=0B mem-reservation=0B thread-reservation=0
|  |  |  tuple-ids=96 row-size=8B cardinality=12.96G cost=661738272
|  |  |  in pipelines: 83(GETNEXT), 86(GETNEXT)
|  |  |
|  |  |--88:HASH JOIN [INNER JOIN, BROADCAST]
|  |  |  |  hash-table-id=03
|  |  |  |  hash predicates: tpcds_partitioned_parquet_snap.catalog_sales_2.cs_sold_date_sk = tpcds_partitioned_parquet_snap.date_dim_13.d_date_sk
|  |  |  |  fk/pk conjuncts: tpcds_partitioned_parquet_snap.catalog_sales_2.cs_sold_date_sk = tpcds_partitioned_parquet_snap.date_dim_13.d_date_sk
|  |  |  |  mem-estimate=0B mem-reservation=0B spill-buffer=64.00KB thread-reservation=0
|  |  |  |  tuple-ids=92,94 row-size=20B cardinality=4.32G cost=1890898131
|  |  |  |  in pipelines: 86(GETNEXT), 87(OPEN)
|  |  |  |
|  |  |  |--F70:PLAN FRAGMENT [RANDOM] hosts=10 instances=10
|  |  |  |  |  Per-Instance Resources: mem-estimate=23.32MB mem-reservation=23.25MB thread-reservation=1
|  |  |  |  |  max-parallelism=10 segment-costs=[17005]
|  |  |  |  JOIN BUILD
|  |  |  |  |  join-table-id=03 plan-id=04 cohort-id=03
|  |  |  |  |  build expressions: tpcds_partitioned_parquet_snap.date_dim_13.d_date_sk
|  |  |  |  |  mem-estimate=23.25MB mem-reservation=23.25MB spill-buffer=64.00KB thread-reservation=0 cost=7305
|  |  |  |  |
|  |  |  |  153:EXCHANGE [BROADCAST]
|  |  |  |  |  mem-estimate=69.07KB mem-reservation=0B thread-reservation=0
|  |  |  |  |  tuple-ids=94 row-size=8B cardinality=7.30K cost=9700
|  |  |  |  |  in pipelines: 87(GETNEXT)
|  |  |  |  |
|  |  |  |  F60:PLAN FRAGMENT [RANDOM] hosts=1 instances=1
|  |  |  |  Per-Instance Resources: mem-estimate=16.05MB mem-reservation=512.00KB thread-reservation=1
|  |  |  |  max-parallelism=1 segment-costs=[12835]
|  |  |  |  87:SCAN HDFS [tpcds_partitioned_parquet_snap.date_dim, RANDOM]
|  |  |  |     HDFS partitions=1/1 files=1 size=2.17MB
|  |  |  |     predicates: tpcds_partitioned_parquet_snap.date_dim_13.d_year <= add(CAST(1998 AS INT), CAST(2 AS INT)), tpcds_partitioned_parquet_snap.date_dim_13.d_year >= CAST(1998 AS INT)
|  |  |  |     stored statistics:
|  |  |  |       table: rows=73.05K size=2.17MB
|  |  |  |       columns: all
|  |  |  |     extrapolated-rows=disabled max-scan-range-rows=73.05K
|  |  |  |     parquet statistics predicates: tpcds_partitioned_parquet_snap.date_dim_13.d_year <= add(CAST(1998 AS INT), CAST(2 AS INT)), tpcds_partitioned_parquet_snap.date_dim_13.d_year >= CAST(1998 AS INT)
|  |  |  |     parquet dictionary predicates: tpcds_partitioned_parquet_snap.date_dim_13.d_year <= add(CAST(1998 AS INT), CAST(2 AS INT)), tpcds_partitioned_parquet_snap.date_dim_13.d_year >= CAST(1998 AS INT)
|  |  |  |     mem-estimate=16.00MB mem-reservation=512.00KB thread-reservation=0
|  |  |  |     tuple-ids=94 row-size=8B cardinality=7.30K cost=12520
|  |  |  |     in pipelines: 87(GETNEXT)
|  |  |  |
|  |  |  86:SCAN HDFS [tpcds_partitioned_parquet_snap.catalog_sales, RANDOM]
|  |  |     HDFS partitions=1831/1831 files=1831 size=280.96GB
|  |  |     stored statistics:
|  |  |       table: rows=4.32G size=280.96GB
|  |  |       partitions: 1831/1831 rows=4.32G
|  |  |       columns: all
|  |  |     extrapolated-rows=disabled max-scan-range-rows=21.52M
|  |  |     mem-estimate=16.00MB mem-reservation=1.00MB thread-reservation=0
|  |  |     tuple-ids=92 row-size=12B cardinality=4.32G cost=746509474
|  |  |     in pipelines: 86(GETNEXT)
|  |  |
|  |  85:HASH JOIN [INNER JOIN, BROADCAST]
|  |  |  hash-table-id=02
|  |  |  hash predicates: tpcds_partitioned_parquet_snap.store_sales_4.ss_sold_date_sk = tpcds_partitioned_parquet_snap.date_dim_12.d_date_sk
|  |  |  fk/pk conjuncts: tpcds_partitioned_parquet_snap.store_sales_4.ss_sold_date_sk = tpcds_partitioned_parquet_snap.date_dim_12.d_date_sk
|  |  |  mem-estimate=0B mem-reservation=0B spill-buffer=64.00KB thread-reservation=0
|  |  |  tuple-ids=88,90 row-size=20B cardinality=8.64G cost=3781699633
|  |  |  in pipelines: 83(GETNEXT), 84(OPEN)
|  |  |
|  |  |--F69:PLAN FRAGMENT [RANDOM] hosts=10 instances=10
|  |  |  |  Per-Instance Resources: mem-estimate=23.32MB mem-reservation=23.25MB thread-reservation=1
|  |  |  |  max-parallelism=10 segment-costs=[17005]
|  |  |  JOIN BUILD
|  |  |  |  join-table-id=02 plan-id=03 cohort-id=03
|  |  |  |  build expressions: tpcds_partitioned_parquet_snap.date_dim_12.d_date_sk
|  |  |  |  mem-estimate=23.25MB mem-reservation=23.25MB spill-buffer=64.00KB thread-reservation=0 cost=7305
|  |  |  |
|  |  |  152:EXCHANGE [BROADCAST]
|  |  |  |  mem-estimate=69.07KB mem-reservation=0B thread-reservation=0
|  |  |  |  tuple-ids=90 row-size=8B cardinality=7.30K cost=9700
|  |  |  |  in pipelines: 84(GETNEXT)
|  |  |  |
|  |  |  F58:PLAN FRAGMENT [RANDOM] hosts=1 instances=1
|  |  |  Per-Instance Resources: mem-estimate=16.05MB mem-reservation=512.00KB thread-reservation=1
|  |  |  max-parallelism=1 segment-costs=[12835]
|  |  |  84:SCAN HDFS [tpcds_partitioned_parquet_snap.date_dim, RANDOM]
|  |  |     HDFS partitions=1/1 files=1 size=2.17MB
|  |  |     predicates: tpcds_partitioned_parquet_snap.date_dim_12.d_year <= add(CAST(1998 AS INT), CAST(2 AS INT)), tpcds_partitioned_parquet_snap.date_dim_12.d_year >= CAST(1998 AS INT)
|  |  |     stored statistics:
|  |  |       table: rows=73.05K size=2.17MB
|  |  |       columns: all
|  |  |     extrapolated-rows=disabled max-scan-range-rows=73.05K
|  |  |     parquet statistics predicates: tpcds_partitioned_parquet_snap.date_dim_12.d_year <= add(CAST(1998 AS INT), CAST(2 AS INT)), tpcds_partitioned_parquet_snap.date_dim_12.d_year >= CAST(1998 AS INT)
|  |  |     parquet dictionary predicates: tpcds_partitioned_parquet_snap.date_dim_12.d_year <= add(CAST(1998 AS INT), CAST(2 AS INT)), tpcds_partitioned_parquet_snap.date_dim_12.d_year >= CAST(1998 AS INT)
|  |  |     mem-estimate=16.00MB mem-reservation=512.00KB thread-reservation=0
|  |  |     tuple-ids=90 row-size=8B cardinality=7.30K cost=12520
|  |  |     in pipelines: 84(GETNEXT)
|  |  |
|  |  83:SCAN HDFS [tpcds_partitioned_parquet_snap.store_sales, RANDOM]
|  |     HDFS partitions=1824/1824 files=1824 size=389.90GB
|  |     stored statistics:
|  |       table: rows=8.64G size=389.90GB
|  |       partitions: 1824/1824 rows=8.64G
|  |       columns: all
|  |     extrapolated-rows=disabled max-scan-range-rows=390.22M
|  |     mem-estimate=16.00MB mem-reservation=8.00MB thread-reservation=0
|  |     tuple-ids=88 row-size=12B cardinality=8.64G cost=1492980801
|  |     in pipelines: 83(GETNEXT)
|  |
|  151:AGGREGATE [FINALIZE]
|  |  output: sum:merge(multiply(tpcds_partitioned_parquet_snap.store_sales_2.ss_quantity, tpcds_partitioned_parquet_snap.store_sales_2.ss_list_price)), count:merge()
|  |  group by: tpcds_partitioned_parquet_snap.item_8.i_brand_id, tpcds_partitioned_parquet_snap.item_8.i_class_id, tpcds_partitioned_parquet_snap.item_8.i_category_id
|  |  mem-estimate=10.00MB mem-reservation=2.88MB spill-buffer=128.00KB thread-reservation=0
|  |  tuple-ids=87 row-size=36B cardinality=149.12K cost=5042248
|  |  in pipelines: 151(GETNEXT), 47(OPEN)
|  |
|  150:EXCHANGE [HASH(tpcds_partitioned_parquet_snap.item_8.i_brand_id,tpcds_partitioned_parquet_snap.item_8.i_class_id,tpcds_partitioned_parquet_snap.item_8.i_category_id)]
|  |  mem-estimate=10.39MB mem-reservation=0B thread-reservation=0
|  |  tuple-ids=87 row-size=36B cardinality=3.02M cost=836740
|  |  in pipelines: 47(GETNEXT)
|  |
|  F55:PLAN FRAGMENT [HASH(tpcds_partitioned_parquet_snap.store_sales_2.ss_item_sk)] hosts=10 instances=10 (adjusted from 120)
|  Per-Instance Resources: mem-estimate=34.42MB mem-reservation=9.00MB thread-reservation=1
|  max-parallelism=10 segment-costs=[21149891, 8568806] cpu-comparison-result=399 [max(17 (self) vs 399 (sum children))]
|  80:AGGREGATE [STREAMING]
|  |  output: sum(multiply(CAST(tpcds_partitioned_parquet_snap.store_sales_2.ss_quantity AS DECIMAL(10,0)), tpcds_partitioned_parquet_snap.store_sales_2.ss_list_price)), count()
|  |  group by: tpcds_partitioned_parquet_snap.item_8.i_brand_id, tpcds_partitioned_parquet_snap.item_8.i_class_id, tpcds_partitioned_parquet_snap.item_8.i_category_id
|  |  mem-estimate=10.00MB mem-reservation=9.00MB spill-buffer=512.00KB thread-reservation=0
|  |  tuple-ids=87 row-size=36B cardinality=3.02M cost=18477695
|  |  in pipelines: 47(GETNEXT)
|  |
|  79:HASH JOIN [INNER JOIN, PARTITIONED]
|  |  hash-table-id=05
|  |  hash predicates: tpcds_partitioned_parquet_snap.store_sales_2.ss_item_sk = tpcds_partitioned_parquet_snap.item_8.i_item_sk
|  |  fk/pk conjuncts: tpcds_partitioned_parquet_snap.store_sales_2.ss_item_sk = tpcds_partitioned_parquet_snap.item_8.i_item_sk
|  |  mem-estimate=0B mem-reservation=0B spill-buffer=128.00KB thread-reservation=0
|  |  tuple-ids=52,81,83,85 row-size=56B cardinality=3.31M cost=1450285
|  |  in pipelines: 47(GETNEXT), 78(OPEN)
|  |
|  |--F72:PLAN FRAGMENT [HASH(tpcds_partitioned_parquet_snap.store_sales_2.ss_item_sk)] hosts=10 instances=10 (adjusted from 120)
|  |  |  Per-Instance Resources: mem-estimate=4.33MB mem-reservation=2.88MB thread-reservation=1
|  |  |  max-parallelism=10 segment-costs=[426492]
|  |  JOIN BUILD
|  |  |  join-table-id=05 plan-id=06 cohort-id=02
|  |  |  build expressions: tpcds_partitioned_parquet_snap.item_8.i_item_sk
|  |  |  runtime filters: RF039[min_max] <- tpcds_partitioned_parquet_snap.item_8.i_item_sk
|  |  |  mem-estimate=2.88MB mem-reservation=2.88MB spill-buffer=128.00KB thread-reservation=0 cost=360000
|  |  |
|  |  149:EXCHANGE [HASH(tpcds_partitioned_parquet_snap.item_8.i_item_sk)]
|  |  |  mem-estimate=1.45MB mem-reservation=0B thread-reservation=0
|  |  |  tuple-ids=85 row-size=16B cardinality=360.00K cost=66492
|  |  |  in pipelines: 78(GETNEXT)
|  |  |
|  |  F54:PLAN FRAGMENT [RANDOM] hosts=4 instances=4
|  |  Per-Instance Resources: mem-estimate=16.78MB mem-reservation=512.00KB thread-reservation=1
|  |  max-parallelism=4 segment-costs=[639360]
|  |  78:SCAN HDFS [tpcds_partitioned_parquet_snap.item, RANDOM]
|  |     HDFS partitions=1/1 files=1 size=33.54MB
|  |     stored statistics:
|  |       table: rows=360.00K size=33.54MB
|  |       columns: all
|  |     extrapolated-rows=disabled max-scan-range-rows=101.54K
|  |     mem-estimate=16.00MB mem-reservation=512.00KB thread-reservation=0
|  |     tuple-ids=85 row-size=16B cardinality=360.00K cost=82944
|  |     in pipelines: 78(GETNEXT)
|  |
|  148:EXCHANGE [HASH(tpcds_partitioned_parquet_snap.store_sales_2.ss_item_sk)]
|  |  mem-estimate=10.36MB mem-reservation=0B thread-reservation=0
|  |  tuple-ids=52,81,83 row-size=40B cardinality=3.31M cost=1221911
|  |  in pipelines: 47(GETNEXT)
|  |
|  F33:PLAN FRAGMENT [RANDOM] hosts=10 instances=7 (adjusted from 120)
|  Per-Host Shared Resources: mem-estimate=1.00MB mem-reservation=1.00MB thread-reservation=0 runtime-filters-memory=1.00MB
|  Per-Instance Resources: mem-estimate=18.03MB mem-reservation=8.00MB thread-reservation=1
|  max-parallelism=7 segment-costs=[195386723]
|  77:HASH JOIN [INNER JOIN, BROADCAST]
|  |  hash-table-id=06
|  |  hash predicates: tpcds_partitioned_parquet_snap.store_sales_2.ss_sold_date_sk = tpcds_partitioned_parquet_snap.date_dim_10.d_date_sk
|  |  fk/pk conjuncts: tpcds_partitioned_parquet_snap.store_sales_2.ss_sold_date_sk = tpcds_partitioned_parquet_snap.date_dim_10.d_date_sk
|  |  mem-estimate=0B mem-reservation=0B spill-buffer=64.00KB thread-reservation=0
|  |  tuple-ids=52,81,83 row-size=40B cardinality=3.31M cost=9105452
|  |  in pipelines: 47(GETNEXT), 73(OPEN)
|  |
|  |--F73:PLAN FRAGMENT [RANDOM] hosts=10 instances=10
|  |  |  Per-Instance Resources: mem-estimate=2.95MB mem-reservation=2.94MB thread-reservation=1 runtime-filters-memory=1.00MB
|  |  |  max-parallelism=10 segment-costs=[7] cpu-comparison-result=11 [max(11 (self) vs 2 (sum children))]
|  |  JOIN BUILD
|  |  |  join-table-id=06 plan-id=07 cohort-id=02
|  |  |  build expressions: tpcds_partitioned_parquet_snap.date_dim_10.d_date_sk
|  |  |  runtime filters: RF040[bloom] <- tpcds_partitioned_parquet_snap.date_dim_10.d_date_sk
|  |  |  mem-estimate=1.94MB mem-reservation=1.94MB spill-buffer=64.00KB thread-reservation=0 cost=7
|  |  |
|  |  147:EXCHANGE [BROADCAST]
|  |  |  mem-estimate=16.00KB mem-reservation=0B thread-reservation=0
|  |  |  tuple-ids=81,83 row-size=24B cardinality=7 cost=0
|  |  |  in pipelines: 73(GETNEXT)
|  |  |
|  |  F51:PLAN FRAGMENT [RANDOM] hosts=1 instances=1
|  |  Per-Host Shared Resources: mem-estimate=1.00MB mem-reservation=1.00MB thread-reservation=0 runtime-filters-memory=1.00MB
|  |  Per-Instance Resources: mem-estimate=16.12MB mem-reservation=512.00KB thread-reservation=1
|  |  max-parallelism=1 segment-costs=[8418]
|  |  76:HASH JOIN [INNER JOIN, BROADCAST]
|  |  |  hash-table-id=07
|  |  |  hash predicates: tpcds_partitioned_parquet_snap.date_dim_10.d_week_seq = tpcds_partitioned_parquet_snap.date_dim_11.d_week_seq
|  |  |  fk/pk conjuncts: none
|  |  |  mem-estimate=0B mem-reservation=0B spill-buffer=64.00KB thread-reservation=0
|  |  |  tuple-ids=81,83 row-size=24B cardinality=7 cost=3
|  |  |  in pipelines: 73(GETNEXT), 75(OPEN)
|  |  |
|  |  |--F74:PLAN FRAGMENT [RANDOM] hosts=1 instances=1
|  |  |  |  Per-Instance Resources: mem-estimate=2.95MB mem-reservation=2.94MB thread-reservation=1 runtime-filters-memory=1.00MB
|  |  |  |  max-parallelism=1 segment-costs=[1] cpu-comparison-result=2 [max(1 (self) vs 2 (sum children))]
|  |  |  JOIN BUILD
|  |  |  |  join-table-id=07 plan-id=08 cohort-id=04
|  |  |  |  build expressions: tpcds_partitioned_parquet_snap.date_dim_11.d_week_seq
|  |  |  |  runtime filters: RF062[bloom] <- tpcds_partitioned_parquet_snap.date_dim_11.d_week_seq, RF063[min_max] <- tpcds_partitioned_parquet_snap.date_dim_11.d_week_seq
|  |  |  |  mem-estimate=1.94MB mem-reservation=1.94MB spill-buffer=64.00KB thread-reservation=0 cost=1
|  |  |  |
|  |  |  146:EXCHANGE [BROADCAST]
|  |  |  |  mem-estimate=16.00KB mem-reservation=0B thread-reservation=0
|  |  |  |  tuple-ids=83 row-size=16B cardinality=1 cost=0
|  |  |  |  in pipelines: 75(GETNEXT)
|  |  |  |
|  |  |  F53:PLAN FRAGMENT [UNPARTITIONED] hosts=1 instances=1
|  |  |  Per-Instance Resources: mem-estimate=80.00KB mem-reservation=0B thread-reservation=1
|  |  |  max-parallelism=1 segment-costs=[5, 0]
|  |  |  75:CARDINALITY CHECK
|  |  |  |  limit: 1
|  |  |  |  mem-estimate=0B mem-reservation=0B thread-reservation=0
|  |  |  |  tuple-ids=83 row-size=16B cardinality=1 cost=0
|  |  |  |  in pipelines: 75(GETNEXT), 74(OPEN)
|  |  |  |
|  |  |  145:EXCHANGE [UNPARTITIONED]
|  |  |  |  limit: 2
|  |  |  |  mem-estimate=16.00KB mem-reservation=0B thread-reservation=0
|  |  |  |  tuple-ids=83 row-size=16B cardinality=2 cost=5
|  |  |  |  in pipelines: 74(GETNEXT)
|  |  |  |
|  |  |  F52:PLAN FRAGMENT [RANDOM] hosts=1 instances=1
|  |  |  Per-Instance Resources: mem-estimate=16.08MB mem-reservation=512.00KB thread-reservation=1
|  |  |  max-parallelism=1 segment-costs=[22991]
|  |  |  74:SCAN HDFS [tpcds_partitioned_parquet_snap.date_dim, RANDOM]
|  |  |     HDFS partitions=1/1 files=1 size=2.17MB
|  |  |     predicates: tpcds_partitioned_parquet_snap.date_dim_11.d_year = CAST(1998 AS INT), tpcds_partitioned_parquet_snap.date_dim_11.d_dom = CAST(20 AS INT), tpcds_partitioned_parquet_snap.date_dim_11.d_moy = CAST(12 AS INT)
|  |  |     stored statistics:
|  |  |       table: rows=73.05K size=2.17MB
|  |  |       columns: all
|  |  |     extrapolated-rows=disabled max-scan-range-rows=73.05K
|  |  |     parquet statistics predicates: tpcds_partitioned_parquet_snap.date_dim_11.d_year = CAST(1998 AS INT), tpcds_partitioned_parquet_snap.date_dim_11.d_dom = CAST(20 AS INT), tpcds_partitioned_parquet_snap.date_dim_11.d_moy = CAST(12 AS INT)
|  |  |     parquet dictionary predicates: tpcds_partitioned_parquet_snap.date_dim_11.d_year = CAST(1998 AS INT), tpcds_partitioned_parquet_snap.date_dim_11.d_dom = CAST(20 AS INT), tpcds_partitioned_parquet_snap.date_dim_11.d_moy = CAST(12 AS INT)
|  |  |     limit: 2
|  |  |     mem-estimate=16.00MB mem-reservation=512.00KB thread-reservation=0
|  |  |     tuple-ids=83 row-size=16B cardinality=29 cost=22988
|  |  |     in pipelines: 74(GETNEXT)
|  |  |
|  |  73:SCAN HDFS [tpcds_partitioned_parquet_snap.date_dim, RANDOM]
|  |     HDFS partitions=1/1 files=1 size=2.17MB
|  |     runtime filters: RF063[min_max] -> tpcds_partitioned_parquet_snap.date_dim_10.d_week_seq, RF062[bloom] -> tpcds_partitioned_parquet_snap.date_dim_10.d_week_seq
|  |     stored statistics:
|  |       table: rows=73.05K size=2.17MB
|  |       columns: all
|  |     extrapolated-rows=disabled max-scan-range-rows=73.05K
|  |     mem-estimate=16.00MB mem-reservation=512.00KB thread-reservation=0
|  |     tuple-ids=81 row-size=8B cardinality=7(filtered from 73.05K) cost=8415
|  |     in pipelines: 73(GETNEXT)
|  |
|  72:HASH JOIN [LEFT SEMI JOIN, BROADCAST]
|  |  hash-table-id=08
|  |  hash predicates: tpcds_partitioned_parquet_snap.store_sales_2.ss_item_sk = tpcds_partitioned_parquet_snap.item_4.i_item_sk
|  |  mem-estimate=0B mem-reservation=0B spill-buffer=128.00KB thread-reservation=0
|  |  tuple-ids=52 row-size=16B cardinality=33.16M(filtered from 863.56M) cost=164982323
|  |  in pipelines: 47(GETNEXT), 142(OPEN)
|  |
|  |--F75:PLAN FRAGMENT [RANDOM] hosts=10 instances=10
|  |  |  Per-Instance Resources: mem-estimate=4.54MB mem-reservation=2.88MB thread-reservation=1
|  |  |  max-parallelism=10 segment-costs=[83840] cpu-comparison-result=374 [max(10 (self) vs 374 (sum children))]
|  |  JOIN BUILD
|  |  |  join-table-id=08 plan-id=09 cohort-id=02
|  |  |  build expressions: tpcds_partitioned_parquet_snap.item_4.i_item_sk
|  |  |  runtime filters: RF043[min_max] <- tpcds_partitioned_parquet_snap.item_4.i_item_sk
|  |  |  mem-estimate=2.88MB mem-reservation=2.88MB spill-buffer=128.00KB thread-reservation=0 cost=36000
|  |  |
|  |  144:EXCHANGE [BROADCAST]
|  |  |  mem-estimate=1.67MB mem-reservation=0B thread-reservation=0
|  |  |  tuple-ids=80,54 row-size=36B cardinality=36.00K cost=47840
|  |  |  in pipelines: 142(GETNEXT)
|  |  |
|  |  F49:PLAN FRAGMENT [HASH(BRAND_ID,CLASS_ID,CATEGORY_ID)] hosts=10 instances=10 (adjusted from 120)
|  |  Per-Instance Resources: mem-estimate=131.67MB mem-reservation=34.00MB thread-reservation=1
|  |  max-parallelism=10 segment-costs=[2731445, 126325] cpu-comparison-result=374 [max(10 (self) vs 374 (sum children))]
|  |  71:HASH JOIN [INNER JOIN, PARTITIONED]
|  |  |  hash-table-id=09
|  |  |  hash predicates: BRAND_ID = tpcds_partitioned_parquet_snap.item_4.i_brand_id, CATEGORY_ID = tpcds_partitioned_parquet_snap.item_4.i_category_id, CLASS_ID = tpcds_partitioned_parquet_snap.item_4.i_class_id
|  |  |  fk/pk conjuncts: assumed fk/pk
|  |  |  mem-estimate=0B mem-reservation=0B spill-buffer=64.00KB thread-reservation=0
|  |  |  tuple-ids=80,54 row-size=36B cardinality=36.00K cost=121271
|  |  |  in pipelines: 142(GETNEXT), 48(OPEN)
|  |  |
|  |  |--F76:PLAN FRAGMENT [HASH(BRAND_ID,CLASS_ID,CATEGORY_ID)] hosts=10 instances=10 (adjusted from 120)
|  |  |  |  Per-Instance Resources: mem-estimate=5.15MB mem-reservation=4.94MB thread-reservation=1 runtime-filters-memory=3.00MB
|  |  |  |  max-parallelism=10 segment-costs=[42649]
|  |  |  JOIN BUILD
|  |  |  |  join-table-id=09 plan-id=10 cohort-id=05
|  |  |  |  build expressions: tpcds_partitioned_parquet_snap.item_4.i_brand_id, tpcds_partitioned_parquet_snap.item_4.i_category_id, tpcds_partitioned_parquet_snap.item_4.i_class_id
|  |  |  |  runtime filters: RF044[bloom] <- tpcds_partitioned_parquet_snap.item_4.i_brand_id, RF045[bloom] <- tpcds_partitioned_parquet_snap.item_4.i_category_id, RF046[bloom] <- tpcds_partitioned_parquet_snap.item_4.i_class_id, RF047[min_max] <- tpcds_partitioned_parquet_snap.item_4.i_brand_id, RF048[min_max] <- tpcds_partitioned_parquet_snap.item_4.i_category_id, RF049[min_max] <- tpcds_partitioned_parquet_snap.item_4.i_class_id
|  |  |  |  mem-estimate=1.94MB mem-reservation=1.94MB spill-buffer=64.00KB thread-reservation=0 cost=36000
|  |  |  |
|  |  |  143:EXCHANGE [HASH(tpcds_partitioned_parquet_snap.item_4.i_brand_id,tpcds_partitioned_parquet_snap.item_4.i_class_id,tpcds_partitioned_parquet_snap.item_4.i_category_id)]
|  |  |  |  mem-estimate=220.62KB mem-reservation=0B thread-reservation=0
|  |  |  |  tuple-ids=54 row-size=16B cardinality=36.00K cost=6649
|  |  |  |  in pipelines: 48(GETNEXT)
|  |  |  |
|  |  |  F50:PLAN FRAGMENT [RANDOM] hosts=4 instances=4
|  |  |  Per-Instance Resources: mem-estimate=16.78MB mem-reservation=512.00KB thread-reservation=1
|  |  |  max-parallelism=4 segment-costs=[148701]
|  |  |  48:SCAN HDFS [tpcds_partitioned_parquet_snap.item, RANDOM]
|  |  |     HDFS partitions=1/1 files=1 size=33.54MB
|  |  |     predicates: is_not_null_pred(tpcds_partitioned_parquet_snap.item_4.i_item_sk)
|  |  |     runtime filters: RF039[min_max] -> tpcds_partitioned_parquet_snap.item_4.i_item_sk
|  |  |     stored statistics:
|  |  |       table: rows=360.00K size=33.54MB
|  |  |       columns: all
|  |  |     extrapolated-rows=disabled max-scan-range-rows=101.54K
|  |  |     parquet dictionary predicates: is_not_null_pred(tpcds_partitioned_parquet_snap.item_4.i_item_sk)
|  |  |     mem-estimate=16.00MB mem-reservation=512.00KB thread-reservation=0
|  |  |     tuple-ids=54 row-size=16B cardinality=36.00K cost=93060
|  |  |     in pipelines: 48(GETNEXT)
|  |  |
|  |  142:AGGREGATE [FINALIZE]
|  |  |  output: count:merge()
|  |  |  group by: BRAND_ID, CLASS_ID, CATEGORY_ID
|  |  |  having: count() = CAST(2 AS BIGINT)
|  |  |  mem-estimate=128.00MB mem-reservation=34.00MB spill-buffer=2.00MB thread-reservation=0
|  |  |  tuple-ids=80 row-size=20B cardinality=447.36K cost=2640587
|  |  |  in pipelines: 142(GETNEXT), 130(OPEN), 140(OPEN)
|  |  |
|  |  141:EXCHANGE [HASH(BRAND_ID,CLASS_ID,CATEGORY_ID)]
|  |  |  mem-estimate=3.67MB mem-reservation=0B thread-reservation=0
|  |  |  tuple-ids=80 row-size=20B cardinality=447.36K cost=90858
|  |  |  in pipelines: 130(GETNEXT), 140(GETNEXT)
|  |  |
|  |  F48:PLAN FRAGMENT [RANDOM] hosts=10 instances=120
|  |  Per-Instance Resources: mem-estimate=260.32MB mem-reservation=68.00MB thread-reservation=1
|  |  max-parallelism=120 segment-costs=[28239822, 1820963, 2659596, 806679] cpu-comparison-result=360 [max(120 (self) vs 360 (sum children))]
|  |  70:AGGREGATE [STREAMING]
|  |  |  output: count()
|  |  |  group by: BRAND_ID, CLASS_ID, CATEGORY_ID
|  |  |  mem-estimate=128.00MB mem-reservation=34.00MB spill-buffer=2.00MB thread-reservation=0
|  |  |  tuple-ids=80 row-size=20B cardinality=447.36K cost=2640587
|  |  |  in pipelines: 130(GETNEXT), 140(GETNEXT)
|  |  |
|  |  49:UNION
|  |  |  pass-through-operands: 130
|  |  |  mem-estimate=0B mem-reservation=0B thread-reservation=0
|  |  |  tuple-ids=79 row-size=12B cardinality=447.36K cost=19009
|  |  |  in pipelines: 130(GETNEXT), 140(GETNEXT)
|  |  |
|  |  |--140:AGGREGATE [FINALIZE]
|  |  |  |  output: count:merge()
|  |  |  |  group by: BRAND_ID, CLASS_ID, CATEGORY_ID
|  |  |  |  having: count() = CAST(2 AS BIGINT)
|  |  |  |  mem-estimate=128.00MB mem-reservation=34.00MB spill-buffer=2.00MB thread-reservation=0
|  |  |  |  tuple-ids=71 row-size=20B cardinality=298.24K cost=1760391
|  |  |  |  in pipelines: 140(GETNEXT), 134(OPEN), 138(OPEN)
|  |  |  |
|  |  |  139:EXCHANGE [HASH(BRAND_ID,CLASS_ID,CATEGORY_ID)]
|  |  |  |  mem-estimate=3.38MB mem-reservation=0B thread-reservation=0
|  |  |  |  tuple-ids=71 row-size=20B cardinality=298.24K cost=60572
|  |  |  |  in pipelines: 134(GETNEXT), 138(GETNEXT)
|  |  |  |
|  |  |  F46:PLAN FRAGMENT [RANDOM] hosts=10 instances=120
|  |  |  Per-Instance Resources: mem-estimate=161.12MB mem-reservation=38.75MB thread-reservation=1
|  |  |  max-parallelism=120 segment-costs=[28239822, 28239822, 1760391, 537786] cpu-comparison-result=240 [max(120 (self) vs 240 (sum children))]
|  |  |  63:AGGREGATE [STREAMING]
|  |  |  |  output: count()
|  |  |  |  group by: BRAND_ID, CLASS_ID, CATEGORY_ID
|  |  |  |  mem-estimate=128.00MB mem-reservation=34.00MB spill-buffer=2.00MB thread-reservation=0
|  |  |  |  tuple-ids=71 row-size=20B cardinality=298.24K cost=1760391
|  |  |  |  in pipelines: 134(GETNEXT), 138(GETNEXT)
|  |  |  |
|  |  |  50:UNION
|  |  |  |  pass-through-operands: all
|  |  |  |  mem-estimate=0B mem-reservation=0B thread-reservation=0
|  |  |  |  tuple-ids=70 row-size=12B cardinality=298.24K cost=0
|  |  |  |  in pipelines: 134(GETNEXT), 138(GETNEXT)
|  |  |  |
|  |  |  |--138:AGGREGATE [FINALIZE]
|  |  |  |  |  group by: tpcds_partitioned_parquet_snap.item_6.i_brand_id, tpcds_partitioned_parquet_snap.item_6.i_class_id, tpcds_partitioned_parquet_snap.item_6.i_category_id
|  |  |  |  |  mem-estimate=10.00MB mem-reservation=4.75MB spill-buffer=256.00KB thread-reservation=0
|  |  |  |  |  tuple-ids=69 row-size=12B cardinality=149.12K cost=25263984
|  |  |  |  |  in pipelines: 138(GETNEXT), 57(OPEN)
|  |  |  |  |
|  |  |  |  137:EXCHANGE [HASH(tpcds_partitioned_parquet_snap.item_6.i_brand_id,tpcds_partitioned_parquet_snap.item_6.i_class_id,tpcds_partitioned_parquet_snap.item_6.i_category_id)]
|  |  |  |  |  mem-estimate=11.88MB mem-reservation=0B thread-reservation=0
|  |  |  |  |  tuple-ids=69 row-size=12B cardinality=17.89M cost=2975838
|  |  |  |  |  in pipelines: 57(GETNEXT)
|  |  |  |  |
|  |  |  |  F42:PLAN FRAGMENT [RANDOM] hosts=10 instances=120
|  |  |  |  Per-Instance Resources: mem-estimate=33.50MB mem-reservation=6.00MB thread-reservation=1
|  |  |  |  max-parallelism=1030 segment-costs=[10292257811, 23047987] cpu-comparison-result=120 [max(120 (self) vs 25 (sum children))]
|  |  |  |  62:AGGREGATE [STREAMING]
|  |  |  |  |  group by: tpcds_partitioned_parquet_snap.item_6.i_brand_id, tpcds_partitioned_parquet_snap.item_6.i_class_id, tpcds_partitioned_parquet_snap.item_6.i_category_id
|  |  |  |  |  mem-estimate=10.00MB mem-reservation=5.00MB spill-buffer=256.00KB thread-reservation=0
|  |  |  |  |  tuple-ids=69 row-size=12B cardinality=17.89M cost=6014287315
|  |  |  |  |  in pipelines: 57(GETNEXT)
|  |  |  |  |
|  |  |  |  61:HASH JOIN [INNER JOIN, BROADCAST]
|  |  |  |  |  hash-table-id=14
|  |  |  |  |  hash predicates: tpcds_partitioned_parquet_snap.catalog_sales_1.cs_item_sk = tpcds_partitioned_parquet_snap.item_6.i_item_sk
|  |  |  |  |  fk/pk conjuncts: tpcds_partitioned_parquet_snap.catalog_sales_1.cs_item_sk = tpcds_partitioned_parquet_snap.item_6.i_item_sk
|  |  |  |  |  mem-estimate=0B mem-reservation=0B spill-buffer=2.00MB thread-reservation=0
|  |  |  |  |  tuple-ids=63,65,67 row-size=32B cardinality=4.32G cost=1889953155
|  |  |  |  |  in pipelines: 57(GETNEXT), 60(OPEN)
|  |  |  |  |
|  |  |  |  |--F81:PLAN FRAGMENT [RANDOM] hosts=10 instances=10
|  |  |  |  |  |  Per-Instance Resources: mem-estimate=413.57MB mem-reservation=408.00MB thread-reservation=1
|  |  |  |  |  |  max-parallelism=10 segment-costs=[838440]
|  |  |  |  |  JOIN BUILD
|  |  |  |  |  |  join-table-id=14 plan-id=15 cohort-id=05
|  |  |  |  |  |  build expressions: tpcds_partitioned_parquet_snap.item_6.i_item_sk
|  |  |  |  |  |  runtime filters: RF059[min_max] <- tpcds_partitioned_parquet_snap.item_6.i_item_sk
|  |  |  |  |  |  mem-estimate=408.00MB mem-reservation=408.00MB spill-buffer=2.00MB thread-reservation=0 cost=360000
|  |  |  |  |  |
|  |  |  |  |  136:EXCHANGE [BROADCAST]
|  |  |  |  |  |  mem-estimate=5.57MB mem-reservation=0B thread-reservation=0
|  |  |  |  |  |  tuple-ids=67 row-size=16B cardinality=360.00K cost=478440
|  |  |  |  |  |  in pipelines: 60(GETNEXT)
|  |  |  |  |  |
|  |  |  |  |  F44:PLAN FRAGMENT [RANDOM] hosts=4 instances=4
|  |  |  |  |  Per-Host Shared Resources: mem-estimate=3.00MB mem-reservation=3.00MB thread-reservation=0 runtime-filters-memory=3.00MB
|  |  |  |  |  Per-Instance Resources: mem-estimate=16.08MB mem-reservation=512.00KB thread-reservation=1
|  |  |  |  |  max-parallelism=4 segment-costs=[106272]
|  |  |  |  |  60:SCAN HDFS [tpcds_partitioned_parquet_snap.item, RANDOM]
|  |  |  |  |     HDFS partitions=1/1 files=1 size=33.54MB
|  |  |  |  |     runtime filters: RF047[min_max] -> tpcds_partitioned_parquet_snap.item_6.i_brand_id, RF048[min_max] -> tpcds_partitioned_parquet_snap.item_6.i_category_id, RF049[min_max] -> tpcds_partitioned_parquet_snap.item_6.i_class_id, RF044[bloom] -> tpcds_partitioned_parquet_snap.item_6.i_brand_id, RF045[bloom] -> tpcds_partitioned_parquet_snap.item_6.i_category_id, RF046[bloom] -> tpcds_partitioned_parquet_snap.item_6.i_class_id
|  |  |  |  |     stored statistics:
|  |  |  |  |       table: rows=360.00K size=33.54MB
|  |  |  |  |       columns: all
|  |  |  |  |     extrapolated-rows=disabled max-scan-range-rows=101.54K
|  |  |  |  |     mem-estimate=16.00MB mem-reservation=512.00KB thread-reservation=0
|  |  |  |  |     tuple-ids=67 row-size=16B cardinality=360.00K cost=82944
|  |  |  |  |     in pipelines: 60(GETNEXT)
|  |  |  |  |
|  |  |  |  59:HASH JOIN [INNER JOIN, BROADCAST]
|  |  |  |  |  hash-table-id=15
|  |  |  |  |  hash predicates: tpcds_partitioned_parquet_snap.catalog_sales_1.cs_sold_date_sk = tpcds_partitioned_parquet_snap.date_dim_8.d_date_sk
|  |  |  |  |  fk/pk conjuncts: tpcds_partitioned_parquet_snap.catalog_sales_1.cs_sold_date_sk = tpcds_partitioned_parquet_snap.date_dim_8.d_date_sk
|  |  |  |  |  mem-estimate=0B mem-reservation=0B spill-buffer=64.00KB thread-reservation=0
|  |  |  |  |  tuple-ids=63,65 row-size=16B cardinality=4.32G(filtered from 4.32G) cost=1890344358
|  |  |  |  |  in pipelines: 57(GETNEXT), 58(OPEN)
|  |  |  |  |
|  |  |  |  |--F82:PLAN FRAGMENT [RANDOM] hosts=10 instances=10
|  |  |  |  |  |  Per-Instance Resources: mem-estimate=23.32MB mem-reservation=23.25MB thread-reservation=1
|  |  |  |  |  |  max-parallelism=10 segment-costs=[17005]
|  |  |  |  |  JOIN BUILD
|  |  |  |  |  |  join-table-id=15 plan-id=16 cohort-id=05
|  |  |  |  |  |  build expressions: tpcds_partitioned_parquet_snap.date_dim_8.d_date_sk
|  |  |  |  |  |  mem-estimate=23.25MB mem-reservation=23.25MB spill-buffer=64.00KB thread-reservation=0 cost=7305
|  |  |  |  |  |
|  |  |  |  |  135:EXCHANGE [BROADCAST]
|  |  |  |  |  |  mem-estimate=69.07KB mem-reservation=0B thread-reservation=0
|  |  |  |  |  |  tuple-ids=65 row-size=8B cardinality=7.30K cost=9700
|  |  |  |  |  |  in pipelines: 58(GETNEXT)
|  |  |  |  |  |
|  |  |  |  |  F43:PLAN FRAGMENT [RANDOM] hosts=1 instances=1
|  |  |  |  |  Per-Instance Resources: mem-estimate=16.05MB mem-reservation=512.00KB thread-reservation=1
|  |  |  |  |  max-parallelism=1 segment-costs=[12835]
|  |  |  |  |  58:SCAN HDFS [tpcds_partitioned_parquet_snap.date_dim, RANDOM]
|  |  |  |  |     HDFS partitions=1/1 files=1 size=2.17MB
|  |  |  |  |     predicates: tpcds_partitioned_parquet_snap.date_dim_8.d_year <= add(CAST(1998 AS INT), CAST(2 AS INT)), tpcds_partitioned_parquet_snap.date_dim_8.d_year >= CAST(1998 AS INT)
|  |  |  |  |     stored statistics:
|  |  |  |  |       table: rows=73.05K size=2.17MB
|  |  |  |  |       columns: all
|  |  |  |  |     extrapolated-rows=disabled max-scan-range-rows=73.05K
|  |  |  |  |     parquet statistics predicates: tpcds_partitioned_parquet_snap.date_dim_8.d_year <= add(CAST(1998 AS INT), CAST(2 AS INT)), tpcds_partitioned_parquet_snap.date_dim_8.d_year >= CAST(1998 AS INT)
|  |  |  |  |     parquet dictionary predicates: tpcds_partitioned_parquet_snap.date_dim_8.d_year <= add(CAST(1998 AS INT), CAST(2 AS INT)), tpcds_partitioned_parquet_snap.date_dim_8.d_year >= CAST(1998 AS INT)
|  |  |  |  |     mem-estimate=16.00MB mem-reservation=512.00KB thread-reservation=0
|  |  |  |  |     tuple-ids=65 row-size=8B cardinality=7.30K cost=12520
|  |  |  |  |     in pipelines: 58(GETNEXT)
|  |  |  |  |
|  |  |  |  57:SCAN HDFS [tpcds_partitioned_parquet_snap.catalog_sales, RANDOM]
|  |  |  |     HDFS partitions=1831/1831 files=1831 size=280.96GB
|  |  |  |     runtime filters: RF059[min_max] -> tpcds_partitioned_parquet_snap.catalog_sales_1.cs_item_sk
|  |  |  |     stored statistics:
|  |  |  |       table: rows=4.32G size=280.96GB
|  |  |  |       partitions: 1831/1831 rows=4.32G
|  |  |  |       columns: all
|  |  |  |     extrapolated-rows=disabled max-scan-range-rows=21.52M
|  |  |  |     mem-estimate=16.00MB mem-reservation=1.00MB thread-reservation=0
|  |  |  |     tuple-ids=63 row-size=8B cardinality=4.32G(filtered from 4.32G) cost=497672983
|  |  |  |     in pipelines: 57(GETNEXT)
|  |  |  |
|  |  |  134:AGGREGATE [FINALIZE]
|  |  |  |  group by: tpcds_partitioned_parquet_snap.item_5.i_brand_id, tpcds_partitioned_parquet_snap.item_5.i_class_id, tpcds_partitioned_parquet_snap.item_5.i_category_id
|  |  |  |  mem-estimate=10.00MB mem-reservation=4.75MB spill-buffer=256.00KB thread-reservation=0
|  |  |  |  tuple-ids=62 row-size=12B cardinality=149.12K cost=25263984
|  |  |  |  in pipelines: 134(GETNEXT), 51(OPEN)
|  |  |  |
|  |  |  133:EXCHANGE [HASH(tpcds_partitioned_parquet_snap.item_5.i_brand_id,tpcds_partitioned_parquet_snap.item_5.i_class_id,tpcds_partitioned_parquet_snap.item_5.i_category_id)]
|  |  |  |  mem-estimate=11.88MB mem-reservation=0B thread-reservation=0
|  |  |  |  tuple-ids=62 row-size=12B cardinality=17.89M cost=2975838
|  |  |  |  in pipelines: 51(GETNEXT)
|  |  |  |
|  |  |  F38:PLAN FRAGMENT [RANDOM] hosts=10 instances=120
|  |  |  Per-Instance Resources: mem-estimate=33.50MB mem-reservation=9.00MB thread-reservation=1
|  |  |  max-parallelism=1824 segment-costs=[20502959018, 23047987] cpu-comparison-result=120 [max(120 (self) vs 25 (sum children))]
|  |  |  56:AGGREGATE [STREAMING]
|  |  |  |  group by: tpcds_partitioned_parquet_snap.item_5.i_brand_id, tpcds_partitioned_parquet_snap.item_5.i_class_id, tpcds_partitioned_parquet_snap.item_5.i_category_id
|  |  |  |  mem-estimate=10.00MB mem-reservation=5.00MB spill-buffer=256.00KB thread-reservation=0
|  |  |  |  tuple-ids=62 row-size=12B cardinality=17.89M cost=11947236639
|  |  |  |  in pipelines: 51(GETNEXT)
|  |  |  |
|  |  |  55:HASH JOIN [INNER JOIN, BROADCAST]
|  |  |  |  hash-table-id=12
|  |  |  |  hash predicates: tpcds_partitioned_parquet_snap.store_sales_3.ss_item_sk = tpcds_partitioned_parquet_snap.item_5.i_item_sk
|  |  |  |  fk/pk conjuncts: tpcds_partitioned_parquet_snap.store_sales_3.ss_item_sk = tpcds_partitioned_parquet_snap.item_5.i_item_sk
|  |  |  |  mem-estimate=0B mem-reservation=0B spill-buffer=2.00MB thread-reservation=0
|  |  |  |  tuple-ids=56,58,60 row-size=32B cardinality=8.64G cost=3779809729
|  |  |  |  in pipelines: 51(GETNEXT), 54(OPEN)
|  |  |  |
|  |  |  |--F79:PLAN FRAGMENT [RANDOM] hosts=10 instances=10
|  |  |  |  |  Per-Instance Resources: mem-estimate=413.57MB mem-reservation=408.00MB thread-reservation=1
|  |  |  |  |  max-parallelism=10 segment-costs=[838440]
|  |  |  |  JOIN BUILD
|  |  |  |  |  join-table-id=12 plan-id=13 cohort-id=05
|  |  |  |  |  build expressions: tpcds_partitioned_parquet_snap.item_5.i_item_sk
|  |  |  |  |  runtime filters: RF055[min_max] <- tpcds_partitioned_parquet_snap.item_5.i_item_sk
|  |  |  |  |  mem-estimate=408.00MB mem-reservation=408.00MB spill-buffer=2.00MB thread-reservation=0 cost=360000
|  |  |  |  |
|  |  |  |  132:EXCHANGE [BROADCAST]
|  |  |  |  |  mem-estimate=5.57MB mem-reservation=0B thread-reservation=0
|  |  |  |  |  tuple-ids=60 row-size=16B cardinality=360.00K cost=478440
|  |  |  |  |  in pipelines: 54(GETNEXT)
|  |  |  |  |
|  |  |  |  F40:PLAN FRAGMENT [RANDOM] hosts=4 instances=4
|  |  |  |  Per-Host Shared Resources: mem-estimate=3.00MB mem-reservation=3.00MB thread-reservation=0 runtime-filters-memory=3.00MB
|  |  |  |  Per-Instance Resources: mem-estimate=16.08MB mem-reservation=512.00KB thread-reservation=1
|  |  |  |  max-parallelism=4 segment-costs=[106272]
|  |  |  |  54:SCAN HDFS [tpcds_partitioned_parquet_snap.item, RANDOM]
|  |  |  |     HDFS partitions=1/1 files=1 size=33.54MB
|  |  |  |     runtime filters: RF047[min_max] -> tpcds_partitioned_parquet_snap.item_5.i_brand_id, RF048[min_max] -> tpcds_partitioned_parquet_snap.item_5.i_category_id, RF049[min_max] -> tpcds_partitioned_parquet_snap.item_5.i_class_id, RF044[bloom] -> tpcds_partitioned_parquet_snap.item_5.i_brand_id, RF045[bloom] -> tpcds_partitioned_parquet_snap.item_5.i_category_id, RF046[bloom] -> tpcds_partitioned_parquet_snap.item_5.i_class_id
|  |  |  |     stored statistics:
|  |  |  |       table: rows=360.00K size=33.54MB
|  |  |  |       columns: all
|  |  |  |     extrapolated-rows=disabled max-scan-range-rows=101.54K
|  |  |  |     mem-estimate=16.00MB mem-reservation=512.00KB thread-reservation=0
|  |  |  |     tuple-ids=60 row-size=16B cardinality=360.00K cost=82944
|  |  |  |     in pipelines: 54(GETNEXT)
|  |  |  |
|  |  |  53:HASH JOIN [INNER JOIN, BROADCAST]
|  |  |  |  hash-table-id=13
|  |  |  |  hash predicates: tpcds_partitioned_parquet_snap.store_sales_3.ss_sold_date_sk = tpcds_partitioned_parquet_snap.date_dim_7.d_date_sk
|  |  |  |  fk/pk conjuncts: tpcds_partitioned_parquet_snap.store_sales_3.ss_sold_date_sk = tpcds_partitioned_parquet_snap.date_dim_7.d_date_sk
|  |  |  |  mem-estimate=0B mem-reservation=0B spill-buffer=64.00KB thread-reservation=0
|  |  |  |  tuple-ids=56,58 row-size=16B cardinality=8.64G(filtered from 8.64G) cost=3780592116
|  |  |  |  in pipelines: 51(GETNEXT), 52(OPEN)
|  |  |  |
|  |  |  |--F80:PLAN FRAGMENT [RANDOM] hosts=10 instances=10
|  |  |  |  |  Per-Instance Resources: mem-estimate=23.32MB mem-reservation=23.25MB thread-reservation=1
|  |  |  |  |  max-parallelism=10 segment-costs=[17005]
|  |  |  |  JOIN BUILD
|  |  |  |  |  join-table-id=13 plan-id=14 cohort-id=05
|  |  |  |  |  build expressions: tpcds_partitioned_parquet_snap.date_dim_7.d_date_sk
|  |  |  |  |  mem-estimate=23.25MB mem-reservation=23.25MB spill-buffer=64.00KB thread-reservation=0 cost=7305
|  |  |  |  |
|  |  |  |  131:EXCHANGE [BROADCAST]
|  |  |  |  |  mem-estimate=69.07KB mem-reservation=0B thread-reservation=0
|  |  |  |  |  tuple-ids=58 row-size=8B cardinality=7.30K cost=9700
|  |  |  |  |  in pipelines: 52(GETNEXT)
|  |  |  |  |
|  |  |  |  F39:PLAN FRAGMENT [RANDOM] hosts=1 instances=1
|  |  |  |  Per-Instance Resources: mem-estimate=16.05MB mem-reservation=512.00KB thread-reservation=1
|  |  |  |  max-parallelism=1 segment-costs=[12835]
|  |  |  |  52:SCAN HDFS [tpcds_partitioned_parquet_snap.date_dim, RANDOM]
|  |  |  |     HDFS partitions=1/1 files=1 size=2.17MB
|  |  |  |     predicates: tpcds_partitioned_parquet_snap.date_dim_7.d_year <= add(CAST(1998 AS INT), CAST(2 AS INT)), tpcds_partitioned_parquet_snap.date_dim_7.d_year >= CAST(1998 AS INT)
|  |  |  |     stored statistics:
|  |  |  |       table: rows=73.05K size=2.17MB
|  |  |  |       columns: all
|  |  |  |     extrapolated-rows=disabled max-scan-range-rows=73.05K
|  |  |  |     parquet statistics predicates: tpcds_partitioned_parquet_snap.date_dim_7.d_year <= add(CAST(1998 AS INT), CAST(2 AS INT)), tpcds_partitioned_parquet_snap.date_dim_7.d_year >= CAST(1998 AS INT)
|  |  |  |     parquet dictionary predicates: tpcds_partitioned_parquet_snap.date_dim_7.d_year <= add(CAST(1998 AS INT), CAST(2 AS INT)), tpcds_partitioned_parquet_snap.date_dim_7.d_year >= CAST(1998 AS INT)
|  |  |  |     mem-estimate=16.00MB mem-reservation=512.00KB thread-reservation=0
|  |  |  |     tuple-ids=58 row-size=8B cardinality=7.30K cost=12520
|  |  |  |     in pipelines: 52(GETNEXT)
|  |  |  |
|  |  |  51:SCAN HDFS [tpcds_partitioned_parquet_snap.store_sales, RANDOM]
|  |  |     HDFS partitions=1824/1824 files=1824 size=389.90GB
|  |  |     runtime filters: RF055[min_max] -> tpcds_partitioned_parquet_snap.store_sales_3.ss_item_sk
|  |  |     stored statistics:
|  |  |       table: rows=8.64G size=389.90GB
|  |  |       partitions: 1824/1824 rows=8.64G
|  |  |       columns: all
|  |  |     extrapolated-rows=disabled max-scan-range-rows=390.22M
|  |  |     mem-estimate=16.00MB mem-reservation=4.00MB thread-reservation=0
|  |  |     tuple-ids=56 row-size=8B cardinality=8.64G(filtered from 8.64G) cost=995320534
|  |  |     in pipelines: 51(GETNEXT)
|  |  |
|  |  130:AGGREGATE [FINALIZE]
|  |  |  group by: tpcds_partitioned_parquet_snap.item_7.i_brand_id, tpcds_partitioned_parquet_snap.item_7.i_class_id, tpcds_partitioned_parquet_snap.item_7.i_category_id
|  |  |  mem-estimate=10.00MB mem-reservation=4.75MB spill-buffer=256.00KB thread-reservation=0
|  |  |  tuple-ids=78 row-size=12B cardinality=149.12K cost=25263984
|  |  |  in pipelines: 130(GETNEXT), 64(OPEN)
|  |  |
|  |  129:EXCHANGE [HASH(tpcds_partitioned_parquet_snap.item_7.i_brand_id,tpcds_partitioned_parquet_snap.item_7.i_class_id,tpcds_partitioned_parquet_snap.item_7.i_category_id)]
|  |  |  mem-estimate=11.88MB mem-reservation=0B thread-reservation=0
|  |  |  tuple-ids=78 row-size=12B cardinality=17.89M cost=2975838
|  |  |  in pipelines: 64(GETNEXT)
|  |  |
|  |  F34:PLAN FRAGMENT [RANDOM] hosts=10 instances=120
|  |  Per-Instance Resources: mem-estimate=33.50MB mem-reservation=5.12MB thread-reservation=1
|  |  max-parallelism=520 segment-costs=[5186478425, 23047987] cpu-comparison-result=120 [max(120 (self) vs 25 (sum children))]
|  |  69:AGGREGATE [STREAMING]
|  |  |  group by: tpcds_partitioned_parquet_snap.item_7.i_brand_id, tpcds_partitioned_parquet_snap.item_7.i_class_id, tpcds_partitioned_parquet_snap.item_7.i_category_id
|  |  |  mem-estimate=10.00MB mem-reservation=5.00MB spill-buffer=256.00KB thread-reservation=0
|  |  |  tuple-ids=78 row-size=12B cardinality=17.89M cost=3047563509
|  |  |  in pipelines: 64(GETNEXT)
|  |  |
|  |  68:HASH JOIN [INNER JOIN, BROADCAST]
|  |  |  hash-table-id=10
|  |  |  hash predicates: tpcds_partitioned_parquet_snap.web_sales_1.ws_item_sk = tpcds_partitioned_parquet_snap.item_7.i_item_sk
|  |  |  fk/pk conjuncts: tpcds_partitioned_parquet_snap.web_sales_1.ws_item_sk = tpcds_partitioned_parquet_snap.item_7.i_item_sk
|  |  |  mem-estimate=0B mem-reservation=0B spill-buffer=2.00MB thread-reservation=0
|  |  |  tuple-ids=72,74,76 row-size=32B cardinality=2.16G cost=944945506
|  |  |  in pipelines: 64(GETNEXT), 67(OPEN)
|  |  |
|  |  |--F77:PLAN FRAGMENT [RANDOM] hosts=10 instances=10
|  |  |  |  Per-Instance Resources: mem-estimate=413.57MB mem-reservation=408.00MB thread-reservation=1
|  |  |  |  max-parallelism=10 segment-costs=[838440]
|  |  |  JOIN BUILD
|  |  |  |  join-table-id=10 plan-id=11 cohort-id=05
|  |  |  |  build expressions: tpcds_partitioned_parquet_snap.item_7.i_item_sk
|  |  |  |  runtime filters: RF051[min_max] <- tpcds_partitioned_parquet_snap.item_7.i_item_sk
|  |  |  |  mem-estimate=408.00MB mem-reservation=408.00MB spill-buffer=2.00MB thread-reservation=0 cost=360000
|  |  |  |
|  |  |  128:EXCHANGE [BROADCAST]
|  |  |  |  mem-estimate=5.57MB mem-reservation=0B thread-reservation=0
|  |  |  |  tuple-ids=76 row-size=16B cardinality=360.00K cost=478440
|  |  |  |  in pipelines: 67(GETNEXT)
|  |  |  |
|  |  |  F36:PLAN FRAGMENT [RANDOM] hosts=4 instances=4
|  |  |  Per-Host Shared Resources: mem-estimate=3.00MB mem-reservation=3.00MB thread-reservation=0 runtime-filters-memory=3.00MB
|  |  |  Per-Instance Resources: mem-estimate=16.08MB mem-reservation=512.00KB thread-reservation=1
|  |  |  max-parallelism=4 segment-costs=[106272]
|  |  |  67:SCAN HDFS [tpcds_partitioned_parquet_snap.item, RANDOM]
|  |  |     HDFS partitions=1/1 files=1 size=33.54MB
|  |  |     runtime filters: RF047[min_max] -> tpcds_partitioned_parquet_snap.item_7.i_brand_id, RF048[min_max] -> tpcds_partitioned_parquet_snap.item_7.i_category_id, RF049[min_max] -> tpcds_partitioned_parquet_snap.item_7.i_class_id, RF044[bloom] -> tpcds_partitioned_parquet_snap.item_7.i_brand_id, RF045[bloom] -> tpcds_partitioned_parquet_snap.item_7.i_category_id, RF046[bloom] -> tpcds_partitioned_parquet_snap.item_7.i_class_id
|  |  |     stored statistics:
|  |  |       table: rows=360.00K size=33.54MB
|  |  |       columns: all
|  |  |     extrapolated-rows=disabled max-scan-range-rows=101.54K
|  |  |     mem-estimate=16.00MB mem-reservation=512.00KB thread-reservation=0
|  |  |     tuple-ids=76 row-size=16B cardinality=360.00K cost=82944
|  |  |     in pipelines: 67(GETNEXT)
|  |  |
|  |  66:HASH JOIN [INNER JOIN, BROADCAST]
|  |  |  hash-table-id=11
|  |  |  hash predicates: tpcds_partitioned_parquet_snap.web_sales_1.ws_sold_date_sk = tpcds_partitioned_parquet_snap.date_dim_9.d_date_sk
|  |  |  fk/pk conjuncts: tpcds_partitioned_parquet_snap.web_sales_1.ws_sold_date_sk = tpcds_partitioned_parquet_snap.date_dim_9.d_date_sk
|  |  |  mem-estimate=0B mem-reservation=0B spill-buffer=64.00KB thread-reservation=0
|  |  |  tuple-ids=72,74 row-size=16B cardinality=2.16G(filtered from 2.16G) cost=945141101
|  |  |  in pipelines: 64(GETNEXT), 65(OPEN)
|  |  |
|  |  |--F78:PLAN FRAGMENT [RANDOM] hosts=10 instances=10
|  |  |  |  Per-Instance Resources: mem-estimate=23.32MB mem-reservation=23.25MB thread-reservation=1
|  |  |  |  max-parallelism=10 segment-costs=[17005]
|  |  |  JOIN BUILD
|  |  |  |  join-table-id=11 plan-id=12 cohort-id=05
|  |  |  |  build expressions: tpcds_partitioned_parquet_snap.date_dim_9.d_date_sk
|  |  |  |  mem-estimate=23.25MB mem-reservation=23.25MB spill-buffer=64.00KB thread-reservation=0 cost=7305
|  |  |  |
|  |  |  127:EXCHANGE [BROADCAST]
|  |  |  |  mem-estimate=69.07KB mem-reservation=0B thread-reservation=0
|  |  |  |  tuple-ids=74 row-size=8B cardinality=7.30K cost=9700
|  |  |  |  in pipelines: 65(GETNEXT)
|  |  |  |
|  |  |  F35:PLAN FRAGMENT [RANDOM] hosts=1 instances=1
|  |  |  Per-Instance Resources: mem-estimate=16.05MB mem-reservation=512.00KB thread-reservation=1
|  |  |  max-parallelism=1 segment-costs=[12835]
|  |  |  65:SCAN HDFS [tpcds_partitioned_parquet_snap.date_dim, RANDOM]
|  |  |     HDFS partitions=1/1 files=1 size=2.17MB
|  |  |     predicates: tpcds_partitioned_parquet_snap.date_dim_9.d_year <= add(CAST(1998 AS INT), CAST(2 AS INT)), tpcds_partitioned_parquet_snap.date_dim_9.d_year >= CAST(1998 AS INT)
|  |  |     stored statistics:
|  |  |       table: rows=73.05K size=2.17MB
|  |  |       columns: all
|  |  |     extrapolated-rows=disabled max-scan-range-rows=73.05K
|  |  |     parquet statistics predicates: tpcds_partitioned_parquet_snap.date_dim_9.d_year <= add(CAST(1998 AS INT), CAST(2 AS INT)), tpcds_partitioned_parquet_snap.date_dim_9.d_year >= CAST(1998 AS INT)
|  |  |     parquet dictionary predicates: tpcds_partitioned_parquet_snap.date_dim_9.d_year <= add(CAST(1998 AS INT), CAST(2 AS INT)), tpcds_partitioned_parquet_snap.date_dim_9.d_year >= CAST(1998 AS INT)
|  |  |     mem-estimate=16.00MB mem-reservation=512.00KB thread-reservation=0
|  |  |     tuple-ids=74 row-size=8B cardinality=7.30K cost=12520
|  |  |     in pipelines: 65(GETNEXT)
|  |  |
|  |  64:SCAN HDFS [tpcds_partitioned_parquet_snap.web_sales, RANDOM]
|  |     HDFS partitions=1824/1824 files=1824 size=145.75GB
|  |     runtime filters: RF051[min_max] -> tpcds_partitioned_parquet_snap.web_sales_1.ws_item_sk
|  |     stored statistics:
|  |       table: rows=2.16G size=145.75GB
|  |       partitions: 1824/1824 rows=2.16G
|  |       columns: all
|  |     extrapolated-rows=disabled max-scan-range-rows=3.37M
|  |     mem-estimate=16.00MB mem-reservation=128.00KB thread-reservation=0
|  |     tuple-ids=72 row-size=8B cardinality=2.16G(filtered from 2.16G) cost=248828309
|  |     in pipelines: 64(GETNEXT)
|  |
|  47:SCAN HDFS [tpcds_partitioned_parquet_snap.store_sales, RANDOM]
|     HDFS partitions=1824/1824 files=1824 size=389.90GB
|     runtime filters: RF043[min_max] -> tpcds_partitioned_parquet_snap.store_sales_2.ss_item_sk, RF039[min_max] -> tpcds_partitioned_parquet_snap.store_sales_2.ss_item_sk, RF040[bloom] -> tpcds_partitioned_parquet_snap.store_sales_2.ss_sold_date_sk
|     stored statistics:
|       table: rows=8.64G size=389.90GB
|       partitions: 1824/1824 rows=8.64G
|       columns: all
|     extrapolated-rows=disabled max-scan-range-rows=390.22M est-scan-range=7(filtered from 1824)
|     mem-estimate=16.00MB mem-reservation=8.00MB thread-reservation=0
|     tuple-ids=52 row-size=16B cardinality=33.16M(filtered from 8.64G) cost=7639521
|     in pipelines: 47(GETNEXT)
|
46:NESTED LOOP JOIN [INNER JOIN, BROADCAST]
|  join table id: 16
|  join predicates: sum(multiply(tpcds_partitioned_parquet_snap.store_sales.ss_quantity, tpcds_partitioned_parquet_snap.store_sales.ss_list_price)) > avg(multiply(QUANTITY, LIST_PRICE))
|  mem-estimate=0B mem-reservation=0B thread-reservation=0
|  tuple-ids=35,51 row-size=52B cardinality=149.12K cost=30554
|  in pipelines: 120(GETNEXT), 125(OPEN)
|
|--F83:PLAN FRAGMENT [HASH(tpcds_partitioned_parquet_snap.item_3.i_brand_id,tpcds_partitioned_parquet_snap.item_3.i_class_id,tpcds_partitioned_parquet_snap.item_3.i_category_id)] hosts=10 instances=10
|  |  Per-Instance Resources: mem-estimate=16.02KB mem-reservation=0B thread-reservation=1
|  |  max-parallelism=10 segment-costs=[0] cpu-comparison-result=120 [max(10 (self) vs 120 (sum children))]
|  JOIN BUILD
|  |  join-table-id=16 plan-id=17 cohort-id=01
|  |  mem-estimate=16B mem-reservation=0B thread-reservation=0 cost=0
|  |
|  126:EXCHANGE [BROADCAST]
|  |  mem-estimate=16.00KB mem-reservation=0B thread-reservation=0
|  |  tuple-ids=51 row-size=16B cardinality=1 cost=0
|  |  in pipelines: 125(GETNEXT)
|  |
|  F32:PLAN FRAGMENT [UNPARTITIONED] hosts=1 instances=1
|  Per-Instance Resources: mem-estimate=297.44KB mem-reservation=0B thread-reservation=1
|  max-parallelism=1 segment-costs=[30, 0] cpu-comparison-result=120 [max(1 (self) vs 120 (sum children))]
|  125:AGGREGATE [FINALIZE]
|  |  output: avg:merge(multiply(QUANTITY, LIST_PRICE))
|  |  mem-estimate=16.00KB mem-reservation=0B spill-buffer=2.00MB thread-reservation=0
|  |  tuple-ids=51 row-size=16B cardinality=1 cost=8
|  |  in pipelines: 125(GETNEXT), 45(OPEN)
|  |
|  124:EXCHANGE [UNPARTITIONED]
|  |  mem-estimate=281.44KB mem-reservation=0B thread-reservation=0
|  |  tuple-ids=50 row-size=16B cardinality=120 cost=22
|  |  in pipelines: 45(GETNEXT)
|  |
|  F31:PLAN FRAGMENT [RANDOM] hosts=10 instances=120
|  Per-Instance Resources: mem-estimate=16.02MB mem-reservation=8.00MB thread-reservation=1
|  max-parallelism=120 segment-costs=[11061173397, 185] cpu-comparison-result=120 [max(120 (self) vs 33 (sum children))]
|  45:AGGREGATE
|  |  output: avg(multiply(CAST(QUANTITY AS DECIMAL(10,0)), LIST_PRICE))
|  |  mem-estimate=16.00KB mem-reservation=0B spill-buffer=2.00MB thread-reservation=0
|  |  tuple-ids=50 row-size=16B cardinality=120 cost=1058398679
|  |  in pipelines: 45(GETNEXT), 36(OPEN), 39(OPEN), 42(OPEN)
|  |
|  34:UNION
|  |  pass-through-operands: 35
|  |  mem-estimate=0B mem-reservation=0B thread-reservation=0
|  |  tuple-ids=49 row-size=8B cardinality=15.12G cost=110287964
|  |  in pipelines: 36(GETNEXT), 39(GETNEXT), 42(GETNEXT)
|  |
|  |--44:HASH JOIN [INNER JOIN, BROADCAST]
|  |  |  hash-table-id=19
|  |  |  hash predicates: tpcds_partitioned_parquet_snap.web_sales_0.ws_sold_date_sk = tpcds_partitioned_parquet_snap.date_dim_6.d_date_sk
|  |  |  fk/pk conjuncts: tpcds_partitioned_parquet_snap.web_sales_0.ws_sold_date_sk = tpcds_partitioned_parquet_snap.date_dim_6.d_date_sk
|  |  |  mem-estimate=0B mem-reservation=0B spill-buffer=64.00KB thread-reservation=0
|  |  |  tuple-ids=45,47 row-size=20B cardinality=2.16G cost=945417979
|  |  |  in pipelines: 42(GETNEXT), 43(OPEN)
|  |  |
|  |  |--F86:PLAN FRAGMENT [RANDOM] hosts=10 instances=10
|  |  |  |  Per-Instance Resources: mem-estimate=23.32MB mem-reservation=23.25MB thread-reservation=1
|  |  |  |  max-parallelism=10 segment-costs=[17005]
|  |  |  JOIN BUILD
|  |  |  |  join-table-id=19 plan-id=20 cohort-id=06
|  |  |  |  build expressions: tpcds_partitioned_parquet_snap.date_dim_6.d_date_sk
|  |  |  |  mem-estimate=23.25MB mem-reservation=23.25MB spill-buffer=64.00KB thread-reservation=0 cost=7305
|  |  |  |
|  |  |  123:EXCHANGE [BROADCAST]
|  |  |  |  mem-estimate=69.07KB mem-reservation=0B thread-reservation=0
|  |  |  |  tuple-ids=47 row-size=8B cardinality=7.30K cost=9700
|  |  |  |  in pipelines: 43(GETNEXT)
|  |  |  |
|  |  |  F30:PLAN FRAGMENT [RANDOM] hosts=1 instances=1
|  |  |  Per-Instance Resources: mem-estimate=16.05MB mem-reservation=512.00KB thread-reservation=1
|  |  |  max-parallelism=1 segment-costs=[12835]
|  |  |  43:SCAN HDFS [tpcds_partitioned_parquet_snap.date_dim, RANDOM]
|  |  |     HDFS partitions=1/1 files=1 size=2.17MB
|  |  |     predicates: tpcds_partitioned_parquet_snap.date_dim_6.d_year <= add(CAST(1998 AS INT), CAST(2 AS INT)), tpcds_partitioned_parquet_snap.date_dim_6.d_year >= CAST(1998 AS INT)
|  |  |     stored statistics:
|  |  |       table: rows=73.05K size=2.17MB
|  |  |       columns: all
|  |  |     extrapolated-rows=disabled max-scan-range-rows=73.05K
|  |  |     parquet statistics predicates: tpcds_partitioned_parquet_snap.date_dim_6.d_year <= add(CAST(1998 AS INT), CAST(2 AS INT)), tpcds_partitioned_parquet_snap.date_dim_6.d_year >= CAST(1998 AS INT)
|  |  |     parquet dictionary predicates: tpcds_partitioned_parquet_snap.date_dim_6.d_year <= add(CAST(1998 AS INT), CAST(2 AS INT)), tpcds_partitioned_parquet_snap.date_dim_6.d_year >= CAST(1998 AS INT)
|  |  |     mem-estimate=16.00MB mem-reservation=512.00KB thread-reservation=0
|  |  |     tuple-ids=47 row-size=8B cardinality=7.30K cost=12520
|  |  |     in pipelines: 43(GETNEXT)
|  |  |
|  |  42:SCAN HDFS [tpcds_partitioned_parquet_snap.web_sales, RANDOM]
|  |     HDFS partitions=1824/1824 files=1824 size=145.75GB
|  |     stored statistics:
|  |       table: rows=2.16G size=145.75GB
|  |       partitions: 1824/1824 rows=2.16G
|  |       columns: all
|  |     extrapolated-rows=disabled max-scan-range-rows=3.37M
|  |     mem-estimate=16.00MB mem-reservation=128.00KB thread-reservation=0
|  |     tuple-ids=45 row-size=12B cardinality=2.16G cost=373242464
|  |     in pipelines: 42(GETNEXT)
|  |
|  35:UNION
|  |  mem-estimate=0B mem-reservation=0B thread-reservation=0
|  |  tuple-ids=44 row-size=8B cardinality=12.96G cost=661738272
|  |  in pipelines: 36(GETNEXT), 39(GETNEXT)
|  |
|  |--41:HASH JOIN [INNER JOIN, BROADCAST]
|  |  |  hash-table-id=18
|  |  |  hash predicates: tpcds_partitioned_parquet_snap.catalog_sales_0.cs_sold_date_sk = tpcds_partitioned_parquet_snap.date_dim_5.d_date_sk
|  |  |  fk/pk conjuncts: tpcds_partitioned_parquet_snap.catalog_sales_0.cs_sold_date_sk = tpcds_partitioned_parquet_snap.date_dim_5.d_date_sk
|  |  |  mem-estimate=0B mem-reservation=0B spill-buffer=64.00KB thread-reservation=0
|  |  |  tuple-ids=40,42 row-size=20B cardinality=4.32G cost=1890898131
|  |  |  in pipelines: 39(GETNEXT), 40(OPEN)
|  |  |
|  |  |--F85:PLAN FRAGMENT [RANDOM] hosts=10 instances=10
|  |  |  |  Per-Instance Resources: mem-estimate=23.32MB mem-reservation=23.25MB thread-reservation=1
|  |  |  |  max-parallelism=10 segment-costs=[17005]
|  |  |  JOIN BUILD
|  |  |  |  join-table-id=18 plan-id=19 cohort-id=06
|  |  |  |  build expressions: tpcds_partitioned_parquet_snap.date_dim_5.d_date_sk
|  |  |  |  mem-estimate=23.25MB mem-reservation=23.25MB spill-buffer=64.00KB thread-reservation=0 cost=7305
|  |  |  |
|  |  |  122:EXCHANGE [BROADCAST]
|  |  |  |  mem-estimate=69.07KB mem-reservation=0B thread-reservation=0
|  |  |  |  tuple-ids=42 row-size=8B cardinality=7.30K cost=9700
|  |  |  |  in pipelines: 40(GETNEXT)
|  |  |  |
|  |  |  F27:PLAN FRAGMENT [RANDOM] hosts=1 instances=1
|  |  |  Per-Instance Resources: mem-estimate=16.05MB mem-reservation=512.00KB thread-reservation=1
|  |  |  max-parallelism=1 segment-costs=[12835]
|  |  |  40:SCAN HDFS [tpcds_partitioned_parquet_snap.date_dim, RANDOM]
|  |  |     HDFS partitions=1/1 files=1 size=2.17MB
|  |  |     predicates: tpcds_partitioned_parquet_snap.date_dim_5.d_year <= add(CAST(1998 AS INT), CAST(2 AS INT)), tpcds_partitioned_parquet_snap.date_dim_5.d_year >= CAST(1998 AS INT)
|  |  |     stored statistics:
|  |  |       table: rows=73.05K size=2.17MB
|  |  |       columns: all
|  |  |     extrapolated-rows=disabled max-scan-range-rows=73.05K
|  |  |     parquet statistics predicates: tpcds_partitioned_parquet_snap.date_dim_5.d_year <= add(CAST(1998 AS INT), CAST(2 AS INT)), tpcds_partitioned_parquet_snap.date_dim_5.d_year >= CAST(1998 AS INT)
|  |  |     parquet dictionary predicates: tpcds_partitioned_parquet_snap.date_dim_5.d_year <= add(CAST(1998 AS INT), CAST(2 AS INT)), tpcds_partitioned_parquet_snap.date_dim_5.d_year >= CAST(1998 AS INT)
|  |  |     mem-estimate=16.00MB mem-reservation=512.00KB thread-reservation=0
|  |  |     tuple-ids=42 row-size=8B cardinality=7.30K cost=12520
|  |  |     in pipelines: 40(GETNEXT)
|  |  |
|  |  39:SCAN HDFS [tpcds_partitioned_parquet_snap.catalog_sales, RANDOM]
|  |     HDFS partitions=1831/1831 files=1831 size=280.96GB
|  |     stored statistics:
|  |       table: rows=4.32G size=280.96GB
|  |       partitions: 1831/1831 rows=4.32G
|  |       columns: all
|  |     extrapolated-rows=disabled max-scan-range-rows=21.52M
|  |     mem-estimate=16.00MB mem-reservation=1.00MB thread-reservation=0
|  |     tuple-ids=40 row-size=12B cardinality=4.32G cost=746509474
|  |     in pipelines: 39(GETNEXT)
|  |
|  38:HASH JOIN [INNER JOIN, BROADCAST]
|  |  hash-table-id=17
|  |  hash predicates: tpcds_partitioned_parquet_snap.store_sales_1.ss_sold_date_sk = tpcds_partitioned_parquet_snap.date_dim_4.d_date_sk
|  |  fk/pk conjuncts: tpcds_partitioned_parquet_snap.store_sales_1.ss_sold_date_sk = tpcds_partitioned_parquet_snap.date_dim_4.d_date_sk
|  |  mem-estimate=0B mem-reservation=0B spill-buffer=64.00KB thread-reservation=0
|  |  tuple-ids=36,38 row-size=20B cardinality=8.64G cost=3781699633
|  |  in pipelines: 36(GETNEXT), 37(OPEN)
|  |
|  |--F84:PLAN FRAGMENT [RANDOM] hosts=10 instances=10
|  |  |  Per-Instance Resources: mem-estimate=23.32MB mem-reservation=23.25MB thread-reservation=1
|  |  |  max-parallelism=10 segment-costs=[17005]
|  |  JOIN BUILD
|  |  |  join-table-id=17 plan-id=18 cohort-id=06
|  |  |  build expressions: tpcds_partitioned_parquet_snap.date_dim_4.d_date_sk
|  |  |  mem-estimate=23.25MB mem-reservation=23.25MB spill-buffer=64.00KB thread-reservation=0 cost=7305
|  |  |
|  |  121:EXCHANGE [BROADCAST]
|  |  |  mem-estimate=69.07KB mem-reservation=0B thread-reservation=0
|  |  |  tuple-ids=38 row-size=8B cardinality=7.30K cost=9700
|  |  |  in pipelines: 37(GETNEXT)
|  |  |
|  |  F25:PLAN FRAGMENT [RANDOM] hosts=1 instances=1
|  |  Per-Instance Resources: mem-estimate=16.05MB mem-reservation=512.00KB thread-reservation=1
|  |  max-parallelism=1 segment-costs=[12835]
|  |  37:SCAN HDFS [tpcds_partitioned_parquet_snap.date_dim, RANDOM]
|  |     HDFS partitions=1/1 files=1 size=2.17MB
|  |     predicates: tpcds_partitioned_parquet_snap.date_dim_4.d_year <= add(CAST(1998 AS INT), CAST(2 AS INT)), tpcds_partitioned_parquet_snap.date_dim_4.d_year >= CAST(1998 AS INT)
|  |     stored statistics:
|  |       table: rows=73.05K size=2.17MB
|  |       columns: all
|  |     extrapolated-rows=disabled max-scan-range-rows=73.05K
|  |     parquet statistics predicates: tpcds_partitioned_parquet_snap.date_dim_4.d_year <= add(CAST(1998 AS INT), CAST(2 AS INT)), tpcds_partitioned_parquet_snap.date_dim_4.d_year >= CAST(1998 AS INT)
|  |     parquet dictionary predicates: tpcds_partitioned_parquet_snap.date_dim_4.d_year <= add(CAST(1998 AS INT), CAST(2 AS INT)), tpcds_partitioned_parquet_snap.date_dim_4.d_year >= CAST(1998 AS INT)
|  |     mem-estimate=16.00MB mem-reservation=512.00KB thread-reservation=0
|  |     tuple-ids=38 row-size=8B cardinality=7.30K cost=12520
|  |     in pipelines: 37(GETNEXT)
|  |
|  36:SCAN HDFS [tpcds_partitioned_parquet_snap.store_sales, RANDOM]
|     HDFS partitions=1824/1824 files=1824 size=389.90GB
|     stored statistics:
|       table: rows=8.64G size=389.90GB
|       partitions: 1824/1824 rows=8.64G
|       columns: all
|     extrapolated-rows=disabled max-scan-range-rows=390.22M
|     mem-estimate=16.00MB mem-reservation=8.00MB thread-reservation=0
|     tuple-ids=36 row-size=12B cardinality=8.64G cost=1492980801
|     in pipelines: 36(GETNEXT)
|
120:AGGREGATE [FINALIZE]
|  output: sum:merge(multiply(tpcds_partitioned_parquet_snap.store_sales.ss_quantity, tpcds_partitioned_parquet_snap.store_sales.ss_list_price)), count:merge()
|  group by: tpcds_partitioned_parquet_snap.item_3.i_brand_id, tpcds_partitioned_parquet_snap.item_3.i_class_id, tpcds_partitioned_parquet_snap.item_3.i_category_id
|  mem-estimate=10.00MB mem-reservation=1.94MB spill-buffer=64.00KB thread-reservation=0
|  tuple-ids=35 row-size=36B cardinality=149.12K cost=5042248
|  in pipelines: 120(GETNEXT), 00(OPEN)
|
119:EXCHANGE [HASH(tpcds_partitioned_parquet_snap.item_3.i_brand_id,tpcds_partitioned_parquet_snap.item_3.i_class_id,tpcds_partitioned_parquet_snap.item_3.i_category_id)]
|  mem-estimate=10.39MB mem-reservation=0B thread-reservation=0
|  tuple-ids=35 row-size=36B cardinality=3.02M cost=836740
|  in pipelines: 00(GETNEXT)
|
F22:PLAN FRAGMENT [HASH(tpcds_partitioned_parquet_snap.store_sales.ss_item_sk)] hosts=10 instances=10 (adjusted from 120)
Per-Instance Resources: mem-estimate=34.42MB mem-reservation=9.00MB thread-reservation=1
max-parallelism=10 segment-costs=[21149891, 8568806] cpu-comparison-result=399 [max(17 (self) vs 399 (sum children))]
33:AGGREGATE [STREAMING]
|  output: sum(multiply(CAST(tpcds_partitioned_parquet_snap.store_sales.ss_quantity AS DECIMAL(10,0)), tpcds_partitioned_parquet_snap.store_sales.ss_list_price)), count()
|  group by: tpcds_partitioned_parquet_snap.item_3.i_brand_id, tpcds_partitioned_parquet_snap.item_3.i_class_id, tpcds_partitioned_parquet_snap.item_3.i_category_id
|  mem-estimate=10.00MB mem-reservation=9.00MB spill-buffer=512.00KB thread-reservation=0
|  tuple-ids=35 row-size=36B cardinality=3.02M cost=18477695
|  in pipelines: 00(GETNEXT)
|
32:HASH JOIN [INNER JOIN, PARTITIONED]
|  hash-table-id=20
|  hash predicates: tpcds_partitioned_parquet_snap.store_sales.ss_item_sk = tpcds_partitioned_parquet_snap.item_3.i_item_sk
|  fk/pk conjuncts: tpcds_partitioned_parquet_snap.store_sales.ss_item_sk = tpcds_partitioned_parquet_snap.item_3.i_item_sk
|  mem-estimate=0B mem-reservation=0B spill-buffer=128.00KB thread-reservation=0
|  tuple-ids=0,29,31,33 row-size=56B cardinality=3.31M cost=1450285
|  in pipelines: 00(GETNEXT), 31(OPEN)
|
|--F87:PLAN FRAGMENT [HASH(tpcds_partitioned_parquet_snap.store_sales.ss_item_sk)] hosts=10 instances=10 (adjusted from 120)
|  |  Per-Instance Resources: mem-estimate=4.33MB mem-reservation=2.88MB thread-reservation=1
|  |  max-parallelism=10 segment-costs=[426492]
|  JOIN BUILD
|  |  join-table-id=20 plan-id=21 cohort-id=01
|  |  build expressions: tpcds_partitioned_parquet_snap.item_3.i_item_sk
|  |  runtime filters: RF007[min_max] <- tpcds_partitioned_parquet_snap.item_3.i_item_sk
|  |  mem-estimate=2.88MB mem-reservation=2.88MB spill-buffer=128.00KB thread-reservation=0 cost=360000
|  |
|  118:EXCHANGE [HASH(tpcds_partitioned_parquet_snap.item_3.i_item_sk)]
|  |  mem-estimate=1.45MB mem-reservation=0B thread-reservation=0
|  |  tuple-ids=33 row-size=16B cardinality=360.00K cost=66492
|  |  in pipelines: 31(GETNEXT)
|  |
|  F21:PLAN FRAGMENT [RANDOM] hosts=4 instances=4
|  Per-Instance Resources: mem-estimate=16.78MB mem-reservation=512.00KB thread-reservation=1
|  max-parallelism=4 segment-costs=[639360]
|  31:SCAN HDFS [tpcds_partitioned_parquet_snap.item, RANDOM]
|     HDFS partitions=1/1 files=1 size=33.54MB
|     runtime filters: RF003[min_max] -> tpcds_partitioned_parquet_snap.item_3.i_brand_id, RF004[min_max] -> tpcds_partitioned_parquet_snap.item_3.i_category_id, RF005[min_max] -> tpcds_partitioned_parquet_snap.item_3.i_class_id
|     stored statistics:
|       table: rows=360.00K size=33.54MB
|       columns: all
|     extrapolated-rows=disabled max-scan-range-rows=101.54K
|     mem-estimate=16.00MB mem-reservation=512.00KB thread-reservation=0
|     tuple-ids=33 row-size=16B cardinality=360.00K cost=82944
|     in pipelines: 31(GETNEXT)
|
117:EXCHANGE [HASH(tpcds_partitioned_parquet_snap.store_sales.ss_item_sk)]
|  mem-estimate=10.36MB mem-reservation=0B thread-reservation=0
|  tuple-ids=0,29,31 row-size=40B cardinality=3.31M cost=1221911
|  in pipelines: 00(GETNEXT)
|
F00:PLAN FRAGMENT [RANDOM] hosts=10 instances=7 (adjusted from 120)
Per-Host Shared Resources: mem-estimate=1.00MB mem-reservation=1.00MB thread-reservation=0 runtime-filters-memory=1.00MB
Per-Instance Resources: mem-estimate=18.03MB mem-reservation=8.00MB thread-reservation=1
max-parallelism=7 segment-costs=[195386723]
30:HASH JOIN [INNER JOIN, BROADCAST]
|  hash-table-id=21
|  hash predicates: tpcds_partitioned_parquet_snap.store_sales.ss_sold_date_sk = tpcds_partitioned_parquet_snap.date_dim_2.d_date_sk
|  fk/pk conjuncts: tpcds_partitioned_parquet_snap.store_sales.ss_sold_date_sk = tpcds_partitioned_parquet_snap.date_dim_2.d_date_sk
|  mem-estimate=0B mem-reservation=0B spill-buffer=64.00KB thread-reservation=0
|  tuple-ids=0,29,31 row-size=40B cardinality=3.31M cost=9105452
|  in pipelines: 00(GETNEXT), 26(OPEN)
|
|--F88:PLAN FRAGMENT [RANDOM] hosts=10 instances=10
|  |  Per-Instance Resources: mem-estimate=2.95MB mem-reservation=2.94MB thread-reservation=1 runtime-filters-memory=1.00MB
|  |  max-parallelism=10 segment-costs=[7] cpu-comparison-result=11 [max(11 (self) vs 2 (sum children))]
|  JOIN BUILD
|  |  join-table-id=21 plan-id=22 cohort-id=01
|  |  build expressions: tpcds_partitioned_parquet_snap.date_dim_2.d_date_sk
|  |  runtime filters: RF008[bloom] <- tpcds_partitioned_parquet_snap.date_dim_2.d_date_sk
|  |  mem-estimate=1.94MB mem-reservation=1.94MB spill-buffer=64.00KB thread-reservation=0 cost=7
|  |
|  116:EXCHANGE [BROADCAST]
|  |  mem-estimate=16.00KB mem-reservation=0B thread-reservation=0
|  |  tuple-ids=29,31 row-size=24B cardinality=7 cost=0
|  |  in pipelines: 26(GETNEXT)
|  |
|  F18:PLAN FRAGMENT [RANDOM] hosts=1 instances=1
|  Per-Host Shared Resources: mem-estimate=1.00MB mem-reservation=1.00MB thread-reservation=0 runtime-filters-memory=1.00MB
|  Per-Instance Resources: mem-estimate=16.12MB mem-reservation=512.00KB thread-reservation=1
|  max-parallelism=1 segment-costs=[8418]
|  29:HASH JOIN [INNER JOIN, BROADCAST]
|  |  hash-table-id=22
|  |  hash predicates: tpcds_partitioned_parquet_snap.date_dim_2.d_week_seq = tpcds_partitioned_parquet_snap.date_dim_3.d_week_seq
|  |  fk/pk conjuncts: none
|  |  mem-estimate=0B mem-reservation=0B spill-buffer=64.00KB thread-reservation=0
|  |  tuple-ids=29,31 row-size=24B cardinality=7 cost=3
|  |  in pipelines: 26(GETNEXT), 28(OPEN)
|  |
|  |--F89:PLAN FRAGMENT [RANDOM] hosts=1 instances=1
|  |  |  Per-Instance Resources: mem-estimate=2.95MB mem-reservation=2.94MB thread-reservation=1 runtime-filters-memory=1.00MB
|  |  |  max-parallelism=1 segment-costs=[1] cpu-comparison-result=2 [max(1 (self) vs 2 (sum children))]
|  |  JOIN BUILD
|  |  |  join-table-id=22 plan-id=23 cohort-id=07
|  |  |  build expressions: tpcds_partitioned_parquet_snap.date_dim_3.d_week_seq
|  |  |  runtime filters: RF030[bloom] <- tpcds_partitioned_parquet_snap.date_dim_3.d_week_seq, RF031[min_max] <- tpcds_partitioned_parquet_snap.date_dim_3.d_week_seq
|  |  |  mem-estimate=1.94MB mem-reservation=1.94MB spill-buffer=64.00KB thread-reservation=0 cost=1
|  |  |
|  |  115:EXCHANGE [BROADCAST]
|  |  |  mem-estimate=16.00KB mem-reservation=0B thread-reservation=0
|  |  |  tuple-ids=31 row-size=16B cardinality=1 cost=0
|  |  |  in pipelines: 28(GETNEXT)
|  |  |
|  |  F20:PLAN FRAGMENT [UNPARTITIONED] hosts=1 instances=1
|  |  Per-Instance Resources: mem-estimate=80.00KB mem-reservation=0B thread-reservation=1
|  |  max-parallelism=1 segment-costs=[5, 0]
|  |  28:CARDINALITY CHECK
|  |  |  limit: 1
|  |  |  mem-estimate=0B mem-reservation=0B thread-reservation=0
|  |  |  tuple-ids=31 row-size=16B cardinality=1 cost=0
|  |  |  in pipelines: 28(GETNEXT), 27(OPEN)
|  |  |
|  |  114:EXCHANGE [UNPARTITIONED]
|  |  |  limit: 2
|  |  |  mem-estimate=16.00KB mem-reservation=0B thread-reservation=0
|  |  |  tuple-ids=31 row-size=16B cardinality=2 cost=5
|  |  |  in pipelines: 27(GETNEXT)
|  |  |
|  |  F19:PLAN FRAGMENT [RANDOM] hosts=1 instances=1
|  |  Per-Instance Resources: mem-estimate=16.08MB mem-reservation=512.00KB thread-reservation=1
|  |  max-parallelism=1 segment-costs=[22991]
|  |  27:SCAN HDFS [tpcds_partitioned_parquet_snap.date_dim, RANDOM]
|  |     HDFS partitions=1/1 files=1 size=2.17MB
|  |     predicates: tpcds_partitioned_parquet_snap.date_dim_3.d_year = add(CAST(1998 AS INT), CAST(1 AS INT)), tpcds_partitioned_parquet_snap.date_dim_3.d_dom = CAST(20 AS INT), tpcds_partitioned_parquet_snap.date_dim_3.d_moy = CAST(12 AS INT)
|  |     stored statistics:
|  |       table: rows=73.05K size=2.17MB
|  |       columns: all
|  |     extrapolated-rows=disabled max-scan-range-rows=73.05K
|  |     parquet statistics predicates: tpcds_partitioned_parquet_snap.date_dim_3.d_year = add(CAST(1998 AS INT), CAST(1 AS INT)), tpcds_partitioned_parquet_snap.date_dim_3.d_dom = CAST(20 AS INT), tpcds_partitioned_parquet_snap.date_dim_3.d_moy = CAST(12 AS INT)
|  |     parquet dictionary predicates: tpcds_partitioned_parquet_snap.date_dim_3.d_year = add(CAST(1998 AS INT), CAST(1 AS INT)), tpcds_partitioned_parquet_snap.date_dim_3.d_dom = CAST(20 AS INT), tpcds_partitioned_parquet_snap.date_dim_3.d_moy = CAST(12 AS INT)
|  |     limit: 2
|  |     mem-estimate=16.00MB mem-reservation=512.00KB thread-reservation=0
|  |     tuple-ids=31 row-size=16B cardinality=29 cost=22988
|  |     in pipelines: 27(GETNEXT)
|  |
|  26:SCAN HDFS [tpcds_partitioned_parquet_snap.date_dim, RANDOM]
|     HDFS partitions=1/1 files=1 size=2.17MB
|     runtime filters: RF031[min_max] -> tpcds_partitioned_parquet_snap.date_dim_2.d_week_seq, RF030[bloom] -> tpcds_partitioned_parquet_snap.date_dim_2.d_week_seq
|     stored statistics:
|       table: rows=73.05K size=2.17MB
|       columns: all
|     extrapolated-rows=disabled max-scan-range-rows=73.05K
|     mem-estimate=16.00MB mem-reservation=512.00KB thread-reservation=0
|     tuple-ids=29 row-size=8B cardinality=7(filtered from 73.05K) cost=8415
|     in pipelines: 26(GETNEXT)
|
25:HASH JOIN [LEFT SEMI JOIN, BROADCAST]
|  hash-table-id=23
|  hash predicates: tpcds_partitioned_parquet_snap.store_sales.ss_item_sk = tpcds_partitioned_parquet_snap.item.i_item_sk
|  mem-estimate=0B mem-reservation=0B spill-buffer=128.00KB thread-reservation=0
|  tuple-ids=0 row-size=16B cardinality=33.16M(filtered from 863.56M) cost=164982323
|  in pipelines: 00(GETNEXT), 111(OPEN)
|
|--F90:PLAN FRAGMENT [RANDOM] hosts=10 instances=10
|  |  Per-Instance Resources: mem-estimate=4.54MB mem-reservation=2.88MB thread-reservation=1
|  |  max-parallelism=10 segment-costs=[83840] cpu-comparison-result=374 [max(10 (self) vs 374 (sum children))]
|  JOIN BUILD
|  |  join-table-id=23 plan-id=24 cohort-id=01
|  |  build expressions: tpcds_partitioned_parquet_snap.item.i_item_sk
|  |  runtime filters: RF011[min_max] <- tpcds_partitioned_parquet_snap.item.i_item_sk
|  |  mem-estimate=2.88MB mem-reservation=2.88MB spill-buffer=128.00KB thread-reservation=0 cost=36000
|  |
|  113:EXCHANGE [BROADCAST]
|  |  mem-estimate=1.67MB mem-reservation=0B thread-reservation=0
|  |  tuple-ids=28,2 row-size=36B cardinality=36.00K cost=47840
|  |  in pipelines: 111(GETNEXT)
|  |
|  F16:PLAN FRAGMENT [HASH(BRAND_ID,CLASS_ID,CATEGORY_ID)] hosts=10 instances=10 (adjusted from 120)
|  Per-Instance Resources: mem-estimate=131.67MB mem-reservation=34.00MB thread-reservation=1
|  max-parallelism=10 segment-costs=[2731445, 126325] cpu-comparison-result=374 [max(10 (self) vs 374 (sum children))]
|  24:HASH JOIN [INNER JOIN, PARTITIONED]
|  |  hash-table-id=24
|  |  hash predicates: BRAND_ID = tpcds_partitioned_parquet_snap.item.i_brand_id, CATEGORY_ID = tpcds_partitioned_parquet_snap.item.i_category_id, CLASS_ID = tpcds_partitioned_parquet_snap.item.i_class_id
|  |  fk/pk conjuncts: assumed fk/pk
|  |  mem-estimate=0B mem-reservation=0B spill-buffer=64.00KB thread-reservation=0
|  |  tuple-ids=28,2 row-size=36B cardinality=36.00K cost=121271
|  |  in pipelines: 111(GETNEXT), 01(OPEN)
|  |
|  |--F91:PLAN FRAGMENT [HASH(BRAND_ID,CLASS_ID,CATEGORY_ID)] hosts=10 instances=10 (adjusted from 120)
|  |  |  Per-Instance Resources: mem-estimate=5.15MB mem-reservation=4.94MB thread-reservation=1 runtime-filters-memory=3.00MB
|  |  |  max-parallelism=10 segment-costs=[42649]
|  |  JOIN BUILD
|  |  |  join-table-id=24 plan-id=25 cohort-id=08
|  |  |  build expressions: tpcds_partitioned_parquet_snap.item.i_brand_id, tpcds_partitioned_parquet_snap.item.i_category_id, tpcds_partitioned_parquet_snap.item.i_class_id
|  |  |  runtime filters: RF012[bloom] <- tpcds_partitioned_parquet_snap.item.i_brand_id, RF013[bloom] <- tpcds_partitioned_parquet_snap.item.i_category_id, RF014[bloom] <- tpcds_partitioned_parquet_snap.item.i_class_id, RF015[min_max] <- tpcds_partitioned_parquet_snap.item.i_brand_id, RF016[min_max] <- tpcds_partitioned_parquet_snap.item.i_category_id, RF017[min_max] <- tpcds_partitioned_parquet_snap.item.i_class_id
|  |  |  mem-estimate=1.94MB mem-reservation=1.94MB spill-buffer=64.00KB thread-reservation=0 cost=36000
|  |  |
|  |  112:EXCHANGE [HASH(tpcds_partitioned_parquet_snap.item.i_brand_id,tpcds_partitioned_parquet_snap.item.i_class_id,tpcds_partitioned_parquet_snap.item.i_category_id)]
|  |  |  mem-estimate=220.62KB mem-reservation=0B thread-reservation=0
|  |  |  tuple-ids=2 row-size=16B cardinality=36.00K cost=6649
|  |  |  in pipelines: 01(GETNEXT)
|  |  |
|  |  F17:PLAN FRAGMENT [RANDOM] hosts=4 instances=4
|  |  Per-Instance Resources: mem-estimate=16.78MB mem-reservation=512.00KB thread-reservation=1
|  |  max-parallelism=4 segment-costs=[148701]
|  |  01:SCAN HDFS [tpcds_partitioned_parquet_snap.item, RANDOM]
|  |     HDFS partitions=1/1 files=1 size=33.54MB
|  |     predicates: is_not_null_pred(tpcds_partitioned_parquet_snap.item.i_item_sk)
|  |     runtime filters: RF007[min_max] -> tpcds_partitioned_parquet_snap.item.i_item_sk
|  |     stored statistics:
|  |       table: rows=360.00K size=33.54MB
|  |       columns: all
|  |     extrapolated-rows=disabled max-scan-range-rows=101.54K
|  |     parquet dictionary predicates: is_not_null_pred(tpcds_partitioned_parquet_snap.item.i_item_sk)
|  |     mem-estimate=16.00MB mem-reservation=512.00KB thread-reservation=0
|  |     tuple-ids=2 row-size=16B cardinality=36.00K cost=93060
|  |     in pipelines: 01(GETNEXT)
|  |
|  111:AGGREGATE [FINALIZE]
|  |  output: count:merge()
|  |  group by: BRAND_ID, CLASS_ID, CATEGORY_ID
|  |  having: count() = CAST(2 AS BIGINT)
|  |  mem-estimate=128.00MB mem-reservation=34.00MB spill-buffer=2.00MB thread-reservation=0
|  |  tuple-ids=28 row-size=20B cardinality=447.36K cost=2640587
|  |  in pipelines: 111(GETNEXT), 99(OPEN), 109(OPEN)
|  |
|  110:EXCHANGE [HASH(BRAND_ID,CLASS_ID,CATEGORY_ID)]
|  |  mem-estimate=3.67MB mem-reservation=0B thread-reservation=0
|  |  tuple-ids=28 row-size=20B cardinality=447.36K cost=90858
|  |  in pipelines: 99(GETNEXT), 109(GETNEXT)
|  |
|  F15:PLAN FRAGMENT [RANDOM] hosts=10 instances=120
|  Per-Instance Resources: mem-estimate=260.32MB mem-reservation=68.00MB thread-reservation=1
|  max-parallelism=120 segment-costs=[28239822, 1820963, 2659596, 806679] cpu-comparison-result=360 [max(120 (self) vs 360 (sum children))]
|  23:AGGREGATE [STREAMING]
|  |  output: count()
|  |  group by: BRAND_ID, CLASS_ID, CATEGORY_ID
|  |  mem-estimate=128.00MB mem-reservation=34.00MB spill-buffer=2.00MB thread-reservation=0
|  |  tuple-ids=28 row-size=20B cardinality=447.36K cost=2640587
|  |  in pipelines: 99(GETNEXT), 109(GETNEXT)
|  |
|  02:UNION
|  |  pass-through-operands: 99
|  |  mem-estimate=0B mem-reservation=0B thread-reservation=0
|  |  tuple-ids=27 row-size=12B cardinality=447.36K cost=19009
|  |  in pipelines: 99(GETNEXT), 109(GETNEXT)
|  |
|  |--109:AGGREGATE [FINALIZE]
|  |  |  output: count:merge()
|  |  |  group by: BRAND_ID, CLASS_ID, CATEGORY_ID
|  |  |  having: count() = CAST(2 AS BIGINT)
|  |  |  mem-estimate=128.00MB mem-reservation=34.00MB spill-buffer=2.00MB thread-reservation=0
|  |  |  tuple-ids=19 row-size=20B cardinality=298.24K cost=1760391
|  |  |  in pipelines: 109(GETNEXT), 103(OPEN), 107(OPEN)
|  |  |
|  |  108:EXCHANGE [HASH(BRAND_ID,CLASS_ID,CATEGORY_ID)]
|  |  |  mem-estimate=3.38MB mem-reservation=0B thread-reservation=0
|  |  |  tuple-ids=19 row-size=20B cardinality=298.24K cost=60572
|  |  |  in pipelines: 103(GETNEXT), 107(GETNEXT)
|  |  |
|  |  F13:PLAN FRAGMENT [RANDOM] hosts=10 instances=120
|  |  Per-Instance Resources: mem-estimate=161.12MB mem-reservation=38.75MB thread-reservation=1
|  |  max-parallelism=120 segment-costs=[28239822, 28239822, 1760391, 537786] cpu-comparison-result=240 [max(120 (self) vs 240 (sum children))]
|  |  16:AGGREGATE [STREAMING]
|  |  |  output: count()
|  |  |  group by: BRAND_ID, CLASS_ID, CATEGORY_ID
|  |  |  mem-estimate=128.00MB mem-reservation=34.00MB spill-buffer=2.00MB thread-reservation=0
|  |  |  tuple-ids=19 row-size=20B cardinality=298.24K cost=1760391
|  |  |  in pipelines: 103(GETNEXT), 107(GETNEXT)
|  |  |
|  |  03:UNION
|  |  |  pass-through-operands: all
|  |  |  mem-estimate=0B mem-reservation=0B thread-reservation=0
|  |  |  tuple-ids=18 row-size=12B cardinality=298.24K cost=0
|  |  |  in pipelines: 103(GETNEXT), 107(GETNEXT)
|  |  |
|  |  |--107:AGGREGATE [FINALIZE]
|  |  |  |  group by: tpcds_partitioned_parquet_snap.item_1.i_brand_id, tpcds_partitioned_parquet_snap.item_1.i_class_id, tpcds_partitioned_parquet_snap.item_1.i_category_id
|  |  |  |  mem-estimate=10.00MB mem-reservation=4.75MB spill-buffer=256.00KB thread-reservation=0
|  |  |  |  tuple-ids=17 row-size=12B cardinality=149.12K cost=25263984
|  |  |  |  in pipelines: 107(GETNEXT), 10(OPEN)
|  |  |  |
|  |  |  106:EXCHANGE [HASH(tpcds_partitioned_parquet_snap.item_1.i_brand_id,tpcds_partitioned_parquet_snap.item_1.i_class_id,tpcds_partitioned_parquet_snap.item_1.i_category_id)]
|  |  |  |  mem-estimate=11.88MB mem-reservation=0B thread-reservation=0
|  |  |  |  tuple-ids=17 row-size=12B cardinality=17.89M cost=2975838
|  |  |  |  in pipelines: 10(GETNEXT)
|  |  |  |
|  |  |  F09:PLAN FRAGMENT [RANDOM] hosts=10 instances=120
|  |  |  Per-Instance Resources: mem-estimate=33.50MB mem-reservation=6.00MB thread-reservation=1
|  |  |  max-parallelism=1030 segment-costs=[10292257811, 23047987] cpu-comparison-result=120 [max(120 (self) vs 25 (sum children))]
|  |  |  15:AGGREGATE [STREAMING]
|  |  |  |  group by: tpcds_partitioned_parquet_snap.item_1.i_brand_id, tpcds_partitioned_parquet_snap.item_1.i_class_id, tpcds_partitioned_parquet_snap.item_1.i_category_id
|  |  |  |  mem-estimate=10.00MB mem-reservation=5.00MB spill-buffer=256.00KB thread-reservation=0
|  |  |  |  tuple-ids=17 row-size=12B cardinality=17.89M cost=6014287315
|  |  |  |  in pipelines: 10(GETNEXT)
|  |  |  |
|  |  |  14:HASH JOIN [INNER JOIN, BROADCAST]
|  |  |  |  hash-table-id=29
|  |  |  |  hash predicates: tpcds_partitioned_parquet_snap.catalog_sales.cs_item_sk = tpcds_partitioned_parquet_snap.item_1.i_item_sk
|  |  |  |  fk/pk conjuncts: tpcds_partitioned_parquet_snap.catalog_sales.cs_item_sk = tpcds_partitioned_parquet_snap.item_1.i_item_sk
|  |  |  |  mem-estimate=0B mem-reservation=0B spill-buffer=2.00MB thread-reservation=0
|  |  |  |  tuple-ids=11,13,15 row-size=32B cardinality=4.32G cost=1889953155
|  |  |  |  in pipelines: 10(GETNEXT), 13(OPEN)
|  |  |  |
|  |  |  |--F96:PLAN FRAGMENT [RANDOM] hosts=10 instances=10
|  |  |  |  |  Per-Instance Resources: mem-estimate=413.57MB mem-reservation=408.00MB thread-reservation=1
|  |  |  |  |  max-parallelism=10 segment-costs=[838440]
|  |  |  |  JOIN BUILD
|  |  |  |  |  join-table-id=29 plan-id=30 cohort-id=08
|  |  |  |  |  build expressions: tpcds_partitioned_parquet_snap.item_1.i_item_sk
|  |  |  |  |  runtime filters: RF027[min_max] <- tpcds_partitioned_parquet_snap.item_1.i_item_sk
|  |  |  |  |  mem-estimate=408.00MB mem-reservation=408.00MB spill-buffer=2.00MB thread-reservation=0 cost=360000
|  |  |  |  |
|  |  |  |  105:EXCHANGE [BROADCAST]
|  |  |  |  |  mem-estimate=5.57MB mem-reservation=0B thread-reservation=0
|  |  |  |  |  tuple-ids=15 row-size=16B cardinality=360.00K cost=478440
|  |  |  |  |  in pipelines: 13(GETNEXT)
|  |  |  |  |
|  |  |  |  F11:PLAN FRAGMENT [RANDOM] hosts=4 instances=4
|  |  |  |  Per-Host Shared Resources: mem-estimate=3.00MB mem-reservation=3.00MB thread-reservation=0 runtime-filters-memory=3.00MB
|  |  |  |  Per-Instance Resources: mem-estimate=16.08MB mem-reservation=512.00KB thread-reservation=1
|  |  |  |  max-parallelism=4 segment-costs=[106272]
|  |  |  |  13:SCAN HDFS [tpcds_partitioned_parquet_snap.item, RANDOM]
|  |  |  |     HDFS partitions=1/1 files=1 size=33.54MB
|  |  |  |     runtime filters: RF015[min_max] -> tpcds_partitioned_parquet_snap.item_1.i_brand_id, RF016[min_max] -> tpcds_partitioned_parquet_snap.item_1.i_category_id, RF017[min_max] -> tpcds_partitioned_parquet_snap.item_1.i_class_id, RF012[bloom] -> tpcds_partitioned_parquet_snap.item_1.i_brand_id, RF013[bloom] -> tpcds_partitioned_parquet_snap.item_1.i_category_id, RF014[bloom] -> tpcds_partitioned_parquet_snap.item_1.i_class_id
|  |  |  |     stored statistics:
|  |  |  |       table: rows=360.00K size=33.54MB
|  |  |  |       columns: all
|  |  |  |     extrapolated-rows=disabled max-scan-range-rows=101.54K
|  |  |  |     mem-estimate=16.00MB mem-reservation=512.00KB thread-reservation=0
|  |  |  |     tuple-ids=15 row-size=16B cardinality=360.00K cost=82944
|  |  |  |     in pipelines: 13(GETNEXT)
|  |  |  |
|  |  |  12:HASH JOIN [INNER JOIN, BROADCAST]
|  |  |  |  hash-table-id=30
|  |  |  |  hash predicates: tpcds_partitioned_parquet_snap.catalog_sales.cs_sold_date_sk = tpcds_partitioned_parquet_snap.date_dim_0.d_date_sk
|  |  |  |  fk/pk conjuncts: tpcds_partitioned_parquet_snap.catalog_sales.cs_sold_date_sk = tpcds_partitioned_parquet_snap.date_dim_0.d_date_sk
|  |  |  |  mem-estimate=0B mem-reservation=0B spill-buffer=64.00KB thread-reservation=0
|  |  |  |  tuple-ids=11,13 row-size=16B cardinality=4.32G(filtered from 4.32G) cost=1890344358
|  |  |  |  in pipelines: 10(GETNEXT), 11(OPEN)
|  |  |  |
|  |  |  |--F97:PLAN FRAGMENT [RANDOM] hosts=10 instances=10
|  |  |  |  |  Per-Instance Resources: mem-estimate=23.32MB mem-reservation=23.25MB thread-reservation=1
|  |  |  |  |  max-parallelism=10 segment-costs=[17005]
|  |  |  |  JOIN BUILD
|  |  |  |  |  join-table-id=30 plan-id=31 cohort-id=08
|  |  |  |  |  build expressions: tpcds_partitioned_parquet_snap.date_dim_0.d_date_sk
|  |  |  |  |  mem-estimate=23.25MB mem-reservation=23.25MB spill-buffer=64.00KB thread-reservation=0 cost=7305
|  |  |  |  |
|  |  |  |  104:EXCHANGE [BROADCAST]
|  |  |  |  |  mem-estimate=69.07KB mem-reservation=0B thread-reservation=0
|  |  |  |  |  tuple-ids=13 row-size=8B cardinality=7.30K cost=9700
|  |  |  |  |  in pipelines: 11(GETNEXT)
|  |  |  |  |
|  |  |  |  F10:PLAN FRAGMENT [RANDOM] hosts=1 instances=1
|  |  |  |  Per-Instance Resources: mem-estimate=16.05MB mem-reservation=512.00KB thread-reservation=1
|  |  |  |  max-parallelism=1 segment-costs=[12835]
|  |  |  |  11:SCAN HDFS [tpcds_partitioned_parquet_snap.date_dim, RANDOM]
|  |  |  |     HDFS partitions=1/1 files=1 size=2.17MB
|  |  |  |     predicates: tpcds_partitioned_parquet_snap.date_dim_0.d_year <= add(CAST(1998 AS INT), CAST(2 AS INT)), tpcds_partitioned_parquet_snap.date_dim_0.d_year >= CAST(1998 AS INT)
|  |  |  |     stored statistics:
|  |  |  |       table: rows=73.05K size=2.17MB
|  |  |  |       columns: all
|  |  |  |     extrapolated-rows=disabled max-scan-range-rows=73.05K
|  |  |  |     parquet statistics predicates: tpcds_partitioned_parquet_snap.date_dim_0.d_year <= add(CAST(1998 AS INT), CAST(2 AS INT)), tpcds_partitioned_parquet_snap.date_dim_0.d_year >= CAST(1998 AS INT)
|  |  |  |     parquet dictionary predicates: tpcds_partitioned_parquet_snap.date_dim_0.d_year <= add(CAST(1998 AS INT), CAST(2 AS INT)), tpcds_partitioned_parquet_snap.date_dim_0.d_year >= CAST(1998 AS INT)
|  |  |  |     mem-estimate=16.00MB mem-reservation=512.00KB thread-reservation=0
|  |  |  |     tuple-ids=13 row-size=8B cardinality=7.30K cost=12520
|  |  |  |     in pipelines: 11(GETNEXT)
|  |  |  |
|  |  |  10:SCAN HDFS [tpcds_partitioned_parquet_snap.catalog_sales, RANDOM]
|  |  |     HDFS partitions=1831/1831 files=1831 size=280.96GB
|  |  |     runtime filters: RF027[min_max] -> tpcds_partitioned_parquet_snap.catalog_sales.cs_item_sk
|  |  |     stored statistics:
|  |  |       table: rows=4.32G size=280.96GB
|  |  |       partitions: 1831/1831 rows=4.32G
|  |  |       columns: all
|  |  |     extrapolated-rows=disabled max-scan-range-rows=21.52M
|  |  |     mem-estimate=16.00MB mem-reservation=1.00MB thread-reservation=0
|  |  |     tuple-ids=11 row-size=8B cardinality=4.32G(filtered from 4.32G) cost=497672983
|  |  |     in pipelines: 10(GETNEXT)
|  |  |
|  |  103:AGGREGATE [FINALIZE]
|  |  |  group by: tpcds_partitioned_parquet_snap.item_0.i_brand_id, tpcds_partitioned_parquet_snap.item_0.i_class_id, tpcds_partitioned_parquet_snap.item_0.i_category_id
|  |  |  mem-estimate=10.00MB mem-reservation=4.75MB spill-buffer=256.00KB thread-reservation=0
|  |  |  tuple-ids=10 row-size=12B cardinality=149.12K cost=25263984
|  |  |  in pipelines: 103(GETNEXT), 04(OPEN)
|  |  |
|  |  102:EXCHANGE [HASH(tpcds_partitioned_parquet_snap.item_0.i_brand_id,tpcds_partitioned_parquet_snap.item_0.i_class_id,tpcds_partitioned_parquet_snap.item_0.i_category_id)]
|  |  |  mem-estimate=11.88MB mem-reservation=0B thread-reservation=0
|  |  |  tuple-ids=10 row-size=12B cardinality=17.89M cost=2975838
|  |  |  in pipelines: 04(GETNEXT)
|  |  |
|  |  F05:PLAN FRAGMENT [RANDOM] hosts=10 instances=120
|  |  Per-Instance Resources: mem-estimate=33.50MB mem-reservation=9.00MB thread-reservation=1
|  |  max-parallelism=1824 segment-costs=[20502959018, 23047987] cpu-comparison-result=120 [max(120 (self) vs 25 (sum children))]
|  |  09:AGGREGATE [STREAMING]
|  |  |  group by: tpcds_partitioned_parquet_snap.item_0.i_brand_id, tpcds_partitioned_parquet_snap.item_0.i_class_id, tpcds_partitioned_parquet_snap.item_0.i_category_id
|  |  |  mem-estimate=10.00MB mem-reservation=5.00MB spill-buffer=256.00KB thread-reservation=0
|  |  |  tuple-ids=10 row-size=12B cardinality=17.89M cost=11947236639
|  |  |  in pipelines: 04(GETNEXT)
|  |  |
|  |  08:HASH JOIN [INNER JOIN, BROADCAST]
|  |  |  hash-table-id=27
|  |  |  hash predicates: tpcds_partitioned_parquet_snap.store_sales_0.ss_item_sk = tpcds_partitioned_parquet_snap.item_0.i_item_sk
|  |  |  fk/pk conjuncts: tpcds_partitioned_parquet_snap.store_sales_0.ss_item_sk = tpcds_partitioned_parquet_snap.item_0.i_item_sk
|  |  |  mem-estimate=0B mem-reservation=0B spill-buffer=2.00MB thread-reservation=0
|  |  |  tuple-ids=4,6,8 row-size=32B cardinality=8.64G cost=3779809729
|  |  |  in pipelines: 04(GETNEXT), 07(OPEN)
|  |  |
|  |  |--F94:PLAN FRAGMENT [RANDOM] hosts=10 instances=10
|  |  |  |  Per-Instance Resources: mem-estimate=413.57MB mem-reservation=408.00MB thread-reservation=1
|  |  |  |  max-parallelism=10 segment-costs=[838440]
|  |  |  JOIN BUILD
|  |  |  |  join-table-id=27 plan-id=28 cohort-id=08
|  |  |  |  build expressions: tpcds_partitioned_parquet_snap.item_0.i_item_sk
|  |  |  |  runtime filters: RF023[min_max] <- tpcds_partitioned_parquet_snap.item_0.i_item_sk
|  |  |  |  mem-estimate=408.00MB mem-reservation=408.00MB spill-buffer=2.00MB thread-reservation=0 cost=360000
|  |  |  |
|  |  |  101:EXCHANGE [BROADCAST]
|  |  |  |  mem-estimate=5.57MB mem-reservation=0B thread-reservation=0
|  |  |  |  tuple-ids=8 row-size=16B cardinality=360.00K cost=478440
|  |  |  |  in pipelines: 07(GETNEXT)
|  |  |  |
|  |  |  F07:PLAN FRAGMENT [RANDOM] hosts=4 instances=4
|  |  |  Per-Host Shared Resources: mem-estimate=3.00MB mem-reservation=3.00MB thread-reservation=0 runtime-filters-memory=3.00MB
|  |  |  Per-Instance Resources: mem-estimate=16.08MB mem-reservation=512.00KB thread-reservation=1
|  |  |  max-parallelism=4 segment-costs=[106272]
|  |  |  07:SCAN HDFS [tpcds_partitioned_parquet_snap.item, RANDOM]
|  |  |     HDFS partitions=1/1 files=1 size=33.54MB
|  |  |     runtime filters: RF015[min_max] -> tpcds_partitioned_parquet_snap.item_0.i_brand_id, RF016[min_max] -> tpcds_partitioned_parquet_snap.item_0.i_category_id, RF017[min_max] -> tpcds_partitioned_parquet_snap.item_0.i_class_id, RF012[bloom] -> tpcds_partitioned_parquet_snap.item_0.i_brand_id, RF013[bloom] -> tpcds_partitioned_parquet_snap.item_0.i_category_id, RF014[bloom] -> tpcds_partitioned_parquet_snap.item_0.i_class_id
|  |  |     stored statistics:
|  |  |       table: rows=360.00K size=33.54MB
|  |  |       columns: all
|  |  |     extrapolated-rows=disabled max-scan-range-rows=101.54K
|  |  |     mem-estimate=16.00MB mem-reservation=512.00KB thread-reservation=0
|  |  |     tuple-ids=8 row-size=16B cardinality=360.00K cost=82944
|  |  |     in pipelines: 07(GETNEXT)
|  |  |
|  |  06:HASH JOIN [INNER JOIN, BROADCAST]
|  |  |  hash-table-id=28
|  |  |  hash predicates: tpcds_partitioned_parquet_snap.store_sales_0.ss_sold_date_sk = tpcds_partitioned_parquet_snap.date_dim.d_date_sk
|  |  |  fk/pk conjuncts: tpcds_partitioned_parquet_snap.store_sales_0.ss_sold_date_sk = tpcds_partitioned_parquet_snap.date_dim.d_date_sk
|  |  |  mem-estimate=0B mem-reservation=0B spill-buffer=64.00KB thread-reservation=0
|  |  |  tuple-ids=4,6 row-size=16B cardinality=8.64G(filtered from 8.64G) cost=3780592116
|  |  |  in pipelines: 04(GETNEXT), 05(OPEN)
|  |  |
|  |  |--F95:PLAN FRAGMENT [RANDOM] hosts=10 instances=10
|  |  |  |  Per-Instance Resources: mem-estimate=23.32MB mem-reservation=23.25MB thread-reservation=1
|  |  |  |  max-parallelism=10 segment-costs=[17005]
|  |  |  JOIN BUILD
|  |  |  |  join-table-id=28 plan-id=29 cohort-id=08
|  |  |  |  build expressions: tpcds_partitioned_parquet_snap.date_dim.d_date_sk
|  |  |  |  mem-estimate=23.25MB mem-reservation=23.25MB spill-buffer=64.00KB thread-reservation=0 cost=7305
|  |  |  |
|  |  |  100:EXCHANGE [BROADCAST]
|  |  |  |  mem-estimate=69.07KB mem-reservation=0B thread-reservation=0
|  |  |  |  tuple-ids=6 row-size=8B cardinality=7.30K cost=9700
|  |  |  |  in pipelines: 05(GETNEXT)
|  |  |  |
|  |  |  F06:PLAN FRAGMENT [RANDOM] hosts=1 instances=1
|  |  |  Per-Instance Resources: mem-estimate=16.05MB mem-reservation=512.00KB thread-reservation=1
|  |  |  max-parallelism=1 segment-costs=[12835]
|  |  |  05:SCAN HDFS [tpcds_partitioned_parquet_snap.date_dim, RANDOM]
|  |  |     HDFS partitions=1/1 files=1 size=2.17MB
|  |  |     predicates: tpcds_partitioned_parquet_snap.date_dim.d_year <= add(CAST(1998 AS INT), CAST(2 AS INT)), tpcds_partitioned_parquet_snap.date_dim.d_year >= CAST(1998 AS INT)
|  |  |     stored statistics:
|  |  |       table: rows=73.05K size=2.17MB
|  |  |       columns: all
|  |  |     extrapolated-rows=disabled max-scan-range-rows=73.05K
|  |  |     parquet statistics predicates: tpcds_partitioned_parquet_snap.date_dim.d_year <= add(CAST(1998 AS INT), CAST(2 AS INT)), tpcds_partitioned_parquet_snap.date_dim.d_year >= CAST(1998 AS INT)
|  |  |     parquet dictionary predicates: tpcds_partitioned_parquet_snap.date_dim.d_year <= add(CAST(1998 AS INT), CAST(2 AS INT)), tpcds_partitioned_parquet_snap.date_dim.d_year >= CAST(1998 AS INT)
|  |  |     mem-estimate=16.00MB mem-reservation=512.00KB thread-reservation=0
|  |  |     tuple-ids=6 row-size=8B cardinality=7.30K cost=12520
|  |  |     in pipelines: 05(GETNEXT)
|  |  |
|  |  04:SCAN HDFS [tpcds_partitioned_parquet_snap.store_sales, RANDOM]
|  |     HDFS partitions=1824/1824 files=1824 size=389.90GB
|  |     runtime filters: RF023[min_max] -> tpcds_partitioned_parquet_snap.store_sales_0.ss_item_sk
|  |     stored statistics:
|  |       table: rows=8.64G size=389.90GB
|  |       partitions: 1824/1824 rows=8.64G
|  |       columns: all
|  |     extrapolated-rows=disabled max-scan-range-rows=390.22M
|  |     mem-estimate=16.00MB mem-reservation=4.00MB thread-reservation=0
|  |     tuple-ids=4 row-size=8B cardinality=8.64G(filtered from 8.64G) cost=995320534
|  |     in pipelines: 04(GETNEXT)
|  |
|  99:AGGREGATE [FINALIZE]
|  |  group by: tpcds_partitioned_parquet_snap.item_2.i_brand_id, tpcds_partitioned_parquet_snap.item_2.i_class_id, tpcds_partitioned_parquet_snap.item_2.i_category_id
|  |  mem-estimate=10.00MB mem-reservation=4.75MB spill-buffer=256.00KB thread-reservation=0
|  |  tuple-ids=26 row-size=12B cardinality=149.12K cost=25263984
|  |  in pipelines: 99(GETNEXT), 17(OPEN)
|  |
|  98:EXCHANGE [HASH(tpcds_partitioned_parquet_snap.item_2.i_brand_id,tpcds_partitioned_parquet_snap.item_2.i_class_id,tpcds_partitioned_parquet_snap.item_2.i_category_id)]
|  |  mem-estimate=11.88MB mem-reservation=0B thread-reservation=0
|  |  tuple-ids=26 row-size=12B cardinality=17.89M cost=2975838
|  |  in pipelines: 17(GETNEXT)
|  |
|  F01:PLAN FRAGMENT [RANDOM] hosts=10 instances=120
|  Per-Instance Resources: mem-estimate=33.50MB mem-reservation=5.12MB thread-reservation=1
|  max-parallelism=520 segment-costs=[5186478425, 23047987] cpu-comparison-result=120 [max(120 (self) vs 25 (sum children))]
|  22:AGGREGATE [STREAMING]
|  |  group by: tpcds_partitioned_parquet_snap.item_2.i_brand_id, tpcds_partitioned_parquet_snap.item_2.i_class_id, tpcds_partitioned_parquet_snap.item_2.i_category_id
|  |  mem-estimate=10.00MB mem-reservation=5.00MB spill-buffer=256.00KB thread-reservation=0
|  |  tuple-ids=26 row-size=12B cardinality=17.89M cost=3047563509
|  |  in pipelines: 17(GETNEXT)
|  |
|  21:HASH JOIN [INNER JOIN, BROADCAST]
|  |  hash-table-id=25
|  |  hash predicates: tpcds_partitioned_parquet_snap.web_sales.ws_item_sk = tpcds_partitioned_parquet_snap.item_2.i_item_sk
|  |  fk/pk conjuncts: tpcds_partitioned_parquet_snap.web_sales.ws_item_sk = tpcds_partitioned_parquet_snap.item_2.i_item_sk
|  |  mem-estimate=0B mem-reservation=0B spill-buffer=2.00MB thread-reservation=0
|  |  tuple-ids=20,22,24 row-size=32B cardinality=2.16G cost=944945506
|  |  in pipelines: 17(GETNEXT), 20(OPEN)
|  |
|  |--F92:PLAN FRAGMENT [RANDOM] hosts=10 instances=10
|  |  |  Per-Instance Resources: mem-estimate=413.57MB mem-reservation=408.00MB thread-reservation=1
|  |  |  max-parallelism=10 segment-costs=[838440]
|  |  JOIN BUILD
|  |  |  join-table-id=25 plan-id=26 cohort-id=08
|  |  |  build expressions: tpcds_partitioned_parquet_snap.item_2.i_item_sk
|  |  |  runtime filters: RF019[min_max] <- tpcds_partitioned_parquet_snap.item_2.i_item_sk
|  |  |  mem-estimate=408.00MB mem-reservation=408.00MB spill-buffer=2.00MB thread-reservation=0 cost=360000
|  |  |
|  |  97:EXCHANGE [BROADCAST]
|  |  |  mem-estimate=5.57MB mem-reservation=0B thread-reservation=0
|  |  |  tuple-ids=24 row-size=16B cardinality=360.00K cost=478440
|  |  |  in pipelines: 20(GETNEXT)
|  |  |
|  |  F03:PLAN FRAGMENT [RANDOM] hosts=4 instances=4
|  |  Per-Host Shared Resources: mem-estimate=3.00MB mem-reservation=3.00MB thread-reservation=0 runtime-filters-memory=3.00MB
|  |  Per-Instance Resources: mem-estimate=16.08MB mem-reservation=512.00KB thread-reservation=1
|  |  max-parallelism=4 segment-costs=[106272]
|  |  20:SCAN HDFS [tpcds_partitioned_parquet_snap.item, RANDOM]
|  |     HDFS partitions=1/1 files=1 size=33.54MB
|  |     runtime filters: RF015[min_max] -> tpcds_partitioned_parquet_snap.item_2.i_brand_id, RF016[min_max] -> tpcds_partitioned_parquet_snap.item_2.i_category_id, RF017[min_max] -> tpcds_partitioned_parquet_snap.item_2.i_class_id, RF012[bloom] -> tpcds_partitioned_parquet_snap.item_2.i_brand_id, RF013[bloom] -> tpcds_partitioned_parquet_snap.item_2.i_category_id, RF014[bloom] -> tpcds_partitioned_parquet_snap.item_2.i_class_id
|  |     stored statistics:
|  |       table: rows=360.00K size=33.54MB
|  |       columns: all
|  |     extrapolated-rows=disabled max-scan-range-rows=101.54K
|  |     mem-estimate=16.00MB mem-reservation=512.00KB thread-reservation=0
|  |     tuple-ids=24 row-size=16B cardinality=360.00K cost=82944
|  |     in pipelines: 20(GETNEXT)
|  |
|  19:HASH JOIN [INNER JOIN, BROADCAST]
|  |  hash-table-id=26
|  |  hash predicates: tpcds_partitioned_parquet_snap.web_sales.ws_sold_date_sk = tpcds_partitioned_parquet_snap.date_dim_1.d_date_sk
|  |  fk/pk conjuncts: tpcds_partitioned_parquet_snap.web_sales.ws_sold_date_sk = tpcds_partitioned_parquet_snap.date_dim_1.d_date_sk
|  |  mem-estimate=0B mem-reservation=0B spill-buffer=64.00KB thread-reservation=0
|  |  tuple-ids=20,22 row-size=16B cardinality=2.16G(filtered from 2.16G) cost=945141101
|  |  in pipelines: 17(GETNEXT), 18(OPEN)
|  |
|  |--F93:PLAN FRAGMENT [RANDOM] hosts=10 instances=10
|  |  |  Per-Instance Resources: mem-estimate=23.32MB mem-reservation=23.25MB thread-reservation=1
|  |  |  max-parallelism=10 segment-costs=[17005]
|  |  JOIN BUILD
|  |  |  join-table-id=26 plan-id=27 cohort-id=08
|  |  |  build expressions: tpcds_partitioned_parquet_snap.date_dim_1.d_date_sk
|  |  |  mem-estimate=23.25MB mem-reservation=23.25MB spill-buffer=64.00KB thread-reservation=0 cost=7305
|  |  |
|  |  96:EXCHANGE [BROADCAST]
|  |  |  mem-estimate=69.07KB mem-reservation=0B thread-reservation=0
|  |  |  tuple-ids=22 row-size=8B cardinality=7.30K cost=9700
|  |  |  in pipelines: 18(GETNEXT)
|  |  |
|  |  F02:PLAN FRAGMENT [RANDOM] hosts=1 instances=1
|  |  Per-Instance Resources: mem-estimate=16.05MB mem-reservation=512.00KB thread-reservation=1
|  |  max-parallelism=1 segment-costs=[12835]
|  |  18:SCAN HDFS [tpcds_partitioned_parquet_snap.date_dim, RANDOM]
|  |     HDFS partitions=1/1 files=1 size=2.17MB
|  |     predicates: tpcds_partitioned_parquet_snap.date_dim_1.d_year <= add(CAST(1998 AS INT), CAST(2 AS INT)), tpcds_partitioned_parquet_snap.date_dim_1.d_year >= CAST(1998 AS INT)
|  |     stored statistics:
|  |       table: rows=73.05K size=2.17MB
|  |       columns: all
|  |     extrapolated-rows=disabled max-scan-range-rows=73.05K
|  |     parquet statistics predicates: tpcds_partitioned_parquet_snap.date_dim_1.d_year <= add(CAST(1998 AS INT), CAST(2 AS INT)), tpcds_partitioned_parquet_snap.date_dim_1.d_year >= CAST(1998 AS INT)
|  |     parquet dictionary predicates: tpcds_partitioned_parquet_snap.date_dim_1.d_year <= add(CAST(1998 AS INT), CAST(2 AS INT)), tpcds_partitioned_parquet_snap.date_dim_1.d_year >= CAST(1998 AS INT)
|  |     mem-estimate=16.00MB mem-reservation=512.00KB thread-reservation=0
|  |     tuple-ids=22 row-size=8B cardinality=7.30K cost=12520
|  |     in pipelines: 18(GETNEXT)
|  |
|  17:SCAN HDFS [tpcds_partitioned_parquet_snap.web_sales, RANDOM]
|     HDFS partitions=1824/1824 files=1824 size=145.75GB
|     runtime filters: RF019[min_max] -> tpcds_partitioned_parquet_snap.web_sales.ws_item_sk
|     stored statistics:
|       table: rows=2.16G size=145.75GB
|       partitions: 1824/1824 rows=2.16G
|       columns: all
|     extrapolated-rows=disabled max-scan-range-rows=3.37M
|     mem-estimate=16.00MB mem-reservation=128.00KB thread-reservation=0
|     tuple-ids=20 row-size=8B cardinality=2.16G(filtered from 2.16G) cost=248828309
|     in pipelines: 17(GETNEXT)
|
00:SCAN HDFS [tpcds_partitioned_parquet_snap.store_sales, RANDOM]
   HDFS partitions=1824/1824 files=1824 size=389.90GB
   runtime filters: RF011[min_max] -> tpcds_partitioned_parquet_snap.store_sales.ss_item_sk, RF007[min_max] -> tpcds_partitioned_parquet_snap.store_sales.ss_item_sk, RF008[bloom] -> tpcds_partitioned_parquet_snap.store_sales.ss_sold_date_sk
   stored statistics:
     table: rows=8.64G size=389.90GB
     partitions: 1824/1824 rows=8.64G
     columns: all
   extrapolated-rows=disabled max-scan-range-rows=390.22M est-scan-range=7(filtered from 1824)
   mem-estimate=16.00MB mem-reservation=8.00MB thread-reservation=0
   tuple-ids=0 row-size=16B cardinality=33.16M(filtered from 8.64G) cost=7639521
   in pipelines: 00(GETNEXT)
====
