# TPCDS-Q71
# start query 71 in stream 0 using template query71.tpl using seed 346912601
select i_brand_id brand_id, i_brand brand,t_hour,t_minute,
 	sum(ext_price) ext_price
 from item, (select ws_ext_sales_price as ext_price,
                        ws_sold_date_sk as sold_date_sk,
                        ws_item_sk as sold_item_sk,
                        ws_sold_time_sk as time_sk
                 from web_sales,date_dim
                 where d_date_sk = ws_sold_date_sk
                   and d_moy=12
                   and d_year=1999
                 union all
                 select cs_ext_sales_price as ext_price,
                        cs_sold_date_sk as sold_date_sk,
                        cs_item_sk as sold_item_sk,
                        cs_sold_time_sk as time_sk
                 from catalog_sales,date_dim
                 where d_date_sk = cs_sold_date_sk
                   and d_moy=12
                   and d_year=1999
                 union all
                 select ss_ext_sales_price as ext_price,
                        ss_sold_date_sk as sold_date_sk,
                        ss_item_sk as sold_item_sk,
                        ss_sold_time_sk as time_sk
                 from store_sales,date_dim
                 where d_date_sk = ss_sold_date_sk
                   and d_moy=12
                   and d_year=1999
                 ) tmp,time_dim
 where
   sold_item_sk = i_item_sk
   and i_manager_id=1
   and time_sk = t_time_sk
   and (t_meal_time = 'breakfast' or t_meal_time = 'dinner')
 group by i_brand, i_brand_id,t_hour,t_minute
 order by ext_price desc, i_brand_id
 

# end query 71 in stream 0 using template query71.tpl
---- PLAN
Max Per-Host Resource Reservation: Memory=54.25MB Threads=1
Per-Host Resource Estimates: Memory=34.65GB
F00:PLAN FRAGMENT [UNPARTITIONED] hosts=1 instances=1
|  Per-Instance Resources: mem-estimate=34.65GB mem-reservation=54.25MB thread-reservation=1 runtime-filters-memory=5.00MB
|  max-parallelism=1 segment-costs=[5013997946, 1477452751, 2592000000]
PLAN-ROOT SINK
|  output exprs: tpcds_partitioned_parquet_snap.item.i_brand_id, tpcds_partitioned_parquet_snap.item.i_brand, tpcds_partitioned_parquet_snap.time_dim.t_hour, tpcds_partitioned_parquet_snap.time_dim.t_minute, sum(EXT_PRICE)
|  mem-estimate=100.00MB mem-reservation=4.00MB spill-buffer=2.00MB thread-reservation=0 cost=2592000000
|
16:SORT
|  order by: sum(EXT_PRICE) DESC NULLS FIRST, tpcds_partitioned_parquet_snap.item.i_brand_id ASC NULLS LAST
|  mem-estimate=27.11GB mem-reservation=12.00MB spill-buffer=2.00MB thread-reservation=0
|  tuple-ids=19 row-size=56B cardinality=518.40M cost=1477452751
|  in pipelines: 16(GETNEXT), 15(OPEN)
|
15:AGGREGATE [FINALIZE]
|  output: sum(EXT_PRICE)
|  group by: tpcds_partitioned_parquet_snap.item.i_brand, tpcds_partitioned_parquet_snap.item.i_brand_id, tpcds_partitioned_parquet_snap.time_dim.t_hour, tpcds_partitioned_parquet_snap.time_dim.t_minute
|  mem-estimate=7.53GB mem-reservation=34.00MB spill-buffer=2.00MB thread-reservation=0
|  tuple-ids=18 row-size=56B cardinality=518.40M cost=3576410223
|  in pipelines: 15(GETNEXT), 02(OPEN), 05(OPEN), 08(OPEN)
|
14:HASH JOIN [INNER JOIN]
|  hash predicates: TIME_SK = tpcds_partitioned_parquet_snap.time_dim.t_time_sk
|  fk/pk conjuncts: assumed fk/pk
|  runtime filters: RF000[bloom] <- tpcds_partitioned_parquet_snap.time_dim.t_time_sk, RF001[min_max] <- tpcds_partitioned_parquet_snap.time_dim.t_time_sk
|  mem-estimate=2.88MB mem-reservation=2.88MB spill-buffer=128.00KB thread-reservation=0
|  tuple-ids=13,14,16 row-size=83B cardinality=894.28M cost=391450496
|  in pipelines: 02(GETNEXT), 05(GETNEXT), 08(GETNEXT), 13(OPEN)
|
|--13:SCAN HDFS [tpcds_partitioned_parquet_snap.time_dim]
|     HDFS partitions=1/1 files=1 size=1.31MB
|     predicates: tpcds_partitioned_parquet_snap.time_dim.t_meal_time = 'breakfast' OR tpcds_partitioned_parquet_snap.time_dim.t_meal_time = 'dinner'
|     stored statistics:
|       table: rows=86.40K size=1.31MB
|       columns: all
|     extrapolated-rows=disabled max-scan-range-rows=86.40K
|     parquet dictionary predicates: tpcds_partitioned_parquet_snap.time_dim.t_meal_time = 'breakfast' OR tpcds_partitioned_parquet_snap.time_dim.t_meal_time = 'dinner'
|     mem-estimate=16.00MB mem-reservation=512.00KB thread-reservation=0
|     tuple-ids=16 row-size=31B cardinality=22.33K cost=25942
|     in pipelines: 13(GETNEXT)
|
12:HASH JOIN [INNER JOIN]
|  hash predicates: SOLD_ITEM_SK = tpcds_partitioned_parquet_snap.item.i_item_sk
|  fk/pk conjuncts: assumed fk/pk
|  runtime filters: RF002[bloom] <- tpcds_partitioned_parquet_snap.item.i_item_sk, RF003[min_max] <- tpcds_partitioned_parquet_snap.item.i_item_sk
|  mem-estimate=1.94MB mem-reservation=1.94MB spill-buffer=64.00KB thread-reservation=0
|  tuple-ids=13,14 row-size=52B cardinality=894.28M cost=391431790
|  in pipelines: 02(GETNEXT), 05(GETNEXT), 08(GETNEXT), 11(OPEN)
|
|--11:SCAN HDFS [tpcds_partitioned_parquet_snap.item]
|     HDFS partitions=1/1 files=1 size=33.54MB
|     predicates: tpcds_partitioned_parquet_snap.item.i_manager_id = CAST(1 AS INT)
|     stored statistics:
|       table: rows=360.00K size=33.54MB
|       columns: all
|     extrapolated-rows=disabled max-scan-range-rows=101.54K
|     parquet statistics predicates: tpcds_partitioned_parquet_snap.item.i_manager_id = CAST(1 AS INT)
|     parquet dictionary predicates: tpcds_partitioned_parquet_snap.item.i_manager_id = CAST(1 AS INT)
|     mem-estimate=16.00MB mem-reservation=512.00KB thread-reservation=0
|     tuple-ids=14 row-size=40B cardinality=3.63K cost=156093
|     in pipelines: 11(GETNEXT)
|
00:UNION
|  pass-through-operands: 01
|  mem-estimate=0B mem-reservation=0B thread-reservation=0
|  tuple-ids=13 row-size=12B cardinality=894.28M cost=32607797
|  in pipelines: 02(GETNEXT), 05(GETNEXT), 08(GETNEXT)
|
|--10:HASH JOIN [INNER JOIN]
|  |  hash predicates: tpcds_partitioned_parquet_snap.store_sales.ss_sold_date_sk = tpcds_partitioned_parquet_snap.date_dim_1.d_date_sk
|  |  fk/pk conjuncts: tpcds_partitioned_parquet_snap.store_sales.ss_sold_date_sk = tpcds_partitioned_parquet_snap.date_dim_1.d_date_sk
|  |  runtime filters: RF008[bloom] <- tpcds_partitioned_parquet_snap.date_dim_1.d_date_sk
|  |  mem-estimate=1.94MB mem-reservation=1.94MB spill-buffer=64.00KB thread-reservation=0
|  |  tuple-ids=9,11 row-size=28B cardinality=511.58M cost=223916534
|  |  in pipelines: 08(GETNEXT), 09(OPEN)
|  |
|  |--09:SCAN HDFS [tpcds_partitioned_parquet_snap.date_dim]
|  |     HDFS partitions=1/1 files=1 size=2.17MB
|  |     predicates: tpcds_partitioned_parquet_snap.date_dim_1.d_year = CAST(1999 AS INT), tpcds_partitioned_parquet_snap.date_dim_1.d_moy = CAST(12 AS INT)
|  |     stored statistics:
|  |       table: rows=73.05K size=2.17MB
|  |       columns: all
|  |     extrapolated-rows=disabled max-scan-range-rows=73.05K
|  |     parquet statistics predicates: tpcds_partitioned_parquet_snap.date_dim_1.d_year = CAST(1999 AS INT), tpcds_partitioned_parquet_snap.date_dim_1.d_moy = CAST(12 AS INT)
|  |     parquet dictionary predicates: tpcds_partitioned_parquet_snap.date_dim_1.d_year = CAST(1999 AS INT), tpcds_partitioned_parquet_snap.date_dim_1.d_moy = CAST(12 AS INT)
|  |     mem-estimate=16.00MB mem-reservation=512.00KB thread-reservation=0
|  |     tuple-ids=11 row-size=12B cardinality=108 cost=16728
|  |     in pipelines: 09(GETNEXT)
|  |
|  08:SCAN HDFS [tpcds_partitioned_parquet_snap.store_sales]
|     HDFS partitions=1824/1824 files=1824 size=389.90GB
|     runtime filters: RF001[min_max] -> tpcds_partitioned_parquet_snap.store_sales.ss_sold_time_sk, RF003[min_max] -> tpcds_partitioned_parquet_snap.store_sales.ss_item_sk, RF000[bloom] -> tpcds_partitioned_parquet_snap.store_sales.ss_sold_time_sk, RF002[bloom] -> tpcds_partitioned_parquet_snap.store_sales.ss_item_sk, RF008[bloom] -> tpcds_partitioned_parquet_snap.store_sales.ss_sold_date_sk
|     stored statistics:
|       table: rows=8.64G size=389.90GB
|       partitions: 1824/1824 rows=8.64G
|       columns: all
|     extrapolated-rows=disabled max-scan-range-rows=390.22M est-scan-range=109(filtered from 1824)
|     mem-estimate=16.00MB mem-reservation=8.00MB thread-reservation=0
|     tuple-ids=9 row-size=16B cardinality=511.58M(filtered from 8.64G) cost=117866905
|     in pipelines: 08(GETNEXT)
|
01:UNION
|  mem-estimate=0B mem-reservation=0B thread-reservation=0
|  tuple-ids=8 row-size=12B cardinality=382.71M cost=24393872
|  in pipelines: 02(GETNEXT), 05(GETNEXT)
|
|--07:HASH JOIN [INNER JOIN]
|  |  hash predicates: tpcds_partitioned_parquet_snap.catalog_sales.cs_sold_date_sk = tpcds_partitioned_parquet_snap.date_dim_0.d_date_sk
|  |  fk/pk conjuncts: tpcds_partitioned_parquet_snap.catalog_sales.cs_sold_date_sk = tpcds_partitioned_parquet_snap.date_dim_0.d_date_sk
|  |  runtime filters: RF006[bloom] <- tpcds_partitioned_parquet_snap.date_dim_0.d_date_sk
|  |  mem-estimate=1.94MB mem-reservation=1.94MB spill-buffer=64.00KB thread-reservation=0
|  |  tuple-ids=4,6 row-size=28B cardinality=254.82M cost=111533149
|  |  in pipelines: 05(GETNEXT), 06(OPEN)
|  |
|  |--06:SCAN HDFS [tpcds_partitioned_parquet_snap.date_dim]
|  |     HDFS partitions=1/1 files=1 size=2.17MB
|  |     predicates: tpcds_partitioned_parquet_snap.date_dim_0.d_year = CAST(1999 AS INT), tpcds_partitioned_parquet_snap.date_dim_0.d_moy = CAST(12 AS INT)
|  |     stored statistics:
|  |       table: rows=73.05K size=2.17MB
|  |       columns: all
|  |     extrapolated-rows=disabled max-scan-range-rows=73.05K
|  |     parquet statistics predicates: tpcds_partitioned_parquet_snap.date_dim_0.d_year = CAST(1999 AS INT), tpcds_partitioned_parquet_snap.date_dim_0.d_moy = CAST(12 AS INT)
|  |     parquet dictionary predicates: tpcds_partitioned_parquet_snap.date_dim_0.d_year = CAST(1999 AS INT), tpcds_partitioned_parquet_snap.date_dim_0.d_moy = CAST(12 AS INT)
|  |     mem-estimate=16.00MB mem-reservation=512.00KB thread-reservation=0
|  |     tuple-ids=6 row-size=12B cardinality=108 cost=16728
|  |     in pipelines: 06(GETNEXT)
|  |
|  05:SCAN HDFS [tpcds_partitioned_parquet_snap.catalog_sales]
|     HDFS partitions=1831/1831 files=1831 size=280.96GB
|     runtime filters: RF001[min_max] -> tpcds_partitioned_parquet_snap.catalog_sales.cs_sold_time_sk, RF003[min_max] -> tpcds_partitioned_parquet_snap.catalog_sales.cs_item_sk, RF000[bloom] -> tpcds_partitioned_parquet_snap.catalog_sales.cs_sold_time_sk, RF002[bloom] -> tpcds_partitioned_parquet_snap.catalog_sales.cs_item_sk, RF006[bloom] -> tpcds_partitioned_parquet_snap.catalog_sales.cs_sold_date_sk
|     stored statistics:
|       table: rows=4.32G size=280.96GB
|       partitions: 1831/1831 rows=4.32G
|       columns: all
|     extrapolated-rows=disabled max-scan-range-rows=21.52M est-scan-range=109(filtered from 1831)
|     mem-estimate=16.00MB mem-reservation=1.00MB thread-reservation=0
|     tuple-ids=4 row-size=16B cardinality=254.82M(filtered from 4.32G) cost=58709647
|     in pipelines: 05(GETNEXT)
|
04:HASH JOIN [INNER JOIN]
|  hash predicates: tpcds_partitioned_parquet_snap.web_sales.ws_sold_date_sk = tpcds_partitioned_parquet_snap.date_dim.d_date_sk
|  fk/pk conjuncts: tpcds_partitioned_parquet_snap.web_sales.ws_sold_date_sk = tpcds_partitioned_parquet_snap.date_dim.d_date_sk
|  runtime filters: RF004[bloom] <- tpcds_partitioned_parquet_snap.date_dim.d_date_sk
|  mem-estimate=1.94MB mem-reservation=1.94MB spill-buffer=64.00KB thread-reservation=0
|  tuple-ids=0,2 row-size=28B cardinality=127.89M cost=55978804
|  in pipelines: 02(GETNEXT), 03(OPEN)
|
|--03:SCAN HDFS [tpcds_partitioned_parquet_snap.date_dim]
|     HDFS partitions=1/1 files=1 size=2.17MB
|     predicates: tpcds_partitioned_parquet_snap.date_dim.d_year = CAST(1999 AS INT), tpcds_partitioned_parquet_snap.date_dim.d_moy = CAST(12 AS INT)
|     stored statistics:
|       table: rows=73.05K size=2.17MB
|       columns: all
|     extrapolated-rows=disabled max-scan-range-rows=73.05K
|     parquet statistics predicates: tpcds_partitioned_parquet_snap.date_dim.d_year = CAST(1999 AS INT), tpcds_partitioned_parquet_snap.date_dim.d_moy = CAST(12 AS INT)
|     parquet dictionary predicates: tpcds_partitioned_parquet_snap.date_dim.d_year = CAST(1999 AS INT), tpcds_partitioned_parquet_snap.date_dim.d_moy = CAST(12 AS INT)
|     mem-estimate=16.00MB mem-reservation=512.00KB thread-reservation=0
|     tuple-ids=2 row-size=12B cardinality=108 cost=16728
|     in pipelines: 03(GETNEXT)
|
02:SCAN HDFS [tpcds_partitioned_parquet_snap.web_sales]
   HDFS partitions=1824/1824 files=1824 size=145.75GB
   runtime filters: RF001[min_max] -> tpcds_partitioned_parquet_snap.web_sales.ws_sold_time_sk, RF003[min_max] -> tpcds_partitioned_parquet_snap.web_sales.ws_item_sk, RF000[bloom] -> tpcds_partitioned_parquet_snap.web_sales.ws_sold_time_sk, RF002[bloom] -> tpcds_partitioned_parquet_snap.web_sales.ws_item_sk, RF004[bloom] -> tpcds_partitioned_parquet_snap.web_sales.ws_sold_date_sk
   stored statistics:
     table: rows=2.16G size=145.75GB
     partitions: 1824/1824 rows=2.16G
     columns: all
   extrapolated-rows=disabled max-scan-range-rows=3.37M est-scan-range=109(filtered from 1824)
   mem-estimate=16.00MB mem-reservation=128.00KB thread-reservation=0
   tuple-ids=0 row-size=16B cardinality=127.89M(filtered from 2.16G) cost=29466510
   in pipelines: 02(GETNEXT)
---- DISTRIBUTEDPLAN
Max Per-Host Resource Reservation: Memory=1.12GB Threads=34
Per-Host Resource Estimates: Memory=14.60GB
F11:PLAN FRAGMENT [UNPARTITIONED] hosts=1 instances=1
|  Per-Instance Resources: mem-estimate=1.28GB mem-reservation=4.00MB thread-reservation=1
|  max-parallelism=1 segment-costs=[2781329205] cpu-comparison-result=120 [max(1 (self) vs 120 (sum children))]
PLAN-ROOT SINK
|  output exprs: tpcds_partitioned_parquet_snap.item.i_brand_id, tpcds_partitioned_parquet_snap.item.i_brand, tpcds_partitioned_parquet_snap.time_dim.t_hour, tpcds_partitioned_parquet_snap.time_dim.t_minute, sum(EXT_PRICE)
|  mem-estimate=100.00MB mem-reservation=4.00MB spill-buffer=2.00MB thread-reservation=0 cost=2592000000
|
24:MERGING-EXCHANGE [UNPARTITIONED]
|  order by: sum(EXT_PRICE) DESC NULLS FIRST, tpcds_partitioned_parquet_snap.item.i_brand_id ASC NULLS LAST
|  mem-estimate=1.18GB mem-reservation=0B thread-reservation=0
|  tuple-ids=19 row-size=56B cardinality=518.40M cost=189329205
|  in pipelines: 16(GETNEXT)
|
F10:PLAN FRAGMENT [HASH(tpcds_partitioned_parquet_snap.item.i_brand,tpcds_partitioned_parquet_snap.item.i_brand_id,tpcds_partitioned_parquet_snap.time_dim.t_hour,tpcds_partitioned_parquet_snap.time_dim.t_minute)] hosts=10 instances=120
Per-Instance Resources: mem-estimate=712.32MB mem-reservation=46.00MB thread-reservation=1
max-parallelism=390 segment-costs=[3895633958, 1477452751, 925691694] cpu-comparison-result=120 [max(120 (self) vs 109 (sum children))]
16:SORT
|  order by: sum(EXT_PRICE) DESC NULLS FIRST, tpcds_partitioned_parquet_snap.item.i_brand_id ASC NULLS LAST
|  mem-estimate=231.37MB mem-reservation=12.00MB spill-buffer=2.00MB thread-reservation=0
|  tuple-ids=19 row-size=56B cardinality=518.40M cost=1477452751
|  in pipelines: 16(GETNEXT), 23(OPEN)
|
23:AGGREGATE [FINALIZE]
|  output: sum:merge(EXT_PRICE)
|  group by: tpcds_partitioned_parquet_snap.item.i_brand, tpcds_partitioned_parquet_snap.item.i_brand_id, tpcds_partitioned_parquet_snap.time_dim.t_hour, tpcds_partitioned_parquet_snap.time_dim.t_minute
|  mem-estimate=480.95MB mem-reservation=34.00MB spill-buffer=2.00MB thread-reservation=0
|  tuple-ids=18 row-size=56B cardinality=518.40M cost=3567619871
|  in pipelines: 23(GETNEXT), 02(OPEN), 05(OPEN), 08(OPEN)
|
22:EXCHANGE [HASH(tpcds_partitioned_parquet_snap.item.i_brand,tpcds_partitioned_parquet_snap.item.i_brand_id,tpcds_partitioned_parquet_snap.time_dim.t_hour,tpcds_partitioned_parquet_snap.time_dim.t_minute)]
|  mem-estimate=16.40MB mem-reservation=0B thread-reservation=0
|  tuple-ids=18 row-size=56B cardinality=887.89M cost=328014087
|  in pipelines: 02(GETNEXT), 05(GETNEXT), 08(GETNEXT)
|
F07:PLAN FRAGMENT [RANDOM] hosts=10 instances=109 (adjusted from 120)
Per-Host Shared Resources: mem-estimate=5.00MB mem-reservation=5.00MB thread-reservation=0 runtime-filters-memory=5.00MB
Per-Instance Resources: mem-estimate=444.18MB mem-reservation=42.00MB thread-reservation=1
max-parallelism=109 segment-costs=[6686961141, 3668617212] cpu-comparison-result=109 [max(109 (self) vs 58 (sum children))]
15:AGGREGATE [STREAMING]
|  output: sum(EXT_PRICE)
|  group by: tpcds_partitioned_parquet_snap.item.i_brand, tpcds_partitioned_parquet_snap.item.i_brand_id, tpcds_partitioned_parquet_snap.time_dim.t_hour, tpcds_partitioned_parquet_snap.time_dim.t_minute
|  mem-estimate=399.98MB mem-reservation=34.00MB spill-buffer=2.00MB thread-reservation=0
|  tuple-ids=18 row-size=56B cardinality=887.89M cost=5249631921
|  in pipelines: 02(GETNEXT), 05(GETNEXT), 08(GETNEXT)
|
14:HASH JOIN [INNER JOIN, BROADCAST]
|  hash-table-id=00
|  hash predicates: TIME_SK = tpcds_partitioned_parquet_snap.time_dim.t_time_sk
|  fk/pk conjuncts: assumed fk/pk
|  mem-estimate=0B mem-reservation=0B spill-buffer=128.00KB thread-reservation=0
|  tuple-ids=13,14,16 row-size=83B cardinality=894.28M cost=391428163
|  in pipelines: 02(GETNEXT), 05(GETNEXT), 08(GETNEXT), 13(OPEN)
|
|--F12:PLAN FRAGMENT [RANDOM] hosts=10 instances=10
|  |  Per-Instance Resources: mem-estimate=33.32MB mem-reservation=32.62MB thread-reservation=1 runtime-filters-memory=1.00MB
|  |  max-parallelism=10 segment-costs=[52013]
|  JOIN BUILD
|  |  join-table-id=00 plan-id=01 cohort-id=01
|  |  build expressions: tpcds_partitioned_parquet_snap.time_dim.t_time_sk
|  |  runtime filters: RF000[bloom] <- tpcds_partitioned_parquet_snap.time_dim.t_time_sk, RF001[min_max] <- tpcds_partitioned_parquet_snap.time_dim.t_time_sk
|  |  mem-estimate=31.62MB mem-reservation=31.62MB spill-buffer=128.00KB thread-reservation=0 cost=22333
|  |
|  21:EXCHANGE [BROADCAST]
|  |  mem-estimate=708.82KB mem-reservation=0B thread-reservation=0
|  |  tuple-ids=16 row-size=31B cardinality=22.33K cost=29680
|  |  in pipelines: 13(GETNEXT)
|  |
|  F09:PLAN FRAGMENT [RANDOM] hosts=1 instances=1
|  Per-Instance Resources: mem-estimate=16.14MB mem-reservation=512.00KB thread-reservation=1
|  max-parallelism=1 segment-costs=[28287]
|  13:SCAN HDFS [tpcds_partitioned_parquet_snap.time_dim, RANDOM]
|     HDFS partitions=1/1 files=1 size=1.31MB
|     predicates: tpcds_partitioned_parquet_snap.time_dim.t_meal_time = 'breakfast' OR tpcds_partitioned_parquet_snap.time_dim.t_meal_time = 'dinner'
|     stored statistics:
|       table: rows=86.40K size=1.31MB
|       columns: all
|     extrapolated-rows=disabled max-scan-range-rows=86.40K
|     parquet dictionary predicates: tpcds_partitioned_parquet_snap.time_dim.t_meal_time = 'breakfast' OR tpcds_partitioned_parquet_snap.time_dim.t_meal_time = 'dinner'
|     mem-estimate=16.00MB mem-reservation=512.00KB thread-reservation=0
|     tuple-ids=16 row-size=31B cardinality=22.33K cost=25942
|     in pipelines: 13(GETNEXT)
|
12:HASH JOIN [INNER JOIN, BROADCAST]
|  hash-table-id=01
|  hash predicates: SOLD_ITEM_SK = tpcds_partitioned_parquet_snap.item.i_item_sk
|  fk/pk conjuncts: assumed fk/pk
|  mem-estimate=0B mem-reservation=0B spill-buffer=64.00KB thread-reservation=0
|  tuple-ids=13,14 row-size=52B cardinality=894.28M cost=391428163
|  in pipelines: 02(GETNEXT), 05(GETNEXT), 08(GETNEXT), 11(OPEN)
|
|--F13:PLAN FRAGMENT [RANDOM] hosts=10 instances=10
|  |  Per-Instance Resources: mem-estimate=22.62MB mem-reservation=22.31MB thread-reservation=1 runtime-filters-memory=1.00MB
|  |  max-parallelism=10 segment-costs=[8447]
|  JOIN BUILD
|  |  join-table-id=01 plan-id=02 cohort-id=01
|  |  build expressions: tpcds_partitioned_parquet_snap.item.i_item_sk
|  |  runtime filters: RF002[bloom] <- tpcds_partitioned_parquet_snap.item.i_item_sk, RF003[min_max] <- tpcds_partitioned_parquet_snap.item.i_item_sk
|  |  mem-estimate=21.31MB mem-reservation=21.31MB spill-buffer=64.00KB thread-reservation=0 cost=3627
|  |
|  20:EXCHANGE [BROADCAST]
|  |  mem-estimate=318.88KB mem-reservation=0B thread-reservation=0
|  |  tuple-ids=14 row-size=40B cardinality=3.63K cost=4820
|  |  in pipelines: 11(GETNEXT)
|  |
|  F08:PLAN FRAGMENT [RANDOM] hosts=4 instances=4
|  Per-Instance Resources: mem-estimate=16.17MB mem-reservation=512.00KB thread-reservation=1
|  max-parallelism=4 segment-costs=[156564]
|  11:SCAN HDFS [tpcds_partitioned_parquet_snap.item, RANDOM]
|     HDFS partitions=1/1 files=1 size=33.54MB
|     predicates: tpcds_partitioned_parquet_snap.item.i_manager_id = CAST(1 AS INT)
|     stored statistics:
|       table: rows=360.00K size=33.54MB
|       columns: all
|     extrapolated-rows=disabled max-scan-range-rows=101.54K
|     parquet statistics predicates: tpcds_partitioned_parquet_snap.item.i_manager_id = CAST(1 AS INT)
|     parquet dictionary predicates: tpcds_partitioned_parquet_snap.item.i_manager_id = CAST(1 AS INT)
|     mem-estimate=16.00MB mem-reservation=512.00KB thread-reservation=0
|     tuple-ids=14 row-size=40B cardinality=3.63K cost=156093
|     in pipelines: 11(GETNEXT)
|
00:UNION
|  pass-through-operands: 01
|  mem-estimate=0B mem-reservation=0B thread-reservation=0
|  tuple-ids=13 row-size=12B cardinality=894.28M cost=32607797
|  in pipelines: 02(GETNEXT), 05(GETNEXT), 08(GETNEXT)
|
|--10:HASH JOIN [INNER JOIN, BROADCAST]
|  |  hash-table-id=04
|  |  hash predicates: tpcds_partitioned_parquet_snap.store_sales.ss_sold_date_sk = tpcds_partitioned_parquet_snap.date_dim_1.d_date_sk
|  |  fk/pk conjuncts: tpcds_partitioned_parquet_snap.store_sales.ss_sold_date_sk = tpcds_partitioned_parquet_snap.date_dim_1.d_date_sk
|  |  mem-estimate=0B mem-reservation=0B spill-buffer=64.00KB thread-reservation=0
|  |  tuple-ids=9,11 row-size=28B cardinality=511.58M cost=223916426
|  |  in pipelines: 08(GETNEXT), 09(OPEN)
|  |
|  |--F16:PLAN FRAGMENT [RANDOM] hosts=10 instances=10
|  |  |  Per-Instance Resources: mem-estimate=22.33MB mem-reservation=22.31MB thread-reservation=1 runtime-filters-memory=1.00MB
|  |  |  max-parallelism=10 segment-costs=[248]
|  |  JOIN BUILD
|  |  |  join-table-id=04 plan-id=05 cohort-id=01
|  |  |  build expressions: tpcds_partitioned_parquet_snap.date_dim_1.d_date_sk
|  |  |  runtime filters: RF008[bloom] <- tpcds_partitioned_parquet_snap.date_dim_1.d_date_sk
|  |  |  mem-estimate=21.31MB mem-reservation=21.31MB spill-buffer=64.00KB thread-reservation=0 cost=108
|  |  |
|  |  19:EXCHANGE [BROADCAST]
|  |  |  mem-estimate=16.00KB mem-reservation=0B thread-reservation=0
|  |  |  tuple-ids=11 row-size=12B cardinality=108 cost=140
|  |  |  in pipelines: 09(GETNEXT)
|  |  |
|  |  F06:PLAN FRAGMENT [RANDOM] hosts=1 instances=1
|  |  Per-Instance Resources: mem-estimate=16.06MB mem-reservation=512.00KB thread-reservation=1
|  |  max-parallelism=1 segment-costs=[16733]
|  |  09:SCAN HDFS [tpcds_partitioned_parquet_snap.date_dim, RANDOM]
|  |     HDFS partitions=1/1 files=1 size=2.17MB
|  |     predicates: tpcds_partitioned_parquet_snap.date_dim_1.d_year = CAST(1999 AS INT), tpcds_partitioned_parquet_snap.date_dim_1.d_moy = CAST(12 AS INT)
|  |     stored statistics:
|  |       table: rows=73.05K size=2.17MB
|  |       columns: all
|  |     extrapolated-rows=disabled max-scan-range-rows=73.05K
|  |     parquet statistics predicates: tpcds_partitioned_parquet_snap.date_dim_1.d_year = CAST(1999 AS INT), tpcds_partitioned_parquet_snap.date_dim_1.d_moy = CAST(12 AS INT)
|  |     parquet dictionary predicates: tpcds_partitioned_parquet_snap.date_dim_1.d_year = CAST(1999 AS INT), tpcds_partitioned_parquet_snap.date_dim_1.d_moy = CAST(12 AS INT)
|  |     mem-estimate=16.00MB mem-reservation=512.00KB thread-reservation=0
|  |     tuple-ids=11 row-size=12B cardinality=108 cost=16728
|  |     in pipelines: 09(GETNEXT)
|  |
|  08:SCAN HDFS [tpcds_partitioned_parquet_snap.store_sales, RANDOM]
|     HDFS partitions=1824/1824 files=1824 size=389.90GB
|     runtime filters: RF001[min_max] -> tpcds_partitioned_parquet_snap.store_sales.ss_sold_time_sk, RF003[min_max] -> tpcds_partitioned_parquet_snap.store_sales.ss_item_sk, RF000[bloom] -> tpcds_partitioned_parquet_snap.store_sales.ss_sold_time_sk, RF002[bloom] -> tpcds_partitioned_parquet_snap.store_sales.ss_item_sk, RF008[bloom] -> tpcds_partitioned_parquet_snap.store_sales.ss_sold_date_sk
|     stored statistics:
|       table: rows=8.64G size=389.90GB
|       partitions: 1824/1824 rows=8.64G
|       columns: all
|     extrapolated-rows=disabled max-scan-range-rows=390.22M est-scan-range=109(filtered from 1824)
|     mem-estimate=16.00MB mem-reservation=8.00MB thread-reservation=0
|     tuple-ids=9 row-size=16B cardinality=511.58M(filtered from 8.64G) cost=117866905
|     in pipelines: 08(GETNEXT)
|
01:UNION
|  mem-estimate=0B mem-reservation=0B thread-reservation=0
|  tuple-ids=8 row-size=12B cardinality=382.71M cost=24393872
|  in pipelines: 02(GETNEXT), 05(GETNEXT)
|
|--07:HASH JOIN [INNER JOIN, BROADCAST]
|  |  hash-table-id=03
|  |  hash predicates: tpcds_partitioned_parquet_snap.catalog_sales.cs_sold_date_sk = tpcds_partitioned_parquet_snap.date_dim_0.d_date_sk
|  |  fk/pk conjuncts: tpcds_partitioned_parquet_snap.catalog_sales.cs_sold_date_sk = tpcds_partitioned_parquet_snap.date_dim_0.d_date_sk
|  |  mem-estimate=0B mem-reservation=0B spill-buffer=64.00KB thread-reservation=0
|  |  tuple-ids=4,6 row-size=28B cardinality=254.82M cost=111533041
|  |  in pipelines: 05(GETNEXT), 06(OPEN)
|  |
|  |--F15:PLAN FRAGMENT [RANDOM] hosts=10 instances=10
|  |  |  Per-Instance Resources: mem-estimate=22.33MB mem-reservation=22.31MB thread-reservation=1 runtime-filters-memory=1.00MB
|  |  |  max-parallelism=10 segment-costs=[248]
|  |  JOIN BUILD
|  |  |  join-table-id=03 plan-id=04 cohort-id=01
|  |  |  build expressions: tpcds_partitioned_parquet_snap.date_dim_0.d_date_sk
|  |  |  runtime filters: RF006[bloom] <- tpcds_partitioned_parquet_snap.date_dim_0.d_date_sk
|  |  |  mem-estimate=21.31MB mem-reservation=21.31MB spill-buffer=64.00KB thread-reservation=0 cost=108
|  |  |
|  |  18:EXCHANGE [BROADCAST]
|  |  |  mem-estimate=16.00KB mem-reservation=0B thread-reservation=0
|  |  |  tuple-ids=6 row-size=12B cardinality=108 cost=140
|  |  |  in pipelines: 06(GETNEXT)
|  |  |
|  |  F03:PLAN FRAGMENT [RANDOM] hosts=1 instances=1
|  |  Per-Instance Resources: mem-estimate=16.06MB mem-reservation=512.00KB thread-reservation=1
|  |  max-parallelism=1 segment-costs=[16733]
|  |  06:SCAN HDFS [tpcds_partitioned_parquet_snap.date_dim, RANDOM]
|  |     HDFS partitions=1/1 files=1 size=2.17MB
|  |     predicates: tpcds_partitioned_parquet_snap.date_dim_0.d_year = CAST(1999 AS INT), tpcds_partitioned_parquet_snap.date_dim_0.d_moy = CAST(12 AS INT)
|  |     stored statistics:
|  |       table: rows=73.05K size=2.17MB
|  |       columns: all
|  |     extrapolated-rows=disabled max-scan-range-rows=73.05K
|  |     parquet statistics predicates: tpcds_partitioned_parquet_snap.date_dim_0.d_year = CAST(1999 AS INT), tpcds_partitioned_parquet_snap.date_dim_0.d_moy = CAST(12 AS INT)
|  |     parquet dictionary predicates: tpcds_partitioned_parquet_snap.date_dim_0.d_year = CAST(1999 AS INT), tpcds_partitioned_parquet_snap.date_dim_0.d_moy = CAST(12 AS INT)
|  |     mem-estimate=16.00MB mem-reservation=512.00KB thread-reservation=0
|  |     tuple-ids=6 row-size=12B cardinality=108 cost=16728
|  |     in pipelines: 06(GETNEXT)
|  |
|  05:SCAN HDFS [tpcds_partitioned_parquet_snap.catalog_sales, RANDOM]
|     HDFS partitions=1831/1831 files=1831 size=280.96GB
|     runtime filters: RF001[min_max] -> tpcds_partitioned_parquet_snap.catalog_sales.cs_sold_time_sk, RF003[min_max] -> tpcds_partitioned_parquet_snap.catalog_sales.cs_item_sk, RF000[bloom] -> tpcds_partitioned_parquet_snap.catalog_sales.cs_sold_time_sk, RF002[bloom] -> tpcds_partitioned_parquet_snap.catalog_sales.cs_item_sk, RF006[bloom] -> tpcds_partitioned_parquet_snap.catalog_sales.cs_sold_date_sk
|     stored statistics:
|       table: rows=4.32G size=280.96GB
|       partitions: 1831/1831 rows=4.32G
|       columns: all
|     extrapolated-rows=disabled max-scan-range-rows=21.52M est-scan-range=109(filtered from 1831)
|     mem-estimate=16.00MB mem-reservation=1.00MB thread-reservation=0
|     tuple-ids=4 row-size=16B cardinality=254.82M(filtered from 4.32G) cost=58709647
|     in pipelines: 05(GETNEXT)
|
04:HASH JOIN [INNER JOIN, BROADCAST]
|  hash-table-id=02
|  hash predicates: tpcds_partitioned_parquet_snap.web_sales.ws_sold_date_sk = tpcds_partitioned_parquet_snap.date_dim.d_date_sk
|  fk/pk conjuncts: tpcds_partitioned_parquet_snap.web_sales.ws_sold_date_sk = tpcds_partitioned_parquet_snap.date_dim.d_date_sk
|  mem-estimate=0B mem-reservation=0B spill-buffer=64.00KB thread-reservation=0
|  tuple-ids=0,2 row-size=28B cardinality=127.89M cost=55978696
|  in pipelines: 02(GETNEXT), 03(OPEN)
|
|--F14:PLAN FRAGMENT [RANDOM] hosts=10 instances=10
|  |  Per-Instance Resources: mem-estimate=22.33MB mem-reservation=22.31MB thread-reservation=1 runtime-filters-memory=1.00MB
|  |  max-parallelism=10 segment-costs=[248]
|  JOIN BUILD
|  |  join-table-id=02 plan-id=03 cohort-id=01
|  |  build expressions: tpcds_partitioned_parquet_snap.date_dim.d_date_sk
|  |  runtime filters: RF004[bloom] <- tpcds_partitioned_parquet_snap.date_dim.d_date_sk
|  |  mem-estimate=21.31MB mem-reservation=21.31MB spill-buffer=64.00KB thread-reservation=0 cost=108
|  |
|  17:EXCHANGE [BROADCAST]
|  |  mem-estimate=16.00KB mem-reservation=0B thread-reservation=0
|  |  tuple-ids=2 row-size=12B cardinality=108 cost=140
|  |  in pipelines: 03(GETNEXT)
|  |
|  F01:PLAN FRAGMENT [RANDOM] hosts=1 instances=1
|  Per-Instance Resources: mem-estimate=16.06MB mem-reservation=512.00KB thread-reservation=1
|  max-parallelism=1 segment-costs=[16733]
|  03:SCAN HDFS [tpcds_partitioned_parquet_snap.date_dim, RANDOM]
|     HDFS partitions=1/1 files=1 size=2.17MB
|     predicates: tpcds_partitioned_parquet_snap.date_dim.d_year = CAST(1999 AS INT), tpcds_partitioned_parquet_snap.date_dim.d_moy = CAST(12 AS INT)
|     stored statistics:
|       table: rows=73.05K size=2.17MB
|       columns: all
|     extrapolated-rows=disabled max-scan-range-rows=73.05K
|     parquet statistics predicates: tpcds_partitioned_parquet_snap.date_dim.d_year = CAST(1999 AS INT), tpcds_partitioned_parquet_snap.date_dim.d_moy = CAST(12 AS INT)
|     parquet dictionary predicates: tpcds_partitioned_parquet_snap.date_dim.d_year = CAST(1999 AS INT), tpcds_partitioned_parquet_snap.date_dim.d_moy = CAST(12 AS INT)
|     mem-estimate=16.00MB mem-reservation=512.00KB thread-reservation=0
|     tuple-ids=2 row-size=12B cardinality=108 cost=16728
|     in pipelines: 03(GETNEXT)
|
02:SCAN HDFS [tpcds_partitioned_parquet_snap.web_sales, RANDOM]
   HDFS partitions=1824/1824 files=1824 size=145.75GB
   runtime filters: RF001[min_max] -> tpcds_partitioned_parquet_snap.web_sales.ws_sold_time_sk, RF003[min_max] -> tpcds_partitioned_parquet_snap.web_sales.ws_item_sk, RF000[bloom] -> tpcds_partitioned_parquet_snap.web_sales.ws_sold_time_sk, RF002[bloom] -> tpcds_partitioned_parquet_snap.web_sales.ws_item_sk, RF004[bloom] -> tpcds_partitioned_parquet_snap.web_sales.ws_sold_date_sk
   stored statistics:
     table: rows=2.16G size=145.75GB
     partitions: 1824/1824 rows=2.16G
     columns: all
   extrapolated-rows=disabled max-scan-range-rows=3.37M est-scan-range=109(filtered from 1824)
   mem-estimate=16.00MB mem-reservation=128.00KB thread-reservation=0
   tuple-ids=0 row-size=16B cardinality=127.89M(filtered from 2.16G) cost=29466510
   in pipelines: 02(GETNEXT)
---- PARALLELPLANS
Max Per-Host Resource Reservation: Memory=1.12GB Threads=34
Per-Host Resource Estimates: Memory=14.60GB
F11:PLAN FRAGMENT [UNPARTITIONED] hosts=1 instances=1
|  Per-Instance Resources: mem-estimate=1.28GB mem-reservation=4.00MB thread-reservation=1
|  max-parallelism=1 segment-costs=[2781329205] cpu-comparison-result=120 [max(1 (self) vs 120 (sum children))]
PLAN-ROOT SINK
|  output exprs: tpcds_partitioned_parquet_snap.item.i_brand_id, tpcds_partitioned_parquet_snap.item.i_brand, tpcds_partitioned_parquet_snap.time_dim.t_hour, tpcds_partitioned_parquet_snap.time_dim.t_minute, sum(EXT_PRICE)
|  mem-estimate=100.00MB mem-reservation=4.00MB spill-buffer=2.00MB thread-reservation=0 cost=2592000000
|
24:MERGING-EXCHANGE [UNPARTITIONED]
|  order by: sum(EXT_PRICE) DESC NULLS FIRST, tpcds_partitioned_parquet_snap.item.i_brand_id ASC NULLS LAST
|  mem-estimate=1.18GB mem-reservation=0B thread-reservation=0
|  tuple-ids=19 row-size=56B cardinality=518.40M cost=189329205
|  in pipelines: 16(GETNEXT)
|
F10:PLAN FRAGMENT [HASH(tpcds_partitioned_parquet_snap.item.i_brand,tpcds_partitioned_parquet_snap.item.i_brand_id,tpcds_partitioned_parquet_snap.time_dim.t_hour,tpcds_partitioned_parquet_snap.time_dim.t_minute)] hosts=10 instances=120
Per-Instance Resources: mem-estimate=712.32MB mem-reservation=46.00MB thread-reservation=1
max-parallelism=390 segment-costs=[3895633958, 1477452751, 925691694] cpu-comparison-result=120 [max(120 (self) vs 109 (sum children))]
16:SORT
|  order by: sum(EXT_PRICE) DESC NULLS FIRST, tpcds_partitioned_parquet_snap.item.i_brand_id ASC NULLS LAST
|  mem-estimate=231.37MB mem-reservation=12.00MB spill-buffer=2.00MB thread-reservation=0
|  tuple-ids=19 row-size=56B cardinality=518.40M cost=1477452751
|  in pipelines: 16(GETNEXT), 23(OPEN)
|
23:AGGREGATE [FINALIZE]
|  output: sum:merge(EXT_PRICE)
|  group by: tpcds_partitioned_parquet_snap.item.i_brand, tpcds_partitioned_parquet_snap.item.i_brand_id, tpcds_partitioned_parquet_snap.time_dim.t_hour, tpcds_partitioned_parquet_snap.time_dim.t_minute
|  mem-estimate=480.95MB mem-reservation=34.00MB spill-buffer=2.00MB thread-reservation=0
|  tuple-ids=18 row-size=56B cardinality=518.40M cost=3567619871
|  in pipelines: 23(GETNEXT), 02(OPEN), 05(OPEN), 08(OPEN)
|
22:EXCHANGE [HASH(tpcds_partitioned_parquet_snap.item.i_brand,tpcds_partitioned_parquet_snap.item.i_brand_id,tpcds_partitioned_parquet_snap.time_dim.t_hour,tpcds_partitioned_parquet_snap.time_dim.t_minute)]
|  mem-estimate=16.40MB mem-reservation=0B thread-reservation=0
|  tuple-ids=18 row-size=56B cardinality=887.89M cost=328014087
|  in pipelines: 02(GETNEXT), 05(GETNEXT), 08(GETNEXT)
|
F07:PLAN FRAGMENT [RANDOM] hosts=10 instances=109 (adjusted from 120)
Per-Host Shared Resources: mem-estimate=5.00MB mem-reservation=5.00MB thread-reservation=0 runtime-filters-memory=5.00MB
Per-Instance Resources: mem-estimate=444.18MB mem-reservation=42.00MB thread-reservation=1
max-parallelism=109 segment-costs=[6686961141, 3668617212] cpu-comparison-result=109 [max(109 (self) vs 58 (sum children))]
15:AGGREGATE [STREAMING]
|  output: sum(EXT_PRICE)
|  group by: tpcds_partitioned_parquet_snap.item.i_brand, tpcds_partitioned_parquet_snap.item.i_brand_id, tpcds_partitioned_parquet_snap.time_dim.t_hour, tpcds_partitioned_parquet_snap.time_dim.t_minute
|  mem-estimate=399.98MB mem-reservation=34.00MB spill-buffer=2.00MB thread-reservation=0
|  tuple-ids=18 row-size=56B cardinality=887.89M cost=5249631921
|  in pipelines: 02(GETNEXT), 05(GETNEXT), 08(GETNEXT)
|
14:HASH JOIN [INNER JOIN, BROADCAST]
|  hash-table-id=00
|  hash predicates: TIME_SK = tpcds_partitioned_parquet_snap.time_dim.t_time_sk
|  fk/pk conjuncts: assumed fk/pk
|  mem-estimate=0B mem-reservation=0B spill-buffer=128.00KB thread-reservation=0
|  tuple-ids=13,14,16 row-size=83B cardinality=894.28M cost=391428163
|  in pipelines: 02(GETNEXT), 05(GETNEXT), 08(GETNEXT), 13(OPEN)
|
|--F12:PLAN FRAGMENT [RANDOM] hosts=10 instances=10
|  |  Per-Instance Resources: mem-estimate=33.32MB mem-reservation=32.62MB thread-reservation=1 runtime-filters-memory=1.00MB
|  |  max-parallelism=10 segment-costs=[52013]
|  JOIN BUILD
|  |  join-table-id=00 plan-id=01 cohort-id=01
|  |  build expressions: tpcds_partitioned_parquet_snap.time_dim.t_time_sk
|  |  runtime filters: RF000[bloom] <- tpcds_partitioned_parquet_snap.time_dim.t_time_sk, RF001[min_max] <- tpcds_partitioned_parquet_snap.time_dim.t_time_sk
|  |  mem-estimate=31.62MB mem-reservation=31.62MB spill-buffer=128.00KB thread-reservation=0 cost=22333
|  |
|  21:EXCHANGE [BROADCAST]
|  |  mem-estimate=708.82KB mem-reservation=0B thread-reservation=0
|  |  tuple-ids=16 row-size=31B cardinality=22.33K cost=29680
|  |  in pipelines: 13(GETNEXT)
|  |
|  F09:PLAN FRAGMENT [RANDOM] hosts=1 instances=1
|  Per-Instance Resources: mem-estimate=16.14MB mem-reservation=512.00KB thread-reservation=1
|  max-parallelism=1 segment-costs=[28287]
|  13:SCAN HDFS [tpcds_partitioned_parquet_snap.time_dim, RANDOM]
|     HDFS partitions=1/1 files=1 size=1.31MB
|     predicates: tpcds_partitioned_parquet_snap.time_dim.t_meal_time = 'breakfast' OR tpcds_partitioned_parquet_snap.time_dim.t_meal_time = 'dinner'
|     stored statistics:
|       table: rows=86.40K size=1.31MB
|       columns: all
|     extrapolated-rows=disabled max-scan-range-rows=86.40K
|     parquet dictionary predicates: tpcds_partitioned_parquet_snap.time_dim.t_meal_time = 'breakfast' OR tpcds_partitioned_parquet_snap.time_dim.t_meal_time = 'dinner'
|     mem-estimate=16.00MB mem-reservation=512.00KB thread-reservation=0
|     tuple-ids=16 row-size=31B cardinality=22.33K cost=25942
|     in pipelines: 13(GETNEXT)
|
12:HASH JOIN [INNER JOIN, BROADCAST]
|  hash-table-id=01
|  hash predicates: SOLD_ITEM_SK = tpcds_partitioned_parquet_snap.item.i_item_sk
|  fk/pk conjuncts: assumed fk/pk
|  mem-estimate=0B mem-reservation=0B spill-buffer=64.00KB thread-reservation=0
|  tuple-ids=13,14 row-size=52B cardinality=894.28M cost=391428163
|  in pipelines: 02(GETNEXT), 05(GETNEXT), 08(GETNEXT), 11(OPEN)
|
|--F13:PLAN FRAGMENT [RANDOM] hosts=10 instances=10
|  |  Per-Instance Resources: mem-estimate=22.62MB mem-reservation=22.31MB thread-reservation=1 runtime-filters-memory=1.00MB
|  |  max-parallelism=10 segment-costs=[8447]
|  JOIN BUILD
|  |  join-table-id=01 plan-id=02 cohort-id=01
|  |  build expressions: tpcds_partitioned_parquet_snap.item.i_item_sk
|  |  runtime filters: RF002[bloom] <- tpcds_partitioned_parquet_snap.item.i_item_sk, RF003[min_max] <- tpcds_partitioned_parquet_snap.item.i_item_sk
|  |  mem-estimate=21.31MB mem-reservation=21.31MB spill-buffer=64.00KB thread-reservation=0 cost=3627
|  |
|  20:EXCHANGE [BROADCAST]
|  |  mem-estimate=318.88KB mem-reservation=0B thread-reservation=0
|  |  tuple-ids=14 row-size=40B cardinality=3.63K cost=4820
|  |  in pipelines: 11(GETNEXT)
|  |
|  F08:PLAN FRAGMENT [RANDOM] hosts=4 instances=4
|  Per-Instance Resources: mem-estimate=16.17MB mem-reservation=512.00KB thread-reservation=1
|  max-parallelism=4 segment-costs=[156564]
|  11:SCAN HDFS [tpcds_partitioned_parquet_snap.item, RANDOM]
|     HDFS partitions=1/1 files=1 size=33.54MB
|     predicates: tpcds_partitioned_parquet_snap.item.i_manager_id = CAST(1 AS INT)
|     stored statistics:
|       table: rows=360.00K size=33.54MB
|       columns: all
|     extrapolated-rows=disabled max-scan-range-rows=101.54K
|     parquet statistics predicates: tpcds_partitioned_parquet_snap.item.i_manager_id = CAST(1 AS INT)
|     parquet dictionary predicates: tpcds_partitioned_parquet_snap.item.i_manager_id = CAST(1 AS INT)
|     mem-estimate=16.00MB mem-reservation=512.00KB thread-reservation=0
|     tuple-ids=14 row-size=40B cardinality=3.63K cost=156093
|     in pipelines: 11(GETNEXT)
|
00:UNION
|  pass-through-operands: 01
|  mem-estimate=0B mem-reservation=0B thread-reservation=0
|  tuple-ids=13 row-size=12B cardinality=894.28M cost=32607797
|  in pipelines: 02(GETNEXT), 05(GETNEXT), 08(GETNEXT)
|
|--10:HASH JOIN [INNER JOIN, BROADCAST]
|  |  hash-table-id=04
|  |  hash predicates: tpcds_partitioned_parquet_snap.store_sales.ss_sold_date_sk = tpcds_partitioned_parquet_snap.date_dim_1.d_date_sk
|  |  fk/pk conjuncts: tpcds_partitioned_parquet_snap.store_sales.ss_sold_date_sk = tpcds_partitioned_parquet_snap.date_dim_1.d_date_sk
|  |  mem-estimate=0B mem-reservation=0B spill-buffer=64.00KB thread-reservation=0
|  |  tuple-ids=9,11 row-size=28B cardinality=511.58M cost=223916426
|  |  in pipelines: 08(GETNEXT), 09(OPEN)
|  |
|  |--F16:PLAN FRAGMENT [RANDOM] hosts=10 instances=10
|  |  |  Per-Instance Resources: mem-estimate=22.33MB mem-reservation=22.31MB thread-reservation=1 runtime-filters-memory=1.00MB
|  |  |  max-parallelism=10 segment-costs=[248]
|  |  JOIN BUILD
|  |  |  join-table-id=04 plan-id=05 cohort-id=01
|  |  |  build expressions: tpcds_partitioned_parquet_snap.date_dim_1.d_date_sk
|  |  |  runtime filters: RF008[bloom] <- tpcds_partitioned_parquet_snap.date_dim_1.d_date_sk
|  |  |  mem-estimate=21.31MB mem-reservation=21.31MB spill-buffer=64.00KB thread-reservation=0 cost=108
|  |  |
|  |  19:EXCHANGE [BROADCAST]
|  |  |  mem-estimate=16.00KB mem-reservation=0B thread-reservation=0
|  |  |  tuple-ids=11 row-size=12B cardinality=108 cost=140
|  |  |  in pipelines: 09(GETNEXT)
|  |  |
|  |  F06:PLAN FRAGMENT [RANDOM] hosts=1 instances=1
|  |  Per-Instance Resources: mem-estimate=16.06MB mem-reservation=512.00KB thread-reservation=1
|  |  max-parallelism=1 segment-costs=[16733]
|  |  09:SCAN HDFS [tpcds_partitioned_parquet_snap.date_dim, RANDOM]
|  |     HDFS partitions=1/1 files=1 size=2.17MB
|  |     predicates: tpcds_partitioned_parquet_snap.date_dim_1.d_year = CAST(1999 AS INT), tpcds_partitioned_parquet_snap.date_dim_1.d_moy = CAST(12 AS INT)
|  |     stored statistics:
|  |       table: rows=73.05K size=2.17MB
|  |       columns: all
|  |     extrapolated-rows=disabled max-scan-range-rows=73.05K
|  |     parquet statistics predicates: tpcds_partitioned_parquet_snap.date_dim_1.d_year = CAST(1999 AS INT), tpcds_partitioned_parquet_snap.date_dim_1.d_moy = CAST(12 AS INT)
|  |     parquet dictionary predicates: tpcds_partitioned_parquet_snap.date_dim_1.d_year = CAST(1999 AS INT), tpcds_partitioned_parquet_snap.date_dim_1.d_moy = CAST(12 AS INT)
|  |     mem-estimate=16.00MB mem-reservation=512.00KB thread-reservation=0
|  |     tuple-ids=11 row-size=12B cardinality=108 cost=16728
|  |     in pipelines: 09(GETNEXT)
|  |
|  08:SCAN HDFS [tpcds_partitioned_parquet_snap.store_sales, RANDOM]
|     HDFS partitions=1824/1824 files=1824 size=389.90GB
|     runtime filters: RF001[min_max] -> tpcds_partitioned_parquet_snap.store_sales.ss_sold_time_sk, RF003[min_max] -> tpcds_partitioned_parquet_snap.store_sales.ss_item_sk, RF000[bloom] -> tpcds_partitioned_parquet_snap.store_sales.ss_sold_time_sk, RF002[bloom] -> tpcds_partitioned_parquet_snap.store_sales.ss_item_sk, RF008[bloom] -> tpcds_partitioned_parquet_snap.store_sales.ss_sold_date_sk
|     stored statistics:
|       table: rows=8.64G size=389.90GB
|       partitions: 1824/1824 rows=8.64G
|       columns: all
|     extrapolated-rows=disabled max-scan-range-rows=390.22M est-scan-range=109(filtered from 1824)
|     mem-estimate=16.00MB mem-reservation=8.00MB thread-reservation=0
|     tuple-ids=9 row-size=16B cardinality=511.58M(filtered from 8.64G) cost=117866905
|     in pipelines: 08(GETNEXT)
|
01:UNION
|  mem-estimate=0B mem-reservation=0B thread-reservation=0
|  tuple-ids=8 row-size=12B cardinality=382.71M cost=24393872
|  in pipelines: 02(GETNEXT), 05(GETNEXT)
|
|--07:HASH JOIN [INNER JOIN, BROADCAST]
|  |  hash-table-id=03
|  |  hash predicates: tpcds_partitioned_parquet_snap.catalog_sales.cs_sold_date_sk = tpcds_partitioned_parquet_snap.date_dim_0.d_date_sk
|  |  fk/pk conjuncts: tpcds_partitioned_parquet_snap.catalog_sales.cs_sold_date_sk = tpcds_partitioned_parquet_snap.date_dim_0.d_date_sk
|  |  mem-estimate=0B mem-reservation=0B spill-buffer=64.00KB thread-reservation=0
|  |  tuple-ids=4,6 row-size=28B cardinality=254.82M cost=111533041
|  |  in pipelines: 05(GETNEXT), 06(OPEN)
|  |
|  |--F15:PLAN FRAGMENT [RANDOM] hosts=10 instances=10
|  |  |  Per-Instance Resources: mem-estimate=22.33MB mem-reservation=22.31MB thread-reservation=1 runtime-filters-memory=1.00MB
|  |  |  max-parallelism=10 segment-costs=[248]
|  |  JOIN BUILD
|  |  |  join-table-id=03 plan-id=04 cohort-id=01
|  |  |  build expressions: tpcds_partitioned_parquet_snap.date_dim_0.d_date_sk
|  |  |  runtime filters: RF006[bloom] <- tpcds_partitioned_parquet_snap.date_dim_0.d_date_sk
|  |  |  mem-estimate=21.31MB mem-reservation=21.31MB spill-buffer=64.00KB thread-reservation=0 cost=108
|  |  |
|  |  18:EXCHANGE [BROADCAST]
|  |  |  mem-estimate=16.00KB mem-reservation=0B thread-reservation=0
|  |  |  tuple-ids=6 row-size=12B cardinality=108 cost=140
|  |  |  in pipelines: 06(GETNEXT)
|  |  |
|  |  F03:PLAN FRAGMENT [RANDOM] hosts=1 instances=1
|  |  Per-Instance Resources: mem-estimate=16.06MB mem-reservation=512.00KB thread-reservation=1
|  |  max-parallelism=1 segment-costs=[16733]
|  |  06:SCAN HDFS [tpcds_partitioned_parquet_snap.date_dim, RANDOM]
|  |     HDFS partitions=1/1 files=1 size=2.17MB
|  |     predicates: tpcds_partitioned_parquet_snap.date_dim_0.d_year = CAST(1999 AS INT), tpcds_partitioned_parquet_snap.date_dim_0.d_moy = CAST(12 AS INT)
|  |     stored statistics:
|  |       table: rows=73.05K size=2.17MB
|  |       columns: all
|  |     extrapolated-rows=disabled max-scan-range-rows=73.05K
|  |     parquet statistics predicates: tpcds_partitioned_parquet_snap.date_dim_0.d_year = CAST(1999 AS INT), tpcds_partitioned_parquet_snap.date_dim_0.d_moy = CAST(12 AS INT)
|  |     parquet dictionary predicates: tpcds_partitioned_parquet_snap.date_dim_0.d_year = CAST(1999 AS INT), tpcds_partitioned_parquet_snap.date_dim_0.d_moy = CAST(12 AS INT)
|  |     mem-estimate=16.00MB mem-reservation=512.00KB thread-reservation=0
|  |     tuple-ids=6 row-size=12B cardinality=108 cost=16728
|  |     in pipelines: 06(GETNEXT)
|  |
|  05:SCAN HDFS [tpcds_partitioned_parquet_snap.catalog_sales, RANDOM]
|     HDFS partitions=1831/1831 files=1831 size=280.96GB
|     runtime filters: RF001[min_max] -> tpcds_partitioned_parquet_snap.catalog_sales.cs_sold_time_sk, RF003[min_max] -> tpcds_partitioned_parquet_snap.catalog_sales.cs_item_sk, RF000[bloom] -> tpcds_partitioned_parquet_snap.catalog_sales.cs_sold_time_sk, RF002[bloom] -> tpcds_partitioned_parquet_snap.catalog_sales.cs_item_sk, RF006[bloom] -> tpcds_partitioned_parquet_snap.catalog_sales.cs_sold_date_sk
|     stored statistics:
|       table: rows=4.32G size=280.96GB
|       partitions: 1831/1831 rows=4.32G
|       columns: all
|     extrapolated-rows=disabled max-scan-range-rows=21.52M est-scan-range=109(filtered from 1831)
|     mem-estimate=16.00MB mem-reservation=1.00MB thread-reservation=0
|     tuple-ids=4 row-size=16B cardinality=254.82M(filtered from 4.32G) cost=58709647
|     in pipelines: 05(GETNEXT)
|
04:HASH JOIN [INNER JOIN, BROADCAST]
|  hash-table-id=02
|  hash predicates: tpcds_partitioned_parquet_snap.web_sales.ws_sold_date_sk = tpcds_partitioned_parquet_snap.date_dim.d_date_sk
|  fk/pk conjuncts: tpcds_partitioned_parquet_snap.web_sales.ws_sold_date_sk = tpcds_partitioned_parquet_snap.date_dim.d_date_sk
|  mem-estimate=0B mem-reservation=0B spill-buffer=64.00KB thread-reservation=0
|  tuple-ids=0,2 row-size=28B cardinality=127.89M cost=55978696
|  in pipelines: 02(GETNEXT), 03(OPEN)
|
|--F14:PLAN FRAGMENT [RANDOM] hosts=10 instances=10
|  |  Per-Instance Resources: mem-estimate=22.33MB mem-reservation=22.31MB thread-reservation=1 runtime-filters-memory=1.00MB
|  |  max-parallelism=10 segment-costs=[248]
|  JOIN BUILD
|  |  join-table-id=02 plan-id=03 cohort-id=01
|  |  build expressions: tpcds_partitioned_parquet_snap.date_dim.d_date_sk
|  |  runtime filters: RF004[bloom] <- tpcds_partitioned_parquet_snap.date_dim.d_date_sk
|  |  mem-estimate=21.31MB mem-reservation=21.31MB spill-buffer=64.00KB thread-reservation=0 cost=108
|  |
|  17:EXCHANGE [BROADCAST]
|  |  mem-estimate=16.00KB mem-reservation=0B thread-reservation=0
|  |  tuple-ids=2 row-size=12B cardinality=108 cost=140
|  |  in pipelines: 03(GETNEXT)
|  |
|  F01:PLAN FRAGMENT [RANDOM] hosts=1 instances=1
|  Per-Instance Resources: mem-estimate=16.06MB mem-reservation=512.00KB thread-reservation=1
|  max-parallelism=1 segment-costs=[16733]
|  03:SCAN HDFS [tpcds_partitioned_parquet_snap.date_dim, RANDOM]
|     HDFS partitions=1/1 files=1 size=2.17MB
|     predicates: tpcds_partitioned_parquet_snap.date_dim.d_year = CAST(1999 AS INT), tpcds_partitioned_parquet_snap.date_dim.d_moy = CAST(12 AS INT)
|     stored statistics:
|       table: rows=73.05K size=2.17MB
|       columns: all
|     extrapolated-rows=disabled max-scan-range-rows=73.05K
|     parquet statistics predicates: tpcds_partitioned_parquet_snap.date_dim.d_year = CAST(1999 AS INT), tpcds_partitioned_parquet_snap.date_dim.d_moy = CAST(12 AS INT)
|     parquet dictionary predicates: tpcds_partitioned_parquet_snap.date_dim.d_year = CAST(1999 AS INT), tpcds_partitioned_parquet_snap.date_dim.d_moy = CAST(12 AS INT)
|     mem-estimate=16.00MB mem-reservation=512.00KB thread-reservation=0
|     tuple-ids=2 row-size=12B cardinality=108 cost=16728
|     in pipelines: 03(GETNEXT)
|
02:SCAN HDFS [tpcds_partitioned_parquet_snap.web_sales, RANDOM]
   HDFS partitions=1824/1824 files=1824 size=145.75GB
   runtime filters: RF001[min_max] -> tpcds_partitioned_parquet_snap.web_sales.ws_sold_time_sk, RF003[min_max] -> tpcds_partitioned_parquet_snap.web_sales.ws_item_sk, RF000[bloom] -> tpcds_partitioned_parquet_snap.web_sales.ws_sold_time_sk, RF002[bloom] -> tpcds_partitioned_parquet_snap.web_sales.ws_item_sk, RF004[bloom] -> tpcds_partitioned_parquet_snap.web_sales.ws_sold_date_sk
   stored statistics:
     table: rows=2.16G size=145.75GB
     partitions: 1824/1824 rows=2.16G
     columns: all
   extrapolated-rows=disabled max-scan-range-rows=3.37M est-scan-range=109(filtered from 1824)
   mem-estimate=16.00MB mem-reservation=128.00KB thread-reservation=0
   tuple-ids=0 row-size=16B cardinality=127.89M(filtered from 2.16G) cost=29466510
   in pipelines: 02(GETNEXT)
====
