# TPCDS-Q97
# start query 97 in stream 0 using template query97.tpl using seed 1408933636
with ssci as (
select ss_customer_sk customer_sk
      ,ss_item_sk item_sk
from store_sales,date_dim
where ss_sold_date_sk = d_date_sk
  and d_month_seq between 1209 and 1209 + 11
group by ss_customer_sk
        ,ss_item_sk),
csci as(
 select cs_bill_customer_sk customer_sk
      ,cs_item_sk item_sk
from catalog_sales,date_dim
where cs_sold_date_sk = d_date_sk
  and d_month_seq between 1209 and 1209 + 11
group by cs_bill_customer_sk
        ,cs_item_sk)
 select  sum(case when ssci.customer_sk is not null and csci.customer_sk is null then 1 else 0 end) store_only
      ,sum(case when ssci.customer_sk is null and csci.customer_sk is not null then 1 else 0 end) catalog_only
      ,sum(case when ssci.customer_sk is not null and csci.customer_sk is not null then 1 else 0 end) store_and_catalog
from ssci full outer join csci on (ssci.customer_sk=csci.customer_sk
                               and ssci.item_sk = csci.item_sk)
limit 100

# end query 97 in stream 0 using template query97.tpl
---- PLAN
Max Per-Host Resource Reservation: Memory=106.44MB Threads=1
Per-Host Resource Estimates: Memory=140.36GB
F00:PLAN FRAGMENT [UNPARTITIONED] hosts=1 instances=1
|  Per-Instance Resources: mem-estimate=140.36GB mem-reservation=106.44MB thread-reservation=1 runtime-filters-memory=2.00MB
|  max-parallelism=1 segment-costs=[53731232958, 27996977682, 11323497309, 3]
PLAN-ROOT SINK
|  output exprs: sum(CASE WHEN tpcds_partitioned_parquet_snap.store_sales.ss_customer_sk IS NOT NULL AND tpcds_partitioned_parquet_snap.catalog_sales.cs_bill_customer_sk IS NULL THEN 1 ELSE 0 END), sum(CASE WHEN tpcds_partitioned_parquet_snap.store_sales.ss_customer_sk IS NULL AND tpcds_partitioned_parquet_snap.catalog_sales.cs_bill_customer_sk IS NOT NULL THEN 1 ELSE 0 END), sum(CASE WHEN tpcds_partitioned_parquet_snap.store_sales.ss_customer_sk IS NOT NULL AND tpcds_partitioned_parquet_snap.catalog_sales.cs_bill_customer_sk IS NOT NULL THEN 1 ELSE 0 END)
|  mem-estimate=4.00MB mem-reservation=4.00MB spill-buffer=2.00MB thread-reservation=0 cost=3
|
09:AGGREGATE [FINALIZE]
|  output: sum(CAST(CASE WHEN tpcds_partitioned_parquet_snap.store_sales.ss_customer_sk IS NOT NULL AND tpcds_partitioned_parquet_snap.catalog_sales.cs_bill_customer_sk IS NULL THEN CAST(1 AS TINYINT) ELSE CAST(0 AS TINYINT) END AS BIGINT)), sum(CAST(CASE WHEN tpcds_partitioned_parquet_snap.store_sales.ss_customer_sk IS NULL AND tpcds_partitioned_parquet_snap.catalog_sales.cs_bill_customer_sk IS NOT NULL THEN CAST(1 AS TINYINT) ELSE CAST(0 AS TINYINT) END AS BIGINT)), sum(CAST(CASE WHEN tpcds_partitioned_parquet_snap.store_sales.ss_customer_sk IS NOT NULL AND tpcds_partitioned_parquet_snap.catalog_sales.cs_bill_customer_sk IS NOT NULL THEN CAST(1 AS TINYINT) ELSE CAST(0 AS TINYINT) END AS BIGINT))
|  limit: 100
|  mem-estimate=16.00KB mem-reservation=0B spill-buffer=2.00MB thread-reservation=0
|  tuple-ids=10 row-size=24B cardinality=1 cost=2635137652
|  in pipelines: 09(GETNEXT), 03(OPEN)
|
08:HASH JOIN [FULL OUTER JOIN]
|  hash predicates: tpcds_partitioned_parquet_snap.store_sales.ss_customer_sk = tpcds_partitioned_parquet_snap.catalog_sales.cs_bill_customer_sk, tpcds_partitioned_parquet_snap.store_sales.ss_item_sk = tpcds_partitioned_parquet_snap.catalog_sales.cs_item_sk
|  fk/pk conjuncts: tpcds_partitioned_parquet_snap.store_sales.ss_customer_sk = tpcds_partitioned_parquet_snap.catalog_sales.cs_bill_customer_sk, tpcds_partitioned_parquet_snap.store_sales.ss_item_sk = tpcds_partitioned_parquet_snap.catalog_sales.cs_item_sk
|  mem-estimate=50.00GB mem-reservation=34.00MB spill-buffer=2.00MB thread-reservation=0
|  tuple-ids=4N,9N row-size=16B cardinality=12.55G cost=8688359657
|  in pipelines: 03(GETNEXT), 07(OPEN)
|
|--07:AGGREGATE [FINALIZE]
|  |  group by: tpcds_partitioned_parquet_snap.catalog_sales.cs_bill_customer_sk, tpcds_partitioned_parquet_snap.catalog_sales.cs_item_sk
|  |  mem-estimate=40.34GB mem-reservation=34.00MB spill-buffer=2.00MB thread-reservation=0
|  |  tuple-ids=9 row-size=8B cardinality=4.30G cost=25372684488
|  |  in pipelines: 07(GETNEXT), 04(OPEN)
|  |
|  06:HASH JOIN [INNER JOIN]
|  |  hash predicates: tpcds_partitioned_parquet_snap.catalog_sales.cs_sold_date_sk = tpcds_partitioned_parquet_snap.date_dim_0.d_date_sk
|  |  fk/pk conjuncts: tpcds_partitioned_parquet_snap.catalog_sales.cs_sold_date_sk = tpcds_partitioned_parquet_snap.date_dim_0.d_date_sk
|  |  runtime filters: RF002[bloom] <- tpcds_partitioned_parquet_snap.date_dim_0.d_date_sk
|  |  mem-estimate=1.94MB mem-reservation=1.94MB spill-buffer=64.00KB thread-reservation=0
|  |  tuple-ids=5,7 row-size=20B cardinality=4.30G cost=1881487330
|  |  in pipelines: 04(GETNEXT), 05(OPEN)
|  |
|  |--05:SCAN HDFS [tpcds_partitioned_parquet_snap.date_dim]
|  |     HDFS partitions=1/1 files=1 size=2.17MB
|  |     predicates: tpcds_partitioned_parquet_snap.date_dim_0.d_month_seq <= add(CAST(1209 AS INT), CAST(11 AS INT)), tpcds_partitioned_parquet_snap.date_dim_0.d_month_seq >= CAST(1209 AS INT), tpcds_partitioned_parquet_snap.date_dim_0.d_date_sk IS NOT NULL
|  |     stored statistics:
|  |       table: rows=73.05K size=2.17MB
|  |       columns: all
|  |     extrapolated-rows=disabled max-scan-range-rows=73.05K
|  |     parquet statistics predicates: tpcds_partitioned_parquet_snap.date_dim_0.d_month_seq <= add(CAST(1209 AS INT), CAST(11 AS INT)), tpcds_partitioned_parquet_snap.date_dim_0.d_month_seq >= CAST(1209 AS INT)
|  |     parquet dictionary predicates: tpcds_partitioned_parquet_snap.date_dim_0.d_month_seq <= add(CAST(1209 AS INT), CAST(11 AS INT)), tpcds_partitioned_parquet_snap.date_dim_0.d_month_seq >= CAST(1209 AS INT), tpcds_partitioned_parquet_snap.date_dim_0.d_date_sk IS NOT NULL
|  |     mem-estimate=16.00MB mem-reservation=512.00KB thread-reservation=0
|  |     tuple-ids=7 row-size=8B cardinality=7.30K cost=14573
|  |     in pipelines: 05(GETNEXT)
|  |
|  04:SCAN HDFS [tpcds_partitioned_parquet_snap.catalog_sales]
|     partition predicates: tpcds_partitioned_parquet_snap.catalog_sales.cs_sold_date_sk IS NOT NULL
|     HDFS partitions=1830/1831 files=1830 size=280.81GB
|     runtime filters: RF002[bloom] -> tpcds_partitioned_parquet_snap.catalog_sales.cs_sold_date_sk
|     stored statistics:
|       table: rows=4.32G size=280.96GB
|       partitions: 1830/1830 rows=4.30G
|       columns: all
|     extrapolated-rows=disabled max-scan-range-rows=5.09M
|     mem-estimate=16.00MB mem-reservation=256.00KB thread-reservation=0
|     tuple-ids=5 row-size=12B cardinality=4.30G cost=742791291
|     in pipelines: 04(GETNEXT)
|
03:AGGREGATE [FINALIZE]
|  group by: tpcds_partitioned_parquet_snap.store_sales.ss_customer_sk, tpcds_partitioned_parquet_snap.store_sales.ss_item_sk
|  mem-estimate=50.00GB mem-reservation=34.00MB spill-buffer=2.00MB thread-reservation=0
|  tuple-ids=4 row-size=8B cardinality=8.25G cost=48694760793
|  in pipelines: 03(GETNEXT), 00(OPEN)
|
02:HASH JOIN [INNER JOIN]
|  hash predicates: tpcds_partitioned_parquet_snap.store_sales.ss_sold_date_sk = tpcds_partitioned_parquet_snap.date_dim.d_date_sk
|  fk/pk conjuncts: tpcds_partitioned_parquet_snap.store_sales.ss_sold_date_sk = tpcds_partitioned_parquet_snap.date_dim.d_date_sk
|  runtime filters: RF000[bloom] <- tpcds_partitioned_parquet_snap.date_dim.d_date_sk
|  mem-estimate=1.94MB mem-reservation=1.94MB spill-buffer=64.00KB thread-reservation=0
|  tuple-ids=0,2 row-size=20B cardinality=8.25G cost=3610907044
|  in pipelines: 00(GETNEXT), 01(OPEN)
|
|--01:SCAN HDFS [tpcds_partitioned_parquet_snap.date_dim]
|     HDFS partitions=1/1 files=1 size=2.17MB
|     predicates: tpcds_partitioned_parquet_snap.date_dim.d_month_seq <= add(CAST(1209 AS INT), CAST(11 AS INT)), tpcds_partitioned_parquet_snap.date_dim.d_month_seq >= CAST(1209 AS INT), tpcds_partitioned_parquet_snap.date_dim.d_date_sk IS NOT NULL
|     stored statistics:
|       table: rows=73.05K size=2.17MB
|       columns: all
|     extrapolated-rows=disabled max-scan-range-rows=73.05K
|     parquet statistics predicates: tpcds_partitioned_parquet_snap.date_dim.d_month_seq <= add(CAST(1209 AS INT), CAST(11 AS INT)), tpcds_partitioned_parquet_snap.date_dim.d_month_seq >= CAST(1209 AS INT)
|     parquet dictionary predicates: tpcds_partitioned_parquet_snap.date_dim.d_month_seq <= add(CAST(1209 AS INT), CAST(11 AS INT)), tpcds_partitioned_parquet_snap.date_dim.d_month_seq >= CAST(1209 AS INT), tpcds_partitioned_parquet_snap.date_dim.d_date_sk IS NOT NULL
|     mem-estimate=16.00MB mem-reservation=512.00KB thread-reservation=0
|     tuple-ids=2 row-size=8B cardinality=7.30K cost=14573
|     in pipelines: 01(GETNEXT)
|
00:SCAN HDFS [tpcds_partitioned_parquet_snap.store_sales]
   partition predicates: tpcds_partitioned_parquet_snap.store_sales.ss_sold_date_sk IS NOT NULL
   HDFS partitions=1823/1824 files=1823 size=389.69GB
   runtime filters: RF000[bloom] -> tpcds_partitioned_parquet_snap.store_sales.ss_sold_date_sk
   stored statistics:
     table: rows=8.64G size=389.90GB
     partitions: 1823/1823 rows=8.25G
     columns: all
   extrapolated-rows=disabled max-scan-range-rows=12.22M
   mem-estimate=16.00MB mem-reservation=512.00KB thread-reservation=0
   tuple-ids=0 row-size=12B cardinality=8.25G cost=1425550548
   in pipelines: 00(GETNEXT)
---- DISTRIBUTEDPLAN
Max Per-Host Resource Reservation: Memory=2.06GB Threads=53
Per-Host Resource Estimates: Memory=47.94GB
F06:PLAN FRAGMENT [UNPARTITIONED] hosts=1 instances=1
|  Per-Instance Resources: mem-estimate=4.02MB mem-reservation=4.00MB thread-reservation=1
|  max-parallelism=1 segment-costs=[51, 3] cpu-comparison-result=240 [max(1 (self) vs 240 (sum children))]
PLAN-ROOT SINK
|  output exprs: sum(CASE WHEN tpcds_partitioned_parquet_snap.store_sales.ss_customer_sk IS NOT NULL AND tpcds_partitioned_parquet_snap.catalog_sales.cs_bill_customer_sk IS NULL THEN 1 ELSE 0 END), sum(CASE WHEN tpcds_partitioned_parquet_snap.store_sales.ss_customer_sk IS NULL AND tpcds_partitioned_parquet_snap.catalog_sales.cs_bill_customer_sk IS NOT NULL THEN 1 ELSE 0 END), sum(CASE WHEN tpcds_partitioned_parquet_snap.store_sales.ss_customer_sk IS NOT NULL AND tpcds_partitioned_parquet_snap.catalog_sales.cs_bill_customer_sk IS NOT NULL THEN 1 ELSE 0 END)
|  mem-estimate=4.00MB mem-reservation=4.00MB spill-buffer=2.00MB thread-reservation=0 cost=3
|
17:AGGREGATE [FINALIZE]
|  output: sum:merge(CASE WHEN tpcds_partitioned_parquet_snap.store_sales.ss_customer_sk IS NOT NULL AND tpcds_partitioned_parquet_snap.catalog_sales.cs_bill_customer_sk IS NULL THEN 1 ELSE 0 END), sum:merge(CASE WHEN tpcds_partitioned_parquet_snap.store_sales.ss_customer_sk IS NULL AND tpcds_partitioned_parquet_snap.catalog_sales.cs_bill_customer_sk IS NOT NULL THEN 1 ELSE 0 END), sum:merge(CASE WHEN tpcds_partitioned_parquet_snap.store_sales.ss_customer_sk IS NOT NULL AND tpcds_partitioned_parquet_snap.catalog_sales.cs_bill_customer_sk IS NOT NULL THEN 1 ELSE 0 END)
|  limit: 100
|  mem-estimate=16.00KB mem-reservation=0B spill-buffer=2.00MB thread-reservation=0
|  tuple-ids=10 row-size=24B cardinality=1 cost=25
|  in pipelines: 17(GETNEXT), 09(OPEN)
|
16:EXCHANGE [UNPARTITIONED]
|  mem-estimate=394.03KB mem-reservation=0B thread-reservation=0
|  tuple-ids=10 row-size=24B cardinality=120 cost=26
|  in pipelines: 09(GETNEXT)
|
F02:PLAN FRAGMENT [HASH(tpcds_partitioned_parquet_snap.store_sales.ss_customer_sk,tpcds_partitioned_parquet_snap.store_sales.ss_item_sk)] hosts=10 instances=120
Per-Instance Resources: mem-estimate=978.70MB mem-reservation=34.00MB thread-reservation=1
max-parallelism=5000 segment-costs=[49914893466, 7024936592, 247] cpu-comparison-result=240 [max(120 (self) vs 240 (sum children))]
09:AGGREGATE
|  output: sum(CAST(CASE WHEN tpcds_partitioned_parquet_snap.store_sales.ss_customer_sk IS NOT NULL AND tpcds_partitioned_parquet_snap.catalog_sales.cs_bill_customer_sk IS NULL THEN CAST(1 AS TINYINT) ELSE CAST(0 AS TINYINT) END AS BIGINT)), sum(CAST(CASE WHEN tpcds_partitioned_parquet_snap.store_sales.ss_customer_sk IS NULL AND tpcds_partitioned_parquet_snap.catalog_sales.cs_bill_customer_sk IS NOT NULL THEN CAST(1 AS TINYINT) ELSE CAST(0 AS TINYINT) END AS BIGINT)), sum(CAST(CASE WHEN tpcds_partitioned_parquet_snap.store_sales.ss_customer_sk IS NOT NULL AND tpcds_partitioned_parquet_snap.catalog_sales.cs_bill_customer_sk IS NOT NULL THEN CAST(1 AS TINYINT) ELSE CAST(0 AS TINYINT) END AS BIGINT))
|  mem-estimate=16.00KB mem-reservation=0B spill-buffer=2.00MB thread-reservation=0
|  tuple-ids=10 row-size=24B cardinality=120 cost=2635137652
|  in pipelines: 09(GETNEXT), 12(OPEN)
|
08:HASH JOIN [FULL OUTER JOIN, PARTITIONED]
|  hash-table-id=00
|  hash predicates: tpcds_partitioned_parquet_snap.store_sales.ss_customer_sk = tpcds_partitioned_parquet_snap.catalog_sales.cs_bill_customer_sk, tpcds_partitioned_parquet_snap.store_sales.ss_item_sk = tpcds_partitioned_parquet_snap.catalog_sales.cs_item_sk
|  fk/pk conjuncts: tpcds_partitioned_parquet_snap.store_sales.ss_customer_sk = tpcds_partitioned_parquet_snap.catalog_sales.cs_bill_customer_sk, tpcds_partitioned_parquet_snap.store_sales.ss_item_sk = tpcds_partitioned_parquet_snap.catalog_sales.cs_item_sk
|  mem-estimate=0B mem-reservation=0B spill-buffer=2.00MB thread-reservation=0
|  tuple-ids=4N,9N row-size=16B cardinality=12.55G cost=4389798940
|  in pipelines: 12(GETNEXT), 15(OPEN)
|
|--F07:PLAN FRAGMENT [HASH(tpcds_partitioned_parquet_snap.store_sales.ss_customer_sk,tpcds_partitioned_parquet_snap.store_sales.ss_item_sk)] hosts=10 instances=120
|  |  Per-Instance Resources: mem-estimate=1.70GB mem-reservation=68.00MB thread-reservation=1
|  |  max-parallelism=5000 segment-costs=[26008441618, 4298560717] cpu-comparison-result=120 [max(120 (self) vs 120 (sum children))]
|  JOIN BUILD
|  |  join-table-id=00 plan-id=01 cohort-id=01
|  |  build expressions: tpcds_partitioned_parquet_snap.catalog_sales.cs_bill_customer_sk, tpcds_partitioned_parquet_snap.catalog_sales.cs_item_sk
|  |  mem-estimate=1.07GB mem-reservation=34.00MB spill-buffer=2.00MB thread-reservation=0 cost=4298560717
|  |
|  15:AGGREGATE [FINALIZE]
|  |  group by: tpcds_partitioned_parquet_snap.catalog_sales.cs_bill_customer_sk, tpcds_partitioned_parquet_snap.catalog_sales.cs_item_sk
|  |  mem-estimate=653.29MB mem-reservation=34.00MB spill-buffer=2.00MB thread-reservation=0
|  |  tuple-ids=9 row-size=8B cardinality=4.30G cost=25372684488
|  |  in pipelines: 15(GETNEXT), 04(OPEN)
|  |
|  14:EXCHANGE [HASH(tpcds_partitioned_parquet_snap.catalog_sales.cs_bill_customer_sk,tpcds_partitioned_parquet_snap.catalog_sales.cs_item_sk)]
|  |  mem-estimate=11.41MB mem-reservation=0B thread-reservation=0
|  |  tuple-ids=9 row-size=8B cardinality=4.30G cost=635757130
|  |  in pipelines: 04(GETNEXT)
|  |
|  F03:PLAN FRAGMENT [RANDOM] hosts=10 instances=120
|  Per-Host Shared Resources: mem-estimate=1.00MB mem-reservation=1.00MB thread-reservation=0 runtime-filters-memory=1.00MB
|  Per-Instance Resources: mem-estimate=534.05MB mem-reservation=34.25MB thread-reservation=1
|  max-parallelism=1830 segment-costs=[27996955804, 4429236962] cpu-comparison-result=120 [max(120 (self) vs 11 (sum children))]
|  07:AGGREGATE [STREAMING]
|  |  group by: tpcds_partitioned_parquet_snap.catalog_sales.cs_bill_customer_sk, tpcds_partitioned_parquet_snap.catalog_sales.cs_item_sk
|  |  mem-estimate=512.43MB mem-reservation=34.00MB spill-buffer=2.00MB thread-reservation=0
|  |  tuple-ids=9 row-size=8B cardinality=4.30G cost=25372684488
|  |  in pipelines: 04(GETNEXT)
|  |
|  06:HASH JOIN [INNER JOIN, BROADCAST]
|  |  hash-table-id=01
|  |  hash predicates: tpcds_partitioned_parquet_snap.catalog_sales.cs_sold_date_sk = tpcds_partitioned_parquet_snap.date_dim_0.d_date_sk
|  |  fk/pk conjuncts: tpcds_partitioned_parquet_snap.catalog_sales.cs_sold_date_sk = tpcds_partitioned_parquet_snap.date_dim_0.d_date_sk
|  |  mem-estimate=0B mem-reservation=0B spill-buffer=64.00KB thread-reservation=0
|  |  tuple-ids=5,7 row-size=20B cardinality=4.30G cost=1881480025
|  |  in pipelines: 04(GETNEXT), 05(OPEN)
|  |
|  |--F08:PLAN FRAGMENT [RANDOM] hosts=10 instances=10
|  |  |  Per-Instance Resources: mem-estimate=24.32MB mem-reservation=24.25MB thread-reservation=1 runtime-filters-memory=1.00MB
|  |  |  max-parallelism=10 segment-costs=[17005]
|  |  JOIN BUILD
|  |  |  join-table-id=01 plan-id=02 cohort-id=02
|  |  |  build expressions: tpcds_partitioned_parquet_snap.date_dim_0.d_date_sk
|  |  |  runtime filters: RF002[bloom] <- tpcds_partitioned_parquet_snap.date_dim_0.d_date_sk
|  |  |  mem-estimate=23.25MB mem-reservation=23.25MB spill-buffer=64.00KB thread-reservation=0 cost=7305
|  |  |
|  |  13:EXCHANGE [BROADCAST]
|  |  |  mem-estimate=69.07KB mem-reservation=0B thread-reservation=0
|  |  |  tuple-ids=7 row-size=8B cardinality=7.30K cost=9700
|  |  |  in pipelines: 05(GETNEXT)
|  |  |
|  |  F04:PLAN FRAGMENT [RANDOM] hosts=1 instances=1
|  |  Per-Instance Resources: mem-estimate=16.05MB mem-reservation=512.00KB thread-reservation=1
|  |  max-parallelism=1 segment-costs=[14888]
|  |  05:SCAN HDFS [tpcds_partitioned_parquet_snap.date_dim, RANDOM]
|  |     HDFS partitions=1/1 files=1 size=2.17MB
|  |     predicates: tpcds_partitioned_parquet_snap.date_dim_0.d_month_seq <= add(CAST(1209 AS INT), CAST(11 AS INT)), tpcds_partitioned_parquet_snap.date_dim_0.d_month_seq >= CAST(1209 AS INT), tpcds_partitioned_parquet_snap.date_dim_0.d_date_sk IS NOT NULL
|  |     stored statistics:
|  |       table: rows=73.05K size=2.17MB
|  |       columns: all
|  |     extrapolated-rows=disabled max-scan-range-rows=73.05K
|  |     parquet statistics predicates: tpcds_partitioned_parquet_snap.date_dim_0.d_month_seq <= add(CAST(1209 AS INT), CAST(11 AS INT)), tpcds_partitioned_parquet_snap.date_dim_0.d_month_seq >= CAST(1209 AS INT)
|  |     parquet dictionary predicates: tpcds_partitioned_parquet_snap.date_dim_0.d_month_seq <= add(CAST(1209 AS INT), CAST(11 AS INT)), tpcds_partitioned_parquet_snap.date_dim_0.d_month_seq >= CAST(1209 AS INT), tpcds_partitioned_parquet_snap.date_dim_0.d_date_sk IS NOT NULL
|  |     mem-estimate=16.00MB mem-reservation=512.00KB thread-reservation=0
|  |     tuple-ids=7 row-size=8B cardinality=7.30K cost=14573
|  |     in pipelines: 05(GETNEXT)
|  |
|  04:SCAN HDFS [tpcds_partitioned_parquet_snap.catalog_sales, RANDOM]
|     partition predicates: tpcds_partitioned_parquet_snap.catalog_sales.cs_sold_date_sk IS NOT NULL
|     HDFS partitions=1830/1831 files=1830 size=280.81GB
|     runtime filters: RF002[bloom] -> tpcds_partitioned_parquet_snap.catalog_sales.cs_sold_date_sk
|     stored statistics:
|       table: rows=4.32G size=280.96GB
|       partitions: 1830/1830 rows=4.30G
|       columns: all
|     extrapolated-rows=disabled max-scan-range-rows=5.09M
|     mem-estimate=16.00MB mem-reservation=256.00KB thread-reservation=0
|     tuple-ids=5 row-size=12B cardinality=4.30G cost=742791291
|     in pipelines: 04(GETNEXT)
|
12:AGGREGATE [FINALIZE]
|  group by: tpcds_partitioned_parquet_snap.store_sales.ss_customer_sk, tpcds_partitioned_parquet_snap.store_sales.ss_item_sk
|  mem-estimate=967.30MB mem-reservation=34.00MB spill-buffer=2.00MB thread-reservation=0
|  tuple-ids=4 row-size=8B cardinality=8.25G cost=48694760793
|  in pipelines: 12(GETNEXT), 00(OPEN)
|
11:EXCHANGE [HASH(tpcds_partitioned_parquet_snap.store_sales.ss_customer_sk,tpcds_partitioned_parquet_snap.store_sales.ss_item_sk)]
|  mem-estimate=11.41MB mem-reservation=0B thread-reservation=0
|  tuple-ids=4 row-size=8B cardinality=8.25G cost=1220132673
|  in pipelines: 00(GETNEXT)
|
F00:PLAN FRAGMENT [RANDOM] hosts=10 instances=120
Per-Host Shared Resources: mem-estimate=1.00MB mem-reservation=1.00MB thread-reservation=0 runtime-filters-memory=1.00MB
Per-Instance Resources: mem-estimate=825.01MB mem-reservation=34.50MB thread-reservation=1
max-parallelism=1823 segment-costs=[53731211080, 8500505120] cpu-comparison-result=120 [max(120 (self) vs 11 (sum children))]
03:AGGREGATE [STREAMING]
|  group by: tpcds_partitioned_parquet_snap.store_sales.ss_customer_sk, tpcds_partitioned_parquet_snap.store_sales.ss_item_sk
|  mem-estimate=803.39MB mem-reservation=34.00MB spill-buffer=2.00MB thread-reservation=0
|  tuple-ids=4 row-size=8B cardinality=8.25G cost=48694760793
|  in pipelines: 00(GETNEXT)
|
02:HASH JOIN [INNER JOIN, BROADCAST]
|  hash-table-id=02
|  hash predicates: tpcds_partitioned_parquet_snap.store_sales.ss_sold_date_sk = tpcds_partitioned_parquet_snap.date_dim.d_date_sk
|  fk/pk conjuncts: tpcds_partitioned_parquet_snap.store_sales.ss_sold_date_sk = tpcds_partitioned_parquet_snap.date_dim.d_date_sk
|  mem-estimate=0B mem-reservation=0B spill-buffer=64.00KB thread-reservation=0
|  tuple-ids=0,2 row-size=20B cardinality=8.25G cost=3610899739
|  in pipelines: 00(GETNEXT), 01(OPEN)
|
|--F09:PLAN FRAGMENT [RANDOM] hosts=10 instances=10
|  |  Per-Instance Resources: mem-estimate=24.32MB mem-reservation=24.25MB thread-reservation=1 runtime-filters-memory=1.00MB
|  |  max-parallelism=10 segment-costs=[17005]
|  JOIN BUILD
|  |  join-table-id=02 plan-id=03 cohort-id=01
|  |  build expressions: tpcds_partitioned_parquet_snap.date_dim.d_date_sk
|  |  runtime filters: RF000[bloom] <- tpcds_partitioned_parquet_snap.date_dim.d_date_sk
|  |  mem-estimate=23.25MB mem-reservation=23.25MB spill-buffer=64.00KB thread-reservation=0 cost=7305
|  |
|  10:EXCHANGE [BROADCAST]
|  |  mem-estimate=69.07KB mem-reservation=0B thread-reservation=0
|  |  tuple-ids=2 row-size=8B cardinality=7.30K cost=9700
|  |  in pipelines: 01(GETNEXT)
|  |
|  F01:PLAN FRAGMENT [RANDOM] hosts=1 instances=1
|  Per-Instance Resources: mem-estimate=16.05MB mem-reservation=512.00KB thread-reservation=1
|  max-parallelism=1 segment-costs=[14888]
|  01:SCAN HDFS [tpcds_partitioned_parquet_snap.date_dim, RANDOM]
|     HDFS partitions=1/1 files=1 size=2.17MB
|     predicates: tpcds_partitioned_parquet_snap.date_dim.d_month_seq <= add(CAST(1209 AS INT), CAST(11 AS INT)), tpcds_partitioned_parquet_snap.date_dim.d_month_seq >= CAST(1209 AS INT), tpcds_partitioned_parquet_snap.date_dim.d_date_sk IS NOT NULL
|     stored statistics:
|       table: rows=73.05K size=2.17MB
|       columns: all
|     extrapolated-rows=disabled max-scan-range-rows=73.05K
|     parquet statistics predicates: tpcds_partitioned_parquet_snap.date_dim.d_month_seq <= add(CAST(1209 AS INT), CAST(11 AS INT)), tpcds_partitioned_parquet_snap.date_dim.d_month_seq >= CAST(1209 AS INT)
|     parquet dictionary predicates: tpcds_partitioned_parquet_snap.date_dim.d_month_seq <= add(CAST(1209 AS INT), CAST(11 AS INT)), tpcds_partitioned_parquet_snap.date_dim.d_month_seq >= CAST(1209 AS INT), tpcds_partitioned_parquet_snap.date_dim.d_date_sk IS NOT NULL
|     mem-estimate=16.00MB mem-reservation=512.00KB thread-reservation=0
|     tuple-ids=2 row-size=8B cardinality=7.30K cost=14573
|     in pipelines: 01(GETNEXT)
|
00:SCAN HDFS [tpcds_partitioned_parquet_snap.store_sales, RANDOM]
   partition predicates: tpcds_partitioned_parquet_snap.store_sales.ss_sold_date_sk IS NOT NULL
   HDFS partitions=1823/1824 files=1823 size=389.69GB
   runtime filters: RF000[bloom] -> tpcds_partitioned_parquet_snap.store_sales.ss_sold_date_sk
   stored statistics:
     table: rows=8.64G size=389.90GB
     partitions: 1823/1823 rows=8.25G
     columns: all
   extrapolated-rows=disabled max-scan-range-rows=12.22M
   mem-estimate=16.00MB mem-reservation=512.00KB thread-reservation=0
   tuple-ids=0 row-size=12B cardinality=8.25G cost=1425550548
   in pipelines: 00(GETNEXT)
---- PARALLELPLANS
Max Per-Host Resource Reservation: Memory=2.06GB Threads=53
Per-Host Resource Estimates: Memory=47.94GB
F06:PLAN FRAGMENT [UNPARTITIONED] hosts=1 instances=1
|  Per-Instance Resources: mem-estimate=4.02MB mem-reservation=4.00MB thread-reservation=1
|  max-parallelism=1 segment-costs=[51, 3] cpu-comparison-result=240 [max(1 (self) vs 240 (sum children))]
PLAN-ROOT SINK
|  output exprs: sum(CASE WHEN tpcds_partitioned_parquet_snap.store_sales.ss_customer_sk IS NOT NULL AND tpcds_partitioned_parquet_snap.catalog_sales.cs_bill_customer_sk IS NULL THEN 1 ELSE 0 END), sum(CASE WHEN tpcds_partitioned_parquet_snap.store_sales.ss_customer_sk IS NULL AND tpcds_partitioned_parquet_snap.catalog_sales.cs_bill_customer_sk IS NOT NULL THEN 1 ELSE 0 END), sum(CASE WHEN tpcds_partitioned_parquet_snap.store_sales.ss_customer_sk IS NOT NULL AND tpcds_partitioned_parquet_snap.catalog_sales.cs_bill_customer_sk IS NOT NULL THEN 1 ELSE 0 END)
|  mem-estimate=4.00MB mem-reservation=4.00MB spill-buffer=2.00MB thread-reservation=0 cost=3
|
17:AGGREGATE [FINALIZE]
|  output: sum:merge(CASE WHEN tpcds_partitioned_parquet_snap.store_sales.ss_customer_sk IS NOT NULL AND tpcds_partitioned_parquet_snap.catalog_sales.cs_bill_customer_sk IS NULL THEN 1 ELSE 0 END), sum:merge(CASE WHEN tpcds_partitioned_parquet_snap.store_sales.ss_customer_sk IS NULL AND tpcds_partitioned_parquet_snap.catalog_sales.cs_bill_customer_sk IS NOT NULL THEN 1 ELSE 0 END), sum:merge(CASE WHEN tpcds_partitioned_parquet_snap.store_sales.ss_customer_sk IS NOT NULL AND tpcds_partitioned_parquet_snap.catalog_sales.cs_bill_customer_sk IS NOT NULL THEN 1 ELSE 0 END)
|  limit: 100
|  mem-estimate=16.00KB mem-reservation=0B spill-buffer=2.00MB thread-reservation=0
|  tuple-ids=10 row-size=24B cardinality=1 cost=25
|  in pipelines: 17(GETNEXT), 09(OPEN)
|
16:EXCHANGE [UNPARTITIONED]
|  mem-estimate=394.03KB mem-reservation=0B thread-reservation=0
|  tuple-ids=10 row-size=24B cardinality=120 cost=26
|  in pipelines: 09(GETNEXT)
|
F02:PLAN FRAGMENT [HASH(tpcds_partitioned_parquet_snap.store_sales.ss_customer_sk,tpcds_partitioned_parquet_snap.store_sales.ss_item_sk)] hosts=10 instances=120
Per-Instance Resources: mem-estimate=978.70MB mem-reservation=34.00MB thread-reservation=1
max-parallelism=5000 segment-costs=[49914893466, 7024936592, 247] cpu-comparison-result=240 [max(120 (self) vs 240 (sum children))]
09:AGGREGATE
|  output: sum(CAST(CASE WHEN tpcds_partitioned_parquet_snap.store_sales.ss_customer_sk IS NOT NULL AND tpcds_partitioned_parquet_snap.catalog_sales.cs_bill_customer_sk IS NULL THEN CAST(1 AS TINYINT) ELSE CAST(0 AS TINYINT) END AS BIGINT)), sum(CAST(CASE WHEN tpcds_partitioned_parquet_snap.store_sales.ss_customer_sk IS NULL AND tpcds_partitioned_parquet_snap.catalog_sales.cs_bill_customer_sk IS NOT NULL THEN CAST(1 AS TINYINT) ELSE CAST(0 AS TINYINT) END AS BIGINT)), sum(CAST(CASE WHEN tpcds_partitioned_parquet_snap.store_sales.ss_customer_sk IS NOT NULL AND tpcds_partitioned_parquet_snap.catalog_sales.cs_bill_customer_sk IS NOT NULL THEN CAST(1 AS TINYINT) ELSE CAST(0 AS TINYINT) END AS BIGINT))
|  mem-estimate=16.00KB mem-reservation=0B spill-buffer=2.00MB thread-reservation=0
|  tuple-ids=10 row-size=24B cardinality=120 cost=2635137652
|  in pipelines: 09(GETNEXT), 12(OPEN)
|
08:HASH JOIN [FULL OUTER JOIN, PARTITIONED]
|  hash-table-id=00
|  hash predicates: tpcds_partitioned_parquet_snap.store_sales.ss_customer_sk = tpcds_partitioned_parquet_snap.catalog_sales.cs_bill_customer_sk, tpcds_partitioned_parquet_snap.store_sales.ss_item_sk = tpcds_partitioned_parquet_snap.catalog_sales.cs_item_sk
|  fk/pk conjuncts: tpcds_partitioned_parquet_snap.store_sales.ss_customer_sk = tpcds_partitioned_parquet_snap.catalog_sales.cs_bill_customer_sk, tpcds_partitioned_parquet_snap.store_sales.ss_item_sk = tpcds_partitioned_parquet_snap.catalog_sales.cs_item_sk
|  mem-estimate=0B mem-reservation=0B spill-buffer=2.00MB thread-reservation=0
|  tuple-ids=4N,9N row-size=16B cardinality=12.55G cost=4389798940
|  in pipelines: 12(GETNEXT), 15(OPEN)
|
|--F07:PLAN FRAGMENT [HASH(tpcds_partitioned_parquet_snap.store_sales.ss_customer_sk,tpcds_partitioned_parquet_snap.store_sales.ss_item_sk)] hosts=10 instances=120
|  |  Per-Instance Resources: mem-estimate=1.70GB mem-reservation=68.00MB thread-reservation=1
|  |  max-parallelism=5000 segment-costs=[26008441618, 4298560717] cpu-comparison-result=120 [max(120 (self) vs 120 (sum children))]
|  JOIN BUILD
|  |  join-table-id=00 plan-id=01 cohort-id=01
|  |  build expressions: tpcds_partitioned_parquet_snap.catalog_sales.cs_bill_customer_sk, tpcds_partitioned_parquet_snap.catalog_sales.cs_item_sk
|  |  mem-estimate=1.07GB mem-reservation=34.00MB spill-buffer=2.00MB thread-reservation=0 cost=4298560717
|  |
|  15:AGGREGATE [FINALIZE]
|  |  group by: tpcds_partitioned_parquet_snap.catalog_sales.cs_bill_customer_sk, tpcds_partitioned_parquet_snap.catalog_sales.cs_item_sk
|  |  mem-estimate=653.29MB mem-reservation=34.00MB spill-buffer=2.00MB thread-reservation=0
|  |  tuple-ids=9 row-size=8B cardinality=4.30G cost=25372684488
|  |  in pipelines: 15(GETNEXT), 04(OPEN)
|  |
|  14:EXCHANGE [HASH(tpcds_partitioned_parquet_snap.catalog_sales.cs_bill_customer_sk,tpcds_partitioned_parquet_snap.catalog_sales.cs_item_sk)]
|  |  mem-estimate=11.41MB mem-reservation=0B thread-reservation=0
|  |  tuple-ids=9 row-size=8B cardinality=4.30G cost=635757130
|  |  in pipelines: 04(GETNEXT)
|  |
|  F03:PLAN FRAGMENT [RANDOM] hosts=10 instances=120
|  Per-Host Shared Resources: mem-estimate=1.00MB mem-reservation=1.00MB thread-reservation=0 runtime-filters-memory=1.00MB
|  Per-Instance Resources: mem-estimate=534.05MB mem-reservation=34.25MB thread-reservation=1
|  max-parallelism=1830 segment-costs=[27996955804, 4429236962] cpu-comparison-result=120 [max(120 (self) vs 11 (sum children))]
|  07:AGGREGATE [STREAMING]
|  |  group by: tpcds_partitioned_parquet_snap.catalog_sales.cs_bill_customer_sk, tpcds_partitioned_parquet_snap.catalog_sales.cs_item_sk
|  |  mem-estimate=512.43MB mem-reservation=34.00MB spill-buffer=2.00MB thread-reservation=0
|  |  tuple-ids=9 row-size=8B cardinality=4.30G cost=25372684488
|  |  in pipelines: 04(GETNEXT)
|  |
|  06:HASH JOIN [INNER JOIN, BROADCAST]
|  |  hash-table-id=01
|  |  hash predicates: tpcds_partitioned_parquet_snap.catalog_sales.cs_sold_date_sk = tpcds_partitioned_parquet_snap.date_dim_0.d_date_sk
|  |  fk/pk conjuncts: tpcds_partitioned_parquet_snap.catalog_sales.cs_sold_date_sk = tpcds_partitioned_parquet_snap.date_dim_0.d_date_sk
|  |  mem-estimate=0B mem-reservation=0B spill-buffer=64.00KB thread-reservation=0
|  |  tuple-ids=5,7 row-size=20B cardinality=4.30G cost=1881480025
|  |  in pipelines: 04(GETNEXT), 05(OPEN)
|  |
|  |--F08:PLAN FRAGMENT [RANDOM] hosts=10 instances=10
|  |  |  Per-Instance Resources: mem-estimate=24.32MB mem-reservation=24.25MB thread-reservation=1 runtime-filters-memory=1.00MB
|  |  |  max-parallelism=10 segment-costs=[17005]
|  |  JOIN BUILD
|  |  |  join-table-id=01 plan-id=02 cohort-id=02
|  |  |  build expressions: tpcds_partitioned_parquet_snap.date_dim_0.d_date_sk
|  |  |  runtime filters: RF002[bloom] <- tpcds_partitioned_parquet_snap.date_dim_0.d_date_sk
|  |  |  mem-estimate=23.25MB mem-reservation=23.25MB spill-buffer=64.00KB thread-reservation=0 cost=7305
|  |  |
|  |  13:EXCHANGE [BROADCAST]
|  |  |  mem-estimate=69.07KB mem-reservation=0B thread-reservation=0
|  |  |  tuple-ids=7 row-size=8B cardinality=7.30K cost=9700
|  |  |  in pipelines: 05(GETNEXT)
|  |  |
|  |  F04:PLAN FRAGMENT [RANDOM] hosts=1 instances=1
|  |  Per-Instance Resources: mem-estimate=16.05MB mem-reservation=512.00KB thread-reservation=1
|  |  max-parallelism=1 segment-costs=[14888]
|  |  05:SCAN HDFS [tpcds_partitioned_parquet_snap.date_dim, RANDOM]
|  |     HDFS partitions=1/1 files=1 size=2.17MB
|  |     predicates: tpcds_partitioned_parquet_snap.date_dim_0.d_month_seq <= add(CAST(1209 AS INT), CAST(11 AS INT)), tpcds_partitioned_parquet_snap.date_dim_0.d_month_seq >= CAST(1209 AS INT), tpcds_partitioned_parquet_snap.date_dim_0.d_date_sk IS NOT NULL
|  |     stored statistics:
|  |       table: rows=73.05K size=2.17MB
|  |       columns: all
|  |     extrapolated-rows=disabled max-scan-range-rows=73.05K
|  |     parquet statistics predicates: tpcds_partitioned_parquet_snap.date_dim_0.d_month_seq <= add(CAST(1209 AS INT), CAST(11 AS INT)), tpcds_partitioned_parquet_snap.date_dim_0.d_month_seq >= CAST(1209 AS INT)
|  |     parquet dictionary predicates: tpcds_partitioned_parquet_snap.date_dim_0.d_month_seq <= add(CAST(1209 AS INT), CAST(11 AS INT)), tpcds_partitioned_parquet_snap.date_dim_0.d_month_seq >= CAST(1209 AS INT), tpcds_partitioned_parquet_snap.date_dim_0.d_date_sk IS NOT NULL
|  |     mem-estimate=16.00MB mem-reservation=512.00KB thread-reservation=0
|  |     tuple-ids=7 row-size=8B cardinality=7.30K cost=14573
|  |     in pipelines: 05(GETNEXT)
|  |
|  04:SCAN HDFS [tpcds_partitioned_parquet_snap.catalog_sales, RANDOM]
|     partition predicates: tpcds_partitioned_parquet_snap.catalog_sales.cs_sold_date_sk IS NOT NULL
|     HDFS partitions=1830/1831 files=1830 size=280.81GB
|     runtime filters: RF002[bloom] -> tpcds_partitioned_parquet_snap.catalog_sales.cs_sold_date_sk
|     stored statistics:
|       table: rows=4.32G size=280.96GB
|       partitions: 1830/1830 rows=4.30G
|       columns: all
|     extrapolated-rows=disabled max-scan-range-rows=5.09M
|     mem-estimate=16.00MB mem-reservation=256.00KB thread-reservation=0
|     tuple-ids=5 row-size=12B cardinality=4.30G cost=742791291
|     in pipelines: 04(GETNEXT)
|
12:AGGREGATE [FINALIZE]
|  group by: tpcds_partitioned_parquet_snap.store_sales.ss_customer_sk, tpcds_partitioned_parquet_snap.store_sales.ss_item_sk
|  mem-estimate=967.30MB mem-reservation=34.00MB spill-buffer=2.00MB thread-reservation=0
|  tuple-ids=4 row-size=8B cardinality=8.25G cost=48694760793
|  in pipelines: 12(GETNEXT), 00(OPEN)
|
11:EXCHANGE [HASH(tpcds_partitioned_parquet_snap.store_sales.ss_customer_sk,tpcds_partitioned_parquet_snap.store_sales.ss_item_sk)]
|  mem-estimate=11.41MB mem-reservation=0B thread-reservation=0
|  tuple-ids=4 row-size=8B cardinality=8.25G cost=1220132673
|  in pipelines: 00(GETNEXT)
|
F00:PLAN FRAGMENT [RANDOM] hosts=10 instances=120
Per-Host Shared Resources: mem-estimate=1.00MB mem-reservation=1.00MB thread-reservation=0 runtime-filters-memory=1.00MB
Per-Instance Resources: mem-estimate=825.01MB mem-reservation=34.50MB thread-reservation=1
max-parallelism=1823 segment-costs=[53731211080, 8500505120] cpu-comparison-result=120 [max(120 (self) vs 11 (sum children))]
03:AGGREGATE [STREAMING]
|  group by: tpcds_partitioned_parquet_snap.store_sales.ss_customer_sk, tpcds_partitioned_parquet_snap.store_sales.ss_item_sk
|  mem-estimate=803.39MB mem-reservation=34.00MB spill-buffer=2.00MB thread-reservation=0
|  tuple-ids=4 row-size=8B cardinality=8.25G cost=48694760793
|  in pipelines: 00(GETNEXT)
|
02:HASH JOIN [INNER JOIN, BROADCAST]
|  hash-table-id=02
|  hash predicates: tpcds_partitioned_parquet_snap.store_sales.ss_sold_date_sk = tpcds_partitioned_parquet_snap.date_dim.d_date_sk
|  fk/pk conjuncts: tpcds_partitioned_parquet_snap.store_sales.ss_sold_date_sk = tpcds_partitioned_parquet_snap.date_dim.d_date_sk
|  mem-estimate=0B mem-reservation=0B spill-buffer=64.00KB thread-reservation=0
|  tuple-ids=0,2 row-size=20B cardinality=8.25G cost=3610899739
|  in pipelines: 00(GETNEXT), 01(OPEN)
|
|--F09:PLAN FRAGMENT [RANDOM] hosts=10 instances=10
|  |  Per-Instance Resources: mem-estimate=24.32MB mem-reservation=24.25MB thread-reservation=1 runtime-filters-memory=1.00MB
|  |  max-parallelism=10 segment-costs=[17005]
|  JOIN BUILD
|  |  join-table-id=02 plan-id=03 cohort-id=01
|  |  build expressions: tpcds_partitioned_parquet_snap.date_dim.d_date_sk
|  |  runtime filters: RF000[bloom] <- tpcds_partitioned_parquet_snap.date_dim.d_date_sk
|  |  mem-estimate=23.25MB mem-reservation=23.25MB spill-buffer=64.00KB thread-reservation=0 cost=7305
|  |
|  10:EXCHANGE [BROADCAST]
|  |  mem-estimate=69.07KB mem-reservation=0B thread-reservation=0
|  |  tuple-ids=2 row-size=8B cardinality=7.30K cost=9700
|  |  in pipelines: 01(GETNEXT)
|  |
|  F01:PLAN FRAGMENT [RANDOM] hosts=1 instances=1
|  Per-Instance Resources: mem-estimate=16.05MB mem-reservation=512.00KB thread-reservation=1
|  max-parallelism=1 segment-costs=[14888]
|  01:SCAN HDFS [tpcds_partitioned_parquet_snap.date_dim, RANDOM]
|     HDFS partitions=1/1 files=1 size=2.17MB
|     predicates: tpcds_partitioned_parquet_snap.date_dim.d_month_seq <= add(CAST(1209 AS INT), CAST(11 AS INT)), tpcds_partitioned_parquet_snap.date_dim.d_month_seq >= CAST(1209 AS INT), tpcds_partitioned_parquet_snap.date_dim.d_date_sk IS NOT NULL
|     stored statistics:
|       table: rows=73.05K size=2.17MB
|       columns: all
|     extrapolated-rows=disabled max-scan-range-rows=73.05K
|     parquet statistics predicates: tpcds_partitioned_parquet_snap.date_dim.d_month_seq <= add(CAST(1209 AS INT), CAST(11 AS INT)), tpcds_partitioned_parquet_snap.date_dim.d_month_seq >= CAST(1209 AS INT)
|     parquet dictionary predicates: tpcds_partitioned_parquet_snap.date_dim.d_month_seq <= add(CAST(1209 AS INT), CAST(11 AS INT)), tpcds_partitioned_parquet_snap.date_dim.d_month_seq >= CAST(1209 AS INT), tpcds_partitioned_parquet_snap.date_dim.d_date_sk IS NOT NULL
|     mem-estimate=16.00MB mem-reservation=512.00KB thread-reservation=0
|     tuple-ids=2 row-size=8B cardinality=7.30K cost=14573
|     in pipelines: 01(GETNEXT)
|
00:SCAN HDFS [tpcds_partitioned_parquet_snap.store_sales, RANDOM]
   partition predicates: tpcds_partitioned_parquet_snap.store_sales.ss_sold_date_sk IS NOT NULL
   HDFS partitions=1823/1824 files=1823 size=389.69GB
   runtime filters: RF000[bloom] -> tpcds_partitioned_parquet_snap.store_sales.ss_sold_date_sk
   stored statistics:
     table: rows=8.64G size=389.90GB
     partitions: 1823/1823 rows=8.25G
     columns: all
   extrapolated-rows=disabled max-scan-range-rows=12.22M
   mem-estimate=16.00MB mem-reservation=512.00KB thread-reservation=0
   tuple-ids=0 row-size=12B cardinality=8.25G cost=1425550548
   in pipelines: 00(GETNEXT)
====
