# TPCDS-Q75
# start query 75 in stream 0 using template query75.tpl using seed 369825577
WITH all_sales AS (
 SELECT d_year
       ,i_brand_id
       ,i_class_id
       ,i_category_id
       ,i_manufact_id
       ,SUM(sales_cnt) AS sales_cnt
       ,SUM(sales_amt) AS sales_amt
 FROM (SELECT d_year
             ,i_brand_id
             ,i_class_id
             ,i_category_id
             ,i_manufact_id
             ,cs_quantity - COALESCE(cr_return_quantity,0) AS sales_cnt
             ,cs_ext_sales_price - COALESCE(cr_return_amount,0.0) AS sales_amt
       FROM catalog_sales JOIN item ON i_item_sk=cs_item_sk
                          JOIN date_dim ON d_date_sk=cs_sold_date_sk
                          LEFT JOIN catalog_returns ON (cs_order_number=cr_order_number
                                                    AND cs_item_sk=cr_item_sk)
       WHERE i_category='Sports'
       UNION
       SELECT d_year
             ,i_brand_id
             ,i_class_id
             ,i_category_id
             ,i_manufact_id
             ,ss_quantity - COALESCE(sr_return_quantity,0) AS sales_cnt
             ,ss_ext_sales_price - COALESCE(sr_return_amt,0.0) AS sales_amt
       FROM store_sales JOIN item ON i_item_sk=ss_item_sk
                        JOIN date_dim ON d_date_sk=ss_sold_date_sk
                        LEFT JOIN store_returns ON (ss_ticket_number=sr_ticket_number
                                                AND ss_item_sk=sr_item_sk)
       WHERE i_category='Sports'
       UNION
       SELECT d_year
             ,i_brand_id
             ,i_class_id
             ,i_category_id
             ,i_manufact_id
             ,ws_quantity - COALESCE(wr_return_quantity,0) AS sales_cnt
             ,ws_ext_sales_price - COALESCE(wr_return_amt,0.0) AS sales_amt
       FROM web_sales JOIN item ON i_item_sk=ws_item_sk
                      JOIN date_dim ON d_date_sk=ws_sold_date_sk
                      LEFT JOIN web_returns ON (ws_order_number=wr_order_number
                                            AND ws_item_sk=wr_item_sk)
       WHERE i_category='Sports') sales_detail
 GROUP BY d_year, i_brand_id, i_class_id, i_category_id, i_manufact_id)
 SELECT  prev_yr.d_year AS prev_year
                          ,curr_yr.d_year AS year
                          ,curr_yr.i_brand_id
                          ,curr_yr.i_class_id
                          ,curr_yr.i_category_id
                          ,curr_yr.i_manufact_id
                          ,prev_yr.sales_cnt AS prev_yr_cnt
                          ,curr_yr.sales_cnt AS curr_yr_cnt
                          ,curr_yr.sales_cnt-prev_yr.sales_cnt AS sales_cnt_diff
                          ,curr_yr.sales_amt-prev_yr.sales_amt AS sales_amt_diff
 FROM all_sales curr_yr, all_sales prev_yr
 WHERE curr_yr.i_brand_id=prev_yr.i_brand_id
   AND curr_yr.i_class_id=prev_yr.i_class_id
   AND curr_yr.i_category_id=prev_yr.i_category_id
   AND curr_yr.i_manufact_id=prev_yr.i_manufact_id
   AND curr_yr.d_year=2001
   AND prev_yr.d_year=2001-1
   AND CAST(curr_yr.sales_cnt AS DECIMAL(17,2))/CAST(prev_yr.sales_cnt AS DECIMAL(17,2))<0.9
 ORDER BY sales_cnt_diff,sales_amt_diff
 limit 100

# end query 75 in stream 0 using template query75.tpl
---- PLAN
Max Per-Host Resource Reservation: Memory=246.38MB Threads=1
Per-Host Resource Estimates: Memory=21.04GB
F00:PLAN FRAGMENT [UNPARTITIONED] hosts=1 instances=1
|  Per-Instance Resources: mem-estimate=21.04GB mem-reservation=246.38MB thread-reservation=1 runtime-filters-memory=10.00MB
|  max-parallelism=1 segment-costs=[5043987047, 2993243786, 1839417475, 5043987047, 2993243786, 1839417475, 5339031715, 1000]
PLAN-ROOT SINK
|  output exprs: subtract(CAST(2001 AS INT), CAST(1 AS INT)), CAST(2001 AS INT), I_BRAND_ID, I_CLASS_ID, I_CATEGORY_ID, I_MANUFACT_ID, sum(SALES_CNT), sum(SALES_CNT), subtract(sum(SALES_CNT), sum(SALES_CNT)), subtract(sum(SALES_AMT), sum(SALES_AMT))
|  mem-estimate=4.00MB mem-reservation=4.00MB spill-buffer=2.00MB thread-reservation=0 cost=1000
|
53:TOP-N [LIMIT=100]
|  order by: subtract(sum(SALES_CNT), sum(SALES_CNT)) ASC NULLS LAST, subtract(sum(SALES_AMT), sum(SALES_AMT)) ASC NULLS LAST
|  mem-estimate=6.25KB mem-reservation=0B thread-reservation=0
|  tuple-ids=58 row-size=64B cardinality=100 cost=4896254616
|  in pipelines: 53(GETNEXT), 25(OPEN)
|
52:HASH JOIN [INNER JOIN]
|  hash predicates: I_BRAND_ID = I_BRAND_ID, I_CATEGORY_ID = I_CATEGORY_ID, I_CLASS_ID = I_CLASS_ID, I_MANUFACT_ID = I_MANUFACT_ID
|  fk/pk conjuncts: assumed fk/pk
|  other join predicates: divide(CAST(sum(SALES_CNT) AS DECIMAL(17,2)), CAST(sum(SALES_CNT) AS DECIMAL(17,2))) < CAST(0.9 AS DECIMAL(2,1))
|  runtime filters: RF004[min_max] <- I_BRAND_ID, RF005[min_max] <- I_CATEGORY_ID, RF006[min_max] <- I_CLASS_ID, RF007[min_max] <- I_MANUFACT_ID
|  mem-estimate=17.47GB mem-reservation=34.00MB spill-buffer=2.00MB thread-reservation=0
|  tuple-ids=28,57 row-size=80B cardinality=307.98M cost=442777099
|  in pipelines: 25(GETNEXT), 51(OPEN)
|
|--51:AGGREGATE [FINALIZE]
|  |  output: sum(SALES_CNT), sum(SALES_AMT)
|  |  group by: I_BRAND_ID, I_CLASS_ID, I_CATEGORY_ID, I_MANUFACT_ID
|  |  mem-estimate=128.00MB mem-reservation=34.00MB spill-buffer=2.00MB thread-reservation=0
|  |  tuple-ids=57 row-size=40B cardinality=307.98M cost=1839417475
|  |  in pipelines: 51(GETNEXT), 50(OPEN)
|  |
|  50:AGGREGATE [FINALIZE]
|  |  group by: I_BRAND_ID, I_CLASS_ID, I_CATEGORY_ID, I_MANUFACT_ID, SALES_CNT, SALES_AMT
|  |  mem-estimate=128.00MB mem-reservation=34.00MB spill-buffer=2.00MB thread-reservation=0
|  |  tuple-ids=56 row-size=28B cardinality=307.98M cost=1817859155
|  |  in pipelines: 50(GETNEXT), 42(OPEN), 43(OPEN)
|  |
|  26:UNION
|  |  pass-through-operands: 42
|  |  mem-estimate=0B mem-reservation=0B thread-reservation=0
|  |  tuple-ids=55 row-size=28B cardinality=307.98M cost=5041285
|  |  in pipelines: 42(GETNEXT), 43(GETNEXT)
|  |
|  |--49:HASH JOIN [INNER JOIN]
|  |  |  hash predicates: tpcds_partitioned_parquet_snap.web_sales_0.ws_item_sk = tpcds_partitioned_parquet_snap.item_4.i_item_sk
|  |  |  fk/pk conjuncts: tpcds_partitioned_parquet_snap.web_sales_0.ws_item_sk = tpcds_partitioned_parquet_snap.item_4.i_item_sk
|  |  |  runtime filters: RF028[bloom] <- tpcds_partitioned_parquet_snap.item_4.i_item_sk, RF029[min_max] <- tpcds_partitioned_parquet_snap.item_4.i_item_sk
|  |  |  mem-estimate=4.75MB mem-reservation=4.75MB spill-buffer=256.00KB thread-reservation=0
|  |  |  tuple-ids=47,49,51N,53 row-size=90B cardinality=44.04M cost=63261446
|  |  |  in pipelines: 43(GETNEXT), 48(OPEN)
|  |  |
|  |  |--48:SCAN HDFS [tpcds_partitioned_parquet_snap.item]
|  |  |     HDFS partitions=1/1 files=1 size=33.54MB
|  |  |     predicates: tpcds_partitioned_parquet_snap.item_4.i_category = 'Sports'
|  |  |     stored statistics:
|  |  |       table: rows=360.00K size=33.54MB
|  |  |       columns: all
|  |  |     extrapolated-rows=disabled max-scan-range-rows=101.54K
|  |  |     parquet statistics predicates: tpcds_partitioned_parquet_snap.item_4.i_category = 'Sports'
|  |  |     parquet dictionary predicates: tpcds_partitioned_parquet_snap.item_4.i_category = 'Sports'
|  |  |     mem-estimate=16.00MB mem-reservation=512.00KB thread-reservation=0
|  |  |     tuple-ids=53 row-size=38B cardinality=35.91K cost=144407
|  |  |     in pipelines: 48(GETNEXT)
|  |  |
|  |  47:HASH JOIN [LEFT OUTER JOIN]
|  |  |  hash predicates: tpcds_partitioned_parquet_snap.web_sales_0.ws_item_sk = tpcds_partitioned_parquet_snap.web_returns_0.wr_item_sk, tpcds_partitioned_parquet_snap.web_sales_0.ws_order_number = tpcds_partitioned_parquet_snap.web_returns_0.wr_order_number
|  |  |  fk/pk conjuncts: tpcds_partitioned_parquet_snap.web_sales_0.ws_item_sk = tpcds_partitioned_parquet_snap.web_returns_0.wr_item_sk, tpcds_partitioned_parquet_snap.web_sales_0.ws_order_number = tpcds_partitioned_parquet_snap.web_returns_0.wr_order_number
|  |  |  mem-estimate=795.99MB mem-reservation=34.00MB spill-buffer=2.00MB thread-reservation=0
|  |  |  tuple-ids=47,49,51N row-size=52B cardinality=215.38M(filtered from 441.70M) cost=156881772
|  |  |  in pipelines: 43(GETNEXT), 46(OPEN)
|  |  |
|  |  |--46:SCAN HDFS [tpcds_partitioned_parquet_snap.web_returns]
|  |  |     HDFS partitions=2114/2114 files=2114 size=16.74GB
|  |  |     predicates: is_not_null_pred(tpcds_partitioned_parquet_snap.web_returns_0.wr_item_sk)
|  |  |     runtime filters: RF029[min_max] -> tpcds_partitioned_parquet_snap.web_returns_0.wr_item_sk, RF028[bloom] -> tpcds_partitioned_parquet_snap.web_returns_0.wr_item_sk
|  |  |     stored statistics:
|  |  |       table: rows=216.00M size=16.74GB
|  |  |       partitions: 2114/2114 rows=216.00M
|  |  |       columns: all
|  |  |     extrapolated-rows=disabled max-scan-range-rows=9.41M
|  |  |     parquet dictionary predicates: is_not_null_pred(tpcds_partitioned_parquet_snap.web_returns_0.wr_item_sk)
|  |  |     mem-estimate=16.00MB mem-reservation=256.00KB thread-reservation=0
|  |  |     tuple-ids=51 row-size=20B cardinality=21.60M cost=68278449
|  |  |     in pipelines: 46(GETNEXT)
|  |  |
|  |  45:HASH JOIN [INNER JOIN]
|  |  |  hash predicates: tpcds_partitioned_parquet_snap.web_sales_0.ws_sold_date_sk = tpcds_partitioned_parquet_snap.date_dim_4.d_date_sk
|  |  |  fk/pk conjuncts: tpcds_partitioned_parquet_snap.web_sales_0.ws_sold_date_sk = tpcds_partitioned_parquet_snap.date_dim_4.d_date_sk
|  |  |  mem-estimate=1.94MB mem-reservation=1.94MB spill-buffer=64.00KB thread-reservation=0
|  |  |  tuple-ids=47,49 row-size=32B cardinality=215.38M(filtered from 441.70M) cost=135281876
|  |  |  in pipelines: 43(GETNEXT), 44(OPEN)
|  |  |
|  |  |--44:SCAN HDFS [tpcds_partitioned_parquet_snap.date_dim]
|  |  |     HDFS partitions=1/1 files=1 size=2.17MB
|  |  |     predicates: tpcds_partitioned_parquet_snap.date_dim_4.d_year = subtract(CAST(2001 AS INT), CAST(1 AS INT))
|  |  |     stored statistics:
|  |  |       table: rows=73.05K size=2.17MB
|  |  |       columns: all
|  |  |     extrapolated-rows=disabled max-scan-range-rows=73.05K
|  |  |     parquet statistics predicates: tpcds_partitioned_parquet_snap.date_dim_4.d_year = subtract(CAST(2001 AS INT), CAST(1 AS INT))
|  |  |     parquet dictionary predicates: tpcds_partitioned_parquet_snap.date_dim_4.d_year = subtract(CAST(2001 AS INT), CAST(1 AS INT))
|  |  |     mem-estimate=16.00MB mem-reservation=512.00KB thread-reservation=0
|  |  |     tuple-ids=49 row-size=8B cardinality=373 cost=10467
|  |  |     in pipelines: 44(GETNEXT)
|  |  |
|  |  43:SCAN HDFS [tpcds_partitioned_parquet_snap.web_sales]
|  |     HDFS partitions=1824/1824 files=1824 size=145.75GB
|  |     runtime filters: RF029[min_max] -> tpcds_partitioned_parquet_snap.web_sales_0.ws_item_sk, RF028[bloom] -> tpcds_partitioned_parquet_snap.web_sales_0.ws_item_sk
|  |     stored statistics:
|  |       table: rows=2.16G size=145.75GB
|  |       partitions: 1824/1824 rows=2.16G
|  |       columns: all
|  |     extrapolated-rows=disabled max-scan-range-rows=3.37M
|  |     mem-estimate=16.00MB mem-reservation=128.00KB thread-reservation=0
|  |     tuple-ids=47 row-size=24B cardinality=215.38M(filtered from 2.16G) cost=746484929
|  |     in pipelines: 43(GETNEXT)
|  |
|  42:AGGREGATE [FINALIZE]
|  |  group by: I_BRAND_ID, I_CLASS_ID, I_CATEGORY_ID, I_MANUFACT_ID, SALES_CNT, SALES_AMT
|  |  mem-estimate=128.00MB mem-reservation=34.00MB spill-buffer=2.00MB thread-reservation=0
|  |  tuple-ids=46 row-size=28B cardinality=263.93M cost=1557884539
|  |  in pipelines: 42(GETNEXT), 28(OPEN), 35(OPEN)
|  |
|  27:UNION
|  |  mem-estimate=0B mem-reservation=0B thread-reservation=0
|  |  tuple-ids=45 row-size=28B cardinality=263.93M cost=30209647
|  |  in pipelines: 28(GETNEXT), 35(GETNEXT)
|  |
|  |--41:HASH JOIN [INNER JOIN]
|  |  |  hash predicates: tpcds_partitioned_parquet_snap.store_sales_0.ss_item_sk = tpcds_partitioned_parquet_snap.item_3.i_item_sk
|  |  |  fk/pk conjuncts: tpcds_partitioned_parquet_snap.store_sales_0.ss_item_sk = tpcds_partitioned_parquet_snap.item_3.i_item_sk
|  |  |  runtime filters: RF024[bloom] <- tpcds_partitioned_parquet_snap.item_3.i_item_sk, RF025[min_max] <- tpcds_partitioned_parquet_snap.item_3.i_item_sk
|  |  |  mem-estimate=4.75MB mem-reservation=4.75MB spill-buffer=256.00KB thread-reservation=0
|  |  |  tuple-ids=37,39,41N,43 row-size=90B cardinality=176.18M cost=252939892
|  |  |  in pipelines: 35(GETNEXT), 40(OPEN)
|  |  |
|  |  |--40:SCAN HDFS [tpcds_partitioned_parquet_snap.item]
|  |  |     HDFS partitions=1/1 files=1 size=33.54MB
|  |  |     predicates: tpcds_partitioned_parquet_snap.item_3.i_category = 'Sports'
|  |  |     stored statistics:
|  |  |       table: rows=360.00K size=33.54MB
|  |  |       columns: all
|  |  |     extrapolated-rows=disabled max-scan-range-rows=101.54K
|  |  |     parquet statistics predicates: tpcds_partitioned_parquet_snap.item_3.i_category = 'Sports'
|  |  |     parquet dictionary predicates: tpcds_partitioned_parquet_snap.item_3.i_category = 'Sports'
|  |  |     mem-estimate=16.00MB mem-reservation=512.00KB thread-reservation=0
|  |  |     tuple-ids=43 row-size=38B cardinality=35.91K cost=144407
|  |  |     in pipelines: 40(GETNEXT)
|  |  |
|  |  39:HASH JOIN [LEFT OUTER JOIN]
|  |  |  hash predicates: tpcds_partitioned_parquet_snap.store_sales_0.ss_item_sk = tpcds_partitioned_parquet_snap.store_returns_0.sr_item_sk, tpcds_partitioned_parquet_snap.store_sales_0.ss_ticket_number = tpcds_partitioned_parquet_snap.store_returns_0.sr_ticket_number
|  |  |  fk/pk conjuncts: tpcds_partitioned_parquet_snap.store_sales_0.ss_item_sk = tpcds_partitioned_parquet_snap.store_returns_0.sr_item_sk, tpcds_partitioned_parquet_snap.store_sales_0.ss_ticket_number = tpcds_partitioned_parquet_snap.store_returns_0.sr_ticket_number
|  |  |  mem-estimate=3.11GB mem-reservation=34.00MB spill-buffer=2.00MB thread-reservation=0
|  |  |  tuple-ids=37,39,41N row-size=52B cardinality=861.52M(filtered from 1.77G) cost=627528842
|  |  |  in pipelines: 35(GETNEXT), 38(OPEN)
|  |  |
|  |  |--38:SCAN HDFS [tpcds_partitioned_parquet_snap.store_returns]
|  |  |     HDFS partitions=2004/2004 files=2004 size=48.14GB
|  |  |     predicates: is_not_null_pred(tpcds_partitioned_parquet_snap.store_returns_0.sr_item_sk)
|  |  |     runtime filters: RF025[min_max] -> tpcds_partitioned_parquet_snap.store_returns_0.sr_item_sk, RF024[bloom] -> tpcds_partitioned_parquet_snap.store_returns_0.sr_item_sk
|  |  |     stored statistics:
|  |  |       table: rows=863.99M size=48.14GB
|  |  |       partitions: 2004/2004 rows=863.99M
|  |  |       columns: all
|  |  |     extrapolated-rows=disabled max-scan-range-rows=30.09M
|  |  |     parquet dictionary predicates: is_not_null_pred(tpcds_partitioned_parquet_snap.store_returns_0.sr_item_sk)
|  |  |     mem-estimate=16.00MB mem-reservation=512.00KB thread-reservation=0
|  |  |     tuple-ids=41 row-size=20B cardinality=86.40M cost=273106806
|  |  |     in pipelines: 38(GETNEXT)
|  |  |
|  |  37:HASH JOIN [INNER JOIN]
|  |  |  hash predicates: tpcds_partitioned_parquet_snap.store_sales_0.ss_sold_date_sk = tpcds_partitioned_parquet_snap.date_dim_3.d_date_sk
|  |  |  fk/pk conjuncts: tpcds_partitioned_parquet_snap.store_sales_0.ss_sold_date_sk = tpcds_partitioned_parquet_snap.date_dim_3.d_date_sk
|  |  |  runtime filters: RF026[bloom] <- tpcds_partitioned_parquet_snap.date_dim_3.d_date_sk
|  |  |  mem-estimate=1.94MB mem-reservation=1.94MB spill-buffer=64.00KB thread-reservation=0
|  |  |  tuple-ids=37,39 row-size=32B cardinality=861.52M(filtered from 1.77G) cost=541130352
|  |  |  in pipelines: 35(GETNEXT), 36(OPEN)
|  |  |
|  |  |--36:SCAN HDFS [tpcds_partitioned_parquet_snap.date_dim]
|  |  |     HDFS partitions=1/1 files=1 size=2.17MB
|  |  |     predicates: tpcds_partitioned_parquet_snap.date_dim_3.d_year = subtract(CAST(2001 AS INT), CAST(1 AS INT))
|  |  |     stored statistics:
|  |  |       table: rows=73.05K size=2.17MB
|  |  |       columns: all
|  |  |     extrapolated-rows=disabled max-scan-range-rows=73.05K
|  |  |     parquet statistics predicates: tpcds_partitioned_parquet_snap.date_dim_3.d_year = subtract(CAST(2001 AS INT), CAST(1 AS INT))
|  |  |     parquet dictionary predicates: tpcds_partitioned_parquet_snap.date_dim_3.d_year = subtract(CAST(2001 AS INT), CAST(1 AS INT))
|  |  |     mem-estimate=16.00MB mem-reservation=512.00KB thread-reservation=0
|  |  |     tuple-ids=39 row-size=8B cardinality=373 cost=10467
|  |  |     in pipelines: 36(GETNEXT)
|  |  |
|  |  35:SCAN HDFS [tpcds_partitioned_parquet_snap.store_sales]
|  |     HDFS partitions=1824/1824 files=1824 size=389.90GB
|  |     runtime filters: RF025[min_max] -> tpcds_partitioned_parquet_snap.store_sales_0.ss_item_sk, RF024[bloom] -> tpcds_partitioned_parquet_snap.store_sales_0.ss_item_sk, RF026[bloom] -> tpcds_partitioned_parquet_snap.store_sales_0.ss_sold_date_sk
|  |     stored statistics:
|  |       table: rows=8.64G size=389.90GB
|  |       partitions: 1824/1824 rows=8.64G
|  |       columns: all
|  |     extrapolated-rows=disabled max-scan-range-rows=390.22M est-scan-range=374(filtered from 1824)
|  |     mem-estimate=16.00MB mem-reservation=8.00MB thread-reservation=0
|  |     tuple-ids=37 row-size=24B cardinality=861.52M(filtered from 8.64G) cost=610616051
|  |     in pipelines: 35(GETNEXT)
|  |
|  34:HASH JOIN [INNER JOIN]
|  |  hash predicates: tpcds_partitioned_parquet_snap.catalog_sales_0.cs_item_sk = tpcds_partitioned_parquet_snap.item_2.i_item_sk
|  |  fk/pk conjuncts: tpcds_partitioned_parquet_snap.catalog_sales_0.cs_item_sk = tpcds_partitioned_parquet_snap.item_2.i_item_sk
|  |  runtime filters: RF020[bloom] <- tpcds_partitioned_parquet_snap.item_2.i_item_sk, RF021[min_max] <- tpcds_partitioned_parquet_snap.item_2.i_item_sk
|  |  mem-estimate=4.75MB mem-reservation=4.75MB spill-buffer=256.00KB thread-reservation=0
|  |  tuple-ids=29,31,33N,35 row-size=90B cardinality=87.75M cost=126430110
|  |  in pipelines: 28(GETNEXT), 33(OPEN)
|  |
|  |--33:SCAN HDFS [tpcds_partitioned_parquet_snap.item]
|  |     HDFS partitions=1/1 files=1 size=33.54MB
|  |     predicates: tpcds_partitioned_parquet_snap.item_2.i_category = 'Sports'
|  |     stored statistics:
|  |       table: rows=360.00K size=33.54MB
|  |       columns: all
|  |     extrapolated-rows=disabled max-scan-range-rows=101.54K
|  |     parquet statistics predicates: tpcds_partitioned_parquet_snap.item_2.i_category = 'Sports'
|  |     parquet dictionary predicates: tpcds_partitioned_parquet_snap.item_2.i_category = 'Sports'
|  |     mem-estimate=16.00MB mem-reservation=512.00KB thread-reservation=0
|  |     tuple-ids=35 row-size=38B cardinality=35.91K cost=144407
|  |     in pipelines: 33(GETNEXT)
|  |
|  32:HASH JOIN [LEFT OUTER JOIN]
|  |  hash predicates: tpcds_partitioned_parquet_snap.catalog_sales_0.cs_item_sk = tpcds_partitioned_parquet_snap.catalog_returns_0.cr_item_sk, tpcds_partitioned_parquet_snap.catalog_sales_0.cs_order_number = tpcds_partitioned_parquet_snap.catalog_returns_0.cr_order_number
|  |  fk/pk conjuncts: tpcds_partitioned_parquet_snap.catalog_sales_0.cs_item_sk = tpcds_partitioned_parquet_snap.catalog_returns_0.cr_item_sk, tpcds_partitioned_parquet_snap.catalog_sales_0.cs_order_number = tpcds_partitioned_parquet_snap.catalog_returns_0.cr_order_number
|  |  mem-estimate=1.55GB mem-reservation=34.00MB spill-buffer=2.00MB thread-reservation=0
|  |  tuple-ids=29,31,33N row-size=52B cardinality=430.77M(filtered from 880.06M) cost=313161613
|  |  in pipelines: 28(GETNEXT), 31(OPEN)
|  |
|  |--31:SCAN HDFS [tpcds_partitioned_parquet_snap.catalog_returns]
|  |     HDFS partitions=2060/2060 files=2060 size=32.77GB
|  |     predicates: is_not_null_pred(tpcds_partitioned_parquet_snap.catalog_returns_0.cr_item_sk)
|  |     runtime filters: RF021[min_max] -> tpcds_partitioned_parquet_snap.catalog_returns_0.cr_item_sk, RF020[bloom] -> tpcds_partitioned_parquet_snap.catalog_returns_0.cr_item_sk
|  |     stored statistics:
|  |       table: rows=432.02M size=32.77GB
|  |       partitions: 2060/2060 rows=432.02M
|  |       columns: all
|  |     extrapolated-rows=disabled max-scan-range-rows=416.82K
|  |     parquet dictionary predicates: is_not_null_pred(tpcds_partitioned_parquet_snap.catalog_returns_0.cr_item_sk)
|  |     mem-estimate=16.00MB mem-reservation=32.00KB thread-reservation=0
|  |     tuple-ids=33 row-size=20B cardinality=43.20M cost=136560570
|  |     in pipelines: 31(GETNEXT)
|  |
|  30:HASH JOIN [INNER JOIN]
|  |  hash predicates: tpcds_partitioned_parquet_snap.catalog_sales_0.cs_sold_date_sk = tpcds_partitioned_parquet_snap.date_dim_2.d_date_sk
|  |  fk/pk conjuncts: tpcds_partitioned_parquet_snap.catalog_sales_0.cs_sold_date_sk = tpcds_partitioned_parquet_snap.date_dim_2.d_date_sk
|  |  runtime filters: RF022[bloom] <- tpcds_partitioned_parquet_snap.date_dim_2.d_date_sk
|  |  mem-estimate=1.94MB mem-reservation=1.94MB spill-buffer=64.00KB thread-reservation=0
|  |  tuple-ids=29,31 row-size=32B cardinality=430.77M(filtered from 880.06M) cost=269960287
|  |  in pipelines: 28(GETNEXT), 29(OPEN)
|  |
|  |--29:SCAN HDFS [tpcds_partitioned_parquet_snap.date_dim]
|  |     HDFS partitions=1/1 files=1 size=2.17MB
|  |     predicates: tpcds_partitioned_parquet_snap.date_dim_2.d_year = subtract(CAST(2001 AS INT), CAST(1 AS INT))
|  |     stored statistics:
|  |       table: rows=73.05K size=2.17MB
|  |       columns: all
|  |     extrapolated-rows=disabled max-scan-range-rows=73.05K
|  |     parquet statistics predicates: tpcds_partitioned_parquet_snap.date_dim_2.d_year = subtract(CAST(2001 AS INT), CAST(1 AS INT))
|  |     parquet dictionary predicates: tpcds_partitioned_parquet_snap.date_dim_2.d_year = subtract(CAST(2001 AS INT), CAST(1 AS INT))
|  |     mem-estimate=16.00MB mem-reservation=512.00KB thread-reservation=0
|  |     tuple-ids=31 row-size=8B cardinality=373 cost=10467
|  |     in pipelines: 29(GETNEXT)
|  |
|  28:SCAN HDFS [tpcds_partitioned_parquet_snap.catalog_sales]
|     HDFS partitions=1831/1831 files=1831 size=280.96GB
|     runtime filters: RF021[min_max] -> tpcds_partitioned_parquet_snap.catalog_sales_0.cs_item_sk, RF020[bloom] -> tpcds_partitioned_parquet_snap.catalog_sales_0.cs_item_sk, RF022[bloom] -> tpcds_partitioned_parquet_snap.catalog_sales_0.cs_sold_date_sk
|     stored statistics:
|       table: rows=4.32G size=280.96GB
|       partitions: 1831/1831 rows=4.32G
|       columns: all
|     extrapolated-rows=disabled max-scan-range-rows=21.52M est-scan-range=374(filtered from 1831)
|     mem-estimate=16.00MB mem-reservation=1.00MB thread-reservation=0
|     tuple-ids=29 row-size=24B cardinality=430.77M(filtered from 4.32G) cost=304148590
|     in pipelines: 28(GETNEXT)
|
25:AGGREGATE [FINALIZE]
|  output: sum(SALES_CNT), sum(SALES_AMT)
|  group by: I_BRAND_ID, I_CLASS_ID, I_CATEGORY_ID, I_MANUFACT_ID
|  mem-estimate=128.00MB mem-reservation=34.00MB spill-buffer=2.00MB thread-reservation=0
|  tuple-ids=28 row-size=40B cardinality=307.98M cost=1839417475
|  in pipelines: 25(GETNEXT), 24(OPEN)
|
24:AGGREGATE [FINALIZE]
|  group by: I_BRAND_ID, I_CLASS_ID, I_CATEGORY_ID, I_MANUFACT_ID, SALES_CNT, SALES_AMT
|  mem-estimate=128.00MB mem-reservation=34.00MB spill-buffer=2.00MB thread-reservation=0
|  tuple-ids=27 row-size=28B cardinality=307.98M cost=1817859155
|  in pipelines: 24(GETNEXT), 16(OPEN), 17(OPEN)
|
00:UNION
|  pass-through-operands: 16
|  mem-estimate=0B mem-reservation=0B thread-reservation=0
|  tuple-ids=26 row-size=28B cardinality=307.98M cost=5041285
|  in pipelines: 16(GETNEXT), 17(GETNEXT)
|
|--23:HASH JOIN [INNER JOIN]
|  |  hash predicates: tpcds_partitioned_parquet_snap.web_sales.ws_item_sk = tpcds_partitioned_parquet_snap.item_1.i_item_sk
|  |  fk/pk conjuncts: tpcds_partitioned_parquet_snap.web_sales.ws_item_sk = tpcds_partitioned_parquet_snap.item_1.i_item_sk
|  |  runtime filters: RF016[bloom] <- tpcds_partitioned_parquet_snap.item_1.i_item_sk, RF017[min_max] <- tpcds_partitioned_parquet_snap.item_1.i_item_sk
|  |  mem-estimate=4.75MB mem-reservation=4.75MB spill-buffer=256.00KB thread-reservation=0
|  |  tuple-ids=18,20,22N,24 row-size=90B cardinality=44.04M cost=63261446
|  |  in pipelines: 17(GETNEXT), 22(OPEN)
|  |
|  |--22:SCAN HDFS [tpcds_partitioned_parquet_snap.item]
|  |     HDFS partitions=1/1 files=1 size=33.54MB
|  |     predicates: tpcds_partitioned_parquet_snap.item_1.i_category = 'Sports'
|  |     runtime filters: RF004[min_max] -> tpcds_partitioned_parquet_snap.item_1.i_brand_id, RF005[min_max] -> tpcds_partitioned_parquet_snap.item_1.i_category_id, RF006[min_max] -> tpcds_partitioned_parquet_snap.item_1.i_class_id, RF007[min_max] -> tpcds_partitioned_parquet_snap.item_1.i_manufact_id
|  |     stored statistics:
|  |       table: rows=360.00K size=33.54MB
|  |       columns: all
|  |     extrapolated-rows=disabled max-scan-range-rows=101.54K
|  |     parquet statistics predicates: tpcds_partitioned_parquet_snap.item_1.i_category = 'Sports'
|  |     parquet dictionary predicates: tpcds_partitioned_parquet_snap.item_1.i_category = 'Sports'
|  |     mem-estimate=16.00MB mem-reservation=512.00KB thread-reservation=0
|  |     tuple-ids=24 row-size=38B cardinality=35.91K cost=144407
|  |     in pipelines: 22(GETNEXT)
|  |
|  21:HASH JOIN [LEFT OUTER JOIN]
|  |  hash predicates: tpcds_partitioned_parquet_snap.web_sales.ws_item_sk = tpcds_partitioned_parquet_snap.web_returns.wr_item_sk, tpcds_partitioned_parquet_snap.web_sales.ws_order_number = tpcds_partitioned_parquet_snap.web_returns.wr_order_number
|  |  fk/pk conjuncts: tpcds_partitioned_parquet_snap.web_sales.ws_item_sk = tpcds_partitioned_parquet_snap.web_returns.wr_item_sk, tpcds_partitioned_parquet_snap.web_sales.ws_order_number = tpcds_partitioned_parquet_snap.web_returns.wr_order_number
|  |  mem-estimate=795.99MB mem-reservation=34.00MB spill-buffer=2.00MB thread-reservation=0
|  |  tuple-ids=18,20,22N row-size=52B cardinality=215.38M(filtered from 441.70M) cost=156881772
|  |  in pipelines: 17(GETNEXT), 20(OPEN)
|  |
|  |--20:SCAN HDFS [tpcds_partitioned_parquet_snap.web_returns]
|  |     HDFS partitions=2114/2114 files=2114 size=16.74GB
|  |     predicates: is_not_null_pred(tpcds_partitioned_parquet_snap.web_returns.wr_item_sk)
|  |     runtime filters: RF017[min_max] -> tpcds_partitioned_parquet_snap.web_returns.wr_item_sk, RF016[bloom] -> tpcds_partitioned_parquet_snap.web_returns.wr_item_sk
|  |     stored statistics:
|  |       table: rows=216.00M size=16.74GB
|  |       partitions: 2114/2114 rows=216.00M
|  |       columns: all
|  |     extrapolated-rows=disabled max-scan-range-rows=9.41M
|  |     parquet dictionary predicates: is_not_null_pred(tpcds_partitioned_parquet_snap.web_returns.wr_item_sk)
|  |     mem-estimate=16.00MB mem-reservation=256.00KB thread-reservation=0
|  |     tuple-ids=22 row-size=20B cardinality=21.60M cost=68278449
|  |     in pipelines: 20(GETNEXT)
|  |
|  19:HASH JOIN [INNER JOIN]
|  |  hash predicates: tpcds_partitioned_parquet_snap.web_sales.ws_sold_date_sk = tpcds_partitioned_parquet_snap.date_dim_1.d_date_sk
|  |  fk/pk conjuncts: tpcds_partitioned_parquet_snap.web_sales.ws_sold_date_sk = tpcds_partitioned_parquet_snap.date_dim_1.d_date_sk
|  |  mem-estimate=1.94MB mem-reservation=1.94MB spill-buffer=64.00KB thread-reservation=0
|  |  tuple-ids=18,20 row-size=32B cardinality=215.38M(filtered from 441.70M) cost=135281876
|  |  in pipelines: 17(GETNEXT), 18(OPEN)
|  |
|  |--18:SCAN HDFS [tpcds_partitioned_parquet_snap.date_dim]
|  |     HDFS partitions=1/1 files=1 size=2.17MB
|  |     predicates: tpcds_partitioned_parquet_snap.date_dim_1.d_year = CAST(2001 AS INT)
|  |     stored statistics:
|  |       table: rows=73.05K size=2.17MB
|  |       columns: all
|  |     extrapolated-rows=disabled max-scan-range-rows=73.05K
|  |     parquet statistics predicates: tpcds_partitioned_parquet_snap.date_dim_1.d_year = CAST(2001 AS INT)
|  |     parquet dictionary predicates: tpcds_partitioned_parquet_snap.date_dim_1.d_year = CAST(2001 AS INT)
|  |     mem-estimate=16.00MB mem-reservation=512.00KB thread-reservation=0
|  |     tuple-ids=20 row-size=8B cardinality=373 cost=10467
|  |     in pipelines: 18(GETNEXT)
|  |
|  17:SCAN HDFS [tpcds_partitioned_parquet_snap.web_sales]
|     HDFS partitions=1824/1824 files=1824 size=145.75GB
|     runtime filters: RF017[min_max] -> tpcds_partitioned_parquet_snap.web_sales.ws_item_sk, RF016[bloom] -> tpcds_partitioned_parquet_snap.web_sales.ws_item_sk
|     stored statistics:
|       table: rows=2.16G size=145.75GB
|       partitions: 1824/1824 rows=2.16G
|       columns: all
|     extrapolated-rows=disabled max-scan-range-rows=3.37M
|     mem-estimate=16.00MB mem-reservation=128.00KB thread-reservation=0
|     tuple-ids=18 row-size=24B cardinality=215.38M(filtered from 2.16G) cost=746484929
|     in pipelines: 17(GETNEXT)
|
16:AGGREGATE [FINALIZE]
|  group by: I_BRAND_ID, I_CLASS_ID, I_CATEGORY_ID, I_MANUFACT_ID, SALES_CNT, SALES_AMT
|  mem-estimate=128.00MB mem-reservation=34.00MB spill-buffer=2.00MB thread-reservation=0
|  tuple-ids=17 row-size=28B cardinality=263.93M cost=1557884539
|  in pipelines: 16(GETNEXT), 02(OPEN), 09(OPEN)
|
01:UNION
|  mem-estimate=0B mem-reservation=0B thread-reservation=0
|  tuple-ids=16 row-size=28B cardinality=263.93M cost=30209647
|  in pipelines: 02(GETNEXT), 09(GETNEXT)
|
|--15:HASH JOIN [INNER JOIN]
|  |  hash predicates: tpcds_partitioned_parquet_snap.store_sales.ss_item_sk = tpcds_partitioned_parquet_snap.item_0.i_item_sk
|  |  fk/pk conjuncts: tpcds_partitioned_parquet_snap.store_sales.ss_item_sk = tpcds_partitioned_parquet_snap.item_0.i_item_sk
|  |  runtime filters: RF012[bloom] <- tpcds_partitioned_parquet_snap.item_0.i_item_sk, RF013[min_max] <- tpcds_partitioned_parquet_snap.item_0.i_item_sk
|  |  mem-estimate=4.75MB mem-reservation=4.75MB spill-buffer=256.00KB thread-reservation=0
|  |  tuple-ids=8,10,12N,14 row-size=90B cardinality=176.18M cost=252939892
|  |  in pipelines: 09(GETNEXT), 14(OPEN)
|  |
|  |--14:SCAN HDFS [tpcds_partitioned_parquet_snap.item]
|  |     HDFS partitions=1/1 files=1 size=33.54MB
|  |     predicates: tpcds_partitioned_parquet_snap.item_0.i_category = 'Sports'
|  |     runtime filters: RF004[min_max] -> tpcds_partitioned_parquet_snap.item_0.i_brand_id, RF005[min_max] -> tpcds_partitioned_parquet_snap.item_0.i_category_id, RF006[min_max] -> tpcds_partitioned_parquet_snap.item_0.i_class_id, RF007[min_max] -> tpcds_partitioned_parquet_snap.item_0.i_manufact_id
|  |     stored statistics:
|  |       table: rows=360.00K size=33.54MB
|  |       columns: all
|  |     extrapolated-rows=disabled max-scan-range-rows=101.54K
|  |     parquet statistics predicates: tpcds_partitioned_parquet_snap.item_0.i_category = 'Sports'
|  |     parquet dictionary predicates: tpcds_partitioned_parquet_snap.item_0.i_category = 'Sports'
|  |     mem-estimate=16.00MB mem-reservation=512.00KB thread-reservation=0
|  |     tuple-ids=14 row-size=38B cardinality=35.91K cost=144407
|  |     in pipelines: 14(GETNEXT)
|  |
|  13:HASH JOIN [LEFT OUTER JOIN]
|  |  hash predicates: tpcds_partitioned_parquet_snap.store_sales.ss_item_sk = tpcds_partitioned_parquet_snap.store_returns.sr_item_sk, tpcds_partitioned_parquet_snap.store_sales.ss_ticket_number = tpcds_partitioned_parquet_snap.store_returns.sr_ticket_number
|  |  fk/pk conjuncts: tpcds_partitioned_parquet_snap.store_sales.ss_item_sk = tpcds_partitioned_parquet_snap.store_returns.sr_item_sk, tpcds_partitioned_parquet_snap.store_sales.ss_ticket_number = tpcds_partitioned_parquet_snap.store_returns.sr_ticket_number
|  |  mem-estimate=3.11GB mem-reservation=34.00MB spill-buffer=2.00MB thread-reservation=0
|  |  tuple-ids=8,10,12N row-size=52B cardinality=861.52M(filtered from 1.77G) cost=627528842
|  |  in pipelines: 09(GETNEXT), 12(OPEN)
|  |
|  |--12:SCAN HDFS [tpcds_partitioned_parquet_snap.store_returns]
|  |     HDFS partitions=2004/2004 files=2004 size=48.14GB
|  |     predicates: is_not_null_pred(tpcds_partitioned_parquet_snap.store_returns.sr_item_sk)
|  |     runtime filters: RF013[min_max] -> tpcds_partitioned_parquet_snap.store_returns.sr_item_sk, RF012[bloom] -> tpcds_partitioned_parquet_snap.store_returns.sr_item_sk
|  |     stored statistics:
|  |       table: rows=863.99M size=48.14GB
|  |       partitions: 2004/2004 rows=863.99M
|  |       columns: all
|  |     extrapolated-rows=disabled max-scan-range-rows=30.09M
|  |     parquet dictionary predicates: is_not_null_pred(tpcds_partitioned_parquet_snap.store_returns.sr_item_sk)
|  |     mem-estimate=16.00MB mem-reservation=512.00KB thread-reservation=0
|  |     tuple-ids=12 row-size=20B cardinality=86.40M cost=273106806
|  |     in pipelines: 12(GETNEXT)
|  |
|  11:HASH JOIN [INNER JOIN]
|  |  hash predicates: tpcds_partitioned_parquet_snap.store_sales.ss_sold_date_sk = tpcds_partitioned_parquet_snap.date_dim_0.d_date_sk
|  |  fk/pk conjuncts: tpcds_partitioned_parquet_snap.store_sales.ss_sold_date_sk = tpcds_partitioned_parquet_snap.date_dim_0.d_date_sk
|  |  runtime filters: RF014[bloom] <- tpcds_partitioned_parquet_snap.date_dim_0.d_date_sk
|  |  mem-estimate=1.94MB mem-reservation=1.94MB spill-buffer=64.00KB thread-reservation=0
|  |  tuple-ids=8,10 row-size=32B cardinality=861.52M(filtered from 1.77G) cost=541130352
|  |  in pipelines: 09(GETNEXT), 10(OPEN)
|  |
|  |--10:SCAN HDFS [tpcds_partitioned_parquet_snap.date_dim]
|  |     HDFS partitions=1/1 files=1 size=2.17MB
|  |     predicates: tpcds_partitioned_parquet_snap.date_dim_0.d_year = CAST(2001 AS INT)
|  |     stored statistics:
|  |       table: rows=73.05K size=2.17MB
|  |       columns: all
|  |     extrapolated-rows=disabled max-scan-range-rows=73.05K
|  |     parquet statistics predicates: tpcds_partitioned_parquet_snap.date_dim_0.d_year = CAST(2001 AS INT)
|  |     parquet dictionary predicates: tpcds_partitioned_parquet_snap.date_dim_0.d_year = CAST(2001 AS INT)
|  |     mem-estimate=16.00MB mem-reservation=512.00KB thread-reservation=0
|  |     tuple-ids=10 row-size=8B cardinality=373 cost=10467
|  |     in pipelines: 10(GETNEXT)
|  |
|  09:SCAN HDFS [tpcds_partitioned_parquet_snap.store_sales]
|     HDFS partitions=1824/1824 files=1824 size=389.90GB
|     runtime filters: RF013[min_max] -> tpcds_partitioned_parquet_snap.store_sales.ss_item_sk, RF012[bloom] -> tpcds_partitioned_parquet_snap.store_sales.ss_item_sk, RF014[bloom] -> tpcds_partitioned_parquet_snap.store_sales.ss_sold_date_sk
|     stored statistics:
|       table: rows=8.64G size=389.90GB
|       partitions: 1824/1824 rows=8.64G
|       columns: all
|     extrapolated-rows=disabled max-scan-range-rows=390.22M est-scan-range=374(filtered from 1824)
|     mem-estimate=16.00MB mem-reservation=8.00MB thread-reservation=0
|     tuple-ids=8 row-size=24B cardinality=861.52M(filtered from 8.64G) cost=610616051
|     in pipelines: 09(GETNEXT)
|
08:HASH JOIN [INNER JOIN]
|  hash predicates: tpcds_partitioned_parquet_snap.catalog_sales.cs_item_sk = tpcds_partitioned_parquet_snap.item.i_item_sk
|  fk/pk conjuncts: tpcds_partitioned_parquet_snap.catalog_sales.cs_item_sk = tpcds_partitioned_parquet_snap.item.i_item_sk
|  runtime filters: RF008[bloom] <- tpcds_partitioned_parquet_snap.item.i_item_sk, RF009[min_max] <- tpcds_partitioned_parquet_snap.item.i_item_sk
|  mem-estimate=4.75MB mem-reservation=4.75MB spill-buffer=256.00KB thread-reservation=0
|  tuple-ids=0,2,4N,6 row-size=90B cardinality=87.75M cost=126430110
|  in pipelines: 02(GETNEXT), 07(OPEN)
|
|--07:SCAN HDFS [tpcds_partitioned_parquet_snap.item]
|     HDFS partitions=1/1 files=1 size=33.54MB
|     predicates: tpcds_partitioned_parquet_snap.item.i_category = 'Sports'
|     runtime filters: RF004[min_max] -> tpcds_partitioned_parquet_snap.item.i_brand_id, RF005[min_max] -> tpcds_partitioned_parquet_snap.item.i_category_id, RF006[min_max] -> tpcds_partitioned_parquet_snap.item.i_class_id, RF007[min_max] -> tpcds_partitioned_parquet_snap.item.i_manufact_id
|     stored statistics:
|       table: rows=360.00K size=33.54MB
|       columns: all
|     extrapolated-rows=disabled max-scan-range-rows=101.54K
|     parquet statistics predicates: tpcds_partitioned_parquet_snap.item.i_category = 'Sports'
|     parquet dictionary predicates: tpcds_partitioned_parquet_snap.item.i_category = 'Sports'
|     mem-estimate=16.00MB mem-reservation=512.00KB thread-reservation=0
|     tuple-ids=6 row-size=38B cardinality=35.91K cost=144407
|     in pipelines: 07(GETNEXT)
|
06:HASH JOIN [LEFT OUTER JOIN]
|  hash predicates: tpcds_partitioned_parquet_snap.catalog_sales.cs_item_sk = tpcds_partitioned_parquet_snap.catalog_returns.cr_item_sk, tpcds_partitioned_parquet_snap.catalog_sales.cs_order_number = tpcds_partitioned_parquet_snap.catalog_returns.cr_order_number
|  fk/pk conjuncts: tpcds_partitioned_parquet_snap.catalog_sales.cs_item_sk = tpcds_partitioned_parquet_snap.catalog_returns.cr_item_sk, tpcds_partitioned_parquet_snap.catalog_sales.cs_order_number = tpcds_partitioned_parquet_snap.catalog_returns.cr_order_number
|  mem-estimate=1.55GB mem-reservation=34.00MB spill-buffer=2.00MB thread-reservation=0
|  tuple-ids=0,2,4N row-size=52B cardinality=430.77M(filtered from 880.06M) cost=313161613
|  in pipelines: 02(GETNEXT), 05(OPEN)
|
|--05:SCAN HDFS [tpcds_partitioned_parquet_snap.catalog_returns]
|     HDFS partitions=2060/2060 files=2060 size=32.77GB
|     predicates: is_not_null_pred(tpcds_partitioned_parquet_snap.catalog_returns.cr_item_sk)
|     runtime filters: RF009[min_max] -> tpcds_partitioned_parquet_snap.catalog_returns.cr_item_sk, RF008[bloom] -> tpcds_partitioned_parquet_snap.catalog_returns.cr_item_sk
|     stored statistics:
|       table: rows=432.02M size=32.77GB
|       partitions: 2060/2060 rows=432.02M
|       columns: all
|     extrapolated-rows=disabled max-scan-range-rows=416.82K
|     parquet dictionary predicates: is_not_null_pred(tpcds_partitioned_parquet_snap.catalog_returns.cr_item_sk)
|     mem-estimate=16.00MB mem-reservation=32.00KB thread-reservation=0
|     tuple-ids=4 row-size=20B cardinality=43.20M cost=136560570
|     in pipelines: 05(GETNEXT)
|
04:HASH JOIN [INNER JOIN]
|  hash predicates: tpcds_partitioned_parquet_snap.catalog_sales.cs_sold_date_sk = tpcds_partitioned_parquet_snap.date_dim.d_date_sk
|  fk/pk conjuncts: tpcds_partitioned_parquet_snap.catalog_sales.cs_sold_date_sk = tpcds_partitioned_parquet_snap.date_dim.d_date_sk
|  runtime filters: RF010[bloom] <- tpcds_partitioned_parquet_snap.date_dim.d_date_sk
|  mem-estimate=1.94MB mem-reservation=1.94MB spill-buffer=64.00KB thread-reservation=0
|  tuple-ids=0,2 row-size=32B cardinality=430.77M(filtered from 880.06M) cost=269960287
|  in pipelines: 02(GETNEXT), 03(OPEN)
|
|--03:SCAN HDFS [tpcds_partitioned_parquet_snap.date_dim]
|     HDFS partitions=1/1 files=1 size=2.17MB
|     predicates: tpcds_partitioned_parquet_snap.date_dim.d_year = CAST(2001 AS INT)
|     stored statistics:
|       table: rows=73.05K size=2.17MB
|       columns: all
|     extrapolated-rows=disabled max-scan-range-rows=73.05K
|     parquet statistics predicates: tpcds_partitioned_parquet_snap.date_dim.d_year = CAST(2001 AS INT)
|     parquet dictionary predicates: tpcds_partitioned_parquet_snap.date_dim.d_year = CAST(2001 AS INT)
|     mem-estimate=16.00MB mem-reservation=512.00KB thread-reservation=0
|     tuple-ids=2 row-size=8B cardinality=373 cost=10467
|     in pipelines: 03(GETNEXT)
|
02:SCAN HDFS [tpcds_partitioned_parquet_snap.catalog_sales]
   HDFS partitions=1831/1831 files=1831 size=280.96GB
   runtime filters: RF009[min_max] -> tpcds_partitioned_parquet_snap.catalog_sales.cs_item_sk, RF008[bloom] -> tpcds_partitioned_parquet_snap.catalog_sales.cs_item_sk, RF010[bloom] -> tpcds_partitioned_parquet_snap.catalog_sales.cs_sold_date_sk
   stored statistics:
     table: rows=4.32G size=280.96GB
     partitions: 1831/1831 rows=4.32G
     columns: all
   extrapolated-rows=disabled max-scan-range-rows=21.52M est-scan-range=374(filtered from 1831)
   mem-estimate=16.00MB mem-reservation=1.00MB thread-reservation=0
   tuple-ids=0 row-size=24B cardinality=430.77M(filtered from 4.32G) cost=304148590
   in pipelines: 02(GETNEXT)
---- DISTRIBUTEDPLAN
Max Per-Host Resource Reservation: Memory=8.27GB Threads=139
Per-Host Resource Estimates: Memory=33.64GB
F34:PLAN FRAGMENT [UNPARTITIONED] hosts=1 instances=1
|  Per-Instance Resources: mem-estimate=4.78MB mem-reservation=4.00MB thread-reservation=1
|  max-parallelism=1 segment-costs=[1038] cpu-comparison-result=330 [max(1 (self) vs 330 (sum children))]
PLAN-ROOT SINK
|  output exprs: subtract(CAST(2001 AS INT), CAST(1 AS INT)), CAST(2001 AS INT), I_BRAND_ID, I_CLASS_ID, I_CATEGORY_ID, I_MANUFACT_ID, sum(SALES_CNT), sum(SALES_CNT), subtract(sum(SALES_CNT), sum(SALES_CNT)), subtract(sum(SALES_AMT), sum(SALES_AMT))
|  mem-estimate=4.00MB mem-reservation=4.00MB spill-buffer=2.00MB thread-reservation=0 cost=1000
|
84:MERGING-EXCHANGE [UNPARTITIONED]
|  order by: subtract(sum(SALES_CNT), sum(SALES_CNT)) ASC NULLS LAST, subtract(sum(SALES_AMT), sum(SALES_AMT)) ASC NULLS LAST
|  limit: 100
|  mem-estimate=797.50KB mem-reservation=0B thread-reservation=0
|  tuple-ids=58 row-size=64B cardinality=100 cost=38
|  in pipelines: 53(GETNEXT)
|
F16:PLAN FRAGMENT [HASH(I_BRAND_ID,I_CLASS_ID,I_CATEGORY_ID,I_MANUFACT_ID)] hosts=10 instances=120
Per-Instance Resources: mem-estimate=143.16MB mem-reservation=34.00MB thread-reservation=1
max-parallelism=510 segment-costs=[1930301193, 5031055712, 199] cpu-comparison-result=330 [max(120 (self) vs 330 (sum children))]
53:TOP-N [LIMIT=100]
|  order by: subtract(sum(SALES_CNT), sum(SALES_CNT)) ASC NULLS LAST, subtract(sum(SALES_AMT), sum(SALES_AMT)) ASC NULLS LAST
|  mem-estimate=6.25KB mem-reservation=0B thread-reservation=0
|  tuple-ids=58 row-size=64B cardinality=100 cost=4896254616
|  in pipelines: 53(GETNEXT), 68(OPEN)
|
52:HASH JOIN [INNER JOIN, PARTITIONED]
|  hash-table-id=00
|  hash predicates: I_BRAND_ID = I_BRAND_ID, I_CATEGORY_ID = I_CATEGORY_ID, I_CLASS_ID = I_CLASS_ID, I_MANUFACT_ID = I_MANUFACT_ID
|  fk/pk conjuncts: assumed fk/pk
|  other join predicates: divide(CAST(sum(SALES_CNT) AS DECIMAL(17,2)), CAST(sum(SALES_CNT) AS DECIMAL(17,2))) < CAST(0.9 AS DECIMAL(2,1))
|  mem-estimate=0B mem-reservation=0B spill-buffer=2.00MB thread-reservation=0
|  tuple-ids=28,57 row-size=80B cardinality=307.98M cost=134801096
|  in pipelines: 68(GETNEXT), 83(OPEN)
|
|--F35:PLAN FRAGMENT [HASH(I_BRAND_ID,I_CLASS_ID,I_CATEGORY_ID,I_MANUFACT_ID)] hosts=10 instances=120
|  |  Per-Instance Resources: mem-estimate=277.10MB mem-reservation=68.00MB thread-reservation=1
|  |  max-parallelism=510 segment-costs=[1930301193, 307976003] cpu-comparison-result=165 [max(120 (self) vs 165 (sum children))]
|  JOIN BUILD
|  |  join-table-id=00 plan-id=01 cohort-id=01
|  |  build expressions: I_BRAND_ID, I_CATEGORY_ID, I_CLASS_ID, I_MANUFACT_ID
|  |  runtime filters: RF004[min_max] <- I_BRAND_ID, RF005[min_max] <- I_CATEGORY_ID, RF006[min_max] <- I_CLASS_ID, RF007[min_max] <- I_MANUFACT_ID
|  |  mem-estimate=149.10MB mem-reservation=34.00MB spill-buffer=2.00MB thread-reservation=0 cost=307976003
|  |
|  83:AGGREGATE [FINALIZE]
|  |  output: sum:merge(SALES_CNT), sum:merge(SALES_AMT)
|  |  group by: I_BRAND_ID, I_CLASS_ID, I_CATEGORY_ID, I_MANUFACT_ID
|  |  mem-estimate=128.00MB mem-reservation=34.00MB spill-buffer=2.00MB thread-reservation=0
|  |  tuple-ids=57 row-size=40B cardinality=307.98M cost=1839417475
|  |  in pipelines: 83(GETNEXT), 81(OPEN)
|  |
|  82:EXCHANGE [HASH(I_BRAND_ID,I_CLASS_ID,I_CATEGORY_ID,I_MANUFACT_ID)]
|  |  mem-estimate=15.16MB mem-reservation=0B thread-reservation=0
|  |  tuple-ids=57 row-size=40B cardinality=307.98M cost=90883718
|  |  in pipelines: 81(GETNEXT)
|  |
|  F32:PLAN FRAGMENT [HASH(I_BRAND_ID,I_CLASS_ID,I_CATEGORY_ID,I_MANUFACT_ID,SALES_CNT,SALES_AMT)] hosts=10 instances=120
|  Per-Instance Resources: mem-estimate=276.62MB mem-reservation=68.00MB thread-reservation=1
|  max-parallelism=190 segment-costs=[1891742598, 1839417475, 952015420] cpu-comparison-result=165 [max(120 (self) vs 165 (sum children))]
|  51:AGGREGATE [STREAMING]
|  |  output: sum(SALES_CNT), sum(SALES_AMT)
|  |  group by: I_BRAND_ID, I_CLASS_ID, I_CATEGORY_ID, I_MANUFACT_ID
|  |  mem-estimate=128.00MB mem-reservation=34.00MB spill-buffer=2.00MB thread-reservation=0
|  |  tuple-ids=57 row-size=40B cardinality=307.98M cost=1839417475
|  |  in pipelines: 81(GETNEXT)
|  |
|  81:AGGREGATE [FINALIZE]
|  |  group by: I_BRAND_ID, I_CLASS_ID, I_CATEGORY_ID, I_MANUFACT_ID, SALES_CNT, SALES_AMT
|  |  mem-estimate=128.00MB mem-reservation=34.00MB spill-buffer=2.00MB thread-reservation=0
|  |  tuple-ids=56 row-size=28B cardinality=307.98M cost=1817859155
|  |  in pipelines: 81(GETNEXT), 76(OPEN), 43(OPEN)
|  |
|  80:EXCHANGE [HASH(I_BRAND_ID,I_CLASS_ID,I_CATEGORY_ID,I_MANUFACT_ID,SALES_CNT,SALES_AMT)]
|  |  mem-estimate=13.75MB mem-reservation=0B thread-reservation=0
|  |  tuple-ids=56 row-size=28B cardinality=307.98M cost=73883443
|  |  in pipelines: 76(GETNEXT), 43(GETNEXT)
|  |
|  F31:PLAN FRAGMENT [RANDOM] hosts=10 instances=120
|  Per-Host Shared Resources: mem-estimate=1.00MB mem-reservation=1.00MB thread-reservation=0 runtime-filters-memory=1.00MB
|  Per-Instance Resources: mem-estimate=284.75MB mem-reservation=68.00MB thread-reservation=1
|  max-parallelism=120 segment-costs=[1621201806, 2903173906, 714011565] cpu-comparison-result=165 [max(120 (self) vs 165 (sum children))]
|  50:AGGREGATE [STREAMING]
|  |  group by: I_BRAND_ID, I_CLASS_ID, I_CATEGORY_ID, I_MANUFACT_ID, SALES_CNT, SALES_AMT
|  |  mem-estimate=128.00MB mem-reservation=34.00MB spill-buffer=2.00MB thread-reservation=0
|  |  tuple-ids=56 row-size=28B cardinality=307.98M cost=1817859155
|  |  in pipelines: 76(GETNEXT), 43(GETNEXT)
|  |
|  26:UNION
|  |  pass-through-operands: 76
|  |  mem-estimate=0B mem-reservation=0B thread-reservation=0
|  |  tuple-ids=55 row-size=28B cardinality=307.98M cost=5041285
|  |  in pipelines: 76(GETNEXT), 43(GETNEXT)
|  |
|  |--49:HASH JOIN [INNER JOIN, BROADCAST]
|  |  |  hash-table-id=01
|  |  |  hash predicates: tpcds_partitioned_parquet_snap.web_sales_0.ws_item_sk = tpcds_partitioned_parquet_snap.item_4.i_item_sk
|  |  |  fk/pk conjuncts: tpcds_partitioned_parquet_snap.web_sales_0.ws_item_sk = tpcds_partitioned_parquet_snap.item_4.i_item_sk
|  |  |  mem-estimate=0B mem-reservation=0B spill-buffer=256.00KB thread-reservation=0
|  |  |  tuple-ids=47,49,51N,53 row-size=90B cardinality=44.04M cost=63225531
|  |  |  in pipelines: 43(GETNEXT), 48(OPEN)
|  |  |
|  |  |--F36:PLAN FRAGMENT [RANDOM] hosts=10 instances=10
|  |  |  |  Per-Instance Resources: mem-estimate=59.46MB mem-reservation=58.00MB thread-reservation=1 runtime-filters-memory=1.00MB
|  |  |  |  max-parallelism=10 segment-costs=[83645]
|  |  |  JOIN BUILD
|  |  |  |  join-table-id=01 plan-id=02 cohort-id=02
|  |  |  |  build expressions: tpcds_partitioned_parquet_snap.item_4.i_item_sk
|  |  |  |  runtime filters: RF028[bloom] <- tpcds_partitioned_parquet_snap.item_4.i_item_sk, RF029[min_max] <- tpcds_partitioned_parquet_snap.item_4.i_item_sk
|  |  |  |  mem-estimate=57.00MB mem-reservation=57.00MB spill-buffer=256.00KB thread-reservation=0 cost=35915
|  |  |  |
|  |  |  79:EXCHANGE [BROADCAST]
|  |  |  |  mem-estimate=1.46MB mem-reservation=0B thread-reservation=0
|  |  |  |  tuple-ids=53 row-size=38B cardinality=35.91K cost=47730
|  |  |  |  in pipelines: 48(GETNEXT)
|  |  |  |
|  |  |  F30:PLAN FRAGMENT [RANDOM] hosts=4 instances=4
|  |  |  Per-Instance Resources: mem-estimate=16.16MB mem-reservation=512.00KB thread-reservation=1
|  |  |  max-parallelism=4 segment-costs=[148858]
|  |  |  48:SCAN HDFS [tpcds_partitioned_parquet_snap.item, RANDOM]
|  |  |     HDFS partitions=1/1 files=1 size=33.54MB
|  |  |     predicates: tpcds_partitioned_parquet_snap.item_4.i_category = 'Sports'
|  |  |     stored statistics:
|  |  |       table: rows=360.00K size=33.54MB
|  |  |       columns: all
|  |  |     extrapolated-rows=disabled max-scan-range-rows=101.54K
|  |  |     parquet statistics predicates: tpcds_partitioned_parquet_snap.item_4.i_category = 'Sports'
|  |  |     parquet dictionary predicates: tpcds_partitioned_parquet_snap.item_4.i_category = 'Sports'
|  |  |     mem-estimate=16.00MB mem-reservation=512.00KB thread-reservation=0
|  |  |     tuple-ids=53 row-size=38B cardinality=35.91K cost=144407
|  |  |     in pipelines: 48(GETNEXT)
|  |  |
|  |  47:HASH JOIN [LEFT OUTER JOIN, BROADCAST]
|  |  |  hash-table-id=02
|  |  |  hash predicates: tpcds_partitioned_parquet_snap.web_sales_0.ws_item_sk = tpcds_partitioned_parquet_snap.web_returns_0.wr_item_sk, tpcds_partitioned_parquet_snap.web_sales_0.ws_order_number = tpcds_partitioned_parquet_snap.web_returns_0.wr_order_number
|  |  |  fk/pk conjuncts: tpcds_partitioned_parquet_snap.web_sales_0.ws_item_sk = tpcds_partitioned_parquet_snap.web_returns_0.wr_item_sk, tpcds_partitioned_parquet_snap.web_sales_0.ws_order_number = tpcds_partitioned_parquet_snap.web_returns_0.wr_order_number
|  |  |  mem-estimate=0B mem-reservation=0B spill-buffer=2.00MB thread-reservation=0
|  |  |  tuple-ids=47,49,51N row-size=52B cardinality=215.38M(filtered from 441.70M) cost=135281503
|  |  |  in pipelines: 43(GETNEXT), 46(OPEN)
|  |  |
|  |  |--F37:PLAN FRAGMENT [RANDOM] hosts=10 instances=10
|  |  |  |  Per-Instance Resources: mem-estimate=806.23MB mem-reservation=408.00MB thread-reservation=1
|  |  |  |  max-parallelism=10 segment-costs=[50307019]
|  |  |  JOIN BUILD
|  |  |  |  join-table-id=02 plan-id=03 cohort-id=02
|  |  |  |  build expressions: tpcds_partitioned_parquet_snap.web_returns_0.wr_item_sk, tpcds_partitioned_parquet_snap.web_returns_0.wr_order_number
|  |  |  |  mem-estimate=795.99MB mem-reservation=408.00MB spill-buffer=2.00MB thread-reservation=0 cost=21600269
|  |  |  |
|  |  |  78:EXCHANGE [BROADCAST]
|  |  |  |  mem-estimate=10.23MB mem-reservation=0B thread-reservation=0
|  |  |  |  tuple-ids=51 row-size=20B cardinality=21.60M cost=28706750
|  |  |  |  in pipelines: 46(GETNEXT)
|  |  |  |
|  |  |  F29:PLAN FRAGMENT [RANDOM] hosts=10 instances=10 (adjusted from 120)
|  |  |  Per-Host Shared Resources: mem-estimate=1.00MB mem-reservation=1.00MB thread-reservation=0 runtime-filters-memory=1.00MB
|  |  |  Per-Instance Resources: mem-estimate=16.09MB mem-reservation=256.00KB thread-reservation=1
|  |  |  max-parallelism=10 segment-costs=[69911429]
|  |  |  46:SCAN HDFS [tpcds_partitioned_parquet_snap.web_returns, RANDOM]
|  |  |     HDFS partitions=2114/2114 files=2114 size=16.74GB
|  |  |     predicates: is_not_null_pred(tpcds_partitioned_parquet_snap.web_returns_0.wr_item_sk)
|  |  |     runtime filters: RF029[min_max] -> tpcds_partitioned_parquet_snap.web_returns_0.wr_item_sk, RF028[bloom] -> tpcds_partitioned_parquet_snap.web_returns_0.wr_item_sk
|  |  |     stored statistics:
|  |  |       table: rows=216.00M size=16.74GB
|  |  |       partitions: 2114/2114 rows=216.00M
|  |  |       columns: all
|  |  |     extrapolated-rows=disabled max-scan-range-rows=9.41M
|  |  |     parquet dictionary predicates: is_not_null_pred(tpcds_partitioned_parquet_snap.web_returns_0.wr_item_sk)
|  |  |     mem-estimate=16.00MB mem-reservation=256.00KB thread-reservation=0
|  |  |     tuple-ids=51 row-size=20B cardinality=21.60M cost=68278449
|  |  |     in pipelines: 46(GETNEXT)
|  |  |
|  |  45:HASH JOIN [INNER JOIN, BROADCAST]
|  |  |  hash-table-id=03
|  |  |  hash predicates: tpcds_partitioned_parquet_snap.web_sales_0.ws_sold_date_sk = tpcds_partitioned_parquet_snap.date_dim_4.d_date_sk
|  |  |  fk/pk conjuncts: tpcds_partitioned_parquet_snap.web_sales_0.ws_sold_date_sk = tpcds_partitioned_parquet_snap.date_dim_4.d_date_sk
|  |  |  mem-estimate=0B mem-reservation=0B spill-buffer=64.00KB thread-reservation=0
|  |  |  tuple-ids=47,49 row-size=32B cardinality=215.38M(filtered from 441.70M) cost=135281503
|  |  |  in pipelines: 43(GETNEXT), 44(OPEN)
|  |  |
|  |  |--F38:PLAN FRAGMENT [RANDOM] hosts=10 instances=10
|  |  |  |  Per-Instance Resources: mem-estimate=23.27MB mem-reservation=23.25MB thread-reservation=1
|  |  |  |  max-parallelism=10 segment-costs=[863]
|  |  |  JOIN BUILD
|  |  |  |  join-table-id=03 plan-id=04 cohort-id=02
|  |  |  |  build expressions: tpcds_partitioned_parquet_snap.date_dim_4.d_date_sk
|  |  |  |  mem-estimate=23.25MB mem-reservation=23.25MB spill-buffer=64.00KB thread-reservation=0 cost=373
|  |  |  |
|  |  |  77:EXCHANGE [BROADCAST]
|  |  |  |  mem-estimate=16.00KB mem-reservation=0B thread-reservation=0
|  |  |  |  tuple-ids=49 row-size=8B cardinality=373 cost=490
|  |  |  |  in pipelines: 44(GETNEXT)
|  |  |  |
|  |  |  F28:PLAN FRAGMENT [RANDOM] hosts=1 instances=1
|  |  |  Per-Instance Resources: mem-estimate=16.05MB mem-reservation=512.00KB thread-reservation=1
|  |  |  max-parallelism=1 segment-costs=[10483]
|  |  |  44:SCAN HDFS [tpcds_partitioned_parquet_snap.date_dim, RANDOM]
|  |  |     HDFS partitions=1/1 files=1 size=2.17MB
|  |  |     predicates: tpcds_partitioned_parquet_snap.date_dim_4.d_year = subtract(CAST(2001 AS INT), CAST(1 AS INT))
|  |  |     stored statistics:
|  |  |       table: rows=73.05K size=2.17MB
|  |  |       columns: all
|  |  |     extrapolated-rows=disabled max-scan-range-rows=73.05K
|  |  |     parquet statistics predicates: tpcds_partitioned_parquet_snap.date_dim_4.d_year = subtract(CAST(2001 AS INT), CAST(1 AS INT))
|  |  |     parquet dictionary predicates: tpcds_partitioned_parquet_snap.date_dim_4.d_year = subtract(CAST(2001 AS INT), CAST(1 AS INT))
|  |  |     mem-estimate=16.00MB mem-reservation=512.00KB thread-reservation=0
|  |  |     tuple-ids=49 row-size=8B cardinality=373 cost=10467
|  |  |     in pipelines: 44(GETNEXT)
|  |  |
|  |  43:SCAN HDFS [tpcds_partitioned_parquet_snap.web_sales, RANDOM]
|  |     HDFS partitions=1824/1824 files=1824 size=145.75GB
|  |     runtime filters: RF029[min_max] -> tpcds_partitioned_parquet_snap.web_sales_0.ws_item_sk, RF028[bloom] -> tpcds_partitioned_parquet_snap.web_sales_0.ws_item_sk
|  |     stored statistics:
|  |       table: rows=2.16G size=145.75GB
|  |       partitions: 1824/1824 rows=2.16G
|  |       columns: all
|  |     extrapolated-rows=disabled max-scan-range-rows=3.37M
|  |     mem-estimate=16.00MB mem-reservation=128.00KB thread-reservation=0
|  |     tuple-ids=47 row-size=24B cardinality=215.38M(filtered from 2.16G) cost=746484929
|  |     in pipelines: 43(GETNEXT)
|  |
|  76:AGGREGATE [FINALIZE]
|  |  group by: I_BRAND_ID, I_CLASS_ID, I_CATEGORY_ID, I_MANUFACT_ID, SALES_CNT, SALES_AMT
|  |  mem-estimate=128.00MB mem-reservation=34.00MB spill-buffer=2.00MB thread-reservation=0
|  |  tuple-ids=46 row-size=28B cardinality=263.93M cost=1557884539
|  |  in pipelines: 76(GETNEXT), 28(OPEN), 35(OPEN)
|  |
|  75:EXCHANGE [HASH(I_BRAND_ID,I_CLASS_ID,I_CATEGORY_ID,I_MANUFACT_ID,SALES_CNT,SALES_AMT)]
|  |  mem-estimate=13.75MB mem-reservation=0B thread-reservation=0
|  |  tuple-ids=46 row-size=28B cardinality=263.93M cost=63317267
|  |  in pipelines: 28(GETNEXT), 35(GETNEXT)
|  |
|  F25:PLAN FRAGMENT [RANDOM] hosts=10 instances=120
|  Per-Host Shared Resources: mem-estimate=4.00MB mem-reservation=4.00MB thread-reservation=0 runtime-filters-memory=4.00MB
|  Per-Instance Resources: mem-estimate=159.00MB mem-reservation=42.00MB thread-reservation=1
|  max-parallelism=120 segment-costs=[4504336785, 611899758] cpu-comparison-result=120 [max(120 (self) vs 120 (sum children))]
|  42:AGGREGATE [STREAMING]
|  |  group by: I_BRAND_ID, I_CLASS_ID, I_CATEGORY_ID, I_MANUFACT_ID, SALES_CNT, SALES_AMT
|  |  mem-estimate=128.00MB mem-reservation=34.00MB spill-buffer=2.00MB thread-reservation=0
|  |  tuple-ids=46 row-size=28B cardinality=263.93M cost=1557884539
|  |  in pipelines: 28(GETNEXT), 35(GETNEXT)
|  |
|  27:UNION
|  |  mem-estimate=0B mem-reservation=0B thread-reservation=0
|  |  tuple-ids=45 row-size=28B cardinality=263.93M cost=30209647
|  |  in pipelines: 28(GETNEXT), 35(GETNEXT)
|  |
|  |--41:HASH JOIN [INNER JOIN, BROADCAST]
|  |  |  hash-table-id=07
|  |  |  hash predicates: tpcds_partitioned_parquet_snap.store_sales_0.ss_item_sk = tpcds_partitioned_parquet_snap.item_3.i_item_sk
|  |  |  fk/pk conjuncts: tpcds_partitioned_parquet_snap.store_sales_0.ss_item_sk = tpcds_partitioned_parquet_snap.item_3.i_item_sk
|  |  |  mem-estimate=0B mem-reservation=0B spill-buffer=256.00KB thread-reservation=0
|  |  |  tuple-ids=37,39,41N,43 row-size=90B cardinality=176.18M cost=252903977
|  |  |  in pipelines: 35(GETNEXT), 40(OPEN)
|  |  |
|  |  |--F42:PLAN FRAGMENT [RANDOM] hosts=10 instances=10
|  |  |  |  Per-Instance Resources: mem-estimate=59.46MB mem-reservation=58.00MB thread-reservation=1 runtime-filters-memory=1.00MB
|  |  |  |  max-parallelism=10 segment-costs=[83645]
|  |  |  JOIN BUILD
|  |  |  |  join-table-id=07 plan-id=08 cohort-id=02
|  |  |  |  build expressions: tpcds_partitioned_parquet_snap.item_3.i_item_sk
|  |  |  |  runtime filters: RF024[bloom] <- tpcds_partitioned_parquet_snap.item_3.i_item_sk, RF025[min_max] <- tpcds_partitioned_parquet_snap.item_3.i_item_sk
|  |  |  |  mem-estimate=57.00MB mem-reservation=57.00MB spill-buffer=256.00KB thread-reservation=0 cost=35915
|  |  |  |
|  |  |  74:EXCHANGE [BROADCAST]
|  |  |  |  mem-estimate=1.46MB mem-reservation=0B thread-reservation=0
|  |  |  |  tuple-ids=43 row-size=38B cardinality=35.91K cost=47730
|  |  |  |  in pipelines: 40(GETNEXT)
|  |  |  |
|  |  |  F24:PLAN FRAGMENT [RANDOM] hosts=4 instances=4
|  |  |  Per-Instance Resources: mem-estimate=16.16MB mem-reservation=512.00KB thread-reservation=1
|  |  |  max-parallelism=4 segment-costs=[148858]
|  |  |  40:SCAN HDFS [tpcds_partitioned_parquet_snap.item, RANDOM]
|  |  |     HDFS partitions=1/1 files=1 size=33.54MB
|  |  |     predicates: tpcds_partitioned_parquet_snap.item_3.i_category = 'Sports'
|  |  |     stored statistics:
|  |  |       table: rows=360.00K size=33.54MB
|  |  |       columns: all
|  |  |     extrapolated-rows=disabled max-scan-range-rows=101.54K
|  |  |     parquet statistics predicates: tpcds_partitioned_parquet_snap.item_3.i_category = 'Sports'
|  |  |     parquet dictionary predicates: tpcds_partitioned_parquet_snap.item_3.i_category = 'Sports'
|  |  |     mem-estimate=16.00MB mem-reservation=512.00KB thread-reservation=0
|  |  |     tuple-ids=43 row-size=38B cardinality=35.91K cost=144407
|  |  |     in pipelines: 40(GETNEXT)
|  |  |
|  |  39:HASH JOIN [LEFT OUTER JOIN, BROADCAST]
|  |  |  hash-table-id=08
|  |  |  hash predicates: tpcds_partitioned_parquet_snap.store_sales_0.ss_item_sk = tpcds_partitioned_parquet_snap.store_returns_0.sr_item_sk, tpcds_partitioned_parquet_snap.store_sales_0.ss_ticket_number = tpcds_partitioned_parquet_snap.store_returns_0.sr_ticket_number
|  |  |  fk/pk conjuncts: tpcds_partitioned_parquet_snap.store_sales_0.ss_item_sk = tpcds_partitioned_parquet_snap.store_returns_0.sr_item_sk, tpcds_partitioned_parquet_snap.store_sales_0.ss_ticket_number = tpcds_partitioned_parquet_snap.store_returns_0.sr_ticket_number
|  |  |  mem-estimate=0B mem-reservation=0B spill-buffer=2.00MB thread-reservation=0
|  |  |  tuple-ids=37,39,41N row-size=52B cardinality=861.52M(filtered from 1.77G) cost=541129979
|  |  |  in pipelines: 35(GETNEXT), 38(OPEN)
|  |  |
|  |  |--F43:PLAN FRAGMENT [RANDOM] hosts=10 instances=10
|  |  |  |  Per-Instance Resources: mem-estimate=3.12GB mem-reservation=408.00MB thread-reservation=1
|  |  |  |  max-parallelism=10 segment-costs=[201222943]
|  |  |  JOIN BUILD
|  |  |  |  join-table-id=08 plan-id=09 cohort-id=02
|  |  |  |  build expressions: tpcds_partitioned_parquet_snap.store_returns_0.sr_item_sk, tpcds_partitioned_parquet_snap.store_returns_0.sr_ticket_number
|  |  |  |  mem-estimate=3.11GB mem-reservation=408.00MB spill-buffer=2.00MB thread-reservation=0 cost=86398863
|  |  |  |
|  |  |  73:EXCHANGE [BROADCAST]
|  |  |  |  mem-estimate=10.70MB mem-reservation=0B thread-reservation=0
|  |  |  |  tuple-ids=41 row-size=20B cardinality=86.40M cost=114824080
|  |  |  |  in pipelines: 38(GETNEXT)
|  |  |  |
|  |  |  F23:PLAN FRAGMENT [RANDOM] hosts=10 instances=30 (adjusted from 120)
|  |  |  Per-Host Shared Resources: mem-estimate=1.00MB mem-reservation=1.00MB thread-reservation=0 runtime-filters-memory=1.00MB
|  |  |  Per-Instance Resources: mem-estimate=16.09MB mem-reservation=512.00KB thread-reservation=1
|  |  |  max-parallelism=30 segment-costs=[279638560]
|  |  |  38:SCAN HDFS [tpcds_partitioned_parquet_snap.store_returns, RANDOM]
|  |  |     HDFS partitions=2004/2004 files=2004 size=48.14GB
|  |  |     predicates: is_not_null_pred(tpcds_partitioned_parquet_snap.store_returns_0.sr_item_sk)
|  |  |     runtime filters: RF025[min_max] -> tpcds_partitioned_parquet_snap.store_returns_0.sr_item_sk, RF024[bloom] -> tpcds_partitioned_parquet_snap.store_returns_0.sr_item_sk
|  |  |     stored statistics:
|  |  |       table: rows=863.99M size=48.14GB
|  |  |       partitions: 2004/2004 rows=863.99M
|  |  |       columns: all
|  |  |     extrapolated-rows=disabled max-scan-range-rows=30.09M
|  |  |     parquet dictionary predicates: is_not_null_pred(tpcds_partitioned_parquet_snap.store_returns_0.sr_item_sk)
|  |  |     mem-estimate=16.00MB mem-reservation=512.00KB thread-reservation=0
|  |  |     tuple-ids=41 row-size=20B cardinality=86.40M cost=273106806
|  |  |     in pipelines: 38(GETNEXT)
|  |  |
|  |  37:HASH JOIN [INNER JOIN, BROADCAST]
|  |  |  hash-table-id=09
|  |  |  hash predicates: tpcds_partitioned_parquet_snap.store_sales_0.ss_sold_date_sk = tpcds_partitioned_parquet_snap.date_dim_3.d_date_sk
|  |  |  fk/pk conjuncts: tpcds_partitioned_parquet_snap.store_sales_0.ss_sold_date_sk = tpcds_partitioned_parquet_snap.date_dim_3.d_date_sk
|  |  |  mem-estimate=0B mem-reservation=0B spill-buffer=64.00KB thread-reservation=0
|  |  |  tuple-ids=37,39 row-size=32B cardinality=861.52M(filtered from 1.77G) cost=541129979
|  |  |  in pipelines: 35(GETNEXT), 36(OPEN)
|  |  |
|  |  |--F44:PLAN FRAGMENT [RANDOM] hosts=10 instances=10
|  |  |  |  Per-Instance Resources: mem-estimate=24.27MB mem-reservation=24.25MB thread-reservation=1 runtime-filters-memory=1.00MB
|  |  |  |  max-parallelism=10 segment-costs=[863]
|  |  |  JOIN BUILD
|  |  |  |  join-table-id=09 plan-id=10 cohort-id=02
|  |  |  |  build expressions: tpcds_partitioned_parquet_snap.date_dim_3.d_date_sk
|  |  |  |  runtime filters: RF026[bloom] <- tpcds_partitioned_parquet_snap.date_dim_3.d_date_sk
|  |  |  |  mem-estimate=23.25MB mem-reservation=23.25MB spill-buffer=64.00KB thread-reservation=0 cost=373
|  |  |  |
|  |  |  72:EXCHANGE [BROADCAST]
|  |  |  |  mem-estimate=16.00KB mem-reservation=0B thread-reservation=0
|  |  |  |  tuple-ids=39 row-size=8B cardinality=373 cost=490
|  |  |  |  in pipelines: 36(GETNEXT)
|  |  |  |
|  |  |  F22:PLAN FRAGMENT [RANDOM] hosts=1 instances=1
|  |  |  Per-Instance Resources: mem-estimate=16.05MB mem-reservation=512.00KB thread-reservation=1
|  |  |  max-parallelism=1 segment-costs=[10483]
|  |  |  36:SCAN HDFS [tpcds_partitioned_parquet_snap.date_dim, RANDOM]
|  |  |     HDFS partitions=1/1 files=1 size=2.17MB
|  |  |     predicates: tpcds_partitioned_parquet_snap.date_dim_3.d_year = subtract(CAST(2001 AS INT), CAST(1 AS INT))
|  |  |     stored statistics:
|  |  |       table: rows=73.05K size=2.17MB
|  |  |       columns: all
|  |  |     extrapolated-rows=disabled max-scan-range-rows=73.05K
|  |  |     parquet statistics predicates: tpcds_partitioned_parquet_snap.date_dim_3.d_year = subtract(CAST(2001 AS INT), CAST(1 AS INT))
|  |  |     parquet dictionary predicates: tpcds_partitioned_parquet_snap.date_dim_3.d_year = subtract(CAST(2001 AS INT), CAST(1 AS INT))
|  |  |     mem-estimate=16.00MB mem-reservation=512.00KB thread-reservation=0
|  |  |     tuple-ids=39 row-size=8B cardinality=373 cost=10467
|  |  |     in pipelines: 36(GETNEXT)
|  |  |
|  |  35:SCAN HDFS [tpcds_partitioned_parquet_snap.store_sales, RANDOM]
|  |     HDFS partitions=1824/1824 files=1824 size=389.90GB
|  |     runtime filters: RF025[min_max] -> tpcds_partitioned_parquet_snap.store_sales_0.ss_item_sk, RF024[bloom] -> tpcds_partitioned_parquet_snap.store_sales_0.ss_item_sk, RF026[bloom] -> tpcds_partitioned_parquet_snap.store_sales_0.ss_sold_date_sk
|  |     stored statistics:
|  |       table: rows=8.64G size=389.90GB
|  |       partitions: 1824/1824 rows=8.64G
|  |       columns: all
|  |     extrapolated-rows=disabled max-scan-range-rows=390.22M est-scan-range=374(filtered from 1824)
|  |     mem-estimate=16.00MB mem-reservation=8.00MB thread-reservation=0
|  |     tuple-ids=37 row-size=24B cardinality=861.52M(filtered from 8.64G) cost=610616051
|  |     in pipelines: 35(GETNEXT)
|  |
|  34:HASH JOIN [INNER JOIN, BROADCAST]
|  |  hash-table-id=04
|  |  hash predicates: tpcds_partitioned_parquet_snap.catalog_sales_0.cs_item_sk = tpcds_partitioned_parquet_snap.item_2.i_item_sk
|  |  fk/pk conjuncts: tpcds_partitioned_parquet_snap.catalog_sales_0.cs_item_sk = tpcds_partitioned_parquet_snap.item_2.i_item_sk
|  |  mem-estimate=0B mem-reservation=0B spill-buffer=256.00KB thread-reservation=0
|  |  tuple-ids=29,31,33N,35 row-size=90B cardinality=87.75M cost=126394195
|  |  in pipelines: 28(GETNEXT), 33(OPEN)
|  |
|  |--F39:PLAN FRAGMENT [RANDOM] hosts=10 instances=10
|  |  |  Per-Instance Resources: mem-estimate=59.46MB mem-reservation=58.00MB thread-reservation=1 runtime-filters-memory=1.00MB
|  |  |  max-parallelism=10 segment-costs=[83645]
|  |  JOIN BUILD
|  |  |  join-table-id=04 plan-id=05 cohort-id=02
|  |  |  build expressions: tpcds_partitioned_parquet_snap.item_2.i_item_sk
|  |  |  runtime filters: RF020[bloom] <- tpcds_partitioned_parquet_snap.item_2.i_item_sk, RF021[min_max] <- tpcds_partitioned_parquet_snap.item_2.i_item_sk
|  |  |  mem-estimate=57.00MB mem-reservation=57.00MB spill-buffer=256.00KB thread-reservation=0 cost=35915
|  |  |
|  |  71:EXCHANGE [BROADCAST]
|  |  |  mem-estimate=1.46MB mem-reservation=0B thread-reservation=0
|  |  |  tuple-ids=35 row-size=38B cardinality=35.91K cost=47730
|  |  |  in pipelines: 33(GETNEXT)
|  |  |
|  |  F20:PLAN FRAGMENT [RANDOM] hosts=4 instances=4
|  |  Per-Instance Resources: mem-estimate=16.16MB mem-reservation=512.00KB thread-reservation=1
|  |  max-parallelism=4 segment-costs=[148858]
|  |  33:SCAN HDFS [tpcds_partitioned_parquet_snap.item, RANDOM]
|  |     HDFS partitions=1/1 files=1 size=33.54MB
|  |     predicates: tpcds_partitioned_parquet_snap.item_2.i_category = 'Sports'
|  |     stored statistics:
|  |       table: rows=360.00K size=33.54MB
|  |       columns: all
|  |     extrapolated-rows=disabled max-scan-range-rows=101.54K
|  |     parquet statistics predicates: tpcds_partitioned_parquet_snap.item_2.i_category = 'Sports'
|  |     parquet dictionary predicates: tpcds_partitioned_parquet_snap.item_2.i_category = 'Sports'
|  |     mem-estimate=16.00MB mem-reservation=512.00KB thread-reservation=0
|  |     tuple-ids=35 row-size=38B cardinality=35.91K cost=144407
|  |     in pipelines: 33(GETNEXT)
|  |
|  32:HASH JOIN [LEFT OUTER JOIN, BROADCAST]
|  |  hash-table-id=05
|  |  hash predicates: tpcds_partitioned_parquet_snap.catalog_sales_0.cs_item_sk = tpcds_partitioned_parquet_snap.catalog_returns_0.cr_item_sk, tpcds_partitioned_parquet_snap.catalog_sales_0.cs_order_number = tpcds_partitioned_parquet_snap.catalog_returns_0.cr_order_number
|  |  fk/pk conjuncts: tpcds_partitioned_parquet_snap.catalog_sales_0.cs_item_sk = tpcds_partitioned_parquet_snap.catalog_returns_0.cr_item_sk, tpcds_partitioned_parquet_snap.catalog_sales_0.cs_order_number = tpcds_partitioned_parquet_snap.catalog_returns_0.cr_order_number
|  |  mem-estimate=0B mem-reservation=0B spill-buffer=2.00MB thread-reservation=0
|  |  tuple-ids=29,31,33N row-size=52B cardinality=430.77M(filtered from 880.06M) cost=269959914
|  |  in pipelines: 28(GETNEXT), 31(OPEN)
|  |
|  |--F40:PLAN FRAGMENT [RANDOM] hosts=10 instances=10
|  |  |  Per-Instance Resources: mem-estimate=1.56GB mem-reservation=408.00MB thread-reservation=1
|  |  |  max-parallelism=10 segment-costs=[100616749]
|  |  JOIN BUILD
|  |  |  join-table-id=05 plan-id=06 cohort-id=02
|  |  |  build expressions: tpcds_partitioned_parquet_snap.catalog_returns_0.cr_item_sk, tpcds_partitioned_parquet_snap.catalog_returns_0.cr_order_number
|  |  |  mem-estimate=1.55GB mem-reservation=408.00MB spill-buffer=2.00MB thread-reservation=0 cost=43201699
|  |  |
|  |  70:EXCHANGE [BROADCAST]
|  |  |  mem-estimate=10.47MB mem-reservation=0B thread-reservation=0
|  |  |  tuple-ids=33 row-size=20B cardinality=43.20M cost=57415050
|  |  |  in pipelines: 31(GETNEXT)
|  |  |
|  |  F19:PLAN FRAGMENT [RANDOM] hosts=10 instances=20 (adjusted from 120)
|  |  Per-Host Shared Resources: mem-estimate=1.00MB mem-reservation=1.00MB thread-reservation=0 runtime-filters-memory=1.00MB
|  |  Per-Instance Resources: mem-estimate=16.09MB mem-reservation=32.00KB thread-reservation=1
|  |  max-parallelism=20 segment-costs=[139826618]
|  |  31:SCAN HDFS [tpcds_partitioned_parquet_snap.catalog_returns, RANDOM]
|  |     HDFS partitions=2060/2060 files=2060 size=32.77GB
|  |     predicates: is_not_null_pred(tpcds_partitioned_parquet_snap.catalog_returns_0.cr_item_sk)
|  |     runtime filters: RF021[min_max] -> tpcds_partitioned_parquet_snap.catalog_returns_0.cr_item_sk, RF020[bloom] -> tpcds_partitioned_parquet_snap.catalog_returns_0.cr_item_sk
|  |     stored statistics:
|  |       table: rows=432.02M size=32.77GB
|  |       partitions: 2060/2060 rows=432.02M
|  |       columns: all
|  |     extrapolated-rows=disabled max-scan-range-rows=416.82K
|  |     parquet dictionary predicates: is_not_null_pred(tpcds_partitioned_parquet_snap.catalog_returns_0.cr_item_sk)
|  |     mem-estimate=16.00MB mem-reservation=32.00KB thread-reservation=0
|  |     tuple-ids=33 row-size=20B cardinality=43.20M cost=136560570
|  |     in pipelines: 31(GETNEXT)
|  |
|  30:HASH JOIN [INNER JOIN, BROADCAST]
|  |  hash-table-id=06
|  |  hash predicates: tpcds_partitioned_parquet_snap.catalog_sales_0.cs_sold_date_sk = tpcds_partitioned_parquet_snap.date_dim_2.d_date_sk
|  |  fk/pk conjuncts: tpcds_partitioned_parquet_snap.catalog_sales_0.cs_sold_date_sk = tpcds_partitioned_parquet_snap.date_dim_2.d_date_sk
|  |  mem-estimate=0B mem-reservation=0B spill-buffer=64.00KB thread-reservation=0
|  |  tuple-ids=29,31 row-size=32B cardinality=430.77M(filtered from 880.06M) cost=269959914
|  |  in pipelines: 28(GETNEXT), 29(OPEN)
|  |
|  |--F41:PLAN FRAGMENT [RANDOM] hosts=10 instances=10
|  |  |  Per-Instance Resources: mem-estimate=24.27MB mem-reservation=24.25MB thread-reservation=1 runtime-filters-memory=1.00MB
|  |  |  max-parallelism=10 segment-costs=[863]
|  |  JOIN BUILD
|  |  |  join-table-id=06 plan-id=07 cohort-id=02
|  |  |  build expressions: tpcds_partitioned_parquet_snap.date_dim_2.d_date_sk
|  |  |  runtime filters: RF022[bloom] <- tpcds_partitioned_parquet_snap.date_dim_2.d_date_sk
|  |  |  mem-estimate=23.25MB mem-reservation=23.25MB spill-buffer=64.00KB thread-reservation=0 cost=373
|  |  |
|  |  69:EXCHANGE [BROADCAST]
|  |  |  mem-estimate=16.00KB mem-reservation=0B thread-reservation=0
|  |  |  tuple-ids=31 row-size=8B cardinality=373 cost=490
|  |  |  in pipelines: 29(GETNEXT)
|  |  |
|  |  F18:PLAN FRAGMENT [RANDOM] hosts=1 instances=1
|  |  Per-Instance Resources: mem-estimate=16.05MB mem-reservation=512.00KB thread-reservation=1
|  |  max-parallelism=1 segment-costs=[10483]
|  |  29:SCAN HDFS [tpcds_partitioned_parquet_snap.date_dim, RANDOM]
|  |     HDFS partitions=1/1 files=1 size=2.17MB
|  |     predicates: tpcds_partitioned_parquet_snap.date_dim_2.d_year = subtract(CAST(2001 AS INT), CAST(1 AS INT))
|  |     stored statistics:
|  |       table: rows=73.05K size=2.17MB
|  |       columns: all
|  |     extrapolated-rows=disabled max-scan-range-rows=73.05K
|  |     parquet statistics predicates: tpcds_partitioned_parquet_snap.date_dim_2.d_year = subtract(CAST(2001 AS INT), CAST(1 AS INT))
|  |     parquet dictionary predicates: tpcds_partitioned_parquet_snap.date_dim_2.d_year = subtract(CAST(2001 AS INT), CAST(1 AS INT))
|  |     mem-estimate=16.00MB mem-reservation=512.00KB thread-reservation=0
|  |     tuple-ids=31 row-size=8B cardinality=373 cost=10467
|  |     in pipelines: 29(GETNEXT)
|  |
|  28:SCAN HDFS [tpcds_partitioned_parquet_snap.catalog_sales, RANDOM]
|     HDFS partitions=1831/1831 files=1831 size=280.96GB
|     runtime filters: RF021[min_max] -> tpcds_partitioned_parquet_snap.catalog_sales_0.cs_item_sk, RF020[bloom] -> tpcds_partitioned_parquet_snap.catalog_sales_0.cs_item_sk, RF022[bloom] -> tpcds_partitioned_parquet_snap.catalog_sales_0.cs_sold_date_sk
|     stored statistics:
|       table: rows=4.32G size=280.96GB
|       partitions: 1831/1831 rows=4.32G
|       columns: all
|     extrapolated-rows=disabled max-scan-range-rows=21.52M est-scan-range=374(filtered from 1831)
|     mem-estimate=16.00MB mem-reservation=1.00MB thread-reservation=0
|     tuple-ids=29 row-size=24B cardinality=430.77M(filtered from 4.32G) cost=304148590
|     in pipelines: 28(GETNEXT)
|
68:AGGREGATE [FINALIZE]
|  output: sum:merge(SALES_CNT), sum:merge(SALES_AMT)
|  group by: I_BRAND_ID, I_CLASS_ID, I_CATEGORY_ID, I_MANUFACT_ID
|  mem-estimate=128.00MB mem-reservation=34.00MB spill-buffer=2.00MB thread-reservation=0
|  tuple-ids=28 row-size=40B cardinality=307.98M cost=1839417475
|  in pipelines: 68(GETNEXT), 66(OPEN)
|
67:EXCHANGE [HASH(I_BRAND_ID,I_CLASS_ID,I_CATEGORY_ID,I_MANUFACT_ID)]
|  mem-estimate=15.16MB mem-reservation=0B thread-reservation=0
|  tuple-ids=28 row-size=40B cardinality=307.98M cost=90883718
|  in pipelines: 66(GETNEXT)
|
F15:PLAN FRAGMENT [HASH(I_BRAND_ID,I_CLASS_ID,I_CATEGORY_ID,I_MANUFACT_ID,SALES_CNT,SALES_AMT)] hosts=10 instances=120
Per-Instance Resources: mem-estimate=276.62MB mem-reservation=68.00MB thread-reservation=1
max-parallelism=190 segment-costs=[1891742598, 1839417475, 952015420] cpu-comparison-result=165 [max(120 (self) vs 165 (sum children))]
25:AGGREGATE [STREAMING]
|  output: sum(SALES_CNT), sum(SALES_AMT)
|  group by: I_BRAND_ID, I_CLASS_ID, I_CATEGORY_ID, I_MANUFACT_ID
|  mem-estimate=128.00MB mem-reservation=34.00MB spill-buffer=2.00MB thread-reservation=0
|  tuple-ids=28 row-size=40B cardinality=307.98M cost=1839417475
|  in pipelines: 66(GETNEXT)
|
66:AGGREGATE [FINALIZE]
|  group by: I_BRAND_ID, I_CLASS_ID, I_CATEGORY_ID, I_MANUFACT_ID, SALES_CNT, SALES_AMT
|  mem-estimate=128.00MB mem-reservation=34.00MB spill-buffer=2.00MB thread-reservation=0
|  tuple-ids=27 row-size=28B cardinality=307.98M cost=1817859155
|  in pipelines: 66(GETNEXT), 61(OPEN), 17(OPEN)
|
65:EXCHANGE [HASH(I_BRAND_ID,I_CLASS_ID,I_CATEGORY_ID,I_MANUFACT_ID,SALES_CNT,SALES_AMT)]
|  mem-estimate=13.75MB mem-reservation=0B thread-reservation=0
|  tuple-ids=27 row-size=28B cardinality=307.98M cost=73883443
|  in pipelines: 61(GETNEXT), 17(GETNEXT)
|
F14:PLAN FRAGMENT [RANDOM] hosts=10 instances=120
Per-Host Shared Resources: mem-estimate=1.00MB mem-reservation=1.00MB thread-reservation=0 runtime-filters-memory=1.00MB
Per-Instance Resources: mem-estimate=284.75MB mem-reservation=68.00MB thread-reservation=1
max-parallelism=120 segment-costs=[1621201806, 2903173906, 714011565] cpu-comparison-result=165 [max(120 (self) vs 165 (sum children))]
24:AGGREGATE [STREAMING]
|  group by: I_BRAND_ID, I_CLASS_ID, I_CATEGORY_ID, I_MANUFACT_ID, SALES_CNT, SALES_AMT
|  mem-estimate=128.00MB mem-reservation=34.00MB spill-buffer=2.00MB thread-reservation=0
|  tuple-ids=27 row-size=28B cardinality=307.98M cost=1817859155
|  in pipelines: 61(GETNEXT), 17(GETNEXT)
|
00:UNION
|  pass-through-operands: 61
|  mem-estimate=0B mem-reservation=0B thread-reservation=0
|  tuple-ids=26 row-size=28B cardinality=307.98M cost=5041285
|  in pipelines: 61(GETNEXT), 17(GETNEXT)
|
|--23:HASH JOIN [INNER JOIN, BROADCAST]
|  |  hash-table-id=10
|  |  hash predicates: tpcds_partitioned_parquet_snap.web_sales.ws_item_sk = tpcds_partitioned_parquet_snap.item_1.i_item_sk
|  |  fk/pk conjuncts: tpcds_partitioned_parquet_snap.web_sales.ws_item_sk = tpcds_partitioned_parquet_snap.item_1.i_item_sk
|  |  mem-estimate=0B mem-reservation=0B spill-buffer=256.00KB thread-reservation=0
|  |  tuple-ids=18,20,22N,24 row-size=90B cardinality=44.04M cost=63225531
|  |  in pipelines: 17(GETNEXT), 22(OPEN)
|  |
|  |--F45:PLAN FRAGMENT [RANDOM] hosts=10 instances=10
|  |  |  Per-Instance Resources: mem-estimate=59.46MB mem-reservation=58.00MB thread-reservation=1 runtime-filters-memory=1.00MB
|  |  |  max-parallelism=10 segment-costs=[83645]
|  |  JOIN BUILD
|  |  |  join-table-id=10 plan-id=11 cohort-id=01
|  |  |  build expressions: tpcds_partitioned_parquet_snap.item_1.i_item_sk
|  |  |  runtime filters: RF016[bloom] <- tpcds_partitioned_parquet_snap.item_1.i_item_sk, RF017[min_max] <- tpcds_partitioned_parquet_snap.item_1.i_item_sk
|  |  |  mem-estimate=57.00MB mem-reservation=57.00MB spill-buffer=256.00KB thread-reservation=0 cost=35915
|  |  |
|  |  64:EXCHANGE [BROADCAST]
|  |  |  mem-estimate=1.46MB mem-reservation=0B thread-reservation=0
|  |  |  tuple-ids=24 row-size=38B cardinality=35.91K cost=47730
|  |  |  in pipelines: 22(GETNEXT)
|  |  |
|  |  F13:PLAN FRAGMENT [RANDOM] hosts=4 instances=4
|  |  Per-Instance Resources: mem-estimate=16.16MB mem-reservation=512.00KB thread-reservation=1
|  |  max-parallelism=4 segment-costs=[148858]
|  |  22:SCAN HDFS [tpcds_partitioned_parquet_snap.item, RANDOM]
|  |     HDFS partitions=1/1 files=1 size=33.54MB
|  |     predicates: tpcds_partitioned_parquet_snap.item_1.i_category = 'Sports'
|  |     runtime filters: RF004[min_max] -> tpcds_partitioned_parquet_snap.item_1.i_brand_id, RF005[min_max] -> tpcds_partitioned_parquet_snap.item_1.i_category_id, RF006[min_max] -> tpcds_partitioned_parquet_snap.item_1.i_class_id, RF007[min_max] -> tpcds_partitioned_parquet_snap.item_1.i_manufact_id
|  |     stored statistics:
|  |       table: rows=360.00K size=33.54MB
|  |       columns: all
|  |     extrapolated-rows=disabled max-scan-range-rows=101.54K
|  |     parquet statistics predicates: tpcds_partitioned_parquet_snap.item_1.i_category = 'Sports'
|  |     parquet dictionary predicates: tpcds_partitioned_parquet_snap.item_1.i_category = 'Sports'
|  |     mem-estimate=16.00MB mem-reservation=512.00KB thread-reservation=0
|  |     tuple-ids=24 row-size=38B cardinality=35.91K cost=144407
|  |     in pipelines: 22(GETNEXT)
|  |
|  21:HASH JOIN [LEFT OUTER JOIN, BROADCAST]
|  |  hash-table-id=11
|  |  hash predicates: tpcds_partitioned_parquet_snap.web_sales.ws_item_sk = tpcds_partitioned_parquet_snap.web_returns.wr_item_sk, tpcds_partitioned_parquet_snap.web_sales.ws_order_number = tpcds_partitioned_parquet_snap.web_returns.wr_order_number
|  |  fk/pk conjuncts: tpcds_partitioned_parquet_snap.web_sales.ws_item_sk = tpcds_partitioned_parquet_snap.web_returns.wr_item_sk, tpcds_partitioned_parquet_snap.web_sales.ws_order_number = tpcds_partitioned_parquet_snap.web_returns.wr_order_number
|  |  mem-estimate=0B mem-reservation=0B spill-buffer=2.00MB thread-reservation=0
|  |  tuple-ids=18,20,22N row-size=52B cardinality=215.38M(filtered from 441.70M) cost=135281503
|  |  in pipelines: 17(GETNEXT), 20(OPEN)
|  |
|  |--F46:PLAN FRAGMENT [RANDOM] hosts=10 instances=10
|  |  |  Per-Instance Resources: mem-estimate=806.23MB mem-reservation=408.00MB thread-reservation=1
|  |  |  max-parallelism=10 segment-costs=[50307019]
|  |  JOIN BUILD
|  |  |  join-table-id=11 plan-id=12 cohort-id=01
|  |  |  build expressions: tpcds_partitioned_parquet_snap.web_returns.wr_item_sk, tpcds_partitioned_parquet_snap.web_returns.wr_order_number
|  |  |  mem-estimate=795.99MB mem-reservation=408.00MB spill-buffer=2.00MB thread-reservation=0 cost=21600269
|  |  |
|  |  63:EXCHANGE [BROADCAST]
|  |  |  mem-estimate=10.23MB mem-reservation=0B thread-reservation=0
|  |  |  tuple-ids=22 row-size=20B cardinality=21.60M cost=28706750
|  |  |  in pipelines: 20(GETNEXT)
|  |  |
|  |  F12:PLAN FRAGMENT [RANDOM] hosts=10 instances=10 (adjusted from 120)
|  |  Per-Host Shared Resources: mem-estimate=1.00MB mem-reservation=1.00MB thread-reservation=0 runtime-filters-memory=1.00MB
|  |  Per-Instance Resources: mem-estimate=16.09MB mem-reservation=256.00KB thread-reservation=1
|  |  max-parallelism=10 segment-costs=[69911429]
|  |  20:SCAN HDFS [tpcds_partitioned_parquet_snap.web_returns, RANDOM]
|  |     HDFS partitions=2114/2114 files=2114 size=16.74GB
|  |     predicates: is_not_null_pred(tpcds_partitioned_parquet_snap.web_returns.wr_item_sk)
|  |     runtime filters: RF017[min_max] -> tpcds_partitioned_parquet_snap.web_returns.wr_item_sk, RF016[bloom] -> tpcds_partitioned_parquet_snap.web_returns.wr_item_sk
|  |     stored statistics:
|  |       table: rows=216.00M size=16.74GB
|  |       partitions: 2114/2114 rows=216.00M
|  |       columns: all
|  |     extrapolated-rows=disabled max-scan-range-rows=9.41M
|  |     parquet dictionary predicates: is_not_null_pred(tpcds_partitioned_parquet_snap.web_returns.wr_item_sk)
|  |     mem-estimate=16.00MB mem-reservation=256.00KB thread-reservation=0
|  |     tuple-ids=22 row-size=20B cardinality=21.60M cost=68278449
|  |     in pipelines: 20(GETNEXT)
|  |
|  19:HASH JOIN [INNER JOIN, BROADCAST]
|  |  hash-table-id=12
|  |  hash predicates: tpcds_partitioned_parquet_snap.web_sales.ws_sold_date_sk = tpcds_partitioned_parquet_snap.date_dim_1.d_date_sk
|  |  fk/pk conjuncts: tpcds_partitioned_parquet_snap.web_sales.ws_sold_date_sk = tpcds_partitioned_parquet_snap.date_dim_1.d_date_sk
|  |  mem-estimate=0B mem-reservation=0B spill-buffer=64.00KB thread-reservation=0
|  |  tuple-ids=18,20 row-size=32B cardinality=215.38M(filtered from 441.70M) cost=135281503
|  |  in pipelines: 17(GETNEXT), 18(OPEN)
|  |
|  |--F47:PLAN FRAGMENT [RANDOM] hosts=10 instances=10
|  |  |  Per-Instance Resources: mem-estimate=23.27MB mem-reservation=23.25MB thread-reservation=1
|  |  |  max-parallelism=10 segment-costs=[863]
|  |  JOIN BUILD
|  |  |  join-table-id=12 plan-id=13 cohort-id=01
|  |  |  build expressions: tpcds_partitioned_parquet_snap.date_dim_1.d_date_sk
|  |  |  mem-estimate=23.25MB mem-reservation=23.25MB spill-buffer=64.00KB thread-reservation=0 cost=373
|  |  |
|  |  62:EXCHANGE [BROADCAST]
|  |  |  mem-estimate=16.00KB mem-reservation=0B thread-reservation=0
|  |  |  tuple-ids=20 row-size=8B cardinality=373 cost=490
|  |  |  in pipelines: 18(GETNEXT)
|  |  |
|  |  F11:PLAN FRAGMENT [RANDOM] hosts=1 instances=1
|  |  Per-Instance Resources: mem-estimate=16.05MB mem-reservation=512.00KB thread-reservation=1
|  |  max-parallelism=1 segment-costs=[10483]
|  |  18:SCAN HDFS [tpcds_partitioned_parquet_snap.date_dim, RANDOM]
|  |     HDFS partitions=1/1 files=1 size=2.17MB
|  |     predicates: tpcds_partitioned_parquet_snap.date_dim_1.d_year = CAST(2001 AS INT)
|  |     stored statistics:
|  |       table: rows=73.05K size=2.17MB
|  |       columns: all
|  |     extrapolated-rows=disabled max-scan-range-rows=73.05K
|  |     parquet statistics predicates: tpcds_partitioned_parquet_snap.date_dim_1.d_year = CAST(2001 AS INT)
|  |     parquet dictionary predicates: tpcds_partitioned_parquet_snap.date_dim_1.d_year = CAST(2001 AS INT)
|  |     mem-estimate=16.00MB mem-reservation=512.00KB thread-reservation=0
|  |     tuple-ids=20 row-size=8B cardinality=373 cost=10467
|  |     in pipelines: 18(GETNEXT)
|  |
|  17:SCAN HDFS [tpcds_partitioned_parquet_snap.web_sales, RANDOM]
|     HDFS partitions=1824/1824 files=1824 size=145.75GB
|     runtime filters: RF017[min_max] -> tpcds_partitioned_parquet_snap.web_sales.ws_item_sk, RF016[bloom] -> tpcds_partitioned_parquet_snap.web_sales.ws_item_sk
|     stored statistics:
|       table: rows=2.16G size=145.75GB
|       partitions: 1824/1824 rows=2.16G
|       columns: all
|     extrapolated-rows=disabled max-scan-range-rows=3.37M
|     mem-estimate=16.00MB mem-reservation=128.00KB thread-reservation=0
|     tuple-ids=18 row-size=24B cardinality=215.38M(filtered from 2.16G) cost=746484929
|     in pipelines: 17(GETNEXT)
|
61:AGGREGATE [FINALIZE]
|  group by: I_BRAND_ID, I_CLASS_ID, I_CATEGORY_ID, I_MANUFACT_ID, SALES_CNT, SALES_AMT
|  mem-estimate=128.00MB mem-reservation=34.00MB spill-buffer=2.00MB thread-reservation=0
|  tuple-ids=17 row-size=28B cardinality=263.93M cost=1557884539
|  in pipelines: 61(GETNEXT), 02(OPEN), 09(OPEN)
|
60:EXCHANGE [HASH(I_BRAND_ID,I_CLASS_ID,I_CATEGORY_ID,I_MANUFACT_ID,SALES_CNT,SALES_AMT)]
|  mem-estimate=13.75MB mem-reservation=0B thread-reservation=0
|  tuple-ids=17 row-size=28B cardinality=263.93M cost=63317267
|  in pipelines: 02(GETNEXT), 09(GETNEXT)
|
F08:PLAN FRAGMENT [RANDOM] hosts=10 instances=120
Per-Host Shared Resources: mem-estimate=4.00MB mem-reservation=4.00MB thread-reservation=0 runtime-filters-memory=4.00MB
Per-Instance Resources: mem-estimate=159.00MB mem-reservation=42.00MB thread-reservation=1
max-parallelism=120 segment-costs=[4504336785, 611899758] cpu-comparison-result=120 [max(120 (self) vs 120 (sum children))]
16:AGGREGATE [STREAMING]
|  group by: I_BRAND_ID, I_CLASS_ID, I_CATEGORY_ID, I_MANUFACT_ID, SALES_CNT, SALES_AMT
|  mem-estimate=128.00MB mem-reservation=34.00MB spill-buffer=2.00MB thread-reservation=0
|  tuple-ids=17 row-size=28B cardinality=263.93M cost=1557884539
|  in pipelines: 02(GETNEXT), 09(GETNEXT)
|
01:UNION
|  mem-estimate=0B mem-reservation=0B thread-reservation=0
|  tuple-ids=16 row-size=28B cardinality=263.93M cost=30209647
|  in pipelines: 02(GETNEXT), 09(GETNEXT)
|
|--15:HASH JOIN [INNER JOIN, BROADCAST]
|  |  hash-table-id=16
|  |  hash predicates: tpcds_partitioned_parquet_snap.store_sales.ss_item_sk = tpcds_partitioned_parquet_snap.item_0.i_item_sk
|  |  fk/pk conjuncts: tpcds_partitioned_parquet_snap.store_sales.ss_item_sk = tpcds_partitioned_parquet_snap.item_0.i_item_sk
|  |  mem-estimate=0B mem-reservation=0B spill-buffer=256.00KB thread-reservation=0
|  |  tuple-ids=8,10,12N,14 row-size=90B cardinality=176.18M cost=252903977
|  |  in pipelines: 09(GETNEXT), 14(OPEN)
|  |
|  |--F51:PLAN FRAGMENT [RANDOM] hosts=10 instances=10
|  |  |  Per-Instance Resources: mem-estimate=59.46MB mem-reservation=58.00MB thread-reservation=1 runtime-filters-memory=1.00MB
|  |  |  max-parallelism=10 segment-costs=[83645]
|  |  JOIN BUILD
|  |  |  join-table-id=16 plan-id=17 cohort-id=01
|  |  |  build expressions: tpcds_partitioned_parquet_snap.item_0.i_item_sk
|  |  |  runtime filters: RF012[bloom] <- tpcds_partitioned_parquet_snap.item_0.i_item_sk, RF013[min_max] <- tpcds_partitioned_parquet_snap.item_0.i_item_sk
|  |  |  mem-estimate=57.00MB mem-reservation=57.00MB spill-buffer=256.00KB thread-reservation=0 cost=35915
|  |  |
|  |  59:EXCHANGE [BROADCAST]
|  |  |  mem-estimate=1.46MB mem-reservation=0B thread-reservation=0
|  |  |  tuple-ids=14 row-size=38B cardinality=35.91K cost=47730
|  |  |  in pipelines: 14(GETNEXT)
|  |  |
|  |  F07:PLAN FRAGMENT [RANDOM] hosts=4 instances=4
|  |  Per-Instance Resources: mem-estimate=16.16MB mem-reservation=512.00KB thread-reservation=1
|  |  max-parallelism=4 segment-costs=[148858]
|  |  14:SCAN HDFS [tpcds_partitioned_parquet_snap.item, RANDOM]
|  |     HDFS partitions=1/1 files=1 size=33.54MB
|  |     predicates: tpcds_partitioned_parquet_snap.item_0.i_category = 'Sports'
|  |     runtime filters: RF004[min_max] -> tpcds_partitioned_parquet_snap.item_0.i_brand_id, RF005[min_max] -> tpcds_partitioned_parquet_snap.item_0.i_category_id, RF006[min_max] -> tpcds_partitioned_parquet_snap.item_0.i_class_id, RF007[min_max] -> tpcds_partitioned_parquet_snap.item_0.i_manufact_id
|  |     stored statistics:
|  |       table: rows=360.00K size=33.54MB
|  |       columns: all
|  |     extrapolated-rows=disabled max-scan-range-rows=101.54K
|  |     parquet statistics predicates: tpcds_partitioned_parquet_snap.item_0.i_category = 'Sports'
|  |     parquet dictionary predicates: tpcds_partitioned_parquet_snap.item_0.i_category = 'Sports'
|  |     mem-estimate=16.00MB mem-reservation=512.00KB thread-reservation=0
|  |     tuple-ids=14 row-size=38B cardinality=35.91K cost=144407
|  |     in pipelines: 14(GETNEXT)
|  |
|  13:HASH JOIN [LEFT OUTER JOIN, BROADCAST]
|  |  hash-table-id=17
|  |  hash predicates: tpcds_partitioned_parquet_snap.store_sales.ss_item_sk = tpcds_partitioned_parquet_snap.store_returns.sr_item_sk, tpcds_partitioned_parquet_snap.store_sales.ss_ticket_number = tpcds_partitioned_parquet_snap.store_returns.sr_ticket_number
|  |  fk/pk conjuncts: tpcds_partitioned_parquet_snap.store_sales.ss_item_sk = tpcds_partitioned_parquet_snap.store_returns.sr_item_sk, tpcds_partitioned_parquet_snap.store_sales.ss_ticket_number = tpcds_partitioned_parquet_snap.store_returns.sr_ticket_number
|  |  mem-estimate=0B mem-reservation=0B spill-buffer=2.00MB thread-reservation=0
|  |  tuple-ids=8,10,12N row-size=52B cardinality=861.52M(filtered from 1.77G) cost=541129979
|  |  in pipelines: 09(GETNEXT), 12(OPEN)
|  |
|  |--F52:PLAN FRAGMENT [RANDOM] hosts=10 instances=10
|  |  |  Per-Instance Resources: mem-estimate=3.12GB mem-reservation=408.00MB thread-reservation=1
|  |  |  max-parallelism=10 segment-costs=[201222943]
|  |  JOIN BUILD
|  |  |  join-table-id=17 plan-id=18 cohort-id=01
|  |  |  build expressions: tpcds_partitioned_parquet_snap.store_returns.sr_item_sk, tpcds_partitioned_parquet_snap.store_returns.sr_ticket_number
|  |  |  mem-estimate=3.11GB mem-reservation=408.00MB spill-buffer=2.00MB thread-reservation=0 cost=86398863
|  |  |
|  |  58:EXCHANGE [BROADCAST]
|  |  |  mem-estimate=10.70MB mem-reservation=0B thread-reservation=0
|  |  |  tuple-ids=12 row-size=20B cardinality=86.40M cost=114824080
|  |  |  in pipelines: 12(GETNEXT)
|  |  |
|  |  F06:PLAN FRAGMENT [RANDOM] hosts=10 instances=30 (adjusted from 120)
|  |  Per-Host Shared Resources: mem-estimate=1.00MB mem-reservation=1.00MB thread-reservation=0 runtime-filters-memory=1.00MB
|  |  Per-Instance Resources: mem-estimate=16.09MB mem-reservation=512.00KB thread-reservation=1
|  |  max-parallelism=30 segment-costs=[279638560]
|  |  12:SCAN HDFS [tpcds_partitioned_parquet_snap.store_returns, RANDOM]
|  |     HDFS partitions=2004/2004 files=2004 size=48.14GB
|  |     predicates: is_not_null_pred(tpcds_partitioned_parquet_snap.store_returns.sr_item_sk)
|  |     runtime filters: RF013[min_max] -> tpcds_partitioned_parquet_snap.store_returns.sr_item_sk, RF012[bloom] -> tpcds_partitioned_parquet_snap.store_returns.sr_item_sk
|  |     stored statistics:
|  |       table: rows=863.99M size=48.14GB
|  |       partitions: 2004/2004 rows=863.99M
|  |       columns: all
|  |     extrapolated-rows=disabled max-scan-range-rows=30.09M
|  |     parquet dictionary predicates: is_not_null_pred(tpcds_partitioned_parquet_snap.store_returns.sr_item_sk)
|  |     mem-estimate=16.00MB mem-reservation=512.00KB thread-reservation=0
|  |     tuple-ids=12 row-size=20B cardinality=86.40M cost=273106806
|  |     in pipelines: 12(GETNEXT)
|  |
|  11:HASH JOIN [INNER JOIN, BROADCAST]
|  |  hash-table-id=18
|  |  hash predicates: tpcds_partitioned_parquet_snap.store_sales.ss_sold_date_sk = tpcds_partitioned_parquet_snap.date_dim_0.d_date_sk
|  |  fk/pk conjuncts: tpcds_partitioned_parquet_snap.store_sales.ss_sold_date_sk = tpcds_partitioned_parquet_snap.date_dim_0.d_date_sk
|  |  mem-estimate=0B mem-reservation=0B spill-buffer=64.00KB thread-reservation=0
|  |  tuple-ids=8,10 row-size=32B cardinality=861.52M(filtered from 1.77G) cost=541129979
|  |  in pipelines: 09(GETNEXT), 10(OPEN)
|  |
|  |--F53:PLAN FRAGMENT [RANDOM] hosts=10 instances=10
|  |  |  Per-Instance Resources: mem-estimate=24.27MB mem-reservation=24.25MB thread-reservation=1 runtime-filters-memory=1.00MB
|  |  |  max-parallelism=10 segment-costs=[863]
|  |  JOIN BUILD
|  |  |  join-table-id=18 plan-id=19 cohort-id=01
|  |  |  build expressions: tpcds_partitioned_parquet_snap.date_dim_0.d_date_sk
|  |  |  runtime filters: RF014[bloom] <- tpcds_partitioned_parquet_snap.date_dim_0.d_date_sk
|  |  |  mem-estimate=23.25MB mem-reservation=23.25MB spill-buffer=64.00KB thread-reservation=0 cost=373
|  |  |
|  |  57:EXCHANGE [BROADCAST]
|  |  |  mem-estimate=16.00KB mem-reservation=0B thread-reservation=0
|  |  |  tuple-ids=10 row-size=8B cardinality=373 cost=490
|  |  |  in pipelines: 10(GETNEXT)
|  |  |
|  |  F05:PLAN FRAGMENT [RANDOM] hosts=1 instances=1
|  |  Per-Instance Resources: mem-estimate=16.05MB mem-reservation=512.00KB thread-reservation=1
|  |  max-parallelism=1 segment-costs=[10483]
|  |  10:SCAN HDFS [tpcds_partitioned_parquet_snap.date_dim, RANDOM]
|  |     HDFS partitions=1/1 files=1 size=2.17MB
|  |     predicates: tpcds_partitioned_parquet_snap.date_dim_0.d_year = CAST(2001 AS INT)
|  |     stored statistics:
|  |       table: rows=73.05K size=2.17MB
|  |       columns: all
|  |     extrapolated-rows=disabled max-scan-range-rows=73.05K
|  |     parquet statistics predicates: tpcds_partitioned_parquet_snap.date_dim_0.d_year = CAST(2001 AS INT)
|  |     parquet dictionary predicates: tpcds_partitioned_parquet_snap.date_dim_0.d_year = CAST(2001 AS INT)
|  |     mem-estimate=16.00MB mem-reservation=512.00KB thread-reservation=0
|  |     tuple-ids=10 row-size=8B cardinality=373 cost=10467
|  |     in pipelines: 10(GETNEXT)
|  |
|  09:SCAN HDFS [tpcds_partitioned_parquet_snap.store_sales, RANDOM]
|     HDFS partitions=1824/1824 files=1824 size=389.90GB
|     runtime filters: RF013[min_max] -> tpcds_partitioned_parquet_snap.store_sales.ss_item_sk, RF012[bloom] -> tpcds_partitioned_parquet_snap.store_sales.ss_item_sk, RF014[bloom] -> tpcds_partitioned_parquet_snap.store_sales.ss_sold_date_sk
|     stored statistics:
|       table: rows=8.64G size=389.90GB
|       partitions: 1824/1824 rows=8.64G
|       columns: all
|     extrapolated-rows=disabled max-scan-range-rows=390.22M est-scan-range=374(filtered from 1824)
|     mem-estimate=16.00MB mem-reservation=8.00MB thread-reservation=0
|     tuple-ids=8 row-size=24B cardinality=861.52M(filtered from 8.64G) cost=610616051
|     in pipelines: 09(GETNEXT)
|
08:HASH JOIN [INNER JOIN, BROADCAST]
|  hash-table-id=13
|  hash predicates: tpcds_partitioned_parquet_snap.catalog_sales.cs_item_sk = tpcds_partitioned_parquet_snap.item.i_item_sk
|  fk/pk conjuncts: tpcds_partitioned_parquet_snap.catalog_sales.cs_item_sk = tpcds_partitioned_parquet_snap.item.i_item_sk
|  mem-estimate=0B mem-reservation=0B spill-buffer=256.00KB thread-reservation=0
|  tuple-ids=0,2,4N,6 row-size=90B cardinality=87.75M cost=126394195
|  in pipelines: 02(GETNEXT), 07(OPEN)
|
|--F48:PLAN FRAGMENT [RANDOM] hosts=10 instances=10
|  |  Per-Instance Resources: mem-estimate=59.46MB mem-reservation=58.00MB thread-reservation=1 runtime-filters-memory=1.00MB
|  |  max-parallelism=10 segment-costs=[83645]
|  JOIN BUILD
|  |  join-table-id=13 plan-id=14 cohort-id=01
|  |  build expressions: tpcds_partitioned_parquet_snap.item.i_item_sk
|  |  runtime filters: RF008[bloom] <- tpcds_partitioned_parquet_snap.item.i_item_sk, RF009[min_max] <- tpcds_partitioned_parquet_snap.item.i_item_sk
|  |  mem-estimate=57.00MB mem-reservation=57.00MB spill-buffer=256.00KB thread-reservation=0 cost=35915
|  |
|  56:EXCHANGE [BROADCAST]
|  |  mem-estimate=1.46MB mem-reservation=0B thread-reservation=0
|  |  tuple-ids=6 row-size=38B cardinality=35.91K cost=47730
|  |  in pipelines: 07(GETNEXT)
|  |
|  F03:PLAN FRAGMENT [RANDOM] hosts=4 instances=4
|  Per-Instance Resources: mem-estimate=16.16MB mem-reservation=512.00KB thread-reservation=1
|  max-parallelism=4 segment-costs=[148858]
|  07:SCAN HDFS [tpcds_partitioned_parquet_snap.item, RANDOM]
|     HDFS partitions=1/1 files=1 size=33.54MB
|     predicates: tpcds_partitioned_parquet_snap.item.i_category = 'Sports'
|     runtime filters: RF004[min_max] -> tpcds_partitioned_parquet_snap.item.i_brand_id, RF005[min_max] -> tpcds_partitioned_parquet_snap.item.i_category_id, RF006[min_max] -> tpcds_partitioned_parquet_snap.item.i_class_id, RF007[min_max] -> tpcds_partitioned_parquet_snap.item.i_manufact_id
|     stored statistics:
|       table: rows=360.00K size=33.54MB
|       columns: all
|     extrapolated-rows=disabled max-scan-range-rows=101.54K
|     parquet statistics predicates: tpcds_partitioned_parquet_snap.item.i_category = 'Sports'
|     parquet dictionary predicates: tpcds_partitioned_parquet_snap.item.i_category = 'Sports'
|     mem-estimate=16.00MB mem-reservation=512.00KB thread-reservation=0
|     tuple-ids=6 row-size=38B cardinality=35.91K cost=144407
|     in pipelines: 07(GETNEXT)
|
06:HASH JOIN [LEFT OUTER JOIN, BROADCAST]
|  hash-table-id=14
|  hash predicates: tpcds_partitioned_parquet_snap.catalog_sales.cs_item_sk = tpcds_partitioned_parquet_snap.catalog_returns.cr_item_sk, tpcds_partitioned_parquet_snap.catalog_sales.cs_order_number = tpcds_partitioned_parquet_snap.catalog_returns.cr_order_number
|  fk/pk conjuncts: tpcds_partitioned_parquet_snap.catalog_sales.cs_item_sk = tpcds_partitioned_parquet_snap.catalog_returns.cr_item_sk, tpcds_partitioned_parquet_snap.catalog_sales.cs_order_number = tpcds_partitioned_parquet_snap.catalog_returns.cr_order_number
|  mem-estimate=0B mem-reservation=0B spill-buffer=2.00MB thread-reservation=0
|  tuple-ids=0,2,4N row-size=52B cardinality=430.77M(filtered from 880.06M) cost=269959914
|  in pipelines: 02(GETNEXT), 05(OPEN)
|
|--F49:PLAN FRAGMENT [RANDOM] hosts=10 instances=10
|  |  Per-Instance Resources: mem-estimate=1.56GB mem-reservation=408.00MB thread-reservation=1
|  |  max-parallelism=10 segment-costs=[100616749]
|  JOIN BUILD
|  |  join-table-id=14 plan-id=15 cohort-id=01
|  |  build expressions: tpcds_partitioned_parquet_snap.catalog_returns.cr_item_sk, tpcds_partitioned_parquet_snap.catalog_returns.cr_order_number
|  |  mem-estimate=1.55GB mem-reservation=408.00MB spill-buffer=2.00MB thread-reservation=0 cost=43201699
|  |
|  55:EXCHANGE [BROADCAST]
|  |  mem-estimate=10.47MB mem-reservation=0B thread-reservation=0
|  |  tuple-ids=4 row-size=20B cardinality=43.20M cost=57415050
|  |  in pipelines: 05(GETNEXT)
|  |
|  F02:PLAN FRAGMENT [RANDOM] hosts=10 instances=20 (adjusted from 120)
|  Per-Host Shared Resources: mem-estimate=1.00MB mem-reservation=1.00MB thread-reservation=0 runtime-filters-memory=1.00MB
|  Per-Instance Resources: mem-estimate=16.09MB mem-reservation=32.00KB thread-reservation=1
|  max-parallelism=20 segment-costs=[139826618]
|  05:SCAN HDFS [tpcds_partitioned_parquet_snap.catalog_returns, RANDOM]
|     HDFS partitions=2060/2060 files=2060 size=32.77GB
|     predicates: is_not_null_pred(tpcds_partitioned_parquet_snap.catalog_returns.cr_item_sk)
|     runtime filters: RF009[min_max] -> tpcds_partitioned_parquet_snap.catalog_returns.cr_item_sk, RF008[bloom] -> tpcds_partitioned_parquet_snap.catalog_returns.cr_item_sk
|     stored statistics:
|       table: rows=432.02M size=32.77GB
|       partitions: 2060/2060 rows=432.02M
|       columns: all
|     extrapolated-rows=disabled max-scan-range-rows=416.82K
|     parquet dictionary predicates: is_not_null_pred(tpcds_partitioned_parquet_snap.catalog_returns.cr_item_sk)
|     mem-estimate=16.00MB mem-reservation=32.00KB thread-reservation=0
|     tuple-ids=4 row-size=20B cardinality=43.20M cost=136560570
|     in pipelines: 05(GETNEXT)
|
04:HASH JOIN [INNER JOIN, BROADCAST]
|  hash-table-id=15
|  hash predicates: tpcds_partitioned_parquet_snap.catalog_sales.cs_sold_date_sk = tpcds_partitioned_parquet_snap.date_dim.d_date_sk
|  fk/pk conjuncts: tpcds_partitioned_parquet_snap.catalog_sales.cs_sold_date_sk = tpcds_partitioned_parquet_snap.date_dim.d_date_sk
|  mem-estimate=0B mem-reservation=0B spill-buffer=64.00KB thread-reservation=0
|  tuple-ids=0,2 row-size=32B cardinality=430.77M(filtered from 880.06M) cost=269959914
|  in pipelines: 02(GETNEXT), 03(OPEN)
|
|--F50:PLAN FRAGMENT [RANDOM] hosts=10 instances=10
|  |  Per-Instance Resources: mem-estimate=24.27MB mem-reservation=24.25MB thread-reservation=1 runtime-filters-memory=1.00MB
|  |  max-parallelism=10 segment-costs=[863]
|  JOIN BUILD
|  |  join-table-id=15 plan-id=16 cohort-id=01
|  |  build expressions: tpcds_partitioned_parquet_snap.date_dim.d_date_sk
|  |  runtime filters: RF010[bloom] <- tpcds_partitioned_parquet_snap.date_dim.d_date_sk
|  |  mem-estimate=23.25MB mem-reservation=23.25MB spill-buffer=64.00KB thread-reservation=0 cost=373
|  |
|  54:EXCHANGE [BROADCAST]
|  |  mem-estimate=16.00KB mem-reservation=0B thread-reservation=0
|  |  tuple-ids=2 row-size=8B cardinality=373 cost=490
|  |  in pipelines: 03(GETNEXT)
|  |
|  F01:PLAN FRAGMENT [RANDOM] hosts=1 instances=1
|  Per-Instance Resources: mem-estimate=16.05MB mem-reservation=512.00KB thread-reservation=1
|  max-parallelism=1 segment-costs=[10483]
|  03:SCAN HDFS [tpcds_partitioned_parquet_snap.date_dim, RANDOM]
|     HDFS partitions=1/1 files=1 size=2.17MB
|     predicates: tpcds_partitioned_parquet_snap.date_dim.d_year = CAST(2001 AS INT)
|     stored statistics:
|       table: rows=73.05K size=2.17MB
|       columns: all
|     extrapolated-rows=disabled max-scan-range-rows=73.05K
|     parquet statistics predicates: tpcds_partitioned_parquet_snap.date_dim.d_year = CAST(2001 AS INT)
|     parquet dictionary predicates: tpcds_partitioned_parquet_snap.date_dim.d_year = CAST(2001 AS INT)
|     mem-estimate=16.00MB mem-reservation=512.00KB thread-reservation=0
|     tuple-ids=2 row-size=8B cardinality=373 cost=10467
|     in pipelines: 03(GETNEXT)
|
02:SCAN HDFS [tpcds_partitioned_parquet_snap.catalog_sales, RANDOM]
   HDFS partitions=1831/1831 files=1831 size=280.96GB
   runtime filters: RF009[min_max] -> tpcds_partitioned_parquet_snap.catalog_sales.cs_item_sk, RF008[bloom] -> tpcds_partitioned_parquet_snap.catalog_sales.cs_item_sk, RF010[bloom] -> tpcds_partitioned_parquet_snap.catalog_sales.cs_sold_date_sk
   stored statistics:
     table: rows=4.32G size=280.96GB
     partitions: 1831/1831 rows=4.32G
     columns: all
   extrapolated-rows=disabled max-scan-range-rows=21.52M est-scan-range=374(filtered from 1831)
   mem-estimate=16.00MB mem-reservation=1.00MB thread-reservation=0
   tuple-ids=0 row-size=24B cardinality=430.77M(filtered from 4.32G) cost=304148590
   in pipelines: 02(GETNEXT)
---- PARALLELPLANS
Max Per-Host Resource Reservation: Memory=7.30GB Threads=285
Per-Host Resource Estimates: Memory=27.60GB
F40:PLAN FRAGMENT [UNPARTITIONED] hosts=1 instances=1
|  Per-Instance Resources: mem-estimate=4.78MB mem-reservation=4.00MB thread-reservation=1
|  max-parallelism=1 segment-costs=[1038] cpu-comparison-result=1070 [max(1 (self) vs 1070 (sum children))]
PLAN-ROOT SINK
|  output exprs: subtract(CAST(2001 AS INT), CAST(1 AS INT)), CAST(2001 AS INT), I_BRAND_ID, I_CLASS_ID, I_CATEGORY_ID, I_MANUFACT_ID, sum(SALES_CNT), sum(SALES_CNT), subtract(sum(SALES_CNT), sum(SALES_CNT)), subtract(sum(SALES_AMT), sum(SALES_AMT))
|  mem-estimate=4.00MB mem-reservation=4.00MB spill-buffer=2.00MB thread-reservation=0 cost=1000
|
90:MERGING-EXCHANGE [UNPARTITIONED]
|  order by: subtract(sum(SALES_CNT), sum(SALES_CNT)) ASC NULLS LAST, subtract(sum(SALES_AMT), sum(SALES_AMT)) ASC NULLS LAST
|  limit: 100
|  mem-estimate=797.50KB mem-reservation=0B thread-reservation=0
|  tuple-ids=58 row-size=64B cardinality=100 cost=38
|  in pipelines: 53(GETNEXT)
|
F19:PLAN FRAGMENT [HASH(I_BRAND_ID,I_CLASS_ID,I_CATEGORY_ID,I_MANUFACT_ID)] hosts=10 instances=120
Per-Instance Resources: mem-estimate=143.16MB mem-reservation=34.00MB thread-reservation=1
max-parallelism=510 segment-costs=[1930301193, 5031055712, 199] cpu-comparison-result=1070 [max(120 (self) vs 1070 (sum children))]
53:TOP-N [LIMIT=100]
|  order by: subtract(sum(SALES_CNT), sum(SALES_CNT)) ASC NULLS LAST, subtract(sum(SALES_AMT), sum(SALES_AMT)) ASC NULLS LAST
|  mem-estimate=6.25KB mem-reservation=0B thread-reservation=0
|  tuple-ids=58 row-size=64B cardinality=100 cost=4896254616
|  in pipelines: 53(GETNEXT), 71(OPEN)
|
52:HASH JOIN [INNER JOIN, PARTITIONED]
|  hash-table-id=00
|  hash predicates: I_BRAND_ID = I_BRAND_ID, I_CATEGORY_ID = I_CATEGORY_ID, I_CLASS_ID = I_CLASS_ID, I_MANUFACT_ID = I_MANUFACT_ID
|  fk/pk conjuncts: assumed fk/pk
|  other join predicates: divide(CAST(sum(SALES_CNT) AS DECIMAL(17,2)), CAST(sum(SALES_CNT) AS DECIMAL(17,2))) < CAST(0.9 AS DECIMAL(2,1))
|  mem-estimate=0B mem-reservation=0B spill-buffer=2.00MB thread-reservation=0
|  tuple-ids=28,57 row-size=80B cardinality=307.98M cost=134801096
|  in pipelines: 71(GETNEXT), 89(OPEN)
|
|--F41:PLAN FRAGMENT [HASH(I_BRAND_ID,I_CLASS_ID,I_CATEGORY_ID,I_MANUFACT_ID)] hosts=10 instances=120
|  |  Per-Instance Resources: mem-estimate=277.10MB mem-reservation=68.00MB thread-reservation=1
|  |  max-parallelism=510 segment-costs=[1930301193, 307976003] cpu-comparison-result=535 [max(120 (self) vs 535 (sum children))]
|  JOIN BUILD
|  |  join-table-id=00 plan-id=01 cohort-id=01
|  |  build expressions: I_BRAND_ID, I_CATEGORY_ID, I_CLASS_ID, I_MANUFACT_ID
|  |  runtime filters: RF004[min_max] <- I_BRAND_ID, RF005[min_max] <- I_CATEGORY_ID, RF006[min_max] <- I_CLASS_ID, RF007[min_max] <- I_MANUFACT_ID
|  |  mem-estimate=149.10MB mem-reservation=34.00MB spill-buffer=2.00MB thread-reservation=0 cost=307976003
|  |
|  89:AGGREGATE [FINALIZE]
|  |  output: sum:merge(SALES_CNT), sum:merge(SALES_AMT)
|  |  group by: I_BRAND_ID, I_CLASS_ID, I_CATEGORY_ID, I_MANUFACT_ID
|  |  mem-estimate=128.00MB mem-reservation=34.00MB spill-buffer=2.00MB thread-reservation=0
|  |  tuple-ids=57 row-size=40B cardinality=307.98M cost=1839417475
|  |  in pipelines: 89(GETNEXT), 87(OPEN)
|  |
|  88:EXCHANGE [HASH(I_BRAND_ID,I_CLASS_ID,I_CATEGORY_ID,I_MANUFACT_ID)]
|  |  mem-estimate=15.16MB mem-reservation=0B thread-reservation=0
|  |  tuple-ids=57 row-size=40B cardinality=307.98M cost=90883718
|  |  in pipelines: 87(GETNEXT)
|  |
|  F38:PLAN FRAGMENT [HASH(I_BRAND_ID,I_CLASS_ID,I_CATEGORY_ID,I_MANUFACT_ID,SALES_CNT,SALES_AMT)] hosts=10 instances=120
|  Per-Instance Resources: mem-estimate=276.62MB mem-reservation=68.00MB thread-reservation=1
|  max-parallelism=190 segment-costs=[1891742598, 1839417475, 952015420] cpu-comparison-result=535 [max(120 (self) vs 535 (sum children))]
|  51:AGGREGATE [STREAMING]
|  |  output: sum(SALES_CNT), sum(SALES_AMT)
|  |  group by: I_BRAND_ID, I_CLASS_ID, I_CATEGORY_ID, I_MANUFACT_ID
|  |  mem-estimate=128.00MB mem-reservation=34.00MB spill-buffer=2.00MB thread-reservation=0
|  |  tuple-ids=57 row-size=40B cardinality=307.98M cost=1839417475
|  |  in pipelines: 87(GETNEXT)
|  |
|  87:AGGREGATE [FINALIZE]
|  |  group by: I_BRAND_ID, I_CLASS_ID, I_CATEGORY_ID, I_MANUFACT_ID, SALES_CNT, SALES_AMT
|  |  mem-estimate=128.00MB mem-reservation=34.00MB spill-buffer=2.00MB thread-reservation=0
|  |  tuple-ids=56 row-size=28B cardinality=307.98M cost=1817859155
|  |  in pipelines: 87(GETNEXT), 81(OPEN), 43(OPEN)
|  |
|  86:EXCHANGE [HASH(I_BRAND_ID,I_CLASS_ID,I_CATEGORY_ID,I_MANUFACT_ID,SALES_CNT,SALES_AMT)]
|  |  mem-estimate=13.75MB mem-reservation=0B thread-reservation=0
|  |  tuple-ids=56 row-size=28B cardinality=307.98M cost=73883443
|  |  in pipelines: 81(GETNEXT), 43(GETNEXT)
|  |
|  F37:PLAN FRAGMENT [RANDOM] hosts=10 instances=120
|  Per-Instance Resources: mem-estimate=284.75MB mem-reservation=68.00MB thread-reservation=1
|  max-parallelism=120 segment-costs=[1621201806, 2084965850, 714011565] cpu-comparison-result=535 [max(240 (self) vs 535 (sum children))]
|  50:AGGREGATE [STREAMING]
|  |  group by: I_BRAND_ID, I_CLASS_ID, I_CATEGORY_ID, I_MANUFACT_ID, SALES_CNT, SALES_AMT
|  |  mem-estimate=128.00MB mem-reservation=34.00MB spill-buffer=2.00MB thread-reservation=0
|  |  tuple-ids=56 row-size=28B cardinality=307.98M cost=1817859155
|  |  in pipelines: 81(GETNEXT), 43(GETNEXT)
|  |
|  26:UNION
|  |  pass-through-operands: 81
|  |  mem-estimate=0B mem-reservation=0B thread-reservation=0
|  |  tuple-ids=55 row-size=28B cardinality=307.98M cost=5041285
|  |  in pipelines: 81(GETNEXT), 43(GETNEXT)
|  |
|  |--49:HASH JOIN [INNER JOIN, BROADCAST]
|  |  |  hash-table-id=01
|  |  |  hash predicates: tpcds_partitioned_parquet_snap.web_sales_0.ws_item_sk = tpcds_partitioned_parquet_snap.item_4.i_item_sk
|  |  |  fk/pk conjuncts: tpcds_partitioned_parquet_snap.web_sales_0.ws_item_sk = tpcds_partitioned_parquet_snap.item_4.i_item_sk
|  |  |  mem-estimate=0B mem-reservation=0B spill-buffer=256.00KB thread-reservation=0
|  |  |  tuple-ids=47,49,51N,53 row-size=90B cardinality=44.04M cost=63225531
|  |  |  in pipelines: 43(GETNEXT), 48(OPEN)
|  |  |
|  |  |--F42:PLAN FRAGMENT [RANDOM] hosts=10 instances=10
|  |  |  |  Per-Instance Resources: mem-estimate=59.46MB mem-reservation=58.00MB thread-reservation=1 runtime-filters-memory=1.00MB
|  |  |  |  max-parallelism=10 segment-costs=[83645]
|  |  |  JOIN BUILD
|  |  |  |  join-table-id=01 plan-id=02 cohort-id=02
|  |  |  |  build expressions: tpcds_partitioned_parquet_snap.item_4.i_item_sk
|  |  |  |  runtime filters: RF028[bloom] <- tpcds_partitioned_parquet_snap.item_4.i_item_sk, RF029[min_max] <- tpcds_partitioned_parquet_snap.item_4.i_item_sk
|  |  |  |  mem-estimate=57.00MB mem-reservation=57.00MB spill-buffer=256.00KB thread-reservation=0 cost=35915
|  |  |  |
|  |  |  85:EXCHANGE [BROADCAST]
|  |  |  |  mem-estimate=1.46MB mem-reservation=0B thread-reservation=0
|  |  |  |  tuple-ids=53 row-size=38B cardinality=35.91K cost=47730
|  |  |  |  in pipelines: 48(GETNEXT)
|  |  |  |
|  |  |  F36:PLAN FRAGMENT [RANDOM] hosts=4 instances=4
|  |  |  Per-Instance Resources: mem-estimate=16.16MB mem-reservation=512.00KB thread-reservation=1
|  |  |  max-parallelism=4 segment-costs=[148858]
|  |  |  48:SCAN HDFS [tpcds_partitioned_parquet_snap.item, RANDOM]
|  |  |     HDFS partitions=1/1 files=1 size=33.54MB
|  |  |     predicates: tpcds_partitioned_parquet_snap.item_4.i_category = 'Sports'
|  |  |     stored statistics:
|  |  |       table: rows=360.00K size=33.54MB
|  |  |       columns: all
|  |  |     extrapolated-rows=disabled max-scan-range-rows=101.54K
|  |  |     parquet statistics predicates: tpcds_partitioned_parquet_snap.item_4.i_category = 'Sports'
|  |  |     parquet dictionary predicates: tpcds_partitioned_parquet_snap.item_4.i_category = 'Sports'
|  |  |     mem-estimate=16.00MB mem-reservation=512.00KB thread-reservation=0
|  |  |     tuple-ids=53 row-size=38B cardinality=35.91K cost=144407
|  |  |     in pipelines: 48(GETNEXT)
|  |  |
|  |  47:HASH JOIN [LEFT OUTER JOIN, PARTITIONED]
|  |  |  hash-table-id=02
|  |  |  hash predicates: tpcds_partitioned_parquet_snap.web_sales_0.ws_item_sk = tpcds_partitioned_parquet_snap.web_returns_0.wr_item_sk, tpcds_partitioned_parquet_snap.web_sales_0.ws_order_number = tpcds_partitioned_parquet_snap.web_returns_0.wr_order_number
|  |  |  fk/pk conjuncts: tpcds_partitioned_parquet_snap.web_sales_0.ws_item_sk = tpcds_partitioned_parquet_snap.web_returns_0.wr_item_sk, tpcds_partitioned_parquet_snap.web_sales_0.ws_order_number = tpcds_partitioned_parquet_snap.web_returns_0.wr_order_number
|  |  |  mem-estimate=0B mem-reservation=0B spill-buffer=512.00KB thread-reservation=0
|  |  |  tuple-ids=47,49,51N row-size=52B cardinality=215.38M(filtered from 441.70M) cost=135281503
|  |  |  in pipelines: 43(GETNEXT), 46(OPEN)
|  |  |
|  |  |--F43:PLAN FRAGMENT [RANDOM] hosts=10 instances=120
|  |  |  |  Per-Instance Resources: mem-estimate=18.97MB mem-reservation=8.50MB thread-reservation=1
|  |  |  |  max-parallelism=120 segment-costs=[25987283]
|  |  |  JOIN BUILD
|  |  |  |  join-table-id=02 plan-id=03 cohort-id=02
|  |  |  |  build expressions: tpcds_partitioned_parquet_snap.web_returns_0.wr_item_sk, tpcds_partitioned_parquet_snap.web_returns_0.wr_order_number
|  |  |  |  mem-estimate=8.50MB mem-reservation=8.50MB spill-buffer=512.00KB thread-reservation=0 cost=21600269
|  |  |  |
|  |  |  84:EXCHANGE [HASH(tpcds_partitioned_parquet_snap.web_returns_0.wr_item_sk,tpcds_partitioned_parquet_snap.web_returns_0.wr_order_number)]
|  |  |  |  mem-estimate=10.47MB mem-reservation=0B thread-reservation=0
|  |  |  |  tuple-ids=51 row-size=20B cardinality=21.60M cost=4387014
|  |  |  |  in pipelines: 46(GETNEXT)
|  |  |  |
|  |  |  F34:PLAN FRAGMENT [RANDOM] hosts=10 instances=20 (adjusted from 120)
|  |  |  Per-Host Shared Resources: mem-estimate=1.00MB mem-reservation=1.00MB thread-reservation=0 runtime-filters-memory=1.00MB
|  |  |  Per-Instance Resources: mem-estimate=27.25MB mem-reservation=256.00KB thread-reservation=1
|  |  |  max-parallelism=20 segment-costs=[107228054]
|  |  |  46:SCAN HDFS [tpcds_partitioned_parquet_snap.web_returns, RANDOM]
|  |  |     HDFS partitions=2114/2114 files=2114 size=16.74GB
|  |  |     predicates: is_not_null_pred(tpcds_partitioned_parquet_snap.web_returns_0.wr_item_sk)
|  |  |     runtime filters: RF029[min_max] -> tpcds_partitioned_parquet_snap.web_returns_0.wr_item_sk, RF028[bloom] -> tpcds_partitioned_parquet_snap.web_returns_0.wr_item_sk
|  |  |     stored statistics:
|  |  |       table: rows=216.00M size=16.74GB
|  |  |       partitions: 2114/2114 rows=216.00M
|  |  |       columns: all
|  |  |     extrapolated-rows=disabled max-scan-range-rows=9.41M
|  |  |     parquet dictionary predicates: is_not_null_pred(tpcds_partitioned_parquet_snap.web_returns_0.wr_item_sk)
|  |  |     mem-estimate=16.00MB mem-reservation=256.00KB thread-reservation=0
|  |  |     tuple-ids=51 row-size=20B cardinality=21.60M cost=68278449
|  |  |     in pipelines: 46(GETNEXT)
|  |  |
|  |  83:EXCHANGE [HASH(tpcds_partitioned_parquet_snap.web_sales_0.ws_item_sk,tpcds_partitioned_parquet_snap.web_sales_0.ws_order_number)]
|  |  |  mem-estimate=14.69MB mem-reservation=0B thread-reservation=0
|  |  |  tuple-ids=47,49 row-size=32B cardinality=215.38M(filtered from 441.70M) cost=63558376
|  |  |  in pipelines: 43(GETNEXT)
|  |  |
|  |  F32:PLAN FRAGMENT [RANDOM] hosts=10 instances=120
|  |  Per-Host Shared Resources: mem-estimate=1.00MB mem-reservation=1.00MB thread-reservation=0 runtime-filters-memory=1.00MB
|  |  Per-Instance Resources: mem-estimate=34.75MB mem-reservation=128.00KB thread-reservation=1
|  |  max-parallelism=160 segment-costs=[1547546352]
|  |  45:HASH JOIN [INNER JOIN, BROADCAST]
|  |  |  hash-table-id=09
|  |  |  hash predicates: tpcds_partitioned_parquet_snap.web_sales_0.ws_sold_date_sk = tpcds_partitioned_parquet_snap.date_dim_4.d_date_sk
|  |  |  fk/pk conjuncts: tpcds_partitioned_parquet_snap.web_sales_0.ws_sold_date_sk = tpcds_partitioned_parquet_snap.date_dim_4.d_date_sk
|  |  |  mem-estimate=0B mem-reservation=0B spill-buffer=64.00KB thread-reservation=0
|  |  |  tuple-ids=47,49 row-size=32B cardinality=215.38M(filtered from 441.70M) cost=135281503
|  |  |  in pipelines: 43(GETNEXT), 44(OPEN)
|  |  |
|  |  |--F50:PLAN FRAGMENT [RANDOM] hosts=10 instances=10
|  |  |  |  Per-Instance Resources: mem-estimate=23.27MB mem-reservation=23.25MB thread-reservation=1
|  |  |  |  max-parallelism=10 segment-costs=[863]
|  |  |  JOIN BUILD
|  |  |  |  join-table-id=09 plan-id=10 cohort-id=02
|  |  |  |  build expressions: tpcds_partitioned_parquet_snap.date_dim_4.d_date_sk
|  |  |  |  mem-estimate=23.25MB mem-reservation=23.25MB spill-buffer=64.00KB thread-reservation=0 cost=373
|  |  |  |
|  |  |  82:EXCHANGE [BROADCAST]
|  |  |  |  mem-estimate=16.00KB mem-reservation=0B thread-reservation=0
|  |  |  |  tuple-ids=49 row-size=8B cardinality=373 cost=490
|  |  |  |  in pipelines: 44(GETNEXT)
|  |  |  |
|  |  |  F33:PLAN FRAGMENT [RANDOM] hosts=1 instances=1
|  |  |  Per-Instance Resources: mem-estimate=16.05MB mem-reservation=512.00KB thread-reservation=1
|  |  |  max-parallelism=1 segment-costs=[10483]
|  |  |  44:SCAN HDFS [tpcds_partitioned_parquet_snap.date_dim, RANDOM]
|  |  |     HDFS partitions=1/1 files=1 size=2.17MB
|  |  |     predicates: tpcds_partitioned_parquet_snap.date_dim_4.d_year = subtract(CAST(2001 AS INT), CAST(1 AS INT))
|  |  |     stored statistics:
|  |  |       table: rows=73.05K size=2.17MB
|  |  |       columns: all
|  |  |     extrapolated-rows=disabled max-scan-range-rows=73.05K
|  |  |     parquet statistics predicates: tpcds_partitioned_parquet_snap.date_dim_4.d_year = subtract(CAST(2001 AS INT), CAST(1 AS INT))
|  |  |     parquet dictionary predicates: tpcds_partitioned_parquet_snap.date_dim_4.d_year = subtract(CAST(2001 AS INT), CAST(1 AS INT))
|  |  |     mem-estimate=16.00MB mem-reservation=512.00KB thread-reservation=0
|  |  |     tuple-ids=49 row-size=8B cardinality=373 cost=10467
|  |  |     in pipelines: 44(GETNEXT)
|  |  |
|  |  43:SCAN HDFS [tpcds_partitioned_parquet_snap.web_sales, RANDOM]
|  |     HDFS partitions=1824/1824 files=1824 size=145.75GB
|  |     runtime filters: RF029[min_max] -> tpcds_partitioned_parquet_snap.web_sales_0.ws_item_sk, RF028[bloom] -> tpcds_partitioned_parquet_snap.web_sales_0.ws_item_sk
|  |     stored statistics:
|  |       table: rows=2.16G size=145.75GB
|  |       partitions: 1824/1824 rows=2.16G
|  |       columns: all
|  |     extrapolated-rows=disabled max-scan-range-rows=3.37M
|  |     mem-estimate=16.00MB mem-reservation=128.00KB thread-reservation=0
|  |     tuple-ids=47 row-size=24B cardinality=215.38M(filtered from 2.16G) cost=746484929
|  |     in pipelines: 43(GETNEXT)
|  |
|  81:AGGREGATE [FINALIZE]
|  |  group by: I_BRAND_ID, I_CLASS_ID, I_CATEGORY_ID, I_MANUFACT_ID, SALES_CNT, SALES_AMT
|  |  mem-estimate=128.00MB mem-reservation=34.00MB spill-buffer=2.00MB thread-reservation=0
|  |  tuple-ids=46 row-size=28B cardinality=263.93M cost=1557884539
|  |  in pipelines: 81(GETNEXT), 28(OPEN), 35(OPEN)
|  |
|  80:EXCHANGE [HASH(I_BRAND_ID,I_CLASS_ID,I_CATEGORY_ID,I_MANUFACT_ID,SALES_CNT,SALES_AMT)]
|  |  mem-estimate=13.75MB mem-reservation=0B thread-reservation=0
|  |  tuple-ids=46 row-size=28B cardinality=263.93M cost=63317267
|  |  in pipelines: 28(GETNEXT), 35(GETNEXT)
|  |
|  F30:PLAN FRAGMENT [RANDOM] hosts=10 instances=120
|  Per-Instance Resources: mem-estimate=157.69MB mem-reservation=34.00MB thread-reservation=1
|  max-parallelism=120 segment-costs=[3159838554, 611899758] cpu-comparison-result=370 [max(360 (self) vs 370 (sum children))]
|  42:AGGREGATE [STREAMING]
|  |  group by: I_BRAND_ID, I_CLASS_ID, I_CATEGORY_ID, I_MANUFACT_ID, SALES_CNT, SALES_AMT
|  |  mem-estimate=128.00MB mem-reservation=34.00MB spill-buffer=2.00MB thread-reservation=0
|  |  tuple-ids=46 row-size=28B cardinality=263.93M cost=1557884539
|  |  in pipelines: 28(GETNEXT), 35(GETNEXT)
|  |
|  27:UNION
|  |  mem-estimate=0B mem-reservation=0B thread-reservation=0
|  |  tuple-ids=45 row-size=28B cardinality=263.93M cost=30209647
|  |  in pipelines: 28(GETNEXT), 35(GETNEXT)
|  |
|  |--41:HASH JOIN [INNER JOIN, BROADCAST]
|  |  |  hash-table-id=05
|  |  |  hash predicates: tpcds_partitioned_parquet_snap.store_sales_0.ss_item_sk = tpcds_partitioned_parquet_snap.item_3.i_item_sk
|  |  |  fk/pk conjuncts: tpcds_partitioned_parquet_snap.store_sales_0.ss_item_sk = tpcds_partitioned_parquet_snap.item_3.i_item_sk
|  |  |  mem-estimate=0B mem-reservation=0B spill-buffer=256.00KB thread-reservation=0
|  |  |  tuple-ids=37,39,41N,43 row-size=90B cardinality=176.18M cost=252903977
|  |  |  in pipelines: 35(GETNEXT), 40(OPEN)
|  |  |
|  |  |--F46:PLAN FRAGMENT [RANDOM] hosts=10 instances=10
|  |  |  |  Per-Instance Resources: mem-estimate=59.46MB mem-reservation=58.00MB thread-reservation=1 runtime-filters-memory=1.00MB
|  |  |  |  max-parallelism=10 segment-costs=[83645]
|  |  |  JOIN BUILD
|  |  |  |  join-table-id=05 plan-id=06 cohort-id=02
|  |  |  |  build expressions: tpcds_partitioned_parquet_snap.item_3.i_item_sk
|  |  |  |  runtime filters: RF024[bloom] <- tpcds_partitioned_parquet_snap.item_3.i_item_sk, RF025[min_max] <- tpcds_partitioned_parquet_snap.item_3.i_item_sk
|  |  |  |  mem-estimate=57.00MB mem-reservation=57.00MB spill-buffer=256.00KB thread-reservation=0 cost=35915
|  |  |  |
|  |  |  79:EXCHANGE [BROADCAST]
|  |  |  |  mem-estimate=1.46MB mem-reservation=0B thread-reservation=0
|  |  |  |  tuple-ids=43 row-size=38B cardinality=35.91K cost=47730
|  |  |  |  in pipelines: 40(GETNEXT)
|  |  |  |
|  |  |  F29:PLAN FRAGMENT [RANDOM] hosts=4 instances=4
|  |  |  Per-Instance Resources: mem-estimate=16.16MB mem-reservation=512.00KB thread-reservation=1
|  |  |  max-parallelism=4 segment-costs=[148858]
|  |  |  40:SCAN HDFS [tpcds_partitioned_parquet_snap.item, RANDOM]
|  |  |     HDFS partitions=1/1 files=1 size=33.54MB
|  |  |     predicates: tpcds_partitioned_parquet_snap.item_3.i_category = 'Sports'
|  |  |     stored statistics:
|  |  |       table: rows=360.00K size=33.54MB
|  |  |       columns: all
|  |  |     extrapolated-rows=disabled max-scan-range-rows=101.54K
|  |  |     parquet statistics predicates: tpcds_partitioned_parquet_snap.item_3.i_category = 'Sports'
|  |  |     parquet dictionary predicates: tpcds_partitioned_parquet_snap.item_3.i_category = 'Sports'
|  |  |     mem-estimate=16.00MB mem-reservation=512.00KB thread-reservation=0
|  |  |     tuple-ids=43 row-size=38B cardinality=35.91K cost=144407
|  |  |     in pipelines: 40(GETNEXT)
|  |  |
|  |  39:HASH JOIN [LEFT OUTER JOIN, PARTITIONED]
|  |  |  hash-table-id=06
|  |  |  hash predicates: tpcds_partitioned_parquet_snap.store_sales_0.ss_item_sk = tpcds_partitioned_parquet_snap.store_returns_0.sr_item_sk, tpcds_partitioned_parquet_snap.store_sales_0.ss_ticket_number = tpcds_partitioned_parquet_snap.store_returns_0.sr_ticket_number
|  |  |  fk/pk conjuncts: tpcds_partitioned_parquet_snap.store_sales_0.ss_item_sk = tpcds_partitioned_parquet_snap.store_returns_0.sr_item_sk, tpcds_partitioned_parquet_snap.store_sales_0.ss_ticket_number = tpcds_partitioned_parquet_snap.store_returns_0.sr_ticket_number
|  |  |  mem-estimate=0B mem-reservation=0B spill-buffer=2.00MB thread-reservation=0
|  |  |  tuple-ids=37,39,41N row-size=52B cardinality=861.52M(filtered from 1.77G) cost=541129979
|  |  |  in pipelines: 35(GETNEXT), 38(OPEN)
|  |  |
|  |  |--F47:PLAN FRAGMENT [RANDOM] hosts=10 instances=120
|  |  |  |  Per-Instance Resources: mem-estimate=45.17MB mem-reservation=34.00MB thread-reservation=1
|  |  |  |  max-parallelism=120 segment-costs=[103946472]
|  |  |  JOIN BUILD
|  |  |  |  join-table-id=06 plan-id=07 cohort-id=02
|  |  |  |  build expressions: tpcds_partitioned_parquet_snap.store_returns_0.sr_item_sk, tpcds_partitioned_parquet_snap.store_returns_0.sr_ticket_number
|  |  |  |  mem-estimate=34.00MB mem-reservation=34.00MB spill-buffer=2.00MB thread-reservation=0 cost=86398863
|  |  |  |
|  |  |  78:EXCHANGE [HASH(tpcds_partitioned_parquet_snap.store_returns_0.sr_item_sk,tpcds_partitioned_parquet_snap.store_returns_0.sr_ticket_number)]
|  |  |  |  mem-estimate=11.17MB mem-reservation=0B thread-reservation=0
|  |  |  |  tuple-ids=41 row-size=20B cardinality=86.40M cost=17547609
|  |  |  |  in pipelines: 38(GETNEXT)
|  |  |  |
|  |  |  F27:PLAN FRAGMENT [RANDOM] hosts=10 instances=50 (adjusted from 120)
|  |  |  Per-Host Shared Resources: mem-estimate=1.00MB mem-reservation=1.00MB thread-reservation=0 runtime-filters-memory=1.00MB
|  |  |  Per-Instance Resources: mem-estimate=27.25MB mem-reservation=512.00KB thread-reservation=1
|  |  |  max-parallelism=50 segment-costs=[428901235]
|  |  |  38:SCAN HDFS [tpcds_partitioned_parquet_snap.store_returns, RANDOM]
|  |  |     HDFS partitions=2004/2004 files=2004 size=48.14GB
|  |  |     predicates: is_not_null_pred(tpcds_partitioned_parquet_snap.store_returns_0.sr_item_sk)
|  |  |     runtime filters: RF025[min_max] -> tpcds_partitioned_parquet_snap.store_returns_0.sr_item_sk, RF024[bloom] -> tpcds_partitioned_parquet_snap.store_returns_0.sr_item_sk
|  |  |     stored statistics:
|  |  |       table: rows=863.99M size=48.14GB
|  |  |       partitions: 2004/2004 rows=863.99M
|  |  |       columns: all
|  |  |     extrapolated-rows=disabled max-scan-range-rows=30.09M
|  |  |     parquet dictionary predicates: is_not_null_pred(tpcds_partitioned_parquet_snap.store_returns_0.sr_item_sk)
|  |  |     mem-estimate=16.00MB mem-reservation=512.00KB thread-reservation=0
|  |  |     tuple-ids=41 row-size=20B cardinality=86.40M cost=273106806
|  |  |     in pipelines: 38(GETNEXT)
|  |  |
|  |  77:EXCHANGE [HASH(tpcds_partitioned_parquet_snap.store_sales_0.ss_item_sk,tpcds_partitioned_parquet_snap.store_sales_0.ss_ticket_number)]
|  |  |  mem-estimate=14.69MB mem-reservation=0B thread-reservation=0
|  |  |  tuple-ids=37,39 row-size=32B cardinality=861.52M(filtered from 1.77G) cost=254235370
|  |  |  in pipelines: 35(GETNEXT)
|  |  |
|  |  F25:PLAN FRAGMENT [RANDOM] hosts=10 instances=120
|  |  Per-Host Shared Resources: mem-estimate=2.00MB mem-reservation=2.00MB thread-reservation=0 runtime-filters-memory=2.00MB
|  |  Per-Instance Resources: mem-estimate=34.75MB mem-reservation=8.00MB thread-reservation=1
|  |  max-parallelism=374 segment-costs=[3814885225]
|  |  37:HASH JOIN [INNER JOIN, BROADCAST]
|  |  |  hash-table-id=08
|  |  |  hash predicates: tpcds_partitioned_parquet_snap.store_sales_0.ss_sold_date_sk = tpcds_partitioned_parquet_snap.date_dim_3.d_date_sk
|  |  |  fk/pk conjuncts: tpcds_partitioned_parquet_snap.store_sales_0.ss_sold_date_sk = tpcds_partitioned_parquet_snap.date_dim_3.d_date_sk
|  |  |  mem-estimate=0B mem-reservation=0B spill-buffer=64.00KB thread-reservation=0
|  |  |  tuple-ids=37,39 row-size=32B cardinality=861.52M(filtered from 1.77G) cost=541129979
|  |  |  in pipelines: 35(GETNEXT), 36(OPEN)
|  |  |
|  |  |--F49:PLAN FRAGMENT [RANDOM] hosts=10 instances=10
|  |  |  |  Per-Instance Resources: mem-estimate=24.27MB mem-reservation=24.25MB thread-reservation=1 runtime-filters-memory=1.00MB
|  |  |  |  max-parallelism=10 segment-costs=[863]
|  |  |  JOIN BUILD
|  |  |  |  join-table-id=08 plan-id=09 cohort-id=02
|  |  |  |  build expressions: tpcds_partitioned_parquet_snap.date_dim_3.d_date_sk
|  |  |  |  runtime filters: RF026[bloom] <- tpcds_partitioned_parquet_snap.date_dim_3.d_date_sk
|  |  |  |  mem-estimate=23.25MB mem-reservation=23.25MB spill-buffer=64.00KB thread-reservation=0 cost=373
|  |  |  |
|  |  |  76:EXCHANGE [BROADCAST]
|  |  |  |  mem-estimate=16.00KB mem-reservation=0B thread-reservation=0
|  |  |  |  tuple-ids=39 row-size=8B cardinality=373 cost=490
|  |  |  |  in pipelines: 36(GETNEXT)
|  |  |  |
|  |  |  F26:PLAN FRAGMENT [RANDOM] hosts=1 instances=1
|  |  |  Per-Instance Resources: mem-estimate=16.05MB mem-reservation=512.00KB thread-reservation=1
|  |  |  max-parallelism=1 segment-costs=[10483]
|  |  |  36:SCAN HDFS [tpcds_partitioned_parquet_snap.date_dim, RANDOM]
|  |  |     HDFS partitions=1/1 files=1 size=2.17MB
|  |  |     predicates: tpcds_partitioned_parquet_snap.date_dim_3.d_year = subtract(CAST(2001 AS INT), CAST(1 AS INT))
|  |  |     stored statistics:
|  |  |       table: rows=73.05K size=2.17MB
|  |  |       columns: all
|  |  |     extrapolated-rows=disabled max-scan-range-rows=73.05K
|  |  |     parquet statistics predicates: tpcds_partitioned_parquet_snap.date_dim_3.d_year = subtract(CAST(2001 AS INT), CAST(1 AS INT))
|  |  |     parquet dictionary predicates: tpcds_partitioned_parquet_snap.date_dim_3.d_year = subtract(CAST(2001 AS INT), CAST(1 AS INT))
|  |  |     mem-estimate=16.00MB mem-reservation=512.00KB thread-reservation=0
|  |  |     tuple-ids=39 row-size=8B cardinality=373 cost=10467
|  |  |     in pipelines: 36(GETNEXT)
|  |  |
|  |  35:SCAN HDFS [tpcds_partitioned_parquet_snap.store_sales, RANDOM]
|  |     HDFS partitions=1824/1824 files=1824 size=389.90GB
|  |     runtime filters: RF025[min_max] -> tpcds_partitioned_parquet_snap.store_sales_0.ss_item_sk, RF024[bloom] -> tpcds_partitioned_parquet_snap.store_sales_0.ss_item_sk, RF026[bloom] -> tpcds_partitioned_parquet_snap.store_sales_0.ss_sold_date_sk
|  |     stored statistics:
|  |       table: rows=8.64G size=389.90GB
|  |       partitions: 1824/1824 rows=8.64G
|  |       columns: all
|  |     extrapolated-rows=disabled max-scan-range-rows=390.22M est-scan-range=374(filtered from 1824)
|  |     mem-estimate=16.00MB mem-reservation=8.00MB thread-reservation=0
|  |     tuple-ids=37 row-size=24B cardinality=861.52M(filtered from 8.64G) cost=610616051
|  |     in pipelines: 35(GETNEXT)
|  |
|  34:HASH JOIN [INNER JOIN, BROADCAST]
|  |  hash-table-id=03
|  |  hash predicates: tpcds_partitioned_parquet_snap.catalog_sales_0.cs_item_sk = tpcds_partitioned_parquet_snap.item_2.i_item_sk
|  |  fk/pk conjuncts: tpcds_partitioned_parquet_snap.catalog_sales_0.cs_item_sk = tpcds_partitioned_parquet_snap.item_2.i_item_sk
|  |  mem-estimate=0B mem-reservation=0B spill-buffer=256.00KB thread-reservation=0
|  |  tuple-ids=29,31,33N,35 row-size=90B cardinality=87.75M cost=126394195
|  |  in pipelines: 28(GETNEXT), 33(OPEN)
|  |
|  |--F44:PLAN FRAGMENT [RANDOM] hosts=10 instances=10
|  |  |  Per-Instance Resources: mem-estimate=59.46MB mem-reservation=58.00MB thread-reservation=1 runtime-filters-memory=1.00MB
|  |  |  max-parallelism=10 segment-costs=[83645]
|  |  JOIN BUILD
|  |  |  join-table-id=03 plan-id=04 cohort-id=02
|  |  |  build expressions: tpcds_partitioned_parquet_snap.item_2.i_item_sk
|  |  |  runtime filters: RF020[bloom] <- tpcds_partitioned_parquet_snap.item_2.i_item_sk, RF021[min_max] <- tpcds_partitioned_parquet_snap.item_2.i_item_sk
|  |  |  mem-estimate=57.00MB mem-reservation=57.00MB spill-buffer=256.00KB thread-reservation=0 cost=35915
|  |  |
|  |  75:EXCHANGE [BROADCAST]
|  |  |  mem-estimate=1.46MB mem-reservation=0B thread-reservation=0
|  |  |  tuple-ids=35 row-size=38B cardinality=35.91K cost=47730
|  |  |  in pipelines: 33(GETNEXT)
|  |  |
|  |  F24:PLAN FRAGMENT [RANDOM] hosts=4 instances=4
|  |  Per-Instance Resources: mem-estimate=16.16MB mem-reservation=512.00KB thread-reservation=1
|  |  max-parallelism=4 segment-costs=[148858]
|  |  33:SCAN HDFS [tpcds_partitioned_parquet_snap.item, RANDOM]
|  |     HDFS partitions=1/1 files=1 size=33.54MB
|  |     predicates: tpcds_partitioned_parquet_snap.item_2.i_category = 'Sports'
|  |     stored statistics:
|  |       table: rows=360.00K size=33.54MB
|  |       columns: all
|  |     extrapolated-rows=disabled max-scan-range-rows=101.54K
|  |     parquet statistics predicates: tpcds_partitioned_parquet_snap.item_2.i_category = 'Sports'
|  |     parquet dictionary predicates: tpcds_partitioned_parquet_snap.item_2.i_category = 'Sports'
|  |     mem-estimate=16.00MB mem-reservation=512.00KB thread-reservation=0
|  |     tuple-ids=35 row-size=38B cardinality=35.91K cost=144407
|  |     in pipelines: 33(GETNEXT)
|  |
|  32:HASH JOIN [LEFT OUTER JOIN, PARTITIONED]
|  |  hash-table-id=04
|  |  hash predicates: tpcds_partitioned_parquet_snap.catalog_sales_0.cs_item_sk = tpcds_partitioned_parquet_snap.catalog_returns_0.cr_item_sk, tpcds_partitioned_parquet_snap.catalog_sales_0.cs_order_number = tpcds_partitioned_parquet_snap.catalog_returns_0.cr_order_number
|  |  fk/pk conjuncts: tpcds_partitioned_parquet_snap.catalog_sales_0.cs_item_sk = tpcds_partitioned_parquet_snap.catalog_returns_0.cr_item_sk, tpcds_partitioned_parquet_snap.catalog_sales_0.cs_order_number = tpcds_partitioned_parquet_snap.catalog_returns_0.cr_order_number
|  |  mem-estimate=0B mem-reservation=0B spill-buffer=1.00MB thread-reservation=0
|  |  tuple-ids=29,31,33N row-size=52B cardinality=430.77M(filtered from 880.06M) cost=269959914
|  |  in pipelines: 28(GETNEXT), 31(OPEN)
|  |
|  |--F45:PLAN FRAGMENT [RANDOM] hosts=10 instances=120
|  |  |  Per-Instance Resources: mem-estimate=27.70MB mem-reservation=17.00MB thread-reservation=1
|  |  |  max-parallelism=120 segment-costs=[51975964]
|  |  JOIN BUILD
|  |  |  join-table-id=04 plan-id=05 cohort-id=02
|  |  |  build expressions: tpcds_partitioned_parquet_snap.catalog_returns_0.cr_item_sk, tpcds_partitioned_parquet_snap.catalog_returns_0.cr_order_number
|  |  |  mem-estimate=17.00MB mem-reservation=17.00MB spill-buffer=1.00MB thread-reservation=0 cost=43201699
|  |  |
|  |  74:EXCHANGE [HASH(tpcds_partitioned_parquet_snap.catalog_returns_0.cr_item_sk,tpcds_partitioned_parquet_snap.catalog_returns_0.cr_order_number)]
|  |  |  mem-estimate=10.70MB mem-reservation=0B thread-reservation=0
|  |  |  tuple-ids=33 row-size=20B cardinality=43.20M cost=8774265
|  |  |  in pipelines: 31(GETNEXT)
|  |  |
|  |  F22:PLAN FRAGMENT [RANDOM] hosts=10 instances=30 (adjusted from 120)
|  |  Per-Host Shared Resources: mem-estimate=1.00MB mem-reservation=1.00MB thread-reservation=0 runtime-filters-memory=1.00MB
|  |  Per-Instance Resources: mem-estimate=27.25MB mem-reservation=32.00KB thread-reservation=1
|  |  max-parallelism=30 segment-costs=[214461873]
|  |  31:SCAN HDFS [tpcds_partitioned_parquet_snap.catalog_returns, RANDOM]
|  |     HDFS partitions=2060/2060 files=2060 size=32.77GB
|  |     predicates: is_not_null_pred(tpcds_partitioned_parquet_snap.catalog_returns_0.cr_item_sk)
|  |     runtime filters: RF021[min_max] -> tpcds_partitioned_parquet_snap.catalog_returns_0.cr_item_sk, RF020[bloom] -> tpcds_partitioned_parquet_snap.catalog_returns_0.cr_item_sk
|  |     stored statistics:
|  |       table: rows=432.02M size=32.77GB
|  |       partitions: 2060/2060 rows=432.02M
|  |       columns: all
|  |     extrapolated-rows=disabled max-scan-range-rows=416.82K
|  |     parquet dictionary predicates: is_not_null_pred(tpcds_partitioned_parquet_snap.catalog_returns_0.cr_item_sk)
|  |     mem-estimate=16.00MB mem-reservation=32.00KB thread-reservation=0
|  |     tuple-ids=33 row-size=20B cardinality=43.20M cost=136560570
|  |     in pipelines: 31(GETNEXT)
|  |
|  73:EXCHANGE [HASH(tpcds_partitioned_parquet_snap.catalog_sales_0.cs_item_sk,tpcds_partitioned_parquet_snap.catalog_sales_0.cs_order_number)]
|  |  mem-estimate=14.69MB mem-reservation=0B thread-reservation=0
|  |  tuple-ids=29,31 row-size=32B cardinality=430.77M(filtered from 880.06M) cost=127120933
|  |  in pipelines: 28(GETNEXT)
|  |
|  F20:PLAN FRAGMENT [RANDOM] hosts=10 instances=120
|  Per-Host Shared Resources: mem-estimate=2.00MB mem-reservation=2.00MB thread-reservation=0 runtime-filters-memory=2.00MB
|  Per-Instance Resources: mem-estimate=34.75MB mem-reservation=1.00MB thread-reservation=1
|  max-parallelism=200 segment-costs=[1905712125]
|  30:HASH JOIN [INNER JOIN, BROADCAST]
|  |  hash-table-id=07
|  |  hash predicates: tpcds_partitioned_parquet_snap.catalog_sales_0.cs_sold_date_sk = tpcds_partitioned_parquet_snap.date_dim_2.d_date_sk
|  |  fk/pk conjuncts: tpcds_partitioned_parquet_snap.catalog_sales_0.cs_sold_date_sk = tpcds_partitioned_parquet_snap.date_dim_2.d_date_sk
|  |  mem-estimate=0B mem-reservation=0B spill-buffer=64.00KB thread-reservation=0
|  |  tuple-ids=29,31 row-size=32B cardinality=430.77M(filtered from 880.06M) cost=269959914
|  |  in pipelines: 28(GETNEXT), 29(OPEN)
|  |
|  |--F48:PLAN FRAGMENT [RANDOM] hosts=10 instances=10
|  |  |  Per-Instance Resources: mem-estimate=24.27MB mem-reservation=24.25MB thread-reservation=1 runtime-filters-memory=1.00MB
|  |  |  max-parallelism=10 segment-costs=[863]
|  |  JOIN BUILD
|  |  |  join-table-id=07 plan-id=08 cohort-id=02
|  |  |  build expressions: tpcds_partitioned_parquet_snap.date_dim_2.d_date_sk
|  |  |  runtime filters: RF022[bloom] <- tpcds_partitioned_parquet_snap.date_dim_2.d_date_sk
|  |  |  mem-estimate=23.25MB mem-reservation=23.25MB spill-buffer=64.00KB thread-reservation=0 cost=373
|  |  |
|  |  72:EXCHANGE [BROADCAST]
|  |  |  mem-estimate=16.00KB mem-reservation=0B thread-reservation=0
|  |  |  tuple-ids=31 row-size=8B cardinality=373 cost=490
|  |  |  in pipelines: 29(GETNEXT)
|  |  |
|  |  F21:PLAN FRAGMENT [RANDOM] hosts=1 instances=1
|  |  Per-Instance Resources: mem-estimate=16.05MB mem-reservation=512.00KB thread-reservation=1
|  |  max-parallelism=1 segment-costs=[10483]
|  |  29:SCAN HDFS [tpcds_partitioned_parquet_snap.date_dim, RANDOM]
|  |     HDFS partitions=1/1 files=1 size=2.17MB
|  |     predicates: tpcds_partitioned_parquet_snap.date_dim_2.d_year = subtract(CAST(2001 AS INT), CAST(1 AS INT))
|  |     stored statistics:
|  |       table: rows=73.05K size=2.17MB
|  |       columns: all
|  |     extrapolated-rows=disabled max-scan-range-rows=73.05K
|  |     parquet statistics predicates: tpcds_partitioned_parquet_snap.date_dim_2.d_year = subtract(CAST(2001 AS INT), CAST(1 AS INT))
|  |     parquet dictionary predicates: tpcds_partitioned_parquet_snap.date_dim_2.d_year = subtract(CAST(2001 AS INT), CAST(1 AS INT))
|  |     mem-estimate=16.00MB mem-reservation=512.00KB thread-reservation=0
|  |     tuple-ids=31 row-size=8B cardinality=373 cost=10467
|  |     in pipelines: 29(GETNEXT)
|  |
|  28:SCAN HDFS [tpcds_partitioned_parquet_snap.catalog_sales, RANDOM]
|     HDFS partitions=1831/1831 files=1831 size=280.96GB
|     runtime filters: RF021[min_max] -> tpcds_partitioned_parquet_snap.catalog_sales_0.cs_item_sk, RF020[bloom] -> tpcds_partitioned_parquet_snap.catalog_sales_0.cs_item_sk, RF022[bloom] -> tpcds_partitioned_parquet_snap.catalog_sales_0.cs_sold_date_sk
|     stored statistics:
|       table: rows=4.32G size=280.96GB
|       partitions: 1831/1831 rows=4.32G
|       columns: all
|     extrapolated-rows=disabled max-scan-range-rows=21.52M est-scan-range=374(filtered from 1831)
|     mem-estimate=16.00MB mem-reservation=1.00MB thread-reservation=0
|     tuple-ids=29 row-size=24B cardinality=430.77M(filtered from 4.32G) cost=304148590
|     in pipelines: 28(GETNEXT)
|
71:AGGREGATE [FINALIZE]
|  output: sum:merge(SALES_CNT), sum:merge(SALES_AMT)
|  group by: I_BRAND_ID, I_CLASS_ID, I_CATEGORY_ID, I_MANUFACT_ID
|  mem-estimate=128.00MB mem-reservation=34.00MB spill-buffer=2.00MB thread-reservation=0
|  tuple-ids=28 row-size=40B cardinality=307.98M cost=1839417475
|  in pipelines: 71(GETNEXT), 69(OPEN)
|
70:EXCHANGE [HASH(I_BRAND_ID,I_CLASS_ID,I_CATEGORY_ID,I_MANUFACT_ID)]
|  mem-estimate=15.16MB mem-reservation=0B thread-reservation=0
|  tuple-ids=28 row-size=40B cardinality=307.98M cost=90883718
|  in pipelines: 69(GETNEXT)
|
F18:PLAN FRAGMENT [HASH(I_BRAND_ID,I_CLASS_ID,I_CATEGORY_ID,I_MANUFACT_ID,SALES_CNT,SALES_AMT)] hosts=10 instances=120
Per-Instance Resources: mem-estimate=276.62MB mem-reservation=68.00MB thread-reservation=1
max-parallelism=190 segment-costs=[1891742598, 1839417475, 952015420] cpu-comparison-result=535 [max(120 (self) vs 535 (sum children))]
25:AGGREGATE [STREAMING]
|  output: sum(SALES_CNT), sum(SALES_AMT)
|  group by: I_BRAND_ID, I_CLASS_ID, I_CATEGORY_ID, I_MANUFACT_ID
|  mem-estimate=128.00MB mem-reservation=34.00MB spill-buffer=2.00MB thread-reservation=0
|  tuple-ids=28 row-size=40B cardinality=307.98M cost=1839417475
|  in pipelines: 69(GETNEXT)
|
69:AGGREGATE [FINALIZE]
|  group by: I_BRAND_ID, I_CLASS_ID, I_CATEGORY_ID, I_MANUFACT_ID, SALES_CNT, SALES_AMT
|  mem-estimate=128.00MB mem-reservation=34.00MB spill-buffer=2.00MB thread-reservation=0
|  tuple-ids=27 row-size=28B cardinality=307.98M cost=1817859155
|  in pipelines: 69(GETNEXT), 63(OPEN), 17(OPEN)
|
68:EXCHANGE [HASH(I_BRAND_ID,I_CLASS_ID,I_CATEGORY_ID,I_MANUFACT_ID,SALES_CNT,SALES_AMT)]
|  mem-estimate=13.75MB mem-reservation=0B thread-reservation=0
|  tuple-ids=27 row-size=28B cardinality=307.98M cost=73883443
|  in pipelines: 63(GETNEXT), 17(GETNEXT)
|
F17:PLAN FRAGMENT [RANDOM] hosts=10 instances=120
Per-Instance Resources: mem-estimate=284.75MB mem-reservation=68.00MB thread-reservation=1
max-parallelism=120 segment-costs=[1621201806, 2084965850, 714011565] cpu-comparison-result=535 [max(240 (self) vs 535 (sum children))]
24:AGGREGATE [STREAMING]
|  group by: I_BRAND_ID, I_CLASS_ID, I_CATEGORY_ID, I_MANUFACT_ID, SALES_CNT, SALES_AMT
|  mem-estimate=128.00MB mem-reservation=34.00MB spill-buffer=2.00MB thread-reservation=0
|  tuple-ids=27 row-size=28B cardinality=307.98M cost=1817859155
|  in pipelines: 63(GETNEXT), 17(GETNEXT)
|
00:UNION
|  pass-through-operands: 63
|  mem-estimate=0B mem-reservation=0B thread-reservation=0
|  tuple-ids=26 row-size=28B cardinality=307.98M cost=5041285
|  in pipelines: 63(GETNEXT), 17(GETNEXT)
|
|--23:HASH JOIN [INNER JOIN, BROADCAST]
|  |  hash-table-id=10
|  |  hash predicates: tpcds_partitioned_parquet_snap.web_sales.ws_item_sk = tpcds_partitioned_parquet_snap.item_1.i_item_sk
|  |  fk/pk conjuncts: tpcds_partitioned_parquet_snap.web_sales.ws_item_sk = tpcds_partitioned_parquet_snap.item_1.i_item_sk
|  |  mem-estimate=0B mem-reservation=0B spill-buffer=256.00KB thread-reservation=0
|  |  tuple-ids=18,20,22N,24 row-size=90B cardinality=44.04M cost=63225531
|  |  in pipelines: 17(GETNEXT), 22(OPEN)
|  |
|  |--F51:PLAN FRAGMENT [RANDOM] hosts=10 instances=10
|  |  |  Per-Instance Resources: mem-estimate=59.46MB mem-reservation=58.00MB thread-reservation=1 runtime-filters-memory=1.00MB
|  |  |  max-parallelism=10 segment-costs=[83645]
|  |  JOIN BUILD
|  |  |  join-table-id=10 plan-id=11 cohort-id=01
|  |  |  build expressions: tpcds_partitioned_parquet_snap.item_1.i_item_sk
|  |  |  runtime filters: RF016[bloom] <- tpcds_partitioned_parquet_snap.item_1.i_item_sk, RF017[min_max] <- tpcds_partitioned_parquet_snap.item_1.i_item_sk
|  |  |  mem-estimate=57.00MB mem-reservation=57.00MB spill-buffer=256.00KB thread-reservation=0 cost=35915
|  |  |
|  |  67:EXCHANGE [BROADCAST]
|  |  |  mem-estimate=1.46MB mem-reservation=0B thread-reservation=0
|  |  |  tuple-ids=24 row-size=38B cardinality=35.91K cost=47730
|  |  |  in pipelines: 22(GETNEXT)
|  |  |
|  |  F16:PLAN FRAGMENT [RANDOM] hosts=4 instances=4
|  |  Per-Instance Resources: mem-estimate=16.16MB mem-reservation=512.00KB thread-reservation=1
|  |  max-parallelism=4 segment-costs=[148858]
|  |  22:SCAN HDFS [tpcds_partitioned_parquet_snap.item, RANDOM]
|  |     HDFS partitions=1/1 files=1 size=33.54MB
|  |     predicates: tpcds_partitioned_parquet_snap.item_1.i_category = 'Sports'
|  |     runtime filters: RF004[min_max] -> tpcds_partitioned_parquet_snap.item_1.i_brand_id, RF005[min_max] -> tpcds_partitioned_parquet_snap.item_1.i_category_id, RF006[min_max] -> tpcds_partitioned_parquet_snap.item_1.i_class_id, RF007[min_max] -> tpcds_partitioned_parquet_snap.item_1.i_manufact_id
|  |     stored statistics:
|  |       table: rows=360.00K size=33.54MB
|  |       columns: all
|  |     extrapolated-rows=disabled max-scan-range-rows=101.54K
|  |     parquet statistics predicates: tpcds_partitioned_parquet_snap.item_1.i_category = 'Sports'
|  |     parquet dictionary predicates: tpcds_partitioned_parquet_snap.item_1.i_category = 'Sports'
|  |     mem-estimate=16.00MB mem-reservation=512.00KB thread-reservation=0
|  |     tuple-ids=24 row-size=38B cardinality=35.91K cost=144407
|  |     in pipelines: 22(GETNEXT)
|  |
|  21:HASH JOIN [LEFT OUTER JOIN, PARTITIONED]
|  |  hash-table-id=11
|  |  hash predicates: tpcds_partitioned_parquet_snap.web_sales.ws_item_sk = tpcds_partitioned_parquet_snap.web_returns.wr_item_sk, tpcds_partitioned_parquet_snap.web_sales.ws_order_number = tpcds_partitioned_parquet_snap.web_returns.wr_order_number
|  |  fk/pk conjuncts: tpcds_partitioned_parquet_snap.web_sales.ws_item_sk = tpcds_partitioned_parquet_snap.web_returns.wr_item_sk, tpcds_partitioned_parquet_snap.web_sales.ws_order_number = tpcds_partitioned_parquet_snap.web_returns.wr_order_number
|  |  mem-estimate=0B mem-reservation=0B spill-buffer=512.00KB thread-reservation=0
|  |  tuple-ids=18,20,22N row-size=52B cardinality=215.38M(filtered from 441.70M) cost=135281503
|  |  in pipelines: 17(GETNEXT), 20(OPEN)
|  |
|  |--F52:PLAN FRAGMENT [RANDOM] hosts=10 instances=120
|  |  |  Per-Instance Resources: mem-estimate=18.97MB mem-reservation=8.50MB thread-reservation=1
|  |  |  max-parallelism=120 segment-costs=[25987283]
|  |  JOIN BUILD
|  |  |  join-table-id=11 plan-id=12 cohort-id=01
|  |  |  build expressions: tpcds_partitioned_parquet_snap.web_returns.wr_item_sk, tpcds_partitioned_parquet_snap.web_returns.wr_order_number
|  |  |  mem-estimate=8.50MB mem-reservation=8.50MB spill-buffer=512.00KB thread-reservation=0 cost=21600269
|  |  |
|  |  66:EXCHANGE [HASH(tpcds_partitioned_parquet_snap.web_returns.wr_item_sk,tpcds_partitioned_parquet_snap.web_returns.wr_order_number)]
|  |  |  mem-estimate=10.47MB mem-reservation=0B thread-reservation=0
|  |  |  tuple-ids=22 row-size=20B cardinality=21.60M cost=4387014
|  |  |  in pipelines: 20(GETNEXT)
|  |  |
|  |  F14:PLAN FRAGMENT [RANDOM] hosts=10 instances=20 (adjusted from 120)
|  |  Per-Host Shared Resources: mem-estimate=1.00MB mem-reservation=1.00MB thread-reservation=0 runtime-filters-memory=1.00MB
|  |  Per-Instance Resources: mem-estimate=27.25MB mem-reservation=256.00KB thread-reservation=1
|  |  max-parallelism=20 segment-costs=[107228054]
|  |  20:SCAN HDFS [tpcds_partitioned_parquet_snap.web_returns, RANDOM]
|  |     HDFS partitions=2114/2114 files=2114 size=16.74GB
|  |     predicates: is_not_null_pred(tpcds_partitioned_parquet_snap.web_returns.wr_item_sk)
|  |     runtime filters: RF017[min_max] -> tpcds_partitioned_parquet_snap.web_returns.wr_item_sk, RF016[bloom] -> tpcds_partitioned_parquet_snap.web_returns.wr_item_sk
|  |     stored statistics:
|  |       table: rows=216.00M size=16.74GB
|  |       partitions: 2114/2114 rows=216.00M
|  |       columns: all
|  |     extrapolated-rows=disabled max-scan-range-rows=9.41M
|  |     parquet dictionary predicates: is_not_null_pred(tpcds_partitioned_parquet_snap.web_returns.wr_item_sk)
|  |     mem-estimate=16.00MB mem-reservation=256.00KB thread-reservation=0
|  |     tuple-ids=22 row-size=20B cardinality=21.60M cost=68278449
|  |     in pipelines: 20(GETNEXT)
|  |
|  65:EXCHANGE [HASH(tpcds_partitioned_parquet_snap.web_sales.ws_item_sk,tpcds_partitioned_parquet_snap.web_sales.ws_order_number)]
|  |  mem-estimate=14.69MB mem-reservation=0B thread-reservation=0
|  |  tuple-ids=18,20 row-size=32B cardinality=215.38M(filtered from 441.70M) cost=63558376
|  |  in pipelines: 17(GETNEXT)
|  |
|  F12:PLAN FRAGMENT [RANDOM] hosts=10 instances=120
|  Per-Host Shared Resources: mem-estimate=1.00MB mem-reservation=1.00MB thread-reservation=0 runtime-filters-memory=1.00MB
|  Per-Instance Resources: mem-estimate=34.75MB mem-reservation=128.00KB thread-reservation=1
|  max-parallelism=160 segment-costs=[1547546352]
|  19:HASH JOIN [INNER JOIN, BROADCAST]
|  |  hash-table-id=18
|  |  hash predicates: tpcds_partitioned_parquet_snap.web_sales.ws_sold_date_sk = tpcds_partitioned_parquet_snap.date_dim_1.d_date_sk
|  |  fk/pk conjuncts: tpcds_partitioned_parquet_snap.web_sales.ws_sold_date_sk = tpcds_partitioned_parquet_snap.date_dim_1.d_date_sk
|  |  mem-estimate=0B mem-reservation=0B spill-buffer=64.00KB thread-reservation=0
|  |  tuple-ids=18,20 row-size=32B cardinality=215.38M(filtered from 441.70M) cost=135281503
|  |  in pipelines: 17(GETNEXT), 18(OPEN)
|  |
|  |--F59:PLAN FRAGMENT [RANDOM] hosts=10 instances=10
|  |  |  Per-Instance Resources: mem-estimate=23.27MB mem-reservation=23.25MB thread-reservation=1
|  |  |  max-parallelism=10 segment-costs=[863]
|  |  JOIN BUILD
|  |  |  join-table-id=18 plan-id=19 cohort-id=01
|  |  |  build expressions: tpcds_partitioned_parquet_snap.date_dim_1.d_date_sk
|  |  |  mem-estimate=23.25MB mem-reservation=23.25MB spill-buffer=64.00KB thread-reservation=0 cost=373
|  |  |
|  |  64:EXCHANGE [BROADCAST]
|  |  |  mem-estimate=16.00KB mem-reservation=0B thread-reservation=0
|  |  |  tuple-ids=20 row-size=8B cardinality=373 cost=490
|  |  |  in pipelines: 18(GETNEXT)
|  |  |
|  |  F13:PLAN FRAGMENT [RANDOM] hosts=1 instances=1
|  |  Per-Instance Resources: mem-estimate=16.05MB mem-reservation=512.00KB thread-reservation=1
|  |  max-parallelism=1 segment-costs=[10483]
|  |  18:SCAN HDFS [tpcds_partitioned_parquet_snap.date_dim, RANDOM]
|  |     HDFS partitions=1/1 files=1 size=2.17MB
|  |     predicates: tpcds_partitioned_parquet_snap.date_dim_1.d_year = CAST(2001 AS INT)
|  |     stored statistics:
|  |       table: rows=73.05K size=2.17MB
|  |       columns: all
|  |     extrapolated-rows=disabled max-scan-range-rows=73.05K
|  |     parquet statistics predicates: tpcds_partitioned_parquet_snap.date_dim_1.d_year = CAST(2001 AS INT)
|  |     parquet dictionary predicates: tpcds_partitioned_parquet_snap.date_dim_1.d_year = CAST(2001 AS INT)
|  |     mem-estimate=16.00MB mem-reservation=512.00KB thread-reservation=0
|  |     tuple-ids=20 row-size=8B cardinality=373 cost=10467
|  |     in pipelines: 18(GETNEXT)
|  |
|  17:SCAN HDFS [tpcds_partitioned_parquet_snap.web_sales, RANDOM]
|     HDFS partitions=1824/1824 files=1824 size=145.75GB
|     runtime filters: RF017[min_max] -> tpcds_partitioned_parquet_snap.web_sales.ws_item_sk, RF016[bloom] -> tpcds_partitioned_parquet_snap.web_sales.ws_item_sk
|     stored statistics:
|       table: rows=2.16G size=145.75GB
|       partitions: 1824/1824 rows=2.16G
|       columns: all
|     extrapolated-rows=disabled max-scan-range-rows=3.37M
|     mem-estimate=16.00MB mem-reservation=128.00KB thread-reservation=0
|     tuple-ids=18 row-size=24B cardinality=215.38M(filtered from 2.16G) cost=746484929
|     in pipelines: 17(GETNEXT)
|
63:AGGREGATE [FINALIZE]
|  group by: I_BRAND_ID, I_CLASS_ID, I_CATEGORY_ID, I_MANUFACT_ID, SALES_CNT, SALES_AMT
|  mem-estimate=128.00MB mem-reservation=34.00MB spill-buffer=2.00MB thread-reservation=0
|  tuple-ids=17 row-size=28B cardinality=263.93M cost=1557884539
|  in pipelines: 63(GETNEXT), 02(OPEN), 09(OPEN)
|
62:EXCHANGE [HASH(I_BRAND_ID,I_CLASS_ID,I_CATEGORY_ID,I_MANUFACT_ID,SALES_CNT,SALES_AMT)]
|  mem-estimate=13.75MB mem-reservation=0B thread-reservation=0
|  tuple-ids=17 row-size=28B cardinality=263.93M cost=63317267
|  in pipelines: 02(GETNEXT), 09(GETNEXT)
|
F10:PLAN FRAGMENT [RANDOM] hosts=10 instances=120
Per-Instance Resources: mem-estimate=157.69MB mem-reservation=34.00MB thread-reservation=1
max-parallelism=120 segment-costs=[3159838554, 611899758] cpu-comparison-result=370 [max(360 (self) vs 370 (sum children))]
16:AGGREGATE [STREAMING]
|  group by: I_BRAND_ID, I_CLASS_ID, I_CATEGORY_ID, I_MANUFACT_ID, SALES_CNT, SALES_AMT
|  mem-estimate=128.00MB mem-reservation=34.00MB spill-buffer=2.00MB thread-reservation=0
|  tuple-ids=17 row-size=28B cardinality=263.93M cost=1557884539
|  in pipelines: 02(GETNEXT), 09(GETNEXT)
|
01:UNION
|  mem-estimate=0B mem-reservation=0B thread-reservation=0
|  tuple-ids=16 row-size=28B cardinality=263.93M cost=30209647
|  in pipelines: 02(GETNEXT), 09(GETNEXT)
|
|--15:HASH JOIN [INNER JOIN, BROADCAST]
|  |  hash-table-id=14
|  |  hash predicates: tpcds_partitioned_parquet_snap.store_sales.ss_item_sk = tpcds_partitioned_parquet_snap.item_0.i_item_sk
|  |  fk/pk conjuncts: tpcds_partitioned_parquet_snap.store_sales.ss_item_sk = tpcds_partitioned_parquet_snap.item_0.i_item_sk
|  |  mem-estimate=0B mem-reservation=0B spill-buffer=256.00KB thread-reservation=0
|  |  tuple-ids=8,10,12N,14 row-size=90B cardinality=176.18M cost=252903977
|  |  in pipelines: 09(GETNEXT), 14(OPEN)
|  |
|  |--F55:PLAN FRAGMENT [RANDOM] hosts=10 instances=10
|  |  |  Per-Instance Resources: mem-estimate=59.46MB mem-reservation=58.00MB thread-reservation=1 runtime-filters-memory=1.00MB
|  |  |  max-parallelism=10 segment-costs=[83645]
|  |  JOIN BUILD
|  |  |  join-table-id=14 plan-id=15 cohort-id=01
|  |  |  build expressions: tpcds_partitioned_parquet_snap.item_0.i_item_sk
|  |  |  runtime filters: RF012[bloom] <- tpcds_partitioned_parquet_snap.item_0.i_item_sk, RF013[min_max] <- tpcds_partitioned_parquet_snap.item_0.i_item_sk
|  |  |  mem-estimate=57.00MB mem-reservation=57.00MB spill-buffer=256.00KB thread-reservation=0 cost=35915
|  |  |
|  |  61:EXCHANGE [BROADCAST]
|  |  |  mem-estimate=1.46MB mem-reservation=0B thread-reservation=0
|  |  |  tuple-ids=14 row-size=38B cardinality=35.91K cost=47730
|  |  |  in pipelines: 14(GETNEXT)
|  |  |
|  |  F09:PLAN FRAGMENT [RANDOM] hosts=4 instances=4
|  |  Per-Instance Resources: mem-estimate=16.16MB mem-reservation=512.00KB thread-reservation=1
|  |  max-parallelism=4 segment-costs=[148858]
|  |  14:SCAN HDFS [tpcds_partitioned_parquet_snap.item, RANDOM]
|  |     HDFS partitions=1/1 files=1 size=33.54MB
|  |     predicates: tpcds_partitioned_parquet_snap.item_0.i_category = 'Sports'
|  |     runtime filters: RF004[min_max] -> tpcds_partitioned_parquet_snap.item_0.i_brand_id, RF005[min_max] -> tpcds_partitioned_parquet_snap.item_0.i_category_id, RF006[min_max] -> tpcds_partitioned_parquet_snap.item_0.i_class_id, RF007[min_max] -> tpcds_partitioned_parquet_snap.item_0.i_manufact_id
|  |     stored statistics:
|  |       table: rows=360.00K size=33.54MB
|  |       columns: all
|  |     extrapolated-rows=disabled max-scan-range-rows=101.54K
|  |     parquet statistics predicates: tpcds_partitioned_parquet_snap.item_0.i_category = 'Sports'
|  |     parquet dictionary predicates: tpcds_partitioned_parquet_snap.item_0.i_category = 'Sports'
|  |     mem-estimate=16.00MB mem-reservation=512.00KB thread-reservation=0
|  |     tuple-ids=14 row-size=38B cardinality=35.91K cost=144407
|  |     in pipelines: 14(GETNEXT)
|  |
|  13:HASH JOIN [LEFT OUTER JOIN, PARTITIONED]
|  |  hash-table-id=15
|  |  hash predicates: tpcds_partitioned_parquet_snap.store_sales.ss_item_sk = tpcds_partitioned_parquet_snap.store_returns.sr_item_sk, tpcds_partitioned_parquet_snap.store_sales.ss_ticket_number = tpcds_partitioned_parquet_snap.store_returns.sr_ticket_number
|  |  fk/pk conjuncts: tpcds_partitioned_parquet_snap.store_sales.ss_item_sk = tpcds_partitioned_parquet_snap.store_returns.sr_item_sk, tpcds_partitioned_parquet_snap.store_sales.ss_ticket_number = tpcds_partitioned_parquet_snap.store_returns.sr_ticket_number
|  |  mem-estimate=0B mem-reservation=0B spill-buffer=2.00MB thread-reservation=0
|  |  tuple-ids=8,10,12N row-size=52B cardinality=861.52M(filtered from 1.77G) cost=541129979
|  |  in pipelines: 09(GETNEXT), 12(OPEN)
|  |
|  |--F56:PLAN FRAGMENT [RANDOM] hosts=10 instances=120
|  |  |  Per-Instance Resources: mem-estimate=45.17MB mem-reservation=34.00MB thread-reservation=1
|  |  |  max-parallelism=120 segment-costs=[103946472]
|  |  JOIN BUILD
|  |  |  join-table-id=15 plan-id=16 cohort-id=01
|  |  |  build expressions: tpcds_partitioned_parquet_snap.store_returns.sr_item_sk, tpcds_partitioned_parquet_snap.store_returns.sr_ticket_number
|  |  |  mem-estimate=34.00MB mem-reservation=34.00MB spill-buffer=2.00MB thread-reservation=0 cost=86398863
|  |  |
|  |  60:EXCHANGE [HASH(tpcds_partitioned_parquet_snap.store_returns.sr_item_sk,tpcds_partitioned_parquet_snap.store_returns.sr_ticket_number)]
|  |  |  mem-estimate=11.17MB mem-reservation=0B thread-reservation=0
|  |  |  tuple-ids=12 row-size=20B cardinality=86.40M cost=17547609
|  |  |  in pipelines: 12(GETNEXT)
|  |  |
|  |  F07:PLAN FRAGMENT [RANDOM] hosts=10 instances=50 (adjusted from 120)
|  |  Per-Host Shared Resources: mem-estimate=1.00MB mem-reservation=1.00MB thread-reservation=0 runtime-filters-memory=1.00MB
|  |  Per-Instance Resources: mem-estimate=27.25MB mem-reservation=512.00KB thread-reservation=1
|  |  max-parallelism=50 segment-costs=[428901235]
|  |  12:SCAN HDFS [tpcds_partitioned_parquet_snap.store_returns, RANDOM]
|  |     HDFS partitions=2004/2004 files=2004 size=48.14GB
|  |     predicates: is_not_null_pred(tpcds_partitioned_parquet_snap.store_returns.sr_item_sk)
|  |     runtime filters: RF013[min_max] -> tpcds_partitioned_parquet_snap.store_returns.sr_item_sk, RF012[bloom] -> tpcds_partitioned_parquet_snap.store_returns.sr_item_sk
|  |     stored statistics:
|  |       table: rows=863.99M size=48.14GB
|  |       partitions: 2004/2004 rows=863.99M
|  |       columns: all
|  |     extrapolated-rows=disabled max-scan-range-rows=30.09M
|  |     parquet dictionary predicates: is_not_null_pred(tpcds_partitioned_parquet_snap.store_returns.sr_item_sk)
|  |     mem-estimate=16.00MB mem-reservation=512.00KB thread-reservation=0
|  |     tuple-ids=12 row-size=20B cardinality=86.40M cost=273106806
|  |     in pipelines: 12(GETNEXT)
|  |
|  59:EXCHANGE [HASH(tpcds_partitioned_parquet_snap.store_sales.ss_item_sk,tpcds_partitioned_parquet_snap.store_sales.ss_ticket_number)]
|  |  mem-estimate=14.69MB mem-reservation=0B thread-reservation=0
|  |  tuple-ids=8,10 row-size=32B cardinality=861.52M(filtered from 1.77G) cost=254235370
|  |  in pipelines: 09(GETNEXT)
|  |
|  F05:PLAN FRAGMENT [RANDOM] hosts=10 instances=120
|  Per-Host Shared Resources: mem-estimate=2.00MB mem-reservation=2.00MB thread-reservation=0 runtime-filters-memory=2.00MB
|  Per-Instance Resources: mem-estimate=34.75MB mem-reservation=8.00MB thread-reservation=1
|  max-parallelism=374 segment-costs=[3814885225]
|  11:HASH JOIN [INNER JOIN, BROADCAST]
|  |  hash-table-id=17
|  |  hash predicates: tpcds_partitioned_parquet_snap.store_sales.ss_sold_date_sk = tpcds_partitioned_parquet_snap.date_dim_0.d_date_sk
|  |  fk/pk conjuncts: tpcds_partitioned_parquet_snap.store_sales.ss_sold_date_sk = tpcds_partitioned_parquet_snap.date_dim_0.d_date_sk
|  |  mem-estimate=0B mem-reservation=0B spill-buffer=64.00KB thread-reservation=0
|  |  tuple-ids=8,10 row-size=32B cardinality=861.52M(filtered from 1.77G) cost=541129979
|  |  in pipelines: 09(GETNEXT), 10(OPEN)
|  |
|  |--F58:PLAN FRAGMENT [RANDOM] hosts=10 instances=10
|  |  |  Per-Instance Resources: mem-estimate=24.27MB mem-reservation=24.25MB thread-reservation=1 runtime-filters-memory=1.00MB
|  |  |  max-parallelism=10 segment-costs=[863]
|  |  JOIN BUILD
|  |  |  join-table-id=17 plan-id=18 cohort-id=01
|  |  |  build expressions: tpcds_partitioned_parquet_snap.date_dim_0.d_date_sk
|  |  |  runtime filters: RF014[bloom] <- tpcds_partitioned_parquet_snap.date_dim_0.d_date_sk
|  |  |  mem-estimate=23.25MB mem-reservation=23.25MB spill-buffer=64.00KB thread-reservation=0 cost=373
|  |  |
|  |  58:EXCHANGE [BROADCAST]
|  |  |  mem-estimate=16.00KB mem-reservation=0B thread-reservation=0
|  |  |  tuple-ids=10 row-size=8B cardinality=373 cost=490
|  |  |  in pipelines: 10(GETNEXT)
|  |  |
|  |  F06:PLAN FRAGMENT [RANDOM] hosts=1 instances=1
|  |  Per-Instance Resources: mem-estimate=16.05MB mem-reservation=512.00KB thread-reservation=1
|  |  max-parallelism=1 segment-costs=[10483]
|  |  10:SCAN HDFS [tpcds_partitioned_parquet_snap.date_dim, RANDOM]
|  |     HDFS partitions=1/1 files=1 size=2.17MB
|  |     predicates: tpcds_partitioned_parquet_snap.date_dim_0.d_year = CAST(2001 AS INT)
|  |     stored statistics:
|  |       table: rows=73.05K size=2.17MB
|  |       columns: all
|  |     extrapolated-rows=disabled max-scan-range-rows=73.05K
|  |     parquet statistics predicates: tpcds_partitioned_parquet_snap.date_dim_0.d_year = CAST(2001 AS INT)
|  |     parquet dictionary predicates: tpcds_partitioned_parquet_snap.date_dim_0.d_year = CAST(2001 AS INT)
|  |     mem-estimate=16.00MB mem-reservation=512.00KB thread-reservation=0
|  |     tuple-ids=10 row-size=8B cardinality=373 cost=10467
|  |     in pipelines: 10(GETNEXT)
|  |
|  09:SCAN HDFS [tpcds_partitioned_parquet_snap.store_sales, RANDOM]
|     HDFS partitions=1824/1824 files=1824 size=389.90GB
|     runtime filters: RF013[min_max] -> tpcds_partitioned_parquet_snap.store_sales.ss_item_sk, RF012[bloom] -> tpcds_partitioned_parquet_snap.store_sales.ss_item_sk, RF014[bloom] -> tpcds_partitioned_parquet_snap.store_sales.ss_sold_date_sk
|     stored statistics:
|       table: rows=8.64G size=389.90GB
|       partitions: 1824/1824 rows=8.64G
|       columns: all
|     extrapolated-rows=disabled max-scan-range-rows=390.22M est-scan-range=374(filtered from 1824)
|     mem-estimate=16.00MB mem-reservation=8.00MB thread-reservation=0
|     tuple-ids=8 row-size=24B cardinality=861.52M(filtered from 8.64G) cost=610616051
|     in pipelines: 09(GETNEXT)
|
08:HASH JOIN [INNER JOIN, BROADCAST]
|  hash-table-id=12
|  hash predicates: tpcds_partitioned_parquet_snap.catalog_sales.cs_item_sk = tpcds_partitioned_parquet_snap.item.i_item_sk
|  fk/pk conjuncts: tpcds_partitioned_parquet_snap.catalog_sales.cs_item_sk = tpcds_partitioned_parquet_snap.item.i_item_sk
|  mem-estimate=0B mem-reservation=0B spill-buffer=256.00KB thread-reservation=0
|  tuple-ids=0,2,4N,6 row-size=90B cardinality=87.75M cost=126394195
|  in pipelines: 02(GETNEXT), 07(OPEN)
|
|--F53:PLAN FRAGMENT [RANDOM] hosts=10 instances=10
|  |  Per-Instance Resources: mem-estimate=59.46MB mem-reservation=58.00MB thread-reservation=1 runtime-filters-memory=1.00MB
|  |  max-parallelism=10 segment-costs=[83645]
|  JOIN BUILD
|  |  join-table-id=12 plan-id=13 cohort-id=01
|  |  build expressions: tpcds_partitioned_parquet_snap.item.i_item_sk
|  |  runtime filters: RF008[bloom] <- tpcds_partitioned_parquet_snap.item.i_item_sk, RF009[min_max] <- tpcds_partitioned_parquet_snap.item.i_item_sk
|  |  mem-estimate=57.00MB mem-reservation=57.00MB spill-buffer=256.00KB thread-reservation=0 cost=35915
|  |
|  57:EXCHANGE [BROADCAST]
|  |  mem-estimate=1.46MB mem-reservation=0B thread-reservation=0
|  |  tuple-ids=6 row-size=38B cardinality=35.91K cost=47730
|  |  in pipelines: 07(GETNEXT)
|  |
|  F04:PLAN FRAGMENT [RANDOM] hosts=4 instances=4
|  Per-Instance Resources: mem-estimate=16.16MB mem-reservation=512.00KB thread-reservation=1
|  max-parallelism=4 segment-costs=[148858]
|  07:SCAN HDFS [tpcds_partitioned_parquet_snap.item, RANDOM]
|     HDFS partitions=1/1 files=1 size=33.54MB
|     predicates: tpcds_partitioned_parquet_snap.item.i_category = 'Sports'
|     runtime filters: RF004[min_max] -> tpcds_partitioned_parquet_snap.item.i_brand_id, RF005[min_max] -> tpcds_partitioned_parquet_snap.item.i_category_id, RF006[min_max] -> tpcds_partitioned_parquet_snap.item.i_class_id, RF007[min_max] -> tpcds_partitioned_parquet_snap.item.i_manufact_id
|     stored statistics:
|       table: rows=360.00K size=33.54MB
|       columns: all
|     extrapolated-rows=disabled max-scan-range-rows=101.54K
|     parquet statistics predicates: tpcds_partitioned_parquet_snap.item.i_category = 'Sports'
|     parquet dictionary predicates: tpcds_partitioned_parquet_snap.item.i_category = 'Sports'
|     mem-estimate=16.00MB mem-reservation=512.00KB thread-reservation=0
|     tuple-ids=6 row-size=38B cardinality=35.91K cost=144407
|     in pipelines: 07(GETNEXT)
|
06:HASH JOIN [LEFT OUTER JOIN, PARTITIONED]
|  hash-table-id=13
|  hash predicates: tpcds_partitioned_parquet_snap.catalog_sales.cs_item_sk = tpcds_partitioned_parquet_snap.catalog_returns.cr_item_sk, tpcds_partitioned_parquet_snap.catalog_sales.cs_order_number = tpcds_partitioned_parquet_snap.catalog_returns.cr_order_number
|  fk/pk conjuncts: tpcds_partitioned_parquet_snap.catalog_sales.cs_item_sk = tpcds_partitioned_parquet_snap.catalog_returns.cr_item_sk, tpcds_partitioned_parquet_snap.catalog_sales.cs_order_number = tpcds_partitioned_parquet_snap.catalog_returns.cr_order_number
|  mem-estimate=0B mem-reservation=0B spill-buffer=1.00MB thread-reservation=0
|  tuple-ids=0,2,4N row-size=52B cardinality=430.77M(filtered from 880.06M) cost=269959914
|  in pipelines: 02(GETNEXT), 05(OPEN)
|
|--F54:PLAN FRAGMENT [RANDOM] hosts=10 instances=120
|  |  Per-Instance Resources: mem-estimate=27.70MB mem-reservation=17.00MB thread-reservation=1
|  |  max-parallelism=120 segment-costs=[51975964]
|  JOIN BUILD
|  |  join-table-id=13 plan-id=14 cohort-id=01
|  |  build expressions: tpcds_partitioned_parquet_snap.catalog_returns.cr_item_sk, tpcds_partitioned_parquet_snap.catalog_returns.cr_order_number
|  |  mem-estimate=17.00MB mem-reservation=17.00MB spill-buffer=1.00MB thread-reservation=0 cost=43201699
|  |
|  56:EXCHANGE [HASH(tpcds_partitioned_parquet_snap.catalog_returns.cr_item_sk,tpcds_partitioned_parquet_snap.catalog_returns.cr_order_number)]
|  |  mem-estimate=10.70MB mem-reservation=0B thread-reservation=0
|  |  tuple-ids=4 row-size=20B cardinality=43.20M cost=8774265
|  |  in pipelines: 05(GETNEXT)
|  |
|  F02:PLAN FRAGMENT [RANDOM] hosts=10 instances=30 (adjusted from 120)
|  Per-Host Shared Resources: mem-estimate=1.00MB mem-reservation=1.00MB thread-reservation=0 runtime-filters-memory=1.00MB
|  Per-Instance Resources: mem-estimate=27.25MB mem-reservation=32.00KB thread-reservation=1
|  max-parallelism=30 segment-costs=[214461873]
|  05:SCAN HDFS [tpcds_partitioned_parquet_snap.catalog_returns, RANDOM]
|     HDFS partitions=2060/2060 files=2060 size=32.77GB
|     predicates: is_not_null_pred(tpcds_partitioned_parquet_snap.catalog_returns.cr_item_sk)
|     runtime filters: RF009[min_max] -> tpcds_partitioned_parquet_snap.catalog_returns.cr_item_sk, RF008[bloom] -> tpcds_partitioned_parquet_snap.catalog_returns.cr_item_sk
|     stored statistics:
|       table: rows=432.02M size=32.77GB
|       partitions: 2060/2060 rows=432.02M
|       columns: all
|     extrapolated-rows=disabled max-scan-range-rows=416.82K
|     parquet dictionary predicates: is_not_null_pred(tpcds_partitioned_parquet_snap.catalog_returns.cr_item_sk)
|     mem-estimate=16.00MB mem-reservation=32.00KB thread-reservation=0
|     tuple-ids=4 row-size=20B cardinality=43.20M cost=136560570
|     in pipelines: 05(GETNEXT)
|
55:EXCHANGE [HASH(tpcds_partitioned_parquet_snap.catalog_sales.cs_item_sk,tpcds_partitioned_parquet_snap.catalog_sales.cs_order_number)]
|  mem-estimate=14.69MB mem-reservation=0B thread-reservation=0
|  tuple-ids=0,2 row-size=32B cardinality=430.77M(filtered from 880.06M) cost=127120933
|  in pipelines: 02(GETNEXT)
|
F00:PLAN FRAGMENT [RANDOM] hosts=10 instances=120
Per-Host Shared Resources: mem-estimate=2.00MB mem-reservation=2.00MB thread-reservation=0 runtime-filters-memory=2.00MB
Per-Instance Resources: mem-estimate=34.75MB mem-reservation=1.00MB thread-reservation=1
max-parallelism=200 segment-costs=[1905712125]
04:HASH JOIN [INNER JOIN, BROADCAST]
|  hash-table-id=16
|  hash predicates: tpcds_partitioned_parquet_snap.catalog_sales.cs_sold_date_sk = tpcds_partitioned_parquet_snap.date_dim.d_date_sk
|  fk/pk conjuncts: tpcds_partitioned_parquet_snap.catalog_sales.cs_sold_date_sk = tpcds_partitioned_parquet_snap.date_dim.d_date_sk
|  mem-estimate=0B mem-reservation=0B spill-buffer=64.00KB thread-reservation=0
|  tuple-ids=0,2 row-size=32B cardinality=430.77M(filtered from 880.06M) cost=269959914
|  in pipelines: 02(GETNEXT), 03(OPEN)
|
|--F57:PLAN FRAGMENT [RANDOM] hosts=10 instances=10
|  |  Per-Instance Resources: mem-estimate=24.27MB mem-reservation=24.25MB thread-reservation=1 runtime-filters-memory=1.00MB
|  |  max-parallelism=10 segment-costs=[863]
|  JOIN BUILD
|  |  join-table-id=16 plan-id=17 cohort-id=01
|  |  build expressions: tpcds_partitioned_parquet_snap.date_dim.d_date_sk
|  |  runtime filters: RF010[bloom] <- tpcds_partitioned_parquet_snap.date_dim.d_date_sk
|  |  mem-estimate=23.25MB mem-reservation=23.25MB spill-buffer=64.00KB thread-reservation=0 cost=373
|  |
|  54:EXCHANGE [BROADCAST]
|  |  mem-estimate=16.00KB mem-reservation=0B thread-reservation=0
|  |  tuple-ids=2 row-size=8B cardinality=373 cost=490
|  |  in pipelines: 03(GETNEXT)
|  |
|  F01:PLAN FRAGMENT [RANDOM] hosts=1 instances=1
|  Per-Instance Resources: mem-estimate=16.05MB mem-reservation=512.00KB thread-reservation=1
|  max-parallelism=1 segment-costs=[10483]
|  03:SCAN HDFS [tpcds_partitioned_parquet_snap.date_dim, RANDOM]
|     HDFS partitions=1/1 files=1 size=2.17MB
|     predicates: tpcds_partitioned_parquet_snap.date_dim.d_year = CAST(2001 AS INT)
|     stored statistics:
|       table: rows=73.05K size=2.17MB
|       columns: all
|     extrapolated-rows=disabled max-scan-range-rows=73.05K
|     parquet statistics predicates: tpcds_partitioned_parquet_snap.date_dim.d_year = CAST(2001 AS INT)
|     parquet dictionary predicates: tpcds_partitioned_parquet_snap.date_dim.d_year = CAST(2001 AS INT)
|     mem-estimate=16.00MB mem-reservation=512.00KB thread-reservation=0
|     tuple-ids=2 row-size=8B cardinality=373 cost=10467
|     in pipelines: 03(GETNEXT)
|
02:SCAN HDFS [tpcds_partitioned_parquet_snap.catalog_sales, RANDOM]
   HDFS partitions=1831/1831 files=1831 size=280.96GB
   runtime filters: RF009[min_max] -> tpcds_partitioned_parquet_snap.catalog_sales.cs_item_sk, RF008[bloom] -> tpcds_partitioned_parquet_snap.catalog_sales.cs_item_sk, RF010[bloom] -> tpcds_partitioned_parquet_snap.catalog_sales.cs_sold_date_sk
   stored statistics:
     table: rows=4.32G size=280.96GB
     partitions: 1831/1831 rows=4.32G
     columns: all
   extrapolated-rows=disabled max-scan-range-rows=21.52M est-scan-range=374(filtered from 1831)
   mem-estimate=16.00MB mem-reservation=1.00MB thread-reservation=0
   tuple-ids=0 row-size=24B cardinality=430.77M(filtered from 4.32G) cost=304148590
   in pipelines: 02(GETNEXT)
====
