# TPCDS-Q53
# start query 53 in stream 0 using template query53.tpl using seed 1028297039
select  * from
(select i_manufact_id,
sum(ss_sales_price) sum_sales,
avg(sum(ss_sales_price)) over (partition by i_manufact_id) avg_quarterly_sales
from item, store_sales, date_dim, store
where ss_item_sk = i_item_sk and
ss_sold_date_sk = d_date_sk and
ss_store_sk = s_store_sk and
d_month_seq in (1218,1218+1,1218+2,1218+3,1218+4,1218+5,1218+6,1218+7,1218+8,1218+9,1218+10,1218+11) and
((i_category in ('Books','Children','Electronics') and
i_class in ('personal','portable','reference','self-help') and
i_brand in ('scholaramalgamalg #14','scholaramalgamalg #7',
		'exportiunivamalg #9','scholaramalgamalg #9'))
or(i_category in ('Women','Music','Men') and
i_class in ('accessories','classical','fragrances','pants') and
i_brand in ('amalgimporto #1','edu packscholar #1','exportiimporto #1',
		'importoamalg #1')))
group by i_manufact_id, d_qoy ) tmp1
where case when avg_quarterly_sales > 0
	then abs (sum_sales - avg_quarterly_sales)/ avg_quarterly_sales
	else null end > 0.1
order by avg_quarterly_sales,
	 sum_sales,
	 i_manufact_id
limit 100

# end query 53 in stream 0 using template query53.tpl
---- PLAN
Max Per-Host Resource Reservation: Memory=15.25MB Threads=1
Per-Host Resource Estimates: Memory=77MB
F00:PLAN FRAGMENT [UNPARTITIONED] hosts=1 instances=1
|  Per-Instance Resources: mem-estimate=76.81MB mem-reservation=15.25MB thread-reservation=1 runtime-filters-memory=3.00MB
|  max-parallelism=1 segment-costs=[1896962121, 5554, 9508, 300]
PLAN-ROOT SINK
|  output exprs: tpcds_partitioned_parquet_snap.item.i_manufact_id, sum(tpcds_partitioned_parquet_snap.store_sales.ss_sales_price), avg(sum(tpcds_partitioned_parquet_snap.store_sales.ss_sales_price))
|  mem-estimate=4.00MB mem-reservation=4.00MB spill-buffer=2.00MB thread-reservation=0 cost=300
|
11:TOP-N [LIMIT=100]
|  order by: avg(sum(tpcds_partitioned_parquet_snap.store_sales.ss_sales_price)) ASC NULLS LAST, sum(tpcds_partitioned_parquet_snap.store_sales.ss_sales_price) ASC NULLS LAST, tpcds_partitioned_parquet_snap.item.i_manufact_id ASC NULLS LAST
|  mem-estimate=3.52KB mem-reservation=0B thread-reservation=0
|  tuple-ids=15 row-size=36B cardinality=100 cost=1852
|  in pipelines: 11(GETNEXT), 08(OPEN)
|
10:SELECT
|  predicates: CASE WHEN avg(sum(tpcds_partitioned_parquet_snap.store_sales.ss_sales_price)) > CAST(0 AS DECIMAL(3,0)) THEN divide(abs(subtract(sum(tpcds_partitioned_parquet_snap.store_sales.ss_sales_price), avg(sum(tpcds_partitioned_parquet_snap.store_sales.ss_sales_price)))), avg(sum(tpcds_partitioned_parquet_snap.store_sales.ss_sales_price))) ELSE NULL END > CAST(0.1 AS DECIMAL(2,1))
|  mem-estimate=0B mem-reservation=0B thread-reservation=0
|  tuple-ids=13,12 row-size=40B cardinality=383 cost=3828
|  in pipelines: 08(GETNEXT)
|
09:ANALYTIC
|  functions: avg(sum(tpcds_partitioned_parquet_snap.store_sales.ss_sales_price))
|  partition by: tpcds_partitioned_parquet_snap.item.i_manufact_id
|  window: RANGE BETWEEN UNBOUNDED PRECEDING AND UNBOUNDED FOLLOWING
|  mem-estimate=4.00MB mem-reservation=4.00MB spill-buffer=2.00MB thread-reservation=0
|  tuple-ids=13,12 row-size=40B cardinality=3.83K cost=3828
|  in pipelines: 08(GETNEXT)
|
08:SORT
|  order by: tpcds_partitioned_parquet_snap.item.i_manufact_id ASC NULLS LAST
|  mem-estimate=6.00MB mem-reservation=6.00MB spill-buffer=2.00MB thread-reservation=0
|  tuple-ids=13 row-size=24B cardinality=3.83K cost=5554
|  in pipelines: 08(GETNEXT), 07(OPEN)
|
07:AGGREGATE [FINALIZE]
|  output: sum(tpcds_partitioned_parquet_snap.store_sales.ss_sales_price)
|  group by: tpcds_partitioned_parquet_snap.item.i_manufact_id, tpcds_partitioned_parquet_snap.date_dim.d_qoy
|  mem-estimate=10.00MB mem-reservation=1.94MB spill-buffer=64.00KB thread-reservation=0
|  tuple-ids=8 row-size=24B cardinality=3.83K cost=475389
|  in pipelines: 07(GETNEXT), 00(OPEN)
|
06:HASH JOIN [INNER JOIN]
|  hash predicates: tpcds_partitioned_parquet_snap.store_sales.ss_sold_date_sk = tpcds_partitioned_parquet_snap.date_dim.d_date_sk
|  fk/pk conjuncts: tpcds_partitioned_parquet_snap.store_sales.ss_sold_date_sk = tpcds_partitioned_parquet_snap.date_dim.d_date_sk
|  runtime filters: RF000[bloom] <- tpcds_partitioned_parquet_snap.date_dim.d_date_sk
|  mem-estimate=1.94MB mem-reservation=1.94MB spill-buffer=64.00KB thread-reservation=0
|  tuple-ids=0,2,4,6 row-size=106B cardinality=333.35K cost=150296
|  in pipelines: 00(GETNEXT), 05(OPEN)
|
|--05:SCAN HDFS [tpcds_partitioned_parquet_snap.date_dim]
|     HDFS partitions=1/1 files=1 size=2.17MB
|     predicates: tpcds_partitioned_parquet_snap.date_dim.d_month_seq = CAST(1218 AS INT) OR tpcds_partitioned_parquet_snap.date_dim.d_month_seq = add(CAST(1218 AS INT), CAST(1 AS INT)) OR tpcds_partitioned_parquet_snap.date_dim.d_month_seq = add(CAST(1218 AS INT), CAST(2 AS INT)) OR tpcds_partitioned_parquet_snap.date_dim.d_month_seq = add(CAST(1218 AS INT), CAST(3 AS INT)) OR tpcds_partitioned_parquet_snap.date_dim.d_month_seq = add(CAST(1218 AS INT), CAST(4 AS INT)) OR tpcds_partitioned_parquet_snap.date_dim.d_month_seq = add(CAST(1218 AS INT), CAST(5 AS INT)) OR tpcds_partitioned_parquet_snap.date_dim.d_month_seq = add(CAST(1218 AS INT), CAST(6 AS INT)) OR tpcds_partitioned_parquet_snap.date_dim.d_month_seq = add(CAST(1218 AS INT), CAST(7 AS INT)) OR tpcds_partitioned_parquet_snap.date_dim.d_month_seq = add(CAST(1218 AS INT), CAST(8 AS INT)) OR tpcds_partitioned_parquet_snap.date_dim.d_month_seq = add(CAST(1218 AS INT), CAST(9 AS INT)) OR tpcds_partitioned_parquet_snap.date_dim.d_month_seq = add(CAST(1218 AS INT), CAST(10 AS INT)) OR tpcds_partitioned_parquet_snap.date_dim.d_month_seq = add(CAST(1218 AS INT), CAST(11 AS INT)), tpcds_partitioned_parquet_snap.date_dim.d_date_sk IS NOT NULL
|     stored statistics:
|       table: rows=73.05K size=2.17MB
|       columns: all
|     extrapolated-rows=disabled max-scan-range-rows=73.05K
|     parquet dictionary predicates: tpcds_partitioned_parquet_snap.date_dim.d_month_seq = CAST(1218 AS INT) OR tpcds_partitioned_parquet_snap.date_dim.d_month_seq = add(CAST(1218 AS INT), CAST(1 AS INT)) OR tpcds_partitioned_parquet_snap.date_dim.d_month_seq = add(CAST(1218 AS INT), CAST(2 AS INT)) OR tpcds_partitioned_parquet_snap.date_dim.d_month_seq = add(CAST(1218 AS INT), CAST(3 AS INT)) OR tpcds_partitioned_parquet_snap.date_dim.d_month_seq = add(CAST(1218 AS INT), CAST(4 AS INT)) OR tpcds_partitioned_parquet_snap.date_dim.d_month_seq = add(CAST(1218 AS INT), CAST(5 AS INT)) OR tpcds_partitioned_parquet_snap.date_dim.d_month_seq = add(CAST(1218 AS INT), CAST(6 AS INT)) OR tpcds_partitioned_parquet_snap.date_dim.d_month_seq = add(CAST(1218 AS INT), CAST(7 AS INT)) OR tpcds_partitioned_parquet_snap.date_dim.d_month_seq = add(CAST(1218 AS INT), CAST(8 AS INT)) OR tpcds_partitioned_parquet_snap.date_dim.d_month_seq = add(CAST(1218 AS INT), CAST(9 AS INT)) OR tpcds_partitioned_parquet_snap.date_dim.d_month_seq = add(CAST(1218 AS INT), CAST(10 AS INT)) OR tpcds_partitioned_parquet_snap.date_dim.d_month_seq = add(CAST(1218 AS INT), CAST(11 AS INT)), tpcds_partitioned_parquet_snap.date_dim.d_date_sk IS NOT NULL
|     mem-estimate=16.00MB mem-reservation=512.00KB thread-reservation=0
|     tuple-ids=6 row-size=12B cardinality=361 cost=16728
|     in pipelines: 05(GETNEXT)
|
04:HASH JOIN [INNER JOIN]
|  hash predicates: tpcds_partitioned_parquet_snap.store_sales.ss_item_sk = tpcds_partitioned_parquet_snap.item.i_item_sk
|  fk/pk conjuncts: tpcds_partitioned_parquet_snap.store_sales.ss_item_sk = tpcds_partitioned_parquet_snap.item.i_item_sk
|  runtime filters: RF002[bloom] <- tpcds_partitioned_parquet_snap.item.i_item_sk, RF003[min_max] <- tpcds_partitioned_parquet_snap.item.i_item_sk
|  mem-estimate=1.94MB mem-reservation=1.94MB spill-buffer=64.00KB thread-reservation=0
|  tuple-ids=0,2,4 row-size=94B cardinality=349.05K(filtered from 1.68M) cost=394802
|  in pipelines: 00(GETNEXT), 03(OPEN)
|
|--03:SCAN HDFS [tpcds_partitioned_parquet_snap.item]
|     HDFS partitions=1/1 files=1 size=33.54MB
|     predicates: tpcds_partitioned_parquet_snap.item.i_brand IN ('amalgimporto #1', 'edu packscholar #1', 'exportiimporto #1', 'exportiunivamalg #9', 'importoamalg #1', 'scholaramalgamalg #14', 'scholaramalgamalg #7', 'scholaramalgamalg #9'), tpcds_partitioned_parquet_snap.item.i_class IN ('accessories', 'classical', 'fragrances', 'pants', 'personal', 'portable', 'reference', 'self-help'), tpcds_partitioned_parquet_snap.item.i_brand IN ('exportiunivamalg #9', 'scholaramalgamalg #14', 'scholaramalgamalg #7', 'scholaramalgamalg #9') OR tpcds_partitioned_parquet_snap.item.i_class IN ('accessories', 'classical', 'fragrances', 'pants'), tpcds_partitioned_parquet_snap.item.i_class IN ('personal', 'portable', 'reference', 'self-help') OR tpcds_partitioned_parquet_snap.item.i_brand IN ('amalgimporto #1', 'edu packscholar #1', 'exportiimporto #1', 'importoamalg #1'), tpcds_partitioned_parquet_snap.item.i_brand IN ('exportiunivamalg #9', 'scholaramalgamalg #14', 'scholaramalgamalg #7', 'scholaramalgamalg #9') OR tpcds_partitioned_parquet_snap.item.i_category IN ('Men', 'Music', 'Women'), tpcds_partitioned_parquet_snap.item.i_category IN ('Books', 'Children', 'Electronics') OR tpcds_partitioned_parquet_snap.item.i_brand IN ('amalgimporto #1', 'edu packscholar #1', 'exportiimporto #1', 'importoamalg #1'), tpcds_partitioned_parquet_snap.item.i_category IN ('Books', 'Children', 'Electronics') OR tpcds_partitioned_parquet_snap.item.i_class IN ('accessories', 'classical', 'fragrances', 'pants'), tpcds_partitioned_parquet_snap.item.i_class IN ('personal', 'portable', 'reference', 'self-help') OR tpcds_partitioned_parquet_snap.item.i_category IN ('Men', 'Music', 'Women'), tpcds_partitioned_parquet_snap.item.i_category IN ('Books', 'Children', 'Electronics', 'Men', 'Music', 'Women'), tpcds_partitioned_parquet_snap.item.i_item_sk IS NOT NULL
|     stored statistics:
|       table: rows=360.00K size=33.54MB
|       columns: all
|     extrapolated-rows=disabled max-scan-range-rows=101.54K
|     parquet statistics predicates: tpcds_partitioned_parquet_snap.item.i_brand IN ('amalgimporto #1', 'edu packscholar #1', 'exportiimporto #1', 'exportiunivamalg #9', 'importoamalg #1', 'scholaramalgamalg #14', 'scholaramalgamalg #7', 'scholaramalgamalg #9'), tpcds_partitioned_parquet_snap.item.i_class IN ('accessories', 'classical', 'fragrances', 'pants', 'personal', 'portable', 'reference', 'self-help'), tpcds_partitioned_parquet_snap.item.i_category IN ('Books', 'Children', 'Electronics', 'Men', 'Music', 'Women')
|     parquet dictionary predicates: tpcds_partitioned_parquet_snap.item.i_brand IN ('amalgimporto #1', 'edu packscholar #1', 'exportiimporto #1', 'exportiunivamalg #9', 'importoamalg #1', 'scholaramalgamalg #14', 'scholaramalgamalg #7', 'scholaramalgamalg #9'), tpcds_partitioned_parquet_snap.item.i_class IN ('accessories', 'classical', 'fragrances', 'pants', 'personal', 'portable', 'reference', 'self-help'), tpcds_partitioned_parquet_snap.item.i_category IN ('Books', 'Children', 'Electronics', 'Men', 'Music', 'Women'), tpcds_partitioned_parquet_snap.item.i_item_sk IS NOT NULL
|     mem-estimate=16.00MB mem-reservation=512.00KB thread-reservation=0
|     tuple-ids=4 row-size=74B cardinality=77 cost=297386
|     in pipelines: 03(GETNEXT)
|
02:HASH JOIN [INNER JOIN]
|  hash predicates: tpcds_partitioned_parquet_snap.store_sales.ss_store_sk = tpcds_partitioned_parquet_snap.store.s_store_sk
|  fk/pk conjuncts: tpcds_partitioned_parquet_snap.store_sales.ss_store_sk = tpcds_partitioned_parquet_snap.store.s_store_sk
|  runtime filters: RF004[bloom] <- tpcds_partitioned_parquet_snap.store.s_store_sk, RF005[min_max] <- tpcds_partitioned_parquet_snap.store.s_store_sk
|  mem-estimate=1.94MB mem-reservation=1.94MB spill-buffer=64.00KB thread-reservation=0
|  tuple-ids=0,2 row-size=20B cardinality=349.05K(filtered from 7.88G) cost=1427679576
|  in pipelines: 00(GETNEXT), 01(OPEN)
|
|--01:SCAN HDFS [tpcds_partitioned_parquet_snap.store]
|     HDFS partitions=1/1 files=1 size=119.76KB
|     predicates: tpcds_partitioned_parquet_snap.store.s_store_sk IS NOT NULL
|     stored statistics:
|       table: rows=1.35K size=119.76KB
|       columns: all
|     extrapolated-rows=disabled max-scan-range-rows=1.35K
|     parquet dictionary predicates: tpcds_partitioned_parquet_snap.store.s_store_sk IS NOT NULL
|     mem-estimate=16.00MB mem-reservation=16.00KB thread-reservation=0
|     tuple-ids=2 row-size=4B cardinality=1.35K cost=115
|     in pipelines: 01(GETNEXT)
|
00:SCAN HDFS [tpcds_partitioned_parquet_snap.store_sales]
   partition predicates: tpcds_partitioned_parquet_snap.store_sales.ss_sold_date_sk IS NOT NULL
   HDFS partitions=1823/1824 files=1823 size=389.69GB
   predicates: tpcds_partitioned_parquet_snap.store_sales.ss_store_sk IS NOT NULL, tpcds_partitioned_parquet_snap.store_sales.ss_item_sk IS NOT NULL
   runtime filters: RF003[min_max] -> tpcds_partitioned_parquet_snap.store_sales.ss_item_sk, RF005[min_max] -> tpcds_partitioned_parquet_snap.store_sales.ss_store_sk, RF000[bloom] -> tpcds_partitioned_parquet_snap.store_sales.ss_sold_date_sk, RF002[bloom] -> tpcds_partitioned_parquet_snap.store_sales.ss_item_sk, RF004[bloom] -> tpcds_partitioned_parquet_snap.store_sales.ss_store_sk
   stored statistics:
     table: rows=8.64G size=389.90GB
     partitions: 1823/1823 rows=8.25G
     columns: all
   extrapolated-rows=disabled max-scan-range-rows=12.22M est-scan-range=361(filtered from 1823)
   parquet dictionary predicates: tpcds_partitioned_parquet_snap.store_sales.ss_store_sk IS NOT NULL, tpcds_partitioned_parquet_snap.store_sales.ss_item_sk IS NOT NULL
   mem-estimate=16.00MB mem-reservation=512.00KB thread-reservation=0
   tuple-ids=0 row-size=16B cardinality=349.05K(filtered from 7.88G) cost=467947829
   in pipelines: 00(GETNEXT)
---- DISTRIBUTEDPLAN
Max Per-Host Resource Reservation: Memory=122.70MB Threads=21
Per-Host Resource Estimates: Memory=477MB
F06:PLAN FRAGMENT [UNPARTITIONED] hosts=1 instances=1
|  Per-Instance Resources: mem-estimate=4.04MB mem-reservation=4.00MB thread-reservation=1
|  max-parallelism=1 segment-costs=[332] cpu-comparison-result=120 [max(1 (self) vs 120 (sum children))]
PLAN-ROOT SINK
|  output exprs: tpcds_partitioned_parquet_snap.item.i_manufact_id, sum(tpcds_partitioned_parquet_snap.store_sales.ss_sales_price), avg(sum(tpcds_partitioned_parquet_snap.store_sales.ss_sales_price))
|  mem-estimate=4.00MB mem-reservation=4.00MB spill-buffer=2.00MB thread-reservation=0 cost=300
|
18:MERGING-EXCHANGE [UNPARTITIONED]
|  order by: avg(sum(tpcds_partitioned_parquet_snap.store_sales.ss_sales_price)) ASC NULLS LAST, sum(tpcds_partitioned_parquet_snap.store_sales.ss_sales_price) ASC NULLS LAST, tpcds_partitioned_parquet_snap.item.i_manufact_id ASC NULLS LAST
|  limit: 100
|  mem-estimate=39.41KB mem-reservation=0B thread-reservation=0
|  tuple-ids=15 row-size=36B cardinality=100 cost=32
|  in pipelines: 11(GETNEXT)
|
F05:PLAN FRAGMENT [HASH(tpcds_partitioned_parquet_snap.item.i_manufact_id)] hosts=10 instances=10 (adjusted from 120)
Per-Instance Resources: mem-estimate=10.28MB mem-reservation=10.00MB thread-reservation=1
max-parallelism=10 segment-costs=[6401, 9508, 125] cpu-comparison-result=120 [max(10 (self) vs 120 (sum children))]
11:TOP-N [LIMIT=100]
|  order by: avg(sum(tpcds_partitioned_parquet_snap.store_sales.ss_sales_price)) ASC NULLS LAST, sum(tpcds_partitioned_parquet_snap.store_sales.ss_sales_price) ASC NULLS LAST, tpcds_partitioned_parquet_snap.item.i_manufact_id ASC NULLS LAST
|  mem-estimate=3.52KB mem-reservation=0B thread-reservation=0
|  tuple-ids=15 row-size=36B cardinality=100 cost=1852
|  in pipelines: 11(GETNEXT), 08(OPEN)
|
10:SELECT
|  predicates: CASE WHEN avg(sum(tpcds_partitioned_parquet_snap.store_sales.ss_sales_price)) > CAST(0 AS DECIMAL(3,0)) THEN divide(abs(subtract(sum(tpcds_partitioned_parquet_snap.store_sales.ss_sales_price), avg(sum(tpcds_partitioned_parquet_snap.store_sales.ss_sales_price)))), avg(sum(tpcds_partitioned_parquet_snap.store_sales.ss_sales_price))) ELSE NULL END > CAST(0.1 AS DECIMAL(2,1))
|  mem-estimate=0B mem-reservation=0B thread-reservation=0
|  tuple-ids=13,12 row-size=40B cardinality=383 cost=3828
|  in pipelines: 08(GETNEXT)
|
09:ANALYTIC
|  functions: avg(sum(tpcds_partitioned_parquet_snap.store_sales.ss_sales_price))
|  partition by: tpcds_partitioned_parquet_snap.item.i_manufact_id
|  window: RANGE BETWEEN UNBOUNDED PRECEDING AND UNBOUNDED FOLLOWING
|  mem-estimate=4.00MB mem-reservation=4.00MB spill-buffer=2.00MB thread-reservation=0
|  tuple-ids=13,12 row-size=40B cardinality=3.83K cost=3828
|  in pipelines: 08(GETNEXT)
|
08:SORT
|  order by: tpcds_partitioned_parquet_snap.item.i_manufact_id ASC NULLS LAST
|  mem-estimate=6.00MB mem-reservation=6.00MB spill-buffer=2.00MB thread-reservation=0
|  tuple-ids=13 row-size=24B cardinality=3.83K cost=5554
|  in pipelines: 08(GETNEXT), 16(OPEN)
|
17:EXCHANGE [HASH(tpcds_partitioned_parquet_snap.item.i_manufact_id)]
|  mem-estimate=288.97KB mem-reservation=0B thread-reservation=0
|  tuple-ids=8 row-size=24B cardinality=3.83K cost=847
|  in pipelines: 16(GETNEXT)
|
F04:PLAN FRAGMENT [HASH(tpcds_partitioned_parquet_snap.item.i_manufact_id,tpcds_partitioned_parquet_snap.date_dim.d_qoy)] hosts=10 instances=10 (adjusted from 120)
Per-Instance Resources: mem-estimate=13.82MB mem-reservation=1.94MB thread-reservation=1
max-parallelism=10 segment-costs=[395683, 7888] cpu-comparison-result=120 [max(10 (self) vs 120 (sum children))]
16:AGGREGATE [FINALIZE]
|  output: sum:merge(tpcds_partitioned_parquet_snap.store_sales.ss_sales_price)
|  group by: tpcds_partitioned_parquet_snap.item.i_manufact_id, tpcds_partitioned_parquet_snap.date_dim.d_qoy
|  mem-estimate=10.00MB mem-reservation=1.94MB spill-buffer=64.00KB thread-reservation=0
|  tuple-ids=8 row-size=24B cardinality=3.83K cost=343161
|  in pipelines: 16(GETNEXT), 00(OPEN)
|
15:EXCHANGE [HASH(tpcds_partitioned_parquet_snap.item.i_manufact_id,tpcds_partitioned_parquet_snap.date_dim.d_qoy)]
|  mem-estimate=3.82MB mem-reservation=0B thread-reservation=0
|  tuple-ids=8 row-size=24B cardinality=237.12K cost=52522
|  in pipelines: 00(GETNEXT)
|
F00:PLAN FRAGMENT [RANDOM] hosts=10 instances=120
Per-Host Shared Resources: mem-estimate=3.00MB mem-reservation=3.00MB thread-reservation=0 runtime-filters-memory=3.00MB
Per-Instance Resources: mem-estimate=27.09MB mem-reservation=2.50MB thread-reservation=1
max-parallelism=190 segment-costs=[1897702567, 488656] cpu-comparison-result=120 [max(120 (self) vs 36 (sum children))]
07:AGGREGATE [STREAMING]
|  output: sum(tpcds_partitioned_parquet_snap.store_sales.ss_sales_price)
|  group by: tpcds_partitioned_parquet_snap.item.i_manufact_id, tpcds_partitioned_parquet_snap.date_dim.d_qoy
|  mem-estimate=10.00MB mem-reservation=2.00MB spill-buffer=64.00KB thread-reservation=0
|  tuple-ids=8 row-size=24B cardinality=237.12K cost=1531852
|  in pipelines: 00(GETNEXT)
|
06:HASH JOIN [INNER JOIN, BROADCAST]
|  hash-table-id=00
|  hash predicates: tpcds_partitioned_parquet_snap.store_sales.ss_sold_date_sk = tpcds_partitioned_parquet_snap.date_dim.d_date_sk
|  fk/pk conjuncts: tpcds_partitioned_parquet_snap.store_sales.ss_sold_date_sk = tpcds_partitioned_parquet_snap.date_dim.d_date_sk
|  mem-estimate=0B mem-reservation=0B spill-buffer=64.00KB thread-reservation=0
|  tuple-ids=0,2,4,6 row-size=106B cardinality=333.35K cost=149935
|  in pipelines: 00(GETNEXT), 05(OPEN)
|
|--F07:PLAN FRAGMENT [RANDOM] hosts=10 instances=10
|  |  Per-Instance Resources: mem-estimate=24.27MB mem-reservation=24.25MB thread-reservation=1 runtime-filters-memory=1.00MB
|  |  max-parallelism=10 segment-costs=[831]
|  JOIN BUILD
|  |  join-table-id=00 plan-id=01 cohort-id=01
|  |  build expressions: tpcds_partitioned_parquet_snap.date_dim.d_date_sk
|  |  runtime filters: RF000[bloom] <- tpcds_partitioned_parquet_snap.date_dim.d_date_sk
|  |  mem-estimate=23.25MB mem-reservation=23.25MB spill-buffer=64.00KB thread-reservation=0 cost=361
|  |
|  14:EXCHANGE [BROADCAST]
|  |  mem-estimate=16.00KB mem-reservation=0B thread-reservation=0
|  |  tuple-ids=6 row-size=12B cardinality=361 cost=470
|  |  in pipelines: 05(GETNEXT)
|  |
|  F03:PLAN FRAGMENT [RANDOM] hosts=1 instances=1
|  Per-Instance Resources: mem-estimate=16.06MB mem-reservation=512.00KB thread-reservation=1
|  max-parallelism=1 segment-costs=[16747]
|  05:SCAN HDFS [tpcds_partitioned_parquet_snap.date_dim, RANDOM]
|     HDFS partitions=1/1 files=1 size=2.17MB
|     predicates: tpcds_partitioned_parquet_snap.date_dim.d_month_seq = CAST(1218 AS INT) OR tpcds_partitioned_parquet_snap.date_dim.d_month_seq = add(CAST(1218 AS INT), CAST(1 AS INT)) OR tpcds_partitioned_parquet_snap.date_dim.d_month_seq = add(CAST(1218 AS INT), CAST(2 AS INT)) OR tpcds_partitioned_parquet_snap.date_dim.d_month_seq = add(CAST(1218 AS INT), CAST(3 AS INT)) OR tpcds_partitioned_parquet_snap.date_dim.d_month_seq = add(CAST(1218 AS INT), CAST(4 AS INT)) OR tpcds_partitioned_parquet_snap.date_dim.d_month_seq = add(CAST(1218 AS INT), CAST(5 AS INT)) OR tpcds_partitioned_parquet_snap.date_dim.d_month_seq = add(CAST(1218 AS INT), CAST(6 AS INT)) OR tpcds_partitioned_parquet_snap.date_dim.d_month_seq = add(CAST(1218 AS INT), CAST(7 AS INT)) OR tpcds_partitioned_parquet_snap.date_dim.d_month_seq = add(CAST(1218 AS INT), CAST(8 AS INT)) OR tpcds_partitioned_parquet_snap.date_dim.d_month_seq = add(CAST(1218 AS INT), CAST(9 AS INT)) OR tpcds_partitioned_parquet_snap.date_dim.d_month_seq = add(CAST(1218 AS INT), CAST(10 AS INT)) OR tpcds_partitioned_parquet_snap.date_dim.d_month_seq = add(CAST(1218 AS INT), CAST(11 AS INT)), tpcds_partitioned_parquet_snap.date_dim.d_date_sk IS NOT NULL
|     stored statistics:
|       table: rows=73.05K size=2.17MB
|       columns: all
|     extrapolated-rows=disabled max-scan-range-rows=73.05K
|     parquet dictionary predicates: tpcds_partitioned_parquet_snap.date_dim.d_month_seq = CAST(1218 AS INT) OR tpcds_partitioned_parquet_snap.date_dim.d_month_seq = add(CAST(1218 AS INT), CAST(1 AS INT)) OR tpcds_partitioned_parquet_snap.date_dim.d_month_seq = add(CAST(1218 AS INT), CAST(2 AS INT)) OR tpcds_partitioned_parquet_snap.date_dim.d_month_seq = add(CAST(1218 AS INT), CAST(3 AS INT)) OR tpcds_partitioned_parquet_snap.date_dim.d_month_seq = add(CAST(1218 AS INT), CAST(4 AS INT)) OR tpcds_partitioned_parquet_snap.date_dim.d_month_seq = add(CAST(1218 AS INT), CAST(5 AS INT)) OR tpcds_partitioned_parquet_snap.date_dim.d_month_seq = add(CAST(1218 AS INT), CAST(6 AS INT)) OR tpcds_partitioned_parquet_snap.date_dim.d_month_seq = add(CAST(1218 AS INT), CAST(7 AS INT)) OR tpcds_partitioned_parquet_snap.date_dim.d_month_seq = add(CAST(1218 AS INT), CAST(8 AS INT)) OR tpcds_partitioned_parquet_snap.date_dim.d_month_seq = add(CAST(1218 AS INT), CAST(9 AS INT)) OR tpcds_partitioned_parquet_snap.date_dim.d_month_seq = add(CAST(1218 AS INT), CAST(10 AS INT)) OR tpcds_partitioned_parquet_snap.date_dim.d_month_seq = add(CAST(1218 AS INT), CAST(11 AS INT)), tpcds_partitioned_parquet_snap.date_dim.d_date_sk IS NOT NULL
|     mem-estimate=16.00MB mem-reservation=512.00KB thread-reservation=0
|     tuple-ids=6 row-size=12B cardinality=361 cost=16728
|     in pipelines: 05(GETNEXT)
|
04:HASH JOIN [INNER JOIN, BROADCAST]
|  hash-table-id=01
|  hash predicates: tpcds_partitioned_parquet_snap.store_sales.ss_item_sk = tpcds_partitioned_parquet_snap.item.i_item_sk
|  fk/pk conjuncts: tpcds_partitioned_parquet_snap.store_sales.ss_item_sk = tpcds_partitioned_parquet_snap.item.i_item_sk
|  mem-estimate=0B mem-reservation=0B spill-buffer=64.00KB thread-reservation=0
|  tuple-ids=0,2,4 row-size=94B cardinality=349.05K(filtered from 1.68M) cost=394725
|  in pipelines: 00(GETNEXT), 03(OPEN)
|
|--F08:PLAN FRAGMENT [RANDOM] hosts=10 instances=10
|  |  Per-Instance Resources: mem-estimate=24.28MB mem-reservation=24.25MB thread-reservation=1 runtime-filters-memory=1.00MB
|  |  max-parallelism=10 segment-costs=[177]
|  JOIN BUILD
|  |  join-table-id=01 plan-id=02 cohort-id=01
|  |  build expressions: tpcds_partitioned_parquet_snap.item.i_item_sk
|  |  runtime filters: RF002[bloom] <- tpcds_partitioned_parquet_snap.item.i_item_sk, RF003[min_max] <- tpcds_partitioned_parquet_snap.item.i_item_sk
|  |  mem-estimate=23.25MB mem-reservation=23.25MB spill-buffer=64.00KB thread-reservation=0 cost=77
|  |
|  13:EXCHANGE [BROADCAST]
|  |  mem-estimate=28.97KB mem-reservation=0B thread-reservation=0
|  |  tuple-ids=4 row-size=74B cardinality=77 cost=100
|  |  in pipelines: 03(GETNEXT)
|  |
|  F02:PLAN FRAGMENT [RANDOM] hosts=4 instances=4
|  Per-Instance Resources: mem-estimate=16.30MB mem-reservation=512.00KB thread-reservation=1
|  max-parallelism=4 segment-costs=[297403]
|  03:SCAN HDFS [tpcds_partitioned_parquet_snap.item, RANDOM]
|     HDFS partitions=1/1 files=1 size=33.54MB
|     predicates: tpcds_partitioned_parquet_snap.item.i_brand IN ('amalgimporto #1', 'edu packscholar #1', 'exportiimporto #1', 'exportiunivamalg #9', 'importoamalg #1', 'scholaramalgamalg #14', 'scholaramalgamalg #7', 'scholaramalgamalg #9'), tpcds_partitioned_parquet_snap.item.i_class IN ('accessories', 'classical', 'fragrances', 'pants', 'personal', 'portable', 'reference', 'self-help'), tpcds_partitioned_parquet_snap.item.i_brand IN ('exportiunivamalg #9', 'scholaramalgamalg #14', 'scholaramalgamalg #7', 'scholaramalgamalg #9') OR tpcds_partitioned_parquet_snap.item.i_class IN ('accessories', 'classical', 'fragrances', 'pants'), tpcds_partitioned_parquet_snap.item.i_class IN ('personal', 'portable', 'reference', 'self-help') OR tpcds_partitioned_parquet_snap.item.i_brand IN ('amalgimporto #1', 'edu packscholar #1', 'exportiimporto #1', 'importoamalg #1'), tpcds_partitioned_parquet_snap.item.i_brand IN ('exportiunivamalg #9', 'scholaramalgamalg #14', 'scholaramalgamalg #7', 'scholaramalgamalg #9') OR tpcds_partitioned_parquet_snap.item.i_category IN ('Men', 'Music', 'Women'), tpcds_partitioned_parquet_snap.item.i_category IN ('Books', 'Children', 'Electronics') OR tpcds_partitioned_parquet_snap.item.i_brand IN ('amalgimporto #1', 'edu packscholar #1', 'exportiimporto #1', 'importoamalg #1'), tpcds_partitioned_parquet_snap.item.i_category IN ('Books', 'Children', 'Electronics') OR tpcds_partitioned_parquet_snap.item.i_class IN ('accessories', 'classical', 'fragrances', 'pants'), tpcds_partitioned_parquet_snap.item.i_class IN ('personal', 'portable', 'reference', 'self-help') OR tpcds_partitioned_parquet_snap.item.i_category IN ('Men', 'Music', 'Women'), tpcds_partitioned_parquet_snap.item.i_category IN ('Books', 'Children', 'Electronics', 'Men', 'Music', 'Women'), tpcds_partitioned_parquet_snap.item.i_item_sk IS NOT NULL
|     stored statistics:
|       table: rows=360.00K size=33.54MB
|       columns: all
|     extrapolated-rows=disabled max-scan-range-rows=101.54K
|     parquet statistics predicates: tpcds_partitioned_parquet_snap.item.i_brand IN ('amalgimporto #1', 'edu packscholar #1', 'exportiimporto #1', 'exportiunivamalg #9', 'importoamalg #1', 'scholaramalgamalg #14', 'scholaramalgamalg #7', 'scholaramalgamalg #9'), tpcds_partitioned_parquet_snap.item.i_class IN ('accessories', 'classical', 'fragrances', 'pants', 'personal', 'portable', 'reference', 'self-help'), tpcds_partitioned_parquet_snap.item.i_category IN ('Books', 'Children', 'Electronics', 'Men', 'Music', 'Women')
|     parquet dictionary predicates: tpcds_partitioned_parquet_snap.item.i_brand IN ('amalgimporto #1', 'edu packscholar #1', 'exportiimporto #1', 'exportiunivamalg #9', 'importoamalg #1', 'scholaramalgamalg #14', 'scholaramalgamalg #7', 'scholaramalgamalg #9'), tpcds_partitioned_parquet_snap.item.i_class IN ('accessories', 'classical', 'fragrances', 'pants', 'personal', 'portable', 'reference', 'self-help'), tpcds_partitioned_parquet_snap.item.i_category IN ('Books', 'Children', 'Electronics', 'Men', 'Music', 'Women'), tpcds_partitioned_parquet_snap.item.i_item_sk IS NOT NULL
|     mem-estimate=16.00MB mem-reservation=512.00KB thread-reservation=0
|     tuple-ids=4 row-size=74B cardinality=77 cost=297386
|     in pipelines: 03(GETNEXT)
|
02:HASH JOIN [INNER JOIN, BROADCAST]
|  hash-table-id=02
|  hash predicates: tpcds_partitioned_parquet_snap.store_sales.ss_store_sk = tpcds_partitioned_parquet_snap.store.s_store_sk
|  fk/pk conjuncts: tpcds_partitioned_parquet_snap.store_sales.ss_store_sk = tpcds_partitioned_parquet_snap.store.s_store_sk
|  mem-estimate=0B mem-reservation=0B spill-buffer=64.00KB thread-reservation=0
|  tuple-ids=0,2 row-size=20B cardinality=349.05K(filtered from 7.88G) cost=1427678226
|  in pipelines: 00(GETNEXT), 01(OPEN)
|
|--F09:PLAN FRAGMENT [RANDOM] hosts=10 instances=10
|  |  Per-Instance Resources: mem-estimate=24.27MB mem-reservation=24.25MB thread-reservation=1 runtime-filters-memory=1.00MB
|  |  max-parallelism=10 segment-costs=[3140]
|  JOIN BUILD
|  |  join-table-id=02 plan-id=03 cohort-id=01
|  |  build expressions: tpcds_partitioned_parquet_snap.store.s_store_sk
|  |  runtime filters: RF004[bloom] <- tpcds_partitioned_parquet_snap.store.s_store_sk, RF005[min_max] <- tpcds_partitioned_parquet_snap.store.s_store_sk
|  |  mem-estimate=23.25MB mem-reservation=23.25MB spill-buffer=64.00KB thread-reservation=0 cost=1350
|  |
|  12:EXCHANGE [BROADCAST]
|  |  mem-estimate=16.00KB mem-reservation=0B thread-reservation=0
|  |  tuple-ids=2 row-size=4B cardinality=1.35K cost=1790
|  |  in pipelines: 01(GETNEXT)
|  |
|  F01:PLAN FRAGMENT [RANDOM] hosts=1 instances=1
|  Per-Instance Resources: mem-estimate=16.03MB mem-reservation=16.00KB thread-reservation=1
|  max-parallelism=1 segment-costs=[158]
|  01:SCAN HDFS [tpcds_partitioned_parquet_snap.store, RANDOM]
|     HDFS partitions=1/1 files=1 size=119.76KB
|     predicates: tpcds_partitioned_parquet_snap.store.s_store_sk IS NOT NULL
|     stored statistics:
|       table: rows=1.35K size=119.76KB
|       columns: all
|     extrapolated-rows=disabled max-scan-range-rows=1.35K
|     parquet dictionary predicates: tpcds_partitioned_parquet_snap.store.s_store_sk IS NOT NULL
|     mem-estimate=16.00MB mem-reservation=16.00KB thread-reservation=0
|     tuple-ids=2 row-size=4B cardinality=1.35K cost=115
|     in pipelines: 01(GETNEXT)
|
00:SCAN HDFS [tpcds_partitioned_parquet_snap.store_sales, RANDOM]
   partition predicates: tpcds_partitioned_parquet_snap.store_sales.ss_sold_date_sk IS NOT NULL
   HDFS partitions=1823/1824 files=1823 size=389.69GB
   predicates: tpcds_partitioned_parquet_snap.store_sales.ss_store_sk IS NOT NULL, tpcds_partitioned_parquet_snap.store_sales.ss_item_sk IS NOT NULL
   runtime filters: RF003[min_max] -> tpcds_partitioned_parquet_snap.store_sales.ss_item_sk, RF005[min_max] -> tpcds_partitioned_parquet_snap.store_sales.ss_store_sk, RF000[bloom] -> tpcds_partitioned_parquet_snap.store_sales.ss_sold_date_sk, RF002[bloom] -> tpcds_partitioned_parquet_snap.store_sales.ss_item_sk, RF004[bloom] -> tpcds_partitioned_parquet_snap.store_sales.ss_store_sk
   stored statistics:
     table: rows=8.64G size=389.90GB
     partitions: 1823/1823 rows=8.25G
     columns: all
   extrapolated-rows=disabled max-scan-range-rows=12.22M est-scan-range=361(filtered from 1823)
   parquet dictionary predicates: tpcds_partitioned_parquet_snap.store_sales.ss_store_sk IS NOT NULL, tpcds_partitioned_parquet_snap.store_sales.ss_item_sk IS NOT NULL
   mem-estimate=16.00MB mem-reservation=512.00KB thread-reservation=0
   tuple-ids=0 row-size=16B cardinality=349.05K(filtered from 7.88G) cost=467947829
   in pipelines: 00(GETNEXT)
---- PARALLELPLANS
Max Per-Host Resource Reservation: Memory=122.70MB Threads=21
Per-Host Resource Estimates: Memory=477MB
F06:PLAN FRAGMENT [UNPARTITIONED] hosts=1 instances=1
|  Per-Instance Resources: mem-estimate=4.04MB mem-reservation=4.00MB thread-reservation=1
|  max-parallelism=1 segment-costs=[332] cpu-comparison-result=120 [max(1 (self) vs 120 (sum children))]
PLAN-ROOT SINK
|  output exprs: tpcds_partitioned_parquet_snap.item.i_manufact_id, sum(tpcds_partitioned_parquet_snap.store_sales.ss_sales_price), avg(sum(tpcds_partitioned_parquet_snap.store_sales.ss_sales_price))
|  mem-estimate=4.00MB mem-reservation=4.00MB spill-buffer=2.00MB thread-reservation=0 cost=300
|
18:MERGING-EXCHANGE [UNPARTITIONED]
|  order by: avg(sum(tpcds_partitioned_parquet_snap.store_sales.ss_sales_price)) ASC NULLS LAST, sum(tpcds_partitioned_parquet_snap.store_sales.ss_sales_price) ASC NULLS LAST, tpcds_partitioned_parquet_snap.item.i_manufact_id ASC NULLS LAST
|  limit: 100
|  mem-estimate=39.41KB mem-reservation=0B thread-reservation=0
|  tuple-ids=15 row-size=36B cardinality=100 cost=32
|  in pipelines: 11(GETNEXT)
|
F05:PLAN FRAGMENT [HASH(tpcds_partitioned_parquet_snap.item.i_manufact_id)] hosts=10 instances=10 (adjusted from 120)
Per-Instance Resources: mem-estimate=10.28MB mem-reservation=10.00MB thread-reservation=1
max-parallelism=10 segment-costs=[6401, 9508, 125] cpu-comparison-result=120 [max(10 (self) vs 120 (sum children))]
11:TOP-N [LIMIT=100]
|  order by: avg(sum(tpcds_partitioned_parquet_snap.store_sales.ss_sales_price)) ASC NULLS LAST, sum(tpcds_partitioned_parquet_snap.store_sales.ss_sales_price) ASC NULLS LAST, tpcds_partitioned_parquet_snap.item.i_manufact_id ASC NULLS LAST
|  mem-estimate=3.52KB mem-reservation=0B thread-reservation=0
|  tuple-ids=15 row-size=36B cardinality=100 cost=1852
|  in pipelines: 11(GETNEXT), 08(OPEN)
|
10:SELECT
|  predicates: CASE WHEN avg(sum(tpcds_partitioned_parquet_snap.store_sales.ss_sales_price)) > CAST(0 AS DECIMAL(3,0)) THEN divide(abs(subtract(sum(tpcds_partitioned_parquet_snap.store_sales.ss_sales_price), avg(sum(tpcds_partitioned_parquet_snap.store_sales.ss_sales_price)))), avg(sum(tpcds_partitioned_parquet_snap.store_sales.ss_sales_price))) ELSE NULL END > CAST(0.1 AS DECIMAL(2,1))
|  mem-estimate=0B mem-reservation=0B thread-reservation=0
|  tuple-ids=13,12 row-size=40B cardinality=383 cost=3828
|  in pipelines: 08(GETNEXT)
|
09:ANALYTIC
|  functions: avg(sum(tpcds_partitioned_parquet_snap.store_sales.ss_sales_price))
|  partition by: tpcds_partitioned_parquet_snap.item.i_manufact_id
|  window: RANGE BETWEEN UNBOUNDED PRECEDING AND UNBOUNDED FOLLOWING
|  mem-estimate=4.00MB mem-reservation=4.00MB spill-buffer=2.00MB thread-reservation=0
|  tuple-ids=13,12 row-size=40B cardinality=3.83K cost=3828
|  in pipelines: 08(GETNEXT)
|
08:SORT
|  order by: tpcds_partitioned_parquet_snap.item.i_manufact_id ASC NULLS LAST
|  mem-estimate=6.00MB mem-reservation=6.00MB spill-buffer=2.00MB thread-reservation=0
|  tuple-ids=13 row-size=24B cardinality=3.83K cost=5554
|  in pipelines: 08(GETNEXT), 16(OPEN)
|
17:EXCHANGE [HASH(tpcds_partitioned_parquet_snap.item.i_manufact_id)]
|  mem-estimate=288.97KB mem-reservation=0B thread-reservation=0
|  tuple-ids=8 row-size=24B cardinality=3.83K cost=847
|  in pipelines: 16(GETNEXT)
|
F04:PLAN FRAGMENT [HASH(tpcds_partitioned_parquet_snap.item.i_manufact_id,tpcds_partitioned_parquet_snap.date_dim.d_qoy)] hosts=10 instances=10 (adjusted from 120)
Per-Instance Resources: mem-estimate=13.82MB mem-reservation=1.94MB thread-reservation=1
max-parallelism=10 segment-costs=[395683, 7888] cpu-comparison-result=120 [max(10 (self) vs 120 (sum children))]
16:AGGREGATE [FINALIZE]
|  output: sum:merge(tpcds_partitioned_parquet_snap.store_sales.ss_sales_price)
|  group by: tpcds_partitioned_parquet_snap.item.i_manufact_id, tpcds_partitioned_parquet_snap.date_dim.d_qoy
|  mem-estimate=10.00MB mem-reservation=1.94MB spill-buffer=64.00KB thread-reservation=0
|  tuple-ids=8 row-size=24B cardinality=3.83K cost=343161
|  in pipelines: 16(GETNEXT), 00(OPEN)
|
15:EXCHANGE [HASH(tpcds_partitioned_parquet_snap.item.i_manufact_id,tpcds_partitioned_parquet_snap.date_dim.d_qoy)]
|  mem-estimate=3.82MB mem-reservation=0B thread-reservation=0
|  tuple-ids=8 row-size=24B cardinality=237.12K cost=52522
|  in pipelines: 00(GETNEXT)
|
F00:PLAN FRAGMENT [RANDOM] hosts=10 instances=120
Per-Host Shared Resources: mem-estimate=3.00MB mem-reservation=3.00MB thread-reservation=0 runtime-filters-memory=3.00MB
Per-Instance Resources: mem-estimate=27.09MB mem-reservation=2.50MB thread-reservation=1
max-parallelism=190 segment-costs=[1897702567, 488656] cpu-comparison-result=120 [max(120 (self) vs 36 (sum children))]
07:AGGREGATE [STREAMING]
|  output: sum(tpcds_partitioned_parquet_snap.store_sales.ss_sales_price)
|  group by: tpcds_partitioned_parquet_snap.item.i_manufact_id, tpcds_partitioned_parquet_snap.date_dim.d_qoy
|  mem-estimate=10.00MB mem-reservation=2.00MB spill-buffer=64.00KB thread-reservation=0
|  tuple-ids=8 row-size=24B cardinality=237.12K cost=1531852
|  in pipelines: 00(GETNEXT)
|
06:HASH JOIN [INNER JOIN, BROADCAST]
|  hash-table-id=00
|  hash predicates: tpcds_partitioned_parquet_snap.store_sales.ss_sold_date_sk = tpcds_partitioned_parquet_snap.date_dim.d_date_sk
|  fk/pk conjuncts: tpcds_partitioned_parquet_snap.store_sales.ss_sold_date_sk = tpcds_partitioned_parquet_snap.date_dim.d_date_sk
|  mem-estimate=0B mem-reservation=0B spill-buffer=64.00KB thread-reservation=0
|  tuple-ids=0,2,4,6 row-size=106B cardinality=333.35K cost=149935
|  in pipelines: 00(GETNEXT), 05(OPEN)
|
|--F07:PLAN FRAGMENT [RANDOM] hosts=10 instances=10
|  |  Per-Instance Resources: mem-estimate=24.27MB mem-reservation=24.25MB thread-reservation=1 runtime-filters-memory=1.00MB
|  |  max-parallelism=10 segment-costs=[831]
|  JOIN BUILD
|  |  join-table-id=00 plan-id=01 cohort-id=01
|  |  build expressions: tpcds_partitioned_parquet_snap.date_dim.d_date_sk
|  |  runtime filters: RF000[bloom] <- tpcds_partitioned_parquet_snap.date_dim.d_date_sk
|  |  mem-estimate=23.25MB mem-reservation=23.25MB spill-buffer=64.00KB thread-reservation=0 cost=361
|  |
|  14:EXCHANGE [BROADCAST]
|  |  mem-estimate=16.00KB mem-reservation=0B thread-reservation=0
|  |  tuple-ids=6 row-size=12B cardinality=361 cost=470
|  |  in pipelines: 05(GETNEXT)
|  |
|  F03:PLAN FRAGMENT [RANDOM] hosts=1 instances=1
|  Per-Instance Resources: mem-estimate=16.06MB mem-reservation=512.00KB thread-reservation=1
|  max-parallelism=1 segment-costs=[16747]
|  05:SCAN HDFS [tpcds_partitioned_parquet_snap.date_dim, RANDOM]
|     HDFS partitions=1/1 files=1 size=2.17MB
|     predicates: tpcds_partitioned_parquet_snap.date_dim.d_month_seq = CAST(1218 AS INT) OR tpcds_partitioned_parquet_snap.date_dim.d_month_seq = add(CAST(1218 AS INT), CAST(1 AS INT)) OR tpcds_partitioned_parquet_snap.date_dim.d_month_seq = add(CAST(1218 AS INT), CAST(2 AS INT)) OR tpcds_partitioned_parquet_snap.date_dim.d_month_seq = add(CAST(1218 AS INT), CAST(3 AS INT)) OR tpcds_partitioned_parquet_snap.date_dim.d_month_seq = add(CAST(1218 AS INT), CAST(4 AS INT)) OR tpcds_partitioned_parquet_snap.date_dim.d_month_seq = add(CAST(1218 AS INT), CAST(5 AS INT)) OR tpcds_partitioned_parquet_snap.date_dim.d_month_seq = add(CAST(1218 AS INT), CAST(6 AS INT)) OR tpcds_partitioned_parquet_snap.date_dim.d_month_seq = add(CAST(1218 AS INT), CAST(7 AS INT)) OR tpcds_partitioned_parquet_snap.date_dim.d_month_seq = add(CAST(1218 AS INT), CAST(8 AS INT)) OR tpcds_partitioned_parquet_snap.date_dim.d_month_seq = add(CAST(1218 AS INT), CAST(9 AS INT)) OR tpcds_partitioned_parquet_snap.date_dim.d_month_seq = add(CAST(1218 AS INT), CAST(10 AS INT)) OR tpcds_partitioned_parquet_snap.date_dim.d_month_seq = add(CAST(1218 AS INT), CAST(11 AS INT)), tpcds_partitioned_parquet_snap.date_dim.d_date_sk IS NOT NULL
|     stored statistics:
|       table: rows=73.05K size=2.17MB
|       columns: all
|     extrapolated-rows=disabled max-scan-range-rows=73.05K
|     parquet dictionary predicates: tpcds_partitioned_parquet_snap.date_dim.d_month_seq = CAST(1218 AS INT) OR tpcds_partitioned_parquet_snap.date_dim.d_month_seq = add(CAST(1218 AS INT), CAST(1 AS INT)) OR tpcds_partitioned_parquet_snap.date_dim.d_month_seq = add(CAST(1218 AS INT), CAST(2 AS INT)) OR tpcds_partitioned_parquet_snap.date_dim.d_month_seq = add(CAST(1218 AS INT), CAST(3 AS INT)) OR tpcds_partitioned_parquet_snap.date_dim.d_month_seq = add(CAST(1218 AS INT), CAST(4 AS INT)) OR tpcds_partitioned_parquet_snap.date_dim.d_month_seq = add(CAST(1218 AS INT), CAST(5 AS INT)) OR tpcds_partitioned_parquet_snap.date_dim.d_month_seq = add(CAST(1218 AS INT), CAST(6 AS INT)) OR tpcds_partitioned_parquet_snap.date_dim.d_month_seq = add(CAST(1218 AS INT), CAST(7 AS INT)) OR tpcds_partitioned_parquet_snap.date_dim.d_month_seq = add(CAST(1218 AS INT), CAST(8 AS INT)) OR tpcds_partitioned_parquet_snap.date_dim.d_month_seq = add(CAST(1218 AS INT), CAST(9 AS INT)) OR tpcds_partitioned_parquet_snap.date_dim.d_month_seq = add(CAST(1218 AS INT), CAST(10 AS INT)) OR tpcds_partitioned_parquet_snap.date_dim.d_month_seq = add(CAST(1218 AS INT), CAST(11 AS INT)), tpcds_partitioned_parquet_snap.date_dim.d_date_sk IS NOT NULL
|     mem-estimate=16.00MB mem-reservation=512.00KB thread-reservation=0
|     tuple-ids=6 row-size=12B cardinality=361 cost=16728
|     in pipelines: 05(GETNEXT)
|
04:HASH JOIN [INNER JOIN, BROADCAST]
|  hash-table-id=01
|  hash predicates: tpcds_partitioned_parquet_snap.store_sales.ss_item_sk = tpcds_partitioned_parquet_snap.item.i_item_sk
|  fk/pk conjuncts: tpcds_partitioned_parquet_snap.store_sales.ss_item_sk = tpcds_partitioned_parquet_snap.item.i_item_sk
|  mem-estimate=0B mem-reservation=0B spill-buffer=64.00KB thread-reservation=0
|  tuple-ids=0,2,4 row-size=94B cardinality=349.05K(filtered from 1.68M) cost=394725
|  in pipelines: 00(GETNEXT), 03(OPEN)
|
|--F08:PLAN FRAGMENT [RANDOM] hosts=10 instances=10
|  |  Per-Instance Resources: mem-estimate=24.28MB mem-reservation=24.25MB thread-reservation=1 runtime-filters-memory=1.00MB
|  |  max-parallelism=10 segment-costs=[177]
|  JOIN BUILD
|  |  join-table-id=01 plan-id=02 cohort-id=01
|  |  build expressions: tpcds_partitioned_parquet_snap.item.i_item_sk
|  |  runtime filters: RF002[bloom] <- tpcds_partitioned_parquet_snap.item.i_item_sk, RF003[min_max] <- tpcds_partitioned_parquet_snap.item.i_item_sk
|  |  mem-estimate=23.25MB mem-reservation=23.25MB spill-buffer=64.00KB thread-reservation=0 cost=77
|  |
|  13:EXCHANGE [BROADCAST]
|  |  mem-estimate=28.97KB mem-reservation=0B thread-reservation=0
|  |  tuple-ids=4 row-size=74B cardinality=77 cost=100
|  |  in pipelines: 03(GETNEXT)
|  |
|  F02:PLAN FRAGMENT [RANDOM] hosts=4 instances=4
|  Per-Instance Resources: mem-estimate=16.30MB mem-reservation=512.00KB thread-reservation=1
|  max-parallelism=4 segment-costs=[297403]
|  03:SCAN HDFS [tpcds_partitioned_parquet_snap.item, RANDOM]
|     HDFS partitions=1/1 files=1 size=33.54MB
|     predicates: tpcds_partitioned_parquet_snap.item.i_brand IN ('amalgimporto #1', 'edu packscholar #1', 'exportiimporto #1', 'exportiunivamalg #9', 'importoamalg #1', 'scholaramalgamalg #14', 'scholaramalgamalg #7', 'scholaramalgamalg #9'), tpcds_partitioned_parquet_snap.item.i_class IN ('accessories', 'classical', 'fragrances', 'pants', 'personal', 'portable', 'reference', 'self-help'), tpcds_partitioned_parquet_snap.item.i_brand IN ('exportiunivamalg #9', 'scholaramalgamalg #14', 'scholaramalgamalg #7', 'scholaramalgamalg #9') OR tpcds_partitioned_parquet_snap.item.i_class IN ('accessories', 'classical', 'fragrances', 'pants'), tpcds_partitioned_parquet_snap.item.i_class IN ('personal', 'portable', 'reference', 'self-help') OR tpcds_partitioned_parquet_snap.item.i_brand IN ('amalgimporto #1', 'edu packscholar #1', 'exportiimporto #1', 'importoamalg #1'), tpcds_partitioned_parquet_snap.item.i_brand IN ('exportiunivamalg #9', 'scholaramalgamalg #14', 'scholaramalgamalg #7', 'scholaramalgamalg #9') OR tpcds_partitioned_parquet_snap.item.i_category IN ('Men', 'Music', 'Women'), tpcds_partitioned_parquet_snap.item.i_category IN ('Books', 'Children', 'Electronics') OR tpcds_partitioned_parquet_snap.item.i_brand IN ('amalgimporto #1', 'edu packscholar #1', 'exportiimporto #1', 'importoamalg #1'), tpcds_partitioned_parquet_snap.item.i_category IN ('Books', 'Children', 'Electronics') OR tpcds_partitioned_parquet_snap.item.i_class IN ('accessories', 'classical', 'fragrances', 'pants'), tpcds_partitioned_parquet_snap.item.i_class IN ('personal', 'portable', 'reference', 'self-help') OR tpcds_partitioned_parquet_snap.item.i_category IN ('Men', 'Music', 'Women'), tpcds_partitioned_parquet_snap.item.i_category IN ('Books', 'Children', 'Electronics', 'Men', 'Music', 'Women'), tpcds_partitioned_parquet_snap.item.i_item_sk IS NOT NULL
|     stored statistics:
|       table: rows=360.00K size=33.54MB
|       columns: all
|     extrapolated-rows=disabled max-scan-range-rows=101.54K
|     parquet statistics predicates: tpcds_partitioned_parquet_snap.item.i_brand IN ('amalgimporto #1', 'edu packscholar #1', 'exportiimporto #1', 'exportiunivamalg #9', 'importoamalg #1', 'scholaramalgamalg #14', 'scholaramalgamalg #7', 'scholaramalgamalg #9'), tpcds_partitioned_parquet_snap.item.i_class IN ('accessories', 'classical', 'fragrances', 'pants', 'personal', 'portable', 'reference', 'self-help'), tpcds_partitioned_parquet_snap.item.i_category IN ('Books', 'Children', 'Electronics', 'Men', 'Music', 'Women')
|     parquet dictionary predicates: tpcds_partitioned_parquet_snap.item.i_brand IN ('amalgimporto #1', 'edu packscholar #1', 'exportiimporto #1', 'exportiunivamalg #9', 'importoamalg #1', 'scholaramalgamalg #14', 'scholaramalgamalg #7', 'scholaramalgamalg #9'), tpcds_partitioned_parquet_snap.item.i_class IN ('accessories', 'classical', 'fragrances', 'pants', 'personal', 'portable', 'reference', 'self-help'), tpcds_partitioned_parquet_snap.item.i_category IN ('Books', 'Children', 'Electronics', 'Men', 'Music', 'Women'), tpcds_partitioned_parquet_snap.item.i_item_sk IS NOT NULL
|     mem-estimate=16.00MB mem-reservation=512.00KB thread-reservation=0
|     tuple-ids=4 row-size=74B cardinality=77 cost=297386
|     in pipelines: 03(GETNEXT)
|
02:HASH JOIN [INNER JOIN, BROADCAST]
|  hash-table-id=02
|  hash predicates: tpcds_partitioned_parquet_snap.store_sales.ss_store_sk = tpcds_partitioned_parquet_snap.store.s_store_sk
|  fk/pk conjuncts: tpcds_partitioned_parquet_snap.store_sales.ss_store_sk = tpcds_partitioned_parquet_snap.store.s_store_sk
|  mem-estimate=0B mem-reservation=0B spill-buffer=64.00KB thread-reservation=0
|  tuple-ids=0,2 row-size=20B cardinality=349.05K(filtered from 7.88G) cost=1427678226
|  in pipelines: 00(GETNEXT), 01(OPEN)
|
|--F09:PLAN FRAGMENT [RANDOM] hosts=10 instances=10
|  |  Per-Instance Resources: mem-estimate=24.27MB mem-reservation=24.25MB thread-reservation=1 runtime-filters-memory=1.00MB
|  |  max-parallelism=10 segment-costs=[3140]
|  JOIN BUILD
|  |  join-table-id=02 plan-id=03 cohort-id=01
|  |  build expressions: tpcds_partitioned_parquet_snap.store.s_store_sk
|  |  runtime filters: RF004[bloom] <- tpcds_partitioned_parquet_snap.store.s_store_sk, RF005[min_max] <- tpcds_partitioned_parquet_snap.store.s_store_sk
|  |  mem-estimate=23.25MB mem-reservation=23.25MB spill-buffer=64.00KB thread-reservation=0 cost=1350
|  |
|  12:EXCHANGE [BROADCAST]
|  |  mem-estimate=16.00KB mem-reservation=0B thread-reservation=0
|  |  tuple-ids=2 row-size=4B cardinality=1.35K cost=1790
|  |  in pipelines: 01(GETNEXT)
|  |
|  F01:PLAN FRAGMENT [RANDOM] hosts=1 instances=1
|  Per-Instance Resources: mem-estimate=16.03MB mem-reservation=16.00KB thread-reservation=1
|  max-parallelism=1 segment-costs=[158]
|  01:SCAN HDFS [tpcds_partitioned_parquet_snap.store, RANDOM]
|     HDFS partitions=1/1 files=1 size=119.76KB
|     predicates: tpcds_partitioned_parquet_snap.store.s_store_sk IS NOT NULL
|     stored statistics:
|       table: rows=1.35K size=119.76KB
|       columns: all
|     extrapolated-rows=disabled max-scan-range-rows=1.35K
|     parquet dictionary predicates: tpcds_partitioned_parquet_snap.store.s_store_sk IS NOT NULL
|     mem-estimate=16.00MB mem-reservation=16.00KB thread-reservation=0
|     tuple-ids=2 row-size=4B cardinality=1.35K cost=115
|     in pipelines: 01(GETNEXT)
|
00:SCAN HDFS [tpcds_partitioned_parquet_snap.store_sales, RANDOM]
   partition predicates: tpcds_partitioned_parquet_snap.store_sales.ss_sold_date_sk IS NOT NULL
   HDFS partitions=1823/1824 files=1823 size=389.69GB
   predicates: tpcds_partitioned_parquet_snap.store_sales.ss_store_sk IS NOT NULL, tpcds_partitioned_parquet_snap.store_sales.ss_item_sk IS NOT NULL
   runtime filters: RF003[min_max] -> tpcds_partitioned_parquet_snap.store_sales.ss_item_sk, RF005[min_max] -> tpcds_partitioned_parquet_snap.store_sales.ss_store_sk, RF000[bloom] -> tpcds_partitioned_parquet_snap.store_sales.ss_sold_date_sk, RF002[bloom] -> tpcds_partitioned_parquet_snap.store_sales.ss_item_sk, RF004[bloom] -> tpcds_partitioned_parquet_snap.store_sales.ss_store_sk
   stored statistics:
     table: rows=8.64G size=389.90GB
     partitions: 1823/1823 rows=8.25G
     columns: all
   extrapolated-rows=disabled max-scan-range-rows=12.22M est-scan-range=361(filtered from 1823)
   parquet dictionary predicates: tpcds_partitioned_parquet_snap.store_sales.ss_store_sk IS NOT NULL, tpcds_partitioned_parquet_snap.store_sales.ss_item_sk IS NOT NULL
   mem-estimate=16.00MB mem-reservation=512.00KB thread-reservation=0
   tuple-ids=0 row-size=16B cardinality=349.05K(filtered from 7.88G) cost=467947829
   in pipelines: 00(GETNEXT)
====
