# TPCDS-Q01
# start query 1 in stream 0 using template query1.tpl using seed 2031708268
with customer_total_return as
(select sr_customer_sk as ctr_customer_sk
,sr_store_sk as ctr_store_sk
,sum(SR_FEE) as ctr_total_return
from store_returns
,date_dim
where sr_returned_date_sk = d_date_sk
and d_year =2000
group by sr_customer_sk
,sr_store_sk)
 select  c_customer_id
from customer_total_return ctr1
,store
,customer
where ctr1.ctr_total_return > (select avg(ctr_total_return)*1.2
from customer_total_return ctr2
where ctr1.ctr_store_sk = ctr2.ctr_store_sk)
and s_store_sk = ctr1.ctr_store_sk
and s_state = 'TN'
and ctr1.ctr_customer_sk = c_customer_sk
order by c_customer_id
limit 100

# end query 1 in stream 0 using template query1.tpl
---- PLAN
Max Per-Host Resource Reservation: Memory=111.91MB Threads=1
Per-Host Resource Estimates: Memory=6.18GB
F00:PLAN FRAGMENT [UNPARTITIONED] hosts=1 instances=1
|  Per-Instance Resources: mem-estimate=6.18GB mem-reservation=111.91MB thread-reservation=1 runtime-filters-memory=5.00MB
|  max-parallelism=1 segment-costs=[977379059, 989786924, 43812422, 11059169531, 100]
PLAN-ROOT SINK
|  output exprs: c_customer_id
|  mem-estimate=4.00MB mem-reservation=4.00MB spill-buffer=2.00MB thread-reservation=0 cost=100
|
14:TOP-N [LIMIT=100]
|  order by: c_customer_id ASC NULLS LAST
|  mem-estimate=2.73KB mem-reservation=0B thread-reservation=0
|  tuple-ids=16 row-size=28B cardinality=100 cost=10924188257
|  in pipelines: 14(GETNEXT), 00(OPEN)
|
13:HASH JOIN [INNER JOIN]
|  hash predicates: tpcds_partitioned_parquet_snap.store_returns.sr_store_sk = tpcds_partitioned_parquet_snap.store_returns_0.sr_store_sk
|  fk/pk conjuncts: none
|  other join predicates: sum(tpcds_partitioned_parquet_snap.store_returns.sr_fee) > multiply(avg(sum(tpcds_partitioned_parquet_snap.store_returns_0.sr_fee)), CAST(1.2 AS DECIMAL(2,1)))
|  runtime filters: RF000[bloom] <- tpcds_partitioned_parquet_snap.store_returns_0.sr_store_sk, RF001[min_max] <- tpcds_partitioned_parquet_snap.store_returns_0.sr_store_sk
|  mem-estimate=1.94MB mem-reservation=1.94MB spill-buffer=64.00KB thread-reservation=0
|  tuple-ids=0,6,7,15 row-size=94B cardinality=661.28M cost=120084585
|  in pipelines: 00(GETNEXT), 12(OPEN)
|
|--12:AGGREGATE [FINALIZE]
|  |  output: avg(sum(tpcds_partitioned_parquet_snap.store_returns_0.sr_fee))
|  |  group by: tpcds_partitioned_parquet_snap.store_returns_0.sr_store_sk
|  |  mem-estimate=10.00MB mem-reservation=1.94MB spill-buffer=64.00KB thread-reservation=0
|  |  tuple-ids=15 row-size=20B cardinality=653 cost=43812422
|  |  in pipelines: 12(GETNEXT), 11(OPEN)
|  |
|  11:AGGREGATE [FINALIZE]
|  |  output: sum(tpcds_partitioned_parquet_snap.store_returns_0.sr_fee)
|  |  group by: tpcds_partitioned_parquet_snap.store_returns_0.sr_customer_sk, tpcds_partitioned_parquet_snap.store_returns_0.sr_store_sk
|  |  mem-estimate=3.06GB mem-reservation=34.00MB spill-buffer=2.00MB thread-reservation=0
|  |  tuple-ids=13 row-size=24B cardinality=149.78M cost=884092832
|  |  in pipelines: 11(GETNEXT), 08(OPEN)
|  |
|  10:HASH JOIN [INNER JOIN]
|  |  hash predicates: tpcds_partitioned_parquet_snap.store_returns_0.sr_returned_date_sk = tpcds_partitioned_parquet_snap.date_dim_0.d_date_sk
|  |  fk/pk conjuncts: tpcds_partitioned_parquet_snap.store_returns_0.sr_returned_date_sk = tpcds_partitioned_parquet_snap.date_dim_0.d_date_sk
|  |  runtime filters: RF008[bloom] <- tpcds_partitioned_parquet_snap.date_dim_0.d_date_sk
|  |  mem-estimate=1.94MB mem-reservation=1.94MB spill-buffer=64.00KB thread-reservation=0
|  |  tuple-ids=9,11 row-size=24B cardinality=149.78M cost=65559183
|  |  in pipelines: 08(GETNEXT), 09(OPEN)
|  |
|  |--09:SCAN HDFS [tpcds_partitioned_parquet_snap.date_dim]
|  |     HDFS partitions=1/1 files=1 size=2.17MB
|  |     predicates: tpcds_partitioned_parquet_snap.date_dim_0.d_year = CAST(2000 AS INT), tpcds_partitioned_parquet_snap.date_dim_0.d_date_sk IS NOT NULL
|  |     stored statistics:
|  |       table: rows=73.05K size=2.17MB
|  |       columns: all
|  |     extrapolated-rows=disabled max-scan-range-rows=73.05K
|  |     parquet statistics predicates: tpcds_partitioned_parquet_snap.date_dim_0.d_year = CAST(2000 AS INT)
|  |     parquet dictionary predicates: tpcds_partitioned_parquet_snap.date_dim_0.d_year = CAST(2000 AS INT), tpcds_partitioned_parquet_snap.date_dim_0.d_date_sk IS NOT NULL
|  |     mem-estimate=16.00MB mem-reservation=512.00KB thread-reservation=0
|  |     tuple-ids=11 row-size=8B cardinality=373 cost=12520
|  |     in pipelines: 09(GETNEXT)
|  |
|  08:SCAN HDFS [tpcds_partitioned_parquet_snap.store_returns]
|     partition predicates: tpcds_partitioned_parquet_snap.store_returns_0.sr_returned_date_sk IS NOT NULL
|     HDFS partitions=2003/2004 files=2003 size=48.12GB
|     predicates: tpcds_partitioned_parquet_snap.store_returns_0.sr_store_sk IS NOT NULL
|     runtime filters: RF008[bloom] -> tpcds_partitioned_parquet_snap.store_returns_0.sr_returned_date_sk
|     stored statistics:
|       table: rows=863.99M size=48.14GB
|       partitions: 2003/2003 rows=833.90M
|       columns: all
|     extrapolated-rows=disabled max-scan-range-rows=793.33K est-scan-range=373(filtered from 2003)
|     parquet dictionary predicates: tpcds_partitioned_parquet_snap.store_returns_0.sr_store_sk IS NOT NULL
|     mem-estimate=16.00MB mem-reservation=32.00KB thread-reservation=0
|     tuple-ids=9 row-size=16B cardinality=149.78M(filtered from 804.72M) cost=40122389
|     in pipelines: 08(GETNEXT)
|
07:HASH JOIN [INNER JOIN]
|  hash predicates: tpcds_partitioned_parquet_snap.customer.c_customer_sk = tpcds_partitioned_parquet_snap.store_returns.sr_customer_sk
|  fk/pk conjuncts: none
|  runtime filters: RF002[bloom] <- tpcds_partitioned_parquet_snap.store_returns.sr_customer_sk, RF003[min_max] <- tpcds_partitioned_parquet_snap.store_returns.sr_customer_sk
|  mem-estimate=64.56MB mem-reservation=34.00MB spill-buffer=2.00MB thread-reservation=0
|  tuple-ids=0,6,7 row-size=74B cardinality=1.01M cost=1455932
|  in pipelines: 00(GETNEXT), 04(OPEN)
|
|--06:HASH JOIN [INNER JOIN]
|  |  hash predicates: tpcds_partitioned_parquet_snap.store_returns.sr_store_sk = tpcds_partitioned_parquet_snap.store.s_store_sk
|  |  fk/pk conjuncts: tpcds_partitioned_parquet_snap.store_returns.sr_store_sk = tpcds_partitioned_parquet_snap.store.s_store_sk
|  |  runtime filters: RF004[bloom] <- tpcds_partitioned_parquet_snap.store.s_store_sk, RF005[min_max] <- tpcds_partitioned_parquet_snap.store.s_store_sk
|  |  mem-estimate=1.94MB mem-reservation=1.94MB spill-buffer=64.00KB thread-reservation=0
|  |  tuple-ids=6,7 row-size=42B cardinality=1.01M cost=3957565
|  |  in pipelines: 04(GETNEXT), 05(OPEN)
|  |
|  |--05:SCAN HDFS [tpcds_partitioned_parquet_snap.store]
|  |     HDFS partitions=1/1 files=1 size=119.76KB
|  |     predicates: tpcds_partitioned_parquet_snap.store.s_state = 'TN', tpcds_partitioned_parquet_snap.store.s_store_sk IS NOT NULL
|  |     runtime filters: RF001[min_max] -> tpcds_partitioned_parquet_snap.store.s_store_sk, RF000[bloom] -> tpcds_partitioned_parquet_snap.store.s_store_sk
|  |     stored statistics:
|  |       table: rows=1.35K size=119.76KB
|  |       columns: all
|  |     extrapolated-rows=disabled max-scan-range-rows=1.35K
|  |     parquet statistics predicates: tpcds_partitioned_parquet_snap.store.s_state = 'TN'
|  |     parquet dictionary predicates: tpcds_partitioned_parquet_snap.store.s_state = 'TN', tpcds_partitioned_parquet_snap.store.s_store_sk IS NOT NULL
|  |     mem-estimate=16.00MB mem-reservation=16.00KB thread-reservation=0
|  |     tuple-ids=7 row-size=18B cardinality=46 cost=192
|  |     in pipelines: 05(GETNEXT)
|  |
|  04:AGGREGATE [FINALIZE]
|  |  output: sum(tpcds_partitioned_parquet_snap.store_returns.sr_fee)
|  |  group by: tpcds_partitioned_parquet_snap.store_returns.sr_customer_sk, tpcds_partitioned_parquet_snap.store_returns.sr_store_sk
|  |  having: sum(tpcds_partitioned_parquet_snap.store_returns.sr_fee) IS NOT NULL
|  |  mem-estimate=3.01GB mem-reservation=34.00MB spill-buffer=2.00MB thread-reservation=0
|  |  tuple-ids=6 row-size=24B cardinality=14.71M cost=868481164
|  |  in pipelines: 04(GETNEXT), 01(OPEN)
|  |
|  03:HASH JOIN [INNER JOIN]
|  |  hash predicates: tpcds_partitioned_parquet_snap.store_returns.sr_returned_date_sk = tpcds_partitioned_parquet_snap.date_dim.d_date_sk
|  |  fk/pk conjuncts: tpcds_partitioned_parquet_snap.store_returns.sr_returned_date_sk = tpcds_partitioned_parquet_snap.date_dim.d_date_sk
|  |  runtime filters: RF006[bloom] <- tpcds_partitioned_parquet_snap.date_dim.d_date_sk
|  |  mem-estimate=1.94MB mem-reservation=1.94MB spill-buffer=64.00KB thread-reservation=0
|  |  tuple-ids=2,4 row-size=24B cardinality=147.14M cost=64401519
|  |  in pipelines: 01(GETNEXT), 02(OPEN)
|  |
|  |--02:SCAN HDFS [tpcds_partitioned_parquet_snap.date_dim]
|  |     HDFS partitions=1/1 files=1 size=2.17MB
|  |     predicates: tpcds_partitioned_parquet_snap.date_dim.d_year = CAST(2000 AS INT), tpcds_partitioned_parquet_snap.date_dim.d_date_sk IS NOT NULL
|  |     stored statistics:
|  |       table: rows=73.05K size=2.17MB
|  |       columns: all
|  |     extrapolated-rows=disabled max-scan-range-rows=73.05K
|  |     parquet statistics predicates: tpcds_partitioned_parquet_snap.date_dim.d_year = CAST(2000 AS INT)
|  |     parquet dictionary predicates: tpcds_partitioned_parquet_snap.date_dim.d_year = CAST(2000 AS INT), tpcds_partitioned_parquet_snap.date_dim.d_date_sk IS NOT NULL
|  |     mem-estimate=16.00MB mem-reservation=512.00KB thread-reservation=0
|  |     tuple-ids=4 row-size=8B cardinality=373 cost=12520
|  |     in pipelines: 02(GETNEXT)
|  |
|  01:SCAN HDFS [tpcds_partitioned_parquet_snap.store_returns]
|     partition predicates: tpcds_partitioned_parquet_snap.store_returns.sr_returned_date_sk IS NOT NULL
|     HDFS partitions=2003/2004 files=2003 size=48.12GB
|     predicates: tpcds_partitioned_parquet_snap.store_returns.sr_customer_sk IS NOT NULL, tpcds_partitioned_parquet_snap.store_returns.sr_store_sk IS NOT NULL
|     runtime filters: RF001[min_max] -> tpcds_partitioned_parquet_snap.store_returns.sr_store_sk, RF005[min_max] -> tpcds_partitioned_parquet_snap.store_returns.sr_store_sk, RF000[bloom] -> tpcds_partitioned_parquet_snap.store_returns.sr_store_sk, RF004[bloom] -> tpcds_partitioned_parquet_snap.store_returns.sr_store_sk, RF006[bloom] -> tpcds_partitioned_parquet_snap.store_returns.sr_returned_date_sk
|     stored statistics:
|       table: rows=863.99M size=48.14GB
|       partitions: 2003/2003 rows=833.90M
|       columns: all
|     extrapolated-rows=disabled max-scan-range-rows=793.33K est-scan-range=373(filtered from 2003)
|     parquet dictionary predicates: tpcds_partitioned_parquet_snap.store_returns.sr_customer_sk IS NOT NULL, tpcds_partitioned_parquet_snap.store_returns.sr_store_sk IS NOT NULL
|     mem-estimate=16.00MB mem-reservation=32.00KB thread-reservation=0
|     tuple-ids=2 row-size=16B cardinality=147.14M(filtered from 790.51M) cost=44483856
|     in pipelines: 01(GETNEXT)
|
00:SCAN HDFS [tpcds_partitioned_parquet_snap.customer]
   HDFS partitions=1/1 files=1 size=1.55GB
   predicates: tpcds_partitioned_parquet_snap.customer.c_customer_sk IS NOT NULL
   runtime filters: RF003[min_max] -> tpcds_partitioned_parquet_snap.customer.c_customer_sk, RF002[bloom] -> tpcds_partitioned_parquet_snap.customer.c_customer_sk
   stored statistics:
     table: rows=30.00M size=1.55GB
     columns: all
   extrapolated-rows=disabled max-scan-range-rows=3.10M
   parquet dictionary predicates: tpcds_partitioned_parquet_snap.customer.c_customer_sk IS NOT NULL
   mem-estimate=16.00MB mem-reservation=1.00MB thread-reservation=0
   tuple-ids=0 row-size=32B cardinality=1.01M(filtered from 30.00M) cost=9483000
   in pipelines: 00(GETNEXT)
---- DISTRIBUTEDPLAN
Max Per-Host Resource Reservation: Memory=1.46GB Threads=51
Per-Host Resource Estimates: Memory=2.84GB
F09:PLAN FRAGMENT [UNPARTITIONED] hosts=1 instances=1
|  Per-Instance Resources: mem-estimate=4.03MB mem-reservation=4.00MB thread-reservation=1
|  max-parallelism=1 segment-costs=[130] cpu-comparison-result=211 [max(1 (self) vs 211 (sum children))]
PLAN-ROOT SINK
|  output exprs: c_customer_id
|  mem-estimate=4.00MB mem-reservation=4.00MB spill-buffer=2.00MB thread-reservation=0 cost=100
|
26:MERGING-EXCHANGE [UNPARTITIONED]
|  order by: c_customer_id ASC NULLS LAST
|  limit: 100
|  mem-estimate=31.52KB mem-reservation=0B thread-reservation=0
|  tuple-ids=16 row-size=28B cardinality=100 cost=30
|  in pipelines: 14(GETNEXT)
|
F00:PLAN FRAGMENT [RANDOM] hosts=10 instances=10
Per-Host Shared Resources: mem-estimate=1.00MB mem-reservation=1.00MB thread-reservation=0 runtime-filters-memory=1.00MB
Per-Instance Resources: mem-estimate=16.00MB mem-reservation=1.00MB thread-reservation=1
max-parallelism=10 segment-costs=[11054198439, 104] cpu-comparison-result=211 [max(10 (self) vs 211 (sum children))]
14:TOP-N [LIMIT=100]
|  order by: c_customer_id ASC NULLS LAST
|  mem-estimate=2.73KB mem-reservation=0B thread-reservation=0
|  tuple-ids=16 row-size=28B cardinality=100 cost=10924188257
|  in pipelines: 14(GETNEXT), 00(OPEN)
|
13:HASH JOIN [INNER JOIN, BROADCAST]
|  hash-table-id=00
|  hash predicates: tpcds_partitioned_parquet_snap.store_returns.sr_store_sk = tpcds_partitioned_parquet_snap.store_returns_0.sr_store_sk
|  fk/pk conjuncts: none
|  other join predicates: sum(tpcds_partitioned_parquet_snap.store_returns.sr_fee) > multiply(avg(sum(tpcds_partitioned_parquet_snap.store_returns_0.sr_fee)), CAST(1.2 AS DECIMAL(2,1)))
|  mem-estimate=0B mem-reservation=0B spill-buffer=64.00KB thread-reservation=0
|  tuple-ids=0,6,7,15 row-size=94B cardinality=661.28M cost=120083932
|  in pipelines: 00(GETNEXT), 24(OPEN)
|
|--F10:PLAN FRAGMENT [RANDOM] hosts=10 instances=10
|  |  Per-Instance Resources: mem-estimate=3.10MB mem-reservation=2.94MB thread-reservation=1 runtime-filters-memory=1.00MB
|  |  max-parallelism=10 segment-costs=[1513] cpu-comparison-result=100 [max(10 (self) vs 100 (sum children))]
|  JOIN BUILD
|  |  join-table-id=00 plan-id=01 cohort-id=01
|  |  build expressions: tpcds_partitioned_parquet_snap.store_returns_0.sr_store_sk
|  |  runtime filters: RF000[bloom] <- tpcds_partitioned_parquet_snap.store_returns_0.sr_store_sk, RF001[min_max] <- tpcds_partitioned_parquet_snap.store_returns_0.sr_store_sk
|  |  mem-estimate=1.94MB mem-reservation=1.94MB spill-buffer=64.00KB thread-reservation=0 cost=653
|  |
|  25:EXCHANGE [BROADCAST]
|  |  mem-estimate=165.80KB mem-reservation=0B thread-reservation=0
|  |  tuple-ids=15 row-size=20B cardinality=653 cost=860
|  |  in pipelines: 24(GETNEXT)
|  |
|  F08:PLAN FRAGMENT [HASH(tpcds_partitioned_parquet_snap.store_returns_0.sr_store_sk)] hosts=10 instances=10 (adjusted from 120)
|  Per-Instance Resources: mem-estimate=12.49MB mem-reservation=1.94MB thread-reservation=1
|  max-parallelism=10 segment-costs=[40536, 49] cpu-comparison-result=100 [max(10 (self) vs 100 (sum children))]
|  24:AGGREGATE [FINALIZE]
|  |  output: avg:merge(sum(tpcds_partitioned_parquet_snap.store_returns_0.sr_fee))
|  |  group by: tpcds_partitioned_parquet_snap.store_returns_0.sr_store_sk
|  |  mem-estimate=10.00MB mem-reservation=1.94MB spill-buffer=64.00KB thread-reservation=0
|  |  tuple-ids=15 row-size=20B cardinality=653 cost=24622
|  |  in pipelines: 24(GETNEXT), 22(OPEN)
|  |
|  23:EXCHANGE [HASH(tpcds_partitioned_parquet_snap.store_returns_0.sr_store_sk)]
|  |  mem-estimate=2.49MB mem-reservation=0B thread-reservation=0
|  |  tuple-ids=14 row-size=20B cardinality=78.36K cost=15914
|  |  in pipelines: 22(GETNEXT)
|  |
|  F07:PLAN FRAGMENT [HASH(tpcds_partitioned_parquet_snap.store_returns_0.sr_customer_sk,tpcds_partitioned_parquet_snap.store_returns_0.sr_store_sk)] hosts=10 instances=100 (adjusted from 120)
|  Per-Instance Resources: mem-estimate=74.16MB mem-reservation=36.00MB thread-reservation=1
|  max-parallelism=100 segment-costs=[917269154, 44015019, 141298] cpu-comparison-result=100 [max(100 (self) vs 100 (sum children))]
|  12:AGGREGATE [STREAMING]
|  |  output: avg(sum(tpcds_partitioned_parquet_snap.store_returns_0.sr_fee))
|  |  group by: tpcds_partitioned_parquet_snap.store_returns_0.sr_store_sk
|  |  mem-estimate=10.00MB mem-reservation=2.00MB spill-buffer=64.00KB thread-reservation=0
|  |  tuple-ids=14 row-size=20B cardinality=78.36K cost=44015019
|  |  in pipelines: 22(GETNEXT)
|  |
|  22:AGGREGATE [FINALIZE]
|  |  output: sum:merge(tpcds_partitioned_parquet_snap.store_returns_0.sr_fee)
|  |  group by: tpcds_partitioned_parquet_snap.store_returns_0.sr_customer_sk, tpcds_partitioned_parquet_snap.store_returns_0.sr_store_sk
|  |  mem-estimate=51.42MB mem-reservation=34.00MB spill-buffer=2.00MB thread-reservation=0
|  |  tuple-ids=13 row-size=24B cardinality=149.78M cost=884092832
|  |  in pipelines: 22(GETNEXT), 08(OPEN)
|  |
|  21:EXCHANGE [HASH(tpcds_partitioned_parquet_snap.store_returns_0.sr_customer_sk,tpcds_partitioned_parquet_snap.store_returns_0.sr_store_sk)]
|  |  mem-estimate=12.73MB mem-reservation=0B thread-reservation=0
|  |  tuple-ids=13 row-size=24B cardinality=149.78M cost=33176322
|  |  in pipelines: 08(GETNEXT)
|  |
|  F05:PLAN FRAGMENT [RANDOM] hosts=10 instances=100 (adjusted from 120)
|  Per-Host Shared Resources: mem-estimate=1.00MB mem-reservation=1.00MB thread-reservation=0 runtime-filters-memory=1.00MB
|  Per-Instance Resources: mem-estimate=65.50MB mem-reservation=34.03MB thread-reservation=1
|  max-parallelism=100 segment-costs=[989774031, 308667114] cpu-comparison-result=100 [max(100 (self) vs 11 (sum children))]
|  11:AGGREGATE [STREAMING]
|  |  output: sum(tpcds_partitioned_parquet_snap.store_returns_0.sr_fee)
|  |  group by: tpcds_partitioned_parquet_snap.store_returns_0.sr_customer_sk, tpcds_partitioned_parquet_snap.store_returns_0.sr_store_sk
|  |  mem-estimate=38.57MB mem-reservation=34.00MB spill-buffer=2.00MB thread-reservation=0
|  |  tuple-ids=13 row-size=24B cardinality=149.78M cost=884092832
|  |  in pipelines: 08(GETNEXT)
|  |
|  10:HASH JOIN [INNER JOIN, BROADCAST]
|  |  hash-table-id=01
|  |  hash predicates: tpcds_partitioned_parquet_snap.store_returns_0.sr_returned_date_sk = tpcds_partitioned_parquet_snap.date_dim_0.d_date_sk
|  |  fk/pk conjuncts: tpcds_partitioned_parquet_snap.store_returns_0.sr_returned_date_sk = tpcds_partitioned_parquet_snap.date_dim_0.d_date_sk
|  |  mem-estimate=0B mem-reservation=0B spill-buffer=64.00KB thread-reservation=0
|  |  tuple-ids=9,11 row-size=24B cardinality=149.78M cost=65558810
|  |  in pipelines: 08(GETNEXT), 09(OPEN)
|  |
|  |--F11:PLAN FRAGMENT [RANDOM] hosts=10 instances=10
|  |  |  Per-Instance Resources: mem-estimate=20.39MB mem-reservation=20.38MB thread-reservation=1 runtime-filters-memory=1.00MB
|  |  |  max-parallelism=10 segment-costs=[863]
|  |  JOIN BUILD
|  |  |  join-table-id=01 plan-id=02 cohort-id=02
|  |  |  build expressions: tpcds_partitioned_parquet_snap.date_dim_0.d_date_sk
|  |  |  runtime filters: RF008[bloom] <- tpcds_partitioned_parquet_snap.date_dim_0.d_date_sk
|  |  |  mem-estimate=19.38MB mem-reservation=19.38MB spill-buffer=64.00KB thread-reservation=0 cost=373
|  |  |
|  |  20:EXCHANGE [BROADCAST]
|  |  |  mem-estimate=16.00KB mem-reservation=0B thread-reservation=0
|  |  |  tuple-ids=11 row-size=8B cardinality=373 cost=490
|  |  |  in pipelines: 09(GETNEXT)
|  |  |
|  |  F06:PLAN FRAGMENT [RANDOM] hosts=1 instances=1
|  |  Per-Instance Resources: mem-estimate=16.05MB mem-reservation=512.00KB thread-reservation=1
|  |  max-parallelism=1 segment-costs=[12536]
|  |  09:SCAN HDFS [tpcds_partitioned_parquet_snap.date_dim, RANDOM]
|  |     HDFS partitions=1/1 files=1 size=2.17MB
|  |     predicates: tpcds_partitioned_parquet_snap.date_dim_0.d_year = CAST(2000 AS INT), tpcds_partitioned_parquet_snap.date_dim_0.d_date_sk IS NOT NULL
|  |     stored statistics:
|  |       table: rows=73.05K size=2.17MB
|  |       columns: all
|  |     extrapolated-rows=disabled max-scan-range-rows=73.05K
|  |     parquet statistics predicates: tpcds_partitioned_parquet_snap.date_dim_0.d_year = CAST(2000 AS INT)
|  |     parquet dictionary predicates: tpcds_partitioned_parquet_snap.date_dim_0.d_year = CAST(2000 AS INT), tpcds_partitioned_parquet_snap.date_dim_0.d_date_sk IS NOT NULL
|  |     mem-estimate=16.00MB mem-reservation=512.00KB thread-reservation=0
|  |     tuple-ids=11 row-size=8B cardinality=373 cost=12520
|  |     in pipelines: 09(GETNEXT)
|  |
|  08:SCAN HDFS [tpcds_partitioned_parquet_snap.store_returns, RANDOM]
|     partition predicates: tpcds_partitioned_parquet_snap.store_returns_0.sr_returned_date_sk IS NOT NULL
|     HDFS partitions=2003/2004 files=2003 size=48.12GB
|     predicates: tpcds_partitioned_parquet_snap.store_returns_0.sr_store_sk IS NOT NULL
|     runtime filters: RF008[bloom] -> tpcds_partitioned_parquet_snap.store_returns_0.sr_returned_date_sk
|     stored statistics:
|       table: rows=863.99M size=48.14GB
|       partitions: 2003/2003 rows=833.90M
|       columns: all
|     extrapolated-rows=disabled max-scan-range-rows=793.33K est-scan-range=373(filtered from 2003)
|     parquet dictionary predicates: tpcds_partitioned_parquet_snap.store_returns_0.sr_store_sk IS NOT NULL
|     mem-estimate=16.00MB mem-reservation=32.00KB thread-reservation=0
|     tuple-ids=9 row-size=16B cardinality=149.78M(filtered from 804.72M) cost=40122389
|     in pipelines: 08(GETNEXT)
|
07:HASH JOIN [INNER JOIN, BROADCAST]
|  hash-table-id=02
|  hash predicates: tpcds_partitioned_parquet_snap.customer.c_customer_sk = tpcds_partitioned_parquet_snap.store_returns.sr_customer_sk
|  fk/pk conjuncts: none
|  mem-estimate=0B mem-reservation=0B spill-buffer=2.00MB thread-reservation=0
|  tuple-ids=0,6,7 row-size=74B cardinality=1.01M cost=443250
|  in pipelines: 00(GETNEXT), 17(OPEN)
|
|--F12:PLAN FRAGMENT [RANDOM] hosts=10 instances=10
|  |  Per-Instance Resources: mem-estimate=80.45MB mem-reservation=35.00MB thread-reservation=1 runtime-filters-memory=1.00MB
|  |  max-parallelism=10 segment-costs=[2358532] cpu-comparison-result=111 [max(10 (self) vs 111 (sum children))]
|  JOIN BUILD
|  |  join-table-id=02 plan-id=03 cohort-id=01
|  |  build expressions: tpcds_partitioned_parquet_snap.store_returns.sr_customer_sk
|  |  runtime filters: RF002[bloom] <- tpcds_partitioned_parquet_snap.store_returns.sr_customer_sk, RF003[min_max] <- tpcds_partitioned_parquet_snap.store_returns.sr_customer_sk
|  |  mem-estimate=64.56MB mem-reservation=34.00MB spill-buffer=2.00MB thread-reservation=0 cost=1012682
|  |
|  19:EXCHANGE [BROADCAST]
|  |  mem-estimate=14.88MB mem-reservation=0B thread-reservation=0
|  |  tuple-ids=6,7 row-size=42B cardinality=1.01M cost=1345850
|  |  in pipelines: 17(GETNEXT)
|  |
|  F03:PLAN FRAGMENT [HASH(tpcds_partitioned_parquet_snap.store_returns.sr_customer_sk,tpcds_partitioned_parquet_snap.store_returns.sr_store_sk)] hosts=10 instances=100 (adjusted from 120)
|  Per-Instance Resources: mem-estimate=63.25MB mem-reservation=34.00MB thread-reservation=1
|  max-parallelism=100 segment-costs=[901071645, 4116105] cpu-comparison-result=111 [max(100 (self) vs 111 (sum children))]
|  06:HASH JOIN [INNER JOIN, BROADCAST]
|  |  hash-table-id=03
|  |  hash predicates: tpcds_partitioned_parquet_snap.store_returns.sr_store_sk = tpcds_partitioned_parquet_snap.store.s_store_sk
|  |  fk/pk conjuncts: tpcds_partitioned_parquet_snap.store_returns.sr_store_sk = tpcds_partitioned_parquet_snap.store.s_store_sk
|  |  mem-estimate=0B mem-reservation=0B spill-buffer=64.00KB thread-reservation=0
|  |  tuple-ids=6,7 row-size=42B cardinality=1.01M cost=3957519
|  |  in pipelines: 17(GETNEXT), 05(OPEN)
|  |
|  |--F13:PLAN FRAGMENT [HASH(tpcds_partitioned_parquet_snap.store_returns.sr_customer_sk,tpcds_partitioned_parquet_snap.store_returns.sr_store_sk)] hosts=10 instances=10
|  |  |  Per-Instance Resources: mem-estimate=20.39MB mem-reservation=20.38MB thread-reservation=1 runtime-filters-memory=1.00MB
|  |  |  max-parallelism=10 segment-costs=[106]
|  |  JOIN BUILD
|  |  |  join-table-id=03 plan-id=04 cohort-id=03
|  |  |  build expressions: tpcds_partitioned_parquet_snap.store.s_store_sk
|  |  |  runtime filters: RF004[bloom] <- tpcds_partitioned_parquet_snap.store.s_store_sk, RF005[min_max] <- tpcds_partitioned_parquet_snap.store.s_store_sk
|  |  |  mem-estimate=19.38MB mem-reservation=19.38MB spill-buffer=64.00KB thread-reservation=0 cost=46
|  |  |
|  |  18:EXCHANGE [BROADCAST]
|  |  |  mem-estimate=16.00KB mem-reservation=0B thread-reservation=0
|  |  |  tuple-ids=7 row-size=18B cardinality=46 cost=60
|  |  |  in pipelines: 05(GETNEXT)
|  |  |
|  |  F04:PLAN FRAGMENT [RANDOM] hosts=1 instances=1
|  |  Per-Host Shared Resources: mem-estimate=1.00MB mem-reservation=1.00MB thread-reservation=0 runtime-filters-memory=1.00MB
|  |  Per-Instance Resources: mem-estimate=16.09MB mem-reservation=16.00KB thread-reservation=1
|  |  max-parallelism=1 segment-costs=[195]
|  |  05:SCAN HDFS [tpcds_partitioned_parquet_snap.store, RANDOM]
|  |     HDFS partitions=1/1 files=1 size=119.76KB
|  |     predicates: tpcds_partitioned_parquet_snap.store.s_state = 'TN', tpcds_partitioned_parquet_snap.store.s_store_sk IS NOT NULL
|  |     runtime filters: RF001[min_max] -> tpcds_partitioned_parquet_snap.store.s_store_sk, RF000[bloom] -> tpcds_partitioned_parquet_snap.store.s_store_sk
|  |     stored statistics:
|  |       table: rows=1.35K size=119.76KB
|  |       columns: all
|  |     extrapolated-rows=disabled max-scan-range-rows=1.35K
|  |     parquet statistics predicates: tpcds_partitioned_parquet_snap.store.s_state = 'TN'
|  |     parquet dictionary predicates: tpcds_partitioned_parquet_snap.store.s_state = 'TN', tpcds_partitioned_parquet_snap.store.s_store_sk IS NOT NULL
|  |     mem-estimate=16.00MB mem-reservation=16.00KB thread-reservation=0
|  |     tuple-ids=7 row-size=18B cardinality=46 cost=192
|  |     in pipelines: 05(GETNEXT)
|  |
|  17:AGGREGATE [FINALIZE]
|  |  output: sum:merge(tpcds_partitioned_parquet_snap.store_returns.sr_fee)
|  |  group by: tpcds_partitioned_parquet_snap.store_returns.sr_customer_sk, tpcds_partitioned_parquet_snap.store_returns.sr_store_sk
|  |  having: sum(tpcds_partitioned_parquet_snap.store_returns.sr_fee) IS NOT NULL
|  |  mem-estimate=50.51MB mem-reservation=34.00MB spill-buffer=2.00MB thread-reservation=0
|  |  tuple-ids=6 row-size=24B cardinality=14.71M cost=868481164
|  |  in pipelines: 17(GETNEXT), 01(OPEN)
|  |
|  16:EXCHANGE [HASH(tpcds_partitioned_parquet_snap.store_returns.sr_customer_sk,tpcds_partitioned_parquet_snap.store_returns.sr_store_sk)]
|  |  mem-estimate=12.73MB mem-reservation=0B thread-reservation=0
|  |  tuple-ids=6 row-size=24B cardinality=147.14M cost=32590481
|  |  in pipelines: 01(GETNEXT)
|  |
|  F01:PLAN FRAGMENT [RANDOM] hosts=10 instances=100 (adjusted from 120)
|  Per-Host Shared Resources: mem-estimate=3.00MB mem-reservation=3.00MB thread-reservation=0 runtime-filters-memory=3.00MB
|  Per-Instance Resources: mem-estimate=64.82MB mem-reservation=34.03MB thread-reservation=1
|  max-parallelism=100 segment-costs=[977366166, 303216545] cpu-comparison-result=100 [max(100 (self) vs 11 (sum children))]
|  04:AGGREGATE [STREAMING]
|  |  output: sum(tpcds_partitioned_parquet_snap.store_returns.sr_fee)
|  |  group by: tpcds_partitioned_parquet_snap.store_returns.sr_customer_sk, tpcds_partitioned_parquet_snap.store_returns.sr_store_sk
|  |  mem-estimate=37.89MB mem-reservation=34.00MB spill-buffer=2.00MB thread-reservation=0
|  |  tuple-ids=6 row-size=24B cardinality=147.14M cost=868481164
|  |  in pipelines: 01(GETNEXT)
|  |
|  03:HASH JOIN [INNER JOIN, BROADCAST]
|  |  hash-table-id=04
|  |  hash predicates: tpcds_partitioned_parquet_snap.store_returns.sr_returned_date_sk = tpcds_partitioned_parquet_snap.date_dim.d_date_sk
|  |  fk/pk conjuncts: tpcds_partitioned_parquet_snap.store_returns.sr_returned_date_sk = tpcds_partitioned_parquet_snap.date_dim.d_date_sk
|  |  mem-estimate=0B mem-reservation=0B spill-buffer=64.00KB thread-reservation=0
|  |  tuple-ids=2,4 row-size=24B cardinality=147.14M cost=64401146
|  |  in pipelines: 01(GETNEXT), 02(OPEN)
|  |
|  |--F14:PLAN FRAGMENT [RANDOM] hosts=10 instances=10
|  |  |  Per-Instance Resources: mem-estimate=20.39MB mem-reservation=20.38MB thread-reservation=1 runtime-filters-memory=1.00MB
|  |  |  max-parallelism=10 segment-costs=[863]
|  |  JOIN BUILD
|  |  |  join-table-id=04 plan-id=05 cohort-id=03
|  |  |  build expressions: tpcds_partitioned_parquet_snap.date_dim.d_date_sk
|  |  |  runtime filters: RF006[bloom] <- tpcds_partitioned_parquet_snap.date_dim.d_date_sk
|  |  |  mem-estimate=19.38MB mem-reservation=19.38MB spill-buffer=64.00KB thread-reservation=0 cost=373
|  |  |
|  |  15:EXCHANGE [BROADCAST]
|  |  |  mem-estimate=16.00KB mem-reservation=0B thread-reservation=0
|  |  |  tuple-ids=4 row-size=8B cardinality=373 cost=490
|  |  |  in pipelines: 02(GETNEXT)
|  |  |
|  |  F02:PLAN FRAGMENT [RANDOM] hosts=1 instances=1
|  |  Per-Instance Resources: mem-estimate=16.05MB mem-reservation=512.00KB thread-reservation=1
|  |  max-parallelism=1 segment-costs=[12536]
|  |  02:SCAN HDFS [tpcds_partitioned_parquet_snap.date_dim, RANDOM]
|  |     HDFS partitions=1/1 files=1 size=2.17MB
|  |     predicates: tpcds_partitioned_parquet_snap.date_dim.d_year = CAST(2000 AS INT), tpcds_partitioned_parquet_snap.date_dim.d_date_sk IS NOT NULL
|  |     stored statistics:
|  |       table: rows=73.05K size=2.17MB
|  |       columns: all
|  |     extrapolated-rows=disabled max-scan-range-rows=73.05K
|  |     parquet statistics predicates: tpcds_partitioned_parquet_snap.date_dim.d_year = CAST(2000 AS INT)
|  |     parquet dictionary predicates: tpcds_partitioned_parquet_snap.date_dim.d_year = CAST(2000 AS INT), tpcds_partitioned_parquet_snap.date_dim.d_date_sk IS NOT NULL
|  |     mem-estimate=16.00MB mem-reservation=512.00KB thread-reservation=0
|  |     tuple-ids=4 row-size=8B cardinality=373 cost=12520
|  |     in pipelines: 02(GETNEXT)
|  |
|  01:SCAN HDFS [tpcds_partitioned_parquet_snap.store_returns, RANDOM]
|     partition predicates: tpcds_partitioned_parquet_snap.store_returns.sr_returned_date_sk IS NOT NULL
|     HDFS partitions=2003/2004 files=2003 size=48.12GB
|     predicates: tpcds_partitioned_parquet_snap.store_returns.sr_customer_sk IS NOT NULL, tpcds_partitioned_parquet_snap.store_returns.sr_store_sk IS NOT NULL
|     runtime filters: RF001[min_max] -> tpcds_partitioned_parquet_snap.store_returns.sr_store_sk, RF005[min_max] -> tpcds_partitioned_parquet_snap.store_returns.sr_store_sk, RF000[bloom] -> tpcds_partitioned_parquet_snap.store_returns.sr_store_sk, RF004[bloom] -> tpcds_partitioned_parquet_snap.store_returns.sr_store_sk, RF006[bloom] -> tpcds_partitioned_parquet_snap.store_returns.sr_returned_date_sk
|     stored statistics:
|       table: rows=863.99M size=48.14GB
|       partitions: 2003/2003 rows=833.90M
|       columns: all
|     extrapolated-rows=disabled max-scan-range-rows=793.33K est-scan-range=373(filtered from 2003)
|     parquet dictionary predicates: tpcds_partitioned_parquet_snap.store_returns.sr_customer_sk IS NOT NULL, tpcds_partitioned_parquet_snap.store_returns.sr_store_sk IS NOT NULL
|     mem-estimate=16.00MB mem-reservation=32.00KB thread-reservation=0
|     tuple-ids=2 row-size=16B cardinality=147.14M(filtered from 790.51M) cost=44483856
|     in pipelines: 01(GETNEXT)
|
00:SCAN HDFS [tpcds_partitioned_parquet_snap.customer, RANDOM]
   HDFS partitions=1/1 files=1 size=1.55GB
   predicates: tpcds_partitioned_parquet_snap.customer.c_customer_sk IS NOT NULL
   runtime filters: RF003[min_max] -> tpcds_partitioned_parquet_snap.customer.c_customer_sk, RF002[bloom] -> tpcds_partitioned_parquet_snap.customer.c_customer_sk
   stored statistics:
     table: rows=30.00M size=1.55GB
     columns: all
   extrapolated-rows=disabled max-scan-range-rows=3.10M
   parquet dictionary predicates: tpcds_partitioned_parquet_snap.customer.c_customer_sk IS NOT NULL
   mem-estimate=16.00MB mem-reservation=1.00MB thread-reservation=0
   tuple-ids=0 row-size=32B cardinality=1.01M(filtered from 30.00M) cost=9483000
   in pipelines: 00(GETNEXT)
---- PARALLELPLANS
Max Per-Host Resource Reservation: Memory=1.46GB Threads=51
Per-Host Resource Estimates: Memory=2.84GB
F09:PLAN FRAGMENT [UNPARTITIONED] hosts=1 instances=1
|  Per-Instance Resources: mem-estimate=4.03MB mem-reservation=4.00MB thread-reservation=1
|  max-parallelism=1 segment-costs=[130] cpu-comparison-result=211 [max(1 (self) vs 211 (sum children))]
PLAN-ROOT SINK
|  output exprs: c_customer_id
|  mem-estimate=4.00MB mem-reservation=4.00MB spill-buffer=2.00MB thread-reservation=0 cost=100
|
26:MERGING-EXCHANGE [UNPARTITIONED]
|  order by: c_customer_id ASC NULLS LAST
|  limit: 100
|  mem-estimate=31.52KB mem-reservation=0B thread-reservation=0
|  tuple-ids=16 row-size=28B cardinality=100 cost=30
|  in pipelines: 14(GETNEXT)
|
F00:PLAN FRAGMENT [RANDOM] hosts=10 instances=10
Per-Host Shared Resources: mem-estimate=1.00MB mem-reservation=1.00MB thread-reservation=0 runtime-filters-memory=1.00MB
Per-Instance Resources: mem-estimate=16.00MB mem-reservation=1.00MB thread-reservation=1
max-parallelism=10 segment-costs=[11054198439, 104] cpu-comparison-result=211 [max(10 (self) vs 211 (sum children))]
14:TOP-N [LIMIT=100]
|  order by: c_customer_id ASC NULLS LAST
|  mem-estimate=2.73KB mem-reservation=0B thread-reservation=0
|  tuple-ids=16 row-size=28B cardinality=100 cost=10924188257
|  in pipelines: 14(GETNEXT), 00(OPEN)
|
13:HASH JOIN [INNER JOIN, BROADCAST]
|  hash-table-id=00
|  hash predicates: tpcds_partitioned_parquet_snap.store_returns.sr_store_sk = tpcds_partitioned_parquet_snap.store_returns_0.sr_store_sk
|  fk/pk conjuncts: none
|  other join predicates: sum(tpcds_partitioned_parquet_snap.store_returns.sr_fee) > multiply(avg(sum(tpcds_partitioned_parquet_snap.store_returns_0.sr_fee)), CAST(1.2 AS DECIMAL(2,1)))
|  mem-estimate=0B mem-reservation=0B spill-buffer=64.00KB thread-reservation=0
|  tuple-ids=0,6,7,15 row-size=94B cardinality=661.28M cost=120083932
|  in pipelines: 00(GETNEXT), 24(OPEN)
|
|--F10:PLAN FRAGMENT [RANDOM] hosts=10 instances=10
|  |  Per-Instance Resources: mem-estimate=3.10MB mem-reservation=2.94MB thread-reservation=1 runtime-filters-memory=1.00MB
|  |  max-parallelism=10 segment-costs=[1513] cpu-comparison-result=100 [max(10 (self) vs 100 (sum children))]
|  JOIN BUILD
|  |  join-table-id=00 plan-id=01 cohort-id=01
|  |  build expressions: tpcds_partitioned_parquet_snap.store_returns_0.sr_store_sk
|  |  runtime filters: RF000[bloom] <- tpcds_partitioned_parquet_snap.store_returns_0.sr_store_sk, RF001[min_max] <- tpcds_partitioned_parquet_snap.store_returns_0.sr_store_sk
|  |  mem-estimate=1.94MB mem-reservation=1.94MB spill-buffer=64.00KB thread-reservation=0 cost=653
|  |
|  25:EXCHANGE [BROADCAST]
|  |  mem-estimate=165.80KB mem-reservation=0B thread-reservation=0
|  |  tuple-ids=15 row-size=20B cardinality=653 cost=860
|  |  in pipelines: 24(GETNEXT)
|  |
|  F08:PLAN FRAGMENT [HASH(tpcds_partitioned_parquet_snap.store_returns_0.sr_store_sk)] hosts=10 instances=10 (adjusted from 120)
|  Per-Instance Resources: mem-estimate=12.49MB mem-reservation=1.94MB thread-reservation=1
|  max-parallelism=10 segment-costs=[40536, 49] cpu-comparison-result=100 [max(10 (self) vs 100 (sum children))]
|  24:AGGREGATE [FINALIZE]
|  |  output: avg:merge(sum(tpcds_partitioned_parquet_snap.store_returns_0.sr_fee))
|  |  group by: tpcds_partitioned_parquet_snap.store_returns_0.sr_store_sk
|  |  mem-estimate=10.00MB mem-reservation=1.94MB spill-buffer=64.00KB thread-reservation=0
|  |  tuple-ids=15 row-size=20B cardinality=653 cost=24622
|  |  in pipelines: 24(GETNEXT), 22(OPEN)
|  |
|  23:EXCHANGE [HASH(tpcds_partitioned_parquet_snap.store_returns_0.sr_store_sk)]
|  |  mem-estimate=2.49MB mem-reservation=0B thread-reservation=0
|  |  tuple-ids=14 row-size=20B cardinality=78.36K cost=15914
|  |  in pipelines: 22(GETNEXT)
|  |
|  F07:PLAN FRAGMENT [HASH(tpcds_partitioned_parquet_snap.store_returns_0.sr_customer_sk,tpcds_partitioned_parquet_snap.store_returns_0.sr_store_sk)] hosts=10 instances=100 (adjusted from 120)
|  Per-Instance Resources: mem-estimate=74.16MB mem-reservation=36.00MB thread-reservation=1
|  max-parallelism=100 segment-costs=[917269154, 44015019, 141298] cpu-comparison-result=100 [max(100 (self) vs 100 (sum children))]
|  12:AGGREGATE [STREAMING]
|  |  output: avg(sum(tpcds_partitioned_parquet_snap.store_returns_0.sr_fee))
|  |  group by: tpcds_partitioned_parquet_snap.store_returns_0.sr_store_sk
|  |  mem-estimate=10.00MB mem-reservation=2.00MB spill-buffer=64.00KB thread-reservation=0
|  |  tuple-ids=14 row-size=20B cardinality=78.36K cost=44015019
|  |  in pipelines: 22(GETNEXT)
|  |
|  22:AGGREGATE [FINALIZE]
|  |  output: sum:merge(tpcds_partitioned_parquet_snap.store_returns_0.sr_fee)
|  |  group by: tpcds_partitioned_parquet_snap.store_returns_0.sr_customer_sk, tpcds_partitioned_parquet_snap.store_returns_0.sr_store_sk
|  |  mem-estimate=51.42MB mem-reservation=34.00MB spill-buffer=2.00MB thread-reservation=0
|  |  tuple-ids=13 row-size=24B cardinality=149.78M cost=884092832
|  |  in pipelines: 22(GETNEXT), 08(OPEN)
|  |
|  21:EXCHANGE [HASH(tpcds_partitioned_parquet_snap.store_returns_0.sr_customer_sk,tpcds_partitioned_parquet_snap.store_returns_0.sr_store_sk)]
|  |  mem-estimate=12.73MB mem-reservation=0B thread-reservation=0
|  |  tuple-ids=13 row-size=24B cardinality=149.78M cost=33176322
|  |  in pipelines: 08(GETNEXT)
|  |
|  F05:PLAN FRAGMENT [RANDOM] hosts=10 instances=100 (adjusted from 120)
|  Per-Host Shared Resources: mem-estimate=1.00MB mem-reservation=1.00MB thread-reservation=0 runtime-filters-memory=1.00MB
|  Per-Instance Resources: mem-estimate=65.50MB mem-reservation=34.03MB thread-reservation=1
|  max-parallelism=100 segment-costs=[989774031, 308667114] cpu-comparison-result=100 [max(100 (self) vs 11 (sum children))]
|  11:AGGREGATE [STREAMING]
|  |  output: sum(tpcds_partitioned_parquet_snap.store_returns_0.sr_fee)
|  |  group by: tpcds_partitioned_parquet_snap.store_returns_0.sr_customer_sk, tpcds_partitioned_parquet_snap.store_returns_0.sr_store_sk
|  |  mem-estimate=38.57MB mem-reservation=34.00MB spill-buffer=2.00MB thread-reservation=0
|  |  tuple-ids=13 row-size=24B cardinality=149.78M cost=884092832
|  |  in pipelines: 08(GETNEXT)
|  |
|  10:HASH JOIN [INNER JOIN, BROADCAST]
|  |  hash-table-id=01
|  |  hash predicates: tpcds_partitioned_parquet_snap.store_returns_0.sr_returned_date_sk = tpcds_partitioned_parquet_snap.date_dim_0.d_date_sk
|  |  fk/pk conjuncts: tpcds_partitioned_parquet_snap.store_returns_0.sr_returned_date_sk = tpcds_partitioned_parquet_snap.date_dim_0.d_date_sk
|  |  mem-estimate=0B mem-reservation=0B spill-buffer=64.00KB thread-reservation=0
|  |  tuple-ids=9,11 row-size=24B cardinality=149.78M cost=65558810
|  |  in pipelines: 08(GETNEXT), 09(OPEN)
|  |
|  |--F11:PLAN FRAGMENT [RANDOM] hosts=10 instances=10
|  |  |  Per-Instance Resources: mem-estimate=20.39MB mem-reservation=20.38MB thread-reservation=1 runtime-filters-memory=1.00MB
|  |  |  max-parallelism=10 segment-costs=[863]
|  |  JOIN BUILD
|  |  |  join-table-id=01 plan-id=02 cohort-id=02
|  |  |  build expressions: tpcds_partitioned_parquet_snap.date_dim_0.d_date_sk
|  |  |  runtime filters: RF008[bloom] <- tpcds_partitioned_parquet_snap.date_dim_0.d_date_sk
|  |  |  mem-estimate=19.38MB mem-reservation=19.38MB spill-buffer=64.00KB thread-reservation=0 cost=373
|  |  |
|  |  20:EXCHANGE [BROADCAST]
|  |  |  mem-estimate=16.00KB mem-reservation=0B thread-reservation=0
|  |  |  tuple-ids=11 row-size=8B cardinality=373 cost=490
|  |  |  in pipelines: 09(GETNEXT)
|  |  |
|  |  F06:PLAN FRAGMENT [RANDOM] hosts=1 instances=1
|  |  Per-Instance Resources: mem-estimate=16.05MB mem-reservation=512.00KB thread-reservation=1
|  |  max-parallelism=1 segment-costs=[12536]
|  |  09:SCAN HDFS [tpcds_partitioned_parquet_snap.date_dim, RANDOM]
|  |     HDFS partitions=1/1 files=1 size=2.17MB
|  |     predicates: tpcds_partitioned_parquet_snap.date_dim_0.d_year = CAST(2000 AS INT), tpcds_partitioned_parquet_snap.date_dim_0.d_date_sk IS NOT NULL
|  |     stored statistics:
|  |       table: rows=73.05K size=2.17MB
|  |       columns: all
|  |     extrapolated-rows=disabled max-scan-range-rows=73.05K
|  |     parquet statistics predicates: tpcds_partitioned_parquet_snap.date_dim_0.d_year = CAST(2000 AS INT)
|  |     parquet dictionary predicates: tpcds_partitioned_parquet_snap.date_dim_0.d_year = CAST(2000 AS INT), tpcds_partitioned_parquet_snap.date_dim_0.d_date_sk IS NOT NULL
|  |     mem-estimate=16.00MB mem-reservation=512.00KB thread-reservation=0
|  |     tuple-ids=11 row-size=8B cardinality=373 cost=12520
|  |     in pipelines: 09(GETNEXT)
|  |
|  08:SCAN HDFS [tpcds_partitioned_parquet_snap.store_returns, RANDOM]
|     partition predicates: tpcds_partitioned_parquet_snap.store_returns_0.sr_returned_date_sk IS NOT NULL
|     HDFS partitions=2003/2004 files=2003 size=48.12GB
|     predicates: tpcds_partitioned_parquet_snap.store_returns_0.sr_store_sk IS NOT NULL
|     runtime filters: RF008[bloom] -> tpcds_partitioned_parquet_snap.store_returns_0.sr_returned_date_sk
|     stored statistics:
|       table: rows=863.99M size=48.14GB
|       partitions: 2003/2003 rows=833.90M
|       columns: all
|     extrapolated-rows=disabled max-scan-range-rows=793.33K est-scan-range=373(filtered from 2003)
|     parquet dictionary predicates: tpcds_partitioned_parquet_snap.store_returns_0.sr_store_sk IS NOT NULL
|     mem-estimate=16.00MB mem-reservation=32.00KB thread-reservation=0
|     tuple-ids=9 row-size=16B cardinality=149.78M(filtered from 804.72M) cost=40122389
|     in pipelines: 08(GETNEXT)
|
07:HASH JOIN [INNER JOIN, BROADCAST]
|  hash-table-id=02
|  hash predicates: tpcds_partitioned_parquet_snap.customer.c_customer_sk = tpcds_partitioned_parquet_snap.store_returns.sr_customer_sk
|  fk/pk conjuncts: none
|  mem-estimate=0B mem-reservation=0B spill-buffer=2.00MB thread-reservation=0
|  tuple-ids=0,6,7 row-size=74B cardinality=1.01M cost=443250
|  in pipelines: 00(GETNEXT), 17(OPEN)
|
|--F12:PLAN FRAGMENT [RANDOM] hosts=10 instances=10
|  |  Per-Instance Resources: mem-estimate=80.45MB mem-reservation=35.00MB thread-reservation=1 runtime-filters-memory=1.00MB
|  |  max-parallelism=10 segment-costs=[2358532] cpu-comparison-result=111 [max(10 (self) vs 111 (sum children))]
|  JOIN BUILD
|  |  join-table-id=02 plan-id=03 cohort-id=01
|  |  build expressions: tpcds_partitioned_parquet_snap.store_returns.sr_customer_sk
|  |  runtime filters: RF002[bloom] <- tpcds_partitioned_parquet_snap.store_returns.sr_customer_sk, RF003[min_max] <- tpcds_partitioned_parquet_snap.store_returns.sr_customer_sk
|  |  mem-estimate=64.56MB mem-reservation=34.00MB spill-buffer=2.00MB thread-reservation=0 cost=1012682
|  |
|  19:EXCHANGE [BROADCAST]
|  |  mem-estimate=14.88MB mem-reservation=0B thread-reservation=0
|  |  tuple-ids=6,7 row-size=42B cardinality=1.01M cost=1345850
|  |  in pipelines: 17(GETNEXT)
|  |
|  F03:PLAN FRAGMENT [HASH(tpcds_partitioned_parquet_snap.store_returns.sr_customer_sk,tpcds_partitioned_parquet_snap.store_returns.sr_store_sk)] hosts=10 instances=100 (adjusted from 120)
|  Per-Instance Resources: mem-estimate=63.25MB mem-reservation=34.00MB thread-reservation=1
|  max-parallelism=100 segment-costs=[901071645, 4116105] cpu-comparison-result=111 [max(100 (self) vs 111 (sum children))]
|  06:HASH JOIN [INNER JOIN, BROADCAST]
|  |  hash-table-id=03
|  |  hash predicates: tpcds_partitioned_parquet_snap.store_returns.sr_store_sk = tpcds_partitioned_parquet_snap.store.s_store_sk
|  |  fk/pk conjuncts: tpcds_partitioned_parquet_snap.store_returns.sr_store_sk = tpcds_partitioned_parquet_snap.store.s_store_sk
|  |  mem-estimate=0B mem-reservation=0B spill-buffer=64.00KB thread-reservation=0
|  |  tuple-ids=6,7 row-size=42B cardinality=1.01M cost=3957519
|  |  in pipelines: 17(GETNEXT), 05(OPEN)
|  |
|  |--F13:PLAN FRAGMENT [HASH(tpcds_partitioned_parquet_snap.store_returns.sr_customer_sk,tpcds_partitioned_parquet_snap.store_returns.sr_store_sk)] hosts=10 instances=10
|  |  |  Per-Instance Resources: mem-estimate=20.39MB mem-reservation=20.38MB thread-reservation=1 runtime-filters-memory=1.00MB
|  |  |  max-parallelism=10 segment-costs=[106]
|  |  JOIN BUILD
|  |  |  join-table-id=03 plan-id=04 cohort-id=03
|  |  |  build expressions: tpcds_partitioned_parquet_snap.store.s_store_sk
|  |  |  runtime filters: RF004[bloom] <- tpcds_partitioned_parquet_snap.store.s_store_sk, RF005[min_max] <- tpcds_partitioned_parquet_snap.store.s_store_sk
|  |  |  mem-estimate=19.38MB mem-reservation=19.38MB spill-buffer=64.00KB thread-reservation=0 cost=46
|  |  |
|  |  18:EXCHANGE [BROADCAST]
|  |  |  mem-estimate=16.00KB mem-reservation=0B thread-reservation=0
|  |  |  tuple-ids=7 row-size=18B cardinality=46 cost=60
|  |  |  in pipelines: 05(GETNEXT)
|  |  |
|  |  F04:PLAN FRAGMENT [RANDOM] hosts=1 instances=1
|  |  Per-Host Shared Resources: mem-estimate=1.00MB mem-reservation=1.00MB thread-reservation=0 runtime-filters-memory=1.00MB
|  |  Per-Instance Resources: mem-estimate=16.09MB mem-reservation=16.00KB thread-reservation=1
|  |  max-parallelism=1 segment-costs=[195]
|  |  05:SCAN HDFS [tpcds_partitioned_parquet_snap.store, RANDOM]
|  |     HDFS partitions=1/1 files=1 size=119.76KB
|  |     predicates: tpcds_partitioned_parquet_snap.store.s_state = 'TN', tpcds_partitioned_parquet_snap.store.s_store_sk IS NOT NULL
|  |     runtime filters: RF001[min_max] -> tpcds_partitioned_parquet_snap.store.s_store_sk, RF000[bloom] -> tpcds_partitioned_parquet_snap.store.s_store_sk
|  |     stored statistics:
|  |       table: rows=1.35K size=119.76KB
|  |       columns: all
|  |     extrapolated-rows=disabled max-scan-range-rows=1.35K
|  |     parquet statistics predicates: tpcds_partitioned_parquet_snap.store.s_state = 'TN'
|  |     parquet dictionary predicates: tpcds_partitioned_parquet_snap.store.s_state = 'TN', tpcds_partitioned_parquet_snap.store.s_store_sk IS NOT NULL
|  |     mem-estimate=16.00MB mem-reservation=16.00KB thread-reservation=0
|  |     tuple-ids=7 row-size=18B cardinality=46 cost=192
|  |     in pipelines: 05(GETNEXT)
|  |
|  17:AGGREGATE [FINALIZE]
|  |  output: sum:merge(tpcds_partitioned_parquet_snap.store_returns.sr_fee)
|  |  group by: tpcds_partitioned_parquet_snap.store_returns.sr_customer_sk, tpcds_partitioned_parquet_snap.store_returns.sr_store_sk
|  |  having: sum(tpcds_partitioned_parquet_snap.store_returns.sr_fee) IS NOT NULL
|  |  mem-estimate=50.51MB mem-reservation=34.00MB spill-buffer=2.00MB thread-reservation=0
|  |  tuple-ids=6 row-size=24B cardinality=14.71M cost=868481164
|  |  in pipelines: 17(GETNEXT), 01(OPEN)
|  |
|  16:EXCHANGE [HASH(tpcds_partitioned_parquet_snap.store_returns.sr_customer_sk,tpcds_partitioned_parquet_snap.store_returns.sr_store_sk)]
|  |  mem-estimate=12.73MB mem-reservation=0B thread-reservation=0
|  |  tuple-ids=6 row-size=24B cardinality=147.14M cost=32590481
|  |  in pipelines: 01(GETNEXT)
|  |
|  F01:PLAN FRAGMENT [RANDOM] hosts=10 instances=100 (adjusted from 120)
|  Per-Host Shared Resources: mem-estimate=3.00MB mem-reservation=3.00MB thread-reservation=0 runtime-filters-memory=3.00MB
|  Per-Instance Resources: mem-estimate=64.82MB mem-reservation=34.03MB thread-reservation=1
|  max-parallelism=100 segment-costs=[977366166, 303216545] cpu-comparison-result=100 [max(100 (self) vs 11 (sum children))]
|  04:AGGREGATE [STREAMING]
|  |  output: sum(tpcds_partitioned_parquet_snap.store_returns.sr_fee)
|  |  group by: tpcds_partitioned_parquet_snap.store_returns.sr_customer_sk, tpcds_partitioned_parquet_snap.store_returns.sr_store_sk
|  |  mem-estimate=37.89MB mem-reservation=34.00MB spill-buffer=2.00MB thread-reservation=0
|  |  tuple-ids=6 row-size=24B cardinality=147.14M cost=868481164
|  |  in pipelines: 01(GETNEXT)
|  |
|  03:HASH JOIN [INNER JOIN, BROADCAST]
|  |  hash-table-id=04
|  |  hash predicates: tpcds_partitioned_parquet_snap.store_returns.sr_returned_date_sk = tpcds_partitioned_parquet_snap.date_dim.d_date_sk
|  |  fk/pk conjuncts: tpcds_partitioned_parquet_snap.store_returns.sr_returned_date_sk = tpcds_partitioned_parquet_snap.date_dim.d_date_sk
|  |  mem-estimate=0B mem-reservation=0B spill-buffer=64.00KB thread-reservation=0
|  |  tuple-ids=2,4 row-size=24B cardinality=147.14M cost=64401146
|  |  in pipelines: 01(GETNEXT), 02(OPEN)
|  |
|  |--F14:PLAN FRAGMENT [RANDOM] hosts=10 instances=10
|  |  |  Per-Instance Resources: mem-estimate=20.39MB mem-reservation=20.38MB thread-reservation=1 runtime-filters-memory=1.00MB
|  |  |  max-parallelism=10 segment-costs=[863]
|  |  JOIN BUILD
|  |  |  join-table-id=04 plan-id=05 cohort-id=03
|  |  |  build expressions: tpcds_partitioned_parquet_snap.date_dim.d_date_sk
|  |  |  runtime filters: RF006[bloom] <- tpcds_partitioned_parquet_snap.date_dim.d_date_sk
|  |  |  mem-estimate=19.38MB mem-reservation=19.38MB spill-buffer=64.00KB thread-reservation=0 cost=373
|  |  |
|  |  15:EXCHANGE [BROADCAST]
|  |  |  mem-estimate=16.00KB mem-reservation=0B thread-reservation=0
|  |  |  tuple-ids=4 row-size=8B cardinality=373 cost=490
|  |  |  in pipelines: 02(GETNEXT)
|  |  |
|  |  F02:PLAN FRAGMENT [RANDOM] hosts=1 instances=1
|  |  Per-Instance Resources: mem-estimate=16.05MB mem-reservation=512.00KB thread-reservation=1
|  |  max-parallelism=1 segment-costs=[12536]
|  |  02:SCAN HDFS [tpcds_partitioned_parquet_snap.date_dim, RANDOM]
|  |     HDFS partitions=1/1 files=1 size=2.17MB
|  |     predicates: tpcds_partitioned_parquet_snap.date_dim.d_year = CAST(2000 AS INT), tpcds_partitioned_parquet_snap.date_dim.d_date_sk IS NOT NULL
|  |     stored statistics:
|  |       table: rows=73.05K size=2.17MB
|  |       columns: all
|  |     extrapolated-rows=disabled max-scan-range-rows=73.05K
|  |     parquet statistics predicates: tpcds_partitioned_parquet_snap.date_dim.d_year = CAST(2000 AS INT)
|  |     parquet dictionary predicates: tpcds_partitioned_parquet_snap.date_dim.d_year = CAST(2000 AS INT), tpcds_partitioned_parquet_snap.date_dim.d_date_sk IS NOT NULL
|  |     mem-estimate=16.00MB mem-reservation=512.00KB thread-reservation=0
|  |     tuple-ids=4 row-size=8B cardinality=373 cost=12520
|  |     in pipelines: 02(GETNEXT)
|  |
|  01:SCAN HDFS [tpcds_partitioned_parquet_snap.store_returns, RANDOM]
|     partition predicates: tpcds_partitioned_parquet_snap.store_returns.sr_returned_date_sk IS NOT NULL
|     HDFS partitions=2003/2004 files=2003 size=48.12GB
|     predicates: tpcds_partitioned_parquet_snap.store_returns.sr_customer_sk IS NOT NULL, tpcds_partitioned_parquet_snap.store_returns.sr_store_sk IS NOT NULL
|     runtime filters: RF001[min_max] -> tpcds_partitioned_parquet_snap.store_returns.sr_store_sk, RF005[min_max] -> tpcds_partitioned_parquet_snap.store_returns.sr_store_sk, RF000[bloom] -> tpcds_partitioned_parquet_snap.store_returns.sr_store_sk, RF004[bloom] -> tpcds_partitioned_parquet_snap.store_returns.sr_store_sk, RF006[bloom] -> tpcds_partitioned_parquet_snap.store_returns.sr_returned_date_sk
|     stored statistics:
|       table: rows=863.99M size=48.14GB
|       partitions: 2003/2003 rows=833.90M
|       columns: all
|     extrapolated-rows=disabled max-scan-range-rows=793.33K est-scan-range=373(filtered from 2003)
|     parquet dictionary predicates: tpcds_partitioned_parquet_snap.store_returns.sr_customer_sk IS NOT NULL, tpcds_partitioned_parquet_snap.store_returns.sr_store_sk IS NOT NULL
|     mem-estimate=16.00MB mem-reservation=32.00KB thread-reservation=0
|     tuple-ids=2 row-size=16B cardinality=147.14M(filtered from 790.51M) cost=44483856
|     in pipelines: 01(GETNEXT)
|
00:SCAN HDFS [tpcds_partitioned_parquet_snap.customer, RANDOM]
   HDFS partitions=1/1 files=1 size=1.55GB
   predicates: tpcds_partitioned_parquet_snap.customer.c_customer_sk IS NOT NULL
   runtime filters: RF003[min_max] -> tpcds_partitioned_parquet_snap.customer.c_customer_sk, RF002[bloom] -> tpcds_partitioned_parquet_snap.customer.c_customer_sk
   stored statistics:
     table: rows=30.00M size=1.55GB
     columns: all
   extrapolated-rows=disabled max-scan-range-rows=3.10M
   parquet dictionary predicates: tpcds_partitioned_parquet_snap.customer.c_customer_sk IS NOT NULL
   mem-estimate=16.00MB mem-reservation=1.00MB thread-reservation=0
   tuple-ids=0 row-size=32B cardinality=1.01M(filtered from 30.00M) cost=9483000
   in pipelines: 00(GETNEXT)
====
