# TPCDS-Q51
# start query 51 in stream 0 using template query51.tpl using seed 63208138
WITH web_v1 as (
select
  ws_item_sk item_sk, d_date,
  sum(sum(ws_sales_price))
      over (partition by ws_item_sk order by d_date rows between unbounded preceding and current row) cume_sales
from web_sales
    ,date_dim
where ws_sold_date_sk=d_date_sk
  and d_month_seq between 1176 and 1176+11
  and ws_item_sk is not NULL
group by ws_item_sk, d_date),
store_v1 as (
select
  ss_item_sk item_sk, d_date,
  sum(sum(ss_sales_price))
      over (partition by ss_item_sk order by d_date rows between unbounded preceding and current row) cume_sales
from store_sales
    ,date_dim
where ss_sold_date_sk=d_date_sk
  and d_month_seq between 1176 and 1176+11
  and ss_item_sk is not NULL
group by ss_item_sk, d_date)
 select  *
from (select item_sk
     ,d_date
     ,web_sales
     ,store_sales
     ,max(web_sales)
         over (partition by item_sk order by d_date rows between unbounded preceding and current row) web_cumulative
     ,max(store_sales)
         over (partition by item_sk order by d_date rows between unbounded preceding and current row) store_cumulative
     from (select case when web.item_sk is not null then web.item_sk else store.item_sk end item_sk
                 ,case when web.d_date is not null then web.d_date else store.d_date end d_date
                 ,web.cume_sales web_sales
                 ,store.cume_sales store_sales
           from web_v1 web full outer join store_v1 store on (web.item_sk = store.item_sk
                                                          and web.d_date = store.d_date)
          )x )y
where web_cumulative > store_cumulative
order by item_sk
        ,d_date
limit 100

# end query 51 in stream 0 using template query51.tpl
---- PLAN
Max Per-Host Resource Reservation: Memory=94.00MB Threads=1
Per-Host Resource Estimates: Memory=198.28GB
F00:PLAN FRAGMENT [UNPARTITIONED] hosts=1 instances=1
|  Per-Instance Resources: mem-estimate=198.28GB mem-reservation=94.00MB thread-reservation=1 runtime-filters-memory=2.00MB
|  max-parallelism=1 segment-costs=[53963054123, 11971159917, 14125096569, 3133506007, 235728514246980, 266041741238206, 600]
PLAN-ROOT SINK
|  output exprs: CASE WHEN tpcds_partitioned_parquet_snap.web_sales.ws_item_sk IS NOT NULL THEN tpcds_partitioned_parquet_snap.web_sales.ws_item_sk ELSE tpcds_partitioned_parquet_snap.store_sales.ss_item_sk END, CASE WHEN tpcds_partitioned_parquet_snap.date_dim_0.d_date IS NOT NULL THEN tpcds_partitioned_parquet_snap.date_dim_0.d_date ELSE tpcds_partitioned_parquet_snap.date_dim.d_date END, CASE WHEN count(sum(tpcds_partitioned_parquet_snap.web_sales.ws_sales_price)) > CAST(0 AS BIGINT) THEN sum(sum(tpcds_partitioned_parquet_snap.web_sales.ws_sales_price)) ELSE NULL END, CASE WHEN count(sum(tpcds_partitioned_parquet_snap.store_sales.ss_sales_price)) > CAST(0 AS BIGINT) THEN sum(sum(tpcds_partitioned_parquet_snap.store_sales.ss_sales_price)) ELSE NULL END, max(CASE WHEN count(sum(tpcds_partitioned_parquet_snap.web_sales.ws_sales_price)) > 0 THEN sum(sum(tpcds_partitioned_parquet_snap.web_sales.ws_sales_price)) ELSE NULL END), max(CASE WHEN count(sum(tpcds_partitioned_parquet_snap.store_sales.ss_sales_price)) > 0 THEN sum(sum(tpcds_partitioned_parquet_snap.store_sales.ss_sales_price)) ELSE NULL END)
|  mem-estimate=4.00MB mem-reservation=4.00MB spill-buffer=2.00MB thread-reservation=0 cost=600
|
16:TOP-N [LIMIT=100]
|  order by: CASE WHEN tpcds_partitioned_parquet_snap.web_sales.ws_item_sk IS NOT NULL THEN tpcds_partitioned_parquet_snap.web_sales.ws_item_sk ELSE tpcds_partitioned_parquet_snap.store_sales.ss_item_sk END ASC NULLS LAST, CASE WHEN tpcds_partitioned_parquet_snap.date_dim_0.d_date IS NOT NULL THEN tpcds_partitioned_parquet_snap.date_dim_0.d_date ELSE tpcds_partitioned_parquet_snap.date_dim.d_date END ASC NULLS LAST
|  mem-estimate=9.38KB mem-reservation=0B thread-reservation=0
|  tuple-ids=22 row-size=96B cardinality=100 cost=117623236550590
|  in pipelines: 16(GETNEXT), 13(OPEN)
|
15:SELECT
|  predicates: max(CASE WHEN count(sum(tpcds_partitioned_parquet_snap.web_sales.ws_sales_price)) > 0 THEN sum(sum(tpcds_partitioned_parquet_snap.web_sales.ws_sales_price)) ELSE NULL END) > max(CASE WHEN count(sum(tpcds_partitioned_parquet_snap.store_sales.ss_sales_price)) > 0 THEN sum(sum(tpcds_partitioned_parquet_snap.store_sales.ss_sales_price)) ELSE NULL END)
|  mem-estimate=0B mem-reservation=0B thread-reservation=0
|  tuple-ids=20,19 row-size=128B cardinality=4.95T cost=49472834895872
|  in pipelines: 13(GETNEXT)
|
14:ANALYTIC
|  functions: max(CASE WHEN count(sum(tpcds_partitioned_parquet_snap.web_sales.ws_sales_price)) > 0 THEN sum(sum(tpcds_partitioned_parquet_snap.web_sales.ws_sales_price)) ELSE NULL END), max(CASE WHEN count(sum(tpcds_partitioned_parquet_snap.store_sales.ss_sales_price)) > 0 THEN sum(sum(tpcds_partitioned_parquet_snap.store_sales.ss_sales_price)) ELSE NULL END)
|  partition by: CASE WHEN tpcds_partitioned_parquet_snap.web_sales.ws_item_sk IS NOT NULL THEN tpcds_partitioned_parquet_snap.web_sales.ws_item_sk ELSE tpcds_partitioned_parquet_snap.store_sales.ss_item_sk END
|  order by: CASE WHEN tpcds_partitioned_parquet_snap.date_dim_0.d_date IS NOT NULL THEN tpcds_partitioned_parquet_snap.date_dim_0.d_date ELSE tpcds_partitioned_parquet_snap.date_dim.d_date END ASC
|  window: ROWS BETWEEN UNBOUNDED PRECEDING AND CURRENT ROW
|  mem-estimate=4.00MB mem-reservation=4.00MB spill-buffer=2.00MB thread-reservation=0
|  tuple-ids=20,19 row-size=128B cardinality=49.47T cost=98945669791744
|  in pipelines: 13(GETNEXT)
|
13:SORT
|  order by: CASE WHEN tpcds_partitioned_parquet_snap.web_sales.ws_item_sk IS NOT NULL THEN tpcds_partitioned_parquet_snap.web_sales.ws_item_sk ELSE tpcds_partitioned_parquet_snap.store_sales.ss_item_sk END ASC NULLS LAST, CASE WHEN tpcds_partitioned_parquet_snap.date_dim_0.d_date IS NOT NULL THEN tpcds_partitioned_parquet_snap.date_dim_0.d_date ELSE tpcds_partitioned_parquet_snap.date_dim.d_date END ASC NULLS LAST
|  mem-estimate=50.00GB mem-reservation=6.00MB spill-buffer=2.00MB thread-reservation=0
|  tuple-ids=20 row-size=96B cardinality=49.47T cost=226738943157437
|  in pipelines: 13(GETNEXT), 04(OPEN)
|
12:HASH JOIN [FULL OUTER JOIN]
|  hash predicates: tpcds_partitioned_parquet_snap.date_dim.d_date = tpcds_partitioned_parquet_snap.date_dim_0.d_date, tpcds_partitioned_parquet_snap.store_sales.ss_item_sk = tpcds_partitioned_parquet_snap.web_sales.ws_item_sk
|  fk/pk conjuncts: none
|  mem-estimate=50.00GB mem-reservation=34.00MB spill-buffer=2.00MB thread-reservation=0
|  tuple-ids=7N,6N,16N,15N row-size=96B cardinality=49.47T cost=8968752861319
|  in pipelines: 04(GETNEXT), 10(OPEN)
|
|--11:ANALYTIC
|  |  functions: count(sum(tpcds_partitioned_parquet_snap.web_sales.ws_sales_price)), sum(sum(tpcds_partitioned_parquet_snap.web_sales.ws_sales_price))
|  |  partition by: tpcds_partitioned_parquet_snap.web_sales.ws_item_sk
|  |  order by: tpcds_partitioned_parquet_snap.date_dim_0.d_date ASC
|  |  window: ROWS BETWEEN UNBOUNDED PRECEDING AND CURRENT ROW
|  |  mem-estimate=4.00MB mem-reservation=4.00MB spill-buffer=2.00MB thread-reservation=0
|  |  tuple-ids=16,15 row-size=48B cardinality=2.16G cost=4318800896
|  |  in pipelines: 10(GETNEXT)
|  |
|  10:SORT
|  |  order by: tpcds_partitioned_parquet_snap.web_sales.ws_item_sk ASC NULLS LAST, tpcds_partitioned_parquet_snap.date_dim_0.d_date ASC NULLS LAST
|  |  mem-estimate=48.27GB mem-reservation=6.00MB spill-buffer=2.00MB thread-reservation=0
|  |  tuple-ids=16 row-size=24B cardinality=2.16G cost=3133506007
|  |  in pipelines: 10(GETNEXT), 09(OPEN)
|  |
|  09:AGGREGATE [FINALIZE]
|  |  output: sum(tpcds_partitioned_parquet_snap.web_sales.ws_sales_price)
|  |  group by: tpcds_partitioned_parquet_snap.web_sales.ws_item_sk, tpcds_partitioned_parquet_snap.date_dim_0.d_date
|  |  mem-estimate=36.45GB mem-reservation=34.00MB spill-buffer=2.00MB thread-reservation=0
|  |  tuple-ids=13 row-size=24B cardinality=2.16G cost=12746077332
|  |  in pipelines: 09(GETNEXT), 06(OPEN)
|  |
|  08:HASH JOIN [INNER JOIN]
|  |  hash predicates: tpcds_partitioned_parquet_snap.web_sales.ws_sold_date_sk = tpcds_partitioned_parquet_snap.date_dim_0.d_date_sk
|  |  fk/pk conjuncts: tpcds_partitioned_parquet_snap.web_sales.ws_sold_date_sk = tpcds_partitioned_parquet_snap.date_dim_0.d_date_sk
|  |  runtime filters: RF002[bloom] <- tpcds_partitioned_parquet_snap.date_dim_0.d_date_sk
|  |  mem-estimate=1.94MB mem-reservation=1.94MB spill-buffer=64.00KB thread-reservation=0
|  |  tuple-ids=9,11 row-size=24B cardinality=2.16G cost=945176899
|  |  in pipelines: 06(GETNEXT), 07(OPEN)
|  |
|  |--07:SCAN HDFS [tpcds_partitioned_parquet_snap.date_dim]
|  |     HDFS partitions=1/1 files=1 size=2.17MB
|  |     predicates: tpcds_partitioned_parquet_snap.date_dim_0.d_month_seq <= CAST(1187 AS INT), tpcds_partitioned_parquet_snap.date_dim_0.d_month_seq >= CAST(1176 AS INT), tpcds_partitioned_parquet_snap.date_dim_0.d_date_sk IS NOT NULL
|  |     stored statistics:
|  |       table: rows=73.05K size=2.17MB
|  |       columns: all
|  |     extrapolated-rows=disabled max-scan-range-rows=73.05K
|  |     parquet statistics predicates: tpcds_partitioned_parquet_snap.date_dim_0.d_month_seq <= CAST(1187 AS INT), tpcds_partitioned_parquet_snap.date_dim_0.d_month_seq >= CAST(1176 AS INT)
|  |     parquet dictionary predicates: tpcds_partitioned_parquet_snap.date_dim_0.d_month_seq <= CAST(1187 AS INT), tpcds_partitioned_parquet_snap.date_dim_0.d_month_seq >= CAST(1176 AS INT), tpcds_partitioned_parquet_snap.date_dim_0.d_date_sk IS NOT NULL
|  |     mem-estimate=16.00MB mem-reservation=1.00MB thread-reservation=0
|  |     tuple-ids=11 row-size=12B cardinality=7.30K cost=18780
|  |     in pipelines: 07(GETNEXT)
|  |
|  06:SCAN HDFS [tpcds_partitioned_parquet_snap.web_sales]
|     partition predicates: tpcds_partitioned_parquet_snap.web_sales.ws_sold_date_sk IS NOT NULL
|     HDFS partitions=1823/1824 files=1823 size=145.67GB
|     predicates: tpcds_partitioned_parquet_snap.web_sales.ws_item_sk IS NOT NULL
|     runtime filters: RF002[bloom] -> tpcds_partitioned_parquet_snap.web_sales.ws_sold_date_sk
|     stored statistics:
|       table: rows=2.16G size=145.75GB
|       partitions: 1823/1823 rows=2.16G
|       columns: all
|     extrapolated-rows=disabled max-scan-range-rows=3.37M
|     parquet dictionary predicates: tpcds_partitioned_parquet_snap.web_sales.ws_item_sk IS NOT NULL
|     mem-estimate=16.00MB mem-reservation=128.00KB thread-reservation=0
|     tuple-ids=9 row-size=12B cardinality=2.16G cost=433823558
|     in pipelines: 06(GETNEXT)
|
05:ANALYTIC
|  functions: count(sum(tpcds_partitioned_parquet_snap.store_sales.ss_sales_price)), sum(sum(tpcds_partitioned_parquet_snap.store_sales.ss_sales_price))
|  partition by: tpcds_partitioned_parquet_snap.store_sales.ss_item_sk
|  order by: tpcds_partitioned_parquet_snap.date_dim.d_date ASC
|  window: ROWS BETWEEN UNBOUNDED PRECEDING AND CURRENT ROW
|  mem-estimate=4.00MB mem-reservation=4.00MB spill-buffer=2.00MB thread-reservation=0
|  tuple-ids=7,6 row-size=48B cardinality=8.25G cost=16499427328
|  in pipelines: 04(GETNEXT)
|
04:SORT
|  order by: tpcds_partitioned_parquet_snap.store_sales.ss_item_sk ASC NULLS LAST, tpcds_partitioned_parquet_snap.date_dim.d_date ASC NULLS LAST
|  mem-estimate=50.00GB mem-reservation=6.00MB spill-buffer=2.00MB thread-reservation=0
|  tuple-ids=7 row-size=24B cardinality=8.25G cost=11971159917
|  in pipelines: 04(GETNEXT), 03(OPEN)
|
03:AGGREGATE [FINALIZE]
|  output: sum(tpcds_partitioned_parquet_snap.store_sales.ss_sales_price)
|  group by: tpcds_partitioned_parquet_snap.store_sales.ss_item_sk, tpcds_partitioned_parquet_snap.date_dim.d_date
|  mem-estimate=50.00GB mem-reservation=34.00MB spill-buffer=2.00MB thread-reservation=0
|  tuple-ids=4 row-size=24B cardinality=8.25G cost=48694760793
|  in pipelines: 03(GETNEXT), 00(OPEN)
|
02:HASH JOIN [INNER JOIN]
|  hash predicates: tpcds_partitioned_parquet_snap.store_sales.ss_sold_date_sk = tpcds_partitioned_parquet_snap.date_dim.d_date_sk
|  fk/pk conjuncts: tpcds_partitioned_parquet_snap.store_sales.ss_sold_date_sk = tpcds_partitioned_parquet_snap.date_dim.d_date_sk
|  runtime filters: RF000[bloom] <- tpcds_partitioned_parquet_snap.date_dim.d_date_sk
|  mem-estimate=1.94MB mem-reservation=1.94MB spill-buffer=64.00KB thread-reservation=0
|  tuple-ids=0,2 row-size=24B cardinality=8.25G cost=3610907044
|  in pipelines: 00(GETNEXT), 01(OPEN)
|
|--01:SCAN HDFS [tpcds_partitioned_parquet_snap.date_dim]
|     HDFS partitions=1/1 files=1 size=2.17MB
|     predicates: tpcds_partitioned_parquet_snap.date_dim.d_month_seq <= CAST(1187 AS INT), tpcds_partitioned_parquet_snap.date_dim.d_month_seq >= CAST(1176 AS INT), tpcds_partitioned_parquet_snap.date_dim.d_date_sk IS NOT NULL
|     stored statistics:
|       table: rows=73.05K size=2.17MB
|       columns: all
|     extrapolated-rows=disabled max-scan-range-rows=73.05K
|     parquet statistics predicates: tpcds_partitioned_parquet_snap.date_dim.d_month_seq <= CAST(1187 AS INT), tpcds_partitioned_parquet_snap.date_dim.d_month_seq >= CAST(1176 AS INT)
|     parquet dictionary predicates: tpcds_partitioned_parquet_snap.date_dim.d_month_seq <= CAST(1187 AS INT), tpcds_partitioned_parquet_snap.date_dim.d_month_seq >= CAST(1176 AS INT), tpcds_partitioned_parquet_snap.date_dim.d_date_sk IS NOT NULL
|     mem-estimate=16.00MB mem-reservation=1.00MB thread-reservation=0
|     tuple-ids=2 row-size=12B cardinality=7.30K cost=18780
|     in pipelines: 01(GETNEXT)
|
00:SCAN HDFS [tpcds_partitioned_parquet_snap.store_sales]
   partition predicates: tpcds_partitioned_parquet_snap.store_sales.ss_sold_date_sk IS NOT NULL
   HDFS partitions=1823/1824 files=1823 size=389.69GB
   predicates: tpcds_partitioned_parquet_snap.store_sales.ss_item_sk IS NOT NULL
   runtime filters: RF000[bloom] -> tpcds_partitioned_parquet_snap.store_sales.ss_sold_date_sk
   stored statistics:
     table: rows=8.64G size=389.90GB
     partitions: 1823/1823 rows=8.25G
     columns: all
   extrapolated-rows=disabled max-scan-range-rows=12.24M
   parquet dictionary predicates: tpcds_partitioned_parquet_snap.store_sales.ss_item_sk IS NOT NULL
   mem-estimate=16.00MB mem-reservation=512.00KB thread-reservation=0
   tuple-ids=0 row-size=12B cardinality=8.25G cost=1657367506
   in pipelines: 00(GETNEXT)
---- DISTRIBUTEDPLAN
Max Per-Host Resource Reservation: Memory=2.38GB Threads=110
Per-Host Resource Estimates: Memory=132.85GB
F10:PLAN FRAGMENT [UNPARTITIONED] hosts=1 instances=1
|  Per-Instance Resources: mem-estimate=4.86MB mem-reservation=4.00MB thread-reservation=1
|  max-parallelism=1 segment-costs=[644] cpu-comparison-result=240 [max(1 (self) vs 240 (sum children))]
PLAN-ROOT SINK
|  output exprs: CASE WHEN tpcds_partitioned_parquet_snap.web_sales.ws_item_sk IS NOT NULL THEN tpcds_partitioned_parquet_snap.web_sales.ws_item_sk ELSE tpcds_partitioned_parquet_snap.store_sales.ss_item_sk END, CASE WHEN tpcds_partitioned_parquet_snap.date_dim_0.d_date IS NOT NULL THEN tpcds_partitioned_parquet_snap.date_dim_0.d_date ELSE tpcds_partitioned_parquet_snap.date_dim.d_date END, CASE WHEN count(sum(tpcds_partitioned_parquet_snap.web_sales.ws_sales_price)) > CAST(0 AS BIGINT) THEN sum(sum(tpcds_partitioned_parquet_snap.web_sales.ws_sales_price)) ELSE NULL END, CASE WHEN count(sum(tpcds_partitioned_parquet_snap.store_sales.ss_sales_price)) > CAST(0 AS BIGINT) THEN sum(sum(tpcds_partitioned_parquet_snap.store_sales.ss_sales_price)) ELSE NULL END, max(CASE WHEN count(sum(tpcds_partitioned_parquet_snap.web_sales.ws_sales_price)) > 0 THEN sum(sum(tpcds_partitioned_parquet_snap.web_sales.ws_sales_price)) ELSE NULL END), max(CASE WHEN count(sum(tpcds_partitioned_parquet_snap.store_sales.ss_sales_price)) > 0 THEN sum(sum(tpcds_partitioned_parquet_snap.store_sales.ss_sales_price)) ELSE NULL END)
|  mem-estimate=4.00MB mem-reservation=4.00MB spill-buffer=2.00MB thread-reservation=0 cost=600
|
28:MERGING-EXCHANGE [UNPARTITIONED]
|  order by: CASE WHEN tpcds_partitioned_parquet_snap.web_sales.ws_item_sk IS NOT NULL THEN tpcds_partitioned_parquet_snap.web_sales.ws_item_sk ELSE tpcds_partitioned_parquet_snap.store_sales.ss_item_sk END ASC NULLS LAST, CASE WHEN tpcds_partitioned_parquet_snap.date_dim_0.d_date IS NOT NULL THEN tpcds_partitioned_parquet_snap.date_dim_0.d_date ELSE tpcds_partitioned_parquet_snap.date_dim.d_date END ASC NULLS LAST
|  limit: 100
|  mem-estimate=879.84KB mem-reservation=0B thread-reservation=0
|  tuple-ids=22 row-size=96B cardinality=100 cost=44
|  in pipelines: 16(GETNEXT)
|
F09:PLAN FRAGMENT [HASH(CASE WHEN tpcds_partitioned_parquet_snap.web_sales.ws_item_sk IS NOT NULL THEN tpcds_partitioned_parquet_snap.web_sales.ws_item_sk ELSE tpcds_partitioned_parquet_snap.store_sales.ss_item_sk END)] hosts=10 instances=90 (adjusted from 120)
Per-Instance Resources: mem-estimate=5.58GB mem-reservation=10.00MB thread-reservation=1
max-parallelism=26604180 segment-costs=[259544378974563, 266041741238206, 282] cpu-comparison-result=240 [max(210 (self) vs 240 (sum children))]
16:TOP-N [LIMIT=100]
|  order by: CASE WHEN tpcds_partitioned_parquet_snap.web_sales.ws_item_sk IS NOT NULL THEN tpcds_partitioned_parquet_snap.web_sales.ws_item_sk ELSE tpcds_partitioned_parquet_snap.store_sales.ss_item_sk END ASC NULLS LAST, CASE WHEN tpcds_partitioned_parquet_snap.date_dim_0.d_date IS NOT NULL THEN tpcds_partitioned_parquet_snap.date_dim_0.d_date ELSE tpcds_partitioned_parquet_snap.date_dim.d_date END ASC NULLS LAST
|  mem-estimate=9.38KB mem-reservation=0B thread-reservation=0
|  tuple-ids=22 row-size=96B cardinality=100 cost=117623236550590
|  in pipelines: 16(GETNEXT), 13(OPEN)
|
15:SELECT
|  predicates: max(CASE WHEN count(sum(tpcds_partitioned_parquet_snap.web_sales.ws_sales_price)) > 0 THEN sum(sum(tpcds_partitioned_parquet_snap.web_sales.ws_sales_price)) ELSE NULL END) > max(CASE WHEN count(sum(tpcds_partitioned_parquet_snap.store_sales.ss_sales_price)) > 0 THEN sum(sum(tpcds_partitioned_parquet_snap.store_sales.ss_sales_price)) ELSE NULL END)
|  mem-estimate=0B mem-reservation=0B thread-reservation=0
|  tuple-ids=20,19 row-size=128B cardinality=4.95T cost=49472834895872
|  in pipelines: 13(GETNEXT)
|
14:ANALYTIC
|  functions: max(CASE WHEN count(sum(tpcds_partitioned_parquet_snap.web_sales.ws_sales_price)) > 0 THEN sum(sum(tpcds_partitioned_parquet_snap.web_sales.ws_sales_price)) ELSE NULL END), max(CASE WHEN count(sum(tpcds_partitioned_parquet_snap.store_sales.ss_sales_price)) > 0 THEN sum(sum(tpcds_partitioned_parquet_snap.store_sales.ss_sales_price)) ELSE NULL END)
|  partition by: CASE WHEN tpcds_partitioned_parquet_snap.web_sales.ws_item_sk IS NOT NULL THEN tpcds_partitioned_parquet_snap.web_sales.ws_item_sk ELSE tpcds_partitioned_parquet_snap.store_sales.ss_item_sk END
|  order by: CASE WHEN tpcds_partitioned_parquet_snap.date_dim_0.d_date IS NOT NULL THEN tpcds_partitioned_parquet_snap.date_dim_0.d_date ELSE tpcds_partitioned_parquet_snap.date_dim.d_date END ASC
|  window: ROWS BETWEEN UNBOUNDED PRECEDING AND CURRENT ROW
|  mem-estimate=4.00MB mem-reservation=4.00MB spill-buffer=2.00MB thread-reservation=0
|  tuple-ids=20,19 row-size=128B cardinality=49.47T cost=98945669791744
|  in pipelines: 13(GETNEXT)
|
13:SORT
|  order by: CASE WHEN tpcds_partitioned_parquet_snap.web_sales.ws_item_sk IS NOT NULL THEN tpcds_partitioned_parquet_snap.web_sales.ws_item_sk ELSE tpcds_partitioned_parquet_snap.store_sales.ss_item_sk END ASC NULLS LAST, CASE WHEN tpcds_partitioned_parquet_snap.date_dim_0.d_date IS NOT NULL THEN tpcds_partitioned_parquet_snap.date_dim_0.d_date ELSE tpcds_partitioned_parquet_snap.date_dim.d_date END ASC NULLS LAST
|  mem-estimate=5.56GB mem-reservation=6.00MB spill-buffer=2.00MB thread-reservation=0
|  tuple-ids=20 row-size=96B cardinality=49.47T cost=226738943157437
|  in pipelines: 13(GETNEXT), 04(OPEN)
|
27:EXCHANGE [HASH(CASE WHEN tpcds_partitioned_parquet_snap.web_sales.ws_item_sk IS NOT NULL THEN tpcds_partitioned_parquet_snap.web_sales.ws_item_sk ELSE tpcds_partitioned_parquet_snap.store_sales.ss_item_sk END)]
|  mem-estimate=23.12MB mem-reservation=0B thread-reservation=0
|  tuple-ids=7N,6N,16N,15N row-size=96B cardinality=49.47T cost=32805435817126
|  in pipelines: 04(GETNEXT)
|
F08:PLAN FRAGMENT [RANDOM] hosts=10 instances=120
Per-Instance Resources: mem-estimate=55.94MB mem-reservation=0B thread-reservation=1
max-parallelism=41678410 segment-costs=[416784095283742]
12:HASH JOIN [FULL OUTER JOIN, PARTITIONED]
|  hash-table-id=00
|  hash predicates: tpcds_partitioned_parquet_snap.date_dim.d_date = tpcds_partitioned_parquet_snap.date_dim_0.d_date, tpcds_partitioned_parquet_snap.store_sales.ss_item_sk = tpcds_partitioned_parquet_snap.web_sales.ws_item_sk
|  fk/pk conjuncts: none
|  mem-estimate=0B mem-reservation=0B spill-buffer=2.00MB thread-reservation=0
|  tuple-ids=7N,6N,16N,15N row-size=96B cardinality=49.47T cost=8966593460829
|  in pipelines: 04(GETNEXT), 10(OPEN)
|
|--F11:PLAN FRAGMENT [RANDOM] hosts=10 instances=120
|  |  Per-Instance Resources: mem-estimate=1.22GB mem-reservation=34.00MB thread-reservation=1
|  |  max-parallelism=41678410 segment-costs=[2955571450] cpu-comparison-result=120 [max(120 (self) vs 120 (sum children))]
|  JOIN BUILD
|  |  join-table-id=00 plan-id=01 cohort-id=01
|  |  build expressions: tpcds_partitioned_parquet_snap.date_dim_0.d_date, tpcds_partitioned_parquet_snap.web_sales.ws_item_sk
|  |  mem-estimate=1.20GB mem-reservation=34.00MB spill-buffer=2.00MB thread-reservation=0 cost=2159400490
|  |
|  26:EXCHANGE [HASH(tpcds_partitioned_parquet_snap.date_dim_0.d_date,tpcds_partitioned_parquet_snap.web_sales.ws_item_sk)]
|  |  mem-estimate=16.56MB mem-reservation=0B thread-reservation=0
|  |  tuple-ids=16,15 row-size=48B cardinality=2.16G cost=796170960
|  |  in pipelines: 10(GETNEXT)
|  |
|  F07:PLAN FRAGMENT [HASH(tpcds_partitioned_parquet_snap.web_sales.ws_item_sk)] hosts=10 instances=120
|  Per-Instance Resources: mem-estimate=442.12MB mem-reservation=10.00MB thread-reservation=1
|  max-parallelism=1330 segment-costs=[3611813215, 13218985955] cpu-comparison-result=120 [max(120 (self) vs 120 (sum children))]
|  11:ANALYTIC
|  |  functions: count(sum(tpcds_partitioned_parquet_snap.web_sales.ws_sales_price)), sum(sum(tpcds_partitioned_parquet_snap.web_sales.ws_sales_price))
|  |  partition by: tpcds_partitioned_parquet_snap.web_sales.ws_item_sk
|  |  order by: tpcds_partitioned_parquet_snap.date_dim_0.d_date ASC
|  |  window: ROWS BETWEEN UNBOUNDED PRECEDING AND CURRENT ROW
|  |  mem-estimate=4.00MB mem-reservation=4.00MB spill-buffer=2.00MB thread-reservation=0
|  |  tuple-ids=16,15 row-size=48B cardinality=2.16G cost=4318800896
|  |  in pipelines: 10(GETNEXT)
|  |
|  10:SORT
|  |  order by: tpcds_partitioned_parquet_snap.web_sales.ws_item_sk ASC NULLS LAST, tpcds_partitioned_parquet_snap.date_dim_0.d_date ASC NULLS LAST
|  |  mem-estimate=411.87MB mem-reservation=6.00MB spill-buffer=2.00MB thread-reservation=0
|  |  tuple-ids=16 row-size=24B cardinality=2.16G cost=3133506007
|  |  in pipelines: 10(GETNEXT), 23(OPEN)
|  |
|  24:EXCHANGE [HASH(tpcds_partitioned_parquet_snap.web_sales.ws_item_sk)]
|  |  mem-estimate=13.28MB mem-reservation=0B thread-reservation=0
|  |  tuple-ids=13 row-size=24B cardinality=2.16G cost=478307208
|  |  in pipelines: 23(GETNEXT)
|  |
|  F06:PLAN FRAGMENT [HASH(tpcds_partitioned_parquet_snap.web_sales.ws_item_sk,tpcds_partitioned_parquet_snap.date_dim_0.d_date)] hosts=10 instances=120
|  Per-Instance Resources: mem-estimate=578.19MB mem-reservation=34.00MB thread-reservation=1
|  max-parallelism=1330 segment-costs=[13224384540, 4450092529] cpu-comparison-result=120 [max(120 (self) vs 120 (sum children))]
|  23:AGGREGATE [FINALIZE]
|  |  output: sum:merge(tpcds_partitioned_parquet_snap.web_sales.ws_sales_price)
|  |  group by: tpcds_partitioned_parquet_snap.web_sales.ws_item_sk, tpcds_partitioned_parquet_snap.date_dim_0.d_date
|  |  mem-estimate=564.90MB mem-reservation=34.00MB spill-buffer=2.00MB thread-reservation=0
|  |  tuple-ids=13 row-size=24B cardinality=2.16G cost=12746077332
|  |  in pipelines: 23(GETNEXT), 06(OPEN)
|  |
|  22:EXCHANGE [HASH(tpcds_partitioned_parquet_snap.web_sales.ws_item_sk,tpcds_partitioned_parquet_snap.date_dim_0.d_date)]
|  |  mem-estimate=13.28MB mem-reservation=0B thread-reservation=0
|  |  tuple-ids=13 row-size=24B cardinality=2.16G cost=478307208
|  |  in pipelines: 06(GETNEXT)
|  |
|  F04:PLAN FRAGMENT [RANDOM] hosts=10 instances=120
|  Per-Host Shared Resources: mem-estimate=1.00MB mem-reservation=1.00MB thread-reservation=0 runtime-filters-memory=1.00MB
|  Per-Instance Resources: mem-estimate=492.48MB mem-reservation=34.12MB thread-reservation=1
|  max-parallelism=1420 segment-costs=[14125070484, 4450092529] cpu-comparison-result=120 [max(120 (self) vs 11 (sum children))]
|  09:AGGREGATE [STREAMING]
|  |  output: sum(tpcds_partitioned_parquet_snap.web_sales.ws_sales_price)
|  |  group by: tpcds_partitioned_parquet_snap.web_sales.ws_item_sk, tpcds_partitioned_parquet_snap.date_dim_0.d_date
|  |  mem-estimate=463.36MB mem-reservation=34.00MB spill-buffer=2.00MB thread-reservation=0
|  |  tuple-ids=13 row-size=24B cardinality=2.16G cost=12746077332
|  |  in pipelines: 06(GETNEXT)
|  |
|  08:HASH JOIN [INNER JOIN, BROADCAST]
|  |  hash-table-id=01
|  |  hash predicates: tpcds_partitioned_parquet_snap.web_sales.ws_sold_date_sk = tpcds_partitioned_parquet_snap.date_dim_0.d_date_sk
|  |  fk/pk conjuncts: tpcds_partitioned_parquet_snap.web_sales.ws_sold_date_sk = tpcds_partitioned_parquet_snap.date_dim_0.d_date_sk
|  |  mem-estimate=0B mem-reservation=0B spill-buffer=64.00KB thread-reservation=0
|  |  tuple-ids=9,11 row-size=24B cardinality=2.16G cost=945169594
|  |  in pipelines: 06(GETNEXT), 07(OPEN)
|  |
|  |--F12:PLAN FRAGMENT [RANDOM] hosts=10 instances=10
|  |  |  Per-Instance Resources: mem-estimate=24.35MB mem-reservation=24.25MB thread-reservation=1 runtime-filters-memory=1.00MB
|  |  |  max-parallelism=10 segment-costs=[17005]
|  |  JOIN BUILD
|  |  |  join-table-id=01 plan-id=02 cohort-id=02
|  |  |  build expressions: tpcds_partitioned_parquet_snap.date_dim_0.d_date_sk
|  |  |  runtime filters: RF002[bloom] <- tpcds_partitioned_parquet_snap.date_dim_0.d_date_sk
|  |  |  mem-estimate=23.25MB mem-reservation=23.25MB spill-buffer=64.00KB thread-reservation=0 cost=7305
|  |  |
|  |  21:EXCHANGE [BROADCAST]
|  |  |  mem-estimate=101.61KB mem-reservation=0B thread-reservation=0
|  |  |  tuple-ids=11 row-size=12B cardinality=7.30K cost=9700
|  |  |  in pipelines: 07(GETNEXT)
|  |  |
|  |  F05:PLAN FRAGMENT [RANDOM] hosts=1 instances=1
|  |  Per-Instance Resources: mem-estimate=16.06MB mem-reservation=1.00MB thread-reservation=1
|  |  max-parallelism=1 segment-costs=[19174]
|  |  07:SCAN HDFS [tpcds_partitioned_parquet_snap.date_dim, RANDOM]
|  |     HDFS partitions=1/1 files=1 size=2.17MB
|  |     predicates: tpcds_partitioned_parquet_snap.date_dim_0.d_month_seq <= CAST(1187 AS INT), tpcds_partitioned_parquet_snap.date_dim_0.d_month_seq >= CAST(1176 AS INT), tpcds_partitioned_parquet_snap.date_dim_0.d_date_sk IS NOT NULL
|  |     stored statistics:
|  |       table: rows=73.05K size=2.17MB
|  |       columns: all
|  |     extrapolated-rows=disabled max-scan-range-rows=73.05K
|  |     parquet statistics predicates: tpcds_partitioned_parquet_snap.date_dim_0.d_month_seq <= CAST(1187 AS INT), tpcds_partitioned_parquet_snap.date_dim_0.d_month_seq >= CAST(1176 AS INT)
|  |     parquet dictionary predicates: tpcds_partitioned_parquet_snap.date_dim_0.d_month_seq <= CAST(1187 AS INT), tpcds_partitioned_parquet_snap.date_dim_0.d_month_seq >= CAST(1176 AS INT), tpcds_partitioned_parquet_snap.date_dim_0.d_date_sk IS NOT NULL
|  |     mem-estimate=16.00MB mem-reservation=1.00MB thread-reservation=0
|  |     tuple-ids=11 row-size=12B cardinality=7.30K cost=18780
|  |     in pipelines: 07(GETNEXT)
|  |
|  06:SCAN HDFS [tpcds_partitioned_parquet_snap.web_sales, RANDOM]
|     partition predicates: tpcds_partitioned_parquet_snap.web_sales.ws_sold_date_sk IS NOT NULL
|     HDFS partitions=1823/1824 files=1823 size=145.67GB
|     predicates: tpcds_partitioned_parquet_snap.web_sales.ws_item_sk IS NOT NULL
|     runtime filters: RF002[bloom] -> tpcds_partitioned_parquet_snap.web_sales.ws_sold_date_sk
|     stored statistics:
|       table: rows=2.16G size=145.75GB
|       partitions: 1823/1823 rows=2.16G
|       columns: all
|     extrapolated-rows=disabled max-scan-range-rows=3.37M
|     parquet dictionary predicates: tpcds_partitioned_parquet_snap.web_sales.ws_item_sk IS NOT NULL
|     mem-estimate=16.00MB mem-reservation=128.00KB thread-reservation=0
|     tuple-ids=9 row-size=12B cardinality=2.16G cost=433823558
|     in pipelines: 06(GETNEXT)
|
25:EXCHANGE [HASH(tpcds_partitioned_parquet_snap.date_dim.d_date,tpcds_partitioned_parquet_snap.store_sales.ss_item_sk)]
|  mem-estimate=16.56MB mem-reservation=0B thread-reservation=0
|  tuple-ids=7,6 row-size=48B cardinality=8.25G cost=3041669485
|  in pipelines: 04(GETNEXT)
|
F03:PLAN FRAGMENT [HASH(tpcds_partitioned_parquet_snap.store_sales.ss_item_sk)] hosts=10 instances=120
Per-Instance Resources: mem-estimate=1.57GB mem-reservation=10.00MB thread-reservation=1
max-parallelism=5060 segment-costs=[13798471528, 50501447808] cpu-comparison-result=120 [max(120 (self) vs 120 (sum children))]
05:ANALYTIC
|  functions: count(sum(tpcds_partitioned_parquet_snap.store_sales.ss_sales_price)), sum(sum(tpcds_partitioned_parquet_snap.store_sales.ss_sales_price))
|  partition by: tpcds_partitioned_parquet_snap.store_sales.ss_item_sk
|  order by: tpcds_partitioned_parquet_snap.date_dim.d_date ASC
|  window: ROWS BETWEEN UNBOUNDED PRECEDING AND CURRENT ROW
|  mem-estimate=4.00MB mem-reservation=4.00MB spill-buffer=2.00MB thread-reservation=0
|  tuple-ids=7,6 row-size=48B cardinality=8.25G cost=16499427328
|  in pipelines: 04(GETNEXT)
|
04:SORT
|  order by: tpcds_partitioned_parquet_snap.store_sales.ss_item_sk ASC NULLS LAST, tpcds_partitioned_parquet_snap.date_dim.d_date ASC NULLS LAST
|  mem-estimate=1.54GB mem-reservation=6.00MB spill-buffer=2.00MB thread-reservation=0
|  tuple-ids=7 row-size=24B cardinality=8.25G cost=11971159917
|  in pipelines: 04(GETNEXT), 19(OPEN)
|
20:EXCHANGE [HASH(tpcds_partitioned_parquet_snap.store_sales.ss_item_sk)]
|  mem-estimate=13.28MB mem-reservation=0B thread-reservation=0
|  tuple-ids=4 row-size=24B cardinality=8.25G cost=1827311611
|  in pipelines: 19(GETNEXT)
|
F02:PLAN FRAGMENT [HASH(tpcds_partitioned_parquet_snap.store_sales.ss_item_sk,tpcds_partitioned_parquet_snap.date_dim.d_date)] hosts=10 instances=120
Per-Instance Resources: mem-estimate=1.42GB mem-reservation=34.00MB thread-reservation=1
max-parallelism=5060 segment-costs=[50522072404, 17001010240] cpu-comparison-result=120 [max(120 (self) vs 120 (sum children))]
19:AGGREGATE [FINALIZE]
|  output: sum:merge(tpcds_partitioned_parquet_snap.store_sales.ss_sales_price)
|  group by: tpcds_partitioned_parquet_snap.store_sales.ss_item_sk, tpcds_partitioned_parquet_snap.date_dim.d_date
|  mem-estimate=1.40GB mem-reservation=34.00MB spill-buffer=2.00MB thread-reservation=0
|  tuple-ids=4 row-size=24B cardinality=8.25G cost=48694760793
|  in pipelines: 19(GETNEXT), 00(OPEN)
|
18:EXCHANGE [HASH(tpcds_partitioned_parquet_snap.store_sales.ss_item_sk,tpcds_partitioned_parquet_snap.date_dim.d_date)]
|  mem-estimate=13.28MB mem-reservation=0B thread-reservation=0
|  tuple-ids=4 row-size=24B cardinality=8.25G cost=1827311611
|  in pipelines: 00(GETNEXT)
|
F00:PLAN FRAGMENT [RANDOM] hosts=10 instances=120
Per-Host Shared Resources: mem-estimate=1.00MB mem-reservation=1.00MB thread-reservation=0 runtime-filters-memory=1.00MB
Per-Instance Resources: mem-estimate=1.14GB mem-reservation=34.50MB thread-reservation=1
max-parallelism=1823 segment-costs=[53963028038, 17001010240] cpu-comparison-result=120 [max(120 (self) vs 11 (sum children))]
03:AGGREGATE [STREAMING]
|  output: sum(tpcds_partitioned_parquet_snap.store_sales.ss_sales_price)
|  group by: tpcds_partitioned_parquet_snap.store_sales.ss_item_sk, tpcds_partitioned_parquet_snap.date_dim.d_date
|  mem-estimate=1.11GB mem-reservation=34.00MB spill-buffer=2.00MB thread-reservation=0
|  tuple-ids=4 row-size=24B cardinality=8.25G cost=48694760793
|  in pipelines: 00(GETNEXT)
|
02:HASH JOIN [INNER JOIN, BROADCAST]
|  hash-table-id=02
|  hash predicates: tpcds_partitioned_parquet_snap.store_sales.ss_sold_date_sk = tpcds_partitioned_parquet_snap.date_dim.d_date_sk
|  fk/pk conjuncts: tpcds_partitioned_parquet_snap.store_sales.ss_sold_date_sk = tpcds_partitioned_parquet_snap.date_dim.d_date_sk
|  mem-estimate=0B mem-reservation=0B spill-buffer=64.00KB thread-reservation=0
|  tuple-ids=0,2 row-size=24B cardinality=8.25G cost=3610899739
|  in pipelines: 00(GETNEXT), 01(OPEN)
|
|--F13:PLAN FRAGMENT [RANDOM] hosts=10 instances=10
|  |  Per-Instance Resources: mem-estimate=24.35MB mem-reservation=24.25MB thread-reservation=1 runtime-filters-memory=1.00MB
|  |  max-parallelism=10 segment-costs=[17005]
|  JOIN BUILD
|  |  join-table-id=02 plan-id=03 cohort-id=01
|  |  build expressions: tpcds_partitioned_parquet_snap.date_dim.d_date_sk
|  |  runtime filters: RF000[bloom] <- tpcds_partitioned_parquet_snap.date_dim.d_date_sk
|  |  mem-estimate=23.25MB mem-reservation=23.25MB spill-buffer=64.00KB thread-reservation=0 cost=7305
|  |
|  17:EXCHANGE [BROADCAST]
|  |  mem-estimate=101.61KB mem-reservation=0B thread-reservation=0
|  |  tuple-ids=2 row-size=12B cardinality=7.30K cost=9700
|  |  in pipelines: 01(GETNEXT)
|  |
|  F01:PLAN FRAGMENT [RANDOM] hosts=1 instances=1
|  Per-Instance Resources: mem-estimate=16.06MB mem-reservation=1.00MB thread-reservation=1
|  max-parallelism=1 segment-costs=[19174]
|  01:SCAN HDFS [tpcds_partitioned_parquet_snap.date_dim, RANDOM]
|     HDFS partitions=1/1 files=1 size=2.17MB
|     predicates: tpcds_partitioned_parquet_snap.date_dim.d_month_seq <= CAST(1187 AS INT), tpcds_partitioned_parquet_snap.date_dim.d_month_seq >= CAST(1176 AS INT), tpcds_partitioned_parquet_snap.date_dim.d_date_sk IS NOT NULL
|     stored statistics:
|       table: rows=73.05K size=2.17MB
|       columns: all
|     extrapolated-rows=disabled max-scan-range-rows=73.05K
|     parquet statistics predicates: tpcds_partitioned_parquet_snap.date_dim.d_month_seq <= CAST(1187 AS INT), tpcds_partitioned_parquet_snap.date_dim.d_month_seq >= CAST(1176 AS INT)
|     parquet dictionary predicates: tpcds_partitioned_parquet_snap.date_dim.d_month_seq <= CAST(1187 AS INT), tpcds_partitioned_parquet_snap.date_dim.d_month_seq >= CAST(1176 AS INT), tpcds_partitioned_parquet_snap.date_dim.d_date_sk IS NOT NULL
|     mem-estimate=16.00MB mem-reservation=1.00MB thread-reservation=0
|     tuple-ids=2 row-size=12B cardinality=7.30K cost=18780
|     in pipelines: 01(GETNEXT)
|
00:SCAN HDFS [tpcds_partitioned_parquet_snap.store_sales, RANDOM]
   partition predicates: tpcds_partitioned_parquet_snap.store_sales.ss_sold_date_sk IS NOT NULL
   HDFS partitions=1823/1824 files=1823 size=389.69GB
   predicates: tpcds_partitioned_parquet_snap.store_sales.ss_item_sk IS NOT NULL
   runtime filters: RF000[bloom] -> tpcds_partitioned_parquet_snap.store_sales.ss_sold_date_sk
   stored statistics:
     table: rows=8.64G size=389.90GB
     partitions: 1823/1823 rows=8.25G
     columns: all
   extrapolated-rows=disabled max-scan-range-rows=12.24M
   parquet dictionary predicates: tpcds_partitioned_parquet_snap.store_sales.ss_item_sk IS NOT NULL
   mem-estimate=16.00MB mem-reservation=512.00KB thread-reservation=0
   tuple-ids=0 row-size=12B cardinality=8.25G cost=1657367506
   in pipelines: 00(GETNEXT)
---- PARALLELPLANS
Max Per-Host Resource Reservation: Memory=2.38GB Threads=110
Per-Host Resource Estimates: Memory=132.85GB
F10:PLAN FRAGMENT [UNPARTITIONED] hosts=1 instances=1
|  Per-Instance Resources: mem-estimate=4.86MB mem-reservation=4.00MB thread-reservation=1
|  max-parallelism=1 segment-costs=[644] cpu-comparison-result=240 [max(1 (self) vs 240 (sum children))]
PLAN-ROOT SINK
|  output exprs: CASE WHEN tpcds_partitioned_parquet_snap.web_sales.ws_item_sk IS NOT NULL THEN tpcds_partitioned_parquet_snap.web_sales.ws_item_sk ELSE tpcds_partitioned_parquet_snap.store_sales.ss_item_sk END, CASE WHEN tpcds_partitioned_parquet_snap.date_dim_0.d_date IS NOT NULL THEN tpcds_partitioned_parquet_snap.date_dim_0.d_date ELSE tpcds_partitioned_parquet_snap.date_dim.d_date END, CASE WHEN count(sum(tpcds_partitioned_parquet_snap.web_sales.ws_sales_price)) > CAST(0 AS BIGINT) THEN sum(sum(tpcds_partitioned_parquet_snap.web_sales.ws_sales_price)) ELSE NULL END, CASE WHEN count(sum(tpcds_partitioned_parquet_snap.store_sales.ss_sales_price)) > CAST(0 AS BIGINT) THEN sum(sum(tpcds_partitioned_parquet_snap.store_sales.ss_sales_price)) ELSE NULL END, max(CASE WHEN count(sum(tpcds_partitioned_parquet_snap.web_sales.ws_sales_price)) > 0 THEN sum(sum(tpcds_partitioned_parquet_snap.web_sales.ws_sales_price)) ELSE NULL END), max(CASE WHEN count(sum(tpcds_partitioned_parquet_snap.store_sales.ss_sales_price)) > 0 THEN sum(sum(tpcds_partitioned_parquet_snap.store_sales.ss_sales_price)) ELSE NULL END)
|  mem-estimate=4.00MB mem-reservation=4.00MB spill-buffer=2.00MB thread-reservation=0 cost=600
|
28:MERGING-EXCHANGE [UNPARTITIONED]
|  order by: CASE WHEN tpcds_partitioned_parquet_snap.web_sales.ws_item_sk IS NOT NULL THEN tpcds_partitioned_parquet_snap.web_sales.ws_item_sk ELSE tpcds_partitioned_parquet_snap.store_sales.ss_item_sk END ASC NULLS LAST, CASE WHEN tpcds_partitioned_parquet_snap.date_dim_0.d_date IS NOT NULL THEN tpcds_partitioned_parquet_snap.date_dim_0.d_date ELSE tpcds_partitioned_parquet_snap.date_dim.d_date END ASC NULLS LAST
|  limit: 100
|  mem-estimate=879.84KB mem-reservation=0B thread-reservation=0
|  tuple-ids=22 row-size=96B cardinality=100 cost=44
|  in pipelines: 16(GETNEXT)
|
F09:PLAN FRAGMENT [HASH(CASE WHEN tpcds_partitioned_parquet_snap.web_sales.ws_item_sk IS NOT NULL THEN tpcds_partitioned_parquet_snap.web_sales.ws_item_sk ELSE tpcds_partitioned_parquet_snap.store_sales.ss_item_sk END)] hosts=10 instances=90 (adjusted from 120)
Per-Instance Resources: mem-estimate=5.58GB mem-reservation=10.00MB thread-reservation=1
max-parallelism=26604180 segment-costs=[259544378974563, 266041741238206, 282] cpu-comparison-result=240 [max(210 (self) vs 240 (sum children))]
16:TOP-N [LIMIT=100]
|  order by: CASE WHEN tpcds_partitioned_parquet_snap.web_sales.ws_item_sk IS NOT NULL THEN tpcds_partitioned_parquet_snap.web_sales.ws_item_sk ELSE tpcds_partitioned_parquet_snap.store_sales.ss_item_sk END ASC NULLS LAST, CASE WHEN tpcds_partitioned_parquet_snap.date_dim_0.d_date IS NOT NULL THEN tpcds_partitioned_parquet_snap.date_dim_0.d_date ELSE tpcds_partitioned_parquet_snap.date_dim.d_date END ASC NULLS LAST
|  mem-estimate=9.38KB mem-reservation=0B thread-reservation=0
|  tuple-ids=22 row-size=96B cardinality=100 cost=117623236550590
|  in pipelines: 16(GETNEXT), 13(OPEN)
|
15:SELECT
|  predicates: max(CASE WHEN count(sum(tpcds_partitioned_parquet_snap.web_sales.ws_sales_price)) > 0 THEN sum(sum(tpcds_partitioned_parquet_snap.web_sales.ws_sales_price)) ELSE NULL END) > max(CASE WHEN count(sum(tpcds_partitioned_parquet_snap.store_sales.ss_sales_price)) > 0 THEN sum(sum(tpcds_partitioned_parquet_snap.store_sales.ss_sales_price)) ELSE NULL END)
|  mem-estimate=0B mem-reservation=0B thread-reservation=0
|  tuple-ids=20,19 row-size=128B cardinality=4.95T cost=49472834895872
|  in pipelines: 13(GETNEXT)
|
14:ANALYTIC
|  functions: max(CASE WHEN count(sum(tpcds_partitioned_parquet_snap.web_sales.ws_sales_price)) > 0 THEN sum(sum(tpcds_partitioned_parquet_snap.web_sales.ws_sales_price)) ELSE NULL END), max(CASE WHEN count(sum(tpcds_partitioned_parquet_snap.store_sales.ss_sales_price)) > 0 THEN sum(sum(tpcds_partitioned_parquet_snap.store_sales.ss_sales_price)) ELSE NULL END)
|  partition by: CASE WHEN tpcds_partitioned_parquet_snap.web_sales.ws_item_sk IS NOT NULL THEN tpcds_partitioned_parquet_snap.web_sales.ws_item_sk ELSE tpcds_partitioned_parquet_snap.store_sales.ss_item_sk END
|  order by: CASE WHEN tpcds_partitioned_parquet_snap.date_dim_0.d_date IS NOT NULL THEN tpcds_partitioned_parquet_snap.date_dim_0.d_date ELSE tpcds_partitioned_parquet_snap.date_dim.d_date END ASC
|  window: ROWS BETWEEN UNBOUNDED PRECEDING AND CURRENT ROW
|  mem-estimate=4.00MB mem-reservation=4.00MB spill-buffer=2.00MB thread-reservation=0
|  tuple-ids=20,19 row-size=128B cardinality=49.47T cost=98945669791744
|  in pipelines: 13(GETNEXT)
|
13:SORT
|  order by: CASE WHEN tpcds_partitioned_parquet_snap.web_sales.ws_item_sk IS NOT NULL THEN tpcds_partitioned_parquet_snap.web_sales.ws_item_sk ELSE tpcds_partitioned_parquet_snap.store_sales.ss_item_sk END ASC NULLS LAST, CASE WHEN tpcds_partitioned_parquet_snap.date_dim_0.d_date IS NOT NULL THEN tpcds_partitioned_parquet_snap.date_dim_0.d_date ELSE tpcds_partitioned_parquet_snap.date_dim.d_date END ASC NULLS LAST
|  mem-estimate=5.56GB mem-reservation=6.00MB spill-buffer=2.00MB thread-reservation=0
|  tuple-ids=20 row-size=96B cardinality=49.47T cost=226738943157437
|  in pipelines: 13(GETNEXT), 04(OPEN)
|
27:EXCHANGE [HASH(CASE WHEN tpcds_partitioned_parquet_snap.web_sales.ws_item_sk IS NOT NULL THEN tpcds_partitioned_parquet_snap.web_sales.ws_item_sk ELSE tpcds_partitioned_parquet_snap.store_sales.ss_item_sk END)]
|  mem-estimate=23.12MB mem-reservation=0B thread-reservation=0
|  tuple-ids=7N,6N,16N,15N row-size=96B cardinality=49.47T cost=32805435817126
|  in pipelines: 04(GETNEXT)
|
F08:PLAN FRAGMENT [RANDOM] hosts=10 instances=120
Per-Instance Resources: mem-estimate=55.94MB mem-reservation=0B thread-reservation=1
max-parallelism=41678410 segment-costs=[416784095283742]
12:HASH JOIN [FULL OUTER JOIN, PARTITIONED]
|  hash-table-id=00
|  hash predicates: tpcds_partitioned_parquet_snap.date_dim.d_date = tpcds_partitioned_parquet_snap.date_dim_0.d_date, tpcds_partitioned_parquet_snap.store_sales.ss_item_sk = tpcds_partitioned_parquet_snap.web_sales.ws_item_sk
|  fk/pk conjuncts: none
|  mem-estimate=0B mem-reservation=0B spill-buffer=2.00MB thread-reservation=0
|  tuple-ids=7N,6N,16N,15N row-size=96B cardinality=49.47T cost=8966593460829
|  in pipelines: 04(GETNEXT), 10(OPEN)
|
|--F11:PLAN FRAGMENT [RANDOM] hosts=10 instances=120
|  |  Per-Instance Resources: mem-estimate=1.22GB mem-reservation=34.00MB thread-reservation=1
|  |  max-parallelism=41678410 segment-costs=[2955571450] cpu-comparison-result=120 [max(120 (self) vs 120 (sum children))]
|  JOIN BUILD
|  |  join-table-id=00 plan-id=01 cohort-id=01
|  |  build expressions: tpcds_partitioned_parquet_snap.date_dim_0.d_date, tpcds_partitioned_parquet_snap.web_sales.ws_item_sk
|  |  mem-estimate=1.20GB mem-reservation=34.00MB spill-buffer=2.00MB thread-reservation=0 cost=2159400490
|  |
|  26:EXCHANGE [HASH(tpcds_partitioned_parquet_snap.date_dim_0.d_date,tpcds_partitioned_parquet_snap.web_sales.ws_item_sk)]
|  |  mem-estimate=16.56MB mem-reservation=0B thread-reservation=0
|  |  tuple-ids=16,15 row-size=48B cardinality=2.16G cost=796170960
|  |  in pipelines: 10(GETNEXT)
|  |
|  F07:PLAN FRAGMENT [HASH(tpcds_partitioned_parquet_snap.web_sales.ws_item_sk)] hosts=10 instances=120
|  Per-Instance Resources: mem-estimate=442.12MB mem-reservation=10.00MB thread-reservation=1
|  max-parallelism=1330 segment-costs=[3611813215, 13218985955] cpu-comparison-result=120 [max(120 (self) vs 120 (sum children))]
|  11:ANALYTIC
|  |  functions: count(sum(tpcds_partitioned_parquet_snap.web_sales.ws_sales_price)), sum(sum(tpcds_partitioned_parquet_snap.web_sales.ws_sales_price))
|  |  partition by: tpcds_partitioned_parquet_snap.web_sales.ws_item_sk
|  |  order by: tpcds_partitioned_parquet_snap.date_dim_0.d_date ASC
|  |  window: ROWS BETWEEN UNBOUNDED PRECEDING AND CURRENT ROW
|  |  mem-estimate=4.00MB mem-reservation=4.00MB spill-buffer=2.00MB thread-reservation=0
|  |  tuple-ids=16,15 row-size=48B cardinality=2.16G cost=4318800896
|  |  in pipelines: 10(GETNEXT)
|  |
|  10:SORT
|  |  order by: tpcds_partitioned_parquet_snap.web_sales.ws_item_sk ASC NULLS LAST, tpcds_partitioned_parquet_snap.date_dim_0.d_date ASC NULLS LAST
|  |  mem-estimate=411.87MB mem-reservation=6.00MB spill-buffer=2.00MB thread-reservation=0
|  |  tuple-ids=16 row-size=24B cardinality=2.16G cost=3133506007
|  |  in pipelines: 10(GETNEXT), 23(OPEN)
|  |
|  24:EXCHANGE [HASH(tpcds_partitioned_parquet_snap.web_sales.ws_item_sk)]
|  |  mem-estimate=13.28MB mem-reservation=0B thread-reservation=0
|  |  tuple-ids=13 row-size=24B cardinality=2.16G cost=478307208
|  |  in pipelines: 23(GETNEXT)
|  |
|  F06:PLAN FRAGMENT [HASH(tpcds_partitioned_parquet_snap.web_sales.ws_item_sk,tpcds_partitioned_parquet_snap.date_dim_0.d_date)] hosts=10 instances=120
|  Per-Instance Resources: mem-estimate=578.19MB mem-reservation=34.00MB thread-reservation=1
|  max-parallelism=1330 segment-costs=[13224384540, 4450092529] cpu-comparison-result=120 [max(120 (self) vs 120 (sum children))]
|  23:AGGREGATE [FINALIZE]
|  |  output: sum:merge(tpcds_partitioned_parquet_snap.web_sales.ws_sales_price)
|  |  group by: tpcds_partitioned_parquet_snap.web_sales.ws_item_sk, tpcds_partitioned_parquet_snap.date_dim_0.d_date
|  |  mem-estimate=564.90MB mem-reservation=34.00MB spill-buffer=2.00MB thread-reservation=0
|  |  tuple-ids=13 row-size=24B cardinality=2.16G cost=12746077332
|  |  in pipelines: 23(GETNEXT), 06(OPEN)
|  |
|  22:EXCHANGE [HASH(tpcds_partitioned_parquet_snap.web_sales.ws_item_sk,tpcds_partitioned_parquet_snap.date_dim_0.d_date)]
|  |  mem-estimate=13.28MB mem-reservation=0B thread-reservation=0
|  |  tuple-ids=13 row-size=24B cardinality=2.16G cost=478307208
|  |  in pipelines: 06(GETNEXT)
|  |
|  F04:PLAN FRAGMENT [RANDOM] hosts=10 instances=120
|  Per-Host Shared Resources: mem-estimate=1.00MB mem-reservation=1.00MB thread-reservation=0 runtime-filters-memory=1.00MB
|  Per-Instance Resources: mem-estimate=492.48MB mem-reservation=34.12MB thread-reservation=1
|  max-parallelism=1420 segment-costs=[14125070484, 4450092529] cpu-comparison-result=120 [max(120 (self) vs 11 (sum children))]
|  09:AGGREGATE [STREAMING]
|  |  output: sum(tpcds_partitioned_parquet_snap.web_sales.ws_sales_price)
|  |  group by: tpcds_partitioned_parquet_snap.web_sales.ws_item_sk, tpcds_partitioned_parquet_snap.date_dim_0.d_date
|  |  mem-estimate=463.36MB mem-reservation=34.00MB spill-buffer=2.00MB thread-reservation=0
|  |  tuple-ids=13 row-size=24B cardinality=2.16G cost=12746077332
|  |  in pipelines: 06(GETNEXT)
|  |
|  08:HASH JOIN [INNER JOIN, BROADCAST]
|  |  hash-table-id=01
|  |  hash predicates: tpcds_partitioned_parquet_snap.web_sales.ws_sold_date_sk = tpcds_partitioned_parquet_snap.date_dim_0.d_date_sk
|  |  fk/pk conjuncts: tpcds_partitioned_parquet_snap.web_sales.ws_sold_date_sk = tpcds_partitioned_parquet_snap.date_dim_0.d_date_sk
|  |  mem-estimate=0B mem-reservation=0B spill-buffer=64.00KB thread-reservation=0
|  |  tuple-ids=9,11 row-size=24B cardinality=2.16G cost=945169594
|  |  in pipelines: 06(GETNEXT), 07(OPEN)
|  |
|  |--F12:PLAN FRAGMENT [RANDOM] hosts=10 instances=10
|  |  |  Per-Instance Resources: mem-estimate=24.35MB mem-reservation=24.25MB thread-reservation=1 runtime-filters-memory=1.00MB
|  |  |  max-parallelism=10 segment-costs=[17005]
|  |  JOIN BUILD
|  |  |  join-table-id=01 plan-id=02 cohort-id=02
|  |  |  build expressions: tpcds_partitioned_parquet_snap.date_dim_0.d_date_sk
|  |  |  runtime filters: RF002[bloom] <- tpcds_partitioned_parquet_snap.date_dim_0.d_date_sk
|  |  |  mem-estimate=23.25MB mem-reservation=23.25MB spill-buffer=64.00KB thread-reservation=0 cost=7305
|  |  |
|  |  21:EXCHANGE [BROADCAST]
|  |  |  mem-estimate=101.61KB mem-reservation=0B thread-reservation=0
|  |  |  tuple-ids=11 row-size=12B cardinality=7.30K cost=9700
|  |  |  in pipelines: 07(GETNEXT)
|  |  |
|  |  F05:PLAN FRAGMENT [RANDOM] hosts=1 instances=1
|  |  Per-Instance Resources: mem-estimate=16.06MB mem-reservation=1.00MB thread-reservation=1
|  |  max-parallelism=1 segment-costs=[19174]
|  |  07:SCAN HDFS [tpcds_partitioned_parquet_snap.date_dim, RANDOM]
|  |     HDFS partitions=1/1 files=1 size=2.17MB
|  |     predicates: tpcds_partitioned_parquet_snap.date_dim_0.d_month_seq <= CAST(1187 AS INT), tpcds_partitioned_parquet_snap.date_dim_0.d_month_seq >= CAST(1176 AS INT), tpcds_partitioned_parquet_snap.date_dim_0.d_date_sk IS NOT NULL
|  |     stored statistics:
|  |       table: rows=73.05K size=2.17MB
|  |       columns: all
|  |     extrapolated-rows=disabled max-scan-range-rows=73.05K
|  |     parquet statistics predicates: tpcds_partitioned_parquet_snap.date_dim_0.d_month_seq <= CAST(1187 AS INT), tpcds_partitioned_parquet_snap.date_dim_0.d_month_seq >= CAST(1176 AS INT)
|  |     parquet dictionary predicates: tpcds_partitioned_parquet_snap.date_dim_0.d_month_seq <= CAST(1187 AS INT), tpcds_partitioned_parquet_snap.date_dim_0.d_month_seq >= CAST(1176 AS INT), tpcds_partitioned_parquet_snap.date_dim_0.d_date_sk IS NOT NULL
|  |     mem-estimate=16.00MB mem-reservation=1.00MB thread-reservation=0
|  |     tuple-ids=11 row-size=12B cardinality=7.30K cost=18780
|  |     in pipelines: 07(GETNEXT)
|  |
|  06:SCAN HDFS [tpcds_partitioned_parquet_snap.web_sales, RANDOM]
|     partition predicates: tpcds_partitioned_parquet_snap.web_sales.ws_sold_date_sk IS NOT NULL
|     HDFS partitions=1823/1824 files=1823 size=145.67GB
|     predicates: tpcds_partitioned_parquet_snap.web_sales.ws_item_sk IS NOT NULL
|     runtime filters: RF002[bloom] -> tpcds_partitioned_parquet_snap.web_sales.ws_sold_date_sk
|     stored statistics:
|       table: rows=2.16G size=145.75GB
|       partitions: 1823/1823 rows=2.16G
|       columns: all
|     extrapolated-rows=disabled max-scan-range-rows=3.37M
|     parquet dictionary predicates: tpcds_partitioned_parquet_snap.web_sales.ws_item_sk IS NOT NULL
|     mem-estimate=16.00MB mem-reservation=128.00KB thread-reservation=0
|     tuple-ids=9 row-size=12B cardinality=2.16G cost=433823558
|     in pipelines: 06(GETNEXT)
|
25:EXCHANGE [HASH(tpcds_partitioned_parquet_snap.date_dim.d_date,tpcds_partitioned_parquet_snap.store_sales.ss_item_sk)]
|  mem-estimate=16.56MB mem-reservation=0B thread-reservation=0
|  tuple-ids=7,6 row-size=48B cardinality=8.25G cost=3041669485
|  in pipelines: 04(GETNEXT)
|
F03:PLAN FRAGMENT [HASH(tpcds_partitioned_parquet_snap.store_sales.ss_item_sk)] hosts=10 instances=120
Per-Instance Resources: mem-estimate=1.57GB mem-reservation=10.00MB thread-reservation=1
max-parallelism=5060 segment-costs=[13798471528, 50501447808] cpu-comparison-result=120 [max(120 (self) vs 120 (sum children))]
05:ANALYTIC
|  functions: count(sum(tpcds_partitioned_parquet_snap.store_sales.ss_sales_price)), sum(sum(tpcds_partitioned_parquet_snap.store_sales.ss_sales_price))
|  partition by: tpcds_partitioned_parquet_snap.store_sales.ss_item_sk
|  order by: tpcds_partitioned_parquet_snap.date_dim.d_date ASC
|  window: ROWS BETWEEN UNBOUNDED PRECEDING AND CURRENT ROW
|  mem-estimate=4.00MB mem-reservation=4.00MB spill-buffer=2.00MB thread-reservation=0
|  tuple-ids=7,6 row-size=48B cardinality=8.25G cost=16499427328
|  in pipelines: 04(GETNEXT)
|
04:SORT
|  order by: tpcds_partitioned_parquet_snap.store_sales.ss_item_sk ASC NULLS LAST, tpcds_partitioned_parquet_snap.date_dim.d_date ASC NULLS LAST
|  mem-estimate=1.54GB mem-reservation=6.00MB spill-buffer=2.00MB thread-reservation=0
|  tuple-ids=7 row-size=24B cardinality=8.25G cost=11971159917
|  in pipelines: 04(GETNEXT), 19(OPEN)
|
20:EXCHANGE [HASH(tpcds_partitioned_parquet_snap.store_sales.ss_item_sk)]
|  mem-estimate=13.28MB mem-reservation=0B thread-reservation=0
|  tuple-ids=4 row-size=24B cardinality=8.25G cost=1827311611
|  in pipelines: 19(GETNEXT)
|
F02:PLAN FRAGMENT [HASH(tpcds_partitioned_parquet_snap.store_sales.ss_item_sk,tpcds_partitioned_parquet_snap.date_dim.d_date)] hosts=10 instances=120
Per-Instance Resources: mem-estimate=1.42GB mem-reservation=34.00MB thread-reservation=1
max-parallelism=5060 segment-costs=[50522072404, 17001010240] cpu-comparison-result=120 [max(120 (self) vs 120 (sum children))]
19:AGGREGATE [FINALIZE]
|  output: sum:merge(tpcds_partitioned_parquet_snap.store_sales.ss_sales_price)
|  group by: tpcds_partitioned_parquet_snap.store_sales.ss_item_sk, tpcds_partitioned_parquet_snap.date_dim.d_date
|  mem-estimate=1.40GB mem-reservation=34.00MB spill-buffer=2.00MB thread-reservation=0
|  tuple-ids=4 row-size=24B cardinality=8.25G cost=48694760793
|  in pipelines: 19(GETNEXT), 00(OPEN)
|
18:EXCHANGE [HASH(tpcds_partitioned_parquet_snap.store_sales.ss_item_sk,tpcds_partitioned_parquet_snap.date_dim.d_date)]
|  mem-estimate=13.28MB mem-reservation=0B thread-reservation=0
|  tuple-ids=4 row-size=24B cardinality=8.25G cost=1827311611
|  in pipelines: 00(GETNEXT)
|
F00:PLAN FRAGMENT [RANDOM] hosts=10 instances=120
Per-Host Shared Resources: mem-estimate=1.00MB mem-reservation=1.00MB thread-reservation=0 runtime-filters-memory=1.00MB
Per-Instance Resources: mem-estimate=1.14GB mem-reservation=34.50MB thread-reservation=1
max-parallelism=1823 segment-costs=[53963028038, 17001010240] cpu-comparison-result=120 [max(120 (self) vs 11 (sum children))]
03:AGGREGATE [STREAMING]
|  output: sum(tpcds_partitioned_parquet_snap.store_sales.ss_sales_price)
|  group by: tpcds_partitioned_parquet_snap.store_sales.ss_item_sk, tpcds_partitioned_parquet_snap.date_dim.d_date
|  mem-estimate=1.11GB mem-reservation=34.00MB spill-buffer=2.00MB thread-reservation=0
|  tuple-ids=4 row-size=24B cardinality=8.25G cost=48694760793
|  in pipelines: 00(GETNEXT)
|
02:HASH JOIN [INNER JOIN, BROADCAST]
|  hash-table-id=02
|  hash predicates: tpcds_partitioned_parquet_snap.store_sales.ss_sold_date_sk = tpcds_partitioned_parquet_snap.date_dim.d_date_sk
|  fk/pk conjuncts: tpcds_partitioned_parquet_snap.store_sales.ss_sold_date_sk = tpcds_partitioned_parquet_snap.date_dim.d_date_sk
|  mem-estimate=0B mem-reservation=0B spill-buffer=64.00KB thread-reservation=0
|  tuple-ids=0,2 row-size=24B cardinality=8.25G cost=3610899739
|  in pipelines: 00(GETNEXT), 01(OPEN)
|
|--F13:PLAN FRAGMENT [RANDOM] hosts=10 instances=10
|  |  Per-Instance Resources: mem-estimate=24.35MB mem-reservation=24.25MB thread-reservation=1 runtime-filters-memory=1.00MB
|  |  max-parallelism=10 segment-costs=[17005]
|  JOIN BUILD
|  |  join-table-id=02 plan-id=03 cohort-id=01
|  |  build expressions: tpcds_partitioned_parquet_snap.date_dim.d_date_sk
|  |  runtime filters: RF000[bloom] <- tpcds_partitioned_parquet_snap.date_dim.d_date_sk
|  |  mem-estimate=23.25MB mem-reservation=23.25MB spill-buffer=64.00KB thread-reservation=0 cost=7305
|  |
|  17:EXCHANGE [BROADCAST]
|  |  mem-estimate=101.61KB mem-reservation=0B thread-reservation=0
|  |  tuple-ids=2 row-size=12B cardinality=7.30K cost=9700
|  |  in pipelines: 01(GETNEXT)
|  |
|  F01:PLAN FRAGMENT [RANDOM] hosts=1 instances=1
|  Per-Instance Resources: mem-estimate=16.06MB mem-reservation=1.00MB thread-reservation=1
|  max-parallelism=1 segment-costs=[19174]
|  01:SCAN HDFS [tpcds_partitioned_parquet_snap.date_dim, RANDOM]
|     HDFS partitions=1/1 files=1 size=2.17MB
|     predicates: tpcds_partitioned_parquet_snap.date_dim.d_month_seq <= CAST(1187 AS INT), tpcds_partitioned_parquet_snap.date_dim.d_month_seq >= CAST(1176 AS INT), tpcds_partitioned_parquet_snap.date_dim.d_date_sk IS NOT NULL
|     stored statistics:
|       table: rows=73.05K size=2.17MB
|       columns: all
|     extrapolated-rows=disabled max-scan-range-rows=73.05K
|     parquet statistics predicates: tpcds_partitioned_parquet_snap.date_dim.d_month_seq <= CAST(1187 AS INT), tpcds_partitioned_parquet_snap.date_dim.d_month_seq >= CAST(1176 AS INT)
|     parquet dictionary predicates: tpcds_partitioned_parquet_snap.date_dim.d_month_seq <= CAST(1187 AS INT), tpcds_partitioned_parquet_snap.date_dim.d_month_seq >= CAST(1176 AS INT), tpcds_partitioned_parquet_snap.date_dim.d_date_sk IS NOT NULL
|     mem-estimate=16.00MB mem-reservation=1.00MB thread-reservation=0
|     tuple-ids=2 row-size=12B cardinality=7.30K cost=18780
|     in pipelines: 01(GETNEXT)
|
00:SCAN HDFS [tpcds_partitioned_parquet_snap.store_sales, RANDOM]
   partition predicates: tpcds_partitioned_parquet_snap.store_sales.ss_sold_date_sk IS NOT NULL
   HDFS partitions=1823/1824 files=1823 size=389.69GB
   predicates: tpcds_partitioned_parquet_snap.store_sales.ss_item_sk IS NOT NULL
   runtime filters: RF000[bloom] -> tpcds_partitioned_parquet_snap.store_sales.ss_sold_date_sk
   stored statistics:
     table: rows=8.64G size=389.90GB
     partitions: 1823/1823 rows=8.25G
     columns: all
   extrapolated-rows=disabled max-scan-range-rows=12.24M
   parquet dictionary predicates: tpcds_partitioned_parquet_snap.store_sales.ss_item_sk IS NOT NULL
   mem-estimate=16.00MB mem-reservation=512.00KB thread-reservation=0
   tuple-ids=0 row-size=12B cardinality=8.25G cost=1657367506
   in pipelines: 00(GETNEXT)
====
