# TPCDS-Q10a Variant for multiple subqueries in OR predicate
# start query 10 in stream 0 using template query10a.tpl using seed 619911345
select
  cd_gender,
  cd_marital_status,
  cd_education_status,
  count(*) cnt1,
  cd_purchase_estimate,
  count(*) cnt2,
  cd_credit_rating,
  count(*) cnt3,
  cd_dep_count,
  count(*) cnt4,
  cd_dep_employed_count,
  count(*) cnt5,
  cd_dep_college_count,
  count(*) cnt6
 from
  customer c,customer_address ca,customer_demographics
 where
  c.c_current_addr_sk = ca.ca_address_sk and
  ca_county in ('Allen County','Jefferson County','Lamar County','Dakota County','Park County') and
  cd_demo_sk = c.c_current_cdemo_sk and
  exists (select *
          from store_sales,date_dim
          where c.c_customer_sk = ss_customer_sk and
                ss_sold_date_sk = d_date_sk and
                d_year = 2001 and
                d_moy between 4 and 4+3) and
   exists (select *
          from (
             select ws_bill_customer_sk as customer_sk, d_year,d_moy
             from web_sales, date_dim where ws_sold_date_sk = d_date_sk
              and d_year = 2001 and
                  d_moy between 4 and 4+3
             union all
             select cs_ship_customer_sk as customer_sk, d_year, d_moy
             from catalog_sales, date_dim where cs_sold_date_sk = d_date_sk
              and d_year = 2001 and
                  d_moy between 4 and 4+3
	     ) x
            where c.c_customer_sk = customer_sk)
 group by cd_gender,
          cd_marital_status,
          cd_education_status,
          cd_purchase_estimate,
          cd_credit_rating,
          cd_dep_count,
          cd_dep_employed_count,
          cd_dep_college_count
 order by cd_gender,
          cd_marital_status,
          cd_education_status,
          cd_purchase_estimate,
          cd_credit_rating,
          cd_dep_count,
          cd_dep_employed_count,
          cd_dep_college_count
limit 100

# end query 10 in stream 0 using template query10a.tpl
---- PLAN
Max Per-Host Resource Reservation: Memory=23.69MB Threads=1
Per-Host Resource Estimates: Memory=126MB
F00:PLAN FRAGMENT [UNPARTITIONED] hosts=1 instances=1
|  Per-Instance Resources: mem-estimate=125.75MB mem-reservation=23.69MB thread-reservation=1 runtime-filters-memory=7.00MB
|  max-parallelism=1 segment-costs=[221054061, 66283, 1400]
PLAN-ROOT SINK
|  output exprs: tpcds_partitioned_parquet_snap.customer_demographics.cd_gender, tpcds_partitioned_parquet_snap.customer_demographics.cd_marital_status, tpcds_partitioned_parquet_snap.customer_demographics.cd_education_status, count(), tpcds_partitioned_parquet_snap.customer_demographics.cd_purchase_estimate, count(), tpcds_partitioned_parquet_snap.customer_demographics.cd_credit_rating, count(), tpcds_partitioned_parquet_snap.customer_demographics.cd_dep_count, count(), tpcds_partitioned_parquet_snap.customer_demographics.cd_dep_employed_count, count(), tpcds_partitioned_parquet_snap.customer_demographics.cd_dep_college_count, count()
|  mem-estimate=4.00MB mem-reservation=4.00MB spill-buffer=2.00MB thread-reservation=0 cost=1400
|
18:TOP-N [LIMIT=100]
|  order by: tpcds_partitioned_parquet_snap.customer_demographics.cd_gender ASC NULLS LAST, tpcds_partitioned_parquet_snap.customer_demographics.cd_marital_status ASC NULLS LAST, tpcds_partitioned_parquet_snap.customer_demographics.cd_education_status ASC NULLS LAST, tpcds_partitioned_parquet_snap.customer_demographics.cd_purchase_estimate ASC NULLS LAST, tpcds_partitioned_parquet_snap.customer_demographics.cd_credit_rating ASC NULLS LAST, tpcds_partitioned_parquet_snap.customer_demographics.cd_dep_count ASC NULLS LAST, tpcds_partitioned_parquet_snap.customer_demographics.cd_dep_employed_count ASC NULLS LAST, tpcds_partitioned_parquet_snap.customer_demographics.cd_dep_college_count ASC NULLS LAST
|  mem-estimate=8.85KB mem-reservation=0B thread-reservation=0
|  tuple-ids=20 row-size=91B cardinality=100 cost=66283
|  in pipelines: 18(GETNEXT), 17(OPEN)
|
17:AGGREGATE [FINALIZE]
|  output: count()
|  group by: tpcds_partitioned_parquet_snap.customer_demographics.cd_gender, tpcds_partitioned_parquet_snap.customer_demographics.cd_marital_status, tpcds_partitioned_parquet_snap.customer_demographics.cd_education_status, tpcds_partitioned_parquet_snap.customer_demographics.cd_purchase_estimate, tpcds_partitioned_parquet_snap.customer_demographics.cd_credit_rating, tpcds_partitioned_parquet_snap.customer_demographics.cd_dep_count, tpcds_partitioned_parquet_snap.customer_demographics.cd_dep_employed_count, tpcds_partitioned_parquet_snap.customer_demographics.cd_dep_college_count
|  mem-estimate=10.00MB mem-reservation=1.94MB spill-buffer=64.00KB thread-reservation=0
|  tuple-ids=19 row-size=91B cardinality=8.96K cost=52857
|  in pipelines: 17(GETNEXT), 10(OPEN), 13(OPEN)
|
16:HASH JOIN [RIGHT SEMI JOIN]
|  hash predicates: CUSTOMER_SK = tpcds_partitioned_parquet_snap.customer.c_customer_sk
|  runtime filters: RF000[bloom] <- tpcds_partitioned_parquet_snap.customer.c_customer_sk, RF001[min_max] <- tpcds_partitioned_parquet_snap.customer.c_customer_sk
|  mem-estimate=2.88MB mem-reservation=2.88MB spill-buffer=128.00KB thread-reservation=0
|  tuple-ids=0,2,4 row-size=129B cardinality=8.96K cost=10735997
|  in pipelines: 10(GETNEXT), 13(GETNEXT), 05(OPEN)
|
|--08:HASH JOIN [RIGHT SEMI JOIN]
|  |  hash predicates: tpcds_partitioned_parquet_snap.store_sales.ss_customer_sk = tpcds_partitioned_parquet_snap.customer.c_customer_sk
|  |  runtime filters: RF006[bloom] <- tpcds_partitioned_parquet_snap.customer.c_customer_sk, RF007[min_max] <- tpcds_partitioned_parquet_snap.customer.c_customer_sk
|  |  mem-estimate=2.88MB mem-reservation=2.88MB spill-buffer=128.00KB thread-reservation=0
|  |  tuple-ids=0,2,4 row-size=129B cardinality=8.96K cost=14347470
|  |  in pipelines: 05(GETNEXT), 00(OPEN)
|  |
|  |--04:HASH JOIN [INNER JOIN]
|  |  |  hash predicates: tpcds_partitioned_parquet_snap.customer_demographics.cd_demo_sk = tpcds_partitioned_parquet_snap.customer.c_current_cdemo_sk
|  |  |  fk/pk conjuncts: none
|  |  |  runtime filters: RF010[bloom] <- tpcds_partitioned_parquet_snap.customer.c_current_cdemo_sk, RF011[min_max] <- tpcds_partitioned_parquet_snap.customer.c_current_cdemo_sk
|  |  |  mem-estimate=1.94MB mem-reservation=1.94MB spill-buffer=64.00KB thread-reservation=0
|  |  |  tuple-ids=0,2,4 row-size=129B cardinality=8.96K cost=12874
|  |  |  in pipelines: 00(GETNEXT), 01(OPEN)
|  |  |
|  |  |--03:HASH JOIN [INNER JOIN]
|  |  |  |  hash predicates: tpcds_partitioned_parquet_snap.customer.c_current_addr_sk = tpcds_partitioned_parquet_snap.customer_address.ca_address_sk
|  |  |  |  fk/pk conjuncts: tpcds_partitioned_parquet_snap.customer.c_current_addr_sk = tpcds_partitioned_parquet_snap.customer_address.ca_address_sk
|  |  |  |  runtime filters: RF012[bloom] <- tpcds_partitioned_parquet_snap.customer_address.ca_address_sk, RF013[min_max] <- tpcds_partitioned_parquet_snap.customer_address.ca_address_sk
|  |  |  |  mem-estimate=2.88MB mem-reservation=2.88MB spill-buffer=128.00KB thread-reservation=0
|  |  |  |  tuple-ids=2,4 row-size=42B cardinality=8.96K cost=64414
|  |  |  |  in pipelines: 01(GETNEXT), 02(OPEN)
|  |  |  |
|  |  |  |--02:SCAN HDFS [tpcds_partitioned_parquet_snap.customer_address]
|  |  |  |     HDFS partitions=1/1 files=1 size=307.36MB
|  |  |  |     predicates: tpcds_partitioned_parquet_snap.customer_address.ca_county = 'Allen County' OR tpcds_partitioned_parquet_snap.customer_address.ca_county = 'Dakota County' OR tpcds_partitioned_parquet_snap.customer_address.ca_county = 'Jefferson County' OR tpcds_partitioned_parquet_snap.customer_address.ca_county = 'Lamar County' OR tpcds_partitioned_parquet_snap.customer_address.ca_county = 'Park County'
|  |  |  |     stored statistics:
|  |  |  |       table: rows=15.00M size=307.36MB
|  |  |  |       columns: all
|  |  |  |     extrapolated-rows=disabled max-scan-range-rows=1.58M
|  |  |  |     parquet dictionary predicates: tpcds_partitioned_parquet_snap.customer_address.ca_county = 'Allen County' OR tpcds_partitioned_parquet_snap.customer_address.ca_county = 'Dakota County' OR tpcds_partitioned_parquet_snap.customer_address.ca_county = 'Jefferson County' OR tpcds_partitioned_parquet_snap.customer_address.ca_county = 'Lamar County' OR tpcds_partitioned_parquet_snap.customer_address.ca_county = 'Park County'
|  |  |  |     mem-estimate=16.00MB mem-reservation=128.00KB thread-reservation=0
|  |  |  |     tuple-ids=4 row-size=30B cardinality=39.82K cost=4301159
|  |  |  |     in pipelines: 02(GETNEXT)
|  |  |  |
|  |  |  01:SCAN HDFS [tpcds_partitioned_parquet_snap.customer]
|  |  |     HDFS partitions=1/1 files=1 size=1.55GB
|  |  |     predicates: is_not_null_pred(tpcds_partitioned_parquet_snap.customer.c_customer_sk)
|  |  |     runtime filters: RF013[min_max] -> tpcds_partitioned_parquet_snap.customer.c_current_addr_sk, RF012[bloom] -> tpcds_partitioned_parquet_snap.customer.c_current_addr_sk
|  |  |     stored statistics:
|  |  |       table: rows=30.00M size=1.55GB
|  |  |       columns: all
|  |  |     extrapolated-rows=disabled max-scan-range-rows=3.10M
|  |  |     parquet dictionary predicates: is_not_null_pred(tpcds_partitioned_parquet_snap.customer.c_customer_sk)
|  |  |     mem-estimate=16.00MB mem-reservation=1.00MB thread-reservation=0
|  |  |     tuple-ids=2 row-size=12B cardinality=89.55K(filtered from 3.00M) cost=6027000
|  |  |     in pipelines: 01(GETNEXT)
|  |  |
|  |  00:SCAN HDFS [tpcds_partitioned_parquet_snap.customer_demographics]
|  |     HDFS partitions=1/1 files=1 size=11.15MB
|  |     runtime filters: RF011[min_max] -> tpcds_partitioned_parquet_snap.customer_demographics.cd_demo_sk, RF010[bloom] -> tpcds_partitioned_parquet_snap.customer_demographics.cd_demo_sk
|  |     stored statistics:
|  |       table: rows=1.92M size=11.15MB
|  |       columns: all
|  |     extrapolated-rows=disabled max-scan-range-rows=197.97K
|  |     mem-estimate=16.00MB mem-reservation=1.00MB thread-reservation=0
|  |     tuple-ids=0 row-size=87B cardinality=8.96K(filtered from 1.92M) cost=1066867
|  |     in pipelines: 00(GETNEXT)
|  |
|  07:HASH JOIN [INNER JOIN]
|  |  hash predicates: tpcds_partitioned_parquet_snap.store_sales.ss_sold_date_sk = tpcds_partitioned_parquet_snap.date_dim.d_date_sk
|  |  fk/pk conjuncts: tpcds_partitioned_parquet_snap.store_sales.ss_sold_date_sk = tpcds_partitioned_parquet_snap.date_dim.d_date_sk
|  |  runtime filters: RF008[bloom] <- tpcds_partitioned_parquet_snap.date_dim.d_date_sk
|  |  mem-estimate=1.94MB mem-reservation=1.94MB spill-buffer=64.00KB thread-reservation=0
|  |  tuple-ids=6,8 row-size=20B cardinality=55.89M cost=24465060
|  |  in pipelines: 05(GETNEXT), 06(OPEN)
|  |
|  |--06:SCAN HDFS [tpcds_partitioned_parquet_snap.date_dim]
|  |     HDFS partitions=1/1 files=1 size=2.17MB
|  |     predicates: tpcds_partitioned_parquet_snap.date_dim.d_year = CAST(2001 AS INT), tpcds_partitioned_parquet_snap.date_dim.d_moy <= CAST(add(CAST(4 AS SMALLINT), CAST(3 AS SMALLINT)) AS INT), tpcds_partitioned_parquet_snap.date_dim.d_moy >= CAST(4 AS INT)
|  |     stored statistics:
|  |       table: rows=73.05K size=2.17MB
|  |       columns: all
|  |     extrapolated-rows=disabled max-scan-range-rows=73.05K
|  |     parquet statistics predicates: tpcds_partitioned_parquet_snap.date_dim.d_year = CAST(2001 AS INT), tpcds_partitioned_parquet_snap.date_dim.d_moy <= CAST(add(CAST(4 AS SMALLINT), CAST(3 AS SMALLINT)) AS INT), tpcds_partitioned_parquet_snap.date_dim.d_moy >= CAST(4 AS INT)
|  |     parquet dictionary predicates: tpcds_partitioned_parquet_snap.date_dim.d_year = CAST(2001 AS INT), tpcds_partitioned_parquet_snap.date_dim.d_moy <= CAST(add(CAST(4 AS SMALLINT), CAST(3 AS SMALLINT)) AS INT), tpcds_partitioned_parquet_snap.date_dim.d_moy >= CAST(4 AS INT)
|  |     mem-estimate=16.00MB mem-reservation=512.00KB thread-reservation=0
|  |     tuple-ids=8 row-size=12B cardinality=118 cost=18780
|  |     in pipelines: 06(GETNEXT)
|  |
|  05:SCAN HDFS [tpcds_partitioned_parquet_snap.store_sales]
|     HDFS partitions=1824/1824 files=1824 size=389.90GB
|     predicates: is_not_null_pred(tpcds_partitioned_parquet_snap.store_sales.ss_customer_sk)
|     runtime filters: RF007[min_max] -> tpcds_partitioned_parquet_snap.store_sales.ss_customer_sk, RF006[bloom] -> tpcds_partitioned_parquet_snap.store_sales.ss_customer_sk, RF008[bloom] -> tpcds_partitioned_parquet_snap.store_sales.ss_sold_date_sk
|     stored statistics:
|       table: rows=8.64G size=389.90GB
|       partitions: 1824/1824 rows=8.64G
|       columns: all
|     extrapolated-rows=disabled max-scan-range-rows=390.22M est-scan-range=119(filtered from 1824)
|     parquet dictionary predicates: is_not_null_pred(tpcds_partitioned_parquet_snap.store_sales.ss_customer_sk)
|     mem-estimate=16.00MB mem-reservation=4.00MB thread-reservation=0
|     tuple-ids=6 row-size=8B cardinality=55.89M(filtered from 863.99M) cost=80096557
|     in pipelines: 05(GETNEXT)
|
09:UNION
|  mem-estimate=0B mem-reservation=0B thread-reservation=0
|  tuple-ids=18 row-size=4B cardinality=41.81M cost=1604840
|  in pipelines: 10(GETNEXT), 13(GETNEXT)
|
|--15:HASH JOIN [INNER JOIN]
|  |  hash predicates: tpcds_partitioned_parquet_snap.catalog_sales.cs_sold_date_sk = tpcds_partitioned_parquet_snap.date_dim_1.d_date_sk
|  |  fk/pk conjuncts: tpcds_partitioned_parquet_snap.catalog_sales.cs_sold_date_sk = tpcds_partitioned_parquet_snap.date_dim_1.d_date_sk
|  |  runtime filters: RF004[bloom] <- tpcds_partitioned_parquet_snap.date_dim_1.d_date_sk
|  |  mem-estimate=1.94MB mem-reservation=1.94MB spill-buffer=64.00KB thread-reservation=0
|  |  tuple-ids=14,16 row-size=20B cardinality=27.84M cost=12186135
|  |  in pipelines: 13(GETNEXT), 14(OPEN)
|  |
|  |--14:SCAN HDFS [tpcds_partitioned_parquet_snap.date_dim]
|  |     HDFS partitions=1/1 files=1 size=2.17MB
|  |     predicates: tpcds_partitioned_parquet_snap.date_dim_1.d_year = CAST(2001 AS INT), tpcds_partitioned_parquet_snap.date_dim_1.d_moy <= CAST(add(CAST(4 AS SMALLINT), CAST(3 AS SMALLINT)) AS INT), tpcds_partitioned_parquet_snap.date_dim_1.d_moy >= CAST(4 AS INT)
|  |     stored statistics:
|  |       table: rows=73.05K size=2.17MB
|  |       columns: all
|  |     extrapolated-rows=disabled max-scan-range-rows=73.05K
|  |     parquet statistics predicates: tpcds_partitioned_parquet_snap.date_dim_1.d_year = CAST(2001 AS INT), tpcds_partitioned_parquet_snap.date_dim_1.d_moy <= CAST(add(CAST(4 AS SMALLINT), CAST(3 AS SMALLINT)) AS INT), tpcds_partitioned_parquet_snap.date_dim_1.d_moy >= CAST(4 AS INT)
|  |     parquet dictionary predicates: tpcds_partitioned_parquet_snap.date_dim_1.d_year = CAST(2001 AS INT), tpcds_partitioned_parquet_snap.date_dim_1.d_moy <= CAST(add(CAST(4 AS SMALLINT), CAST(3 AS SMALLINT)) AS INT), tpcds_partitioned_parquet_snap.date_dim_1.d_moy >= CAST(4 AS INT)
|  |     mem-estimate=16.00MB mem-reservation=512.00KB thread-reservation=0
|  |     tuple-ids=16 row-size=12B cardinality=118 cost=18780
|  |     in pipelines: 14(GETNEXT)
|  |
|  13:SCAN HDFS [tpcds_partitioned_parquet_snap.catalog_sales]
|     HDFS partitions=1831/1831 files=1831 size=280.96GB
|     predicates: is_not_null_pred(tpcds_partitioned_parquet_snap.catalog_sales.cs_ship_customer_sk)
|     runtime filters: RF001[min_max] -> tpcds_partitioned_parquet_snap.catalog_sales.cs_ship_customer_sk, RF000[bloom] -> tpcds_partitioned_parquet_snap.catalog_sales.cs_ship_customer_sk, RF004[bloom] -> tpcds_partitioned_parquet_snap.catalog_sales.cs_sold_date_sk
|     stored statistics:
|       table: rows=4.32G size=280.96GB
|       partitions: 1831/1831 rows=4.32G
|       columns: all
|     extrapolated-rows=disabled max-scan-range-rows=21.52M est-scan-range=118(filtered from 1831)
|     parquet dictionary predicates: is_not_null_pred(tpcds_partitioned_parquet_snap.catalog_sales.cs_ship_customer_sk)
|     mem-estimate=16.00MB mem-reservation=1.00MB thread-reservation=0
|     tuple-ids=14 row-size=8B cardinality=27.84M(filtered from 432.01M) cost=39896191
|     in pipelines: 13(GETNEXT)
|
12:HASH JOIN [INNER JOIN]
|  hash predicates: tpcds_partitioned_parquet_snap.web_sales.ws_sold_date_sk = tpcds_partitioned_parquet_snap.date_dim_0.d_date_sk
|  fk/pk conjuncts: tpcds_partitioned_parquet_snap.web_sales.ws_sold_date_sk = tpcds_partitioned_parquet_snap.date_dim_0.d_date_sk
|  runtime filters: RF002[bloom] <- tpcds_partitioned_parquet_snap.date_dim_0.d_date_sk
|  mem-estimate=1.94MB mem-reservation=1.94MB spill-buffer=64.00KB thread-reservation=0
|  tuple-ids=10,12 row-size=20B cardinality=13.97M cost=6116308
|  in pipelines: 10(GETNEXT), 11(OPEN)
|
|--11:SCAN HDFS [tpcds_partitioned_parquet_snap.date_dim]
|     HDFS partitions=1/1 files=1 size=2.17MB
|     predicates: tpcds_partitioned_parquet_snap.date_dim_0.d_year = CAST(2001 AS INT), tpcds_partitioned_parquet_snap.date_dim_0.d_moy <= CAST(add(CAST(4 AS SMALLINT), CAST(3 AS SMALLINT)) AS INT), tpcds_partitioned_parquet_snap.date_dim_0.d_moy >= CAST(4 AS INT)
|     stored statistics:
|       table: rows=73.05K size=2.17MB
|       columns: all
|     extrapolated-rows=disabled max-scan-range-rows=73.05K
|     parquet statistics predicates: tpcds_partitioned_parquet_snap.date_dim_0.d_year = CAST(2001 AS INT), tpcds_partitioned_parquet_snap.date_dim_0.d_moy <= CAST(add(CAST(4 AS SMALLINT), CAST(3 AS SMALLINT)) AS INT), tpcds_partitioned_parquet_snap.date_dim_0.d_moy >= CAST(4 AS INT)
|     parquet dictionary predicates: tpcds_partitioned_parquet_snap.date_dim_0.d_year = CAST(2001 AS INT), tpcds_partitioned_parquet_snap.date_dim_0.d_moy <= CAST(add(CAST(4 AS SMALLINT), CAST(3 AS SMALLINT)) AS INT), tpcds_partitioned_parquet_snap.date_dim_0.d_moy >= CAST(4 AS INT)
|     mem-estimate=16.00MB mem-reservation=512.00KB thread-reservation=0
|     tuple-ids=12 row-size=12B cardinality=118 cost=18780
|     in pipelines: 11(GETNEXT)
|
10:SCAN HDFS [tpcds_partitioned_parquet_snap.web_sales]
   HDFS partitions=1824/1824 files=1824 size=145.75GB
   predicates: is_not_null_pred(tpcds_partitioned_parquet_snap.web_sales.ws_bill_customer_sk)
   runtime filters: RF001[min_max] -> tpcds_partitioned_parquet_snap.web_sales.ws_bill_customer_sk, RF000[bloom] -> tpcds_partitioned_parquet_snap.web_sales.ws_bill_customer_sk, RF002[bloom] -> tpcds_partitioned_parquet_snap.web_sales.ws_sold_date_sk
   stored statistics:
     table: rows=2.16G size=145.75GB
     partitions: 1824/1824 rows=2.16G
     columns: all
   extrapolated-rows=disabled max-scan-range-rows=3.37M est-scan-range=119(filtered from 1824)
   parquet dictionary predicates: is_not_null_pred(tpcds_partitioned_parquet_snap.web_sales.ws_bill_customer_sk)
   mem-estimate=16.00MB mem-reservation=128.00KB thread-reservation=0
   tuple-ids=10 row-size=8B cardinality=13.97M(filtered from 216.00M) cost=20023992
   in pipelines: 10(GETNEXT)
---- DISTRIBUTEDPLAN
Max Per-Host Resource Reservation: Memory=61.81MB Threads=21
Per-Host Resource Estimates: Memory=276MB
F12:PLAN FRAGMENT [UNPARTITIONED] hosts=1 instances=1
|  Per-Instance Resources: mem-estimate=4.09MB mem-reservation=4.00MB thread-reservation=1
|  max-parallelism=1 segment-costs=[1443] cpu-comparison-result=62 [max(1 (self) vs 62 (sum children))]
PLAN-ROOT SINK
|  output exprs: tpcds_partitioned_parquet_snap.customer_demographics.cd_gender, tpcds_partitioned_parquet_snap.customer_demographics.cd_marital_status, tpcds_partitioned_parquet_snap.customer_demographics.cd_education_status, count(), tpcds_partitioned_parquet_snap.customer_demographics.cd_purchase_estimate, count(), tpcds_partitioned_parquet_snap.customer_demographics.cd_credit_rating, count(), tpcds_partitioned_parquet_snap.customer_demographics.cd_dep_count, count(), tpcds_partitioned_parquet_snap.customer_demographics.cd_dep_employed_count, count(), tpcds_partitioned_parquet_snap.customer_demographics.cd_dep_college_count, count()
|  mem-estimate=4.00MB mem-reservation=4.00MB spill-buffer=2.00MB thread-reservation=0 cost=1400
|
29:MERGING-EXCHANGE [UNPARTITIONED]
|  order by: tpcds_partitioned_parquet_snap.customer_demographics.cd_gender ASC NULLS LAST, tpcds_partitioned_parquet_snap.customer_demographics.cd_marital_status ASC NULLS LAST, tpcds_partitioned_parquet_snap.customer_demographics.cd_education_status ASC NULLS LAST, tpcds_partitioned_parquet_snap.customer_demographics.cd_purchase_estimate ASC NULLS LAST, tpcds_partitioned_parquet_snap.customer_demographics.cd_credit_rating ASC NULLS LAST, tpcds_partitioned_parquet_snap.customer_demographics.cd_dep_count ASC NULLS LAST, tpcds_partitioned_parquet_snap.customer_demographics.cd_dep_employed_count ASC NULLS LAST, tpcds_partitioned_parquet_snap.customer_demographics.cd_dep_college_count ASC NULLS LAST
|  limit: 100
|  mem-estimate=93.25KB mem-reservation=0B thread-reservation=0
|  tuple-ids=20 row-size=91B cardinality=100 cost=43
|  in pipelines: 18(GETNEXT)
|
F11:PLAN FRAGMENT [HASH(tpcds_partitioned_parquet_snap.customer_demographics.cd_gender,tpcds_partitioned_parquet_snap.customer_demographics.cd_marital_status,tpcds_partitioned_parquet_snap.customer_demographics.cd_education_status,tpcds_partitioned_parquet_snap.customer_demographics.cd_purchase_estimate,tpcds_partitioned_parquet_snap.customer_demographics.cd_credit_rating,tpcds_partitioned_parquet_snap.customer_demographics.cd_dep_count,tpcds_partitioned_parquet_snap.customer_demographics.cd_dep_employed_count,tpcds_partitioned_parquet_snap.customer_demographics.cd_dep_college_count)] hosts=10 instances=10 (adjusted from 120)
Per-Instance Resources: mem-estimate=11.00MB mem-reservation=1.94MB thread-reservation=1
max-parallelism=10 segment-costs=[57582, 66283, 268] cpu-comparison-result=62 [max(10 (self) vs 62 (sum children))]
18:TOP-N [LIMIT=100]
|  order by: tpcds_partitioned_parquet_snap.customer_demographics.cd_gender ASC NULLS LAST, tpcds_partitioned_parquet_snap.customer_demographics.cd_marital_status ASC NULLS LAST, tpcds_partitioned_parquet_snap.customer_demographics.cd_education_status ASC NULLS LAST, tpcds_partitioned_parquet_snap.customer_demographics.cd_purchase_estimate ASC NULLS LAST, tpcds_partitioned_parquet_snap.customer_demographics.cd_credit_rating ASC NULLS LAST, tpcds_partitioned_parquet_snap.customer_demographics.cd_dep_count ASC NULLS LAST, tpcds_partitioned_parquet_snap.customer_demographics.cd_dep_employed_count ASC NULLS LAST, tpcds_partitioned_parquet_snap.customer_demographics.cd_dep_college_count ASC NULLS LAST
|  mem-estimate=8.85KB mem-reservation=0B thread-reservation=0
|  tuple-ids=20 row-size=91B cardinality=100 cost=66283
|  in pipelines: 18(GETNEXT), 28(OPEN)
|
28:AGGREGATE [FINALIZE]
|  output: count:merge()
|  group by: tpcds_partitioned_parquet_snap.customer_demographics.cd_gender, tpcds_partitioned_parquet_snap.customer_demographics.cd_marital_status, tpcds_partitioned_parquet_snap.customer_demographics.cd_education_status, tpcds_partitioned_parquet_snap.customer_demographics.cd_purchase_estimate, tpcds_partitioned_parquet_snap.customer_demographics.cd_credit_rating, tpcds_partitioned_parquet_snap.customer_demographics.cd_dep_count, tpcds_partitioned_parquet_snap.customer_demographics.cd_dep_employed_count, tpcds_partitioned_parquet_snap.customer_demographics.cd_dep_college_count
|  mem-estimate=10.00MB mem-reservation=1.94MB spill-buffer=64.00KB thread-reservation=0
|  tuple-ids=19 row-size=91B cardinality=8.96K cost=52857
|  in pipelines: 28(GETNEXT), 10(OPEN), 13(OPEN)
|
27:EXCHANGE [HASH(tpcds_partitioned_parquet_snap.customer_demographics.cd_gender,tpcds_partitioned_parquet_snap.customer_demographics.cd_marital_status,tpcds_partitioned_parquet_snap.customer_demographics.cd_education_status,tpcds_partitioned_parquet_snap.customer_demographics.cd_purchase_estimate,tpcds_partitioned_parquet_snap.customer_demographics.cd_credit_rating,tpcds_partitioned_parquet_snap.customer_demographics.cd_dep_count,tpcds_partitioned_parquet_snap.customer_demographics.cd_dep_employed_count,tpcds_partitioned_parquet_snap.customer_demographics.cd_dep_college_count)]
|  mem-estimate=1.00MB mem-reservation=0B thread-reservation=0
|  tuple-ids=19 row-size=91B cardinality=8.96K cost=4725
|  in pipelines: 10(GETNEXT), 13(GETNEXT)
|
F10:PLAN FRAGMENT [HASH(tpcds_partitioned_parquet_snap.customer.c_customer_sk)] hosts=10 instances=10 (adjusted from 120)
Per-Instance Resources: mem-estimate=23.85MB mem-reservation=2.00MB thread-reservation=1
max-parallelism=10 segment-costs=[16194877, 56846] cpu-comparison-result=62 [max(30 (self) vs 62 (sum children))]
17:AGGREGATE [STREAMING]
|  output: count()
|  group by: tpcds_partitioned_parquet_snap.customer_demographics.cd_gender, tpcds_partitioned_parquet_snap.customer_demographics.cd_marital_status, tpcds_partitioned_parquet_snap.customer_demographics.cd_education_status, tpcds_partitioned_parquet_snap.customer_demographics.cd_purchase_estimate, tpcds_partitioned_parquet_snap.customer_demographics.cd_credit_rating, tpcds_partitioned_parquet_snap.customer_demographics.cd_dep_count, tpcds_partitioned_parquet_snap.customer_demographics.cd_dep_employed_count, tpcds_partitioned_parquet_snap.customer_demographics.cd_dep_college_count
|  mem-estimate=10.00MB mem-reservation=2.00MB spill-buffer=64.00KB thread-reservation=0
|  tuple-ids=19 row-size=91B cardinality=8.96K cost=52857
|  in pipelines: 10(GETNEXT), 13(GETNEXT)
|
16:HASH JOIN [RIGHT SEMI JOIN, PARTITIONED]
|  hash-table-id=00
|  hash predicates: CUSTOMER_SK = tpcds_partitioned_parquet_snap.customer.c_customer_sk
|  mem-estimate=0B mem-reservation=0B spill-buffer=64.00KB thread-reservation=0
|  tuple-ids=0,2,4 row-size=129B cardinality=8.96K cost=10727042
|  in pipelines: 10(GETNEXT), 13(GETNEXT), 05(OPEN)
|
|--F13:PLAN FRAGMENT [HASH(tpcds_partitioned_parquet_snap.customer.c_customer_sk)] hosts=10 instances=10 (adjusted from 120)
|  |  Per-Instance Resources: mem-estimate=13.76MB mem-reservation=2.94MB thread-reservation=1 runtime-filters-memory=1.00MB
|  |  max-parallelism=10 segment-costs=[27756516] cpu-comparison-result=40 [max(40 (self) vs 31 (sum children))]
|  JOIN BUILD
|  |  join-table-id=00 plan-id=01 cohort-id=01
|  |  build expressions: tpcds_partitioned_parquet_snap.customer.c_customer_sk
|  |  runtime filters: RF000[bloom] <- tpcds_partitioned_parquet_snap.customer.c_customer_sk, RF001[min_max] <- tpcds_partitioned_parquet_snap.customer.c_customer_sk
|  |  mem-estimate=1.94MB mem-reservation=1.94MB spill-buffer=64.00KB thread-reservation=0 cost=8955
|  |
|  08:HASH JOIN [RIGHT SEMI JOIN, PARTITIONED]
|  |  hash-table-id=01
|  |  hash predicates: tpcds_partitioned_parquet_snap.store_sales.ss_customer_sk = tpcds_partitioned_parquet_snap.customer.c_customer_sk
|  |  mem-estimate=0B mem-reservation=0B spill-buffer=64.00KB thread-reservation=0
|  |  tuple-ids=0,2,4 row-size=129B cardinality=8.96K cost=14338515
|  |  in pipelines: 05(GETNEXT), 00(OPEN)
|  |
|  |--F14:PLAN FRAGMENT [HASH(tpcds_partitioned_parquet_snap.customer.c_customer_sk)] hosts=10 instances=10 (adjusted from 120)
|  |  |  Per-Instance Resources: mem-estimate=4.42MB mem-reservation=2.94MB thread-reservation=1 runtime-filters-memory=1.00MB
|  |  |  max-parallelism=10 segment-costs=[15903] cpu-comparison-result=20 [max(20 (self) vs 20 (sum children))]
|  |  JOIN BUILD
|  |  |  join-table-id=01 plan-id=02 cohort-id=02
|  |  |  build expressions: tpcds_partitioned_parquet_snap.customer.c_customer_sk
|  |  |  runtime filters: RF006[bloom] <- tpcds_partitioned_parquet_snap.customer.c_customer_sk, RF007[min_max] <- tpcds_partitioned_parquet_snap.customer.c_customer_sk
|  |  |  mem-estimate=1.94MB mem-reservation=1.94MB spill-buffer=64.00KB thread-reservation=0 cost=8955
|  |  |
|  |  25:EXCHANGE [HASH(tpcds_partitioned_parquet_snap.customer.c_customer_sk)]
|  |  |  mem-estimate=1.48MB mem-reservation=0B thread-reservation=0
|  |  |  tuple-ids=0,2,4 row-size=129B cardinality=8.96K cost=6948
|  |  |  in pipelines: 00(GETNEXT)
|  |  |
|  |  F07:PLAN FRAGMENT [RANDOM] hosts=10 instances=10
|  |  Per-Host Shared Resources: mem-estimate=1.00MB mem-reservation=1.00MB thread-reservation=0 runtime-filters-memory=1.00MB
|  |  Per-Instance Resources: mem-estimate=21.49MB mem-reservation=1.00MB thread-reservation=1
|  |  max-parallelism=10 segment-costs=[1158751]
|  |  04:HASH JOIN [INNER JOIN, BROADCAST]
|  |  |  hash-table-id=02
|  |  |  hash predicates: tpcds_partitioned_parquet_snap.customer_demographics.cd_demo_sk = tpcds_partitioned_parquet_snap.customer.c_current_cdemo_sk
|  |  |  fk/pk conjuncts: none
|  |  |  mem-estimate=0B mem-reservation=0B spill-buffer=64.00KB thread-reservation=0
|  |  |  tuple-ids=0,2,4 row-size=129B cardinality=8.96K cost=3919
|  |  |  in pipelines: 00(GETNEXT), 01(OPEN)
|  |  |
|  |  |--F15:PLAN FRAGMENT [RANDOM] hosts=10 instances=10
|  |  |  |  Per-Instance Resources: mem-estimate=3.78MB mem-reservation=2.94MB thread-reservation=1 runtime-filters-memory=1.00MB
|  |  |  |  max-parallelism=10 segment-costs=[20855] cpu-comparison-result=20 [max(20 (self) vs 20 (sum children))]
|  |  |  JOIN BUILD
|  |  |  |  join-table-id=02 plan-id=03 cohort-id=03
|  |  |  |  build expressions: tpcds_partitioned_parquet_snap.customer.c_current_cdemo_sk
|  |  |  |  runtime filters: RF010[bloom] <- tpcds_partitioned_parquet_snap.customer.c_current_cdemo_sk, RF011[min_max] <- tpcds_partitioned_parquet_snap.customer.c_current_cdemo_sk
|  |  |  |  mem-estimate=1.94MB mem-reservation=1.94MB spill-buffer=64.00KB thread-reservation=0 cost=8955
|  |  |  |
|  |  |  23:EXCHANGE [BROADCAST]
|  |  |  |  mem-estimate=866.58KB mem-reservation=0B thread-reservation=0
|  |  |  |  tuple-ids=2,4 row-size=42B cardinality=8.96K cost=11900
|  |  |  |  in pipelines: 01(GETNEXT)
|  |  |  |
|  |  |  F08:PLAN FRAGMENT [RANDOM] hosts=10 instances=10
|  |  |  Per-Host Shared Resources: mem-estimate=1.00MB mem-reservation=1.00MB thread-reservation=0 runtime-filters-memory=1.00MB
|  |  |  Per-Instance Resources: mem-estimate=16.20MB mem-reservation=1.00MB thread-reservation=1
|  |  |  max-parallelism=10 segment-costs=[6052992]
|  |  |  03:HASH JOIN [INNER JOIN, BROADCAST]
|  |  |  |  hash-table-id=03
|  |  |  |  hash predicates: tpcds_partitioned_parquet_snap.customer.c_current_addr_sk = tpcds_partitioned_parquet_snap.customer_address.ca_address_sk
|  |  |  |  fk/pk conjuncts: tpcds_partitioned_parquet_snap.customer.c_current_addr_sk = tpcds_partitioned_parquet_snap.customer_address.ca_address_sk
|  |  |  |  mem-estimate=0B mem-reservation=0B spill-buffer=128.00KB thread-reservation=0
|  |  |  |  tuple-ids=2,4 row-size=42B cardinality=8.96K cost=24591
|  |  |  |  in pipelines: 01(GETNEXT), 02(OPEN)
|  |  |  |
|  |  |  |--F16:PLAN FRAGMENT [RANDOM] hosts=10 instances=10
|  |  |  |  |  Per-Instance Resources: mem-estimate=5.34MB mem-reservation=3.88MB thread-reservation=1 runtime-filters-memory=1.00MB
|  |  |  |  |  max-parallelism=10 segment-costs=[92743]
|  |  |  |  JOIN BUILD
|  |  |  |  |  join-table-id=03 plan-id=04 cohort-id=04
|  |  |  |  |  build expressions: tpcds_partitioned_parquet_snap.customer_address.ca_address_sk
|  |  |  |  |  runtime filters: RF012[bloom] <- tpcds_partitioned_parquet_snap.customer_address.ca_address_sk, RF013[min_max] <- tpcds_partitioned_parquet_snap.customer_address.ca_address_sk
|  |  |  |  |  mem-estimate=2.88MB mem-reservation=2.88MB spill-buffer=128.00KB thread-reservation=0 cost=39823
|  |  |  |  |
|  |  |  |  22:EXCHANGE [BROADCAST]
|  |  |  |  |  mem-estimate=1.47MB mem-reservation=0B thread-reservation=0
|  |  |  |  |  tuple-ids=4 row-size=30B cardinality=39.82K cost=52920
|  |  |  |  |  in pipelines: 02(GETNEXT)
|  |  |  |  |
|  |  |  |  F09:PLAN FRAGMENT [RANDOM] hosts=10 instances=10
|  |  |  |  Per-Instance Resources: mem-estimate=16.13MB mem-reservation=128.00KB thread-reservation=1
|  |  |  |  max-parallelism=10 segment-costs=[4305240]
|  |  |  |  02:SCAN HDFS [tpcds_partitioned_parquet_snap.customer_address, RANDOM]
|  |  |  |     HDFS partitions=1/1 files=1 size=307.36MB
|  |  |  |     predicates: tpcds_partitioned_parquet_snap.customer_address.ca_county = 'Allen County' OR tpcds_partitioned_parquet_snap.customer_address.ca_county = 'Dakota County' OR tpcds_partitioned_parquet_snap.customer_address.ca_county = 'Jefferson County' OR tpcds_partitioned_parquet_snap.customer_address.ca_county = 'Lamar County' OR tpcds_partitioned_parquet_snap.customer_address.ca_county = 'Park County'
|  |  |  |     stored statistics:
|  |  |  |       table: rows=15.00M size=307.36MB
|  |  |  |       columns: all
|  |  |  |     extrapolated-rows=disabled max-scan-range-rows=1.58M
|  |  |  |     parquet dictionary predicates: tpcds_partitioned_parquet_snap.customer_address.ca_county = 'Allen County' OR tpcds_partitioned_parquet_snap.customer_address.ca_county = 'Dakota County' OR tpcds_partitioned_parquet_snap.customer_address.ca_county = 'Jefferson County' OR tpcds_partitioned_parquet_snap.customer_address.ca_county = 'Lamar County' OR tpcds_partitioned_parquet_snap.customer_address.ca_county = 'Park County'
|  |  |  |     mem-estimate=16.00MB mem-reservation=128.00KB thread-reservation=0
|  |  |  |     tuple-ids=4 row-size=30B cardinality=39.82K cost=4301159
|  |  |  |     in pipelines: 02(GETNEXT)
|  |  |  |
|  |  |  01:SCAN HDFS [tpcds_partitioned_parquet_snap.customer, RANDOM]
|  |  |     HDFS partitions=1/1 files=1 size=1.55GB
|  |  |     predicates: is_not_null_pred(tpcds_partitioned_parquet_snap.customer.c_customer_sk)
|  |  |     runtime filters: RF013[min_max] -> tpcds_partitioned_parquet_snap.customer.c_current_addr_sk, RF012[bloom] -> tpcds_partitioned_parquet_snap.customer.c_current_addr_sk
|  |  |     stored statistics:
|  |  |       table: rows=30.00M size=1.55GB
|  |  |       columns: all
|  |  |     extrapolated-rows=disabled max-scan-range-rows=3.10M
|  |  |     parquet dictionary predicates: is_not_null_pred(tpcds_partitioned_parquet_snap.customer.c_customer_sk)
|  |  |     mem-estimate=16.00MB mem-reservation=1.00MB thread-reservation=0
|  |  |     tuple-ids=2 row-size=12B cardinality=89.55K(filtered from 3.00M) cost=6027000
|  |  |     in pipelines: 01(GETNEXT)
|  |  |
|  |  00:SCAN HDFS [tpcds_partitioned_parquet_snap.customer_demographics, RANDOM]
|  |     HDFS partitions=1/1 files=1 size=11.15MB
|  |     runtime filters: RF011[min_max] -> tpcds_partitioned_parquet_snap.customer_demographics.cd_demo_sk, RF010[bloom] -> tpcds_partitioned_parquet_snap.customer_demographics.cd_demo_sk
|  |     stored statistics:
|  |       table: rows=1.92M size=11.15MB
|  |       columns: all
|  |     extrapolated-rows=disabled max-scan-range-rows=197.97K
|  |     mem-estimate=16.00MB mem-reservation=1.00MB thread-reservation=0
|  |     tuple-ids=0 row-size=87B cardinality=8.96K(filtered from 1.92M) cost=1066867
|  |     in pipelines: 00(GETNEXT)
|  |
|  24:EXCHANGE [HASH(tpcds_partitioned_parquet_snap.store_sales.ss_customer_sk)]
|  |  mem-estimate=10.82MB mem-reservation=0B thread-reservation=0
|  |  tuple-ids=6,8 row-size=20B cardinality=55.89M cost=13409046
|  |  in pipelines: 05(GETNEXT)
|  |
|  F05:PLAN FRAGMENT [RANDOM] hosts=10 instances=30 (adjusted from 120)
|  Per-Host Shared Resources: mem-estimate=2.00MB mem-reservation=2.00MB thread-reservation=0 runtime-filters-memory=2.00MB
|  Per-Instance Resources: mem-estimate=17.09MB mem-reservation=4.00MB thread-reservation=1
|  max-parallelism=30 segment-costs=[234146885]
|  07:HASH JOIN [INNER JOIN, BROADCAST]
|  |  hash-table-id=04
|  |  hash predicates: tpcds_partitioned_parquet_snap.store_sales.ss_sold_date_sk = tpcds_partitioned_parquet_snap.date_dim.d_date_sk
|  |  fk/pk conjuncts: tpcds_partitioned_parquet_snap.store_sales.ss_sold_date_sk = tpcds_partitioned_parquet_snap.date_dim.d_date_sk
|  |  mem-estimate=0B mem-reservation=0B spill-buffer=64.00KB thread-reservation=0
|  |  tuple-ids=6,8 row-size=20B cardinality=55.89M cost=24464942
|  |  in pipelines: 05(GETNEXT), 06(OPEN)
|  |
|  |--F17:PLAN FRAGMENT [RANDOM] hosts=10 instances=10
|  |  |  Per-Instance Resources: mem-estimate=6.83MB mem-reservation=6.81MB thread-reservation=1 runtime-filters-memory=1.00MB
|  |  |  max-parallelism=10 segment-costs=[268]
|  |  JOIN BUILD
|  |  |  join-table-id=04 plan-id=05 cohort-id=02
|  |  |  build expressions: tpcds_partitioned_parquet_snap.date_dim.d_date_sk
|  |  |  runtime filters: RF008[bloom] <- tpcds_partitioned_parquet_snap.date_dim.d_date_sk
|  |  |  mem-estimate=5.81MB mem-reservation=5.81MB spill-buffer=64.00KB thread-reservation=0 cost=118
|  |  |
|  |  21:EXCHANGE [BROADCAST]
|  |  |  mem-estimate=16.00KB mem-reservation=0B thread-reservation=0
|  |  |  tuple-ids=8 row-size=12B cardinality=118 cost=150
|  |  |  in pipelines: 06(GETNEXT)
|  |  |
|  |  F06:PLAN FRAGMENT [RANDOM] hosts=1 instances=1
|  |  Per-Instance Resources: mem-estimate=16.06MB mem-reservation=512.00KB thread-reservation=1
|  |  max-parallelism=1 segment-costs=[18786]
|  |  06:SCAN HDFS [tpcds_partitioned_parquet_snap.date_dim, RANDOM]
|  |     HDFS partitions=1/1 files=1 size=2.17MB
|  |     predicates: tpcds_partitioned_parquet_snap.date_dim.d_year = CAST(2001 AS INT), tpcds_partitioned_parquet_snap.date_dim.d_moy <= CAST(add(CAST(4 AS SMALLINT), CAST(3 AS SMALLINT)) AS INT), tpcds_partitioned_parquet_snap.date_dim.d_moy >= CAST(4 AS INT)
|  |     stored statistics:
|  |       table: rows=73.05K size=2.17MB
|  |       columns: all
|  |     extrapolated-rows=disabled max-scan-range-rows=73.05K
|  |     parquet statistics predicates: tpcds_partitioned_parquet_snap.date_dim.d_year = CAST(2001 AS INT), tpcds_partitioned_parquet_snap.date_dim.d_moy <= CAST(add(CAST(4 AS SMALLINT), CAST(3 AS SMALLINT)) AS INT), tpcds_partitioned_parquet_snap.date_dim.d_moy >= CAST(4 AS INT)
|  |     parquet dictionary predicates: tpcds_partitioned_parquet_snap.date_dim.d_year = CAST(2001 AS INT), tpcds_partitioned_parquet_snap.date_dim.d_moy <= CAST(add(CAST(4 AS SMALLINT), CAST(3 AS SMALLINT)) AS INT), tpcds_partitioned_parquet_snap.date_dim.d_moy >= CAST(4 AS INT)
|  |     mem-estimate=16.00MB mem-reservation=512.00KB thread-reservation=0
|  |     tuple-ids=8 row-size=12B cardinality=118 cost=18780
|  |     in pipelines: 06(GETNEXT)
|  |
|  05:SCAN HDFS [tpcds_partitioned_parquet_snap.store_sales, RANDOM]
|     HDFS partitions=1824/1824 files=1824 size=389.90GB
|     predicates: is_not_null_pred(tpcds_partitioned_parquet_snap.store_sales.ss_customer_sk)
|     runtime filters: RF007[min_max] -> tpcds_partitioned_parquet_snap.store_sales.ss_customer_sk, RF006[bloom] -> tpcds_partitioned_parquet_snap.store_sales.ss_customer_sk, RF008[bloom] -> tpcds_partitioned_parquet_snap.store_sales.ss_sold_date_sk
|     stored statistics:
|       table: rows=8.64G size=389.90GB
|       partitions: 1824/1824 rows=8.64G
|       columns: all
|     extrapolated-rows=disabled max-scan-range-rows=390.22M est-scan-range=119(filtered from 1824)
|     parquet dictionary predicates: is_not_null_pred(tpcds_partitioned_parquet_snap.store_sales.ss_customer_sk)
|     mem-estimate=16.00MB mem-reservation=4.00MB thread-reservation=0
|     tuple-ids=6 row-size=8B cardinality=55.89M(filtered from 863.99M) cost=80096557
|     in pipelines: 05(GETNEXT)
|
26:EXCHANGE [HASH(CUSTOMER_SK)]
|  mem-estimate=10.16MB mem-reservation=0B thread-reservation=0
|  tuple-ids=18 row-size=4B cardinality=41.81M cost=5414978
|  in pipelines: 10(GETNEXT), 13(GETNEXT)
|
F04:PLAN FRAGMENT [RANDOM] hosts=10 instances=20 (adjusted from 120)
Per-Host Shared Resources: mem-estimate=3.00MB mem-reservation=3.00MB thread-reservation=0 runtime-filters-memory=3.00MB
Per-Instance Resources: mem-estimate=16.31MB mem-reservation=1.00MB thread-reservation=1
max-parallelism=20 segment-costs=[112141478]
09:UNION
|  mem-estimate=0B mem-reservation=0B thread-reservation=0
|  tuple-ids=18 row-size=4B cardinality=41.81M cost=1604840
|  in pipelines: 10(GETNEXT), 13(GETNEXT)
|
|--15:HASH JOIN [INNER JOIN, BROADCAST]
|  |  hash-table-id=06
|  |  hash predicates: tpcds_partitioned_parquet_snap.catalog_sales.cs_sold_date_sk = tpcds_partitioned_parquet_snap.date_dim_1.d_date_sk
|  |  fk/pk conjuncts: tpcds_partitioned_parquet_snap.catalog_sales.cs_sold_date_sk = tpcds_partitioned_parquet_snap.date_dim_1.d_date_sk
|  |  mem-estimate=0B mem-reservation=0B spill-buffer=64.00KB thread-reservation=0
|  |  tuple-ids=14,16 row-size=20B cardinality=27.84M cost=12186017
|  |  in pipelines: 13(GETNEXT), 14(OPEN)
|  |
|  |--F19:PLAN FRAGMENT [RANDOM] hosts=10 instances=10
|  |  |  Per-Instance Resources: mem-estimate=4.89MB mem-reservation=4.88MB thread-reservation=1 runtime-filters-memory=1.00MB
|  |  |  max-parallelism=10 segment-costs=[268]
|  |  JOIN BUILD
|  |  |  join-table-id=06 plan-id=07 cohort-id=01
|  |  |  build expressions: tpcds_partitioned_parquet_snap.date_dim_1.d_date_sk
|  |  |  runtime filters: RF004[bloom] <- tpcds_partitioned_parquet_snap.date_dim_1.d_date_sk
|  |  |  mem-estimate=3.88MB mem-reservation=3.88MB spill-buffer=64.00KB thread-reservation=0 cost=118
|  |  |
|  |  20:EXCHANGE [BROADCAST]
|  |  |  mem-estimate=16.00KB mem-reservation=0B thread-reservation=0
|  |  |  tuple-ids=16 row-size=12B cardinality=118 cost=150
|  |  |  in pipelines: 14(GETNEXT)
|  |  |
|  |  F03:PLAN FRAGMENT [RANDOM] hosts=1 instances=1
|  |  Per-Instance Resources: mem-estimate=16.06MB mem-reservation=512.00KB thread-reservation=1
|  |  max-parallelism=1 segment-costs=[18786]
|  |  14:SCAN HDFS [tpcds_partitioned_parquet_snap.date_dim, RANDOM]
|  |     HDFS partitions=1/1 files=1 size=2.17MB
|  |     predicates: tpcds_partitioned_parquet_snap.date_dim_1.d_year = CAST(2001 AS INT), tpcds_partitioned_parquet_snap.date_dim_1.d_moy <= CAST(add(CAST(4 AS SMALLINT), CAST(3 AS SMALLINT)) AS INT), tpcds_partitioned_parquet_snap.date_dim_1.d_moy >= CAST(4 AS INT)
|  |     stored statistics:
|  |       table: rows=73.05K size=2.17MB
|  |       columns: all
|  |     extrapolated-rows=disabled max-scan-range-rows=73.05K
|  |     parquet statistics predicates: tpcds_partitioned_parquet_snap.date_dim_1.d_year = CAST(2001 AS INT), tpcds_partitioned_parquet_snap.date_dim_1.d_moy <= CAST(add(CAST(4 AS SMALLINT), CAST(3 AS SMALLINT)) AS INT), tpcds_partitioned_parquet_snap.date_dim_1.d_moy >= CAST(4 AS INT)
|  |     parquet dictionary predicates: tpcds_partitioned_parquet_snap.date_dim_1.d_year = CAST(2001 AS INT), tpcds_partitioned_parquet_snap.date_dim_1.d_moy <= CAST(add(CAST(4 AS SMALLINT), CAST(3 AS SMALLINT)) AS INT), tpcds_partitioned_parquet_snap.date_dim_1.d_moy >= CAST(4 AS INT)
|  |     mem-estimate=16.00MB mem-reservation=512.00KB thread-reservation=0
|  |     tuple-ids=16 row-size=12B cardinality=118 cost=18780
|  |     in pipelines: 14(GETNEXT)
|  |
|  13:SCAN HDFS [tpcds_partitioned_parquet_snap.catalog_sales, RANDOM]
|     HDFS partitions=1831/1831 files=1831 size=280.96GB
|     predicates: is_not_null_pred(tpcds_partitioned_parquet_snap.catalog_sales.cs_ship_customer_sk)
|     runtime filters: RF001[min_max] -> tpcds_partitioned_parquet_snap.catalog_sales.cs_ship_customer_sk, RF000[bloom] -> tpcds_partitioned_parquet_snap.catalog_sales.cs_ship_customer_sk, RF004[bloom] -> tpcds_partitioned_parquet_snap.catalog_sales.cs_sold_date_sk
|     stored statistics:
|       table: rows=4.32G size=280.96GB
|       partitions: 1831/1831 rows=4.32G
|       columns: all
|     extrapolated-rows=disabled max-scan-range-rows=21.52M est-scan-range=118(filtered from 1831)
|     parquet dictionary predicates: is_not_null_pred(tpcds_partitioned_parquet_snap.catalog_sales.cs_ship_customer_sk)
|     mem-estimate=16.00MB mem-reservation=1.00MB thread-reservation=0
|     tuple-ids=14 row-size=8B cardinality=27.84M(filtered from 432.01M) cost=39896191
|     in pipelines: 13(GETNEXT)
|
12:HASH JOIN [INNER JOIN, BROADCAST]
|  hash-table-id=05
|  hash predicates: tpcds_partitioned_parquet_snap.web_sales.ws_sold_date_sk = tpcds_partitioned_parquet_snap.date_dim_0.d_date_sk
|  fk/pk conjuncts: tpcds_partitioned_parquet_snap.web_sales.ws_sold_date_sk = tpcds_partitioned_parquet_snap.date_dim_0.d_date_sk
|  mem-estimate=0B mem-reservation=0B spill-buffer=64.00KB thread-reservation=0
|  tuple-ids=10,12 row-size=20B cardinality=13.97M cost=6116190
|  in pipelines: 10(GETNEXT), 11(OPEN)
|
|--F18:PLAN FRAGMENT [RANDOM] hosts=10 instances=10
|  |  Per-Instance Resources: mem-estimate=4.89MB mem-reservation=4.88MB thread-reservation=1 runtime-filters-memory=1.00MB
|  |  max-parallelism=10 segment-costs=[268]
|  JOIN BUILD
|  |  join-table-id=05 plan-id=06 cohort-id=01
|  |  build expressions: tpcds_partitioned_parquet_snap.date_dim_0.d_date_sk
|  |  runtime filters: RF002[bloom] <- tpcds_partitioned_parquet_snap.date_dim_0.d_date_sk
|  |  mem-estimate=3.88MB mem-reservation=3.88MB spill-buffer=64.00KB thread-reservation=0 cost=118
|  |
|  19:EXCHANGE [BROADCAST]
|  |  mem-estimate=16.00KB mem-reservation=0B thread-reservation=0
|  |  tuple-ids=12 row-size=12B cardinality=118 cost=150
|  |  in pipelines: 11(GETNEXT)
|  |
|  F01:PLAN FRAGMENT [RANDOM] hosts=1 instances=1
|  Per-Instance Resources: mem-estimate=16.06MB mem-reservation=512.00KB thread-reservation=1
|  max-parallelism=1 segment-costs=[18786]
|  11:SCAN HDFS [tpcds_partitioned_parquet_snap.date_dim, RANDOM]
|     HDFS partitions=1/1 files=1 size=2.17MB
|     predicates: tpcds_partitioned_parquet_snap.date_dim_0.d_year = CAST(2001 AS INT), tpcds_partitioned_parquet_snap.date_dim_0.d_moy <= CAST(add(CAST(4 AS SMALLINT), CAST(3 AS SMALLINT)) AS INT), tpcds_partitioned_parquet_snap.date_dim_0.d_moy >= CAST(4 AS INT)
|     stored statistics:
|       table: rows=73.05K size=2.17MB
|       columns: all
|     extrapolated-rows=disabled max-scan-range-rows=73.05K
|     parquet statistics predicates: tpcds_partitioned_parquet_snap.date_dim_0.d_year = CAST(2001 AS INT), tpcds_partitioned_parquet_snap.date_dim_0.d_moy <= CAST(add(CAST(4 AS SMALLINT), CAST(3 AS SMALLINT)) AS INT), tpcds_partitioned_parquet_snap.date_dim_0.d_moy >= CAST(4 AS INT)
|     parquet dictionary predicates: tpcds_partitioned_parquet_snap.date_dim_0.d_year = CAST(2001 AS INT), tpcds_partitioned_parquet_snap.date_dim_0.d_moy <= CAST(add(CAST(4 AS SMALLINT), CAST(3 AS SMALLINT)) AS INT), tpcds_partitioned_parquet_snap.date_dim_0.d_moy >= CAST(4 AS INT)
|     mem-estimate=16.00MB mem-reservation=512.00KB thread-reservation=0
|     tuple-ids=12 row-size=12B cardinality=118 cost=18780
|     in pipelines: 11(GETNEXT)
|
10:SCAN HDFS [tpcds_partitioned_parquet_snap.web_sales, RANDOM]
   HDFS partitions=1824/1824 files=1824 size=145.75GB
   predicates: is_not_null_pred(tpcds_partitioned_parquet_snap.web_sales.ws_bill_customer_sk)
   runtime filters: RF001[min_max] -> tpcds_partitioned_parquet_snap.web_sales.ws_bill_customer_sk, RF000[bloom] -> tpcds_partitioned_parquet_snap.web_sales.ws_bill_customer_sk, RF002[bloom] -> tpcds_partitioned_parquet_snap.web_sales.ws_sold_date_sk
   stored statistics:
     table: rows=2.16G size=145.75GB
     partitions: 1824/1824 rows=2.16G
     columns: all
   extrapolated-rows=disabled max-scan-range-rows=3.37M est-scan-range=119(filtered from 1824)
   parquet dictionary predicates: is_not_null_pred(tpcds_partitioned_parquet_snap.web_sales.ws_bill_customer_sk)
   mem-estimate=16.00MB mem-reservation=128.00KB thread-reservation=0
   tuple-ids=10 row-size=8B cardinality=13.97M(filtered from 216.00M) cost=20023992
   in pipelines: 10(GETNEXT)
---- PARALLELPLANS
Max Per-Host Resource Reservation: Memory=61.81MB Threads=21
Per-Host Resource Estimates: Memory=276MB
F12:PLAN FRAGMENT [UNPARTITIONED] hosts=1 instances=1
|  Per-Instance Resources: mem-estimate=4.09MB mem-reservation=4.00MB thread-reservation=1
|  max-parallelism=1 segment-costs=[1443] cpu-comparison-result=62 [max(1 (self) vs 62 (sum children))]
PLAN-ROOT SINK
|  output exprs: tpcds_partitioned_parquet_snap.customer_demographics.cd_gender, tpcds_partitioned_parquet_snap.customer_demographics.cd_marital_status, tpcds_partitioned_parquet_snap.customer_demographics.cd_education_status, count(), tpcds_partitioned_parquet_snap.customer_demographics.cd_purchase_estimate, count(), tpcds_partitioned_parquet_snap.customer_demographics.cd_credit_rating, count(), tpcds_partitioned_parquet_snap.customer_demographics.cd_dep_count, count(), tpcds_partitioned_parquet_snap.customer_demographics.cd_dep_employed_count, count(), tpcds_partitioned_parquet_snap.customer_demographics.cd_dep_college_count, count()
|  mem-estimate=4.00MB mem-reservation=4.00MB spill-buffer=2.00MB thread-reservation=0 cost=1400
|
29:MERGING-EXCHANGE [UNPARTITIONED]
|  order by: tpcds_partitioned_parquet_snap.customer_demographics.cd_gender ASC NULLS LAST, tpcds_partitioned_parquet_snap.customer_demographics.cd_marital_status ASC NULLS LAST, tpcds_partitioned_parquet_snap.customer_demographics.cd_education_status ASC NULLS LAST, tpcds_partitioned_parquet_snap.customer_demographics.cd_purchase_estimate ASC NULLS LAST, tpcds_partitioned_parquet_snap.customer_demographics.cd_credit_rating ASC NULLS LAST, tpcds_partitioned_parquet_snap.customer_demographics.cd_dep_count ASC NULLS LAST, tpcds_partitioned_parquet_snap.customer_demographics.cd_dep_employed_count ASC NULLS LAST, tpcds_partitioned_parquet_snap.customer_demographics.cd_dep_college_count ASC NULLS LAST
|  limit: 100
|  mem-estimate=93.25KB mem-reservation=0B thread-reservation=0
|  tuple-ids=20 row-size=91B cardinality=100 cost=43
|  in pipelines: 18(GETNEXT)
|
F11:PLAN FRAGMENT [HASH(tpcds_partitioned_parquet_snap.customer_demographics.cd_gender,tpcds_partitioned_parquet_snap.customer_demographics.cd_marital_status,tpcds_partitioned_parquet_snap.customer_demographics.cd_education_status,tpcds_partitioned_parquet_snap.customer_demographics.cd_purchase_estimate,tpcds_partitioned_parquet_snap.customer_demographics.cd_credit_rating,tpcds_partitioned_parquet_snap.customer_demographics.cd_dep_count,tpcds_partitioned_parquet_snap.customer_demographics.cd_dep_employed_count,tpcds_partitioned_parquet_snap.customer_demographics.cd_dep_college_count)] hosts=10 instances=10 (adjusted from 120)
Per-Instance Resources: mem-estimate=11.00MB mem-reservation=1.94MB thread-reservation=1
max-parallelism=10 segment-costs=[57582, 66283, 268] cpu-comparison-result=62 [max(10 (self) vs 62 (sum children))]
18:TOP-N [LIMIT=100]
|  order by: tpcds_partitioned_parquet_snap.customer_demographics.cd_gender ASC NULLS LAST, tpcds_partitioned_parquet_snap.customer_demographics.cd_marital_status ASC NULLS LAST, tpcds_partitioned_parquet_snap.customer_demographics.cd_education_status ASC NULLS LAST, tpcds_partitioned_parquet_snap.customer_demographics.cd_purchase_estimate ASC NULLS LAST, tpcds_partitioned_parquet_snap.customer_demographics.cd_credit_rating ASC NULLS LAST, tpcds_partitioned_parquet_snap.customer_demographics.cd_dep_count ASC NULLS LAST, tpcds_partitioned_parquet_snap.customer_demographics.cd_dep_employed_count ASC NULLS LAST, tpcds_partitioned_parquet_snap.customer_demographics.cd_dep_college_count ASC NULLS LAST
|  mem-estimate=8.85KB mem-reservation=0B thread-reservation=0
|  tuple-ids=20 row-size=91B cardinality=100 cost=66283
|  in pipelines: 18(GETNEXT), 28(OPEN)
|
28:AGGREGATE [FINALIZE]
|  output: count:merge()
|  group by: tpcds_partitioned_parquet_snap.customer_demographics.cd_gender, tpcds_partitioned_parquet_snap.customer_demographics.cd_marital_status, tpcds_partitioned_parquet_snap.customer_demographics.cd_education_status, tpcds_partitioned_parquet_snap.customer_demographics.cd_purchase_estimate, tpcds_partitioned_parquet_snap.customer_demographics.cd_credit_rating, tpcds_partitioned_parquet_snap.customer_demographics.cd_dep_count, tpcds_partitioned_parquet_snap.customer_demographics.cd_dep_employed_count, tpcds_partitioned_parquet_snap.customer_demographics.cd_dep_college_count
|  mem-estimate=10.00MB mem-reservation=1.94MB spill-buffer=64.00KB thread-reservation=0
|  tuple-ids=19 row-size=91B cardinality=8.96K cost=52857
|  in pipelines: 28(GETNEXT), 10(OPEN), 13(OPEN)
|
27:EXCHANGE [HASH(tpcds_partitioned_parquet_snap.customer_demographics.cd_gender,tpcds_partitioned_parquet_snap.customer_demographics.cd_marital_status,tpcds_partitioned_parquet_snap.customer_demographics.cd_education_status,tpcds_partitioned_parquet_snap.customer_demographics.cd_purchase_estimate,tpcds_partitioned_parquet_snap.customer_demographics.cd_credit_rating,tpcds_partitioned_parquet_snap.customer_demographics.cd_dep_count,tpcds_partitioned_parquet_snap.customer_demographics.cd_dep_employed_count,tpcds_partitioned_parquet_snap.customer_demographics.cd_dep_college_count)]
|  mem-estimate=1.00MB mem-reservation=0B thread-reservation=0
|  tuple-ids=19 row-size=91B cardinality=8.96K cost=4725
|  in pipelines: 10(GETNEXT), 13(GETNEXT)
|
F10:PLAN FRAGMENT [HASH(tpcds_partitioned_parquet_snap.customer.c_customer_sk)] hosts=10 instances=10 (adjusted from 120)
Per-Instance Resources: mem-estimate=23.85MB mem-reservation=2.00MB thread-reservation=1
max-parallelism=10 segment-costs=[16194877, 56846] cpu-comparison-result=62 [max(30 (self) vs 62 (sum children))]
17:AGGREGATE [STREAMING]
|  output: count()
|  group by: tpcds_partitioned_parquet_snap.customer_demographics.cd_gender, tpcds_partitioned_parquet_snap.customer_demographics.cd_marital_status, tpcds_partitioned_parquet_snap.customer_demographics.cd_education_status, tpcds_partitioned_parquet_snap.customer_demographics.cd_purchase_estimate, tpcds_partitioned_parquet_snap.customer_demographics.cd_credit_rating, tpcds_partitioned_parquet_snap.customer_demographics.cd_dep_count, tpcds_partitioned_parquet_snap.customer_demographics.cd_dep_employed_count, tpcds_partitioned_parquet_snap.customer_demographics.cd_dep_college_count
|  mem-estimate=10.00MB mem-reservation=2.00MB spill-buffer=64.00KB thread-reservation=0
|  tuple-ids=19 row-size=91B cardinality=8.96K cost=52857
|  in pipelines: 10(GETNEXT), 13(GETNEXT)
|
16:HASH JOIN [RIGHT SEMI JOIN, PARTITIONED]
|  hash-table-id=00
|  hash predicates: CUSTOMER_SK = tpcds_partitioned_parquet_snap.customer.c_customer_sk
|  mem-estimate=0B mem-reservation=0B spill-buffer=64.00KB thread-reservation=0
|  tuple-ids=0,2,4 row-size=129B cardinality=8.96K cost=10727042
|  in pipelines: 10(GETNEXT), 13(GETNEXT), 05(OPEN)
|
|--F13:PLAN FRAGMENT [HASH(tpcds_partitioned_parquet_snap.customer.c_customer_sk)] hosts=10 instances=10 (adjusted from 120)
|  |  Per-Instance Resources: mem-estimate=13.76MB mem-reservation=2.94MB thread-reservation=1 runtime-filters-memory=1.00MB
|  |  max-parallelism=10 segment-costs=[27756516] cpu-comparison-result=40 [max(40 (self) vs 31 (sum children))]
|  JOIN BUILD
|  |  join-table-id=00 plan-id=01 cohort-id=01
|  |  build expressions: tpcds_partitioned_parquet_snap.customer.c_customer_sk
|  |  runtime filters: RF000[bloom] <- tpcds_partitioned_parquet_snap.customer.c_customer_sk, RF001[min_max] <- tpcds_partitioned_parquet_snap.customer.c_customer_sk
|  |  mem-estimate=1.94MB mem-reservation=1.94MB spill-buffer=64.00KB thread-reservation=0 cost=8955
|  |
|  08:HASH JOIN [RIGHT SEMI JOIN, PARTITIONED]
|  |  hash-table-id=01
|  |  hash predicates: tpcds_partitioned_parquet_snap.store_sales.ss_customer_sk = tpcds_partitioned_parquet_snap.customer.c_customer_sk
|  |  mem-estimate=0B mem-reservation=0B spill-buffer=64.00KB thread-reservation=0
|  |  tuple-ids=0,2,4 row-size=129B cardinality=8.96K cost=14338515
|  |  in pipelines: 05(GETNEXT), 00(OPEN)
|  |
|  |--F14:PLAN FRAGMENT [HASH(tpcds_partitioned_parquet_snap.customer.c_customer_sk)] hosts=10 instances=10 (adjusted from 120)
|  |  |  Per-Instance Resources: mem-estimate=4.42MB mem-reservation=2.94MB thread-reservation=1 runtime-filters-memory=1.00MB
|  |  |  max-parallelism=10 segment-costs=[15903] cpu-comparison-result=20 [max(20 (self) vs 20 (sum children))]
|  |  JOIN BUILD
|  |  |  join-table-id=01 plan-id=02 cohort-id=02
|  |  |  build expressions: tpcds_partitioned_parquet_snap.customer.c_customer_sk
|  |  |  runtime filters: RF006[bloom] <- tpcds_partitioned_parquet_snap.customer.c_customer_sk, RF007[min_max] <- tpcds_partitioned_parquet_snap.customer.c_customer_sk
|  |  |  mem-estimate=1.94MB mem-reservation=1.94MB spill-buffer=64.00KB thread-reservation=0 cost=8955
|  |  |
|  |  25:EXCHANGE [HASH(tpcds_partitioned_parquet_snap.customer.c_customer_sk)]
|  |  |  mem-estimate=1.48MB mem-reservation=0B thread-reservation=0
|  |  |  tuple-ids=0,2,4 row-size=129B cardinality=8.96K cost=6948
|  |  |  in pipelines: 00(GETNEXT)
|  |  |
|  |  F07:PLAN FRAGMENT [RANDOM] hosts=10 instances=10
|  |  Per-Host Shared Resources: mem-estimate=1.00MB mem-reservation=1.00MB thread-reservation=0 runtime-filters-memory=1.00MB
|  |  Per-Instance Resources: mem-estimate=21.49MB mem-reservation=1.00MB thread-reservation=1
|  |  max-parallelism=10 segment-costs=[1158751]
|  |  04:HASH JOIN [INNER JOIN, BROADCAST]
|  |  |  hash-table-id=02
|  |  |  hash predicates: tpcds_partitioned_parquet_snap.customer_demographics.cd_demo_sk = tpcds_partitioned_parquet_snap.customer.c_current_cdemo_sk
|  |  |  fk/pk conjuncts: none
|  |  |  mem-estimate=0B mem-reservation=0B spill-buffer=64.00KB thread-reservation=0
|  |  |  tuple-ids=0,2,4 row-size=129B cardinality=8.96K cost=3919
|  |  |  in pipelines: 00(GETNEXT), 01(OPEN)
|  |  |
|  |  |--F15:PLAN FRAGMENT [RANDOM] hosts=10 instances=10
|  |  |  |  Per-Instance Resources: mem-estimate=3.78MB mem-reservation=2.94MB thread-reservation=1 runtime-filters-memory=1.00MB
|  |  |  |  max-parallelism=10 segment-costs=[20855] cpu-comparison-result=20 [max(20 (self) vs 20 (sum children))]
|  |  |  JOIN BUILD
|  |  |  |  join-table-id=02 plan-id=03 cohort-id=03
|  |  |  |  build expressions: tpcds_partitioned_parquet_snap.customer.c_current_cdemo_sk
|  |  |  |  runtime filters: RF010[bloom] <- tpcds_partitioned_parquet_snap.customer.c_current_cdemo_sk, RF011[min_max] <- tpcds_partitioned_parquet_snap.customer.c_current_cdemo_sk
|  |  |  |  mem-estimate=1.94MB mem-reservation=1.94MB spill-buffer=64.00KB thread-reservation=0 cost=8955
|  |  |  |
|  |  |  23:EXCHANGE [BROADCAST]
|  |  |  |  mem-estimate=866.58KB mem-reservation=0B thread-reservation=0
|  |  |  |  tuple-ids=2,4 row-size=42B cardinality=8.96K cost=11900
|  |  |  |  in pipelines: 01(GETNEXT)
|  |  |  |
|  |  |  F08:PLAN FRAGMENT [RANDOM] hosts=10 instances=10
|  |  |  Per-Host Shared Resources: mem-estimate=1.00MB mem-reservation=1.00MB thread-reservation=0 runtime-filters-memory=1.00MB
|  |  |  Per-Instance Resources: mem-estimate=16.20MB mem-reservation=1.00MB thread-reservation=1
|  |  |  max-parallelism=10 segment-costs=[6052992]
|  |  |  03:HASH JOIN [INNER JOIN, BROADCAST]
|  |  |  |  hash-table-id=03
|  |  |  |  hash predicates: tpcds_partitioned_parquet_snap.customer.c_current_addr_sk = tpcds_partitioned_parquet_snap.customer_address.ca_address_sk
|  |  |  |  fk/pk conjuncts: tpcds_partitioned_parquet_snap.customer.c_current_addr_sk = tpcds_partitioned_parquet_snap.customer_address.ca_address_sk
|  |  |  |  mem-estimate=0B mem-reservation=0B spill-buffer=128.00KB thread-reservation=0
|  |  |  |  tuple-ids=2,4 row-size=42B cardinality=8.96K cost=24591
|  |  |  |  in pipelines: 01(GETNEXT), 02(OPEN)
|  |  |  |
|  |  |  |--F16:PLAN FRAGMENT [RANDOM] hosts=10 instances=10
|  |  |  |  |  Per-Instance Resources: mem-estimate=5.34MB mem-reservation=3.88MB thread-reservation=1 runtime-filters-memory=1.00MB
|  |  |  |  |  max-parallelism=10 segment-costs=[92743]
|  |  |  |  JOIN BUILD
|  |  |  |  |  join-table-id=03 plan-id=04 cohort-id=04
|  |  |  |  |  build expressions: tpcds_partitioned_parquet_snap.customer_address.ca_address_sk
|  |  |  |  |  runtime filters: RF012[bloom] <- tpcds_partitioned_parquet_snap.customer_address.ca_address_sk, RF013[min_max] <- tpcds_partitioned_parquet_snap.customer_address.ca_address_sk
|  |  |  |  |  mem-estimate=2.88MB mem-reservation=2.88MB spill-buffer=128.00KB thread-reservation=0 cost=39823
|  |  |  |  |
|  |  |  |  22:EXCHANGE [BROADCAST]
|  |  |  |  |  mem-estimate=1.47MB mem-reservation=0B thread-reservation=0
|  |  |  |  |  tuple-ids=4 row-size=30B cardinality=39.82K cost=52920
|  |  |  |  |  in pipelines: 02(GETNEXT)
|  |  |  |  |
|  |  |  |  F09:PLAN FRAGMENT [RANDOM] hosts=10 instances=10
|  |  |  |  Per-Instance Resources: mem-estimate=16.13MB mem-reservation=128.00KB thread-reservation=1
|  |  |  |  max-parallelism=10 segment-costs=[4305240]
|  |  |  |  02:SCAN HDFS [tpcds_partitioned_parquet_snap.customer_address, RANDOM]
|  |  |  |     HDFS partitions=1/1 files=1 size=307.36MB
|  |  |  |     predicates: tpcds_partitioned_parquet_snap.customer_address.ca_county = 'Allen County' OR tpcds_partitioned_parquet_snap.customer_address.ca_county = 'Dakota County' OR tpcds_partitioned_parquet_snap.customer_address.ca_county = 'Jefferson County' OR tpcds_partitioned_parquet_snap.customer_address.ca_county = 'Lamar County' OR tpcds_partitioned_parquet_snap.customer_address.ca_county = 'Park County'
|  |  |  |     stored statistics:
|  |  |  |       table: rows=15.00M size=307.36MB
|  |  |  |       columns: all
|  |  |  |     extrapolated-rows=disabled max-scan-range-rows=1.58M
|  |  |  |     parquet dictionary predicates: tpcds_partitioned_parquet_snap.customer_address.ca_county = 'Allen County' OR tpcds_partitioned_parquet_snap.customer_address.ca_county = 'Dakota County' OR tpcds_partitioned_parquet_snap.customer_address.ca_county = 'Jefferson County' OR tpcds_partitioned_parquet_snap.customer_address.ca_county = 'Lamar County' OR tpcds_partitioned_parquet_snap.customer_address.ca_county = 'Park County'
|  |  |  |     mem-estimate=16.00MB mem-reservation=128.00KB thread-reservation=0
|  |  |  |     tuple-ids=4 row-size=30B cardinality=39.82K cost=4301159
|  |  |  |     in pipelines: 02(GETNEXT)
|  |  |  |
|  |  |  01:SCAN HDFS [tpcds_partitioned_parquet_snap.customer, RANDOM]
|  |  |     HDFS partitions=1/1 files=1 size=1.55GB
|  |  |     predicates: is_not_null_pred(tpcds_partitioned_parquet_snap.customer.c_customer_sk)
|  |  |     runtime filters: RF013[min_max] -> tpcds_partitioned_parquet_snap.customer.c_current_addr_sk, RF012[bloom] -> tpcds_partitioned_parquet_snap.customer.c_current_addr_sk
|  |  |     stored statistics:
|  |  |       table: rows=30.00M size=1.55GB
|  |  |       columns: all
|  |  |     extrapolated-rows=disabled max-scan-range-rows=3.10M
|  |  |     parquet dictionary predicates: is_not_null_pred(tpcds_partitioned_parquet_snap.customer.c_customer_sk)
|  |  |     mem-estimate=16.00MB mem-reservation=1.00MB thread-reservation=0
|  |  |     tuple-ids=2 row-size=12B cardinality=89.55K(filtered from 3.00M) cost=6027000
|  |  |     in pipelines: 01(GETNEXT)
|  |  |
|  |  00:SCAN HDFS [tpcds_partitioned_parquet_snap.customer_demographics, RANDOM]
|  |     HDFS partitions=1/1 files=1 size=11.15MB
|  |     runtime filters: RF011[min_max] -> tpcds_partitioned_parquet_snap.customer_demographics.cd_demo_sk, RF010[bloom] -> tpcds_partitioned_parquet_snap.customer_demographics.cd_demo_sk
|  |     stored statistics:
|  |       table: rows=1.92M size=11.15MB
|  |       columns: all
|  |     extrapolated-rows=disabled max-scan-range-rows=197.97K
|  |     mem-estimate=16.00MB mem-reservation=1.00MB thread-reservation=0
|  |     tuple-ids=0 row-size=87B cardinality=8.96K(filtered from 1.92M) cost=1066867
|  |     in pipelines: 00(GETNEXT)
|  |
|  24:EXCHANGE [HASH(tpcds_partitioned_parquet_snap.store_sales.ss_customer_sk)]
|  |  mem-estimate=10.82MB mem-reservation=0B thread-reservation=0
|  |  tuple-ids=6,8 row-size=20B cardinality=55.89M cost=13409046
|  |  in pipelines: 05(GETNEXT)
|  |
|  F05:PLAN FRAGMENT [RANDOM] hosts=10 instances=30 (adjusted from 120)
|  Per-Host Shared Resources: mem-estimate=2.00MB mem-reservation=2.00MB thread-reservation=0 runtime-filters-memory=2.00MB
|  Per-Instance Resources: mem-estimate=17.09MB mem-reservation=4.00MB thread-reservation=1
|  max-parallelism=30 segment-costs=[234146885]
|  07:HASH JOIN [INNER JOIN, BROADCAST]
|  |  hash-table-id=04
|  |  hash predicates: tpcds_partitioned_parquet_snap.store_sales.ss_sold_date_sk = tpcds_partitioned_parquet_snap.date_dim.d_date_sk
|  |  fk/pk conjuncts: tpcds_partitioned_parquet_snap.store_sales.ss_sold_date_sk = tpcds_partitioned_parquet_snap.date_dim.d_date_sk
|  |  mem-estimate=0B mem-reservation=0B spill-buffer=64.00KB thread-reservation=0
|  |  tuple-ids=6,8 row-size=20B cardinality=55.89M cost=24464942
|  |  in pipelines: 05(GETNEXT), 06(OPEN)
|  |
|  |--F17:PLAN FRAGMENT [RANDOM] hosts=10 instances=10
|  |  |  Per-Instance Resources: mem-estimate=6.83MB mem-reservation=6.81MB thread-reservation=1 runtime-filters-memory=1.00MB
|  |  |  max-parallelism=10 segment-costs=[268]
|  |  JOIN BUILD
|  |  |  join-table-id=04 plan-id=05 cohort-id=02
|  |  |  build expressions: tpcds_partitioned_parquet_snap.date_dim.d_date_sk
|  |  |  runtime filters: RF008[bloom] <- tpcds_partitioned_parquet_snap.date_dim.d_date_sk
|  |  |  mem-estimate=5.81MB mem-reservation=5.81MB spill-buffer=64.00KB thread-reservation=0 cost=118
|  |  |
|  |  21:EXCHANGE [BROADCAST]
|  |  |  mem-estimate=16.00KB mem-reservation=0B thread-reservation=0
|  |  |  tuple-ids=8 row-size=12B cardinality=118 cost=150
|  |  |  in pipelines: 06(GETNEXT)
|  |  |
|  |  F06:PLAN FRAGMENT [RANDOM] hosts=1 instances=1
|  |  Per-Instance Resources: mem-estimate=16.06MB mem-reservation=512.00KB thread-reservation=1
|  |  max-parallelism=1 segment-costs=[18786]
|  |  06:SCAN HDFS [tpcds_partitioned_parquet_snap.date_dim, RANDOM]
|  |     HDFS partitions=1/1 files=1 size=2.17MB
|  |     predicates: tpcds_partitioned_parquet_snap.date_dim.d_year = CAST(2001 AS INT), tpcds_partitioned_parquet_snap.date_dim.d_moy <= CAST(add(CAST(4 AS SMALLINT), CAST(3 AS SMALLINT)) AS INT), tpcds_partitioned_parquet_snap.date_dim.d_moy >= CAST(4 AS INT)
|  |     stored statistics:
|  |       table: rows=73.05K size=2.17MB
|  |       columns: all
|  |     extrapolated-rows=disabled max-scan-range-rows=73.05K
|  |     parquet statistics predicates: tpcds_partitioned_parquet_snap.date_dim.d_year = CAST(2001 AS INT), tpcds_partitioned_parquet_snap.date_dim.d_moy <= CAST(add(CAST(4 AS SMALLINT), CAST(3 AS SMALLINT)) AS INT), tpcds_partitioned_parquet_snap.date_dim.d_moy >= CAST(4 AS INT)
|  |     parquet dictionary predicates: tpcds_partitioned_parquet_snap.date_dim.d_year = CAST(2001 AS INT), tpcds_partitioned_parquet_snap.date_dim.d_moy <= CAST(add(CAST(4 AS SMALLINT), CAST(3 AS SMALLINT)) AS INT), tpcds_partitioned_parquet_snap.date_dim.d_moy >= CAST(4 AS INT)
|  |     mem-estimate=16.00MB mem-reservation=512.00KB thread-reservation=0
|  |     tuple-ids=8 row-size=12B cardinality=118 cost=18780
|  |     in pipelines: 06(GETNEXT)
|  |
|  05:SCAN HDFS [tpcds_partitioned_parquet_snap.store_sales, RANDOM]
|     HDFS partitions=1824/1824 files=1824 size=389.90GB
|     predicates: is_not_null_pred(tpcds_partitioned_parquet_snap.store_sales.ss_customer_sk)
|     runtime filters: RF007[min_max] -> tpcds_partitioned_parquet_snap.store_sales.ss_customer_sk, RF006[bloom] -> tpcds_partitioned_parquet_snap.store_sales.ss_customer_sk, RF008[bloom] -> tpcds_partitioned_parquet_snap.store_sales.ss_sold_date_sk
|     stored statistics:
|       table: rows=8.64G size=389.90GB
|       partitions: 1824/1824 rows=8.64G
|       columns: all
|     extrapolated-rows=disabled max-scan-range-rows=390.22M est-scan-range=119(filtered from 1824)
|     parquet dictionary predicates: is_not_null_pred(tpcds_partitioned_parquet_snap.store_sales.ss_customer_sk)
|     mem-estimate=16.00MB mem-reservation=4.00MB thread-reservation=0
|     tuple-ids=6 row-size=8B cardinality=55.89M(filtered from 863.99M) cost=80096557
|     in pipelines: 05(GETNEXT)
|
26:EXCHANGE [HASH(CUSTOMER_SK)]
|  mem-estimate=10.16MB mem-reservation=0B thread-reservation=0
|  tuple-ids=18 row-size=4B cardinality=41.81M cost=5414978
|  in pipelines: 10(GETNEXT), 13(GETNEXT)
|
F04:PLAN FRAGMENT [RANDOM] hosts=10 instances=20 (adjusted from 120)
Per-Host Shared Resources: mem-estimate=3.00MB mem-reservation=3.00MB thread-reservation=0 runtime-filters-memory=3.00MB
Per-Instance Resources: mem-estimate=16.31MB mem-reservation=1.00MB thread-reservation=1
max-parallelism=20 segment-costs=[112141478]
09:UNION
|  mem-estimate=0B mem-reservation=0B thread-reservation=0
|  tuple-ids=18 row-size=4B cardinality=41.81M cost=1604840
|  in pipelines: 10(GETNEXT), 13(GETNEXT)
|
|--15:HASH JOIN [INNER JOIN, BROADCAST]
|  |  hash-table-id=06
|  |  hash predicates: tpcds_partitioned_parquet_snap.catalog_sales.cs_sold_date_sk = tpcds_partitioned_parquet_snap.date_dim_1.d_date_sk
|  |  fk/pk conjuncts: tpcds_partitioned_parquet_snap.catalog_sales.cs_sold_date_sk = tpcds_partitioned_parquet_snap.date_dim_1.d_date_sk
|  |  mem-estimate=0B mem-reservation=0B spill-buffer=64.00KB thread-reservation=0
|  |  tuple-ids=14,16 row-size=20B cardinality=27.84M cost=12186017
|  |  in pipelines: 13(GETNEXT), 14(OPEN)
|  |
|  |--F19:PLAN FRAGMENT [RANDOM] hosts=10 instances=10
|  |  |  Per-Instance Resources: mem-estimate=4.89MB mem-reservation=4.88MB thread-reservation=1 runtime-filters-memory=1.00MB
|  |  |  max-parallelism=10 segment-costs=[268]
|  |  JOIN BUILD
|  |  |  join-table-id=06 plan-id=07 cohort-id=01
|  |  |  build expressions: tpcds_partitioned_parquet_snap.date_dim_1.d_date_sk
|  |  |  runtime filters: RF004[bloom] <- tpcds_partitioned_parquet_snap.date_dim_1.d_date_sk
|  |  |  mem-estimate=3.88MB mem-reservation=3.88MB spill-buffer=64.00KB thread-reservation=0 cost=118
|  |  |
|  |  20:EXCHANGE [BROADCAST]
|  |  |  mem-estimate=16.00KB mem-reservation=0B thread-reservation=0
|  |  |  tuple-ids=16 row-size=12B cardinality=118 cost=150
|  |  |  in pipelines: 14(GETNEXT)
|  |  |
|  |  F03:PLAN FRAGMENT [RANDOM] hosts=1 instances=1
|  |  Per-Instance Resources: mem-estimate=16.06MB mem-reservation=512.00KB thread-reservation=1
|  |  max-parallelism=1 segment-costs=[18786]
|  |  14:SCAN HDFS [tpcds_partitioned_parquet_snap.date_dim, RANDOM]
|  |     HDFS partitions=1/1 files=1 size=2.17MB
|  |     predicates: tpcds_partitioned_parquet_snap.date_dim_1.d_year = CAST(2001 AS INT), tpcds_partitioned_parquet_snap.date_dim_1.d_moy <= CAST(add(CAST(4 AS SMALLINT), CAST(3 AS SMALLINT)) AS INT), tpcds_partitioned_parquet_snap.date_dim_1.d_moy >= CAST(4 AS INT)
|  |     stored statistics:
|  |       table: rows=73.05K size=2.17MB
|  |       columns: all
|  |     extrapolated-rows=disabled max-scan-range-rows=73.05K
|  |     parquet statistics predicates: tpcds_partitioned_parquet_snap.date_dim_1.d_year = CAST(2001 AS INT), tpcds_partitioned_parquet_snap.date_dim_1.d_moy <= CAST(add(CAST(4 AS SMALLINT), CAST(3 AS SMALLINT)) AS INT), tpcds_partitioned_parquet_snap.date_dim_1.d_moy >= CAST(4 AS INT)
|  |     parquet dictionary predicates: tpcds_partitioned_parquet_snap.date_dim_1.d_year = CAST(2001 AS INT), tpcds_partitioned_parquet_snap.date_dim_1.d_moy <= CAST(add(CAST(4 AS SMALLINT), CAST(3 AS SMALLINT)) AS INT), tpcds_partitioned_parquet_snap.date_dim_1.d_moy >= CAST(4 AS INT)
|  |     mem-estimate=16.00MB mem-reservation=512.00KB thread-reservation=0
|  |     tuple-ids=16 row-size=12B cardinality=118 cost=18780
|  |     in pipelines: 14(GETNEXT)
|  |
|  13:SCAN HDFS [tpcds_partitioned_parquet_snap.catalog_sales, RANDOM]
|     HDFS partitions=1831/1831 files=1831 size=280.96GB
|     predicates: is_not_null_pred(tpcds_partitioned_parquet_snap.catalog_sales.cs_ship_customer_sk)
|     runtime filters: RF001[min_max] -> tpcds_partitioned_parquet_snap.catalog_sales.cs_ship_customer_sk, RF000[bloom] -> tpcds_partitioned_parquet_snap.catalog_sales.cs_ship_customer_sk, RF004[bloom] -> tpcds_partitioned_parquet_snap.catalog_sales.cs_sold_date_sk
|     stored statistics:
|       table: rows=4.32G size=280.96GB
|       partitions: 1831/1831 rows=4.32G
|       columns: all
|     extrapolated-rows=disabled max-scan-range-rows=21.52M est-scan-range=118(filtered from 1831)
|     parquet dictionary predicates: is_not_null_pred(tpcds_partitioned_parquet_snap.catalog_sales.cs_ship_customer_sk)
|     mem-estimate=16.00MB mem-reservation=1.00MB thread-reservation=0
|     tuple-ids=14 row-size=8B cardinality=27.84M(filtered from 432.01M) cost=39896191
|     in pipelines: 13(GETNEXT)
|
12:HASH JOIN [INNER JOIN, BROADCAST]
|  hash-table-id=05
|  hash predicates: tpcds_partitioned_parquet_snap.web_sales.ws_sold_date_sk = tpcds_partitioned_parquet_snap.date_dim_0.d_date_sk
|  fk/pk conjuncts: tpcds_partitioned_parquet_snap.web_sales.ws_sold_date_sk = tpcds_partitioned_parquet_snap.date_dim_0.d_date_sk
|  mem-estimate=0B mem-reservation=0B spill-buffer=64.00KB thread-reservation=0
|  tuple-ids=10,12 row-size=20B cardinality=13.97M cost=6116190
|  in pipelines: 10(GETNEXT), 11(OPEN)
|
|--F18:PLAN FRAGMENT [RANDOM] hosts=10 instances=10
|  |  Per-Instance Resources: mem-estimate=4.89MB mem-reservation=4.88MB thread-reservation=1 runtime-filters-memory=1.00MB
|  |  max-parallelism=10 segment-costs=[268]
|  JOIN BUILD
|  |  join-table-id=05 plan-id=06 cohort-id=01
|  |  build expressions: tpcds_partitioned_parquet_snap.date_dim_0.d_date_sk
|  |  runtime filters: RF002[bloom] <- tpcds_partitioned_parquet_snap.date_dim_0.d_date_sk
|  |  mem-estimate=3.88MB mem-reservation=3.88MB spill-buffer=64.00KB thread-reservation=0 cost=118
|  |
|  19:EXCHANGE [BROADCAST]
|  |  mem-estimate=16.00KB mem-reservation=0B thread-reservation=0
|  |  tuple-ids=12 row-size=12B cardinality=118 cost=150
|  |  in pipelines: 11(GETNEXT)
|  |
|  F01:PLAN FRAGMENT [RANDOM] hosts=1 instances=1
|  Per-Instance Resources: mem-estimate=16.06MB mem-reservation=512.00KB thread-reservation=1
|  max-parallelism=1 segment-costs=[18786]
|  11:SCAN HDFS [tpcds_partitioned_parquet_snap.date_dim, RANDOM]
|     HDFS partitions=1/1 files=1 size=2.17MB
|     predicates: tpcds_partitioned_parquet_snap.date_dim_0.d_year = CAST(2001 AS INT), tpcds_partitioned_parquet_snap.date_dim_0.d_moy <= CAST(add(CAST(4 AS SMALLINT), CAST(3 AS SMALLINT)) AS INT), tpcds_partitioned_parquet_snap.date_dim_0.d_moy >= CAST(4 AS INT)
|     stored statistics:
|       table: rows=73.05K size=2.17MB
|       columns: all
|     extrapolated-rows=disabled max-scan-range-rows=73.05K
|     parquet statistics predicates: tpcds_partitioned_parquet_snap.date_dim_0.d_year = CAST(2001 AS INT), tpcds_partitioned_parquet_snap.date_dim_0.d_moy <= CAST(add(CAST(4 AS SMALLINT), CAST(3 AS SMALLINT)) AS INT), tpcds_partitioned_parquet_snap.date_dim_0.d_moy >= CAST(4 AS INT)
|     parquet dictionary predicates: tpcds_partitioned_parquet_snap.date_dim_0.d_year = CAST(2001 AS INT), tpcds_partitioned_parquet_snap.date_dim_0.d_moy <= CAST(add(CAST(4 AS SMALLINT), CAST(3 AS SMALLINT)) AS INT), tpcds_partitioned_parquet_snap.date_dim_0.d_moy >= CAST(4 AS INT)
|     mem-estimate=16.00MB mem-reservation=512.00KB thread-reservation=0
|     tuple-ids=12 row-size=12B cardinality=118 cost=18780
|     in pipelines: 11(GETNEXT)
|
10:SCAN HDFS [tpcds_partitioned_parquet_snap.web_sales, RANDOM]
   HDFS partitions=1824/1824 files=1824 size=145.75GB
   predicates: is_not_null_pred(tpcds_partitioned_parquet_snap.web_sales.ws_bill_customer_sk)
   runtime filters: RF001[min_max] -> tpcds_partitioned_parquet_snap.web_sales.ws_bill_customer_sk, RF000[bloom] -> tpcds_partitioned_parquet_snap.web_sales.ws_bill_customer_sk, RF002[bloom] -> tpcds_partitioned_parquet_snap.web_sales.ws_sold_date_sk
   stored statistics:
     table: rows=2.16G size=145.75GB
     partitions: 1824/1824 rows=2.16G
     columns: all
   extrapolated-rows=disabled max-scan-range-rows=3.37M est-scan-range=119(filtered from 1824)
   parquet dictionary predicates: is_not_null_pred(tpcds_partitioned_parquet_snap.web_sales.ws_bill_customer_sk)
   mem-estimate=16.00MB mem-reservation=128.00KB thread-reservation=0
   tuple-ids=10 row-size=8B cardinality=13.97M(filtered from 216.00M) cost=20023992
   in pipelines: 10(GETNEXT)
====
