# TPCDS-Q23b second of two queries
with frequent_ss_items as
 (select substr(i_item_desc,1,30) itemdesc,i_item_sk item_sk,d_date solddate,count(*) cnt
  from store_sales
      ,date_dim
      ,item
  where ss_sold_date_sk = d_date_sk
    and ss_item_sk = i_item_sk
    and d_year in (2000,2000 + 1,2000 + 2,2000 + 3)
  group by substr(i_item_desc,1,30),i_item_sk,d_date
  having count(*) >4),
 max_store_sales as
 (select max(csales) tpcds_cmax
  from (select c_customer_sk,sum(ss_quantity*ss_sales_price) csales
        from store_sales
            ,customer
            ,date_dim
        where ss_customer_sk = c_customer_sk
         and ss_sold_date_sk = d_date_sk
         and d_year in (2000,2000+1,2000+2,2000+3)
        group by c_customer_sk) x),
 best_ss_customer as
 (select c_customer_sk,sum(ss_quantity*ss_sales_price) ssales
  from store_sales
      ,customer
  where ss_customer_sk = c_customer_sk
  group by c_customer_sk
  having sum(ss_quantity*ss_sales_price) > (95/100.0) * (select
  *
 from max_store_sales))
  select  c_last_name,c_first_name,sales
 from (select c_last_name,c_first_name,sum(cs_quantity*cs_list_price) sales
        from catalog_sales
            ,customer
            ,date_dim
        where d_year = 2000
         and d_moy = 5
         and cs_sold_date_sk = d_date_sk
         and cs_item_sk in (select item_sk from frequent_ss_items)
         and cs_bill_customer_sk in (select c_customer_sk from best_ss_customer)
         and cs_bill_customer_sk = c_customer_sk
       group by c_last_name,c_first_name
      union all
      select c_last_name,c_first_name,sum(ws_quantity*ws_list_price) sales
       from web_sales
           ,customer
           ,date_dim
       where d_year = 2000
         and d_moy = 5
         and ws_sold_date_sk = d_date_sk
         and ws_item_sk in (select item_sk from frequent_ss_items)
         and ws_bill_customer_sk in (select c_customer_sk from best_ss_customer)
         and ws_bill_customer_sk = c_customer_sk
       group by c_last_name,c_first_name) y
     order by c_last_name,c_first_name,sales
  limit 100

# end query 23 in stream 0 using template query23.tpl
---- PLAN
Max Per-Host Resource Reservation: Memory=324.56MB Threads=1
Per-Host Resource Estimates: Memory=55.60GB
F00:PLAN FRAGMENT [UNPARTITIONED] hosts=1 instances=1
|  Per-Instance Resources: mem-estimate=55.60GB mem-reservation=324.56MB thread-reservation=1 runtime-filters-memory=70.00MB
|  max-parallelism=1 segment-costs=[46654894418, 198090266, 7468853018, 9125193214, 2100000, 998195348, 46654894418, 198090266, 7468853018, 9125193214, 2100000, 598354507, 721685539, 300]
PLAN-ROOT SINK
|  output exprs: C_LAST_NAME, C_FIRST_NAME, SALES
|  mem-estimate=4.00MB mem-reservation=4.00MB spill-buffer=2.00MB thread-reservation=0 cost=300
|
55:TOP-N [LIMIT=100]
|  order by: C_LAST_NAME ASC NULLS LAST, C_FIRST_NAME ASC NULLS LAST, SALES ASC NULLS LAST
|  mem-estimate=3.91KB mem-reservation=0B thread-reservation=0
|  tuple-ids=57 row-size=40B cardinality=100 cost=721685539
|  in pipelines: 55(GETNEXT), 27(OPEN), 54(OPEN)
|
00:UNION
|  pass-through-operands: all
|  mem-estimate=0B mem-reservation=0B thread-reservation=0
|  tuple-ids=56 row-size=40B cardinality=50.05M cost=0
|  in pipelines: 27(GETNEXT), 54(GETNEXT)
|
|--54:AGGREGATE [FINALIZE]
|  |  output: sum(multiply(CAST(tpcds_partitioned_parquet_snap.web_sales.ws_quantity AS DECIMAL(10,0)), tpcds_partitioned_parquet_snap.web_sales.ws_list_price))
|  |  group by: tpcds_partitioned_parquet_snap.customer_2.c_last_name, tpcds_partitioned_parquet_snap.customer_2.c_first_name
|  |  mem-estimate=1019.27MB mem-reservation=34.00MB spill-buffer=2.00MB thread-reservation=0
|  |  tuple-ids=55 row-size=52B cardinality=25.02M cost=288878349
|  |  in pipelines: 54(GETNEXT), 41(OPEN)
|  |
|  53:HASH JOIN [INNER JOIN]
|  |  hash predicates: tpcds_partitioned_parquet_snap.web_sales.ws_bill_customer_sk = tpcds_partitioned_parquet_snap.customer_2.c_customer_sk
|  |  fk/pk conjuncts: none
|  |  runtime filters: RF019[min_max] <- tpcds_partitioned_parquet_snap.customer_2.c_customer_sk
|  |  mem-estimate=1.87GB mem-reservation=34.00MB spill-buffer=2.00MB thread-reservation=0
|  |  tuple-ids=43,45,54,34,42,28 row-size=112B cardinality=127.76M cost=85922035
|  |  in pipelines: 41(GETNEXT), 28(OPEN)
|  |
|  |--28:SCAN HDFS [tpcds_partitioned_parquet_snap.customer]
|  |     HDFS partitions=1/1 files=1 size=1.55GB
|  |     predicates: tpcds_partitioned_parquet_snap.customer_2.c_customer_sk IS NOT NULL
|  |     stored statistics:
|  |       table: rows=30.00M size=1.55GB
|  |       columns: all
|  |     extrapolated-rows=disabled max-scan-range-rows=3.10M
|  |     parquet dictionary predicates: tpcds_partitioned_parquet_snap.customer_2.c_customer_sk IS NOT NULL
|  |     mem-estimate=16.00MB mem-reservation=1.00MB thread-reservation=0
|  |     tuple-ids=28 row-size=40B cardinality=30.00M cost=7740933
|  |     in pipelines: 28(GETNEXT)
|  |
|  52:HASH JOIN [INNER JOIN]
|  |  hash predicates: tpcds_partitioned_parquet_snap.web_sales.ws_bill_customer_sk = tpcds_partitioned_parquet_snap.customer_3.c_customer_sk
|  |  fk/pk conjuncts: none
|  |  runtime filters: RF021[min_max] <- tpcds_partitioned_parquet_snap.customer_3.c_customer_sk
|  |  mem-estimate=199.00MB mem-reservation=34.00MB spill-buffer=2.00MB thread-reservation=0
|  |  tuple-ids=43,45,54,34,42 row-size=72B cardinality=127.76M cost=58922035
|  |  in pipelines: 41(GETNEXT), 32(OPEN)
|  |
|  |--40:NESTED LOOP JOIN [INNER JOIN]
|  |  |  join predicates: sum(multiply(tpcds_partitioned_parquet_snap.store_sales_2.ss_quantity, tpcds_partitioned_parquet_snap.store_sales_2.ss_sales_price)) > multiply(CAST(0.950000 AS DECIMAL(10,6)), max(sum(multiply(tpcds_partitioned_parquet_snap.store_sales_3.ss_quantity, tpcds_partitioned_parquet_snap.store_sales_3.ss_sales_price))))
|  |  |  mem-estimate=16B mem-reservation=0B thread-reservation=0
|  |  |  tuple-ids=34,42 row-size=36B cardinality=3.00M cost=614700
|  |  |  in pipelines: 32(GETNEXT), 39(OPEN)
|  |  |
|  |  |--39:AGGREGATE [FINALIZE]
|  |  |  |  output: max(sum(multiply(tpcds_partitioned_parquet_snap.store_sales_3.ss_quantity, tpcds_partitioned_parquet_snap.store_sales_3.ss_sales_price)))
|  |  |  |  having: max(sum(multiply(tpcds_partitioned_parquet_snap.store_sales_3.ss_quantity, tpcds_partitioned_parquet_snap.store_sales_3.ss_sales_price))) IS NOT NULL
|  |  |  |  mem-estimate=16.00KB mem-reservation=0B spill-buffer=2.00MB thread-reservation=0
|  |  |  |  tuple-ids=42 row-size=16B cardinality=1 cost=2100000
|  |  |  |  in pipelines: 39(GETNEXT), 38(OPEN)
|  |  |  |
|  |  |  38:AGGREGATE [FINALIZE]
|  |  |  |  output: sum(multiply(CAST(tpcds_partitioned_parquet_snap.store_sales_3.ss_quantity AS DECIMAL(10,0)), tpcds_partitioned_parquet_snap.store_sales_3.ss_sales_price))
|  |  |  |  group by: tpcds_partitioned_parquet_snap.customer_4.c_customer_sk
|  |  |  |  mem-estimate=915.53MB mem-reservation=34.00MB spill-buffer=2.00MB thread-reservation=0
|  |  |  |  tuple-ids=41 row-size=20B cardinality=30.00M cost=1807432333
|  |  |  |  in pipelines: 38(GETNEXT), 33(OPEN)
|  |  |  |
|  |  |  37:HASH JOIN [INNER JOIN]
|  |  |  |  hash predicates: tpcds_partitioned_parquet_snap.store_sales_3.ss_customer_sk = tpcds_partitioned_parquet_snap.customer_4.c_customer_sk
|  |  |  |  fk/pk conjuncts: tpcds_partitioned_parquet_snap.store_sales_3.ss_customer_sk = tpcds_partitioned_parquet_snap.customer_4.c_customer_sk
|  |  |  |  runtime filters: RF032[bloom] <- tpcds_partitioned_parquet_snap.customer_4.c_customer_sk, RF033[min_max] <- tpcds_partitioned_parquet_snap.customer_4.c_customer_sk
|  |  |  |  mem-estimate=882.44MB mem-reservation=34.00MB spill-buffer=2.00MB thread-reservation=0
|  |  |  |  tuple-ids=35,37,39 row-size=28B cardinality=5.91G cost=2753117041
|  |  |  |  in pipelines: 33(GETNEXT), 36(OPEN)
|  |  |  |
|  |  |  |--36:SCAN HDFS [tpcds_partitioned_parquet_snap.customer]
|  |  |  |     HDFS partitions=1/1 files=1 size=1.55GB
|  |  |  |     predicates: tpcds_partitioned_parquet_snap.customer_4.c_customer_sk IS NOT NULL
|  |  |  |     stored statistics:
|  |  |  |       table: rows=30.00M size=1.55GB
|  |  |  |       columns: all
|  |  |  |     extrapolated-rows=disabled max-scan-range-rows=3.10M
|  |  |  |     parquet dictionary predicates: tpcds_partitioned_parquet_snap.customer_4.c_customer_sk IS NOT NULL
|  |  |  |     mem-estimate=16.00MB mem-reservation=1.00MB thread-reservation=0
|  |  |  |     tuple-ids=39 row-size=4B cardinality=30.00M cost=2571000
|  |  |  |     in pipelines: 36(GETNEXT)
|  |  |  |
|  |  |  35:HASH JOIN [INNER JOIN]
|  |  |  |  hash predicates: tpcds_partitioned_parquet_snap.store_sales_3.ss_sold_date_sk = tpcds_partitioned_parquet_snap.date_dim_2.d_date_sk
|  |  |  |  fk/pk conjuncts: tpcds_partitioned_parquet_snap.store_sales_3.ss_sold_date_sk = tpcds_partitioned_parquet_snap.date_dim_2.d_date_sk
|  |  |  |  runtime filters: RF034[bloom] <- tpcds_partitioned_parquet_snap.date_dim_2.d_date_sk
|  |  |  |  mem-estimate=1.94MB mem-reservation=1.94MB spill-buffer=64.00KB thread-reservation=0
|  |  |  |  tuple-ids=35,37 row-size=24B cardinality=6.44G cost=2818840159
|  |  |  |  in pipelines: 33(GETNEXT), 34(OPEN)
|  |  |  |
|  |  |  |--34:SCAN HDFS [tpcds_partitioned_parquet_snap.date_dim]
|  |  |  |     HDFS partitions=1/1 files=1 size=2.17MB
|  |  |  |     predicates: tpcds_partitioned_parquet_snap.date_dim_2.d_year IN (CAST(2000 AS INT), CAST(2001 AS INT), CAST(2002 AS INT), CAST(2003 AS INT)), tpcds_partitioned_parquet_snap.date_dim_2.d_date_sk IS NOT NULL
|  |  |  |     stored statistics:
|  |  |  |       table: rows=73.05K size=2.17MB
|  |  |  |       columns: all
|  |  |  |     extrapolated-rows=disabled max-scan-range-rows=73.05K
|  |  |  |     parquet statistics predicates: tpcds_partitioned_parquet_snap.date_dim_2.d_year IN (CAST(2000 AS INT), CAST(2001 AS INT), CAST(2002 AS INT), CAST(2003 AS INT))
|  |  |  |     parquet dictionary predicates: tpcds_partitioned_parquet_snap.date_dim_2.d_year IN (CAST(2000 AS INT), CAST(2001 AS INT), CAST(2002 AS INT), CAST(2003 AS INT)), tpcds_partitioned_parquet_snap.date_dim_2.d_date_sk IS NOT NULL
|  |  |  |     mem-estimate=16.00MB mem-reservation=512.00KB thread-reservation=0
|  |  |  |     tuple-ids=37 row-size=8B cardinality=1.49K cost=12520
|  |  |  |     in pipelines: 34(GETNEXT)
|  |  |  |
|  |  |  33:SCAN HDFS [tpcds_partitioned_parquet_snap.store_sales]
|  |  |     partition predicates: tpcds_partitioned_parquet_snap.store_sales_3.ss_sold_date_sk IS NOT NULL
|  |  |     HDFS partitions=1823/1824 files=1823 size=389.69GB
|  |  |     predicates: tpcds_partitioned_parquet_snap.store_sales_3.ss_customer_sk IS NOT NULL
|  |  |     runtime filters: RF033[min_max] -> tpcds_partitioned_parquet_snap.store_sales_3.ss_customer_sk, RF034[bloom] -> tpcds_partitioned_parquet_snap.store_sales_3.ss_sold_date_sk, RF032[bloom] -> tpcds_partitioned_parquet_snap.store_sales_3.ss_customer_sk
|  |  |     stored statistics:
|  |  |       table: rows=8.64G size=389.90GB
|  |  |       partitions: 1823/1823 rows=8.25G
|  |  |       columns: all
|  |  |     extrapolated-rows=disabled max-scan-range-rows=12.24M est-scan-range=1491(filtered from 1823)
|  |  |     parquet dictionary predicates: tpcds_partitioned_parquet_snap.store_sales_3.ss_customer_sk IS NOT NULL
|  |  |     mem-estimate=16.00MB mem-reservation=512.00KB thread-reservation=0
|  |  |     tuple-ids=35 row-size=16B cardinality=6.44G(filtered from 7.88G) cost=1743220161
|  |  |     in pipelines: 33(GETNEXT)
|  |  |
|  |  32:AGGREGATE [FINALIZE]
|  |  |  output: sum(multiply(CAST(tpcds_partitioned_parquet_snap.store_sales_2.ss_quantity AS DECIMAL(10,0)), tpcds_partitioned_parquet_snap.store_sales_2.ss_sales_price))
|  |  |  group by: tpcds_partitioned_parquet_snap.customer_3.c_customer_sk
|  |  |  having: sum(multiply(tpcds_partitioned_parquet_snap.store_sales_2.ss_quantity, tpcds_partitioned_parquet_snap.store_sales_2.ss_sales_price)) IS NOT NULL
|  |  |  mem-estimate=915.53MB mem-reservation=34.00MB spill-buffer=2.00MB thread-reservation=0
|  |  |  tuple-ids=34 row-size=20B cardinality=3.00M cost=2293697465
|  |  |  in pipelines: 32(GETNEXT), 29(OPEN)
|  |  |
|  |  31:HASH JOIN [INNER JOIN]
|  |  |  hash predicates: tpcds_partitioned_parquet_snap.store_sales_2.ss_customer_sk = tpcds_partitioned_parquet_snap.customer_3.c_customer_sk
|  |  |  fk/pk conjuncts: tpcds_partitioned_parquet_snap.store_sales_2.ss_customer_sk = tpcds_partitioned_parquet_snap.customer_3.c_customer_sk
|  |  |  runtime filters: RF030[bloom] <- tpcds_partitioned_parquet_snap.customer_3.c_customer_sk, RF031[min_max] <- tpcds_partitioned_parquet_snap.customer_3.c_customer_sk
|  |  |  mem-estimate=882.44MB mem-reservation=34.00MB spill-buffer=2.00MB thread-reservation=0
|  |  |  tuple-ids=30,32 row-size=16B cardinality=7.57G cost=3436821573
|  |  |  in pipelines: 29(GETNEXT), 30(OPEN)
|  |  |
|  |  |--30:SCAN HDFS [tpcds_partitioned_parquet_snap.customer]
|  |  |     HDFS partitions=1/1 files=1 size=1.55GB
|  |  |     predicates: tpcds_partitioned_parquet_snap.customer_3.c_customer_sk IS NOT NULL
|  |  |     runtime filters: RF019[min_max] -> tpcds_partitioned_parquet_snap.customer_3.c_customer_sk
|  |  |     stored statistics:
|  |  |       table: rows=30.00M size=1.55GB
|  |  |       columns: all
|  |  |     extrapolated-rows=disabled max-scan-range-rows=3.10M
|  |  |     parquet dictionary predicates: tpcds_partitioned_parquet_snap.customer_3.c_customer_sk IS NOT NULL
|  |  |     mem-estimate=16.00MB mem-reservation=1.00MB thread-reservation=0
|  |  |     tuple-ids=32 row-size=4B cardinality=30.00M cost=2571000
|  |  |     in pipelines: 30(GETNEXT)
|  |  |
|  |  29:SCAN HDFS [tpcds_partitioned_parquet_snap.store_sales]
|  |     HDFS partitions=1824/1824 files=1824 size=389.90GB
|  |     predicates: tpcds_partitioned_parquet_snap.store_sales_2.ss_customer_sk IS NOT NULL
|  |     runtime filters: RF031[min_max] -> tpcds_partitioned_parquet_snap.store_sales_2.ss_customer_sk, RF019[min_max] -> tpcds_partitioned_parquet_snap.store_sales_2.ss_customer_sk, RF030[bloom] -> tpcds_partitioned_parquet_snap.store_sales_2.ss_customer_sk
|  |     stored statistics:
|  |       table: rows=8.64G size=389.90GB
|  |       partitions: 1824/1824 rows=8.64G
|  |       columns: all
|  |     extrapolated-rows=disabled max-scan-range-rows=390.22M
|  |     parquet dictionary predicates: tpcds_partitioned_parquet_snap.store_sales_2.ss_customer_sk IS NOT NULL
|  |     mem-estimate=16.00MB mem-reservation=8.00MB thread-reservation=0
|  |     tuple-ids=30 row-size=12B cardinality=7.93G(filtered from 8.25G) cost=1735762980
|  |     in pipelines: 29(GETNEXT)
|  |
|  51:HASH JOIN [INNER JOIN]
|  |  hash predicates: tpcds_partitioned_parquet_snap.web_sales.ws_item_sk = tpcds_partitioned_parquet_snap.item_0.i_item_sk
|  |  fk/pk conjuncts: tpcds_partitioned_parquet_snap.web_sales.ws_item_sk = tpcds_partitioned_parquet_snap.item_0.i_item_sk
|  |  runtime filters: RF023[min_max] <- tpcds_partitioned_parquet_snap.item_0.i_item_sk
|  |  mem-estimate=17.00MB mem-reservation=17.00MB spill-buffer=1.00MB thread-reservation=0
|  |  tuple-ids=43,45,54 row-size=36B cardinality=127.76M cost=56298421
|  |  in pipelines: 41(GETNEXT), 50(OPEN)
|  |
|  |--50:AGGREGATE [FINALIZE]
|  |  |  group by: tpcds_partitioned_parquet_snap.item_0.i_item_sk
|  |  |  mem-estimate=10.00MB mem-reservation=8.50MB spill-buffer=512.00KB thread-reservation=0
|  |  |  tuple-ids=54 row-size=4B cardinality=360.00K cost=198090266
|  |  |  in pipelines: 50(GETNEXT), 49(OPEN)
|  |  |
|  |  49:AGGREGATE [FINALIZE]
|  |  |  output: count()
|  |  |  group by: substr(tpcds_partitioned_parquet_snap.item_0.i_item_desc, CAST(1 AS BIGINT), CAST(30 AS BIGINT)), tpcds_partitioned_parquet_snap.item_0.i_item_sk, tpcds_partitioned_parquet_snap.date_dim_4.d_date
|  |  |  having: count() > CAST(4 AS BIGINT)
|  |  |  mem-estimate=50.00GB mem-reservation=34.00MB spill-buffer=2.00MB thread-reservation=0
|  |  |  tuple-ids=53 row-size=28B cardinality=674.02M cost=39784870914
|  |  |  in pipelines: 49(GETNEXT), 44(OPEN)
|  |  |
|  |  48:HASH JOIN [INNER JOIN]
|  |  |  hash predicates: tpcds_partitioned_parquet_snap.store_sales_4.ss_item_sk = tpcds_partitioned_parquet_snap.item_0.i_item_sk
|  |  |  fk/pk conjuncts: tpcds_partitioned_parquet_snap.store_sales_4.ss_item_sk = tpcds_partitioned_parquet_snap.item_0.i_item_sk
|  |  |  runtime filters: RF027[min_max] <- tpcds_partitioned_parquet_snap.item_0.i_item_sk
|  |  |  mem-estimate=52.03MB mem-reservation=34.00MB spill-buffer=2.00MB thread-reservation=0
|  |  |  tuple-ids=47,49,51 row-size=137B cardinality=6.74G cost=2951422313
|  |  |  in pipelines: 44(GETNEXT), 47(OPEN)
|  |  |
|  |  |--47:SCAN HDFS [tpcds_partitioned_parquet_snap.item]
|  |  |     HDFS partitions=1/1 files=1 size=33.54MB
|  |  |     predicates: tpcds_partitioned_parquet_snap.item_0.i_item_sk IS NOT NULL
|  |  |     stored statistics:
|  |  |       table: rows=360.00K size=33.54MB
|  |  |       columns: all
|  |  |     extrapolated-rows=disabled max-scan-range-rows=101.54K
|  |  |     parquet dictionary predicates: tpcds_partitioned_parquet_snap.item_0.i_item_sk IS NOT NULL
|  |  |     mem-estimate=16.00MB mem-reservation=512.00KB thread-reservation=0
|  |  |     tuple-ids=51 row-size=117B cardinality=360.00K cost=552359
|  |  |     in pipelines: 47(GETNEXT)
|  |  |
|  |  46:HASH JOIN [INNER JOIN]
|  |  |  hash predicates: tpcds_partitioned_parquet_snap.store_sales_4.ss_sold_date_sk = tpcds_partitioned_parquet_snap.date_dim_4.d_date_sk
|  |  |  fk/pk conjuncts: tpcds_partitioned_parquet_snap.store_sales_4.ss_sold_date_sk = tpcds_partitioned_parquet_snap.date_dim_4.d_date_sk
|  |  |  runtime filters: RF028[bloom] <- tpcds_partitioned_parquet_snap.date_dim_4.d_date_sk
|  |  |  mem-estimate=1.94MB mem-reservation=1.94MB spill-buffer=64.00KB thread-reservation=0
|  |  |  tuple-ids=47,49 row-size=20B cardinality=6.74G cost=2951674468
|  |  |  in pipelines: 44(GETNEXT), 45(OPEN)
|  |  |
|  |  |--45:SCAN HDFS [tpcds_partitioned_parquet_snap.date_dim]
|  |  |     HDFS partitions=1/1 files=1 size=2.17MB
|  |  |     predicates: tpcds_partitioned_parquet_snap.date_dim_4.d_year IN (CAST(2000 AS INT), CAST(2001 AS INT), CAST(2002 AS INT), CAST(2003 AS INT)), tpcds_partitioned_parquet_snap.date_dim_4.d_date_sk IS NOT NULL
|  |  |     stored statistics:
|  |  |       table: rows=73.05K size=2.17MB
|  |  |       columns: all
|  |  |     extrapolated-rows=disabled max-scan-range-rows=73.05K
|  |  |     parquet statistics predicates: tpcds_partitioned_parquet_snap.date_dim_4.d_year IN (CAST(2000 AS INT), CAST(2001 AS INT), CAST(2002 AS INT), CAST(2003 AS INT))
|  |  |     parquet dictionary predicates: tpcds_partitioned_parquet_snap.date_dim_4.d_year IN (CAST(2000 AS INT), CAST(2001 AS INT), CAST(2002 AS INT), CAST(2003 AS INT)), tpcds_partitioned_parquet_snap.date_dim_4.d_date_sk IS NOT NULL
|  |  |     mem-estimate=16.00MB mem-reservation=1.00MB thread-reservation=0
|  |  |     tuple-ids=49 row-size=12B cardinality=1.49K cost=16728
|  |  |     in pipelines: 45(GETNEXT)
|  |  |
|  |  44:SCAN HDFS [tpcds_partitioned_parquet_snap.store_sales]
|  |     partition predicates: tpcds_partitioned_parquet_snap.store_sales_4.ss_sold_date_sk IS NOT NULL
|  |     HDFS partitions=1823/1824 files=1823 size=389.69GB
|  |     predicates: tpcds_partitioned_parquet_snap.store_sales_4.ss_item_sk IS NOT NULL
|  |     runtime filters: RF027[min_max] -> tpcds_partitioned_parquet_snap.store_sales_4.ss_item_sk, RF028[bloom] -> tpcds_partitioned_parquet_snap.store_sales_4.ss_sold_date_sk
|  |     stored statistics:
|  |       table: rows=8.64G size=389.90GB
|  |       partitions: 1823/1823 rows=8.25G
|  |       columns: all
|  |     extrapolated-rows=disabled max-scan-range-rows=12.24M est-scan-range=1491(filtered from 1823)
|  |     parquet dictionary predicates: tpcds_partitioned_parquet_snap.store_sales_4.ss_item_sk IS NOT NULL
|  |     mem-estimate=16.00MB mem-reservation=512.00KB thread-reservation=0
|  |     tuple-ids=47 row-size=8B cardinality=6.74G(filtered from 8.25G) cost=966357636
|  |     in pipelines: 44(GETNEXT)
|  |
|  43:HASH JOIN [INNER JOIN]
|  |  hash predicates: tpcds_partitioned_parquet_snap.web_sales.ws_sold_date_sk = tpcds_partitioned_parquet_snap.date_dim_3.d_date_sk
|  |  fk/pk conjuncts: tpcds_partitioned_parquet_snap.web_sales.ws_sold_date_sk = tpcds_partitioned_parquet_snap.date_dim_3.d_date_sk
|  |  runtime filters: RF024[bloom] <- tpcds_partitioned_parquet_snap.date_dim_3.d_date_sk
|  |  mem-estimate=1.94MB mem-reservation=1.94MB spill-buffer=64.00KB thread-reservation=0
|  |  tuple-ids=43,45 row-size=32B cardinality=127.83M cost=55950104
|  |  in pipelines: 41(GETNEXT), 42(OPEN)
|  |
|  |--42:SCAN HDFS [tpcds_partitioned_parquet_snap.date_dim]
|  |     HDFS partitions=1/1 files=1 size=2.17MB
|  |     predicates: tpcds_partitioned_parquet_snap.date_dim_3.d_year = CAST(2000 AS INT), tpcds_partitioned_parquet_snap.date_dim_3.d_moy = CAST(5 AS INT), tpcds_partitioned_parquet_snap.date_dim_3.d_date_sk IS NOT NULL
|  |     stored statistics:
|  |       table: rows=73.05K size=2.17MB
|  |       columns: all
|  |     extrapolated-rows=disabled max-scan-range-rows=73.05K
|  |     parquet statistics predicates: tpcds_partitioned_parquet_snap.date_dim_3.d_year = CAST(2000 AS INT), tpcds_partitioned_parquet_snap.date_dim_3.d_moy = CAST(5 AS INT)
|  |     parquet dictionary predicates: tpcds_partitioned_parquet_snap.date_dim_3.d_year = CAST(2000 AS INT), tpcds_partitioned_parquet_snap.date_dim_3.d_moy = CAST(5 AS INT), tpcds_partitioned_parquet_snap.date_dim_3.d_date_sk IS NOT NULL
|  |     mem-estimate=16.00MB mem-reservation=512.00KB thread-reservation=0
|  |     tuple-ids=45 row-size=12B cardinality=108 cost=18780
|  |     in pipelines: 42(GETNEXT)
|  |
|  41:SCAN HDFS [tpcds_partitioned_parquet_snap.web_sales]
|     partition predicates: tpcds_partitioned_parquet_snap.web_sales.ws_sold_date_sk IS NOT NULL
|     HDFS partitions=1823/1824 files=1823 size=145.67GB
|     predicates: tpcds_partitioned_parquet_snap.web_sales.ws_bill_customer_sk IS NOT NULL, tpcds_partitioned_parquet_snap.web_sales.ws_item_sk IS NOT NULL
|     runtime filters: RF023[min_max] -> tpcds_partitioned_parquet_snap.web_sales.ws_item_sk, RF019[min_max] -> tpcds_partitioned_parquet_snap.web_sales.ws_bill_customer_sk, RF021[min_max] -> tpcds_partitioned_parquet_snap.web_sales.ws_bill_customer_sk, RF024[bloom] -> tpcds_partitioned_parquet_snap.web_sales.ws_sold_date_sk
|     stored statistics:
|       table: rows=2.16G size=145.75GB
|       partitions: 1823/1823 rows=2.16G
|       columns: all
|     extrapolated-rows=disabled max-scan-range-rows=3.37M est-scan-range=108(filtered from 1823)
|     parquet dictionary predicates: tpcds_partitioned_parquet_snap.web_sales.ws_bill_customer_sk IS NOT NULL, tpcds_partitioned_parquet_snap.web_sales.ws_item_sk IS NOT NULL
|     mem-estimate=16.00MB mem-reservation=128.00KB thread-reservation=0
|     tuple-ids=43 row-size=20B cardinality=127.83M(filtered from 2.16G) cost=44009150
|     in pipelines: 41(GETNEXT)
|
27:AGGREGATE [FINALIZE]
|  output: sum(multiply(CAST(tpcds_partitioned_parquet_snap.catalog_sales.cs_quantity AS DECIMAL(10,0)), tpcds_partitioned_parquet_snap.catalog_sales.cs_list_price))
|  group by: tpcds_partitioned_parquet_snap.customer_1.c_last_name, tpcds_partitioned_parquet_snap.customer_1.c_first_name
|  mem-estimate=1019.27MB mem-reservation=34.00MB spill-buffer=2.00MB thread-reservation=0
|  tuple-ids=27 row-size=52B cardinality=25.02M cost=431380928
|  in pipelines: 27(GETNEXT), 13(OPEN)
|
26:HASH JOIN [INNER JOIN]
|  hash predicates: tpcds_partitioned_parquet_snap.catalog_sales.cs_bill_customer_sk = tpcds_partitioned_parquet_snap.customer_1.c_customer_sk
|  fk/pk conjuncts: tpcds_partitioned_parquet_snap.catalog_sales.cs_bill_customer_sk = tpcds_partitioned_parquet_snap.customer_1.c_customer_sk
|  runtime filters: RF001[min_max] <- tpcds_partitioned_parquet_snap.customer_1.c_customer_sk
|  mem-estimate=1.87GB mem-reservation=34.00MB spill-buffer=2.00MB thread-reservation=0
|  tuple-ids=13,15,24,4,12,25 row-size=112B cardinality=231.47M cost=136619499
|  in pipelines: 13(GETNEXT), 25(OPEN)
|
|--25:SCAN HDFS [tpcds_partitioned_parquet_snap.customer]
|     HDFS partitions=1/1 files=1 size=1.55GB
|     predicates: tpcds_partitioned_parquet_snap.customer_1.c_customer_sk IS NOT NULL
|     stored statistics:
|       table: rows=30.00M size=1.55GB
|       columns: all
|     extrapolated-rows=disabled max-scan-range-rows=3.10M
|     parquet dictionary predicates: tpcds_partitioned_parquet_snap.customer_1.c_customer_sk IS NOT NULL
|     mem-estimate=16.00MB mem-reservation=1.00MB thread-reservation=0
|     tuple-ids=25 row-size=40B cardinality=30.00M cost=7740933
|     in pipelines: 25(GETNEXT)
|
24:HASH JOIN [INNER JOIN]
|  hash predicates: tpcds_partitioned_parquet_snap.catalog_sales.cs_bill_customer_sk = tpcds_partitioned_parquet_snap.customer.c_customer_sk
|  fk/pk conjuncts: none
|  runtime filters: RF003[min_max] <- tpcds_partitioned_parquet_snap.customer.c_customer_sk
|  mem-estimate=199.00MB mem-reservation=34.00MB spill-buffer=2.00MB thread-reservation=0
|  tuple-ids=13,15,24,4,12 row-size=72B cardinality=252.15M cost=113367334
|  in pipelines: 13(GETNEXT), 04(OPEN)
|
|--12:NESTED LOOP JOIN [INNER JOIN]
|  |  join predicates: sum(multiply(tpcds_partitioned_parquet_snap.store_sales.ss_quantity, tpcds_partitioned_parquet_snap.store_sales.ss_sales_price)) > multiply(CAST(0.950000 AS DECIMAL(10,6)), max(sum(multiply(tpcds_partitioned_parquet_snap.store_sales_0.ss_quantity, tpcds_partitioned_parquet_snap.store_sales_0.ss_sales_price))))
|  |  mem-estimate=16B mem-reservation=0B thread-reservation=0
|  |  tuple-ids=4,12 row-size=36B cardinality=3.00M cost=614700
|  |  in pipelines: 04(GETNEXT), 11(OPEN)
|  |
|  |--11:AGGREGATE [FINALIZE]
|  |  |  output: max(sum(multiply(tpcds_partitioned_parquet_snap.store_sales_0.ss_quantity, tpcds_partitioned_parquet_snap.store_sales_0.ss_sales_price)))
|  |  |  having: max(sum(multiply(tpcds_partitioned_parquet_snap.store_sales_0.ss_quantity, tpcds_partitioned_parquet_snap.store_sales_0.ss_sales_price))) IS NOT NULL
|  |  |  mem-estimate=16.00KB mem-reservation=0B spill-buffer=2.00MB thread-reservation=0
|  |  |  tuple-ids=12 row-size=16B cardinality=1 cost=2100000
|  |  |  in pipelines: 11(GETNEXT), 10(OPEN)
|  |  |
|  |  10:AGGREGATE [FINALIZE]
|  |  |  output: sum(multiply(CAST(tpcds_partitioned_parquet_snap.store_sales_0.ss_quantity AS DECIMAL(10,0)), tpcds_partitioned_parquet_snap.store_sales_0.ss_sales_price))
|  |  |  group by: tpcds_partitioned_parquet_snap.customer_0.c_customer_sk
|  |  |  mem-estimate=915.53MB mem-reservation=34.00MB spill-buffer=2.00MB thread-reservation=0
|  |  |  tuple-ids=11 row-size=20B cardinality=30.00M cost=1807432333
|  |  |  in pipelines: 10(GETNEXT), 05(OPEN)
|  |  |
|  |  09:HASH JOIN [INNER JOIN]
|  |  |  hash predicates: tpcds_partitioned_parquet_snap.store_sales_0.ss_customer_sk = tpcds_partitioned_parquet_snap.customer_0.c_customer_sk
|  |  |  fk/pk conjuncts: tpcds_partitioned_parquet_snap.store_sales_0.ss_customer_sk = tpcds_partitioned_parquet_snap.customer_0.c_customer_sk
|  |  |  runtime filters: RF014[bloom] <- tpcds_partitioned_parquet_snap.customer_0.c_customer_sk, RF015[min_max] <- tpcds_partitioned_parquet_snap.customer_0.c_customer_sk
|  |  |  mem-estimate=882.44MB mem-reservation=34.00MB spill-buffer=2.00MB thread-reservation=0
|  |  |  tuple-ids=5,7,9 row-size=28B cardinality=5.91G cost=2753117041
|  |  |  in pipelines: 05(GETNEXT), 08(OPEN)
|  |  |
|  |  |--08:SCAN HDFS [tpcds_partitioned_parquet_snap.customer]
|  |  |     HDFS partitions=1/1 files=1 size=1.55GB
|  |  |     predicates: tpcds_partitioned_parquet_snap.customer_0.c_customer_sk IS NOT NULL
|  |  |     stored statistics:
|  |  |       table: rows=30.00M size=1.55GB
|  |  |       columns: all
|  |  |     extrapolated-rows=disabled max-scan-range-rows=3.10M
|  |  |     parquet dictionary predicates: tpcds_partitioned_parquet_snap.customer_0.c_customer_sk IS NOT NULL
|  |  |     mem-estimate=16.00MB mem-reservation=1.00MB thread-reservation=0
|  |  |     tuple-ids=9 row-size=4B cardinality=30.00M cost=2571000
|  |  |     in pipelines: 08(GETNEXT)
|  |  |
|  |  07:HASH JOIN [INNER JOIN]
|  |  |  hash predicates: tpcds_partitioned_parquet_snap.store_sales_0.ss_sold_date_sk = tpcds_partitioned_parquet_snap.date_dim.d_date_sk
|  |  |  fk/pk conjuncts: tpcds_partitioned_parquet_snap.store_sales_0.ss_sold_date_sk = tpcds_partitioned_parquet_snap.date_dim.d_date_sk
|  |  |  runtime filters: RF016[bloom] <- tpcds_partitioned_parquet_snap.date_dim.d_date_sk
|  |  |  mem-estimate=1.94MB mem-reservation=1.94MB spill-buffer=64.00KB thread-reservation=0
|  |  |  tuple-ids=5,7 row-size=24B cardinality=6.44G cost=2818840159
|  |  |  in pipelines: 05(GETNEXT), 06(OPEN)
|  |  |
|  |  |--06:SCAN HDFS [tpcds_partitioned_parquet_snap.date_dim]
|  |  |     HDFS partitions=1/1 files=1 size=2.17MB
|  |  |     predicates: tpcds_partitioned_parquet_snap.date_dim.d_year IN (CAST(2000 AS INT), CAST(2001 AS INT), CAST(2002 AS INT), CAST(2003 AS INT)), tpcds_partitioned_parquet_snap.date_dim.d_date_sk IS NOT NULL
|  |  |     stored statistics:
|  |  |       table: rows=73.05K size=2.17MB
|  |  |       columns: all
|  |  |     extrapolated-rows=disabled max-scan-range-rows=73.05K
|  |  |     parquet statistics predicates: tpcds_partitioned_parquet_snap.date_dim.d_year IN (CAST(2000 AS INT), CAST(2001 AS INT), CAST(2002 AS INT), CAST(2003 AS INT))
|  |  |     parquet dictionary predicates: tpcds_partitioned_parquet_snap.date_dim.d_year IN (CAST(2000 AS INT), CAST(2001 AS INT), CAST(2002 AS INT), CAST(2003 AS INT)), tpcds_partitioned_parquet_snap.date_dim.d_date_sk IS NOT NULL
|  |  |     mem-estimate=16.00MB mem-reservation=512.00KB thread-reservation=0
|  |  |     tuple-ids=7 row-size=8B cardinality=1.49K cost=12520
|  |  |     in pipelines: 06(GETNEXT)
|  |  |
|  |  05:SCAN HDFS [tpcds_partitioned_parquet_snap.store_sales]
|  |     partition predicates: tpcds_partitioned_parquet_snap.store_sales_0.ss_sold_date_sk IS NOT NULL
|  |     HDFS partitions=1823/1824 files=1823 size=389.69GB
|  |     predicates: tpcds_partitioned_parquet_snap.store_sales_0.ss_customer_sk IS NOT NULL
|  |     runtime filters: RF015[min_max] -> tpcds_partitioned_parquet_snap.store_sales_0.ss_customer_sk, RF016[bloom] -> tpcds_partitioned_parquet_snap.store_sales_0.ss_sold_date_sk, RF014[bloom] -> tpcds_partitioned_parquet_snap.store_sales_0.ss_customer_sk
|  |     stored statistics:
|  |       table: rows=8.64G size=389.90GB
|  |       partitions: 1823/1823 rows=8.25G
|  |       columns: all
|  |     extrapolated-rows=disabled max-scan-range-rows=12.24M est-scan-range=1491(filtered from 1823)
|  |     parquet dictionary predicates: tpcds_partitioned_parquet_snap.store_sales_0.ss_customer_sk IS NOT NULL
|  |     mem-estimate=16.00MB mem-reservation=512.00KB thread-reservation=0
|  |     tuple-ids=5 row-size=16B cardinality=6.44G(filtered from 7.88G) cost=1743220161
|  |     in pipelines: 05(GETNEXT)
|  |
|  04:AGGREGATE [FINALIZE]
|  |  output: sum(multiply(CAST(tpcds_partitioned_parquet_snap.store_sales.ss_quantity AS DECIMAL(10,0)), tpcds_partitioned_parquet_snap.store_sales.ss_sales_price))
|  |  group by: tpcds_partitioned_parquet_snap.customer.c_customer_sk
|  |  having: sum(multiply(tpcds_partitioned_parquet_snap.store_sales.ss_quantity, tpcds_partitioned_parquet_snap.store_sales.ss_sales_price)) IS NOT NULL
|  |  mem-estimate=915.53MB mem-reservation=34.00MB spill-buffer=2.00MB thread-reservation=0
|  |  tuple-ids=4 row-size=20B cardinality=3.00M cost=2293697465
|  |  in pipelines: 04(GETNEXT), 01(OPEN)
|  |
|  03:HASH JOIN [INNER JOIN]
|  |  hash predicates: tpcds_partitioned_parquet_snap.store_sales.ss_customer_sk = tpcds_partitioned_parquet_snap.customer.c_customer_sk
|  |  fk/pk conjuncts: tpcds_partitioned_parquet_snap.store_sales.ss_customer_sk = tpcds_partitioned_parquet_snap.customer.c_customer_sk
|  |  runtime filters: RF012[bloom] <- tpcds_partitioned_parquet_snap.customer.c_customer_sk, RF013[min_max] <- tpcds_partitioned_parquet_snap.customer.c_customer_sk
|  |  mem-estimate=882.44MB mem-reservation=34.00MB spill-buffer=2.00MB thread-reservation=0
|  |  tuple-ids=0,2 row-size=16B cardinality=7.57G cost=3436821573
|  |  in pipelines: 01(GETNEXT), 02(OPEN)
|  |
|  |--02:SCAN HDFS [tpcds_partitioned_parquet_snap.customer]
|  |     HDFS partitions=1/1 files=1 size=1.55GB
|  |     predicates: tpcds_partitioned_parquet_snap.customer.c_customer_sk IS NOT NULL
|  |     runtime filters: RF001[min_max] -> tpcds_partitioned_parquet_snap.customer.c_customer_sk
|  |     stored statistics:
|  |       table: rows=30.00M size=1.55GB
|  |       columns: all
|  |     extrapolated-rows=disabled max-scan-range-rows=3.10M
|  |     parquet dictionary predicates: tpcds_partitioned_parquet_snap.customer.c_customer_sk IS NOT NULL
|  |     mem-estimate=16.00MB mem-reservation=1.00MB thread-reservation=0
|  |     tuple-ids=2 row-size=4B cardinality=30.00M cost=2571000
|  |     in pipelines: 02(GETNEXT)
|  |
|  01:SCAN HDFS [tpcds_partitioned_parquet_snap.store_sales]
|     HDFS partitions=1824/1824 files=1824 size=389.90GB
|     predicates: tpcds_partitioned_parquet_snap.store_sales.ss_customer_sk IS NOT NULL
|     runtime filters: RF013[min_max] -> tpcds_partitioned_parquet_snap.store_sales.ss_customer_sk, RF001[min_max] -> tpcds_partitioned_parquet_snap.store_sales.ss_customer_sk, RF012[bloom] -> tpcds_partitioned_parquet_snap.store_sales.ss_customer_sk
|     stored statistics:
|       table: rows=8.64G size=389.90GB
|       partitions: 1824/1824 rows=8.64G
|       columns: all
|     extrapolated-rows=disabled max-scan-range-rows=390.22M
|     parquet dictionary predicates: tpcds_partitioned_parquet_snap.store_sales.ss_customer_sk IS NOT NULL
|     mem-estimate=16.00MB mem-reservation=8.00MB thread-reservation=0
|     tuple-ids=0 row-size=12B cardinality=7.93G(filtered from 8.25G) cost=1735762980
|     in pipelines: 01(GETNEXT)
|
23:HASH JOIN [INNER JOIN]
|  hash predicates: tpcds_partitioned_parquet_snap.catalog_sales.cs_item_sk = tpcds_partitioned_parquet_snap.item.i_item_sk
|  fk/pk conjuncts: tpcds_partitioned_parquet_snap.catalog_sales.cs_item_sk = tpcds_partitioned_parquet_snap.item.i_item_sk
|  runtime filters: RF005[min_max] <- tpcds_partitioned_parquet_snap.item.i_item_sk
|  mem-estimate=17.00MB mem-reservation=17.00MB spill-buffer=1.00MB thread-reservation=0
|  tuple-ids=13,15,24 row-size=36B cardinality=252.15M cost=110759672
|  in pipelines: 13(GETNEXT), 22(OPEN)
|
|--22:AGGREGATE [FINALIZE]
|  |  group by: tpcds_partitioned_parquet_snap.item.i_item_sk
|  |  mem-estimate=10.00MB mem-reservation=8.50MB spill-buffer=512.00KB thread-reservation=0
|  |  tuple-ids=24 row-size=4B cardinality=360.00K cost=198090266
|  |  in pipelines: 22(GETNEXT), 21(OPEN)
|  |
|  21:AGGREGATE [FINALIZE]
|  |  output: count()
|  |  group by: substr(tpcds_partitioned_parquet_snap.item.i_item_desc, CAST(1 AS BIGINT), CAST(30 AS BIGINT)), tpcds_partitioned_parquet_snap.item.i_item_sk, tpcds_partitioned_parquet_snap.date_dim_1.d_date
|  |  having: count() > CAST(4 AS BIGINT)
|  |  mem-estimate=50.00GB mem-reservation=34.00MB spill-buffer=2.00MB thread-reservation=0
|  |  tuple-ids=23 row-size=28B cardinality=674.02M cost=39784870914
|  |  in pipelines: 21(GETNEXT), 16(OPEN)
|  |
|  20:HASH JOIN [INNER JOIN]
|  |  hash predicates: tpcds_partitioned_parquet_snap.store_sales_1.ss_item_sk = tpcds_partitioned_parquet_snap.item.i_item_sk
|  |  fk/pk conjuncts: tpcds_partitioned_parquet_snap.store_sales_1.ss_item_sk = tpcds_partitioned_parquet_snap.item.i_item_sk
|  |  runtime filters: RF009[min_max] <- tpcds_partitioned_parquet_snap.item.i_item_sk
|  |  mem-estimate=52.03MB mem-reservation=34.00MB spill-buffer=2.00MB thread-reservation=0
|  |  tuple-ids=17,19,21 row-size=137B cardinality=6.74G cost=2951422313
|  |  in pipelines: 16(GETNEXT), 19(OPEN)
|  |
|  |--19:SCAN HDFS [tpcds_partitioned_parquet_snap.item]
|  |     HDFS partitions=1/1 files=1 size=33.54MB
|  |     predicates: tpcds_partitioned_parquet_snap.item.i_item_sk IS NOT NULL
|  |     stored statistics:
|  |       table: rows=360.00K size=33.54MB
|  |       columns: all
|  |     extrapolated-rows=disabled max-scan-range-rows=101.54K
|  |     parquet dictionary predicates: tpcds_partitioned_parquet_snap.item.i_item_sk IS NOT NULL
|  |     mem-estimate=16.00MB mem-reservation=512.00KB thread-reservation=0
|  |     tuple-ids=21 row-size=117B cardinality=360.00K cost=552359
|  |     in pipelines: 19(GETNEXT)
|  |
|  18:HASH JOIN [INNER JOIN]
|  |  hash predicates: tpcds_partitioned_parquet_snap.store_sales_1.ss_sold_date_sk = tpcds_partitioned_parquet_snap.date_dim_1.d_date_sk
|  |  fk/pk conjuncts: tpcds_partitioned_parquet_snap.store_sales_1.ss_sold_date_sk = tpcds_partitioned_parquet_snap.date_dim_1.d_date_sk
|  |  runtime filters: RF010[bloom] <- tpcds_partitioned_parquet_snap.date_dim_1.d_date_sk
|  |  mem-estimate=1.94MB mem-reservation=1.94MB spill-buffer=64.00KB thread-reservation=0
|  |  tuple-ids=17,19 row-size=20B cardinality=6.74G cost=2951674468
|  |  in pipelines: 16(GETNEXT), 17(OPEN)
|  |
|  |--17:SCAN HDFS [tpcds_partitioned_parquet_snap.date_dim]
|  |     HDFS partitions=1/1 files=1 size=2.17MB
|  |     predicates: tpcds_partitioned_parquet_snap.date_dim_1.d_year IN (CAST(2000 AS INT), CAST(2001 AS INT), CAST(2002 AS INT), CAST(2003 AS INT)), tpcds_partitioned_parquet_snap.date_dim_1.d_date_sk IS NOT NULL
|  |     stored statistics:
|  |       table: rows=73.05K size=2.17MB
|  |       columns: all
|  |     extrapolated-rows=disabled max-scan-range-rows=73.05K
|  |     parquet statistics predicates: tpcds_partitioned_parquet_snap.date_dim_1.d_year IN (CAST(2000 AS INT), CAST(2001 AS INT), CAST(2002 AS INT), CAST(2003 AS INT))
|  |     parquet dictionary predicates: tpcds_partitioned_parquet_snap.date_dim_1.d_year IN (CAST(2000 AS INT), CAST(2001 AS INT), CAST(2002 AS INT), CAST(2003 AS INT)), tpcds_partitioned_parquet_snap.date_dim_1.d_date_sk IS NOT NULL
|  |     mem-estimate=16.00MB mem-reservation=1.00MB thread-reservation=0
|  |     tuple-ids=19 row-size=12B cardinality=1.49K cost=16728
|  |     in pipelines: 17(GETNEXT)
|  |
|  16:SCAN HDFS [tpcds_partitioned_parquet_snap.store_sales]
|     partition predicates: tpcds_partitioned_parquet_snap.store_sales_1.ss_sold_date_sk IS NOT NULL
|     HDFS partitions=1823/1824 files=1823 size=389.69GB
|     predicates: tpcds_partitioned_parquet_snap.store_sales_1.ss_item_sk IS NOT NULL
|     runtime filters: RF009[min_max] -> tpcds_partitioned_parquet_snap.store_sales_1.ss_item_sk, RF010[bloom] -> tpcds_partitioned_parquet_snap.store_sales_1.ss_sold_date_sk
|     stored statistics:
|       table: rows=8.64G size=389.90GB
|       partitions: 1823/1823 rows=8.25G
|       columns: all
|     extrapolated-rows=disabled max-scan-range-rows=12.24M est-scan-range=1491(filtered from 1823)
|     parquet dictionary predicates: tpcds_partitioned_parquet_snap.store_sales_1.ss_item_sk IS NOT NULL
|     mem-estimate=16.00MB mem-reservation=512.00KB thread-reservation=0
|     tuple-ids=17 row-size=8B cardinality=6.74G(filtered from 8.25G) cost=966357636
|     in pipelines: 16(GETNEXT)
|
15:HASH JOIN [INNER JOIN]
|  hash predicates: tpcds_partitioned_parquet_snap.catalog_sales.cs_sold_date_sk = tpcds_partitioned_parquet_snap.date_dim_0.d_date_sk
|  fk/pk conjuncts: tpcds_partitioned_parquet_snap.catalog_sales.cs_sold_date_sk = tpcds_partitioned_parquet_snap.date_dim_0.d_date_sk
|  runtime filters: RF006[bloom] <- tpcds_partitioned_parquet_snap.date_dim_0.d_date_sk
|  mem-estimate=1.94MB mem-reservation=1.94MB spill-buffer=64.00KB thread-reservation=0
|  tuple-ids=13,15 row-size=32B cardinality=252.28M cost=110422625
|  in pipelines: 13(GETNEXT), 14(OPEN)
|
|--14:SCAN HDFS [tpcds_partitioned_parquet_snap.date_dim]
|     HDFS partitions=1/1 files=1 size=2.17MB
|     predicates: tpcds_partitioned_parquet_snap.date_dim_0.d_year = CAST(2000 AS INT), tpcds_partitioned_parquet_snap.date_dim_0.d_moy = CAST(5 AS INT), tpcds_partitioned_parquet_snap.date_dim_0.d_date_sk IS NOT NULL
|     stored statistics:
|       table: rows=73.05K size=2.17MB
|       columns: all
|     extrapolated-rows=disabled max-scan-range-rows=73.05K
|     parquet statistics predicates: tpcds_partitioned_parquet_snap.date_dim_0.d_year = CAST(2000 AS INT), tpcds_partitioned_parquet_snap.date_dim_0.d_moy = CAST(5 AS INT)
|     parquet dictionary predicates: tpcds_partitioned_parquet_snap.date_dim_0.d_year = CAST(2000 AS INT), tpcds_partitioned_parquet_snap.date_dim_0.d_moy = CAST(5 AS INT), tpcds_partitioned_parquet_snap.date_dim_0.d_date_sk IS NOT NULL
|     mem-estimate=16.00MB mem-reservation=512.00KB thread-reservation=0
|     tuple-ids=15 row-size=12B cardinality=108 cost=18780
|     in pipelines: 14(GETNEXT)
|
13:SCAN HDFS [tpcds_partitioned_parquet_snap.catalog_sales]
   partition predicates: tpcds_partitioned_parquet_snap.catalog_sales.cs_sold_date_sk IS NOT NULL
   HDFS partitions=1830/1831 files=1830 size=280.81GB
   predicates: tpcds_partitioned_parquet_snap.catalog_sales.cs_bill_customer_sk IS NOT NULL, tpcds_partitioned_parquet_snap.catalog_sales.cs_item_sk IS NOT NULL
   runtime filters: RF001[min_max] -> tpcds_partitioned_parquet_snap.catalog_sales.cs_bill_customer_sk, RF005[min_max] -> tpcds_partitioned_parquet_snap.catalog_sales.cs_item_sk, RF003[min_max] -> tpcds_partitioned_parquet_snap.catalog_sales.cs_bill_customer_sk, RF006[bloom] -> tpcds_partitioned_parquet_snap.catalog_sales.cs_sold_date_sk
   stored statistics:
     table: rows=4.32G size=280.96GB
     partitions: 1830/1830 rows=4.30G
     columns: all
   extrapolated-rows=disabled max-scan-range-rows=5.09M est-scan-range=108(filtered from 1830)
   parquet dictionary predicates: tpcds_partitioned_parquet_snap.catalog_sales.cs_bill_customer_sk IS NOT NULL, tpcds_partitioned_parquet_snap.catalog_sales.cs_item_sk IS NOT NULL
   mem-estimate=16.00MB mem-reservation=256.00KB thread-reservation=0
   tuple-ids=13 row-size=20B cardinality=252.28M(filtered from 4.28G) cost=87270877
   in pipelines: 13(GETNEXT)
---- DISTRIBUTEDPLAN
Max Per-Host Resource Reservation: Memory=9.18GB Threads=214
Per-Host Resource Estimates: Memory=97.26GB
F37:PLAN FRAGMENT [UNPARTITIONED] hosts=1 instances=1
|  Per-Instance Resources: mem-estimate=4.38MB mem-reservation=4.00MB thread-reservation=1
|  max-parallelism=1 segment-costs=[333] cpu-comparison-result=932 [max(1 (self) vs 932 (sum children))]
PLAN-ROOT SINK
|  output exprs: C_LAST_NAME, C_FIRST_NAME, SALES
|  mem-estimate=4.00MB mem-reservation=4.00MB spill-buffer=2.00MB thread-reservation=0 cost=300
|
102:MERGING-EXCHANGE [UNPARTITIONED]
|  order by: C_LAST_NAME ASC NULLS LAST, C_FIRST_NAME ASC NULLS LAST, SALES ASC NULLS LAST
|  limit: 100
|  mem-estimate=387.11KB mem-reservation=0B thread-reservation=0
|  tuple-ids=57 row-size=40B cardinality=100 cost=33
|  in pipelines: 55(GETNEXT)
|
F36:PLAN FRAGMENT [RANDOM] hosts=10 instances=90 (adjusted from 120)
Per-Instance Resources: mem-estimate=165.38MB mem-reservation=34.00MB thread-reservation=1
max-parallelism=90 segment-costs=[497435343, 328994030, 721685539, 136] cpu-comparison-result=932 [max(90 (self) vs 932 (sum children))]
55:TOP-N [LIMIT=100]
|  order by: C_LAST_NAME ASC NULLS LAST, C_FIRST_NAME ASC NULLS LAST, SALES ASC NULLS LAST
|  mem-estimate=3.91KB mem-reservation=0B thread-reservation=0
|  tuple-ids=57 row-size=40B cardinality=100 cost=721685539
|  in pipelines: 55(GETNEXT), 78(OPEN), 101(OPEN)
|
00:UNION
|  pass-through-operands: all
|  mem-estimate=0B mem-reservation=0B thread-reservation=0
|  tuple-ids=56 row-size=40B cardinality=50.05M cost=0
|  in pipelines: 78(GETNEXT), 101(GETNEXT)
|
|--101:AGGREGATE [FINALIZE]
|  |  output: sum:merge(multiply(tpcds_partitioned_parquet_snap.web_sales.ws_quantity, tpcds_partitioned_parquet_snap.web_sales.ws_list_price))
|  |  group by: tpcds_partitioned_parquet_snap.customer_2.c_last_name, tpcds_partitioned_parquet_snap.customer_2.c_first_name
|  |  mem-estimate=84.78MB mem-reservation=34.00MB spill-buffer=2.00MB thread-reservation=0
|  |  tuple-ids=55 row-size=52B cardinality=25.02M cost=285195995
|  |  in pipelines: 101(GETNEXT), 41(OPEN)
|  |
|  100:EXCHANGE [HASH(tpcds_partitioned_parquet_snap.customer_2.c_last_name,tpcds_partitioned_parquet_snap.customer_2.c_first_name)]
|  |  mem-estimate=14.92MB mem-reservation=0B thread-reservation=0
|  |  tuple-ids=55 row-size=52B cardinality=125.08M cost=43798035
|  |  in pipelines: 41(GETNEXT)
|  |
|  F34:PLAN FRAGMENT [HASH(tpcds_partitioned_parquet_snap.web_sales.ws_bill_customer_sk)] hosts=10 instances=90 (adjusted from 120)
|  Per-Instance Resources: mem-estimate=104.33MB mem-reservation=34.00MB thread-reservation=1
|  max-parallelism=90 segment-costs=[873239128, 483060574] cpu-comparison-result=471 [max(198 (self) vs 471 (sum children))]
|  54:AGGREGATE [STREAMING]
|  |  output: sum(multiply(CAST(tpcds_partitioned_parquet_snap.web_sales.ws_quantity AS DECIMAL(10,0)), tpcds_partitioned_parquet_snap.web_sales.ws_list_price))
|  |  group by: tpcds_partitioned_parquet_snap.customer_2.c_last_name, tpcds_partitioned_parquet_snap.customer_2.c_first_name
|  |  mem-estimate=64.95MB mem-reservation=34.00MB spill-buffer=2.00MB thread-reservation=0
|  |  tuple-ids=55 row-size=52B cardinality=125.08M cost=742000575
|  |  in pipelines: 41(GETNEXT)
|  |
|  53:HASH JOIN [INNER JOIN, PARTITIONED]
|  |  hash-table-id=10
|  |  hash predicates: tpcds_partitioned_parquet_snap.web_sales.ws_bill_customer_sk = tpcds_partitioned_parquet_snap.customer_2.c_customer_sk
|  |  fk/pk conjuncts: none
|  |  mem-estimate=0B mem-reservation=0B spill-buffer=2.00MB thread-reservation=0
|  |  tuple-ids=43,45,54,34,42,28 row-size=112B cardinality=127.76M cost=55922035
|  |  in pipelines: 41(GETNEXT), 28(OPEN)
|  |
|  |--F48:PLAN FRAGMENT [HASH(tpcds_partitioned_parquet_snap.web_sales.ws_bill_customer_sk)] hosts=10 instances=90 (adjusted from 120)
|  |  |  Per-Instance Resources: mem-estimate=44.43MB mem-reservation=34.00MB thread-reservation=1
|  |  |  max-parallelism=90 segment-costs=[38848506]
|  |  JOIN BUILD
|  |  |  join-table-id=10 plan-id=11 cohort-id=05
|  |  |  build expressions: tpcds_partitioned_parquet_snap.customer_2.c_customer_sk
|  |  |  runtime filters: RF019[min_max] <- tpcds_partitioned_parquet_snap.customer_2.c_customer_sk
|  |  |  mem-estimate=34.00MB mem-reservation=34.00MB spill-buffer=2.00MB thread-reservation=0 cost=30000000
|  |  |
|  |  99:EXCHANGE [HASH(tpcds_partitioned_parquet_snap.customer_2.c_customer_sk)]
|  |  |  mem-estimate=10.43MB mem-reservation=0B thread-reservation=0
|  |  |  tuple-ids=28 row-size=40B cardinality=30.00M cost=8848506
|  |  |  in pipelines: 28(GETNEXT)
|  |  |
|  |  F33:PLAN FRAGMENT [RANDOM] hosts=10 instances=10
|  |  Per-Instance Resources: mem-estimate=31.46MB mem-reservation=1.00MB thread-reservation=1
|  |  max-parallelism=10 segment-costs=[100414022]
|  |  28:SCAN HDFS [tpcds_partitioned_parquet_snap.customer, RANDOM]
|  |     HDFS partitions=1/1 files=1 size=1.55GB
|  |     predicates: tpcds_partitioned_parquet_snap.customer_2.c_customer_sk IS NOT NULL
|  |     stored statistics:
|  |       table: rows=30.00M size=1.55GB
|  |       columns: all
|  |     extrapolated-rows=disabled max-scan-range-rows=3.10M
|  |     parquet dictionary predicates: tpcds_partitioned_parquet_snap.customer_2.c_customer_sk IS NOT NULL
|  |     mem-estimate=16.00MB mem-reservation=1.00MB thread-reservation=0
|  |     tuple-ids=28 row-size=40B cardinality=30.00M cost=7740933
|  |     in pipelines: 28(GETNEXT)
|  |
|  98:EXCHANGE [HASH(tpcds_partitioned_parquet_snap.web_sales.ws_bill_customer_sk)]
|  |  mem-estimate=19.70MB mem-reservation=0B thread-reservation=0
|  |  tuple-ids=43,45,54,34,42 row-size=72B cardinality=127.76M cost=75316518
|  |  in pipelines: 41(GETNEXT)
|  |
|  F18:PLAN FRAGMENT [RANDOM] hosts=10 instances=108 (adjusted from 120)
|  Per-Host Shared Resources: mem-estimate=1.00MB mem-reservation=1.00MB thread-reservation=0 runtime-filters-memory=1.00MB
|  Per-Instance Resources: mem-estimate=48.34MB mem-reservation=128.00KB thread-reservation=1
|  max-parallelism=108 segment-costs=[1133351381]
|  52:HASH JOIN [INNER JOIN, BROADCAST]
|  |  hash-table-id=11
|  |  hash predicates: tpcds_partitioned_parquet_snap.web_sales.ws_bill_customer_sk = tpcds_partitioned_parquet_snap.customer_3.c_customer_sk
|  |  fk/pk conjuncts: none
|  |  mem-estimate=0B mem-reservation=0B spill-buffer=2.00MB thread-reservation=0
|  |  tuple-ids=43,45,54,34,42 row-size=72B cardinality=127.76M cost=55922035
|  |  in pipelines: 41(GETNEXT), 89(OPEN)
|  |
|  |--F49:PLAN FRAGMENT [RANDOM] hosts=10 instances=10
|  |  |  Per-Instance Resources: mem-estimate=385.72MB mem-reservation=374.00MB thread-reservation=1
|  |  |  max-parallelism=10 segment-costs=[6987000] cpu-comparison-result=240 [max(10 (self) vs 240 (sum children))]
|  |  JOIN BUILD
|  |  |  join-table-id=11 plan-id=12 cohort-id=05
|  |  |  build expressions: tpcds_partitioned_parquet_snap.customer_3.c_customer_sk
|  |  |  runtime filters: RF021[min_max] <- tpcds_partitioned_parquet_snap.customer_3.c_customer_sk
|  |  |  mem-estimate=374.00MB mem-reservation=374.00MB spill-buffer=2.00MB thread-reservation=0 cost=3000000
|  |  |
|  |  97:EXCHANGE [BROADCAST]
|  |  |  mem-estimate=11.72MB mem-reservation=0B thread-reservation=0
|  |  |  tuple-ids=34,42 row-size=36B cardinality=3.00M cost=3987000
|  |  |  in pipelines: 89(GETNEXT)
|  |  |
|  |  F27:PLAN FRAGMENT [HASH(tpcds_partitioned_parquet_snap.customer_3.c_customer_sk)] hosts=10 instances=40 (adjusted from 120)
|  |  Per-Instance Resources: mem-estimate=46.81MB mem-reservation=34.00MB thread-reservation=1
|  |  max-parallelism=170 segment-costs=[1644760041, 1035900] cpu-comparison-result=240 [max(40 (self) vs 240 (sum children))]
|  |  40:NESTED LOOP JOIN [INNER JOIN, BROADCAST]
|  |  |  join table id: 12
|  |  |  join predicates: sum(multiply(tpcds_partitioned_parquet_snap.store_sales_2.ss_quantity, tpcds_partitioned_parquet_snap.store_sales_2.ss_sales_price)) > multiply(CAST(0.950000 AS DECIMAL(10,6)), max(sum(multiply(tpcds_partitioned_parquet_snap.store_sales_3.ss_quantity, tpcds_partitioned_parquet_snap.store_sales_3.ss_sales_price))))
|  |  |  mem-estimate=0B mem-reservation=0B thread-reservation=0
|  |  |  tuple-ids=34,42 row-size=36B cardinality=3.00M cost=614700
|  |  |  in pipelines: 89(GETNEXT), 95(OPEN)
|  |  |
|  |  |--F50:PLAN FRAGMENT [HASH(tpcds_partitioned_parquet_snap.customer_3.c_customer_sk)] hosts=10 instances=10
|  |  |  |  Per-Instance Resources: mem-estimate=16.02KB mem-reservation=0B thread-reservation=1
|  |  |  |  max-parallelism=10 segment-costs=[0] cpu-comparison-result=120 [max(10 (self) vs 120 (sum children))]
|  |  |  JOIN BUILD
|  |  |  |  join-table-id=12 plan-id=13 cohort-id=06
|  |  |  |  mem-estimate=16B mem-reservation=0B thread-reservation=0 cost=0
|  |  |  |
|  |  |  96:EXCHANGE [BROADCAST]
|  |  |  |  mem-estimate=16.00KB mem-reservation=0B thread-reservation=0
|  |  |  |  tuple-ids=42 row-size=16B cardinality=1 cost=0
|  |  |  |  in pipelines: 95(GETNEXT)
|  |  |  |
|  |  |  F32:PLAN FRAGMENT [UNPARTITIONED] hosts=1 instances=1
|  |  |  Per-Instance Resources: mem-estimate=109.94KB mem-reservation=0B thread-reservation=1
|  |  |  max-parallelism=1 segment-costs=[30, 0] cpu-comparison-result=120 [max(1 (self) vs 120 (sum children))]
|  |  |  95:AGGREGATE [FINALIZE]
|  |  |  |  output: max:merge(sum(multiply(tpcds_partitioned_parquet_snap.store_sales_3.ss_quantity, tpcds_partitioned_parquet_snap.store_sales_3.ss_sales_price)))
|  |  |  |  having: max(sum(multiply(tpcds_partitioned_parquet_snap.store_sales_3.ss_quantity, tpcds_partitioned_parquet_snap.store_sales_3.ss_sales_price))) IS NOT NULL
|  |  |  |  mem-estimate=16.00KB mem-reservation=0B spill-buffer=2.00MB thread-reservation=0
|  |  |  |  tuple-ids=42 row-size=16B cardinality=1 cost=8
|  |  |  |  in pipelines: 95(GETNEXT), 39(OPEN)
|  |  |  |
|  |  |  94:EXCHANGE [UNPARTITIONED]
|  |  |  |  mem-estimate=93.94KB mem-reservation=0B thread-reservation=0
|  |  |  |  tuple-ids=42 row-size=16B cardinality=120 cost=22
|  |  |  |  in pipelines: 39(GETNEXT)
|  |  |  |
|  |  |  F31:PLAN FRAGMENT [HASH(tpcds_partitioned_parquet_snap.customer_4.c_customer_sk)] hosts=10 instances=40 (adjusted from 120)
|  |  |  Per-Instance Resources: mem-estimate=46.81MB mem-reservation=34.00MB thread-reservation=1
|  |  |  max-parallelism=160 segment-costs=[1517038509, 2100000, 185] cpu-comparison-result=120 [max(40 (self) vs 120 (sum children))]
|  |  |  39:AGGREGATE
|  |  |  |  output: max(sum(multiply(tpcds_partitioned_parquet_snap.store_sales_3.ss_quantity, tpcds_partitioned_parquet_snap.store_sales_3.ss_sales_price)))
|  |  |  |  mem-estimate=16.00KB mem-reservation=0B spill-buffer=2.00MB thread-reservation=0
|  |  |  |  tuple-ids=42 row-size=16B cardinality=120 cost=2100000
|  |  |  |  in pipelines: 39(GETNEXT), 93(OPEN)
|  |  |  |
|  |  |  93:AGGREGATE [FINALIZE]
|  |  |  |  output: sum:merge(multiply(tpcds_partitioned_parquet_snap.store_sales_3.ss_quantity, tpcds_partitioned_parquet_snap.store_sales_3.ss_sales_price))
|  |  |  |  group by: tpcds_partitioned_parquet_snap.customer_4.c_customer_sk
|  |  |  |  mem-estimate=34.00MB mem-reservation=34.00MB spill-buffer=2.00MB thread-reservation=0
|  |  |  |  tuple-ids=41 row-size=20B cardinality=30.00M cost=927399987
|  |  |  |  in pipelines: 93(GETNEXT), 33(OPEN)
|  |  |  |
|  |  |  92:EXCHANGE [HASH(tpcds_partitioned_parquet_snap.customer_4.c_customer_sk)]
|  |  |  |  mem-estimate=12.81MB mem-reservation=0B thread-reservation=0
|  |  |  |  tuple-ids=41 row-size=20B cardinality=2.90G cost=589638522
|  |  |  |  in pipelines: 33(GETNEXT)
|  |  |  |
|  |  |  F28:PLAN FRAGMENT [RANDOM] hosts=10 instances=120
|  |  |  Per-Host Shared Resources: mem-estimate=17.00MB mem-reservation=17.00MB thread-reservation=0 runtime-filters-memory=17.00MB
|  |  |  Per-Instance Resources: mem-estimate=935.28MB mem-reservation=34.50MB thread-reservation=1
|  |  |  max-parallelism=1491 segment-costs=[16583597306, 5235037833] cpu-comparison-result=120 [max(120 (self) vs 31 (sum children))]
|  |  |  38:AGGREGATE [STREAMING]
|  |  |  |  output: sum(multiply(CAST(tpcds_partitioned_parquet_snap.store_sales_3.ss_quantity AS DECIMAL(10,0)), tpcds_partitioned_parquet_snap.store_sales_3.ss_sales_price))
|  |  |  |  group by: tpcds_partitioned_parquet_snap.customer_4.c_customer_sk
|  |  |  |  mem-estimate=915.53MB mem-reservation=34.00MB spill-buffer=2.00MB thread-reservation=0
|  |  |  |  tuple-ids=41 row-size=20B cardinality=2.90G cost=9298421436
|  |  |  |  in pipelines: 33(GETNEXT)
|  |  |  |
|  |  |  37:HASH JOIN [INNER JOIN, BROADCAST]
|  |  |  |  hash-table-id=13
|  |  |  |  hash predicates: tpcds_partitioned_parquet_snap.store_sales_3.ss_customer_sk = tpcds_partitioned_parquet_snap.customer_4.c_customer_sk
|  |  |  |  fk/pk conjuncts: tpcds_partitioned_parquet_snap.store_sales_3.ss_customer_sk = tpcds_partitioned_parquet_snap.customer_4.c_customer_sk
|  |  |  |  mem-estimate=0B mem-reservation=0B spill-buffer=2.00MB thread-reservation=0
|  |  |  |  tuple-ids=35,37,39 row-size=28B cardinality=5.91G cost=2723117041
|  |  |  |  in pipelines: 33(GETNEXT), 36(OPEN)
|  |  |  |
|  |  |  |--F51:PLAN FRAGMENT [RANDOM] hosts=10 instances=10
|  |  |  |  |  Per-Instance Resources: mem-estimate=908.52MB mem-reservation=424.00MB thread-reservation=1 runtime-filters-memory=16.00MB
|  |  |  |  |  max-parallelism=10 segment-costs=[69869990]
|  |  |  |  JOIN BUILD
|  |  |  |  |  join-table-id=13 plan-id=14 cohort-id=07
|  |  |  |  |  build expressions: tpcds_partitioned_parquet_snap.customer_4.c_customer_sk
|  |  |  |  |  runtime filters: RF032[bloom] <- tpcds_partitioned_parquet_snap.customer_4.c_customer_sk, RF033[min_max] <- tpcds_partitioned_parquet_snap.customer_4.c_customer_sk
|  |  |  |  |  mem-estimate=882.44MB mem-reservation=408.00MB spill-buffer=2.00MB thread-reservation=0 cost=30000000
|  |  |  |  |
|  |  |  |  91:EXCHANGE [BROADCAST]
|  |  |  |  |  mem-estimate=10.08MB mem-reservation=0B thread-reservation=0
|  |  |  |  |  tuple-ids=39 row-size=4B cardinality=30.00M cost=39869990
|  |  |  |  |  in pipelines: 36(GETNEXT)
|  |  |  |  |
|  |  |  |  F30:PLAN FRAGMENT [RANDOM] hosts=10 instances=10
|  |  |  |  Per-Instance Resources: mem-estimate=16.03MB mem-reservation=1.00MB thread-reservation=1
|  |  |  |  max-parallelism=10 segment-costs=[3543000]
|  |  |  |  36:SCAN HDFS [tpcds_partitioned_parquet_snap.customer, RANDOM]
|  |  |  |     HDFS partitions=1/1 files=1 size=1.55GB
|  |  |  |     predicates: tpcds_partitioned_parquet_snap.customer_4.c_customer_sk IS NOT NULL
|  |  |  |     stored statistics:
|  |  |  |       table: rows=30.00M size=1.55GB
|  |  |  |       columns: all
|  |  |  |     extrapolated-rows=disabled max-scan-range-rows=3.10M
|  |  |  |     parquet dictionary predicates: tpcds_partitioned_parquet_snap.customer_4.c_customer_sk IS NOT NULL
|  |  |  |     mem-estimate=16.00MB mem-reservation=1.00MB thread-reservation=0
|  |  |  |     tuple-ids=39 row-size=4B cardinality=30.00M cost=2571000
|  |  |  |     in pipelines: 36(GETNEXT)
|  |  |  |
|  |  |  35:HASH JOIN [INNER JOIN, BROADCAST]
|  |  |  |  hash-table-id=14
|  |  |  |  hash predicates: tpcds_partitioned_parquet_snap.store_sales_3.ss_sold_date_sk = tpcds_partitioned_parquet_snap.date_dim_2.d_date_sk
|  |  |  |  fk/pk conjuncts: tpcds_partitioned_parquet_snap.store_sales_3.ss_sold_date_sk = tpcds_partitioned_parquet_snap.date_dim_2.d_date_sk
|  |  |  |  mem-estimate=0B mem-reservation=0B spill-buffer=64.00KB thread-reservation=0
|  |  |  |  tuple-ids=35,37 row-size=24B cardinality=6.44G cost=2818838668
|  |  |  |  in pipelines: 33(GETNEXT), 34(OPEN)
|  |  |  |
|  |  |  |--F52:PLAN FRAGMENT [RANDOM] hosts=10 instances=10
|  |  |  |  |  Per-Instance Resources: mem-estimate=24.27MB mem-reservation=24.25MB thread-reservation=1 runtime-filters-memory=1.00MB
|  |  |  |  |  max-parallelism=10 segment-costs=[3471]
|  |  |  |  JOIN BUILD
|  |  |  |  |  join-table-id=14 plan-id=15 cohort-id=07
|  |  |  |  |  build expressions: tpcds_partitioned_parquet_snap.date_dim_2.d_date_sk
|  |  |  |  |  runtime filters: RF034[bloom] <- tpcds_partitioned_parquet_snap.date_dim_2.d_date_sk
|  |  |  |  |  mem-estimate=23.25MB mem-reservation=23.25MB spill-buffer=64.00KB thread-reservation=0 cost=1491
|  |  |  |  |
|  |  |  |  90:EXCHANGE [BROADCAST]
|  |  |  |  |  mem-estimate=23.65KB mem-reservation=0B thread-reservation=0
|  |  |  |  |  tuple-ids=37 row-size=8B cardinality=1.49K cost=1980
|  |  |  |  |  in pipelines: 34(GETNEXT)
|  |  |  |  |
|  |  |  |  F29:PLAN FRAGMENT [RANDOM] hosts=1 instances=1
|  |  |  |  Per-Instance Resources: mem-estimate=16.05MB mem-reservation=512.00KB thread-reservation=1
|  |  |  |  max-parallelism=1 segment-costs=[12584]
|  |  |  |  34:SCAN HDFS [tpcds_partitioned_parquet_snap.date_dim, RANDOM]
|  |  |  |     HDFS partitions=1/1 files=1 size=2.17MB
|  |  |  |     predicates: tpcds_partitioned_parquet_snap.date_dim_2.d_year IN (CAST(2000 AS INT), CAST(2001 AS INT), CAST(2002 AS INT), CAST(2003 AS INT)), tpcds_partitioned_parquet_snap.date_dim_2.d_date_sk IS NOT NULL
|  |  |  |     stored statistics:
|  |  |  |       table: rows=73.05K size=2.17MB
|  |  |  |       columns: all
|  |  |  |     extrapolated-rows=disabled max-scan-range-rows=73.05K
|  |  |  |     parquet statistics predicates: tpcds_partitioned_parquet_snap.date_dim_2.d_year IN (CAST(2000 AS INT), CAST(2001 AS INT), CAST(2002 AS INT), CAST(2003 AS INT))
|  |  |  |     parquet dictionary predicates: tpcds_partitioned_parquet_snap.date_dim_2.d_year IN (CAST(2000 AS INT), CAST(2001 AS INT), CAST(2002 AS INT), CAST(2003 AS INT)), tpcds_partitioned_parquet_snap.date_dim_2.d_date_sk IS NOT NULL
|  |  |  |     mem-estimate=16.00MB mem-reservation=512.00KB thread-reservation=0
|  |  |  |     tuple-ids=37 row-size=8B cardinality=1.49K cost=12520
|  |  |  |     in pipelines: 34(GETNEXT)
|  |  |  |
|  |  |  33:SCAN HDFS [tpcds_partitioned_parquet_snap.store_sales, RANDOM]
|  |  |     partition predicates: tpcds_partitioned_parquet_snap.store_sales_3.ss_sold_date_sk IS NOT NULL
|  |  |     HDFS partitions=1823/1824 files=1823 size=389.69GB
|  |  |     predicates: tpcds_partitioned_parquet_snap.store_sales_3.ss_customer_sk IS NOT NULL
|  |  |     runtime filters: RF033[min_max] -> tpcds_partitioned_parquet_snap.store_sales_3.ss_customer_sk, RF034[bloom] -> tpcds_partitioned_parquet_snap.store_sales_3.ss_sold_date_sk, RF032[bloom] -> tpcds_partitioned_parquet_snap.store_sales_3.ss_customer_sk
|  |  |     stored statistics:
|  |  |       table: rows=8.64G size=389.90GB
|  |  |       partitions: 1823/1823 rows=8.25G
|  |  |       columns: all
|  |  |     extrapolated-rows=disabled max-scan-range-rows=12.24M est-scan-range=1491(filtered from 1823)
|  |  |     parquet dictionary predicates: tpcds_partitioned_parquet_snap.store_sales_3.ss_customer_sk IS NOT NULL
|  |  |     mem-estimate=16.00MB mem-reservation=512.00KB thread-reservation=0
|  |  |     tuple-ids=35 row-size=16B cardinality=6.44G(filtered from 7.88G) cost=1743220161
|  |  |     in pipelines: 33(GETNEXT)
|  |  |
|  |  89:AGGREGATE [FINALIZE]
|  |  |  output: sum:merge(multiply(tpcds_partitioned_parquet_snap.store_sales_2.ss_quantity, tpcds_partitioned_parquet_snap.store_sales_2.ss_sales_price))
|  |  |  group by: tpcds_partitioned_parquet_snap.customer_3.c_customer_sk
|  |  |  having: sum(multiply(tpcds_partitioned_parquet_snap.store_sales_2.ss_quantity, tpcds_partitioned_parquet_snap.store_sales_2.ss_sales_price)) IS NOT NULL
|  |  |  mem-estimate=34.00MB mem-reservation=34.00MB spill-buffer=2.00MB thread-reservation=0
|  |  |  tuple-ids=34 row-size=20B cardinality=3.00M cost=1002780431
|  |  |  in pipelines: 89(GETNEXT), 29(OPEN)
|  |  |
|  |  88:EXCHANGE [HASH(tpcds_partitioned_parquet_snap.customer_3.c_customer_sk)]
|  |  |  mem-estimate=12.81MB mem-reservation=0B thread-reservation=0
|  |  |  tuple-ids=34 row-size=20B cardinality=3.16G cost=641979610
|  |  |  in pipelines: 29(GETNEXT)
|  |  |
|  |  F25:PLAN FRAGMENT [RANDOM] hosts=10 instances=120
|  |  Per-Host Shared Resources: mem-estimate=16.00MB mem-reservation=16.00MB thread-reservation=0 runtime-filters-memory=16.00MB
|  |  Per-Instance Resources: mem-estimate=935.28MB mem-reservation=42.00MB thread-reservation=1
|  |  max-parallelism=1560 segment-costs=[15599175032, 5699742164] cpu-comparison-result=120 [max(120 (self) vs 20 (sum children))]
|  |  32:AGGREGATE [STREAMING]
|  |  |  output: sum(multiply(CAST(tpcds_partitioned_parquet_snap.store_sales_2.ss_quantity AS DECIMAL(10,0)), tpcds_partitioned_parquet_snap.store_sales_2.ss_sales_price))
|  |  |  group by: tpcds_partitioned_parquet_snap.customer_3.c_customer_sk
|  |  |  mem-estimate=915.53MB mem-reservation=34.00MB spill-buffer=2.00MB thread-reservation=0
|  |  |  tuple-ids=34 row-size=20B cardinality=3.16G cost=10456590479
|  |  |  in pipelines: 29(GETNEXT)
|  |  |
|  |  31:HASH JOIN [INNER JOIN, BROADCAST]
|  |  |  hash-table-id=15
|  |  |  hash predicates: tpcds_partitioned_parquet_snap.store_sales_2.ss_customer_sk = tpcds_partitioned_parquet_snap.customer_3.c_customer_sk
|  |  |  fk/pk conjuncts: tpcds_partitioned_parquet_snap.store_sales_2.ss_customer_sk = tpcds_partitioned_parquet_snap.customer_3.c_customer_sk
|  |  |  mem-estimate=0B mem-reservation=0B spill-buffer=2.00MB thread-reservation=0
|  |  |  tuple-ids=30,32 row-size=16B cardinality=7.57G cost=3406821573
|  |  |  in pipelines: 29(GETNEXT), 30(OPEN)
|  |  |
|  |  |--F53:PLAN FRAGMENT [RANDOM] hosts=10 instances=10
|  |  |  |  Per-Instance Resources: mem-estimate=908.52MB mem-reservation=424.00MB thread-reservation=1 runtime-filters-memory=16.00MB
|  |  |  |  max-parallelism=10 segment-costs=[69869990]
|  |  |  JOIN BUILD
|  |  |  |  join-table-id=15 plan-id=16 cohort-id=06
|  |  |  |  build expressions: tpcds_partitioned_parquet_snap.customer_3.c_customer_sk
|  |  |  |  runtime filters: RF030[bloom] <- tpcds_partitioned_parquet_snap.customer_3.c_customer_sk, RF031[min_max] <- tpcds_partitioned_parquet_snap.customer_3.c_customer_sk
|  |  |  |  mem-estimate=882.44MB mem-reservation=408.00MB spill-buffer=2.00MB thread-reservation=0 cost=30000000
|  |  |  |
|  |  |  87:EXCHANGE [BROADCAST]
|  |  |  |  mem-estimate=10.08MB mem-reservation=0B thread-reservation=0
|  |  |  |  tuple-ids=32 row-size=4B cardinality=30.00M cost=39869990
|  |  |  |  in pipelines: 30(GETNEXT)
|  |  |  |
|  |  |  F26:PLAN FRAGMENT [RANDOM] hosts=10 instances=10
|  |  |  Per-Instance Resources: mem-estimate=16.03MB mem-reservation=1.00MB thread-reservation=1
|  |  |  max-parallelism=10 segment-costs=[3543000]
|  |  |  30:SCAN HDFS [tpcds_partitioned_parquet_snap.customer, RANDOM]
|  |  |     HDFS partitions=1/1 files=1 size=1.55GB
|  |  |     predicates: tpcds_partitioned_parquet_snap.customer_3.c_customer_sk IS NOT NULL
|  |  |     runtime filters: RF019[min_max] -> tpcds_partitioned_parquet_snap.customer_3.c_customer_sk
|  |  |     stored statistics:
|  |  |       table: rows=30.00M size=1.55GB
|  |  |       columns: all
|  |  |     extrapolated-rows=disabled max-scan-range-rows=3.10M
|  |  |     parquet dictionary predicates: tpcds_partitioned_parquet_snap.customer_3.c_customer_sk IS NOT NULL
|  |  |     mem-estimate=16.00MB mem-reservation=1.00MB thread-reservation=0
|  |  |     tuple-ids=32 row-size=4B cardinality=30.00M cost=2571000
|  |  |     in pipelines: 30(GETNEXT)
|  |  |
|  |  29:SCAN HDFS [tpcds_partitioned_parquet_snap.store_sales, RANDOM]
|  |     HDFS partitions=1824/1824 files=1824 size=389.90GB
|  |     predicates: tpcds_partitioned_parquet_snap.store_sales_2.ss_customer_sk IS NOT NULL
|  |     runtime filters: RF031[min_max] -> tpcds_partitioned_parquet_snap.store_sales_2.ss_customer_sk, RF019[min_max] -> tpcds_partitioned_parquet_snap.store_sales_2.ss_customer_sk, RF030[bloom] -> tpcds_partitioned_parquet_snap.store_sales_2.ss_customer_sk
|  |     stored statistics:
|  |       table: rows=8.64G size=389.90GB
|  |       partitions: 1824/1824 rows=8.64G
|  |       columns: all
|  |     extrapolated-rows=disabled max-scan-range-rows=390.22M
|  |     parquet dictionary predicates: tpcds_partitioned_parquet_snap.store_sales_2.ss_customer_sk IS NOT NULL
|  |     mem-estimate=16.00MB mem-reservation=8.00MB thread-reservation=0
|  |     tuple-ids=30 row-size=12B cardinality=7.93G(filtered from 8.25G) cost=1735762980
|  |     in pipelines: 29(GETNEXT)
|  |
|  51:HASH JOIN [INNER JOIN, BROADCAST]
|  |  hash-table-id=16
|  |  hash predicates: tpcds_partitioned_parquet_snap.web_sales.ws_item_sk = tpcds_partitioned_parquet_snap.item_0.i_item_sk
|  |  fk/pk conjuncts: tpcds_partitioned_parquet_snap.web_sales.ws_item_sk = tpcds_partitioned_parquet_snap.item_0.i_item_sk
|  |  mem-estimate=0B mem-reservation=0B spill-buffer=1.00MB thread-reservation=0
|  |  tuple-ids=43,45,54 row-size=36B cardinality=127.76M cost=55938421
|  |  in pipelines: 41(GETNEXT), 85(OPEN)
|  |
|  |--F54:PLAN FRAGMENT [RANDOM] hosts=10 instances=10
|  |  |  Per-Instance Resources: mem-estimate=188.45MB mem-reservation=187.00MB thread-reservation=1
|  |  |  max-parallelism=10 segment-costs=[838440] cpu-comparison-result=120 [max(10 (self) vs 120 (sum children))]
|  |  JOIN BUILD
|  |  |  join-table-id=16 plan-id=17 cohort-id=05
|  |  |  build expressions: tpcds_partitioned_parquet_snap.item_0.i_item_sk
|  |  |  runtime filters: RF023[min_max] <- tpcds_partitioned_parquet_snap.item_0.i_item_sk
|  |  |  mem-estimate=187.00MB mem-reservation=187.00MB spill-buffer=1.00MB thread-reservation=0 cost=360000
|  |  |
|  |  86:EXCHANGE [BROADCAST]
|  |  |  mem-estimate=1.45MB mem-reservation=0B thread-reservation=0
|  |  |  tuple-ids=54 row-size=4B cardinality=360.00K cost=478440
|  |  |  in pipelines: 85(GETNEXT)
|  |  |
|  |  F24:PLAN FRAGMENT [HASH(tpcds_partitioned_parquet_snap.item_0.i_item_sk)] hosts=10 instances=10 (adjusted from 120)
|  |  Per-Instance Resources: mem-estimate=20.94MB mem-reservation=1.94MB thread-reservation=1
|  |  max-parallelism=10 segment-costs=[19168992, 11664] cpu-comparison-result=120 [max(10 (self) vs 120 (sum children))]
|  |  85:AGGREGATE [FINALIZE]
|  |  |  group by: tpcds_partitioned_parquet_snap.item_0.i_item_sk
|  |  |  mem-estimate=10.00MB mem-reservation=1.94MB spill-buffer=64.00KB thread-reservation=0
|  |  |  tuple-ids=54 row-size=4B cardinality=360.00K cost=13574592
|  |  |  in pipelines: 85(GETNEXT), 83(OPEN)
|  |  |
|  |  84:EXCHANGE [HASH(tpcds_partitioned_parquet_snap.item_0.i_item_sk)]
|  |  |  mem-estimate=10.94MB mem-reservation=0B thread-reservation=0
|  |  |  tuple-ids=54 row-size=4B cardinality=43.20M cost=5594400
|  |  |  in pipelines: 83(GETNEXT)
|  |  |
|  |  F23:PLAN FRAGMENT [HASH(substr(tpcds_partitioned_parquet_snap.item_0.i_item_desc, 1, 30),tpcds_partitioned_parquet_snap.item_0.i_item_sk,tpcds_partitioned_parquet_snap.date_dim_4.d_date)] hosts=10 instances=120
|  |  Per-Instance Resources: mem-estimate=943.42MB mem-reservation=36.00MB thread-reservation=1
|  |  max-parallelism=4150 segment-costs=[41401851656, 309782714, 33384960] cpu-comparison-result=120 [max(120 (self) vs 120 (sum children))]
|  |  50:AGGREGATE [STREAMING]
|  |  |  group by: tpcds_partitioned_parquet_snap.item_0.i_item_sk
|  |  |  mem-estimate=10.00MB mem-reservation=2.00MB spill-buffer=64.00KB thread-reservation=0
|  |  |  tuple-ids=54 row-size=4B cardinality=43.20M cost=309782714
|  |  |  in pipelines: 83(GETNEXT)
|  |  |
|  |  83:AGGREGATE [FINALIZE]
|  |  |  output: count:merge()
|  |  |  group by: substr(tpcds_partitioned_parquet_snap.item_0.i_item_desc, 1, 30), tpcds_partitioned_parquet_snap.item_0.i_item_sk, tpcds_partitioned_parquet_snap.date_dim_4.d_date
|  |  |  having: count() > CAST(4 AS BIGINT)
|  |  |  mem-estimate=919.67MB mem-reservation=34.00MB spill-buffer=2.00MB thread-reservation=0
|  |  |  tuple-ids=53 row-size=28B cardinality=674.02M cost=39784870914
|  |  |  in pipelines: 83(GETNEXT), 44(OPEN)
|  |  |
|  |  82:EXCHANGE [HASH(substr(tpcds_partitioned_parquet_snap.item_0.i_item_desc, 1, 30),tpcds_partitioned_parquet_snap.item_0.i_item_sk,tpcds_partitioned_parquet_snap.date_dim_4.d_date)]
|  |  |  mem-estimate=13.75MB mem-reservation=0B thread-reservation=0
|  |  |  tuple-ids=53 row-size=28B cardinality=6.74G cost=1616980742
|  |  |  in pipelines: 44(GETNEXT)
|  |  |
|  |  F20:PLAN FRAGMENT [RANDOM] hosts=10 instances=120
|  |  Per-Host Shared Resources: mem-estimate=1.00MB mem-reservation=1.00MB thread-reservation=0 runtime-filters-memory=1.00MB
|  |  Per-Instance Resources: mem-estimate=816.75MB mem-reservation=34.50MB thread-reservation=1
|  |  max-parallelism=1491 segment-costs=[46653963840, 15626545035] cpu-comparison-result=120 [max(120 (self) vs 25 (sum children))]
|  |  49:AGGREGATE [STREAMING]
|  |  |  output: count()
|  |  |  group by: substr(tpcds_partitioned_parquet_snap.item_0.i_item_desc, CAST(1 AS BIGINT), CAST(30 AS BIGINT)), tpcds_partitioned_parquet_snap.item_0.i_item_sk, tpcds_partitioned_parquet_snap.date_dim_4.d_date
|  |  |  mem-estimate=785.75MB mem-reservation=34.00MB spill-buffer=2.00MB thread-reservation=0
|  |  |  tuple-ids=53 row-size=28B cardinality=6.74G cost=39784870914
|  |  |  in pipelines: 44(GETNEXT)
|  |  |
|  |  48:HASH JOIN [INNER JOIN, BROADCAST]
|  |  |  hash-table-id=17
|  |  |  hash predicates: tpcds_partitioned_parquet_snap.store_sales_4.ss_item_sk = tpcds_partitioned_parquet_snap.item_0.i_item_sk
|  |  |  fk/pk conjuncts: tpcds_partitioned_parquet_snap.store_sales_4.ss_item_sk = tpcds_partitioned_parquet_snap.item_0.i_item_sk
|  |  |  mem-estimate=0B mem-reservation=0B spill-buffer=2.00MB thread-reservation=0
|  |  |  tuple-ids=47,49,51 row-size=137B cardinality=6.74G cost=2951062313
|  |  |  in pipelines: 44(GETNEXT), 47(OPEN)
|  |  |
|  |  |--F55:PLAN FRAGMENT [RANDOM] hosts=10 instances=10
|  |  |  |  Per-Instance Resources: mem-estimate=418.47MB mem-reservation=408.00MB thread-reservation=1
|  |  |  |  max-parallelism=10 segment-costs=[838440]
|  |  |  JOIN BUILD
|  |  |  |  join-table-id=17 plan-id=18 cohort-id=08
|  |  |  |  build expressions: tpcds_partitioned_parquet_snap.item_0.i_item_sk
|  |  |  |  runtime filters: RF027[min_max] <- tpcds_partitioned_parquet_snap.item_0.i_item_sk
|  |  |  |  mem-estimate=408.00MB mem-reservation=408.00MB spill-buffer=2.00MB thread-reservation=0 cost=360000
|  |  |  |
|  |  |  81:EXCHANGE [BROADCAST]
|  |  |  |  mem-estimate=10.47MB mem-reservation=0B thread-reservation=0
|  |  |  |  tuple-ids=51 row-size=117B cardinality=360.00K cost=478440
|  |  |  |  in pipelines: 47(GETNEXT)
|  |  |  |
|  |  |  F22:PLAN FRAGMENT [RANDOM] hosts=4 instances=4
|  |  |  Per-Instance Resources: mem-estimate=16.47MB mem-reservation=512.00KB thread-reservation=1
|  |  |  max-parallelism=4 segment-costs=[673469]
|  |  |  47:SCAN HDFS [tpcds_partitioned_parquet_snap.item, RANDOM]
|  |  |     HDFS partitions=1/1 files=1 size=33.54MB
|  |  |     predicates: tpcds_partitioned_parquet_snap.item_0.i_item_sk IS NOT NULL
|  |  |     stored statistics:
|  |  |       table: rows=360.00K size=33.54MB
|  |  |       columns: all
|  |  |     extrapolated-rows=disabled max-scan-range-rows=101.54K
|  |  |     parquet dictionary predicates: tpcds_partitioned_parquet_snap.item_0.i_item_sk IS NOT NULL
|  |  |     mem-estimate=16.00MB mem-reservation=512.00KB thread-reservation=0
|  |  |     tuple-ids=51 row-size=117B cardinality=360.00K cost=552359
|  |  |     in pipelines: 47(GETNEXT)
|  |  |
|  |  46:HASH JOIN [INNER JOIN, BROADCAST]
|  |  |  hash-table-id=18
|  |  |  hash predicates: tpcds_partitioned_parquet_snap.store_sales_4.ss_sold_date_sk = tpcds_partitioned_parquet_snap.date_dim_4.d_date_sk
|  |  |  fk/pk conjuncts: tpcds_partitioned_parquet_snap.store_sales_4.ss_sold_date_sk = tpcds_partitioned_parquet_snap.date_dim_4.d_date_sk
|  |  |  mem-estimate=0B mem-reservation=0B spill-buffer=64.00KB thread-reservation=0
|  |  |  tuple-ids=47,49 row-size=20B cardinality=6.74G cost=2951672977
|  |  |  in pipelines: 44(GETNEXT), 45(OPEN)
|  |  |
|  |  |--F56:PLAN FRAGMENT [RANDOM] hosts=10 instances=10
|  |  |  |  Per-Instance Resources: mem-estimate=24.28MB mem-reservation=24.25MB thread-reservation=1 runtime-filters-memory=1.00MB
|  |  |  |  max-parallelism=10 segment-costs=[3471]
|  |  |  JOIN BUILD
|  |  |  |  join-table-id=18 plan-id=19 cohort-id=08
|  |  |  |  build expressions: tpcds_partitioned_parquet_snap.date_dim_4.d_date_sk
|  |  |  |  runtime filters: RF028[bloom] <- tpcds_partitioned_parquet_snap.date_dim_4.d_date_sk
|  |  |  |  mem-estimate=23.25MB mem-reservation=23.25MB spill-buffer=64.00KB thread-reservation=0 cost=1491
|  |  |  |
|  |  |  80:EXCHANGE [BROADCAST]
|  |  |  |  mem-estimate=33.47KB mem-reservation=0B thread-reservation=0
|  |  |  |  tuple-ids=49 row-size=12B cardinality=1.49K cost=1980
|  |  |  |  in pipelines: 45(GETNEXT)
|  |  |  |
|  |  |  F21:PLAN FRAGMENT [RANDOM] hosts=1 instances=1
|  |  |  Per-Instance Resources: mem-estimate=16.06MB mem-reservation=1.00MB thread-reservation=1
|  |  |  max-parallelism=1 segment-costs=[16808]
|  |  |  45:SCAN HDFS [tpcds_partitioned_parquet_snap.date_dim, RANDOM]
|  |  |     HDFS partitions=1/1 files=1 size=2.17MB
|  |  |     predicates: tpcds_partitioned_parquet_snap.date_dim_4.d_year IN (CAST(2000 AS INT), CAST(2001 AS INT), CAST(2002 AS INT), CAST(2003 AS INT)), tpcds_partitioned_parquet_snap.date_dim_4.d_date_sk IS NOT NULL
|  |  |     stored statistics:
|  |  |       table: rows=73.05K size=2.17MB
|  |  |       columns: all
|  |  |     extrapolated-rows=disabled max-scan-range-rows=73.05K
|  |  |     parquet statistics predicates: tpcds_partitioned_parquet_snap.date_dim_4.d_year IN (CAST(2000 AS INT), CAST(2001 AS INT), CAST(2002 AS INT), CAST(2003 AS INT))
|  |  |     parquet dictionary predicates: tpcds_partitioned_parquet_snap.date_dim_4.d_year IN (CAST(2000 AS INT), CAST(2001 AS INT), CAST(2002 AS INT), CAST(2003 AS INT)), tpcds_partitioned_parquet_snap.date_dim_4.d_date_sk IS NOT NULL
|  |  |     mem-estimate=16.00MB mem-reservation=1.00MB thread-reservation=0
|  |  |     tuple-ids=49 row-size=12B cardinality=1.49K cost=16728
|  |  |     in pipelines: 45(GETNEXT)
|  |  |
|  |  44:SCAN HDFS [tpcds_partitioned_parquet_snap.store_sales, RANDOM]
|  |     partition predicates: tpcds_partitioned_parquet_snap.store_sales_4.ss_sold_date_sk IS NOT NULL
|  |     HDFS partitions=1823/1824 files=1823 size=389.69GB
|  |     predicates: tpcds_partitioned_parquet_snap.store_sales_4.ss_item_sk IS NOT NULL
|  |     runtime filters: RF027[min_max] -> tpcds_partitioned_parquet_snap.store_sales_4.ss_item_sk, RF028[bloom] -> tpcds_partitioned_parquet_snap.store_sales_4.ss_sold_date_sk
|  |     stored statistics:
|  |       table: rows=8.64G size=389.90GB
|  |       partitions: 1823/1823 rows=8.25G
|  |       columns: all
|  |     extrapolated-rows=disabled max-scan-range-rows=12.24M est-scan-range=1491(filtered from 1823)
|  |     parquet dictionary predicates: tpcds_partitioned_parquet_snap.store_sales_4.ss_item_sk IS NOT NULL
|  |     mem-estimate=16.00MB mem-reservation=512.00KB thread-reservation=0
|  |     tuple-ids=47 row-size=8B cardinality=6.74G(filtered from 8.25G) cost=966357636
|  |     in pipelines: 44(GETNEXT)
|  |
|  43:HASH JOIN [INNER JOIN, BROADCAST]
|  |  hash-table-id=19
|  |  hash predicates: tpcds_partitioned_parquet_snap.web_sales.ws_sold_date_sk = tpcds_partitioned_parquet_snap.date_dim_3.d_date_sk
|  |  fk/pk conjuncts: tpcds_partitioned_parquet_snap.web_sales.ws_sold_date_sk = tpcds_partitioned_parquet_snap.date_dim_3.d_date_sk
|  |  mem-estimate=0B mem-reservation=0B spill-buffer=64.00KB thread-reservation=0
|  |  tuple-ids=43,45 row-size=32B cardinality=127.83M cost=55949996
|  |  in pipelines: 41(GETNEXT), 42(OPEN)
|  |
|  |--F57:PLAN FRAGMENT [RANDOM] hosts=10 instances=10
|  |  |  Per-Instance Resources: mem-estimate=22.33MB mem-reservation=22.31MB thread-reservation=1 runtime-filters-memory=1.00MB
|  |  |  max-parallelism=10 segment-costs=[248]
|  |  JOIN BUILD
|  |  |  join-table-id=19 plan-id=20 cohort-id=05
|  |  |  build expressions: tpcds_partitioned_parquet_snap.date_dim_3.d_date_sk
|  |  |  runtime filters: RF024[bloom] <- tpcds_partitioned_parquet_snap.date_dim_3.d_date_sk
|  |  |  mem-estimate=21.31MB mem-reservation=21.31MB spill-buffer=64.00KB thread-reservation=0 cost=108
|  |  |
|  |  79:EXCHANGE [BROADCAST]
|  |  |  mem-estimate=16.00KB mem-reservation=0B thread-reservation=0
|  |  |  tuple-ids=45 row-size=12B cardinality=108 cost=140
|  |  |  in pipelines: 42(GETNEXT)
|  |  |
|  |  F19:PLAN FRAGMENT [RANDOM] hosts=1 instances=1
|  |  Per-Instance Resources: mem-estimate=16.06MB mem-reservation=512.00KB thread-reservation=1
|  |  max-parallelism=1 segment-costs=[18785]
|  |  42:SCAN HDFS [tpcds_partitioned_parquet_snap.date_dim, RANDOM]
|  |     HDFS partitions=1/1 files=1 size=2.17MB
|  |     predicates: tpcds_partitioned_parquet_snap.date_dim_3.d_year = CAST(2000 AS INT), tpcds_partitioned_parquet_snap.date_dim_3.d_moy = CAST(5 AS INT), tpcds_partitioned_parquet_snap.date_dim_3.d_date_sk IS NOT NULL
|  |     stored statistics:
|  |       table: rows=73.05K size=2.17MB
|  |       columns: all
|  |     extrapolated-rows=disabled max-scan-range-rows=73.05K
|  |     parquet statistics predicates: tpcds_partitioned_parquet_snap.date_dim_3.d_year = CAST(2000 AS INT), tpcds_partitioned_parquet_snap.date_dim_3.d_moy = CAST(5 AS INT)
|  |     parquet dictionary predicates: tpcds_partitioned_parquet_snap.date_dim_3.d_year = CAST(2000 AS INT), tpcds_partitioned_parquet_snap.date_dim_3.d_moy = CAST(5 AS INT), tpcds_partitioned_parquet_snap.date_dim_3.d_date_sk IS NOT NULL
|  |     mem-estimate=16.00MB mem-reservation=512.00KB thread-reservation=0
|  |     tuple-ids=45 row-size=12B cardinality=108 cost=18780
|  |     in pipelines: 42(GETNEXT)
|  |
|  41:SCAN HDFS [tpcds_partitioned_parquet_snap.web_sales, RANDOM]
|     partition predicates: tpcds_partitioned_parquet_snap.web_sales.ws_sold_date_sk IS NOT NULL
|     HDFS partitions=1823/1824 files=1823 size=145.67GB
|     predicates: tpcds_partitioned_parquet_snap.web_sales.ws_bill_customer_sk IS NOT NULL, tpcds_partitioned_parquet_snap.web_sales.ws_item_sk IS NOT NULL
|     runtime filters: RF023[min_max] -> tpcds_partitioned_parquet_snap.web_sales.ws_item_sk, RF019[min_max] -> tpcds_partitioned_parquet_snap.web_sales.ws_bill_customer_sk, RF021[min_max] -> tpcds_partitioned_parquet_snap.web_sales.ws_bill_customer_sk, RF024[bloom] -> tpcds_partitioned_parquet_snap.web_sales.ws_sold_date_sk
|     stored statistics:
|       table: rows=2.16G size=145.75GB
|       partitions: 1823/1823 rows=2.16G
|       columns: all
|     extrapolated-rows=disabled max-scan-range-rows=3.37M est-scan-range=108(filtered from 1823)
|     parquet dictionary predicates: tpcds_partitioned_parquet_snap.web_sales.ws_bill_customer_sk IS NOT NULL, tpcds_partitioned_parquet_snap.web_sales.ws_item_sk IS NOT NULL
|     mem-estimate=16.00MB mem-reservation=128.00KB thread-reservation=0
|     tuple-ids=43 row-size=20B cardinality=127.83M(filtered from 2.16G) cost=44009150
|     in pipelines: 41(GETNEXT)
|
78:AGGREGATE [FINALIZE]
|  output: sum:merge(multiply(tpcds_partitioned_parquet_snap.catalog_sales.cs_quantity, tpcds_partitioned_parquet_snap.catalog_sales.cs_list_price))
|  group by: tpcds_partitioned_parquet_snap.customer_1.c_last_name, tpcds_partitioned_parquet_snap.customer_1.c_first_name
|  mem-estimate=151.00MB mem-reservation=34.00MB spill-buffer=2.00MB thread-reservation=0
|  tuple-ids=27 row-size=52B cardinality=25.02M cost=419431274
|  in pipelines: 78(GETNEXT), 13(OPEN)
|
77:EXCHANGE [HASH(tpcds_partitioned_parquet_snap.customer_1.c_last_name,tpcds_partitioned_parquet_snap.customer_1.c_first_name)]
|  mem-estimate=14.37MB mem-reservation=0B thread-reservation=0
|  tuple-ids=27 row-size=52B cardinality=222.77M cost=78004069
|  in pipelines: 13(GETNEXT)
|
F16:PLAN FRAGMENT [HASH(tpcds_partitioned_parquet_snap.catalog_sales.cs_bill_customer_sk)] hosts=10 instances=80 (adjusted from 120)
Per-Instance Resources: mem-estimate=171.76MB mem-reservation=34.00MB thread-reservation=1
max-parallelism=160 segment-costs=[1582154155, 860328332] cpu-comparison-result=461 [max(188 (self) vs 461 (sum children))]
27:AGGREGATE [STREAMING]
|  output: sum(multiply(CAST(tpcds_partitioned_parquet_snap.catalog_sales.cs_quantity AS DECIMAL(10,0)), tpcds_partitioned_parquet_snap.catalog_sales.cs_list_price))
|  group by: tpcds_partitioned_parquet_snap.customer_1.c_last_name, tpcds_partitioned_parquet_snap.customer_1.c_first_name
|  mem-estimate=132.38MB mem-reservation=34.00MB spill-buffer=2.00MB thread-reservation=0
|  tuple-ids=27 row-size=52B cardinality=222.77M cost=1326890508
|  in pipelines: 13(GETNEXT)
|
26:HASH JOIN [INNER JOIN, PARTITIONED]
|  hash-table-id=00
|  hash predicates: tpcds_partitioned_parquet_snap.catalog_sales.cs_bill_customer_sk = tpcds_partitioned_parquet_snap.customer_1.c_customer_sk
|  fk/pk conjuncts: tpcds_partitioned_parquet_snap.catalog_sales.cs_bill_customer_sk = tpcds_partitioned_parquet_snap.customer_1.c_customer_sk
|  mem-estimate=0B mem-reservation=0B spill-buffer=2.00MB thread-reservation=0
|  tuple-ids=13,15,24,4,12,25 row-size=112B cardinality=231.47M cost=106619499
|  in pipelines: 13(GETNEXT), 25(OPEN)
|
|--F38:PLAN FRAGMENT [HASH(tpcds_partitioned_parquet_snap.catalog_sales.cs_bill_customer_sk)] hosts=10 instances=80 (adjusted from 120)
|  |  Per-Instance Resources: mem-estimate=44.43MB mem-reservation=34.00MB thread-reservation=1
|  |  max-parallelism=160 segment-costs=[38848506]
|  JOIN BUILD
|  |  join-table-id=00 plan-id=01 cohort-id=01
|  |  build expressions: tpcds_partitioned_parquet_snap.customer_1.c_customer_sk
|  |  runtime filters: RF001[min_max] <- tpcds_partitioned_parquet_snap.customer_1.c_customer_sk
|  |  mem-estimate=34.00MB mem-reservation=34.00MB spill-buffer=2.00MB thread-reservation=0 cost=30000000
|  |
|  76:EXCHANGE [HASH(tpcds_partitioned_parquet_snap.customer_1.c_customer_sk)]
|  |  mem-estimate=10.43MB mem-reservation=0B thread-reservation=0
|  |  tuple-ids=25 row-size=40B cardinality=30.00M cost=8848506
|  |  in pipelines: 25(GETNEXT)
|  |
|  F15:PLAN FRAGMENT [RANDOM] hosts=10 instances=10
|  Per-Instance Resources: mem-estimate=29.74MB mem-reservation=1.00MB thread-reservation=1
|  max-parallelism=10 segment-costs=[100414022]
|  25:SCAN HDFS [tpcds_partitioned_parquet_snap.customer, RANDOM]
|     HDFS partitions=1/1 files=1 size=1.55GB
|     predicates: tpcds_partitioned_parquet_snap.customer_1.c_customer_sk IS NOT NULL
|     stored statistics:
|       table: rows=30.00M size=1.55GB
|       columns: all
|     extrapolated-rows=disabled max-scan-range-rows=3.10M
|     parquet dictionary predicates: tpcds_partitioned_parquet_snap.customer_1.c_customer_sk IS NOT NULL
|     mem-estimate=16.00MB mem-reservation=1.00MB thread-reservation=0
|     tuple-ids=25 row-size=40B cardinality=30.00M cost=7740933
|     in pipelines: 25(GETNEXT)
|
75:EXCHANGE [HASH(tpcds_partitioned_parquet_snap.catalog_sales.cs_bill_customer_sk)]
|  mem-estimate=19.70MB mem-reservation=0B thread-reservation=0
|  tuple-ids=13,15,24,4,12 row-size=72B cardinality=252.15M cost=148644148
|  in pipelines: 13(GETNEXT)
|
F00:PLAN FRAGMENT [RANDOM] hosts=10 instances=108 (adjusted from 120)
Per-Host Shared Resources: mem-estimate=1.00MB mem-reservation=1.00MB thread-reservation=0 runtime-filters-memory=1.00MB
Per-Instance Resources: mem-estimate=44.75MB mem-reservation=256.00KB thread-reservation=1
max-parallelism=108 segment-costs=[2237189003]
24:HASH JOIN [INNER JOIN, BROADCAST]
|  hash-table-id=01
|  hash predicates: tpcds_partitioned_parquet_snap.catalog_sales.cs_bill_customer_sk = tpcds_partitioned_parquet_snap.customer.c_customer_sk
|  fk/pk conjuncts: none
|  mem-estimate=0B mem-reservation=0B spill-buffer=2.00MB thread-reservation=0
|  tuple-ids=13,15,24,4,12 row-size=72B cardinality=252.15M cost=110367334
|  in pipelines: 13(GETNEXT), 66(OPEN)
|
|--F39:PLAN FRAGMENT [RANDOM] hosts=10 instances=10
|  |  Per-Instance Resources: mem-estimate=385.72MB mem-reservation=374.00MB thread-reservation=1
|  |  max-parallelism=10 segment-costs=[6987000] cpu-comparison-result=240 [max(10 (self) vs 240 (sum children))]
|  JOIN BUILD
|  |  join-table-id=01 plan-id=02 cohort-id=01
|  |  build expressions: tpcds_partitioned_parquet_snap.customer.c_customer_sk
|  |  runtime filters: RF003[min_max] <- tpcds_partitioned_parquet_snap.customer.c_customer_sk
|  |  mem-estimate=374.00MB mem-reservation=374.00MB spill-buffer=2.00MB thread-reservation=0 cost=3000000
|  |
|  74:EXCHANGE [BROADCAST]
|  |  mem-estimate=11.72MB mem-reservation=0B thread-reservation=0
|  |  tuple-ids=4,12 row-size=36B cardinality=3.00M cost=3987000
|  |  in pipelines: 66(GETNEXT)
|  |
|  F09:PLAN FRAGMENT [HASH(tpcds_partitioned_parquet_snap.customer.c_customer_sk)] hosts=10 instances=40 (adjusted from 120)
|  Per-Instance Resources: mem-estimate=46.81MB mem-reservation=34.00MB thread-reservation=1
|  max-parallelism=170 segment-costs=[1644760041, 1035900] cpu-comparison-result=240 [max(40 (self) vs 240 (sum children))]
|  12:NESTED LOOP JOIN [INNER JOIN, BROADCAST]
|  |  join table id: 02
|  |  join predicates: sum(multiply(tpcds_partitioned_parquet_snap.store_sales.ss_quantity, tpcds_partitioned_parquet_snap.store_sales.ss_sales_price)) > multiply(CAST(0.950000 AS DECIMAL(10,6)), max(sum(multiply(tpcds_partitioned_parquet_snap.store_sales_0.ss_quantity, tpcds_partitioned_parquet_snap.store_sales_0.ss_sales_price))))
|  |  mem-estimate=0B mem-reservation=0B thread-reservation=0
|  |  tuple-ids=4,12 row-size=36B cardinality=3.00M cost=614700
|  |  in pipelines: 66(GETNEXT), 72(OPEN)
|  |
|  |--F40:PLAN FRAGMENT [HASH(tpcds_partitioned_parquet_snap.customer.c_customer_sk)] hosts=10 instances=10
|  |  |  Per-Instance Resources: mem-estimate=16.02KB mem-reservation=0B thread-reservation=1
|  |  |  max-parallelism=10 segment-costs=[0] cpu-comparison-result=120 [max(10 (self) vs 120 (sum children))]
|  |  JOIN BUILD
|  |  |  join-table-id=02 plan-id=03 cohort-id=02
|  |  |  mem-estimate=16B mem-reservation=0B thread-reservation=0 cost=0
|  |  |
|  |  73:EXCHANGE [BROADCAST]
|  |  |  mem-estimate=16.00KB mem-reservation=0B thread-reservation=0
|  |  |  tuple-ids=12 row-size=16B cardinality=1 cost=0
|  |  |  in pipelines: 72(GETNEXT)
|  |  |
|  |  F14:PLAN FRAGMENT [UNPARTITIONED] hosts=1 instances=1
|  |  Per-Instance Resources: mem-estimate=109.94KB mem-reservation=0B thread-reservation=1
|  |  max-parallelism=1 segment-costs=[30, 0] cpu-comparison-result=120 [max(1 (self) vs 120 (sum children))]
|  |  72:AGGREGATE [FINALIZE]
|  |  |  output: max:merge(sum(multiply(tpcds_partitioned_parquet_snap.store_sales_0.ss_quantity, tpcds_partitioned_parquet_snap.store_sales_0.ss_sales_price)))
|  |  |  having: max(sum(multiply(tpcds_partitioned_parquet_snap.store_sales_0.ss_quantity, tpcds_partitioned_parquet_snap.store_sales_0.ss_sales_price))) IS NOT NULL
|  |  |  mem-estimate=16.00KB mem-reservation=0B spill-buffer=2.00MB thread-reservation=0
|  |  |  tuple-ids=12 row-size=16B cardinality=1 cost=8
|  |  |  in pipelines: 72(GETNEXT), 11(OPEN)
|  |  |
|  |  71:EXCHANGE [UNPARTITIONED]
|  |  |  mem-estimate=93.94KB mem-reservation=0B thread-reservation=0
|  |  |  tuple-ids=12 row-size=16B cardinality=120 cost=22
|  |  |  in pipelines: 11(GETNEXT)
|  |  |
|  |  F13:PLAN FRAGMENT [HASH(tpcds_partitioned_parquet_snap.customer_0.c_customer_sk)] hosts=10 instances=40 (adjusted from 120)
|  |  Per-Instance Resources: mem-estimate=46.81MB mem-reservation=34.00MB thread-reservation=1
|  |  max-parallelism=160 segment-costs=[1517038509, 2100000, 185] cpu-comparison-result=120 [max(40 (self) vs 120 (sum children))]
|  |  11:AGGREGATE
|  |  |  output: max(sum(multiply(tpcds_partitioned_parquet_snap.store_sales_0.ss_quantity, tpcds_partitioned_parquet_snap.store_sales_0.ss_sales_price)))
|  |  |  mem-estimate=16.00KB mem-reservation=0B spill-buffer=2.00MB thread-reservation=0
|  |  |  tuple-ids=12 row-size=16B cardinality=120 cost=2100000
|  |  |  in pipelines: 11(GETNEXT), 70(OPEN)
|  |  |
|  |  70:AGGREGATE [FINALIZE]
|  |  |  output: sum:merge(multiply(tpcds_partitioned_parquet_snap.store_sales_0.ss_quantity, tpcds_partitioned_parquet_snap.store_sales_0.ss_sales_price))
|  |  |  group by: tpcds_partitioned_parquet_snap.customer_0.c_customer_sk
|  |  |  mem-estimate=34.00MB mem-reservation=34.00MB spill-buffer=2.00MB thread-reservation=0
|  |  |  tuple-ids=11 row-size=20B cardinality=30.00M cost=927399987
|  |  |  in pipelines: 70(GETNEXT), 05(OPEN)
|  |  |
|  |  69:EXCHANGE [HASH(tpcds_partitioned_parquet_snap.customer_0.c_customer_sk)]
|  |  |  mem-estimate=12.81MB mem-reservation=0B thread-reservation=0
|  |  |  tuple-ids=11 row-size=20B cardinality=2.90G cost=589638522
|  |  |  in pipelines: 05(GETNEXT)
|  |  |
|  |  F10:PLAN FRAGMENT [RANDOM] hosts=10 instances=120
|  |  Per-Host Shared Resources: mem-estimate=17.00MB mem-reservation=17.00MB thread-reservation=0 runtime-filters-memory=17.00MB
|  |  Per-Instance Resources: mem-estimate=935.28MB mem-reservation=34.50MB thread-reservation=1
|  |  max-parallelism=1491 segment-costs=[16583597306, 5235037833] cpu-comparison-result=120 [max(120 (self) vs 31 (sum children))]
|  |  10:AGGREGATE [STREAMING]
|  |  |  output: sum(multiply(CAST(tpcds_partitioned_parquet_snap.store_sales_0.ss_quantity AS DECIMAL(10,0)), tpcds_partitioned_parquet_snap.store_sales_0.ss_sales_price))
|  |  |  group by: tpcds_partitioned_parquet_snap.customer_0.c_customer_sk
|  |  |  mem-estimate=915.53MB mem-reservation=34.00MB spill-buffer=2.00MB thread-reservation=0
|  |  |  tuple-ids=11 row-size=20B cardinality=2.90G cost=9298421436
|  |  |  in pipelines: 05(GETNEXT)
|  |  |
|  |  09:HASH JOIN [INNER JOIN, BROADCAST]
|  |  |  hash-table-id=03
|  |  |  hash predicates: tpcds_partitioned_parquet_snap.store_sales_0.ss_customer_sk = tpcds_partitioned_parquet_snap.customer_0.c_customer_sk
|  |  |  fk/pk conjuncts: tpcds_partitioned_parquet_snap.store_sales_0.ss_customer_sk = tpcds_partitioned_parquet_snap.customer_0.c_customer_sk
|  |  |  mem-estimate=0B mem-reservation=0B spill-buffer=2.00MB thread-reservation=0
|  |  |  tuple-ids=5,7,9 row-size=28B cardinality=5.91G cost=2723117041
|  |  |  in pipelines: 05(GETNEXT), 08(OPEN)
|  |  |
|  |  |--F41:PLAN FRAGMENT [RANDOM] hosts=10 instances=10
|  |  |  |  Per-Instance Resources: mem-estimate=908.52MB mem-reservation=424.00MB thread-reservation=1 runtime-filters-memory=16.00MB
|  |  |  |  max-parallelism=10 segment-costs=[69869990]
|  |  |  JOIN BUILD
|  |  |  |  join-table-id=03 plan-id=04 cohort-id=03
|  |  |  |  build expressions: tpcds_partitioned_parquet_snap.customer_0.c_customer_sk
|  |  |  |  runtime filters: RF014[bloom] <- tpcds_partitioned_parquet_snap.customer_0.c_customer_sk, RF015[min_max] <- tpcds_partitioned_parquet_snap.customer_0.c_customer_sk
|  |  |  |  mem-estimate=882.44MB mem-reservation=408.00MB spill-buffer=2.00MB thread-reservation=0 cost=30000000
|  |  |  |
|  |  |  68:EXCHANGE [BROADCAST]
|  |  |  |  mem-estimate=10.08MB mem-reservation=0B thread-reservation=0
|  |  |  |  tuple-ids=9 row-size=4B cardinality=30.00M cost=39869990
|  |  |  |  in pipelines: 08(GETNEXT)
|  |  |  |
|  |  |  F12:PLAN FRAGMENT [RANDOM] hosts=10 instances=10
|  |  |  Per-Instance Resources: mem-estimate=16.03MB mem-reservation=1.00MB thread-reservation=1
|  |  |  max-parallelism=10 segment-costs=[3543000]
|  |  |  08:SCAN HDFS [tpcds_partitioned_parquet_snap.customer, RANDOM]
|  |  |     HDFS partitions=1/1 files=1 size=1.55GB
|  |  |     predicates: tpcds_partitioned_parquet_snap.customer_0.c_customer_sk IS NOT NULL
|  |  |     stored statistics:
|  |  |       table: rows=30.00M size=1.55GB
|  |  |       columns: all
|  |  |     extrapolated-rows=disabled max-scan-range-rows=3.10M
|  |  |     parquet dictionary predicates: tpcds_partitioned_parquet_snap.customer_0.c_customer_sk IS NOT NULL
|  |  |     mem-estimate=16.00MB mem-reservation=1.00MB thread-reservation=0
|  |  |     tuple-ids=9 row-size=4B cardinality=30.00M cost=2571000
|  |  |     in pipelines: 08(GETNEXT)
|  |  |
|  |  07:HASH JOIN [INNER JOIN, BROADCAST]
|  |  |  hash-table-id=04
|  |  |  hash predicates: tpcds_partitioned_parquet_snap.store_sales_0.ss_sold_date_sk = tpcds_partitioned_parquet_snap.date_dim.d_date_sk
|  |  |  fk/pk conjuncts: tpcds_partitioned_parquet_snap.store_sales_0.ss_sold_date_sk = tpcds_partitioned_parquet_snap.date_dim.d_date_sk
|  |  |  mem-estimate=0B mem-reservation=0B spill-buffer=64.00KB thread-reservation=0
|  |  |  tuple-ids=5,7 row-size=24B cardinality=6.44G cost=2818838668
|  |  |  in pipelines: 05(GETNEXT), 06(OPEN)
|  |  |
|  |  |--F42:PLAN FRAGMENT [RANDOM] hosts=10 instances=10
|  |  |  |  Per-Instance Resources: mem-estimate=24.27MB mem-reservation=24.25MB thread-reservation=1 runtime-filters-memory=1.00MB
|  |  |  |  max-parallelism=10 segment-costs=[3471]
|  |  |  JOIN BUILD
|  |  |  |  join-table-id=04 plan-id=05 cohort-id=03
|  |  |  |  build expressions: tpcds_partitioned_parquet_snap.date_dim.d_date_sk
|  |  |  |  runtime filters: RF016[bloom] <- tpcds_partitioned_parquet_snap.date_dim.d_date_sk
|  |  |  |  mem-estimate=23.25MB mem-reservation=23.25MB spill-buffer=64.00KB thread-reservation=0 cost=1491
|  |  |  |
|  |  |  67:EXCHANGE [BROADCAST]
|  |  |  |  mem-estimate=23.65KB mem-reservation=0B thread-reservation=0
|  |  |  |  tuple-ids=7 row-size=8B cardinality=1.49K cost=1980
|  |  |  |  in pipelines: 06(GETNEXT)
|  |  |  |
|  |  |  F11:PLAN FRAGMENT [RANDOM] hosts=1 instances=1
|  |  |  Per-Instance Resources: mem-estimate=16.05MB mem-reservation=512.00KB thread-reservation=1
|  |  |  max-parallelism=1 segment-costs=[12584]
|  |  |  06:SCAN HDFS [tpcds_partitioned_parquet_snap.date_dim, RANDOM]
|  |  |     HDFS partitions=1/1 files=1 size=2.17MB
|  |  |     predicates: tpcds_partitioned_parquet_snap.date_dim.d_year IN (CAST(2000 AS INT), CAST(2001 AS INT), CAST(2002 AS INT), CAST(2003 AS INT)), tpcds_partitioned_parquet_snap.date_dim.d_date_sk IS NOT NULL
|  |  |     stored statistics:
|  |  |       table: rows=73.05K size=2.17MB
|  |  |       columns: all
|  |  |     extrapolated-rows=disabled max-scan-range-rows=73.05K
|  |  |     parquet statistics predicates: tpcds_partitioned_parquet_snap.date_dim.d_year IN (CAST(2000 AS INT), CAST(2001 AS INT), CAST(2002 AS INT), CAST(2003 AS INT))
|  |  |     parquet dictionary predicates: tpcds_partitioned_parquet_snap.date_dim.d_year IN (CAST(2000 AS INT), CAST(2001 AS INT), CAST(2002 AS INT), CAST(2003 AS INT)), tpcds_partitioned_parquet_snap.date_dim.d_date_sk IS NOT NULL
|  |  |     mem-estimate=16.00MB mem-reservation=512.00KB thread-reservation=0
|  |  |     tuple-ids=7 row-size=8B cardinality=1.49K cost=12520
|  |  |     in pipelines: 06(GETNEXT)
|  |  |
|  |  05:SCAN HDFS [tpcds_partitioned_parquet_snap.store_sales, RANDOM]
|  |     partition predicates: tpcds_partitioned_parquet_snap.store_sales_0.ss_sold_date_sk IS NOT NULL
|  |     HDFS partitions=1823/1824 files=1823 size=389.69GB
|  |     predicates: tpcds_partitioned_parquet_snap.store_sales_0.ss_customer_sk IS NOT NULL
|  |     runtime filters: RF015[min_max] -> tpcds_partitioned_parquet_snap.store_sales_0.ss_customer_sk, RF016[bloom] -> tpcds_partitioned_parquet_snap.store_sales_0.ss_sold_date_sk, RF014[bloom] -> tpcds_partitioned_parquet_snap.store_sales_0.ss_customer_sk
|  |     stored statistics:
|  |       table: rows=8.64G size=389.90GB
|  |       partitions: 1823/1823 rows=8.25G
|  |       columns: all
|  |     extrapolated-rows=disabled max-scan-range-rows=12.24M est-scan-range=1491(filtered from 1823)
|  |     parquet dictionary predicates: tpcds_partitioned_parquet_snap.store_sales_0.ss_customer_sk IS NOT NULL
|  |     mem-estimate=16.00MB mem-reservation=512.00KB thread-reservation=0
|  |     tuple-ids=5 row-size=16B cardinality=6.44G(filtered from 7.88G) cost=1743220161
|  |     in pipelines: 05(GETNEXT)
|  |
|  66:AGGREGATE [FINALIZE]
|  |  output: sum:merge(multiply(tpcds_partitioned_parquet_snap.store_sales.ss_quantity, tpcds_partitioned_parquet_snap.store_sales.ss_sales_price))
|  |  group by: tpcds_partitioned_parquet_snap.customer.c_customer_sk
|  |  having: sum(multiply(tpcds_partitioned_parquet_snap.store_sales.ss_quantity, tpcds_partitioned_parquet_snap.store_sales.ss_sales_price)) IS NOT NULL
|  |  mem-estimate=34.00MB mem-reservation=34.00MB spill-buffer=2.00MB thread-reservation=0
|  |  tuple-ids=4 row-size=20B cardinality=3.00M cost=1002780431
|  |  in pipelines: 66(GETNEXT), 01(OPEN)
|  |
|  65:EXCHANGE [HASH(tpcds_partitioned_parquet_snap.customer.c_customer_sk)]
|  |  mem-estimate=12.81MB mem-reservation=0B thread-reservation=0
|  |  tuple-ids=4 row-size=20B cardinality=3.16G cost=641979610
|  |  in pipelines: 01(GETNEXT)
|  |
|  F07:PLAN FRAGMENT [RANDOM] hosts=10 instances=120
|  Per-Host Shared Resources: mem-estimate=16.00MB mem-reservation=16.00MB thread-reservation=0 runtime-filters-memory=16.00MB
|  Per-Instance Resources: mem-estimate=935.28MB mem-reservation=42.00MB thread-reservation=1
|  max-parallelism=1560 segment-costs=[15599175032, 5699742164] cpu-comparison-result=120 [max(120 (self) vs 20 (sum children))]
|  04:AGGREGATE [STREAMING]
|  |  output: sum(multiply(CAST(tpcds_partitioned_parquet_snap.store_sales.ss_quantity AS DECIMAL(10,0)), tpcds_partitioned_parquet_snap.store_sales.ss_sales_price))
|  |  group by: tpcds_partitioned_parquet_snap.customer.c_customer_sk
|  |  mem-estimate=915.53MB mem-reservation=34.00MB spill-buffer=2.00MB thread-reservation=0
|  |  tuple-ids=4 row-size=20B cardinality=3.16G cost=10456590479
|  |  in pipelines: 01(GETNEXT)
|  |
|  03:HASH JOIN [INNER JOIN, BROADCAST]
|  |  hash-table-id=05
|  |  hash predicates: tpcds_partitioned_parquet_snap.store_sales.ss_customer_sk = tpcds_partitioned_parquet_snap.customer.c_customer_sk
|  |  fk/pk conjuncts: tpcds_partitioned_parquet_snap.store_sales.ss_customer_sk = tpcds_partitioned_parquet_snap.customer.c_customer_sk
|  |  mem-estimate=0B mem-reservation=0B spill-buffer=2.00MB thread-reservation=0
|  |  tuple-ids=0,2 row-size=16B cardinality=7.57G cost=3406821573
|  |  in pipelines: 01(GETNEXT), 02(OPEN)
|  |
|  |--F43:PLAN FRAGMENT [RANDOM] hosts=10 instances=10
|  |  |  Per-Instance Resources: mem-estimate=908.52MB mem-reservation=424.00MB thread-reservation=1 runtime-filters-memory=16.00MB
|  |  |  max-parallelism=10 segment-costs=[69869990]
|  |  JOIN BUILD
|  |  |  join-table-id=05 plan-id=06 cohort-id=02
|  |  |  build expressions: tpcds_partitioned_parquet_snap.customer.c_customer_sk
|  |  |  runtime filters: RF012[bloom] <- tpcds_partitioned_parquet_snap.customer.c_customer_sk, RF013[min_max] <- tpcds_partitioned_parquet_snap.customer.c_customer_sk
|  |  |  mem-estimate=882.44MB mem-reservation=408.00MB spill-buffer=2.00MB thread-reservation=0 cost=30000000
|  |  |
|  |  64:EXCHANGE [BROADCAST]
|  |  |  mem-estimate=10.08MB mem-reservation=0B thread-reservation=0
|  |  |  tuple-ids=2 row-size=4B cardinality=30.00M cost=39869990
|  |  |  in pipelines: 02(GETNEXT)
|  |  |
|  |  F08:PLAN FRAGMENT [RANDOM] hosts=10 instances=10
|  |  Per-Instance Resources: mem-estimate=16.03MB mem-reservation=1.00MB thread-reservation=1
|  |  max-parallelism=10 segment-costs=[3543000]
|  |  02:SCAN HDFS [tpcds_partitioned_parquet_snap.customer, RANDOM]
|  |     HDFS partitions=1/1 files=1 size=1.55GB
|  |     predicates: tpcds_partitioned_parquet_snap.customer.c_customer_sk IS NOT NULL
|  |     runtime filters: RF001[min_max] -> tpcds_partitioned_parquet_snap.customer.c_customer_sk
|  |     stored statistics:
|  |       table: rows=30.00M size=1.55GB
|  |       columns: all
|  |     extrapolated-rows=disabled max-scan-range-rows=3.10M
|  |     parquet dictionary predicates: tpcds_partitioned_parquet_snap.customer.c_customer_sk IS NOT NULL
|  |     mem-estimate=16.00MB mem-reservation=1.00MB thread-reservation=0
|  |     tuple-ids=2 row-size=4B cardinality=30.00M cost=2571000
|  |     in pipelines: 02(GETNEXT)
|  |
|  01:SCAN HDFS [tpcds_partitioned_parquet_snap.store_sales, RANDOM]
|     HDFS partitions=1824/1824 files=1824 size=389.90GB
|     predicates: tpcds_partitioned_parquet_snap.store_sales.ss_customer_sk IS NOT NULL
|     runtime filters: RF013[min_max] -> tpcds_partitioned_parquet_snap.store_sales.ss_customer_sk, RF001[min_max] -> tpcds_partitioned_parquet_snap.store_sales.ss_customer_sk, RF012[bloom] -> tpcds_partitioned_parquet_snap.store_sales.ss_customer_sk
|     stored statistics:
|       table: rows=8.64G size=389.90GB
|       partitions: 1824/1824 rows=8.64G
|       columns: all
|     extrapolated-rows=disabled max-scan-range-rows=390.22M
|     parquet dictionary predicates: tpcds_partitioned_parquet_snap.store_sales.ss_customer_sk IS NOT NULL
|     mem-estimate=16.00MB mem-reservation=8.00MB thread-reservation=0
|     tuple-ids=0 row-size=12B cardinality=7.93G(filtered from 8.25G) cost=1735762980
|     in pipelines: 01(GETNEXT)
|
23:HASH JOIN [INNER JOIN, BROADCAST]
|  hash-table-id=06
|  hash predicates: tpcds_partitioned_parquet_snap.catalog_sales.cs_item_sk = tpcds_partitioned_parquet_snap.item.i_item_sk
|  fk/pk conjuncts: tpcds_partitioned_parquet_snap.catalog_sales.cs_item_sk = tpcds_partitioned_parquet_snap.item.i_item_sk
|  mem-estimate=0B mem-reservation=0B spill-buffer=1.00MB thread-reservation=0
|  tuple-ids=13,15,24 row-size=36B cardinality=252.15M cost=110399672
|  in pipelines: 13(GETNEXT), 62(OPEN)
|
|--F44:PLAN FRAGMENT [RANDOM] hosts=10 instances=10
|  |  Per-Instance Resources: mem-estimate=188.45MB mem-reservation=187.00MB thread-reservation=1
|  |  max-parallelism=10 segment-costs=[838440] cpu-comparison-result=120 [max(10 (self) vs 120 (sum children))]
|  JOIN BUILD
|  |  join-table-id=06 plan-id=07 cohort-id=01
|  |  build expressions: tpcds_partitioned_parquet_snap.item.i_item_sk
|  |  runtime filters: RF005[min_max] <- tpcds_partitioned_parquet_snap.item.i_item_sk
|  |  mem-estimate=187.00MB mem-reservation=187.00MB spill-buffer=1.00MB thread-reservation=0 cost=360000
|  |
|  63:EXCHANGE [BROADCAST]
|  |  mem-estimate=1.45MB mem-reservation=0B thread-reservation=0
|  |  tuple-ids=24 row-size=4B cardinality=360.00K cost=478440
|  |  in pipelines: 62(GETNEXT)
|  |
|  F06:PLAN FRAGMENT [HASH(tpcds_partitioned_parquet_snap.item.i_item_sk)] hosts=10 instances=10 (adjusted from 120)
|  Per-Instance Resources: mem-estimate=20.94MB mem-reservation=1.94MB thread-reservation=1
|  max-parallelism=10 segment-costs=[19168992, 11664] cpu-comparison-result=120 [max(10 (self) vs 120 (sum children))]
|  62:AGGREGATE [FINALIZE]
|  |  group by: tpcds_partitioned_parquet_snap.item.i_item_sk
|  |  mem-estimate=10.00MB mem-reservation=1.94MB spill-buffer=64.00KB thread-reservation=0
|  |  tuple-ids=24 row-size=4B cardinality=360.00K cost=13574592
|  |  in pipelines: 62(GETNEXT), 60(OPEN)
|  |
|  61:EXCHANGE [HASH(tpcds_partitioned_parquet_snap.item.i_item_sk)]
|  |  mem-estimate=10.94MB mem-reservation=0B thread-reservation=0
|  |  tuple-ids=24 row-size=4B cardinality=43.20M cost=5594400
|  |  in pipelines: 60(GETNEXT)
|  |
|  F05:PLAN FRAGMENT [HASH(substr(tpcds_partitioned_parquet_snap.item.i_item_desc, 1, 30),tpcds_partitioned_parquet_snap.item.i_item_sk,tpcds_partitioned_parquet_snap.date_dim_1.d_date)] hosts=10 instances=120
|  Per-Instance Resources: mem-estimate=943.42MB mem-reservation=36.00MB thread-reservation=1
|  max-parallelism=4150 segment-costs=[41401851656, 309782714, 33384960] cpu-comparison-result=120 [max(120 (self) vs 120 (sum children))]
|  22:AGGREGATE [STREAMING]
|  |  group by: tpcds_partitioned_parquet_snap.item.i_item_sk
|  |  mem-estimate=10.00MB mem-reservation=2.00MB spill-buffer=64.00KB thread-reservation=0
|  |  tuple-ids=24 row-size=4B cardinality=43.20M cost=309782714
|  |  in pipelines: 60(GETNEXT)
|  |
|  60:AGGREGATE [FINALIZE]
|  |  output: count:merge()
|  |  group by: substr(tpcds_partitioned_parquet_snap.item.i_item_desc, 1, 30), tpcds_partitioned_parquet_snap.item.i_item_sk, tpcds_partitioned_parquet_snap.date_dim_1.d_date
|  |  having: count() > CAST(4 AS BIGINT)
|  |  mem-estimate=919.67MB mem-reservation=34.00MB spill-buffer=2.00MB thread-reservation=0
|  |  tuple-ids=23 row-size=28B cardinality=674.02M cost=39784870914
|  |  in pipelines: 60(GETNEXT), 16(OPEN)
|  |
|  59:EXCHANGE [HASH(substr(tpcds_partitioned_parquet_snap.item.i_item_desc, 1, 30),tpcds_partitioned_parquet_snap.item.i_item_sk,tpcds_partitioned_parquet_snap.date_dim_1.d_date)]
|  |  mem-estimate=13.75MB mem-reservation=0B thread-reservation=0
|  |  tuple-ids=23 row-size=28B cardinality=6.74G cost=1616980742
|  |  in pipelines: 16(GETNEXT)
|  |
|  F02:PLAN FRAGMENT [RANDOM] hosts=10 instances=120
|  Per-Host Shared Resources: mem-estimate=1.00MB mem-reservation=1.00MB thread-reservation=0 runtime-filters-memory=1.00MB
|  Per-Instance Resources: mem-estimate=816.75MB mem-reservation=34.50MB thread-reservation=1
|  max-parallelism=1491 segment-costs=[46653963840, 15626545035] cpu-comparison-result=120 [max(120 (self) vs 25 (sum children))]
|  21:AGGREGATE [STREAMING]
|  |  output: count()
|  |  group by: substr(tpcds_partitioned_parquet_snap.item.i_item_desc, CAST(1 AS BIGINT), CAST(30 AS BIGINT)), tpcds_partitioned_parquet_snap.item.i_item_sk, tpcds_partitioned_parquet_snap.date_dim_1.d_date
|  |  mem-estimate=785.75MB mem-reservation=34.00MB spill-buffer=2.00MB thread-reservation=0
|  |  tuple-ids=23 row-size=28B cardinality=6.74G cost=39784870914
|  |  in pipelines: 16(GETNEXT)
|  |
|  20:HASH JOIN [INNER JOIN, BROADCAST]
|  |  hash-table-id=07
|  |  hash predicates: tpcds_partitioned_parquet_snap.store_sales_1.ss_item_sk = tpcds_partitioned_parquet_snap.item.i_item_sk
|  |  fk/pk conjuncts: tpcds_partitioned_parquet_snap.store_sales_1.ss_item_sk = tpcds_partitioned_parquet_snap.item.i_item_sk
|  |  mem-estimate=0B mem-reservation=0B spill-buffer=2.00MB thread-reservation=0
|  |  tuple-ids=17,19,21 row-size=137B cardinality=6.74G cost=2951062313
|  |  in pipelines: 16(GETNEXT), 19(OPEN)
|  |
|  |--F45:PLAN FRAGMENT [RANDOM] hosts=10 instances=10
|  |  |  Per-Instance Resources: mem-estimate=418.47MB mem-reservation=408.00MB thread-reservation=1
|  |  |  max-parallelism=10 segment-costs=[838440]
|  |  JOIN BUILD
|  |  |  join-table-id=07 plan-id=08 cohort-id=04
|  |  |  build expressions: tpcds_partitioned_parquet_snap.item.i_item_sk
|  |  |  runtime filters: RF009[min_max] <- tpcds_partitioned_parquet_snap.item.i_item_sk
|  |  |  mem-estimate=408.00MB mem-reservation=408.00MB spill-buffer=2.00MB thread-reservation=0 cost=360000
|  |  |
|  |  58:EXCHANGE [BROADCAST]
|  |  |  mem-estimate=10.47MB mem-reservation=0B thread-reservation=0
|  |  |  tuple-ids=21 row-size=117B cardinality=360.00K cost=478440
|  |  |  in pipelines: 19(GETNEXT)
|  |  |
|  |  F04:PLAN FRAGMENT [RANDOM] hosts=4 instances=4
|  |  Per-Instance Resources: mem-estimate=16.47MB mem-reservation=512.00KB thread-reservation=1
|  |  max-parallelism=4 segment-costs=[673469]
|  |  19:SCAN HDFS [tpcds_partitioned_parquet_snap.item, RANDOM]
|  |     HDFS partitions=1/1 files=1 size=33.54MB
|  |     predicates: tpcds_partitioned_parquet_snap.item.i_item_sk IS NOT NULL
|  |     stored statistics:
|  |       table: rows=360.00K size=33.54MB
|  |       columns: all
|  |     extrapolated-rows=disabled max-scan-range-rows=101.54K
|  |     parquet dictionary predicates: tpcds_partitioned_parquet_snap.item.i_item_sk IS NOT NULL
|  |     mem-estimate=16.00MB mem-reservation=512.00KB thread-reservation=0
|  |     tuple-ids=21 row-size=117B cardinality=360.00K cost=552359
|  |     in pipelines: 19(GETNEXT)
|  |
|  18:HASH JOIN [INNER JOIN, BROADCAST]
|  |  hash-table-id=08
|  |  hash predicates: tpcds_partitioned_parquet_snap.store_sales_1.ss_sold_date_sk = tpcds_partitioned_parquet_snap.date_dim_1.d_date_sk
|  |  fk/pk conjuncts: tpcds_partitioned_parquet_snap.store_sales_1.ss_sold_date_sk = tpcds_partitioned_parquet_snap.date_dim_1.d_date_sk
|  |  mem-estimate=0B mem-reservation=0B spill-buffer=64.00KB thread-reservation=0
|  |  tuple-ids=17,19 row-size=20B cardinality=6.74G cost=2951672977
|  |  in pipelines: 16(GETNEXT), 17(OPEN)
|  |
|  |--F46:PLAN FRAGMENT [RANDOM] hosts=10 instances=10
|  |  |  Per-Instance Resources: mem-estimate=24.28MB mem-reservation=24.25MB thread-reservation=1 runtime-filters-memory=1.00MB
|  |  |  max-parallelism=10 segment-costs=[3471]
|  |  JOIN BUILD
|  |  |  join-table-id=08 plan-id=09 cohort-id=04
|  |  |  build expressions: tpcds_partitioned_parquet_snap.date_dim_1.d_date_sk
|  |  |  runtime filters: RF010[bloom] <- tpcds_partitioned_parquet_snap.date_dim_1.d_date_sk
|  |  |  mem-estimate=23.25MB mem-reservation=23.25MB spill-buffer=64.00KB thread-reservation=0 cost=1491
|  |  |
|  |  57:EXCHANGE [BROADCAST]
|  |  |  mem-estimate=33.47KB mem-reservation=0B thread-reservation=0
|  |  |  tuple-ids=19 row-size=12B cardinality=1.49K cost=1980
|  |  |  in pipelines: 17(GETNEXT)
|  |  |
|  |  F03:PLAN FRAGMENT [RANDOM] hosts=1 instances=1
|  |  Per-Instance Resources: mem-estimate=16.06MB mem-reservation=1.00MB thread-reservation=1
|  |  max-parallelism=1 segment-costs=[16808]
|  |  17:SCAN HDFS [tpcds_partitioned_parquet_snap.date_dim, RANDOM]
|  |     HDFS partitions=1/1 files=1 size=2.17MB
|  |     predicates: tpcds_partitioned_parquet_snap.date_dim_1.d_year IN (CAST(2000 AS INT), CAST(2001 AS INT), CAST(2002 AS INT), CAST(2003 AS INT)), tpcds_partitioned_parquet_snap.date_dim_1.d_date_sk IS NOT NULL
|  |     stored statistics:
|  |       table: rows=73.05K size=2.17MB
|  |       columns: all
|  |     extrapolated-rows=disabled max-scan-range-rows=73.05K
|  |     parquet statistics predicates: tpcds_partitioned_parquet_snap.date_dim_1.d_year IN (CAST(2000 AS INT), CAST(2001 AS INT), CAST(2002 AS INT), CAST(2003 AS INT))
|  |     parquet dictionary predicates: tpcds_partitioned_parquet_snap.date_dim_1.d_year IN (CAST(2000 AS INT), CAST(2001 AS INT), CAST(2002 AS INT), CAST(2003 AS INT)), tpcds_partitioned_parquet_snap.date_dim_1.d_date_sk IS NOT NULL
|  |     mem-estimate=16.00MB mem-reservation=1.00MB thread-reservation=0
|  |     tuple-ids=19 row-size=12B cardinality=1.49K cost=16728
|  |     in pipelines: 17(GETNEXT)
|  |
|  16:SCAN HDFS [tpcds_partitioned_parquet_snap.store_sales, RANDOM]
|     partition predicates: tpcds_partitioned_parquet_snap.store_sales_1.ss_sold_date_sk IS NOT NULL
|     HDFS partitions=1823/1824 files=1823 size=389.69GB
|     predicates: tpcds_partitioned_parquet_snap.store_sales_1.ss_item_sk IS NOT NULL
|     runtime filters: RF009[min_max] -> tpcds_partitioned_parquet_snap.store_sales_1.ss_item_sk, RF010[bloom] -> tpcds_partitioned_parquet_snap.store_sales_1.ss_sold_date_sk
|     stored statistics:
|       table: rows=8.64G size=389.90GB
|       partitions: 1823/1823 rows=8.25G
|       columns: all
|     extrapolated-rows=disabled max-scan-range-rows=12.24M est-scan-range=1491(filtered from 1823)
|     parquet dictionary predicates: tpcds_partitioned_parquet_snap.store_sales_1.ss_item_sk IS NOT NULL
|     mem-estimate=16.00MB mem-reservation=512.00KB thread-reservation=0
|     tuple-ids=17 row-size=8B cardinality=6.74G(filtered from 8.25G) cost=966357636
|     in pipelines: 16(GETNEXT)
|
15:HASH JOIN [INNER JOIN, BROADCAST]
|  hash-table-id=09
|  hash predicates: tpcds_partitioned_parquet_snap.catalog_sales.cs_sold_date_sk = tpcds_partitioned_parquet_snap.date_dim_0.d_date_sk
|  fk/pk conjuncts: tpcds_partitioned_parquet_snap.catalog_sales.cs_sold_date_sk = tpcds_partitioned_parquet_snap.date_dim_0.d_date_sk
|  mem-estimate=0B mem-reservation=0B spill-buffer=64.00KB thread-reservation=0
|  tuple-ids=13,15 row-size=32B cardinality=252.28M cost=110422517
|  in pipelines: 13(GETNEXT), 14(OPEN)
|
|--F47:PLAN FRAGMENT [RANDOM] hosts=10 instances=10
|  |  Per-Instance Resources: mem-estimate=22.33MB mem-reservation=22.31MB thread-reservation=1 runtime-filters-memory=1.00MB
|  |  max-parallelism=10 segment-costs=[248]
|  JOIN BUILD
|  |  join-table-id=09 plan-id=10 cohort-id=01
|  |  build expressions: tpcds_partitioned_parquet_snap.date_dim_0.d_date_sk
|  |  runtime filters: RF006[bloom] <- tpcds_partitioned_parquet_snap.date_dim_0.d_date_sk
|  |  mem-estimate=21.31MB mem-reservation=21.31MB spill-buffer=64.00KB thread-reservation=0 cost=108
|  |
|  56:EXCHANGE [BROADCAST]
|  |  mem-estimate=16.00KB mem-reservation=0B thread-reservation=0
|  |  tuple-ids=15 row-size=12B cardinality=108 cost=140
|  |  in pipelines: 14(GETNEXT)
|  |
|  F01:PLAN FRAGMENT [RANDOM] hosts=1 instances=1
|  Per-Instance Resources: mem-estimate=16.06MB mem-reservation=512.00KB thread-reservation=1
|  max-parallelism=1 segment-costs=[18785]
|  14:SCAN HDFS [tpcds_partitioned_parquet_snap.date_dim, RANDOM]
|     HDFS partitions=1/1 files=1 size=2.17MB
|     predicates: tpcds_partitioned_parquet_snap.date_dim_0.d_year = CAST(2000 AS INT), tpcds_partitioned_parquet_snap.date_dim_0.d_moy = CAST(5 AS INT), tpcds_partitioned_parquet_snap.date_dim_0.d_date_sk IS NOT NULL
|     stored statistics:
|       table: rows=73.05K size=2.17MB
|       columns: all
|     extrapolated-rows=disabled max-scan-range-rows=73.05K
|     parquet statistics predicates: tpcds_partitioned_parquet_snap.date_dim_0.d_year = CAST(2000 AS INT), tpcds_partitioned_parquet_snap.date_dim_0.d_moy = CAST(5 AS INT)
|     parquet dictionary predicates: tpcds_partitioned_parquet_snap.date_dim_0.d_year = CAST(2000 AS INT), tpcds_partitioned_parquet_snap.date_dim_0.d_moy = CAST(5 AS INT), tpcds_partitioned_parquet_snap.date_dim_0.d_date_sk IS NOT NULL
|     mem-estimate=16.00MB mem-reservation=512.00KB thread-reservation=0
|     tuple-ids=15 row-size=12B cardinality=108 cost=18780
|     in pipelines: 14(GETNEXT)
|
13:SCAN HDFS [tpcds_partitioned_parquet_snap.catalog_sales, RANDOM]
   partition predicates: tpcds_partitioned_parquet_snap.catalog_sales.cs_sold_date_sk IS NOT NULL
   HDFS partitions=1830/1831 files=1830 size=280.81GB
   predicates: tpcds_partitioned_parquet_snap.catalog_sales.cs_bill_customer_sk IS NOT NULL, tpcds_partitioned_parquet_snap.catalog_sales.cs_item_sk IS NOT NULL
   runtime filters: RF001[min_max] -> tpcds_partitioned_parquet_snap.catalog_sales.cs_bill_customer_sk, RF005[min_max] -> tpcds_partitioned_parquet_snap.catalog_sales.cs_item_sk, RF003[min_max] -> tpcds_partitioned_parquet_snap.catalog_sales.cs_bill_customer_sk, RF006[bloom] -> tpcds_partitioned_parquet_snap.catalog_sales.cs_sold_date_sk
   stored statistics:
     table: rows=4.32G size=280.96GB
     partitions: 1830/1830 rows=4.30G
     columns: all
   extrapolated-rows=disabled max-scan-range-rows=5.09M est-scan-range=108(filtered from 1830)
   parquet dictionary predicates: tpcds_partitioned_parquet_snap.catalog_sales.cs_bill_customer_sk IS NOT NULL, tpcds_partitioned_parquet_snap.catalog_sales.cs_item_sk IS NOT NULL
   mem-estimate=16.00MB mem-reservation=256.00KB thread-reservation=0
   tuple-ids=13 row-size=20B cardinality=252.28M(filtered from 4.28G) cost=87270877
   in pipelines: 13(GETNEXT)
---- PARALLELPLANS
Max Per-Host Resource Reservation: Memory=9.18GB Threads=214
Per-Host Resource Estimates: Memory=97.26GB
F37:PLAN FRAGMENT [UNPARTITIONED] hosts=1 instances=1
|  Per-Instance Resources: mem-estimate=4.38MB mem-reservation=4.00MB thread-reservation=1
|  max-parallelism=1 segment-costs=[333] cpu-comparison-result=932 [max(1 (self) vs 932 (sum children))]
PLAN-ROOT SINK
|  output exprs: C_LAST_NAME, C_FIRST_NAME, SALES
|  mem-estimate=4.00MB mem-reservation=4.00MB spill-buffer=2.00MB thread-reservation=0 cost=300
|
102:MERGING-EXCHANGE [UNPARTITIONED]
|  order by: C_LAST_NAME ASC NULLS LAST, C_FIRST_NAME ASC NULLS LAST, SALES ASC NULLS LAST
|  limit: 100
|  mem-estimate=387.11KB mem-reservation=0B thread-reservation=0
|  tuple-ids=57 row-size=40B cardinality=100 cost=33
|  in pipelines: 55(GETNEXT)
|
F36:PLAN FRAGMENT [RANDOM] hosts=10 instances=90 (adjusted from 120)
Per-Instance Resources: mem-estimate=165.38MB mem-reservation=34.00MB thread-reservation=1
max-parallelism=90 segment-costs=[497435343, 328994030, 721685539, 136] cpu-comparison-result=932 [max(90 (self) vs 932 (sum children))]
55:TOP-N [LIMIT=100]
|  order by: C_LAST_NAME ASC NULLS LAST, C_FIRST_NAME ASC NULLS LAST, SALES ASC NULLS LAST
|  mem-estimate=3.91KB mem-reservation=0B thread-reservation=0
|  tuple-ids=57 row-size=40B cardinality=100 cost=721685539
|  in pipelines: 55(GETNEXT), 78(OPEN), 101(OPEN)
|
00:UNION
|  pass-through-operands: all
|  mem-estimate=0B mem-reservation=0B thread-reservation=0
|  tuple-ids=56 row-size=40B cardinality=50.05M cost=0
|  in pipelines: 78(GETNEXT), 101(GETNEXT)
|
|--101:AGGREGATE [FINALIZE]
|  |  output: sum:merge(multiply(tpcds_partitioned_parquet_snap.web_sales.ws_quantity, tpcds_partitioned_parquet_snap.web_sales.ws_list_price))
|  |  group by: tpcds_partitioned_parquet_snap.customer_2.c_last_name, tpcds_partitioned_parquet_snap.customer_2.c_first_name
|  |  mem-estimate=84.78MB mem-reservation=34.00MB spill-buffer=2.00MB thread-reservation=0
|  |  tuple-ids=55 row-size=52B cardinality=25.02M cost=285195995
|  |  in pipelines: 101(GETNEXT), 41(OPEN)
|  |
|  100:EXCHANGE [HASH(tpcds_partitioned_parquet_snap.customer_2.c_last_name,tpcds_partitioned_parquet_snap.customer_2.c_first_name)]
|  |  mem-estimate=14.92MB mem-reservation=0B thread-reservation=0
|  |  tuple-ids=55 row-size=52B cardinality=125.08M cost=43798035
|  |  in pipelines: 41(GETNEXT)
|  |
|  F34:PLAN FRAGMENT [HASH(tpcds_partitioned_parquet_snap.web_sales.ws_bill_customer_sk)] hosts=10 instances=90 (adjusted from 120)
|  Per-Instance Resources: mem-estimate=104.33MB mem-reservation=34.00MB thread-reservation=1
|  max-parallelism=90 segment-costs=[873239128, 483060574] cpu-comparison-result=471 [max(198 (self) vs 471 (sum children))]
|  54:AGGREGATE [STREAMING]
|  |  output: sum(multiply(CAST(tpcds_partitioned_parquet_snap.web_sales.ws_quantity AS DECIMAL(10,0)), tpcds_partitioned_parquet_snap.web_sales.ws_list_price))
|  |  group by: tpcds_partitioned_parquet_snap.customer_2.c_last_name, tpcds_partitioned_parquet_snap.customer_2.c_first_name
|  |  mem-estimate=64.95MB mem-reservation=34.00MB spill-buffer=2.00MB thread-reservation=0
|  |  tuple-ids=55 row-size=52B cardinality=125.08M cost=742000575
|  |  in pipelines: 41(GETNEXT)
|  |
|  53:HASH JOIN [INNER JOIN, PARTITIONED]
|  |  hash-table-id=10
|  |  hash predicates: tpcds_partitioned_parquet_snap.web_sales.ws_bill_customer_sk = tpcds_partitioned_parquet_snap.customer_2.c_customer_sk
|  |  fk/pk conjuncts: none
|  |  mem-estimate=0B mem-reservation=0B spill-buffer=2.00MB thread-reservation=0
|  |  tuple-ids=43,45,54,34,42,28 row-size=112B cardinality=127.76M cost=55922035
|  |  in pipelines: 41(GETNEXT), 28(OPEN)
|  |
|  |--F48:PLAN FRAGMENT [HASH(tpcds_partitioned_parquet_snap.web_sales.ws_bill_customer_sk)] hosts=10 instances=90 (adjusted from 120)
|  |  |  Per-Instance Resources: mem-estimate=44.43MB mem-reservation=34.00MB thread-reservation=1
|  |  |  max-parallelism=90 segment-costs=[38848506]
|  |  JOIN BUILD
|  |  |  join-table-id=10 plan-id=11 cohort-id=05
|  |  |  build expressions: tpcds_partitioned_parquet_snap.customer_2.c_customer_sk
|  |  |  runtime filters: RF019[min_max] <- tpcds_partitioned_parquet_snap.customer_2.c_customer_sk
|  |  |  mem-estimate=34.00MB mem-reservation=34.00MB spill-buffer=2.00MB thread-reservation=0 cost=30000000
|  |  |
|  |  99:EXCHANGE [HASH(tpcds_partitioned_parquet_snap.customer_2.c_customer_sk)]
|  |  |  mem-estimate=10.43MB mem-reservation=0B thread-reservation=0
|  |  |  tuple-ids=28 row-size=40B cardinality=30.00M cost=8848506
|  |  |  in pipelines: 28(GETNEXT)
|  |  |
|  |  F33:PLAN FRAGMENT [RANDOM] hosts=10 instances=10
|  |  Per-Instance Resources: mem-estimate=31.46MB mem-reservation=1.00MB thread-reservation=1
|  |  max-parallelism=10 segment-costs=[100414022]
|  |  28:SCAN HDFS [tpcds_partitioned_parquet_snap.customer, RANDOM]
|  |     HDFS partitions=1/1 files=1 size=1.55GB
|  |     predicates: tpcds_partitioned_parquet_snap.customer_2.c_customer_sk IS NOT NULL
|  |     stored statistics:
|  |       table: rows=30.00M size=1.55GB
|  |       columns: all
|  |     extrapolated-rows=disabled max-scan-range-rows=3.10M
|  |     parquet dictionary predicates: tpcds_partitioned_parquet_snap.customer_2.c_customer_sk IS NOT NULL
|  |     mem-estimate=16.00MB mem-reservation=1.00MB thread-reservation=0
|  |     tuple-ids=28 row-size=40B cardinality=30.00M cost=7740933
|  |     in pipelines: 28(GETNEXT)
|  |
|  98:EXCHANGE [HASH(tpcds_partitioned_parquet_snap.web_sales.ws_bill_customer_sk)]
|  |  mem-estimate=19.70MB mem-reservation=0B thread-reservation=0
|  |  tuple-ids=43,45,54,34,42 row-size=72B cardinality=127.76M cost=75316518
|  |  in pipelines: 41(GETNEXT)
|  |
|  F18:PLAN FRAGMENT [RANDOM] hosts=10 instances=108 (adjusted from 120)
|  Per-Host Shared Resources: mem-estimate=1.00MB mem-reservation=1.00MB thread-reservation=0 runtime-filters-memory=1.00MB
|  Per-Instance Resources: mem-estimate=48.34MB mem-reservation=128.00KB thread-reservation=1
|  max-parallelism=108 segment-costs=[1133351381]
|  52:HASH JOIN [INNER JOIN, BROADCAST]
|  |  hash-table-id=11
|  |  hash predicates: tpcds_partitioned_parquet_snap.web_sales.ws_bill_customer_sk = tpcds_partitioned_parquet_snap.customer_3.c_customer_sk
|  |  fk/pk conjuncts: none
|  |  mem-estimate=0B mem-reservation=0B spill-buffer=2.00MB thread-reservation=0
|  |  tuple-ids=43,45,54,34,42 row-size=72B cardinality=127.76M cost=55922035
|  |  in pipelines: 41(GETNEXT), 89(OPEN)
|  |
|  |--F49:PLAN FRAGMENT [RANDOM] hosts=10 instances=10
|  |  |  Per-Instance Resources: mem-estimate=385.72MB mem-reservation=374.00MB thread-reservation=1
|  |  |  max-parallelism=10 segment-costs=[6987000] cpu-comparison-result=240 [max(10 (self) vs 240 (sum children))]
|  |  JOIN BUILD
|  |  |  join-table-id=11 plan-id=12 cohort-id=05
|  |  |  build expressions: tpcds_partitioned_parquet_snap.customer_3.c_customer_sk
|  |  |  runtime filters: RF021[min_max] <- tpcds_partitioned_parquet_snap.customer_3.c_customer_sk
|  |  |  mem-estimate=374.00MB mem-reservation=374.00MB spill-buffer=2.00MB thread-reservation=0 cost=3000000
|  |  |
|  |  97:EXCHANGE [BROADCAST]
|  |  |  mem-estimate=11.72MB mem-reservation=0B thread-reservation=0
|  |  |  tuple-ids=34,42 row-size=36B cardinality=3.00M cost=3987000
|  |  |  in pipelines: 89(GETNEXT)
|  |  |
|  |  F27:PLAN FRAGMENT [HASH(tpcds_partitioned_parquet_snap.customer_3.c_customer_sk)] hosts=10 instances=40 (adjusted from 120)
|  |  Per-Instance Resources: mem-estimate=46.81MB mem-reservation=34.00MB thread-reservation=1
|  |  max-parallelism=170 segment-costs=[1644760041, 1035900] cpu-comparison-result=240 [max(40 (self) vs 240 (sum children))]
|  |  40:NESTED LOOP JOIN [INNER JOIN, BROADCAST]
|  |  |  join table id: 12
|  |  |  join predicates: sum(multiply(tpcds_partitioned_parquet_snap.store_sales_2.ss_quantity, tpcds_partitioned_parquet_snap.store_sales_2.ss_sales_price)) > multiply(CAST(0.950000 AS DECIMAL(10,6)), max(sum(multiply(tpcds_partitioned_parquet_snap.store_sales_3.ss_quantity, tpcds_partitioned_parquet_snap.store_sales_3.ss_sales_price))))
|  |  |  mem-estimate=0B mem-reservation=0B thread-reservation=0
|  |  |  tuple-ids=34,42 row-size=36B cardinality=3.00M cost=614700
|  |  |  in pipelines: 89(GETNEXT), 95(OPEN)
|  |  |
|  |  |--F50:PLAN FRAGMENT [HASH(tpcds_partitioned_parquet_snap.customer_3.c_customer_sk)] hosts=10 instances=10
|  |  |  |  Per-Instance Resources: mem-estimate=16.02KB mem-reservation=0B thread-reservation=1
|  |  |  |  max-parallelism=10 segment-costs=[0] cpu-comparison-result=120 [max(10 (self) vs 120 (sum children))]
|  |  |  JOIN BUILD
|  |  |  |  join-table-id=12 plan-id=13 cohort-id=06
|  |  |  |  mem-estimate=16B mem-reservation=0B thread-reservation=0 cost=0
|  |  |  |
|  |  |  96:EXCHANGE [BROADCAST]
|  |  |  |  mem-estimate=16.00KB mem-reservation=0B thread-reservation=0
|  |  |  |  tuple-ids=42 row-size=16B cardinality=1 cost=0
|  |  |  |  in pipelines: 95(GETNEXT)
|  |  |  |
|  |  |  F32:PLAN FRAGMENT [UNPARTITIONED] hosts=1 instances=1
|  |  |  Per-Instance Resources: mem-estimate=109.94KB mem-reservation=0B thread-reservation=1
|  |  |  max-parallelism=1 segment-costs=[30, 0] cpu-comparison-result=120 [max(1 (self) vs 120 (sum children))]
|  |  |  95:AGGREGATE [FINALIZE]
|  |  |  |  output: max:merge(sum(multiply(tpcds_partitioned_parquet_snap.store_sales_3.ss_quantity, tpcds_partitioned_parquet_snap.store_sales_3.ss_sales_price)))
|  |  |  |  having: max(sum(multiply(tpcds_partitioned_parquet_snap.store_sales_3.ss_quantity, tpcds_partitioned_parquet_snap.store_sales_3.ss_sales_price))) IS NOT NULL
|  |  |  |  mem-estimate=16.00KB mem-reservation=0B spill-buffer=2.00MB thread-reservation=0
|  |  |  |  tuple-ids=42 row-size=16B cardinality=1 cost=8
|  |  |  |  in pipelines: 95(GETNEXT), 39(OPEN)
|  |  |  |
|  |  |  94:EXCHANGE [UNPARTITIONED]
|  |  |  |  mem-estimate=93.94KB mem-reservation=0B thread-reservation=0
|  |  |  |  tuple-ids=42 row-size=16B cardinality=120 cost=22
|  |  |  |  in pipelines: 39(GETNEXT)
|  |  |  |
|  |  |  F31:PLAN FRAGMENT [HASH(tpcds_partitioned_parquet_snap.customer_4.c_customer_sk)] hosts=10 instances=40 (adjusted from 120)
|  |  |  Per-Instance Resources: mem-estimate=46.81MB mem-reservation=34.00MB thread-reservation=1
|  |  |  max-parallelism=160 segment-costs=[1517038509, 2100000, 185] cpu-comparison-result=120 [max(40 (self) vs 120 (sum children))]
|  |  |  39:AGGREGATE
|  |  |  |  output: max(sum(multiply(tpcds_partitioned_parquet_snap.store_sales_3.ss_quantity, tpcds_partitioned_parquet_snap.store_sales_3.ss_sales_price)))
|  |  |  |  mem-estimate=16.00KB mem-reservation=0B spill-buffer=2.00MB thread-reservation=0
|  |  |  |  tuple-ids=42 row-size=16B cardinality=120 cost=2100000
|  |  |  |  in pipelines: 39(GETNEXT), 93(OPEN)
|  |  |  |
|  |  |  93:AGGREGATE [FINALIZE]
|  |  |  |  output: sum:merge(multiply(tpcds_partitioned_parquet_snap.store_sales_3.ss_quantity, tpcds_partitioned_parquet_snap.store_sales_3.ss_sales_price))
|  |  |  |  group by: tpcds_partitioned_parquet_snap.customer_4.c_customer_sk
|  |  |  |  mem-estimate=34.00MB mem-reservation=34.00MB spill-buffer=2.00MB thread-reservation=0
|  |  |  |  tuple-ids=41 row-size=20B cardinality=30.00M cost=927399987
|  |  |  |  in pipelines: 93(GETNEXT), 33(OPEN)
|  |  |  |
|  |  |  92:EXCHANGE [HASH(tpcds_partitioned_parquet_snap.customer_4.c_customer_sk)]
|  |  |  |  mem-estimate=12.81MB mem-reservation=0B thread-reservation=0
|  |  |  |  tuple-ids=41 row-size=20B cardinality=2.90G cost=589638522
|  |  |  |  in pipelines: 33(GETNEXT)
|  |  |  |
|  |  |  F28:PLAN FRAGMENT [RANDOM] hosts=10 instances=120
|  |  |  Per-Host Shared Resources: mem-estimate=17.00MB mem-reservation=17.00MB thread-reservation=0 runtime-filters-memory=17.00MB
|  |  |  Per-Instance Resources: mem-estimate=935.28MB mem-reservation=34.50MB thread-reservation=1
|  |  |  max-parallelism=1491 segment-costs=[16583597306, 5235037833] cpu-comparison-result=120 [max(120 (self) vs 31 (sum children))]
|  |  |  38:AGGREGATE [STREAMING]
|  |  |  |  output: sum(multiply(CAST(tpcds_partitioned_parquet_snap.store_sales_3.ss_quantity AS DECIMAL(10,0)), tpcds_partitioned_parquet_snap.store_sales_3.ss_sales_price))
|  |  |  |  group by: tpcds_partitioned_parquet_snap.customer_4.c_customer_sk
|  |  |  |  mem-estimate=915.53MB mem-reservation=34.00MB spill-buffer=2.00MB thread-reservation=0
|  |  |  |  tuple-ids=41 row-size=20B cardinality=2.90G cost=9298421436
|  |  |  |  in pipelines: 33(GETNEXT)
|  |  |  |
|  |  |  37:HASH JOIN [INNER JOIN, BROADCAST]
|  |  |  |  hash-table-id=13
|  |  |  |  hash predicates: tpcds_partitioned_parquet_snap.store_sales_3.ss_customer_sk = tpcds_partitioned_parquet_snap.customer_4.c_customer_sk
|  |  |  |  fk/pk conjuncts: tpcds_partitioned_parquet_snap.store_sales_3.ss_customer_sk = tpcds_partitioned_parquet_snap.customer_4.c_customer_sk
|  |  |  |  mem-estimate=0B mem-reservation=0B spill-buffer=2.00MB thread-reservation=0
|  |  |  |  tuple-ids=35,37,39 row-size=28B cardinality=5.91G cost=2723117041
|  |  |  |  in pipelines: 33(GETNEXT), 36(OPEN)
|  |  |  |
|  |  |  |--F51:PLAN FRAGMENT [RANDOM] hosts=10 instances=10
|  |  |  |  |  Per-Instance Resources: mem-estimate=908.52MB mem-reservation=424.00MB thread-reservation=1 runtime-filters-memory=16.00MB
|  |  |  |  |  max-parallelism=10 segment-costs=[69869990]
|  |  |  |  JOIN BUILD
|  |  |  |  |  join-table-id=13 plan-id=14 cohort-id=07
|  |  |  |  |  build expressions: tpcds_partitioned_parquet_snap.customer_4.c_customer_sk
|  |  |  |  |  runtime filters: RF032[bloom] <- tpcds_partitioned_parquet_snap.customer_4.c_customer_sk, RF033[min_max] <- tpcds_partitioned_parquet_snap.customer_4.c_customer_sk
|  |  |  |  |  mem-estimate=882.44MB mem-reservation=408.00MB spill-buffer=2.00MB thread-reservation=0 cost=30000000
|  |  |  |  |
|  |  |  |  91:EXCHANGE [BROADCAST]
|  |  |  |  |  mem-estimate=10.08MB mem-reservation=0B thread-reservation=0
|  |  |  |  |  tuple-ids=39 row-size=4B cardinality=30.00M cost=39869990
|  |  |  |  |  in pipelines: 36(GETNEXT)
|  |  |  |  |
|  |  |  |  F30:PLAN FRAGMENT [RANDOM] hosts=10 instances=10
|  |  |  |  Per-Instance Resources: mem-estimate=16.03MB mem-reservation=1.00MB thread-reservation=1
|  |  |  |  max-parallelism=10 segment-costs=[3543000]
|  |  |  |  36:SCAN HDFS [tpcds_partitioned_parquet_snap.customer, RANDOM]
|  |  |  |     HDFS partitions=1/1 files=1 size=1.55GB
|  |  |  |     predicates: tpcds_partitioned_parquet_snap.customer_4.c_customer_sk IS NOT NULL
|  |  |  |     stored statistics:
|  |  |  |       table: rows=30.00M size=1.55GB
|  |  |  |       columns: all
|  |  |  |     extrapolated-rows=disabled max-scan-range-rows=3.10M
|  |  |  |     parquet dictionary predicates: tpcds_partitioned_parquet_snap.customer_4.c_customer_sk IS NOT NULL
|  |  |  |     mem-estimate=16.00MB mem-reservation=1.00MB thread-reservation=0
|  |  |  |     tuple-ids=39 row-size=4B cardinality=30.00M cost=2571000
|  |  |  |     in pipelines: 36(GETNEXT)
|  |  |  |
|  |  |  35:HASH JOIN [INNER JOIN, BROADCAST]
|  |  |  |  hash-table-id=14
|  |  |  |  hash predicates: tpcds_partitioned_parquet_snap.store_sales_3.ss_sold_date_sk = tpcds_partitioned_parquet_snap.date_dim_2.d_date_sk
|  |  |  |  fk/pk conjuncts: tpcds_partitioned_parquet_snap.store_sales_3.ss_sold_date_sk = tpcds_partitioned_parquet_snap.date_dim_2.d_date_sk
|  |  |  |  mem-estimate=0B mem-reservation=0B spill-buffer=64.00KB thread-reservation=0
|  |  |  |  tuple-ids=35,37 row-size=24B cardinality=6.44G cost=2818838668
|  |  |  |  in pipelines: 33(GETNEXT), 34(OPEN)
|  |  |  |
|  |  |  |--F52:PLAN FRAGMENT [RANDOM] hosts=10 instances=10
|  |  |  |  |  Per-Instance Resources: mem-estimate=24.27MB mem-reservation=24.25MB thread-reservation=1 runtime-filters-memory=1.00MB
|  |  |  |  |  max-parallelism=10 segment-costs=[3471]
|  |  |  |  JOIN BUILD
|  |  |  |  |  join-table-id=14 plan-id=15 cohort-id=07
|  |  |  |  |  build expressions: tpcds_partitioned_parquet_snap.date_dim_2.d_date_sk
|  |  |  |  |  runtime filters: RF034[bloom] <- tpcds_partitioned_parquet_snap.date_dim_2.d_date_sk
|  |  |  |  |  mem-estimate=23.25MB mem-reservation=23.25MB spill-buffer=64.00KB thread-reservation=0 cost=1491
|  |  |  |  |
|  |  |  |  90:EXCHANGE [BROADCAST]
|  |  |  |  |  mem-estimate=23.65KB mem-reservation=0B thread-reservation=0
|  |  |  |  |  tuple-ids=37 row-size=8B cardinality=1.49K cost=1980
|  |  |  |  |  in pipelines: 34(GETNEXT)
|  |  |  |  |
|  |  |  |  F29:PLAN FRAGMENT [RANDOM] hosts=1 instances=1
|  |  |  |  Per-Instance Resources: mem-estimate=16.05MB mem-reservation=512.00KB thread-reservation=1
|  |  |  |  max-parallelism=1 segment-costs=[12584]
|  |  |  |  34:SCAN HDFS [tpcds_partitioned_parquet_snap.date_dim, RANDOM]
|  |  |  |     HDFS partitions=1/1 files=1 size=2.17MB
|  |  |  |     predicates: tpcds_partitioned_parquet_snap.date_dim_2.d_year IN (CAST(2000 AS INT), CAST(2001 AS INT), CAST(2002 AS INT), CAST(2003 AS INT)), tpcds_partitioned_parquet_snap.date_dim_2.d_date_sk IS NOT NULL
|  |  |  |     stored statistics:
|  |  |  |       table: rows=73.05K size=2.17MB
|  |  |  |       columns: all
|  |  |  |     extrapolated-rows=disabled max-scan-range-rows=73.05K
|  |  |  |     parquet statistics predicates: tpcds_partitioned_parquet_snap.date_dim_2.d_year IN (CAST(2000 AS INT), CAST(2001 AS INT), CAST(2002 AS INT), CAST(2003 AS INT))
|  |  |  |     parquet dictionary predicates: tpcds_partitioned_parquet_snap.date_dim_2.d_year IN (CAST(2000 AS INT), CAST(2001 AS INT), CAST(2002 AS INT), CAST(2003 AS INT)), tpcds_partitioned_parquet_snap.date_dim_2.d_date_sk IS NOT NULL
|  |  |  |     mem-estimate=16.00MB mem-reservation=512.00KB thread-reservation=0
|  |  |  |     tuple-ids=37 row-size=8B cardinality=1.49K cost=12520
|  |  |  |     in pipelines: 34(GETNEXT)
|  |  |  |
|  |  |  33:SCAN HDFS [tpcds_partitioned_parquet_snap.store_sales, RANDOM]
|  |  |     partition predicates: tpcds_partitioned_parquet_snap.store_sales_3.ss_sold_date_sk IS NOT NULL
|  |  |     HDFS partitions=1823/1824 files=1823 size=389.69GB
|  |  |     predicates: tpcds_partitioned_parquet_snap.store_sales_3.ss_customer_sk IS NOT NULL
|  |  |     runtime filters: RF033[min_max] -> tpcds_partitioned_parquet_snap.store_sales_3.ss_customer_sk, RF034[bloom] -> tpcds_partitioned_parquet_snap.store_sales_3.ss_sold_date_sk, RF032[bloom] -> tpcds_partitioned_parquet_snap.store_sales_3.ss_customer_sk
|  |  |     stored statistics:
|  |  |       table: rows=8.64G size=389.90GB
|  |  |       partitions: 1823/1823 rows=8.25G
|  |  |       columns: all
|  |  |     extrapolated-rows=disabled max-scan-range-rows=12.24M est-scan-range=1491(filtered from 1823)
|  |  |     parquet dictionary predicates: tpcds_partitioned_parquet_snap.store_sales_3.ss_customer_sk IS NOT NULL
|  |  |     mem-estimate=16.00MB mem-reservation=512.00KB thread-reservation=0
|  |  |     tuple-ids=35 row-size=16B cardinality=6.44G(filtered from 7.88G) cost=1743220161
|  |  |     in pipelines: 33(GETNEXT)
|  |  |
|  |  89:AGGREGATE [FINALIZE]
|  |  |  output: sum:merge(multiply(tpcds_partitioned_parquet_snap.store_sales_2.ss_quantity, tpcds_partitioned_parquet_snap.store_sales_2.ss_sales_price))
|  |  |  group by: tpcds_partitioned_parquet_snap.customer_3.c_customer_sk
|  |  |  having: sum(multiply(tpcds_partitioned_parquet_snap.store_sales_2.ss_quantity, tpcds_partitioned_parquet_snap.store_sales_2.ss_sales_price)) IS NOT NULL
|  |  |  mem-estimate=34.00MB mem-reservation=34.00MB spill-buffer=2.00MB thread-reservation=0
|  |  |  tuple-ids=34 row-size=20B cardinality=3.00M cost=1002780431
|  |  |  in pipelines: 89(GETNEXT), 29(OPEN)
|  |  |
|  |  88:EXCHANGE [HASH(tpcds_partitioned_parquet_snap.customer_3.c_customer_sk)]
|  |  |  mem-estimate=12.81MB mem-reservation=0B thread-reservation=0
|  |  |  tuple-ids=34 row-size=20B cardinality=3.16G cost=641979610
|  |  |  in pipelines: 29(GETNEXT)
|  |  |
|  |  F25:PLAN FRAGMENT [RANDOM] hosts=10 instances=120
|  |  Per-Host Shared Resources: mem-estimate=16.00MB mem-reservation=16.00MB thread-reservation=0 runtime-filters-memory=16.00MB
|  |  Per-Instance Resources: mem-estimate=935.28MB mem-reservation=42.00MB thread-reservation=1
|  |  max-parallelism=1560 segment-costs=[15599175032, 5699742164] cpu-comparison-result=120 [max(120 (self) vs 20 (sum children))]
|  |  32:AGGREGATE [STREAMING]
|  |  |  output: sum(multiply(CAST(tpcds_partitioned_parquet_snap.store_sales_2.ss_quantity AS DECIMAL(10,0)), tpcds_partitioned_parquet_snap.store_sales_2.ss_sales_price))
|  |  |  group by: tpcds_partitioned_parquet_snap.customer_3.c_customer_sk
|  |  |  mem-estimate=915.53MB mem-reservation=34.00MB spill-buffer=2.00MB thread-reservation=0
|  |  |  tuple-ids=34 row-size=20B cardinality=3.16G cost=10456590479
|  |  |  in pipelines: 29(GETNEXT)
|  |  |
|  |  31:HASH JOIN [INNER JOIN, BROADCAST]
|  |  |  hash-table-id=15
|  |  |  hash predicates: tpcds_partitioned_parquet_snap.store_sales_2.ss_customer_sk = tpcds_partitioned_parquet_snap.customer_3.c_customer_sk
|  |  |  fk/pk conjuncts: tpcds_partitioned_parquet_snap.store_sales_2.ss_customer_sk = tpcds_partitioned_parquet_snap.customer_3.c_customer_sk
|  |  |  mem-estimate=0B mem-reservation=0B spill-buffer=2.00MB thread-reservation=0
|  |  |  tuple-ids=30,32 row-size=16B cardinality=7.57G cost=3406821573
|  |  |  in pipelines: 29(GETNEXT), 30(OPEN)
|  |  |
|  |  |--F53:PLAN FRAGMENT [RANDOM] hosts=10 instances=10
|  |  |  |  Per-Instance Resources: mem-estimate=908.52MB mem-reservation=424.00MB thread-reservation=1 runtime-filters-memory=16.00MB
|  |  |  |  max-parallelism=10 segment-costs=[69869990]
|  |  |  JOIN BUILD
|  |  |  |  join-table-id=15 plan-id=16 cohort-id=06
|  |  |  |  build expressions: tpcds_partitioned_parquet_snap.customer_3.c_customer_sk
|  |  |  |  runtime filters: RF030[bloom] <- tpcds_partitioned_parquet_snap.customer_3.c_customer_sk, RF031[min_max] <- tpcds_partitioned_parquet_snap.customer_3.c_customer_sk
|  |  |  |  mem-estimate=882.44MB mem-reservation=408.00MB spill-buffer=2.00MB thread-reservation=0 cost=30000000
|  |  |  |
|  |  |  87:EXCHANGE [BROADCAST]
|  |  |  |  mem-estimate=10.08MB mem-reservation=0B thread-reservation=0
|  |  |  |  tuple-ids=32 row-size=4B cardinality=30.00M cost=39869990
|  |  |  |  in pipelines: 30(GETNEXT)
|  |  |  |
|  |  |  F26:PLAN FRAGMENT [RANDOM] hosts=10 instances=10
|  |  |  Per-Instance Resources: mem-estimate=16.03MB mem-reservation=1.00MB thread-reservation=1
|  |  |  max-parallelism=10 segment-costs=[3543000]
|  |  |  30:SCAN HDFS [tpcds_partitioned_parquet_snap.customer, RANDOM]
|  |  |     HDFS partitions=1/1 files=1 size=1.55GB
|  |  |     predicates: tpcds_partitioned_parquet_snap.customer_3.c_customer_sk IS NOT NULL
|  |  |     runtime filters: RF019[min_max] -> tpcds_partitioned_parquet_snap.customer_3.c_customer_sk
|  |  |     stored statistics:
|  |  |       table: rows=30.00M size=1.55GB
|  |  |       columns: all
|  |  |     extrapolated-rows=disabled max-scan-range-rows=3.10M
|  |  |     parquet dictionary predicates: tpcds_partitioned_parquet_snap.customer_3.c_customer_sk IS NOT NULL
|  |  |     mem-estimate=16.00MB mem-reservation=1.00MB thread-reservation=0
|  |  |     tuple-ids=32 row-size=4B cardinality=30.00M cost=2571000
|  |  |     in pipelines: 30(GETNEXT)
|  |  |
|  |  29:SCAN HDFS [tpcds_partitioned_parquet_snap.store_sales, RANDOM]
|  |     HDFS partitions=1824/1824 files=1824 size=389.90GB
|  |     predicates: tpcds_partitioned_parquet_snap.store_sales_2.ss_customer_sk IS NOT NULL
|  |     runtime filters: RF031[min_max] -> tpcds_partitioned_parquet_snap.store_sales_2.ss_customer_sk, RF019[min_max] -> tpcds_partitioned_parquet_snap.store_sales_2.ss_customer_sk, RF030[bloom] -> tpcds_partitioned_parquet_snap.store_sales_2.ss_customer_sk
|  |     stored statistics:
|  |       table: rows=8.64G size=389.90GB
|  |       partitions: 1824/1824 rows=8.64G
|  |       columns: all
|  |     extrapolated-rows=disabled max-scan-range-rows=390.22M
|  |     parquet dictionary predicates: tpcds_partitioned_parquet_snap.store_sales_2.ss_customer_sk IS NOT NULL
|  |     mem-estimate=16.00MB mem-reservation=8.00MB thread-reservation=0
|  |     tuple-ids=30 row-size=12B cardinality=7.93G(filtered from 8.25G) cost=1735762980
|  |     in pipelines: 29(GETNEXT)
|  |
|  51:HASH JOIN [INNER JOIN, BROADCAST]
|  |  hash-table-id=16
|  |  hash predicates: tpcds_partitioned_parquet_snap.web_sales.ws_item_sk = tpcds_partitioned_parquet_snap.item_0.i_item_sk
|  |  fk/pk conjuncts: tpcds_partitioned_parquet_snap.web_sales.ws_item_sk = tpcds_partitioned_parquet_snap.item_0.i_item_sk
|  |  mem-estimate=0B mem-reservation=0B spill-buffer=1.00MB thread-reservation=0
|  |  tuple-ids=43,45,54 row-size=36B cardinality=127.76M cost=55938421
|  |  in pipelines: 41(GETNEXT), 85(OPEN)
|  |
|  |--F54:PLAN FRAGMENT [RANDOM] hosts=10 instances=10
|  |  |  Per-Instance Resources: mem-estimate=188.45MB mem-reservation=187.00MB thread-reservation=1
|  |  |  max-parallelism=10 segment-costs=[838440] cpu-comparison-result=120 [max(10 (self) vs 120 (sum children))]
|  |  JOIN BUILD
|  |  |  join-table-id=16 plan-id=17 cohort-id=05
|  |  |  build expressions: tpcds_partitioned_parquet_snap.item_0.i_item_sk
|  |  |  runtime filters: RF023[min_max] <- tpcds_partitioned_parquet_snap.item_0.i_item_sk
|  |  |  mem-estimate=187.00MB mem-reservation=187.00MB spill-buffer=1.00MB thread-reservation=0 cost=360000
|  |  |
|  |  86:EXCHANGE [BROADCAST]
|  |  |  mem-estimate=1.45MB mem-reservation=0B thread-reservation=0
|  |  |  tuple-ids=54 row-size=4B cardinality=360.00K cost=478440
|  |  |  in pipelines: 85(GETNEXT)
|  |  |
|  |  F24:PLAN FRAGMENT [HASH(tpcds_partitioned_parquet_snap.item_0.i_item_sk)] hosts=10 instances=10 (adjusted from 120)
|  |  Per-Instance Resources: mem-estimate=20.94MB mem-reservation=1.94MB thread-reservation=1
|  |  max-parallelism=10 segment-costs=[19168992, 11664] cpu-comparison-result=120 [max(10 (self) vs 120 (sum children))]
|  |  85:AGGREGATE [FINALIZE]
|  |  |  group by: tpcds_partitioned_parquet_snap.item_0.i_item_sk
|  |  |  mem-estimate=10.00MB mem-reservation=1.94MB spill-buffer=64.00KB thread-reservation=0
|  |  |  tuple-ids=54 row-size=4B cardinality=360.00K cost=13574592
|  |  |  in pipelines: 85(GETNEXT), 83(OPEN)
|  |  |
|  |  84:EXCHANGE [HASH(tpcds_partitioned_parquet_snap.item_0.i_item_sk)]
|  |  |  mem-estimate=10.94MB mem-reservation=0B thread-reservation=0
|  |  |  tuple-ids=54 row-size=4B cardinality=43.20M cost=5594400
|  |  |  in pipelines: 83(GETNEXT)
|  |  |
|  |  F23:PLAN FRAGMENT [HASH(substr(tpcds_partitioned_parquet_snap.item_0.i_item_desc, 1, 30),tpcds_partitioned_parquet_snap.item_0.i_item_sk,tpcds_partitioned_parquet_snap.date_dim_4.d_date)] hosts=10 instances=120
|  |  Per-Instance Resources: mem-estimate=943.42MB mem-reservation=36.00MB thread-reservation=1
|  |  max-parallelism=4150 segment-costs=[41401851656, 309782714, 33384960] cpu-comparison-result=120 [max(120 (self) vs 120 (sum children))]
|  |  50:AGGREGATE [STREAMING]
|  |  |  group by: tpcds_partitioned_parquet_snap.item_0.i_item_sk
|  |  |  mem-estimate=10.00MB mem-reservation=2.00MB spill-buffer=64.00KB thread-reservation=0
|  |  |  tuple-ids=54 row-size=4B cardinality=43.20M cost=309782714
|  |  |  in pipelines: 83(GETNEXT)
|  |  |
|  |  83:AGGREGATE [FINALIZE]
|  |  |  output: count:merge()
|  |  |  group by: substr(tpcds_partitioned_parquet_snap.item_0.i_item_desc, 1, 30), tpcds_partitioned_parquet_snap.item_0.i_item_sk, tpcds_partitioned_parquet_snap.date_dim_4.d_date
|  |  |  having: count() > CAST(4 AS BIGINT)
|  |  |  mem-estimate=919.67MB mem-reservation=34.00MB spill-buffer=2.00MB thread-reservation=0
|  |  |  tuple-ids=53 row-size=28B cardinality=674.02M cost=39784870914
|  |  |  in pipelines: 83(GETNEXT), 44(OPEN)
|  |  |
|  |  82:EXCHANGE [HASH(substr(tpcds_partitioned_parquet_snap.item_0.i_item_desc, 1, 30),tpcds_partitioned_parquet_snap.item_0.i_item_sk,tpcds_partitioned_parquet_snap.date_dim_4.d_date)]
|  |  |  mem-estimate=13.75MB mem-reservation=0B thread-reservation=0
|  |  |  tuple-ids=53 row-size=28B cardinality=6.74G cost=1616980742
|  |  |  in pipelines: 44(GETNEXT)
|  |  |
|  |  F20:PLAN FRAGMENT [RANDOM] hosts=10 instances=120
|  |  Per-Host Shared Resources: mem-estimate=1.00MB mem-reservation=1.00MB thread-reservation=0 runtime-filters-memory=1.00MB
|  |  Per-Instance Resources: mem-estimate=816.75MB mem-reservation=34.50MB thread-reservation=1
|  |  max-parallelism=1491 segment-costs=[46653963840, 15626545035] cpu-comparison-result=120 [max(120 (self) vs 25 (sum children))]
|  |  49:AGGREGATE [STREAMING]
|  |  |  output: count()
|  |  |  group by: substr(tpcds_partitioned_parquet_snap.item_0.i_item_desc, CAST(1 AS BIGINT), CAST(30 AS BIGINT)), tpcds_partitioned_parquet_snap.item_0.i_item_sk, tpcds_partitioned_parquet_snap.date_dim_4.d_date
|  |  |  mem-estimate=785.75MB mem-reservation=34.00MB spill-buffer=2.00MB thread-reservation=0
|  |  |  tuple-ids=53 row-size=28B cardinality=6.74G cost=39784870914
|  |  |  in pipelines: 44(GETNEXT)
|  |  |
|  |  48:HASH JOIN [INNER JOIN, BROADCAST]
|  |  |  hash-table-id=17
|  |  |  hash predicates: tpcds_partitioned_parquet_snap.store_sales_4.ss_item_sk = tpcds_partitioned_parquet_snap.item_0.i_item_sk
|  |  |  fk/pk conjuncts: tpcds_partitioned_parquet_snap.store_sales_4.ss_item_sk = tpcds_partitioned_parquet_snap.item_0.i_item_sk
|  |  |  mem-estimate=0B mem-reservation=0B spill-buffer=2.00MB thread-reservation=0
|  |  |  tuple-ids=47,49,51 row-size=137B cardinality=6.74G cost=2951062313
|  |  |  in pipelines: 44(GETNEXT), 47(OPEN)
|  |  |
|  |  |--F55:PLAN FRAGMENT [RANDOM] hosts=10 instances=10
|  |  |  |  Per-Instance Resources: mem-estimate=418.47MB mem-reservation=408.00MB thread-reservation=1
|  |  |  |  max-parallelism=10 segment-costs=[838440]
|  |  |  JOIN BUILD
|  |  |  |  join-table-id=17 plan-id=18 cohort-id=08
|  |  |  |  build expressions: tpcds_partitioned_parquet_snap.item_0.i_item_sk
|  |  |  |  runtime filters: RF027[min_max] <- tpcds_partitioned_parquet_snap.item_0.i_item_sk
|  |  |  |  mem-estimate=408.00MB mem-reservation=408.00MB spill-buffer=2.00MB thread-reservation=0 cost=360000
|  |  |  |
|  |  |  81:EXCHANGE [BROADCAST]
|  |  |  |  mem-estimate=10.47MB mem-reservation=0B thread-reservation=0
|  |  |  |  tuple-ids=51 row-size=117B cardinality=360.00K cost=478440
|  |  |  |  in pipelines: 47(GETNEXT)
|  |  |  |
|  |  |  F22:PLAN FRAGMENT [RANDOM] hosts=4 instances=4
|  |  |  Per-Instance Resources: mem-estimate=16.47MB mem-reservation=512.00KB thread-reservation=1
|  |  |  max-parallelism=4 segment-costs=[673469]
|  |  |  47:SCAN HDFS [tpcds_partitioned_parquet_snap.item, RANDOM]
|  |  |     HDFS partitions=1/1 files=1 size=33.54MB
|  |  |     predicates: tpcds_partitioned_parquet_snap.item_0.i_item_sk IS NOT NULL
|  |  |     stored statistics:
|  |  |       table: rows=360.00K size=33.54MB
|  |  |       columns: all
|  |  |     extrapolated-rows=disabled max-scan-range-rows=101.54K
|  |  |     parquet dictionary predicates: tpcds_partitioned_parquet_snap.item_0.i_item_sk IS NOT NULL
|  |  |     mem-estimate=16.00MB mem-reservation=512.00KB thread-reservation=0
|  |  |     tuple-ids=51 row-size=117B cardinality=360.00K cost=552359
|  |  |     in pipelines: 47(GETNEXT)
|  |  |
|  |  46:HASH JOIN [INNER JOIN, BROADCAST]
|  |  |  hash-table-id=18
|  |  |  hash predicates: tpcds_partitioned_parquet_snap.store_sales_4.ss_sold_date_sk = tpcds_partitioned_parquet_snap.date_dim_4.d_date_sk
|  |  |  fk/pk conjuncts: tpcds_partitioned_parquet_snap.store_sales_4.ss_sold_date_sk = tpcds_partitioned_parquet_snap.date_dim_4.d_date_sk
|  |  |  mem-estimate=0B mem-reservation=0B spill-buffer=64.00KB thread-reservation=0
|  |  |  tuple-ids=47,49 row-size=20B cardinality=6.74G cost=2951672977
|  |  |  in pipelines: 44(GETNEXT), 45(OPEN)
|  |  |
|  |  |--F56:PLAN FRAGMENT [RANDOM] hosts=10 instances=10
|  |  |  |  Per-Instance Resources: mem-estimate=24.28MB mem-reservation=24.25MB thread-reservation=1 runtime-filters-memory=1.00MB
|  |  |  |  max-parallelism=10 segment-costs=[3471]
|  |  |  JOIN BUILD
|  |  |  |  join-table-id=18 plan-id=19 cohort-id=08
|  |  |  |  build expressions: tpcds_partitioned_parquet_snap.date_dim_4.d_date_sk
|  |  |  |  runtime filters: RF028[bloom] <- tpcds_partitioned_parquet_snap.date_dim_4.d_date_sk
|  |  |  |  mem-estimate=23.25MB mem-reservation=23.25MB spill-buffer=64.00KB thread-reservation=0 cost=1491
|  |  |  |
|  |  |  80:EXCHANGE [BROADCAST]
|  |  |  |  mem-estimate=33.47KB mem-reservation=0B thread-reservation=0
|  |  |  |  tuple-ids=49 row-size=12B cardinality=1.49K cost=1980
|  |  |  |  in pipelines: 45(GETNEXT)
|  |  |  |
|  |  |  F21:PLAN FRAGMENT [RANDOM] hosts=1 instances=1
|  |  |  Per-Instance Resources: mem-estimate=16.06MB mem-reservation=1.00MB thread-reservation=1
|  |  |  max-parallelism=1 segment-costs=[16808]
|  |  |  45:SCAN HDFS [tpcds_partitioned_parquet_snap.date_dim, RANDOM]
|  |  |     HDFS partitions=1/1 files=1 size=2.17MB
|  |  |     predicates: tpcds_partitioned_parquet_snap.date_dim_4.d_year IN (CAST(2000 AS INT), CAST(2001 AS INT), CAST(2002 AS INT), CAST(2003 AS INT)), tpcds_partitioned_parquet_snap.date_dim_4.d_date_sk IS NOT NULL
|  |  |     stored statistics:
|  |  |       table: rows=73.05K size=2.17MB
|  |  |       columns: all
|  |  |     extrapolated-rows=disabled max-scan-range-rows=73.05K
|  |  |     parquet statistics predicates: tpcds_partitioned_parquet_snap.date_dim_4.d_year IN (CAST(2000 AS INT), CAST(2001 AS INT), CAST(2002 AS INT), CAST(2003 AS INT))
|  |  |     parquet dictionary predicates: tpcds_partitioned_parquet_snap.date_dim_4.d_year IN (CAST(2000 AS INT), CAST(2001 AS INT), CAST(2002 AS INT), CAST(2003 AS INT)), tpcds_partitioned_parquet_snap.date_dim_4.d_date_sk IS NOT NULL
|  |  |     mem-estimate=16.00MB mem-reservation=1.00MB thread-reservation=0
|  |  |     tuple-ids=49 row-size=12B cardinality=1.49K cost=16728
|  |  |     in pipelines: 45(GETNEXT)
|  |  |
|  |  44:SCAN HDFS [tpcds_partitioned_parquet_snap.store_sales, RANDOM]
|  |     partition predicates: tpcds_partitioned_parquet_snap.store_sales_4.ss_sold_date_sk IS NOT NULL
|  |     HDFS partitions=1823/1824 files=1823 size=389.69GB
|  |     predicates: tpcds_partitioned_parquet_snap.store_sales_4.ss_item_sk IS NOT NULL
|  |     runtime filters: RF027[min_max] -> tpcds_partitioned_parquet_snap.store_sales_4.ss_item_sk, RF028[bloom] -> tpcds_partitioned_parquet_snap.store_sales_4.ss_sold_date_sk
|  |     stored statistics:
|  |       table: rows=8.64G size=389.90GB
|  |       partitions: 1823/1823 rows=8.25G
|  |       columns: all
|  |     extrapolated-rows=disabled max-scan-range-rows=12.24M est-scan-range=1491(filtered from 1823)
|  |     parquet dictionary predicates: tpcds_partitioned_parquet_snap.store_sales_4.ss_item_sk IS NOT NULL
|  |     mem-estimate=16.00MB mem-reservation=512.00KB thread-reservation=0
|  |     tuple-ids=47 row-size=8B cardinality=6.74G(filtered from 8.25G) cost=966357636
|  |     in pipelines: 44(GETNEXT)
|  |
|  43:HASH JOIN [INNER JOIN, BROADCAST]
|  |  hash-table-id=19
|  |  hash predicates: tpcds_partitioned_parquet_snap.web_sales.ws_sold_date_sk = tpcds_partitioned_parquet_snap.date_dim_3.d_date_sk
|  |  fk/pk conjuncts: tpcds_partitioned_parquet_snap.web_sales.ws_sold_date_sk = tpcds_partitioned_parquet_snap.date_dim_3.d_date_sk
|  |  mem-estimate=0B mem-reservation=0B spill-buffer=64.00KB thread-reservation=0
|  |  tuple-ids=43,45 row-size=32B cardinality=127.83M cost=55949996
|  |  in pipelines: 41(GETNEXT), 42(OPEN)
|  |
|  |--F57:PLAN FRAGMENT [RANDOM] hosts=10 instances=10
|  |  |  Per-Instance Resources: mem-estimate=22.33MB mem-reservation=22.31MB thread-reservation=1 runtime-filters-memory=1.00MB
|  |  |  max-parallelism=10 segment-costs=[248]
|  |  JOIN BUILD
|  |  |  join-table-id=19 plan-id=20 cohort-id=05
|  |  |  build expressions: tpcds_partitioned_parquet_snap.date_dim_3.d_date_sk
|  |  |  runtime filters: RF024[bloom] <- tpcds_partitioned_parquet_snap.date_dim_3.d_date_sk
|  |  |  mem-estimate=21.31MB mem-reservation=21.31MB spill-buffer=64.00KB thread-reservation=0 cost=108
|  |  |
|  |  79:EXCHANGE [BROADCAST]
|  |  |  mem-estimate=16.00KB mem-reservation=0B thread-reservation=0
|  |  |  tuple-ids=45 row-size=12B cardinality=108 cost=140
|  |  |  in pipelines: 42(GETNEXT)
|  |  |
|  |  F19:PLAN FRAGMENT [RANDOM] hosts=1 instances=1
|  |  Per-Instance Resources: mem-estimate=16.06MB mem-reservation=512.00KB thread-reservation=1
|  |  max-parallelism=1 segment-costs=[18785]
|  |  42:SCAN HDFS [tpcds_partitioned_parquet_snap.date_dim, RANDOM]
|  |     HDFS partitions=1/1 files=1 size=2.17MB
|  |     predicates: tpcds_partitioned_parquet_snap.date_dim_3.d_year = CAST(2000 AS INT), tpcds_partitioned_parquet_snap.date_dim_3.d_moy = CAST(5 AS INT), tpcds_partitioned_parquet_snap.date_dim_3.d_date_sk IS NOT NULL
|  |     stored statistics:
|  |       table: rows=73.05K size=2.17MB
|  |       columns: all
|  |     extrapolated-rows=disabled max-scan-range-rows=73.05K
|  |     parquet statistics predicates: tpcds_partitioned_parquet_snap.date_dim_3.d_year = CAST(2000 AS INT), tpcds_partitioned_parquet_snap.date_dim_3.d_moy = CAST(5 AS INT)
|  |     parquet dictionary predicates: tpcds_partitioned_parquet_snap.date_dim_3.d_year = CAST(2000 AS INT), tpcds_partitioned_parquet_snap.date_dim_3.d_moy = CAST(5 AS INT), tpcds_partitioned_parquet_snap.date_dim_3.d_date_sk IS NOT NULL
|  |     mem-estimate=16.00MB mem-reservation=512.00KB thread-reservation=0
|  |     tuple-ids=45 row-size=12B cardinality=108 cost=18780
|  |     in pipelines: 42(GETNEXT)
|  |
|  41:SCAN HDFS [tpcds_partitioned_parquet_snap.web_sales, RANDOM]
|     partition predicates: tpcds_partitioned_parquet_snap.web_sales.ws_sold_date_sk IS NOT NULL
|     HDFS partitions=1823/1824 files=1823 size=145.67GB
|     predicates: tpcds_partitioned_parquet_snap.web_sales.ws_bill_customer_sk IS NOT NULL, tpcds_partitioned_parquet_snap.web_sales.ws_item_sk IS NOT NULL
|     runtime filters: RF023[min_max] -> tpcds_partitioned_parquet_snap.web_sales.ws_item_sk, RF019[min_max] -> tpcds_partitioned_parquet_snap.web_sales.ws_bill_customer_sk, RF021[min_max] -> tpcds_partitioned_parquet_snap.web_sales.ws_bill_customer_sk, RF024[bloom] -> tpcds_partitioned_parquet_snap.web_sales.ws_sold_date_sk
|     stored statistics:
|       table: rows=2.16G size=145.75GB
|       partitions: 1823/1823 rows=2.16G
|       columns: all
|     extrapolated-rows=disabled max-scan-range-rows=3.37M est-scan-range=108(filtered from 1823)
|     parquet dictionary predicates: tpcds_partitioned_parquet_snap.web_sales.ws_bill_customer_sk IS NOT NULL, tpcds_partitioned_parquet_snap.web_sales.ws_item_sk IS NOT NULL
|     mem-estimate=16.00MB mem-reservation=128.00KB thread-reservation=0
|     tuple-ids=43 row-size=20B cardinality=127.83M(filtered from 2.16G) cost=44009150
|     in pipelines: 41(GETNEXT)
|
78:AGGREGATE [FINALIZE]
|  output: sum:merge(multiply(tpcds_partitioned_parquet_snap.catalog_sales.cs_quantity, tpcds_partitioned_parquet_snap.catalog_sales.cs_list_price))
|  group by: tpcds_partitioned_parquet_snap.customer_1.c_last_name, tpcds_partitioned_parquet_snap.customer_1.c_first_name
|  mem-estimate=151.00MB mem-reservation=34.00MB spill-buffer=2.00MB thread-reservation=0
|  tuple-ids=27 row-size=52B cardinality=25.02M cost=419431274
|  in pipelines: 78(GETNEXT), 13(OPEN)
|
77:EXCHANGE [HASH(tpcds_partitioned_parquet_snap.customer_1.c_last_name,tpcds_partitioned_parquet_snap.customer_1.c_first_name)]
|  mem-estimate=14.37MB mem-reservation=0B thread-reservation=0
|  tuple-ids=27 row-size=52B cardinality=222.77M cost=78004069
|  in pipelines: 13(GETNEXT)
|
F16:PLAN FRAGMENT [HASH(tpcds_partitioned_parquet_snap.catalog_sales.cs_bill_customer_sk)] hosts=10 instances=80 (adjusted from 120)
Per-Instance Resources: mem-estimate=171.76MB mem-reservation=34.00MB thread-reservation=1
max-parallelism=160 segment-costs=[1582154155, 860328332] cpu-comparison-result=461 [max(188 (self) vs 461 (sum children))]
27:AGGREGATE [STREAMING]
|  output: sum(multiply(CAST(tpcds_partitioned_parquet_snap.catalog_sales.cs_quantity AS DECIMAL(10,0)), tpcds_partitioned_parquet_snap.catalog_sales.cs_list_price))
|  group by: tpcds_partitioned_parquet_snap.customer_1.c_last_name, tpcds_partitioned_parquet_snap.customer_1.c_first_name
|  mem-estimate=132.38MB mem-reservation=34.00MB spill-buffer=2.00MB thread-reservation=0
|  tuple-ids=27 row-size=52B cardinality=222.77M cost=1326890508
|  in pipelines: 13(GETNEXT)
|
26:HASH JOIN [INNER JOIN, PARTITIONED]
|  hash-table-id=00
|  hash predicates: tpcds_partitioned_parquet_snap.catalog_sales.cs_bill_customer_sk = tpcds_partitioned_parquet_snap.customer_1.c_customer_sk
|  fk/pk conjuncts: tpcds_partitioned_parquet_snap.catalog_sales.cs_bill_customer_sk = tpcds_partitioned_parquet_snap.customer_1.c_customer_sk
|  mem-estimate=0B mem-reservation=0B spill-buffer=2.00MB thread-reservation=0
|  tuple-ids=13,15,24,4,12,25 row-size=112B cardinality=231.47M cost=106619499
|  in pipelines: 13(GETNEXT), 25(OPEN)
|
|--F38:PLAN FRAGMENT [HASH(tpcds_partitioned_parquet_snap.catalog_sales.cs_bill_customer_sk)] hosts=10 instances=80 (adjusted from 120)
|  |  Per-Instance Resources: mem-estimate=44.43MB mem-reservation=34.00MB thread-reservation=1
|  |  max-parallelism=160 segment-costs=[38848506]
|  JOIN BUILD
|  |  join-table-id=00 plan-id=01 cohort-id=01
|  |  build expressions: tpcds_partitioned_parquet_snap.customer_1.c_customer_sk
|  |  runtime filters: RF001[min_max] <- tpcds_partitioned_parquet_snap.customer_1.c_customer_sk
|  |  mem-estimate=34.00MB mem-reservation=34.00MB spill-buffer=2.00MB thread-reservation=0 cost=30000000
|  |
|  76:EXCHANGE [HASH(tpcds_partitioned_parquet_snap.customer_1.c_customer_sk)]
|  |  mem-estimate=10.43MB mem-reservation=0B thread-reservation=0
|  |  tuple-ids=25 row-size=40B cardinality=30.00M cost=8848506
|  |  in pipelines: 25(GETNEXT)
|  |
|  F15:PLAN FRAGMENT [RANDOM] hosts=10 instances=10
|  Per-Instance Resources: mem-estimate=29.74MB mem-reservation=1.00MB thread-reservation=1
|  max-parallelism=10 segment-costs=[100414022]
|  25:SCAN HDFS [tpcds_partitioned_parquet_snap.customer, RANDOM]
|     HDFS partitions=1/1 files=1 size=1.55GB
|     predicates: tpcds_partitioned_parquet_snap.customer_1.c_customer_sk IS NOT NULL
|     stored statistics:
|       table: rows=30.00M size=1.55GB
|       columns: all
|     extrapolated-rows=disabled max-scan-range-rows=3.10M
|     parquet dictionary predicates: tpcds_partitioned_parquet_snap.customer_1.c_customer_sk IS NOT NULL
|     mem-estimate=16.00MB mem-reservation=1.00MB thread-reservation=0
|     tuple-ids=25 row-size=40B cardinality=30.00M cost=7740933
|     in pipelines: 25(GETNEXT)
|
75:EXCHANGE [HASH(tpcds_partitioned_parquet_snap.catalog_sales.cs_bill_customer_sk)]
|  mem-estimate=19.70MB mem-reservation=0B thread-reservation=0
|  tuple-ids=13,15,24,4,12 row-size=72B cardinality=252.15M cost=148644148
|  in pipelines: 13(GETNEXT)
|
F00:PLAN FRAGMENT [RANDOM] hosts=10 instances=108 (adjusted from 120)
Per-Host Shared Resources: mem-estimate=1.00MB mem-reservation=1.00MB thread-reservation=0 runtime-filters-memory=1.00MB
Per-Instance Resources: mem-estimate=44.75MB mem-reservation=256.00KB thread-reservation=1
max-parallelism=108 segment-costs=[2237189003]
24:HASH JOIN [INNER JOIN, BROADCAST]
|  hash-table-id=01
|  hash predicates: tpcds_partitioned_parquet_snap.catalog_sales.cs_bill_customer_sk = tpcds_partitioned_parquet_snap.customer.c_customer_sk
|  fk/pk conjuncts: none
|  mem-estimate=0B mem-reservation=0B spill-buffer=2.00MB thread-reservation=0
|  tuple-ids=13,15,24,4,12 row-size=72B cardinality=252.15M cost=110367334
|  in pipelines: 13(GETNEXT), 66(OPEN)
|
|--F39:PLAN FRAGMENT [RANDOM] hosts=10 instances=10
|  |  Per-Instance Resources: mem-estimate=385.72MB mem-reservation=374.00MB thread-reservation=1
|  |  max-parallelism=10 segment-costs=[6987000] cpu-comparison-result=240 [max(10 (self) vs 240 (sum children))]
|  JOIN BUILD
|  |  join-table-id=01 plan-id=02 cohort-id=01
|  |  build expressions: tpcds_partitioned_parquet_snap.customer.c_customer_sk
|  |  runtime filters: RF003[min_max] <- tpcds_partitioned_parquet_snap.customer.c_customer_sk
|  |  mem-estimate=374.00MB mem-reservation=374.00MB spill-buffer=2.00MB thread-reservation=0 cost=3000000
|  |
|  74:EXCHANGE [BROADCAST]
|  |  mem-estimate=11.72MB mem-reservation=0B thread-reservation=0
|  |  tuple-ids=4,12 row-size=36B cardinality=3.00M cost=3987000
|  |  in pipelines: 66(GETNEXT)
|  |
|  F09:PLAN FRAGMENT [HASH(tpcds_partitioned_parquet_snap.customer.c_customer_sk)] hosts=10 instances=40 (adjusted from 120)
|  Per-Instance Resources: mem-estimate=46.81MB mem-reservation=34.00MB thread-reservation=1
|  max-parallelism=170 segment-costs=[1644760041, 1035900] cpu-comparison-result=240 [max(40 (self) vs 240 (sum children))]
|  12:NESTED LOOP JOIN [INNER JOIN, BROADCAST]
|  |  join table id: 02
|  |  join predicates: sum(multiply(tpcds_partitioned_parquet_snap.store_sales.ss_quantity, tpcds_partitioned_parquet_snap.store_sales.ss_sales_price)) > multiply(CAST(0.950000 AS DECIMAL(10,6)), max(sum(multiply(tpcds_partitioned_parquet_snap.store_sales_0.ss_quantity, tpcds_partitioned_parquet_snap.store_sales_0.ss_sales_price))))
|  |  mem-estimate=0B mem-reservation=0B thread-reservation=0
|  |  tuple-ids=4,12 row-size=36B cardinality=3.00M cost=614700
|  |  in pipelines: 66(GETNEXT), 72(OPEN)
|  |
|  |--F40:PLAN FRAGMENT [HASH(tpcds_partitioned_parquet_snap.customer.c_customer_sk)] hosts=10 instances=10
|  |  |  Per-Instance Resources: mem-estimate=16.02KB mem-reservation=0B thread-reservation=1
|  |  |  max-parallelism=10 segment-costs=[0] cpu-comparison-result=120 [max(10 (self) vs 120 (sum children))]
|  |  JOIN BUILD
|  |  |  join-table-id=02 plan-id=03 cohort-id=02
|  |  |  mem-estimate=16B mem-reservation=0B thread-reservation=0 cost=0
|  |  |
|  |  73:EXCHANGE [BROADCAST]
|  |  |  mem-estimate=16.00KB mem-reservation=0B thread-reservation=0
|  |  |  tuple-ids=12 row-size=16B cardinality=1 cost=0
|  |  |  in pipelines: 72(GETNEXT)
|  |  |
|  |  F14:PLAN FRAGMENT [UNPARTITIONED] hosts=1 instances=1
|  |  Per-Instance Resources: mem-estimate=109.94KB mem-reservation=0B thread-reservation=1
|  |  max-parallelism=1 segment-costs=[30, 0] cpu-comparison-result=120 [max(1 (self) vs 120 (sum children))]
|  |  72:AGGREGATE [FINALIZE]
|  |  |  output: max:merge(sum(multiply(tpcds_partitioned_parquet_snap.store_sales_0.ss_quantity, tpcds_partitioned_parquet_snap.store_sales_0.ss_sales_price)))
|  |  |  having: max(sum(multiply(tpcds_partitioned_parquet_snap.store_sales_0.ss_quantity, tpcds_partitioned_parquet_snap.store_sales_0.ss_sales_price))) IS NOT NULL
|  |  |  mem-estimate=16.00KB mem-reservation=0B spill-buffer=2.00MB thread-reservation=0
|  |  |  tuple-ids=12 row-size=16B cardinality=1 cost=8
|  |  |  in pipelines: 72(GETNEXT), 11(OPEN)
|  |  |
|  |  71:EXCHANGE [UNPARTITIONED]
|  |  |  mem-estimate=93.94KB mem-reservation=0B thread-reservation=0
|  |  |  tuple-ids=12 row-size=16B cardinality=120 cost=22
|  |  |  in pipelines: 11(GETNEXT)
|  |  |
|  |  F13:PLAN FRAGMENT [HASH(tpcds_partitioned_parquet_snap.customer_0.c_customer_sk)] hosts=10 instances=40 (adjusted from 120)
|  |  Per-Instance Resources: mem-estimate=46.81MB mem-reservation=34.00MB thread-reservation=1
|  |  max-parallelism=160 segment-costs=[1517038509, 2100000, 185] cpu-comparison-result=120 [max(40 (self) vs 120 (sum children))]
|  |  11:AGGREGATE
|  |  |  output: max(sum(multiply(tpcds_partitioned_parquet_snap.store_sales_0.ss_quantity, tpcds_partitioned_parquet_snap.store_sales_0.ss_sales_price)))
|  |  |  mem-estimate=16.00KB mem-reservation=0B spill-buffer=2.00MB thread-reservation=0
|  |  |  tuple-ids=12 row-size=16B cardinality=120 cost=2100000
|  |  |  in pipelines: 11(GETNEXT), 70(OPEN)
|  |  |
|  |  70:AGGREGATE [FINALIZE]
|  |  |  output: sum:merge(multiply(tpcds_partitioned_parquet_snap.store_sales_0.ss_quantity, tpcds_partitioned_parquet_snap.store_sales_0.ss_sales_price))
|  |  |  group by: tpcds_partitioned_parquet_snap.customer_0.c_customer_sk
|  |  |  mem-estimate=34.00MB mem-reservation=34.00MB spill-buffer=2.00MB thread-reservation=0
|  |  |  tuple-ids=11 row-size=20B cardinality=30.00M cost=927399987
|  |  |  in pipelines: 70(GETNEXT), 05(OPEN)
|  |  |
|  |  69:EXCHANGE [HASH(tpcds_partitioned_parquet_snap.customer_0.c_customer_sk)]
|  |  |  mem-estimate=12.81MB mem-reservation=0B thread-reservation=0
|  |  |  tuple-ids=11 row-size=20B cardinality=2.90G cost=589638522
|  |  |  in pipelines: 05(GETNEXT)
|  |  |
|  |  F10:PLAN FRAGMENT [RANDOM] hosts=10 instances=120
|  |  Per-Host Shared Resources: mem-estimate=17.00MB mem-reservation=17.00MB thread-reservation=0 runtime-filters-memory=17.00MB
|  |  Per-Instance Resources: mem-estimate=935.28MB mem-reservation=34.50MB thread-reservation=1
|  |  max-parallelism=1491 segment-costs=[16583597306, 5235037833] cpu-comparison-result=120 [max(120 (self) vs 31 (sum children))]
|  |  10:AGGREGATE [STREAMING]
|  |  |  output: sum(multiply(CAST(tpcds_partitioned_parquet_snap.store_sales_0.ss_quantity AS DECIMAL(10,0)), tpcds_partitioned_parquet_snap.store_sales_0.ss_sales_price))
|  |  |  group by: tpcds_partitioned_parquet_snap.customer_0.c_customer_sk
|  |  |  mem-estimate=915.53MB mem-reservation=34.00MB spill-buffer=2.00MB thread-reservation=0
|  |  |  tuple-ids=11 row-size=20B cardinality=2.90G cost=9298421436
|  |  |  in pipelines: 05(GETNEXT)
|  |  |
|  |  09:HASH JOIN [INNER JOIN, BROADCAST]
|  |  |  hash-table-id=03
|  |  |  hash predicates: tpcds_partitioned_parquet_snap.store_sales_0.ss_customer_sk = tpcds_partitioned_parquet_snap.customer_0.c_customer_sk
|  |  |  fk/pk conjuncts: tpcds_partitioned_parquet_snap.store_sales_0.ss_customer_sk = tpcds_partitioned_parquet_snap.customer_0.c_customer_sk
|  |  |  mem-estimate=0B mem-reservation=0B spill-buffer=2.00MB thread-reservation=0
|  |  |  tuple-ids=5,7,9 row-size=28B cardinality=5.91G cost=2723117041
|  |  |  in pipelines: 05(GETNEXT), 08(OPEN)
|  |  |
|  |  |--F41:PLAN FRAGMENT [RANDOM] hosts=10 instances=10
|  |  |  |  Per-Instance Resources: mem-estimate=908.52MB mem-reservation=424.00MB thread-reservation=1 runtime-filters-memory=16.00MB
|  |  |  |  max-parallelism=10 segment-costs=[69869990]
|  |  |  JOIN BUILD
|  |  |  |  join-table-id=03 plan-id=04 cohort-id=03
|  |  |  |  build expressions: tpcds_partitioned_parquet_snap.customer_0.c_customer_sk
|  |  |  |  runtime filters: RF014[bloom] <- tpcds_partitioned_parquet_snap.customer_0.c_customer_sk, RF015[min_max] <- tpcds_partitioned_parquet_snap.customer_0.c_customer_sk
|  |  |  |  mem-estimate=882.44MB mem-reservation=408.00MB spill-buffer=2.00MB thread-reservation=0 cost=30000000
|  |  |  |
|  |  |  68:EXCHANGE [BROADCAST]
|  |  |  |  mem-estimate=10.08MB mem-reservation=0B thread-reservation=0
|  |  |  |  tuple-ids=9 row-size=4B cardinality=30.00M cost=39869990
|  |  |  |  in pipelines: 08(GETNEXT)
|  |  |  |
|  |  |  F12:PLAN FRAGMENT [RANDOM] hosts=10 instances=10
|  |  |  Per-Instance Resources: mem-estimate=16.03MB mem-reservation=1.00MB thread-reservation=1
|  |  |  max-parallelism=10 segment-costs=[3543000]
|  |  |  08:SCAN HDFS [tpcds_partitioned_parquet_snap.customer, RANDOM]
|  |  |     HDFS partitions=1/1 files=1 size=1.55GB
|  |  |     predicates: tpcds_partitioned_parquet_snap.customer_0.c_customer_sk IS NOT NULL
|  |  |     stored statistics:
|  |  |       table: rows=30.00M size=1.55GB
|  |  |       columns: all
|  |  |     extrapolated-rows=disabled max-scan-range-rows=3.10M
|  |  |     parquet dictionary predicates: tpcds_partitioned_parquet_snap.customer_0.c_customer_sk IS NOT NULL
|  |  |     mem-estimate=16.00MB mem-reservation=1.00MB thread-reservation=0
|  |  |     tuple-ids=9 row-size=4B cardinality=30.00M cost=2571000
|  |  |     in pipelines: 08(GETNEXT)
|  |  |
|  |  07:HASH JOIN [INNER JOIN, BROADCAST]
|  |  |  hash-table-id=04
|  |  |  hash predicates: tpcds_partitioned_parquet_snap.store_sales_0.ss_sold_date_sk = tpcds_partitioned_parquet_snap.date_dim.d_date_sk
|  |  |  fk/pk conjuncts: tpcds_partitioned_parquet_snap.store_sales_0.ss_sold_date_sk = tpcds_partitioned_parquet_snap.date_dim.d_date_sk
|  |  |  mem-estimate=0B mem-reservation=0B spill-buffer=64.00KB thread-reservation=0
|  |  |  tuple-ids=5,7 row-size=24B cardinality=6.44G cost=2818838668
|  |  |  in pipelines: 05(GETNEXT), 06(OPEN)
|  |  |
|  |  |--F42:PLAN FRAGMENT [RANDOM] hosts=10 instances=10
|  |  |  |  Per-Instance Resources: mem-estimate=24.27MB mem-reservation=24.25MB thread-reservation=1 runtime-filters-memory=1.00MB
|  |  |  |  max-parallelism=10 segment-costs=[3471]
|  |  |  JOIN BUILD
|  |  |  |  join-table-id=04 plan-id=05 cohort-id=03
|  |  |  |  build expressions: tpcds_partitioned_parquet_snap.date_dim.d_date_sk
|  |  |  |  runtime filters: RF016[bloom] <- tpcds_partitioned_parquet_snap.date_dim.d_date_sk
|  |  |  |  mem-estimate=23.25MB mem-reservation=23.25MB spill-buffer=64.00KB thread-reservation=0 cost=1491
|  |  |  |
|  |  |  67:EXCHANGE [BROADCAST]
|  |  |  |  mem-estimate=23.65KB mem-reservation=0B thread-reservation=0
|  |  |  |  tuple-ids=7 row-size=8B cardinality=1.49K cost=1980
|  |  |  |  in pipelines: 06(GETNEXT)
|  |  |  |
|  |  |  F11:PLAN FRAGMENT [RANDOM] hosts=1 instances=1
|  |  |  Per-Instance Resources: mem-estimate=16.05MB mem-reservation=512.00KB thread-reservation=1
|  |  |  max-parallelism=1 segment-costs=[12584]
|  |  |  06:SCAN HDFS [tpcds_partitioned_parquet_snap.date_dim, RANDOM]
|  |  |     HDFS partitions=1/1 files=1 size=2.17MB
|  |  |     predicates: tpcds_partitioned_parquet_snap.date_dim.d_year IN (CAST(2000 AS INT), CAST(2001 AS INT), CAST(2002 AS INT), CAST(2003 AS INT)), tpcds_partitioned_parquet_snap.date_dim.d_date_sk IS NOT NULL
|  |  |     stored statistics:
|  |  |       table: rows=73.05K size=2.17MB
|  |  |       columns: all
|  |  |     extrapolated-rows=disabled max-scan-range-rows=73.05K
|  |  |     parquet statistics predicates: tpcds_partitioned_parquet_snap.date_dim.d_year IN (CAST(2000 AS INT), CAST(2001 AS INT), CAST(2002 AS INT), CAST(2003 AS INT))
|  |  |     parquet dictionary predicates: tpcds_partitioned_parquet_snap.date_dim.d_year IN (CAST(2000 AS INT), CAST(2001 AS INT), CAST(2002 AS INT), CAST(2003 AS INT)), tpcds_partitioned_parquet_snap.date_dim.d_date_sk IS NOT NULL
|  |  |     mem-estimate=16.00MB mem-reservation=512.00KB thread-reservation=0
|  |  |     tuple-ids=7 row-size=8B cardinality=1.49K cost=12520
|  |  |     in pipelines: 06(GETNEXT)
|  |  |
|  |  05:SCAN HDFS [tpcds_partitioned_parquet_snap.store_sales, RANDOM]
|  |     partition predicates: tpcds_partitioned_parquet_snap.store_sales_0.ss_sold_date_sk IS NOT NULL
|  |     HDFS partitions=1823/1824 files=1823 size=389.69GB
|  |     predicates: tpcds_partitioned_parquet_snap.store_sales_0.ss_customer_sk IS NOT NULL
|  |     runtime filters: RF015[min_max] -> tpcds_partitioned_parquet_snap.store_sales_0.ss_customer_sk, RF016[bloom] -> tpcds_partitioned_parquet_snap.store_sales_0.ss_sold_date_sk, RF014[bloom] -> tpcds_partitioned_parquet_snap.store_sales_0.ss_customer_sk
|  |     stored statistics:
|  |       table: rows=8.64G size=389.90GB
|  |       partitions: 1823/1823 rows=8.25G
|  |       columns: all
|  |     extrapolated-rows=disabled max-scan-range-rows=12.24M est-scan-range=1491(filtered from 1823)
|  |     parquet dictionary predicates: tpcds_partitioned_parquet_snap.store_sales_0.ss_customer_sk IS NOT NULL
|  |     mem-estimate=16.00MB mem-reservation=512.00KB thread-reservation=0
|  |     tuple-ids=5 row-size=16B cardinality=6.44G(filtered from 7.88G) cost=1743220161
|  |     in pipelines: 05(GETNEXT)
|  |
|  66:AGGREGATE [FINALIZE]
|  |  output: sum:merge(multiply(tpcds_partitioned_parquet_snap.store_sales.ss_quantity, tpcds_partitioned_parquet_snap.store_sales.ss_sales_price))
|  |  group by: tpcds_partitioned_parquet_snap.customer.c_customer_sk
|  |  having: sum(multiply(tpcds_partitioned_parquet_snap.store_sales.ss_quantity, tpcds_partitioned_parquet_snap.store_sales.ss_sales_price)) IS NOT NULL
|  |  mem-estimate=34.00MB mem-reservation=34.00MB spill-buffer=2.00MB thread-reservation=0
|  |  tuple-ids=4 row-size=20B cardinality=3.00M cost=1002780431
|  |  in pipelines: 66(GETNEXT), 01(OPEN)
|  |
|  65:EXCHANGE [HASH(tpcds_partitioned_parquet_snap.customer.c_customer_sk)]
|  |  mem-estimate=12.81MB mem-reservation=0B thread-reservation=0
|  |  tuple-ids=4 row-size=20B cardinality=3.16G cost=641979610
|  |  in pipelines: 01(GETNEXT)
|  |
|  F07:PLAN FRAGMENT [RANDOM] hosts=10 instances=120
|  Per-Host Shared Resources: mem-estimate=16.00MB mem-reservation=16.00MB thread-reservation=0 runtime-filters-memory=16.00MB
|  Per-Instance Resources: mem-estimate=935.28MB mem-reservation=42.00MB thread-reservation=1
|  max-parallelism=1560 segment-costs=[15599175032, 5699742164] cpu-comparison-result=120 [max(120 (self) vs 20 (sum children))]
|  04:AGGREGATE [STREAMING]
|  |  output: sum(multiply(CAST(tpcds_partitioned_parquet_snap.store_sales.ss_quantity AS DECIMAL(10,0)), tpcds_partitioned_parquet_snap.store_sales.ss_sales_price))
|  |  group by: tpcds_partitioned_parquet_snap.customer.c_customer_sk
|  |  mem-estimate=915.53MB mem-reservation=34.00MB spill-buffer=2.00MB thread-reservation=0
|  |  tuple-ids=4 row-size=20B cardinality=3.16G cost=10456590479
|  |  in pipelines: 01(GETNEXT)
|  |
|  03:HASH JOIN [INNER JOIN, BROADCAST]
|  |  hash-table-id=05
|  |  hash predicates: tpcds_partitioned_parquet_snap.store_sales.ss_customer_sk = tpcds_partitioned_parquet_snap.customer.c_customer_sk
|  |  fk/pk conjuncts: tpcds_partitioned_parquet_snap.store_sales.ss_customer_sk = tpcds_partitioned_parquet_snap.customer.c_customer_sk
|  |  mem-estimate=0B mem-reservation=0B spill-buffer=2.00MB thread-reservation=0
|  |  tuple-ids=0,2 row-size=16B cardinality=7.57G cost=3406821573
|  |  in pipelines: 01(GETNEXT), 02(OPEN)
|  |
|  |--F43:PLAN FRAGMENT [RANDOM] hosts=10 instances=10
|  |  |  Per-Instance Resources: mem-estimate=908.52MB mem-reservation=424.00MB thread-reservation=1 runtime-filters-memory=16.00MB
|  |  |  max-parallelism=10 segment-costs=[69869990]
|  |  JOIN BUILD
|  |  |  join-table-id=05 plan-id=06 cohort-id=02
|  |  |  build expressions: tpcds_partitioned_parquet_snap.customer.c_customer_sk
|  |  |  runtime filters: RF012[bloom] <- tpcds_partitioned_parquet_snap.customer.c_customer_sk, RF013[min_max] <- tpcds_partitioned_parquet_snap.customer.c_customer_sk
|  |  |  mem-estimate=882.44MB mem-reservation=408.00MB spill-buffer=2.00MB thread-reservation=0 cost=30000000
|  |  |
|  |  64:EXCHANGE [BROADCAST]
|  |  |  mem-estimate=10.08MB mem-reservation=0B thread-reservation=0
|  |  |  tuple-ids=2 row-size=4B cardinality=30.00M cost=39869990
|  |  |  in pipelines: 02(GETNEXT)
|  |  |
|  |  F08:PLAN FRAGMENT [RANDOM] hosts=10 instances=10
|  |  Per-Instance Resources: mem-estimate=16.03MB mem-reservation=1.00MB thread-reservation=1
|  |  max-parallelism=10 segment-costs=[3543000]
|  |  02:SCAN HDFS [tpcds_partitioned_parquet_snap.customer, RANDOM]
|  |     HDFS partitions=1/1 files=1 size=1.55GB
|  |     predicates: tpcds_partitioned_parquet_snap.customer.c_customer_sk IS NOT NULL
|  |     runtime filters: RF001[min_max] -> tpcds_partitioned_parquet_snap.customer.c_customer_sk
|  |     stored statistics:
|  |       table: rows=30.00M size=1.55GB
|  |       columns: all
|  |     extrapolated-rows=disabled max-scan-range-rows=3.10M
|  |     parquet dictionary predicates: tpcds_partitioned_parquet_snap.customer.c_customer_sk IS NOT NULL
|  |     mem-estimate=16.00MB mem-reservation=1.00MB thread-reservation=0
|  |     tuple-ids=2 row-size=4B cardinality=30.00M cost=2571000
|  |     in pipelines: 02(GETNEXT)
|  |
|  01:SCAN HDFS [tpcds_partitioned_parquet_snap.store_sales, RANDOM]
|     HDFS partitions=1824/1824 files=1824 size=389.90GB
|     predicates: tpcds_partitioned_parquet_snap.store_sales.ss_customer_sk IS NOT NULL
|     runtime filters: RF013[min_max] -> tpcds_partitioned_parquet_snap.store_sales.ss_customer_sk, RF001[min_max] -> tpcds_partitioned_parquet_snap.store_sales.ss_customer_sk, RF012[bloom] -> tpcds_partitioned_parquet_snap.store_sales.ss_customer_sk
|     stored statistics:
|       table: rows=8.64G size=389.90GB
|       partitions: 1824/1824 rows=8.64G
|       columns: all
|     extrapolated-rows=disabled max-scan-range-rows=390.22M
|     parquet dictionary predicates: tpcds_partitioned_parquet_snap.store_sales.ss_customer_sk IS NOT NULL
|     mem-estimate=16.00MB mem-reservation=8.00MB thread-reservation=0
|     tuple-ids=0 row-size=12B cardinality=7.93G(filtered from 8.25G) cost=1735762980
|     in pipelines: 01(GETNEXT)
|
23:HASH JOIN [INNER JOIN, BROADCAST]
|  hash-table-id=06
|  hash predicates: tpcds_partitioned_parquet_snap.catalog_sales.cs_item_sk = tpcds_partitioned_parquet_snap.item.i_item_sk
|  fk/pk conjuncts: tpcds_partitioned_parquet_snap.catalog_sales.cs_item_sk = tpcds_partitioned_parquet_snap.item.i_item_sk
|  mem-estimate=0B mem-reservation=0B spill-buffer=1.00MB thread-reservation=0
|  tuple-ids=13,15,24 row-size=36B cardinality=252.15M cost=110399672
|  in pipelines: 13(GETNEXT), 62(OPEN)
|
|--F44:PLAN FRAGMENT [RANDOM] hosts=10 instances=10
|  |  Per-Instance Resources: mem-estimate=188.45MB mem-reservation=187.00MB thread-reservation=1
|  |  max-parallelism=10 segment-costs=[838440] cpu-comparison-result=120 [max(10 (self) vs 120 (sum children))]
|  JOIN BUILD
|  |  join-table-id=06 plan-id=07 cohort-id=01
|  |  build expressions: tpcds_partitioned_parquet_snap.item.i_item_sk
|  |  runtime filters: RF005[min_max] <- tpcds_partitioned_parquet_snap.item.i_item_sk
|  |  mem-estimate=187.00MB mem-reservation=187.00MB spill-buffer=1.00MB thread-reservation=0 cost=360000
|  |
|  63:EXCHANGE [BROADCAST]
|  |  mem-estimate=1.45MB mem-reservation=0B thread-reservation=0
|  |  tuple-ids=24 row-size=4B cardinality=360.00K cost=478440
|  |  in pipelines: 62(GETNEXT)
|  |
|  F06:PLAN FRAGMENT [HASH(tpcds_partitioned_parquet_snap.item.i_item_sk)] hosts=10 instances=10 (adjusted from 120)
|  Per-Instance Resources: mem-estimate=20.94MB mem-reservation=1.94MB thread-reservation=1
|  max-parallelism=10 segment-costs=[19168992, 11664] cpu-comparison-result=120 [max(10 (self) vs 120 (sum children))]
|  62:AGGREGATE [FINALIZE]
|  |  group by: tpcds_partitioned_parquet_snap.item.i_item_sk
|  |  mem-estimate=10.00MB mem-reservation=1.94MB spill-buffer=64.00KB thread-reservation=0
|  |  tuple-ids=24 row-size=4B cardinality=360.00K cost=13574592
|  |  in pipelines: 62(GETNEXT), 60(OPEN)
|  |
|  61:EXCHANGE [HASH(tpcds_partitioned_parquet_snap.item.i_item_sk)]
|  |  mem-estimate=10.94MB mem-reservation=0B thread-reservation=0
|  |  tuple-ids=24 row-size=4B cardinality=43.20M cost=5594400
|  |  in pipelines: 60(GETNEXT)
|  |
|  F05:PLAN FRAGMENT [HASH(substr(tpcds_partitioned_parquet_snap.item.i_item_desc, 1, 30),tpcds_partitioned_parquet_snap.item.i_item_sk,tpcds_partitioned_parquet_snap.date_dim_1.d_date)] hosts=10 instances=120
|  Per-Instance Resources: mem-estimate=943.42MB mem-reservation=36.00MB thread-reservation=1
|  max-parallelism=4150 segment-costs=[41401851656, 309782714, 33384960] cpu-comparison-result=120 [max(120 (self) vs 120 (sum children))]
|  22:AGGREGATE [STREAMING]
|  |  group by: tpcds_partitioned_parquet_snap.item.i_item_sk
|  |  mem-estimate=10.00MB mem-reservation=2.00MB spill-buffer=64.00KB thread-reservation=0
|  |  tuple-ids=24 row-size=4B cardinality=43.20M cost=309782714
|  |  in pipelines: 60(GETNEXT)
|  |
|  60:AGGREGATE [FINALIZE]
|  |  output: count:merge()
|  |  group by: substr(tpcds_partitioned_parquet_snap.item.i_item_desc, 1, 30), tpcds_partitioned_parquet_snap.item.i_item_sk, tpcds_partitioned_parquet_snap.date_dim_1.d_date
|  |  having: count() > CAST(4 AS BIGINT)
|  |  mem-estimate=919.67MB mem-reservation=34.00MB spill-buffer=2.00MB thread-reservation=0
|  |  tuple-ids=23 row-size=28B cardinality=674.02M cost=39784870914
|  |  in pipelines: 60(GETNEXT), 16(OPEN)
|  |
|  59:EXCHANGE [HASH(substr(tpcds_partitioned_parquet_snap.item.i_item_desc, 1, 30),tpcds_partitioned_parquet_snap.item.i_item_sk,tpcds_partitioned_parquet_snap.date_dim_1.d_date)]
|  |  mem-estimate=13.75MB mem-reservation=0B thread-reservation=0
|  |  tuple-ids=23 row-size=28B cardinality=6.74G cost=1616980742
|  |  in pipelines: 16(GETNEXT)
|  |
|  F02:PLAN FRAGMENT [RANDOM] hosts=10 instances=120
|  Per-Host Shared Resources: mem-estimate=1.00MB mem-reservation=1.00MB thread-reservation=0 runtime-filters-memory=1.00MB
|  Per-Instance Resources: mem-estimate=816.75MB mem-reservation=34.50MB thread-reservation=1
|  max-parallelism=1491 segment-costs=[46653963840, 15626545035] cpu-comparison-result=120 [max(120 (self) vs 25 (sum children))]
|  21:AGGREGATE [STREAMING]
|  |  output: count()
|  |  group by: substr(tpcds_partitioned_parquet_snap.item.i_item_desc, CAST(1 AS BIGINT), CAST(30 AS BIGINT)), tpcds_partitioned_parquet_snap.item.i_item_sk, tpcds_partitioned_parquet_snap.date_dim_1.d_date
|  |  mem-estimate=785.75MB mem-reservation=34.00MB spill-buffer=2.00MB thread-reservation=0
|  |  tuple-ids=23 row-size=28B cardinality=6.74G cost=39784870914
|  |  in pipelines: 16(GETNEXT)
|  |
|  20:HASH JOIN [INNER JOIN, BROADCAST]
|  |  hash-table-id=07
|  |  hash predicates: tpcds_partitioned_parquet_snap.store_sales_1.ss_item_sk = tpcds_partitioned_parquet_snap.item.i_item_sk
|  |  fk/pk conjuncts: tpcds_partitioned_parquet_snap.store_sales_1.ss_item_sk = tpcds_partitioned_parquet_snap.item.i_item_sk
|  |  mem-estimate=0B mem-reservation=0B spill-buffer=2.00MB thread-reservation=0
|  |  tuple-ids=17,19,21 row-size=137B cardinality=6.74G cost=2951062313
|  |  in pipelines: 16(GETNEXT), 19(OPEN)
|  |
|  |--F45:PLAN FRAGMENT [RANDOM] hosts=10 instances=10
|  |  |  Per-Instance Resources: mem-estimate=418.47MB mem-reservation=408.00MB thread-reservation=1
|  |  |  max-parallelism=10 segment-costs=[838440]
|  |  JOIN BUILD
|  |  |  join-table-id=07 plan-id=08 cohort-id=04
|  |  |  build expressions: tpcds_partitioned_parquet_snap.item.i_item_sk
|  |  |  runtime filters: RF009[min_max] <- tpcds_partitioned_parquet_snap.item.i_item_sk
|  |  |  mem-estimate=408.00MB mem-reservation=408.00MB spill-buffer=2.00MB thread-reservation=0 cost=360000
|  |  |
|  |  58:EXCHANGE [BROADCAST]
|  |  |  mem-estimate=10.47MB mem-reservation=0B thread-reservation=0
|  |  |  tuple-ids=21 row-size=117B cardinality=360.00K cost=478440
|  |  |  in pipelines: 19(GETNEXT)
|  |  |
|  |  F04:PLAN FRAGMENT [RANDOM] hosts=4 instances=4
|  |  Per-Instance Resources: mem-estimate=16.47MB mem-reservation=512.00KB thread-reservation=1
|  |  max-parallelism=4 segment-costs=[673469]
|  |  19:SCAN HDFS [tpcds_partitioned_parquet_snap.item, RANDOM]
|  |     HDFS partitions=1/1 files=1 size=33.54MB
|  |     predicates: tpcds_partitioned_parquet_snap.item.i_item_sk IS NOT NULL
|  |     stored statistics:
|  |       table: rows=360.00K size=33.54MB
|  |       columns: all
|  |     extrapolated-rows=disabled max-scan-range-rows=101.54K
|  |     parquet dictionary predicates: tpcds_partitioned_parquet_snap.item.i_item_sk IS NOT NULL
|  |     mem-estimate=16.00MB mem-reservation=512.00KB thread-reservation=0
|  |     tuple-ids=21 row-size=117B cardinality=360.00K cost=552359
|  |     in pipelines: 19(GETNEXT)
|  |
|  18:HASH JOIN [INNER JOIN, BROADCAST]
|  |  hash-table-id=08
|  |  hash predicates: tpcds_partitioned_parquet_snap.store_sales_1.ss_sold_date_sk = tpcds_partitioned_parquet_snap.date_dim_1.d_date_sk
|  |  fk/pk conjuncts: tpcds_partitioned_parquet_snap.store_sales_1.ss_sold_date_sk = tpcds_partitioned_parquet_snap.date_dim_1.d_date_sk
|  |  mem-estimate=0B mem-reservation=0B spill-buffer=64.00KB thread-reservation=0
|  |  tuple-ids=17,19 row-size=20B cardinality=6.74G cost=2951672977
|  |  in pipelines: 16(GETNEXT), 17(OPEN)
|  |
|  |--F46:PLAN FRAGMENT [RANDOM] hosts=10 instances=10
|  |  |  Per-Instance Resources: mem-estimate=24.28MB mem-reservation=24.25MB thread-reservation=1 runtime-filters-memory=1.00MB
|  |  |  max-parallelism=10 segment-costs=[3471]
|  |  JOIN BUILD
|  |  |  join-table-id=08 plan-id=09 cohort-id=04
|  |  |  build expressions: tpcds_partitioned_parquet_snap.date_dim_1.d_date_sk
|  |  |  runtime filters: RF010[bloom] <- tpcds_partitioned_parquet_snap.date_dim_1.d_date_sk
|  |  |  mem-estimate=23.25MB mem-reservation=23.25MB spill-buffer=64.00KB thread-reservation=0 cost=1491
|  |  |
|  |  57:EXCHANGE [BROADCAST]
|  |  |  mem-estimate=33.47KB mem-reservation=0B thread-reservation=0
|  |  |  tuple-ids=19 row-size=12B cardinality=1.49K cost=1980
|  |  |  in pipelines: 17(GETNEXT)
|  |  |
|  |  F03:PLAN FRAGMENT [RANDOM] hosts=1 instances=1
|  |  Per-Instance Resources: mem-estimate=16.06MB mem-reservation=1.00MB thread-reservation=1
|  |  max-parallelism=1 segment-costs=[16808]
|  |  17:SCAN HDFS [tpcds_partitioned_parquet_snap.date_dim, RANDOM]
|  |     HDFS partitions=1/1 files=1 size=2.17MB
|  |     predicates: tpcds_partitioned_parquet_snap.date_dim_1.d_year IN (CAST(2000 AS INT), CAST(2001 AS INT), CAST(2002 AS INT), CAST(2003 AS INT)), tpcds_partitioned_parquet_snap.date_dim_1.d_date_sk IS NOT NULL
|  |     stored statistics:
|  |       table: rows=73.05K size=2.17MB
|  |       columns: all
|  |     extrapolated-rows=disabled max-scan-range-rows=73.05K
|  |     parquet statistics predicates: tpcds_partitioned_parquet_snap.date_dim_1.d_year IN (CAST(2000 AS INT), CAST(2001 AS INT), CAST(2002 AS INT), CAST(2003 AS INT))
|  |     parquet dictionary predicates: tpcds_partitioned_parquet_snap.date_dim_1.d_year IN (CAST(2000 AS INT), CAST(2001 AS INT), CAST(2002 AS INT), CAST(2003 AS INT)), tpcds_partitioned_parquet_snap.date_dim_1.d_date_sk IS NOT NULL
|  |     mem-estimate=16.00MB mem-reservation=1.00MB thread-reservation=0
|  |     tuple-ids=19 row-size=12B cardinality=1.49K cost=16728
|  |     in pipelines: 17(GETNEXT)
|  |
|  16:SCAN HDFS [tpcds_partitioned_parquet_snap.store_sales, RANDOM]
|     partition predicates: tpcds_partitioned_parquet_snap.store_sales_1.ss_sold_date_sk IS NOT NULL
|     HDFS partitions=1823/1824 files=1823 size=389.69GB
|     predicates: tpcds_partitioned_parquet_snap.store_sales_1.ss_item_sk IS NOT NULL
|     runtime filters: RF009[min_max] -> tpcds_partitioned_parquet_snap.store_sales_1.ss_item_sk, RF010[bloom] -> tpcds_partitioned_parquet_snap.store_sales_1.ss_sold_date_sk
|     stored statistics:
|       table: rows=8.64G size=389.90GB
|       partitions: 1823/1823 rows=8.25G
|       columns: all
|     extrapolated-rows=disabled max-scan-range-rows=12.24M est-scan-range=1491(filtered from 1823)
|     parquet dictionary predicates: tpcds_partitioned_parquet_snap.store_sales_1.ss_item_sk IS NOT NULL
|     mem-estimate=16.00MB mem-reservation=512.00KB thread-reservation=0
|     tuple-ids=17 row-size=8B cardinality=6.74G(filtered from 8.25G) cost=966357636
|     in pipelines: 16(GETNEXT)
|
15:HASH JOIN [INNER JOIN, BROADCAST]
|  hash-table-id=09
|  hash predicates: tpcds_partitioned_parquet_snap.catalog_sales.cs_sold_date_sk = tpcds_partitioned_parquet_snap.date_dim_0.d_date_sk
|  fk/pk conjuncts: tpcds_partitioned_parquet_snap.catalog_sales.cs_sold_date_sk = tpcds_partitioned_parquet_snap.date_dim_0.d_date_sk
|  mem-estimate=0B mem-reservation=0B spill-buffer=64.00KB thread-reservation=0
|  tuple-ids=13,15 row-size=32B cardinality=252.28M cost=110422517
|  in pipelines: 13(GETNEXT), 14(OPEN)
|
|--F47:PLAN FRAGMENT [RANDOM] hosts=10 instances=10
|  |  Per-Instance Resources: mem-estimate=22.33MB mem-reservation=22.31MB thread-reservation=1 runtime-filters-memory=1.00MB
|  |  max-parallelism=10 segment-costs=[248]
|  JOIN BUILD
|  |  join-table-id=09 plan-id=10 cohort-id=01
|  |  build expressions: tpcds_partitioned_parquet_snap.date_dim_0.d_date_sk
|  |  runtime filters: RF006[bloom] <- tpcds_partitioned_parquet_snap.date_dim_0.d_date_sk
|  |  mem-estimate=21.31MB mem-reservation=21.31MB spill-buffer=64.00KB thread-reservation=0 cost=108
|  |
|  56:EXCHANGE [BROADCAST]
|  |  mem-estimate=16.00KB mem-reservation=0B thread-reservation=0
|  |  tuple-ids=15 row-size=12B cardinality=108 cost=140
|  |  in pipelines: 14(GETNEXT)
|  |
|  F01:PLAN FRAGMENT [RANDOM] hosts=1 instances=1
|  Per-Instance Resources: mem-estimate=16.06MB mem-reservation=512.00KB thread-reservation=1
|  max-parallelism=1 segment-costs=[18785]
|  14:SCAN HDFS [tpcds_partitioned_parquet_snap.date_dim, RANDOM]
|     HDFS partitions=1/1 files=1 size=2.17MB
|     predicates: tpcds_partitioned_parquet_snap.date_dim_0.d_year = CAST(2000 AS INT), tpcds_partitioned_parquet_snap.date_dim_0.d_moy = CAST(5 AS INT), tpcds_partitioned_parquet_snap.date_dim_0.d_date_sk IS NOT NULL
|     stored statistics:
|       table: rows=73.05K size=2.17MB
|       columns: all
|     extrapolated-rows=disabled max-scan-range-rows=73.05K
|     parquet statistics predicates: tpcds_partitioned_parquet_snap.date_dim_0.d_year = CAST(2000 AS INT), tpcds_partitioned_parquet_snap.date_dim_0.d_moy = CAST(5 AS INT)
|     parquet dictionary predicates: tpcds_partitioned_parquet_snap.date_dim_0.d_year = CAST(2000 AS INT), tpcds_partitioned_parquet_snap.date_dim_0.d_moy = CAST(5 AS INT), tpcds_partitioned_parquet_snap.date_dim_0.d_date_sk IS NOT NULL
|     mem-estimate=16.00MB mem-reservation=512.00KB thread-reservation=0
|     tuple-ids=15 row-size=12B cardinality=108 cost=18780
|     in pipelines: 14(GETNEXT)
|
13:SCAN HDFS [tpcds_partitioned_parquet_snap.catalog_sales, RANDOM]
   partition predicates: tpcds_partitioned_parquet_snap.catalog_sales.cs_sold_date_sk IS NOT NULL
   HDFS partitions=1830/1831 files=1830 size=280.81GB
   predicates: tpcds_partitioned_parquet_snap.catalog_sales.cs_bill_customer_sk IS NOT NULL, tpcds_partitioned_parquet_snap.catalog_sales.cs_item_sk IS NOT NULL
   runtime filters: RF001[min_max] -> tpcds_partitioned_parquet_snap.catalog_sales.cs_bill_customer_sk, RF005[min_max] -> tpcds_partitioned_parquet_snap.catalog_sales.cs_item_sk, RF003[min_max] -> tpcds_partitioned_parquet_snap.catalog_sales.cs_bill_customer_sk, RF006[bloom] -> tpcds_partitioned_parquet_snap.catalog_sales.cs_sold_date_sk
   stored statistics:
     table: rows=4.32G size=280.96GB
     partitions: 1830/1830 rows=4.30G
     columns: all
   extrapolated-rows=disabled max-scan-range-rows=5.09M est-scan-range=108(filtered from 1830)
   parquet dictionary predicates: tpcds_partitioned_parquet_snap.catalog_sales.cs_bill_customer_sk IS NOT NULL, tpcds_partitioned_parquet_snap.catalog_sales.cs_item_sk IS NOT NULL
   mem-estimate=16.00MB mem-reservation=256.00KB thread-reservation=0
   tuple-ids=13 row-size=20B cardinality=252.28M(filtered from 4.28G) cost=87270877
   in pipelines: 13(GETNEXT)
====
