# TPCDS-Q38
# start query 38 in stream 0 using template query38.tpl using seed 143525603
select  count(*) from (
    select distinct c_last_name, c_first_name, d_date
    from store_sales, date_dim, customer
          where store_sales.ss_sold_date_sk = date_dim.d_date_sk
      and store_sales.ss_customer_sk = customer.c_customer_sk
      and d_month_seq between 1222 and 1222 + 11
  intersect
    select distinct c_last_name, c_first_name, d_date
    from catalog_sales, date_dim, customer
          where catalog_sales.cs_sold_date_sk = date_dim.d_date_sk
      and catalog_sales.cs_bill_customer_sk = customer.c_customer_sk
      and d_month_seq between 1222 and 1222 + 11
  intersect
    select distinct c_last_name, c_first_name, d_date
    from web_sales, date_dim, customer
          where web_sales.ws_sold_date_sk = date_dim.d_date_sk
      and web_sales.ws_bill_customer_sk = customer.c_customer_sk
      and d_month_seq between 1222 and 1222 + 11
) hot_cust
limit 100

# end query 38 in stream 0 using template query38.tpl
---- PLAN
Max Per-Host Resource Reservation: Memory=189.44MB Threads=1
Per-Host Resource Estimates: Memory=52.18GB
F00:PLAN FRAGMENT [UNPARTITIONED] hosts=1 instances=1
|  Per-Instance Resources: mem-estimate=52.18GB mem-reservation=189.44MB thread-reservation=1 runtime-filters-memory=51.00MB
|  max-parallelism=1 segment-costs=[13844381262, 50531762579, 27339416444, 65863756561, 78867528967, 920157802, 1]
PLAN-ROOT SINK
|  output exprs: count()
|  mem-estimate=4.00MB mem-reservation=4.00MB spill-buffer=2.00MB thread-reservation=0 cost=1
|
22:AGGREGATE [FINALIZE]
|  output: count()
|  limit: 100
|  mem-estimate=16.00KB mem-reservation=0B spill-buffer=2.00MB thread-reservation=0
|  tuple-ids=25 row-size=8B cardinality=1 cost=920157802
|  in pipelines: 22(GETNEXT), 21(OPEN)
|
21:AGGREGATE [FINALIZE]
|  output: count()
|  group by: C_LAST_NAME, C_FIRST_NAME, D_DATE
|  having: count() = CAST(2 AS BIGINT)
|  mem-estimate=128.00MB mem-reservation=34.00MB spill-buffer=2.00MB thread-reservation=0
|  tuple-ids=24 row-size=36B cardinality=13.15G cost=77590334921
|  in pipelines: 21(GETNEXT), 20(OPEN), 14(OPEN)
|
00:UNION
|  pass-through-operands: 20
|  mem-estimate=0B mem-reservation=0B thread-reservation=0
|  tuple-ids=23 row-size=28B cardinality=13.15G cost=1277194046
|  in pipelines: 20(GETNEXT), 14(GETNEXT)
|
|--14:AGGREGATE [FINALIZE]
|  |  output: count()
|  |  group by: C_LAST_NAME, C_FIRST_NAME, D_DATE
|  |  having: count() = CAST(2 AS BIGINT)
|  |  mem-estimate=128.00MB mem-reservation=34.00MB spill-buffer=2.00MB thread-reservation=0
|  |  tuple-ids=15 row-size=36B cardinality=11.16G cost=65863756561
|  |  in pipelines: 14(GETNEXT), 07(OPEN), 13(OPEN)
|  |
|  01:UNION
|  |  pass-through-operands: all
|  |  mem-estimate=0B mem-reservation=0B thread-reservation=0
|  |  tuple-ids=14 row-size=28B cardinality=11.16G cost=0
|  |  in pipelines: 07(GETNEXT), 13(GETNEXT)
|  |
|  |--13:AGGREGATE [FINALIZE]
|  |  |  group by: tpcds_partitioned_parquet_snap.customer_0.c_last_name, tpcds_partitioned_parquet_snap.customer_0.c_first_name, tpcds_partitioned_parquet_snap.date_dim_0.d_date
|  |  |  mem-estimate=47.88GB mem-reservation=34.00MB spill-buffer=2.00MB thread-reservation=0
|  |  |  tuple-ids=13 row-size=40B cardinality=3.93G cost=23174951067
|  |  |  in pipelines: 13(GETNEXT), 08(OPEN)
|  |  |
|  |  12:HASH JOIN [INNER JOIN]
|  |  |  hash predicates: tpcds_partitioned_parquet_snap.catalog_sales.cs_bill_customer_sk = tpcds_partitioned_parquet_snap.customer_0.c_customer_sk
|  |  |  fk/pk conjuncts: tpcds_partitioned_parquet_snap.catalog_sales.cs_bill_customer_sk = tpcds_partitioned_parquet_snap.customer_0.c_customer_sk
|  |  |  runtime filters: RF008[bloom] <- tpcds_partitioned_parquet_snap.customer_0.c_customer_sk, RF009[min_max] <- tpcds_partitioned_parquet_snap.customer_0.c_customer_sk
|  |  |  mem-estimate=1.87GB mem-reservation=34.00MB spill-buffer=2.00MB thread-reservation=0
|  |  |  tuple-ids=7,9,11 row-size=60B cardinality=3.93G cost=1753571582
|  |  |  in pipelines: 08(GETNEXT), 11(OPEN)
|  |  |
|  |  |--11:SCAN HDFS [tpcds_partitioned_parquet_snap.customer]
|  |  |     HDFS partitions=1/1 files=1 size=1.55GB
|  |  |     predicates: tpcds_partitioned_parquet_snap.customer_0.c_customer_sk IS NOT NULL
|  |  |     stored statistics:
|  |  |       table: rows=30.00M size=1.55GB
|  |  |       columns: all
|  |  |     extrapolated-rows=disabled max-scan-range-rows=3.10M
|  |  |     parquet dictionary predicates: tpcds_partitioned_parquet_snap.customer_0.c_customer_sk IS NOT NULL
|  |  |     mem-estimate=16.00MB mem-reservation=1.00MB thread-reservation=0
|  |  |     tuple-ids=11 row-size=40B cardinality=30.00M cost=7740933
|  |  |     in pipelines: 11(GETNEXT)
|  |  |
|  |  10:HASH JOIN [INNER JOIN]
|  |  |  hash predicates: tpcds_partitioned_parquet_snap.catalog_sales.cs_sold_date_sk = tpcds_partitioned_parquet_snap.date_dim_0.d_date_sk
|  |  |  fk/pk conjuncts: tpcds_partitioned_parquet_snap.catalog_sales.cs_sold_date_sk = tpcds_partitioned_parquet_snap.date_dim_0.d_date_sk
|  |  |  runtime filters: RF010[bloom] <- tpcds_partitioned_parquet_snap.date_dim_0.d_date_sk
|  |  |  mem-estimate=1.94MB mem-reservation=1.94MB spill-buffer=64.00KB thread-reservation=0
|  |  |  tuple-ids=7,9 row-size=20B cardinality=3.95G(filtered from 4.28G) cost=1787150332
|  |  |  in pipelines: 08(GETNEXT), 09(OPEN)
|  |  |
|  |  |--09:SCAN HDFS [tpcds_partitioned_parquet_snap.date_dim]
|  |  |     HDFS partitions=1/1 files=1 size=2.17MB
|  |  |     predicates: tpcds_partitioned_parquet_snap.date_dim_0.d_month_seq <= CAST(1233 AS INT), tpcds_partitioned_parquet_snap.date_dim_0.d_month_seq >= CAST(1222 AS INT), tpcds_partitioned_parquet_snap.date_dim_0.d_date_sk IS NOT NULL
|  |  |     stored statistics:
|  |  |       table: rows=73.05K size=2.17MB
|  |  |       columns: all
|  |  |     extrapolated-rows=disabled max-scan-range-rows=73.05K
|  |  |     parquet statistics predicates: tpcds_partitioned_parquet_snap.date_dim_0.d_month_seq <= CAST(1233 AS INT), tpcds_partitioned_parquet_snap.date_dim_0.d_month_seq >= CAST(1222 AS INT)
|  |  |     parquet dictionary predicates: tpcds_partitioned_parquet_snap.date_dim_0.d_month_seq <= CAST(1233 AS INT), tpcds_partitioned_parquet_snap.date_dim_0.d_month_seq >= CAST(1222 AS INT), tpcds_partitioned_parquet_snap.date_dim_0.d_date_sk IS NOT NULL
|  |  |     mem-estimate=16.00MB mem-reservation=1.00MB thread-reservation=0
|  |  |     tuple-ids=9 row-size=12B cardinality=7.30K cost=18780
|  |  |     in pipelines: 09(GETNEXT)
|  |  |
|  |  08:SCAN HDFS [tpcds_partitioned_parquet_snap.catalog_sales]
|  |     partition predicates: tpcds_partitioned_parquet_snap.catalog_sales.cs_sold_date_sk IS NOT NULL
|  |     HDFS partitions=1830/1831 files=1830 size=280.81GB
|  |     predicates: tpcds_partitioned_parquet_snap.catalog_sales.cs_bill_customer_sk IS NOT NULL
|  |     runtime filters: RF009[min_max] -> tpcds_partitioned_parquet_snap.catalog_sales.cs_bill_customer_sk, RF008[bloom] -> tpcds_partitioned_parquet_snap.catalog_sales.cs_bill_customer_sk, RF010[bloom] -> tpcds_partitioned_parquet_snap.catalog_sales.cs_sold_date_sk
|  |     stored statistics:
|  |       table: rows=4.32G size=280.96GB
|  |       partitions: 1830/1830 rows=4.30G
|  |       columns: all
|  |     extrapolated-rows=disabled max-scan-range-rows=5.09M
|  |     parquet dictionary predicates: tpcds_partitioned_parquet_snap.catalog_sales.cs_bill_customer_sk IS NOT NULL
|  |     mem-estimate=16.00MB mem-reservation=256.00KB thread-reservation=0
|  |     tuple-ids=7 row-size=8B cardinality=3.95G(filtered from 4.28G) cost=615983750
|  |     in pipelines: 08(GETNEXT)
|  |
|  07:AGGREGATE [FINALIZE]
|  |  group by: tpcds_partitioned_parquet_snap.customer.c_last_name, tpcds_partitioned_parquet_snap.customer.c_first_name, tpcds_partitioned_parquet_snap.date_dim.d_date
|  |  mem-estimate=50.00GB mem-reservation=34.00MB spill-buffer=2.00MB thread-reservation=0
|  |  tuple-ids=6 row-size=40B cardinality=7.23G cost=42688805494
|  |  in pipelines: 07(GETNEXT), 02(OPEN)
|  |
|  06:HASH JOIN [INNER JOIN]
|  |  hash predicates: tpcds_partitioned_parquet_snap.store_sales.ss_customer_sk = tpcds_partitioned_parquet_snap.customer.c_customer_sk
|  |  fk/pk conjuncts: tpcds_partitioned_parquet_snap.store_sales.ss_customer_sk = tpcds_partitioned_parquet_snap.customer.c_customer_sk
|  |  runtime filters: RF004[bloom] <- tpcds_partitioned_parquet_snap.customer.c_customer_sk, RF005[min_max] <- tpcds_partitioned_parquet_snap.customer.c_customer_sk
|  |  mem-estimate=1.87GB mem-reservation=34.00MB spill-buffer=2.00MB thread-reservation=0
|  |  tuple-ids=0,2,4 row-size=60B cardinality=7.23G cost=3282952989
|  |  in pipelines: 02(GETNEXT), 05(OPEN)
|  |
|  |--05:SCAN HDFS [tpcds_partitioned_parquet_snap.customer]
|  |     HDFS partitions=1/1 files=1 size=1.55GB
|  |     predicates: tpcds_partitioned_parquet_snap.customer.c_customer_sk IS NOT NULL
|  |     stored statistics:
|  |       table: rows=30.00M size=1.55GB
|  |       columns: all
|  |     extrapolated-rows=disabled max-scan-range-rows=3.10M
|  |     parquet dictionary predicates: tpcds_partitioned_parquet_snap.customer.c_customer_sk IS NOT NULL
|  |     mem-estimate=16.00MB mem-reservation=1.00MB thread-reservation=0
|  |     tuple-ids=4 row-size=40B cardinality=30.00M cost=7740933
|  |     in pipelines: 05(GETNEXT)
|  |
|  04:HASH JOIN [INNER JOIN]
|  |  hash predicates: tpcds_partitioned_parquet_snap.store_sales.ss_sold_date_sk = tpcds_partitioned_parquet_snap.date_dim.d_date_sk
|  |  fk/pk conjuncts: tpcds_partitioned_parquet_snap.store_sales.ss_sold_date_sk = tpcds_partitioned_parquet_snap.date_dim.d_date_sk
|  |  runtime filters: RF006[bloom] <- tpcds_partitioned_parquet_snap.date_dim.d_date_sk
|  |  mem-estimate=1.94MB mem-reservation=1.94MB spill-buffer=64.00KB thread-reservation=0
|  |  tuple-ids=0,2 row-size=20B cardinality=7.57G(filtered from 7.88G) cost=3370060393
|  |  in pipelines: 02(GETNEXT), 03(OPEN)
|  |
|  |--03:SCAN HDFS [tpcds_partitioned_parquet_snap.date_dim]
|  |     HDFS partitions=1/1 files=1 size=2.17MB
|  |     predicates: tpcds_partitioned_parquet_snap.date_dim.d_month_seq <= CAST(1233 AS INT), tpcds_partitioned_parquet_snap.date_dim.d_month_seq >= CAST(1222 AS INT), tpcds_partitioned_parquet_snap.date_dim.d_date_sk IS NOT NULL
|  |     stored statistics:
|  |       table: rows=73.05K size=2.17MB
|  |       columns: all
|  |     extrapolated-rows=disabled max-scan-range-rows=73.05K
|  |     parquet statistics predicates: tpcds_partitioned_parquet_snap.date_dim.d_month_seq <= CAST(1233 AS INT), tpcds_partitioned_parquet_snap.date_dim.d_month_seq >= CAST(1222 AS INT)
|  |     parquet dictionary predicates: tpcds_partitioned_parquet_snap.date_dim.d_month_seq <= CAST(1233 AS INT), tpcds_partitioned_parquet_snap.date_dim.d_month_seq >= CAST(1222 AS INT), tpcds_partitioned_parquet_snap.date_dim.d_date_sk IS NOT NULL
|  |     mem-estimate=16.00MB mem-reservation=1.00MB thread-reservation=0
|  |     tuple-ids=2 row-size=12B cardinality=7.30K cost=18780
|  |     in pipelines: 03(GETNEXT)
|  |
|  02:SCAN HDFS [tpcds_partitioned_parquet_snap.store_sales]
|     partition predicates: tpcds_partitioned_parquet_snap.store_sales.ss_sold_date_sk IS NOT NULL
|     HDFS partitions=1823/1824 files=1823 size=389.69GB
|     predicates: tpcds_partitioned_parquet_snap.store_sales.ss_customer_sk IS NOT NULL
|     runtime filters: RF005[min_max] -> tpcds_partitioned_parquet_snap.store_sales.ss_customer_sk, RF004[bloom] -> tpcds_partitioned_parquet_snap.store_sales.ss_customer_sk, RF006[bloom] -> tpcds_partitioned_parquet_snap.store_sales.ss_sold_date_sk
|     stored statistics:
|       table: rows=8.64G size=389.90GB
|       partitions: 1823/1823 rows=8.25G
|       columns: all
|     extrapolated-rows=disabled max-scan-range-rows=12.24M
|     parquet dictionary predicates: tpcds_partitioned_parquet_snap.store_sales.ss_customer_sk IS NOT NULL
|     mem-estimate=16.00MB mem-reservation=512.00KB thread-reservation=0
|     tuple-ids=0 row-size=8B cardinality=7.57G(filtered from 7.88G) cost=1182183990
|     in pipelines: 02(GETNEXT)
|
20:AGGREGATE [FINALIZE]
|  group by: tpcds_partitioned_parquet_snap.customer_1.c_last_name, tpcds_partitioned_parquet_snap.customer_1.c_first_name, tpcds_partitioned_parquet_snap.date_dim_1.d_date
|  mem-estimate=24.41GB mem-reservation=34.00MB spill-buffer=2.00MB thread-reservation=0
|  tuple-ids=22 row-size=40B cardinality=1.99G cost=11726578359
|  in pipelines: 20(GETNEXT), 15(OPEN)
|
19:HASH JOIN [INNER JOIN]
|  hash predicates: tpcds_partitioned_parquet_snap.web_sales.ws_bill_customer_sk = tpcds_partitioned_parquet_snap.customer_1.c_customer_sk
|  fk/pk conjuncts: tpcds_partitioned_parquet_snap.web_sales.ws_bill_customer_sk = tpcds_partitioned_parquet_snap.customer_1.c_customer_sk
|  runtime filters: RF000[bloom] <- tpcds_partitioned_parquet_snap.customer_1.c_customer_sk, RF001[min_max] <- tpcds_partitioned_parquet_snap.customer_1.c_customer_sk
|  mem-estimate=1.87GB mem-reservation=34.00MB spill-buffer=2.00MB thread-reservation=0
|  tuple-ids=16,18,20 row-size=60B cardinality=1.99G cost=899697353
|  in pipelines: 15(GETNEXT), 18(OPEN)
|
|--18:SCAN HDFS [tpcds_partitioned_parquet_snap.customer]
|     HDFS partitions=1/1 files=1 size=1.55GB
|     predicates: tpcds_partitioned_parquet_snap.customer_1.c_customer_sk IS NOT NULL
|     stored statistics:
|       table: rows=30.00M size=1.55GB
|       columns: all
|     extrapolated-rows=disabled max-scan-range-rows=3.10M
|     parquet dictionary predicates: tpcds_partitioned_parquet_snap.customer_1.c_customer_sk IS NOT NULL
|     mem-estimate=16.00MB mem-reservation=1.00MB thread-reservation=0
|     tuple-ids=20 row-size=40B cardinality=30.00M cost=7740933
|     in pipelines: 18(GETNEXT)
|
17:HASH JOIN [INNER JOIN]
|  hash predicates: tpcds_partitioned_parquet_snap.web_sales.ws_sold_date_sk = tpcds_partitioned_parquet_snap.date_dim_1.d_date_sk
|  fk/pk conjuncts: tpcds_partitioned_parquet_snap.web_sales.ws_sold_date_sk = tpcds_partitioned_parquet_snap.date_dim_1.d_date_sk
|  runtime filters: RF002[bloom] <- tpcds_partitioned_parquet_snap.date_dim_1.d_date_sk
|  mem-estimate=1.94MB mem-reservation=1.94MB spill-buffer=64.00KB thread-reservation=0
|  tuple-ids=16,18 row-size=20B cardinality=1.99G(filtered from 2.16G) cost=900903747
|  in pipelines: 15(GETNEXT), 16(OPEN)
|
|--16:SCAN HDFS [tpcds_partitioned_parquet_snap.date_dim]
|     HDFS partitions=1/1 files=1 size=2.17MB
|     predicates: tpcds_partitioned_parquet_snap.date_dim_1.d_month_seq <= CAST(1233 AS INT), tpcds_partitioned_parquet_snap.date_dim_1.d_month_seq >= CAST(1222 AS INT), tpcds_partitioned_parquet_snap.date_dim_1.d_date_sk IS NOT NULL
|     stored statistics:
|       table: rows=73.05K size=2.17MB
|       columns: all
|     extrapolated-rows=disabled max-scan-range-rows=73.05K
|     parquet statistics predicates: tpcds_partitioned_parquet_snap.date_dim_1.d_month_seq <= CAST(1233 AS INT), tpcds_partitioned_parquet_snap.date_dim_1.d_month_seq >= CAST(1222 AS INT)
|     parquet dictionary predicates: tpcds_partitioned_parquet_snap.date_dim_1.d_month_seq <= CAST(1233 AS INT), tpcds_partitioned_parquet_snap.date_dim_1.d_month_seq >= CAST(1222 AS INT), tpcds_partitioned_parquet_snap.date_dim_1.d_date_sk IS NOT NULL
|     mem-estimate=16.00MB mem-reservation=1.00MB thread-reservation=0
|     tuple-ids=18 row-size=12B cardinality=7.30K cost=18780
|     in pipelines: 16(GETNEXT)
|
15:SCAN HDFS [tpcds_partitioned_parquet_snap.web_sales]
   partition predicates: tpcds_partitioned_parquet_snap.web_sales.ws_sold_date_sk IS NOT NULL
   HDFS partitions=1823/1824 files=1823 size=145.67GB
   predicates: tpcds_partitioned_parquet_snap.web_sales.ws_bill_customer_sk IS NOT NULL
   runtime filters: RF001[min_max] -> tpcds_partitioned_parquet_snap.web_sales.ws_bill_customer_sk, RF000[bloom] -> tpcds_partitioned_parquet_snap.web_sales.ws_bill_customer_sk, RF002[bloom] -> tpcds_partitioned_parquet_snap.web_sales.ws_sold_date_sk
   stored statistics:
     table: rows=2.16G size=145.75GB
     partitions: 1823/1823 rows=2.16G
     columns: all
   extrapolated-rows=disabled max-scan-range-rows=3.37M
   parquet dictionary predicates: tpcds_partitioned_parquet_snap.web_sales.ws_bill_customer_sk IS NOT NULL
   mem-estimate=16.00MB mem-reservation=128.00KB thread-reservation=0
   tuple-ids=16 row-size=8B cardinality=1.99G(filtered from 2.16G) cost=309442090
   in pipelines: 15(GETNEXT)
---- DISTRIBUTEDPLAN
Max Per-Host Resource Reservation: Memory=4.57GB Threads=85
Per-Host Resource Estimates: Memory=58.23GB
F16:PLAN FRAGMENT [UNPARTITIONED] hosts=1 instances=1
|  Per-Instance Resources: mem-estimate=4.02MB mem-reservation=4.00MB thread-reservation=1
|  max-parallelism=1 segment-costs=[25, 1] cpu-comparison-result=360 [max(1 (self) vs 360 (sum children))]
PLAN-ROOT SINK
|  output exprs: count()
|  mem-estimate=4.00MB mem-reservation=4.00MB spill-buffer=2.00MB thread-reservation=0 cost=1
|
40:AGGREGATE [FINALIZE]
|  output: count:merge()
|  limit: 100
|  mem-estimate=16.00KB mem-reservation=0B spill-buffer=2.00MB thread-reservation=0
|  tuple-ids=25 row-size=8B cardinality=1 cost=8
|  in pipelines: 40(GETNEXT), 22(OPEN)
|
39:EXCHANGE [UNPARTITIONED]
|  mem-estimate=168.84KB mem-reservation=0B thread-reservation=0
|  tuple-ids=25 row-size=8B cardinality=120 cost=17
|  in pipelines: 22(GETNEXT)
|
F15:PLAN FRAGMENT [HASH(C_LAST_NAME,C_FIRST_NAME,D_DATE)] hosts=10 instances=120
Per-Instance Resources: mem-estimate=142.69MB mem-reservation=34.00MB thread-reservation=1
max-parallelism=8130 segment-costs=[81227587262, 920157802, 123] cpu-comparison-result=360 [max(120 (self) vs 360 (sum children))]
22:AGGREGATE
|  output: count()
|  mem-estimate=16.00KB mem-reservation=0B spill-buffer=2.00MB thread-reservation=0
|  tuple-ids=25 row-size=8B cardinality=120 cost=920157802
|  in pipelines: 22(GETNEXT), 38(OPEN)
|
38:AGGREGATE [FINALIZE]
|  output: count:merge()
|  group by: C_LAST_NAME, C_FIRST_NAME, D_DATE
|  having: count() = CAST(2 AS BIGINT)
|  mem-estimate=128.00MB mem-reservation=34.00MB spill-buffer=2.00MB thread-reservation=0
|  tuple-ids=24 row-size=36B cardinality=13.15G cost=77590334921
|  in pipelines: 38(GETNEXT), 26(OPEN), 36(OPEN)
|
37:EXCHANGE [HASH(C_LAST_NAME,C_FIRST_NAME,D_DATE)]
|  mem-estimate=14.69MB mem-reservation=0B thread-reservation=0
|  tuple-ids=24 row-size=36B cardinality=13.15G cost=3637252341
|  in pipelines: 26(GETNEXT), 36(GETNEXT)
|
F14:PLAN FRAGMENT [RANDOM] hosts=10 instances=120
Per-Instance Resources: mem-estimate=751.03MB mem-reservation=68.00MB thread-reservation=1
max-parallelism=120 segment-costs=[12312550098, 68951294500, 78867528967, 37247987841] cpu-comparison-result=360 [max(120 (self) vs 360 (sum children))]
21:AGGREGATE [STREAMING]
|  output: count()
|  group by: C_LAST_NAME, C_FIRST_NAME, D_DATE
|  mem-estimate=128.00MB mem-reservation=34.00MB spill-buffer=2.00MB thread-reservation=0
|  tuple-ids=24 row-size=36B cardinality=13.15G cost=77590334921
|  in pipelines: 26(GETNEXT), 36(GETNEXT)
|
00:UNION
|  pass-through-operands: 26
|  mem-estimate=0B mem-reservation=0B thread-reservation=0
|  tuple-ids=23 row-size=28B cardinality=13.15G cost=1277194046
|  in pipelines: 26(GETNEXT), 36(GETNEXT)
|
|--36:AGGREGATE [FINALIZE]
|  |  output: count:merge()
|  |  group by: C_LAST_NAME, C_FIRST_NAME, D_DATE
|  |  having: count() = CAST(2 AS BIGINT)
|  |  mem-estimate=128.00MB mem-reservation=34.00MB spill-buffer=2.00MB thread-reservation=0
|  |  tuple-ids=15 row-size=36B cardinality=11.16G cost=65863756561
|  |  in pipelines: 36(GETNEXT), 30(OPEN), 34(OPEN)
|  |
|  35:EXCHANGE [HASH(C_LAST_NAME,C_FIRST_NAME,D_DATE)]
|  |  mem-estimate=14.69MB mem-reservation=0B thread-reservation=0
|  |  tuple-ids=15 row-size=36B cardinality=11.16G cost=3087537939
|  |  in pipelines: 30(GETNEXT), 34(GETNEXT)
|  |
|  F12:PLAN FRAGMENT [RANDOM] hosts=10 instances=120
|  Per-Instance Resources: mem-estimate=1.26GB mem-reservation=68.00MB thread-reservation=1
|  max-parallelism=120 segment-costs=[44821945517, 24332992738, 65863756561, 31618530917] cpu-comparison-result=240 [max(120 (self) vs 240 (sum children))]
|  14:AGGREGATE [STREAMING]
|  |  output: count()
|  |  group by: C_LAST_NAME, C_FIRST_NAME, D_DATE
|  |  mem-estimate=128.00MB mem-reservation=34.00MB spill-buffer=2.00MB thread-reservation=0
|  |  tuple-ids=15 row-size=36B cardinality=11.16G cost=65863756561
|  |  in pipelines: 30(GETNEXT), 34(GETNEXT)
|  |
|  01:UNION
|  |  pass-through-operands: all
|  |  mem-estimate=0B mem-reservation=0B thread-reservation=0
|  |  tuple-ids=14 row-size=28B cardinality=11.16G cost=0
|  |  in pipelines: 30(GETNEXT), 34(GETNEXT)
|  |
|  |--34:AGGREGATE [FINALIZE]
|  |  |  group by: tpcds_partitioned_parquet_snap.customer_0.c_last_name, tpcds_partitioned_parquet_snap.customer_0.c_first_name, tpcds_partitioned_parquet_snap.date_dim_0.d_date
|  |  |  mem-estimate=789.38MB mem-reservation=34.00MB spill-buffer=2.00MB thread-reservation=0
|  |  |  tuple-ids=13 row-size=40B cardinality=3.93G cost=23174951067
|  |  |  in pipelines: 34(GETNEXT), 08(OPEN)
|  |  |
|  |  33:EXCHANGE [HASH(tpcds_partitioned_parquet_snap.customer_0.c_last_name,tpcds_partitioned_parquet_snap.customer_0.c_first_name,tpcds_partitioned_parquet_snap.date_dim_0.d_date)]
|  |  |  mem-estimate=15.15MB mem-reservation=0B thread-reservation=0
|  |  |  tuple-ids=13 row-size=40B cardinality=3.93G cost=1158041671
|  |  |  in pipelines: 08(GETNEXT)
|  |  |
|  |  F08:PLAN FRAGMENT [RANDOM] hosts=10 instances=120
|  |  Per-Host Shared Resources: mem-estimate=17.00MB mem-reservation=17.00MB thread-reservation=0 runtime-filters-memory=17.00MB
|  |  Per-Instance Resources: mem-estimate=724.65MB mem-reservation=34.25MB thread-reservation=1
|  |  max-parallelism=1830 segment-costs=[27301649426, 12128521439] cpu-comparison-result=120 [max(120 (self) vs 31 (sum children))]
|  |  13:AGGREGATE [STREAMING]
|  |  |  group by: tpcds_partitioned_parquet_snap.customer_0.c_last_name, tpcds_partitioned_parquet_snap.customer_0.c_first_name, tpcds_partitioned_parquet_snap.date_dim_0.d_date
|  |  |  mem-estimate=688.04MB mem-reservation=34.00MB spill-buffer=2.00MB thread-reservation=0
|  |  |  tuple-ids=13 row-size=40B cardinality=3.93G cost=23174951067
|  |  |  in pipelines: 08(GETNEXT)
|  |  |
|  |  12:HASH JOIN [INNER JOIN, BROADCAST]
|  |  |  hash-table-id=04
|  |  |  hash predicates: tpcds_partitioned_parquet_snap.catalog_sales.cs_bill_customer_sk = tpcds_partitioned_parquet_snap.customer_0.c_customer_sk
|  |  |  fk/pk conjuncts: tpcds_partitioned_parquet_snap.catalog_sales.cs_bill_customer_sk = tpcds_partitioned_parquet_snap.customer_0.c_customer_sk
|  |  |  mem-estimate=0B mem-reservation=0B spill-buffer=2.00MB thread-reservation=0
|  |  |  tuple-ids=7,9,11 row-size=60B cardinality=3.93G cost=1723571582
|  |  |  in pipelines: 08(GETNEXT), 11(OPEN)
|  |  |
|  |  |--F21:PLAN FRAGMENT [RANDOM] hosts=10 instances=10
|  |  |  |  Per-Instance Resources: mem-estimate=1.89GB mem-reservation=424.00MB thread-reservation=1 runtime-filters-memory=16.00MB
|  |  |  |  max-parallelism=10 segment-costs=[69869990]
|  |  |  JOIN BUILD
|  |  |  |  join-table-id=04 plan-id=05 cohort-id=03
|  |  |  |  build expressions: tpcds_partitioned_parquet_snap.customer_0.c_customer_sk
|  |  |  |  runtime filters: RF008[bloom] <- tpcds_partitioned_parquet_snap.customer_0.c_customer_sk, RF009[min_max] <- tpcds_partitioned_parquet_snap.customer_0.c_customer_sk
|  |  |  |  mem-estimate=1.87GB mem-reservation=408.00MB spill-buffer=2.00MB thread-reservation=0 cost=30000000
|  |  |  |
|  |  |  32:EXCHANGE [BROADCAST]
|  |  |  |  mem-estimate=10.43MB mem-reservation=0B thread-reservation=0
|  |  |  |  tuple-ids=11 row-size=40B cardinality=30.00M cost=39869990
|  |  |  |  in pipelines: 11(GETNEXT)
|  |  |  |
|  |  |  F10:PLAN FRAGMENT [RANDOM] hosts=10 instances=10
|  |  |  Per-Instance Resources: mem-estimate=16.17MB mem-reservation=1.00MB thread-reservation=1
|  |  |  max-parallelism=10 segment-costs=[11626295]
|  |  |  11:SCAN HDFS [tpcds_partitioned_parquet_snap.customer, RANDOM]
|  |  |     HDFS partitions=1/1 files=1 size=1.55GB
|  |  |     predicates: tpcds_partitioned_parquet_snap.customer_0.c_customer_sk IS NOT NULL
|  |  |     stored statistics:
|  |  |       table: rows=30.00M size=1.55GB
|  |  |       columns: all
|  |  |     extrapolated-rows=disabled max-scan-range-rows=3.10M
|  |  |     parquet dictionary predicates: tpcds_partitioned_parquet_snap.customer_0.c_customer_sk IS NOT NULL
|  |  |     mem-estimate=16.00MB mem-reservation=1.00MB thread-reservation=0
|  |  |     tuple-ids=11 row-size=40B cardinality=30.00M cost=7740933
|  |  |     in pipelines: 11(GETNEXT)
|  |  |
|  |  10:HASH JOIN [INNER JOIN, BROADCAST]
|  |  |  hash-table-id=05
|  |  |  hash predicates: tpcds_partitioned_parquet_snap.catalog_sales.cs_sold_date_sk = tpcds_partitioned_parquet_snap.date_dim_0.d_date_sk
|  |  |  fk/pk conjuncts: tpcds_partitioned_parquet_snap.catalog_sales.cs_sold_date_sk = tpcds_partitioned_parquet_snap.date_dim_0.d_date_sk
|  |  |  mem-estimate=0B mem-reservation=0B spill-buffer=64.00KB thread-reservation=0
|  |  |  tuple-ids=7,9 row-size=20B cardinality=3.95G(filtered from 4.28G) cost=1787143027
|  |  |  in pipelines: 08(GETNEXT), 09(OPEN)
|  |  |
|  |  |--F22:PLAN FRAGMENT [RANDOM] hosts=10 instances=10
|  |  |  |  Per-Instance Resources: mem-estimate=24.35MB mem-reservation=24.25MB thread-reservation=1 runtime-filters-memory=1.00MB
|  |  |  |  max-parallelism=10 segment-costs=[17005]
|  |  |  JOIN BUILD
|  |  |  |  join-table-id=05 plan-id=06 cohort-id=03
|  |  |  |  build expressions: tpcds_partitioned_parquet_snap.date_dim_0.d_date_sk
|  |  |  |  runtime filters: RF010[bloom] <- tpcds_partitioned_parquet_snap.date_dim_0.d_date_sk
|  |  |  |  mem-estimate=23.25MB mem-reservation=23.25MB spill-buffer=64.00KB thread-reservation=0 cost=7305
|  |  |  |
|  |  |  31:EXCHANGE [BROADCAST]
|  |  |  |  mem-estimate=101.61KB mem-reservation=0B thread-reservation=0
|  |  |  |  tuple-ids=9 row-size=12B cardinality=7.30K cost=9700
|  |  |  |  in pipelines: 09(GETNEXT)
|  |  |  |
|  |  |  F09:PLAN FRAGMENT [RANDOM] hosts=1 instances=1
|  |  |  Per-Instance Resources: mem-estimate=16.06MB mem-reservation=1.00MB thread-reservation=1
|  |  |  max-parallelism=1 segment-costs=[19174]
|  |  |  09:SCAN HDFS [tpcds_partitioned_parquet_snap.date_dim, RANDOM]
|  |  |     HDFS partitions=1/1 files=1 size=2.17MB
|  |  |     predicates: tpcds_partitioned_parquet_snap.date_dim_0.d_month_seq <= CAST(1233 AS INT), tpcds_partitioned_parquet_snap.date_dim_0.d_month_seq >= CAST(1222 AS INT), tpcds_partitioned_parquet_snap.date_dim_0.d_date_sk IS NOT NULL
|  |  |     stored statistics:
|  |  |       table: rows=73.05K size=2.17MB
|  |  |       columns: all
|  |  |     extrapolated-rows=disabled max-scan-range-rows=73.05K
|  |  |     parquet statistics predicates: tpcds_partitioned_parquet_snap.date_dim_0.d_month_seq <= CAST(1233 AS INT), tpcds_partitioned_parquet_snap.date_dim_0.d_month_seq >= CAST(1222 AS INT)
|  |  |     parquet dictionary predicates: tpcds_partitioned_parquet_snap.date_dim_0.d_month_seq <= CAST(1233 AS INT), tpcds_partitioned_parquet_snap.date_dim_0.d_month_seq >= CAST(1222 AS INT), tpcds_partitioned_parquet_snap.date_dim_0.d_date_sk IS NOT NULL
|  |  |     mem-estimate=16.00MB mem-reservation=1.00MB thread-reservation=0
|  |  |     tuple-ids=9 row-size=12B cardinality=7.30K cost=18780
|  |  |     in pipelines: 09(GETNEXT)
|  |  |
|  |  08:SCAN HDFS [tpcds_partitioned_parquet_snap.catalog_sales, RANDOM]
|  |     partition predicates: tpcds_partitioned_parquet_snap.catalog_sales.cs_sold_date_sk IS NOT NULL
|  |     HDFS partitions=1830/1831 files=1830 size=280.81GB
|  |     predicates: tpcds_partitioned_parquet_snap.catalog_sales.cs_bill_customer_sk IS NOT NULL
|  |     runtime filters: RF009[min_max] -> tpcds_partitioned_parquet_snap.catalog_sales.cs_bill_customer_sk, RF008[bloom] -> tpcds_partitioned_parquet_snap.catalog_sales.cs_bill_customer_sk, RF010[bloom] -> tpcds_partitioned_parquet_snap.catalog_sales.cs_sold_date_sk
|  |     stored statistics:
|  |       table: rows=4.32G size=280.96GB
|  |       partitions: 1830/1830 rows=4.30G
|  |       columns: all
|  |     extrapolated-rows=disabled max-scan-range-rows=5.09M
|  |     parquet dictionary predicates: tpcds_partitioned_parquet_snap.catalog_sales.cs_bill_customer_sk IS NOT NULL
|  |     mem-estimate=16.00MB mem-reservation=256.00KB thread-reservation=0
|  |     tuple-ids=7 row-size=8B cardinality=3.95G(filtered from 4.28G) cost=615983750
|  |     in pipelines: 08(GETNEXT)
|  |
|  30:AGGREGATE [FINALIZE]
|  |  group by: tpcds_partitioned_parquet_snap.customer.c_last_name, tpcds_partitioned_parquet_snap.customer.c_first_name, tpcds_partitioned_parquet_snap.date_dim.d_date
|  |  mem-estimate=1.10GB mem-reservation=34.00MB spill-buffer=2.00MB thread-reservation=0
|  |  tuple-ids=6 row-size=40B cardinality=7.23G cost=42688805494
|  |  in pipelines: 30(GETNEXT), 02(OPEN)
|  |
|  29:EXCHANGE [HASH(tpcds_partitioned_parquet_snap.customer.c_last_name,tpcds_partitioned_parquet_snap.customer.c_first_name,tpcds_partitioned_parquet_snap.date_dim.d_date)]
|  |  mem-estimate=15.15MB mem-reservation=0B thread-reservation=0
|  |  tuple-ids=6 row-size=40B cardinality=7.23G cost=2133140023
|  |  in pipelines: 02(GETNEXT)
|  |
|  F04:PLAN FRAGMENT [RANDOM] hosts=10 instances=120
|  Per-Host Shared Resources: mem-estimate=17.00MB mem-reservation=17.00MB thread-reservation=0 runtime-filters-memory=17.00MB
|  Per-Instance Resources: mem-estimate=980.65MB mem-reservation=34.50MB thread-reservation=1
|  max-parallelism=1823 segment-costs=[50493995561, 22341022045] cpu-comparison-result=120 [max(120 (self) vs 31 (sum children))]
|  07:AGGREGATE [STREAMING]
|  |  group by: tpcds_partitioned_parquet_snap.customer.c_last_name, tpcds_partitioned_parquet_snap.customer.c_first_name, tpcds_partitioned_parquet_snap.date_dim.d_date
|  |  mem-estimate=944.04MB mem-reservation=34.00MB spill-buffer=2.00MB thread-reservation=0
|  |  tuple-ids=6 row-size=40B cardinality=7.23G cost=42688805494
|  |  in pipelines: 02(GETNEXT)
|  |
|  06:HASH JOIN [INNER JOIN, BROADCAST]
|  |  hash-table-id=02
|  |  hash predicates: tpcds_partitioned_parquet_snap.store_sales.ss_customer_sk = tpcds_partitioned_parquet_snap.customer.c_customer_sk
|  |  fk/pk conjuncts: tpcds_partitioned_parquet_snap.store_sales.ss_customer_sk = tpcds_partitioned_parquet_snap.customer.c_customer_sk
|  |  mem-estimate=0B mem-reservation=0B spill-buffer=2.00MB thread-reservation=0
|  |  tuple-ids=0,2,4 row-size=60B cardinality=7.23G cost=3252952989
|  |  in pipelines: 02(GETNEXT), 05(OPEN)
|  |
|  |--F19:PLAN FRAGMENT [RANDOM] hosts=10 instances=10
|  |  |  Per-Instance Resources: mem-estimate=1.89GB mem-reservation=424.00MB thread-reservation=1 runtime-filters-memory=16.00MB
|  |  |  max-parallelism=10 segment-costs=[69869990]
|  |  JOIN BUILD
|  |  |  join-table-id=02 plan-id=03 cohort-id=02
|  |  |  build expressions: tpcds_partitioned_parquet_snap.customer.c_customer_sk
|  |  |  runtime filters: RF004[bloom] <- tpcds_partitioned_parquet_snap.customer.c_customer_sk, RF005[min_max] <- tpcds_partitioned_parquet_snap.customer.c_customer_sk
|  |  |  mem-estimate=1.87GB mem-reservation=408.00MB spill-buffer=2.00MB thread-reservation=0 cost=30000000
|  |  |
|  |  28:EXCHANGE [BROADCAST]
|  |  |  mem-estimate=10.43MB mem-reservation=0B thread-reservation=0
|  |  |  tuple-ids=4 row-size=40B cardinality=30.00M cost=39869990
|  |  |  in pipelines: 05(GETNEXT)
|  |  |
|  |  F06:PLAN FRAGMENT [RANDOM] hosts=10 instances=10
|  |  Per-Instance Resources: mem-estimate=16.17MB mem-reservation=1.00MB thread-reservation=1
|  |  max-parallelism=10 segment-costs=[11626295]
|  |  05:SCAN HDFS [tpcds_partitioned_parquet_snap.customer, RANDOM]
|  |     HDFS partitions=1/1 files=1 size=1.55GB
|  |     predicates: tpcds_partitioned_parquet_snap.customer.c_customer_sk IS NOT NULL
|  |     stored statistics:
|  |       table: rows=30.00M size=1.55GB
|  |       columns: all
|  |     extrapolated-rows=disabled max-scan-range-rows=3.10M
|  |     parquet dictionary predicates: tpcds_partitioned_parquet_snap.customer.c_customer_sk IS NOT NULL
|  |     mem-estimate=16.00MB mem-reservation=1.00MB thread-reservation=0
|  |     tuple-ids=4 row-size=40B cardinality=30.00M cost=7740933
|  |     in pipelines: 05(GETNEXT)
|  |
|  04:HASH JOIN [INNER JOIN, BROADCAST]
|  |  hash-table-id=03
|  |  hash predicates: tpcds_partitioned_parquet_snap.store_sales.ss_sold_date_sk = tpcds_partitioned_parquet_snap.date_dim.d_date_sk
|  |  fk/pk conjuncts: tpcds_partitioned_parquet_snap.store_sales.ss_sold_date_sk = tpcds_partitioned_parquet_snap.date_dim.d_date_sk
|  |  mem-estimate=0B mem-reservation=0B spill-buffer=64.00KB thread-reservation=0
|  |  tuple-ids=0,2 row-size=20B cardinality=7.57G(filtered from 7.88G) cost=3370053088
|  |  in pipelines: 02(GETNEXT), 03(OPEN)
|  |
|  |--F20:PLAN FRAGMENT [RANDOM] hosts=10 instances=10
|  |  |  Per-Instance Resources: mem-estimate=24.35MB mem-reservation=24.25MB thread-reservation=1 runtime-filters-memory=1.00MB
|  |  |  max-parallelism=10 segment-costs=[17005]
|  |  JOIN BUILD
|  |  |  join-table-id=03 plan-id=04 cohort-id=02
|  |  |  build expressions: tpcds_partitioned_parquet_snap.date_dim.d_date_sk
|  |  |  runtime filters: RF006[bloom] <- tpcds_partitioned_parquet_snap.date_dim.d_date_sk
|  |  |  mem-estimate=23.25MB mem-reservation=23.25MB spill-buffer=64.00KB thread-reservation=0 cost=7305
|  |  |
|  |  27:EXCHANGE [BROADCAST]
|  |  |  mem-estimate=101.61KB mem-reservation=0B thread-reservation=0
|  |  |  tuple-ids=2 row-size=12B cardinality=7.30K cost=9700
|  |  |  in pipelines: 03(GETNEXT)
|  |  |
|  |  F05:PLAN FRAGMENT [RANDOM] hosts=1 instances=1
|  |  Per-Instance Resources: mem-estimate=16.06MB mem-reservation=1.00MB thread-reservation=1
|  |  max-parallelism=1 segment-costs=[19174]
|  |  03:SCAN HDFS [tpcds_partitioned_parquet_snap.date_dim, RANDOM]
|  |     HDFS partitions=1/1 files=1 size=2.17MB
|  |     predicates: tpcds_partitioned_parquet_snap.date_dim.d_month_seq <= CAST(1233 AS INT), tpcds_partitioned_parquet_snap.date_dim.d_month_seq >= CAST(1222 AS INT), tpcds_partitioned_parquet_snap.date_dim.d_date_sk IS NOT NULL
|  |     stored statistics:
|  |       table: rows=73.05K size=2.17MB
|  |       columns: all
|  |     extrapolated-rows=disabled max-scan-range-rows=73.05K
|  |     parquet statistics predicates: tpcds_partitioned_parquet_snap.date_dim.d_month_seq <= CAST(1233 AS INT), tpcds_partitioned_parquet_snap.date_dim.d_month_seq >= CAST(1222 AS INT)
|  |     parquet dictionary predicates: tpcds_partitioned_parquet_snap.date_dim.d_month_seq <= CAST(1233 AS INT), tpcds_partitioned_parquet_snap.date_dim.d_month_seq >= CAST(1222 AS INT), tpcds_partitioned_parquet_snap.date_dim.d_date_sk IS NOT NULL
|  |     mem-estimate=16.00MB mem-reservation=1.00MB thread-reservation=0
|  |     tuple-ids=2 row-size=12B cardinality=7.30K cost=18780
|  |     in pipelines: 03(GETNEXT)
|  |
|  02:SCAN HDFS [tpcds_partitioned_parquet_snap.store_sales, RANDOM]
|     partition predicates: tpcds_partitioned_parquet_snap.store_sales.ss_sold_date_sk IS NOT NULL
|     HDFS partitions=1823/1824 files=1823 size=389.69GB
|     predicates: tpcds_partitioned_parquet_snap.store_sales.ss_customer_sk IS NOT NULL
|     runtime filters: RF005[min_max] -> tpcds_partitioned_parquet_snap.store_sales.ss_customer_sk, RF004[bloom] -> tpcds_partitioned_parquet_snap.store_sales.ss_customer_sk, RF006[bloom] -> tpcds_partitioned_parquet_snap.store_sales.ss_sold_date_sk
|     stored statistics:
|       table: rows=8.64G size=389.90GB
|       partitions: 1823/1823 rows=8.25G
|       columns: all
|     extrapolated-rows=disabled max-scan-range-rows=12.24M
|     parquet dictionary predicates: tpcds_partitioned_parquet_snap.store_sales.ss_customer_sk IS NOT NULL
|     mem-estimate=16.00MB mem-reservation=512.00KB thread-reservation=0
|     tuple-ids=0 row-size=8B cardinality=7.57G(filtered from 7.88G) cost=1182183990
|     in pipelines: 02(GETNEXT)
|
26:AGGREGATE [FINALIZE]
|  group by: tpcds_partitioned_parquet_snap.customer_1.c_last_name, tpcds_partitioned_parquet_snap.customer_1.c_first_name, tpcds_partitioned_parquet_snap.date_dim_1.d_date
|  mem-estimate=589.12MB mem-reservation=34.00MB spill-buffer=2.00MB thread-reservation=0
|  tuple-ids=22 row-size=40B cardinality=1.99G cost=11726578359
|  in pipelines: 26(GETNEXT), 15(OPEN)
|
25:EXCHANGE [HASH(tpcds_partitioned_parquet_snap.customer_1.c_last_name,tpcds_partitioned_parquet_snap.customer_1.c_first_name,tpcds_partitioned_parquet_snap.date_dim_1.d_date)]
|  mem-estimate=15.15MB mem-reservation=0B thread-reservation=0
|  tuple-ids=22 row-size=40B cardinality=1.99G cost=585971739
|  in pipelines: 15(GETNEXT)
|
F00:PLAN FRAGMENT [RANDOM] hosts=10 instances=120
Per-Host Shared Resources: mem-estimate=17.00MB mem-reservation=17.00MB thread-reservation=0 runtime-filters-memory=17.00MB
Per-Instance Resources: mem-estimate=574.45MB mem-reservation=34.12MB thread-reservation=1
max-parallelism=1390 segment-costs=[13806614244, 6137059648] cpu-comparison-result=120 [max(120 (self) vs 31 (sum children))]
20:AGGREGATE [STREAMING]
|  group by: tpcds_partitioned_parquet_snap.customer_1.c_last_name, tpcds_partitioned_parquet_snap.customer_1.c_first_name, tpcds_partitioned_parquet_snap.date_dim_1.d_date
|  mem-estimate=537.84MB mem-reservation=34.00MB spill-buffer=2.00MB thread-reservation=0
|  tuple-ids=22 row-size=40B cardinality=1.99G cost=11726578359
|  in pipelines: 15(GETNEXT)
|
19:HASH JOIN [INNER JOIN, BROADCAST]
|  hash-table-id=00
|  hash predicates: tpcds_partitioned_parquet_snap.web_sales.ws_bill_customer_sk = tpcds_partitioned_parquet_snap.customer_1.c_customer_sk
|  fk/pk conjuncts: tpcds_partitioned_parquet_snap.web_sales.ws_bill_customer_sk = tpcds_partitioned_parquet_snap.customer_1.c_customer_sk
|  mem-estimate=0B mem-reservation=0B spill-buffer=2.00MB thread-reservation=0
|  tuple-ids=16,18,20 row-size=60B cardinality=1.99G cost=869697353
|  in pipelines: 15(GETNEXT), 18(OPEN)
|
|--F17:PLAN FRAGMENT [RANDOM] hosts=10 instances=10
|  |  Per-Instance Resources: mem-estimate=1.89GB mem-reservation=424.00MB thread-reservation=1 runtime-filters-memory=16.00MB
|  |  max-parallelism=10 segment-costs=[69869990]
|  JOIN BUILD
|  |  join-table-id=00 plan-id=01 cohort-id=01
|  |  build expressions: tpcds_partitioned_parquet_snap.customer_1.c_customer_sk
|  |  runtime filters: RF000[bloom] <- tpcds_partitioned_parquet_snap.customer_1.c_customer_sk, RF001[min_max] <- tpcds_partitioned_parquet_snap.customer_1.c_customer_sk
|  |  mem-estimate=1.87GB mem-reservation=408.00MB spill-buffer=2.00MB thread-reservation=0 cost=30000000
|  |
|  24:EXCHANGE [BROADCAST]
|  |  mem-estimate=10.43MB mem-reservation=0B thread-reservation=0
|  |  tuple-ids=20 row-size=40B cardinality=30.00M cost=39869990
|  |  in pipelines: 18(GETNEXT)
|  |
|  F02:PLAN FRAGMENT [RANDOM] hosts=10 instances=10
|  Per-Instance Resources: mem-estimate=16.17MB mem-reservation=1.00MB thread-reservation=1
|  max-parallelism=10 segment-costs=[11626295]
|  18:SCAN HDFS [tpcds_partitioned_parquet_snap.customer, RANDOM]
|     HDFS partitions=1/1 files=1 size=1.55GB
|     predicates: tpcds_partitioned_parquet_snap.customer_1.c_customer_sk IS NOT NULL
|     stored statistics:
|       table: rows=30.00M size=1.55GB
|       columns: all
|     extrapolated-rows=disabled max-scan-range-rows=3.10M
|     parquet dictionary predicates: tpcds_partitioned_parquet_snap.customer_1.c_customer_sk IS NOT NULL
|     mem-estimate=16.00MB mem-reservation=1.00MB thread-reservation=0
|     tuple-ids=20 row-size=40B cardinality=30.00M cost=7740933
|     in pipelines: 18(GETNEXT)
|
17:HASH JOIN [INNER JOIN, BROADCAST]
|  hash-table-id=01
|  hash predicates: tpcds_partitioned_parquet_snap.web_sales.ws_sold_date_sk = tpcds_partitioned_parquet_snap.date_dim_1.d_date_sk
|  fk/pk conjuncts: tpcds_partitioned_parquet_snap.web_sales.ws_sold_date_sk = tpcds_partitioned_parquet_snap.date_dim_1.d_date_sk
|  mem-estimate=0B mem-reservation=0B spill-buffer=64.00KB thread-reservation=0
|  tuple-ids=16,18 row-size=20B cardinality=1.99G(filtered from 2.16G) cost=900896442
|  in pipelines: 15(GETNEXT), 16(OPEN)
|
|--F18:PLAN FRAGMENT [RANDOM] hosts=10 instances=10
|  |  Per-Instance Resources: mem-estimate=24.35MB mem-reservation=24.25MB thread-reservation=1 runtime-filters-memory=1.00MB
|  |  max-parallelism=10 segment-costs=[17005]
|  JOIN BUILD
|  |  join-table-id=01 plan-id=02 cohort-id=01
|  |  build expressions: tpcds_partitioned_parquet_snap.date_dim_1.d_date_sk
|  |  runtime filters: RF002[bloom] <- tpcds_partitioned_parquet_snap.date_dim_1.d_date_sk
|  |  mem-estimate=23.25MB mem-reservation=23.25MB spill-buffer=64.00KB thread-reservation=0 cost=7305
|  |
|  23:EXCHANGE [BROADCAST]
|  |  mem-estimate=101.61KB mem-reservation=0B thread-reservation=0
|  |  tuple-ids=18 row-size=12B cardinality=7.30K cost=9700
|  |  in pipelines: 16(GETNEXT)
|  |
|  F01:PLAN FRAGMENT [RANDOM] hosts=1 instances=1
|  Per-Instance Resources: mem-estimate=16.06MB mem-reservation=1.00MB thread-reservation=1
|  max-parallelism=1 segment-costs=[19174]
|  16:SCAN HDFS [tpcds_partitioned_parquet_snap.date_dim, RANDOM]
|     HDFS partitions=1/1 files=1 size=2.17MB
|     predicates: tpcds_partitioned_parquet_snap.date_dim_1.d_month_seq <= CAST(1233 AS INT), tpcds_partitioned_parquet_snap.date_dim_1.d_month_seq >= CAST(1222 AS INT), tpcds_partitioned_parquet_snap.date_dim_1.d_date_sk IS NOT NULL
|     stored statistics:
|       table: rows=73.05K size=2.17MB
|       columns: all
|     extrapolated-rows=disabled max-scan-range-rows=73.05K
|     parquet statistics predicates: tpcds_partitioned_parquet_snap.date_dim_1.d_month_seq <= CAST(1233 AS INT), tpcds_partitioned_parquet_snap.date_dim_1.d_month_seq >= CAST(1222 AS INT)
|     parquet dictionary predicates: tpcds_partitioned_parquet_snap.date_dim_1.d_month_seq <= CAST(1233 AS INT), tpcds_partitioned_parquet_snap.date_dim_1.d_month_seq >= CAST(1222 AS INT), tpcds_partitioned_parquet_snap.date_dim_1.d_date_sk IS NOT NULL
|     mem-estimate=16.00MB mem-reservation=1.00MB thread-reservation=0
|     tuple-ids=18 row-size=12B cardinality=7.30K cost=18780
|     in pipelines: 16(GETNEXT)
|
15:SCAN HDFS [tpcds_partitioned_parquet_snap.web_sales, RANDOM]
   partition predicates: tpcds_partitioned_parquet_snap.web_sales.ws_sold_date_sk IS NOT NULL
   HDFS partitions=1823/1824 files=1823 size=145.67GB
   predicates: tpcds_partitioned_parquet_snap.web_sales.ws_bill_customer_sk IS NOT NULL
   runtime filters: RF001[min_max] -> tpcds_partitioned_parquet_snap.web_sales.ws_bill_customer_sk, RF000[bloom] -> tpcds_partitioned_parquet_snap.web_sales.ws_bill_customer_sk, RF002[bloom] -> tpcds_partitioned_parquet_snap.web_sales.ws_sold_date_sk
   stored statistics:
     table: rows=2.16G size=145.75GB
     partitions: 1823/1823 rows=2.16G
     columns: all
   extrapolated-rows=disabled max-scan-range-rows=3.37M
   parquet dictionary predicates: tpcds_partitioned_parquet_snap.web_sales.ws_bill_customer_sk IS NOT NULL
   mem-estimate=16.00MB mem-reservation=128.00KB thread-reservation=0
   tuple-ids=16 row-size=8B cardinality=1.99G(filtered from 2.16G) cost=309442090
   in pipelines: 15(GETNEXT)
---- PARALLELPLANS
Max Per-Host Resource Reservation: Memory=4.57GB Threads=85
Per-Host Resource Estimates: Memory=58.23GB
F16:PLAN FRAGMENT [UNPARTITIONED] hosts=1 instances=1
|  Per-Instance Resources: mem-estimate=4.02MB mem-reservation=4.00MB thread-reservation=1
|  max-parallelism=1 segment-costs=[25, 1] cpu-comparison-result=360 [max(1 (self) vs 360 (sum children))]
PLAN-ROOT SINK
|  output exprs: count()
|  mem-estimate=4.00MB mem-reservation=4.00MB spill-buffer=2.00MB thread-reservation=0 cost=1
|
40:AGGREGATE [FINALIZE]
|  output: count:merge()
|  limit: 100
|  mem-estimate=16.00KB mem-reservation=0B spill-buffer=2.00MB thread-reservation=0
|  tuple-ids=25 row-size=8B cardinality=1 cost=8
|  in pipelines: 40(GETNEXT), 22(OPEN)
|
39:EXCHANGE [UNPARTITIONED]
|  mem-estimate=168.84KB mem-reservation=0B thread-reservation=0
|  tuple-ids=25 row-size=8B cardinality=120 cost=17
|  in pipelines: 22(GETNEXT)
|
F15:PLAN FRAGMENT [HASH(C_LAST_NAME,C_FIRST_NAME,D_DATE)] hosts=10 instances=120
Per-Instance Resources: mem-estimate=142.69MB mem-reservation=34.00MB thread-reservation=1
max-parallelism=8130 segment-costs=[81227587262, 920157802, 123] cpu-comparison-result=360 [max(120 (self) vs 360 (sum children))]
22:AGGREGATE
|  output: count()
|  mem-estimate=16.00KB mem-reservation=0B spill-buffer=2.00MB thread-reservation=0
|  tuple-ids=25 row-size=8B cardinality=120 cost=920157802
|  in pipelines: 22(GETNEXT), 38(OPEN)
|
38:AGGREGATE [FINALIZE]
|  output: count:merge()
|  group by: C_LAST_NAME, C_FIRST_NAME, D_DATE
|  having: count() = CAST(2 AS BIGINT)
|  mem-estimate=128.00MB mem-reservation=34.00MB spill-buffer=2.00MB thread-reservation=0
|  tuple-ids=24 row-size=36B cardinality=13.15G cost=77590334921
|  in pipelines: 38(GETNEXT), 26(OPEN), 36(OPEN)
|
37:EXCHANGE [HASH(C_LAST_NAME,C_FIRST_NAME,D_DATE)]
|  mem-estimate=14.69MB mem-reservation=0B thread-reservation=0
|  tuple-ids=24 row-size=36B cardinality=13.15G cost=3637252341
|  in pipelines: 26(GETNEXT), 36(GETNEXT)
|
F14:PLAN FRAGMENT [RANDOM] hosts=10 instances=120
Per-Instance Resources: mem-estimate=751.03MB mem-reservation=68.00MB thread-reservation=1
max-parallelism=120 segment-costs=[12312550098, 68951294500, 78867528967, 37247987841] cpu-comparison-result=360 [max(120 (self) vs 360 (sum children))]
21:AGGREGATE [STREAMING]
|  output: count()
|  group by: C_LAST_NAME, C_FIRST_NAME, D_DATE
|  mem-estimate=128.00MB mem-reservation=34.00MB spill-buffer=2.00MB thread-reservation=0
|  tuple-ids=24 row-size=36B cardinality=13.15G cost=77590334921
|  in pipelines: 26(GETNEXT), 36(GETNEXT)
|
00:UNION
|  pass-through-operands: 26
|  mem-estimate=0B mem-reservation=0B thread-reservation=0
|  tuple-ids=23 row-size=28B cardinality=13.15G cost=1277194046
|  in pipelines: 26(GETNEXT), 36(GETNEXT)
|
|--36:AGGREGATE [FINALIZE]
|  |  output: count:merge()
|  |  group by: C_LAST_NAME, C_FIRST_NAME, D_DATE
|  |  having: count() = CAST(2 AS BIGINT)
|  |  mem-estimate=128.00MB mem-reservation=34.00MB spill-buffer=2.00MB thread-reservation=0
|  |  tuple-ids=15 row-size=36B cardinality=11.16G cost=65863756561
|  |  in pipelines: 36(GETNEXT), 30(OPEN), 34(OPEN)
|  |
|  35:EXCHANGE [HASH(C_LAST_NAME,C_FIRST_NAME,D_DATE)]
|  |  mem-estimate=14.69MB mem-reservation=0B thread-reservation=0
|  |  tuple-ids=15 row-size=36B cardinality=11.16G cost=3087537939
|  |  in pipelines: 30(GETNEXT), 34(GETNEXT)
|  |
|  F12:PLAN FRAGMENT [RANDOM] hosts=10 instances=120
|  Per-Instance Resources: mem-estimate=1.26GB mem-reservation=68.00MB thread-reservation=1
|  max-parallelism=120 segment-costs=[44821945517, 24332992738, 65863756561, 31618530917] cpu-comparison-result=240 [max(120 (self) vs 240 (sum children))]
|  14:AGGREGATE [STREAMING]
|  |  output: count()
|  |  group by: C_LAST_NAME, C_FIRST_NAME, D_DATE
|  |  mem-estimate=128.00MB mem-reservation=34.00MB spill-buffer=2.00MB thread-reservation=0
|  |  tuple-ids=15 row-size=36B cardinality=11.16G cost=65863756561
|  |  in pipelines: 30(GETNEXT), 34(GETNEXT)
|  |
|  01:UNION
|  |  pass-through-operands: all
|  |  mem-estimate=0B mem-reservation=0B thread-reservation=0
|  |  tuple-ids=14 row-size=28B cardinality=11.16G cost=0
|  |  in pipelines: 30(GETNEXT), 34(GETNEXT)
|  |
|  |--34:AGGREGATE [FINALIZE]
|  |  |  group by: tpcds_partitioned_parquet_snap.customer_0.c_last_name, tpcds_partitioned_parquet_snap.customer_0.c_first_name, tpcds_partitioned_parquet_snap.date_dim_0.d_date
|  |  |  mem-estimate=789.38MB mem-reservation=34.00MB spill-buffer=2.00MB thread-reservation=0
|  |  |  tuple-ids=13 row-size=40B cardinality=3.93G cost=23174951067
|  |  |  in pipelines: 34(GETNEXT), 08(OPEN)
|  |  |
|  |  33:EXCHANGE [HASH(tpcds_partitioned_parquet_snap.customer_0.c_last_name,tpcds_partitioned_parquet_snap.customer_0.c_first_name,tpcds_partitioned_parquet_snap.date_dim_0.d_date)]
|  |  |  mem-estimate=15.15MB mem-reservation=0B thread-reservation=0
|  |  |  tuple-ids=13 row-size=40B cardinality=3.93G cost=1158041671
|  |  |  in pipelines: 08(GETNEXT)
|  |  |
|  |  F08:PLAN FRAGMENT [RANDOM] hosts=10 instances=120
|  |  Per-Host Shared Resources: mem-estimate=17.00MB mem-reservation=17.00MB thread-reservation=0 runtime-filters-memory=17.00MB
|  |  Per-Instance Resources: mem-estimate=724.65MB mem-reservation=34.25MB thread-reservation=1
|  |  max-parallelism=1830 segment-costs=[27301649426, 12128521439] cpu-comparison-result=120 [max(120 (self) vs 31 (sum children))]
|  |  13:AGGREGATE [STREAMING]
|  |  |  group by: tpcds_partitioned_parquet_snap.customer_0.c_last_name, tpcds_partitioned_parquet_snap.customer_0.c_first_name, tpcds_partitioned_parquet_snap.date_dim_0.d_date
|  |  |  mem-estimate=688.04MB mem-reservation=34.00MB spill-buffer=2.00MB thread-reservation=0
|  |  |  tuple-ids=13 row-size=40B cardinality=3.93G cost=23174951067
|  |  |  in pipelines: 08(GETNEXT)
|  |  |
|  |  12:HASH JOIN [INNER JOIN, BROADCAST]
|  |  |  hash-table-id=04
|  |  |  hash predicates: tpcds_partitioned_parquet_snap.catalog_sales.cs_bill_customer_sk = tpcds_partitioned_parquet_snap.customer_0.c_customer_sk
|  |  |  fk/pk conjuncts: tpcds_partitioned_parquet_snap.catalog_sales.cs_bill_customer_sk = tpcds_partitioned_parquet_snap.customer_0.c_customer_sk
|  |  |  mem-estimate=0B mem-reservation=0B spill-buffer=2.00MB thread-reservation=0
|  |  |  tuple-ids=7,9,11 row-size=60B cardinality=3.93G cost=1723571582
|  |  |  in pipelines: 08(GETNEXT), 11(OPEN)
|  |  |
|  |  |--F21:PLAN FRAGMENT [RANDOM] hosts=10 instances=10
|  |  |  |  Per-Instance Resources: mem-estimate=1.89GB mem-reservation=424.00MB thread-reservation=1 runtime-filters-memory=16.00MB
|  |  |  |  max-parallelism=10 segment-costs=[69869990]
|  |  |  JOIN BUILD
|  |  |  |  join-table-id=04 plan-id=05 cohort-id=03
|  |  |  |  build expressions: tpcds_partitioned_parquet_snap.customer_0.c_customer_sk
|  |  |  |  runtime filters: RF008[bloom] <- tpcds_partitioned_parquet_snap.customer_0.c_customer_sk, RF009[min_max] <- tpcds_partitioned_parquet_snap.customer_0.c_customer_sk
|  |  |  |  mem-estimate=1.87GB mem-reservation=408.00MB spill-buffer=2.00MB thread-reservation=0 cost=30000000
|  |  |  |
|  |  |  32:EXCHANGE [BROADCAST]
|  |  |  |  mem-estimate=10.43MB mem-reservation=0B thread-reservation=0
|  |  |  |  tuple-ids=11 row-size=40B cardinality=30.00M cost=39869990
|  |  |  |  in pipelines: 11(GETNEXT)
|  |  |  |
|  |  |  F10:PLAN FRAGMENT [RANDOM] hosts=10 instances=10
|  |  |  Per-Instance Resources: mem-estimate=16.17MB mem-reservation=1.00MB thread-reservation=1
|  |  |  max-parallelism=10 segment-costs=[11626295]
|  |  |  11:SCAN HDFS [tpcds_partitioned_parquet_snap.customer, RANDOM]
|  |  |     HDFS partitions=1/1 files=1 size=1.55GB
|  |  |     predicates: tpcds_partitioned_parquet_snap.customer_0.c_customer_sk IS NOT NULL
|  |  |     stored statistics:
|  |  |       table: rows=30.00M size=1.55GB
|  |  |       columns: all
|  |  |     extrapolated-rows=disabled max-scan-range-rows=3.10M
|  |  |     parquet dictionary predicates: tpcds_partitioned_parquet_snap.customer_0.c_customer_sk IS NOT NULL
|  |  |     mem-estimate=16.00MB mem-reservation=1.00MB thread-reservation=0
|  |  |     tuple-ids=11 row-size=40B cardinality=30.00M cost=7740933
|  |  |     in pipelines: 11(GETNEXT)
|  |  |
|  |  10:HASH JOIN [INNER JOIN, BROADCAST]
|  |  |  hash-table-id=05
|  |  |  hash predicates: tpcds_partitioned_parquet_snap.catalog_sales.cs_sold_date_sk = tpcds_partitioned_parquet_snap.date_dim_0.d_date_sk
|  |  |  fk/pk conjuncts: tpcds_partitioned_parquet_snap.catalog_sales.cs_sold_date_sk = tpcds_partitioned_parquet_snap.date_dim_0.d_date_sk
|  |  |  mem-estimate=0B mem-reservation=0B spill-buffer=64.00KB thread-reservation=0
|  |  |  tuple-ids=7,9 row-size=20B cardinality=3.95G(filtered from 4.28G) cost=1787143027
|  |  |  in pipelines: 08(GETNEXT), 09(OPEN)
|  |  |
|  |  |--F22:PLAN FRAGMENT [RANDOM] hosts=10 instances=10
|  |  |  |  Per-Instance Resources: mem-estimate=24.35MB mem-reservation=24.25MB thread-reservation=1 runtime-filters-memory=1.00MB
|  |  |  |  max-parallelism=10 segment-costs=[17005]
|  |  |  JOIN BUILD
|  |  |  |  join-table-id=05 plan-id=06 cohort-id=03
|  |  |  |  build expressions: tpcds_partitioned_parquet_snap.date_dim_0.d_date_sk
|  |  |  |  runtime filters: RF010[bloom] <- tpcds_partitioned_parquet_snap.date_dim_0.d_date_sk
|  |  |  |  mem-estimate=23.25MB mem-reservation=23.25MB spill-buffer=64.00KB thread-reservation=0 cost=7305
|  |  |  |
|  |  |  31:EXCHANGE [BROADCAST]
|  |  |  |  mem-estimate=101.61KB mem-reservation=0B thread-reservation=0
|  |  |  |  tuple-ids=9 row-size=12B cardinality=7.30K cost=9700
|  |  |  |  in pipelines: 09(GETNEXT)
|  |  |  |
|  |  |  F09:PLAN FRAGMENT [RANDOM] hosts=1 instances=1
|  |  |  Per-Instance Resources: mem-estimate=16.06MB mem-reservation=1.00MB thread-reservation=1
|  |  |  max-parallelism=1 segment-costs=[19174]
|  |  |  09:SCAN HDFS [tpcds_partitioned_parquet_snap.date_dim, RANDOM]
|  |  |     HDFS partitions=1/1 files=1 size=2.17MB
|  |  |     predicates: tpcds_partitioned_parquet_snap.date_dim_0.d_month_seq <= CAST(1233 AS INT), tpcds_partitioned_parquet_snap.date_dim_0.d_month_seq >= CAST(1222 AS INT), tpcds_partitioned_parquet_snap.date_dim_0.d_date_sk IS NOT NULL
|  |  |     stored statistics:
|  |  |       table: rows=73.05K size=2.17MB
|  |  |       columns: all
|  |  |     extrapolated-rows=disabled max-scan-range-rows=73.05K
|  |  |     parquet statistics predicates: tpcds_partitioned_parquet_snap.date_dim_0.d_month_seq <= CAST(1233 AS INT), tpcds_partitioned_parquet_snap.date_dim_0.d_month_seq >= CAST(1222 AS INT)
|  |  |     parquet dictionary predicates: tpcds_partitioned_parquet_snap.date_dim_0.d_month_seq <= CAST(1233 AS INT), tpcds_partitioned_parquet_snap.date_dim_0.d_month_seq >= CAST(1222 AS INT), tpcds_partitioned_parquet_snap.date_dim_0.d_date_sk IS NOT NULL
|  |  |     mem-estimate=16.00MB mem-reservation=1.00MB thread-reservation=0
|  |  |     tuple-ids=9 row-size=12B cardinality=7.30K cost=18780
|  |  |     in pipelines: 09(GETNEXT)
|  |  |
|  |  08:SCAN HDFS [tpcds_partitioned_parquet_snap.catalog_sales, RANDOM]
|  |     partition predicates: tpcds_partitioned_parquet_snap.catalog_sales.cs_sold_date_sk IS NOT NULL
|  |     HDFS partitions=1830/1831 files=1830 size=280.81GB
|  |     predicates: tpcds_partitioned_parquet_snap.catalog_sales.cs_bill_customer_sk IS NOT NULL
|  |     runtime filters: RF009[min_max] -> tpcds_partitioned_parquet_snap.catalog_sales.cs_bill_customer_sk, RF008[bloom] -> tpcds_partitioned_parquet_snap.catalog_sales.cs_bill_customer_sk, RF010[bloom] -> tpcds_partitioned_parquet_snap.catalog_sales.cs_sold_date_sk
|  |     stored statistics:
|  |       table: rows=4.32G size=280.96GB
|  |       partitions: 1830/1830 rows=4.30G
|  |       columns: all
|  |     extrapolated-rows=disabled max-scan-range-rows=5.09M
|  |     parquet dictionary predicates: tpcds_partitioned_parquet_snap.catalog_sales.cs_bill_customer_sk IS NOT NULL
|  |     mem-estimate=16.00MB mem-reservation=256.00KB thread-reservation=0
|  |     tuple-ids=7 row-size=8B cardinality=3.95G(filtered from 4.28G) cost=615983750
|  |     in pipelines: 08(GETNEXT)
|  |
|  30:AGGREGATE [FINALIZE]
|  |  group by: tpcds_partitioned_parquet_snap.customer.c_last_name, tpcds_partitioned_parquet_snap.customer.c_first_name, tpcds_partitioned_parquet_snap.date_dim.d_date
|  |  mem-estimate=1.10GB mem-reservation=34.00MB spill-buffer=2.00MB thread-reservation=0
|  |  tuple-ids=6 row-size=40B cardinality=7.23G cost=42688805494
|  |  in pipelines: 30(GETNEXT), 02(OPEN)
|  |
|  29:EXCHANGE [HASH(tpcds_partitioned_parquet_snap.customer.c_last_name,tpcds_partitioned_parquet_snap.customer.c_first_name,tpcds_partitioned_parquet_snap.date_dim.d_date)]
|  |  mem-estimate=15.15MB mem-reservation=0B thread-reservation=0
|  |  tuple-ids=6 row-size=40B cardinality=7.23G cost=2133140023
|  |  in pipelines: 02(GETNEXT)
|  |
|  F04:PLAN FRAGMENT [RANDOM] hosts=10 instances=120
|  Per-Host Shared Resources: mem-estimate=17.00MB mem-reservation=17.00MB thread-reservation=0 runtime-filters-memory=17.00MB
|  Per-Instance Resources: mem-estimate=980.65MB mem-reservation=34.50MB thread-reservation=1
|  max-parallelism=1823 segment-costs=[50493995561, 22341022045] cpu-comparison-result=120 [max(120 (self) vs 31 (sum children))]
|  07:AGGREGATE [STREAMING]
|  |  group by: tpcds_partitioned_parquet_snap.customer.c_last_name, tpcds_partitioned_parquet_snap.customer.c_first_name, tpcds_partitioned_parquet_snap.date_dim.d_date
|  |  mem-estimate=944.04MB mem-reservation=34.00MB spill-buffer=2.00MB thread-reservation=0
|  |  tuple-ids=6 row-size=40B cardinality=7.23G cost=42688805494
|  |  in pipelines: 02(GETNEXT)
|  |
|  06:HASH JOIN [INNER JOIN, BROADCAST]
|  |  hash-table-id=02
|  |  hash predicates: tpcds_partitioned_parquet_snap.store_sales.ss_customer_sk = tpcds_partitioned_parquet_snap.customer.c_customer_sk
|  |  fk/pk conjuncts: tpcds_partitioned_parquet_snap.store_sales.ss_customer_sk = tpcds_partitioned_parquet_snap.customer.c_customer_sk
|  |  mem-estimate=0B mem-reservation=0B spill-buffer=2.00MB thread-reservation=0
|  |  tuple-ids=0,2,4 row-size=60B cardinality=7.23G cost=3252952989
|  |  in pipelines: 02(GETNEXT), 05(OPEN)
|  |
|  |--F19:PLAN FRAGMENT [RANDOM] hosts=10 instances=10
|  |  |  Per-Instance Resources: mem-estimate=1.89GB mem-reservation=424.00MB thread-reservation=1 runtime-filters-memory=16.00MB
|  |  |  max-parallelism=10 segment-costs=[69869990]
|  |  JOIN BUILD
|  |  |  join-table-id=02 plan-id=03 cohort-id=02
|  |  |  build expressions: tpcds_partitioned_parquet_snap.customer.c_customer_sk
|  |  |  runtime filters: RF004[bloom] <- tpcds_partitioned_parquet_snap.customer.c_customer_sk, RF005[min_max] <- tpcds_partitioned_parquet_snap.customer.c_customer_sk
|  |  |  mem-estimate=1.87GB mem-reservation=408.00MB spill-buffer=2.00MB thread-reservation=0 cost=30000000
|  |  |
|  |  28:EXCHANGE [BROADCAST]
|  |  |  mem-estimate=10.43MB mem-reservation=0B thread-reservation=0
|  |  |  tuple-ids=4 row-size=40B cardinality=30.00M cost=39869990
|  |  |  in pipelines: 05(GETNEXT)
|  |  |
|  |  F06:PLAN FRAGMENT [RANDOM] hosts=10 instances=10
|  |  Per-Instance Resources: mem-estimate=16.17MB mem-reservation=1.00MB thread-reservation=1
|  |  max-parallelism=10 segment-costs=[11626295]
|  |  05:SCAN HDFS [tpcds_partitioned_parquet_snap.customer, RANDOM]
|  |     HDFS partitions=1/1 files=1 size=1.55GB
|  |     predicates: tpcds_partitioned_parquet_snap.customer.c_customer_sk IS NOT NULL
|  |     stored statistics:
|  |       table: rows=30.00M size=1.55GB
|  |       columns: all
|  |     extrapolated-rows=disabled max-scan-range-rows=3.10M
|  |     parquet dictionary predicates: tpcds_partitioned_parquet_snap.customer.c_customer_sk IS NOT NULL
|  |     mem-estimate=16.00MB mem-reservation=1.00MB thread-reservation=0
|  |     tuple-ids=4 row-size=40B cardinality=30.00M cost=7740933
|  |     in pipelines: 05(GETNEXT)
|  |
|  04:HASH JOIN [INNER JOIN, BROADCAST]
|  |  hash-table-id=03
|  |  hash predicates: tpcds_partitioned_parquet_snap.store_sales.ss_sold_date_sk = tpcds_partitioned_parquet_snap.date_dim.d_date_sk
|  |  fk/pk conjuncts: tpcds_partitioned_parquet_snap.store_sales.ss_sold_date_sk = tpcds_partitioned_parquet_snap.date_dim.d_date_sk
|  |  mem-estimate=0B mem-reservation=0B spill-buffer=64.00KB thread-reservation=0
|  |  tuple-ids=0,2 row-size=20B cardinality=7.57G(filtered from 7.88G) cost=3370053088
|  |  in pipelines: 02(GETNEXT), 03(OPEN)
|  |
|  |--F20:PLAN FRAGMENT [RANDOM] hosts=10 instances=10
|  |  |  Per-Instance Resources: mem-estimate=24.35MB mem-reservation=24.25MB thread-reservation=1 runtime-filters-memory=1.00MB
|  |  |  max-parallelism=10 segment-costs=[17005]
|  |  JOIN BUILD
|  |  |  join-table-id=03 plan-id=04 cohort-id=02
|  |  |  build expressions: tpcds_partitioned_parquet_snap.date_dim.d_date_sk
|  |  |  runtime filters: RF006[bloom] <- tpcds_partitioned_parquet_snap.date_dim.d_date_sk
|  |  |  mem-estimate=23.25MB mem-reservation=23.25MB spill-buffer=64.00KB thread-reservation=0 cost=7305
|  |  |
|  |  27:EXCHANGE [BROADCAST]
|  |  |  mem-estimate=101.61KB mem-reservation=0B thread-reservation=0
|  |  |  tuple-ids=2 row-size=12B cardinality=7.30K cost=9700
|  |  |  in pipelines: 03(GETNEXT)
|  |  |
|  |  F05:PLAN FRAGMENT [RANDOM] hosts=1 instances=1
|  |  Per-Instance Resources: mem-estimate=16.06MB mem-reservation=1.00MB thread-reservation=1
|  |  max-parallelism=1 segment-costs=[19174]
|  |  03:SCAN HDFS [tpcds_partitioned_parquet_snap.date_dim, RANDOM]
|  |     HDFS partitions=1/1 files=1 size=2.17MB
|  |     predicates: tpcds_partitioned_parquet_snap.date_dim.d_month_seq <= CAST(1233 AS INT), tpcds_partitioned_parquet_snap.date_dim.d_month_seq >= CAST(1222 AS INT), tpcds_partitioned_parquet_snap.date_dim.d_date_sk IS NOT NULL
|  |     stored statistics:
|  |       table: rows=73.05K size=2.17MB
|  |       columns: all
|  |     extrapolated-rows=disabled max-scan-range-rows=73.05K
|  |     parquet statistics predicates: tpcds_partitioned_parquet_snap.date_dim.d_month_seq <= CAST(1233 AS INT), tpcds_partitioned_parquet_snap.date_dim.d_month_seq >= CAST(1222 AS INT)
|  |     parquet dictionary predicates: tpcds_partitioned_parquet_snap.date_dim.d_month_seq <= CAST(1233 AS INT), tpcds_partitioned_parquet_snap.date_dim.d_month_seq >= CAST(1222 AS INT), tpcds_partitioned_parquet_snap.date_dim.d_date_sk IS NOT NULL
|  |     mem-estimate=16.00MB mem-reservation=1.00MB thread-reservation=0
|  |     tuple-ids=2 row-size=12B cardinality=7.30K cost=18780
|  |     in pipelines: 03(GETNEXT)
|  |
|  02:SCAN HDFS [tpcds_partitioned_parquet_snap.store_sales, RANDOM]
|     partition predicates: tpcds_partitioned_parquet_snap.store_sales.ss_sold_date_sk IS NOT NULL
|     HDFS partitions=1823/1824 files=1823 size=389.69GB
|     predicates: tpcds_partitioned_parquet_snap.store_sales.ss_customer_sk IS NOT NULL
|     runtime filters: RF005[min_max] -> tpcds_partitioned_parquet_snap.store_sales.ss_customer_sk, RF004[bloom] -> tpcds_partitioned_parquet_snap.store_sales.ss_customer_sk, RF006[bloom] -> tpcds_partitioned_parquet_snap.store_sales.ss_sold_date_sk
|     stored statistics:
|       table: rows=8.64G size=389.90GB
|       partitions: 1823/1823 rows=8.25G
|       columns: all
|     extrapolated-rows=disabled max-scan-range-rows=12.24M
|     parquet dictionary predicates: tpcds_partitioned_parquet_snap.store_sales.ss_customer_sk IS NOT NULL
|     mem-estimate=16.00MB mem-reservation=512.00KB thread-reservation=0
|     tuple-ids=0 row-size=8B cardinality=7.57G(filtered from 7.88G) cost=1182183990
|     in pipelines: 02(GETNEXT)
|
26:AGGREGATE [FINALIZE]
|  group by: tpcds_partitioned_parquet_snap.customer_1.c_last_name, tpcds_partitioned_parquet_snap.customer_1.c_first_name, tpcds_partitioned_parquet_snap.date_dim_1.d_date
|  mem-estimate=589.12MB mem-reservation=34.00MB spill-buffer=2.00MB thread-reservation=0
|  tuple-ids=22 row-size=40B cardinality=1.99G cost=11726578359
|  in pipelines: 26(GETNEXT), 15(OPEN)
|
25:EXCHANGE [HASH(tpcds_partitioned_parquet_snap.customer_1.c_last_name,tpcds_partitioned_parquet_snap.customer_1.c_first_name,tpcds_partitioned_parquet_snap.date_dim_1.d_date)]
|  mem-estimate=15.15MB mem-reservation=0B thread-reservation=0
|  tuple-ids=22 row-size=40B cardinality=1.99G cost=585971739
|  in pipelines: 15(GETNEXT)
|
F00:PLAN FRAGMENT [RANDOM] hosts=10 instances=120
Per-Host Shared Resources: mem-estimate=17.00MB mem-reservation=17.00MB thread-reservation=0 runtime-filters-memory=17.00MB
Per-Instance Resources: mem-estimate=574.45MB mem-reservation=34.12MB thread-reservation=1
max-parallelism=1390 segment-costs=[13806614244, 6137059648] cpu-comparison-result=120 [max(120 (self) vs 31 (sum children))]
20:AGGREGATE [STREAMING]
|  group by: tpcds_partitioned_parquet_snap.customer_1.c_last_name, tpcds_partitioned_parquet_snap.customer_1.c_first_name, tpcds_partitioned_parquet_snap.date_dim_1.d_date
|  mem-estimate=537.84MB mem-reservation=34.00MB spill-buffer=2.00MB thread-reservation=0
|  tuple-ids=22 row-size=40B cardinality=1.99G cost=11726578359
|  in pipelines: 15(GETNEXT)
|
19:HASH JOIN [INNER JOIN, BROADCAST]
|  hash-table-id=00
|  hash predicates: tpcds_partitioned_parquet_snap.web_sales.ws_bill_customer_sk = tpcds_partitioned_parquet_snap.customer_1.c_customer_sk
|  fk/pk conjuncts: tpcds_partitioned_parquet_snap.web_sales.ws_bill_customer_sk = tpcds_partitioned_parquet_snap.customer_1.c_customer_sk
|  mem-estimate=0B mem-reservation=0B spill-buffer=2.00MB thread-reservation=0
|  tuple-ids=16,18,20 row-size=60B cardinality=1.99G cost=869697353
|  in pipelines: 15(GETNEXT), 18(OPEN)
|
|--F17:PLAN FRAGMENT [RANDOM] hosts=10 instances=10
|  |  Per-Instance Resources: mem-estimate=1.89GB mem-reservation=424.00MB thread-reservation=1 runtime-filters-memory=16.00MB
|  |  max-parallelism=10 segment-costs=[69869990]
|  JOIN BUILD
|  |  join-table-id=00 plan-id=01 cohort-id=01
|  |  build expressions: tpcds_partitioned_parquet_snap.customer_1.c_customer_sk
|  |  runtime filters: RF000[bloom] <- tpcds_partitioned_parquet_snap.customer_1.c_customer_sk, RF001[min_max] <- tpcds_partitioned_parquet_snap.customer_1.c_customer_sk
|  |  mem-estimate=1.87GB mem-reservation=408.00MB spill-buffer=2.00MB thread-reservation=0 cost=30000000
|  |
|  24:EXCHANGE [BROADCAST]
|  |  mem-estimate=10.43MB mem-reservation=0B thread-reservation=0
|  |  tuple-ids=20 row-size=40B cardinality=30.00M cost=39869990
|  |  in pipelines: 18(GETNEXT)
|  |
|  F02:PLAN FRAGMENT [RANDOM] hosts=10 instances=10
|  Per-Instance Resources: mem-estimate=16.17MB mem-reservation=1.00MB thread-reservation=1
|  max-parallelism=10 segment-costs=[11626295]
|  18:SCAN HDFS [tpcds_partitioned_parquet_snap.customer, RANDOM]
|     HDFS partitions=1/1 files=1 size=1.55GB
|     predicates: tpcds_partitioned_parquet_snap.customer_1.c_customer_sk IS NOT NULL
|     stored statistics:
|       table: rows=30.00M size=1.55GB
|       columns: all
|     extrapolated-rows=disabled max-scan-range-rows=3.10M
|     parquet dictionary predicates: tpcds_partitioned_parquet_snap.customer_1.c_customer_sk IS NOT NULL
|     mem-estimate=16.00MB mem-reservation=1.00MB thread-reservation=0
|     tuple-ids=20 row-size=40B cardinality=30.00M cost=7740933
|     in pipelines: 18(GETNEXT)
|
17:HASH JOIN [INNER JOIN, BROADCAST]
|  hash-table-id=01
|  hash predicates: tpcds_partitioned_parquet_snap.web_sales.ws_sold_date_sk = tpcds_partitioned_parquet_snap.date_dim_1.d_date_sk
|  fk/pk conjuncts: tpcds_partitioned_parquet_snap.web_sales.ws_sold_date_sk = tpcds_partitioned_parquet_snap.date_dim_1.d_date_sk
|  mem-estimate=0B mem-reservation=0B spill-buffer=64.00KB thread-reservation=0
|  tuple-ids=16,18 row-size=20B cardinality=1.99G(filtered from 2.16G) cost=900896442
|  in pipelines: 15(GETNEXT), 16(OPEN)
|
|--F18:PLAN FRAGMENT [RANDOM] hosts=10 instances=10
|  |  Per-Instance Resources: mem-estimate=24.35MB mem-reservation=24.25MB thread-reservation=1 runtime-filters-memory=1.00MB
|  |  max-parallelism=10 segment-costs=[17005]
|  JOIN BUILD
|  |  join-table-id=01 plan-id=02 cohort-id=01
|  |  build expressions: tpcds_partitioned_parquet_snap.date_dim_1.d_date_sk
|  |  runtime filters: RF002[bloom] <- tpcds_partitioned_parquet_snap.date_dim_1.d_date_sk
|  |  mem-estimate=23.25MB mem-reservation=23.25MB spill-buffer=64.00KB thread-reservation=0 cost=7305
|  |
|  23:EXCHANGE [BROADCAST]
|  |  mem-estimate=101.61KB mem-reservation=0B thread-reservation=0
|  |  tuple-ids=18 row-size=12B cardinality=7.30K cost=9700
|  |  in pipelines: 16(GETNEXT)
|  |
|  F01:PLAN FRAGMENT [RANDOM] hosts=1 instances=1
|  Per-Instance Resources: mem-estimate=16.06MB mem-reservation=1.00MB thread-reservation=1
|  max-parallelism=1 segment-costs=[19174]
|  16:SCAN HDFS [tpcds_partitioned_parquet_snap.date_dim, RANDOM]
|     HDFS partitions=1/1 files=1 size=2.17MB
|     predicates: tpcds_partitioned_parquet_snap.date_dim_1.d_month_seq <= CAST(1233 AS INT), tpcds_partitioned_parquet_snap.date_dim_1.d_month_seq >= CAST(1222 AS INT), tpcds_partitioned_parquet_snap.date_dim_1.d_date_sk IS NOT NULL
|     stored statistics:
|       table: rows=73.05K size=2.17MB
|       columns: all
|     extrapolated-rows=disabled max-scan-range-rows=73.05K
|     parquet statistics predicates: tpcds_partitioned_parquet_snap.date_dim_1.d_month_seq <= CAST(1233 AS INT), tpcds_partitioned_parquet_snap.date_dim_1.d_month_seq >= CAST(1222 AS INT)
|     parquet dictionary predicates: tpcds_partitioned_parquet_snap.date_dim_1.d_month_seq <= CAST(1233 AS INT), tpcds_partitioned_parquet_snap.date_dim_1.d_month_seq >= CAST(1222 AS INT), tpcds_partitioned_parquet_snap.date_dim_1.d_date_sk IS NOT NULL
|     mem-estimate=16.00MB mem-reservation=1.00MB thread-reservation=0
|     tuple-ids=18 row-size=12B cardinality=7.30K cost=18780
|     in pipelines: 16(GETNEXT)
|
15:SCAN HDFS [tpcds_partitioned_parquet_snap.web_sales, RANDOM]
   partition predicates: tpcds_partitioned_parquet_snap.web_sales.ws_sold_date_sk IS NOT NULL
   HDFS partitions=1823/1824 files=1823 size=145.67GB
   predicates: tpcds_partitioned_parquet_snap.web_sales.ws_bill_customer_sk IS NOT NULL
   runtime filters: RF001[min_max] -> tpcds_partitioned_parquet_snap.web_sales.ws_bill_customer_sk, RF000[bloom] -> tpcds_partitioned_parquet_snap.web_sales.ws_bill_customer_sk, RF002[bloom] -> tpcds_partitioned_parquet_snap.web_sales.ws_sold_date_sk
   stored statistics:
     table: rows=2.16G size=145.75GB
     partitions: 1823/1823 rows=2.16G
     columns: all
   extrapolated-rows=disabled max-scan-range-rows=3.37M
   parquet dictionary predicates: tpcds_partitioned_parquet_snap.web_sales.ws_bill_customer_sk IS NOT NULL
   mem-estimate=16.00MB mem-reservation=128.00KB thread-reservation=0
   tuple-ids=16 row-size=8B cardinality=1.99G(filtered from 2.16G) cost=309442090
   in pipelines: 15(GETNEXT)
====
