# TPCDS-Q46
# start query 46 in stream 0 using template query46.tpl using seed 957555142
select  c_last_name
       ,c_first_name
       ,ca_city
       ,bought_city
       ,ss_ticket_number
       ,amt,profit
 from
   (select ss_ticket_number
          ,ss_customer_sk
          ,ca_city bought_city
          ,sum(ss_coupon_amt) amt
          ,sum(ss_net_profit) profit
    from store_sales,date_dim,store,household_demographics,customer_address
    where store_sales.ss_sold_date_sk = date_dim.d_date_sk
    and store_sales.ss_store_sk = store.s_store_sk
    and store_sales.ss_hdemo_sk = household_demographics.hd_demo_sk
    and store_sales.ss_addr_sk = customer_address.ca_address_sk
    and (household_demographics.hd_dep_count = 2 or
         household_demographics.hd_vehicle_count= 2)
    and date_dim.d_dow in (6,0)
    and date_dim.d_year in (1998,1998+1,1998+2)
    and store.s_city in ('Antioch','Mount Vernon','Jamestown','Wilson','Farmington')
    group by ss_ticket_number,ss_customer_sk,ss_addr_sk,ca_city) dn,customer,customer_address current_addr
    where ss_customer_sk = c_customer_sk
      and customer.c_current_addr_sk = current_addr.ca_address_sk
      and current_addr.ca_city <> bought_city
  order by c_last_name
          ,c_first_name
          ,ca_city
          ,bought_city
          ,ss_ticket_number
  limit 100

# end query 46 in stream 0 using template query46.tpl
---- PLAN
Max Per-Host Resource Reservation: Memory=194.44MB Threads=1
Per-Host Resource Estimates: Memory=8.37GB
F00:PLAN FRAGMENT [UNPARTITIONED] hosts=1 instances=1
|  Per-Instance Resources: mem-estimate=8.37GB mem-reservation=194.44MB thread-reservation=1 runtime-filters-memory=51.00MB
|  max-parallelism=1 segment-costs=[2554344403, 973791170, 700]
PLAN-ROOT SINK
|  output exprs: c_last_name, c_first_name, ca_city, tpcds_partitioned_parquet_snap.customer_address.ca_city, tpcds_partitioned_parquet_snap.store_sales.ss_ticket_number, sum(tpcds_partitioned_parquet_snap.store_sales.ss_coupon_amt), sum(tpcds_partitioned_parquet_snap.store_sales.ss_net_profit)
|  mem-estimate=4.00MB mem-reservation=4.00MB spill-buffer=2.00MB thread-reservation=0 cost=700
|
14:TOP-N [LIMIT=100]
|  order by: c_last_name ASC NULLS LAST, c_first_name ASC NULLS LAST, ca_city ASC NULLS LAST, tpcds_partitioned_parquet_snap.customer_address.ca_city ASC NULLS LAST, tpcds_partitioned_parquet_snap.store_sales.ss_ticket_number ASC NULLS LAST
|  mem-estimate=11.51KB mem-reservation=0B thread-reservation=0
|  tuple-ids=15 row-size=118B cardinality=100 cost=862089313
|  in pipelines: 14(GETNEXT), 09(OPEN)
|
13:HASH JOIN [INNER JOIN]
|  hash predicates: tpcds_partitioned_parquet_snap.customer.c_current_addr_sk = tpcds_partitioned_parquet_snap.customer_address_0.ca_address_sk
|  fk/pk conjuncts: tpcds_partitioned_parquet_snap.customer.c_current_addr_sk = tpcds_partitioned_parquet_snap.customer_address_0.ca_address_sk
|  other join predicates: tpcds_partitioned_parquet_snap.customer_address_0.ca_city != tpcds_partitioned_parquet_snap.customer_address.ca_city
|  runtime filters: RF000[bloom] <- tpcds_partitioned_parquet_snap.customer_address_0.ca_address_sk, RF001[min_max] <- tpcds_partitioned_parquet_snap.customer_address_0.ca_address_sk
|  mem-estimate=730.23MB mem-reservation=34.00MB spill-buffer=2.00MB thread-reservation=0
|  tuple-ids=10,11,13 row-size=138B cardinality=59.22M cost=40470714
|  in pipelines: 09(GETNEXT), 12(OPEN)
|
|--12:SCAN HDFS [tpcds_partitioned_parquet_snap.customer_address]
|     HDFS partitions=1/1 files=1 size=307.36MB
|     predicates: tpcds_partitioned_parquet_snap.customer_address_0.ca_city IS NOT NULL, tpcds_partitioned_parquet_snap.customer_address_0.ca_address_sk IS NOT NULL
|     stored statistics:
|       table: rows=15.00M size=307.36MB
|       columns: all
|     extrapolated-rows=disabled max-scan-range-rows=1.58M
|     parquet dictionary predicates: tpcds_partitioned_parquet_snap.customer_address_0.ca_city IS NOT NULL, tpcds_partitioned_parquet_snap.customer_address_0.ca_address_sk IS NOT NULL
|     mem-estimate=16.00MB mem-reservation=128.00KB thread-reservation=0
|     tuple-ids=13 row-size=25B cardinality=14.55M cost=3640720
|     in pipelines: 12(GETNEXT)
|
11:HASH JOIN [INNER JOIN]
|  hash predicates: tpcds_partitioned_parquet_snap.store_sales.ss_customer_sk = tpcds_partitioned_parquet_snap.customer.c_customer_sk
|  fk/pk conjuncts: tpcds_partitioned_parquet_snap.store_sales.ss_customer_sk = tpcds_partitioned_parquet_snap.customer.c_customer_sk
|  runtime filters: RF002[bloom] <- tpcds_partitioned_parquet_snap.customer.c_customer_sk, RF003[min_max] <- tpcds_partitioned_parquet_snap.customer.c_customer_sk
|  mem-estimate=1.98GB mem-reservation=34.00MB spill-buffer=2.00MB thread-reservation=0
|  tuple-ids=10,11 row-size=113B cardinality=59.22M cost=57278490
|  in pipelines: 09(GETNEXT), 10(OPEN)
|
|--10:SCAN HDFS [tpcds_partitioned_parquet_snap.customer]
|     HDFS partitions=1/1 files=1 size=1.55GB
|     predicates: tpcds_partitioned_parquet_snap.customer.c_current_addr_sk IS NOT NULL, tpcds_partitioned_parquet_snap.customer.c_customer_sk IS NOT NULL
|     runtime filters: RF001[min_max] -> tpcds_partitioned_parquet_snap.customer.c_current_addr_sk, RF000[bloom] -> tpcds_partitioned_parquet_snap.customer.c_current_addr_sk
|     stored statistics:
|       table: rows=30.00M size=1.55GB
|       columns: all
|     extrapolated-rows=disabled max-scan-range-rows=3.10M
|     parquet dictionary predicates: tpcds_partitioned_parquet_snap.customer.c_current_addr_sk IS NOT NULL, tpcds_partitioned_parquet_snap.customer.c_customer_sk IS NOT NULL
|     mem-estimate=16.00MB mem-reservation=1.00MB thread-reservation=0
|     tuple-ids=11 row-size=44B cardinality=30.00M cost=10311933
|     in pipelines: 10(GETNEXT)
|
09:AGGREGATE [FINALIZE]
|  output: sum(tpcds_partitioned_parquet_snap.store_sales.ss_coupon_amt), sum(tpcds_partitioned_parquet_snap.store_sales.ss_net_profit)
|  group by: tpcds_partitioned_parquet_snap.store_sales.ss_ticket_number, tpcds_partitioned_parquet_snap.store_sales.ss_customer_sk, tpcds_partitioned_parquet_snap.store_sales.ss_addr_sk, tpcds_partitioned_parquet_snap.customer_address.ca_city
|  mem-estimate=4.86GB mem-reservation=34.00MB spill-buffer=2.00MB thread-reservation=0
|  tuple-ids=10 row-size=69B cardinality=64.51M cost=385310755
|  in pipelines: 09(GETNEXT), 00(OPEN)
|
08:HASH JOIN [INNER JOIN]
|  hash predicates: tpcds_partitioned_parquet_snap.store_sales.ss_addr_sk = tpcds_partitioned_parquet_snap.customer_address.ca_address_sk
|  fk/pk conjuncts: tpcds_partitioned_parquet_snap.store_sales.ss_addr_sk = tpcds_partitioned_parquet_snap.customer_address.ca_address_sk
|  runtime filters: RF004[bloom] <- tpcds_partitioned_parquet_snap.customer_address.ca_address_sk, RF005[min_max] <- tpcds_partitioned_parquet_snap.customer_address.ca_address_sk
|  mem-estimate=730.23MB mem-reservation=34.00MB spill-buffer=2.00MB thread-reservation=0
|  tuple-ids=0,2,4,6,8 row-size=110B cardinality=64.51M cost=43871218
|  in pipelines: 00(GETNEXT), 07(OPEN)
|
|--07:SCAN HDFS [tpcds_partitioned_parquet_snap.customer_address]
|     HDFS partitions=1/1 files=1 size=307.36MB
|     predicates: tpcds_partitioned_parquet_snap.customer_address.ca_city IS NOT NULL, tpcds_partitioned_parquet_snap.customer_address.ca_address_sk IS NOT NULL
|     stored statistics:
|       table: rows=15.00M size=307.36MB
|       columns: all
|     extrapolated-rows=disabled max-scan-range-rows=1.58M
|     parquet dictionary predicates: tpcds_partitioned_parquet_snap.customer_address.ca_city IS NOT NULL, tpcds_partitioned_parquet_snap.customer_address.ca_address_sk IS NOT NULL
|     mem-estimate=16.00MB mem-reservation=128.00KB thread-reservation=0
|     tuple-ids=8 row-size=25B cardinality=14.55M cost=3640720
|     in pipelines: 07(GETNEXT)
|
06:HASH JOIN [INNER JOIN]
|  hash predicates: tpcds_partitioned_parquet_snap.store_sales.ss_sold_date_sk = tpcds_partitioned_parquet_snap.date_dim.d_date_sk
|  fk/pk conjuncts: tpcds_partitioned_parquet_snap.store_sales.ss_sold_date_sk = tpcds_partitioned_parquet_snap.date_dim.d_date_sk
|  runtime filters: RF006[bloom] <- tpcds_partitioned_parquet_snap.date_dim.d_date_sk
|  mem-estimate=1.94MB mem-reservation=1.94MB spill-buffer=64.00KB thread-reservation=0
|  tuple-ids=0,2,4,6 row-size=85B cardinality=68.74M cost=66507645
|  in pipelines: 00(GETNEXT), 05(OPEN)
|
|--05:SCAN HDFS [tpcds_partitioned_parquet_snap.date_dim]
|     HDFS partitions=1/1 files=1 size=2.17MB
|     predicates: tpcds_partitioned_parquet_snap.date_dim.d_dow IN (CAST(0 AS INT), CAST(6 AS INT)), tpcds_partitioned_parquet_snap.date_dim.d_year = CAST(1998 AS INT) OR tpcds_partitioned_parquet_snap.date_dim.d_year = add(CAST(1998 AS INT), CAST(1 AS INT)) OR tpcds_partitioned_parquet_snap.date_dim.d_year = add(CAST(1998 AS INT), CAST(2 AS INT)), tpcds_partitioned_parquet_snap.date_dim.d_date_sk IS NOT NULL
|     stored statistics:
|       table: rows=73.05K size=2.17MB
|       columns: all
|     extrapolated-rows=disabled max-scan-range-rows=73.05K
|     parquet statistics predicates: tpcds_partitioned_parquet_snap.date_dim.d_dow IN (CAST(0 AS INT), CAST(6 AS INT))
|     parquet dictionary predicates: tpcds_partitioned_parquet_snap.date_dim.d_dow IN (CAST(0 AS INT), CAST(6 AS INT)), tpcds_partitioned_parquet_snap.date_dim.d_year = CAST(1998 AS INT) OR tpcds_partitioned_parquet_snap.date_dim.d_year = add(CAST(1998 AS INT), CAST(1 AS INT)) OR tpcds_partitioned_parquet_snap.date_dim.d_year = add(CAST(1998 AS INT), CAST(2 AS INT)), tpcds_partitioned_parquet_snap.date_dim.d_date_sk IS NOT NULL
|     mem-estimate=16.00MB mem-reservation=512.00KB thread-reservation=0
|     tuple-ids=6 row-size=12B cardinality=595 cost=18780
|     in pipelines: 05(GETNEXT)
|
04:HASH JOIN [INNER JOIN]
|  hash predicates: tpcds_partitioned_parquet_snap.store_sales.ss_hdemo_sk = tpcds_partitioned_parquet_snap.household_demographics.hd_demo_sk
|  fk/pk conjuncts: tpcds_partitioned_parquet_snap.store_sales.ss_hdemo_sk = tpcds_partitioned_parquet_snap.household_demographics.hd_demo_sk
|  runtime filters: RF008[bloom] <- tpcds_partitioned_parquet_snap.household_demographics.hd_demo_sk, RF009[min_max] <- tpcds_partitioned_parquet_snap.household_demographics.hd_demo_sk
|  mem-estimate=1.94MB mem-reservation=1.94MB spill-buffer=64.00KB thread-reservation=0
|  tuple-ids=0,2,4 row-size=73B cardinality=210.73M cost=119580084
|  in pipelines: 00(GETNEXT), 03(OPEN)
|
|--03:SCAN HDFS [tpcds_partitioned_parquet_snap.household_demographics]
|     HDFS partitions=1/1 files=1 size=41.69KB
|     predicates: tpcds_partitioned_parquet_snap.household_demographics.hd_dep_count = CAST(2 AS INT) OR tpcds_partitioned_parquet_snap.household_demographics.hd_vehicle_count = CAST(2 AS INT), tpcds_partitioned_parquet_snap.household_demographics.hd_demo_sk IS NOT NULL
|     stored statistics:
|       table: rows=7.20K size=41.69KB
|       columns: all
|     extrapolated-rows=disabled max-scan-range-rows=7.20K
|     parquet dictionary predicates: tpcds_partitioned_parquet_snap.household_demographics.hd_demo_sk IS NOT NULL
|     mem-estimate=16.00MB mem-reservation=64.00KB thread-reservation=0
|     tuple-ids=4 row-size=12B cardinality=1.80K cost=1648
|     in pipelines: 03(GETNEXT)
|
02:HASH JOIN [INNER JOIN]
|  hash predicates: tpcds_partitioned_parquet_snap.store_sales.ss_store_sk = tpcds_partitioned_parquet_snap.store.s_store_sk
|  fk/pk conjuncts: tpcds_partitioned_parquet_snap.store_sales.ss_store_sk = tpcds_partitioned_parquet_snap.store.s_store_sk
|  runtime filters: RF010[bloom] <- tpcds_partitioned_parquet_snap.store.s_store_sk, RF011[min_max] <- tpcds_partitioned_parquet_snap.store.s_store_sk
|  mem-estimate=1.94MB mem-reservation=1.94MB spill-buffer=64.00KB thread-reservation=0
|  tuple-ids=0,2 row-size=61B cardinality=317.33M(filtered from 863.51M) cost=237862736
|  in pipelines: 00(GETNEXT), 01(OPEN)
|
|--01:SCAN HDFS [tpcds_partitioned_parquet_snap.store]
|     HDFS partitions=1/1 files=1 size=119.76KB
|     predicates: tpcds_partitioned_parquet_snap.store.s_city IN ('Antioch', 'Farmington', 'Jamestown', 'Mount Vernon', 'Wilson'), tpcds_partitioned_parquet_snap.store.s_store_sk IS NOT NULL
|     stored statistics:
|       table: rows=1.35K size=119.76KB
|       columns: all
|     extrapolated-rows=disabled max-scan-range-rows=1.35K
|     parquet statistics predicates: tpcds_partitioned_parquet_snap.store.s_city IN ('Antioch', 'Farmington', 'Jamestown', 'Mount Vernon', 'Wilson')
|     parquet dictionary predicates: tpcds_partitioned_parquet_snap.store.s_city IN ('Antioch', 'Farmington', 'Jamestown', 'Mount Vernon', 'Wilson'), tpcds_partitioned_parquet_snap.store.s_store_sk IS NOT NULL
|     mem-estimate=16.00MB mem-reservation=16.00KB thread-reservation=0
|     tuple-ids=2 row-size=25B cardinality=77 cost=330
|     in pipelines: 01(GETNEXT)
|
00:SCAN HDFS [tpcds_partitioned_parquet_snap.store_sales]
   partition predicates: tpcds_partitioned_parquet_snap.store_sales.ss_sold_date_sk IS NOT NULL
   HDFS partitions=1823/1824 files=1823 size=389.69GB
   predicates: tpcds_partitioned_parquet_snap.store_sales.ss_customer_sk IS NOT NULL, tpcds_partitioned_parquet_snap.store_sales.ss_hdemo_sk IS NOT NULL, tpcds_partitioned_parquet_snap.store_sales.ss_addr_sk IS NOT NULL, tpcds_partitioned_parquet_snap.store_sales.ss_store_sk IS NOT NULL
   runtime filters: RF011[min_max] -> tpcds_partitioned_parquet_snap.store_sales.ss_store_sk, RF009[min_max] -> tpcds_partitioned_parquet_snap.store_sales.ss_hdemo_sk, RF003[min_max] -> tpcds_partitioned_parquet_snap.store_sales.ss_customer_sk, RF005[min_max] -> tpcds_partitioned_parquet_snap.store_sales.ss_addr_sk, RF010[bloom] -> tpcds_partitioned_parquet_snap.store_sales.ss_store_sk, RF008[bloom] -> tpcds_partitioned_parquet_snap.store_sales.ss_hdemo_sk, RF006[bloom] -> tpcds_partitioned_parquet_snap.store_sales.ss_sold_date_sk, RF002[bloom] -> tpcds_partitioned_parquet_snap.store_sales.ss_customer_sk, RF004[bloom] -> tpcds_partitioned_parquet_snap.store_sales.ss_addr_sk
   stored statistics:
     table: rows=8.64G size=389.90GB
     partitions: 1823/1823 rows=8.25G
     columns: all
   extrapolated-rows=disabled max-scan-range-rows=12.22M est-scan-range=595(filtered from 1823)
   parquet dictionary predicates: tpcds_partitioned_parquet_snap.store_sales.ss_customer_sk IS NOT NULL, tpcds_partitioned_parquet_snap.store_sales.ss_hdemo_sk IS NOT NULL, tpcds_partitioned_parquet_snap.store_sales.ss_addr_sk IS NOT NULL, tpcds_partitioned_parquet_snap.store_sales.ss_store_sk IS NOT NULL
   mem-estimate=16.00MB mem-reservation=512.00KB thread-reservation=0
   tuple-ids=0 row-size=36B cardinality=317.33M(filtered from 7.50G) cost=1697550487
   in pipelines: 00(GETNEXT)
---- DISTRIBUTEDPLAN
Max Per-Host Resource Reservation: Memory=1.04GB Threads=64
Per-Host Resource Estimates: Memory=2.98GB
F11:PLAN FRAGMENT [UNPARTITIONED] hosts=1 instances=1
|  Per-Instance Resources: mem-estimate=5.16MB mem-reservation=4.00MB thread-reservation=1
|  max-parallelism=1 segment-costs=[748] cpu-comparison-result=330 [max(1 (self) vs 330 (sum children))]
PLAN-ROOT SINK
|  output exprs: c_last_name, c_first_name, ca_city, tpcds_partitioned_parquet_snap.customer_address.ca_city, tpcds_partitioned_parquet_snap.store_sales.ss_ticket_number, sum(tpcds_partitioned_parquet_snap.store_sales.ss_coupon_amt), sum(tpcds_partitioned_parquet_snap.store_sales.ss_net_profit)
|  mem-estimate=4.00MB mem-reservation=4.00MB spill-buffer=2.00MB thread-reservation=0 cost=700
|
26:MERGING-EXCHANGE [UNPARTITIONED]
|  order by: c_last_name ASC NULLS LAST, c_first_name ASC NULLS LAST, ca_city ASC NULLS LAST, tpcds_partitioned_parquet_snap.customer_address.ca_city ASC NULLS LAST, tpcds_partitioned_parquet_snap.store_sales.ss_ticket_number ASC NULLS LAST
|  limit: 100
|  mem-estimate=1.16MB mem-reservation=0B thread-reservation=0
|  tuple-ids=15 row-size=118B cardinality=100 cost=48
|  in pipelines: 14(GETNEXT)
|
F10:PLAN FRAGMENT [HASH(tpcds_partitioned_parquet_snap.customer.c_current_addr_sk)] hosts=10 instances=100 (adjusted from 120)
Per-Instance Resources: mem-estimate=17.10MB mem-reservation=0B thread-reservation=1
max-parallelism=100 segment-costs=[927530634, 340] cpu-comparison-result=330 [max(160 (self) vs 330 (sum children))]
14:TOP-N [LIMIT=100]
|  order by: c_last_name ASC NULLS LAST, c_first_name ASC NULLS LAST, ca_city ASC NULLS LAST, tpcds_partitioned_parquet_snap.customer_address.ca_city ASC NULLS LAST, tpcds_partitioned_parquet_snap.store_sales.ss_ticket_number ASC NULLS LAST
|  mem-estimate=11.51KB mem-reservation=0B thread-reservation=0
|  tuple-ids=15 row-size=118B cardinality=100 cost=862089313
|  in pipelines: 14(GETNEXT), 21(OPEN)
|
13:HASH JOIN [INNER JOIN, PARTITIONED]
|  hash-table-id=00
|  hash predicates: tpcds_partitioned_parquet_snap.customer.c_current_addr_sk = tpcds_partitioned_parquet_snap.customer_address_0.ca_address_sk
|  fk/pk conjuncts: tpcds_partitioned_parquet_snap.customer.c_current_addr_sk = tpcds_partitioned_parquet_snap.customer_address_0.ca_address_sk
|  other join predicates: tpcds_partitioned_parquet_snap.customer_address_0.ca_city != tpcds_partitioned_parquet_snap.customer_address.ca_city
|  mem-estimate=0B mem-reservation=0B spill-buffer=512.00KB thread-reservation=0
|  tuple-ids=10,11,13 row-size=138B cardinality=59.22M cost=25921136
|  in pipelines: 21(GETNEXT), 12(OPEN)
|
|--F12:PLAN FRAGMENT [HASH(tpcds_partitioned_parquet_snap.customer.c_current_addr_sk)] hosts=10 instances=100 (adjusted from 120)
|  |  Per-Instance Resources: mem-estimate=34.78MB mem-reservation=24.50MB thread-reservation=1 runtime-filters-memory=16.00MB
|  |  max-parallelism=100 segment-costs=[17836052]
|  JOIN BUILD
|  |  join-table-id=00 plan-id=01 cohort-id=01
|  |  build expressions: tpcds_partitioned_parquet_snap.customer_address_0.ca_address_sk
|  |  runtime filters: RF000[bloom] <- tpcds_partitioned_parquet_snap.customer_address_0.ca_address_sk, RF001[min_max] <- tpcds_partitioned_parquet_snap.customer_address_0.ca_address_sk
|  |  mem-estimate=8.50MB mem-reservation=8.50MB spill-buffer=512.00KB thread-reservation=0 cost=14549578
|  |
|  25:EXCHANGE [HASH(tpcds_partitioned_parquet_snap.customer_address_0.ca_address_sk)]
|  |  mem-estimate=10.28MB mem-reservation=0B thread-reservation=0
|  |  tuple-ids=13 row-size=25B cardinality=14.55M cost=3286474
|  |  in pipelines: 12(GETNEXT)
|  |
|  F09:PLAN FRAGMENT [RANDOM] hosts=10 instances=10
|  Per-Instance Resources: mem-estimate=27.31MB mem-reservation=128.00KB thread-reservation=1
|  max-parallelism=10 segment-costs=[34516893]
|  12:SCAN HDFS [tpcds_partitioned_parquet_snap.customer_address, RANDOM]
|     HDFS partitions=1/1 files=1 size=307.36MB
|     predicates: tpcds_partitioned_parquet_snap.customer_address_0.ca_city IS NOT NULL, tpcds_partitioned_parquet_snap.customer_address_0.ca_address_sk IS NOT NULL
|     stored statistics:
|       table: rows=15.00M size=307.36MB
|       columns: all
|     extrapolated-rows=disabled max-scan-range-rows=1.58M
|     parquet dictionary predicates: tpcds_partitioned_parquet_snap.customer_address_0.ca_city IS NOT NULL, tpcds_partitioned_parquet_snap.customer_address_0.ca_address_sk IS NOT NULL
|     mem-estimate=16.00MB mem-reservation=128.00KB thread-reservation=0
|     tuple-ids=13 row-size=25B cardinality=14.55M cost=3640720
|     in pipelines: 12(GETNEXT)
|
24:EXCHANGE [HASH(tpcds_partitioned_parquet_snap.customer.c_current_addr_sk)]
|  mem-estimate=17.09MB mem-reservation=0B thread-reservation=0
|  tuple-ids=10,11 row-size=113B cardinality=59.22M cost=39520185
|  in pipelines: 21(GETNEXT)
|
F08:PLAN FRAGMENT [HASH(tpcds_partitioned_parquet_snap.store_sales.ss_customer_sk)] hosts=10 instances=60 (adjusted from 120)
Per-Instance Resources: mem-estimate=60.08MB mem-reservation=0B thread-reservation=1
max-parallelism=60 segment-costs=[546588884]
11:HASH JOIN [INNER JOIN, PARTITIONED]
|  hash-table-id=01
|  hash predicates: tpcds_partitioned_parquet_snap.store_sales.ss_customer_sk = tpcds_partitioned_parquet_snap.customer.c_customer_sk
|  fk/pk conjuncts: tpcds_partitioned_parquet_snap.store_sales.ss_customer_sk = tpcds_partitioned_parquet_snap.customer.c_customer_sk
|  mem-estimate=0B mem-reservation=0B spill-buffer=2.00MB thread-reservation=0
|  tuple-ids=10,11 row-size=113B cardinality=59.22M cost=27278490
|  in pipelines: 21(GETNEXT), 10(OPEN)
|
|--F13:PLAN FRAGMENT [HASH(tpcds_partitioned_parquet_snap.store_sales.ss_customer_sk)] hosts=10 instances=60 (adjusted from 120)
|  |  Per-Instance Resources: mem-estimate=60.47MB mem-reservation=50.00MB thread-reservation=1 runtime-filters-memory=16.00MB
|  |  max-parallelism=60 segment-costs=[39400506]
|  JOIN BUILD
|  |  join-table-id=01 plan-id=02 cohort-id=01
|  |  build expressions: tpcds_partitioned_parquet_snap.customer.c_customer_sk
|  |  runtime filters: RF002[bloom] <- tpcds_partitioned_parquet_snap.customer.c_customer_sk, RF003[min_max] <- tpcds_partitioned_parquet_snap.customer.c_customer_sk
|  |  mem-estimate=34.00MB mem-reservation=34.00MB spill-buffer=2.00MB thread-reservation=0 cost=30000000
|  |
|  23:EXCHANGE [HASH(tpcds_partitioned_parquet_snap.customer.c_customer_sk)]
|  |  mem-estimate=10.47MB mem-reservation=0B thread-reservation=0
|  |  tuple-ids=11 row-size=44B cardinality=30.00M cost=9400506
|  |  in pipelines: 10(GETNEXT)
|  |
|  F07:PLAN FRAGMENT [RANDOM] hosts=10 instances=10
|  Per-Host Shared Resources: mem-estimate=16.00MB mem-reservation=16.00MB thread-reservation=0 runtime-filters-memory=16.00MB
|  Per-Instance Resources: mem-estimate=27.24MB mem-reservation=1.00MB thread-reservation=1
|  max-parallelism=10 segment-costs=[110713022]
|  10:SCAN HDFS [tpcds_partitioned_parquet_snap.customer, RANDOM]
|     HDFS partitions=1/1 files=1 size=1.55GB
|     predicates: tpcds_partitioned_parquet_snap.customer.c_current_addr_sk IS NOT NULL, tpcds_partitioned_parquet_snap.customer.c_customer_sk IS NOT NULL
|     runtime filters: RF001[min_max] -> tpcds_partitioned_parquet_snap.customer.c_current_addr_sk, RF000[bloom] -> tpcds_partitioned_parquet_snap.customer.c_current_addr_sk
|     stored statistics:
|       table: rows=30.00M size=1.55GB
|       columns: all
|     extrapolated-rows=disabled max-scan-range-rows=3.10M
|     parquet dictionary predicates: tpcds_partitioned_parquet_snap.customer.c_current_addr_sk IS NOT NULL, tpcds_partitioned_parquet_snap.customer.c_customer_sk IS NOT NULL
|     mem-estimate=16.00MB mem-reservation=1.00MB thread-reservation=0
|     tuple-ids=11 row-size=44B cardinality=30.00M cost=10311933
|     in pipelines: 10(GETNEXT)
|
22:EXCHANGE [HASH(tpcds_partitioned_parquet_snap.store_sales.ss_customer_sk)]
|  mem-estimate=12.85MB mem-reservation=0B thread-reservation=0
|  tuple-ids=10 row-size=69B cardinality=64.51M cost=27629726
|  in pipelines: 21(GETNEXT)
|
F06:PLAN FRAGMENT [HASH(tpcds_partitioned_parquet_snap.store_sales.ss_ticket_number,tpcds_partitioned_parquet_snap.store_sales.ss_customer_sk,tpcds_partitioned_parquet_snap.store_sales.ss_addr_sk,tpcds_partitioned_parquet_snap.customer_address.ca_city)] hosts=10 instances=40 (adjusted from 120)
Per-Instance Resources: mem-estimate=141.61MB mem-reservation=34.00MB thread-reservation=1
max-parallelism=50 segment-costs=[412940481, 319709678] cpu-comparison-result=150 [max(40 (self) vs 150 (sum children))]
21:AGGREGATE [FINALIZE]
|  output: sum:merge(tpcds_partitioned_parquet_snap.store_sales.ss_coupon_amt), sum:merge(tpcds_partitioned_parquet_snap.store_sales.ss_net_profit)
|  group by: tpcds_partitioned_parquet_snap.store_sales.ss_ticket_number, tpcds_partitioned_parquet_snap.store_sales.ss_customer_sk, tpcds_partitioned_parquet_snap.store_sales.ss_addr_sk, tpcds_partitioned_parquet_snap.customer_address.ca_city
|  mem-estimate=124.51MB mem-reservation=34.00MB spill-buffer=2.00MB thread-reservation=0
|  tuple-ids=10 row-size=69B cardinality=64.51M cost=385310755
|  in pipelines: 21(GETNEXT), 00(OPEN)
|
20:EXCHANGE [HASH(tpcds_partitioned_parquet_snap.store_sales.ss_ticket_number,tpcds_partitioned_parquet_snap.store_sales.ss_customer_sk,tpcds_partitioned_parquet_snap.store_sales.ss_addr_sk,tpcds_partitioned_parquet_snap.customer_address.ca_city)]
|  mem-estimate=12.14MB mem-reservation=0B thread-reservation=0
|  tuple-ids=10 row-size=69B cardinality=64.51M cost=27629726
|  in pipelines: 00(GETNEXT)
|
F05:PLAN FRAGMENT [HASH(tpcds_partitioned_parquet_snap.store_sales.ss_addr_sk)] hosts=10 instances=30 (adjusted from 120)
Per-Instance Resources: mem-estimate=157.76MB mem-reservation=34.00MB thread-reservation=1
max-parallelism=50 segment-costs=[456766470, 319709678] cpu-comparison-result=150 [max(150 (self) vs 73 (sum children))]
09:AGGREGATE [STREAMING]
|  output: sum(tpcds_partitioned_parquet_snap.store_sales.ss_coupon_amt), sum(tpcds_partitioned_parquet_snap.store_sales.ss_net_profit)
|  group by: tpcds_partitioned_parquet_snap.store_sales.ss_ticket_number, tpcds_partitioned_parquet_snap.store_sales.ss_customer_sk, tpcds_partitioned_parquet_snap.store_sales.ss_addr_sk, tpcds_partitioned_parquet_snap.customer_address.ca_city
|  mem-estimate=124.51MB mem-reservation=34.00MB spill-buffer=2.00MB thread-reservation=0
|  tuple-ids=10 row-size=69B cardinality=64.51M cost=385310755
|  in pipelines: 00(GETNEXT)
|
08:HASH JOIN [INNER JOIN, PARTITIONED]
|  hash-table-id=02
|  hash predicates: tpcds_partitioned_parquet_snap.store_sales.ss_addr_sk = tpcds_partitioned_parquet_snap.customer_address.ca_address_sk
|  fk/pk conjuncts: tpcds_partitioned_parquet_snap.store_sales.ss_addr_sk = tpcds_partitioned_parquet_snap.customer_address.ca_address_sk
|  mem-estimate=0B mem-reservation=0B spill-buffer=2.00MB thread-reservation=0
|  tuple-ids=0,2,4,6,8 row-size=110B cardinality=64.51M cost=29321640
|  in pipelines: 00(GETNEXT), 07(OPEN)
|
|--F14:PLAN FRAGMENT [HASH(tpcds_partitioned_parquet_snap.store_sales.ss_addr_sk)] hosts=10 instances=30 (adjusted from 120)
|  |  Per-Instance Resources: mem-estimate=60.28MB mem-reservation=50.00MB thread-reservation=1 runtime-filters-memory=16.00MB
|  |  max-parallelism=50 segment-costs=[17836052]
|  JOIN BUILD
|  |  join-table-id=02 plan-id=03 cohort-id=01
|  |  build expressions: tpcds_partitioned_parquet_snap.customer_address.ca_address_sk
|  |  runtime filters: RF004[bloom] <- tpcds_partitioned_parquet_snap.customer_address.ca_address_sk, RF005[min_max] <- tpcds_partitioned_parquet_snap.customer_address.ca_address_sk
|  |  mem-estimate=34.00MB mem-reservation=34.00MB spill-buffer=2.00MB thread-reservation=0 cost=14549578
|  |
|  19:EXCHANGE [HASH(tpcds_partitioned_parquet_snap.customer_address.ca_address_sk)]
|  |  mem-estimate=10.28MB mem-reservation=0B thread-reservation=0
|  |  tuple-ids=8 row-size=25B cardinality=14.55M cost=3286474
|  |  in pipelines: 07(GETNEXT)
|  |
|  F04:PLAN FRAGMENT [RANDOM] hosts=10 instances=10
|  Per-Instance Resources: mem-estimate=19.39MB mem-reservation=128.00KB thread-reservation=1
|  max-parallelism=10 segment-costs=[34516893]
|  07:SCAN HDFS [tpcds_partitioned_parquet_snap.customer_address, RANDOM]
|     HDFS partitions=1/1 files=1 size=307.36MB
|     predicates: tpcds_partitioned_parquet_snap.customer_address.ca_city IS NOT NULL, tpcds_partitioned_parquet_snap.customer_address.ca_address_sk IS NOT NULL
|     stored statistics:
|       table: rows=15.00M size=307.36MB
|       columns: all
|     extrapolated-rows=disabled max-scan-range-rows=1.58M
|     parquet dictionary predicates: tpcds_partitioned_parquet_snap.customer_address.ca_city IS NOT NULL, tpcds_partitioned_parquet_snap.customer_address.ca_address_sk IS NOT NULL
|     mem-estimate=16.00MB mem-reservation=128.00KB thread-reservation=0
|     tuple-ids=8 row-size=25B cardinality=14.55M cost=3640720
|     in pipelines: 07(GETNEXT)
|
18:EXCHANGE [HASH(tpcds_partitioned_parquet_snap.store_sales.ss_addr_sk)]
|  mem-estimate=21.85MB mem-reservation=0B thread-reservation=0
|  tuple-ids=0,2,4,6 row-size=85B cardinality=68.74M cost=42134075
|  in pipelines: 00(GETNEXT)
|
F00:PLAN FRAGMENT [RANDOM] hosts=10 instances=120
Per-Host Shared Resources: mem-estimate=35.00MB mem-reservation=35.00MB thread-reservation=0 runtime-filters-memory=35.00MB
Per-Instance Resources: mem-estimate=27.85MB mem-reservation=512.00KB thread-reservation=1
max-parallelism=270 segment-costs=[2639871937]
06:HASH JOIN [INNER JOIN, BROADCAST]
|  hash-table-id=03
|  hash predicates: tpcds_partitioned_parquet_snap.store_sales.ss_sold_date_sk = tpcds_partitioned_parquet_snap.date_dim.d_date_sk
|  fk/pk conjuncts: tpcds_partitioned_parquet_snap.store_sales.ss_sold_date_sk = tpcds_partitioned_parquet_snap.date_dim.d_date_sk
|  mem-estimate=0B mem-reservation=0B spill-buffer=64.00KB thread-reservation=0
|  tuple-ids=0,2,4,6 row-size=85B cardinality=68.74M cost=66507050
|  in pipelines: 00(GETNEXT), 05(OPEN)
|
|--F15:PLAN FRAGMENT [RANDOM] hosts=10 instances=10
|  |  Per-Instance Resources: mem-estimate=24.27MB mem-reservation=24.25MB thread-reservation=1 runtime-filters-memory=1.00MB
|  |  max-parallelism=10 segment-costs=[1385]
|  JOIN BUILD
|  |  join-table-id=03 plan-id=04 cohort-id=01
|  |  build expressions: tpcds_partitioned_parquet_snap.date_dim.d_date_sk
|  |  runtime filters: RF006[bloom] <- tpcds_partitioned_parquet_snap.date_dim.d_date_sk
|  |  mem-estimate=23.25MB mem-reservation=23.25MB spill-buffer=64.00KB thread-reservation=0 cost=595
|  |
|  17:EXCHANGE [BROADCAST]
|  |  mem-estimate=16.27KB mem-reservation=0B thread-reservation=0
|  |  tuple-ids=6 row-size=12B cardinality=595 cost=790
|  |  in pipelines: 05(GETNEXT)
|  |
|  F03:PLAN FRAGMENT [RANDOM] hosts=1 instances=1
|  Per-Instance Resources: mem-estimate=16.06MB mem-reservation=512.00KB thread-reservation=1
|  max-parallelism=1 segment-costs=[18812]
|  05:SCAN HDFS [tpcds_partitioned_parquet_snap.date_dim, RANDOM]
|     HDFS partitions=1/1 files=1 size=2.17MB
|     predicates: tpcds_partitioned_parquet_snap.date_dim.d_dow IN (CAST(0 AS INT), CAST(6 AS INT)), tpcds_partitioned_parquet_snap.date_dim.d_year = CAST(1998 AS INT) OR tpcds_partitioned_parquet_snap.date_dim.d_year = add(CAST(1998 AS INT), CAST(1 AS INT)) OR tpcds_partitioned_parquet_snap.date_dim.d_year = add(CAST(1998 AS INT), CAST(2 AS INT)), tpcds_partitioned_parquet_snap.date_dim.d_date_sk IS NOT NULL
|     stored statistics:
|       table: rows=73.05K size=2.17MB
|       columns: all
|     extrapolated-rows=disabled max-scan-range-rows=73.05K
|     parquet statistics predicates: tpcds_partitioned_parquet_snap.date_dim.d_dow IN (CAST(0 AS INT), CAST(6 AS INT))
|     parquet dictionary predicates: tpcds_partitioned_parquet_snap.date_dim.d_dow IN (CAST(0 AS INT), CAST(6 AS INT)), tpcds_partitioned_parquet_snap.date_dim.d_year = CAST(1998 AS INT) OR tpcds_partitioned_parquet_snap.date_dim.d_year = add(CAST(1998 AS INT), CAST(1 AS INT)) OR tpcds_partitioned_parquet_snap.date_dim.d_year = add(CAST(1998 AS INT), CAST(2 AS INT)), tpcds_partitioned_parquet_snap.date_dim.d_date_sk IS NOT NULL
|     mem-estimate=16.00MB mem-reservation=512.00KB thread-reservation=0
|     tuple-ids=6 row-size=12B cardinality=595 cost=18780
|     in pipelines: 05(GETNEXT)
|
04:HASH JOIN [INNER JOIN, BROADCAST]
|  hash-table-id=04
|  hash predicates: tpcds_partitioned_parquet_snap.store_sales.ss_hdemo_sk = tpcds_partitioned_parquet_snap.household_demographics.hd_demo_sk
|  fk/pk conjuncts: tpcds_partitioned_parquet_snap.store_sales.ss_hdemo_sk = tpcds_partitioned_parquet_snap.household_demographics.hd_demo_sk
|  mem-estimate=0B mem-reservation=0B spill-buffer=64.00KB thread-reservation=0
|  tuple-ids=0,2,4 row-size=73B cardinality=210.73M cost=119578284
|  in pipelines: 00(GETNEXT), 03(OPEN)
|
|--F16:PLAN FRAGMENT [RANDOM] hosts=10 instances=10
|  |  Per-Instance Resources: mem-estimate=24.29MB mem-reservation=24.25MB thread-reservation=1 runtime-filters-memory=1.00MB
|  |  max-parallelism=10 segment-costs=[4190]
|  JOIN BUILD
|  |  join-table-id=04 plan-id=05 cohort-id=01
|  |  build expressions: tpcds_partitioned_parquet_snap.household_demographics.hd_demo_sk
|  |  runtime filters: RF008[bloom] <- tpcds_partitioned_parquet_snap.household_demographics.hd_demo_sk, RF009[min_max] <- tpcds_partitioned_parquet_snap.household_demographics.hd_demo_sk
|  |  mem-estimate=23.25MB mem-reservation=23.25MB spill-buffer=64.00KB thread-reservation=0 cost=1800
|  |
|  16:EXCHANGE [BROADCAST]
|  |  mem-estimate=37.09KB mem-reservation=0B thread-reservation=0
|  |  tuple-ids=4 row-size=12B cardinality=1.80K cost=2390
|  |  in pipelines: 03(GETNEXT)
|  |
|  F02:PLAN FRAGMENT [RANDOM] hosts=1 instances=1
|  Per-Instance Resources: mem-estimate=16.06MB mem-reservation=64.00KB thread-reservation=1
|  max-parallelism=1 segment-costs=[1745]
|  03:SCAN HDFS [tpcds_partitioned_parquet_snap.household_demographics, RANDOM]
|     HDFS partitions=1/1 files=1 size=41.69KB
|     predicates: tpcds_partitioned_parquet_snap.household_demographics.hd_dep_count = CAST(2 AS INT) OR tpcds_partitioned_parquet_snap.household_demographics.hd_vehicle_count = CAST(2 AS INT), tpcds_partitioned_parquet_snap.household_demographics.hd_demo_sk IS NOT NULL
|     stored statistics:
|       table: rows=7.20K size=41.69KB
|       columns: all
|     extrapolated-rows=disabled max-scan-range-rows=7.20K
|     parquet dictionary predicates: tpcds_partitioned_parquet_snap.household_demographics.hd_demo_sk IS NOT NULL
|     mem-estimate=16.00MB mem-reservation=64.00KB thread-reservation=0
|     tuple-ids=4 row-size=12B cardinality=1.80K cost=1648
|     in pipelines: 03(GETNEXT)
|
02:HASH JOIN [INNER JOIN, BROADCAST]
|  hash-table-id=05
|  hash predicates: tpcds_partitioned_parquet_snap.store_sales.ss_store_sk = tpcds_partitioned_parquet_snap.store.s_store_sk
|  fk/pk conjuncts: tpcds_partitioned_parquet_snap.store_sales.ss_store_sk = tpcds_partitioned_parquet_snap.store.s_store_sk
|  mem-estimate=0B mem-reservation=0B spill-buffer=64.00KB thread-reservation=0
|  tuple-ids=0,2 row-size=61B cardinality=317.33M(filtered from 863.51M) cost=237862659
|  in pipelines: 00(GETNEXT), 01(OPEN)
|
|--F17:PLAN FRAGMENT [RANDOM] hosts=10 instances=10
|  |  Per-Instance Resources: mem-estimate=24.27MB mem-reservation=24.25MB thread-reservation=1 runtime-filters-memory=1.00MB
|  |  max-parallelism=10 segment-costs=[177]
|  JOIN BUILD
|  |  join-table-id=05 plan-id=06 cohort-id=01
|  |  build expressions: tpcds_partitioned_parquet_snap.store.s_store_sk
|  |  runtime filters: RF010[bloom] <- tpcds_partitioned_parquet_snap.store.s_store_sk, RF011[min_max] <- tpcds_partitioned_parquet_snap.store.s_store_sk
|  |  mem-estimate=23.25MB mem-reservation=23.25MB spill-buffer=64.00KB thread-reservation=0 cost=77
|  |
|  15:EXCHANGE [BROADCAST]
|  |  mem-estimate=16.00KB mem-reservation=0B thread-reservation=0
|  |  tuple-ids=2 row-size=25B cardinality=77 cost=100
|  |  in pipelines: 01(GETNEXT)
|  |
|  F01:PLAN FRAGMENT [RANDOM] hosts=1 instances=1
|  Per-Instance Resources: mem-estimate=16.11MB mem-reservation=16.00KB thread-reservation=1
|  max-parallelism=1 segment-costs=[336]
|  01:SCAN HDFS [tpcds_partitioned_parquet_snap.store, RANDOM]
|     HDFS partitions=1/1 files=1 size=119.76KB
|     predicates: tpcds_partitioned_parquet_snap.store.s_city IN ('Antioch', 'Farmington', 'Jamestown', 'Mount Vernon', 'Wilson'), tpcds_partitioned_parquet_snap.store.s_store_sk IS NOT NULL
|     stored statistics:
|       table: rows=1.35K size=119.76KB
|       columns: all
|     extrapolated-rows=disabled max-scan-range-rows=1.35K
|     parquet statistics predicates: tpcds_partitioned_parquet_snap.store.s_city IN ('Antioch', 'Farmington', 'Jamestown', 'Mount Vernon', 'Wilson')
|     parquet dictionary predicates: tpcds_partitioned_parquet_snap.store.s_city IN ('Antioch', 'Farmington', 'Jamestown', 'Mount Vernon', 'Wilson'), tpcds_partitioned_parquet_snap.store.s_store_sk IS NOT NULL
|     mem-estimate=16.00MB mem-reservation=16.00KB thread-reservation=0
|     tuple-ids=2 row-size=25B cardinality=77 cost=330
|     in pipelines: 01(GETNEXT)
|
00:SCAN HDFS [tpcds_partitioned_parquet_snap.store_sales, RANDOM]
   partition predicates: tpcds_partitioned_parquet_snap.store_sales.ss_sold_date_sk IS NOT NULL
   HDFS partitions=1823/1824 files=1823 size=389.69GB
   predicates: tpcds_partitioned_parquet_snap.store_sales.ss_customer_sk IS NOT NULL, tpcds_partitioned_parquet_snap.store_sales.ss_hdemo_sk IS NOT NULL, tpcds_partitioned_parquet_snap.store_sales.ss_addr_sk IS NOT NULL, tpcds_partitioned_parquet_snap.store_sales.ss_store_sk IS NOT NULL
   runtime filters: RF011[min_max] -> tpcds_partitioned_parquet_snap.store_sales.ss_store_sk, RF009[min_max] -> tpcds_partitioned_parquet_snap.store_sales.ss_hdemo_sk, RF003[min_max] -> tpcds_partitioned_parquet_snap.store_sales.ss_customer_sk, RF005[min_max] -> tpcds_partitioned_parquet_snap.store_sales.ss_addr_sk, RF010[bloom] -> tpcds_partitioned_parquet_snap.store_sales.ss_store_sk, RF008[bloom] -> tpcds_partitioned_parquet_snap.store_sales.ss_hdemo_sk, RF006[bloom] -> tpcds_partitioned_parquet_snap.store_sales.ss_sold_date_sk, RF002[bloom] -> tpcds_partitioned_parquet_snap.store_sales.ss_customer_sk, RF004[bloom] -> tpcds_partitioned_parquet_snap.store_sales.ss_addr_sk
   stored statistics:
     table: rows=8.64G size=389.90GB
     partitions: 1823/1823 rows=8.25G
     columns: all
   extrapolated-rows=disabled max-scan-range-rows=12.22M est-scan-range=595(filtered from 1823)
   parquet dictionary predicates: tpcds_partitioned_parquet_snap.store_sales.ss_customer_sk IS NOT NULL, tpcds_partitioned_parquet_snap.store_sales.ss_hdemo_sk IS NOT NULL, tpcds_partitioned_parquet_snap.store_sales.ss_addr_sk IS NOT NULL, tpcds_partitioned_parquet_snap.store_sales.ss_store_sk IS NOT NULL
   mem-estimate=16.00MB mem-reservation=512.00KB thread-reservation=0
   tuple-ids=0 row-size=36B cardinality=317.33M(filtered from 7.50G) cost=1697550487
   in pipelines: 00(GETNEXT)
---- PARALLELPLANS
Max Per-Host Resource Reservation: Memory=1.04GB Threads=64
Per-Host Resource Estimates: Memory=2.98GB
F11:PLAN FRAGMENT [UNPARTITIONED] hosts=1 instances=1
|  Per-Instance Resources: mem-estimate=5.16MB mem-reservation=4.00MB thread-reservation=1
|  max-parallelism=1 segment-costs=[748] cpu-comparison-result=330 [max(1 (self) vs 330 (sum children))]
PLAN-ROOT SINK
|  output exprs: c_last_name, c_first_name, ca_city, tpcds_partitioned_parquet_snap.customer_address.ca_city, tpcds_partitioned_parquet_snap.store_sales.ss_ticket_number, sum(tpcds_partitioned_parquet_snap.store_sales.ss_coupon_amt), sum(tpcds_partitioned_parquet_snap.store_sales.ss_net_profit)
|  mem-estimate=4.00MB mem-reservation=4.00MB spill-buffer=2.00MB thread-reservation=0 cost=700
|
26:MERGING-EXCHANGE [UNPARTITIONED]
|  order by: c_last_name ASC NULLS LAST, c_first_name ASC NULLS LAST, ca_city ASC NULLS LAST, tpcds_partitioned_parquet_snap.customer_address.ca_city ASC NULLS LAST, tpcds_partitioned_parquet_snap.store_sales.ss_ticket_number ASC NULLS LAST
|  limit: 100
|  mem-estimate=1.16MB mem-reservation=0B thread-reservation=0
|  tuple-ids=15 row-size=118B cardinality=100 cost=48
|  in pipelines: 14(GETNEXT)
|
F10:PLAN FRAGMENT [HASH(tpcds_partitioned_parquet_snap.customer.c_current_addr_sk)] hosts=10 instances=100 (adjusted from 120)
Per-Instance Resources: mem-estimate=17.10MB mem-reservation=0B thread-reservation=1
max-parallelism=100 segment-costs=[927530634, 340] cpu-comparison-result=330 [max(160 (self) vs 330 (sum children))]
14:TOP-N [LIMIT=100]
|  order by: c_last_name ASC NULLS LAST, c_first_name ASC NULLS LAST, ca_city ASC NULLS LAST, tpcds_partitioned_parquet_snap.customer_address.ca_city ASC NULLS LAST, tpcds_partitioned_parquet_snap.store_sales.ss_ticket_number ASC NULLS LAST
|  mem-estimate=11.51KB mem-reservation=0B thread-reservation=0
|  tuple-ids=15 row-size=118B cardinality=100 cost=862089313
|  in pipelines: 14(GETNEXT), 21(OPEN)
|
13:HASH JOIN [INNER JOIN, PARTITIONED]
|  hash-table-id=00
|  hash predicates: tpcds_partitioned_parquet_snap.customer.c_current_addr_sk = tpcds_partitioned_parquet_snap.customer_address_0.ca_address_sk
|  fk/pk conjuncts: tpcds_partitioned_parquet_snap.customer.c_current_addr_sk = tpcds_partitioned_parquet_snap.customer_address_0.ca_address_sk
|  other join predicates: tpcds_partitioned_parquet_snap.customer_address_0.ca_city != tpcds_partitioned_parquet_snap.customer_address.ca_city
|  mem-estimate=0B mem-reservation=0B spill-buffer=512.00KB thread-reservation=0
|  tuple-ids=10,11,13 row-size=138B cardinality=59.22M cost=25921136
|  in pipelines: 21(GETNEXT), 12(OPEN)
|
|--F12:PLAN FRAGMENT [HASH(tpcds_partitioned_parquet_snap.customer.c_current_addr_sk)] hosts=10 instances=100 (adjusted from 120)
|  |  Per-Instance Resources: mem-estimate=34.78MB mem-reservation=24.50MB thread-reservation=1 runtime-filters-memory=16.00MB
|  |  max-parallelism=100 segment-costs=[17836052]
|  JOIN BUILD
|  |  join-table-id=00 plan-id=01 cohort-id=01
|  |  build expressions: tpcds_partitioned_parquet_snap.customer_address_0.ca_address_sk
|  |  runtime filters: RF000[bloom] <- tpcds_partitioned_parquet_snap.customer_address_0.ca_address_sk, RF001[min_max] <- tpcds_partitioned_parquet_snap.customer_address_0.ca_address_sk
|  |  mem-estimate=8.50MB mem-reservation=8.50MB spill-buffer=512.00KB thread-reservation=0 cost=14549578
|  |
|  25:EXCHANGE [HASH(tpcds_partitioned_parquet_snap.customer_address_0.ca_address_sk)]
|  |  mem-estimate=10.28MB mem-reservation=0B thread-reservation=0
|  |  tuple-ids=13 row-size=25B cardinality=14.55M cost=3286474
|  |  in pipelines: 12(GETNEXT)
|  |
|  F09:PLAN FRAGMENT [RANDOM] hosts=10 instances=10
|  Per-Instance Resources: mem-estimate=27.31MB mem-reservation=128.00KB thread-reservation=1
|  max-parallelism=10 segment-costs=[34516893]
|  12:SCAN HDFS [tpcds_partitioned_parquet_snap.customer_address, RANDOM]
|     HDFS partitions=1/1 files=1 size=307.36MB
|     predicates: tpcds_partitioned_parquet_snap.customer_address_0.ca_city IS NOT NULL, tpcds_partitioned_parquet_snap.customer_address_0.ca_address_sk IS NOT NULL
|     stored statistics:
|       table: rows=15.00M size=307.36MB
|       columns: all
|     extrapolated-rows=disabled max-scan-range-rows=1.58M
|     parquet dictionary predicates: tpcds_partitioned_parquet_snap.customer_address_0.ca_city IS NOT NULL, tpcds_partitioned_parquet_snap.customer_address_0.ca_address_sk IS NOT NULL
|     mem-estimate=16.00MB mem-reservation=128.00KB thread-reservation=0
|     tuple-ids=13 row-size=25B cardinality=14.55M cost=3640720
|     in pipelines: 12(GETNEXT)
|
24:EXCHANGE [HASH(tpcds_partitioned_parquet_snap.customer.c_current_addr_sk)]
|  mem-estimate=17.09MB mem-reservation=0B thread-reservation=0
|  tuple-ids=10,11 row-size=113B cardinality=59.22M cost=39520185
|  in pipelines: 21(GETNEXT)
|
F08:PLAN FRAGMENT [HASH(tpcds_partitioned_parquet_snap.store_sales.ss_customer_sk)] hosts=10 instances=60 (adjusted from 120)
Per-Instance Resources: mem-estimate=60.08MB mem-reservation=0B thread-reservation=1
max-parallelism=60 segment-costs=[546588884]
11:HASH JOIN [INNER JOIN, PARTITIONED]
|  hash-table-id=01
|  hash predicates: tpcds_partitioned_parquet_snap.store_sales.ss_customer_sk = tpcds_partitioned_parquet_snap.customer.c_customer_sk
|  fk/pk conjuncts: tpcds_partitioned_parquet_snap.store_sales.ss_customer_sk = tpcds_partitioned_parquet_snap.customer.c_customer_sk
|  mem-estimate=0B mem-reservation=0B spill-buffer=2.00MB thread-reservation=0
|  tuple-ids=10,11 row-size=113B cardinality=59.22M cost=27278490
|  in pipelines: 21(GETNEXT), 10(OPEN)
|
|--F13:PLAN FRAGMENT [HASH(tpcds_partitioned_parquet_snap.store_sales.ss_customer_sk)] hosts=10 instances=60 (adjusted from 120)
|  |  Per-Instance Resources: mem-estimate=60.47MB mem-reservation=50.00MB thread-reservation=1 runtime-filters-memory=16.00MB
|  |  max-parallelism=60 segment-costs=[39400506]
|  JOIN BUILD
|  |  join-table-id=01 plan-id=02 cohort-id=01
|  |  build expressions: tpcds_partitioned_parquet_snap.customer.c_customer_sk
|  |  runtime filters: RF002[bloom] <- tpcds_partitioned_parquet_snap.customer.c_customer_sk, RF003[min_max] <- tpcds_partitioned_parquet_snap.customer.c_customer_sk
|  |  mem-estimate=34.00MB mem-reservation=34.00MB spill-buffer=2.00MB thread-reservation=0 cost=30000000
|  |
|  23:EXCHANGE [HASH(tpcds_partitioned_parquet_snap.customer.c_customer_sk)]
|  |  mem-estimate=10.47MB mem-reservation=0B thread-reservation=0
|  |  tuple-ids=11 row-size=44B cardinality=30.00M cost=9400506
|  |  in pipelines: 10(GETNEXT)
|  |
|  F07:PLAN FRAGMENT [RANDOM] hosts=10 instances=10
|  Per-Host Shared Resources: mem-estimate=16.00MB mem-reservation=16.00MB thread-reservation=0 runtime-filters-memory=16.00MB
|  Per-Instance Resources: mem-estimate=27.24MB mem-reservation=1.00MB thread-reservation=1
|  max-parallelism=10 segment-costs=[110713022]
|  10:SCAN HDFS [tpcds_partitioned_parquet_snap.customer, RANDOM]
|     HDFS partitions=1/1 files=1 size=1.55GB
|     predicates: tpcds_partitioned_parquet_snap.customer.c_current_addr_sk IS NOT NULL, tpcds_partitioned_parquet_snap.customer.c_customer_sk IS NOT NULL
|     runtime filters: RF001[min_max] -> tpcds_partitioned_parquet_snap.customer.c_current_addr_sk, RF000[bloom] -> tpcds_partitioned_parquet_snap.customer.c_current_addr_sk
|     stored statistics:
|       table: rows=30.00M size=1.55GB
|       columns: all
|     extrapolated-rows=disabled max-scan-range-rows=3.10M
|     parquet dictionary predicates: tpcds_partitioned_parquet_snap.customer.c_current_addr_sk IS NOT NULL, tpcds_partitioned_parquet_snap.customer.c_customer_sk IS NOT NULL
|     mem-estimate=16.00MB mem-reservation=1.00MB thread-reservation=0
|     tuple-ids=11 row-size=44B cardinality=30.00M cost=10311933
|     in pipelines: 10(GETNEXT)
|
22:EXCHANGE [HASH(tpcds_partitioned_parquet_snap.store_sales.ss_customer_sk)]
|  mem-estimate=12.85MB mem-reservation=0B thread-reservation=0
|  tuple-ids=10 row-size=69B cardinality=64.51M cost=27629726
|  in pipelines: 21(GETNEXT)
|
F06:PLAN FRAGMENT [HASH(tpcds_partitioned_parquet_snap.store_sales.ss_ticket_number,tpcds_partitioned_parquet_snap.store_sales.ss_customer_sk,tpcds_partitioned_parquet_snap.store_sales.ss_addr_sk,tpcds_partitioned_parquet_snap.customer_address.ca_city)] hosts=10 instances=40 (adjusted from 120)
Per-Instance Resources: mem-estimate=141.61MB mem-reservation=34.00MB thread-reservation=1
max-parallelism=50 segment-costs=[412940481, 319709678] cpu-comparison-result=150 [max(40 (self) vs 150 (sum children))]
21:AGGREGATE [FINALIZE]
|  output: sum:merge(tpcds_partitioned_parquet_snap.store_sales.ss_coupon_amt), sum:merge(tpcds_partitioned_parquet_snap.store_sales.ss_net_profit)
|  group by: tpcds_partitioned_parquet_snap.store_sales.ss_ticket_number, tpcds_partitioned_parquet_snap.store_sales.ss_customer_sk, tpcds_partitioned_parquet_snap.store_sales.ss_addr_sk, tpcds_partitioned_parquet_snap.customer_address.ca_city
|  mem-estimate=124.51MB mem-reservation=34.00MB spill-buffer=2.00MB thread-reservation=0
|  tuple-ids=10 row-size=69B cardinality=64.51M cost=385310755
|  in pipelines: 21(GETNEXT), 00(OPEN)
|
20:EXCHANGE [HASH(tpcds_partitioned_parquet_snap.store_sales.ss_ticket_number,tpcds_partitioned_parquet_snap.store_sales.ss_customer_sk,tpcds_partitioned_parquet_snap.store_sales.ss_addr_sk,tpcds_partitioned_parquet_snap.customer_address.ca_city)]
|  mem-estimate=12.14MB mem-reservation=0B thread-reservation=0
|  tuple-ids=10 row-size=69B cardinality=64.51M cost=27629726
|  in pipelines: 00(GETNEXT)
|
F05:PLAN FRAGMENT [HASH(tpcds_partitioned_parquet_snap.store_sales.ss_addr_sk)] hosts=10 instances=30 (adjusted from 120)
Per-Instance Resources: mem-estimate=157.76MB mem-reservation=34.00MB thread-reservation=1
max-parallelism=50 segment-costs=[456766470, 319709678] cpu-comparison-result=150 [max(150 (self) vs 73 (sum children))]
09:AGGREGATE [STREAMING]
|  output: sum(tpcds_partitioned_parquet_snap.store_sales.ss_coupon_amt), sum(tpcds_partitioned_parquet_snap.store_sales.ss_net_profit)
|  group by: tpcds_partitioned_parquet_snap.store_sales.ss_ticket_number, tpcds_partitioned_parquet_snap.store_sales.ss_customer_sk, tpcds_partitioned_parquet_snap.store_sales.ss_addr_sk, tpcds_partitioned_parquet_snap.customer_address.ca_city
|  mem-estimate=124.51MB mem-reservation=34.00MB spill-buffer=2.00MB thread-reservation=0
|  tuple-ids=10 row-size=69B cardinality=64.51M cost=385310755
|  in pipelines: 00(GETNEXT)
|
08:HASH JOIN [INNER JOIN, PARTITIONED]
|  hash-table-id=02
|  hash predicates: tpcds_partitioned_parquet_snap.store_sales.ss_addr_sk = tpcds_partitioned_parquet_snap.customer_address.ca_address_sk
|  fk/pk conjuncts: tpcds_partitioned_parquet_snap.store_sales.ss_addr_sk = tpcds_partitioned_parquet_snap.customer_address.ca_address_sk
|  mem-estimate=0B mem-reservation=0B spill-buffer=2.00MB thread-reservation=0
|  tuple-ids=0,2,4,6,8 row-size=110B cardinality=64.51M cost=29321640
|  in pipelines: 00(GETNEXT), 07(OPEN)
|
|--F14:PLAN FRAGMENT [HASH(tpcds_partitioned_parquet_snap.store_sales.ss_addr_sk)] hosts=10 instances=30 (adjusted from 120)
|  |  Per-Instance Resources: mem-estimate=60.28MB mem-reservation=50.00MB thread-reservation=1 runtime-filters-memory=16.00MB
|  |  max-parallelism=50 segment-costs=[17836052]
|  JOIN BUILD
|  |  join-table-id=02 plan-id=03 cohort-id=01
|  |  build expressions: tpcds_partitioned_parquet_snap.customer_address.ca_address_sk
|  |  runtime filters: RF004[bloom] <- tpcds_partitioned_parquet_snap.customer_address.ca_address_sk, RF005[min_max] <- tpcds_partitioned_parquet_snap.customer_address.ca_address_sk
|  |  mem-estimate=34.00MB mem-reservation=34.00MB spill-buffer=2.00MB thread-reservation=0 cost=14549578
|  |
|  19:EXCHANGE [HASH(tpcds_partitioned_parquet_snap.customer_address.ca_address_sk)]
|  |  mem-estimate=10.28MB mem-reservation=0B thread-reservation=0
|  |  tuple-ids=8 row-size=25B cardinality=14.55M cost=3286474
|  |  in pipelines: 07(GETNEXT)
|  |
|  F04:PLAN FRAGMENT [RANDOM] hosts=10 instances=10
|  Per-Instance Resources: mem-estimate=19.39MB mem-reservation=128.00KB thread-reservation=1
|  max-parallelism=10 segment-costs=[34516893]
|  07:SCAN HDFS [tpcds_partitioned_parquet_snap.customer_address, RANDOM]
|     HDFS partitions=1/1 files=1 size=307.36MB
|     predicates: tpcds_partitioned_parquet_snap.customer_address.ca_city IS NOT NULL, tpcds_partitioned_parquet_snap.customer_address.ca_address_sk IS NOT NULL
|     stored statistics:
|       table: rows=15.00M size=307.36MB
|       columns: all
|     extrapolated-rows=disabled max-scan-range-rows=1.58M
|     parquet dictionary predicates: tpcds_partitioned_parquet_snap.customer_address.ca_city IS NOT NULL, tpcds_partitioned_parquet_snap.customer_address.ca_address_sk IS NOT NULL
|     mem-estimate=16.00MB mem-reservation=128.00KB thread-reservation=0
|     tuple-ids=8 row-size=25B cardinality=14.55M cost=3640720
|     in pipelines: 07(GETNEXT)
|
18:EXCHANGE [HASH(tpcds_partitioned_parquet_snap.store_sales.ss_addr_sk)]
|  mem-estimate=21.85MB mem-reservation=0B thread-reservation=0
|  tuple-ids=0,2,4,6 row-size=85B cardinality=68.74M cost=42134075
|  in pipelines: 00(GETNEXT)
|
F00:PLAN FRAGMENT [RANDOM] hosts=10 instances=120
Per-Host Shared Resources: mem-estimate=35.00MB mem-reservation=35.00MB thread-reservation=0 runtime-filters-memory=35.00MB
Per-Instance Resources: mem-estimate=27.85MB mem-reservation=512.00KB thread-reservation=1
max-parallelism=270 segment-costs=[2639871937]
06:HASH JOIN [INNER JOIN, BROADCAST]
|  hash-table-id=03
|  hash predicates: tpcds_partitioned_parquet_snap.store_sales.ss_sold_date_sk = tpcds_partitioned_parquet_snap.date_dim.d_date_sk
|  fk/pk conjuncts: tpcds_partitioned_parquet_snap.store_sales.ss_sold_date_sk = tpcds_partitioned_parquet_snap.date_dim.d_date_sk
|  mem-estimate=0B mem-reservation=0B spill-buffer=64.00KB thread-reservation=0
|  tuple-ids=0,2,4,6 row-size=85B cardinality=68.74M cost=66507050
|  in pipelines: 00(GETNEXT), 05(OPEN)
|
|--F15:PLAN FRAGMENT [RANDOM] hosts=10 instances=10
|  |  Per-Instance Resources: mem-estimate=24.27MB mem-reservation=24.25MB thread-reservation=1 runtime-filters-memory=1.00MB
|  |  max-parallelism=10 segment-costs=[1385]
|  JOIN BUILD
|  |  join-table-id=03 plan-id=04 cohort-id=01
|  |  build expressions: tpcds_partitioned_parquet_snap.date_dim.d_date_sk
|  |  runtime filters: RF006[bloom] <- tpcds_partitioned_parquet_snap.date_dim.d_date_sk
|  |  mem-estimate=23.25MB mem-reservation=23.25MB spill-buffer=64.00KB thread-reservation=0 cost=595
|  |
|  17:EXCHANGE [BROADCAST]
|  |  mem-estimate=16.27KB mem-reservation=0B thread-reservation=0
|  |  tuple-ids=6 row-size=12B cardinality=595 cost=790
|  |  in pipelines: 05(GETNEXT)
|  |
|  F03:PLAN FRAGMENT [RANDOM] hosts=1 instances=1
|  Per-Instance Resources: mem-estimate=16.06MB mem-reservation=512.00KB thread-reservation=1
|  max-parallelism=1 segment-costs=[18812]
|  05:SCAN HDFS [tpcds_partitioned_parquet_snap.date_dim, RANDOM]
|     HDFS partitions=1/1 files=1 size=2.17MB
|     predicates: tpcds_partitioned_parquet_snap.date_dim.d_dow IN (CAST(0 AS INT), CAST(6 AS INT)), tpcds_partitioned_parquet_snap.date_dim.d_year = CAST(1998 AS INT) OR tpcds_partitioned_parquet_snap.date_dim.d_year = add(CAST(1998 AS INT), CAST(1 AS INT)) OR tpcds_partitioned_parquet_snap.date_dim.d_year = add(CAST(1998 AS INT), CAST(2 AS INT)), tpcds_partitioned_parquet_snap.date_dim.d_date_sk IS NOT NULL
|     stored statistics:
|       table: rows=73.05K size=2.17MB
|       columns: all
|     extrapolated-rows=disabled max-scan-range-rows=73.05K
|     parquet statistics predicates: tpcds_partitioned_parquet_snap.date_dim.d_dow IN (CAST(0 AS INT), CAST(6 AS INT))
|     parquet dictionary predicates: tpcds_partitioned_parquet_snap.date_dim.d_dow IN (CAST(0 AS INT), CAST(6 AS INT)), tpcds_partitioned_parquet_snap.date_dim.d_year = CAST(1998 AS INT) OR tpcds_partitioned_parquet_snap.date_dim.d_year = add(CAST(1998 AS INT), CAST(1 AS INT)) OR tpcds_partitioned_parquet_snap.date_dim.d_year = add(CAST(1998 AS INT), CAST(2 AS INT)), tpcds_partitioned_parquet_snap.date_dim.d_date_sk IS NOT NULL
|     mem-estimate=16.00MB mem-reservation=512.00KB thread-reservation=0
|     tuple-ids=6 row-size=12B cardinality=595 cost=18780
|     in pipelines: 05(GETNEXT)
|
04:HASH JOIN [INNER JOIN, BROADCAST]
|  hash-table-id=04
|  hash predicates: tpcds_partitioned_parquet_snap.store_sales.ss_hdemo_sk = tpcds_partitioned_parquet_snap.household_demographics.hd_demo_sk
|  fk/pk conjuncts: tpcds_partitioned_parquet_snap.store_sales.ss_hdemo_sk = tpcds_partitioned_parquet_snap.household_demographics.hd_demo_sk
|  mem-estimate=0B mem-reservation=0B spill-buffer=64.00KB thread-reservation=0
|  tuple-ids=0,2,4 row-size=73B cardinality=210.73M cost=119578284
|  in pipelines: 00(GETNEXT), 03(OPEN)
|
|--F16:PLAN FRAGMENT [RANDOM] hosts=10 instances=10
|  |  Per-Instance Resources: mem-estimate=24.29MB mem-reservation=24.25MB thread-reservation=1 runtime-filters-memory=1.00MB
|  |  max-parallelism=10 segment-costs=[4190]
|  JOIN BUILD
|  |  join-table-id=04 plan-id=05 cohort-id=01
|  |  build expressions: tpcds_partitioned_parquet_snap.household_demographics.hd_demo_sk
|  |  runtime filters: RF008[bloom] <- tpcds_partitioned_parquet_snap.household_demographics.hd_demo_sk, RF009[min_max] <- tpcds_partitioned_parquet_snap.household_demographics.hd_demo_sk
|  |  mem-estimate=23.25MB mem-reservation=23.25MB spill-buffer=64.00KB thread-reservation=0 cost=1800
|  |
|  16:EXCHANGE [BROADCAST]
|  |  mem-estimate=37.09KB mem-reservation=0B thread-reservation=0
|  |  tuple-ids=4 row-size=12B cardinality=1.80K cost=2390
|  |  in pipelines: 03(GETNEXT)
|  |
|  F02:PLAN FRAGMENT [RANDOM] hosts=1 instances=1
|  Per-Instance Resources: mem-estimate=16.06MB mem-reservation=64.00KB thread-reservation=1
|  max-parallelism=1 segment-costs=[1745]
|  03:SCAN HDFS [tpcds_partitioned_parquet_snap.household_demographics, RANDOM]
|     HDFS partitions=1/1 files=1 size=41.69KB
|     predicates: tpcds_partitioned_parquet_snap.household_demographics.hd_dep_count = CAST(2 AS INT) OR tpcds_partitioned_parquet_snap.household_demographics.hd_vehicle_count = CAST(2 AS INT), tpcds_partitioned_parquet_snap.household_demographics.hd_demo_sk IS NOT NULL
|     stored statistics:
|       table: rows=7.20K size=41.69KB
|       columns: all
|     extrapolated-rows=disabled max-scan-range-rows=7.20K
|     parquet dictionary predicates: tpcds_partitioned_parquet_snap.household_demographics.hd_demo_sk IS NOT NULL
|     mem-estimate=16.00MB mem-reservation=64.00KB thread-reservation=0
|     tuple-ids=4 row-size=12B cardinality=1.80K cost=1648
|     in pipelines: 03(GETNEXT)
|
02:HASH JOIN [INNER JOIN, BROADCAST]
|  hash-table-id=05
|  hash predicates: tpcds_partitioned_parquet_snap.store_sales.ss_store_sk = tpcds_partitioned_parquet_snap.store.s_store_sk
|  fk/pk conjuncts: tpcds_partitioned_parquet_snap.store_sales.ss_store_sk = tpcds_partitioned_parquet_snap.store.s_store_sk
|  mem-estimate=0B mem-reservation=0B spill-buffer=64.00KB thread-reservation=0
|  tuple-ids=0,2 row-size=61B cardinality=317.33M(filtered from 863.51M) cost=237862659
|  in pipelines: 00(GETNEXT), 01(OPEN)
|
|--F17:PLAN FRAGMENT [RANDOM] hosts=10 instances=10
|  |  Per-Instance Resources: mem-estimate=24.27MB mem-reservation=24.25MB thread-reservation=1 runtime-filters-memory=1.00MB
|  |  max-parallelism=10 segment-costs=[177]
|  JOIN BUILD
|  |  join-table-id=05 plan-id=06 cohort-id=01
|  |  build expressions: tpcds_partitioned_parquet_snap.store.s_store_sk
|  |  runtime filters: RF010[bloom] <- tpcds_partitioned_parquet_snap.store.s_store_sk, RF011[min_max] <- tpcds_partitioned_parquet_snap.store.s_store_sk
|  |  mem-estimate=23.25MB mem-reservation=23.25MB spill-buffer=64.00KB thread-reservation=0 cost=77
|  |
|  15:EXCHANGE [BROADCAST]
|  |  mem-estimate=16.00KB mem-reservation=0B thread-reservation=0
|  |  tuple-ids=2 row-size=25B cardinality=77 cost=100
|  |  in pipelines: 01(GETNEXT)
|  |
|  F01:PLAN FRAGMENT [RANDOM] hosts=1 instances=1
|  Per-Instance Resources: mem-estimate=16.11MB mem-reservation=16.00KB thread-reservation=1
|  max-parallelism=1 segment-costs=[336]
|  01:SCAN HDFS [tpcds_partitioned_parquet_snap.store, RANDOM]
|     HDFS partitions=1/1 files=1 size=119.76KB
|     predicates: tpcds_partitioned_parquet_snap.store.s_city IN ('Antioch', 'Farmington', 'Jamestown', 'Mount Vernon', 'Wilson'), tpcds_partitioned_parquet_snap.store.s_store_sk IS NOT NULL
|     stored statistics:
|       table: rows=1.35K size=119.76KB
|       columns: all
|     extrapolated-rows=disabled max-scan-range-rows=1.35K
|     parquet statistics predicates: tpcds_partitioned_parquet_snap.store.s_city IN ('Antioch', 'Farmington', 'Jamestown', 'Mount Vernon', 'Wilson')
|     parquet dictionary predicates: tpcds_partitioned_parquet_snap.store.s_city IN ('Antioch', 'Farmington', 'Jamestown', 'Mount Vernon', 'Wilson'), tpcds_partitioned_parquet_snap.store.s_store_sk IS NOT NULL
|     mem-estimate=16.00MB mem-reservation=16.00KB thread-reservation=0
|     tuple-ids=2 row-size=25B cardinality=77 cost=330
|     in pipelines: 01(GETNEXT)
|
00:SCAN HDFS [tpcds_partitioned_parquet_snap.store_sales, RANDOM]
   partition predicates: tpcds_partitioned_parquet_snap.store_sales.ss_sold_date_sk IS NOT NULL
   HDFS partitions=1823/1824 files=1823 size=389.69GB
   predicates: tpcds_partitioned_parquet_snap.store_sales.ss_customer_sk IS NOT NULL, tpcds_partitioned_parquet_snap.store_sales.ss_hdemo_sk IS NOT NULL, tpcds_partitioned_parquet_snap.store_sales.ss_addr_sk IS NOT NULL, tpcds_partitioned_parquet_snap.store_sales.ss_store_sk IS NOT NULL
   runtime filters: RF011[min_max] -> tpcds_partitioned_parquet_snap.store_sales.ss_store_sk, RF009[min_max] -> tpcds_partitioned_parquet_snap.store_sales.ss_hdemo_sk, RF003[min_max] -> tpcds_partitioned_parquet_snap.store_sales.ss_customer_sk, RF005[min_max] -> tpcds_partitioned_parquet_snap.store_sales.ss_addr_sk, RF010[bloom] -> tpcds_partitioned_parquet_snap.store_sales.ss_store_sk, RF008[bloom] -> tpcds_partitioned_parquet_snap.store_sales.ss_hdemo_sk, RF006[bloom] -> tpcds_partitioned_parquet_snap.store_sales.ss_sold_date_sk, RF002[bloom] -> tpcds_partitioned_parquet_snap.store_sales.ss_customer_sk, RF004[bloom] -> tpcds_partitioned_parquet_snap.store_sales.ss_addr_sk
   stored statistics:
     table: rows=8.64G size=389.90GB
     partitions: 1823/1823 rows=8.25G
     columns: all
   extrapolated-rows=disabled max-scan-range-rows=12.22M est-scan-range=595(filtered from 1823)
   parquet dictionary predicates: tpcds_partitioned_parquet_snap.store_sales.ss_customer_sk IS NOT NULL, tpcds_partitioned_parquet_snap.store_sales.ss_hdemo_sk IS NOT NULL, tpcds_partitioned_parquet_snap.store_sales.ss_addr_sk IS NOT NULL, tpcds_partitioned_parquet_snap.store_sales.ss_store_sk IS NOT NULL
   mem-estimate=16.00MB mem-reservation=512.00KB thread-reservation=0
   tuple-ids=0 row-size=36B cardinality=317.33M(filtered from 7.50G) cost=1697550487
   in pipelines: 00(GETNEXT)
====
