# TPCDS-Q31
# start query 31 in stream 0 using template query31.tpl using seed 566127755
with ss as
 (select ca_county,d_qoy, d_year,sum(ss_ext_sales_price) as store_sales
 from store_sales,date_dim,customer_address
 where ss_sold_date_sk = d_date_sk
  and ss_addr_sk=ca_address_sk
 group by ca_county,d_qoy, d_year),
 ws as
 (select ca_county,d_qoy, d_year,sum(ws_ext_sales_price) as web_sales
 from web_sales,date_dim,customer_address
 where ws_sold_date_sk = d_date_sk
  and ws_bill_addr_sk=ca_address_sk
 group by ca_county,d_qoy, d_year)
 select
        ss1.ca_county
       ,ss1.d_year
       ,ws2.web_sales/ws1.web_sales web_q1_q2_increase
       ,ss2.store_sales/ss1.store_sales store_q1_q2_increase
       ,ws3.web_sales/ws2.web_sales web_q2_q3_increase
       ,ss3.store_sales/ss2.store_sales store_q2_q3_increase
 from
        ss ss1
       ,ss ss2
       ,ss ss3
       ,ws ws1
       ,ws ws2
       ,ws ws3
 where
    ss1.d_qoy = 1
    and ss1.d_year = 1998
    and ss1.ca_county = ss2.ca_county
    and ss2.d_qoy = 2
    and ss2.d_year = 1998
 and ss2.ca_county = ss3.ca_county
    and ss3.d_qoy = 3
    and ss3.d_year = 1998
    and ss1.ca_county = ws1.ca_county
    and ws1.d_qoy = 1
    and ws1.d_year = 1998
    and ws1.ca_county = ws2.ca_county
    and ws2.d_qoy = 2
    and ws2.d_year = 1998
    and ws1.ca_county = ws3.ca_county
    and ws3.d_qoy = 3
    and ws3.d_year =1998
    and case when ws1.web_sales > 0 then ws2.web_sales/ws1.web_sales else null end
       > case when ss1.store_sales > 0 then ss2.store_sales/ss1.store_sales else null end
    and case when ws2.web_sales > 0 then ws3.web_sales/ws2.web_sales else null end
       > case when ss2.store_sales > 0 then ss3.store_sales/ss2.store_sales else null end
 order by ss1.ca_county

# end query 31 in stream 0 using template query31.tpl
---- PLAN
Max Per-Host Resource Reservation: Memory=299.12MB Threads=1
Per-Host Resource Estimates: Memory=5.05GB
F00:PLAN FRAGMENT [UNPARTITIONED] hosts=1 instances=1
|  Per-Instance Resources: mem-estimate=5.05GB mem-reservation=299.12MB thread-reservation=1 runtime-filters-memory=70.00MB
|  max-parallelism=1 segment-costs=[314240040, 314240040, 314240040, 1103218354, 1103218354, 1103218354, 10855316, 9024660]
PLAN-ROOT SINK
|  output exprs: tpcds_partitioned_parquet_snap.customer_address_0.ca_county, CAST(1998 AS INT), divide(sum(tpcds_partitioned_parquet_snap.web_sales.ws_ext_sales_price), sum(tpcds_partitioned_parquet_snap.web_sales_1.ws_ext_sales_price)), divide(sum(tpcds_partitioned_parquet_snap.store_sales_1.ss_ext_sales_price), sum(tpcds_partitioned_parquet_snap.store_sales_0.ss_ext_sales_price)), divide(sum(tpcds_partitioned_parquet_snap.web_sales_0.ws_ext_sales_price), sum(tpcds_partitioned_parquet_snap.web_sales.ws_ext_sales_price)), divide(sum(tpcds_partitioned_parquet_snap.store_sales.ss_ext_sales_price), sum(tpcds_partitioned_parquet_snap.store_sales_1.ss_ext_sales_price))
|  mem-estimate=100.00MB mem-reservation=4.00MB spill-buffer=2.00MB thread-reservation=0 cost=9024660
|
41:SORT
|  order by: tpcds_partitioned_parquet_snap.customer_address_0.ca_county ASC NULLS LAST
|  mem-estimate=174.95MB mem-reservation=12.00MB spill-buffer=2.00MB thread-reservation=0
|  tuple-ids=42 row-size=122B cardinality=1.50M cost=8592108
|  in pipelines: 41(GETNEXT), 23(OPEN)
|
40:HASH JOIN [INNER JOIN]
|  hash predicates: tpcds_partitioned_parquet_snap.customer_address_4.ca_county = tpcds_partitioned_parquet_snap.customer_address.ca_county
|  fk/pk conjuncts: none
|  other join predicates: CASE WHEN sum(tpcds_partitioned_parquet_snap.web_sales.ws_ext_sales_price) > CAST(0 AS DECIMAL(3,0)) THEN divide(sum(tpcds_partitioned_parquet_snap.web_sales_0.ws_ext_sales_price), sum(tpcds_partitioned_parquet_snap.web_sales.ws_ext_sales_price)) ELSE NULL END > CASE WHEN sum(tpcds_partitioned_parquet_snap.store_sales_1.ss_ext_sales_price) > CAST(0 AS DECIMAL(3,0)) THEN divide(sum(tpcds_partitioned_parquet_snap.store_sales.ss_ext_sales_price), sum(tpcds_partitioned_parquet_snap.store_sales_1.ss_ext_sales_price)) ELSE NULL END
|  runtime filters: RF001[min_max] <- tpcds_partitioned_parquet_snap.customer_address.ca_county
|  mem-estimate=1.94MB mem-reservation=1.94MB spill-buffer=64.00KB thread-reservation=0
|  tuple-ids=27,34,20,13,41,6 row-size=252B cardinality=1.50M cost=658531
|  in pipelines: 23(GETNEXT), 05(OPEN)
|
|--05:AGGREGATE [FINALIZE]
|  |  output: sum(tpcds_partitioned_parquet_snap.store_sales.ss_ext_sales_price)
|  |  group by: tpcds_partitioned_parquet_snap.customer_address.ca_county
|  |  having: sum(tpcds_partitioned_parquet_snap.store_sales.ss_ext_sales_price) IS NOT NULL
|  |  mem-estimate=10.00MB mem-reservation=1.94MB spill-buffer=64.00KB thread-reservation=0
|  |  tuple-ids=6 row-size=42B cardinality=183 cost=220564892
|  |  in pipelines: 05(GETNEXT), 00(OPEN)
|  |
|  04:HASH JOIN [INNER JOIN]
|  |  hash predicates: tpcds_partitioned_parquet_snap.store_sales.ss_addr_sk = tpcds_partitioned_parquet_snap.customer_address.ca_address_sk
|  |  fk/pk conjuncts: tpcds_partitioned_parquet_snap.store_sales.ss_addr_sk = tpcds_partitioned_parquet_snap.customer_address.ca_address_sk
|  |  runtime filters: RF030[bloom] <- tpcds_partitioned_parquet_snap.customer_address.ca_address_sk, RF031[min_max] <- tpcds_partitioned_parquet_snap.customer_address.ca_address_sk
|  |  mem-estimate=799.76MB mem-reservation=34.00MB spill-buffer=2.00MB thread-reservation=0
|  |  tuple-ids=0,2,4 row-size=54B cardinality=754.05M cost=357256539
|  |  in pipelines: 00(GETNEXT), 03(OPEN)
|  |
|  |--03:SCAN HDFS [tpcds_partitioned_parquet_snap.customer_address]
|  |     HDFS partitions=1/1 files=1 size=307.36MB
|  |     predicates: tpcds_partitioned_parquet_snap.customer_address.ca_county IS NOT NULL, tpcds_partitioned_parquet_snap.customer_address.ca_address_sk IS NOT NULL
|  |     stored statistics:
|  |       table: rows=15.00M size=307.36MB
|  |       columns: all
|  |     extrapolated-rows=disabled max-scan-range-rows=1.58M
|  |     parquet dictionary predicates: tpcds_partitioned_parquet_snap.customer_address.ca_county IS NOT NULL, tpcds_partitioned_parquet_snap.customer_address.ca_address_sk IS NOT NULL
|  |     mem-estimate=16.00MB mem-reservation=128.00KB thread-reservation=0
|  |     tuple-ids=4 row-size=30B cardinality=14.55M cost=4722659
|  |     in pipelines: 03(GETNEXT)
|  |
|  02:HASH JOIN [INNER JOIN]
|  |  hash predicates: tpcds_partitioned_parquet_snap.store_sales.ss_sold_date_sk = tpcds_partitioned_parquet_snap.date_dim.d_date_sk
|  |  fk/pk conjuncts: tpcds_partitioned_parquet_snap.store_sales.ss_sold_date_sk = tpcds_partitioned_parquet_snap.date_dim.d_date_sk
|  |  runtime filters: RF032[bloom] <- tpcds_partitioned_parquet_snap.date_dim.d_date_sk
|  |  mem-estimate=1.94MB mem-reservation=1.94MB spill-buffer=64.00KB thread-reservation=0
|  |  tuple-ids=0,2 row-size=24B cardinality=803.40M cost=351647614
|  |  in pipelines: 00(GETNEXT), 01(OPEN)
|  |
|  |--01:SCAN HDFS [tpcds_partitioned_parquet_snap.date_dim]
|  |     HDFS partitions=1/1 files=1 size=2.17MB
|  |     predicates: tpcds_partitioned_parquet_snap.date_dim.d_year = CAST(1998 AS INT), tpcds_partitioned_parquet_snap.date_dim.d_qoy = CAST(3 AS INT), tpcds_partitioned_parquet_snap.date_dim.d_date_sk IS NOT NULL
|  |     stored statistics:
|  |       table: rows=73.05K size=2.17MB
|  |       columns: all
|  |     extrapolated-rows=disabled max-scan-range-rows=73.05K
|  |     parquet statistics predicates: tpcds_partitioned_parquet_snap.date_dim.d_year = CAST(1998 AS INT), tpcds_partitioned_parquet_snap.date_dim.d_qoy = CAST(3 AS INT)
|  |     parquet dictionary predicates: tpcds_partitioned_parquet_snap.date_dim.d_year = CAST(1998 AS INT), tpcds_partitioned_parquet_snap.date_dim.d_qoy = CAST(3 AS INT), tpcds_partitioned_parquet_snap.date_dim.d_date_sk IS NOT NULL
|  |     mem-estimate=16.00MB mem-reservation=512.00KB thread-reservation=0
|  |     tuple-ids=2 row-size=12B cardinality=186 cost=18780
|  |     in pipelines: 01(GETNEXT)
|  |
|  00:SCAN HDFS [tpcds_partitioned_parquet_snap.store_sales]
|     partition predicates: tpcds_partitioned_parquet_snap.store_sales.ss_sold_date_sk IS NOT NULL
|     HDFS partitions=1823/1824 files=1823 size=389.69GB
|     predicates: tpcds_partitioned_parquet_snap.store_sales.ss_addr_sk IS NOT NULL
|     runtime filters: RF031[min_max] -> tpcds_partitioned_parquet_snap.store_sales.ss_addr_sk, RF032[bloom] -> tpcds_partitioned_parquet_snap.store_sales.ss_sold_date_sk, RF030[bloom] -> tpcds_partitioned_parquet_snap.store_sales.ss_addr_sk
|     stored statistics:
|       table: rows=8.64G size=389.90GB
|       partitions: 1823/1823 rows=8.25G
|       columns: all
|     extrapolated-rows=disabled max-scan-range-rows=12.24M est-scan-range=186(filtered from 1823)
|     parquet dictionary predicates: tpcds_partitioned_parquet_snap.store_sales.ss_addr_sk IS NOT NULL
|     mem-estimate=16.00MB mem-reservation=512.00KB thread-reservation=0
|     tuple-ids=0 row-size=12B cardinality=803.40M(filtered from 7.88G) cost=169007870
|     in pipelines: 00(GETNEXT)
|
39:HASH JOIN [INNER JOIN]
|  hash predicates: tpcds_partitioned_parquet_snap.customer_address_0.ca_county = tpcds_partitioned_parquet_snap.customer_address_4.ca_county
|  fk/pk conjuncts: none
|  other join predicates: CASE WHEN sum(tpcds_partitioned_parquet_snap.web_sales_1.ws_ext_sales_price) > CAST(0 AS DECIMAL(3,0)) THEN divide(sum(tpcds_partitioned_parquet_snap.web_sales.ws_ext_sales_price), sum(tpcds_partitioned_parquet_snap.web_sales_1.ws_ext_sales_price)) ELSE NULL END > CASE WHEN sum(tpcds_partitioned_parquet_snap.store_sales_0.ss_ext_sales_price) > CAST(0 AS DECIMAL(3,0)) THEN divide(sum(tpcds_partitioned_parquet_snap.store_sales_1.ss_ext_sales_price), sum(tpcds_partitioned_parquet_snap.store_sales_0.ss_ext_sales_price)) ELSE NULL END
|  runtime filters: RF003[min_max] <- tpcds_partitioned_parquet_snap.customer_address_4.ca_county
|  mem-estimate=1.94MB mem-reservation=1.94MB spill-buffer=64.00KB thread-reservation=0
|  tuple-ids=27,34,20,13,41 row-size=210B cardinality=1.50M cost=658531
|  in pipelines: 23(GETNEXT), 38(OPEN)
|
|--38:AGGREGATE [FINALIZE]
|  |  output: sum(tpcds_partitioned_parquet_snap.store_sales_1.ss_ext_sales_price)
|  |  group by: tpcds_partitioned_parquet_snap.customer_address_4.ca_county
|  |  having: sum(tpcds_partitioned_parquet_snap.store_sales_1.ss_ext_sales_price) IS NOT NULL
|  |  mem-estimate=10.00MB mem-reservation=1.94MB spill-buffer=64.00KB thread-reservation=0
|  |  tuple-ids=41 row-size=42B cardinality=183 cost=220564892
|  |  in pipelines: 38(GETNEXT), 33(OPEN)
|  |
|  37:HASH JOIN [INNER JOIN]
|  |  hash predicates: tpcds_partitioned_parquet_snap.store_sales_1.ss_addr_sk = tpcds_partitioned_parquet_snap.customer_address_4.ca_address_sk
|  |  fk/pk conjuncts: tpcds_partitioned_parquet_snap.store_sales_1.ss_addr_sk = tpcds_partitioned_parquet_snap.customer_address_4.ca_address_sk
|  |  runtime filters: RF026[bloom] <- tpcds_partitioned_parquet_snap.customer_address_4.ca_address_sk, RF027[min_max] <- tpcds_partitioned_parquet_snap.customer_address_4.ca_address_sk
|  |  mem-estimate=799.76MB mem-reservation=34.00MB spill-buffer=2.00MB thread-reservation=0
|  |  tuple-ids=35,37,39 row-size=54B cardinality=754.05M cost=357256539
|  |  in pipelines: 33(GETNEXT), 36(OPEN)
|  |
|  |--36:SCAN HDFS [tpcds_partitioned_parquet_snap.customer_address]
|  |     HDFS partitions=1/1 files=1 size=307.36MB
|  |     predicates: tpcds_partitioned_parquet_snap.customer_address_4.ca_county IS NOT NULL, tpcds_partitioned_parquet_snap.customer_address_4.ca_address_sk IS NOT NULL
|  |     runtime filters: RF001[min_max] -> tpcds_partitioned_parquet_snap.customer_address_4.ca_county
|  |     stored statistics:
|  |       table: rows=15.00M size=307.36MB
|  |       columns: all
|  |     extrapolated-rows=disabled max-scan-range-rows=1.58M
|  |     parquet dictionary predicates: tpcds_partitioned_parquet_snap.customer_address_4.ca_county IS NOT NULL, tpcds_partitioned_parquet_snap.customer_address_4.ca_address_sk IS NOT NULL
|  |     mem-estimate=16.00MB mem-reservation=128.00KB thread-reservation=0
|  |     tuple-ids=39 row-size=30B cardinality=14.55M cost=4722659
|  |     in pipelines: 36(GETNEXT)
|  |
|  35:HASH JOIN [INNER JOIN]
|  |  hash predicates: tpcds_partitioned_parquet_snap.store_sales_1.ss_sold_date_sk = tpcds_partitioned_parquet_snap.date_dim_4.d_date_sk
|  |  fk/pk conjuncts: tpcds_partitioned_parquet_snap.store_sales_1.ss_sold_date_sk = tpcds_partitioned_parquet_snap.date_dim_4.d_date_sk
|  |  runtime filters: RF028[bloom] <- tpcds_partitioned_parquet_snap.date_dim_4.d_date_sk
|  |  mem-estimate=1.94MB mem-reservation=1.94MB spill-buffer=64.00KB thread-reservation=0
|  |  tuple-ids=35,37 row-size=24B cardinality=803.40M cost=351647614
|  |  in pipelines: 33(GETNEXT), 34(OPEN)
|  |
|  |--34:SCAN HDFS [tpcds_partitioned_parquet_snap.date_dim]
|  |     HDFS partitions=1/1 files=1 size=2.17MB
|  |     predicates: tpcds_partitioned_parquet_snap.date_dim_4.d_year = CAST(1998 AS INT), tpcds_partitioned_parquet_snap.date_dim_4.d_qoy = CAST(2 AS INT), tpcds_partitioned_parquet_snap.date_dim_4.d_date_sk IS NOT NULL
|  |     stored statistics:
|  |       table: rows=73.05K size=2.17MB
|  |       columns: all
|  |     extrapolated-rows=disabled max-scan-range-rows=73.05K
|  |     parquet statistics predicates: tpcds_partitioned_parquet_snap.date_dim_4.d_year = CAST(1998 AS INT), tpcds_partitioned_parquet_snap.date_dim_4.d_qoy = CAST(2 AS INT)
|  |     parquet dictionary predicates: tpcds_partitioned_parquet_snap.date_dim_4.d_year = CAST(1998 AS INT), tpcds_partitioned_parquet_snap.date_dim_4.d_qoy = CAST(2 AS INT), tpcds_partitioned_parquet_snap.date_dim_4.d_date_sk IS NOT NULL
|  |     mem-estimate=16.00MB mem-reservation=512.00KB thread-reservation=0
|  |     tuple-ids=37 row-size=12B cardinality=186 cost=18780
|  |     in pipelines: 34(GETNEXT)
|  |
|  33:SCAN HDFS [tpcds_partitioned_parquet_snap.store_sales]
|     partition predicates: tpcds_partitioned_parquet_snap.store_sales_1.ss_sold_date_sk IS NOT NULL
|     HDFS partitions=1823/1824 files=1823 size=389.69GB
|     predicates: tpcds_partitioned_parquet_snap.store_sales_1.ss_addr_sk IS NOT NULL
|     runtime filters: RF027[min_max] -> tpcds_partitioned_parquet_snap.store_sales_1.ss_addr_sk, RF028[bloom] -> tpcds_partitioned_parquet_snap.store_sales_1.ss_sold_date_sk, RF026[bloom] -> tpcds_partitioned_parquet_snap.store_sales_1.ss_addr_sk
|     stored statistics:
|       table: rows=8.64G size=389.90GB
|       partitions: 1823/1823 rows=8.25G
|       columns: all
|     extrapolated-rows=disabled max-scan-range-rows=12.24M est-scan-range=186(filtered from 1823)
|     parquet dictionary predicates: tpcds_partitioned_parquet_snap.store_sales_1.ss_addr_sk IS NOT NULL
|     mem-estimate=16.00MB mem-reservation=512.00KB thread-reservation=0
|     tuple-ids=35 row-size=12B cardinality=803.40M(filtered from 7.88G) cost=169007870
|     in pipelines: 33(GETNEXT)
|
32:HASH JOIN [INNER JOIN]
|  hash predicates: tpcds_partitioned_parquet_snap.customer_address_3.ca_county = tpcds_partitioned_parquet_snap.customer_address_0.ca_county
|  fk/pk conjuncts: none
|  runtime filters: RF005[min_max] <- tpcds_partitioned_parquet_snap.customer_address_0.ca_county
|  mem-estimate=1.94MB mem-reservation=1.94MB spill-buffer=64.00KB thread-reservation=0
|  tuple-ids=27,34,20,13 row-size=168B cardinality=1.50M cost=658531
|  in pipelines: 23(GETNEXT), 11(OPEN)
|
|--11:AGGREGATE [FINALIZE]
|  |  output: sum(tpcds_partitioned_parquet_snap.store_sales_0.ss_ext_sales_price)
|  |  group by: tpcds_partitioned_parquet_snap.customer_address_0.ca_county
|  |  having: sum(tpcds_partitioned_parquet_snap.store_sales_0.ss_ext_sales_price) IS NOT NULL
|  |  mem-estimate=10.00MB mem-reservation=1.94MB spill-buffer=64.00KB thread-reservation=0
|  |  tuple-ids=13 row-size=42B cardinality=183 cost=220564892
|  |  in pipelines: 11(GETNEXT), 06(OPEN)
|  |
|  10:HASH JOIN [INNER JOIN]
|  |  hash predicates: tpcds_partitioned_parquet_snap.store_sales_0.ss_addr_sk = tpcds_partitioned_parquet_snap.customer_address_0.ca_address_sk
|  |  fk/pk conjuncts: tpcds_partitioned_parquet_snap.store_sales_0.ss_addr_sk = tpcds_partitioned_parquet_snap.customer_address_0.ca_address_sk
|  |  runtime filters: RF022[bloom] <- tpcds_partitioned_parquet_snap.customer_address_0.ca_address_sk, RF023[min_max] <- tpcds_partitioned_parquet_snap.customer_address_0.ca_address_sk
|  |  mem-estimate=799.76MB mem-reservation=34.00MB spill-buffer=2.00MB thread-reservation=0
|  |  tuple-ids=7,9,11 row-size=54B cardinality=754.05M cost=357256539
|  |  in pipelines: 06(GETNEXT), 09(OPEN)
|  |
|  |--09:SCAN HDFS [tpcds_partitioned_parquet_snap.customer_address]
|  |     HDFS partitions=1/1 files=1 size=307.36MB
|  |     predicates: tpcds_partitioned_parquet_snap.customer_address_0.ca_county IS NOT NULL, tpcds_partitioned_parquet_snap.customer_address_0.ca_address_sk IS NOT NULL
|  |     runtime filters: RF001[min_max] -> tpcds_partitioned_parquet_snap.customer_address_0.ca_county, RF003[min_max] -> tpcds_partitioned_parquet_snap.customer_address_0.ca_county
|  |     stored statistics:
|  |       table: rows=15.00M size=307.36MB
|  |       columns: all
|  |     extrapolated-rows=disabled max-scan-range-rows=1.58M
|  |     parquet dictionary predicates: tpcds_partitioned_parquet_snap.customer_address_0.ca_county IS NOT NULL, tpcds_partitioned_parquet_snap.customer_address_0.ca_address_sk IS NOT NULL
|  |     mem-estimate=16.00MB mem-reservation=128.00KB thread-reservation=0
|  |     tuple-ids=11 row-size=30B cardinality=14.55M cost=4722659
|  |     in pipelines: 09(GETNEXT)
|  |
|  08:HASH JOIN [INNER JOIN]
|  |  hash predicates: tpcds_partitioned_parquet_snap.store_sales_0.ss_sold_date_sk = tpcds_partitioned_parquet_snap.date_dim_0.d_date_sk
|  |  fk/pk conjuncts: tpcds_partitioned_parquet_snap.store_sales_0.ss_sold_date_sk = tpcds_partitioned_parquet_snap.date_dim_0.d_date_sk
|  |  runtime filters: RF024[bloom] <- tpcds_partitioned_parquet_snap.date_dim_0.d_date_sk
|  |  mem-estimate=1.94MB mem-reservation=1.94MB spill-buffer=64.00KB thread-reservation=0
|  |  tuple-ids=7,9 row-size=24B cardinality=803.40M cost=351647614
|  |  in pipelines: 06(GETNEXT), 07(OPEN)
|  |
|  |--07:SCAN HDFS [tpcds_partitioned_parquet_snap.date_dim]
|  |     HDFS partitions=1/1 files=1 size=2.17MB
|  |     predicates: tpcds_partitioned_parquet_snap.date_dim_0.d_year = CAST(1998 AS INT), tpcds_partitioned_parquet_snap.date_dim_0.d_qoy = CAST(1 AS INT), tpcds_partitioned_parquet_snap.date_dim_0.d_date_sk IS NOT NULL
|  |     stored statistics:
|  |       table: rows=73.05K size=2.17MB
|  |       columns: all
|  |     extrapolated-rows=disabled max-scan-range-rows=73.05K
|  |     parquet statistics predicates: tpcds_partitioned_parquet_snap.date_dim_0.d_year = CAST(1998 AS INT), tpcds_partitioned_parquet_snap.date_dim_0.d_qoy = CAST(1 AS INT)
|  |     parquet dictionary predicates: tpcds_partitioned_parquet_snap.date_dim_0.d_year = CAST(1998 AS INT), tpcds_partitioned_parquet_snap.date_dim_0.d_qoy = CAST(1 AS INT), tpcds_partitioned_parquet_snap.date_dim_0.d_date_sk IS NOT NULL
|  |     mem-estimate=16.00MB mem-reservation=512.00KB thread-reservation=0
|  |     tuple-ids=9 row-size=12B cardinality=186 cost=18780
|  |     in pipelines: 07(GETNEXT)
|  |
|  06:SCAN HDFS [tpcds_partitioned_parquet_snap.store_sales]
|     partition predicates: tpcds_partitioned_parquet_snap.store_sales_0.ss_sold_date_sk IS NOT NULL
|     HDFS partitions=1823/1824 files=1823 size=389.69GB
|     predicates: tpcds_partitioned_parquet_snap.store_sales_0.ss_addr_sk IS NOT NULL
|     runtime filters: RF023[min_max] -> tpcds_partitioned_parquet_snap.store_sales_0.ss_addr_sk, RF024[bloom] -> tpcds_partitioned_parquet_snap.store_sales_0.ss_sold_date_sk, RF022[bloom] -> tpcds_partitioned_parquet_snap.store_sales_0.ss_addr_sk
|     stored statistics:
|       table: rows=8.64G size=389.90GB
|       partitions: 1823/1823 rows=8.25G
|       columns: all
|     extrapolated-rows=disabled max-scan-range-rows=12.24M est-scan-range=186(filtered from 1823)
|     parquet dictionary predicates: tpcds_partitioned_parquet_snap.store_sales_0.ss_addr_sk IS NOT NULL
|     mem-estimate=16.00MB mem-reservation=512.00KB thread-reservation=0
|     tuple-ids=7 row-size=12B cardinality=803.40M(filtered from 7.88G) cost=169007870
|     in pipelines: 06(GETNEXT)
|
31:HASH JOIN [INNER JOIN]
|  hash predicates: tpcds_partitioned_parquet_snap.customer_address_3.ca_county = tpcds_partitioned_parquet_snap.customer_address_1.ca_county
|  fk/pk conjuncts: none
|  runtime filters: RF007[min_max] <- tpcds_partitioned_parquet_snap.customer_address_1.ca_county
|  mem-estimate=1.94MB mem-reservation=1.94MB spill-buffer=64.00KB thread-reservation=0
|  tuple-ids=27,34,20 row-size=126B cardinality=1.50M cost=281317
|  in pipelines: 23(GETNEXT), 17(OPEN)
|
|--17:AGGREGATE [FINALIZE]
|  |  output: sum(tpcds_partitioned_parquet_snap.web_sales.ws_ext_sales_price)
|  |  group by: tpcds_partitioned_parquet_snap.customer_address_1.ca_county
|  |  having: sum(tpcds_partitioned_parquet_snap.web_sales.ws_ext_sales_price) IS NOT NULL
|  |  mem-estimate=10.00MB mem-reservation=1.94MB spill-buffer=64.00KB thread-reservation=0
|  |  tuple-ids=20 row-size=42B cardinality=183 cost=60442597
|  |  in pipelines: 17(GETNEXT), 12(OPEN)
|  |
|  16:HASH JOIN [INNER JOIN]
|  |  hash predicates: tpcds_partitioned_parquet_snap.web_sales.ws_bill_addr_sk = tpcds_partitioned_parquet_snap.customer_address_1.ca_address_sk
|  |  fk/pk conjuncts: tpcds_partitioned_parquet_snap.web_sales.ws_bill_addr_sk = tpcds_partitioned_parquet_snap.customer_address_1.ca_address_sk
|  |  runtime filters: RF019[min_max] <- tpcds_partitioned_parquet_snap.customer_address_1.ca_address_sk
|  |  mem-estimate=799.76MB mem-reservation=34.00MB spill-buffer=2.00MB thread-reservation=0
|  |  tuple-ids=14,16,18 row-size=54B cardinality=206.63M cost=108458881
|  |  in pipelines: 12(GETNEXT), 15(OPEN)
|  |
|  |--15:SCAN HDFS [tpcds_partitioned_parquet_snap.customer_address]
|  |     HDFS partitions=1/1 files=1 size=307.36MB
|  |     predicates: tpcds_partitioned_parquet_snap.customer_address_1.ca_county IS NOT NULL, tpcds_partitioned_parquet_snap.customer_address_1.ca_address_sk IS NOT NULL
|  |     runtime filters: RF001[min_max] -> tpcds_partitioned_parquet_snap.customer_address_1.ca_county, RF003[min_max] -> tpcds_partitioned_parquet_snap.customer_address_1.ca_county, RF005[min_max] -> tpcds_partitioned_parquet_snap.customer_address_1.ca_county
|  |     stored statistics:
|  |       table: rows=15.00M size=307.36MB
|  |       columns: all
|  |     extrapolated-rows=disabled max-scan-range-rows=1.58M
|  |     parquet dictionary predicates: tpcds_partitioned_parquet_snap.customer_address_1.ca_county IS NOT NULL, tpcds_partitioned_parquet_snap.customer_address_1.ca_address_sk IS NOT NULL
|  |     mem-estimate=16.00MB mem-reservation=128.00KB thread-reservation=0
|  |     tuple-ids=18 row-size=30B cardinality=14.55M cost=4722659
|  |     in pipelines: 15(GETNEXT)
|  |
|  14:HASH JOIN [INNER JOIN]
|  |  hash predicates: tpcds_partitioned_parquet_snap.web_sales.ws_sold_date_sk = tpcds_partitioned_parquet_snap.date_dim_1.d_date_sk
|  |  fk/pk conjuncts: tpcds_partitioned_parquet_snap.web_sales.ws_sold_date_sk = tpcds_partitioned_parquet_snap.date_dim_1.d_date_sk
|  |  runtime filters: RF020[bloom] <- tpcds_partitioned_parquet_snap.date_dim_1.d_date_sk
|  |  mem-estimate=1.94MB mem-reservation=1.94MB spill-buffer=64.00KB thread-reservation=0
|  |  tuple-ids=14,16 row-size=24B cardinality=220.15M cost=96358537
|  |  in pipelines: 12(GETNEXT), 13(OPEN)
|  |
|  |--13:SCAN HDFS [tpcds_partitioned_parquet_snap.date_dim]
|  |     HDFS partitions=1/1 files=1 size=2.17MB
|  |     predicates: tpcds_partitioned_parquet_snap.date_dim_1.d_year = CAST(1998 AS INT), tpcds_partitioned_parquet_snap.date_dim_1.d_qoy = CAST(2 AS INT), tpcds_partitioned_parquet_snap.date_dim_1.d_date_sk IS NOT NULL
|  |     stored statistics:
|  |       table: rows=73.05K size=2.17MB
|  |       columns: all
|  |     extrapolated-rows=disabled max-scan-range-rows=73.05K
|  |     parquet statistics predicates: tpcds_partitioned_parquet_snap.date_dim_1.d_year = CAST(1998 AS INT), tpcds_partitioned_parquet_snap.date_dim_1.d_qoy = CAST(2 AS INT)
|  |     parquet dictionary predicates: tpcds_partitioned_parquet_snap.date_dim_1.d_year = CAST(1998 AS INT), tpcds_partitioned_parquet_snap.date_dim_1.d_qoy = CAST(2 AS INT), tpcds_partitioned_parquet_snap.date_dim_1.d_date_sk IS NOT NULL
|  |     mem-estimate=16.00MB mem-reservation=512.00KB thread-reservation=0
|  |     tuple-ids=16 row-size=12B cardinality=186 cost=18780
|  |     in pipelines: 13(GETNEXT)
|  |
|  12:SCAN HDFS [tpcds_partitioned_parquet_snap.web_sales]
|     partition predicates: tpcds_partitioned_parquet_snap.web_sales.ws_sold_date_sk IS NOT NULL
|     HDFS partitions=1823/1824 files=1823 size=145.67GB
|     predicates: tpcds_partitioned_parquet_snap.web_sales.ws_bill_addr_sk IS NOT NULL
|     runtime filters: RF019[min_max] -> tpcds_partitioned_parquet_snap.web_sales.ws_bill_addr_sk, RF020[bloom] -> tpcds_partitioned_parquet_snap.web_sales.ws_sold_date_sk
|     stored statistics:
|       table: rows=2.16G size=145.75GB
|       partitions: 1823/1823 rows=2.16G
|       columns: all
|     extrapolated-rows=disabled max-scan-range-rows=3.37M est-scan-range=186(filtered from 1823)
|     parquet dictionary predicates: tpcds_partitioned_parquet_snap.web_sales.ws_bill_addr_sk IS NOT NULL
|     mem-estimate=16.00MB mem-reservation=128.00KB thread-reservation=0
|     tuple-ids=14 row-size=12B cardinality=220.15M(filtered from 2.16G) cost=44238586
|     in pipelines: 12(GETNEXT)
|
30:HASH JOIN [INNER JOIN]
|  hash predicates: tpcds_partitioned_parquet_snap.customer_address_2.ca_county = tpcds_partitioned_parquet_snap.customer_address_3.ca_county
|  fk/pk conjuncts: none
|  runtime filters: RF009[min_max] <- tpcds_partitioned_parquet_snap.customer_address_3.ca_county
|  mem-estimate=1.94MB mem-reservation=1.94MB spill-buffer=64.00KB thread-reservation=0
|  tuple-ids=27,34 row-size=84B cardinality=33.49K cost=6298
|  in pipelines: 23(GETNEXT), 29(OPEN)
|
|--29:AGGREGATE [FINALIZE]
|  |  output: sum(tpcds_partitioned_parquet_snap.web_sales_1.ws_ext_sales_price)
|  |  group by: tpcds_partitioned_parquet_snap.customer_address_3.ca_county
|  |  having: sum(tpcds_partitioned_parquet_snap.web_sales_1.ws_ext_sales_price) IS NOT NULL
|  |  mem-estimate=10.00MB mem-reservation=1.94MB spill-buffer=64.00KB thread-reservation=0
|  |  tuple-ids=34 row-size=42B cardinality=183 cost=60442597
|  |  in pipelines: 29(GETNEXT), 24(OPEN)
|  |
|  28:HASH JOIN [INNER JOIN]
|  |  hash predicates: tpcds_partitioned_parquet_snap.web_sales_1.ws_bill_addr_sk = tpcds_partitioned_parquet_snap.customer_address_3.ca_address_sk
|  |  fk/pk conjuncts: tpcds_partitioned_parquet_snap.web_sales_1.ws_bill_addr_sk = tpcds_partitioned_parquet_snap.customer_address_3.ca_address_sk
|  |  runtime filters: RF015[min_max] <- tpcds_partitioned_parquet_snap.customer_address_3.ca_address_sk
|  |  mem-estimate=799.76MB mem-reservation=34.00MB spill-buffer=2.00MB thread-reservation=0
|  |  tuple-ids=28,30,32 row-size=54B cardinality=206.63M cost=108458881
|  |  in pipelines: 24(GETNEXT), 27(OPEN)
|  |
|  |--27:SCAN HDFS [tpcds_partitioned_parquet_snap.customer_address]
|  |     HDFS partitions=1/1 files=1 size=307.36MB
|  |     predicates: tpcds_partitioned_parquet_snap.customer_address_3.ca_county IS NOT NULL, tpcds_partitioned_parquet_snap.customer_address_3.ca_address_sk IS NOT NULL
|  |     runtime filters: RF001[min_max] -> tpcds_partitioned_parquet_snap.customer_address_3.ca_county, RF003[min_max] -> tpcds_partitioned_parquet_snap.customer_address_3.ca_county, RF005[min_max] -> tpcds_partitioned_parquet_snap.customer_address_3.ca_county, RF007[min_max] -> tpcds_partitioned_parquet_snap.customer_address_3.ca_county
|  |     stored statistics:
|  |       table: rows=15.00M size=307.36MB
|  |       columns: all
|  |     extrapolated-rows=disabled max-scan-range-rows=1.58M
|  |     parquet dictionary predicates: tpcds_partitioned_parquet_snap.customer_address_3.ca_county IS NOT NULL, tpcds_partitioned_parquet_snap.customer_address_3.ca_address_sk IS NOT NULL
|  |     mem-estimate=16.00MB mem-reservation=128.00KB thread-reservation=0
|  |     tuple-ids=32 row-size=30B cardinality=14.55M cost=4722659
|  |     in pipelines: 27(GETNEXT)
|  |
|  26:HASH JOIN [INNER JOIN]
|  |  hash predicates: tpcds_partitioned_parquet_snap.web_sales_1.ws_sold_date_sk = tpcds_partitioned_parquet_snap.date_dim_3.d_date_sk
|  |  fk/pk conjuncts: tpcds_partitioned_parquet_snap.web_sales_1.ws_sold_date_sk = tpcds_partitioned_parquet_snap.date_dim_3.d_date_sk
|  |  runtime filters: RF016[bloom] <- tpcds_partitioned_parquet_snap.date_dim_3.d_date_sk
|  |  mem-estimate=1.94MB mem-reservation=1.94MB spill-buffer=64.00KB thread-reservation=0
|  |  tuple-ids=28,30 row-size=24B cardinality=220.15M cost=96358537
|  |  in pipelines: 24(GETNEXT), 25(OPEN)
|  |
|  |--25:SCAN HDFS [tpcds_partitioned_parquet_snap.date_dim]
|  |     HDFS partitions=1/1 files=1 size=2.17MB
|  |     predicates: tpcds_partitioned_parquet_snap.date_dim_3.d_year = CAST(1998 AS INT), tpcds_partitioned_parquet_snap.date_dim_3.d_qoy = CAST(1 AS INT), tpcds_partitioned_parquet_snap.date_dim_3.d_date_sk IS NOT NULL
|  |     stored statistics:
|  |       table: rows=73.05K size=2.17MB
|  |       columns: all
|  |     extrapolated-rows=disabled max-scan-range-rows=73.05K
|  |     parquet statistics predicates: tpcds_partitioned_parquet_snap.date_dim_3.d_year = CAST(1998 AS INT), tpcds_partitioned_parquet_snap.date_dim_3.d_qoy = CAST(1 AS INT)
|  |     parquet dictionary predicates: tpcds_partitioned_parquet_snap.date_dim_3.d_year = CAST(1998 AS INT), tpcds_partitioned_parquet_snap.date_dim_3.d_qoy = CAST(1 AS INT), tpcds_partitioned_parquet_snap.date_dim_3.d_date_sk IS NOT NULL
|  |     mem-estimate=16.00MB mem-reservation=512.00KB thread-reservation=0
|  |     tuple-ids=30 row-size=12B cardinality=186 cost=18780
|  |     in pipelines: 25(GETNEXT)
|  |
|  24:SCAN HDFS [tpcds_partitioned_parquet_snap.web_sales]
|     partition predicates: tpcds_partitioned_parquet_snap.web_sales_1.ws_sold_date_sk IS NOT NULL
|     HDFS partitions=1823/1824 files=1823 size=145.67GB
|     predicates: tpcds_partitioned_parquet_snap.web_sales_1.ws_bill_addr_sk IS NOT NULL
|     runtime filters: RF015[min_max] -> tpcds_partitioned_parquet_snap.web_sales_1.ws_bill_addr_sk, RF016[bloom] -> tpcds_partitioned_parquet_snap.web_sales_1.ws_sold_date_sk
|     stored statistics:
|       table: rows=2.16G size=145.75GB
|       partitions: 1823/1823 rows=2.16G
|       columns: all
|     extrapolated-rows=disabled max-scan-range-rows=3.37M est-scan-range=186(filtered from 1823)
|     parquet dictionary predicates: tpcds_partitioned_parquet_snap.web_sales_1.ws_bill_addr_sk IS NOT NULL
|     mem-estimate=16.00MB mem-reservation=128.00KB thread-reservation=0
|     tuple-ids=28 row-size=12B cardinality=220.15M(filtered from 2.16G) cost=44238586
|     in pipelines: 24(GETNEXT)
|
23:AGGREGATE [FINALIZE]
|  output: sum(tpcds_partitioned_parquet_snap.web_sales_0.ws_ext_sales_price)
|  group by: tpcds_partitioned_parquet_snap.customer_address_2.ca_county
|  having: sum(tpcds_partitioned_parquet_snap.web_sales_0.ws_ext_sales_price) IS NOT NULL
|  mem-estimate=10.00MB mem-reservation=1.94MB spill-buffer=64.00KB thread-reservation=0
|  tuple-ids=27 row-size=42B cardinality=183 cost=60442597
|  in pipelines: 23(GETNEXT), 18(OPEN)
|
22:HASH JOIN [INNER JOIN]
|  hash predicates: tpcds_partitioned_parquet_snap.web_sales_0.ws_bill_addr_sk = tpcds_partitioned_parquet_snap.customer_address_2.ca_address_sk
|  fk/pk conjuncts: tpcds_partitioned_parquet_snap.web_sales_0.ws_bill_addr_sk = tpcds_partitioned_parquet_snap.customer_address_2.ca_address_sk
|  runtime filters: RF010[bloom] <- tpcds_partitioned_parquet_snap.customer_address_2.ca_address_sk, RF011[min_max] <- tpcds_partitioned_parquet_snap.customer_address_2.ca_address_sk
|  mem-estimate=799.76MB mem-reservation=34.00MB spill-buffer=2.00MB thread-reservation=0
|  tuple-ids=21,23,25 row-size=54B cardinality=206.63M cost=108458881
|  in pipelines: 18(GETNEXT), 21(OPEN)
|
|--21:SCAN HDFS [tpcds_partitioned_parquet_snap.customer_address]
|     HDFS partitions=1/1 files=1 size=307.36MB
|     predicates: tpcds_partitioned_parquet_snap.customer_address_2.ca_county IS NOT NULL, tpcds_partitioned_parquet_snap.customer_address_2.ca_address_sk IS NOT NULL
|     runtime filters: RF001[min_max] -> tpcds_partitioned_parquet_snap.customer_address_2.ca_county, RF003[min_max] -> tpcds_partitioned_parquet_snap.customer_address_2.ca_county, RF005[min_max] -> tpcds_partitioned_parquet_snap.customer_address_2.ca_county, RF007[min_max] -> tpcds_partitioned_parquet_snap.customer_address_2.ca_county, RF009[min_max] -> tpcds_partitioned_parquet_snap.customer_address_2.ca_county
|     stored statistics:
|       table: rows=15.00M size=307.36MB
|       columns: all
|     extrapolated-rows=disabled max-scan-range-rows=1.58M
|     parquet dictionary predicates: tpcds_partitioned_parquet_snap.customer_address_2.ca_county IS NOT NULL, tpcds_partitioned_parquet_snap.customer_address_2.ca_address_sk IS NOT NULL
|     mem-estimate=16.00MB mem-reservation=128.00KB thread-reservation=0
|     tuple-ids=25 row-size=30B cardinality=14.55M cost=4722659
|     in pipelines: 21(GETNEXT)
|
20:HASH JOIN [INNER JOIN]
|  hash predicates: tpcds_partitioned_parquet_snap.web_sales_0.ws_sold_date_sk = tpcds_partitioned_parquet_snap.date_dim_2.d_date_sk
|  fk/pk conjuncts: tpcds_partitioned_parquet_snap.web_sales_0.ws_sold_date_sk = tpcds_partitioned_parquet_snap.date_dim_2.d_date_sk
|  runtime filters: RF012[bloom] <- tpcds_partitioned_parquet_snap.date_dim_2.d_date_sk
|  mem-estimate=1.94MB mem-reservation=1.94MB spill-buffer=64.00KB thread-reservation=0
|  tuple-ids=21,23 row-size=24B cardinality=220.15M cost=96358537
|  in pipelines: 18(GETNEXT), 19(OPEN)
|
|--19:SCAN HDFS [tpcds_partitioned_parquet_snap.date_dim]
|     HDFS partitions=1/1 files=1 size=2.17MB
|     predicates: tpcds_partitioned_parquet_snap.date_dim_2.d_year = CAST(1998 AS INT), tpcds_partitioned_parquet_snap.date_dim_2.d_qoy = CAST(3 AS INT), tpcds_partitioned_parquet_snap.date_dim_2.d_date_sk IS NOT NULL
|     stored statistics:
|       table: rows=73.05K size=2.17MB
|       columns: all
|     extrapolated-rows=disabled max-scan-range-rows=73.05K
|     parquet statistics predicates: tpcds_partitioned_parquet_snap.date_dim_2.d_year = CAST(1998 AS INT), tpcds_partitioned_parquet_snap.date_dim_2.d_qoy = CAST(3 AS INT)
|     parquet dictionary predicates: tpcds_partitioned_parquet_snap.date_dim_2.d_year = CAST(1998 AS INT), tpcds_partitioned_parquet_snap.date_dim_2.d_qoy = CAST(3 AS INT), tpcds_partitioned_parquet_snap.date_dim_2.d_date_sk IS NOT NULL
|     mem-estimate=16.00MB mem-reservation=512.00KB thread-reservation=0
|     tuple-ids=23 row-size=12B cardinality=186 cost=18780
|     in pipelines: 19(GETNEXT)
|
18:SCAN HDFS [tpcds_partitioned_parquet_snap.web_sales]
   partition predicates: tpcds_partitioned_parquet_snap.web_sales_0.ws_sold_date_sk IS NOT NULL
   HDFS partitions=1823/1824 files=1823 size=145.67GB
   predicates: tpcds_partitioned_parquet_snap.web_sales_0.ws_bill_addr_sk IS NOT NULL
   runtime filters: RF011[min_max] -> tpcds_partitioned_parquet_snap.web_sales_0.ws_bill_addr_sk, RF012[bloom] -> tpcds_partitioned_parquet_snap.web_sales_0.ws_sold_date_sk, RF010[bloom] -> tpcds_partitioned_parquet_snap.web_sales_0.ws_bill_addr_sk
   stored statistics:
     table: rows=2.16G size=145.75GB
     partitions: 1823/1823 rows=2.16G
     columns: all
   extrapolated-rows=disabled max-scan-range-rows=3.37M est-scan-range=186(filtered from 1823)
   parquet dictionary predicates: tpcds_partitioned_parquet_snap.web_sales_0.ws_bill_addr_sk IS NOT NULL
   mem-estimate=16.00MB mem-reservation=128.00KB thread-reservation=0
   tuple-ids=21 row-size=12B cardinality=220.15M(filtered from 2.16G) cost=44238586
   in pipelines: 18(GETNEXT)
---- DISTRIBUTEDPLAN
Max Per-Host Resource Reservation: Memory=1.81GB Threads=103
Per-Host Resource Estimates: Memory=5.02GB
F27:PLAN FRAGMENT [UNPARTITIONED] hosts=1 instances=1
|  Per-Instance Resources: mem-estimate=118.72MB mem-reservation=4.00MB thread-reservation=1
|  max-parallelism=1 segment-costs=[9771936] cpu-comparison-result=660 [max(1 (self) vs 660 (sum children))]
PLAN-ROOT SINK
|  output exprs: tpcds_partitioned_parquet_snap.customer_address_0.ca_county, CAST(1998 AS INT), divide(sum(tpcds_partitioned_parquet_snap.web_sales.ws_ext_sales_price), sum(tpcds_partitioned_parquet_snap.web_sales_1.ws_ext_sales_price)), divide(sum(tpcds_partitioned_parquet_snap.store_sales_1.ss_ext_sales_price), sum(tpcds_partitioned_parquet_snap.store_sales_0.ss_ext_sales_price)), divide(sum(tpcds_partitioned_parquet_snap.web_sales_0.ws_ext_sales_price), sum(tpcds_partitioned_parquet_snap.web_sales.ws_ext_sales_price)), divide(sum(tpcds_partitioned_parquet_snap.store_sales.ss_ext_sales_price), sum(tpcds_partitioned_parquet_snap.store_sales_1.ss_ext_sales_price))
|  mem-estimate=100.00MB mem-reservation=4.00MB spill-buffer=2.00MB thread-reservation=0 cost=9024660
|
69:MERGING-EXCHANGE [UNPARTITIONED]
|  order by: tpcds_partitioned_parquet_snap.customer_address_0.ca_county ASC NULLS LAST
|  mem-estimate=18.72MB mem-reservation=0B thread-reservation=0
|  tuple-ids=42 row-size=122B cardinality=1.50M cost=747276
|  in pipelines: 41(GETNEXT)
|
F04:PLAN FRAGMENT [HASH(tpcds_partitioned_parquet_snap.customer_address_2.ca_county)] hosts=10 instances=10 (adjusted from 120)
Per-Instance Resources: mem-estimate=27.49MB mem-reservation=13.94MB thread-reservation=1
max-parallelism=10 segment-costs=[135417, 10854401, 5278957] cpu-comparison-result=660 [max(10 (self) vs 660 (sum children))]
41:SORT
|  order by: tpcds_partitioned_parquet_snap.customer_address_0.ca_county ASC NULLS LAST
|  mem-estimate=17.49MB mem-reservation=12.00MB spill-buffer=2.00MB thread-reservation=0
|  tuple-ids=42 row-size=122B cardinality=1.50M cost=8592108
|  in pipelines: 41(GETNEXT), 46(OPEN)
|
40:HASH JOIN [INNER JOIN, PARTITIONED]
|  hash-table-id=00
|  hash predicates: tpcds_partitioned_parquet_snap.customer_address_4.ca_county = tpcds_partitioned_parquet_snap.customer_address.ca_county
|  fk/pk conjuncts: none
|  other join predicates: CASE WHEN sum(tpcds_partitioned_parquet_snap.web_sales.ws_ext_sales_price) > CAST(0 AS DECIMAL(3,0)) THEN divide(sum(tpcds_partitioned_parquet_snap.web_sales_0.ws_ext_sales_price), sum(tpcds_partitioned_parquet_snap.web_sales.ws_ext_sales_price)) ELSE NULL END > CASE WHEN sum(tpcds_partitioned_parquet_snap.store_sales_1.ss_ext_sales_price) > CAST(0 AS DECIMAL(3,0)) THEN divide(sum(tpcds_partitioned_parquet_snap.store_sales.ss_ext_sales_price), sum(tpcds_partitioned_parquet_snap.store_sales_1.ss_ext_sales_price)) ELSE NULL END
|  mem-estimate=0B mem-reservation=0B spill-buffer=64.00KB thread-reservation=0
|  tuple-ids=27,34,20,13,41,6 row-size=252B cardinality=1.50M cost=658348
|  in pipelines: 46(GETNEXT), 68(OPEN)
|
|--F28:PLAN FRAGMENT [HASH(tpcds_partitioned_parquet_snap.customer_address_2.ca_county)] hosts=10 instances=10 (adjusted from 120)
|  |  Per-Instance Resources: mem-estimate=15.81MB mem-reservation=3.88MB thread-reservation=1
|  |  max-parallelism=10 segment-costs=[135417, 183] cpu-comparison-result=110 [max(10 (self) vs 110 (sum children))]
|  JOIN BUILD
|  |  join-table-id=00 plan-id=01 cohort-id=01
|  |  build expressions: tpcds_partitioned_parquet_snap.customer_address.ca_county
|  |  runtime filters: RF001[min_max] <- tpcds_partitioned_parquet_snap.customer_address.ca_county
|  |  mem-estimate=1.94MB mem-reservation=1.94MB spill-buffer=64.00KB thread-reservation=0 cost=183
|  |
|  68:AGGREGATE [FINALIZE]
|  |  output: sum:merge(tpcds_partitioned_parquet_snap.store_sales.ss_ext_sales_price)
|  |  group by: tpcds_partitioned_parquet_snap.customer_address.ca_county
|  |  having: sum(tpcds_partitioned_parquet_snap.store_sales.ss_ext_sales_price) IS NOT NULL
|  |  mem-estimate=10.00MB mem-reservation=1.94MB spill-buffer=64.00KB thread-reservation=0
|  |  tuple-ids=6 row-size=42B cardinality=183 cost=68815
|  |  in pipelines: 68(GETNEXT), 00(OPEN)
|  |
|  67:EXCHANGE [HASH(tpcds_partitioned_parquet_snap.customer_address.ca_county)]
|  |  mem-estimate=5.81MB mem-reservation=0B thread-reservation=0
|  |  tuple-ids=6 row-size=42B cardinality=219.00K cost=66602
|  |  in pipelines: 00(GETNEXT)
|  |
|  F23:PLAN FRAGMENT [RANDOM] hosts=10 instances=110 (adjusted from 120)
|  Per-Host Shared Resources: mem-estimate=17.00MB mem-reservation=17.00MB thread-reservation=0 runtime-filters-memory=17.00MB
|  Per-Instance Resources: mem-estimate=27.80MB mem-reservation=2.50MB thread-reservation=1
|  max-parallelism=110 segment-costs=[1084492244, 704635] cpu-comparison-result=110 [max(110 (self) vs 31 (sum children))]
|  05:AGGREGATE [STREAMING]
|  |  output: sum(tpcds_partitioned_parquet_snap.store_sales.ss_ext_sales_price)
|  |  group by: tpcds_partitioned_parquet_snap.customer_address.ca_county
|  |  mem-estimate=10.00MB mem-reservation=2.00MB spill-buffer=64.00KB thread-reservation=0
|  |  tuple-ids=6 row-size=42B cardinality=219.00K cost=221131111
|  |  in pipelines: 00(GETNEXT)
|  |
|  04:HASH JOIN [INNER JOIN, BROADCAST]
|  |  hash-table-id=01
|  |  hash predicates: tpcds_partitioned_parquet_snap.store_sales.ss_addr_sk = tpcds_partitioned_parquet_snap.customer_address.ca_address_sk
|  |  fk/pk conjuncts: tpcds_partitioned_parquet_snap.store_sales.ss_addr_sk = tpcds_partitioned_parquet_snap.customer_address.ca_address_sk
|  |  mem-estimate=0B mem-reservation=0B spill-buffer=2.00MB thread-reservation=0
|  |  tuple-ids=0,2,4 row-size=54B cardinality=754.05M cost=342705835
|  |  in pipelines: 00(GETNEXT), 03(OPEN)
|  |
|  |--F29:PLAN FRAGMENT [RANDOM] hosts=10 instances=10
|  |  |  Per-Instance Resources: mem-estimate=826.09MB mem-reservation=390.00MB thread-reservation=1 runtime-filters-memory=16.00MB
|  |  |  max-parallelism=10 segment-costs=[33888584]
|  |  JOIN BUILD
|  |  |  join-table-id=01 plan-id=02 cohort-id=02
|  |  |  build expressions: tpcds_partitioned_parquet_snap.customer_address.ca_address_sk
|  |  |  runtime filters: RF030[bloom] <- tpcds_partitioned_parquet_snap.customer_address.ca_address_sk, RF031[min_max] <- tpcds_partitioned_parquet_snap.customer_address.ca_address_sk
|  |  |  mem-estimate=799.76MB mem-reservation=374.00MB spill-buffer=2.00MB thread-reservation=0 cost=14550704
|  |  |
|  |  66:EXCHANGE [BROADCAST]
|  |  |  mem-estimate=10.33MB mem-reservation=0B thread-reservation=0
|  |  |  tuple-ids=4 row-size=30B cardinality=14.55M cost=19337880
|  |  |  in pipelines: 03(GETNEXT)
|  |  |
|  |  F25:PLAN FRAGMENT [RANDOM] hosts=10 instances=10
|  |  Per-Instance Resources: mem-estimate=16.13MB mem-reservation=128.00KB thread-reservation=1
|  |  max-parallelism=10 segment-costs=[6214044]
|  |  03:SCAN HDFS [tpcds_partitioned_parquet_snap.customer_address, RANDOM]
|  |     HDFS partitions=1/1 files=1 size=307.36MB
|  |     predicates: tpcds_partitioned_parquet_snap.customer_address.ca_county IS NOT NULL, tpcds_partitioned_parquet_snap.customer_address.ca_address_sk IS NOT NULL
|  |     stored statistics:
|  |       table: rows=15.00M size=307.36MB
|  |       columns: all
|  |     extrapolated-rows=disabled max-scan-range-rows=1.58M
|  |     parquet dictionary predicates: tpcds_partitioned_parquet_snap.customer_address.ca_county IS NOT NULL, tpcds_partitioned_parquet_snap.customer_address.ca_address_sk IS NOT NULL
|  |     mem-estimate=16.00MB mem-reservation=128.00KB thread-reservation=0
|  |     tuple-ids=4 row-size=30B cardinality=14.55M cost=4722659
|  |     in pipelines: 03(GETNEXT)
|  |
|  02:HASH JOIN [INNER JOIN, BROADCAST]
|  |  hash-table-id=02
|  |  hash predicates: tpcds_partitioned_parquet_snap.store_sales.ss_sold_date_sk = tpcds_partitioned_parquet_snap.date_dim.d_date_sk
|  |  fk/pk conjuncts: tpcds_partitioned_parquet_snap.store_sales.ss_sold_date_sk = tpcds_partitioned_parquet_snap.date_dim.d_date_sk
|  |  mem-estimate=0B mem-reservation=0B spill-buffer=64.00KB thread-reservation=0
|  |  tuple-ids=0,2 row-size=24B cardinality=803.40M cost=351647428
|  |  in pipelines: 00(GETNEXT), 01(OPEN)
|  |
|  |--F30:PLAN FRAGMENT [RANDOM] hosts=10 instances=10
|  |  |  Per-Instance Resources: mem-estimate=22.33MB mem-reservation=22.31MB thread-reservation=1 runtime-filters-memory=1.00MB
|  |  |  max-parallelism=10 segment-costs=[426]
|  |  JOIN BUILD
|  |  |  join-table-id=02 plan-id=03 cohort-id=02
|  |  |  build expressions: tpcds_partitioned_parquet_snap.date_dim.d_date_sk
|  |  |  runtime filters: RF032[bloom] <- tpcds_partitioned_parquet_snap.date_dim.d_date_sk
|  |  |  mem-estimate=21.31MB mem-reservation=21.31MB spill-buffer=64.00KB thread-reservation=0 cost=186
|  |  |
|  |  65:EXCHANGE [BROADCAST]
|  |  |  mem-estimate=16.00KB mem-reservation=0B thread-reservation=0
|  |  |  tuple-ids=2 row-size=12B cardinality=186 cost=240
|  |  |  in pipelines: 01(GETNEXT)
|  |  |
|  |  F24:PLAN FRAGMENT [RANDOM] hosts=1 instances=1
|  |  Per-Instance Resources: mem-estimate=16.06MB mem-reservation=512.00KB thread-reservation=1
|  |  max-parallelism=1 segment-costs=[18790]
|  |  01:SCAN HDFS [tpcds_partitioned_parquet_snap.date_dim, RANDOM]
|  |     HDFS partitions=1/1 files=1 size=2.17MB
|  |     predicates: tpcds_partitioned_parquet_snap.date_dim.d_year = CAST(1998 AS INT), tpcds_partitioned_parquet_snap.date_dim.d_qoy = CAST(3 AS INT), tpcds_partitioned_parquet_snap.date_dim.d_date_sk IS NOT NULL
|  |     stored statistics:
|  |       table: rows=73.05K size=2.17MB
|  |       columns: all
|  |     extrapolated-rows=disabled max-scan-range-rows=73.05K
|  |     parquet statistics predicates: tpcds_partitioned_parquet_snap.date_dim.d_year = CAST(1998 AS INT), tpcds_partitioned_parquet_snap.date_dim.d_qoy = CAST(3 AS INT)
|  |     parquet dictionary predicates: tpcds_partitioned_parquet_snap.date_dim.d_year = CAST(1998 AS INT), tpcds_partitioned_parquet_snap.date_dim.d_qoy = CAST(3 AS INT), tpcds_partitioned_parquet_snap.date_dim.d_date_sk IS NOT NULL
|  |     mem-estimate=16.00MB mem-reservation=512.00KB thread-reservation=0
|  |     tuple-ids=2 row-size=12B cardinality=186 cost=18780
|  |     in pipelines: 01(GETNEXT)
|  |
|  00:SCAN HDFS [tpcds_partitioned_parquet_snap.store_sales, RANDOM]
|     partition predicates: tpcds_partitioned_parquet_snap.store_sales.ss_sold_date_sk IS NOT NULL
|     HDFS partitions=1823/1824 files=1823 size=389.69GB
|     predicates: tpcds_partitioned_parquet_snap.store_sales.ss_addr_sk IS NOT NULL
|     runtime filters: RF031[min_max] -> tpcds_partitioned_parquet_snap.store_sales.ss_addr_sk, RF032[bloom] -> tpcds_partitioned_parquet_snap.store_sales.ss_sold_date_sk, RF030[bloom] -> tpcds_partitioned_parquet_snap.store_sales.ss_addr_sk
|     stored statistics:
|       table: rows=8.64G size=389.90GB
|       partitions: 1823/1823 rows=8.25G
|       columns: all
|     extrapolated-rows=disabled max-scan-range-rows=12.24M est-scan-range=186(filtered from 1823)
|     parquet dictionary predicates: tpcds_partitioned_parquet_snap.store_sales.ss_addr_sk IS NOT NULL
|     mem-estimate=16.00MB mem-reservation=512.00KB thread-reservation=0
|     tuple-ids=0 row-size=12B cardinality=803.40M(filtered from 7.88G) cost=169007870
|     in pipelines: 00(GETNEXT)
|
39:HASH JOIN [INNER JOIN, PARTITIONED]
|  hash-table-id=03
|  hash predicates: tpcds_partitioned_parquet_snap.customer_address_0.ca_county = tpcds_partitioned_parquet_snap.customer_address_4.ca_county
|  fk/pk conjuncts: none
|  other join predicates: CASE WHEN sum(tpcds_partitioned_parquet_snap.web_sales_1.ws_ext_sales_price) > CAST(0 AS DECIMAL(3,0)) THEN divide(sum(tpcds_partitioned_parquet_snap.web_sales.ws_ext_sales_price), sum(tpcds_partitioned_parquet_snap.web_sales_1.ws_ext_sales_price)) ELSE NULL END > CASE WHEN sum(tpcds_partitioned_parquet_snap.store_sales_0.ss_ext_sales_price) > CAST(0 AS DECIMAL(3,0)) THEN divide(sum(tpcds_partitioned_parquet_snap.store_sales_1.ss_ext_sales_price), sum(tpcds_partitioned_parquet_snap.store_sales_0.ss_ext_sales_price)) ELSE NULL END
|  mem-estimate=0B mem-reservation=0B spill-buffer=64.00KB thread-reservation=0
|  tuple-ids=27,34,20,13,41 row-size=210B cardinality=1.50M cost=658348
|  in pipelines: 46(GETNEXT), 64(OPEN)
|
|--F31:PLAN FRAGMENT [HASH(tpcds_partitioned_parquet_snap.customer_address_2.ca_county)] hosts=10 instances=10 (adjusted from 120)
|  |  Per-Instance Resources: mem-estimate=15.81MB mem-reservation=3.88MB thread-reservation=1
|  |  max-parallelism=10 segment-costs=[135417, 183] cpu-comparison-result=110 [max(10 (self) vs 110 (sum children))]
|  JOIN BUILD
|  |  join-table-id=03 plan-id=04 cohort-id=01
|  |  build expressions: tpcds_partitioned_parquet_snap.customer_address_4.ca_county
|  |  runtime filters: RF003[min_max] <- tpcds_partitioned_parquet_snap.customer_address_4.ca_county
|  |  mem-estimate=1.94MB mem-reservation=1.94MB spill-buffer=64.00KB thread-reservation=0 cost=183
|  |
|  64:AGGREGATE [FINALIZE]
|  |  output: sum:merge(tpcds_partitioned_parquet_snap.store_sales_1.ss_ext_sales_price)
|  |  group by: tpcds_partitioned_parquet_snap.customer_address_4.ca_county
|  |  having: sum(tpcds_partitioned_parquet_snap.store_sales_1.ss_ext_sales_price) IS NOT NULL
|  |  mem-estimate=10.00MB mem-reservation=1.94MB spill-buffer=64.00KB thread-reservation=0
|  |  tuple-ids=41 row-size=42B cardinality=183 cost=68815
|  |  in pipelines: 64(GETNEXT), 33(OPEN)
|  |
|  63:EXCHANGE [HASH(tpcds_partitioned_parquet_snap.customer_address_4.ca_county)]
|  |  mem-estimate=5.81MB mem-reservation=0B thread-reservation=0
|  |  tuple-ids=41 row-size=42B cardinality=219.00K cost=66602
|  |  in pipelines: 33(GETNEXT)
|  |
|  F19:PLAN FRAGMENT [RANDOM] hosts=10 instances=110 (adjusted from 120)
|  Per-Host Shared Resources: mem-estimate=17.00MB mem-reservation=17.00MB thread-reservation=0 runtime-filters-memory=17.00MB
|  Per-Instance Resources: mem-estimate=27.80MB mem-reservation=2.50MB thread-reservation=1
|  max-parallelism=110 segment-costs=[1084492244, 704635] cpu-comparison-result=110 [max(110 (self) vs 31 (sum children))]
|  38:AGGREGATE [STREAMING]
|  |  output: sum(tpcds_partitioned_parquet_snap.store_sales_1.ss_ext_sales_price)
|  |  group by: tpcds_partitioned_parquet_snap.customer_address_4.ca_county
|  |  mem-estimate=10.00MB mem-reservation=2.00MB spill-buffer=64.00KB thread-reservation=0
|  |  tuple-ids=41 row-size=42B cardinality=219.00K cost=221131111
|  |  in pipelines: 33(GETNEXT)
|  |
|  37:HASH JOIN [INNER JOIN, BROADCAST]
|  |  hash-table-id=04
|  |  hash predicates: tpcds_partitioned_parquet_snap.store_sales_1.ss_addr_sk = tpcds_partitioned_parquet_snap.customer_address_4.ca_address_sk
|  |  fk/pk conjuncts: tpcds_partitioned_parquet_snap.store_sales_1.ss_addr_sk = tpcds_partitioned_parquet_snap.customer_address_4.ca_address_sk
|  |  mem-estimate=0B mem-reservation=0B spill-buffer=2.00MB thread-reservation=0
|  |  tuple-ids=35,37,39 row-size=54B cardinality=754.05M cost=342705835
|  |  in pipelines: 33(GETNEXT), 36(OPEN)
|  |
|  |--F32:PLAN FRAGMENT [RANDOM] hosts=10 instances=10
|  |  |  Per-Instance Resources: mem-estimate=826.09MB mem-reservation=390.00MB thread-reservation=1 runtime-filters-memory=16.00MB
|  |  |  max-parallelism=10 segment-costs=[33888584]
|  |  JOIN BUILD
|  |  |  join-table-id=04 plan-id=05 cohort-id=03
|  |  |  build expressions: tpcds_partitioned_parquet_snap.customer_address_4.ca_address_sk
|  |  |  runtime filters: RF026[bloom] <- tpcds_partitioned_parquet_snap.customer_address_4.ca_address_sk, RF027[min_max] <- tpcds_partitioned_parquet_snap.customer_address_4.ca_address_sk
|  |  |  mem-estimate=799.76MB mem-reservation=374.00MB spill-buffer=2.00MB thread-reservation=0 cost=14550704
|  |  |
|  |  62:EXCHANGE [BROADCAST]
|  |  |  mem-estimate=10.33MB mem-reservation=0B thread-reservation=0
|  |  |  tuple-ids=39 row-size=30B cardinality=14.55M cost=19337880
|  |  |  in pipelines: 36(GETNEXT)
|  |  |
|  |  F21:PLAN FRAGMENT [RANDOM] hosts=10 instances=10
|  |  Per-Instance Resources: mem-estimate=16.13MB mem-reservation=128.00KB thread-reservation=1
|  |  max-parallelism=10 segment-costs=[6214044]
|  |  36:SCAN HDFS [tpcds_partitioned_parquet_snap.customer_address, RANDOM]
|  |     HDFS partitions=1/1 files=1 size=307.36MB
|  |     predicates: tpcds_partitioned_parquet_snap.customer_address_4.ca_county IS NOT NULL, tpcds_partitioned_parquet_snap.customer_address_4.ca_address_sk IS NOT NULL
|  |     runtime filters: RF001[min_max] -> tpcds_partitioned_parquet_snap.customer_address_4.ca_county
|  |     stored statistics:
|  |       table: rows=15.00M size=307.36MB
|  |       columns: all
|  |     extrapolated-rows=disabled max-scan-range-rows=1.58M
|  |     parquet dictionary predicates: tpcds_partitioned_parquet_snap.customer_address_4.ca_county IS NOT NULL, tpcds_partitioned_parquet_snap.customer_address_4.ca_address_sk IS NOT NULL
|  |     mem-estimate=16.00MB mem-reservation=128.00KB thread-reservation=0
|  |     tuple-ids=39 row-size=30B cardinality=14.55M cost=4722659
|  |     in pipelines: 36(GETNEXT)
|  |
|  35:HASH JOIN [INNER JOIN, BROADCAST]
|  |  hash-table-id=05
|  |  hash predicates: tpcds_partitioned_parquet_snap.store_sales_1.ss_sold_date_sk = tpcds_partitioned_parquet_snap.date_dim_4.d_date_sk
|  |  fk/pk conjuncts: tpcds_partitioned_parquet_snap.store_sales_1.ss_sold_date_sk = tpcds_partitioned_parquet_snap.date_dim_4.d_date_sk
|  |  mem-estimate=0B mem-reservation=0B spill-buffer=64.00KB thread-reservation=0
|  |  tuple-ids=35,37 row-size=24B cardinality=803.40M cost=351647428
|  |  in pipelines: 33(GETNEXT), 34(OPEN)
|  |
|  |--F33:PLAN FRAGMENT [RANDOM] hosts=10 instances=10
|  |  |  Per-Instance Resources: mem-estimate=22.33MB mem-reservation=22.31MB thread-reservation=1 runtime-filters-memory=1.00MB
|  |  |  max-parallelism=10 segment-costs=[426]
|  |  JOIN BUILD
|  |  |  join-table-id=05 plan-id=06 cohort-id=03
|  |  |  build expressions: tpcds_partitioned_parquet_snap.date_dim_4.d_date_sk
|  |  |  runtime filters: RF028[bloom] <- tpcds_partitioned_parquet_snap.date_dim_4.d_date_sk
|  |  |  mem-estimate=21.31MB mem-reservation=21.31MB spill-buffer=64.00KB thread-reservation=0 cost=186
|  |  |
|  |  61:EXCHANGE [BROADCAST]
|  |  |  mem-estimate=16.00KB mem-reservation=0B thread-reservation=0
|  |  |  tuple-ids=37 row-size=12B cardinality=186 cost=240
|  |  |  in pipelines: 34(GETNEXT)
|  |  |
|  |  F20:PLAN FRAGMENT [RANDOM] hosts=1 instances=1
|  |  Per-Instance Resources: mem-estimate=16.06MB mem-reservation=512.00KB thread-reservation=1
|  |  max-parallelism=1 segment-costs=[18790]
|  |  34:SCAN HDFS [tpcds_partitioned_parquet_snap.date_dim, RANDOM]
|  |     HDFS partitions=1/1 files=1 size=2.17MB
|  |     predicates: tpcds_partitioned_parquet_snap.date_dim_4.d_year = CAST(1998 AS INT), tpcds_partitioned_parquet_snap.date_dim_4.d_qoy = CAST(2 AS INT), tpcds_partitioned_parquet_snap.date_dim_4.d_date_sk IS NOT NULL
|  |     stored statistics:
|  |       table: rows=73.05K size=2.17MB
|  |       columns: all
|  |     extrapolated-rows=disabled max-scan-range-rows=73.05K
|  |     parquet statistics predicates: tpcds_partitioned_parquet_snap.date_dim_4.d_year = CAST(1998 AS INT), tpcds_partitioned_parquet_snap.date_dim_4.d_qoy = CAST(2 AS INT)
|  |     parquet dictionary predicates: tpcds_partitioned_parquet_snap.date_dim_4.d_year = CAST(1998 AS INT), tpcds_partitioned_parquet_snap.date_dim_4.d_qoy = CAST(2 AS INT), tpcds_partitioned_parquet_snap.date_dim_4.d_date_sk IS NOT NULL
|  |     mem-estimate=16.00MB mem-reservation=512.00KB thread-reservation=0
|  |     tuple-ids=37 row-size=12B cardinality=186 cost=18780
|  |     in pipelines: 34(GETNEXT)
|  |
|  33:SCAN HDFS [tpcds_partitioned_parquet_snap.store_sales, RANDOM]
|     partition predicates: tpcds_partitioned_parquet_snap.store_sales_1.ss_sold_date_sk IS NOT NULL
|     HDFS partitions=1823/1824 files=1823 size=389.69GB
|     predicates: tpcds_partitioned_parquet_snap.store_sales_1.ss_addr_sk IS NOT NULL
|     runtime filters: RF027[min_max] -> tpcds_partitioned_parquet_snap.store_sales_1.ss_addr_sk, RF028[bloom] -> tpcds_partitioned_parquet_snap.store_sales_1.ss_sold_date_sk, RF026[bloom] -> tpcds_partitioned_parquet_snap.store_sales_1.ss_addr_sk
|     stored statistics:
|       table: rows=8.64G size=389.90GB
|       partitions: 1823/1823 rows=8.25G
|       columns: all
|     extrapolated-rows=disabled max-scan-range-rows=12.24M est-scan-range=186(filtered from 1823)
|     parquet dictionary predicates: tpcds_partitioned_parquet_snap.store_sales_1.ss_addr_sk IS NOT NULL
|     mem-estimate=16.00MB mem-reservation=512.00KB thread-reservation=0
|     tuple-ids=35 row-size=12B cardinality=803.40M(filtered from 7.88G) cost=169007870
|     in pipelines: 33(GETNEXT)
|
32:HASH JOIN [INNER JOIN, PARTITIONED]
|  hash-table-id=06
|  hash predicates: tpcds_partitioned_parquet_snap.customer_address_3.ca_county = tpcds_partitioned_parquet_snap.customer_address_0.ca_county
|  fk/pk conjuncts: none
|  mem-estimate=0B mem-reservation=0B spill-buffer=64.00KB thread-reservation=0
|  tuple-ids=27,34,20,13 row-size=168B cardinality=1.50M cost=658348
|  in pipelines: 46(GETNEXT), 60(OPEN)
|
|--F34:PLAN FRAGMENT [HASH(tpcds_partitioned_parquet_snap.customer_address_2.ca_county)] hosts=10 instances=10 (adjusted from 120)
|  |  Per-Instance Resources: mem-estimate=15.81MB mem-reservation=3.88MB thread-reservation=1
|  |  max-parallelism=10 segment-costs=[135417, 183] cpu-comparison-result=110 [max(10 (self) vs 110 (sum children))]
|  JOIN BUILD
|  |  join-table-id=06 plan-id=07 cohort-id=01
|  |  build expressions: tpcds_partitioned_parquet_snap.customer_address_0.ca_county
|  |  runtime filters: RF005[min_max] <- tpcds_partitioned_parquet_snap.customer_address_0.ca_county
|  |  mem-estimate=1.94MB mem-reservation=1.94MB spill-buffer=64.00KB thread-reservation=0 cost=183
|  |
|  60:AGGREGATE [FINALIZE]
|  |  output: sum:merge(tpcds_partitioned_parquet_snap.store_sales_0.ss_ext_sales_price)
|  |  group by: tpcds_partitioned_parquet_snap.customer_address_0.ca_county
|  |  having: sum(tpcds_partitioned_parquet_snap.store_sales_0.ss_ext_sales_price) IS NOT NULL
|  |  mem-estimate=10.00MB mem-reservation=1.94MB spill-buffer=64.00KB thread-reservation=0
|  |  tuple-ids=13 row-size=42B cardinality=183 cost=68815
|  |  in pipelines: 60(GETNEXT), 06(OPEN)
|  |
|  59:EXCHANGE [HASH(tpcds_partitioned_parquet_snap.customer_address_0.ca_county)]
|  |  mem-estimate=5.81MB mem-reservation=0B thread-reservation=0
|  |  tuple-ids=13 row-size=42B cardinality=219.00K cost=66602
|  |  in pipelines: 06(GETNEXT)
|  |
|  F15:PLAN FRAGMENT [RANDOM] hosts=10 instances=110 (adjusted from 120)
|  Per-Host Shared Resources: mem-estimate=17.00MB mem-reservation=17.00MB thread-reservation=0 runtime-filters-memory=17.00MB
|  Per-Instance Resources: mem-estimate=27.80MB mem-reservation=2.50MB thread-reservation=1
|  max-parallelism=110 segment-costs=[1084492244, 704635] cpu-comparison-result=110 [max(110 (self) vs 31 (sum children))]
|  11:AGGREGATE [STREAMING]
|  |  output: sum(tpcds_partitioned_parquet_snap.store_sales_0.ss_ext_sales_price)
|  |  group by: tpcds_partitioned_parquet_snap.customer_address_0.ca_county
|  |  mem-estimate=10.00MB mem-reservation=2.00MB spill-buffer=64.00KB thread-reservation=0
|  |  tuple-ids=13 row-size=42B cardinality=219.00K cost=221131111
|  |  in pipelines: 06(GETNEXT)
|  |
|  10:HASH JOIN [INNER JOIN, BROADCAST]
|  |  hash-table-id=07
|  |  hash predicates: tpcds_partitioned_parquet_snap.store_sales_0.ss_addr_sk = tpcds_partitioned_parquet_snap.customer_address_0.ca_address_sk
|  |  fk/pk conjuncts: tpcds_partitioned_parquet_snap.store_sales_0.ss_addr_sk = tpcds_partitioned_parquet_snap.customer_address_0.ca_address_sk
|  |  mem-estimate=0B mem-reservation=0B spill-buffer=2.00MB thread-reservation=0
|  |  tuple-ids=7,9,11 row-size=54B cardinality=754.05M cost=342705835
|  |  in pipelines: 06(GETNEXT), 09(OPEN)
|  |
|  |--F35:PLAN FRAGMENT [RANDOM] hosts=10 instances=10
|  |  |  Per-Instance Resources: mem-estimate=826.09MB mem-reservation=390.00MB thread-reservation=1 runtime-filters-memory=16.00MB
|  |  |  max-parallelism=10 segment-costs=[33888584]
|  |  JOIN BUILD
|  |  |  join-table-id=07 plan-id=08 cohort-id=04
|  |  |  build expressions: tpcds_partitioned_parquet_snap.customer_address_0.ca_address_sk
|  |  |  runtime filters: RF022[bloom] <- tpcds_partitioned_parquet_snap.customer_address_0.ca_address_sk, RF023[min_max] <- tpcds_partitioned_parquet_snap.customer_address_0.ca_address_sk
|  |  |  mem-estimate=799.76MB mem-reservation=374.00MB spill-buffer=2.00MB thread-reservation=0 cost=14550704
|  |  |
|  |  58:EXCHANGE [BROADCAST]
|  |  |  mem-estimate=10.33MB mem-reservation=0B thread-reservation=0
|  |  |  tuple-ids=11 row-size=30B cardinality=14.55M cost=19337880
|  |  |  in pipelines: 09(GETNEXT)
|  |  |
|  |  F17:PLAN FRAGMENT [RANDOM] hosts=10 instances=10
|  |  Per-Instance Resources: mem-estimate=16.13MB mem-reservation=128.00KB thread-reservation=1
|  |  max-parallelism=10 segment-costs=[6214044]
|  |  09:SCAN HDFS [tpcds_partitioned_parquet_snap.customer_address, RANDOM]
|  |     HDFS partitions=1/1 files=1 size=307.36MB
|  |     predicates: tpcds_partitioned_parquet_snap.customer_address_0.ca_county IS NOT NULL, tpcds_partitioned_parquet_snap.customer_address_0.ca_address_sk IS NOT NULL
|  |     runtime filters: RF001[min_max] -> tpcds_partitioned_parquet_snap.customer_address_0.ca_county, RF003[min_max] -> tpcds_partitioned_parquet_snap.customer_address_0.ca_county
|  |     stored statistics:
|  |       table: rows=15.00M size=307.36MB
|  |       columns: all
|  |     extrapolated-rows=disabled max-scan-range-rows=1.58M
|  |     parquet dictionary predicates: tpcds_partitioned_parquet_snap.customer_address_0.ca_county IS NOT NULL, tpcds_partitioned_parquet_snap.customer_address_0.ca_address_sk IS NOT NULL
|  |     mem-estimate=16.00MB mem-reservation=128.00KB thread-reservation=0
|  |     tuple-ids=11 row-size=30B cardinality=14.55M cost=4722659
|  |     in pipelines: 09(GETNEXT)
|  |
|  08:HASH JOIN [INNER JOIN, BROADCAST]
|  |  hash-table-id=08
|  |  hash predicates: tpcds_partitioned_parquet_snap.store_sales_0.ss_sold_date_sk = tpcds_partitioned_parquet_snap.date_dim_0.d_date_sk
|  |  fk/pk conjuncts: tpcds_partitioned_parquet_snap.store_sales_0.ss_sold_date_sk = tpcds_partitioned_parquet_snap.date_dim_0.d_date_sk
|  |  mem-estimate=0B mem-reservation=0B spill-buffer=64.00KB thread-reservation=0
|  |  tuple-ids=7,9 row-size=24B cardinality=803.40M cost=351647428
|  |  in pipelines: 06(GETNEXT), 07(OPEN)
|  |
|  |--F36:PLAN FRAGMENT [RANDOM] hosts=10 instances=10
|  |  |  Per-Instance Resources: mem-estimate=22.33MB mem-reservation=22.31MB thread-reservation=1 runtime-filters-memory=1.00MB
|  |  |  max-parallelism=10 segment-costs=[426]
|  |  JOIN BUILD
|  |  |  join-table-id=08 plan-id=09 cohort-id=04
|  |  |  build expressions: tpcds_partitioned_parquet_snap.date_dim_0.d_date_sk
|  |  |  runtime filters: RF024[bloom] <- tpcds_partitioned_parquet_snap.date_dim_0.d_date_sk
|  |  |  mem-estimate=21.31MB mem-reservation=21.31MB spill-buffer=64.00KB thread-reservation=0 cost=186
|  |  |
|  |  57:EXCHANGE [BROADCAST]
|  |  |  mem-estimate=16.00KB mem-reservation=0B thread-reservation=0
|  |  |  tuple-ids=9 row-size=12B cardinality=186 cost=240
|  |  |  in pipelines: 07(GETNEXT)
|  |  |
|  |  F16:PLAN FRAGMENT [RANDOM] hosts=1 instances=1
|  |  Per-Instance Resources: mem-estimate=16.06MB mem-reservation=512.00KB thread-reservation=1
|  |  max-parallelism=1 segment-costs=[18790]
|  |  07:SCAN HDFS [tpcds_partitioned_parquet_snap.date_dim, RANDOM]
|  |     HDFS partitions=1/1 files=1 size=2.17MB
|  |     predicates: tpcds_partitioned_parquet_snap.date_dim_0.d_year = CAST(1998 AS INT), tpcds_partitioned_parquet_snap.date_dim_0.d_qoy = CAST(1 AS INT), tpcds_partitioned_parquet_snap.date_dim_0.d_date_sk IS NOT NULL
|  |     stored statistics:
|  |       table: rows=73.05K size=2.17MB
|  |       columns: all
|  |     extrapolated-rows=disabled max-scan-range-rows=73.05K
|  |     parquet statistics predicates: tpcds_partitioned_parquet_snap.date_dim_0.d_year = CAST(1998 AS INT), tpcds_partitioned_parquet_snap.date_dim_0.d_qoy = CAST(1 AS INT)
|  |     parquet dictionary predicates: tpcds_partitioned_parquet_snap.date_dim_0.d_year = CAST(1998 AS INT), tpcds_partitioned_parquet_snap.date_dim_0.d_qoy = CAST(1 AS INT), tpcds_partitioned_parquet_snap.date_dim_0.d_date_sk IS NOT NULL
|  |     mem-estimate=16.00MB mem-reservation=512.00KB thread-reservation=0
|  |     tuple-ids=9 row-size=12B cardinality=186 cost=18780
|  |     in pipelines: 07(GETNEXT)
|  |
|  06:SCAN HDFS [tpcds_partitioned_parquet_snap.store_sales, RANDOM]
|     partition predicates: tpcds_partitioned_parquet_snap.store_sales_0.ss_sold_date_sk IS NOT NULL
|     HDFS partitions=1823/1824 files=1823 size=389.69GB
|     predicates: tpcds_partitioned_parquet_snap.store_sales_0.ss_addr_sk IS NOT NULL
|     runtime filters: RF023[min_max] -> tpcds_partitioned_parquet_snap.store_sales_0.ss_addr_sk, RF024[bloom] -> tpcds_partitioned_parquet_snap.store_sales_0.ss_sold_date_sk, RF022[bloom] -> tpcds_partitioned_parquet_snap.store_sales_0.ss_addr_sk
|     stored statistics:
|       table: rows=8.64G size=389.90GB
|       partitions: 1823/1823 rows=8.25G
|       columns: all
|     extrapolated-rows=disabled max-scan-range-rows=12.24M est-scan-range=186(filtered from 1823)
|     parquet dictionary predicates: tpcds_partitioned_parquet_snap.store_sales_0.ss_addr_sk IS NOT NULL
|     mem-estimate=16.00MB mem-reservation=512.00KB thread-reservation=0
|     tuple-ids=7 row-size=12B cardinality=803.40M(filtered from 7.88G) cost=169007870
|     in pipelines: 06(GETNEXT)
|
31:HASH JOIN [INNER JOIN, PARTITIONED]
|  hash-table-id=09
|  hash predicates: tpcds_partitioned_parquet_snap.customer_address_3.ca_county = tpcds_partitioned_parquet_snap.customer_address_1.ca_county
|  fk/pk conjuncts: none
|  mem-estimate=0B mem-reservation=0B spill-buffer=64.00KB thread-reservation=0
|  tuple-ids=27,34,20 row-size=126B cardinality=1.50M cost=281134
|  in pipelines: 46(GETNEXT), 56(OPEN)
|
|--F37:PLAN FRAGMENT [HASH(tpcds_partitioned_parquet_snap.customer_address_2.ca_county)] hosts=10 instances=10 (adjusted from 120)
|  |  Per-Instance Resources: mem-estimate=12.22MB mem-reservation=3.88MB thread-reservation=1
|  |  max-parallelism=10 segment-costs=[135417, 183] cpu-comparison-result=110 [max(10 (self) vs 110 (sum children))]
|  JOIN BUILD
|  |  join-table-id=09 plan-id=10 cohort-id=01
|  |  build expressions: tpcds_partitioned_parquet_snap.customer_address_1.ca_county
|  |  runtime filters: RF007[min_max] <- tpcds_partitioned_parquet_snap.customer_address_1.ca_county
|  |  mem-estimate=1.94MB mem-reservation=1.94MB spill-buffer=64.00KB thread-reservation=0 cost=183
|  |
|  56:AGGREGATE [FINALIZE]
|  |  output: sum:merge(tpcds_partitioned_parquet_snap.web_sales.ws_ext_sales_price)
|  |  group by: tpcds_partitioned_parquet_snap.customer_address_1.ca_county
|  |  having: sum(tpcds_partitioned_parquet_snap.web_sales.ws_ext_sales_price) IS NOT NULL
|  |  mem-estimate=10.00MB mem-reservation=1.94MB spill-buffer=64.00KB thread-reservation=0
|  |  tuple-ids=20 row-size=42B cardinality=183 cost=68815
|  |  in pipelines: 56(GETNEXT), 12(OPEN)
|  |
|  55:EXCHANGE [HASH(tpcds_partitioned_parquet_snap.customer_address_1.ca_county)]
|  |  mem-estimate=2.22MB mem-reservation=0B thread-reservation=0
|  |  tuple-ids=20 row-size=42B cardinality=219.00K cost=66602
|  |  in pipelines: 12(GETNEXT)
|  |
|  F13:PLAN FRAGMENT [HASH(tpcds_partitioned_parquet_snap.web_sales.ws_bill_addr_sk)] hosts=10 instances=30 (adjusted from 120)
|  Per-Instance Resources: mem-estimate=24.30MB mem-reservation=2.00MB thread-reservation=1
|  max-parallelism=30 segment-costs=[211780968, 704635] cpu-comparison-result=110 [max(110 (self) vs 51 (sum children))]
|  17:AGGREGATE [STREAMING]
|  |  output: sum(tpcds_partitioned_parquet_snap.web_sales.ws_ext_sales_price)
|  |  group by: tpcds_partitioned_parquet_snap.customer_address_1.ca_county
|  |  mem-estimate=10.00MB mem-reservation=2.00MB spill-buffer=64.00KB thread-reservation=0
|  |  tuple-ids=20 row-size=42B cardinality=219.00K cost=61008816
|  |  in pipelines: 12(GETNEXT)
|  |
|  16:HASH JOIN [INNER JOIN, PARTITIONED]
|  |  hash-table-id=10
|  |  hash predicates: tpcds_partitioned_parquet_snap.web_sales.ws_bill_addr_sk = tpcds_partitioned_parquet_snap.customer_address_1.ca_address_sk
|  |  fk/pk conjuncts: tpcds_partitioned_parquet_snap.web_sales.ws_bill_addr_sk = tpcds_partitioned_parquet_snap.customer_address_1.ca_address_sk
|  |  mem-estimate=0B mem-reservation=0B spill-buffer=2.00MB thread-reservation=0
|  |  tuple-ids=14,16,18 row-size=54B cardinality=206.63M cost=93908177
|  |  in pipelines: 12(GETNEXT), 15(OPEN)
|  |
|  |--F38:PLAN FRAGMENT [HASH(tpcds_partitioned_parquet_snap.web_sales.ws_bill_addr_sk)] hosts=10 instances=30 (adjusted from 120)
|  |  |  Per-Instance Resources: mem-estimate=44.33MB mem-reservation=34.00MB thread-reservation=1
|  |  |  max-parallelism=30 segment-costs=[18172699]
|  |  JOIN BUILD
|  |  |  join-table-id=10 plan-id=11 cohort-id=05
|  |  |  build expressions: tpcds_partitioned_parquet_snap.customer_address_1.ca_address_sk
|  |  |  runtime filters: RF019[min_max] <- tpcds_partitioned_parquet_snap.customer_address_1.ca_address_sk
|  |  |  mem-estimate=34.00MB mem-reservation=34.00MB spill-buffer=2.00MB thread-reservation=0 cost=14550704
|  |  |
|  |  54:EXCHANGE [HASH(tpcds_partitioned_parquet_snap.customer_address_1.ca_address_sk)]
|  |  |  mem-estimate=10.33MB mem-reservation=0B thread-reservation=0
|  |  |  tuple-ids=18 row-size=30B cardinality=14.55M cost=3621995
|  |  |  in pipelines: 15(GETNEXT)
|  |  |
|  |  F12:PLAN FRAGMENT [RANDOM] hosts=10 instances=10
|  |  Per-Instance Resources: mem-estimate=19.98MB mem-reservation=128.00KB thread-reservation=1
|  |  max-parallelism=10 segment-costs=[40294957]
|  |  15:SCAN HDFS [tpcds_partitioned_parquet_snap.customer_address, RANDOM]
|  |     HDFS partitions=1/1 files=1 size=307.36MB
|  |     predicates: tpcds_partitioned_parquet_snap.customer_address_1.ca_county IS NOT NULL, tpcds_partitioned_parquet_snap.customer_address_1.ca_address_sk IS NOT NULL
|  |     runtime filters: RF001[min_max] -> tpcds_partitioned_parquet_snap.customer_address_1.ca_county, RF003[min_max] -> tpcds_partitioned_parquet_snap.customer_address_1.ca_county, RF005[min_max] -> tpcds_partitioned_parquet_snap.customer_address_1.ca_county
|  |     stored statistics:
|  |       table: rows=15.00M size=307.36MB
|  |       columns: all
|  |     extrapolated-rows=disabled max-scan-range-rows=1.58M
|  |     parquet dictionary predicates: tpcds_partitioned_parquet_snap.customer_address_1.ca_county IS NOT NULL, tpcds_partitioned_parquet_snap.customer_address_1.ca_address_sk IS NOT NULL
|  |     mem-estimate=16.00MB mem-reservation=128.00KB thread-reservation=0
|  |     tuple-ids=18 row-size=30B cardinality=14.55M cost=4722659
|  |     in pipelines: 15(GETNEXT)
|  |
|  53:EXCHANGE [HASH(tpcds_partitioned_parquet_snap.web_sales.ws_bill_addr_sk)]
|  |  mem-estimate=12.50MB mem-reservation=0B thread-reservation=0
|  |  tuple-ids=14,16 row-size=24B cardinality=220.15M cost=56863975
|  |  in pipelines: 12(GETNEXT)
|  |
|  F10:PLAN FRAGMENT [RANDOM] hosts=10 instances=80 (adjusted from 120)
|  Per-Host Shared Resources: mem-estimate=1.00MB mem-reservation=1.00MB thread-reservation=0 runtime-filters-memory=1.00MB
|  Per-Instance Resources: mem-estimate=19.75MB mem-reservation=128.00KB thread-reservation=1
|  max-parallelism=80 segment-costs=[707695663]
|  14:HASH JOIN [INNER JOIN, BROADCAST]
|  |  hash-table-id=11
|  |  hash predicates: tpcds_partitioned_parquet_snap.web_sales.ws_sold_date_sk = tpcds_partitioned_parquet_snap.date_dim_1.d_date_sk
|  |  fk/pk conjuncts: tpcds_partitioned_parquet_snap.web_sales.ws_sold_date_sk = tpcds_partitioned_parquet_snap.date_dim_1.d_date_sk
|  |  mem-estimate=0B mem-reservation=0B spill-buffer=64.00KB thread-reservation=0
|  |  tuple-ids=14,16 row-size=24B cardinality=220.15M cost=96358351
|  |  in pipelines: 12(GETNEXT), 13(OPEN)
|  |
|  |--F39:PLAN FRAGMENT [RANDOM] hosts=10 instances=10
|  |  |  Per-Instance Resources: mem-estimate=16.52MB mem-reservation=16.50MB thread-reservation=1 runtime-filters-memory=1.00MB
|  |  |  max-parallelism=10 segment-costs=[426]
|  |  JOIN BUILD
|  |  |  join-table-id=11 plan-id=12 cohort-id=05
|  |  |  build expressions: tpcds_partitioned_parquet_snap.date_dim_1.d_date_sk
|  |  |  runtime filters: RF020[bloom] <- tpcds_partitioned_parquet_snap.date_dim_1.d_date_sk
|  |  |  mem-estimate=15.50MB mem-reservation=15.50MB spill-buffer=64.00KB thread-reservation=0 cost=186
|  |  |
|  |  52:EXCHANGE [BROADCAST]
|  |  |  mem-estimate=16.00KB mem-reservation=0B thread-reservation=0
|  |  |  tuple-ids=16 row-size=12B cardinality=186 cost=240
|  |  |  in pipelines: 13(GETNEXT)
|  |  |
|  |  F11:PLAN FRAGMENT [RANDOM] hosts=1 instances=1
|  |  Per-Instance Resources: mem-estimate=16.06MB mem-reservation=512.00KB thread-reservation=1
|  |  max-parallelism=1 segment-costs=[18790]
|  |  13:SCAN HDFS [tpcds_partitioned_parquet_snap.date_dim, RANDOM]
|  |     HDFS partitions=1/1 files=1 size=2.17MB
|  |     predicates: tpcds_partitioned_parquet_snap.date_dim_1.d_year = CAST(1998 AS INT), tpcds_partitioned_parquet_snap.date_dim_1.d_qoy = CAST(2 AS INT), tpcds_partitioned_parquet_snap.date_dim_1.d_date_sk IS NOT NULL
|  |     stored statistics:
|  |       table: rows=73.05K size=2.17MB
|  |       columns: all
|  |     extrapolated-rows=disabled max-scan-range-rows=73.05K
|  |     parquet statistics predicates: tpcds_partitioned_parquet_snap.date_dim_1.d_year = CAST(1998 AS INT), tpcds_partitioned_parquet_snap.date_dim_1.d_qoy = CAST(2 AS INT)
|  |     parquet dictionary predicates: tpcds_partitioned_parquet_snap.date_dim_1.d_year = CAST(1998 AS INT), tpcds_partitioned_parquet_snap.date_dim_1.d_qoy = CAST(2 AS INT), tpcds_partitioned_parquet_snap.date_dim_1.d_date_sk IS NOT NULL
|  |     mem-estimate=16.00MB mem-reservation=512.00KB thread-reservation=0
|  |     tuple-ids=16 row-size=12B cardinality=186 cost=18780
|  |     in pipelines: 13(GETNEXT)
|  |
|  12:SCAN HDFS [tpcds_partitioned_parquet_snap.web_sales, RANDOM]
|     partition predicates: tpcds_partitioned_parquet_snap.web_sales.ws_sold_date_sk IS NOT NULL
|     HDFS partitions=1823/1824 files=1823 size=145.67GB
|     predicates: tpcds_partitioned_parquet_snap.web_sales.ws_bill_addr_sk IS NOT NULL
|     runtime filters: RF019[min_max] -> tpcds_partitioned_parquet_snap.web_sales.ws_bill_addr_sk, RF020[bloom] -> tpcds_partitioned_parquet_snap.web_sales.ws_sold_date_sk
|     stored statistics:
|       table: rows=2.16G size=145.75GB
|       partitions: 1823/1823 rows=2.16G
|       columns: all
|     extrapolated-rows=disabled max-scan-range-rows=3.37M est-scan-range=186(filtered from 1823)
|     parquet dictionary predicates: tpcds_partitioned_parquet_snap.web_sales.ws_bill_addr_sk IS NOT NULL
|     mem-estimate=16.00MB mem-reservation=128.00KB thread-reservation=0
|     tuple-ids=14 row-size=12B cardinality=220.15M(filtered from 2.16G) cost=44238586
|     in pipelines: 12(GETNEXT)
|
30:HASH JOIN [INNER JOIN, PARTITIONED]
|  hash-table-id=12
|  hash predicates: tpcds_partitioned_parquet_snap.customer_address_2.ca_county = tpcds_partitioned_parquet_snap.customer_address_3.ca_county
|  fk/pk conjuncts: none
|  mem-estimate=0B mem-reservation=0B spill-buffer=64.00KB thread-reservation=0
|  tuple-ids=27,34 row-size=84B cardinality=33.49K cost=6115
|  in pipelines: 46(GETNEXT), 51(OPEN)
|
|--F40:PLAN FRAGMENT [HASH(tpcds_partitioned_parquet_snap.customer_address_2.ca_county)] hosts=10 instances=10 (adjusted from 120)
|  |  Per-Instance Resources: mem-estimate=12.22MB mem-reservation=3.88MB thread-reservation=1
|  |  max-parallelism=10 segment-costs=[135417, 183] cpu-comparison-result=110 [max(10 (self) vs 110 (sum children))]
|  JOIN BUILD
|  |  join-table-id=12 plan-id=13 cohort-id=01
|  |  build expressions: tpcds_partitioned_parquet_snap.customer_address_3.ca_county
|  |  runtime filters: RF009[min_max] <- tpcds_partitioned_parquet_snap.customer_address_3.ca_county
|  |  mem-estimate=1.94MB mem-reservation=1.94MB spill-buffer=64.00KB thread-reservation=0 cost=183
|  |
|  51:AGGREGATE [FINALIZE]
|  |  output: sum:merge(tpcds_partitioned_parquet_snap.web_sales_1.ws_ext_sales_price)
|  |  group by: tpcds_partitioned_parquet_snap.customer_address_3.ca_county
|  |  having: sum(tpcds_partitioned_parquet_snap.web_sales_1.ws_ext_sales_price) IS NOT NULL
|  |  mem-estimate=10.00MB mem-reservation=1.94MB spill-buffer=64.00KB thread-reservation=0
|  |  tuple-ids=34 row-size=42B cardinality=183 cost=68815
|  |  in pipelines: 51(GETNEXT), 24(OPEN)
|  |
|  50:EXCHANGE [HASH(tpcds_partitioned_parquet_snap.customer_address_3.ca_county)]
|  |  mem-estimate=2.22MB mem-reservation=0B thread-reservation=0
|  |  tuple-ids=34 row-size=42B cardinality=219.00K cost=66602
|  |  in pipelines: 24(GETNEXT)
|  |
|  F08:PLAN FRAGMENT [HASH(tpcds_partitioned_parquet_snap.web_sales_1.ws_bill_addr_sk)] hosts=10 instances=30 (adjusted from 120)
|  Per-Instance Resources: mem-estimate=24.30MB mem-reservation=2.00MB thread-reservation=1
|  max-parallelism=30 segment-costs=[211780968, 704635] cpu-comparison-result=110 [max(110 (self) vs 51 (sum children))]
|  29:AGGREGATE [STREAMING]
|  |  output: sum(tpcds_partitioned_parquet_snap.web_sales_1.ws_ext_sales_price)
|  |  group by: tpcds_partitioned_parquet_snap.customer_address_3.ca_county
|  |  mem-estimate=10.00MB mem-reservation=2.00MB spill-buffer=64.00KB thread-reservation=0
|  |  tuple-ids=34 row-size=42B cardinality=219.00K cost=61008816
|  |  in pipelines: 24(GETNEXT)
|  |
|  28:HASH JOIN [INNER JOIN, PARTITIONED]
|  |  hash-table-id=13
|  |  hash predicates: tpcds_partitioned_parquet_snap.web_sales_1.ws_bill_addr_sk = tpcds_partitioned_parquet_snap.customer_address_3.ca_address_sk
|  |  fk/pk conjuncts: tpcds_partitioned_parquet_snap.web_sales_1.ws_bill_addr_sk = tpcds_partitioned_parquet_snap.customer_address_3.ca_address_sk
|  |  mem-estimate=0B mem-reservation=0B spill-buffer=2.00MB thread-reservation=0
|  |  tuple-ids=28,30,32 row-size=54B cardinality=206.63M cost=93908177
|  |  in pipelines: 24(GETNEXT), 27(OPEN)
|  |
|  |--F41:PLAN FRAGMENT [HASH(tpcds_partitioned_parquet_snap.web_sales_1.ws_bill_addr_sk)] hosts=10 instances=30 (adjusted from 120)
|  |  |  Per-Instance Resources: mem-estimate=44.33MB mem-reservation=34.00MB thread-reservation=1
|  |  |  max-parallelism=30 segment-costs=[18172699]
|  |  JOIN BUILD
|  |  |  join-table-id=13 plan-id=14 cohort-id=06
|  |  |  build expressions: tpcds_partitioned_parquet_snap.customer_address_3.ca_address_sk
|  |  |  runtime filters: RF015[min_max] <- tpcds_partitioned_parquet_snap.customer_address_3.ca_address_sk
|  |  |  mem-estimate=34.00MB mem-reservation=34.00MB spill-buffer=2.00MB thread-reservation=0 cost=14550704
|  |  |
|  |  49:EXCHANGE [HASH(tpcds_partitioned_parquet_snap.customer_address_3.ca_address_sk)]
|  |  |  mem-estimate=10.33MB mem-reservation=0B thread-reservation=0
|  |  |  tuple-ids=32 row-size=30B cardinality=14.55M cost=3621995
|  |  |  in pipelines: 27(GETNEXT)
|  |  |
|  |  F07:PLAN FRAGMENT [RANDOM] hosts=10 instances=10
|  |  Per-Instance Resources: mem-estimate=19.98MB mem-reservation=128.00KB thread-reservation=1
|  |  max-parallelism=10 segment-costs=[40294957]
|  |  27:SCAN HDFS [tpcds_partitioned_parquet_snap.customer_address, RANDOM]
|  |     HDFS partitions=1/1 files=1 size=307.36MB
|  |     predicates: tpcds_partitioned_parquet_snap.customer_address_3.ca_county IS NOT NULL, tpcds_partitioned_parquet_snap.customer_address_3.ca_address_sk IS NOT NULL
|  |     runtime filters: RF001[min_max] -> tpcds_partitioned_parquet_snap.customer_address_3.ca_county, RF003[min_max] -> tpcds_partitioned_parquet_snap.customer_address_3.ca_county, RF005[min_max] -> tpcds_partitioned_parquet_snap.customer_address_3.ca_county, RF007[min_max] -> tpcds_partitioned_parquet_snap.customer_address_3.ca_county
|  |     stored statistics:
|  |       table: rows=15.00M size=307.36MB
|  |       columns: all
|  |     extrapolated-rows=disabled max-scan-range-rows=1.58M
|  |     parquet dictionary predicates: tpcds_partitioned_parquet_snap.customer_address_3.ca_county IS NOT NULL, tpcds_partitioned_parquet_snap.customer_address_3.ca_address_sk IS NOT NULL
|  |     mem-estimate=16.00MB mem-reservation=128.00KB thread-reservation=0
|  |     tuple-ids=32 row-size=30B cardinality=14.55M cost=4722659
|  |     in pipelines: 27(GETNEXT)
|  |
|  48:EXCHANGE [HASH(tpcds_partitioned_parquet_snap.web_sales_1.ws_bill_addr_sk)]
|  |  mem-estimate=12.50MB mem-reservation=0B thread-reservation=0
|  |  tuple-ids=28,30 row-size=24B cardinality=220.15M cost=56863975
|  |  in pipelines: 24(GETNEXT)
|  |
|  F05:PLAN FRAGMENT [RANDOM] hosts=10 instances=80 (adjusted from 120)
|  Per-Host Shared Resources: mem-estimate=1.00MB mem-reservation=1.00MB thread-reservation=0 runtime-filters-memory=1.00MB
|  Per-Instance Resources: mem-estimate=19.75MB mem-reservation=128.00KB thread-reservation=1
|  max-parallelism=80 segment-costs=[707695663]
|  26:HASH JOIN [INNER JOIN, BROADCAST]
|  |  hash-table-id=14
|  |  hash predicates: tpcds_partitioned_parquet_snap.web_sales_1.ws_sold_date_sk = tpcds_partitioned_parquet_snap.date_dim_3.d_date_sk
|  |  fk/pk conjuncts: tpcds_partitioned_parquet_snap.web_sales_1.ws_sold_date_sk = tpcds_partitioned_parquet_snap.date_dim_3.d_date_sk
|  |  mem-estimate=0B mem-reservation=0B spill-buffer=64.00KB thread-reservation=0
|  |  tuple-ids=28,30 row-size=24B cardinality=220.15M cost=96358351
|  |  in pipelines: 24(GETNEXT), 25(OPEN)
|  |
|  |--F42:PLAN FRAGMENT [RANDOM] hosts=10 instances=10
|  |  |  Per-Instance Resources: mem-estimate=16.52MB mem-reservation=16.50MB thread-reservation=1 runtime-filters-memory=1.00MB
|  |  |  max-parallelism=10 segment-costs=[426]
|  |  JOIN BUILD
|  |  |  join-table-id=14 plan-id=15 cohort-id=06
|  |  |  build expressions: tpcds_partitioned_parquet_snap.date_dim_3.d_date_sk
|  |  |  runtime filters: RF016[bloom] <- tpcds_partitioned_parquet_snap.date_dim_3.d_date_sk
|  |  |  mem-estimate=15.50MB mem-reservation=15.50MB spill-buffer=64.00KB thread-reservation=0 cost=186
|  |  |
|  |  47:EXCHANGE [BROADCAST]
|  |  |  mem-estimate=16.00KB mem-reservation=0B thread-reservation=0
|  |  |  tuple-ids=30 row-size=12B cardinality=186 cost=240
|  |  |  in pipelines: 25(GETNEXT)
|  |  |
|  |  F06:PLAN FRAGMENT [RANDOM] hosts=1 instances=1
|  |  Per-Instance Resources: mem-estimate=16.06MB mem-reservation=512.00KB thread-reservation=1
|  |  max-parallelism=1 segment-costs=[18790]
|  |  25:SCAN HDFS [tpcds_partitioned_parquet_snap.date_dim, RANDOM]
|  |     HDFS partitions=1/1 files=1 size=2.17MB
|  |     predicates: tpcds_partitioned_parquet_snap.date_dim_3.d_year = CAST(1998 AS INT), tpcds_partitioned_parquet_snap.date_dim_3.d_qoy = CAST(1 AS INT), tpcds_partitioned_parquet_snap.date_dim_3.d_date_sk IS NOT NULL
|  |     stored statistics:
|  |       table: rows=73.05K size=2.17MB
|  |       columns: all
|  |     extrapolated-rows=disabled max-scan-range-rows=73.05K
|  |     parquet statistics predicates: tpcds_partitioned_parquet_snap.date_dim_3.d_year = CAST(1998 AS INT), tpcds_partitioned_parquet_snap.date_dim_3.d_qoy = CAST(1 AS INT)
|  |     parquet dictionary predicates: tpcds_partitioned_parquet_snap.date_dim_3.d_year = CAST(1998 AS INT), tpcds_partitioned_parquet_snap.date_dim_3.d_qoy = CAST(1 AS INT), tpcds_partitioned_parquet_snap.date_dim_3.d_date_sk IS NOT NULL
|  |     mem-estimate=16.00MB mem-reservation=512.00KB thread-reservation=0
|  |     tuple-ids=30 row-size=12B cardinality=186 cost=18780
|  |     in pipelines: 25(GETNEXT)
|  |
|  24:SCAN HDFS [tpcds_partitioned_parquet_snap.web_sales, RANDOM]
|     partition predicates: tpcds_partitioned_parquet_snap.web_sales_1.ws_sold_date_sk IS NOT NULL
|     HDFS partitions=1823/1824 files=1823 size=145.67GB
|     predicates: tpcds_partitioned_parquet_snap.web_sales_1.ws_bill_addr_sk IS NOT NULL
|     runtime filters: RF015[min_max] -> tpcds_partitioned_parquet_snap.web_sales_1.ws_bill_addr_sk, RF016[bloom] -> tpcds_partitioned_parquet_snap.web_sales_1.ws_sold_date_sk
|     stored statistics:
|       table: rows=2.16G size=145.75GB
|       partitions: 1823/1823 rows=2.16G
|       columns: all
|     extrapolated-rows=disabled max-scan-range-rows=3.37M est-scan-range=186(filtered from 1823)
|     parquet dictionary predicates: tpcds_partitioned_parquet_snap.web_sales_1.ws_bill_addr_sk IS NOT NULL
|     mem-estimate=16.00MB mem-reservation=128.00KB thread-reservation=0
|     tuple-ids=28 row-size=12B cardinality=220.15M(filtered from 2.16G) cost=44238586
|     in pipelines: 24(GETNEXT)
|
46:AGGREGATE [FINALIZE]
|  output: sum:merge(tpcds_partitioned_parquet_snap.web_sales_0.ws_ext_sales_price)
|  group by: tpcds_partitioned_parquet_snap.customer_address_2.ca_county
|  having: sum(tpcds_partitioned_parquet_snap.web_sales_0.ws_ext_sales_price) IS NOT NULL
|  mem-estimate=10.00MB mem-reservation=1.94MB spill-buffer=64.00KB thread-reservation=0
|  tuple-ids=27 row-size=42B cardinality=183 cost=68815
|  in pipelines: 46(GETNEXT), 18(OPEN)
|
45:EXCHANGE [HASH(tpcds_partitioned_parquet_snap.customer_address_2.ca_county)]
|  mem-estimate=2.22MB mem-reservation=0B thread-reservation=0
|  tuple-ids=27 row-size=42B cardinality=219.00K cost=66602
|  in pipelines: 18(GETNEXT)
|
F03:PLAN FRAGMENT [HASH(tpcds_partitioned_parquet_snap.web_sales_0.ws_bill_addr_sk)] hosts=10 instances=30 (adjusted from 120)
Per-Instance Resources: mem-estimate=24.30MB mem-reservation=2.00MB thread-reservation=1
max-parallelism=30 segment-costs=[211780968, 704635] cpu-comparison-result=110 [max(110 (self) vs 51 (sum children))]
23:AGGREGATE [STREAMING]
|  output: sum(tpcds_partitioned_parquet_snap.web_sales_0.ws_ext_sales_price)
|  group by: tpcds_partitioned_parquet_snap.customer_address_2.ca_county
|  mem-estimate=10.00MB mem-reservation=2.00MB spill-buffer=64.00KB thread-reservation=0
|  tuple-ids=27 row-size=42B cardinality=219.00K cost=61008816
|  in pipelines: 18(GETNEXT)
|
22:HASH JOIN [INNER JOIN, PARTITIONED]
|  hash-table-id=15
|  hash predicates: tpcds_partitioned_parquet_snap.web_sales_0.ws_bill_addr_sk = tpcds_partitioned_parquet_snap.customer_address_2.ca_address_sk
|  fk/pk conjuncts: tpcds_partitioned_parquet_snap.web_sales_0.ws_bill_addr_sk = tpcds_partitioned_parquet_snap.customer_address_2.ca_address_sk
|  mem-estimate=0B mem-reservation=0B spill-buffer=2.00MB thread-reservation=0
|  tuple-ids=21,23,25 row-size=54B cardinality=206.63M cost=93908177
|  in pipelines: 18(GETNEXT), 21(OPEN)
|
|--F43:PLAN FRAGMENT [HASH(tpcds_partitioned_parquet_snap.web_sales_0.ws_bill_addr_sk)] hosts=10 instances=30 (adjusted from 120)
|  |  Per-Instance Resources: mem-estimate=60.33MB mem-reservation=50.00MB thread-reservation=1 runtime-filters-memory=16.00MB
|  |  max-parallelism=30 segment-costs=[18172699]
|  JOIN BUILD
|  |  join-table-id=15 plan-id=16 cohort-id=01
|  |  build expressions: tpcds_partitioned_parquet_snap.customer_address_2.ca_address_sk
|  |  runtime filters: RF010[bloom] <- tpcds_partitioned_parquet_snap.customer_address_2.ca_address_sk, RF011[min_max] <- tpcds_partitioned_parquet_snap.customer_address_2.ca_address_sk
|  |  mem-estimate=34.00MB mem-reservation=34.00MB spill-buffer=2.00MB thread-reservation=0 cost=14550704
|  |
|  44:EXCHANGE [HASH(tpcds_partitioned_parquet_snap.customer_address_2.ca_address_sk)]
|  |  mem-estimate=10.33MB mem-reservation=0B thread-reservation=0
|  |  tuple-ids=25 row-size=30B cardinality=14.55M cost=3621995
|  |  in pipelines: 21(GETNEXT)
|  |
|  F02:PLAN FRAGMENT [RANDOM] hosts=10 instances=10
|  Per-Instance Resources: mem-estimate=19.98MB mem-reservation=128.00KB thread-reservation=1
|  max-parallelism=10 segment-costs=[40294957]
|  21:SCAN HDFS [tpcds_partitioned_parquet_snap.customer_address, RANDOM]
|     HDFS partitions=1/1 files=1 size=307.36MB
|     predicates: tpcds_partitioned_parquet_snap.customer_address_2.ca_county IS NOT NULL, tpcds_partitioned_parquet_snap.customer_address_2.ca_address_sk IS NOT NULL
|     runtime filters: RF001[min_max] -> tpcds_partitioned_parquet_snap.customer_address_2.ca_county, RF003[min_max] -> tpcds_partitioned_parquet_snap.customer_address_2.ca_county, RF005[min_max] -> tpcds_partitioned_parquet_snap.customer_address_2.ca_county, RF007[min_max] -> tpcds_partitioned_parquet_snap.customer_address_2.ca_county, RF009[min_max] -> tpcds_partitioned_parquet_snap.customer_address_2.ca_county
|     stored statistics:
|       table: rows=15.00M size=307.36MB
|       columns: all
|     extrapolated-rows=disabled max-scan-range-rows=1.58M
|     parquet dictionary predicates: tpcds_partitioned_parquet_snap.customer_address_2.ca_county IS NOT NULL, tpcds_partitioned_parquet_snap.customer_address_2.ca_address_sk IS NOT NULL
|     mem-estimate=16.00MB mem-reservation=128.00KB thread-reservation=0
|     tuple-ids=25 row-size=30B cardinality=14.55M cost=4722659
|     in pipelines: 21(GETNEXT)
|
43:EXCHANGE [HASH(tpcds_partitioned_parquet_snap.web_sales_0.ws_bill_addr_sk)]
|  mem-estimate=12.50MB mem-reservation=0B thread-reservation=0
|  tuple-ids=21,23 row-size=24B cardinality=220.15M cost=56863975
|  in pipelines: 18(GETNEXT)
|
F00:PLAN FRAGMENT [RANDOM] hosts=10 instances=80 (adjusted from 120)
Per-Host Shared Resources: mem-estimate=17.00MB mem-reservation=17.00MB thread-reservation=0 runtime-filters-memory=17.00MB
Per-Instance Resources: mem-estimate=19.75MB mem-reservation=128.00KB thread-reservation=1
max-parallelism=80 segment-costs=[707695663]
20:HASH JOIN [INNER JOIN, BROADCAST]
|  hash-table-id=16
|  hash predicates: tpcds_partitioned_parquet_snap.web_sales_0.ws_sold_date_sk = tpcds_partitioned_parquet_snap.date_dim_2.d_date_sk
|  fk/pk conjuncts: tpcds_partitioned_parquet_snap.web_sales_0.ws_sold_date_sk = tpcds_partitioned_parquet_snap.date_dim_2.d_date_sk
|  mem-estimate=0B mem-reservation=0B spill-buffer=64.00KB thread-reservation=0
|  tuple-ids=21,23 row-size=24B cardinality=220.15M cost=96358351
|  in pipelines: 18(GETNEXT), 19(OPEN)
|
|--F44:PLAN FRAGMENT [RANDOM] hosts=10 instances=10
|  |  Per-Instance Resources: mem-estimate=16.52MB mem-reservation=16.50MB thread-reservation=1 runtime-filters-memory=1.00MB
|  |  max-parallelism=10 segment-costs=[426]
|  JOIN BUILD
|  |  join-table-id=16 plan-id=17 cohort-id=01
|  |  build expressions: tpcds_partitioned_parquet_snap.date_dim_2.d_date_sk
|  |  runtime filters: RF012[bloom] <- tpcds_partitioned_parquet_snap.date_dim_2.d_date_sk
|  |  mem-estimate=15.50MB mem-reservation=15.50MB spill-buffer=64.00KB thread-reservation=0 cost=186
|  |
|  42:EXCHANGE [BROADCAST]
|  |  mem-estimate=16.00KB mem-reservation=0B thread-reservation=0
|  |  tuple-ids=23 row-size=12B cardinality=186 cost=240
|  |  in pipelines: 19(GETNEXT)
|  |
|  F01:PLAN FRAGMENT [RANDOM] hosts=1 instances=1
|  Per-Instance Resources: mem-estimate=16.06MB mem-reservation=512.00KB thread-reservation=1
|  max-parallelism=1 segment-costs=[18790]
|  19:SCAN HDFS [tpcds_partitioned_parquet_snap.date_dim, RANDOM]
|     HDFS partitions=1/1 files=1 size=2.17MB
|     predicates: tpcds_partitioned_parquet_snap.date_dim_2.d_year = CAST(1998 AS INT), tpcds_partitioned_parquet_snap.date_dim_2.d_qoy = CAST(3 AS INT), tpcds_partitioned_parquet_snap.date_dim_2.d_date_sk IS NOT NULL
|     stored statistics:
|       table: rows=73.05K size=2.17MB
|       columns: all
|     extrapolated-rows=disabled max-scan-range-rows=73.05K
|     parquet statistics predicates: tpcds_partitioned_parquet_snap.date_dim_2.d_year = CAST(1998 AS INT), tpcds_partitioned_parquet_snap.date_dim_2.d_qoy = CAST(3 AS INT)
|     parquet dictionary predicates: tpcds_partitioned_parquet_snap.date_dim_2.d_year = CAST(1998 AS INT), tpcds_partitioned_parquet_snap.date_dim_2.d_qoy = CAST(3 AS INT), tpcds_partitioned_parquet_snap.date_dim_2.d_date_sk IS NOT NULL
|     mem-estimate=16.00MB mem-reservation=512.00KB thread-reservation=0
|     tuple-ids=23 row-size=12B cardinality=186 cost=18780
|     in pipelines: 19(GETNEXT)
|
18:SCAN HDFS [tpcds_partitioned_parquet_snap.web_sales, RANDOM]
   partition predicates: tpcds_partitioned_parquet_snap.web_sales_0.ws_sold_date_sk IS NOT NULL
   HDFS partitions=1823/1824 files=1823 size=145.67GB
   predicates: tpcds_partitioned_parquet_snap.web_sales_0.ws_bill_addr_sk IS NOT NULL
   runtime filters: RF011[min_max] -> tpcds_partitioned_parquet_snap.web_sales_0.ws_bill_addr_sk, RF012[bloom] -> tpcds_partitioned_parquet_snap.web_sales_0.ws_sold_date_sk, RF010[bloom] -> tpcds_partitioned_parquet_snap.web_sales_0.ws_bill_addr_sk
   stored statistics:
     table: rows=2.16G size=145.75GB
     partitions: 1823/1823 rows=2.16G
     columns: all
   extrapolated-rows=disabled max-scan-range-rows=3.37M est-scan-range=186(filtered from 1823)
   parquet dictionary predicates: tpcds_partitioned_parquet_snap.web_sales_0.ws_bill_addr_sk IS NOT NULL
   mem-estimate=16.00MB mem-reservation=128.00KB thread-reservation=0
   tuple-ids=21 row-size=12B cardinality=220.15M(filtered from 2.16G) cost=44238586
   in pipelines: 18(GETNEXT)
---- PARALLELPLANS
Max Per-Host Resource Reservation: Memory=1.81GB Threads=103
Per-Host Resource Estimates: Memory=5.02GB
F27:PLAN FRAGMENT [UNPARTITIONED] hosts=1 instances=1
|  Per-Instance Resources: mem-estimate=118.72MB mem-reservation=4.00MB thread-reservation=1
|  max-parallelism=1 segment-costs=[9771936] cpu-comparison-result=660 [max(1 (self) vs 660 (sum children))]
PLAN-ROOT SINK
|  output exprs: tpcds_partitioned_parquet_snap.customer_address_0.ca_county, CAST(1998 AS INT), divide(sum(tpcds_partitioned_parquet_snap.web_sales.ws_ext_sales_price), sum(tpcds_partitioned_parquet_snap.web_sales_1.ws_ext_sales_price)), divide(sum(tpcds_partitioned_parquet_snap.store_sales_1.ss_ext_sales_price), sum(tpcds_partitioned_parquet_snap.store_sales_0.ss_ext_sales_price)), divide(sum(tpcds_partitioned_parquet_snap.web_sales_0.ws_ext_sales_price), sum(tpcds_partitioned_parquet_snap.web_sales.ws_ext_sales_price)), divide(sum(tpcds_partitioned_parquet_snap.store_sales.ss_ext_sales_price), sum(tpcds_partitioned_parquet_snap.store_sales_1.ss_ext_sales_price))
|  mem-estimate=100.00MB mem-reservation=4.00MB spill-buffer=2.00MB thread-reservation=0 cost=9024660
|
69:MERGING-EXCHANGE [UNPARTITIONED]
|  order by: tpcds_partitioned_parquet_snap.customer_address_0.ca_county ASC NULLS LAST
|  mem-estimate=18.72MB mem-reservation=0B thread-reservation=0
|  tuple-ids=42 row-size=122B cardinality=1.50M cost=747276
|  in pipelines: 41(GETNEXT)
|
F04:PLAN FRAGMENT [HASH(tpcds_partitioned_parquet_snap.customer_address_2.ca_county)] hosts=10 instances=10 (adjusted from 120)
Per-Instance Resources: mem-estimate=27.49MB mem-reservation=13.94MB thread-reservation=1
max-parallelism=10 segment-costs=[135417, 10854401, 5278957] cpu-comparison-result=660 [max(10 (self) vs 660 (sum children))]
41:SORT
|  order by: tpcds_partitioned_parquet_snap.customer_address_0.ca_county ASC NULLS LAST
|  mem-estimate=17.49MB mem-reservation=12.00MB spill-buffer=2.00MB thread-reservation=0
|  tuple-ids=42 row-size=122B cardinality=1.50M cost=8592108
|  in pipelines: 41(GETNEXT), 46(OPEN)
|
40:HASH JOIN [INNER JOIN, PARTITIONED]
|  hash-table-id=00
|  hash predicates: tpcds_partitioned_parquet_snap.customer_address_4.ca_county = tpcds_partitioned_parquet_snap.customer_address.ca_county
|  fk/pk conjuncts: none
|  other join predicates: CASE WHEN sum(tpcds_partitioned_parquet_snap.web_sales.ws_ext_sales_price) > CAST(0 AS DECIMAL(3,0)) THEN divide(sum(tpcds_partitioned_parquet_snap.web_sales_0.ws_ext_sales_price), sum(tpcds_partitioned_parquet_snap.web_sales.ws_ext_sales_price)) ELSE NULL END > CASE WHEN sum(tpcds_partitioned_parquet_snap.store_sales_1.ss_ext_sales_price) > CAST(0 AS DECIMAL(3,0)) THEN divide(sum(tpcds_partitioned_parquet_snap.store_sales.ss_ext_sales_price), sum(tpcds_partitioned_parquet_snap.store_sales_1.ss_ext_sales_price)) ELSE NULL END
|  mem-estimate=0B mem-reservation=0B spill-buffer=64.00KB thread-reservation=0
|  tuple-ids=27,34,20,13,41,6 row-size=252B cardinality=1.50M cost=658348
|  in pipelines: 46(GETNEXT), 68(OPEN)
|
|--F28:PLAN FRAGMENT [HASH(tpcds_partitioned_parquet_snap.customer_address_2.ca_county)] hosts=10 instances=10 (adjusted from 120)
|  |  Per-Instance Resources: mem-estimate=15.81MB mem-reservation=3.88MB thread-reservation=1
|  |  max-parallelism=10 segment-costs=[135417, 183] cpu-comparison-result=110 [max(10 (self) vs 110 (sum children))]
|  JOIN BUILD
|  |  join-table-id=00 plan-id=01 cohort-id=01
|  |  build expressions: tpcds_partitioned_parquet_snap.customer_address.ca_county
|  |  runtime filters: RF001[min_max] <- tpcds_partitioned_parquet_snap.customer_address.ca_county
|  |  mem-estimate=1.94MB mem-reservation=1.94MB spill-buffer=64.00KB thread-reservation=0 cost=183
|  |
|  68:AGGREGATE [FINALIZE]
|  |  output: sum:merge(tpcds_partitioned_parquet_snap.store_sales.ss_ext_sales_price)
|  |  group by: tpcds_partitioned_parquet_snap.customer_address.ca_county
|  |  having: sum(tpcds_partitioned_parquet_snap.store_sales.ss_ext_sales_price) IS NOT NULL
|  |  mem-estimate=10.00MB mem-reservation=1.94MB spill-buffer=64.00KB thread-reservation=0
|  |  tuple-ids=6 row-size=42B cardinality=183 cost=68815
|  |  in pipelines: 68(GETNEXT), 00(OPEN)
|  |
|  67:EXCHANGE [HASH(tpcds_partitioned_parquet_snap.customer_address.ca_county)]
|  |  mem-estimate=5.81MB mem-reservation=0B thread-reservation=0
|  |  tuple-ids=6 row-size=42B cardinality=219.00K cost=66602
|  |  in pipelines: 00(GETNEXT)
|  |
|  F23:PLAN FRAGMENT [RANDOM] hosts=10 instances=110 (adjusted from 120)
|  Per-Host Shared Resources: mem-estimate=17.00MB mem-reservation=17.00MB thread-reservation=0 runtime-filters-memory=17.00MB
|  Per-Instance Resources: mem-estimate=27.80MB mem-reservation=2.50MB thread-reservation=1
|  max-parallelism=110 segment-costs=[1084492244, 704635] cpu-comparison-result=110 [max(110 (self) vs 31 (sum children))]
|  05:AGGREGATE [STREAMING]
|  |  output: sum(tpcds_partitioned_parquet_snap.store_sales.ss_ext_sales_price)
|  |  group by: tpcds_partitioned_parquet_snap.customer_address.ca_county
|  |  mem-estimate=10.00MB mem-reservation=2.00MB spill-buffer=64.00KB thread-reservation=0
|  |  tuple-ids=6 row-size=42B cardinality=219.00K cost=221131111
|  |  in pipelines: 00(GETNEXT)
|  |
|  04:HASH JOIN [INNER JOIN, BROADCAST]
|  |  hash-table-id=01
|  |  hash predicates: tpcds_partitioned_parquet_snap.store_sales.ss_addr_sk = tpcds_partitioned_parquet_snap.customer_address.ca_address_sk
|  |  fk/pk conjuncts: tpcds_partitioned_parquet_snap.store_sales.ss_addr_sk = tpcds_partitioned_parquet_snap.customer_address.ca_address_sk
|  |  mem-estimate=0B mem-reservation=0B spill-buffer=2.00MB thread-reservation=0
|  |  tuple-ids=0,2,4 row-size=54B cardinality=754.05M cost=342705835
|  |  in pipelines: 00(GETNEXT), 03(OPEN)
|  |
|  |--F29:PLAN FRAGMENT [RANDOM] hosts=10 instances=10
|  |  |  Per-Instance Resources: mem-estimate=826.09MB mem-reservation=390.00MB thread-reservation=1 runtime-filters-memory=16.00MB
|  |  |  max-parallelism=10 segment-costs=[33888584]
|  |  JOIN BUILD
|  |  |  join-table-id=01 plan-id=02 cohort-id=02
|  |  |  build expressions: tpcds_partitioned_parquet_snap.customer_address.ca_address_sk
|  |  |  runtime filters: RF030[bloom] <- tpcds_partitioned_parquet_snap.customer_address.ca_address_sk, RF031[min_max] <- tpcds_partitioned_parquet_snap.customer_address.ca_address_sk
|  |  |  mem-estimate=799.76MB mem-reservation=374.00MB spill-buffer=2.00MB thread-reservation=0 cost=14550704
|  |  |
|  |  66:EXCHANGE [BROADCAST]
|  |  |  mem-estimate=10.33MB mem-reservation=0B thread-reservation=0
|  |  |  tuple-ids=4 row-size=30B cardinality=14.55M cost=19337880
|  |  |  in pipelines: 03(GETNEXT)
|  |  |
|  |  F25:PLAN FRAGMENT [RANDOM] hosts=10 instances=10
|  |  Per-Instance Resources: mem-estimate=16.13MB mem-reservation=128.00KB thread-reservation=1
|  |  max-parallelism=10 segment-costs=[6214044]
|  |  03:SCAN HDFS [tpcds_partitioned_parquet_snap.customer_address, RANDOM]
|  |     HDFS partitions=1/1 files=1 size=307.36MB
|  |     predicates: tpcds_partitioned_parquet_snap.customer_address.ca_county IS NOT NULL, tpcds_partitioned_parquet_snap.customer_address.ca_address_sk IS NOT NULL
|  |     stored statistics:
|  |       table: rows=15.00M size=307.36MB
|  |       columns: all
|  |     extrapolated-rows=disabled max-scan-range-rows=1.58M
|  |     parquet dictionary predicates: tpcds_partitioned_parquet_snap.customer_address.ca_county IS NOT NULL, tpcds_partitioned_parquet_snap.customer_address.ca_address_sk IS NOT NULL
|  |     mem-estimate=16.00MB mem-reservation=128.00KB thread-reservation=0
|  |     tuple-ids=4 row-size=30B cardinality=14.55M cost=4722659
|  |     in pipelines: 03(GETNEXT)
|  |
|  02:HASH JOIN [INNER JOIN, BROADCAST]
|  |  hash-table-id=02
|  |  hash predicates: tpcds_partitioned_parquet_snap.store_sales.ss_sold_date_sk = tpcds_partitioned_parquet_snap.date_dim.d_date_sk
|  |  fk/pk conjuncts: tpcds_partitioned_parquet_snap.store_sales.ss_sold_date_sk = tpcds_partitioned_parquet_snap.date_dim.d_date_sk
|  |  mem-estimate=0B mem-reservation=0B spill-buffer=64.00KB thread-reservation=0
|  |  tuple-ids=0,2 row-size=24B cardinality=803.40M cost=351647428
|  |  in pipelines: 00(GETNEXT), 01(OPEN)
|  |
|  |--F30:PLAN FRAGMENT [RANDOM] hosts=10 instances=10
|  |  |  Per-Instance Resources: mem-estimate=22.33MB mem-reservation=22.31MB thread-reservation=1 runtime-filters-memory=1.00MB
|  |  |  max-parallelism=10 segment-costs=[426]
|  |  JOIN BUILD
|  |  |  join-table-id=02 plan-id=03 cohort-id=02
|  |  |  build expressions: tpcds_partitioned_parquet_snap.date_dim.d_date_sk
|  |  |  runtime filters: RF032[bloom] <- tpcds_partitioned_parquet_snap.date_dim.d_date_sk
|  |  |  mem-estimate=21.31MB mem-reservation=21.31MB spill-buffer=64.00KB thread-reservation=0 cost=186
|  |  |
|  |  65:EXCHANGE [BROADCAST]
|  |  |  mem-estimate=16.00KB mem-reservation=0B thread-reservation=0
|  |  |  tuple-ids=2 row-size=12B cardinality=186 cost=240
|  |  |  in pipelines: 01(GETNEXT)
|  |  |
|  |  F24:PLAN FRAGMENT [RANDOM] hosts=1 instances=1
|  |  Per-Instance Resources: mem-estimate=16.06MB mem-reservation=512.00KB thread-reservation=1
|  |  max-parallelism=1 segment-costs=[18790]
|  |  01:SCAN HDFS [tpcds_partitioned_parquet_snap.date_dim, RANDOM]
|  |     HDFS partitions=1/1 files=1 size=2.17MB
|  |     predicates: tpcds_partitioned_parquet_snap.date_dim.d_year = CAST(1998 AS INT), tpcds_partitioned_parquet_snap.date_dim.d_qoy = CAST(3 AS INT), tpcds_partitioned_parquet_snap.date_dim.d_date_sk IS NOT NULL
|  |     stored statistics:
|  |       table: rows=73.05K size=2.17MB
|  |       columns: all
|  |     extrapolated-rows=disabled max-scan-range-rows=73.05K
|  |     parquet statistics predicates: tpcds_partitioned_parquet_snap.date_dim.d_year = CAST(1998 AS INT), tpcds_partitioned_parquet_snap.date_dim.d_qoy = CAST(3 AS INT)
|  |     parquet dictionary predicates: tpcds_partitioned_parquet_snap.date_dim.d_year = CAST(1998 AS INT), tpcds_partitioned_parquet_snap.date_dim.d_qoy = CAST(3 AS INT), tpcds_partitioned_parquet_snap.date_dim.d_date_sk IS NOT NULL
|  |     mem-estimate=16.00MB mem-reservation=512.00KB thread-reservation=0
|  |     tuple-ids=2 row-size=12B cardinality=186 cost=18780
|  |     in pipelines: 01(GETNEXT)
|  |
|  00:SCAN HDFS [tpcds_partitioned_parquet_snap.store_sales, RANDOM]
|     partition predicates: tpcds_partitioned_parquet_snap.store_sales.ss_sold_date_sk IS NOT NULL
|     HDFS partitions=1823/1824 files=1823 size=389.69GB
|     predicates: tpcds_partitioned_parquet_snap.store_sales.ss_addr_sk IS NOT NULL
|     runtime filters: RF031[min_max] -> tpcds_partitioned_parquet_snap.store_sales.ss_addr_sk, RF032[bloom] -> tpcds_partitioned_parquet_snap.store_sales.ss_sold_date_sk, RF030[bloom] -> tpcds_partitioned_parquet_snap.store_sales.ss_addr_sk
|     stored statistics:
|       table: rows=8.64G size=389.90GB
|       partitions: 1823/1823 rows=8.25G
|       columns: all
|     extrapolated-rows=disabled max-scan-range-rows=12.24M est-scan-range=186(filtered from 1823)
|     parquet dictionary predicates: tpcds_partitioned_parquet_snap.store_sales.ss_addr_sk IS NOT NULL
|     mem-estimate=16.00MB mem-reservation=512.00KB thread-reservation=0
|     tuple-ids=0 row-size=12B cardinality=803.40M(filtered from 7.88G) cost=169007870
|     in pipelines: 00(GETNEXT)
|
39:HASH JOIN [INNER JOIN, PARTITIONED]
|  hash-table-id=03
|  hash predicates: tpcds_partitioned_parquet_snap.customer_address_0.ca_county = tpcds_partitioned_parquet_snap.customer_address_4.ca_county
|  fk/pk conjuncts: none
|  other join predicates: CASE WHEN sum(tpcds_partitioned_parquet_snap.web_sales_1.ws_ext_sales_price) > CAST(0 AS DECIMAL(3,0)) THEN divide(sum(tpcds_partitioned_parquet_snap.web_sales.ws_ext_sales_price), sum(tpcds_partitioned_parquet_snap.web_sales_1.ws_ext_sales_price)) ELSE NULL END > CASE WHEN sum(tpcds_partitioned_parquet_snap.store_sales_0.ss_ext_sales_price) > CAST(0 AS DECIMAL(3,0)) THEN divide(sum(tpcds_partitioned_parquet_snap.store_sales_1.ss_ext_sales_price), sum(tpcds_partitioned_parquet_snap.store_sales_0.ss_ext_sales_price)) ELSE NULL END
|  mem-estimate=0B mem-reservation=0B spill-buffer=64.00KB thread-reservation=0
|  tuple-ids=27,34,20,13,41 row-size=210B cardinality=1.50M cost=658348
|  in pipelines: 46(GETNEXT), 64(OPEN)
|
|--F31:PLAN FRAGMENT [HASH(tpcds_partitioned_parquet_snap.customer_address_2.ca_county)] hosts=10 instances=10 (adjusted from 120)
|  |  Per-Instance Resources: mem-estimate=15.81MB mem-reservation=3.88MB thread-reservation=1
|  |  max-parallelism=10 segment-costs=[135417, 183] cpu-comparison-result=110 [max(10 (self) vs 110 (sum children))]
|  JOIN BUILD
|  |  join-table-id=03 plan-id=04 cohort-id=01
|  |  build expressions: tpcds_partitioned_parquet_snap.customer_address_4.ca_county
|  |  runtime filters: RF003[min_max] <- tpcds_partitioned_parquet_snap.customer_address_4.ca_county
|  |  mem-estimate=1.94MB mem-reservation=1.94MB spill-buffer=64.00KB thread-reservation=0 cost=183
|  |
|  64:AGGREGATE [FINALIZE]
|  |  output: sum:merge(tpcds_partitioned_parquet_snap.store_sales_1.ss_ext_sales_price)
|  |  group by: tpcds_partitioned_parquet_snap.customer_address_4.ca_county
|  |  having: sum(tpcds_partitioned_parquet_snap.store_sales_1.ss_ext_sales_price) IS NOT NULL
|  |  mem-estimate=10.00MB mem-reservation=1.94MB spill-buffer=64.00KB thread-reservation=0
|  |  tuple-ids=41 row-size=42B cardinality=183 cost=68815
|  |  in pipelines: 64(GETNEXT), 33(OPEN)
|  |
|  63:EXCHANGE [HASH(tpcds_partitioned_parquet_snap.customer_address_4.ca_county)]
|  |  mem-estimate=5.81MB mem-reservation=0B thread-reservation=0
|  |  tuple-ids=41 row-size=42B cardinality=219.00K cost=66602
|  |  in pipelines: 33(GETNEXT)
|  |
|  F19:PLAN FRAGMENT [RANDOM] hosts=10 instances=110 (adjusted from 120)
|  Per-Host Shared Resources: mem-estimate=17.00MB mem-reservation=17.00MB thread-reservation=0 runtime-filters-memory=17.00MB
|  Per-Instance Resources: mem-estimate=27.80MB mem-reservation=2.50MB thread-reservation=1
|  max-parallelism=110 segment-costs=[1084492244, 704635] cpu-comparison-result=110 [max(110 (self) vs 31 (sum children))]
|  38:AGGREGATE [STREAMING]
|  |  output: sum(tpcds_partitioned_parquet_snap.store_sales_1.ss_ext_sales_price)
|  |  group by: tpcds_partitioned_parquet_snap.customer_address_4.ca_county
|  |  mem-estimate=10.00MB mem-reservation=2.00MB spill-buffer=64.00KB thread-reservation=0
|  |  tuple-ids=41 row-size=42B cardinality=219.00K cost=221131111
|  |  in pipelines: 33(GETNEXT)
|  |
|  37:HASH JOIN [INNER JOIN, BROADCAST]
|  |  hash-table-id=04
|  |  hash predicates: tpcds_partitioned_parquet_snap.store_sales_1.ss_addr_sk = tpcds_partitioned_parquet_snap.customer_address_4.ca_address_sk
|  |  fk/pk conjuncts: tpcds_partitioned_parquet_snap.store_sales_1.ss_addr_sk = tpcds_partitioned_parquet_snap.customer_address_4.ca_address_sk
|  |  mem-estimate=0B mem-reservation=0B spill-buffer=2.00MB thread-reservation=0
|  |  tuple-ids=35,37,39 row-size=54B cardinality=754.05M cost=342705835
|  |  in pipelines: 33(GETNEXT), 36(OPEN)
|  |
|  |--F32:PLAN FRAGMENT [RANDOM] hosts=10 instances=10
|  |  |  Per-Instance Resources: mem-estimate=826.09MB mem-reservation=390.00MB thread-reservation=1 runtime-filters-memory=16.00MB
|  |  |  max-parallelism=10 segment-costs=[33888584]
|  |  JOIN BUILD
|  |  |  join-table-id=04 plan-id=05 cohort-id=03
|  |  |  build expressions: tpcds_partitioned_parquet_snap.customer_address_4.ca_address_sk
|  |  |  runtime filters: RF026[bloom] <- tpcds_partitioned_parquet_snap.customer_address_4.ca_address_sk, RF027[min_max] <- tpcds_partitioned_parquet_snap.customer_address_4.ca_address_sk
|  |  |  mem-estimate=799.76MB mem-reservation=374.00MB spill-buffer=2.00MB thread-reservation=0 cost=14550704
|  |  |
|  |  62:EXCHANGE [BROADCAST]
|  |  |  mem-estimate=10.33MB mem-reservation=0B thread-reservation=0
|  |  |  tuple-ids=39 row-size=30B cardinality=14.55M cost=19337880
|  |  |  in pipelines: 36(GETNEXT)
|  |  |
|  |  F21:PLAN FRAGMENT [RANDOM] hosts=10 instances=10
|  |  Per-Instance Resources: mem-estimate=16.13MB mem-reservation=128.00KB thread-reservation=1
|  |  max-parallelism=10 segment-costs=[6214044]
|  |  36:SCAN HDFS [tpcds_partitioned_parquet_snap.customer_address, RANDOM]
|  |     HDFS partitions=1/1 files=1 size=307.36MB
|  |     predicates: tpcds_partitioned_parquet_snap.customer_address_4.ca_county IS NOT NULL, tpcds_partitioned_parquet_snap.customer_address_4.ca_address_sk IS NOT NULL
|  |     runtime filters: RF001[min_max] -> tpcds_partitioned_parquet_snap.customer_address_4.ca_county
|  |     stored statistics:
|  |       table: rows=15.00M size=307.36MB
|  |       columns: all
|  |     extrapolated-rows=disabled max-scan-range-rows=1.58M
|  |     parquet dictionary predicates: tpcds_partitioned_parquet_snap.customer_address_4.ca_county IS NOT NULL, tpcds_partitioned_parquet_snap.customer_address_4.ca_address_sk IS NOT NULL
|  |     mem-estimate=16.00MB mem-reservation=128.00KB thread-reservation=0
|  |     tuple-ids=39 row-size=30B cardinality=14.55M cost=4722659
|  |     in pipelines: 36(GETNEXT)
|  |
|  35:HASH JOIN [INNER JOIN, BROADCAST]
|  |  hash-table-id=05
|  |  hash predicates: tpcds_partitioned_parquet_snap.store_sales_1.ss_sold_date_sk = tpcds_partitioned_parquet_snap.date_dim_4.d_date_sk
|  |  fk/pk conjuncts: tpcds_partitioned_parquet_snap.store_sales_1.ss_sold_date_sk = tpcds_partitioned_parquet_snap.date_dim_4.d_date_sk
|  |  mem-estimate=0B mem-reservation=0B spill-buffer=64.00KB thread-reservation=0
|  |  tuple-ids=35,37 row-size=24B cardinality=803.40M cost=351647428
|  |  in pipelines: 33(GETNEXT), 34(OPEN)
|  |
|  |--F33:PLAN FRAGMENT [RANDOM] hosts=10 instances=10
|  |  |  Per-Instance Resources: mem-estimate=22.33MB mem-reservation=22.31MB thread-reservation=1 runtime-filters-memory=1.00MB
|  |  |  max-parallelism=10 segment-costs=[426]
|  |  JOIN BUILD
|  |  |  join-table-id=05 plan-id=06 cohort-id=03
|  |  |  build expressions: tpcds_partitioned_parquet_snap.date_dim_4.d_date_sk
|  |  |  runtime filters: RF028[bloom] <- tpcds_partitioned_parquet_snap.date_dim_4.d_date_sk
|  |  |  mem-estimate=21.31MB mem-reservation=21.31MB spill-buffer=64.00KB thread-reservation=0 cost=186
|  |  |
|  |  61:EXCHANGE [BROADCAST]
|  |  |  mem-estimate=16.00KB mem-reservation=0B thread-reservation=0
|  |  |  tuple-ids=37 row-size=12B cardinality=186 cost=240
|  |  |  in pipelines: 34(GETNEXT)
|  |  |
|  |  F20:PLAN FRAGMENT [RANDOM] hosts=1 instances=1
|  |  Per-Instance Resources: mem-estimate=16.06MB mem-reservation=512.00KB thread-reservation=1
|  |  max-parallelism=1 segment-costs=[18790]
|  |  34:SCAN HDFS [tpcds_partitioned_parquet_snap.date_dim, RANDOM]
|  |     HDFS partitions=1/1 files=1 size=2.17MB
|  |     predicates: tpcds_partitioned_parquet_snap.date_dim_4.d_year = CAST(1998 AS INT), tpcds_partitioned_parquet_snap.date_dim_4.d_qoy = CAST(2 AS INT), tpcds_partitioned_parquet_snap.date_dim_4.d_date_sk IS NOT NULL
|  |     stored statistics:
|  |       table: rows=73.05K size=2.17MB
|  |       columns: all
|  |     extrapolated-rows=disabled max-scan-range-rows=73.05K
|  |     parquet statistics predicates: tpcds_partitioned_parquet_snap.date_dim_4.d_year = CAST(1998 AS INT), tpcds_partitioned_parquet_snap.date_dim_4.d_qoy = CAST(2 AS INT)
|  |     parquet dictionary predicates: tpcds_partitioned_parquet_snap.date_dim_4.d_year = CAST(1998 AS INT), tpcds_partitioned_parquet_snap.date_dim_4.d_qoy = CAST(2 AS INT), tpcds_partitioned_parquet_snap.date_dim_4.d_date_sk IS NOT NULL
|  |     mem-estimate=16.00MB mem-reservation=512.00KB thread-reservation=0
|  |     tuple-ids=37 row-size=12B cardinality=186 cost=18780
|  |     in pipelines: 34(GETNEXT)
|  |
|  33:SCAN HDFS [tpcds_partitioned_parquet_snap.store_sales, RANDOM]
|     partition predicates: tpcds_partitioned_parquet_snap.store_sales_1.ss_sold_date_sk IS NOT NULL
|     HDFS partitions=1823/1824 files=1823 size=389.69GB
|     predicates: tpcds_partitioned_parquet_snap.store_sales_1.ss_addr_sk IS NOT NULL
|     runtime filters: RF027[min_max] -> tpcds_partitioned_parquet_snap.store_sales_1.ss_addr_sk, RF028[bloom] -> tpcds_partitioned_parquet_snap.store_sales_1.ss_sold_date_sk, RF026[bloom] -> tpcds_partitioned_parquet_snap.store_sales_1.ss_addr_sk
|     stored statistics:
|       table: rows=8.64G size=389.90GB
|       partitions: 1823/1823 rows=8.25G
|       columns: all
|     extrapolated-rows=disabled max-scan-range-rows=12.24M est-scan-range=186(filtered from 1823)
|     parquet dictionary predicates: tpcds_partitioned_parquet_snap.store_sales_1.ss_addr_sk IS NOT NULL
|     mem-estimate=16.00MB mem-reservation=512.00KB thread-reservation=0
|     tuple-ids=35 row-size=12B cardinality=803.40M(filtered from 7.88G) cost=169007870
|     in pipelines: 33(GETNEXT)
|
32:HASH JOIN [INNER JOIN, PARTITIONED]
|  hash-table-id=06
|  hash predicates: tpcds_partitioned_parquet_snap.customer_address_3.ca_county = tpcds_partitioned_parquet_snap.customer_address_0.ca_county
|  fk/pk conjuncts: none
|  mem-estimate=0B mem-reservation=0B spill-buffer=64.00KB thread-reservation=0
|  tuple-ids=27,34,20,13 row-size=168B cardinality=1.50M cost=658348
|  in pipelines: 46(GETNEXT), 60(OPEN)
|
|--F34:PLAN FRAGMENT [HASH(tpcds_partitioned_parquet_snap.customer_address_2.ca_county)] hosts=10 instances=10 (adjusted from 120)
|  |  Per-Instance Resources: mem-estimate=15.81MB mem-reservation=3.88MB thread-reservation=1
|  |  max-parallelism=10 segment-costs=[135417, 183] cpu-comparison-result=110 [max(10 (self) vs 110 (sum children))]
|  JOIN BUILD
|  |  join-table-id=06 plan-id=07 cohort-id=01
|  |  build expressions: tpcds_partitioned_parquet_snap.customer_address_0.ca_county
|  |  runtime filters: RF005[min_max] <- tpcds_partitioned_parquet_snap.customer_address_0.ca_county
|  |  mem-estimate=1.94MB mem-reservation=1.94MB spill-buffer=64.00KB thread-reservation=0 cost=183
|  |
|  60:AGGREGATE [FINALIZE]
|  |  output: sum:merge(tpcds_partitioned_parquet_snap.store_sales_0.ss_ext_sales_price)
|  |  group by: tpcds_partitioned_parquet_snap.customer_address_0.ca_county
|  |  having: sum(tpcds_partitioned_parquet_snap.store_sales_0.ss_ext_sales_price) IS NOT NULL
|  |  mem-estimate=10.00MB mem-reservation=1.94MB spill-buffer=64.00KB thread-reservation=0
|  |  tuple-ids=13 row-size=42B cardinality=183 cost=68815
|  |  in pipelines: 60(GETNEXT), 06(OPEN)
|  |
|  59:EXCHANGE [HASH(tpcds_partitioned_parquet_snap.customer_address_0.ca_county)]
|  |  mem-estimate=5.81MB mem-reservation=0B thread-reservation=0
|  |  tuple-ids=13 row-size=42B cardinality=219.00K cost=66602
|  |  in pipelines: 06(GETNEXT)
|  |
|  F15:PLAN FRAGMENT [RANDOM] hosts=10 instances=110 (adjusted from 120)
|  Per-Host Shared Resources: mem-estimate=17.00MB mem-reservation=17.00MB thread-reservation=0 runtime-filters-memory=17.00MB
|  Per-Instance Resources: mem-estimate=27.80MB mem-reservation=2.50MB thread-reservation=1
|  max-parallelism=110 segment-costs=[1084492244, 704635] cpu-comparison-result=110 [max(110 (self) vs 31 (sum children))]
|  11:AGGREGATE [STREAMING]
|  |  output: sum(tpcds_partitioned_parquet_snap.store_sales_0.ss_ext_sales_price)
|  |  group by: tpcds_partitioned_parquet_snap.customer_address_0.ca_county
|  |  mem-estimate=10.00MB mem-reservation=2.00MB spill-buffer=64.00KB thread-reservation=0
|  |  tuple-ids=13 row-size=42B cardinality=219.00K cost=221131111
|  |  in pipelines: 06(GETNEXT)
|  |
|  10:HASH JOIN [INNER JOIN, BROADCAST]
|  |  hash-table-id=07
|  |  hash predicates: tpcds_partitioned_parquet_snap.store_sales_0.ss_addr_sk = tpcds_partitioned_parquet_snap.customer_address_0.ca_address_sk
|  |  fk/pk conjuncts: tpcds_partitioned_parquet_snap.store_sales_0.ss_addr_sk = tpcds_partitioned_parquet_snap.customer_address_0.ca_address_sk
|  |  mem-estimate=0B mem-reservation=0B spill-buffer=2.00MB thread-reservation=0
|  |  tuple-ids=7,9,11 row-size=54B cardinality=754.05M cost=342705835
|  |  in pipelines: 06(GETNEXT), 09(OPEN)
|  |
|  |--F35:PLAN FRAGMENT [RANDOM] hosts=10 instances=10
|  |  |  Per-Instance Resources: mem-estimate=826.09MB mem-reservation=390.00MB thread-reservation=1 runtime-filters-memory=16.00MB
|  |  |  max-parallelism=10 segment-costs=[33888584]
|  |  JOIN BUILD
|  |  |  join-table-id=07 plan-id=08 cohort-id=04
|  |  |  build expressions: tpcds_partitioned_parquet_snap.customer_address_0.ca_address_sk
|  |  |  runtime filters: RF022[bloom] <- tpcds_partitioned_parquet_snap.customer_address_0.ca_address_sk, RF023[min_max] <- tpcds_partitioned_parquet_snap.customer_address_0.ca_address_sk
|  |  |  mem-estimate=799.76MB mem-reservation=374.00MB spill-buffer=2.00MB thread-reservation=0 cost=14550704
|  |  |
|  |  58:EXCHANGE [BROADCAST]
|  |  |  mem-estimate=10.33MB mem-reservation=0B thread-reservation=0
|  |  |  tuple-ids=11 row-size=30B cardinality=14.55M cost=19337880
|  |  |  in pipelines: 09(GETNEXT)
|  |  |
|  |  F17:PLAN FRAGMENT [RANDOM] hosts=10 instances=10
|  |  Per-Instance Resources: mem-estimate=16.13MB mem-reservation=128.00KB thread-reservation=1
|  |  max-parallelism=10 segment-costs=[6214044]
|  |  09:SCAN HDFS [tpcds_partitioned_parquet_snap.customer_address, RANDOM]
|  |     HDFS partitions=1/1 files=1 size=307.36MB
|  |     predicates: tpcds_partitioned_parquet_snap.customer_address_0.ca_county IS NOT NULL, tpcds_partitioned_parquet_snap.customer_address_0.ca_address_sk IS NOT NULL
|  |     runtime filters: RF001[min_max] -> tpcds_partitioned_parquet_snap.customer_address_0.ca_county, RF003[min_max] -> tpcds_partitioned_parquet_snap.customer_address_0.ca_county
|  |     stored statistics:
|  |       table: rows=15.00M size=307.36MB
|  |       columns: all
|  |     extrapolated-rows=disabled max-scan-range-rows=1.58M
|  |     parquet dictionary predicates: tpcds_partitioned_parquet_snap.customer_address_0.ca_county IS NOT NULL, tpcds_partitioned_parquet_snap.customer_address_0.ca_address_sk IS NOT NULL
|  |     mem-estimate=16.00MB mem-reservation=128.00KB thread-reservation=0
|  |     tuple-ids=11 row-size=30B cardinality=14.55M cost=4722659
|  |     in pipelines: 09(GETNEXT)
|  |
|  08:HASH JOIN [INNER JOIN, BROADCAST]
|  |  hash-table-id=08
|  |  hash predicates: tpcds_partitioned_parquet_snap.store_sales_0.ss_sold_date_sk = tpcds_partitioned_parquet_snap.date_dim_0.d_date_sk
|  |  fk/pk conjuncts: tpcds_partitioned_parquet_snap.store_sales_0.ss_sold_date_sk = tpcds_partitioned_parquet_snap.date_dim_0.d_date_sk
|  |  mem-estimate=0B mem-reservation=0B spill-buffer=64.00KB thread-reservation=0
|  |  tuple-ids=7,9 row-size=24B cardinality=803.40M cost=351647428
|  |  in pipelines: 06(GETNEXT), 07(OPEN)
|  |
|  |--F36:PLAN FRAGMENT [RANDOM] hosts=10 instances=10
|  |  |  Per-Instance Resources: mem-estimate=22.33MB mem-reservation=22.31MB thread-reservation=1 runtime-filters-memory=1.00MB
|  |  |  max-parallelism=10 segment-costs=[426]
|  |  JOIN BUILD
|  |  |  join-table-id=08 plan-id=09 cohort-id=04
|  |  |  build expressions: tpcds_partitioned_parquet_snap.date_dim_0.d_date_sk
|  |  |  runtime filters: RF024[bloom] <- tpcds_partitioned_parquet_snap.date_dim_0.d_date_sk
|  |  |  mem-estimate=21.31MB mem-reservation=21.31MB spill-buffer=64.00KB thread-reservation=0 cost=186
|  |  |
|  |  57:EXCHANGE [BROADCAST]
|  |  |  mem-estimate=16.00KB mem-reservation=0B thread-reservation=0
|  |  |  tuple-ids=9 row-size=12B cardinality=186 cost=240
|  |  |  in pipelines: 07(GETNEXT)
|  |  |
|  |  F16:PLAN FRAGMENT [RANDOM] hosts=1 instances=1
|  |  Per-Instance Resources: mem-estimate=16.06MB mem-reservation=512.00KB thread-reservation=1
|  |  max-parallelism=1 segment-costs=[18790]
|  |  07:SCAN HDFS [tpcds_partitioned_parquet_snap.date_dim, RANDOM]
|  |     HDFS partitions=1/1 files=1 size=2.17MB
|  |     predicates: tpcds_partitioned_parquet_snap.date_dim_0.d_year = CAST(1998 AS INT), tpcds_partitioned_parquet_snap.date_dim_0.d_qoy = CAST(1 AS INT), tpcds_partitioned_parquet_snap.date_dim_0.d_date_sk IS NOT NULL
|  |     stored statistics:
|  |       table: rows=73.05K size=2.17MB
|  |       columns: all
|  |     extrapolated-rows=disabled max-scan-range-rows=73.05K
|  |     parquet statistics predicates: tpcds_partitioned_parquet_snap.date_dim_0.d_year = CAST(1998 AS INT), tpcds_partitioned_parquet_snap.date_dim_0.d_qoy = CAST(1 AS INT)
|  |     parquet dictionary predicates: tpcds_partitioned_parquet_snap.date_dim_0.d_year = CAST(1998 AS INT), tpcds_partitioned_parquet_snap.date_dim_0.d_qoy = CAST(1 AS INT), tpcds_partitioned_parquet_snap.date_dim_0.d_date_sk IS NOT NULL
|  |     mem-estimate=16.00MB mem-reservation=512.00KB thread-reservation=0
|  |     tuple-ids=9 row-size=12B cardinality=186 cost=18780
|  |     in pipelines: 07(GETNEXT)
|  |
|  06:SCAN HDFS [tpcds_partitioned_parquet_snap.store_sales, RANDOM]
|     partition predicates: tpcds_partitioned_parquet_snap.store_sales_0.ss_sold_date_sk IS NOT NULL
|     HDFS partitions=1823/1824 files=1823 size=389.69GB
|     predicates: tpcds_partitioned_parquet_snap.store_sales_0.ss_addr_sk IS NOT NULL
|     runtime filters: RF023[min_max] -> tpcds_partitioned_parquet_snap.store_sales_0.ss_addr_sk, RF024[bloom] -> tpcds_partitioned_parquet_snap.store_sales_0.ss_sold_date_sk, RF022[bloom] -> tpcds_partitioned_parquet_snap.store_sales_0.ss_addr_sk
|     stored statistics:
|       table: rows=8.64G size=389.90GB
|       partitions: 1823/1823 rows=8.25G
|       columns: all
|     extrapolated-rows=disabled max-scan-range-rows=12.24M est-scan-range=186(filtered from 1823)
|     parquet dictionary predicates: tpcds_partitioned_parquet_snap.store_sales_0.ss_addr_sk IS NOT NULL
|     mem-estimate=16.00MB mem-reservation=512.00KB thread-reservation=0
|     tuple-ids=7 row-size=12B cardinality=803.40M(filtered from 7.88G) cost=169007870
|     in pipelines: 06(GETNEXT)
|
31:HASH JOIN [INNER JOIN, PARTITIONED]
|  hash-table-id=09
|  hash predicates: tpcds_partitioned_parquet_snap.customer_address_3.ca_county = tpcds_partitioned_parquet_snap.customer_address_1.ca_county
|  fk/pk conjuncts: none
|  mem-estimate=0B mem-reservation=0B spill-buffer=64.00KB thread-reservation=0
|  tuple-ids=27,34,20 row-size=126B cardinality=1.50M cost=281134
|  in pipelines: 46(GETNEXT), 56(OPEN)
|
|--F37:PLAN FRAGMENT [HASH(tpcds_partitioned_parquet_snap.customer_address_2.ca_county)] hosts=10 instances=10 (adjusted from 120)
|  |  Per-Instance Resources: mem-estimate=12.22MB mem-reservation=3.88MB thread-reservation=1
|  |  max-parallelism=10 segment-costs=[135417, 183] cpu-comparison-result=110 [max(10 (self) vs 110 (sum children))]
|  JOIN BUILD
|  |  join-table-id=09 plan-id=10 cohort-id=01
|  |  build expressions: tpcds_partitioned_parquet_snap.customer_address_1.ca_county
|  |  runtime filters: RF007[min_max] <- tpcds_partitioned_parquet_snap.customer_address_1.ca_county
|  |  mem-estimate=1.94MB mem-reservation=1.94MB spill-buffer=64.00KB thread-reservation=0 cost=183
|  |
|  56:AGGREGATE [FINALIZE]
|  |  output: sum:merge(tpcds_partitioned_parquet_snap.web_sales.ws_ext_sales_price)
|  |  group by: tpcds_partitioned_parquet_snap.customer_address_1.ca_county
|  |  having: sum(tpcds_partitioned_parquet_snap.web_sales.ws_ext_sales_price) IS NOT NULL
|  |  mem-estimate=10.00MB mem-reservation=1.94MB spill-buffer=64.00KB thread-reservation=0
|  |  tuple-ids=20 row-size=42B cardinality=183 cost=68815
|  |  in pipelines: 56(GETNEXT), 12(OPEN)
|  |
|  55:EXCHANGE [HASH(tpcds_partitioned_parquet_snap.customer_address_1.ca_county)]
|  |  mem-estimate=2.22MB mem-reservation=0B thread-reservation=0
|  |  tuple-ids=20 row-size=42B cardinality=219.00K cost=66602
|  |  in pipelines: 12(GETNEXT)
|  |
|  F13:PLAN FRAGMENT [HASH(tpcds_partitioned_parquet_snap.web_sales.ws_bill_addr_sk)] hosts=10 instances=30 (adjusted from 120)
|  Per-Instance Resources: mem-estimate=24.30MB mem-reservation=2.00MB thread-reservation=1
|  max-parallelism=30 segment-costs=[211780968, 704635] cpu-comparison-result=110 [max(110 (self) vs 51 (sum children))]
|  17:AGGREGATE [STREAMING]
|  |  output: sum(tpcds_partitioned_parquet_snap.web_sales.ws_ext_sales_price)
|  |  group by: tpcds_partitioned_parquet_snap.customer_address_1.ca_county
|  |  mem-estimate=10.00MB mem-reservation=2.00MB spill-buffer=64.00KB thread-reservation=0
|  |  tuple-ids=20 row-size=42B cardinality=219.00K cost=61008816
|  |  in pipelines: 12(GETNEXT)
|  |
|  16:HASH JOIN [INNER JOIN, PARTITIONED]
|  |  hash-table-id=10
|  |  hash predicates: tpcds_partitioned_parquet_snap.web_sales.ws_bill_addr_sk = tpcds_partitioned_parquet_snap.customer_address_1.ca_address_sk
|  |  fk/pk conjuncts: tpcds_partitioned_parquet_snap.web_sales.ws_bill_addr_sk = tpcds_partitioned_parquet_snap.customer_address_1.ca_address_sk
|  |  mem-estimate=0B mem-reservation=0B spill-buffer=2.00MB thread-reservation=0
|  |  tuple-ids=14,16,18 row-size=54B cardinality=206.63M cost=93908177
|  |  in pipelines: 12(GETNEXT), 15(OPEN)
|  |
|  |--F38:PLAN FRAGMENT [HASH(tpcds_partitioned_parquet_snap.web_sales.ws_bill_addr_sk)] hosts=10 instances=30 (adjusted from 120)
|  |  |  Per-Instance Resources: mem-estimate=44.33MB mem-reservation=34.00MB thread-reservation=1
|  |  |  max-parallelism=30 segment-costs=[18172699]
|  |  JOIN BUILD
|  |  |  join-table-id=10 plan-id=11 cohort-id=05
|  |  |  build expressions: tpcds_partitioned_parquet_snap.customer_address_1.ca_address_sk
|  |  |  runtime filters: RF019[min_max] <- tpcds_partitioned_parquet_snap.customer_address_1.ca_address_sk
|  |  |  mem-estimate=34.00MB mem-reservation=34.00MB spill-buffer=2.00MB thread-reservation=0 cost=14550704
|  |  |
|  |  54:EXCHANGE [HASH(tpcds_partitioned_parquet_snap.customer_address_1.ca_address_sk)]
|  |  |  mem-estimate=10.33MB mem-reservation=0B thread-reservation=0
|  |  |  tuple-ids=18 row-size=30B cardinality=14.55M cost=3621995
|  |  |  in pipelines: 15(GETNEXT)
|  |  |
|  |  F12:PLAN FRAGMENT [RANDOM] hosts=10 instances=10
|  |  Per-Instance Resources: mem-estimate=19.98MB mem-reservation=128.00KB thread-reservation=1
|  |  max-parallelism=10 segment-costs=[40294957]
|  |  15:SCAN HDFS [tpcds_partitioned_parquet_snap.customer_address, RANDOM]
|  |     HDFS partitions=1/1 files=1 size=307.36MB
|  |     predicates: tpcds_partitioned_parquet_snap.customer_address_1.ca_county IS NOT NULL, tpcds_partitioned_parquet_snap.customer_address_1.ca_address_sk IS NOT NULL
|  |     runtime filters: RF001[min_max] -> tpcds_partitioned_parquet_snap.customer_address_1.ca_county, RF003[min_max] -> tpcds_partitioned_parquet_snap.customer_address_1.ca_county, RF005[min_max] -> tpcds_partitioned_parquet_snap.customer_address_1.ca_county
|  |     stored statistics:
|  |       table: rows=15.00M size=307.36MB
|  |       columns: all
|  |     extrapolated-rows=disabled max-scan-range-rows=1.58M
|  |     parquet dictionary predicates: tpcds_partitioned_parquet_snap.customer_address_1.ca_county IS NOT NULL, tpcds_partitioned_parquet_snap.customer_address_1.ca_address_sk IS NOT NULL
|  |     mem-estimate=16.00MB mem-reservation=128.00KB thread-reservation=0
|  |     tuple-ids=18 row-size=30B cardinality=14.55M cost=4722659
|  |     in pipelines: 15(GETNEXT)
|  |
|  53:EXCHANGE [HASH(tpcds_partitioned_parquet_snap.web_sales.ws_bill_addr_sk)]
|  |  mem-estimate=12.50MB mem-reservation=0B thread-reservation=0
|  |  tuple-ids=14,16 row-size=24B cardinality=220.15M cost=56863975
|  |  in pipelines: 12(GETNEXT)
|  |
|  F10:PLAN FRAGMENT [RANDOM] hosts=10 instances=80 (adjusted from 120)
|  Per-Host Shared Resources: mem-estimate=1.00MB mem-reservation=1.00MB thread-reservation=0 runtime-filters-memory=1.00MB
|  Per-Instance Resources: mem-estimate=19.75MB mem-reservation=128.00KB thread-reservation=1
|  max-parallelism=80 segment-costs=[707695663]
|  14:HASH JOIN [INNER JOIN, BROADCAST]
|  |  hash-table-id=11
|  |  hash predicates: tpcds_partitioned_parquet_snap.web_sales.ws_sold_date_sk = tpcds_partitioned_parquet_snap.date_dim_1.d_date_sk
|  |  fk/pk conjuncts: tpcds_partitioned_parquet_snap.web_sales.ws_sold_date_sk = tpcds_partitioned_parquet_snap.date_dim_1.d_date_sk
|  |  mem-estimate=0B mem-reservation=0B spill-buffer=64.00KB thread-reservation=0
|  |  tuple-ids=14,16 row-size=24B cardinality=220.15M cost=96358351
|  |  in pipelines: 12(GETNEXT), 13(OPEN)
|  |
|  |--F39:PLAN FRAGMENT [RANDOM] hosts=10 instances=10
|  |  |  Per-Instance Resources: mem-estimate=16.52MB mem-reservation=16.50MB thread-reservation=1 runtime-filters-memory=1.00MB
|  |  |  max-parallelism=10 segment-costs=[426]
|  |  JOIN BUILD
|  |  |  join-table-id=11 plan-id=12 cohort-id=05
|  |  |  build expressions: tpcds_partitioned_parquet_snap.date_dim_1.d_date_sk
|  |  |  runtime filters: RF020[bloom] <- tpcds_partitioned_parquet_snap.date_dim_1.d_date_sk
|  |  |  mem-estimate=15.50MB mem-reservation=15.50MB spill-buffer=64.00KB thread-reservation=0 cost=186
|  |  |
|  |  52:EXCHANGE [BROADCAST]
|  |  |  mem-estimate=16.00KB mem-reservation=0B thread-reservation=0
|  |  |  tuple-ids=16 row-size=12B cardinality=186 cost=240
|  |  |  in pipelines: 13(GETNEXT)
|  |  |
|  |  F11:PLAN FRAGMENT [RANDOM] hosts=1 instances=1
|  |  Per-Instance Resources: mem-estimate=16.06MB mem-reservation=512.00KB thread-reservation=1
|  |  max-parallelism=1 segment-costs=[18790]
|  |  13:SCAN HDFS [tpcds_partitioned_parquet_snap.date_dim, RANDOM]
|  |     HDFS partitions=1/1 files=1 size=2.17MB
|  |     predicates: tpcds_partitioned_parquet_snap.date_dim_1.d_year = CAST(1998 AS INT), tpcds_partitioned_parquet_snap.date_dim_1.d_qoy = CAST(2 AS INT), tpcds_partitioned_parquet_snap.date_dim_1.d_date_sk IS NOT NULL
|  |     stored statistics:
|  |       table: rows=73.05K size=2.17MB
|  |       columns: all
|  |     extrapolated-rows=disabled max-scan-range-rows=73.05K
|  |     parquet statistics predicates: tpcds_partitioned_parquet_snap.date_dim_1.d_year = CAST(1998 AS INT), tpcds_partitioned_parquet_snap.date_dim_1.d_qoy = CAST(2 AS INT)
|  |     parquet dictionary predicates: tpcds_partitioned_parquet_snap.date_dim_1.d_year = CAST(1998 AS INT), tpcds_partitioned_parquet_snap.date_dim_1.d_qoy = CAST(2 AS INT), tpcds_partitioned_parquet_snap.date_dim_1.d_date_sk IS NOT NULL
|  |     mem-estimate=16.00MB mem-reservation=512.00KB thread-reservation=0
|  |     tuple-ids=16 row-size=12B cardinality=186 cost=18780
|  |     in pipelines: 13(GETNEXT)
|  |
|  12:SCAN HDFS [tpcds_partitioned_parquet_snap.web_sales, RANDOM]
|     partition predicates: tpcds_partitioned_parquet_snap.web_sales.ws_sold_date_sk IS NOT NULL
|     HDFS partitions=1823/1824 files=1823 size=145.67GB
|     predicates: tpcds_partitioned_parquet_snap.web_sales.ws_bill_addr_sk IS NOT NULL
|     runtime filters: RF019[min_max] -> tpcds_partitioned_parquet_snap.web_sales.ws_bill_addr_sk, RF020[bloom] -> tpcds_partitioned_parquet_snap.web_sales.ws_sold_date_sk
|     stored statistics:
|       table: rows=2.16G size=145.75GB
|       partitions: 1823/1823 rows=2.16G
|       columns: all
|     extrapolated-rows=disabled max-scan-range-rows=3.37M est-scan-range=186(filtered from 1823)
|     parquet dictionary predicates: tpcds_partitioned_parquet_snap.web_sales.ws_bill_addr_sk IS NOT NULL
|     mem-estimate=16.00MB mem-reservation=128.00KB thread-reservation=0
|     tuple-ids=14 row-size=12B cardinality=220.15M(filtered from 2.16G) cost=44238586
|     in pipelines: 12(GETNEXT)
|
30:HASH JOIN [INNER JOIN, PARTITIONED]
|  hash-table-id=12
|  hash predicates: tpcds_partitioned_parquet_snap.customer_address_2.ca_county = tpcds_partitioned_parquet_snap.customer_address_3.ca_county
|  fk/pk conjuncts: none
|  mem-estimate=0B mem-reservation=0B spill-buffer=64.00KB thread-reservation=0
|  tuple-ids=27,34 row-size=84B cardinality=33.49K cost=6115
|  in pipelines: 46(GETNEXT), 51(OPEN)
|
|--F40:PLAN FRAGMENT [HASH(tpcds_partitioned_parquet_snap.customer_address_2.ca_county)] hosts=10 instances=10 (adjusted from 120)
|  |  Per-Instance Resources: mem-estimate=12.22MB mem-reservation=3.88MB thread-reservation=1
|  |  max-parallelism=10 segment-costs=[135417, 183] cpu-comparison-result=110 [max(10 (self) vs 110 (sum children))]
|  JOIN BUILD
|  |  join-table-id=12 plan-id=13 cohort-id=01
|  |  build expressions: tpcds_partitioned_parquet_snap.customer_address_3.ca_county
|  |  runtime filters: RF009[min_max] <- tpcds_partitioned_parquet_snap.customer_address_3.ca_county
|  |  mem-estimate=1.94MB mem-reservation=1.94MB spill-buffer=64.00KB thread-reservation=0 cost=183
|  |
|  51:AGGREGATE [FINALIZE]
|  |  output: sum:merge(tpcds_partitioned_parquet_snap.web_sales_1.ws_ext_sales_price)
|  |  group by: tpcds_partitioned_parquet_snap.customer_address_3.ca_county
|  |  having: sum(tpcds_partitioned_parquet_snap.web_sales_1.ws_ext_sales_price) IS NOT NULL
|  |  mem-estimate=10.00MB mem-reservation=1.94MB spill-buffer=64.00KB thread-reservation=0
|  |  tuple-ids=34 row-size=42B cardinality=183 cost=68815
|  |  in pipelines: 51(GETNEXT), 24(OPEN)
|  |
|  50:EXCHANGE [HASH(tpcds_partitioned_parquet_snap.customer_address_3.ca_county)]
|  |  mem-estimate=2.22MB mem-reservation=0B thread-reservation=0
|  |  tuple-ids=34 row-size=42B cardinality=219.00K cost=66602
|  |  in pipelines: 24(GETNEXT)
|  |
|  F08:PLAN FRAGMENT [HASH(tpcds_partitioned_parquet_snap.web_sales_1.ws_bill_addr_sk)] hosts=10 instances=30 (adjusted from 120)
|  Per-Instance Resources: mem-estimate=24.30MB mem-reservation=2.00MB thread-reservation=1
|  max-parallelism=30 segment-costs=[211780968, 704635] cpu-comparison-result=110 [max(110 (self) vs 51 (sum children))]
|  29:AGGREGATE [STREAMING]
|  |  output: sum(tpcds_partitioned_parquet_snap.web_sales_1.ws_ext_sales_price)
|  |  group by: tpcds_partitioned_parquet_snap.customer_address_3.ca_county
|  |  mem-estimate=10.00MB mem-reservation=2.00MB spill-buffer=64.00KB thread-reservation=0
|  |  tuple-ids=34 row-size=42B cardinality=219.00K cost=61008816
|  |  in pipelines: 24(GETNEXT)
|  |
|  28:HASH JOIN [INNER JOIN, PARTITIONED]
|  |  hash-table-id=13
|  |  hash predicates: tpcds_partitioned_parquet_snap.web_sales_1.ws_bill_addr_sk = tpcds_partitioned_parquet_snap.customer_address_3.ca_address_sk
|  |  fk/pk conjuncts: tpcds_partitioned_parquet_snap.web_sales_1.ws_bill_addr_sk = tpcds_partitioned_parquet_snap.customer_address_3.ca_address_sk
|  |  mem-estimate=0B mem-reservation=0B spill-buffer=2.00MB thread-reservation=0
|  |  tuple-ids=28,30,32 row-size=54B cardinality=206.63M cost=93908177
|  |  in pipelines: 24(GETNEXT), 27(OPEN)
|  |
|  |--F41:PLAN FRAGMENT [HASH(tpcds_partitioned_parquet_snap.web_sales_1.ws_bill_addr_sk)] hosts=10 instances=30 (adjusted from 120)
|  |  |  Per-Instance Resources: mem-estimate=44.33MB mem-reservation=34.00MB thread-reservation=1
|  |  |  max-parallelism=30 segment-costs=[18172699]
|  |  JOIN BUILD
|  |  |  join-table-id=13 plan-id=14 cohort-id=06
|  |  |  build expressions: tpcds_partitioned_parquet_snap.customer_address_3.ca_address_sk
|  |  |  runtime filters: RF015[min_max] <- tpcds_partitioned_parquet_snap.customer_address_3.ca_address_sk
|  |  |  mem-estimate=34.00MB mem-reservation=34.00MB spill-buffer=2.00MB thread-reservation=0 cost=14550704
|  |  |
|  |  49:EXCHANGE [HASH(tpcds_partitioned_parquet_snap.customer_address_3.ca_address_sk)]
|  |  |  mem-estimate=10.33MB mem-reservation=0B thread-reservation=0
|  |  |  tuple-ids=32 row-size=30B cardinality=14.55M cost=3621995
|  |  |  in pipelines: 27(GETNEXT)
|  |  |
|  |  F07:PLAN FRAGMENT [RANDOM] hosts=10 instances=10
|  |  Per-Instance Resources: mem-estimate=19.98MB mem-reservation=128.00KB thread-reservation=1
|  |  max-parallelism=10 segment-costs=[40294957]
|  |  27:SCAN HDFS [tpcds_partitioned_parquet_snap.customer_address, RANDOM]
|  |     HDFS partitions=1/1 files=1 size=307.36MB
|  |     predicates: tpcds_partitioned_parquet_snap.customer_address_3.ca_county IS NOT NULL, tpcds_partitioned_parquet_snap.customer_address_3.ca_address_sk IS NOT NULL
|  |     runtime filters: RF001[min_max] -> tpcds_partitioned_parquet_snap.customer_address_3.ca_county, RF003[min_max] -> tpcds_partitioned_parquet_snap.customer_address_3.ca_county, RF005[min_max] -> tpcds_partitioned_parquet_snap.customer_address_3.ca_county, RF007[min_max] -> tpcds_partitioned_parquet_snap.customer_address_3.ca_county
|  |     stored statistics:
|  |       table: rows=15.00M size=307.36MB
|  |       columns: all
|  |     extrapolated-rows=disabled max-scan-range-rows=1.58M
|  |     parquet dictionary predicates: tpcds_partitioned_parquet_snap.customer_address_3.ca_county IS NOT NULL, tpcds_partitioned_parquet_snap.customer_address_3.ca_address_sk IS NOT NULL
|  |     mem-estimate=16.00MB mem-reservation=128.00KB thread-reservation=0
|  |     tuple-ids=32 row-size=30B cardinality=14.55M cost=4722659
|  |     in pipelines: 27(GETNEXT)
|  |
|  48:EXCHANGE [HASH(tpcds_partitioned_parquet_snap.web_sales_1.ws_bill_addr_sk)]
|  |  mem-estimate=12.50MB mem-reservation=0B thread-reservation=0
|  |  tuple-ids=28,30 row-size=24B cardinality=220.15M cost=56863975
|  |  in pipelines: 24(GETNEXT)
|  |
|  F05:PLAN FRAGMENT [RANDOM] hosts=10 instances=80 (adjusted from 120)
|  Per-Host Shared Resources: mem-estimate=1.00MB mem-reservation=1.00MB thread-reservation=0 runtime-filters-memory=1.00MB
|  Per-Instance Resources: mem-estimate=19.75MB mem-reservation=128.00KB thread-reservation=1
|  max-parallelism=80 segment-costs=[707695663]
|  26:HASH JOIN [INNER JOIN, BROADCAST]
|  |  hash-table-id=14
|  |  hash predicates: tpcds_partitioned_parquet_snap.web_sales_1.ws_sold_date_sk = tpcds_partitioned_parquet_snap.date_dim_3.d_date_sk
|  |  fk/pk conjuncts: tpcds_partitioned_parquet_snap.web_sales_1.ws_sold_date_sk = tpcds_partitioned_parquet_snap.date_dim_3.d_date_sk
|  |  mem-estimate=0B mem-reservation=0B spill-buffer=64.00KB thread-reservation=0
|  |  tuple-ids=28,30 row-size=24B cardinality=220.15M cost=96358351
|  |  in pipelines: 24(GETNEXT), 25(OPEN)
|  |
|  |--F42:PLAN FRAGMENT [RANDOM] hosts=10 instances=10
|  |  |  Per-Instance Resources: mem-estimate=16.52MB mem-reservation=16.50MB thread-reservation=1 runtime-filters-memory=1.00MB
|  |  |  max-parallelism=10 segment-costs=[426]
|  |  JOIN BUILD
|  |  |  join-table-id=14 plan-id=15 cohort-id=06
|  |  |  build expressions: tpcds_partitioned_parquet_snap.date_dim_3.d_date_sk
|  |  |  runtime filters: RF016[bloom] <- tpcds_partitioned_parquet_snap.date_dim_3.d_date_sk
|  |  |  mem-estimate=15.50MB mem-reservation=15.50MB spill-buffer=64.00KB thread-reservation=0 cost=186
|  |  |
|  |  47:EXCHANGE [BROADCAST]
|  |  |  mem-estimate=16.00KB mem-reservation=0B thread-reservation=0
|  |  |  tuple-ids=30 row-size=12B cardinality=186 cost=240
|  |  |  in pipelines: 25(GETNEXT)
|  |  |
|  |  F06:PLAN FRAGMENT [RANDOM] hosts=1 instances=1
|  |  Per-Instance Resources: mem-estimate=16.06MB mem-reservation=512.00KB thread-reservation=1
|  |  max-parallelism=1 segment-costs=[18790]
|  |  25:SCAN HDFS [tpcds_partitioned_parquet_snap.date_dim, RANDOM]
|  |     HDFS partitions=1/1 files=1 size=2.17MB
|  |     predicates: tpcds_partitioned_parquet_snap.date_dim_3.d_year = CAST(1998 AS INT), tpcds_partitioned_parquet_snap.date_dim_3.d_qoy = CAST(1 AS INT), tpcds_partitioned_parquet_snap.date_dim_3.d_date_sk IS NOT NULL
|  |     stored statistics:
|  |       table: rows=73.05K size=2.17MB
|  |       columns: all
|  |     extrapolated-rows=disabled max-scan-range-rows=73.05K
|  |     parquet statistics predicates: tpcds_partitioned_parquet_snap.date_dim_3.d_year = CAST(1998 AS INT), tpcds_partitioned_parquet_snap.date_dim_3.d_qoy = CAST(1 AS INT)
|  |     parquet dictionary predicates: tpcds_partitioned_parquet_snap.date_dim_3.d_year = CAST(1998 AS INT), tpcds_partitioned_parquet_snap.date_dim_3.d_qoy = CAST(1 AS INT), tpcds_partitioned_parquet_snap.date_dim_3.d_date_sk IS NOT NULL
|  |     mem-estimate=16.00MB mem-reservation=512.00KB thread-reservation=0
|  |     tuple-ids=30 row-size=12B cardinality=186 cost=18780
|  |     in pipelines: 25(GETNEXT)
|  |
|  24:SCAN HDFS [tpcds_partitioned_parquet_snap.web_sales, RANDOM]
|     partition predicates: tpcds_partitioned_parquet_snap.web_sales_1.ws_sold_date_sk IS NOT NULL
|     HDFS partitions=1823/1824 files=1823 size=145.67GB
|     predicates: tpcds_partitioned_parquet_snap.web_sales_1.ws_bill_addr_sk IS NOT NULL
|     runtime filters: RF015[min_max] -> tpcds_partitioned_parquet_snap.web_sales_1.ws_bill_addr_sk, RF016[bloom] -> tpcds_partitioned_parquet_snap.web_sales_1.ws_sold_date_sk
|     stored statistics:
|       table: rows=2.16G size=145.75GB
|       partitions: 1823/1823 rows=2.16G
|       columns: all
|     extrapolated-rows=disabled max-scan-range-rows=3.37M est-scan-range=186(filtered from 1823)
|     parquet dictionary predicates: tpcds_partitioned_parquet_snap.web_sales_1.ws_bill_addr_sk IS NOT NULL
|     mem-estimate=16.00MB mem-reservation=128.00KB thread-reservation=0
|     tuple-ids=28 row-size=12B cardinality=220.15M(filtered from 2.16G) cost=44238586
|     in pipelines: 24(GETNEXT)
|
46:AGGREGATE [FINALIZE]
|  output: sum:merge(tpcds_partitioned_parquet_snap.web_sales_0.ws_ext_sales_price)
|  group by: tpcds_partitioned_parquet_snap.customer_address_2.ca_county
|  having: sum(tpcds_partitioned_parquet_snap.web_sales_0.ws_ext_sales_price) IS NOT NULL
|  mem-estimate=10.00MB mem-reservation=1.94MB spill-buffer=64.00KB thread-reservation=0
|  tuple-ids=27 row-size=42B cardinality=183 cost=68815
|  in pipelines: 46(GETNEXT), 18(OPEN)
|
45:EXCHANGE [HASH(tpcds_partitioned_parquet_snap.customer_address_2.ca_county)]
|  mem-estimate=2.22MB mem-reservation=0B thread-reservation=0
|  tuple-ids=27 row-size=42B cardinality=219.00K cost=66602
|  in pipelines: 18(GETNEXT)
|
F03:PLAN FRAGMENT [HASH(tpcds_partitioned_parquet_snap.web_sales_0.ws_bill_addr_sk)] hosts=10 instances=30 (adjusted from 120)
Per-Instance Resources: mem-estimate=24.30MB mem-reservation=2.00MB thread-reservation=1
max-parallelism=30 segment-costs=[211780968, 704635] cpu-comparison-result=110 [max(110 (self) vs 51 (sum children))]
23:AGGREGATE [STREAMING]
|  output: sum(tpcds_partitioned_parquet_snap.web_sales_0.ws_ext_sales_price)
|  group by: tpcds_partitioned_parquet_snap.customer_address_2.ca_county
|  mem-estimate=10.00MB mem-reservation=2.00MB spill-buffer=64.00KB thread-reservation=0
|  tuple-ids=27 row-size=42B cardinality=219.00K cost=61008816
|  in pipelines: 18(GETNEXT)
|
22:HASH JOIN [INNER JOIN, PARTITIONED]
|  hash-table-id=15
|  hash predicates: tpcds_partitioned_parquet_snap.web_sales_0.ws_bill_addr_sk = tpcds_partitioned_parquet_snap.customer_address_2.ca_address_sk
|  fk/pk conjuncts: tpcds_partitioned_parquet_snap.web_sales_0.ws_bill_addr_sk = tpcds_partitioned_parquet_snap.customer_address_2.ca_address_sk
|  mem-estimate=0B mem-reservation=0B spill-buffer=2.00MB thread-reservation=0
|  tuple-ids=21,23,25 row-size=54B cardinality=206.63M cost=93908177
|  in pipelines: 18(GETNEXT), 21(OPEN)
|
|--F43:PLAN FRAGMENT [HASH(tpcds_partitioned_parquet_snap.web_sales_0.ws_bill_addr_sk)] hosts=10 instances=30 (adjusted from 120)
|  |  Per-Instance Resources: mem-estimate=60.33MB mem-reservation=50.00MB thread-reservation=1 runtime-filters-memory=16.00MB
|  |  max-parallelism=30 segment-costs=[18172699]
|  JOIN BUILD
|  |  join-table-id=15 plan-id=16 cohort-id=01
|  |  build expressions: tpcds_partitioned_parquet_snap.customer_address_2.ca_address_sk
|  |  runtime filters: RF010[bloom] <- tpcds_partitioned_parquet_snap.customer_address_2.ca_address_sk, RF011[min_max] <- tpcds_partitioned_parquet_snap.customer_address_2.ca_address_sk
|  |  mem-estimate=34.00MB mem-reservation=34.00MB spill-buffer=2.00MB thread-reservation=0 cost=14550704
|  |
|  44:EXCHANGE [HASH(tpcds_partitioned_parquet_snap.customer_address_2.ca_address_sk)]
|  |  mem-estimate=10.33MB mem-reservation=0B thread-reservation=0
|  |  tuple-ids=25 row-size=30B cardinality=14.55M cost=3621995
|  |  in pipelines: 21(GETNEXT)
|  |
|  F02:PLAN FRAGMENT [RANDOM] hosts=10 instances=10
|  Per-Instance Resources: mem-estimate=19.98MB mem-reservation=128.00KB thread-reservation=1
|  max-parallelism=10 segment-costs=[40294957]
|  21:SCAN HDFS [tpcds_partitioned_parquet_snap.customer_address, RANDOM]
|     HDFS partitions=1/1 files=1 size=307.36MB
|     predicates: tpcds_partitioned_parquet_snap.customer_address_2.ca_county IS NOT NULL, tpcds_partitioned_parquet_snap.customer_address_2.ca_address_sk IS NOT NULL
|     runtime filters: RF001[min_max] -> tpcds_partitioned_parquet_snap.customer_address_2.ca_county, RF003[min_max] -> tpcds_partitioned_parquet_snap.customer_address_2.ca_county, RF005[min_max] -> tpcds_partitioned_parquet_snap.customer_address_2.ca_county, RF007[min_max] -> tpcds_partitioned_parquet_snap.customer_address_2.ca_county, RF009[min_max] -> tpcds_partitioned_parquet_snap.customer_address_2.ca_county
|     stored statistics:
|       table: rows=15.00M size=307.36MB
|       columns: all
|     extrapolated-rows=disabled max-scan-range-rows=1.58M
|     parquet dictionary predicates: tpcds_partitioned_parquet_snap.customer_address_2.ca_county IS NOT NULL, tpcds_partitioned_parquet_snap.customer_address_2.ca_address_sk IS NOT NULL
|     mem-estimate=16.00MB mem-reservation=128.00KB thread-reservation=0
|     tuple-ids=25 row-size=30B cardinality=14.55M cost=4722659
|     in pipelines: 21(GETNEXT)
|
43:EXCHANGE [HASH(tpcds_partitioned_parquet_snap.web_sales_0.ws_bill_addr_sk)]
|  mem-estimate=12.50MB mem-reservation=0B thread-reservation=0
|  tuple-ids=21,23 row-size=24B cardinality=220.15M cost=56863975
|  in pipelines: 18(GETNEXT)
|
F00:PLAN FRAGMENT [RANDOM] hosts=10 instances=80 (adjusted from 120)
Per-Host Shared Resources: mem-estimate=17.00MB mem-reservation=17.00MB thread-reservation=0 runtime-filters-memory=17.00MB
Per-Instance Resources: mem-estimate=19.75MB mem-reservation=128.00KB thread-reservation=1
max-parallelism=80 segment-costs=[707695663]
20:HASH JOIN [INNER JOIN, BROADCAST]
|  hash-table-id=16
|  hash predicates: tpcds_partitioned_parquet_snap.web_sales_0.ws_sold_date_sk = tpcds_partitioned_parquet_snap.date_dim_2.d_date_sk
|  fk/pk conjuncts: tpcds_partitioned_parquet_snap.web_sales_0.ws_sold_date_sk = tpcds_partitioned_parquet_snap.date_dim_2.d_date_sk
|  mem-estimate=0B mem-reservation=0B spill-buffer=64.00KB thread-reservation=0
|  tuple-ids=21,23 row-size=24B cardinality=220.15M cost=96358351
|  in pipelines: 18(GETNEXT), 19(OPEN)
|
|--F44:PLAN FRAGMENT [RANDOM] hosts=10 instances=10
|  |  Per-Instance Resources: mem-estimate=16.52MB mem-reservation=16.50MB thread-reservation=1 runtime-filters-memory=1.00MB
|  |  max-parallelism=10 segment-costs=[426]
|  JOIN BUILD
|  |  join-table-id=16 plan-id=17 cohort-id=01
|  |  build expressions: tpcds_partitioned_parquet_snap.date_dim_2.d_date_sk
|  |  runtime filters: RF012[bloom] <- tpcds_partitioned_parquet_snap.date_dim_2.d_date_sk
|  |  mem-estimate=15.50MB mem-reservation=15.50MB spill-buffer=64.00KB thread-reservation=0 cost=186
|  |
|  42:EXCHANGE [BROADCAST]
|  |  mem-estimate=16.00KB mem-reservation=0B thread-reservation=0
|  |  tuple-ids=23 row-size=12B cardinality=186 cost=240
|  |  in pipelines: 19(GETNEXT)
|  |
|  F01:PLAN FRAGMENT [RANDOM] hosts=1 instances=1
|  Per-Instance Resources: mem-estimate=16.06MB mem-reservation=512.00KB thread-reservation=1
|  max-parallelism=1 segment-costs=[18790]
|  19:SCAN HDFS [tpcds_partitioned_parquet_snap.date_dim, RANDOM]
|     HDFS partitions=1/1 files=1 size=2.17MB
|     predicates: tpcds_partitioned_parquet_snap.date_dim_2.d_year = CAST(1998 AS INT), tpcds_partitioned_parquet_snap.date_dim_2.d_qoy = CAST(3 AS INT), tpcds_partitioned_parquet_snap.date_dim_2.d_date_sk IS NOT NULL
|     stored statistics:
|       table: rows=73.05K size=2.17MB
|       columns: all
|     extrapolated-rows=disabled max-scan-range-rows=73.05K
|     parquet statistics predicates: tpcds_partitioned_parquet_snap.date_dim_2.d_year = CAST(1998 AS INT), tpcds_partitioned_parquet_snap.date_dim_2.d_qoy = CAST(3 AS INT)
|     parquet dictionary predicates: tpcds_partitioned_parquet_snap.date_dim_2.d_year = CAST(1998 AS INT), tpcds_partitioned_parquet_snap.date_dim_2.d_qoy = CAST(3 AS INT), tpcds_partitioned_parquet_snap.date_dim_2.d_date_sk IS NOT NULL
|     mem-estimate=16.00MB mem-reservation=512.00KB thread-reservation=0
|     tuple-ids=23 row-size=12B cardinality=186 cost=18780
|     in pipelines: 19(GETNEXT)
|
18:SCAN HDFS [tpcds_partitioned_parquet_snap.web_sales, RANDOM]
   partition predicates: tpcds_partitioned_parquet_snap.web_sales_0.ws_sold_date_sk IS NOT NULL
   HDFS partitions=1823/1824 files=1823 size=145.67GB
   predicates: tpcds_partitioned_parquet_snap.web_sales_0.ws_bill_addr_sk IS NOT NULL
   runtime filters: RF011[min_max] -> tpcds_partitioned_parquet_snap.web_sales_0.ws_bill_addr_sk, RF012[bloom] -> tpcds_partitioned_parquet_snap.web_sales_0.ws_sold_date_sk, RF010[bloom] -> tpcds_partitioned_parquet_snap.web_sales_0.ws_bill_addr_sk
   stored statistics:
     table: rows=2.16G size=145.75GB
     partitions: 1823/1823 rows=2.16G
     columns: all
   extrapolated-rows=disabled max-scan-range-rows=3.37M est-scan-range=186(filtered from 1823)
   parquet dictionary predicates: tpcds_partitioned_parquet_snap.web_sales_0.ws_bill_addr_sk IS NOT NULL
   mem-estimate=16.00MB mem-reservation=128.00KB thread-reservation=0
   tuple-ids=21 row-size=12B cardinality=220.15M(filtered from 2.16G) cost=44238586
   in pipelines: 18(GETNEXT)
====
