# TPCDS-Q24-2 second of two queries
with ssales as
(select c_last_name
      ,c_first_name
      ,s_store_name
      ,ca_state
      ,s_state
      ,i_color
      ,i_current_price
      ,i_manager_id
      ,i_units
      ,i_size
      ,sum(ss_net_paid) netpaid
from store_sales
    ,store_returns
    ,store
    ,item
    ,customer
    ,customer_address
where ss_ticket_number = sr_ticket_number
  and ss_item_sk = sr_item_sk
  and ss_customer_sk = c_customer_sk
  and ss_item_sk = i_item_sk
  and ss_store_sk = s_store_sk
  and c_current_addr_sk = ca_address_sk
  and c_birth_country <> upper(ca_country)
  and s_zip = ca_zip
  and s_market_id = 10
group by c_last_name
        ,c_first_name
        ,s_store_name
        ,ca_state
        ,s_state
        ,i_color
        ,i_current_price
        ,i_manager_id
        ,i_units
        ,i_size)
select c_last_name
      ,c_first_name
      ,s_store_name
      ,sum(netpaid) paid
from ssales
where i_color = 'beige'
group by c_last_name
        ,c_first_name
        ,s_store_name
having sum(netpaid) > (select 0.05*avg(netpaid)
                           from ssales)
order by c_last_name
        ,c_first_name
        ,s_store_name


# end query 24 in stream 0 using template query24.tpl
---- PLAN
Max Per-Host Resource Reservation: Memory=269.94MB Threads=1
Per-Host Resource Estimates: Memory=68.19GB
F00:PLAN FRAGMENT [UNPARTITIONED] hosts=1 instances=1
|  Per-Instance Resources: mem-estimate=68.19GB mem-reservation=269.94MB thread-reservation=1 runtime-filters-memory=10.00MB
|  max-parallelism=1 segment-costs=[6135012893, 4699632, 7604083396, 5140700, 283918, 318480]
PLAN-ROOT SINK
|  output exprs: tpcds_partitioned_parquet_snap.customer.c_last_name, tpcds_partitioned_parquet_snap.customer.c_first_name, tpcds_partitioned_parquet_snap.store.s_store_name, sum(sum(tpcds_partitioned_parquet_snap.store_sales.ss_net_paid))
|  mem-estimate=5.16MB mem-reservation=4.00MB spill-buffer=2.00MB thread-reservation=0 cost=318480
|
27:SORT
|  order by: tpcds_partitioned_parquet_snap.customer.c_last_name ASC NULLS LAST, tpcds_partitioned_parquet_snap.customer.c_first_name ASC NULLS LAST, tpcds_partitioned_parquet_snap.store.s_store_name ASC NULLS LAST
|  mem-estimate=12.00MB mem-reservation=12.00MB spill-buffer=2.00MB thread-reservation=0
|  tuple-ids=29 row-size=68B cardinality=79.62K cost=267604
|  in pipelines: 27(GETNEXT), 12(OPEN)
|
26:NESTED LOOP JOIN [INNER JOIN]
|  join predicates: sum(sum(tpcds_partitioned_parquet_snap.store_sales.ss_net_paid)) > multiply(CAST(0.05 AS DECIMAL(3,2)), avg(sum(tpcds_partitioned_parquet_snap.store_sales_0.ss_net_paid)))
|  mem-estimate=16B mem-reservation=0B thread-reservation=0
|  tuple-ids=13,28 row-size=84B cardinality=79.62K cost=16314
|  in pipelines: 12(GETNEXT), 25(OPEN)
|
|--25:AGGREGATE [FINALIZE]
|  |  output: avg(sum(tpcds_partitioned_parquet_snap.store_sales_0.ss_net_paid))
|  |  having: avg(sum(tpcds_partitioned_parquet_snap.store_sales_0.ss_net_paid)) IS NOT NULL
|  |  mem-estimate=16.00KB mem-reservation=0B spill-buffer=2.00MB thread-reservation=0
|  |  tuple-ids=28 row-size=16B cardinality=1 cost=5140700
|  |  in pipelines: 25(GETNEXT), 24(OPEN)
|  |
|  24:AGGREGATE [FINALIZE]
|  |  output: sum(tpcds_partitioned_parquet_snap.store_sales_0.ss_net_paid)
|  |  group by: tpcds_partitioned_parquet_snap.customer_0.c_last_name, tpcds_partitioned_parquet_snap.customer_0.c_first_name, tpcds_partitioned_parquet_snap.store_0.s_store_name, tpcds_partitioned_parquet_snap.customer_address_0.ca_state, tpcds_partitioned_parquet_snap.store_0.s_state, tpcds_partitioned_parquet_snap.item_0.i_color, tpcds_partitioned_parquet_snap.item_0.i_current_price, tpcds_partitioned_parquet_snap.item_0.i_manager_id, tpcds_partitioned_parquet_snap.item_0.i_units, tpcds_partitioned_parquet_snap.item_0.i_size
|  |  mem-estimate=533.68MB mem-reservation=34.00MB spill-buffer=2.00MB thread-reservation=0
|  |  tuple-ids=26 row-size=154B cardinality=73.44M cost=433478550
|  |  in pipelines: 24(GETNEXT), 13(OPEN)
|  |
|  23:HASH JOIN [INNER JOIN]
|  |  hash predicates: tpcds_partitioned_parquet_snap.store_sales_0.ss_customer_sk = tpcds_partitioned_parquet_snap.customer_0.c_customer_sk, tpcds_partitioned_parquet_snap.store_sales_0.ss_store_sk = tpcds_partitioned_parquet_snap.store_0.s_store_sk
|  |  fk/pk conjuncts: tpcds_partitioned_parquet_snap.store_sales_0.ss_customer_sk = tpcds_partitioned_parquet_snap.customer_0.c_customer_sk, tpcds_partitioned_parquet_snap.store_sales_0.ss_store_sk = tpcds_partitioned_parquet_snap.store_0.s_store_sk
|  |  runtime filters: RF014[bloom] <- tpcds_partitioned_parquet_snap.customer_0.c_customer_sk, RF015[bloom] <- tpcds_partitioned_parquet_snap.store_0.s_store_sk, RF016[min_max] <- tpcds_partitioned_parquet_snap.customer_0.c_customer_sk, RF017[min_max] <- tpcds_partitioned_parquet_snap.store_0.s_store_sk
|  |  mem-estimate=85.46MB mem-reservation=34.00MB spill-buffer=2.00MB thread-reservation=0
|  |  tuple-ids=14,16,18,20,22,24 row-size=278B cardinality=73.44M cost=42815295
|  |  in pipelines: 13(GETNEXT), 18(OPEN)
|  |
|  |--22:HASH JOIN [INNER JOIN]
|  |  |  hash predicates: tpcds_partitioned_parquet_snap.customer_0.c_current_addr_sk = tpcds_partitioned_parquet_snap.customer_address_0.ca_address_sk
|  |  |  fk/pk conjuncts: tpcds_partitioned_parquet_snap.customer_0.c_current_addr_sk = tpcds_partitioned_parquet_snap.customer_address_0.ca_address_sk
|  |  |  other join predicates: tpcds_partitioned_parquet_snap.customer_0.c_birth_country != upper(tpcds_partitioned_parquet_snap.customer_address_0.ca_country)
|  |  |  runtime filters: RF024[bloom] <- tpcds_partitioned_parquet_snap.customer_address_0.ca_address_sk, RF025[min_max] <- tpcds_partitioned_parquet_snap.customer_address_0.ca_address_sk
|  |  |  mem-estimate=34.00MB mem-reservation=34.00MB spill-buffer=2.00MB thread-reservation=0
|  |  |  tuple-ids=20,22,24 row-size=180B cardinality=428.82K cost=389305
|  |  |  in pipelines: 18(GETNEXT), 19(OPEN)
|  |  |
|  |  |--21:HASH JOIN [INNER JOIN]
|  |  |  |  hash predicates: tpcds_partitioned_parquet_snap.customer_address_0.ca_zip = tpcds_partitioned_parquet_snap.store_0.s_zip
|  |  |  |  fk/pk conjuncts: none
|  |  |  |  runtime filters: RF026[bloom] <- tpcds_partitioned_parquet_snap.store_0.s_zip, RF027[min_max] <- tpcds_partitioned_parquet_snap.store_0.s_zip
|  |  |  |  mem-estimate=1.94MB mem-reservation=1.94MB spill-buffer=64.00KB thread-reservation=0
|  |  |  |  tuple-ids=22,24 row-size=115B cardinality=197.62K cost=86632
|  |  |  |  in pipelines: 19(GETNEXT), 20(OPEN)
|  |  |  |
|  |  |  |--20:SCAN HDFS [tpcds_partitioned_parquet_snap.store]
|  |  |  |     HDFS partitions=1/1 files=1 size=119.76KB
|  |  |  |     predicates: tpcds_partitioned_parquet_snap.store_0.s_market_id = CAST(10 AS INT), tpcds_partitioned_parquet_snap.store_0.s_zip IS NOT NULL, tpcds_partitioned_parquet_snap.store_0.s_store_sk IS NOT NULL
|  |  |  |     stored statistics:
|  |  |  |       table: rows=1.35K size=119.76KB
|  |  |  |       columns: all
|  |  |  |     extrapolated-rows=disabled max-scan-range-rows=1.35K
|  |  |  |     parquet statistics predicates: tpcds_partitioned_parquet_snap.store_0.s_market_id = CAST(10 AS INT)
|  |  |  |     parquet dictionary predicates: tpcds_partitioned_parquet_snap.store_0.s_market_id = CAST(10 AS INT), tpcds_partitioned_parquet_snap.store_0.s_zip IS NOT NULL, tpcds_partitioned_parquet_snap.store_0.s_store_sk IS NOT NULL
|  |  |  |     mem-estimate=16.00MB mem-reservation=40.00KB thread-reservation=0
|  |  |  |     tuple-ids=24 row-size=55B cardinality=134 cost=481
|  |  |  |     in pipelines: 20(GETNEXT)
|  |  |  |
|  |  |  19:SCAN HDFS [tpcds_partitioned_parquet_snap.customer_address]
|  |  |     HDFS partitions=1/1 files=1 size=307.36MB
|  |  |     predicates: tpcds_partitioned_parquet_snap.customer_address_0.ca_zip IS NOT NULL, tpcds_partitioned_parquet_snap.customer_address_0.ca_address_sk IS NOT NULL
|  |  |     runtime filters: RF027[min_max] -> tpcds_partitioned_parquet_snap.customer_address_0.ca_zip, RF026[bloom] -> tpcds_partitioned_parquet_snap.customer_address_0.ca_zip
|  |  |     stored statistics:
|  |  |       table: rows=15.00M size=307.36MB
|  |  |       columns: all
|  |  |     extrapolated-rows=disabled max-scan-range-rows=1.58M
|  |  |     parquet dictionary predicates: tpcds_partitioned_parquet_snap.customer_address_0.ca_zip IS NOT NULL, tpcds_partitioned_parquet_snap.customer_address_0.ca_address_sk IS NOT NULL
|  |  |     mem-estimate=16.00MB mem-reservation=128.00KB thread-reservation=0
|  |  |     tuple-ids=22 row-size=60B cardinality=197.62K(filtered from 14.55M) cost=6027000
|  |  |     in pipelines: 19(GETNEXT)
|  |  |
|  |  18:SCAN HDFS [tpcds_partitioned_parquet_snap.customer]
|  |     HDFS partitions=1/1 files=1 size=1.55GB
|  |     predicates: tpcds_partitioned_parquet_snap.customer_0.c_birth_country IS NOT NULL, tpcds_partitioned_parquet_snap.customer_0.c_current_addr_sk IS NOT NULL, tpcds_partitioned_parquet_snap.customer_0.c_customer_sk IS NOT NULL
|  |     runtime filters: RF025[min_max] -> tpcds_partitioned_parquet_snap.customer_0.c_current_addr_sk, RF024[bloom] -> tpcds_partitioned_parquet_snap.customer_0.c_current_addr_sk
|  |     stored statistics:
|  |       table: rows=30.00M size=1.55GB
|  |       columns: all
|  |     extrapolated-rows=disabled max-scan-range-rows=3.10M
|  |     parquet dictionary predicates: tpcds_partitioned_parquet_snap.customer_0.c_birth_country IS NOT NULL, tpcds_partitioned_parquet_snap.customer_0.c_current_addr_sk IS NOT NULL, tpcds_partitioned_parquet_snap.customer_0.c_customer_sk IS NOT NULL
|  |     mem-estimate=16.00MB mem-reservation=1.00MB thread-reservation=0
|  |     tuple-ids=20 row-size=65B cardinality=444.37K(filtered from 28.95M) cost=14917903
|  |     in pipelines: 18(GETNEXT)
|  |
|  17:HASH JOIN [INNER JOIN]
|  |  hash predicates: tpcds_partitioned_parquet_snap.store_sales_0.ss_item_sk = tpcds_partitioned_parquet_snap.item_0.i_item_sk
|  |  fk/pk conjuncts: tpcds_partitioned_parquet_snap.store_sales_0.ss_item_sk = tpcds_partitioned_parquet_snap.item_0.i_item_sk
|  |  runtime filters: RF019[min_max] <- tpcds_partitioned_parquet_snap.item_0.i_item_sk
|  |  mem-estimate=34.00MB mem-reservation=34.00MB spill-buffer=2.00MB thread-reservation=0
|  |  tuple-ids=14,16,18 row-size=98B cardinality=113.37M(filtered from 5.60G) cost=1043572211
|  |  in pipelines: 13(GETNEXT), 16(OPEN)
|  |
|  |--16:SCAN HDFS [tpcds_partitioned_parquet_snap.item]
|  |     HDFS partitions=1/1 files=1 size=33.54MB
|  |     predicates: tpcds_partitioned_parquet_snap.item_0.i_item_sk IS NOT NULL
|  |     stored statistics:
|  |       table: rows=360.00K size=33.54MB
|  |       columns: all
|  |     extrapolated-rows=disabled max-scan-range-rows=101.54K
|  |     parquet dictionary predicates: tpcds_partitioned_parquet_snap.item_0.i_item_sk IS NOT NULL
|  |     mem-estimate=16.00MB mem-reservation=512.00KB thread-reservation=0
|  |     tuple-ids=18 row-size=62B cardinality=360.00K cost=144396
|  |     in pipelines: 16(GETNEXT)
|  |
|  15:HASH JOIN [INNER JOIN]
|  |  hash predicates: tpcds_partitioned_parquet_snap.store_sales_0.ss_item_sk = tpcds_partitioned_parquet_snap.store_returns_0.sr_item_sk, tpcds_partitioned_parquet_snap.store_sales_0.ss_ticket_number = tpcds_partitioned_parquet_snap.store_returns_0.sr_ticket_number
|  |  fk/pk conjuncts: tpcds_partitioned_parquet_snap.store_sales_0.ss_item_sk = tpcds_partitioned_parquet_snap.store_returns_0.sr_item_sk, tpcds_partitioned_parquet_snap.store_sales_0.ss_ticket_number = tpcds_partitioned_parquet_snap.store_returns_0.sr_ticket_number
|  |  runtime filters: RF022[min_max] <- tpcds_partitioned_parquet_snap.store_returns_0.sr_item_sk, RF023[min_max] <- tpcds_partitioned_parquet_snap.store_returns_0.sr_ticket_number
|  |  mem-estimate=33.66GB mem-reservation=34.00MB spill-buffer=2.00MB thread-reservation=0
|  |  tuple-ids=14,16 row-size=36B cardinality=113.37M(filtered from 5.60G) cost=1907707909
|  |  in pipelines: 13(GETNEXT), 14(OPEN)
|  |
|  |--14:SCAN HDFS [tpcds_partitioned_parquet_snap.store_returns]
|  |     HDFS partitions=2004/2004 files=2004 size=48.14GB
|  |     predicates: tpcds_partitioned_parquet_snap.store_returns_0.sr_item_sk IS NOT NULL, tpcds_partitioned_parquet_snap.store_returns_0.sr_ticket_number IS NOT NULL
|  |     runtime filters: RF019[min_max] -> tpcds_partitioned_parquet_snap.store_returns_0.sr_item_sk
|  |     stored statistics:
|  |       table: rows=863.99M size=48.14GB
|  |       partitions: 2004/2004 rows=863.99M
|  |       columns: all
|  |     extrapolated-rows=disabled max-scan-range-rows=30.09M
|  |     parquet dictionary predicates: tpcds_partitioned_parquet_snap.store_returns_0.sr_item_sk IS NOT NULL, tpcds_partitioned_parquet_snap.store_returns_0.sr_ticket_number IS NOT NULL
|  |     mem-estimate=16.00MB mem-reservation=512.00KB thread-reservation=0
|  |     tuple-ids=16 row-size=12B cardinality=863.99M cost=197853396
|  |     in pipelines: 14(GETNEXT)
|  |
|  13:SCAN HDFS [tpcds_partitioned_parquet_snap.store_sales]
|     HDFS partitions=1824/1824 files=1824 size=389.90GB
|     predicates: tpcds_partitioned_parquet_snap.store_sales_0.ss_customer_sk IS NOT NULL, tpcds_partitioned_parquet_snap.store_sales_0.ss_store_sk IS NOT NULL, tpcds_partitioned_parquet_snap.store_sales_0.ss_item_sk IS NOT NULL, tpcds_partitioned_parquet_snap.store_sales_0.ss_ticket_number IS NOT NULL
|     runtime filters: RF016[min_max] -> tpcds_partitioned_parquet_snap.store_sales_0.ss_customer_sk, RF017[min_max] -> tpcds_partitioned_parquet_snap.store_sales_0.ss_store_sk, RF022[min_max] -> tpcds_partitioned_parquet_snap.store_sales_0.ss_item_sk, RF023[min_max] -> tpcds_partitioned_parquet_snap.store_sales_0.ss_ticket_number, RF019[min_max] -> tpcds_partitioned_parquet_snap.store_sales_0.ss_item_sk, RF014[bloom] -> tpcds_partitioned_parquet_snap.store_sales_0.ss_customer_sk, RF015[bloom] -> tpcds_partitioned_parquet_snap.store_sales_0.ss_store_sk
|     stored statistics:
|       table: rows=8.64G size=389.90GB
|       partitions: 1824/1824 rows=8.64G
|       columns: all
|     extrapolated-rows=disabled max-scan-range-rows=390.22M
|     parquet dictionary predicates: tpcds_partitioned_parquet_snap.store_sales_0.ss_customer_sk IS NOT NULL, tpcds_partitioned_parquet_snap.store_sales_0.ss_store_sk IS NOT NULL, tpcds_partitioned_parquet_snap.store_sales_0.ss_item_sk IS NOT NULL, tpcds_partitioned_parquet_snap.store_sales_0.ss_ticket_number IS NOT NULL
|     mem-estimate=16.00MB mem-reservation=8.00MB thread-reservation=0
|     tuple-ids=14 row-size=24B cardinality=113.37M(filtered from 8.06G) cost=3957090318
|     in pipelines: 13(GETNEXT)
|
12:AGGREGATE [FINALIZE]
|  output: sum(sum(tpcds_partitioned_parquet_snap.store_sales.ss_net_paid))
|  group by: tpcds_partitioned_parquet_snap.customer.c_last_name, tpcds_partitioned_parquet_snap.customer.c_first_name, tpcds_partitioned_parquet_snap.store.s_store_name
|  having: sum(sum(tpcds_partitioned_parquet_snap.store_sales.ss_net_paid)) IS NOT NULL
|  mem-estimate=60.67MB mem-reservation=34.00MB spill-buffer=2.00MB thread-reservation=0
|  tuple-ids=13 row-size=68B cardinality=79.62K cost=4699632
|  in pipelines: 12(GETNEXT), 11(OPEN)
|
11:AGGREGATE [FINALIZE]
|  output: sum(tpcds_partitioned_parquet_snap.store_sales.ss_net_paid)
|  group by: tpcds_partitioned_parquet_snap.customer.c_last_name, tpcds_partitioned_parquet_snap.customer.c_first_name, tpcds_partitioned_parquet_snap.store.s_store_name, tpcds_partitioned_parquet_snap.customer_address.ca_state, tpcds_partitioned_parquet_snap.store.s_state, tpcds_partitioned_parquet_snap.item.i_current_price, tpcds_partitioned_parquet_snap.item.i_manager_id, tpcds_partitioned_parquet_snap.item.i_units, tpcds_partitioned_parquet_snap.item.i_size
|  mem-estimate=112.70MB mem-reservation=34.00MB spill-buffer=2.00MB thread-reservation=0
|  tuple-ids=12 row-size=136B cardinality=796.20K cost=4699632
|  in pipelines: 11(GETNEXT), 00(OPEN)
|
10:HASH JOIN [INNER JOIN]
|  hash predicates: tpcds_partitioned_parquet_snap.store_sales.ss_customer_sk = tpcds_partitioned_parquet_snap.customer.c_customer_sk, tpcds_partitioned_parquet_snap.store_sales.ss_store_sk = tpcds_partitioned_parquet_snap.store.s_store_sk
|  fk/pk conjuncts: tpcds_partitioned_parquet_snap.store_sales.ss_customer_sk = tpcds_partitioned_parquet_snap.customer.c_customer_sk, tpcds_partitioned_parquet_snap.store_sales.ss_store_sk = tpcds_partitioned_parquet_snap.store.s_store_sk
|  runtime filters: RF000[bloom] <- tpcds_partitioned_parquet_snap.customer.c_customer_sk, RF001[bloom] <- tpcds_partitioned_parquet_snap.store.s_store_sk, RF002[min_max] <- tpcds_partitioned_parquet_snap.customer.c_customer_sk, RF003[min_max] <- tpcds_partitioned_parquet_snap.store.s_store_sk
|  mem-estimate=85.46MB mem-reservation=34.00MB spill-buffer=2.00MB thread-reservation=0
|  tuple-ids=0,2,4,6,8,10 row-size=278B cardinality=796.20K cost=16137053
|  in pipelines: 00(GETNEXT), 05(OPEN)
|
|--09:HASH JOIN [INNER JOIN]
|  |  hash predicates: tpcds_partitioned_parquet_snap.customer.c_current_addr_sk = tpcds_partitioned_parquet_snap.customer_address.ca_address_sk
|  |  fk/pk conjuncts: tpcds_partitioned_parquet_snap.customer.c_current_addr_sk = tpcds_partitioned_parquet_snap.customer_address.ca_address_sk
|  |  other join predicates: tpcds_partitioned_parquet_snap.customer.c_birth_country != upper(tpcds_partitioned_parquet_snap.customer_address.ca_country)
|  |  runtime filters: RF010[bloom] <- tpcds_partitioned_parquet_snap.customer_address.ca_address_sk, RF011[min_max] <- tpcds_partitioned_parquet_snap.customer_address.ca_address_sk
|  |  mem-estimate=34.00MB mem-reservation=34.00MB spill-buffer=2.00MB thread-reservation=0
|  |  tuple-ids=6,8,10 row-size=180B cardinality=428.82K cost=389305
|  |  in pipelines: 05(GETNEXT), 06(OPEN)
|  |
|  |--08:HASH JOIN [INNER JOIN]
|  |  |  hash predicates: tpcds_partitioned_parquet_snap.customer_address.ca_zip = tpcds_partitioned_parquet_snap.store.s_zip
|  |  |  fk/pk conjuncts: none
|  |  |  runtime filters: RF012[bloom] <- tpcds_partitioned_parquet_snap.store.s_zip, RF013[min_max] <- tpcds_partitioned_parquet_snap.store.s_zip
|  |  |  mem-estimate=1.94MB mem-reservation=1.94MB spill-buffer=64.00KB thread-reservation=0
|  |  |  tuple-ids=8,10 row-size=115B cardinality=197.62K cost=86632
|  |  |  in pipelines: 06(GETNEXT), 07(OPEN)
|  |  |
|  |  |--07:SCAN HDFS [tpcds_partitioned_parquet_snap.store]
|  |  |     HDFS partitions=1/1 files=1 size=119.76KB
|  |  |     predicates: tpcds_partitioned_parquet_snap.store.s_market_id = CAST(10 AS INT), tpcds_partitioned_parquet_snap.store.s_zip IS NOT NULL, tpcds_partitioned_parquet_snap.store.s_store_sk IS NOT NULL
|  |  |     stored statistics:
|  |  |       table: rows=1.35K size=119.76KB
|  |  |       columns: all
|  |  |     extrapolated-rows=disabled max-scan-range-rows=1.35K
|  |  |     parquet statistics predicates: tpcds_partitioned_parquet_snap.store.s_market_id = CAST(10 AS INT)
|  |  |     parquet dictionary predicates: tpcds_partitioned_parquet_snap.store.s_market_id = CAST(10 AS INT), tpcds_partitioned_parquet_snap.store.s_zip IS NOT NULL, tpcds_partitioned_parquet_snap.store.s_store_sk IS NOT NULL
|  |  |     mem-estimate=16.00MB mem-reservation=40.00KB thread-reservation=0
|  |  |     tuple-ids=10 row-size=55B cardinality=134 cost=481
|  |  |     in pipelines: 07(GETNEXT)
|  |  |
|  |  06:SCAN HDFS [tpcds_partitioned_parquet_snap.customer_address]
|  |     HDFS partitions=1/1 files=1 size=307.36MB
|  |     predicates: tpcds_partitioned_parquet_snap.customer_address.ca_zip IS NOT NULL, tpcds_partitioned_parquet_snap.customer_address.ca_address_sk IS NOT NULL
|  |     runtime filters: RF013[min_max] -> tpcds_partitioned_parquet_snap.customer_address.ca_zip, RF012[bloom] -> tpcds_partitioned_parquet_snap.customer_address.ca_zip
|  |     stored statistics:
|  |       table: rows=15.00M size=307.36MB
|  |       columns: all
|  |     extrapolated-rows=disabled max-scan-range-rows=1.58M
|  |     parquet dictionary predicates: tpcds_partitioned_parquet_snap.customer_address.ca_zip IS NOT NULL, tpcds_partitioned_parquet_snap.customer_address.ca_address_sk IS NOT NULL
|  |     mem-estimate=16.00MB mem-reservation=128.00KB thread-reservation=0
|  |     tuple-ids=8 row-size=60B cardinality=197.62K(filtered from 14.55M) cost=6027000
|  |     in pipelines: 06(GETNEXT)
|  |
|  05:SCAN HDFS [tpcds_partitioned_parquet_snap.customer]
|     HDFS partitions=1/1 files=1 size=1.55GB
|     predicates: tpcds_partitioned_parquet_snap.customer.c_birth_country IS NOT NULL, tpcds_partitioned_parquet_snap.customer.c_current_addr_sk IS NOT NULL, tpcds_partitioned_parquet_snap.customer.c_customer_sk IS NOT NULL
|     runtime filters: RF011[min_max] -> tpcds_partitioned_parquet_snap.customer.c_current_addr_sk, RF010[bloom] -> tpcds_partitioned_parquet_snap.customer.c_current_addr_sk
|     stored statistics:
|       table: rows=30.00M size=1.55GB
|       columns: all
|     extrapolated-rows=disabled max-scan-range-rows=3.10M
|     parquet dictionary predicates: tpcds_partitioned_parquet_snap.customer.c_birth_country IS NOT NULL, tpcds_partitioned_parquet_snap.customer.c_current_addr_sk IS NOT NULL, tpcds_partitioned_parquet_snap.customer.c_customer_sk IS NOT NULL
|     mem-estimate=16.00MB mem-reservation=1.00MB thread-reservation=0
|     tuple-ids=6 row-size=65B cardinality=444.37K(filtered from 28.95M) cost=14917903
|     in pipelines: 05(GETNEXT)
|
04:HASH JOIN [INNER JOIN]
|  hash predicates: tpcds_partitioned_parquet_snap.store_sales.ss_item_sk = tpcds_partitioned_parquet_snap.item.i_item_sk
|  fk/pk conjuncts: tpcds_partitioned_parquet_snap.store_sales.ss_item_sk = tpcds_partitioned_parquet_snap.item.i_item_sk
|  runtime filters: RF004[bloom] <- tpcds_partitioned_parquet_snap.item.i_item_sk, RF005[min_max] <- tpcds_partitioned_parquet_snap.item.i_item_sk
|  mem-estimate=1.94MB mem-reservation=1.94MB spill-buffer=64.00KB thread-reservation=0
|  tuple-ids=0,2,4 row-size=98B cardinality=60.68M cost=35013473
|  in pipelines: 00(GETNEXT), 03(OPEN)
|
|--03:SCAN HDFS [tpcds_partitioned_parquet_snap.item]
|     HDFS partitions=1/1 files=1 size=33.54MB
|     predicates: tpcds_partitioned_parquet_snap.item.i_color = 'beige', tpcds_partitioned_parquet_snap.item.i_item_sk IS NOT NULL
|     stored statistics:
|       table: rows=360.00K size=33.54MB
|       columns: all
|     extrapolated-rows=disabled max-scan-range-rows=101.54K
|     parquet statistics predicates: tpcds_partitioned_parquet_snap.item.i_color = 'beige'
|     parquet dictionary predicates: tpcds_partitioned_parquet_snap.item.i_color = 'beige', tpcds_partitioned_parquet_snap.item.i_item_sk IS NOT NULL
|     mem-estimate=16.00MB mem-reservation=512.00KB thread-reservation=0
|     tuple-ids=4 row-size=62B cardinality=3.90K cost=154512
|     in pipelines: 03(GETNEXT)
|
02:HASH JOIN [INNER JOIN]
|  hash predicates: tpcds_partitioned_parquet_snap.store_sales.ss_item_sk = tpcds_partitioned_parquet_snap.store_returns.sr_item_sk, tpcds_partitioned_parquet_snap.store_sales.ss_ticket_number = tpcds_partitioned_parquet_snap.store_returns.sr_ticket_number
|  fk/pk conjuncts: tpcds_partitioned_parquet_snap.store_sales.ss_item_sk = tpcds_partitioned_parquet_snap.store_returns.sr_item_sk, tpcds_partitioned_parquet_snap.store_sales.ss_ticket_number = tpcds_partitioned_parquet_snap.store_returns.sr_ticket_number
|  runtime filters: RF006[bloom] <- tpcds_partitioned_parquet_snap.store_returns.sr_item_sk, RF008[min_max] <- tpcds_partitioned_parquet_snap.store_returns.sr_item_sk, RF009[min_max] <- tpcds_partitioned_parquet_snap.store_returns.sr_ticket_number
|  mem-estimate=33.66GB mem-reservation=34.00MB spill-buffer=2.00MB thread-reservation=0
|  tuple-ids=0,2 row-size=36B cardinality=93.62M(filtered from 5.60G) cost=1902643188
|  in pipelines: 00(GETNEXT), 01(OPEN)
|
|--01:SCAN HDFS [tpcds_partitioned_parquet_snap.store_returns]
|     HDFS partitions=2004/2004 files=2004 size=48.14GB
|     predicates: tpcds_partitioned_parquet_snap.store_returns.sr_item_sk IS NOT NULL, tpcds_partitioned_parquet_snap.store_returns.sr_ticket_number IS NOT NULL
|     runtime filters: RF005[min_max] -> tpcds_partitioned_parquet_snap.store_returns.sr_item_sk, RF004[bloom] -> tpcds_partitioned_parquet_snap.store_returns.sr_item_sk
|     stored statistics:
|       table: rows=863.99M size=48.14GB
|       partitions: 2004/2004 rows=863.99M
|       columns: all
|     extrapolated-rows=disabled max-scan-range-rows=30.09M
|     parquet dictionary predicates: tpcds_partitioned_parquet_snap.store_returns.sr_item_sk IS NOT NULL, tpcds_partitioned_parquet_snap.store_returns.sr_ticket_number IS NOT NULL
|     mem-estimate=16.00MB mem-reservation=512.00KB thread-reservation=0
|     tuple-ids=2 row-size=12B cardinality=863.99M cost=197853396
|     in pipelines: 01(GETNEXT)
|
00:SCAN HDFS [tpcds_partitioned_parquet_snap.store_sales]
   HDFS partitions=1824/1824 files=1824 size=389.90GB
   predicates: tpcds_partitioned_parquet_snap.store_sales.ss_customer_sk IS NOT NULL, tpcds_partitioned_parquet_snap.store_sales.ss_store_sk IS NOT NULL, tpcds_partitioned_parquet_snap.store_sales.ss_item_sk IS NOT NULL, tpcds_partitioned_parquet_snap.store_sales.ss_ticket_number IS NOT NULL
   runtime filters: RF005[min_max] -> tpcds_partitioned_parquet_snap.store_sales.ss_item_sk, RF002[min_max] -> tpcds_partitioned_parquet_snap.store_sales.ss_customer_sk, RF003[min_max] -> tpcds_partitioned_parquet_snap.store_sales.ss_store_sk, RF008[min_max] -> tpcds_partitioned_parquet_snap.store_sales.ss_item_sk, RF009[min_max] -> tpcds_partitioned_parquet_snap.store_sales.ss_ticket_number, RF004[bloom] -> tpcds_partitioned_parquet_snap.store_sales.ss_item_sk, RF000[bloom] -> tpcds_partitioned_parquet_snap.store_sales.ss_customer_sk, RF001[bloom] -> tpcds_partitioned_parquet_snap.store_sales.ss_store_sk, RF006[bloom] -> tpcds_partitioned_parquet_snap.store_sales.ss_item_sk
   stored statistics:
     table: rows=8.64G size=389.90GB
     partitions: 1824/1824 rows=8.64G
     columns: all
   extrapolated-rows=disabled max-scan-range-rows=390.22M
   parquet dictionary predicates: tpcds_partitioned_parquet_snap.store_sales.ss_customer_sk IS NOT NULL, tpcds_partitioned_parquet_snap.store_sales.ss_store_sk IS NOT NULL, tpcds_partitioned_parquet_snap.store_sales.ss_item_sk IS NOT NULL, tpcds_partitioned_parquet_snap.store_sales.ss_ticket_number IS NOT NULL
   mem-estimate=16.00MB mem-reservation=8.00MB thread-reservation=0
   tuple-ids=0 row-size=24B cardinality=93.62M(filtered from 8.06G) cost=3957090318
   in pipelines: 00(GETNEXT)
---- DISTRIBUTEDPLAN
Max Per-Host Resource Reservation: Memory=1.13GB Threads=84
Per-Host Resource Estimates: Memory=10.58GB
F18:PLAN FRAGMENT [UNPARTITIONED] hosts=1 instances=1
|  Per-Instance Resources: mem-estimate=6.37MB mem-reservation=4.00MB thread-reservation=1
|  max-parallelism=1 segment-costs=[349429] cpu-comparison-result=368 [max(1 (self) vs 368 (sum children))]
PLAN-ROOT SINK
|  output exprs: tpcds_partitioned_parquet_snap.customer.c_last_name, tpcds_partitioned_parquet_snap.customer.c_first_name, tpcds_partitioned_parquet_snap.store.s_store_name, sum(sum(tpcds_partitioned_parquet_snap.store_sales.ss_net_paid))
|  mem-estimate=5.16MB mem-reservation=4.00MB spill-buffer=2.00MB thread-reservation=0 cost=318480
|
49:MERGING-EXCHANGE [UNPARTITIONED]
|  order by: tpcds_partitioned_parquet_snap.customer.c_last_name ASC NULLS LAST, tpcds_partitioned_parquet_snap.customer.c_first_name ASC NULLS LAST, tpcds_partitioned_parquet_snap.store.s_store_name ASC NULLS LAST
|  mem-estimate=1.22MB mem-reservation=0B thread-reservation=0
|  tuple-ids=29 row-size=68B cardinality=79.62K cost=30949
|  in pipelines: 27(GETNEXT)
|
F08:PLAN FRAGMENT [HASH(tpcds_partitioned_parquet_snap.customer.c_last_name,tpcds_partitioned_parquet_snap.customer.c_first_name,tpcds_partitioned_parquet_snap.store.s_store_name)] hosts=10 instances=10 (adjusted from 120)
Per-Instance Resources: mem-estimate=22.00MB mem-reservation=20.50MB thread-reservation=1
max-parallelism=10 segment-costs=[5036796, 283918, 166680] cpu-comparison-result=368 [max(10 (self) vs 368 (sum children))]
27:SORT
|  order by: tpcds_partitioned_parquet_snap.customer.c_last_name ASC NULLS LAST, tpcds_partitioned_parquet_snap.customer.c_first_name ASC NULLS LAST, tpcds_partitioned_parquet_snap.store.s_store_name ASC NULLS LAST
|  mem-estimate=12.00MB mem-reservation=12.00MB spill-buffer=2.00MB thread-reservation=0
|  tuple-ids=29 row-size=68B cardinality=79.62K cost=267604
|  in pipelines: 27(GETNEXT), 37(OPEN)
|
26:NESTED LOOP JOIN [INNER JOIN, BROADCAST]
|  join table id: 00
|  join predicates: sum(sum(tpcds_partitioned_parquet_snap.store_sales.ss_net_paid)) > multiply(CAST(0.05 AS DECIMAL(3,2)), avg(sum(tpcds_partitioned_parquet_snap.store_sales_0.ss_net_paid)))
|  mem-estimate=0B mem-reservation=0B thread-reservation=0
|  tuple-ids=13,28 row-size=84B cardinality=79.62K cost=16314
|  in pipelines: 37(GETNEXT), 47(OPEN)
|
|--F19:PLAN FRAGMENT [HASH(tpcds_partitioned_parquet_snap.customer.c_last_name,tpcds_partitioned_parquet_snap.customer.c_first_name,tpcds_partitioned_parquet_snap.store.s_store_name)] hosts=10 instances=10
|  |  Per-Instance Resources: mem-estimate=16.02KB mem-reservation=0B thread-reservation=1
|  |  max-parallelism=10 segment-costs=[0] cpu-comparison-result=194 [max(10 (self) vs 194 (sum children))]
|  JOIN BUILD
|  |  join-table-id=00 plan-id=01 cohort-id=01
|  |  mem-estimate=16B mem-reservation=0B thread-reservation=0 cost=0
|  |
|  48:EXCHANGE [BROADCAST]
|  |  mem-estimate=16.00KB mem-reservation=0B thread-reservation=0
|  |  tuple-ids=28 row-size=16B cardinality=1 cost=0
|  |  in pipelines: 47(GETNEXT)
|  |
|  F17:PLAN FRAGMENT [UNPARTITIONED] hosts=1 instances=1
|  Per-Instance Resources: mem-estimate=96.00KB mem-reservation=0B thread-reservation=1
|  max-parallelism=1 segment-costs=[30, 0] cpu-comparison-result=194 [max(1 (self) vs 194 (sum children))]
|  47:AGGREGATE [FINALIZE]
|  |  output: avg:merge(sum(tpcds_partitioned_parquet_snap.store_sales_0.ss_net_paid))
|  |  having: avg(sum(tpcds_partitioned_parquet_snap.store_sales_0.ss_net_paid)) IS NOT NULL
|  |  mem-estimate=16.00KB mem-reservation=0B spill-buffer=2.00MB thread-reservation=0
|  |  tuple-ids=28 row-size=16B cardinality=1 cost=8
|  |  in pipelines: 47(GETNEXT), 25(OPEN)
|  |
|  46:EXCHANGE [UNPARTITIONED]
|  |  mem-estimate=70.50KB mem-reservation=0B thread-reservation=0
|  |  tuple-ids=27 row-size=16B cardinality=120 cost=22
|  |  in pipelines: 25(GETNEXT)
|  |
|  F16:PLAN FRAGMENT [HASH(tpcds_partitioned_parquet_snap.customer_0.c_last_name,tpcds_partitioned_parquet_snap.customer_0.c_first_name,tpcds_partitioned_parquet_snap.store_0.s_store_name,tpcds_partitioned_parquet_snap.customer_address_0.ca_state,tpcds_partitioned_parquet_snap.store_0.s_state,tpcds_partitioned_parquet_snap.item_0.i_color,tpcds_partitioned_parquet_snap.item_0.i_current_price,tpcds_partitioned_parquet_snap.item_0.i_manager_id,tpcds_partitioned_parquet_snap.item_0.i_units,tpcds_partitioned_parquet_snap.item_0.i_size)] hosts=10 instances=30 (adjusted from 120)
|  Per-Instance Resources: mem-estimate=403.25MB mem-reservation=34.00MB thread-reservation=1
|  max-parallelism=50 segment-costs=[493597025, 5140700, 185] cpu-comparison-result=194 [max(30 (self) vs 194 (sum children))]
|  25:AGGREGATE
|  |  output: avg(sum(tpcds_partitioned_parquet_snap.store_sales_0.ss_net_paid))
|  |  mem-estimate=16.00KB mem-reservation=0B spill-buffer=2.00MB thread-reservation=0
|  |  tuple-ids=27 row-size=16B cardinality=120 cost=5140700
|  |  in pipelines: 25(GETNEXT), 45(OPEN)
|  |
|  45:AGGREGATE [FINALIZE]
|  |  output: sum:merge(tpcds_partitioned_parquet_snap.store_sales_0.ss_net_paid)
|  |  group by: tpcds_partitioned_parquet_snap.customer_0.c_last_name, tpcds_partitioned_parquet_snap.customer_0.c_first_name, tpcds_partitioned_parquet_snap.store_0.s_store_name, tpcds_partitioned_parquet_snap.customer_address_0.ca_state, tpcds_partitioned_parquet_snap.store_0.s_state, tpcds_partitioned_parquet_snap.item_0.i_color, tpcds_partitioned_parquet_snap.item_0.i_current_price, tpcds_partitioned_parquet_snap.item_0.i_manager_id, tpcds_partitioned_parquet_snap.item_0.i_units, tpcds_partitioned_parquet_snap.item_0.i_size
|  |  mem-estimate=387.09MB mem-reservation=34.00MB spill-buffer=2.00MB thread-reservation=0
|  |  tuple-ids=26 row-size=154B cardinality=73.44M cost=433478550
|  |  in pipelines: 45(GETNEXT), 13(OPEN)
|  |
|  44:EXCHANGE [HASH(tpcds_partitioned_parquet_snap.customer_0.c_last_name,tpcds_partitioned_parquet_snap.customer_0.c_first_name,tpcds_partitioned_parquet_snap.store_0.s_store_name,tpcds_partitioned_parquet_snap.customer_address_0.ca_state,tpcds_partitioned_parquet_snap.store_0.s_state,tpcds_partitioned_parquet_snap.item_0.i_color,tpcds_partitioned_parquet_snap.item_0.i_current_price,tpcds_partitioned_parquet_snap.item_0.i_manager_id,tpcds_partitioned_parquet_snap.item_0.i_units,tpcds_partitioned_parquet_snap.item_0.i_size)]
|  |  mem-estimate=16.16MB mem-reservation=0B thread-reservation=0
|  |  tuple-ids=26 row-size=154B cardinality=73.44M cost=60118475
|  |  in pipelines: 13(GETNEXT)
|  |
|  F11:PLAN FRAGMENT [HASH(tpcds_partitioned_parquet_snap.store_sales_0.ss_item_sk,tpcds_partitioned_parquet_snap.store_sales_0.ss_ticket_number)] hosts=10 instances=40 (adjusted from 120)
|  Per-Instance Resources: mem-estimate=249.51MB mem-reservation=34.00MB thread-reservation=1
|  max-parallelism=260 segment-costs=[2587907961, 765267854] cpu-comparison-result=194 [max(160 (self) vs 194 (sum children))]
|  24:AGGREGATE [STREAMING]
|  |  output: sum(tpcds_partitioned_parquet_snap.store_sales_0.ss_net_paid)
|  |  group by: tpcds_partitioned_parquet_snap.customer_0.c_last_name, tpcds_partitioned_parquet_snap.customer_0.c_first_name, tpcds_partitioned_parquet_snap.store_0.s_store_name, tpcds_partitioned_parquet_snap.customer_address_0.ca_state, tpcds_partitioned_parquet_snap.store_0.s_state, tpcds_partitioned_parquet_snap.item_0.i_color, tpcds_partitioned_parquet_snap.item_0.i_current_price, tpcds_partitioned_parquet_snap.item_0.i_manager_id, tpcds_partitioned_parquet_snap.item_0.i_units, tpcds_partitioned_parquet_snap.item_0.i_size
|  |  mem-estimate=217.74MB mem-reservation=34.00MB spill-buffer=2.00MB thread-reservation=0
|  |  tuple-ids=26 row-size=154B cardinality=73.44M cost=433478550
|  |  in pipelines: 13(GETNEXT)
|  |
|  23:HASH JOIN [INNER JOIN, BROADCAST]
|  |  hash-table-id=01
|  |  hash predicates: tpcds_partitioned_parquet_snap.store_sales_0.ss_customer_sk = tpcds_partitioned_parquet_snap.customer_0.c_customer_sk, tpcds_partitioned_parquet_snap.store_sales_0.ss_store_sk = tpcds_partitioned_parquet_snap.store_0.s_store_sk
|  |  fk/pk conjuncts: tpcds_partitioned_parquet_snap.store_sales_0.ss_customer_sk = tpcds_partitioned_parquet_snap.customer_0.c_customer_sk, tpcds_partitioned_parquet_snap.store_sales_0.ss_store_sk = tpcds_partitioned_parquet_snap.store_0.s_store_sk
|  |  mem-estimate=0B mem-reservation=0B spill-buffer=2.00MB thread-reservation=0
|  |  tuple-ids=14,16,18,20,22,24 row-size=278B cardinality=73.44M cost=42386471
|  |  in pipelines: 13(GETNEXT), 18(OPEN)
|  |
|  |--F20:PLAN FRAGMENT [HASH(tpcds_partitioned_parquet_snap.store_sales_0.ss_item_sk,tpcds_partitioned_parquet_snap.store_sales_0.ss_ticket_number)] hosts=10 instances=10
|  |  |  Per-Instance Resources: mem-estimate=149.87MB mem-reservation=138.00MB thread-reservation=1 runtime-filters-memory=2.00MB
|  |  |  max-parallelism=10 segment-costs=[998724] cpu-comparison-result=20 [max(20 (self) vs 20 (sum children))]
|  |  JOIN BUILD
|  |  |  join-table-id=01 plan-id=02 cohort-id=02
|  |  |  build expressions: tpcds_partitioned_parquet_snap.customer_0.c_customer_sk, tpcds_partitioned_parquet_snap.store_0.s_store_sk
|  |  |  runtime filters: RF014[bloom] <- tpcds_partitioned_parquet_snap.customer_0.c_customer_sk, RF015[bloom] <- tpcds_partitioned_parquet_snap.store_0.s_store_sk, RF016[min_max] <- tpcds_partitioned_parquet_snap.customer_0.c_customer_sk, RF017[min_max] <- tpcds_partitioned_parquet_snap.store_0.s_store_sk
|  |  |  mem-estimate=136.00MB mem-reservation=136.00MB spill-buffer=2.00MB thread-reservation=0 cost=428824
|  |  |
|  |  43:EXCHANGE [BROADCAST]
|  |  |  mem-estimate=11.87MB mem-reservation=0B thread-reservation=0
|  |  |  tuple-ids=20,22,24 row-size=180B cardinality=428.82K cost=569900
|  |  |  in pipelines: 18(GETNEXT)
|  |  |
|  |  F13:PLAN FRAGMENT [RANDOM] hosts=10 instances=10
|  |  Per-Host Shared Resources: mem-estimate=1.00MB mem-reservation=1.00MB thread-reservation=0 runtime-filters-memory=1.00MB
|  |  Per-Instance Resources: mem-estimate=16.75MB mem-reservation=1.00MB thread-reservation=1
|  |  max-parallelism=10 segment-costs=[15345339]
|  |  22:HASH JOIN [INNER JOIN, BROADCAST]
|  |  |  hash-table-id=02
|  |  |  hash predicates: tpcds_partitioned_parquet_snap.customer_0.c_current_addr_sk = tpcds_partitioned_parquet_snap.customer_address_0.ca_address_sk
|  |  |  fk/pk conjuncts: tpcds_partitioned_parquet_snap.customer_0.c_current_addr_sk = tpcds_partitioned_parquet_snap.customer_address_0.ca_address_sk
|  |  |  other join predicates: tpcds_partitioned_parquet_snap.customer_0.c_birth_country != upper(tpcds_partitioned_parquet_snap.customer_address_0.ca_country)
|  |  |  mem-estimate=0B mem-reservation=0B spill-buffer=2.00MB thread-reservation=0
|  |  |  tuple-ids=20,22,24 row-size=180B cardinality=428.82K cost=191684
|  |  |  in pipelines: 18(GETNEXT), 19(OPEN)
|  |  |
|  |  |--F21:PLAN FRAGMENT [RANDOM] hosts=10 instances=10
|  |  |  |  Per-Instance Resources: mem-estimate=46.20MB mem-reservation=35.00MB thread-reservation=1 runtime-filters-memory=1.00MB
|  |  |  |  max-parallelism=10 segment-costs=[460251] cpu-comparison-result=20 [max(20 (self) vs 11 (sum children))]
|  |  |  JOIN BUILD
|  |  |  |  join-table-id=02 plan-id=03 cohort-id=03
|  |  |  |  build expressions: tpcds_partitioned_parquet_snap.customer_address_0.ca_address_sk
|  |  |  |  runtime filters: RF024[bloom] <- tpcds_partitioned_parquet_snap.customer_address_0.ca_address_sk, RF025[min_max] <- tpcds_partitioned_parquet_snap.customer_address_0.ca_address_sk
|  |  |  |  mem-estimate=34.00MB mem-reservation=34.00MB spill-buffer=2.00MB thread-reservation=0 cost=197621
|  |  |  |
|  |  |  42:EXCHANGE [BROADCAST]
|  |  |  |  mem-estimate=11.20MB mem-reservation=0B thread-reservation=0
|  |  |  |  tuple-ids=22,24 row-size=115B cardinality=197.62K cost=262630
|  |  |  |  in pipelines: 19(GETNEXT)
|  |  |  |
|  |  |  F14:PLAN FRAGMENT [RANDOM] hosts=10 instances=10
|  |  |  Per-Host Shared Resources: mem-estimate=1.00MB mem-reservation=1.00MB thread-reservation=0 runtime-filters-memory=1.00MB
|  |  |  Per-Instance Resources: mem-estimate=16.48MB mem-reservation=128.00KB thread-reservation=1
|  |  |  max-parallelism=10 segment-costs=[6183363]
|  |  |  21:HASH JOIN [INNER JOIN, BROADCAST]
|  |  |  |  hash-table-id=03
|  |  |  |  hash predicates: tpcds_partitioned_parquet_snap.customer_address_0.ca_zip = tpcds_partitioned_parquet_snap.store_0.s_zip
|  |  |  |  fk/pk conjuncts: none
|  |  |  |  mem-estimate=0B mem-reservation=0B spill-buffer=64.00KB thread-reservation=0
|  |  |  |  tuple-ids=22,24 row-size=115B cardinality=197.62K cost=86498
|  |  |  |  in pipelines: 19(GETNEXT), 20(OPEN)
|  |  |  |
|  |  |  |--F22:PLAN FRAGMENT [RANDOM] hosts=10 instances=10
|  |  |  |  |  Per-Instance Resources: mem-estimate=2.95MB mem-reservation=2.94MB thread-reservation=1 runtime-filters-memory=1.00MB
|  |  |  |  |  max-parallelism=10 segment-costs=[304]
|  |  |  |  JOIN BUILD
|  |  |  |  |  join-table-id=03 plan-id=04 cohort-id=04
|  |  |  |  |  build expressions: tpcds_partitioned_parquet_snap.store_0.s_zip
|  |  |  |  |  runtime filters: RF026[bloom] <- tpcds_partitioned_parquet_snap.store_0.s_zip, RF027[min_max] <- tpcds_partitioned_parquet_snap.store_0.s_zip
|  |  |  |  |  mem-estimate=1.94MB mem-reservation=1.94MB spill-buffer=64.00KB thread-reservation=0 cost=134
|  |  |  |  |
|  |  |  |  41:EXCHANGE [BROADCAST]
|  |  |  |  |  mem-estimate=16.00KB mem-reservation=0B thread-reservation=0
|  |  |  |  |  tuple-ids=24 row-size=55B cardinality=134 cost=170
|  |  |  |  |  in pipelines: 20(GETNEXT)
|  |  |  |  |
|  |  |  |  F15:PLAN FRAGMENT [RANDOM] hosts=1 instances=1
|  |  |  |  Per-Instance Resources: mem-estimate=16.23MB mem-reservation=40.00KB thread-reservation=1
|  |  |  |  max-parallelism=1 segment-costs=[503]
|  |  |  |  20:SCAN HDFS [tpcds_partitioned_parquet_snap.store, RANDOM]
|  |  |  |     HDFS partitions=1/1 files=1 size=119.76KB
|  |  |  |     predicates: tpcds_partitioned_parquet_snap.store_0.s_market_id = CAST(10 AS INT), tpcds_partitioned_parquet_snap.store_0.s_zip IS NOT NULL, tpcds_partitioned_parquet_snap.store_0.s_store_sk IS NOT NULL
|  |  |  |     stored statistics:
|  |  |  |       table: rows=1.35K size=119.76KB
|  |  |  |       columns: all
|  |  |  |     extrapolated-rows=disabled max-scan-range-rows=1.35K
|  |  |  |     parquet statistics predicates: tpcds_partitioned_parquet_snap.store_0.s_market_id = CAST(10 AS INT)
|  |  |  |     parquet dictionary predicates: tpcds_partitioned_parquet_snap.store_0.s_market_id = CAST(10 AS INT), tpcds_partitioned_parquet_snap.store_0.s_zip IS NOT NULL, tpcds_partitioned_parquet_snap.store_0.s_store_sk IS NOT NULL
|  |  |  |     mem-estimate=16.00MB mem-reservation=40.00KB thread-reservation=0
|  |  |  |     tuple-ids=24 row-size=55B cardinality=134 cost=481
|  |  |  |     in pipelines: 20(GETNEXT)
|  |  |  |
|  |  |  19:SCAN HDFS [tpcds_partitioned_parquet_snap.customer_address, RANDOM]
|  |  |     HDFS partitions=1/1 files=1 size=307.36MB
|  |  |     predicates: tpcds_partitioned_parquet_snap.customer_address_0.ca_zip IS NOT NULL, tpcds_partitioned_parquet_snap.customer_address_0.ca_address_sk IS NOT NULL
|  |  |     runtime filters: RF027[min_max] -> tpcds_partitioned_parquet_snap.customer_address_0.ca_zip, RF026[bloom] -> tpcds_partitioned_parquet_snap.customer_address_0.ca_zip
|  |  |     stored statistics:
|  |  |       table: rows=15.00M size=307.36MB
|  |  |       columns: all
|  |  |     extrapolated-rows=disabled max-scan-range-rows=1.58M
|  |  |     parquet dictionary predicates: tpcds_partitioned_parquet_snap.customer_address_0.ca_zip IS NOT NULL, tpcds_partitioned_parquet_snap.customer_address_0.ca_address_sk IS NOT NULL
|  |  |     mem-estimate=16.00MB mem-reservation=128.00KB thread-reservation=0
|  |  |     tuple-ids=22 row-size=60B cardinality=197.62K(filtered from 14.55M) cost=6027000
|  |  |     in pipelines: 19(GETNEXT)
|  |  |
|  |  18:SCAN HDFS [tpcds_partitioned_parquet_snap.customer, RANDOM]
|  |     HDFS partitions=1/1 files=1 size=1.55GB
|  |     predicates: tpcds_partitioned_parquet_snap.customer_0.c_birth_country IS NOT NULL, tpcds_partitioned_parquet_snap.customer_0.c_current_addr_sk IS NOT NULL, tpcds_partitioned_parquet_snap.customer_0.c_customer_sk IS NOT NULL
|  |     runtime filters: RF025[min_max] -> tpcds_partitioned_parquet_snap.customer_0.c_current_addr_sk, RF024[bloom] -> tpcds_partitioned_parquet_snap.customer_0.c_current_addr_sk
|  |     stored statistics:
|  |       table: rows=30.00M size=1.55GB
|  |       columns: all
|  |     extrapolated-rows=disabled max-scan-range-rows=3.10M
|  |     parquet dictionary predicates: tpcds_partitioned_parquet_snap.customer_0.c_birth_country IS NOT NULL, tpcds_partitioned_parquet_snap.customer_0.c_current_addr_sk IS NOT NULL, tpcds_partitioned_parquet_snap.customer_0.c_customer_sk IS NOT NULL
|  |     mem-estimate=16.00MB mem-reservation=1.00MB thread-reservation=0
|  |     tuple-ids=20 row-size=65B cardinality=444.37K(filtered from 28.95M) cost=14917903
|  |     in pipelines: 18(GETNEXT)
|  |
|  17:HASH JOIN [INNER JOIN, BROADCAST]
|  |  hash-table-id=04
|  |  hash predicates: tpcds_partitioned_parquet_snap.store_sales_0.ss_item_sk = tpcds_partitioned_parquet_snap.item_0.i_item_sk
|  |  fk/pk conjuncts: tpcds_partitioned_parquet_snap.store_sales_0.ss_item_sk = tpcds_partitioned_parquet_snap.item_0.i_item_sk
|  |  mem-estimate=0B mem-reservation=0B spill-buffer=2.00MB thread-reservation=0
|  |  tuple-ids=14,16,18 row-size=98B cardinality=113.37M(filtered from 5.60G) cost=1043212211
|  |  in pipelines: 13(GETNEXT), 16(OPEN)
|  |
|  |--F23:PLAN FRAGMENT [HASH(tpcds_partitioned_parquet_snap.store_sales_0.ss_item_sk,tpcds_partitioned_parquet_snap.store_sales_0.ss_ticket_number)] hosts=10 instances=10
|  |  |  Per-Instance Resources: mem-estimate=146.26MB mem-reservation=136.00MB thread-reservation=1
|  |  |  max-parallelism=10 segment-costs=[838440]
|  |  JOIN BUILD
|  |  |  join-table-id=04 plan-id=05 cohort-id=02
|  |  |  build expressions: tpcds_partitioned_parquet_snap.item_0.i_item_sk
|  |  |  runtime filters: RF019[min_max] <- tpcds_partitioned_parquet_snap.item_0.i_item_sk
|  |  |  mem-estimate=136.00MB mem-reservation=136.00MB spill-buffer=2.00MB thread-reservation=0 cost=360000
|  |  |
|  |  40:EXCHANGE [BROADCAST]
|  |  |  mem-estimate=10.26MB mem-reservation=0B thread-reservation=0
|  |  |  tuple-ids=18 row-size=62B cardinality=360.00K cost=478440
|  |  |  in pipelines: 16(GETNEXT)
|  |  |
|  |  F12:PLAN FRAGMENT [RANDOM] hosts=4 instances=4
|  |  Per-Instance Resources: mem-estimate=16.26MB mem-reservation=512.00KB thread-reservation=1
|  |  max-parallelism=4 segment-costs=[212341]
|  |  16:SCAN HDFS [tpcds_partitioned_parquet_snap.item, RANDOM]
|  |     HDFS partitions=1/1 files=1 size=33.54MB
|  |     predicates: tpcds_partitioned_parquet_snap.item_0.i_item_sk IS NOT NULL
|  |     stored statistics:
|  |       table: rows=360.00K size=33.54MB
|  |       columns: all
|  |     extrapolated-rows=disabled max-scan-range-rows=101.54K
|  |     parquet dictionary predicates: tpcds_partitioned_parquet_snap.item_0.i_item_sk IS NOT NULL
|  |     mem-estimate=16.00MB mem-reservation=512.00KB thread-reservation=0
|  |     tuple-ids=18 row-size=62B cardinality=360.00K cost=144396
|  |     in pipelines: 16(GETNEXT)
|  |
|  15:HASH JOIN [INNER JOIN, PARTITIONED]
|  |  hash-table-id=05
|  |  hash predicates: tpcds_partitioned_parquet_snap.store_sales_0.ss_item_sk = tpcds_partitioned_parquet_snap.store_returns_0.sr_item_sk, tpcds_partitioned_parquet_snap.store_sales_0.ss_ticket_number = tpcds_partitioned_parquet_snap.store_returns_0.sr_ticket_number
|  |  fk/pk conjuncts: tpcds_partitioned_parquet_snap.store_sales_0.ss_item_sk = tpcds_partitioned_parquet_snap.store_returns_0.sr_item_sk, tpcds_partitioned_parquet_snap.store_sales_0.ss_ticket_number = tpcds_partitioned_parquet_snap.store_returns_0.sr_ticket_number
|  |  mem-estimate=0B mem-reservation=0B spill-buffer=2.00MB thread-reservation=0
|  |  tuple-ids=14,16 row-size=36B cardinality=113.37M(filtered from 5.60G) cost=1043719277
|  |  in pipelines: 13(GETNEXT), 14(OPEN)
|  |
|  |--F24:PLAN FRAGMENT [HASH(tpcds_partitioned_parquet_snap.store_sales_0.ss_item_sk,tpcds_partitioned_parquet_snap.store_sales_0.ss_ticket_number)] hosts=10 instances=40 (adjusted from 120)
|  |  |  Per-Instance Resources: mem-estimate=873.46MB mem-reservation=34.00MB thread-reservation=1
|  |  |  max-parallelism=260 segment-costs=[1007669941]
|  |  JOIN BUILD
|  |  |  join-table-id=05 plan-id=06 cohort-id=02
|  |  |  build expressions: tpcds_partitioned_parquet_snap.store_returns_0.sr_item_sk, tpcds_partitioned_parquet_snap.store_returns_0.sr_ticket_number
|  |  |  runtime filters: RF022[min_max] <- tpcds_partitioned_parquet_snap.store_returns_0.sr_item_sk, RF023[min_max] <- tpcds_partitioned_parquet_snap.store_returns_0.sr_ticket_number
|  |  |  mem-estimate=861.59MB mem-reservation=34.00MB spill-buffer=2.00MB thread-reservation=0 cost=863988632
|  |  |
|  |  39:EXCHANGE [HASH(tpcds_partitioned_parquet_snap.store_returns_0.sr_item_sk,tpcds_partitioned_parquet_snap.store_returns_0.sr_ticket_number)]
|  |  |  mem-estimate=11.88MB mem-reservation=0B thread-reservation=0
|  |  |  tuple-ids=16 row-size=12B cardinality=863.99M cost=143681309
|  |  |  in pipelines: 14(GETNEXT)
|  |  |
|  |  F10:PLAN FRAGMENT [RANDOM] hosts=10 instances=120
|  |  Per-Instance Resources: mem-estimate=18.50MB mem-reservation=512.00KB thread-reservation=1
|  |  max-parallelism=140 segment-costs=[1310670754]
|  |  14:SCAN HDFS [tpcds_partitioned_parquet_snap.store_returns, RANDOM]
|  |     HDFS partitions=2004/2004 files=2004 size=48.14GB
|  |     predicates: tpcds_partitioned_parquet_snap.store_returns_0.sr_item_sk IS NOT NULL, tpcds_partitioned_parquet_snap.store_returns_0.sr_ticket_number IS NOT NULL
|  |     runtime filters: RF019[min_max] -> tpcds_partitioned_parquet_snap.store_returns_0.sr_item_sk
|  |     stored statistics:
|  |       table: rows=863.99M size=48.14GB
|  |       partitions: 2004/2004 rows=863.99M
|  |       columns: all
|  |     extrapolated-rows=disabled max-scan-range-rows=30.09M
|  |     parquet dictionary predicates: tpcds_partitioned_parquet_snap.store_returns_0.sr_item_sk IS NOT NULL, tpcds_partitioned_parquet_snap.store_returns_0.sr_ticket_number IS NOT NULL
|  |     mem-estimate=16.00MB mem-reservation=512.00KB thread-reservation=0
|  |     tuple-ids=16 row-size=12B cardinality=863.99M cost=197853396
|  |     in pipelines: 14(GETNEXT)
|  |
|  38:EXCHANGE [HASH(tpcds_partitioned_parquet_snap.store_sales_0.ss_item_sk,tpcds_partitioned_parquet_snap.store_sales_0.ss_ticket_number)]
|  |  mem-estimate=13.28MB mem-reservation=0B thread-reservation=0
|  |  tuple-ids=14 row-size=24B cardinality=113.37M(filtered from 8.06G) cost=25111452
|  |  in pipelines: 13(GETNEXT)
|  |
|  F09:PLAN FRAGMENT [RANDOM] hosts=10 instances=120
|  Per-Host Shared Resources: mem-estimate=2.00MB mem-reservation=2.00MB thread-reservation=0 runtime-filters-memory=2.00MB
|  Per-Instance Resources: mem-estimate=20.38MB mem-reservation=8.00MB thread-reservation=1
|  max-parallelism=420 segment-costs=[4190723187]
|  13:SCAN HDFS [tpcds_partitioned_parquet_snap.store_sales, RANDOM]
|     HDFS partitions=1824/1824 files=1824 size=389.90GB
|     predicates: tpcds_partitioned_parquet_snap.store_sales_0.ss_customer_sk IS NOT NULL, tpcds_partitioned_parquet_snap.store_sales_0.ss_store_sk IS NOT NULL, tpcds_partitioned_parquet_snap.store_sales_0.ss_item_sk IS NOT NULL, tpcds_partitioned_parquet_snap.store_sales_0.ss_ticket_number IS NOT NULL
|     runtime filters: RF016[min_max] -> tpcds_partitioned_parquet_snap.store_sales_0.ss_customer_sk, RF017[min_max] -> tpcds_partitioned_parquet_snap.store_sales_0.ss_store_sk, RF022[min_max] -> tpcds_partitioned_parquet_snap.store_sales_0.ss_item_sk, RF023[min_max] -> tpcds_partitioned_parquet_snap.store_sales_0.ss_ticket_number, RF019[min_max] -> tpcds_partitioned_parquet_snap.store_sales_0.ss_item_sk, RF014[bloom] -> tpcds_partitioned_parquet_snap.store_sales_0.ss_customer_sk, RF015[bloom] -> tpcds_partitioned_parquet_snap.store_sales_0.ss_store_sk
|     stored statistics:
|       table: rows=8.64G size=389.90GB
|       partitions: 1824/1824 rows=8.64G
|       columns: all
|     extrapolated-rows=disabled max-scan-range-rows=390.22M
|     parquet dictionary predicates: tpcds_partitioned_parquet_snap.store_sales_0.ss_customer_sk IS NOT NULL, tpcds_partitioned_parquet_snap.store_sales_0.ss_store_sk IS NOT NULL, tpcds_partitioned_parquet_snap.store_sales_0.ss_item_sk IS NOT NULL, tpcds_partitioned_parquet_snap.store_sales_0.ss_ticket_number IS NOT NULL
|     mem-estimate=16.00MB mem-reservation=8.00MB thread-reservation=0
|     tuple-ids=14 row-size=24B cardinality=113.37M(filtered from 8.06G) cost=3957090318
|     in pipelines: 13(GETNEXT)
|
37:AGGREGATE [FINALIZE]
|  output: sum:merge(sum(tpcds_partitioned_parquet_snap.store_sales.ss_net_paid))
|  group by: tpcds_partitioned_parquet_snap.customer.c_last_name, tpcds_partitioned_parquet_snap.customer.c_first_name, tpcds_partitioned_parquet_snap.store.s_store_name
|  having: sum(sum(tpcds_partitioned_parquet_snap.store_sales.ss_net_paid)) IS NOT NULL
|  mem-estimate=10.00MB mem-reservation=8.50MB spill-buffer=512.00KB thread-reservation=0
|  tuple-ids=13 row-size=68B cardinality=79.62K cost=4699632
|  in pipelines: 37(GETNEXT), 35(OPEN)
|
36:EXCHANGE [HASH(tpcds_partitioned_parquet_snap.customer.c_last_name,tpcds_partitioned_parquet_snap.customer.c_first_name,tpcds_partitioned_parquet_snap.store.s_store_name)]
|  mem-estimate=5.86MB mem-reservation=0B thread-reservation=0
|  tuple-ids=13 row-size=68B cardinality=796.20K cost=337164
|  in pipelines: 35(GETNEXT)
|
F07:PLAN FRAGMENT [HASH(tpcds_partitioned_parquet_snap.customer.c_last_name,tpcds_partitioned_parquet_snap.customer.c_first_name,tpcds_partitioned_parquet_snap.store.s_store_name,tpcds_partitioned_parquet_snap.customer_address.ca_state,tpcds_partitioned_parquet_snap.store.s_state,tpcds_partitioned_parquet_snap.item.i_current_price,tpcds_partitioned_parquet_snap.item.i_manager_id,tpcds_partitioned_parquet_snap.item.i_units,tpcds_partitioned_parquet_snap.item.i_size)] hosts=10 instances=10 (adjusted from 120)
Per-Instance Resources: mem-estimate=39.74MB mem-reservation=26.00MB thread-reservation=1
max-parallelism=10 segment-costs=[5287758, 4699632, 3892103] cpu-comparison-result=174 [max(10 (self) vs 174 (sum children))]
12:AGGREGATE [STREAMING]
|  output: sum(sum(tpcds_partitioned_parquet_snap.store_sales.ss_net_paid))
|  group by: tpcds_partitioned_parquet_snap.customer.c_last_name, tpcds_partitioned_parquet_snap.customer.c_first_name, tpcds_partitioned_parquet_snap.store.s_store_name
|  mem-estimate=10.00MB mem-reservation=9.00MB spill-buffer=512.00KB thread-reservation=0
|  tuple-ids=13 row-size=68B cardinality=796.20K cost=4699632
|  in pipelines: 35(GETNEXT)
|
35:AGGREGATE [FINALIZE]
|  output: sum:merge(tpcds_partitioned_parquet_snap.store_sales.ss_net_paid)
|  group by: tpcds_partitioned_parquet_snap.customer.c_last_name, tpcds_partitioned_parquet_snap.customer.c_first_name, tpcds_partitioned_parquet_snap.store.s_store_name, tpcds_partitioned_parquet_snap.customer_address.ca_state, tpcds_partitioned_parquet_snap.store.s_state, tpcds_partitioned_parquet_snap.item.i_current_price, tpcds_partitioned_parquet_snap.item.i_manager_id, tpcds_partitioned_parquet_snap.item.i_units, tpcds_partitioned_parquet_snap.item.i_size
|  mem-estimate=17.00MB mem-reservation=17.00MB spill-buffer=1.00MB thread-reservation=0
|  tuple-ids=12 row-size=136B cardinality=796.20K cost=4699632
|  in pipelines: 35(GETNEXT), 00(OPEN)
|
34:EXCHANGE [HASH(tpcds_partitioned_parquet_snap.customer.c_last_name,tpcds_partitioned_parquet_snap.customer.c_first_name,tpcds_partitioned_parquet_snap.store.s_store_name,tpcds_partitioned_parquet_snap.customer_address.ca_state,tpcds_partitioned_parquet_snap.store.s_state,tpcds_partitioned_parquet_snap.item.i_current_price,tpcds_partitioned_parquet_snap.item.i_manager_id,tpcds_partitioned_parquet_snap.item.i_units,tpcds_partitioned_parquet_snap.item.i_size)]
|  mem-estimate=12.74MB mem-reservation=0B thread-reservation=0
|  tuple-ids=12 row-size=136B cardinality=796.20K cost=588126
|  in pipelines: 00(GETNEXT)
|
F02:PLAN FRAGMENT [HASH(tpcds_partitioned_parquet_snap.store_sales.ss_item_sk,tpcds_partitioned_parquet_snap.store_sales.ss_ticket_number)] hosts=10 instances=20 (adjusted from 120)
Per-Instance Resources: mem-estimate=28.77MB mem-reservation=9.00MB thread-reservation=1
max-parallelism=120 segment-costs=[1114809810, 7405568] cpu-comparison-result=174 [max(140 (self) vs 174 (sum children))]
11:AGGREGATE [STREAMING]
|  output: sum(tpcds_partitioned_parquet_snap.store_sales.ss_net_paid)
|  group by: tpcds_partitioned_parquet_snap.customer.c_last_name, tpcds_partitioned_parquet_snap.customer.c_first_name, tpcds_partitioned_parquet_snap.store.s_store_name, tpcds_partitioned_parquet_snap.customer_address.ca_state, tpcds_partitioned_parquet_snap.store.s_state, tpcds_partitioned_parquet_snap.item.i_current_price, tpcds_partitioned_parquet_snap.item.i_manager_id, tpcds_partitioned_parquet_snap.item.i_units, tpcds_partitioned_parquet_snap.item.i_size
|  mem-estimate=10.00MB mem-reservation=9.00MB spill-buffer=512.00KB thread-reservation=0
|  tuple-ids=12 row-size=136B cardinality=796.20K cost=4699632
|  in pipelines: 00(GETNEXT)
|
10:HASH JOIN [INNER JOIN, BROADCAST]
|  hash-table-id=06
|  hash predicates: tpcds_partitioned_parquet_snap.store_sales.ss_customer_sk = tpcds_partitioned_parquet_snap.customer.c_customer_sk, tpcds_partitioned_parquet_snap.store_sales.ss_store_sk = tpcds_partitioned_parquet_snap.store.s_store_sk
|  fk/pk conjuncts: tpcds_partitioned_parquet_snap.store_sales.ss_customer_sk = tpcds_partitioned_parquet_snap.customer.c_customer_sk, tpcds_partitioned_parquet_snap.store_sales.ss_store_sk = tpcds_partitioned_parquet_snap.store.s_store_sk
|  mem-estimate=0B mem-reservation=0B spill-buffer=2.00MB thread-reservation=0
|  tuple-ids=0,2,4,6,8,10 row-size=278B cardinality=796.20K cost=15708229
|  in pipelines: 00(GETNEXT), 05(OPEN)
|
|--F25:PLAN FRAGMENT [HASH(tpcds_partitioned_parquet_snap.store_sales.ss_item_sk,tpcds_partitioned_parquet_snap.store_sales.ss_ticket_number)] hosts=10 instances=10
|  |  Per-Instance Resources: mem-estimate=99.33MB mem-reservation=70.00MB thread-reservation=1 runtime-filters-memory=2.00MB
|  |  max-parallelism=10 segment-costs=[998724] cpu-comparison-result=20 [max(20 (self) vs 20 (sum children))]
|  JOIN BUILD
|  |  join-table-id=06 plan-id=07 cohort-id=01
|  |  build expressions: tpcds_partitioned_parquet_snap.customer.c_customer_sk, tpcds_partitioned_parquet_snap.store.s_store_sk
|  |  runtime filters: RF000[bloom] <- tpcds_partitioned_parquet_snap.customer.c_customer_sk, RF001[bloom] <- tpcds_partitioned_parquet_snap.store.s_store_sk, RF002[min_max] <- tpcds_partitioned_parquet_snap.customer.c_customer_sk, RF003[min_max] <- tpcds_partitioned_parquet_snap.store.s_store_sk
|  |  mem-estimate=85.46MB mem-reservation=68.00MB spill-buffer=2.00MB thread-reservation=0 cost=428824
|  |
|  33:EXCHANGE [BROADCAST]
|  |  mem-estimate=11.87MB mem-reservation=0B thread-reservation=0
|  |  tuple-ids=6,8,10 row-size=180B cardinality=428.82K cost=569900
|  |  in pipelines: 05(GETNEXT)
|  |
|  F04:PLAN FRAGMENT [RANDOM] hosts=10 instances=10
|  Per-Host Shared Resources: mem-estimate=1.00MB mem-reservation=1.00MB thread-reservation=0 runtime-filters-memory=1.00MB
|  Per-Instance Resources: mem-estimate=16.75MB mem-reservation=1.00MB thread-reservation=1
|  max-parallelism=10 segment-costs=[15345339]
|  09:HASH JOIN [INNER JOIN, BROADCAST]
|  |  hash-table-id=07
|  |  hash predicates: tpcds_partitioned_parquet_snap.customer.c_current_addr_sk = tpcds_partitioned_parquet_snap.customer_address.ca_address_sk
|  |  fk/pk conjuncts: tpcds_partitioned_parquet_snap.customer.c_current_addr_sk = tpcds_partitioned_parquet_snap.customer_address.ca_address_sk
|  |  other join predicates: tpcds_partitioned_parquet_snap.customer.c_birth_country != upper(tpcds_partitioned_parquet_snap.customer_address.ca_country)
|  |  mem-estimate=0B mem-reservation=0B spill-buffer=2.00MB thread-reservation=0
|  |  tuple-ids=6,8,10 row-size=180B cardinality=428.82K cost=191684
|  |  in pipelines: 05(GETNEXT), 06(OPEN)
|  |
|  |--F26:PLAN FRAGMENT [RANDOM] hosts=10 instances=10
|  |  |  Per-Instance Resources: mem-estimate=46.20MB mem-reservation=35.00MB thread-reservation=1 runtime-filters-memory=1.00MB
|  |  |  max-parallelism=10 segment-costs=[460251] cpu-comparison-result=20 [max(20 (self) vs 11 (sum children))]
|  |  JOIN BUILD
|  |  |  join-table-id=07 plan-id=08 cohort-id=05
|  |  |  build expressions: tpcds_partitioned_parquet_snap.customer_address.ca_address_sk
|  |  |  runtime filters: RF010[bloom] <- tpcds_partitioned_parquet_snap.customer_address.ca_address_sk, RF011[min_max] <- tpcds_partitioned_parquet_snap.customer_address.ca_address_sk
|  |  |  mem-estimate=34.00MB mem-reservation=34.00MB spill-buffer=2.00MB thread-reservation=0 cost=197621
|  |  |
|  |  32:EXCHANGE [BROADCAST]
|  |  |  mem-estimate=11.20MB mem-reservation=0B thread-reservation=0
|  |  |  tuple-ids=8,10 row-size=115B cardinality=197.62K cost=262630
|  |  |  in pipelines: 06(GETNEXT)
|  |  |
|  |  F05:PLAN FRAGMENT [RANDOM] hosts=10 instances=10
|  |  Per-Host Shared Resources: mem-estimate=1.00MB mem-reservation=1.00MB thread-reservation=0 runtime-filters-memory=1.00MB
|  |  Per-Instance Resources: mem-estimate=16.48MB mem-reservation=128.00KB thread-reservation=1
|  |  max-parallelism=10 segment-costs=[6183363]
|  |  08:HASH JOIN [INNER JOIN, BROADCAST]
|  |  |  hash-table-id=08
|  |  |  hash predicates: tpcds_partitioned_parquet_snap.customer_address.ca_zip = tpcds_partitioned_parquet_snap.store.s_zip
|  |  |  fk/pk conjuncts: none
|  |  |  mem-estimate=0B mem-reservation=0B spill-buffer=64.00KB thread-reservation=0
|  |  |  tuple-ids=8,10 row-size=115B cardinality=197.62K cost=86498
|  |  |  in pipelines: 06(GETNEXT), 07(OPEN)
|  |  |
|  |  |--F27:PLAN FRAGMENT [RANDOM] hosts=10 instances=10
|  |  |  |  Per-Instance Resources: mem-estimate=2.95MB mem-reservation=2.94MB thread-reservation=1 runtime-filters-memory=1.00MB
|  |  |  |  max-parallelism=10 segment-costs=[304]
|  |  |  JOIN BUILD
|  |  |  |  join-table-id=08 plan-id=09 cohort-id=06
|  |  |  |  build expressions: tpcds_partitioned_parquet_snap.store.s_zip
|  |  |  |  runtime filters: RF012[bloom] <- tpcds_partitioned_parquet_snap.store.s_zip, RF013[min_max] <- tpcds_partitioned_parquet_snap.store.s_zip
|  |  |  |  mem-estimate=1.94MB mem-reservation=1.94MB spill-buffer=64.00KB thread-reservation=0 cost=134
|  |  |  |
|  |  |  31:EXCHANGE [BROADCAST]
|  |  |  |  mem-estimate=16.00KB mem-reservation=0B thread-reservation=0
|  |  |  |  tuple-ids=10 row-size=55B cardinality=134 cost=170
|  |  |  |  in pipelines: 07(GETNEXT)
|  |  |  |
|  |  |  F06:PLAN FRAGMENT [RANDOM] hosts=1 instances=1
|  |  |  Per-Instance Resources: mem-estimate=16.23MB mem-reservation=40.00KB thread-reservation=1
|  |  |  max-parallelism=1 segment-costs=[503]
|  |  |  07:SCAN HDFS [tpcds_partitioned_parquet_snap.store, RANDOM]
|  |  |     HDFS partitions=1/1 files=1 size=119.76KB
|  |  |     predicates: tpcds_partitioned_parquet_snap.store.s_market_id = CAST(10 AS INT), tpcds_partitioned_parquet_snap.store.s_zip IS NOT NULL, tpcds_partitioned_parquet_snap.store.s_store_sk IS NOT NULL
|  |  |     stored statistics:
|  |  |       table: rows=1.35K size=119.76KB
|  |  |       columns: all
|  |  |     extrapolated-rows=disabled max-scan-range-rows=1.35K
|  |  |     parquet statistics predicates: tpcds_partitioned_parquet_snap.store.s_market_id = CAST(10 AS INT)
|  |  |     parquet dictionary predicates: tpcds_partitioned_parquet_snap.store.s_market_id = CAST(10 AS INT), tpcds_partitioned_parquet_snap.store.s_zip IS NOT NULL, tpcds_partitioned_parquet_snap.store.s_store_sk IS NOT NULL
|  |  |     mem-estimate=16.00MB mem-reservation=40.00KB thread-reservation=0
|  |  |     tuple-ids=10 row-size=55B cardinality=134 cost=481
|  |  |     in pipelines: 07(GETNEXT)
|  |  |
|  |  06:SCAN HDFS [tpcds_partitioned_parquet_snap.customer_address, RANDOM]
|  |     HDFS partitions=1/1 files=1 size=307.36MB
|  |     predicates: tpcds_partitioned_parquet_snap.customer_address.ca_zip IS NOT NULL, tpcds_partitioned_parquet_snap.customer_address.ca_address_sk IS NOT NULL
|  |     runtime filters: RF013[min_max] -> tpcds_partitioned_parquet_snap.customer_address.ca_zip, RF012[bloom] -> tpcds_partitioned_parquet_snap.customer_address.ca_zip
|  |     stored statistics:
|  |       table: rows=15.00M size=307.36MB
|  |       columns: all
|  |     extrapolated-rows=disabled max-scan-range-rows=1.58M
|  |     parquet dictionary predicates: tpcds_partitioned_parquet_snap.customer_address.ca_zip IS NOT NULL, tpcds_partitioned_parquet_snap.customer_address.ca_address_sk IS NOT NULL
|  |     mem-estimate=16.00MB mem-reservation=128.00KB thread-reservation=0
|  |     tuple-ids=8 row-size=60B cardinality=197.62K(filtered from 14.55M) cost=6027000
|  |     in pipelines: 06(GETNEXT)
|  |
|  05:SCAN HDFS [tpcds_partitioned_parquet_snap.customer, RANDOM]
|     HDFS partitions=1/1 files=1 size=1.55GB
|     predicates: tpcds_partitioned_parquet_snap.customer.c_birth_country IS NOT NULL, tpcds_partitioned_parquet_snap.customer.c_current_addr_sk IS NOT NULL, tpcds_partitioned_parquet_snap.customer.c_customer_sk IS NOT NULL
|     runtime filters: RF011[min_max] -> tpcds_partitioned_parquet_snap.customer.c_current_addr_sk, RF010[bloom] -> tpcds_partitioned_parquet_snap.customer.c_current_addr_sk
|     stored statistics:
|       table: rows=30.00M size=1.55GB
|       columns: all
|     extrapolated-rows=disabled max-scan-range-rows=3.10M
|     parquet dictionary predicates: tpcds_partitioned_parquet_snap.customer.c_birth_country IS NOT NULL, tpcds_partitioned_parquet_snap.customer.c_current_addr_sk IS NOT NULL, tpcds_partitioned_parquet_snap.customer.c_customer_sk IS NOT NULL
|     mem-estimate=16.00MB mem-reservation=1.00MB thread-reservation=0
|     tuple-ids=6 row-size=65B cardinality=444.37K(filtered from 28.95M) cost=14917903
|     in pipelines: 05(GETNEXT)
|
04:HASH JOIN [INNER JOIN, BROADCAST]
|  hash-table-id=09
|  hash predicates: tpcds_partitioned_parquet_snap.store_sales.ss_item_sk = tpcds_partitioned_parquet_snap.item.i_item_sk
|  fk/pk conjuncts: tpcds_partitioned_parquet_snap.store_sales.ss_item_sk = tpcds_partitioned_parquet_snap.item.i_item_sk
|  mem-estimate=0B mem-reservation=0B spill-buffer=64.00KB thread-reservation=0
|  tuple-ids=0,2,4 row-size=98B cardinality=60.68M cost=35009570
|  in pipelines: 00(GETNEXT), 03(OPEN)
|
|--F28:PLAN FRAGMENT [HASH(tpcds_partitioned_parquet_snap.store_sales.ss_item_sk,tpcds_partitioned_parquet_snap.store_sales.ss_ticket_number)] hosts=10 instances=10
|  |  Per-Instance Resources: mem-estimate=5.36MB mem-reservation=4.88MB thread-reservation=1 runtime-filters-memory=1.00MB
|  |  max-parallelism=10 segment-costs=[9083]
|  JOIN BUILD
|  |  join-table-id=09 plan-id=10 cohort-id=01
|  |  build expressions: tpcds_partitioned_parquet_snap.item.i_item_sk
|  |  runtime filters: RF004[bloom] <- tpcds_partitioned_parquet_snap.item.i_item_sk, RF005[min_max] <- tpcds_partitioned_parquet_snap.item.i_item_sk
|  |  mem-estimate=3.88MB mem-reservation=3.88MB spill-buffer=64.00KB thread-reservation=0 cost=3903
|  |
|  30:EXCHANGE [BROADCAST]
|  |  mem-estimate=499.56KB mem-reservation=0B thread-reservation=0
|  |  tuple-ids=4 row-size=62B cardinality=3.90K cost=5180
|  |  in pipelines: 03(GETNEXT)
|  |
|  F03:PLAN FRAGMENT [RANDOM] hosts=4 instances=4
|  Per-Instance Resources: mem-estimate=16.26MB mem-reservation=512.00KB thread-reservation=1
|  max-parallelism=4 segment-costs=[155248]
|  03:SCAN HDFS [tpcds_partitioned_parquet_snap.item, RANDOM]
|     HDFS partitions=1/1 files=1 size=33.54MB
|     predicates: tpcds_partitioned_parquet_snap.item.i_color = 'beige', tpcds_partitioned_parquet_snap.item.i_item_sk IS NOT NULL
|     stored statistics:
|       table: rows=360.00K size=33.54MB
|       columns: all
|     extrapolated-rows=disabled max-scan-range-rows=101.54K
|     parquet statistics predicates: tpcds_partitioned_parquet_snap.item.i_color = 'beige'
|     parquet dictionary predicates: tpcds_partitioned_parquet_snap.item.i_color = 'beige', tpcds_partitioned_parquet_snap.item.i_item_sk IS NOT NULL
|     mem-estimate=16.00MB mem-reservation=512.00KB thread-reservation=0
|     tuple-ids=4 row-size=62B cardinality=3.90K cost=154512
|     in pipelines: 03(GETNEXT)
|
02:HASH JOIN [INNER JOIN, PARTITIONED]
|  hash-table-id=10
|  hash predicates: tpcds_partitioned_parquet_snap.store_sales.ss_item_sk = tpcds_partitioned_parquet_snap.store_returns.sr_item_sk, tpcds_partitioned_parquet_snap.store_sales.ss_ticket_number = tpcds_partitioned_parquet_snap.store_returns.sr_ticket_number
|  fk/pk conjuncts: tpcds_partitioned_parquet_snap.store_sales.ss_item_sk = tpcds_partitioned_parquet_snap.store_returns.sr_item_sk, tpcds_partitioned_parquet_snap.store_sales.ss_ticket_number = tpcds_partitioned_parquet_snap.store_returns.sr_ticket_number
|  mem-estimate=0B mem-reservation=0B spill-buffer=2.00MB thread-reservation=0
|  tuple-ids=0,2 row-size=36B cardinality=93.62M(filtered from 5.60G) cost=1038654556
|  in pipelines: 00(GETNEXT), 01(OPEN)
|
|--F29:PLAN FRAGMENT [HASH(tpcds_partitioned_parquet_snap.store_sales.ss_item_sk,tpcds_partitioned_parquet_snap.store_sales.ss_ticket_number)] hosts=10 instances=20 (adjusted from 120)
|  |  Per-Instance Resources: mem-estimate=1.70GB mem-reservation=35.00MB thread-reservation=1 runtime-filters-memory=1.00MB
|  |  max-parallelism=120 segment-costs=[1007669941]
|  JOIN BUILD
|  |  join-table-id=10 plan-id=11 cohort-id=01
|  |  build expressions: tpcds_partitioned_parquet_snap.store_returns.sr_item_sk, tpcds_partitioned_parquet_snap.store_returns.sr_ticket_number
|  |  runtime filters: RF006[bloom] <- tpcds_partitioned_parquet_snap.store_returns.sr_item_sk, RF008[min_max] <- tpcds_partitioned_parquet_snap.store_returns.sr_item_sk, RF009[min_max] <- tpcds_partitioned_parquet_snap.store_returns.sr_ticket_number
|  |  mem-estimate=1.68GB mem-reservation=34.00MB spill-buffer=2.00MB thread-reservation=0 cost=863988632
|  |
|  29:EXCHANGE [HASH(tpcds_partitioned_parquet_snap.store_returns.sr_item_sk,tpcds_partitioned_parquet_snap.store_returns.sr_ticket_number)]
|  |  mem-estimate=11.88MB mem-reservation=0B thread-reservation=0
|  |  tuple-ids=2 row-size=12B cardinality=863.99M cost=143681309
|  |  in pipelines: 01(GETNEXT)
|  |
|  F01:PLAN FRAGMENT [RANDOM] hosts=10 instances=120
|  Per-Host Shared Resources: mem-estimate=1.00MB mem-reservation=1.00MB thread-reservation=0 runtime-filters-memory=1.00MB
|  Per-Instance Resources: mem-estimate=17.25MB mem-reservation=512.00KB thread-reservation=1
|  max-parallelism=140 segment-costs=[1310670754]
|  01:SCAN HDFS [tpcds_partitioned_parquet_snap.store_returns, RANDOM]
|     HDFS partitions=2004/2004 files=2004 size=48.14GB
|     predicates: tpcds_partitioned_parquet_snap.store_returns.sr_item_sk IS NOT NULL, tpcds_partitioned_parquet_snap.store_returns.sr_ticket_number IS NOT NULL
|     runtime filters: RF005[min_max] -> tpcds_partitioned_parquet_snap.store_returns.sr_item_sk, RF004[bloom] -> tpcds_partitioned_parquet_snap.store_returns.sr_item_sk
|     stored statistics:
|       table: rows=863.99M size=48.14GB
|       partitions: 2004/2004 rows=863.99M
|       columns: all
|     extrapolated-rows=disabled max-scan-range-rows=30.09M
|     parquet dictionary predicates: tpcds_partitioned_parquet_snap.store_returns.sr_item_sk IS NOT NULL, tpcds_partitioned_parquet_snap.store_returns.sr_ticket_number IS NOT NULL
|     mem-estimate=16.00MB mem-reservation=512.00KB thread-reservation=0
|     tuple-ids=2 row-size=12B cardinality=863.99M cost=197853396
|     in pipelines: 01(GETNEXT)
|
28:EXCHANGE [HASH(tpcds_partitioned_parquet_snap.store_sales.ss_item_sk,tpcds_partitioned_parquet_snap.store_sales.ss_ticket_number)]
|  mem-estimate=13.28MB mem-reservation=0B thread-reservation=0
|  tuple-ids=0 row-size=24B cardinality=93.62M(filtered from 8.06G) cost=20737823
|  in pipelines: 00(GETNEXT)
|
F00:PLAN FRAGMENT [RANDOM] hosts=10 instances=120
Per-Host Shared Resources: mem-estimate=4.00MB mem-reservation=4.00MB thread-reservation=0 runtime-filters-memory=4.00MB
Per-Instance Resources: mem-estimate=18.19MB mem-reservation=8.00MB thread-reservation=1
max-parallelism=420 segment-costs=[4150031656]
00:SCAN HDFS [tpcds_partitioned_parquet_snap.store_sales, RANDOM]
   HDFS partitions=1824/1824 files=1824 size=389.90GB
   predicates: tpcds_partitioned_parquet_snap.store_sales.ss_customer_sk IS NOT NULL, tpcds_partitioned_parquet_snap.store_sales.ss_store_sk IS NOT NULL, tpcds_partitioned_parquet_snap.store_sales.ss_item_sk IS NOT NULL, tpcds_partitioned_parquet_snap.store_sales.ss_ticket_number IS NOT NULL
   runtime filters: RF005[min_max] -> tpcds_partitioned_parquet_snap.store_sales.ss_item_sk, RF002[min_max] -> tpcds_partitioned_parquet_snap.store_sales.ss_customer_sk, RF003[min_max] -> tpcds_partitioned_parquet_snap.store_sales.ss_store_sk, RF008[min_max] -> tpcds_partitioned_parquet_snap.store_sales.ss_item_sk, RF009[min_max] -> tpcds_partitioned_parquet_snap.store_sales.ss_ticket_number, RF004[bloom] -> tpcds_partitioned_parquet_snap.store_sales.ss_item_sk, RF000[bloom] -> tpcds_partitioned_parquet_snap.store_sales.ss_customer_sk, RF001[bloom] -> tpcds_partitioned_parquet_snap.store_sales.ss_store_sk, RF006[bloom] -> tpcds_partitioned_parquet_snap.store_sales.ss_item_sk
   stored statistics:
     table: rows=8.64G size=389.90GB
     partitions: 1824/1824 rows=8.64G
     columns: all
   extrapolated-rows=disabled max-scan-range-rows=390.22M
   parquet dictionary predicates: tpcds_partitioned_parquet_snap.store_sales.ss_customer_sk IS NOT NULL, tpcds_partitioned_parquet_snap.store_sales.ss_store_sk IS NOT NULL, tpcds_partitioned_parquet_snap.store_sales.ss_item_sk IS NOT NULL, tpcds_partitioned_parquet_snap.store_sales.ss_ticket_number IS NOT NULL
   mem-estimate=16.00MB mem-reservation=8.00MB thread-reservation=0
   tuple-ids=0 row-size=24B cardinality=93.62M(filtered from 8.06G) cost=3957090318
   in pipelines: 00(GETNEXT)
---- PARALLELPLANS
Max Per-Host Resource Reservation: Memory=1.13GB Threads=84
Per-Host Resource Estimates: Memory=10.58GB
F18:PLAN FRAGMENT [UNPARTITIONED] hosts=1 instances=1
|  Per-Instance Resources: mem-estimate=6.37MB mem-reservation=4.00MB thread-reservation=1
|  max-parallelism=1 segment-costs=[349429] cpu-comparison-result=368 [max(1 (self) vs 368 (sum children))]
PLAN-ROOT SINK
|  output exprs: tpcds_partitioned_parquet_snap.customer.c_last_name, tpcds_partitioned_parquet_snap.customer.c_first_name, tpcds_partitioned_parquet_snap.store.s_store_name, sum(sum(tpcds_partitioned_parquet_snap.store_sales.ss_net_paid))
|  mem-estimate=5.16MB mem-reservation=4.00MB spill-buffer=2.00MB thread-reservation=0 cost=318480
|
49:MERGING-EXCHANGE [UNPARTITIONED]
|  order by: tpcds_partitioned_parquet_snap.customer.c_last_name ASC NULLS LAST, tpcds_partitioned_parquet_snap.customer.c_first_name ASC NULLS LAST, tpcds_partitioned_parquet_snap.store.s_store_name ASC NULLS LAST
|  mem-estimate=1.22MB mem-reservation=0B thread-reservation=0
|  tuple-ids=29 row-size=68B cardinality=79.62K cost=30949
|  in pipelines: 27(GETNEXT)
|
F08:PLAN FRAGMENT [HASH(tpcds_partitioned_parquet_snap.customer.c_last_name,tpcds_partitioned_parquet_snap.customer.c_first_name,tpcds_partitioned_parquet_snap.store.s_store_name)] hosts=10 instances=10 (adjusted from 120)
Per-Instance Resources: mem-estimate=22.00MB mem-reservation=20.50MB thread-reservation=1
max-parallelism=10 segment-costs=[5036796, 283918, 166680] cpu-comparison-result=368 [max(10 (self) vs 368 (sum children))]
27:SORT
|  order by: tpcds_partitioned_parquet_snap.customer.c_last_name ASC NULLS LAST, tpcds_partitioned_parquet_snap.customer.c_first_name ASC NULLS LAST, tpcds_partitioned_parquet_snap.store.s_store_name ASC NULLS LAST
|  mem-estimate=12.00MB mem-reservation=12.00MB spill-buffer=2.00MB thread-reservation=0
|  tuple-ids=29 row-size=68B cardinality=79.62K cost=267604
|  in pipelines: 27(GETNEXT), 37(OPEN)
|
26:NESTED LOOP JOIN [INNER JOIN, BROADCAST]
|  join table id: 00
|  join predicates: sum(sum(tpcds_partitioned_parquet_snap.store_sales.ss_net_paid)) > multiply(CAST(0.05 AS DECIMAL(3,2)), avg(sum(tpcds_partitioned_parquet_snap.store_sales_0.ss_net_paid)))
|  mem-estimate=0B mem-reservation=0B thread-reservation=0
|  tuple-ids=13,28 row-size=84B cardinality=79.62K cost=16314
|  in pipelines: 37(GETNEXT), 47(OPEN)
|
|--F19:PLAN FRAGMENT [HASH(tpcds_partitioned_parquet_snap.customer.c_last_name,tpcds_partitioned_parquet_snap.customer.c_first_name,tpcds_partitioned_parquet_snap.store.s_store_name)] hosts=10 instances=10
|  |  Per-Instance Resources: mem-estimate=16.02KB mem-reservation=0B thread-reservation=1
|  |  max-parallelism=10 segment-costs=[0] cpu-comparison-result=194 [max(10 (self) vs 194 (sum children))]
|  JOIN BUILD
|  |  join-table-id=00 plan-id=01 cohort-id=01
|  |  mem-estimate=16B mem-reservation=0B thread-reservation=0 cost=0
|  |
|  48:EXCHANGE [BROADCAST]
|  |  mem-estimate=16.00KB mem-reservation=0B thread-reservation=0
|  |  tuple-ids=28 row-size=16B cardinality=1 cost=0
|  |  in pipelines: 47(GETNEXT)
|  |
|  F17:PLAN FRAGMENT [UNPARTITIONED] hosts=1 instances=1
|  Per-Instance Resources: mem-estimate=96.00KB mem-reservation=0B thread-reservation=1
|  max-parallelism=1 segment-costs=[30, 0] cpu-comparison-result=194 [max(1 (self) vs 194 (sum children))]
|  47:AGGREGATE [FINALIZE]
|  |  output: avg:merge(sum(tpcds_partitioned_parquet_snap.store_sales_0.ss_net_paid))
|  |  having: avg(sum(tpcds_partitioned_parquet_snap.store_sales_0.ss_net_paid)) IS NOT NULL
|  |  mem-estimate=16.00KB mem-reservation=0B spill-buffer=2.00MB thread-reservation=0
|  |  tuple-ids=28 row-size=16B cardinality=1 cost=8
|  |  in pipelines: 47(GETNEXT), 25(OPEN)
|  |
|  46:EXCHANGE [UNPARTITIONED]
|  |  mem-estimate=70.50KB mem-reservation=0B thread-reservation=0
|  |  tuple-ids=27 row-size=16B cardinality=120 cost=22
|  |  in pipelines: 25(GETNEXT)
|  |
|  F16:PLAN FRAGMENT [HASH(tpcds_partitioned_parquet_snap.customer_0.c_last_name,tpcds_partitioned_parquet_snap.customer_0.c_first_name,tpcds_partitioned_parquet_snap.store_0.s_store_name,tpcds_partitioned_parquet_snap.customer_address_0.ca_state,tpcds_partitioned_parquet_snap.store_0.s_state,tpcds_partitioned_parquet_snap.item_0.i_color,tpcds_partitioned_parquet_snap.item_0.i_current_price,tpcds_partitioned_parquet_snap.item_0.i_manager_id,tpcds_partitioned_parquet_snap.item_0.i_units,tpcds_partitioned_parquet_snap.item_0.i_size)] hosts=10 instances=30 (adjusted from 120)
|  Per-Instance Resources: mem-estimate=403.25MB mem-reservation=34.00MB thread-reservation=1
|  max-parallelism=50 segment-costs=[493597025, 5140700, 185] cpu-comparison-result=194 [max(30 (self) vs 194 (sum children))]
|  25:AGGREGATE
|  |  output: avg(sum(tpcds_partitioned_parquet_snap.store_sales_0.ss_net_paid))
|  |  mem-estimate=16.00KB mem-reservation=0B spill-buffer=2.00MB thread-reservation=0
|  |  tuple-ids=27 row-size=16B cardinality=120 cost=5140700
|  |  in pipelines: 25(GETNEXT), 45(OPEN)
|  |
|  45:AGGREGATE [FINALIZE]
|  |  output: sum:merge(tpcds_partitioned_parquet_snap.store_sales_0.ss_net_paid)
|  |  group by: tpcds_partitioned_parquet_snap.customer_0.c_last_name, tpcds_partitioned_parquet_snap.customer_0.c_first_name, tpcds_partitioned_parquet_snap.store_0.s_store_name, tpcds_partitioned_parquet_snap.customer_address_0.ca_state, tpcds_partitioned_parquet_snap.store_0.s_state, tpcds_partitioned_parquet_snap.item_0.i_color, tpcds_partitioned_parquet_snap.item_0.i_current_price, tpcds_partitioned_parquet_snap.item_0.i_manager_id, tpcds_partitioned_parquet_snap.item_0.i_units, tpcds_partitioned_parquet_snap.item_0.i_size
|  |  mem-estimate=387.09MB mem-reservation=34.00MB spill-buffer=2.00MB thread-reservation=0
|  |  tuple-ids=26 row-size=154B cardinality=73.44M cost=433478550
|  |  in pipelines: 45(GETNEXT), 13(OPEN)
|  |
|  44:EXCHANGE [HASH(tpcds_partitioned_parquet_snap.customer_0.c_last_name,tpcds_partitioned_parquet_snap.customer_0.c_first_name,tpcds_partitioned_parquet_snap.store_0.s_store_name,tpcds_partitioned_parquet_snap.customer_address_0.ca_state,tpcds_partitioned_parquet_snap.store_0.s_state,tpcds_partitioned_parquet_snap.item_0.i_color,tpcds_partitioned_parquet_snap.item_0.i_current_price,tpcds_partitioned_parquet_snap.item_0.i_manager_id,tpcds_partitioned_parquet_snap.item_0.i_units,tpcds_partitioned_parquet_snap.item_0.i_size)]
|  |  mem-estimate=16.16MB mem-reservation=0B thread-reservation=0
|  |  tuple-ids=26 row-size=154B cardinality=73.44M cost=60118475
|  |  in pipelines: 13(GETNEXT)
|  |
|  F11:PLAN FRAGMENT [HASH(tpcds_partitioned_parquet_snap.store_sales_0.ss_item_sk,tpcds_partitioned_parquet_snap.store_sales_0.ss_ticket_number)] hosts=10 instances=40 (adjusted from 120)
|  Per-Instance Resources: mem-estimate=249.51MB mem-reservation=34.00MB thread-reservation=1
|  max-parallelism=260 segment-costs=[2587907961, 765267854] cpu-comparison-result=194 [max(160 (self) vs 194 (sum children))]
|  24:AGGREGATE [STREAMING]
|  |  output: sum(tpcds_partitioned_parquet_snap.store_sales_0.ss_net_paid)
|  |  group by: tpcds_partitioned_parquet_snap.customer_0.c_last_name, tpcds_partitioned_parquet_snap.customer_0.c_first_name, tpcds_partitioned_parquet_snap.store_0.s_store_name, tpcds_partitioned_parquet_snap.customer_address_0.ca_state, tpcds_partitioned_parquet_snap.store_0.s_state, tpcds_partitioned_parquet_snap.item_0.i_color, tpcds_partitioned_parquet_snap.item_0.i_current_price, tpcds_partitioned_parquet_snap.item_0.i_manager_id, tpcds_partitioned_parquet_snap.item_0.i_units, tpcds_partitioned_parquet_snap.item_0.i_size
|  |  mem-estimate=217.74MB mem-reservation=34.00MB spill-buffer=2.00MB thread-reservation=0
|  |  tuple-ids=26 row-size=154B cardinality=73.44M cost=433478550
|  |  in pipelines: 13(GETNEXT)
|  |
|  23:HASH JOIN [INNER JOIN, BROADCAST]
|  |  hash-table-id=01
|  |  hash predicates: tpcds_partitioned_parquet_snap.store_sales_0.ss_customer_sk = tpcds_partitioned_parquet_snap.customer_0.c_customer_sk, tpcds_partitioned_parquet_snap.store_sales_0.ss_store_sk = tpcds_partitioned_parquet_snap.store_0.s_store_sk
|  |  fk/pk conjuncts: tpcds_partitioned_parquet_snap.store_sales_0.ss_customer_sk = tpcds_partitioned_parquet_snap.customer_0.c_customer_sk, tpcds_partitioned_parquet_snap.store_sales_0.ss_store_sk = tpcds_partitioned_parquet_snap.store_0.s_store_sk
|  |  mem-estimate=0B mem-reservation=0B spill-buffer=2.00MB thread-reservation=0
|  |  tuple-ids=14,16,18,20,22,24 row-size=278B cardinality=73.44M cost=42386471
|  |  in pipelines: 13(GETNEXT), 18(OPEN)
|  |
|  |--F20:PLAN FRAGMENT [HASH(tpcds_partitioned_parquet_snap.store_sales_0.ss_item_sk,tpcds_partitioned_parquet_snap.store_sales_0.ss_ticket_number)] hosts=10 instances=10
|  |  |  Per-Instance Resources: mem-estimate=149.87MB mem-reservation=138.00MB thread-reservation=1 runtime-filters-memory=2.00MB
|  |  |  max-parallelism=10 segment-costs=[998724] cpu-comparison-result=20 [max(20 (self) vs 20 (sum children))]
|  |  JOIN BUILD
|  |  |  join-table-id=01 plan-id=02 cohort-id=02
|  |  |  build expressions: tpcds_partitioned_parquet_snap.customer_0.c_customer_sk, tpcds_partitioned_parquet_snap.store_0.s_store_sk
|  |  |  runtime filters: RF014[bloom] <- tpcds_partitioned_parquet_snap.customer_0.c_customer_sk, RF015[bloom] <- tpcds_partitioned_parquet_snap.store_0.s_store_sk, RF016[min_max] <- tpcds_partitioned_parquet_snap.customer_0.c_customer_sk, RF017[min_max] <- tpcds_partitioned_parquet_snap.store_0.s_store_sk
|  |  |  mem-estimate=136.00MB mem-reservation=136.00MB spill-buffer=2.00MB thread-reservation=0 cost=428824
|  |  |
|  |  43:EXCHANGE [BROADCAST]
|  |  |  mem-estimate=11.87MB mem-reservation=0B thread-reservation=0
|  |  |  tuple-ids=20,22,24 row-size=180B cardinality=428.82K cost=569900
|  |  |  in pipelines: 18(GETNEXT)
|  |  |
|  |  F13:PLAN FRAGMENT [RANDOM] hosts=10 instances=10
|  |  Per-Host Shared Resources: mem-estimate=1.00MB mem-reservation=1.00MB thread-reservation=0 runtime-filters-memory=1.00MB
|  |  Per-Instance Resources: mem-estimate=16.75MB mem-reservation=1.00MB thread-reservation=1
|  |  max-parallelism=10 segment-costs=[15345339]
|  |  22:HASH JOIN [INNER JOIN, BROADCAST]
|  |  |  hash-table-id=02
|  |  |  hash predicates: tpcds_partitioned_parquet_snap.customer_0.c_current_addr_sk = tpcds_partitioned_parquet_snap.customer_address_0.ca_address_sk
|  |  |  fk/pk conjuncts: tpcds_partitioned_parquet_snap.customer_0.c_current_addr_sk = tpcds_partitioned_parquet_snap.customer_address_0.ca_address_sk
|  |  |  other join predicates: tpcds_partitioned_parquet_snap.customer_0.c_birth_country != upper(tpcds_partitioned_parquet_snap.customer_address_0.ca_country)
|  |  |  mem-estimate=0B mem-reservation=0B spill-buffer=2.00MB thread-reservation=0
|  |  |  tuple-ids=20,22,24 row-size=180B cardinality=428.82K cost=191684
|  |  |  in pipelines: 18(GETNEXT), 19(OPEN)
|  |  |
|  |  |--F21:PLAN FRAGMENT [RANDOM] hosts=10 instances=10
|  |  |  |  Per-Instance Resources: mem-estimate=46.20MB mem-reservation=35.00MB thread-reservation=1 runtime-filters-memory=1.00MB
|  |  |  |  max-parallelism=10 segment-costs=[460251] cpu-comparison-result=20 [max(20 (self) vs 11 (sum children))]
|  |  |  JOIN BUILD
|  |  |  |  join-table-id=02 plan-id=03 cohort-id=03
|  |  |  |  build expressions: tpcds_partitioned_parquet_snap.customer_address_0.ca_address_sk
|  |  |  |  runtime filters: RF024[bloom] <- tpcds_partitioned_parquet_snap.customer_address_0.ca_address_sk, RF025[min_max] <- tpcds_partitioned_parquet_snap.customer_address_0.ca_address_sk
|  |  |  |  mem-estimate=34.00MB mem-reservation=34.00MB spill-buffer=2.00MB thread-reservation=0 cost=197621
|  |  |  |
|  |  |  42:EXCHANGE [BROADCAST]
|  |  |  |  mem-estimate=11.20MB mem-reservation=0B thread-reservation=0
|  |  |  |  tuple-ids=22,24 row-size=115B cardinality=197.62K cost=262630
|  |  |  |  in pipelines: 19(GETNEXT)
|  |  |  |
|  |  |  F14:PLAN FRAGMENT [RANDOM] hosts=10 instances=10
|  |  |  Per-Host Shared Resources: mem-estimate=1.00MB mem-reservation=1.00MB thread-reservation=0 runtime-filters-memory=1.00MB
|  |  |  Per-Instance Resources: mem-estimate=16.48MB mem-reservation=128.00KB thread-reservation=1
|  |  |  max-parallelism=10 segment-costs=[6183363]
|  |  |  21:HASH JOIN [INNER JOIN, BROADCAST]
|  |  |  |  hash-table-id=03
|  |  |  |  hash predicates: tpcds_partitioned_parquet_snap.customer_address_0.ca_zip = tpcds_partitioned_parquet_snap.store_0.s_zip
|  |  |  |  fk/pk conjuncts: none
|  |  |  |  mem-estimate=0B mem-reservation=0B spill-buffer=64.00KB thread-reservation=0
|  |  |  |  tuple-ids=22,24 row-size=115B cardinality=197.62K cost=86498
|  |  |  |  in pipelines: 19(GETNEXT), 20(OPEN)
|  |  |  |
|  |  |  |--F22:PLAN FRAGMENT [RANDOM] hosts=10 instances=10
|  |  |  |  |  Per-Instance Resources: mem-estimate=2.95MB mem-reservation=2.94MB thread-reservation=1 runtime-filters-memory=1.00MB
|  |  |  |  |  max-parallelism=10 segment-costs=[304]
|  |  |  |  JOIN BUILD
|  |  |  |  |  join-table-id=03 plan-id=04 cohort-id=04
|  |  |  |  |  build expressions: tpcds_partitioned_parquet_snap.store_0.s_zip
|  |  |  |  |  runtime filters: RF026[bloom] <- tpcds_partitioned_parquet_snap.store_0.s_zip, RF027[min_max] <- tpcds_partitioned_parquet_snap.store_0.s_zip
|  |  |  |  |  mem-estimate=1.94MB mem-reservation=1.94MB spill-buffer=64.00KB thread-reservation=0 cost=134
|  |  |  |  |
|  |  |  |  41:EXCHANGE [BROADCAST]
|  |  |  |  |  mem-estimate=16.00KB mem-reservation=0B thread-reservation=0
|  |  |  |  |  tuple-ids=24 row-size=55B cardinality=134 cost=170
|  |  |  |  |  in pipelines: 20(GETNEXT)
|  |  |  |  |
|  |  |  |  F15:PLAN FRAGMENT [RANDOM] hosts=1 instances=1
|  |  |  |  Per-Instance Resources: mem-estimate=16.23MB mem-reservation=40.00KB thread-reservation=1
|  |  |  |  max-parallelism=1 segment-costs=[503]
|  |  |  |  20:SCAN HDFS [tpcds_partitioned_parquet_snap.store, RANDOM]
|  |  |  |     HDFS partitions=1/1 files=1 size=119.76KB
|  |  |  |     predicates: tpcds_partitioned_parquet_snap.store_0.s_market_id = CAST(10 AS INT), tpcds_partitioned_parquet_snap.store_0.s_zip IS NOT NULL, tpcds_partitioned_parquet_snap.store_0.s_store_sk IS NOT NULL
|  |  |  |     stored statistics:
|  |  |  |       table: rows=1.35K size=119.76KB
|  |  |  |       columns: all
|  |  |  |     extrapolated-rows=disabled max-scan-range-rows=1.35K
|  |  |  |     parquet statistics predicates: tpcds_partitioned_parquet_snap.store_0.s_market_id = CAST(10 AS INT)
|  |  |  |     parquet dictionary predicates: tpcds_partitioned_parquet_snap.store_0.s_market_id = CAST(10 AS INT), tpcds_partitioned_parquet_snap.store_0.s_zip IS NOT NULL, tpcds_partitioned_parquet_snap.store_0.s_store_sk IS NOT NULL
|  |  |  |     mem-estimate=16.00MB mem-reservation=40.00KB thread-reservation=0
|  |  |  |     tuple-ids=24 row-size=55B cardinality=134 cost=481
|  |  |  |     in pipelines: 20(GETNEXT)
|  |  |  |
|  |  |  19:SCAN HDFS [tpcds_partitioned_parquet_snap.customer_address, RANDOM]
|  |  |     HDFS partitions=1/1 files=1 size=307.36MB
|  |  |     predicates: tpcds_partitioned_parquet_snap.customer_address_0.ca_zip IS NOT NULL, tpcds_partitioned_parquet_snap.customer_address_0.ca_address_sk IS NOT NULL
|  |  |     runtime filters: RF027[min_max] -> tpcds_partitioned_parquet_snap.customer_address_0.ca_zip, RF026[bloom] -> tpcds_partitioned_parquet_snap.customer_address_0.ca_zip
|  |  |     stored statistics:
|  |  |       table: rows=15.00M size=307.36MB
|  |  |       columns: all
|  |  |     extrapolated-rows=disabled max-scan-range-rows=1.58M
|  |  |     parquet dictionary predicates: tpcds_partitioned_parquet_snap.customer_address_0.ca_zip IS NOT NULL, tpcds_partitioned_parquet_snap.customer_address_0.ca_address_sk IS NOT NULL
|  |  |     mem-estimate=16.00MB mem-reservation=128.00KB thread-reservation=0
|  |  |     tuple-ids=22 row-size=60B cardinality=197.62K(filtered from 14.55M) cost=6027000
|  |  |     in pipelines: 19(GETNEXT)
|  |  |
|  |  18:SCAN HDFS [tpcds_partitioned_parquet_snap.customer, RANDOM]
|  |     HDFS partitions=1/1 files=1 size=1.55GB
|  |     predicates: tpcds_partitioned_parquet_snap.customer_0.c_birth_country IS NOT NULL, tpcds_partitioned_parquet_snap.customer_0.c_current_addr_sk IS NOT NULL, tpcds_partitioned_parquet_snap.customer_0.c_customer_sk IS NOT NULL
|  |     runtime filters: RF025[min_max] -> tpcds_partitioned_parquet_snap.customer_0.c_current_addr_sk, RF024[bloom] -> tpcds_partitioned_parquet_snap.customer_0.c_current_addr_sk
|  |     stored statistics:
|  |       table: rows=30.00M size=1.55GB
|  |       columns: all
|  |     extrapolated-rows=disabled max-scan-range-rows=3.10M
|  |     parquet dictionary predicates: tpcds_partitioned_parquet_snap.customer_0.c_birth_country IS NOT NULL, tpcds_partitioned_parquet_snap.customer_0.c_current_addr_sk IS NOT NULL, tpcds_partitioned_parquet_snap.customer_0.c_customer_sk IS NOT NULL
|  |     mem-estimate=16.00MB mem-reservation=1.00MB thread-reservation=0
|  |     tuple-ids=20 row-size=65B cardinality=444.37K(filtered from 28.95M) cost=14917903
|  |     in pipelines: 18(GETNEXT)
|  |
|  17:HASH JOIN [INNER JOIN, BROADCAST]
|  |  hash-table-id=04
|  |  hash predicates: tpcds_partitioned_parquet_snap.store_sales_0.ss_item_sk = tpcds_partitioned_parquet_snap.item_0.i_item_sk
|  |  fk/pk conjuncts: tpcds_partitioned_parquet_snap.store_sales_0.ss_item_sk = tpcds_partitioned_parquet_snap.item_0.i_item_sk
|  |  mem-estimate=0B mem-reservation=0B spill-buffer=2.00MB thread-reservation=0
|  |  tuple-ids=14,16,18 row-size=98B cardinality=113.37M(filtered from 5.60G) cost=1043212211
|  |  in pipelines: 13(GETNEXT), 16(OPEN)
|  |
|  |--F23:PLAN FRAGMENT [HASH(tpcds_partitioned_parquet_snap.store_sales_0.ss_item_sk,tpcds_partitioned_parquet_snap.store_sales_0.ss_ticket_number)] hosts=10 instances=10
|  |  |  Per-Instance Resources: mem-estimate=146.26MB mem-reservation=136.00MB thread-reservation=1
|  |  |  max-parallelism=10 segment-costs=[838440]
|  |  JOIN BUILD
|  |  |  join-table-id=04 plan-id=05 cohort-id=02
|  |  |  build expressions: tpcds_partitioned_parquet_snap.item_0.i_item_sk
|  |  |  runtime filters: RF019[min_max] <- tpcds_partitioned_parquet_snap.item_0.i_item_sk
|  |  |  mem-estimate=136.00MB mem-reservation=136.00MB spill-buffer=2.00MB thread-reservation=0 cost=360000
|  |  |
|  |  40:EXCHANGE [BROADCAST]
|  |  |  mem-estimate=10.26MB mem-reservation=0B thread-reservation=0
|  |  |  tuple-ids=18 row-size=62B cardinality=360.00K cost=478440
|  |  |  in pipelines: 16(GETNEXT)
|  |  |
|  |  F12:PLAN FRAGMENT [RANDOM] hosts=4 instances=4
|  |  Per-Instance Resources: mem-estimate=16.26MB mem-reservation=512.00KB thread-reservation=1
|  |  max-parallelism=4 segment-costs=[212341]
|  |  16:SCAN HDFS [tpcds_partitioned_parquet_snap.item, RANDOM]
|  |     HDFS partitions=1/1 files=1 size=33.54MB
|  |     predicates: tpcds_partitioned_parquet_snap.item_0.i_item_sk IS NOT NULL
|  |     stored statistics:
|  |       table: rows=360.00K size=33.54MB
|  |       columns: all
|  |     extrapolated-rows=disabled max-scan-range-rows=101.54K
|  |     parquet dictionary predicates: tpcds_partitioned_parquet_snap.item_0.i_item_sk IS NOT NULL
|  |     mem-estimate=16.00MB mem-reservation=512.00KB thread-reservation=0
|  |     tuple-ids=18 row-size=62B cardinality=360.00K cost=144396
|  |     in pipelines: 16(GETNEXT)
|  |
|  15:HASH JOIN [INNER JOIN, PARTITIONED]
|  |  hash-table-id=05
|  |  hash predicates: tpcds_partitioned_parquet_snap.store_sales_0.ss_item_sk = tpcds_partitioned_parquet_snap.store_returns_0.sr_item_sk, tpcds_partitioned_parquet_snap.store_sales_0.ss_ticket_number = tpcds_partitioned_parquet_snap.store_returns_0.sr_ticket_number
|  |  fk/pk conjuncts: tpcds_partitioned_parquet_snap.store_sales_0.ss_item_sk = tpcds_partitioned_parquet_snap.store_returns_0.sr_item_sk, tpcds_partitioned_parquet_snap.store_sales_0.ss_ticket_number = tpcds_partitioned_parquet_snap.store_returns_0.sr_ticket_number
|  |  mem-estimate=0B mem-reservation=0B spill-buffer=2.00MB thread-reservation=0
|  |  tuple-ids=14,16 row-size=36B cardinality=113.37M(filtered from 5.60G) cost=1043719277
|  |  in pipelines: 13(GETNEXT), 14(OPEN)
|  |
|  |--F24:PLAN FRAGMENT [HASH(tpcds_partitioned_parquet_snap.store_sales_0.ss_item_sk,tpcds_partitioned_parquet_snap.store_sales_0.ss_ticket_number)] hosts=10 instances=40 (adjusted from 120)
|  |  |  Per-Instance Resources: mem-estimate=873.46MB mem-reservation=34.00MB thread-reservation=1
|  |  |  max-parallelism=260 segment-costs=[1007669941]
|  |  JOIN BUILD
|  |  |  join-table-id=05 plan-id=06 cohort-id=02
|  |  |  build expressions: tpcds_partitioned_parquet_snap.store_returns_0.sr_item_sk, tpcds_partitioned_parquet_snap.store_returns_0.sr_ticket_number
|  |  |  runtime filters: RF022[min_max] <- tpcds_partitioned_parquet_snap.store_returns_0.sr_item_sk, RF023[min_max] <- tpcds_partitioned_parquet_snap.store_returns_0.sr_ticket_number
|  |  |  mem-estimate=861.59MB mem-reservation=34.00MB spill-buffer=2.00MB thread-reservation=0 cost=863988632
|  |  |
|  |  39:EXCHANGE [HASH(tpcds_partitioned_parquet_snap.store_returns_0.sr_item_sk,tpcds_partitioned_parquet_snap.store_returns_0.sr_ticket_number)]
|  |  |  mem-estimate=11.88MB mem-reservation=0B thread-reservation=0
|  |  |  tuple-ids=16 row-size=12B cardinality=863.99M cost=143681309
|  |  |  in pipelines: 14(GETNEXT)
|  |  |
|  |  F10:PLAN FRAGMENT [RANDOM] hosts=10 instances=120
|  |  Per-Instance Resources: mem-estimate=18.50MB mem-reservation=512.00KB thread-reservation=1
|  |  max-parallelism=140 segment-costs=[1310670754]
|  |  14:SCAN HDFS [tpcds_partitioned_parquet_snap.store_returns, RANDOM]
|  |     HDFS partitions=2004/2004 files=2004 size=48.14GB
|  |     predicates: tpcds_partitioned_parquet_snap.store_returns_0.sr_item_sk IS NOT NULL, tpcds_partitioned_parquet_snap.store_returns_0.sr_ticket_number IS NOT NULL
|  |     runtime filters: RF019[min_max] -> tpcds_partitioned_parquet_snap.store_returns_0.sr_item_sk
|  |     stored statistics:
|  |       table: rows=863.99M size=48.14GB
|  |       partitions: 2004/2004 rows=863.99M
|  |       columns: all
|  |     extrapolated-rows=disabled max-scan-range-rows=30.09M
|  |     parquet dictionary predicates: tpcds_partitioned_parquet_snap.store_returns_0.sr_item_sk IS NOT NULL, tpcds_partitioned_parquet_snap.store_returns_0.sr_ticket_number IS NOT NULL
|  |     mem-estimate=16.00MB mem-reservation=512.00KB thread-reservation=0
|  |     tuple-ids=16 row-size=12B cardinality=863.99M cost=197853396
|  |     in pipelines: 14(GETNEXT)
|  |
|  38:EXCHANGE [HASH(tpcds_partitioned_parquet_snap.store_sales_0.ss_item_sk,tpcds_partitioned_parquet_snap.store_sales_0.ss_ticket_number)]
|  |  mem-estimate=13.28MB mem-reservation=0B thread-reservation=0
|  |  tuple-ids=14 row-size=24B cardinality=113.37M(filtered from 8.06G) cost=25111452
|  |  in pipelines: 13(GETNEXT)
|  |
|  F09:PLAN FRAGMENT [RANDOM] hosts=10 instances=120
|  Per-Host Shared Resources: mem-estimate=2.00MB mem-reservation=2.00MB thread-reservation=0 runtime-filters-memory=2.00MB
|  Per-Instance Resources: mem-estimate=20.38MB mem-reservation=8.00MB thread-reservation=1
|  max-parallelism=420 segment-costs=[4190723187]
|  13:SCAN HDFS [tpcds_partitioned_parquet_snap.store_sales, RANDOM]
|     HDFS partitions=1824/1824 files=1824 size=389.90GB
|     predicates: tpcds_partitioned_parquet_snap.store_sales_0.ss_customer_sk IS NOT NULL, tpcds_partitioned_parquet_snap.store_sales_0.ss_store_sk IS NOT NULL, tpcds_partitioned_parquet_snap.store_sales_0.ss_item_sk IS NOT NULL, tpcds_partitioned_parquet_snap.store_sales_0.ss_ticket_number IS NOT NULL
|     runtime filters: RF016[min_max] -> tpcds_partitioned_parquet_snap.store_sales_0.ss_customer_sk, RF017[min_max] -> tpcds_partitioned_parquet_snap.store_sales_0.ss_store_sk, RF022[min_max] -> tpcds_partitioned_parquet_snap.store_sales_0.ss_item_sk, RF023[min_max] -> tpcds_partitioned_parquet_snap.store_sales_0.ss_ticket_number, RF019[min_max] -> tpcds_partitioned_parquet_snap.store_sales_0.ss_item_sk, RF014[bloom] -> tpcds_partitioned_parquet_snap.store_sales_0.ss_customer_sk, RF015[bloom] -> tpcds_partitioned_parquet_snap.store_sales_0.ss_store_sk
|     stored statistics:
|       table: rows=8.64G size=389.90GB
|       partitions: 1824/1824 rows=8.64G
|       columns: all
|     extrapolated-rows=disabled max-scan-range-rows=390.22M
|     parquet dictionary predicates: tpcds_partitioned_parquet_snap.store_sales_0.ss_customer_sk IS NOT NULL, tpcds_partitioned_parquet_snap.store_sales_0.ss_store_sk IS NOT NULL, tpcds_partitioned_parquet_snap.store_sales_0.ss_item_sk IS NOT NULL, tpcds_partitioned_parquet_snap.store_sales_0.ss_ticket_number IS NOT NULL
|     mem-estimate=16.00MB mem-reservation=8.00MB thread-reservation=0
|     tuple-ids=14 row-size=24B cardinality=113.37M(filtered from 8.06G) cost=3957090318
|     in pipelines: 13(GETNEXT)
|
37:AGGREGATE [FINALIZE]
|  output: sum:merge(sum(tpcds_partitioned_parquet_snap.store_sales.ss_net_paid))
|  group by: tpcds_partitioned_parquet_snap.customer.c_last_name, tpcds_partitioned_parquet_snap.customer.c_first_name, tpcds_partitioned_parquet_snap.store.s_store_name
|  having: sum(sum(tpcds_partitioned_parquet_snap.store_sales.ss_net_paid)) IS NOT NULL
|  mem-estimate=10.00MB mem-reservation=8.50MB spill-buffer=512.00KB thread-reservation=0
|  tuple-ids=13 row-size=68B cardinality=79.62K cost=4699632
|  in pipelines: 37(GETNEXT), 35(OPEN)
|
36:EXCHANGE [HASH(tpcds_partitioned_parquet_snap.customer.c_last_name,tpcds_partitioned_parquet_snap.customer.c_first_name,tpcds_partitioned_parquet_snap.store.s_store_name)]
|  mem-estimate=5.86MB mem-reservation=0B thread-reservation=0
|  tuple-ids=13 row-size=68B cardinality=796.20K cost=337164
|  in pipelines: 35(GETNEXT)
|
F07:PLAN FRAGMENT [HASH(tpcds_partitioned_parquet_snap.customer.c_last_name,tpcds_partitioned_parquet_snap.customer.c_first_name,tpcds_partitioned_parquet_snap.store.s_store_name,tpcds_partitioned_parquet_snap.customer_address.ca_state,tpcds_partitioned_parquet_snap.store.s_state,tpcds_partitioned_parquet_snap.item.i_current_price,tpcds_partitioned_parquet_snap.item.i_manager_id,tpcds_partitioned_parquet_snap.item.i_units,tpcds_partitioned_parquet_snap.item.i_size)] hosts=10 instances=10 (adjusted from 120)
Per-Instance Resources: mem-estimate=39.74MB mem-reservation=26.00MB thread-reservation=1
max-parallelism=10 segment-costs=[5287758, 4699632, 3892103] cpu-comparison-result=174 [max(10 (self) vs 174 (sum children))]
12:AGGREGATE [STREAMING]
|  output: sum(sum(tpcds_partitioned_parquet_snap.store_sales.ss_net_paid))
|  group by: tpcds_partitioned_parquet_snap.customer.c_last_name, tpcds_partitioned_parquet_snap.customer.c_first_name, tpcds_partitioned_parquet_snap.store.s_store_name
|  mem-estimate=10.00MB mem-reservation=9.00MB spill-buffer=512.00KB thread-reservation=0
|  tuple-ids=13 row-size=68B cardinality=796.20K cost=4699632
|  in pipelines: 35(GETNEXT)
|
35:AGGREGATE [FINALIZE]
|  output: sum:merge(tpcds_partitioned_parquet_snap.store_sales.ss_net_paid)
|  group by: tpcds_partitioned_parquet_snap.customer.c_last_name, tpcds_partitioned_parquet_snap.customer.c_first_name, tpcds_partitioned_parquet_snap.store.s_store_name, tpcds_partitioned_parquet_snap.customer_address.ca_state, tpcds_partitioned_parquet_snap.store.s_state, tpcds_partitioned_parquet_snap.item.i_current_price, tpcds_partitioned_parquet_snap.item.i_manager_id, tpcds_partitioned_parquet_snap.item.i_units, tpcds_partitioned_parquet_snap.item.i_size
|  mem-estimate=17.00MB mem-reservation=17.00MB spill-buffer=1.00MB thread-reservation=0
|  tuple-ids=12 row-size=136B cardinality=796.20K cost=4699632
|  in pipelines: 35(GETNEXT), 00(OPEN)
|
34:EXCHANGE [HASH(tpcds_partitioned_parquet_snap.customer.c_last_name,tpcds_partitioned_parquet_snap.customer.c_first_name,tpcds_partitioned_parquet_snap.store.s_store_name,tpcds_partitioned_parquet_snap.customer_address.ca_state,tpcds_partitioned_parquet_snap.store.s_state,tpcds_partitioned_parquet_snap.item.i_current_price,tpcds_partitioned_parquet_snap.item.i_manager_id,tpcds_partitioned_parquet_snap.item.i_units,tpcds_partitioned_parquet_snap.item.i_size)]
|  mem-estimate=12.74MB mem-reservation=0B thread-reservation=0
|  tuple-ids=12 row-size=136B cardinality=796.20K cost=588126
|  in pipelines: 00(GETNEXT)
|
F02:PLAN FRAGMENT [HASH(tpcds_partitioned_parquet_snap.store_sales.ss_item_sk,tpcds_partitioned_parquet_snap.store_sales.ss_ticket_number)] hosts=10 instances=20 (adjusted from 120)
Per-Instance Resources: mem-estimate=28.77MB mem-reservation=9.00MB thread-reservation=1
max-parallelism=120 segment-costs=[1114809810, 7405568] cpu-comparison-result=174 [max(140 (self) vs 174 (sum children))]
11:AGGREGATE [STREAMING]
|  output: sum(tpcds_partitioned_parquet_snap.store_sales.ss_net_paid)
|  group by: tpcds_partitioned_parquet_snap.customer.c_last_name, tpcds_partitioned_parquet_snap.customer.c_first_name, tpcds_partitioned_parquet_snap.store.s_store_name, tpcds_partitioned_parquet_snap.customer_address.ca_state, tpcds_partitioned_parquet_snap.store.s_state, tpcds_partitioned_parquet_snap.item.i_current_price, tpcds_partitioned_parquet_snap.item.i_manager_id, tpcds_partitioned_parquet_snap.item.i_units, tpcds_partitioned_parquet_snap.item.i_size
|  mem-estimate=10.00MB mem-reservation=9.00MB spill-buffer=512.00KB thread-reservation=0
|  tuple-ids=12 row-size=136B cardinality=796.20K cost=4699632
|  in pipelines: 00(GETNEXT)
|
10:HASH JOIN [INNER JOIN, BROADCAST]
|  hash-table-id=06
|  hash predicates: tpcds_partitioned_parquet_snap.store_sales.ss_customer_sk = tpcds_partitioned_parquet_snap.customer.c_customer_sk, tpcds_partitioned_parquet_snap.store_sales.ss_store_sk = tpcds_partitioned_parquet_snap.store.s_store_sk
|  fk/pk conjuncts: tpcds_partitioned_parquet_snap.store_sales.ss_customer_sk = tpcds_partitioned_parquet_snap.customer.c_customer_sk, tpcds_partitioned_parquet_snap.store_sales.ss_store_sk = tpcds_partitioned_parquet_snap.store.s_store_sk
|  mem-estimate=0B mem-reservation=0B spill-buffer=2.00MB thread-reservation=0
|  tuple-ids=0,2,4,6,8,10 row-size=278B cardinality=796.20K cost=15708229
|  in pipelines: 00(GETNEXT), 05(OPEN)
|
|--F25:PLAN FRAGMENT [HASH(tpcds_partitioned_parquet_snap.store_sales.ss_item_sk,tpcds_partitioned_parquet_snap.store_sales.ss_ticket_number)] hosts=10 instances=10
|  |  Per-Instance Resources: mem-estimate=99.33MB mem-reservation=70.00MB thread-reservation=1 runtime-filters-memory=2.00MB
|  |  max-parallelism=10 segment-costs=[998724] cpu-comparison-result=20 [max(20 (self) vs 20 (sum children))]
|  JOIN BUILD
|  |  join-table-id=06 plan-id=07 cohort-id=01
|  |  build expressions: tpcds_partitioned_parquet_snap.customer.c_customer_sk, tpcds_partitioned_parquet_snap.store.s_store_sk
|  |  runtime filters: RF000[bloom] <- tpcds_partitioned_parquet_snap.customer.c_customer_sk, RF001[bloom] <- tpcds_partitioned_parquet_snap.store.s_store_sk, RF002[min_max] <- tpcds_partitioned_parquet_snap.customer.c_customer_sk, RF003[min_max] <- tpcds_partitioned_parquet_snap.store.s_store_sk
|  |  mem-estimate=85.46MB mem-reservation=68.00MB spill-buffer=2.00MB thread-reservation=0 cost=428824
|  |
|  33:EXCHANGE [BROADCAST]
|  |  mem-estimate=11.87MB mem-reservation=0B thread-reservation=0
|  |  tuple-ids=6,8,10 row-size=180B cardinality=428.82K cost=569900
|  |  in pipelines: 05(GETNEXT)
|  |
|  F04:PLAN FRAGMENT [RANDOM] hosts=10 instances=10
|  Per-Host Shared Resources: mem-estimate=1.00MB mem-reservation=1.00MB thread-reservation=0 runtime-filters-memory=1.00MB
|  Per-Instance Resources: mem-estimate=16.75MB mem-reservation=1.00MB thread-reservation=1
|  max-parallelism=10 segment-costs=[15345339]
|  09:HASH JOIN [INNER JOIN, BROADCAST]
|  |  hash-table-id=07
|  |  hash predicates: tpcds_partitioned_parquet_snap.customer.c_current_addr_sk = tpcds_partitioned_parquet_snap.customer_address.ca_address_sk
|  |  fk/pk conjuncts: tpcds_partitioned_parquet_snap.customer.c_current_addr_sk = tpcds_partitioned_parquet_snap.customer_address.ca_address_sk
|  |  other join predicates: tpcds_partitioned_parquet_snap.customer.c_birth_country != upper(tpcds_partitioned_parquet_snap.customer_address.ca_country)
|  |  mem-estimate=0B mem-reservation=0B spill-buffer=2.00MB thread-reservation=0
|  |  tuple-ids=6,8,10 row-size=180B cardinality=428.82K cost=191684
|  |  in pipelines: 05(GETNEXT), 06(OPEN)
|  |
|  |--F26:PLAN FRAGMENT [RANDOM] hosts=10 instances=10
|  |  |  Per-Instance Resources: mem-estimate=46.20MB mem-reservation=35.00MB thread-reservation=1 runtime-filters-memory=1.00MB
|  |  |  max-parallelism=10 segment-costs=[460251] cpu-comparison-result=20 [max(20 (self) vs 11 (sum children))]
|  |  JOIN BUILD
|  |  |  join-table-id=07 plan-id=08 cohort-id=05
|  |  |  build expressions: tpcds_partitioned_parquet_snap.customer_address.ca_address_sk
|  |  |  runtime filters: RF010[bloom] <- tpcds_partitioned_parquet_snap.customer_address.ca_address_sk, RF011[min_max] <- tpcds_partitioned_parquet_snap.customer_address.ca_address_sk
|  |  |  mem-estimate=34.00MB mem-reservation=34.00MB spill-buffer=2.00MB thread-reservation=0 cost=197621
|  |  |
|  |  32:EXCHANGE [BROADCAST]
|  |  |  mem-estimate=11.20MB mem-reservation=0B thread-reservation=0
|  |  |  tuple-ids=8,10 row-size=115B cardinality=197.62K cost=262630
|  |  |  in pipelines: 06(GETNEXT)
|  |  |
|  |  F05:PLAN FRAGMENT [RANDOM] hosts=10 instances=10
|  |  Per-Host Shared Resources: mem-estimate=1.00MB mem-reservation=1.00MB thread-reservation=0 runtime-filters-memory=1.00MB
|  |  Per-Instance Resources: mem-estimate=16.48MB mem-reservation=128.00KB thread-reservation=1
|  |  max-parallelism=10 segment-costs=[6183363]
|  |  08:HASH JOIN [INNER JOIN, BROADCAST]
|  |  |  hash-table-id=08
|  |  |  hash predicates: tpcds_partitioned_parquet_snap.customer_address.ca_zip = tpcds_partitioned_parquet_snap.store.s_zip
|  |  |  fk/pk conjuncts: none
|  |  |  mem-estimate=0B mem-reservation=0B spill-buffer=64.00KB thread-reservation=0
|  |  |  tuple-ids=8,10 row-size=115B cardinality=197.62K cost=86498
|  |  |  in pipelines: 06(GETNEXT), 07(OPEN)
|  |  |
|  |  |--F27:PLAN FRAGMENT [RANDOM] hosts=10 instances=10
|  |  |  |  Per-Instance Resources: mem-estimate=2.95MB mem-reservation=2.94MB thread-reservation=1 runtime-filters-memory=1.00MB
|  |  |  |  max-parallelism=10 segment-costs=[304]
|  |  |  JOIN BUILD
|  |  |  |  join-table-id=08 plan-id=09 cohort-id=06
|  |  |  |  build expressions: tpcds_partitioned_parquet_snap.store.s_zip
|  |  |  |  runtime filters: RF012[bloom] <- tpcds_partitioned_parquet_snap.store.s_zip, RF013[min_max] <- tpcds_partitioned_parquet_snap.store.s_zip
|  |  |  |  mem-estimate=1.94MB mem-reservation=1.94MB spill-buffer=64.00KB thread-reservation=0 cost=134
|  |  |  |
|  |  |  31:EXCHANGE [BROADCAST]
|  |  |  |  mem-estimate=16.00KB mem-reservation=0B thread-reservation=0
|  |  |  |  tuple-ids=10 row-size=55B cardinality=134 cost=170
|  |  |  |  in pipelines: 07(GETNEXT)
|  |  |  |
|  |  |  F06:PLAN FRAGMENT [RANDOM] hosts=1 instances=1
|  |  |  Per-Instance Resources: mem-estimate=16.23MB mem-reservation=40.00KB thread-reservation=1
|  |  |  max-parallelism=1 segment-costs=[503]
|  |  |  07:SCAN HDFS [tpcds_partitioned_parquet_snap.store, RANDOM]
|  |  |     HDFS partitions=1/1 files=1 size=119.76KB
|  |  |     predicates: tpcds_partitioned_parquet_snap.store.s_market_id = CAST(10 AS INT), tpcds_partitioned_parquet_snap.store.s_zip IS NOT NULL, tpcds_partitioned_parquet_snap.store.s_store_sk IS NOT NULL
|  |  |     stored statistics:
|  |  |       table: rows=1.35K size=119.76KB
|  |  |       columns: all
|  |  |     extrapolated-rows=disabled max-scan-range-rows=1.35K
|  |  |     parquet statistics predicates: tpcds_partitioned_parquet_snap.store.s_market_id = CAST(10 AS INT)
|  |  |     parquet dictionary predicates: tpcds_partitioned_parquet_snap.store.s_market_id = CAST(10 AS INT), tpcds_partitioned_parquet_snap.store.s_zip IS NOT NULL, tpcds_partitioned_parquet_snap.store.s_store_sk IS NOT NULL
|  |  |     mem-estimate=16.00MB mem-reservation=40.00KB thread-reservation=0
|  |  |     tuple-ids=10 row-size=55B cardinality=134 cost=481
|  |  |     in pipelines: 07(GETNEXT)
|  |  |
|  |  06:SCAN HDFS [tpcds_partitioned_parquet_snap.customer_address, RANDOM]
|  |     HDFS partitions=1/1 files=1 size=307.36MB
|  |     predicates: tpcds_partitioned_parquet_snap.customer_address.ca_zip IS NOT NULL, tpcds_partitioned_parquet_snap.customer_address.ca_address_sk IS NOT NULL
|  |     runtime filters: RF013[min_max] -> tpcds_partitioned_parquet_snap.customer_address.ca_zip, RF012[bloom] -> tpcds_partitioned_parquet_snap.customer_address.ca_zip
|  |     stored statistics:
|  |       table: rows=15.00M size=307.36MB
|  |       columns: all
|  |     extrapolated-rows=disabled max-scan-range-rows=1.58M
|  |     parquet dictionary predicates: tpcds_partitioned_parquet_snap.customer_address.ca_zip IS NOT NULL, tpcds_partitioned_parquet_snap.customer_address.ca_address_sk IS NOT NULL
|  |     mem-estimate=16.00MB mem-reservation=128.00KB thread-reservation=0
|  |     tuple-ids=8 row-size=60B cardinality=197.62K(filtered from 14.55M) cost=6027000
|  |     in pipelines: 06(GETNEXT)
|  |
|  05:SCAN HDFS [tpcds_partitioned_parquet_snap.customer, RANDOM]
|     HDFS partitions=1/1 files=1 size=1.55GB
|     predicates: tpcds_partitioned_parquet_snap.customer.c_birth_country IS NOT NULL, tpcds_partitioned_parquet_snap.customer.c_current_addr_sk IS NOT NULL, tpcds_partitioned_parquet_snap.customer.c_customer_sk IS NOT NULL
|     runtime filters: RF011[min_max] -> tpcds_partitioned_parquet_snap.customer.c_current_addr_sk, RF010[bloom] -> tpcds_partitioned_parquet_snap.customer.c_current_addr_sk
|     stored statistics:
|       table: rows=30.00M size=1.55GB
|       columns: all
|     extrapolated-rows=disabled max-scan-range-rows=3.10M
|     parquet dictionary predicates: tpcds_partitioned_parquet_snap.customer.c_birth_country IS NOT NULL, tpcds_partitioned_parquet_snap.customer.c_current_addr_sk IS NOT NULL, tpcds_partitioned_parquet_snap.customer.c_customer_sk IS NOT NULL
|     mem-estimate=16.00MB mem-reservation=1.00MB thread-reservation=0
|     tuple-ids=6 row-size=65B cardinality=444.37K(filtered from 28.95M) cost=14917903
|     in pipelines: 05(GETNEXT)
|
04:HASH JOIN [INNER JOIN, BROADCAST]
|  hash-table-id=09
|  hash predicates: tpcds_partitioned_parquet_snap.store_sales.ss_item_sk = tpcds_partitioned_parquet_snap.item.i_item_sk
|  fk/pk conjuncts: tpcds_partitioned_parquet_snap.store_sales.ss_item_sk = tpcds_partitioned_parquet_snap.item.i_item_sk
|  mem-estimate=0B mem-reservation=0B spill-buffer=64.00KB thread-reservation=0
|  tuple-ids=0,2,4 row-size=98B cardinality=60.68M cost=35009570
|  in pipelines: 00(GETNEXT), 03(OPEN)
|
|--F28:PLAN FRAGMENT [HASH(tpcds_partitioned_parquet_snap.store_sales.ss_item_sk,tpcds_partitioned_parquet_snap.store_sales.ss_ticket_number)] hosts=10 instances=10
|  |  Per-Instance Resources: mem-estimate=5.36MB mem-reservation=4.88MB thread-reservation=1 runtime-filters-memory=1.00MB
|  |  max-parallelism=10 segment-costs=[9083]
|  JOIN BUILD
|  |  join-table-id=09 plan-id=10 cohort-id=01
|  |  build expressions: tpcds_partitioned_parquet_snap.item.i_item_sk
|  |  runtime filters: RF004[bloom] <- tpcds_partitioned_parquet_snap.item.i_item_sk, RF005[min_max] <- tpcds_partitioned_parquet_snap.item.i_item_sk
|  |  mem-estimate=3.88MB mem-reservation=3.88MB spill-buffer=64.00KB thread-reservation=0 cost=3903
|  |
|  30:EXCHANGE [BROADCAST]
|  |  mem-estimate=499.56KB mem-reservation=0B thread-reservation=0
|  |  tuple-ids=4 row-size=62B cardinality=3.90K cost=5180
|  |  in pipelines: 03(GETNEXT)
|  |
|  F03:PLAN FRAGMENT [RANDOM] hosts=4 instances=4
|  Per-Instance Resources: mem-estimate=16.26MB mem-reservation=512.00KB thread-reservation=1
|  max-parallelism=4 segment-costs=[155248]
|  03:SCAN HDFS [tpcds_partitioned_parquet_snap.item, RANDOM]
|     HDFS partitions=1/1 files=1 size=33.54MB
|     predicates: tpcds_partitioned_parquet_snap.item.i_color = 'beige', tpcds_partitioned_parquet_snap.item.i_item_sk IS NOT NULL
|     stored statistics:
|       table: rows=360.00K size=33.54MB
|       columns: all
|     extrapolated-rows=disabled max-scan-range-rows=101.54K
|     parquet statistics predicates: tpcds_partitioned_parquet_snap.item.i_color = 'beige'
|     parquet dictionary predicates: tpcds_partitioned_parquet_snap.item.i_color = 'beige', tpcds_partitioned_parquet_snap.item.i_item_sk IS NOT NULL
|     mem-estimate=16.00MB mem-reservation=512.00KB thread-reservation=0
|     tuple-ids=4 row-size=62B cardinality=3.90K cost=154512
|     in pipelines: 03(GETNEXT)
|
02:HASH JOIN [INNER JOIN, PARTITIONED]
|  hash-table-id=10
|  hash predicates: tpcds_partitioned_parquet_snap.store_sales.ss_item_sk = tpcds_partitioned_parquet_snap.store_returns.sr_item_sk, tpcds_partitioned_parquet_snap.store_sales.ss_ticket_number = tpcds_partitioned_parquet_snap.store_returns.sr_ticket_number
|  fk/pk conjuncts: tpcds_partitioned_parquet_snap.store_sales.ss_item_sk = tpcds_partitioned_parquet_snap.store_returns.sr_item_sk, tpcds_partitioned_parquet_snap.store_sales.ss_ticket_number = tpcds_partitioned_parquet_snap.store_returns.sr_ticket_number
|  mem-estimate=0B mem-reservation=0B spill-buffer=2.00MB thread-reservation=0
|  tuple-ids=0,2 row-size=36B cardinality=93.62M(filtered from 5.60G) cost=1038654556
|  in pipelines: 00(GETNEXT), 01(OPEN)
|
|--F29:PLAN FRAGMENT [HASH(tpcds_partitioned_parquet_snap.store_sales.ss_item_sk,tpcds_partitioned_parquet_snap.store_sales.ss_ticket_number)] hosts=10 instances=20 (adjusted from 120)
|  |  Per-Instance Resources: mem-estimate=1.70GB mem-reservation=35.00MB thread-reservation=1 runtime-filters-memory=1.00MB
|  |  max-parallelism=120 segment-costs=[1007669941]
|  JOIN BUILD
|  |  join-table-id=10 plan-id=11 cohort-id=01
|  |  build expressions: tpcds_partitioned_parquet_snap.store_returns.sr_item_sk, tpcds_partitioned_parquet_snap.store_returns.sr_ticket_number
|  |  runtime filters: RF006[bloom] <- tpcds_partitioned_parquet_snap.store_returns.sr_item_sk, RF008[min_max] <- tpcds_partitioned_parquet_snap.store_returns.sr_item_sk, RF009[min_max] <- tpcds_partitioned_parquet_snap.store_returns.sr_ticket_number
|  |  mem-estimate=1.68GB mem-reservation=34.00MB spill-buffer=2.00MB thread-reservation=0 cost=863988632
|  |
|  29:EXCHANGE [HASH(tpcds_partitioned_parquet_snap.store_returns.sr_item_sk,tpcds_partitioned_parquet_snap.store_returns.sr_ticket_number)]
|  |  mem-estimate=11.88MB mem-reservation=0B thread-reservation=0
|  |  tuple-ids=2 row-size=12B cardinality=863.99M cost=143681309
|  |  in pipelines: 01(GETNEXT)
|  |
|  F01:PLAN FRAGMENT [RANDOM] hosts=10 instances=120
|  Per-Host Shared Resources: mem-estimate=1.00MB mem-reservation=1.00MB thread-reservation=0 runtime-filters-memory=1.00MB
|  Per-Instance Resources: mem-estimate=17.25MB mem-reservation=512.00KB thread-reservation=1
|  max-parallelism=140 segment-costs=[1310670754]
|  01:SCAN HDFS [tpcds_partitioned_parquet_snap.store_returns, RANDOM]
|     HDFS partitions=2004/2004 files=2004 size=48.14GB
|     predicates: tpcds_partitioned_parquet_snap.store_returns.sr_item_sk IS NOT NULL, tpcds_partitioned_parquet_snap.store_returns.sr_ticket_number IS NOT NULL
|     runtime filters: RF005[min_max] -> tpcds_partitioned_parquet_snap.store_returns.sr_item_sk, RF004[bloom] -> tpcds_partitioned_parquet_snap.store_returns.sr_item_sk
|     stored statistics:
|       table: rows=863.99M size=48.14GB
|       partitions: 2004/2004 rows=863.99M
|       columns: all
|     extrapolated-rows=disabled max-scan-range-rows=30.09M
|     parquet dictionary predicates: tpcds_partitioned_parquet_snap.store_returns.sr_item_sk IS NOT NULL, tpcds_partitioned_parquet_snap.store_returns.sr_ticket_number IS NOT NULL
|     mem-estimate=16.00MB mem-reservation=512.00KB thread-reservation=0
|     tuple-ids=2 row-size=12B cardinality=863.99M cost=197853396
|     in pipelines: 01(GETNEXT)
|
28:EXCHANGE [HASH(tpcds_partitioned_parquet_snap.store_sales.ss_item_sk,tpcds_partitioned_parquet_snap.store_sales.ss_ticket_number)]
|  mem-estimate=13.28MB mem-reservation=0B thread-reservation=0
|  tuple-ids=0 row-size=24B cardinality=93.62M(filtered from 8.06G) cost=20737823
|  in pipelines: 00(GETNEXT)
|
F00:PLAN FRAGMENT [RANDOM] hosts=10 instances=120
Per-Host Shared Resources: mem-estimate=4.00MB mem-reservation=4.00MB thread-reservation=0 runtime-filters-memory=4.00MB
Per-Instance Resources: mem-estimate=18.19MB mem-reservation=8.00MB thread-reservation=1
max-parallelism=420 segment-costs=[4150031656]
00:SCAN HDFS [tpcds_partitioned_parquet_snap.store_sales, RANDOM]
   HDFS partitions=1824/1824 files=1824 size=389.90GB
   predicates: tpcds_partitioned_parquet_snap.store_sales.ss_customer_sk IS NOT NULL, tpcds_partitioned_parquet_snap.store_sales.ss_store_sk IS NOT NULL, tpcds_partitioned_parquet_snap.store_sales.ss_item_sk IS NOT NULL, tpcds_partitioned_parquet_snap.store_sales.ss_ticket_number IS NOT NULL
   runtime filters: RF005[min_max] -> tpcds_partitioned_parquet_snap.store_sales.ss_item_sk, RF002[min_max] -> tpcds_partitioned_parquet_snap.store_sales.ss_customer_sk, RF003[min_max] -> tpcds_partitioned_parquet_snap.store_sales.ss_store_sk, RF008[min_max] -> tpcds_partitioned_parquet_snap.store_sales.ss_item_sk, RF009[min_max] -> tpcds_partitioned_parquet_snap.store_sales.ss_ticket_number, RF004[bloom] -> tpcds_partitioned_parquet_snap.store_sales.ss_item_sk, RF000[bloom] -> tpcds_partitioned_parquet_snap.store_sales.ss_customer_sk, RF001[bloom] -> tpcds_partitioned_parquet_snap.store_sales.ss_store_sk, RF006[bloom] -> tpcds_partitioned_parquet_snap.store_sales.ss_item_sk
   stored statistics:
     table: rows=8.64G size=389.90GB
     partitions: 1824/1824 rows=8.64G
     columns: all
   extrapolated-rows=disabled max-scan-range-rows=390.22M
   parquet dictionary predicates: tpcds_partitioned_parquet_snap.store_sales.ss_customer_sk IS NOT NULL, tpcds_partitioned_parquet_snap.store_sales.ss_store_sk IS NOT NULL, tpcds_partitioned_parquet_snap.store_sales.ss_item_sk IS NOT NULL, tpcds_partitioned_parquet_snap.store_sales.ss_ticket_number IS NOT NULL
   mem-estimate=16.00MB mem-reservation=8.00MB thread-reservation=0
   tuple-ids=0 row-size=24B cardinality=93.62M(filtered from 8.06G) cost=3957090318
   in pipelines: 00(GETNEXT)
====
