# TPCDS-Q64
# start query 64 in stream 0 using template query64.tpl using seed 975411025
with cs_ui as
 (select cs_item_sk
        ,sum(cs_ext_list_price) as sale,sum(cr_refunded_cash+cr_reversed_charge+cr_store_credit) as refund
  from catalog_sales
      ,catalog_returns
  where cs_item_sk = cr_item_sk
    and cs_order_number = cr_order_number
  group by cs_item_sk
  having sum(cs_ext_list_price)>2*sum(cr_refunded_cash+cr_reversed_charge+cr_store_credit)),
cross_sales as
 (select i_product_name product_name
     ,i_item_sk item_sk
     ,s_store_name store_name
     ,s_zip store_zip
     ,ad1.ca_street_number b_street_number
     ,ad1.ca_street_name b_street_name
     ,ad1.ca_city b_city
     ,ad1.ca_zip b_zip
     ,ad2.ca_street_number c_street_number
     ,ad2.ca_street_name c_street_name
     ,ad2.ca_city c_city
     ,ad2.ca_zip c_zip
     ,d1.d_year as syear
     ,d2.d_year as fsyear
     ,d3.d_year s2year
     ,count(*) cnt
     ,sum(ss_wholesale_cost) s1
     ,sum(ss_list_price) s2
     ,sum(ss_coupon_amt) s3
  FROM   store_sales
        ,store_returns
        ,cs_ui
        ,date_dim d1
        ,date_dim d2
        ,date_dim d3
        ,store
        ,customer
        ,customer_demographics cd1
        ,customer_demographics cd2
        ,promotion
        ,household_demographics hd1
        ,household_demographics hd2
        ,customer_address ad1
        ,customer_address ad2
        ,income_band ib1
        ,income_band ib2
        ,item
  WHERE  ss_store_sk = s_store_sk AND
         ss_sold_date_sk = d1.d_date_sk AND
         ss_customer_sk = c_customer_sk AND
         ss_cdemo_sk= cd1.cd_demo_sk AND
         ss_hdemo_sk = hd1.hd_demo_sk AND
         ss_addr_sk = ad1.ca_address_sk and
         ss_item_sk = i_item_sk and
         ss_item_sk = sr_item_sk and
         ss_ticket_number = sr_ticket_number and
         ss_item_sk = cs_ui.cs_item_sk and
         c_current_cdemo_sk = cd2.cd_demo_sk AND
         c_current_hdemo_sk = hd2.hd_demo_sk AND
         c_current_addr_sk = ad2.ca_address_sk and
         c_first_sales_date_sk = d2.d_date_sk and
         c_first_shipto_date_sk = d3.d_date_sk and
         ss_promo_sk = p_promo_sk and
         hd1.hd_income_band_sk = ib1.ib_income_band_sk and
         hd2.hd_income_band_sk = ib2.ib_income_band_sk and
         cd1.cd_marital_status <> cd2.cd_marital_status and
         i_color in ('peach','misty','drab','chocolate','almond','saddle') and
         i_current_price between 75 and 75 + 10 and
         i_current_price between 75 + 1 and 75 + 15
group by i_product_name
       ,i_item_sk
       ,s_store_name
       ,s_zip
       ,ad1.ca_street_number
       ,ad1.ca_street_name
       ,ad1.ca_city
       ,ad1.ca_zip
       ,ad2.ca_street_number
       ,ad2.ca_street_name
       ,ad2.ca_city
       ,ad2.ca_zip
       ,d1.d_year
       ,d2.d_year
       ,d3.d_year
)
select cs1.product_name
     ,cs1.store_name
     ,cs1.store_zip
     ,cs1.b_street_number
     ,cs1.b_street_name
     ,cs1.b_city
     ,cs1.b_zip
     ,cs1.c_street_number
     ,cs1.c_street_name
     ,cs1.c_city
     ,cs1.c_zip
     ,cs1.syear
     ,cs1.cnt
     ,cs1.s1 as s11
     ,cs1.s2 as s21
     ,cs1.s3 as s31
     ,cs2.s1 as s12
     ,cs2.s2 as s22
     ,cs2.s3 as s32
     ,cs2.syear
     ,cs2.cnt
from cross_sales cs1,cross_sales cs2
where cs1.item_sk=cs2.item_sk and
     cs1.syear = 2000 and
     cs2.syear = 2000 + 1 and
     cs2.cnt <= cs1.cnt and
     cs1.store_name = cs2.store_name and
     cs1.store_zip = cs2.store_zip
order by cs1.product_name
       ,cs1.store_name
       ,cs2.cnt
       ,cs1.s1
       ,cs2.s1

# end query 64 in stream 0 using template query64.tpl
---- PLAN
Max Per-Host Resource Reservation: Memory=653.55MB Threads=1
Per-Host Resource Estimates: Memory=100.58GB
F00:PLAN FRAGMENT [UNPARTITIONED] hosts=1 instances=1
|  Per-Instance Resources: mem-estimate=100.58GB mem-reservation=653.55MB thread-reservation=1 runtime-filters-memory=55.00MB
|  max-parallelism=1 segment-costs=[4262538402, 10468908399, 4262538402, 10468908399, 13265426556, 17340313600]
PLAN-ROOT SINK
|  output exprs: tpcds_partitioned_parquet_snap.item.i_product_name, tpcds_partitioned_parquet_snap.store.s_store_name, tpcds_partitioned_parquet_snap.store.s_zip, tpcds_partitioned_parquet_snap.customer_address_0.ca_street_number, tpcds_partitioned_parquet_snap.customer_address_0.ca_street_name, tpcds_partitioned_parquet_snap.customer_address_0.ca_city, tpcds_partitioned_parquet_snap.customer_address_0.ca_zip, tpcds_partitioned_parquet_snap.customer_address.ca_street_number, tpcds_partitioned_parquet_snap.customer_address.ca_street_name, tpcds_partitioned_parquet_snap.customer_address.ca_city, tpcds_partitioned_parquet_snap.customer_address.ca_zip, CAST(2000 AS INT), count(), sum(tpcds_partitioned_parquet_snap.store_sales.ss_wholesale_cost), sum(tpcds_partitioned_parquet_snap.store_sales.ss_list_price), sum(tpcds_partitioned_parquet_snap.store_sales.ss_coupon_amt), sum(tpcds_partitioned_parquet_snap.store_sales_0.ss_wholesale_cost), sum(tpcds_partitioned_parquet_snap.store_sales_0.ss_list_price), sum(tpcds_partitioned_parquet_snap.store_sales_0.ss_coupon_amt), CAST(2001 AS INT), count()
|  mem-estimate=100.00MB mem-reservation=4.00MB spill-buffer=2.00MB thread-reservation=0 cost=17340313600
|
79:SORT
|  order by: tpcds_partitioned_parquet_snap.item.i_product_name ASC NULLS LAST, tpcds_partitioned_parquet_snap.store.s_store_name ASC NULLS LAST, count() ASC NULLS LAST, sum(tpcds_partitioned_parquet_snap.store_sales.ss_wholesale_cost) ASC NULLS LAST, sum(tpcds_partitioned_parquet_snap.store_sales_0.ss_wholesale_cost) ASC NULLS LAST
|  mem-estimate=50.00GB mem-reservation=12.00MB spill-buffer=2.00MB thread-reservation=0
|  tuple-ids=80 row-size=327B cardinality=825.73M cost=12078275628
|  in pipelines: 79(GETNEXT), 38(OPEN)
|
78:HASH JOIN [INNER JOIN]
|  hash predicates: tpcds_partitioned_parquet_snap.item.i_item_sk = tpcds_partitioned_parquet_snap.item_0.i_item_sk, tpcds_partitioned_parquet_snap.store.s_store_name = tpcds_partitioned_parquet_snap.store_0.s_store_name, tpcds_partitioned_parquet_snap.store.s_zip = tpcds_partitioned_parquet_snap.store_0.s_zip
|  fk/pk conjuncts: tpcds_partitioned_parquet_snap.item.i_item_sk = tpcds_partitioned_parquet_snap.item_0.i_item_sk, tpcds_partitioned_parquet_snap.store.s_store_name = tpcds_partitioned_parquet_snap.store_0.s_store_name, tpcds_partitioned_parquet_snap.store.s_zip = tpcds_partitioned_parquet_snap.store_0.s_zip
|  other join predicates: count() <= count()
|  runtime filters: RF003[min_max] <- tpcds_partitioned_parquet_snap.item_0.i_item_sk, RF004[min_max] <- tpcds_partitioned_parquet_snap.store_0.s_store_name, RF005[min_max] <- tpcds_partitioned_parquet_snap.store_0.s_zip
|  mem-estimate=50.00GB mem-reservation=34.00MB spill-buffer=2.00MB thread-reservation=0
|  tuple-ids=39,79 row-size=566B cardinality=825.73M cost=1187150928
|  in pipelines: 38(GETNEXT), 77(OPEN)
|
|--77:AGGREGATE [FINALIZE]
|  |  output: count(), sum(tpcds_partitioned_parquet_snap.store_sales_0.ss_wholesale_cost), sum(tpcds_partitioned_parquet_snap.store_sales_0.ss_list_price), sum(tpcds_partitioned_parquet_snap.store_sales_0.ss_coupon_amt)
|  |  group by: tpcds_partitioned_parquet_snap.item_0.i_product_name, tpcds_partitioned_parquet_snap.item_0.i_item_sk, tpcds_partitioned_parquet_snap.store_0.s_store_name, tpcds_partitioned_parquet_snap.store_0.s_zip, tpcds_partitioned_parquet_snap.customer_address_2.ca_street_number, tpcds_partitioned_parquet_snap.customer_address_2.ca_street_name, tpcds_partitioned_parquet_snap.customer_address_2.ca_city, tpcds_partitioned_parquet_snap.customer_address_2.ca_zip, tpcds_partitioned_parquet_snap.customer_address_1.ca_street_number, tpcds_partitioned_parquet_snap.customer_address_1.ca_street_name, tpcds_partitioned_parquet_snap.customer_address_1.ca_city, tpcds_partitioned_parquet_snap.customer_address_1.ca_zip, tpcds_partitioned_parquet_snap.date_dim_2.d_year, tpcds_partitioned_parquet_snap.date_dim_3.d_year
|  |  mem-estimate=540.29MB mem-reservation=34.00MB spill-buffer=2.00MB thread-reservation=0
|  |  tuple-ids=79 row-size=283B cardinality=825.73M cost=5047352552
|  |  in pipelines: 77(GETNEXT), 52(OPEN)
|  |
|  76:HASH JOIN [INNER JOIN]
|  |  hash predicates: tpcds_partitioned_parquet_snap.store_sales_0.ss_cdemo_sk = tpcds_partitioned_parquet_snap.customer_demographics_2.cd_demo_sk
|  |  fk/pk conjuncts: tpcds_partitioned_parquet_snap.store_sales_0.ss_cdemo_sk = tpcds_partitioned_parquet_snap.customer_demographics_2.cd_demo_sk
|  |  other join predicates: tpcds_partitioned_parquet_snap.customer_demographics_2.cd_marital_status != tpcds_partitioned_parquet_snap.customer_demographics_1.cd_marital_status
|  |  runtime filters: RF047[min_max] <- tpcds_partitioned_parquet_snap.customer_demographics_2.cd_demo_sk
|  |  mem-estimate=79.14MB mem-reservation=34.00MB spill-buffer=2.00MB thread-reservation=0
|  |  tuple-ids=54,56,58,60,62,64,66,72,73,75,40,42,44,46,48,50,52,77 row-size=462B cardinality=825.73M cost=365967929
|  |  in pipelines: 52(GETNEXT), 75(OPEN)
|  |
|  |--75:SCAN HDFS [tpcds_partitioned_parquet_snap.customer_demographics]
|  |     HDFS partitions=1/1 files=1 size=11.15MB
|  |     predicates: tpcds_partitioned_parquet_snap.customer_demographics_2.cd_demo_sk IS NOT NULL, tpcds_partitioned_parquet_snap.customer_demographics_2.cd_marital_status IS NOT NULL
|  |     stored statistics:
|  |       table: rows=1.92M size=11.15MB
|  |       columns: all
|  |     extrapolated-rows=disabled max-scan-range-rows=197.97K
|  |     parquet dictionary predicates: tpcds_partitioned_parquet_snap.customer_demographics_2.cd_demo_sk IS NOT NULL, tpcds_partitioned_parquet_snap.customer_demographics_2.cd_marital_status IS NOT NULL
|  |     mem-estimate=16.00MB mem-reservation=1.00MB thread-reservation=0
|  |     tuple-ids=77 row-size=17B cardinality=1.92M cost=246246
|  |     in pipelines: 75(GETNEXT)
|  |
|  74:HASH JOIN [INNER JOIN]
|  |  hash predicates: tpcds_partitioned_parquet_snap.store_sales_0.ss_customer_sk = tpcds_partitioned_parquet_snap.customer_0.c_customer_sk
|  |  fk/pk conjuncts: none
|  |  runtime filters: RF049[min_max] <- tpcds_partitioned_parquet_snap.customer_0.c_customer_sk
|  |  mem-estimate=4.42GB mem-reservation=34.00MB spill-buffer=2.00MB thread-reservation=0
|  |  tuple-ids=54,56,58,60,62,64,66,72,73,75,40,42,44,46,48,50,52 row-size=445B cardinality=835.96M cost=392757169
|  |  in pipelines: 52(GETNEXT), 39(OPEN)
|  |
|  |--51:HASH JOIN [INNER JOIN]
|  |  |  hash predicates: tpcds_partitioned_parquet_snap.customer_0.c_current_addr_sk = tpcds_partitioned_parquet_snap.customer_address_1.ca_address_sk
|  |  |  fk/pk conjuncts: tpcds_partitioned_parquet_snap.customer_0.c_current_addr_sk = tpcds_partitioned_parquet_snap.customer_address_1.ca_address_sk
|  |  |  runtime filters: RF075[min_max] <- tpcds_partitioned_parquet_snap.customer_address_1.ca_address_sk
|  |  |  mem-estimate=1.46GB mem-reservation=34.00MB spill-buffer=2.00MB thread-reservation=0
|  |  |  tuple-ids=40,42,44,46,48,50,52 row-size=147B cardinality=26.86M cost=26754583
|  |  |  in pipelines: 39(GETNEXT), 50(OPEN)
|  |  |
|  |  |--50:SCAN HDFS [tpcds_partitioned_parquet_snap.customer_address]
|  |  |     HDFS partitions=1/1 files=1 size=307.36MB
|  |  |     predicates: tpcds_partitioned_parquet_snap.customer_address_1.ca_address_sk IS NOT NULL
|  |  |     stored statistics:
|  |  |       table: rows=15.00M size=307.36MB
|  |  |       columns: all
|  |  |     extrapolated-rows=disabled max-scan-range-rows=1.58M
|  |  |     parquet dictionary predicates: tpcds_partitioned_parquet_snap.customer_address_1.ca_address_sk IS NOT NULL
|  |  |     mem-estimate=16.00MB mem-reservation=128.00KB thread-reservation=0
|  |  |     tuple-ids=52 row-size=78B cardinality=15.00M cost=6805716
|  |  |     in pipelines: 50(GETNEXT)
|  |  |
|  |  49:HASH JOIN [INNER JOIN]
|  |  |  hash predicates: tpcds_partitioned_parquet_snap.customer_0.c_current_hdemo_sk = tpcds_partitioned_parquet_snap.household_demographics_1.hd_demo_sk
|  |  |  fk/pk conjuncts: tpcds_partitioned_parquet_snap.customer_0.c_current_hdemo_sk = tpcds_partitioned_parquet_snap.household_demographics_1.hd_demo_sk
|  |  |  runtime filters: RF077[min_max] <- tpcds_partitioned_parquet_snap.household_demographics_1.hd_demo_sk
|  |  |  mem-estimate=1.94MB mem-reservation=1.94MB spill-buffer=64.00KB thread-reservation=0
|  |  |  tuple-ids=40,42,44,46,48,50 row-size=69B cardinality=26.86M cost=11930166
|  |  |  in pipelines: 39(GETNEXT), 46(OPEN)
|  |  |
|  |  |--48:HASH JOIN [INNER JOIN]
|  |  |  |  hash predicates: tpcds_partitioned_parquet_snap.household_demographics_1.hd_income_band_sk = tpcds_partitioned_parquet_snap.income_band_1.ib_income_band_sk
|  |  |  |  fk/pk conjuncts: tpcds_partitioned_parquet_snap.household_demographics_1.hd_income_band_sk = tpcds_partitioned_parquet_snap.income_band_1.ib_income_band_sk
|  |  |  |  runtime filters: RF085[min_max] <- tpcds_partitioned_parquet_snap.income_band_1.ib_income_band_sk
|  |  |  |  mem-estimate=1.94MB mem-reservation=1.94MB spill-buffer=64.00KB thread-reservation=0
|  |  |  |  tuple-ids=48,50 row-size=12B cardinality=7.20K cost=3171
|  |  |  |  in pipelines: 46(GETNEXT), 47(OPEN)
|  |  |  |
|  |  |  |--47:SCAN HDFS [tpcds_partitioned_parquet_snap.income_band]
|  |  |  |     HDFS partitions=1/1 files=1 size=1.22KB
|  |  |  |     predicates: tpcds_partitioned_parquet_snap.income_band_1.ib_income_band_sk IS NOT NULL
|  |  |  |     stored statistics:
|  |  |  |       table: rows=20 size=1.22KB
|  |  |  |       columns: all
|  |  |  |     extrapolated-rows=disabled max-scan-range-rows=20
|  |  |  |     parquet dictionary predicates: tpcds_partitioned_parquet_snap.income_band_1.ib_income_band_sk IS NOT NULL
|  |  |  |     mem-estimate=16.00MB mem-reservation=8.00KB thread-reservation=0
|  |  |  |     tuple-ids=50 row-size=4B cardinality=20 cost=1
|  |  |  |     in pipelines: 47(GETNEXT)
|  |  |  |
|  |  |  46:SCAN HDFS [tpcds_partitioned_parquet_snap.household_demographics]
|  |  |     HDFS partitions=1/1 files=1 size=41.69KB
|  |  |     predicates: tpcds_partitioned_parquet_snap.household_demographics_1.hd_demo_sk IS NOT NULL, tpcds_partitioned_parquet_snap.household_demographics_1.hd_income_band_sk IS NOT NULL
|  |  |     runtime filters: RF085[min_max] -> tpcds_partitioned_parquet_snap.household_demographics_1.hd_income_band_sk
|  |  |     stored statistics:
|  |  |       table: rows=7.20K size=41.69KB
|  |  |       columns: all
|  |  |     extrapolated-rows=disabled max-scan-range-rows=7.20K
|  |  |     parquet dictionary predicates: tpcds_partitioned_parquet_snap.household_demographics_1.hd_demo_sk IS NOT NULL, tpcds_partitioned_parquet_snap.household_demographics_1.hd_income_band_sk IS NOT NULL
|  |  |     mem-estimate=16.00MB mem-reservation=64.00KB thread-reservation=0
|  |  |     tuple-ids=48 row-size=8B cardinality=7.20K cost=1234
|  |  |     in pipelines: 46(GETNEXT)
|  |  |
|  |  45:HASH JOIN [INNER JOIN]
|  |  |  hash predicates: tpcds_partitioned_parquet_snap.customer_0.c_first_shipto_date_sk = tpcds_partitioned_parquet_snap.date_dim_3.d_date_sk
|  |  |  fk/pk conjuncts: tpcds_partitioned_parquet_snap.customer_0.c_first_shipto_date_sk = tpcds_partitioned_parquet_snap.date_dim_3.d_date_sk
|  |  |  runtime filters: RF079[min_max] <- tpcds_partitioned_parquet_snap.date_dim_3.d_date_sk
|  |  |  mem-estimate=4.75MB mem-reservation=4.75MB spill-buffer=256.00KB thread-reservation=0
|  |  |  tuple-ids=40,42,44,46 row-size=57B cardinality=27.51M cost=12114966
|  |  |  in pipelines: 39(GETNEXT), 44(OPEN)
|  |  |
|  |  |--44:SCAN HDFS [tpcds_partitioned_parquet_snap.date_dim]
|  |  |     HDFS partitions=1/1 files=1 size=2.17MB
|  |  |     predicates: tpcds_partitioned_parquet_snap.date_dim_3.d_date_sk IS NOT NULL
|  |  |     stored statistics:
|  |  |       table: rows=73.05K size=2.17MB
|  |  |       columns: all
|  |  |     extrapolated-rows=disabled max-scan-range-rows=73.05K
|  |  |     parquet dictionary predicates: tpcds_partitioned_parquet_snap.date_dim_3.d_date_sk IS NOT NULL
|  |  |     mem-estimate=16.00MB mem-reservation=512.00KB thread-reservation=0
|  |  |     tuple-ids=46 row-size=8B cardinality=73.05K cost=10467
|  |  |     in pipelines: 44(GETNEXT)
|  |  |
|  |  43:HASH JOIN [INNER JOIN]
|  |  |  hash predicates: tpcds_partitioned_parquet_snap.customer_0.c_first_sales_date_sk = tpcds_partitioned_parquet_snap.date_dim_2.d_date_sk
|  |  |  fk/pk conjuncts: tpcds_partitioned_parquet_snap.customer_0.c_first_sales_date_sk = tpcds_partitioned_parquet_snap.date_dim_2.d_date_sk
|  |  |  runtime filters: RF081[min_max] <- tpcds_partitioned_parquet_snap.date_dim_2.d_date_sk
|  |  |  mem-estimate=4.75MB mem-reservation=4.75MB spill-buffer=256.00KB thread-reservation=0
|  |  |  tuple-ids=40,42,44 row-size=49B cardinality=27.51M cost=12114966
|  |  |  in pipelines: 39(GETNEXT), 42(OPEN)
|  |  |
|  |  |--42:SCAN HDFS [tpcds_partitioned_parquet_snap.date_dim]
|  |  |     HDFS partitions=1/1 files=1 size=2.17MB
|  |  |     predicates: tpcds_partitioned_parquet_snap.date_dim_2.d_date_sk IS NOT NULL
|  |  |     stored statistics:
|  |  |       table: rows=73.05K size=2.17MB
|  |  |       columns: all
|  |  |     extrapolated-rows=disabled max-scan-range-rows=73.05K
|  |  |     parquet dictionary predicates: tpcds_partitioned_parquet_snap.date_dim_2.d_date_sk IS NOT NULL
|  |  |     mem-estimate=16.00MB mem-reservation=512.00KB thread-reservation=0
|  |  |     tuple-ids=44 row-size=8B cardinality=73.05K cost=10467
|  |  |     in pipelines: 42(GETNEXT)
|  |  |
|  |  41:HASH JOIN [INNER JOIN]
|  |  |  hash predicates: tpcds_partitioned_parquet_snap.customer_0.c_current_cdemo_sk = tpcds_partitioned_parquet_snap.customer_demographics_1.cd_demo_sk
|  |  |  fk/pk conjuncts: tpcds_partitioned_parquet_snap.customer_0.c_current_cdemo_sk = tpcds_partitioned_parquet_snap.customer_demographics_1.cd_demo_sk
|  |  |  runtime filters: RF083[min_max] <- tpcds_partitioned_parquet_snap.customer_demographics_1.cd_demo_sk
|  |  |  mem-estimate=79.14MB mem-reservation=34.00MB spill-buffer=2.00MB thread-reservation=0
|  |  |  tuple-ids=40,42 row-size=41B cardinality=27.51M cost=14050192
|  |  |  in pipelines: 39(GETNEXT), 40(OPEN)
|  |  |
|  |  |--40:SCAN HDFS [tpcds_partitioned_parquet_snap.customer_demographics]
|  |  |     HDFS partitions=1/1 files=1 size=11.15MB
|  |  |     predicates: tpcds_partitioned_parquet_snap.customer_demographics_1.cd_demo_sk IS NOT NULL, tpcds_partitioned_parquet_snap.customer_demographics_1.cd_marital_status IS NOT NULL
|  |  |     stored statistics:
|  |  |       table: rows=1.92M size=11.15MB
|  |  |       columns: all
|  |  |     extrapolated-rows=disabled max-scan-range-rows=197.97K
|  |  |     parquet dictionary predicates: tpcds_partitioned_parquet_snap.customer_demographics_1.cd_demo_sk IS NOT NULL, tpcds_partitioned_parquet_snap.customer_demographics_1.cd_marital_status IS NOT NULL
|  |  |     mem-estimate=16.00MB mem-reservation=1.00MB thread-reservation=0
|  |  |     tuple-ids=42 row-size=17B cardinality=1.92M cost=246246
|  |  |     in pipelines: 40(GETNEXT)
|  |  |
|  |  39:SCAN HDFS [tpcds_partitioned_parquet_snap.customer]
|  |     HDFS partitions=1/1 files=1 size=1.55GB
|  |     predicates: tpcds_partitioned_parquet_snap.customer_0.c_first_shipto_date_sk IS NOT NULL, tpcds_partitioned_parquet_snap.customer_0.c_first_sales_date_sk IS NOT NULL, tpcds_partitioned_parquet_snap.customer_0.c_current_cdemo_sk IS NOT NULL, tpcds_partitioned_parquet_snap.customer_0.c_current_hdemo_sk IS NOT NULL, tpcds_partitioned_parquet_snap.customer_0.c_current_addr_sk IS NOT NULL, tpcds_partitioned_parquet_snap.customer_0.c_customer_sk IS NOT NULL
|  |     runtime filters: RF077[min_max] -> tpcds_partitioned_parquet_snap.customer_0.c_current_hdemo_sk, RF083[min_max] -> tpcds_partitioned_parquet_snap.customer_0.c_current_cdemo_sk, RF075[min_max] -> tpcds_partitioned_parquet_snap.customer_0.c_current_addr_sk, RF079[min_max] -> tpcds_partitioned_parquet_snap.customer_0.c_first_shipto_date_sk, RF081[min_max] -> tpcds_partitioned_parquet_snap.customer_0.c_first_sales_date_sk
|  |     stored statistics:
|  |       table: rows=30.00M size=1.55GB
|  |       columns: all
|  |     extrapolated-rows=disabled max-scan-range-rows=3.10M
|  |     parquet dictionary predicates: tpcds_partitioned_parquet_snap.customer_0.c_first_shipto_date_sk IS NOT NULL, tpcds_partitioned_parquet_snap.customer_0.c_first_sales_date_sk IS NOT NULL, tpcds_partitioned_parquet_snap.customer_0.c_current_cdemo_sk IS NOT NULL, tpcds_partitioned_parquet_snap.customer_0.c_current_hdemo_sk IS NOT NULL, tpcds_partitioned_parquet_snap.customer_0.c_current_addr_sk IS NOT NULL, tpcds_partitioned_parquet_snap.customer_0.c_customer_sk IS NOT NULL
|  |     mem-estimate=16.00MB mem-reservation=1.00MB thread-reservation=0
|  |     tuple-ids=40 row-size=24B cardinality=27.85M cost=15426000
|  |     in pipelines: 39(GETNEXT)
|  |
|  73:HASH JOIN [INNER JOIN]
|  |  hash predicates: tpcds_partitioned_parquet_snap.store_sales_0.ss_addr_sk = tpcds_partitioned_parquet_snap.customer_address_2.ca_address_sk
|  |  fk/pk conjuncts: tpcds_partitioned_parquet_snap.store_sales_0.ss_addr_sk = tpcds_partitioned_parquet_snap.customer_address_2.ca_address_sk
|  |  runtime filters: RF051[min_max] <- tpcds_partitioned_parquet_snap.customer_address_2.ca_address_sk
|  |  mem-estimate=1.46GB mem-reservation=34.00MB spill-buffer=2.00MB thread-reservation=0
|  |  tuple-ids=54,56,58,60,62,64,66,72,73,75 row-size=299B cardinality=835.96M cost=388091196
|  |  in pipelines: 52(GETNEXT), 72(OPEN)
|  |
|  |--72:SCAN HDFS [tpcds_partitioned_parquet_snap.customer_address]
|  |     HDFS partitions=1/1 files=1 size=307.36MB
|  |     predicates: tpcds_partitioned_parquet_snap.customer_address_2.ca_address_sk IS NOT NULL
|  |     stored statistics:
|  |       table: rows=15.00M size=307.36MB
|  |       columns: all
|  |     extrapolated-rows=disabled max-scan-range-rows=1.58M
|  |     parquet dictionary predicates: tpcds_partitioned_parquet_snap.customer_address_2.ca_address_sk IS NOT NULL
|  |     mem-estimate=16.00MB mem-reservation=128.00KB thread-reservation=0
|  |     tuple-ids=75 row-size=78B cardinality=15.00M cost=6805716
|  |     in pipelines: 72(GETNEXT)
|  |
|  71:HASH JOIN [INNER JOIN]
|  |  hash predicates: tpcds_partitioned_parquet_snap.store_sales_0.ss_store_sk = tpcds_partitioned_parquet_snap.store_0.s_store_sk
|  |  fk/pk conjuncts: tpcds_partitioned_parquet_snap.store_sales_0.ss_store_sk = tpcds_partitioned_parquet_snap.store_0.s_store_sk
|  |  runtime filters: RF053[min_max] <- tpcds_partitioned_parquet_snap.store_0.s_store_sk
|  |  mem-estimate=1.94MB mem-reservation=1.94MB spill-buffer=64.00KB thread-reservation=0
|  |  tuple-ids=54,56,58,60,62,64,66,72,73 row-size=221B cardinality=863.99M cost=378171338
|  |  in pipelines: 52(GETNEXT), 70(OPEN)
|  |
|  |--70:SCAN HDFS [tpcds_partitioned_parquet_snap.store]
|  |     HDFS partitions=1/1 files=1 size=119.76KB
|  |     predicates: tpcds_partitioned_parquet_snap.store_0.s_zip IS NOT NULL, tpcds_partitioned_parquet_snap.store_0.s_store_name IS NOT NULL, tpcds_partitioned_parquet_snap.store_0.s_store_sk IS NOT NULL
|  |     stored statistics:
|  |       table: rows=1.35K size=119.76KB
|  |       columns: all
|  |     extrapolated-rows=disabled max-scan-range-rows=1.35K
|  |     parquet dictionary predicates: tpcds_partitioned_parquet_snap.store_0.s_zip IS NOT NULL, tpcds_partitioned_parquet_snap.store_0.s_store_name IS NOT NULL, tpcds_partitioned_parquet_snap.store_0.s_store_sk IS NOT NULL
|  |     mem-estimate=16.00MB mem-reservation=24.00KB thread-reservation=0
|  |     tuple-ids=73 row-size=37B cardinality=1.34K cost=365
|  |     in pipelines: 70(GETNEXT)
|  |
|  69:HASH JOIN [INNER JOIN]
|  |  hash predicates: tpcds_partitioned_parquet_snap.store_sales_0.ss_item_sk = tpcds_partitioned_parquet_snap.catalog_sales_0.cs_item_sk
|  |  fk/pk conjuncts: none
|  |  runtime filters: RF055[min_max] <- tpcds_partitioned_parquet_snap.catalog_sales_0.cs_item_sk
|  |  mem-estimate=2.88MB mem-reservation=2.88MB spill-buffer=128.00KB thread-reservation=0
|  |  tuple-ids=54,56,58,60,62,64,66,72 row-size=184B cardinality=863.99M cost=157369418
|  |  in pipelines: 52(GETNEXT), 68(OPEN)
|  |
|  |--68:AGGREGATE [FINALIZE]
|  |  |  output: sum(tpcds_partitioned_parquet_snap.catalog_sales_0.cs_ext_list_price), sum(add(add(tpcds_partitioned_parquet_snap.catalog_returns_0.cr_refunded_cash, tpcds_partitioned_parquet_snap.catalog_returns_0.cr_reversed_charge), tpcds_partitioned_parquet_snap.catalog_returns_0.cr_store_credit))
|  |  |  group by: tpcds_partitioned_parquet_snap.catalog_sales_0.cs_item_sk
|  |  |  having: sum(tpcds_partitioned_parquet_snap.catalog_sales_0.cs_ext_list_price) > multiply(CAST(2 AS DECIMAL(3,0)), sum(add(add(tpcds_partitioned_parquet_snap.catalog_returns_0.cr_refunded_cash, tpcds_partitioned_parquet_snap.catalog_returns_0.cr_reversed_charge), tpcds_partitioned_parquet_snap.catalog_returns_0.cr_store_credit)))
|  |  |  mem-estimate=34.00MB mem-reservation=34.00MB spill-buffer=2.00MB thread-reservation=0
|  |  |  tuple-ids=72 row-size=36B cardinality=36.02K cost=928618209
|  |  |  in pipelines: 68(GETNEXT), 65(OPEN)
|  |  |
|  |  67:HASH JOIN [INNER JOIN]
|  |  |  hash predicates: tpcds_partitioned_parquet_snap.catalog_sales_0.cs_item_sk = tpcds_partitioned_parquet_snap.catalog_returns_0.cr_item_sk, tpcds_partitioned_parquet_snap.catalog_sales_0.cs_order_number = tpcds_partitioned_parquet_snap.catalog_returns_0.cr_order_number
|  |  |  fk/pk conjuncts: tpcds_partitioned_parquet_snap.catalog_sales_0.cs_item_sk = tpcds_partitioned_parquet_snap.catalog_returns_0.cr_item_sk, tpcds_partitioned_parquet_snap.catalog_sales_0.cs_order_number = tpcds_partitioned_parquet_snap.catalog_returns_0.cr_order_number
|  |  |  runtime filters: RF072[min_max] <- tpcds_partitioned_parquet_snap.catalog_returns_0.cr_item_sk, RF073[min_max] <- tpcds_partitioned_parquet_snap.catalog_returns_0.cr_order_number
|  |  |  mem-estimate=21.66GB mem-reservation=34.00MB spill-buffer=2.00MB thread-reservation=0
|  |  |  tuple-ids=68,70 row-size=40B cardinality=2.56G cost=1922201419
|  |  |  in pipelines: 65(GETNEXT), 66(OPEN)
|  |  |
|  |  |--66:SCAN HDFS [tpcds_partitioned_parquet_snap.catalog_returns]
|  |  |     HDFS partitions=2060/2060 files=2060 size=32.77GB
|  |  |     predicates: tpcds_partitioned_parquet_snap.catalog_returns_0.cr_item_sk IS NOT NULL, tpcds_partitioned_parquet_snap.catalog_returns_0.cr_order_number IS NOT NULL
|  |  |     stored statistics:
|  |  |       table: rows=432.02M size=32.77GB
|  |  |       partitions: 2060/2060 rows=432.02M
|  |  |       columns: all
|  |  |     extrapolated-rows=disabled max-scan-range-rows=416.82K
|  |  |     parquet dictionary predicates: tpcds_partitioned_parquet_snap.catalog_returns_0.cr_item_sk IS NOT NULL, tpcds_partitioned_parquet_snap.catalog_returns_0.cr_order_number IS NOT NULL
|  |  |     mem-estimate=16.00MB mem-reservation=40.00KB thread-reservation=0
|  |  |     tuple-ids=70 row-size=24B cardinality=432.02M cost=173584426
|  |  |     in pipelines: 66(GETNEXT)
|  |  |
|  |  65:SCAN HDFS [tpcds_partitioned_parquet_snap.catalog_sales]
|  |     HDFS partitions=1831/1831 files=1831 size=280.96GB
|  |     predicates: tpcds_partitioned_parquet_snap.catalog_sales_0.cs_item_sk IS NOT NULL, tpcds_partitioned_parquet_snap.catalog_sales_0.cs_order_number IS NOT NULL
|  |     runtime filters: RF072[min_max] -> tpcds_partitioned_parquet_snap.catalog_sales_0.cs_item_sk, RF073[min_max] -> tpcds_partitioned_parquet_snap.catalog_sales_0.cs_order_number
|  |     stored statistics:
|  |       table: rows=4.32G size=280.96GB
|  |       partitions: 1831/1831 rows=4.32G
|  |       columns: all
|  |     extrapolated-rows=disabled max-scan-range-rows=21.52M
|  |     parquet dictionary predicates: tpcds_partitioned_parquet_snap.catalog_sales_0.cs_item_sk IS NOT NULL, tpcds_partitioned_parquet_snap.catalog_sales_0.cs_order_number IS NOT NULL
|  |     mem-estimate=16.00MB mem-reservation=1.00MB thread-reservation=0
|  |     tuple-ids=68 row-size=16B cardinality=4.00G(filtered from 4.32G) cost=1238134348
|  |     in pipelines: 65(GETNEXT)
|  |
|  64:HASH JOIN [INNER JOIN]
|  |  hash predicates: tpcds_partitioned_parquet_snap.store_sales_0.ss_hdemo_sk = tpcds_partitioned_parquet_snap.household_demographics_2.hd_demo_sk
|  |  fk/pk conjuncts: tpcds_partitioned_parquet_snap.store_sales_0.ss_hdemo_sk = tpcds_partitioned_parquet_snap.household_demographics_2.hd_demo_sk
|  |  runtime filters: RF057[min_max] <- tpcds_partitioned_parquet_snap.household_demographics_2.hd_demo_sk
|  |  mem-estimate=1.94MB mem-reservation=1.94MB spill-buffer=64.00KB thread-reservation=0
|  |  tuple-ids=54,56,58,60,62,64,66 row-size=148B cardinality=3.03M cost=1353403
|  |  in pipelines: 52(GETNEXT), 61(OPEN)
|  |
|  |--63:HASH JOIN [INNER JOIN]
|  |  |  hash predicates: tpcds_partitioned_parquet_snap.household_demographics_2.hd_income_band_sk = tpcds_partitioned_parquet_snap.income_band_2.ib_income_band_sk
|  |  |  fk/pk conjuncts: tpcds_partitioned_parquet_snap.household_demographics_2.hd_income_band_sk = tpcds_partitioned_parquet_snap.income_band_2.ib_income_band_sk
|  |  |  runtime filters: RF069[min_max] <- tpcds_partitioned_parquet_snap.income_band_2.ib_income_band_sk
|  |  |  mem-estimate=1.94MB mem-reservation=1.94MB spill-buffer=64.00KB thread-reservation=0
|  |  |  tuple-ids=64,66 row-size=12B cardinality=7.20K cost=3171
|  |  |  in pipelines: 61(GETNEXT), 62(OPEN)
|  |  |
|  |  |--62:SCAN HDFS [tpcds_partitioned_parquet_snap.income_band]
|  |  |     HDFS partitions=1/1 files=1 size=1.22KB
|  |  |     predicates: tpcds_partitioned_parquet_snap.income_band_2.ib_income_band_sk IS NOT NULL
|  |  |     stored statistics:
|  |  |       table: rows=20 size=1.22KB
|  |  |       columns: all
|  |  |     extrapolated-rows=disabled max-scan-range-rows=20
|  |  |     parquet dictionary predicates: tpcds_partitioned_parquet_snap.income_band_2.ib_income_band_sk IS NOT NULL
|  |  |     mem-estimate=16.00MB mem-reservation=8.00KB thread-reservation=0
|  |  |     tuple-ids=66 row-size=4B cardinality=20 cost=1
|  |  |     in pipelines: 62(GETNEXT)
|  |  |
|  |  61:SCAN HDFS [tpcds_partitioned_parquet_snap.household_demographics]
|  |     HDFS partitions=1/1 files=1 size=41.69KB
|  |     predicates: tpcds_partitioned_parquet_snap.household_demographics_2.hd_demo_sk IS NOT NULL, tpcds_partitioned_parquet_snap.household_demographics_2.hd_income_band_sk IS NOT NULL
|  |     runtime filters: RF069[min_max] -> tpcds_partitioned_parquet_snap.household_demographics_2.hd_income_band_sk
|  |     stored statistics:
|  |       table: rows=7.20K size=41.69KB
|  |       columns: all
|  |     extrapolated-rows=disabled max-scan-range-rows=7.20K
|  |     parquet dictionary predicates: tpcds_partitioned_parquet_snap.household_demographics_2.hd_demo_sk IS NOT NULL, tpcds_partitioned_parquet_snap.household_demographics_2.hd_income_band_sk IS NOT NULL
|  |     mem-estimate=16.00MB mem-reservation=64.00KB thread-reservation=0
|  |     tuple-ids=64 row-size=8B cardinality=7.20K cost=1234
|  |     in pipelines: 61(GETNEXT)
|  |
|  60:HASH JOIN [INNER JOIN]
|  |  hash predicates: tpcds_partitioned_parquet_snap.store_returns_0.sr_item_sk = tpcds_partitioned_parquet_snap.store_sales_0.ss_item_sk, tpcds_partitioned_parquet_snap.store_returns_0.sr_ticket_number = tpcds_partitioned_parquet_snap.store_sales_0.ss_ticket_number
|  |  fk/pk conjuncts: tpcds_partitioned_parquet_snap.store_returns_0.sr_item_sk = tpcds_partitioned_parquet_snap.store_sales_0.ss_item_sk, tpcds_partitioned_parquet_snap.store_returns_0.sr_ticket_number = tpcds_partitioned_parquet_snap.store_sales_0.ss_ticket_number
|  |  runtime filters: RF058[bloom] <- tpcds_partitioned_parquet_snap.store_sales_0.ss_item_sk, RF059[bloom] <- tpcds_partitioned_parquet_snap.store_sales_0.ss_ticket_number, RF060[min_max] <- tpcds_partitioned_parquet_snap.store_sales_0.ss_item_sk, RF061[min_max] <- tpcds_partitioned_parquet_snap.store_sales_0.ss_ticket_number
|  |  mem-estimate=4.34GB mem-reservation=34.00MB spill-buffer=2.00MB thread-reservation=0
|  |  tuple-ids=54,56,58,60,62 row-size=136B cardinality=3.11M cost=45791887
|  |  in pipelines: 52(GETNEXT), 53(OPEN)
|  |
|  |--59:HASH JOIN [INNER JOIN]
|  |  |  hash predicates: tpcds_partitioned_parquet_snap.store_sales_0.ss_item_sk = tpcds_partitioned_parquet_snap.item_0.i_item_sk
|  |  |  fk/pk conjuncts: tpcds_partitioned_parquet_snap.store_sales_0.ss_item_sk = tpcds_partitioned_parquet_snap.item_0.i_item_sk
|  |  |  runtime filters: RF062[bloom] <- tpcds_partitioned_parquet_snap.item_0.i_item_sk, RF063[min_max] <- tpcds_partitioned_parquet_snap.item_0.i_item_sk
|  |  |  mem-estimate=1.94MB mem-reservation=1.94MB spill-buffer=64.00KB thread-reservation=0
|  |  |  tuple-ids=56,58,60,62 row-size=124B cardinality=31.06M cost=49251977
|  |  |  in pipelines: 53(GETNEXT), 58(OPEN)
|  |  |
|  |  |--58:SCAN HDFS [tpcds_partitioned_parquet_snap.item]
|  |  |     HDFS partitions=1/1 files=1 size=33.54MB
|  |  |     predicates: tpcds_partitioned_parquet_snap.item_0.i_color IN ('almond', 'chocolate', 'drab', 'misty', 'peach', 'saddle'), tpcds_partitioned_parquet_snap.item_0.i_current_price <= CAST(85 AS DECIMAL(5,0)), tpcds_partitioned_parquet_snap.item_0.i_current_price >= CAST(76 AS DECIMAL(5,0)), tpcds_partitioned_parquet_snap.item_0.i_item_sk IS NOT NULL
|  |  |     runtime filters: RF055[min_max] -> tpcds_partitioned_parquet_snap.item_0.i_item_sk
|  |  |     stored statistics:
|  |  |       table: rows=360.00K size=33.54MB
|  |  |       columns: all
|  |  |     extrapolated-rows=disabled max-scan-range-rows=101.54K
|  |  |     parquet statistics predicates: tpcds_partitioned_parquet_snap.item_0.i_color IN ('almond', 'chocolate', 'drab', 'misty', 'peach', 'saddle'), tpcds_partitioned_parquet_snap.item_0.i_current_price <= CAST(85 AS DECIMAL(5,0)), tpcds_partitioned_parquet_snap.item_0.i_current_price >= CAST(76 AS DECIMAL(5,0))
|  |  |     parquet dictionary predicates: tpcds_partitioned_parquet_snap.item_0.i_color IN ('almond', 'chocolate', 'drab', 'misty', 'peach', 'saddle'), tpcds_partitioned_parquet_snap.item_0.i_current_price <= CAST(85 AS DECIMAL(5,0)), tpcds_partitioned_parquet_snap.item_0.i_current_price >= CAST(76 AS DECIMAL(5,0)), tpcds_partitioned_parquet_snap.item_0.i_item_sk IS NOT NULL
|  |  |     mem-estimate=16.00MB mem-reservation=512.00KB thread-reservation=0
|  |  |     tuple-ids=62 row-size=60B cardinality=7.42K cost=228293
|  |  |     in pipelines: 58(GETNEXT)
|  |  |
|  |  57:HASH JOIN [INNER JOIN]
|  |  |  hash predicates: tpcds_partitioned_parquet_snap.store_sales_0.ss_sold_date_sk = tpcds_partitioned_parquet_snap.date_dim_4.d_date_sk
|  |  |  fk/pk conjuncts: tpcds_partitioned_parquet_snap.store_sales_0.ss_sold_date_sk = tpcds_partitioned_parquet_snap.date_dim_4.d_date_sk
|  |  |  runtime filters: RF064[bloom] <- tpcds_partitioned_parquet_snap.date_dim_4.d_date_sk
|  |  |  mem-estimate=1.94MB mem-reservation=1.94MB spill-buffer=64.00KB thread-reservation=0
|  |  |  tuple-ids=56,58,60 row-size=64B cardinality=170.04M(filtered from 1.51G) cost=316694973
|  |  |  in pipelines: 53(GETNEXT), 56(OPEN)
|  |  |
|  |  |--56:SCAN HDFS [tpcds_partitioned_parquet_snap.date_dim]
|  |  |     HDFS partitions=1/1 files=1 size=2.17MB
|  |  |     predicates: tpcds_partitioned_parquet_snap.date_dim_4.d_year = CAST(2001 AS INT), tpcds_partitioned_parquet_snap.date_dim_4.d_date_sk IS NOT NULL
|  |  |     stored statistics:
|  |  |       table: rows=73.05K size=2.17MB
|  |  |       columns: all
|  |  |     extrapolated-rows=disabled max-scan-range-rows=73.05K
|  |  |     parquet statistics predicates: tpcds_partitioned_parquet_snap.date_dim_4.d_year = CAST(2001 AS INT)
|  |  |     parquet dictionary predicates: tpcds_partitioned_parquet_snap.date_dim_4.d_year = CAST(2001 AS INT), tpcds_partitioned_parquet_snap.date_dim_4.d_date_sk IS NOT NULL
|  |  |     mem-estimate=16.00MB mem-reservation=512.00KB thread-reservation=0
|  |  |     tuple-ids=60 row-size=8B cardinality=373 cost=12520
|  |  |     in pipelines: 56(GETNEXT)
|  |  |
|  |  55:HASH JOIN [INNER JOIN]
|  |  |  hash predicates: tpcds_partitioned_parquet_snap.store_sales_0.ss_promo_sk = tpcds_partitioned_parquet_snap.promotion_0.p_promo_sk
|  |  |  fk/pk conjuncts: tpcds_partitioned_parquet_snap.store_sales_0.ss_promo_sk = tpcds_partitioned_parquet_snap.promotion_0.p_promo_sk
|  |  |  runtime filters: RF067[min_max] <- tpcds_partitioned_parquet_snap.promotion_0.p_promo_sk
|  |  |  mem-estimate=1.94MB mem-reservation=1.94MB spill-buffer=64.00KB thread-reservation=0
|  |  |  tuple-ids=56,58 row-size=56B cardinality=170.04M(filtered from 7.37G) cost=1378994592
|  |  |  in pipelines: 53(GETNEXT), 54(OPEN)
|  |  |
|  |  |--54:SCAN HDFS [tpcds_partitioned_parquet_snap.promotion]
|  |  |     HDFS partitions=1/1 files=1 size=100.50KB
|  |  |     predicates: tpcds_partitioned_parquet_snap.promotion_0.p_promo_sk IS NOT NULL
|  |  |     stored statistics:
|  |  |       table: rows=1.80K size=100.50KB
|  |  |       columns: all
|  |  |     extrapolated-rows=disabled max-scan-range-rows=1.80K
|  |  |     parquet dictionary predicates: tpcds_partitioned_parquet_snap.promotion_0.p_promo_sk IS NOT NULL
|  |  |     mem-estimate=16.00MB mem-reservation=32.00KB thread-reservation=0
|  |  |     tuple-ids=58 row-size=4B cardinality=1.80K cost=154
|  |  |     in pipelines: 54(GETNEXT)
|  |  |
|  |  53:SCAN HDFS [tpcds_partitioned_parquet_snap.store_sales]
|  |     partition predicates: tpcds_partitioned_parquet_snap.store_sales_0.ss_sold_date_sk IS NOT NULL
|  |     HDFS partitions=1823/1824 files=1823 size=389.69GB
|  |     predicates: tpcds_partitioned_parquet_snap.store_sales_0.ss_customer_sk IS NOT NULL, tpcds_partitioned_parquet_snap.store_sales_0.ss_cdemo_sk IS NOT NULL, tpcds_partitioned_parquet_snap.store_sales_0.ss_promo_sk IS NOT NULL, tpcds_partitioned_parquet_snap.store_sales_0.ss_hdemo_sk IS NOT NULL, tpcds_partitioned_parquet_snap.store_sales_0.ss_addr_sk IS NOT NULL, tpcds_partitioned_parquet_snap.store_sales_0.ss_store_sk IS NOT NULL, tpcds_partitioned_parquet_snap.store_sales_0.ss_item_sk IS NOT NULL, tpcds_partitioned_parquet_snap.store_sales_0.ss_ticket_number IS NOT NULL
|  |     runtime filters: RF063[min_max] -> tpcds_partitioned_parquet_snap.store_sales_0.ss_item_sk, RF051[min_max] -> tpcds_partitioned_parquet_snap.store_sales_0.ss_addr_sk, RF057[min_max] -> tpcds_partitioned_parquet_snap.store_sales_0.ss_hdemo_sk, RF047[min_max] -> tpcds_partitioned_parquet_snap.store_sales_0.ss_cdemo_sk, RF049[min_max] -> tpcds_partitioned_parquet_snap.store_sales_0.ss_customer_sk, RF053[min_max] -> tpcds_partitioned_parquet_snap.store_sales_0.ss_store_sk, RF067[min_max] -> tpcds_partitioned_parquet_snap.store_sales_0.ss_promo_sk, RF055[min_max] -> tpcds_partitioned_parquet_snap.store_sales_0.ss_item_sk, RF062[bloom] -> tpcds_partitioned_parquet_snap.store_sales_0.ss_item_sk, RF064[bloom] -> tpcds_partitioned_parquet_snap.store_sales_0.ss_sold_date_sk
|  |     stored statistics:
|  |       table: rows=8.64G size=389.90GB
|  |       partitions: 1823/1823 rows=8.25G
|  |       columns: all
|  |     extrapolated-rows=disabled max-scan-range-rows=12.24M est-scan-range=373(filtered from 1823)
|  |     parquet dictionary predicates: tpcds_partitioned_parquet_snap.store_sales_0.ss_customer_sk IS NOT NULL, tpcds_partitioned_parquet_snap.store_sales_0.ss_cdemo_sk IS NOT NULL, tpcds_partitioned_parquet_snap.store_sales_0.ss_promo_sk IS NOT NULL, tpcds_partitioned_parquet_snap.store_sales_0.ss_hdemo_sk IS NOT NULL, tpcds_partitioned_parquet_snap.store_sales_0.ss_addr_sk IS NOT NULL, tpcds_partitioned_parquet_snap.store_sales_0.ss_store_sk IS NOT NULL, tpcds_partitioned_parquet_snap.store_sales_0.ss_item_sk IS NOT NULL, tpcds_partitioned_parquet_snap.store_sales_0.ss_ticket_number IS NOT NULL
|  |     mem-estimate=16.00MB mem-reservation=512.00KB thread-reservation=0
|  |     tuple-ids=56 row-size=52B cardinality=170.04M(filtered from 7.37G) cost=1642492694
|  |     in pipelines: 53(GETNEXT)
|  |
|  52:SCAN HDFS [tpcds_partitioned_parquet_snap.store_returns]
|     HDFS partitions=2004/2004 files=2004 size=48.14GB
|     predicates: tpcds_partitioned_parquet_snap.store_returns_0.sr_item_sk IS NOT NULL, tpcds_partitioned_parquet_snap.store_returns_0.sr_ticket_number IS NOT NULL
|     runtime filters: RF060[min_max] -> tpcds_partitioned_parquet_snap.store_returns_0.sr_item_sk, RF061[min_max] -> tpcds_partitioned_parquet_snap.store_returns_0.sr_ticket_number, RF055[min_max] -> tpcds_partitioned_parquet_snap.store_returns_0.sr_item_sk, RF058[bloom] -> tpcds_partitioned_parquet_snap.store_returns_0.sr_item_sk, RF059[bloom] -> tpcds_partitioned_parquet_snap.store_returns_0.sr_ticket_number
|     stored statistics:
|       table: rows=863.99M size=48.14GB
|       partitions: 2004/2004 rows=863.99M
|       columns: all
|     extrapolated-rows=disabled max-scan-range-rows=30.09M
|     parquet dictionary predicates: tpcds_partitioned_parquet_snap.store_returns_0.sr_item_sk IS NOT NULL, tpcds_partitioned_parquet_snap.store_returns_0.sr_ticket_number IS NOT NULL
|     mem-estimate=16.00MB mem-reservation=512.00KB thread-reservation=0
|     tuple-ids=54 row-size=12B cardinality=55.23M(filtered from 863.99M) cost=197853396
|     in pipelines: 52(GETNEXT)
|
38:AGGREGATE [FINALIZE]
|  output: count(), sum(tpcds_partitioned_parquet_snap.store_sales.ss_wholesale_cost), sum(tpcds_partitioned_parquet_snap.store_sales.ss_list_price), sum(tpcds_partitioned_parquet_snap.store_sales.ss_coupon_amt)
|  group by: tpcds_partitioned_parquet_snap.item.i_product_name, tpcds_partitioned_parquet_snap.item.i_item_sk, tpcds_partitioned_parquet_snap.store.s_store_name, tpcds_partitioned_parquet_snap.store.s_zip, tpcds_partitioned_parquet_snap.customer_address_0.ca_street_number, tpcds_partitioned_parquet_snap.customer_address_0.ca_street_name, tpcds_partitioned_parquet_snap.customer_address_0.ca_city, tpcds_partitioned_parquet_snap.customer_address_0.ca_zip, tpcds_partitioned_parquet_snap.customer_address.ca_street_number, tpcds_partitioned_parquet_snap.customer_address.ca_street_name, tpcds_partitioned_parquet_snap.customer_address.ca_city, tpcds_partitioned_parquet_snap.customer_address.ca_zip, tpcds_partitioned_parquet_snap.date_dim.d_year, tpcds_partitioned_parquet_snap.date_dim_0.d_year
|  mem-estimate=540.29MB mem-reservation=34.00MB spill-buffer=2.00MB thread-reservation=0
|  tuple-ids=39 row-size=283B cardinality=825.73M cost=5047352552
|  in pipelines: 38(GETNEXT), 13(OPEN)
|
37:HASH JOIN [INNER JOIN]
|  hash predicates: tpcds_partitioned_parquet_snap.store_sales.ss_cdemo_sk = tpcds_partitioned_parquet_snap.customer_demographics_0.cd_demo_sk
|  fk/pk conjuncts: tpcds_partitioned_parquet_snap.store_sales.ss_cdemo_sk = tpcds_partitioned_parquet_snap.customer_demographics_0.cd_demo_sk
|  other join predicates: tpcds_partitioned_parquet_snap.customer_demographics_0.cd_marital_status != tpcds_partitioned_parquet_snap.customer_demographics.cd_marital_status
|  runtime filters: RF007[min_max] <- tpcds_partitioned_parquet_snap.customer_demographics_0.cd_demo_sk
|  mem-estimate=79.14MB mem-reservation=34.00MB spill-buffer=2.00MB thread-reservation=0
|  tuple-ids=14,16,18,20,22,24,26,32,33,35,0,2,4,6,8,10,12,37 row-size=462B cardinality=825.73M cost=365967929
|  in pipelines: 13(GETNEXT), 36(OPEN)
|
|--36:SCAN HDFS [tpcds_partitioned_parquet_snap.customer_demographics]
|     HDFS partitions=1/1 files=1 size=11.15MB
|     predicates: tpcds_partitioned_parquet_snap.customer_demographics_0.cd_demo_sk IS NOT NULL, tpcds_partitioned_parquet_snap.customer_demographics_0.cd_marital_status IS NOT NULL
|     stored statistics:
|       table: rows=1.92M size=11.15MB
|       columns: all
|     extrapolated-rows=disabled max-scan-range-rows=197.97K
|     parquet dictionary predicates: tpcds_partitioned_parquet_snap.customer_demographics_0.cd_demo_sk IS NOT NULL, tpcds_partitioned_parquet_snap.customer_demographics_0.cd_marital_status IS NOT NULL
|     mem-estimate=16.00MB mem-reservation=1.00MB thread-reservation=0
|     tuple-ids=37 row-size=17B cardinality=1.92M cost=246246
|     in pipelines: 36(GETNEXT)
|
35:HASH JOIN [INNER JOIN]
|  hash predicates: tpcds_partitioned_parquet_snap.store_sales.ss_customer_sk = tpcds_partitioned_parquet_snap.customer.c_customer_sk
|  fk/pk conjuncts: none
|  runtime filters: RF009[min_max] <- tpcds_partitioned_parquet_snap.customer.c_customer_sk
|  mem-estimate=4.42GB mem-reservation=34.00MB spill-buffer=2.00MB thread-reservation=0
|  tuple-ids=14,16,18,20,22,24,26,32,33,35,0,2,4,6,8,10,12 row-size=445B cardinality=835.96M cost=392757169
|  in pipelines: 13(GETNEXT), 00(OPEN)
|
|--12:HASH JOIN [INNER JOIN]
|  |  hash predicates: tpcds_partitioned_parquet_snap.customer.c_current_addr_sk = tpcds_partitioned_parquet_snap.customer_address.ca_address_sk
|  |  fk/pk conjuncts: tpcds_partitioned_parquet_snap.customer.c_current_addr_sk = tpcds_partitioned_parquet_snap.customer_address.ca_address_sk
|  |  runtime filters: RF035[min_max] <- tpcds_partitioned_parquet_snap.customer_address.ca_address_sk
|  |  mem-estimate=1.46GB mem-reservation=34.00MB spill-buffer=2.00MB thread-reservation=0
|  |  tuple-ids=0,2,4,6,8,10,12 row-size=147B cardinality=26.86M cost=26754583
|  |  in pipelines: 00(GETNEXT), 11(OPEN)
|  |
|  |--11:SCAN HDFS [tpcds_partitioned_parquet_snap.customer_address]
|  |     HDFS partitions=1/1 files=1 size=307.36MB
|  |     predicates: tpcds_partitioned_parquet_snap.customer_address.ca_address_sk IS NOT NULL
|  |     stored statistics:
|  |       table: rows=15.00M size=307.36MB
|  |       columns: all
|  |     extrapolated-rows=disabled max-scan-range-rows=1.58M
|  |     parquet dictionary predicates: tpcds_partitioned_parquet_snap.customer_address.ca_address_sk IS NOT NULL
|  |     mem-estimate=16.00MB mem-reservation=128.00KB thread-reservation=0
|  |     tuple-ids=12 row-size=78B cardinality=15.00M cost=6805716
|  |     in pipelines: 11(GETNEXT)
|  |
|  10:HASH JOIN [INNER JOIN]
|  |  hash predicates: tpcds_partitioned_parquet_snap.customer.c_current_hdemo_sk = tpcds_partitioned_parquet_snap.household_demographics.hd_demo_sk
|  |  fk/pk conjuncts: tpcds_partitioned_parquet_snap.customer.c_current_hdemo_sk = tpcds_partitioned_parquet_snap.household_demographics.hd_demo_sk
|  |  runtime filters: RF037[min_max] <- tpcds_partitioned_parquet_snap.household_demographics.hd_demo_sk
|  |  mem-estimate=1.94MB mem-reservation=1.94MB spill-buffer=64.00KB thread-reservation=0
|  |  tuple-ids=0,2,4,6,8,10 row-size=69B cardinality=26.86M cost=11930166
|  |  in pipelines: 00(GETNEXT), 07(OPEN)
|  |
|  |--09:HASH JOIN [INNER JOIN]
|  |  |  hash predicates: tpcds_partitioned_parquet_snap.household_demographics.hd_income_band_sk = tpcds_partitioned_parquet_snap.income_band.ib_income_band_sk
|  |  |  fk/pk conjuncts: tpcds_partitioned_parquet_snap.household_demographics.hd_income_band_sk = tpcds_partitioned_parquet_snap.income_band.ib_income_band_sk
|  |  |  runtime filters: RF045[min_max] <- tpcds_partitioned_parquet_snap.income_band.ib_income_band_sk
|  |  |  mem-estimate=1.94MB mem-reservation=1.94MB spill-buffer=64.00KB thread-reservation=0
|  |  |  tuple-ids=8,10 row-size=12B cardinality=7.20K cost=3171
|  |  |  in pipelines: 07(GETNEXT), 08(OPEN)
|  |  |
|  |  |--08:SCAN HDFS [tpcds_partitioned_parquet_snap.income_band]
|  |  |     HDFS partitions=1/1 files=1 size=1.22KB
|  |  |     predicates: tpcds_partitioned_parquet_snap.income_band.ib_income_band_sk IS NOT NULL
|  |  |     stored statistics:
|  |  |       table: rows=20 size=1.22KB
|  |  |       columns: all
|  |  |     extrapolated-rows=disabled max-scan-range-rows=20
|  |  |     parquet dictionary predicates: tpcds_partitioned_parquet_snap.income_band.ib_income_band_sk IS NOT NULL
|  |  |     mem-estimate=16.00MB mem-reservation=8.00KB thread-reservation=0
|  |  |     tuple-ids=10 row-size=4B cardinality=20 cost=1
|  |  |     in pipelines: 08(GETNEXT)
|  |  |
|  |  07:SCAN HDFS [tpcds_partitioned_parquet_snap.household_demographics]
|  |     HDFS partitions=1/1 files=1 size=41.69KB
|  |     predicates: tpcds_partitioned_parquet_snap.household_demographics.hd_demo_sk IS NOT NULL, tpcds_partitioned_parquet_snap.household_demographics.hd_income_band_sk IS NOT NULL
|  |     runtime filters: RF045[min_max] -> tpcds_partitioned_parquet_snap.household_demographics.hd_income_band_sk
|  |     stored statistics:
|  |       table: rows=7.20K size=41.69KB
|  |       columns: all
|  |     extrapolated-rows=disabled max-scan-range-rows=7.20K
|  |     parquet dictionary predicates: tpcds_partitioned_parquet_snap.household_demographics.hd_demo_sk IS NOT NULL, tpcds_partitioned_parquet_snap.household_demographics.hd_income_band_sk IS NOT NULL
|  |     mem-estimate=16.00MB mem-reservation=64.00KB thread-reservation=0
|  |     tuple-ids=8 row-size=8B cardinality=7.20K cost=1234
|  |     in pipelines: 07(GETNEXT)
|  |
|  06:HASH JOIN [INNER JOIN]
|  |  hash predicates: tpcds_partitioned_parquet_snap.customer.c_first_shipto_date_sk = tpcds_partitioned_parquet_snap.date_dim_0.d_date_sk
|  |  fk/pk conjuncts: tpcds_partitioned_parquet_snap.customer.c_first_shipto_date_sk = tpcds_partitioned_parquet_snap.date_dim_0.d_date_sk
|  |  runtime filters: RF039[min_max] <- tpcds_partitioned_parquet_snap.date_dim_0.d_date_sk
|  |  mem-estimate=4.75MB mem-reservation=4.75MB spill-buffer=256.00KB thread-reservation=0
|  |  tuple-ids=0,2,4,6 row-size=57B cardinality=27.51M cost=12114966
|  |  in pipelines: 00(GETNEXT), 05(OPEN)
|  |
|  |--05:SCAN HDFS [tpcds_partitioned_parquet_snap.date_dim]
|  |     HDFS partitions=1/1 files=1 size=2.17MB
|  |     predicates: tpcds_partitioned_parquet_snap.date_dim_0.d_date_sk IS NOT NULL
|  |     stored statistics:
|  |       table: rows=73.05K size=2.17MB
|  |       columns: all
|  |     extrapolated-rows=disabled max-scan-range-rows=73.05K
|  |     parquet dictionary predicates: tpcds_partitioned_parquet_snap.date_dim_0.d_date_sk IS NOT NULL
|  |     mem-estimate=16.00MB mem-reservation=512.00KB thread-reservation=0
|  |     tuple-ids=6 row-size=8B cardinality=73.05K cost=10467
|  |     in pipelines: 05(GETNEXT)
|  |
|  04:HASH JOIN [INNER JOIN]
|  |  hash predicates: tpcds_partitioned_parquet_snap.customer.c_first_sales_date_sk = tpcds_partitioned_parquet_snap.date_dim.d_date_sk
|  |  fk/pk conjuncts: tpcds_partitioned_parquet_snap.customer.c_first_sales_date_sk = tpcds_partitioned_parquet_snap.date_dim.d_date_sk
|  |  runtime filters: RF041[min_max] <- tpcds_partitioned_parquet_snap.date_dim.d_date_sk
|  |  mem-estimate=4.75MB mem-reservation=4.75MB spill-buffer=256.00KB thread-reservation=0
|  |  tuple-ids=0,2,4 row-size=49B cardinality=27.51M cost=12114966
|  |  in pipelines: 00(GETNEXT), 03(OPEN)
|  |
|  |--03:SCAN HDFS [tpcds_partitioned_parquet_snap.date_dim]
|  |     HDFS partitions=1/1 files=1 size=2.17MB
|  |     predicates: tpcds_partitioned_parquet_snap.date_dim.d_date_sk IS NOT NULL
|  |     stored statistics:
|  |       table: rows=73.05K size=2.17MB
|  |       columns: all
|  |     extrapolated-rows=disabled max-scan-range-rows=73.05K
|  |     parquet dictionary predicates: tpcds_partitioned_parquet_snap.date_dim.d_date_sk IS NOT NULL
|  |     mem-estimate=16.00MB mem-reservation=512.00KB thread-reservation=0
|  |     tuple-ids=4 row-size=8B cardinality=73.05K cost=10467
|  |     in pipelines: 03(GETNEXT)
|  |
|  02:HASH JOIN [INNER JOIN]
|  |  hash predicates: tpcds_partitioned_parquet_snap.customer.c_current_cdemo_sk = tpcds_partitioned_parquet_snap.customer_demographics.cd_demo_sk
|  |  fk/pk conjuncts: tpcds_partitioned_parquet_snap.customer.c_current_cdemo_sk = tpcds_partitioned_parquet_snap.customer_demographics.cd_demo_sk
|  |  runtime filters: RF043[min_max] <- tpcds_partitioned_parquet_snap.customer_demographics.cd_demo_sk
|  |  mem-estimate=79.14MB mem-reservation=34.00MB spill-buffer=2.00MB thread-reservation=0
|  |  tuple-ids=0,2 row-size=41B cardinality=27.51M cost=14050192
|  |  in pipelines: 00(GETNEXT), 01(OPEN)
|  |
|  |--01:SCAN HDFS [tpcds_partitioned_parquet_snap.customer_demographics]
|  |     HDFS partitions=1/1 files=1 size=11.15MB
|  |     predicates: tpcds_partitioned_parquet_snap.customer_demographics.cd_demo_sk IS NOT NULL, tpcds_partitioned_parquet_snap.customer_demographics.cd_marital_status IS NOT NULL
|  |     stored statistics:
|  |       table: rows=1.92M size=11.15MB
|  |       columns: all
|  |     extrapolated-rows=disabled max-scan-range-rows=197.97K
|  |     parquet dictionary predicates: tpcds_partitioned_parquet_snap.customer_demographics.cd_demo_sk IS NOT NULL, tpcds_partitioned_parquet_snap.customer_demographics.cd_marital_status IS NOT NULL
|  |     mem-estimate=16.00MB mem-reservation=1.00MB thread-reservation=0
|  |     tuple-ids=2 row-size=17B cardinality=1.92M cost=246246
|  |     in pipelines: 01(GETNEXT)
|  |
|  00:SCAN HDFS [tpcds_partitioned_parquet_snap.customer]
|     HDFS partitions=1/1 files=1 size=1.55GB
|     predicates: tpcds_partitioned_parquet_snap.customer.c_first_shipto_date_sk IS NOT NULL, tpcds_partitioned_parquet_snap.customer.c_first_sales_date_sk IS NOT NULL, tpcds_partitioned_parquet_snap.customer.c_current_cdemo_sk IS NOT NULL, tpcds_partitioned_parquet_snap.customer.c_current_hdemo_sk IS NOT NULL, tpcds_partitioned_parquet_snap.customer.c_current_addr_sk IS NOT NULL, tpcds_partitioned_parquet_snap.customer.c_customer_sk IS NOT NULL
|     runtime filters: RF037[min_max] -> tpcds_partitioned_parquet_snap.customer.c_current_hdemo_sk, RF043[min_max] -> tpcds_partitioned_parquet_snap.customer.c_current_cdemo_sk, RF035[min_max] -> tpcds_partitioned_parquet_snap.customer.c_current_addr_sk, RF039[min_max] -> tpcds_partitioned_parquet_snap.customer.c_first_shipto_date_sk, RF041[min_max] -> tpcds_partitioned_parquet_snap.customer.c_first_sales_date_sk
|     stored statistics:
|       table: rows=30.00M size=1.55GB
|       columns: all
|     extrapolated-rows=disabled max-scan-range-rows=3.10M
|     parquet dictionary predicates: tpcds_partitioned_parquet_snap.customer.c_first_shipto_date_sk IS NOT NULL, tpcds_partitioned_parquet_snap.customer.c_first_sales_date_sk IS NOT NULL, tpcds_partitioned_parquet_snap.customer.c_current_cdemo_sk IS NOT NULL, tpcds_partitioned_parquet_snap.customer.c_current_hdemo_sk IS NOT NULL, tpcds_partitioned_parquet_snap.customer.c_current_addr_sk IS NOT NULL, tpcds_partitioned_parquet_snap.customer.c_customer_sk IS NOT NULL
|     mem-estimate=16.00MB mem-reservation=1.00MB thread-reservation=0
|     tuple-ids=0 row-size=24B cardinality=27.85M cost=15426000
|     in pipelines: 00(GETNEXT)
|
34:HASH JOIN [INNER JOIN]
|  hash predicates: tpcds_partitioned_parquet_snap.store_sales.ss_addr_sk = tpcds_partitioned_parquet_snap.customer_address_0.ca_address_sk
|  fk/pk conjuncts: tpcds_partitioned_parquet_snap.store_sales.ss_addr_sk = tpcds_partitioned_parquet_snap.customer_address_0.ca_address_sk
|  runtime filters: RF011[min_max] <- tpcds_partitioned_parquet_snap.customer_address_0.ca_address_sk
|  mem-estimate=1.46GB mem-reservation=34.00MB spill-buffer=2.00MB thread-reservation=0
|  tuple-ids=14,16,18,20,22,24,26,32,33,35 row-size=299B cardinality=835.96M cost=388091196
|  in pipelines: 13(GETNEXT), 33(OPEN)
|
|--33:SCAN HDFS [tpcds_partitioned_parquet_snap.customer_address]
|     HDFS partitions=1/1 files=1 size=307.36MB
|     predicates: tpcds_partitioned_parquet_snap.customer_address_0.ca_address_sk IS NOT NULL
|     stored statistics:
|       table: rows=15.00M size=307.36MB
|       columns: all
|     extrapolated-rows=disabled max-scan-range-rows=1.58M
|     parquet dictionary predicates: tpcds_partitioned_parquet_snap.customer_address_0.ca_address_sk IS NOT NULL
|     mem-estimate=16.00MB mem-reservation=128.00KB thread-reservation=0
|     tuple-ids=35 row-size=78B cardinality=15.00M cost=6805716
|     in pipelines: 33(GETNEXT)
|
32:HASH JOIN [INNER JOIN]
|  hash predicates: tpcds_partitioned_parquet_snap.store_sales.ss_store_sk = tpcds_partitioned_parquet_snap.store.s_store_sk
|  fk/pk conjuncts: tpcds_partitioned_parquet_snap.store_sales.ss_store_sk = tpcds_partitioned_parquet_snap.store.s_store_sk
|  runtime filters: RF013[min_max] <- tpcds_partitioned_parquet_snap.store.s_store_sk
|  mem-estimate=1.94MB mem-reservation=1.94MB spill-buffer=64.00KB thread-reservation=0
|  tuple-ids=14,16,18,20,22,24,26,32,33 row-size=221B cardinality=863.99M cost=378171338
|  in pipelines: 13(GETNEXT), 31(OPEN)
|
|--31:SCAN HDFS [tpcds_partitioned_parquet_snap.store]
|     HDFS partitions=1/1 files=1 size=119.76KB
|     predicates: tpcds_partitioned_parquet_snap.store.s_zip IS NOT NULL, tpcds_partitioned_parquet_snap.store.s_store_name IS NOT NULL, tpcds_partitioned_parquet_snap.store.s_store_sk IS NOT NULL
|     runtime filters: RF004[min_max] -> tpcds_partitioned_parquet_snap.store.s_store_name, RF005[min_max] -> tpcds_partitioned_parquet_snap.store.s_zip
|     stored statistics:
|       table: rows=1.35K size=119.76KB
|       columns: all
|     extrapolated-rows=disabled max-scan-range-rows=1.35K
|     parquet dictionary predicates: tpcds_partitioned_parquet_snap.store.s_zip IS NOT NULL, tpcds_partitioned_parquet_snap.store.s_store_name IS NOT NULL, tpcds_partitioned_parquet_snap.store.s_store_sk IS NOT NULL
|     mem-estimate=16.00MB mem-reservation=24.00KB thread-reservation=0
|     tuple-ids=33 row-size=37B cardinality=1.34K cost=365
|     in pipelines: 31(GETNEXT)
|
30:HASH JOIN [INNER JOIN]
|  hash predicates: tpcds_partitioned_parquet_snap.store_sales.ss_item_sk = tpcds_partitioned_parquet_snap.catalog_sales.cs_item_sk
|  fk/pk conjuncts: none
|  runtime filters: RF015[min_max] <- tpcds_partitioned_parquet_snap.catalog_sales.cs_item_sk
|  mem-estimate=2.88MB mem-reservation=2.88MB spill-buffer=128.00KB thread-reservation=0
|  tuple-ids=14,16,18,20,22,24,26,32 row-size=184B cardinality=863.99M cost=157369418
|  in pipelines: 13(GETNEXT), 29(OPEN)
|
|--29:AGGREGATE [FINALIZE]
|  |  output: sum(tpcds_partitioned_parquet_snap.catalog_sales.cs_ext_list_price), sum(add(add(tpcds_partitioned_parquet_snap.catalog_returns.cr_refunded_cash, tpcds_partitioned_parquet_snap.catalog_returns.cr_reversed_charge), tpcds_partitioned_parquet_snap.catalog_returns.cr_store_credit))
|  |  group by: tpcds_partitioned_parquet_snap.catalog_sales.cs_item_sk
|  |  having: sum(tpcds_partitioned_parquet_snap.catalog_sales.cs_ext_list_price) > multiply(CAST(2 AS DECIMAL(3,0)), sum(add(add(tpcds_partitioned_parquet_snap.catalog_returns.cr_refunded_cash, tpcds_partitioned_parquet_snap.catalog_returns.cr_reversed_charge), tpcds_partitioned_parquet_snap.catalog_returns.cr_store_credit)))
|  |  mem-estimate=34.00MB mem-reservation=34.00MB spill-buffer=2.00MB thread-reservation=0
|  |  tuple-ids=32 row-size=36B cardinality=36.02K cost=928618209
|  |  in pipelines: 29(GETNEXT), 26(OPEN)
|  |
|  28:HASH JOIN [INNER JOIN]
|  |  hash predicates: tpcds_partitioned_parquet_snap.catalog_sales.cs_item_sk = tpcds_partitioned_parquet_snap.catalog_returns.cr_item_sk, tpcds_partitioned_parquet_snap.catalog_sales.cs_order_number = tpcds_partitioned_parquet_snap.catalog_returns.cr_order_number
|  |  fk/pk conjuncts: tpcds_partitioned_parquet_snap.catalog_sales.cs_item_sk = tpcds_partitioned_parquet_snap.catalog_returns.cr_item_sk, tpcds_partitioned_parquet_snap.catalog_sales.cs_order_number = tpcds_partitioned_parquet_snap.catalog_returns.cr_order_number
|  |  runtime filters: RF030[bloom] <- tpcds_partitioned_parquet_snap.catalog_returns.cr_item_sk, RF031[bloom] <- tpcds_partitioned_parquet_snap.catalog_returns.cr_order_number, RF032[min_max] <- tpcds_partitioned_parquet_snap.catalog_returns.cr_item_sk, RF033[min_max] <- tpcds_partitioned_parquet_snap.catalog_returns.cr_order_number
|  |  mem-estimate=21.66GB mem-reservation=34.00MB spill-buffer=2.00MB thread-reservation=0
|  |  tuple-ids=28,30 row-size=40B cardinality=2.56G cost=1922201419
|  |  in pipelines: 26(GETNEXT), 27(OPEN)
|  |
|  |--27:SCAN HDFS [tpcds_partitioned_parquet_snap.catalog_returns]
|  |     HDFS partitions=2060/2060 files=2060 size=32.77GB
|  |     predicates: tpcds_partitioned_parquet_snap.catalog_returns.cr_item_sk IS NOT NULL, tpcds_partitioned_parquet_snap.catalog_returns.cr_order_number IS NOT NULL
|  |     runtime filters: RF003[min_max] -> tpcds_partitioned_parquet_snap.catalog_returns.cr_item_sk
|  |     stored statistics:
|  |       table: rows=432.02M size=32.77GB
|  |       partitions: 2060/2060 rows=432.02M
|  |       columns: all
|  |     extrapolated-rows=disabled max-scan-range-rows=416.82K
|  |     parquet dictionary predicates: tpcds_partitioned_parquet_snap.catalog_returns.cr_item_sk IS NOT NULL, tpcds_partitioned_parquet_snap.catalog_returns.cr_order_number IS NOT NULL
|  |     mem-estimate=16.00MB mem-reservation=40.00KB thread-reservation=0
|  |     tuple-ids=30 row-size=24B cardinality=432.02M cost=173584426
|  |     in pipelines: 27(GETNEXT)
|  |
|  26:SCAN HDFS [tpcds_partitioned_parquet_snap.catalog_sales]
|     HDFS partitions=1831/1831 files=1831 size=280.96GB
|     predicates: tpcds_partitioned_parquet_snap.catalog_sales.cs_item_sk IS NOT NULL, tpcds_partitioned_parquet_snap.catalog_sales.cs_order_number IS NOT NULL
|     runtime filters: RF032[min_max] -> tpcds_partitioned_parquet_snap.catalog_sales.cs_item_sk, RF033[min_max] -> tpcds_partitioned_parquet_snap.catalog_sales.cs_order_number, RF003[min_max] -> tpcds_partitioned_parquet_snap.catalog_sales.cs_item_sk, RF030[bloom] -> tpcds_partitioned_parquet_snap.catalog_sales.cs_item_sk, RF031[bloom] -> tpcds_partitioned_parquet_snap.catalog_sales.cs_order_number
|     stored statistics:
|       table: rows=4.32G size=280.96GB
|       partitions: 1831/1831 rows=4.32G
|       columns: all
|     extrapolated-rows=disabled max-scan-range-rows=21.52M
|     parquet dictionary predicates: tpcds_partitioned_parquet_snap.catalog_sales.cs_item_sk IS NOT NULL, tpcds_partitioned_parquet_snap.catalog_sales.cs_order_number IS NOT NULL
|     mem-estimate=16.00MB mem-reservation=1.00MB thread-reservation=0
|     tuple-ids=28 row-size=16B cardinality=4.00G(filtered from 4.32G) cost=1238134348
|     in pipelines: 26(GETNEXT)
|
25:HASH JOIN [INNER JOIN]
|  hash predicates: tpcds_partitioned_parquet_snap.store_sales.ss_hdemo_sk = tpcds_partitioned_parquet_snap.household_demographics_0.hd_demo_sk
|  fk/pk conjuncts: tpcds_partitioned_parquet_snap.store_sales.ss_hdemo_sk = tpcds_partitioned_parquet_snap.household_demographics_0.hd_demo_sk
|  runtime filters: RF017[min_max] <- tpcds_partitioned_parquet_snap.household_demographics_0.hd_demo_sk
|  mem-estimate=1.94MB mem-reservation=1.94MB spill-buffer=64.00KB thread-reservation=0
|  tuple-ids=14,16,18,20,22,24,26 row-size=148B cardinality=3.03M cost=1353403
|  in pipelines: 13(GETNEXT), 22(OPEN)
|
|--24:HASH JOIN [INNER JOIN]
|  |  hash predicates: tpcds_partitioned_parquet_snap.household_demographics_0.hd_income_band_sk = tpcds_partitioned_parquet_snap.income_band_0.ib_income_band_sk
|  |  fk/pk conjuncts: tpcds_partitioned_parquet_snap.household_demographics_0.hd_income_band_sk = tpcds_partitioned_parquet_snap.income_band_0.ib_income_band_sk
|  |  runtime filters: RF029[min_max] <- tpcds_partitioned_parquet_snap.income_band_0.ib_income_band_sk
|  |  mem-estimate=1.94MB mem-reservation=1.94MB spill-buffer=64.00KB thread-reservation=0
|  |  tuple-ids=24,26 row-size=12B cardinality=7.20K cost=3171
|  |  in pipelines: 22(GETNEXT), 23(OPEN)
|  |
|  |--23:SCAN HDFS [tpcds_partitioned_parquet_snap.income_band]
|  |     HDFS partitions=1/1 files=1 size=1.22KB
|  |     predicates: tpcds_partitioned_parquet_snap.income_band_0.ib_income_band_sk IS NOT NULL
|  |     stored statistics:
|  |       table: rows=20 size=1.22KB
|  |       columns: all
|  |     extrapolated-rows=disabled max-scan-range-rows=20
|  |     parquet dictionary predicates: tpcds_partitioned_parquet_snap.income_band_0.ib_income_band_sk IS NOT NULL
|  |     mem-estimate=16.00MB mem-reservation=8.00KB thread-reservation=0
|  |     tuple-ids=26 row-size=4B cardinality=20 cost=1
|  |     in pipelines: 23(GETNEXT)
|  |
|  22:SCAN HDFS [tpcds_partitioned_parquet_snap.household_demographics]
|     HDFS partitions=1/1 files=1 size=41.69KB
|     predicates: tpcds_partitioned_parquet_snap.household_demographics_0.hd_demo_sk IS NOT NULL, tpcds_partitioned_parquet_snap.household_demographics_0.hd_income_band_sk IS NOT NULL
|     runtime filters: RF029[min_max] -> tpcds_partitioned_parquet_snap.household_demographics_0.hd_income_band_sk
|     stored statistics:
|       table: rows=7.20K size=41.69KB
|       columns: all
|     extrapolated-rows=disabled max-scan-range-rows=7.20K
|     parquet dictionary predicates: tpcds_partitioned_parquet_snap.household_demographics_0.hd_demo_sk IS NOT NULL, tpcds_partitioned_parquet_snap.household_demographics_0.hd_income_band_sk IS NOT NULL
|     mem-estimate=16.00MB mem-reservation=64.00KB thread-reservation=0
|     tuple-ids=24 row-size=8B cardinality=7.20K cost=1234
|     in pipelines: 22(GETNEXT)
|
21:HASH JOIN [INNER JOIN]
|  hash predicates: tpcds_partitioned_parquet_snap.store_returns.sr_item_sk = tpcds_partitioned_parquet_snap.store_sales.ss_item_sk, tpcds_partitioned_parquet_snap.store_returns.sr_ticket_number = tpcds_partitioned_parquet_snap.store_sales.ss_ticket_number
|  fk/pk conjuncts: tpcds_partitioned_parquet_snap.store_returns.sr_item_sk = tpcds_partitioned_parquet_snap.store_sales.ss_item_sk, tpcds_partitioned_parquet_snap.store_returns.sr_ticket_number = tpcds_partitioned_parquet_snap.store_sales.ss_ticket_number
|  runtime filters: RF018[bloom] <- tpcds_partitioned_parquet_snap.store_sales.ss_item_sk, RF019[bloom] <- tpcds_partitioned_parquet_snap.store_sales.ss_ticket_number, RF020[min_max] <- tpcds_partitioned_parquet_snap.store_sales.ss_item_sk, RF021[min_max] <- tpcds_partitioned_parquet_snap.store_sales.ss_ticket_number
|  mem-estimate=4.34GB mem-reservation=34.00MB spill-buffer=2.00MB thread-reservation=0
|  tuple-ids=14,16,18,20,22 row-size=136B cardinality=3.11M cost=45791887
|  in pipelines: 13(GETNEXT), 14(OPEN)
|
|--20:HASH JOIN [INNER JOIN]
|  |  hash predicates: tpcds_partitioned_parquet_snap.store_sales.ss_item_sk = tpcds_partitioned_parquet_snap.item.i_item_sk
|  |  fk/pk conjuncts: tpcds_partitioned_parquet_snap.store_sales.ss_item_sk = tpcds_partitioned_parquet_snap.item.i_item_sk
|  |  runtime filters: RF022[bloom] <- tpcds_partitioned_parquet_snap.item.i_item_sk, RF023[min_max] <- tpcds_partitioned_parquet_snap.item.i_item_sk
|  |  mem-estimate=1.94MB mem-reservation=1.94MB spill-buffer=64.00KB thread-reservation=0
|  |  tuple-ids=16,18,20,22 row-size=124B cardinality=31.06M cost=49251977
|  |  in pipelines: 14(GETNEXT), 19(OPEN)
|  |
|  |--19:SCAN HDFS [tpcds_partitioned_parquet_snap.item]
|  |     HDFS partitions=1/1 files=1 size=33.54MB
|  |     predicates: tpcds_partitioned_parquet_snap.item.i_color IN ('almond', 'chocolate', 'drab', 'misty', 'peach', 'saddle'), tpcds_partitioned_parquet_snap.item.i_current_price <= CAST(85 AS DECIMAL(5,0)), tpcds_partitioned_parquet_snap.item.i_current_price >= CAST(76 AS DECIMAL(5,0)), tpcds_partitioned_parquet_snap.item.i_item_sk IS NOT NULL
|  |     runtime filters: RF003[min_max] -> tpcds_partitioned_parquet_snap.item.i_item_sk, RF015[min_max] -> tpcds_partitioned_parquet_snap.item.i_item_sk
|  |     stored statistics:
|  |       table: rows=360.00K size=33.54MB
|  |       columns: all
|  |     extrapolated-rows=disabled max-scan-range-rows=101.54K
|  |     parquet statistics predicates: tpcds_partitioned_parquet_snap.item.i_color IN ('almond', 'chocolate', 'drab', 'misty', 'peach', 'saddle'), tpcds_partitioned_parquet_snap.item.i_current_price <= CAST(85 AS DECIMAL(5,0)), tpcds_partitioned_parquet_snap.item.i_current_price >= CAST(76 AS DECIMAL(5,0))
|  |     parquet dictionary predicates: tpcds_partitioned_parquet_snap.item.i_color IN ('almond', 'chocolate', 'drab', 'misty', 'peach', 'saddle'), tpcds_partitioned_parquet_snap.item.i_current_price <= CAST(85 AS DECIMAL(5,0)), tpcds_partitioned_parquet_snap.item.i_current_price >= CAST(76 AS DECIMAL(5,0)), tpcds_partitioned_parquet_snap.item.i_item_sk IS NOT NULL
|  |     mem-estimate=16.00MB mem-reservation=512.00KB thread-reservation=0
|  |     tuple-ids=22 row-size=60B cardinality=7.42K cost=228293
|  |     in pipelines: 19(GETNEXT)
|  |
|  18:HASH JOIN [INNER JOIN]
|  |  hash predicates: tpcds_partitioned_parquet_snap.store_sales.ss_sold_date_sk = tpcds_partitioned_parquet_snap.date_dim_1.d_date_sk
|  |  fk/pk conjuncts: tpcds_partitioned_parquet_snap.store_sales.ss_sold_date_sk = tpcds_partitioned_parquet_snap.date_dim_1.d_date_sk
|  |  runtime filters: RF024[bloom] <- tpcds_partitioned_parquet_snap.date_dim_1.d_date_sk
|  |  mem-estimate=1.94MB mem-reservation=1.94MB spill-buffer=64.00KB thread-reservation=0
|  |  tuple-ids=16,18,20 row-size=64B cardinality=170.04M(filtered from 1.51G) cost=316694973
|  |  in pipelines: 14(GETNEXT), 17(OPEN)
|  |
|  |--17:SCAN HDFS [tpcds_partitioned_parquet_snap.date_dim]
|  |     HDFS partitions=1/1 files=1 size=2.17MB
|  |     predicates: tpcds_partitioned_parquet_snap.date_dim_1.d_year = CAST(2000 AS INT), tpcds_partitioned_parquet_snap.date_dim_1.d_date_sk IS NOT NULL
|  |     stored statistics:
|  |       table: rows=73.05K size=2.17MB
|  |       columns: all
|  |     extrapolated-rows=disabled max-scan-range-rows=73.05K
|  |     parquet statistics predicates: tpcds_partitioned_parquet_snap.date_dim_1.d_year = CAST(2000 AS INT)
|  |     parquet dictionary predicates: tpcds_partitioned_parquet_snap.date_dim_1.d_year = CAST(2000 AS INT), tpcds_partitioned_parquet_snap.date_dim_1.d_date_sk IS NOT NULL
|  |     mem-estimate=16.00MB mem-reservation=512.00KB thread-reservation=0
|  |     tuple-ids=20 row-size=8B cardinality=373 cost=12520
|  |     in pipelines: 17(GETNEXT)
|  |
|  16:HASH JOIN [INNER JOIN]
|  |  hash predicates: tpcds_partitioned_parquet_snap.store_sales.ss_promo_sk = tpcds_partitioned_parquet_snap.promotion.p_promo_sk
|  |  fk/pk conjuncts: tpcds_partitioned_parquet_snap.store_sales.ss_promo_sk = tpcds_partitioned_parquet_snap.promotion.p_promo_sk
|  |  runtime filters: RF027[min_max] <- tpcds_partitioned_parquet_snap.promotion.p_promo_sk
|  |  mem-estimate=1.94MB mem-reservation=1.94MB spill-buffer=64.00KB thread-reservation=0
|  |  tuple-ids=16,18 row-size=56B cardinality=170.04M(filtered from 7.37G) cost=1378994592
|  |  in pipelines: 14(GETNEXT), 15(OPEN)
|  |
|  |--15:SCAN HDFS [tpcds_partitioned_parquet_snap.promotion]
|  |     HDFS partitions=1/1 files=1 size=100.50KB
|  |     predicates: tpcds_partitioned_parquet_snap.promotion.p_promo_sk IS NOT NULL
|  |     stored statistics:
|  |       table: rows=1.80K size=100.50KB
|  |       columns: all
|  |     extrapolated-rows=disabled max-scan-range-rows=1.80K
|  |     parquet dictionary predicates: tpcds_partitioned_parquet_snap.promotion.p_promo_sk IS NOT NULL
|  |     mem-estimate=16.00MB mem-reservation=32.00KB thread-reservation=0
|  |     tuple-ids=18 row-size=4B cardinality=1.80K cost=154
|  |     in pipelines: 15(GETNEXT)
|  |
|  14:SCAN HDFS [tpcds_partitioned_parquet_snap.store_sales]
|     partition predicates: tpcds_partitioned_parquet_snap.store_sales.ss_sold_date_sk IS NOT NULL
|     HDFS partitions=1823/1824 files=1823 size=389.69GB
|     predicates: tpcds_partitioned_parquet_snap.store_sales.ss_customer_sk IS NOT NULL, tpcds_partitioned_parquet_snap.store_sales.ss_cdemo_sk IS NOT NULL, tpcds_partitioned_parquet_snap.store_sales.ss_promo_sk IS NOT NULL, tpcds_partitioned_parquet_snap.store_sales.ss_hdemo_sk IS NOT NULL, tpcds_partitioned_parquet_snap.store_sales.ss_addr_sk IS NOT NULL, tpcds_partitioned_parquet_snap.store_sales.ss_store_sk IS NOT NULL, tpcds_partitioned_parquet_snap.store_sales.ss_item_sk IS NOT NULL, tpcds_partitioned_parquet_snap.store_sales.ss_ticket_number IS NOT NULL
|     runtime filters: RF023[min_max] -> tpcds_partitioned_parquet_snap.store_sales.ss_item_sk, RF011[min_max] -> tpcds_partitioned_parquet_snap.store_sales.ss_addr_sk, RF017[min_max] -> tpcds_partitioned_parquet_snap.store_sales.ss_hdemo_sk, RF007[min_max] -> tpcds_partitioned_parquet_snap.store_sales.ss_cdemo_sk, RF003[min_max] -> tpcds_partitioned_parquet_snap.store_sales.ss_item_sk, RF009[min_max] -> tpcds_partitioned_parquet_snap.store_sales.ss_customer_sk, RF013[min_max] -> tpcds_partitioned_parquet_snap.store_sales.ss_store_sk, RF027[min_max] -> tpcds_partitioned_parquet_snap.store_sales.ss_promo_sk, RF015[min_max] -> tpcds_partitioned_parquet_snap.store_sales.ss_item_sk, RF022[bloom] -> tpcds_partitioned_parquet_snap.store_sales.ss_item_sk, RF024[bloom] -> tpcds_partitioned_parquet_snap.store_sales.ss_sold_date_sk
|     stored statistics:
|       table: rows=8.64G size=389.90GB
|       partitions: 1823/1823 rows=8.25G
|       columns: all
|     extrapolated-rows=disabled max-scan-range-rows=12.24M est-scan-range=373(filtered from 1823)
|     parquet dictionary predicates: tpcds_partitioned_parquet_snap.store_sales.ss_customer_sk IS NOT NULL, tpcds_partitioned_parquet_snap.store_sales.ss_cdemo_sk IS NOT NULL, tpcds_partitioned_parquet_snap.store_sales.ss_promo_sk IS NOT NULL, tpcds_partitioned_parquet_snap.store_sales.ss_hdemo_sk IS NOT NULL, tpcds_partitioned_parquet_snap.store_sales.ss_addr_sk IS NOT NULL, tpcds_partitioned_parquet_snap.store_sales.ss_store_sk IS NOT NULL, tpcds_partitioned_parquet_snap.store_sales.ss_item_sk IS NOT NULL, tpcds_partitioned_parquet_snap.store_sales.ss_ticket_number IS NOT NULL
|     mem-estimate=16.00MB mem-reservation=512.00KB thread-reservation=0
|     tuple-ids=16 row-size=52B cardinality=170.04M(filtered from 7.37G) cost=1642492694
|     in pipelines: 14(GETNEXT)
|
13:SCAN HDFS [tpcds_partitioned_parquet_snap.store_returns]
   HDFS partitions=2004/2004 files=2004 size=48.14GB
   predicates: tpcds_partitioned_parquet_snap.store_returns.sr_item_sk IS NOT NULL, tpcds_partitioned_parquet_snap.store_returns.sr_ticket_number IS NOT NULL
   runtime filters: RF020[min_max] -> tpcds_partitioned_parquet_snap.store_returns.sr_item_sk, RF021[min_max] -> tpcds_partitioned_parquet_snap.store_returns.sr_ticket_number, RF003[min_max] -> tpcds_partitioned_parquet_snap.store_returns.sr_item_sk, RF015[min_max] -> tpcds_partitioned_parquet_snap.store_returns.sr_item_sk, RF018[bloom] -> tpcds_partitioned_parquet_snap.store_returns.sr_item_sk, RF019[bloom] -> tpcds_partitioned_parquet_snap.store_returns.sr_ticket_number
   stored statistics:
     table: rows=863.99M size=48.14GB
     partitions: 2004/2004 rows=863.99M
     columns: all
   extrapolated-rows=disabled max-scan-range-rows=30.09M
   parquet dictionary predicates: tpcds_partitioned_parquet_snap.store_returns.sr_item_sk IS NOT NULL, tpcds_partitioned_parquet_snap.store_returns.sr_ticket_number IS NOT NULL
   mem-estimate=16.00MB mem-reservation=512.00KB thread-reservation=0
   tuple-ids=14 row-size=12B cardinality=55.23M(filtered from 863.99M) cost=197853396
   in pipelines: 13(GETNEXT)
---- DISTRIBUTEDPLAN
Max Per-Host Resource Reservation: Memory=7.29GB Threads=285
Per-Host Resource Estimates: Memory=106.33GB
F49:PLAN FRAGMENT [UNPARTITIONED] hosts=1 instances=1
|  Per-Instance Resources: mem-estimate=1.21GB mem-reservation=4.00MB thread-reservation=1
|  max-parallelism=1 segment-costs=[18089008188] cpu-comparison-result=1230 [max(1 (self) vs 1230 (sum children))]
PLAN-ROOT SINK
|  output exprs: tpcds_partitioned_parquet_snap.item.i_product_name, tpcds_partitioned_parquet_snap.store.s_store_name, tpcds_partitioned_parquet_snap.store.s_zip, tpcds_partitioned_parquet_snap.customer_address_0.ca_street_number, tpcds_partitioned_parquet_snap.customer_address_0.ca_street_name, tpcds_partitioned_parquet_snap.customer_address_0.ca_city, tpcds_partitioned_parquet_snap.customer_address_0.ca_zip, tpcds_partitioned_parquet_snap.customer_address.ca_street_number, tpcds_partitioned_parquet_snap.customer_address.ca_street_name, tpcds_partitioned_parquet_snap.customer_address.ca_city, tpcds_partitioned_parquet_snap.customer_address.ca_zip, CAST(2000 AS INT), count(), sum(tpcds_partitioned_parquet_snap.store_sales.ss_wholesale_cost), sum(tpcds_partitioned_parquet_snap.store_sales.ss_list_price), sum(tpcds_partitioned_parquet_snap.store_sales.ss_coupon_amt), sum(tpcds_partitioned_parquet_snap.store_sales_0.ss_wholesale_cost), sum(tpcds_partitioned_parquet_snap.store_sales_0.ss_list_price), sum(tpcds_partitioned_parquet_snap.store_sales_0.ss_coupon_amt), CAST(2001 AS INT), count()
|  mem-estimate=100.00MB mem-reservation=4.00MB spill-buffer=2.00MB thread-reservation=0 cost=17340313600
|
132:MERGING-EXCHANGE [UNPARTITIONED]
|  order by: tpcds_partitioned_parquet_snap.item.i_product_name ASC NULLS LAST, tpcds_partitioned_parquet_snap.store.s_store_name ASC NULLS LAST, count() ASC NULLS LAST, sum(tpcds_partitioned_parquet_snap.store_sales.ss_wholesale_cost) ASC NULLS LAST, sum(tpcds_partitioned_parquet_snap.store_sales_0.ss_wholesale_cost) ASC NULLS LAST
|  mem-estimate=1.11GB mem-reservation=0B thread-reservation=0
|  tuple-ids=80 row-size=327B cardinality=825.73M cost=748694588
|  in pipelines: 79(GETNEXT)
|
F48:PLAN FRAGMENT [HASH(tpcds_partitioned_parquet_snap.item.i_item_sk,tpcds_partitioned_parquet_snap.store.s_store_name,tpcds_partitioned_parquet_snap.store.s_zip)] hosts=10 instances=110 (adjusted from 10)
Per-Instance Resources: mem-estimate=2.33GB mem-reservation=12.00MB thread-reservation=1
max-parallelism=1370 segment-costs=[13606003862, 7331793094] cpu-comparison-result=1230 [max(110 (self) vs 1230 (sum children))]
79:SORT
|  order by: tpcds_partitioned_parquet_snap.item.i_product_name ASC NULLS LAST, tpcds_partitioned_parquet_snap.store.s_store_name ASC NULLS LAST, count() ASC NULLS LAST, sum(tpcds_partitioned_parquet_snap.store_sales.ss_wholesale_cost) ASC NULLS LAST, sum(tpcds_partitioned_parquet_snap.store_sales_0.ss_wholesale_cost) ASC NULLS LAST
|  mem-estimate=2.29GB mem-reservation=12.00MB spill-buffer=2.00MB thread-reservation=0
|  tuple-ids=80 row-size=327B cardinality=825.73M cost=12078275628
|  in pipelines: 79(GETNEXT), 104(OPEN)
|
78:HASH JOIN [INNER JOIN, PARTITIONED]
|  hash-table-id=00
|  hash predicates: tpcds_partitioned_parquet_snap.item.i_item_sk = tpcds_partitioned_parquet_snap.item_0.i_item_sk, tpcds_partitioned_parquet_snap.store.s_store_name = tpcds_partitioned_parquet_snap.store_0.s_store_name, tpcds_partitioned_parquet_snap.store.s_zip = tpcds_partitioned_parquet_snap.store_0.s_zip
|  fk/pk conjuncts: tpcds_partitioned_parquet_snap.item.i_item_sk = tpcds_partitioned_parquet_snap.item_0.i_item_sk, tpcds_partitioned_parquet_snap.store.s_store_name = tpcds_partitioned_parquet_snap.store_0.s_store_name, tpcds_partitioned_parquet_snap.store.s_zip = tpcds_partitioned_parquet_snap.store_0.s_zip
|  other join predicates: count() <= count()
|  mem-estimate=0B mem-reservation=0B spill-buffer=2.00MB thread-reservation=0
|  tuple-ids=39,79 row-size=566B cardinality=825.73M cost=361421688
|  in pipelines: 104(GETNEXT), 129(OPEN)
|
|--F50:PLAN FRAGMENT [HASH(tpcds_partitioned_parquet_snap.item.i_item_sk,tpcds_partitioned_parquet_snap.store.s_store_name,tpcds_partitioned_parquet_snap.store.s_zip)] hosts=10 instances=110 (adjusted from 10)
|  |  Per-Instance Resources: mem-estimate=2.24GB mem-reservation=34.00MB thread-reservation=1
|  |  max-parallelism=1370 segment-costs=[1992035786] cpu-comparison-result=615 [max(110 (self) vs 615 (sum children))]
|  JOIN BUILD
|  |  join-table-id=00 plan-id=01 cohort-id=01
|  |  build expressions: tpcds_partitioned_parquet_snap.item_0.i_item_sk, tpcds_partitioned_parquet_snap.store_0.s_store_name, tpcds_partitioned_parquet_snap.store_0.s_zip
|  |  runtime filters: RF003[min_max] <- tpcds_partitioned_parquet_snap.item_0.i_item_sk, RF004[min_max] <- tpcds_partitioned_parquet_snap.store_0.s_store_name, RF005[min_max] <- tpcds_partitioned_parquet_snap.store_0.s_zip
|  |  mem-estimate=2.20GB mem-reservation=34.00MB spill-buffer=2.00MB thread-reservation=0 cost=825729240
|  |
|  131:EXCHANGE [HASH(tpcds_partitioned_parquet_snap.item_0.i_item_sk,tpcds_partitioned_parquet_snap.store_0.s_store_name,tpcds_partitioned_parquet_snap.store_0.s_zip)]
|  |  mem-estimate=43.62MB mem-reservation=0B thread-reservation=0
|  |  tuple-ids=79 row-size=283B cardinality=825.73M cost=1166306546
|  |  in pipelines: 129(GETNEXT)
|  |
|  F47:PLAN FRAGMENT [HASH(tpcds_partitioned_parquet_snap.item_0.i_product_name,tpcds_partitioned_parquet_snap.item_0.i_item_sk,tpcds_partitioned_parquet_snap.store_0.s_store_name,tpcds_partitioned_parquet_snap.store_0.s_zip,tpcds_partitioned_parquet_snap.customer_address_2.ca_street_number,tpcds_partitioned_parquet_snap.customer_address_2.ca_street_name,tpcds_partitioned_parquet_snap.customer_address_2.ca_city,tpcds_partitioned_parquet_snap.customer_address_2.ca_zip,tpcds_partitioned_parquet_snap.customer_address_1.ca_street_number,tpcds_partitioned_parquet_snap.customer_address_1.ca_street_name,tpcds_partitioned_parquet_snap.customer_address_1.ca_city,tpcds_partitioned_parquet_snap.customer_address_1.ca_zip,tpcds_partitioned_parquet_snap.date_dim_2.d_year,tpcds_partitioned_parquet_snap.date_dim_3.d_year)] hosts=10 instances=120
|  Per-Instance Resources: mem-estimate=635.45MB mem-reservation=34.00MB thread-reservation=1
|  max-parallelism=1550 segment-costs=[6213659098, 15469368099] cpu-comparison-result=615 [max(120 (self) vs 615 (sum children))]
|  129:AGGREGATE [FINALIZE]
|  |  output: count:merge(), sum:merge(tpcds_partitioned_parquet_snap.store_sales_0.ss_wholesale_cost), sum:merge(tpcds_partitioned_parquet_snap.store_sales_0.ss_list_price), sum:merge(tpcds_partitioned_parquet_snap.store_sales_0.ss_coupon_amt)
|  |  group by: tpcds_partitioned_parquet_snap.item_0.i_product_name, tpcds_partitioned_parquet_snap.item_0.i_item_sk, tpcds_partitioned_parquet_snap.store_0.s_store_name, tpcds_partitioned_parquet_snap.store_0.s_zip, tpcds_partitioned_parquet_snap.customer_address_2.ca_street_number, tpcds_partitioned_parquet_snap.customer_address_2.ca_street_name, tpcds_partitioned_parquet_snap.customer_address_2.ca_city, tpcds_partitioned_parquet_snap.customer_address_2.ca_zip, tpcds_partitioned_parquet_snap.customer_address_1.ca_street_number, tpcds_partitioned_parquet_snap.customer_address_1.ca_street_name, tpcds_partitioned_parquet_snap.customer_address_1.ca_city, tpcds_partitioned_parquet_snap.customer_address_1.ca_zip, tpcds_partitioned_parquet_snap.date_dim_2.d_year, tpcds_partitioned_parquet_snap.date_dim_3.d_year
|  |  mem-estimate=512.17MB mem-reservation=34.00MB spill-buffer=2.00MB thread-reservation=0
|  |  tuple-ids=79 row-size=283B cardinality=825.73M cost=5047352552
|  |  in pipelines: 129(GETNEXT), 52(OPEN)
|  |
|  128:EXCHANGE [HASH(tpcds_partitioned_parquet_snap.item_0.i_product_name,tpcds_partitioned_parquet_snap.item_0.i_item_sk,tpcds_partitioned_parquet_snap.store_0.s_store_name,tpcds_partitioned_parquet_snap.store_0.s_zip,tpcds_partitioned_parquet_snap.customer_address_2.ca_street_number,tpcds_partitioned_parquet_snap.customer_address_2.ca_street_name,tpcds_partitioned_parquet_snap.customer_address_2.ca_city,tpcds_partitioned_parquet_snap.customer_address_2.ca_zip,tpcds_partitioned_parquet_snap.customer_address_1.ca_street_number,tpcds_partitioned_parquet_snap.customer_address_1.ca_street_name,tpcds_partitioned_parquet_snap.customer_address_1.ca_city,tpcds_partitioned_parquet_snap.customer_address_1.ca_zip,tpcds_partitioned_parquet_snap.date_dim_2.d_year,tpcds_partitioned_parquet_snap.date_dim_3.d_year)]
|  |  mem-estimate=43.62MB mem-reservation=0B thread-reservation=0
|  |  tuple-ids=79 row-size=283B cardinality=825.73M cost=1166306546
|  |  in pipelines: 52(GETNEXT)
|  |
|  F29:PLAN FRAGMENT [HASH(tpcds_partitioned_parquet_snap.store_returns_0.sr_item_sk,tpcds_partitioned_parquet_snap.store_returns_0.sr_ticket_number)] hosts=10 instances=120
|  Per-Instance Resources: mem-estimate=657.07MB mem-reservation=34.00MB thread-reservation=1
|  max-parallelism=1550 segment-costs=[6711155090, 15469368099] cpu-comparison-result=615 [max(150 (self) vs 615 (sum children))]
|  77:AGGREGATE [STREAMING]
|  |  output: count(), sum(tpcds_partitioned_parquet_snap.store_sales_0.ss_wholesale_cost), sum(tpcds_partitioned_parquet_snap.store_sales_0.ss_list_price), sum(tpcds_partitioned_parquet_snap.store_sales_0.ss_coupon_amt)
|  |  group by: tpcds_partitioned_parquet_snap.item_0.i_product_name, tpcds_partitioned_parquet_snap.item_0.i_item_sk, tpcds_partitioned_parquet_snap.store_0.s_store_name, tpcds_partitioned_parquet_snap.store_0.s_zip, tpcds_partitioned_parquet_snap.customer_address_2.ca_street_number, tpcds_partitioned_parquet_snap.customer_address_2.ca_street_name, tpcds_partitioned_parquet_snap.customer_address_2.ca_city, tpcds_partitioned_parquet_snap.customer_address_2.ca_zip, tpcds_partitioned_parquet_snap.customer_address_1.ca_street_number, tpcds_partitioned_parquet_snap.customer_address_1.ca_street_name, tpcds_partitioned_parquet_snap.customer_address_1.ca_city, tpcds_partitioned_parquet_snap.customer_address_1.ca_zip, tpcds_partitioned_parquet_snap.date_dim_2.d_year, tpcds_partitioned_parquet_snap.date_dim_3.d_year
|  |  mem-estimate=512.11MB mem-reservation=34.00MB spill-buffer=2.00MB thread-reservation=0
|  |  tuple-ids=79 row-size=283B cardinality=825.73M cost=5047352552
|  |  in pipelines: 52(GETNEXT)
|  |
|  76:HASH JOIN [INNER JOIN, BROADCAST]
|  |  hash-table-id=01
|  |  hash predicates: tpcds_partitioned_parquet_snap.store_sales_0.ss_cdemo_sk = tpcds_partitioned_parquet_snap.customer_demographics_2.cd_demo_sk
|  |  fk/pk conjuncts: tpcds_partitioned_parquet_snap.store_sales_0.ss_cdemo_sk = tpcds_partitioned_parquet_snap.customer_demographics_2.cd_demo_sk
|  |  other join predicates: tpcds_partitioned_parquet_snap.customer_demographics_2.cd_marital_status != tpcds_partitioned_parquet_snap.customer_demographics_1.cd_marital_status
|  |  mem-estimate=0B mem-reservation=0B spill-buffer=2.00MB thread-reservation=0
|  |  tuple-ids=54,56,58,60,62,64,66,72,73,75,40,42,44,46,48,50,52,77 row-size=462B cardinality=825.73M cost=364047129
|  |  in pipelines: 52(GETNEXT), 75(OPEN)
|  |
|  |--F51:PLAN FRAGMENT [HASH(tpcds_partitioned_parquet_snap.store_returns_0.sr_item_sk,tpcds_partitioned_parquet_snap.store_returns_0.sr_ticket_number)] hosts=10 instances=10
|  |  |  Per-Instance Resources: mem-estimate=418.21MB mem-reservation=408.00MB thread-reservation=1
|  |  |  max-parallelism=10 segment-costs=[4473540]
|  |  JOIN BUILD
|  |  |  join-table-id=01 plan-id=02 cohort-id=02
|  |  |  build expressions: tpcds_partitioned_parquet_snap.customer_demographics_2.cd_demo_sk
|  |  |  runtime filters: RF047[min_max] <- tpcds_partitioned_parquet_snap.customer_demographics_2.cd_demo_sk
|  |  |  mem-estimate=408.00MB mem-reservation=408.00MB spill-buffer=2.00MB thread-reservation=0 cost=1920800
|  |  |
|  |  127:EXCHANGE [BROADCAST]
|  |  |  mem-estimate=10.21MB mem-reservation=0B thread-reservation=0
|  |  |  tuple-ids=77 row-size=17B cardinality=1.92M cost=2552740
|  |  |  in pipelines: 75(GETNEXT)
|  |  |
|  |  F46:PLAN FRAGMENT [RANDOM] hosts=10 instances=10
|  |  Per-Instance Resources: mem-estimate=16.08MB mem-reservation=1.00MB thread-reservation=1
|  |  max-parallelism=10 segment-costs=[375900]
|  |  75:SCAN HDFS [tpcds_partitioned_parquet_snap.customer_demographics, RANDOM]
|  |     HDFS partitions=1/1 files=1 size=11.15MB
|  |     predicates: tpcds_partitioned_parquet_snap.customer_demographics_2.cd_demo_sk IS NOT NULL, tpcds_partitioned_parquet_snap.customer_demographics_2.cd_marital_status IS NOT NULL
|  |     stored statistics:
|  |       table: rows=1.92M size=11.15MB
|  |       columns: all
|  |     extrapolated-rows=disabled max-scan-range-rows=197.97K
|  |     parquet dictionary predicates: tpcds_partitioned_parquet_snap.customer_demographics_2.cd_demo_sk IS NOT NULL, tpcds_partitioned_parquet_snap.customer_demographics_2.cd_marital_status IS NOT NULL
|  |     mem-estimate=16.00MB mem-reservation=1.00MB thread-reservation=0
|  |     tuple-ids=77 row-size=17B cardinality=1.92M cost=246246
|  |     in pipelines: 75(GETNEXT)
|  |
|  74:HASH JOIN [INNER JOIN, BROADCAST]
|  |  hash-table-id=02
|  |  hash predicates: tpcds_partitioned_parquet_snap.store_sales_0.ss_customer_sk = tpcds_partitioned_parquet_snap.customer_0.c_customer_sk
|  |  fk/pk conjuncts: none
|  |  mem-estimate=0B mem-reservation=0B spill-buffer=2.00MB thread-reservation=0
|  |  tuple-ids=54,56,58,60,62,64,66,72,73,75,40,42,44,46,48,50,52 row-size=445B cardinality=835.96M cost=365901826
|  |  in pipelines: 52(GETNEXT), 39(OPEN)
|  |
|  |--F52:PLAN FRAGMENT [HASH(tpcds_partitioned_parquet_snap.store_returns_0.sr_item_sk,tpcds_partitioned_parquet_snap.store_returns_0.sr_ticket_number)] hosts=10 instances=10
|  |  |  Per-Instance Resources: mem-estimate=4.43GB mem-reservation=408.00MB thread-reservation=1
|  |  |  max-parallelism=10 segment-costs=[62546093] cpu-comparison-result=73 [max(30 (self) vs 73 (sum children))]
|  |  JOIN BUILD
|  |  |  join-table-id=02 plan-id=03 cohort-id=02
|  |  |  build expressions: tpcds_partitioned_parquet_snap.customer_0.c_customer_sk
|  |  |  runtime filters: RF049[min_max] <- tpcds_partitioned_parquet_snap.customer_0.c_customer_sk
|  |  |  mem-estimate=4.42GB mem-reservation=408.00MB spill-buffer=2.00MB thread-reservation=0 cost=26855343
|  |  |
|  |  126:EXCHANGE [BROADCAST]
|  |  |  mem-estimate=11.70MB mem-reservation=0B thread-reservation=0
|  |  |  tuple-ids=40,42,44,46,48,50,52 row-size=147B cardinality=26.86M cost=35690750
|  |  |  in pipelines: 39(GETNEXT)
|  |  |
|  |  F45:PLAN FRAGMENT [HASH(tpcds_partitioned_parquet_snap.customer_0.c_current_addr_sk)] hosts=10 instances=10
|  |  Per-Instance Resources: mem-estimate=11.59MB mem-reservation=0B thread-reservation=1
|  |  max-parallelism=10 segment-costs=[42890739]
|  |  51:HASH JOIN [INNER JOIN, PARTITIONED]
|  |  |  hash-table-id=03
|  |  |  hash predicates: tpcds_partitioned_parquet_snap.customer_0.c_current_addr_sk = tpcds_partitioned_parquet_snap.customer_address_1.ca_address_sk
|  |  |  fk/pk conjuncts: tpcds_partitioned_parquet_snap.customer_0.c_current_addr_sk = tpcds_partitioned_parquet_snap.customer_address_1.ca_address_sk
|  |  |  mem-estimate=0B mem-reservation=0B spill-buffer=2.00MB thread-reservation=0
|  |  |  tuple-ids=40,42,44,46,48,50,52 row-size=147B cardinality=26.86M cost=11754583
|  |  |  in pipelines: 39(GETNEXT), 50(OPEN)
|  |  |
|  |  |--F53:PLAN FRAGMENT [HASH(tpcds_partitioned_parquet_snap.customer_0.c_current_addr_sk)] hosts=10 instances=10
|  |  |  |  Per-Instance Resources: mem-estimate=160.14MB mem-reservation=34.00MB thread-reservation=1
|  |  |  |  max-parallelism=10 segment-costs=[22017902]
|  |  |  JOIN BUILD
|  |  |  |  join-table-id=03 plan-id=04 cohort-id=03
|  |  |  |  build expressions: tpcds_partitioned_parquet_snap.customer_address_1.ca_address_sk
|  |  |  |  runtime filters: RF075[min_max] <- tpcds_partitioned_parquet_snap.customer_address_1.ca_address_sk
|  |  |  |  mem-estimate=149.35MB mem-reservation=34.00MB spill-buffer=2.00MB thread-reservation=0 cost=15000000
|  |  |  |
|  |  |  125:EXCHANGE [HASH(tpcds_partitioned_parquet_snap.customer_address_1.ca_address_sk)]
|  |  |  |  mem-estimate=10.80MB mem-reservation=0B thread-reservation=0
|  |  |  |  tuple-ids=52 row-size=78B cardinality=15.00M cost=7017902
|  |  |  |  in pipelines: 50(GETNEXT)
|  |  |  |
|  |  |  F44:PLAN FRAGMENT [RANDOM] hosts=10 instances=10
|  |  |  Per-Instance Resources: mem-estimate=19.19MB mem-reservation=128.00KB thread-reservation=1
|  |  |  max-parallelism=10 segment-costs=[89453349]
|  |  |  50:SCAN HDFS [tpcds_partitioned_parquet_snap.customer_address, RANDOM]
|  |  |     HDFS partitions=1/1 files=1 size=307.36MB
|  |  |     predicates: tpcds_partitioned_parquet_snap.customer_address_1.ca_address_sk IS NOT NULL
|  |  |     stored statistics:
|  |  |       table: rows=15.00M size=307.36MB
|  |  |       columns: all
|  |  |     extrapolated-rows=disabled max-scan-range-rows=1.58M
|  |  |     parquet dictionary predicates: tpcds_partitioned_parquet_snap.customer_address_1.ca_address_sk IS NOT NULL
|  |  |     mem-estimate=16.00MB mem-reservation=128.00KB thread-reservation=0
|  |  |     tuple-ids=52 row-size=78B cardinality=15.00M cost=6805716
|  |  |     in pipelines: 50(GETNEXT)
|  |  |
|  |  124:EXCHANGE [HASH(tpcds_partitioned_parquet_snap.customer_0.c_current_addr_sk)]
|  |  |  mem-estimate=10.91MB mem-reservation=0B thread-reservation=0
|  |  |  tuple-ids=40,42,44,46,48,50 row-size=69B cardinality=26.86M cost=16448897
|  |  |  in pipelines: 39(GETNEXT)
|  |  |
|  |  F38:PLAN FRAGMENT [RANDOM] hosts=10 instances=10
|  |  Per-Instance Resources: mem-estimate=19.63MB mem-reservation=1.00MB thread-reservation=1
|  |  max-parallelism=10 segment-costs=[265911830]
|  |  49:HASH JOIN [INNER JOIN, BROADCAST]
|  |  |  hash-table-id=04
|  |  |  hash predicates: tpcds_partitioned_parquet_snap.customer_0.c_current_hdemo_sk = tpcds_partitioned_parquet_snap.household_demographics_1.hd_demo_sk
|  |  |  fk/pk conjuncts: tpcds_partitioned_parquet_snap.customer_0.c_current_hdemo_sk = tpcds_partitioned_parquet_snap.household_demographics_1.hd_demo_sk
|  |  |  mem-estimate=0B mem-reservation=0B spill-buffer=64.00KB thread-reservation=0
|  |  |  tuple-ids=40,42,44,46,48,50 row-size=69B cardinality=26.86M cost=11922966
|  |  |  in pipelines: 39(GETNEXT), 46(OPEN)
|  |  |
|  |  |--F54:PLAN FRAGMENT [RANDOM] hosts=10 instances=10
|  |  |  |  Per-Instance Resources: mem-estimate=2.04MB mem-reservation=1.94MB thread-reservation=1
|  |  |  |  max-parallelism=10 segment-costs=[16760] cpu-comparison-result=11 [max(11 (self) vs 2 (sum children))]
|  |  |  JOIN BUILD
|  |  |  |  join-table-id=04 plan-id=05 cohort-id=03
|  |  |  |  build expressions: tpcds_partitioned_parquet_snap.household_demographics_1.hd_demo_sk
|  |  |  |  runtime filters: RF077[min_max] <- tpcds_partitioned_parquet_snap.household_demographics_1.hd_demo_sk
|  |  |  |  mem-estimate=1.94MB mem-reservation=1.94MB spill-buffer=64.00KB thread-reservation=0 cost=7200
|  |  |  |
|  |  |  123:EXCHANGE [BROADCAST]
|  |  |  |  mem-estimate=104.38KB mem-reservation=0B thread-reservation=0
|  |  |  |  tuple-ids=48,50 row-size=12B cardinality=7.20K cost=9560
|  |  |  |  in pipelines: 46(GETNEXT)
|  |  |  |
|  |  |  F42:PLAN FRAGMENT [RANDOM] hosts=1 instances=1
|  |  |  Per-Instance Resources: mem-estimate=16.08MB mem-reservation=64.00KB thread-reservation=1
|  |  |  max-parallelism=1 segment-costs=[4929]
|  |  |  48:HASH JOIN [INNER JOIN, BROADCAST]
|  |  |  |  hash-table-id=05
|  |  |  |  hash predicates: tpcds_partitioned_parquet_snap.household_demographics_1.hd_income_band_sk = tpcds_partitioned_parquet_snap.income_band_1.ib_income_band_sk
|  |  |  |  fk/pk conjuncts: tpcds_partitioned_parquet_snap.household_demographics_1.hd_income_band_sk = tpcds_partitioned_parquet_snap.income_band_1.ib_income_band_sk
|  |  |  |  mem-estimate=0B mem-reservation=0B spill-buffer=64.00KB thread-reservation=0
|  |  |  |  tuple-ids=48,50 row-size=12B cardinality=7.20K cost=3151
|  |  |  |  in pipelines: 46(GETNEXT), 47(OPEN)
|  |  |  |
|  |  |  |--F55:PLAN FRAGMENT [RANDOM] hosts=1 instances=1
|  |  |  |  |  Per-Instance Resources: mem-estimate=1.95MB mem-reservation=1.94MB thread-reservation=1
|  |  |  |  |  max-parallelism=1 segment-costs=[22]
|  |  |  |  JOIN BUILD
|  |  |  |  |  join-table-id=05 plan-id=06 cohort-id=04
|  |  |  |  |  build expressions: tpcds_partitioned_parquet_snap.income_band_1.ib_income_band_sk
|  |  |  |  |  runtime filters: RF085[min_max] <- tpcds_partitioned_parquet_snap.income_band_1.ib_income_band_sk
|  |  |  |  |  mem-estimate=1.94MB mem-reservation=1.94MB spill-buffer=64.00KB thread-reservation=0 cost=20
|  |  |  |  |
|  |  |  |  122:EXCHANGE [BROADCAST]
|  |  |  |  |  mem-estimate=16.00KB mem-reservation=0B thread-reservation=0
|  |  |  |  |  tuple-ids=50 row-size=4B cardinality=20 cost=2
|  |  |  |  |  in pipelines: 47(GETNEXT)
|  |  |  |  |
|  |  |  |  F43:PLAN FRAGMENT [RANDOM] hosts=1 instances=1
|  |  |  |  Per-Instance Resources: mem-estimate=16.03MB mem-reservation=8.00KB thread-reservation=1
|  |  |  |  max-parallelism=1 segment-costs=[1]
|  |  |  |  47:SCAN HDFS [tpcds_partitioned_parquet_snap.income_band, RANDOM]
|  |  |  |     HDFS partitions=1/1 files=1 size=1.22KB
|  |  |  |     predicates: tpcds_partitioned_parquet_snap.income_band_1.ib_income_band_sk IS NOT NULL
|  |  |  |     stored statistics:
|  |  |  |       table: rows=20 size=1.22KB
|  |  |  |       columns: all
|  |  |  |     extrapolated-rows=disabled max-scan-range-rows=20
|  |  |  |     parquet dictionary predicates: tpcds_partitioned_parquet_snap.income_band_1.ib_income_band_sk IS NOT NULL
|  |  |  |     mem-estimate=16.00MB mem-reservation=8.00KB thread-reservation=0
|  |  |  |     tuple-ids=50 row-size=4B cardinality=20 cost=1
|  |  |  |     in pipelines: 47(GETNEXT)
|  |  |  |
|  |  |  46:SCAN HDFS [tpcds_partitioned_parquet_snap.household_demographics, RANDOM]
|  |  |     HDFS partitions=1/1 files=1 size=41.69KB
|  |  |     predicates: tpcds_partitioned_parquet_snap.household_demographics_1.hd_demo_sk IS NOT NULL, tpcds_partitioned_parquet_snap.household_demographics_1.hd_income_band_sk IS NOT NULL
|  |  |     runtime filters: RF085[min_max] -> tpcds_partitioned_parquet_snap.household_demographics_1.hd_income_band_sk
|  |  |     stored statistics:
|  |  |       table: rows=7.20K size=41.69KB
|  |  |       columns: all
|  |  |     extrapolated-rows=disabled max-scan-range-rows=7.20K
|  |  |     parquet dictionary predicates: tpcds_partitioned_parquet_snap.household_demographics_1.hd_demo_sk IS NOT NULL, tpcds_partitioned_parquet_snap.household_demographics_1.hd_income_band_sk IS NOT NULL
|  |  |     mem-estimate=16.00MB mem-reservation=64.00KB thread-reservation=0
|  |  |     tuple-ids=48 row-size=8B cardinality=7.20K cost=1234
|  |  |     in pipelines: 46(GETNEXT)
|  |  |
|  |  45:HASH JOIN [INNER JOIN, BROADCAST]
|  |  |  hash-table-id=06
|  |  |  hash predicates: tpcds_partitioned_parquet_snap.customer_0.c_first_shipto_date_sk = tpcds_partitioned_parquet_snap.date_dim_3.d_date_sk
|  |  |  fk/pk conjuncts: tpcds_partitioned_parquet_snap.customer_0.c_first_shipto_date_sk = tpcds_partitioned_parquet_snap.date_dim_3.d_date_sk
|  |  |  mem-estimate=0B mem-reservation=0B spill-buffer=256.00KB thread-reservation=0
|  |  |  tuple-ids=40,42,44,46 row-size=57B cardinality=27.51M cost=12041917
|  |  |  in pipelines: 39(GETNEXT), 44(OPEN)
|  |  |
|  |  |--F56:PLAN FRAGMENT [RANDOM] hosts=10 instances=10
|  |  |  |  Per-Instance Resources: mem-estimate=5.32MB mem-reservation=4.75MB thread-reservation=1
|  |  |  |  max-parallelism=10 segment-costs=[170129]
|  |  |  JOIN BUILD
|  |  |  |  join-table-id=06 plan-id=07 cohort-id=03
|  |  |  |  build expressions: tpcds_partitioned_parquet_snap.date_dim_3.d_date_sk
|  |  |  |  runtime filters: RF079[min_max] <- tpcds_partitioned_parquet_snap.date_dim_3.d_date_sk
|  |  |  |  mem-estimate=4.75MB mem-reservation=4.75MB spill-buffer=256.00KB thread-reservation=0 cost=73049
|  |  |  |
|  |  |  121:EXCHANGE [BROADCAST]
|  |  |  |  mem-estimate=582.70KB mem-reservation=0B thread-reservation=0
|  |  |  |  tuple-ids=46 row-size=8B cardinality=73.05K cost=97080
|  |  |  |  in pipelines: 44(GETNEXT)
|  |  |  |
|  |  |  F41:PLAN FRAGMENT [RANDOM] hosts=1 instances=1
|  |  |  Per-Instance Resources: mem-estimate=16.05MB mem-reservation=512.00KB thread-reservation=1
|  |  |  max-parallelism=1 segment-costs=[13622]
|  |  |  44:SCAN HDFS [tpcds_partitioned_parquet_snap.date_dim, RANDOM]
|  |  |     HDFS partitions=1/1 files=1 size=2.17MB
|  |  |     predicates: tpcds_partitioned_parquet_snap.date_dim_3.d_date_sk IS NOT NULL
|  |  |     stored statistics:
|  |  |       table: rows=73.05K size=2.17MB
|  |  |       columns: all
|  |  |     extrapolated-rows=disabled max-scan-range-rows=73.05K
|  |  |     parquet dictionary predicates: tpcds_partitioned_parquet_snap.date_dim_3.d_date_sk IS NOT NULL
|  |  |     mem-estimate=16.00MB mem-reservation=512.00KB thread-reservation=0
|  |  |     tuple-ids=46 row-size=8B cardinality=73.05K cost=10467
|  |  |     in pipelines: 44(GETNEXT)
|  |  |
|  |  43:HASH JOIN [INNER JOIN, BROADCAST]
|  |  |  hash-table-id=07
|  |  |  hash predicates: tpcds_partitioned_parquet_snap.customer_0.c_first_sales_date_sk = tpcds_partitioned_parquet_snap.date_dim_2.d_date_sk
|  |  |  fk/pk conjuncts: tpcds_partitioned_parquet_snap.customer_0.c_first_sales_date_sk = tpcds_partitioned_parquet_snap.date_dim_2.d_date_sk
|  |  |  mem-estimate=0B mem-reservation=0B spill-buffer=256.00KB thread-reservation=0
|  |  |  tuple-ids=40,42,44 row-size=49B cardinality=27.51M cost=12041917
|  |  |  in pipelines: 39(GETNEXT), 42(OPEN)
|  |  |
|  |  |--F57:PLAN FRAGMENT [RANDOM] hosts=10 instances=10
|  |  |  |  Per-Instance Resources: mem-estimate=5.32MB mem-reservation=4.75MB thread-reservation=1
|  |  |  |  max-parallelism=10 segment-costs=[170129]
|  |  |  JOIN BUILD
|  |  |  |  join-table-id=07 plan-id=08 cohort-id=03
|  |  |  |  build expressions: tpcds_partitioned_parquet_snap.date_dim_2.d_date_sk
|  |  |  |  runtime filters: RF081[min_max] <- tpcds_partitioned_parquet_snap.date_dim_2.d_date_sk
|  |  |  |  mem-estimate=4.75MB mem-reservation=4.75MB spill-buffer=256.00KB thread-reservation=0 cost=73049
|  |  |  |
|  |  |  120:EXCHANGE [BROADCAST]
|  |  |  |  mem-estimate=582.70KB mem-reservation=0B thread-reservation=0
|  |  |  |  tuple-ids=44 row-size=8B cardinality=73.05K cost=97080
|  |  |  |  in pipelines: 42(GETNEXT)
|  |  |  |
|  |  |  F40:PLAN FRAGMENT [RANDOM] hosts=1 instances=1
|  |  |  Per-Instance Resources: mem-estimate=16.05MB mem-reservation=512.00KB thread-reservation=1
|  |  |  max-parallelism=1 segment-costs=[13622]
|  |  |  42:SCAN HDFS [tpcds_partitioned_parquet_snap.date_dim, RANDOM]
|  |  |     HDFS partitions=1/1 files=1 size=2.17MB
|  |  |     predicates: tpcds_partitioned_parquet_snap.date_dim_2.d_date_sk IS NOT NULL
|  |  |     stored statistics:
|  |  |       table: rows=73.05K size=2.17MB
|  |  |       columns: all
|  |  |     extrapolated-rows=disabled max-scan-range-rows=73.05K
|  |  |     parquet dictionary predicates: tpcds_partitioned_parquet_snap.date_dim_2.d_date_sk IS NOT NULL
|  |  |     mem-estimate=16.00MB mem-reservation=512.00KB thread-reservation=0
|  |  |     tuple-ids=44 row-size=8B cardinality=73.05K cost=10467
|  |  |     in pipelines: 42(GETNEXT)
|  |  |
|  |  41:HASH JOIN [INNER JOIN, BROADCAST]
|  |  |  hash-table-id=08
|  |  |  hash predicates: tpcds_partitioned_parquet_snap.customer_0.c_current_cdemo_sk = tpcds_partitioned_parquet_snap.customer_demographics_1.cd_demo_sk
|  |  |  fk/pk conjuncts: tpcds_partitioned_parquet_snap.customer_0.c_current_cdemo_sk = tpcds_partitioned_parquet_snap.customer_demographics_1.cd_demo_sk
|  |  |  mem-estimate=0B mem-reservation=0B spill-buffer=2.00MB thread-reservation=0
|  |  |  tuple-ids=40,42 row-size=41B cardinality=27.51M cost=12129392
|  |  |  in pipelines: 39(GETNEXT), 40(OPEN)
|  |  |
|  |  |--F58:PLAN FRAGMENT [RANDOM] hosts=10 instances=10
|  |  |  |  Per-Instance Resources: mem-estimate=89.35MB mem-reservation=34.00MB thread-reservation=1
|  |  |  |  max-parallelism=10 segment-costs=[4473540]
|  |  |  JOIN BUILD
|  |  |  |  join-table-id=08 plan-id=09 cohort-id=03
|  |  |  |  build expressions: tpcds_partitioned_parquet_snap.customer_demographics_1.cd_demo_sk
|  |  |  |  runtime filters: RF083[min_max] <- tpcds_partitioned_parquet_snap.customer_demographics_1.cd_demo_sk
|  |  |  |  mem-estimate=79.14MB mem-reservation=34.00MB spill-buffer=2.00MB thread-reservation=0 cost=1920800
|  |  |  |
|  |  |  119:EXCHANGE [BROADCAST]
|  |  |  |  mem-estimate=10.21MB mem-reservation=0B thread-reservation=0
|  |  |  |  tuple-ids=42 row-size=17B cardinality=1.92M cost=2552740
|  |  |  |  in pipelines: 40(GETNEXT)
|  |  |  |
|  |  |  F39:PLAN FRAGMENT [RANDOM] hosts=10 instances=10
|  |  |  Per-Instance Resources: mem-estimate=16.08MB mem-reservation=1.00MB thread-reservation=1
|  |  |  max-parallelism=10 segment-costs=[375900]
|  |  |  40:SCAN HDFS [tpcds_partitioned_parquet_snap.customer_demographics, RANDOM]
|  |  |     HDFS partitions=1/1 files=1 size=11.15MB
|  |  |     predicates: tpcds_partitioned_parquet_snap.customer_demographics_1.cd_demo_sk IS NOT NULL, tpcds_partitioned_parquet_snap.customer_demographics_1.cd_marital_status IS NOT NULL
|  |  |     stored statistics:
|  |  |       table: rows=1.92M size=11.15MB
|  |  |       columns: all
|  |  |     extrapolated-rows=disabled max-scan-range-rows=197.97K
|  |  |     parquet dictionary predicates: tpcds_partitioned_parquet_snap.customer_demographics_1.cd_demo_sk IS NOT NULL, tpcds_partitioned_parquet_snap.customer_demographics_1.cd_marital_status IS NOT NULL
|  |  |     mem-estimate=16.00MB mem-reservation=1.00MB thread-reservation=0
|  |  |     tuple-ids=42 row-size=17B cardinality=1.92M cost=246246
|  |  |     in pipelines: 40(GETNEXT)
|  |  |
|  |  39:SCAN HDFS [tpcds_partitioned_parquet_snap.customer, RANDOM]
|  |     HDFS partitions=1/1 files=1 size=1.55GB
|  |     predicates: tpcds_partitioned_parquet_snap.customer_0.c_first_shipto_date_sk IS NOT NULL, tpcds_partitioned_parquet_snap.customer_0.c_first_sales_date_sk IS NOT NULL, tpcds_partitioned_parquet_snap.customer_0.c_current_cdemo_sk IS NOT NULL, tpcds_partitioned_parquet_snap.customer_0.c_current_hdemo_sk IS NOT NULL, tpcds_partitioned_parquet_snap.customer_0.c_current_addr_sk IS NOT NULL, tpcds_partitioned_parquet_snap.customer_0.c_customer_sk IS NOT NULL
|  |     runtime filters: RF077[min_max] -> tpcds_partitioned_parquet_snap.customer_0.c_current_hdemo_sk, RF083[min_max] -> tpcds_partitioned_parquet_snap.customer_0.c_current_cdemo_sk, RF075[min_max] -> tpcds_partitioned_parquet_snap.customer_0.c_current_addr_sk, RF079[min_max] -> tpcds_partitioned_parquet_snap.customer_0.c_first_shipto_date_sk, RF081[min_max] -> tpcds_partitioned_parquet_snap.customer_0.c_first_sales_date_sk
|  |     stored statistics:
|  |       table: rows=30.00M size=1.55GB
|  |       columns: all
|  |     extrapolated-rows=disabled max-scan-range-rows=3.10M
|  |     parquet dictionary predicates: tpcds_partitioned_parquet_snap.customer_0.c_first_shipto_date_sk IS NOT NULL, tpcds_partitioned_parquet_snap.customer_0.c_first_sales_date_sk IS NOT NULL, tpcds_partitioned_parquet_snap.customer_0.c_current_cdemo_sk IS NOT NULL, tpcds_partitioned_parquet_snap.customer_0.c_current_hdemo_sk IS NOT NULL, tpcds_partitioned_parquet_snap.customer_0.c_current_addr_sk IS NOT NULL, tpcds_partitioned_parquet_snap.customer_0.c_customer_sk IS NOT NULL
|  |     mem-estimate=16.00MB mem-reservation=1.00MB thread-reservation=0
|  |     tuple-ids=40 row-size=24B cardinality=27.85M cost=15426000
|  |     in pipelines: 39(GETNEXT)
|  |
|  73:HASH JOIN [INNER JOIN, BROADCAST]
|  |  hash-table-id=09
|  |  hash predicates: tpcds_partitioned_parquet_snap.store_sales_0.ss_addr_sk = tpcds_partitioned_parquet_snap.customer_address_2.ca_address_sk
|  |  fk/pk conjuncts: tpcds_partitioned_parquet_snap.store_sales_0.ss_addr_sk = tpcds_partitioned_parquet_snap.customer_address_2.ca_address_sk
|  |  mem-estimate=0B mem-reservation=0B spill-buffer=2.00MB thread-reservation=0
|  |  tuple-ids=54,56,58,60,62,64,66,72,73,75 row-size=299B cardinality=835.96M cost=373091196
|  |  in pipelines: 52(GETNEXT), 72(OPEN)
|  |
|  |--F59:PLAN FRAGMENT [HASH(tpcds_partitioned_parquet_snap.store_returns_0.sr_item_sk,tpcds_partitioned_parquet_snap.store_returns_0.sr_ticket_number)] hosts=10 instances=10
|  |  |  Per-Instance Resources: mem-estimate=1.47GB mem-reservation=408.00MB thread-reservation=1
|  |  |  max-parallelism=10 segment-costs=[34934990]
|  |  JOIN BUILD
|  |  |  join-table-id=09 plan-id=10 cohort-id=02
|  |  |  build expressions: tpcds_partitioned_parquet_snap.customer_address_2.ca_address_sk
|  |  |  runtime filters: RF051[min_max] <- tpcds_partitioned_parquet_snap.customer_address_2.ca_address_sk
|  |  |  mem-estimate=1.46GB mem-reservation=408.00MB spill-buffer=2.00MB thread-reservation=0 cost=15000000
|  |  |
|  |  118:EXCHANGE [BROADCAST]
|  |  |  mem-estimate=10.80MB mem-reservation=0B thread-reservation=0
|  |  |  tuple-ids=75 row-size=78B cardinality=15.00M cost=19934990
|  |  |  in pipelines: 72(GETNEXT)
|  |  |
|  |  F37:PLAN FRAGMENT [RANDOM] hosts=10 instances=10
|  |  Per-Instance Resources: mem-estimate=16.32MB mem-reservation=128.00KB thread-reservation=1
|  |  max-parallelism=10 segment-costs=[10270756]
|  |  72:SCAN HDFS [tpcds_partitioned_parquet_snap.customer_address, RANDOM]
|  |     HDFS partitions=1/1 files=1 size=307.36MB
|  |     predicates: tpcds_partitioned_parquet_snap.customer_address_2.ca_address_sk IS NOT NULL
|  |     stored statistics:
|  |       table: rows=15.00M size=307.36MB
|  |       columns: all
|  |     extrapolated-rows=disabled max-scan-range-rows=1.58M
|  |     parquet dictionary predicates: tpcds_partitioned_parquet_snap.customer_address_2.ca_address_sk IS NOT NULL
|  |     mem-estimate=16.00MB mem-reservation=128.00KB thread-reservation=0
|  |     tuple-ids=75 row-size=78B cardinality=15.00M cost=6805716
|  |     in pipelines: 72(GETNEXT)
|  |
|  71:HASH JOIN [INNER JOIN, BROADCAST]
|  |  hash-table-id=10
|  |  hash predicates: tpcds_partitioned_parquet_snap.store_sales_0.ss_store_sk = tpcds_partitioned_parquet_snap.store_0.s_store_sk
|  |  fk/pk conjuncts: tpcds_partitioned_parquet_snap.store_sales_0.ss_store_sk = tpcds_partitioned_parquet_snap.store_0.s_store_sk
|  |  mem-estimate=0B mem-reservation=0B spill-buffer=64.00KB thread-reservation=0
|  |  tuple-ids=54,56,58,60,62,64,66,72,73 row-size=221B cardinality=863.99M cost=378170002
|  |  in pipelines: 52(GETNEXT), 70(OPEN)
|  |
|  |--F60:PLAN FRAGMENT [HASH(tpcds_partitioned_parquet_snap.store_returns_0.sr_item_sk,tpcds_partitioned_parquet_snap.store_returns_0.sr_ticket_number)] hosts=10 instances=10
|  |  |  Per-Instance Resources: mem-estimate=23.34MB mem-reservation=23.25MB thread-reservation=1
|  |  |  max-parallelism=10 segment-costs=[3106]
|  |  JOIN BUILD
|  |  |  join-table-id=10 plan-id=11 cohort-id=02
|  |  |  build expressions: tpcds_partitioned_parquet_snap.store_0.s_store_sk
|  |  |  runtime filters: RF053[min_max] <- tpcds_partitioned_parquet_snap.store_0.s_store_sk
|  |  |  mem-estimate=23.25MB mem-reservation=23.25MB spill-buffer=64.00KB thread-reservation=0 cost=1336
|  |  |
|  |  117:EXCHANGE [BROADCAST]
|  |  |  mem-estimate=89.13KB mem-reservation=0B thread-reservation=0
|  |  |  tuple-ids=73 row-size=37B cardinality=1.34K cost=1770
|  |  |  in pipelines: 70(GETNEXT)
|  |  |
|  |  F36:PLAN FRAGMENT [RANDOM] hosts=1 instances=1
|  |  Per-Instance Resources: mem-estimate=16.16MB mem-reservation=24.00KB thread-reservation=1
|  |  max-parallelism=1 segment-costs=[527]
|  |  70:SCAN HDFS [tpcds_partitioned_parquet_snap.store, RANDOM]
|  |     HDFS partitions=1/1 files=1 size=119.76KB
|  |     predicates: tpcds_partitioned_parquet_snap.store_0.s_zip IS NOT NULL, tpcds_partitioned_parquet_snap.store_0.s_store_name IS NOT NULL, tpcds_partitioned_parquet_snap.store_0.s_store_sk IS NOT NULL
|  |     stored statistics:
|  |       table: rows=1.35K size=119.76KB
|  |       columns: all
|  |     extrapolated-rows=disabled max-scan-range-rows=1.35K
|  |     parquet dictionary predicates: tpcds_partitioned_parquet_snap.store_0.s_zip IS NOT NULL, tpcds_partitioned_parquet_snap.store_0.s_store_name IS NOT NULL, tpcds_partitioned_parquet_snap.store_0.s_store_sk IS NOT NULL
|  |     mem-estimate=16.00MB mem-reservation=24.00KB thread-reservation=0
|  |     tuple-ids=73 row-size=37B cardinality=1.34K cost=365
|  |     in pipelines: 70(GETNEXT)
|  |
|  69:HASH JOIN [INNER JOIN, BROADCAST]
|  |  hash-table-id=11
|  |  hash predicates: tpcds_partitioned_parquet_snap.store_sales_0.ss_item_sk = tpcds_partitioned_parquet_snap.catalog_sales_0.cs_item_sk
|  |  fk/pk conjuncts: none
|  |  mem-estimate=0B mem-reservation=0B spill-buffer=128.00KB thread-reservation=0
|  |  tuple-ids=54,56,58,60,62,64,66,72 row-size=184B cardinality=863.99M cost=157333400
|  |  in pipelines: 52(GETNEXT), 115(OPEN)
|  |
|  |--F61:PLAN FRAGMENT [HASH(tpcds_partitioned_parquet_snap.store_returns_0.sr_item_sk,tpcds_partitioned_parquet_snap.store_returns_0.sr_ticket_number)] hosts=10 instances=10
|  |  |  Per-Instance Resources: mem-estimate=36.13MB mem-reservation=34.50MB thread-reservation=1
|  |  |  max-parallelism=10 segment-costs=[83878] cpu-comparison-result=240 [max(10 (self) vs 240 (sum children))]
|  |  JOIN BUILD
|  |  |  join-table-id=11 plan-id=12 cohort-id=02
|  |  |  build expressions: tpcds_partitioned_parquet_snap.catalog_sales_0.cs_item_sk
|  |  |  runtime filters: RF055[min_max] <- tpcds_partitioned_parquet_snap.catalog_sales_0.cs_item_sk
|  |  |  mem-estimate=34.50MB mem-reservation=34.50MB spill-buffer=128.00KB thread-reservation=0 cost=36018
|  |  |
|  |  116:EXCHANGE [BROADCAST]
|  |  |  mem-estimate=1.63MB mem-reservation=0B thread-reservation=0
|  |  |  tuple-ids=72 row-size=36B cardinality=36.02K cost=47860
|  |  |  in pipelines: 115(GETNEXT)
|  |  |
|  |  F35:PLAN FRAGMENT [HASH(tpcds_partitioned_parquet_snap.catalog_sales_0.cs_item_sk)] hosts=10 instances=10 (adjusted from 120)
|  |  Per-Instance Resources: mem-estimate=24.69MB mem-reservation=2.88MB thread-reservation=1
|  |  max-parallelism=10 segment-costs=[28566307, 4278] cpu-comparison-result=240 [max(10 (self) vs 240 (sum children))]
|  |  115:AGGREGATE [FINALIZE]
|  |  |  output: sum:merge(tpcds_partitioned_parquet_snap.catalog_sales_0.cs_ext_list_price), sum:merge(add(add(tpcds_partitioned_parquet_snap.catalog_returns_0.cr_refunded_cash, tpcds_partitioned_parquet_snap.catalog_returns_0.cr_reversed_charge), tpcds_partitioned_parquet_snap.catalog_returns_0.cr_store_credit))
|  |  |  group by: tpcds_partitioned_parquet_snap.catalog_sales_0.cs_item_sk
|  |  |  having: sum(tpcds_partitioned_parquet_snap.catalog_sales_0.cs_ext_list_price) > multiply(CAST(2 AS DECIMAL(3,0)), sum(add(add(tpcds_partitioned_parquet_snap.catalog_returns_0.cr_refunded_cash, tpcds_partitioned_parquet_snap.catalog_returns_0.cr_reversed_charge), tpcds_partitioned_parquet_snap.catalog_returns_0.cr_store_credit)))
|  |  |  mem-estimate=10.00MB mem-reservation=2.88MB spill-buffer=128.00KB thread-reservation=0
|  |  |  tuple-ids=72 row-size=36B cardinality=36.02K cost=16606891
|  |  |  in pipelines: 115(GETNEXT), 65(OPEN)
|  |  |
|  |  114:EXCHANGE [HASH(tpcds_partitioned_parquet_snap.catalog_sales_0.cs_item_sk)]
|  |  |  mem-estimate=14.69MB mem-reservation=0B thread-reservation=0
|  |  |  tuple-ids=72 row-size=36B cardinality=43.22M cost=11959416
|  |  |  in pipelines: 65(GETNEXT)
|  |  |
|  |  F34:PLAN FRAGMENT [HASH(tpcds_partitioned_parquet_snap.catalog_sales_0.cs_item_sk,tpcds_partitioned_parquet_snap.catalog_sales_0.cs_order_number)] hosts=10 instances=120
|  |  Per-Instance Resources: mem-estimate=23.91MB mem-reservation=2.00MB thread-reservation=1
|  |  max-parallelism=330 segment-costs=[3269691390, 122472725] cpu-comparison-result=240 [max(240 (self) vs 230 (sum children))]
|  |  68:AGGREGATE [STREAMING]
|  |  |  output: sum(tpcds_partitioned_parquet_snap.catalog_sales_0.cs_ext_list_price), sum(add(add(tpcds_partitioned_parquet_snap.catalog_returns_0.cr_refunded_cash, tpcds_partitioned_parquet_snap.catalog_returns_0.cr_reversed_charge), tpcds_partitioned_parquet_snap.catalog_returns_0.cr_store_credit))
|  |  |  group by: tpcds_partitioned_parquet_snap.catalog_sales_0.cs_item_sk
|  |  |  mem-estimate=10.00MB mem-reservation=2.00MB spill-buffer=64.00KB thread-reservation=0
|  |  |  tuple-ids=72 row-size=36B cardinality=43.22M cost=1040366503
|  |  |  in pipelines: 65(GETNEXT)
|  |  |
|  |  67:HASH JOIN [INNER JOIN, PARTITIONED]
|  |  |  hash-table-id=12
|  |  |  hash predicates: tpcds_partitioned_parquet_snap.catalog_sales_0.cs_item_sk = tpcds_partitioned_parquet_snap.catalog_returns_0.cr_item_sk, tpcds_partitioned_parquet_snap.catalog_sales_0.cs_order_number = tpcds_partitioned_parquet_snap.catalog_returns_0.cr_order_number
|  |  |  fk/pk conjuncts: tpcds_partitioned_parquet_snap.catalog_sales_0.cs_item_sk = tpcds_partitioned_parquet_snap.catalog_returns_0.cr_item_sk, tpcds_partitioned_parquet_snap.catalog_sales_0.cs_order_number = tpcds_partitioned_parquet_snap.catalog_returns_0.cr_order_number
|  |  |  mem-estimate=0B mem-reservation=0B spill-buffer=2.00MB thread-reservation=0
|  |  |  tuple-ids=68,70 row-size=40B cardinality=2.56G cost=1490184428
|  |  |  in pipelines: 65(GETNEXT), 66(OPEN)
|  |  |
|  |  |--F62:PLAN FRAGMENT [HASH(tpcds_partitioned_parquet_snap.catalog_sales_0.cs_item_sk,tpcds_partitioned_parquet_snap.catalog_sales_0.cs_order_number)] hosts=10 instances=120
|  |  |  |  Per-Instance Resources: mem-estimate=197.81MB mem-reservation=34.00MB thread-reservation=1
|  |  |  |  max-parallelism=330 segment-costs=[527708754]
|  |  |  JOIN BUILD
|  |  |  |  join-table-id=12 plan-id=13 cohort-id=05
|  |  |  |  build expressions: tpcds_partitioned_parquet_snap.catalog_returns_0.cr_item_sk, tpcds_partitioned_parquet_snap.catalog_returns_0.cr_order_number
|  |  |  |  runtime filters: RF072[min_max] <- tpcds_partitioned_parquet_snap.catalog_returns_0.cr_item_sk, RF073[min_max] <- tpcds_partitioned_parquet_snap.catalog_returns_0.cr_order_number
|  |  |  |  mem-estimate=184.80MB mem-reservation=34.00MB spill-buffer=2.00MB thread-reservation=0 cost=432016991
|  |  |  |
|  |  |  113:EXCHANGE [HASH(tpcds_partitioned_parquet_snap.catalog_returns_0.cr_item_sk,tpcds_partitioned_parquet_snap.catalog_returns_0.cr_order_number)]
|  |  |  |  mem-estimate=13.01MB mem-reservation=0B thread-reservation=0
|  |  |  |  tuple-ids=70 row-size=24B cardinality=432.02M cost=95691763
|  |  |  |  in pipelines: 66(GETNEXT)
|  |  |  |
|  |  |  F33:PLAN FRAGMENT [RANDOM] hosts=10 instances=110 (adjusted from 120)
|  |  |  Per-Instance Resources: mem-estimate=29.12MB mem-reservation=40.00KB thread-reservation=1
|  |  |  max-parallelism=110 segment-costs=[1063885041]
|  |  |  66:SCAN HDFS [tpcds_partitioned_parquet_snap.catalog_returns, RANDOM]
|  |  |     HDFS partitions=2060/2060 files=2060 size=32.77GB
|  |  |     predicates: tpcds_partitioned_parquet_snap.catalog_returns_0.cr_item_sk IS NOT NULL, tpcds_partitioned_parquet_snap.catalog_returns_0.cr_order_number IS NOT NULL
|  |  |     stored statistics:
|  |  |       table: rows=432.02M size=32.77GB
|  |  |       partitions: 2060/2060 rows=432.02M
|  |  |       columns: all
|  |  |     extrapolated-rows=disabled max-scan-range-rows=416.82K
|  |  |     parquet dictionary predicates: tpcds_partitioned_parquet_snap.catalog_returns_0.cr_item_sk IS NOT NULL, tpcds_partitioned_parquet_snap.catalog_returns_0.cr_order_number IS NOT NULL
|  |  |     mem-estimate=16.00MB mem-reservation=40.00KB thread-reservation=0
|  |  |     tuple-ids=70 row-size=24B cardinality=432.02M cost=173584426
|  |  |     in pipelines: 66(GETNEXT)
|  |  |
|  |  112:EXCHANGE [HASH(tpcds_partitioned_parquet_snap.catalog_sales_0.cs_item_sk,tpcds_partitioned_parquet_snap.catalog_sales_0.cs_order_number)]
|  |  |  mem-estimate=12.34MB mem-reservation=0B thread-reservation=0
|  |  |  tuple-ids=68 row-size=16B cardinality=4.00G(filtered from 4.32G) cost=739140459
|  |  |  in pipelines: 65(GETNEXT)
|  |  |
|  |  F32:PLAN FRAGMENT [RANDOM] hosts=10 instances=120
|  |  Per-Instance Resources: mem-estimate=25.38MB mem-reservation=1.00MB thread-reservation=1
|  |  max-parallelism=750 segment-costs=[7423383372]
|  |  65:SCAN HDFS [tpcds_partitioned_parquet_snap.catalog_sales, RANDOM]
|  |     HDFS partitions=1831/1831 files=1831 size=280.96GB
|  |     predicates: tpcds_partitioned_parquet_snap.catalog_sales_0.cs_item_sk IS NOT NULL, tpcds_partitioned_parquet_snap.catalog_sales_0.cs_order_number IS NOT NULL
|  |     runtime filters: RF072[min_max] -> tpcds_partitioned_parquet_snap.catalog_sales_0.cs_item_sk, RF073[min_max] -> tpcds_partitioned_parquet_snap.catalog_sales_0.cs_order_number
|  |     stored statistics:
|  |       table: rows=4.32G size=280.96GB
|  |       partitions: 1831/1831 rows=4.32G
|  |       columns: all
|  |     extrapolated-rows=disabled max-scan-range-rows=21.52M
|  |     parquet dictionary predicates: tpcds_partitioned_parquet_snap.catalog_sales_0.cs_item_sk IS NOT NULL, tpcds_partitioned_parquet_snap.catalog_sales_0.cs_order_number IS NOT NULL
|  |     mem-estimate=16.00MB mem-reservation=1.00MB thread-reservation=0
|  |     tuple-ids=68 row-size=16B cardinality=4.00G(filtered from 4.32G) cost=1238134348
|  |     in pipelines: 65(GETNEXT)
|  |
|  64:HASH JOIN [INNER JOIN, BROADCAST]
|  |  hash-table-id=13
|  |  hash predicates: tpcds_partitioned_parquet_snap.store_sales_0.ss_hdemo_sk = tpcds_partitioned_parquet_snap.household_demographics_2.hd_demo_sk
|  |  fk/pk conjuncts: tpcds_partitioned_parquet_snap.store_sales_0.ss_hdemo_sk = tpcds_partitioned_parquet_snap.household_demographics_2.hd_demo_sk
|  |  mem-estimate=0B mem-reservation=0B spill-buffer=64.00KB thread-reservation=0
|  |  tuple-ids=54,56,58,60,62,64,66 row-size=148B cardinality=3.03M cost=1346203
|  |  in pipelines: 52(GETNEXT), 61(OPEN)
|  |
|  |--F63:PLAN FRAGMENT [HASH(tpcds_partitioned_parquet_snap.store_returns_0.sr_item_sk,tpcds_partitioned_parquet_snap.store_returns_0.sr_ticket_number)] hosts=10 instances=10
|  |  |  Per-Instance Resources: mem-estimate=23.35MB mem-reservation=23.25MB thread-reservation=1
|  |  |  max-parallelism=10 segment-costs=[16760] cpu-comparison-result=11 [max(11 (self) vs 2 (sum children))]
|  |  JOIN BUILD
|  |  |  join-table-id=13 plan-id=14 cohort-id=02
|  |  |  build expressions: tpcds_partitioned_parquet_snap.household_demographics_2.hd_demo_sk
|  |  |  runtime filters: RF057[min_max] <- tpcds_partitioned_parquet_snap.household_demographics_2.hd_demo_sk
|  |  |  mem-estimate=23.25MB mem-reservation=23.25MB spill-buffer=64.00KB thread-reservation=0 cost=7200
|  |  |
|  |  111:EXCHANGE [BROADCAST]
|  |  |  mem-estimate=104.38KB mem-reservation=0B thread-reservation=0
|  |  |  tuple-ids=64,66 row-size=12B cardinality=7.20K cost=9560
|  |  |  in pipelines: 61(GETNEXT)
|  |  |
|  |  F30:PLAN FRAGMENT [RANDOM] hosts=1 instances=1
|  |  Per-Instance Resources: mem-estimate=16.08MB mem-reservation=64.00KB thread-reservation=1
|  |  max-parallelism=1 segment-costs=[4929]
|  |  63:HASH JOIN [INNER JOIN, BROADCAST]
|  |  |  hash-table-id=14
|  |  |  hash predicates: tpcds_partitioned_parquet_snap.household_demographics_2.hd_income_band_sk = tpcds_partitioned_parquet_snap.income_band_2.ib_income_band_sk
|  |  |  fk/pk conjuncts: tpcds_partitioned_parquet_snap.household_demographics_2.hd_income_band_sk = tpcds_partitioned_parquet_snap.income_band_2.ib_income_band_sk
|  |  |  mem-estimate=0B mem-reservation=0B spill-buffer=64.00KB thread-reservation=0
|  |  |  tuple-ids=64,66 row-size=12B cardinality=7.20K cost=3151
|  |  |  in pipelines: 61(GETNEXT), 62(OPEN)
|  |  |
|  |  |--F64:PLAN FRAGMENT [RANDOM] hosts=1 instances=1
|  |  |  |  Per-Instance Resources: mem-estimate=1.95MB mem-reservation=1.94MB thread-reservation=1
|  |  |  |  max-parallelism=1 segment-costs=[22]
|  |  |  JOIN BUILD
|  |  |  |  join-table-id=14 plan-id=15 cohort-id=06
|  |  |  |  build expressions: tpcds_partitioned_parquet_snap.income_band_2.ib_income_band_sk
|  |  |  |  runtime filters: RF069[min_max] <- tpcds_partitioned_parquet_snap.income_band_2.ib_income_band_sk
|  |  |  |  mem-estimate=1.94MB mem-reservation=1.94MB spill-buffer=64.00KB thread-reservation=0 cost=20
|  |  |  |
|  |  |  110:EXCHANGE [BROADCAST]
|  |  |  |  mem-estimate=16.00KB mem-reservation=0B thread-reservation=0
|  |  |  |  tuple-ids=66 row-size=4B cardinality=20 cost=2
|  |  |  |  in pipelines: 62(GETNEXT)
|  |  |  |
|  |  |  F31:PLAN FRAGMENT [RANDOM] hosts=1 instances=1
|  |  |  Per-Instance Resources: mem-estimate=16.03MB mem-reservation=8.00KB thread-reservation=1
|  |  |  max-parallelism=1 segment-costs=[1]
|  |  |  62:SCAN HDFS [tpcds_partitioned_parquet_snap.income_band, RANDOM]
|  |  |     HDFS partitions=1/1 files=1 size=1.22KB
|  |  |     predicates: tpcds_partitioned_parquet_snap.income_band_2.ib_income_band_sk IS NOT NULL
|  |  |     stored statistics:
|  |  |       table: rows=20 size=1.22KB
|  |  |       columns: all
|  |  |     extrapolated-rows=disabled max-scan-range-rows=20
|  |  |     parquet dictionary predicates: tpcds_partitioned_parquet_snap.income_band_2.ib_income_band_sk IS NOT NULL
|  |  |     mem-estimate=16.00MB mem-reservation=8.00KB thread-reservation=0
|  |  |     tuple-ids=66 row-size=4B cardinality=20 cost=1
|  |  |     in pipelines: 62(GETNEXT)
|  |  |
|  |  61:SCAN HDFS [tpcds_partitioned_parquet_snap.household_demographics, RANDOM]
|  |     HDFS partitions=1/1 files=1 size=41.69KB
|  |     predicates: tpcds_partitioned_parquet_snap.household_demographics_2.hd_demo_sk IS NOT NULL, tpcds_partitioned_parquet_snap.household_demographics_2.hd_income_band_sk IS NOT NULL
|  |     runtime filters: RF069[min_max] -> tpcds_partitioned_parquet_snap.household_demographics_2.hd_income_band_sk
|  |     stored statistics:
|  |       table: rows=7.20K size=41.69KB
|  |       columns: all
|  |     extrapolated-rows=disabled max-scan-range-rows=7.20K
|  |     parquet dictionary predicates: tpcds_partitioned_parquet_snap.household_demographics_2.hd_demo_sk IS NOT NULL, tpcds_partitioned_parquet_snap.household_demographics_2.hd_income_band_sk IS NOT NULL
|  |     mem-estimate=16.00MB mem-reservation=64.00KB thread-reservation=0
|  |     tuple-ids=64 row-size=8B cardinality=7.20K cost=1234
|  |     in pipelines: 61(GETNEXT)
|  |
|  60:HASH JOIN [INNER JOIN, PARTITIONED]
|  |  hash-table-id=15
|  |  hash predicates: tpcds_partitioned_parquet_snap.store_returns_0.sr_item_sk = tpcds_partitioned_parquet_snap.store_sales_0.ss_item_sk, tpcds_partitioned_parquet_snap.store_returns_0.sr_ticket_number = tpcds_partitioned_parquet_snap.store_sales_0.ss_ticket_number
|  |  fk/pk conjuncts: tpcds_partitioned_parquet_snap.store_returns_0.sr_item_sk = tpcds_partitioned_parquet_snap.store_sales_0.ss_item_sk, tpcds_partitioned_parquet_snap.store_returns_0.sr_ticket_number = tpcds_partitioned_parquet_snap.store_sales_0.ss_ticket_number
|  |  mem-estimate=0B mem-reservation=0B spill-buffer=2.00MB thread-reservation=0
|  |  tuple-ids=54,56,58,60,62 row-size=136B cardinality=3.11M cost=14728555
|  |  in pipelines: 52(GETNEXT), 53(OPEN)
|  |
|  |--F65:PLAN FRAGMENT [HASH(tpcds_partitioned_parquet_snap.store_returns_0.sr_item_sk,tpcds_partitioned_parquet_snap.store_returns_0.sr_ticket_number)] hosts=10 instances=120
|  |  |  Per-Instance Resources: mem-estimate=80.50MB mem-reservation=51.00MB thread-reservation=1 runtime-filters-memory=17.00MB
|  |  |  max-parallelism=1550 segment-costs=[55695617] cpu-comparison-result=240 [max(240 (self) vs 36 (sum children))]
|  |  JOIN BUILD
|  |  |  join-table-id=15 plan-id=16 cohort-id=02
|  |  |  build expressions: tpcds_partitioned_parquet_snap.store_sales_0.ss_item_sk, tpcds_partitioned_parquet_snap.store_sales_0.ss_ticket_number
|  |  |  runtime filters: RF058[bloom] <- tpcds_partitioned_parquet_snap.store_sales_0.ss_item_sk, RF059[bloom] <- tpcds_partitioned_parquet_snap.store_sales_0.ss_ticket_number, RF060[min_max] <- tpcds_partitioned_parquet_snap.store_sales_0.ss_item_sk, RF061[min_max] <- tpcds_partitioned_parquet_snap.store_sales_0.ss_ticket_number
|  |  |  mem-estimate=37.07MB mem-reservation=34.00MB spill-buffer=2.00MB thread-reservation=0 cost=31063332
|  |  |
|  |  109:EXCHANGE [HASH(tpcds_partitioned_parquet_snap.store_sales_0.ss_item_sk,tpcds_partitioned_parquet_snap.store_sales_0.ss_ticket_number)]
|  |  |  mem-estimate=26.43MB mem-reservation=0B thread-reservation=0
|  |  |  tuple-ids=56,58,60,62 row-size=124B cardinality=31.06M cost=24632285
|  |  |  in pipelines: 53(GETNEXT)
|  |  |
|  |  F25:PLAN FRAGMENT [RANDOM] hosts=10 instances=120
|  |  Per-Host Shared Resources: mem-estimate=2.00MB mem-reservation=2.00MB thread-reservation=0 runtime-filters-memory=2.00MB
|  |  Per-Instance Resources: mem-estimate=81.73MB mem-reservation=512.00KB thread-reservation=1
|  |  max-parallelism=370 segment-costs=[3699964557]
|  |  59:HASH JOIN [INNER JOIN, BROADCAST]
|  |  |  hash-table-id=16
|  |  |  hash predicates: tpcds_partitioned_parquet_snap.store_sales_0.ss_item_sk = tpcds_partitioned_parquet_snap.item_0.i_item_sk
|  |  |  fk/pk conjuncts: tpcds_partitioned_parquet_snap.store_sales_0.ss_item_sk = tpcds_partitioned_parquet_snap.item_0.i_item_sk
|  |  |  mem-estimate=0B mem-reservation=0B spill-buffer=64.00KB thread-reservation=0
|  |  |  tuple-ids=56,58,60,62 row-size=124B cardinality=31.06M cost=49244553
|  |  |  in pipelines: 53(GETNEXT), 58(OPEN)
|  |  |
|  |  |--F66:PLAN FRAGMENT [RANDOM] hosts=10 instances=10
|  |  |  |  Per-Instance Resources: mem-estimate=24.93MB mem-reservation=24.25MB thread-reservation=1 runtime-filters-memory=1.00MB
|  |  |  |  max-parallelism=10 segment-costs=[17284]
|  |  |  JOIN BUILD
|  |  |  |  join-table-id=16 plan-id=17 cohort-id=07
|  |  |  |  build expressions: tpcds_partitioned_parquet_snap.item_0.i_item_sk
|  |  |  |  runtime filters: RF062[bloom] <- tpcds_partitioned_parquet_snap.item_0.i_item_sk, RF063[min_max] <- tpcds_partitioned_parquet_snap.item_0.i_item_sk
|  |  |  |  mem-estimate=23.25MB mem-reservation=23.25MB spill-buffer=64.00KB thread-reservation=0 cost=7424
|  |  |  |
|  |  |  107:EXCHANGE [BROADCAST]
|  |  |  |  mem-estimate=693.62KB mem-reservation=0B thread-reservation=0
|  |  |  |  tuple-ids=62 row-size=60B cardinality=7.42K cost=9860
|  |  |  |  in pipelines: 58(GETNEXT)
|  |  |  |
|  |  |  F28:PLAN FRAGMENT [RANDOM] hosts=4 instances=4
|  |  |  Per-Instance Resources: mem-estimate=16.25MB mem-reservation=512.00KB thread-reservation=1
|  |  |  max-parallelism=4 segment-costs=[229660]
|  |  |  58:SCAN HDFS [tpcds_partitioned_parquet_snap.item, RANDOM]
|  |  |     HDFS partitions=1/1 files=1 size=33.54MB
|  |  |     predicates: tpcds_partitioned_parquet_snap.item_0.i_color IN ('almond', 'chocolate', 'drab', 'misty', 'peach', 'saddle'), tpcds_partitioned_parquet_snap.item_0.i_current_price <= CAST(85 AS DECIMAL(5,0)), tpcds_partitioned_parquet_snap.item_0.i_current_price >= CAST(76 AS DECIMAL(5,0)), tpcds_partitioned_parquet_snap.item_0.i_item_sk IS NOT NULL
|  |  |     runtime filters: RF055[min_max] -> tpcds_partitioned_parquet_snap.item_0.i_item_sk
|  |  |     stored statistics:
|  |  |       table: rows=360.00K size=33.54MB
|  |  |       columns: all
|  |  |     extrapolated-rows=disabled max-scan-range-rows=101.54K
|  |  |     parquet statistics predicates: tpcds_partitioned_parquet_snap.item_0.i_color IN ('almond', 'chocolate', 'drab', 'misty', 'peach', 'saddle'), tpcds_partitioned_parquet_snap.item_0.i_current_price <= CAST(85 AS DECIMAL(5,0)), tpcds_partitioned_parquet_snap.item_0.i_current_price >= CAST(76 AS DECIMAL(5,0))
|  |  |     parquet dictionary predicates: tpcds_partitioned_parquet_snap.item_0.i_color IN ('almond', 'chocolate', 'drab', 'misty', 'peach', 'saddle'), tpcds_partitioned_parquet_snap.item_0.i_current_price <= CAST(85 AS DECIMAL(5,0)), tpcds_partitioned_parquet_snap.item_0.i_current_price >= CAST(76 AS DECIMAL(5,0)), tpcds_partitioned_parquet_snap.item_0.i_item_sk IS NOT NULL
|  |  |     mem-estimate=16.00MB mem-reservation=512.00KB thread-reservation=0
|  |  |     tuple-ids=62 row-size=60B cardinality=7.42K cost=228293
|  |  |     in pipelines: 58(GETNEXT)
|  |  |
|  |  57:HASH JOIN [INNER JOIN, BROADCAST]
|  |  |  hash-table-id=17
|  |  |  hash predicates: tpcds_partitioned_parquet_snap.store_sales_0.ss_sold_date_sk = tpcds_partitioned_parquet_snap.date_dim_4.d_date_sk
|  |  |  fk/pk conjuncts: tpcds_partitioned_parquet_snap.store_sales_0.ss_sold_date_sk = tpcds_partitioned_parquet_snap.date_dim_4.d_date_sk
|  |  |  mem-estimate=0B mem-reservation=0B spill-buffer=64.00KB thread-reservation=0
|  |  |  tuple-ids=56,58,60 row-size=64B cardinality=170.04M(filtered from 1.51G) cost=316694600
|  |  |  in pipelines: 53(GETNEXT), 56(OPEN)
|  |  |
|  |  |--F67:PLAN FRAGMENT [RANDOM] hosts=10 instances=10
|  |  |  |  Per-Instance Resources: mem-estimate=24.27MB mem-reservation=24.25MB thread-reservation=1 runtime-filters-memory=1.00MB
|  |  |  |  max-parallelism=10 segment-costs=[863]
|  |  |  JOIN BUILD
|  |  |  |  join-table-id=17 plan-id=18 cohort-id=07
|  |  |  |  build expressions: tpcds_partitioned_parquet_snap.date_dim_4.d_date_sk
|  |  |  |  runtime filters: RF064[bloom] <- tpcds_partitioned_parquet_snap.date_dim_4.d_date_sk
|  |  |  |  mem-estimate=23.25MB mem-reservation=23.25MB spill-buffer=64.00KB thread-reservation=0 cost=373
|  |  |  |
|  |  |  106:EXCHANGE [BROADCAST]
|  |  |  |  mem-estimate=16.00KB mem-reservation=0B thread-reservation=0
|  |  |  |  tuple-ids=60 row-size=8B cardinality=373 cost=490
|  |  |  |  in pipelines: 56(GETNEXT)
|  |  |  |
|  |  |  F27:PLAN FRAGMENT [RANDOM] hosts=1 instances=1
|  |  |  Per-Instance Resources: mem-estimate=16.05MB mem-reservation=512.00KB thread-reservation=1
|  |  |  max-parallelism=1 segment-costs=[12536]
|  |  |  56:SCAN HDFS [tpcds_partitioned_parquet_snap.date_dim, RANDOM]
|  |  |     HDFS partitions=1/1 files=1 size=2.17MB
|  |  |     predicates: tpcds_partitioned_parquet_snap.date_dim_4.d_year = CAST(2001 AS INT), tpcds_partitioned_parquet_snap.date_dim_4.d_date_sk IS NOT NULL
|  |  |     stored statistics:
|  |  |       table: rows=73.05K size=2.17MB
|  |  |       columns: all
|  |  |     extrapolated-rows=disabled max-scan-range-rows=73.05K
|  |  |     parquet statistics predicates: tpcds_partitioned_parquet_snap.date_dim_4.d_year = CAST(2001 AS INT)
|  |  |     parquet dictionary predicates: tpcds_partitioned_parquet_snap.date_dim_4.d_year = CAST(2001 AS INT), tpcds_partitioned_parquet_snap.date_dim_4.d_date_sk IS NOT NULL
|  |  |     mem-estimate=16.00MB mem-reservation=512.00KB thread-reservation=0
|  |  |     tuple-ids=60 row-size=8B cardinality=373 cost=12520
|  |  |     in pipelines: 56(GETNEXT)
|  |  |
|  |  55:HASH JOIN [INNER JOIN, BROADCAST]
|  |  |  hash-table-id=18
|  |  |  hash predicates: tpcds_partitioned_parquet_snap.store_sales_0.ss_promo_sk = tpcds_partitioned_parquet_snap.promotion_0.p_promo_sk
|  |  |  fk/pk conjuncts: tpcds_partitioned_parquet_snap.store_sales_0.ss_promo_sk = tpcds_partitioned_parquet_snap.promotion_0.p_promo_sk
|  |  |  mem-estimate=0B mem-reservation=0B spill-buffer=64.00KB thread-reservation=0
|  |  |  tuple-ids=56,58 row-size=56B cardinality=170.04M(filtered from 7.37G) cost=1378992792
|  |  |  in pipelines: 53(GETNEXT), 54(OPEN)
|  |  |
|  |  |--F68:PLAN FRAGMENT [RANDOM] hosts=10 instances=10
|  |  |  |  Per-Instance Resources: mem-estimate=23.27MB mem-reservation=23.25MB thread-reservation=1
|  |  |  |  max-parallelism=10 segment-costs=[4190]
|  |  |  JOIN BUILD
|  |  |  |  join-table-id=18 plan-id=19 cohort-id=07
|  |  |  |  build expressions: tpcds_partitioned_parquet_snap.promotion_0.p_promo_sk
|  |  |  |  runtime filters: RF067[min_max] <- tpcds_partitioned_parquet_snap.promotion_0.p_promo_sk
|  |  |  |  mem-estimate=23.25MB mem-reservation=23.25MB spill-buffer=64.00KB thread-reservation=0 cost=1800
|  |  |  |
|  |  |  105:EXCHANGE [BROADCAST]
|  |  |  |  mem-estimate=16.00KB mem-reservation=0B thread-reservation=0
|  |  |  |  tuple-ids=58 row-size=4B cardinality=1.80K cost=2390
|  |  |  |  in pipelines: 54(GETNEXT)
|  |  |  |
|  |  |  F26:PLAN FRAGMENT [RANDOM] hosts=1 instances=1
|  |  |  Per-Instance Resources: mem-estimate=16.03MB mem-reservation=32.00KB thread-reservation=1
|  |  |  max-parallelism=1 segment-costs=[212]
|  |  |  54:SCAN HDFS [tpcds_partitioned_parquet_snap.promotion, RANDOM]
|  |  |     HDFS partitions=1/1 files=1 size=100.50KB
|  |  |     predicates: tpcds_partitioned_parquet_snap.promotion_0.p_promo_sk IS NOT NULL
|  |  |     stored statistics:
|  |  |       table: rows=1.80K size=100.50KB
|  |  |       columns: all
|  |  |     extrapolated-rows=disabled max-scan-range-rows=1.80K
|  |  |     parquet dictionary predicates: tpcds_partitioned_parquet_snap.promotion_0.p_promo_sk IS NOT NULL
|  |  |     mem-estimate=16.00MB mem-reservation=32.00KB thread-reservation=0
|  |  |     tuple-ids=58 row-size=4B cardinality=1.80K cost=154
|  |  |     in pipelines: 54(GETNEXT)
|  |  |
|  |  53:SCAN HDFS [tpcds_partitioned_parquet_snap.store_sales, RANDOM]
|  |     partition predicates: tpcds_partitioned_parquet_snap.store_sales_0.ss_sold_date_sk IS NOT NULL
|  |     HDFS partitions=1823/1824 files=1823 size=389.69GB
|  |     predicates: tpcds_partitioned_parquet_snap.store_sales_0.ss_customer_sk IS NOT NULL, tpcds_partitioned_parquet_snap.store_sales_0.ss_cdemo_sk IS NOT NULL, tpcds_partitioned_parquet_snap.store_sales_0.ss_promo_sk IS NOT NULL, tpcds_partitioned_parquet_snap.store_sales_0.ss_hdemo_sk IS NOT NULL, tpcds_partitioned_parquet_snap.store_sales_0.ss_addr_sk IS NOT NULL, tpcds_partitioned_parquet_snap.store_sales_0.ss_store_sk IS NOT NULL, tpcds_partitioned_parquet_snap.store_sales_0.ss_item_sk IS NOT NULL, tpcds_partitioned_parquet_snap.store_sales_0.ss_ticket_number IS NOT NULL
|  |     runtime filters: RF063[min_max] -> tpcds_partitioned_parquet_snap.store_sales_0.ss_item_sk, RF051[min_max] -> tpcds_partitioned_parquet_snap.store_sales_0.ss_addr_sk, RF057[min_max] -> tpcds_partitioned_parquet_snap.store_sales_0.ss_hdemo_sk, RF047[min_max] -> tpcds_partitioned_parquet_snap.store_sales_0.ss_cdemo_sk, RF049[min_max] -> tpcds_partitioned_parquet_snap.store_sales_0.ss_customer_sk, RF053[min_max] -> tpcds_partitioned_parquet_snap.store_sales_0.ss_store_sk, RF067[min_max] -> tpcds_partitioned_parquet_snap.store_sales_0.ss_promo_sk, RF055[min_max] -> tpcds_partitioned_parquet_snap.store_sales_0.ss_item_sk, RF062[bloom] -> tpcds_partitioned_parquet_snap.store_sales_0.ss_item_sk, RF064[bloom] -> tpcds_partitioned_parquet_snap.store_sales_0.ss_sold_date_sk
|  |     stored statistics:
|  |       table: rows=8.64G size=389.90GB
|  |       partitions: 1823/1823 rows=8.25G
|  |       columns: all
|  |     extrapolated-rows=disabled max-scan-range-rows=12.24M est-scan-range=373(filtered from 1823)
|  |     parquet dictionary predicates: tpcds_partitioned_parquet_snap.store_sales_0.ss_customer_sk IS NOT NULL, tpcds_partitioned_parquet_snap.store_sales_0.ss_cdemo_sk IS NOT NULL, tpcds_partitioned_parquet_snap.store_sales_0.ss_promo_sk IS NOT NULL, tpcds_partitioned_parquet_snap.store_sales_0.ss_hdemo_sk IS NOT NULL, tpcds_partitioned_parquet_snap.store_sales_0.ss_addr_sk IS NOT NULL, tpcds_partitioned_parquet_snap.store_sales_0.ss_store_sk IS NOT NULL, tpcds_partitioned_parquet_snap.store_sales_0.ss_item_sk IS NOT NULL, tpcds_partitioned_parquet_snap.store_sales_0.ss_ticket_number IS NOT NULL
|  |     mem-estimate=16.00MB mem-reservation=512.00KB thread-reservation=0
|  |     tuple-ids=56 row-size=52B cardinality=170.04M(filtered from 7.37G) cost=1642492694
|  |     in pipelines: 53(GETNEXT)
|  |
|  108:EXCHANGE [HASH(tpcds_partitioned_parquet_snap.store_returns_0.sr_item_sk,tpcds_partitioned_parquet_snap.store_returns_0.sr_ticket_number)]
|  |  mem-estimate=10.47MB mem-reservation=0B thread-reservation=0
|  |  tuple-ids=54 row-size=12B cardinality=55.23M(filtered from 863.99M) cost=9184227
|  |  in pipelines: 52(GETNEXT)
|  |
|  F24:PLAN FRAGMENT [RANDOM] hosts=10 instances=30 (adjusted from 120)
|  Per-Host Shared Resources: mem-estimate=17.00MB mem-reservation=17.00MB thread-reservation=0 runtime-filters-memory=17.00MB
|  Per-Instance Resources: mem-estimate=23.50MB mem-reservation=512.00KB thread-reservation=1
|  max-parallelism=30 segment-costs=[268985600]
|  52:SCAN HDFS [tpcds_partitioned_parquet_snap.store_returns, RANDOM]
|     HDFS partitions=2004/2004 files=2004 size=48.14GB
|     predicates: tpcds_partitioned_parquet_snap.store_returns_0.sr_item_sk IS NOT NULL, tpcds_partitioned_parquet_snap.store_returns_0.sr_ticket_number IS NOT NULL
|     runtime filters: RF060[min_max] -> tpcds_partitioned_parquet_snap.store_returns_0.sr_item_sk, RF061[min_max] -> tpcds_partitioned_parquet_snap.store_returns_0.sr_ticket_number, RF055[min_max] -> tpcds_partitioned_parquet_snap.store_returns_0.sr_item_sk, RF058[bloom] -> tpcds_partitioned_parquet_snap.store_returns_0.sr_item_sk, RF059[bloom] -> tpcds_partitioned_parquet_snap.store_returns_0.sr_ticket_number
|     stored statistics:
|       table: rows=863.99M size=48.14GB
|       partitions: 2004/2004 rows=863.99M
|       columns: all
|     extrapolated-rows=disabled max-scan-range-rows=30.09M
|     parquet dictionary predicates: tpcds_partitioned_parquet_snap.store_returns_0.sr_item_sk IS NOT NULL, tpcds_partitioned_parquet_snap.store_returns_0.sr_ticket_number IS NOT NULL
|     mem-estimate=16.00MB mem-reservation=512.00KB thread-reservation=0
|     tuple-ids=54 row-size=12B cardinality=55.23M(filtered from 863.99M) cost=197853396
|     in pipelines: 52(GETNEXT)
|
130:EXCHANGE [HASH(tpcds_partitioned_parquet_snap.item.i_item_sk,tpcds_partitioned_parquet_snap.store.s_store_name,tpcds_partitioned_parquet_snap.store.s_zip)]
|  mem-estimate=43.62MB mem-reservation=0B thread-reservation=0
|  tuple-ids=39 row-size=283B cardinality=825.73M cost=1166306546
|  in pipelines: 104(GETNEXT)
|
F23:PLAN FRAGMENT [HASH(tpcds_partitioned_parquet_snap.item.i_product_name,tpcds_partitioned_parquet_snap.item.i_item_sk,tpcds_partitioned_parquet_snap.store.s_store_name,tpcds_partitioned_parquet_snap.store.s_zip,tpcds_partitioned_parquet_snap.customer_address_0.ca_street_number,tpcds_partitioned_parquet_snap.customer_address_0.ca_street_name,tpcds_partitioned_parquet_snap.customer_address_0.ca_city,tpcds_partitioned_parquet_snap.customer_address_0.ca_zip,tpcds_partitioned_parquet_snap.customer_address.ca_street_number,tpcds_partitioned_parquet_snap.customer_address.ca_street_name,tpcds_partitioned_parquet_snap.customer_address.ca_city,tpcds_partitioned_parquet_snap.customer_address.ca_zip,tpcds_partitioned_parquet_snap.date_dim.d_year,tpcds_partitioned_parquet_snap.date_dim_0.d_year)] hosts=10 instances=120
Per-Instance Resources: mem-estimate=635.45MB mem-reservation=34.00MB thread-reservation=1
max-parallelism=1550 segment-costs=[6213659098, 15469368099] cpu-comparison-result=615 [max(120 (self) vs 615 (sum children))]
104:AGGREGATE [FINALIZE]
|  output: count:merge(), sum:merge(tpcds_partitioned_parquet_snap.store_sales.ss_wholesale_cost), sum:merge(tpcds_partitioned_parquet_snap.store_sales.ss_list_price), sum:merge(tpcds_partitioned_parquet_snap.store_sales.ss_coupon_amt)
|  group by: tpcds_partitioned_parquet_snap.item.i_product_name, tpcds_partitioned_parquet_snap.item.i_item_sk, tpcds_partitioned_parquet_snap.store.s_store_name, tpcds_partitioned_parquet_snap.store.s_zip, tpcds_partitioned_parquet_snap.customer_address_0.ca_street_number, tpcds_partitioned_parquet_snap.customer_address_0.ca_street_name, tpcds_partitioned_parquet_snap.customer_address_0.ca_city, tpcds_partitioned_parquet_snap.customer_address_0.ca_zip, tpcds_partitioned_parquet_snap.customer_address.ca_street_number, tpcds_partitioned_parquet_snap.customer_address.ca_street_name, tpcds_partitioned_parquet_snap.customer_address.ca_city, tpcds_partitioned_parquet_snap.customer_address.ca_zip, tpcds_partitioned_parquet_snap.date_dim.d_year, tpcds_partitioned_parquet_snap.date_dim_0.d_year
|  mem-estimate=512.17MB mem-reservation=34.00MB spill-buffer=2.00MB thread-reservation=0
|  tuple-ids=39 row-size=283B cardinality=825.73M cost=5047352552
|  in pipelines: 104(GETNEXT), 13(OPEN)
|
103:EXCHANGE [HASH(tpcds_partitioned_parquet_snap.item.i_product_name,tpcds_partitioned_parquet_snap.item.i_item_sk,tpcds_partitioned_parquet_snap.store.s_store_name,tpcds_partitioned_parquet_snap.store.s_zip,tpcds_partitioned_parquet_snap.customer_address_0.ca_street_number,tpcds_partitioned_parquet_snap.customer_address_0.ca_street_name,tpcds_partitioned_parquet_snap.customer_address_0.ca_city,tpcds_partitioned_parquet_snap.customer_address_0.ca_zip,tpcds_partitioned_parquet_snap.customer_address.ca_street_number,tpcds_partitioned_parquet_snap.customer_address.ca_street_name,tpcds_partitioned_parquet_snap.customer_address.ca_city,tpcds_partitioned_parquet_snap.customer_address.ca_zip,tpcds_partitioned_parquet_snap.date_dim.d_year,tpcds_partitioned_parquet_snap.date_dim_0.d_year)]
|  mem-estimate=43.62MB mem-reservation=0B thread-reservation=0
|  tuple-ids=39 row-size=283B cardinality=825.73M cost=1166306546
|  in pipelines: 13(GETNEXT)
|
F05:PLAN FRAGMENT [HASH(tpcds_partitioned_parquet_snap.store_returns.sr_item_sk,tpcds_partitioned_parquet_snap.store_returns.sr_ticket_number)] hosts=10 instances=120
Per-Instance Resources: mem-estimate=657.07MB mem-reservation=34.00MB thread-reservation=1
max-parallelism=1550 segment-costs=[6711155090, 15469368099] cpu-comparison-result=615 [max(150 (self) vs 615 (sum children))]
38:AGGREGATE [STREAMING]
|  output: count(), sum(tpcds_partitioned_parquet_snap.store_sales.ss_wholesale_cost), sum(tpcds_partitioned_parquet_snap.store_sales.ss_list_price), sum(tpcds_partitioned_parquet_snap.store_sales.ss_coupon_amt)
|  group by: tpcds_partitioned_parquet_snap.item.i_product_name, tpcds_partitioned_parquet_snap.item.i_item_sk, tpcds_partitioned_parquet_snap.store.s_store_name, tpcds_partitioned_parquet_snap.store.s_zip, tpcds_partitioned_parquet_snap.customer_address_0.ca_street_number, tpcds_partitioned_parquet_snap.customer_address_0.ca_street_name, tpcds_partitioned_parquet_snap.customer_address_0.ca_city, tpcds_partitioned_parquet_snap.customer_address_0.ca_zip, tpcds_partitioned_parquet_snap.customer_address.ca_street_number, tpcds_partitioned_parquet_snap.customer_address.ca_street_name, tpcds_partitioned_parquet_snap.customer_address.ca_city, tpcds_partitioned_parquet_snap.customer_address.ca_zip, tpcds_partitioned_parquet_snap.date_dim.d_year, tpcds_partitioned_parquet_snap.date_dim_0.d_year
|  mem-estimate=512.11MB mem-reservation=34.00MB spill-buffer=2.00MB thread-reservation=0
|  tuple-ids=39 row-size=283B cardinality=825.73M cost=5047352552
|  in pipelines: 13(GETNEXT)
|
37:HASH JOIN [INNER JOIN, BROADCAST]
|  hash-table-id=19
|  hash predicates: tpcds_partitioned_parquet_snap.store_sales.ss_cdemo_sk = tpcds_partitioned_parquet_snap.customer_demographics_0.cd_demo_sk
|  fk/pk conjuncts: tpcds_partitioned_parquet_snap.store_sales.ss_cdemo_sk = tpcds_partitioned_parquet_snap.customer_demographics_0.cd_demo_sk
|  other join predicates: tpcds_partitioned_parquet_snap.customer_demographics_0.cd_marital_status != tpcds_partitioned_parquet_snap.customer_demographics.cd_marital_status
|  mem-estimate=0B mem-reservation=0B spill-buffer=2.00MB thread-reservation=0
|  tuple-ids=14,16,18,20,22,24,26,32,33,35,0,2,4,6,8,10,12,37 row-size=462B cardinality=825.73M cost=364047129
|  in pipelines: 13(GETNEXT), 36(OPEN)
|
|--F69:PLAN FRAGMENT [HASH(tpcds_partitioned_parquet_snap.store_returns.sr_item_sk,tpcds_partitioned_parquet_snap.store_returns.sr_ticket_number)] hosts=10 instances=10
|  |  Per-Instance Resources: mem-estimate=418.21MB mem-reservation=408.00MB thread-reservation=1
|  |  max-parallelism=10 segment-costs=[4473540]
|  JOIN BUILD
|  |  join-table-id=19 plan-id=20 cohort-id=01
|  |  build expressions: tpcds_partitioned_parquet_snap.customer_demographics_0.cd_demo_sk
|  |  runtime filters: RF007[min_max] <- tpcds_partitioned_parquet_snap.customer_demographics_0.cd_demo_sk
|  |  mem-estimate=408.00MB mem-reservation=408.00MB spill-buffer=2.00MB thread-reservation=0 cost=1920800
|  |
|  102:EXCHANGE [BROADCAST]
|  |  mem-estimate=10.21MB mem-reservation=0B thread-reservation=0
|  |  tuple-ids=37 row-size=17B cardinality=1.92M cost=2552740
|  |  in pipelines: 36(GETNEXT)
|  |
|  F22:PLAN FRAGMENT [RANDOM] hosts=10 instances=10
|  Per-Instance Resources: mem-estimate=16.08MB mem-reservation=1.00MB thread-reservation=1
|  max-parallelism=10 segment-costs=[375900]
|  36:SCAN HDFS [tpcds_partitioned_parquet_snap.customer_demographics, RANDOM]
|     HDFS partitions=1/1 files=1 size=11.15MB
|     predicates: tpcds_partitioned_parquet_snap.customer_demographics_0.cd_demo_sk IS NOT NULL, tpcds_partitioned_parquet_snap.customer_demographics_0.cd_marital_status IS NOT NULL
|     stored statistics:
|       table: rows=1.92M size=11.15MB
|       columns: all
|     extrapolated-rows=disabled max-scan-range-rows=197.97K
|     parquet dictionary predicates: tpcds_partitioned_parquet_snap.customer_demographics_0.cd_demo_sk IS NOT NULL, tpcds_partitioned_parquet_snap.customer_demographics_0.cd_marital_status IS NOT NULL
|     mem-estimate=16.00MB mem-reservation=1.00MB thread-reservation=0
|     tuple-ids=37 row-size=17B cardinality=1.92M cost=246246
|     in pipelines: 36(GETNEXT)
|
35:HASH JOIN [INNER JOIN, BROADCAST]
|  hash-table-id=20
|  hash predicates: tpcds_partitioned_parquet_snap.store_sales.ss_customer_sk = tpcds_partitioned_parquet_snap.customer.c_customer_sk
|  fk/pk conjuncts: none
|  mem-estimate=0B mem-reservation=0B spill-buffer=2.00MB thread-reservation=0
|  tuple-ids=14,16,18,20,22,24,26,32,33,35,0,2,4,6,8,10,12 row-size=445B cardinality=835.96M cost=365901826
|  in pipelines: 13(GETNEXT), 00(OPEN)
|
|--F70:PLAN FRAGMENT [HASH(tpcds_partitioned_parquet_snap.store_returns.sr_item_sk,tpcds_partitioned_parquet_snap.store_returns.sr_ticket_number)] hosts=10 instances=10
|  |  Per-Instance Resources: mem-estimate=4.43GB mem-reservation=408.00MB thread-reservation=1
|  |  max-parallelism=10 segment-costs=[62546093] cpu-comparison-result=73 [max(30 (self) vs 73 (sum children))]
|  JOIN BUILD
|  |  join-table-id=20 plan-id=21 cohort-id=01
|  |  build expressions: tpcds_partitioned_parquet_snap.customer.c_customer_sk
|  |  runtime filters: RF009[min_max] <- tpcds_partitioned_parquet_snap.customer.c_customer_sk
|  |  mem-estimate=4.42GB mem-reservation=408.00MB spill-buffer=2.00MB thread-reservation=0 cost=26855343
|  |
|  101:EXCHANGE [BROADCAST]
|  |  mem-estimate=11.70MB mem-reservation=0B thread-reservation=0
|  |  tuple-ids=0,2,4,6,8,10,12 row-size=147B cardinality=26.86M cost=35690750
|  |  in pipelines: 00(GETNEXT)
|  |
|  F21:PLAN FRAGMENT [HASH(tpcds_partitioned_parquet_snap.customer.c_current_addr_sk)] hosts=10 instances=10
|  Per-Instance Resources: mem-estimate=11.59MB mem-reservation=0B thread-reservation=1
|  max-parallelism=10 segment-costs=[42890739]
|  12:HASH JOIN [INNER JOIN, PARTITIONED]
|  |  hash-table-id=21
|  |  hash predicates: tpcds_partitioned_parquet_snap.customer.c_current_addr_sk = tpcds_partitioned_parquet_snap.customer_address.ca_address_sk
|  |  fk/pk conjuncts: tpcds_partitioned_parquet_snap.customer.c_current_addr_sk = tpcds_partitioned_parquet_snap.customer_address.ca_address_sk
|  |  mem-estimate=0B mem-reservation=0B spill-buffer=2.00MB thread-reservation=0
|  |  tuple-ids=0,2,4,6,8,10,12 row-size=147B cardinality=26.86M cost=11754583
|  |  in pipelines: 00(GETNEXT), 11(OPEN)
|  |
|  |--F71:PLAN FRAGMENT [HASH(tpcds_partitioned_parquet_snap.customer.c_current_addr_sk)] hosts=10 instances=10
|  |  |  Per-Instance Resources: mem-estimate=160.14MB mem-reservation=34.00MB thread-reservation=1
|  |  |  max-parallelism=10 segment-costs=[22017902]
|  |  JOIN BUILD
|  |  |  join-table-id=21 plan-id=22 cohort-id=08
|  |  |  build expressions: tpcds_partitioned_parquet_snap.customer_address.ca_address_sk
|  |  |  runtime filters: RF035[min_max] <- tpcds_partitioned_parquet_snap.customer_address.ca_address_sk
|  |  |  mem-estimate=149.35MB mem-reservation=34.00MB spill-buffer=2.00MB thread-reservation=0 cost=15000000
|  |  |
|  |  100:EXCHANGE [HASH(tpcds_partitioned_parquet_snap.customer_address.ca_address_sk)]
|  |  |  mem-estimate=10.80MB mem-reservation=0B thread-reservation=0
|  |  |  tuple-ids=12 row-size=78B cardinality=15.00M cost=7017902
|  |  |  in pipelines: 11(GETNEXT)
|  |  |
|  |  F20:PLAN FRAGMENT [RANDOM] hosts=10 instances=10
|  |  Per-Instance Resources: mem-estimate=19.19MB mem-reservation=128.00KB thread-reservation=1
|  |  max-parallelism=10 segment-costs=[89453349]
|  |  11:SCAN HDFS [tpcds_partitioned_parquet_snap.customer_address, RANDOM]
|  |     HDFS partitions=1/1 files=1 size=307.36MB
|  |     predicates: tpcds_partitioned_parquet_snap.customer_address.ca_address_sk IS NOT NULL
|  |     stored statistics:
|  |       table: rows=15.00M size=307.36MB
|  |       columns: all
|  |     extrapolated-rows=disabled max-scan-range-rows=1.58M
|  |     parquet dictionary predicates: tpcds_partitioned_parquet_snap.customer_address.ca_address_sk IS NOT NULL
|  |     mem-estimate=16.00MB mem-reservation=128.00KB thread-reservation=0
|  |     tuple-ids=12 row-size=78B cardinality=15.00M cost=6805716
|  |     in pipelines: 11(GETNEXT)
|  |
|  99:EXCHANGE [HASH(tpcds_partitioned_parquet_snap.customer.c_current_addr_sk)]
|  |  mem-estimate=10.91MB mem-reservation=0B thread-reservation=0
|  |  tuple-ids=0,2,4,6,8,10 row-size=69B cardinality=26.86M cost=16448897
|  |  in pipelines: 00(GETNEXT)
|  |
|  F14:PLAN FRAGMENT [RANDOM] hosts=10 instances=10
|  Per-Instance Resources: mem-estimate=19.63MB mem-reservation=1.00MB thread-reservation=1
|  max-parallelism=10 segment-costs=[265911830]
|  10:HASH JOIN [INNER JOIN, BROADCAST]
|  |  hash-table-id=22
|  |  hash predicates: tpcds_partitioned_parquet_snap.customer.c_current_hdemo_sk = tpcds_partitioned_parquet_snap.household_demographics.hd_demo_sk
|  |  fk/pk conjuncts: tpcds_partitioned_parquet_snap.customer.c_current_hdemo_sk = tpcds_partitioned_parquet_snap.household_demographics.hd_demo_sk
|  |  mem-estimate=0B mem-reservation=0B spill-buffer=64.00KB thread-reservation=0
|  |  tuple-ids=0,2,4,6,8,10 row-size=69B cardinality=26.86M cost=11922966
|  |  in pipelines: 00(GETNEXT), 07(OPEN)
|  |
|  |--F72:PLAN FRAGMENT [RANDOM] hosts=10 instances=10
|  |  |  Per-Instance Resources: mem-estimate=2.04MB mem-reservation=1.94MB thread-reservation=1
|  |  |  max-parallelism=10 segment-costs=[16760] cpu-comparison-result=11 [max(11 (self) vs 2 (sum children))]
|  |  JOIN BUILD
|  |  |  join-table-id=22 plan-id=23 cohort-id=08
|  |  |  build expressions: tpcds_partitioned_parquet_snap.household_demographics.hd_demo_sk
|  |  |  runtime filters: RF037[min_max] <- tpcds_partitioned_parquet_snap.household_demographics.hd_demo_sk
|  |  |  mem-estimate=1.94MB mem-reservation=1.94MB spill-buffer=64.00KB thread-reservation=0 cost=7200
|  |  |
|  |  98:EXCHANGE [BROADCAST]
|  |  |  mem-estimate=104.38KB mem-reservation=0B thread-reservation=0
|  |  |  tuple-ids=8,10 row-size=12B cardinality=7.20K cost=9560
|  |  |  in pipelines: 07(GETNEXT)
|  |  |
|  |  F18:PLAN FRAGMENT [RANDOM] hosts=1 instances=1
|  |  Per-Instance Resources: mem-estimate=16.08MB mem-reservation=64.00KB thread-reservation=1
|  |  max-parallelism=1 segment-costs=[4929]
|  |  09:HASH JOIN [INNER JOIN, BROADCAST]
|  |  |  hash-table-id=23
|  |  |  hash predicates: tpcds_partitioned_parquet_snap.household_demographics.hd_income_band_sk = tpcds_partitioned_parquet_snap.income_band.ib_income_band_sk
|  |  |  fk/pk conjuncts: tpcds_partitioned_parquet_snap.household_demographics.hd_income_band_sk = tpcds_partitioned_parquet_snap.income_band.ib_income_band_sk
|  |  |  mem-estimate=0B mem-reservation=0B spill-buffer=64.00KB thread-reservation=0
|  |  |  tuple-ids=8,10 row-size=12B cardinality=7.20K cost=3151
|  |  |  in pipelines: 07(GETNEXT), 08(OPEN)
|  |  |
|  |  |--F73:PLAN FRAGMENT [RANDOM] hosts=1 instances=1
|  |  |  |  Per-Instance Resources: mem-estimate=1.95MB mem-reservation=1.94MB thread-reservation=1
|  |  |  |  max-parallelism=1 segment-costs=[22]
|  |  |  JOIN BUILD
|  |  |  |  join-table-id=23 plan-id=24 cohort-id=09
|  |  |  |  build expressions: tpcds_partitioned_parquet_snap.income_band.ib_income_band_sk
|  |  |  |  runtime filters: RF045[min_max] <- tpcds_partitioned_parquet_snap.income_band.ib_income_band_sk
|  |  |  |  mem-estimate=1.94MB mem-reservation=1.94MB spill-buffer=64.00KB thread-reservation=0 cost=20
|  |  |  |
|  |  |  97:EXCHANGE [BROADCAST]
|  |  |  |  mem-estimate=16.00KB mem-reservation=0B thread-reservation=0
|  |  |  |  tuple-ids=10 row-size=4B cardinality=20 cost=2
|  |  |  |  in pipelines: 08(GETNEXT)
|  |  |  |
|  |  |  F19:PLAN FRAGMENT [RANDOM] hosts=1 instances=1
|  |  |  Per-Instance Resources: mem-estimate=16.03MB mem-reservation=8.00KB thread-reservation=1
|  |  |  max-parallelism=1 segment-costs=[1]
|  |  |  08:SCAN HDFS [tpcds_partitioned_parquet_snap.income_band, RANDOM]
|  |  |     HDFS partitions=1/1 files=1 size=1.22KB
|  |  |     predicates: tpcds_partitioned_parquet_snap.income_band.ib_income_band_sk IS NOT NULL
|  |  |     stored statistics:
|  |  |       table: rows=20 size=1.22KB
|  |  |       columns: all
|  |  |     extrapolated-rows=disabled max-scan-range-rows=20
|  |  |     parquet dictionary predicates: tpcds_partitioned_parquet_snap.income_band.ib_income_band_sk IS NOT NULL
|  |  |     mem-estimate=16.00MB mem-reservation=8.00KB thread-reservation=0
|  |  |     tuple-ids=10 row-size=4B cardinality=20 cost=1
|  |  |     in pipelines: 08(GETNEXT)
|  |  |
|  |  07:SCAN HDFS [tpcds_partitioned_parquet_snap.household_demographics, RANDOM]
|  |     HDFS partitions=1/1 files=1 size=41.69KB
|  |     predicates: tpcds_partitioned_parquet_snap.household_demographics.hd_demo_sk IS NOT NULL, tpcds_partitioned_parquet_snap.household_demographics.hd_income_band_sk IS NOT NULL
|  |     runtime filters: RF045[min_max] -> tpcds_partitioned_parquet_snap.household_demographics.hd_income_band_sk
|  |     stored statistics:
|  |       table: rows=7.20K size=41.69KB
|  |       columns: all
|  |     extrapolated-rows=disabled max-scan-range-rows=7.20K
|  |     parquet dictionary predicates: tpcds_partitioned_parquet_snap.household_demographics.hd_demo_sk IS NOT NULL, tpcds_partitioned_parquet_snap.household_demographics.hd_income_band_sk IS NOT NULL
|  |     mem-estimate=16.00MB mem-reservation=64.00KB thread-reservation=0
|  |     tuple-ids=8 row-size=8B cardinality=7.20K cost=1234
|  |     in pipelines: 07(GETNEXT)
|  |
|  06:HASH JOIN [INNER JOIN, BROADCAST]
|  |  hash-table-id=24
|  |  hash predicates: tpcds_partitioned_parquet_snap.customer.c_first_shipto_date_sk = tpcds_partitioned_parquet_snap.date_dim_0.d_date_sk
|  |  fk/pk conjuncts: tpcds_partitioned_parquet_snap.customer.c_first_shipto_date_sk = tpcds_partitioned_parquet_snap.date_dim_0.d_date_sk
|  |  mem-estimate=0B mem-reservation=0B spill-buffer=256.00KB thread-reservation=0
|  |  tuple-ids=0,2,4,6 row-size=57B cardinality=27.51M cost=12041917
|  |  in pipelines: 00(GETNEXT), 05(OPEN)
|  |
|  |--F74:PLAN FRAGMENT [RANDOM] hosts=10 instances=10
|  |  |  Per-Instance Resources: mem-estimate=5.32MB mem-reservation=4.75MB thread-reservation=1
|  |  |  max-parallelism=10 segment-costs=[170129]
|  |  JOIN BUILD
|  |  |  join-table-id=24 plan-id=25 cohort-id=08
|  |  |  build expressions: tpcds_partitioned_parquet_snap.date_dim_0.d_date_sk
|  |  |  runtime filters: RF039[min_max] <- tpcds_partitioned_parquet_snap.date_dim_0.d_date_sk
|  |  |  mem-estimate=4.75MB mem-reservation=4.75MB spill-buffer=256.00KB thread-reservation=0 cost=73049
|  |  |
|  |  96:EXCHANGE [BROADCAST]
|  |  |  mem-estimate=582.70KB mem-reservation=0B thread-reservation=0
|  |  |  tuple-ids=6 row-size=8B cardinality=73.05K cost=97080
|  |  |  in pipelines: 05(GETNEXT)
|  |  |
|  |  F17:PLAN FRAGMENT [RANDOM] hosts=1 instances=1
|  |  Per-Instance Resources: mem-estimate=16.05MB mem-reservation=512.00KB thread-reservation=1
|  |  max-parallelism=1 segment-costs=[13622]
|  |  05:SCAN HDFS [tpcds_partitioned_parquet_snap.date_dim, RANDOM]
|  |     HDFS partitions=1/1 files=1 size=2.17MB
|  |     predicates: tpcds_partitioned_parquet_snap.date_dim_0.d_date_sk IS NOT NULL
|  |     stored statistics:
|  |       table: rows=73.05K size=2.17MB
|  |       columns: all
|  |     extrapolated-rows=disabled max-scan-range-rows=73.05K
|  |     parquet dictionary predicates: tpcds_partitioned_parquet_snap.date_dim_0.d_date_sk IS NOT NULL
|  |     mem-estimate=16.00MB mem-reservation=512.00KB thread-reservation=0
|  |     tuple-ids=6 row-size=8B cardinality=73.05K cost=10467
|  |     in pipelines: 05(GETNEXT)
|  |
|  04:HASH JOIN [INNER JOIN, BROADCAST]
|  |  hash-table-id=25
|  |  hash predicates: tpcds_partitioned_parquet_snap.customer.c_first_sales_date_sk = tpcds_partitioned_parquet_snap.date_dim.d_date_sk
|  |  fk/pk conjuncts: tpcds_partitioned_parquet_snap.customer.c_first_sales_date_sk = tpcds_partitioned_parquet_snap.date_dim.d_date_sk
|  |  mem-estimate=0B mem-reservation=0B spill-buffer=256.00KB thread-reservation=0
|  |  tuple-ids=0,2,4 row-size=49B cardinality=27.51M cost=12041917
|  |  in pipelines: 00(GETNEXT), 03(OPEN)
|  |
|  |--F75:PLAN FRAGMENT [RANDOM] hosts=10 instances=10
|  |  |  Per-Instance Resources: mem-estimate=5.32MB mem-reservation=4.75MB thread-reservation=1
|  |  |  max-parallelism=10 segment-costs=[170129]
|  |  JOIN BUILD
|  |  |  join-table-id=25 plan-id=26 cohort-id=08
|  |  |  build expressions: tpcds_partitioned_parquet_snap.date_dim.d_date_sk
|  |  |  runtime filters: RF041[min_max] <- tpcds_partitioned_parquet_snap.date_dim.d_date_sk
|  |  |  mem-estimate=4.75MB mem-reservation=4.75MB spill-buffer=256.00KB thread-reservation=0 cost=73049
|  |  |
|  |  95:EXCHANGE [BROADCAST]
|  |  |  mem-estimate=582.70KB mem-reservation=0B thread-reservation=0
|  |  |  tuple-ids=4 row-size=8B cardinality=73.05K cost=97080
|  |  |  in pipelines: 03(GETNEXT)
|  |  |
|  |  F16:PLAN FRAGMENT [RANDOM] hosts=1 instances=1
|  |  Per-Instance Resources: mem-estimate=16.05MB mem-reservation=512.00KB thread-reservation=1
|  |  max-parallelism=1 segment-costs=[13622]
|  |  03:SCAN HDFS [tpcds_partitioned_parquet_snap.date_dim, RANDOM]
|  |     HDFS partitions=1/1 files=1 size=2.17MB
|  |     predicates: tpcds_partitioned_parquet_snap.date_dim.d_date_sk IS NOT NULL
|  |     stored statistics:
|  |       table: rows=73.05K size=2.17MB
|  |       columns: all
|  |     extrapolated-rows=disabled max-scan-range-rows=73.05K
|  |     parquet dictionary predicates: tpcds_partitioned_parquet_snap.date_dim.d_date_sk IS NOT NULL
|  |     mem-estimate=16.00MB mem-reservation=512.00KB thread-reservation=0
|  |     tuple-ids=4 row-size=8B cardinality=73.05K cost=10467
|  |     in pipelines: 03(GETNEXT)
|  |
|  02:HASH JOIN [INNER JOIN, BROADCAST]
|  |  hash-table-id=26
|  |  hash predicates: tpcds_partitioned_parquet_snap.customer.c_current_cdemo_sk = tpcds_partitioned_parquet_snap.customer_demographics.cd_demo_sk
|  |  fk/pk conjuncts: tpcds_partitioned_parquet_snap.customer.c_current_cdemo_sk = tpcds_partitioned_parquet_snap.customer_demographics.cd_demo_sk
|  |  mem-estimate=0B mem-reservation=0B spill-buffer=2.00MB thread-reservation=0
|  |  tuple-ids=0,2 row-size=41B cardinality=27.51M cost=12129392
|  |  in pipelines: 00(GETNEXT), 01(OPEN)
|  |
|  |--F76:PLAN FRAGMENT [RANDOM] hosts=10 instances=10
|  |  |  Per-Instance Resources: mem-estimate=89.35MB mem-reservation=34.00MB thread-reservation=1
|  |  |  max-parallelism=10 segment-costs=[4473540]
|  |  JOIN BUILD
|  |  |  join-table-id=26 plan-id=27 cohort-id=08
|  |  |  build expressions: tpcds_partitioned_parquet_snap.customer_demographics.cd_demo_sk
|  |  |  runtime filters: RF043[min_max] <- tpcds_partitioned_parquet_snap.customer_demographics.cd_demo_sk
|  |  |  mem-estimate=79.14MB mem-reservation=34.00MB spill-buffer=2.00MB thread-reservation=0 cost=1920800
|  |  |
|  |  94:EXCHANGE [BROADCAST]
|  |  |  mem-estimate=10.21MB mem-reservation=0B thread-reservation=0
|  |  |  tuple-ids=2 row-size=17B cardinality=1.92M cost=2552740
|  |  |  in pipelines: 01(GETNEXT)
|  |  |
|  |  F15:PLAN FRAGMENT [RANDOM] hosts=10 instances=10
|  |  Per-Instance Resources: mem-estimate=16.08MB mem-reservation=1.00MB thread-reservation=1
|  |  max-parallelism=10 segment-costs=[375900]
|  |  01:SCAN HDFS [tpcds_partitioned_parquet_snap.customer_demographics, RANDOM]
|  |     HDFS partitions=1/1 files=1 size=11.15MB
|  |     predicates: tpcds_partitioned_parquet_snap.customer_demographics.cd_demo_sk IS NOT NULL, tpcds_partitioned_parquet_snap.customer_demographics.cd_marital_status IS NOT NULL
|  |     stored statistics:
|  |       table: rows=1.92M size=11.15MB
|  |       columns: all
|  |     extrapolated-rows=disabled max-scan-range-rows=197.97K
|  |     parquet dictionary predicates: tpcds_partitioned_parquet_snap.customer_demographics.cd_demo_sk IS NOT NULL, tpcds_partitioned_parquet_snap.customer_demographics.cd_marital_status IS NOT NULL
|  |     mem-estimate=16.00MB mem-reservation=1.00MB thread-reservation=0
|  |     tuple-ids=2 row-size=17B cardinality=1.92M cost=246246
|  |     in pipelines: 01(GETNEXT)
|  |
|  00:SCAN HDFS [tpcds_partitioned_parquet_snap.customer, RANDOM]
|     HDFS partitions=1/1 files=1 size=1.55GB
|     predicates: tpcds_partitioned_parquet_snap.customer.c_first_shipto_date_sk IS NOT NULL, tpcds_partitioned_parquet_snap.customer.c_first_sales_date_sk IS NOT NULL, tpcds_partitioned_parquet_snap.customer.c_current_cdemo_sk IS NOT NULL, tpcds_partitioned_parquet_snap.customer.c_current_hdemo_sk IS NOT NULL, tpcds_partitioned_parquet_snap.customer.c_current_addr_sk IS NOT NULL, tpcds_partitioned_parquet_snap.customer.c_customer_sk IS NOT NULL
|     runtime filters: RF037[min_max] -> tpcds_partitioned_parquet_snap.customer.c_current_hdemo_sk, RF043[min_max] -> tpcds_partitioned_parquet_snap.customer.c_current_cdemo_sk, RF035[min_max] -> tpcds_partitioned_parquet_snap.customer.c_current_addr_sk, RF039[min_max] -> tpcds_partitioned_parquet_snap.customer.c_first_shipto_date_sk, RF041[min_max] -> tpcds_partitioned_parquet_snap.customer.c_first_sales_date_sk
|     stored statistics:
|       table: rows=30.00M size=1.55GB
|       columns: all
|     extrapolated-rows=disabled max-scan-range-rows=3.10M
|     parquet dictionary predicates: tpcds_partitioned_parquet_snap.customer.c_first_shipto_date_sk IS NOT NULL, tpcds_partitioned_parquet_snap.customer.c_first_sales_date_sk IS NOT NULL, tpcds_partitioned_parquet_snap.customer.c_current_cdemo_sk IS NOT NULL, tpcds_partitioned_parquet_snap.customer.c_current_hdemo_sk IS NOT NULL, tpcds_partitioned_parquet_snap.customer.c_current_addr_sk IS NOT NULL, tpcds_partitioned_parquet_snap.customer.c_customer_sk IS NOT NULL
|     mem-estimate=16.00MB mem-reservation=1.00MB thread-reservation=0
|     tuple-ids=0 row-size=24B cardinality=27.85M cost=15426000
|     in pipelines: 00(GETNEXT)
|
34:HASH JOIN [INNER JOIN, BROADCAST]
|  hash-table-id=27
|  hash predicates: tpcds_partitioned_parquet_snap.store_sales.ss_addr_sk = tpcds_partitioned_parquet_snap.customer_address_0.ca_address_sk
|  fk/pk conjuncts: tpcds_partitioned_parquet_snap.store_sales.ss_addr_sk = tpcds_partitioned_parquet_snap.customer_address_0.ca_address_sk
|  mem-estimate=0B mem-reservation=0B spill-buffer=2.00MB thread-reservation=0
|  tuple-ids=14,16,18,20,22,24,26,32,33,35 row-size=299B cardinality=835.96M cost=373091196
|  in pipelines: 13(GETNEXT), 33(OPEN)
|
|--F77:PLAN FRAGMENT [HASH(tpcds_partitioned_parquet_snap.store_returns.sr_item_sk,tpcds_partitioned_parquet_snap.store_returns.sr_ticket_number)] hosts=10 instances=10
|  |  Per-Instance Resources: mem-estimate=1.47GB mem-reservation=408.00MB thread-reservation=1
|  |  max-parallelism=10 segment-costs=[34934990]
|  JOIN BUILD
|  |  join-table-id=27 plan-id=28 cohort-id=01
|  |  build expressions: tpcds_partitioned_parquet_snap.customer_address_0.ca_address_sk
|  |  runtime filters: RF011[min_max] <- tpcds_partitioned_parquet_snap.customer_address_0.ca_address_sk
|  |  mem-estimate=1.46GB mem-reservation=408.00MB spill-buffer=2.00MB thread-reservation=0 cost=15000000
|  |
|  93:EXCHANGE [BROADCAST]
|  |  mem-estimate=10.80MB mem-reservation=0B thread-reservation=0
|  |  tuple-ids=35 row-size=78B cardinality=15.00M cost=19934990
|  |  in pipelines: 33(GETNEXT)
|  |
|  F13:PLAN FRAGMENT [RANDOM] hosts=10 instances=10
|  Per-Instance Resources: mem-estimate=16.32MB mem-reservation=128.00KB thread-reservation=1
|  max-parallelism=10 segment-costs=[10270756]
|  33:SCAN HDFS [tpcds_partitioned_parquet_snap.customer_address, RANDOM]
|     HDFS partitions=1/1 files=1 size=307.36MB
|     predicates: tpcds_partitioned_parquet_snap.customer_address_0.ca_address_sk IS NOT NULL
|     stored statistics:
|       table: rows=15.00M size=307.36MB
|       columns: all
|     extrapolated-rows=disabled max-scan-range-rows=1.58M
|     parquet dictionary predicates: tpcds_partitioned_parquet_snap.customer_address_0.ca_address_sk IS NOT NULL
|     mem-estimate=16.00MB mem-reservation=128.00KB thread-reservation=0
|     tuple-ids=35 row-size=78B cardinality=15.00M cost=6805716
|     in pipelines: 33(GETNEXT)
|
32:HASH JOIN [INNER JOIN, BROADCAST]
|  hash-table-id=28
|  hash predicates: tpcds_partitioned_parquet_snap.store_sales.ss_store_sk = tpcds_partitioned_parquet_snap.store.s_store_sk
|  fk/pk conjuncts: tpcds_partitioned_parquet_snap.store_sales.ss_store_sk = tpcds_partitioned_parquet_snap.store.s_store_sk
|  mem-estimate=0B mem-reservation=0B spill-buffer=64.00KB thread-reservation=0
|  tuple-ids=14,16,18,20,22,24,26,32,33 row-size=221B cardinality=863.99M cost=378170002
|  in pipelines: 13(GETNEXT), 31(OPEN)
|
|--F78:PLAN FRAGMENT [HASH(tpcds_partitioned_parquet_snap.store_returns.sr_item_sk,tpcds_partitioned_parquet_snap.store_returns.sr_ticket_number)] hosts=10 instances=10
|  |  Per-Instance Resources: mem-estimate=23.34MB mem-reservation=23.25MB thread-reservation=1
|  |  max-parallelism=10 segment-costs=[3106]
|  JOIN BUILD
|  |  join-table-id=28 plan-id=29 cohort-id=01
|  |  build expressions: tpcds_partitioned_parquet_snap.store.s_store_sk
|  |  runtime filters: RF013[min_max] <- tpcds_partitioned_parquet_snap.store.s_store_sk
|  |  mem-estimate=23.25MB mem-reservation=23.25MB spill-buffer=64.00KB thread-reservation=0 cost=1336
|  |
|  92:EXCHANGE [BROADCAST]
|  |  mem-estimate=89.13KB mem-reservation=0B thread-reservation=0
|  |  tuple-ids=33 row-size=37B cardinality=1.34K cost=1770
|  |  in pipelines: 31(GETNEXT)
|  |
|  F12:PLAN FRAGMENT [RANDOM] hosts=1 instances=1
|  Per-Instance Resources: mem-estimate=16.16MB mem-reservation=24.00KB thread-reservation=1
|  max-parallelism=1 segment-costs=[527]
|  31:SCAN HDFS [tpcds_partitioned_parquet_snap.store, RANDOM]
|     HDFS partitions=1/1 files=1 size=119.76KB
|     predicates: tpcds_partitioned_parquet_snap.store.s_zip IS NOT NULL, tpcds_partitioned_parquet_snap.store.s_store_name IS NOT NULL, tpcds_partitioned_parquet_snap.store.s_store_sk IS NOT NULL
|     runtime filters: RF004[min_max] -> tpcds_partitioned_parquet_snap.store.s_store_name, RF005[min_max] -> tpcds_partitioned_parquet_snap.store.s_zip
|     stored statistics:
|       table: rows=1.35K size=119.76KB
|       columns: all
|     extrapolated-rows=disabled max-scan-range-rows=1.35K
|     parquet dictionary predicates: tpcds_partitioned_parquet_snap.store.s_zip IS NOT NULL, tpcds_partitioned_parquet_snap.store.s_store_name IS NOT NULL, tpcds_partitioned_parquet_snap.store.s_store_sk IS NOT NULL
|     mem-estimate=16.00MB mem-reservation=24.00KB thread-reservation=0
|     tuple-ids=33 row-size=37B cardinality=1.34K cost=365
|     in pipelines: 31(GETNEXT)
|
30:HASH JOIN [INNER JOIN, BROADCAST]
|  hash-table-id=29
|  hash predicates: tpcds_partitioned_parquet_snap.store_sales.ss_item_sk = tpcds_partitioned_parquet_snap.catalog_sales.cs_item_sk
|  fk/pk conjuncts: none
|  mem-estimate=0B mem-reservation=0B spill-buffer=128.00KB thread-reservation=0
|  tuple-ids=14,16,18,20,22,24,26,32 row-size=184B cardinality=863.99M cost=157333400
|  in pipelines: 13(GETNEXT), 90(OPEN)
|
|--F79:PLAN FRAGMENT [HASH(tpcds_partitioned_parquet_snap.store_returns.sr_item_sk,tpcds_partitioned_parquet_snap.store_returns.sr_ticket_number)] hosts=10 instances=10
|  |  Per-Instance Resources: mem-estimate=36.13MB mem-reservation=34.50MB thread-reservation=1
|  |  max-parallelism=10 segment-costs=[83878] cpu-comparison-result=240 [max(10 (self) vs 240 (sum children))]
|  JOIN BUILD
|  |  join-table-id=29 plan-id=30 cohort-id=01
|  |  build expressions: tpcds_partitioned_parquet_snap.catalog_sales.cs_item_sk
|  |  runtime filters: RF015[min_max] <- tpcds_partitioned_parquet_snap.catalog_sales.cs_item_sk
|  |  mem-estimate=34.50MB mem-reservation=34.50MB spill-buffer=128.00KB thread-reservation=0 cost=36018
|  |
|  91:EXCHANGE [BROADCAST]
|  |  mem-estimate=1.63MB mem-reservation=0B thread-reservation=0
|  |  tuple-ids=32 row-size=36B cardinality=36.02K cost=47860
|  |  in pipelines: 90(GETNEXT)
|  |
|  F11:PLAN FRAGMENT [HASH(tpcds_partitioned_parquet_snap.catalog_sales.cs_item_sk)] hosts=10 instances=10 (adjusted from 120)
|  Per-Instance Resources: mem-estimate=24.69MB mem-reservation=2.88MB thread-reservation=1
|  max-parallelism=10 segment-costs=[28566307, 4278] cpu-comparison-result=240 [max(10 (self) vs 240 (sum children))]
|  90:AGGREGATE [FINALIZE]
|  |  output: sum:merge(tpcds_partitioned_parquet_snap.catalog_sales.cs_ext_list_price), sum:merge(add(add(tpcds_partitioned_parquet_snap.catalog_returns.cr_refunded_cash, tpcds_partitioned_parquet_snap.catalog_returns.cr_reversed_charge), tpcds_partitioned_parquet_snap.catalog_returns.cr_store_credit))
|  |  group by: tpcds_partitioned_parquet_snap.catalog_sales.cs_item_sk
|  |  having: sum(tpcds_partitioned_parquet_snap.catalog_sales.cs_ext_list_price) > multiply(CAST(2 AS DECIMAL(3,0)), sum(add(add(tpcds_partitioned_parquet_snap.catalog_returns.cr_refunded_cash, tpcds_partitioned_parquet_snap.catalog_returns.cr_reversed_charge), tpcds_partitioned_parquet_snap.catalog_returns.cr_store_credit)))
|  |  mem-estimate=10.00MB mem-reservation=2.88MB spill-buffer=128.00KB thread-reservation=0
|  |  tuple-ids=32 row-size=36B cardinality=36.02K cost=16606891
|  |  in pipelines: 90(GETNEXT), 26(OPEN)
|  |
|  89:EXCHANGE [HASH(tpcds_partitioned_parquet_snap.catalog_sales.cs_item_sk)]
|  |  mem-estimate=14.69MB mem-reservation=0B thread-reservation=0
|  |  tuple-ids=32 row-size=36B cardinality=43.22M cost=11959416
|  |  in pipelines: 26(GETNEXT)
|  |
|  F10:PLAN FRAGMENT [HASH(tpcds_partitioned_parquet_snap.catalog_sales.cs_item_sk,tpcds_partitioned_parquet_snap.catalog_sales.cs_order_number)] hosts=10 instances=120
|  Per-Instance Resources: mem-estimate=23.91MB mem-reservation=2.00MB thread-reservation=1
|  max-parallelism=330 segment-costs=[3269691390, 122472725] cpu-comparison-result=240 [max(240 (self) vs 230 (sum children))]
|  29:AGGREGATE [STREAMING]
|  |  output: sum(tpcds_partitioned_parquet_snap.catalog_sales.cs_ext_list_price), sum(add(add(tpcds_partitioned_parquet_snap.catalog_returns.cr_refunded_cash, tpcds_partitioned_parquet_snap.catalog_returns.cr_reversed_charge), tpcds_partitioned_parquet_snap.catalog_returns.cr_store_credit))
|  |  group by: tpcds_partitioned_parquet_snap.catalog_sales.cs_item_sk
|  |  mem-estimate=10.00MB mem-reservation=2.00MB spill-buffer=64.00KB thread-reservation=0
|  |  tuple-ids=32 row-size=36B cardinality=43.22M cost=1040366503
|  |  in pipelines: 26(GETNEXT)
|  |
|  28:HASH JOIN [INNER JOIN, PARTITIONED]
|  |  hash-table-id=30
|  |  hash predicates: tpcds_partitioned_parquet_snap.catalog_sales.cs_item_sk = tpcds_partitioned_parquet_snap.catalog_returns.cr_item_sk, tpcds_partitioned_parquet_snap.catalog_sales.cs_order_number = tpcds_partitioned_parquet_snap.catalog_returns.cr_order_number
|  |  fk/pk conjuncts: tpcds_partitioned_parquet_snap.catalog_sales.cs_item_sk = tpcds_partitioned_parquet_snap.catalog_returns.cr_item_sk, tpcds_partitioned_parquet_snap.catalog_sales.cs_order_number = tpcds_partitioned_parquet_snap.catalog_returns.cr_order_number
|  |  mem-estimate=0B mem-reservation=0B spill-buffer=2.00MB thread-reservation=0
|  |  tuple-ids=28,30 row-size=40B cardinality=2.56G cost=1490184428
|  |  in pipelines: 26(GETNEXT), 27(OPEN)
|  |
|  |--F80:PLAN FRAGMENT [HASH(tpcds_partitioned_parquet_snap.catalog_sales.cs_item_sk,tpcds_partitioned_parquet_snap.catalog_sales.cs_order_number)] hosts=10 instances=120
|  |  |  Per-Instance Resources: mem-estimate=214.81MB mem-reservation=51.00MB thread-reservation=1 runtime-filters-memory=17.00MB
|  |  |  max-parallelism=330 segment-costs=[527708754]
|  |  JOIN BUILD
|  |  |  join-table-id=30 plan-id=31 cohort-id=10
|  |  |  build expressions: tpcds_partitioned_parquet_snap.catalog_returns.cr_item_sk, tpcds_partitioned_parquet_snap.catalog_returns.cr_order_number
|  |  |  runtime filters: RF030[bloom] <- tpcds_partitioned_parquet_snap.catalog_returns.cr_item_sk, RF031[bloom] <- tpcds_partitioned_parquet_snap.catalog_returns.cr_order_number, RF032[min_max] <- tpcds_partitioned_parquet_snap.catalog_returns.cr_item_sk, RF033[min_max] <- tpcds_partitioned_parquet_snap.catalog_returns.cr_order_number
|  |  |  mem-estimate=184.80MB mem-reservation=34.00MB spill-buffer=2.00MB thread-reservation=0 cost=432016991
|  |  |
|  |  88:EXCHANGE [HASH(tpcds_partitioned_parquet_snap.catalog_returns.cr_item_sk,tpcds_partitioned_parquet_snap.catalog_returns.cr_order_number)]
|  |  |  mem-estimate=13.01MB mem-reservation=0B thread-reservation=0
|  |  |  tuple-ids=30 row-size=24B cardinality=432.02M cost=95691763
|  |  |  in pipelines: 27(GETNEXT)
|  |  |
|  |  F09:PLAN FRAGMENT [RANDOM] hosts=10 instances=110 (adjusted from 120)
|  |  Per-Instance Resources: mem-estimate=29.12MB mem-reservation=40.00KB thread-reservation=1
|  |  max-parallelism=110 segment-costs=[1063885041]
|  |  27:SCAN HDFS [tpcds_partitioned_parquet_snap.catalog_returns, RANDOM]
|  |     HDFS partitions=2060/2060 files=2060 size=32.77GB
|  |     predicates: tpcds_partitioned_parquet_snap.catalog_returns.cr_item_sk IS NOT NULL, tpcds_partitioned_parquet_snap.catalog_returns.cr_order_number IS NOT NULL
|  |     runtime filters: RF003[min_max] -> tpcds_partitioned_parquet_snap.catalog_returns.cr_item_sk
|  |     stored statistics:
|  |       table: rows=432.02M size=32.77GB
|  |       partitions: 2060/2060 rows=432.02M
|  |       columns: all
|  |     extrapolated-rows=disabled max-scan-range-rows=416.82K
|  |     parquet dictionary predicates: tpcds_partitioned_parquet_snap.catalog_returns.cr_item_sk IS NOT NULL, tpcds_partitioned_parquet_snap.catalog_returns.cr_order_number IS NOT NULL
|  |     mem-estimate=16.00MB mem-reservation=40.00KB thread-reservation=0
|  |     tuple-ids=30 row-size=24B cardinality=432.02M cost=173584426
|  |     in pipelines: 27(GETNEXT)
|  |
|  87:EXCHANGE [HASH(tpcds_partitioned_parquet_snap.catalog_sales.cs_item_sk,tpcds_partitioned_parquet_snap.catalog_sales.cs_order_number)]
|  |  mem-estimate=12.34MB mem-reservation=0B thread-reservation=0
|  |  tuple-ids=28 row-size=16B cardinality=4.00G(filtered from 4.32G) cost=739140459
|  |  in pipelines: 26(GETNEXT)
|  |
|  F08:PLAN FRAGMENT [RANDOM] hosts=10 instances=120
|  Per-Host Shared Resources: mem-estimate=17.00MB mem-reservation=17.00MB thread-reservation=0 runtime-filters-memory=17.00MB
|  Per-Instance Resources: mem-estimate=25.38MB mem-reservation=1.00MB thread-reservation=1
|  max-parallelism=750 segment-costs=[7423383372]
|  26:SCAN HDFS [tpcds_partitioned_parquet_snap.catalog_sales, RANDOM]
|     HDFS partitions=1831/1831 files=1831 size=280.96GB
|     predicates: tpcds_partitioned_parquet_snap.catalog_sales.cs_item_sk IS NOT NULL, tpcds_partitioned_parquet_snap.catalog_sales.cs_order_number IS NOT NULL
|     runtime filters: RF032[min_max] -> tpcds_partitioned_parquet_snap.catalog_sales.cs_item_sk, RF033[min_max] -> tpcds_partitioned_parquet_snap.catalog_sales.cs_order_number, RF003[min_max] -> tpcds_partitioned_parquet_snap.catalog_sales.cs_item_sk, RF030[bloom] -> tpcds_partitioned_parquet_snap.catalog_sales.cs_item_sk, RF031[bloom] -> tpcds_partitioned_parquet_snap.catalog_sales.cs_order_number
|     stored statistics:
|       table: rows=4.32G size=280.96GB
|       partitions: 1831/1831 rows=4.32G
|       columns: all
|     extrapolated-rows=disabled max-scan-range-rows=21.52M
|     parquet dictionary predicates: tpcds_partitioned_parquet_snap.catalog_sales.cs_item_sk IS NOT NULL, tpcds_partitioned_parquet_snap.catalog_sales.cs_order_number IS NOT NULL
|     mem-estimate=16.00MB mem-reservation=1.00MB thread-reservation=0
|     tuple-ids=28 row-size=16B cardinality=4.00G(filtered from 4.32G) cost=1238134348
|     in pipelines: 26(GETNEXT)
|
25:HASH JOIN [INNER JOIN, BROADCAST]
|  hash-table-id=31
|  hash predicates: tpcds_partitioned_parquet_snap.store_sales.ss_hdemo_sk = tpcds_partitioned_parquet_snap.household_demographics_0.hd_demo_sk
|  fk/pk conjuncts: tpcds_partitioned_parquet_snap.store_sales.ss_hdemo_sk = tpcds_partitioned_parquet_snap.household_demographics_0.hd_demo_sk
|  mem-estimate=0B mem-reservation=0B spill-buffer=64.00KB thread-reservation=0
|  tuple-ids=14,16,18,20,22,24,26 row-size=148B cardinality=3.03M cost=1346203
|  in pipelines: 13(GETNEXT), 22(OPEN)
|
|--F81:PLAN FRAGMENT [HASH(tpcds_partitioned_parquet_snap.store_returns.sr_item_sk,tpcds_partitioned_parquet_snap.store_returns.sr_ticket_number)] hosts=10 instances=10
|  |  Per-Instance Resources: mem-estimate=23.35MB mem-reservation=23.25MB thread-reservation=1
|  |  max-parallelism=10 segment-costs=[16760] cpu-comparison-result=11 [max(11 (self) vs 2 (sum children))]
|  JOIN BUILD
|  |  join-table-id=31 plan-id=32 cohort-id=01
|  |  build expressions: tpcds_partitioned_parquet_snap.household_demographics_0.hd_demo_sk
|  |  runtime filters: RF017[min_max] <- tpcds_partitioned_parquet_snap.household_demographics_0.hd_demo_sk
|  |  mem-estimate=23.25MB mem-reservation=23.25MB spill-buffer=64.00KB thread-reservation=0 cost=7200
|  |
|  86:EXCHANGE [BROADCAST]
|  |  mem-estimate=104.38KB mem-reservation=0B thread-reservation=0
|  |  tuple-ids=24,26 row-size=12B cardinality=7.20K cost=9560
|  |  in pipelines: 22(GETNEXT)
|  |
|  F06:PLAN FRAGMENT [RANDOM] hosts=1 instances=1
|  Per-Instance Resources: mem-estimate=16.08MB mem-reservation=64.00KB thread-reservation=1
|  max-parallelism=1 segment-costs=[4929]
|  24:HASH JOIN [INNER JOIN, BROADCAST]
|  |  hash-table-id=32
|  |  hash predicates: tpcds_partitioned_parquet_snap.household_demographics_0.hd_income_band_sk = tpcds_partitioned_parquet_snap.income_band_0.ib_income_band_sk
|  |  fk/pk conjuncts: tpcds_partitioned_parquet_snap.household_demographics_0.hd_income_band_sk = tpcds_partitioned_parquet_snap.income_band_0.ib_income_band_sk
|  |  mem-estimate=0B mem-reservation=0B spill-buffer=64.00KB thread-reservation=0
|  |  tuple-ids=24,26 row-size=12B cardinality=7.20K cost=3151
|  |  in pipelines: 22(GETNEXT), 23(OPEN)
|  |
|  |--F82:PLAN FRAGMENT [RANDOM] hosts=1 instances=1
|  |  |  Per-Instance Resources: mem-estimate=1.95MB mem-reservation=1.94MB thread-reservation=1
|  |  |  max-parallelism=1 segment-costs=[22]
|  |  JOIN BUILD
|  |  |  join-table-id=32 plan-id=33 cohort-id=11
|  |  |  build expressions: tpcds_partitioned_parquet_snap.income_band_0.ib_income_band_sk
|  |  |  runtime filters: RF029[min_max] <- tpcds_partitioned_parquet_snap.income_band_0.ib_income_band_sk
|  |  |  mem-estimate=1.94MB mem-reservation=1.94MB spill-buffer=64.00KB thread-reservation=0 cost=20
|  |  |
|  |  85:EXCHANGE [BROADCAST]
|  |  |  mem-estimate=16.00KB mem-reservation=0B thread-reservation=0
|  |  |  tuple-ids=26 row-size=4B cardinality=20 cost=2
|  |  |  in pipelines: 23(GETNEXT)
|  |  |
|  |  F07:PLAN FRAGMENT [RANDOM] hosts=1 instances=1
|  |  Per-Instance Resources: mem-estimate=16.03MB mem-reservation=8.00KB thread-reservation=1
|  |  max-parallelism=1 segment-costs=[1]
|  |  23:SCAN HDFS [tpcds_partitioned_parquet_snap.income_band, RANDOM]
|  |     HDFS partitions=1/1 files=1 size=1.22KB
|  |     predicates: tpcds_partitioned_parquet_snap.income_band_0.ib_income_band_sk IS NOT NULL
|  |     stored statistics:
|  |       table: rows=20 size=1.22KB
|  |       columns: all
|  |     extrapolated-rows=disabled max-scan-range-rows=20
|  |     parquet dictionary predicates: tpcds_partitioned_parquet_snap.income_band_0.ib_income_band_sk IS NOT NULL
|  |     mem-estimate=16.00MB mem-reservation=8.00KB thread-reservation=0
|  |     tuple-ids=26 row-size=4B cardinality=20 cost=1
|  |     in pipelines: 23(GETNEXT)
|  |
|  22:SCAN HDFS [tpcds_partitioned_parquet_snap.household_demographics, RANDOM]
|     HDFS partitions=1/1 files=1 size=41.69KB
|     predicates: tpcds_partitioned_parquet_snap.household_demographics_0.hd_demo_sk IS NOT NULL, tpcds_partitioned_parquet_snap.household_demographics_0.hd_income_band_sk IS NOT NULL
|     runtime filters: RF029[min_max] -> tpcds_partitioned_parquet_snap.household_demographics_0.hd_income_band_sk
|     stored statistics:
|       table: rows=7.20K size=41.69KB
|       columns: all
|     extrapolated-rows=disabled max-scan-range-rows=7.20K
|     parquet dictionary predicates: tpcds_partitioned_parquet_snap.household_demographics_0.hd_demo_sk IS NOT NULL, tpcds_partitioned_parquet_snap.household_demographics_0.hd_income_band_sk IS NOT NULL
|     mem-estimate=16.00MB mem-reservation=64.00KB thread-reservation=0
|     tuple-ids=24 row-size=8B cardinality=7.20K cost=1234
|     in pipelines: 22(GETNEXT)
|
21:HASH JOIN [INNER JOIN, PARTITIONED]
|  hash-table-id=33
|  hash predicates: tpcds_partitioned_parquet_snap.store_returns.sr_item_sk = tpcds_partitioned_parquet_snap.store_sales.ss_item_sk, tpcds_partitioned_parquet_snap.store_returns.sr_ticket_number = tpcds_partitioned_parquet_snap.store_sales.ss_ticket_number
|  fk/pk conjuncts: tpcds_partitioned_parquet_snap.store_returns.sr_item_sk = tpcds_partitioned_parquet_snap.store_sales.ss_item_sk, tpcds_partitioned_parquet_snap.store_returns.sr_ticket_number = tpcds_partitioned_parquet_snap.store_sales.ss_ticket_number
|  mem-estimate=0B mem-reservation=0B spill-buffer=2.00MB thread-reservation=0
|  tuple-ids=14,16,18,20,22 row-size=136B cardinality=3.11M cost=14728555
|  in pipelines: 13(GETNEXT), 14(OPEN)
|
|--F83:PLAN FRAGMENT [HASH(tpcds_partitioned_parquet_snap.store_returns.sr_item_sk,tpcds_partitioned_parquet_snap.store_returns.sr_ticket_number)] hosts=10 instances=120
|  |  Per-Instance Resources: mem-estimate=80.50MB mem-reservation=51.00MB thread-reservation=1 runtime-filters-memory=17.00MB
|  |  max-parallelism=1550 segment-costs=[55695617] cpu-comparison-result=240 [max(240 (self) vs 36 (sum children))]
|  JOIN BUILD
|  |  join-table-id=33 plan-id=34 cohort-id=01
|  |  build expressions: tpcds_partitioned_parquet_snap.store_sales.ss_item_sk, tpcds_partitioned_parquet_snap.store_sales.ss_ticket_number
|  |  runtime filters: RF018[bloom] <- tpcds_partitioned_parquet_snap.store_sales.ss_item_sk, RF019[bloom] <- tpcds_partitioned_parquet_snap.store_sales.ss_ticket_number, RF020[min_max] <- tpcds_partitioned_parquet_snap.store_sales.ss_item_sk, RF021[min_max] <- tpcds_partitioned_parquet_snap.store_sales.ss_ticket_number
|  |  mem-estimate=37.07MB mem-reservation=34.00MB spill-buffer=2.00MB thread-reservation=0 cost=31063332
|  |
|  84:EXCHANGE [HASH(tpcds_partitioned_parquet_snap.store_sales.ss_item_sk,tpcds_partitioned_parquet_snap.store_sales.ss_ticket_number)]
|  |  mem-estimate=26.43MB mem-reservation=0B thread-reservation=0
|  |  tuple-ids=16,18,20,22 row-size=124B cardinality=31.06M cost=24632285
|  |  in pipelines: 14(GETNEXT)
|  |
|  F01:PLAN FRAGMENT [RANDOM] hosts=10 instances=120
|  Per-Host Shared Resources: mem-estimate=2.00MB mem-reservation=2.00MB thread-reservation=0 runtime-filters-memory=2.00MB
|  Per-Instance Resources: mem-estimate=81.73MB mem-reservation=512.00KB thread-reservation=1
|  max-parallelism=370 segment-costs=[3699964557]
|  20:HASH JOIN [INNER JOIN, BROADCAST]
|  |  hash-table-id=34
|  |  hash predicates: tpcds_partitioned_parquet_snap.store_sales.ss_item_sk = tpcds_partitioned_parquet_snap.item.i_item_sk
|  |  fk/pk conjuncts: tpcds_partitioned_parquet_snap.store_sales.ss_item_sk = tpcds_partitioned_parquet_snap.item.i_item_sk
|  |  mem-estimate=0B mem-reservation=0B spill-buffer=64.00KB thread-reservation=0
|  |  tuple-ids=16,18,20,22 row-size=124B cardinality=31.06M cost=49244553
|  |  in pipelines: 14(GETNEXT), 19(OPEN)
|  |
|  |--F84:PLAN FRAGMENT [RANDOM] hosts=10 instances=10
|  |  |  Per-Instance Resources: mem-estimate=24.93MB mem-reservation=24.25MB thread-reservation=1 runtime-filters-memory=1.00MB
|  |  |  max-parallelism=10 segment-costs=[17284]
|  |  JOIN BUILD
|  |  |  join-table-id=34 plan-id=35 cohort-id=12
|  |  |  build expressions: tpcds_partitioned_parquet_snap.item.i_item_sk
|  |  |  runtime filters: RF022[bloom] <- tpcds_partitioned_parquet_snap.item.i_item_sk, RF023[min_max] <- tpcds_partitioned_parquet_snap.item.i_item_sk
|  |  |  mem-estimate=23.25MB mem-reservation=23.25MB spill-buffer=64.00KB thread-reservation=0 cost=7424
|  |  |
|  |  82:EXCHANGE [BROADCAST]
|  |  |  mem-estimate=693.62KB mem-reservation=0B thread-reservation=0
|  |  |  tuple-ids=22 row-size=60B cardinality=7.42K cost=9860
|  |  |  in pipelines: 19(GETNEXT)
|  |  |
|  |  F04:PLAN FRAGMENT [RANDOM] hosts=4 instances=4
|  |  Per-Instance Resources: mem-estimate=16.25MB mem-reservation=512.00KB thread-reservation=1
|  |  max-parallelism=4 segment-costs=[229660]
|  |  19:SCAN HDFS [tpcds_partitioned_parquet_snap.item, RANDOM]
|  |     HDFS partitions=1/1 files=1 size=33.54MB
|  |     predicates: tpcds_partitioned_parquet_snap.item.i_color IN ('almond', 'chocolate', 'drab', 'misty', 'peach', 'saddle'), tpcds_partitioned_parquet_snap.item.i_current_price <= CAST(85 AS DECIMAL(5,0)), tpcds_partitioned_parquet_snap.item.i_current_price >= CAST(76 AS DECIMAL(5,0)), tpcds_partitioned_parquet_snap.item.i_item_sk IS NOT NULL
|  |     runtime filters: RF003[min_max] -> tpcds_partitioned_parquet_snap.item.i_item_sk, RF015[min_max] -> tpcds_partitioned_parquet_snap.item.i_item_sk
|  |     stored statistics:
|  |       table: rows=360.00K size=33.54MB
|  |       columns: all
|  |     extrapolated-rows=disabled max-scan-range-rows=101.54K
|  |     parquet statistics predicates: tpcds_partitioned_parquet_snap.item.i_color IN ('almond', 'chocolate', 'drab', 'misty', 'peach', 'saddle'), tpcds_partitioned_parquet_snap.item.i_current_price <= CAST(85 AS DECIMAL(5,0)), tpcds_partitioned_parquet_snap.item.i_current_price >= CAST(76 AS DECIMAL(5,0))
|  |     parquet dictionary predicates: tpcds_partitioned_parquet_snap.item.i_color IN ('almond', 'chocolate', 'drab', 'misty', 'peach', 'saddle'), tpcds_partitioned_parquet_snap.item.i_current_price <= CAST(85 AS DECIMAL(5,0)), tpcds_partitioned_parquet_snap.item.i_current_price >= CAST(76 AS DECIMAL(5,0)), tpcds_partitioned_parquet_snap.item.i_item_sk IS NOT NULL
|  |     mem-estimate=16.00MB mem-reservation=512.00KB thread-reservation=0
|  |     tuple-ids=22 row-size=60B cardinality=7.42K cost=228293
|  |     in pipelines: 19(GETNEXT)
|  |
|  18:HASH JOIN [INNER JOIN, BROADCAST]
|  |  hash-table-id=35
|  |  hash predicates: tpcds_partitioned_parquet_snap.store_sales.ss_sold_date_sk = tpcds_partitioned_parquet_snap.date_dim_1.d_date_sk
|  |  fk/pk conjuncts: tpcds_partitioned_parquet_snap.store_sales.ss_sold_date_sk = tpcds_partitioned_parquet_snap.date_dim_1.d_date_sk
|  |  mem-estimate=0B mem-reservation=0B spill-buffer=64.00KB thread-reservation=0
|  |  tuple-ids=16,18,20 row-size=64B cardinality=170.04M(filtered from 1.51G) cost=316694600
|  |  in pipelines: 14(GETNEXT), 17(OPEN)
|  |
|  |--F85:PLAN FRAGMENT [RANDOM] hosts=10 instances=10
|  |  |  Per-Instance Resources: mem-estimate=24.27MB mem-reservation=24.25MB thread-reservation=1 runtime-filters-memory=1.00MB
|  |  |  max-parallelism=10 segment-costs=[863]
|  |  JOIN BUILD
|  |  |  join-table-id=35 plan-id=36 cohort-id=12
|  |  |  build expressions: tpcds_partitioned_parquet_snap.date_dim_1.d_date_sk
|  |  |  runtime filters: RF024[bloom] <- tpcds_partitioned_parquet_snap.date_dim_1.d_date_sk
|  |  |  mem-estimate=23.25MB mem-reservation=23.25MB spill-buffer=64.00KB thread-reservation=0 cost=373
|  |  |
|  |  81:EXCHANGE [BROADCAST]
|  |  |  mem-estimate=16.00KB mem-reservation=0B thread-reservation=0
|  |  |  tuple-ids=20 row-size=8B cardinality=373 cost=490
|  |  |  in pipelines: 17(GETNEXT)
|  |  |
|  |  F03:PLAN FRAGMENT [RANDOM] hosts=1 instances=1
|  |  Per-Instance Resources: mem-estimate=16.05MB mem-reservation=512.00KB thread-reservation=1
|  |  max-parallelism=1 segment-costs=[12536]
|  |  17:SCAN HDFS [tpcds_partitioned_parquet_snap.date_dim, RANDOM]
|  |     HDFS partitions=1/1 files=1 size=2.17MB
|  |     predicates: tpcds_partitioned_parquet_snap.date_dim_1.d_year = CAST(2000 AS INT), tpcds_partitioned_parquet_snap.date_dim_1.d_date_sk IS NOT NULL
|  |     stored statistics:
|  |       table: rows=73.05K size=2.17MB
|  |       columns: all
|  |     extrapolated-rows=disabled max-scan-range-rows=73.05K
|  |     parquet statistics predicates: tpcds_partitioned_parquet_snap.date_dim_1.d_year = CAST(2000 AS INT)
|  |     parquet dictionary predicates: tpcds_partitioned_parquet_snap.date_dim_1.d_year = CAST(2000 AS INT), tpcds_partitioned_parquet_snap.date_dim_1.d_date_sk IS NOT NULL
|  |     mem-estimate=16.00MB mem-reservation=512.00KB thread-reservation=0
|  |     tuple-ids=20 row-size=8B cardinality=373 cost=12520
|  |     in pipelines: 17(GETNEXT)
|  |
|  16:HASH JOIN [INNER JOIN, BROADCAST]
|  |  hash-table-id=36
|  |  hash predicates: tpcds_partitioned_parquet_snap.store_sales.ss_promo_sk = tpcds_partitioned_parquet_snap.promotion.p_promo_sk
|  |  fk/pk conjuncts: tpcds_partitioned_parquet_snap.store_sales.ss_promo_sk = tpcds_partitioned_parquet_snap.promotion.p_promo_sk
|  |  mem-estimate=0B mem-reservation=0B spill-buffer=64.00KB thread-reservation=0
|  |  tuple-ids=16,18 row-size=56B cardinality=170.04M(filtered from 7.37G) cost=1378992792
|  |  in pipelines: 14(GETNEXT), 15(OPEN)
|  |
|  |--F86:PLAN FRAGMENT [RANDOM] hosts=10 instances=10
|  |  |  Per-Instance Resources: mem-estimate=23.27MB mem-reservation=23.25MB thread-reservation=1
|  |  |  max-parallelism=10 segment-costs=[4190]
|  |  JOIN BUILD
|  |  |  join-table-id=36 plan-id=37 cohort-id=12
|  |  |  build expressions: tpcds_partitioned_parquet_snap.promotion.p_promo_sk
|  |  |  runtime filters: RF027[min_max] <- tpcds_partitioned_parquet_snap.promotion.p_promo_sk
|  |  |  mem-estimate=23.25MB mem-reservation=23.25MB spill-buffer=64.00KB thread-reservation=0 cost=1800
|  |  |
|  |  80:EXCHANGE [BROADCAST]
|  |  |  mem-estimate=16.00KB mem-reservation=0B thread-reservation=0
|  |  |  tuple-ids=18 row-size=4B cardinality=1.80K cost=2390
|  |  |  in pipelines: 15(GETNEXT)
|  |  |
|  |  F02:PLAN FRAGMENT [RANDOM] hosts=1 instances=1
|  |  Per-Instance Resources: mem-estimate=16.03MB mem-reservation=32.00KB thread-reservation=1
|  |  max-parallelism=1 segment-costs=[212]
|  |  15:SCAN HDFS [tpcds_partitioned_parquet_snap.promotion, RANDOM]
|  |     HDFS partitions=1/1 files=1 size=100.50KB
|  |     predicates: tpcds_partitioned_parquet_snap.promotion.p_promo_sk IS NOT NULL
|  |     stored statistics:
|  |       table: rows=1.80K size=100.50KB
|  |       columns: all
|  |     extrapolated-rows=disabled max-scan-range-rows=1.80K
|  |     parquet dictionary predicates: tpcds_partitioned_parquet_snap.promotion.p_promo_sk IS NOT NULL
|  |     mem-estimate=16.00MB mem-reservation=32.00KB thread-reservation=0
|  |     tuple-ids=18 row-size=4B cardinality=1.80K cost=154
|  |     in pipelines: 15(GETNEXT)
|  |
|  14:SCAN HDFS [tpcds_partitioned_parquet_snap.store_sales, RANDOM]
|     partition predicates: tpcds_partitioned_parquet_snap.store_sales.ss_sold_date_sk IS NOT NULL
|     HDFS partitions=1823/1824 files=1823 size=389.69GB
|     predicates: tpcds_partitioned_parquet_snap.store_sales.ss_customer_sk IS NOT NULL, tpcds_partitioned_parquet_snap.store_sales.ss_cdemo_sk IS NOT NULL, tpcds_partitioned_parquet_snap.store_sales.ss_promo_sk IS NOT NULL, tpcds_partitioned_parquet_snap.store_sales.ss_hdemo_sk IS NOT NULL, tpcds_partitioned_parquet_snap.store_sales.ss_addr_sk IS NOT NULL, tpcds_partitioned_parquet_snap.store_sales.ss_store_sk IS NOT NULL, tpcds_partitioned_parquet_snap.store_sales.ss_item_sk IS NOT NULL, tpcds_partitioned_parquet_snap.store_sales.ss_ticket_number IS NOT NULL
|     runtime filters: RF023[min_max] -> tpcds_partitioned_parquet_snap.store_sales.ss_item_sk, RF011[min_max] -> tpcds_partitioned_parquet_snap.store_sales.ss_addr_sk, RF017[min_max] -> tpcds_partitioned_parquet_snap.store_sales.ss_hdemo_sk, RF007[min_max] -> tpcds_partitioned_parquet_snap.store_sales.ss_cdemo_sk, RF003[min_max] -> tpcds_partitioned_parquet_snap.store_sales.ss_item_sk, RF009[min_max] -> tpcds_partitioned_parquet_snap.store_sales.ss_customer_sk, RF013[min_max] -> tpcds_partitioned_parquet_snap.store_sales.ss_store_sk, RF027[min_max] -> tpcds_partitioned_parquet_snap.store_sales.ss_promo_sk, RF015[min_max] -> tpcds_partitioned_parquet_snap.store_sales.ss_item_sk, RF022[bloom] -> tpcds_partitioned_parquet_snap.store_sales.ss_item_sk, RF024[bloom] -> tpcds_partitioned_parquet_snap.store_sales.ss_sold_date_sk
|     stored statistics:
|       table: rows=8.64G size=389.90GB
|       partitions: 1823/1823 rows=8.25G
|       columns: all
|     extrapolated-rows=disabled max-scan-range-rows=12.24M est-scan-range=373(filtered from 1823)
|     parquet dictionary predicates: tpcds_partitioned_parquet_snap.store_sales.ss_customer_sk IS NOT NULL, tpcds_partitioned_parquet_snap.store_sales.ss_cdemo_sk IS NOT NULL, tpcds_partitioned_parquet_snap.store_sales.ss_promo_sk IS NOT NULL, tpcds_partitioned_parquet_snap.store_sales.ss_hdemo_sk IS NOT NULL, tpcds_partitioned_parquet_snap.store_sales.ss_addr_sk IS NOT NULL, tpcds_partitioned_parquet_snap.store_sales.ss_store_sk IS NOT NULL, tpcds_partitioned_parquet_snap.store_sales.ss_item_sk IS NOT NULL, tpcds_partitioned_parquet_snap.store_sales.ss_ticket_number IS NOT NULL
|     mem-estimate=16.00MB mem-reservation=512.00KB thread-reservation=0
|     tuple-ids=16 row-size=52B cardinality=170.04M(filtered from 7.37G) cost=1642492694
|     in pipelines: 14(GETNEXT)
|
83:EXCHANGE [HASH(tpcds_partitioned_parquet_snap.store_returns.sr_item_sk,tpcds_partitioned_parquet_snap.store_returns.sr_ticket_number)]
|  mem-estimate=10.47MB mem-reservation=0B thread-reservation=0
|  tuple-ids=14 row-size=12B cardinality=55.23M(filtered from 863.99M) cost=9184227
|  in pipelines: 13(GETNEXT)
|
F00:PLAN FRAGMENT [RANDOM] hosts=10 instances=30 (adjusted from 120)
Per-Host Shared Resources: mem-estimate=17.00MB mem-reservation=17.00MB thread-reservation=0 runtime-filters-memory=17.00MB
Per-Instance Resources: mem-estimate=23.50MB mem-reservation=512.00KB thread-reservation=1
max-parallelism=30 segment-costs=[268985600]
13:SCAN HDFS [tpcds_partitioned_parquet_snap.store_returns, RANDOM]
   HDFS partitions=2004/2004 files=2004 size=48.14GB
   predicates: tpcds_partitioned_parquet_snap.store_returns.sr_item_sk IS NOT NULL, tpcds_partitioned_parquet_snap.store_returns.sr_ticket_number IS NOT NULL
   runtime filters: RF020[min_max] -> tpcds_partitioned_parquet_snap.store_returns.sr_item_sk, RF021[min_max] -> tpcds_partitioned_parquet_snap.store_returns.sr_ticket_number, RF003[min_max] -> tpcds_partitioned_parquet_snap.store_returns.sr_item_sk, RF015[min_max] -> tpcds_partitioned_parquet_snap.store_returns.sr_item_sk, RF018[bloom] -> tpcds_partitioned_parquet_snap.store_returns.sr_item_sk, RF019[bloom] -> tpcds_partitioned_parquet_snap.store_returns.sr_ticket_number
   stored statistics:
     table: rows=863.99M size=48.14GB
     partitions: 2004/2004 rows=863.99M
     columns: all
   extrapolated-rows=disabled max-scan-range-rows=30.09M
   parquet dictionary predicates: tpcds_partitioned_parquet_snap.store_returns.sr_item_sk IS NOT NULL, tpcds_partitioned_parquet_snap.store_returns.sr_ticket_number IS NOT NULL
   mem-estimate=16.00MB mem-reservation=512.00KB thread-reservation=0
   tuple-ids=14 row-size=12B cardinality=55.23M(filtered from 863.99M) cost=197853396
   in pipelines: 13(GETNEXT)
---- PARALLELPLANS
Max Per-Host Resource Reservation: Memory=7.29GB Threads=285
Per-Host Resource Estimates: Memory=106.33GB
F49:PLAN FRAGMENT [UNPARTITIONED] hosts=1 instances=1
|  Per-Instance Resources: mem-estimate=1.21GB mem-reservation=4.00MB thread-reservation=1
|  max-parallelism=1 segment-costs=[18089008188] cpu-comparison-result=1230 [max(1 (self) vs 1230 (sum children))]
PLAN-ROOT SINK
|  output exprs: tpcds_partitioned_parquet_snap.item.i_product_name, tpcds_partitioned_parquet_snap.store.s_store_name, tpcds_partitioned_parquet_snap.store.s_zip, tpcds_partitioned_parquet_snap.customer_address_0.ca_street_number, tpcds_partitioned_parquet_snap.customer_address_0.ca_street_name, tpcds_partitioned_parquet_snap.customer_address_0.ca_city, tpcds_partitioned_parquet_snap.customer_address_0.ca_zip, tpcds_partitioned_parquet_snap.customer_address.ca_street_number, tpcds_partitioned_parquet_snap.customer_address.ca_street_name, tpcds_partitioned_parquet_snap.customer_address.ca_city, tpcds_partitioned_parquet_snap.customer_address.ca_zip, CAST(2000 AS INT), count(), sum(tpcds_partitioned_parquet_snap.store_sales.ss_wholesale_cost), sum(tpcds_partitioned_parquet_snap.store_sales.ss_list_price), sum(tpcds_partitioned_parquet_snap.store_sales.ss_coupon_amt), sum(tpcds_partitioned_parquet_snap.store_sales_0.ss_wholesale_cost), sum(tpcds_partitioned_parquet_snap.store_sales_0.ss_list_price), sum(tpcds_partitioned_parquet_snap.store_sales_0.ss_coupon_amt), CAST(2001 AS INT), count()
|  mem-estimate=100.00MB mem-reservation=4.00MB spill-buffer=2.00MB thread-reservation=0 cost=17340313600
|
132:MERGING-EXCHANGE [UNPARTITIONED]
|  order by: tpcds_partitioned_parquet_snap.item.i_product_name ASC NULLS LAST, tpcds_partitioned_parquet_snap.store.s_store_name ASC NULLS LAST, count() ASC NULLS LAST, sum(tpcds_partitioned_parquet_snap.store_sales.ss_wholesale_cost) ASC NULLS LAST, sum(tpcds_partitioned_parquet_snap.store_sales_0.ss_wholesale_cost) ASC NULLS LAST
|  mem-estimate=1.11GB mem-reservation=0B thread-reservation=0
|  tuple-ids=80 row-size=327B cardinality=825.73M cost=748694588
|  in pipelines: 79(GETNEXT)
|
F48:PLAN FRAGMENT [HASH(tpcds_partitioned_parquet_snap.item.i_item_sk,tpcds_partitioned_parquet_snap.store.s_store_name,tpcds_partitioned_parquet_snap.store.s_zip)] hosts=10 instances=110 (adjusted from 10)
Per-Instance Resources: mem-estimate=2.33GB mem-reservation=12.00MB thread-reservation=1
max-parallelism=1370 segment-costs=[13606003862, 7331793094] cpu-comparison-result=1230 [max(110 (self) vs 1230 (sum children))]
79:SORT
|  order by: tpcds_partitioned_parquet_snap.item.i_product_name ASC NULLS LAST, tpcds_partitioned_parquet_snap.store.s_store_name ASC NULLS LAST, count() ASC NULLS LAST, sum(tpcds_partitioned_parquet_snap.store_sales.ss_wholesale_cost) ASC NULLS LAST, sum(tpcds_partitioned_parquet_snap.store_sales_0.ss_wholesale_cost) ASC NULLS LAST
|  mem-estimate=2.29GB mem-reservation=12.00MB spill-buffer=2.00MB thread-reservation=0
|  tuple-ids=80 row-size=327B cardinality=825.73M cost=12078275628
|  in pipelines: 79(GETNEXT), 104(OPEN)
|
78:HASH JOIN [INNER JOIN, PARTITIONED]
|  hash-table-id=00
|  hash predicates: tpcds_partitioned_parquet_snap.item.i_item_sk = tpcds_partitioned_parquet_snap.item_0.i_item_sk, tpcds_partitioned_parquet_snap.store.s_store_name = tpcds_partitioned_parquet_snap.store_0.s_store_name, tpcds_partitioned_parquet_snap.store.s_zip = tpcds_partitioned_parquet_snap.store_0.s_zip
|  fk/pk conjuncts: tpcds_partitioned_parquet_snap.item.i_item_sk = tpcds_partitioned_parquet_snap.item_0.i_item_sk, tpcds_partitioned_parquet_snap.store.s_store_name = tpcds_partitioned_parquet_snap.store_0.s_store_name, tpcds_partitioned_parquet_snap.store.s_zip = tpcds_partitioned_parquet_snap.store_0.s_zip
|  other join predicates: count() <= count()
|  mem-estimate=0B mem-reservation=0B spill-buffer=2.00MB thread-reservation=0
|  tuple-ids=39,79 row-size=566B cardinality=825.73M cost=361421688
|  in pipelines: 104(GETNEXT), 129(OPEN)
|
|--F50:PLAN FRAGMENT [HASH(tpcds_partitioned_parquet_snap.item.i_item_sk,tpcds_partitioned_parquet_snap.store.s_store_name,tpcds_partitioned_parquet_snap.store.s_zip)] hosts=10 instances=110 (adjusted from 10)
|  |  Per-Instance Resources: mem-estimate=2.24GB mem-reservation=34.00MB thread-reservation=1
|  |  max-parallelism=1370 segment-costs=[1992035786] cpu-comparison-result=615 [max(110 (self) vs 615 (sum children))]
|  JOIN BUILD
|  |  join-table-id=00 plan-id=01 cohort-id=01
|  |  build expressions: tpcds_partitioned_parquet_snap.item_0.i_item_sk, tpcds_partitioned_parquet_snap.store_0.s_store_name, tpcds_partitioned_parquet_snap.store_0.s_zip
|  |  runtime filters: RF003[min_max] <- tpcds_partitioned_parquet_snap.item_0.i_item_sk, RF004[min_max] <- tpcds_partitioned_parquet_snap.store_0.s_store_name, RF005[min_max] <- tpcds_partitioned_parquet_snap.store_0.s_zip
|  |  mem-estimate=2.20GB mem-reservation=34.00MB spill-buffer=2.00MB thread-reservation=0 cost=825729240
|  |
|  131:EXCHANGE [HASH(tpcds_partitioned_parquet_snap.item_0.i_item_sk,tpcds_partitioned_parquet_snap.store_0.s_store_name,tpcds_partitioned_parquet_snap.store_0.s_zip)]
|  |  mem-estimate=43.62MB mem-reservation=0B thread-reservation=0
|  |  tuple-ids=79 row-size=283B cardinality=825.73M cost=1166306546
|  |  in pipelines: 129(GETNEXT)
|  |
|  F47:PLAN FRAGMENT [HASH(tpcds_partitioned_parquet_snap.item_0.i_product_name,tpcds_partitioned_parquet_snap.item_0.i_item_sk,tpcds_partitioned_parquet_snap.store_0.s_store_name,tpcds_partitioned_parquet_snap.store_0.s_zip,tpcds_partitioned_parquet_snap.customer_address_2.ca_street_number,tpcds_partitioned_parquet_snap.customer_address_2.ca_street_name,tpcds_partitioned_parquet_snap.customer_address_2.ca_city,tpcds_partitioned_parquet_snap.customer_address_2.ca_zip,tpcds_partitioned_parquet_snap.customer_address_1.ca_street_number,tpcds_partitioned_parquet_snap.customer_address_1.ca_street_name,tpcds_partitioned_parquet_snap.customer_address_1.ca_city,tpcds_partitioned_parquet_snap.customer_address_1.ca_zip,tpcds_partitioned_parquet_snap.date_dim_2.d_year,tpcds_partitioned_parquet_snap.date_dim_3.d_year)] hosts=10 instances=120
|  Per-Instance Resources: mem-estimate=635.45MB mem-reservation=34.00MB thread-reservation=1
|  max-parallelism=1550 segment-costs=[6213659098, 15469368099] cpu-comparison-result=615 [max(120 (self) vs 615 (sum children))]
|  129:AGGREGATE [FINALIZE]
|  |  output: count:merge(), sum:merge(tpcds_partitioned_parquet_snap.store_sales_0.ss_wholesale_cost), sum:merge(tpcds_partitioned_parquet_snap.store_sales_0.ss_list_price), sum:merge(tpcds_partitioned_parquet_snap.store_sales_0.ss_coupon_amt)
|  |  group by: tpcds_partitioned_parquet_snap.item_0.i_product_name, tpcds_partitioned_parquet_snap.item_0.i_item_sk, tpcds_partitioned_parquet_snap.store_0.s_store_name, tpcds_partitioned_parquet_snap.store_0.s_zip, tpcds_partitioned_parquet_snap.customer_address_2.ca_street_number, tpcds_partitioned_parquet_snap.customer_address_2.ca_street_name, tpcds_partitioned_parquet_snap.customer_address_2.ca_city, tpcds_partitioned_parquet_snap.customer_address_2.ca_zip, tpcds_partitioned_parquet_snap.customer_address_1.ca_street_number, tpcds_partitioned_parquet_snap.customer_address_1.ca_street_name, tpcds_partitioned_parquet_snap.customer_address_1.ca_city, tpcds_partitioned_parquet_snap.customer_address_1.ca_zip, tpcds_partitioned_parquet_snap.date_dim_2.d_year, tpcds_partitioned_parquet_snap.date_dim_3.d_year
|  |  mem-estimate=512.17MB mem-reservation=34.00MB spill-buffer=2.00MB thread-reservation=0
|  |  tuple-ids=79 row-size=283B cardinality=825.73M cost=5047352552
|  |  in pipelines: 129(GETNEXT), 52(OPEN)
|  |
|  128:EXCHANGE [HASH(tpcds_partitioned_parquet_snap.item_0.i_product_name,tpcds_partitioned_parquet_snap.item_0.i_item_sk,tpcds_partitioned_parquet_snap.store_0.s_store_name,tpcds_partitioned_parquet_snap.store_0.s_zip,tpcds_partitioned_parquet_snap.customer_address_2.ca_street_number,tpcds_partitioned_parquet_snap.customer_address_2.ca_street_name,tpcds_partitioned_parquet_snap.customer_address_2.ca_city,tpcds_partitioned_parquet_snap.customer_address_2.ca_zip,tpcds_partitioned_parquet_snap.customer_address_1.ca_street_number,tpcds_partitioned_parquet_snap.customer_address_1.ca_street_name,tpcds_partitioned_parquet_snap.customer_address_1.ca_city,tpcds_partitioned_parquet_snap.customer_address_1.ca_zip,tpcds_partitioned_parquet_snap.date_dim_2.d_year,tpcds_partitioned_parquet_snap.date_dim_3.d_year)]
|  |  mem-estimate=43.62MB mem-reservation=0B thread-reservation=0
|  |  tuple-ids=79 row-size=283B cardinality=825.73M cost=1166306546
|  |  in pipelines: 52(GETNEXT)
|  |
|  F29:PLAN FRAGMENT [HASH(tpcds_partitioned_parquet_snap.store_returns_0.sr_item_sk,tpcds_partitioned_parquet_snap.store_returns_0.sr_ticket_number)] hosts=10 instances=120
|  Per-Instance Resources: mem-estimate=657.07MB mem-reservation=34.00MB thread-reservation=1
|  max-parallelism=1550 segment-costs=[6711155090, 15469368099] cpu-comparison-result=615 [max(150 (self) vs 615 (sum children))]
|  77:AGGREGATE [STREAMING]
|  |  output: count(), sum(tpcds_partitioned_parquet_snap.store_sales_0.ss_wholesale_cost), sum(tpcds_partitioned_parquet_snap.store_sales_0.ss_list_price), sum(tpcds_partitioned_parquet_snap.store_sales_0.ss_coupon_amt)
|  |  group by: tpcds_partitioned_parquet_snap.item_0.i_product_name, tpcds_partitioned_parquet_snap.item_0.i_item_sk, tpcds_partitioned_parquet_snap.store_0.s_store_name, tpcds_partitioned_parquet_snap.store_0.s_zip, tpcds_partitioned_parquet_snap.customer_address_2.ca_street_number, tpcds_partitioned_parquet_snap.customer_address_2.ca_street_name, tpcds_partitioned_parquet_snap.customer_address_2.ca_city, tpcds_partitioned_parquet_snap.customer_address_2.ca_zip, tpcds_partitioned_parquet_snap.customer_address_1.ca_street_number, tpcds_partitioned_parquet_snap.customer_address_1.ca_street_name, tpcds_partitioned_parquet_snap.customer_address_1.ca_city, tpcds_partitioned_parquet_snap.customer_address_1.ca_zip, tpcds_partitioned_parquet_snap.date_dim_2.d_year, tpcds_partitioned_parquet_snap.date_dim_3.d_year
|  |  mem-estimate=512.11MB mem-reservation=34.00MB spill-buffer=2.00MB thread-reservation=0
|  |  tuple-ids=79 row-size=283B cardinality=825.73M cost=5047352552
|  |  in pipelines: 52(GETNEXT)
|  |
|  76:HASH JOIN [INNER JOIN, BROADCAST]
|  |  hash-table-id=01
|  |  hash predicates: tpcds_partitioned_parquet_snap.store_sales_0.ss_cdemo_sk = tpcds_partitioned_parquet_snap.customer_demographics_2.cd_demo_sk
|  |  fk/pk conjuncts: tpcds_partitioned_parquet_snap.store_sales_0.ss_cdemo_sk = tpcds_partitioned_parquet_snap.customer_demographics_2.cd_demo_sk
|  |  other join predicates: tpcds_partitioned_parquet_snap.customer_demographics_2.cd_marital_status != tpcds_partitioned_parquet_snap.customer_demographics_1.cd_marital_status
|  |  mem-estimate=0B mem-reservation=0B spill-buffer=2.00MB thread-reservation=0
|  |  tuple-ids=54,56,58,60,62,64,66,72,73,75,40,42,44,46,48,50,52,77 row-size=462B cardinality=825.73M cost=364047129
|  |  in pipelines: 52(GETNEXT), 75(OPEN)
|  |
|  |--F51:PLAN FRAGMENT [HASH(tpcds_partitioned_parquet_snap.store_returns_0.sr_item_sk,tpcds_partitioned_parquet_snap.store_returns_0.sr_ticket_number)] hosts=10 instances=10
|  |  |  Per-Instance Resources: mem-estimate=418.21MB mem-reservation=408.00MB thread-reservation=1
|  |  |  max-parallelism=10 segment-costs=[4473540]
|  |  JOIN BUILD
|  |  |  join-table-id=01 plan-id=02 cohort-id=02
|  |  |  build expressions: tpcds_partitioned_parquet_snap.customer_demographics_2.cd_demo_sk
|  |  |  runtime filters: RF047[min_max] <- tpcds_partitioned_parquet_snap.customer_demographics_2.cd_demo_sk
|  |  |  mem-estimate=408.00MB mem-reservation=408.00MB spill-buffer=2.00MB thread-reservation=0 cost=1920800
|  |  |
|  |  127:EXCHANGE [BROADCAST]
|  |  |  mem-estimate=10.21MB mem-reservation=0B thread-reservation=0
|  |  |  tuple-ids=77 row-size=17B cardinality=1.92M cost=2552740
|  |  |  in pipelines: 75(GETNEXT)
|  |  |
|  |  F46:PLAN FRAGMENT [RANDOM] hosts=10 instances=10
|  |  Per-Instance Resources: mem-estimate=16.08MB mem-reservation=1.00MB thread-reservation=1
|  |  max-parallelism=10 segment-costs=[375900]
|  |  75:SCAN HDFS [tpcds_partitioned_parquet_snap.customer_demographics, RANDOM]
|  |     HDFS partitions=1/1 files=1 size=11.15MB
|  |     predicates: tpcds_partitioned_parquet_snap.customer_demographics_2.cd_demo_sk IS NOT NULL, tpcds_partitioned_parquet_snap.customer_demographics_2.cd_marital_status IS NOT NULL
|  |     stored statistics:
|  |       table: rows=1.92M size=11.15MB
|  |       columns: all
|  |     extrapolated-rows=disabled max-scan-range-rows=197.97K
|  |     parquet dictionary predicates: tpcds_partitioned_parquet_snap.customer_demographics_2.cd_demo_sk IS NOT NULL, tpcds_partitioned_parquet_snap.customer_demographics_2.cd_marital_status IS NOT NULL
|  |     mem-estimate=16.00MB mem-reservation=1.00MB thread-reservation=0
|  |     tuple-ids=77 row-size=17B cardinality=1.92M cost=246246
|  |     in pipelines: 75(GETNEXT)
|  |
|  74:HASH JOIN [INNER JOIN, BROADCAST]
|  |  hash-table-id=02
|  |  hash predicates: tpcds_partitioned_parquet_snap.store_sales_0.ss_customer_sk = tpcds_partitioned_parquet_snap.customer_0.c_customer_sk
|  |  fk/pk conjuncts: none
|  |  mem-estimate=0B mem-reservation=0B spill-buffer=2.00MB thread-reservation=0
|  |  tuple-ids=54,56,58,60,62,64,66,72,73,75,40,42,44,46,48,50,52 row-size=445B cardinality=835.96M cost=365901826
|  |  in pipelines: 52(GETNEXT), 39(OPEN)
|  |
|  |--F52:PLAN FRAGMENT [HASH(tpcds_partitioned_parquet_snap.store_returns_0.sr_item_sk,tpcds_partitioned_parquet_snap.store_returns_0.sr_ticket_number)] hosts=10 instances=10
|  |  |  Per-Instance Resources: mem-estimate=4.43GB mem-reservation=408.00MB thread-reservation=1
|  |  |  max-parallelism=10 segment-costs=[62546093] cpu-comparison-result=73 [max(30 (self) vs 73 (sum children))]
|  |  JOIN BUILD
|  |  |  join-table-id=02 plan-id=03 cohort-id=02
|  |  |  build expressions: tpcds_partitioned_parquet_snap.customer_0.c_customer_sk
|  |  |  runtime filters: RF049[min_max] <- tpcds_partitioned_parquet_snap.customer_0.c_customer_sk
|  |  |  mem-estimate=4.42GB mem-reservation=408.00MB spill-buffer=2.00MB thread-reservation=0 cost=26855343
|  |  |
|  |  126:EXCHANGE [BROADCAST]
|  |  |  mem-estimate=11.70MB mem-reservation=0B thread-reservation=0
|  |  |  tuple-ids=40,42,44,46,48,50,52 row-size=147B cardinality=26.86M cost=35690750
|  |  |  in pipelines: 39(GETNEXT)
|  |  |
|  |  F45:PLAN FRAGMENT [HASH(tpcds_partitioned_parquet_snap.customer_0.c_current_addr_sk)] hosts=10 instances=10
|  |  Per-Instance Resources: mem-estimate=11.59MB mem-reservation=0B thread-reservation=1
|  |  max-parallelism=10 segment-costs=[42890739]
|  |  51:HASH JOIN [INNER JOIN, PARTITIONED]
|  |  |  hash-table-id=03
|  |  |  hash predicates: tpcds_partitioned_parquet_snap.customer_0.c_current_addr_sk = tpcds_partitioned_parquet_snap.customer_address_1.ca_address_sk
|  |  |  fk/pk conjuncts: tpcds_partitioned_parquet_snap.customer_0.c_current_addr_sk = tpcds_partitioned_parquet_snap.customer_address_1.ca_address_sk
|  |  |  mem-estimate=0B mem-reservation=0B spill-buffer=2.00MB thread-reservation=0
|  |  |  tuple-ids=40,42,44,46,48,50,52 row-size=147B cardinality=26.86M cost=11754583
|  |  |  in pipelines: 39(GETNEXT), 50(OPEN)
|  |  |
|  |  |--F53:PLAN FRAGMENT [HASH(tpcds_partitioned_parquet_snap.customer_0.c_current_addr_sk)] hosts=10 instances=10
|  |  |  |  Per-Instance Resources: mem-estimate=160.14MB mem-reservation=34.00MB thread-reservation=1
|  |  |  |  max-parallelism=10 segment-costs=[22017902]
|  |  |  JOIN BUILD
|  |  |  |  join-table-id=03 plan-id=04 cohort-id=03
|  |  |  |  build expressions: tpcds_partitioned_parquet_snap.customer_address_1.ca_address_sk
|  |  |  |  runtime filters: RF075[min_max] <- tpcds_partitioned_parquet_snap.customer_address_1.ca_address_sk
|  |  |  |  mem-estimate=149.35MB mem-reservation=34.00MB spill-buffer=2.00MB thread-reservation=0 cost=15000000
|  |  |  |
|  |  |  125:EXCHANGE [HASH(tpcds_partitioned_parquet_snap.customer_address_1.ca_address_sk)]
|  |  |  |  mem-estimate=10.80MB mem-reservation=0B thread-reservation=0
|  |  |  |  tuple-ids=52 row-size=78B cardinality=15.00M cost=7017902
|  |  |  |  in pipelines: 50(GETNEXT)
|  |  |  |
|  |  |  F44:PLAN FRAGMENT [RANDOM] hosts=10 instances=10
|  |  |  Per-Instance Resources: mem-estimate=19.19MB mem-reservation=128.00KB thread-reservation=1
|  |  |  max-parallelism=10 segment-costs=[89453349]
|  |  |  50:SCAN HDFS [tpcds_partitioned_parquet_snap.customer_address, RANDOM]
|  |  |     HDFS partitions=1/1 files=1 size=307.36MB
|  |  |     predicates: tpcds_partitioned_parquet_snap.customer_address_1.ca_address_sk IS NOT NULL
|  |  |     stored statistics:
|  |  |       table: rows=15.00M size=307.36MB
|  |  |       columns: all
|  |  |     extrapolated-rows=disabled max-scan-range-rows=1.58M
|  |  |     parquet dictionary predicates: tpcds_partitioned_parquet_snap.customer_address_1.ca_address_sk IS NOT NULL
|  |  |     mem-estimate=16.00MB mem-reservation=128.00KB thread-reservation=0
|  |  |     tuple-ids=52 row-size=78B cardinality=15.00M cost=6805716
|  |  |     in pipelines: 50(GETNEXT)
|  |  |
|  |  124:EXCHANGE [HASH(tpcds_partitioned_parquet_snap.customer_0.c_current_addr_sk)]
|  |  |  mem-estimate=10.91MB mem-reservation=0B thread-reservation=0
|  |  |  tuple-ids=40,42,44,46,48,50 row-size=69B cardinality=26.86M cost=16448897
|  |  |  in pipelines: 39(GETNEXT)
|  |  |
|  |  F38:PLAN FRAGMENT [RANDOM] hosts=10 instances=10
|  |  Per-Instance Resources: mem-estimate=19.63MB mem-reservation=1.00MB thread-reservation=1
|  |  max-parallelism=10 segment-costs=[265911830]
|  |  49:HASH JOIN [INNER JOIN, BROADCAST]
|  |  |  hash-table-id=04
|  |  |  hash predicates: tpcds_partitioned_parquet_snap.customer_0.c_current_hdemo_sk = tpcds_partitioned_parquet_snap.household_demographics_1.hd_demo_sk
|  |  |  fk/pk conjuncts: tpcds_partitioned_parquet_snap.customer_0.c_current_hdemo_sk = tpcds_partitioned_parquet_snap.household_demographics_1.hd_demo_sk
|  |  |  mem-estimate=0B mem-reservation=0B spill-buffer=64.00KB thread-reservation=0
|  |  |  tuple-ids=40,42,44,46,48,50 row-size=69B cardinality=26.86M cost=11922966
|  |  |  in pipelines: 39(GETNEXT), 46(OPEN)
|  |  |
|  |  |--F54:PLAN FRAGMENT [RANDOM] hosts=10 instances=10
|  |  |  |  Per-Instance Resources: mem-estimate=2.04MB mem-reservation=1.94MB thread-reservation=1
|  |  |  |  max-parallelism=10 segment-costs=[16760] cpu-comparison-result=11 [max(11 (self) vs 2 (sum children))]
|  |  |  JOIN BUILD
|  |  |  |  join-table-id=04 plan-id=05 cohort-id=03
|  |  |  |  build expressions: tpcds_partitioned_parquet_snap.household_demographics_1.hd_demo_sk
|  |  |  |  runtime filters: RF077[min_max] <- tpcds_partitioned_parquet_snap.household_demographics_1.hd_demo_sk
|  |  |  |  mem-estimate=1.94MB mem-reservation=1.94MB spill-buffer=64.00KB thread-reservation=0 cost=7200
|  |  |  |
|  |  |  123:EXCHANGE [BROADCAST]
|  |  |  |  mem-estimate=104.38KB mem-reservation=0B thread-reservation=0
|  |  |  |  tuple-ids=48,50 row-size=12B cardinality=7.20K cost=9560
|  |  |  |  in pipelines: 46(GETNEXT)
|  |  |  |
|  |  |  F42:PLAN FRAGMENT [RANDOM] hosts=1 instances=1
|  |  |  Per-Instance Resources: mem-estimate=16.08MB mem-reservation=64.00KB thread-reservation=1
|  |  |  max-parallelism=1 segment-costs=[4929]
|  |  |  48:HASH JOIN [INNER JOIN, BROADCAST]
|  |  |  |  hash-table-id=05
|  |  |  |  hash predicates: tpcds_partitioned_parquet_snap.household_demographics_1.hd_income_band_sk = tpcds_partitioned_parquet_snap.income_band_1.ib_income_band_sk
|  |  |  |  fk/pk conjuncts: tpcds_partitioned_parquet_snap.household_demographics_1.hd_income_band_sk = tpcds_partitioned_parquet_snap.income_band_1.ib_income_band_sk
|  |  |  |  mem-estimate=0B mem-reservation=0B spill-buffer=64.00KB thread-reservation=0
|  |  |  |  tuple-ids=48,50 row-size=12B cardinality=7.20K cost=3151
|  |  |  |  in pipelines: 46(GETNEXT), 47(OPEN)
|  |  |  |
|  |  |  |--F55:PLAN FRAGMENT [RANDOM] hosts=1 instances=1
|  |  |  |  |  Per-Instance Resources: mem-estimate=1.95MB mem-reservation=1.94MB thread-reservation=1
|  |  |  |  |  max-parallelism=1 segment-costs=[22]
|  |  |  |  JOIN BUILD
|  |  |  |  |  join-table-id=05 plan-id=06 cohort-id=04
|  |  |  |  |  build expressions: tpcds_partitioned_parquet_snap.income_band_1.ib_income_band_sk
|  |  |  |  |  runtime filters: RF085[min_max] <- tpcds_partitioned_parquet_snap.income_band_1.ib_income_band_sk
|  |  |  |  |  mem-estimate=1.94MB mem-reservation=1.94MB spill-buffer=64.00KB thread-reservation=0 cost=20
|  |  |  |  |
|  |  |  |  122:EXCHANGE [BROADCAST]
|  |  |  |  |  mem-estimate=16.00KB mem-reservation=0B thread-reservation=0
|  |  |  |  |  tuple-ids=50 row-size=4B cardinality=20 cost=2
|  |  |  |  |  in pipelines: 47(GETNEXT)
|  |  |  |  |
|  |  |  |  F43:PLAN FRAGMENT [RANDOM] hosts=1 instances=1
|  |  |  |  Per-Instance Resources: mem-estimate=16.03MB mem-reservation=8.00KB thread-reservation=1
|  |  |  |  max-parallelism=1 segment-costs=[1]
|  |  |  |  47:SCAN HDFS [tpcds_partitioned_parquet_snap.income_band, RANDOM]
|  |  |  |     HDFS partitions=1/1 files=1 size=1.22KB
|  |  |  |     predicates: tpcds_partitioned_parquet_snap.income_band_1.ib_income_band_sk IS NOT NULL
|  |  |  |     stored statistics:
|  |  |  |       table: rows=20 size=1.22KB
|  |  |  |       columns: all
|  |  |  |     extrapolated-rows=disabled max-scan-range-rows=20
|  |  |  |     parquet dictionary predicates: tpcds_partitioned_parquet_snap.income_band_1.ib_income_band_sk IS NOT NULL
|  |  |  |     mem-estimate=16.00MB mem-reservation=8.00KB thread-reservation=0
|  |  |  |     tuple-ids=50 row-size=4B cardinality=20 cost=1
|  |  |  |     in pipelines: 47(GETNEXT)
|  |  |  |
|  |  |  46:SCAN HDFS [tpcds_partitioned_parquet_snap.household_demographics, RANDOM]
|  |  |     HDFS partitions=1/1 files=1 size=41.69KB
|  |  |     predicates: tpcds_partitioned_parquet_snap.household_demographics_1.hd_demo_sk IS NOT NULL, tpcds_partitioned_parquet_snap.household_demographics_1.hd_income_band_sk IS NOT NULL
|  |  |     runtime filters: RF085[min_max] -> tpcds_partitioned_parquet_snap.household_demographics_1.hd_income_band_sk
|  |  |     stored statistics:
|  |  |       table: rows=7.20K size=41.69KB
|  |  |       columns: all
|  |  |     extrapolated-rows=disabled max-scan-range-rows=7.20K
|  |  |     parquet dictionary predicates: tpcds_partitioned_parquet_snap.household_demographics_1.hd_demo_sk IS NOT NULL, tpcds_partitioned_parquet_snap.household_demographics_1.hd_income_band_sk IS NOT NULL
|  |  |     mem-estimate=16.00MB mem-reservation=64.00KB thread-reservation=0
|  |  |     tuple-ids=48 row-size=8B cardinality=7.20K cost=1234
|  |  |     in pipelines: 46(GETNEXT)
|  |  |
|  |  45:HASH JOIN [INNER JOIN, BROADCAST]
|  |  |  hash-table-id=06
|  |  |  hash predicates: tpcds_partitioned_parquet_snap.customer_0.c_first_shipto_date_sk = tpcds_partitioned_parquet_snap.date_dim_3.d_date_sk
|  |  |  fk/pk conjuncts: tpcds_partitioned_parquet_snap.customer_0.c_first_shipto_date_sk = tpcds_partitioned_parquet_snap.date_dim_3.d_date_sk
|  |  |  mem-estimate=0B mem-reservation=0B spill-buffer=256.00KB thread-reservation=0
|  |  |  tuple-ids=40,42,44,46 row-size=57B cardinality=27.51M cost=12041917
|  |  |  in pipelines: 39(GETNEXT), 44(OPEN)
|  |  |
|  |  |--F56:PLAN FRAGMENT [RANDOM] hosts=10 instances=10
|  |  |  |  Per-Instance Resources: mem-estimate=5.32MB mem-reservation=4.75MB thread-reservation=1
|  |  |  |  max-parallelism=10 segment-costs=[170129]
|  |  |  JOIN BUILD
|  |  |  |  join-table-id=06 plan-id=07 cohort-id=03
|  |  |  |  build expressions: tpcds_partitioned_parquet_snap.date_dim_3.d_date_sk
|  |  |  |  runtime filters: RF079[min_max] <- tpcds_partitioned_parquet_snap.date_dim_3.d_date_sk
|  |  |  |  mem-estimate=4.75MB mem-reservation=4.75MB spill-buffer=256.00KB thread-reservation=0 cost=73049
|  |  |  |
|  |  |  121:EXCHANGE [BROADCAST]
|  |  |  |  mem-estimate=582.70KB mem-reservation=0B thread-reservation=0
|  |  |  |  tuple-ids=46 row-size=8B cardinality=73.05K cost=97080
|  |  |  |  in pipelines: 44(GETNEXT)
|  |  |  |
|  |  |  F41:PLAN FRAGMENT [RANDOM] hosts=1 instances=1
|  |  |  Per-Instance Resources: mem-estimate=16.05MB mem-reservation=512.00KB thread-reservation=1
|  |  |  max-parallelism=1 segment-costs=[13622]
|  |  |  44:SCAN HDFS [tpcds_partitioned_parquet_snap.date_dim, RANDOM]
|  |  |     HDFS partitions=1/1 files=1 size=2.17MB
|  |  |     predicates: tpcds_partitioned_parquet_snap.date_dim_3.d_date_sk IS NOT NULL
|  |  |     stored statistics:
|  |  |       table: rows=73.05K size=2.17MB
|  |  |       columns: all
|  |  |     extrapolated-rows=disabled max-scan-range-rows=73.05K
|  |  |     parquet dictionary predicates: tpcds_partitioned_parquet_snap.date_dim_3.d_date_sk IS NOT NULL
|  |  |     mem-estimate=16.00MB mem-reservation=512.00KB thread-reservation=0
|  |  |     tuple-ids=46 row-size=8B cardinality=73.05K cost=10467
|  |  |     in pipelines: 44(GETNEXT)
|  |  |
|  |  43:HASH JOIN [INNER JOIN, BROADCAST]
|  |  |  hash-table-id=07
|  |  |  hash predicates: tpcds_partitioned_parquet_snap.customer_0.c_first_sales_date_sk = tpcds_partitioned_parquet_snap.date_dim_2.d_date_sk
|  |  |  fk/pk conjuncts: tpcds_partitioned_parquet_snap.customer_0.c_first_sales_date_sk = tpcds_partitioned_parquet_snap.date_dim_2.d_date_sk
|  |  |  mem-estimate=0B mem-reservation=0B spill-buffer=256.00KB thread-reservation=0
|  |  |  tuple-ids=40,42,44 row-size=49B cardinality=27.51M cost=12041917
|  |  |  in pipelines: 39(GETNEXT), 42(OPEN)
|  |  |
|  |  |--F57:PLAN FRAGMENT [RANDOM] hosts=10 instances=10
|  |  |  |  Per-Instance Resources: mem-estimate=5.32MB mem-reservation=4.75MB thread-reservation=1
|  |  |  |  max-parallelism=10 segment-costs=[170129]
|  |  |  JOIN BUILD
|  |  |  |  join-table-id=07 plan-id=08 cohort-id=03
|  |  |  |  build expressions: tpcds_partitioned_parquet_snap.date_dim_2.d_date_sk
|  |  |  |  runtime filters: RF081[min_max] <- tpcds_partitioned_parquet_snap.date_dim_2.d_date_sk
|  |  |  |  mem-estimate=4.75MB mem-reservation=4.75MB spill-buffer=256.00KB thread-reservation=0 cost=73049
|  |  |  |
|  |  |  120:EXCHANGE [BROADCAST]
|  |  |  |  mem-estimate=582.70KB mem-reservation=0B thread-reservation=0
|  |  |  |  tuple-ids=44 row-size=8B cardinality=73.05K cost=97080
|  |  |  |  in pipelines: 42(GETNEXT)
|  |  |  |
|  |  |  F40:PLAN FRAGMENT [RANDOM] hosts=1 instances=1
|  |  |  Per-Instance Resources: mem-estimate=16.05MB mem-reservation=512.00KB thread-reservation=1
|  |  |  max-parallelism=1 segment-costs=[13622]
|  |  |  42:SCAN HDFS [tpcds_partitioned_parquet_snap.date_dim, RANDOM]
|  |  |     HDFS partitions=1/1 files=1 size=2.17MB
|  |  |     predicates: tpcds_partitioned_parquet_snap.date_dim_2.d_date_sk IS NOT NULL
|  |  |     stored statistics:
|  |  |       table: rows=73.05K size=2.17MB
|  |  |       columns: all
|  |  |     extrapolated-rows=disabled max-scan-range-rows=73.05K
|  |  |     parquet dictionary predicates: tpcds_partitioned_parquet_snap.date_dim_2.d_date_sk IS NOT NULL
|  |  |     mem-estimate=16.00MB mem-reservation=512.00KB thread-reservation=0
|  |  |     tuple-ids=44 row-size=8B cardinality=73.05K cost=10467
|  |  |     in pipelines: 42(GETNEXT)
|  |  |
|  |  41:HASH JOIN [INNER JOIN, BROADCAST]
|  |  |  hash-table-id=08
|  |  |  hash predicates: tpcds_partitioned_parquet_snap.customer_0.c_current_cdemo_sk = tpcds_partitioned_parquet_snap.customer_demographics_1.cd_demo_sk
|  |  |  fk/pk conjuncts: tpcds_partitioned_parquet_snap.customer_0.c_current_cdemo_sk = tpcds_partitioned_parquet_snap.customer_demographics_1.cd_demo_sk
|  |  |  mem-estimate=0B mem-reservation=0B spill-buffer=2.00MB thread-reservation=0
|  |  |  tuple-ids=40,42 row-size=41B cardinality=27.51M cost=12129392
|  |  |  in pipelines: 39(GETNEXT), 40(OPEN)
|  |  |
|  |  |--F58:PLAN FRAGMENT [RANDOM] hosts=10 instances=10
|  |  |  |  Per-Instance Resources: mem-estimate=89.35MB mem-reservation=34.00MB thread-reservation=1
|  |  |  |  max-parallelism=10 segment-costs=[4473540]
|  |  |  JOIN BUILD
|  |  |  |  join-table-id=08 plan-id=09 cohort-id=03
|  |  |  |  build expressions: tpcds_partitioned_parquet_snap.customer_demographics_1.cd_demo_sk
|  |  |  |  runtime filters: RF083[min_max] <- tpcds_partitioned_parquet_snap.customer_demographics_1.cd_demo_sk
|  |  |  |  mem-estimate=79.14MB mem-reservation=34.00MB spill-buffer=2.00MB thread-reservation=0 cost=1920800
|  |  |  |
|  |  |  119:EXCHANGE [BROADCAST]
|  |  |  |  mem-estimate=10.21MB mem-reservation=0B thread-reservation=0
|  |  |  |  tuple-ids=42 row-size=17B cardinality=1.92M cost=2552740
|  |  |  |  in pipelines: 40(GETNEXT)
|  |  |  |
|  |  |  F39:PLAN FRAGMENT [RANDOM] hosts=10 instances=10
|  |  |  Per-Instance Resources: mem-estimate=16.08MB mem-reservation=1.00MB thread-reservation=1
|  |  |  max-parallelism=10 segment-costs=[375900]
|  |  |  40:SCAN HDFS [tpcds_partitioned_parquet_snap.customer_demographics, RANDOM]
|  |  |     HDFS partitions=1/1 files=1 size=11.15MB
|  |  |     predicates: tpcds_partitioned_parquet_snap.customer_demographics_1.cd_demo_sk IS NOT NULL, tpcds_partitioned_parquet_snap.customer_demographics_1.cd_marital_status IS NOT NULL
|  |  |     stored statistics:
|  |  |       table: rows=1.92M size=11.15MB
|  |  |       columns: all
|  |  |     extrapolated-rows=disabled max-scan-range-rows=197.97K
|  |  |     parquet dictionary predicates: tpcds_partitioned_parquet_snap.customer_demographics_1.cd_demo_sk IS NOT NULL, tpcds_partitioned_parquet_snap.customer_demographics_1.cd_marital_status IS NOT NULL
|  |  |     mem-estimate=16.00MB mem-reservation=1.00MB thread-reservation=0
|  |  |     tuple-ids=42 row-size=17B cardinality=1.92M cost=246246
|  |  |     in pipelines: 40(GETNEXT)
|  |  |
|  |  39:SCAN HDFS [tpcds_partitioned_parquet_snap.customer, RANDOM]
|  |     HDFS partitions=1/1 files=1 size=1.55GB
|  |     predicates: tpcds_partitioned_parquet_snap.customer_0.c_first_shipto_date_sk IS NOT NULL, tpcds_partitioned_parquet_snap.customer_0.c_first_sales_date_sk IS NOT NULL, tpcds_partitioned_parquet_snap.customer_0.c_current_cdemo_sk IS NOT NULL, tpcds_partitioned_parquet_snap.customer_0.c_current_hdemo_sk IS NOT NULL, tpcds_partitioned_parquet_snap.customer_0.c_current_addr_sk IS NOT NULL, tpcds_partitioned_parquet_snap.customer_0.c_customer_sk IS NOT NULL
|  |     runtime filters: RF077[min_max] -> tpcds_partitioned_parquet_snap.customer_0.c_current_hdemo_sk, RF083[min_max] -> tpcds_partitioned_parquet_snap.customer_0.c_current_cdemo_sk, RF075[min_max] -> tpcds_partitioned_parquet_snap.customer_0.c_current_addr_sk, RF079[min_max] -> tpcds_partitioned_parquet_snap.customer_0.c_first_shipto_date_sk, RF081[min_max] -> tpcds_partitioned_parquet_snap.customer_0.c_first_sales_date_sk
|  |     stored statistics:
|  |       table: rows=30.00M size=1.55GB
|  |       columns: all
|  |     extrapolated-rows=disabled max-scan-range-rows=3.10M
|  |     parquet dictionary predicates: tpcds_partitioned_parquet_snap.customer_0.c_first_shipto_date_sk IS NOT NULL, tpcds_partitioned_parquet_snap.customer_0.c_first_sales_date_sk IS NOT NULL, tpcds_partitioned_parquet_snap.customer_0.c_current_cdemo_sk IS NOT NULL, tpcds_partitioned_parquet_snap.customer_0.c_current_hdemo_sk IS NOT NULL, tpcds_partitioned_parquet_snap.customer_0.c_current_addr_sk IS NOT NULL, tpcds_partitioned_parquet_snap.customer_0.c_customer_sk IS NOT NULL
|  |     mem-estimate=16.00MB mem-reservation=1.00MB thread-reservation=0
|  |     tuple-ids=40 row-size=24B cardinality=27.85M cost=15426000
|  |     in pipelines: 39(GETNEXT)
|  |
|  73:HASH JOIN [INNER JOIN, BROADCAST]
|  |  hash-table-id=09
|  |  hash predicates: tpcds_partitioned_parquet_snap.store_sales_0.ss_addr_sk = tpcds_partitioned_parquet_snap.customer_address_2.ca_address_sk
|  |  fk/pk conjuncts: tpcds_partitioned_parquet_snap.store_sales_0.ss_addr_sk = tpcds_partitioned_parquet_snap.customer_address_2.ca_address_sk
|  |  mem-estimate=0B mem-reservation=0B spill-buffer=2.00MB thread-reservation=0
|  |  tuple-ids=54,56,58,60,62,64,66,72,73,75 row-size=299B cardinality=835.96M cost=373091196
|  |  in pipelines: 52(GETNEXT), 72(OPEN)
|  |
|  |--F59:PLAN FRAGMENT [HASH(tpcds_partitioned_parquet_snap.store_returns_0.sr_item_sk,tpcds_partitioned_parquet_snap.store_returns_0.sr_ticket_number)] hosts=10 instances=10
|  |  |  Per-Instance Resources: mem-estimate=1.47GB mem-reservation=408.00MB thread-reservation=1
|  |  |  max-parallelism=10 segment-costs=[34934990]
|  |  JOIN BUILD
|  |  |  join-table-id=09 plan-id=10 cohort-id=02
|  |  |  build expressions: tpcds_partitioned_parquet_snap.customer_address_2.ca_address_sk
|  |  |  runtime filters: RF051[min_max] <- tpcds_partitioned_parquet_snap.customer_address_2.ca_address_sk
|  |  |  mem-estimate=1.46GB mem-reservation=408.00MB spill-buffer=2.00MB thread-reservation=0 cost=15000000
|  |  |
|  |  118:EXCHANGE [BROADCAST]
|  |  |  mem-estimate=10.80MB mem-reservation=0B thread-reservation=0
|  |  |  tuple-ids=75 row-size=78B cardinality=15.00M cost=19934990
|  |  |  in pipelines: 72(GETNEXT)
|  |  |
|  |  F37:PLAN FRAGMENT [RANDOM] hosts=10 instances=10
|  |  Per-Instance Resources: mem-estimate=16.32MB mem-reservation=128.00KB thread-reservation=1
|  |  max-parallelism=10 segment-costs=[10270756]
|  |  72:SCAN HDFS [tpcds_partitioned_parquet_snap.customer_address, RANDOM]
|  |     HDFS partitions=1/1 files=1 size=307.36MB
|  |     predicates: tpcds_partitioned_parquet_snap.customer_address_2.ca_address_sk IS NOT NULL
|  |     stored statistics:
|  |       table: rows=15.00M size=307.36MB
|  |       columns: all
|  |     extrapolated-rows=disabled max-scan-range-rows=1.58M
|  |     parquet dictionary predicates: tpcds_partitioned_parquet_snap.customer_address_2.ca_address_sk IS NOT NULL
|  |     mem-estimate=16.00MB mem-reservation=128.00KB thread-reservation=0
|  |     tuple-ids=75 row-size=78B cardinality=15.00M cost=6805716
|  |     in pipelines: 72(GETNEXT)
|  |
|  71:HASH JOIN [INNER JOIN, BROADCAST]
|  |  hash-table-id=10
|  |  hash predicates: tpcds_partitioned_parquet_snap.store_sales_0.ss_store_sk = tpcds_partitioned_parquet_snap.store_0.s_store_sk
|  |  fk/pk conjuncts: tpcds_partitioned_parquet_snap.store_sales_0.ss_store_sk = tpcds_partitioned_parquet_snap.store_0.s_store_sk
|  |  mem-estimate=0B mem-reservation=0B spill-buffer=64.00KB thread-reservation=0
|  |  tuple-ids=54,56,58,60,62,64,66,72,73 row-size=221B cardinality=863.99M cost=378170002
|  |  in pipelines: 52(GETNEXT), 70(OPEN)
|  |
|  |--F60:PLAN FRAGMENT [HASH(tpcds_partitioned_parquet_snap.store_returns_0.sr_item_sk,tpcds_partitioned_parquet_snap.store_returns_0.sr_ticket_number)] hosts=10 instances=10
|  |  |  Per-Instance Resources: mem-estimate=23.34MB mem-reservation=23.25MB thread-reservation=1
|  |  |  max-parallelism=10 segment-costs=[3106]
|  |  JOIN BUILD
|  |  |  join-table-id=10 plan-id=11 cohort-id=02
|  |  |  build expressions: tpcds_partitioned_parquet_snap.store_0.s_store_sk
|  |  |  runtime filters: RF053[min_max] <- tpcds_partitioned_parquet_snap.store_0.s_store_sk
|  |  |  mem-estimate=23.25MB mem-reservation=23.25MB spill-buffer=64.00KB thread-reservation=0 cost=1336
|  |  |
|  |  117:EXCHANGE [BROADCAST]
|  |  |  mem-estimate=89.13KB mem-reservation=0B thread-reservation=0
|  |  |  tuple-ids=73 row-size=37B cardinality=1.34K cost=1770
|  |  |  in pipelines: 70(GETNEXT)
|  |  |
|  |  F36:PLAN FRAGMENT [RANDOM] hosts=1 instances=1
|  |  Per-Instance Resources: mem-estimate=16.16MB mem-reservation=24.00KB thread-reservation=1
|  |  max-parallelism=1 segment-costs=[527]
|  |  70:SCAN HDFS [tpcds_partitioned_parquet_snap.store, RANDOM]
|  |     HDFS partitions=1/1 files=1 size=119.76KB
|  |     predicates: tpcds_partitioned_parquet_snap.store_0.s_zip IS NOT NULL, tpcds_partitioned_parquet_snap.store_0.s_store_name IS NOT NULL, tpcds_partitioned_parquet_snap.store_0.s_store_sk IS NOT NULL
|  |     stored statistics:
|  |       table: rows=1.35K size=119.76KB
|  |       columns: all
|  |     extrapolated-rows=disabled max-scan-range-rows=1.35K
|  |     parquet dictionary predicates: tpcds_partitioned_parquet_snap.store_0.s_zip IS NOT NULL, tpcds_partitioned_parquet_snap.store_0.s_store_name IS NOT NULL, tpcds_partitioned_parquet_snap.store_0.s_store_sk IS NOT NULL
|  |     mem-estimate=16.00MB mem-reservation=24.00KB thread-reservation=0
|  |     tuple-ids=73 row-size=37B cardinality=1.34K cost=365
|  |     in pipelines: 70(GETNEXT)
|  |
|  69:HASH JOIN [INNER JOIN, BROADCAST]
|  |  hash-table-id=11
|  |  hash predicates: tpcds_partitioned_parquet_snap.store_sales_0.ss_item_sk = tpcds_partitioned_parquet_snap.catalog_sales_0.cs_item_sk
|  |  fk/pk conjuncts: none
|  |  mem-estimate=0B mem-reservation=0B spill-buffer=128.00KB thread-reservation=0
|  |  tuple-ids=54,56,58,60,62,64,66,72 row-size=184B cardinality=863.99M cost=157333400
|  |  in pipelines: 52(GETNEXT), 115(OPEN)
|  |
|  |--F61:PLAN FRAGMENT [HASH(tpcds_partitioned_parquet_snap.store_returns_0.sr_item_sk,tpcds_partitioned_parquet_snap.store_returns_0.sr_ticket_number)] hosts=10 instances=10
|  |  |  Per-Instance Resources: mem-estimate=36.13MB mem-reservation=34.50MB thread-reservation=1
|  |  |  max-parallelism=10 segment-costs=[83878] cpu-comparison-result=240 [max(10 (self) vs 240 (sum children))]
|  |  JOIN BUILD
|  |  |  join-table-id=11 plan-id=12 cohort-id=02
|  |  |  build expressions: tpcds_partitioned_parquet_snap.catalog_sales_0.cs_item_sk
|  |  |  runtime filters: RF055[min_max] <- tpcds_partitioned_parquet_snap.catalog_sales_0.cs_item_sk
|  |  |  mem-estimate=34.50MB mem-reservation=34.50MB spill-buffer=128.00KB thread-reservation=0 cost=36018
|  |  |
|  |  116:EXCHANGE [BROADCAST]
|  |  |  mem-estimate=1.63MB mem-reservation=0B thread-reservation=0
|  |  |  tuple-ids=72 row-size=36B cardinality=36.02K cost=47860
|  |  |  in pipelines: 115(GETNEXT)
|  |  |
|  |  F35:PLAN FRAGMENT [HASH(tpcds_partitioned_parquet_snap.catalog_sales_0.cs_item_sk)] hosts=10 instances=10 (adjusted from 120)
|  |  Per-Instance Resources: mem-estimate=24.69MB mem-reservation=2.88MB thread-reservation=1
|  |  max-parallelism=10 segment-costs=[28566307, 4278] cpu-comparison-result=240 [max(10 (self) vs 240 (sum children))]
|  |  115:AGGREGATE [FINALIZE]
|  |  |  output: sum:merge(tpcds_partitioned_parquet_snap.catalog_sales_0.cs_ext_list_price), sum:merge(add(add(tpcds_partitioned_parquet_snap.catalog_returns_0.cr_refunded_cash, tpcds_partitioned_parquet_snap.catalog_returns_0.cr_reversed_charge), tpcds_partitioned_parquet_snap.catalog_returns_0.cr_store_credit))
|  |  |  group by: tpcds_partitioned_parquet_snap.catalog_sales_0.cs_item_sk
|  |  |  having: sum(tpcds_partitioned_parquet_snap.catalog_sales_0.cs_ext_list_price) > multiply(CAST(2 AS DECIMAL(3,0)), sum(add(add(tpcds_partitioned_parquet_snap.catalog_returns_0.cr_refunded_cash, tpcds_partitioned_parquet_snap.catalog_returns_0.cr_reversed_charge), tpcds_partitioned_parquet_snap.catalog_returns_0.cr_store_credit)))
|  |  |  mem-estimate=10.00MB mem-reservation=2.88MB spill-buffer=128.00KB thread-reservation=0
|  |  |  tuple-ids=72 row-size=36B cardinality=36.02K cost=16606891
|  |  |  in pipelines: 115(GETNEXT), 65(OPEN)
|  |  |
|  |  114:EXCHANGE [HASH(tpcds_partitioned_parquet_snap.catalog_sales_0.cs_item_sk)]
|  |  |  mem-estimate=14.69MB mem-reservation=0B thread-reservation=0
|  |  |  tuple-ids=72 row-size=36B cardinality=43.22M cost=11959416
|  |  |  in pipelines: 65(GETNEXT)
|  |  |
|  |  F34:PLAN FRAGMENT [HASH(tpcds_partitioned_parquet_snap.catalog_sales_0.cs_item_sk,tpcds_partitioned_parquet_snap.catalog_sales_0.cs_order_number)] hosts=10 instances=120
|  |  Per-Instance Resources: mem-estimate=23.91MB mem-reservation=2.00MB thread-reservation=1
|  |  max-parallelism=330 segment-costs=[3269691390, 122472725] cpu-comparison-result=240 [max(240 (self) vs 230 (sum children))]
|  |  68:AGGREGATE [STREAMING]
|  |  |  output: sum(tpcds_partitioned_parquet_snap.catalog_sales_0.cs_ext_list_price), sum(add(add(tpcds_partitioned_parquet_snap.catalog_returns_0.cr_refunded_cash, tpcds_partitioned_parquet_snap.catalog_returns_0.cr_reversed_charge), tpcds_partitioned_parquet_snap.catalog_returns_0.cr_store_credit))
|  |  |  group by: tpcds_partitioned_parquet_snap.catalog_sales_0.cs_item_sk
|  |  |  mem-estimate=10.00MB mem-reservation=2.00MB spill-buffer=64.00KB thread-reservation=0
|  |  |  tuple-ids=72 row-size=36B cardinality=43.22M cost=1040366503
|  |  |  in pipelines: 65(GETNEXT)
|  |  |
|  |  67:HASH JOIN [INNER JOIN, PARTITIONED]
|  |  |  hash-table-id=12
|  |  |  hash predicates: tpcds_partitioned_parquet_snap.catalog_sales_0.cs_item_sk = tpcds_partitioned_parquet_snap.catalog_returns_0.cr_item_sk, tpcds_partitioned_parquet_snap.catalog_sales_0.cs_order_number = tpcds_partitioned_parquet_snap.catalog_returns_0.cr_order_number
|  |  |  fk/pk conjuncts: tpcds_partitioned_parquet_snap.catalog_sales_0.cs_item_sk = tpcds_partitioned_parquet_snap.catalog_returns_0.cr_item_sk, tpcds_partitioned_parquet_snap.catalog_sales_0.cs_order_number = tpcds_partitioned_parquet_snap.catalog_returns_0.cr_order_number
|  |  |  mem-estimate=0B mem-reservation=0B spill-buffer=2.00MB thread-reservation=0
|  |  |  tuple-ids=68,70 row-size=40B cardinality=2.56G cost=1490184428
|  |  |  in pipelines: 65(GETNEXT), 66(OPEN)
|  |  |
|  |  |--F62:PLAN FRAGMENT [HASH(tpcds_partitioned_parquet_snap.catalog_sales_0.cs_item_sk,tpcds_partitioned_parquet_snap.catalog_sales_0.cs_order_number)] hosts=10 instances=120
|  |  |  |  Per-Instance Resources: mem-estimate=197.81MB mem-reservation=34.00MB thread-reservation=1
|  |  |  |  max-parallelism=330 segment-costs=[527708754]
|  |  |  JOIN BUILD
|  |  |  |  join-table-id=12 plan-id=13 cohort-id=05
|  |  |  |  build expressions: tpcds_partitioned_parquet_snap.catalog_returns_0.cr_item_sk, tpcds_partitioned_parquet_snap.catalog_returns_0.cr_order_number
|  |  |  |  runtime filters: RF072[min_max] <- tpcds_partitioned_parquet_snap.catalog_returns_0.cr_item_sk, RF073[min_max] <- tpcds_partitioned_parquet_snap.catalog_returns_0.cr_order_number
|  |  |  |  mem-estimate=184.80MB mem-reservation=34.00MB spill-buffer=2.00MB thread-reservation=0 cost=432016991
|  |  |  |
|  |  |  113:EXCHANGE [HASH(tpcds_partitioned_parquet_snap.catalog_returns_0.cr_item_sk,tpcds_partitioned_parquet_snap.catalog_returns_0.cr_order_number)]
|  |  |  |  mem-estimate=13.01MB mem-reservation=0B thread-reservation=0
|  |  |  |  tuple-ids=70 row-size=24B cardinality=432.02M cost=95691763
|  |  |  |  in pipelines: 66(GETNEXT)
|  |  |  |
|  |  |  F33:PLAN FRAGMENT [RANDOM] hosts=10 instances=110 (adjusted from 120)
|  |  |  Per-Instance Resources: mem-estimate=29.12MB mem-reservation=40.00KB thread-reservation=1
|  |  |  max-parallelism=110 segment-costs=[1063885041]
|  |  |  66:SCAN HDFS [tpcds_partitioned_parquet_snap.catalog_returns, RANDOM]
|  |  |     HDFS partitions=2060/2060 files=2060 size=32.77GB
|  |  |     predicates: tpcds_partitioned_parquet_snap.catalog_returns_0.cr_item_sk IS NOT NULL, tpcds_partitioned_parquet_snap.catalog_returns_0.cr_order_number IS NOT NULL
|  |  |     stored statistics:
|  |  |       table: rows=432.02M size=32.77GB
|  |  |       partitions: 2060/2060 rows=432.02M
|  |  |       columns: all
|  |  |     extrapolated-rows=disabled max-scan-range-rows=416.82K
|  |  |     parquet dictionary predicates: tpcds_partitioned_parquet_snap.catalog_returns_0.cr_item_sk IS NOT NULL, tpcds_partitioned_parquet_snap.catalog_returns_0.cr_order_number IS NOT NULL
|  |  |     mem-estimate=16.00MB mem-reservation=40.00KB thread-reservation=0
|  |  |     tuple-ids=70 row-size=24B cardinality=432.02M cost=173584426
|  |  |     in pipelines: 66(GETNEXT)
|  |  |
|  |  112:EXCHANGE [HASH(tpcds_partitioned_parquet_snap.catalog_sales_0.cs_item_sk,tpcds_partitioned_parquet_snap.catalog_sales_0.cs_order_number)]
|  |  |  mem-estimate=12.34MB mem-reservation=0B thread-reservation=0
|  |  |  tuple-ids=68 row-size=16B cardinality=4.00G(filtered from 4.32G) cost=739140459
|  |  |  in pipelines: 65(GETNEXT)
|  |  |
|  |  F32:PLAN FRAGMENT [RANDOM] hosts=10 instances=120
|  |  Per-Instance Resources: mem-estimate=25.38MB mem-reservation=1.00MB thread-reservation=1
|  |  max-parallelism=750 segment-costs=[7423383372]
|  |  65:SCAN HDFS [tpcds_partitioned_parquet_snap.catalog_sales, RANDOM]
|  |     HDFS partitions=1831/1831 files=1831 size=280.96GB
|  |     predicates: tpcds_partitioned_parquet_snap.catalog_sales_0.cs_item_sk IS NOT NULL, tpcds_partitioned_parquet_snap.catalog_sales_0.cs_order_number IS NOT NULL
|  |     runtime filters: RF072[min_max] -> tpcds_partitioned_parquet_snap.catalog_sales_0.cs_item_sk, RF073[min_max] -> tpcds_partitioned_parquet_snap.catalog_sales_0.cs_order_number
|  |     stored statistics:
|  |       table: rows=4.32G size=280.96GB
|  |       partitions: 1831/1831 rows=4.32G
|  |       columns: all
|  |     extrapolated-rows=disabled max-scan-range-rows=21.52M
|  |     parquet dictionary predicates: tpcds_partitioned_parquet_snap.catalog_sales_0.cs_item_sk IS NOT NULL, tpcds_partitioned_parquet_snap.catalog_sales_0.cs_order_number IS NOT NULL
|  |     mem-estimate=16.00MB mem-reservation=1.00MB thread-reservation=0
|  |     tuple-ids=68 row-size=16B cardinality=4.00G(filtered from 4.32G) cost=1238134348
|  |     in pipelines: 65(GETNEXT)
|  |
|  64:HASH JOIN [INNER JOIN, BROADCAST]
|  |  hash-table-id=13
|  |  hash predicates: tpcds_partitioned_parquet_snap.store_sales_0.ss_hdemo_sk = tpcds_partitioned_parquet_snap.household_demographics_2.hd_demo_sk
|  |  fk/pk conjuncts: tpcds_partitioned_parquet_snap.store_sales_0.ss_hdemo_sk = tpcds_partitioned_parquet_snap.household_demographics_2.hd_demo_sk
|  |  mem-estimate=0B mem-reservation=0B spill-buffer=64.00KB thread-reservation=0
|  |  tuple-ids=54,56,58,60,62,64,66 row-size=148B cardinality=3.03M cost=1346203
|  |  in pipelines: 52(GETNEXT), 61(OPEN)
|  |
|  |--F63:PLAN FRAGMENT [HASH(tpcds_partitioned_parquet_snap.store_returns_0.sr_item_sk,tpcds_partitioned_parquet_snap.store_returns_0.sr_ticket_number)] hosts=10 instances=10
|  |  |  Per-Instance Resources: mem-estimate=23.35MB mem-reservation=23.25MB thread-reservation=1
|  |  |  max-parallelism=10 segment-costs=[16760] cpu-comparison-result=11 [max(11 (self) vs 2 (sum children))]
|  |  JOIN BUILD
|  |  |  join-table-id=13 plan-id=14 cohort-id=02
|  |  |  build expressions: tpcds_partitioned_parquet_snap.household_demographics_2.hd_demo_sk
|  |  |  runtime filters: RF057[min_max] <- tpcds_partitioned_parquet_snap.household_demographics_2.hd_demo_sk
|  |  |  mem-estimate=23.25MB mem-reservation=23.25MB spill-buffer=64.00KB thread-reservation=0 cost=7200
|  |  |
|  |  111:EXCHANGE [BROADCAST]
|  |  |  mem-estimate=104.38KB mem-reservation=0B thread-reservation=0
|  |  |  tuple-ids=64,66 row-size=12B cardinality=7.20K cost=9560
|  |  |  in pipelines: 61(GETNEXT)
|  |  |
|  |  F30:PLAN FRAGMENT [RANDOM] hosts=1 instances=1
|  |  Per-Instance Resources: mem-estimate=16.08MB mem-reservation=64.00KB thread-reservation=1
|  |  max-parallelism=1 segment-costs=[4929]
|  |  63:HASH JOIN [INNER JOIN, BROADCAST]
|  |  |  hash-table-id=14
|  |  |  hash predicates: tpcds_partitioned_parquet_snap.household_demographics_2.hd_income_band_sk = tpcds_partitioned_parquet_snap.income_band_2.ib_income_band_sk
|  |  |  fk/pk conjuncts: tpcds_partitioned_parquet_snap.household_demographics_2.hd_income_band_sk = tpcds_partitioned_parquet_snap.income_band_2.ib_income_band_sk
|  |  |  mem-estimate=0B mem-reservation=0B spill-buffer=64.00KB thread-reservation=0
|  |  |  tuple-ids=64,66 row-size=12B cardinality=7.20K cost=3151
|  |  |  in pipelines: 61(GETNEXT), 62(OPEN)
|  |  |
|  |  |--F64:PLAN FRAGMENT [RANDOM] hosts=1 instances=1
|  |  |  |  Per-Instance Resources: mem-estimate=1.95MB mem-reservation=1.94MB thread-reservation=1
|  |  |  |  max-parallelism=1 segment-costs=[22]
|  |  |  JOIN BUILD
|  |  |  |  join-table-id=14 plan-id=15 cohort-id=06
|  |  |  |  build expressions: tpcds_partitioned_parquet_snap.income_band_2.ib_income_band_sk
|  |  |  |  runtime filters: RF069[min_max] <- tpcds_partitioned_parquet_snap.income_band_2.ib_income_band_sk
|  |  |  |  mem-estimate=1.94MB mem-reservation=1.94MB spill-buffer=64.00KB thread-reservation=0 cost=20
|  |  |  |
|  |  |  110:EXCHANGE [BROADCAST]
|  |  |  |  mem-estimate=16.00KB mem-reservation=0B thread-reservation=0
|  |  |  |  tuple-ids=66 row-size=4B cardinality=20 cost=2
|  |  |  |  in pipelines: 62(GETNEXT)
|  |  |  |
|  |  |  F31:PLAN FRAGMENT [RANDOM] hosts=1 instances=1
|  |  |  Per-Instance Resources: mem-estimate=16.03MB mem-reservation=8.00KB thread-reservation=1
|  |  |  max-parallelism=1 segment-costs=[1]
|  |  |  62:SCAN HDFS [tpcds_partitioned_parquet_snap.income_band, RANDOM]
|  |  |     HDFS partitions=1/1 files=1 size=1.22KB
|  |  |     predicates: tpcds_partitioned_parquet_snap.income_band_2.ib_income_band_sk IS NOT NULL
|  |  |     stored statistics:
|  |  |       table: rows=20 size=1.22KB
|  |  |       columns: all
|  |  |     extrapolated-rows=disabled max-scan-range-rows=20
|  |  |     parquet dictionary predicates: tpcds_partitioned_parquet_snap.income_band_2.ib_income_band_sk IS NOT NULL
|  |  |     mem-estimate=16.00MB mem-reservation=8.00KB thread-reservation=0
|  |  |     tuple-ids=66 row-size=4B cardinality=20 cost=1
|  |  |     in pipelines: 62(GETNEXT)
|  |  |
|  |  61:SCAN HDFS [tpcds_partitioned_parquet_snap.household_demographics, RANDOM]
|  |     HDFS partitions=1/1 files=1 size=41.69KB
|  |     predicates: tpcds_partitioned_parquet_snap.household_demographics_2.hd_demo_sk IS NOT NULL, tpcds_partitioned_parquet_snap.household_demographics_2.hd_income_band_sk IS NOT NULL
|  |     runtime filters: RF069[min_max] -> tpcds_partitioned_parquet_snap.household_demographics_2.hd_income_band_sk
|  |     stored statistics:
|  |       table: rows=7.20K size=41.69KB
|  |       columns: all
|  |     extrapolated-rows=disabled max-scan-range-rows=7.20K
|  |     parquet dictionary predicates: tpcds_partitioned_parquet_snap.household_demographics_2.hd_demo_sk IS NOT NULL, tpcds_partitioned_parquet_snap.household_demographics_2.hd_income_band_sk IS NOT NULL
|  |     mem-estimate=16.00MB mem-reservation=64.00KB thread-reservation=0
|  |     tuple-ids=64 row-size=8B cardinality=7.20K cost=1234
|  |     in pipelines: 61(GETNEXT)
|  |
|  60:HASH JOIN [INNER JOIN, PARTITIONED]
|  |  hash-table-id=15
|  |  hash predicates: tpcds_partitioned_parquet_snap.store_returns_0.sr_item_sk = tpcds_partitioned_parquet_snap.store_sales_0.ss_item_sk, tpcds_partitioned_parquet_snap.store_returns_0.sr_ticket_number = tpcds_partitioned_parquet_snap.store_sales_0.ss_ticket_number
|  |  fk/pk conjuncts: tpcds_partitioned_parquet_snap.store_returns_0.sr_item_sk = tpcds_partitioned_parquet_snap.store_sales_0.ss_item_sk, tpcds_partitioned_parquet_snap.store_returns_0.sr_ticket_number = tpcds_partitioned_parquet_snap.store_sales_0.ss_ticket_number
|  |  mem-estimate=0B mem-reservation=0B spill-buffer=2.00MB thread-reservation=0
|  |  tuple-ids=54,56,58,60,62 row-size=136B cardinality=3.11M cost=14728555
|  |  in pipelines: 52(GETNEXT), 53(OPEN)
|  |
|  |--F65:PLAN FRAGMENT [HASH(tpcds_partitioned_parquet_snap.store_returns_0.sr_item_sk,tpcds_partitioned_parquet_snap.store_returns_0.sr_ticket_number)] hosts=10 instances=120
|  |  |  Per-Instance Resources: mem-estimate=80.50MB mem-reservation=51.00MB thread-reservation=1 runtime-filters-memory=17.00MB
|  |  |  max-parallelism=1550 segment-costs=[55695617] cpu-comparison-result=240 [max(240 (self) vs 36 (sum children))]
|  |  JOIN BUILD
|  |  |  join-table-id=15 plan-id=16 cohort-id=02
|  |  |  build expressions: tpcds_partitioned_parquet_snap.store_sales_0.ss_item_sk, tpcds_partitioned_parquet_snap.store_sales_0.ss_ticket_number
|  |  |  runtime filters: RF058[bloom] <- tpcds_partitioned_parquet_snap.store_sales_0.ss_item_sk, RF059[bloom] <- tpcds_partitioned_parquet_snap.store_sales_0.ss_ticket_number, RF060[min_max] <- tpcds_partitioned_parquet_snap.store_sales_0.ss_item_sk, RF061[min_max] <- tpcds_partitioned_parquet_snap.store_sales_0.ss_ticket_number
|  |  |  mem-estimate=37.07MB mem-reservation=34.00MB spill-buffer=2.00MB thread-reservation=0 cost=31063332
|  |  |
|  |  109:EXCHANGE [HASH(tpcds_partitioned_parquet_snap.store_sales_0.ss_item_sk,tpcds_partitioned_parquet_snap.store_sales_0.ss_ticket_number)]
|  |  |  mem-estimate=26.43MB mem-reservation=0B thread-reservation=0
|  |  |  tuple-ids=56,58,60,62 row-size=124B cardinality=31.06M cost=24632285
|  |  |  in pipelines: 53(GETNEXT)
|  |  |
|  |  F25:PLAN FRAGMENT [RANDOM] hosts=10 instances=120
|  |  Per-Host Shared Resources: mem-estimate=2.00MB mem-reservation=2.00MB thread-reservation=0 runtime-filters-memory=2.00MB
|  |  Per-Instance Resources: mem-estimate=81.73MB mem-reservation=512.00KB thread-reservation=1
|  |  max-parallelism=370 segment-costs=[3699964557]
|  |  59:HASH JOIN [INNER JOIN, BROADCAST]
|  |  |  hash-table-id=16
|  |  |  hash predicates: tpcds_partitioned_parquet_snap.store_sales_0.ss_item_sk = tpcds_partitioned_parquet_snap.item_0.i_item_sk
|  |  |  fk/pk conjuncts: tpcds_partitioned_parquet_snap.store_sales_0.ss_item_sk = tpcds_partitioned_parquet_snap.item_0.i_item_sk
|  |  |  mem-estimate=0B mem-reservation=0B spill-buffer=64.00KB thread-reservation=0
|  |  |  tuple-ids=56,58,60,62 row-size=124B cardinality=31.06M cost=49244553
|  |  |  in pipelines: 53(GETNEXT), 58(OPEN)
|  |  |
|  |  |--F66:PLAN FRAGMENT [RANDOM] hosts=10 instances=10
|  |  |  |  Per-Instance Resources: mem-estimate=24.93MB mem-reservation=24.25MB thread-reservation=1 runtime-filters-memory=1.00MB
|  |  |  |  max-parallelism=10 segment-costs=[17284]
|  |  |  JOIN BUILD
|  |  |  |  join-table-id=16 plan-id=17 cohort-id=07
|  |  |  |  build expressions: tpcds_partitioned_parquet_snap.item_0.i_item_sk
|  |  |  |  runtime filters: RF062[bloom] <- tpcds_partitioned_parquet_snap.item_0.i_item_sk, RF063[min_max] <- tpcds_partitioned_parquet_snap.item_0.i_item_sk
|  |  |  |  mem-estimate=23.25MB mem-reservation=23.25MB spill-buffer=64.00KB thread-reservation=0 cost=7424
|  |  |  |
|  |  |  107:EXCHANGE [BROADCAST]
|  |  |  |  mem-estimate=693.62KB mem-reservation=0B thread-reservation=0
|  |  |  |  tuple-ids=62 row-size=60B cardinality=7.42K cost=9860
|  |  |  |  in pipelines: 58(GETNEXT)
|  |  |  |
|  |  |  F28:PLAN FRAGMENT [RANDOM] hosts=4 instances=4
|  |  |  Per-Instance Resources: mem-estimate=16.25MB mem-reservation=512.00KB thread-reservation=1
|  |  |  max-parallelism=4 segment-costs=[229660]
|  |  |  58:SCAN HDFS [tpcds_partitioned_parquet_snap.item, RANDOM]
|  |  |     HDFS partitions=1/1 files=1 size=33.54MB
|  |  |     predicates: tpcds_partitioned_parquet_snap.item_0.i_color IN ('almond', 'chocolate', 'drab', 'misty', 'peach', 'saddle'), tpcds_partitioned_parquet_snap.item_0.i_current_price <= CAST(85 AS DECIMAL(5,0)), tpcds_partitioned_parquet_snap.item_0.i_current_price >= CAST(76 AS DECIMAL(5,0)), tpcds_partitioned_parquet_snap.item_0.i_item_sk IS NOT NULL
|  |  |     runtime filters: RF055[min_max] -> tpcds_partitioned_parquet_snap.item_0.i_item_sk
|  |  |     stored statistics:
|  |  |       table: rows=360.00K size=33.54MB
|  |  |       columns: all
|  |  |     extrapolated-rows=disabled max-scan-range-rows=101.54K
|  |  |     parquet statistics predicates: tpcds_partitioned_parquet_snap.item_0.i_color IN ('almond', 'chocolate', 'drab', 'misty', 'peach', 'saddle'), tpcds_partitioned_parquet_snap.item_0.i_current_price <= CAST(85 AS DECIMAL(5,0)), tpcds_partitioned_parquet_snap.item_0.i_current_price >= CAST(76 AS DECIMAL(5,0))
|  |  |     parquet dictionary predicates: tpcds_partitioned_parquet_snap.item_0.i_color IN ('almond', 'chocolate', 'drab', 'misty', 'peach', 'saddle'), tpcds_partitioned_parquet_snap.item_0.i_current_price <= CAST(85 AS DECIMAL(5,0)), tpcds_partitioned_parquet_snap.item_0.i_current_price >= CAST(76 AS DECIMAL(5,0)), tpcds_partitioned_parquet_snap.item_0.i_item_sk IS NOT NULL
|  |  |     mem-estimate=16.00MB mem-reservation=512.00KB thread-reservation=0
|  |  |     tuple-ids=62 row-size=60B cardinality=7.42K cost=228293
|  |  |     in pipelines: 58(GETNEXT)
|  |  |
|  |  57:HASH JOIN [INNER JOIN, BROADCAST]
|  |  |  hash-table-id=17
|  |  |  hash predicates: tpcds_partitioned_parquet_snap.store_sales_0.ss_sold_date_sk = tpcds_partitioned_parquet_snap.date_dim_4.d_date_sk
|  |  |  fk/pk conjuncts: tpcds_partitioned_parquet_snap.store_sales_0.ss_sold_date_sk = tpcds_partitioned_parquet_snap.date_dim_4.d_date_sk
|  |  |  mem-estimate=0B mem-reservation=0B spill-buffer=64.00KB thread-reservation=0
|  |  |  tuple-ids=56,58,60 row-size=64B cardinality=170.04M(filtered from 1.51G) cost=316694600
|  |  |  in pipelines: 53(GETNEXT), 56(OPEN)
|  |  |
|  |  |--F67:PLAN FRAGMENT [RANDOM] hosts=10 instances=10
|  |  |  |  Per-Instance Resources: mem-estimate=24.27MB mem-reservation=24.25MB thread-reservation=1 runtime-filters-memory=1.00MB
|  |  |  |  max-parallelism=10 segment-costs=[863]
|  |  |  JOIN BUILD
|  |  |  |  join-table-id=17 plan-id=18 cohort-id=07
|  |  |  |  build expressions: tpcds_partitioned_parquet_snap.date_dim_4.d_date_sk
|  |  |  |  runtime filters: RF064[bloom] <- tpcds_partitioned_parquet_snap.date_dim_4.d_date_sk
|  |  |  |  mem-estimate=23.25MB mem-reservation=23.25MB spill-buffer=64.00KB thread-reservation=0 cost=373
|  |  |  |
|  |  |  106:EXCHANGE [BROADCAST]
|  |  |  |  mem-estimate=16.00KB mem-reservation=0B thread-reservation=0
|  |  |  |  tuple-ids=60 row-size=8B cardinality=373 cost=490
|  |  |  |  in pipelines: 56(GETNEXT)
|  |  |  |
|  |  |  F27:PLAN FRAGMENT [RANDOM] hosts=1 instances=1
|  |  |  Per-Instance Resources: mem-estimate=16.05MB mem-reservation=512.00KB thread-reservation=1
|  |  |  max-parallelism=1 segment-costs=[12536]
|  |  |  56:SCAN HDFS [tpcds_partitioned_parquet_snap.date_dim, RANDOM]
|  |  |     HDFS partitions=1/1 files=1 size=2.17MB
|  |  |     predicates: tpcds_partitioned_parquet_snap.date_dim_4.d_year = CAST(2001 AS INT), tpcds_partitioned_parquet_snap.date_dim_4.d_date_sk IS NOT NULL
|  |  |     stored statistics:
|  |  |       table: rows=73.05K size=2.17MB
|  |  |       columns: all
|  |  |     extrapolated-rows=disabled max-scan-range-rows=73.05K
|  |  |     parquet statistics predicates: tpcds_partitioned_parquet_snap.date_dim_4.d_year = CAST(2001 AS INT)
|  |  |     parquet dictionary predicates: tpcds_partitioned_parquet_snap.date_dim_4.d_year = CAST(2001 AS INT), tpcds_partitioned_parquet_snap.date_dim_4.d_date_sk IS NOT NULL
|  |  |     mem-estimate=16.00MB mem-reservation=512.00KB thread-reservation=0
|  |  |     tuple-ids=60 row-size=8B cardinality=373 cost=12520
|  |  |     in pipelines: 56(GETNEXT)
|  |  |
|  |  55:HASH JOIN [INNER JOIN, BROADCAST]
|  |  |  hash-table-id=18
|  |  |  hash predicates: tpcds_partitioned_parquet_snap.store_sales_0.ss_promo_sk = tpcds_partitioned_parquet_snap.promotion_0.p_promo_sk
|  |  |  fk/pk conjuncts: tpcds_partitioned_parquet_snap.store_sales_0.ss_promo_sk = tpcds_partitioned_parquet_snap.promotion_0.p_promo_sk
|  |  |  mem-estimate=0B mem-reservation=0B spill-buffer=64.00KB thread-reservation=0
|  |  |  tuple-ids=56,58 row-size=56B cardinality=170.04M(filtered from 7.37G) cost=1378992792
|  |  |  in pipelines: 53(GETNEXT), 54(OPEN)
|  |  |
|  |  |--F68:PLAN FRAGMENT [RANDOM] hosts=10 instances=10
|  |  |  |  Per-Instance Resources: mem-estimate=23.27MB mem-reservation=23.25MB thread-reservation=1
|  |  |  |  max-parallelism=10 segment-costs=[4190]
|  |  |  JOIN BUILD
|  |  |  |  join-table-id=18 plan-id=19 cohort-id=07
|  |  |  |  build expressions: tpcds_partitioned_parquet_snap.promotion_0.p_promo_sk
|  |  |  |  runtime filters: RF067[min_max] <- tpcds_partitioned_parquet_snap.promotion_0.p_promo_sk
|  |  |  |  mem-estimate=23.25MB mem-reservation=23.25MB spill-buffer=64.00KB thread-reservation=0 cost=1800
|  |  |  |
|  |  |  105:EXCHANGE [BROADCAST]
|  |  |  |  mem-estimate=16.00KB mem-reservation=0B thread-reservation=0
|  |  |  |  tuple-ids=58 row-size=4B cardinality=1.80K cost=2390
|  |  |  |  in pipelines: 54(GETNEXT)
|  |  |  |
|  |  |  F26:PLAN FRAGMENT [RANDOM] hosts=1 instances=1
|  |  |  Per-Instance Resources: mem-estimate=16.03MB mem-reservation=32.00KB thread-reservation=1
|  |  |  max-parallelism=1 segment-costs=[212]
|  |  |  54:SCAN HDFS [tpcds_partitioned_parquet_snap.promotion, RANDOM]
|  |  |     HDFS partitions=1/1 files=1 size=100.50KB
|  |  |     predicates: tpcds_partitioned_parquet_snap.promotion_0.p_promo_sk IS NOT NULL
|  |  |     stored statistics:
|  |  |       table: rows=1.80K size=100.50KB
|  |  |       columns: all
|  |  |     extrapolated-rows=disabled max-scan-range-rows=1.80K
|  |  |     parquet dictionary predicates: tpcds_partitioned_parquet_snap.promotion_0.p_promo_sk IS NOT NULL
|  |  |     mem-estimate=16.00MB mem-reservation=32.00KB thread-reservation=0
|  |  |     tuple-ids=58 row-size=4B cardinality=1.80K cost=154
|  |  |     in pipelines: 54(GETNEXT)
|  |  |
|  |  53:SCAN HDFS [tpcds_partitioned_parquet_snap.store_sales, RANDOM]
|  |     partition predicates: tpcds_partitioned_parquet_snap.store_sales_0.ss_sold_date_sk IS NOT NULL
|  |     HDFS partitions=1823/1824 files=1823 size=389.69GB
|  |     predicates: tpcds_partitioned_parquet_snap.store_sales_0.ss_customer_sk IS NOT NULL, tpcds_partitioned_parquet_snap.store_sales_0.ss_cdemo_sk IS NOT NULL, tpcds_partitioned_parquet_snap.store_sales_0.ss_promo_sk IS NOT NULL, tpcds_partitioned_parquet_snap.store_sales_0.ss_hdemo_sk IS NOT NULL, tpcds_partitioned_parquet_snap.store_sales_0.ss_addr_sk IS NOT NULL, tpcds_partitioned_parquet_snap.store_sales_0.ss_store_sk IS NOT NULL, tpcds_partitioned_parquet_snap.store_sales_0.ss_item_sk IS NOT NULL, tpcds_partitioned_parquet_snap.store_sales_0.ss_ticket_number IS NOT NULL
|  |     runtime filters: RF063[min_max] -> tpcds_partitioned_parquet_snap.store_sales_0.ss_item_sk, RF051[min_max] -> tpcds_partitioned_parquet_snap.store_sales_0.ss_addr_sk, RF057[min_max] -> tpcds_partitioned_parquet_snap.store_sales_0.ss_hdemo_sk, RF047[min_max] -> tpcds_partitioned_parquet_snap.store_sales_0.ss_cdemo_sk, RF049[min_max] -> tpcds_partitioned_parquet_snap.store_sales_0.ss_customer_sk, RF053[min_max] -> tpcds_partitioned_parquet_snap.store_sales_0.ss_store_sk, RF067[min_max] -> tpcds_partitioned_parquet_snap.store_sales_0.ss_promo_sk, RF055[min_max] -> tpcds_partitioned_parquet_snap.store_sales_0.ss_item_sk, RF062[bloom] -> tpcds_partitioned_parquet_snap.store_sales_0.ss_item_sk, RF064[bloom] -> tpcds_partitioned_parquet_snap.store_sales_0.ss_sold_date_sk
|  |     stored statistics:
|  |       table: rows=8.64G size=389.90GB
|  |       partitions: 1823/1823 rows=8.25G
|  |       columns: all
|  |     extrapolated-rows=disabled max-scan-range-rows=12.24M est-scan-range=373(filtered from 1823)
|  |     parquet dictionary predicates: tpcds_partitioned_parquet_snap.store_sales_0.ss_customer_sk IS NOT NULL, tpcds_partitioned_parquet_snap.store_sales_0.ss_cdemo_sk IS NOT NULL, tpcds_partitioned_parquet_snap.store_sales_0.ss_promo_sk IS NOT NULL, tpcds_partitioned_parquet_snap.store_sales_0.ss_hdemo_sk IS NOT NULL, tpcds_partitioned_parquet_snap.store_sales_0.ss_addr_sk IS NOT NULL, tpcds_partitioned_parquet_snap.store_sales_0.ss_store_sk IS NOT NULL, tpcds_partitioned_parquet_snap.store_sales_0.ss_item_sk IS NOT NULL, tpcds_partitioned_parquet_snap.store_sales_0.ss_ticket_number IS NOT NULL
|  |     mem-estimate=16.00MB mem-reservation=512.00KB thread-reservation=0
|  |     tuple-ids=56 row-size=52B cardinality=170.04M(filtered from 7.37G) cost=1642492694
|  |     in pipelines: 53(GETNEXT)
|  |
|  108:EXCHANGE [HASH(tpcds_partitioned_parquet_snap.store_returns_0.sr_item_sk,tpcds_partitioned_parquet_snap.store_returns_0.sr_ticket_number)]
|  |  mem-estimate=10.47MB mem-reservation=0B thread-reservation=0
|  |  tuple-ids=54 row-size=12B cardinality=55.23M(filtered from 863.99M) cost=9184227
|  |  in pipelines: 52(GETNEXT)
|  |
|  F24:PLAN FRAGMENT [RANDOM] hosts=10 instances=30 (adjusted from 120)
|  Per-Host Shared Resources: mem-estimate=17.00MB mem-reservation=17.00MB thread-reservation=0 runtime-filters-memory=17.00MB
|  Per-Instance Resources: mem-estimate=23.50MB mem-reservation=512.00KB thread-reservation=1
|  max-parallelism=30 segment-costs=[268985600]
|  52:SCAN HDFS [tpcds_partitioned_parquet_snap.store_returns, RANDOM]
|     HDFS partitions=2004/2004 files=2004 size=48.14GB
|     predicates: tpcds_partitioned_parquet_snap.store_returns_0.sr_item_sk IS NOT NULL, tpcds_partitioned_parquet_snap.store_returns_0.sr_ticket_number IS NOT NULL
|     runtime filters: RF060[min_max] -> tpcds_partitioned_parquet_snap.store_returns_0.sr_item_sk, RF061[min_max] -> tpcds_partitioned_parquet_snap.store_returns_0.sr_ticket_number, RF055[min_max] -> tpcds_partitioned_parquet_snap.store_returns_0.sr_item_sk, RF058[bloom] -> tpcds_partitioned_parquet_snap.store_returns_0.sr_item_sk, RF059[bloom] -> tpcds_partitioned_parquet_snap.store_returns_0.sr_ticket_number
|     stored statistics:
|       table: rows=863.99M size=48.14GB
|       partitions: 2004/2004 rows=863.99M
|       columns: all
|     extrapolated-rows=disabled max-scan-range-rows=30.09M
|     parquet dictionary predicates: tpcds_partitioned_parquet_snap.store_returns_0.sr_item_sk IS NOT NULL, tpcds_partitioned_parquet_snap.store_returns_0.sr_ticket_number IS NOT NULL
|     mem-estimate=16.00MB mem-reservation=512.00KB thread-reservation=0
|     tuple-ids=54 row-size=12B cardinality=55.23M(filtered from 863.99M) cost=197853396
|     in pipelines: 52(GETNEXT)
|
130:EXCHANGE [HASH(tpcds_partitioned_parquet_snap.item.i_item_sk,tpcds_partitioned_parquet_snap.store.s_store_name,tpcds_partitioned_parquet_snap.store.s_zip)]
|  mem-estimate=43.62MB mem-reservation=0B thread-reservation=0
|  tuple-ids=39 row-size=283B cardinality=825.73M cost=1166306546
|  in pipelines: 104(GETNEXT)
|
F23:PLAN FRAGMENT [HASH(tpcds_partitioned_parquet_snap.item.i_product_name,tpcds_partitioned_parquet_snap.item.i_item_sk,tpcds_partitioned_parquet_snap.store.s_store_name,tpcds_partitioned_parquet_snap.store.s_zip,tpcds_partitioned_parquet_snap.customer_address_0.ca_street_number,tpcds_partitioned_parquet_snap.customer_address_0.ca_street_name,tpcds_partitioned_parquet_snap.customer_address_0.ca_city,tpcds_partitioned_parquet_snap.customer_address_0.ca_zip,tpcds_partitioned_parquet_snap.customer_address.ca_street_number,tpcds_partitioned_parquet_snap.customer_address.ca_street_name,tpcds_partitioned_parquet_snap.customer_address.ca_city,tpcds_partitioned_parquet_snap.customer_address.ca_zip,tpcds_partitioned_parquet_snap.date_dim.d_year,tpcds_partitioned_parquet_snap.date_dim_0.d_year)] hosts=10 instances=120
Per-Instance Resources: mem-estimate=635.45MB mem-reservation=34.00MB thread-reservation=1
max-parallelism=1550 segment-costs=[6213659098, 15469368099] cpu-comparison-result=615 [max(120 (self) vs 615 (sum children))]
104:AGGREGATE [FINALIZE]
|  output: count:merge(), sum:merge(tpcds_partitioned_parquet_snap.store_sales.ss_wholesale_cost), sum:merge(tpcds_partitioned_parquet_snap.store_sales.ss_list_price), sum:merge(tpcds_partitioned_parquet_snap.store_sales.ss_coupon_amt)
|  group by: tpcds_partitioned_parquet_snap.item.i_product_name, tpcds_partitioned_parquet_snap.item.i_item_sk, tpcds_partitioned_parquet_snap.store.s_store_name, tpcds_partitioned_parquet_snap.store.s_zip, tpcds_partitioned_parquet_snap.customer_address_0.ca_street_number, tpcds_partitioned_parquet_snap.customer_address_0.ca_street_name, tpcds_partitioned_parquet_snap.customer_address_0.ca_city, tpcds_partitioned_parquet_snap.customer_address_0.ca_zip, tpcds_partitioned_parquet_snap.customer_address.ca_street_number, tpcds_partitioned_parquet_snap.customer_address.ca_street_name, tpcds_partitioned_parquet_snap.customer_address.ca_city, tpcds_partitioned_parquet_snap.customer_address.ca_zip, tpcds_partitioned_parquet_snap.date_dim.d_year, tpcds_partitioned_parquet_snap.date_dim_0.d_year
|  mem-estimate=512.17MB mem-reservation=34.00MB spill-buffer=2.00MB thread-reservation=0
|  tuple-ids=39 row-size=283B cardinality=825.73M cost=5047352552
|  in pipelines: 104(GETNEXT), 13(OPEN)
|
103:EXCHANGE [HASH(tpcds_partitioned_parquet_snap.item.i_product_name,tpcds_partitioned_parquet_snap.item.i_item_sk,tpcds_partitioned_parquet_snap.store.s_store_name,tpcds_partitioned_parquet_snap.store.s_zip,tpcds_partitioned_parquet_snap.customer_address_0.ca_street_number,tpcds_partitioned_parquet_snap.customer_address_0.ca_street_name,tpcds_partitioned_parquet_snap.customer_address_0.ca_city,tpcds_partitioned_parquet_snap.customer_address_0.ca_zip,tpcds_partitioned_parquet_snap.customer_address.ca_street_number,tpcds_partitioned_parquet_snap.customer_address.ca_street_name,tpcds_partitioned_parquet_snap.customer_address.ca_city,tpcds_partitioned_parquet_snap.customer_address.ca_zip,tpcds_partitioned_parquet_snap.date_dim.d_year,tpcds_partitioned_parquet_snap.date_dim_0.d_year)]
|  mem-estimate=43.62MB mem-reservation=0B thread-reservation=0
|  tuple-ids=39 row-size=283B cardinality=825.73M cost=1166306546
|  in pipelines: 13(GETNEXT)
|
F05:PLAN FRAGMENT [HASH(tpcds_partitioned_parquet_snap.store_returns.sr_item_sk,tpcds_partitioned_parquet_snap.store_returns.sr_ticket_number)] hosts=10 instances=120
Per-Instance Resources: mem-estimate=657.07MB mem-reservation=34.00MB thread-reservation=1
max-parallelism=1550 segment-costs=[6711155090, 15469368099] cpu-comparison-result=615 [max(150 (self) vs 615 (sum children))]
38:AGGREGATE [STREAMING]
|  output: count(), sum(tpcds_partitioned_parquet_snap.store_sales.ss_wholesale_cost), sum(tpcds_partitioned_parquet_snap.store_sales.ss_list_price), sum(tpcds_partitioned_parquet_snap.store_sales.ss_coupon_amt)
|  group by: tpcds_partitioned_parquet_snap.item.i_product_name, tpcds_partitioned_parquet_snap.item.i_item_sk, tpcds_partitioned_parquet_snap.store.s_store_name, tpcds_partitioned_parquet_snap.store.s_zip, tpcds_partitioned_parquet_snap.customer_address_0.ca_street_number, tpcds_partitioned_parquet_snap.customer_address_0.ca_street_name, tpcds_partitioned_parquet_snap.customer_address_0.ca_city, tpcds_partitioned_parquet_snap.customer_address_0.ca_zip, tpcds_partitioned_parquet_snap.customer_address.ca_street_number, tpcds_partitioned_parquet_snap.customer_address.ca_street_name, tpcds_partitioned_parquet_snap.customer_address.ca_city, tpcds_partitioned_parquet_snap.customer_address.ca_zip, tpcds_partitioned_parquet_snap.date_dim.d_year, tpcds_partitioned_parquet_snap.date_dim_0.d_year
|  mem-estimate=512.11MB mem-reservation=34.00MB spill-buffer=2.00MB thread-reservation=0
|  tuple-ids=39 row-size=283B cardinality=825.73M cost=5047352552
|  in pipelines: 13(GETNEXT)
|
37:HASH JOIN [INNER JOIN, BROADCAST]
|  hash-table-id=19
|  hash predicates: tpcds_partitioned_parquet_snap.store_sales.ss_cdemo_sk = tpcds_partitioned_parquet_snap.customer_demographics_0.cd_demo_sk
|  fk/pk conjuncts: tpcds_partitioned_parquet_snap.store_sales.ss_cdemo_sk = tpcds_partitioned_parquet_snap.customer_demographics_0.cd_demo_sk
|  other join predicates: tpcds_partitioned_parquet_snap.customer_demographics_0.cd_marital_status != tpcds_partitioned_parquet_snap.customer_demographics.cd_marital_status
|  mem-estimate=0B mem-reservation=0B spill-buffer=2.00MB thread-reservation=0
|  tuple-ids=14,16,18,20,22,24,26,32,33,35,0,2,4,6,8,10,12,37 row-size=462B cardinality=825.73M cost=364047129
|  in pipelines: 13(GETNEXT), 36(OPEN)
|
|--F69:PLAN FRAGMENT [HASH(tpcds_partitioned_parquet_snap.store_returns.sr_item_sk,tpcds_partitioned_parquet_snap.store_returns.sr_ticket_number)] hosts=10 instances=10
|  |  Per-Instance Resources: mem-estimate=418.21MB mem-reservation=408.00MB thread-reservation=1
|  |  max-parallelism=10 segment-costs=[4473540]
|  JOIN BUILD
|  |  join-table-id=19 plan-id=20 cohort-id=01
|  |  build expressions: tpcds_partitioned_parquet_snap.customer_demographics_0.cd_demo_sk
|  |  runtime filters: RF007[min_max] <- tpcds_partitioned_parquet_snap.customer_demographics_0.cd_demo_sk
|  |  mem-estimate=408.00MB mem-reservation=408.00MB spill-buffer=2.00MB thread-reservation=0 cost=1920800
|  |
|  102:EXCHANGE [BROADCAST]
|  |  mem-estimate=10.21MB mem-reservation=0B thread-reservation=0
|  |  tuple-ids=37 row-size=17B cardinality=1.92M cost=2552740
|  |  in pipelines: 36(GETNEXT)
|  |
|  F22:PLAN FRAGMENT [RANDOM] hosts=10 instances=10
|  Per-Instance Resources: mem-estimate=16.08MB mem-reservation=1.00MB thread-reservation=1
|  max-parallelism=10 segment-costs=[375900]
|  36:SCAN HDFS [tpcds_partitioned_parquet_snap.customer_demographics, RANDOM]
|     HDFS partitions=1/1 files=1 size=11.15MB
|     predicates: tpcds_partitioned_parquet_snap.customer_demographics_0.cd_demo_sk IS NOT NULL, tpcds_partitioned_parquet_snap.customer_demographics_0.cd_marital_status IS NOT NULL
|     stored statistics:
|       table: rows=1.92M size=11.15MB
|       columns: all
|     extrapolated-rows=disabled max-scan-range-rows=197.97K
|     parquet dictionary predicates: tpcds_partitioned_parquet_snap.customer_demographics_0.cd_demo_sk IS NOT NULL, tpcds_partitioned_parquet_snap.customer_demographics_0.cd_marital_status IS NOT NULL
|     mem-estimate=16.00MB mem-reservation=1.00MB thread-reservation=0
|     tuple-ids=37 row-size=17B cardinality=1.92M cost=246246
|     in pipelines: 36(GETNEXT)
|
35:HASH JOIN [INNER JOIN, BROADCAST]
|  hash-table-id=20
|  hash predicates: tpcds_partitioned_parquet_snap.store_sales.ss_customer_sk = tpcds_partitioned_parquet_snap.customer.c_customer_sk
|  fk/pk conjuncts: none
|  mem-estimate=0B mem-reservation=0B spill-buffer=2.00MB thread-reservation=0
|  tuple-ids=14,16,18,20,22,24,26,32,33,35,0,2,4,6,8,10,12 row-size=445B cardinality=835.96M cost=365901826
|  in pipelines: 13(GETNEXT), 00(OPEN)
|
|--F70:PLAN FRAGMENT [HASH(tpcds_partitioned_parquet_snap.store_returns.sr_item_sk,tpcds_partitioned_parquet_snap.store_returns.sr_ticket_number)] hosts=10 instances=10
|  |  Per-Instance Resources: mem-estimate=4.43GB mem-reservation=408.00MB thread-reservation=1
|  |  max-parallelism=10 segment-costs=[62546093] cpu-comparison-result=73 [max(30 (self) vs 73 (sum children))]
|  JOIN BUILD
|  |  join-table-id=20 plan-id=21 cohort-id=01
|  |  build expressions: tpcds_partitioned_parquet_snap.customer.c_customer_sk
|  |  runtime filters: RF009[min_max] <- tpcds_partitioned_parquet_snap.customer.c_customer_sk
|  |  mem-estimate=4.42GB mem-reservation=408.00MB spill-buffer=2.00MB thread-reservation=0 cost=26855343
|  |
|  101:EXCHANGE [BROADCAST]
|  |  mem-estimate=11.70MB mem-reservation=0B thread-reservation=0
|  |  tuple-ids=0,2,4,6,8,10,12 row-size=147B cardinality=26.86M cost=35690750
|  |  in pipelines: 00(GETNEXT)
|  |
|  F21:PLAN FRAGMENT [HASH(tpcds_partitioned_parquet_snap.customer.c_current_addr_sk)] hosts=10 instances=10
|  Per-Instance Resources: mem-estimate=11.59MB mem-reservation=0B thread-reservation=1
|  max-parallelism=10 segment-costs=[42890739]
|  12:HASH JOIN [INNER JOIN, PARTITIONED]
|  |  hash-table-id=21
|  |  hash predicates: tpcds_partitioned_parquet_snap.customer.c_current_addr_sk = tpcds_partitioned_parquet_snap.customer_address.ca_address_sk
|  |  fk/pk conjuncts: tpcds_partitioned_parquet_snap.customer.c_current_addr_sk = tpcds_partitioned_parquet_snap.customer_address.ca_address_sk
|  |  mem-estimate=0B mem-reservation=0B spill-buffer=2.00MB thread-reservation=0
|  |  tuple-ids=0,2,4,6,8,10,12 row-size=147B cardinality=26.86M cost=11754583
|  |  in pipelines: 00(GETNEXT), 11(OPEN)
|  |
|  |--F71:PLAN FRAGMENT [HASH(tpcds_partitioned_parquet_snap.customer.c_current_addr_sk)] hosts=10 instances=10
|  |  |  Per-Instance Resources: mem-estimate=160.14MB mem-reservation=34.00MB thread-reservation=1
|  |  |  max-parallelism=10 segment-costs=[22017902]
|  |  JOIN BUILD
|  |  |  join-table-id=21 plan-id=22 cohort-id=08
|  |  |  build expressions: tpcds_partitioned_parquet_snap.customer_address.ca_address_sk
|  |  |  runtime filters: RF035[min_max] <- tpcds_partitioned_parquet_snap.customer_address.ca_address_sk
|  |  |  mem-estimate=149.35MB mem-reservation=34.00MB spill-buffer=2.00MB thread-reservation=0 cost=15000000
|  |  |
|  |  100:EXCHANGE [HASH(tpcds_partitioned_parquet_snap.customer_address.ca_address_sk)]
|  |  |  mem-estimate=10.80MB mem-reservation=0B thread-reservation=0
|  |  |  tuple-ids=12 row-size=78B cardinality=15.00M cost=7017902
|  |  |  in pipelines: 11(GETNEXT)
|  |  |
|  |  F20:PLAN FRAGMENT [RANDOM] hosts=10 instances=10
|  |  Per-Instance Resources: mem-estimate=19.19MB mem-reservation=128.00KB thread-reservation=1
|  |  max-parallelism=10 segment-costs=[89453349]
|  |  11:SCAN HDFS [tpcds_partitioned_parquet_snap.customer_address, RANDOM]
|  |     HDFS partitions=1/1 files=1 size=307.36MB
|  |     predicates: tpcds_partitioned_parquet_snap.customer_address.ca_address_sk IS NOT NULL
|  |     stored statistics:
|  |       table: rows=15.00M size=307.36MB
|  |       columns: all
|  |     extrapolated-rows=disabled max-scan-range-rows=1.58M
|  |     parquet dictionary predicates: tpcds_partitioned_parquet_snap.customer_address.ca_address_sk IS NOT NULL
|  |     mem-estimate=16.00MB mem-reservation=128.00KB thread-reservation=0
|  |     tuple-ids=12 row-size=78B cardinality=15.00M cost=6805716
|  |     in pipelines: 11(GETNEXT)
|  |
|  99:EXCHANGE [HASH(tpcds_partitioned_parquet_snap.customer.c_current_addr_sk)]
|  |  mem-estimate=10.91MB mem-reservation=0B thread-reservation=0
|  |  tuple-ids=0,2,4,6,8,10 row-size=69B cardinality=26.86M cost=16448897
|  |  in pipelines: 00(GETNEXT)
|  |
|  F14:PLAN FRAGMENT [RANDOM] hosts=10 instances=10
|  Per-Instance Resources: mem-estimate=19.63MB mem-reservation=1.00MB thread-reservation=1
|  max-parallelism=10 segment-costs=[265911830]
|  10:HASH JOIN [INNER JOIN, BROADCAST]
|  |  hash-table-id=22
|  |  hash predicates: tpcds_partitioned_parquet_snap.customer.c_current_hdemo_sk = tpcds_partitioned_parquet_snap.household_demographics.hd_demo_sk
|  |  fk/pk conjuncts: tpcds_partitioned_parquet_snap.customer.c_current_hdemo_sk = tpcds_partitioned_parquet_snap.household_demographics.hd_demo_sk
|  |  mem-estimate=0B mem-reservation=0B spill-buffer=64.00KB thread-reservation=0
|  |  tuple-ids=0,2,4,6,8,10 row-size=69B cardinality=26.86M cost=11922966
|  |  in pipelines: 00(GETNEXT), 07(OPEN)
|  |
|  |--F72:PLAN FRAGMENT [RANDOM] hosts=10 instances=10
|  |  |  Per-Instance Resources: mem-estimate=2.04MB mem-reservation=1.94MB thread-reservation=1
|  |  |  max-parallelism=10 segment-costs=[16760] cpu-comparison-result=11 [max(11 (self) vs 2 (sum children))]
|  |  JOIN BUILD
|  |  |  join-table-id=22 plan-id=23 cohort-id=08
|  |  |  build expressions: tpcds_partitioned_parquet_snap.household_demographics.hd_demo_sk
|  |  |  runtime filters: RF037[min_max] <- tpcds_partitioned_parquet_snap.household_demographics.hd_demo_sk
|  |  |  mem-estimate=1.94MB mem-reservation=1.94MB spill-buffer=64.00KB thread-reservation=0 cost=7200
|  |  |
|  |  98:EXCHANGE [BROADCAST]
|  |  |  mem-estimate=104.38KB mem-reservation=0B thread-reservation=0
|  |  |  tuple-ids=8,10 row-size=12B cardinality=7.20K cost=9560
|  |  |  in pipelines: 07(GETNEXT)
|  |  |
|  |  F18:PLAN FRAGMENT [RANDOM] hosts=1 instances=1
|  |  Per-Instance Resources: mem-estimate=16.08MB mem-reservation=64.00KB thread-reservation=1
|  |  max-parallelism=1 segment-costs=[4929]
|  |  09:HASH JOIN [INNER JOIN, BROADCAST]
|  |  |  hash-table-id=23
|  |  |  hash predicates: tpcds_partitioned_parquet_snap.household_demographics.hd_income_band_sk = tpcds_partitioned_parquet_snap.income_band.ib_income_band_sk
|  |  |  fk/pk conjuncts: tpcds_partitioned_parquet_snap.household_demographics.hd_income_band_sk = tpcds_partitioned_parquet_snap.income_band.ib_income_band_sk
|  |  |  mem-estimate=0B mem-reservation=0B spill-buffer=64.00KB thread-reservation=0
|  |  |  tuple-ids=8,10 row-size=12B cardinality=7.20K cost=3151
|  |  |  in pipelines: 07(GETNEXT), 08(OPEN)
|  |  |
|  |  |--F73:PLAN FRAGMENT [RANDOM] hosts=1 instances=1
|  |  |  |  Per-Instance Resources: mem-estimate=1.95MB mem-reservation=1.94MB thread-reservation=1
|  |  |  |  max-parallelism=1 segment-costs=[22]
|  |  |  JOIN BUILD
|  |  |  |  join-table-id=23 plan-id=24 cohort-id=09
|  |  |  |  build expressions: tpcds_partitioned_parquet_snap.income_band.ib_income_band_sk
|  |  |  |  runtime filters: RF045[min_max] <- tpcds_partitioned_parquet_snap.income_band.ib_income_band_sk
|  |  |  |  mem-estimate=1.94MB mem-reservation=1.94MB spill-buffer=64.00KB thread-reservation=0 cost=20
|  |  |  |
|  |  |  97:EXCHANGE [BROADCAST]
|  |  |  |  mem-estimate=16.00KB mem-reservation=0B thread-reservation=0
|  |  |  |  tuple-ids=10 row-size=4B cardinality=20 cost=2
|  |  |  |  in pipelines: 08(GETNEXT)
|  |  |  |
|  |  |  F19:PLAN FRAGMENT [RANDOM] hosts=1 instances=1
|  |  |  Per-Instance Resources: mem-estimate=16.03MB mem-reservation=8.00KB thread-reservation=1
|  |  |  max-parallelism=1 segment-costs=[1]
|  |  |  08:SCAN HDFS [tpcds_partitioned_parquet_snap.income_band, RANDOM]
|  |  |     HDFS partitions=1/1 files=1 size=1.22KB
|  |  |     predicates: tpcds_partitioned_parquet_snap.income_band.ib_income_band_sk IS NOT NULL
|  |  |     stored statistics:
|  |  |       table: rows=20 size=1.22KB
|  |  |       columns: all
|  |  |     extrapolated-rows=disabled max-scan-range-rows=20
|  |  |     parquet dictionary predicates: tpcds_partitioned_parquet_snap.income_band.ib_income_band_sk IS NOT NULL
|  |  |     mem-estimate=16.00MB mem-reservation=8.00KB thread-reservation=0
|  |  |     tuple-ids=10 row-size=4B cardinality=20 cost=1
|  |  |     in pipelines: 08(GETNEXT)
|  |  |
|  |  07:SCAN HDFS [tpcds_partitioned_parquet_snap.household_demographics, RANDOM]
|  |     HDFS partitions=1/1 files=1 size=41.69KB
|  |     predicates: tpcds_partitioned_parquet_snap.household_demographics.hd_demo_sk IS NOT NULL, tpcds_partitioned_parquet_snap.household_demographics.hd_income_band_sk IS NOT NULL
|  |     runtime filters: RF045[min_max] -> tpcds_partitioned_parquet_snap.household_demographics.hd_income_band_sk
|  |     stored statistics:
|  |       table: rows=7.20K size=41.69KB
|  |       columns: all
|  |     extrapolated-rows=disabled max-scan-range-rows=7.20K
|  |     parquet dictionary predicates: tpcds_partitioned_parquet_snap.household_demographics.hd_demo_sk IS NOT NULL, tpcds_partitioned_parquet_snap.household_demographics.hd_income_band_sk IS NOT NULL
|  |     mem-estimate=16.00MB mem-reservation=64.00KB thread-reservation=0
|  |     tuple-ids=8 row-size=8B cardinality=7.20K cost=1234
|  |     in pipelines: 07(GETNEXT)
|  |
|  06:HASH JOIN [INNER JOIN, BROADCAST]
|  |  hash-table-id=24
|  |  hash predicates: tpcds_partitioned_parquet_snap.customer.c_first_shipto_date_sk = tpcds_partitioned_parquet_snap.date_dim_0.d_date_sk
|  |  fk/pk conjuncts: tpcds_partitioned_parquet_snap.customer.c_first_shipto_date_sk = tpcds_partitioned_parquet_snap.date_dim_0.d_date_sk
|  |  mem-estimate=0B mem-reservation=0B spill-buffer=256.00KB thread-reservation=0
|  |  tuple-ids=0,2,4,6 row-size=57B cardinality=27.51M cost=12041917
|  |  in pipelines: 00(GETNEXT), 05(OPEN)
|  |
|  |--F74:PLAN FRAGMENT [RANDOM] hosts=10 instances=10
|  |  |  Per-Instance Resources: mem-estimate=5.32MB mem-reservation=4.75MB thread-reservation=1
|  |  |  max-parallelism=10 segment-costs=[170129]
|  |  JOIN BUILD
|  |  |  join-table-id=24 plan-id=25 cohort-id=08
|  |  |  build expressions: tpcds_partitioned_parquet_snap.date_dim_0.d_date_sk
|  |  |  runtime filters: RF039[min_max] <- tpcds_partitioned_parquet_snap.date_dim_0.d_date_sk
|  |  |  mem-estimate=4.75MB mem-reservation=4.75MB spill-buffer=256.00KB thread-reservation=0 cost=73049
|  |  |
|  |  96:EXCHANGE [BROADCAST]
|  |  |  mem-estimate=582.70KB mem-reservation=0B thread-reservation=0
|  |  |  tuple-ids=6 row-size=8B cardinality=73.05K cost=97080
|  |  |  in pipelines: 05(GETNEXT)
|  |  |
|  |  F17:PLAN FRAGMENT [RANDOM] hosts=1 instances=1
|  |  Per-Instance Resources: mem-estimate=16.05MB mem-reservation=512.00KB thread-reservation=1
|  |  max-parallelism=1 segment-costs=[13622]
|  |  05:SCAN HDFS [tpcds_partitioned_parquet_snap.date_dim, RANDOM]
|  |     HDFS partitions=1/1 files=1 size=2.17MB
|  |     predicates: tpcds_partitioned_parquet_snap.date_dim_0.d_date_sk IS NOT NULL
|  |     stored statistics:
|  |       table: rows=73.05K size=2.17MB
|  |       columns: all
|  |     extrapolated-rows=disabled max-scan-range-rows=73.05K
|  |     parquet dictionary predicates: tpcds_partitioned_parquet_snap.date_dim_0.d_date_sk IS NOT NULL
|  |     mem-estimate=16.00MB mem-reservation=512.00KB thread-reservation=0
|  |     tuple-ids=6 row-size=8B cardinality=73.05K cost=10467
|  |     in pipelines: 05(GETNEXT)
|  |
|  04:HASH JOIN [INNER JOIN, BROADCAST]
|  |  hash-table-id=25
|  |  hash predicates: tpcds_partitioned_parquet_snap.customer.c_first_sales_date_sk = tpcds_partitioned_parquet_snap.date_dim.d_date_sk
|  |  fk/pk conjuncts: tpcds_partitioned_parquet_snap.customer.c_first_sales_date_sk = tpcds_partitioned_parquet_snap.date_dim.d_date_sk
|  |  mem-estimate=0B mem-reservation=0B spill-buffer=256.00KB thread-reservation=0
|  |  tuple-ids=0,2,4 row-size=49B cardinality=27.51M cost=12041917
|  |  in pipelines: 00(GETNEXT), 03(OPEN)
|  |
|  |--F75:PLAN FRAGMENT [RANDOM] hosts=10 instances=10
|  |  |  Per-Instance Resources: mem-estimate=5.32MB mem-reservation=4.75MB thread-reservation=1
|  |  |  max-parallelism=10 segment-costs=[170129]
|  |  JOIN BUILD
|  |  |  join-table-id=25 plan-id=26 cohort-id=08
|  |  |  build expressions: tpcds_partitioned_parquet_snap.date_dim.d_date_sk
|  |  |  runtime filters: RF041[min_max] <- tpcds_partitioned_parquet_snap.date_dim.d_date_sk
|  |  |  mem-estimate=4.75MB mem-reservation=4.75MB spill-buffer=256.00KB thread-reservation=0 cost=73049
|  |  |
|  |  95:EXCHANGE [BROADCAST]
|  |  |  mem-estimate=582.70KB mem-reservation=0B thread-reservation=0
|  |  |  tuple-ids=4 row-size=8B cardinality=73.05K cost=97080
|  |  |  in pipelines: 03(GETNEXT)
|  |  |
|  |  F16:PLAN FRAGMENT [RANDOM] hosts=1 instances=1
|  |  Per-Instance Resources: mem-estimate=16.05MB mem-reservation=512.00KB thread-reservation=1
|  |  max-parallelism=1 segment-costs=[13622]
|  |  03:SCAN HDFS [tpcds_partitioned_parquet_snap.date_dim, RANDOM]
|  |     HDFS partitions=1/1 files=1 size=2.17MB
|  |     predicates: tpcds_partitioned_parquet_snap.date_dim.d_date_sk IS NOT NULL
|  |     stored statistics:
|  |       table: rows=73.05K size=2.17MB
|  |       columns: all
|  |     extrapolated-rows=disabled max-scan-range-rows=73.05K
|  |     parquet dictionary predicates: tpcds_partitioned_parquet_snap.date_dim.d_date_sk IS NOT NULL
|  |     mem-estimate=16.00MB mem-reservation=512.00KB thread-reservation=0
|  |     tuple-ids=4 row-size=8B cardinality=73.05K cost=10467
|  |     in pipelines: 03(GETNEXT)
|  |
|  02:HASH JOIN [INNER JOIN, BROADCAST]
|  |  hash-table-id=26
|  |  hash predicates: tpcds_partitioned_parquet_snap.customer.c_current_cdemo_sk = tpcds_partitioned_parquet_snap.customer_demographics.cd_demo_sk
|  |  fk/pk conjuncts: tpcds_partitioned_parquet_snap.customer.c_current_cdemo_sk = tpcds_partitioned_parquet_snap.customer_demographics.cd_demo_sk
|  |  mem-estimate=0B mem-reservation=0B spill-buffer=2.00MB thread-reservation=0
|  |  tuple-ids=0,2 row-size=41B cardinality=27.51M cost=12129392
|  |  in pipelines: 00(GETNEXT), 01(OPEN)
|  |
|  |--F76:PLAN FRAGMENT [RANDOM] hosts=10 instances=10
|  |  |  Per-Instance Resources: mem-estimate=89.35MB mem-reservation=34.00MB thread-reservation=1
|  |  |  max-parallelism=10 segment-costs=[4473540]
|  |  JOIN BUILD
|  |  |  join-table-id=26 plan-id=27 cohort-id=08
|  |  |  build expressions: tpcds_partitioned_parquet_snap.customer_demographics.cd_demo_sk
|  |  |  runtime filters: RF043[min_max] <- tpcds_partitioned_parquet_snap.customer_demographics.cd_demo_sk
|  |  |  mem-estimate=79.14MB mem-reservation=34.00MB spill-buffer=2.00MB thread-reservation=0 cost=1920800
|  |  |
|  |  94:EXCHANGE [BROADCAST]
|  |  |  mem-estimate=10.21MB mem-reservation=0B thread-reservation=0
|  |  |  tuple-ids=2 row-size=17B cardinality=1.92M cost=2552740
|  |  |  in pipelines: 01(GETNEXT)
|  |  |
|  |  F15:PLAN FRAGMENT [RANDOM] hosts=10 instances=10
|  |  Per-Instance Resources: mem-estimate=16.08MB mem-reservation=1.00MB thread-reservation=1
|  |  max-parallelism=10 segment-costs=[375900]
|  |  01:SCAN HDFS [tpcds_partitioned_parquet_snap.customer_demographics, RANDOM]
|  |     HDFS partitions=1/1 files=1 size=11.15MB
|  |     predicates: tpcds_partitioned_parquet_snap.customer_demographics.cd_demo_sk IS NOT NULL, tpcds_partitioned_parquet_snap.customer_demographics.cd_marital_status IS NOT NULL
|  |     stored statistics:
|  |       table: rows=1.92M size=11.15MB
|  |       columns: all
|  |     extrapolated-rows=disabled max-scan-range-rows=197.97K
|  |     parquet dictionary predicates: tpcds_partitioned_parquet_snap.customer_demographics.cd_demo_sk IS NOT NULL, tpcds_partitioned_parquet_snap.customer_demographics.cd_marital_status IS NOT NULL
|  |     mem-estimate=16.00MB mem-reservation=1.00MB thread-reservation=0
|  |     tuple-ids=2 row-size=17B cardinality=1.92M cost=246246
|  |     in pipelines: 01(GETNEXT)
|  |
|  00:SCAN HDFS [tpcds_partitioned_parquet_snap.customer, RANDOM]
|     HDFS partitions=1/1 files=1 size=1.55GB
|     predicates: tpcds_partitioned_parquet_snap.customer.c_first_shipto_date_sk IS NOT NULL, tpcds_partitioned_parquet_snap.customer.c_first_sales_date_sk IS NOT NULL, tpcds_partitioned_parquet_snap.customer.c_current_cdemo_sk IS NOT NULL, tpcds_partitioned_parquet_snap.customer.c_current_hdemo_sk IS NOT NULL, tpcds_partitioned_parquet_snap.customer.c_current_addr_sk IS NOT NULL, tpcds_partitioned_parquet_snap.customer.c_customer_sk IS NOT NULL
|     runtime filters: RF037[min_max] -> tpcds_partitioned_parquet_snap.customer.c_current_hdemo_sk, RF043[min_max] -> tpcds_partitioned_parquet_snap.customer.c_current_cdemo_sk, RF035[min_max] -> tpcds_partitioned_parquet_snap.customer.c_current_addr_sk, RF039[min_max] -> tpcds_partitioned_parquet_snap.customer.c_first_shipto_date_sk, RF041[min_max] -> tpcds_partitioned_parquet_snap.customer.c_first_sales_date_sk
|     stored statistics:
|       table: rows=30.00M size=1.55GB
|       columns: all
|     extrapolated-rows=disabled max-scan-range-rows=3.10M
|     parquet dictionary predicates: tpcds_partitioned_parquet_snap.customer.c_first_shipto_date_sk IS NOT NULL, tpcds_partitioned_parquet_snap.customer.c_first_sales_date_sk IS NOT NULL, tpcds_partitioned_parquet_snap.customer.c_current_cdemo_sk IS NOT NULL, tpcds_partitioned_parquet_snap.customer.c_current_hdemo_sk IS NOT NULL, tpcds_partitioned_parquet_snap.customer.c_current_addr_sk IS NOT NULL, tpcds_partitioned_parquet_snap.customer.c_customer_sk IS NOT NULL
|     mem-estimate=16.00MB mem-reservation=1.00MB thread-reservation=0
|     tuple-ids=0 row-size=24B cardinality=27.85M cost=15426000
|     in pipelines: 00(GETNEXT)
|
34:HASH JOIN [INNER JOIN, BROADCAST]
|  hash-table-id=27
|  hash predicates: tpcds_partitioned_parquet_snap.store_sales.ss_addr_sk = tpcds_partitioned_parquet_snap.customer_address_0.ca_address_sk
|  fk/pk conjuncts: tpcds_partitioned_parquet_snap.store_sales.ss_addr_sk = tpcds_partitioned_parquet_snap.customer_address_0.ca_address_sk
|  mem-estimate=0B mem-reservation=0B spill-buffer=2.00MB thread-reservation=0
|  tuple-ids=14,16,18,20,22,24,26,32,33,35 row-size=299B cardinality=835.96M cost=373091196
|  in pipelines: 13(GETNEXT), 33(OPEN)
|
|--F77:PLAN FRAGMENT [HASH(tpcds_partitioned_parquet_snap.store_returns.sr_item_sk,tpcds_partitioned_parquet_snap.store_returns.sr_ticket_number)] hosts=10 instances=10
|  |  Per-Instance Resources: mem-estimate=1.47GB mem-reservation=408.00MB thread-reservation=1
|  |  max-parallelism=10 segment-costs=[34934990]
|  JOIN BUILD
|  |  join-table-id=27 plan-id=28 cohort-id=01
|  |  build expressions: tpcds_partitioned_parquet_snap.customer_address_0.ca_address_sk
|  |  runtime filters: RF011[min_max] <- tpcds_partitioned_parquet_snap.customer_address_0.ca_address_sk
|  |  mem-estimate=1.46GB mem-reservation=408.00MB spill-buffer=2.00MB thread-reservation=0 cost=15000000
|  |
|  93:EXCHANGE [BROADCAST]
|  |  mem-estimate=10.80MB mem-reservation=0B thread-reservation=0
|  |  tuple-ids=35 row-size=78B cardinality=15.00M cost=19934990
|  |  in pipelines: 33(GETNEXT)
|  |
|  F13:PLAN FRAGMENT [RANDOM] hosts=10 instances=10
|  Per-Instance Resources: mem-estimate=16.32MB mem-reservation=128.00KB thread-reservation=1
|  max-parallelism=10 segment-costs=[10270756]
|  33:SCAN HDFS [tpcds_partitioned_parquet_snap.customer_address, RANDOM]
|     HDFS partitions=1/1 files=1 size=307.36MB
|     predicates: tpcds_partitioned_parquet_snap.customer_address_0.ca_address_sk IS NOT NULL
|     stored statistics:
|       table: rows=15.00M size=307.36MB
|       columns: all
|     extrapolated-rows=disabled max-scan-range-rows=1.58M
|     parquet dictionary predicates: tpcds_partitioned_parquet_snap.customer_address_0.ca_address_sk IS NOT NULL
|     mem-estimate=16.00MB mem-reservation=128.00KB thread-reservation=0
|     tuple-ids=35 row-size=78B cardinality=15.00M cost=6805716
|     in pipelines: 33(GETNEXT)
|
32:HASH JOIN [INNER JOIN, BROADCAST]
|  hash-table-id=28
|  hash predicates: tpcds_partitioned_parquet_snap.store_sales.ss_store_sk = tpcds_partitioned_parquet_snap.store.s_store_sk
|  fk/pk conjuncts: tpcds_partitioned_parquet_snap.store_sales.ss_store_sk = tpcds_partitioned_parquet_snap.store.s_store_sk
|  mem-estimate=0B mem-reservation=0B spill-buffer=64.00KB thread-reservation=0
|  tuple-ids=14,16,18,20,22,24,26,32,33 row-size=221B cardinality=863.99M cost=378170002
|  in pipelines: 13(GETNEXT), 31(OPEN)
|
|--F78:PLAN FRAGMENT [HASH(tpcds_partitioned_parquet_snap.store_returns.sr_item_sk,tpcds_partitioned_parquet_snap.store_returns.sr_ticket_number)] hosts=10 instances=10
|  |  Per-Instance Resources: mem-estimate=23.34MB mem-reservation=23.25MB thread-reservation=1
|  |  max-parallelism=10 segment-costs=[3106]
|  JOIN BUILD
|  |  join-table-id=28 plan-id=29 cohort-id=01
|  |  build expressions: tpcds_partitioned_parquet_snap.store.s_store_sk
|  |  runtime filters: RF013[min_max] <- tpcds_partitioned_parquet_snap.store.s_store_sk
|  |  mem-estimate=23.25MB mem-reservation=23.25MB spill-buffer=64.00KB thread-reservation=0 cost=1336
|  |
|  92:EXCHANGE [BROADCAST]
|  |  mem-estimate=89.13KB mem-reservation=0B thread-reservation=0
|  |  tuple-ids=33 row-size=37B cardinality=1.34K cost=1770
|  |  in pipelines: 31(GETNEXT)
|  |
|  F12:PLAN FRAGMENT [RANDOM] hosts=1 instances=1
|  Per-Instance Resources: mem-estimate=16.16MB mem-reservation=24.00KB thread-reservation=1
|  max-parallelism=1 segment-costs=[527]
|  31:SCAN HDFS [tpcds_partitioned_parquet_snap.store, RANDOM]
|     HDFS partitions=1/1 files=1 size=119.76KB
|     predicates: tpcds_partitioned_parquet_snap.store.s_zip IS NOT NULL, tpcds_partitioned_parquet_snap.store.s_store_name IS NOT NULL, tpcds_partitioned_parquet_snap.store.s_store_sk IS NOT NULL
|     runtime filters: RF004[min_max] -> tpcds_partitioned_parquet_snap.store.s_store_name, RF005[min_max] -> tpcds_partitioned_parquet_snap.store.s_zip
|     stored statistics:
|       table: rows=1.35K size=119.76KB
|       columns: all
|     extrapolated-rows=disabled max-scan-range-rows=1.35K
|     parquet dictionary predicates: tpcds_partitioned_parquet_snap.store.s_zip IS NOT NULL, tpcds_partitioned_parquet_snap.store.s_store_name IS NOT NULL, tpcds_partitioned_parquet_snap.store.s_store_sk IS NOT NULL
|     mem-estimate=16.00MB mem-reservation=24.00KB thread-reservation=0
|     tuple-ids=33 row-size=37B cardinality=1.34K cost=365
|     in pipelines: 31(GETNEXT)
|
30:HASH JOIN [INNER JOIN, BROADCAST]
|  hash-table-id=29
|  hash predicates: tpcds_partitioned_parquet_snap.store_sales.ss_item_sk = tpcds_partitioned_parquet_snap.catalog_sales.cs_item_sk
|  fk/pk conjuncts: none
|  mem-estimate=0B mem-reservation=0B spill-buffer=128.00KB thread-reservation=0
|  tuple-ids=14,16,18,20,22,24,26,32 row-size=184B cardinality=863.99M cost=157333400
|  in pipelines: 13(GETNEXT), 90(OPEN)
|
|--F79:PLAN FRAGMENT [HASH(tpcds_partitioned_parquet_snap.store_returns.sr_item_sk,tpcds_partitioned_parquet_snap.store_returns.sr_ticket_number)] hosts=10 instances=10
|  |  Per-Instance Resources: mem-estimate=36.13MB mem-reservation=34.50MB thread-reservation=1
|  |  max-parallelism=10 segment-costs=[83878] cpu-comparison-result=240 [max(10 (self) vs 240 (sum children))]
|  JOIN BUILD
|  |  join-table-id=29 plan-id=30 cohort-id=01
|  |  build expressions: tpcds_partitioned_parquet_snap.catalog_sales.cs_item_sk
|  |  runtime filters: RF015[min_max] <- tpcds_partitioned_parquet_snap.catalog_sales.cs_item_sk
|  |  mem-estimate=34.50MB mem-reservation=34.50MB spill-buffer=128.00KB thread-reservation=0 cost=36018
|  |
|  91:EXCHANGE [BROADCAST]
|  |  mem-estimate=1.63MB mem-reservation=0B thread-reservation=0
|  |  tuple-ids=32 row-size=36B cardinality=36.02K cost=47860
|  |  in pipelines: 90(GETNEXT)
|  |
|  F11:PLAN FRAGMENT [HASH(tpcds_partitioned_parquet_snap.catalog_sales.cs_item_sk)] hosts=10 instances=10 (adjusted from 120)
|  Per-Instance Resources: mem-estimate=24.69MB mem-reservation=2.88MB thread-reservation=1
|  max-parallelism=10 segment-costs=[28566307, 4278] cpu-comparison-result=240 [max(10 (self) vs 240 (sum children))]
|  90:AGGREGATE [FINALIZE]
|  |  output: sum:merge(tpcds_partitioned_parquet_snap.catalog_sales.cs_ext_list_price), sum:merge(add(add(tpcds_partitioned_parquet_snap.catalog_returns.cr_refunded_cash, tpcds_partitioned_parquet_snap.catalog_returns.cr_reversed_charge), tpcds_partitioned_parquet_snap.catalog_returns.cr_store_credit))
|  |  group by: tpcds_partitioned_parquet_snap.catalog_sales.cs_item_sk
|  |  having: sum(tpcds_partitioned_parquet_snap.catalog_sales.cs_ext_list_price) > multiply(CAST(2 AS DECIMAL(3,0)), sum(add(add(tpcds_partitioned_parquet_snap.catalog_returns.cr_refunded_cash, tpcds_partitioned_parquet_snap.catalog_returns.cr_reversed_charge), tpcds_partitioned_parquet_snap.catalog_returns.cr_store_credit)))
|  |  mem-estimate=10.00MB mem-reservation=2.88MB spill-buffer=128.00KB thread-reservation=0
|  |  tuple-ids=32 row-size=36B cardinality=36.02K cost=16606891
|  |  in pipelines: 90(GETNEXT), 26(OPEN)
|  |
|  89:EXCHANGE [HASH(tpcds_partitioned_parquet_snap.catalog_sales.cs_item_sk)]
|  |  mem-estimate=14.69MB mem-reservation=0B thread-reservation=0
|  |  tuple-ids=32 row-size=36B cardinality=43.22M cost=11959416
|  |  in pipelines: 26(GETNEXT)
|  |
|  F10:PLAN FRAGMENT [HASH(tpcds_partitioned_parquet_snap.catalog_sales.cs_item_sk,tpcds_partitioned_parquet_snap.catalog_sales.cs_order_number)] hosts=10 instances=120
|  Per-Instance Resources: mem-estimate=23.91MB mem-reservation=2.00MB thread-reservation=1
|  max-parallelism=330 segment-costs=[3269691390, 122472725] cpu-comparison-result=240 [max(240 (self) vs 230 (sum children))]
|  29:AGGREGATE [STREAMING]
|  |  output: sum(tpcds_partitioned_parquet_snap.catalog_sales.cs_ext_list_price), sum(add(add(tpcds_partitioned_parquet_snap.catalog_returns.cr_refunded_cash, tpcds_partitioned_parquet_snap.catalog_returns.cr_reversed_charge), tpcds_partitioned_parquet_snap.catalog_returns.cr_store_credit))
|  |  group by: tpcds_partitioned_parquet_snap.catalog_sales.cs_item_sk
|  |  mem-estimate=10.00MB mem-reservation=2.00MB spill-buffer=64.00KB thread-reservation=0
|  |  tuple-ids=32 row-size=36B cardinality=43.22M cost=1040366503
|  |  in pipelines: 26(GETNEXT)
|  |
|  28:HASH JOIN [INNER JOIN, PARTITIONED]
|  |  hash-table-id=30
|  |  hash predicates: tpcds_partitioned_parquet_snap.catalog_sales.cs_item_sk = tpcds_partitioned_parquet_snap.catalog_returns.cr_item_sk, tpcds_partitioned_parquet_snap.catalog_sales.cs_order_number = tpcds_partitioned_parquet_snap.catalog_returns.cr_order_number
|  |  fk/pk conjuncts: tpcds_partitioned_parquet_snap.catalog_sales.cs_item_sk = tpcds_partitioned_parquet_snap.catalog_returns.cr_item_sk, tpcds_partitioned_parquet_snap.catalog_sales.cs_order_number = tpcds_partitioned_parquet_snap.catalog_returns.cr_order_number
|  |  mem-estimate=0B mem-reservation=0B spill-buffer=2.00MB thread-reservation=0
|  |  tuple-ids=28,30 row-size=40B cardinality=2.56G cost=1490184428
|  |  in pipelines: 26(GETNEXT), 27(OPEN)
|  |
|  |--F80:PLAN FRAGMENT [HASH(tpcds_partitioned_parquet_snap.catalog_sales.cs_item_sk,tpcds_partitioned_parquet_snap.catalog_sales.cs_order_number)] hosts=10 instances=120
|  |  |  Per-Instance Resources: mem-estimate=214.81MB mem-reservation=51.00MB thread-reservation=1 runtime-filters-memory=17.00MB
|  |  |  max-parallelism=330 segment-costs=[527708754]
|  |  JOIN BUILD
|  |  |  join-table-id=30 plan-id=31 cohort-id=10
|  |  |  build expressions: tpcds_partitioned_parquet_snap.catalog_returns.cr_item_sk, tpcds_partitioned_parquet_snap.catalog_returns.cr_order_number
|  |  |  runtime filters: RF030[bloom] <- tpcds_partitioned_parquet_snap.catalog_returns.cr_item_sk, RF031[bloom] <- tpcds_partitioned_parquet_snap.catalog_returns.cr_order_number, RF032[min_max] <- tpcds_partitioned_parquet_snap.catalog_returns.cr_item_sk, RF033[min_max] <- tpcds_partitioned_parquet_snap.catalog_returns.cr_order_number
|  |  |  mem-estimate=184.80MB mem-reservation=34.00MB spill-buffer=2.00MB thread-reservation=0 cost=432016991
|  |  |
|  |  88:EXCHANGE [HASH(tpcds_partitioned_parquet_snap.catalog_returns.cr_item_sk,tpcds_partitioned_parquet_snap.catalog_returns.cr_order_number)]
|  |  |  mem-estimate=13.01MB mem-reservation=0B thread-reservation=0
|  |  |  tuple-ids=30 row-size=24B cardinality=432.02M cost=95691763
|  |  |  in pipelines: 27(GETNEXT)
|  |  |
|  |  F09:PLAN FRAGMENT [RANDOM] hosts=10 instances=110 (adjusted from 120)
|  |  Per-Instance Resources: mem-estimate=29.12MB mem-reservation=40.00KB thread-reservation=1
|  |  max-parallelism=110 segment-costs=[1063885041]
|  |  27:SCAN HDFS [tpcds_partitioned_parquet_snap.catalog_returns, RANDOM]
|  |     HDFS partitions=2060/2060 files=2060 size=32.77GB
|  |     predicates: tpcds_partitioned_parquet_snap.catalog_returns.cr_item_sk IS NOT NULL, tpcds_partitioned_parquet_snap.catalog_returns.cr_order_number IS NOT NULL
|  |     runtime filters: RF003[min_max] -> tpcds_partitioned_parquet_snap.catalog_returns.cr_item_sk
|  |     stored statistics:
|  |       table: rows=432.02M size=32.77GB
|  |       partitions: 2060/2060 rows=432.02M
|  |       columns: all
|  |     extrapolated-rows=disabled max-scan-range-rows=416.82K
|  |     parquet dictionary predicates: tpcds_partitioned_parquet_snap.catalog_returns.cr_item_sk IS NOT NULL, tpcds_partitioned_parquet_snap.catalog_returns.cr_order_number IS NOT NULL
|  |     mem-estimate=16.00MB mem-reservation=40.00KB thread-reservation=0
|  |     tuple-ids=30 row-size=24B cardinality=432.02M cost=173584426
|  |     in pipelines: 27(GETNEXT)
|  |
|  87:EXCHANGE [HASH(tpcds_partitioned_parquet_snap.catalog_sales.cs_item_sk,tpcds_partitioned_parquet_snap.catalog_sales.cs_order_number)]
|  |  mem-estimate=12.34MB mem-reservation=0B thread-reservation=0
|  |  tuple-ids=28 row-size=16B cardinality=4.00G(filtered from 4.32G) cost=739140459
|  |  in pipelines: 26(GETNEXT)
|  |
|  F08:PLAN FRAGMENT [RANDOM] hosts=10 instances=120
|  Per-Host Shared Resources: mem-estimate=17.00MB mem-reservation=17.00MB thread-reservation=0 runtime-filters-memory=17.00MB
|  Per-Instance Resources: mem-estimate=25.38MB mem-reservation=1.00MB thread-reservation=1
|  max-parallelism=750 segment-costs=[7423383372]
|  26:SCAN HDFS [tpcds_partitioned_parquet_snap.catalog_sales, RANDOM]
|     HDFS partitions=1831/1831 files=1831 size=280.96GB
|     predicates: tpcds_partitioned_parquet_snap.catalog_sales.cs_item_sk IS NOT NULL, tpcds_partitioned_parquet_snap.catalog_sales.cs_order_number IS NOT NULL
|     runtime filters: RF032[min_max] -> tpcds_partitioned_parquet_snap.catalog_sales.cs_item_sk, RF033[min_max] -> tpcds_partitioned_parquet_snap.catalog_sales.cs_order_number, RF003[min_max] -> tpcds_partitioned_parquet_snap.catalog_sales.cs_item_sk, RF030[bloom] -> tpcds_partitioned_parquet_snap.catalog_sales.cs_item_sk, RF031[bloom] -> tpcds_partitioned_parquet_snap.catalog_sales.cs_order_number
|     stored statistics:
|       table: rows=4.32G size=280.96GB
|       partitions: 1831/1831 rows=4.32G
|       columns: all
|     extrapolated-rows=disabled max-scan-range-rows=21.52M
|     parquet dictionary predicates: tpcds_partitioned_parquet_snap.catalog_sales.cs_item_sk IS NOT NULL, tpcds_partitioned_parquet_snap.catalog_sales.cs_order_number IS NOT NULL
|     mem-estimate=16.00MB mem-reservation=1.00MB thread-reservation=0
|     tuple-ids=28 row-size=16B cardinality=4.00G(filtered from 4.32G) cost=1238134348
|     in pipelines: 26(GETNEXT)
|
25:HASH JOIN [INNER JOIN, BROADCAST]
|  hash-table-id=31
|  hash predicates: tpcds_partitioned_parquet_snap.store_sales.ss_hdemo_sk = tpcds_partitioned_parquet_snap.household_demographics_0.hd_demo_sk
|  fk/pk conjuncts: tpcds_partitioned_parquet_snap.store_sales.ss_hdemo_sk = tpcds_partitioned_parquet_snap.household_demographics_0.hd_demo_sk
|  mem-estimate=0B mem-reservation=0B spill-buffer=64.00KB thread-reservation=0
|  tuple-ids=14,16,18,20,22,24,26 row-size=148B cardinality=3.03M cost=1346203
|  in pipelines: 13(GETNEXT), 22(OPEN)
|
|--F81:PLAN FRAGMENT [HASH(tpcds_partitioned_parquet_snap.store_returns.sr_item_sk,tpcds_partitioned_parquet_snap.store_returns.sr_ticket_number)] hosts=10 instances=10
|  |  Per-Instance Resources: mem-estimate=23.35MB mem-reservation=23.25MB thread-reservation=1
|  |  max-parallelism=10 segment-costs=[16760] cpu-comparison-result=11 [max(11 (self) vs 2 (sum children))]
|  JOIN BUILD
|  |  join-table-id=31 plan-id=32 cohort-id=01
|  |  build expressions: tpcds_partitioned_parquet_snap.household_demographics_0.hd_demo_sk
|  |  runtime filters: RF017[min_max] <- tpcds_partitioned_parquet_snap.household_demographics_0.hd_demo_sk
|  |  mem-estimate=23.25MB mem-reservation=23.25MB spill-buffer=64.00KB thread-reservation=0 cost=7200
|  |
|  86:EXCHANGE [BROADCAST]
|  |  mem-estimate=104.38KB mem-reservation=0B thread-reservation=0
|  |  tuple-ids=24,26 row-size=12B cardinality=7.20K cost=9560
|  |  in pipelines: 22(GETNEXT)
|  |
|  F06:PLAN FRAGMENT [RANDOM] hosts=1 instances=1
|  Per-Instance Resources: mem-estimate=16.08MB mem-reservation=64.00KB thread-reservation=1
|  max-parallelism=1 segment-costs=[4929]
|  24:HASH JOIN [INNER JOIN, BROADCAST]
|  |  hash-table-id=32
|  |  hash predicates: tpcds_partitioned_parquet_snap.household_demographics_0.hd_income_band_sk = tpcds_partitioned_parquet_snap.income_band_0.ib_income_band_sk
|  |  fk/pk conjuncts: tpcds_partitioned_parquet_snap.household_demographics_0.hd_income_band_sk = tpcds_partitioned_parquet_snap.income_band_0.ib_income_band_sk
|  |  mem-estimate=0B mem-reservation=0B spill-buffer=64.00KB thread-reservation=0
|  |  tuple-ids=24,26 row-size=12B cardinality=7.20K cost=3151
|  |  in pipelines: 22(GETNEXT), 23(OPEN)
|  |
|  |--F82:PLAN FRAGMENT [RANDOM] hosts=1 instances=1
|  |  |  Per-Instance Resources: mem-estimate=1.95MB mem-reservation=1.94MB thread-reservation=1
|  |  |  max-parallelism=1 segment-costs=[22]
|  |  JOIN BUILD
|  |  |  join-table-id=32 plan-id=33 cohort-id=11
|  |  |  build expressions: tpcds_partitioned_parquet_snap.income_band_0.ib_income_band_sk
|  |  |  runtime filters: RF029[min_max] <- tpcds_partitioned_parquet_snap.income_band_0.ib_income_band_sk
|  |  |  mem-estimate=1.94MB mem-reservation=1.94MB spill-buffer=64.00KB thread-reservation=0 cost=20
|  |  |
|  |  85:EXCHANGE [BROADCAST]
|  |  |  mem-estimate=16.00KB mem-reservation=0B thread-reservation=0
|  |  |  tuple-ids=26 row-size=4B cardinality=20 cost=2
|  |  |  in pipelines: 23(GETNEXT)
|  |  |
|  |  F07:PLAN FRAGMENT [RANDOM] hosts=1 instances=1
|  |  Per-Instance Resources: mem-estimate=16.03MB mem-reservation=8.00KB thread-reservation=1
|  |  max-parallelism=1 segment-costs=[1]
|  |  23:SCAN HDFS [tpcds_partitioned_parquet_snap.income_band, RANDOM]
|  |     HDFS partitions=1/1 files=1 size=1.22KB
|  |     predicates: tpcds_partitioned_parquet_snap.income_band_0.ib_income_band_sk IS NOT NULL
|  |     stored statistics:
|  |       table: rows=20 size=1.22KB
|  |       columns: all
|  |     extrapolated-rows=disabled max-scan-range-rows=20
|  |     parquet dictionary predicates: tpcds_partitioned_parquet_snap.income_band_0.ib_income_band_sk IS NOT NULL
|  |     mem-estimate=16.00MB mem-reservation=8.00KB thread-reservation=0
|  |     tuple-ids=26 row-size=4B cardinality=20 cost=1
|  |     in pipelines: 23(GETNEXT)
|  |
|  22:SCAN HDFS [tpcds_partitioned_parquet_snap.household_demographics, RANDOM]
|     HDFS partitions=1/1 files=1 size=41.69KB
|     predicates: tpcds_partitioned_parquet_snap.household_demographics_0.hd_demo_sk IS NOT NULL, tpcds_partitioned_parquet_snap.household_demographics_0.hd_income_band_sk IS NOT NULL
|     runtime filters: RF029[min_max] -> tpcds_partitioned_parquet_snap.household_demographics_0.hd_income_band_sk
|     stored statistics:
|       table: rows=7.20K size=41.69KB
|       columns: all
|     extrapolated-rows=disabled max-scan-range-rows=7.20K
|     parquet dictionary predicates: tpcds_partitioned_parquet_snap.household_demographics_0.hd_demo_sk IS NOT NULL, tpcds_partitioned_parquet_snap.household_demographics_0.hd_income_band_sk IS NOT NULL
|     mem-estimate=16.00MB mem-reservation=64.00KB thread-reservation=0
|     tuple-ids=24 row-size=8B cardinality=7.20K cost=1234
|     in pipelines: 22(GETNEXT)
|
21:HASH JOIN [INNER JOIN, PARTITIONED]
|  hash-table-id=33
|  hash predicates: tpcds_partitioned_parquet_snap.store_returns.sr_item_sk = tpcds_partitioned_parquet_snap.store_sales.ss_item_sk, tpcds_partitioned_parquet_snap.store_returns.sr_ticket_number = tpcds_partitioned_parquet_snap.store_sales.ss_ticket_number
|  fk/pk conjuncts: tpcds_partitioned_parquet_snap.store_returns.sr_item_sk = tpcds_partitioned_parquet_snap.store_sales.ss_item_sk, tpcds_partitioned_parquet_snap.store_returns.sr_ticket_number = tpcds_partitioned_parquet_snap.store_sales.ss_ticket_number
|  mem-estimate=0B mem-reservation=0B spill-buffer=2.00MB thread-reservation=0
|  tuple-ids=14,16,18,20,22 row-size=136B cardinality=3.11M cost=14728555
|  in pipelines: 13(GETNEXT), 14(OPEN)
|
|--F83:PLAN FRAGMENT [HASH(tpcds_partitioned_parquet_snap.store_returns.sr_item_sk,tpcds_partitioned_parquet_snap.store_returns.sr_ticket_number)] hosts=10 instances=120
|  |  Per-Instance Resources: mem-estimate=80.50MB mem-reservation=51.00MB thread-reservation=1 runtime-filters-memory=17.00MB
|  |  max-parallelism=1550 segment-costs=[55695617] cpu-comparison-result=240 [max(240 (self) vs 36 (sum children))]
|  JOIN BUILD
|  |  join-table-id=33 plan-id=34 cohort-id=01
|  |  build expressions: tpcds_partitioned_parquet_snap.store_sales.ss_item_sk, tpcds_partitioned_parquet_snap.store_sales.ss_ticket_number
|  |  runtime filters: RF018[bloom] <- tpcds_partitioned_parquet_snap.store_sales.ss_item_sk, RF019[bloom] <- tpcds_partitioned_parquet_snap.store_sales.ss_ticket_number, RF020[min_max] <- tpcds_partitioned_parquet_snap.store_sales.ss_item_sk, RF021[min_max] <- tpcds_partitioned_parquet_snap.store_sales.ss_ticket_number
|  |  mem-estimate=37.07MB mem-reservation=34.00MB spill-buffer=2.00MB thread-reservation=0 cost=31063332
|  |
|  84:EXCHANGE [HASH(tpcds_partitioned_parquet_snap.store_sales.ss_item_sk,tpcds_partitioned_parquet_snap.store_sales.ss_ticket_number)]
|  |  mem-estimate=26.43MB mem-reservation=0B thread-reservation=0
|  |  tuple-ids=16,18,20,22 row-size=124B cardinality=31.06M cost=24632285
|  |  in pipelines: 14(GETNEXT)
|  |
|  F01:PLAN FRAGMENT [RANDOM] hosts=10 instances=120
|  Per-Host Shared Resources: mem-estimate=2.00MB mem-reservation=2.00MB thread-reservation=0 runtime-filters-memory=2.00MB
|  Per-Instance Resources: mem-estimate=81.73MB mem-reservation=512.00KB thread-reservation=1
|  max-parallelism=370 segment-costs=[3699964557]
|  20:HASH JOIN [INNER JOIN, BROADCAST]
|  |  hash-table-id=34
|  |  hash predicates: tpcds_partitioned_parquet_snap.store_sales.ss_item_sk = tpcds_partitioned_parquet_snap.item.i_item_sk
|  |  fk/pk conjuncts: tpcds_partitioned_parquet_snap.store_sales.ss_item_sk = tpcds_partitioned_parquet_snap.item.i_item_sk
|  |  mem-estimate=0B mem-reservation=0B spill-buffer=64.00KB thread-reservation=0
|  |  tuple-ids=16,18,20,22 row-size=124B cardinality=31.06M cost=49244553
|  |  in pipelines: 14(GETNEXT), 19(OPEN)
|  |
|  |--F84:PLAN FRAGMENT [RANDOM] hosts=10 instances=10
|  |  |  Per-Instance Resources: mem-estimate=24.93MB mem-reservation=24.25MB thread-reservation=1 runtime-filters-memory=1.00MB
|  |  |  max-parallelism=10 segment-costs=[17284]
|  |  JOIN BUILD
|  |  |  join-table-id=34 plan-id=35 cohort-id=12
|  |  |  build expressions: tpcds_partitioned_parquet_snap.item.i_item_sk
|  |  |  runtime filters: RF022[bloom] <- tpcds_partitioned_parquet_snap.item.i_item_sk, RF023[min_max] <- tpcds_partitioned_parquet_snap.item.i_item_sk
|  |  |  mem-estimate=23.25MB mem-reservation=23.25MB spill-buffer=64.00KB thread-reservation=0 cost=7424
|  |  |
|  |  82:EXCHANGE [BROADCAST]
|  |  |  mem-estimate=693.62KB mem-reservation=0B thread-reservation=0
|  |  |  tuple-ids=22 row-size=60B cardinality=7.42K cost=9860
|  |  |  in pipelines: 19(GETNEXT)
|  |  |
|  |  F04:PLAN FRAGMENT [RANDOM] hosts=4 instances=4
|  |  Per-Instance Resources: mem-estimate=16.25MB mem-reservation=512.00KB thread-reservation=1
|  |  max-parallelism=4 segment-costs=[229660]
|  |  19:SCAN HDFS [tpcds_partitioned_parquet_snap.item, RANDOM]
|  |     HDFS partitions=1/1 files=1 size=33.54MB
|  |     predicates: tpcds_partitioned_parquet_snap.item.i_color IN ('almond', 'chocolate', 'drab', 'misty', 'peach', 'saddle'), tpcds_partitioned_parquet_snap.item.i_current_price <= CAST(85 AS DECIMAL(5,0)), tpcds_partitioned_parquet_snap.item.i_current_price >= CAST(76 AS DECIMAL(5,0)), tpcds_partitioned_parquet_snap.item.i_item_sk IS NOT NULL
|  |     runtime filters: RF003[min_max] -> tpcds_partitioned_parquet_snap.item.i_item_sk, RF015[min_max] -> tpcds_partitioned_parquet_snap.item.i_item_sk
|  |     stored statistics:
|  |       table: rows=360.00K size=33.54MB
|  |       columns: all
|  |     extrapolated-rows=disabled max-scan-range-rows=101.54K
|  |     parquet statistics predicates: tpcds_partitioned_parquet_snap.item.i_color IN ('almond', 'chocolate', 'drab', 'misty', 'peach', 'saddle'), tpcds_partitioned_parquet_snap.item.i_current_price <= CAST(85 AS DECIMAL(5,0)), tpcds_partitioned_parquet_snap.item.i_current_price >= CAST(76 AS DECIMAL(5,0))
|  |     parquet dictionary predicates: tpcds_partitioned_parquet_snap.item.i_color IN ('almond', 'chocolate', 'drab', 'misty', 'peach', 'saddle'), tpcds_partitioned_parquet_snap.item.i_current_price <= CAST(85 AS DECIMAL(5,0)), tpcds_partitioned_parquet_snap.item.i_current_price >= CAST(76 AS DECIMAL(5,0)), tpcds_partitioned_parquet_snap.item.i_item_sk IS NOT NULL
|  |     mem-estimate=16.00MB mem-reservation=512.00KB thread-reservation=0
|  |     tuple-ids=22 row-size=60B cardinality=7.42K cost=228293
|  |     in pipelines: 19(GETNEXT)
|  |
|  18:HASH JOIN [INNER JOIN, BROADCAST]
|  |  hash-table-id=35
|  |  hash predicates: tpcds_partitioned_parquet_snap.store_sales.ss_sold_date_sk = tpcds_partitioned_parquet_snap.date_dim_1.d_date_sk
|  |  fk/pk conjuncts: tpcds_partitioned_parquet_snap.store_sales.ss_sold_date_sk = tpcds_partitioned_parquet_snap.date_dim_1.d_date_sk
|  |  mem-estimate=0B mem-reservation=0B spill-buffer=64.00KB thread-reservation=0
|  |  tuple-ids=16,18,20 row-size=64B cardinality=170.04M(filtered from 1.51G) cost=316694600
|  |  in pipelines: 14(GETNEXT), 17(OPEN)
|  |
|  |--F85:PLAN FRAGMENT [RANDOM] hosts=10 instances=10
|  |  |  Per-Instance Resources: mem-estimate=24.27MB mem-reservation=24.25MB thread-reservation=1 runtime-filters-memory=1.00MB
|  |  |  max-parallelism=10 segment-costs=[863]
|  |  JOIN BUILD
|  |  |  join-table-id=35 plan-id=36 cohort-id=12
|  |  |  build expressions: tpcds_partitioned_parquet_snap.date_dim_1.d_date_sk
|  |  |  runtime filters: RF024[bloom] <- tpcds_partitioned_parquet_snap.date_dim_1.d_date_sk
|  |  |  mem-estimate=23.25MB mem-reservation=23.25MB spill-buffer=64.00KB thread-reservation=0 cost=373
|  |  |
|  |  81:EXCHANGE [BROADCAST]
|  |  |  mem-estimate=16.00KB mem-reservation=0B thread-reservation=0
|  |  |  tuple-ids=20 row-size=8B cardinality=373 cost=490
|  |  |  in pipelines: 17(GETNEXT)
|  |  |
|  |  F03:PLAN FRAGMENT [RANDOM] hosts=1 instances=1
|  |  Per-Instance Resources: mem-estimate=16.05MB mem-reservation=512.00KB thread-reservation=1
|  |  max-parallelism=1 segment-costs=[12536]
|  |  17:SCAN HDFS [tpcds_partitioned_parquet_snap.date_dim, RANDOM]
|  |     HDFS partitions=1/1 files=1 size=2.17MB
|  |     predicates: tpcds_partitioned_parquet_snap.date_dim_1.d_year = CAST(2000 AS INT), tpcds_partitioned_parquet_snap.date_dim_1.d_date_sk IS NOT NULL
|  |     stored statistics:
|  |       table: rows=73.05K size=2.17MB
|  |       columns: all
|  |     extrapolated-rows=disabled max-scan-range-rows=73.05K
|  |     parquet statistics predicates: tpcds_partitioned_parquet_snap.date_dim_1.d_year = CAST(2000 AS INT)
|  |     parquet dictionary predicates: tpcds_partitioned_parquet_snap.date_dim_1.d_year = CAST(2000 AS INT), tpcds_partitioned_parquet_snap.date_dim_1.d_date_sk IS NOT NULL
|  |     mem-estimate=16.00MB mem-reservation=512.00KB thread-reservation=0
|  |     tuple-ids=20 row-size=8B cardinality=373 cost=12520
|  |     in pipelines: 17(GETNEXT)
|  |
|  16:HASH JOIN [INNER JOIN, BROADCAST]
|  |  hash-table-id=36
|  |  hash predicates: tpcds_partitioned_parquet_snap.store_sales.ss_promo_sk = tpcds_partitioned_parquet_snap.promotion.p_promo_sk
|  |  fk/pk conjuncts: tpcds_partitioned_parquet_snap.store_sales.ss_promo_sk = tpcds_partitioned_parquet_snap.promotion.p_promo_sk
|  |  mem-estimate=0B mem-reservation=0B spill-buffer=64.00KB thread-reservation=0
|  |  tuple-ids=16,18 row-size=56B cardinality=170.04M(filtered from 7.37G) cost=1378992792
|  |  in pipelines: 14(GETNEXT), 15(OPEN)
|  |
|  |--F86:PLAN FRAGMENT [RANDOM] hosts=10 instances=10
|  |  |  Per-Instance Resources: mem-estimate=23.27MB mem-reservation=23.25MB thread-reservation=1
|  |  |  max-parallelism=10 segment-costs=[4190]
|  |  JOIN BUILD
|  |  |  join-table-id=36 plan-id=37 cohort-id=12
|  |  |  build expressions: tpcds_partitioned_parquet_snap.promotion.p_promo_sk
|  |  |  runtime filters: RF027[min_max] <- tpcds_partitioned_parquet_snap.promotion.p_promo_sk
|  |  |  mem-estimate=23.25MB mem-reservation=23.25MB spill-buffer=64.00KB thread-reservation=0 cost=1800
|  |  |
|  |  80:EXCHANGE [BROADCAST]
|  |  |  mem-estimate=16.00KB mem-reservation=0B thread-reservation=0
|  |  |  tuple-ids=18 row-size=4B cardinality=1.80K cost=2390
|  |  |  in pipelines: 15(GETNEXT)
|  |  |
|  |  F02:PLAN FRAGMENT [RANDOM] hosts=1 instances=1
|  |  Per-Instance Resources: mem-estimate=16.03MB mem-reservation=32.00KB thread-reservation=1
|  |  max-parallelism=1 segment-costs=[212]
|  |  15:SCAN HDFS [tpcds_partitioned_parquet_snap.promotion, RANDOM]
|  |     HDFS partitions=1/1 files=1 size=100.50KB
|  |     predicates: tpcds_partitioned_parquet_snap.promotion.p_promo_sk IS NOT NULL
|  |     stored statistics:
|  |       table: rows=1.80K size=100.50KB
|  |       columns: all
|  |     extrapolated-rows=disabled max-scan-range-rows=1.80K
|  |     parquet dictionary predicates: tpcds_partitioned_parquet_snap.promotion.p_promo_sk IS NOT NULL
|  |     mem-estimate=16.00MB mem-reservation=32.00KB thread-reservation=0
|  |     tuple-ids=18 row-size=4B cardinality=1.80K cost=154
|  |     in pipelines: 15(GETNEXT)
|  |
|  14:SCAN HDFS [tpcds_partitioned_parquet_snap.store_sales, RANDOM]
|     partition predicates: tpcds_partitioned_parquet_snap.store_sales.ss_sold_date_sk IS NOT NULL
|     HDFS partitions=1823/1824 files=1823 size=389.69GB
|     predicates: tpcds_partitioned_parquet_snap.store_sales.ss_customer_sk IS NOT NULL, tpcds_partitioned_parquet_snap.store_sales.ss_cdemo_sk IS NOT NULL, tpcds_partitioned_parquet_snap.store_sales.ss_promo_sk IS NOT NULL, tpcds_partitioned_parquet_snap.store_sales.ss_hdemo_sk IS NOT NULL, tpcds_partitioned_parquet_snap.store_sales.ss_addr_sk IS NOT NULL, tpcds_partitioned_parquet_snap.store_sales.ss_store_sk IS NOT NULL, tpcds_partitioned_parquet_snap.store_sales.ss_item_sk IS NOT NULL, tpcds_partitioned_parquet_snap.store_sales.ss_ticket_number IS NOT NULL
|     runtime filters: RF023[min_max] -> tpcds_partitioned_parquet_snap.store_sales.ss_item_sk, RF011[min_max] -> tpcds_partitioned_parquet_snap.store_sales.ss_addr_sk, RF017[min_max] -> tpcds_partitioned_parquet_snap.store_sales.ss_hdemo_sk, RF007[min_max] -> tpcds_partitioned_parquet_snap.store_sales.ss_cdemo_sk, RF003[min_max] -> tpcds_partitioned_parquet_snap.store_sales.ss_item_sk, RF009[min_max] -> tpcds_partitioned_parquet_snap.store_sales.ss_customer_sk, RF013[min_max] -> tpcds_partitioned_parquet_snap.store_sales.ss_store_sk, RF027[min_max] -> tpcds_partitioned_parquet_snap.store_sales.ss_promo_sk, RF015[min_max] -> tpcds_partitioned_parquet_snap.store_sales.ss_item_sk, RF022[bloom] -> tpcds_partitioned_parquet_snap.store_sales.ss_item_sk, RF024[bloom] -> tpcds_partitioned_parquet_snap.store_sales.ss_sold_date_sk
|     stored statistics:
|       table: rows=8.64G size=389.90GB
|       partitions: 1823/1823 rows=8.25G
|       columns: all
|     extrapolated-rows=disabled max-scan-range-rows=12.24M est-scan-range=373(filtered from 1823)
|     parquet dictionary predicates: tpcds_partitioned_parquet_snap.store_sales.ss_customer_sk IS NOT NULL, tpcds_partitioned_parquet_snap.store_sales.ss_cdemo_sk IS NOT NULL, tpcds_partitioned_parquet_snap.store_sales.ss_promo_sk IS NOT NULL, tpcds_partitioned_parquet_snap.store_sales.ss_hdemo_sk IS NOT NULL, tpcds_partitioned_parquet_snap.store_sales.ss_addr_sk IS NOT NULL, tpcds_partitioned_parquet_snap.store_sales.ss_store_sk IS NOT NULL, tpcds_partitioned_parquet_snap.store_sales.ss_item_sk IS NOT NULL, tpcds_partitioned_parquet_snap.store_sales.ss_ticket_number IS NOT NULL
|     mem-estimate=16.00MB mem-reservation=512.00KB thread-reservation=0
|     tuple-ids=16 row-size=52B cardinality=170.04M(filtered from 7.37G) cost=1642492694
|     in pipelines: 14(GETNEXT)
|
83:EXCHANGE [HASH(tpcds_partitioned_parquet_snap.store_returns.sr_item_sk,tpcds_partitioned_parquet_snap.store_returns.sr_ticket_number)]
|  mem-estimate=10.47MB mem-reservation=0B thread-reservation=0
|  tuple-ids=14 row-size=12B cardinality=55.23M(filtered from 863.99M) cost=9184227
|  in pipelines: 13(GETNEXT)
|
F00:PLAN FRAGMENT [RANDOM] hosts=10 instances=30 (adjusted from 120)
Per-Host Shared Resources: mem-estimate=17.00MB mem-reservation=17.00MB thread-reservation=0 runtime-filters-memory=17.00MB
Per-Instance Resources: mem-estimate=23.50MB mem-reservation=512.00KB thread-reservation=1
max-parallelism=30 segment-costs=[268985600]
13:SCAN HDFS [tpcds_partitioned_parquet_snap.store_returns, RANDOM]
   HDFS partitions=2004/2004 files=2004 size=48.14GB
   predicates: tpcds_partitioned_parquet_snap.store_returns.sr_item_sk IS NOT NULL, tpcds_partitioned_parquet_snap.store_returns.sr_ticket_number IS NOT NULL
   runtime filters: RF020[min_max] -> tpcds_partitioned_parquet_snap.store_returns.sr_item_sk, RF021[min_max] -> tpcds_partitioned_parquet_snap.store_returns.sr_ticket_number, RF003[min_max] -> tpcds_partitioned_parquet_snap.store_returns.sr_item_sk, RF015[min_max] -> tpcds_partitioned_parquet_snap.store_returns.sr_item_sk, RF018[bloom] -> tpcds_partitioned_parquet_snap.store_returns.sr_item_sk, RF019[bloom] -> tpcds_partitioned_parquet_snap.store_returns.sr_ticket_number
   stored statistics:
     table: rows=863.99M size=48.14GB
     partitions: 2004/2004 rows=863.99M
     columns: all
   extrapolated-rows=disabled max-scan-range-rows=30.09M
   parquet dictionary predicates: tpcds_partitioned_parquet_snap.store_returns.sr_item_sk IS NOT NULL, tpcds_partitioned_parquet_snap.store_returns.sr_ticket_number IS NOT NULL
   mem-estimate=16.00MB mem-reservation=512.00KB thread-reservation=0
   tuple-ids=14 row-size=12B cardinality=55.23M(filtered from 863.99M) cost=197853396
   in pipelines: 13(GETNEXT)
====
