# TPCDS-Q35a variant of q35 without multiple subqueries in OR predicate
# start query 35 in stream 0 using template query35a.tpl using seed 883524323
select
  ca_state,
  cd_gender,
  cd_marital_status,
  cd_dep_count,
  count(*) cnt1,
  stddev_samp(cd_dep_count),
  stddev_samp(cd_dep_count),
  min(cd_dep_count),
  cd_dep_employed_count,
  count(*) cnt2,
  stddev_samp(cd_dep_employed_count),
  stddev_samp(cd_dep_employed_count),
  min(cd_dep_employed_count),
  cd_dep_college_count,
  count(*) cnt3,
  stddev_samp(cd_dep_college_count),
  stddev_samp(cd_dep_college_count),
  min(cd_dep_college_count)
 from
  customer c,customer_address ca,customer_demographics
 where
  c.c_current_addr_sk = ca.ca_address_sk and
  cd_demo_sk = c.c_current_cdemo_sk and
  exists (select *
          from store_sales,date_dim
          where c.c_customer_sk = ss_customer_sk and
                ss_sold_date_sk = d_date_sk and
                d_year = 2002 and
                d_qoy < 4) and
   exists (select * from
	   (select ws_bill_customer_sk customsk
            from web_sales,date_dim
            where
                  ws_sold_date_sk = d_date_sk and
                  d_year = 2002 and
                  d_qoy < 4
	    union all
    	    select cs_ship_customer_sk customsk
            from catalog_sales,date_dim
            where
                  cs_sold_date_sk = d_date_sk and
                  d_year = 2002 and
                  d_qoy < 4)x
           where x.customsk = c.c_customer_sk)
 group by ca_state,
          cd_gender,
          cd_marital_status,
          cd_dep_count,
          cd_dep_employed_count,
          cd_dep_college_count
 order by ca_state,
          cd_gender,
          cd_marital_status,
          cd_dep_count,
          cd_dep_employed_count,
          cd_dep_college_count
 limit 100

# end query 35 in stream 0 using template query35a.tpl
---- PLAN
Max Per-Host Resource Reservation: Memory=175.00MB Threads=1
Per-Host Resource Estimates: Memory=1.56GB
F00:PLAN FRAGMENT [UNPARTITIONED] hosts=1 instances=1
|  Per-Instance Resources: mem-estimate=1.56GB mem-reservation=175.00MB thread-reservation=1 runtime-filters-memory=29.00MB
|  max-parallelism=1 segment-costs=[266857681, 1717703, 1800]
PLAN-ROOT SINK
|  output exprs: tpcds_partitioned_parquet_snap.customer_address.ca_state, tpcds_partitioned_parquet_snap.customer_demographics.cd_gender, tpcds_partitioned_parquet_snap.customer_demographics.cd_marital_status, tpcds_partitioned_parquet_snap.customer_demographics.cd_dep_count, count(), stddev_samp(tpcds_partitioned_parquet_snap.customer_demographics.cd_dep_count), stddev_samp(tpcds_partitioned_parquet_snap.customer_demographics.cd_dep_count), min(tpcds_partitioned_parquet_snap.customer_demographics.cd_dep_count), tpcds_partitioned_parquet_snap.customer_demographics.cd_dep_employed_count, count(), stddev_samp(tpcds_partitioned_parquet_snap.customer_demographics.cd_dep_employed_count), stddev_samp(tpcds_partitioned_parquet_snap.customer_demographics.cd_dep_employed_count), min(tpcds_partitioned_parquet_snap.customer_demographics.cd_dep_employed_count), tpcds_partitioned_parquet_snap.customer_demographics.cd_dep_college_count, count(), stddev_samp(tpcds_partitioned_parquet_snap.customer_demographics.cd_dep_college_count), stddev_samp(tpcds_partitioned_parquet_snap.customer_demographics.cd_dep_college_count), min(tpcds_partitioned_parquet_snap.customer_demographics.cd_dep_college_count)
|  mem-estimate=4.00MB mem-reservation=4.00MB spill-buffer=2.00MB thread-reservation=0 cost=1800
|
18:TOP-N [LIMIT=100]
|  order by: tpcds_partitioned_parquet_snap.customer_address.ca_state ASC NULLS LAST, tpcds_partitioned_parquet_snap.customer_demographics.cd_gender ASC NULLS LAST, tpcds_partitioned_parquet_snap.customer_demographics.cd_marital_status ASC NULLS LAST, tpcds_partitioned_parquet_snap.customer_demographics.cd_dep_count ASC NULLS LAST, tpcds_partitioned_parquet_snap.customer_demographics.cd_dep_employed_count ASC NULLS LAST, tpcds_partitioned_parquet_snap.customer_demographics.cd_dep_college_count ASC NULLS LAST
|  mem-estimate=9.38KB mem-reservation=0B thread-reservation=0
|  tuple-ids=21 row-size=96B cardinality=100 cost=1717703
|  in pipelines: 18(GETNEXT), 17(OPEN)
|
17:AGGREGATE [FINALIZE]
|  output: count(), stddev_samp(tpcds_partitioned_parquet_snap.customer_demographics.cd_dep_count), min(tpcds_partitioned_parquet_snap.customer_demographics.cd_dep_count), stddev_samp(tpcds_partitioned_parquet_snap.customer_demographics.cd_dep_employed_count), min(tpcds_partitioned_parquet_snap.customer_demographics.cd_dep_employed_count), stddev_samp(tpcds_partitioned_parquet_snap.customer_demographics.cd_dep_college_count), min(tpcds_partitioned_parquet_snap.customer_demographics.cd_dep_college_count)
|  group by: tpcds_partitioned_parquet_snap.customer_address.ca_state, tpcds_partitioned_parquet_snap.customer_demographics.cd_gender, tpcds_partitioned_parquet_snap.customer_demographics.cd_marital_status, tpcds_partitioned_parquet_snap.customer_demographics.cd_dep_count, tpcds_partitioned_parquet_snap.customer_demographics.cd_dep_employed_count, tpcds_partitioned_parquet_snap.customer_demographics.cd_dep_college_count
|  mem-estimate=34.00MB mem-reservation=34.00MB spill-buffer=2.00MB thread-reservation=0
|  tuple-ids=20 row-size=96B cardinality=174.93K cost=6108569
|  in pipelines: 17(GETNEXT), 05(OPEN)
|
16:HASH JOIN [LEFT SEMI JOIN]
|  hash predicates: tpcds_partitioned_parquet_snap.customer.c_customer_sk = CUSTOMSK
|  runtime filters: RF000[bloom] <- CUSTOMSK, RF001[min_max] <- CUSTOMSK
|  mem-estimate=927.51MB mem-reservation=34.00MB spill-buffer=2.00MB thread-reservation=0
|  tuple-ids=2,0,4 row-size=72B cardinality=2.96M cost=43111526
|  in pipelines: 05(GETNEXT), 10(OPEN), 13(OPEN)
|
|--09:UNION
|  |  mem-estimate=0B mem-reservation=0B thread-reservation=0
|  |  tuple-ids=18 row-size=4B cardinality=41.81M cost=1604840
|  |  in pipelines: 10(GETNEXT), 13(GETNEXT)
|  |
|  |--15:HASH JOIN [INNER JOIN]
|  |  |  hash predicates: tpcds_partitioned_parquet_snap.catalog_sales.cs_sold_date_sk = tpcds_partitioned_parquet_snap.date_dim_1.d_date_sk
|  |  |  fk/pk conjuncts: tpcds_partitioned_parquet_snap.catalog_sales.cs_sold_date_sk = tpcds_partitioned_parquet_snap.date_dim_1.d_date_sk
|  |  |  runtime filters: RF012[bloom] <- tpcds_partitioned_parquet_snap.date_dim_1.d_date_sk
|  |  |  mem-estimate=1.94MB mem-reservation=1.94MB spill-buffer=64.00KB thread-reservation=0
|  |  |  tuple-ids=14,16 row-size=20B cardinality=27.84M cost=12186135
|  |  |  in pipelines: 13(GETNEXT), 14(OPEN)
|  |  |
|  |  |--14:SCAN HDFS [tpcds_partitioned_parquet_snap.date_dim]
|  |  |     HDFS partitions=1/1 files=1 size=2.17MB
|  |  |     predicates: tpcds_partitioned_parquet_snap.date_dim_1.d_year = CAST(2002 AS INT), tpcds_partitioned_parquet_snap.date_dim_1.d_qoy < CAST(4 AS INT)
|  |  |     stored statistics:
|  |  |       table: rows=73.05K size=2.17MB
|  |  |       columns: all
|  |  |     extrapolated-rows=disabled max-scan-range-rows=73.05K
|  |  |     parquet statistics predicates: tpcds_partitioned_parquet_snap.date_dim_1.d_year = CAST(2002 AS INT), tpcds_partitioned_parquet_snap.date_dim_1.d_qoy < CAST(4 AS INT)
|  |  |     parquet dictionary predicates: tpcds_partitioned_parquet_snap.date_dim_1.d_year = CAST(2002 AS INT), tpcds_partitioned_parquet_snap.date_dim_1.d_qoy < CAST(4 AS INT)
|  |  |     mem-estimate=16.00MB mem-reservation=512.00KB thread-reservation=0
|  |  |     tuple-ids=16 row-size=12B cardinality=118 cost=16728
|  |  |     in pipelines: 14(GETNEXT)
|  |  |
|  |  13:SCAN HDFS [tpcds_partitioned_parquet_snap.catalog_sales]
|  |     HDFS partitions=1831/1831 files=1831 size=280.96GB
|  |     predicates: is_not_null_pred(tpcds_partitioned_parquet_snap.catalog_sales.cs_ship_customer_sk)
|  |     runtime filters: RF012[bloom] -> tpcds_partitioned_parquet_snap.catalog_sales.cs_sold_date_sk
|  |     stored statistics:
|  |       table: rows=4.32G size=280.96GB
|  |       partitions: 1831/1831 rows=4.32G
|  |       columns: all
|  |     extrapolated-rows=disabled max-scan-range-rows=21.52M est-scan-range=118(filtered from 1831)
|  |     parquet dictionary predicates: is_not_null_pred(tpcds_partitioned_parquet_snap.catalog_sales.cs_ship_customer_sk)
|  |     mem-estimate=16.00MB mem-reservation=1.00MB thread-reservation=0
|  |     tuple-ids=14 row-size=8B cardinality=27.84M(filtered from 432.01M) cost=39896191
|  |     in pipelines: 13(GETNEXT)
|  |
|  12:HASH JOIN [INNER JOIN]
|  |  hash predicates: tpcds_partitioned_parquet_snap.web_sales.ws_sold_date_sk = tpcds_partitioned_parquet_snap.date_dim_0.d_date_sk
|  |  fk/pk conjuncts: tpcds_partitioned_parquet_snap.web_sales.ws_sold_date_sk = tpcds_partitioned_parquet_snap.date_dim_0.d_date_sk
|  |  runtime filters: RF010[bloom] <- tpcds_partitioned_parquet_snap.date_dim_0.d_date_sk
|  |  mem-estimate=1.94MB mem-reservation=1.94MB spill-buffer=64.00KB thread-reservation=0
|  |  tuple-ids=10,12 row-size=20B cardinality=13.97M cost=6116308
|  |  in pipelines: 10(GETNEXT), 11(OPEN)
|  |
|  |--11:SCAN HDFS [tpcds_partitioned_parquet_snap.date_dim]
|  |     HDFS partitions=1/1 files=1 size=2.17MB
|  |     predicates: tpcds_partitioned_parquet_snap.date_dim_0.d_year = CAST(2002 AS INT), tpcds_partitioned_parquet_snap.date_dim_0.d_qoy < CAST(4 AS INT)
|  |     stored statistics:
|  |       table: rows=73.05K size=2.17MB
|  |       columns: all
|  |     extrapolated-rows=disabled max-scan-range-rows=73.05K
|  |     parquet statistics predicates: tpcds_partitioned_parquet_snap.date_dim_0.d_year = CAST(2002 AS INT), tpcds_partitioned_parquet_snap.date_dim_0.d_qoy < CAST(4 AS INT)
|  |     parquet dictionary predicates: tpcds_partitioned_parquet_snap.date_dim_0.d_year = CAST(2002 AS INT), tpcds_partitioned_parquet_snap.date_dim_0.d_qoy < CAST(4 AS INT)
|  |     mem-estimate=16.00MB mem-reservation=512.00KB thread-reservation=0
|  |     tuple-ids=12 row-size=12B cardinality=118 cost=16728
|  |     in pipelines: 11(GETNEXT)
|  |
|  10:SCAN HDFS [tpcds_partitioned_parquet_snap.web_sales]
|     HDFS partitions=1824/1824 files=1824 size=145.75GB
|     predicates: is_not_null_pred(tpcds_partitioned_parquet_snap.web_sales.ws_bill_customer_sk)
|     runtime filters: RF010[bloom] -> tpcds_partitioned_parquet_snap.web_sales.ws_sold_date_sk
|     stored statistics:
|       table: rows=2.16G size=145.75GB
|       partitions: 1824/1824 rows=2.16G
|       columns: all
|     extrapolated-rows=disabled max-scan-range-rows=3.37M est-scan-range=119(filtered from 1824)
|     parquet dictionary predicates: is_not_null_pred(tpcds_partitioned_parquet_snap.web_sales.ws_bill_customer_sk)
|     mem-estimate=16.00MB mem-reservation=128.00KB thread-reservation=0
|     tuple-ids=10 row-size=8B cardinality=13.97M(filtered from 216.00M) cost=20023992
|     in pipelines: 10(GETNEXT)
|
08:HASH JOIN [RIGHT SEMI JOIN]
|  hash predicates: tpcds_partitioned_parquet_snap.store_sales.ss_customer_sk = tpcds_partitioned_parquet_snap.customer.c_customer_sk
|  runtime filters: RF002[bloom] <- tpcds_partitioned_parquet_snap.customer.c_customer_sk, RF003[min_max] <- tpcds_partitioned_parquet_snap.customer.c_customer_sk
|  mem-estimate=299.47MB mem-reservation=34.00MB spill-buffer=2.00MB thread-reservation=0
|  tuple-ids=2,0,4 row-size=72B cardinality=2.96M cost=17837104
|  in pipelines: 05(GETNEXT), 01(OPEN)
|
|--04:HASH JOIN [INNER JOIN]
|  |  hash predicates: tpcds_partitioned_parquet_snap.customer.c_current_cdemo_sk = tpcds_partitioned_parquet_snap.customer_demographics.cd_demo_sk
|  |  fk/pk conjuncts: tpcds_partitioned_parquet_snap.customer.c_current_cdemo_sk = tpcds_partitioned_parquet_snap.customer_demographics.cd_demo_sk
|  |  runtime filters: RF006[bloom] <- tpcds_partitioned_parquet_snap.customer_demographics.cd_demo_sk, RF007[min_max] <- tpcds_partitioned_parquet_snap.customer_demographics.cd_demo_sk
|  |  mem-estimate=124.94MB mem-reservation=34.00MB spill-buffer=2.00MB thread-reservation=0
|  |  tuple-ids=2,0,4 row-size=72B cardinality=2.96M cost=3227244
|  |  in pipelines: 01(GETNEXT), 03(OPEN)
|  |
|  |--03:SCAN HDFS [tpcds_partitioned_parquet_snap.customer_demographics]
|  |     HDFS partitions=1/1 files=1 size=11.15MB
|  |     stored statistics:
|  |       table: rows=1.92M size=11.15MB
|  |       columns: all
|  |     extrapolated-rows=disabled max-scan-range-rows=197.97K
|  |     mem-estimate=16.00MB mem-reservation=1.00MB thread-reservation=0
|  |     tuple-ids=4 row-size=42B cardinality=1.92M cost=497871
|  |     in pipelines: 03(GETNEXT)
|  |
|  02:HASH JOIN [INNER JOIN]
|  |  hash predicates: tpcds_partitioned_parquet_snap.customer_address.ca_address_sk = tpcds_partitioned_parquet_snap.customer.c_current_addr_sk
|  |  fk/pk conjuncts: tpcds_partitioned_parquet_snap.customer_address.ca_address_sk = tpcds_partitioned_parquet_snap.customer.c_current_addr_sk
|  |  runtime filters: RF008[bloom] <- tpcds_partitioned_parquet_snap.customer.c_current_addr_sk, RF009[min_max] <- tpcds_partitioned_parquet_snap.customer.c_current_addr_sk
|  |  mem-estimate=130.33MB mem-reservation=34.00MB spill-buffer=2.00MB thread-reservation=0
|  |  tuple-ids=2,0 row-size=30B cardinality=3.00M cost=4313100
|  |  in pipelines: 01(GETNEXT), 00(OPEN)
|  |
|  |--00:SCAN HDFS [tpcds_partitioned_parquet_snap.customer]
|  |     HDFS partitions=1/1 files=1 size=1.55GB
|  |     predicates: is_not_null_pred(tpcds_partitioned_parquet_snap.customer.c_customer_sk)
|  |     runtime filters: RF007[min_max] -> tpcds_partitioned_parquet_snap.customer.c_current_cdemo_sk, RF001[min_max] -> tpcds_partitioned_parquet_snap.customer.c_customer_sk, RF006[bloom] -> tpcds_partitioned_parquet_snap.customer.c_current_cdemo_sk, RF000[bloom] -> tpcds_partitioned_parquet_snap.customer.c_customer_sk
|  |     stored statistics:
|  |       table: rows=30.00M size=1.55GB
|  |       columns: all
|  |     extrapolated-rows=disabled max-scan-range-rows=3.10M
|  |     parquet dictionary predicates: is_not_null_pred(tpcds_partitioned_parquet_snap.customer.c_customer_sk)
|  |     mem-estimate=16.00MB mem-reservation=1.00MB thread-reservation=0
|  |     tuple-ids=0 row-size=12B cardinality=3.00M cost=6027000
|  |     in pipelines: 00(GETNEXT)
|  |
|  01:SCAN HDFS [tpcds_partitioned_parquet_snap.customer_address]
|     HDFS partitions=1/1 files=1 size=307.36MB
|     runtime filters: RF009[min_max] -> tpcds_partitioned_parquet_snap.customer_address.ca_address_sk, RF008[bloom] -> tpcds_partitioned_parquet_snap.customer_address.ca_address_sk
|     stored statistics:
|       table: rows=15.00M size=307.36MB
|       columns: all
|     extrapolated-rows=disabled max-scan-range-rows=1.58M
|     mem-estimate=16.00MB mem-reservation=128.00KB thread-reservation=0
|     tuple-ids=2 row-size=18B cardinality=3.00M(filtered from 15.00M) cost=1296000
|     in pipelines: 01(GETNEXT)
|
07:HASH JOIN [INNER JOIN]
|  hash predicates: tpcds_partitioned_parquet_snap.store_sales.ss_sold_date_sk = tpcds_partitioned_parquet_snap.date_dim.d_date_sk
|  fk/pk conjuncts: tpcds_partitioned_parquet_snap.store_sales.ss_sold_date_sk = tpcds_partitioned_parquet_snap.date_dim.d_date_sk
|  runtime filters: RF004[bloom] <- tpcds_partitioned_parquet_snap.date_dim.d_date_sk
|  mem-estimate=1.94MB mem-reservation=1.94MB spill-buffer=64.00KB thread-reservation=0
|  tuple-ids=6,8 row-size=20B cardinality=55.89M cost=24465060
|  in pipelines: 05(GETNEXT), 06(OPEN)
|
|--06:SCAN HDFS [tpcds_partitioned_parquet_snap.date_dim]
|     HDFS partitions=1/1 files=1 size=2.17MB
|     predicates: tpcds_partitioned_parquet_snap.date_dim.d_year = CAST(2002 AS INT), tpcds_partitioned_parquet_snap.date_dim.d_qoy < CAST(4 AS INT)
|     stored statistics:
|       table: rows=73.05K size=2.17MB
|       columns: all
|     extrapolated-rows=disabled max-scan-range-rows=73.05K
|     parquet statistics predicates: tpcds_partitioned_parquet_snap.date_dim.d_year = CAST(2002 AS INT), tpcds_partitioned_parquet_snap.date_dim.d_qoy < CAST(4 AS INT)
|     parquet dictionary predicates: tpcds_partitioned_parquet_snap.date_dim.d_year = CAST(2002 AS INT), tpcds_partitioned_parquet_snap.date_dim.d_qoy < CAST(4 AS INT)
|     mem-estimate=16.00MB mem-reservation=512.00KB thread-reservation=0
|     tuple-ids=8 row-size=12B cardinality=118 cost=16728
|     in pipelines: 06(GETNEXT)
|
05:SCAN HDFS [tpcds_partitioned_parquet_snap.store_sales]
   HDFS partitions=1824/1824 files=1824 size=389.90GB
   predicates: is_not_null_pred(tpcds_partitioned_parquet_snap.store_sales.ss_customer_sk)
   runtime filters: RF003[min_max] -> tpcds_partitioned_parquet_snap.store_sales.ss_customer_sk, RF001[min_max] -> tpcds_partitioned_parquet_snap.store_sales.ss_customer_sk, RF002[bloom] -> tpcds_partitioned_parquet_snap.store_sales.ss_customer_sk, RF004[bloom] -> tpcds_partitioned_parquet_snap.store_sales.ss_sold_date_sk, RF000[bloom] -> tpcds_partitioned_parquet_snap.store_sales.ss_customer_sk
   stored statistics:
     table: rows=8.64G size=389.90GB
     partitions: 1824/1824 rows=8.64G
     columns: all
   extrapolated-rows=disabled max-scan-range-rows=390.22M est-scan-range=119(filtered from 1824)
   parquet dictionary predicates: is_not_null_pred(tpcds_partitioned_parquet_snap.store_sales.ss_customer_sk)
   mem-estimate=16.00MB mem-reservation=4.00MB thread-reservation=0
   tuple-ids=6 row-size=8B cardinality=55.89M(filtered from 863.99M) cost=80096557
   in pipelines: 05(GETNEXT)
---- DISTRIBUTEDPLAN
Max Per-Host Resource Reservation: Memory=248.06MB Threads=23
Per-Host Resource Estimates: Memory=562MB
F14:PLAN FRAGMENT [UNPARTITIONED] hosts=1 instances=1
|  Per-Instance Resources: mem-estimate=4.10MB mem-reservation=4.00MB thread-reservation=1
|  max-parallelism=1 segment-costs=[1844] cpu-comparison-result=81 [max(1 (self) vs 81 (sum children))]
PLAN-ROOT SINK
|  output exprs: tpcds_partitioned_parquet_snap.customer_address.ca_state, tpcds_partitioned_parquet_snap.customer_demographics.cd_gender, tpcds_partitioned_parquet_snap.customer_demographics.cd_marital_status, tpcds_partitioned_parquet_snap.customer_demographics.cd_dep_count, count(), stddev_samp(tpcds_partitioned_parquet_snap.customer_demographics.cd_dep_count), stddev_samp(tpcds_partitioned_parquet_snap.customer_demographics.cd_dep_count), min(tpcds_partitioned_parquet_snap.customer_demographics.cd_dep_count), tpcds_partitioned_parquet_snap.customer_demographics.cd_dep_employed_count, count(), stddev_samp(tpcds_partitioned_parquet_snap.customer_demographics.cd_dep_employed_count), stddev_samp(tpcds_partitioned_parquet_snap.customer_demographics.cd_dep_employed_count), min(tpcds_partitioned_parquet_snap.customer_demographics.cd_dep_employed_count), tpcds_partitioned_parquet_snap.customer_demographics.cd_dep_college_count, count(), stddev_samp(tpcds_partitioned_parquet_snap.customer_demographics.cd_dep_college_count), stddev_samp(tpcds_partitioned_parquet_snap.customer_demographics.cd_dep_college_count), min(tpcds_partitioned_parquet_snap.customer_demographics.cd_dep_college_count)
|  mem-estimate=4.00MB mem-reservation=4.00MB spill-buffer=2.00MB thread-reservation=0 cost=1800
|
31:MERGING-EXCHANGE [UNPARTITIONED]
|  order by: tpcds_partitioned_parquet_snap.customer_address.ca_state ASC NULLS LAST, tpcds_partitioned_parquet_snap.customer_demographics.cd_gender ASC NULLS LAST, tpcds_partitioned_parquet_snap.customer_demographics.cd_marital_status ASC NULLS LAST, tpcds_partitioned_parquet_snap.customer_demographics.cd_dep_count ASC NULLS LAST, tpcds_partitioned_parquet_snap.customer_demographics.cd_dep_employed_count ASC NULLS LAST, tpcds_partitioned_parquet_snap.customer_demographics.cd_dep_college_count ASC NULLS LAST
|  limit: 100
|  mem-estimate=98.59KB mem-reservation=0B thread-reservation=0
|  tuple-ids=21 row-size=96B cardinality=100 cost=44
|  in pipelines: 18(GETNEXT)
|
F13:PLAN FRAGMENT [HASH(tpcds_partitioned_parquet_snap.customer_address.ca_state,tpcds_partitioned_parquet_snap.customer_demographics.cd_gender,tpcds_partitioned_parquet_snap.customer_demographics.cd_marital_status,tpcds_partitioned_parquet_snap.customer_demographics.cd_dep_count,tpcds_partitioned_parquet_snap.customer_demographics.cd_dep_employed_count,tpcds_partitioned_parquet_snap.customer_demographics.cd_dep_college_count)] hosts=10 instances=10 (adjusted from 120)
Per-Instance Resources: mem-estimate=20.98MB mem-reservation=2.88MB thread-reservation=1
max-parallelism=10 segment-costs=[7278068, 1717703, 282] cpu-comparison-result=81 [max(10 (self) vs 81 (sum children))]
18:TOP-N [LIMIT=100]
|  order by: tpcds_partitioned_parquet_snap.customer_address.ca_state ASC NULLS LAST, tpcds_partitioned_parquet_snap.customer_demographics.cd_gender ASC NULLS LAST, tpcds_partitioned_parquet_snap.customer_demographics.cd_marital_status ASC NULLS LAST, tpcds_partitioned_parquet_snap.customer_demographics.cd_dep_count ASC NULLS LAST, tpcds_partitioned_parquet_snap.customer_demographics.cd_dep_employed_count ASC NULLS LAST, tpcds_partitioned_parquet_snap.customer_demographics.cd_dep_college_count ASC NULLS LAST
|  mem-estimate=9.38KB mem-reservation=0B thread-reservation=0
|  tuple-ids=21 row-size=96B cardinality=100 cost=1717703
|  in pipelines: 18(GETNEXT), 30(OPEN)
|
30:AGGREGATE [FINALIZE]
|  output: count:merge(), stddev_samp:merge(tpcds_partitioned_parquet_snap.customer_demographics.cd_dep_count), min:merge(tpcds_partitioned_parquet_snap.customer_demographics.cd_dep_count), stddev_samp:merge(tpcds_partitioned_parquet_snap.customer_demographics.cd_dep_employed_count), min:merge(tpcds_partitioned_parquet_snap.customer_demographics.cd_dep_employed_count), stddev_samp:merge(tpcds_partitioned_parquet_snap.customer_demographics.cd_dep_college_count), min:merge(tpcds_partitioned_parquet_snap.customer_demographics.cd_dep_college_count)
|  group by: tpcds_partitioned_parquet_snap.customer_address.ca_state, tpcds_partitioned_parquet_snap.customer_demographics.cd_gender, tpcds_partitioned_parquet_snap.customer_demographics.cd_marital_status, tpcds_partitioned_parquet_snap.customer_demographics.cd_dep_count, tpcds_partitioned_parquet_snap.customer_demographics.cd_dep_employed_count, tpcds_partitioned_parquet_snap.customer_demographics.cd_dep_college_count
|  mem-estimate=10.00MB mem-reservation=2.88MB spill-buffer=128.00KB thread-reservation=0
|  tuple-ids=20 row-size=96B cardinality=174.93K cost=5750560
|  in pipelines: 30(GETNEXT), 05(OPEN)
|
29:EXCHANGE [HASH(tpcds_partitioned_parquet_snap.customer_address.ca_state,tpcds_partitioned_parquet_snap.customer_demographics.cd_gender,tpcds_partitioned_parquet_snap.customer_demographics.cd_marital_status,tpcds_partitioned_parquet_snap.customer_demographics.cd_dep_count,tpcds_partitioned_parquet_snap.customer_demographics.cd_dep_employed_count,tpcds_partitioned_parquet_snap.customer_demographics.cd_dep_college_count)]
|  mem-estimate=10.98MB mem-reservation=0B thread-reservation=0
|  tuple-ids=19 row-size=96B cardinality=2.76M cost=1527508
|  in pipelines: 05(GETNEXT)
|
F07:PLAN FRAGMENT [HASH(tpcds_partitioned_parquet_snap.customer.c_customer_sk)] hosts=10 instances=10 (adjusted from 120)
Per-Instance Resources: mem-estimate=48.73MB mem-reservation=34.00MB thread-reservation=1
max-parallelism=10 segment-costs=[47411809, 18510291] cpu-comparison-result=81 [max(40 (self) vs 81 (sum children))]
17:AGGREGATE [STREAMING]
|  output: count(), stddev_samp(tpcds_partitioned_parquet_snap.customer_demographics.cd_dep_count), min(tpcds_partitioned_parquet_snap.customer_demographics.cd_dep_count), stddev_samp(tpcds_partitioned_parquet_snap.customer_demographics.cd_dep_employed_count), min(tpcds_partitioned_parquet_snap.customer_demographics.cd_dep_employed_count), stddev_samp(tpcds_partitioned_parquet_snap.customer_demographics.cd_dep_college_count), min(tpcds_partitioned_parquet_snap.customer_demographics.cd_dep_college_count)
|  group by: tpcds_partitioned_parquet_snap.customer_address.ca_state, tpcds_partitioned_parquet_snap.customer_demographics.cd_gender, tpcds_partitioned_parquet_snap.customer_demographics.cd_marital_status, tpcds_partitioned_parquet_snap.customer_demographics.cd_dep_count, tpcds_partitioned_parquet_snap.customer_demographics.cd_dep_employed_count, tpcds_partitioned_parquet_snap.customer_demographics.cd_dep_college_count
|  mem-estimate=34.00MB mem-reservation=34.00MB spill-buffer=2.00MB thread-reservation=0
|  tuple-ids=19 row-size=96B cardinality=2.76M cost=17831905
|  in pipelines: 05(GETNEXT)
|
16:HASH JOIN [LEFT SEMI JOIN, PARTITIONED]
|  hash-table-id=00
|  hash predicates: tpcds_partitioned_parquet_snap.customer.c_customer_sk = CUSTOMSK
|  mem-estimate=0B mem-reservation=0B spill-buffer=2.00MB thread-reservation=0
|  tuple-ids=2,0,4 row-size=72B cardinality=2.96M cost=1297022
|  in pipelines: 05(GETNEXT), 10(OPEN), 13(OPEN)
|
|--F15:PLAN FRAGMENT [HASH(tpcds_partitioned_parquet_snap.customer.c_customer_sk)] hosts=10 instances=10 (adjusted from 120)
|  |  Per-Instance Resources: mem-estimate=118.91MB mem-reservation=50.00MB thread-reservation=1 runtime-filters-memory=16.00MB
|  |  max-parallelism=10 segment-costs=[47229482] cpu-comparison-result=30 [max(30 (self) vs 22 (sum children))]
|  JOIN BUILD
|  |  join-table-id=00 plan-id=01 cohort-id=01
|  |  build expressions: CUSTOMSK
|  |  runtime filters: RF000[bloom] <- CUSTOMSK, RF001[min_max] <- CUSTOMSK
|  |  mem-estimate=92.75MB mem-reservation=34.00MB spill-buffer=2.00MB thread-reservation=0 cost=41814504
|  |
|  28:EXCHANGE [HASH(CUSTOMSK)]
|  |  mem-estimate=10.16MB mem-reservation=0B thread-reservation=0
|  |  tuple-ids=18 row-size=4B cardinality=41.81M cost=5414978
|  |  in pipelines: 10(GETNEXT), 13(GETNEXT)
|  |
|  F12:PLAN FRAGMENT [RANDOM] hosts=10 instances=20 (adjusted from 120)
|  Per-Host Shared Resources: mem-estimate=2.00MB mem-reservation=2.00MB thread-reservation=0 runtime-filters-memory=2.00MB
|  Per-Instance Resources: mem-estimate=16.31MB mem-reservation=1.00MB thread-reservation=1
|  max-parallelism=20 segment-costs=[112141478]
|  09:UNION
|  |  mem-estimate=0B mem-reservation=0B thread-reservation=0
|  |  tuple-ids=18 row-size=4B cardinality=41.81M cost=1604840
|  |  in pipelines: 10(GETNEXT), 13(GETNEXT)
|  |
|  |--15:HASH JOIN [INNER JOIN, BROADCAST]
|  |  |  hash-table-id=02
|  |  |  hash predicates: tpcds_partitioned_parquet_snap.catalog_sales.cs_sold_date_sk = tpcds_partitioned_parquet_snap.date_dim_1.d_date_sk
|  |  |  fk/pk conjuncts: tpcds_partitioned_parquet_snap.catalog_sales.cs_sold_date_sk = tpcds_partitioned_parquet_snap.date_dim_1.d_date_sk
|  |  |  mem-estimate=0B mem-reservation=0B spill-buffer=64.00KB thread-reservation=0
|  |  |  tuple-ids=14,16 row-size=20B cardinality=27.84M cost=12186017
|  |  |  in pipelines: 13(GETNEXT), 14(OPEN)
|  |  |
|  |  |--F17:PLAN FRAGMENT [RANDOM] hosts=10 instances=10
|  |  |  |  Per-Instance Resources: mem-estimate=4.89MB mem-reservation=4.88MB thread-reservation=1 runtime-filters-memory=1.00MB
|  |  |  |  max-parallelism=10 segment-costs=[268]
|  |  |  JOIN BUILD
|  |  |  |  join-table-id=02 plan-id=03 cohort-id=02
|  |  |  |  build expressions: tpcds_partitioned_parquet_snap.date_dim_1.d_date_sk
|  |  |  |  runtime filters: RF012[bloom] <- tpcds_partitioned_parquet_snap.date_dim_1.d_date_sk
|  |  |  |  mem-estimate=3.88MB mem-reservation=3.88MB spill-buffer=64.00KB thread-reservation=0 cost=118
|  |  |  |
|  |  |  27:EXCHANGE [BROADCAST]
|  |  |  |  mem-estimate=16.00KB mem-reservation=0B thread-reservation=0
|  |  |  |  tuple-ids=16 row-size=12B cardinality=118 cost=150
|  |  |  |  in pipelines: 14(GETNEXT)
|  |  |  |
|  |  |  F11:PLAN FRAGMENT [RANDOM] hosts=1 instances=1
|  |  |  Per-Instance Resources: mem-estimate=16.06MB mem-reservation=512.00KB thread-reservation=1
|  |  |  max-parallelism=1 segment-costs=[16734]
|  |  |  14:SCAN HDFS [tpcds_partitioned_parquet_snap.date_dim, RANDOM]
|  |  |     HDFS partitions=1/1 files=1 size=2.17MB
|  |  |     predicates: tpcds_partitioned_parquet_snap.date_dim_1.d_year = CAST(2002 AS INT), tpcds_partitioned_parquet_snap.date_dim_1.d_qoy < CAST(4 AS INT)
|  |  |     stored statistics:
|  |  |       table: rows=73.05K size=2.17MB
|  |  |       columns: all
|  |  |     extrapolated-rows=disabled max-scan-range-rows=73.05K
|  |  |     parquet statistics predicates: tpcds_partitioned_parquet_snap.date_dim_1.d_year = CAST(2002 AS INT), tpcds_partitioned_parquet_snap.date_dim_1.d_qoy < CAST(4 AS INT)
|  |  |     parquet dictionary predicates: tpcds_partitioned_parquet_snap.date_dim_1.d_year = CAST(2002 AS INT), tpcds_partitioned_parquet_snap.date_dim_1.d_qoy < CAST(4 AS INT)
|  |  |     mem-estimate=16.00MB mem-reservation=512.00KB thread-reservation=0
|  |  |     tuple-ids=16 row-size=12B cardinality=118 cost=16728
|  |  |     in pipelines: 14(GETNEXT)
|  |  |
|  |  13:SCAN HDFS [tpcds_partitioned_parquet_snap.catalog_sales, RANDOM]
|  |     HDFS partitions=1831/1831 files=1831 size=280.96GB
|  |     predicates: is_not_null_pred(tpcds_partitioned_parquet_snap.catalog_sales.cs_ship_customer_sk)
|  |     runtime filters: RF012[bloom] -> tpcds_partitioned_parquet_snap.catalog_sales.cs_sold_date_sk
|  |     stored statistics:
|  |       table: rows=4.32G size=280.96GB
|  |       partitions: 1831/1831 rows=4.32G
|  |       columns: all
|  |     extrapolated-rows=disabled max-scan-range-rows=21.52M est-scan-range=118(filtered from 1831)
|  |     parquet dictionary predicates: is_not_null_pred(tpcds_partitioned_parquet_snap.catalog_sales.cs_ship_customer_sk)
|  |     mem-estimate=16.00MB mem-reservation=1.00MB thread-reservation=0
|  |     tuple-ids=14 row-size=8B cardinality=27.84M(filtered from 432.01M) cost=39896191
|  |     in pipelines: 13(GETNEXT)
|  |
|  12:HASH JOIN [INNER JOIN, BROADCAST]
|  |  hash-table-id=01
|  |  hash predicates: tpcds_partitioned_parquet_snap.web_sales.ws_sold_date_sk = tpcds_partitioned_parquet_snap.date_dim_0.d_date_sk
|  |  fk/pk conjuncts: tpcds_partitioned_parquet_snap.web_sales.ws_sold_date_sk = tpcds_partitioned_parquet_snap.date_dim_0.d_date_sk
|  |  mem-estimate=0B mem-reservation=0B spill-buffer=64.00KB thread-reservation=0
|  |  tuple-ids=10,12 row-size=20B cardinality=13.97M cost=6116190
|  |  in pipelines: 10(GETNEXT), 11(OPEN)
|  |
|  |--F16:PLAN FRAGMENT [RANDOM] hosts=10 instances=10
|  |  |  Per-Instance Resources: mem-estimate=4.89MB mem-reservation=4.88MB thread-reservation=1 runtime-filters-memory=1.00MB
|  |  |  max-parallelism=10 segment-costs=[268]
|  |  JOIN BUILD
|  |  |  join-table-id=01 plan-id=02 cohort-id=02
|  |  |  build expressions: tpcds_partitioned_parquet_snap.date_dim_0.d_date_sk
|  |  |  runtime filters: RF010[bloom] <- tpcds_partitioned_parquet_snap.date_dim_0.d_date_sk
|  |  |  mem-estimate=3.88MB mem-reservation=3.88MB spill-buffer=64.00KB thread-reservation=0 cost=118
|  |  |
|  |  26:EXCHANGE [BROADCAST]
|  |  |  mem-estimate=16.00KB mem-reservation=0B thread-reservation=0
|  |  |  tuple-ids=12 row-size=12B cardinality=118 cost=150
|  |  |  in pipelines: 11(GETNEXT)
|  |  |
|  |  F09:PLAN FRAGMENT [RANDOM] hosts=1 instances=1
|  |  Per-Instance Resources: mem-estimate=16.06MB mem-reservation=512.00KB thread-reservation=1
|  |  max-parallelism=1 segment-costs=[16734]
|  |  11:SCAN HDFS [tpcds_partitioned_parquet_snap.date_dim, RANDOM]
|  |     HDFS partitions=1/1 files=1 size=2.17MB
|  |     predicates: tpcds_partitioned_parquet_snap.date_dim_0.d_year = CAST(2002 AS INT), tpcds_partitioned_parquet_snap.date_dim_0.d_qoy < CAST(4 AS INT)
|  |     stored statistics:
|  |       table: rows=73.05K size=2.17MB
|  |       columns: all
|  |     extrapolated-rows=disabled max-scan-range-rows=73.05K
|  |     parquet statistics predicates: tpcds_partitioned_parquet_snap.date_dim_0.d_year = CAST(2002 AS INT), tpcds_partitioned_parquet_snap.date_dim_0.d_qoy < CAST(4 AS INT)
|  |     parquet dictionary predicates: tpcds_partitioned_parquet_snap.date_dim_0.d_year = CAST(2002 AS INT), tpcds_partitioned_parquet_snap.date_dim_0.d_qoy < CAST(4 AS INT)
|  |     mem-estimate=16.00MB mem-reservation=512.00KB thread-reservation=0
|  |     tuple-ids=12 row-size=12B cardinality=118 cost=16728
|  |     in pipelines: 11(GETNEXT)
|  |
|  10:SCAN HDFS [tpcds_partitioned_parquet_snap.web_sales, RANDOM]
|     HDFS partitions=1824/1824 files=1824 size=145.75GB
|     predicates: is_not_null_pred(tpcds_partitioned_parquet_snap.web_sales.ws_bill_customer_sk)
|     runtime filters: RF010[bloom] -> tpcds_partitioned_parquet_snap.web_sales.ws_sold_date_sk
|     stored statistics:
|       table: rows=2.16G size=145.75GB
|       partitions: 1824/1824 rows=2.16G
|       columns: all
|     extrapolated-rows=disabled max-scan-range-rows=3.37M est-scan-range=119(filtered from 1824)
|     parquet dictionary predicates: is_not_null_pred(tpcds_partitioned_parquet_snap.web_sales.ws_bill_customer_sk)
|     mem-estimate=16.00MB mem-reservation=128.00KB thread-reservation=0
|     tuple-ids=10 row-size=8B cardinality=13.97M(filtered from 216.00M) cost=20023992
|     in pipelines: 10(GETNEXT)
|
08:HASH JOIN [RIGHT SEMI JOIN, PARTITIONED]
|  hash-table-id=03
|  hash predicates: tpcds_partitioned_parquet_snap.store_sales.ss_customer_sk = tpcds_partitioned_parquet_snap.customer.c_customer_sk
|  mem-estimate=0B mem-reservation=0B spill-buffer=2.00MB thread-reservation=0
|  tuple-ids=2,0,4 row-size=72B cardinality=2.96M cost=14873836
|  in pipelines: 05(GETNEXT), 01(OPEN)
|
|--F18:PLAN FRAGMENT [HASH(tpcds_partitioned_parquet_snap.customer.c_customer_sk)] hosts=10 instances=10 (adjusted from 120)
|  |  Per-Instance Resources: mem-estimate=48.82MB mem-reservation=38.00MB thread-reservation=1 runtime-filters-memory=4.00MB
|  |  max-parallelism=10 segment-costs=[4492017] cpu-comparison-result=40 [max(40 (self) vs 40 (sum children))]
|  JOIN BUILD
|  |  join-table-id=03 plan-id=04 cohort-id=01
|  |  build expressions: tpcds_partitioned_parquet_snap.customer.c_customer_sk
|  |  runtime filters: RF002[bloom] <- tpcds_partitioned_parquet_snap.customer.c_customer_sk, RF003[min_max] <- tpcds_partitioned_parquet_snap.customer.c_customer_sk
|  |  mem-estimate=34.00MB mem-reservation=34.00MB spill-buffer=2.00MB thread-reservation=0 cost=2963268
|  |
|  25:EXCHANGE [HASH(tpcds_partitioned_parquet_snap.customer.c_customer_sk)]
|  |  mem-estimate=10.82MB mem-reservation=0B thread-reservation=0
|  |  tuple-ids=2,0,4 row-size=72B cardinality=2.96M cost=1528749
|  |  in pipelines: 01(GETNEXT)
|  |
|  F06:PLAN FRAGMENT [HASH(tpcds_partitioned_parquet_snap.customer.c_current_cdemo_sk)] hosts=10 instances=10
|  Per-Instance Resources: mem-estimate=12.24MB mem-reservation=0B thread-reservation=1
|  max-parallelism=10 segment-costs=[20484252]
|  04:HASH JOIN [INNER JOIN, PARTITIONED]
|  |  hash-table-id=04
|  |  hash predicates: tpcds_partitioned_parquet_snap.customer.c_current_cdemo_sk = tpcds_partitioned_parquet_snap.customer_demographics.cd_demo_sk
|  |  fk/pk conjuncts: tpcds_partitioned_parquet_snap.customer.c_current_cdemo_sk = tpcds_partitioned_parquet_snap.customer_demographics.cd_demo_sk
|  |  mem-estimate=0B mem-reservation=0B spill-buffer=1.00MB thread-reservation=0
|  |  tuple-ids=2,0,4 row-size=72B cardinality=2.96M cost=1306444
|  |  in pipelines: 01(GETNEXT), 03(OPEN)
|  |
|  |--F19:PLAN FRAGMENT [HASH(tpcds_partitioned_parquet_snap.customer.c_current_cdemo_sk)] hosts=10 instances=10
|  |  |  Per-Instance Resources: mem-estimate=27.14MB mem-reservation=19.00MB thread-reservation=1 runtime-filters-memory=2.00MB
|  |  |  max-parallelism=10 segment-costs=[2505299]
|  |  JOIN BUILD
|  |  |  join-table-id=04 plan-id=05 cohort-id=03
|  |  |  build expressions: tpcds_partitioned_parquet_snap.customer_demographics.cd_demo_sk
|  |  |  runtime filters: RF006[bloom] <- tpcds_partitioned_parquet_snap.customer_demographics.cd_demo_sk, RF007[min_max] <- tpcds_partitioned_parquet_snap.customer_demographics.cd_demo_sk
|  |  |  mem-estimate=17.00MB mem-reservation=17.00MB spill-buffer=1.00MB thread-reservation=0 cost=1920800
|  |  |
|  |  23:EXCHANGE [HASH(tpcds_partitioned_parquet_snap.customer_demographics.cd_demo_sk)]
|  |  |  mem-estimate=8.14MB mem-reservation=0B thread-reservation=0
|  |  |  tuple-ids=4 row-size=42B cardinality=1.92M cost=584499
|  |  |  in pipelines: 03(GETNEXT)
|  |  |
|  |  F05:PLAN FRAGMENT [RANDOM] hosts=10 instances=10
|  |  Per-Instance Resources: mem-estimate=17.80MB mem-reservation=1.00MB thread-reservation=1
|  |  max-parallelism=10 segment-costs=[6682847]
|  |  03:SCAN HDFS [tpcds_partitioned_parquet_snap.customer_demographics, RANDOM]
|  |     HDFS partitions=1/1 files=1 size=11.15MB
|  |     stored statistics:
|  |       table: rows=1.92M size=11.15MB
|  |       columns: all
|  |     extrapolated-rows=disabled max-scan-range-rows=197.97K
|  |     mem-estimate=16.00MB mem-reservation=1.00MB thread-reservation=0
|  |     tuple-ids=4 row-size=42B cardinality=1.92M cost=497871
|  |     in pipelines: 03(GETNEXT)
|  |
|  22:EXCHANGE [HASH(tpcds_partitioned_parquet_snap.customer.c_current_cdemo_sk)]
|  |  mem-estimate=8.95MB mem-reservation=0B thread-reservation=0
|  |  tuple-ids=2,0 row-size=30B cardinality=3.00M cost=857700
|  |  in pipelines: 01(GETNEXT)
|  |
|  F04:PLAN FRAGMENT [HASH(tpcds_partitioned_parquet_snap.customer_address.ca_address_sk)] hosts=10 instances=10
|  Per-Instance Resources: mem-estimate=11.70MB mem-reservation=0B thread-reservation=1
|  max-parallelism=10 segment-costs=[10782000]
|  02:HASH JOIN [INNER JOIN, PARTITIONED]
|  |  hash-table-id=05
|  |  hash predicates: tpcds_partitioned_parquet_snap.customer_address.ca_address_sk = tpcds_partitioned_parquet_snap.customer.c_current_addr_sk
|  |  fk/pk conjuncts: tpcds_partitioned_parquet_snap.customer_address.ca_address_sk = tpcds_partitioned_parquet_snap.customer.c_current_addr_sk
|  |  mem-estimate=0B mem-reservation=0B spill-buffer=1.00MB thread-reservation=0
|  |  tuple-ids=2,0 row-size=30B cardinality=3.00M cost=1313100
|  |  in pipelines: 01(GETNEXT), 00(OPEN)
|  |
|  |--F20:PLAN FRAGMENT [HASH(tpcds_partitioned_parquet_snap.customer_address.ca_address_sk)] hosts=10 instances=10
|  |  |  Per-Instance Resources: mem-estimate=24.59MB mem-reservation=21.00MB thread-reservation=1 runtime-filters-memory=4.00MB
|  |  |  max-parallelism=10 segment-costs=[3498900]
|  |  JOIN BUILD
|  |  |  join-table-id=05 plan-id=06 cohort-id=03
|  |  |  build expressions: tpcds_partitioned_parquet_snap.customer.c_current_addr_sk
|  |  |  runtime filters: RF008[bloom] <- tpcds_partitioned_parquet_snap.customer.c_current_addr_sk, RF009[min_max] <- tpcds_partitioned_parquet_snap.customer.c_current_addr_sk
|  |  |  mem-estimate=17.00MB mem-reservation=17.00MB spill-buffer=1.00MB thread-reservation=0 cost=3000000
|  |  |
|  |  21:EXCHANGE [HASH(tpcds_partitioned_parquet_snap.customer.c_current_addr_sk)]
|  |  |  mem-estimate=3.59MB mem-reservation=0B thread-reservation=0
|  |  |  tuple-ids=0 row-size=12B cardinality=3.00M cost=498900
|  |  |  in pipelines: 00(GETNEXT)
|  |  |
|  |  F03:PLAN FRAGMENT [RANDOM] hosts=10 instances=10
|  |  Per-Host Shared Resources: mem-estimate=18.00MB mem-reservation=18.00MB thread-reservation=0 runtime-filters-memory=18.00MB
|  |  Per-Instance Resources: mem-estimate=16.62MB mem-reservation=1.00MB thread-reservation=1
|  |  max-parallelism=10 segment-costs=[9891000]
|  |  00:SCAN HDFS [tpcds_partitioned_parquet_snap.customer, RANDOM]
|  |     HDFS partitions=1/1 files=1 size=1.55GB
|  |     predicates: is_not_null_pred(tpcds_partitioned_parquet_snap.customer.c_customer_sk)
|  |     runtime filters: RF007[min_max] -> tpcds_partitioned_parquet_snap.customer.c_current_cdemo_sk, RF001[min_max] -> tpcds_partitioned_parquet_snap.customer.c_customer_sk, RF006[bloom] -> tpcds_partitioned_parquet_snap.customer.c_current_cdemo_sk, RF000[bloom] -> tpcds_partitioned_parquet_snap.customer.c_customer_sk
|  |     stored statistics:
|  |       table: rows=30.00M size=1.55GB
|  |       columns: all
|  |     extrapolated-rows=disabled max-scan-range-rows=3.10M
|  |     parquet dictionary predicates: is_not_null_pred(tpcds_partitioned_parquet_snap.customer.c_customer_sk)
|  |     mem-estimate=16.00MB mem-reservation=1.00MB thread-reservation=0
|  |     tuple-ids=0 row-size=12B cardinality=3.00M cost=6027000
|  |     in pipelines: 00(GETNEXT)
|  |
|  20:EXCHANGE [HASH(tpcds_partitioned_parquet_snap.customer_address.ca_address_sk)]
|  |  mem-estimate=10.21MB mem-reservation=0B thread-reservation=0
|  |  tuple-ids=2 row-size=18B cardinality=3.00M(filtered from 15.00M) cost=581700
|  |  in pipelines: 01(GETNEXT)
|  |
|  F02:PLAN FRAGMENT [RANDOM] hosts=10 instances=10
|  Per-Host Shared Resources: mem-estimate=4.00MB mem-reservation=4.00MB thread-reservation=0 runtime-filters-memory=4.00MB
|  Per-Instance Resources: mem-estimate=16.86MB mem-reservation=128.00KB thread-reservation=1
|  max-parallelism=10 segment-costs=[6319200]
|  01:SCAN HDFS [tpcds_partitioned_parquet_snap.customer_address, RANDOM]
|     HDFS partitions=1/1 files=1 size=307.36MB
|     runtime filters: RF009[min_max] -> tpcds_partitioned_parquet_snap.customer_address.ca_address_sk, RF008[bloom] -> tpcds_partitioned_parquet_snap.customer_address.ca_address_sk
|     stored statistics:
|       table: rows=15.00M size=307.36MB
|       columns: all
|     extrapolated-rows=disabled max-scan-range-rows=1.58M
|     mem-estimate=16.00MB mem-reservation=128.00KB thread-reservation=0
|     tuple-ids=2 row-size=18B cardinality=3.00M(filtered from 15.00M) cost=1296000
|     in pipelines: 01(GETNEXT)
|
24:EXCHANGE [HASH(tpcds_partitioned_parquet_snap.store_sales.ss_customer_sk)]
|  mem-estimate=10.82MB mem-reservation=0B thread-reservation=0
|  tuple-ids=6,8 row-size=20B cardinality=55.89M cost=13409046
|  in pipelines: 05(GETNEXT)
|
F00:PLAN FRAGMENT [RANDOM] hosts=10 instances=30 (adjusted from 120)
Per-Host Shared Resources: mem-estimate=21.00MB mem-reservation=21.00MB thread-reservation=0 runtime-filters-memory=21.00MB
Per-Instance Resources: mem-estimate=17.09MB mem-reservation=4.00MB thread-reservation=1
max-parallelism=30 segment-costs=[234146885]
07:HASH JOIN [INNER JOIN, BROADCAST]
|  hash-table-id=06
|  hash predicates: tpcds_partitioned_parquet_snap.store_sales.ss_sold_date_sk = tpcds_partitioned_parquet_snap.date_dim.d_date_sk
|  fk/pk conjuncts: tpcds_partitioned_parquet_snap.store_sales.ss_sold_date_sk = tpcds_partitioned_parquet_snap.date_dim.d_date_sk
|  mem-estimate=0B mem-reservation=0B spill-buffer=64.00KB thread-reservation=0
|  tuple-ids=6,8 row-size=20B cardinality=55.89M cost=24464942
|  in pipelines: 05(GETNEXT), 06(OPEN)
|
|--F21:PLAN FRAGMENT [RANDOM] hosts=10 instances=10
|  |  Per-Instance Resources: mem-estimate=6.83MB mem-reservation=6.81MB thread-reservation=1 runtime-filters-memory=1.00MB
|  |  max-parallelism=10 segment-costs=[268]
|  JOIN BUILD
|  |  join-table-id=06 plan-id=07 cohort-id=01
|  |  build expressions: tpcds_partitioned_parquet_snap.date_dim.d_date_sk
|  |  runtime filters: RF004[bloom] <- tpcds_partitioned_parquet_snap.date_dim.d_date_sk
|  |  mem-estimate=5.81MB mem-reservation=5.81MB spill-buffer=64.00KB thread-reservation=0 cost=118
|  |
|  19:EXCHANGE [BROADCAST]
|  |  mem-estimate=16.00KB mem-reservation=0B thread-reservation=0
|  |  tuple-ids=8 row-size=12B cardinality=118 cost=150
|  |  in pipelines: 06(GETNEXT)
|  |
|  F01:PLAN FRAGMENT [RANDOM] hosts=1 instances=1
|  Per-Instance Resources: mem-estimate=16.06MB mem-reservation=512.00KB thread-reservation=1
|  max-parallelism=1 segment-costs=[16734]
|  06:SCAN HDFS [tpcds_partitioned_parquet_snap.date_dim, RANDOM]
|     HDFS partitions=1/1 files=1 size=2.17MB
|     predicates: tpcds_partitioned_parquet_snap.date_dim.d_year = CAST(2002 AS INT), tpcds_partitioned_parquet_snap.date_dim.d_qoy < CAST(4 AS INT)
|     stored statistics:
|       table: rows=73.05K size=2.17MB
|       columns: all
|     extrapolated-rows=disabled max-scan-range-rows=73.05K
|     parquet statistics predicates: tpcds_partitioned_parquet_snap.date_dim.d_year = CAST(2002 AS INT), tpcds_partitioned_parquet_snap.date_dim.d_qoy < CAST(4 AS INT)
|     parquet dictionary predicates: tpcds_partitioned_parquet_snap.date_dim.d_year = CAST(2002 AS INT), tpcds_partitioned_parquet_snap.date_dim.d_qoy < CAST(4 AS INT)
|     mem-estimate=16.00MB mem-reservation=512.00KB thread-reservation=0
|     tuple-ids=8 row-size=12B cardinality=118 cost=16728
|     in pipelines: 06(GETNEXT)
|
05:SCAN HDFS [tpcds_partitioned_parquet_snap.store_sales, RANDOM]
   HDFS partitions=1824/1824 files=1824 size=389.90GB
   predicates: is_not_null_pred(tpcds_partitioned_parquet_snap.store_sales.ss_customer_sk)
   runtime filters: RF003[min_max] -> tpcds_partitioned_parquet_snap.store_sales.ss_customer_sk, RF001[min_max] -> tpcds_partitioned_parquet_snap.store_sales.ss_customer_sk, RF002[bloom] -> tpcds_partitioned_parquet_snap.store_sales.ss_customer_sk, RF004[bloom] -> tpcds_partitioned_parquet_snap.store_sales.ss_sold_date_sk, RF000[bloom] -> tpcds_partitioned_parquet_snap.store_sales.ss_customer_sk
   stored statistics:
     table: rows=8.64G size=389.90GB
     partitions: 1824/1824 rows=8.64G
     columns: all
   extrapolated-rows=disabled max-scan-range-rows=390.22M est-scan-range=119(filtered from 1824)
   parquet dictionary predicates: is_not_null_pred(tpcds_partitioned_parquet_snap.store_sales.ss_customer_sk)
   mem-estimate=16.00MB mem-reservation=4.00MB thread-reservation=0
   tuple-ids=6 row-size=8B cardinality=55.89M(filtered from 863.99M) cost=80096557
   in pipelines: 05(GETNEXT)
---- PARALLELPLANS
Max Per-Host Resource Reservation: Memory=248.06MB Threads=23
Per-Host Resource Estimates: Memory=562MB
F14:PLAN FRAGMENT [UNPARTITIONED] hosts=1 instances=1
|  Per-Instance Resources: mem-estimate=4.10MB mem-reservation=4.00MB thread-reservation=1
|  max-parallelism=1 segment-costs=[1844] cpu-comparison-result=81 [max(1 (self) vs 81 (sum children))]
PLAN-ROOT SINK
|  output exprs: tpcds_partitioned_parquet_snap.customer_address.ca_state, tpcds_partitioned_parquet_snap.customer_demographics.cd_gender, tpcds_partitioned_parquet_snap.customer_demographics.cd_marital_status, tpcds_partitioned_parquet_snap.customer_demographics.cd_dep_count, count(), stddev_samp(tpcds_partitioned_parquet_snap.customer_demographics.cd_dep_count), stddev_samp(tpcds_partitioned_parquet_snap.customer_demographics.cd_dep_count), min(tpcds_partitioned_parquet_snap.customer_demographics.cd_dep_count), tpcds_partitioned_parquet_snap.customer_demographics.cd_dep_employed_count, count(), stddev_samp(tpcds_partitioned_parquet_snap.customer_demographics.cd_dep_employed_count), stddev_samp(tpcds_partitioned_parquet_snap.customer_demographics.cd_dep_employed_count), min(tpcds_partitioned_parquet_snap.customer_demographics.cd_dep_employed_count), tpcds_partitioned_parquet_snap.customer_demographics.cd_dep_college_count, count(), stddev_samp(tpcds_partitioned_parquet_snap.customer_demographics.cd_dep_college_count), stddev_samp(tpcds_partitioned_parquet_snap.customer_demographics.cd_dep_college_count), min(tpcds_partitioned_parquet_snap.customer_demographics.cd_dep_college_count)
|  mem-estimate=4.00MB mem-reservation=4.00MB spill-buffer=2.00MB thread-reservation=0 cost=1800
|
31:MERGING-EXCHANGE [UNPARTITIONED]
|  order by: tpcds_partitioned_parquet_snap.customer_address.ca_state ASC NULLS LAST, tpcds_partitioned_parquet_snap.customer_demographics.cd_gender ASC NULLS LAST, tpcds_partitioned_parquet_snap.customer_demographics.cd_marital_status ASC NULLS LAST, tpcds_partitioned_parquet_snap.customer_demographics.cd_dep_count ASC NULLS LAST, tpcds_partitioned_parquet_snap.customer_demographics.cd_dep_employed_count ASC NULLS LAST, tpcds_partitioned_parquet_snap.customer_demographics.cd_dep_college_count ASC NULLS LAST
|  limit: 100
|  mem-estimate=98.59KB mem-reservation=0B thread-reservation=0
|  tuple-ids=21 row-size=96B cardinality=100 cost=44
|  in pipelines: 18(GETNEXT)
|
F13:PLAN FRAGMENT [HASH(tpcds_partitioned_parquet_snap.customer_address.ca_state,tpcds_partitioned_parquet_snap.customer_demographics.cd_gender,tpcds_partitioned_parquet_snap.customer_demographics.cd_marital_status,tpcds_partitioned_parquet_snap.customer_demographics.cd_dep_count,tpcds_partitioned_parquet_snap.customer_demographics.cd_dep_employed_count,tpcds_partitioned_parquet_snap.customer_demographics.cd_dep_college_count)] hosts=10 instances=10 (adjusted from 120)
Per-Instance Resources: mem-estimate=20.98MB mem-reservation=2.88MB thread-reservation=1
max-parallelism=10 segment-costs=[7278068, 1717703, 282] cpu-comparison-result=81 [max(10 (self) vs 81 (sum children))]
18:TOP-N [LIMIT=100]
|  order by: tpcds_partitioned_parquet_snap.customer_address.ca_state ASC NULLS LAST, tpcds_partitioned_parquet_snap.customer_demographics.cd_gender ASC NULLS LAST, tpcds_partitioned_parquet_snap.customer_demographics.cd_marital_status ASC NULLS LAST, tpcds_partitioned_parquet_snap.customer_demographics.cd_dep_count ASC NULLS LAST, tpcds_partitioned_parquet_snap.customer_demographics.cd_dep_employed_count ASC NULLS LAST, tpcds_partitioned_parquet_snap.customer_demographics.cd_dep_college_count ASC NULLS LAST
|  mem-estimate=9.38KB mem-reservation=0B thread-reservation=0
|  tuple-ids=21 row-size=96B cardinality=100 cost=1717703
|  in pipelines: 18(GETNEXT), 30(OPEN)
|
30:AGGREGATE [FINALIZE]
|  output: count:merge(), stddev_samp:merge(tpcds_partitioned_parquet_snap.customer_demographics.cd_dep_count), min:merge(tpcds_partitioned_parquet_snap.customer_demographics.cd_dep_count), stddev_samp:merge(tpcds_partitioned_parquet_snap.customer_demographics.cd_dep_employed_count), min:merge(tpcds_partitioned_parquet_snap.customer_demographics.cd_dep_employed_count), stddev_samp:merge(tpcds_partitioned_parquet_snap.customer_demographics.cd_dep_college_count), min:merge(tpcds_partitioned_parquet_snap.customer_demographics.cd_dep_college_count)
|  group by: tpcds_partitioned_parquet_snap.customer_address.ca_state, tpcds_partitioned_parquet_snap.customer_demographics.cd_gender, tpcds_partitioned_parquet_snap.customer_demographics.cd_marital_status, tpcds_partitioned_parquet_snap.customer_demographics.cd_dep_count, tpcds_partitioned_parquet_snap.customer_demographics.cd_dep_employed_count, tpcds_partitioned_parquet_snap.customer_demographics.cd_dep_college_count
|  mem-estimate=10.00MB mem-reservation=2.88MB spill-buffer=128.00KB thread-reservation=0
|  tuple-ids=20 row-size=96B cardinality=174.93K cost=5750560
|  in pipelines: 30(GETNEXT), 05(OPEN)
|
29:EXCHANGE [HASH(tpcds_partitioned_parquet_snap.customer_address.ca_state,tpcds_partitioned_parquet_snap.customer_demographics.cd_gender,tpcds_partitioned_parquet_snap.customer_demographics.cd_marital_status,tpcds_partitioned_parquet_snap.customer_demographics.cd_dep_count,tpcds_partitioned_parquet_snap.customer_demographics.cd_dep_employed_count,tpcds_partitioned_parquet_snap.customer_demographics.cd_dep_college_count)]
|  mem-estimate=10.98MB mem-reservation=0B thread-reservation=0
|  tuple-ids=19 row-size=96B cardinality=2.76M cost=1527508
|  in pipelines: 05(GETNEXT)
|
F07:PLAN FRAGMENT [HASH(tpcds_partitioned_parquet_snap.customer.c_customer_sk)] hosts=10 instances=10 (adjusted from 120)
Per-Instance Resources: mem-estimate=48.73MB mem-reservation=34.00MB thread-reservation=1
max-parallelism=10 segment-costs=[47411809, 18510291] cpu-comparison-result=81 [max(40 (self) vs 81 (sum children))]
17:AGGREGATE [STREAMING]
|  output: count(), stddev_samp(tpcds_partitioned_parquet_snap.customer_demographics.cd_dep_count), min(tpcds_partitioned_parquet_snap.customer_demographics.cd_dep_count), stddev_samp(tpcds_partitioned_parquet_snap.customer_demographics.cd_dep_employed_count), min(tpcds_partitioned_parquet_snap.customer_demographics.cd_dep_employed_count), stddev_samp(tpcds_partitioned_parquet_snap.customer_demographics.cd_dep_college_count), min(tpcds_partitioned_parquet_snap.customer_demographics.cd_dep_college_count)
|  group by: tpcds_partitioned_parquet_snap.customer_address.ca_state, tpcds_partitioned_parquet_snap.customer_demographics.cd_gender, tpcds_partitioned_parquet_snap.customer_demographics.cd_marital_status, tpcds_partitioned_parquet_snap.customer_demographics.cd_dep_count, tpcds_partitioned_parquet_snap.customer_demographics.cd_dep_employed_count, tpcds_partitioned_parquet_snap.customer_demographics.cd_dep_college_count
|  mem-estimate=34.00MB mem-reservation=34.00MB spill-buffer=2.00MB thread-reservation=0
|  tuple-ids=19 row-size=96B cardinality=2.76M cost=17831905
|  in pipelines: 05(GETNEXT)
|
16:HASH JOIN [LEFT SEMI JOIN, PARTITIONED]
|  hash-table-id=00
|  hash predicates: tpcds_partitioned_parquet_snap.customer.c_customer_sk = CUSTOMSK
|  mem-estimate=0B mem-reservation=0B spill-buffer=2.00MB thread-reservation=0
|  tuple-ids=2,0,4 row-size=72B cardinality=2.96M cost=1297022
|  in pipelines: 05(GETNEXT), 10(OPEN), 13(OPEN)
|
|--F15:PLAN FRAGMENT [HASH(tpcds_partitioned_parquet_snap.customer.c_customer_sk)] hosts=10 instances=10 (adjusted from 120)
|  |  Per-Instance Resources: mem-estimate=118.91MB mem-reservation=50.00MB thread-reservation=1 runtime-filters-memory=16.00MB
|  |  max-parallelism=10 segment-costs=[47229482] cpu-comparison-result=30 [max(30 (self) vs 22 (sum children))]
|  JOIN BUILD
|  |  join-table-id=00 plan-id=01 cohort-id=01
|  |  build expressions: CUSTOMSK
|  |  runtime filters: RF000[bloom] <- CUSTOMSK, RF001[min_max] <- CUSTOMSK
|  |  mem-estimate=92.75MB mem-reservation=34.00MB spill-buffer=2.00MB thread-reservation=0 cost=41814504
|  |
|  28:EXCHANGE [HASH(CUSTOMSK)]
|  |  mem-estimate=10.16MB mem-reservation=0B thread-reservation=0
|  |  tuple-ids=18 row-size=4B cardinality=41.81M cost=5414978
|  |  in pipelines: 10(GETNEXT), 13(GETNEXT)
|  |
|  F12:PLAN FRAGMENT [RANDOM] hosts=10 instances=20 (adjusted from 120)
|  Per-Host Shared Resources: mem-estimate=2.00MB mem-reservation=2.00MB thread-reservation=0 runtime-filters-memory=2.00MB
|  Per-Instance Resources: mem-estimate=16.31MB mem-reservation=1.00MB thread-reservation=1
|  max-parallelism=20 segment-costs=[112141478]
|  09:UNION
|  |  mem-estimate=0B mem-reservation=0B thread-reservation=0
|  |  tuple-ids=18 row-size=4B cardinality=41.81M cost=1604840
|  |  in pipelines: 10(GETNEXT), 13(GETNEXT)
|  |
|  |--15:HASH JOIN [INNER JOIN, BROADCAST]
|  |  |  hash-table-id=02
|  |  |  hash predicates: tpcds_partitioned_parquet_snap.catalog_sales.cs_sold_date_sk = tpcds_partitioned_parquet_snap.date_dim_1.d_date_sk
|  |  |  fk/pk conjuncts: tpcds_partitioned_parquet_snap.catalog_sales.cs_sold_date_sk = tpcds_partitioned_parquet_snap.date_dim_1.d_date_sk
|  |  |  mem-estimate=0B mem-reservation=0B spill-buffer=64.00KB thread-reservation=0
|  |  |  tuple-ids=14,16 row-size=20B cardinality=27.84M cost=12186017
|  |  |  in pipelines: 13(GETNEXT), 14(OPEN)
|  |  |
|  |  |--F17:PLAN FRAGMENT [RANDOM] hosts=10 instances=10
|  |  |  |  Per-Instance Resources: mem-estimate=4.89MB mem-reservation=4.88MB thread-reservation=1 runtime-filters-memory=1.00MB
|  |  |  |  max-parallelism=10 segment-costs=[268]
|  |  |  JOIN BUILD
|  |  |  |  join-table-id=02 plan-id=03 cohort-id=02
|  |  |  |  build expressions: tpcds_partitioned_parquet_snap.date_dim_1.d_date_sk
|  |  |  |  runtime filters: RF012[bloom] <- tpcds_partitioned_parquet_snap.date_dim_1.d_date_sk
|  |  |  |  mem-estimate=3.88MB mem-reservation=3.88MB spill-buffer=64.00KB thread-reservation=0 cost=118
|  |  |  |
|  |  |  27:EXCHANGE [BROADCAST]
|  |  |  |  mem-estimate=16.00KB mem-reservation=0B thread-reservation=0
|  |  |  |  tuple-ids=16 row-size=12B cardinality=118 cost=150
|  |  |  |  in pipelines: 14(GETNEXT)
|  |  |  |
|  |  |  F11:PLAN FRAGMENT [RANDOM] hosts=1 instances=1
|  |  |  Per-Instance Resources: mem-estimate=16.06MB mem-reservation=512.00KB thread-reservation=1
|  |  |  max-parallelism=1 segment-costs=[16734]
|  |  |  14:SCAN HDFS [tpcds_partitioned_parquet_snap.date_dim, RANDOM]
|  |  |     HDFS partitions=1/1 files=1 size=2.17MB
|  |  |     predicates: tpcds_partitioned_parquet_snap.date_dim_1.d_year = CAST(2002 AS INT), tpcds_partitioned_parquet_snap.date_dim_1.d_qoy < CAST(4 AS INT)
|  |  |     stored statistics:
|  |  |       table: rows=73.05K size=2.17MB
|  |  |       columns: all
|  |  |     extrapolated-rows=disabled max-scan-range-rows=73.05K
|  |  |     parquet statistics predicates: tpcds_partitioned_parquet_snap.date_dim_1.d_year = CAST(2002 AS INT), tpcds_partitioned_parquet_snap.date_dim_1.d_qoy < CAST(4 AS INT)
|  |  |     parquet dictionary predicates: tpcds_partitioned_parquet_snap.date_dim_1.d_year = CAST(2002 AS INT), tpcds_partitioned_parquet_snap.date_dim_1.d_qoy < CAST(4 AS INT)
|  |  |     mem-estimate=16.00MB mem-reservation=512.00KB thread-reservation=0
|  |  |     tuple-ids=16 row-size=12B cardinality=118 cost=16728
|  |  |     in pipelines: 14(GETNEXT)
|  |  |
|  |  13:SCAN HDFS [tpcds_partitioned_parquet_snap.catalog_sales, RANDOM]
|  |     HDFS partitions=1831/1831 files=1831 size=280.96GB
|  |     predicates: is_not_null_pred(tpcds_partitioned_parquet_snap.catalog_sales.cs_ship_customer_sk)
|  |     runtime filters: RF012[bloom] -> tpcds_partitioned_parquet_snap.catalog_sales.cs_sold_date_sk
|  |     stored statistics:
|  |       table: rows=4.32G size=280.96GB
|  |       partitions: 1831/1831 rows=4.32G
|  |       columns: all
|  |     extrapolated-rows=disabled max-scan-range-rows=21.52M est-scan-range=118(filtered from 1831)
|  |     parquet dictionary predicates: is_not_null_pred(tpcds_partitioned_parquet_snap.catalog_sales.cs_ship_customer_sk)
|  |     mem-estimate=16.00MB mem-reservation=1.00MB thread-reservation=0
|  |     tuple-ids=14 row-size=8B cardinality=27.84M(filtered from 432.01M) cost=39896191
|  |     in pipelines: 13(GETNEXT)
|  |
|  12:HASH JOIN [INNER JOIN, BROADCAST]
|  |  hash-table-id=01
|  |  hash predicates: tpcds_partitioned_parquet_snap.web_sales.ws_sold_date_sk = tpcds_partitioned_parquet_snap.date_dim_0.d_date_sk
|  |  fk/pk conjuncts: tpcds_partitioned_parquet_snap.web_sales.ws_sold_date_sk = tpcds_partitioned_parquet_snap.date_dim_0.d_date_sk
|  |  mem-estimate=0B mem-reservation=0B spill-buffer=64.00KB thread-reservation=0
|  |  tuple-ids=10,12 row-size=20B cardinality=13.97M cost=6116190
|  |  in pipelines: 10(GETNEXT), 11(OPEN)
|  |
|  |--F16:PLAN FRAGMENT [RANDOM] hosts=10 instances=10
|  |  |  Per-Instance Resources: mem-estimate=4.89MB mem-reservation=4.88MB thread-reservation=1 runtime-filters-memory=1.00MB
|  |  |  max-parallelism=10 segment-costs=[268]
|  |  JOIN BUILD
|  |  |  join-table-id=01 plan-id=02 cohort-id=02
|  |  |  build expressions: tpcds_partitioned_parquet_snap.date_dim_0.d_date_sk
|  |  |  runtime filters: RF010[bloom] <- tpcds_partitioned_parquet_snap.date_dim_0.d_date_sk
|  |  |  mem-estimate=3.88MB mem-reservation=3.88MB spill-buffer=64.00KB thread-reservation=0 cost=118
|  |  |
|  |  26:EXCHANGE [BROADCAST]
|  |  |  mem-estimate=16.00KB mem-reservation=0B thread-reservation=0
|  |  |  tuple-ids=12 row-size=12B cardinality=118 cost=150
|  |  |  in pipelines: 11(GETNEXT)
|  |  |
|  |  F09:PLAN FRAGMENT [RANDOM] hosts=1 instances=1
|  |  Per-Instance Resources: mem-estimate=16.06MB mem-reservation=512.00KB thread-reservation=1
|  |  max-parallelism=1 segment-costs=[16734]
|  |  11:SCAN HDFS [tpcds_partitioned_parquet_snap.date_dim, RANDOM]
|  |     HDFS partitions=1/1 files=1 size=2.17MB
|  |     predicates: tpcds_partitioned_parquet_snap.date_dim_0.d_year = CAST(2002 AS INT), tpcds_partitioned_parquet_snap.date_dim_0.d_qoy < CAST(4 AS INT)
|  |     stored statistics:
|  |       table: rows=73.05K size=2.17MB
|  |       columns: all
|  |     extrapolated-rows=disabled max-scan-range-rows=73.05K
|  |     parquet statistics predicates: tpcds_partitioned_parquet_snap.date_dim_0.d_year = CAST(2002 AS INT), tpcds_partitioned_parquet_snap.date_dim_0.d_qoy < CAST(4 AS INT)
|  |     parquet dictionary predicates: tpcds_partitioned_parquet_snap.date_dim_0.d_year = CAST(2002 AS INT), tpcds_partitioned_parquet_snap.date_dim_0.d_qoy < CAST(4 AS INT)
|  |     mem-estimate=16.00MB mem-reservation=512.00KB thread-reservation=0
|  |     tuple-ids=12 row-size=12B cardinality=118 cost=16728
|  |     in pipelines: 11(GETNEXT)
|  |
|  10:SCAN HDFS [tpcds_partitioned_parquet_snap.web_sales, RANDOM]
|     HDFS partitions=1824/1824 files=1824 size=145.75GB
|     predicates: is_not_null_pred(tpcds_partitioned_parquet_snap.web_sales.ws_bill_customer_sk)
|     runtime filters: RF010[bloom] -> tpcds_partitioned_parquet_snap.web_sales.ws_sold_date_sk
|     stored statistics:
|       table: rows=2.16G size=145.75GB
|       partitions: 1824/1824 rows=2.16G
|       columns: all
|     extrapolated-rows=disabled max-scan-range-rows=3.37M est-scan-range=119(filtered from 1824)
|     parquet dictionary predicates: is_not_null_pred(tpcds_partitioned_parquet_snap.web_sales.ws_bill_customer_sk)
|     mem-estimate=16.00MB mem-reservation=128.00KB thread-reservation=0
|     tuple-ids=10 row-size=8B cardinality=13.97M(filtered from 216.00M) cost=20023992
|     in pipelines: 10(GETNEXT)
|
08:HASH JOIN [RIGHT SEMI JOIN, PARTITIONED]
|  hash-table-id=03
|  hash predicates: tpcds_partitioned_parquet_snap.store_sales.ss_customer_sk = tpcds_partitioned_parquet_snap.customer.c_customer_sk
|  mem-estimate=0B mem-reservation=0B spill-buffer=2.00MB thread-reservation=0
|  tuple-ids=2,0,4 row-size=72B cardinality=2.96M cost=14873836
|  in pipelines: 05(GETNEXT), 01(OPEN)
|
|--F18:PLAN FRAGMENT [HASH(tpcds_partitioned_parquet_snap.customer.c_customer_sk)] hosts=10 instances=10 (adjusted from 120)
|  |  Per-Instance Resources: mem-estimate=48.82MB mem-reservation=38.00MB thread-reservation=1 runtime-filters-memory=4.00MB
|  |  max-parallelism=10 segment-costs=[4492017] cpu-comparison-result=40 [max(40 (self) vs 40 (sum children))]
|  JOIN BUILD
|  |  join-table-id=03 plan-id=04 cohort-id=01
|  |  build expressions: tpcds_partitioned_parquet_snap.customer.c_customer_sk
|  |  runtime filters: RF002[bloom] <- tpcds_partitioned_parquet_snap.customer.c_customer_sk, RF003[min_max] <- tpcds_partitioned_parquet_snap.customer.c_customer_sk
|  |  mem-estimate=34.00MB mem-reservation=34.00MB spill-buffer=2.00MB thread-reservation=0 cost=2963268
|  |
|  25:EXCHANGE [HASH(tpcds_partitioned_parquet_snap.customer.c_customer_sk)]
|  |  mem-estimate=10.82MB mem-reservation=0B thread-reservation=0
|  |  tuple-ids=2,0,4 row-size=72B cardinality=2.96M cost=1528749
|  |  in pipelines: 01(GETNEXT)
|  |
|  F06:PLAN FRAGMENT [HASH(tpcds_partitioned_parquet_snap.customer.c_current_cdemo_sk)] hosts=10 instances=10
|  Per-Instance Resources: mem-estimate=12.24MB mem-reservation=0B thread-reservation=1
|  max-parallelism=10 segment-costs=[20484252]
|  04:HASH JOIN [INNER JOIN, PARTITIONED]
|  |  hash-table-id=04
|  |  hash predicates: tpcds_partitioned_parquet_snap.customer.c_current_cdemo_sk = tpcds_partitioned_parquet_snap.customer_demographics.cd_demo_sk
|  |  fk/pk conjuncts: tpcds_partitioned_parquet_snap.customer.c_current_cdemo_sk = tpcds_partitioned_parquet_snap.customer_demographics.cd_demo_sk
|  |  mem-estimate=0B mem-reservation=0B spill-buffer=1.00MB thread-reservation=0
|  |  tuple-ids=2,0,4 row-size=72B cardinality=2.96M cost=1306444
|  |  in pipelines: 01(GETNEXT), 03(OPEN)
|  |
|  |--F19:PLAN FRAGMENT [HASH(tpcds_partitioned_parquet_snap.customer.c_current_cdemo_sk)] hosts=10 instances=10
|  |  |  Per-Instance Resources: mem-estimate=27.14MB mem-reservation=19.00MB thread-reservation=1 runtime-filters-memory=2.00MB
|  |  |  max-parallelism=10 segment-costs=[2505299]
|  |  JOIN BUILD
|  |  |  join-table-id=04 plan-id=05 cohort-id=03
|  |  |  build expressions: tpcds_partitioned_parquet_snap.customer_demographics.cd_demo_sk
|  |  |  runtime filters: RF006[bloom] <- tpcds_partitioned_parquet_snap.customer_demographics.cd_demo_sk, RF007[min_max] <- tpcds_partitioned_parquet_snap.customer_demographics.cd_demo_sk
|  |  |  mem-estimate=17.00MB mem-reservation=17.00MB spill-buffer=1.00MB thread-reservation=0 cost=1920800
|  |  |
|  |  23:EXCHANGE [HASH(tpcds_partitioned_parquet_snap.customer_demographics.cd_demo_sk)]
|  |  |  mem-estimate=8.14MB mem-reservation=0B thread-reservation=0
|  |  |  tuple-ids=4 row-size=42B cardinality=1.92M cost=584499
|  |  |  in pipelines: 03(GETNEXT)
|  |  |
|  |  F05:PLAN FRAGMENT [RANDOM] hosts=10 instances=10
|  |  Per-Instance Resources: mem-estimate=17.80MB mem-reservation=1.00MB thread-reservation=1
|  |  max-parallelism=10 segment-costs=[6682847]
|  |  03:SCAN HDFS [tpcds_partitioned_parquet_snap.customer_demographics, RANDOM]
|  |     HDFS partitions=1/1 files=1 size=11.15MB
|  |     stored statistics:
|  |       table: rows=1.92M size=11.15MB
|  |       columns: all
|  |     extrapolated-rows=disabled max-scan-range-rows=197.97K
|  |     mem-estimate=16.00MB mem-reservation=1.00MB thread-reservation=0
|  |     tuple-ids=4 row-size=42B cardinality=1.92M cost=497871
|  |     in pipelines: 03(GETNEXT)
|  |
|  22:EXCHANGE [HASH(tpcds_partitioned_parquet_snap.customer.c_current_cdemo_sk)]
|  |  mem-estimate=8.95MB mem-reservation=0B thread-reservation=0
|  |  tuple-ids=2,0 row-size=30B cardinality=3.00M cost=857700
|  |  in pipelines: 01(GETNEXT)
|  |
|  F04:PLAN FRAGMENT [HASH(tpcds_partitioned_parquet_snap.customer_address.ca_address_sk)] hosts=10 instances=10
|  Per-Instance Resources: mem-estimate=11.70MB mem-reservation=0B thread-reservation=1
|  max-parallelism=10 segment-costs=[10782000]
|  02:HASH JOIN [INNER JOIN, PARTITIONED]
|  |  hash-table-id=05
|  |  hash predicates: tpcds_partitioned_parquet_snap.customer_address.ca_address_sk = tpcds_partitioned_parquet_snap.customer.c_current_addr_sk
|  |  fk/pk conjuncts: tpcds_partitioned_parquet_snap.customer_address.ca_address_sk = tpcds_partitioned_parquet_snap.customer.c_current_addr_sk
|  |  mem-estimate=0B mem-reservation=0B spill-buffer=1.00MB thread-reservation=0
|  |  tuple-ids=2,0 row-size=30B cardinality=3.00M cost=1313100
|  |  in pipelines: 01(GETNEXT), 00(OPEN)
|  |
|  |--F20:PLAN FRAGMENT [HASH(tpcds_partitioned_parquet_snap.customer_address.ca_address_sk)] hosts=10 instances=10
|  |  |  Per-Instance Resources: mem-estimate=24.59MB mem-reservation=21.00MB thread-reservation=1 runtime-filters-memory=4.00MB
|  |  |  max-parallelism=10 segment-costs=[3498900]
|  |  JOIN BUILD
|  |  |  join-table-id=05 plan-id=06 cohort-id=03
|  |  |  build expressions: tpcds_partitioned_parquet_snap.customer.c_current_addr_sk
|  |  |  runtime filters: RF008[bloom] <- tpcds_partitioned_parquet_snap.customer.c_current_addr_sk, RF009[min_max] <- tpcds_partitioned_parquet_snap.customer.c_current_addr_sk
|  |  |  mem-estimate=17.00MB mem-reservation=17.00MB spill-buffer=1.00MB thread-reservation=0 cost=3000000
|  |  |
|  |  21:EXCHANGE [HASH(tpcds_partitioned_parquet_snap.customer.c_current_addr_sk)]
|  |  |  mem-estimate=3.59MB mem-reservation=0B thread-reservation=0
|  |  |  tuple-ids=0 row-size=12B cardinality=3.00M cost=498900
|  |  |  in pipelines: 00(GETNEXT)
|  |  |
|  |  F03:PLAN FRAGMENT [RANDOM] hosts=10 instances=10
|  |  Per-Host Shared Resources: mem-estimate=18.00MB mem-reservation=18.00MB thread-reservation=0 runtime-filters-memory=18.00MB
|  |  Per-Instance Resources: mem-estimate=16.62MB mem-reservation=1.00MB thread-reservation=1
|  |  max-parallelism=10 segment-costs=[9891000]
|  |  00:SCAN HDFS [tpcds_partitioned_parquet_snap.customer, RANDOM]
|  |     HDFS partitions=1/1 files=1 size=1.55GB
|  |     predicates: is_not_null_pred(tpcds_partitioned_parquet_snap.customer.c_customer_sk)
|  |     runtime filters: RF007[min_max] -> tpcds_partitioned_parquet_snap.customer.c_current_cdemo_sk, RF001[min_max] -> tpcds_partitioned_parquet_snap.customer.c_customer_sk, RF006[bloom] -> tpcds_partitioned_parquet_snap.customer.c_current_cdemo_sk, RF000[bloom] -> tpcds_partitioned_parquet_snap.customer.c_customer_sk
|  |     stored statistics:
|  |       table: rows=30.00M size=1.55GB
|  |       columns: all
|  |     extrapolated-rows=disabled max-scan-range-rows=3.10M
|  |     parquet dictionary predicates: is_not_null_pred(tpcds_partitioned_parquet_snap.customer.c_customer_sk)
|  |     mem-estimate=16.00MB mem-reservation=1.00MB thread-reservation=0
|  |     tuple-ids=0 row-size=12B cardinality=3.00M cost=6027000
|  |     in pipelines: 00(GETNEXT)
|  |
|  20:EXCHANGE [HASH(tpcds_partitioned_parquet_snap.customer_address.ca_address_sk)]
|  |  mem-estimate=10.21MB mem-reservation=0B thread-reservation=0
|  |  tuple-ids=2 row-size=18B cardinality=3.00M(filtered from 15.00M) cost=581700
|  |  in pipelines: 01(GETNEXT)
|  |
|  F02:PLAN FRAGMENT [RANDOM] hosts=10 instances=10
|  Per-Host Shared Resources: mem-estimate=4.00MB mem-reservation=4.00MB thread-reservation=0 runtime-filters-memory=4.00MB
|  Per-Instance Resources: mem-estimate=16.86MB mem-reservation=128.00KB thread-reservation=1
|  max-parallelism=10 segment-costs=[6319200]
|  01:SCAN HDFS [tpcds_partitioned_parquet_snap.customer_address, RANDOM]
|     HDFS partitions=1/1 files=1 size=307.36MB
|     runtime filters: RF009[min_max] -> tpcds_partitioned_parquet_snap.customer_address.ca_address_sk, RF008[bloom] -> tpcds_partitioned_parquet_snap.customer_address.ca_address_sk
|     stored statistics:
|       table: rows=15.00M size=307.36MB
|       columns: all
|     extrapolated-rows=disabled max-scan-range-rows=1.58M
|     mem-estimate=16.00MB mem-reservation=128.00KB thread-reservation=0
|     tuple-ids=2 row-size=18B cardinality=3.00M(filtered from 15.00M) cost=1296000
|     in pipelines: 01(GETNEXT)
|
24:EXCHANGE [HASH(tpcds_partitioned_parquet_snap.store_sales.ss_customer_sk)]
|  mem-estimate=10.82MB mem-reservation=0B thread-reservation=0
|  tuple-ids=6,8 row-size=20B cardinality=55.89M cost=13409046
|  in pipelines: 05(GETNEXT)
|
F00:PLAN FRAGMENT [RANDOM] hosts=10 instances=30 (adjusted from 120)
Per-Host Shared Resources: mem-estimate=21.00MB mem-reservation=21.00MB thread-reservation=0 runtime-filters-memory=21.00MB
Per-Instance Resources: mem-estimate=17.09MB mem-reservation=4.00MB thread-reservation=1
max-parallelism=30 segment-costs=[234146885]
07:HASH JOIN [INNER JOIN, BROADCAST]
|  hash-table-id=06
|  hash predicates: tpcds_partitioned_parquet_snap.store_sales.ss_sold_date_sk = tpcds_partitioned_parquet_snap.date_dim.d_date_sk
|  fk/pk conjuncts: tpcds_partitioned_parquet_snap.store_sales.ss_sold_date_sk = tpcds_partitioned_parquet_snap.date_dim.d_date_sk
|  mem-estimate=0B mem-reservation=0B spill-buffer=64.00KB thread-reservation=0
|  tuple-ids=6,8 row-size=20B cardinality=55.89M cost=24464942
|  in pipelines: 05(GETNEXT), 06(OPEN)
|
|--F21:PLAN FRAGMENT [RANDOM] hosts=10 instances=10
|  |  Per-Instance Resources: mem-estimate=6.83MB mem-reservation=6.81MB thread-reservation=1 runtime-filters-memory=1.00MB
|  |  max-parallelism=10 segment-costs=[268]
|  JOIN BUILD
|  |  join-table-id=06 plan-id=07 cohort-id=01
|  |  build expressions: tpcds_partitioned_parquet_snap.date_dim.d_date_sk
|  |  runtime filters: RF004[bloom] <- tpcds_partitioned_parquet_snap.date_dim.d_date_sk
|  |  mem-estimate=5.81MB mem-reservation=5.81MB spill-buffer=64.00KB thread-reservation=0 cost=118
|  |
|  19:EXCHANGE [BROADCAST]
|  |  mem-estimate=16.00KB mem-reservation=0B thread-reservation=0
|  |  tuple-ids=8 row-size=12B cardinality=118 cost=150
|  |  in pipelines: 06(GETNEXT)
|  |
|  F01:PLAN FRAGMENT [RANDOM] hosts=1 instances=1
|  Per-Instance Resources: mem-estimate=16.06MB mem-reservation=512.00KB thread-reservation=1
|  max-parallelism=1 segment-costs=[16734]
|  06:SCAN HDFS [tpcds_partitioned_parquet_snap.date_dim, RANDOM]
|     HDFS partitions=1/1 files=1 size=2.17MB
|     predicates: tpcds_partitioned_parquet_snap.date_dim.d_year = CAST(2002 AS INT), tpcds_partitioned_parquet_snap.date_dim.d_qoy < CAST(4 AS INT)
|     stored statistics:
|       table: rows=73.05K size=2.17MB
|       columns: all
|     extrapolated-rows=disabled max-scan-range-rows=73.05K
|     parquet statistics predicates: tpcds_partitioned_parquet_snap.date_dim.d_year = CAST(2002 AS INT), tpcds_partitioned_parquet_snap.date_dim.d_qoy < CAST(4 AS INT)
|     parquet dictionary predicates: tpcds_partitioned_parquet_snap.date_dim.d_year = CAST(2002 AS INT), tpcds_partitioned_parquet_snap.date_dim.d_qoy < CAST(4 AS INT)
|     mem-estimate=16.00MB mem-reservation=512.00KB thread-reservation=0
|     tuple-ids=8 row-size=12B cardinality=118 cost=16728
|     in pipelines: 06(GETNEXT)
|
05:SCAN HDFS [tpcds_partitioned_parquet_snap.store_sales, RANDOM]
   HDFS partitions=1824/1824 files=1824 size=389.90GB
   predicates: is_not_null_pred(tpcds_partitioned_parquet_snap.store_sales.ss_customer_sk)
   runtime filters: RF003[min_max] -> tpcds_partitioned_parquet_snap.store_sales.ss_customer_sk, RF001[min_max] -> tpcds_partitioned_parquet_snap.store_sales.ss_customer_sk, RF002[bloom] -> tpcds_partitioned_parquet_snap.store_sales.ss_customer_sk, RF004[bloom] -> tpcds_partitioned_parquet_snap.store_sales.ss_sold_date_sk, RF000[bloom] -> tpcds_partitioned_parquet_snap.store_sales.ss_customer_sk
   stored statistics:
     table: rows=8.64G size=389.90GB
     partitions: 1824/1824 rows=8.64G
     columns: all
   extrapolated-rows=disabled max-scan-range-rows=390.22M est-scan-range=119(filtered from 1824)
   parquet dictionary predicates: is_not_null_pred(tpcds_partitioned_parquet_snap.store_sales.ss_customer_sk)
   mem-estimate=16.00MB mem-reservation=4.00MB thread-reservation=0
   tuple-ids=6 row-size=8B cardinality=55.89M(filtered from 863.99M) cost=80096557
   in pipelines: 05(GETNEXT)
====
